
Date / Time: Fri Mar 31 04:33:53 2017

   ****************************************
   * PSO Neural Net (Gaussian Activation) *
   *       by William Boler, BSCE         *
   *     Research Assistant, IUPUI        *
   *                                      *
   *  Professor: Dr. Lauren Christopher   *
   *     Created: March 13, 2017          *
   ****************************************


Inputs: 6
Inner Nets: 1
 - 5
Tests per train(min): 100
Particles: 50
Neighbors: 10
Minimum Particle Iterations: 1000
Particle (0):: Fit: 0.00119285	PB: 0.00119285	LB: 0.00119285	GB: 0.00119285	Cor: 0.51	Pts: 110099
Particle (1):: Fit: 9.28361e-005	PB: 9.28361e-005	LB: 0.00119285	GB: 0.00119285	Cor: 0.51	Pts: 55099
Particle (2):: Fit: 0.000111285	PB: 0.000111285	LB: 0.00119285	GB: 0.00119285	Cor: 0.51	Pts: 60099
Particle (3):: Fit: 7.22573e-005	PB: 7.22573e-005	LB: 0.00119285	GB: 0.00119285	Cor: 0.51	Pts: 55099
Particle (4):: Fit: 0.000109238	PB: 0.000109238	LB: 0.00119285	GB: 0.00119285	Cor: 0.51	Pts: 60099
Particle (5):: Fit: 0.000113334	PB: 0.000113334	LB: 0.000113334	GB: 0.00119285	Cor: 0.51	Pts: 75099
Particle (6):: Fit: 0.000111289	PB: 0.000111289	LB: 0.000113334	GB: 0.00119285	Cor: 0.51	Pts: 55099
Particle (7):: Fit: 8.05363e-005	PB: 8.05363e-005	LB: 0.000113334	GB: 0.00119285	Cor: 0.51	Pts: 55099
Particle (8):: Fit: 0.000111285	PB: 0.000111285	LB: 0.000113334	GB: 0.00119285	Cor: 0.51	Pts: 60099
Particle (9):: Fit: 9.6978e-005	PB: 9.6978e-005	LB: 0.000113334	GB: 0.00119285	Cor: 0.51	Pts: 55099
Particle (10):: Fit: 7.63501e-005	PB: 7.63501e-005	LB: 0.000111289	GB: 0.00119285	Cor: 0.51	Pts: 55099
Particle (11):: Fit: 9.28364e-005	PB: 9.28364e-005	LB: 0.000111285	GB: 0.00119285	Cor: 0.51	Pts: 60099
Particle (12):: Fit: 7.2336e-005	PB: 7.2336e-005	LB: 0.000111285	GB: 0.00119285	Cor: 0.51	Pts: 55099
Particle (13):: Fit: 6.41468e-005	PB: 6.41468e-005	LB: 9.6978e-005	GB: 0.00119285	Cor: 0.51	Pts: 55099
Particle (14):: Fit: 0.000101036	PB: 0.000101036	LB: 0.000101036	GB: 0.00119285	Cor: 0.51	Pts: 80099
Particle (15):: Fit: 0.000103087	PB: 0.000103087	LB: 0.000103087	GB: 0.00119285	Cor: 0.51	Pts: 85099
Particle (16):: Fit: 9.07878e-005	PB: 9.07878e-005	LB: 0.000103087	GB: 0.00119285	Cor: 0.51	Pts: 55099
Particle (17):: Fit: 0.000107185	PB: 0.000107185	LB: 0.000107185	GB: 0.00119285	Cor: 0.51	Pts: 95099
Particle (18):: Fit: 0.00011744	PB: 0.00011744	LB: 0.00011744	GB: 0.00119285	Cor: 0.51	Pts: 100099
Particle (19):: Fit: 0.000101036	PB: 0.000101036	LB: 0.00011744	GB: 0.00119285	Cor: 0.51	Pts: 55099
Particle (20):: Fit: 8.87365e-005	PB: 8.87365e-005	LB: 0.00011744	GB: 0.00119285	Cor: 0.51	Pts: 55099
Particle (21):: Fit: 0.000113334	PB: 0.000113334	LB: 0.00011744	GB: 0.00119285	Cor: 0.51	Pts: 65099
Particle (22):: Fit: 0.000113337	PB: 0.000113337	LB: 0.00011744	GB: 0.00119285	Cor: 0.51	Pts: 70099
Particle (23):: Fit: 9.48931e-005	PB: 9.48931e-005	LB: 0.000113337	GB: 0.00119285	Cor: 0.51	Pts: 55099
Particle (24):: Fit: 0.00105196	PB: 0.00105196	LB: 0.00105196	GB: 0.00119285	Cor: 0.51	Pts: 100099
Particle (25):: Fit: 0.000117433	PB: 0.000117433	LB: 0.00105196	GB: 0.00119285	Cor: 0.51	Pts: 55099
Particle (26):: Fit: 0.000103086	PB: 0.000103086	LB: 0.00105196	GB: 0.00119285	Cor: 0.51	Pts: 55099
Particle (27):: Fit: 7.01245e-006	PB: 7.01245e-006	LB: 0.00105196	GB: 0.00119285	Cor: 0.51	Pts: 55099
Particle (28):: Fit: 0.000947894	PB: 0.000947894	LB: 0.00105196	GB: 0.00119285	Cor: 0.51	Pts: 70099
Particle (29):: Fit: 0.000101036	PB: 0.000101036	LB: 0.000947894	GB: 0.00119285	Cor: 0.51	Pts: 55099
Particle (30):: Fit: 0.000105136	PB: 0.000105136	LB: 0.000947894	GB: 0.00119285	Cor: 0.51	Pts: 60099
Particle (31):: Fit: 0.000103086	PB: 0.000103086	LB: 0.000947894	GB: 0.00119285	Cor: 0.51	Pts: 55099
Particle (32):: Fit: 8.87365e-005	PB: 8.87365e-005	LB: 0.000947894	GB: 0.00119285	Cor: 0.51	Pts: 55099
Particle (33):: Fit: 8.87484e-005	PB: 8.87484e-005	LB: 0.000105136	GB: 0.00119285	Cor: 0.51	Pts: 60099
Particle (34):: Fit: 9.48861e-005	PB: 9.48861e-005	LB: 0.000105136	GB: 0.00119285	Cor: 0.51	Pts: 65099
Particle (35):: Fit: 9.41496e-006	PB: 9.41496e-006	LB: 0.000103086	GB: 0.00119285	Cor: 0.51	Pts: 55099
Particle (36):: Fit: 0.000109235	PB: 0.000109235	LB: 0.000109235	GB: 0.00119285	Cor: 0.51	Pts: 90099
Particle (37):: Fit: 0.00115436	PB: 0.00115436	LB: 0.00115436	GB: 0.00119285	Cor: 0.51	Pts: 100099
Particle (38):: Fit: 0.000103086	PB: 0.000103086	LB: 0.00115436	GB: 0.00119285	Cor: 0.51	Pts: 55099
Particle (39):: Fit: 0.000109235	PB: 0.000109235	LB: 0.00115436	GB: 0.00119285	Cor: 0.51	Pts: 60099
Particle (40):: Fit: 0.140212	PB: 0.140212	LB: 0.140212	GB: 0.140212	Cor: 0.68	Pts: 110099
Particle (41):: Fit: 9.8988e-005	PB: 9.8988e-005	LB: 0.140212	GB: 0.140212	Cor: 0.68	Pts: 50099
Particle (42):: Fit: 0.000107201	PB: 0.000107201	LB: 0.140212	GB: 0.140212	Cor: 0.68	Pts: 50099
Particle (43):: Fit: 1.00156e-005	PB: 1.00156e-005	LB: 0.140212	GB: 0.140212	Cor: 0.68	Pts: 50099
Particle (44):: Fit: 0.00010719	PB: 0.00010719	LB: 0.140212	GB: 0.140212	Cor: 0.68	Pts: 50099
Particle (45):: Fit: 8.05363e-005	PB: 8.05363e-005	LB: 0.00119285	GB: 0.140212	Cor: 0.68	Pts: 50099
Particle (46):: Fit: 0.000107186	PB: 0.000107186	LB: 0.00119285	GB: 0.140212	Cor: 0.68	Pts: 50099
Particle (47):: Fit: 0.000111285	PB: 0.000111285	LB: 0.00119285	GB: 0.140212	Cor: 0.68	Pts: 50099
Particle (48):: Fit: 7.03059e-005	PB: 7.03059e-005	LB: 0.00119285	GB: 0.140212	Cor: 0.68	Pts: 50099
Particle (49):: Fit: 0.000125632	PB: 0.000125632	LB: 0.00119285	GB: 0.140212	Cor: 0.68	Pts: 50099
Global: 0.140212 - Correct: 68% of 100 tests
Global Best: 
  Inner Net 1
  -- 1 : 1 = 0.633
  -- 1 : 2 = 0.55
  -- 1 : 3 = 0.5525
  -- 1 : 4 = 0.0096
  -- 1 : 5 = 0.1547
  -- 2 : 1 = 0.0772
  -- 2 : 2 = 0.5367
  -- 2 : 3 = 0.6599
  -- 2 : 4 = 0.1089
  -- 2 : 5 = 0.0197
  -- 3 : 1 = 0.1187
  -- 3 : 2 = 0.4109
  -- 3 : 3 = 0.3249
  -- 3 : 4 = 0.129
  -- 3 : 5 = 0.1487
  -- 4 : 1 = 0.0061
  -- 4 : 2 = 0.1133
  -- 4 : 3 = 0.0433
  -- 4 : 4 = 0.5626
  -- 4 : 5 = 0.7105
  -- 5 : 1 = 0.3782
  -- 5 : 2 = 0.0999
  -- 5 : 3 = 0.1768
  -- 5 : 4 = 0.2264
  -- 5 : 5 = 0.1327
  -- 6 : 1 = 0.2433
  -- 6 : 2 = 0.6748
  -- 6 : 3 = 0.4217
  -- 6 : 4 = 0.1028
  -- 6 : 5 = 0.4092
  Inner Net 2
  -- 1 : 1 = -0.1053
  -- 1 : 2 = 0.0463
  -- 2 : 1 = 0.1619
  -- 2 : 2 = -0.0481
  -- 3 : 1 = -0.073
  -- 3 : 2 = -0.3219
  -- 4 : 1 = 0.2817
  -- 4 : 2 = -0.0137
  -- 5 : 1 = -0.1424
  -- 5 : 2 = -0.195676
Out\Act	False		True
False	0.76773	0.0742504	0.84198
True	0.109948	0.0480723	0.15802
	0.877677	0.122323
	Accuracy [ (tp + tn) / testSize ]: 0.815802
	Precision [ tp / (tp + fp) ]:      0.391473
	Sensitivity [ tp / (tp + fn) ]:    0.303303
	Specificity [ tn / (tn + fp) ]:    0.911299
	F-Score [ 2tp / (2tp + fp + fn) ]: 0.342373
Particle (1):: Fit: 0.000101039	PB: 0.000101039	LB: 0.00119285	GB: 0.140212	Cor: 0	Pts: 55198
Particle (3):: Fit: 0.000945393	PB: 0.000945393	LB: 0.00119285	GB: 0.140212	Cor: 0	Pts: 70198
Particle (4):: Fit: 0.000117434	PB: 0.000117434	LB: 0.00119285	GB: 0.140212	Cor: 0	Pts: 65198
Particle (7):: Fit: 8.87365e-005	PB: 8.87365e-005	LB: 0.000945393	GB: 0.140212	Cor: 0	Pts: 55198
Particle (9):: Fit: 0.000121553	PB: 0.000121553	LB: 0.000121553	GB: 0.140212	Cor: 0	Pts: 85198
Particle (11):: Fit: 0.000113334	PB: 0.000113334	LB: 0.000121553	GB: 0.140212	Cor: 0	Pts: 60198
Particle (12):: Fit: 0.000109284	PB: 0.000109284	LB: 0.000121553	GB: 0.140212	Cor: 0	Pts: 55198
Particle (13):: Fit: 0.000103086	PB: 0.000103086	LB: 0.000121553	GB: 0.140212	Cor: 0	Pts: 55198
Particle (18):: Fit: 0.00117498	PB: 0.00117498	LB: 0.00117498	GB: 0.140212	Cor: 0	Pts: 150198
Particle (19):: Fit: 0.000111285	PB: 0.000111285	LB: 0.00117498	GB: 0.140212	Cor: 0	Pts: 55198
Particle (20):: Fit: 9.69362e-005	PB: 9.69362e-005	LB: 0.00117498	GB: 0.140212	Cor: 0	Pts: 55198
Particle (22):: Fit: 0.00011334	PB: 0.00011334	LB: 0.00117498	GB: 0.140212	Cor: 0	Pts: 70198
Particle (23):: Fit: 0.000101043	PB: 0.000101043	LB: 0.00105196	GB: 0.140212	Cor: 0	Pts: 55198
Particle (27):: Fit: 0.000105143	PB: 0.000105143	LB: 0.00105196	GB: 0.140212	Cor: 0	Pts: 55197
Particle (30):: Fit: 0.0010306	PB: 0.0010306	LB: 0.0010306	GB: 0.140212	Cor: 0	Pts: 75198
Particle (31):: Fit: 0.000111285	PB: 0.000111285	LB: 0.0010306	GB: 0.140212	Cor: 0	Pts: 55198
Particle (33):: Fit: 9.69363e-005	PB: 9.69363e-005	LB: 0.00115436	GB: 0.140212	Cor: 0	Pts: 60198
Particle (35):: Fit: 8.46402e-005	PB: 8.46402e-005	LB: 0.140212	GB: 0.140212	Cor: 0	Pts: 55198
Particle (43):: Fit: 0.000121544	PB: 0.000121544	LB: 0.140212	GB: 0.140212	Cor: 0	Pts: 50198
Particle (45):: Fit: 0.000105136	PB: 0.000105136	LB: 0.00119285	GB: 0.140212	Cor: 0	Pts: 50198
Particle (46):: Fit: 0.00127615	PB: 0.00127615	LB: 0.00127615	GB: 0.140212	Cor: 0	Pts: 80198
Particle (47):: Fit: 0.000117434	PB: 0.000117434	LB: 0.00127615	GB: 0.140212	Cor: 0	Pts: 50198
Particle (48):: Fit: 0.000111358	PB: 0.000111358	LB: 0.00127615	GB: 0.140212	Cor: 0	Pts: 50198
Particle (0):: Fit: 0.00127527	PB: 0.00127527	LB: 0.00127615	GB: 0.140212	Cor: 0	Pts: 130197
Particle (1):: Fit: 0.000105175	PB: 0.000105175	LB: 0.00127527	GB: 0.140212	Cor: 0	Pts: 55297
Particle (6):: Fit: 0.00122931	PB: 0.00122931	LB: 0.00122931	GB: 0.140212	Cor: 0	Pts: 85197
Particle (7):: Fit: 9.89861e-005	PB: 9.89861e-005	LB: 0.00122931	GB: 0.140212	Cor: 0	Pts: 55297
Particle (15):: Fit: 0.000107194	PB: 0.000107194	LB: 0.00117498	GB: 0.140212	Cor: 0	Pts: 85197
Particle (16):: Fit: 0.000105139	PB: 0.000105139	LB: 0.00117498	GB: 0.140212	Cor: 0	Pts: 55197
Particle (17):: Fit: 0.000113334	PB: 0.000113334	LB: 0.00117498	GB: 0.140212	Cor: 0	Pts: 95197
Particle (20):: Fit: 0.000101036	PB: 0.000101036	LB: 0.00117498	GB: 0.140212	Cor: 0	Pts: 55297
Particle (22):: Fit: 0.00120616	PB: 0.00120616	LB: 0.00120616	GB: 0.140212	Cor: 0	Pts: 120297
Particle (26):: Fit: 0.000119483	PB: 0.000119483	LB: 0.00120616	GB: 0.140212	Cor: 0	Pts: 55197
Particle (27):: Fit: 0.000110165	PB: 0.000110165	LB: 0.00105196	GB: 0.140212	Cor: 0	Pts: 55296
Particle (30):: Fit: 0.0011338	PB: 0.0011338	LB: 0.0011338	GB: 0.140212	Cor: 0	Pts: 100297
Particle (31):: Fit: 0.000119483	PB: 0.000119483	LB: 0.0011338	GB: 0.140212	Cor: 0	Pts: 55297
Particle (32):: Fit: 9.89861e-005	PB: 9.89861e-005	LB: 0.00115436	GB: 0.140212	Cor: 0	Pts: 55197
Particle (33):: Fit: 0.000103086	PB: 0.000103086	LB: 0.00115436	GB: 0.140212	Cor: 0	Pts: 60297
Particle (34):: Fit: 0.000121553	PB: 0.000121553	LB: 0.00115436	GB: 0.140212	Cor: 0	Pts: 65197
Particle (35):: Fit: 0.000109241	PB: 0.000109241	LB: 0.140212	GB: 0.140212	Cor: 0	Pts: 55297
Particle (36):: Fit: 0.00115368	PB: 0.00115368	LB: 0.140212	GB: 0.140212	Cor: 0	Pts: 95197
Particle (41):: Fit: 0.000123587	PB: 0.000123587	LB: 0.140212	GB: 0.140212	Cor: 0	Pts: 50197
Particle (44):: Fit: 0.000113338	PB: 0.000113338	LB: 0.140212	GB: 0.140212	Cor: 0	Pts: 50197
Particle (7):: Fit: 0.000111285	PB: 0.000111285	LB: 0.00122931	GB: 0.140212	Cor: 0	Pts: 55396
Particle (12):: Fit: 0.000115385	PB: 0.000115385	LB: 0.000121553	GB: 0.140212	Cor: 0	Pts: 55296
Particle (13):: Fit: 0.00010309	PB: 0.00010309	LB: 0.00117498	GB: 0.140212	Cor: 0	Pts: 55296
Particle (19):: Fit: 0.000113334	PB: 0.000113334	LB: 0.00120616	GB: 0.140212	Cor: 0	Pts: 55296
Particle (20):: Fit: 0.000113334	PB: 0.000113334	LB: 0.00120616	GB: 0.140212	Cor: 0	Pts: 55396
Particle (23):: Fit: 0.000109243	PB: 0.000109243	LB: 0.00120616	GB: 0.140212	Cor: 0	Pts: 55296
Particle (28):: Fit: 0.00103097	PB: 0.00103097	LB: 0.0011338	GB: 0.140212	Cor: 0	Pts: 70196
Particle (29):: Fit: 0.000101037	PB: 0.000101037	LB: 0.0011338	GB: 0.140212	Cor: 0	Pts: 55196
Particle (45):: Fit: 0.000115384	PB: 0.000115384	LB: 0.00127615	GB: 0.140212	Cor: 0	Pts: 50296
Particle (1):: Fit: 0.000109324	PB: 0.000109324	LB: 0.00127527	GB: 0.140212	Cor: 0	Pts: 55395
Particle (2):: Fit: 0.000119483	PB: 0.000119483	LB: 0.00127527	GB: 0.140212	Cor: 0	Pts: 60195
Particle (4):: Fit: 0.00119554	PB: 0.00119554	LB: 0.00127527	GB: 0.140212	Cor: 0	Pts: 65295
Particle (10):: Fit: 9.89885e-005	PB: 9.89885e-005	LB: 0.00122931	GB: 0.140212	Cor: 0	Pts: 55193
Particle (12):: Fit: 0.00121597	PB: 0.00121597	LB: 0.00121597	GB: 0.140212	Cor: 0	Pts: 85395
Particle (15):: Fit: 0.000113343	PB: 0.000113343	LB: 0.00121597	GB: 0.140212	Cor: 0	Pts: 85295
Particle (26):: Fit: 0.00121598	PB: 0.00121598	LB: 0.00121598	GB: 0.140212	Cor: 0	Pts: 105295
Particle (27):: Fit: 0.000114171	PB: 0.000114171	LB: 0.00121598	GB: 0.140212	Cor: 0	Pts: 55394
Particle (28):: Fit: 0.00107209	PB: 0.00107209	LB: 0.00121598	GB: 0.140212	Cor: 0	Pts: 70295
Particle (29):: Fit: 0.000109235	PB: 0.000109235	LB: 0.00121598	GB: 0.140212	Cor: 0	Pts: 55295
Particle (30):: Fit: 0.00117396	PB: 0.00117396	LB: 0.00121598	GB: 0.140212	Cor: 0	Pts: 120395
Particle (33):: Fit: 0.000111302	PB: 0.000111302	LB: 0.00117396	GB: 0.140212	Cor: 0	Pts: 60395
Particle (38):: Fit: 0.000117434	PB: 0.000117434	LB: 0.140212	GB: 0.140212	Cor: 0	Pts: 55195
Particle (42):: Fit: 0.000115384	PB: 0.000115384	LB: 0.140212	GB: 0.140212	Cor: 0	Pts: 50195
Particle (8):: Fit: 0.000125632	PB: 0.000125632	LB: 0.00122931	GB: 0.140212	Cor: 0	Pts: 60194
Particle (14):: Fit: 0.000109235	PB: 0.000109235	LB: 0.00121597	GB: 0.140212	Cor: 0	Pts: 80194
Particle (20):: Fit: 0.000117434	PB: 0.000117434	LB: 0.00120616	GB: 0.140212	Cor: 0	Pts: 55494
Particle (22):: Fit: 0.00121039	PB: 0.00121039	LB: 0.00121598	GB: 0.140212	Cor: 0	Pts: 140394
Particle (32):: Fit: 0.000103086	PB: 0.000103086	LB: 0.00117396	GB: 0.140212	Cor: 0	Pts: 55294
Particle (39):: Fit: 0.000115384	PB: 0.000115384	LB: 0.140212	GB: 0.140212	Cor: 0	Pts: 60194
Particle (41):: Fit: 0.000123589	PB: 0.000123589	LB: 0.140212	GB: 0.140212	Cor: 0	Pts: 50294
Particle (44):: Fit: 0.000115391	PB: 0.000115391	LB: 0.140212	GB: 0.140212	Cor: 0	Pts: 50294
Particle (48):: Fit: 0.000115462	PB: 0.000115462	LB: 0.00127615	GB: 0.140212	Cor: 0	Pts: 50294
Particle (1):: Fit: 0.000119485	PB: 0.000119485	LB: 0.00127527	GB: 0.140212	Cor: 0	Pts: 55493
Particle (10):: Fit: 0.000103091	PB: 0.000103091	LB: 0.00122931	GB: 0.140212	Cor: 0	Pts: 55291
Particle (13):: Fit: 0.000111288	PB: 0.000111288	LB: 0.00121597	GB: 0.140212	Cor: 0	Pts: 55393
Particle (25):: Fit: 0.00111347	PB: 0.00111347	LB: 0.00121598	GB: 0.140212	Cor: 0	Pts: 55193
Particle (28):: Fit: 0.00115398	PB: 0.00115398	LB: 0.00121598	GB: 0.140212	Cor: 0	Pts: 70393
Particle (29):: Fit: 0.00107246	PB: 0.00107246	LB: 0.00121598	GB: 0.140212	Cor: 0	Pts: 55393
Particle (33):: Fit: 0.0010928	PB: 0.0010928	LB: 0.00117396	GB: 0.140212	Cor: 0	Pts: 60493
Particle (42):: Fit: 0.000123603	PB: 0.000123603	LB: 0.140212	GB: 0.140212	Cor: 0	Pts: 50293
Particle (0):: Fit: 0.127983	PB: 0.127983	LB: 0.127983	GB: 0.140212	Cor: 0	Pts: 180292
Particle (9):: Fit: 0.000127682	PB: 0.000127682	LB: 0.00122931	GB: 0.140212	Cor: 0	Pts: 85292
Particle (13):: Fit: 0.000119487	PB: 0.000119487	LB: 0.00121597	GB: 0.140212	Cor: 0	Pts: 55492
Particle (28):: Fit: 0.00125615	PB: 0.00125615	LB: 0.00125615	GB: 0.140212	Cor: 0	Pts: 120492
Particle (30):: Fit: 0.00129771	PB: 0.00129771	LB: 0.00129771	GB: 0.140212	Cor: 0	Pts: 170491
Particle (35):: Fit: 0.000113337	PB: 0.000113337	LB: 0.140212	GB: 0.140212	Cor: 0	Pts: 55390
Particle (45):: Fit: 0.000117434	PB: 0.000117434	LB: 0.127983	GB: 0.140212	Cor: 0	Pts: 50391
Particle (10):: Fit: 0.000105139	PB: 0.000105139	LB: 0.00122931	GB: 0.140212	Cor: 0	Pts: 55388
Particle (44):: Fit: 0.00102961	PB: 0.00102961	LB: 0.140212	GB: 0.140212	Cor: 0	Pts: 50390
Particle (1):: Fit: 0.000824506	PB: 0.000824506	LB: 0.127983	GB: 0.140212	Cor: 0	Pts: 55589
Particle (14):: Fit: 0.000117434	PB: 0.000117434	LB: 0.00121597	GB: 0.140212	Cor: 0	Pts: 80289
Particle (32):: Fit: 0.000105136	PB: 0.000105136	LB: 0.00129771	GB: 0.140212	Cor: 0	Pts: 55389
Particle (32):: Fit: 0.000109235	PB: 0.000109235	LB: 0.00129771	GB: 0.140212	Cor: 0	Pts: 55488
Particle (48):: Fit: 0.000117435	PB: 0.000117435	LB: 0.127983	GB: 0.140212	Cor: 0	Pts: 50388
Particle (16):: Fit: 0.000908452	PB: 0.000908452	LB: 0.00121597	GB: 0.140212	Cor: 0	Pts: 55287
Particle (38):: Fit: 0.000121533	PB: 0.000121533	LB: 0.140212	GB: 0.140212	Cor: 0	Pts: 55287
Particle (41):: Fit: 0.00112965	PB: 0.00112965	LB: 0.140212	GB: 0.140212	Cor: 0	Pts: 50387
Particle (3):: Fit: 0.00113408	PB: 0.00113408	LB: 0.127983	GB: 0.140212	Cor: 0	Pts: 70286
Particle (11):: Fit: 0.000123583	PB: 0.000123583	LB: 0.00121597	GB: 0.140212	Cor: 0	Pts: 60286
Particle (21):: Fit: 0.000125632	PB: 0.000125632	LB: 0.00121598	GB: 0.140212	Cor: 0	Pts: 65186
Particle (7):: Fit: 0.000115384	PB: 0.000115384	LB: 0.00122931	GB: 0.140212	Cor: 0	Pts: 55485
Particle (22):: Fit: 0.0012151	PB: 0.0012151	LB: 0.00121598	GB: 0.140212	Cor: 0	Pts: 160485
Particle (31):: Fit: 0.000123583	PB: 0.000123583	LB: 0.00129771	GB: 0.140212	Cor: 0	Pts: 55385
Particle (44):: Fit: 0.00103149	PB: 0.00103149	LB: 0.140212	GB: 0.140212	Cor: 0	Pts: 50485
Particle (9):: Fit: 0.00103145	PB: 0.00103145	LB: 0.00122931	GB: 0.140212	Cor: 0	Pts: 85384
Particle (17):: Fit: 0.000119483	PB: 0.000119483	LB: 0.0012151	GB: 0.140212	Cor: 0	Pts: 95284
Particle (23):: Fit: 0.000990518	PB: 0.000990518	LB: 0.00125615	GB: 0.140212	Cor: 0	Pts: 55381
Particle (35):: Fit: 0.000135888	PB: 0.000135888	LB: 0.140212	GB: 0.140212	Cor: 0	Pts: 55482
Particle (36):: Fit: 0.00131871	PB: 0.00131871	LB: 0.140212	GB: 0.140212	Cor: 0	Pts: 115283
Particle (39):: Fit: 0.000119483	PB: 0.000119483	LB: 0.140212	GB: 0.140212	Cor: 0	Pts: 60283
Particle (20):: Fit: 0.000121533	PB: 0.000121533	LB: 0.0012151	GB: 0.140212	Cor: 0	Pts: 55582
Particle (25):: Fit: 0.00113397	PB: 0.00113397	LB: 0.00129771	GB: 0.140212	Cor: 0	Pts: 55282
Particle (34):: Fit: 0.000928935	PB: 0.000928935	LB: 0.00131871	GB: 0.140212	Cor: 0	Pts: 65282
Particle (38):: Fit: 0.000125632	PB: 0.000125632	LB: 0.140212	GB: 0.140212	Cor: 0	Pts: 55382
Particle (5):: Fit: 0.000127682	PB: 0.000127682	LB: 0.00122931	GB: 0.140212	Cor: 0	Pts: 75181
Particle (32):: Fit: 0.000113334	PB: 0.000113334	LB: 0.00131871	GB: 0.140212	Cor: 0	Pts: 55581
Particle (35):: Fit: 0.00107248	PB: 0.00107248	LB: 0.140212	GB: 0.140212	Cor: 0	Pts: 55580
Particle (6):: Fit: 0.00123408	PB: 0.00123408	LB: 0.00123408	GB: 0.140212	Cor: 0	Pts: 115280
Particle (20):: Fit: 0.000123583	PB: 0.000123583	LB: 0.0012151	GB: 0.140212	Cor: 0	Pts: 55680
Particle (37):: Fit: 0.0011749	PB: 0.0011749	LB: 0.140212	GB: 0.140212	Cor: 0	Pts: 100180
Particle (48):: Fit: 0.000129733	PB: 0.000129733	LB: 0.127983	GB: 0.140212	Cor: 0	Pts: 50480
Particle (1):: Fit: 0.00107218	PB: 0.00107218	LB: 0.127983	GB: 0.140212	Cor: 0	Pts: 55679
Particle (7):: Fit: 0.000123583	PB: 0.000123583	LB: 0.00123408	GB: 0.140212	Cor: 0	Pts: 55579
Particle (9):: Fit: 0.00107246	PB: 0.00107246	LB: 0.00123408	GB: 0.140212	Cor: 0	Pts: 85479
Particle (47):: Fit: 0.000119483	PB: 0.000119483	LB: 0.127983	GB: 0.140212	Cor: 0	Pts: 50279
Particle (22):: Fit: 0.00133876	PB: 0.00133876	LB: 0.00133876	GB: 0.140212	Cor: 0	Pts: 210578
Particle (0):: Fit: 0.132035	PB: 0.132035	LB: 0.132035	GB: 0.140212	Cor: 0	Pts: 230376
Particle (10):: Fit: 0.000107191	PB: 0.000107191	LB: 0.00123408	GB: 0.140212	Cor: 0	Pts: 55472
Particle (41):: Fit: 0.00115452	PB: 0.00115452	LB: 0.140212	GB: 0.140212	Cor: 0	Pts: 50476
Particle (10):: Fit: 0.000117442	PB: 0.000117442	LB: 0.00123408	GB: 0.140212	Cor: 0	Pts: 55571
Particle (16):: Fit: 0.00121599	PB: 0.00121599	LB: 0.00121599	GB: 0.140212	Cor: 0	Pts: 85375
Particle (32):: Fit: 0.000119483	PB: 0.000119483	LB: 0.00131871	GB: 0.140212	Cor: 0	Pts: 55675
Particle (41):: Fit: 0.00125375	PB: 0.00125375	LB: 0.140212	GB: 0.140212	Cor: 0	Pts: 50575
Particle (15):: Fit: 0.000118175	PB: 0.000118175	LB: 0.00121599	GB: 0.140212	Cor: 0	Pts: 85373
Particle (47):: Fit: 0.000125632	PB: 0.000125632	LB: 0.132035	GB: 0.140212	Cor: 0	Pts: 50374
Particle (48):: Fit: 0.00117497	PB: 0.00117497	LB: 0.132035	GB: 0.140212	Cor: 0	Pts: 50574
Particle (17):: Fit: 0.000121533	PB: 0.000121533	LB: 0.00133876	GB: 0.140212	Cor: 0	Pts: 95372
Particle (31):: Fit: 0.000139979	PB: 0.000139979	LB: 0.00131871	GB: 0.140212	Cor: 0	Pts: 55472
Particle (34):: Fit: 0.00111347	PB: 0.00111347	LB: 0.00131871	GB: 0.140212	Cor: 0	Pts: 65372
Particle (21):: Fit: 0.000129731	PB: 0.000129731	LB: 0.00133876	GB: 0.140212	Cor: 0	Pts: 65271
Particle (22):: Fit: 0.138302	PB: 0.138302	LB: 0.138302	GB: 0.140212	Cor: 0	Pts: 260670
Particle (23):: Fit: 0.00107009	PB: 0.00107009	LB: 0.138302	GB: 0.140212	Cor: 0	Pts: 55465
Particle (29):: Fit: 0.00113397	PB: 0.00113397	LB: 0.00129771	GB: 0.140212	Cor: 0	Pts: 55469
Particle (41):: Fit: 0.00129384	PB: 0.00129384	LB: 0.140212	GB: 0.140212	Cor: 0	Pts: 50669
Particle (15):: Fit: 0.000120178	PB: 0.000120178	LB: 0.00121599	GB: 0.140212	Cor: 0	Pts: 85467
Particle (40):: Fit: 14421.3	PB: 14421.3	LB: 14421.3	GB: 14421.3	Cor: 0.7	Pts: 170167
Global: 14421.3 - Correct: 70% of 100 tests
Global Best: 
  Inner Net 1
  -- 1 : 1 = 0.633
  -- 1 : 2 = 0.55
  -- 1 : 3 = 0.5525
  -- 1 : 4 = 0.0096
  -- 1 : 5 = 0.1547
  -- 2 : 1 = 0.0772
  -- 2 : 2 = 0.5367
  -- 2 : 3 = 0.6599
  -- 2 : 4 = 0.1089
  -- 2 : 5 = 0.0197
  -- 3 : 1 = 0.1187
  -- 3 : 2 = 0.4109
  -- 3 : 3 = 0.3249
  -- 3 : 4 = 0.129
  -- 3 : 5 = 0.1487
  -- 4 : 1 = 0.0061
  -- 4 : 2 = 0.1133
  -- 4 : 3 = 0.0433
  -- 4 : 4 = 0.5626
  -- 4 : 5 = 0.7105
  -- 5 : 1 = 0.3782
  -- 5 : 2 = 0.0999
  -- 5 : 3 = 0.1768
  -- 5 : 4 = 0.2264
  -- 5 : 5 = 0.1327
  -- 6 : 1 = 0.2433
  -- 6 : 2 = 0.6748
  -- 6 : 3 = 0.4217
  -- 6 : 4 = 0.1028
  -- 6 : 5 = 0.4092
  Inner Net 2
  -- 1 : 1 = -0.143111
  -- 1 : 2 = 0.170894
  -- 2 : 1 = -0.0026488
  -- 2 : 2 = 0.0116909
  -- 3 : 1 = -0.0902823
  -- 3 : 2 = -0.511126
  -- 4 : 1 = 0.621212
  -- 4 : 2 = -0.296577
  -- 5 : 1 = -0.123288
  -- 5 : 2 = -0.260855
Out\Act	False		True
False	0.768206	0.0737744	0.84198
True	0.109948	0.0480723	0.15802
	0.878153	0.121847
	Accuracy [ (tp + tn) / testSize ]: 0.816278
	Precision [ tp / (tp + fp) ]:      0.392996
	Sensitivity [ tp / (tp + fn) ]:    0.303303
	Specificity [ tn / (tn + fp) ]:    0.911864
	F-Score [ 2tp / (2tp + fp + fn) ]: 0.342954
Particle (45):: Fit: 0.000119483	PB: 0.000119483	LB: 0.132035	GB: 14421.3	Cor: 0	Pts: 50466
Particle (17):: Fit: 0.000123583	PB: 0.000123583	LB: 0.138302	GB: 14421.3	Cor: 0	Pts: 95464
Particle (27):: Fit: 0.000129734	PB: 0.000129734	LB: 0.00129771	GB: 14421.3	Cor: 0	Pts: 55457
Particle (1):: Fit: 0.00115374	PB: 0.00115374	LB: 0.132035	GB: 14421.3	Cor: 0	Pts: 55762
Particle (6):: Fit: 0.00123572	PB: 0.00123572	LB: 0.00123572	GB: 14421.3	Cor: 0	Pts: 145362
Particle (20):: Fit: 0.000125632	PB: 0.000125632	LB: 0.138302	GB: 14421.3	Cor: 0	Pts: 55762
Particle (37):: Fit: 0.00127697	PB: 0.00127697	LB: 14421.3	GB: 14421.3	Cor: 0	Pts: 100262
Particle (9):: Fit: 0.00113397	PB: 0.00113397	LB: 0.00123572	GB: 14421.3	Cor: 0	Pts: 85561
Particle (26):: Fit: 14.4078	PB: 14.4078	LB: 14.4078	GB: 14421.3	Cor: 0	Pts: 155361
Particle (33):: Fit: 0.0011134	PB: 0.0011134	LB: 0.00131871	GB: 14421.3	Cor: 0	Pts: 60561
Particle (6):: Fit: 0.00125568	PB: 0.00125568	LB: 0.00125568	GB: 14421.3	Cor: 0	Pts: 175460
Particle (28):: Fit: 0.00133872	PB: 0.00133872	LB: 14.4078	GB: 14421.3	Cor: 0	Pts: 130560
Particle (23):: Fit: 0.00119558	PB: 0.00119558	LB: 14.4078	GB: 14421.3	Cor: 0	Pts: 55553
Particle (36):: Fit: 0.00133865	PB: 0.00133865	LB: 14421.3	GB: 14421.3	Cor: 0	Pts: 125359
Particle (8):: Fit: 0.000127704	PB: 0.000127704	LB: 0.00125568	GB: 14421.3	Cor: 0	Pts: 60255
Particle (19):: Fit: 0.000119483	PB: 0.000119483	LB: 0.138302	GB: 14421.3	Cor: 0	Pts: 55352
Particle (15):: Fit: 0.000123586	PB: 0.000123586	LB: 0.00121599	GB: 14421.3	Cor: 0	Pts: 85549
Particle (21):: Fit: 0.000139979	PB: 0.000139979	LB: 14.4078	GB: 14421.3	Cor: 0	Pts: 65350
Particle (1):: Fit: 0.0011743	PB: 0.0011743	LB: 0.132035	GB: 14421.3	Cor: 0	Pts: 55848
Particle (19):: Fit: 0.000123583	PB: 0.000123583	LB: 0.138302	GB: 14421.3	Cor: 0	Pts: 55448
Particle (33):: Fit: 0.00111341	PB: 0.00111341	LB: 0.00133865	GB: 14421.3	Cor: 0	Pts: 60648
Particle (1):: Fit: 0.00117469	PB: 0.00117469	LB: 0.132035	GB: 14421.3	Cor: 0	Pts: 55944
Particle (3):: Fit: 0.001175	PB: 0.001175	LB: 0.132035	GB: 14421.3	Cor: 0	Pts: 70342
Particle (11):: Fit: 0.000127682	PB: 0.000127682	LB: 0.00121599	GB: 14421.3	Cor: 0	Pts: 60342
Particle (39):: Fit: 0.000125632	PB: 0.000125632	LB: 14421.3	GB: 14421.3	Cor: 0	Pts: 60341
Particle (10):: Fit: 0.000121537	PB: 0.000121537	LB: 0.00125568	GB: 14421.3	Cor: 0	Pts: 55636
Particle (45):: Fit: 0.000123583	PB: 0.000123583	LB: 0.132035	GB: 14421.3	Cor: 0	Pts: 50540
Particle (17):: Fit: 14.4078	PB: 14.4078	LB: 14.4078	GB: 14421.3	Cor: 0	Pts: 140539
Particle (7):: Fit: 0.000127682	PB: 0.000127682	LB: 0.00125568	GB: 14421.3	Cor: 0	Pts: 55638
Particle (1):: Fit: 0.00119462	PB: 0.00119462	LB: 0.132035	GB: 14421.3	Cor: 0	Pts: 56037
Particle (14):: Fit: 0.000119483	PB: 0.000119483	LB: 14.4078	GB: 14421.3	Cor: 0	Pts: 80337
Particle (8):: Fit: 0.000969945	PB: 0.000969945	LB: 0.00125568	GB: 14421.3	Cor: 0	Pts: 60335
Particle (3):: Fit: 0.00129807	PB: 0.00129807	LB: 0.132035	GB: 14421.3	Cor: 0	Pts: 85434
Particle (15):: Fit: 0.000123588	PB: 0.000123588	LB: 14.4078	GB: 14421.3	Cor: 0	Pts: 85627
Particle (29):: Fit: 0.00113397	PB: 0.00113397	LB: 14.4078	GB: 14421.3	Cor: 0	Pts: 55532
Particle (6):: Fit: 0.00129889	PB: 0.00129889	LB: 0.00129889	GB: 14421.3	Cor: 0	Pts: 205531
Particle (10):: Fit: 0.00109298	PB: 0.00109298	LB: 0.00129889	GB: 14421.3	Cor: 0	Pts: 55726
Particle (14):: Fit: 0.000127682	PB: 0.000127682	LB: 14.4078	GB: 14421.3	Cor: 0	Pts: 80429
Particle (48):: Fit: 0.00119543	PB: 0.00119543	LB: 0.132035	GB: 14421.3	Cor: 0	Pts: 50629
Particle (13):: Fit: 0.000125634	PB: 0.000125634	LB: 14.4078	GB: 14421.3	Cor: 0	Pts: 55528
Particle (32):: Fit: 0.000119503	PB: 0.000119503	LB: 0.00133872	GB: 14421.3	Cor: 0	Pts: 55728
Particle (2):: Fit: 0.000121533	PB: 0.000121533	LB: 0.132035	GB: 14421.3	Cor: 0	Pts: 60227
Particle (29):: Fit: 0.00117503	PB: 0.00117503	LB: 14.4078	GB: 14421.3	Cor: 0	Pts: 55627
Particle (46):: Fit: 0.0012773	PB: 0.0012773	LB: 0.132035	GB: 14421.3	Cor: 0	Pts: 80223
Particle (19):: Fit: 0.00115447	PB: 0.00115447	LB: 14.4078	GB: 14421.3	Cor: 0	Pts: 55521
Particle (43):: Fit: 0.000123593	PB: 0.000123593	LB: 14421.3	GB: 14421.3	Cor: 0	Pts: 50216
Particle (7):: Fit: 0.000137929	PB: 0.000137929	LB: 0.00129889	GB: 14421.3	Cor: 0	Pts: 55717
Particle (8):: Fit: 0.00135948	PB: 0.00135948	LB: 0.00135948	GB: 14421.3	Cor: 0	Pts: 95417
Particle (20):: Fit: 0.000127682	PB: 0.000127682	LB: 14.4078	GB: 14421.3	Cor: 0	Pts: 55810
Particle (49):: Fit: 0.000127682	PB: 0.000127682	LB: 0.132035	GB: 14421.3	Cor: 0	Pts: 50107
Particle (3):: Fit: 1461.36	PB: 1461.36	LB: 1461.36	GB: 14421.3	Cor: 0	Pts: 135506
Particle (22):: Fit: 0.142103	PB: 0.142103	LB: 14.4078	GB: 14421.3	Cor: 0	Pts: 260705
Particle (32):: Fit: 0.000129754	PB: 0.000129754	LB: 0.00133872	GB: 14421.3	Cor: 0	Pts: 55805
Particle (15):: Fit: 0.000127686	PB: 0.000127686	LB: 14.4078	GB: 14421.3	Cor: 0	Pts: 85695
Particle (45):: Fit: 0.00013588	PB: 0.00013588	LB: 0.132035	GB: 14421.3	Cor: 0	Pts: 50601
Particle (7):: Fit: 0.00123397	PB: 0.00123397	LB: 1461.36	GB: 14421.3	Cor: 0	Pts: 55798
Particle (30):: Fit: 0.131933	PB: 0.131933	LB: 14.4078	GB: 14421.3	Cor: 0	Pts: 190498
Particle (9):: Fit: 0.00135701	PB: 0.00135701	LB: 0.00135948	GB: 14421.3	Cor: 0	Pts: 85597
Particle (24):: Fit: 0.0011528	PB: 0.0011528	LB: 14.4078	GB: 14421.3	Cor: 0	Pts: 100071
Particle (33):: Fit: 0.00131465	PB: 0.00131465	LB: 0.131933	GB: 14421.3	Cor: 0	Pts: 60697
Particle (14):: Fit: 0.000127683	PB: 0.000127683	LB: 14.4078	GB: 14421.3	Cor: 0	Pts: 80496
Particle (4):: Fit: 0.130443	PB: 0.130443	LB: 1461.36	GB: 14421.3	Cor: 0	Pts: 70295
Particle (10):: Fit: 0.00125632	PB: 0.00125632	LB: 0.00135948	GB: 14421.3	Cor: 0	Pts: 55790
Particle (14):: Fit: 0.00119045	PB: 0.00119045	LB: 14.4078	GB: 14421.3	Cor: 0	Pts: 80595
Particle (27):: Fit: 0.00119299	PB: 0.00119299	LB: 14.4078	GB: 14421.3	Cor: 0	Pts: 55479
Particle (38):: Fit: 0.114244	PB: 0.114244	LB: 14421.3	GB: 14421.3	Cor: 0	Pts: 55394
Particle (41):: Fit: 0.136764	PB: 0.136764	LB: 14421.3	GB: 14421.3	Cor: 0	Pts: 55695
Particle (43):: Fit: 0.000887099	PB: 0.000887099	LB: 14421.3	GB: 14421.3	Cor: 0	Pts: 50286
Particle (44):: Fit: 0.00129458	PB: 0.00129458	LB: 14421.3	GB: 14421.3	Cor: 0	Pts: 50494
Particle (15):: Fit: 0.00121469	PB: 0.00121469	LB: 14.4078	GB: 14421.3	Cor: 0	Pts: 85785
Particle (24):: Fit: 0.134244	PB: 0.134244	LB: 14.4078	GB: 14421.3	Cor: 0	Pts: 100168
Particle (27):: Fit: 0.0012361	PB: 0.0012361	LB: 14.4078	GB: 14421.3	Cor: 0	Pts: 55578
Particle (47):: Fit: 0.00104905	PB: 0.00104905	LB: 0.132035	GB: 14421.3	Cor: 0	Pts: 50394
Particle (18):: Fit: 0.00123679	PB: 0.00123679	LB: 14.4078	GB: 14421.3	Cor: 0	Pts: 150191
Particle (35):: Fit: 0.00131634	PB: 0.00131634	LB: 14421.3	GB: 14421.3	Cor: 0	Pts: 55582
Particle (43):: Fit: 0.000949471	PB: 0.000949471	LB: 14421.3	GB: 14421.3	Cor: 0	Pts: 50384
Particle (2):: Fit: 0.00119537	PB: 0.00119537	LB: 1461.36	GB: 14421.3	Cor: 0	Pts: 60292
Particle (44):: Fit: 0.01102	PB: 0.01102	LB: 14421.3	GB: 14421.3	Cor: 0	Pts: 50591
Particle (49):: Fit: 0.000990303	PB: 0.000990303	LB: 1461.36	GB: 14421.3	Cor: 0	Pts: 50192
Particle (6):: Fit: 0.13216	PB: 0.13216	LB: 1461.36	GB: 14421.3	Cor: 0	Pts: 220591
Particle (11):: Fit: 0.00119435	PB: 0.00119435	LB: 0.00135948	GB: 14421.3	Cor: 0	Pts: 60391
Particle (21):: Fit: 0.00115361	PB: 0.00115361	LB: 14.4078	GB: 14421.3	Cor: 0	Pts: 65391
Particle (40):: Fit: 14802.3	PB: 14802.3	LB: 14802.3	GB: 14802.3	Cor: 0.72	Pts: 230185
Global: 14802.3 - Correct: 72% of 100 tests
Global Best: 
  Inner Net 1
  -- 1 : 1 = 0.633
  -- 1 : 2 = -0.0103033
  -- 1 : 3 = 0.242115
  -- 1 : 4 = -0.0153357
  -- 1 : 5 = 0.144448
  -- 2 : 1 = 0.0772
  -- 2 : 2 = 0.0485991
  -- 2 : 3 = 0.755868
  -- 2 : 4 = -0.0617033
  -- 2 : 5 = -0.0180106
  -- 3 : 1 = 0.1187
  -- 3 : 2 = -0.00942112
  -- 3 : 3 = 0.396824
  -- 3 : 4 = 0.228438
  -- 3 : 5 = 0.00600814
  -- 4 : 1 = 0.0061
  -- 4 : 2 = 0.158788
  -- 4 : 3 = -0.153304
  -- 4 : 4 = 0.520949
  -- 4 : 5 = -0.155836
  -- 5 : 1 = 0.3782
  -- 5 : 2 = 0.167207
  -- 5 : 3 = 0.200441
  -- 5 : 4 = -0.169784
  -- 5 : 5 = -0.105138
  -- 6 : 1 = 0.2433
  -- 6 : 2 = 0.25738
  -- 6 : 3 = 0.109657
  -- 6 : 4 = 0.237853
  -- 6 : 5 = 0.566446
  Inner Net 2
  -- 1 : 1 = 0.174273
  -- 1 : 2 = 0.0335021
  -- 2 : 1 = 0.0756186
  -- 2 : 2 = 0.0750303
  -- 3 : 1 = -0.0121801
  -- 3 : 2 = -0.0638784
  -- 4 : 1 = 0.620648
  -- 4 : 2 = -0.453072
  -- 5 : 1 = -0.129514
  -- 5 : 2 = 0.347882
Out\Act	False		True
False	0.750595	0.0913851	0.84198
True	0.0937649	0.0642551	0.15802
	0.84436	0.15564
	Accuracy [ (tp + tn) / testSize ]: 0.81485
	Precision [ tp / (tp + fp) ]:      0.411585
	Sensitivity [ tp / (tp + fn) ]:    0.405405
	Specificity [ tn / (tn + fp) ]:    0.89096
	F-Score [ 2tp / (2tp + fp + fn) ]: 0.409091
Particle (25):: Fit: 0.0112196	PB: 0.0112196	LB: 14.4078	GB: 14802.3	Cor: 0	Pts: 55290
Particle (27):: Fit: 0.0013175	PB: 0.0013175	LB: 14.4078	GB: 14802.3	Cor: 0	Pts: 55674
Particle (34):: Fit: 0.00127662	PB: 0.00127662	LB: 0.131933	GB: 14802.3	Cor: 0	Pts: 65390
Particle (39):: Fit: 0.00117406	PB: 0.00117406	LB: 14802.3	GB: 14802.3	Cor: 0	Pts: 60390
Particle (47):: Fit: 0.00117264	PB: 0.00117264	LB: 0.132035	GB: 14802.3	Cor: 0	Pts: 50489
Particle (49):: Fit: 0.00121523	PB: 0.00121523	LB: 1461.36	GB: 14802.3	Cor: 0	Pts: 50290
Particle (5):: Fit: 0.00115162	PB: 0.00115162	LB: 1461.36	GB: 14802.3	Cor: 0	Pts: 75188
Particle (7):: Fit: 0.00125394	PB: 0.00125394	LB: 1461.36	GB: 14802.3	Cor: 0	Pts: 55889
Particle (11):: Fit: 0.00129801	PB: 0.00129801	LB: 0.00135948	GB: 14802.3	Cor: 0	Pts: 60489
Particle (19):: Fit: 0.00121629	PB: 0.00121629	LB: 14.4078	GB: 14802.3	Cor: 0	Pts: 55589
Particle (45):: Fit: 0.00121558	PB: 0.00121558	LB: 0.136764	GB: 14802.3	Cor: 0	Pts: 50689
Particle (13):: Fit: 0.000131796	PB: 0.000131796	LB: 14.4078	GB: 14802.3	Cor: 0	Pts: 55587
Particle (29):: Fit: 0.00131765	PB: 0.00131765	LB: 14.4078	GB: 14802.3	Cor: 0	Pts: 55688
Particle (43):: Fit: 0.000990463	PB: 0.000990463	LB: 14802.3	GB: 14802.3	Cor: 0	Pts: 50479
Particle (47):: Fit: 0.00123618	PB: 0.00123618	LB: 0.132035	GB: 14802.3	Cor: 0	Pts: 50587
Particle (21):: Fit: 0.00121163	PB: 0.00121163	LB: 14.4078	GB: 14802.3	Cor: 0	Pts: 65486
Particle (47):: Fit: 0.00131727	PB: 0.00131727	LB: 0.132035	GB: 14802.3	Cor: 0	Pts: 50685
Particle (34):: Fit: 0.00127815	PB: 0.00127815	LB: 0.131933	GB: 14802.3	Cor: 0	Pts: 65485
Particle (2):: Fit: 0.130594	PB: 0.130594	LB: 1461.36	GB: 14802.3	Cor: 0	Pts: 60384
Particle (43):: Fit: 0.00115172	PB: 0.00115172	LB: 14802.3	GB: 14802.3	Cor: 0	Pts: 50575
Particle (44):: Fit: 0.125764	PB: 0.125764	LB: 14802.3	GB: 14802.3	Cor: 0	Pts: 50682
Particle (49):: Fit: 0.0114513	PB: 0.0114513	LB: 1461.36	GB: 14802.3	Cor: 0	Pts: 50383
Particle (5):: Fit: 0.00115226	PB: 0.00115226	LB: 1461.36	GB: 14802.3	Cor: 0	Pts: 75281
Particle (32):: Fit: 0.00127377	PB: 0.00127377	LB: 0.131933	GB: 14802.3	Cor: 0	Pts: 55881
Particle (10):: Fit: 0.00133861	PB: 0.00133861	LB: 0.13216	GB: 14802.3	Cor: 0	Pts: 55874
Particle (18):: Fit: 0.00135583	PB: 0.00135583	LB: 14.4078	GB: 14802.3	Cor: 0	Pts: 150279
Particle (27):: Fit: 0.130717	PB: 0.130717	LB: 14.4078	GB: 14802.3	Cor: 0	Pts: 55765
Particle (44):: Fit: 14603.7	PB: 14603.7	LB: 14802.3	GB: 14802.3	Cor: 0	Pts: 70780
Particle (5):: Fit: 0.0120137	PB: 0.0120137	LB: 1461.36	GB: 14802.3	Cor: 0	Pts: 75378
Particle (15):: Fit: 0.00129514	PB: 0.00129514	LB: 14.4078	GB: 14802.3	Cor: 0	Pts: 85870
Particle (32):: Fit: 0.120212	PB: 0.120212	LB: 0.131933	GB: 14802.3	Cor: 0	Pts: 55977
Particle (46):: Fit: 0.0121958	PB: 0.0121958	LB: 14603.7	GB: 14802.3	Cor: 0	Pts: 80278
Particle (10):: Fit: 0.1287	PB: 0.1287	LB: 0.13216	GB: 14802.3	Cor: 0	Pts: 60970
Particle (13):: Fit: 0.000805913	PB: 0.000805913	LB: 14.4078	GB: 14802.3	Cor: 0	Pts: 55676
Particle (23):: Fit: 0.134418	PB: 0.134418	LB: 14.4078	GB: 14802.3	Cor: 0	Pts: 55562
Particle (5):: Fit: 15241.4	PB: 15241.4	LB: 15241.4	GB: 15241.4	Cor: 0.74	Pts: 135475
Global: 15241.4 - Correct: 74% of 100 tests
Global Best: 
  Inner Net 1
  -- 1 : 1 = 0.336102
  -- 1 : 2 = -0.449246
  -- 1 : 3 = 0.039818
  -- 1 : 4 = 0.259741
  -- 1 : 5 = 0.0314313
  -- 2 : 1 = 0
  -- 2 : 2 = 0.188257
  -- 2 : 3 = -0.0201303
  -- 2 : 4 = 0.156671
  -- 2 : 5 = 0.0785524
  -- 3 : 1 = 0.387589
  -- 3 : 2 = -0.0924819
  -- 3 : 3 = -0.26981
  -- 3 : 4 = 0.133445
  -- 3 : 5 = 0.0363641
  -- 4 : 1 = 0.626431
  -- 4 : 2 = -0.0653203
  -- 4 : 3 = -0.164117
  -- 4 : 4 = 0.0415171
  -- 4 : 5 = 0.0104998
  -- 5 : 1 = 0.688763
  -- 5 : 2 = -0.038025
  -- 5 : 3 = 0.0593455
  -- 5 : 4 = 0.0863892
  -- 5 : 5 = 0.158866
  -- 6 : 1 = 0.0236367
  -- 6 : 2 = 0.106481
  -- 6 : 3 = 0.436094
  -- 6 : 4 = 0.317076
  -- 6 : 5 = 0.0185942
  Inner Net 2
  -- 1 : 1 = -0.0947908
  -- 1 : 2 = 0.268625
  -- 2 : 1 = -0.0278502
  -- 2 : 2 = 0.0762194
  -- 3 : 1 = -0.114596
  -- 3 : 2 = -0.2384
  -- 4 : 1 = 0.395697
  -- 4 : 2 = 0.281434
  -- 5 : 1 = 0.51806
  -- 5 : 2 = -0.325011
Out\Act	False		True
False	0.756307	0.0856735	0.84198
True	0.102332	0.0556878	0.15802
	0.858639	0.141361
	Accuracy [ (tp + tn) / testSize ]: 0.811994
	Precision [ tp / (tp + fp) ]:      0.392617
	Sensitivity [ tp / (tp + fn) ]:    0.351351
	Specificity [ tn / (tn + fp) ]:    0.89774
	F-Score [ 2tp / (2tp + fp + fn) ]: 0.371429
Particle (19):: Fit: 0.136126	PB: 0.136126	LB: 14.4078	GB: 15241.4	Cor: 0	Pts: 55674
Particle (12):: Fit: 0.00125404	PB: 0.00125404	LB: 14.4078	GB: 15241.4	Cor: 0	Pts: 85373
Particle (27):: Fit: 0.136264	PB: 0.136264	LB: 14.4078	GB: 15241.4	Cor: 0	Pts: 60857
Particle (7):: Fit: 0.00125547	PB: 0.00125547	LB: 15241.4	GB: 15241.4	Cor: 0	Pts: 55972
Particle (32):: Fit: 0.142344	PB: 0.142344	LB: 0.142344	GB: 15241.4	Cor: 0	Pts: 76071
Particle (45):: Fit: 0.00142097	PB: 0.00142097	LB: 14603.7	GB: 15241.4	Cor: 0	Pts: 50772
Particle (13):: Fit: 0.00111348	PB: 0.00111348	LB: 14.4078	GB: 15241.4	Cor: 0	Pts: 55770
Particle (25):: Fit: 0.0113949	PB: 0.0113949	LB: 14.4078	GB: 15241.4	Cor: 0	Pts: 55371
Particle (31):: Fit: 0.00117044	PB: 0.00117044	LB: 0.142344	GB: 15241.4	Cor: 0	Pts: 55470
Particle (42):: Fit: 0.116246	PB: 0.116246	LB: 14802.3	GB: 15241.4	Cor: 0	Pts: 50270
Particle (46):: Fit: 0.118929	PB: 0.118929	LB: 14603.7	GB: 15241.4	Cor: 0	Pts: 80371
Particle (37):: Fit: 0.126643	PB: 0.126643	LB: 14802.3	GB: 15241.4	Cor: 0	Pts: 100270
Particle (12):: Fit: 0.00133981	PB: 0.00133981	LB: 14.4078	GB: 15241.4	Cor: 0	Pts: 85468
Particle (15):: Fit: 0.00131875	PB: 0.00131875	LB: 14.4078	GB: 15241.4	Cor: 0	Pts: 85959
Particle (34):: Fit: 0.00137886	PB: 0.00137886	LB: 0.142344	GB: 15241.4	Cor: 0	Pts: 65568
Particle (1):: Fit: 0.130167	PB: 0.130167	LB: 15241.4	GB: 15241.4	Cor: 0	Pts: 56067
Particle (18):: Fit: 0.130125	PB: 0.130125	LB: 14.4078	GB: 15241.4	Cor: 0	Pts: 150365
Particle (21):: Fit: 0.00123432	PB: 0.00123432	LB: 14.4078	GB: 15241.4	Cor: 0	Pts: 65567
Particle (43):: Fit: 0.00131645	PB: 0.00131645	LB: 14802.3	GB: 15241.4	Cor: 0	Pts: 50658
Particle (28):: Fit: 0.120677	PB: 0.120677	LB: 14.4078	GB: 15241.4	Cor: 0	Pts: 130565
Particle (21):: Fit: 0.011621	PB: 0.011621	LB: 14.4078	GB: 15241.4	Cor: 0	Pts: 65664
Particle (48):: Fit: 0.00123666	PB: 0.00123666	LB: 14603.7	GB: 15241.4	Cor: 0	Pts: 50661
Particle (12):: Fit: 0.134758	PB: 0.134758	LB: 14.4078	GB: 15241.4	Cor: 0	Pts: 95562
Particle (36):: Fit: 0.130079	PB: 0.130079	LB: 14802.3	GB: 15241.4	Cor: 0	Pts: 125361
Particle (36):: Fit: 0.138177	PB: 0.138177	LB: 14802.3	GB: 15241.4	Cor: 0	Pts: 125460
Particle (37):: Fit: 0.130061	PB: 0.130061	LB: 14802.3	GB: 15241.4	Cor: 0	Pts: 100361
Particle (39):: Fit: 0.119828	PB: 0.119828	LB: 14802.3	GB: 15241.4	Cor: 0	Pts: 60459
Particle (49):: Fit: 0.0122623	PB: 0.0122623	LB: 1461.36	GB: 15241.4	Cor: 0	Pts: 50460
Particle (7):: Fit: 0.0117954	PB: 0.0117954	LB: 15241.4	GB: 15241.4	Cor: 0	Pts: 56060
Particle (48):: Fit: 0.120438	PB: 0.120438	LB: 14603.7	GB: 15241.4	Cor: 0	Pts: 50757
Particle (1):: Fit: 0.132011	PB: 0.132011	LB: 15241.4	GB: 15241.4	Cor: 0	Pts: 56158
Particle (15):: Fit: 14459.2	PB: 14459.2	LB: 14459.2	GB: 15241.4	Cor: 0	Pts: 136049
Particle (4):: Fit: 0.136347	PB: 0.136347	LB: 15241.4	GB: 15241.4	Cor: 0	Pts: 70357
Particle (2):: Fit: 0.138118	PB: 0.138118	LB: 15241.4	GB: 15241.4	Cor: 0	Pts: 60455
Particle (13):: Fit: 0.00119554	PB: 0.00119554	LB: 14459.2	GB: 15241.4	Cor: 0	Pts: 55855
Particle (37):: Fit: 0.130785	PB: 0.130785	LB: 14802.3	GB: 15241.4	Cor: 0	Pts: 100455
Particle (18):: Fit: 14441.9	PB: 14441.9	LB: 14459.2	GB: 15241.4	Cor: 0	Pts: 165450
Particle (10):: Fit: 0.130279	PB: 0.130279	LB: 14459.2	GB: 15241.4	Cor: 0	Pts: 61043
Particle (13):: Fit: 0.00121607	PB: 0.00121607	LB: 14459.2	GB: 15241.4	Cor: 0	Pts: 55949
Particle (24):: Fit: 0.138405	PB: 0.138405	LB: 14.4078	GB: 15241.4	Cor: 0	Pts: 100223
Particle (48):: Fit: 0.138079	PB: 0.138079	LB: 14603.7	GB: 15241.4	Cor: 0	Pts: 50848
Particle (16):: Fit: 0.114244	PB: 0.114244	LB: 14459.2	GB: 15241.4	Cor: 0	Pts: 85345
Particle (20):: Fit: 0.00111112	PB: 0.00111112	LB: 14441.9	GB: 15241.4	Cor: 0	Pts: 55846
Particle (14):: Fit: 0.00123655	PB: 0.00123655	LB: 14459.2	GB: 15241.4	Cor: 0	Pts: 80646
Particle (28):: Fit: 0.136308	PB: 0.136308	LB: 14.4078	GB: 15241.4	Cor: 0	Pts: 130645
Particle (13):: Fit: 0.00129655	PB: 0.00129655	LB: 14459.2	GB: 15241.4	Cor: 0	Pts: 56044
Particle (34):: Fit: 0.130017	PB: 0.130017	LB: 0.142344	GB: 15241.4	Cor: 0	Pts: 65645
Particle (33):: Fit: 0.130168	PB: 0.130168	LB: 0.142344	GB: 15241.4	Cor: 0	Pts: 60742
Particle (21):: Fit: 0.133952	PB: 0.133952	LB: 14441.9	GB: 15241.4	Cor: 0	Pts: 65742
Particle (14):: Fit: 0.00141825	PB: 0.00141825	LB: 14459.2	GB: 15241.4	Cor: 0	Pts: 80740
Particle (9):: Fit: 0.123902	PB: 0.123902	LB: 15241.4	GB: 15241.4	Cor: 0	Pts: 85633
Particle (16):: Fit: 145.88	PB: 145.88	LB: 14459.2	GB: 15241.4	Cor: 0	Pts: 85430
Particle (34):: Fit: 143.465	PB: 143.465	LB: 143.465	GB: 15241.4	Cor: 0	Pts: 95735
Particle (45):: Fit: 0.116111	PB: 0.116111	LB: 14603.7	GB: 15241.4	Cor: 0	Pts: 50834
Particle (10):: Fit: 0.134255	PB: 0.134255	LB: 14459.2	GB: 15241.4	Cor: 0	Pts: 61127
Particle (45):: Fit: 0.121954	PB: 0.121954	LB: 14603.7	GB: 15241.4	Cor: 0	Pts: 50928
Particle (14):: Fit: 0.0128406	PB: 0.0128406	LB: 14459.2	GB: 15241.4	Cor: 0	Pts: 80829
Particle (46):: Fit: 0.126828	PB: 0.126828	LB: 14603.7	GB: 15241.4	Cor: 0	Pts: 80423
Particle (49):: Fit: 15206.2	PB: 15206.2	LB: 15206.2	GB: 15241.4	Cor: 0	Pts: 80526
Particle (35):: Fit: 0.00131793	PB: 0.00131793	LB: 14802.3	GB: 15241.4	Cor: 0	Pts: 55614
Particle (7):: Fit: 0.142166	PB: 0.142166	LB: 15241.4	GB: 15241.4	Cor: 0	Pts: 56123
Particle (14):: Fit: 0.130291	PB: 0.130291	LB: 14459.2	GB: 15241.4	Cor: 0	Pts: 80924
Particle (11):: Fit: 0.0107941	PB: 0.0107941	LB: 14459.2	GB: 15241.4	Cor: 0	Pts: 60522
Particle (13):: Fit: 0.00133744	PB: 0.00133744	LB: 14459.2	GB: 15241.4	Cor: 0	Pts: 56122
Particle (43):: Fit: 0.00131717	PB: 0.00131717	LB: 14802.3	GB: 15241.4	Cor: 0	Pts: 50710
Particle (20):: Fit: 0.0112243	PB: 0.0112243	LB: 14441.9	GB: 15241.4	Cor: 0	Pts: 55916
Particle (47):: Fit: 14871.3	PB: 14871.3	LB: 15206.2	GB: 15241.4	Cor: 0	Pts: 60717
Particle (35):: Fit: 0.0113948	PB: 0.0113948	LB: 14802.3	GB: 15241.4	Cor: 0	Pts: 55706
Particle (29):: Fit: 0.0110371	PB: 0.0110371	LB: 143.465	GB: 15241.4	Cor: 0	Pts: 55715
Particle (35):: Fit: 0.136525	PB: 0.136525	LB: 14802.3	GB: 15241.4	Cor: 0	Pts: 55804
Particle (8):: Fit: 0.132143	PB: 0.132143	LB: 15241.4	GB: 15241.4	Cor: 0	Pts: 95414
Particle (14):: Fit: 0.13211	PB: 0.13211	LB: 14459.2	GB: 15241.4	Cor: 0	Pts: 81015
Particle (29):: Fit: 0.14216	PB: 0.14216	LB: 143.465	GB: 15241.4	Cor: 0	Pts: 55813
Particle (38):: Fit: 15210.3	PB: 15210.3	LB: 15210.3	GB: 15241.4	Cor: 0	Pts: 105410
Particle (20):: Fit: 0.123884	PB: 0.123884	LB: 14441.9	GB: 15241.4	Cor: 0	Pts: 56010
Particle (11):: Fit: 0.142782	PB: 0.142782	LB: 14459.2	GB: 15241.4	Cor: 0	Pts: 60606
Particle (43):: Fit: 0.0118206	PB: 0.0118206	LB: 14871.3	GB: 15241.4	Cor: 0	Pts: 50797
Particle (7):: Fit: 14629.8	PB: 14629.8	LB: 15241.4	GB: 15241.4	Cor: 0	Pts: 66203
Particle (13):: Fit: 0.00133844	PB: 0.00133844	LB: 14459.2	GB: 15241.4	Cor: 0	Pts: 56204
Particle (14):: Fit: 0.134606	PB: 0.134606	LB: 14459.2	GB: 15241.4	Cor: 0	Pts: 81096
Particle (39):: Fit: 0.122575	PB: 0.122575	LB: 15210.3	GB: 15241.4	Cor: 0	Pts: 60493
Particle (2):: Fit: 0.140078	PB: 0.140078	LB: 15241.4	GB: 15241.4	Cor: 0	Pts: 60492
Particle (11):: Fit: 145.939	PB: 145.939	LB: 14629.8	GB: 15241.4	Cor: 0	Pts: 60682
Particle (4):: Fit: 143.937	PB: 143.937	LB: 15241.4	GB: 15241.4	Cor: 0	Pts: 70383
Particle (12):: Fit: 0.13847	PB: 0.13847	LB: 14459.2	GB: 15241.4	Cor: 0	Pts: 95581
Particle (36):: Fit: 15068.7	PB: 15068.7	LB: 15210.3	GB: 15241.4	Cor: 0	Pts: 135482
Particle (25):: Fit: 14623.3	PB: 14623.3	LB: 14623.3	GB: 15241.4	Cor: 0	Pts: 105373
Particle (2):: Fit: 148.047	PB: 148.047	LB: 15241.4	GB: 15241.4	Cor: 0	Pts: 60569
Particle (6):: Fit: 0.134348	PB: 0.134348	LB: 15241.4	GB: 15241.4	Cor: 0	Pts: 220567
Particle (7):: Fit: 15479.7	PB: 15479.7	LB: 15479.7	GB: 15479.7	Cor: 0.75	Pts: 126258
Global: 15479.7 - Correct: 75% of 100 tests
Global Best: 
  Inner Net 1
  -- 1 : 1 = 0.219487
  -- 1 : 2 = -0.141106
  -- 1 : 3 = -6.12686e-005
  -- 1 : 4 = 0.339356
  -- 1 : 5 = 0.0125063
  -- 2 : 1 = 0.178928
  -- 2 : 2 = -0.0581826
  -- 2 : 3 = -0.0225891
  -- 2 : 4 = 0.00235109
  -- 2 : 5 = 0.145039
  -- 3 : 1 = 0.33024
  -- 3 : 2 = 0.0314255
  -- 3 : 3 = -0.0826777
  -- 3 : 4 = -0.0804381
  -- 3 : 5 = -0.0726613
  -- 4 : 1 = 0.767905
  -- 4 : 2 = -0.13824
  -- 4 : 3 = 0.0687001
  -- 4 : 4 = 0.38962
  -- 4 : 5 = -0.12212
  -- 5 : 1 = 0.346818
  -- 5 : 2 = 0.0885855
  -- 5 : 3 = -0.0302148
  -- 5 : 4 = -0.0136852
  -- 5 : 5 = 0.220877
  -- 6 : 1 = -0.0124392
  -- 6 : 2 = -0.0883901
  -- 6 : 3 = 0.0811466
  -- 6 : 4 = -0.172039
  -- 6 : 5 = 0.116429
  Inner Net 2
  -- 1 : 1 = -0.602218
  -- 1 : 2 = 0.102116
  -- 2 : 1 = -0.208875
  -- 2 : 2 = 0.0711836
  -- 3 : 1 = -0.0387556
  -- 3 : 2 = -0.429561
  -- 4 : 1 = 0.467104
  -- 4 : 2 = -0.588523
  -- 5 : 1 = 0.242865
  -- 5 : 2 = -0.0254077
Out\Act	False		True
False	0.712518	0.129462	0.84198
True	0.0937649	0.0642551	0.15802
	0.806283	0.193717
	Accuracy [ (tp + tn) / testSize ]: 0.776773
	Precision [ tp / (tp + fp) ]:      0.330882
	Sensitivity [ tp / (tp + fn) ]:    0.405405
	Specificity [ tn / (tn + fp) ]:    0.845763
	F-Score [ 2tp / (2tp + fp + fn) ]: 0.364865
Particle (28):: Fit: 0.138065	PB: 0.138065	LB: 14623.3	GB: 15479.7	Cor: 0	Pts: 130658
Particle (25):: Fit: 14873.1	PB: 14873.1	LB: 14873.1	GB: 15479.7	Cor: 0	Pts: 155459
Particle (33):: Fit: 14424.9	PB: 14424.9	LB: 15210.3	GB: 15479.7	Cor: 0	Pts: 65754
Particle (39):: Fit: 0.136168	PB: 0.136168	LB: 15210.3	GB: 15479.7	Cor: 0	Pts: 60550
Particle (2):: Fit: 149.936	PB: 149.936	LB: 15479.7	GB: 15479.7	Cor: 0	Pts: 60650
Particle (30):: Fit: 0.138188	PB: 0.138188	LB: 14424.9	GB: 15479.7	Cor: 0	Pts: 190448
Particle (39):: Fit: 0.140558	PB: 0.140558	LB: 15210.3	GB: 15479.7	Cor: 0	Pts: 60634
Particle (35):: Fit: 15041.3	PB: 15041.3	LB: 15210.3	GB: 15479.7	Cor: 0	Pts: 60825
Particle (9):: Fit: 0.124051	PB: 0.124051	LB: 15479.7	GB: 15479.7	Cor: 0	Pts: 85628
Particle (30):: Fit: 0.140516	PB: 0.140516	LB: 15041.3	GB: 15479.7	Cor: 0	Pts: 190528
Particle (10):: Fit: 0.142188	PB: 0.142188	LB: 15479.7	GB: 15479.7	Cor: 0	Pts: 61120
Particle (4):: Fit: 14882.5	PB: 14882.5	LB: 15479.7	GB: 15479.7	Cor: 0	Pts: 70426
Particle (19):: Fit: 0.140084	PB: 0.140084	LB: 14459.2	GB: 15479.7	Cor: 0	Pts: 55625
Particle (30):: Fit: 14498.4	PB: 14498.4	LB: 15041.3	GB: 15479.7	Cor: 0	Pts: 190624
Particle (24):: Fit: 0.142858	PB: 0.142858	LB: 14873.1	GB: 15479.7	Cor: 0	Pts: 100193
Particle (42):: Fit: 0.129875	PB: 0.129875	LB: 15210.3	GB: 15479.7	Cor: 0	Pts: 50208
Particle (13):: Fit: 0.126412	PB: 0.126412	LB: 14459.2	GB: 15479.7	Cor: 0	Pts: 56208
Particle (13):: Fit: 0.136042	PB: 0.136042	LB: 14459.2	GB: 15479.7	Cor: 0	Pts: 56305
Particle (27):: Fit: 0.138136	PB: 0.138136	LB: 14873.1	GB: 15479.7	Cor: 0	Pts: 60779
Particle (23):: Fit: 0.140365	PB: 0.140365	LB: 14873.1	GB: 15479.7	Cor: 0	Pts: 55465
Particle (13):: Fit: 0.138256	PB: 0.138256	LB: 14459.2	GB: 15479.7	Cor: 0	Pts: 56386
Particle (27):: Fit: 0.14237	PB: 0.14237	LB: 14873.1	GB: 15479.7	Cor: 0	Pts: 60863
Particle (31):: Fit: 0.132104	PB: 0.132104	LB: 15068.7	GB: 15479.7	Cor: 0	Pts: 55372
Particle (24):: Fit: 14638.7	PB: 14638.7	LB: 14873.1	GB: 15479.7	Cor: 0	Pts: 105251
Particle (39):: Fit: 145.763	PB: 145.763	LB: 15210.3	GB: 15479.7	Cor: 0	Pts: 60673
Particle (13):: Fit: 14430.5	PB: 14430.5	LB: 14459.2	GB: 15479.7	Cor: 0	Pts: 56474
Particle (23):: Fit: 14845	PB: 14845	LB: 14873.1	GB: 15479.7	Cor: 0	Pts: 65550
Particle (15):: Fit: 15034.6	PB: 15034.6	LB: 15034.6	GB: 15479.7	Cor: 0	Pts: 175952
Particle (45):: Fit: 0.136083	PB: 0.136083	LB: 15206.2	GB: 15479.7	Cor: 0	Pts: 50861
Particle (12):: Fit: 0.142088	PB: 0.142088	LB: 15034.6	GB: 15479.7	Cor: 0	Pts: 95557
Particle (42):: Fit: 0.132171	PB: 0.132171	LB: 15210.3	GB: 15479.7	Cor: 0	Pts: 50251
Particle (46):: Fit: 143.703	PB: 143.703	LB: 15206.2	GB: 15479.7	Cor: 0	Pts: 80345
Particle (45):: Fit: 15266.2	PB: 15266.2	LB: 15266.2	GB: 15479.7	Cor: 0	Pts: 100952
Particle (43):: Fit: 0.132453	PB: 0.132453	LB: 15266.2	GB: 15479.7	Cor: 0	Pts: 50727
Particle (20):: Fit: 0.132242	PB: 0.132242	LB: 14873.1	GB: 15479.7	Cor: 0	Pts: 55919
Particle (6):: Fit: 15032.2	PB: 15032.2	LB: 15479.7	GB: 15479.7	Cor: 0	Pts: 220522
Particle (28):: Fit: 14402.1	PB: 14402.1	LB: 14873.1	GB: 15479.7	Cor: 0	Pts: 130621
Particle (26):: Fit: 146.044	PB: 146.044	LB: 14873.1	GB: 15479.7	Cor: 0	Pts: 155119
Particle (21):: Fit: 0.138483	PB: 0.138483	LB: 14873.1	GB: 15479.7	Cor: 0	Pts: 65618
Particle (14):: Fit: 15021.6	PB: 15021.6	LB: 15034.6	GB: 15479.7	Cor: 0	Pts: 81020
Particle (29):: Fit: 14465.9	PB: 14465.9	LB: 14873.1	GB: 15479.7	Cor: 0	Pts: 55707
Particle (2):: Fit: 150.032	PB: 150.032	LB: 15479.7	GB: 15479.7	Cor: 0	Pts: 60579
Particle (1):: Fit: 0.13684	PB: 0.13684	LB: 15241.4	GB: 15479.7	Cor: 0	Pts: 55960
Particle (12):: Fit: 14642.4	PB: 14642.4	LB: 15034.6	GB: 15479.7	Cor: 0	Pts: 95555
Particle (27):: Fit: 0.142634	PB: 0.142634	LB: 14873.1	GB: 15479.7	Cor: 0	Pts: 60832
Particle (37):: Fit: 0.134108	PB: 0.134108	LB: 15210.3	GB: 15479.7	Cor: 0	Pts: 100240
Particle (43):: Fit: 14628.2	PB: 14628.2	LB: 15266.2	GB: 15479.7	Cor: 0	Pts: 50717
Particle (17):: Fit: 15028.2	PB: 15028.2	LB: 15034.6	GB: 15479.7	Cor: 0	Pts: 150203
Particle (38):: Fit: 16061.9	PB: 16061.9	LB: 16061.9	GB: 16061.9	Cor: 0.78	Pts: 165195
Global: 16061.9 - Correct: 78% of 100 tests
Global Best: 
  Inner Net 1
  -- 1 : 1 = 0.648133
  -- 1 : 2 = -0.152977
  -- 1 : 3 = 0.0499374
  -- 1 : 4 = 0.381379
  -- 1 : 5 = 0.218823
  -- 2 : 1 = 0.274122
  -- 2 : 2 = -0.118306
  -- 2 : 3 = 0.149849
  -- 2 : 4 = -0.241028
  -- 2 : 5 = 0.0484911
  -- 3 : 1 = 0.493663
  -- 3 : 2 = 0.267206
  -- 3 : 3 = 0.0177767
  -- 3 : 4 = -0.102139
  -- 3 : 5 = 0.347524
  -- 4 : 1 = 0.0152104
  -- 4 : 2 = -0.255559
  -- 4 : 3 = 0.432154
  -- 4 : 4 = -0.167608
  -- 4 : 5 = 0.262739
  -- 5 : 1 = 0.794546
  -- 5 : 2 = -0.11962
  -- 5 : 3 = -0.299805
  -- 5 : 4 = -0.0203493
  -- 5 : 5 = 0.292574
  -- 6 : 1 = -0.104649
  -- 6 : 2 = 0.192106
  -- 6 : 3 = 0.165782
  -- 6 : 4 = 0.0113837
  -- 6 : 5 = -0.0149717
  Inner Net 2
  -- 1 : 1 = 0.00441605
  -- 1 : 2 = 0.00644741
  -- 2 : 1 = 0.273532
  -- 2 : 2 = -0.320858
  -- 3 : 1 = 0.356699
  -- 3 : 2 = -0.62822
  -- 4 : 1 = 0.365382
  -- 4 : 2 = -0.0148767
  -- 5 : 1 = 0.0785181
  -- 5 : 2 = 0.059713
Out\Act	False		True
False	0.618753	0.223227	0.84198
True	0.0723465	0.0856735	0.15802
	0.691099	0.308901
	Accuracy [ (tp + tn) / testSize ]: 0.704426
	Precision [ tp / (tp + fp) ]:      0.276923
	Sensitivity [ tp / (tp + fn) ]:    0.540541
	Specificity [ tn / (tn + fp) ]:    0.734463
	F-Score [ 2tp / (2tp + fp + fn) ]: 0.366599
Particle (8):: Fit: 0.136084	PB: 0.136084	LB: 15479.7	GB: 16061.9	Cor: 0	Pts: 95186
Particle (8):: Fit: 0.142643	PB: 0.142643	LB: 15479.7	GB: 16061.9	Cor: 0	Pts: 95279
Particle (43):: Fit: 15039.3	PB: 15039.3	LB: 15266.2	GB: 16061.9	Cor: 0	Pts: 50763
Particle (1):: Fit: 0.14212	PB: 0.14212	LB: 15241.4	GB: 16061.9	Cor: 0	Pts: 55967
Particle (3):: Fit: 14389.5	PB: 14389.5	LB: 15479.7	GB: 16061.9	Cor: 0	Pts: 135168
Particle (0):: Fit: 0.134615	PB: 0.134615	LB: 15241.4	GB: 16061.9	Cor: 0	Pts: 229955
Particle (18):: Fit: 14899.1	PB: 14899.1	LB: 15034.6	GB: 16061.9	Cor: 0	Pts: 170159
Particle (41):: Fit: 0.140312	PB: 0.140312	LB: 16061.9	GB: 16061.9	Cor: 0	Pts: 55346
Particle (42):: Fit: 14808	PB: 14808	LB: 16061.9	GB: 16061.9	Cor: 0	Pts: 50146
Particle (37):: Fit: 14819	PB: 14819	LB: 16061.9	GB: 16061.9	Cor: 0	Pts: 100248
Particle (32):: Fit: 14425.9	PB: 14425.9	LB: 15068.7	GB: 16061.9	Cor: 0	Pts: 75725
Particle (40):: Fit: 15051.2	PB: 15051.2	LB: 16061.9	GB: 16061.9	Cor: 0	Pts: 229796
Particle (29):: Fit: 15443.4	PB: 15443.4	LB: 15443.4	GB: 16061.9	Cor: 0	Pts: 100588
Particle (5):: Fit: 15469.8	PB: 15469.8	LB: 15479.7	GB: 16061.9	Cor: 0	Pts: 145078
Particle (30):: Fit: 14499.9	PB: 14499.9	LB: 15443.4	GB: 16061.9	Cor: 0	Pts: 190377
Particle (10):: Fit: 14670.2	PB: 14670.2	LB: 15479.7	GB: 16061.9	Cor: 0	Pts: 60860
Particle (19):: Fit: 0.142125	PB: 0.142125	LB: 15034.6	GB: 16061.9	Cor: 0	Pts: 55361
Particle (39):: Fit: 14462.5	PB: 14462.5	LB: 16061.9	GB: 16061.9	Cor: 0	Pts: 60456
Particle (26):: Fit: 14821.2	PB: 14821.2	LB: 15443.4	GB: 16061.9	Cor: 0	Pts: 154942
Particle (46):: Fit: 15011.5	PB: 15011.5	LB: 15266.2	GB: 16061.9	Cor: 0	Pts: 80120
Particle (34):: Fit: 145.964	PB: 145.964	LB: 16061.9	GB: 16061.9	Cor: 0	Pts: 95315
Particle (4):: Fit: 15031.7	PB: 15031.7	LB: 15479.7	GB: 16061.9	Cor: 0	Pts: 70109
Particle (20):: Fit: 0.132319	PB: 0.132319	LB: 15028.2	GB: 16061.9	Cor: 0	Pts: 55679
Particle (16):: Fit: 14471.2	PB: 14471.2	LB: 15034.6	GB: 16061.9	Cor: 0	Pts: 84979
Particle (27):: Fit: 147.95	PB: 147.95	LB: 15443.4	GB: 16061.9	Cor: 0	Pts: 60653
Particle (41):: Fit: 15226.2	PB: 15226.2	LB: 16061.9	GB: 16061.9	Cor: 0	Pts: 55253
Particle (0):: Fit: 0.138291	PB: 0.138291	LB: 15469.8	GB: 16061.9	Cor: 0	Pts: 229839
Particle (39):: Fit: 14602.1	PB: 14602.1	LB: 16061.9	GB: 16061.9	Cor: 0	Pts: 60427
Particle (28):: Fit: 14863.7	PB: 14863.7	LB: 15443.4	GB: 16061.9	Cor: 0	Pts: 130269
Particle (48):: Fit: 14407.9	PB: 14407.9	LB: 15266.2	GB: 16061.9	Cor: 0	Pts: 50264
Particle (16):: Fit: 15107.3	PB: 15107.3	LB: 15107.3	GB: 16061.9	Cor: 0	Pts: 129955
Particle (44):: Fit: 14654	PB: 14654	LB: 15266.2	GB: 16061.9	Cor: 0	Pts: 70142
Particle (44):: Fit: 14816.2	PB: 14816.2	LB: 15266.2	GB: 16061.9	Cor: 0	Pts: 70221
Particle (19):: Fit: 145.849	PB: 145.849	LB: 15107.3	GB: 16061.9	Cor: 0	Pts: 55214
Particle (27):: Fit: 14648.2	PB: 14648.2	LB: 15443.4	GB: 16061.9	Cor: 0	Pts: 60590
Particle (11):: Fit: 14877.4	PB: 14877.4	LB: 15479.7	GB: 16061.9	Cor: 0	Pts: 60101
Particle (8):: Fit: 143.901	PB: 143.901	LB: 15479.7	GB: 16061.9	Cor: 0	Pts: 95002
Particle (39):: Fit: 14865.4	PB: 14865.4	LB: 16061.9	GB: 16061.9	Cor: 0	Pts: 60390
Particle (8):: Fit: 14864.7	PB: 14864.7	LB: 15479.7	GB: 16061.9	Cor: 0	Pts: 95101
Particle (47):: Fit: 15415.5	PB: 15415.5	LB: 15415.5	GB: 16061.9	Cor: 0	Pts: 95092
Particle (1):: Fit: 143.979	PB: 143.979	LB: 15469.8	GB: 16061.9	Cor: 0	Pts: 55694
Particle (30):: Fit: 14798.3	PB: 14798.3	LB: 15443.4	GB: 16061.9	Cor: 0	Pts: 190179
Particle (13):: Fit: 14612.4	PB: 14612.4	LB: 15107.3	GB: 16061.9	Cor: 0	Pts: 55883
Particle (8):: Fit: 15233.8	PB: 15233.8	LB: 15479.7	GB: 16061.9	Cor: 0	Pts: 100062
Particle (3):: Fit: 15467.1	PB: 15467.1	LB: 15479.7	GB: 16061.9	Cor: 0	Pts: 144739
Particle (33):: Fit: 14614.4	PB: 14614.4	LB: 16061.9	GB: 16061.9	Cor: 0	Pts: 65029
Particle (0):: Fit: 0.140405	PB: 0.140405	LB: 15469.8	GB: 16061.9	Cor: 0	Pts: 229629
Particle (46):: Fit: 15055.3	PB: 15055.3	LB: 15415.5	GB: 16061.9	Cor: 0	Pts: 79809
Particle (34):: Fit: 14885.1	PB: 14885.1	LB: 16061.9	GB: 16061.9	Cor: 0	Pts: 95002
Particle (27):: Fit: 15449.5	PB: 15449.5	LB: 15449.5	GB: 16061.9	Cor: 0	Pts: 110487
Particle (9):: Fit: 14.0198	PB: 14.0198	LB: 15479.7	GB: 16061.9	Cor: 0	Pts: 84874
Particle (26):: Fit: 15232.1	PB: 15232.1	LB: 15449.5	GB: 16061.9	Cor: 0	Pts: 159560
Particle (35):: Fit: 15072.4	PB: 15072.4	LB: 16061.9	GB: 16061.9	Cor: 0	Pts: 60021
Particle (34):: Fit: 15462.8	PB: 15462.8	LB: 16061.9	GB: 16061.9	Cor: 0	Pts: 114985
Particle (0):: Fit: 15496.7	PB: 15496.7	LB: 15496.7	GB: 16061.9	Cor: 0	Pts: 279582
Particle (2):: Fit: 14617.8	PB: 14617.8	LB: 15496.7	GB: 16061.9	Cor: 0	Pts: 59767
Particle (1):: Fit: 14677.4	PB: 14677.4	LB: 15496.7	GB: 16061.9	Cor: 0	Pts: 55344
Particle (14):: Fit: 15635.9	PB: 15635.9	LB: 15635.9	GB: 16061.9	Cor: 0	Pts: 130162
Particle (5):: Fit: 15804.3	PB: 15804.3	LB: 15804.3	GB: 16061.9	Cor: 0	Pts: 194436
Particle (21):: Fit: 14828	PB: 14828	LB: 15232.1	GB: 16061.9	Cor: 0	Pts: 64715
Particle (13):: Fit: 15034.5	PB: 15034.5	LB: 15635.9	GB: 16061.9	Cor: 0	Pts: 55649
Particle (46):: Fit: 15242.4	PB: 15242.4	LB: 15496.7	GB: 16061.9	Cor: 0	Pts: 79612
Particle (17):: Fit: 15214.7	PB: 15214.7	LB: 15635.9	GB: 16061.9	Cor: 0	Pts: 159431
Particle (6):: Fit: 15321.4	PB: 15321.4	LB: 15804.3	GB: 16061.9	Cor: 0	Pts: 219578
Particle (33):: Fit: 14870.2	PB: 14870.2	LB: 16061.9	GB: 16061.9	Cor: 0	Pts: 64757
Particle (28):: Fit: 15244.8	PB: 15244.8	LB: 15449.5	GB: 16061.9	Cor: 0	Pts: 129752
Particle (10):: Fit: 15044	PB: 15044	LB: 15635.9	GB: 16061.9	Cor: 0	Pts: 60107
Particle (30):: Fit: 14840.7	PB: 14840.7	LB: 15462.8	GB: 16061.9	Cor: 0	Pts: 189608
Particle (2):: Fit: 14875.3	PB: 14875.3	LB: 15804.3	GB: 16061.9	Cor: 0	Pts: 59616
Particle (20):: Fit: 0.134721	PB: 0.134721	LB: 15214.7	GB: 16061.9	Cor: 0	Pts: 54874
Particle (16):: Fit: 15406.6	PB: 15406.6	LB: 15635.9	GB: 16061.9	Cor: 0	Pts: 139300
Particle (33):: Fit: 15666.6	PB: 15666.6	LB: 16061.9	GB: 16061.9	Cor: 0	Pts: 89668
Particle (30):: Fit: 15432.8	PB: 15432.8	LB: 15666.6	GB: 16061.9	Cor: 0	Pts: 189660
Particle (1):: Fit: 14813.7	PB: 14813.7	LB: 15804.3	GB: 16061.9	Cor: 0	Pts: 55162
Particle (46):: Fit: 15634	PB: 15634	LB: 15634	GB: 16061.9	Cor: 0	Pts: 114439
Particle (36):: Fit: 15224.8	PB: 15224.8	LB: 16061.9	GB: 16061.9	Cor: 0	Pts: 134150
Particle (49):: Fit: 15459.7	PB: 15459.7	LB: 15634	GB: 16061.9	Cor: 0	Pts: 79119
Particle (1):: Fit: 15447	PB: 15447	LB: 15804.3	GB: 16061.9	Cor: 0	Pts: 55208
Particle (22):: Fit: 0.14237	PB: 0.14237	LB: 15449.5	GB: 16061.9	Cor: 0	Pts: 259116
Particle (18):: Fit: 15463.9	PB: 15463.9	LB: 15635.9	GB: 16061.9	Cor: 0	Pts: 188923
Particle (10):: Fit: 15446.3	PB: 15446.3	LB: 15635.9	GB: 16061.9	Cor: 0	Pts: 59788
Particle (19):: Fit: 14612.2	PB: 14612.2	LB: 15463.9	GB: 16061.9	Cor: 0	Pts: 54236
Particle (48):: Fit: 14490.1	PB: 14490.1	LB: 15634	GB: 16061.9	Cor: 0	Pts: 49128
Particle (41):: Fit: 15469	PB: 15469	LB: 16061.9	GB: 16061.9	Cor: 0	Pts: 53956
Particle (31):: Fit: 0.133956	PB: 0.133956	LB: 15666.6	GB: 16061.9	Cor: 0	Pts: 53601
Particle (9):: Fit: 14.0199	PB: 14.0199	LB: 15804.3	GB: 16061.9	Cor: 0	Pts: 83915
Particle (12):: Fit: 14823.2	PB: 14823.2	LB: 15635.9	GB: 16061.9	Cor: 0	Pts: 93921
Particle (22):: Fit: 14602.8	PB: 14602.8	LB: 15463.9	GB: 16061.9	Cor: 0	Pts: 258802
Particle (40):: Fit: 15222.7	PB: 15222.7	LB: 16061.9	GB: 16061.9	Cor: 0	Pts: 228275
Particle (25):: Fit: 14920.1	PB: 14920.1	LB: 15449.5	GB: 16061.9	Cor: 0	Pts: 153584
Particle (19):: Fit: 14843.4	PB: 14843.4	LB: 15463.9	GB: 16061.9	Cor: 0	Pts: 54063
Particle (36):: Fit: 15887	PB: 15887	LB: 16061.9	GB: 16061.9	Cor: 0	Pts: 143662
Particle (2):: Fit: 15655.2	PB: 15655.2	LB: 15804.3	GB: 16061.9	Cor: 0	Pts: 73957
Particle (21):: Fit: 15210.4	PB: 15210.4	LB: 15463.9	GB: 16061.9	Cor: 0	Pts: 63750
Particle (12):: Fit: 15206.4	PB: 15206.4	LB: 15635.9	GB: 16061.9	Cor: 0	Pts: 93690
Particle (23):: Fit: 15239	PB: 15239	LB: 15449.5	GB: 16061.9	Cor: 0	Pts: 63484
Particle (39):: Fit: 14912.4	PB: 14912.4	LB: 16061.9	GB: 16061.9	Cor: 0	Pts: 58876
Particle (42):: Fit: 14837.4	PB: 14837.4	LB: 16061.9	GB: 16061.9	Cor: 0	Pts: 48253
Particle (33):: Fit: 16033.1	PB: 16033.1	LB: 16061.9	GB: 16061.9	Cor: 0	Pts: 113810
Particle (19):: Fit: 15266.2	PB: 15266.2	LB: 15463.9	GB: 16061.9	Cor: 0	Pts: 53724
Particle (32):: Fit: 15237.4	PB: 15237.4	LB: 16033.1	GB: 16061.9	Cor: 0	Pts: 73635
Particle (43):: Fit: 15232.2	PB: 15232.2	LB: 15634	GB: 16061.9	Cor: 0	Pts: 48583
Particle (19):: Fit: 15319.7	PB: 15319.7	LB: 15463.9	GB: 16061.9	Cor: 0	Pts: 53655
Particle (39):: Fit: 15304	PB: 15304	LB: 16061.9	GB: 16061.9	Cor: 0	Pts: 58594
Particle (48):: Fit: 14843.3	PB: 14843.3	LB: 15655.2	GB: 16061.9	Cor: 0	Pts: 48385
Particle (18):: Fit: 15626.1	PB: 15626.1	LB: 15635.9	GB: 16061.9	Cor: 0	Pts: 207995
Particle (46):: Fit: 15646.9	PB: 15646.9	LB: 15646.9	GB: 16061.9	Cor: 0	Pts: 133240
Particle (44):: Fit: 15405.4	PB: 15405.4	LB: 15646.9	GB: 16061.9	Cor: 0	Pts: 68243
Particle (22):: Fit: 15879.3	PB: 15879.3	LB: 15879.3	GB: 16061.9	Cor: 0	Pts: 308095
Particle (6):: Fit: 15626.6	PB: 15626.6	LB: 15804.3	GB: 16061.9	Cor: 0	Pts: 217977
Particle (12):: Fit: 15270.5	PB: 15270.5	LB: 15635.9	GB: 16061.9	Cor: 0	Pts: 93150
Particle (35):: Fit: 15628.9	PB: 15628.9	LB: 16061.9	GB: 16061.9	Cor: 0	Pts: 58166
Particle (44):: Fit: 15827.3	PB: 15827.3	LB: 15827.3	GB: 16061.9	Cor: 0	Pts: 98068
Particle (35):: Fit: 16015.7	PB: 16015.7	LB: 16061.9	GB: 16061.9	Cor: 0	Pts: 58169
Particle (25):: Fit: 15253.2	PB: 15253.2	LB: 15879.3	GB: 16061.9	Cor: 0	Pts: 152596
Particle (28):: Fit: 15844.1	PB: 15844.1	LB: 16033.1	GB: 16061.9	Cor: 0	Pts: 132916
Particle (35):: Fit: 16016.4	PB: 16016.4	LB: 16061.9	GB: 16061.9	Cor: 0	Pts: 58049
Particle (4):: Fit: 15262.3	PB: 15262.3	LB: 15804.3	GB: 16061.9	Cor: 0	Pts: 67249
Particle (8):: Fit: 15671.8	PB: 15671.8	LB: 15804.3	GB: 16061.9	Cor: 0	Pts: 112498
Particle (37):: Fit: 15879.6	PB: 15879.6	LB: 16061.9	GB: 16061.9	Cor: 0	Pts: 97182
Particle (16):: Fit: 15663.5	PB: 15663.5	LB: 15663.5	GB: 16061.9	Cor: 0	Pts: 157225
Particle (36):: Fit: 16078.6	PB: 16078.6	LB: 16078.6	GB: 16078.6	Cor: 0.78	Pts: 202197
Global: 16078.6 - Correct: 78% of 100 tests
Global Best: 
  Inner Net 1
  -- 1 : 1 = 0.87395
  -- 1 : 2 = 0.0098029
  -- 1 : 3 = -0.0932729
  -- 1 : 4 = -0.244927
  -- 1 : 5 = 0.165774
  -- 2 : 1 = 0.0722591
  -- 2 : 2 = 0.217917
  -- 2 : 3 = -0.396867
  -- 2 : 4 = 0.219325
  -- 2 : 5 = -0.0728334
  -- 3 : 1 = -0.0498673
  -- 3 : 2 = 0.121411
  -- 3 : 3 = -0.0544921
  -- 3 : 4 = 0.167814
  -- 3 : 5 = 0.310298
  -- 4 : 1 = 0.111669
  -- 4 : 2 = 0.0250885
  -- 4 : 3 = -0.346145
  -- 4 : 4 = 0.313542
  -- 4 : 5 = -0.158868
  -- 5 : 1 = -0.5
  -- 5 : 2 = -0.0216832
  -- 5 : 3 = -0.0422813
  -- 5 : 4 = 0.00250018
  -- 5 : 5 = 0.00859608
  -- 6 : 1 = 0.215168
  -- 6 : 2 = 0.198026
  -- 6 : 3 = 0.111204
  -- 6 : 4 = -0.123332
  -- 6 : 5 = 0.0518571
  Inner Net 2
  -- 1 : 1 = 0.00297964
  -- 1 : 2 = -0.357598
  -- 2 : 1 = 0.118367
  -- 2 : 2 = 0.685391
  -- 3 : 1 = -0.194058
  -- 3 : 2 = 0.154185
  -- 4 : 1 = 0.598855
  -- 4 : 2 = -0.190779
  -- 5 : 1 = -0.213191
  -- 5 : 2 = -0.320277
Out\Act	False		True
False	0.78772	0.0542599	0.84198
True	0.105188	0.052832	0.15802
	0.892908	0.107092
	Accuracy [ (tp + tn) / testSize ]: 0.840552
	Precision [ tp / (tp + fp) ]:      0.49115
	Sensitivity [ tp / (tp + fn) ]:    0.333333
	Specificity [ tn / (tn + fp) ]:    0.935028
	F-Score [ 2tp / (2tp + fp + fn) ]: 0.397849
Particle (41):: Fit: 15640.7	PB: 15640.7	LB: 16061.9	GB: 16078.6	Cor: 0	Pts: 52120
Particle (11):: Fit: 15453.9	PB: 15453.9	LB: 15671.8	GB: 16078.6	Cor: 0	Pts: 56993
Particle (4):: Fit: 15502.2	PB: 15502.2	LB: 15804.3	GB: 16078.6	Cor: 0	Pts: 66949
Particle (32):: Fit: 15430.1	PB: 15430.1	LB: 16078.6	GB: 16078.6	Cor: 0	Pts: 72443
Particle (24):: Fit: 14653.9	PB: 14653.9	LB: 15879.3	GB: 16078.6	Cor: 0	Pts: 101542
Particle (24):: Fit: 14669.7	PB: 14669.7	LB: 15879.3	GB: 16078.6	Cor: 0	Pts: 101558
Particle (9):: Fit: 14.961	PB: 14.961	LB: 15804.3	GB: 16078.6	Cor: 0	Pts: 81891
Particle (16):: Fit: 15874	PB: 15874	LB: 15874	GB: 16078.6	Cor: 0	Pts: 186810
Particle (12):: Fit: 15424.9	PB: 15424.9	LB: 15874	GB: 16078.6	Cor: 0	Pts: 91855
Particle (11):: Fit: 15649.7	PB: 15649.7	LB: 15874	GB: 16078.6	Cor: 0	Pts: 56609
Particle (17):: Fit: 15251.5	PB: 15251.5	LB: 15879.3	GB: 16078.6	Cor: 0	Pts: 156345
Particle (43):: Fit: 15640.4	PB: 15640.4	LB: 15827.3	GB: 16078.6	Cor: 0	Pts: 46713
Particle (24):: Fit: 14826	PB: 14826	LB: 15879.3	GB: 16078.6	Cor: 0	Pts: 101018
Particle (12):: Fit: 15851.1	PB: 15851.1	LB: 15874	GB: 16078.6	Cor: 0	Pts: 111579
Particle (21):: Fit: 15215.4	PB: 15215.4	LB: 15879.3	GB: 16078.6	Cor: 0	Pts: 61267
Particle (14):: Fit: 15882	PB: 15882	LB: 15882	GB: 16078.6	Cor: 0	Pts: 176627
Global Best: 
  Inner Net 1
  -- 1 : 1 = 0.87395
  -- 1 : 2 = 0.0098029
  -- 1 : 3 = -0.0932729
  -- 1 : 4 = -0.244927
  -- 1 : 5 = 0.165774
  -- 2 : 1 = 0.0722591
  -- 2 : 2 = 0.217917
  -- 2 : 3 = -0.396867
  -- 2 : 4 = 0.219325
  -- 2 : 5 = -0.0728334
  -- 3 : 1 = -0.0498673
  -- 3 : 2 = 0.121411
  -- 3 : 3 = -0.0544921
  -- 3 : 4 = 0.167814
  -- 3 : 5 = 0.310298
  -- 4 : 1 = 0.111669
  -- 4 : 2 = 0.0250885
  -- 4 : 3 = -0.346145
  -- 4 : 4 = 0.313542
  -- 4 : 5 = -0.158868
  -- 5 : 1 = -0.5
  -- 5 : 2 = -0.0216832
  -- 5 : 3 = -0.0422813
  -- 5 : 4 = 0.00250018
  -- 5 : 5 = 0.00859608
  -- 6 : 1 = 0.215168
  -- 6 : 2 = 0.198026
  -- 6 : 3 = 0.111204
  -- 6 : 4 = -0.123332
  -- 6 : 5 = 0.0518571
  Inner Net 2
  -- 1 : 1 = 0.00297964
  -- 1 : 2 = -0.357598
  -- 2 : 1 = 0.118367
  -- 2 : 2 = 0.685391
  -- 3 : 1 = -0.194058
  -- 3 : 2 = 0.154185
  -- 4 : 1 = 0.598855
  -- 4 : 2 = -0.190779
  -- 5 : 1 = -0.213191
  -- 5 : 2 = -0.320277
Out\Act	False		True
False	0.78772	0.0542599	0.84198
True	0.105188	0.052832	0.15802
	0.892908	0.107092
	Accuracy [ (tp + tn) / testSize ]: 0.840552
	Precision [ tp / (tp + fp) ]:      0.49115
	Sensitivity [ tp / (tp + fn) ]:    0.333333
	Specificity [ tn / (tn + fp) ]:    0.935028
	F-Score [ 2tp / (2tp + fp + fn) ]: 0.397849
