
Date / Time: Fri Mar 31 01:58:08 2017

   ****************************************
   * PSO Neural Net (Gaussian Activation) *
   *       by William Boler, BSCE         *
   *     Research Assistant, IUPUI        *
   *                                      *
   *  Professor: Dr. Lauren Christopher   *
   *     Created: March 13, 2017          *
   ****************************************


Inputs: 10
Inner Nets: 1
 - 9
Tests per train(min): 100
Particles: 50
Neighbors: 10
Minimum Particle Iterations: 1000
Particle (0):: Fit: 1102.15	PB: 1102.15	LB: 1102.15	GB: 1102.15	Conf: 2	Pts: 110099
Particle (1):: Fit: 0.087885	PB: 0.087885	LB: 1102.15	GB: 1102.15	Conf: 2	Pts: 55099
Particle (2):: Fit: 1081.86	PB: 1081.86	LB: 1102.15	GB: 1102.15	Conf: 2	Pts: 60099
Particle (3):: Fit: 0.00961513	PB: 0.00961513	LB: 1102.15	GB: 1102.15	Conf: 0.31509	Pts: 55099
Particle (4):: Fit: 1102.15	PB: 1102.15	LB: 1102.15	GB: 1102.15	Conf: 2	Pts: 70099
Particle (5):: Fit: 1102.18	PB: 1102.18	LB: 1102.18	GB: 1102.18	Conf: 0.775855	Pts: 110099
Particle (6):: Fit: 0.100069	PB: 0.100069	LB: 1102.18	GB: 1102.18	Conf: 1.98543	Pts: 55099
Particle (7):: Fit: 0.0919453	PB: 0.0919453	LB: 1102.18	GB: 1102.18	Conf: 2	Pts: 55099
Particle (8):: Fit: 1081.85	PB: 1081.85	LB: 1102.18	GB: 1102.18	Conf: 1.96316	Pts: 65099
Particle (9):: Fit: 0.087885	PB: 0.087885	LB: 1102.18	GB: 1102.18	Conf: 2	Pts: 55099
Particle (10):: Fit: 1041.26	PB: 1041.26	LB: 1081.85	GB: 1102.18	Conf: 2	Pts: 60099
Particle (11):: Fit: 0.0980377	PB: 0.0980377	LB: 1081.85	GB: 1102.18	Conf: 1.7726	Pts: 55099
Particle (12):: Fit: 0.0919453	PB: 0.0919453	LB: 1081.85	GB: 1102.18	Conf: 2	Pts: 55099
Particle (13):: Fit: 0.0919453	PB: 0.0919453	LB: 1041.26	GB: 1102.18	Conf: 2	Pts: 55099
Particle (14):: Fit: 0.00881415	PB: 0.00881415	LB: 1041.26	GB: 1102.18	Conf: 0.144413	Pts: 55099
Particle (15):: Fit: 1122.45	PB: 1122.45	LB: 1122.45	GB: 1122.45	Conf: 2	Pts: 110099
Particle (16):: Fit: 114.17	PB: 114.17	LB: 1122.45	GB: 1122.45	Conf: 0.375988	Pts: 55099
Particle (17):: Fit: 1223.95	PB: 1223.95	LB: 1223.95	GB: 1223.95	Conf: 2	Pts: 110099
Particle (18):: Fit: 1122.45	PB: 1122.45	LB: 1223.95	GB: 1223.95	Conf: 2	Pts: 55099
Particle (19):: Fit: 1122.46	PB: 1122.46	LB: 1223.95	GB: 1223.95	Conf: 1.97164	Pts: 60099
Particle (20):: Fit: 0.0919483	PB: 0.0919483	LB: 1223.95	GB: 1223.95	Conf: 0.134642	Pts: 55099
Particle (21):: Fit: 1061.62	PB: 1061.62	LB: 1223.95	GB: 1223.95	Conf: 1.0868	Pts: 60099
Particle (22):: Fit: 0.0755889	PB: 0.0755889	LB: 1122.46	GB: 1223.95	Conf: 1.3452	Pts: 55099
Particle (23):: Fit: 1163.05	PB: 1163.05	LB: 1163.05	GB: 1223.95	Conf: 2	Pts: 80099
Particle (24):: Fit: 0.100067	PB: 0.100067	LB: 1163.05	GB: 1223.95	Conf: 1.91515	Pts: 55099
Particle (25):: Fit: 0.0858548	PB: 0.0858548	LB: 1163.05	GB: 1223.95	Conf: 2	Pts: 55099
Particle (26):: Fit: 0.0960066	PB: 0.0960066	LB: 1163.05	GB: 1223.95	Conf: 1.80706	Pts: 60099
Particle (27):: Fit: 1041.26	PB: 1041.26	LB: 1163.05	GB: 1223.95	Conf: 2	Pts: 70099
Particle (28):: Fit: 0.00961506	PB: 0.00961506	LB: 1041.26	GB: 1223.95	Conf: 0.722902	Pts: 55099
Particle (29):: Fit: 12220.5	PB: 12220.5	LB: 12220.5	GB: 12220.5	Conf: 1.08039	Pts: 110099
Particle (30):: Fit: 0.0858577	PB: 0.0858577	LB: 12220.5	GB: 12220.5	Conf: 1.95746	Pts: 55099
Particle (31):: Fit: 0.100069	PB: 0.100069	LB: 12220.5	GB: 12220.5	Conf: 1.98665	Pts: 60099
Particle (32):: Fit: 102.096	PB: 102.096	LB: 12220.5	GB: 12220.5	Conf: 1.98339	Pts: 65099
Particle (33):: Fit: 1.00101	PB: 1.00101	LB: 12220.5	GB: 12220.5	Conf: 1.91533	Pts: 55099
Particle (34):: Fit: 102.096	PB: 102.096	LB: 102.096	GB: 12220.5	Conf: 1.98872	Pts: 75099
Particle (35):: Fit: 0.00841375	PB: 0.00841375	LB: 102.096	GB: 12220.5	Conf: 0.704545	Pts: 55099
Particle (36):: Fit: 10.0156	PB: 10.0156	LB: 102.096	GB: 12220.5	Conf: 0.486913	Pts: 60099
Particle (37):: Fit: 0.100103	PB: 0.100103	LB: 102.096	GB: 12220.5	Conf: 1.88792	Pts: 55099
Particle (38):: Fit: 1203.71	PB: 1203.71	LB: 1203.71	GB: 12220.5	Conf: 0.487636	Pts: 95099
Particle (39):: Fit: 106.163	PB: 106.163	LB: 1203.71	GB: 12220.5	Conf: 0.568372	Pts: 55099
Particle (40):: Fit: 1183.35	PB: 1183.35	LB: 1203.71	GB: 12220.5	Conf: 2	Pts: 60099
Particle (41):: Fit: 102.096	PB: 102.096	LB: 1203.71	GB: 12220.5	Conf: 1.92165	Pts: 50099
Particle (42):: Fit: 1101.99	PB: 1101.99	LB: 1203.71	GB: 12220.5	Conf: 1.12178	Pts: 50099
Particle (43):: Fit: 0.0980355	PB: 0.0980355	LB: 1183.35	GB: 12220.5	Conf: 1.74907	Pts: 50099
Particle (44):: Fit: 1.00047	PB: 1.00047	LB: 1183.35	GB: 12220.5	Conf: 1.0309	Pts: 50099
Particle (45):: Fit: 0.0960055	PB: 0.0960055	LB: 1102.15	GB: 12220.5	Conf: 2	Pts: 50099
Particle (46):: Fit: 110.162	PB: 110.162	LB: 1102.15	GB: 12220.5	Conf: 0.954002	Pts: 50099
Particle (47):: Fit: 0.0960055	PB: 0.0960055	LB: 1102.15	GB: 12220.5	Conf: 2	Pts: 50099
Particle (48):: Fit: 1041.27	PB: 1041.27	LB: 1102.15	GB: 12220.5	Conf: 1.43278	Pts: 50099
Particle (49):: Fit: 102.097	PB: 102.097	LB: 1102.15	GB: 12220.5	Conf: 1.61813	Pts: 50099
Global: 12220.5 - Correct: 52% of 100 tests
Global Best: 
  Inner Net 1
  -- 1 : 1 = 0.1287
  -- 1 : 2 = 0.4591
  -- 1 : 3 = 0.8625
  -- 1 : 4 = 0.8668
  -- 1 : 5 = 0.2516
  -- 1 : 6 = 0.3106
  -- 1 : 7 = 0.6535
  -- 1 : 8 = 0.9019
  -- 1 : 9 = 0.3283
  -- 2 : 1 = 0.3776
  -- 2 : 2 = 0.9688
  -- 2 : 3 = 0.2898
  -- 2 : 4 = 0.4064
  -- 2 : 5 = 0.9208
  -- 2 : 6 = 0.7947
  -- 2 : 7 = 0.1295
  -- 2 : 8 = 0.9311
  -- 2 : 9 = 0.3817
  -- 3 : 1 = 0.0048
  -- 3 : 2 = 0.7979
  -- 3 : 3 = 0.0932
  -- 3 : 4 = 0.111
  -- 3 : 5 = 0.6299
  -- 3 : 6 = 0.4672
  -- 3 : 7 = 0.0983
  -- 3 : 8 = 0.6719
  -- 3 : 9 = 0.9298
  -- 4 : 1 = 0.2744
  -- 4 : 2 = 0.869
  -- 4 : 3 = 0.5469
  -- 4 : 4 = 0.3861
  -- 4 : 5 = 0.8392
  -- 4 : 6 = 0.9485
  -- 4 : 7 = 0.4333
  -- 4 : 8 = 0.5214
  -- 4 : 9 = 0.7901
  -- 5 : 1 = 0.4989
  -- 5 : 2 = 0.0626
  -- 5 : 3 = 0.1097
  -- 5 : 4 = 0.3526
  -- 5 : 5 = 0.6088
  -- 5 : 6 = 0.8964
  -- 5 : 7 = 0.4069
  -- 5 : 8 = 0.597
  -- 5 : 9 = 0.4668
  -- 6 : 1 = 0.9149
  -- 6 : 2 = 0.6267
  -- 6 : 3 = 0.5067
  -- 6 : 4 = 0.568
  -- 6 : 5 = 0.0614
  -- 6 : 6 = 0.184
  -- 6 : 7 = 0.1251
  -- 6 : 8 = 0.7259
  -- 6 : 9 = 0.9165
  -- 7 : 1 = 0.591
  -- 7 : 2 = 0.1293
  -- 7 : 3 = 0.1636
  -- 7 : 4 = 0.1322
  -- 7 : 5 = 0.9943
  -- 7 : 6 = 0.3488
  -- 7 : 7 = 0.3049
  -- 7 : 8 = 0.509
  -- 7 : 9 = 0.5396
  -- 8 : 1 = 0.0215
  -- 8 : 2 = 0.4148
  -- 8 : 3 = 0.8908
  -- 8 : 4 = 0.7403
  -- 8 : 5 = 0.7101
  -- 8 : 6 = 0.6011
  -- 8 : 7 = 0.7154
  -- 8 : 8 = 0.5911
  -- 8 : 9 = 0.0967
  -- 9 : 1 = 0.7751
  -- 9 : 2 = 0.1194
  -- 9 : 3 = 0.6477
  -- 9 : 4 = 0.3666
  -- 9 : 5 = 0.8055
  -- 9 : 6 = 0.0325
  -- 9 : 7 = 0.6596
  -- 9 : 8 = 0.2912
  -- 9 : 9 = 0.6774
  -- 10 : 1 = 0.0712
  -- 10 : 2 = 0.1316
  -- 10 : 3 = 0.0412
  -- 10 : 4 = 0.0154
  -- 10 : 5 = 0.2025
  -- 10 : 6 = 0.8019
  -- 10 : 7 = 0.2454
  -- 10 : 8 = 0.2127
  -- 10 : 9 = 0.3276
  Inner Net 2
  -- 1 : 1 = 0.4019
  -- 1 : 2 = -0.19422
  -- 2 : 1 = -0.0213
  -- 2 : 2 = -0.0478279
  -- 3 : 1 = 0.0920094
  -- 3 : 2 = -0.0444586
  -- 4 : 1 = 0.2715
  -- 4 : 2 = -0.0449024
  -- 5 : 1 = -0.153148
  -- 5 : 2 = -0.140457
  -- 6 : 1 = -0.2514
  -- 6 : 2 = -0.2685
  -- 7 : 1 = -0.1932
  -- 7 : 2 = -0.0906669
  -- 8 : 1 = 0.3808
  -- 8 : 2 = -0.0719
  -- 9 : 1 = -0.0273
  -- 9 : 2 = -0.172284
Out\Act	False		True
False	0.84198	0	0.84198
True	0.15802	0	0.15802
	1	0
	Accuracy [ (tp + tn) / testSize ]: 0.84198
	Precision [ tp / (tp + fp) ]:      0
	Sensitivity [ tp / (tp + fn) ]:    0
	Specificity [ tn / (tn + fp) ]:    0.999435
	F-Score [ 2tp / (2tp + fp + fn) ]: 0
Particle (1):: Fit: 1041.26	PB: 1041.26	LB: 1102.18	GB: 12220.5	Conf: 2	Pts: 55198
Particle (2):: Fit: 1163.05	PB: 1163.05	LB: 1163.05	GB: 12220.5	Conf: 2	Pts: 110198
Particle (3):: Fit: 1183.45	PB: 1183.45	LB: 1183.45	GB: 12220.5	Conf: 0.7987	Pts: 105198
Particle (6):: Fit: 1122.45	PB: 1122.45	LB: 1183.45	GB: 12220.5	Conf: 2	Pts: 65198
Particle (7):: Fit: 0.0939754	PB: 0.0939754	LB: 1183.45	GB: 12220.5	Conf: 2	Pts: 55198
Particle (8):: Fit: 1122.67	PB: 1122.67	LB: 1122.67	GB: 12220.5	Conf: 1.96727	Pts: 85198
Particle (9):: Fit: 1223.95	PB: 1223.95	LB: 1223.95	GB: 12220.5	Conf: 2	Pts: 95198
Particle (10):: Fit: 1081.86	PB: 1081.86	LB: 1223.95	GB: 12220.5	Conf: 2	Pts: 60198
Particle (11):: Fit: 12243.1	PB: 12243.1	LB: 12243.1	GB: 12243.1	Conf: 1.83418	Pts: 115198
Particle (12):: Fit: 102.096	PB: 102.096	LB: 12243.1	GB: 12243.1	Conf: 2	Pts: 55198
Particle (14):: Fit: 1122.5	PB: 1122.5	LB: 12243.1	GB: 12243.1	Conf: 0.969819	Pts: 55198
Particle (22):: Fit: 0.100069	PB: 0.100069	LB: 1163.05	GB: 12243.1	Conf: 1.43909	Pts: 55198
Particle (25):: Fit: 0.0919453	PB: 0.0919453	LB: 12220.5	GB: 12243.1	Conf: 2	Pts: 55198
Particle (27):: Fit: 1061.56	PB: 1061.56	LB: 12220.5	GB: 12243.1	Conf: 2	Pts: 70198
Particle (28):: Fit: 106.162	PB: 106.162	LB: 12220.5	GB: 12243.1	Conf: 0.687974	Pts: 55198
Particle (30):: Fit: 1081.86	PB: 1081.86	LB: 12220.5	GB: 12243.1	Conf: 2	Pts: 55198
Particle (31):: Fit: 1041.26	PB: 1041.26	LB: 12220.5	GB: 12243.1	Conf: 2	Pts: 60198
Particle (33):: Fit: 1122.48	PB: 1122.48	LB: 12220.5	GB: 12243.1	Conf: 1.92736	Pts: 55198
Particle (34):: Fit: 1183.43	PB: 1183.43	LB: 1203.71	GB: 12243.1	Conf: 1.9854	Pts: 75198
Particle (35):: Fit: 0.00981522	PB: 0.00981522	LB: 1203.71	GB: 12243.1	Conf: 0.213526	Pts: 55197
Particle (36):: Fit: 1041.33	PB: 1041.33	LB: 1203.71	GB: 12243.1	Conf: 0.663806	Pts: 60198
Particle (41):: Fit: 1061.57	PB: 1061.57	LB: 1203.71	GB: 12243.1	Conf: 1.92486	Pts: 50198
Particle (45):: Fit: 1061.56	PB: 1061.56	LB: 1102.15	GB: 12243.1	Conf: 2	Pts: 50198
Particle (47):: Fit: 1061.56	PB: 1061.56	LB: 1163.05	GB: 12243.1	Conf: 2	Pts: 50198
Global: 12243.1 - Correct: 45% of 100 tests
Global Best: 
  Inner Net 1
  -- 1 : 1 = 0.6758
  -- 1 : 2 = 0.6414
  -- 1 : 3 = 0.5912
  -- 1 : 4 = 0.996
  -- 1 : 5 = 0.6612
  -- 1 : 6 = 0.2491
  -- 1 : 7 = 0.3845
  -- 1 : 8 = 0.5244
  -- 1 : 9 = 0.2501
  -- 2 : 1 = 0.1997
  -- 2 : 2 = 0.3661
  -- 2 : 3 = 0.8904
  -- 2 : 4 = 0.5716
  -- 2 : 5 = 0.9831
  -- 2 : 6 = 0.7528
  -- 2 : 7 = 0.6835
  -- 2 : 8 = 0.1596
  -- 2 : 9 = 0.175
  -- 3 : 1 = 0.9236
  -- 3 : 2 = 0.1062
  -- 3 : 3 = 0.1968
  -- 3 : 4 = 0.8163
  -- 3 : 5 = 0.9493
  -- 3 : 6 = 0.093
  -- 3 : 7 = 0.0765
  -- 3 : 8 = 0.5606
  -- 3 : 9 = 0.9164
  -- 4 : 1 = 0.834
  -- 4 : 2 = 0.0717
  -- 4 : 3 = 0.5281
  -- 4 : 4 = 0.3756
  -- 4 : 5 = 0.8168
  -- 4 : 6 = 0.4493
  -- 4 : 7 = 0.7068
  -- 4 : 8 = 0.652
  -- 4 : 9 = 0.4333
  -- 5 : 1 = 0.229
  -- 5 : 2 = 0.4748
  -- 5 : 3 = 0.9216
  -- 5 : 4 = 0.8632
  -- 5 : 5 = 0.6647
  -- 5 : 6 = 0.729
  -- 5 : 7 = 0.5118
  -- 5 : 8 = 0.3882
  -- 5 : 9 = 0.9273
  -- 6 : 1 = 0.8065
  -- 6 : 2 = 0.0364
  -- 6 : 3 = 0.4198
  -- 6 : 4 = 0.5559
  -- 6 : 5 = 0.0888
  -- 6 : 6 = 0.1193
  -- 6 : 7 = 0.3758
  -- 6 : 8 = 0.0036
  -- 6 : 9 = 0.7329
  -- 7 : 1 = 0.5916
  -- 7 : 2 = 0.1997
  -- 7 : 3 = 0.9376
  -- 7 : 4 = 0.7136
  -- 7 : 5 = 0.2391
  -- 7 : 6 = 0.8267
  -- 7 : 7 = 0.6966
  -- 7 : 8 = 0.1136
  -- 7 : 9 = 0.6639
  -- 8 : 1 = 0.0492
  -- 8 : 2 = 0.1031
  -- 8 : 3 = 0.9507
  -- 8 : 4 = 0.6571
  -- 8 : 5 = 0.089
  -- 8 : 6 = 0.2646
  -- 8 : 7 = 0.6057
  -- 8 : 8 = 0.2188
  -- 8 : 9 = 0.9428
  -- 9 : 1 = 0.2853
  -- 9 : 2 = 0.3987
  -- 9 : 3 = 0.006
  -- 9 : 4 = 0.6391
  -- 9 : 5 = 0.4592
  -- 9 : 6 = 0.4567
  -- 9 : 7 = 0.7113
  -- 9 : 8 = 0.3036
  -- 9 : 9 = 0.036
  -- 10 : 1 = 0.3415
  -- 10 : 2 = 0.9108
  -- 10 : 3 = 0.5106
  -- 10 : 4 = 0.3012
  -- 10 : 5 = 0.9181
  -- 10 : 6 = 0.1429
  -- 10 : 7 = 0.371
  -- 10 : 8 = 0.6131
  -- 10 : 9 = 0.1226
  Inner Net 2
  -- 1 : 1 = -0.04312
  -- 1 : 2 = -0.2288
  -- 2 : 1 = -0.280632
  -- 2 : 2 = -0.1424
  -- 3 : 1 = -0.188277
  -- 3 : 2 = -0.164964
  -- 4 : 1 = -0.5446
  -- 4 : 2 = -0.202235
  -- 5 : 1 = -0.275777
  -- 5 : 2 = -0.0200492
  -- 6 : 1 = -0.0038
  -- 6 : 2 = -0.453917
  -- 7 : 1 = 0.491791
  -- 7 : 2 = -0.3893
  -- 8 : 1 = -0.1641
  -- 8 : 2 = -0.102298
  -- 9 : 1 = -0.1217
  -- 9 : 2 = -0.395936
Out\Act	False		True
False	0.84198	0	0.84198
True	0.15802	0	0.15802
	1	0
	Accuracy [ (tp + tn) / testSize ]: 0.84198
	Precision [ tp / (tp + fp) ]:      0
	Sensitivity [ tp / (tp + fn) ]:    0
	Specificity [ tn / (tn + fp) ]:    0.999435
	F-Score [ 2tp / (2tp + fp + fn) ]: 0
Particle (1):: Fit: 1081.86	PB: 1081.86	LB: 1183.45	GB: 12243.1	Conf: 2	Pts: 55297
Particle (7):: Fit: 1081.86	PB: 1081.86	LB: 12243.1	GB: 12243.1	Conf: 2	Pts: 55297
Particle (13):: Fit: 0.100066	PB: 0.100066	LB: 12243.1	GB: 12243.1	Conf: 2	Pts: 55197
Particle (20):: Fit: 0.0919504	PB: 0.0919504	LB: 1223.95	GB: 12243.1	Conf: 0.557666	Pts: 55197
Particle (21):: Fit: 1142.84	PB: 1142.84	LB: 1223.95	GB: 12243.1	Conf: 0.70946	Pts: 60196
Particle (25):: Fit: 0.0939754	PB: 0.0939754	LB: 12220.5	GB: 12243.1	Conf: 2	Pts: 55297
Particle (30):: Fit: 1163.13	PB: 1163.13	LB: 12220.5	GB: 12243.1	Conf: 1.96501	Pts: 55297
Particle (32):: Fit: 1122.46	PB: 1122.46	LB: 12220.5	GB: 12243.1	Conf: 1.9888	Pts: 65197
Particle (36):: Fit: 1096.75	PB: 1096.75	LB: 1203.71	GB: 12243.1	Conf: 0.60936	Pts: 60297
Particle (37):: Fit: 0.980915	PB: 0.980915	LB: 1203.71	GB: 12243.1	Conf: 1.96716	Pts: 55197
Particle (39):: Fit: 1102.22	PB: 1102.22	LB: 1203.71	GB: 12243.1	Conf: 0.196282	Pts: 55197
Particle (41):: Fit: 1122.46	PB: 1122.46	LB: 1203.71	GB: 12243.1	Conf: 1.97706	Pts: 55297
Particle (43):: Fit: 0.100066	PB: 0.100066	LB: 1183.35	GB: 12243.1	Conf: 1.72491	Pts: 50197
Particle (49):: Fit: 1102.17	PB: 1102.17	LB: 1183.45	GB: 12243.1	Conf: 1.18959	Pts: 55197
Particle (0):: Fit: 1122.45	PB: 1122.45	LB: 1183.45	GB: 12243.1	Conf: 2	Pts: 115196
Particle (5):: Fit: 1163.07	PB: 1163.07	LB: 1223.95	GB: 12243.1	Conf: 1.3028	Pts: 110196
Particle (10):: Fit: 1142.75	PB: 1142.75	LB: 12243.1	GB: 12243.1	Conf: 2	Pts: 60296
Particle (13):: Fit: 1061.56	PB: 1061.56	LB: 12243.1	GB: 12243.1	Conf: 2	Pts: 55296
Particle (18):: Fit: 1163.05	PB: 1163.05	LB: 1223.95	GB: 12243.1	Conf: 2	Pts: 55196
Particle (19):: Fit: 1163.05	PB: 1163.05	LB: 1223.95	GB: 12243.1	Conf: 1.98186	Pts: 70196
Particle (20):: Fit: 1102.19	PB: 1102.19	LB: 1223.95	GB: 12243.1	Conf: 0.979758	Pts: 55296
Particle (26):: Fit: 1.00116	PB: 1.00116	LB: 12220.5	GB: 12243.1	Conf: 1.86813	Pts: 60196
Particle (27):: Fit: 1081.86	PB: 1081.86	LB: 12220.5	GB: 12243.1	Conf: 2	Pts: 70296
Particle (35):: Fit: 0.0939761	PB: 0.0939761	LB: 1203.71	GB: 12243.1	Conf: 0.897476	Pts: 55295
Particle (43):: Fit: 0.939206	PB: 0.939206	LB: 1183.35	GB: 12243.1	Conf: 1.73863	Pts: 50296
Particle (44):: Fit: 1035.09	PB: 1035.09	LB: 1183.35	GB: 12243.1	Conf: 1.29841	Pts: 50196
Particle (2):: Fit: 1203.65	PB: 1203.65	LB: 1203.65	GB: 12243.1	Conf: 2	Pts: 145295
Particle (12):: Fit: 1203.65	PB: 1203.65	LB: 12243.1	GB: 12243.1	Conf: 2	Pts: 55295
Particle (14):: Fit: 1122.54	PB: 1122.54	LB: 12243.1	GB: 12243.1	Conf: 0.343949	Pts: 55295
Particle (15):: Fit: 1203.65	PB: 1203.65	LB: 12243.1	GB: 12243.1	Conf: 2	Pts: 110195
Particle (24):: Fit: 1081.88	PB: 1081.88	LB: 12220.5	GB: 12243.1	Conf: 1.88348	Pts: 55195
Particle (26):: Fit: 1081.88	PB: 1081.88	LB: 12220.5	GB: 12243.1	Conf: 1.75518	Pts: 60295
Particle (29):: Fit: 12605.1	PB: 12605.1	LB: 12605.1	GB: 12605.1	Conf: 1.36964	Pts: 170195
Particle (35):: Fit: 10.0156	PB: 10.0156	LB: 1203.71	GB: 12605.1	Conf: 0.570554	Pts: 55394
Particle (37):: Fit: 1305.14	PB: 1305.14	LB: 1305.14	GB: 12605.1	Conf: 1.97896	Pts: 95295
Particle (43):: Fit: 1264.57	PB: 1264.57	LB: 1264.57	GB: 12605.1	Conf: 1.7178	Pts: 80395
Particle (44):: Fit: 11805.9	PB: 11805.9	LB: 11805.9	GB: 12605.1	Conf: 1.27788	Pts: 100295
Particle (45):: Fit: 1223.95	PB: 1223.95	LB: 11805.9	GB: 12605.1	Conf: 2	Pts: 55295
Particle (46):: Fit: 1102.24	PB: 1102.24	LB: 11805.9	GB: 12605.1	Conf: 0.330394	Pts: 50195
Particle (49):: Fit: 1102.19	PB: 1102.19	LB: 1223.95	GB: 12605.1	Conf: 1.27863	Pts: 55295
Global: 12605.1 - Correct: 59% of 100 tests
Global Best: 
  Inner Net 1
  -- 1 : 1 = 0.1287
  -- 1 : 2 = 0.4591
  -- 1 : 3 = 0.8625
  -- 1 : 4 = 0.8668
  -- 1 : 5 = 0.2516
  -- 1 : 6 = 0.3106
  -- 1 : 7 = 0.6535
  -- 1 : 8 = 0.9019
  -- 1 : 9 = 0.3283
  -- 2 : 1 = 0.3776
  -- 2 : 2 = 0.9688
  -- 2 : 3 = 0.2898
  -- 2 : 4 = 0.4064
  -- 2 : 5 = 0.9208
  -- 2 : 6 = 0.7947
  -- 2 : 7 = 0.1295
  -- 2 : 8 = 0.9311
  -- 2 : 9 = 0.3817
  -- 3 : 1 = 0.0048
  -- 3 : 2 = 0.7979
  -- 3 : 3 = 0.0932
  -- 3 : 4 = 0.111
  -- 3 : 5 = 0.6299
  -- 3 : 6 = 0.4672
  -- 3 : 7 = 0.0983
  -- 3 : 8 = 0.6719
  -- 3 : 9 = 0.9298
  -- 4 : 1 = 0.2744
  -- 4 : 2 = 0.869
  -- 4 : 3 = 0.5469
  -- 4 : 4 = 0.3861
  -- 4 : 5 = 0.8392
  -- 4 : 6 = 0.9485
  -- 4 : 7 = 0.4333
  -- 4 : 8 = 0.5214
  -- 4 : 9 = 0.7901
  -- 5 : 1 = 0.4989
  -- 5 : 2 = 0.0626
  -- 5 : 3 = 0.1097
  -- 5 : 4 = 0.3526
  -- 5 : 5 = 0.6088
  -- 5 : 6 = 0.8964
  -- 5 : 7 = 0.4069
  -- 5 : 8 = 0.597
  -- 5 : 9 = 0.4668
  -- 6 : 1 = 0.9149
  -- 6 : 2 = 0.6267
  -- 6 : 3 = 0.5067
  -- 6 : 4 = 0.568
  -- 6 : 5 = 0.0614
  -- 6 : 6 = 0.184
  -- 6 : 7 = 0.1251
  -- 6 : 8 = 0.7259
  -- 6 : 9 = 0.9165
  -- 7 : 1 = 0.591
  -- 7 : 2 = 0.1293
  -- 7 : 3 = 0.1636
  -- 7 : 4 = 0.1322
  -- 7 : 5 = 0.9943
  -- 7 : 6 = 0.3488
  -- 7 : 7 = 0.3049
  -- 7 : 8 = 0.509
  -- 7 : 9 = 0.5396
  -- 8 : 1 = 0.0215
  -- 8 : 2 = 0.4148
  -- 8 : 3 = 0.8908
  -- 8 : 4 = 0.7403
  -- 8 : 5 = 0.7101
  -- 8 : 6 = 0.6011
  -- 8 : 7 = 0.7154
  -- 8 : 8 = 0.5911
  -- 8 : 9 = 0.0967
  -- 9 : 1 = 0.7751
  -- 9 : 2 = 0.1194
  -- 9 : 3 = 0.6477
  -- 9 : 4 = 0.3666
  -- 9 : 5 = 0.8055
  -- 9 : 6 = 0.0325
  -- 9 : 7 = 0.6596
  -- 9 : 8 = 0.2912
  -- 9 : 9 = 0.6774
  -- 10 : 1 = 0.0712
  -- 10 : 2 = 0.1316
  -- 10 : 3 = 0.0412
  -- 10 : 4 = 0.0154
  -- 10 : 5 = 0.2025
  -- 10 : 6 = 0.8019
  -- 10 : 7 = 0.2454
  -- 10 : 8 = 0.2127
  -- 10 : 9 = 0.3276
  Inner Net 2
  -- 1 : 1 = 0.526768
  -- 1 : 2 = -0.0361484
  -- 2 : 1 = -0.336311
  -- 2 : 2 = -0.18603
  -- 3 : 1 = -0.142573
  -- 3 : 2 = 0.00774747
  -- 4 : 1 = -0.0363525
  -- 4 : 2 = 0.0755308
  -- 5 : 1 = -0.301408
  -- 5 : 2 = -0.304556
  -- 6 : 1 = -0.523378
  -- 6 : 2 = -0.480896
  -- 7 : 1 = 0.0389862
  -- 7 : 2 = -0.376143
  -- 8 : 1 = 0.546665
  -- 8 : 2 = -0.246666
  -- 9 : 1 = -0.335956
  -- 9 : 2 = -0.213392
Out\Act	False		True
False	0.84198	0	0.84198
True	0.15802	0	0.15802
	1	0
	Accuracy [ (tp + tn) / testSize ]: 0.84198
	Precision [ tp / (tp + fp) ]:      0
	Sensitivity [ tp / (tp + fn) ]:    0
	Specificity [ tn / (tn + fp) ]:    0.999435
	F-Score [ 2tp / (2tp + fp + fn) ]: 0
Particle (13):: Fit: 1122.45	PB: 1122.45	LB: 12243.1	GB: 12605.1	Conf: 2	Pts: 55394
Particle (14):: Fit: 1142.84	PB: 1142.84	LB: 12243.1	GB: 12605.1	Conf: 0.785469	Pts: 55394
Particle (25):: Fit: 0.100066	PB: 0.100066	LB: 12605.1	GB: 12605.1	Conf: 2	Pts: 55394
Particle (27):: Fit: 1183.35	PB: 1183.35	LB: 12605.1	GB: 12605.1	Conf: 2	Pts: 80394
Particle (28):: Fit: 124.182	PB: 124.182	LB: 12605.1	GB: 12605.1	Conf: 0.736823	Pts: 55294
Particle (31):: Fit: 1061.56	PB: 1061.56	LB: 12605.1	GB: 12605.1	Conf: 2	Pts: 60294
Particle (0):: Fit: 1183.35	PB: 1183.35	LB: 1203.65	GB: 12605.1	Conf: 2	Pts: 115293
Particle (5):: Fit: 11638.3	PB: 11638.3	LB: 11638.3	GB: 12605.1	Conf: 1.05634	Pts: 140293
Particle (20):: Fit: 1102.23	PB: 1102.23	LB: 1223.95	GB: 12605.1	Conf: 0.797885	Pts: 55393
Particle (25):: Fit: 1081.86	PB: 1081.86	LB: 12605.1	GB: 12605.1	Conf: 2	Pts: 55493
Particle (46):: Fit: 1163.14	PB: 1163.14	LB: 11805.9	GB: 12605.1	Conf: 0.824763	Pts: 50293
Particle (0):: Fit: 1203.65	PB: 1203.65	LB: 11638.3	GB: 12605.1	Conf: 2	Pts: 115392
Particle (22):: Fit: 1284.93	PB: 1284.93	LB: 1284.93	GB: 12605.1	Conf: 1.44527	Pts: 90292
Particle (24):: Fit: 1082.05	PB: 1082.05	LB: 12605.1	GB: 12605.1	Conf: 1.94266	Pts: 55292
Particle (30):: Fit: 1183.87	PB: 1183.87	LB: 12605.1	GB: 12605.1	Conf: 1.97229	Pts: 55392
Particle (32):: Fit: 1142.75	PB: 1142.75	LB: 12605.1	GB: 12605.1	Conf: 2	Pts: 65292
Particle (13):: Fit: 1264.54	PB: 1264.54	LB: 12243.1	GB: 12605.1	Conf: 2	Pts: 60491
Particle (26):: Fit: 1102.17	PB: 1102.17	LB: 12605.1	GB: 12605.1	Conf: 1.80851	Pts: 60391
Particle (27):: Fit: 1223.95	PB: 1223.95	LB: 12605.1	GB: 12605.1	Conf: 2	Pts: 80491
Particle (31):: Fit: 1224.03	PB: 1224.03	LB: 12605.1	GB: 12605.1	Conf: 1.98716	Pts: 60391
Particle (43):: Fit: 10816.1	PB: 10816.1	LB: 11805.9	GB: 12605.1	Conf: 1.79631	Pts: 85491
Particle (7):: Fit: 1183.35	PB: 1183.35	LB: 12243.1	GB: 12605.1	Conf: 2	Pts: 55390
Particle (35):: Fit: 102.158	PB: 102.158	LB: 1305.14	GB: 12605.1	Conf: 0.474272	Pts: 55488
Particle (36):: Fit: 12020.1	PB: 12020.1	LB: 12020.1	GB: 12605.1	Conf: 0.148008	Pts: 95389
Particle (47):: Fit: 1102.15	PB: 1102.15	LB: 11805.9	GB: 12605.1	Conf: 2	Pts: 50290
Particle (48):: Fit: 1122.51	PB: 1122.51	LB: 11805.9	GB: 12605.1	Conf: 1.72834	Pts: 50190
Particle (4):: Fit: 1122.45	PB: 1122.45	LB: 11638.3	GB: 12605.1	Conf: 2	Pts: 70189
Particle (16):: Fit: 1183.43	PB: 1183.43	LB: 1264.54	GB: 12605.1	Conf: 0.215988	Pts: 55188
Particle (47):: Fit: 1122.45	PB: 1122.45	LB: 11805.9	GB: 12605.1	Conf: 2	Pts: 50389
Particle (9):: Fit: 1284.84	PB: 1284.84	LB: 12243.1	GB: 12605.1	Conf: 2	Pts: 95288
Particle (32):: Fit: 1223.95	PB: 1223.95	LB: 12605.1	GB: 12605.1	Conf: 2	Pts: 65388
Particle (35):: Fit: 1102.2	PB: 1102.2	LB: 12020.1	GB: 12605.1	Conf: 0.928019	Pts: 55586
Particle (8):: Fit: 10419.6	PB: 10419.6	LB: 12243.1	GB: 12605.1	Conf: 1.98917	Pts: 85287
Particle (14):: Fit: 1183.45	PB: 1183.45	LB: 12243.1	GB: 12605.1	Conf: 0.327837	Pts: 55487
Particle (38):: Fit: 1264.65	PB: 1264.65	LB: 12020.1	GB: 12605.1	Conf: 0.465131	Pts: 95183
Particle (8):: Fit: 10622.6	PB: 10622.6	LB: 12243.1	GB: 12605.1	Conf: 1.98587	Pts: 85386
Particle (34):: Fit: 1244.24	PB: 1244.24	LB: 12020.1	GB: 12605.1	Conf: 2	Pts: 75286
Particle (40):: Fit: 1223.95	PB: 1223.95	LB: 12020.1	GB: 12605.1	Conf: 2	Pts: 60186
Particle (41):: Fit: 10419.6	PB: 10419.6	LB: 11805.9	GB: 12605.1	Conf: 1.98097	Pts: 55386
Particle (46):: Fit: 1244.37	PB: 1244.37	LB: 11805.9	GB: 12605.1	Conf: 0.426262	Pts: 55386
Particle (14):: Fit: 1224.07	PB: 1224.07	LB: 12243.1	GB: 12605.1	Conf: 0.618688	Pts: 55585
Particle (21):: Fit: 1163.16	PB: 1163.16	LB: 1284.93	GB: 12605.1	Conf: 0.720378	Pts: 60283
Particle (25):: Fit: 1203.65	PB: 1203.65	LB: 12605.1	GB: 12605.1	Conf: 2	Pts: 55585
Particle (26):: Fit: 1163.11	PB: 1163.11	LB: 12605.1	GB: 12605.1	Conf: 1.79059	Pts: 60485
Particle (36):: Fit: 12236	PB: 12236	LB: 12236	GB: 12605.1	Conf: 0.405475	Pts: 130484
Particle (47):: Fit: 1183.35	PB: 1183.35	LB: 11805.9	GB: 12605.1	Conf: 2	Pts: 50485
Particle (8):: Fit: 11231.7	PB: 11231.7	LB: 12243.1	GB: 12605.1	Conf: 1.98862	Pts: 85484
Particle (18):: Fit: 1183.35	PB: 1183.35	LB: 1284.93	GB: 12605.1	Conf: 2	Pts: 55284
Particle (1):: Fit: 1102.15	PB: 1102.15	LB: 11638.3	GB: 12605.1	Conf: 2	Pts: 55383
Particle (37):: Fit: 11027.8	PB: 11027.8	LB: 12236	GB: 12605.1	Conf: 1.94112	Pts: 95383
Particle (48):: Fit: 1163.11	PB: 1163.11	LB: 11805.9	GB: 12605.1	Conf: 1.53158	Pts: 50283
Particle (10):: Fit: 1203.65	PB: 1203.65	LB: 12243.1	GB: 12605.1	Conf: 2	Pts: 60382
Particle (42):: Fit: 1158.96	PB: 1158.96	LB: 11805.9	GB: 12605.1	Conf: 1.39722	Pts: 50182
Particle (35):: Fit: 1183.46	PB: 1183.46	LB: 12236	GB: 12605.1	Conf: 0.428086	Pts: 55679
Particle (4):: Fit: 1223.95	PB: 1223.95	LB: 11638.3	GB: 12605.1	Conf: 2	Pts: 70279
Particle (7):: Fit: 1244.24	PB: 1244.24	LB: 12243.1	GB: 12605.1	Conf: 2	Pts: 55479
Particle (1):: Fit: 1142.75	PB: 1142.75	LB: 11638.3	GB: 12605.1	Conf: 2	Pts: 55478
Particle (21):: Fit: 11177.2	PB: 11177.2	LB: 11177.2	GB: 12605.1	Conf: 1.04905	Pts: 100374
Particle (28):: Fit: 1102.17	PB: 1102.17	LB: 12605.1	GB: 12605.1	Conf: 0.0402706	Pts: 55375
Particle (30):: Fit: 13058.7	PB: 13058.7	LB: 13058.7	GB: 13058.7	Conf: 1.91262	Pts: 115478
Global: 13058.7 - Correct: 37% of 100 tests
Global Best: 
  Inner Net 1
  -- 1 : 1 = 0.2474
  -- 1 : 2 = 0.7256
  -- 1 : 3 = 0.91
  -- 1 : 4 = 0.2518
  -- 1 : 5 = 0.4952
  -- 1 : 6 = 0.4149
  -- 1 : 7 = 0.6549
  -- 1 : 8 = 0.8368
  -- 1 : 9 = 0.4635
  -- 2 : 1 = 0.453
  -- 2 : 2 = 0.3529
  -- 2 : 3 = 0.1937
  -- 2 : 4 = 0.4832
  -- 2 : 5 = 0.5339
  -- 2 : 6 = 0.0277
  -- 2 : 7 = 0.9747
  -- 2 : 8 = 0.6648
  -- 2 : 9 = 0.745
  -- 3 : 1 = 0.5038
  -- 3 : 2 = 0.8534
  -- 3 : 3 = 0.077
  -- 3 : 4 = 0.0984
  -- 3 : 5 = 0.1766
  -- 3 : 6 = 0.4327
  -- 3 : 7 = 0.3078
  -- 3 : 8 = 0.1702
  -- 3 : 9 = 0.675
  -- 4 : 1 = 0.6257
  -- 4 : 2 = 0.1779
  -- 4 : 3 = 0.8859
  -- 4 : 4 = 0.9579
  -- 4 : 5 = 0.0932
  -- 4 : 6 = 0.07
  -- 4 : 7 = 0.7662
  -- 4 : 8 = 0.4972
  -- 4 : 9 = 0.8501
  -- 5 : 1 = 0.0094
  -- 5 : 2 = 0.6086
  -- 5 : 3 = 0.8554
  -- 5 : 4 = 0.8567
  -- 5 : 5 = 0.1317
  -- 5 : 6 = 0.0255
  -- 5 : 7 = 0.4369
  -- 5 : 8 = 0.7689
  -- 5 : 9 = 0.9647
  -- 6 : 1 = 0.4321
  -- 6 : 2 = 0.8718
  -- 6 : 3 = 0.0927
  -- 6 : 4 = 0.9745
  -- 6 : 5 = 0.3932
  -- 6 : 6 = 0.5529
  -- 6 : 7 = 0.1493
  -- 6 : 8 = 0.8649
  -- 6 : 9 = 0.327
  -- 7 : 1 = 0.0437
  -- 7 : 2 = 0.9249
  -- 7 : 3 = 0.7587
  -- 7 : 4 = 0.6873
  -- 7 : 5 = 0.663
  -- 7 : 6 = 0.7225
  -- 7 : 7 = 0.5632
  -- 7 : 8 = 0.0678
  -- 7 : 9 = 0.6434
  -- 8 : 1 = 0.3941
  -- 8 : 2 = 0.9412
  -- 8 : 3 = 0.6302
  -- 8 : 4 = 0.9195
  -- 8 : 5 = 0.9638
  -- 8 : 6 = 0.2991
  -- 8 : 7 = 0.4035
  -- 8 : 8 = 0.022
  -- 8 : 9 = 0.2231
  -- 9 : 1 = 0.3647
  -- 9 : 2 = 0.705
  -- 9 : 3 = 0.0722
  -- 9 : 4 = 0.9043
  -- 9 : 5 = 0.4612
  -- 9 : 6 = 0.4916
  -- 9 : 7 = 0.7373
  -- 9 : 8 = 0.3079
  -- 9 : 9 = 0.802
  -- 10 : 1 = 0.6749
  -- 10 : 2 = 0.3095
  -- 10 : 3 = 0.8378
  -- 10 : 4 = 0.3135
  -- 10 : 5 = 0.2724
  -- 10 : 6 = 0.77
  -- 10 : 7 = 0.9626
  -- 10 : 8 = 0.8646
  -- 10 : 9 = 0.6428
  Inner Net 2
  -- 1 : 1 = 0.321987
  -- 1 : 2 = 0.0081542
  -- 2 : 1 = -0.482447
  -- 2 : 2 = 0.245484
  -- 3 : 1 = -0.166404
  -- 3 : 2 = -0.282494
  -- 4 : 1 = 0.211397
  -- 4 : 2 = 0.0948083
  -- 5 : 1 = -0.280608
  -- 5 : 2 = 0.20979
  -- 6 : 1 = -0.508395
  -- 6 : 2 = 0.304209
  -- 7 : 1 = -0.138591
  -- 7 : 2 = -0.254914
  -- 8 : 1 = 0.617761
  -- 8 : 2 = 0.0339626
  -- 9 : 1 = -0.56794
  -- 9 : 2 = -0.175235
Out\Act	False		True
False	0.84198	0	0.84198
True	0.15802	0	0.15802
	1	0
	Accuracy [ (tp + tn) / testSize ]: 0.84198
	Precision [ tp / (tp + fp) ]:      0
	Sensitivity [ tp / (tp + fn) ]:    0
	Specificity [ tn / (tn + fp) ]:    0.999435
	F-Score [ 2tp / (2tp + fp + fn) ]: 0
Particle (6):: Fit: 1203.65	PB: 1203.65	LB: 12243.1	GB: 13058.7	Conf: 2	Pts: 65277
Particle (24):: Fit: 1102.16	PB: 1102.16	LB: 12605.1	GB: 13058.7	Conf: 1.78223	Pts: 55376
Particle (33):: Fit: 1142.84	PB: 1142.84	LB: 13058.7	GB: 13058.7	Conf: 1.84025	Pts: 55277
Particle (45):: Fit: 1244.24	PB: 1244.24	LB: 11805.9	GB: 13058.7	Conf: 2	Pts: 55377
Particle (35):: Fit: 1183.46	PB: 1183.46	LB: 12236	GB: 13058.7	Conf: 0.576275	Pts: 55774
Particle (1):: Fit: 1244.24	PB: 1244.24	LB: 11638.3	GB: 13058.7	Conf: 2	Pts: 55575
Particle (8):: Fit: 11434	PB: 11434	LB: 12243.1	GB: 13058.7	Conf: 1.96432	Pts: 85575
Particle (26):: Fit: 11637.4	PB: 11637.4	LB: 13058.7	GB: 13058.7	Conf: 1.83789	Pts: 75575
Particle (37):: Fit: 11231.6	PB: 11231.6	LB: 12236	GB: 13058.7	Conf: 1.90797	Pts: 95475
Particle (3):: Fit: 1244.35	PB: 1244.35	LB: 11638.3	GB: 13058.7	Conf: 0.902669	Pts: 105273
Particle (24):: Fit: 1244.27	PB: 1244.27	LB: 12605.1	GB: 13058.7	Conf: 1.84594	Pts: 55472
Particle (34):: Fit: 11637.7	PB: 11637.7	LB: 13058.7	GB: 13058.7	Conf: 1.98468	Pts: 75373
Particle (31):: Fit: 1264.54	PB: 1264.54	LB: 13058.7	GB: 13058.7	Conf: 2	Pts: 60472
Particle (42):: Fit: 11232	PB: 11232	LB: 11805.9	GB: 13058.7	Conf: 0.931809	Pts: 50272
Particle (43):: Fit: 11425.1	PB: 11425.1	LB: 11805.9	GB: 13058.7	Conf: 1.66478	Pts: 85572
Particle (35):: Fit: 1203.75	PB: 1203.75	LB: 12236	GB: 13058.7	Conf: 0.851036	Pts: 55869
Particle (40):: Fit: 1284.84	PB: 1284.84	LB: 12236	GB: 13058.7	Conf: 2	Pts: 60271
Particle (33):: Fit: 10418.5	PB: 10418.5	LB: 13058.7	GB: 13058.7	Conf: 1.95332	Pts: 55370
Particle (47):: Fit: 1203.65	PB: 1203.65	LB: 11805.9	GB: 13058.7	Conf: 2	Pts: 50570
Particle (48):: Fit: 10419.5	PB: 10419.5	LB: 11805.9	GB: 13058.7	Conf: 1.44551	Pts: 55370
Particle (3):: Fit: 1244.37	PB: 1244.37	LB: 11638.3	GB: 13058.7	Conf: 0.771679	Pts: 105368
Particle (49):: Fit: 1183.39	PB: 1183.39	LB: 10419.5	GB: 13058.7	Conf: 1.30639	Pts: 55368
Particle (37):: Fit: 12856.2	PB: 12856.2	LB: 12856.2	GB: 13058.7	Conf: 1.95197	Pts: 130566
Particle (42):: Fit: 11404.8	PB: 11404.8	LB: 11805.9	GB: 13058.7	Conf: 1.30824	Pts: 50366
Particle (47):: Fit: 1223.95	PB: 1223.95	LB: 11805.9	GB: 13058.7	Conf: 2	Pts: 50666
Particle (19):: Fit: 1183.87	PB: 1183.87	LB: 11177.2	GB: 13058.7	Conf: 1.96858	Pts: 70264
Particle (20):: Fit: 1163.15	PB: 1163.15	LB: 11177.2	GB: 13058.7	Conf: 0.762683	Pts: 55464
Particle (16):: Fit: 1244.36	PB: 1244.36	LB: 11177.2	GB: 13058.7	Conf: 0.835351	Pts: 55261
Particle (7):: Fit: 1345.73	PB: 1345.73	LB: 12243.1	GB: 13058.7	Conf: 2	Pts: 55562
Particle (18):: Fit: 1183.43	PB: 1183.43	LB: 11177.2	GB: 13058.7	Conf: 1.98815	Pts: 55362
Particle (28):: Fit: 1203.71	PB: 1203.71	LB: 13058.7	GB: 13058.7	Conf: 0.152447	Pts: 55458
Particle (10):: Fit: 1223.95	PB: 1223.95	LB: 12243.1	GB: 13058.7	Conf: 2	Pts: 60460
Particle (23):: Fit: 1183.35	PB: 1183.35	LB: 11637.4	GB: 13058.7	Conf: 2	Pts: 80160
Particle (39):: Fit: 1224.05	PB: 1224.05	LB: 12856.2	GB: 13058.7	Conf: 0.345139	Pts: 55257
Particle (3):: Fit: 1264.65	PB: 1264.65	LB: 11638.3	GB: 13058.7	Conf: 0.307363	Pts: 105457
Particle (8):: Fit: 12043.8	PB: 12043.8	LB: 12243.1	GB: 13058.7	Conf: 1.97072	Pts: 100658
Particle (32):: Fit: 1264.64	PB: 1264.64	LB: 13058.7	GB: 13058.7	Conf: 1.98253	Pts: 65458
Particle (33):: Fit: 10823.8	PB: 10823.8	LB: 13058.7	GB: 13058.7	Conf: 1.92537	Pts: 55454
Particle (34):: Fit: 11637.7	PB: 11637.7	LB: 13058.7	GB: 13058.7	Conf: 1.98973	Pts: 75451
Particle (22):: Fit: 11029.2	PB: 11029.2	LB: 11637.4	GB: 13058.7	Conf: 1.30287	Pts: 90344
Particle (29):: Fit: 12826.1	PB: 12826.1	LB: 13058.7	GB: 13058.7	Conf: 1.08227	Pts: 175245
Particle (49):: Fit: 1224.02	PB: 1224.02	LB: 10419.5	GB: 13058.7	Conf: 1.55732	Pts: 55445
Particle (18):: Fit: 1203.65	PB: 1203.65	LB: 11177.2	GB: 13058.7	Conf: 2	Pts: 55444
Particle (9):: Fit: 11840.7	PB: 11840.7	LB: 12243.1	GB: 13058.7	Conf: 1.98916	Pts: 95343
Particle (47):: Fit: 1264.54	PB: 1264.54	LB: 11805.9	GB: 13058.7	Conf: 2	Pts: 50738
Particle (25):: Fit: 1264.54	PB: 1264.54	LB: 13058.7	GB: 13058.7	Conf: 2	Pts: 55637
Particle (10):: Fit: 1244.24	PB: 1244.24	LB: 12243.1	GB: 13058.7	Conf: 2	Pts: 60534
Particle (23):: Fit: 1244.24	PB: 1244.24	LB: 11637.4	GB: 13058.7	Conf: 2	Pts: 80234
Particle (42):: Fit: 12012.1	PB: 12012.1	LB: 12012.1	GB: 13058.7	Conf: 1.23604	Pts: 75434
Particle (1):: Fit: 1406.62	PB: 1406.62	LB: 11638.3	GB: 13058.7	Conf: 2	Pts: 55633
Particle (29):: Fit: 13255.8	PB: 13255.8	LB: 13255.8	GB: 13255.8	Conf: 1.04425	Pts: 235331
Global: 13255.8 - Correct: 50% of 100 tests
Global Best: 
  Inner Net 1
  -- 1 : 1 = 0.1287
  -- 1 : 2 = 0.4591
  -- 1 : 3 = 0.8625
  -- 1 : 4 = 0.8668
  -- 1 : 5 = 0.2516
  -- 1 : 6 = 0.3106
  -- 1 : 7 = 0.6535
  -- 1 : 8 = 0.9019
  -- 1 : 9 = 0.3283
  -- 2 : 1 = 0.3776
  -- 2 : 2 = 0.9688
  -- 2 : 3 = 0.2898
  -- 2 : 4 = 0.4064
  -- 2 : 5 = 0.9208
  -- 2 : 6 = 0.7947
  -- 2 : 7 = 0.1295
  -- 2 : 8 = 0.9311
  -- 2 : 9 = 0.3817
  -- 3 : 1 = 0.0048
  -- 3 : 2 = 0.7979
  -- 3 : 3 = 0.0932
  -- 3 : 4 = 0.111
  -- 3 : 5 = 0.6299
  -- 3 : 6 = 0.4672
  -- 3 : 7 = 0.0983
  -- 3 : 8 = 0.6719
  -- 3 : 9 = 0.9298
  -- 4 : 1 = 0.2744
  -- 4 : 2 = 0.869
  -- 4 : 3 = 0.5469
  -- 4 : 4 = 0.3861
  -- 4 : 5 = 0.8392
  -- 4 : 6 = 0.9485
  -- 4 : 7 = 0.4333
  -- 4 : 8 = 0.5214
  -- 4 : 9 = 0.7901
  -- 5 : 1 = 0.4989
  -- 5 : 2 = 0.0626
  -- 5 : 3 = 0.1097
  -- 5 : 4 = 0.3526
  -- 5 : 5 = 0.6088
  -- 5 : 6 = 0.8964
  -- 5 : 7 = 0.4069
  -- 5 : 8 = 0.597
  -- 5 : 9 = 0.4668
  -- 6 : 1 = 0.9149
  -- 6 : 2 = 0.6267
  -- 6 : 3 = 0.5067
  -- 6 : 4 = 0.568
  -- 6 : 5 = 0.0614
  -- 6 : 6 = 0.184
  -- 6 : 7 = 0.1251
  -- 6 : 8 = 0.7259
  -- 6 : 9 = 0.9165
  -- 7 : 1 = 0.591
  -- 7 : 2 = 0.1293
  -- 7 : 3 = 0.1636
  -- 7 : 4 = 0.1322
  -- 7 : 5 = 0.9943
  -- 7 : 6 = 0.3488
  -- 7 : 7 = 0.3049
  -- 7 : 8 = 0.509
  -- 7 : 9 = 0.5396
  -- 8 : 1 = 0.0215
  -- 8 : 2 = 0.4148
  -- 8 : 3 = 0.8908
  -- 8 : 4 = 0.7403
  -- 8 : 5 = 0.7101
  -- 8 : 6 = 0.6011
  -- 8 : 7 = 0.7154
  -- 8 : 8 = 0.5911
  -- 8 : 9 = 0.0967
  -- 9 : 1 = 0.7751
  -- 9 : 2 = 0.1194
  -- 9 : 3 = 0.6477
  -- 9 : 4 = 0.3666
  -- 9 : 5 = 0.8055
  -- 9 : 6 = 0.0325
  -- 9 : 7 = 0.6596
  -- 9 : 8 = 0.2912
  -- 9 : 9 = 0.6774
  -- 10 : 1 = 0.0712
  -- 10 : 2 = 0.1316
  -- 10 : 3 = 0.0412
  -- 10 : 4 = 0.0154
  -- 10 : 5 = 0.2025
  -- 10 : 6 = 0.8019
  -- 10 : 7 = 0.2454
  -- 10 : 8 = 0.2127
  -- 10 : 9 = 0.3276
  Inner Net 2
  -- 1 : 1 = 0.519166
  -- 1 : 2 = 0.221424
  -- 2 : 1 = -0.564115
  -- 2 : 2 = 0.259079
  -- 3 : 1 = -0.124733
  -- 3 : 2 = 0.0194935
  -- 4 : 1 = 0.114017
  -- 4 : 2 = 0.361679
  -- 5 : 1 = -0.126849
  -- 5 : 2 = -0.157142
  -- 6 : 1 = -0.393539
  -- 6 : 2 = -0.283349
  -- 7 : 1 = -0.233141
  -- 7 : 2 = -0.319918
  -- 8 : 1 = 0.863685
  -- 8 : 2 = 0.0885824
  -- 9 : 1 = -0.541562
  -- 9 : 2 = -0.241909
Out\Act	False		True
False	0.84198	0	0.84198
True	0.15802	0	0.15802
	1	0
	Accuracy [ (tp + tn) / testSize ]: 0.84198
	Precision [ tp / (tp + fp) ]:      0
	Sensitivity [ tp / (tp + fn) ]:    0
	Specificity [ tn / (tn + fp) ]:    0.999435
	F-Score [ 2tp / (2tp + fp + fn) ]: 0
Particle (19):: Fit: 11030.1	PB: 11030.1	LB: 11177.2	GB: 13255.8	Conf: 1.97397	Pts: 70330
Particle (43):: Fit: 11632.3	PB: 11632.3	LB: 12012.1	GB: 13255.8	Conf: 1.65356	Pts: 85629
Particle (34):: Fit: 12246.8	PB: 12246.8	LB: 13058.7	GB: 13255.8	Conf: 1.98642	Pts: 75528
Particle (0):: Fit: 1223.95	PB: 1223.95	LB: 11638.3	GB: 13255.8	Conf: 2	Pts: 115427
Particle (27):: Fit: 1284.84	PB: 1284.84	LB: 13255.8	GB: 13255.8	Conf: 2	Pts: 80524
Particle (25):: Fit: 12043.7	PB: 12043.7	LB: 13255.8	GB: 13255.8	Conf: 1.98724	Pts: 75722
Particle (18):: Fit: 1284.84	PB: 1284.84	LB: 11177.2	GB: 13255.8	Conf: 2	Pts: 55520
Particle (12):: Fit: 1223.95	PB: 1223.95	LB: 12243.1	GB: 13255.8	Conf: 2	Pts: 55315
Particle (21):: Fit: 11193.8	PB: 11193.8	LB: 12043.7	GB: 13255.8	Conf: 1.03791	Pts: 120395
Particle (20):: Fit: 1244.36	PB: 1244.36	LB: 12043.7	GB: 13255.8	Conf: 0.882354	Pts: 55511
Particle (28):: Fit: 1244.37	PB: 1244.37	LB: 13255.8	GB: 13255.8	Conf: 0.713885	Pts: 55505
Particle (31):: Fit: 10622.6	PB: 10622.6	LB: 13255.8	GB: 13255.8	Conf: 1.98128	Pts: 60508
Particle (39):: Fit: 1244.33	PB: 1244.33	LB: 12856.2	GB: 13255.8	Conf: 0.228386	Pts: 55299
Particle (19):: Fit: 11434.7	PB: 11434.7	LB: 11434.7	GB: 13255.8	Conf: 1.98624	Pts: 90406
Particle (46):: Fit: 1284.98	PB: 1284.98	LB: 12012.1	GB: 13255.8	Conf: 0.651494	Pts: 55402
Particle (10):: Fit: 1284.84	PB: 1284.84	LB: 12243.1	GB: 13255.8	Conf: 2	Pts: 60603
Particle (43):: Fit: 12035.4	PB: 12035.4	LB: 12035.4	GB: 13255.8	Conf: 1.72278	Pts: 115699
Particle (44):: Fit: 11805.9	PB: 11805.9	LB: 12035.4	GB: 13255.8	Conf: 1.26163	Pts: 105299
Particle (4):: Fit: 11989.3	PB: 11989.3	LB: 12043.8	GB: 13255.8	Conf: 0.818566	Pts: 90298
Particle (5):: Fit: 13041.3	PB: 13041.3	LB: 13041.3	GB: 13255.8	Conf: 0.908655	Pts: 190298
Particle (15):: Fit: 13236.2	PB: 13236.2	LB: 13236.2	GB: 13255.8	Conf: 0.640665	Pts: 160198
Particle (28):: Fit: 11663.9	PB: 11663.9	LB: 13255.8	GB: 13255.8	Conf: 0.619005	Pts: 55589
Particle (2):: Fit: 13058.8	PB: 13058.8	LB: 13058.8	GB: 13255.8	Conf: 0.0498794	Pts: 195297
Particle (6):: Fit: 12044.7	PB: 12044.7	LB: 13058.8	GB: 13255.8	Conf: 0.314871	Pts: 65295
Particle (14):: Fit: 12405	PB: 12405	LB: 13236.2	GB: 13255.8	Conf: 1.02515	Pts: 55591
Particle (21):: Fit: 11622.6	PB: 11622.6	LB: 12043.7	GB: 13255.8	Conf: 1.48205	Pts: 120473
Particle (17):: Fit: 13258.7	PB: 13258.7	LB: 13258.7	GB: 13258.7	Conf: 0.588112	Pts: 170095
Particle (19):: Fit: 12406.5	PB: 12406.5	LB: 13258.7	GB: 13258.7	Conf: 0.201865	Pts: 100495
Particle (23):: Fit: 12636.4	PB: 12636.4	LB: 12636.4	GB: 13258.7	Conf: 1.22591	Pts: 90295
Particle (48):: Fit: 11435.7	PB: 11435.7	LB: 13058.8	GB: 13258.7	Conf: 0.413146	Pts: 55395
Global: 13258.7 - Correct: 65% of 100 tests
Global Best: 
  Inner Net 1
  -- 1 : 1 = 0.444779
  -- 1 : 2 = 0.666897
  -- 1 : 3 = 0.353561
  -- 1 : 4 = 0.342265
  -- 1 : 5 = 0.690764
  -- 1 : 6 = 0.405355
  -- 1 : 7 = 0.504726
  -- 1 : 8 = 0.350464
  -- 1 : 9 = -0.0102
  -- 2 : 1 = 0.721655
  -- 2 : 2 = 0.0456015
  -- 2 : 3 = -0.121535
  -- 2 : 4 = -0.0415163
  -- 2 : 5 = 0.0550854
  -- 2 : 6 = -0.0530212
  -- 2 : 7 = 0.0913118
  -- 2 : 8 = 0.636676
  -- 2 : 9 = 0.172381
  -- 3 : 1 = -0.5
  -- 3 : 2 = 0.0602181
  -- 3 : 3 = -0.12668
  -- 3 : 4 = 0.220009
  -- 3 : 5 = 0.44657
  -- 3 : 6 = -0.0101234
  -- 3 : 7 = 0.115563
  -- 3 : 8 = 0.374974
  -- 3 : 9 = 0.335639
  -- 4 : 1 = 0.442418
  -- 4 : 2 = 0.439761
  -- 4 : 3 = 0.321408
  -- 4 : 4 = 0.455214
  -- 4 : 5 = 0.672074
  -- 4 : 6 = 0.164923
  -- 4 : 7 = 0.187351
  -- 4 : 8 = 0.331108
  -- 4 : 9 = 0.500495
  -- 5 : 1 = 0.445381
  -- 5 : 2 = 0.52933
  -- 5 : 3 = -0.142311
  -- 5 : 4 = 0.548987
  -- 5 : 5 = 0.608947
  -- 5 : 6 = -1
  -- 5 : 7 = 0.290786
  -- 5 : 8 = -0.0432527
  -- 5 : 9 = -0.0781224
  -- 6 : 1 = 0.743362
  -- 6 : 2 = 0.901025
  -- 6 : 3 = 0.473538
  -- 6 : 4 = 0.228635
  -- 6 : 5 = 0.142137
  -- 6 : 6 = 0.0225321
  -- 6 : 7 = 0.556868
  -- 6 : 8 = 0.429549
  -- 6 : 9 = 0.523804
  -- 7 : 1 = 0.139054
  -- 7 : 2 = 0.086537
  -- 7 : 3 = 0.0495378
  -- 7 : 4 = 0.0533095
  -- 7 : 5 = 0.384289
  -- 7 : 6 = 0.0181284
  -- 7 : 7 = 0.223762
  -- 7 : 8 = 0.0629299
  -- 7 : 9 = 0.740195
  -- 8 : 1 = 0.510261
  -- 8 : 2 = 0.307524
  -- 8 : 3 = 0.377504
  -- 8 : 4 = 0.191474
  -- 8 : 5 = 0.562941
  -- 8 : 6 = 0.201254
  -- 8 : 7 = 0.249639
  -- 8 : 8 = -1
  -- 8 : 9 = 0.198401
  -- 9 : 1 = 0.444887
  -- 9 : 2 = 0.216211
  -- 9 : 3 = 0.116161
  -- 9 : 4 = 0.344278
  -- 9 : 5 = 0.26482
  -- 9 : 6 = -0.00411107
  -- 9 : 7 = -0.121429
  -- 9 : 8 = 0.201227
  -- 9 : 9 = -1
  -- 10 : 1 = 0.639413
  -- 10 : 2 = 0.0721692
  -- 10 : 3 = 0.301988
  -- 10 : 4 = 0.392495
  -- 10 : 5 = 0.0437827
  -- 10 : 6 = 0.69288
  -- 10 : 7 = -0.00897983
  -- 10 : 8 = 0.230166
  -- 10 : 9 = 0.010946
  Inner Net 2
  -- 1 : 1 = -0.164402
  -- 1 : 2 = 0.108785
  -- 2 : 1 = -0.776154
  -- 2 : 2 = 0.404804
  -- 3 : 1 = -0.0769144
  -- 3 : 2 = 0.253892
  -- 4 : 1 = -0.143036
  -- 4 : 2 = 0.35813
  -- 5 : 1 = -0.0764859
  -- 5 : 2 = 0.658414
  -- 6 : 1 = -0.542422
  -- 6 : 2 = 0.26733
  -- 7 : 1 = -0.0687624
  -- 7 : 2 = 0.375414
  -- 8 : 1 = -0.0163283
  -- 8 : 2 = 0.000253532
  -- 9 : 1 = -0.49338
  -- 9 : 2 = -0.0821351
Out\Act	False		True
False	0.297001	0.544979	0.84198
True	0.0328415	0.125178	0.15802
	0.329843	0.670157
	Accuracy [ (tp + tn) / testSize ]: 0.42218
	Precision [ tp / (tp + fp) ]:      0.186657
	Sensitivity [ tp / (tp + fn) ]:    0.78979
	Specificity [ tn / (tn + fp) ]:    0.352542
	F-Score [ 2tp / (2tp + fp + fn) ]: 0.302125
Particle (13):: Fit: 12208.8	PB: 12208.8	LB: 13258.7	GB: 13258.7	Conf: 0.935129	Pts: 60494
Particle (33):: Fit: 13046.4	PB: 13046.4	LB: 13255.8	GB: 13258.7	Conf: 0.80799	Pts: 70494
Particle (36):: Fit: 12419.3	PB: 12419.3	LB: 13046.4	GB: 13258.7	Conf: 0.558626	Pts: 130489
Particle (42):: Fit: 12635.6	PB: 12635.6	LB: 12635.6	GB: 13258.7	Conf: 0.701545	Pts: 100494
Particle (49):: Fit: 11839.9	PB: 11839.9	LB: 13058.8	GB: 13258.7	Conf: 0.818102	Pts: 55494
Particle (0):: Fit: 10996.2	PB: 10996.2	LB: 13058.8	GB: 13258.7	Conf: 1.31244	Pts: 115493
Particle (3):: Fit: 12650.7	PB: 12650.7	LB: 13058.8	GB: 13258.7	Conf: 0.637989	Pts: 105488
Particle (23):: Fit: 12646.8	PB: 12646.8	LB: 12646.8	GB: 13258.7	Conf: 0.6778	Pts: 100393
Particle (32):: Fit: 11418.8	PB: 11418.8	LB: 13255.8	GB: 13258.7	Conf: 0.201936	Pts: 65493
Particle (42):: Fit: 13034.2	PB: 13034.2	LB: 13034.2	GB: 13258.7	Conf: 0.782946	Pts: 145593
Particle (1):: Fit: 11631.8	PB: 11631.8	LB: 13058.8	GB: 13258.7	Conf: 0.237301	Pts: 55692
Particle (38):: Fit: 11635.4	PB: 11635.4	LB: 13034.2	GB: 13258.7	Conf: 0.267789	Pts: 95165
Particle (39):: Fit: 12465.5	PB: 12465.5	LB: 13034.2	GB: 13258.7	Conf: 0.455637	Pts: 55381
Particle (41):: Fit: 14087.1	PB: 14087.1	LB: 14087.1	GB: 14087.1	Conf: 0.438307	Pts: 115391
Global: 14087.1 - Correct: 69% of 100 tests
Global Best: 
  Inner Net 1
  -- 1 : 1 = -0.154859
  -- 1 : 2 = 0.423417
  -- 1 : 3 = 0.297164
  -- 1 : 4 = 0.338227
  -- 1 : 5 = 0.640218
  -- 1 : 6 = -0.00425621
  -- 1 : 7 = 0.204396
  -- 1 : 8 = 0.265522
  -- 1 : 9 = -0.112309
  -- 2 : 1 = -1
  -- 2 : 2 = -0.123538
  -- 2 : 3 = 0.948177
  -- 2 : 4 = 0.030295
  -- 2 : 5 = -0.360142
  -- 2 : 6 = -0.266447
  -- 2 : 7 = 0.671547
  -- 2 : 8 = -0.174634
  -- 2 : 9 = 0.104028
  -- 3 : 1 = 0.213899
  -- 3 : 2 = 0.237267
  -- 3 : 3 = -0.0764835
  -- 3 : 4 = 0.0907044
  -- 3 : 5 = -0.0472907
  -- 3 : 6 = 0.536704
  -- 3 : 7 = 0.301248
  -- 3 : 8 = 0.572017
  -- 3 : 9 = 0.181912
  -- 4 : 1 = 0.363591
  -- 4 : 2 = 0.710671
  -- 4 : 3 = 0.0114084
  -- 4 : 4 = -0.104278
  -- 4 : 5 = 0
  -- 4 : 6 = 0.252191
  -- 4 : 7 = 0.483764
  -- 4 : 8 = -0.222726
  -- 4 : 9 = 0.413294
  -- 5 : 1 = 0.226007
  -- 5 : 2 = 0.219401
  -- 5 : 3 = -0.0381798
  -- 5 : 4 = 0.184251
  -- 5 : 5 = -0.5
  -- 5 : 6 = 0.276444
  -- 5 : 7 = 0.10442
  -- 5 : 8 = 0.375634
  -- 5 : 9 = 0.250183
  -- 6 : 1 = 0.647745
  -- 6 : 2 = 0.199316
  -- 6 : 3 = 0.164773
  -- 6 : 4 = 0.352255
  -- 6 : 5 = 0.261727
  -- 6 : 6 = 0.455126
  -- 6 : 7 = -0.176895
  -- 6 : 8 = -0.22306
  -- 6 : 9 = 0.261531
  -- 7 : 1 = 0.0923183
  -- 7 : 2 = 0.273288
  -- 7 : 3 = 0.549956
  -- 7 : 4 = 0.119521
  -- 7 : 5 = -1
  -- 7 : 6 = -0.170477
  -- 7 : 7 = 0.29164
  -- 7 : 8 = 0.222254
  -- 7 : 9 = 0.46727
  -- 8 : 1 = 0.551222
  -- 8 : 2 = -0.0363375
  -- 8 : 3 = 0.385572
  -- 8 : 4 = -0.0235551
  -- 8 : 5 = 0.237327
  -- 8 : 6 = 0.18032
  -- 8 : 7 = 0.627785
  -- 8 : 8 = -0.371193
  -- 8 : 9 = 0.498971
  -- 9 : 1 = -0.310523
  -- 9 : 2 = -0.0471007
  -- 9 : 3 = 0.285906
  -- 9 : 4 = -0.126602
  -- 9 : 5 = 0.54437
  -- 9 : 6 = 0.497441
  -- 9 : 7 = 1
  -- 9 : 8 = -0.0843456
  -- 9 : 9 = 0.446335
  -- 10 : 1 = -1
  -- 10 : 2 = 0.60678
  -- 10 : 3 = -0.0359128
  -- 10 : 4 = -0.0401994
  -- 10 : 5 = 0.037948
  -- 10 : 6 = 0.153115
  -- 10 : 7 = -0.210398
  -- 10 : 8 = 0.189195
  -- 10 : 9 = 0.62435
  Inner Net 2
  -- 1 : 1 = 0.245358
  -- 1 : 2 = -0.249257
  -- 2 : 1 = -0.393081
  -- 2 : 2 = -0.1212
  -- 3 : 1 = -0.422957
  -- 3 : 2 = 0.0634265
  -- 4 : 1 = -0.121124
  -- 4 : 2 = -0.203822
  -- 5 : 1 = 0.139132
  -- 5 : 2 = -0.0601384
  -- 6 : 1 = -0.515531
  -- 6 : 2 = -0.505042
  -- 7 : 1 = 0.584083
  -- 7 : 2 = -0.499344
  -- 8 : 1 = 0.275975
  -- 8 : 2 = 0.168158
  -- 9 : 1 = -0.416158
  -- 9 : 2 = -0.460511
Out\Act	False		True
False	0.668729	0.173251	0.84198
True	0.0899572	0.0680628	0.15802
	0.758686	0.241314
	Accuracy [ (tp + tn) / testSize ]: 0.736792
	Precision [ tp / (tp + fp) ]:      0.281496
	Sensitivity [ tp / (tp + fn) ]:    0.429429
	Specificity [ tn / (tn + fp) ]:    0.793785
	F-Score [ 2tp / (2tp + fp + fn) ]: 0.340476
Particle (48):: Fit: 12420.9	PB: 12420.9	LB: 13058.8	GB: 14087.1	Conf: 0.941927	Pts: 55490
Particle (13):: Fit: 14251	PB: 14251	LB: 14251	GB: 14251	Conf: 0.827658	Pts: 120589
Particle (20):: Fit: 12860.8	PB: 12860.8	LB: 13258.7	GB: 14251	Conf: 0.460387	Pts: 65585
Particle (40):: Fit: 12010.4	PB: 12010.4	LB: 14087.1	GB: 14251	Conf: 0.263321	Pts: 60289
Particle (46):: Fit: 12643	PB: 12643	LB: 13034.2	GB: 14251	Conf: 0.273204	Pts: 55486
Global: 14251 - Correct: 70% of 100 tests
Global Best: 
  Inner Net 1
  -- 1 : 1 = 0.874847
  -- 1 : 2 = 0.545367
  -- 1 : 3 = 0.234312
  -- 1 : 4 = -0.012441
  -- 1 : 5 = 0.472034
  -- 1 : 6 = -0.30782
  -- 1 : 7 = -0.0689833
  -- 1 : 8 = 0.241467
  -- 1 : 9 = -0.0607373
  -- 2 : 1 = 0.550938
  -- 2 : 2 = 0.507793
  -- 2 : 3 = 0.537193
  -- 2 : 4 = 0.227041
  -- 2 : 5 = -0.398174
  -- 2 : 6 = 0.179486
  -- 2 : 7 = 0.137048
  -- 2 : 8 = -0.17159
  -- 2 : 9 = 0.798865
  -- 3 : 1 = 0.0827902
  -- 3 : 2 = 0.44627
  -- 3 : 3 = 0.292106
  -- 3 : 4 = 0.203025
  -- 3 : 5 = 0.305907
  -- 3 : 6 = 0.232845
  -- 3 : 7 = 0.18539
  -- 3 : 8 = 0.134189
  -- 3 : 9 = 0.165459
  -- 4 : 1 = 0.520549
  -- 4 : 2 = -0.0814992
  -- 4 : 3 = -0.262678
  -- 4 : 4 = -0.019383
  -- 4 : 5 = 0.190504
  -- 4 : 6 = -0.155086
  -- 4 : 7 = 0.370027
  -- 4 : 8 = -0.0604221
  -- 4 : 9 = -0.155384
  -- 5 : 1 = 0.239691
  -- 5 : 2 = 0.58733
  -- 5 : 3 = -0.369287
  -- 5 : 4 = 0.740782
  -- 5 : 5 = -0.153275
  -- 5 : 6 = -0.320617
  -- 5 : 7 = 0.05205
  -- 5 : 8 = -0.0455149
  -- 5 : 9 = 0.295615
  -- 6 : 1 = 1
  -- 6 : 2 = 0.101676
  -- 6 : 3 = 0.271
  -- 6 : 4 = -0.342325
  -- 6 : 5 = -0.174718
  -- 6 : 6 = -0.11147
  -- 6 : 7 = 0.0323297
  -- 6 : 8 = -0.0614966
  -- 6 : 9 = 0.375101
  -- 7 : 1 = 0.395168
  -- 7 : 2 = -0.407324
  -- 7 : 3 = 0.407227
  -- 7 : 4 = 0.341195
  -- 7 : 5 = -0.252573
  -- 7 : 6 = 0.0903414
  -- 7 : 7 = -0.188343
  -- 7 : 8 = 0.104995
  -- 7 : 9 = 0.380496
  -- 8 : 1 = 0.346193
  -- 8 : 2 = -0.118353
  -- 8 : 3 = 0
  -- 8 : 4 = -0.0904619
  -- 8 : 5 = 0.352233
  -- 8 : 6 = 0.0837693
  -- 8 : 7 = -0.306679
  -- 8 : 8 = 0.417821
  -- 8 : 9 = 0.465917
  -- 9 : 1 = 0.0241113
  -- 9 : 2 = -0.0491691
  -- 9 : 3 = 0.0675884
  -- 9 : 4 = 0.127505
  -- 9 : 5 = 0.290857
  -- 9 : 6 = -0.247719
  -- 9 : 7 = 0.268872
  -- 9 : 8 = 0.436308
  -- 9 : 9 = -0.203414
  -- 10 : 1 = 0.372722
  -- 10 : 2 = -0.0102002
  -- 10 : 3 = 0.173304
  -- 10 : 4 = 0.511749
  -- 10 : 5 = -0.293091
  -- 10 : 6 = -0.19721
  -- 10 : 7 = -0.022238
  -- 10 : 8 = 0.408155
  -- 10 : 9 = 0.327274
  Inner Net 2
  -- 1 : 1 = -0.134729
  -- 1 : 2 = -0.0361914
  -- 2 : 1 = -0.451339
  -- 2 : 2 = 0.0443123
  -- 3 : 1 = -0.379716
  -- 3 : 2 = -0.0142339
  -- 4 : 1 = -0.269795
  -- 4 : 2 = -0.342823
  -- 5 : 1 = -0.232315
  -- 5 : 2 = 0.0295365
  -- 6 : 1 = -0.403166
  -- 6 : 2 = -0.0906211
  -- 7 : 1 = 0.405413
  -- 7 : 2 = -0.0678703
  -- 8 : 1 = 0.0441139
  -- 8 : 2 = -0.386378
  -- 9 : 1 = -0.544823
  -- 9 : 2 = -0.263142
Out\Act	False		True
False	0.377915	0.464065	0.84198
True	0.0376011	0.120419	0.15802
	0.415516	0.584484
	Accuracy [ (tp + tn) / testSize ]: 0.498334
	Precision [ tp / (tp + fp) ]:      0.205858
	Sensitivity [ tp / (tp + fn) ]:    0.75976
	Specificity [ tn / (tn + fp) ]:    0.448588
	F-Score [ 2tp / (2tp + fp + fn) ]: 0.324151
Particle (12):: Fit: 12240.7	PB: 12240.7	LB: 14251	GB: 14251	Conf: 0.177801	Pts: 55388
Particle (28):: Fit: 12024.4	PB: 12024.4	LB: 13255.8	GB: 14251	Conf: 0.831602	Pts: 55679
Particle (44):: Fit: 12248.7	PB: 12248.7	LB: 14087.1	GB: 14251	Conf: 0.47755	Pts: 105388
Particle (9):: Fit: 12451	PB: 12451	LB: 14251	GB: 14251	Conf: 0.745261	Pts: 95387
Particle (18):: Fit: 13254.4	PB: 13254.4	LB: 13258.7	GB: 14251	Conf: 0.290421	Pts: 60587
Particle (22):: Fit: 11223.9	PB: 11223.9	LB: 13254.4	GB: 14251	Conf: 0.351355	Pts: 90386
Particle (25):: Fit: 12662.7	PB: 12662.7	LB: 13255.8	GB: 14251	Conf: 0.729017	Pts: 75787
Particle (0):: Fit: 11823.7	PB: 11823.7	LB: 13058.8	GB: 14251	Conf: 0.731323	Pts: 115586
Particle (7):: Fit: 13666	PB: 13666	LB: 13666	GB: 14251	Conf: 0.969882	Pts: 85585
Particle (21):: Fit: 11842.5	PB: 11842.5	LB: 13258.7	GB: 14251	Conf: 0.0607205	Pts: 120562
Particle (8):: Fit: 12225	PB: 12225	LB: 14251	GB: 14251	Conf: 0.414525	Pts: 100684
Particle (12):: Fit: 12859.6	PB: 12859.6	LB: 14251	GB: 14251	Conf: 0.232233	Pts: 55484
Particle (19):: Fit: 12844.8	PB: 12844.8	LB: 13258.7	GB: 14251	Conf: 0.731661	Pts: 100584
Particle (22):: Fit: 11835.3	PB: 11835.3	LB: 13254.4	GB: 14251	Conf: 0.747947	Pts: 90483
Particle (32):: Fit: 12216.8	PB: 12216.8	LB: 13255.8	GB: 14251	Conf: 0.559383	Pts: 65583
Particle (40):: Fit: 12666.1	PB: 12666.1	LB: 14087.1	GB: 14251	Conf: 0.675231	Pts: 60382
Particle (44):: Fit: 12644.2	PB: 12644.2	LB: 14087.1	GB: 14251	Conf: 0.773482	Pts: 105480
Particle (45):: Fit: 11418.2	PB: 11418.2	LB: 14087.1	GB: 14251	Conf: 0.217282	Pts: 55378
Particle (21):: Fit: 12236.6	PB: 12236.6	LB: 13258.7	GB: 14251	Conf: 0.616027	Pts: 120653
Particle (31):: Fit: 12225.6	PB: 12225.6	LB: 13255.8	GB: 14251	Conf: 0.804018	Pts: 60577
Particle (35):: Fit: 11426.6	PB: 11426.6	LB: 13046.4	GB: 14251	Conf: 0.549049	Pts: 55870
Particle (18):: Fit: 14496.4	PB: 14496.4	LB: 14496.4	GB: 14496.4	Conf: 0.298249	Pts: 120675
Particle (32):: Fit: 13051.8	PB: 13051.8	LB: 13255.8	GB: 14496.4	Conf: 0.229385	Pts: 70674
Global: 14496.4 - Correct: 71% of 100 tests
Global Best: 
  Inner Net 1
  -- 1 : 1 = 0.055521
  -- 1 : 2 = -0.394631
  -- 1 : 3 = 0.626241
  -- 1 : 4 = -0.238065
  -- 1 : 5 = 0.151642
  -- 1 : 6 = -0.281331
  -- 1 : 7 = 0.017617
  -- 1 : 8 = 0.0576008
  -- 1 : 9 = -0.00526925
  -- 2 : 1 = 1
  -- 2 : 2 = 0.0272453
  -- 2 : 3 = -0.116505
  -- 2 : 4 = 0.0499559
  -- 2 : 5 = 0.310971
  -- 2 : 6 = 0.531146
  -- 2 : 7 = -0.0273759
  -- 2 : 8 = 0.313401
  -- 2 : 9 = 0.641184
  -- 3 : 1 = -0.349364
  -- 3 : 2 = -0.103086
  -- 3 : 3 = 0.0697174
  -- 3 : 4 = -0.0351351
  -- 3 : 5 = 0.110458
  -- 3 : 6 = -0.0235948
  -- 3 : 7 = 0.476465
  -- 3 : 8 = -0.00904577
  -- 3 : 9 = 0.0184773
  -- 4 : 1 = 0.251993
  -- 4 : 2 = 0.309004
  -- 4 : 3 = -0.203248
  -- 4 : 4 = -0.287271
  -- 4 : 5 = -0.223301
  -- 4 : 6 = 0.14364
  -- 4 : 7 = 0.38699
  -- 4 : 8 = 0.233912
  -- 4 : 9 = 0.457808
  -- 5 : 1 = 0.645306
  -- 5 : 2 = 0.300692
  -- 5 : 3 = 0.122519
  -- 5 : 4 = 0.149857
  -- 5 : 5 = 0.327759
  -- 5 : 6 = -0.326584
  -- 5 : 7 = 0.288024
  -- 5 : 8 = -0.0438765
  -- 5 : 9 = -0.010057
  -- 6 : 1 = 0.634881
  -- 6 : 2 = 0.0901307
  -- 6 : 3 = 0.421781
  -- 6 : 4 = 0.0416662
  -- 6 : 5 = 0.337436
  -- 6 : 6 = -0.142559
  -- 6 : 7 = -0.0251822
  -- 6 : 8 = 0.0215686
  -- 6 : 9 = 0.369573
  -- 7 : 1 = -1
  -- 7 : 2 = 0.15143
  -- 7 : 3 = 0.185247
  -- 7 : 4 = 0.325232
  -- 7 : 5 = -0.310657
  -- 7 : 6 = -0.177611
  -- 7 : 7 = 0.00419358
  -- 7 : 8 = 0.191717
  -- 7 : 9 = 0.0101679
  -- 8 : 1 = 0.239006
  -- 8 : 2 = 0.644417
  -- 8 : 3 = 0.22077
  -- 8 : 4 = 0.322177
  -- 8 : 5 = 0.0893042
  -- 8 : 6 = -0.130171
  -- 8 : 7 = -0.216728
  -- 8 : 8 = 0.135147
  -- 8 : 9 = -0.0897179
  -- 9 : 1 = 0.408833
  -- 9 : 2 = 0.520917
  -- 9 : 3 = 0.216573
  -- 9 : 4 = -0.171208
  -- 9 : 5 = 0.0961827
  -- 9 : 6 = -0.186695
  -- 9 : 7 = 0.151322
  -- 9 : 8 = 0.0598509
  -- 9 : 9 = 0.486678
  -- 10 : 1 = -1
  -- 10 : 2 = 0.200383
  -- 10 : 3 = -0.212989
  -- 10 : 4 = 0.018182
  -- 10 : 5 = 0.036156
  -- 10 : 6 = 0.00733897
  -- 10 : 7 = 0.418582
  -- 10 : 8 = 0.19347
  -- 10 : 9 = 0.133144
  Inner Net 2
  -- 1 : 1 = 0.230681
  -- 1 : 2 = 0.111118
  -- 2 : 1 = -0.500803
  -- 2 : 2 = -0.387005
  -- 3 : 1 = 0.128146
  -- 3 : 2 = 0.189885
  -- 4 : 1 = 0.113243
  -- 4 : 2 = 0.133902
  -- 5 : 1 = 0.112151
  -- 5 : 2 = -0.0668567
  -- 6 : 1 = -0.200342
  -- 6 : 2 = 0.0180106
  -- 7 : 1 = 0.206142
  -- 7 : 2 = 0.0926825
  -- 8 : 1 = 0.259361
  -- 8 : 2 = 0.062572
  -- 9 : 1 = -0.408467
  -- 9 : 2 = -0.147022
Out\Act	False		True
False	0.595431	0.246549	0.84198
True	0.0709186	0.0871014	0.15802
	0.666349	0.333651
	Accuracy [ (tp + tn) / testSize ]: 0.682532
	Precision [ tp / (tp + fp) ]:      0.260684
	Sensitivity [ tp / (tp + fn) ]:    0.54955
	Specificity [ tn / (tn + fp) ]:    0.70678
	F-Score [ 2tp / (2tp + fp + fn) ]: 0.353965
Particle (24):: Fit: 1244.37	PB: 1244.37	LB: 13255.8	GB: 14496.4	Conf: 0.483256	Pts: 55471
Particle (27):: Fit: 1296.98	PB: 1296.98	LB: 13255.8	GB: 14496.4	Conf: 0.915012	Pts: 80573
Particle (49):: Fit: 12231.5	PB: 12231.5	LB: 13058.8	GB: 14496.4	Conf: 0.460047	Pts: 55573
Particle (1):: Fit: 11807.9	PB: 11807.9	LB: 13058.8	GB: 14496.4	Conf: 0.495963	Pts: 55772
Particle (26):: Fit: 12021.8	PB: 12021.8	LB: 13255.8	GB: 14496.4	Conf: 0.584965	Pts: 75571
Particle (47):: Fit: 11801.8	PB: 11801.8	LB: 13058.8	GB: 14496.4	Conf: 0.151837	Pts: 50770
Particle (34):: Fit: 13258.2	PB: 13258.2	LB: 13258.2	GB: 14496.4	Conf: 0.110014	Pts: 110569
Particle (21):: Fit: 12626.6	PB: 12626.6	LB: 14496.4	GB: 14496.4	Conf: 0.115568	Pts: 120744
Particle (24):: Fit: 12651.8	PB: 12651.8	LB: 13255.8	GB: 14496.4	Conf: 0.465366	Pts: 55566
Particle (36):: Fit: 12670.2	PB: 12670.2	LB: 14087.1	GB: 14496.4	Conf: 0.777459	Pts: 130563
Particle (45):: Fit: 11425	PB: 11425	LB: 14087.1	GB: 14496.4	Conf: 0.467743	Pts: 55468
Particle (8):: Fit: 13466.2	PB: 13466.2	LB: 14251	GB: 14496.4	Conf: 0.345332	Pts: 100767
Particle (25):: Fit: 14059.7	PB: 14059.7	LB: 14059.7	GB: 14496.4	Conf: 0.785237	Pts: 110867
Particle (42):: Fit: 13854.7	PB: 13854.7	LB: 14087.1	GB: 14496.4	Conf: 0.732917	Pts: 150666
Particle (1):: Fit: 11817.7	PB: 11817.7	LB: 13058.8	GB: 14496.4	Conf: 0.212977	Pts: 55866
Particle (28):: Fit: 13449.2	PB: 13449.2	LB: 14059.7	GB: 14496.4	Conf: 0.854203	Pts: 70755
Particle (31):: Fit: 12247.7	PB: 12247.7	LB: 13449.2	GB: 14496.4	Conf: 0.44608	Pts: 60665
Particle (43):: Fit: 12266.6	PB: 12266.6	LB: 14087.1	GB: 14496.4	Conf: 0.547327	Pts: 115765
Particle (22):: Fit: 13049.5	PB: 13049.5	LB: 14496.4	GB: 14496.4	Conf: 0.316598	Pts: 90562
Particle (16):: Fit: 12839.5	PB: 12839.5	LB: 14496.4	GB: 14496.4	Conf: 0.592599	Pts: 55255
Particle (35):: Fit: 12229.3	PB: 12229.3	LB: 13258.2	GB: 14496.4	Conf: 0.71577	Pts: 55957
Particle (6):: Fit: 13446.9	PB: 13446.9	LB: 13666	GB: 14496.4	Conf: 0.333014	Pts: 70358
Particle (30):: Fit: 13679.9	PB: 13679.9	LB: 13679.9	GB: 14496.4	Conf: 0.261607	Pts: 140459
Particle (4):: Fit: 12029.6	PB: 12029.6	LB: 13666	GB: 14496.4	Conf: 0.86329	Pts: 90358
Particle (40):: Fit: 13256.2	PB: 13256.2	LB: 14087.1	GB: 14496.4	Conf: 0.294934	Pts: 60458
Particle (10):: Fit: 10826.5	PB: 10826.5	LB: 14251	GB: 14496.4	Conf: 0.589657	Pts: 60655
Particle (19):: Fit: 13047.1	PB: 13047.1	LB: 14496.4	GB: 14496.4	Conf: 0.647476	Pts: 100654
Particle (29):: Fit: 13829	PB: 13829	LB: 14059.7	GB: 14496.4	Conf: 0.776208	Pts: 255356
Particle (35):: Fit: 13240.4	PB: 13240.4	LB: 13258.2	GB: 14496.4	Conf: 0.408785	Pts: 56050
Particle (47):: Fit: 12212.9	PB: 12212.9	LB: 13058.8	GB: 14496.4	Conf: 0.555078	Pts: 50854
Particle (45):: Fit: 11625.7	PB: 11625.7	LB: 14087.1	GB: 14496.4	Conf: 0.533672	Pts: 55555
Particle (49):: Fit: 12652.6	PB: 12652.6	LB: 13058.8	GB: 14496.4	Conf: 0.441617	Pts: 55655
Particle (31):: Fit: 13039.8	PB: 13039.8	LB: 13829	GB: 14496.4	Conf: 0.74269	Pts: 60752
Particle (43):: Fit: 13086.8	PB: 13086.8	LB: 14087.1	GB: 14496.4	Conf: 0.53087	Pts: 120853
Particle (3):: Fit: 13034.8	PB: 13034.8	LB: 13666	GB: 14496.4	Conf: 0.648787	Pts: 105544
Particle (47):: Fit: 12635.2	PB: 12635.2	LB: 13086.8	GB: 14496.4	Conf: 0.51676	Pts: 50946
Particle (26):: Fit: 12441.9	PB: 12441.9	LB: 14059.7	GB: 14496.4	Conf: 0.600192	Pts: 75646
Particle (4):: Fit: 12442.9	PB: 12442.9	LB: 13666	GB: 14496.4	Conf: 0.839495	Pts: 90446
Particle (36):: Fit: 13444.1	PB: 13444.1	LB: 14087.1	GB: 14496.4	Conf: 0.748483	Pts: 135641
Particle (21):: Fit: 13256.7	PB: 13256.7	LB: 14496.4	GB: 14496.4	Conf: 0.834699	Pts: 120821
Particle (28):: Fit: 13658.3	PB: 13658.3	LB: 14059.7	GB: 14496.4	Conf: 0.771737	Pts: 70835
Particle (49):: Fit: 13433.7	PB: 13433.7	LB: 13433.7	GB: 14496.4	Conf: 0.517076	Pts: 75743
Particle (5):: Fit: 13045.2	PB: 13045.2	LB: 13666	GB: 14496.4	Conf: 0.714866	Pts: 190342
Particle (10):: Fit: 12449.3	PB: 12449.3	LB: 14251	GB: 14496.4	Conf: 0.756648	Pts: 60741
Particle (22):: Fit: 13227.8	PB: 13227.8	LB: 14496.4	GB: 14496.4	Conf: 0.567976	Pts: 90641
Particle (4):: Fit: 13016.2	PB: 13016.2	LB: 13666	GB: 14496.4	Conf: 0.961974	Pts: 90542
Particle (14):: Fit: 12430.4	PB: 12430.4	LB: 14496.4	GB: 14496.4	Conf: 0.499776	Pts: 55635
Particle (48):: Fit: 13047.8	PB: 13047.8	LB: 13433.7	GB: 14496.4	Conf: 0.543274	Pts: 55541
Particle (38):: Fit: 12241.2	PB: 12241.2	LB: 14087.1	GB: 14496.4	Conf: 0.790152	Pts: 95213
Particle (45):: Fit: 11828.8	PB: 11828.8	LB: 14087.1	GB: 14496.4	Conf: 0.4	Pts: 55640
Particle (10):: Fit: 14282.1	PB: 14282.1	LB: 14282.1	GB: 14496.4	Conf: 0.743977	Pts: 100834
Particle (35):: Fit: 14075.4	PB: 14075.4	LB: 14075.4	GB: 14496.4	Conf: 0.333425	Pts: 86127
Particle (26):: Fit: 12446.8	PB: 12446.8	LB: 14059.7	GB: 14496.4	Conf: 0.314945	Pts: 75731
Particle (45):: Fit: 11837.3	PB: 11837.3	LB: 14087.1	GB: 14496.4	Conf: 0.536937	Pts: 55730
Particle (1):: Fit: 13267.8	PB: 13267.8	LB: 13446.9	GB: 14496.4	Conf: 0.454829	Pts: 55924
Particle (3):: Fit: 13862	PB: 13862	LB: 13862	GB: 14496.4	Conf: 0.589214	Pts: 140616
Particle (25):: Fit: 14275.9	PB: 14275.9	LB: 14275.9	GB: 14496.4	Conf: 0.568481	Pts: 145921
Particle (0):: Fit: 12851.1	PB: 12851.1	LB: 13862	GB: 14496.4	Conf: 0.929141	Pts: 115621
Particle (26):: Fit: 12639	PB: 12639	LB: 14275.9	GB: 14496.4	Conf: 0.656238	Pts: 75818
Particle (44):: Fit: 13262.4	PB: 13262.4	LB: 14087.1	GB: 14496.4	Conf: 0.821032	Pts: 105520
Particle (33):: Fit: 13266.5	PB: 13266.5	LB: 14075.4	GB: 14496.4	Conf: 0.704473	Pts: 70519
Particle (45):: Fit: 13653.6	PB: 13653.6	LB: 14087.1	GB: 14496.4	Conf: 0.527732	Pts: 60819
Particle (23):: Fit: 13029	PB: 13029	LB: 14275.9	GB: 14496.4	Conf: 0.60978	Pts: 100416
Particle (46):: Fit: 13846.1	PB: 13846.1	LB: 13854.7	GB: 14496.4	Conf: 0.0867038	Pts: 60503
Particle (36):: Fit: 13473.7	PB: 13473.7	LB: 14087.1	GB: 14496.4	Conf: 0.708209	Pts: 135702
Particle (2):: Fit: 14047.1	PB: 14047.1	LB: 14047.1	GB: 14496.4	Conf: 0.6619	Pts: 235306
Particle (20):: Fit: 13015.8	PB: 13015.8	LB: 14496.4	GB: 14496.4	Conf: 0.566598	Pts: 65601
Particle (31):: Fit: 13444.7	PB: 13444.7	LB: 14075.4	GB: 14496.4	Conf: 0.759757	Pts: 60803
Particle (40):: Fit: 13841	PB: 13841	LB: 14087.1	GB: 14496.4	Conf: 0.326049	Pts: 60501
Particle (37):: Fit: 12998.4	PB: 12998.4	LB: 14087.1	GB: 14496.4	Conf: 0.621585	Pts: 130497
Particle (11):: Fit: 13242.2	PB: 13242.2	LB: 14282.1	GB: 14496.4	Conf: 0.228817	Pts: 115099
Particle (48):: Fit: 13255.2	PB: 13255.2	LB: 14047.1	GB: 14496.4	Conf: 0.782578	Pts: 55596
Particle (39):: Fit: 12643.9	PB: 12643.9	LB: 14087.1	GB: 14496.4	Conf: 0.272502	Pts: 55384
Particle (28):: Fit: 13847.5	PB: 13847.5	LB: 14275.9	GB: 14496.4	Conf: 0.584558	Pts: 70875
Particle (23):: Fit: 13431.8	PB: 13431.8	LB: 14275.9	GB: 14496.4	Conf: 0.590791	Pts: 100481
Particle (34):: Fit: 13468.1	PB: 13468.1	LB: 14075.4	GB: 14496.4	Conf: 0.790622	Pts: 110576
Particle (47):: Fit: 12848.9	PB: 12848.9	LB: 14047.1	GB: 14496.4	Conf: 0.557847	Pts: 50978
Particle (9):: Fit: 12631.9	PB: 12631.9	LB: 14282.1	GB: 14496.4	Conf: 0.561539	Pts: 95372
Particle (9):: Fit: 12638.2	PB: 12638.2	LB: 14282.1	GB: 14496.4	Conf: 0.579902	Pts: 95471
Particle (21):: Fit: 14870.6	PB: 14870.6	LB: 14870.6	GB: 14870.6	Conf: 0.662611	Pts: 180848
Global: 14870.6 - Correct: 73% of 100 tests
Global Best: 
  Inner Net 1
  -- 1 : 1 = -0.391129
  -- 1 : 2 = -0.208603
  -- 1 : 3 = 0.791914
  -- 1 : 4 = 0.21862
  -- 1 : 5 = 0.103321
  -- 1 : 6 = -0.0808245
  -- 1 : 7 = 0.11771
  -- 1 : 8 = 0.0745269
  -- 1 : 9 = -0.446401
  -- 2 : 1 = 0.363928
  -- 2 : 2 = -0.035896
  -- 2 : 3 = 0.188655
  -- 2 : 4 = -0.0663761
  -- 2 : 5 = -0.329689
  -- 2 : 6 = -0.0663214
  -- 2 : 7 = 0.191212
  -- 2 : 8 = -0.154877
  -- 2 : 9 = 0.0408373
  -- 3 : 1 = -0.137809
  -- 3 : 2 = 0.309269
  -- 3 : 3 = 0.146864
  -- 3 : 4 = 0.0891027
  -- 3 : 5 = -0.0131517
  -- 3 : 6 = -0.0489506
  -- 3 : 7 = 0.277708
  -- 3 : 8 = -0.0207357
  -- 3 : 9 = -0.10329
  -- 4 : 1 = 0.230482
  -- 4 : 2 = 0.161702
  -- 4 : 3 = 0.0736644
  -- 4 : 4 = 0.0673225
  -- 4 : 5 = 0.141463
  -- 4 : 6 = 0.368996
  -- 4 : 7 = -0.130725
  -- 4 : 8 = 0.343595
  -- 4 : 9 = 0.17298
  -- 5 : 1 = 0.544829
  -- 5 : 2 = 0.255828
  -- 5 : 3 = 0.20943
  -- 5 : 4 = 0.138045
  -- 5 : 5 = 0.314983
  -- 5 : 6 = 0.263306
  -- 5 : 7 = -0.12518
  -- 5 : 8 = -0.293617
  -- 5 : 9 = -0.189292
  -- 6 : 1 = 0.797327
  -- 6 : 2 = 0.0956861
  -- 6 : 3 = -0.162792
  -- 6 : 4 = -0.302939
  -- 6 : 5 = 0.111813
  -- 6 : 6 = -0.018982
  -- 6 : 7 = -0.238619
  -- 6 : 8 = 0.116528
  -- 6 : 9 = -0.005831
  -- 7 : 1 = 0.112195
  -- 7 : 2 = 0.210838
  -- 7 : 3 = 0.159541
  -- 7 : 4 = -0.181744
  -- 7 : 5 = -0.155781
  -- 7 : 6 = -0.498797
  -- 7 : 7 = 0.263302
  -- 7 : 8 = -0.248605
  -- 7 : 9 = 0.0659104
  -- 8 : 1 = 0.297837
  -- 8 : 2 = -0.0364484
  -- 8 : 3 = 0.372016
  -- 8 : 4 = 0.158549
  -- 8 : 5 = -0.0820504
  -- 8 : 6 = 0.118947
  -- 8 : 7 = -0.225725
  -- 8 : 8 = -0.363093
  -- 8 : 9 = -0.242607
  -- 9 : 1 = 0.54498
  -- 9 : 2 = -0.0330719
  -- 9 : 3 = -0.0832972
  -- 9 : 4 = 0.127677
  -- 9 : 5 = -0.114948
  -- 9 : 6 = 0.110167
  -- 9 : 7 = 0.234531
  -- 9 : 8 = -0.494472
  -- 9 : 9 = -0.220687
  -- 10 : 1 = 0.5
  -- 10 : 2 = -0.247831
  -- 10 : 3 = -0.37052
  -- 10 : 4 = -0.0464612
  -- 10 : 5 = -0.297396
  -- 10 : 6 = 0.0921863
  -- 10 : 7 = 0.175382
  -- 10 : 8 = 0.364275
  -- 10 : 9 = -0.0705678
  Inner Net 2
  -- 1 : 1 = 0.245118
  -- 1 : 2 = -0.179662
  -- 2 : 1 = -0.798823
  -- 2 : 2 = 0.424463
  -- 3 : 1 = 0.0133721
  -- 3 : 2 = -0.204732
  -- 4 : 1 = 0.413491
  -- 4 : 2 = -0.433143
  -- 5 : 1 = 0.392384
  -- 5 : 2 = -0.00823931
  -- 6 : 1 = -0.240616
  -- 6 : 2 = -0.0631457
  -- 7 : 1 = -0.636051
  -- 7 : 2 = 0.102533
  -- 8 : 1 = -0.286001
  -- 8 : 2 = -0.0524536
  -- 9 : 1 = -0.0949832
  -- 9 : 2 = 0.0981736
Out\Act	False		True
False	0.763446	0.078534	0.84198
True	0.106616	0.0514041	0.15802
	0.870062	0.129938
	Accuracy [ (tp + tn) / testSize ]: 0.81485
	Precision [ tp / (tp + fp) ]:      0.394161
	Sensitivity [ tp / (tp + fn) ]:    0.324324
	Specificity [ tn / (tn + fp) ]:    0.906215
	F-Score [ 2tp / (2tp + fp + fn) ]: 0.356436
Particle (5):: Fit: 13294.3	PB: 13294.3	LB: 14282.1	GB: 14870.6	Conf: 0.755935	Pts: 190366
Particle (20):: Fit: 13490.3	PB: 13490.3	LB: 14870.6	GB: 14870.6	Conf: 0.689839	Pts: 65663
Particle (26):: Fit: 12654.5	PB: 12654.5	LB: 14275.9	GB: 14870.6	Conf: 0.584921	Pts: 75865
Particle (15):: Fit: 14075.3	PB: 14075.3	LB: 14496.4	GB: 14870.6	Conf: 0.578636	Pts: 160163
Particle (23):: Fit: 13463.4	PB: 13463.4	LB: 14870.6	GB: 14870.6	Conf: 0.632105	Pts: 100566
Particle (26):: Fit: 12880	PB: 12880	LB: 14275.9	GB: 14870.6	Conf: 0.869379	Pts: 75962
Particle (12):: Fit: 14033.3	PB: 14033.3	LB: 14282.1	GB: 14870.6	Conf: 0.639535	Pts: 55461
Particle (11):: Fit: 13453	PB: 13453	LB: 14282.1	GB: 14870.6	Conf: 0.525848	Pts: 115160
Particle (3):: Fit: 13863.7	PB: 13863.7	LB: 14047.1	GB: 14870.6	Conf: 0.60808	Pts: 140644
Particle (4):: Fit: 13258.2	PB: 13258.2	LB: 14047.1	GB: 14870.6	Conf: 0.392863	Pts: 90552
Particle (38):: Fit: 13481.5	PB: 13481.5	LB: 14087.1	GB: 14870.6	Conf: 0.262005	Pts: 95218
Particle (23):: Fit: 13466.5	PB: 13466.5	LB: 14870.6	GB: 14870.6	Conf: 0.809132	Pts: 100645
Particle (11):: Fit: 14053.8	PB: 14053.8	LB: 14282.1	GB: 14870.6	Conf: 0.392158	Pts: 115243
Particle (16):: Fit: 12883.4	PB: 12883.4	LB: 14870.6	GB: 14870.6	Conf: 0.297684	Pts: 55225
Particle (0):: Fit: 13255.3	PB: 13255.3	LB: 14047.1	GB: 14870.6	Conf: 0.831902	Pts: 115633
Particle (37):: Fit: 13913.2	PB: 13913.2	LB: 14087.1	GB: 14870.6	Conf: 0.644532	Pts: 130530
Particle (32):: Fit: 13225.1	PB: 13225.1	LB: 14075.4	GB: 14870.6	Conf: 0.426657	Pts: 70626
Particle (28):: Fit: 14687.7	PB: 14687.7	LB: 14687.7	GB: 14870.6	Conf: 0.796768	Pts: 105913
Particle (49):: Fit: 13451.5	PB: 13451.5	LB: 14047.1	GB: 14870.6	Conf: 0.288764	Pts: 75721
Particle (24):: Fit: 12825.4	PB: 12825.4	LB: 14870.6	GB: 14870.6	Conf: 0.653871	Pts: 55519
Particle (39):: Fit: 13240.6	PB: 13240.6	LB: 14087.1	GB: 14870.6	Conf: 0.48524	Pts: 55409
Particle (23):: Fit: 14489.3	PB: 14489.3	LB: 14870.6	GB: 14870.6	Conf: 0.477485	Pts: 100718
Particle (31):: Fit: 13465.6	PB: 13465.6	LB: 14687.7	GB: 14870.6	Conf: 0.569573	Pts: 60814
Particle (38):: Fit: 14253.1	PB: 14253.1	LB: 14253.1	GB: 14870.6	Conf: 0.57001	Pts: 145281
Particle (16):: Fit: 13638.9	PB: 13638.9	LB: 14870.6	GB: 14870.6	Conf: 0.695284	Pts: 55297
Particle (26):: Fit: 13047.8	PB: 13047.8	LB: 14687.7	GB: 14870.6	Conf: 0.673337	Pts: 75998
Particle (9):: Fit: 12647.1	PB: 12647.1	LB: 14282.1	GB: 14870.6	Conf: 0.615197	Pts: 95488
Particle (8):: Fit: 14096.8	PB: 14096.8	LB: 14282.1	GB: 14870.6	Conf: 0.437593	Pts: 110689
Particle (25):: Fit: 14672.7	PB: 14672.7	LB: 14870.6	GB: 14870.6	Conf: 0.651793	Pts: 145883
Particle (47):: Fit: 13233	PB: 13233	LB: 14047.1	GB: 14870.6	Conf: 0.38583	Pts: 50975
Particle (44):: Fit: 13643.6	PB: 13643.6	LB: 14087.1	GB: 14870.6	Conf: 0.824731	Pts: 105475
Particle (9):: Fit: 12651	PB: 12651	LB: 14282.1	GB: 14870.6	Conf: 0.688768	Pts: 95571
Particle (45):: Fit: 14082.4	PB: 14082.4	LB: 14087.1	GB: 14870.6	Conf: 0.721205	Pts: 80768
Particle (35):: Fit: 14481.2	PB: 14481.2	LB: 14481.2	GB: 14870.6	Conf: 0.760918	Pts: 121056
Particle (43):: Fit: 14057.7	PB: 14057.7	LB: 14087.1	GB: 14870.6	Conf: 0.65998	Pts: 120760
Particle (9):: Fit: 13660.8	PB: 13660.8	LB: 14282.1	GB: 14870.6	Conf: 0.812645	Pts: 95653
Particle (26):: Fit: 13236.7	PB: 13236.7	LB: 14687.7	GB: 14870.6	Conf: 0.814172	Pts: 76051
Particle (47):: Fit: 13462	PB: 13462	LB: 14082.4	GB: 14870.6	Conf: 0.649035	Pts: 51044
Particle (3):: Fit: 14253.2	PB: 14253.2	LB: 14253.2	GB: 14870.6	Conf: 0.607558	Pts: 175636
Particle (24):: Fit: 12840.8	PB: 12840.8	LB: 14870.6	GB: 14870.6	Conf: 0.592732	Pts: 55537
Particle (30):: Fit: 14683	PB: 14683	LB: 14687.7	GB: 14870.6	Conf: 0.468727	Pts: 150338
Particle (33):: Fit: 14490.4	PB: 14490.4	LB: 14683	GB: 14870.6	Conf: 0.673556	Pts: 85426
Particle (6):: Fit: 13874	PB: 13874	LB: 14282.1	GB: 14870.6	Conf: 0.281567	Pts: 70225
Particle (2):: Fit: 14266	PB: 14266	LB: 14266	GB: 14870.6	Conf: 0.463878	Pts: 275217
Particle (37):: Fit: 14866.5	PB: 14866.5	LB: 14866.5	GB: 14870.6	Conf: 0.673265	Pts: 180520
Particle (46):: Fit: 13875.7	PB: 13875.7	LB: 14082.4	GB: 14870.6	Conf: 0.509349	Pts: 60409
Particle (22):: Fit: 13290.9	PB: 13290.9	LB: 14870.6	GB: 14870.6	Conf: 0.792629	Pts: 90508
Particle (31):: Fit: 13634.2	PB: 13634.2	LB: 14687.7	GB: 14870.6	Conf: 0.615275	Pts: 60800
Particle (22):: Fit: 14257.8	PB: 14257.8	LB: 14870.6	GB: 14870.6	Conf: 0.72842	Pts: 90593
Particle (31):: Fit: 14681.9	PB: 14681.9	LB: 14687.7	GB: 14870.6	Conf: 0.860739	Pts: 60894
Particle (4):: Fit: 13395.4	PB: 13395.4	LB: 14266	GB: 14870.6	Conf: 0.416725	Pts: 90492
Particle (19):: Fit: 14248.9	PB: 14248.9	LB: 14870.6	GB: 14870.6	Conf: 0.698983	Pts: 100487
Particle (10):: Fit: 14671.3	PB: 14671.3	LB: 14671.3	GB: 14870.6	Conf: 0.714179	Pts: 150679
Particle (20):: Fit: 13837.6	PB: 13837.6	LB: 14870.6	GB: 14870.6	Conf: 0.564816	Pts: 65572
Particle (29):: Fit: 14868.7	PB: 14868.7	LB: 14868.7	GB: 14870.6	Conf: 0.76545	Pts: 295170
Particle (18):: Fit: 14885.2	PB: 14885.2	LB: 14885.2	GB: 14885.2	Conf: 0.574611	Pts: 180453
Global: 14885.2 - Correct: 73% of 100 tests
Global Best: 
  Inner Net 1
  -- 1 : 1 = -0.632612
  -- 1 : 2 = -0.29747
  -- 1 : 3 = -0.0306615
  -- 1 : 4 = 0.0500048
  -- 1 : 5 = -0.305463
  -- 1 : 6 = -0.204416
  -- 1 : 7 = 0.111479
  -- 1 : 8 = 0.0371025
  -- 1 : 9 = -0.142534
  -- 2 : 1 = 0.774073
  -- 2 : 2 = 0.246505
  -- 2 : 3 = 0.157906
  -- 2 : 4 = -0.242133
  -- 2 : 5 = 0.150516
  -- 2 : 6 = 0.616676
  -- 2 : 7 = 0.0608188
  -- 2 : 8 = 0.200017
  -- 2 : 9 = 0.0151514
  -- 3 : 1 = 0.0484067
  -- 3 : 2 = -0.359929
  -- 3 : 3 = 0.263405
  -- 3 : 4 = 0.197867
  -- 3 : 5 = 0.0682441
  -- 3 : 6 = -0.038562
  -- 3 : 7 = 0.473092
  -- 3 : 8 = -0.0793425
  -- 3 : 9 = -0.00764207
  -- 4 : 1 = 0.0623551
  -- 4 : 2 = -0.0572501
  -- 4 : 3 = -0.0209786
  -- 4 : 4 = -0.13519
  -- 4 : 5 = -0.0133621
  -- 4 : 6 = -0.241015
  -- 4 : 7 = 0.166343
  -- 4 : 8 = 0.01863
  -- 4 : 9 = -0.085777
  -- 5 : 1 = 0.700549
  -- 5 : 2 = 0.359103
  -- 5 : 3 = 0.0251546
  -- 5 : 4 = 0.458915
  -- 5 : 5 = 0.493347
  -- 5 : 6 = -0.117368
  -- 5 : 7 = -0.0993464
  -- 5 : 8 = 0.0931611
  -- 5 : 9 = -0.156244
  -- 6 : 1 = 0.655937
  -- 6 : 2 = -0.0275606
  -- 6 : 3 = -0.0735037
  -- 6 : 4 = -0.0356857
  -- 6 : 5 = 0.588518
  -- 6 : 6 = -0.183435
  -- 6 : 7 = 0.210292
  -- 6 : 8 = 0.20081
  -- 6 : 9 = 0.370412
  -- 7 : 1 = -0.232436
  -- 7 : 2 = 0.169537
  -- 7 : 3 = 0.316296
  -- 7 : 4 = 0.124738
  -- 7 : 5 = -0.455325
  -- 7 : 6 = -0.180646
  -- 7 : 7 = -0.0605714
  -- 7 : 8 = -0.214052
  -- 7 : 9 = -0.0526681
  -- 8 : 1 = 0.121396
  -- 8 : 2 = 0.518863
  -- 8 : 3 = 0.443644
  -- 8 : 4 = 0.128783
  -- 8 : 5 = 0.111508
  -- 8 : 6 = -0.242471
  -- 8 : 7 = -0.166458
  -- 8 : 8 = 0.356997
  -- 8 : 9 = -0.113297
  -- 9 : 1 = 0.323242
  -- 9 : 2 = 0.549259
  -- 9 : 3 = 0.215353
  -- 9 : 4 = -0.337075
  -- 9 : 5 = 0.198068
  -- 9 : 6 = -0.263463
  -- 9 : 7 = -0.00206642
  -- 9 : 8 = -0.143257
  -- 9 : 9 = 0.254056
  -- 10 : 1 = 0.123524
  -- 10 : 2 = 0.42157
  -- 10 : 3 = -0.256249
  -- 10 : 4 = 0.208602
  -- 10 : 5 = -0.104525
  -- 10 : 6 = -0.0135668
  -- 10 : 7 = 0.274666
  -- 10 : 8 = 0.0711483
  -- 10 : 9 = 0.367581
  Inner Net 2
  -- 1 : 1 = 0.230681
  -- 1 : 2 = 0.111118
  -- 2 : 1 = -0.500803
  -- 2 : 2 = -0.387005
  -- 3 : 1 = 0.128146
  -- 3 : 2 = 0.189885
  -- 4 : 1 = 0.113243
  -- 4 : 2 = 0.133902
  -- 5 : 1 = 0.112151
  -- 5 : 2 = -0.0668567
  -- 6 : 1 = -0.200342
  -- 6 : 2 = 0.0180106
  -- 7 : 1 = 0.206142
  -- 7 : 2 = 0.0926825
  -- 8 : 1 = 0.259361
  -- 8 : 2 = 0.062572
  -- 9 : 1 = -0.408467
  -- 9 : 2 = -0.147022
Out\Act	False		True
False	0.63684	0.20514	0.84198
True	0.0904331	0.0675869	0.15802
	0.727273	0.272727
	Accuracy [ (tp + tn) / testSize ]: 0.704426
	Precision [ tp / (tp + fp) ]:      0.247387
	Sensitivity [ tp / (tp + fn) ]:    0.426426
	Specificity [ tn / (tn + fp) ]:    0.755932
	F-Score [ 2tp / (2tp + fp + fn) ]: 0.313466
Particle (47):: Fit: 13686.2	PB: 13686.2	LB: 14266	GB: 14885.2	Conf: 0.876025	Pts: 51043
Particle (36):: Fit: 13825.6	PB: 13825.6	LB: 14866.5	GB: 14885.2	Conf: 0.682561	Pts: 135540
Particle (9):: Fit: 13852.5	PB: 13852.5	LB: 14671.3	GB: 14885.2	Conf: 0.879751	Pts: 95638
Particle (49):: Fit: 13468.6	PB: 13468.6	LB: 14266	GB: 14885.2	Conf: 0.705885	Pts: 75633
Particle (42):: Fit: 13869.5	PB: 13869.5	LB: 14253.1	GB: 14885.2	Conf: 0.768933	Pts: 150427
Particle (45):: Fit: 14263.2	PB: 14263.2	LB: 14263.2	GB: 14885.2	Conf: 0.482009	Pts: 105729
Particle (32):: Fit: 14903.5	PB: 14903.5	LB: 14903.5	GB: 14903.5	Conf: 0.424938	Pts: 130518
Global: 14903.5 - Correct: 73% of 100 tests
Global Best: 
  Inner Net 1
  -- 1 : 1 = 0.255978
  -- 1 : 2 = -0.0307659
  -- 1 : 3 = 0.0177071
  -- 1 : 4 = 0.0618499
  -- 1 : 5 = 0.0692024
  -- 1 : 6 = -0.730562
  -- 1 : 7 = 0.484724
  -- 1 : 8 = -0.119629
  -- 1 : 9 = 0.468701
  -- 2 : 1 = 0.55259
  -- 2 : 2 = 0.182517
  -- 2 : 3 = -0.339936
  -- 2 : 4 = -0.0140999
  -- 2 : 5 = 0.235972
  -- 2 : 6 = -0.0553601
  -- 2 : 7 = -0.0206636
  -- 2 : 8 = 0.295201
  -- 2 : 9 = 0.0130783
  -- 3 : 1 = 0.302878
  -- 3 : 2 = 0.0644015
  -- 3 : 3 = -0.0237498
  -- 3 : 4 = 0.0923921
  -- 3 : 5 = 0.0293421
  -- 3 : 6 = -0.00430624
  -- 3 : 7 = -0.00487894
  -- 3 : 8 = -0.044257
  -- 3 : 9 = -0.357007
  -- 4 : 1 = 0.0938588
  -- 4 : 2 = 0.475697
  -- 4 : 3 = -0.0967409
  -- 4 : 4 = -0.223997
  -- 4 : 5 = -0.0783141
  -- 4 : 6 = -0.364489
  -- 4 : 7 = -0.0472499
  -- 4 : 8 = 0.117925
  -- 4 : 9 = 0.103771
  -- 5 : 1 = 0.795647
  -- 5 : 2 = 0.568328
  -- 5 : 3 = 0.0347831
  -- 5 : 4 = 0.483618
  -- 5 : 5 = 0.111966
  -- 5 : 6 = 0.124709
  -- 5 : 7 = -0.190791
  -- 5 : 8 = 0.0832682
  -- 5 : 9 = -0.233962
  -- 6 : 1 = 0.613915
  -- 6 : 2 = 0.274754
  -- 6 : 3 = -0.160217
  -- 6 : 4 = -0.0847951
  -- 6 : 5 = 0.0445709
  -- 6 : 6 = 0.536826
  -- 6 : 7 = 0.136694
  -- 6 : 8 = -0.198321
  -- 6 : 9 = 0.383073
  -- 7 : 1 = 0.435329
  -- 7 : 2 = 0.152918
  -- 7 : 3 = 0.176664
  -- 7 : 4 = -0.10734
  -- 7 : 5 = 0.108861
  -- 7 : 6 = 0.0980812
  -- 7 : 7 = -0.0266627
  -- 7 : 8 = 0.500605
  -- 7 : 9 = -0.148211
  -- 8 : 1 = -0.475472
  -- 8 : 2 = 0.192453
  -- 8 : 3 = -0.23012
  -- 8 : 4 = 0.0304189
  -- 8 : 5 = -0.0732994
  -- 8 : 6 = 0.206128
  -- 8 : 7 = 0.0492618
  -- 8 : 8 = -0.126256
  -- 8 : 9 = -0.175136
  -- 9 : 1 = -0.471754
  -- 9 : 2 = 0.161505
  -- 9 : 3 = -0.0338886
  -- 9 : 4 = 0.197373
  -- 9 : 5 = -0.25805
  -- 9 : 6 = 0.0150574
  -- 9 : 7 = 0.27344
  -- 9 : 8 = -0.233881
  -- 9 : 9 = 0.0194041
  -- 10 : 1 = 0.157288
  -- 10 : 2 = 0.0297914
  -- 10 : 3 = -0.0515704
  -- 10 : 4 = -0.340855
  -- 10 : 5 = 0.0447921
  -- 10 : 6 = -0.393133
  -- 10 : 7 = 0.294201
  -- 10 : 8 = 0.117383
  -- 10 : 9 = -0.196795
  Inner Net 2
  -- 1 : 1 = 0.649745
  -- 1 : 2 = -0.0703413
  -- 2 : 1 = -0.735488
  -- 2 : 2 = 0.17097
  -- 3 : 1 = 0.473912
  -- 3 : 2 = 0.115586
  -- 4 : 1 = -0.180436
  -- 4 : 2 = 0.0670312
  -- 5 : 1 = -0.343272
  -- 5 : 2 = -0.18692
  -- 6 : 1 = -0.379615
  -- 6 : 2 = -0.306945
  -- 7 : 1 = -0.264843
  -- 7 : 2 = 0.283276
  -- 8 : 1 = 0.5
  -- 8 : 2 = -0.609011
  -- 9 : 1 = -0.399295
  -- 9 : 2 = -0.142816
Out\Act	False		True
False	0.76297	0.07901	0.84198
True	0.1109	0.0471204	0.15802
	0.87387	0.12613
	Accuracy [ (tp + tn) / testSize ]: 0.81009
	Precision [ tp / (tp + fp) ]:      0.37218
	Sensitivity [ tp / (tp + fn) ]:    0.297297
	Specificity [ tn / (tn + fp) ]:    0.90565
	F-Score [ 2tp / (2tp + fp + fn) ]: 0.331104
Particle (48):: Fit: 13658.3	PB: 13658.3	LB: 14266	GB: 14903.5	Conf: 0.58848	Pts: 55422
Particle (14):: Fit: 12653.3	PB: 12653.3	LB: 14885.2	GB: 14903.5	Conf: 0.740762	Pts: 55408
Particle (40):: Fit: 13878.6	PB: 13878.6	LB: 14866.5	GB: 14903.5	Conf: 0.193696	Pts: 60313
Particle (9):: Fit: 14075.1	PB: 14075.1	LB: 14671.3	GB: 14903.5	Conf: 0.706635	Pts: 95710
Particle (4):: Fit: 13447.6	PB: 13447.6	LB: 14266	GB: 14903.5	Conf: 0.778008	Pts: 90506
Particle (0):: Fit: 13452.9	PB: 13452.9	LB: 14266	GB: 14903.5	Conf: 0.929902	Pts: 115491
Particle (45):: Fit: 14633	PB: 14633	LB: 14633	GB: 14903.5	Conf: 0.594808	Pts: 145796
Particle (8):: Fit: 14275.8	PB: 14275.8	LB: 14671.3	GB: 14903.5	Conf: 0.438268	Pts: 120591
Particle (40):: Fit: 14048.7	PB: 14048.7	LB: 14866.5	GB: 14903.5	Conf: 0.17169	Pts: 60383
Particle (7):: Fit: 13847.1	PB: 13847.1	LB: 14671.3	GB: 14903.5	Conf: 0.464252	Pts: 85263
Particle (5):: Fit: 13666.9	PB: 13666.9	LB: 14671.3	GB: 14903.5	Conf: 0.457512	Pts: 190150
Particle (2):: Fit: 14874.2	PB: 14874.2	LB: 14874.2	GB: 14903.5	Conf: 0.500515	Pts: 325139
Particle (24):: Fit: 13472.1	PB: 13472.1	LB: 14870.6	GB: 14903.5	Conf: 0.481469	Pts: 55432
Particle (14):: Fit: 13043.6	PB: 13043.6	LB: 14885.2	GB: 14903.5	Conf: 0.607911	Pts: 55414
Particle (36):: Fit: 14262.3	PB: 14262.3	LB: 14903.5	GB: 14903.5	Conf: 0.843	Pts: 135511
Particle (33):: Fit: 15258.7	PB: 15258.7	LB: 15258.7	GB: 15258.7	Conf: 0.755861	Pts: 145309
Global: 15258.7 - Correct: 75% of 100 tests
Global Best: 
  Inner Net 1
  -- 1 : 1 = 0.244087
  -- 1 : 2 = 0.168517
  -- 1 : 3 = -0.198089
  -- 1 : 4 = -0.00401243
  -- 1 : 5 = 0.254505
  -- 1 : 6 = -0.193624
  -- 1 : 7 = 0.168722
  -- 1 : 8 = -0.188612
  -- 1 : 9 = 0.328176
  -- 2 : 1 = 0.136897
  -- 2 : 2 = -0.081387
  -- 2 : 3 = -0.105321
  -- 2 : 4 = -0.328135
  -- 2 : 5 = -0.215
  -- 2 : 6 = 0.0644287
  -- 2 : 7 = 0.11233
  -- 2 : 8 = -0.229758
  -- 2 : 9 = -0.261823
  -- 3 : 1 = 0.309042
  -- 3 : 2 = 0.10813
  -- 3 : 3 = 0.356234
  -- 3 : 4 = -0.109252
  -- 3 : 5 = -0.317578
  -- 3 : 6 = 0.0866808
  -- 3 : 7 = 0.52156
  -- 3 : 8 = -0.262654
  -- 3 : 9 = -0.148195
  -- 4 : 1 = 0.266783
  -- 4 : 2 = -0.0924693
  -- 4 : 3 = -0.201872
  -- 4 : 4 = -0.245767
  -- 4 : 5 = 0.26891
  -- 4 : 6 = 0.779842
  -- 4 : 7 = 0.199349
  -- 4 : 8 = 0.127893
  -- 4 : 9 = 0.172775
  -- 5 : 1 = 0
  -- 5 : 2 = -0.0126308
  -- 5 : 3 = 0.341163
  -- 5 : 4 = 0.386269
  -- 5 : 5 = 0.297331
  -- 5 : 6 = -0.316134
  -- 5 : 7 = -0.0522862
  -- 5 : 8 = 0.0348441
  -- 5 : 9 = 0.169113
  -- 6 : 1 = 0.709123
  -- 6 : 2 = 0.415329
  -- 6 : 3 = 0.30611
  -- 6 : 4 = 0.304023
  -- 6 : 5 = -0.123027
  -- 6 : 6 = -0.291733
  -- 6 : 7 = -0.296137
  -- 6 : 8 = -0.195799
  -- 6 : 9 = -0.123187
  -- 7 : 1 = 0.440432
  -- 7 : 2 = -0.237763
  -- 7 : 3 = 0.206073
  -- 7 : 4 = 0.0936032
  -- 7 : 5 = -0.0942469
  -- 7 : 6 = -0.0471553
  -- 7 : 7 = 0.134486
  -- 7 : 8 = 0.0914457
  -- 7 : 9 = 0.369651
  -- 8 : 1 = 0.0064539
  -- 8 : 2 = -0.221538
  -- 8 : 3 = 0.729736
  -- 8 : 4 = -0.0114152
  -- 8 : 5 = -0.00395891
  -- 8 : 6 = 0.12692
  -- 8 : 7 = 0.146108
  -- 8 : 8 = -0.180157
  -- 8 : 9 = 0.116008
  -- 9 : 1 = 0.0437687
  -- 9 : 2 = -0.0334159
  -- 9 : 3 = 0.261014
  -- 9 : 4 = 0.233992
  -- 9 : 5 = 0.0699503
  -- 9 : 6 = -0.0244616
  -- 9 : 7 = -0.0969475
  -- 9 : 8 = 0.248143
  -- 9 : 9 = -0.221684
  -- 10 : 1 = 0.294857
  -- 10 : 2 = 0.182924
  -- 10 : 3 = -0.0226971
  -- 10 : 4 = -0.0292339
  -- 10 : 5 = 0.326648
  -- 10 : 6 = -0.497518
  -- 10 : 7 = 0.805344
  -- 10 : 8 = 0.0878493
  -- 10 : 9 = -0.361551
  Inner Net 2
  -- 1 : 1 = 0.595337
  -- 1 : 2 = 0.254521
  -- 2 : 1 = -0.0641059
  -- 2 : 2 = 0.564544
  -- 3 : 1 = -0.00925729
  -- 3 : 2 = -0.619917
  -- 4 : 1 = -0.105569
  -- 4 : 2 = 0.397501
  -- 5 : 1 = -0.469598
  -- 5 : 2 = -0.260531
  -- 6 : 1 = -0.304009
  -- 6 : 2 = 0.257061
  -- 7 : 1 = -0.0888841
  -- 7 : 2 = -0.0477722
  -- 8 : 1 = -0.5
  -- 8 : 2 = -0.498702
  -- 9 : 1 = -0.379535
  -- 9 : 2 = -0.113129
Out\Act	False		True
False	0.555926	0.286054	0.84198
True	0.0671109	0.0909091	0.15802
	0.623037	0.376963
	Accuracy [ (tp + tn) / testSize ]: 0.646835
	Precision [ tp / (tp + fp) ]:      0.240858
	Sensitivity [ tp / (tp + fn) ]:    0.573574
	Specificity [ tn / (tn + fp) ]:    0.659887
	F-Score [ 2tp / (2tp + fp + fn) ]: 0.339556
Particle (23):: Fit: 15307.6	PB: 15307.6	LB: 15307.6	GB: 15307.6	Conf: 0.6931	Pts: 160511
Global: 15307.6 - Correct: 75% of 100 tests
Global Best: 
  Inner Net 1
  -- 1 : 1 = -0.520404
  -- 1 : 2 = -0.115638
  -- 1 : 3 = 0.00694823
  -- 1 : 4 = -0.118035
  -- 1 : 5 = -0.511375
  -- 1 : 6 = -0.358387
  -- 1 : 7 = 0.246975
  -- 1 : 8 = 0.0431204
  -- 1 : 9 = -0.381811
  -- 2 : 1 = 0.397885
  -- 2 : 2 = -0.144614
  -- 2 : 3 = 0.0411217
  -- 2 : 4 = 0.0877682
  -- 2 : 5 = 0.0169989
  -- 2 : 6 = -0.0869483
  -- 2 : 7 = -0.00640384
  -- 2 : 8 = -0.179171
  -- 2 : 9 = -0.00362384
  -- 3 : 1 = -0.127106
  -- 3 : 2 = 0.239874
  -- 3 : 3 = 0.170042
  -- 3 : 4 = -0.482305
  -- 3 : 5 = -0.224762
  -- 3 : 6 = -0.138101
  -- 3 : 7 = 0.497971
  -- 3 : 8 = -0.229953
  -- 3 : 9 = -0.0266356
  -- 4 : 1 = 0.284825
  -- 4 : 2 = 0.117279
  -- 4 : 3 = 0.061926
  -- 4 : 4 = -0.358363
  -- 4 : 5 = -0.36988
  -- 4 : 6 = -0.0874278
  -- 4 : 7 = -0.249617
  -- 4 : 8 = -0.187517
  -- 4 : 9 = -0.020824
  -- 5 : 1 = 0.676605
  -- 5 : 2 = -0.315687
  -- 5 : 3 = 0.182042
  -- 5 : 4 = -0.0663859
  -- 5 : 5 = 0.594512
  -- 5 : 6 = 0.260158
  -- 5 : 7 = 0.0880939
  -- 5 : 8 = 0.0696543
  -- 5 : 9 = 0.39997
  -- 6 : 1 = -0.530929
  -- 6 : 2 = 0.216004
  -- 6 : 3 = -0.271926
  -- 6 : 4 = -0.257199
  -- 6 : 5 = -0.147219
  -- 6 : 6 = -0.263246
  -- 6 : 7 = -0.336991
  -- 6 : 8 = -0.23477
  -- 6 : 9 = -0.139649
  -- 7 : 1 = -0.146069
  -- 7 : 2 = -0.260161
  -- 7 : 3 = 0.104673
  -- 7 : 4 = 0.148829
  -- 7 : 5 = 0.0213746
  -- 7 : 6 = 0.0680044
  -- 7 : 7 = 0.2013
  -- 7 : 8 = -0.202852
  -- 7 : 9 = -0.17282
  -- 8 : 1 = 0.38572
  -- 8 : 2 = 0.268687
  -- 8 : 3 = 0.185777
  -- 8 : 4 = -0.0184723
  -- 8 : 5 = 0.158594
  -- 8 : 6 = 0.274401
  -- 8 : 7 = -0.0978204
  -- 8 : 8 = -0.260272
  -- 8 : 9 = 0.301694
  -- 9 : 1 = 0.77393
  -- 9 : 2 = 0.111922
  -- 9 : 3 = -0.421861
  -- 9 : 4 = -0.351786
  -- 9 : 5 = 0.186361
  -- 9 : 6 = 0.126125
  -- 9 : 7 = -0.143993
  -- 9 : 8 = 0.0929815
  -- 9 : 9 = 0.166435
  -- 10 : 1 = 0.152896
  -- 10 : 2 = -0.0432706
  -- 10 : 3 = -0.0105002
  -- 10 : 4 = 0.0122776
  -- 10 : 5 = 0.226895
  -- 10 : 6 = -0.0377934
  -- 10 : 7 = 0.0213045
  -- 10 : 8 = -0.24795
  -- 10 : 9 = -0.203855
  Inner Net 2
  -- 1 : 1 = 0.537731
  -- 1 : 2 = 0.107708
  -- 2 : 1 = -0.404772
  -- 2 : 2 = 0.208968
  -- 3 : 1 = -0.299182
  -- 3 : 2 = -0.184288
  -- 4 : 1 = 0.0196866
  -- 4 : 2 = -0.0652285
  -- 5 : 1 = 0.510603
  -- 5 : 2 = -0.282472
  -- 6 : 1 = -0.390651
  -- 6 : 2 = -0.0870497
  -- 7 : 1 = -0.00578136
  -- 7 : 2 = -0.319147
  -- 8 : 1 = -0.628955
  -- 8 : 2 = -0.0340608
  -- 9 : 1 = -0.0605107
  -- 9 : 2 = -0.11732
Out\Act	False		True
False	0.691099	0.150881	0.84198
True	0.0823417	0.0756782	0.15802
	0.773441	0.226559
	Accuracy [ (tp + tn) / testSize ]: 0.766778
	Precision [ tp / (tp + fp) ]:      0.333333
	Sensitivity [ tp / (tp + fn) ]:    0.477477
	Specificity [ tn / (tn + fp) ]:    0.820339
	F-Score [ 2tp / (2tp + fp + fn) ]: 0.393078
Particle (4):: Fit: 13707.5	PB: 13707.5	LB: 14874.2	GB: 15307.6	Conf: 0.646333	Pts: 90506
Particle (49):: Fit: 14266.8	PB: 14266.8	LB: 14874.2	GB: 15307.6	Conf: 0.768478	Pts: 75603
Particle (38):: Fit: 14489.1	PB: 14489.1	LB: 14866.5	GB: 15307.6	Conf: 0.600683	Pts: 145072
Particle (45):: Fit: 14834	PB: 14834	LB: 14834	GB: 15307.6	Conf: 0.547851	Pts: 170796
Particle (22):: Fit: 14456.9	PB: 14456.9	LB: 15307.6	GB: 15307.6	Conf: 0.585369	Pts: 90493
Particle (17):: Fit: 13456.1	PB: 13456.1	LB: 14885.2	GB: 15307.6	Conf: 0.492698	Pts: 169689
Particle (26):: Fit: 13267.6	PB: 13267.6	LB: 15307.6	GB: 15307.6	Conf: 0.517698	Pts: 75887
Particle (20):: Fit: 13854.6	PB: 13854.6	LB: 15307.6	GB: 15307.6	Conf: 0.577033	Pts: 65463
Particle (3):: Fit: 14269.7	PB: 14269.7	LB: 14874.2	GB: 15307.6	Conf: 0.623414	Pts: 175465
Particle (26):: Fit: 13659.3	PB: 13659.3	LB: 15307.6	GB: 15307.6	Conf: 0.343935	Pts: 75970
Particle (0):: Fit: 13653.3	PB: 13653.3	LB: 14874.2	GB: 15307.6	Conf: 0.753914	Pts: 115462
Particle (14):: Fit: 13838.5	PB: 13838.5	LB: 14885.2	GB: 15307.6	Conf: 0.569901	Pts: 55462
Particle (5):: Fit: 14662.9	PB: 14662.9	LB: 14874.2	GB: 15307.6	Conf: 0.696654	Pts: 190162
Particle (7):: Fit: 14676.1	PB: 14676.1	LB: 14676.1	GB: 15307.6	Conf: 0.424226	Pts: 110251
Particle (21):: Fit: 15065.6	PB: 15065.6	LB: 15307.6	GB: 15307.6	Conf: 0.243656	Pts: 190533
Particle (28):: Fit: 14854.2	PB: 14854.2	LB: 15258.7	GB: 15307.6	Conf: 0.74366	Pts: 105642
Particle (24):: Fit: 14694.1	PB: 14694.1	LB: 15307.6	GB: 15307.6	Conf: 0.730461	Pts: 55392
Particle (31):: Fit: 14684.2	PB: 14684.2	LB: 15258.7	GB: 15307.6	Conf: 0.505191	Pts: 60694
Particle (2):: Fit: 14883.2	PB: 14883.2	LB: 14883.2	GB: 15307.6	Conf: 0.487667	Pts: 375062
Particle (43):: Fit: 15089.2	PB: 15089.2	LB: 15089.2	GB: 15307.6	Conf: 0.851294	Pts: 170448
Particle (21):: Fit: 15479.6	PB: 15479.6	LB: 15479.6	GB: 15479.6	Conf: 0.661867	Pts: 250519
Global: 15479.6 - Correct: 76% of 100 tests
Global Best: 
  Inner Net 1
  -- 1 : 1 = -1
  -- 1 : 2 = -0.417614
  -- 1 : 3 = 0.36132
  -- 1 : 4 = 0.280575
  -- 1 : 5 = -0.0827456
  -- 1 : 6 = -0.142652
  -- 1 : 7 = 0.0137037
  -- 1 : 8 = -0.162838
  -- 1 : 9 = -0.316065
  -- 2 : 1 = 0.0381345
  -- 2 : 2 = 0.132093
  -- 2 : 3 = 0.00180347
  -- 2 : 4 = 0.172633
  -- 2 : 5 = -0.0962802
  -- 2 : 6 = 0.18346
  -- 2 : 7 = -0.0248186
  -- 2 : 8 = -0.251609
  -- 2 : 9 = 0.147069
  -- 3 : 1 = -0.0243207
  -- 3 : 2 = -0.256085
  -- 3 : 3 = -0.126026
  -- 3 : 4 = 0.111564
  -- 3 : 5 = 0.346585
  -- 3 : 6 = -0.0343568
  -- 3 : 7 = -0.0671173
  -- 3 : 8 = 0.333258
  -- 3 : 9 = -0.0837802
  -- 4 : 1 = 0.478474
  -- 4 : 2 = 0.0152606
  -- 4 : 3 = 0.116146
  -- 4 : 4 = -0.0137699
  -- 4 : 5 = 0.346573
  -- 4 : 6 = 0.130998
  -- 4 : 7 = -0.295223
  -- 4 : 8 = 0.567454
  -- 4 : 9 = -0.00847051
  -- 5 : 1 = 0.723105
  -- 5 : 2 = 0.00337546
  -- 5 : 3 = 0.375047
  -- 5 : 4 = 0.0290897
  -- 5 : 5 = 0.193822
  -- 5 : 6 = -0.200515
  -- 5 : 7 = -0.233507
  -- 5 : 8 = -0.105358
  -- 5 : 9 = -0.344282
  -- 6 : 1 = -0.246634
  -- 6 : 2 = 0.239441
  -- 6 : 3 = -0.262169
  -- 6 : 4 = -0.0242081
  -- 6 : 5 = -0.265629
  -- 6 : 6 = -0.198685
  -- 6 : 7 = 0.313184
  -- 6 : 8 = -0.00937438
  -- 6 : 9 = -0.0826805
  -- 7 : 1 = 0.019239
  -- 7 : 2 = 0.134798
  -- 7 : 3 = -0.0920066
  -- 7 : 4 = -0.26172
  -- 7 : 5 = 0.018291
  -- 7 : 6 = -0.122341
  -- 7 : 7 = -0.285418
  -- 7 : 8 = 0.0869138
  -- 7 : 9 = 0.391794
  -- 8 : 1 = 0.130378
  -- 8 : 2 = -0.0930061
  -- 8 : 3 = 0.0141792
  -- 8 : 4 = 0.184033
  -- 8 : 5 = 0.318863
  -- 8 : 6 = 0.0202119
  -- 8 : 7 = -0.150013
  -- 8 : 8 = -0.0742224
  -- 8 : 9 = -0.0653341
  -- 9 : 1 = -0.723417
  -- 9 : 2 = 0.101999
  -- 9 : 3 = 0.197699
  -- 9 : 4 = -0.0387023
  -- 9 : 5 = 0.0656836
  -- 9 : 6 = 0.123857
  -- 9 : 7 = 0.297616
  -- 9 : 8 = -0.12132
  -- 9 : 9 = -0.412161
  -- 10 : 1 = 0.10986
  -- 10 : 2 = -0.115255
  -- 10 : 3 = 0.0477239
  -- 10 : 4 = 0.0630922
  -- 10 : 5 = 0.525138
  -- 10 : 6 = -0.155128
  -- 10 : 7 = 0.197404
  -- 10 : 8 = -0.0243324
  -- 10 : 9 = 0.0694364
  Inner Net 2
  -- 1 : 1 = 0.245118
  -- 1 : 2 = -0.179662
  -- 2 : 1 = -0.798823
  -- 2 : 2 = 0.424463
  -- 3 : 1 = 0.0133721
  -- 3 : 2 = -0.204732
  -- 4 : 1 = 0.413491
  -- 4 : 2 = -0.433143
  -- 5 : 1 = 0.392384
  -- 5 : 2 = -0.00823931
  -- 6 : 1 = -0.240616
  -- 6 : 2 = -0.0631457
  -- 7 : 1 = -0.636051
  -- 7 : 2 = 0.102533
  -- 8 : 1 = -0.286001
  -- 8 : 2 = -0.0524536
  -- 9 : 1 = -0.0949832
  -- 9 : 2 = 0.0981736
Out\Act	False		True
False	0.393146	0.448834	0.84198
True	0.0423608	0.115659	0.15802
	0.435507	0.564493
	Accuracy [ (tp + tn) / testSize ]: 0.508805
	Precision [ tp / (tp + fp) ]:      0.204718
	Sensitivity [ tp / (tp + fn) ]:    0.72973
	Specificity [ tn / (tn + fp) ]:    0.466667
	F-Score [ 2tp / (2tp + fp + fn) ]: 0.319947
Particle (16):: Fit: 13666.8	PB: 13666.8	LB: 15479.6	GB: 15479.6	Conf: 0.762109	Pts: 54895
Particle (17):: Fit: 14252.7	PB: 14252.7	LB: 15479.6	GB: 15479.6	Conf: 0.523936	Pts: 169598
Particle (34):: Fit: 14249.3	PB: 14249.3	LB: 15258.7	GB: 15479.6	Conf: 0.59633	Pts: 110082
Particle (34):: Fit: 14896.5	PB: 14896.5	LB: 15258.7	GB: 15479.6	Conf: 0.410918	Pts: 110171
Particle (46):: Fit: 14472.5	PB: 14472.5	LB: 15089.2	GB: 15479.6	Conf: 0.448892	Pts: 60068
Particle (39):: Fit: 13428.4	PB: 13428.4	LB: 15089.2	GB: 15479.6	Conf: 0.334899	Pts: 54946
Particle (6):: Fit: 14099	PB: 14099	LB: 14883.2	GB: 15479.6	Conf: 0.235918	Pts: 69830
Particle (15):: Fit: 14277.7	PB: 14277.7	LB: 14885.2	GB: 15479.6	Conf: 0.450989	Pts: 159615
Particle (44):: Fit: 15299.2	PB: 15299.2	LB: 15299.2	GB: 15479.6	Conf: 0.780736	Pts: 154998
Particle (48):: Fit: 13856.6	PB: 13856.6	LB: 15299.2	GB: 15479.6	Conf: 0.569472	Pts: 55085
Particle (39):: Fit: 13666.6	PB: 13666.6	LB: 15299.2	GB: 15479.6	Conf: 0.298258	Pts: 54954
Particle (1):: Fit: 14271.7	PB: 14271.7	LB: 14883.2	GB: 15479.6	Conf: 0.490432	Pts: 55260
Particle (42):: Fit: 14274.3	PB: 14274.3	LB: 15299.2	GB: 15479.6	Conf: 0.696115	Pts: 150027
Particle (39):: Fit: 13850.3	PB: 13850.3	LB: 15299.2	GB: 15479.6	Conf: 0.234607	Pts: 54993
Particle (3):: Fit: 14672.8	PB: 14672.8	LB: 14883.2	GB: 15479.6	Conf: 0.652844	Pts: 175184
Particle (0):: Fit: 15682.1	PB: 15682.1	LB: 15682.1	GB: 15682.1	Conf: 0.749125	Pts: 175165
Global: 15682.1 - Correct: 77% of 100 tests
Global Best: 
  Inner Net 1
  -- 1 : 1 = -0.5
  -- 1 : 2 = -0.0537211
  -- 1 : 3 = -0.00977004
  -- 1 : 4 = 0.0375851
  -- 1 : 5 = 0.304186
  -- 1 : 6 = -0.244255
  -- 1 : 7 = -0.328737
  -- 1 : 8 = -0.0849031
  -- 1 : 9 = -0.223714
  -- 2 : 1 = 0.583575
  -- 2 : 2 = 0.17335
  -- 2 : 3 = -0.205361
  -- 2 : 4 = -0.182181
  -- 2 : 5 = 0.255868
  -- 2 : 6 = 0.144206
  -- 2 : 7 = 0.0416721
  -- 2 : 8 = 0.0114564
  -- 2 : 9 = 0.0593439
  -- 3 : 1 = 0.417227
  -- 3 : 2 = -0.39281
  -- 3 : 3 = 0.394136
  -- 3 : 4 = 0.198511
  -- 3 : 5 = 0.0429535
  -- 3 : 6 = 0.136361
  -- 3 : 7 = 0.11875
  -- 3 : 8 = 0.00520712
  -- 3 : 9 = 0.170511
  -- 4 : 1 = 0.579807
  -- 4 : 2 = -0.327843
  -- 4 : 3 = 0.280624
  -- 4 : 4 = 0.160373
  -- 4 : 5 = -0.0482187
  -- 4 : 6 = 0.284733
  -- 4 : 7 = 0.0198511
  -- 4 : 8 = -0.0612767
  -- 4 : 9 = 0.12235
  -- 5 : 1 = 0.470453
  -- 5 : 2 = 0.0808978
  -- 5 : 3 = -0.138742
  -- 5 : 4 = -0.240496
  -- 5 : 5 = -0.146211
  -- 5 : 6 = -0.0297745
  -- 5 : 7 = -0.166586
  -- 5 : 8 = 0.138523
  -- 5 : 9 = -0.13247
  -- 6 : 1 = 0.0685971
  -- 6 : 2 = 0.0187803
  -- 6 : 3 = -0.00759554
  -- 6 : 4 = 0.0835164
  -- 6 : 5 = -0.0886125
  -- 6 : 6 = -0.12579
  -- 6 : 7 = 0.530236
  -- 6 : 8 = -0.255807
  -- 6 : 9 = 0.126278
  -- 7 : 1 = -0.0559475
  -- 7 : 2 = -0.090959
  -- 7 : 3 = -0.208793
  -- 7 : 4 = -0.237496
  -- 7 : 5 = -0.0228885
  -- 7 : 6 = -0.112584
  -- 7 : 7 = -0.220402
  -- 7 : 8 = 0.233022
  -- 7 : 9 = -0.267406
  -- 8 : 1 = -0.230235
  -- 8 : 2 = -0.0682382
  -- 8 : 3 = -0.107113
  -- 8 : 4 = 0.18554
  -- 8 : 5 = -0.0642435
  -- 8 : 6 = -0.239231
  -- 8 : 7 = 0.142146
  -- 8 : 8 = -0.0481413
  -- 8 : 9 = 0.453289
  -- 9 : 1 = 0.565507
  -- 9 : 2 = -0.247948
  -- 9 : 3 = -0.0609514
  -- 9 : 4 = -0.0305764
  -- 9 : 5 = 0.0658923
  -- 9 : 6 = 0.036524
  -- 9 : 7 = 0.169708
  -- 9 : 8 = 0.112329
  -- 9 : 9 = 0.237039
  -- 10 : 1 = 0.3951
  -- 10 : 2 = 0.23748
  -- 10 : 3 = 0.0309458
  -- 10 : 4 = 0.0850993
  -- 10 : 5 = 0.388605
  -- 10 : 6 = -0.232271
  -- 10 : 7 = -0.0348692
  -- 10 : 8 = 0.0450311
  -- 10 : 9 = -0.157851
  Inner Net 2
  -- 1 : 1 = 0.0674903
  -- 1 : 2 = -0.0235163
  -- 2 : 1 = 0.040934
  -- 2 : 2 = 0.0301105
  -- 3 : 1 = 0.200714
  -- 3 : 2 = 0.00973725
  -- 4 : 1 = -0.719827
  -- 4 : 2 = -0.0180471
  -- 5 : 1 = 0.142766
  -- 5 : 2 = 0.0444918
  -- 6 : 1 = 0.799299
  -- 6 : 2 = -0.0119471
  -- 7 : 1 = -0.612054
  -- 7 : 2 = -0.0575533
  -- 8 : 1 = 0.135405
  -- 8 : 2 = 0.399252
  -- 9 : 1 = 0.558525
  -- 9 : 2 = -0.136381
Out\Act	False		True
False	0.412185	0.429795	0.84198
True	0.0461685	0.111851	0.15802
	0.458353	0.541647
	Accuracy [ (tp + tn) / testSize ]: 0.524036
	Precision [ tp / (tp + fp) ]:      0.206321
	Sensitivity [ tp / (tp + fn) ]:    0.705706
	Specificity [ tn / (tn + fp) ]:    0.489266
	F-Score [ 2tp / (2tp + fp + fn) ]: 0.319511
Particle (47):: Fit: 13854.6	PB: 13854.6	LB: 15682.1	GB: 15682.1	Conf: 0.475593	Pts: 50559
Particle (4):: Fit: 14069.8	PB: 14069.8	LB: 15682.1	GB: 15682.1	Conf: 0.656769	Pts: 90139
Particle (26):: Fit: 14257.7	PB: 14257.7	LB: 15307.6	GB: 15682.1	Conf: 0.604493	Pts: 75623
Particle (29):: Fit: 15299.2	PB: 15299.2	LB: 15299.2	GB: 15682.1	Conf: 0.784595	Pts: 324614
Particle (14):: Fit: 13869	PB: 13869	LB: 14885.2	GB: 15682.1	Conf: 0.803484	Pts: 55059
Particle (49):: Fit: 14469.9	PB: 14469.9	LB: 15682.1	GB: 15682.1	Conf: 0.634042	Pts: 75125
Particle (36):: Fit: 14869.1	PB: 14869.1	LB: 15258.7	GB: 15682.1	Conf: 0.717073	Pts: 135018
Particle (8):: Fit: 15286.7	PB: 15286.7	LB: 15286.7	GB: 15682.1	Conf: 0.387054	Pts: 159992
Particle (14):: Fit: 14247.6	PB: 14247.6	LB: 14885.2	GB: 15682.1	Conf: 0.778564	Pts: 55038
Particle (19):: Fit: 14672.7	PB: 14672.7	LB: 15479.6	GB: 15682.1	Conf: 0.301565	Pts: 99747
Particle (39):: Fit: 14085.2	PB: 14085.2	LB: 15299.2	GB: 15682.1	Conf: 0.796514	Pts: 54793
Particle (48):: Fit: 14054.5	PB: 14054.5	LB: 15682.1	GB: 15682.1	Conf: 0.59808	Pts: 54826
Particle (16):: Fit: 14651.4	PB: 14651.4	LB: 15479.6	GB: 15682.1	Conf: 0.665174	Pts: 54451
Particle (41):: Fit: 15087.3	PB: 15087.3	LB: 15299.2	GB: 15682.1	Conf: 0.242783	Pts: 114194
Particle (45):: Fit: 15485.4	PB: 15485.4	LB: 15682.1	GB: 15682.1	Conf: 0.226741	Pts: 195071
Particle (11):: Fit: 14262.9	PB: 14262.9	LB: 15286.7	GB: 15682.1	Conf: 0.594457	Pts: 114159
Particle (47):: Fit: 15279	PB: 15279	LB: 15682.1	GB: 15682.1	Conf: 0.442781	Pts: 50197
Particle (48):: Fit: 14068.3	PB: 14068.3	LB: 15682.1	GB: 15682.1	Conf: 0.650128	Pts: 54731
Particle (12):: Fit: 14699	PB: 14699	LB: 15286.7	GB: 15682.1	Conf: 0.778531	Pts: 54293
Particle (4):: Fit: 14078.9	PB: 14078.9	LB: 15682.1	GB: 15682.1	Conf: 0.929505	Pts: 89788
Particle (25):: Fit: 14877.5	PB: 14877.5	LB: 15479.6	GB: 15682.1	Conf: 0.897906	Pts: 144734
Particle (27):: Fit: 11009.5	PB: 11009.5	LB: 15307.6	GB: 15682.1	Conf: 0.788845	Pts: 79200
Particle (13):: Fit: 14290.6	PB: 14290.6	LB: 14885.2	GB: 15682.1	Conf: 0.797686	Pts: 119204
Particle (40):: Fit: 14894.7	PB: 14894.7	LB: 15485.4	GB: 15682.1	Conf: 0.589114	Pts: 59402
Particle (46):: Fit: 14666.1	PB: 14666.1	LB: 15682.1	GB: 15682.1	Conf: 0.518543	Pts: 59399
Particle (4):: Fit: 14896.6	PB: 14896.6	LB: 15682.1	GB: 15682.1	Conf: 0.566484	Pts: 89785
Particle (42):: Fit: 14501.9	PB: 14501.9	LB: 15485.4	GB: 15682.1	Conf: 0.596635	Pts: 149458
Particle (1):: Fit: 14670.6	PB: 14670.6	LB: 15682.1	GB: 15682.1	Conf: 0.254023	Pts: 54580
Particle (36):: Fit: 14885.2	PB: 14885.2	LB: 15258.7	GB: 15682.1	Conf: 0.577157	Pts: 134580
Particle (24):: Fit: 15486.5	PB: 15486.5	LB: 15486.5	GB: 15682.1	Conf: 0.481672	Pts: 104420
Particle (20):: Fit: 14456.3	PB: 14456.3	LB: 15486.5	GB: 15682.1	Conf: 0.555616	Pts: 64233
Particle (31):: Fit: 15078.3	PB: 15078.3	LB: 15299.2	GB: 15682.1	Conf: 0.919596	Pts: 59551
Global Best: 
  Inner Net 1
  -- 1 : 1 = -0.5
  -- 1 : 2 = -0.0537211
  -- 1 : 3 = -0.00977004
  -- 1 : 4 = 0.0375851
  -- 1 : 5 = 0.304186
  -- 1 : 6 = -0.244255
  -- 1 : 7 = -0.328737
  -- 1 : 8 = -0.0849031
  -- 1 : 9 = -0.223714
  -- 2 : 1 = 0.583575
  -- 2 : 2 = 0.17335
  -- 2 : 3 = -0.205361
  -- 2 : 4 = -0.182181
  -- 2 : 5 = 0.255868
  -- 2 : 6 = 0.144206
  -- 2 : 7 = 0.0416721
  -- 2 : 8 = 0.0114564
  -- 2 : 9 = 0.0593439
  -- 3 : 1 = 0.417227
  -- 3 : 2 = -0.39281
  -- 3 : 3 = 0.394136
  -- 3 : 4 = 0.198511
  -- 3 : 5 = 0.0429535
  -- 3 : 6 = 0.136361
  -- 3 : 7 = 0.11875
  -- 3 : 8 = 0.00520712
  -- 3 : 9 = 0.170511
  -- 4 : 1 = 0.579807
  -- 4 : 2 = -0.327843
  -- 4 : 3 = 0.280624
  -- 4 : 4 = 0.160373
  -- 4 : 5 = -0.0482187
  -- 4 : 6 = 0.284733
  -- 4 : 7 = 0.0198511
  -- 4 : 8 = -0.0612767
  -- 4 : 9 = 0.12235
  -- 5 : 1 = 0.470453
  -- 5 : 2 = 0.0808978
  -- 5 : 3 = -0.138742
  -- 5 : 4 = -0.240496
  -- 5 : 5 = -0.146211
  -- 5 : 6 = -0.0297745
  -- 5 : 7 = -0.166586
  -- 5 : 8 = 0.138523
  -- 5 : 9 = -0.13247
  -- 6 : 1 = 0.0685971
  -- 6 : 2 = 0.0187803
  -- 6 : 3 = -0.00759554
  -- 6 : 4 = 0.0835164
  -- 6 : 5 = -0.0886125
  -- 6 : 6 = -0.12579
  -- 6 : 7 = 0.530236
  -- 6 : 8 = -0.255807
  -- 6 : 9 = 0.126278
  -- 7 : 1 = -0.0559475
  -- 7 : 2 = -0.090959
  -- 7 : 3 = -0.208793
  -- 7 : 4 = -0.237496
  -- 7 : 5 = -0.0228885
  -- 7 : 6 = -0.112584
  -- 7 : 7 = -0.220402
  -- 7 : 8 = 0.233022
  -- 7 : 9 = -0.267406
  -- 8 : 1 = -0.230235
  -- 8 : 2 = -0.0682382
  -- 8 : 3 = -0.107113
  -- 8 : 4 = 0.18554
  -- 8 : 5 = -0.0642435
  -- 8 : 6 = -0.239231
  -- 8 : 7 = 0.142146
  -- 8 : 8 = -0.0481413
  -- 8 : 9 = 0.453289
  -- 9 : 1 = 0.565507
  -- 9 : 2 = -0.247948
  -- 9 : 3 = -0.0609514
  -- 9 : 4 = -0.0305764
  -- 9 : 5 = 0.0658923
  -- 9 : 6 = 0.036524
  -- 9 : 7 = 0.169708
  -- 9 : 8 = 0.112329
  -- 9 : 9 = 0.237039
  -- 10 : 1 = 0.3951
  -- 10 : 2 = 0.23748
  -- 10 : 3 = 0.0309458
  -- 10 : 4 = 0.0850993
  -- 10 : 5 = 0.388605
  -- 10 : 6 = -0.232271
  -- 10 : 7 = -0.0348692
  -- 10 : 8 = 0.0450311
  -- 10 : 9 = -0.157851
  Inner Net 2
  -- 1 : 1 = 0.0674903
  -- 1 : 2 = -0.0235163
  -- 2 : 1 = 0.040934
  -- 2 : 2 = 0.0301105
  -- 3 : 1 = 0.200714
  -- 3 : 2 = 0.00973725
  -- 4 : 1 = -0.719827
  -- 4 : 2 = -0.0180471
  -- 5 : 1 = 0.142766
  -- 5 : 2 = 0.0444918
  -- 6 : 1 = 0.799299
  -- 6 : 2 = -0.0119471
  -- 7 : 1 = -0.612054
  -- 7 : 2 = -0.0575533
  -- 8 : 1 = 0.135405
  -- 8 : 2 = 0.399252
  -- 9 : 1 = 0.558525
  -- 9 : 2 = -0.136381
Out\Act	False		True
False	0.412185	0.429795	0.84198
True	0.0461685	0.111851	0.15802
	0.458353	0.541647
	Accuracy [ (tp + tn) / testSize ]: 0.524036
	Precision [ tp / (tp + fp) ]:      0.206321
	Sensitivity [ tp / (tp + fn) ]:    0.705706
	Specificity [ tn / (tn + fp) ]:    0.489266
	F-Score [ 2tp / (2tp + fp + fn) ]: 0.319511
