
Date / Time: Fri Mar 31 01:29:44 2017

   ****************************************
   * PSO Neural Net (Gaussian Activation) *
   *       by William Boler, BSCE         *
   *     Research Assistant, IUPUI        *
   *                                      *
   *  Professor: Dr. Lauren Christopher   *
   *     Created: March 13, 2017          *
   ****************************************


Inputs: 10
Inner Nets: 1
 - 9
Tests per train(min): 100
Particles: 50
Neighbors: 10
Minimum Particle Iterations: 1000
Particle (0):: Fit: 61.9252	PB: 61.9252	LB: 61.9252	GB: 61.9252	Conf: 1.66787	Pts: 110099
Particle (1):: Fit: 94.9182	PB: 94.9182	LB: 94.9182	GB: 94.9182	Conf: 1.3088	Pts: 110099
Particle (2):: Fit: 56.7563	PB: 56.7563	LB: 94.9182	GB: 94.9182	Conf: 0.997212	Pts: 55099
Particle (3):: Fit: 95.0683	PB: 95.0683	LB: 95.0683	GB: 95.0683	Conf: 1.1266	Pts: 110099
Particle (4):: Fit: 106.725	PB: 106.725	LB: 106.725	GB: 106.725	Conf: 1.59926	Pts: 110099
Particle (5):: Fit: 105.059	PB: 105.059	LB: 106.725	GB: 106.725	Conf: 1.83331	Pts: 55099
Particle (6):: Fit: 55.6861	PB: 55.6861	LB: 106.725	GB: 106.725	Conf: 2	Pts: 55099
Particle (7):: Fit: 57.9499	PB: 57.9499	LB: 106.725	GB: 106.725	Conf: 2	Pts: 60099
Particle (8):: Fit: 107.048	PB: 107.048	LB: 107.048	GB: 107.048	Conf: 1.85988	Pts: 110099
Particle (9):: Fit: 95.149	PB: 95.149	LB: 107.048	GB: 107.048	Conf: 1.76395	Pts: 55099
Particle (10):: Fit: 53.4691	PB: 53.4691	LB: 107.048	GB: 107.048	Conf: 1.94193	Pts: 55099
Particle (11):: Fit: 55.6861	PB: 55.6861	LB: 107.048	GB: 107.048	Conf: 2	Pts: 60099
Particle (12):: Fit: 53.6344	PB: 53.6344	LB: 107.048	GB: 107.048	Conf: 1.56278	Pts: 55099
Particle (13):: Fit: 56.8205	PB: 56.8205	LB: 95.149	GB: 107.048	Conf: 2	Pts: 70099
Particle (14):: Fit: 57.9381	PB: 57.9381	LB: 57.9381	GB: 107.048	Conf: 1.8222	Pts: 75099
Particle (15):: Fit: 60.719	PB: 60.719	LB: 60.719	GB: 107.048	Conf: 0.943617	Pts: 80099
Particle (16):: Fit: 59.6352	PB: 59.6352	LB: 60.719	GB: 107.048	Conf: 2	Pts: 55099
Particle (17):: Fit: 100.932	PB: 100.932	LB: 100.932	GB: 107.048	Conf: 1.48606	Pts: 95099
Particle (18):: Fit: 101.801	PB: 101.801	LB: 101.801	GB: 107.048	Conf: 1.18719	Pts: 100099
Particle (19):: Fit: 59.6352	PB: 59.6352	LB: 101.801	GB: 107.048	Conf: 2	Pts: 55099
Particle (20):: Fit: 61.3106	PB: 61.3106	LB: 101.801	GB: 107.048	Conf: 2	Pts: 60099
Particle (21):: Fit: 56.2539	PB: 56.2539	LB: 101.801	GB: 107.048	Conf: 2	Pts: 55099
Particle (22):: Fit: 55.7019	PB: 55.7019	LB: 101.801	GB: 107.048	Conf: 1.92998	Pts: 55099
Particle (23):: Fit: 128.765	PB: 128.765	LB: 128.765	GB: 128.765	Conf: 1.98882	Pts: 110099
Particle (24):: Fit: 88.5221	PB: 88.5221	LB: 128.765	GB: 128.765	Conf: 1.25393	Pts: 55099
Particle (25):: Fit: 58.8546	PB: 58.8546	LB: 128.765	GB: 128.765	Conf: 0.304291	Pts: 55099
Particle (26):: Fit: 63.9843	PB: 63.9843	LB: 128.765	GB: 128.765	Conf: 0.907752	Pts: 60099
Particle (27):: Fit: 128.78	PB: 128.78	LB: 128.78	GB: 128.78	Conf: 1.84752	Pts: 110099
Particle (28):: Fit: 56.8205	PB: 56.8205	LB: 128.78	GB: 128.78	Conf: 2	Pts: 55099
Particle (29):: Fit: 58.5128	PB: 58.5128	LB: 128.78	GB: 128.78	Conf: 2	Pts: 60099
Particle (30):: Fit: 60.3528	PB: 60.3528	LB: 128.78	GB: 128.78	Conf: 1.98651	Pts: 65099
Particle (31):: Fit: 53.9747	PB: 53.9747	LB: 128.78	GB: 128.78	Conf: 2	Pts: 55099
Particle (32):: Fit: 61.867	PB: 61.867	LB: 61.867	GB: 128.78	Conf: 2	Pts: 75099
Particle (33):: Fit: 122.45	PB: 122.45	LB: 122.45	GB: 128.78	Conf: 1.94277	Pts: 80099
Particle (34):: Fit: 118.894	PB: 118.894	LB: 122.45	GB: 128.78	Conf: 1.94662	Pts: 55099
Particle (35):: Fit: 55.117	PB: 55.117	LB: 122.45	GB: 128.78	Conf: 2	Pts: 55099
Particle (36):: Fit: 61.1341	PB: 61.1341	LB: 122.45	GB: 128.78	Conf: 0.837913	Pts: 60099
Particle (37):: Fit: 70.2229	PB: 70.2229	LB: 122.45	GB: 128.78	Conf: 0.136891	Pts: 65099
Particle (38):: Fit: 63.5713	PB: 63.5713	LB: 118.894	GB: 128.78	Conf: 1.97961	Pts: 55099
Particle (39):: Fit: 15.071	PB: 15.071	LB: 70.2229	GB: 128.78	Conf: 0.925842	Pts: 55099
Particle (40):: Fit: 57.9499	PB: 57.9499	LB: 70.2229	GB: 128.78	Conf: 2	Pts: 60099
Particle (41):: Fit: 55.1163	PB: 55.1163	LB: 70.2229	GB: 128.78	Conf: 1.96265	Pts: 50099
Particle (42):: Fit: 57.3858	PB: 57.3858	LB: 63.5713	GB: 128.78	Conf: 2	Pts: 50099
Particle (43):: Fit: 55.7349	PB: 55.7349	LB: 57.9499	GB: 128.78	Conf: 1.84503	Pts: 50099
Particle (44):: Fit: 60.1886	PB: 60.1886	LB: 60.1886	GB: 128.78	Conf: 1.98432	Pts: 60099
Particle (45):: Fit: 54.0157	PB: 54.0157	LB: 61.9252	GB: 128.78	Conf: 1.98867	Pts: 50099
Particle (46):: Fit: 58.1258	PB: 58.1258	LB: 94.9182	GB: 128.78	Conf: 1.83687	Pts: 50099
Particle (47):: Fit: 56.2558	PB: 56.2558	LB: 94.9182	GB: 128.78	Conf: 1.98123	Pts: 50099
Particle (48):: Fit: 59.09	PB: 59.09	LB: 95.0683	GB: 128.78	Conf: 1.45093	Pts: 50099
Particle (49):: Fit: 57.9499	PB: 57.9499	LB: 106.725	GB: 128.78	Conf: 2	Pts: 50099
Global: 128.78 - Correct: 55% of 100 tests
Global Best: 
  Inner Net 1
  -- 1 : 1 = 0.004
  -- 1 : 2 = 0.1566
  -- 1 : 3 = 0.7106
  -- 1 : 4 = 0.7876
  -- 1 : 5 = 0.4401
  -- 1 : 6 = 0.0428
  -- 1 : 7 = 0.7735
  -- 1 : 8 = 0.7318
  -- 1 : 9 = 0.9143
  -- 2 : 1 = 0.5206
  -- 2 : 2 = 0.8547
  -- 2 : 3 = 0.4651
  -- 2 : 4 = 0.1112
  -- 2 : 5 = 0.0944
  -- 2 : 6 = 0.896
  -- 2 : 7 = 0.6518
  -- 2 : 8 = 0.4222
  -- 2 : 9 = 0.4779
  -- 3 : 1 = 0.0869
  -- 3 : 2 = 0.4931
  -- 3 : 3 = 0.0193
  -- 3 : 4 = 0.7873
  -- 3 : 5 = 0.572
  -- 3 : 6 = 0.76
  -- 3 : 7 = 0.0603
  -- 3 : 8 = 0.2226
  -- 3 : 9 = 0.4932
  -- 4 : 1 = 0.2684
  -- 4 : 2 = 0.2877
  -- 4 : 3 = 0.8559
  -- 4 : 4 = 0.4827
  -- 4 : 5 = 0.2334
  -- 4 : 6 = 0.4208
  -- 4 : 7 = 0.7959
  -- 4 : 8 = 0.7293
  -- 4 : 9 = 0.8873
  -- 5 : 1 = 0.6046
  -- 5 : 2 = 0.7041
  -- 5 : 3 = 0.9657
  -- 5 : 4 = 0.5199
  -- 5 : 5 = 0.9297
  -- 5 : 6 = 0.5305
  -- 5 : 7 = 0.3922
  -- 5 : 8 = 0.586
  -- 5 : 9 = 0.3948
  -- 6 : 1 = 0.2126
  -- 6 : 2 = 0.3142
  -- 6 : 3 = 0.6724
  -- 6 : 4 = 0.9241
  -- 6 : 5 = 0.9452
  -- 6 : 6 = 0.2476
  -- 6 : 7 = 0.8439
  -- 6 : 8 = 0.5699
  -- 6 : 9 = 0.4261
  -- 7 : 1 = 0.5932
  -- 7 : 2 = 0.7763
  -- 7 : 3 = 0.799
  -- 7 : 4 = 0.7317
  -- 7 : 5 = 0.25
  -- 7 : 6 = 0.9203
  -- 7 : 7 = 0.3043
  -- 7 : 8 = 0.0726
  -- 7 : 9 = 0.9271
  -- 8 : 1 = 0.0408
  -- 8 : 2 = 0.18
  -- 8 : 3 = 0.8529
  -- 8 : 4 = 0.3128
  -- 8 : 5 = 0.7773
  -- 8 : 6 = 0.3279
  -- 8 : 7 = 0.0694
  -- 8 : 8 = 0.8584
  -- 8 : 9 = 0.1071
  -- 9 : 1 = 0.9526
  -- 9 : 2 = 0.6878
  -- 9 : 3 = 0.7644
  -- 9 : 4 = 0.158
  -- 9 : 5 = 0.0127
  -- 9 : 6 = 0.3087
  -- 9 : 7 = 0.0083
  -- 9 : 8 = 0.0667
  -- 9 : 9 = 0.6377
  -- 10 : 1 = 0.7792
  -- 10 : 2 = 0.1511
  -- 10 : 3 = 0.7757
  -- 10 : 4 = 0.7167
  -- 10 : 5 = 0.5358
  -- 10 : 6 = 0.1473
  -- 10 : 7 = 0.3122
  -- 10 : 8 = 0.2398
  -- 10 : 9 = 0.7982
  Inner Net 2
  -- 1 : 1 = 0.3514
  -- 1 : 2 = 0.0951
  -- 2 : 1 = 0.2965
  -- 2 : 2 = 0.0075
  -- 3 : 1 = -0.1641
  -- 3 : 2 = -0.1258
  -- 4 : 1 = -0.3344
  -- 4 : 2 = 0.2266
  -- 5 : 1 = -0.078
  -- 5 : 2 = -0.0271583
  -- 6 : 1 = -0.0308971
  -- 6 : 2 = -0.0686909
  -- 7 : 1 = 0.3765
  -- 7 : 2 = 0.2614
  -- 8 : 1 = -0.130221
  -- 8 : 2 = -0.1979
  -- 9 : 1 = 0.1921
  -- 9 : 2 = 0.0613
Out\Act	False		True
False	0.84198	0	0.84198
True	0.15802	0	0.15802
	1	0
	Accuracy [ (tp + tn) / testSize ]: 0.84198
	Precision [ tp / (tp + fp) ]:      0
	Sensitivity [ tp / (tp + fn) ]:    0
	Specificity [ tn / (tn + fp) ]:    0.999435
	F-Score [ 2tp / (2tp + fp + fn) ]: 0
Particle (4):: Fit: 114.714	PB: 114.714	LB: 114.714	GB: 128.78	Conf: 1.48026	Pts: 160198
Particle (6):: Fit: 60.7532	PB: 60.7532	LB: 114.714	GB: 128.78	Conf: 2	Pts: 55198
Particle (8):: Fit: 118.237	PB: 118.237	LB: 118.237	GB: 128.78	Conf: 1.90238	Pts: 160198
Particle (9):: Fit: 101.793	PB: 101.793	LB: 118.237	GB: 128.78	Conf: 1.63505	Pts: 55198
Particle (10):: Fit: 113.351	PB: 113.351	LB: 118.237	GB: 128.78	Conf: 1.86862	Pts: 65198
Particle (11):: Fit: 58.5128	PB: 58.5128	LB: 118.237	GB: 128.78	Conf: 2	Pts: 60198
Particle (12):: Fit: 94.5726	PB: 94.5726	LB: 118.237	GB: 128.78	Conf: 1.39981	Pts: 55198
Particle (13):: Fit: 57.3858	PB: 57.3858	LB: 113.351	GB: 128.78	Conf: 2	Pts: 70198
Particle (19):: Fit: 62.4223	PB: 62.4223	LB: 128.765	GB: 128.78	Conf: 2	Pts: 55198
Particle (21):: Fit: 60.7532	PB: 60.7532	LB: 128.765	GB: 128.78	Conf: 2	Pts: 55198
Particle (22):: Fit: 58.5574	PB: 58.5574	LB: 128.78	GB: 128.78	Conf: 1.86772	Pts: 55198
Particle (24):: Fit: 121.485	PB: 121.485	LB: 128.78	GB: 128.78	Conf: 1.58217	Pts: 55198
Particle (25):: Fit: 62.8675	PB: 62.8675	LB: 128.78	GB: 128.78	Conf: 0.275619	Pts: 55198
Particle (29):: Fit: 59.0746	PB: 59.0746	LB: 128.78	GB: 128.78	Conf: 2	Pts: 60198
Particle (31):: Fit: 56.8205	PB: 56.8205	LB: 128.78	GB: 128.78	Conf: 2	Pts: 55198
Particle (35):: Fit: 60.1948	PB: 60.1948	LB: 122.45	GB: 128.78	Conf: 2	Pts: 55198
Particle (41):: Fit: 61.3253	PB: 61.3253	LB: 70.2229	GB: 128.78	Conf: 1.98439	Pts: 60198
Particle (43):: Fit: 55.7609	PB: 55.7609	LB: 61.3253	GB: 128.78	Conf: 1.76272	Pts: 50198
Particle (45):: Fit: 60.9181	PB: 60.9181	LB: 61.9252	GB: 128.78	Conf: 1.98707	Pts: 50198
Particle (48):: Fit: 60.562	PB: 60.562	LB: 95.0683	GB: 128.78	Conf: 1.65655	Pts: 50198
Particle (49):: Fit: 61.4878	PB: 61.4878	LB: 114.714	GB: 128.78	Conf: 1.98535	Pts: 55198
Particle (0):: Fit: 122.448	PB: 122.448	LB: 122.448	GB: 128.78	Conf: 1.74477	Pts: 160197
Particle (2):: Fit: 57.5271	PB: 57.5271	LB: 122.448	GB: 128.78	Conf: 0.882712	Pts: 55197
Particle (3):: Fit: 100.267	PB: 100.267	LB: 122.448	GB: 128.78	Conf: 1.10177	Pts: 110197
Particle (5):: Fit: 123.051	PB: 123.051	LB: 123.051	GB: 128.78	Conf: 1.88843	Pts: 105197
Particle (7):: Fit: 62.9766	PB: 62.9766	LB: 123.051	GB: 128.78	Conf: 2	Pts: 60197
Particle (14):: Fit: 100.626	PB: 100.626	LB: 113.351	GB: 128.78	Conf: 1.54434	Pts: 75197
Particle (18):: Fit: 113.088	PB: 113.088	LB: 128.765	GB: 128.78	Conf: 1.55043	Pts: 115197
Particle (22):: Fit: 114.662	PB: 114.662	LB: 128.78	GB: 128.78	Conf: 1.94663	Pts: 60297
Particle (26):: Fit: 66.7628	PB: 66.7628	LB: 128.78	GB: 128.78	Conf: 0.251554	Pts: 60197
Particle (31):: Fit: 56.8327	PB: 56.8327	LB: 128.78	GB: 128.78	Conf: 1.98499	Pts: 55297
Particle (39):: Fit: 15.3247	PB: 15.3247	LB: 70.2229	GB: 128.78	Conf: 0.933842	Pts: 55196
Particle (42):: Fit: 57.4015	PB: 57.4015	LB: 63.5713	GB: 128.78	Conf: 1.98711	Pts: 50197
Particle (47):: Fit: 58.0736	PB: 58.0736	LB: 122.448	GB: 128.78	Conf: 1.9858	Pts: 50197
Particle (0):: Fit: 122.528	PB: 122.528	LB: 123.051	GB: 128.78	Conf: 1.55042	Pts: 185296
Particle (5):: Fit: 123.388	PB: 123.388	LB: 123.388	GB: 128.78	Conf: 1.88804	Pts: 155296
Particle (13):: Fit: 59.0746	PB: 59.0746	LB: 113.351	GB: 128.78	Conf: 2	Pts: 70296
Particle (17):: Fit: 115.303	PB: 115.303	LB: 115.303	GB: 128.78	Conf: 1.50117	Pts: 120196
Particle (20):: Fit: 61.867	PB: 61.867	LB: 128.765	GB: 128.78	Conf: 2	Pts: 60196
Particle (25):: Fit: 64.1665	PB: 64.1665	LB: 128.78	GB: 128.78	Conf: 0.593303	Pts: 55296
Particle (30):: Fit: 61.8746	PB: 61.8746	LB: 128.78	GB: 128.78	Conf: 1.98107	Pts: 65196
Particle (31):: Fit: 58.5128	PB: 58.5128	LB: 128.78	GB: 128.78	Conf: 2	Pts: 55396
Particle (33):: Fit: 122.861	PB: 122.861	LB: 122.861	GB: 128.78	Conf: 1.9651	Pts: 110196
Particle (42):: Fit: 59.2136	PB: 59.2136	LB: 63.5713	GB: 128.78	Conf: 1.98716	Pts: 50296
Particle (43):: Fit: 61.9895	PB: 61.9895	LB: 61.9895	GB: 128.78	Conf: 1.87133	Pts: 60296
Particle (3):: Fit: 104.244	PB: 104.244	LB: 123.388	GB: 128.78	Conf: 0.916904	Pts: 110295
Particle (6):: Fit: 64.6338	PB: 64.6338	LB: 123.388	GB: 128.78	Conf: 2	Pts: 55295
Particle (8):: Fit: 131.894	PB: 131.894	LB: 131.894	GB: 131.894	Conf: 1.85828	Pts: 220295
Particle (11):: Fit: 61.3106	PB: 61.3106	LB: 131.894	GB: 131.894	Conf: 2	Pts: 60295
Particle (15):: Fit: 69.5563	PB: 69.5563	LB: 115.303	GB: 131.894	Conf: 0.238455	Pts: 80194
Particle (17):: Fit: 122.852	PB: 122.852	LB: 122.852	GB: 131.894	Conf: 1.38582	Pts: 145295
Particle (28):: Fit: 60.1948	PB: 60.1948	LB: 128.78	GB: 131.894	Conf: 2	Pts: 55195
Particle (29):: Fit: 59.6352	PB: 59.6352	LB: 128.78	GB: 131.894	Conf: 2	Pts: 60295
Particle (30):: Fit: 64.0824	PB: 64.0824	LB: 128.78	GB: 131.894	Conf: 2	Pts: 65295
Particle (31):: Fit: 60.7532	PB: 60.7532	LB: 128.78	GB: 131.894	Conf: 2	Pts: 55495
Particle (37):: Fit: 131.904	PB: 131.904	LB: 131.904	GB: 131.904	Conf: 0.401409	Pts: 125195
Particle (46):: Fit: 82.7228	PB: 82.7228	LB: 122.528	GB: 131.904	Conf: 1.7106	Pts: 65195
Global: 131.904 - Correct: 56% of 100 tests
Global Best: 
  Inner Net 1
  -- 1 : 1 = 0.8984
  -- 1 : 2 = 0.3216
  -- 1 : 3 = 0.5172
  -- 1 : 4 = 0.2626
  -- 1 : 5 = 0.0375
  -- 1 : 6 = 0.9546
  -- 1 : 7 = 0.2284
  -- 1 : 8 = 0.7642
  -- 1 : 9 = 0.597
  -- 2 : 1 = 0.541
  -- 2 : 2 = 0.4085
  -- 2 : 3 = 0.2646
  -- 2 : 4 = 0.5204
  -- 2 : 5 = 0.7209
  -- 2 : 6 = 0.2401
  -- 2 : 7 = 0.3155
  -- 2 : 8 = 0.6281
  -- 2 : 9 = 0.567
  -- 3 : 1 = 0.0486
  -- 3 : 2 = 0.1792
  -- 3 : 3 = 0.0292
  -- 3 : 4 = 0.336
  -- 3 : 5 = 0.0129
  -- 3 : 6 = 0.0482
  -- 3 : 7 = 0.2388
  -- 3 : 8 = 0.379
  -- 3 : 9 = 0.1197
  -- 4 : 1 = 0.4811
  -- 4 : 2 = 0.1284
  -- 4 : 3 = 0.0781
  -- 4 : 4 = 0.2724
  -- 4 : 5 = 0.2123
  -- 4 : 6 = 0.9058
  -- 4 : 7 = 0.7234
  -- 4 : 8 = 0.0516
  -- 4 : 9 = 0.7048
  -- 5 : 1 = 0.5283
  -- 5 : 2 = 0.3217
  -- 5 : 3 = 0.9494
  -- 5 : 4 = 0.1738
  -- 5 : 5 = 0.2085
  -- 5 : 6 = 0.0189
  -- 5 : 7 = 0.0907
  -- 5 : 8 = 0.4522
  -- 5 : 9 = 0.4005
  -- 6 : 1 = 0.8513
  -- 6 : 2 = 0.132
  -- 6 : 3 = 0.4685
  -- 6 : 4 = 0.2641
  -- 6 : 5 = 0.355
  -- 6 : 6 = 0.8404
  -- 6 : 7 = 0.3867
  -- 6 : 8 = 0.1648
  -- 6 : 9 = 0.4998
  -- 7 : 1 = 0.1952
  -- 7 : 2 = 0.7348
  -- 7 : 3 = 0.9745
  -- 7 : 4 = 0.8329
  -- 7 : 5 = 0.319
  -- 7 : 6 = 0.6133
  -- 7 : 7 = 0.133
  -- 7 : 8 = 0.6205
  -- 7 : 9 = 0.6164
  -- 8 : 1 = 0.2663
  -- 8 : 2 = 0.1731
  -- 8 : 3 = 0.1059
  -- 8 : 4 = 0.5963
  -- 8 : 5 = 0.1082
  -- 8 : 6 = 0.2218
  -- 8 : 7 = 0.5447
  -- 8 : 8 = 0.2643
  -- 8 : 9 = 0.5936
  -- 9 : 1 = 0.5207
  -- 9 : 2 = 0.9241
  -- 9 : 3 = 0.2242
  -- 9 : 4 = 0.0252
  -- 9 : 5 = 0.1386
  -- 9 : 6 = 0.257
  -- 9 : 7 = 0.4797
  -- 9 : 8 = 0.2397
  -- 9 : 9 = 0.3652
  -- 10 : 1 = 0.5561
  -- 10 : 2 = 0.8622
  -- 10 : 3 = 0.9446
  -- 10 : 4 = 0.7452
  -- 10 : 5 = 0.4575
  -- 10 : 6 = 0.4598
  -- 10 : 7 = 0.9072
  -- 10 : 8 = 0.8403
  -- 10 : 9 = 0.8135
  Inner Net 2
  -- 1 : 1 = -0.0318711
  -- 1 : 2 = 0.0560565
  -- 2 : 1 = 0.485861
  -- 2 : 2 = -0.0389079
  -- 3 : 1 = 0.143656
  -- 3 : 2 = 0.225525
  -- 4 : 1 = 0.211821
  -- 4 : 2 = 0.194175
  -- 5 : 1 = -0.528981
  -- 5 : 2 = -0.0419611
  -- 6 : 1 = 0.1995
  -- 6 : 2 = 0.3677
  -- 7 : 1 = 0.244195
  -- 7 : 2 = -0.119159
  -- 8 : 1 = -0.142003
  -- 8 : 2 = -0.0186194
  -- 9 : 1 = 0.235223
  -- 9 : 2 = -0.515175
Out\Act	False		True
False	0.0366492	0.805331	0.84198
True	0.00190386	0.156116	0.15802
	0.0385531	0.961447
	Accuracy [ (tp + tn) / testSize ]: 0.192765
	Precision [ tp / (tp + fp) ]:      0.162296
	Sensitivity [ tp / (tp + fn) ]:    0.984985
	Specificity [ tn / (tn + fp) ]:    0.0435028
	F-Score [ 2tp / (2tp + fp + fn) ]: 0.278793
Particle (0):: Fit: 129.029	PB: 129.029	LB: 129.029	GB: 131.904	Conf: 1.56747	Pts: 225394
Particle (4):: Fit: 119.083	PB: 119.083	LB: 131.894	GB: 131.904	Conf: 1.51396	Pts: 160294
Particle (15):: Fit: 75.3474	PB: 75.3474	LB: 122.852	GB: 131.904	Conf: 0.707435	Pts: 80293
Particle (16):: Fit: 60.7532	PB: 60.7532	LB: 122.852	GB: 131.904	Conf: 2	Pts: 55194
Particle (18):: Fit: 123.318	PB: 123.318	LB: 128.765	GB: 131.904	Conf: 1.50564	Pts: 140294
Particle (28):: Fit: 62.4223	PB: 62.4223	LB: 128.78	GB: 131.904	Conf: 2	Pts: 55294
Particle (40):: Fit: 58.5128	PB: 58.5128	LB: 131.904	GB: 131.904	Conf: 2	Pts: 60194
Particle (42):: Fit: 61.3106	PB: 61.3106	LB: 82.7228	GB: 131.904	Conf: 2	Pts: 50394
Particle (43):: Fit: 92.1626	PB: 92.1626	LB: 92.1626	GB: 131.904	Conf: 1.88576	Pts: 75394
Particle (46):: Fit: 98.6727	PB: 98.6727	LB: 129.029	GB: 131.904	Conf: 1.81258	Pts: 80294
Particle (0):: Fit: 133.697	PB: 133.697	LB: 133.697	GB: 133.697	Conf: 1.90582	Pts: 285493
Particle (1):: Fit: 100.773	PB: 100.773	LB: 133.697	GB: 133.697	Conf: 1.1836	Pts: 110193
Particle (3):: Fit: 115.676	PB: 115.676	LB: 133.697	GB: 133.697	Conf: 1.30621	Pts: 110393
Particle (12):: Fit: 95.5923	PB: 95.5923	LB: 131.894	GB: 133.697	Conf: 1.4171	Pts: 55293
Particle (14):: Fit: 109.769	PB: 109.769	LB: 123.318	GB: 133.697	Conf: 1.8163	Pts: 75293
Particle (16):: Fit: 61.867	PB: 61.867	LB: 123.318	GB: 133.697	Conf: 2	Pts: 55293
Particle (40):: Fit: 61.3106	PB: 61.3106	LB: 131.904	GB: 133.697	Conf: 2	Pts: 60293
Particle (41):: Fit: 61.4828	PB: 61.4828	LB: 131.904	GB: 133.697	Conf: 1.98732	Pts: 60293
Particle (48):: Fit: 77.4258	PB: 77.4258	LB: 133.697	GB: 133.697	Conf: 1.55395	Pts: 50293
Global: 133.697 - Correct: 42% of 100 tests
Global Best: 
  Inner Net 1
  -- 1 : 1 = 0.7563
  -- 1 : 2 = 0.2974
  -- 1 : 3 = 0.109
  -- 1 : 4 = 0.1764
  -- 1 : 5 = 0.4272
  -- 1 : 6 = 0.136
  -- 1 : 7 = 0.4006
  -- 1 : 8 = 0.9192
  -- 1 : 9 = 0.0563
  -- 2 : 1 = 0.1883
  -- 2 : 2 = 0.7194
  -- 2 : 3 = 0.2675
  -- 2 : 4 = 0.1301
  -- 2 : 5 = 0.6967
  -- 2 : 6 = 0.8699
  -- 2 : 7 = 0.8978
  -- 2 : 8 = 0.1858
  -- 2 : 9 = 0.0791
  -- 3 : 1 = 0.4893
  -- 3 : 2 = 0.0057
  -- 3 : 3 = 0.3723
  -- 3 : 4 = 0.3537
  -- 3 : 5 = 0.2111
  -- 3 : 6 = 0.06
  -- 3 : 7 = 0.5636
  -- 3 : 8 = 0.0014
  -- 3 : 9 = 0.4146
  -- 4 : 1 = 0.1292
  -- 4 : 2 = 0.7599
  -- 4 : 3 = 0.4419
  -- 4 : 4 = 0.7259
  -- 4 : 5 = 0.0696
  -- 4 : 6 = 0.0872
  -- 4 : 7 = 0.7905
  -- 4 : 8 = 0.8518
  -- 4 : 9 = 0.2581
  -- 5 : 1 = 0.9619
  -- 5 : 2 = 0.8571
  -- 5 : 3 = 0.2525
  -- 5 : 4 = 0.1143
  -- 5 : 5 = 0.4259
  -- 5 : 6 = 0.4838
  -- 5 : 7 = 0.769
  -- 5 : 8 = 0.0963
  -- 5 : 9 = 0.3996
  -- 6 : 1 = 0.0309
  -- 6 : 2 = 0.0682
  -- 6 : 3 = 0.1982
  -- 6 : 4 = 0.6155
  -- 6 : 5 = 0.3206
  -- 6 : 6 = 0.7906
  -- 6 : 7 = 0.2792
  -- 6 : 8 = 0.9621
  -- 6 : 9 = 0.8486
  -- 7 : 1 = 0.5846
  -- 7 : 2 = 0.0537
  -- 7 : 3 = 0.4477
  -- 7 : 4 = 0.2988
  -- 7 : 5 = 0.9912
  -- 7 : 6 = 0.225
  -- 7 : 7 = 0.6842
  -- 7 : 8 = 0.6133
  -- 7 : 9 = 0.1773
  -- 8 : 1 = 0.4855
  -- 8 : 2 = 0.5448
  -- 8 : 3 = 0.3788
  -- 8 : 4 = 0.0982
  -- 8 : 5 = 0.5875
  -- 8 : 6 = 0.835
  -- 8 : 7 = 0.1661
  -- 8 : 8 = 0.8702
  -- 8 : 9 = 0.0396
  -- 9 : 1 = 0.6304
  -- 9 : 2 = 0.8586
  -- 9 : 3 = 0.3199
  -- 9 : 4 = 0.5873
  -- 9 : 5 = 0.6917
  -- 9 : 6 = 0.2861
  -- 9 : 7 = 0.4299
  -- 9 : 8 = 0.7826
  -- 9 : 9 = 0.9772
  -- 10 : 1 = 0.1823
  -- 10 : 2 = 0.7063
  -- 10 : 3 = 0.7303
  -- 10 : 4 = 0.0634
  -- 10 : 5 = 0.076
  -- 10 : 6 = 0.7002
  -- 10 : 7 = 0.6196
  -- 10 : 8 = 0.7735
  -- 10 : 9 = 0.9032
  Inner Net 2
  -- 1 : 1 = 0.0767307
  -- 1 : 2 = 0.0716288
  -- 2 : 1 = -0.0290466
  -- 2 : 2 = 0.166482
  -- 3 : 1 = -0.141782
  -- 3 : 2 = 0.0684867
  -- 4 : 1 = 0.211644
  -- 4 : 2 = -0.118744
  -- 5 : 1 = -0.312951
  -- 5 : 2 = 0.451038
  -- 6 : 1 = -0.0588154
  -- 6 : 2 = 0.0104277
  -- 7 : 1 = -0.399483
  -- 7 : 2 = -0.47602
  -- 8 : 1 = -0.132812
  -- 8 : 2 = -0.322485
  -- 9 : 1 = 0.628626
  -- 9 : 2 = 0.153289
Out\Act	False		True
False	0.84198	0	0.84198
True	0.15802	0	0.15802
	1	0
	Accuracy [ (tp + tn) / testSize ]: 0.84198
	Precision [ tp / (tp + fp) ]:      0
	Sensitivity [ tp / (tp + fn) ]:    0
	Specificity [ tn / (tn + fp) ]:    0.999435
	F-Score [ 2tp / (2tp + fp + fn) ]: 0
Particle (2):: Fit: 60.6144	PB: 60.6144	LB: 133.697	GB: 133.697	Conf: 0.733239	Pts: 55291
Particle (8):: Fit: 135.51	PB: 135.51	LB: 135.51	GB: 135.51	Conf: 1.84904	Pts: 280392
Particle (10):: Fit: 128.075	PB: 128.075	LB: 135.51	GB: 135.51	Conf: 1.97502	Pts: 75292
Particle (12):: Fit: 98.7184	PB: 98.7184	LB: 135.51	GB: 135.51	Conf: 1.41204	Pts: 55392
Particle (13):: Fit: 59.6352	PB: 59.6352	LB: 128.075	GB: 135.51	Conf: 2	Pts: 70392
Particle (15):: Fit: 130.982	PB: 130.982	LB: 130.982	GB: 135.51	Conf: 0.107563	Pts: 115390
Particle (20):: Fit: 63.1659	PB: 63.1659	LB: 128.765	GB: 135.51	Conf: 1.98902	Pts: 60292
Particle (27):: Fit: 132.236	PB: 132.236	LB: 132.236	GB: 135.51	Conf: 1.8736	Pts: 160192
Particle (42):: Fit: 118.565	PB: 118.565	LB: 118.565	GB: 135.51	Conf: 1.98728	Pts: 65492
Particle (43):: Fit: 113.605	PB: 113.605	LB: 118.565	GB: 135.51	Conf: 1.8864	Pts: 75492
Particle (48):: Fit: 84.7339	PB: 84.7339	LB: 133.697	GB: 135.51	Conf: 1.6291	Pts: 50392
Global: 135.51 - Correct: 43% of 100 tests
Global Best: 
  Inner Net 1
  -- 1 : 1 = 0.8417
  -- 1 : 2 = 0.4088
  -- 1 : 3 = 0.2849
  -- 1 : 4 = 0.7886
  -- 1 : 5 = 0.1419
  -- 1 : 6 = 0.13
  -- 1 : 7 = 0.0128
  -- 1 : 8 = 0.0442
  -- 1 : 9 = 0.904
  -- 2 : 1 = 0.8431
  -- 2 : 2 = 0.0732
  -- 2 : 3 = 0.2213
  -- 2 : 4 = 0.6633
  -- 2 : 5 = 0.0047
  -- 2 : 6 = 0.932
  -- 2 : 7 = 0.4748
  -- 2 : 8 = 0.6342
  -- 2 : 9 = 0.2534
  -- 3 : 1 = 0.5117
  -- 3 : 2 = 0.9104
  -- 3 : 3 = 0.9904
  -- 3 : 4 = 0.9559
  -- 3 : 5 = 0.7666
  -- 3 : 6 = 0.0511
  -- 3 : 7 = 0.6622
  -- 3 : 8 = 0.1226
  -- 3 : 9 = 0.0508
  -- 4 : 1 = 0.1461
  -- 4 : 2 = 0.8188
  -- 4 : 3 = 0.7505
  -- 4 : 4 = 0.2231
  -- 4 : 5 = 0.4771
  -- 4 : 6 = 0.1896
  -- 4 : 7 = 0.95
  -- 4 : 8 = 0.6309
  -- 4 : 9 = 0.3279
  -- 5 : 1 = 0.4575
  -- 5 : 2 = 0.3865
  -- 5 : 3 = 0.1319
  -- 5 : 4 = 0.4331
  -- 5 : 5 = 0.9833
  -- 5 : 6 = 0.3504
  -- 5 : 7 = 0.1258
  -- 5 : 8 = 0.0186
  -- 5 : 9 = 0.0496
  -- 6 : 1 = 0.4926
  -- 6 : 2 = 0.9875
  -- 6 : 3 = 0.1856
  -- 6 : 4 = 0.0998
  -- 6 : 5 = 0.9697
  -- 6 : 6 = 0.0879
  -- 6 : 7 = 0.7706
  -- 6 : 8 = 0.6487
  -- 6 : 9 = 0.714
  -- 7 : 1 = 0.1764
  -- 7 : 2 = 0.7983
  -- 7 : 3 = 0.9756
  -- 7 : 4 = 0.0634
  -- 7 : 5 = 0.118
  -- 7 : 6 = 0.0613
  -- 7 : 7 = 0.3666
  -- 7 : 8 = 0.1456
  -- 7 : 9 = 0.5507
  -- 8 : 1 = 0.2838
  -- 8 : 2 = 0.1403
  -- 8 : 3 = 0.1246
  -- 8 : 4 = 0.1534
  -- 8 : 5 = 0.4916
  -- 8 : 6 = 0.2691
  -- 8 : 7 = 0.5999
  -- 8 : 8 = 0.1982
  -- 8 : 9 = 0.4651
  -- 9 : 1 = 0.2326
  -- 9 : 2 = 0.5586
  -- 9 : 3 = 0.1654
  -- 9 : 4 = 0.2022
  -- 9 : 5 = 0.9584
  -- 9 : 6 = 0.3055
  -- 9 : 7 = 0.3449
  -- 9 : 8 = 0.1157
  -- 9 : 9 = 0.3189
  -- 10 : 1 = 0.0222
  -- 10 : 2 = 0.1416
  -- 10 : 3 = 0.9533
  -- 10 : 4 = 0.949
  -- 10 : 5 = 0.2084
  -- 10 : 6 = 0.1579
  -- 10 : 7 = 0.256
  -- 10 : 8 = 0.2195
  -- 10 : 9 = 0.1951
  Inner Net 2
  -- 1 : 1 = 0.0366947
  -- 1 : 2 = 0.0392511
  -- 2 : 1 = -0.135621
  -- 2 : 2 = -0.408193
  -- 3 : 1 = 0.0652785
  -- 3 : 2 = 0.117611
  -- 4 : 1 = -0.45139
  -- 4 : 2 = 0.180401
  -- 5 : 1 = -0.32156
  -- 5 : 2 = 0.174422
  -- 6 : 1 = -0.21905
  -- 6 : 2 = -0.119397
  -- 7 : 1 = -0.13883
  -- 7 : 2 = -0.451836
  -- 8 : 1 = -0.549432
  -- 8 : 2 = -0.121613
  -- 9 : 1 = 0.0157182
  -- 9 : 2 = 0.0823867
Out\Act	False		True
False	0.84198	0	0.84198
True	0.157068	0.000951928	0.15802
	0.999048	0.000951928
	Accuracy [ (tp + tn) / testSize ]: 0.842932
	Precision [ tp / (tp + fp) ]:      0.666667
	Sensitivity [ tp / (tp + fn) ]:    0.00600601
	Specificity [ tn / (tn + fp) ]:    0.999435
	F-Score [ 2tp / (2tp + fp + fn) ]: 0.0119403
Particle (2):: Fit: 61.2188	PB: 61.2188	LB: 133.697	GB: 135.51	Conf: 0.697482	Pts: 55390
Particle (9):: Fit: 111.298	PB: 111.298	LB: 135.51	GB: 135.51	Conf: 1.78175	Pts: 55291
Particle (11):: Fit: 64.6338	PB: 64.6338	LB: 135.51	GB: 135.51	Conf: 2	Pts: 60391
Particle (14):: Fit: 113.911	PB: 113.911	LB: 130.982	GB: 135.51	Conf: 1.86502	Pts: 75391
Particle (28):: Fit: 68.4695	PB: 68.4695	LB: 132.236	GB: 135.51	Conf: 2	Pts: 55391
Particle (41):: Fit: 126.409	PB: 126.409	LB: 131.904	GB: 135.51	Conf: 1.92603	Pts: 75391
Particle (46):: Fit: 98.6777	PB: 98.6777	LB: 133.697	GB: 135.51	Conf: 1.8113	Pts: 80391
Particle (47):: Fit: 61.4817	PB: 61.4817	LB: 133.697	GB: 135.51	Conf: 1.98771	Pts: 50291
Particle (48):: Fit: 95.4345	PB: 95.4345	LB: 133.697	GB: 135.51	Conf: 1.5872	Pts: 50491
Particle (12):: Fit: 122.467	PB: 122.467	LB: 135.51	GB: 135.51	Conf: 1.42371	Pts: 55490
Particle (14):: Fit: 123.166	PB: 123.166	LB: 130.982	GB: 135.51	Conf: 1.72831	Pts: 75490
Particle (34):: Fit: 118.919	PB: 118.919	LB: 131.904	GB: 135.51	Conf: 1.92758	Pts: 55190
Particle (35):: Fit: 60.7532	PB: 60.7532	LB: 131.904	GB: 135.51	Conf: 2	Pts: 55290
Particle (39):: Fit: 54.7389	PB: 54.7389	LB: 131.904	GB: 135.51	Conf: 0.208709	Pts: 55288
Particle (43):: Fit: 122.557	PB: 122.557	LB: 126.409	GB: 135.51	Conf: 1.77056	Pts: 75590
Particle (13):: Fit: 61.3106	PB: 61.3106	LB: 130.982	GB: 135.51	Conf: 2	Pts: 70489
Particle (29):: Fit: 61.3106	PB: 61.3106	LB: 132.236	GB: 135.51	Conf: 2	Pts: 60389
Particle (31):: Fit: 64.0824	PB: 64.0824	LB: 132.236	GB: 135.51	Conf: 2	Pts: 55589
Particle (42):: Fit: 123.946	PB: 123.946	LB: 126.409	GB: 135.51	Conf: 1.97316	Pts: 65589
Particle (44):: Fit: 62.9766	PB: 62.9766	LB: 126.409	GB: 135.51	Conf: 2	Pts: 60189
Particle (2):: Fit: 61.68	PB: 61.68	LB: 133.697	GB: 135.51	Conf: 0.887312	Pts: 55487
Particle (37):: Fit: 132.941	PB: 132.941	LB: 132.941	GB: 135.51	Conf: 0.914592	Pts: 175288
Particle (1):: Fit: 101.652	PB: 101.652	LB: 133.697	GB: 135.51	Conf: 1.0206	Pts: 110287
Particle (39):: Fit: 56.8909	PB: 56.8909	LB: 132.941	GB: 135.51	Conf: 0.0466527	Pts: 55384
Particle (41):: Fit: 126.624	PB: 126.624	LB: 132.941	GB: 135.51	Conf: 1.96176	Pts: 90487
Particle (47):: Fit: 117.418	PB: 117.418	LB: 133.697	GB: 135.51	Conf: 1.98691	Pts: 50387
Particle (49):: Fit: 125.079	PB: 125.079	LB: 133.697	GB: 135.51	Conf: 1.97826	Pts: 55287
Particle (4):: Fit: 125.585	PB: 125.585	LB: 135.51	GB: 135.51	Conf: 1.60263	Pts: 160386
Particle (5):: Fit: 129.232	PB: 129.232	LB: 135.51	GB: 135.51	Conf: 1.81278	Pts: 155386
Particle (22):: Fit: 115.104	PB: 115.104	LB: 132.236	GB: 135.51	Conf: 1.94325	Pts: 60386
Particle (2):: Fit: 63.5737	PB: 63.5737	LB: 133.697	GB: 135.51	Conf: 0.673747	Pts: 55582
Particle (18):: Fit: 126.547	PB: 126.547	LB: 130.982	GB: 135.51	Conf: 1.41119	Pts: 140385
Particle (27):: Fit: 136.258	PB: 136.258	LB: 136.258	GB: 136.258	Conf: 1.83182	Pts: 220285
Particle (41):: Fit: 136.181	PB: 136.181	LB: 136.181	GB: 136.258	Conf: 1.95821	Pts: 140585
Global: 136.258 - Correct: 42% of 100 tests
Global Best: 
  Inner Net 1
  -- 1 : 1 = 0.004
  -- 1 : 2 = 0.1566
  -- 1 : 3 = 0.7106
  -- 1 : 4 = 0.7876
  -- 1 : 5 = 0.4401
  -- 1 : 6 = 0.0428
  -- 1 : 7 = 0.7735
  -- 1 : 8 = 0.7318
  -- 1 : 9 = 0.9143
  -- 2 : 1 = 0.5206
  -- 2 : 2 = 0.8547
  -- 2 : 3 = 0.4651
  -- 2 : 4 = 0.1112
  -- 2 : 5 = 0.0944
  -- 2 : 6 = 0.896
  -- 2 : 7 = 0.6518
  -- 2 : 8 = 0.4222
  -- 2 : 9 = 0.4779
  -- 3 : 1 = 0.0869
  -- 3 : 2 = 0.4931
  -- 3 : 3 = 0.0193
  -- 3 : 4 = 0.7873
  -- 3 : 5 = 0.572
  -- 3 : 6 = 0.76
  -- 3 : 7 = 0.0603
  -- 3 : 8 = 0.2226
  -- 3 : 9 = 0.4932
  -- 4 : 1 = 0.2684
  -- 4 : 2 = 0.2877
  -- 4 : 3 = 0.8559
  -- 4 : 4 = 0.4827
  -- 4 : 5 = 0.2334
  -- 4 : 6 = 0.4208
  -- 4 : 7 = 0.7959
  -- 4 : 8 = 0.7293
  -- 4 : 9 = 0.8873
  -- 5 : 1 = 0.6046
  -- 5 : 2 = 0.7041
  -- 5 : 3 = 0.9657
  -- 5 : 4 = 0.5199
  -- 5 : 5 = 0.9297
  -- 5 : 6 = 0.5305
  -- 5 : 7 = 0.3922
  -- 5 : 8 = 0.586
  -- 5 : 9 = 0.3948
  -- 6 : 1 = 0.2126
  -- 6 : 2 = 0.3142
  -- 6 : 3 = 0.6724
  -- 6 : 4 = 0.9241
  -- 6 : 5 = 0.9452
  -- 6 : 6 = 0.2476
  -- 6 : 7 = 0.8439
  -- 6 : 8 = 0.5699
  -- 6 : 9 = 0.4261
  -- 7 : 1 = 0.5932
  -- 7 : 2 = 0.7763
  -- 7 : 3 = 0.799
  -- 7 : 4 = 0.7317
  -- 7 : 5 = 0.25
  -- 7 : 6 = 0.9203
  -- 7 : 7 = 0.3043
  -- 7 : 8 = 0.0726
  -- 7 : 9 = 0.9271
  -- 8 : 1 = 0.0408
  -- 8 : 2 = 0.18
  -- 8 : 3 = 0.8529
  -- 8 : 4 = 0.3128
  -- 8 : 5 = 0.7773
  -- 8 : 6 = 0.3279
  -- 8 : 7 = 0.0694
  -- 8 : 8 = 0.8584
  -- 8 : 9 = 0.1071
  -- 9 : 1 = 0.9526
  -- 9 : 2 = 0.6878
  -- 9 : 3 = 0.7644
  -- 9 : 4 = 0.158
  -- 9 : 5 = 0.0127
  -- 9 : 6 = 0.3087
  -- 9 : 7 = 0.0083
  -- 9 : 8 = 0.0667
  -- 9 : 9 = 0.6377
  -- 10 : 1 = 0.7792
  -- 10 : 2 = 0.1511
  -- 10 : 3 = 0.7757
  -- 10 : 4 = 0.7167
  -- 10 : 5 = 0.5358
  -- 10 : 6 = 0.1473
  -- 10 : 7 = 0.3122
  -- 10 : 8 = 0.2398
  -- 10 : 9 = 0.7982
  Inner Net 2
  -- 1 : 1 = 0.23561
  -- 1 : 2 = 0.0285591
  -- 2 : 1 = 0.0378879
  -- 2 : 2 = 0.156812
  -- 3 : 1 = -0.0868253
  -- 3 : 2 = 0.0528804
  -- 4 : 1 = -0.352143
  -- 4 : 2 = 0.536675
  -- 5 : 1 = -0.0934669
  -- 5 : 2 = -0.152374
  -- 6 : 1 = -0.132752
  -- 6 : 2 = 0.398035
  -- 7 : 1 = -0.085473
  -- 7 : 2 = 0.267597
  -- 8 : 1 = -0.371863
  -- 8 : 2 = 0.0461503
  -- 9 : 1 = -0.141109
  -- 9 : 2 = 0.200976
Out\Act	False		True
False	0.84198	0	0.84198
True	0.15802	0	0.15802
	1	0
	Accuracy [ (tp + tn) / testSize ]: 0.84198
	Precision [ tp / (tp + fp) ]:      0
	Sensitivity [ tp / (tp + fn) ]:    0
	Specificity [ tn / (tn + fp) ]:    0.999435
	F-Score [ 2tp / (2tp + fp + fn) ]: 0
Particle (9):: Fit: 125.556	PB: 125.556	LB: 135.51	GB: 136.258	Conf: 1.53377	Pts: 55384
Particle (23):: Fit: 130.992	PB: 130.992	LB: 136.258	GB: 136.258	Conf: 1.98399	Pts: 130184
Particle (24):: Fit: 122.648	PB: 122.648	LB: 136.258	GB: 136.258	Conf: 1.39083	Pts: 55284
Particle (38):: Fit: 120.546	PB: 120.546	LB: 136.181	GB: 136.258	Conf: 1.9589	Pts: 55184
Particle (39):: Fit: 57.5843	PB: 57.5843	LB: 136.181	GB: 136.258	Conf: 0.149014	Pts: 55481
Particle (46):: Fit: 100.98	PB: 100.98	LB: 133.697	GB: 136.258	Conf: 1.76427	Pts: 80484
Particle (43):: Fit: 126.66	PB: 126.66	LB: 136.181	GB: 136.258	Conf: 1.72066	Pts: 75683
Particle (43):: Fit: 127.614	PB: 127.614	LB: 136.181	GB: 136.258	Conf: 1.79578	Pts: 75782
Particle (14):: Fit: 123.836	PB: 123.836	LB: 130.982	GB: 136.258	Conf: 1.72358	Pts: 75581
Particle (22):: Fit: 119.356	PB: 119.356	LB: 136.258	GB: 136.258	Conf: 1.84423	Pts: 60481
Particle (1):: Fit: 103.618	PB: 103.618	LB: 133.697	GB: 136.258	Conf: 1.1582	Pts: 110380
Particle (38):: Fit: 131.004	PB: 131.004	LB: 136.181	GB: 136.258	Conf: 1.98781	Pts: 55280
Particle (39):: Fit: 59.1467	PB: 59.1467	LB: 136.181	GB: 136.258	Conf: 1	Pts: 55577
Particle (19):: Fit: 64.0824	PB: 64.0824	LB: 130.992	GB: 136.258	Conf: 2	Pts: 55279
Particle (33):: Fit: 122.92	PB: 122.92	LB: 132.941	GB: 136.258	Conf: 1.94245	Pts: 110279
Particle (48):: Fit: 106.56	PB: 106.56	LB: 133.697	GB: 136.258	Conf: 1.69938	Pts: 50579
Particle (33):: Fit: 124.614	PB: 124.614	LB: 132.941	GB: 136.258	Conf: 1.96243	Pts: 110378
Particle (45):: Fit: 66.3046	PB: 66.3046	LB: 136.181	GB: 136.258	Conf: 1.98887	Pts: 50278
Particle (47):: Fit: 126.516	PB: 126.516	LB: 133.697	GB: 136.258	Conf: 1.99	Pts: 50478
Particle (21):: Fit: 64.0824	PB: 64.0824	LB: 130.992	GB: 136.258	Conf: 2	Pts: 55277
Particle (24):: Fit: 125.624	PB: 125.624	LB: 136.258	GB: 136.258	Conf: 1.57099	Pts: 55377
Particle (37):: Fit: 134.643	PB: 134.643	LB: 136.181	GB: 136.258	Conf: 0.503117	Pts: 195375
Particle (22):: Fit: 125.94	PB: 125.94	LB: 136.258	GB: 136.258	Conf: 1.88622	Pts: 60576
Particle (24):: Fit: 133.732	PB: 133.732	LB: 136.258	GB: 136.258	Conf: 1.5314	Pts: 70476
Particle (39):: Fit: 62.1317	PB: 62.1317	LB: 136.181	GB: 136.258	Conf: 1	Pts: 55672
Particle (5):: Fit: 137.886	PB: 137.886	LB: 137.886	GB: 137.886	Conf: 1.85478	Pts: 215475
Particle (16):: Fit: 62.4223	PB: 62.4223	LB: 130.982	GB: 137.886	Conf: 2	Pts: 55375
Global: 137.886 - Correct: 34% of 100 tests
Global Best: 
  Inner Net 1
  -- 1 : 1 = 0.5956
  -- 1 : 2 = 0.9693
  -- 1 : 3 = 0.0295
  -- 1 : 4 = 0.7675
  -- 1 : 5 = 0.6022
  -- 1 : 6 = 0.7919
  -- 1 : 7 = 0.4117
  -- 1 : 8 = 0.1522
  -- 1 : 9 = 0.4404
  -- 2 : 1 = 0.7583
  -- 2 : 2 = 0.0808
  -- 2 : 3 = 0.7456
  -- 2 : 4 = 0.1729
  -- 2 : 5 = 0.5859
  -- 2 : 6 = 0.9131
  -- 2 : 7 = 0.0697
  -- 2 : 8 = 0.805
  -- 2 : 9 = 0.7197
  -- 3 : 1 = 0.2762
  -- 3 : 2 = 0.4628
  -- 3 : 3 = 0.1442
  -- 3 : 4 = 0.1402
  -- 3 : 5 = 0.1037
  -- 3 : 6 = 0.1199
  -- 3 : 7 = 0.8566
  -- 3 : 8 = 0.1801
  -- 3 : 9 = 0.1493
  -- 4 : 1 = 0.8404
  -- 4 : 2 = 0.634
  -- 4 : 3 = 0.4112
  -- 4 : 4 = 0.6741
  -- 4 : 5 = 0.0426
  -- 4 : 6 = 0.728
  -- 4 : 7 = 0.2572
  -- 4 : 8 = 0.7395
  -- 4 : 9 = 0.2447
  -- 5 : 1 = 0.3031
  -- 5 : 2 = 0.4759
  -- 5 : 3 = 0.0638
  -- 5 : 4 = 0.7397
  -- 5 : 5 = 0.0512
  -- 5 : 6 = 0.5951
  -- 5 : 7 = 0.0001
  -- 5 : 8 = 0.049
  -- 5 : 9 = 0.8399
  -- 6 : 1 = 0.3988
  -- 6 : 2 = 0.4585
  -- 6 : 3 = 0.9452
  -- 6 : 4 = 0.286
  -- 6 : 5 = 0.149
  -- 6 : 6 = 0.7236
  -- 6 : 7 = 0.0733
  -- 6 : 8 = 0.4707
  -- 6 : 9 = 0.4864
  -- 7 : 1 = 0.2587
  -- 7 : 2 = 0.2212
  -- 7 : 3 = 0.7965
  -- 7 : 4 = 0.74
  -- 7 : 5 = 0.5986
  -- 7 : 6 = 0.6884
  -- 7 : 7 = 0.4335
  -- 7 : 8 = 0.8664
  -- 7 : 9 = 0.0653
  -- 8 : 1 = 0.5536
  -- 8 : 2 = 0.8914
  -- 8 : 3 = 0.7656
  -- 8 : 4 = 0.8469
  -- 8 : 5 = 0.7983
  -- 8 : 6 = 0.1379
  -- 8 : 7 = 0.9454
  -- 8 : 8 = 0.905
  -- 8 : 9 = 0.5517
  -- 9 : 1 = 0.8267
  -- 9 : 2 = 0.9134
  -- 9 : 3 = 0.2699
  -- 9 : 4 = 0.5939
  -- 9 : 5 = 0.6274
  -- 9 : 6 = 0.423
  -- 9 : 7 = 0.7589
  -- 9 : 8 = 0.9255
  -- 9 : 9 = 0.6655
  -- 10 : 1 = 0.2441
  -- 10 : 2 = 0.8121
  -- 10 : 3 = 0.3542
  -- 10 : 4 = 0.1124
  -- 10 : 5 = 0.1225
  -- 10 : 6 = 0.1153
  -- 10 : 7 = 0.9506
  -- 10 : 8 = 0.716
  -- 10 : 9 = 0.2778
  Inner Net 2
  -- 1 : 1 = 0.347563
  -- 1 : 2 = 0.241884
  -- 2 : 1 = 0.00380145
  -- 2 : 2 = -0.0331378
  -- 3 : 1 = 0.201543
  -- 3 : 2 = -0.0190584
  -- 4 : 1 = -0.458378
  -- 4 : 2 = 0.239624
  -- 5 : 1 = 0.0460661
  -- 5 : 2 = -0.0208319
  -- 6 : 1 = -0.612619
  -- 6 : 2 = -0.0271506
  -- 7 : 1 = 0.0174537
  -- 7 : 2 = -0.210492
  -- 8 : 1 = -0.414431
  -- 8 : 2 = -0.0463675
  -- 9 : 1 = 0.0744981
  -- 9 : 2 = -0.00177354
Out\Act	False		True
False	0.84198	0	0.84198
True	0.15802	0	0.15802
	1	0
	Accuracy [ (tp + tn) / testSize ]: 0.84198
	Precision [ tp / (tp + fp) ]:      0
	Sensitivity [ tp / (tp + fn) ]:    0
	Specificity [ tn / (tn + fp) ]:    0.999435
	F-Score [ 2tp / (2tp + fp + fn) ]: 0
Particle (26):: Fit: 83.111	PB: 83.111	LB: 136.258	GB: 137.886	Conf: 0.502859	Pts: 60270
Particle (29):: Fit: 61.867	PB: 61.867	LB: 136.258	GB: 137.886	Conf: 2	Pts: 60472
Particle (46):: Fit: 104.265	PB: 104.265	LB: 133.697	GB: 137.886	Conf: 1.85935	Pts: 80572
Particle (8):: Fit: 138.906	PB: 138.906	LB: 138.906	GB: 138.906	Conf: 1.89701	Pts: 340471
Particle (47):: Fit: 127.065	PB: 127.065	LB: 133.697	GB: 138.906	Conf: 1.95794	Pts: 50571
Global: 138.906 - Correct: 50% of 100 tests
Global Best: 
  Inner Net 1
  -- 1 : 1 = 0.8417
  -- 1 : 2 = 0.4088
  -- 1 : 3 = 0.2849
  -- 1 : 4 = 0.7886
  -- 1 : 5 = 0.1419
  -- 1 : 6 = 0.13
  -- 1 : 7 = 0.0128
  -- 1 : 8 = 0.0442
  -- 1 : 9 = 0.904
  -- 2 : 1 = 0.8431
  -- 2 : 2 = 0.0732
  -- 2 : 3 = 0.2213
  -- 2 : 4 = 0.6633
  -- 2 : 5 = 0.0047
  -- 2 : 6 = 0.932
  -- 2 : 7 = 0.4748
  -- 2 : 8 = 0.6342
  -- 2 : 9 = 0.2534
  -- 3 : 1 = 0.5117
  -- 3 : 2 = 0.9104
  -- 3 : 3 = 0.9904
  -- 3 : 4 = 0.9559
  -- 3 : 5 = 0.7666
  -- 3 : 6 = 0.0511
  -- 3 : 7 = 0.6622
  -- 3 : 8 = 0.1226
  -- 3 : 9 = 0.0508
  -- 4 : 1 = 0.1461
  -- 4 : 2 = 0.8188
  -- 4 : 3 = 0.7505
  -- 4 : 4 = 0.2231
  -- 4 : 5 = 0.4771
  -- 4 : 6 = 0.1896
  -- 4 : 7 = 0.95
  -- 4 : 8 = 0.6309
  -- 4 : 9 = 0.3279
  -- 5 : 1 = 0.4575
  -- 5 : 2 = 0.3865
  -- 5 : 3 = 0.1319
  -- 5 : 4 = 0.4331
  -- 5 : 5 = 0.9833
  -- 5 : 6 = 0.3504
  -- 5 : 7 = 0.1258
  -- 5 : 8 = 0.0186
  -- 5 : 9 = 0.0496
  -- 6 : 1 = 0.4926
  -- 6 : 2 = 0.9875
  -- 6 : 3 = 0.1856
  -- 6 : 4 = 0.0998
  -- 6 : 5 = 0.9697
  -- 6 : 6 = 0.0879
  -- 6 : 7 = 0.7706
  -- 6 : 8 = 0.6487
  -- 6 : 9 = 0.714
  -- 7 : 1 = 0.1764
  -- 7 : 2 = 0.7983
  -- 7 : 3 = 0.9756
  -- 7 : 4 = 0.0634
  -- 7 : 5 = 0.118
  -- 7 : 6 = 0.0613
  -- 7 : 7 = 0.3666
  -- 7 : 8 = 0.1456
  -- 7 : 9 = 0.5507
  -- 8 : 1 = 0.2838
  -- 8 : 2 = 0.1403
  -- 8 : 3 = 0.1246
  -- 8 : 4 = 0.1534
  -- 8 : 5 = 0.4916
  -- 8 : 6 = 0.2691
  -- 8 : 7 = 0.5999
  -- 8 : 8 = 0.1982
  -- 8 : 9 = 0.4651
  -- 9 : 1 = 0.2326
  -- 9 : 2 = 0.5586
  -- 9 : 3 = 0.1654
  -- 9 : 4 = 0.2022
  -- 9 : 5 = 0.9584
  -- 9 : 6 = 0.3055
  -- 9 : 7 = 0.3449
  -- 9 : 8 = 0.1157
  -- 9 : 9 = 0.3189
  -- 10 : 1 = 0.0222
  -- 10 : 2 = 0.1416
  -- 10 : 3 = 0.9533
  -- 10 : 4 = 0.949
  -- 10 : 5 = 0.2084
  -- 10 : 6 = 0.1579
  -- 10 : 7 = 0.256
  -- 10 : 8 = 0.2195
  -- 10 : 9 = 0.1951
  Inner Net 2
  -- 1 : 1 = 0.00510432
  -- 1 : 2 = 0.040857
  -- 2 : 1 = -0.127379
  -- 2 : 2 = -0.0590922
  -- 3 : 1 = -0.178381
  -- 3 : 2 = -0.0633581
  -- 4 : 1 = -0.511789
  -- 4 : 2 = -0.132128
  -- 5 : 1 = -0.0622733
  -- 5 : 2 = 0.160046
  -- 6 : 1 = -0.585416
  -- 6 : 2 = -0.145209
  -- 7 : 1 = 0.0255148
  -- 7 : 2 = -0.375098
  -- 8 : 1 = -0.38829
  -- 8 : 2 = -0.169677
  -- 9 : 1 = 0.058338
  -- 9 : 2 = -0.103749
Out\Act	False		True
False	0.84198	0	0.84198
True	0.157068	0.000951928	0.15802
	0.999048	0.000951928
	Accuracy [ (tp + tn) / testSize ]: 0.842932
	Precision [ tp / (tp + fp) ]:      0.666667
	Sensitivity [ tp / (tp + fn) ]:    0.00600601
	Specificity [ tn / (tn + fp) ]:    0.999435
	F-Score [ 2tp / (2tp + fp + fn) ]: 0.0119403
Particle (12):: Fit: 129.219	PB: 129.219	LB: 138.906	GB: 138.906	Conf: 1.24424	Pts: 55570
Particle (32):: Fit: 63.53	PB: 63.53	LB: 134.643	GB: 138.906	Conf: 2	Pts: 75170
Particle (13):: Fit: 61.867	PB: 61.867	LB: 130.982	GB: 138.906	Conf: 2	Pts: 70569
Particle (18):: Fit: 128.671	PB: 128.671	LB: 130.992	GB: 138.906	Conf: 1.55006	Pts: 140468
Particle (20):: Fit: 65.1844	PB: 65.1844	LB: 133.732	GB: 138.906	Conf: 2	Pts: 60368
Particle (49):: Fit: 126.513	PB: 126.513	LB: 133.697	GB: 138.906	Conf: 1.98734	Pts: 55368
Particle (3):: Fit: 116.726	PB: 116.726	LB: 138.906	GB: 138.906	Conf: 1.05328	Pts: 110467
Particle (36):: Fit: 61.1798	PB: 61.1798	LB: 136.181	GB: 138.906	Conf: 0.324162	Pts: 60161
Particle (0):: Fit: 139.84	PB: 139.84	LB: 139.84	GB: 139.84	Conf: 1.60183	Pts: 345566
Particle (20):: Fit: 133.025	PB: 133.025	LB: 133.732	GB: 139.84	Conf: 1.97052	Pts: 80466
Particle (46):: Fit: 113.686	PB: 113.686	LB: 139.84	GB: 139.84	Conf: 1.80328	Pts: 80666
Global: 139.84 - Correct: 33% of 100 tests
Global Best: 
  Inner Net 1
  -- 1 : 1 = 0.7563
  -- 1 : 2 = 0.2974
  -- 1 : 3 = 0.109
  -- 1 : 4 = 0.1764
  -- 1 : 5 = 0.4272
  -- 1 : 6 = 0.136
  -- 1 : 7 = 0.4006
  -- 1 : 8 = 0.9192
  -- 1 : 9 = 0.0563
  -- 2 : 1 = 0.1883
  -- 2 : 2 = 0.7194
  -- 2 : 3 = 0.2675
  -- 2 : 4 = 0.1301
  -- 2 : 5 = 0.6967
  -- 2 : 6 = 0.8699
  -- 2 : 7 = 0.8978
  -- 2 : 8 = 0.1858
  -- 2 : 9 = 0.0791
  -- 3 : 1 = 0.4893
  -- 3 : 2 = 0.0057
  -- 3 : 3 = 0.3723
  -- 3 : 4 = 0.3537
  -- 3 : 5 = 0.2111
  -- 3 : 6 = 0.06
  -- 3 : 7 = 0.5636
  -- 3 : 8 = 0.0014
  -- 3 : 9 = 0.4146
  -- 4 : 1 = 0.1292
  -- 4 : 2 = 0.7599
  -- 4 : 3 = 0.4419
  -- 4 : 4 = 0.7259
  -- 4 : 5 = 0.0696
  -- 4 : 6 = 0.0872
  -- 4 : 7 = 0.7905
  -- 4 : 8 = 0.8518
  -- 4 : 9 = 0.2581
  -- 5 : 1 = 0.9619
  -- 5 : 2 = 0.8571
  -- 5 : 3 = 0.2525
  -- 5 : 4 = 0.1143
  -- 5 : 5 = 0.4259
  -- 5 : 6 = 0.4838
  -- 5 : 7 = 0.769
  -- 5 : 8 = 0.0963
  -- 5 : 9 = 0.3996
  -- 6 : 1 = 0.0309
  -- 6 : 2 = 0.0682
  -- 6 : 3 = 0.1982
  -- 6 : 4 = 0.6155
  -- 6 : 5 = 0.3206
  -- 6 : 6 = 0.7906
  -- 6 : 7 = 0.2792
  -- 6 : 8 = 0.9621
  -- 6 : 9 = 0.8486
  -- 7 : 1 = 0.5846
  -- 7 : 2 = 0.0537
  -- 7 : 3 = 0.4477
  -- 7 : 4 = 0.2988
  -- 7 : 5 = 0.9912
  -- 7 : 6 = 0.225
  -- 7 : 7 = 0.6842
  -- 7 : 8 = 0.6133
  -- 7 : 9 = 0.1773
  -- 8 : 1 = 0.4855
  -- 8 : 2 = 0.5448
  -- 8 : 3 = 0.3788
  -- 8 : 4 = 0.0982
  -- 8 : 5 = 0.5875
  -- 8 : 6 = 0.835
  -- 8 : 7 = 0.1661
  -- 8 : 8 = 0.8702
  -- 8 : 9 = 0.0396
  -- 9 : 1 = 0.6304
  -- 9 : 2 = 0.8586
  -- 9 : 3 = 0.3199
  -- 9 : 4 = 0.5873
  -- 9 : 5 = 0.6917
  -- 9 : 6 = 0.2861
  -- 9 : 7 = 0.4299
  -- 9 : 8 = 0.7826
  -- 9 : 9 = 0.9772
  -- 10 : 1 = 0.1823
  -- 10 : 2 = 0.7063
  -- 10 : 3 = 0.7303
  -- 10 : 4 = 0.0634
  -- 10 : 5 = 0.076
  -- 10 : 6 = 0.7002
  -- 10 : 7 = 0.6196
  -- 10 : 8 = 0.7735
  -- 10 : 9 = 0.9032
  Inner Net 2
  -- 1 : 1 = 0.040855
  -- 1 : 2 = -0.224194
  -- 2 : 1 = -0.175307
  -- 2 : 2 = -0.0772616
  -- 3 : 1 = -0.155986
  -- 3 : 2 = 0.0914411
  -- 4 : 1 = 0.00929285
  -- 4 : 2 = -0.172425
  -- 5 : 1 = -0.0404505
  -- 5 : 2 = -0.109512
  -- 6 : 1 = -0.148187
  -- 6 : 2 = -0.257406
  -- 7 : 1 = -0.166789
  -- 7 : 2 = 0.145027
  -- 8 : 1 = -0.222309
  -- 8 : 2 = -0.092719
  -- 9 : 1 = 0.237259
  -- 9 : 2 = -0.145706
Out\Act	False		True
False	0.624941	0.21704	0.84198
True	0.131842	0.026178	0.15802
	0.756782	0.243218
	Accuracy [ (tp + tn) / testSize ]: 0.651119
	Precision [ tp / (tp + fp) ]:      0.107422
	Sensitivity [ tp / (tp + fn) ]:    0.165165
	Specificity [ tn / (tn + fp) ]:    0.741808
	F-Score [ 2tp / (2tp + fp + fn) ]: 0.130332
Particle (13):: Fit: 62.4223	PB: 62.4223	LB: 130.982	GB: 139.84	Conf: 2	Pts: 70665
Particle (22):: Fit: 128.919	PB: 128.919	LB: 136.258	GB: 139.84	Conf: 1.96211	Pts: 60664
Particle (26):: Fit: 113.657	PB: 113.657	LB: 136.258	GB: 139.84	Conf: 0.137247	Pts: 60360
Particle (35):: Fit: 62.9766	PB: 62.9766	LB: 134.643	GB: 139.84	Conf: 2	Pts: 55364
Particle (44):: Fit: 124.255	PB: 124.255	LB: 136.181	GB: 139.84	Conf: 1.9873	Pts: 60264
Particle (14):: Fit: 133.169	PB: 133.169	LB: 133.169	GB: 139.84	Conf: 1.78264	Pts: 105662
Particle (36):: Fit: 61.92	PB: 61.92	LB: 136.181	GB: 139.84	Conf: 0.0240482	Pts: 60254
Particle (48):: Fit: 125.705	PB: 125.705	LB: 139.84	GB: 139.84	Conf: 1.48463	Pts: 50662
Particle (21):: Fit: 121.989	PB: 121.989	LB: 133.732	GB: 139.84	Conf: 1.99	Pts: 55361
Particle (1):: Fit: 111.845	PB: 111.845	LB: 139.84	GB: 139.84	Conf: 1.21813	Pts: 110460
Particle (3):: Fit: 120.832	PB: 120.832	LB: 139.84	GB: 139.84	Conf: 0.819823	Pts: 110560
Particle (43):: Fit: 131.125	PB: 131.125	LB: 136.181	GB: 139.84	Conf: 1.70526	Pts: 75860
Particle (1):: Fit: 122.075	PB: 122.075	LB: 139.84	GB: 139.84	Conf: 1.03875	Pts: 110559
Particle (40):: Fit: 61.867	PB: 61.867	LB: 136.181	GB: 139.84	Conf: 2	Pts: 60358
Particle (34):: Fit: 126.55	PB: 126.55	LB: 134.643	GB: 139.84	Conf: 1.97637	Pts: 55257
Particle (18):: Fit: 129.793	PB: 129.793	LB: 133.169	GB: 139.84	Conf: 1.53337	Pts: 140554
Particle (4):: Fit: 129.569	PB: 129.569	LB: 139.84	GB: 139.84	Conf: 1.28877	Pts: 160451
Particle (13):: Fit: 64.0824	PB: 64.0824	LB: 133.169	GB: 139.84	Conf: 2	Pts: 70750
Particle (36):: Fit: 62.8191	PB: 62.8191	LB: 136.181	GB: 139.84	Conf: 0.930483	Pts: 60340
Particle (1):: Fit: 125.48	PB: 125.48	LB: 139.84	GB: 139.84	Conf: 0.812943	Pts: 110649
Particle (21):: Fit: 124.256	PB: 124.256	LB: 133.732	GB: 139.84	Conf: 1.98774	Pts: 55449
Particle (22):: Fit: 129.456	PB: 129.456	LB: 136.258	GB: 139.84	Conf: 1.82241	Pts: 60749
Particle (21):: Fit: 125.388	PB: 125.388	LB: 133.732	GB: 139.84	Conf: 1.9899	Pts: 55548
Particle (33):: Fit: 125.159	PB: 125.159	LB: 134.643	GB: 139.84	Conf: 1.96845	Pts: 110448
Particle (39):: Fit: 63.9449	PB: 63.9449	LB: 136.181	GB: 139.84	Conf: 0.980724	Pts: 55734
Particle (42):: Fit: 126.516	PB: 126.516	LB: 136.181	GB: 139.84	Conf: 1.98995	Pts: 65648
Particle (40):: Fit: 63.53	PB: 63.53	LB: 136.181	GB: 139.84	Conf: 2	Pts: 60447
Particle (42):: Fit: 130.999	PB: 130.999	LB: 136.181	GB: 139.84	Conf: 1.98592	Pts: 65746
Particle (22):: Fit: 131.191	PB: 131.191	LB: 136.258	GB: 139.84	Conf: 1.95822	Pts: 60843
Particle (8):: Fit: 143.537	PB: 143.537	LB: 143.537	GB: 143.537	Conf: 1.8724	Pts: 400541
Global: 143.537 - Correct: 47% of 100 tests
Global Best: 
  Inner Net 1
  -- 1 : 1 = 0.8417
  -- 1 : 2 = 0.4088
  -- 1 : 3 = 0.2849
  -- 1 : 4 = 0.7886
  -- 1 : 5 = 0.1419
  -- 1 : 6 = 0.13
  -- 1 : 7 = 0.0128
  -- 1 : 8 = 0.0442
  -- 1 : 9 = 0.904
  -- 2 : 1 = 0.8431
  -- 2 : 2 = 0.0732
  -- 2 : 3 = 0.2213
  -- 2 : 4 = 0.6633
  -- 2 : 5 = 0.0047
  -- 2 : 6 = 0.932
  -- 2 : 7 = 0.4748
  -- 2 : 8 = 0.6342
  -- 2 : 9 = 0.2534
  -- 3 : 1 = 0.5117
  -- 3 : 2 = 0.9104
  -- 3 : 3 = 0.9904
  -- 3 : 4 = 0.9559
  -- 3 : 5 = 0.7666
  -- 3 : 6 = 0.0511
  -- 3 : 7 = 0.6622
  -- 3 : 8 = 0.1226
  -- 3 : 9 = 0.0508
  -- 4 : 1 = 0.1461
  -- 4 : 2 = 0.8188
  -- 4 : 3 = 0.7505
  -- 4 : 4 = 0.2231
  -- 4 : 5 = 0.4771
  -- 4 : 6 = 0.1896
  -- 4 : 7 = 0.95
  -- 4 : 8 = 0.6309
  -- 4 : 9 = 0.3279
  -- 5 : 1 = 0.4575
  -- 5 : 2 = 0.3865
  -- 5 : 3 = 0.1319
  -- 5 : 4 = 0.4331
  -- 5 : 5 = 0.9833
  -- 5 : 6 = 0.3504
  -- 5 : 7 = 0.1258
  -- 5 : 8 = 0.0186
  -- 5 : 9 = 0.0496
  -- 6 : 1 = 0.4926
  -- 6 : 2 = 0.9875
  -- 6 : 3 = 0.1856
  -- 6 : 4 = 0.0998
  -- 6 : 5 = 0.9697
  -- 6 : 6 = 0.0879
  -- 6 : 7 = 0.7706
  -- 6 : 8 = 0.6487
  -- 6 : 9 = 0.714
  -- 7 : 1 = 0.1764
  -- 7 : 2 = 0.7983
  -- 7 : 3 = 0.9756
  -- 7 : 4 = 0.0634
  -- 7 : 5 = 0.118
  -- 7 : 6 = 0.0613
  -- 7 : 7 = 0.3666
  -- 7 : 8 = 0.1456
  -- 7 : 9 = 0.5507
  -- 8 : 1 = 0.2838
  -- 8 : 2 = 0.1403
  -- 8 : 3 = 0.1246
  -- 8 : 4 = 0.1534
  -- 8 : 5 = 0.4916
  -- 8 : 6 = 0.2691
  -- 8 : 7 = 0.5999
  -- 8 : 8 = 0.1982
  -- 8 : 9 = 0.4651
  -- 9 : 1 = 0.2326
  -- 9 : 2 = 0.5586
  -- 9 : 3 = 0.1654
  -- 9 : 4 = 0.2022
  -- 9 : 5 = 0.9584
  -- 9 : 6 = 0.3055
  -- 9 : 7 = 0.3449
  -- 9 : 8 = 0.1157
  -- 9 : 9 = 0.3189
  -- 10 : 1 = 0.0222
  -- 10 : 2 = 0.1416
  -- 10 : 3 = 0.9533
  -- 10 : 4 = 0.949
  -- 10 : 5 = 0.2084
  -- 10 : 6 = 0.1579
  -- 10 : 7 = 0.256
  -- 10 : 8 = 0.2195
  -- 10 : 9 = 0.1951
  Inner Net 2
  -- 1 : 1 = 0.0150505
  -- 1 : 2 = -0.0375577
  -- 2 : 1 = 0.157544
  -- 2 : 2 = -0.0117382
  -- 3 : 1 = -0.179475
  -- 3 : 2 = 0.0503721
  -- 4 : 1 = -0.621953
  -- 4 : 2 = -0.219241
  -- 5 : 1 = -0.0557305
  -- 5 : 2 = -0.0351036
  -- 6 : 1 = -0.642925
  -- 6 : 2 = -0.291031
  -- 7 : 1 = 0.344204
  -- 7 : 2 = -0.143499
  -- 8 : 1 = -0.255684
  -- 8 : 2 = 0.00630046
  -- 9 : 1 = -0.0434245
  -- 9 : 2 = -0.313987
Out\Act	False		True
False	0.84198	0	0.84198
True	0.157068	0.000951928	0.15802
	0.999048	0.000951928
	Accuracy [ (tp + tn) / testSize ]: 0.842932
	Precision [ tp / (tp + fp) ]:      0.666667
	Sensitivity [ tp / (tp + fn) ]:    0.00600601
	Specificity [ tn / (tn + fp) ]:    0.999435
	F-Score [ 2tp / (2tp + fp + fn) ]: 0.0119403
Particle (42):: Fit: 135.461	PB: 135.461	LB: 136.181	GB: 143.537	Conf: 1.98971	Pts: 65839
Particle (17):: Fit: 126.514	PB: 126.514	LB: 133.169	GB: 143.537	Conf: 1.507	Pts: 145338
Particle (16):: Fit: 62.9766	PB: 62.9766	LB: 133.169	GB: 143.537	Conf: 2	Pts: 55436
Particle (16):: Fit: 67.3777	PB: 67.3777	LB: 133.169	GB: 143.537	Conf: 2	Pts: 55533
Particle (29):: Fit: 127.641	PB: 127.641	LB: 136.258	GB: 143.537	Conf: 1.98899	Pts: 60532
Particle (31):: Fit: 64.6338	PB: 64.6338	LB: 136.258	GB: 143.537	Conf: 2	Pts: 55632
Particle (19):: Fit: 64.6338	PB: 64.6338	LB: 133.732	GB: 143.537	Conf: 2	Pts: 55331
Particle (35):: Fit: 64.0824	PB: 64.0824	LB: 134.643	GB: 143.537	Conf: 2	Pts: 55431
Particle (47):: Fit: 130.999	PB: 130.999	LB: 139.84	GB: 143.537	Conf: 1.98576	Pts: 50629
Particle (30):: Fit: 124.257	PB: 124.257	LB: 136.258	GB: 143.537	Conf: 1.98917	Pts: 65328
Particle (33):: Fit: 125.631	PB: 125.631	LB: 134.643	GB: 143.537	Conf: 1.932	Pts: 110528
Particle (17):: Fit: 129.404	PB: 129.404	LB: 133.169	GB: 143.537	Conf: 1.46416	Pts: 145426
Particle (6):: Fit: 132.122	PB: 132.122	LB: 143.537	GB: 143.537	Conf: 1.989	Pts: 55323
Particle (1):: Fit: 125.795	PB: 125.795	LB: 139.84	GB: 143.537	Conf: 0.861651	Pts: 110721
Particle (33):: Fit: 125.96	PB: 125.96	LB: 134.643	GB: 143.537	Conf: 1.9432	Pts: 110619
Particle (45):: Fit: 121.644	PB: 121.644	LB: 139.84	GB: 143.537	Conf: 1.97643	Pts: 50318
Particle (7):: Fit: 63.53	PB: 63.53	LB: 143.537	GB: 143.537	Conf: 2	Pts: 60217
Particle (22):: Fit: 132.192	PB: 132.192	LB: 136.258	GB: 143.537	Conf: 1.95254	Pts: 60915
Particle (30):: Fit: 126.512	PB: 126.512	LB: 136.258	GB: 143.537	Conf: 1.9866	Pts: 65415
Particle (35):: Fit: 66.2828	PB: 66.2828	LB: 134.643	GB: 143.537	Conf: 2	Pts: 55514
Particle (1):: Fit: 132.823	PB: 132.823	LB: 139.84	GB: 143.537	Conf: 1.01656	Pts: 110811
Particle (33):: Fit: 127.642	PB: 127.642	LB: 134.643	GB: 143.537	Conf: 1.98982	Pts: 110711
Particle (2):: Fit: 64.7259	PB: 64.7259	LB: 139.84	GB: 143.537	Conf: 0.474817	Pts: 55597
Particle (36):: Fit: 62.9011	PB: 62.9011	LB: 136.181	GB: 143.537	Conf: 0.845876	Pts: 60394
Particle (22):: Fit: 135.557	PB: 135.557	LB: 136.258	GB: 143.537	Conf: 1.85876	Pts: 86006
Particle (33):: Fit: 128.501	PB: 128.501	LB: 134.643	GB: 143.537	Conf: 1.97558	Pts: 110806
Particle (19):: Fit: 65.734	PB: 65.734	LB: 135.557	GB: 143.537	Conf: 2	Pts: 55403
Particle (27):: Fit: 139.755	PB: 139.755	LB: 139.755	GB: 143.537	Conf: 1.86905	Pts: 270303
Particle (11):: Fit: 112.315	PB: 112.315	LB: 143.537	GB: 143.537	Conf: 1.97962	Pts: 60401
Particle (44):: Fit: 133.237	PB: 133.237	LB: 136.181	GB: 143.537	Conf: 1.98827	Pts: 60300
Particle (29):: Fit: 129.887	PB: 129.887	LB: 139.755	GB: 143.537	Conf: 1.98963	Pts: 60599
Particle (7):: Fit: 125.99	PB: 125.99	LB: 143.537	GB: 143.537	Conf: 0.74121	Pts: 60298
Particle (13):: Fit: 67.4522	PB: 67.4522	LB: 133.169	GB: 143.537	Conf: 0.597072	Pts: 70798
Particle (16):: Fit: 100.872	PB: 100.872	LB: 133.169	GB: 143.537	Conf: 0.743012	Pts: 55598
Particle (32):: Fit: 71.9957	PB: 71.9957	LB: 134.643	GB: 143.537	Conf: 0.460831	Pts: 75198
Particle (39):: Fit: 71.9729	PB: 71.9729	LB: 136.181	GB: 143.537	Conf: 0.214605	Pts: 55773
Particle (12):: Fit: 129.644	PB: 129.644	LB: 143.537	GB: 143.537	Conf: 0.488797	Pts: 55597
Particle (13):: Fit: 127.192	PB: 127.192	LB: 133.169	GB: 143.537	Conf: 0.54212	Pts: 70897
Particle (19):: Fit: 79.7009	PB: 79.7009	LB: 135.557	GB: 143.537	Conf: 0.613707	Pts: 55497
Particle (31):: Fit: 77.3593	PB: 77.3593	LB: 139.755	GB: 143.537	Conf: 0.618734	Pts: 55697
Particle (36):: Fit: 83.1797	PB: 83.1797	LB: 136.181	GB: 143.537	Conf: 0.493864	Pts: 60482
Particle (45):: Fit: 127.573	PB: 127.573	LB: 139.84	GB: 143.537	Conf: 0.837933	Pts: 50397
Particle (2):: Fit: 114.869	PB: 114.869	LB: 139.84	GB: 143.537	Conf: 1.55036	Pts: 55683
Particle (22):: Fit: 138.985	PB: 138.985	LB: 139.755	GB: 143.537	Conf: 0.198162	Pts: 111096
Particle (25):: Fit: 120.121	PB: 120.121	LB: 139.755	GB: 143.537	Conf: 0.376445	Pts: 55280
Particle (31):: Fit: 106.661	PB: 106.661	LB: 139.755	GB: 143.537	Conf: 0.391426	Pts: 55796
Particle (32):: Fit: 108.352	PB: 108.352	LB: 134.643	GB: 143.537	Conf: 0.7703	Pts: 75296
Particle (35):: Fit: 68.7418	PB: 68.7418	LB: 134.643	GB: 143.537	Conf: 0.546156	Pts: 55596
Particle (36):: Fit: 104.736	PB: 104.736	LB: 136.181	GB: 143.537	Conf: 0.391016	Pts: 60581
Particle (39):: Fit: 97.9119	PB: 97.9119	LB: 136.181	GB: 143.537	Conf: 0.295198	Pts: 55871
Particle (40):: Fit: 104.873	PB: 104.873	LB: 136.181	GB: 143.537	Conf: 1.58216	Pts: 60496
Particle (19):: Fit: 91.2068	PB: 91.2068	LB: 138.985	GB: 143.537	Conf: 0.749679	Pts: 55595
Particle (7):: Fit: 139.007	PB: 139.007	LB: 143.537	GB: 143.537	Conf: 0.700849	Pts: 60394
Particle (32):: Fit: 108.854	PB: 108.854	LB: 134.643	GB: 143.537	Conf: 0.684545	Pts: 75394
Particle (34):: Fit: 129.223	PB: 129.223	LB: 134.643	GB: 143.537	Conf: 1.05043	Pts: 55294
Particle (39):: Fit: 138.275	PB: 138.275	LB: 138.275	GB: 143.537	Conf: 0.392719	Pts: 105969
Particle (16):: Fit: 128.143	PB: 128.143	LB: 133.169	GB: 143.537	Conf: 0.797236	Pts: 55693
Particle (19):: Fit: 112.1	PB: 112.1	LB: 138.985	GB: 143.537	Conf: 0.761636	Pts: 55693
Particle (32):: Fit: 121.827	PB: 121.827	LB: 134.643	GB: 143.537	Conf: 0.471895	Pts: 75493
Particle (28):: Fit: 76.2754	PB: 76.2754	LB: 139.755	GB: 143.537	Conf: 1.38984	Pts: 55390
Particle (36):: Fit: 109.424	PB: 109.424	LB: 138.275	GB: 143.537	Conf: 0.442669	Pts: 60677
Particle (4):: Fit: 134.834	PB: 134.834	LB: 143.537	GB: 143.537	Conf: 0.45466	Pts: 160491
Particle (28):: Fit: 111.427	PB: 111.427	LB: 139.755	GB: 143.537	Conf: 0.799321	Pts: 55489
Particle (30):: Fit: 131.67	PB: 131.67	LB: 139.755	GB: 143.537	Conf: 0.0715904	Pts: 65491
Particle (11):: Fit: 132.636	PB: 132.636	LB: 143.537	GB: 143.537	Conf: 0.878256	Pts: 60488
Particle (19):: Fit: 136.809	PB: 136.809	LB: 138.985	GB: 143.537	Conf: 0.298856	Pts: 70789
Particle (35):: Fit: 126.962	PB: 126.962	LB: 138.275	GB: 143.537	Conf: 0.859317	Pts: 55689
Particle (40):: Fit: 135.34	PB: 135.34	LB: 138.275	GB: 143.537	Conf: 0.675455	Pts: 60589
Particle (31):: Fit: 108.725	PB: 108.725	LB: 139.755	GB: 143.537	Conf: 0.563234	Pts: 55888
Particle (25):: Fit: 120.218	PB: 120.218	LB: 139.755	GB: 143.537	Conf: 0.626415	Pts: 55370
Particle (6):: Fit: 136.148	PB: 136.148	LB: 143.537	GB: 143.537	Conf: 0.784708	Pts: 55385
Particle (24):: Fit: 138.095	PB: 138.095	LB: 139.755	GB: 143.537	Conf: 0.344481	Pts: 70485
Particle (30):: Fit: 135.392	PB: 135.392	LB: 139.755	GB: 143.537	Conf: 0.125151	Pts: 75585
Particle (46):: Fit: 117.638	PB: 117.638	LB: 139.84	GB: 143.537	Conf: 0.67097	Pts: 80685
Particle (20):: Fit: 140.893	PB: 140.893	LB: 140.893	GB: 143.537	Conf: 0.0816257	Pts: 130484
Particle (28):: Fit: 125.978	PB: 125.978	LB: 139.755	GB: 143.537	Conf: 0.115032	Pts: 55582
Particle (3):: Fit: 128.991	PB: 128.991	LB: 143.537	GB: 143.537	Conf: 0.760508	Pts: 110583
Particle (13):: Fit: 135.583	PB: 135.583	LB: 135.583	GB: 143.537	Conf: 0.747127	Pts: 75982
Particle (25):: Fit: 124.805	PB: 124.805	LB: 139.755	GB: 143.537	Conf: 0.498613	Pts: 55466
Particle (2):: Fit: 118.477	PB: 118.477	LB: 139.84	GB: 143.537	Conf: 0.348631	Pts: 55768
Particle (28):: Fit: 130.848	PB: 130.848	LB: 139.755	GB: 143.537	Conf: 0.196218	Pts: 55679
Particle (21):: Fit: 127.006	PB: 127.006	LB: 140.893	GB: 143.537	Conf: 0.370476	Pts: 55580
Particle (26):: Fit: 123.517	PB: 123.517	LB: 139.755	GB: 143.537	Conf: 0.45276	Pts: 60364
Particle (31):: Fit: 110.76	PB: 110.76	LB: 139.755	GB: 143.537	Conf: 0.855358	Pts: 55980
Particle (16):: Fit: 129.747	PB: 129.747	LB: 140.893	GB: 143.537	Conf: 0.757309	Pts: 55778
Particle (23):: Fit: 139.494	PB: 139.494	LB: 140.893	GB: 143.537	Conf: 0.470084	Pts: 130179
Particle (48):: Fit: 126.236	PB: 126.236	LB: 139.84	GB: 143.537	Conf: 0.230768	Pts: 50678
Particle (31):: Fit: 118.769	PB: 118.769	LB: 139.755	GB: 143.537	Conf: 0.712752	Pts: 56078
Particle (19):: Fit: 137.391	PB: 137.391	LB: 140.893	GB: 143.537	Conf: 0.617844	Pts: 75877
Particle (3):: Fit: 141.579	PB: 141.579	LB: 143.537	GB: 143.537	Conf: 0.782211	Pts: 135676
Particle (36):: Fit: 128.313	PB: 128.313	LB: 138.275	GB: 143.537	Conf: 0.387942	Pts: 60761
Particle (45):: Fit: 133.43	PB: 133.43	LB: 139.84	GB: 143.537	Conf: 0.506811	Pts: 50475
Particle (34):: Fit: 131.066	PB: 131.066	LB: 138.275	GB: 143.537	Conf: 0.677652	Pts: 55373
Particle (36):: Fit: 135.033	PB: 135.033	LB: 138.275	GB: 143.537	Conf: 0.492943	Pts: 60858
Particle (25):: Fit: 126.202	PB: 126.202	LB: 139.755	GB: 143.537	Conf: 0.302367	Pts: 55555
Particle (26):: Fit: 126.375	PB: 126.375	LB: 139.755	GB: 143.537	Conf: 0.616711	Pts: 60455
Particle (2):: Fit: 123.819	PB: 123.819	LB: 141.579	GB: 143.537	Conf: 0.584545	Pts: 55856
Particle (9):: Fit: 129.59	PB: 129.59	LB: 143.537	GB: 143.537	Conf: 0.578654	Pts: 55368
Particle (25):: Fit: 130.501	PB: 130.501	LB: 139.755	GB: 143.537	Conf: 0.255401	Pts: 55653
Particle (31):: Fit: 125.231	PB: 125.231	LB: 139.755	GB: 143.537	Conf: 0.796239	Pts: 56168
Particle (16):: Fit: 134.514	PB: 134.514	LB: 140.893	GB: 143.537	Conf: 0.623636	Pts: 55866
Particle (46):: Fit: 123.743	PB: 123.743	LB: 139.84	GB: 143.537	Conf: 0.664476	Pts: 80766
Particle (2):: Fit: 127.318	PB: 127.318	LB: 141.579	GB: 143.537	Conf: 0.558992	Pts: 55951
Particle (32):: Fit: 128.482	PB: 128.482	LB: 135.392	GB: 143.537	Conf: 0.482607	Pts: 75563
Particle (41):: Fit: 137.626	PB: 137.626	LB: 138.275	GB: 143.537	Conf: 0.877285	Pts: 145562
Particle (48):: Fit: 128.271	PB: 128.271	LB: 141.579	GB: 143.537	Conf: 0.495343	Pts: 50762
Particle (1):: Fit: 139.682	PB: 139.682	LB: 141.579	GB: 143.537	Conf: 0.806058	Pts: 110860
Particle (14):: Fit: 137.356	PB: 137.356	LB: 137.391	GB: 143.537	Conf: 0.230056	Pts: 110661
Particle (47):: Fit: 131.605	PB: 131.605	LB: 139.84	GB: 143.537	Conf: 0.832848	Pts: 50659
Particle (32):: Fit: 136.158	PB: 136.158	LB: 136.158	GB: 143.537	Conf: 0.77155	Pts: 85659
Particle (31):: Fit: 126.005	PB: 126.005	LB: 139.755	GB: 143.537	Conf: 0.51127	Pts: 56258
Particle (35):: Fit: 128.375	PB: 128.375	LB: 138.275	GB: 143.537	Conf: 0.849454	Pts: 55756
Particle (31):: Fit: 132.42	PB: 132.42	LB: 139.755	GB: 143.537	Conf: 0.7871	Pts: 56355
Particle (33):: Fit: 132.629	PB: 132.629	LB: 136.158	GB: 143.537	Conf: 0.68613	Pts: 110845
Particle (48):: Fit: 136.189	PB: 136.189	LB: 141.579	GB: 143.537	Conf: 0.281582	Pts: 50849
Particle (9):: Fit: 130.768	PB: 130.768	LB: 143.537	GB: 143.537	Conf: 0.611758	Pts: 55446
Particle (12):: Fit: 130.277	PB: 130.277	LB: 143.537	GB: 143.537	Conf: 0.707903	Pts: 55647
Particle (4):: Fit: 134.901	PB: 134.901	LB: 143.537	GB: 143.537	Conf: 0.537707	Pts: 160544
Particle (9):: Fit: 132.32	PB: 132.32	LB: 143.537	GB: 143.537	Conf: 0.349236	Pts: 55541
Particle (21):: Fit: 127.955	PB: 127.955	LB: 140.893	GB: 143.537	Conf: 0.435125	Pts: 55639
Particle (49):: Fit: 127.266	PB: 127.266	LB: 141.579	GB: 143.537	Conf: 0.11839	Pts: 55333
Particle (26):: Fit: 137.056	PB: 137.056	LB: 139.755	GB: 143.537	Conf: 0.432712	Pts: 60517
Particle (25):: Fit: 130.603	PB: 130.603	LB: 139.755	GB: 143.537	Conf: 0.759012	Pts: 55715
Particle (14):: Fit: 147.752	PB: 147.752	LB: 147.752	GB: 147.752	Conf: 0.545838	Pts: 170729
Global: 147.752 - Correct: 65% of 100 tests
Global Best: 
  Inner Net 1
  -- 1 : 1 = 0.755021
  -- 1 : 2 = 0.745258
  -- 1 : 3 = 0.126829
  -- 1 : 4 = -0.028167
  -- 1 : 5 = -0.213842
  -- 1 : 6 = 0.765584
  -- 1 : 7 = 0.308652
  -- 1 : 8 = 0.0364185
  -- 1 : 9 = -0.186673
  -- 2 : 1 = 0.0960248
  -- 2 : 2 = 0.407454
  -- 2 : 3 = 0.156763
  -- 2 : 4 = 0.334118
  -- 2 : 5 = -0.158022
  -- 2 : 6 = -0.230502
  -- 2 : 7 = 0.13237
  -- 2 : 8 = 0.116821
  -- 2 : 9 = -0.299157
  -- 3 : 1 = 0.328727
  -- 3 : 2 = -0.0883939
  -- 3 : 3 = 0
  -- 3 : 4 = -0.0174676
  -- 3 : 5 = 0.183703
  -- 3 : 6 = 0.240378
  -- 3 : 7 = 0.0597547
  -- 3 : 8 = 0.249921
  -- 3 : 9 = -0.160485
  -- 4 : 1 = 0.0121807
  -- 4 : 2 = 0.182956
  -- 4 : 3 = 0.187619
  -- 4 : 4 = 0.00313295
  -- 4 : 5 = 0.0613971
  -- 4 : 6 = 0.549652
  -- 4 : 7 = -0.0385464
  -- 4 : 8 = -0.177169
  -- 4 : 9 = 0.350438
  -- 5 : 1 = 0.356767
  -- 5 : 2 = 0.0965521
  -- 5 : 3 = 0.198727
  -- 5 : 4 = 0.0563365
  -- 5 : 5 = 0.157851
  -- 5 : 6 = 0.244599
  -- 5 : 7 = -0.125705
  -- 5 : 8 = 0.150583
  -- 5 : 9 = -0.189827
  -- 6 : 1 = 0.0722971
  -- 6 : 2 = 0.224706
  -- 6 : 3 = 0.194807
  -- 6 : 4 = 0.525917
  -- 6 : 5 = 0.697898
  -- 6 : 6 = 0.0464365
  -- 6 : 7 = 0.320551
  -- 6 : 8 = -0.210972
  -- 6 : 9 = -0.275808
  -- 7 : 1 = 0.143413
  -- 7 : 2 = 0.273218
  -- 7 : 3 = -0.0564297
  -- 7 : 4 = 0.0708799
  -- 7 : 5 = -0.281851
  -- 7 : 6 = 0.0252815
  -- 7 : 7 = 0.328182
  -- 7 : 8 = 0.401561
  -- 7 : 9 = 0.183959
  -- 8 : 1 = -1
  -- 8 : 2 = 0.475052
  -- 8 : 3 = 0.372707
  -- 8 : 4 = -0.0584287
  -- 8 : 5 = 0.233453
  -- 8 : 6 = 0.431493
  -- 8 : 7 = -0.280417
  -- 8 : 8 = 0.247856
  -- 8 : 9 = 0.36746
  -- 9 : 1 = -0.213732
  -- 9 : 2 = 0.0128943
  -- 9 : 3 = -0.128207
  -- 9 : 4 = -0.191641
  -- 9 : 5 = 0.616117
  -- 9 : 6 = -0.106693
  -- 9 : 7 = 0.225732
  -- 9 : 8 = -0.0226109
  -- 9 : 9 = 0.353425
  -- 10 : 1 = -0.340549
  -- 10 : 2 = 0.239891
  -- 10 : 3 = -0.087854
  -- 10 : 4 = 0.341328
  -- 10 : 5 = 0.235913
  -- 10 : 6 = 0.339599
  -- 10 : 7 = 0.0729337
  -- 10 : 8 = 0.123231
  -- 10 : 9 = 0.422704
  Inner Net 2
  -- 1 : 1 = 0.0331768
  -- 1 : 2 = -0.0857458
  -- 2 : 1 = 0.661105
  -- 2 : 2 = 0.240539
  -- 3 : 1 = -0.235967
  -- 3 : 2 = -0.106543
  -- 4 : 1 = -0.48072
  -- 4 : 2 = 0.145212
  -- 5 : 1 = -0.17589
  -- 5 : 2 = -0.200077
  -- 6 : 1 = -0.140328
  -- 6 : 2 = 0.277154
  -- 7 : 1 = 0.46592
  -- 7 : 2 = 0.104961
  -- 8 : 1 = 0.204947
  -- 8 : 2 = 0.0938349
  -- 9 : 1 = -0.0596868
  -- 9 : 2 = -0.203862
Out\Act	False		True
False	0.137078	0.704902	0.84198
True	0.0114231	0.146597	0.15802
	0.148501	0.851499
	Accuracy [ (tp + tn) / testSize ]: 0.283674
	Precision [ tp / (tp + fp) ]:      0.172067
	Sensitivity [ tp / (tp + fn) ]:    0.924925
	Specificity [ tn / (tn + fp) ]:    0.162712
	F-Score [ 2tp / (2tp + fp + fn) ]: 0.290292
Particle (17):: Fit: 136.053	PB: 136.053	LB: 147.752	GB: 147.752	Conf: 0.382044	Pts: 145423
Particle (47):: Fit: 138.059	PB: 138.059	LB: 139.84	GB: 147.752	Conf: 0.745081	Pts: 55726
Particle (10):: Fit: 135.825	PB: 135.825	LB: 147.752	GB: 147.752	Conf: 0.848125	Pts: 75224
Particle (13):: Fit: 136.623	PB: 136.623	LB: 147.752	GB: 147.752	Conf: 0.903917	Pts: 76024
Particle (43):: Fit: 133.474	PB: 133.474	LB: 138.275	GB: 147.752	Conf: 0.462303	Pts: 75822
Particle (46):: Fit: 132.733	PB: 132.733	LB: 139.84	GB: 147.752	Conf: 0.401935	Pts: 80819
Particle (24):: Fit: 141.52	PB: 141.52	LB: 141.52	GB: 147.752	Conf: 0.334482	Pts: 120519
Particle (2):: Fit: 129.504	PB: 129.504	LB: 141.579	GB: 147.752	Conf: 0.814147	Pts: 56006
Particle (21):: Fit: 139.197	PB: 139.197	LB: 141.52	GB: 147.752	Conf: 0.70066	Pts: 55719
Particle (15):: Fit: 133.687	PB: 133.687	LB: 147.752	GB: 147.752	Conf: 0.835775	Pts: 115311
Particle (17):: Fit: 141.603	PB: 141.603	LB: 147.752	GB: 147.752	Conf: 0.573917	Pts: 160513
Particle (18):: Fit: 133.562	PB: 133.562	LB: 147.752	GB: 147.752	Conf: 0.582339	Pts: 140515
Particle (6):: Fit: 137.705	PB: 137.705	LB: 143.537	GB: 147.752	Conf: 0.827165	Pts: 55411
Particle (42):: Fit: 135.673	PB: 135.673	LB: 138.275	GB: 147.752	Conf: 0.451549	Pts: 65804
Particle (31):: Fit: 137.227	PB: 137.227	LB: 139.755	GB: 147.752	Conf: 0.733533	Pts: 66405
Particle (26):: Fit: 138.118	PB: 138.118	LB: 141.52	GB: 147.752	Conf: 0.519563	Pts: 60586
Particle (35):: Fit: 129.37	PB: 129.37	LB: 138.275	GB: 147.752	Conf: 0.866981	Pts: 55799
Particle (15):: Fit: 134.964	PB: 134.964	LB: 147.752	GB: 147.752	Conf: 0.216759	Pts: 115390
Particle (25):: Fit: 135.986	PB: 135.986	LB: 141.52	GB: 147.752	Conf: 0.642748	Pts: 55780
Particle (35):: Fit: 132.283	PB: 132.283	LB: 138.275	GB: 147.752	Conf: 0.810556	Pts: 55893
Particle (49):: Fit: 128.714	PB: 128.714	LB: 141.579	GB: 147.752	Conf: 0.231239	Pts: 55395
Particle (43):: Fit: 133.689	PB: 133.689	LB: 138.275	GB: 147.752	Conf: 0.582266	Pts: 75895
Particle (9):: Fit: 141.727	PB: 141.727	LB: 147.752	GB: 147.752	Conf: 0.578413	Pts: 55589
Particle (3):: Fit: 147.184	PB: 147.184	LB: 147.184	GB: 147.752	Conf: 0.847652	Pts: 185689
Particle (28):: Fit: 131.437	PB: 131.437	LB: 141.52	GB: 147.752	Conf: 0.753554	Pts: 55683
Particle (43):: Fit: 135.543	PB: 135.543	LB: 138.275	GB: 147.752	Conf: 0.452598	Pts: 75986
Particle (25):: Fit: 142.13	PB: 142.13	LB: 142.13	GB: 147.752	Conf: 0.621357	Pts: 105868
Particle (26):: Fit: 138.481	PB: 138.481	LB: 142.13	GB: 147.752	Conf: 0.584161	Pts: 60668
Particle (11):: Fit: 136.112	PB: 136.112	LB: 147.752	GB: 147.752	Conf: 0.490457	Pts: 60480
Particle (41):: Fit: 140.119	PB: 140.119	LB: 140.119	GB: 147.752	Conf: 0.337123	Pts: 195582
Particle (12):: Fit: 130.871	PB: 130.871	LB: 147.752	GB: 147.752	Conf: 0.533648	Pts: 55678
Particle (13):: Fit: 137.051	PB: 137.051	LB: 147.752	GB: 147.752	Conf: 0.743383	Pts: 76080
Particle (38):: Fit: 131.956	PB: 131.956	LB: 140.119	GB: 147.752	Conf: 0.664744	Pts: 55172
Particle (2):: Fit: 134.622	PB: 134.622	LB: 147.184	GB: 147.752	Conf: 0.450874	Pts: 56061
Particle (5):: Fit: 138.063	PB: 138.063	LB: 147.184	GB: 147.752	Conf: 0.354464	Pts: 215368
Particle (19):: Fit: 137.633	PB: 137.633	LB: 141.603	GB: 147.752	Conf: 0.377173	Pts: 75867
Particle (5):: Fit: 138.378	PB: 138.378	LB: 147.184	GB: 147.752	Conf: 0.361174	Pts: 215462
Particle (11):: Fit: 147.621	PB: 147.621	LB: 147.752	GB: 147.752	Conf: 0.861031	Pts: 75558
Particle (38):: Fit: 139.469	PB: 139.469	LB: 140.119	GB: 147.752	Conf: 0.535597	Pts: 70252
Particle (29):: Fit: 135.858	PB: 135.858	LB: 142.13	GB: 147.752	Conf: 0.6291	Pts: 60543
Particle (43):: Fit: 143.797	PB: 143.797	LB: 143.797	GB: 147.752	Conf: 0.606175	Pts: 126050
Particle (49):: Fit: 133.712	PB: 133.712	LB: 147.184	GB: 147.752	Conf: 0.108879	Pts: 55440
Particle (15):: Fit: 139.394	PB: 139.394	LB: 147.752	GB: 147.752	Conf: 0.76279	Pts: 115422
Particle (19):: Fit: 142.383	PB: 142.383	LB: 142.383	GB: 147.752	Conf: 0.328558	Pts: 100927
Particle (29):: Fit: 138.182	PB: 138.182	LB: 142.13	GB: 147.752	Conf: 0.683907	Pts: 65616
Particle (42):: Fit: 137.199	PB: 137.199	LB: 143.797	GB: 147.752	Conf: 0.121866	Pts: 65821
Particle (21):: Fit: 145.202	PB: 145.202	LB: 145.202	GB: 147.752	Conf: 0.711233	Pts: 90721
Particle (36):: Fit: 135.191	PB: 135.191	LB: 140.119	GB: 147.752	Conf: 0.131524	Pts: 60802
Particle (32):: Fit: 146.51	PB: 146.51	LB: 146.51	GB: 147.752	Conf: 0.594327	Pts: 135611
Particle (18):: Fit: 136.899	PB: 136.899	LB: 147.752	GB: 147.752	Conf: 0.679033	Pts: 140507
Particle (12):: Fit: 132.442	PB: 132.442	LB: 147.752	GB: 147.752	Conf: 0.372841	Pts: 55700
Particle (34):: Fit: 136.382	PB: 136.382	LB: 146.51	GB: 147.752	Conf: 0.688078	Pts: 55302
Particle (46):: Fit: 138.368	PB: 138.368	LB: 143.797	GB: 147.752	Conf: 0.216726	Pts: 80797
Particle (36):: Fit: 137.189	PB: 137.189	LB: 146.51	GB: 147.752	Conf: 0.281924	Pts: 60882
Particle (40):: Fit: 136.683	PB: 136.683	LB: 143.797	GB: 147.752	Conf: 0.529025	Pts: 60481
Particle (28):: Fit: 136.109	PB: 136.109	LB: 146.51	GB: 147.752	Conf: 0.772878	Pts: 55677
Particle (35):: Fit: 140.248	PB: 140.248	LB: 146.51	GB: 147.752	Conf: 0.729167	Pts: 60877
Particle (31):: Fit: 138.046	PB: 138.046	LB: 146.51	GB: 147.752	Conf: 0.326356	Pts: 66367
Particle (18):: Fit: 139.625	PB: 139.625	LB: 147.752	GB: 147.752	Conf: 0.764282	Pts: 140564
Particle (2):: Fit: 141.842	PB: 141.842	LB: 147.184	GB: 147.752	Conf: 0.774313	Pts: 56048
Particle (48):: Fit: 137.576	PB: 137.576	LB: 147.184	GB: 147.752	Conf: 0.284786	Pts: 50756
Particle (41):: Fit: 144.115	PB: 144.115	LB: 144.115	GB: 147.752	Conf: 0.871552	Pts: 240559
Particle (37):: Fit: 136.682	PB: 136.682	LB: 144.115	GB: 147.752	Conf: 0.574136	Pts: 195142
Particle (47):: Fit: 147.155	PB: 147.155	LB: 147.155	GB: 147.752	Conf: 0.240047	Pts: 85652
Particle (4):: Fit: 135.073	PB: 135.073	LB: 147.184	GB: 147.752	Conf: 0.565284	Pts: 160455
Particle (12):: Fit: 141.256	PB: 141.256	LB: 147.752	GB: 147.752	Conf: 0.519208	Pts: 55749
Particle (45):: Fit: 137.021	PB: 137.021	LB: 147.155	GB: 147.752	Conf: 0.861298	Pts: 50321
Particle (34):: Fit: 136.606	PB: 136.606	LB: 146.51	GB: 147.752	Conf: 0.687555	Pts: 55317
Particle (15):: Fit: 141.023	PB: 141.023	LB: 147.752	GB: 147.752	Conf: 0.576335	Pts: 115408
Particle (37):: Fit: 137.12	PB: 137.12	LB: 144.115	GB: 147.752	Conf: 0.444144	Pts: 195186
Particle (33):: Fit: 134.72	PB: 134.72	LB: 146.51	GB: 147.752	Conf: 0.690044	Pts: 110687
Particle (27):: Fit: 143.412	PB: 143.412	LB: 146.51	GB: 147.752	Conf: 0.161657	Pts: 275061
Particle (33):: Fit: 137.897	PB: 137.897	LB: 146.51	GB: 147.752	Conf: 0.672579	Pts: 110764
Particle (48):: Fit: 137.659	PB: 137.659	LB: 147.184	GB: 147.752	Conf: 0.415069	Pts: 50772
Particle (48):: Fit: 142.416	PB: 142.416	LB: 147.184	GB: 147.752	Conf: 0.352247	Pts: 50855
Particle (0):: Fit: 140.647	PB: 140.647	LB: 147.184	GB: 147.752	Conf: 0.634801	Pts: 345253
Particle (34):: Fit: 138.639	PB: 138.639	LB: 146.51	GB: 147.752	Conf: 0.748981	Pts: 55353
Particle (25):: Fit: 144.499	PB: 144.499	LB: 145.202	GB: 147.752	Conf: 0.45845	Pts: 110727
Particle (29):: Fit: 140.665	PB: 140.665	LB: 146.51	GB: 147.752	Conf: 0.450573	Pts: 65517
Particle (49):: Fit: 139.887	PB: 139.887	LB: 147.184	GB: 147.752	Conf: 0.231154	Pts: 55322
Particle (45):: Fit: 138.141	PB: 138.141	LB: 147.155	GB: 147.752	Conf: 0.633379	Pts: 50314
Particle (49):: Fit: 144.614	PB: 144.614	LB: 147.184	GB: 147.752	Conf: 0.624289	Pts: 55414
Particle (7):: Fit: 141.994	PB: 141.994	LB: 147.621	GB: 147.752	Conf: 0.715418	Pts: 60106
Particle (10):: Fit: 138.28	PB: 138.28	LB: 147.752	GB: 147.752	Conf: 0.770044	Pts: 74994
Particle (37):: Fit: 140.067	PB: 140.067	LB: 144.115	GB: 147.752	Conf: 0.380039	Pts: 195195
Particle (21):: Fit: 145.637	PB: 145.637	LB: 145.637	GB: 147.752	Conf: 0.627641	Pts: 125595
Particle (30):: Fit: 136.75	PB: 136.75	LB: 146.51	GB: 147.752	Conf: 0.212288	Pts: 75287
Particle (31):: Fit: 142.55	PB: 142.55	LB: 146.51	GB: 147.752	Conf: 0.714878	Pts: 66267
Particle (10):: Fit: 142.927	PB: 142.927	LB: 147.752	GB: 147.752	Conf: 0.813616	Pts: 75041
Particle (18):: Fit: 141.627	PB: 141.627	LB: 147.752	GB: 147.752	Conf: 0.793714	Pts: 140448
Particle (37):: Fit: 143.791	PB: 143.791	LB: 144.115	GB: 147.752	Conf: 0.589956	Pts: 195229
Particle (38):: Fit: 142.263	PB: 142.263	LB: 144.115	GB: 147.752	Conf: 0.147482	Pts: 70034
Particle (21):: Fit: 145.769	PB: 145.769	LB: 145.769	GB: 147.752	Conf: 0.734088	Pts: 160638
Particle (16):: Fit: 136.749	PB: 136.749	LB: 147.752	GB: 147.752	Conf: 0.866205	Pts: 55520
Particle (36):: Fit: 142.763	PB: 142.763	LB: 146.51	GB: 147.752	Conf: 0.374426	Pts: 60697
Particle (42):: Fit: 142.699	PB: 142.699	LB: 147.155	GB: 147.752	Conf: 0.718352	Pts: 65601
Particle (40):: Fit: 140.144	PB: 140.144	LB: 144.115	GB: 147.752	Conf: 0.504229	Pts: 60298
Particle (42):: Fit: 142.707	PB: 142.707	LB: 147.155	GB: 147.752	Conf: 0.401702	Pts: 65688
Particle (4):: Fit: 136.813	PB: 136.813	LB: 147.184	GB: 147.752	Conf: 0.519199	Pts: 160290
Particle (8):: Fit: 148.308	PB: 148.308	LB: 148.308	GB: 148.308	Conf: 0.623819	Pts: 460056
Global: 148.308 - Correct: 71% of 100 tests
Global Best: 
  Inner Net 1
  -- 1 : 1 = 0.903555
  -- 1 : 2 = 0.244723
  -- 1 : 3 = -0.120981
  -- 1 : 4 = 0.344719
  -- 1 : 5 = 0.16078
  -- 1 : 6 = 0.0659173
  -- 1 : 7 = -0.0158169
  -- 1 : 8 = -0.234784
  -- 1 : 9 = 0.630867
  -- 2 : 1 = -0.411213
  -- 2 : 2 = -0.141429
  -- 2 : 3 = 0.0425867
  -- 2 : 4 = 0.044056
  -- 2 : 5 = -0.310772
  -- 2 : 6 = 0.259737
  -- 2 : 7 = 0.396481
  -- 2 : 8 = 0.329553
  -- 2 : 9 = -0.211732
  -- 3 : 1 = 0.754213
  -- 3 : 2 = 0.10024
  -- 3 : 3 = 0.449718
  -- 3 : 4 = 0.195481
  -- 3 : 5 = 0.25217
  -- 3 : 6 = 0.103847
  -- 3 : 7 = 0.00544714
  -- 3 : 8 = -0.247705
  -- 3 : 9 = -0.10304
  -- 4 : 1 = -0.128942
  -- 4 : 2 = 0.023266
  -- 4 : 3 = 0.56663
  -- 4 : 4 = 0.106032
  -- 4 : 5 = 0.0121014
  -- 4 : 6 = -0.0197728
  -- 4 : 7 = 0.318508
  -- 4 : 8 = 0.514605
  -- 4 : 9 = 0.287957
  -- 5 : 1 = 0.243581
  -- 5 : 2 = 0.201272
  -- 5 : 3 = 0.0806561
  -- 5 : 4 = 0.0235391
  -- 5 : 5 = 0.450438
  -- 5 : 6 = 0.202092
  -- 5 : 7 = 0.108287
  -- 5 : 8 = -0.0829986
  -- 5 : 9 = 0.00628748
  -- 6 : 1 = 0.292564
  -- 6 : 2 = 0.295494
  -- 6 : 3 = -0.173019
  -- 6 : 4 = 0.169432
  -- 6 : 5 = 0.355848
  -- 6 : 6 = 0.108543
  -- 6 : 7 = 0.353502
  -- 6 : 8 = 0.495379
  -- 6 : 9 = -0.047511
  -- 7 : 1 = 0.270545
  -- 7 : 2 = 0.96277
  -- 7 : 3 = 0.622306
  -- 7 : 4 = 0.226163
  -- 7 : 5 = -0.257438
  -- 7 : 6 = 0.0215425
  -- 7 : 7 = 0.429826
  -- 7 : 8 = 0.214963
  -- 7 : 9 = 0.591276
  -- 8 : 1 = -0.165262
  -- 8 : 2 = -0.231041
  -- 8 : 3 = 0.247711
  -- 8 : 4 = 0.13097
  -- 8 : 5 = 0.342248
  -- 8 : 6 = 0.0994545
  -- 8 : 7 = 0.358364
  -- 8 : 8 = 0.353593
  -- 8 : 9 = 0.477895
  -- 9 : 1 = 0.127099
  -- 9 : 2 = -0.17058
  -- 9 : 3 = 0.377118
  -- 9 : 4 = -0.139025
  -- 9 : 5 = 0.423126
  -- 9 : 6 = 0.226957
  -- 9 : 7 = 0.189191
  -- 9 : 8 = -0.203646
  -- 9 : 9 = -0.139399
  -- 10 : 1 = 0.144179
  -- 10 : 2 = 0.187056
  -- 10 : 3 = -1
  -- 10 : 4 = 0.5
  -- 10 : 5 = -0.15577
  -- 10 : 6 = -0.00668187
  -- 10 : 7 = -0.101005
  -- 10 : 8 = -0.0461091
  -- 10 : 9 = 0.193361
  Inner Net 2
  -- 1 : 1 = -0.157213
  -- 1 : 2 = -0.131253
  -- 2 : 1 = -0.0771428
  -- 2 : 2 = -0.180831
  -- 3 : 1 = -0.18006
  -- 3 : 2 = -0.239763
  -- 4 : 1 = -0.41408
  -- 4 : 2 = -0.286344
  -- 5 : 1 = -0.0563488
  -- 5 : 2 = 0.158424
  -- 6 : 1 = -0.620031
  -- 6 : 2 = 0.28754
  -- 7 : 1 = 0.150595
  -- 7 : 2 = -0.0914822
  -- 8 : 1 = -0.233625
  -- 8 : 2 = 0.0362814
  -- 9 : 1 = -0.090273
  -- 9 : 2 = -0.37443
Out\Act	False		True
False	0.257496	0.584484	0.84198
True	0.0233222	0.134698	0.15802
	0.280819	0.719181
	Accuracy [ (tp + tn) / testSize ]: 0.392194
	Precision [ tp / (tp + fp) ]:      0.187169
	Sensitivity [ tp / (tp + fn) ]:    0.84985
	Specificity [ tn / (tn + fp) ]:    0.30565
	F-Score [ 2tp / (2tp + fp + fn) ]: 0.306941
Particle (26):: Fit: 141.808	PB: 141.808	LB: 144.499	GB: 148.308	Conf: 0.395813	Pts: 60342
Particle (34):: Fit: 143.261	PB: 143.261	LB: 146.51	GB: 148.308	Conf: 0.444915	Pts: 55225
Particle (28):: Fit: 136.802	PB: 136.802	LB: 146.51	GB: 148.308	Conf: 0.176648	Pts: 55380
Particle (33):: Fit: 139.094	PB: 139.094	LB: 146.51	GB: 148.308	Conf: 0.69877	Pts: 110569
Particle (4):: Fit: 141.761	PB: 141.761	LB: 148.308	GB: 148.308	Conf: 0.400552	Pts: 160279
Particle (30):: Fit: 137.031	PB: 137.031	LB: 146.51	GB: 148.308	Conf: 0.735386	Pts: 75171
Particle (46):: Fit: 141.792	PB: 141.792	LB: 147.155	GB: 148.308	Conf: 0.551454	Pts: 80460
Particle (37):: Fit: 147.214	PB: 147.214	LB: 147.214	GB: 148.308	Conf: 0.499931	Pts: 245146
Particle (45):: Fit: 140.642	PB: 140.642	LB: 147.155	GB: 148.308	Conf: 0.790585	Pts: 50154
Particle (13):: Fit: 138.267	PB: 138.267	LB: 147.752	GB: 148.308	Conf: 0.144411	Pts: 75616
Particle (30):: Fit: 138.622	PB: 138.622	LB: 146.51	GB: 148.308	Conf: 0.252517	Pts: 75158
Particle (23):: Fit: 141.206	PB: 141.206	LB: 145.769	GB: 148.308	Conf: 0.205933	Pts: 129522
Particle (16):: Fit: 138.898	PB: 138.898	LB: 147.752	GB: 148.308	Conf: 0.534512	Pts: 55293
Particle (34):: Fit: 148.108	PB: 148.108	LB: 148.108	GB: 148.308	Conf: 0.659315	Pts: 105084
Particle (16):: Fit: 142.477	PB: 142.477	LB: 147.752	GB: 148.308	Conf: 0.350068	Pts: 55377
Particle (19):: Fit: 149.547	PB: 149.547	LB: 149.547	GB: 149.547	Conf: 0.549558	Pts: 160354
Global: 149.547 - Correct: 76% of 100 tests
Global Best: 
  Inner Net 1
  -- 1 : 1 = 0.828214
  -- 1 : 2 = 0.262439
  -- 1 : 3 = -0.0630523
  -- 1 : 4 = -0.0887655
  -- 1 : 5 = 0.0250891
  -- 1 : 6 = -0.102396
  -- 1 : 7 = 0.0570556
  -- 1 : 8 = 0.137354
  -- 1 : 9 = 0.0476385
  -- 2 : 1 = 0.229298
  -- 2 : 2 = 0.0218955
  -- 2 : 3 = -0.2365
  -- 2 : 4 = 0.383027
  -- 2 : 5 = -0.287085
  -- 2 : 6 = 0.150529
  -- 2 : 7 = -0.242807
  -- 2 : 8 = -0.338358
  -- 2 : 9 = -0.00749773
  -- 3 : 1 = 0.528322
  -- 3 : 2 = 0.203744
  -- 3 : 3 = 0.402897
  -- 3 : 4 = 0.279166
  -- 3 : 5 = -0.0774922
  -- 3 : 6 = 0.0535951
  -- 3 : 7 = 0.261664
  -- 3 : 8 = -0.13294
  -- 3 : 9 = 0.399809
  -- 4 : 1 = -0.242225
  -- 4 : 2 = -0.151042
  -- 4 : 3 = 0.121864
  -- 4 : 4 = -0.299034
  -- 4 : 5 = -0.0173951
  -- 4 : 6 = 0.456515
  -- 4 : 7 = 0.349714
  -- 4 : 8 = -0.0587756
  -- 4 : 9 = 0.389233
  -- 5 : 1 = 0.0185195
  -- 5 : 2 = -0.0196018
  -- 5 : 3 = -0.0347315
  -- 5 : 4 = 0.0301674
  -- 5 : 5 = -0.0872265
  -- 5 : 6 = 0.139272
  -- 5 : 7 = 0.231419
  -- 5 : 8 = 0.0859285
  -- 5 : 9 = -0.140029
  -- 6 : 1 = 0.52083
  -- 6 : 2 = -0.365096
  -- 6 : 3 = -0.345656
  -- 6 : 4 = -0.0233518
  -- 6 : 5 = 0.235512
  -- 6 : 6 = 0.0808778
  -- 6 : 7 = 0.117167
  -- 6 : 8 = -0.149328
  -- 6 : 9 = 0.394294
  -- 7 : 1 = -0.236885
  -- 7 : 2 = 0.442943
  -- 7 : 3 = 0.00701969
  -- 7 : 4 = 0.353571
  -- 7 : 5 = -0.357625
  -- 7 : 6 = 0.324702
  -- 7 : 7 = 0.212707
  -- 7 : 8 = -0.00531094
  -- 7 : 9 = 0.3336
  -- 8 : 1 = 0.202318
  -- 8 : 2 = 0.580005
  -- 8 : 3 = 0.0757175
  -- 8 : 4 = 0.271549
  -- 8 : 5 = 0.473096
  -- 8 : 6 = -0.114204
  -- 8 : 7 = -0.286988
  -- 8 : 8 = 0.180189
  -- 8 : 9 = 0.615693
  -- 9 : 1 = -0.0608479
  -- 9 : 2 = 0.468049
  -- 9 : 3 = -0.0458129
  -- 9 : 4 = -0.103928
  -- 9 : 5 = 0.233267
  -- 9 : 6 = 0.137213
  -- 9 : 7 = 0.426085
  -- 9 : 8 = 0.00930796
  -- 9 : 9 = 0.029722
  -- 10 : 1 = -0.261386
  -- 10 : 2 = 0.316738
  -- 10 : 3 = -0.0563231
  -- 10 : 4 = 0.0573028
  -- 10 : 5 = -0.0356954
  -- 10 : 6 = -0.0438395
  -- 10 : 7 = -0.131571
  -- 10 : 8 = 0.0680831
  -- 10 : 9 = 0.0873079
  Inner Net 2
  -- 1 : 1 = 0.282165
  -- 1 : 2 = 0.182014
  -- 2 : 1 = 0.0849566
  -- 2 : 2 = 0.122151
  -- 3 : 1 = -0.0700945
  -- 3 : 2 = 0.0527731
  -- 4 : 1 = -0.572459
  -- 4 : 2 = -0.0111228
  -- 5 : 1 = -0.247904
  -- 5 : 2 = -0.0281921
  -- 6 : 1 = -0.322283
  -- 6 : 2 = -0.740052
  -- 7 : 1 = 0.074242
  -- 7 : 2 = -0.319743
  -- 8 : 1 = 0.375723
  -- 8 : 2 = 0.214239
  -- 9 : 1 = -0.0798112
  -- 9 : 2 = -0.400354
Out\Act	False		True
False	0.473108	0.368872	0.84198
True	0.0514041	0.106616	0.15802
	0.524512	0.475488
	Accuracy [ (tp + tn) / testSize ]: 0.579724
	Precision [ tp / (tp + fp) ]:      0.224
	Sensitivity [ tp / (tp + fn) ]:    0.672673
	Specificity [ tn / (tn + fp) ]:    0.561582
	F-Score [ 2tp / (2tp + fp + fn) ]: 0.336336
Particle (22):: Fit: 140.644	PB: 140.644	LB: 149.547	GB: 149.547	Conf: 0.157236	Pts: 110314
Particle (22):: Fit: 141.67	PB: 141.67	LB: 149.547	GB: 149.547	Conf: 0.277487	Pts: 110410
Particle (29):: Fit: 141.913	PB: 141.913	LB: 148.108	GB: 149.547	Conf: 0.551924	Pts: 65106
Particle (33):: Fit: 139.266	PB: 139.266	LB: 148.108	GB: 149.547	Conf: 0.664437	Pts: 110392
Particle (17):: Fit: 143.267	PB: 143.267	LB: 149.547	GB: 149.547	Conf: 0.442414	Pts: 159781
Particle (1):: Fit: 145.624	PB: 145.624	LB: 147.184	GB: 149.547	Conf: 0.696661	Pts: 110067
Particle (39):: Fit: 139.688	PB: 139.688	LB: 147.214	GB: 149.547	Conf: 0.228028	Pts: 105096
Particle (1):: Fit: 146.915	PB: 146.915	LB: 147.184	GB: 149.547	Conf: 0.833213	Pts: 110118
Particle (0):: Fit: 148.796	PB: 148.796	LB: 148.796	GB: 149.547	Conf: 0.625238	Pts: 394699
Particle (5):: Fit: 139.197	PB: 139.197	LB: 148.308	GB: 149.547	Conf: 0.343877	Pts: 214687
Particle (18):: Fit: 146.875	PB: 146.875	LB: 149.547	GB: 149.547	Conf: 0.846644	Pts: 139924
Particle (41):: Fit: 146.406	PB: 146.406	LB: 147.214	GB: 149.547	Conf: 0.813342	Pts: 239805
Particle (30):: Fit: 139.011	PB: 139.011	LB: 148.108	GB: 149.547	Conf: 0.281407	Pts: 74837
Particle (38):: Fit: 143.297	PB: 143.297	LB: 148.108	GB: 149.547	Conf: 0.909069	Pts: 69400
Particle (28):: Fit: 137.199	PB: 137.199	LB: 146.51	GB: 149.547	Conf: 0.778738	Pts: 54878
Particle (36):: Fit: 148.256	PB: 148.256	LB: 148.256	GB: 149.547	Conf: 0.356199	Pts: 110078
Particle (48):: Fit: 142.783	PB: 142.783	LB: 148.796	GB: 149.547	Conf: 0.472093	Pts: 50054
Particle (17):: Fit: 148.108	PB: 148.108	LB: 149.547	GB: 149.547	Conf: 0.531041	Pts: 164462
Particle (26):: Fit: 142.688	PB: 142.688	LB: 144.499	GB: 149.547	Conf: 0.353547	Pts: 59618
Particle (13):: Fit: 140.142	PB: 140.142	LB: 148.108	GB: 149.547	Conf: 0.906273	Pts: 75033
Particle (9):: Fit: 142.967	PB: 142.967	LB: 148.308	GB: 149.547	Conf: 0.596889	Pts: 54322
Particle (5):: Fit: 146.164	PB: 146.164	LB: 148.308	GB: 149.547	Conf: 0.333166	Pts: 214295
Particle (28):: Fit: 143.188	PB: 143.188	LB: 146.51	GB: 149.547	Conf: 0.0847994	Pts: 54668
Particle (2):: Fit: 151.653	PB: 151.653	LB: 151.653	GB: 151.653	Conf: 0.499783	Pts: 114842
Global: 151.653 - Correct: 73% of 100 tests
Global Best: 
  Inner Net 1
  -- 1 : 1 = -0.0346879
  -- 1 : 2 = 0.164126
  -- 1 : 3 = 0.0478466
  -- 1 : 4 = -0.0293384
  -- 1 : 5 = -0.0493374
  -- 1 : 6 = 0.554619
  -- 1 : 7 = -0.207942
  -- 1 : 8 = -0.13164
  -- 1 : 9 = 0.0977765
  -- 2 : 1 = -0.0619357
  -- 2 : 2 = -0.0389756
  -- 2 : 3 = -0.301924
  -- 2 : 4 = 0.297368
  -- 2 : 5 = 0.228576
  -- 2 : 6 = -0.123483
  -- 2 : 7 = 0.124443
  -- 2 : 8 = 0.316257
  -- 2 : 9 = -0.130374
  -- 3 : 1 = 0.353138
  -- 3 : 2 = 0.132154
  -- 3 : 3 = -0.0754776
  -- 3 : 4 = -0.302849
  -- 3 : 5 = -0.343574
  -- 3 : 6 = 0.172933
  -- 3 : 7 = 0.198926
  -- 3 : 8 = 0.13716
  -- 3 : 9 = -0.248517
  -- 4 : 1 = 0.0519929
  -- 4 : 2 = -0.0629513
  -- 4 : 3 = -0.104925
  -- 4 : 4 = -0.314938
  -- 4 : 5 = 0.0955888
  -- 4 : 6 = -0.0737259
  -- 4 : 7 = 0.11338
  -- 4 : 8 = -0.0954997
  -- 4 : 9 = -0.208111
  -- 5 : 1 = 0.631559
  -- 5 : 2 = 0.427767
  -- 5 : 3 = -0.0423285
  -- 5 : 4 = -0.197447
  -- 5 : 5 = -0.0630777
  -- 5 : 6 = -0.117894
  -- 5 : 7 = 0.591458
  -- 5 : 8 = -0.226101
  -- 5 : 9 = 0.118164
  -- 6 : 1 = -0.0188976
  -- 6 : 2 = -0.298379
  -- 6 : 3 = -0.648688
  -- 6 : 4 = -0.584882
  -- 6 : 5 = 0.091728
  -- 6 : 6 = -0.368908
  -- 6 : 7 = -0.152555
  -- 6 : 8 = -0.0846625
  -- 6 : 9 = -0.390819
  -- 7 : 1 = 0.215311
  -- 7 : 2 = 0.00984648
  -- 7 : 3 = -0.127476
  -- 7 : 4 = 0.216788
  -- 7 : 5 = 0.0883709
  -- 7 : 6 = 0.0436854
  -- 7 : 7 = -0.046223
  -- 7 : 8 = 0.425791
  -- 7 : 9 = -0.154875
  -- 8 : 1 = -0.271928
  -- 8 : 2 = 0.380505
  -- 8 : 3 = 0.399028
  -- 8 : 4 = -0.00367214
  -- 8 : 5 = 0.123099
  -- 8 : 6 = 0.161755
  -- 8 : 7 = -0.380273
  -- 8 : 8 = 0.0763141
  -- 8 : 9 = 0.248084
  -- 9 : 1 = -0.251018
  -- 9 : 2 = 0.3576
  -- 9 : 3 = 0.185549
  -- 9 : 4 = 0.128414
  -- 9 : 5 = 0.0397906
  -- 9 : 6 = -0.267623
  -- 9 : 7 = -0.121779
  -- 9 : 8 = -0.314687
  -- 9 : 9 = 0.0277587
  -- 10 : 1 = -0.174171
  -- 10 : 2 = 0.327056
  -- 10 : 3 = -0.115304
  -- 10 : 4 = -0.0937562
  -- 10 : 5 = -0.138537
  -- 10 : 6 = 0.0142805
  -- 10 : 7 = 0.083826
  -- 10 : 8 = 0.193218
  -- 10 : 9 = 0.0485269
  Inner Net 2
  -- 1 : 1 = -0.215028
  -- 1 : 2 = 0.00356656
  -- 2 : 1 = -0.330333
  -- 2 : 2 = 0.597625
  -- 3 : 1 = -0.071452
  -- 3 : 2 = 0.430084
  -- 4 : 1 = 0.169266
  -- 4 : 2 = 0.145011
  -- 5 : 1 = -0.116975
  -- 5 : 2 = -0.164229
  -- 6 : 1 = -0.291683
  -- 6 : 2 = -0.146815
  -- 7 : 1 = -0.106404
  -- 7 : 2 = -0.0308115
  -- 8 : 1 = -0.531274
  -- 8 : 2 = 0.0907033
  -- 9 : 1 = 0.916067
  -- 9 : 2 = -0.265457
Out\Act	False		True
False	0.233222	0.608758	0.84198
True	0.0233222	0.134698	0.15802
	0.256545	0.743455
	Accuracy [ (tp + tn) / testSize ]: 0.36792
	Precision [ tp / (tp + fp) ]:      0.181062
	Sensitivity [ tp / (tp + fn) ]:    0.84985
	Specificity [ tn / (tn + fp) ]:    0.276836
	F-Score [ 2tp / (2tp + fp + fn) ]: 0.298681
Particle (46):: Fit: 148.558	PB: 148.558	LB: 148.796	GB: 151.653	Conf: 0.454945	Pts: 99617
Particle (39):: Fit: 142.757	PB: 142.757	LB: 148.256	GB: 151.653	Conf: 0.463489	Pts: 104571
Particle (0):: Fit: 150.287	PB: 150.287	LB: 151.653	GB: 151.653	Conf: 0.200847	Pts: 404157
Particle (12):: Fit: 145.275	PB: 145.275	LB: 148.308	GB: 151.653	Conf: 0.699615	Pts: 54386
Particle (23):: Fit: 143.633	PB: 143.633	LB: 149.547	GB: 151.653	Conf: 0.403009	Pts: 128677
Particle (7):: Fit: 142.671	PB: 142.671	LB: 148.308	GB: 151.653	Conf: 0.550797	Pts: 58853
Particle (30):: Fit: 146.675	PB: 146.675	LB: 148.108	GB: 151.653	Conf: 0.360855	Pts: 94272
Particle (31):: Fit: 145.044	PB: 145.044	LB: 148.256	GB: 151.653	Conf: 0.395723	Pts: 64887
Particle (45):: Fit: 141.112	PB: 141.112	LB: 150.287	GB: 151.653	Conf: 0.74778	Pts: 48955
Particle (13):: Fit: 140.465	PB: 140.465	LB: 148.108	GB: 151.653	Conf: 0.64548	Pts: 74513
Particle (15):: Fit: 141.277	PB: 141.277	LB: 149.547	GB: 151.653	Conf: 0.606331	Pts: 113769
Particle (6):: Fit: 143.008	PB: 143.008	LB: 151.653	GB: 151.653	Conf: 0.75941	Pts: 53474
Particle (42):: Fit: 146.807	PB: 146.807	LB: 148.558	GB: 151.653	Conf: 0.829384	Pts: 64172
Particle (33):: Fit: 141.323	PB: 141.323	LB: 148.256	GB: 151.653	Conf: 0.661725	Pts: 109185
Particle (11):: Fit: 151.126	PB: 151.126	LB: 151.126	GB: 151.653	Conf: 0.558444	Pts: 118616
Particle (26):: Fit: 145.586	PB: 145.586	LB: 146.675	GB: 151.653	Conf: 0.724492	Pts: 58931
Particle (40):: Fit: 142.772	PB: 142.772	LB: 148.256	GB: 151.653	Conf: 0.455556	Pts: 58673
Particle (33):: Fit: 144.518	PB: 144.518	LB: 148.256	GB: 151.653	Conf: 0.679926	Pts: 109186
Global Best: 
  Inner Net 1
  -- 1 : 1 = -0.0346879
  -- 1 : 2 = 0.164126
  -- 1 : 3 = 0.0478466
  -- 1 : 4 = -0.0293384
  -- 1 : 5 = -0.0493374
  -- 1 : 6 = 0.554619
  -- 1 : 7 = -0.207942
  -- 1 : 8 = -0.13164
  -- 1 : 9 = 0.0977765
  -- 2 : 1 = -0.0619357
  -- 2 : 2 = -0.0389756
  -- 2 : 3 = -0.301924
  -- 2 : 4 = 0.297368
  -- 2 : 5 = 0.228576
  -- 2 : 6 = -0.123483
  -- 2 : 7 = 0.124443
  -- 2 : 8 = 0.316257
  -- 2 : 9 = -0.130374
  -- 3 : 1 = 0.353138
  -- 3 : 2 = 0.132154
  -- 3 : 3 = -0.0754776
  -- 3 : 4 = -0.302849
  -- 3 : 5 = -0.343574
  -- 3 : 6 = 0.172933
  -- 3 : 7 = 0.198926
  -- 3 : 8 = 0.13716
  -- 3 : 9 = -0.248517
  -- 4 : 1 = 0.0519929
  -- 4 : 2 = -0.0629513
  -- 4 : 3 = -0.104925
  -- 4 : 4 = -0.314938
  -- 4 : 5 = 0.0955888
  -- 4 : 6 = -0.0737259
  -- 4 : 7 = 0.11338
  -- 4 : 8 = -0.0954997
  -- 4 : 9 = -0.208111
  -- 5 : 1 = 0.631559
  -- 5 : 2 = 0.427767
  -- 5 : 3 = -0.0423285
  -- 5 : 4 = -0.197447
  -- 5 : 5 = -0.0630777
  -- 5 : 6 = -0.117894
  -- 5 : 7 = 0.591458
  -- 5 : 8 = -0.226101
  -- 5 : 9 = 0.118164
  -- 6 : 1 = -0.0188976
  -- 6 : 2 = -0.298379
  -- 6 : 3 = -0.648688
  -- 6 : 4 = -0.584882
  -- 6 : 5 = 0.091728
  -- 6 : 6 = -0.368908
  -- 6 : 7 = -0.152555
  -- 6 : 8 = -0.0846625
  -- 6 : 9 = -0.390819
  -- 7 : 1 = 0.215311
  -- 7 : 2 = 0.00984648
  -- 7 : 3 = -0.127476
  -- 7 : 4 = 0.216788
  -- 7 : 5 = 0.0883709
  -- 7 : 6 = 0.0436854
  -- 7 : 7 = -0.046223
  -- 7 : 8 = 0.425791
  -- 7 : 9 = -0.154875
  -- 8 : 1 = -0.271928
  -- 8 : 2 = 0.380505
  -- 8 : 3 = 0.399028
  -- 8 : 4 = -0.00367214
  -- 8 : 5 = 0.123099
  -- 8 : 6 = 0.161755
  -- 8 : 7 = -0.380273
  -- 8 : 8 = 0.0763141
  -- 8 : 9 = 0.248084
  -- 9 : 1 = -0.251018
  -- 9 : 2 = 0.3576
  -- 9 : 3 = 0.185549
  -- 9 : 4 = 0.128414
  -- 9 : 5 = 0.0397906
  -- 9 : 6 = -0.267623
  -- 9 : 7 = -0.121779
  -- 9 : 8 = -0.314687
  -- 9 : 9 = 0.0277587
  -- 10 : 1 = -0.174171
  -- 10 : 2 = 0.327056
  -- 10 : 3 = -0.115304
  -- 10 : 4 = -0.0937562
  -- 10 : 5 = -0.138537
  -- 10 : 6 = 0.0142805
  -- 10 : 7 = 0.083826
  -- 10 : 8 = 0.193218
  -- 10 : 9 = 0.0485269
  Inner Net 2
  -- 1 : 1 = -0.215028
  -- 1 : 2 = 0.00356656
  -- 2 : 1 = -0.330333
  -- 2 : 2 = 0.597625
  -- 3 : 1 = -0.071452
  -- 3 : 2 = 0.430084
  -- 4 : 1 = 0.169266
  -- 4 : 2 = 0.145011
  -- 5 : 1 = -0.116975
  -- 5 : 2 = -0.164229
  -- 6 : 1 = -0.291683
  -- 6 : 2 = -0.146815
  -- 7 : 1 = -0.106404
  -- 7 : 2 = -0.0308115
  -- 8 : 1 = -0.531274
  -- 8 : 2 = 0.0907033
  -- 9 : 1 = 0.916067
  -- 9 : 2 = -0.265457
Out\Act	False		True
False	0.233222	0.608758	0.84198
True	0.0233222	0.134698	0.15802
	0.256545	0.743455
	Accuracy [ (tp + tn) / testSize ]: 0.36792
	Precision [ tp / (tp + fp) ]:      0.181062
	Sensitivity [ tp / (tp + fn) ]:    0.84985
	Specificity [ tn / (tn + fp) ]:    0.276836
	F-Score [ 2tp / (2tp + fp + fn) ]: 0.298681
