
Date / Time: Thu Mar 30 23:48:34 2017

   ****************************************
   * PSO Neural Net (Gaussian Activation) *
   *       by William Boler, BSCE         *
   *     Research Assistant, IUPUI        *
   *                                      *
   *  Professor: Dr. Lauren Christopher   *
   *     Created: March 13, 2017          *
   ****************************************


Inputs: 10
Inner Nets: 1
 - 10
Tests per train(min): 10
Particles: 50
Neighbors: 10
Minimum Particle Iterations: 1000
Particle (0):: Fit: 23.9184	PB: 23.9184	LB: 23.9184	GB: 23.9184	Conf: 2	Pts: 110099
Particle (1):: Fit: 29.0891	PB: 29.0891	LB: 29.0891	GB: 29.0891	Conf: 2	Pts: 110099
Particle (2):: Fit: 7.03118	PB: 7.03118	LB: 29.0891	GB: 29.0891	Conf: 0.873012	Pts: 55099
Particle (3):: Fit: 20.9013	PB: 20.9013	LB: 29.0891	GB: 29.0891	Conf: 2	Pts: 60099
Particle (4):: Fit: 29.5335	PB: 29.5335	LB: 29.5335	GB: 29.5335	Conf: 0.428906	Pts: 110099
Particle (5):: Fit: 26.6129	PB: 26.6129	LB: 29.5335	GB: 29.5335	Conf: 2	Pts: 55099
Particle (6):: Fit: 26.6129	PB: 26.6129	LB: 29.5335	GB: 29.5335	Conf: 2	Pts: 55099
Particle (7):: Fit: 19.0231	PB: 19.0231	LB: 29.5335	GB: 29.5335	Conf: 1.86003	Pts: 55099
Particle (8):: Fit: 23.874	PB: 23.874	LB: 29.5335	GB: 29.5335	Conf: 1.81325	Pts: 60099
Particle (9):: Fit: 26.6129	PB: 26.6129	LB: 26.6129	GB: 29.5335	Conf: 2	Pts: 65099
Particle (10):: Fit: 20.8451	PB: 20.8451	LB: 26.6129	GB: 29.5335	Conf: 0.678351	Pts: 55099
Particle (11):: Fit: 25.4101	PB: 25.4101	LB: 26.6129	GB: 29.5335	Conf: 1.66472	Pts: 60099
Particle (12):: Fit: 23.9184	PB: 23.9184	LB: 26.6129	GB: 29.5335	Conf: 2	Pts: 55099
Particle (13):: Fit: 32.3928	PB: 32.3928	LB: 32.3928	GB: 32.3928	Conf: 0.727165	Pts: 110099
Particle (14):: Fit: 26.6129	PB: 26.6129	LB: 32.3928	GB: 32.3928	Conf: 2	Pts: 55099
Particle (15):: Fit: 26.6678	PB: 26.6678	LB: 32.3928	GB: 32.3928	Conf: 1.27362	Pts: 60099
Particle (16):: Fit: 23.9184	PB: 23.9184	LB: 32.3928	GB: 32.3928	Conf: 2	Pts: 55099
Particle (17):: Fit: 26.934	PB: 26.934	LB: 32.3928	GB: 32.3928	Conf: 0.29683	Pts: 70099
Particle (18):: Fit: 17.4048	PB: 17.4048	LB: 26.934	GB: 32.3928	Conf: 0.938842	Pts: 55099
Particle (19):: Fit: 29.485	PB: 29.485	LB: 29.485	GB: 32.3928	Conf: 0.994772	Pts: 80099
Particle (20):: Fit: 20.9013	PB: 20.9013	LB: 29.485	GB: 32.3928	Conf: 2	Pts: 55099
Particle (21):: Fit: 20.9013	PB: 20.9013	LB: 29.485	GB: 32.3928	Conf: 2	Pts: 55099
Particle (22):: Fit: 23.9936	PB: 23.9936	LB: 29.485	GB: 32.3928	Conf: 0.973226	Pts: 65099
Particle (23):: Fit: 17.3196	PB: 17.3196	LB: 29.485	GB: 32.3928	Conf: 2	Pts: 55099
Particle (24):: Fit: 26.5217	PB: 26.5217	LB: 26.5217	GB: 32.3928	Conf: 0.737122	Pts: 75099
Particle (25):: Fit: 23.9184	PB: 23.9184	LB: 26.5217	GB: 32.3928	Conf: 2	Pts: 55099
Particle (26):: Fit: 30.6883	PB: 30.6883	LB: 30.6883	GB: 32.3928	Conf: 1.89592	Pts: 100099
Particle (27):: Fit: 26.6129	PB: 26.6129	LB: 30.6883	GB: 32.3928	Conf: 2	Pts: 55099
Particle (28):: Fit: 25.4968	PB: 25.4968	LB: 30.6883	GB: 32.3928	Conf: 1.82623	Pts: 55099
Particle (29):: Fit: 23.9184	PB: 23.9184	LB: 30.6883	GB: 32.3928	Conf: 2	Pts: 55099
Particle (30):: Fit: 23.461	PB: 23.461	LB: 30.6883	GB: 32.3928	Conf: 0.709182	Pts: 55099
Particle (31):: Fit: 42.9438	PB: 42.9438	LB: 42.9438	GB: 42.9438	Conf: 1.51469	Pts: 110099
Particle (32):: Fit: 29.6192	PB: 29.6192	LB: 42.9438	GB: 42.9438	Conf: 0.326351	Pts: 55099
Particle (33):: Fit: 26.7585	PB: 26.7585	LB: 42.9438	GB: 42.9438	Conf: 0.450501	Pts: 55099
Particle (34):: Fit: 65.582	PB: 65.582	LB: 65.582	GB: 65.582	Conf: 0.715808	Pts: 110099
Particle (35):: Fit: 26.6129	PB: 26.6129	LB: 65.582	GB: 65.582	Conf: 2	Pts: 55099
Particle (36):: Fit: 5.22525	PB: 5.22525	LB: 65.582	GB: 65.582	Conf: 0.0353189	Pts: 55099
Particle (37):: Fit: 6.10381	PB: 6.10381	LB: 65.582	GB: 65.582	Conf: 0.977235	Pts: 60099
Particle (38):: Fit: 26.7946	PB: 26.7946	LB: 65.582	GB: 65.582	Conf: 0.125177	Pts: 70099
Particle (39):: Fit: 26.6129	PB: 26.6129	LB: 26.7946	GB: 65.582	Conf: 2	Pts: 55099
Particle (40):: Fit: 48.869	PB: 48.869	LB: 48.869	GB: 65.582	Conf: 1.25902	Pts: 80099
Particle (41):: Fit: 22.1698	PB: 22.1698	LB: 48.869	GB: 65.582	Conf: 0.833434	Pts: 50099
Particle (42):: Fit: 24.0855	PB: 24.0855	LB: 48.869	GB: 65.582	Conf: 0.493029	Pts: 55099
Particle (43):: Fit: 23.9184	PB: 23.9184	LB: 48.869	GB: 65.582	Conf: 2	Pts: 50099
Particle (44):: Fit: 26.9785	PB: 26.9785	LB: 48.869	GB: 65.582	Conf: 0.564401	Pts: 55099
Particle (45):: Fit: 35.7089	PB: 35.7089	LB: 35.7089	GB: 65.582	Conf: 2	Pts: 75099
Particle (46):: Fit: 2.90303	PB: 2.90303	LB: 35.7089	GB: 65.582	Conf: 0.382621	Pts: 50099
Particle (47):: Fit: 31.4054	PB: 31.4054	LB: 35.7089	GB: 65.582	Conf: 2	Pts: 60099
Particle (48):: Fit: 23.9184	PB: 23.9184	LB: 35.7089	GB: 65.582	Conf: 2	Pts: 50099
Particle (49):: Fit: 60.5717	PB: 60.5717	LB: 60.5717	GB: 65.582	Conf: 0.483299	Pts: 100099
Global: 65.582 - Correct: 70% of 10 tests
Global Best: 
  Inner Net 1
  -- 1 : 1 = 0.2715
  -- 1 : 2 = 0.0193
  -- 1 : 3 = 0.6141
  -- 1 : 4 = 0.1027
  -- 1 : 5 = 0.1117
  -- 1 : 6 = 0.326
  -- 1 : 7 = 0.9401
  -- 1 : 8 = 0.237
  -- 1 : 9 = 0.6042
  -- 1 : 10 = 0.5567
  -- 2 : 1 = 0.3716
  -- 2 : 2 = 0.7652
  -- 2 : 3 = 0.6485
  -- 2 : 4 = 0.1535
  -- 2 : 5 = 0.4767
  -- 2 : 6 = 0.0456
  -- 2 : 7 = 0.926
  -- 2 : 8 = 0.8294
  -- 2 : 9 = 0.6086
  -- 2 : 10 = 0.1962
  -- 3 : 1 = 0.4373
  -- 3 : 2 = 0.4942
  -- 3 : 3 = 0.0306
  -- 3 : 4 = 0.6876
  -- 3 : 5 = 0.0107
  -- 3 : 6 = 0.2428
  -- 3 : 7 = 0.2064
  -- 3 : 8 = 0.4138
  -- 3 : 9 = 0.6232
  -- 3 : 10 = 0.0362
  -- 4 : 1 = 0.213
  -- 4 : 2 = 0.795
  -- 4 : 3 = 0.101
  -- 4 : 4 = 0.8202
  -- 4 : 5 = 0.2404
  -- 4 : 6 = 0.0321
  -- 4 : 7 = 0.4427
  -- 4 : 8 = 0.0488
  -- 4 : 9 = 0.7697
  -- 4 : 10 = 0.4068
  -- 5 : 1 = 0.5444
  -- 5 : 2 = 0.896
  -- 5 : 3 = 0.7319
  -- 5 : 4 = 0.1294
  -- 5 : 5 = 0.2338
  -- 5 : 6 = 0.9695
  -- 5 : 7 = 0.2217
  -- 5 : 8 = 0.1382
  -- 5 : 9 = 0.8996
  -- 5 : 10 = 0.9182
  -- 6 : 1 = 0.4708
  -- 6 : 2 = 0.8883
  -- 6 : 3 = 0.6851
  -- 6 : 4 = 0.638
  -- 6 : 5 = 0.3156
  -- 6 : 6 = 0.9522
  -- 6 : 7 = 0.2842
  -- 6 : 8 = 0.2379
  -- 6 : 9 = 0.1399
  -- 6 : 10 = 0.2216
  -- 7 : 1 = 0.0041
  -- 7 : 2 = 0.8095
  -- 7 : 3 = 0.653
  -- 7 : 4 = 0.3176
  -- 7 : 5 = 0.5157
  -- 7 : 6 = 0.1154
  -- 7 : 7 = 0.4035
  -- 7 : 8 = 0.6775
  -- 7 : 9 = 0.4322
  -- 7 : 10 = 0.7163
  -- 8 : 1 = 0.6839
  -- 8 : 2 = 0.3535
  -- 8 : 3 = 0.6163
  -- 8 : 4 = 0.2831
  -- 8 : 5 = 0.2349
  -- 8 : 6 = 0.5009
  -- 8 : 7 = 0.1697
  -- 8 : 8 = 0.6153
  -- 8 : 9 = 0.4314
  -- 8 : 10 = 0.2526
  -- 9 : 1 = 0.6667
  -- 9 : 2 = 0.9863
  -- 9 : 3 = 0.163
  -- 9 : 4 = 0.4648
  -- 9 : 5 = 0.0493
  -- 9 : 6 = 0.5077
  -- 9 : 7 = 0.1351
  -- 9 : 8 = 0.2452
  -- 9 : 9 = 0.898
  -- 9 : 10 = 0.811
  -- 10 : 1 = 0.4196
  -- 10 : 2 = 0.7507
  -- 10 : 3 = 0.8336
  -- 10 : 4 = 0.5055
  -- 10 : 5 = 0.3037
  -- 10 : 6 = 0.6721
  -- 10 : 7 = 0.1499
  -- 10 : 8 = 0.9902
  -- 10 : 9 = 0.8354
  -- 10 : 10 = 0.0461
  Inner Net 2
  -- 1 : 1 = -0.3455
  -- 1 : 2 = -0.148609
  -- 2 : 1 = 0.4457
  -- 2 : 2 = -0.1166
  -- 3 : 1 = 0.1128
  -- 3 : 2 = 0.1055
  -- 4 : 1 = -0.0991749
  -- 4 : 2 = -0.2562
  -- 5 : 1 = 0.4067
  -- 5 : 2 = 0.121
  -- 6 : 1 = -0.112356
  -- 6 : 2 = 0.4081
  -- 7 : 1 = 0.3282
  -- 7 : 2 = -0.3423
  -- 8 : 1 = -0.2604
  -- 8 : 2 = 0.412
  -- 9 : 1 = 0.0595
  -- 9 : 2 = 0.0568
  -- 10 : 1 = 0.127039
  -- 10 : 2 = 0.4483
Out\Act	False		True
False	0.431223	0.410757	0.84198
True	0.0495002	0.10852	0.15802
	0.480723	0.519277
	Accuracy [ (tp + tn) / testSize ]: 0.539743
	Precision [ tp / (tp + fp) ]:      0.208791
	Sensitivity [ tp / (tp + fn) ]:    0.684685
	Specificity [ tn / (tn + fp) ]:    0.511864
	F-Score [ 2tp / (2tp + fp + fn) ]: 0.320225
Particle (0):: Fit: 26.6129	PB: 26.6129	LB: 60.5717	GB: 65.582	Conf: 2	Pts: 110198
Particle (2):: Fit: 20.3351	PB: 20.3351	LB: 60.5717	GB: 65.582	Conf: 0.998059	Pts: 55198
Particle (3):: Fit: 29.0891	PB: 29.0891	LB: 60.5717	GB: 65.582	Conf: 2	Pts: 60198
Particle (4):: Fit: 50.8966	PB: 50.8966	LB: 50.8966	GB: 65.582	Conf: 0.853941	Pts: 135198
Particle (7):: Fit: 29.0891	PB: 29.0891	LB: 50.8966	GB: 65.582	Conf: 2	Pts: 55198
Particle (12):: Fit: 26.5548	PB: 26.5548	LB: 32.3928	GB: 65.582	Conf: 1.84052	Pts: 55198
Particle (16):: Fit: 33.6019	PB: 33.6019	LB: 33.6019	GB: 65.582	Conf: 2	Pts: 105198
Particle (18):: Fit: 36.3149	PB: 36.3149	LB: 36.3149	GB: 65.582	Conf: 0.716208	Pts: 105198
Particle (19):: Fit: 29.4884	PB: 29.4884	LB: 36.3149	GB: 65.582	Conf: 0.992292	Pts: 80198
Particle (20):: Fit: 26.6129	PB: 26.6129	LB: 36.3149	GB: 65.582	Conf: 2	Pts: 55198
Particle (23):: Fit: 23.9184	PB: 23.9184	LB: 30.6883	GB: 65.582	Conf: 2	Pts: 55198
Particle (24):: Fit: 50.5312	PB: 50.5312	LB: 50.5312	GB: 65.582	Conf: 1.4658	Pts: 125198
Particle (25):: Fit: 29.0891	PB: 29.0891	LB: 50.5312	GB: 65.582	Conf: 2	Pts: 55198
Particle (27):: Fit: 29.0891	PB: 29.0891	LB: 50.5312	GB: 65.582	Conf: 2	Pts: 55198
Particle (29):: Fit: 29.0891	PB: 29.0891	LB: 65.582	GB: 65.582	Conf: 2	Pts: 55198
Particle (30):: Fit: 24.0314	PB: 24.0314	LB: 65.582	GB: 65.582	Conf: 0.562075	Pts: 55198
Particle (33):: Fit: 55.5763	PB: 55.5763	LB: 65.582	GB: 65.582	Conf: 0.408946	Pts: 60198
Particle (36):: Fit: 5.37595	PB: 5.37595	LB: 65.582	GB: 65.582	Conf: 0.59226	Pts: 55198
Particle (37):: Fit: 32.3851	PB: 32.3851	LB: 65.582	GB: 65.582	Conf: 0.777696	Pts: 60198
Particle (41):: Fit: 27.0468	PB: 27.0468	LB: 48.869	GB: 65.582	Conf: 0.866709	Pts: 50198
Particle (42):: Fit: 31.9594	PB: 31.9594	LB: 48.869	GB: 65.582	Conf: 1.56281	Pts: 55198
Particle (43):: Fit: 35.7089	PB: 35.7089	LB: 48.869	GB: 65.582	Conf: 2	Pts: 50198
Particle (44):: Fit: 44.2167	PB: 44.2167	LB: 60.5717	GB: 65.582	Conf: 0.715138	Pts: 55198
Particle (46):: Fit: 5.22541	PB: 5.22541	LB: 60.5717	GB: 65.582	Conf: 0.96447	Pts: 50197
Particle (8):: Fit: 44.6778	PB: 44.6778	LB: 50.8966	GB: 65.582	Conf: 1.86685	Pts: 80197
Particle (9):: Fit: 31.4054	PB: 31.4054	LB: 44.6778	GB: 65.582	Conf: 2	Pts: 65197
Particle (10):: Fit: 26.7311	PB: 26.7311	LB: 44.6778	GB: 65.582	Conf: 0.924913	Pts: 55197
Particle (11):: Fit: 46.0177	PB: 46.0177	LB: 46.0177	GB: 65.582	Conf: 1.44702	Pts: 95197
Particle (12):: Fit: 31.4054	PB: 31.4054	LB: 46.0177	GB: 65.582	Conf: 2	Pts: 55297
Particle (18):: Fit: 53.0172	PB: 53.0172	LB: 53.0172	GB: 65.582	Conf: 1.7379	Pts: 155297
Particle (21):: Fit: 31.6634	PB: 31.6634	LB: 53.0172	GB: 65.582	Conf: 1.63609	Pts: 55197
Particle (22):: Fit: 26.4503	PB: 26.4503	LB: 53.0172	GB: 65.582	Conf: 1.08726	Pts: 65197
Particle (23):: Fit: 29.1157	PB: 29.1157	LB: 50.5312	GB: 65.582	Conf: 1.65811	Pts: 55297
Particle (25):: Fit: 31.4054	PB: 31.4054	LB: 50.5312	GB: 65.582	Conf: 2	Pts: 55297
Particle (28):: Fit: 25.506	PB: 25.506	LB: 55.5763	GB: 65.582	Conf: 1.81301	Pts: 55197
Particle (30):: Fit: 46.3683	PB: 46.3683	LB: 65.582	GB: 65.582	Conf: 0.944211	Pts: 55297
Particle (39):: Fit: 31.4054	PB: 31.4054	LB: 48.869	GB: 65.582	Conf: 2	Pts: 55197
Particle (41):: Fit: 32.2675	PB: 32.2675	LB: 48.869	GB: 65.582	Conf: 0.542073	Pts: 50297
Particle (42):: Fit: 44.2596	PB: 44.2596	LB: 48.869	GB: 65.582	Conf: 1.47337	Pts: 55297
Particle (46):: Fit: 26.8509	PB: 26.8509	LB: 60.5717	GB: 65.582	Conf: 0.820538	Pts: 50296
Particle (48):: Fit: 26.6129	PB: 26.6129	LB: 60.5717	GB: 65.582	Conf: 2	Pts: 50197
Particle (0):: Fit: 29.255	PB: 29.255	LB: 60.5717	GB: 65.582	Conf: 1.85233	Pts: 110296
Particle (5):: Fit: 29.0891	PB: 29.0891	LB: 50.8966	GB: 65.582	Conf: 2	Pts: 55196
Particle (10):: Fit: 29.8116	PB: 29.8116	LB: 46.0177	GB: 65.582	Conf: 0.700514	Pts: 55296
Particle (11):: Fit: 58.0879	PB: 58.0879	LB: 58.0879	GB: 65.582	Conf: 1.19473	Pts: 145296
Particle (13):: Fit: 39.7914	PB: 39.7914	LB: 58.0879	GB: 65.582	Conf: 0.599092	Pts: 110196
Particle (14):: Fit: 31.4054	PB: 31.4054	LB: 58.0879	GB: 65.582	Conf: 2	Pts: 55196
Particle (15):: Fit: 31.6929	PB: 31.6929	LB: 58.0879	GB: 65.582	Conf: 1.19766	Pts: 60196
Particle (20):: Fit: 29.0891	PB: 29.0891	LB: 53.0172	GB: 65.582	Conf: 2	Pts: 55296
Particle (21):: Fit: 56.9287	PB: 56.9287	LB: 56.9287	GB: 65.582	Conf: 1.69238	Pts: 105296
Particle (24):: Fit: 67.1979	PB: 67.1979	LB: 67.1979	GB: 67.1979	Conf: 1.35358	Pts: 185296
Particle (27):: Fit: 31.4054	PB: 31.4054	LB: 67.1979	GB: 67.1979	Conf: 2	Pts: 55296
Particle (31):: Fit: 43.2708	PB: 43.2708	LB: 65.582	GB: 67.1979	Conf: 1.0642	Pts: 110196
Particle (38):: Fit: 29.7257	PB: 29.7257	LB: 65.582	GB: 67.1979	Conf: 0.593343	Pts: 70196
Global: 67.1979 - Correct: 60% of 10 tests
Global Best: 
  Inner Net 1
  -- 1 : 1 = 0.2917
  -- 1 : 2 = 0.97
  -- 1 : 3 = 0.3955
  -- 1 : 4 = 0.2756
  -- 1 : 5 = 0.2357
  -- 1 : 6 = 0.1065
  -- 1 : 7 = 0.6247
  -- 1 : 8 = 0.5934
  -- 1 : 9 = 0.2688
  -- 1 : 10 = 0.2339
  -- 2 : 1 = 0.3039
  -- 2 : 2 = 0.7599
  -- 2 : 3 = 0.58
  -- 2 : 4 = 0.173
  -- 2 : 5 = 0.2785
  -- 2 : 6 = 0.4289
  -- 2 : 7 = 0.5958
  -- 2 : 8 = 0.7321
  -- 2 : 9 = 0.7918
  -- 2 : 10 = 0.6901
  -- 3 : 1 = 0.2734
  -- 3 : 2 = 0.3673
  -- 3 : 3 = 0.0052
  -- 3 : 4 = 0.8941
  -- 3 : 5 = 0.6038
  -- 3 : 6 = 0.8466
  -- 3 : 7 = 0.1381
  -- 3 : 8 = 0.2646
  -- 3 : 9 = 0.7848
  -- 3 : 10 = 0.0551
  -- 4 : 1 = 0.5864
  -- 4 : 2 = 0.6073
  -- 4 : 3 = 0.2885
  -- 4 : 4 = 0.1617
  -- 4 : 5 = 0.0463
  -- 4 : 6 = 0.6484
  -- 4 : 7 = 0.7485
  -- 4 : 8 = 0.5783
  -- 4 : 9 = 0.6008
  -- 4 : 10 = 0.0357
  -- 5 : 1 = 0.8717
  -- 5 : 2 = 0.3773
  -- 5 : 3 = 0.7688
  -- 5 : 4 = 0.9831
  -- 5 : 5 = 0.2392
  -- 5 : 6 = 0.2602
  -- 5 : 7 = 0.6693
  -- 5 : 8 = 0.144
  -- 5 : 9 = 0.1737
  -- 5 : 10 = 0.5294
  -- 6 : 1 = 0.8114
  -- 6 : 2 = 0.9082
  -- 6 : 3 = 0.8407
  -- 6 : 4 = 0.69
  -- 6 : 5 = 0.0017
  -- 6 : 6 = 0.6641
  -- 6 : 7 = 0.6106
  -- 6 : 8 = 0.1076
  -- 6 : 9 = 0.0916
  -- 6 : 10 = 0.5596
  -- 7 : 1 = 0.4638
  -- 7 : 2 = 0.1628
  -- 7 : 3 = 0.3988
  -- 7 : 4 = 0.6703
  -- 7 : 5 = 0.3861
  -- 7 : 6 = 0.3264
  -- 7 : 7 = 0.7382
  -- 7 : 8 = 0.0176
  -- 7 : 9 = 0.8498
  -- 7 : 10 = 0.0608
  -- 8 : 1 = 0.5115
  -- 8 : 2 = 0.9449
  -- 8 : 3 = 0.6915
  -- 8 : 4 = 0.2761
  -- 8 : 5 = 0.1319
  -- 8 : 6 = 0.6333
  -- 8 : 7 = 0.7614
  -- 8 : 8 = 0.3887
  -- 8 : 9 = 0.8308
  -- 8 : 10 = 0.9886
  -- 9 : 1 = 0.6096
  -- 9 : 2 = 0.4601
  -- 9 : 3 = 0.9079
  -- 9 : 4 = 0.0639
  -- 9 : 5 = 0.8593
  -- 9 : 6 = 0.1437
  -- 9 : 7 = 0.2579
  -- 9 : 8 = 0.4198
  -- 9 : 9 = 0.0268
  -- 9 : 10 = 0.4877
  -- 10 : 1 = 0.9853
  -- 10 : 2 = 0.8644
  -- 10 : 3 = 0.6046
  -- 10 : 4 = 0.3938
  -- 10 : 5 = 0.976
  -- 10 : 6 = 0.5895
  -- 10 : 7 = 0.5709
  -- 10 : 8 = 0.1545
  -- 10 : 9 = 0.2194
  -- 10 : 10 = 0.5744
  Inner Net 2
  -- 1 : 1 = -0.293624
  -- 1 : 2 = -0.242281
  -- 2 : 1 = -0.0403508
  -- 2 : 2 = -0.0742241
  -- 3 : 1 = -0.0633926
  -- 3 : 2 = -0.0539256
  -- 4 : 1 = 0.0794792
  -- 4 : 2 = -0.207655
  -- 5 : 1 = -0.00662696
  -- 5 : 2 = 0.00256283
  -- 6 : 1 = -0.00698119
  -- 6 : 2 = -0.255243
  -- 7 : 1 = 0.0878774
  -- 7 : 2 = -0.0741314
  -- 8 : 1 = 0.320084
  -- 8 : 2 = -0.150853
  -- 9 : 1 = -0.505768
  -- 9 : 2 = -0.0130923
  -- 10 : 1 = -0.389524
  -- 10 : 2 = 0.0301351
Out\Act	False		True
False	0.84198	0	0.84198
True	0.15802	0	0.15802
	1	0
	Accuracy [ (tp + tn) / testSize ]: 0.84198
	Precision [ tp / (tp + fp) ]:      0
	Sensitivity [ tp / (tp + fn) ]:    0
	Specificity [ tn / (tn + fp) ]:    0.999435
	F-Score [ 2tp / (2tp + fp + fn) ]: 0
Particle (3):: Fit: 33.6019	PB: 33.6019	LB: 60.5717	GB: 67.1979	Conf: 2	Pts: 60295
Particle (7):: Fit: 31.4054	PB: 31.4054	LB: 58.0879	GB: 67.1979	Conf: 2	Pts: 55295
Particle (15):: Fit: 34.2507	PB: 34.2507	LB: 58.0879	GB: 67.1979	Conf: 1.19587	Pts: 60295
Particle (19):: Fit: 29.7184	PB: 29.7184	LB: 67.1979	GB: 67.1979	Conf: 0.524691	Pts: 80295
Particle (22):: Fit: 56.9438	PB: 56.9438	LB: 67.1979	GB: 67.1979	Conf: 0.966348	Pts: 75295
Particle (28):: Fit: 29.0891	PB: 29.0891	LB: 67.1979	GB: 67.1979	Conf: 2	Pts: 55295
Particle (30):: Fit: 61.3466	PB: 61.3466	LB: 65.582	GB: 67.1979	Conf: 1.19777	Pts: 55395
Particle (36):: Fit: 23.9948	PB: 23.9948	LB: 65.582	GB: 67.1979	Conf: 0.0808466	Pts: 55295
Particle (41):: Fit: 48.5485	PB: 48.5485	LB: 48.869	GB: 67.1979	Conf: 0.599431	Pts: 50395
Particle (48):: Fit: 31.4054	PB: 31.4054	LB: 60.5717	GB: 67.1979	Conf: 2	Pts: 50295
Particle (0):: Fit: 31.4054	PB: 31.4054	LB: 60.5717	GB: 67.1979	Conf: 2	Pts: 110394
Particle (2):: Fit: 26.8926	PB: 26.8926	LB: 60.5717	GB: 67.1979	Conf: 0.229871	Pts: 55294
Particle (5):: Fit: 31.4054	PB: 31.4054	LB: 50.8966	GB: 67.1979	Conf: 2	Pts: 55294
Particle (22):: Fit: 59.8866	PB: 59.8866	LB: 67.1979	GB: 67.1979	Conf: 0.656267	Pts: 85394
Particle (26):: Fit: 70.3667	PB: 70.3667	LB: 70.3667	GB: 70.3667	Conf: 1.72294	Pts: 160194
Particle (35):: Fit: 29.0891	PB: 29.0891	LB: 65.582	GB: 70.3667	Conf: 2	Pts: 55194
Particle (42):: Fit: 54.2879	PB: 54.2879	LB: 54.2879	GB: 70.3667	Conf: 1.11306	Pts: 80394
Global: 70.3667 - Correct: 20% of 10 tests
Global Best: 
  Inner Net 1
  -- 1 : 1 = 0.0798
  -- 1 : 2 = 0.4214
  -- 1 : 3 = 0.9591
  -- 1 : 4 = 0.2284
  -- 1 : 5 = 0.0419
  -- 1 : 6 = 0.3544
  -- 1 : 7 = 0.0064
  -- 1 : 8 = 0.1442
  -- 1 : 9 = 0.3304
  -- 1 : 10 = 0.5825
  -- 2 : 1 = 0.6504
  -- 2 : 2 = 0.0591
  -- 2 : 3 = 0.2726
  -- 2 : 4 = 0.2283
  -- 2 : 5 = 0.5731
  -- 2 : 6 = 0.3539
  -- 2 : 7 = 0.6987
  -- 2 : 8 = 0.6902
  -- 2 : 9 = 0.0128
  -- 2 : 10 = 0.1152
  -- 3 : 1 = 0.3061
  -- 3 : 2 = 0.1981
  -- 3 : 3 = 0.8735
  -- 3 : 4 = 0.1323
  -- 3 : 5 = 0.9071
  -- 3 : 6 = 0.5802
  -- 3 : 7 = 0.1903
  -- 3 : 8 = 0.226
  -- 3 : 9 = 0.854
  -- 3 : 10 = 0.806
  -- 4 : 1 = 0.5093
  -- 4 : 2 = 0.4793
  -- 4 : 3 = 0.2018
  -- 4 : 4 = 0.2664
  -- 4 : 5 = 0.4563
  -- 4 : 6 = 0.196
  -- 4 : 7 = 0.1352
  -- 4 : 8 = 0.9902
  -- 4 : 9 = 0.1128
  -- 4 : 10 = 0.4356
  -- 5 : 1 = 0.9875
  -- 5 : 2 = 0.3566
  -- 5 : 3 = 0.0117
  -- 5 : 4 = 0.289
  -- 5 : 5 = 0.2701
  -- 5 : 6 = 0.8859
  -- 5 : 7 = 0.2192
  -- 5 : 8 = 0.1893
  -- 5 : 9 = 0.4888
  -- 5 : 10 = 0.4094
  -- 6 : 1 = 0.422
  -- 6 : 2 = 0.6366
  -- 6 : 3 = 0.4849
  -- 6 : 4 = 0.8446
  -- 6 : 5 = 0.4857
  -- 6 : 6 = 0.9096
  -- 6 : 7 = 0.82
  -- 6 : 8 = 0.8926
  -- 6 : 9 = 0.8504
  -- 6 : 10 = 0.0955
  -- 7 : 1 = 0.1551
  -- 7 : 2 = 0.8855
  -- 7 : 3 = 0.9985
  -- 7 : 4 = 0.1199
  -- 7 : 5 = 0.7426
  -- 7 : 6 = 0.636
  -- 7 : 7 = 0.484
  -- 7 : 8 = 0.2604
  -- 7 : 9 = 0.2758
  -- 7 : 10 = 0.5963
  -- 8 : 1 = 0.8654
  -- 8 : 2 = 0.6271
  -- 8 : 3 = 0.938
  -- 8 : 4 = 0.6091
  -- 8 : 5 = 0.2468
  -- 8 : 6 = 0.0783
  -- 8 : 7 = 0.0471
  -- 8 : 8 = 0.7875
  -- 8 : 9 = 0.4485
  -- 8 : 10 = 0.3297
  -- 9 : 1 = 0.2004
  -- 9 : 2 = 0.0232
  -- 9 : 3 = 0.2148
  -- 9 : 4 = 0.5737
  -- 9 : 5 = 0.9947
  -- 9 : 6 = 0.9353
  -- 9 : 7 = 0.8388
  -- 9 : 8 = 0.3506
  -- 9 : 9 = 0.4219
  -- 9 : 10 = 0.9909
  -- 10 : 1 = 0.5943
  -- 10 : 2 = 0.8352
  -- 10 : 3 = 0.713
  -- 10 : 4 = 0.2718
  -- 10 : 5 = 0.1849
  -- 10 : 6 = 0.2179
  -- 10 : 7 = 0.0949
  -- 10 : 8 = 0.0013
  -- 10 : 9 = 0.0637
  -- 10 : 10 = 0.0063
  Inner Net 2
  -- 1 : 1 = -0.0514865
  -- 1 : 2 = 0.286993
  -- 2 : 1 = -0.401855
  -- 2 : 2 = 0.0978925
  -- 3 : 1 = -0.181873
  -- 3 : 2 = -0.171016
  -- 4 : 1 = 0.407075
  -- 4 : 2 = -0.0762341
  -- 5 : 1 = -0.0763431
  -- 5 : 2 = -0.239031
  -- 6 : 1 = -0.378404
  -- 6 : 2 = 0.026693
  -- 7 : 1 = 0.533992
  -- 7 : 2 = -0.3073
  -- 8 : 1 = 0.0701812
  -- 8 : 2 = -0.380267
  -- 9 : 1 = -0.415556
  -- 9 : 2 = -0.304062
  -- 10 : 1 = -0.291878
  -- 10 : 2 = 0.147425
Out\Act	False		True
False	0.84198	0	0.84198
True	0.15802	0	0.15802
	1	0
	Accuracy [ (tp + tn) / testSize ]: 0.84198
	Precision [ tp / (tp + fp) ]:      0
	Sensitivity [ tp / (tp + fn) ]:    0
	Specificity [ tn / (tn + fp) ]:    0.999435
	F-Score [ 2tp / (2tp + fp + fn) ]: 0
Particle (6):: Fit: 31.4054	PB: 31.4054	LB: 58.0879	GB: 70.3667	Conf: 2	Pts: 55193
Particle (18):: Fit: 53.3825	PB: 53.3825	LB: 59.8866	GB: 70.3667	Conf: 1.35913	Pts: 155393
Particle (21):: Fit: 59.3592	PB: 59.3592	LB: 70.3667	GB: 70.3667	Conf: 1.71132	Pts: 110393
Particle (36):: Fit: 32.3297	PB: 32.3297	LB: 65.582	GB: 70.3667	Conf: 0.494782	Pts: 55393
Particle (2):: Fit: 29.6885	PB: 29.6885	LB: 60.5717	GB: 70.3667	Conf: 0.433374	Pts: 55392
Particle (12):: Fit: 59.3455	PB: 59.3455	LB: 59.3455	GB: 70.3667	Conf: 1.67188	Pts: 100392
Particle (18):: Fit: 69.4889	PB: 69.4889	LB: 69.4889	GB: 70.3667	Conf: 1.31569	Pts: 195492
Particle (30):: Fit: 70.6428	PB: 70.6428	LB: 70.6428	GB: 70.6428	Conf: 1.33889	Pts: 115492
Particle (34):: Fit: 76.1674	PB: 76.1674	LB: 76.1674	GB: 76.1674	Conf: 0.467627	Pts: 170191
Particle (48):: Fit: 33.6019	PB: 33.6019	LB: 60.5717	GB: 76.1674	Conf: 2	Pts: 50392
Global: 76.1674 - Correct: 70% of 10 tests
Global Best: 
  Inner Net 1
  -- 1 : 1 = 0.2715
  -- 1 : 2 = 0.0193
  -- 1 : 3 = 0.6141
  -- 1 : 4 = 0.1027
  -- 1 : 5 = 0.1117
  -- 1 : 6 = 0.326
  -- 1 : 7 = 0.9401
  -- 1 : 8 = 0.237
  -- 1 : 9 = 0.6042
  -- 1 : 10 = 0.5567
  -- 2 : 1 = 0.3716
  -- 2 : 2 = 0.7652
  -- 2 : 3 = 0.6485
  -- 2 : 4 = 0.1535
  -- 2 : 5 = 0.4767
  -- 2 : 6 = 0.0456
  -- 2 : 7 = 0.926
  -- 2 : 8 = 0.8294
  -- 2 : 9 = 0.6086
  -- 2 : 10 = 0.1962
  -- 3 : 1 = 0.4373
  -- 3 : 2 = 0.4942
  -- 3 : 3 = 0.0306
  -- 3 : 4 = 0.6876
  -- 3 : 5 = 0.0107
  -- 3 : 6 = 0.2428
  -- 3 : 7 = 0.2064
  -- 3 : 8 = 0.4138
  -- 3 : 9 = 0.6232
  -- 3 : 10 = 0.0362
  -- 4 : 1 = 0.213
  -- 4 : 2 = 0.795
  -- 4 : 3 = 0.101
  -- 4 : 4 = 0.8202
  -- 4 : 5 = 0.2404
  -- 4 : 6 = 0.0321
  -- 4 : 7 = 0.4427
  -- 4 : 8 = 0.0488
  -- 4 : 9 = 0.7697
  -- 4 : 10 = 0.4068
  -- 5 : 1 = 0.5444
  -- 5 : 2 = 0.896
  -- 5 : 3 = 0.7319
  -- 5 : 4 = 0.1294
  -- 5 : 5 = 0.2338
  -- 5 : 6 = 0.9695
  -- 5 : 7 = 0.2217
  -- 5 : 8 = 0.1382
  -- 5 : 9 = 0.8996
  -- 5 : 10 = 0.9182
  -- 6 : 1 = 0.4708
  -- 6 : 2 = 0.8883
  -- 6 : 3 = 0.6851
  -- 6 : 4 = 0.638
  -- 6 : 5 = 0.3156
  -- 6 : 6 = 0.9522
  -- 6 : 7 = 0.2842
  -- 6 : 8 = 0.2379
  -- 6 : 9 = 0.1399
  -- 6 : 10 = 0.2216
  -- 7 : 1 = 0.0041
  -- 7 : 2 = 0.8095
  -- 7 : 3 = 0.653
  -- 7 : 4 = 0.3176
  -- 7 : 5 = 0.5157
  -- 7 : 6 = 0.1154
  -- 7 : 7 = 0.4035
  -- 7 : 8 = 0.6775
  -- 7 : 9 = 0.4322
  -- 7 : 10 = 0.7163
  -- 8 : 1 = 0.6839
  -- 8 : 2 = 0.3535
  -- 8 : 3 = 0.6163
  -- 8 : 4 = 0.2831
  -- 8 : 5 = 0.2349
  -- 8 : 6 = 0.5009
  -- 8 : 7 = 0.1697
  -- 8 : 8 = 0.6153
  -- 8 : 9 = 0.4314
  -- 8 : 10 = 0.2526
  -- 9 : 1 = 0.6667
  -- 9 : 2 = 0.9863
  -- 9 : 3 = 0.163
  -- 9 : 4 = 0.4648
  -- 9 : 5 = 0.0493
  -- 9 : 6 = 0.5077
  -- 9 : 7 = 0.1351
  -- 9 : 8 = 0.2452
  -- 9 : 9 = 0.898
  -- 9 : 10 = 0.811
  -- 10 : 1 = 0.4196
  -- 10 : 2 = 0.7507
  -- 10 : 3 = 0.8336
  -- 10 : 4 = 0.5055
  -- 10 : 5 = 0.3037
  -- 10 : 6 = 0.6721
  -- 10 : 7 = 0.1499
  -- 10 : 8 = 0.9902
  -- 10 : 9 = 0.8354
  -- 10 : 10 = 0.0461
  Inner Net 2
  -- 1 : 1 = -0.523629
  -- 1 : 2 = -0.174291
  -- 2 : 1 = 0.304045
  -- 2 : 2 = -0.197222
  -- 3 : 1 = 0.169573
  -- 3 : 2 = 0.0351848
  -- 4 : 1 = -0.274774
  -- 4 : 2 = -0.0443412
  -- 5 : 1 = 0.637487
  -- 5 : 2 = 0.166919
  -- 6 : 1 = -0.372657
  -- 6 : 2 = 0.449755
  -- 7 : 1 = 0.591085
  -- 7 : 2 = -0.189748
  -- 8 : 1 = -0.370116
  -- 8 : 2 = 0.336264
  -- 9 : 1 = 0.0344482
  -- 9 : 2 = -0.243599
  -- 10 : 1 = -0.0363263
  -- 10 : 2 = 0.264607
Out\Act	False		True
False	0.432175	0.409805	0.84198
True	0.0495002	0.10852	0.15802
	0.481675	0.518325
	Accuracy [ (tp + tn) / testSize ]: 0.540695
	Precision [ tp / (tp + fp) ]:      0.209174
	Sensitivity [ tp / (tp + fn) ]:    0.684685
	Specificity [ tn / (tn + fp) ]:    0.512994
	F-Score [ 2tp / (2tp + fp + fn) ]: 0.320675
Particle (15):: Fit: 60.0093	PB: 60.0093	LB: 69.4889	GB: 76.1674	Conf: 1.25318	Pts: 75391
Particle (40):: Fit: 49.8139	PB: 49.8139	LB: 54.2879	GB: 76.1674	Conf: 1.72004	Pts: 80191
Particle (11):: Fit: 59.3608	PB: 59.3608	LB: 60.0093	GB: 76.1674	Conf: 1.70617	Pts: 165390
Particle (23):: Fit: 31.4054	PB: 31.4054	LB: 70.3667	GB: 76.1674	Conf: 2	Pts: 55390
Particle (25):: Fit: 33.6019	PB: 33.6019	LB: 70.6428	GB: 76.1674	Conf: 2	Pts: 55390
Particle (35):: Fit: 33.6019	PB: 33.6019	LB: 76.1674	GB: 76.1674	Conf: 2	Pts: 55290
Particle (40):: Fit: 50.2066	PB: 50.2066	LB: 54.2879	GB: 76.1674	Conf: 1.66831	Pts: 80290
Particle (44):: Fit: 48.7093	PB: 48.7093	LB: 60.5717	GB: 76.1674	Conf: 0.826468	Pts: 55289
Particle (46):: Fit: 31.9996	PB: 31.9996	LB: 60.5717	GB: 76.1674	Conf: 0.231496	Pts: 50388
Particle (2):: Fit: 31.6842	PB: 31.6842	LB: 60.5717	GB: 76.1674	Conf: 0.772066	Pts: 55489
Particle (8):: Fit: 58.052	PB: 58.052	LB: 59.3608	GB: 76.1674	Conf: 1.80231	Pts: 90289
Particle (11):: Fit: 62.1934	PB: 62.1934	LB: 62.1934	GB: 76.1674	Conf: 1.20221	Pts: 200489
Particle (20):: Fit: 31.4054	PB: 31.4054	LB: 69.4889	GB: 76.1674	Conf: 2	Pts: 55389
Particle (29):: Fit: 31.4054	PB: 31.4054	LB: 76.1674	GB: 76.1674	Conf: 2	Pts: 55289
Particle (40):: Fit: 56.3637	PB: 56.3637	LB: 56.3637	GB: 76.1674	Conf: 1.08282	Pts: 105389
Particle (4):: Fit: 55.0032	PB: 55.0032	LB: 58.052	GB: 76.1674	Conf: 1.23118	Pts: 135287
Particle (14):: Fit: 33.6019	PB: 33.6019	LB: 69.4889	GB: 76.1674	Conf: 2	Pts: 55288
Particle (28):: Fit: 31.1907	PB: 31.1907	LB: 70.6428	GB: 76.1674	Conf: 1.88921	Pts: 55388
Particle (31):: Fit: 62.7033	PB: 62.7033	LB: 76.1674	GB: 76.1674	Conf: 1.40954	Pts: 110288
Particle (1):: Fit: 29.2595	PB: 29.2595	LB: 60.5717	GB: 76.1674	Conf: 1.85532	Pts: 110187
Particle (11):: Fit: 68.8489	PB: 68.8489	LB: 68.8489	GB: 76.1674	Conf: 1.6387	Pts: 235587
Particle (40):: Fit: 56.6038	PB: 56.6038	LB: 56.6038	GB: 76.1674	Conf: 1.39028	Pts: 130487
Particle (1):: Fit: 33.6019	PB: 33.6019	LB: 60.5717	GB: 76.1674	Conf: 2	Pts: 110286
Particle (28):: Fit: 31.4054	PB: 31.4054	LB: 70.6428	GB: 76.1674	Conf: 2	Pts: 55486
Particle (29):: Fit: 33.6019	PB: 33.6019	LB: 76.1674	GB: 76.1674	Conf: 2	Pts: 55386
Particle (39):: Fit: 58.1656	PB: 58.1656	LB: 58.1656	GB: 76.1674	Conf: 1.82088	Pts: 80286
Particle (9):: Fit: 35.7089	PB: 35.7089	LB: 68.8489	GB: 76.1674	Conf: 2	Pts: 65285
Particle (7):: Fit: 68.7234	PB: 68.7234	LB: 68.8489	GB: 76.1674	Conf: 1.80759	Pts: 75384
Particle (10):: Fit: 39.5502	PB: 39.5502	LB: 68.8489	GB: 76.1674	Conf: 0.216372	Pts: 55384
Particle (16):: Fit: 35.7089	PB: 35.7089	LB: 69.4889	GB: 76.1674	Conf: 2	Pts: 105284
Particle (22):: Fit: 63.8153	PB: 63.8153	LB: 70.3667	GB: 76.1674	Conf: 1.02978	Pts: 85483
Particle (23):: Fit: 31.629	PB: 31.629	LB: 70.3667	GB: 76.1674	Conf: 1.88277	Pts: 55484
Particle (40):: Fit: 63.9497	PB: 63.9497	LB: 63.9497	GB: 76.1674	Conf: 1.88015	Pts: 160584
Particle (0):: Fit: 33.6019	PB: 33.6019	LB: 60.5717	GB: 76.1674	Conf: 2	Pts: 110483
Particle (10):: Fit: 39.9869	PB: 39.9869	LB: 68.8489	GB: 76.1674	Conf: 0.75526	Pts: 55483
Particle (27):: Fit: 63.6839	PB: 63.6839	LB: 70.6428	GB: 76.1674	Conf: 1.81618	Pts: 55383
Particle (5):: Fit: 33.6019	PB: 33.6019	LB: 68.7234	GB: 76.1674	Conf: 2	Pts: 55382
Particle (37):: Fit: 34.9894	PB: 34.9894	LB: 76.1674	GB: 76.1674	Conf: 0.655743	Pts: 60281
Particle (40):: Fit: 64.0324	PB: 64.0324	LB: 64.0324	GB: 76.1674	Conf: 1.42391	Pts: 190681
Particle (46):: Fit: 32.3935	PB: 32.3935	LB: 60.5717	GB: 76.1674	Conf: 0.715948	Pts: 50479
Particle (28):: Fit: 35.9266	PB: 35.9266	LB: 70.6428	GB: 76.1674	Conf: 1.81473	Pts: 55580
Particle (23):: Fit: 63.6406	PB: 63.6406	LB: 70.3667	GB: 76.1674	Conf: 1.81012	Pts: 55579
Particle (42):: Fit: 56.7852	PB: 56.7852	LB: 64.0324	GB: 76.1674	Conf: 1.51206	Pts: 80479
Particle (18):: Fit: 75.3513	PB: 75.3513	LB: 75.3513	GB: 76.1674	Conf: 1.79439	Pts: 245578
Particle (40):: Fit: 65.1404	PB: 65.1404	LB: 65.1404	GB: 76.1674	Conf: 1.66358	Pts: 220778
Particle (19):: Fit: 32.272	PB: 32.272	LB: 75.3513	GB: 76.1674	Conf: 0.423176	Pts: 80375
Particle (21):: Fit: 69.0194	PB: 69.0194	LB: 75.3513	GB: 76.1674	Conf: 1.85501	Pts: 110476
Particle (32):: Fit: 29.6864	PB: 29.6864	LB: 76.1674	GB: 76.1674	Conf: 0.428855	Pts: 55173
Particle (17):: Fit: 29.7214	PB: 29.7214	LB: 75.3513	GB: 76.1674	Conf: 0.65792	Pts: 70171
Particle (22):: Fit: 70.2907	PB: 70.2907	LB: 75.3513	GB: 76.1674	Conf: 0.763527	Pts: 85573
Particle (12):: Fit: 68.7856	PB: 68.7856	LB: 68.8489	GB: 76.1674	Conf: 1.81527	Pts: 100472
Particle (31):: Fit: 64.4226	PB: 64.4226	LB: 76.1674	GB: 76.1674	Conf: 1.15988	Pts: 110371
Particle (17):: Fit: 32.3645	PB: 32.3645	LB: 75.3513	GB: 76.1674	Conf: 0.841005	Pts: 70266
Particle (4):: Fit: 56.4514	PB: 56.4514	LB: 68.7234	GB: 76.1674	Conf: 1.18934	Pts: 135366
Particle (15):: Fit: 65.6195	PB: 65.6195	LB: 75.3513	GB: 76.1674	Conf: 1.53242	Pts: 75468
Particle (2):: Fit: 34.7471	PB: 34.7471	LB: 68.7234	GB: 76.1674	Conf: 0.416364	Pts: 55564
Particle (46):: Fit: 36.698	PB: 36.698	LB: 60.5717	GB: 76.1674	Conf: 0.259712	Pts: 50565
Particle (48):: Fit: 35.7089	PB: 35.7089	LB: 60.5717	GB: 76.1674	Conf: 2	Pts: 50467
Particle (19):: Fit: 37.624	PB: 37.624	LB: 75.3513	GB: 76.1674	Conf: 0.985142	Pts: 80464
Particle (38):: Fit: 32.3208	PB: 32.3208	LB: 76.1674	GB: 76.1674	Conf: 0.918219	Pts: 70264
Particle (47):: Fit: 33.6019	PB: 33.6019	LB: 60.5717	GB: 76.1674	Conf: 2	Pts: 60166
Particle (47):: Fit: 52.0984	PB: 52.0984	LB: 60.5717	GB: 76.1674	Conf: 1.87997	Pts: 60265
Particle (10):: Fit: 48.7948	PB: 48.7948	LB: 68.8489	GB: 76.1674	Conf: 1.28397	Pts: 55562
Particle (12):: Fit: 70.6068	PB: 70.6068	LB: 70.6068	GB: 76.1674	Conf: 1.69006	Pts: 130564
Particle (26):: Fit: 73.9272	PB: 73.9272	LB: 73.9272	GB: 76.1674	Conf: 1.88858	Pts: 190263
Particle (12):: Fit: 75.0864	PB: 75.0864	LB: 75.0864	GB: 76.1674	Conf: 1.6944	Pts: 160662
Particle (4):: Fit: 67.0796	PB: 67.0796	LB: 68.7234	GB: 76.1674	Conf: 0.49565	Pts: 150458
Particle (30):: Fit: 71.7938	PB: 71.7938	LB: 76.1674	GB: 76.1674	Conf: 1.64044	Pts: 115561
Particle (33):: Fit: 62.0594	PB: 62.0594	LB: 76.1674	GB: 76.1674	Conf: 1.25578	Pts: 60260
Particle (38):: Fit: 32.365	PB: 32.365	LB: 76.1674	GB: 76.1674	Conf: 0.560158	Pts: 70356
Particle (11):: Fit: 70.5995	PB: 70.5995	LB: 75.0864	GB: 76.1674	Conf: 1.27071	Pts: 240658
Particle (40):: Fit: 77.6104	PB: 77.6104	LB: 77.6104	GB: 77.6104	Conf: 1.25454	Pts: 280858
Global: 77.6104 - Correct: 40% of 10 tests
Global Best: 
  Inner Net 1
  -- 1 : 1 = 0.1695
  -- 1 : 2 = 0.4252
  -- 1 : 3 = 0.2089
  -- 1 : 4 = 0.0089
  -- 1 : 5 = 0.3218
  -- 1 : 6 = 0.1686
  -- 1 : 7 = 0.0908
  -- 1 : 8 = 0.1174
  -- 1 : 9 = 0.2455
  -- 1 : 10 = 0.239
  -- 2 : 1 = 0.3748
  -- 2 : 2 = 0.6596
  -- 2 : 3 = 0.3493
  -- 2 : 4 = 0.9777
  -- 2 : 5 = 0.3105
  -- 2 : 6 = 0.5976
  -- 2 : 7 = 0.6559
  -- 2 : 8 = 0.1396
  -- 2 : 9 = 0.4201
  -- 2 : 10 = 0.3641
  -- 3 : 1 = 0.6128
  -- 3 : 2 = 0.5064
  -- 3 : 3 = 0.1765
  -- 3 : 4 = 0.7713
  -- 3 : 5 = 0.0519
  -- 3 : 6 = 0.8884
  -- 3 : 7 = 0.1916
  -- 3 : 8 = 0.831
  -- 3 : 9 = 0.4966
  -- 3 : 10 = 0.098
  -- 4 : 1 = 0.1536
  -- 4 : 2 = 0.7609
  -- 4 : 3 = 0.3013
  -- 4 : 4 = 0.1144
  -- 4 : 5 = 0.8296
  -- 4 : 6 = 0.0846
  -- 4 : 7 = 0.8876
  -- 4 : 8 = 0.336
  -- 4 : 9 = 0.4797
  -- 4 : 10 = 0.163
  -- 5 : 1 = 0.4513
  -- 5 : 2 = 0.9334
  -- 5 : 3 = 0.2761
  -- 5 : 4 = 0.0905
  -- 5 : 5 = 0.0046
  -- 5 : 6 = 0.6652
  -- 5 : 7 = 0.4108
  -- 5 : 8 = 0.6528
  -- 5 : 9 = 0.5927
  -- 5 : 10 = 0.4008
  -- 6 : 1 = 0.2561
  -- 6 : 2 = 0.2147
  -- 6 : 3 = 0.9131
  -- 6 : 4 = 0.6766
  -- 6 : 5 = 0.0449
  -- 6 : 6 = 0.959
  -- 6 : 7 = 0.4729
  -- 6 : 8 = 0.9053
  -- 6 : 9 = 0.6055
  -- 6 : 10 = 0.0073
  -- 7 : 1 = 0.3429
  -- 7 : 2 = 0.9308
  -- 7 : 3 = 0.2164
  -- 7 : 4 = 0.7335
  -- 7 : 5 = 0.7947
  -- 7 : 6 = 0.8246
  -- 7 : 7 = 0.3475
  -- 7 : 8 = 0.5887
  -- 7 : 9 = 0.0226
  -- 7 : 10 = 0.6787
  -- 8 : 1 = 0.2463
  -- 8 : 2 = 0.069
  -- 8 : 3 = 0.7557
  -- 8 : 4 = 0.0154
  -- 8 : 5 = 0.0099
  -- 8 : 6 = 0.1452
  -- 8 : 7 = 0.763
  -- 8 : 8 = 0.6739
  -- 8 : 9 = 0.4419
  -- 8 : 10 = 0.4647
  -- 9 : 1 = 0.1668
  -- 9 : 2 = 0.181
  -- 9 : 3 = 0.905
  -- 9 : 4 = 0.4108
  -- 9 : 5 = 0.8871
  -- 9 : 6 = 0.2033
  -- 9 : 7 = 0.2195
  -- 9 : 8 = 0.3323
  -- 9 : 9 = 0.9801
  -- 9 : 10 = 0.2877
  -- 10 : 1 = 0.774
  -- 10 : 2 = 0.8125
  -- 10 : 3 = 0.6863
  -- 10 : 4 = 0.7812
  -- 10 : 5 = 0.0839
  -- 10 : 6 = 0.8888
  -- 10 : 7 = 0.6728
  -- 10 : 8 = 0.4749
  -- 10 : 9 = 0.101
  -- 10 : 10 = 0.9411
  Inner Net 2
  -- 1 : 1 = 0.0953056
  -- 1 : 2 = 0.238052
  -- 2 : 1 = 0.402591
  -- 2 : 2 = 0.00700089
  -- 3 : 1 = -0.184445
  -- 3 : 2 = 0.235555
  -- 4 : 1 = -0.112681
  -- 4 : 2 = 0.305851
  -- 5 : 1 = 0.687908
  -- 5 : 2 = -0.0553078
  -- 6 : 1 = 0.193246
  -- 6 : 2 = 0.295342
  -- 7 : 1 = 0.514721
  -- 7 : 2 = 0.360523
  -- 8 : 1 = -0.250673
  -- 8 : 2 = -0.132246
  -- 9 : 1 = 0.301774
  -- 9 : 2 = -0.326443
  -- 10 : 1 = -0.60421
  -- 10 : 2 = -0.296614
Out\Act	False		True
False	0.84198	0	0.84198
True	0.15802	0	0.15802
	1	0
	Accuracy [ (tp + tn) / testSize ]: 0.84198
	Precision [ tp / (tp + fp) ]:      0
	Sensitivity [ tp / (tp + fn) ]:    0
	Specificity [ tn / (tn + fp) ]:    0.999435
	F-Score [ 2tp / (2tp + fp + fn) ]: 0
Particle (38):: Fit: 32.382	PB: 32.382	LB: 77.6104	GB: 77.6104	Conf: 0.609833	Pts: 70454
Particle (28):: Fit: 69.051	PB: 69.051	LB: 73.9272	GB: 77.6104	Conf: 1.86366	Pts: 55656
Particle (22):: Fit: 70.906	PB: 70.906	LB: 75.3513	GB: 77.6104	Conf: 1.01597	Pts: 85653
Particle (42):: Fit: 61.1986	PB: 61.1986	LB: 77.6104	GB: 77.6104	Conf: 1.15844	Pts: 90553
Particle (24):: Fit: 69.5925	PB: 69.5925	LB: 73.9272	GB: 77.6104	Conf: 1.21188	Pts: 185352
Particle (26):: Fit: 73.9313	PB: 73.9313	LB: 73.9313	GB: 77.6104	Conf: 1.89335	Pts: 220352
Particle (24):: Fit: 70.7944	PB: 70.7944	LB: 73.9313	GB: 77.6104	Conf: 1.40898	Pts: 185451
Particle (32):: Fit: 34.1172	PB: 34.1172	LB: 76.1674	GB: 77.6104	Conf: 0.14787	Pts: 55248
Particle (33):: Fit: 62.4236	PB: 62.4236	LB: 76.1674	GB: 77.6104	Conf: 1.15536	Pts: 60351
Particle (42):: Fit: 68.9093	PB: 68.9093	LB: 77.6104	GB: 77.6104	Conf: 1.67658	Pts: 100650
Particle (0):: Fit: 35.7089	PB: 35.7089	LB: 67.0796	GB: 77.6104	Conf: 2	Pts: 110549
Particle (32):: Fit: 58.2594	PB: 58.2594	LB: 76.1674	GB: 77.6104	Conf: 0.438732	Pts: 55345
Particle (44):: Fit: 62.3462	PB: 62.3462	LB: 77.6104	GB: 77.6104	Conf: 0.805059	Pts: 65342
Particle (49):: Fit: 79.2329	PB: 79.2329	LB: 79.2329	GB: 79.2329	Conf: 0.998977	Pts: 160143
Global: 79.2329 - Correct: 70% of 10 tests
Global Best: 
  Inner Net 1
  -- 1 : 1 = 0.5696
  -- 1 : 2 = 0.1255
  -- 1 : 3 = 0.7752
  -- 1 : 4 = 0.199
  -- 1 : 5 = 0.8572
  -- 1 : 6 = 0.5253
  -- 1 : 7 = 0.3191
  -- 1 : 8 = 0.6814
  -- 1 : 9 = 0.4822
  -- 1 : 10 = 0.9139
  -- 2 : 1 = 0.4316
  -- 2 : 2 = 0.0883
  -- 2 : 3 = 0.6294
  -- 2 : 4 = 0.9031
  -- 2 : 5 = 0.0771
  -- 2 : 6 = 0.4263
  -- 2 : 7 = 0.3269
  -- 2 : 8 = 0.1801
  -- 2 : 9 = 0.0277
  -- 2 : 10 = 0.8103
  -- 3 : 1 = 0.0815
  -- 3 : 2 = 0.1394
  -- 3 : 3 = 0.3591
  -- 3 : 4 = 0.9643
  -- 3 : 5 = 0.0617
  -- 3 : 6 = 0.57
  -- 3 : 7 = 0.602
  -- 3 : 8 = 0.5357
  -- 3 : 9 = 0.6724
  -- 3 : 10 = 0.1754
  -- 4 : 1 = 0.2344
  -- 4 : 2 = 0.2398
  -- 4 : 3 = 0.5938
  -- 4 : 4 = 0.8001
  -- 4 : 5 = 0.091
  -- 4 : 6 = 0.7669
  -- 4 : 7 = 0.0216
  -- 4 : 8 = 0.6488
  -- 4 : 9 = 0.838
  -- 4 : 10 = 0.8105
  -- 5 : 1 = 0.271
  -- 5 : 2 = 0.3988
  -- 5 : 3 = 0.9822
  -- 5 : 4 = 0.9777
  -- 5 : 5 = 0.6675
  -- 5 : 6 = 0.0823
  -- 5 : 7 = 0.5904
  -- 5 : 8 = 0.7258
  -- 5 : 9 = 0.6124
  -- 5 : 10 = 0.8338
  -- 6 : 1 = 0.0544
  -- 6 : 2 = 0.6858
  -- 6 : 3 = 0.0031
  -- 6 : 4 = 0.5048
  -- 6 : 5 = 0.8883
  -- 6 : 6 = 0.1314
  -- 6 : 7 = 0.5746
  -- 6 : 8 = 0.7956
  -- 6 : 9 = 0.127
  -- 6 : 10 = 0.6345
  -- 7 : 1 = 0.4074
  -- 7 : 2 = 0.5662
  -- 7 : 3 = 0.5896
  -- 7 : 4 = 0.583
  -- 7 : 5 = 0.2089
  -- 7 : 6 = 0.8683
  -- 7 : 7 = 0.1735
  -- 7 : 8 = 0.4078
  -- 7 : 9 = 0.8935
  -- 7 : 10 = 0.9779
  -- 8 : 1 = 0.2472
  -- 8 : 2 = 0.2383
  -- 8 : 3 = 0.2996
  -- 8 : 4 = 0.9078
  -- 8 : 5 = 0.5051
  -- 8 : 6 = 0.1548
  -- 8 : 7 = 0.6125
  -- 8 : 8 = 0.3393
  -- 8 : 9 = 0.3054
  -- 8 : 10 = 0.945
  -- 9 : 1 = 0.0109
  -- 9 : 2 = 0.8094
  -- 9 : 3 = 0.6417
  -- 9 : 4 = 0.0234
  -- 9 : 5 = 0.5974
  -- 9 : 6 = 0.6746
  -- 9 : 7 = 0.3673
  -- 9 : 8 = 0.0825
  -- 9 : 9 = 0.7904
  -- 9 : 10 = 0.5978
  -- 10 : 1 = 0.3769
  -- 10 : 2 = 0.0884
  -- 10 : 3 = 0.9793
  -- 10 : 4 = 0.1856
  -- 10 : 5 = 0.827
  -- 10 : 6 = 0.4063
  -- 10 : 7 = 0.9422
  -- 10 : 8 = 0.8443
  -- 10 : 9 = 0.4682
  -- 10 : 10 = 0.6664
  Inner Net 2
  -- 1 : 1 = -0.472039
  -- 1 : 2 = -0.225747
  -- 2 : 1 = -0.0416008
  -- 2 : 2 = 0.00346846
  -- 3 : 1 = -0.314435
  -- 3 : 2 = 0.100329
  -- 4 : 1 = 0.342786
  -- 4 : 2 = -0.050306
  -- 5 : 1 = -0.0281312
  -- 5 : 2 = -0.0528166
  -- 6 : 1 = 0.177872
  -- 6 : 2 = 0.0251049
  -- 7 : 1 = -0.275419
  -- 7 : 2 = 0.16794
  -- 8 : 1 = 0.476675
  -- 8 : 2 = -0.213433
  -- 9 : 1 = 0.011161
  -- 9 : 2 = -0.255931
  -- 10 : 1 = 0.032592
  -- 10 : 2 = -0.360902
Out\Act	False		True
False	0.552118	0.289862	0.84198
True	0.0575916	0.100428	0.15802
	0.60971	0.39029
	Accuracy [ (tp + tn) / testSize ]: 0.652546
	Precision [ tp / (tp + fp) ]:      0.257004
	Sensitivity [ tp / (tp + fn) ]:    0.633634
	Specificity [ tn / (tn + fp) ]:    0.655367
	F-Score [ 2tp / (2tp + fp + fn) ]: 0.366002
Particle (21):: Fit: 78.4802	PB: 78.4802	LB: 78.4802	GB: 79.2329	Conf: 1.62517	Pts: 160539
Particle (2):: Fit: 39.9915	PB: 39.9915	LB: 79.2329	GB: 79.2329	Conf: 0.731305	Pts: 55634
Particle (30):: Fit: 76.5453	PB: 76.5453	LB: 76.5453	GB: 79.2329	Conf: 1.31157	Pts: 160637
Particle (6):: Fit: 33.6019	PB: 33.6019	LB: 70.5995	GB: 79.2329	Conf: 2	Pts: 55236
Particle (38):: Fit: 32.3859	PB: 32.3859	LB: 77.6104	GB: 79.2329	Conf: 0.774268	Pts: 70533
Particle (20):: Fit: 35.7089	PB: 35.7089	LB: 78.4802	GB: 79.2329	Conf: 2	Pts: 55435
Particle (34):: Fit: 82.2241	PB: 82.2241	LB: 82.2241	GB: 82.2241	Conf: 0.668689	Pts: 230233
Global: 82.2241 - Correct: 90% of 10 tests
Global Best: 
  Inner Net 1
  -- 1 : 1 = 0.2715
  -- 1 : 2 = 0.0193
  -- 1 : 3 = 0.6141
  -- 1 : 4 = 0.1027
  -- 1 : 5 = 0.1117
  -- 1 : 6 = 0.326
  -- 1 : 7 = 0.9401
  -- 1 : 8 = 0.237
  -- 1 : 9 = 0.6042
  -- 1 : 10 = 0.5567
  -- 2 : 1 = 0.3716
  -- 2 : 2 = 0.7652
  -- 2 : 3 = 0.6485
  -- 2 : 4 = 0.1535
  -- 2 : 5 = 0.4767
  -- 2 : 6 = 0.0456
  -- 2 : 7 = 0.926
  -- 2 : 8 = 0.8294
  -- 2 : 9 = 0.6086
  -- 2 : 10 = 0.1962
  -- 3 : 1 = 0.4373
  -- 3 : 2 = 0.4942
  -- 3 : 3 = 0.0306
  -- 3 : 4 = 0.6876
  -- 3 : 5 = 0.0107
  -- 3 : 6 = 0.2428
  -- 3 : 7 = 0.2064
  -- 3 : 8 = 0.4138
  -- 3 : 9 = 0.6232
  -- 3 : 10 = 0.0362
  -- 4 : 1 = 0.213
  -- 4 : 2 = 0.795
  -- 4 : 3 = 0.101
  -- 4 : 4 = 0.8202
  -- 4 : 5 = 0.2404
  -- 4 : 6 = 0.0321
  -- 4 : 7 = 0.4427
  -- 4 : 8 = 0.0488
  -- 4 : 9 = 0.7697
  -- 4 : 10 = 0.4068
  -- 5 : 1 = 0.5444
  -- 5 : 2 = 0.896
  -- 5 : 3 = 0.7319
  -- 5 : 4 = 0.1294
  -- 5 : 5 = 0.2338
  -- 5 : 6 = 0.9695
  -- 5 : 7 = 0.2217
  -- 5 : 8 = 0.1382
  -- 5 : 9 = 0.8996
  -- 5 : 10 = 0.9182
  -- 6 : 1 = 0.4708
  -- 6 : 2 = 0.8883
  -- 6 : 3 = 0.6851
  -- 6 : 4 = 0.638
  -- 6 : 5 = 0.3156
  -- 6 : 6 = 0.9522
  -- 6 : 7 = 0.2842
  -- 6 : 8 = 0.2379
  -- 6 : 9 = 0.1399
  -- 6 : 10 = 0.2216
  -- 7 : 1 = 0.0041
  -- 7 : 2 = 0.8095
  -- 7 : 3 = 0.653
  -- 7 : 4 = 0.3176
  -- 7 : 5 = 0.5157
  -- 7 : 6 = 0.1154
  -- 7 : 7 = 0.4035
  -- 7 : 8 = 0.6775
  -- 7 : 9 = 0.4322
  -- 7 : 10 = 0.7163
  -- 8 : 1 = 0.6839
  -- 8 : 2 = 0.3535
  -- 8 : 3 = 0.6163
  -- 8 : 4 = 0.2831
  -- 8 : 5 = 0.2349
  -- 8 : 6 = 0.5009
  -- 8 : 7 = 0.1697
  -- 8 : 8 = 0.6153
  -- 8 : 9 = 0.4314
  -- 8 : 10 = 0.2526
  -- 9 : 1 = 0.6667
  -- 9 : 2 = 0.9863
  -- 9 : 3 = 0.163
  -- 9 : 4 = 0.4648
  -- 9 : 5 = 0.0493
  -- 9 : 6 = 0.5077
  -- 9 : 7 = 0.1351
  -- 9 : 8 = 0.2452
  -- 9 : 9 = 0.898
  -- 9 : 10 = 0.811
  -- 10 : 1 = 0.4196
  -- 10 : 2 = 0.7507
  -- 10 : 3 = 0.8336
  -- 10 : 4 = 0.5055
  -- 10 : 5 = 0.3037
  -- 10 : 6 = 0.6721
  -- 10 : 7 = 0.1499
  -- 10 : 8 = 0.9902
  -- 10 : 9 = 0.8354
  -- 10 : 10 = 0.0461
  Inner Net 2
  -- 1 : 1 = -0.652634
  -- 1 : 2 = -0.00119356
  -- 2 : 1 = 0.386636
  -- 2 : 2 = 0.314478
  -- 3 : 1 = 0.32063
  -- 3 : 2 = 0.139722
  -- 4 : 1 = -0.360405
  -- 4 : 2 = 0.00993948
  -- 5 : 1 = 0.316604
  -- 5 : 2 = -0.263381
  -- 6 : 1 = 0.0303472
  -- 6 : 2 = 0.259875
  -- 7 : 1 = 0.478427
  -- 7 : 2 = -0.335123
  -- 8 : 1 = -0.11538
  -- 8 : 2 = 0.42535
  -- 9 : 1 = 0.325102
  -- 9 : 2 = -0.321254
  -- 10 : 1 = -0.303216
  -- 10 : 2 = -0.151913
Out\Act	False		True
False	0.432175	0.409805	0.84198
True	0.0495002	0.10852	0.15802
	0.481675	0.518325
	Accuracy [ (tp + tn) / testSize ]: 0.540695
	Precision [ tp / (tp + fp) ]:      0.209174
	Sensitivity [ tp / (tp + fn) ]:    0.684685
	Specificity [ tn / (tn + fp) ]:    0.512994
	F-Score [ 2tp / (2tp + fp + fn) ]: 0.320675
Particle (25):: Fit: 68.9821	PB: 68.9821	LB: 78.4802	GB: 82.2241	Conf: 1.84661	Pts: 55433
Particle (36):: Fit: 34.7126	PB: 34.7126	LB: 82.2241	GB: 82.2241	Conf: 0.395611	Pts: 55429
Particle (18):: Fit: 75.9172	PB: 75.9172	LB: 78.4802	GB: 82.2241	Conf: 1.28289	Pts: 260631
Particle (30):: Fit: 84.5203	PB: 84.5203	LB: 84.5203	GB: 84.5203	Conf: 1.23541	Pts: 220729
Global: 84.5203 - Correct: 60% of 10 tests
Global Best: 
  Inner Net 1
  -- 1 : 1 = 0.2704
  -- 1 : 2 = 0.9673
  -- 1 : 3 = 0.7823
  -- 1 : 4 = 0.0217
  -- 1 : 5 = 0.9789
  -- 1 : 6 = 0.2764
  -- 1 : 7 = 0.0367
  -- 1 : 8 = 0.4915
  -- 1 : 9 = 0.9839
  -- 1 : 10 = 0.6773
  -- 2 : 1 = 0.8222
  -- 2 : 2 = 0.9058
  -- 2 : 3 = 0.2205
  -- 2 : 4 = 0.6262
  -- 2 : 5 = 0.7966
  -- 2 : 6 = 0.2365
  -- 2 : 7 = 0.6997
  -- 2 : 8 = 0.9666
  -- 2 : 9 = 0.499
  -- 2 : 10 = 0.1868
  -- 3 : 1 = 0.8208
  -- 3 : 2 = 0.4253
  -- 3 : 3 = 0.8281
  -- 3 : 4 = 0.0794
  -- 3 : 5 = 0.7497
  -- 3 : 6 = 0.7574
  -- 3 : 7 = 0.9517
  -- 3 : 8 = 0.9629
  -- 3 : 9 = 0.1535
  -- 3 : 10 = 0.8674
  -- 4 : 1 = 0.5871
  -- 4 : 2 = 0.6489
  -- 4 : 3 = 0.6857
  -- 4 : 4 = 0.062
  -- 4 : 5 = 0.2045
  -- 4 : 6 = 0.9794
  -- 4 : 7 = 0.2538
  -- 4 : 8 = 0.0809
  -- 4 : 9 = 0.6659
  -- 4 : 10 = 0.4673
  -- 5 : 1 = 0.2758
  -- 5 : 2 = 0.2064
  -- 5 : 3 = 0.4946
  -- 5 : 4 = 0.028
  -- 5 : 5 = 0.7427
  -- 5 : 6 = 0.1226
  -- 5 : 7 = 0.8574
  -- 5 : 8 = 0.9721
  -- 5 : 9 = 0.3571
  -- 5 : 10 = 0.719
  -- 6 : 1 = 0.9031
  -- 6 : 2 = 0.7172
  -- 6 : 3 = 0.4385
  -- 6 : 4 = 0.5281
  -- 6 : 5 = 0.7979
  -- 6 : 6 = 0.2655
  -- 6 : 7 = 0.2682
  -- 6 : 8 = 0.1412
  -- 6 : 9 = 0.0105
  -- 6 : 10 = 0.4139
  -- 7 : 1 = 0.6094
  -- 7 : 2 = 0.1246
  -- 7 : 3 = 0.9577
  -- 7 : 4 = 0.4645
  -- 7 : 5 = 0.4134
  -- 7 : 6 = 0.4579
  -- 7 : 7 = 0.8379
  -- 7 : 8 = 0.7259
  -- 7 : 9 = 0.5113
  -- 7 : 10 = 0.9541
  -- 8 : 1 = 0.6573
  -- 8 : 2 = 0.2063
  -- 8 : 3 = 0.729
  -- 8 : 4 = 0.5138
  -- 8 : 5 = 0.4912
  -- 8 : 6 = 0.3696
  -- 8 : 7 = 0.7364
  -- 8 : 8 = 0.3519
  -- 8 : 9 = 0.6621
  -- 8 : 10 = 0.1575
  -- 9 : 1 = 0.9593
  -- 9 : 2 = 0.2003
  -- 9 : 3 = 0.8148
  -- 9 : 4 = 0.9183
  -- 9 : 5 = 0.6326
  -- 9 : 6 = 0.1351
  -- 9 : 7 = 0.1254
  -- 9 : 8 = 0.4458
  -- 9 : 9 = 0.1116
  -- 9 : 10 = 0.8605
  -- 10 : 1 = 0.2388
  -- 10 : 2 = 0.0431
  -- 10 : 3 = 0.9627
  -- 10 : 4 = 0.8845
  -- 10 : 5 = 0.279
  -- 10 : 6 = 0.988
  -- 10 : 7 = 0.1055
  -- 10 : 8 = 0.2952
  -- 10 : 9 = 0.4209
  -- 10 : 10 = 0.1419
  Inner Net 2
  -- 1 : 1 = -0.689714
  -- 1 : 2 = 0.235004
  -- 2 : 1 = 0.556553
  -- 2 : 2 = 0.391233
  -- 3 : 1 = 0.219827
  -- 3 : 2 = 0.189561
  -- 4 : 1 = -0.358649
  -- 4 : 2 = 0.0983845
  -- 5 : 1 = 0.0132002
  -- 5 : 2 = -0.0102762
  -- 6 : 1 = 0.127674
  -- 6 : 2 = 0.0939655
  -- 7 : 1 = 0.467585
  -- 7 : 2 = -0.00111521
  -- 8 : 1 = -0.0062769
  -- 8 : 2 = 0.0944889
  -- 9 : 1 = -0.145108
  -- 9 : 2 = 0.0681332
  -- 10 : 1 = -0.373506
  -- 10 : 2 = -0.279934
Out\Act	False		True
False	0.84198	0	0.84198
True	0.15802	0	0.15802
	1	0
	Accuracy [ (tp + tn) / testSize ]: 0.84198
	Precision [ tp / (tp + fp) ]:      0
	Sensitivity [ tp / (tp + fn) ]:    0
	Specificity [ tn / (tn + fp) ]:    0.999435
	F-Score [ 2tp / (2tp + fp + fn) ]: 0
Particle (11):: Fit: 71.8554	PB: 71.8554	LB: 75.0864	GB: 84.5203	Conf: 1.1211	Pts: 245722
Particle (24):: Fit: 80.474	PB: 80.474	LB: 80.474	GB: 84.5203	Conf: 1.56366	Pts: 215522
Particle (23):: Fit: 63.9624	PB: 63.9624	LB: 80.474	GB: 84.5203	Conf: 1.8917	Pts: 55621
Particle (18):: Fit: 75.974	PB: 75.974	LB: 78.4802	GB: 84.5203	Conf: 1.31898	Pts: 275719
Particle (28):: Fit: 69.0685	PB: 69.0685	LB: 84.5203	GB: 84.5203	Conf: 1.8695	Pts: 55719
Particle (31):: Fit: 64.424	PB: 64.424	LB: 84.5203	GB: 84.5203	Conf: 1.58484	Pts: 110417
Particle (33):: Fit: 62.4559	PB: 62.4559	LB: 84.5203	GB: 84.5203	Conf: 0.864771	Pts: 60416
Particle (38):: Fit: 34.9892	PB: 34.9892	LB: 82.2241	GB: 84.5203	Conf: 0.944692	Pts: 70615
Particle (17):: Fit: 33.8174	PB: 33.8174	LB: 78.4802	GB: 84.5203	Conf: 0.0578101	Pts: 70305
Particle (31):: Fit: 78.5745	PB: 78.5745	LB: 84.5203	GB: 84.5203	Conf: 1.37016	Pts: 110516
Particle (22):: Fit: 76.5124	PB: 76.5124	LB: 80.474	GB: 84.5203	Conf: 0.363093	Pts: 85711
Particle (29):: Fit: 63.9108	PB: 63.9108	LB: 84.5203	GB: 84.5203	Conf: 1.86281	Pts: 55409
Particle (4):: Fit: 73.6104	PB: 73.6104	LB: 73.6104	GB: 84.5203	Conf: 0.960967	Pts: 165502
Particle (17):: Fit: 34.9871	PB: 34.9871	LB: 78.4802	GB: 84.5203	Conf: 0.651055	Pts: 70396
Particle (11):: Fit: 80.1463	PB: 80.1463	LB: 80.1463	GB: 84.5203	Conf: 1.2377	Pts: 295804
Particle (15):: Fit: 69.9631	PB: 69.9631	LB: 80.1463	GB: 84.5203	Conf: 1.79259	Pts: 75504
Particle (24):: Fit: 80.6705	PB: 80.6705	LB: 80.6705	GB: 84.5203	Conf: 1.61839	Pts: 245603
Particle (6):: Fit: 35.7089	PB: 35.7089	LB: 80.1463	GB: 84.5203	Conf: 2	Pts: 55303
Particle (9):: Fit: 37.7489	PB: 37.7489	LB: 80.1463	GB: 84.5203	Conf: 2	Pts: 65303
Particle (0):: Fit: 46.3104	PB: 46.3104	LB: 79.2329	GB: 84.5203	Conf: 0.177277	Pts: 110598
Particle (5):: Fit: 51.4019	PB: 51.4019	LB: 73.6104	GB: 84.5203	Conf: 0.507115	Pts: 55398
Particle (35):: Fit: 51.3222	PB: 51.3222	LB: 82.2241	GB: 84.5203	Conf: 0.857315	Pts: 55298
Particle (1):: Fit: 64.7954	PB: 64.7954	LB: 79.2329	GB: 84.5203	Conf: 0.763288	Pts: 110297
Particle (2):: Fit: 51.0041	PB: 51.0041	LB: 79.2329	GB: 84.5203	Conf: 0.756146	Pts: 55691
Particle (13):: Fit: 42.7896	PB: 42.7896	LB: 80.1463	GB: 84.5203	Conf: 1.10279	Pts: 110193
Particle (38):: Fit: 48.8545	PB: 48.8545	LB: 82.2241	GB: 84.5203	Conf: 0.840033	Pts: 70693
Particle (2):: Fit: 51.396	PB: 51.396	LB: 79.2329	GB: 84.5203	Conf: 0.653291	Pts: 55790
Particle (16):: Fit: 62.8078	PB: 62.8078	LB: 78.4802	GB: 84.5203	Conf: 1.29756	Pts: 105296
Particle (20):: Fit: 63.8824	PB: 63.8824	LB: 80.6705	GB: 84.5203	Conf: 0.486194	Pts: 55496
Particle (36):: Fit: 56.634	PB: 56.634	LB: 82.2241	GB: 84.5203	Conf: 1.5562	Pts: 55491
Particle (46):: Fit: 51.3988	PB: 51.3988	LB: 79.2329	GB: 84.5203	Conf: 0.640979	Pts: 50591
Particle (13):: Fit: 49.8692	PB: 49.8692	LB: 80.1463	GB: 84.5203	Conf: 0.302391	Pts: 110291
Particle (38):: Fit: 48.9296	PB: 48.9296	LB: 82.2241	GB: 84.5203	Conf: 0.89074	Pts: 70791
Particle (45):: Fit: 45.9877	PB: 45.9877	LB: 79.2329	GB: 84.5203	Conf: 1.69235	Pts: 75095
Particle (1):: Fit: 66.8844	PB: 66.8844	LB: 79.2329	GB: 84.5203	Conf: 0.860288	Pts: 110394
Particle (9):: Fit: 48.8904	PB: 48.8904	LB: 80.1463	GB: 84.5203	Conf: 0.59628	Pts: 65394
Particle (13):: Fit: 62.0943	PB: 62.0943	LB: 80.1463	GB: 84.5203	Conf: 0.668066	Pts: 110390
Particle (23):: Fit: 69.94	PB: 69.94	LB: 80.6705	GB: 84.5203	Conf: 0.643508	Pts: 55694
Particle (41):: Fit: 49.5348	PB: 49.5348	LB: 77.6104	GB: 84.5203	Conf: 0.69715	Pts: 50388
Particle (5):: Fit: 60.6889	PB: 60.6889	LB: 73.6104	GB: 84.5203	Conf: 0.670948	Pts: 55493
Particle (6):: Fit: 62.922	PB: 62.922	LB: 80.1463	GB: 84.5203	Conf: 0.697871	Pts: 55393
Particle (37):: Fit: 42.4199	PB: 42.4199	LB: 82.2241	GB: 84.5203	Conf: 0.552702	Pts: 60290
Particle (45):: Fit: 64.5034	PB: 64.5034	LB: 79.2329	GB: 84.5203	Conf: 0.644256	Pts: 75193
Particle (47):: Fit: 63.9911	PB: 63.9911	LB: 79.2329	GB: 84.5203	Conf: 0.794537	Pts: 60293
Particle (48):: Fit: 48.8707	PB: 48.8707	LB: 79.2329	GB: 84.5203	Conf: 0.715682	Pts: 50492
Particle (18):: Fit: 80.5368	PB: 80.5368	LB: 80.5368	GB: 84.5203	Conf: 0.360075	Pts: 305792
Particle (3):: Fit: 81.0792	PB: 81.0792	LB: 81.0792	GB: 84.5203	Conf: 0.759514	Pts: 110290
Particle (5):: Fit: 69.0016	PB: 69.0016	LB: 81.0792	GB: 84.5203	Conf: 0.642083	Pts: 55588
Particle (10):: Fit: 70.5489	PB: 70.5489	LB: 80.1463	GB: 84.5203	Conf: 0.511775	Pts: 55577
Particle (33):: Fit: 64.401	PB: 64.401	LB: 84.5203	GB: 84.5203	Conf: 0.365825	Pts: 60485
Particle (35):: Fit: 58.3331	PB: 58.3331	LB: 82.2241	GB: 84.5203	Conf: 0.800366	Pts: 55388
Particle (37):: Fit: 54.5091	PB: 54.5091	LB: 82.2241	GB: 84.5203	Conf: 0.40873	Pts: 60385
Particle (43):: Fit: 38.2088	PB: 38.2088	LB: 77.6104	GB: 84.5203	Conf: 0.379777	Pts: 50188
Particle (19):: Fit: 43.9949	PB: 43.9949	LB: 80.6705	GB: 84.5203	Conf: 0.892352	Pts: 80478
Particle (0):: Fit: 50.9267	PB: 50.9267	LB: 81.0792	GB: 84.5203	Conf: 0.773698	Pts: 110686
Particle (37):: Fit: 55.5037	PB: 55.5037	LB: 82.2241	GB: 84.5203	Conf: 0.711939	Pts: 60483
Particle (43):: Fit: 38.9559	PB: 38.9559	LB: 77.6104	GB: 84.5203	Conf: 0.275583	Pts: 50286
Particle (48):: Fit: 52.2612	PB: 52.2612	LB: 81.0792	GB: 84.5203	Conf: 0.634468	Pts: 50585
Particle (2):: Fit: 57.0825	PB: 57.0825	LB: 81.0792	GB: 84.5203	Conf: 0.727732	Pts: 55879
Particle (38):: Fit: 63.955	PB: 63.955	LB: 82.2241	GB: 84.5203	Conf: 0.773606	Pts: 70880
Particle (17):: Fit: 36.1877	PB: 36.1877	LB: 80.5368	GB: 84.5203	Conf: 0.622737	Pts: 70471
Particle (43):: Fit: 57.1506	PB: 57.1506	LB: 77.6104	GB: 84.5203	Conf: 0.550709	Pts: 50384
Particle (45):: Fit: 80.5034	PB: 80.5034	LB: 80.5034	GB: 84.5203	Conf: 0.653714	Pts: 115284
Particle (0):: Fit: 60.2774	PB: 60.2774	LB: 81.0792	GB: 84.5203	Conf: 0.378567	Pts: 110783
Particle (37):: Fit: 66.3352	PB: 66.3352	LB: 82.2241	GB: 84.5203	Conf: 0.627004	Pts: 60580
Particle (33):: Fit: 70.3881	PB: 70.3881	LB: 84.5203	GB: 84.5203	Conf: 0.234008	Pts: 60579
Particle (43):: Fit: 58.432	PB: 58.432	LB: 80.5034	GB: 84.5203	Conf: 0.682635	Pts: 50482
Particle (19):: Fit: 44.1489	PB: 44.1489	LB: 80.6705	GB: 84.5203	Conf: 0.289404	Pts: 80572
Particle (27):: Fit: 77.1963	PB: 77.1963	LB: 84.5203	GB: 84.5203	Conf: 0.76733	Pts: 55381
Particle (33):: Fit: 82.4633	PB: 82.4633	LB: 84.5203	GB: 84.5203	Conf: 0.452788	Pts: 75677
Particle (37):: Fit: 71.4828	PB: 71.4828	LB: 82.4633	GB: 84.5203	Conf: 0.900829	Pts: 60677
Particle (1):: Fit: 67.1516	PB: 67.1516	LB: 81.0792	GB: 84.5203	Conf: 0.619488	Pts: 110479
Particle (2):: Fit: 77.2326	PB: 77.2326	LB: 81.0792	GB: 84.5203	Conf: 0.709216	Pts: 55972
Particle (19):: Fit: 53.8733	PB: 53.8733	LB: 80.6705	GB: 84.5203	Conf: 0.525606	Pts: 80670
Particle (46):: Fit: 57.1955	PB: 57.1955	LB: 80.5034	GB: 84.5203	Conf: 0.746599	Pts: 50673
Particle (19):: Fit: 60.5842	PB: 60.5842	LB: 80.6705	GB: 84.5203	Conf: 0.481794	Pts: 80769
Particle (35):: Fit: 64.6958	PB: 64.6958	LB: 82.4633	GB: 84.5203	Conf: 0.461453	Pts: 55478
Particle (43):: Fit: 64.1115	PB: 64.1115	LB: 80.5034	GB: 84.5203	Conf: 0.626507	Pts: 50578
Particle (46):: Fit: 65.7827	PB: 65.7827	LB: 80.5034	GB: 84.5203	Conf: 0.689952	Pts: 50772
Particle (37):: Fit: 74.2115	PB: 74.2115	LB: 82.4633	GB: 84.5203	Conf: 0.56219	Pts: 60774
Particle (14):: Fit: 43.9427	PB: 43.9427	LB: 80.5368	GB: 84.5203	Conf: 0.564342	Pts: 55274
Particle (17):: Fit: 48.5268	PB: 48.5268	LB: 80.5368	GB: 84.5203	Conf: 0.663384	Pts: 70562
Particle (14):: Fit: 48.735	PB: 48.735	LB: 80.5368	GB: 84.5203	Conf: 0.443036	Pts: 55373
Particle (19):: Fit: 60.6032	PB: 60.6032	LB: 80.6705	GB: 84.5203	Conf: 0.752372	Pts: 80865
Particle (41):: Fit: 50.7191	PB: 50.7191	LB: 80.5034	GB: 84.5203	Conf: 0.839869	Pts: 50468
Particle (48):: Fit: 63.0145	PB: 63.0145	LB: 81.0792	GB: 84.5203	Conf: 0.632777	Pts: 50673
Particle (9):: Fit: 58.7106	PB: 58.7106	LB: 80.1463	GB: 84.5203	Conf: 0.63155	Pts: 65473
Particle (32):: Fit: 65.0142	PB: 65.0142	LB: 84.5203	GB: 84.5203	Conf: 1.78282	Pts: 55367
Particle (47):: Fit: 78.5314	PB: 78.5314	LB: 80.5034	GB: 84.5203	Conf: 0.0264972	Pts: 60372
Particle (41):: Fit: 57.0753	PB: 57.0753	LB: 80.5034	GB: 84.5203	Conf: 0.734982	Pts: 50566
Particle (19):: Fit: 64.3093	PB: 64.3093	LB: 80.6705	GB: 84.5203	Conf: 0.165992	Pts: 80961
Particle (41):: Fit: 70.2029	PB: 70.2029	LB: 80.5034	GB: 84.5203	Conf: 0.568433	Pts: 50664
Particle (2):: Fit: 81.4253	PB: 81.4253	LB: 81.4253	GB: 84.5203	Conf: 0.551947	Pts: 106060
Particle (23):: Fit: 77.2754	PB: 77.2754	LB: 80.6705	GB: 84.5203	Conf: 0.715092	Pts: 55766
Particle (28):: Fit: 74.5013	PB: 74.5013	LB: 84.5203	GB: 84.5203	Conf: 0.584762	Pts: 55765
Particle (13):: Fit: 71.2342	PB: 71.2342	LB: 80.5368	GB: 84.5203	Conf: 0.237833	Pts: 110459
Particle (16):: Fit: 72.8731	PB: 72.8731	LB: 80.5368	GB: 84.5203	Conf: 0.551122	Pts: 105362
Particle (20):: Fit: 65.765	PB: 65.765	LB: 80.6705	GB: 84.5203	Conf: 0.312578	Pts: 55562
Particle (9):: Fit: 62.2778	PB: 62.2778	LB: 80.1463	GB: 84.5203	Conf: 0.575985	Pts: 65562
Particle (41):: Fit: 81.8448	PB: 81.8448	LB: 81.8448	GB: 84.5203	Conf: 0.792286	Pts: 85756
Particle (9):: Fit: 73.0105	PB: 73.0105	LB: 80.1463	GB: 84.5203	Conf: 0.475322	Pts: 65661
Particle (25):: Fit: 74.2593	PB: 74.2593	LB: 84.5203	GB: 84.5203	Conf: 0.611487	Pts: 55461
Particle (35):: Fit: 66.361	PB: 66.361	LB: 82.4633	GB: 84.5203	Conf: 0.321604	Pts: 55561
Particle (43):: Fit: 64.7938	PB: 64.7938	LB: 81.8448	GB: 84.5203	Conf: 0.609692	Pts: 50661
Particle (17):: Fit: 53.9536	PB: 53.9536	LB: 80.5368	GB: 84.5203	Conf: 0.757973	Pts: 70647
Particle (46):: Fit: 81.379	PB: 81.379	LB: 81.379	GB: 84.5203	Conf: 0.717335	Pts: 55853
Particle (8):: Fit: 87.4483	PB: 87.4483	LB: 87.4483	GB: 87.4483	Conf: 0.8272	Pts: 150257
Global: 87.4483 - Correct: 93.3333% of 15 tests
Global Best: 
  Inner Net 1
  -- 1 : 1 = -0.5
  -- 1 : 2 = 0.177493
  -- 1 : 3 = 0.0591245
  -- 1 : 4 = 0.192823
  -- 1 : 5 = 0.0892742
  -- 1 : 6 = 0.758864
  -- 1 : 7 = 0.0343923
  -- 1 : 8 = 0.5
  -- 1 : 9 = 0.330552
  -- 1 : 10 = 0.243315
  -- 2 : 1 = -1
  -- 2 : 2 = 0.515726
  -- 2 : 3 = 0.585181
  -- 2 : 4 = 0.0293406
  -- 2 : 5 = 0.36341
  -- 2 : 6 = 0.258259
  -- 2 : 7 = 0.0855301
  -- 2 : 8 = -0.263248
  -- 2 : 9 = 0.379155
  -- 2 : 10 = 0.228623
  -- 3 : 1 = 0.599607
  -- 3 : 2 = -0.270641
  -- 3 : 3 = 0.367141
  -- 3 : 4 = 0.199961
  -- 3 : 5 = 0.651414
  -- 3 : 6 = 0.776085
  -- 3 : 7 = 0.419261
  -- 3 : 8 = 0.468012
  -- 3 : 9 = 0.387075
  -- 3 : 10 = -0.0306391
  -- 4 : 1 = 0.378326
  -- 4 : 2 = 0.665629
  -- 4 : 3 = -0.0918294
  -- 4 : 4 = -0.217236
  -- 4 : 5 = 0.390203
  -- 4 : 6 = 0.669815
  -- 4 : 7 = 0.292141
  -- 4 : 8 = -0.0429598
  -- 4 : 9 = -0.0389389
  -- 4 : 10 = -0.232223
  -- 5 : 1 = -0.0140035
  -- 5 : 2 = -0.219289
  -- 5 : 3 = 0.725291
  -- 5 : 4 = 0.393997
  -- 5 : 5 = 0.976718
  -- 5 : 6 = -0.0109204
  -- 5 : 7 = 0.214698
  -- 5 : 8 = 0.852323
  -- 5 : 9 = 0.013797
  -- 5 : 10 = 0.545009
  -- 6 : 1 = 0.189622
  -- 6 : 2 = 0.295354
  -- 6 : 3 = 0.27801
  -- 6 : 4 = 0.304992
  -- 6 : 5 = 0.548285
  -- 6 : 6 = 0.301524
  -- 6 : 7 = 0
  -- 6 : 8 = 0.0159659
  -- 6 : 9 = 0.0917859
  -- 6 : 10 = -0.0873605
  -- 7 : 1 = 0.67372
  -- 7 : 2 = 0.319751
  -- 7 : 3 = 0.976466
  -- 7 : 4 = 0.197831
  -- 7 : 5 = 0.0723906
  -- 7 : 6 = 0.238672
  -- 7 : 7 = 0.155555
  -- 7 : 8 = 0.526135
  -- 7 : 9 = -0.0503481
  -- 7 : 10 = 0.334635
  -- 8 : 1 = 0.444678
  -- 8 : 2 = -0.185271
  -- 8 : 3 = 0.381782
  -- 8 : 4 = -0.24395
  -- 8 : 5 = 0.0845567
  -- 8 : 6 = 0.167585
  -- 8 : 7 = -0.218851
  -- 8 : 8 = 0.596859
  -- 8 : 9 = 0.700618
  -- 8 : 10 = -0.152918
  -- 9 : 1 = -0.5
  -- 9 : 2 = 0.461495
  -- 9 : 3 = 0.208348
  -- 9 : 4 = -0.0769574
  -- 9 : 5 = 0.75659
  -- 9 : 6 = 0.341497
  -- 9 : 7 = 0.81624
  -- 9 : 8 = 0.377104
  -- 9 : 9 = 0.0947069
  -- 9 : 10 = 0.0556236
  -- 10 : 1 = 0.758431
  -- 10 : 2 = 0.458182
  -- 10 : 3 = 0.0294067
  -- 10 : 4 = 0.471723
  -- 10 : 5 = -0.5
  -- 10 : 6 = 0.643734
  -- 10 : 7 = -0.308343
  -- 10 : 8 = 0.256444
  -- 10 : 9 = -0.0283231
  -- 10 : 10 = 0.0617691
  Inner Net 2
  -- 1 : 1 = -0.600967
  -- 1 : 2 = 0.334844
  -- 2 : 1 = 0.227878
  -- 2 : 2 = -0.158682
  -- 3 : 1 = -0.373185
  -- 3 : 2 = -0.0190611
  -- 4 : 1 = 0.299084
  -- 4 : 2 = 0.212193
  -- 5 : 1 = 0.223081
  -- 5 : 2 = 0.14879
  -- 6 : 1 = 0.238499
  -- 6 : 2 = 0.00133958
  -- 7 : 1 = -0.272945
  -- 7 : 2 = -0.0759405
  -- 8 : 1 = -0.241458
  -- 8 : 2 = -0.0433872
  -- 9 : 1 = -0.76159
  -- 9 : 2 = 0.0541607
  -- 10 : 1 = 0.010694
  -- 10 : 2 = 0.433681
Out\Act	False		True
False	0.10376	0.73822	0.84198
True	0.0166587	0.141361	0.15802
	0.120419	0.879581
	Accuracy [ (tp + tn) / testSize ]: 0.245121
	Precision [ tp / (tp + fp) ]:      0.160627
	Sensitivity [ tp / (tp + fn) ]:    0.891892
	Specificity [ tn / (tn + fp) ]:    0.123164
	F-Score [ 2tp / (2tp + fp + fn) ]: 0.272352
Particle (5):: Fit: 69.514	PB: 69.514	LB: 87.4483	GB: 87.4483	Conf: 0.898559	Pts: 55656
Particle (5):: Fit: 72.3067	PB: 72.3067	LB: 87.4483	GB: 87.4483	Conf: 0.359739	Pts: 55755
Particle (19):: Fit: 65.5553	PB: 65.5553	LB: 80.6705	GB: 87.4483	Conf: 0.446798	Pts: 81044
Particle (39):: Fit: 76.263	PB: 76.263	LB: 81.8448	GB: 87.4483	Conf: 0.643794	Pts: 80253
Particle (14):: Fit: 56.1698	PB: 56.1698	LB: 80.5368	GB: 87.4483	Conf: 0.567809	Pts: 55452
Particle (29):: Fit: 65.316	PB: 65.316	LB: 84.5203	GB: 87.4483	Conf: 0.709273	Pts: 55450
Particle (35):: Fit: 76.4791	PB: 76.4791	LB: 82.4633	GB: 87.4483	Conf: 0.302431	Pts: 55650
Particle (6):: Fit: 66.5006	PB: 66.5006	LB: 87.4483	GB: 87.4483	Conf: 0.52215	Pts: 55442
Particle (26):: Fit: 86.7028	PB: 86.7028	LB: 86.7028	GB: 87.4483	Conf: 0.848446	Pts: 270343
Particle (19):: Fit: 69.4288	PB: 69.4288	LB: 80.6705	GB: 87.4483	Conf: 0.523202	Pts: 81134
Particle (6):: Fit: 70.4228	PB: 70.4228	LB: 87.4483	GB: 87.4483	Conf: 0.503228	Pts: 55539
Particle (0):: Fit: 70.093	PB: 70.093	LB: 81.4253	GB: 87.4483	Conf: 0.278357	Pts: 110842
Particle (38):: Fit: 73.2443	PB: 73.2443	LB: 82.2241	GB: 87.4483	Conf: 0.690183	Pts: 70933
Particle (1):: Fit: 81.7418	PB: 81.7418	LB: 81.7418	GB: 87.4483	Conf: 0.797826	Pts: 145531
Particle (43):: Fit: 70.3934	PB: 70.3934	LB: 81.8448	GB: 87.4483	Conf: 0.432642	Pts: 50731
Particle (5):: Fit: 73.0926	PB: 73.0926	LB: 87.4483	GB: 87.4483	Conf: 0.679777	Pts: 55828
Particle (21):: Fit: 80.1979	PB: 80.1979	LB: 86.7028	GB: 87.4483	Conf: 0.485094	Pts: 160526
Particle (15):: Fit: 71.8613	PB: 71.8613	LB: 80.5368	GB: 87.4483	Conf: 0.312254	Pts: 75524
Particle (48):: Fit: 65.4501	PB: 65.4501	LB: 81.7418	GB: 87.4483	Conf: 0.450857	Pts: 50724
Particle (29):: Fit: 69.8448	PB: 69.8448	LB: 86.7028	GB: 87.4483	Conf: 0.838624	Pts: 55522
Particle (44):: Fit: 76.4614	PB: 76.4614	LB: 81.8448	GB: 87.4483	Conf: 0.338223	Pts: 65314
Particle (29):: Fit: 73.518	PB: 73.518	LB: 86.7028	GB: 87.4483	Conf: 0.602818	Pts: 55621
Particle (48):: Fit: 72.4943	PB: 72.4943	LB: 81.7418	GB: 87.4483	Conf: 0.558454	Pts: 50821
Particle (44):: Fit: 77.2716	PB: 77.2716	LB: 81.8448	GB: 87.4483	Conf: 0.516071	Pts: 65411
Particle (19):: Fit: 72.4139	PB: 72.4139	LB: 80.6705	GB: 87.4483	Conf: 0.61079	Pts: 81208
Particle (5):: Fit: 75.1394	PB: 75.1394	LB: 87.4483	GB: 87.4483	Conf: 0.286352	Pts: 55916
Particle (9):: Fit: 76.2237	PB: 76.2237	LB: 87.4483	GB: 87.4483	Conf: 0.645483	Pts: 65708
Particle (20):: Fit: 71.9324	PB: 71.9324	LB: 80.6705	GB: 87.4483	Conf: 0.376162	Pts: 55609
Particle (48):: Fit: 78.4575	PB: 78.4575	LB: 81.7418	GB: 87.4483	Conf: 0.325329	Pts: 50907
Particle (0):: Fit: 75.7617	PB: 75.7617	LB: 81.7418	GB: 87.4483	Conf: 0.439307	Pts: 110903
Particle (28):: Fit: 76.5213	PB: 76.5213	LB: 86.7028	GB: 87.4483	Conf: 0.588475	Pts: 55800
Particle (7):: Fit: 72.0801	PB: 72.0801	LB: 87.4483	GB: 87.4483	Conf: 0.417253	Pts: 75289
Particle (20):: Fit: 72.0247	PB: 72.0247	LB: 80.6705	GB: 87.4483	Conf: 0.536842	Pts: 55681
Particle (3):: Fit: 81.8807	PB: 81.8807	LB: 87.4483	GB: 87.4483	Conf: 0.859952	Pts: 135279
Particle (7):: Fit: 76.4431	PB: 76.4431	LB: 87.4483	GB: 87.4483	Conf: 0.826952	Pts: 75373
Particle (27):: Fit: 80.0786	PB: 80.0786	LB: 86.7028	GB: 87.4483	Conf: 0.642683	Pts: 55367
Particle (21):: Fit: 81.4107	PB: 81.4107	LB: 86.7028	GB: 87.4483	Conf: 0.611888	Pts: 185569
Particle (10):: Fit: 71.0121	PB: 71.0121	LB: 87.4483	GB: 87.4483	Conf: 0.718403	Pts: 55555
Particle (43):: Fit: 81.6467	PB: 81.6467	LB: 81.8448	GB: 87.4483	Conf: 0.724099	Pts: 50769
Particle (37):: Fit: 81.8441	PB: 81.8441	LB: 82.4633	GB: 87.4483	Conf: 0.859602	Pts: 60760
Particle (45):: Fit: 83.0437	PB: 83.0437	LB: 83.0437	GB: 87.4483	Conf: 0.826926	Pts: 165244
Particle (15):: Fit: 72.0091	PB: 72.0091	LB: 80.5368	GB: 87.4483	Conf: 0.458724	Pts: 75535
Particle (17):: Fit: 61.8915	PB: 61.8915	LB: 81.4107	GB: 87.4483	Conf: 0.635112	Pts: 70621
Particle (21):: Fit: 83.2035	PB: 83.2035	LB: 86.7028	GB: 87.4483	Conf: 0.742963	Pts: 210635
Particle (20):: Fit: 76.4616	PB: 76.4616	LB: 83.2035	GB: 87.4483	Conf: 0.350122	Pts: 55734
Particle (33):: Fit: 89.2036	PB: 89.2036	LB: 89.2036	GB: 89.2036	Conf: 0.931108	Pts: 135627
Global: 89.2036 - Correct: 93.75% of 16 tests
Global Best: 
  Inner Net 1
  -- 1 : 1 = 0.221215
  -- 1 : 2 = 0.010262
  -- 1 : 3 = -0.249587
  -- 1 : 4 = 0.0571908
  -- 1 : 5 = -0.118366
  -- 1 : 6 = 0.15695
  -- 1 : 7 = 0.270077
  -- 1 : 8 = 0.126938
  -- 1 : 9 = 0.132177
  -- 1 : 10 = -0.0565121
  -- 2 : 1 = 0.426174
  -- 2 : 2 = -0.016889
  -- 2 : 3 = 0.38381
  -- 2 : 4 = 0.174836
  -- 2 : 5 = -0.152304
  -- 2 : 6 = -0.0084002
  -- 2 : 7 = 0.390879
  -- 2 : 8 = -0.066126
  -- 2 : 9 = 0.384609
  -- 2 : 10 = -0.351635
  -- 3 : 1 = -0.5
  -- 3 : 2 = -0.0469966
  -- 3 : 3 = 0.483258
  -- 3 : 4 = 0.160859
  -- 3 : 5 = 0.412476
  -- 3 : 6 = 0.287035
  -- 3 : 7 = 0.416361
  -- 3 : 8 = 0.387165
  -- 3 : 9 = 0.253639
  -- 3 : 10 = -0.223524
  -- 4 : 1 = 0.535471
  -- 4 : 2 = -0.118859
  -- 4 : 3 = -0.188378
  -- 4 : 4 = 0.292948
  -- 4 : 5 = -0.312654
  -- 4 : 6 = 0.306496
  -- 4 : 7 = 0.331595
  -- 4 : 8 = 0.521552
  -- 4 : 9 = -0.061163
  -- 4 : 10 = -0.277399
  -- 5 : 1 = 0.283617
  -- 5 : 2 = -0.149117
  -- 5 : 3 = 0.369594
  -- 5 : 4 = 0.0832781
  -- 5 : 5 = -0.395087
  -- 5 : 6 = -0.38275
  -- 5 : 7 = 0.242006
  -- 5 : 8 = 0.143321
  -- 5 : 9 = -0.292906
  -- 5 : 10 = -0.353698
  -- 6 : 1 = 0.117657
  -- 6 : 2 = 0.0367744
  -- 6 : 3 = -0.157513
  -- 6 : 4 = 0.121524
  -- 6 : 5 = 0.0198678
  -- 6 : 6 = -0.0157357
  -- 6 : 7 = -0.0251933
  -- 6 : 8 = 0.0658872
  -- 6 : 9 = 0.163507
  -- 6 : 10 = 0.219023
  -- 7 : 1 = 0.416798
  -- 7 : 2 = -0.142206
  -- 7 : 3 = -0.100565
  -- 7 : 4 = -0.286028
  -- 7 : 5 = 0.0103804
  -- 7 : 6 = 0.247392
  -- 7 : 7 = -0.155537
  -- 7 : 8 = -0.0987251
  -- 7 : 9 = 0.247125
  -- 7 : 10 = 0.0259769
  -- 8 : 1 = 0.370667
  -- 8 : 2 = 0.162163
  -- 8 : 3 = 0.0361218
  -- 8 : 4 = 0.0467114
  -- 8 : 5 = 0.0718925
  -- 8 : 6 = -0.14124
  -- 8 : 7 = -0.0800978
  -- 8 : 8 = 0.125308
  -- 8 : 9 = 0.42361
  -- 8 : 10 = 0.488603
  -- 9 : 1 = 1
  -- 9 : 2 = 0.324599
  -- 9 : 3 = -0.0990233
  -- 9 : 4 = 0.413335
  -- 9 : 5 = -0.0320601
  -- 9 : 6 = 0.228361
  -- 9 : 7 = 0.515767
  -- 9 : 8 = 0.274431
  -- 9 : 9 = -0.0186752
  -- 9 : 10 = -0.215436
  -- 10 : 1 = 0.4889
  -- 10 : 2 = 0.0603503
  -- 10 : 3 = 0.0977808
  -- 10 : 4 = 0.354489
  -- 10 : 5 = -0.288613
  -- 10 : 6 = 0.0767176
  -- 10 : 7 = 0.481051
  -- 10 : 8 = 0.0662774
  -- 10 : 9 = -0.162029
  -- 10 : 10 = -0.121246
  Inner Net 2
  -- 1 : 1 = -0.798344
  -- 1 : 2 = 0.0825517
  -- 2 : 1 = 0.506374
  -- 2 : 2 = 0.0281419
  -- 3 : 1 = 0.303029
  -- 3 : 2 = 0.134379
  -- 4 : 1 = -0.330931
  -- 4 : 2 = -0.105405
  -- 5 : 1 = -0.0157895
  -- 5 : 2 = 0.296666
  -- 6 : 1 = -0.210799
  -- 6 : 2 = 0.35165
  -- 7 : 1 = 0.725743
  -- 7 : 2 = 0.426426
  -- 8 : 1 = -0.14694
  -- 8 : 2 = 0.136951
  -- 9 : 1 = -0.300033
  -- 9 : 2 = 0.467208
  -- 10 : 1 = -0.43097
  -- 10 : 2 = -0.510254
Out\Act	False		True
False	0.39505	0.44693	0.84198
True	0.065683	0.092337	0.15802
	0.460733	0.539267
	Accuracy [ (tp + tn) / testSize ]: 0.487387
	Precision [ tp / (tp + fp) ]:      0.171076
	Sensitivity [ tp / (tp + fn) ]:    0.582583
	Specificity [ tn / (tn + fp) ]:    0.468927
	F-Score [ 2tp / (2tp + fp + fn) ]: 0.264666
Particle (5):: Fit: 77.0161	PB: 77.0161	LB: 87.4483	GB: 89.2036	Conf: 0.836187	Pts: 55926
Particle (15):: Fit: 74.2626	PB: 74.2626	LB: 80.5368	GB: 89.2036	Conf: 0.686379	Pts: 75619
Particle (13):: Fit: 79.4967	PB: 79.4967	LB: 80.5368	GB: 89.2036	Conf: 0.503193	Pts: 110413
Particle (3):: Fit: 81.8916	PB: 81.8916	LB: 87.4483	GB: 89.2036	Conf: 0.821901	Pts: 150314
Particle (9):: Fit: 81.9296	PB: 81.9296	LB: 87.4483	GB: 89.2036	Conf: 0.36341	Pts: 70711
Particle (22):: Fit: 77.7323	PB: 77.7323	LB: 86.7028	GB: 89.2036	Conf: 0.609428	Pts: 85608
Particle (37):: Fit: 82.2222	PB: 82.2222	LB: 89.2036	GB: 89.2036	Conf: 0.541993	Pts: 65805
Particle (42):: Fit: 76.0146	PB: 76.0146	LB: 83.0437	GB: 89.2036	Conf: 0.579649	Pts: 100500
Particle (29):: Fit: 82.579	PB: 82.579	LB: 89.2036	GB: 89.2036	Conf: 0.631018	Pts: 55604
Particle (10):: Fit: 76.3618	PB: 76.3618	LB: 87.4483	GB: 89.2036	Conf: 0.692213	Pts: 55587
Particle (25):: Fit: 75.0668	PB: 75.0668	LB: 86.7028	GB: 89.2036	Conf: 0.591371	Pts: 55391
Particle (2):: Fit: 85.8101	PB: 85.8101	LB: 85.8101	GB: 89.2036	Conf: 0.692133	Pts: 135983
Particle (48):: Fit: 80.117	PB: 80.117	LB: 85.8101	GB: 89.2036	Conf: 0.472559	Pts: 50888
Particle (3):: Fit: 87.3865	PB: 87.3865	LB: 87.4483	GB: 89.2036	Conf: 0.534004	Pts: 175386
Particle (44):: Fit: 77.3413	PB: 77.3413	LB: 83.0437	GB: 89.2036	Conf: 0.441236	Pts: 65366
Particle (19):: Fit: 76.2324	PB: 76.2324	LB: 83.2035	GB: 89.2036	Conf: 0.565835	Pts: 81165
Particle (6):: Fit: 76.244	PB: 76.244	LB: 87.4483	GB: 89.2036	Conf: 0.497474	Pts: 55461
Particle (25):: Fit: 75.9081	PB: 75.9081	LB: 86.7028	GB: 89.2036	Conf: 0.467522	Pts: 55469
Particle (44):: Fit: 80.819	PB: 80.819	LB: 83.0437	GB: 89.2036	Conf: 0.492776	Pts: 65450
Particle (47):: Fit: 80.6877	PB: 80.6877	LB: 85.8101	GB: 89.2036	Conf: 0.275573	Pts: 60257
Particle (38):: Fit: 74.0228	PB: 74.0228	LB: 82.2241	GB: 89.2036	Conf: 0.602378	Pts: 70850
Particle (10):: Fit: 77.7296	PB: 77.7296	LB: 87.4483	GB: 89.2036	Conf: 0.516744	Pts: 55638
Particle (6):: Fit: 76.5706	PB: 76.5706	LB: 87.4483	GB: 89.2036	Conf: 0.414383	Pts: 55540
Particle (36):: Fit: 57.223	PB: 57.223	LB: 89.2036	GB: 89.2036	Conf: 0.547034	Pts: 55337
Particle (16):: Fit: 75.0603	PB: 75.0603	LB: 83.2035	GB: 89.2036	Conf: 0.742795	Pts: 105234
Particle (16):: Fit: 82.3181	PB: 82.3181	LB: 83.2035	GB: 89.2036	Conf: 0.433547	Pts: 120310
Particle (0):: Fit: 81.8445	PB: 81.8445	LB: 87.3865	GB: 89.2036	Conf: 0.691247	Pts: 110810
Particle (25):: Fit: 76.2659	PB: 76.2659	LB: 86.7028	GB: 89.2036	Conf: 0.634522	Pts: 55505
Particle (4):: Fit: 75.2987	PB: 75.2987	LB: 87.4483	GB: 89.2036	Conf: 0.296289	Pts: 165295
Particle (11):: Fit: 82.7392	PB: 82.7392	LB: 87.4483	GB: 89.2036	Conf: 0.774202	Pts: 310599
Particle (31):: Fit: 79.612	PB: 79.612	LB: 89.2036	GB: 89.2036	Conf: 0.946007	Pts: 110266
Particle (14):: Fit: 62.1152	PB: 62.1152	LB: 82.7392	GB: 89.2036	Conf: 0.639799	Pts: 55255
Particle (38):: Fit: 74.9286	PB: 74.9286	LB: 82.2241	GB: 89.2036	Conf: 0.727063	Pts: 70861
Particle (38):: Fit: 75.9685	PB: 75.9685	LB: 82.2241	GB: 89.2036	Conf: 0.785719	Pts: 70960
Particle (38):: Fit: 78.2671	PB: 78.2671	LB: 82.2241	GB: 89.2036	Conf: 0.502564	Pts: 71058
Particle (5):: Fit: 80.0523	PB: 80.0523	LB: 87.4483	GB: 89.2036	Conf: 0.672197	Pts: 55855
Particle (28):: Fit: 76.7973	PB: 76.7973	LB: 89.2036	GB: 89.2036	Conf: 0.431663	Pts: 55647
Particle (36):: Fit: 62.224	PB: 62.224	LB: 89.2036	GB: 89.2036	Conf: 0.544618	Pts: 55339
Particle (35):: Fit: 78.7917	PB: 78.7917	LB: 89.2036	GB: 89.2036	Conf: 0.453367	Pts: 55421
Particle (4):: Fit: 79.2511	PB: 79.2511	LB: 87.4483	GB: 89.2036	Conf: 0.106665	Pts: 165317
Particle (36):: Fit: 63.0122	PB: 63.0122	LB: 89.2036	GB: 89.2036	Conf: 0.477924	Pts: 55414
Particle (23):: Fit: 82.1946	PB: 82.1946	LB: 86.7028	GB: 89.2036	Conf: 0.468981	Pts: 55503
Particle (15):: Fit: 75.5608	PB: 75.5608	LB: 82.7392	GB: 89.2036	Conf: 0.22158	Pts: 75498
Particle (19):: Fit: 81.1625	PB: 81.1625	LB: 83.2035	GB: 89.2036	Conf: 0.52972	Pts: 81095
Particle (47):: Fit: 82.1394	PB: 82.1394	LB: 85.8101	GB: 89.2036	Conf: 0.45012	Pts: 60194
Particle (6):: Fit: 81.7264	PB: 81.7264	LB: 87.4483	GB: 89.2036	Conf: 0.638645	Pts: 55483
Particle (24):: Fit: 85.5842	PB: 85.5842	LB: 86.7028	GB: 89.2036	Conf: 0.880567	Pts: 255281
Particle (35):: Fit: 80.5706	PB: 80.5706	LB: 89.2036	GB: 89.2036	Conf: 0.609689	Pts: 55454
Particle (15):: Fit: 76.4871	PB: 76.4871	LB: 82.7392	GB: 89.2036	Conf: 0.847629	Pts: 75543
Particle (46):: Fit: 82.7505	PB: 82.7505	LB: 83.0437	GB: 89.2036	Conf: 0.706082	Pts: 55528
Particle (36):: Fit: 64.995	PB: 64.995	LB: 89.2036	GB: 89.2036	Conf: 0.497085	Pts: 55425
Particle (36):: Fit: 69.6527	PB: 69.6527	LB: 89.2036	GB: 89.2036	Conf: 0.276615	Pts: 55524
Particle (5):: Fit: 83.0106	PB: 83.0106	LB: 87.4483	GB: 89.2036	Conf: 0.82619	Pts: 55819
Particle (18):: Fit: 82.0193	PB: 82.0193	LB: 83.2035	GB: 89.2036	Conf: 0.418184	Pts: 305415
Particle (25):: Fit: 76.512	PB: 76.512	LB: 86.7028	GB: 89.2036	Conf: 0.386243	Pts: 55416
Particle (40):: Fit: 83.0276	PB: 83.0276	LB: 83.0437	GB: 89.2036	Conf: 0.798382	Pts: 290397
Particle (14):: Fit: 70.4662	PB: 70.4662	LB: 82.7392	GB: 89.2036	Conf: 0.339571	Pts: 55184
Particle (34):: Fit: 82.4575	PB: 82.4575	LB: 89.2036	GB: 89.2036	Conf: 0.451963	Pts: 229780
Particle (42):: Fit: 76.0654	PB: 76.0654	LB: 83.0437	GB: 89.2036	Conf: 0.533842	Pts: 100263
Particle (4):: Fit: 79.51	PB: 79.51	LB: 87.4483	GB: 89.2036	Conf: 0.394349	Pts: 165267
Particle (6):: Fit: 82.3713	PB: 82.3713	LB: 87.4483	GB: 89.2036	Conf: 0.413703	Pts: 55441
Particle (10):: Fit: 81.3901	PB: 81.3901	LB: 87.4483	GB: 89.2036	Conf: 0.550046	Pts: 55412
Particle (18):: Fit: 82.9998	PB: 82.9998	LB: 83.2035	GB: 89.2036	Conf: 0.708794	Pts: 320419
Particle (19):: Fit: 82.9664	PB: 82.9664	LB: 85.5842	GB: 89.2036	Conf: 0.570044	Pts: 81004
Particle (41):: Fit: 83.0038	PB: 83.0038	LB: 83.0437	GB: 89.2036	Conf: 0.570553	Pts: 85303
Particle (7):: Fit: 76.8878	PB: 76.8878	LB: 87.4483	GB: 89.2036	Conf: 0.824692	Pts: 74939
Particle (41):: Fit: 83.0288	PB: 83.0288	LB: 83.0437	GB: 89.2036	Conf: 0.834374	Pts: 95348
Particle (7):: Fit: 82.257	PB: 82.257	LB: 87.4483	GB: 89.2036	Conf: 0.628647	Pts: 75014
Particle (38):: Fit: 82.8336	PB: 82.8336	LB: 83.0288	GB: 89.2036	Conf: 0.601189	Pts: 70809
Particle (25):: Fit: 77.0647	PB: 77.0647	LB: 86.7028	GB: 89.2036	Conf: 0.535762	Pts: 55316
Particle (13):: Fit: 80.0649	PB: 80.0649	LB: 82.9998	GB: 89.2036	Conf: 0.80241	Pts: 110002
Particle (4):: Fit: 80.7793	PB: 80.7793	LB: 87.4483	GB: 89.2036	Conf: 0.251269	Pts: 165170
Particle (14):: Fit: 74.872	PB: 74.872	LB: 82.9998	GB: 89.2036	Conf: 0.569261	Pts: 55036
Particle (17):: Fit: 63.1348	PB: 63.1348	LB: 83.2035	GB: 89.2036	Conf: 0.793897	Pts: 70131
Particle (25):: Fit: 82.7319	PB: 82.7319	LB: 86.7028	GB: 89.2036	Conf: 0.513162	Pts: 55337
Particle (49):: Fit: 84.6096	PB: 84.6096	LB: 87.3865	GB: 89.2036	Conf: 0.904033	Pts: 174420
Particle (16):: Fit: 82.751	PB: 82.751	LB: 83.2035	GB: 89.2036	Conf: 0.612699	Pts: 119922
Particle (12):: Fit: 76.3378	PB: 76.3378	LB: 87.4483	GB: 89.2036	Conf: 0.582002	Pts: 159892
Particle (28):: Fit: 79.6354	PB: 79.6354	LB: 89.2036	GB: 89.2036	Conf: 0.228182	Pts: 55282
Particle (12):: Fit: 82.1207	PB: 82.1207	LB: 87.4483	GB: 89.2036	Conf: 0.436528	Pts: 159962
Particle (39):: Fit: 81.7921	PB: 81.7921	LB: 83.0288	GB: 89.2036	Conf: 0.487151	Pts: 79517
Particle (20):: Fit: 77.148	PB: 77.148	LB: 85.5842	GB: 89.2036	Conf: 0.596037	Pts: 55104
Particle (39):: Fit: 83.9711	PB: 83.9711	LB: 83.9711	GB: 89.2036	Conf: 0.772874	Pts: 109594
Particle (7):: Fit: 82.8007	PB: 82.8007	LB: 87.4483	GB: 89.2036	Conf: 0.676332	Pts: 74878
Particle (37):: Fit: 82.357	PB: 82.357	LB: 89.2036	GB: 89.2036	Conf: 0.47798	Pts: 65179
Particle (20):: Fit: 79.1137	PB: 79.1137	LB: 85.5842	GB: 89.2036	Conf: 0.616705	Pts: 55172
Particle (28):: Fit: 80.6243	PB: 80.6243	LB: 89.2036	GB: 89.2036	Conf: 0.33636	Pts: 55263
Particle (1):: Fit: 81.7692	PB: 81.7692	LB: 87.3865	GB: 89.2036	Conf: 0.844715	Pts: 144743
Particle (0):: Fit: 82.4369	PB: 82.4369	LB: 87.3865	GB: 89.2036	Conf: 0.493979	Pts: 110208
Particle (20):: Fit: 81.3775	PB: 81.3775	LB: 85.5842	GB: 89.2036	Conf: 0.351022	Pts: 55181
Particle (4):: Fit: 82.5749	PB: 82.5749	LB: 87.4483	GB: 89.2036	Conf: 0.605922	Pts: 164933
Particle (31):: Fit: 81.8851	PB: 81.8851	LB: 89.2036	GB: 89.2036	Conf: 0.860934	Pts: 109572
Particle (43):: Fit: 82.2871	PB: 82.2871	LB: 83.9711	GB: 89.2036	Conf: 0.442318	Pts: 49906
Particle (44):: Fit: 82.222	PB: 82.222	LB: 84.6096	GB: 89.2036	Conf: 0.455601	Pts: 64665
Particle (13):: Fit: 81.917	PB: 81.917	LB: 82.9998	GB: 89.2036	Conf: 0.79971	Pts: 109649
Particle (22):: Fit: 79.1377	PB: 79.1377	LB: 86.7028	GB: 89.2036	Conf: 0.752604	Pts: 84741
Particle (38):: Fit: 83.0049	PB: 83.0049	LB: 83.9711	GB: 89.2036	Conf: 0.818574	Pts: 70427
Particle (15):: Fit: 78.8048	PB: 78.8048	LB: 82.9998	GB: 89.2036	Conf: 0.0905239	Pts: 74904
Particle (1):: Fit: 83.0646	PB: 83.0646	LB: 87.3865	GB: 89.2036	Conf: 0.808136	Pts: 144581
Particle (42):: Fit: 81.3605	PB: 81.3605	LB: 83.9711	GB: 89.2036	Conf: 0.553357	Pts: 99641
Particle (28):: Fit: 81.3883	PB: 81.3883	LB: 89.2036	GB: 89.2036	Conf: 0.596622	Pts: 55043
Particle (37):: Fit: 82.698	PB: 82.698	LB: 89.2036	GB: 89.2036	Conf: 0.507873	Pts: 64864
Particle (6):: Fit: 82.4861	PB: 82.4861	LB: 87.4483	GB: 89.2036	Conf: 0.52932	Pts: 54748
Particle (7):: Fit: 84.5614	PB: 84.5614	LB: 87.4483	GB: 89.2036	Conf: 0.737293	Pts: 74542
Particle (5):: Fit: 84.4315	PB: 84.4315	LB: 87.4483	GB: 89.2036	Conf: 0.290567	Pts: 55038
Particle (17):: Fit: 67.8642	PB: 67.8642	LB: 83.2035	GB: 89.2036	Conf: 0.752547	Pts: 69581
Particle (0):: Fit: 83.0792	PB: 83.0792	LB: 87.3865	GB: 89.2036	Conf: 0.750536	Pts: 109879
Particle (36):: Fit: 71.3099	PB: 71.3099	LB: 89.2036	GB: 89.2036	Conf: 0.726621	Pts: 54640
Particle (27):: Fit: 82.8678	PB: 82.8678	LB: 86.7028	GB: 89.2036	Conf: 0.863176	Pts: 54125
Particle (17):: Fit: 75.1623	PB: 75.1623	LB: 83.2035	GB: 89.2036	Conf: 0.698694	Pts: 69575
Particle (22):: Fit: 81.3618	PB: 81.3618	LB: 86.7028	GB: 89.2036	Conf: 0.574829	Pts: 84459
Particle (45):: Fit: 83.9	PB: 83.9	LB: 84.6096	GB: 89.2036	Conf: 0.458843	Pts: 163940
Particle (42):: Fit: 82.3934	PB: 82.3934	LB: 83.9711	GB: 89.2036	Conf: 0.474411	Pts: 99382
Particle (22):: Fit: 81.6795	PB: 81.6795	LB: 86.7028	GB: 89.2036	Conf: 0.414068	Pts: 84506
Particle (44):: Fit: 82.4548	PB: 82.4548	LB: 84.6096	GB: 89.2036	Conf: 0.558009	Pts: 64292
Particle (10):: Fit: 81.4263	PB: 81.4263	LB: 87.4483	GB: 89.2036	Conf: 0.479515	Pts: 54491
Particle (22):: Fit: 83.1306	PB: 83.1306	LB: 86.7028	GB: 89.2036	Conf: 0.704121	Pts: 84540
Particle (15):: Fit: 80.4421	PB: 80.4421	LB: 82.9998	GB: 89.2036	Conf: 0.783654	Pts: 74504
Particle (38):: Fit: 83.2272	PB: 83.2272	LB: 83.9711	GB: 89.2036	Conf: 0.788816	Pts: 69999
Particle (28):: Fit: 82.9503	PB: 82.9503	LB: 89.2036	GB: 89.2036	Conf: 0.701599	Pts: 54696
Particle (10):: Fit: 81.6112	PB: 81.6112	LB: 87.4483	GB: 89.2036	Conf: 0.523479	Pts: 54474
Particle (16):: Fit: 85.1159	PB: 85.1159	LB: 85.1159	GB: 89.2036	Conf: 0.58056	Pts: 149088
Particle (35):: Fit: 81.6904	PB: 81.6904	LB: 89.2036	GB: 89.2036	Conf: 0.41217	Pts: 54235
Particle (4):: Fit: 86.593	PB: 86.593	LB: 87.4483	GB: 89.2036	Conf: 0.69049	Pts: 164354
Particle (35):: Fit: 83.166	PB: 83.166	LB: 89.2036	GB: 89.2036	Conf: 0.856362	Pts: 54176
Particle (9):: Fit: 82.0707	PB: 82.0707	LB: 87.4483	GB: 89.2036	Conf: 0.362219	Pts: 69085
Particle (28):: Fit: 82.999	PB: 82.999	LB: 89.2036	GB: 89.2036	Conf: 0.68802	Pts: 54495
Particle (43):: Fit: 83.1814	PB: 83.1814	LB: 83.9711	GB: 89.2036	Conf: 0.316412	Pts: 49115
Particle (15):: Fit: 81.8661	PB: 81.8661	LB: 85.1159	GB: 89.2036	Conf: 0.824414	Pts: 74255
Particle (15):: Fit: 81.8839	PB: 81.8839	LB: 85.1159	GB: 89.2036	Conf: 0.334474	Pts: 74337
Particle (44):: Fit: 86.2075	PB: 86.2075	LB: 86.2075	GB: 89.2036	Conf: 0.645878	Pts: 108831
Particle (6):: Fit: 82.8472	PB: 82.8472	LB: 87.4483	GB: 89.2036	Conf: 0.703532	Pts: 53995
Particle (1):: Fit: 83.1536	PB: 83.1536	LB: 87.3865	GB: 89.2036	Conf: 0.89817	Pts: 143715
Particle (25):: Fit: 84.1379	PB: 84.1379	LB: 86.7028	GB: 89.2036	Conf: 0.55435	Pts: 53980
Particle (12):: Fit: 82.4782	PB: 82.4782	LB: 87.4483	GB: 89.2036	Conf: 0.43215	Pts: 158643
Particle (27):: Fit: 83.0387	PB: 83.0387	LB: 86.7028	GB: 89.2036	Conf: 0.92166	Pts: 53377
Particle (11):: Fit: 86.2511	PB: 86.2511	LB: 87.4483	GB: 89.2036	Conf: 0.555321	Pts: 323698
Particle (46):: Fit: 82.7635	PB: 82.7635	LB: 86.2075	GB: 89.2036	Conf: 0.708649	Pts: 53758
Particle (48):: Fit: 81.5162	PB: 81.5162	LB: 87.3865	GB: 89.2036	Conf: 0.539784	Pts: 48832
Particle (15):: Fit: 83.0041	PB: 83.0041	LB: 86.2511	GB: 89.2036	Conf: 0.744077	Pts: 74124
Particle (38):: Fit: 84.1619	PB: 84.1619	LB: 84.1619	GB: 89.2036	Conf: 0.528686	Pts: 74433
Particle (31):: Fit: 82.9437	PB: 82.9437	LB: 89.2036	GB: 89.2036	Conf: 0.764036	Pts: 108320
Particle (21):: Fit: 85.2218	PB: 85.2218	LB: 86.7028	GB: 89.2036	Conf: 0.6222	Pts: 223452
Particle (48):: Fit: 82.2501	PB: 82.2501	LB: 87.3865	GB: 89.2036	Conf: 0.59173	Pts: 48747
Particle (12):: Fit: 82.6213	PB: 82.6213	LB: 87.4483	GB: 89.2036	Conf: 0.533327	Pts: 158405
Particle (13):: Fit: 82.2852	PB: 82.2852	LB: 86.2511	GB: 89.2036	Conf: 0.502689	Pts: 108259
Particle (10):: Fit: 84.0859	PB: 84.0859	LB: 87.4483	GB: 89.2036	Conf: 0.683339	Pts: 53625
Particle (20):: Fit: 82.9658	PB: 82.9658	LB: 85.5842	GB: 89.2036	Conf: 0.426445	Pts: 53580
Particle (18):: Fit: 83.7774	PB: 83.7774	LB: 85.2218	GB: 89.2036	Conf: 0.486861	Pts: 318403
Particle (29):: Fit: 83.0793	PB: 83.0793	LB: 89.2036	GB: 89.2036	Conf: 0.789508	Pts: 52940
Particle (34):: Fit: 83.2918	PB: 83.2918	LB: 89.2036	GB: 89.2036	Conf: 0.902589	Pts: 227409
Particle (40):: Fit: 83.2344	PB: 83.2344	LB: 86.2075	GB: 89.2036	Conf: 0.929442	Pts: 287923
Particle (7):: Fit: 86.4006	PB: 86.4006	LB: 87.4483	GB: 89.2036	Conf: 0.644804	Pts: 72882
Particle (31):: Fit: 83.9493	PB: 83.9493	LB: 89.2036	GB: 89.2036	Conf: 0.674185	Pts: 107726
Particle (34):: Fit: 83.4155	PB: 83.4155	LB: 89.2036	GB: 89.2036	Conf: 0.310007	Pts: 227318
Particle (35):: Fit: 83.9363	PB: 83.9363	LB: 89.2036	GB: 89.2036	Conf: 0.837915	Pts: 52899
Particle (12):: Fit: 83.8602	PB: 83.8602	LB: 87.4483	GB: 89.2036	Conf: 0.262234	Pts: 157802
Particle (19):: Fit: 82.9814	PB: 82.9814	LB: 85.5842	GB: 89.2036	Conf: 0.637401	Pts: 78407
Particle (20):: Fit: 88.5668	PB: 88.5668	LB: 88.5668	GB: 89.2036	Conf: 0.482817	Pts: 102940
Particle (38):: Fit: 85.2329	PB: 85.2329	LB: 85.2329	GB: 89.2036	Conf: 0.925724	Pts: 78448
Particle (41):: Fit: 84.2011	PB: 84.2011	LB: 86.2075	GB: 89.2036	Conf: 0.602612	Pts: 92472
Particle (32):: Fit: 72.493	PB: 72.493	LB: 89.2036	GB: 89.2036	Conf: 0.495704	Pts: 51729
Particle (2):: Fit: 85.8952	PB: 85.8952	LB: 87.3865	GB: 89.2036	Conf: 0.808129	Pts: 132575
Particle (42):: Fit: 82.6928	PB: 82.6928	LB: 86.2075	GB: 89.2036	Conf: 0.62968	Pts: 97348
Particle (15):: Fit: 83.1488	PB: 83.1488	LB: 88.5668	GB: 89.2036	Conf: 0.850914	Pts: 72606
Particle (6):: Fit: 83.1118	PB: 83.1118	LB: 87.4483	GB: 89.2036	Conf: 0.496389	Pts: 52260
Particle (42):: Fit: 84.0203	PB: 84.0203	LB: 86.2075	GB: 89.2036	Conf: 0.807779	Pts: 97113
Particle (22):: Fit: 83.1395	PB: 83.1395	LB: 88.5668	GB: 89.2036	Conf: 0.691046	Pts: 82240
Particle (23):: Fit: 82.3207	PB: 82.3207	LB: 88.5668	GB: 89.2036	Conf: 0.557794	Pts: 51908
Particle (23):: Fit: 87.0773	PB: 87.0773	LB: 88.5668	GB: 89.2036	Conf: 0.663841	Pts: 66984
Particle (15):: Fit: 84.2203	PB: 84.2203	LB: 88.5668	GB: 89.2036	Conf: 0.692407	Pts: 72521
Particle (11):: Fit: 86.4461	PB: 86.4461	LB: 87.4483	GB: 89.2036	Conf: 0.691318	Pts: 331964
Particle (31):: Fit: 85.6903	PB: 85.6903	LB: 89.2036	GB: 89.2036	Conf: 0.679888	Pts: 106659
Particle (18):: Fit: 87.9252	PB: 87.9252	LB: 88.5668	GB: 89.2036	Conf: 0.619959	Pts: 326917
Particle (45):: Fit: 88.0687	PB: 88.0687	LB: 88.0687	GB: 89.2036	Conf: 0.667274	Pts: 211143
Particle (13):: Fit: 82.5403	PB: 82.5403	LB: 87.9252	GB: 89.2036	Conf: 0.536279	Pts: 106472
Particle (36):: Fit: 74.762	PB: 74.762	LB: 89.2036	GB: 89.2036	Conf: 0.611565	Pts: 51529
Particle (15):: Fit: 85.3089	PB: 85.3089	LB: 88.5668	GB: 89.2036	Conf: 0.735788	Pts: 72047
Particle (19):: Fit: 84.1616	PB: 84.1616	LB: 88.5668	GB: 89.2036	Conf: 0.202558	Pts: 76925
Particle (38):: Fit: 86.9936	PB: 86.9936	LB: 86.9936	GB: 89.2036	Conf: 0.861436	Pts: 86849
Particle (37):: Fit: 83.1263	PB: 83.1263	LB: 89.2036	GB: 89.2036	Conf: 0.818753	Pts: 60993
Particle (49):: Fit: 86.7399	PB: 86.7399	LB: 88.0687	GB: 89.2036	Conf: 0.867221	Pts: 169970
Particle (15):: Fit: 85.3776	PB: 85.3776	LB: 88.5668	GB: 89.2036	Conf: 0.692175	Pts: 71521
Particle (13):: Fit: 83.2159	PB: 83.2159	LB: 87.9252	GB: 89.2036	Conf: 0.717886	Pts: 105620
Particle (47):: Fit: 82.7566	PB: 82.7566	LB: 88.0687	GB: 89.2036	Conf: 0.558132	Pts: 55152
Particle (25):: Fit: 85.0165	PB: 85.0165	LB: 87.0773	GB: 89.2036	Conf: 0.551426	Pts: 50309
Particle (10):: Fit: 88.6575	PB: 88.6575	LB: 88.6575	GB: 89.2036	Conf: 0.487155	Pts: 100191
Particle (27):: Fit: 83.0754	PB: 83.0754	LB: 87.0773	GB: 89.2036	Conf: 0.904566	Pts: 49483
Particle (9):: Fit: 82.7481	PB: 82.7481	LB: 88.6575	GB: 89.2036	Conf: 0.268109	Pts: 64709
Particle (13):: Fit: 85.4611	PB: 85.4611	LB: 88.6575	GB: 89.2036	Conf: 0.882178	Pts: 104561
Particle (3):: Fit: 88.1601	PB: 88.1601	LB: 88.1601	GB: 89.2036	Conf: 0.814619	Pts: 204057
Particle (36):: Fit: 76.9099	PB: 76.9099	LB: 89.2036	GB: 89.2036	Conf: 0.459073	Pts: 49475
Particle (38):: Fit: 87.0238	PB: 87.0238	LB: 87.0238	GB: 89.2036	Conf: 0.582605	Pts: 95163
Particle (39):: Fit: 84.4075	PB: 84.4075	LB: 87.0238	GB: 89.2036	Conf: 0.72869	Pts: 103664
Particle (6):: Fit: 84.8642	PB: 84.8642	LB: 88.6575	GB: 89.2036	Conf: 0.446219	Pts: 49046
Particle (19):: Fit: 84.2513	PB: 84.2513	LB: 88.5668	GB: 89.2036	Conf: 0.322152	Pts: 74526
Particle (27):: Fit: 83.0939	PB: 83.0939	LB: 87.0773	GB: 89.2036	Conf: 0.799219	Pts: 48522
Particle (34):: Fit: 83.78	PB: 83.78	LB: 89.2036	GB: 89.2036	Conf: 0.450146	Pts: 223064
Particle (43):: Fit: 86.0551	PB: 86.0551	LB: 88.0687	GB: 89.2036	Conf: 0.516577	Pts: 43476
Particle (25):: Fit: 85.2954	PB: 85.2954	LB: 87.0773	GB: 89.2036	Conf: 0.555395	Pts: 48623
Particle (34):: Fit: 87.7974	PB: 87.7974	LB: 89.2036	GB: 89.2036	Conf: 0.877755	Pts: 227820
Particle (0):: Fit: 83.0915	PB: 83.0915	LB: 88.1601	GB: 89.2036	Conf: 0.770461	Pts: 103228
Particle (47):: Fit: 84.1824	PB: 84.1824	LB: 88.0687	GB: 89.2036	Conf: 0.454322	Pts: 52479
Particle (32):: Fit: 75.24	PB: 75.24	LB: 89.2036	GB: 89.2036	Conf: 0.506946	Pts: 46911
Particle (46):: Fit: 83.0391	PB: 83.0391	LB: 88.0687	GB: 89.2036	Conf: 0.761454	Pts: 47432
Particle (48):: Fit: 82.4018	PB: 82.4018	LB: 88.1601	GB: 89.2036	Conf: 0.473207	Pts: 42509
Particle (40):: Fit: 87.5029	PB: 87.5029	LB: 88.0687	GB: 89.2036	Conf: 0.400233	Pts: 286992
Particle (3):: Fit: 88.2327	PB: 88.2327	LB: 88.2327	GB: 89.2036	Conf: 0.624485	Pts: 236629
Particle (37):: Fit: 83.4184	PB: 83.4184	LB: 89.2036	GB: 89.2036	Conf: 0.544485	Pts: 57122
Particle (46):: Fit: 83.1578	PB: 83.1578	LB: 88.0687	GB: 89.2036	Conf: 0.856746	Pts: 46927
Particle (0):: Fit: 83.1498	PB: 83.1498	LB: 88.2327	GB: 89.2036	Conf: 0.726637	Pts: 102079
Particle (35):: Fit: 85.4629	PB: 85.4629	LB: 89.2036	GB: 89.2036	Conf: 0.551053	Pts: 46505
Particle (1):: Fit: 87.2591	PB: 87.2591	LB: 88.2327	GB: 89.2036	Conf: 0.675049	Pts: 136270
Particle (48):: Fit: 83.5542	PB: 83.5542	LB: 88.2327	GB: 89.2036	Conf: 0.556796	Pts: 41398
Particle (32):: Fit: 79.1967	PB: 79.1967	LB: 89.2036	GB: 89.2036	Conf: 0.526779	Pts: 45393
Particle (16):: Fit: 85.6844	PB: 85.6844	LB: 88.5668	GB: 89.2036	Conf: 0.522616	Pts: 140622
Particle (14):: Fit: 74.8918	PB: 74.8918	LB: 88.6575	GB: 89.2036	Conf: 0.523352	Pts: 45268
Particle (30):: Fit: 85.8413	PB: 85.8413	LB: 89.2036	GB: 89.2036	Conf: 0.139498	Pts: 210131
Particle (38):: Fit: 89.2291	PB: 89.2291	LB: 89.2291	GB: 89.2291	Conf: 0.806914	Pts: 151415
Global: 89.2291 - Correct: 94.1176% of 17 tests
Global Best: 
  Inner Net 1
  -- 1 : 1 = -0.141474
  -- 1 : 2 = -0.465568
  -- 1 : 3 = -0.0270396
  -- 1 : 4 = -0.385703
  -- 1 : 5 = -0.414971
  -- 1 : 6 = -0.350268
  -- 1 : 7 = 0.106327
  -- 1 : 8 = 0.260237
  -- 1 : 9 = 0.199708
  -- 1 : 10 = -0.518478
  -- 2 : 1 = 0.459524
  -- 2 : 2 = -0.0057198
  -- 2 : 3 = -0.0201923
  -- 2 : 4 = 0.0728153
  -- 2 : 5 = 0.128216
  -- 2 : 6 = 0.0218309
  -- 2 : 7 = 0.526396
  -- 2 : 8 = -0.209077
  -- 2 : 9 = -0.175198
  -- 2 : 10 = -0.104856
  -- 3 : 1 = 0.0997611
  -- 3 : 2 = -0.253464
  -- 3 : 3 = 0.313178
  -- 3 : 4 = -0.0951323
  -- 3 : 5 = 0.0507976
  -- 3 : 6 = 0.261797
  -- 3 : 7 = -0.133896
  -- 3 : 8 = 0.102436
  -- 3 : 9 = 0.350552
  -- 3 : 10 = -0.161267
  -- 4 : 1 = 0.142395
  -- 4 : 2 = 0.0261436
  -- 4 : 3 = -0.194857
  -- 4 : 4 = -0.210053
  -- 4 : 5 = -0.379854
  -- 4 : 6 = -0.14329
  -- 4 : 7 = -0.0041915
  -- 4 : 8 = 0.618037
  -- 4 : 9 = 0.199945
  -- 4 : 10 = -0.0423553
  -- 5 : 1 = 0.19503
  -- 5 : 2 = -0.11145
  -- 5 : 3 = 0.260753
  -- 5 : 4 = 0.464248
  -- 5 : 5 = 0.101301
  -- 5 : 6 = -0.562922
  -- 5 : 7 = 0.0289423
  -- 5 : 8 = 0.0121058
  -- 5 : 9 = -0.225368
  -- 5 : 10 = -0.2576
  -- 6 : 1 = 0.390024
  -- 6 : 2 = 0.0630619
  -- 6 : 3 = 0.151925
  -- 6 : 4 = 0.13938
  -- 6 : 5 = 0.0712846
  -- 6 : 6 = -0.129667
  -- 6 : 7 = 0.0866997
  -- 6 : 8 = -0.21289
  -- 6 : 9 = -0.254809
  -- 6 : 10 = -0.0497314
  -- 7 : 1 = 0.0791006
  -- 7 : 2 = 0.127476
  -- 7 : 3 = -0.264071
  -- 7 : 4 = 0.0125147
  -- 7 : 5 = -0.0238133
  -- 7 : 6 = -0.154925
  -- 7 : 7 = -0.170654
  -- 7 : 8 = -0.12779
  -- 7 : 9 = 0.0401137
  -- 7 : 10 = 0.170721
  -- 8 : 1 = 0.138618
  -- 8 : 2 = 0.121817
  -- 8 : 3 = 0.00301615
  -- 8 : 4 = -0.0681484
  -- 8 : 5 = -0.17722
  -- 8 : 6 = -0.185447
  -- 8 : 7 = -0.0723419
  -- 8 : 8 = 0.215887
  -- 8 : 9 = -0.00465009
  -- 8 : 10 = -0.0747111
  -- 9 : 1 = 1
  -- 9 : 2 = 0.0250739
  -- 9 : 3 = 0.261219
  -- 9 : 4 = 0.00184994
  -- 9 : 5 = -0.050352
  -- 9 : 6 = 0.186373
  -- 9 : 7 = -0.191651
  -- 9 : 8 = 0.0230565
  -- 9 : 9 = 0.343136
  -- 9 : 10 = 0.0133974
  -- 10 : 1 = 0.161622
  -- 10 : 2 = 0.295834
  -- 10 : 3 = 0.135689
  -- 10 : 4 = -0.00692341
  -- 10 : 5 = -0.278626
  -- 10 : 6 = 0.217618
  -- 10 : 7 = -0.253945
  -- 10 : 8 = 0.0982284
  -- 10 : 9 = -0.277491
  -- 10 : 10 = 0.127477
  Inner Net 2
  -- 1 : 1 = -0.435587
  -- 1 : 2 = -0.0861957
  -- 2 : 1 = 0.58161
  -- 2 : 2 = 0.0702297
  -- 3 : 1 = 0.266664
  -- 3 : 2 = -0.161629
  -- 4 : 1 = 0.0312552
  -- 4 : 2 = -0.674302
  -- 5 : 1 = 0.316479
  -- 5 : 2 = -0.0944279
  -- 6 : 1 = 0.0334885
  -- 6 : 2 = 0.142073
  -- 7 : 1 = 0.54299
  -- 7 : 2 = 0.07146
  -- 8 : 1 = -0.147447
  -- 8 : 2 = 0.355095
  -- 9 : 1 = 0.296847
  -- 9 : 2 = 0.0274756
  -- 10 : 1 = -0.284563
  -- 10 : 2 = 0.15821
Out\Act	False		True
False	0.384579	0.457401	0.84198
True	0.0642551	0.0937649	0.15802
	0.448834	0.551166
	Accuracy [ (tp + tn) / testSize ]: 0.478344
	Precision [ tp / (tp + fp) ]:      0.169974
	Sensitivity [ tp / (tp + fn) ]:    0.591592
	Specificity [ tn / (tn + fp) ]:    0.456497
	F-Score [ 2tp / (2tp + fp + fn) ]: 0.264252
Particle (22):: Fit: 83.3641	PB: 83.3641	LB: 88.5668	GB: 89.2291	Conf: 0.426586	Pts: 75678
Particle (4):: Fit: 86.6058	PB: 86.6058	LB: 88.2327	GB: 89.2291	Conf: 0.7701	Pts: 155347
Particle (46):: Fit: 83.158	PB: 83.158	LB: 88.0687	GB: 89.2291	Conf: 0.78987	Pts: 45138
Particle (23):: Fit: 87.8753	PB: 87.8753	LB: 88.5668	GB: 89.2291	Conf: 0.382214	Pts: 74792
Particle (14):: Fit: 77.8454	PB: 77.8454	LB: 88.6575	GB: 89.2291	Conf: 0.671689	Pts: 44224
Particle (4):: Fit: 87.1116	PB: 87.1116	LB: 88.2327	GB: 89.2291	Conf: 0.256874	Pts: 154780
Particle (9):: Fit: 82.925	PB: 82.925	LB: 88.6575	GB: 89.2291	Conf: 0.649161	Pts: 59578
Particle (36):: Fit: 76.9741	PB: 76.9741	LB: 89.2291	GB: 89.2291	Conf: 0.356643	Pts: 44590
Particle (12):: Fit: 84.3757	PB: 84.3757	LB: 88.6575	GB: 89.2291	Conf: 0.460496	Pts: 149454
Particle (28):: Fit: 83.4078	PB: 83.4078	LB: 89.2036	GB: 89.2291	Conf: 0.379314	Pts: 44677
Particle (5):: Fit: 86.8228	PB: 86.8228	LB: 88.6575	GB: 89.2291	Conf: 0.732538	Pts: 44569
Particle (29):: Fit: 84.4934	PB: 84.4934	LB: 89.2036	GB: 89.2291	Conf: 0.502106	Pts: 43237
Particle (37):: Fit: 86.9158	PB: 86.9158	LB: 89.2291	GB: 89.2291	Conf: 0.41229	Pts: 53206
Particle (27):: Fit: 83.5048	PB: 83.5048	LB: 87.8753	GB: 89.2291	Conf: 0.689131	Pts: 42348
Particle (36):: Fit: 77.8777	PB: 77.8777	LB: 89.2291	GB: 89.2291	Conf: 0.556665	Pts: 42649
Particle (9):: Fit: 84.7853	PB: 84.7853	LB: 88.6575	GB: 89.2291	Conf: 0.385652	Pts: 57234
Particle (13):: Fit: 85.7748	PB: 85.7748	LB: 88.6575	GB: 89.2291	Conf: 0.716129	Pts: 96907
Particle (46):: Fit: 83.2479	PB: 83.2479	LB: 88.0687	GB: 89.2291	Conf: 0.836077	Pts: 41946
Particle (7):: Fit: 87.4806	PB: 87.4806	LB: 88.6575	GB: 89.2291	Conf: 0.935952	Pts: 60288
Particle (24):: Fit: 88.2076	PB: 88.2076	LB: 88.5668	GB: 89.2291	Conf: 0.773279	Pts: 254936
Particle (39):: Fit: 85.9963	PB: 85.9963	LB: 89.2291	GB: 89.2291	Conf: 0.773563	Pts: 94699
Particle (0):: Fit: 83.4592	PB: 83.4592	LB: 88.2327	GB: 89.2291	Conf: 0.754441	Pts: 95200
Particle (49):: Fit: 87.031	PB: 87.031	LB: 88.2327	GB: 89.2291	Conf: 0.782108	Pts: 158849
Particle (24):: Fit: 88.4249	PB: 88.4249	LB: 88.5668	GB: 89.2291	Conf: 0.753836	Pts: 268724
Particle (46):: Fit: 86.526	PB: 86.526	LB: 88.0687	GB: 89.2291	Conf: 0.725908	Pts: 39329
Particle (5):: Fit: 87.0743	PB: 87.0743	LB: 88.6575	GB: 89.2291	Conf: 0.580003	Pts: 38965
Particle (47):: Fit: 85.3492	PB: 85.3492	LB: 88.0687	GB: 89.2291	Conf: 0.547984	Pts: 41844
Particle (6):: Fit: 84.965	PB: 84.965	LB: 88.6575	GB: 89.2291	Conf: 0.645288	Pts: 36999
Particle (41):: Fit: 84.6401	PB: 84.6401	LB: 89.2291	GB: 89.2291	Conf: 0.653129	Pts: 76128
Particle (22):: Fit: 84.0894	PB: 84.0894	LB: 88.5668	GB: 89.2291	Conf: 0.56115	Pts: 66298
Particle (36):: Fit: 81.4548	PB: 81.4548	LB: 89.2291	GB: 89.2291	Conf: 0.709375	Pts: 35949
Particle (48):: Fit: 84.3088	PB: 84.3088	LB: 88.2327	GB: 89.2291	Conf: 0.579421	Pts: 30245
Particle (41):: Fit: 84.8999	PB: 84.8999	LB: 89.2291	GB: 89.2291	Conf: 0.755004	Pts: 74462
Particle (27):: Fit: 84.4031	PB: 84.4031	LB: 88.4249	GB: 89.2291	Conf: 0.887072	Pts: 34092
Particle (48):: Fit: 85.216	PB: 85.216	LB: 88.2327	GB: 89.2291	Conf: 0.722057	Pts: 29046
Particle (27):: Fit: 84.7907	PB: 84.7907	LB: 88.4249	GB: 89.2291	Conf: 0.783702	Pts: 33475
Global Best: 
  Inner Net 1
  -- 1 : 1 = -0.141474
  -- 1 : 2 = -0.465568
  -- 1 : 3 = -0.0270396
  -- 1 : 4 = -0.385703
  -- 1 : 5 = -0.414971
  -- 1 : 6 = -0.350268
  -- 1 : 7 = 0.106327
  -- 1 : 8 = 0.260237
  -- 1 : 9 = 0.199708
  -- 1 : 10 = -0.518478
  -- 2 : 1 = 0.459524
  -- 2 : 2 = -0.0057198
  -- 2 : 3 = -0.0201923
  -- 2 : 4 = 0.0728153
  -- 2 : 5 = 0.128216
  -- 2 : 6 = 0.0218309
  -- 2 : 7 = 0.526396
  -- 2 : 8 = -0.209077
  -- 2 : 9 = -0.175198
  -- 2 : 10 = -0.104856
  -- 3 : 1 = 0.0997611
  -- 3 : 2 = -0.253464
  -- 3 : 3 = 0.313178
  -- 3 : 4 = -0.0951323
  -- 3 : 5 = 0.0507976
  -- 3 : 6 = 0.261797
  -- 3 : 7 = -0.133896
  -- 3 : 8 = 0.102436
  -- 3 : 9 = 0.350552
  -- 3 : 10 = -0.161267
  -- 4 : 1 = 0.142395
  -- 4 : 2 = 0.0261436
  -- 4 : 3 = -0.194857
  -- 4 : 4 = -0.210053
  -- 4 : 5 = -0.379854
  -- 4 : 6 = -0.14329
  -- 4 : 7 = -0.0041915
  -- 4 : 8 = 0.618037
  -- 4 : 9 = 0.199945
  -- 4 : 10 = -0.0423553
  -- 5 : 1 = 0.19503
  -- 5 : 2 = -0.11145
  -- 5 : 3 = 0.260753
  -- 5 : 4 = 0.464248
  -- 5 : 5 = 0.101301
  -- 5 : 6 = -0.562922
  -- 5 : 7 = 0.0289423
  -- 5 : 8 = 0.0121058
  -- 5 : 9 = -0.225368
  -- 5 : 10 = -0.2576
  -- 6 : 1 = 0.390024
  -- 6 : 2 = 0.0630619
  -- 6 : 3 = 0.151925
  -- 6 : 4 = 0.13938
  -- 6 : 5 = 0.0712846
  -- 6 : 6 = -0.129667
  -- 6 : 7 = 0.0866997
  -- 6 : 8 = -0.21289
  -- 6 : 9 = -0.254809
  -- 6 : 10 = -0.0497314
  -- 7 : 1 = 0.0791006
  -- 7 : 2 = 0.127476
  -- 7 : 3 = -0.264071
  -- 7 : 4 = 0.0125147
  -- 7 : 5 = -0.0238133
  -- 7 : 6 = -0.154925
  -- 7 : 7 = -0.170654
  -- 7 : 8 = -0.12779
  -- 7 : 9 = 0.0401137
  -- 7 : 10 = 0.170721
  -- 8 : 1 = 0.138618
  -- 8 : 2 = 0.121817
  -- 8 : 3 = 0.00301615
  -- 8 : 4 = -0.0681484
  -- 8 : 5 = -0.17722
  -- 8 : 6 = -0.185447
  -- 8 : 7 = -0.0723419
  -- 8 : 8 = 0.215887
  -- 8 : 9 = -0.00465009
  -- 8 : 10 = -0.0747111
  -- 9 : 1 = 1
  -- 9 : 2 = 0.0250739
  -- 9 : 3 = 0.261219
  -- 9 : 4 = 0.00184994
  -- 9 : 5 = -0.050352
  -- 9 : 6 = 0.186373
  -- 9 : 7 = -0.191651
  -- 9 : 8 = 0.0230565
  -- 9 : 9 = 0.343136
  -- 9 : 10 = 0.0133974
  -- 10 : 1 = 0.161622
  -- 10 : 2 = 0.295834
  -- 10 : 3 = 0.135689
  -- 10 : 4 = -0.00692341
  -- 10 : 5 = -0.278626
  -- 10 : 6 = 0.217618
  -- 10 : 7 = -0.253945
  -- 10 : 8 = 0.0982284
  -- 10 : 9 = -0.277491
  -- 10 : 10 = 0.127477
  Inner Net 2
  -- 1 : 1 = -0.435587
  -- 1 : 2 = -0.0861957
  -- 2 : 1 = 0.58161
  -- 2 : 2 = 0.0702297
  -- 3 : 1 = 0.266664
  -- 3 : 2 = -0.161629
  -- 4 : 1 = 0.0312552
  -- 4 : 2 = -0.674302
  -- 5 : 1 = 0.316479
  -- 5 : 2 = -0.0944279
  -- 6 : 1 = 0.0334885
  -- 6 : 2 = 0.142073
  -- 7 : 1 = 0.54299
  -- 7 : 2 = 0.07146
  -- 8 : 1 = -0.147447
  -- 8 : 2 = 0.355095
  -- 9 : 1 = 0.296847
  -- 9 : 2 = 0.0274756
  -- 10 : 1 = -0.284563
  -- 10 : 2 = 0.15821
Out\Act	False		True
False	0.384579	0.457401	0.84198
True	0.0642551	0.0937649	0.15802
	0.448834	0.551166
	Accuracy [ (tp + tn) / testSize ]: 0.478344
	Precision [ tp / (tp + fp) ]:      0.169974
	Sensitivity [ tp / (tp + fn) ]:    0.591592
	Specificity [ tn / (tn + fp) ]:    0.456497
	F-Score [ 2tp / (2tp + fp + fn) ]: 0.264252
