
Date / Time: Fri Mar 31 01:39:35 2017

   ****************************************
   * PSO Neural Net (Gaussian Activation) *
   *       by William Boler, BSCE         *
   *     Research Assistant, IUPUI        *
   *                                      *
   *  Professor: Dr. Lauren Christopher   *
   *     Created: March 13, 2017          *
   ****************************************


Inputs: 10
Inner Nets: 1
 - 9
Tests per train(min): 100
Particles: 50
Neighbors: 10
Minimum Particle Iterations: 1000
Particle (0):: Fit: 15.9749	PB: 15.9749	LB: 15.9749	GB: 15.9749	Conf: 2	Pts: 110099
Particle (1):: Fit: 0.151093	PB: 0.151093	LB: 15.9749	GB: 15.9749	Conf: 1.96786	Pts: 55099
Particle (2):: Fit: 0.00918055	PB: 0.00918055	LB: 15.9749	GB: 15.9749	Conf: 0.200236	Pts: 55099
Particle (3):: Fit: 0.134546	PB: 0.134546	LB: 15.9749	GB: 15.9749	Conf: 2	Pts: 60099
Particle (4):: Fit: 16.0407	PB: 16.0407	LB: 16.0407	GB: 16.0407	Conf: 1.05914	Pts: 110099
Particle (5):: Fit: 0.136502	PB: 0.136502	LB: 16.0407	GB: 16.0407	Conf: 2	Pts: 55099
Particle (6):: Fit: 0.14822	PB: 0.14822	LB: 16.0407	GB: 16.0407	Conf: 1.97077	Pts: 60099
Particle (7):: Fit: 15.773	PB: 15.773	LB: 16.0407	GB: 16.0407	Conf: 1.88639	Pts: 65099
Particle (8):: Fit: 0.141913	PB: 0.141913	LB: 16.0407	GB: 16.0407	Conf: 1.87301	Pts: 55099
Particle (9):: Fit: 0.154668	PB: 0.154668	LB: 15.773	GB: 16.0407	Conf: 0.497473	Pts: 60099
Particle (10):: Fit: 0.126101	PB: 0.126101	LB: 15.773	GB: 16.0407	Conf: 1.97593	Pts: 55099
Particle (11):: Fit: 0.140403	PB: 0.140403	LB: 15.773	GB: 16.0407	Conf: 2	Pts: 60099
Particle (12):: Fit: 0.153983	PB: 0.153983	LB: 0.154668	GB: 16.0407	Conf: 1.976	Pts: 65099
Particle (13):: Fit: 0.144293	PB: 0.144293	LB: 0.154668	GB: 16.0407	Conf: 2	Pts: 55099
Particle (14):: Fit: 16.9334	PB: 16.9334	LB: 16.9334	GB: 16.9334	Conf: 2	Pts: 110099
Particle (15):: Fit: 0.153972	PB: 0.153972	LB: 16.9334	GB: 16.9334	Conf: 2	Pts: 55099
Particle (16):: Fit: 1.559	PB: 1.559	LB: 16.9334	GB: 16.9334	Conf: 2	Pts: 60099
Particle (17):: Fit: 0.153972	PB: 0.153972	LB: 16.9334	GB: 16.9334	Conf: 2	Pts: 55099
Particle (18):: Fit: 0.120736	PB: 0.120736	LB: 16.9334	GB: 16.9334	Conf: 0.921479	Pts: 55099
Particle (19):: Fit: 16.5506	PB: 16.5506	LB: 16.5506	GB: 16.9334	Conf: 2	Pts: 75099
Particle (20):: Fit: 16.167	PB: 16.167	LB: 16.5506	GB: 16.9334	Conf: 2	Pts: 55099
Particle (21):: Fit: 0.158533	PB: 0.158533	LB: 16.5506	GB: 16.9334	Conf: 1.96284	Pts: 55099
Particle (22):: Fit: 0.146234	PB: 0.146234	LB: 16.5506	GB: 16.9334	Conf: 2	Pts: 55099
Particle (23):: Fit: 0.010178	PB: 0.010178	LB: 16.5506	GB: 16.9334	Conf: 0.694151	Pts: 55099
Particle (24):: Fit: 15.9749	PB: 15.9749	LB: 16.167	GB: 16.9334	Conf: 2	Pts: 70099
Particle (25):: Fit: 0.153972	PB: 0.153972	LB: 15.9749	GB: 16.9334	Conf: 2	Pts: 55099
Particle (26):: Fit: 16.1698	PB: 16.1698	LB: 16.1698	GB: 16.9334	Conf: 1.98462	Pts: 85099
Particle (27):: Fit: 0.153972	PB: 0.153972	LB: 16.1698	GB: 16.9334	Conf: 2	Pts: 55099
Particle (28):: Fit: 1.01057	PB: 1.01057	LB: 16.1698	GB: 16.9334	Conf: 0.571688	Pts: 60099
Particle (29):: Fit: 15.9781	PB: 15.9781	LB: 16.1698	GB: 16.9334	Conf: 1.94489	Pts: 65099
Particle (30):: Fit: 0.152041	PB: 0.152041	LB: 16.1698	GB: 16.9334	Conf: 2	Pts: 55099
Particle (31):: Fit: 0.150108	PB: 0.150108	LB: 15.9781	GB: 16.9334	Conf: 2	Pts: 55099
Particle (32):: Fit: 0.131078	PB: 0.131078	LB: 15.9781	GB: 16.9334	Conf: 1.30473	Pts: 55099
Particle (33):: Fit: 1.5592	PB: 1.5592	LB: 15.9781	GB: 16.9334	Conf: 1.98351	Pts: 70099
Particle (34):: Fit: 15.9749	PB: 15.9749	LB: 15.9749	GB: 16.9334	Conf: 2	Pts: 75099
Particle (35):: Fit: 0.138559	PB: 0.138559	LB: 15.9749	GB: 16.9334	Conf: 1.13568	Pts: 55099
Particle (36):: Fit: 0.150108	PB: 0.150108	LB: 15.9749	GB: 16.9334	Conf: 2	Pts: 60099
Particle (37):: Fit: 0.152041	PB: 0.152041	LB: 15.9749	GB: 16.9334	Conf: 2	Pts: 65099
Particle (38):: Fit: 17.4105	PB: 17.4105	LB: 17.4105	GB: 17.4105	Conf: 1.96651	Pts: 110099
Particle (39):: Fit: 15.7826	PB: 15.7826	LB: 17.4105	GB: 17.4105	Conf: 2	Pts: 55099
Particle (40):: Fit: 178.281	PB: 178.281	LB: 178.281	GB: 178.281	Conf: 1.73054	Pts: 110099
Particle (41):: Fit: 0.141717	PB: 0.141717	LB: 178.281	GB: 178.281	Conf: 1.76505	Pts: 50099
Particle (42):: Fit: 0.150373	PB: 0.150373	LB: 178.281	GB: 178.281	Conf: 0.379584	Pts: 50099
Particle (43):: Fit: 1.00551	PB: 1.00551	LB: 178.281	GB: 178.281	Conf: 0.949825	Pts: 50099
Particle (44):: Fit: 0.146612	PB: 0.146612	LB: 178.281	GB: 178.281	Conf: 0.714141	Pts: 50099
Particle (45):: Fit: 0.128991	PB: 0.128991	LB: 15.9749	GB: 178.281	Conf: 1.82369	Pts: 50099
Particle (46):: Fit: 0.146234	PB: 0.146234	LB: 15.9749	GB: 178.281	Conf: 2	Pts: 50099
Particle (47):: Fit: 0.154089	PB: 0.154089	LB: 15.9749	GB: 178.281	Conf: 1.50405	Pts: 50099
Particle (48):: Fit: 0.141277	PB: 0.141277	LB: 15.9749	GB: 178.281	Conf: 1.98447	Pts: 50099
Particle (49):: Fit: 15.9749	PB: 15.9749	LB: 16.0407	GB: 178.281	Conf: 2	Pts: 50099
Global: 178.281 - Correct: 42% of 100 tests
Global Best: 
  Inner Net 1
  -- 1 : 1 = 0.7248
  -- 1 : 2 = 0.3025
  -- 1 : 3 = 0.1089
  -- 1 : 4 = 0.1831
  -- 1 : 5 = 0.3993
  -- 1 : 6 = 0.1651
  -- 1 : 7 = 0.0066
  -- 1 : 8 = 0.1102
  -- 1 : 9 = 0.1424
  -- 2 : 1 = 0.5726
  -- 2 : 2 = 0.2276
  -- 2 : 3 = 0.6541
  -- 2 : 4 = 0.6433
  -- 2 : 5 = 0.0089
  -- 2 : 6 = 0.8117
  -- 2 : 7 = 0.1545
  -- 2 : 8 = 0.1443
  -- 2 : 9 = 0.8182
  -- 3 : 1 = 0.9212
  -- 3 : 2 = 0.8381
  -- 3 : 3 = 0.6322
  -- 3 : 4 = 0.3545
  -- 3 : 5 = 0.7579
  -- 3 : 6 = 0.2846
  -- 3 : 7 = 0.7884
  -- 3 : 8 = 0.1645
  -- 3 : 9 = 0.0855
  -- 4 : 1 = 0.4003
  -- 4 : 2 = 0.4785
  -- 4 : 3 = 0.6452
  -- 4 : 4 = 0.8344
  -- 4 : 5 = 0.4981
  -- 4 : 6 = 0.8756
  -- 4 : 7 = 0.6414
  -- 4 : 8 = 0.782
  -- 4 : 9 = 0.1348
  -- 5 : 1 = 0.6807
  -- 5 : 2 = 0.2988
  -- 5 : 3 = 0.1088
  -- 5 : 4 = 0.2602
  -- 5 : 5 = 0.2534
  -- 5 : 6 = 0.7621
  -- 5 : 7 = 0.5618
  -- 5 : 8 = 0.2836
  -- 5 : 9 = 0.1635
  -- 6 : 1 = 0.4184
  -- 6 : 2 = 0.8561
  -- 6 : 3 = 0.4237
  -- 6 : 4 = 0.485
  -- 6 : 5 = 0.5971
  -- 6 : 6 = 0.415
  -- 6 : 7 = 0.6285
  -- 6 : 8 = 0.4501
  -- 6 : 9 = 0.6131
  -- 7 : 1 = 0.4967
  -- 7 : 2 = 0.1523
  -- 7 : 3 = 0.9099
  -- 7 : 4 = 0.8333
  -- 7 : 5 = 0.1288
  -- 7 : 6 = 0.907
  -- 7 : 7 = 0.0756
  -- 7 : 8 = 0.6973
  -- 7 : 9 = 0.8837
  -- 8 : 1 = 0.6147
  -- 8 : 2 = 0.8552
  -- 8 : 3 = 0.2829
  -- 8 : 4 = 0.6719
  -- 8 : 5 = 0.169
  -- 8 : 6 = 0.5785
  -- 8 : 7 = 0.6073
  -- 8 : 8 = 0.2755
  -- 8 : 9 = 0.6649
  -- 9 : 1 = 0.0246
  -- 9 : 2 = 0.9312
  -- 9 : 3 = 0.2641
  -- 9 : 4 = 0.2885
  -- 9 : 5 = 0.1794
  -- 9 : 6 = 0.9197
  -- 9 : 7 = 0.5034
  -- 9 : 8 = 0.079
  -- 9 : 9 = 0.4036
  -- 10 : 1 = 0.2022
  -- 10 : 2 = 0.9643
  -- 10 : 3 = 0.5867
  -- 10 : 4 = 0.3152
  -- 10 : 5 = 0.1413
  -- 10 : 6 = 0.5946
  -- 10 : 7 = 0.2238
  -- 10 : 8 = 0.9766
  -- 10 : 9 = 0.1654
  Inner Net 2
  -- 1 : 1 = 0.000538329
  -- 1 : 2 = 0.4929
  -- 2 : 1 = -0.2559
  -- 2 : 2 = -0.1144
  -- 3 : 1 = 0.2589
  -- 3 : 2 = 0.1665
  -- 4 : 1 = -0.0250343
  -- 4 : 2 = -0.214059
  -- 5 : 1 = -0.113967
  -- 5 : 2 = -0.0409526
  -- 6 : 1 = -0.0407643
  -- 6 : 2 = 0.0889
  -- 7 : 1 = -0.0534
  -- 7 : 2 = -0.0481431
  -- 8 : 1 = -0.0257
  -- 8 : 2 = -0.247182
  -- 9 : 1 = -0.147635
  -- 9 : 2 = 0.0418
Out\Act	False		True
False	0.84198	0	0.84198
True	0.15802	0	0.15802
	1	0
	Accuracy [ (tp + tn) / testSize ]: 0.84198
	Precision [ tp / (tp + fp) ]:      0
	Sensitivity [ tp / (tp + fn) ]:    0
	Specificity [ tn / (tn + fp) ]:    0.999435
	F-Score [ 2tp / (2tp + fp + fn) ]: 0
Particle (1):: Fit: 15.7826	PB: 15.7826	LB: 16.0407	GB: 178.281	Conf: 2	Pts: 55198
Particle (3):: Fit: 1.559	PB: 1.559	LB: 16.0407	GB: 178.281	Conf: 2	Pts: 60198
Particle (5):: Fit: 0.150108	PB: 0.150108	LB: 16.0407	GB: 178.281	Conf: 2	Pts: 55198
Particle (6):: Fit: 17.1356	PB: 17.1356	LB: 17.1356	GB: 178.281	Conf: 1.96075	Pts: 110198
Particle (7):: Fit: 15.9854	PB: 15.9854	LB: 17.1356	GB: 178.281	Conf: 1.639	Pts: 65198
Particle (8):: Fit: 16.3248	PB: 16.3248	LB: 17.1356	GB: 178.281	Conf: 1.94977	Pts: 55198
Particle (9):: Fit: 1.12815	PB: 1.12815	LB: 17.1356	GB: 178.281	Conf: 0.0698555	Pts: 60198
Particle (10):: Fit: 16.7647	PB: 16.7647	LB: 17.1356	GB: 178.281	Conf: 1.93052	Pts: 55198
Particle (11):: Fit: 0.150108	PB: 0.150108	LB: 16.9334	GB: 178.281	Conf: 2	Pts: 60198
Particle (15):: Fit: 15.9749	PB: 15.9749	LB: 16.9334	GB: 178.281	Conf: 2	Pts: 55198
Particle (16):: Fit: 16.7421	PB: 16.7421	LB: 16.9334	GB: 178.281	Conf: 2	Pts: 70198
Particle (17):: Fit: 15.6936	PB: 15.6936	LB: 16.9334	GB: 178.281	Conf: 1.98799	Pts: 55198
Particle (18):: Fit: 1.36107	PB: 1.36107	LB: 16.9334	GB: 178.281	Conf: 0.81011	Pts: 55198
Particle (19):: Fit: 17.506	PB: 17.506	LB: 17.506	GB: 178.281	Conf: 2	Pts: 125198
Particle (20):: Fit: 16.5506	PB: 16.5506	LB: 17.506	GB: 178.281	Conf: 2	Pts: 60198
Particle (22):: Fit: 15.7826	PB: 15.7826	LB: 17.506	GB: 178.281	Conf: 2	Pts: 55198
Particle (23):: Fit: 0.154685	PB: 0.154685	LB: 17.506	GB: 178.281	Conf: 0.929913	Pts: 55198
Particle (25):: Fit: 16.359	PB: 16.359	LB: 16.359	GB: 178.281	Conf: 2	Pts: 80198
Particle (27):: Fit: 16.167	PB: 16.167	LB: 16.359	GB: 178.281	Conf: 2	Pts: 60198
Particle (29):: Fit: 16.1811	PB: 16.1811	LB: 16.359	GB: 178.281	Conf: 1.8127	Pts: 80198
Particle (30):: Fit: 1.559	PB: 1.559	LB: 16.1811	GB: 178.281	Conf: 2	Pts: 55198
Particle (31):: Fit: 16.5506	PB: 16.5506	LB: 16.5506	GB: 178.281	Conf: 2	Pts: 90198
Particle (32):: Fit: 0.144486	PB: 0.144486	LB: 16.5506	GB: 178.281	Conf: 1.28372	Pts: 55198
Particle (33):: Fit: 168.112	PB: 168.112	LB: 168.112	GB: 178.281	Conf: 1.98678	Pts: 105198
Particle (35):: Fit: 1.56445	PB: 1.56445	LB: 178.281	GB: 178.281	Conf: 1.29075	Pts: 55198
Particle (36):: Fit: 17.3153	PB: 17.3153	LB: 178.281	GB: 178.281	Conf: 2	Pts: 60198
Particle (37):: Fit: 0.153972	PB: 0.153972	LB: 178.281	GB: 178.281	Conf: 2	Pts: 65198
Particle (45):: Fit: 0.146264	PB: 0.146264	LB: 15.9749	GB: 178.281	Conf: 1.81385	Pts: 50198
Particle (46):: Fit: 177.722	PB: 177.722	LB: 177.722	GB: 178.281	Conf: 1.98887	Pts: 80198
Particle (48):: Fit: 0.152041	PB: 0.152041	LB: 177.722	GB: 178.281	Conf: 2	Pts: 50198
Particle (49):: Fit: 17.6965	PB: 17.6965	LB: 177.722	GB: 178.281	Conf: 2	Pts: 65198
Particle (1):: Fit: 16.2753	PB: 16.2753	LB: 17.6965	GB: 178.281	Conf: 1.98923	Pts: 55297
Particle (2):: Fit: 0.0952553	PB: 0.0952553	LB: 17.6965	GB: 178.281	Conf: 0.130238	Pts: 55196
Particle (10):: Fit: 16.7873	PB: 16.7873	LB: 17.1356	GB: 178.281	Conf: 1.96246	Pts: 55297
Particle (18):: Fit: 150.148	PB: 150.148	LB: 150.148	GB: 178.281	Conf: 0.913457	Pts: 105297
Particle (26):: Fit: 16.7482	PB: 16.7482	LB: 16.7482	GB: 178.281	Conf: 1.92622	Pts: 105197
Particle (27):: Fit: 17.506	PB: 17.506	LB: 17.506	GB: 178.281	Conf: 2	Pts: 80297
Particle (28):: Fit: 1.06037	PB: 1.06037	LB: 168.112	GB: 178.281	Conf: 0.16221	Pts: 60197
Particle (32):: Fit: 15.8204	PB: 15.8204	LB: 168.112	GB: 178.281	Conf: 1.62599	Pts: 55297
Particle (34):: Fit: 16.359	PB: 16.359	LB: 168.112	GB: 178.281	Conf: 2	Pts: 75197
Particle (37):: Fit: 1.559	PB: 1.559	LB: 178.281	GB: 178.281	Conf: 2	Pts: 65297
Particle (38):: Fit: 17.5229	PB: 17.5229	LB: 178.281	GB: 178.281	Conf: 1.92484	Pts: 110197
Particle (40):: Fit: 187.054	PB: 187.054	LB: 187.054	GB: 187.054	Conf: 1.80309	Pts: 170197
Particle (41):: Fit: 17.1571	PB: 17.1571	LB: 187.054	GB: 187.054	Conf: 1.65626	Pts: 50197
Particle (42):: Fit: 16.2407	PB: 16.2407	LB: 187.054	GB: 187.054	Conf: 0.905303	Pts: 50197
Particle (43):: Fit: 1.06504	PB: 1.06504	LB: 187.054	GB: 187.054	Conf: 0.569217	Pts: 50197
Particle (44):: Fit: 1.56638	PB: 1.56638	LB: 187.054	GB: 187.054	Conf: 0.53403	Pts: 50196
Particle (45):: Fit: 184.859	PB: 184.859	LB: 184.859	GB: 187.054	Conf: 1.91443	Pts: 75297
Particle (48):: Fit: 16.2783	PB: 16.2783	LB: 184.859	GB: 187.054	Conf: 1.98273	Pts: 50297
Global: 187.054 - Correct: 45% of 100 tests
Global Best: 
  Inner Net 1
  -- 1 : 1 = 0.7248
  -- 1 : 2 = 0.3025
  -- 1 : 3 = 0.1089
  -- 1 : 4 = 0.1831
  -- 1 : 5 = 0.3993
  -- 1 : 6 = 0.1651
  -- 1 : 7 = 0.0066
  -- 1 : 8 = 0.1102
  -- 1 : 9 = 0.1424
  -- 2 : 1 = 0.5726
  -- 2 : 2 = 0.2276
  -- 2 : 3 = 0.6541
  -- 2 : 4 = 0.6433
  -- 2 : 5 = 0.0089
  -- 2 : 6 = 0.8117
  -- 2 : 7 = 0.1545
  -- 2 : 8 = 0.1443
  -- 2 : 9 = 0.8182
  -- 3 : 1 = 0.9212
  -- 3 : 2 = 0.8381
  -- 3 : 3 = 0.6322
  -- 3 : 4 = 0.3545
  -- 3 : 5 = 0.7579
  -- 3 : 6 = 0.2846
  -- 3 : 7 = 0.7884
  -- 3 : 8 = 0.1645
  -- 3 : 9 = 0.0855
  -- 4 : 1 = 0.4003
  -- 4 : 2 = 0.4785
  -- 4 : 3 = 0.6452
  -- 4 : 4 = 0.8344
  -- 4 : 5 = 0.4981
  -- 4 : 6 = 0.8756
  -- 4 : 7 = 0.6414
  -- 4 : 8 = 0.782
  -- 4 : 9 = 0.1348
  -- 5 : 1 = 0.6807
  -- 5 : 2 = 0.2988
  -- 5 : 3 = 0.1088
  -- 5 : 4 = 0.2602
  -- 5 : 5 = 0.2534
  -- 5 : 6 = 0.7621
  -- 5 : 7 = 0.5618
  -- 5 : 8 = 0.2836
  -- 5 : 9 = 0.1635
  -- 6 : 1 = 0.4184
  -- 6 : 2 = 0.8561
  -- 6 : 3 = 0.4237
  -- 6 : 4 = 0.485
  -- 6 : 5 = 0.5971
  -- 6 : 6 = 0.415
  -- 6 : 7 = 0.6285
  -- 6 : 8 = 0.4501
  -- 6 : 9 = 0.6131
  -- 7 : 1 = 0.4967
  -- 7 : 2 = 0.1523
  -- 7 : 3 = 0.9099
  -- 7 : 4 = 0.8333
  -- 7 : 5 = 0.1288
  -- 7 : 6 = 0.907
  -- 7 : 7 = 0.0756
  -- 7 : 8 = 0.6973
  -- 7 : 9 = 0.8837
  -- 8 : 1 = 0.6147
  -- 8 : 2 = 0.8552
  -- 8 : 3 = 0.2829
  -- 8 : 4 = 0.6719
  -- 8 : 5 = 0.169
  -- 8 : 6 = 0.5785
  -- 8 : 7 = 0.6073
  -- 8 : 8 = 0.2755
  -- 8 : 9 = 0.6649
  -- 9 : 1 = 0.0246
  -- 9 : 2 = 0.9312
  -- 9 : 3 = 0.2641
  -- 9 : 4 = 0.2885
  -- 9 : 5 = 0.1794
  -- 9 : 6 = 0.9197
  -- 9 : 7 = 0.5034
  -- 9 : 8 = 0.079
  -- 9 : 9 = 0.4036
  -- 10 : 1 = 0.2022
  -- 10 : 2 = 0.9643
  -- 10 : 3 = 0.5867
  -- 10 : 4 = 0.3152
  -- 10 : 5 = 0.1413
  -- 10 : 6 = 0.5946
  -- 10 : 7 = 0.2238
  -- 10 : 8 = 0.9766
  -- 10 : 9 = 0.1654
  Inner Net 2
  -- 1 : 1 = 0.0065329
  -- 1 : 2 = 0.4929
  -- 2 : 1 = -0.178265
  -- 2 : 2 = 0.0905712
  -- 3 : 1 = 0.137231
  -- 3 : 2 = -0.156023
  -- 4 : 1 = 0.039772
  -- 4 : 2 = 0.17
  -- 5 : 1 = -0.211605
  -- 5 : 2 = -0.044846
  -- 6 : 1 = 0.054401
  -- 6 : 2 = 0.210398
  -- 7 : 1 = 0.086375
  -- 7 : 2 = 0.120752
  -- 8 : 1 = 0.167725
  -- 8 : 2 = -0.283448
  -- 9 : 1 = -0.31759
  -- 9 : 2 = 0.0298406
Out\Act	False		True
False	0.84198	0	0.84198
True	0.15802	0	0.15802
	1	0
	Accuracy [ (tp + tn) / testSize ]: 0.84198
	Precision [ tp / (tp + fp) ]:      0
	Sensitivity [ tp / (tp + fn) ]:    0
	Specificity [ tn / (tn + fp) ]:    0.999435
	F-Score [ 2tp / (2tp + fp + fn) ]: 0
Particle (1):: Fit: 16.9334	PB: 16.9334	LB: 17.6965	GB: 187.054	Conf: 2	Pts: 55396
Particle (3):: Fit: 16.7421	PB: 16.7421	LB: 17.6965	GB: 187.054	Conf: 2	Pts: 60296
Particle (5):: Fit: 1.559	PB: 1.559	LB: 17.1356	GB: 187.054	Conf: 2	Pts: 55296
Particle (11):: Fit: 0.152041	PB: 0.152041	LB: 16.9334	GB: 187.054	Conf: 2	Pts: 60296
Particle (21):: Fit: 17.131	PB: 17.131	LB: 150.148	GB: 187.054	Conf: 1.89353	Pts: 55196
Particle (30):: Fit: 16.9334	PB: 16.9334	LB: 168.112	GB: 187.054	Conf: 2	Pts: 55296
Particle (34):: Fit: 16.7421	PB: 16.7421	LB: 168.112	GB: 187.054	Conf: 2	Pts: 75296
Particle (37):: Fit: 16.167	PB: 16.167	LB: 187.054	GB: 187.054	Conf: 2	Pts: 65396
Particle (42):: Fit: 16.8562	PB: 16.8562	LB: 187.054	GB: 187.054	Conf: 0.931105	Pts: 50296
Particle (43):: Fit: 16.4025	PB: 16.4025	LB: 187.054	GB: 187.054	Conf: 0.126793	Pts: 50296
Particle (2):: Fit: 0.972943	PB: 0.972943	LB: 17.6965	GB: 187.054	Conf: 0.747948	Pts: 55293
Particle (7):: Fit: 16.9457	PB: 16.9457	LB: 17.1356	GB: 187.054	Conf: 1.75292	Pts: 70295
Particle (11):: Fit: 15.9749	PB: 15.9749	LB: 16.9457	GB: 187.054	Conf: 2	Pts: 60395
Particle (12):: Fit: 17.9879	PB: 17.9879	LB: 17.9879	GB: 187.054	Conf: 1.97994	Pts: 95195
Particle (13):: Fit: 0.146234	PB: 0.146234	LB: 150.148	GB: 187.054	Conf: 2	Pts: 55195
Particle (22):: Fit: 16.167	PB: 16.167	LB: 150.148	GB: 187.054	Conf: 2	Pts: 55295
Particle (24):: Fit: 16.5506	PB: 16.5506	LB: 17.506	GB: 187.054	Conf: 2	Pts: 70195
Particle (43):: Fit: 17.0355	PB: 17.0355	LB: 187.054	GB: 187.054	Conf: 0.739159	Pts: 50395
Particle (48):: Fit: 16.4722	PB: 16.4722	LB: 184.859	GB: 187.054	Conf: 1.98014	Pts: 50395
Particle (0):: Fit: 16.0824	PB: 16.0824	LB: 177.722	GB: 187.054	Conf: 1.98767	Pts: 110194
Particle (2):: Fit: 1.00944	PB: 1.00944	LB: 17.6965	GB: 187.054	Conf: 0.746192	Pts: 55392
Particle (13):: Fit: 16.359	PB: 16.359	LB: 150.148	GB: 187.054	Conf: 2	Pts: 55294
Particle (15):: Fit: 16.7421	PB: 16.7421	LB: 150.148	GB: 187.054	Conf: 2	Pts: 55294
Particle (22):: Fit: 16.5506	PB: 16.5506	LB: 150.148	GB: 187.054	Conf: 2	Pts: 55394
Particle (23):: Fit: 17.0219	PB: 17.0219	LB: 17.506	GB: 187.054	Conf: 0.945793	Pts: 55293
Particle (32):: Fit: 16.3964	PB: 16.3964	LB: 168.112	GB: 187.054	Conf: 1.60642	Pts: 55394
Particle (39):: Fit: 16.167	PB: 16.167	LB: 187.054	GB: 187.054	Conf: 2	Pts: 55194
Particle (0):: Fit: 18.395	PB: 18.395	LB: 177.722	GB: 187.054	Conf: 1.98085	Pts: 130293
Particle (2):: Fit: 1.02695	PB: 1.02695	LB: 18.395	GB: 187.054	Conf: 0.802295	Pts: 55491
Particle (11):: Fit: 16.5543	PB: 16.5543	LB: 17.9879	GB: 187.054	Conf: 1.98771	Pts: 60493
Particle (18):: Fit: 182.676	PB: 182.676	LB: 182.676	GB: 187.054	Conf: 1.28387	Pts: 155393
Particle (44):: Fit: 17.0414	PB: 17.0414	LB: 187.054	GB: 187.054	Conf: 0.491001	Pts: 50292
Particle (47):: Fit: 152.092	PB: 152.092	LB: 184.859	GB: 187.054	Conf: 1.22025	Pts: 55193
Particle (5):: Fit: 15.9749	PB: 15.9749	LB: 17.1356	GB: 187.054	Conf: 2	Pts: 55392
Particle (7):: Fit: 172.517	PB: 172.517	LB: 172.517	GB: 187.054	Conf: 1.74691	Pts: 120392
Particle (8):: Fit: 16.7012	PB: 16.7012	LB: 172.517	GB: 187.054	Conf: 1.88734	Pts: 55292
Particle (9):: Fit: 16.4147	PB: 16.4147	LB: 172.517	GB: 187.054	Conf: 0.174558	Pts: 60292
Particle (13):: Fit: 16.5506	PB: 16.5506	LB: 182.676	GB: 187.054	Conf: 2	Pts: 55392
Particle (17):: Fit: 16.9334	PB: 16.9334	LB: 182.676	GB: 187.054	Conf: 2	Pts: 55292
Particle (28):: Fit: 1.08034	PB: 1.08034	LB: 168.112	GB: 187.054	Conf: 0.88788	Pts: 60290
Particle (35):: Fit: 16.0376	PB: 16.0376	LB: 187.054	GB: 187.054	Conf: 1.43929	Pts: 55292
Particle (41):: Fit: 164.735	PB: 164.735	LB: 187.054	GB: 187.054	Conf: 1.52701	Pts: 50292
Particle (42):: Fit: 17.0457	PB: 17.0457	LB: 187.054	GB: 187.054	Conf: 0.949551	Pts: 50391
Particle (47):: Fit: 156.788	PB: 156.788	LB: 184.859	GB: 187.054	Conf: 1.24886	Pts: 60292
Particle (48):: Fit: 17.7048	PB: 17.7048	LB: 184.859	GB: 187.054	Conf: 1.97801	Pts: 50492
Particle (5):: Fit: 16.7421	PB: 16.7421	LB: 172.517	GB: 187.054	Conf: 2	Pts: 55491
Particle (12):: Fit: 172.741	PB: 172.741	LB: 172.741	GB: 187.054	Conf: 1.97754	Pts: 125291
Particle (26):: Fit: 17.506	PB: 17.506	LB: 17.506	GB: 187.054	Conf: 2	Pts: 105291
Particle (32):: Fit: 17.2071	PB: 17.2071	LB: 168.112	GB: 187.054	Conf: 1.52951	Pts: 55491
Particle (34):: Fit: 16.9334	PB: 16.9334	LB: 168.112	GB: 187.054	Conf: 2	Pts: 75391
Particle (35):: Fit: 17.1646	PB: 17.1646	LB: 187.054	GB: 187.054	Conf: 1.28695	Pts: 55391
Particle (39):: Fit: 17.3153	PB: 17.3153	LB: 187.054	GB: 187.054	Conf: 2	Pts: 55291
Particle (41):: Fit: 167.325	PB: 167.325	LB: 187.054	GB: 187.054	Conf: 1.78528	Pts: 50391
Particle (42):: Fit: 17.2335	PB: 17.2335	LB: 187.054	GB: 187.054	Conf: 0.670352	Pts: 50490
Particle (4):: Fit: 16.0668	PB: 16.0668	LB: 172.517	GB: 187.054	Conf: 0.657209	Pts: 110188
Particle (24):: Fit: 16.6635	PB: 16.6635	LB: 17.506	GB: 187.054	Conf: 1.98723	Pts: 70290
Particle (31):: Fit: 16.7421	PB: 16.7421	LB: 168.112	GB: 187.054	Conf: 2	Pts: 90290
Particle (37):: Fit: 16.5506	PB: 16.5506	LB: 187.054	GB: 187.054	Conf: 2	Pts: 65490
Particle (15):: Fit: 17.1245	PB: 17.1245	LB: 182.676	GB: 187.054	Conf: 2	Pts: 55389
Particle (25):: Fit: 16.7421	PB: 16.7421	LB: 17.506	GB: 187.054	Conf: 2	Pts: 80289
Particle (29):: Fit: 17.1447	PB: 17.1447	LB: 168.112	GB: 187.054	Conf: 1.914	Pts: 80289
Particle (4):: Fit: 171.667	PB: 171.667	LB: 172.517	GB: 187.054	Conf: 0.619756	Pts: 115286
Particle (7):: Fit: 175.096	PB: 175.096	LB: 175.096	GB: 187.054	Conf: 1.76565	Pts: 170488
Particle (11):: Fit: 16.9334	PB: 16.9334	LB: 175.096	GB: 187.054	Conf: 2	Pts: 60588
Particle (24):: Fit: 185.369	PB: 185.369	LB: 185.369	GB: 187.054	Conf: 1.98859	Pts: 120388
Particle (42):: Fit: 180.49	PB: 180.49	LB: 187.054	GB: 187.054	Conf: 0.545409	Pts: 50586
Particle (7):: Fit: 175.344	PB: 175.344	LB: 175.344	GB: 187.054	Conf: 1.78628	Pts: 220587
Particle (12):: Fit: 174.469	PB: 174.469	LB: 174.469	GB: 187.054	Conf: 1.95522	Pts: 130387
Particle (13):: Fit: 16.7421	PB: 16.7421	LB: 182.676	GB: 187.054	Conf: 2	Pts: 55487
Particle (16):: Fit: 17.1245	PB: 17.1245	LB: 182.676	GB: 187.054	Conf: 2	Pts: 70287
Particle (17):: Fit: 18.2668	PB: 18.2668	LB: 182.676	GB: 187.054	Conf: 2	Pts: 55386
Particle (21):: Fit: 166.176	PB: 166.176	LB: 185.369	GB: 187.054	Conf: 1.98424	Pts: 55286
Particle (28):: Fit: 1.11849	PB: 1.11849	LB: 185.369	GB: 187.054	Conf: 0.784815	Pts: 60384
Particle (3):: Fit: 16.9334	PB: 16.9334	LB: 175.344	GB: 187.054	Conf: 2	Pts: 60385
Particle (5):: Fit: 17.8868	PB: 17.8868	LB: 175.344	GB: 187.054	Conf: 2	Pts: 55585
Particle (7):: Fit: 179.401	PB: 179.401	LB: 179.401	GB: 187.054	Conf: 1.75245	Pts: 270685
Particle (34):: Fit: 17.6965	PB: 17.6965	LB: 168.112	GB: 187.054	Conf: 2	Pts: 75485
Particle (36):: Fit: 17.506	PB: 17.506	LB: 187.054	GB: 187.054	Conf: 2	Pts: 60285
Particle (43):: Fit: 17.2396	PB: 17.2396	LB: 187.054	GB: 187.054	Conf: 0.560797	Pts: 50484
Particle (6):: Fit: 173.954	PB: 173.954	LB: 179.401	GB: 187.054	Conf: 1.93736	Pts: 115283
Particle (8):: Fit: 16.7506	PB: 16.7506	LB: 179.401	GB: 187.054	Conf: 1.95579	Pts: 55383
Particle (20):: Fit: 16.9334	PB: 16.9334	LB: 185.369	GB: 187.054	Conf: 2	Pts: 60283
Particle (37):: Fit: 16.9334	PB: 16.9334	LB: 187.054	GB: 187.054	Conf: 2	Pts: 65583
Particle (0):: Fit: 170.019	PB: 170.019	LB: 177.722	GB: 187.054	Conf: 1.9822	Pts: 130382
Particle (21):: Fit: 179.812	PB: 179.812	LB: 185.369	GB: 187.054	Conf: 1.96638	Pts: 55382
Particle (23):: Fit: 17.2324	PB: 17.2324	LB: 185.369	GB: 187.054	Conf: 0.738755	Pts: 55381
Particle (28):: Fit: 16.6357	PB: 16.6357	LB: 185.369	GB: 187.054	Conf: 0.322407	Pts: 60480
Particle (31):: Fit: 171.952	PB: 171.952	LB: 171.952	GB: 187.054	Conf: 1.98401	Pts: 120382
Particle (15):: Fit: 17.3153	PB: 17.3153	LB: 182.676	GB: 187.054	Conf: 2	Pts: 55481
Particle (1):: Fit: 17.3153	PB: 17.3153	LB: 173.954	GB: 187.054	Conf: 2	Pts: 55479
Particle (22):: Fit: 16.7421	PB: 16.7421	LB: 185.369	GB: 187.054	Conf: 2	Pts: 55479
Particle (25):: Fit: 17.1245	PB: 17.1245	LB: 185.369	GB: 187.054	Conf: 2	Pts: 80379
Particle (9):: Fit: 16.4506	PB: 16.4506	LB: 179.401	GB: 187.054	Conf: 0.623872	Pts: 60378
Particle (37):: Fit: 17.1245	PB: 17.1245	LB: 187.054	GB: 187.054	Conf: 2	Pts: 65678
Particle (2):: Fit: 1.13407	PB: 1.13407	LB: 179.401	GB: 187.054	Conf: 0.946798	Pts: 55570
Particle (11):: Fit: 17.6965	PB: 17.6965	LB: 179.401	GB: 187.054	Conf: 2	Pts: 60675
Particle (19):: Fit: 18.6461	PB: 18.6461	LB: 185.369	GB: 187.054	Conf: 2	Pts: 125274
Particle (13):: Fit: 16.9334	PB: 16.9334	LB: 182.676	GB: 187.054	Conf: 2	Pts: 55572
Particle (20):: Fit: 17.506	PB: 17.506	LB: 185.369	GB: 187.054	Conf: 2	Pts: 60372
Particle (13):: Fit: 17.8868	PB: 17.8868	LB: 182.676	GB: 187.054	Conf: 2	Pts: 55669
Particle (30):: Fit: 18.2668	PB: 18.2668	LB: 171.952	GB: 187.054	Conf: 2	Pts: 55369
Particle (43):: Fit: 17.8204	PB: 17.8204	LB: 187.054	GB: 187.054	Conf: 0.422102	Pts: 50568
Particle (39):: Fit: 17.506	PB: 17.506	LB: 187.054	GB: 187.054	Conf: 2	Pts: 55368
Particle (2):: Fit: 16.7767	PB: 16.7767	LB: 179.401	GB: 187.054	Conf: 0.088142	Pts: 55656
Particle (26):: Fit: 176.369	PB: 176.369	LB: 185.369	GB: 187.054	Conf: 1.92686	Pts: 115365
Particle (22):: Fit: 17.3153	PB: 17.3153	LB: 185.369	GB: 187.054	Conf: 2	Pts: 55564
Particle (47):: Fit: 160.873	PB: 160.873	LB: 184.859	GB: 187.054	Conf: 1.55758	Pts: 60363
Particle (48):: Fit: 18.1822	PB: 18.1822	LB: 184.859	GB: 187.054	Conf: 1.96868	Pts: 50563
Particle (1):: Fit: 173.885	PB: 173.885	LB: 173.954	GB: 187.054	Conf: 1.98762	Pts: 55562
Particle (16):: Fit: 172.735	PB: 172.735	LB: 182.676	GB: 187.054	Conf: 1.97358	Pts: 70362
Particle (22):: Fit: 17.506	PB: 17.506	LB: 185.369	GB: 187.054	Conf: 2	Pts: 55662
Particle (8):: Fit: 17.15	PB: 17.15	LB: 179.401	GB: 187.054	Conf: 1.90812	Pts: 55460
Particle (9):: Fit: 16.6098	PB: 16.6098	LB: 179.401	GB: 187.054	Conf: 0.178793	Pts: 60460
Particle (44):: Fit: 17.2256	PB: 17.2256	LB: 187.054	GB: 187.054	Conf: 0.351406	Pts: 50352
Particle (47):: Fit: 164.156	PB: 164.156	LB: 184.859	GB: 187.054	Conf: 1.51413	Pts: 60460
Particle (13):: Fit: 173.887	PB: 173.887	LB: 182.676	GB: 187.054	Conf: 1.98939	Pts: 55759
Particle (36):: Fit: 17.6965	PB: 17.6965	LB: 187.054	GB: 187.054	Conf: 2	Pts: 60359
Particle (3):: Fit: 17.1245	PB: 17.1245	LB: 179.401	GB: 187.054	Conf: 2	Pts: 60457
Particle (4):: Fit: 173.971	PB: 173.971	LB: 179.401	GB: 187.054	Conf: 0.344994	Pts: 120351
Particle (11):: Fit: 18.0769	PB: 18.0769	LB: 179.401	GB: 187.054	Conf: 2	Pts: 60757
Particle (47):: Fit: 169.199	PB: 169.199	LB: 184.859	GB: 187.054	Conf: 1.63694	Pts: 60557
Particle (15):: Fit: 17.506	PB: 17.506	LB: 182.676	GB: 187.054	Conf: 2	Pts: 55556
Particle (35):: Fit: 17.3666	PB: 17.3666	LB: 187.054	GB: 187.054	Conf: 1.17307	Pts: 55456
Particle (9):: Fit: 16.6131	PB: 16.6131	LB: 179.401	GB: 187.054	Conf: 0.193238	Pts: 60554
Particle (38):: Fit: 18.0745	PB: 18.0745	LB: 187.054	GB: 187.054	Conf: 1.98445	Pts: 110255
Particle (14):: Fit: 17.3153	PB: 17.3153	LB: 182.676	GB: 187.054	Conf: 2	Pts: 110154
Particle (16):: Fit: 173.883	PB: 173.883	LB: 182.676	GB: 187.054	Conf: 1.98708	Pts: 70454
Particle (31):: Fit: 177.711	PB: 177.711	LB: 177.711	GB: 187.054	Conf: 1.98455	Pts: 150454
Particle (9):: Fit: 17.7747	PB: 17.7747	LB: 179.401	GB: 187.054	Conf: 0.1924	Pts: 60651
Particle (23):: Fit: 17.6312	PB: 17.6312	LB: 185.369	GB: 187.054	Conf: 0.628373	Pts: 55447
Particle (38):: Fit: 176.803	PB: 176.803	LB: 187.054	GB: 187.054	Conf: 1.95698	Pts: 110350
Particle (41):: Fit: 167.801	PB: 167.801	LB: 187.054	GB: 187.054	Conf: 1.77781	Pts: 50450
Particle (39):: Fit: 18.0769	PB: 18.0769	LB: 187.054	GB: 187.054	Conf: 2	Pts: 55449
Particle (48):: Fit: 170.799	PB: 170.799	LB: 184.859	GB: 187.054	Conf: 1.97154	Pts: 50649
Particle (2):: Fit: 16.8461	PB: 16.8461	LB: 179.401	GB: 187.054	Conf: 0.556089	Pts: 55735
Particle (7):: Fit: 180.674	PB: 180.674	LB: 180.674	GB: 187.054	Conf: 1.84635	Pts: 320744
Particle (35):: Fit: 176.52	PB: 176.52	LB: 187.054	GB: 187.054	Conf: 1.16585	Pts: 55543
Particle (7):: Fit: 183.77	PB: 183.77	LB: 183.77	GB: 187.054	Conf: 1.70576	Pts: 370843
Particle (29):: Fit: 178.938	PB: 178.938	LB: 178.938	GB: 187.054	Conf: 1.88653	Pts: 105342
Particle (12):: Fit: 177.405	PB: 177.405	LB: 177.405	GB: 187.054	Conf: 1.93413	Pts: 135441
Particle (28):: Fit: 17.188	PB: 17.188	LB: 185.369	GB: 187.054	Conf: 0.991454	Pts: 60535
Particle (37):: Fit: 17.8868	PB: 17.8868	LB: 187.054	GB: 187.054	Conf: 2	Pts: 65740
Particle (2):: Fit: 17.036	PB: 17.036	LB: 183.77	GB: 187.054	Conf: 0.40641	Pts: 55825
Particle (15):: Fit: 18.6461	PB: 18.6461	LB: 182.676	GB: 187.054	Conf: 2	Pts: 55639
Particle (21):: Fit: 180.437	PB: 180.437	LB: 185.369	GB: 187.054	Conf: 1.97522	Pts: 55437
Particle (8):: Fit: 180.395	PB: 180.395	LB: 183.77	GB: 187.054	Conf: 1.96461	Pts: 60535
Particle (40):: Fit: 197.861	PB: 197.861	LB: 197.861	GB: 197.861	Conf: 1.88129	Pts: 230235
Global: 197.861 - Correct: 37% of 100 tests
Global Best: 
  Inner Net 1
  -- 1 : 1 = 0.7248
  -- 1 : 2 = 0.3025
  -- 1 : 3 = 0.1089
  -- 1 : 4 = 0.1831
  -- 1 : 5 = 0.3993
  -- 1 : 6 = 0.1651
  -- 1 : 7 = 0.0066
  -- 1 : 8 = 0.1102
  -- 1 : 9 = 0.1424
  -- 2 : 1 = 0.5726
  -- 2 : 2 = 0.2276
  -- 2 : 3 = 0.6541
  -- 2 : 4 = 0.6433
  -- 2 : 5 = 0.0089
  -- 2 : 6 = 0.8117
  -- 2 : 7 = 0.1545
  -- 2 : 8 = 0.1443
  -- 2 : 9 = 0.8182
  -- 3 : 1 = 0.9212
  -- 3 : 2 = 0.8381
  -- 3 : 3 = 0.6322
  -- 3 : 4 = 0.3545
  -- 3 : 5 = 0.7579
  -- 3 : 6 = 0.2846
  -- 3 : 7 = 0.7884
  -- 3 : 8 = 0.1645
  -- 3 : 9 = 0.0855
  -- 4 : 1 = 0.4003
  -- 4 : 2 = 0.4785
  -- 4 : 3 = 0.6452
  -- 4 : 4 = 0.8344
  -- 4 : 5 = 0.4981
  -- 4 : 6 = 0.8756
  -- 4 : 7 = 0.6414
  -- 4 : 8 = 0.782
  -- 4 : 9 = 0.1348
  -- 5 : 1 = 0.6807
  -- 5 : 2 = 0.2988
  -- 5 : 3 = 0.1088
  -- 5 : 4 = 0.2602
  -- 5 : 5 = 0.2534
  -- 5 : 6 = 0.7621
  -- 5 : 7 = 0.5618
  -- 5 : 8 = 0.2836
  -- 5 : 9 = 0.1635
  -- 6 : 1 = 0.4184
  -- 6 : 2 = 0.8561
  -- 6 : 3 = 0.4237
  -- 6 : 4 = 0.485
  -- 6 : 5 = 0.5971
  -- 6 : 6 = 0.415
  -- 6 : 7 = 0.6285
  -- 6 : 8 = 0.4501
  -- 6 : 9 = 0.6131
  -- 7 : 1 = 0.4967
  -- 7 : 2 = 0.1523
  -- 7 : 3 = 0.9099
  -- 7 : 4 = 0.8333
  -- 7 : 5 = 0.1288
  -- 7 : 6 = 0.907
  -- 7 : 7 = 0.0756
  -- 7 : 8 = 0.6973
  -- 7 : 9 = 0.8837
  -- 8 : 1 = 0.6147
  -- 8 : 2 = 0.8552
  -- 8 : 3 = 0.2829
  -- 8 : 4 = 0.6719
  -- 8 : 5 = 0.169
  -- 8 : 6 = 0.5785
  -- 8 : 7 = 0.6073
  -- 8 : 8 = 0.2755
  -- 8 : 9 = 0.6649
  -- 9 : 1 = 0.0246
  -- 9 : 2 = 0.9312
  -- 9 : 3 = 0.2641
  -- 9 : 4 = 0.2885
  -- 9 : 5 = 0.1794
  -- 9 : 6 = 0.9197
  -- 9 : 7 = 0.5034
  -- 9 : 8 = 0.079
  -- 9 : 9 = 0.4036
  -- 10 : 1 = 0.2022
  -- 10 : 2 = 0.9643
  -- 10 : 3 = 0.5867
  -- 10 : 4 = 0.3152
  -- 10 : 5 = 0.1413
  -- 10 : 6 = 0.5946
  -- 10 : 7 = 0.2238
  -- 10 : 8 = 0.9766
  -- 10 : 9 = 0.1654
  Inner Net 2
  -- 1 : 1 = 0.0550483
  -- 1 : 2 = 0.636369
  -- 2 : 1 = -0.233355
  -- 2 : 2 = 0.246547
  -- 3 : 1 = 0.267661
  -- 3 : 2 = 0.254517
  -- 4 : 1 = 0.0302101
  -- 4 : 2 = -0.241198
  -- 5 : 1 = -0.210987
  -- 5 : 2 = -0.218672
  -- 6 : 1 = 0.3045
  -- 6 : 2 = 0.0710621
  -- 7 : 1 = -0.0940843
  -- 7 : 2 = 0.0119941
  -- 8 : 1 = 0.148386
  -- 8 : 2 = 0.116948
  -- 9 : 1 = -0.319386
  -- 9 : 2 = 0.154549
Out\Act	False		True
False	0.84198	0	0.84198
True	0.15802	0	0.15802
	1	0
	Accuracy [ (tp + tn) / testSize ]: 0.84198
	Precision [ tp / (tp + fp) ]:      0
	Sensitivity [ tp / (tp + fn) ]:    0
	Specificity [ tn / (tn + fp) ]:    0.999435
	F-Score [ 2tp / (2tp + fp + fn) ]: 0
Particle (36):: Fit: 18.0769	PB: 18.0769	LB: 197.861	GB: 197.861	Conf: 2	Pts: 60434
Particle (2):: Fit: 17.2249	PB: 17.2249	LB: 183.77	GB: 197.861	Conf: 0.813897	Pts: 55917
Particle (9):: Fit: 17.8247	PB: 17.8247	LB: 183.77	GB: 197.861	Conf: 0.750816	Pts: 60724
Particle (22):: Fit: 17.6965	PB: 17.6965	LB: 185.369	GB: 197.861	Conf: 2	Pts: 55727
Particle (47):: Fit: 175.855	PB: 175.855	LB: 184.859	GB: 197.861	Conf: 1.17186	Pts: 65627
Particle (32):: Fit: 17.3761	PB: 17.3761	LB: 178.938	GB: 197.861	Conf: 1.2343	Pts: 55525
Particle (48):: Fit: 171.965	PB: 171.965	LB: 184.859	GB: 197.861	Conf: 1.989	Pts: 50725
Particle (3):: Fit: 17.6965	PB: 17.6965	LB: 183.77	GB: 197.861	Conf: 2	Pts: 60523
Particle (10):: Fit: 16.9367	PB: 16.9367	LB: 183.77	GB: 197.861	Conf: 1.98541	Pts: 55323
Particle (10):: Fit: 16.9375	PB: 16.9375	LB: 183.77	GB: 197.861	Conf: 1.94298	Pts: 55419
Particle (7):: Fit: 190.649	PB: 190.649	LB: 190.649	GB: 197.861	Conf: 1.8753	Pts: 420916
Particle (35):: Fit: 178.397	PB: 178.397	LB: 197.861	GB: 197.861	Conf: 1.53848	Pts: 60614
Particle (18):: Fit: 184.171	PB: 184.171	LB: 184.171	GB: 197.861	Conf: 1.22751	Pts: 185413
Particle (21):: Fit: 181.55	PB: 181.55	LB: 185.369	GB: 197.861	Conf: 1.98898	Pts: 55512
Particle (32):: Fit: 17.3864	PB: 17.3864	LB: 178.938	GB: 197.861	Conf: 1.4802	Pts: 55612
Particle (18):: Fit: 191.174	PB: 191.174	LB: 191.174	GB: 197.861	Conf: 1.21921	Pts: 235511
Particle (9):: Fit: 18.9996	PB: 18.9996	LB: 190.649	GB: 197.861	Conf: 0.861608	Pts: 60806
Particle (25):: Fit: 17.506	PB: 17.506	LB: 185.369	GB: 197.861	Conf: 2	Pts: 80408
Particle (41):: Fit: 172.536	PB: 172.536	LB: 197.861	GB: 197.861	Conf: 1.53469	Pts: 50508
Particle (34):: Fit: 18.0769	PB: 18.0769	LB: 178.397	GB: 197.861	Conf: 2	Pts: 75506
Particle (28):: Fit: 17.6073	PB: 17.6073	LB: 185.369	GB: 197.861	Conf: 0.300038	Pts: 60589
Particle (22):: Fit: 18.4185	PB: 18.4185	LB: 191.174	GB: 197.861	Conf: 0.719502	Pts: 55798
Particle (0):: Fit: 175.961	PB: 175.961	LB: 177.722	GB: 197.861	Conf: 0.48345	Pts: 135397
Particle (3):: Fit: 195.381	PB: 195.381	LB: 195.381	GB: 197.861	Conf: 0.775522	Pts: 110596
Particle (23):: Fit: 186.281	PB: 186.281	LB: 186.281	GB: 197.861	Conf: 0.252248	Pts: 80485
Particle (25):: Fit: 145.746	PB: 145.746	LB: 186.281	GB: 197.861	Conf: 0.698053	Pts: 80497
Particle (37):: Fit: 147.166	PB: 147.166	LB: 197.861	GB: 197.861	Conf: 0.312269	Pts: 65797
Particle (15):: Fit: 182.332	PB: 182.332	LB: 191.174	GB: 197.861	Conf: 1.96855	Pts: 60696
Particle (25):: Fit: 171.455	PB: 171.455	LB: 186.281	GB: 197.861	Conf: 0.918915	Pts: 80596
Particle (17):: Fit: 150.817	PB: 150.817	LB: 191.174	GB: 197.861	Conf: 1.42608	Pts: 55395
Particle (28):: Fit: 150.112	PB: 150.112	LB: 185.369	GB: 197.861	Conf: 0.294462	Pts: 60684
Particle (33):: Fit: 181.199	PB: 181.199	LB: 181.199	GB: 197.861	Conf: 0.501949	Pts: 135195
Particle (11):: Fit: 169.239	PB: 169.239	LB: 190.649	GB: 197.861	Conf: 0.556485	Pts: 60794
Particle (25):: Fit: 187.121	PB: 187.121	LB: 187.121	GB: 197.861	Conf: 0.395442	Pts: 115693
Particle (41):: Fit: 173.278	PB: 173.278	LB: 197.861	GB: 197.861	Conf: 0.635156	Pts: 50592
Particle (2):: Fit: 169.121	PB: 169.121	LB: 195.381	GB: 197.861	Conf: 0.767791	Pts: 55972
Particle (22):: Fit: 156.51	PB: 156.51	LB: 191.174	GB: 197.861	Conf: 0.393986	Pts: 55890
Particle (17):: Fit: 152.814	PB: 152.814	LB: 191.174	GB: 197.861	Conf: 1.33968	Pts: 55489
Particle (28):: Fit: 158.198	PB: 158.198	LB: 187.121	GB: 197.861	Conf: 0.836427	Pts: 60778
Particle (19):: Fit: 173.038	PB: 173.038	LB: 191.174	GB: 197.861	Conf: 0.763235	Pts: 125288
Particle (31):: Fit: 189.53	PB: 189.53	LB: 189.53	GB: 197.861	Conf: 0.153348	Pts: 195487
Particle (22):: Fit: 160.79	PB: 160.79	LB: 191.174	GB: 197.861	Conf: 0.517486	Pts: 55987
Particle (39):: Fit: 166.92	PB: 166.92	LB: 197.861	GB: 197.861	Conf: 0.521886	Pts: 55487
Particle (45):: Fit: 195.7	PB: 195.7	LB: 195.7	GB: 197.861	Conf: 0.219672	Pts: 100285
Particle (28):: Fit: 190.231	PB: 190.231	LB: 190.231	GB: 197.861	Conf: 0.681677	Pts: 110873
Particle (2):: Fit: 177.383	PB: 177.383	LB: 195.381	GB: 197.861	Conf: 0.793916	Pts: 56064
Particle (27):: Fit: 188.107	PB: 188.107	LB: 190.231	GB: 197.861	Conf: 0.949252	Pts: 80281
Particle (36):: Fit: 168.706	PB: 168.706	LB: 197.861	GB: 197.861	Conf: 0.753212	Pts: 60483
Particle (37):: Fit: 165.992	PB: 165.992	LB: 197.861	GB: 197.861	Conf: 0.54847	Pts: 65883
Particle (36):: Fit: 175.708	PB: 175.708	LB: 197.861	GB: 197.861	Conf: 0.618964	Pts: 60582
Particle (5):: Fit: 172.976	PB: 172.976	LB: 195.381	GB: 197.861	Conf: 0.318892	Pts: 55581
Particle (30):: Fit: 173.943	PB: 173.943	LB: 190.231	GB: 197.861	Conf: 1.73584	Pts: 55380
Particle (20):: Fit: 187.843	PB: 187.843	LB: 191.174	GB: 197.861	Conf: 0.58605	Pts: 60380
Particle (36):: Fit: 187.489	PB: 187.489	LB: 197.861	GB: 197.861	Conf: 0.259451	Pts: 60679
Particle (43):: Fit: 150.782	PB: 150.782	LB: 197.861	GB: 197.861	Conf: 0.75648	Pts: 50573
Particle (49):: Fit: 174.45	PB: 174.45	LB: 195.7	GB: 197.861	Conf: 0.546977	Pts: 65177
Particle (0):: Fit: 181.328	PB: 181.328	LB: 195.381	GB: 197.861	Conf: 0.47131	Pts: 135477
Particle (26):: Fit: 177.042	PB: 177.042	LB: 190.231	GB: 197.861	Conf: 0.221124	Pts: 115377
Particle (44):: Fit: 173.824	PB: 173.824	LB: 197.861	GB: 197.861	Conf: 0.761383	Pts: 50361
Particle (43):: Fit: 177.027	PB: 177.027	LB: 197.861	GB: 197.861	Conf: 0.665841	Pts: 50670
Particle (30):: Fit: 177.237	PB: 177.237	LB: 190.231	GB: 197.861	Conf: 0.316953	Pts: 55474
Particle (1):: Fit: 184.284	PB: 184.284	LB: 195.381	GB: 197.861	Conf: 0.915479	Pts: 55574
Particle (10):: Fit: 17.0309	PB: 17.0309	LB: 190.649	GB: 197.861	Conf: 0.782991	Pts: 55474
Particle (14):: Fit: 17.8047	PB: 17.8047	LB: 191.174	GB: 197.861	Conf: 0.958746	Pts: 110174
Particle (39):: Fit: 168.55	PB: 168.55	LB: 197.861	GB: 197.861	Conf: 0.694078	Pts: 55573
Particle (9):: Fit: 178.295	PB: 178.295	LB: 190.649	GB: 197.861	Conf: 0.49936	Pts: 60865
Particle (22):: Fit: 177.999	PB: 177.999	LB: 191.174	GB: 197.861	Conf: 0.707036	Pts: 56072
Particle (6):: Fit: 177.662	PB: 177.662	LB: 195.381	GB: 197.861	Conf: 0.696672	Pts: 115270
Particle (11):: Fit: 176.935	PB: 176.935	LB: 190.649	GB: 197.861	Conf: 0.19705	Pts: 60871
Particle (32):: Fit: 170.407	PB: 170.407	LB: 190.231	GB: 197.861	Conf: 0.520156	Pts: 55667
Particle (17):: Fit: 187.318	PB: 187.318	LB: 191.174	GB: 197.861	Conf: 0.461358	Pts: 60565
Particle (31):: Fit: 198.047	PB: 198.047	LB: 198.047	GB: 198.047	Conf: 0.408153	Pts: 255564
Global: 198.047 - Correct: 71% of 100 tests
Global Best: 
  Inner Net 1
  -- 1 : 1 = -0.0222271
  -- 1 : 2 = 0.660473
  -- 1 : 3 = 0.386367
  -- 1 : 4 = 0.227709
  -- 1 : 5 = -0.0955098
  -- 1 : 6 = -0.247076
  -- 1 : 7 = -0.0108267
  -- 1 : 8 = -0.399417
  -- 1 : 9 = 0.241701
  -- 2 : 1 = 0.279925
  -- 2 : 2 = -0.259227
  -- 2 : 3 = -0.0958445
  -- 2 : 4 = 0.478863
  -- 2 : 5 = 0.142768
  -- 2 : 6 = 0.451599
  -- 2 : 7 = 0.165319
  -- 2 : 8 = 0.0485962
  -- 2 : 9 = -0.156979
  -- 3 : 1 = -0.5
  -- 3 : 2 = -0.166187
  -- 3 : 3 = 0.131793
  -- 3 : 4 = 0.268055
  -- 3 : 5 = 0.0823327
  -- 3 : 6 = -0.222737
  -- 3 : 7 = 0.490705
  -- 3 : 8 = 0.627028
  -- 3 : 9 = 0.155786
  -- 4 : 1 = 0.259811
  -- 4 : 2 = 0.296646
  -- 4 : 3 = -0.0619839
  -- 4 : 4 = -0.10773
  -- 4 : 5 = 0.213817
  -- 4 : 6 = -0.235009
  -- 4 : 7 = 0.658138
  -- 4 : 8 = 0.0123366
  -- 4 : 9 = -0.0292554
  -- 5 : 1 = 0.5
  -- 5 : 2 = 0.0865932
  -- 5 : 3 = 0.221975
  -- 5 : 4 = -0.0626354
  -- 5 : 5 = 0.220893
  -- 5 : 6 = 0.491799
  -- 5 : 7 = -0.140966
  -- 5 : 8 = 0.20462
  -- 5 : 9 = 0.0126181
  -- 6 : 1 = 0.5
  -- 6 : 2 = 0.036083
  -- 6 : 3 = 0.215259
  -- 6 : 4 = -0.00635682
  -- 6 : 5 = 0.142656
  -- 6 : 6 = -0.113543
  -- 6 : 7 = 0.897174
  -- 6 : 8 = 0.452154
  -- 6 : 9 = -0.130024
  -- 7 : 1 = 0.260094
  -- 7 : 2 = 0.280648
  -- 7 : 3 = 0.0286068
  -- 7 : 4 = 0.391028
  -- 7 : 5 = 0.280521
  -- 7 : 6 = 0.347068
  -- 7 : 7 = -0.069438
  -- 7 : 8 = -0.0165112
  -- 7 : 9 = 0.637672
  -- 8 : 1 = 0.813572
  -- 8 : 2 = -0.0828131
  -- 8 : 3 = -0.1091
  -- 8 : 4 = 0.738362
  -- 8 : 5 = 0.184532
  -- 8 : 6 = -0.0366695
  -- 8 : 7 = -0.0567484
  -- 8 : 8 = -0.119468
  -- 8 : 9 = 0.33404
  -- 9 : 1 = -0.1133
  -- 9 : 2 = 0.459267
  -- 9 : 3 = 0.00550228
  -- 9 : 4 = -0.0993361
  -- 9 : 5 = 0.0158029
  -- 9 : 6 = -0.338371
  -- 9 : 7 = 0.360859
  -- 9 : 8 = 0.12106
  -- 9 : 9 = -0.241078
  -- 10 : 1 = -0.741367
  -- 10 : 2 = 0.498626
  -- 10 : 3 = 0.461082
  -- 10 : 4 = -0.110634
  -- 10 : 5 = -0.05236
  -- 10 : 6 = 0.0558514
  -- 10 : 7 = 0.175008
  -- 10 : 8 = 0.30865
  -- 10 : 9 = -0.0886353
  Inner Net 2
  -- 1 : 1 = -0.176857
  -- 1 : 2 = 0.0334928
  -- 2 : 1 = 0.183003
  -- 2 : 2 = 0.203357
  -- 3 : 1 = -0.163696
  -- 3 : 2 = 0.178767
  -- 4 : 1 = 0.36379
  -- 4 : 2 = -0.117957
  -- 5 : 1 = 0.0205688
  -- 5 : 2 = 0.0317574
  -- 6 : 1 = 0.108249
  -- 6 : 2 = -0.0767023
  -- 7 : 1 = 0.183131
  -- 7 : 2 = -0.0599303
  -- 8 : 1 = 0.0761987
  -- 8 : 2 = -0.281347
  -- 9 : 1 = -0.421841
  -- 9 : 2 = 0.037735
Out\Act	False		True
False	0.388862	0.453118	0.84198
True	0.0556878	0.102332	0.15802
	0.44455	0.55545
	Accuracy [ (tp + tn) / testSize ]: 0.491195
	Precision [ tp / (tp + fp) ]:      0.184075
	Sensitivity [ tp / (tp + fn) ]:    0.645646
	Specificity [ tn / (tn + fp) ]:    0.461582
	F-Score [ 2tp / (2tp + fp + fn) ]: 0.286667
Particle (16):: Fit: 180.821	PB: 180.821	LB: 191.174	GB: 198.047	Conf: 0.185793	Pts: 70461
Particle (10):: Fit: 156	PB: 156	LB: 190.649	GB: 198.047	Conf: 0.551183	Pts: 55558
Particle (2):: Fit: 191.048	PB: 191.048	LB: 195.381	GB: 198.047	Conf: 0.657592	Pts: 56137
Particle (5):: Fit: 184.372	PB: 184.372	LB: 195.381	GB: 198.047	Conf: 0.33996	Pts: 55655
Particle (14):: Fit: 166.274	PB: 166.274	LB: 191.174	GB: 198.047	Conf: 0.981299	Pts: 110254
Particle (37):: Fit: 170.019	PB: 170.019	LB: 197.861	GB: 198.047	Conf: 0.432526	Pts: 65955
Particle (39):: Fit: 171.007	PB: 171.007	LB: 197.861	GB: 198.047	Conf: 0.304028	Pts: 55652
Particle (11):: Fit: 192.681	PB: 192.681	LB: 192.681	GB: 198.047	Conf: 0.19466	Pts: 100952
Particle (6):: Fit: 185.573	PB: 185.573	LB: 195.381	GB: 198.047	Conf: 0.675382	Pts: 115350
Particle (39):: Fit: 202.781	PB: 202.781	LB: 202.781	GB: 202.781	Conf: 0.259577	Pts: 115749
Global: 202.781 - Correct: 77% of 100 tests
Global Best: 
  Inner Net 1
  -- 1 : 1 = 0.532799
  -- 1 : 2 = -0.25565
  -- 1 : 3 = 0.447382
  -- 1 : 4 = -0.245712
  -- 1 : 5 = 0.564661
  -- 1 : 6 = 0.013533
  -- 1 : 7 = -0.210959
  -- 1 : 8 = 0.193688
  -- 1 : 9 = 0.152578
  -- 2 : 1 = 0.324907
  -- 2 : 2 = -0.0555111
  -- 2 : 3 = -0.117767
  -- 2 : 4 = 0.0673578
  -- 2 : 5 = 0.0936423
  -- 2 : 6 = 0.206508
  -- 2 : 7 = -0.0467669
  -- 2 : 8 = 0.157414
  -- 2 : 9 = 0.121114
  -- 3 : 1 = 0.821384
  -- 3 : 2 = 0.00478385
  -- 3 : 3 = 0.0679485
  -- 3 : 4 = -0.337565
  -- 3 : 5 = 0.403563
  -- 3 : 6 = -0.205352
  -- 3 : 7 = 0
  -- 3 : 8 = 0.386409
  -- 3 : 9 = -0.00823717
  -- 4 : 1 = -0.0877769
  -- 4 : 2 = 0.280702
  -- 4 : 3 = -0.0749776
  -- 4 : 4 = -0.116988
  -- 4 : 5 = -0.217594
  -- 4 : 6 = -0.119777
  -- 4 : 7 = -0.1443
  -- 4 : 8 = 0.0948126
  -- 4 : 9 = -0.191578
  -- 5 : 1 = 0
  -- 5 : 2 = -0.0583391
  -- 5 : 3 = -0.124653
  -- 5 : 4 = -0.0229306
  -- 5 : 5 = -0.0645384
  -- 5 : 6 = 0.0802114
  -- 5 : 7 = 0.378983
  -- 5 : 8 = -0.0208891
  -- 5 : 9 = -0.34027
  -- 6 : 1 = 0.442821
  -- 6 : 2 = 0.199713
  -- 6 : 3 = 0.107617
  -- 6 : 4 = -0.041344
  -- 6 : 5 = 0.247801
  -- 6 : 6 = 0.0699336
  -- 6 : 7 = -0.0410088
  -- 6 : 8 = -0.0698372
  -- 6 : 9 = -0.123621
  -- 7 : 1 = 0.696286
  -- 7 : 2 = -0.0891476
  -- 7 : 3 = 0.159186
  -- 7 : 4 = -0.273964
  -- 7 : 5 = -0.198838
  -- 7 : 6 = 0.282743
  -- 7 : 7 = -0.194558
  -- 7 : 8 = -0.0390065
  -- 7 : 9 = 0.256286
  -- 8 : 1 = 0.467982
  -- 8 : 2 = -0.250188
  -- 8 : 3 = 0.0504072
  -- 8 : 4 = 0.379834
  -- 8 : 5 = -0.0554336
  -- 8 : 6 = -0.0187007
  -- 8 : 7 = 0.0610711
  -- 8 : 8 = 0.326957
  -- 8 : 9 = -0.115763
  -- 9 : 1 = 0.0883875
  -- 9 : 2 = 0.584689
  -- 9 : 3 = -0.139764
  -- 9 : 4 = 0.194165
  -- 9 : 5 = 0.0549443
  -- 9 : 6 = -0.422764
  -- 9 : 7 = 0.14396
  -- 9 : 8 = 0.0826276
  -- 9 : 9 = -0.0280448
  -- 10 : 1 = 0.0894227
  -- 10 : 2 = 0.228254
  -- 10 : 3 = -0.239166
  -- 10 : 4 = 0.211889
  -- 10 : 5 = 0.110763
  -- 10 : 6 = 0.0173183
  -- 10 : 7 = 0.0169293
  -- 10 : 8 = -0.0420185
  -- 10 : 9 = 0.138358
  Inner Net 2
  -- 1 : 1 = 0.186281
  -- 1 : 2 = 0.183295
  -- 2 : 1 = -0.345006
  -- 2 : 2 = 0.0433322
  -- 3 : 1 = 0.321389
  -- 3 : 2 = 0.400385
  -- 4 : 1 = 0.0956738
  -- 4 : 2 = 0.201111
  -- 5 : 1 = 0.0657301
  -- 5 : 2 = 0.189842
  -- 6 : 1 = 0.331783
  -- 6 : 2 = 0.426848
  -- 7 : 1 = 0.311443
  -- 7 : 2 = -0.0596469
  -- 8 : 1 = 0.705879
  -- 8 : 2 = 0.299635
  -- 9 : 1 = -0.384747
  -- 9 : 2 = -0.275711
Out\Act	False		True
False	0.718229	0.123751	0.84198
True	0.0970966	0.0609234	0.15802
	0.815326	0.184674
	Accuracy [ (tp + tn) / testSize ]: 0.779153
	Precision [ tp / (tp + fp) ]:      0.329049
	Sensitivity [ tp / (tp + fn) ]:    0.384384
	Specificity [ tn / (tn + fp) ]:    0.852542
	F-Score [ 2tp / (2tp + fp + fn) ]: 0.355062
Particle (47):: Fit: 180.202	PB: 180.202	LB: 195.7	GB: 202.781	Conf: 0.640612	Pts: 65648
Particle (10):: Fit: 174.737	PB: 174.737	LB: 192.681	GB: 202.781	Conf: 0.773042	Pts: 55645
Particle (19):: Fit: 184.66	PB: 184.66	LB: 191.174	GB: 202.781	Conf: 0.481957	Pts: 125346
Particle (34):: Fit: 141.086	PB: 141.086	LB: 202.781	GB: 202.781	Conf: 0.777439	Pts: 75540
Particle (37):: Fit: 177.109	PB: 177.109	LB: 202.781	GB: 202.781	Conf: 0.436538	Pts: 66040
Particle (19):: Fit: 190.569	PB: 190.569	LB: 191.174	GB: 202.781	Conf: 0.578416	Pts: 130439
Particle (0):: Fit: 185.658	PB: 185.658	LB: 195.381	GB: 202.781	Conf: 0.744576	Pts: 135535
Particle (22):: Fit: 182.412	PB: 182.412	LB: 191.174	GB: 202.781	Conf: 0.902858	Pts: 56135
Particle (13):: Fit: 186.637	PB: 186.637	LB: 192.681	GB: 202.781	Conf: 0.537362	Pts: 55732
Particle (34):: Fit: 164.416	PB: 164.416	LB: 202.781	GB: 202.781	Conf: 0.480845	Pts: 75630
Particle (10):: Fit: 194.121	PB: 194.121	LB: 194.121	GB: 202.781	Conf: 0.785327	Pts: 90730
Particle (44):: Fit: 177.513	PB: 177.513	LB: 197.861	GB: 202.781	Conf: 0.637136	Pts: 50415
Particle (32):: Fit: 170.805	PB: 170.805	LB: 198.047	GB: 202.781	Conf: 0.426947	Pts: 55730
Particle (47):: Fit: 184.613	PB: 184.613	LB: 195.7	GB: 202.781	Conf: 0.645283	Pts: 65727
Particle (14):: Fit: 172.69	PB: 172.69	LB: 194.121	GB: 202.781	Conf: 0.309995	Pts: 110326
Particle (36):: Fit: 199.291	PB: 199.291	LB: 202.781	GB: 202.781	Conf: 0.486551	Pts: 75723
Particle (4):: Fit: 180.231	PB: 180.231	LB: 195.381	GB: 202.781	Conf: 0.572079	Pts: 120308
Particle (37):: Fit: 189.752	PB: 189.752	LB: 202.781	GB: 202.781	Conf: 0.565125	Pts: 66121
Particle (42):: Fit: 190.541	PB: 190.541	LB: 202.781	GB: 202.781	Conf: 0.766659	Pts: 50505
Particle (49):: Fit: 195.267	PB: 195.267	LB: 195.7	GB: 202.781	Conf: 0.179803	Pts: 65219
Particle (41):: Fit: 179.855	PB: 179.855	LB: 202.781	GB: 202.781	Conf: 0.642811	Pts: 50618
Particle (33):: Fit: 182.794	PB: 182.794	LB: 199.291	GB: 202.781	Conf: 0.767134	Pts: 135219
Particle (47):: Fit: 186.759	PB: 186.759	LB: 195.7	GB: 202.781	Conf: 0.563887	Pts: 65816
Particle (25):: Fit: 193.468	PB: 193.468	LB: 193.468	GB: 202.781	Conf: 0.882282	Pts: 145714
Particle (38):: Fit: 182.074	PB: 182.074	LB: 202.781	GB: 202.781	Conf: 0.402272	Pts: 110306
Particle (23):: Fit: 189.794	PB: 189.794	LB: 193.468	GB: 202.781	Conf: 0.174941	Pts: 80487
Particle (0):: Fit: 188.549	PB: 188.549	LB: 195.381	GB: 202.781	Conf: 0.448145	Pts: 135596
Particle (14):: Fit: 177.433	PB: 177.433	LB: 194.121	GB: 202.781	Conf: 0.626773	Pts: 110392
Particle (35):: Fit: 180.329	PB: 180.329	LB: 202.781	GB: 202.781	Conf: 0.599814	Pts: 60587
Particle (32):: Fit: 184.276	PB: 184.276	LB: 199.291	GB: 202.781	Conf: 0.479178	Pts: 55792
Particle (47):: Fit: 190.56	PB: 190.56	LB: 195.7	GB: 202.781	Conf: 0.447177	Pts: 65880
Particle (30):: Fit: 179.716	PB: 179.716	LB: 198.047	GB: 202.781	Conf: 0.301212	Pts: 55472
Particle (33):: Fit: 188.49	PB: 188.49	LB: 199.291	GB: 202.781	Conf: 0.5901	Pts: 135273
Particle (46):: Fit: 181.298	PB: 181.298	LB: 195.7	GB: 202.781	Conf: 0.291517	Pts: 80067
Particle (7):: Fit: 192.076	PB: 192.076	LB: 195.381	GB: 202.781	Conf: 0.758075	Pts: 420868
Particle (27):: Fit: 190.259	PB: 190.259	LB: 198.047	GB: 202.781	Conf: 0.74929	Pts: 80266
Particle (21):: Fit: 185.826	PB: 185.826	LB: 193.468	GB: 202.781	Conf: 0.432951	Pts: 55468
Particle (0):: Fit: 189.892	PB: 189.892	LB: 195.381	GB: 202.781	Conf: 0.273807	Pts: 135666
Particle (29):: Fit: 181.183	PB: 181.183	LB: 198.047	GB: 202.781	Conf: 0.366426	Pts: 105259
Particle (14):: Fit: 177.437	PB: 177.437	LB: 194.121	GB: 202.781	Conf: 0.668643	Pts: 110461
Particle (9):: Fit: 186.263	PB: 186.263	LB: 194.121	GB: 202.781	Conf: 0.945772	Pts: 60852
Particle (44):: Fit: 182.359	PB: 182.359	LB: 197.861	GB: 202.781	Conf: 0.492407	Pts: 50443
Particle (12):: Fit: 184.758	PB: 184.758	LB: 194.121	GB: 202.781	Conf: 0.0869722	Pts: 135355
Particle (16):: Fit: 182.839	PB: 182.839	LB: 191.174	GB: 202.781	Conf: 0.296304	Pts: 70455
Particle (29):: Fit: 183.23	PB: 183.23	LB: 198.047	GB: 202.781	Conf: 0.327972	Pts: 105351
Particle (46):: Fit: 184.402	PB: 184.402	LB: 195.7	GB: 202.781	Conf: 0.2046	Pts: 80151
Particle (24):: Fit: 199.014	PB: 199.014	LB: 199.014	GB: 202.781	Conf: 0.410853	Pts: 170245
Particle (26):: Fit: 188.95	PB: 188.95	LB: 199.014	GB: 202.781	Conf: 0.282224	Pts: 115339
Particle (43):: Fit: 184.43	PB: 184.43	LB: 202.781	GB: 202.781	Conf: 0.889767	Pts: 50629
Particle (5):: Fit: 191.482	PB: 191.482	LB: 195.381	GB: 202.781	Conf: 0.236023	Pts: 55634
Particle (14):: Fit: 178.123	PB: 178.123	LB: 194.121	GB: 202.781	Conf: 0.465298	Pts: 110524
Particle (14):: Fit: 186.235	PB: 186.235	LB: 194.121	GB: 202.781	Conf: 0.555034	Pts: 110623
Particle (5):: Fit: 194.43	PB: 194.43	LB: 195.381	GB: 202.781	Conf: 0.306132	Pts: 65723
Particle (12):: Fit: 188.879	PB: 188.879	LB: 194.121	GB: 202.781	Conf: 0.427453	Pts: 135421
Particle (4):: Fit: 192.12	PB: 192.12	LB: 195.381	GB: 202.781	Conf: 0.821026	Pts: 120307
Particle (34):: Fit: 166.617	PB: 166.617	LB: 202.781	GB: 202.781	Conf: 0.63793	Pts: 75607
Particle (44):: Fit: 183.515	PB: 183.515	LB: 197.861	GB: 202.781	Conf: 0.759077	Pts: 50492
Particle (0):: Fit: 193.624	PB: 193.624	LB: 195.381	GB: 202.781	Conf: 0.154851	Pts: 135706
Particle (21):: Fit: 193.815	PB: 193.815	LB: 199.014	GB: 202.781	Conf: 0.309908	Pts: 70504
Particle (41):: Fit: 183.953	PB: 183.953	LB: 202.781	GB: 202.781	Conf: 0.611264	Pts: 50597
Particle (3):: Fit: 200.713	PB: 200.713	LB: 200.713	GB: 202.781	Conf: 0.796481	Pts: 160491
Particle (38):: Fit: 195.828	PB: 195.828	LB: 202.781	GB: 202.781	Conf: 0.582793	Pts: 110291
Particle (6):: Fit: 194.621	PB: 194.621	LB: 200.713	GB: 202.781	Conf: 0.761699	Pts: 130280
Particle (29):: Fit: 183.652	PB: 183.652	LB: 198.047	GB: 202.781	Conf: 0.708781	Pts: 105370
Particle (6):: Fit: 198.328	PB: 198.328	LB: 200.713	GB: 202.781	Conf: 0.729421	Pts: 145369
Particle (34):: Fit: 169.659	PB: 169.659	LB: 202.781	GB: 202.781	Conf: 0.664324	Pts: 75648
Particle (22):: Fit: 184.317	PB: 184.317	LB: 199.014	GB: 202.781	Conf: 0.648052	Pts: 56060
Particle (37):: Fit: 191.014	PB: 191.014	LB: 202.781	GB: 202.781	Conf: 0.386467	Pts: 66059
Particle (22):: Fit: 198.148	PB: 198.148	LB: 199.014	GB: 202.781	Conf: 0.771051	Pts: 66157
Particle (17):: Fit: 188.397	PB: 188.397	LB: 198.148	GB: 202.781	Conf: 0.193899	Pts: 60446
Particle (44):: Fit: 185.807	PB: 185.807	LB: 197.861	GB: 202.781	Conf: 0.384569	Pts: 50508
Particle (16):: Fit: 193.395	PB: 193.395	LB: 193.815	GB: 202.781	Conf: 0.163078	Pts: 75419
Particle (44):: Fit: 187.485	PB: 187.485	LB: 197.861	GB: 202.781	Conf: 0.694416	Pts: 50602
Particle (44):: Fit: 191.945	PB: 191.945	LB: 197.861	GB: 202.781	Conf: 0.729603	Pts: 50701
Particle (30):: Fit: 184.941	PB: 184.941	LB: 198.047	GB: 202.781	Conf: 0.41872	Pts: 55414
Particle (30):: Fit: 190.948	PB: 190.948	LB: 198.047	GB: 202.781	Conf: 0.515402	Pts: 55500
Particle (22):: Fit: 206.124	PB: 206.124	LB: 206.124	GB: 206.124	Conf: 0.684486	Pts: 126195
Global: 206.124 - Correct: 71% of 100 tests
Global Best: 
  Inner Net 1
  -- 1 : 1 = 0.228621
  -- 1 : 2 = -0.20021
  -- 1 : 3 = 0.367362
  -- 1 : 4 = -0.0319444
  -- 1 : 5 = 0.586106
  -- 1 : 6 = -0.210944
  -- 1 : 7 = -0.174332
  -- 1 : 8 = -0.257767
  -- 1 : 9 = 0.262062
  -- 2 : 1 = 0.389962
  -- 2 : 2 = -0.00722426
  -- 2 : 3 = 0.139938
  -- 2 : 4 = -0.0559953
  -- 2 : 5 = -0.108809
  -- 2 : 6 = 0.0126611
  -- 2 : 7 = 0.271185
  -- 2 : 8 = 0.0529439
  -- 2 : 9 = -0.0964559
  -- 3 : 1 = -0.0775684
  -- 3 : 2 = -0.0841175
  -- 3 : 3 = -0.0393712
  -- 3 : 4 = 0.178868
  -- 3 : 5 = -0.344229
  -- 3 : 6 = -0.0525634
  -- 3 : 7 = -0.0503025
  -- 3 : 8 = -0.148838
  -- 3 : 9 = 0.313604
  -- 4 : 1 = 0.444622
  -- 4 : 2 = 0.0891159
  -- 4 : 3 = 0.188702
  -- 4 : 4 = -0.0278767
  -- 4 : 5 = -0.15015
  -- 4 : 6 = -0.191927
  -- 4 : 7 = 0.127499
  -- 4 : 8 = -0.0687278
  -- 4 : 9 = 0.0688311
  -- 5 : 1 = -0.663907
  -- 5 : 2 = 0.187831
  -- 5 : 3 = 0.0521567
  -- 5 : 4 = 0.226553
  -- 5 : 5 = -0.145026
  -- 5 : 6 = 0.215036
  -- 5 : 7 = 0.407996
  -- 5 : 8 = -0.148259
  -- 5 : 9 = -0.280095
  -- 6 : 1 = 0.5636
  -- 6 : 2 = -0.125954
  -- 6 : 3 = -0.311463
  -- 6 : 4 = -0.142733
  -- 6 : 5 = -0.259142
  -- 6 : 6 = 0.261402
  -- 6 : 7 = -0.0797361
  -- 6 : 8 = 0.254204
  -- 6 : 9 = -0.0130204
  -- 7 : 1 = 0.552815
  -- 7 : 2 = -0.327789
  -- 7 : 3 = 0.0608724
  -- 7 : 4 = -0.0909493
  -- 7 : 5 = -0.0298346
  -- 7 : 6 = -0.0709054
  -- 7 : 7 = -0.35195
  -- 7 : 8 = -0.065942
  -- 7 : 9 = 0.297967
  -- 8 : 1 = 0.182564
  -- 8 : 2 = -0.201533
  -- 8 : 3 = -0.246775
  -- 8 : 4 = 0.486297
  -- 8 : 5 = 0.380924
  -- 8 : 6 = 0.331932
  -- 8 : 7 = -0.174876
  -- 8 : 8 = 0.430241
  -- 8 : 9 = -0.327238
  -- 9 : 1 = 0.154524
  -- 9 : 2 = -0.164959
  -- 9 : 3 = 0.0157609
  -- 9 : 4 = -0.00902796
  -- 9 : 5 = 0.183742
  -- 9 : 6 = -0.286823
  -- 9 : 7 = 0.147159
  -- 9 : 8 = 0.418476
  -- 9 : 9 = -0.351782
  -- 10 : 1 = 0.463128
  -- 10 : 2 = -0.0986366
  -- 10 : 3 = 0.0455225
  -- 10 : 4 = -0.213731
  -- 10 : 5 = -0.40801
  -- 10 : 6 = 0.0488552
  -- 10 : 7 = 0.319635
  -- 10 : 8 = 0.278269
  -- 10 : 9 = 0.279774
  Inner Net 2
  -- 1 : 1 = -0.195721
  -- 1 : 2 = 0.184513
  -- 2 : 1 = -0.0865874
  -- 2 : 2 = 0.308692
  -- 3 : 1 = -0.199753
  -- 3 : 2 = 0.529629
  -- 4 : 1 = 0.396178
  -- 4 : 2 = -0.148806
  -- 5 : 1 = -0.52126
  -- 5 : 2 = 0.211727
  -- 6 : 1 = 0.0275491
  -- 6 : 2 = 0.472071
  -- 7 : 1 = -0.431264
  -- 7 : 2 = -0.160259
  -- 8 : 1 = -0.0145211
  -- 8 : 2 = -0.0699103
  -- 9 : 1 = -0.379519
  -- 9 : 2 = -0.454269
Out\Act	False		True
False	0.326987	0.514993	0.84198
True	0.0280819	0.129938	0.15802
	0.355069	0.644931
	Accuracy [ (tp + tn) / testSize ]: 0.456925
	Precision [ tp / (tp + fp) ]:      0.201327
	Sensitivity [ tp / (tp + fn) ]:    0.81982
	Specificity [ tn / (tn + fp) ]:    0.388136
	F-Score [ 2tp / (2tp + fp + fn) ]: 0.32346
Particle (43):: Fit: 188.461	PB: 188.461	LB: 202.781	GB: 206.124	Conf: 0.70209	Pts: 50579
Particle (41):: Fit: 187.378	PB: 187.378	LB: 202.781	GB: 206.124	Conf: 0.623667	Pts: 50560
Particle (46):: Fit: 195.592	PB: 195.592	LB: 195.7	GB: 206.124	Conf: 0.501736	Pts: 80055
Particle (35):: Fit: 186.833	PB: 186.833	LB: 202.781	GB: 206.124	Conf: 0.561842	Pts: 60441
Particle (23):: Fit: 191.341	PB: 191.341	LB: 206.124	GB: 206.124	Conf: 0.149342	Pts: 80338
Particle (29):: Fit: 185.219	PB: 185.219	LB: 198.047	GB: 206.124	Conf: 0.603506	Pts: 105346
Particle (34):: Fit: 174.474	PB: 174.474	LB: 202.781	GB: 206.124	Conf: 0.500456	Pts: 75628
Particle (47):: Fit: 199.219	PB: 199.219	LB: 199.219	GB: 206.124	Conf: 0.638029	Pts: 85727
Particle (2):: Fit: 196.579	PB: 196.579	LB: 200.713	GB: 206.124	Conf: 0.645026	Pts: 55901
Particle (8):: Fit: 190.618	PB: 190.618	LB: 198.328	GB: 206.124	Conf: 0.3022	Pts: 60197
Particle (37):: Fit: 194.77	PB: 194.77	LB: 202.781	GB: 206.124	Conf: 0.518172	Pts: 66012
Particle (9):: Fit: 192.939	PB: 192.939	LB: 198.328	GB: 206.124	Conf: 0.952472	Pts: 60684
Particle (1):: Fit: 193.58	PB: 193.58	LB: 200.713	GB: 206.124	Conf: 0.356878	Pts: 55282
Particle (35):: Fit: 189.945	PB: 189.945	LB: 202.781	GB: 206.124	Conf: 0.482939	Pts: 60470
Particle (34):: Fit: 184.663	PB: 184.663	LB: 202.781	GB: 206.124	Conf: 0.468587	Pts: 75667
Particle (16):: Fit: 199.892	PB: 199.892	LB: 199.892	GB: 206.124	Conf: 0.19805	Pts: 105366
Particle (14):: Fit: 188.231	PB: 188.231	LB: 199.892	GB: 206.124	Conf: 0.397994	Pts: 110441
Particle (25):: Fit: 196.502	PB: 196.502	LB: 206.124	GB: 206.124	Conf: 0.514252	Pts: 145438
Particle (39):: Fit: 203.426	PB: 203.426	LB: 203.426	GB: 206.124	Conf: 0.41903	Pts: 165433
Particle (11):: Fit: 200.365	PB: 200.365	LB: 200.365	GB: 206.124	Conf: 0.36811	Pts: 140622
Particle (43):: Fit: 192.012	PB: 192.012	LB: 203.426	GB: 206.124	Conf: 0.71647	Pts: 50508
Particle (32):: Fit: 190.084	PB: 190.084	LB: 199.291	GB: 206.124	Conf: 0.45253	Pts: 55500
Particle (13):: Fit: 187.557	PB: 187.557	LB: 200.365	GB: 206.124	Conf: 0.585112	Pts: 55391
Particle (13):: Fit: 188.275	PB: 188.275	LB: 200.365	GB: 206.124	Conf: 0.597272	Pts: 55488
Particle (27):: Fit: 199.023	PB: 199.023	LB: 199.023	GB: 206.124	Conf: 0.72493	Pts: 99977
Particle (12):: Fit: 205.367	PB: 205.367	LB: 205.367	GB: 206.124	Conf: 0.185116	Pts: 185178
Particle (14):: Fit: 191.448	PB: 191.448	LB: 205.367	GB: 206.124	Conf: 0.930272	Pts: 110474
Particle (23):: Fit: 193.394	PB: 193.394	LB: 206.124	GB: 206.124	Conf: 0.849656	Pts: 80214
Particle (42):: Fit: 190.655	PB: 190.655	LB: 203.426	GB: 206.124	Conf: 0.42435	Pts: 50102
Particle (44):: Fit: 201.503	PB: 201.503	LB: 201.503	GB: 206.124	Conf: 0.596826	Pts: 75504
Particle (32):: Fit: 190.552	PB: 190.552	LB: 199.291	GB: 206.124	Conf: 0.201548	Pts: 55512
Particle (34):: Fit: 188.957	PB: 188.957	LB: 203.426	GB: 206.124	Conf: 0.562847	Pts: 75589
Particle (33):: Fit: 191.371	PB: 191.371	LB: 199.291	GB: 206.124	Conf: 0.413027	Pts: 134902
Particle (19):: Fit: 192.652	PB: 192.652	LB: 206.124	GB: 206.124	Conf: 0.540779	Pts: 129994
Particle (36):: Fit: 200.702	PB: 200.702	LB: 203.426	GB: 206.124	Conf: 0.707023	Pts: 90281
Particle (15):: Fit: 187.268	PB: 187.268	LB: 205.367	GB: 206.124	Conf: 0.78896	Pts: 60130
Particle (17):: Fit: 198.618	PB: 198.618	LB: 206.124	GB: 206.124	Conf: 0.305054	Pts: 60113
Particle (41):: Fit: 188.086	PB: 188.086	LB: 203.426	GB: 206.124	Conf: 0.58558	Pts: 50296
Particle (26):: Fit: 192.901	PB: 192.901	LB: 206.124	GB: 206.124	Conf: 0.310073	Pts: 114905
Particle (13):: Fit: 191.56	PB: 191.56	LB: 205.367	GB: 206.124	Conf: 0.542661	Pts: 55387
Particle (23):: Fit: 194.561	PB: 194.561	LB: 206.124	GB: 206.124	Conf: 0.538486	Pts: 80180
Particle (13):: Fit: 197.104	PB: 197.104	LB: 205.367	GB: 206.124	Conf: 0.548154	Pts: 55467
Particle (30):: Fit: 191.676	PB: 191.676	LB: 199.023	GB: 206.124	Conf: 0.444184	Pts: 55171
Particle (4):: Fit: 195.549	PB: 195.549	LB: 200.713	GB: 206.124	Conf: 0.830355	Pts: 119852
Particle (17):: Fit: 202.315	PB: 202.315	LB: 206.124	GB: 206.124	Conf: 0.399977	Pts: 60132
Particle (18):: Fit: 205.543	PB: 205.543	LB: 206.124	GB: 206.124	Conf: 0.673937	Pts: 254755
Particle (43):: Fit: 195.268	PB: 195.268	LB: 203.426	GB: 206.124	Conf: 0.771474	Pts: 50271
Particle (21):: Fit: 196.574	PB: 196.574	LB: 206.124	GB: 206.124	Conf: 0.200011	Pts: 69974
Particle (30):: Fit: 199.191	PB: 199.191	LB: 199.191	GB: 206.124	Conf: 0.63002	Pts: 75150
Particle (28):: Fit: 198.87	PB: 198.87	LB: 199.191	GB: 206.124	Conf: 0.168631	Pts: 110137
Particle (14):: Fit: 193.639	PB: 193.639	LB: 205.543	GB: 206.124	Conf: 0.934848	Pts: 110235
Particle (41):: Fit: 190.928	PB: 190.928	LB: 203.426	GB: 206.124	Conf: 0.567069	Pts: 50171
Particle (1):: Fit: 199.644	PB: 199.644	LB: 200.713	GB: 206.124	Conf: 0.239703	Pts: 54868
Particle (29):: Fit: 195.875	PB: 195.875	LB: 199.191	GB: 206.124	Conf: 0.870018	Pts: 104856
Particle (25):: Fit: 199.8	PB: 199.8	LB: 206.124	GB: 206.124	Conf: 0.484339	Pts: 160069
Particle (35):: Fit: 195.635	PB: 195.635	LB: 203.426	GB: 206.124	Conf: 0.606432	Pts: 60032
Particle (14):: Fit: 196.409	PB: 196.409	LB: 205.543	GB: 206.124	Conf: 0.34749	Pts: 110241
Particle (5):: Fit: 208.354	PB: 208.354	LB: 208.354	GB: 208.354	Conf: 0.308	Pts: 125022
Global: 208.354 - Correct: 72% of 100 tests
Global Best: 
  Inner Net 1
  -- 1 : 1 = 0.490665
  -- 1 : 2 = 0.0881729
  -- 1 : 3 = 0.107289
  -- 1 : 4 = 0.3383
  -- 1 : 5 = 0.41494
  -- 1 : 6 = -0.0689162
  -- 1 : 7 = -0.419587
  -- 1 : 8 = -0.560399
  -- 1 : 9 = 0.140612
  -- 2 : 1 = 0.802594
  -- 2 : 2 = 0.0183317
  -- 2 : 3 = -0.0393878
  -- 2 : 4 = 0.205267
  -- 2 : 5 = 0.0188623
  -- 2 : 6 = 0.244849
  -- 2 : 7 = -0.00444469
  -- 2 : 8 = 0.225252
  -- 2 : 9 = -0.0281695
  -- 3 : 1 = 0.811932
  -- 3 : 2 = -0.0324436
  -- 3 : 3 = -0.317822
  -- 3 : 4 = 0.253482
  -- 3 : 5 = -0.0508046
  -- 3 : 6 = -0.0299814
  -- 3 : 7 = -0.53385
  -- 3 : 8 = -0.0577828
  -- 3 : 9 = -0.211422
  -- 4 : 1 = 0.5907
  -- 4 : 2 = -0.270629
  -- 4 : 3 = 0.00613635
  -- 4 : 4 = -0.00771232
  -- 4 : 5 = -0.048479
  -- 4 : 6 = 0.0607926
  -- 4 : 7 = 0.314701
  -- 4 : 8 = -0.114917
  -- 4 : 9 = -0.0662646
  -- 5 : 1 = 0.237173
  -- 5 : 2 = 0.00325473
  -- 5 : 3 = -0.0944352
  -- 5 : 4 = -0.191439
  -- 5 : 5 = -0.451281
  -- 5 : 6 = -0.141545
  -- 5 : 7 = 0.0673798
  -- 5 : 8 = 0.151146
  -- 5 : 9 = -0.484566
  -- 6 : 1 = 0.234471
  -- 6 : 2 = -0.402901
  -- 6 : 3 = 0.179196
  -- 6 : 4 = 0.26498
  -- 6 : 5 = 0.00754215
  -- 6 : 6 = 0.0587127
  -- 6 : 7 = 0.106416
  -- 6 : 8 = 0.0893525
  -- 6 : 9 = 0.156876
  -- 7 : 1 = 0.591404
  -- 7 : 2 = -0.177628
  -- 7 : 3 = 0.204142
  -- 7 : 4 = -0.000438979
  -- 7 : 5 = 0.105068
  -- 7 : 6 = -0.206475
  -- 7 : 7 = 0.0983493
  -- 7 : 8 = 0.03635
  -- 7 : 9 = 0.358999
  -- 8 : 1 = 0.754539
  -- 8 : 2 = 0.0429195
  -- 8 : 3 = -0.0821816
  -- 8 : 4 = 0.106168
  -- 8 : 5 = -0.0825302
  -- 8 : 6 = 0.0361354
  -- 8 : 7 = 0.135487
  -- 8 : 8 = 0.274967
  -- 8 : 9 = -0.12953
  -- 9 : 1 = 0.582831
  -- 9 : 2 = -0.551946
  -- 9 : 3 = 0.21276
  -- 9 : 4 = -0.0253776
  -- 9 : 5 = 0.269948
  -- 9 : 6 = 0.353599
  -- 9 : 7 = -0.0475126
  -- 9 : 8 = 0.272334
  -- 9 : 9 = 0.22385
  -- 10 : 1 = -0.0364444
  -- 10 : 2 = 0.404204
  -- 10 : 3 = -0.473769
  -- 10 : 4 = -0.208648
  -- 10 : 5 = -0.186487
  -- 10 : 6 = -0.155161
  -- 10 : 7 = -0.0410082
  -- 10 : 8 = -0.149582
  -- 10 : 9 = 0.246231
  Inner Net 2
  -- 1 : 1 = 0.205591
  -- 1 : 2 = -0.149372
  -- 2 : 1 = -0.607242
  -- 2 : 2 = -0.0784731
  -- 3 : 1 = -0.159549
  -- 3 : 2 = 0.18675
  -- 4 : 1 = 0.124229
  -- 4 : 2 = 0.0665889
  -- 5 : 1 = 0.116206
  -- 5 : 2 = -0.167145
  -- 6 : 1 = -0.309998
  -- 6 : 2 = 0.275991
  -- 7 : 1 = -0.255277
  -- 7 : 2 = 0.203745
  -- 8 : 1 = 0.167638
  -- 8 : 2 = 0.216498
  -- 9 : 1 = -0.397226
  -- 9 : 2 = -0.121052
Out\Act	False		True
False	0.078534	0.763446	0.84198
True	0.00666349	0.151356	0.15802
	0.0851975	0.914802
	Accuracy [ (tp + tn) / testSize ]: 0.229891
	Precision [ tp / (tp + fp) ]:      0.165367
	Sensitivity [ tp / (tp + fn) ]:    0.954955
	Specificity [ tn / (tn + fp) ]:    0.0932203
	F-Score [ 2tp / (2tp + fp + fn) ]: 0.28204
Particle (37):: Fit: 196.565	PB: 196.565	LB: 203.426	GB: 208.354	Conf: 0.337504	Pts: 65524
Particle (27):: Fit: 214.368	PB: 214.368	LB: 214.368	GB: 214.368	Conf: 0.752645	Pts: 159567
Global: 214.368 - Correct: 73% of 100 tests
Global Best: 
  Inner Net 1
  -- 1 : 1 = -0.00527366
  -- 1 : 2 = -0.434067
  -- 1 : 3 = 0.0214412
  -- 1 : 4 = 0.27121
  -- 1 : 5 = 0.541683
  -- 1 : 6 = 0.00329274
  -- 1 : 7 = 0.182901
  -- 1 : 8 = 0.158526
  -- 1 : 9 = -0.0829203
  -- 2 : 1 = 0.374953
  -- 2 : 2 = 0.0021113
  -- 2 : 3 = 0.36991
  -- 2 : 4 = -0.0230549
  -- 2 : 5 = -0.332918
  -- 2 : 6 = 0.0139573
  -- 2 : 7 = -0.0877177
  -- 2 : 8 = -0.182494
  -- 2 : 9 = -0.0762241
  -- 3 : 1 = -0.239808
  -- 3 : 2 = 0.013923
  -- 3 : 3 = 0.123122
  -- 3 : 4 = 0.0430031
  -- 3 : 5 = -0.344496
  -- 3 : 6 = -0.0435809
  -- 3 : 7 = -0.278043
  -- 3 : 8 = 0.23512
  -- 3 : 9 = -0.25399
  -- 4 : 1 = 0.650217
  -- 4 : 2 = -0.256626
  -- 4 : 3 = 0.0283823
  -- 4 : 4 = 0.654606
  -- 4 : 5 = 0.174187
  -- 4 : 6 = 0.179499
  -- 4 : 7 = 0.0921651
  -- 4 : 8 = -0.229214
  -- 4 : 9 = -0.00218468
  -- 5 : 1 = -0.436374
  -- 5 : 2 = -0.132209
  -- 5 : 3 = 0.40192
  -- 5 : 4 = -0.0846853
  -- 5 : 5 = -0.259093
  -- 5 : 6 = 0.00265467
  -- 5 : 7 = -0.233984
  -- 5 : 8 = -0.0219845
  -- 5 : 9 = -0.182447
  -- 6 : 1 = 0.305106
  -- 6 : 2 = -0.389179
  -- 6 : 3 = -0.00147965
  -- 6 : 4 = 0.0830006
  -- 6 : 5 = -0.170518
  -- 6 : 6 = 0.0654511
  -- 6 : 7 = -0.302515
  -- 6 : 8 = 0.159377
  -- 6 : 9 = -0.0271143
  -- 7 : 1 = 0.811253
  -- 7 : 2 = -0.265211
  -- 7 : 3 = 0.196487
  -- 7 : 4 = 0.396882
  -- 7 : 5 = 0.203071
  -- 7 : 6 = 0.00715187
  -- 7 : 7 = 0.0389911
  -- 7 : 8 = 0.0117963
  -- 7 : 9 = 0.0878183
  -- 8 : 1 = 0.656851
  -- 8 : 2 = -0.0702553
  -- 8 : 3 = 0.216192
  -- 8 : 4 = -0.124677
  -- 8 : 5 = -0.138856
  -- 8 : 6 = -0.0757799
  -- 8 : 7 = -0.0737325
  -- 8 : 8 = 0.643183
  -- 8 : 9 = 0.227844
  -- 9 : 1 = 0.0686006
  -- 9 : 2 = 0.0792103
  -- 9 : 3 = 0.0279861
  -- 9 : 4 = -0.216671
  -- 9 : 5 = -0.00644228
  -- 9 : 6 = 0.377144
  -- 9 : 7 = -0.0222745
  -- 9 : 8 = 0.00233678
  -- 9 : 9 = 0.214302
  -- 10 : 1 = -0.0564728
  -- 10 : 2 = 0.234324
  -- 10 : 3 = -0.204296
  -- 10 : 4 = 0.3913
  -- 10 : 5 = -0.406815
  -- 10 : 6 = -0.38639
  -- 10 : 7 = 0.164522
  -- 10 : 8 = -0.0135592
  -- 10 : 9 = -0.303114
  Inner Net 2
  -- 1 : 1 = 0.331637
  -- 1 : 2 = 0.15246
  -- 2 : 1 = -0.0847581
  -- 2 : 2 = -0.395864
  -- 3 : 1 = 0.0521405
  -- 3 : 2 = -0.162077
  -- 4 : 1 = -0.413338
  -- 4 : 2 = 0.097917
  -- 5 : 1 = -0.524955
  -- 5 : 2 = -0.404523
  -- 6 : 1 = 0.420471
  -- 6 : 2 = -0.22693
  -- 7 : 1 = -0.959282
  -- 7 : 2 = -0.222316
  -- 8 : 1 = -0.0939009
  -- 8 : 2 = -0.518111
  -- 9 : 1 = -0.199145
  -- 9 : 2 = -0.0855011
Out\Act	False		True
False	0.1604	0.68158	0.84198
True	0.0142789	0.143741	0.15802
	0.174679	0.825321
	Accuracy [ (tp + tn) / testSize ]: 0.304141
	Precision [ tp / (tp + fp) ]:      0.174063
	Sensitivity [ tp / (tp + fn) ]:    0.906907
	Specificity [ tn / (tn + fp) ]:    0.190395
	F-Score [ 2tp / (2tp + fp + fn) ]: 0.292211
Particle (24):: Fit: 203.685	PB: 203.685	LB: 214.368	GB: 214.368	Conf: 0.581077	Pts: 169360
Particle (7):: Fit: 196.091	PB: 196.091	LB: 208.354	GB: 214.368	Conf: 0.87882	Pts: 419930
Particle (4):: Fit: 198.458	PB: 198.458	LB: 208.354	GB: 214.368	Conf: 0.53065	Pts: 119542
Particle (11):: Fit: 202.54	PB: 202.54	LB: 205.367	GB: 214.368	Conf: 0.194356	Pts: 140024
Particle (23):: Fit: 196.886	PB: 196.886	LB: 214.368	GB: 214.368	Conf: 0.23392	Pts: 79777
Particle (31):: Fit: 199.863	PB: 199.863	LB: 214.368	GB: 214.368	Conf: 0.674827	Pts: 254492
Particle (26):: Fit: 205.118	PB: 205.118	LB: 214.368	GB: 214.368	Conf: 0.49849	Pts: 114475
Particle (20):: Fit: 194.059	PB: 194.059	LB: 206.124	GB: 214.368	Conf: 0.371463	Pts: 59254
Particle (21):: Fit: 199.389	PB: 199.389	LB: 206.124	GB: 214.368	Conf: 0.452973	Pts: 69645
Particle (0):: Fit: 193.864	PB: 193.864	LB: 208.354	GB: 214.368	Conf: 0.365652	Pts: 134707
Particle (38):: Fit: 200.149	PB: 200.149	LB: 203.426	GB: 214.368	Conf: 0.559563	Pts: 109287
Particle (29):: Fit: 214.179	PB: 214.179	LB: 214.368	GB: 214.368	Conf: 0.468021	Pts: 114501
Particle (19):: Fit: 203.355	PB: 203.355	LB: 206.124	GB: 214.368	Conf: 0.521584	Pts: 129305
Particle (43):: Fit: 195.663	PB: 195.663	LB: 203.426	GB: 214.368	Conf: 0.714298	Pts: 49713
Particle (48):: Fit: 182.411	PB: 182.411	LB: 201.503	GB: 214.368	Conf: 1.66354	Pts: 49200
Particle (41):: Fit: 194.42	PB: 194.42	LB: 203.426	GB: 214.368	Conf: 0.680871	Pts: 49629
Particle (13):: Fit: 198.308	PB: 198.308	LB: 205.543	GB: 214.368	Conf: 0.618979	Pts: 54708
Particle (7):: Fit: 196.262	PB: 196.262	LB: 208.354	GB: 214.368	Conf: 0.84095	Pts: 419500
Particle (34):: Fit: 193.606	PB: 193.606	LB: 203.426	GB: 214.368	Conf: 0.551382	Pts: 74513
Particle (42):: Fit: 194.064	PB: 194.064	LB: 203.426	GB: 214.368	Conf: 0.419111	Pts: 49035
Particle (33):: Fit: 197.138	PB: 197.138	LB: 214.179	GB: 214.368	Conf: 0.436126	Pts: 133846
Particle (0):: Fit: 205.793	PB: 205.793	LB: 208.354	GB: 214.368	Conf: 0.568943	Pts: 159337
Particle (34):: Fit: 216.923	PB: 216.923	LB: 216.923	GB: 216.923	Conf: 0.671397	Pts: 134583
Global: 216.923 - Correct: 80% of 100 tests
Global Best: 
  Inner Net 1
  -- 1 : 1 = 0.491641
  -- 1 : 2 = -0.141632
  -- 1 : 3 = 0.0882739
  -- 1 : 4 = -0.131438
  -- 1 : 5 = 0.870809
  -- 1 : 6 = 0.235259
  -- 1 : 7 = -0.326736
  -- 1 : 8 = 0.0178943
  -- 1 : 9 = -0.0388491
  -- 2 : 1 = 0.244488
  -- 2 : 2 = -0.237638
  -- 2 : 3 = 0.118128
  -- 2 : 4 = -0.119953
  -- 2 : 5 = -0.0104836
  -- 2 : 6 = 0.0393564
  -- 2 : 7 = 0.000497634
  -- 2 : 8 = 0.0351837
  -- 2 : 9 = -0.0105281
  -- 3 : 1 = 0.382168
  -- 3 : 2 = 0.00330018
  -- 3 : 3 = 0.267041
  -- 3 : 4 = 0.0349706
  -- 3 : 5 = -0.00670437
  -- 3 : 6 = -0.113672
  -- 3 : 7 = 0.0306574
  -- 3 : 8 = 0.412453
  -- 3 : 9 = 0.399948
  -- 4 : 1 = -0.0547141
  -- 4 : 2 = -0.323716
  -- 4 : 3 = 0.00765132
  -- 4 : 4 = 0.333975
  -- 4 : 5 = -0.194382
  -- 4 : 6 = -0.284208
  -- 4 : 7 = 0.150447
  -- 4 : 8 = -0.142185
  -- 4 : 9 = 0.325795
  -- 5 : 1 = -0.0795761
  -- 5 : 2 = -0.189696
  -- 5 : 3 = 0.345829
  -- 5 : 4 = 0.12763
  -- 5 : 5 = -0.171523
  -- 5 : 6 = -0.0323624
  -- 5 : 7 = -0.285626
  -- 5 : 8 = -0.206781
  -- 5 : 9 = 0.088694
  -- 6 : 1 = 0.83925
  -- 6 : 2 = -0.215816
  -- 6 : 3 = 0.113816
  -- 6 : 4 = -0.17444
  -- 6 : 5 = 0.0226879
  -- 6 : 6 = -0.164379
  -- 6 : 7 = 0.0889126
  -- 6 : 8 = 0.296908
  -- 6 : 9 = 0.0734007
  -- 7 : 1 = 0.519439
  -- 7 : 2 = -0.0269879
  -- 7 : 3 = 0.0129925
  -- 7 : 4 = 0.447523
  -- 7 : 5 = 0.500866
  -- 7 : 6 = -0.279124
  -- 7 : 7 = 0.0148844
  -- 7 : 8 = -0.0218912
  -- 7 : 9 = 0.269583
  -- 8 : 1 = 0.873498
  -- 8 : 2 = 0.0587921
  -- 8 : 3 = 0.0872013
  -- 8 : 4 = -0.283837
  -- 8 : 5 = 0.214458
  -- 8 : 6 = -0.354268
  -- 8 : 7 = 0.0754674
  -- 8 : 8 = -0.148013
  -- 8 : 9 = 0.134804
  -- 9 : 1 = 0.281256
  -- 9 : 2 = -0.170967
  -- 9 : 3 = -0.124607
  -- 9 : 4 = 0.102051
  -- 9 : 5 = 0.33513
  -- 9 : 6 = -0.341369
  -- 9 : 7 = 0.0944875
  -- 9 : 8 = 0.307692
  -- 9 : 9 = -0.241516
  -- 10 : 1 = 0.244482
  -- 10 : 2 = -0.175078
  -- 10 : 3 = 0.256007
  -- 10 : 4 = -0.0216953
  -- 10 : 5 = -0.0345469
  -- 10 : 6 = -0.0541785
  -- 10 : 7 = -0.107667
  -- 10 : 8 = -0.251546
  -- 10 : 9 = 0.19772
  Inner Net 2
  -- 1 : 1 = 0.411052
  -- 1 : 2 = 0.245883
  -- 2 : 1 = -0.119747
  -- 2 : 2 = -0.0164205
  -- 3 : 1 = 0.115212
  -- 3 : 2 = -0.0638575
  -- 4 : 1 = -0.0619765
  -- 4 : 2 = 0.0429791
  -- 5 : 1 = 0.187982
  -- 5 : 2 = 0.34565
  -- 6 : 1 = 0.0310588
  -- 6 : 2 = -0.000282188
  -- 7 : 1 = -0.0832123
  -- 7 : 2 = -0.0123517
  -- 8 : 1 = 0.408069
  -- 8 : 2 = -0.0702187
  -- 9 : 1 = -0.405601
  -- 9 : 2 = -0.322142
Out\Act	False		True
False	0.606854	0.235126	0.84198
True	0.066159	0.091861	0.15802
	0.673013	0.326987
	Accuracy [ (tp + tn) / testSize ]: 0.698715
	Precision [ tp / (tp + fp) ]:      0.280523
	Sensitivity [ tp / (tp + fn) ]:    0.57958
	Specificity [ tn / (tn + fp) ]:    0.720339
	F-Score [ 2tp / (2tp + fp + fn) ]: 0.378431
Particle (10):: Fit: 194.214	PB: 194.214	LB: 205.367	GB: 216.923	Conf: 0.76848	Pts: 89041
Particle (49):: Fit: 201.26	PB: 201.26	LB: 205.793	GB: 216.923	Conf: 0.935541	Pts: 63594
Particle (16):: Fit: 201.648	PB: 201.648	LB: 205.543	GB: 216.923	Conf: 0.100451	Pts: 104064
Particle (32):: Fit: 194.106	PB: 194.106	LB: 216.923	GB: 216.923	Conf: 0.334699	Pts: 54367
Particle (47):: Fit: 201.163	PB: 201.163	LB: 205.793	GB: 216.923	Conf: 0.882465	Pts: 84336
Particle (36):: Fit: 203.381	PB: 203.381	LB: 216.923	GB: 216.923	Conf: 0.506146	Pts: 89117
Particle (6):: Fit: 203.82	PB: 203.82	LB: 208.354	GB: 216.923	Conf: 0.549147	Pts: 143755
Particle (43):: Fit: 201.203	PB: 201.203	LB: 203.426	GB: 216.923	Conf: 0.602914	Pts: 49266
Particle (41):: Fit: 204.393	PB: 204.393	LB: 204.393	GB: 216.923	Conf: 0.644033	Pts: 79226
Particle (12):: Fit: 206.044	PB: 206.044	LB: 206.044	GB: 216.923	Conf: 0.53538	Pts: 218586
Particle (28):: Fit: 202.055	PB: 202.055	LB: 214.368	GB: 216.923	Conf: 0.633085	Pts: 108868
Particle (0):: Fit: 209.942	PB: 209.942	LB: 209.942	GB: 216.923	Conf: 0.573466	Pts: 208944
Particle (31):: Fit: 200.752	PB: 200.752	LB: 216.923	GB: 216.923	Conf: 0.641257	Pts: 253486
Particle (9):: Fit: 196.91	PB: 196.91	LB: 208.354	GB: 216.923	Conf: 0.930415	Pts: 58810
Particle (8):: Fit: 191.456	PB: 191.456	LB: 208.354	GB: 216.923	Conf: 0.442314	Pts: 58217
Particle (7):: Fit: 197.369	PB: 197.369	LB: 208.354	GB: 216.923	Conf: 0.553807	Pts: 418764
Particle (8):: Fit: 197.516	PB: 197.516	LB: 208.354	GB: 216.923	Conf: 0.433189	Pts: 58211
Particle (2):: Fit: 198.043	PB: 198.043	LB: 209.942	GB: 216.923	Conf: 0.601806	Pts: 53816
Particle (10):: Fit: 194.925	PB: 194.925	LB: 206.044	GB: 216.923	Conf: 0.798629	Pts: 88337
Particle (42):: Fit: 194.399	PB: 194.399	LB: 204.393	GB: 216.923	Conf: 0.436033	Pts: 48205
Particle (8):: Fit: 203.002	PB: 203.002	LB: 208.354	GB: 216.923	Conf: 0.706511	Pts: 57879
Particle (32):: Fit: 197.711	PB: 197.711	LB: 216.923	GB: 216.923	Conf: 0.411389	Pts: 53265
Particle (9):: Fit: 199.244	PB: 199.244	LB: 208.354	GB: 216.923	Conf: 0.581645	Pts: 58104
Particle (1):: Fit: 200.417	PB: 200.417	LB: 209.942	GB: 216.923	Conf: 0.169029	Pts: 52594
Particle (14):: Fit: 198.071	PB: 198.071	LB: 206.044	GB: 216.923	Conf: 0.298597	Pts: 107979
Particle (25):: Fit: 203.215	PB: 203.215	LB: 214.368	GB: 216.923	Conf: 0.649027	Pts: 157688
Particle (44):: Fit: 206.835	PB: 206.835	LB: 206.835	GB: 216.923	Conf: 0.632795	Pts: 102743
Particle (31):: Fit: 208.237	PB: 208.237	LB: 216.923	GB: 216.923	Conf: 0.662397	Pts: 252316
Particle (47):: Fit: 209.586	PB: 209.586	LB: 209.942	GB: 216.923	Conf: 0.669585	Pts: 97704
Particle (28):: Fit: 210.187	PB: 210.187	LB: 214.368	GB: 216.923	Conf: 0.480858	Pts: 107565
Particle (33):: Fit: 197.288	PB: 197.288	LB: 216.923	GB: 216.923	Conf: 0.507949	Pts: 132010
Particle (46):: Fit: 206.563	PB: 206.563	LB: 209.942	GB: 216.923	Conf: 0.40189	Pts: 76707
Particle (14):: Fit: 204.833	PB: 204.833	LB: 206.044	GB: 216.923	Conf: 0.0978073	Pts: 107676
Particle (2):: Fit: 199.623	PB: 199.623	LB: 209.942	GB: 216.923	Conf: 0.234948	Pts: 52716
Particle (2):: Fit: 200.141	PB: 200.141	LB: 209.942	GB: 216.923	Conf: 0.642742	Pts: 52792
Particle (49):: Fit: 202.714	PB: 202.714	LB: 209.942	GB: 216.923	Conf: 0.952151	Pts: 61664
Particle (46):: Fit: 220.027	PB: 220.027	LB: 220.027	GB: 220.027	Conf: 0.398976	Pts: 136636
Global: 220.027 - Correct: 78% of 100 tests
Global Best: 
  Inner Net 1
  -- 1 : 1 = 0.454925
  -- 1 : 2 = -0.452649
  -- 1 : 3 = -0.262743
  -- 1 : 4 = -0.094206
  -- 1 : 5 = 0.111571
  -- 1 : 6 = 0.217888
  -- 1 : 7 = 0.686362
  -- 1 : 8 = -0.226908
  -- 1 : 9 = -0.0178584
  -- 2 : 1 = 0.674408
  -- 2 : 2 = 0.331778
  -- 2 : 3 = -0.215334
  -- 2 : 4 = 0.333416
  -- 2 : 5 = -0.186699
  -- 2 : 6 = -0.0363712
  -- 2 : 7 = 0.277834
  -- 2 : 8 = -0.119124
  -- 2 : 9 = 0.406771
  -- 3 : 1 = -1
  -- 3 : 2 = -0.0206334
  -- 3 : 3 = 0.310122
  -- 3 : 4 = -0.029516
  -- 3 : 5 = -0.183431
  -- 3 : 6 = -0.246486
  -- 3 : 7 = 0.131367
  -- 3 : 8 = 0.166312
  -- 3 : 9 = 0.0760523
  -- 4 : 1 = 0.970923
  -- 4 : 2 = 0.0791931
  -- 4 : 3 = 0.152963
  -- 4 : 4 = -0.0765495
  -- 4 : 5 = 0.119969
  -- 4 : 6 = -0.00731989
  -- 4 : 7 = -0.147777
  -- 4 : 8 = 0.169821
  -- 4 : 9 = 0.246709
  -- 5 : 1 = 0.825864
  -- 5 : 2 = -0.640213
  -- 5 : 3 = -0.255437
  -- 5 : 4 = 0.0437754
  -- 5 : 5 = 0.242194
  -- 5 : 6 = -0.083318
  -- 5 : 7 = -0.0482311
  -- 5 : 8 = 0.409315
  -- 5 : 9 = -0.14347
  -- 6 : 1 = 0.66537
  -- 6 : 2 = -0.249375
  -- 6 : 3 = 0.090302
  -- 6 : 4 = -0.08539
  -- 6 : 5 = -0.118037
  -- 6 : 6 = 0.298021
  -- 6 : 7 = 0.0541075
  -- 6 : 8 = 0.0886197
  -- 6 : 9 = -0.127094
  -- 7 : 1 = -0.0193884
  -- 7 : 2 = -0.0866795
  -- 7 : 3 = -0.202544
  -- 7 : 4 = -0.312832
  -- 7 : 5 = 0.291095
  -- 7 : 6 = -0.236504
  -- 7 : 7 = -0.181669
  -- 7 : 8 = 0.0808286
  -- 7 : 9 = 0.08399
  -- 8 : 1 = -0.5
  -- 8 : 2 = 0.0391874
  -- 8 : 3 = 0.101461
  -- 8 : 4 = 0.508937
  -- 8 : 5 = -0.0394067
  -- 8 : 6 = 0.13587
  -- 8 : 7 = -0.0547298
  -- 8 : 8 = 0.388341
  -- 8 : 9 = 0.149709
  -- 9 : 1 = 0.185292
  -- 9 : 2 = 0.0224692
  -- 9 : 3 = -0.0165783
  -- 9 : 4 = 0.0918214
  -- 9 : 5 = -0.277998
  -- 9 : 6 = -0.365975
  -- 9 : 7 = -0.148625
  -- 9 : 8 = 0.328944
  -- 9 : 9 = -0.322052
  -- 10 : 1 = 0.403188
  -- 10 : 2 = 0.00242103
  -- 10 : 3 = -0.34933
  -- 10 : 4 = 0.132922
  -- 10 : 5 = 0.219707
  -- 10 : 6 = 0.0575366
  -- 10 : 7 = -0.131896
  -- 10 : 8 = 0.117645
  -- 10 : 9 = 0.183447
  Inner Net 2
  -- 1 : 1 = 0.11456
  -- 1 : 2 = -0.270952
  -- 2 : 1 = -0.471388
  -- 2 : 2 = -0.0436127
  -- 3 : 1 = 0.110341
  -- 3 : 2 = -0.0573003
  -- 4 : 1 = -0.300432
  -- 4 : 2 = -0.407879
  -- 5 : 1 = -0.365438
  -- 5 : 2 = -0.0352572
  -- 6 : 1 = -0.469448
  -- 6 : 2 = 0.138981
  -- 7 : 1 = -0.600693
  -- 7 : 2 = -0.0228637
  -- 8 : 1 = -0.23111
  -- 8 : 2 = -0.216325
  -- 9 : 1 = -0.171981
  -- 9 : 2 = -0.0303298
Out\Act	False		True
False	0.328415	0.513565	0.84198
True	0.0295098	0.12851	0.15802
	0.357925	0.642075
	Accuracy [ (tp + tn) / testSize ]: 0.456925
	Precision [ tp / (tp + fp) ]:      0.2
	Sensitivity [ tp / (tp + fn) ]:    0.810811
	Specificity [ tn / (tn + fp) ]:    0.389831
	F-Score [ 2tp / (2tp + fp + fn) ]: 0.321046
Particle (13):: Fit: 199.486	PB: 199.486	LB: 206.044	GB: 220.027	Conf: 0.612093	Pts: 52464
Particle (15):: Fit: 188.827	PB: 188.827	LB: 206.044	GB: 220.027	Conf: 0.67695	Pts: 56883
Particle (9):: Fit: 203.511	PB: 203.511	LB: 208.354	GB: 220.027	Conf: 0.670412	Pts: 57428
Particle (20):: Fit: 196.16	PB: 196.16	LB: 206.124	GB: 220.027	Conf: 0.300025	Pts: 56612
Particle (42):: Fit: 197.203	PB: 197.203	LB: 220.027	GB: 220.027	Conf: 0.537715	Pts: 46776
Particle (24):: Fit: 204.527	PB: 204.527	LB: 214.368	GB: 220.027	Conf: 0.387589	Pts: 166336
Particle (10):: Fit: 196.492	PB: 196.492	LB: 206.044	GB: 220.027	Conf: 0.763623	Pts: 86616
Particle (15):: Fit: 190.501	PB: 190.501	LB: 206.044	GB: 220.027	Conf: 0.744945	Pts: 56315
Particle (35):: Fit: 197.701	PB: 197.701	LB: 216.923	GB: 220.027	Conf: 0.603487	Pts: 56395
Particle (47):: Fit: 211.874	PB: 211.874	LB: 220.027	GB: 220.027	Conf: 0.673861	Pts: 101744
Particle (26):: Fit: 205.624	PB: 205.624	LB: 214.368	GB: 220.027	Conf: 0.559725	Pts: 111035
Particle (40):: Fit: 201.796	PB: 201.796	LB: 206.835	GB: 220.027	Conf: 0.373518	Pts: 225304
Particle (11):: Fit: 206.321	PB: 206.321	LB: 206.321	GB: 220.027	Conf: 0.483881	Pts: 166303
Particle (13):: Fit: 201.33	PB: 201.33	LB: 206.321	GB: 220.027	Conf: 0.588753	Pts: 51323
Particle (4):: Fit: 209.899	PB: 209.899	LB: 209.942	GB: 220.027	Conf: 0.805976	Pts: 135411
Particle (42):: Fit: 205.326	PB: 205.326	LB: 220.027	GB: 220.027	Conf: 0.534875	Pts: 45661
Particle (2):: Fit: 200.462	PB: 200.462	LB: 209.942	GB: 220.027	Conf: 0.552726	Pts: 51258
Particle (7):: Fit: 202.202	PB: 202.202	LB: 209.899	GB: 220.027	Conf: 0.720962	Pts: 415809
Particle (15):: Fit: 192.021	PB: 192.021	LB: 206.321	GB: 220.027	Conf: 0.773835	Pts: 55322
Particle (43):: Fit: 204.536	PB: 204.536	LB: 220.027	GB: 220.027	Conf: 0.394349	Pts: 45743
Particle (42):: Fit: 206.691	PB: 206.691	LB: 220.027	GB: 220.027	Conf: 0.696025	Pts: 45498
Particle (23):: Fit: 199.933	PB: 199.933	LB: 214.368	GB: 220.027	Conf: 0.279029	Pts: 75264
Particle (21):: Fit: 202.565	PB: 202.565	LB: 206.124	GB: 220.027	Conf: 0.541708	Pts: 65071
Particle (32):: Fit: 202.766	PB: 202.766	LB: 216.923	GB: 220.027	Conf: 0.18983	Pts: 50180
Particle (20):: Fit: 197.549	PB: 197.549	LB: 206.124	GB: 220.027	Conf: 0.53953	Pts: 53848
Particle (10):: Fit: 198.33	PB: 198.33	LB: 206.321	GB: 220.027	Conf: 0.682177	Pts: 84202
Particle (35):: Fit: 201.96	PB: 201.96	LB: 216.923	GB: 220.027	Conf: 0.586728	Pts: 54233
Particle (33):: Fit: 200.214	PB: 200.214	LB: 216.923	GB: 220.027	Conf: 0.47642	Pts: 128957
Particle (6):: Fit: 205.834	PB: 205.834	LB: 209.899	GB: 220.027	Conf: 0.199224	Pts: 138816
Particle (1):: Fit: 202.27	PB: 202.27	LB: 211.874	GB: 220.027	Conf: 0.592586	Pts: 48925
Particle (42):: Fit: 223.764	PB: 223.764	LB: 223.764	GB: 223.764	Conf: 0.477626	Pts: 103874
Global: 223.764 - Correct: 79% of 100 tests
Global Best: 
  Inner Net 1
  -- 1 : 1 = 0.274897
  -- 1 : 2 = 0.0741386
  -- 1 : 3 = 0.0562161
  -- 1 : 4 = -0.0317329
  -- 1 : 5 = 0.327873
  -- 1 : 6 = 0.0752576
  -- 1 : 7 = 0.373662
  -- 1 : 8 = -0.368234
  -- 1 : 9 = -0.149324
  -- 2 : 1 = -0.5
  -- 2 : 2 = -0.243156
  -- 2 : 3 = -0.20062
  -- 2 : 4 = 0.0846001
  -- 2 : 5 = 0.114517
  -- 2 : 6 = -0.0455239
  -- 2 : 7 = -0.106981
  -- 2 : 8 = -0.0168837
  -- 2 : 9 = 0.700889
  -- 3 : 1 = 0.5
  -- 3 : 2 = 0.0136611
  -- 3 : 3 = 0.475931
  -- 3 : 4 = -0.0173873
  -- 3 : 5 = 0.17745
  -- 3 : 6 = 0.195054
  -- 3 : 7 = 0.278174
  -- 3 : 8 = -0.119112
  -- 3 : 9 = -0.221437
  -- 4 : 1 = 0.256897
  -- 4 : 2 = -0.059511
  -- 4 : 3 = 0.156782
  -- 4 : 4 = 0.244379
  -- 4 : 5 = -0.125339
  -- 4 : 6 = 0.229768
  -- 4 : 7 = 0.122461
  -- 4 : 8 = 0.196589
  -- 4 : 9 = 0.70387
  -- 5 : 1 = -0.0888989
  -- 5 : 2 = 0.180151
  -- 5 : 3 = 0.0715824
  -- 5 : 4 = 0.00267479
  -- 5 : 5 = -0.250219
  -- 5 : 6 = 0.0680999
  -- 5 : 7 = -0.0951874
  -- 5 : 8 = 0.312233
  -- 5 : 9 = 0.235896
  -- 6 : 1 = 0.825106
  -- 6 : 2 = -0.159475
  -- 6 : 3 = 0.0394599
  -- 6 : 4 = -0.112436
  -- 6 : 5 = -0.0689165
  -- 6 : 6 = -0.00626778
  -- 6 : 7 = -0.122844
  -- 6 : 8 = 0.342503
  -- 6 : 9 = 0.0498144
  -- 7 : 1 = 0.171742
  -- 7 : 2 = 0.166169
  -- 7 : 3 = -0.121407
  -- 7 : 4 = -0.166171
  -- 7 : 5 = 0.64664
  -- 7 : 6 = -0.0286318
  -- 7 : 7 = -0.15265
  -- 7 : 8 = -0.238345
  -- 7 : 9 = -0.086531
  -- 8 : 1 = -0.870866
  -- 8 : 2 = 0.0438974
  -- 8 : 3 = 0.252835
  -- 8 : 4 = 0.175436
  -- 8 : 5 = 0.0209237
  -- 8 : 6 = 0.179036
  -- 8 : 7 = 0.342045
  -- 8 : 8 = 0.0771639
  -- 8 : 9 = 0.202568
  -- 9 : 1 = 0.17934
  -- 9 : 2 = -0.0401755
  -- 9 : 3 = 0.134478
  -- 9 : 4 = -0.0456741
  -- 9 : 5 = 0.0117733
  -- 9 : 6 = -0.0487883
  -- 9 : 7 = -0.276867
  -- 9 : 8 = 0.421139
  -- 9 : 9 = 0.0185409
  -- 10 : 1 = 0.2881
  -- 10 : 2 = 0.543882
  -- 10 : 3 = -0.00390338
  -- 10 : 4 = 0.103481
  -- 10 : 5 = 0.351005
  -- 10 : 6 = 0.00945066
  -- 10 : 7 = -0.383551
  -- 10 : 8 = 0.0677662
  -- 10 : 9 = 0.114661
  Inner Net 2
  -- 1 : 1 = -0.255625
  -- 1 : 2 = 0.404779
  -- 2 : 1 = -0.098678
  -- 2 : 2 = 0.0148595
  -- 3 : 1 = 0.193631
  -- 3 : 2 = 0.108275
  -- 4 : 1 = 0.416589
  -- 4 : 2 = -0.259849
  -- 5 : 1 = -0.115034
  -- 5 : 2 = -0.181636
  -- 6 : 1 = 0.0649923
  -- 6 : 2 = -0.30428
  -- 7 : 1 = -0.164666
  -- 7 : 2 = 0.0284559
  -- 8 : 1 = 0.149214
  -- 8 : 2 = -0.230171
  -- 9 : 1 = -0.651608
  -- 9 : 2 = 0.131971
Out\Act	False		True
False	0.295098	0.546882	0.84198
True	0.0233222	0.134698	0.15802
	0.31842	0.68158
	Accuracy [ (tp + tn) / testSize ]: 0.429795
	Precision [ tp / (tp + fp) ]:      0.197488
	Sensitivity [ tp / (tp + fn) ]:    0.84985
	Specificity [ tn / (tn + fp) ]:    0.350282
	F-Score [ 2tp / (2tp + fp + fn) ]: 0.32068
Particle (22):: Fit: 211.598	PB: 211.598	LB: 214.368	GB: 223.764	Conf: 0.310709	Pts: 144222
Particle (20):: Fit: 197.751	PB: 197.751	LB: 211.598	GB: 223.764	Conf: 0.258392	Pts: 53300
Particle (37):: Fit: 201.572	PB: 201.572	LB: 223.764	GB: 223.764	Conf: 0.507612	Pts: 59019
Particle (45):: Fit: 200.722	PB: 200.722	LB: 223.764	GB: 223.764	Conf: 0.386527	Pts: 92573
Particle (23):: Fit: 205.95	PB: 205.95	LB: 214.368	GB: 223.764	Conf: 0.602605	Pts: 73455
Particle (39):: Fit: 209.337	PB: 209.337	LB: 223.764	GB: 223.764	Conf: 0.492113	Pts: 158167
Particle (33):: Fit: 209.742	PB: 209.742	LB: 216.923	GB: 223.764	Conf: 0.417939	Pts: 128013
Particle (33):: Fit: 215.207	PB: 215.207	LB: 216.923	GB: 223.764	Conf: 0.449133	Pts: 132628
Particle (17):: Fit: 205.387	PB: 205.387	LB: 211.598	GB: 223.764	Conf: 0.689273	Pts: 52453
Particle (49):: Fit: 203.797	PB: 203.797	LB: 220.027	GB: 223.764	Conf: 0.69792	Pts: 57054
Particle (30):: Fit: 200.216	PB: 200.216	LB: 216.923	GB: 223.764	Conf: 0.177317	Pts: 67421
Particle (47):: Fit: 212.395	PB: 212.395	LB: 220.027	GB: 223.764	Conf: 0.675296	Pts: 102626
Particle (43):: Fit: 205.631	PB: 205.631	LB: 223.764	GB: 223.764	Conf: 0.333063	Pts: 42472
Particle (30):: Fit: 206.2	PB: 206.2	LB: 216.923	GB: 223.764	Conf: 0.558063	Pts: 66814
Particle (26):: Fit: 208.973	PB: 208.973	LB: 214.368	GB: 223.764	Conf: 0.307778	Pts: 106204
Particle (14):: Fit: 207.268	PB: 207.268	LB: 207.268	GB: 223.764	Conf: 0.397962	Pts: 136596
Particle (9):: Fit: 206.433	PB: 206.433	LB: 208.354	GB: 223.764	Conf: 0.504447	Pts: 51003
Particle (49):: Fit: 207.213	PB: 207.213	LB: 220.027	GB: 223.764	Conf: 0.573846	Pts: 55162
Particle (38):: Fit: 200.76	PB: 200.76	LB: 223.764	GB: 223.764	Conf: 0.72223	Pts: 100050
Particle (20):: Fit: 204.763	PB: 204.763	LB: 211.598	GB: 223.764	Conf: 0.552387	Pts: 49868
Particle (6):: Fit: 207.389	PB: 207.389	LB: 209.899	GB: 223.764	Conf: 0.356228	Pts: 139521
Particle (44):: Fit: 207.069	PB: 207.069	LB: 223.764	GB: 223.764	Conf: 0.709545	Pts: 94946
Particle (19):: Fit: 203.805	PB: 203.805	LB: 211.598	GB: 223.764	Conf: 0.445492	Pts: 119022
Particle (25):: Fit: 209.692	PB: 209.692	LB: 214.368	GB: 223.764	Conf: 0.62877	Pts: 149117
Particle (13):: Fit: 201.98	PB: 201.98	LB: 207.268	GB: 223.764	Conf: 0.60983	Pts: 43720
Particle (37):: Fit: 203.236	PB: 203.236	LB: 223.764	GB: 223.764	Conf: 0.683259	Pts: 53563
Out\Act	False		True
False	0.295098	0.546882	0.84198
True	0.0233222	0.134698	0.15802
	0.31842	0.68158
	Accuracy [ (tp + tn) / testSize ]: 0.429795
	Precision [ tp / (tp + fp) ]:      0.197488
	Sensitivity [ tp / (tp + fn) ]:    0.84985
	Specificity [ tn / (tn + fp) ]:    0.350282
	F-Score [ 2tp / (2tp + fp + fn) ]: 0.32068
Particle (24):: Fit: 207.151	PB: 207.151	LB: 214.368	GB: 223.764	Conf: 0.629644	Pts: 157095
Particle (12):: Fit: 207.574	PB: 207.574	LB: 207.574	GB: 223.764	Conf: 0.324482	Pts: 242288
Global Best: 
  Inner Net 1
  -- 1 : 1 = 0.274897
  -- 1 : 2 = 0.0741386
  -- 1 : 3 = 0.0562161
  -- 1 : 4 = -0.0317329
  -- 1 : 5 = 0.327873
  -- 1 : 6 = 0.0752576
  -- 1 : 7 = 0.373662
  -- 1 : 8 = -0.368234
  -- 1 : 9 = -0.149324
  -- 2 : 1 = -0.5
  -- 2 : 2 = -0.243156
  -- 2 : 3 = -0.20062
  -- 2 : 4 = 0.0846001
  -- 2 : 5 = 0.114517
  -- 2 : 6 = -0.0455239
  -- 2 : 7 = -0.106981
  -- 2 : 8 = -0.0168837
  -- 2 : 9 = 0.700889
  -- 3 : 1 = 0.5
  -- 3 : 2 = 0.0136611
  -- 3 : 3 = 0.475931
  -- 3 : 4 = -0.0173873
  -- 3 : 5 = 0.17745
  -- 3 : 6 = 0.195054
  -- 3 : 7 = 0.278174
  -- 3 : 8 = -0.119112
  -- 3 : 9 = -0.221437
  -- 4 : 1 = 0.256897
  -- 4 : 2 = -0.059511
  -- 4 : 3 = 0.156782
  -- 4 : 4 = 0.244379
  -- 4 : 5 = -0.125339
  -- 4 : 6 = 0.229768
  -- 4 : 7 = 0.122461
  -- 4 : 8 = 0.196589
  -- 4 : 9 = 0.70387
  -- 5 : 1 = -0.0888989
  -- 5 : 2 = 0.180151
  -- 5 : 3 = 0.0715824
  -- 5 : 4 = 0.00267479
  -- 5 : 5 = -0.250219
  -- 5 : 6 = 0.0680999
  -- 5 : 7 = -0.0951874
  -- 5 : 8 = 0.312233
  -- 5 : 9 = 0.235896
  -- 6 : 1 = 0.825106
  -- 6 : 2 = -0.159475
  -- 6 : 3 = 0.0394599
  -- 6 : 4 = -0.112436
  -- 6 : 5 = -0.0689165
  -- 6 : 6 = -0.00626778
  -- 6 : 7 = -0.122844
  -- 6 : 8 = 0.342503
  -- 6 : 9 = 0.0498144
  -- 7 : 1 = 0.171742
  -- 7 : 2 = 0.166169
  -- 7 : 3 = -0.121407
  -- 7 : 4 = -0.166171
  -- 7 : 5 = 0.64664
  -- 7 : 6 = -0.0286318
  -- 7 : 7 = -0.15265
  -- 7 : 8 = -0.238345
  -- 7 : 9 = -0.086531
  -- 8 : 1 = -0.870866
  -- 8 : 2 = 0.0438974
  -- 8 : 3 = 0.252835
  -- 8 : 4 = 0.175436
  -- 8 : 5 = 0.0209237
  -- 8 : 6 = 0.179036
  -- 8 : 7 = 0.342045
  -- 8 : 8 = 0.0771639
  -- 8 : 9 = 0.202568
  -- 9 : 1 = 0.17934
  -- 9 : 2 = -0.0401755
  -- 9 : 3 = 0.134478
  -- 9 : 4 = -0.0456741
  -- 9 : 5 = 0.0117733
  -- 9 : 6 = -0.0487883
  -- 9 : 7 = -0.276867
  -- 9 : 8 = 0.421139
  -- 9 : 9 = 0.0185409
  -- 10 : 1 = 0.2881
  -- 10 : 2 = 0.543882
  -- 10 : 3 = -0.00390338
  -- 10 : 4 = 0.103481
  -- 10 : 5 = 0.351005
  -- 10 : 6 = 0.00945066
  -- 10 : 7 = -0.383551
  -- 10 : 8 = 0.0677662
  -- 10 : 9 = 0.114661
  Inner Net 2
  -- 1 : 1 = -0.255625
  -- 1 : 2 = 0.404779
  -- 2 : 1 = -0.098678
  -- 2 : 2 = 0.0148595
  -- 3 : 1 = 0.193631
  -- 3 : 2 = 0.108275
  -- 4 : 1 = 0.416589
  -- 4 : 2 = -0.259849
  -- 5 : 1 = -0.115034
  -- 5 : 2 = -0.181636
  -- 6 : 1 = 0.0649923
  -- 6 : 2 = -0.30428
  -- 7 : 1 = -0.164666
  -- 7 : 2 = 0.0284559
  -- 8 : 1 = 0.149214
  -- 8 : 2 = -0.230171
  -- 9 : 1 = -0.651608
  -- 9 : 2 = 0.131971
Out\Act	False		True
False	0.295098	0.546882	0.84198
True	0.0233222	0.134698	0.15802
	0.31842	0.68158
	Accuracy [ (tp + tn) / testSize ]: 0.429795
	Precision [ tp / (tp + fp) ]:      0.197488
	Sensitivity [ tp / (tp + fn) ]:    0.84985
	Specificity [ tn / (tn + fp) ]:    0.350282
	F-Score [ 2tp / (2tp + fp + fn) ]: 0.32068
