
Date / Time: Fri Mar 31 04:57:32 2017

   ****************************************
   * PSO Neural Net (Gaussian Activation) *
   *       by William Boler, BSCE         *
   *     Research Assistant, IUPUI        *
   *                                      *
   *  Professor: Dr. Lauren Christopher   *
   *     Created: March 13, 2017          *
   ****************************************


Inputs: 6
Inner Nets: 1
 - 5
Tests per train(min): 500
Particles: 50
Neighbors: 10
Minimum Particle Iterations: 1000
Particle (0):: Fit: 3.46321e-005	PB: 3.46321e-005	LB: 3.46321e-005	GB: 3.46321e-005	Cor: 0.834	Pts: 110099
Particle (1):: Fit: 0.000668344	PB: 0.000668344	LB: 0.000668344	GB: 0.000668344	Cor: 0.838	Pts: 110099
Particle (2):: Fit: 3.34015e-005	PB: 3.34015e-005	LB: 0.000668344	GB: 0.000668344	Cor: 0.838	Pts: 55099
Particle (3):: Fit: 0.000660194	PB: 0.000660194	LB: 0.000668344	GB: 0.000668344	Cor: 0.838	Pts: 60099
Particle (4):: Fit: 0.000448127	PB: 0.000448127	LB: 0.000668344	GB: 0.000668344	Cor: 0.838	Pts: 55099
Particle (5):: Fit: 0.000837894	PB: 0.000837894	LB: 0.000837894	GB: 0.000837894	Cor: 0.822	Pts: 110099
Particle (6):: Fit: 3.09405e-005	PB: 3.09405e-005	LB: 0.000837894	GB: 0.000837894	Cor: 0.822	Pts: 55099
Particle (7):: Fit: 3.13507e-005	PB: 3.13507e-005	LB: 0.000837894	GB: 0.000837894	Cor: 0.822	Pts: 60099
Particle (8):: Fit: 0.000417018	PB: 0.000417018	LB: 0.000837894	GB: 0.000837894	Cor: 0.822	Pts: 65099
Particle (9):: Fit: 2.72534e-005	PB: 2.72534e-005	LB: 0.000837894	GB: 0.000837894	Cor: 0.822	Pts: 55099
Particle (10):: Fit: 15.4227	PB: 15.4227	LB: 15.4227	GB: 15.4227	Cor: 0.86	Pts: 110099
Particle (11):: Fit: 3.87337e-005	PB: 3.87337e-005	LB: 15.4227	GB: 15.4227	Cor: 0.86	Pts: 55099
Particle (12):: Fit: 3.46321e-005	PB: 3.46321e-005	LB: 15.4227	GB: 15.4227	Cor: 0.86	Pts: 55099
Particle (13):: Fit: 3.46321e-005	PB: 3.46321e-005	LB: 15.4227	GB: 15.4227	Cor: 0.86	Pts: 55099
Particle (14):: Fit: 3.58626e-005	PB: 3.58626e-005	LB: 15.4227	GB: 15.4227	Cor: 0.86	Pts: 65099
Particle (15):: Fit: 3.09405e-005	PB: 3.09405e-005	LB: 3.87337e-005	GB: 15.4227	Cor: 0.86	Pts: 55099
Particle (16):: Fit: 3.62771e-005	PB: 3.62771e-005	LB: 3.62771e-005	GB: 15.4227	Cor: 0.86	Pts: 75099
Particle (17):: Fit: 3.6553e-005	PB: 3.6553e-005	LB: 3.6553e-005	GB: 15.4227	Cor: 0.86	Pts: 80099
Particle (18):: Fit: 2.92997e-005	PB: 2.92997e-005	LB: 3.6553e-005	GB: 15.4227	Cor: 0.86	Pts: 55099
Particle (19):: Fit: 2.92999e-005	PB: 2.92999e-005	LB: 3.6553e-005	GB: 15.4227	Cor: 0.86	Pts: 60099
Particle (20):: Fit: 0.000660822	PB: 0.000660822	LB: 0.000660822	GB: 15.4227	Cor: 0.86	Pts: 100099
Particle (21):: Fit: 3.17611e-005	PB: 3.17611e-005	LB: 0.000660822	GB: 15.4227	Cor: 0.86	Pts: 55099
Particle (22):: Fit: 3.62733e-005	PB: 3.62733e-005	LB: 0.000660822	GB: 15.4227	Cor: 0.86	Pts: 60099
Particle (23):: Fit: 3.62728e-005	PB: 3.62728e-005	LB: 0.000660822	GB: 15.4227	Cor: 0.86	Pts: 55099
Particle (24):: Fit: 3.66836e-005	PB: 3.66836e-005	LB: 0.000660822	GB: 15.4227	Cor: 0.86	Pts: 70099
Particle (25):: Fit: 3.50423e-005	PB: 3.50423e-005	LB: 3.66836e-005	GB: 15.4227	Cor: 0.86	Pts: 55099
Particle (26):: Fit: 3.50419e-005	PB: 3.50419e-005	LB: 3.66836e-005	GB: 15.4227	Cor: 0.86	Pts: 55099
Particle (27):: Fit: 0.0003391	PB: 0.0003391	LB: 0.0003391	GB: 15.4227	Cor: 0.86	Pts: 85099
Particle (28):: Fit: 3.25813e-005	PB: 3.25813e-005	LB: 0.0003391	GB: 15.4227	Cor: 0.86	Pts: 55099
Particle (29):: Fit: 3.70744e-005	PB: 3.70744e-005	LB: 0.0003391	GB: 15.4227	Cor: 0.86	Pts: 60099
Particle (30):: Fit: 0.00130278	PB: 0.00130278	LB: 0.00130278	GB: 15.4227	Cor: 0.86	Pts: 100099
Particle (31):: Fit: 16.6629	PB: 16.6629	LB: 16.6629	GB: 16.6629	Cor: 0.832	Pts: 110099
Particle (32):: Fit: 2.63024e-005	PB: 2.63024e-005	LB: 16.6629	GB: 16.6629	Cor: 0.832	Pts: 55099
Particle (33):: Fit: 16.1408	PB: 16.1408	LB: 16.6629	GB: 16.6629	Cor: 0.832	Pts: 60099
Particle (34):: Fit: 3.62728e-005	PB: 3.62728e-005	LB: 16.6629	GB: 16.6629	Cor: 0.832	Pts: 55099
Particle (35):: Fit: 3.54524e-005	PB: 3.54524e-005	LB: 16.6629	GB: 16.6629	Cor: 0.832	Pts: 55099
Particle (36):: Fit: 3.75032e-005	PB: 3.75032e-005	LB: 16.1408	GB: 16.6629	Cor: 0.832	Pts: 65099
Particle (37):: Fit: 2.35565e-005	PB: 2.35565e-005	LB: 16.1408	GB: 16.6629	Cor: 0.832	Pts: 55099
Particle (38):: Fit: 0.00116236	PB: 0.00116236	LB: 0.00116236	GB: 16.6629	Cor: 0.832	Pts: 75099
Particle (39):: Fit: 0.000379938	PB: 0.000379938	LB: 0.00116236	GB: 16.6629	Cor: 0.832	Pts: 55099
Particle (40):: Fit: 16.623	PB: 16.623	LB: 16.623	GB: 16.6629	Cor: 0.832	Pts: 95099
Particle (41):: Fit: 2.76589e-005	PB: 2.76589e-005	LB: 16.623	GB: 16.6629	Cor: 0.832	Pts: 50099
Particle (42):: Fit: 2.88895e-005	PB: 2.88895e-005	LB: 16.623	GB: 16.6629	Cor: 0.832	Pts: 50099
Particle (43):: Fit: 3.25812e-005	PB: 3.25812e-005	LB: 16.623	GB: 16.6629	Cor: 0.832	Pts: 50099
Particle (44):: Fit: 3.05326e-005	PB: 3.05326e-005	LB: 16.623	GB: 16.6629	Cor: 0.832	Pts: 50099
Particle (45):: Fit: 146.184	PB: 146.184	LB: 146.184	GB: 146.184	Cor: 0.836	Pts: 110099
Particle (46):: Fit: 3.21711e-005	PB: 3.21711e-005	LB: 146.184	GB: 146.184	Cor: 0.836	Pts: 50099
Particle (47):: Fit: 3.13507e-005	PB: 3.13507e-005	LB: 146.184	GB: 146.184	Cor: 0.836	Pts: 50099
Particle (48):: Fit: 3.42222e-005	PB: 3.42222e-005	LB: 146.184	GB: 146.184	Cor: 0.836	Pts: 50099
Particle (49):: Fit: 16.5458	PB: 16.5458	LB: 146.184	GB: 146.184	Cor: 0.836	Pts: 70099
Global: 146.184 - Correct: 83.6% of 500 tests
Global Best: 
  Inner Net 1
  -- 1 : 1 = 0.7702
  -- 1 : 2 = 0.7476
  -- 1 : 3 = 0.0969
  -- 1 : 4 = 0.8605
  -- 1 : 5 = 0.5283
  -- 2 : 1 = 0.6606
  -- 2 : 2 = 0.2473
  -- 2 : 3 = 0.3429
  -- 2 : 4 = 0.4486
  -- 2 : 5 = 0.6677
  -- 3 : 1 = 0.4525
  -- 3 : 2 = 0.3644
  -- 3 : 3 = 0.0769
  -- 3 : 4 = 0.2169
  -- 3 : 5 = 0.905
  -- 4 : 1 = 0.5467
  -- 4 : 2 = 0.8806
  -- 4 : 3 = 0.0542
  -- 4 : 4 = 0.3439
  -- 4 : 5 = 0.1025
  -- 5 : 1 = 0.1278
  -- 5 : 2 = 0.0202
  -- 5 : 3 = 0.2461
  -- 5 : 4 = 0.368
  -- 5 : 5 = 0.2062
  -- 6 : 1 = 0.4625
  -- 6 : 2 = 0.8726
  -- 6 : 3 = 0.5465
  -- 6 : 4 = 0.679
  -- 6 : 5 = 0.0254
  Inner Net 2
  -- 1 : 1 = -0.0029
  -- 1 : 2 = -0.227532
  -- 2 : 1 = -0.0363546
  -- 2 : 2 = 0.3373
  -- 3 : 1 = -0.1578
  -- 3 : 2 = -0.000179419
  -- 4 : 1 = 0.4193
  -- 4 : 2 = -0.167753
  -- 5 : 1 = -0.110612
  -- 5 : 2 = -0.0532588
Out\Act	False		True
False	0.84198	0	0.84198
True	0.15802	0	0.15802
	1	0
	Accuracy [ (tp + tn) / testSize ]: 0.84198
	Precision [ tp / (tp + fp) ]:      0
	Sensitivity [ tp / (tp + fn) ]:    0
	Specificity [ tn / (tn + fp) ]:    0.999435
	F-Score [ 2tp / (2tp + fp + fn) ]: 0
Particle (0):: Fit: 3.70931e-005	PB: 3.70931e-005	LB: 16.5458	GB: 146.184	Cor: 0	Pts: 110198
Particle (2):: Fit: 3.91438e-005	PB: 3.91438e-005	LB: 16.5458	GB: 146.184	Cor: 0	Pts: 55198
Particle (6):: Fit: 3.29914e-005	PB: 3.29914e-005	LB: 15.4227	GB: 146.184	Cor: 0	Pts: 55198
Particle (9):: Fit: 3.17665e-005	PB: 3.17665e-005	LB: 15.4227	GB: 146.184	Cor: 0	Pts: 55198
Particle (13):: Fit: 3.50423e-005	PB: 3.50423e-005	LB: 15.4227	GB: 146.184	Cor: 0	Pts: 55198
Particle (15):: Fit: 3.29914e-005	PB: 3.29914e-005	LB: 0.000660822	GB: 146.184	Cor: 0	Pts: 55198
Particle (17):: Fit: 0.00089531	PB: 0.00089531	LB: 0.00089531	GB: 146.184	Cor: 0	Pts: 115198
Particle (18):: Fit: 3.29914e-005	PB: 3.29914e-005	LB: 0.00089531	GB: 146.184	Cor: 0	Pts: 55198
Particle (19):: Fit: 3.87341e-005	PB: 3.87341e-005	LB: 0.00089531	GB: 146.184	Cor: 0	Pts: 60198
Particle (20):: Fit: 0.000784633	PB: 0.000784633	LB: 0.00089531	GB: 146.184	Cor: 0	Pts: 115198
Particle (24):: Fit: 0.000367063	PB: 0.000367063	LB: 0.000784633	GB: 146.184	Cor: 0	Pts: 70198
Particle (26):: Fit: 0.000713834	PB: 0.000713834	LB: 16.6629	GB: 146.184	Cor: 0	Pts: 55198
Particle (27):: Fit: 169.233	PB: 169.233	LB: 169.233	GB: 169.233	Cor: 0.872	Pts: 145198
Particle (28):: Fit: 3.46322e-005	PB: 3.46322e-005	LB: 169.233	GB: 169.233	Cor: 0.872	Pts: 55198
Particle (31):: Fit: 16.8229	PB: 16.8229	LB: 169.233	GB: 169.233	Cor: 0.872	Pts: 130198
Particle (32):: Fit: 3.38066e-005	PB: 3.38066e-005	LB: 16.8229	GB: 169.233	Cor: 0.872	Pts: 55198
Particle (33):: Fit: 16.5825	PB: 16.5825	LB: 16.8229	GB: 169.233	Cor: 0.872	Pts: 60198
Particle (37):: Fit: 3.34016e-005	PB: 3.34016e-005	LB: 16.623	GB: 169.233	Cor: 0.872	Pts: 55197
Particle (41):: Fit: 3.29914e-005	PB: 3.29914e-005	LB: 146.184	GB: 169.233	Cor: 0.872	Pts: 50198
Particle (42):: Fit: 3.50376e-005	PB: 3.50376e-005	LB: 146.184	GB: 169.233	Cor: 0.872	Pts: 50198
Particle (43):: Fit: 0.000343183	PB: 0.000343183	LB: 146.184	GB: 169.233	Cor: 0.872	Pts: 50198
Particle (44):: Fit: 0.000534043	PB: 0.000534043	LB: 146.184	GB: 169.233	Cor: 0.872	Pts: 50198
Particle (45):: Fit: 152.313	PB: 152.313	LB: 152.313	GB: 169.233	Cor: 0.872	Pts: 160198
Particle (46):: Fit: 3.46321e-005	PB: 3.46321e-005	LB: 152.313	GB: 169.233	Cor: 0.872	Pts: 50198
Particle (47):: Fit: 3.29914e-005	PB: 3.29914e-005	LB: 152.313	GB: 169.233	Cor: 0.872	Pts: 50198
Global: 169.233 - Correct: 87.2% of 500 tests
Global Best: 
  Inner Net 1
  -- 1 : 1 = 0.5987
  -- 1 : 2 = 0.614
  -- 1 : 3 = 0.0691
  -- 1 : 4 = 0.8751
  -- 1 : 5 = 0.1141
  -- 2 : 1 = 0.3813
  -- 2 : 2 = 0.0609
  -- 2 : 3 = 0.2551
  -- 2 : 4 = 0.626
  -- 2 : 5 = 0.4581
  -- 3 : 1 = 0.7974
  -- 3 : 2 = 0.3285
  -- 3 : 3 = 0.1125
  -- 3 : 4 = 0.8114
  -- 3 : 5 = 0.7155
  -- 4 : 1 = 0.5794
  -- 4 : 2 = 0.8829
  -- 4 : 3 = 0.5448
  -- 4 : 4 = 0.5824
  -- 4 : 5 = 0.369
  -- 5 : 1 = 0.9337
  -- 5 : 2 = 0.0676
  -- 5 : 3 = 0.5243
  -- 5 : 4 = 0.9136
  -- 5 : 5 = 0.656
  -- 6 : 1 = 0.5553
  -- 6 : 2 = 0.8208
  -- 6 : 3 = 0.8707
  -- 6 : 4 = 0.7639
  -- 6 : 5 = 0.168
  Inner Net 2
  -- 1 : 1 = 0.272491
  -- 1 : 2 = -0.3984
  -- 2 : 1 = -0.0951246
  -- 2 : 2 = 0.143402
  -- 3 : 1 = -0.1193
  -- 3 : 2 = -0.0744
  -- 4 : 1 = -0.113029
  -- 4 : 2 = -0.0798925
  -- 5 : 1 = -0.0380093
  -- 5 : 2 = -0.251451
Out\Act	False		True
False	0.84198	0	0.84198
True	0.15802	0	0.15802
	1	0
	Accuracy [ (tp + tn) / testSize ]: 0.84198
	Precision [ tp / (tp + fp) ]:      0
	Sensitivity [ tp / (tp + fn) ]:    0
	Specificity [ tn / (tn + fp) ]:    0.999435
	F-Score [ 2tp / (2tp + fp + fn) ]: 0
Particle (10):: Fit: 15.5828	PB: 15.5828	LB: 15.5828	GB: 169.233	Cor: 0	Pts: 160197
Particle (12):: Fit: 3.62728e-005	PB: 3.62728e-005	LB: 15.5828	GB: 169.233	Cor: 0	Pts: 55197
Particle (15):: Fit: 3.99641e-005	PB: 3.99641e-005	LB: 0.00089531	GB: 169.233	Cor: 0	Pts: 55297
Particle (16):: Fit: 0.00130746	PB: 0.00130746	LB: 0.00130746	GB: 169.233	Cor: 0	Pts: 105196
Particle (19):: Fit: 0.000412105	PB: 0.000412105	LB: 0.00130746	GB: 169.233	Cor: 0	Pts: 60297
Particle (21):: Fit: 3.54524e-005	PB: 3.54524e-005	LB: 0.00089531	GB: 169.233	Cor: 0	Pts: 55197
Particle (22):: Fit: 0.000283162	PB: 0.000283162	LB: 169.233	GB: 169.233	Cor: 0	Pts: 60197
Particle (25):: Fit: 4.07844e-005	PB: 4.07844e-005	LB: 169.233	GB: 169.233	Cor: 0	Pts: 55197
Particle (29):: Fit: 0.000370805	PB: 0.000370805	LB: 169.233	GB: 169.233	Cor: 0	Pts: 60197
Particle (31):: Fit: 17.5039	PB: 17.5039	LB: 169.233	GB: 169.233	Cor: 0	Pts: 150297
Particle (34):: Fit: 3.99641e-005	PB: 3.99641e-005	LB: 17.5039	GB: 169.233	Cor: 0	Pts: 55197
Particle (38):: Fit: 0.00120537	PB: 0.00120537	LB: 16.623	GB: 169.233	Cor: 0	Pts: 75197
Particle (39):: Fit: 0.000760751	PB: 0.000760751	LB: 16.623	GB: 169.233	Cor: 0	Pts: 55197
Particle (40):: Fit: 16.9032	PB: 16.9032	LB: 152.313	GB: 169.233	Cor: 0	Pts: 115197
Particle (41):: Fit: 3.34016e-005	PB: 3.34016e-005	LB: 152.313	GB: 169.233	Cor: 0	Pts: 50297
Particle (43):: Fit: 0.000351444	PB: 0.000351444	LB: 152.313	GB: 169.233	Cor: 0	Pts: 50297
Particle (48):: Fit: 16.9433	PB: 16.9433	LB: 152.313	GB: 169.233	Cor: 0	Pts: 65197
Particle (6):: Fit: 3.4222e-005	PB: 3.4222e-005	LB: 15.5828	GB: 169.233	Cor: 0	Pts: 55296
Particle (7):: Fit: 3.4222e-005	PB: 3.4222e-005	LB: 15.5828	GB: 169.233	Cor: 0	Pts: 60195
Particle (9):: Fit: 0.0006907	PB: 0.0006907	LB: 15.5828	GB: 169.233	Cor: 0	Pts: 55296
Particle (15):: Fit: 4.32452e-005	PB: 4.32452e-005	LB: 0.00130746	GB: 169.233	Cor: 0	Pts: 55396
Particle (16):: Fit: 0.00131937	PB: 0.00131937	LB: 0.00131937	GB: 169.233	Cor: 0	Pts: 135295
Particle (18):: Fit: 3.58626e-005	PB: 3.58626e-005	LB: 0.00131937	GB: 169.233	Cor: 0	Pts: 55296
Particle (22):: Fit: 0.000393999	PB: 0.000393999	LB: 169.233	GB: 169.233	Cor: 0	Pts: 60296
Particle (37):: Fit: 3.54524e-005	PB: 3.54524e-005	LB: 16.9032	GB: 169.233	Cor: 0	Pts: 55295
Particle (41):: Fit: 3.83235e-005	PB: 3.83235e-005	LB: 152.313	GB: 169.233	Cor: 0	Pts: 50396
Particle (42):: Fit: 3.50423e-005	PB: 3.50423e-005	LB: 152.313	GB: 169.233	Cor: 0	Pts: 50296
Particle (7):: Fit: 3.50423e-005	PB: 3.50423e-005	LB: 15.5828	GB: 169.233	Cor: 0	Pts: 60294
Particle (21):: Fit: 0.000367596	PB: 0.000367596	LB: 0.00089531	GB: 169.233	Cor: 0	Pts: 55295
Particle (22):: Fit: 0.00039866	PB: 0.00039866	LB: 169.233	GB: 169.233	Cor: 0	Pts: 60395
Particle (24):: Fit: 0.000432735	PB: 0.000432735	LB: 169.233	GB: 169.233	Cor: 0	Pts: 70295
Particle (26):: Fit: 0.000792198	PB: 0.000792198	LB: 169.233	GB: 169.233	Cor: 0	Pts: 55295
Particle (36):: Fit: 3.79134e-005	PB: 3.79134e-005	LB: 16.9032	GB: 169.233	Cor: 0	Pts: 65195
Particle (40):: Fit: 17.3838	PB: 17.3838	LB: 152.313	GB: 169.233	Cor: 0	Pts: 135295
Particle (14):: Fit: 3.66829e-005	PB: 3.66829e-005	LB: 15.5828	GB: 169.233	Cor: 0	Pts: 65194
Particle (15):: Fit: 0.000298058	PB: 0.000298058	LB: 0.00131937	GB: 169.233	Cor: 0	Pts: 55494
Particle (22):: Fit: 0.000430022	PB: 0.000430022	LB: 169.233	GB: 169.233	Cor: 0	Pts: 60494
Particle (37):: Fit: 3.66829e-005	PB: 3.66829e-005	LB: 17.3838	GB: 169.233	Cor: 0	Pts: 55393
Particle (46):: Fit: 3.50423e-005	PB: 3.50423e-005	LB: 152.313	GB: 169.233	Cor: 0	Pts: 50294
Particle (48):: Fit: 17.1428	PB: 17.1428	LB: 152.313	GB: 169.233	Cor: 0	Pts: 80294
Particle (0):: Fit: 3.83235e-005	PB: 3.83235e-005	LB: 17.1428	GB: 169.233	Cor: 0	Pts: 110293
Particle (13):: Fit: 3.54524e-005	PB: 3.54524e-005	LB: 15.5828	GB: 169.233	Cor: 0	Pts: 55293
Particle (23):: Fit: 3.66829e-005	PB: 3.66829e-005	LB: 169.233	GB: 169.233	Cor: 0	Pts: 55193
Particle (28):: Fit: 3.70848e-005	PB: 3.70848e-005	LB: 169.233	GB: 169.233	Cor: 0	Pts: 55293
Particle (32):: Fit: 0.000273245	PB: 0.000273245	LB: 17.5039	GB: 169.233	Cor: 0	Pts: 55293
Particle (37):: Fit: 3.70931e-005	PB: 3.70931e-005	LB: 17.3838	GB: 169.233	Cor: 0	Pts: 55492
Particle (43):: Fit: 0.00035549	PB: 0.00035549	LB: 152.313	GB: 169.233	Cor: 0	Pts: 50393
Particle (49):: Fit: 17.0221	PB: 17.0221	LB: 152.313	GB: 169.233	Cor: 0	Pts: 75193
Particle (0):: Fit: 3.87337e-005	PB: 3.87337e-005	LB: 17.1428	GB: 169.233	Cor: 0	Pts: 110392
Particle (7):: Fit: 3.54524e-005	PB: 3.54524e-005	LB: 15.5828	GB: 169.233	Cor: 0	Pts: 60391
Particle (9):: Fit: 0.000772955	PB: 0.000772955	LB: 15.5828	GB: 169.233	Cor: 0	Pts: 55392
Particle (17):: Fit: 0.000964887	PB: 0.000964887	LB: 0.00131937	GB: 169.233	Cor: 0	Pts: 120292
Particle (29):: Fit: 0.000399568	PB: 0.000399568	LB: 169.233	GB: 169.233	Cor: 0	Pts: 60292
Particle (38):: Fit: 0.001254	PB: 0.001254	LB: 17.3838	GB: 169.233	Cor: 0	Pts: 75292
Particle (41):: Fit: 4.07844e-005	PB: 4.07844e-005	LB: 152.313	GB: 169.233	Cor: 0	Pts: 50492
Particle (44):: Fit: 0.000554497	PB: 0.000554497	LB: 152.313	GB: 169.233	Cor: 0	Pts: 50292
Particle (46):: Fit: 3.62728e-005	PB: 3.62728e-005	LB: 152.313	GB: 169.233	Cor: 0	Pts: 50392
Particle (47):: Fit: 3.62728e-005	PB: 3.62728e-005	LB: 152.313	GB: 169.233	Cor: 0	Pts: 50292
Particle (7):: Fit: 4.20148e-005	PB: 4.20148e-005	LB: 15.5828	GB: 169.233	Cor: 0	Pts: 60490
Particle (12):: Fit: 3.79134e-005	PB: 3.79134e-005	LB: 15.5828	GB: 169.233	Cor: 0	Pts: 55291
Particle (25):: Fit: 4.44756e-005	PB: 4.44756e-005	LB: 169.233	GB: 169.233	Cor: 0	Pts: 55291
Particle (40):: Fit: 17.504	PB: 17.504	LB: 152.313	GB: 169.233	Cor: 0	Pts: 160391
Particle (42):: Fit: 3.54525e-005	PB: 3.54525e-005	LB: 152.313	GB: 169.233	Cor: 0	Pts: 50391
Particle (46):: Fit: 3.87337e-005	PB: 3.87337e-005	LB: 152.313	GB: 169.233	Cor: 0	Pts: 50491
Particle (47):: Fit: 3.70931e-005	PB: 3.70931e-005	LB: 152.313	GB: 169.233	Cor: 0	Pts: 50390
Particle (3):: Fit: 0.000676924	PB: 0.000676924	LB: 17.0221	GB: 169.233	Cor: 0	Pts: 60189
Particle (20):: Fit: 0.00078567	PB: 0.00078567	LB: 0.00131937	GB: 169.233	Cor: 0	Pts: 115289
Particle (28):: Fit: 0.000363494	PB: 0.000363494	LB: 169.233	GB: 169.233	Cor: 0	Pts: 55389
Particle (31):: Fit: 17.5827	PB: 17.5827	LB: 169.233	GB: 169.233	Cor: 0	Pts: 170389
Particle (35):: Fit: 3.62728e-005	PB: 3.62728e-005	LB: 17.5827	GB: 169.233	Cor: 0	Pts: 55189
Particle (47):: Fit: 3.91438e-005	PB: 3.91438e-005	LB: 152.313	GB: 169.233	Cor: 0	Pts: 50489
Particle (48):: Fit: 17.3436	PB: 17.3436	LB: 152.313	GB: 169.233	Cor: 0	Pts: 95389
Particle (13):: Fit: 3.75032e-005	PB: 3.75032e-005	LB: 15.5828	GB: 169.233	Cor: 0	Pts: 55388
Particle (15):: Fit: 0.000404713	PB: 0.000404713	LB: 0.00131937	GB: 169.233	Cor: 0	Pts: 55588
Particle (36):: Fit: 3.87337e-005	PB: 3.87337e-005	LB: 17.504	GB: 169.233	Cor: 0	Pts: 65287
Particle (10):: Fit: 15.7174	PB: 15.7174	LB: 15.7174	GB: 169.233	Cor: 0	Pts: 210287
Particle (20):: Fit: 0.000788665	PB: 0.000788665	LB: 0.00131937	GB: 169.233	Cor: 0	Pts: 115387
Particle (4):: Fit: 0.000471926	PB: 0.000471926	LB: 0.000837894	GB: 169.233	Cor: 0	Pts: 55186
Particle (6):: Fit: 3.58626e-005	PB: 3.58626e-005	LB: 15.7174	GB: 169.233	Cor: 0	Pts: 55386
Particle (10):: Fit: 15.7777	PB: 15.7777	LB: 15.7777	GB: 169.233	Cor: 0	Pts: 260386
Particle (16):: Fit: 0.00131945	PB: 0.00131945	LB: 0.00131945	GB: 169.233	Cor: 0	Pts: 165385
Particle (33):: Fit: 16.6234	PB: 16.6234	LB: 17.5827	GB: 169.233	Cor: 0	Pts: 60286
Particle (49):: Fit: 17.1411	PB: 17.1411	LB: 152.313	GB: 169.233	Cor: 0	Pts: 80286
Particle (0):: Fit: 3.91438e-005	PB: 3.91438e-005	LB: 17.3436	GB: 169.233	Cor: 0	Pts: 110485
Particle (5):: Fit: 0.000840857	PB: 0.000840857	LB: 15.7777	GB: 169.233	Cor: 0	Pts: 115185
Particle (41):: Fit: 0.000318373	PB: 0.000318373	LB: 152.313	GB: 169.233	Cor: 0	Pts: 50585
Particle (43):: Fit: 0.000367854	PB: 0.000367854	LB: 152.313	GB: 169.233	Cor: 0	Pts: 50485
Particle (6):: Fit: 3.99641e-005	PB: 3.99641e-005	LB: 15.7777	GB: 169.233	Cor: 0	Pts: 55484
Particle (18):: Fit: 3.75032e-005	PB: 3.75032e-005	LB: 0.00131945	GB: 169.233	Cor: 0	Pts: 55384
Particle (22):: Fit: 0.000438946	PB: 0.000438946	LB: 169.233	GB: 169.233	Cor: 0	Pts: 60583
Particle (33):: Fit: 16.7025	PB: 16.7025	LB: 17.5827	GB: 169.233	Cor: 0	Pts: 60383
Particle (43):: Fit: 0.0003758	PB: 0.0003758	LB: 152.313	GB: 169.233	Cor: 0	Pts: 50583
Particle (4):: Fit: 0.000492781	PB: 0.000492781	LB: 0.000840857	GB: 169.233	Cor: 0	Pts: 55282
Particle (18):: Fit: 4.03742e-005	PB: 4.03742e-005	LB: 0.00131945	GB: 169.233	Cor: 0	Pts: 55482
Particle (30):: Fit: 0.0013155	PB: 0.0013155	LB: 169.233	GB: 169.233	Cor: 0	Pts: 100182
Particle (40):: Fit: 17.6233	PB: 17.6233	LB: 152.313	GB: 169.233	Cor: 0	Pts: 185482
Particle (1):: Fit: 0.000692562	PB: 0.000692562	LB: 17.3436	GB: 169.233	Cor: 0	Pts: 110181
Particle (1):: Fit: 0.000713376	PB: 0.000713376	LB: 17.3436	GB: 169.233	Cor: 0	Pts: 110280
Particle (43):: Fit: 0.000384003	PB: 0.000384003	LB: 152.313	GB: 169.233	Cor: 0	Pts: 50680
Particle (16):: Fit: 0.00133689	PB: 0.00133689	LB: 0.00133689	GB: 169.233	Cor: 0	Pts: 195478
Particle (29):: Fit: 0.000404004	PB: 0.000404004	LB: 169.233	GB: 169.233	Cor: 0	Pts: 60379
Particle (33):: Fit: 16.7434	PB: 16.7434	LB: 17.5827	GB: 169.233	Cor: 0	Pts: 60479
Particle (42):: Fit: 3.75032e-005	PB: 3.75032e-005	LB: 152.313	GB: 169.233	Cor: 0	Pts: 50477
Particle (11):: Fit: 3.9554e-005	PB: 3.9554e-005	LB: 15.7777	GB: 169.233	Cor: 0	Pts: 55177
Particle (14):: Fit: 4.20148e-005	PB: 4.20148e-005	LB: 15.7777	GB: 169.233	Cor: 0	Pts: 65276
Particle (41):: Fit: 0.000379901	PB: 0.000379901	LB: 152.313	GB: 169.233	Cor: 0	Pts: 50678
Particle (13):: Fit: 3.87337e-005	PB: 3.87337e-005	LB: 15.7777	GB: 169.233	Cor: 0	Pts: 55477
Particle (24):: Fit: 0.000444954	PB: 0.000444954	LB: 169.233	GB: 169.233	Cor: 0	Pts: 70376
Particle (44):: Fit: 0.000558394	PB: 0.000558394	LB: 152.313	GB: 169.233	Cor: 0	Pts: 50377
Particle (30):: Fit: 0.00132897	PB: 0.00132897	LB: 169.233	GB: 169.233	Cor: 0	Pts: 100276
Particle (5):: Fit: 0.000843875	PB: 0.000843875	LB: 15.7777	GB: 169.233	Cor: 0	Pts: 120275
Particle (49):: Fit: 17.1434	PB: 17.1434	LB: 152.313	GB: 169.233	Cor: 0	Pts: 85375
Particle (12):: Fit: 3.9554e-005	PB: 3.9554e-005	LB: 15.7777	GB: 169.233	Cor: 0	Pts: 55373
Particle (23):: Fit: 3.70931e-005	PB: 3.70931e-005	LB: 169.233	GB: 169.233	Cor: 0	Pts: 55273
Particle (43):: Fit: 0.000388364	PB: 0.000388364	LB: 152.313	GB: 169.233	Cor: 0	Pts: 50773
Particle (48):: Fit: 17.4634	PB: 17.4634	LB: 152.313	GB: 169.233	Cor: 0	Pts: 110473
Particle (4):: Fit: 0.00051403	PB: 0.00051403	LB: 0.000843875	GB: 169.233	Cor: 0	Pts: 55371
Particle (26):: Fit: 0.000822979	PB: 0.000822979	LB: 169.233	GB: 169.233	Cor: 0	Pts: 55371
Particle (33):: Fit: 16.8636	PB: 16.8636	LB: 17.5827	GB: 169.233	Cor: 0	Pts: 60571
Particle (34):: Fit: 4.11945e-005	PB: 4.11945e-005	LB: 17.5827	GB: 169.233	Cor: 0	Pts: 55270
Particle (18):: Fit: 4.20148e-005	PB: 4.20148e-005	LB: 0.00133689	GB: 169.233	Cor: 0	Pts: 55570
Particle (3):: Fit: 0.00071439	PB: 0.00071439	LB: 17.1434	GB: 169.233	Cor: 0	Pts: 60269
Particle (13):: Fit: 3.91438e-005	PB: 3.91438e-005	LB: 15.7777	GB: 169.233	Cor: 0	Pts: 55569
Particle (20):: Fit: 0.000804991	PB: 0.000804991	LB: 0.00133689	GB: 169.233	Cor: 0	Pts: 115469
Particle (35):: Fit: 3.9554e-005	PB: 3.9554e-005	LB: 17.6233	GB: 169.233	Cor: 0	Pts: 55269
Particle (42):: Fit: 3.79134e-005	PB: 3.79134e-005	LB: 152.313	GB: 169.233	Cor: 0	Pts: 50567
Particle (10):: Fit: 16.3179	PB: 16.3179	LB: 16.3179	GB: 169.233	Cor: 0	Pts: 310468
Particle (23):: Fit: 3.91438e-005	PB: 3.91438e-005	LB: 169.233	GB: 169.233	Cor: 0	Pts: 55366
Particle (2):: Fit: 4.03742e-005	PB: 4.03742e-005	LB: 17.4634	GB: 169.233	Cor: 0	Pts: 55262
Particle (5):: Fit: 0.000866669	PB: 0.000866669	LB: 16.3179	GB: 169.233	Cor: 0	Pts: 125365
Particle (34):: Fit: 4.24249e-005	PB: 4.24249e-005	LB: 17.5827	GB: 169.233	Cor: 0	Pts: 55364
Particle (22):: Fit: 0.000450938	PB: 0.000450938	LB: 169.233	GB: 169.233	Cor: 0	Pts: 60663
Particle (39):: Fit: 0.000776019	PB: 0.000776019	LB: 17.6233	GB: 169.233	Cor: 0	Pts: 55262
Particle (49):: Fit: 17.303	PB: 17.303	LB: 152.313	GB: 169.233	Cor: 0	Pts: 90462
Particle (6):: Fit: 4.03742e-005	PB: 4.03742e-005	LB: 16.3179	GB: 169.233	Cor: 0	Pts: 55561
Particle (11):: Fit: 4.07844e-005	PB: 4.07844e-005	LB: 16.3179	GB: 169.233	Cor: 0	Pts: 55256
Particle (9):: Fit: 0.000779321	PB: 0.000779321	LB: 16.3179	GB: 169.233	Cor: 0	Pts: 55458
Particle (23):: Fit: 4.32452e-005	PB: 4.32452e-005	LB: 169.233	GB: 169.233	Cor: 0	Pts: 55456
Particle (20):: Fit: 0.000821025	PB: 0.000821025	LB: 0.00133689	GB: 169.233	Cor: 0	Pts: 115556
Particle (46):: Fit: 3.91438e-005	PB: 3.91438e-005	LB: 152.313	GB: 169.233	Cor: 0	Pts: 50553
Particle (41):: Fit: 0.000404713	PB: 0.000404713	LB: 152.313	GB: 169.233	Cor: 0	Pts: 50753
Particle (43):: Fit: 0.000400671	PB: 0.000400671	LB: 152.313	GB: 169.233	Cor: 0	Pts: 50851
Particle (13):: Fit: 3.9554e-005	PB: 3.9554e-005	LB: 16.3179	GB: 169.233	Cor: 0	Pts: 55651
Particle (36):: Fit: 3.9554e-005	PB: 3.9554e-005	LB: 17.6233	GB: 169.233	Cor: 0	Pts: 65350
Particle (30):: Fit: 0.00136142	PB: 0.00136142	LB: 169.233	GB: 169.233	Cor: 0	Pts: 100351
Particle (37):: Fit: 3.87337e-005	PB: 3.87337e-005	LB: 17.6233	GB: 169.233	Cor: 0	Pts: 55549
Particle (38):: Fit: 0.00127318	PB: 0.00127318	LB: 17.6233	GB: 169.233	Cor: 0	Pts: 75351
Particle (13):: Fit: 4.03742e-005	PB: 4.03742e-005	LB: 16.3179	GB: 169.233	Cor: 0	Pts: 55748
Particle (29):: Fit: 0.000404401	PB: 0.000404401	LB: 169.233	GB: 169.233	Cor: 0	Pts: 60449
Particle (21):: Fit: 0.000379901	PB: 0.000379901	LB: 0.000964887	GB: 169.233	Cor: 0	Pts: 55344
Particle (37):: Fit: 4.07844e-005	PB: 4.07844e-005	LB: 17.6233	GB: 169.233	Cor: 0	Pts: 55645
Particle (46):: Fit: 4.11945e-005	PB: 4.11945e-005	LB: 152.313	GB: 169.233	Cor: 0	Pts: 50646
Particle (47):: Fit: 3.99641e-005	PB: 3.99641e-005	LB: 152.313	GB: 169.233	Cor: 0	Pts: 50546
Particle (1):: Fit: 0.000713573	PB: 0.000713573	LB: 17.4634	GB: 169.233	Cor: 0	Pts: 110346
Particle (44):: Fit: 0.000567279	PB: 0.000567279	LB: 152.313	GB: 169.233	Cor: 0	Pts: 50444
Particle (42):: Fit: 3.87337e-005	PB: 3.87337e-005	LB: 152.313	GB: 169.233	Cor: 0	Pts: 50636
Particle (5):: Fit: 0.000884477	PB: 0.000884477	LB: 16.3179	GB: 169.233	Cor: 0	Pts: 130432
Particle (13):: Fit: 4.11945e-005	PB: 4.11945e-005	LB: 16.3179	GB: 169.233	Cor: 0	Pts: 55831
Particle (43):: Fit: 0.000404507	PB: 0.000404507	LB: 152.313	GB: 169.233	Cor: 0	Pts: 50930
Particle (0):: Fit: 3.9554e-005	PB: 3.9554e-005	LB: 17.4634	GB: 169.233	Cor: 0	Pts: 110526
Particle (40):: Fit: 17.6235	PB: 17.6235	LB: 152.313	GB: 169.233	Cor: 0	Pts: 210528
Particle (13):: Fit: 4.16047e-005	PB: 4.16047e-005	LB: 16.3179	GB: 169.233	Cor: 0	Pts: 55925
Particle (44):: Fit: 0.000588634	PB: 0.000588634	LB: 152.313	GB: 169.233	Cor: 0	Pts: 50526
Particle (4):: Fit: 0.000542387	PB: 0.000542387	LB: 0.000884477	GB: 169.233	Cor: 0	Pts: 55421
Particle (49):: Fit: 17.6299	PB: 17.6299	LB: 152.313	GB: 169.233	Cor: 0	Pts: 110523
Particle (2):: Fit: 4.11945e-005	PB: 4.11945e-005	LB: 17.6299	GB: 169.233	Cor: 0	Pts: 55318
Particle (16):: Fit: 0.00134674	PB: 0.00134674	LB: 0.00134674	GB: 169.233	Cor: 0	Pts: 225521
Particle (42):: Fit: 3.91438e-005	PB: 3.91438e-005	LB: 152.313	GB: 169.233	Cor: 0	Pts: 50718
Particle (26):: Fit: 0.000826304	PB: 0.000826304	LB: 169.233	GB: 169.233	Cor: 0	Pts: 55419
Particle (28):: Fit: 0.000371698	PB: 0.000371698	LB: 169.233	GB: 169.233	Cor: 0	Pts: 55414
Particle (10):: Fit: 16.5585	PB: 16.5585	LB: 16.5585	GB: 169.233	Cor: 0	Pts: 360515
Particle (47):: Fit: 4.03742e-005	PB: 4.03742e-005	LB: 152.313	GB: 169.233	Cor: 0	Pts: 50613
Particle (20):: Fit: 0.000829502	PB: 0.000829502	LB: 0.00134674	GB: 169.233	Cor: 0	Pts: 115613
Particle (42):: Fit: 3.9554e-005	PB: 3.9554e-005	LB: 152.313	GB: 169.233	Cor: 0	Pts: 50810
Particle (5):: Fit: 0.000893642	PB: 0.000893642	LB: 16.5585	GB: 169.233	Cor: 0	Pts: 135511
Particle (7):: Fit: 4.28351e-005	PB: 4.28351e-005	LB: 16.5585	GB: 169.233	Cor: 0	Pts: 60504
Particle (11):: Fit: 4.07844e-005	PB: 4.07844e-005	LB: 16.5585	GB: 169.233	Cor: 0	Pts: 55302
Particle (35):: Fit: 4.07844e-005	PB: 4.07844e-005	LB: 17.6235	GB: 169.233	Cor: 0	Pts: 55302
Particle (17):: Fit: 0.000972111	PB: 0.000972111	LB: 0.00134674	GB: 169.233	Cor: 0	Pts: 125301
Particle (37):: Fit: 4.11945e-005	PB: 4.11945e-005	LB: 17.6235	GB: 169.233	Cor: 0	Pts: 55701
Particle (43):: Fit: 0.000404511	PB: 0.000404511	LB: 152.313	GB: 169.233	Cor: 0	Pts: 50998
Particle (44):: Fit: 0.00060086	PB: 0.00060086	LB: 152.313	GB: 169.233	Cor: 0	Pts: 50599
Particle (0):: Fit: 4.03742e-005	PB: 4.03742e-005	LB: 17.6299	GB: 169.233	Cor: 0	Pts: 110597
Particle (1):: Fit: 16.9831	PB: 16.9831	LB: 17.6299	GB: 169.233	Cor: 0	Pts: 120398
Particle (2):: Fit: 0.000858031	PB: 0.000858031	LB: 17.6299	GB: 169.233	Cor: 0	Pts: 55394
Particle (3):: Fit: 17.2613	PB: 17.2613	LB: 17.6299	GB: 169.233	Cor: 0	Pts: 80298
Particle (4):: Fit: 16.9025	PB: 16.9025	LB: 17.2613	GB: 169.233	Cor: 0	Pts: 60496
Particle (7):: Fit: 16.7431	PB: 16.7431	LB: 17.2613	GB: 169.233	Cor: 0	Pts: 75596
Particle (11):: Fit: 16.6612	PB: 16.6612	LB: 16.7431	GB: 169.233	Cor: 0	Pts: 75395
Particle (12):: Fit: 0.000318373	PB: 0.000318373	LB: 16.6612	GB: 169.233	Cor: 0	Pts: 55396
Particle (13):: Fit: 16.9831	PB: 16.9831	LB: 16.9831	GB: 169.233	Cor: 0	Pts: 105995
Particle (15):: Fit: 16.8231	PB: 16.8231	LB: 16.9831	GB: 169.233	Cor: 0	Pts: 65594
Particle (16):: Fit: 17.0234	PB: 17.0234	LB: 17.0234	GB: 169.233	Cor: 0	Pts: 275597
Particle (18):: Fit: 0.000502537	PB: 0.000502537	LB: 17.0234	GB: 169.233	Cor: 0	Pts: 55593
Particle (20):: Fit: 17.2236	PB: 17.2236	LB: 17.2236	GB: 169.233	Cor: 0	Pts: 150697
Particle (21):: Fit: 0.00140856	PB: 0.00140856	LB: 17.2236	GB: 169.233	Cor: 0	Pts: 55395
Particle (23):: Fit: 0.00058691	PB: 0.00058691	LB: 169.233	GB: 169.233	Cor: 0	Pts: 55494
Particle (25):: Fit: 16.2599	PB: 16.2599	LB: 169.233	GB: 169.233	Cor: 0	Pts: 55295
Particle (26):: Fit: 16.4627	PB: 16.4627	LB: 169.233	GB: 169.233	Cor: 0	Pts: 55498
Particle (29):: Fit: 0.000718625	PB: 0.000718625	LB: 169.233	GB: 169.233	Cor: 0	Pts: 60497
Particle (30):: Fit: 16.5824	PB: 16.5824	LB: 169.233	GB: 169.233	Cor: 0	Pts: 100397
Particle (32):: Fit: 166.013	PB: 166.013	LB: 166.013	GB: 169.233	Cor: 0	Pts: 80290
Particle (34):: Fit: 0.000391707	PB: 0.000391707	LB: 166.013	GB: 169.233	Cor: 0	Pts: 55395
Particle (35):: Fit: 17.1433	PB: 17.1433	LB: 166.013	GB: 169.233	Cor: 0	Pts: 55395
Particle (37):: Fit: 16.5825	PB: 16.5825	LB: 17.6235	GB: 169.233	Cor: 0	Pts: 55796
Particle (38):: Fit: 0.00128967	PB: 0.00128967	LB: 17.6235	GB: 169.233	Cor: 0	Pts: 75398
Particle (39):: Fit: 17.3038	PB: 17.3038	LB: 17.6235	GB: 169.233	Cor: 0	Pts: 55295
Particle (42):: Fit: 16.9834	PB: 16.9834	LB: 152.313	GB: 169.233	Cor: 0	Pts: 50895
Particle (43):: Fit: 16.6229	PB: 16.6229	LB: 152.313	GB: 169.233	Cor: 0	Pts: 51095
Particle (44):: Fit: 16.8633	PB: 16.8633	LB: 152.313	GB: 169.233	Cor: 0	Pts: 50697
Particle (46):: Fit: 17.0634	PB: 17.0634	LB: 152.313	GB: 169.233	Cor: 0	Pts: 50693
Particle (0):: Fit: 0.00124938	PB: 0.00124938	LB: 17.6299	GB: 169.233	Cor: 0	Pts: 110695
Particle (1):: Fit: 177.832	PB: 177.832	LB: 177.832	GB: 177.832	Cor: 0.874	Pts: 180497
Particle (2):: Fit: 171.24	PB: 171.24	LB: 177.832	GB: 177.832	Cor: 0.874	Pts: 60493
Particle (7):: Fit: 16.862	PB: 16.862	LB: 17.2613	GB: 177.832	Cor: 0.874	Pts: 75695
Particle (11):: Fit: 17.1436	PB: 17.1436	LB: 17.1436	GB: 177.832	Cor: 0.874	Pts: 110494
Particle (12):: Fit: 0.00116351	PB: 0.00116351	LB: 17.1436	GB: 177.832	Cor: 0.874	Pts: 55495
Particle (13):: Fit: 17.1817	PB: 17.1817	LB: 17.1817	GB: 177.832	Cor: 0.874	Pts: 141094
Particle (14):: Fit: 0.00051199	PB: 0.00051199	LB: 17.1817	GB: 177.832	Cor: 0.874	Pts: 65294
Particle (15):: Fit: 17.0746	PB: 17.0746	LB: 17.2236	GB: 177.832	Cor: 0.874	Pts: 65693
Particle (17):: Fit: 17.1021	PB: 17.1021	LB: 17.2236	GB: 177.832	Cor: 0.874	Pts: 125395
Particle (18):: Fit: 15.7336	PB: 15.7336	LB: 17.2236	GB: 177.832	Cor: 0.874	Pts: 55692
Particle (19):: Fit: 0.000818845	PB: 0.000818845	LB: 17.2236	GB: 177.832	Cor: 0.874	Pts: 60294
Particle (20):: Fit: 17.2637	PB: 17.2637	LB: 17.2637	GB: 177.832	Cor: 0.874	Pts: 185796
Particle (22):: Fit: 16.7806	PB: 16.7806	LB: 169.233	GB: 177.832	Cor: 0.874	Pts: 60697
Particle (23):: Fit: 15.6953	PB: 15.6953	LB: 169.233	GB: 177.832	Cor: 0.874	Pts: 55593
Particle (25):: Fit: 17.1035	PB: 17.1035	LB: 169.233	GB: 177.832	Cor: 0.874	Pts: 55394
Particle (26):: Fit: 17.504	PB: 17.504	LB: 169.233	GB: 177.832	Cor: 0.874	Pts: 60597
Particle (28):: Fit: 0.00108849	PB: 0.00108849	LB: 169.233	GB: 177.832	Cor: 0.874	Pts: 55494
Particle (29):: Fit: 15.9551	PB: 15.9551	LB: 169.233	GB: 177.832	Cor: 0.874	Pts: 60596
Particle (30):: Fit: 16.9426	PB: 16.9426	LB: 169.233	GB: 177.832	Cor: 0.874	Pts: 100496
Particle (34):: Fit: 0.000519819	PB: 0.000519819	LB: 166.013	GB: 177.832	Cor: 0.874	Pts: 55494
Particle (36):: Fit: 0.000325486	PB: 0.000325486	LB: 166.013	GB: 177.832	Cor: 0.874	Pts: 65394
Particle (37):: Fit: 17.2285	PB: 17.2285	LB: 17.6235	GB: 177.832	Cor: 0.874	Pts: 55895
Particle (41):: Fit: 14.8751	PB: 14.8751	LB: 152.313	GB: 177.832	Cor: 0.874	Pts: 50796
Particle (47):: Fit: 0.000624099	PB: 0.000624099	LB: 177.832	GB: 177.832	Cor: 0.874	Pts: 50693
Global: 177.832 - Correct: 87.4% of 500 tests
Global Best: 
  Inner Net 1
  -- 1 : 1 = 0.623923
  -- 1 : 2 = 0.443563
  -- 1 : 3 = -0.0512531
  -- 1 : 4 = -0.0529
  -- 1 : 5 = -0.1058
  -- 2 : 1 = -0.0243457
  -- 2 : 2 = -0.0141
  -- 2 : 3 = -0.3445
  -- 2 : 4 = 0.0811137
  -- 2 : 5 = -0.207079
  -- 3 : 1 = 0.868549
  -- 3 : 2 = 0.0223951
  -- 3 : 3 = 0.0739013
  -- 3 : 4 = 0.375674
  -- 3 : 5 = 0.0637643
  -- 4 : 1 = -0.0580008
  -- 4 : 2 = -0.0573605
  -- 4 : 3 = 0.16947
  -- 4 : 4 = -0.11087
  -- 4 : 5 = -0.0873584
  -- 5 : 1 = -1
  -- 5 : 2 = -0.214153
  -- 5 : 3 = -0.1572
  -- 5 : 4 = 0.195189
  -- 5 : 5 = 0.545763
  -- 6 : 1 = 0.830489
  -- 6 : 2 = -0.261968
  -- 6 : 3 = 0.0744834
  -- 6 : 4 = -0.313085
  -- 6 : 5 = -0.254239
  Inner Net 2
  -- 1 : 1 = -0.171772
  -- 1 : 2 = -0.391667
  -- 2 : 1 = 0.0125849
  -- 2 : 2 = -0.0664468
  -- 3 : 1 = -0.609234
  -- 3 : 2 = 0.261519
  -- 4 : 1 = 0.0912902
  -- 4 : 2 = -0.0473069
  -- 5 : 1 = -0.121518
  -- 5 : 2 = 0.0813827
Out\Act	False		True
False	0.81961	0.0223703	0.84198
True	0.128986	0.0290338	0.15802
	0.948596	0.0514041
	Accuracy [ (tp + tn) / testSize ]: 0.848644
	Precision [ tp / (tp + fp) ]:      0.559633
	Sensitivity [ tp / (tp + fn) ]:    0.183183
	Specificity [ tn / (tn + fp) ]:    0.972881
	F-Score [ 2tp / (2tp + fp + fn) ]: 0.276644
Particle (0):: Fit: 1711.76	PB: 1711.76	LB: 1711.76	GB: 1711.76	Cor: 0.838	Pts: 170794
Particle (6):: Fit: 153.025	PB: 153.025	LB: 171.24	GB: 1711.76	Cor: 0.838	Pts: 75593
Particle (14):: Fit: 0.000808251	PB: 0.000808251	LB: 17.1817	GB: 1711.76	Cor: 0.838	Pts: 65393
Particle (21):: Fit: 1722.71	PB: 1722.71	LB: 1722.71	GB: 1722.71	Cor: 0.844	Pts: 115493
Particle (24):: Fit: 0.00111812	PB: 0.00111812	LB: 1722.71	GB: 1722.71	Cor: 0.844	Pts: 70395
Particle (28):: Fit: 15.1977	PB: 15.1977	LB: 169.233	GB: 1722.71	Cor: 0.844	Pts: 55593
Particle (29):: Fit: 17.4239	PB: 17.4239	LB: 169.233	GB: 1722.71	Cor: 0.844	Pts: 60695
Particle (34):: Fit: 14.6464	PB: 14.6464	LB: 166.013	GB: 1722.71	Cor: 0.844	Pts: 55593
Particle (36):: Fit: 0.00121422	PB: 0.00121422	LB: 166.013	GB: 1722.71	Cor: 0.844	Pts: 65493
Particle (37):: Fit: 17.4232	PB: 17.4232	LB: 17.6235	GB: 1722.71	Cor: 0.844	Pts: 55994
Particle (40):: Fit: 17.8749	PB: 17.8749	LB: 152.313	GB: 1722.71	Cor: 0.844	Pts: 225596
Particle (41):: Fit: 16.7831	PB: 16.7831	LB: 152.313	GB: 1722.71	Cor: 0.844	Pts: 50895
Particle (44):: Fit: 17.4639	PB: 17.4639	LB: 152.313	GB: 1722.71	Cor: 0.844	Pts: 50795
Particle (47):: Fit: 0.00122757	PB: 0.00122757	LB: 1711.76	GB: 1722.71	Cor: 0.844	Pts: 50792
Global: 1722.71 - Correct: 84.4% of 500 tests
Global Best: 
  Inner Net 1
  -- 1 : 1 = 0.469139
  -- 1 : 2 = 0.199515
  -- 1 : 3 = -0.112928
  -- 1 : 4 = -0.354372
  -- 1 : 5 = -0.275268
  -- 2 : 1 = 0.616992
  -- 2 : 2 = 0.0876759
  -- 2 : 3 = 0.1445
  -- 2 : 4 = 0.0687465
  -- 2 : 5 = -0.0638757
  -- 3 : 1 = -0.0689091
  -- 3 : 2 = -0.04252
  -- 3 : 3 = 0.4889
  -- 3 : 4 = 0.0886081
  -- 3 : 5 = -0.254566
  -- 4 : 1 = 0.592262
  -- 4 : 2 = -0.0432421
  -- 4 : 3 = -0.203242
  -- 4 : 4 = -0.0841525
  -- 4 : 5 = 0.177029
  -- 5 : 1 = 0.289208
  -- 5 : 2 = 0.0279022
  -- 5 : 3 = 0.2986
  -- 5 : 4 = 0.168427
  -- 5 : 5 = -0.237053
  -- 6 : 1 = 0.70859
  -- 6 : 2 = 0.228572
  -- 6 : 3 = 0.012312
  -- 6 : 4 = 0.0536217
  -- 6 : 5 = 0.3192
  Inner Net 2
  -- 1 : 1 = 0.446704
  -- 1 : 2 = -0.19047
  -- 2 : 1 = 0.229279
  -- 2 : 2 = 0.244033
  -- 3 : 1 = -0.323723
  -- 3 : 2 = 0.0834343
  -- 4 : 1 = -0.374759
  -- 4 : 2 = -0.118867
  -- 5 : 1 = 0.140004
  -- 5 : 2 = 0.0317028
Out\Act	False		True
False	0.827225	0.0147549	0.84198
True	0.140885	0.0171347	0.15802
	0.96811	0.0318896
	Accuracy [ (tp + tn) / testSize ]: 0.84436
	Precision [ tp / (tp + fp) ]:      0.529412
	Sensitivity [ tp / (tp + fn) ]:    0.108108
	Specificity [ tn / (tn + fp) ]:    0.981921
	F-Score [ 2tp / (2tp + fp + fn) ]: 0.18
Particle (5):: Fit: 0.000979474	PB: 0.000979474	LB: 177.832	GB: 1722.71	Cor: 0	Pts: 135594
Particle (7):: Fit: 17.0235	PB: 17.0235	LB: 153.025	GB: 1722.71	Cor: 0	Pts: 75793
Particle (8):: Fit: 0.000871878	PB: 0.000871878	LB: 153.025	GB: 1722.71	Cor: 0	Pts: 65095
Particle (10):: Fit: 16.9033	PB: 16.9033	LB: 153.025	GB: 1722.71	Cor: 0	Pts: 360595
Particle (12):: Fit: 16.4628	PB: 16.4628	LB: 17.1817	GB: 1722.71	Cor: 0	Pts: 55593
Particle (14):: Fit: 0.000812802	PB: 0.000812802	LB: 17.1817	GB: 1722.71	Cor: 0	Pts: 65492
Particle (19):: Fit: 0.000918706	PB: 0.000918706	LB: 1722.71	GB: 1722.71	Cor: 0	Pts: 60392
Particle (23):: Fit: 17.1007	PB: 17.1007	LB: 1722.71	GB: 1722.71	Cor: 0	Pts: 55691
Particle (26):: Fit: 1708.21	PB: 1708.21	LB: 1708.21	GB: 1722.71	Cor: 0	Pts: 85695
Particle (28):: Fit: 16.9833	PB: 16.9833	LB: 1708.21	GB: 1722.71	Cor: 0	Pts: 55692
Particle (36):: Fit: 14.1602	PB: 14.1602	LB: 166.013	GB: 1722.71	Cor: 0	Pts: 65592
Particle (42):: Fit: 17.1429	PB: 17.1429	LB: 152.313	GB: 1722.71	Cor: 0	Pts: 50992
Particle (46):: Fit: 145.622	PB: 145.622	LB: 1711.76	GB: 1722.71	Cor: 0	Pts: 50790
Particle (11):: Fit: 17.2637	PB: 17.2637	LB: 17.2637	GB: 1722.71	Cor: 0	Pts: 135591
Particle (19):: Fit: 0.00114467	PB: 0.00114467	LB: 1722.71	GB: 1722.71	Cor: 0	Pts: 60491
Particle (22):: Fit: 17.1408	PB: 17.1408	LB: 1722.71	GB: 1722.71	Cor: 0	Pts: 60794
Particle (25):: Fit: 17.4639	PB: 17.4639	LB: 1722.71	GB: 1722.71	Cor: 0	Pts: 55491
Particle (30):: Fit: 17.0626	PB: 17.0626	LB: 1708.21	GB: 1722.71	Cor: 0	Pts: 100593
Particle (36):: Fit: 16.3407	PB: 16.3407	LB: 166.013	GB: 1722.71	Cor: 0	Pts: 65691
Particle (41):: Fit: 16.9433	PB: 16.9433	LB: 152.313	GB: 1722.71	Cor: 0	Pts: 50993
Particle (43):: Fit: 16.7818	PB: 16.7818	LB: 152.313	GB: 1722.71	Cor: 0	Pts: 51191
Particle (48):: Fit: 168.672	PB: 168.672	LB: 1711.76	GB: 1722.71	Cor: 0	Pts: 120493
Particle (0):: Fit: 17277.6	PB: 17277.6	LB: 17277.6	GB: 17277.6	Cor: 0.846	Pts: 230891
Particle (6):: Fit: 163.187	PB: 163.187	LB: 171.24	GB: 17277.6	Cor: 0.846	Pts: 95690
Particle (8):: Fit: 0.00132472	PB: 0.00132472	LB: 163.187	GB: 17277.6	Cor: 0.846	Pts: 65193
Particle (14):: Fit: 15.3513	PB: 15.3513	LB: 17.2637	GB: 17277.6	Cor: 0.846	Pts: 65590
Particle (18):: Fit: 16.9432	PB: 16.9432	LB: 1722.71	GB: 17277.6	Cor: 0.846	Pts: 55788
Particle (19):: Fit: 17.9157	PB: 17.9157	LB: 1722.71	GB: 17277.6	Cor: 0.846	Pts: 70590
Particle (25):: Fit: 169.009	PB: 169.009	LB: 1722.71	GB: 17277.6	Cor: 0.846	Pts: 55590
Particle (34):: Fit: 166.924	PB: 166.924	LB: 166.924	GB: 17277.6	Cor: 0.846	Pts: 90689
Particle (38):: Fit: 17.1035	PB: 17.1035	LB: 166.924	GB: 17277.6	Cor: 0.846	Pts: 75493
Particle (41):: Fit: 16.9834	PB: 16.9834	LB: 152.313	GB: 17277.6	Cor: 0.846	Pts: 51092
Particle (42):: Fit: 17.3037	PB: 17.3037	LB: 152.313	GB: 17277.6	Cor: 0.846	Pts: 51090
Particle (43):: Fit: 16.7827	PB: 16.7827	LB: 168.672	GB: 17277.6	Cor: 0.846	Pts: 51290
Global: 17277.6 - Correct: 84.6% of 500 tests
Global Best: 
  Inner Net 1
  -- 1 : 1 = 0.420299
  -- 1 : 2 = 0.285728
  -- 1 : 3 = 0.382531
  -- 1 : 4 = 0.0622484
  -- 1 : 5 = -0.0312897
  -- 2 : 1 = -0.0821237
  -- 2 : 2 = -0.167729
  -- 2 : 3 = -0.182136
  -- 2 : 4 = -0.0693907
  -- 2 : 5 = 0.0556907
  -- 3 : 1 = 0.371558
  -- 3 : 2 = -0.420923
  -- 3 : 3 = 0.084459
  -- 3 : 4 = -0.0124478
  -- 3 : 5 = -0.00503166
  -- 4 : 1 = -0.069629
  -- 4 : 2 = 0.26712
  -- 4 : 3 = -0.280119
  -- 4 : 4 = 0.532863
  -- 4 : 5 = -0.0407114
  -- 5 : 1 = -0.623696
  -- 5 : 2 = -0.267194
  -- 5 : 3 = 0.053638
  -- 5 : 4 = 0.172598
  -- 5 : 5 = 0.272037
  -- 6 : 1 = 0.773512
  -- 6 : 2 = -0.0350513
  -- 6 : 3 = -0.307159
  -- 6 : 4 = 0.389119
  -- 6 : 5 = -0.207689
  Inner Net 2
  -- 1 : 1 = 0.166463
  -- 1 : 2 = -0.58119
  -- 2 : 1 = -0.26565
  -- 2 : 2 = -0.448293
  -- 3 : 1 = 0.304815
  -- 3 : 2 = -0.360668
  -- 4 : 1 = 0.152577
  -- 4 : 2 = 0.0520963
  -- 5 : 1 = -0.622774
  -- 5 : 2 = -0.476443
Out\Act	False		True
False	0.823893	0.0180866	0.84198
True	0.132318	0.025702	0.15802
	0.956211	0.0437887
	Accuracy [ (tp + tn) / testSize ]: 0.849595
	Precision [ tp / (tp + fp) ]:      0.580645
	Sensitivity [ tp / (tp + fn) ]:    0.162162
	Specificity [ tn / (tn + fp) ]:    0.977966
	F-Score [ 2tp / (2tp + fp + fn) ]: 0.254118
Particle (3):: Fit: 17.4239	PB: 17.4239	LB: 17277.6	GB: 17277.6	Cor: 0	Pts: 80392
Particle (7):: Fit: 17.1836	PB: 17.1836	LB: 163.187	GB: 17277.6	Cor: 0	Pts: 75890
Particle (8):: Fit: 16.4274	PB: 16.4274	LB: 163.187	GB: 17277.6	Cor: 0	Pts: 65292
Particle (10):: Fit: 170.183	PB: 170.183	LB: 170.183	GB: 17277.6	Cor: 0	Pts: 400692
Particle (24):: Fit: 16947.7	PB: 16947.7	LB: 16947.7	GB: 17277.6	Cor: 0	Pts: 120491
Particle (28):: Fit: 17.0208	PB: 17.0208	LB: 16947.7	GB: 17277.6	Cor: 0	Pts: 55789
Particle (36):: Fit: 17.4628	PB: 17.4628	LB: 166.924	GB: 17277.6	Cor: 0	Pts: 65789
Particle (42):: Fit: 17.3838	PB: 17.3838	LB: 152.313	GB: 17277.6	Cor: 0	Pts: 51189
Particle (8):: Fit: 142.692	PB: 142.692	LB: 170.183	GB: 17277.6	Cor: 0	Pts: 65391
Particle (19):: Fit: 162.77	PB: 162.77	LB: 16947.7	GB: 17277.6	Cor: 0	Pts: 75688
Particle (20):: Fit: 167.068	PB: 167.068	LB: 16947.7	GB: 17277.6	Cor: 0	Pts: 190890
Particle (22):: Fit: 17.1817	PB: 17.1817	LB: 16947.7	GB: 17277.6	Cor: 0	Pts: 60891
Particle (28):: Fit: 17.2715	PB: 17.2715	LB: 16947.7	GB: 17277.6	Cor: 0	Pts: 55888
Particle (37):: Fit: 17.4633	PB: 17.4633	LB: 166.924	GB: 17277.6	Cor: 0	Pts: 56089
Particle (41):: Fit: 17.5841	PB: 17.5841	LB: 152.313	GB: 17277.6	Cor: 0	Pts: 51190
Particle (47):: Fit: 17.584	PB: 17.584	LB: 17277.6	GB: 17277.6	Cor: 0	Pts: 50887
Particle (49):: Fit: 142.651	PB: 142.651	LB: 17277.6	GB: 17277.6	Cor: 0	Pts: 110591
Particle (11):: Fit: 17.3438	PB: 17.3438	LB: 170.183	GB: 17277.6	Cor: 0	Pts: 135687
Particle (14):: Fit: 15.6028	PB: 15.6028	LB: 170.183	GB: 17277.6	Cor: 0	Pts: 65687
Particle (38):: Fit: 17.1836	PB: 17.1836	LB: 166.924	GB: 17277.6	Cor: 0	Pts: 75590
Particle (5):: Fit: 0.000984563	PB: 0.000984563	LB: 177.832	GB: 17277.6	Cor: 0	Pts: 135687
Particle (12):: Fit: 17.1836	PB: 17.1836	LB: 170.183	GB: 17277.6	Cor: 0	Pts: 55687
Particle (14):: Fit: 17.2634	PB: 17.2634	LB: 170.183	GB: 17277.6	Cor: 0	Pts: 65786
Particle (29):: Fit: 163.455	PB: 163.455	LB: 1708.21	GB: 17277.6	Cor: 0	Pts: 60788
Particle (30):: Fit: 17.223	PB: 17.223	LB: 1708.21	GB: 17277.6	Cor: 0	Pts: 100688
Particle (35):: Fit: 1709.73	PB: 1709.73	LB: 1709.73	GB: 17277.6	Cor: 0	Pts: 105485
Particle (15):: Fit: 17.3433	PB: 17.3433	LB: 167.068	GB: 17277.6	Cor: 0	Pts: 65784
Particle (16):: Fit: 17.3038	PB: 17.3038	LB: 1722.71	GB: 17277.6	Cor: 0	Pts: 275687
Particle (18):: Fit: 17.6235	PB: 17.6235	LB: 1722.71	GB: 17277.6	Cor: 0	Pts: 55883
Particle (23):: Fit: 17.4058	PB: 17.4058	LB: 16947.7	GB: 17277.6	Cor: 0	Pts: 55784
Particle (4):: Fit: 17.1415	PB: 17.1415	LB: 17277.6	GB: 17277.6	Cor: 0	Pts: 60585
Particle (9):: Fit: 142.138	PB: 142.138	LB: 170.183	GB: 17277.6	Cor: 0	Pts: 55483
Particle (36):: Fit: 147.481	PB: 147.481	LB: 1709.73	GB: 17277.6	Cor: 0	Pts: 65884
Particle (12):: Fit: 166.45	PB: 166.45	LB: 170.183	GB: 17277.6	Cor: 0	Pts: 55784
Particle (13):: Fit: 17.303	PB: 17.303	LB: 170.183	GB: 17277.6	Cor: 0	Pts: 141183
Particle (15):: Fit: 152.405	PB: 152.405	LB: 167.068	GB: 17277.6	Cor: 0	Pts: 65882
Particle (28):: Fit: 152.663	PB: 152.663	LB: 16947.7	GB: 17277.6	Cor: 0	Pts: 55983
Particle (30):: Fit: 17.7833	PB: 17.7833	LB: 1709.73	GB: 17277.6	Cor: 0	Pts: 100785
Particle (36):: Fit: 1685.41	PB: 1685.41	LB: 1709.73	GB: 17277.6	Cor: 0	Pts: 70983
Particle (38):: Fit: 17.2637	PB: 17.2637	LB: 1709.73	GB: 17277.6	Cor: 0	Pts: 75686
Particle (43):: Fit: 16.8232	PB: 16.8232	LB: 168.672	GB: 17277.6	Cor: 0	Pts: 51383
Particle (7):: Fit: 17.4226	PB: 17.4226	LB: 170.183	GB: 17277.6	Cor: 0	Pts: 75983
Particle (49):: Fit: 165.426	PB: 165.426	LB: 17277.6	GB: 17277.6	Cor: 0	Pts: 110685
Particle (2):: Fit: 172.718	PB: 172.718	LB: 17277.6	GB: 17277.6	Cor: 0	Pts: 65579
Particle (7):: Fit: 158.362	PB: 158.362	LB: 170.183	GB: 17277.6	Cor: 0	Pts: 76082
Particle (17):: Fit: 17.2222	PB: 17.2222	LB: 1722.71	GB: 17277.6	Cor: 0	Pts: 125481
Particle (3):: Fit: 171.768	PB: 171.768	LB: 17277.6	GB: 17277.6	Cor: 0	Pts: 85483
Particle (18):: Fit: 1764.01	PB: 1764.01	LB: 1764.01	GB: 17277.6	Cor: 0	Pts: 85978
Particle (33):: Fit: 16.9031	PB: 16.9031	LB: 1709.73	GB: 17277.6	Cor: 0	Pts: 60581
Particle (8):: Fit: 169.216	PB: 169.216	LB: 170.183	GB: 17277.6	Cor: 0	Pts: 65481
Particle (16):: Fit: 157.255	PB: 157.255	LB: 1764.01	GB: 17277.6	Cor: 0	Pts: 275781
Particle (43):: Fit: 18.1523	PB: 18.1523	LB: 168.672	GB: 17277.6	Cor: 0	Pts: 51479
Particle (49):: Fit: 170.575	PB: 170.575	LB: 17277.6	GB: 17277.6	Cor: 0	Pts: 115781
Particle (4):: Fit: 17.1435	PB: 17.1435	LB: 17277.6	GB: 17277.6	Cor: 0	Pts: 60677
Particle (13):: Fit: 17.5285	PB: 17.5285	LB: 1764.01	GB: 17277.6	Cor: 0	Pts: 141277
Particle (26):: Fit: 17853.9	PB: 17853.9	LB: 17853.9	GB: 17853.9	Cor: 0.868	Pts: 145779
Particle (43):: Fit: 145.435	PB: 145.435	LB: 168.672	GB: 17853.9	Cor: 0.868	Pts: 51576
Global: 17853.9 - Correct: 86.8% of 500 tests
Global Best: 
  Inner Net 1
  -- 1 : 1 = 0.5
  -- 1 : 2 = -0.301843
  -- 1 : 3 = 0.458322
  -- 1 : 4 = -0.493223
  -- 1 : 5 = 0.259039
  -- 2 : 1 = 0.687111
  -- 2 : 2 = 0.18599
  -- 2 : 3 = 0.0123529
  -- 2 : 4 = 0.214001
  -- 2 : 5 = 0.0246509
  -- 3 : 1 = 0.44809
  -- 3 : 2 = 0.0740783
  -- 3 : 3 = 0.145541
  -- 3 : 4 = 0.195629
  -- 3 : 5 = 0.0747071
  -- 4 : 1 = -0.0794309
  -- 4 : 2 = -0.131857
  -- 4 : 3 = -0.266112
  -- 4 : 4 = -0.0664745
  -- 4 : 5 = 0.216838
  -- 5 : 1 = 0.881241
  -- 5 : 2 = -0.202777
  -- 5 : 3 = 0.0113406
  -- 5 : 4 = 0.00341656
  -- 5 : 5 = 0.000852961
  -- 6 : 1 = 0.5
  -- 6 : 2 = 0.231106
  -- 6 : 3 = -0.216528
  -- 6 : 4 = 0.0851137
  -- 6 : 5 = -0.0647525
  Inner Net 2
  -- 1 : 1 = 0.51306
  -- 1 : 2 = -0.20599
  -- 2 : 1 = -0.353053
  -- 2 : 2 = -0.100382
  -- 3 : 1 = -0.513154
  -- 3 : 2 = -0.0325176
  -- 4 : 1 = -0.348608
  -- 4 : 2 = 0.220326
  -- 5 : 1 = -0.0153739
  -- 5 : 2 = -0.678511
Out\Act	False		True
False	0.835792	0.00618753	0.84198
True	0.140885	0.0171347	0.15802
	0.976678	0.0233222
	Accuracy [ (tp + tn) / testSize ]: 0.852927
	Precision [ tp / (tp + fp) ]:      0.72
	Sensitivity [ tp / (tp + fn) ]:    0.108108
	Specificity [ tn / (tn + fp) ]:    0.99209
	F-Score [ 2tp / (2tp + fp + fn) ]: 0.188482
Particle (13):: Fit: 163.467	PB: 163.467	LB: 1764.01	GB: 17853.9	Cor: 0	Pts: 141375
Particle (16):: Fit: 164.987	PB: 164.987	LB: 1764.01	GB: 17853.9	Cor: 0	Pts: 275877
Particle (38):: Fit: 1764.03	PB: 1764.03	LB: 1764.03	GB: 17853.9	Cor: 0	Pts: 125778
Particle (47):: Fit: 155.052	PB: 155.052	LB: 17277.6	GB: 17853.9	Cor: 0	Pts: 50974
Particle (4):: Fit: 17.1835	PB: 17.1835	LB: 17277.6	GB: 17853.9	Cor: 0	Pts: 60774
Particle (22):: Fit: 17.2019	PB: 17.2019	LB: 17853.9	GB: 17853.9	Cor: 0	Pts: 60977
Particle (28):: Fit: 165.804	PB: 165.804	LB: 17853.9	GB: 17853.9	Cor: 0	Pts: 56072
Particle (48):: Fit: 170.798	PB: 170.798	LB: 17277.6	GB: 17853.9	Cor: 0	Pts: 130573
Particle (33):: Fit: 17584	PB: 17584	LB: 17584	GB: 17853.9	Cor: 0	Pts: 95672
Particle (14):: Fit: 163.81	PB: 163.81	LB: 1764.01	GB: 17853.9	Cor: 0	Pts: 65870
Particle (40):: Fit: 1712.46	PB: 1712.46	LB: 1764.03	GB: 17853.9	Cor: 0	Pts: 235673
Particle (31):: Fit: 144.577	PB: 144.577	LB: 17584	GB: 17853.9	Cor: 0	Pts: 170370
Particle (45):: Fit: 167.842	PB: 167.842	LB: 17277.6	GB: 17853.9	Cor: 0	Pts: 160172
Particle (17):: Fit: 144.859	PB: 144.859	LB: 1764.01	GB: 17853.9	Cor: 0	Pts: 125567
Particle (19):: Fit: 167.018	PB: 167.018	LB: 16947.7	GB: 17853.9	Cor: 0	Pts: 75765
Particle (5):: Fit: 15.0333	PB: 15.0333	LB: 177.832	GB: 17853.9	Cor: 0	Pts: 135763
Particle (47):: Fit: 1709.76	PB: 1709.76	LB: 17277.6	GB: 17853.9	Cor: 0	Pts: 51064
Particle (13):: Fit: 1715.76	PB: 1715.76	LB: 1764.01	GB: 17853.9	Cor: 0	Pts: 166465
Particle (17):: Fit: 164.923	PB: 164.923	LB: 1764.01	GB: 17853.9	Cor: 0	Pts: 125665
Particle (28):: Fit: 1759.71	PB: 1759.71	LB: 17853.9	GB: 17853.9	Cor: 0	Pts: 56165
Particle (15):: Fit: 161.992	PB: 161.992	LB: 1764.01	GB: 17853.9	Cor: 0	Pts: 65962
Particle (42):: Fit: 17.7843	PB: 17.7843	LB: 1764.03	GB: 17853.9	Cor: 0	Pts: 51263
Particle (37):: Fit: 18.0747	PB: 18.0747	LB: 17584	GB: 17853.9	Cor: 0	Pts: 56163
Particle (44):: Fit: 1717.13	PB: 1717.13	LB: 1717.13	GB: 17853.9	Cor: 0	Pts: 60864
Particle (20):: Fit: 1760.02	PB: 1760.02	LB: 16947.7	GB: 17853.9	Cor: 0	Pts: 190961
Particle (36):: Fit: 1767.97	PB: 1767.97	LB: 17584	GB: 17853.9	Cor: 0	Pts: 86060
Particle (39):: Fit: 1707.55	PB: 1707.55	LB: 1767.97	GB: 17853.9	Cor: 0	Pts: 55359
Particle (12):: Fit: 1723.94	PB: 1723.94	LB: 1723.94	GB: 17853.9	Cor: 0	Pts: 85860
Particle (23):: Fit: 177.702	PB: 177.702	LB: 17853.9	GB: 17853.9	Cor: 0	Pts: 55856
Particle (4):: Fit: 160.221	PB: 160.221	LB: 17277.6	GB: 17853.9	Cor: 0	Pts: 60856
Particle (11):: Fit: 1760.09	PB: 1760.09	LB: 1760.09	GB: 17853.9	Cor: 0	Pts: 170753
Particle (20):: Fit: 17887.2	PB: 17887.2	LB: 17887.2	GB: 17887.2	Cor: 0.876	Pts: 251057
Particle (46):: Fit: 158.328	PB: 158.328	LB: 17277.6	GB: 17887.2	Cor: 0.876	Pts: 50852
Global: 17887.2 - Correct: 87.6% of 500 tests
Global Best: 
  Inner Net 1
  -- 1 : 1 = -0.767331
  -- 1 : 2 = 0.318612
  -- 1 : 3 = 0.23518
  -- 1 : 4 = -0.264477
  -- 1 : 5 = 0.443485
  -- 2 : 1 = 0.495527
  -- 2 : 2 = -0.0349552
  -- 2 : 3 = 0.203281
  -- 2 : 4 = 0.0562092
  -- 2 : 5 = 0.015746
  -- 3 : 1 = 0.581234
  -- 3 : 2 = 0.0245744
  -- 3 : 3 = -0.044108
  -- 3 : 4 = 0.0925949
  -- 3 : 5 = -0.00609956
  -- 4 : 1 = -0.251028
  -- 4 : 2 = 0.299237
  -- 4 : 3 = -0.291061
  -- 4 : 4 = 0.178652
  -- 4 : 5 = -0.0604023
  -- 5 : 1 = 0.713638
  -- 5 : 2 = -0.0885549
  -- 5 : 3 = -0.185518
  -- 5 : 4 = 0.0724906
  -- 5 : 5 = 0.0287058
  -- 6 : 1 = 0.191159
  -- 6 : 2 = 0.0958907
  -- 6 : 3 = 0.0514359
  -- 6 : 4 = 0.0211556
  -- 6 : 5 = -0.207564
  Inner Net 2
  -- 1 : 1 = -0.454059
  -- 1 : 2 = -0.136733
  -- 2 : 1 = -0.0410968
  -- 2 : 2 = -0.171738
  -- 3 : 1 = -0.414097
  -- 3 : 2 = -0.106287
  -- 4 : 1 = -0.216345
  -- 4 : 2 = 0.0406601
  -- 5 : 1 = 0.514198
  -- 5 : 2 = -0.175496
Out\Act	False		True
False	0.831985	0.00999524	0.84198
True	0.136602	0.0214184	0.15802
	0.968586	0.0314136
	Accuracy [ (tp + tn) / testSize ]: 0.853403
	Precision [ tp / (tp + fp) ]:      0.671642
	Sensitivity [ tp / (tp + fn) ]:    0.135135
	Specificity [ tn / (tn + fp) ]:    0.987571
	F-Score [ 2tp / (2tp + fp + fn) ]: 0.225564
Particle (31):: Fit: 163.698	PB: 163.698	LB: 17584	GB: 17887.2	Cor: 0	Pts: 170456
Particle (5):: Fit: 17.0632	PB: 17.0632	LB: 177.832	GB: 17887.2	Cor: 0	Pts: 135851
Particle (37):: Fit: 18.2349	PB: 18.2349	LB: 17584	GB: 17887.2	Cor: 0	Pts: 56255
Particle (46):: Fit: 160.356	PB: 160.356	LB: 17277.6	GB: 17887.2	Cor: 0	Pts: 50949
Particle (15):: Fit: 1715.82	PB: 1715.82	LB: 17887.2	GB: 17887.2	Cor: 0	Pts: 66051
Particle (27):: Fit: 18438.5	PB: 18438.5	LB: 18438.5	GB: 18438.5	Cor: 0.898	Pts: 205150
Global: 18438.5 - Correct: 89.8% of 500 tests
Global Best: 
  Inner Net 1
  -- 1 : 1 = 0.273105
  -- 1 : 2 = -0.165029
  -- 1 : 3 = -0.0424629
  -- 1 : 4 = 0.037992
  -- 1 : 5 = -0.0721903
  -- 2 : 1 = 0.698675
  -- 2 : 2 = 0.0801286
  -- 2 : 3 = 0.0285167
  -- 2 : 4 = 0.503663
  -- 2 : 5 = 0.521295
  -- 3 : 1 = 0.74216
  -- 3 : 2 = 0.054447
  -- 3 : 3 = 0.069015
  -- 3 : 4 = -0.0157336
  -- 3 : 5 = 0.870663
  -- 4 : 1 = 0.376221
  -- 4 : 2 = 0.772675
  -- 4 : 3 = 0.113727
  -- 4 : 4 = 0.702409
  -- 4 : 5 = 0.168749
  -- 5 : 1 = 0
  -- 5 : 2 = 0.0525168
  -- 5 : 3 = 0.568864
  -- 5 : 4 = 0.271969
  -- 5 : 5 = 0.153191
  -- 6 : 1 = 0.531326
  -- 6 : 2 = 0.595693
  -- 6 : 3 = 0.480976
  -- 6 : 4 = 0.314881
  -- 6 : 5 = 0.203464
  Inner Net 2
  -- 1 : 1 = 0.289382
  -- 1 : 2 = -0.37055
  -- 2 : 1 = -0.114801
  -- 2 : 2 = -0.023686
  -- 3 : 1 = -0.0761415
  -- 3 : 2 = 0.335997
  -- 4 : 1 = -0.155162
  -- 4 : 2 = 0.00428655
  -- 5 : 1 = -0.192861
  -- 5 : 2 = -0.410543
Out\Act	False		True
False	0.834365	0.00761542	0.84198
True	0.139457	0.0185626	0.15802
	0.973822	0.026178
	Accuracy [ (tp + tn) / testSize ]: 0.852927
	Precision [ tp / (tp + fp) ]:      0.696429
	Sensitivity [ tp / (tp + fn) ]:    0.117117
	Specificity [ tn / (tn + fp) ]:    0.990395
	F-Score [ 2tp / (2tp + fp + fn) ]: 0.201031
Particle (5):: Fit: 154.738	PB: 154.738	LB: 177.832	GB: 18438.5	Cor: 0	Pts: 135947
Particle (3):: Fit: 1673.48	PB: 1673.48	LB: 17277.6	GB: 18438.5	Cor: 0	Pts: 90551
Particle (42):: Fit: 175.616	PB: 175.616	LB: 1764.03	GB: 18438.5	Cor: 0	Pts: 51349
Particle (49):: Fit: 171.108	PB: 171.108	LB: 17277.6	GB: 18438.5	Cor: 0	Pts: 115851
Particle (17):: Fit: 1812.86	PB: 1812.86	LB: 17887.2	GB: 18438.5	Cor: 0	Pts: 140746
Particle (22):: Fit: 17.3973	PB: 17.3973	LB: 18438.5	GB: 18438.5	Cor: 0	Pts: 61051
Particle (31):: Fit: 164.544	PB: 164.544	LB: 18438.5	GB: 18438.5	Cor: 0	Pts: 170549
Particle (49):: Fit: 1761.58	PB: 1761.58	LB: 17277.6	GB: 18438.5	Cor: 0	Pts: 120950
Particle (2):: Fit: 1647.68	PB: 1647.68	LB: 17277.6	GB: 18438.5	Cor: 0	Pts: 65643
Particle (6):: Fit: 1683.52	PB: 1683.52	LB: 1760.09	GB: 18438.5	Cor: 0	Pts: 100744
Particle (4):: Fit: 161.456	PB: 161.456	LB: 17277.6	GB: 18438.5	Cor: 0	Pts: 60944
Particle (10):: Fit: 173.305	PB: 173.305	LB: 1760.09	GB: 18438.5	Cor: 0	Pts: 400743
Particle (4):: Fit: 1752.05	PB: 1752.05	LB: 17277.6	GB: 18438.5	Cor: 0	Pts: 66039
Particle (30):: Fit: 158.098	PB: 158.098	LB: 18438.5	GB: 18438.5	Cor: 0	Pts: 100841
Particle (21):: Fit: 1749.61	PB: 1749.61	LB: 17887.2	GB: 18438.5	Cor: 0	Pts: 115537
Particle (39):: Fit: 17683.8	PB: 17683.8	LB: 17683.8	GB: 18438.5	Cor: 0	Pts: 105436
Particle (22):: Fit: 159.669	PB: 159.669	LB: 18438.5	GB: 18438.5	Cor: 0	Pts: 61140
Particle (16):: Fit: 165.414	PB: 165.414	LB: 17887.2	GB: 18438.5	Cor: 0	Pts: 275936
Particle (48):: Fit: 1723.62	PB: 1723.62	LB: 17277.6	GB: 18438.5	Cor: 0	Pts: 130636
Particle (19):: Fit: 176.852	PB: 176.852	LB: 17887.2	GB: 18438.5	Cor: 0	Pts: 75827
Particle (41):: Fit: 1731.81	PB: 1731.81	LB: 17683.8	GB: 18438.5	Cor: 0	Pts: 51230
Particle (43):: Fit: 1744.04	PB: 1744.04	LB: 17683.8	GB: 18438.5	Cor: 0	Pts: 51626
Particle (42):: Fit: 1727.64	PB: 1727.64	LB: 17683.8	GB: 18438.5	Cor: 0	Pts: 51426
Particle (13):: Fit: 1784.08	PB: 1784.08	LB: 1812.86	GB: 18438.5	Cor: 0	Pts: 186524
Particle (3):: Fit: 17515	PB: 17515	LB: 17515	GB: 18438.5	Cor: 0	Pts: 140622
Particle (4):: Fit: 17414.1	PB: 17414.1	LB: 17515	GB: 18438.5	Cor: 0	Pts: 71120
Particle (44):: Fit: 1720.54	PB: 1720.54	LB: 1761.58	GB: 18438.5	Cor: 0	Pts: 60922
Particle (1):: Fit: 1727.18	PB: 1727.18	LB: 17515	GB: 18438.5	Cor: 0	Pts: 180521
Particle (32):: Fit: 1732.56	PB: 1732.56	LB: 17584	GB: 18438.5	Cor: 0	Pts: 80312
Particle (18):: Fit: 17576.1	PB: 17576.1	LB: 17887.2	GB: 18438.5	Cor: 0	Pts: 96011
Particle (34):: Fit: 174.434	PB: 174.434	LB: 17683.8	GB: 18438.5	Cor: 0	Pts: 90705
Particle (29):: Fit: 1745.64	PB: 1745.64	LB: 18438.5	GB: 18438.5	Cor: 0	Pts: 60808
Particle (5):: Fit: 159.684	PB: 159.684	LB: 17515	GB: 18438.5	Cor: 0	Pts: 136001
Particle (35):: Fit: 17529.1	PB: 17529.1	LB: 17683.8	GB: 18438.5	Cor: 0	Pts: 105503
Particle (22):: Fit: 174.462	PB: 174.462	LB: 18438.5	GB: 18438.5	Cor: 0	Pts: 61204
Particle (34):: Fit: 1688.08	PB: 1688.08	LB: 17683.8	GB: 18438.5	Cor: 0	Pts: 90799
Particle (16):: Fit: 1716.53	PB: 1716.53	LB: 17887.2	GB: 18438.5	Cor: 0	Pts: 275997
Particle (7):: Fit: 1700.5	PB: 1700.5	LB: 17515	GB: 18438.5	Cor: 0	Pts: 76095
Particle (45):: Fit: 1703.75	PB: 1703.75	LB: 17277.6	GB: 18438.5	Cor: 0	Pts: 160194
Particle (5):: Fit: 168.903	PB: 168.903	LB: 17515	GB: 18438.5	Cor: 0	Pts: 136082
Particle (14):: Fit: 1747.81	PB: 1747.81	LB: 17576.1	GB: 18438.5	Cor: 0	Pts: 65887
Particle (42):: Fit: 1727.81	PB: 1727.81	LB: 17683.8	GB: 18438.5	Cor: 0	Pts: 51488
Particle (2):: Fit: 1703.96	PB: 1703.96	LB: 17515	GB: 18438.5	Cor: 0	Pts: 65683
Particle (46):: Fit: 1767.87	PB: 1767.87	LB: 17277.6	GB: 18438.5	Cor: 0	Pts: 55979
Particle (9):: Fit: 164.045	PB: 164.045	LB: 1784.08	GB: 18438.5	Cor: 0	Pts: 55476
Particle (12):: Fit: 1755.85	PB: 1755.85	LB: 1812.86	GB: 18438.5	Cor: 0	Pts: 85878
Particle (48):: Fit: 1746.47	PB: 1746.47	LB: 17515	GB: 18438.5	Cor: 0	Pts: 130682
Particle (47):: Fit: 17213.4	PB: 17213.4	LB: 17277.6	GB: 18438.5	Cor: 0	Pts: 56075
Particle (8):: Fit: 1659.7	PB: 1659.7	LB: 17414.1	GB: 18438.5	Cor: 0	Pts: 65479
Particle (24):: Fit: 17501.5	PB: 17501.5	LB: 18438.5	GB: 18438.5	Cor: 0	Pts: 120477
Particle (31):: Fit: 1737.4	PB: 1737.4	LB: 18438.5	GB: 18438.5	Cor: 0	Pts: 170575
Particle (22):: Fit: 1715.93	PB: 1715.93	LB: 18438.5	GB: 18438.5	Cor: 0	Pts: 61278
Particle (6):: Fit: 1719.78	PB: 1719.78	LB: 17515	GB: 18438.5	Cor: 0	Pts: 100770
Particle (19):: Fit: 1700.86	PB: 1700.86	LB: 17887.2	GB: 18438.5	Cor: 0	Pts: 75870
Particle (48):: Fit: 17116.7	PB: 17116.7	LB: 17515	GB: 18438.5	Cor: 0	Pts: 130770
Particle (19):: Fit: 1701.48	PB: 1701.48	LB: 17887.2	GB: 18438.5	Cor: 0	Pts: 75967
Particle (24):: Fit: 17529.3	PB: 17529.3	LB: 18438.5	GB: 18438.5	Cor: 0	Pts: 120566
Particle (6):: Fit: 1753.64	PB: 1753.64	LB: 17515	GB: 18438.5	Cor: 0	Pts: 100862
Particle (33):: Fit: 17775.8	PB: 17775.8	LB: 17775.8	GB: 18438.5	Cor: 0	Pts: 125663
Particle (15):: Fit: 1739.63	PB: 1739.63	LB: 17887.2	GB: 18438.5	Cor: 0	Pts: 66062
Particle (31):: Fit: 1757.58	PB: 1757.58	LB: 18438.5	GB: 18438.5	Cor: 0	Pts: 170660
Particle (19):: Fit: 17688.6	PB: 17688.6	LB: 17887.2	GB: 18438.5	Cor: 0	Pts: 81056
Particle (10):: Fit: 1701.88	PB: 1701.88	LB: 1784.08	GB: 18438.5	Cor: 0	Pts: 400755
Particle (30):: Fit: 168.893	PB: 168.893	LB: 18438.5	GB: 18438.5	Cor: 0	Pts: 100852
Particle (30):: Fit: 1776.12	PB: 1776.12	LB: 18438.5	GB: 18438.5	Cor: 0	Pts: 100945
Particle (10):: Fit: 1764.02	PB: 1764.02	LB: 1784.08	GB: 18438.5	Cor: 0	Pts: 400843
Particle (13):: Fit: 1784.65	PB: 1784.65	LB: 17576.1	GB: 18438.5	Cor: 0	Pts: 201539
Particle (2):: Fit: 1748.25	PB: 1748.25	LB: 17515	GB: 18438.5	Cor: 0	Pts: 65730
Particle (2):: Fit: 17301.8	PB: 17301.8	LB: 17515	GB: 18438.5	Cor: 0	Pts: 70829
Particle (14):: Fit: 17589.4	PB: 17589.4	LB: 17688.6	GB: 18438.5	Cor: 0	Pts: 90930
Particle (5):: Fit: 17262.2	PB: 17262.2	LB: 17515	GB: 18438.5	Cor: 0	Pts: 136120
Particle (45):: Fit: 1739.79	PB: 1739.79	LB: 17277.6	GB: 18438.5	Cor: 0	Pts: 160231
Particle (16):: Fit: 1780.66	PB: 1780.66	LB: 17887.2	GB: 18438.5	Cor: 0	Pts: 276027
Particle (11):: Fit: 16965.9	PB: 16965.9	LB: 17589.4	GB: 18438.5	Cor: 0	Pts: 170719
Particle (23):: Fit: 1789.43	PB: 1789.43	LB: 18438.5	GB: 18438.5	Cor: 0	Pts: 55813
Particle (11):: Fit: 17033.3	PB: 17033.3	LB: 17589.4	GB: 18438.5	Cor: 0	Pts: 170806
Particle (25):: Fit: 1687.75	PB: 1687.75	LB: 18438.5	GB: 18438.5	Cor: 0	Pts: 55505
Particle (42):: Fit: 1745.98	PB: 1745.98	LB: 17683.8	GB: 18438.5	Cor: 0	Pts: 51504
Particle (1):: Fit: 1749.96	PB: 1749.96	LB: 17515	GB: 18438.5	Cor: 0	Pts: 180500
Particle (22):: Fit: 1765.46	PB: 1765.46	LB: 18438.5	GB: 18438.5	Cor: 0	Pts: 61299
Particle (37):: Fit: 1739.72	PB: 1739.72	LB: 17775.8	GB: 18438.5	Cor: 0	Pts: 56197
Particle (32):: Fit: 1744.36	PB: 1744.36	LB: 17775.8	GB: 18438.5	Cor: 0	Pts: 80281
Particle (12):: Fit: 1759.86	PB: 1759.86	LB: 17589.4	GB: 18438.5	Cor: 0	Pts: 85863
Particle (34):: Fit: 1744.04	PB: 1744.04	LB: 17775.8	GB: 18438.5	Cor: 0	Pts: 90773
Particle (22):: Fit: 1772.11	PB: 1772.11	LB: 18438.5	GB: 18438.5	Cor: 0	Pts: 61376
Particle (9):: Fit: 1728.53	PB: 1728.53	LB: 17589.4	GB: 18438.5	Cor: 0	Pts: 55447
Particle (2):: Fit: 17421.8	PB: 17421.8	LB: 17515	GB: 18438.5	Cor: 0	Pts: 75861
Particle (1):: Fit: 1778.48	PB: 1778.48	LB: 17515	GB: 18438.5	Cor: 0	Pts: 180564
Particle (34):: Fit: 1745.83	PB: 1745.83	LB: 17775.8	GB: 18438.5	Cor: 0	Pts: 90855
Particle (18):: Fit: 17728.6	PB: 17728.6	LB: 17887.2	GB: 18438.5	Cor: 0	Pts: 105950
Particle (7):: Fit: 1739.7	PB: 1739.7	LB: 17515	GB: 18438.5	Cor: 0	Pts: 76055
Particle (43):: Fit: 1764.62	PB: 1764.62	LB: 17683.8	GB: 18438.5	Cor: 0	Pts: 51537
Particle (44):: Fit: 17636.1	PB: 17636.1	LB: 17636.1	GB: 18438.5	Cor: 0	Pts: 85833
Particle (8):: Fit: 1719.8	PB: 1719.8	LB: 17414.1	GB: 18438.5	Cor: 0	Pts: 65428
Particle (49):: Fit: 17278.9	PB: 17278.9	LB: 17515	GB: 18438.5	Cor: 0	Pts: 120830
Particle (12):: Fit: 16904.6	PB: 16904.6	LB: 17589.4	GB: 18438.5	Cor: 0	Pts: 85908
Particle (34):: Fit: 17340.9	PB: 17340.9	LB: 17775.8	GB: 18438.5	Cor: 0	Pts: 90902
Particle (24):: Fit: 17869.2	PB: 17869.2	LB: 18438.5	GB: 18438.5	Cor: 0	Pts: 120495
Particle (42):: Fit: 17736	PB: 17736	LB: 17736	GB: 18438.5	Cor: 0	Pts: 96503
Particle (7):: Fit: 1755.85	PB: 1755.85	LB: 17515	GB: 18438.5	Cor: 0	Pts: 76106
Particle (11):: Fit: 17300.8	PB: 17300.8	LB: 17589.4	GB: 18438.5	Cor: 0	Pts: 170799
Particle (15):: Fit: 1748.07	PB: 1748.07	LB: 17887.2	GB: 18438.5	Cor: 0	Pts: 65987
Particle (4):: Fit: 17650	PB: 17650	LB: 17650	GB: 18438.5	Cor: 0	Pts: 120973
Particle (8):: Fit: 1775.89	PB: 1775.89	LB: 17650	GB: 18438.5	Cor: 0	Pts: 65466
Particle (1):: Fit: 17620	PB: 17620	LB: 17650	GB: 18438.5	Cor: 0	Pts: 180563
Particle (9):: Fit: 17548.1	PB: 17548.1	LB: 17589.4	GB: 18438.5	Cor: 0	Pts: 55434
Particle (32):: Fit: 1774.45	PB: 1774.45	LB: 17775.8	GB: 18438.5	Cor: 0	Pts: 80218
Particle (34):: Fit: 17615.3	PB: 17615.3	LB: 17775.8	GB: 18438.5	Cor: 0	Pts: 90914
Particle (17):: Fit: 17355.6	PB: 17355.6	LB: 17887.2	GB: 18438.5	Cor: 0	Pts: 140483
Particle (43):: Fit: 1803.07	PB: 1803.07	LB: 17736	GB: 18438.5	Cor: 0	Pts: 51487
Particle (22):: Fit: 17719.3	PB: 17719.3	LB: 18438.5	GB: 18438.5	Cor: 0	Pts: 61275
Particle (10):: Fit: 17222.3	PB: 17222.3	LB: 17589.4	GB: 18438.5	Cor: 0	Pts: 400662
Particle (5):: Fit: 17919.8	PB: 17919.8	LB: 17919.8	GB: 18438.5	Cor: 0	Pts: 185952
Particle (31):: Fit: 17181	PB: 17181	LB: 18438.5	GB: 18438.5	Cor: 0	Pts: 170449
Particle (25):: Fit: 1764.43	PB: 1764.43	LB: 18438.5	GB: 18438.5	Cor: 0	Pts: 55358
Particle (15):: Fit: 1763.66	PB: 1763.66	LB: 17887.2	GB: 18438.5	Cor: 0	Pts: 65945
Particle (16):: Fit: 1783.01	PB: 1783.01	LB: 17887.2	GB: 18438.5	Cor: 0	Pts: 275847
Particle (40):: Fit: 1747.98	PB: 1747.98	LB: 17736	GB: 18438.5	Cor: 0	Pts: 235339
Particle (29):: Fit: 17520.7	PB: 17520.7	LB: 18438.5	GB: 18438.5	Cor: 0	Pts: 60502
Particle (3):: Fit: 17759.3	PB: 17759.3	LB: 17919.8	GB: 18438.5	Cor: 0	Pts: 150308
Particle (11):: Fit: 17664	PB: 17664	LB: 17664	GB: 18438.5	Cor: 0	Pts: 185703
Particle (18):: Fit: 18176.4	PB: 18176.4	LB: 18176.4	GB: 18438.5	Cor: 0	Pts: 150800
Particle (32):: Fit: 1807.95	PB: 1807.95	LB: 17775.8	GB: 18438.5	Cor: 0	Pts: 80180
Particle (8):: Fit: 17349.5	PB: 17349.5	LB: 17919.8	GB: 18438.5	Cor: 0	Pts: 65375
Particle (32):: Fit: 17276.6	PB: 17276.6	LB: 17775.8	GB: 18438.5	Cor: 0	Pts: 80271
Particle (41):: Fit: 1735.82	PB: 1735.82	LB: 17736	GB: 18438.5	Cor: 0	Pts: 50859
Particle (15):: Fit: 17412.3	PB: 17412.3	LB: 18176.4	GB: 18438.5	Cor: 0	Pts: 65925
Particle (6):: Fit: 1774.52	PB: 1774.52	LB: 17919.8	GB: 18438.5	Cor: 0	Pts: 100493
Particle (21):: Fit: 1800.1	PB: 1800.1	LB: 18176.4	GB: 18438.5	Cor: 0	Pts: 115092
Particle (40):: Fit: 1800.17	PB: 1800.17	LB: 17736	GB: 18438.5	Cor: 0	Pts: 235297
Particle (46):: Fit: 17535.4	PB: 17535.4	LB: 17736	GB: 18438.5	Cor: 0	Pts: 55581
Particle (10):: Fit: 17502.4	PB: 17502.4	LB: 17664	GB: 18438.5	Cor: 0	Pts: 400558
Particle (16):: Fit: 1819.97	PB: 1819.97	LB: 18176.4	GB: 18438.5	Cor: 0	Pts: 275760
Particle (7):: Fit: 1787.79	PB: 1787.79	LB: 17919.8	GB: 18438.5	Cor: 0	Pts: 75849
Particle (28):: Fit: 1791.11	PB: 1791.11	LB: 18438.5	GB: 18438.5	Cor: 0	Pts: 55637
Particle (38):: Fit: 1768.11	PB: 1768.11	LB: 17736	GB: 18438.5	Cor: 0	Pts: 125231
Particle (1):: Fit: 17805.4	PB: 17805.4	LB: 17919.8	GB: 18438.5	Cor: 0	Pts: 200317
Particle (11):: Fit: 17723.4	PB: 17723.4	LB: 17723.4	GB: 18438.5	Cor: 0	Pts: 200609
Particle (38):: Fit: 1776.89	PB: 1776.89	LB: 17736	GB: 18438.5	Cor: 0	Pts: 125280
Particle (38):: Fit: 17853	PB: 17853	LB: 17853	GB: 18438.5	Cor: 0	Pts: 175363
Particle (16):: Fit: 17297.4	PB: 17297.4	LB: 18176.4	GB: 18438.5	Cor: 0	Pts: 275699
Particle (32):: Fit: 17569.6	PB: 17569.6	LB: 17775.8	GB: 18438.5	Cor: 0	Pts: 80078
Particle (36):: Fit: 1791.61	PB: 1791.61	LB: 17853	GB: 18438.5	Cor: 0	Pts: 85352
Particle (48):: Fit: 17968.7	PB: 17968.7	LB: 17968.7	GB: 18438.5	Cor: 0	Pts: 180143
Particle (8):: Fit: 17454.8	PB: 17454.8	LB: 17919.8	GB: 18438.5	Cor: 0	Pts: 65125
Particle (29):: Fit: 17661.3	PB: 17661.3	LB: 18438.5	GB: 18438.5	Cor: 0	Pts: 60201
Particle (1):: Fit: 17839.5	PB: 17839.5	LB: 17968.7	GB: 18438.5	Cor: 0	Pts: 200224
Particle (23):: Fit: 17283.3	PB: 17283.3	LB: 18438.5	GB: 18438.5	Cor: 0	Pts: 55172
Particle (28):: Fit: 17265.8	PB: 17265.8	LB: 18438.5	GB: 18438.5	Cor: 0	Pts: 55495
Particle (28):: Fit: 17438.4	PB: 17438.4	LB: 18438.5	GB: 18438.5	Cor: 0	Pts: 55592
Particle (16):: Fit: 17628.7	PB: 17628.7	LB: 18176.4	GB: 18438.5	Cor: 0	Pts: 275684
Particle (35):: Fit: 17598.9	PB: 17598.9	LB: 17853	GB: 18438.5	Cor: 0	Pts: 104778
Particle (10):: Fit: 17607.2	PB: 17607.2	LB: 17723.4	GB: 18438.5	Cor: 0	Pts: 400345
Particle (23):: Fit: 17429.5	PB: 17429.5	LB: 18438.5	GB: 18438.5	Cor: 0	Pts: 55199
Particle (17):: Fit: 17379.9	PB: 17379.9	LB: 18176.4	GB: 18438.5	Cor: 0	Pts: 140023
Particle (7):: Fit: 17897.8	PB: 17897.8	LB: 17919.8	GB: 18438.5	Cor: 0	Pts: 85610
Particle (45):: Fit: 1739.82	PB: 1739.82	LB: 17968.7	GB: 18438.5	Cor: 0	Pts: 159489
Particle (49):: Fit: 17823	PB: 17823	LB: 17968.7	GB: 18438.5	Cor: 0	Pts: 120173
Particle (19):: Fit: 17750.4	PB: 17750.4	LB: 18176.4	GB: 18438.5	Cor: 0	Pts: 80249
Particle (36):: Fit: 1796.1	PB: 1796.1	LB: 17853	GB: 18438.5	Cor: 0	Pts: 85263
Particle (28):: Fit: 17604.6	PB: 17604.6	LB: 18438.5	GB: 18438.5	Cor: 0	Pts: 55567
Particle (32):: Fit: 17770.9	PB: 17770.9	LB: 17775.8	GB: 18438.5	Cor: 0	Pts: 79921
Particle (37):: Fit: 1747.79	PB: 1747.79	LB: 17853	GB: 18438.5	Cor: 0	Pts: 55442
Particle (17):: Fit: 18285.8	PB: 18285.8	LB: 18285.8	GB: 18438.5	Cor: 0	Pts: 190012
Particle (25):: Fit: 1779.71	PB: 1779.71	LB: 18438.5	GB: 18438.5	Cor: 0	Pts: 54824
Particle (45):: Fit: 1767.85	PB: 1767.85	LB: 17968.7	GB: 18438.5	Cor: 0	Pts: 159500
Particle (0):: Fit: 17837	PB: 17837	LB: 17968.7	GB: 18438.5	Cor: 0	Pts: 229851
Particle (23):: Fit: 17452.5	PB: 17452.5	LB: 18438.5	GB: 18438.5	Cor: 0	Pts: 55113
Particle (21):: Fit: 17672.1	PB: 17672.1	LB: 18285.8	GB: 18438.5	Cor: 0	Pts: 114631
Particle (45):: Fit: 1772.07	PB: 1772.07	LB: 17968.7	GB: 18438.5	Cor: 0	Pts: 159518
Particle (6):: Fit: 17460.8	PB: 17460.8	LB: 17919.8	GB: 18438.5	Cor: 0	Pts: 99946
Particle (32):: Fit: 17903.5	PB: 17903.5	LB: 17903.5	GB: 18438.5	Cor: 0	Pts: 104866
Particle (47):: Fit: 17260.8	PB: 17260.8	LB: 17968.7	GB: 18438.5	Cor: 0	Pts: 55051
Particle (34):: Fit: 18111.2	PB: 18111.2	LB: 18111.2	GB: 18438.5	Cor: 0	Pts: 125134
Particle (37):: Fit: 1763.81	PB: 1763.81	LB: 18111.2	GB: 18438.5	Cor: 0	Pts: 55336
Particle (29):: Fit: 17766.7	PB: 17766.7	LB: 18438.5	GB: 18438.5	Cor: 0	Pts: 59895
Particle (49):: Fit: 18175.7	PB: 18175.7	LB: 18175.7	GB: 18438.5	Cor: 0	Pts: 170017
Particle (24):: Fit: 17955.3	PB: 17955.3	LB: 18438.5	GB: 18438.5	Cor: 0	Pts: 119557
Particle (38):: Fit: 18070.6	PB: 18070.6	LB: 18111.2	GB: 18438.5	Cor: 0	Pts: 194891
Particle (15):: Fit: 17426.7	PB: 17426.7	LB: 18285.8	GB: 18438.5	Cor: 0	Pts: 65246
Particle (41):: Fit: 1746.63	PB: 1746.63	LB: 18070.6	GB: 18438.5	Cor: 0	Pts: 50102
Particle (19):: Fit: 17862.7	PB: 17862.7	LB: 18285.8	GB: 18438.5	Cor: 0	Pts: 79958
Particle (10):: Fit: 17856.4	PB: 17856.4	LB: 17897.8	GB: 18438.5	Cor: 0	Pts: 399951
Particle (3):: Fit: 17769	PB: 17769	LB: 18175.7	GB: 18438.5	Cor: 0	Pts: 149464
Particle (40):: Fit: 17317.1	PB: 17317.1	LB: 18070.6	GB: 18438.5	Cor: 0	Pts: 234572
Particle (35):: Fit: 17823.9	PB: 17823.9	LB: 18111.2	GB: 18438.5	Cor: 0	Pts: 104340
Particle (13):: Fit: 1795.83	PB: 1795.83	LB: 18285.8	GB: 18438.5	Cor: 0	Pts: 200256
Particle (22):: Fit: 17937.6	PB: 17937.6	LB: 18438.5	GB: 18438.5	Cor: 0	Pts: 60219
Particle (20):: Fit: 18052.3	PB: 18052.3	LB: 18285.8	GB: 18438.5	Cor: 0	Pts: 249547
Particle (15):: Fit: 17871.3	PB: 17871.3	LB: 18285.8	GB: 18438.5	Cor: 0	Pts: 65032
Particle (46):: Fit: 17748.3	PB: 17748.3	LB: 18175.7	GB: 18438.5	Cor: 0	Pts: 54600
Particle (32):: Fit: 18089.2	PB: 18089.2	LB: 18111.2	GB: 18438.5	Cor: 0	Pts: 104475
Particle (11):: Fit: 17835.9	PB: 17835.9	LB: 17897.8	GB: 18438.5	Cor: 0	Pts: 199682
Particle (35):: Fit: 17845.8	PB: 17845.8	LB: 18111.2	GB: 18438.5	Cor: 0	Pts: 104147
Particle (2):: Fit: 17617.1	PB: 17617.1	LB: 18175.7	GB: 18438.5	Cor: 0	Pts: 74445
Particle (3):: Fit: 17793.1	PB: 17793.1	LB: 18175.7	GB: 18438.5	Cor: 0	Pts: 149233
Global Best: 
  Inner Net 1
  -- 1 : 1 = 0.273105
  -- 1 : 2 = -0.165029
  -- 1 : 3 = -0.0424629
  -- 1 : 4 = 0.037992
  -- 1 : 5 = -0.0721903
  -- 2 : 1 = 0.698675
  -- 2 : 2 = 0.0801286
  -- 2 : 3 = 0.0285167
  -- 2 : 4 = 0.503663
  -- 2 : 5 = 0.521295
  -- 3 : 1 = 0.74216
  -- 3 : 2 = 0.054447
  -- 3 : 3 = 0.069015
  -- 3 : 4 = -0.0157336
  -- 3 : 5 = 0.870663
  -- 4 : 1 = 0.376221
  -- 4 : 2 = 0.772675
  -- 4 : 3 = 0.113727
  -- 4 : 4 = 0.702409
  -- 4 : 5 = 0.168749
  -- 5 : 1 = 0
  -- 5 : 2 = 0.0525168
  -- 5 : 3 = 0.568864
  -- 5 : 4 = 0.271969
  -- 5 : 5 = 0.153191
  -- 6 : 1 = 0.531326
  -- 6 : 2 = 0.595693
  -- 6 : 3 = 0.480976
  -- 6 : 4 = 0.314881
  -- 6 : 5 = 0.203464
  Inner Net 2
  -- 1 : 1 = 0.289382
  -- 1 : 2 = -0.37055
  -- 2 : 1 = -0.114801
  -- 2 : 2 = -0.023686
  -- 3 : 1 = -0.0761415
  -- 3 : 2 = 0.335997
  -- 4 : 1 = -0.155162
  -- 4 : 2 = 0.00428655
  -- 5 : 1 = -0.192861
  -- 5 : 2 = -0.410543
Out\Act	False		True
False	0.834365	0.00761542	0.84198
True	0.139457	0.0185626	0.15802
	0.973822	0.026178
	Accuracy [ (tp + tn) / testSize ]: 0.852927
	Precision [ tp / (tp + fp) ]:      0.696429
	Sensitivity [ tp / (tp + fn) ]:    0.117117
	Specificity [ tn / (tn + fp) ]:    0.990395
	F-Score [ 2tp / (2tp + fp + fn) ]: 0.201031
