
Date / Time: Fri Mar 31 01:23:50 2017

   ****************************************
   * PSO Neural Net (Gaussian Activation) *
   *       by William Boler, BSCE         *
   *     Research Assistant, IUPUI        *
   *                                      *
   *  Professor: Dr. Lauren Christopher   *
   *     Created: March 13, 2017          *
   ****************************************


Inputs: 10
Inner Nets: 1
 - 9
Tests per train(min): 100
Particles: 50
Neighbors: 10
Minimum Particle Iterations: 1000
Particle (0):: Fit: 50.3602	PB: 50.3602	LB: 50.3602	GB: 50.3602	Conf: 2	Pts: 110099
Particle (1):: Fit: 51.5092	PB: 51.5092	LB: 51.5092	GB: 51.5092	Conf: 1.98684	Pts: 110099
Particle (2):: Fit: 48.0289	PB: 48.0289	LB: 51.5092	GB: 51.5092	Conf: 2	Pts: 55099
Particle (3):: Fit: 47.242	PB: 47.242	LB: 51.5092	GB: 51.5092	Conf: 2	Pts: 55099
Particle (4):: Fit: 49.5878	PB: 49.5878	LB: 51.5092	GB: 51.5092	Conf: 2	Pts: 65099
Particle (5):: Fit: 49.1999	PB: 49.1999	LB: 51.5092	GB: 51.5092	Conf: 2	Pts: 55099
Particle (6):: Fit: 47.242	PB: 47.242	LB: 49.5878	GB: 51.5092	Conf: 2	Pts: 55099
Particle (7):: Fit: 9.5037	PB: 9.5037	LB: 49.5878	GB: 51.5092	Conf: 0.710605	Pts: 55099
Particle (8):: Fit: 48.8108	PB: 48.8108	LB: 49.5878	GB: 51.5092	Conf: 2	Pts: 65099
Particle (9):: Fit: 45.6723	PB: 45.6723	LB: 49.1999	GB: 51.5092	Conf: 1.89836	Pts: 55099
Particle (10):: Fit: 93.2872	PB: 93.2872	LB: 93.2872	GB: 93.2872	Conf: 1.76283	Pts: 110099
Particle (11):: Fit: 50.7448	PB: 50.7448	LB: 93.2872	GB: 93.2872	Conf: 2	Pts: 55099
Particle (12):: Fit: 103.076	PB: 103.076	LB: 103.076	GB: 103.076	Conf: 1.24247	Pts: 110099
Particle (13):: Fit: 45.2508	PB: 45.2508	LB: 103.076	GB: 103.076	Conf: 2	Pts: 55099
Particle (14):: Fit: 105.513	PB: 105.513	LB: 105.513	GB: 105.513	Conf: 1.92216	Pts: 110099
Particle (15):: Fit: 108.465	PB: 108.465	LB: 108.465	GB: 108.465	Conf: 1.79762	Pts: 110099
Particle (16):: Fit: 89.1787	PB: 89.1787	LB: 108.465	GB: 108.465	Conf: 1.6169	Pts: 55099
Particle (17):: Fit: 42.1686	PB: 42.1686	LB: 108.465	GB: 108.465	Conf: 1.94163	Pts: 55099
Particle (18):: Fit: 49.5878	PB: 49.5878	LB: 108.465	GB: 108.465	Conf: 2	Pts: 60099
Particle (19):: Fit: 50.7448	PB: 50.7448	LB: 108.465	GB: 108.465	Conf: 2	Pts: 65099
Particle (20):: Fit: 51.1282	PB: 51.1282	LB: 89.1787	GB: 108.465	Conf: 2	Pts: 70099
Particle (21):: Fit: 47.9314	PB: 47.9314	LB: 51.1282	GB: 108.465	Conf: 1.9499	Pts: 55099
Particle (22):: Fit: 77.8379	PB: 77.8379	LB: 77.8379	GB: 108.465	Conf: 1.33347	Pts: 80099
Particle (23):: Fit: 49.5878	PB: 49.5878	LB: 77.8379	GB: 108.465	Conf: 2	Pts: 55099
Particle (24):: Fit: 73.9046	PB: 73.9046	LB: 77.8379	GB: 108.465	Conf: 1.2477	Pts: 60099
Particle (25):: Fit: 46.4497	PB: 46.4497	LB: 77.8379	GB: 108.465	Conf: 2	Pts: 55099
Particle (26):: Fit: 48.8108	PB: 48.8108	LB: 77.8379	GB: 108.465	Conf: 2	Pts: 60099
Particle (27):: Fit: 48.5544	PB: 48.5544	LB: 73.9046	GB: 108.465	Conf: 0.86363	Pts: 55099
Particle (28):: Fit: 49.9834	PB: 49.9834	LB: 73.9046	GB: 108.465	Conf: 1.98257	Pts: 70099
Particle (29):: Fit: 52.0209	PB: 52.0209	LB: 52.0209	GB: 108.465	Conf: 1.87746	Pts: 75099
Particle (30):: Fit: 49.1999	PB: 49.1999	LB: 52.0209	GB: 108.465	Conf: 2	Pts: 55099
Particle (31):: Fit: 51.0788	PB: 51.0788	LB: 52.0209	GB: 108.465	Conf: 0.85282	Pts: 60099
Particle (32):: Fit: 45.7879	PB: 45.7879	LB: 52.0209	GB: 108.465	Conf: 0.159238	Pts: 55099
Particle (33):: Fit: 51.1282	PB: 51.1282	LB: 52.0209	GB: 108.465	Conf: 2	Pts: 70099
Particle (34):: Fit: 53.4074	PB: 53.4074	LB: 53.4074	GB: 108.465	Conf: 2	Pts: 100099
Particle (35):: Fit: 47.2383	PB: 47.2383	LB: 53.4074	GB: 108.465	Conf: 1.98005	Pts: 55099
Particle (36):: Fit: 50.782	PB: 50.782	LB: 53.4074	GB: 108.465	Conf: 1.93937	Pts: 60099
Particle (37):: Fit: 8.42898	PB: 8.42898	LB: 53.4074	GB: 108.465	Conf: 0.852639	Pts: 55099
Particle (38):: Fit: 50.7448	PB: 50.7448	LB: 53.4074	GB: 108.465	Conf: 2	Pts: 60099
Particle (39):: Fit: 49.0057	PB: 49.0057	LB: 50.782	GB: 108.465	Conf: 0.145395	Pts: 55099
Particle (40):: Fit: 106.45	PB: 106.45	LB: 106.45	GB: 108.465	Conf: 1.85561	Pts: 100099
Particle (41):: Fit: 48.1293	PB: 48.1293	LB: 106.45	GB: 108.465	Conf: 1.25789	Pts: 50099
Particle (42):: Fit: 47.6361	PB: 47.6361	LB: 106.45	GB: 108.465	Conf: 2	Pts: 50099
Particle (43):: Fit: 50.3602	PB: 50.3602	LB: 106.45	GB: 108.465	Conf: 2	Pts: 50099
Particle (44):: Fit: 53.4074	PB: 53.4074	LB: 106.45	GB: 108.465	Conf: 2	Pts: 70099
Particle (45):: Fit: 49.9746	PB: 49.9746	LB: 53.4074	GB: 108.465	Conf: 2	Pts: 50099
Particle (46):: Fit: 49.9746	PB: 49.9746	LB: 53.4074	GB: 108.465	Conf: 2	Pts: 50099
Particle (47):: Fit: 50.3602	PB: 50.3602	LB: 53.4074	GB: 108.465	Conf: 2	Pts: 50099
Particle (48):: Fit: 111.739	PB: 111.739	LB: 111.739	GB: 111.739	Conf: 1.96294	Pts: 110099
Particle (49):: Fit: 49.1999	PB: 49.1999	LB: 111.739	GB: 111.739	Conf: 2	Pts: 50099
Global: 111.739 - Correct: 49% of 100 tests
Global Best: 
  Inner Net 1
  -- 1 : 1 = 0.1756
  -- 1 : 2 = 0.0784
  -- 1 : 3 = 0.2658
  -- 1 : 4 = 0.2466
  -- 1 : 5 = 0.2207
  -- 1 : 6 = 0.0416
  -- 1 : 7 = 0.0179
  -- 1 : 8 = 0.3138
  -- 1 : 9 = 0.5306
  -- 2 : 1 = 0.2515
  -- 2 : 2 = 0.1751
  -- 2 : 3 = 0.9523
  -- 2 : 4 = 0.1336
  -- 2 : 5 = 0.0943
  -- 2 : 6 = 0.1449
  -- 2 : 7 = 0.9405
  -- 2 : 8 = 0.6216
  -- 2 : 9 = 0.067
  -- 3 : 1 = 0.9321
  -- 3 : 2 = 0.2002
  -- 3 : 3 = 0.1675
  -- 3 : 4 = 0.522
  -- 3 : 5 = 0.3374
  -- 3 : 6 = 0.3324
  -- 3 : 7 = 0.088
  -- 3 : 8 = 0.6624
  -- 3 : 9 = 0.6348
  -- 4 : 1 = 0.1651
  -- 4 : 2 = 0.3117
  -- 4 : 3 = 0.9505
  -- 4 : 4 = 0.0098
  -- 4 : 5 = 0.1859
  -- 4 : 6 = 0.1744
  -- 4 : 7 = 0.6219
  -- 4 : 8 = 0.0039
  -- 4 : 9 = 0.8797
  -- 5 : 1 = 0.5158
  -- 5 : 2 = 0.9129
  -- 5 : 3 = 0.0487
  -- 5 : 4 = 0.6141
  -- 5 : 5 = 0.1789
  -- 5 : 6 = 0.2037
  -- 5 : 7 = 0.4248
  -- 5 : 8 = 0.0924
  -- 5 : 9 = 0.4837
  -- 6 : 1 = 0.3894
  -- 6 : 2 = 0.2402
  -- 6 : 3 = 0.7399
  -- 6 : 4 = 0.8861
  -- 6 : 5 = 0.2537
  -- 6 : 6 = 0.3758
  -- 6 : 7 = 0.32
  -- 6 : 8 = 0.0235
  -- 6 : 9 = 0.9252
  -- 7 : 1 = 0.2541
  -- 7 : 2 = 0.5924
  -- 7 : 3 = 0.2187
  -- 7 : 4 = 0.0823
  -- 7 : 5 = 0.6285
  -- 7 : 6 = 0.8636
  -- 7 : 7 = 0.8924
  -- 7 : 8 = 0.7124
  -- 7 : 9 = 0.1672
  -- 8 : 1 = 0.9655
  -- 8 : 2 = 0.1062
  -- 8 : 3 = 0.1968
  -- 8 : 4 = 0.6029
  -- 8 : 5 = 0.5112
  -- 8 : 6 = 0.9665
  -- 8 : 7 = 0.4202
  -- 8 : 8 = 0.2659
  -- 8 : 9 = 0.2412
  -- 9 : 1 = 0.9555
  -- 9 : 2 = 0.6139
  -- 9 : 3 = 0.5563
  -- 9 : 4 = 0.2031
  -- 9 : 5 = 0.2888
  -- 9 : 6 = 0.9263
  -- 9 : 7 = 0.7286
  -- 9 : 8 = 0.7903
  -- 9 : 9 = 0.4455
  -- 10 : 1 = 0.0723
  -- 10 : 2 = 0.4807
  -- 10 : 3 = 0.4465
  -- 10 : 4 = 0.781
  -- 10 : 5 = 0.7967
  -- 10 : 6 = 0.7385
  -- 10 : 7 = 0.7843
  -- 10 : 8 = 0.8798
  -- 10 : 9 = 0.1639
  Inner Net 2
  -- 1 : 1 = -0.0052
  -- 1 : 2 = 0.4698
  -- 2 : 1 = 0.2268
  -- 2 : 2 = 0.122
  -- 3 : 1 = -0.0855076
  -- 3 : 2 = 0.1925
  -- 4 : 1 = -0.293431
  -- 4 : 2 = -0.072
  -- 5 : 1 = -0.0461
  -- 5 : 2 = 0.117
  -- 6 : 1 = -0.0898
  -- 6 : 2 = -0.0766
  -- 7 : 1 = 0.1321
  -- 7 : 2 = 0.1359
  -- 8 : 1 = 0.38266
  -- 8 : 2 = 0.0335087
  -- 9 : 1 = -0.1695
  -- 9 : 2 = 0.2139
Out\Act	False		True
False	0.84198	0	0.84198
True	0.157544	0.000475964	0.15802
	0.999524	0.000475964
	Accuracy [ (tp + tn) / testSize ]: 0.842456
	Precision [ tp / (tp + fp) ]:      0.5
	Sensitivity [ tp / (tp + fn) ]:    0.003003
	Specificity [ tn / (tn + fp) ]:    0.999435
	F-Score [ 2tp / (2tp + fp + fn) ]: 0.00598802
Particle (0):: Fit: 50.7448	PB: 50.7448	LB: 111.739	GB: 111.739	Conf: 2	Pts: 110198
Particle (2):: Fit: 51.892	PB: 51.892	LB: 111.739	GB: 111.739	Conf: 2	Pts: 65198
Particle (3):: Fit: 48.4205	PB: 48.4205	LB: 51.892	GB: 111.739	Conf: 2	Pts: 55198
Particle (5):: Fit: 49.9746	PB: 49.9746	LB: 93.2872	GB: 111.739	Conf: 2	Pts: 55198
Particle (6):: Fit: 111.761	PB: 111.761	LB: 111.761	GB: 111.761	Conf: 1.96689	Pts: 115198
Particle (7):: Fit: 51.1716	PB: 51.1716	LB: 111.761	GB: 111.761	Conf: 0.718501	Pts: 55198
Particle (8):: Fit: 50.7448	PB: 50.7448	LB: 111.761	GB: 111.761	Conf: 2	Pts: 65198
Particle (9):: Fit: 99.938	PB: 99.938	LB: 111.761	GB: 111.761	Conf: 1.88255	Pts: 55198
Particle (13):: Fit: 50.7448	PB: 50.7448	LB: 108.465	GB: 111.761	Conf: 2	Pts: 55198
Particle (17):: Fit: 47.7437	PB: 47.7437	LB: 108.465	GB: 111.761	Conf: 1.92582	Pts: 55198
Particle (18):: Fit: 50.7448	PB: 50.7448	LB: 108.465	GB: 111.761	Conf: 2	Pts: 60198
Particle (21):: Fit: 49.623	PB: 49.623	LB: 77.8379	GB: 111.761	Conf: 1.93943	Pts: 55198
Particle (22):: Fit: 81.999	PB: 81.999	LB: 81.999	GB: 111.761	Conf: 0.922014	Pts: 110198
Particle (25):: Fit: 49.1999	PB: 49.1999	LB: 81.999	GB: 111.761	Conf: 2	Pts: 55198
Particle (27):: Fit: 49.1518	PB: 49.1518	LB: 73.9046	GB: 111.761	Conf: 0.571025	Pts: 55198
Particle (29):: Fit: 89.4186	PB: 89.4186	LB: 89.4186	GB: 111.761	Conf: 1.76044	Pts: 125198
Particle (30):: Fit: 49.5878	PB: 49.5878	LB: 89.4186	GB: 111.761	Conf: 2	Pts: 55198
Particle (32):: Fit: 48.4186	PB: 48.4186	LB: 89.4186	GB: 111.761	Conf: 0.961122	Pts: 55198
Particle (35):: Fit: 47.242	PB: 47.242	LB: 106.45	GB: 111.761	Conf: 2	Pts: 55198
Particle (36):: Fit: 110.375	PB: 110.375	LB: 110.375	GB: 111.761	Conf: 1.85913	Pts: 110198
Particle (37):: Fit: 9.34191	PB: 9.34191	LB: 110.375	GB: 111.761	Conf: 0.29336	Pts: 55197
Particle (41):: Fit: 67.9871	PB: 67.9871	LB: 106.45	GB: 111.761	Conf: 1.33387	Pts: 50198
Particle (42):: Fit: 51.1282	PB: 51.1282	LB: 106.45	GB: 111.761	Conf: 2	Pts: 50198
Particle (49):: Fit: 51.1282	PB: 51.1282	LB: 111.739	GB: 111.761	Conf: 2	Pts: 50198
Global: 111.761 - Correct: 49% of 100 tests
Global Best: 
  Inner Net 1
  -- 1 : 1 = 0.7076
  -- 1 : 2 = 0.5088
  -- 1 : 3 = 0.9828
  -- 1 : 4 = 0.0478
  -- 1 : 5 = 0.3939
  -- 1 : 6 = 0.7045
  -- 1 : 7 = 0.8475
  -- 1 : 8 = 0.0838
  -- 1 : 9 = 0.625
  -- 2 : 1 = 0.6416
  -- 2 : 2 = 0.6296
  -- 2 : 3 = 0.3334
  -- 2 : 4 = 0.0236
  -- 2 : 5 = 0.2633
  -- 2 : 6 = 0.2132
  -- 2 : 7 = 0.0876
  -- 2 : 8 = 0.5228
  -- 2 : 9 = 0.0339
  -- 3 : 1 = 0.4982
  -- 3 : 2 = 0.2373
  -- 3 : 3 = 0.826
  -- 3 : 4 = 0.8002
  -- 3 : 5 = 0.8196
  -- 3 : 6 = 0.3616
  -- 3 : 7 = 0.404
  -- 3 : 8 = 0.4413
  -- 3 : 9 = 0.8582
  -- 4 : 1 = 0.5298
  -- 4 : 2 = 0.0294
  -- 4 : 3 = 0.0579
  -- 4 : 4 = 0.9245
  -- 4 : 5 = 0.7355
  -- 4 : 6 = 0.6929
  -- 4 : 7 = 0.6354
  -- 4 : 8 = 0.8308
  -- 4 : 9 = 0.9209
  -- 5 : 1 = 0.515
  -- 5 : 2 = 0.3766
  -- 5 : 3 = 0.511
  -- 5 : 4 = 0.9115
  -- 5 : 5 = 0.0526
  -- 5 : 6 = 0.488
  -- 5 : 7 = 0.0944
  -- 5 : 8 = 0.7737
  -- 5 : 9 = 0.1053
  -- 6 : 1 = 0.2583
  -- 6 : 2 = 0.1016
  -- 6 : 3 = 0.0211
  -- 6 : 4 = 0.6522
  -- 6 : 5 = 0.5699
  -- 6 : 6 = 0.1919
  -- 6 : 7 = 0.0135
  -- 6 : 8 = 0.5784
  -- 6 : 9 = 0.0023
  -- 7 : 1 = 0.6211
  -- 7 : 2 = 0.9303
  -- 7 : 3 = 0.0357
  -- 7 : 4 = 0.6078
  -- 7 : 5 = 0.1176
  -- 7 : 6 = 0.4906
  -- 7 : 7 = 0.6681
  -- 7 : 8 = 0.8122
  -- 7 : 9 = 0.1367
  -- 8 : 1 = 0.2321
  -- 8 : 2 = 0.9761
  -- 8 : 3 = 0.0105
  -- 8 : 4 = 0.8279
  -- 8 : 5 = 0.6012
  -- 8 : 6 = 0.5581
  -- 8 : 7 = 0.6969
  -- 8 : 8 = 0.9868
  -- 8 : 9 = 0.9247
  -- 9 : 1 = 0.3334
  -- 9 : 2 = 0.4829
  -- 9 : 3 = 0.2013
  -- 9 : 4 = 0.7472
  -- 9 : 5 = 0.0404
  -- 9 : 6 = 0.9505
  -- 9 : 7 = 0.233
  -- 9 : 8 = 0.6066
  -- 9 : 9 = 0.6207
  -- 10 : 1 = 0.2026
  -- 10 : 2 = 0.9838
  -- 10 : 3 = 0.3286
  -- 10 : 4 = 0.3829
  -- 10 : 5 = 0.3186
  -- 10 : 6 = 0.7153
  -- 10 : 7 = 0.76
  -- 10 : 8 = 0.7883
  -- 10 : 9 = 0.6994
  Inner Net 2
  -- 1 : 1 = -0.233291
  -- 1 : 2 = -0.274839
  -- 2 : 1 = 0.218078
  -- 2 : 2 = -0.142907
  -- 3 : 1 = -0.3997
  -- 3 : 2 = 0.135406
  -- 4 : 1 = -0.221
  -- 4 : 2 = 0.18456
  -- 5 : 1 = -0.0572995
  -- 5 : 2 = -0.322902
  -- 6 : 1 = -0.2215
  -- 6 : 2 = 0.203766
  -- 7 : 1 = -0.239504
  -- 7 : 2 = -0.18637
  -- 8 : 1 = 0.203716
  -- 8 : 2 = -0.5284
  -- 9 : 1 = -0.66934
  -- 9 : 2 = -0.0956645
Out\Act	False		True
False	0.84198	0	0.84198
True	0.15802	0	0.15802
	1	0
	Accuracy [ (tp + tn) / testSize ]: 0.84198
	Precision [ tp / (tp + fp) ]:      0
	Sensitivity [ tp / (tp + fn) ]:    0
	Specificity [ tn / (tn + fp) ]:    0.999435
	F-Score [ 2tp / (2tp + fp + fn) ]: 0
Particle (2):: Fit: 100.669	PB: 100.669	LB: 111.761	GB: 111.761	Conf: 1.95478	Pts: 65297
Particle (4):: Fit: 50.3602	PB: 50.3602	LB: 111.761	GB: 111.761	Conf: 2	Pts: 65197
Particle (5):: Fit: 52.2723	PB: 52.2723	LB: 111.761	GB: 111.761	Conf: 2	Pts: 55297
Particle (10):: Fit: 106.794	PB: 106.794	LB: 111.761	GB: 111.761	Conf: 1.86027	Pts: 110197
Particle (13):: Fit: 51.892	PB: 51.892	LB: 108.465	GB: 111.761	Conf: 2	Pts: 55297
Particle (16):: Fit: 96.5358	PB: 96.5358	LB: 108.465	GB: 111.761	Conf: 1.43206	Pts: 60197
Particle (17):: Fit: 98.0035	PB: 98.0035	LB: 108.465	GB: 111.761	Conf: 1.92886	Pts: 65297
Particle (21):: Fit: 52.3506	PB: 52.3506	LB: 98.0035	GB: 111.761	Conf: 1.96257	Pts: 55297
Particle (25):: Fit: 50.3602	PB: 50.3602	LB: 89.4186	GB: 111.761	Conf: 2	Pts: 55297
Particle (27):: Fit: 52.0183	PB: 52.0183	LB: 89.4186	GB: 111.761	Conf: 0.658515	Pts: 55297
Particle (29):: Fit: 104.124	PB: 104.124	LB: 104.124	GB: 111.761	Conf: 1.89827	Pts: 160297
Particle (35):: Fit: 48.4205	PB: 48.4205	LB: 110.375	GB: 111.761	Conf: 2	Pts: 55297
Particle (40):: Fit: 106.726	PB: 106.726	LB: 110.375	GB: 111.761	Conf: 1.86803	Pts: 110197
Particle (3):: Fit: 49.1999	PB: 49.1999	LB: 111.761	GB: 111.761	Conf: 2	Pts: 55296
Particle (18):: Fit: 51.892	PB: 51.892	LB: 108.465	GB: 111.761	Conf: 2	Pts: 60296
Particle (19):: Fit: 56.024	PB: 56.024	LB: 108.465	GB: 111.761	Conf: 2	Pts: 65196
Particle (20):: Fit: 53.4074	PB: 53.4074	LB: 98.0035	GB: 111.761	Conf: 2	Pts: 70196
Particle (22):: Fit: 84.5923	PB: 84.5923	LB: 84.5923	GB: 111.761	Conf: 1.39723	Pts: 120296
Particle (23):: Fit: 50.7448	PB: 50.7448	LB: 84.5923	GB: 111.761	Conf: 2	Pts: 55196
Particle (26):: Fit: 49.1513	PB: 49.1513	LB: 104.124	GB: 111.761	Conf: 1.98433	Pts: 60196
Particle (30):: Fit: 51.1282	PB: 51.1282	LB: 104.124	GB: 111.761	Conf: 2	Pts: 55296
Particle (35):: Fit: 52.6516	PB: 52.6516	LB: 110.375	GB: 111.761	Conf: 2	Pts: 55396
Particle (37):: Fit: 51.7954	PB: 51.7954	LB: 110.375	GB: 111.761	Conf: 0.161297	Pts: 55295
Particle (39):: Fit: 52.4395	PB: 52.4395	LB: 110.375	GB: 111.761	Conf: 0.563456	Pts: 55196
Particle (41):: Fit: 90.6949	PB: 90.6949	LB: 106.726	GB: 111.761	Conf: 1.19619	Pts: 50296
Particle (1):: Fit: 53.1106	PB: 53.1106	LB: 111.761	GB: 111.761	Conf: 1.92282	Pts: 110195
Particle (13):: Fit: 52.2723	PB: 52.2723	LB: 108.465	GB: 111.761	Conf: 2	Pts: 55395
Particle (15):: Fit: 113.629	PB: 113.629	LB: 113.629	GB: 113.629	Conf: 1.80983	Pts: 170195
Particle (26):: Fit: 50.3818	PB: 50.3818	LB: 104.124	GB: 113.629	Conf: 1.96651	Pts: 60295
Particle (28):: Fit: 106.181	PB: 106.181	LB: 106.181	GB: 113.629	Conf: 1.96233	Pts: 110195
Particle (31):: Fit: 51.837	PB: 51.837	LB: 110.375	GB: 113.629	Conf: 0.926036	Pts: 60194
Particle (32):: Fit: 50.7654	PB: 50.7654	LB: 110.375	GB: 113.629	Conf: 0.701347	Pts: 55295
Particle (33):: Fit: 52.2723	PB: 52.2723	LB: 110.375	GB: 113.629	Conf: 2	Pts: 70195
Particle (40):: Fit: 109.311	PB: 109.311	LB: 110.375	GB: 113.629	Conf: 1.90234	Pts: 120295
Global: 113.629 - Correct: 44% of 100 tests
Global Best: 
  Inner Net 1
  -- 1 : 1 = 0.316
  -- 1 : 2 = 0.9411
  -- 1 : 3 = 0.5819
  -- 1 : 4 = 0.1903
  -- 1 : 5 = 0.0063
  -- 1 : 6 = 0.5898
  -- 1 : 7 = 0.6871
  -- 1 : 8 = 0.6634
  -- 1 : 9 = 0.3936
  -- 2 : 1 = 0.24
  -- 2 : 2 = 0.5246
  -- 2 : 3 = 0.204
  -- 2 : 4 = 0.5289
  -- 2 : 5 = 0.8744
  -- 2 : 6 = 0.1173
  -- 2 : 7 = 0.2987
  -- 2 : 8 = 0.8007
  -- 2 : 9 = 0.36
  -- 3 : 1 = 0.6218
  -- 3 : 2 = 0.2476
  -- 3 : 3 = 0.8695
  -- 3 : 4 = 0.0703
  -- 3 : 5 = 0.1681
  -- 3 : 6 = 0.8216
  -- 3 : 7 = 0.3451
  -- 3 : 8 = 0.4157
  -- 3 : 9 = 0.8724
  -- 4 : 1 = 0.9753
  -- 4 : 2 = 0.6032
  -- 4 : 3 = 0.3128
  -- 4 : 4 = 0.217
  -- 4 : 5 = 0.4978
  -- 4 : 6 = 0.035
  -- 4 : 7 = 0.1828
  -- 4 : 8 = 0.0855
  -- 4 : 9 = 0.6591
  -- 5 : 1 = 0.7087
  -- 5 : 2 = 0.0834
  -- 5 : 3 = 0.7541
  -- 5 : 4 = 0.75
  -- 5 : 5 = 0.8164
  -- 5 : 6 = 0.626
  -- 5 : 7 = 0.6352
  -- 5 : 8 = 0.2629
  -- 5 : 9 = 0.2676
  -- 6 : 1 = 0.2639
  -- 6 : 2 = 0.46
  -- 6 : 3 = 0.307
  -- 6 : 4 = 0.127
  -- 6 : 5 = 0.5602
  -- 6 : 6 = 0.3091
  -- 6 : 7 = 0.6036
  -- 6 : 8 = 0.6578
  -- 6 : 9 = 0.511
  -- 7 : 1 = 0.949
  -- 7 : 2 = 0.762
  -- 7 : 3 = 0.6675
  -- 7 : 4 = 0.2743
  -- 7 : 5 = 0.7749
  -- 7 : 6 = 0.0298
  -- 7 : 7 = 0.7951
  -- 7 : 8 = 0.7459
  -- 7 : 9 = 0.6657
  -- 8 : 1 = 0.6476
  -- 8 : 2 = 0.0058
  -- 8 : 3 = 0.0112
  -- 8 : 4 = 0.248
  -- 8 : 5 = 0.5096
  -- 8 : 6 = 0.5927
  -- 8 : 7 = 0.5618
  -- 8 : 8 = 0.1705
  -- 8 : 9 = 0.8139
  -- 9 : 1 = 0.8913
  -- 9 : 2 = 0.9645
  -- 9 : 3 = 0.885
  -- 9 : 4 = 0.1284
  -- 9 : 5 = 0.5753
  -- 9 : 6 = 0.3192
  -- 9 : 7 = 0.3028
  -- 9 : 8 = 0.2153
  -- 9 : 9 = 0.1697
  -- 10 : 1 = 0.7475
  -- 10 : 2 = 0.3326
  -- 10 : 3 = 0.996
  -- 10 : 4 = 0.4345
  -- 10 : 5 = 0.2026
  -- 10 : 6 = 0.222
  -- 10 : 7 = 0.2144
  -- 10 : 8 = 0.5319
  -- 10 : 9 = 0.6554
  Inner Net 2
  -- 1 : 1 = -0.131635
  -- 1 : 2 = -0.300129
  -- 2 : 1 = -0.0335185
  -- 2 : 2 = 0.401194
  -- 3 : 1 = 0.067089
  -- 3 : 2 = 0.264903
  -- 4 : 1 = 0.327674
  -- 4 : 2 = -0.151606
  -- 5 : 1 = 0.525264
  -- 5 : 2 = 0.0041498
  -- 6 : 1 = 0.108699
  -- 6 : 2 = 0.114192
  -- 7 : 1 = -0.25945
  -- 7 : 2 = -0.177865
  -- 8 : 1 = -0.139922
  -- 8 : 2 = -0.416904
  -- 9 : 1 = -0.37477
  -- 9 : 2 = -0.235731
Out\Act	False		True
False	0.84198	0	0.84198
True	0.15802	0	0.15802
	1	0
	Accuracy [ (tp + tn) / testSize ]: 0.84198
	Precision [ tp / (tp + fp) ]:      0
	Sensitivity [ tp / (tp + fn) ]:    0
	Specificity [ tn / (tn + fp) ]:    0.999435
	F-Score [ 2tp / (2tp + fp + fn) ]: 0
Particle (0):: Fit: 51.5106	PB: 51.5106	LB: 111.739	GB: 113.629	Conf: 2	Pts: 110294
Particle (3):: Fit: 51.1282	PB: 51.1282	LB: 111.761	GB: 113.629	Conf: 2	Pts: 55394
Particle (5):: Fit: 53.03	PB: 53.03	LB: 111.761	GB: 113.629	Conf: 2	Pts: 55394
Particle (9):: Fit: 102.15	PB: 102.15	LB: 111.761	GB: 113.629	Conf: 1.92746	Pts: 55294
Particle (11):: Fit: 107.758	PB: 107.758	LB: 113.629	GB: 113.629	Conf: 1.97837	Pts: 55194
Particle (13):: Fit: 53.4074	PB: 53.4074	LB: 113.629	GB: 113.629	Conf: 2	Pts: 55494
Particle (22):: Fit: 90.7746	PB: 90.7746	LB: 90.7746	GB: 113.629	Conf: 0.769702	Pts: 125394
Particle (27):: Fit: 52.233	PB: 52.233	LB: 106.181	GB: 113.629	Conf: 0.195172	Pts: 55393
Particle (45):: Fit: 52.2723	PB: 52.2723	LB: 111.739	GB: 113.629	Conf: 2	Pts: 50194
Particle (0):: Fit: 51.892	PB: 51.892	LB: 111.739	GB: 113.629	Conf: 2	Pts: 110393
Particle (4):: Fit: 50.7448	PB: 50.7448	LB: 111.761	GB: 113.629	Conf: 2	Pts: 65293
Particle (7):: Fit: 51.7809	PB: 51.7809	LB: 111.761	GB: 113.629	Conf: 0.150737	Pts: 55292
Particle (8):: Fit: 52.2723	PB: 52.2723	LB: 111.761	GB: 113.629	Conf: 2	Pts: 65293
Particle (10):: Fit: 110.057	PB: 110.057	LB: 113.629	GB: 113.629	Conf: 1.74297	Pts: 110293
Particle (14):: Fit: 111.31	PB: 111.31	LB: 113.629	GB: 113.629	Conf: 1.8996	Pts: 110193
Particle (21):: Fit: 107.958	PB: 107.958	LB: 107.958	GB: 113.629	Conf: 1.93683	Pts: 85393
Particle (27):: Fit: 52.8318	PB: 52.8318	LB: 106.181	GB: 113.629	Conf: 0.694977	Pts: 55492
Particle (32):: Fit: 50.8009	PB: 50.8009	LB: 110.375	GB: 113.629	Conf: 0.549179	Pts: 55393
Particle (35):: Fit: 102.815	PB: 102.815	LB: 110.375	GB: 113.629	Conf: 1.98768	Pts: 55493
Particle (42):: Fit: 52.6516	PB: 52.6516	LB: 109.311	GB: 113.629	Conf: 2	Pts: 50293
Particle (43):: Fit: 52.6516	PB: 52.6516	LB: 111.739	GB: 113.629	Conf: 2	Pts: 50193
Particle (2):: Fit: 109.861	PB: 109.861	LB: 111.761	GB: 113.629	Conf: 1.98651	Pts: 65392
Particle (38):: Fit: 51.892	PB: 51.892	LB: 110.375	GB: 113.629	Conf: 2	Pts: 60192
Particle (0):: Fit: 52.6516	PB: 52.6516	LB: 111.739	GB: 113.629	Conf: 2	Pts: 110491
Particle (1):: Fit: 106.757	PB: 106.757	LB: 111.761	GB: 113.629	Conf: 1.98862	Pts: 110291
Particle (30):: Fit: 51.5106	PB: 51.5106	LB: 106.181	GB: 113.629	Conf: 2	Pts: 55391
Particle (33):: Fit: 107.516	PB: 107.516	LB: 110.375	GB: 113.629	Conf: 1.98219	Pts: 85291
Particle (47):: Fit: 50.7448	PB: 50.7448	LB: 111.739	GB: 113.629	Conf: 2	Pts: 50191
Particle (16):: Fit: 99.8065	PB: 99.8065	LB: 113.629	GB: 113.629	Conf: 1.68595	Pts: 60290
Particle (31):: Fit: 53.2511	PB: 53.2511	LB: 110.375	GB: 113.629	Conf: 0.518336	Pts: 60288
Particle (45):: Fit: 52.6516	PB: 52.6516	LB: 111.739	GB: 113.629	Conf: 2	Pts: 50290
Particle (4):: Fit: 52.6516	PB: 52.6516	LB: 111.761	GB: 113.629	Conf: 2	Pts: 65389
Particle (24):: Fit: 84.7513	PB: 84.7513	LB: 107.958	GB: 113.629	Conf: 1.58519	Pts: 60189
Particle (35):: Fit: 105.173	PB: 105.173	LB: 110.375	GB: 113.629	Conf: 1.98305	Pts: 55589
Particle (45):: Fit: 53.03	PB: 53.03	LB: 111.739	GB: 113.629	Conf: 2	Pts: 50389
Particle (8):: Fit: 52.6516	PB: 52.6516	LB: 111.761	GB: 113.629	Conf: 2	Pts: 65388
Particle (41):: Fit: 93.7651	PB: 93.7651	LB: 109.311	GB: 113.629	Conf: 0.946661	Pts: 50388
Particle (47):: Fit: 51.1282	PB: 51.1282	LB: 111.739	GB: 113.629	Conf: 2	Pts: 50288
Particle (25):: Fit: 50.7448	PB: 50.7448	LB: 107.958	GB: 113.629	Conf: 2	Pts: 55387
Particle (49):: Fit: 54.1594	PB: 54.1594	LB: 111.739	GB: 113.629	Conf: 2	Pts: 50287
Particle (27):: Fit: 53.5607	PB: 53.5607	LB: 106.181	GB: 113.629	Conf: 0.327108	Pts: 55584
Particle (39):: Fit: 53.6294	PB: 53.6294	LB: 110.375	GB: 113.629	Conf: 0.766645	Pts: 55285
Particle (7):: Fit: 52.343	PB: 52.343	LB: 111.761	GB: 113.629	Conf: 0.303828	Pts: 55383
Particle (9):: Fit: 112.177	PB: 112.177	LB: 112.177	GB: 113.629	Conf: 1.89635	Pts: 85385
Particle (20):: Fit: 105.181	PB: 105.181	LB: 107.958	GB: 113.629	Conf: 1.98524	Pts: 70285
Particle (3):: Fit: 51.892	PB: 51.892	LB: 111.761	GB: 113.629	Conf: 2	Pts: 55484
Particle (23):: Fit: 51.5106	PB: 51.5106	LB: 107.958	GB: 113.629	Conf: 2	Pts: 55284
Particle (24):: Fit: 108.08	PB: 108.08	LB: 108.08	GB: 113.629	Conf: 1.16654	Pts: 105284
Particle (40):: Fit: 112.883	PB: 112.883	LB: 112.883	GB: 113.629	Conf: 1.88591	Pts: 170384
Particle (18):: Fit: 52.6516	PB: 52.6516	LB: 113.629	GB: 113.629	Conf: 2	Pts: 60383
Particle (25):: Fit: 51.1282	PB: 51.1282	LB: 108.08	GB: 113.629	Conf: 2	Pts: 55483
Particle (21):: Fit: 109.079	PB: 109.079	LB: 109.079	GB: 113.629	Conf: 1.98416	Pts: 115482
Particle (35):: Fit: 106.749	PB: 106.749	LB: 112.883	GB: 113.629	Conf: 1.98508	Pts: 55682
Particle (1):: Fit: 109.828	PB: 109.828	LB: 111.761	GB: 113.629	Conf: 1.98002	Pts: 110381
Particle (29):: Fit: 106.394	PB: 106.394	LB: 107.516	GB: 113.629	Conf: 1.95989	Pts: 160381
Particle (41):: Fit: 96.0988	PB: 96.0988	LB: 112.883	GB: 113.629	Conf: 1.26501	Pts: 50481
Particle (10):: Fit: 112.295	PB: 112.295	LB: 113.629	GB: 113.629	Conf: 1.77629	Pts: 135380
Particle (15):: Fit: 114.135	PB: 114.135	LB: 114.135	GB: 114.135	Conf: 1.71546	Pts: 230280
Particle (47):: Fit: 52.2723	PB: 52.2723	LB: 111.739	GB: 114.135	Conf: 2	Pts: 50380
Global: 114.135 - Correct: 50% of 100 tests
Global Best: 
  Inner Net 1
  -- 1 : 1 = 0.316
  -- 1 : 2 = 0.9411
  -- 1 : 3 = 0.5819
  -- 1 : 4 = 0.1903
  -- 1 : 5 = 0.0063
  -- 1 : 6 = 0.5898
  -- 1 : 7 = 0.6871
  -- 1 : 8 = 0.6634
  -- 1 : 9 = 0.3936
  -- 2 : 1 = 0.24
  -- 2 : 2 = 0.5246
  -- 2 : 3 = 0.204
  -- 2 : 4 = 0.5289
  -- 2 : 5 = 0.8744
  -- 2 : 6 = 0.1173
  -- 2 : 7 = 0.2987
  -- 2 : 8 = 0.8007
  -- 2 : 9 = 0.36
  -- 3 : 1 = 0.6218
  -- 3 : 2 = 0.2476
  -- 3 : 3 = 0.8695
  -- 3 : 4 = 0.0703
  -- 3 : 5 = 0.1681
  -- 3 : 6 = 0.8216
  -- 3 : 7 = 0.3451
  -- 3 : 8 = 0.4157
  -- 3 : 9 = 0.8724
  -- 4 : 1 = 0.9753
  -- 4 : 2 = 0.6032
  -- 4 : 3 = 0.3128
  -- 4 : 4 = 0.217
  -- 4 : 5 = 0.4978
  -- 4 : 6 = 0.035
  -- 4 : 7 = 0.1828
  -- 4 : 8 = 0.0855
  -- 4 : 9 = 0.6591
  -- 5 : 1 = 0.7087
  -- 5 : 2 = 0.0834
  -- 5 : 3 = 0.7541
  -- 5 : 4 = 0.75
  -- 5 : 5 = 0.8164
  -- 5 : 6 = 0.626
  -- 5 : 7 = 0.6352
  -- 5 : 8 = 0.2629
  -- 5 : 9 = 0.2676
  -- 6 : 1 = 0.2639
  -- 6 : 2 = 0.46
  -- 6 : 3 = 0.307
  -- 6 : 4 = 0.127
  -- 6 : 5 = 0.5602
  -- 6 : 6 = 0.3091
  -- 6 : 7 = 0.6036
  -- 6 : 8 = 0.6578
  -- 6 : 9 = 0.511
  -- 7 : 1 = 0.949
  -- 7 : 2 = 0.762
  -- 7 : 3 = 0.6675
  -- 7 : 4 = 0.2743
  -- 7 : 5 = 0.7749
  -- 7 : 6 = 0.0298
  -- 7 : 7 = 0.7951
  -- 7 : 8 = 0.7459
  -- 7 : 9 = 0.6657
  -- 8 : 1 = 0.6476
  -- 8 : 2 = 0.0058
  -- 8 : 3 = 0.0112
  -- 8 : 4 = 0.248
  -- 8 : 5 = 0.5096
  -- 8 : 6 = 0.5927
  -- 8 : 7 = 0.5618
  -- 8 : 8 = 0.1705
  -- 8 : 9 = 0.8139
  -- 9 : 1 = 0.8913
  -- 9 : 2 = 0.9645
  -- 9 : 3 = 0.885
  -- 9 : 4 = 0.1284
  -- 9 : 5 = 0.5753
  -- 9 : 6 = 0.3192
  -- 9 : 7 = 0.3028
  -- 9 : 8 = 0.2153
  -- 9 : 9 = 0.1697
  -- 10 : 1 = 0.7475
  -- 10 : 2 = 0.3326
  -- 10 : 3 = 0.996
  -- 10 : 4 = 0.4345
  -- 10 : 5 = 0.2026
  -- 10 : 6 = 0.222
  -- 10 : 7 = 0.2144
  -- 10 : 8 = 0.5319
  -- 10 : 9 = 0.6554
  Inner Net 2
  -- 1 : 1 = -0.148018
  -- 1 : 2 = -0.348868
  -- 2 : 1 = -0.104254
  -- 2 : 2 = 0.0822814
  -- 3 : 1 = 0.0134368
  -- 3 : 2 = 0.394321
  -- 4 : 1 = 0.345806
  -- 4 : 2 = -0.172066
  -- 5 : 1 = 0.684541
  -- 5 : 2 = 0.152034
  -- 6 : 1 = 0.167947
  -- 6 : 2 = 0.0843877
  -- 7 : 1 = -0.347107
  -- 7 : 2 = 0.0210096
  -- 8 : 1 = -0.159103
  -- 8 : 2 = -0.0337173
  -- 9 : 1 = -0.304812
  -- 9 : 2 = -0.375055
Out\Act	False		True
False	0.84198	0	0.84198
True	0.15802	0	0.15802
	1	0
	Accuracy [ (tp + tn) / testSize ]: 0.84198
	Precision [ tp / (tp + fp) ]:      0
	Sensitivity [ tp / (tp + fn) ]:    0
	Specificity [ tn / (tn + fp) ]:    0.999435
	F-Score [ 2tp / (2tp + fp + fn) ]: 0
Particle (26):: Fit: 51.1282	PB: 51.1282	LB: 108.08	GB: 114.135	Conf: 2	Pts: 60379
Particle (42):: Fit: 106.757	PB: 106.757	LB: 112.883	GB: 114.135	Conf: 1.9889	Pts: 50379
Particle (2):: Fit: 118.715	PB: 118.715	LB: 118.715	GB: 118.715	Conf: 1.97697	Pts: 125478
Particle (8):: Fit: 53.03	PB: 53.03	LB: 112.295	GB: 118.715	Conf: 2	Pts: 65478
Particle (23):: Fit: 52.2723	PB: 52.2723	LB: 109.079	GB: 118.715	Conf: 2	Pts: 55378
Particle (32):: Fit: 51.6126	PB: 51.6126	LB: 110.375	GB: 118.715	Conf: 0.467735	Pts: 55476
Particle (46):: Fit: 51.1205	PB: 51.1205	LB: 111.739	GB: 118.715	Conf: 1.98616	Pts: 50178
Global: 118.715 - Correct: 40% of 100 tests
Global Best: 
  Inner Net 1
  -- 1 : 1 = 0.2432
  -- 1 : 2 = 0.4001
  -- 1 : 3 = 0.2706
  -- 1 : 4 = 0.6897
  -- 1 : 5 = 0.4317
  -- 1 : 6 = 0.5106
  -- 1 : 7 = 0.1976
  -- 1 : 8 = 0.4884
  -- 1 : 9 = 0.9817
  -- 2 : 1 = 0.2723
  -- 2 : 2 = 0.7865
  -- 2 : 3 = 0.3547
  -- 2 : 4 = 0.8904
  -- 2 : 5 = 0.4999
  -- 2 : 6 = 0.4456
  -- 2 : 7 = 0.1434
  -- 2 : 8 = 0.4656
  -- 2 : 9 = 0.1054
  -- 3 : 1 = 0.8934
  -- 3 : 2 = 0.0196
  -- 3 : 3 = 0.185
  -- 3 : 4 = 0.161
  -- 3 : 5 = 0.4817
  -- 3 : 6 = 0.8795
  -- 3 : 7 = 0.8028
  -- 3 : 8 = 0.5438
  -- 3 : 9 = 0.2283
  -- 4 : 1 = 0.1723
  -- 4 : 2 = 0.2725
  -- 4 : 3 = 0.8072
  -- 4 : 4 = 0.3325
  -- 4 : 5 = 0.7624
  -- 4 : 6 = 0.1448
  -- 4 : 7 = 0.9968
  -- 4 : 8 = 0.3723
  -- 4 : 9 = 0.1316
  -- 5 : 1 = 0.2413
  -- 5 : 2 = 0.0385
  -- 5 : 3 = 0.5289
  -- 5 : 4 = 0.839
  -- 5 : 5 = 0.8772
  -- 5 : 6 = 0.4344
  -- 5 : 7 = 0.5902
  -- 5 : 8 = 0.2584
  -- 5 : 9 = 0.526
  -- 6 : 1 = 0.8939
  -- 6 : 2 = 0.124
  -- 6 : 3 = 0.5759
  -- 6 : 4 = 0.8755
  -- 6 : 5 = 0.5741
  -- 6 : 6 = 0.6353
  -- 6 : 7 = 0.4512
  -- 6 : 8 = 0.0174
  -- 6 : 9 = 0.7071
  -- 7 : 1 = 0.7136
  -- 7 : 2 = 0.5377
  -- 7 : 3 = 0.3003
  -- 7 : 4 = 0.2184
  -- 7 : 5 = 0.2003
  -- 7 : 6 = 0.8382
  -- 7 : 7 = 0.2213
  -- 7 : 8 = 0.0775
  -- 7 : 9 = 0.8268
  -- 8 : 1 = 0.3054
  -- 8 : 2 = 0.164
  -- 8 : 3 = 0.7704
  -- 8 : 4 = 0.8633
  -- 8 : 5 = 0.4309
  -- 8 : 6 = 0.2326
  -- 8 : 7 = 0.9302
  -- 8 : 8 = 0.0425
  -- 8 : 9 = 0.8666
  -- 9 : 1 = 0.561
  -- 9 : 2 = 0.1585
  -- 9 : 3 = 0.0363
  -- 9 : 4 = 0.9116
  -- 9 : 5 = 0.329
  -- 9 : 6 = 0.368
  -- 9 : 7 = 0.9225
  -- 9 : 8 = 0.9696
  -- 9 : 9 = 0.4994
  -- 10 : 1 = 0.34
  -- 10 : 2 = 0.5606
  -- 10 : 3 = 0.2142
  -- 10 : 4 = 0.2111
  -- 10 : 5 = 0.3805
  -- 10 : 6 = 0.6707
  -- 10 : 7 = 0.1006
  -- 10 : 8 = 0.2281
  -- 10 : 9 = 0.9384
  Inner Net 2
  -- 1 : 1 = 0.160689
  -- 1 : 2 = -0.0995954
  -- 2 : 1 = 0.456598
  -- 2 : 2 = -0.0692259
  -- 3 : 1 = -0.990845
  -- 3 : 2 = 0.436468
  -- 4 : 1 = 0.0691472
  -- 4 : 2 = 0.104455
  -- 5 : 1 = 0.168989
  -- 5 : 2 = -0.149143
  -- 6 : 1 = -0.317591
  -- 6 : 2 = 0.176858
  -- 7 : 1 = -0.0217443
  -- 7 : 2 = 0.115421
  -- 8 : 1 = -0.0154703
  -- 8 : 2 = -0.0933311
  -- 9 : 1 = -0.82176
  -- 9 : 2 = -0.160893
Out\Act	False		True
False	0.84198	0	0.84198
True	0.15802	0	0.15802
	1	0
	Accuracy [ (tp + tn) / testSize ]: 0.84198
	Precision [ tp / (tp + fp) ]:      0
	Sensitivity [ tp / (tp + fn) ]:    0
	Specificity [ tn / (tn + fp) ]:    0.999435
	F-Score [ 2tp / (2tp + fp + fn) ]: 0
Particle (26):: Fit: 51.5106	PB: 51.5106	LB: 108.08	GB: 118.715	Conf: 2	Pts: 60477
Particle (35):: Fit: 109.069	PB: 109.069	LB: 112.883	GB: 118.715	Conf: 1.98214	Pts: 60777
Particle (37):: Fit: 52.4233	PB: 52.4233	LB: 112.883	GB: 118.715	Conf: 0.456312	Pts: 55370
Particle (38):: Fit: 56.7641	PB: 56.7641	LB: 112.883	GB: 118.715	Conf: 2	Pts: 60277
Particle (32):: Fit: 51.8118	PB: 51.8118	LB: 110.375	GB: 118.715	Conf: 0.173695	Pts: 55574
Particle (11):: Fit: 109.076	PB: 109.076	LB: 114.135	GB: 118.715	Conf: 1.98352	Pts: 55275
Particle (46):: Fit: 51.892	PB: 51.892	LB: 111.739	GB: 118.715	Conf: 2	Pts: 50275
Particle (26):: Fit: 53.7838	PB: 53.7838	LB: 108.08	GB: 118.715	Conf: 2	Pts: 60574
Particle (37):: Fit: 52.8203	PB: 52.8203	LB: 112.883	GB: 118.715	Conf: 0.728036	Pts: 55465
Particle (41):: Fit: 97.967	PB: 97.967	LB: 112.883	GB: 118.715	Conf: 1.43097	Pts: 50573
Particle (15):: Fit: 115.981	PB: 115.981	LB: 115.981	GB: 118.715	Conf: 1.72141	Pts: 280372
Particle (28):: Fit: 110.205	PB: 110.205	LB: 110.205	GB: 118.715	Conf: 1.96825	Pts: 150272
Particle (36):: Fit: 113.813	PB: 113.813	LB: 113.813	GB: 118.715	Conf: 1.90945	Pts: 160272
Particle (9):: Fit: 113.243	PB: 113.243	LB: 113.243	GB: 118.715	Conf: 1.90218	Pts: 100470
Particle (12):: Fit: 111.165	PB: 111.165	LB: 115.981	GB: 118.715	Conf: 1.23762	Pts: 110169
Particle (22):: Fit: 93.2965	PB: 93.2965	LB: 109.079	GB: 118.715	Conf: 1.00427	Pts: 125469
Particle (23):: Fit: 53.7838	PB: 53.7838	LB: 110.205	GB: 118.715	Conf: 2	Pts: 55468
Particle (13):: Fit: 56.7641	PB: 56.7641	LB: 115.981	GB: 118.715	Conf: 2	Pts: 55567
Particle (14):: Fit: 119.434	PB: 119.434	LB: 119.434	GB: 119.434	Conf: 1.96593	Pts: 170267
Global: 119.434 - Correct: 39% of 100 tests
Global Best: 
  Inner Net 1
  -- 1 : 1 = 0.1489
  -- 1 : 2 = 0.2143
  -- 1 : 3 = 0.8615
  -- 1 : 4 = 0.7028
  -- 1 : 5 = 0.8669
  -- 1 : 6 = 0.9462
  -- 1 : 7 = 0.512
  -- 1 : 8 = 0.1473
  -- 1 : 9 = 0.5245
  -- 2 : 1 = 0.3822
  -- 2 : 2 = 0.6429
  -- 2 : 3 = 0.1016
  -- 2 : 4 = 0.3522
  -- 2 : 5 = 0.7141
  -- 2 : 6 = 0.1767
  -- 2 : 7 = 0.5597
  -- 2 : 8 = 0.2574
  -- 2 : 9 = 0.6629
  -- 3 : 1 = 0.965
  -- 3 : 2 = 0.9906
  -- 3 : 3 = 0.0776
  -- 3 : 4 = 0.2533
  -- 3 : 5 = 0.9762
  -- 3 : 6 = 0.6765
  -- 3 : 7 = 0.1506
  -- 3 : 8 = 0.5588
  -- 3 : 9 = 0.7086
  -- 4 : 1 = 0.945
  -- 4 : 2 = 0.5577
  -- 4 : 3 = 0.4873
  -- 4 : 4 = 0.3269
  -- 4 : 5 = 0.6605
  -- 4 : 6 = 0.9292
  -- 4 : 7 = 0.0692
  -- 4 : 8 = 0.1214
  -- 4 : 9 = 0.4875
  -- 5 : 1 = 0.3649
  -- 5 : 2 = 0.8121
  -- 5 : 3 = 0.8964
  -- 5 : 4 = 0.3514
  -- 5 : 5 = 0.0981
  -- 5 : 6 = 0.5183
  -- 5 : 7 = 0.4386
  -- 5 : 8 = 0.9494
  -- 5 : 9 = 0.2883
  -- 6 : 1 = 0.0852
  -- 6 : 2 = 0.3963
  -- 6 : 3 = 0.2917
  -- 6 : 4 = 0.7846
  -- 6 : 5 = 0.2403
  -- 6 : 6 = 0.1677
  -- 6 : 7 = 0.0621
  -- 6 : 8 = 0.6466
  -- 6 : 9 = 0.0056
  -- 7 : 1 = 0.0199
  -- 7 : 2 = 0.5636
  -- 7 : 3 = 0.6928
  -- 7 : 4 = 0.9507
  -- 7 : 5 = 0.3593
  -- 7 : 6 = 0.8072
  -- 7 : 7 = 0.9896
  -- 7 : 8 = 0.7532
  -- 7 : 9 = 0.6074
  -- 8 : 1 = 0.5265
  -- 8 : 2 = 0.4884
  -- 8 : 3 = 0.0806
  -- 8 : 4 = 0.4336
  -- 8 : 5 = 0.1044
  -- 8 : 6 = 0.8914
  -- 8 : 7 = 0.1878
  -- 8 : 8 = 0.2427
  -- 8 : 9 = 0.7497
  -- 9 : 1 = 0.2331
  -- 9 : 2 = 0.8598
  -- 9 : 3 = 0.8867
  -- 9 : 4 = 0.4799
  -- 9 : 5 = 0.3634
  -- 9 : 6 = 0.2005
  -- 9 : 7 = 0.6212
  -- 9 : 8 = 0.123
  -- 9 : 9 = 0.5439
  -- 10 : 1 = 0.7474
  -- 10 : 2 = 0.5975
  -- 10 : 3 = 0.5741
  -- 10 : 4 = 0.19
  -- 10 : 5 = 0.5625
  -- 10 : 6 = 0.6355
  -- 10 : 7 = 0.0549
  -- 10 : 8 = 0.7839
  -- 10 : 9 = 0.6108
  Inner Net 2
  -- 1 : 1 = -0.304245
  -- 1 : 2 = 0.137994
  -- 2 : 1 = 0.215818
  -- 2 : 2 = -0.0352615
  -- 3 : 1 = -0.795228
  -- 3 : 2 = -0.211623
  -- 4 : 1 = 0.145348
  -- 4 : 2 = 0.192769
  -- 5 : 1 = -0.0284466
  -- 5 : 2 = -0.0207766
  -- 6 : 1 = 0.122274
  -- 6 : 2 = 0.188147
  -- 7 : 1 = 0.275888
  -- 7 : 2 = -0.194109
  -- 8 : 1 = -0.0432838
  -- 8 : 2 = 0.00397378
  -- 9 : 1 = -0.0774024
  -- 9 : 2 = -0.483048
Out\Act	False		True
False	0.84198	0	0.84198
True	0.15802	0	0.15802
	1	0
	Accuracy [ (tp + tn) / testSize ]: 0.84198
	Precision [ tp / (tp + fp) ]:      0
	Sensitivity [ tp / (tp + fn) ]:    0
	Specificity [ tn / (tn + fp) ]:    0.999435
	F-Score [ 2tp / (2tp + fp + fn) ]: 0
Particle (21):: Fit: 111.252	PB: 111.252	LB: 111.252	GB: 119.434	Conf: 1.96407	Pts: 145565
Particle (35):: Fit: 109.863	PB: 109.863	LB: 113.813	GB: 119.434	Conf: 1.9876	Pts: 60865
Particle (40):: Fit: 114.099	PB: 114.099	LB: 114.099	GB: 119.434	Conf: 1.96959	Pts: 220465
Particle (25):: Fit: 53.03	PB: 53.03	LB: 111.252	GB: 119.434	Conf: 2	Pts: 55561
Particle (30):: Fit: 51.892	PB: 51.892	LB: 110.205	GB: 119.434	Conf: 2	Pts: 55461
Particle (3):: Fit: 52.6516	PB: 52.6516	LB: 118.715	GB: 119.434	Conf: 2	Pts: 55560
Particle (6):: Fit: 112.166	PB: 112.166	LB: 118.715	GB: 119.434	Conf: 1.98586	Pts: 115260
Particle (7):: Fit: 52.4876	PB: 52.4876	LB: 113.243	GB: 119.434	Conf: 0.104682	Pts: 55453
Particle (26):: Fit: 102.998	PB: 102.998	LB: 110.205	GB: 119.434	Conf: 1.97129	Pts: 60660
Particle (32):: Fit: 52.4333	PB: 52.4333	LB: 113.813	GB: 119.434	Conf: 0.641072	Pts: 55654
Particle (27):: Fit: 53.9168	PB: 53.9168	LB: 110.205	GB: 119.434	Conf: 0.936252	Pts: 55653
Particle (43):: Fit: 53.7838	PB: 53.7838	LB: 114.099	GB: 119.434	Conf: 2	Pts: 50258
Particle (21):: Fit: 113.675	PB: 113.675	LB: 113.675	GB: 119.434	Conf: 1.98202	Pts: 175657
Particle (4):: Fit: 53.4074	PB: 53.4074	LB: 118.715	GB: 119.434	Conf: 2	Pts: 65456
Particle (46):: Fit: 96.4466	PB: 96.4466	LB: 111.739	GB: 119.434	Conf: 1.96264	Pts: 50356
Particle (37):: Fit: 52.8336	PB: 52.8336	LB: 114.099	GB: 119.434	Conf: 0.688818	Pts: 55545
Particle (45):: Fit: 53.4074	PB: 53.4074	LB: 111.739	GB: 119.434	Conf: 2	Pts: 50455
Particle (16):: Fit: 102.911	PB: 102.911	LB: 119.434	GB: 119.434	Conf: 1.63943	Pts: 60354
Particle (17):: Fit: 107.887	PB: 107.887	LB: 119.434	GB: 119.434	Conf: 1.93198	Pts: 65352
Particle (30):: Fit: 52.2723	PB: 52.2723	LB: 110.205	GB: 119.434	Conf: 2	Pts: 55552
Particle (7):: Fit: 52.84	PB: 52.84	LB: 113.243	GB: 119.434	Conf: 0.497091	Pts: 55543
Particle (0):: Fit: 53.7838	PB: 53.7838	LB: 118.715	GB: 119.434	Conf: 2	Pts: 110548
Particle (18):: Fit: 53.4074	PB: 53.4074	LB: 119.434	GB: 119.434	Conf: 2	Pts: 60448
Particle (32):: Fit: 53.0833	PB: 53.0833	LB: 113.813	GB: 119.434	Conf: 0.934074	Pts: 55739
Particle (36):: Fit: 116.057	PB: 116.057	LB: 116.057	GB: 119.434	Conf: 1.84799	Pts: 210347
Particle (40):: Fit: 114.602	PB: 114.602	LB: 116.057	GB: 119.434	Conf: 1.93224	Pts: 240546
Particle (34):: Fit: 55.2807	PB: 55.2807	LB: 116.057	GB: 119.434	Conf: 2	Pts: 100143
Particle (41):: Fit: 103.224	PB: 103.224	LB: 114.602	GB: 119.434	Conf: 1.44184	Pts: 50642
Particle (48):: Fit: 112.938	PB: 112.938	LB: 118.715	GB: 119.434	Conf: 1.98939	Pts: 120142
Particle (32):: Fit: 54.1978	PB: 54.1978	LB: 116.057	GB: 119.434	Conf: 0.014373	Pts: 55833
Particle (43):: Fit: 100.421	PB: 100.421	LB: 114.602	GB: 119.434	Conf: 1.99	Pts: 50340
Particle (8):: Fit: 54.1594	PB: 54.1594	LB: 113.243	GB: 119.434	Conf: 2	Pts: 65538
Particle (26):: Fit: 105.97	PB: 105.97	LB: 110.205	GB: 119.434	Conf: 1.98632	Pts: 60738
Particle (9):: Fit: 114.522	PB: 114.522	LB: 119.434	GB: 119.434	Conf: 1.8706	Pts: 110533
Particle (7):: Fit: 55.3012	PB: 55.3012	LB: 114.522	GB: 119.434	Conf: 0.638815	Pts: 55621
Particle (28):: Fit: 114.891	PB: 114.891	LB: 114.891	GB: 119.434	Conf: 1.97969	Pts: 190331
Particle (15):: Fit: 117.211	PB: 117.211	LB: 119.434	GB: 119.434	Conf: 1.85348	Pts: 285429
Particle (37):: Fit: 53.5081	PB: 53.5081	LB: 116.057	GB: 119.434	Conf: 0.953476	Pts: 55612
Particle (43):: Fit: 109.088	PB: 109.088	LB: 114.602	GB: 119.434	Conf: 1.98667	Pts: 50429
Particle (4):: Fit: 53.7838	PB: 53.7838	LB: 118.715	GB: 119.434	Conf: 2	Pts: 65527
Particle (22):: Fit: 110.106	PB: 110.106	LB: 113.675	GB: 119.434	Conf: 0.96967	Pts: 125526
Particle (39):: Fit: 53.9932	PB: 53.9932	LB: 116.057	GB: 119.434	Conf: 0.0874181	Pts: 55315
Particle (6):: Fit: 115.22	PB: 115.22	LB: 118.715	GB: 119.434	Conf: 1.98866	Pts: 125325
Particle (21):: Fit: 114.578	PB: 114.578	LB: 114.578	GB: 119.434	Conf: 1.88947	Pts: 190721
Particle (36):: Fit: 116.381	PB: 116.381	LB: 116.381	GB: 119.434	Conf: 1.86991	Pts: 260420
Particle (47):: Fit: 53.4074	PB: 53.4074	LB: 118.715	GB: 119.434	Conf: 2	Pts: 50418
Particle (46):: Fit: 106.752	PB: 106.752	LB: 112.938	GB: 119.434	Conf: 1.986	Pts: 50417
Particle (11):: Fit: 115.22	PB: 115.22	LB: 119.434	GB: 119.434	Conf: 1.98886	Pts: 65312
Particle (3):: Fit: 53.7838	PB: 53.7838	LB: 118.715	GB: 119.434	Conf: 2	Pts: 55610
Particle (37):: Fit: 53.6049	PB: 53.6049	LB: 116.381	GB: 119.434	Conf: 0.812143	Pts: 55685
Particle (12):: Fit: 111.204	PB: 111.204	LB: 119.434	GB: 119.434	Conf: 1.40757	Pts: 110202
Particle (40):: Fit: 116.851	PB: 116.851	LB: 116.851	GB: 119.434	Conf: 1.88549	Pts: 290602
Particle (44):: Fit: 54.9078	PB: 54.9078	LB: 116.851	GB: 119.434	Conf: 2	Pts: 70100
Particle (45):: Fit: 55.2807	PB: 55.2807	LB: 112.938	GB: 119.434	Conf: 2	Pts: 50500
Particle (1):: Fit: 111.362	PB: 111.362	LB: 118.715	GB: 119.434	Conf: 0.466471	Pts: 110398
Particle (19):: Fit: 110.352	PB: 110.352	LB: 117.211	GB: 119.434	Conf: 0.685823	Pts: 65198
Particle (23):: Fit: 54.6695	PB: 54.6695	LB: 114.891	GB: 119.434	Conf: 0.126581	Pts: 55498
Particle (27):: Fit: 76.1426	PB: 76.1426	LB: 114.891	GB: 119.434	Conf: 0.670586	Pts: 55683
Particle (34):: Fit: 55.754	PB: 55.754	LB: 116.381	GB: 119.434	Conf: 0.34884	Pts: 100198
Particle (39):: Fit: 72.4957	PB: 72.4957	LB: 116.851	GB: 119.434	Conf: 0.531053	Pts: 55383
Particle (47):: Fit: 82.8918	PB: 82.8918	LB: 118.715	GB: 119.434	Conf: 0.419155	Pts: 50498
Particle (5):: Fit: 58.4808	PB: 58.4808	LB: 118.715	GB: 119.434	Conf: 0.552831	Pts: 55397
Particle (10):: Fit: 115.297	PB: 115.297	LB: 119.434	GB: 119.434	Conf: 0.391006	Pts: 145397
Particle (13):: Fit: 65.0308	PB: 65.0308	LB: 119.434	GB: 119.434	Conf: 0.756216	Pts: 55597
Particle (34):: Fit: 78.3157	PB: 78.3157	LB: 116.381	GB: 119.434	Conf: 0.303892	Pts: 100297
Particle (38):: Fit: 64.9318	PB: 64.9318	LB: 116.851	GB: 119.434	Conf: 0.557035	Pts: 60297
Particle (44):: Fit: 66.9638	PB: 66.9638	LB: 116.851	GB: 119.434	Conf: 0.284991	Pts: 70197
Particle (49):: Fit: 67.7423	PB: 67.7423	LB: 118.715	GB: 119.434	Conf: 0.74064	Pts: 50297
Particle (5):: Fit: 58.6497	PB: 58.6497	LB: 118.715	GB: 119.434	Conf: 0.840557	Pts: 55496
Particle (7):: Fit: 81.482	PB: 81.482	LB: 115.297	GB: 119.434	Conf: 1.14205	Pts: 55680
Particle (23):: Fit: 83.124	PB: 83.124	LB: 114.891	GB: 119.434	Conf: 0.691511	Pts: 55596
Particle (30):: Fit: 58.8714	PB: 58.8714	LB: 114.891	GB: 119.434	Conf: 0.664435	Pts: 55596
Particle (34):: Fit: 88.6551	PB: 88.6551	LB: 116.381	GB: 119.434	Conf: 0.410993	Pts: 100396
Particle (39):: Fit: 92.1193	PB: 92.1193	LB: 116.851	GB: 119.434	Conf: 0.591984	Pts: 55480
Particle (0):: Fit: 90.816	PB: 90.816	LB: 118.715	GB: 119.434	Conf: 0.697256	Pts: 110595
Particle (3):: Fit: 105.972	PB: 105.972	LB: 118.715	GB: 119.434	Conf: 1.98728	Pts: 55695
Particle (17):: Fit: 109.379	PB: 109.379	LB: 119.434	GB: 119.434	Conf: 0.891533	Pts: 65395
Particle (25):: Fit: 89.9093	PB: 89.9093	LB: 114.891	GB: 119.434	Conf: 1.85004	Pts: 55595
Particle (26):: Fit: 116.66	PB: 116.66	LB: 116.66	GB: 119.434	Conf: 0.968677	Pts: 110794
Particle (34):: Fit: 99.5001	PB: 99.5001	LB: 116.381	GB: 119.434	Conf: 0.246313	Pts: 100495
Particle (37):: Fit: 95.0064	PB: 95.0064	LB: 116.851	GB: 119.434	Conf: 0.591864	Pts: 55770
Particle (44):: Fit: 69.0235	PB: 69.0235	LB: 116.851	GB: 119.434	Conf: 0.709742	Pts: 70295
Particle (4):: Fit: 57.8495	PB: 57.8495	LB: 118.715	GB: 119.434	Conf: 0.488779	Pts: 65594
Particle (5):: Fit: 69.1017	PB: 69.1017	LB: 118.715	GB: 119.434	Conf: 0.614686	Pts: 55594
Particle (13):: Fit: 110.877	PB: 110.877	LB: 119.434	GB: 119.434	Conf: 0.98764	Pts: 55694
Particle (16):: Fit: 105.382	PB: 105.382	LB: 119.434	GB: 119.434	Conf: 0.967678	Pts: 60394
Particle (19):: Fit: 112.617	PB: 112.617	LB: 117.211	GB: 119.434	Conf: 0.583898	Pts: 65294
Particle (30):: Fit: 107.254	PB: 107.254	LB: 116.66	GB: 119.434	Conf: 0.0884482	Pts: 55694
Particle (34):: Fit: 104.313	PB: 104.313	LB: 116.381	GB: 119.434	Conf: 0.300706	Pts: 100594
Particle (39):: Fit: 100.731	PB: 100.731	LB: 116.851	GB: 119.434	Conf: 0.724209	Pts: 55578
Particle (44):: Fit: 95.5804	PB: 95.5804	LB: 116.851	GB: 119.434	Conf: 0.654197	Pts: 70394
Particle (47):: Fit: 103.64	PB: 103.64	LB: 118.715	GB: 119.434	Conf: 0.232937	Pts: 50594
Particle (0):: Fit: 107.219	PB: 107.219	LB: 118.715	GB: 119.434	Conf: 0.599725	Pts: 110693
Particle (4):: Fit: 98.3421	PB: 98.3421	LB: 118.715	GB: 119.434	Conf: 0.777215	Pts: 65693
Particle (5):: Fit: 73.7469	PB: 73.7469	LB: 118.715	GB: 119.434	Conf: 0.532629	Pts: 55693
Particle (44):: Fit: 111.207	PB: 111.207	LB: 116.851	GB: 119.434	Conf: 0.750503	Pts: 70493
Particle (49):: Fit: 96.6357	PB: 96.6357	LB: 118.715	GB: 119.434	Conf: 0.874379	Pts: 50393
Particle (8):: Fit: 77.4616	PB: 77.4616	LB: 115.297	GB: 119.434	Conf: 0.360788	Pts: 65592
Particle (37):: Fit: 105.989	PB: 105.989	LB: 116.851	GB: 119.434	Conf: 0.620675	Pts: 55867
Particle (41):: Fit: 105.398	PB: 105.398	LB: 116.851	GB: 119.434	Conf: 0.506165	Pts: 50692
Particle (5):: Fit: 82.6835	PB: 82.6835	LB: 118.715	GB: 119.434	Conf: 0.761779	Pts: 55791
Particle (38):: Fit: 81.8534	PB: 81.8534	LB: 116.851	GB: 119.434	Conf: 0.560619	Pts: 60391
Particle (22):: Fit: 118.965	PB: 118.965	LB: 118.965	GB: 119.434	Conf: 0.869618	Pts: 165590
Particle (31):: Fit: 55.4099	PB: 55.4099	LB: 116.381	GB: 119.434	Conf: 0.459125	Pts: 60272
Particle (45):: Fit: 65.1139	PB: 65.1139	LB: 112.938	GB: 119.434	Conf: 0.918567	Pts: 50590
Particle (4):: Fit: 102.796	PB: 102.796	LB: 118.715	GB: 119.434	Conf: 0.963801	Pts: 65789
Particle (23):: Fit: 92.9403	PB: 92.9403	LB: 118.965	GB: 119.434	Conf: 0.276542	Pts: 55689
Particle (25):: Fit: 101.262	PB: 101.262	LB: 118.965	GB: 119.434	Conf: 0.828129	Pts: 55689
Particle (8):: Fit: 88.4499	PB: 88.4499	LB: 115.297	GB: 119.434	Conf: 0.236702	Pts: 65688
Particle (30):: Fit: 114.352	PB: 114.352	LB: 116.66	GB: 119.434	Conf: 0.944928	Pts: 55788
Particle (49):: Fit: 105.707	PB: 105.707	LB: 118.715	GB: 119.434	Conf: 0.599328	Pts: 50488
Particle (0):: Fit: 111.078	PB: 111.078	LB: 118.715	GB: 119.434	Conf: 0.709448	Pts: 110787
Particle (8):: Fit: 103.822	PB: 103.822	LB: 115.297	GB: 119.434	Conf: 0.535172	Pts: 65787
Particle (27):: Fit: 85.2413	PB: 85.2413	LB: 116.66	GB: 119.434	Conf: 0.519675	Pts: 55771
Particle (37):: Fit: 106.168	PB: 106.168	LB: 116.851	GB: 119.434	Conf: 0.509034	Pts: 55962
Particle (41):: Fit: 105.971	PB: 105.971	LB: 116.851	GB: 119.434	Conf: 0.819003	Pts: 50787
Particle (45):: Fit: 101.381	PB: 101.381	LB: 112.938	GB: 119.434	Conf: 0.259998	Pts: 50687
Particle (32):: Fit: 106.886	PB: 106.886	LB: 116.381	GB: 119.434	Conf: 0.914237	Pts: 55874
Particle (23):: Fit: 96.5756	PB: 96.5756	LB: 118.965	GB: 119.434	Conf: 0.696462	Pts: 55785
Particle (32):: Fit: 109.351	PB: 109.351	LB: 116.381	GB: 119.434	Conf: 0.966759	Pts: 55973
Particle (13):: Fit: 120.56	PB: 120.56	LB: 120.56	GB: 120.56	Conf: 0.996901	Pts: 115784
Particle (31):: Fit: 61.005	PB: 61.005	LB: 116.381	GB: 120.56	Conf: 0.0734927	Pts: 60366
Global: 120.56 - Correct: 63% of 100 tests
Global Best: 
  Inner Net 1
  -- 1 : 1 = -0.0296399
  -- 1 : 2 = -0.253821
  -- 1 : 3 = 0.0520909
  -- 1 : 4 = -0.125477
  -- 1 : 5 = 0.106859
  -- 1 : 6 = 0.368251
  -- 1 : 7 = -0.122262
  -- 1 : 8 = -0.253115
  -- 1 : 9 = 0.342784
  -- 2 : 1 = 0.448262
  -- 2 : 2 = 0.0616421
  -- 2 : 3 = -0.0389962
  -- 2 : 4 = 0.0562597
  -- 2 : 5 = 0.262714
  -- 2 : 6 = 0.217695
  -- 2 : 7 = 0.449084
  -- 2 : 8 = 0.188102
  -- 2 : 9 = 0.259324
  -- 3 : 1 = -0.0402064
  -- 3 : 2 = 0.684586
  -- 3 : 3 = 0.0711613
  -- 3 : 4 = 0.263312
  -- 3 : 5 = 0.153994
  -- 3 : 6 = 0.355235
  -- 3 : 7 = 0.114306
  -- 3 : 8 = -0.036993
  -- 3 : 9 = 0.211659
  -- 4 : 1 = 0.68499
  -- 4 : 2 = -0.103467
  -- 4 : 3 = 0.0613224
  -- 4 : 4 = 0.00941889
  -- 4 : 5 = 0.262012
  -- 4 : 6 = 0.12881
  -- 4 : 7 = -0.082764
  -- 4 : 8 = -0.0501475
  -- 4 : 9 = 0.201945
  -- 5 : 1 = 0.52068
  -- 5 : 2 = 0.194876
  -- 5 : 3 = 0.0671033
  -- 5 : 4 = 0.0347754
  -- 5 : 5 = 0.0693329
  -- 5 : 6 = 0.35235
  -- 5 : 7 = 0.21578
  -- 5 : 8 = 0.182118
  -- 5 : 9 = 0.0715461
  -- 6 : 1 = 0.0685431
  -- 6 : 2 = -0.0894234
  -- 6 : 3 = 0.339561
  -- 6 : 4 = -0.0159148
  -- 6 : 5 = 0.388488
  -- 6 : 6 = -0.146989
  -- 6 : 7 = 0.0791178
  -- 6 : 8 = 0.079911
  -- 6 : 9 = 0.0369075
  -- 7 : 1 = -0.0514491
  -- 7 : 2 = -0.28299
  -- 7 : 3 = 0.223763
  -- 7 : 4 = 0.407215
  -- 7 : 5 = 0.257846
  -- 7 : 6 = 0.162838
  -- 7 : 7 = -0.0685033
  -- 7 : 8 = -0.0811412
  -- 7 : 9 = 0.303655
  -- 8 : 1 = 0.543554
  -- 8 : 2 = -0.0133384
  -- 8 : 3 = 0.0200479
  -- 8 : 4 = -0.431932
  -- 8 : 5 = 0.0306237
  -- 8 : 6 = 0.206999
  -- 8 : 7 = -0.159943
  -- 8 : 8 = -0.307111
  -- 8 : 9 = 0.2695
  -- 9 : 1 = -0.142158
  -- 9 : 2 = -0.180665
  -- 9 : 3 = -0.150369
  -- 9 : 4 = 0.158199
  -- 9 : 5 = 0.188281
  -- 9 : 6 = 0.0600397
  -- 9 : 7 = 0.0161255
  -- 9 : 8 = 0.11757
  -- 9 : 9 = 0.0605671
  -- 10 : 1 = -0.5
  -- 10 : 2 = 0.296029
  -- 10 : 3 = 0.329943
  -- 10 : 4 = -0.0791021
  -- 10 : 5 = 0.104981
  -- 10 : 6 = 0.0398256
  -- 10 : 7 = 0.405587
  -- 10 : 8 = 0.24289
  -- 10 : 9 = 0.404422
  Inner Net 2
  -- 1 : 1 = -0.341301
  -- 1 : 2 = -0.15701
  -- 2 : 1 = 0.382587
  -- 2 : 2 = 0.0272608
  -- 3 : 1 = -0.702663
  -- 3 : 2 = -0.164238
  -- 4 : 1 = 0.180674
  -- 4 : 2 = 0.479362
  -- 5 : 1 = -0.00871385
  -- 5 : 2 = -0.0804129
  -- 6 : 1 = -0.121348
  -- 6 : 2 = 0.0551802
  -- 7 : 1 = -0.359151
  -- 7 : 2 = -0.00372316
  -- 8 : 1 = -4.78725e-006
  -- 8 : 2 = -0.0230852
  -- 9 : 1 = -0.46549
  -- 9 : 2 = -0.0752784
Out\Act	False		True
False	0.0837696	0.75821	0.84198
True	0.00713946	0.150881	0.15802
	0.0909091	0.909091
	Accuracy [ (tp + tn) / testSize ]: 0.23465
	Precision [ tp / (tp + fp) ]:      0.165882
	Sensitivity [ tp / (tp + fn) ]:    0.951952
	Specificity [ tn / (tn + fp) ]:    0.099435
	F-Score [ 2tp / (2tp + fp + fn) ]: 0.282657
Particle (31):: Fit: 68.2152	PB: 68.2152	LB: 116.381	GB: 120.56	Conf: 0.314603	Pts: 60465
Particle (38):: Fit: 90.7881	PB: 90.7881	LB: 116.851	GB: 120.56	Conf: 0.492066	Pts: 60483
Particle (47):: Fit: 110.1	PB: 110.1	LB: 118.715	GB: 120.56	Conf: 0.332713	Pts: 50683
Particle (7):: Fit: 84.4322	PB: 84.4322	LB: 115.297	GB: 120.56	Conf: 0.867544	Pts: 55766
Particle (18):: Fit: 60.0716	PB: 60.0716	LB: 119.434	GB: 120.56	Conf: 0.686883	Pts: 60480
Particle (16):: Fit: 105.668	PB: 105.668	LB: 120.56	GB: 120.56	Conf: 0.480578	Pts: 60480
Particle (5):: Fit: 83.7515	PB: 83.7515	LB: 118.715	GB: 120.56	Conf: 0.74269	Pts: 55879
Particle (8):: Fit: 104.931	PB: 104.931	LB: 120.56	GB: 120.56	Conf: 0.805329	Pts: 65880
Particle (42):: Fit: 110.759	PB: 110.759	LB: 116.851	GB: 120.56	Conf: 0.590181	Pts: 50380
Particle (24):: Fit: 108.916	PB: 108.916	LB: 118.965	GB: 120.56	Conf: 0.27595	Pts: 105279
Particle (27):: Fit: 97.8994	PB: 97.8994	LB: 116.66	GB: 120.56	Conf: 0.55226	Pts: 55861
Particle (38):: Fit: 105.86	PB: 105.86	LB: 116.851	GB: 120.56	Conf: 0.475261	Pts: 60578
Particle (31):: Fit: 80.6078	PB: 80.6078	LB: 116.381	GB: 120.56	Conf: 0.115384	Pts: 60559
Particle (25):: Fit: 102.12	PB: 102.12	LB: 118.965	GB: 120.56	Conf: 0.828229	Pts: 55775
Particle (37):: Fit: 113.917	PB: 113.917	LB: 116.851	GB: 120.56	Conf: 0.797365	Pts: 56051
Particle (45):: Fit: 102.511	PB: 102.511	LB: 112.938	GB: 120.56	Conf: 0.258088	Pts: 50774
Particle (46):: Fit: 107.413	PB: 107.413	LB: 112.938	GB: 120.56	Conf: 0.454606	Pts: 50475
Particle (37):: Fit: 125.476	PB: 125.476	LB: 125.476	GB: 125.476	Conf: 0.699911	Pts: 116148
Global: 125.476 - Correct: 72% of 100 tests
Global Best: 
  Inner Net 1
  -- 1 : 1 = 0.00654309
  -- 1 : 2 = 0.194913
  -- 1 : 3 = -0.0567882
  -- 1 : 4 = -0.0768966
  -- 1 : 5 = -0.112199
  -- 1 : 6 = 0.35379
  -- 1 : 7 = -0.0112226
  -- 1 : 8 = 0.226917
  -- 1 : 9 = 0.232616
  -- 2 : 1 = 0.0989079
  -- 2 : 2 = -0.0204802
  -- 2 : 3 = -0.00154753
  -- 2 : 4 = -0.116653
  -- 2 : 5 = 0.496356
  -- 2 : 6 = 0.302207
  -- 2 : 7 = -0.262633
  -- 2 : 8 = 0.303935
  -- 2 : 9 = -0.193607
  -- 3 : 1 = 0.168853
  -- 3 : 2 = 0.572486
  -- 3 : 3 = -0.00355353
  -- 3 : 4 = -0.286403
  -- 3 : 5 = -0.279757
  -- 3 : 6 = -0.111471
  -- 3 : 7 = 0.0068604
  -- 3 : 8 = -0.0679012
  -- 3 : 9 = -0.0285027
  -- 4 : 1 = 0.320897
  -- 4 : 2 = 0.373649
  -- 4 : 3 = 0.420728
  -- 4 : 4 = 0.13677
  -- 4 : 5 = 0.0975033
  -- 4 : 6 = 0.320259
  -- 4 : 7 = -0.265454
  -- 4 : 8 = 0.0327011
  -- 4 : 9 = 0.431774
  -- 5 : 1 = -0.160042
  -- 5 : 2 = 0.220544
  -- 5 : 3 = -0.213182
  -- 5 : 4 = 0.0465562
  -- 5 : 5 = 0.0338885
  -- 5 : 6 = -0.337517
  -- 5 : 7 = 0.284478
  -- 5 : 8 = 0.0366227
  -- 5 : 9 = -0.061985
  -- 6 : 1 = 0.188533
  -- 6 : 2 = -0.214811
  -- 6 : 3 = -0.225457
  -- 6 : 4 = 0.128786
  -- 6 : 5 = -0.1541
  -- 6 : 6 = 0.0947725
  -- 6 : 7 = 0.113533
  -- 6 : 8 = 0.159488
  -- 6 : 9 = -0.0298494
  -- 7 : 1 = 0.23318
  -- 7 : 2 = -0.0712946
  -- 7 : 3 = 0.0494192
  -- 7 : 4 = 0.336752
  -- 7 : 5 = -0.0302502
  -- 7 : 6 = -0.170852
  -- 7 : 7 = 0.295212
  -- 7 : 8 = 0.557886
  -- 7 : 9 = -0.0544635
  -- 8 : 1 = 0.735435
  -- 8 : 2 = -0.0632652
  -- 8 : 3 = -0.00304406
  -- 8 : 4 = 0.117371
  -- 8 : 5 = -0.0140357
  -- 8 : 6 = 0.127966
  -- 8 : 7 = -0.197761
  -- 8 : 8 = -0.209799
  -- 8 : 9 = -0.044209
  -- 9 : 1 = -0.202654
  -- 9 : 2 = 0.239897
  -- 9 : 3 = 0.204117
  -- 9 : 4 = 0.414481
  -- 9 : 5 = 0.0338074
  -- 9 : 6 = -0.165563
  -- 9 : 7 = -0.113159
  -- 9 : 8 = 0.0177126
  -- 9 : 9 = -0.147749
  -- 10 : 1 = 0.272847
  -- 10 : 2 = 0.000687017
  -- 10 : 3 = -0.252732
  -- 10 : 4 = 0.357962
  -- 10 : 5 = 0.218295
  -- 10 : 6 = 0.137641
  -- 10 : 7 = 0.174504
  -- 10 : 8 = 0.241868
  -- 10 : 9 = 0.260481
  Inner Net 2
  -- 1 : 1 = -0.265823
  -- 1 : 2 = -0.321528
  -- 2 : 1 = 0.0178578
  -- 2 : 2 = -0.145551
  -- 3 : 1 = -0.344329
  -- 3 : 2 = -0.380666
  -- 4 : 1 = 0.0663978
  -- 4 : 2 = -0.126086
  -- 5 : 1 = 0.0894422
  -- 5 : 2 = -0.316383
  -- 6 : 1 = -0.682668
  -- 6 : 2 = -0.00950568
  -- 7 : 1 = -0.0836937
  -- 7 : 2 = 0.41634
  -- 8 : 1 = 0.281935
  -- 8 : 2 = 0.102116
  -- 9 : 1 = 0.284357
  -- 9 : 2 = 0.169501
Out\Act	False		True
False	0.228939	0.613041	0.84198
True	0.0237982	0.134222	0.15802
	0.252737	0.747263
	Accuracy [ (tp + tn) / testSize ]: 0.36316
	Precision [ tp / (tp + fp) ]:      0.179504
	Sensitivity [ tp / (tp + fn) ]:    0.846847
	Specificity [ tn / (tn + fp) ]:    0.271751
	F-Score [ 2tp / (2tp + fp + fn) ]: 0.296374
Particle (33):: Fit: 112.38	PB: 112.38	LB: 125.476	GB: 125.476	Conf: 0.628453	Pts: 85270
Particle (49):: Fit: 108.198	PB: 108.198	LB: 118.715	GB: 125.476	Conf: 0.558836	Pts: 50571
Particle (23):: Fit: 99.7247	PB: 99.7247	LB: 118.965	GB: 125.476	Conf: 0.725884	Pts: 55870
Particle (7):: Fit: 92.7763	PB: 92.7763	LB: 115.297	GB: 125.476	Conf: 0.969834	Pts: 55852
Particle (46):: Fit: 114.966	PB: 114.966	LB: 114.966	GB: 125.476	Conf: 0.844126	Pts: 60569
Particle (18):: Fit: 65.7955	PB: 65.7955	LB: 119.434	GB: 125.476	Conf: 0.504697	Pts: 60565
Particle (23):: Fit: 103.539	PB: 103.539	LB: 118.965	GB: 125.476	Conf: 0.506332	Pts: 55968
Particle (29):: Fit: 114.077	PB: 114.077	LB: 116.66	GB: 125.476	Conf: 0.684146	Pts: 160367
Particle (31):: Fit: 81.4029	PB: 81.4029	LB: 116.381	GB: 125.476	Conf: 0.126861	Pts: 60650
Particle (32):: Fit: 113.742	PB: 113.742	LB: 125.476	GB: 125.476	Conf: 0.447572	Pts: 56055
Particle (45):: Fit: 108.286	PB: 108.286	LB: 114.966	GB: 125.476	Conf: 0.0987617	Pts: 50866
Particle (24):: Fit: 109.487	PB: 109.487	LB: 118.965	GB: 125.476	Conf: 0.279804	Pts: 105366
Particle (41):: Fit: 106.385	PB: 106.385	LB: 125.476	GB: 125.476	Conf: 0.84126	Pts: 50865
Particle (18):: Fit: 68.701	PB: 68.701	LB: 119.434	GB: 125.476	Conf: 0.5698	Pts: 60662
Particle (48):: Fit: 115.358	PB: 115.358	LB: 118.715	GB: 125.476	Conf: 0.280998	Pts: 130164
Particle (1):: Fit: 121.063	PB: 121.063	LB: 121.063	GB: 125.476	Conf: 0.535727	Pts: 160464
Particle (33):: Fit: 113.362	PB: 113.362	LB: 125.476	GB: 125.476	Conf: 0.595082	Pts: 85362
Particle (5):: Fit: 97.4656	PB: 97.4656	LB: 121.063	GB: 125.476	Conf: 0.639293	Pts: 55961
Particle (34):: Fit: 105.758	PB: 105.758	LB: 125.476	GB: 125.476	Conf: 0.570931	Pts: 100662
Particle (20):: Fit: 105.696	PB: 105.696	LB: 118.965	GB: 125.476	Conf: 0.230798	Pts: 70258
Particle (24):: Fit: 115.677	PB: 115.677	LB: 118.965	GB: 125.476	Conf: 0.398209	Pts: 105461
Particle (8):: Fit: 107.338	PB: 107.338	LB: 120.56	GB: 125.476	Conf: 0.798454	Pts: 65959
Particle (32):: Fit: 115.23	PB: 115.23	LB: 125.476	GB: 125.476	Conf: 0.437172	Pts: 56148
Particle (34):: Fit: 111.563	PB: 111.563	LB: 125.476	GB: 125.476	Conf: 0.582639	Pts: 100760
Particle (10):: Fit: 115.514	PB: 115.514	LB: 120.56	GB: 125.476	Conf: 0.372445	Pts: 150458
Particle (38):: Fit: 118.055	PB: 118.055	LB: 125.476	GB: 125.476	Conf: 0.542619	Pts: 65658
Particle (49):: Fit: 115.228	PB: 115.228	LB: 121.063	GB: 125.476	Conf: 0.57964	Pts: 50658
Particle (25):: Fit: 104.052	PB: 104.052	LB: 118.965	GB: 125.476	Conf: 0.786361	Pts: 55855
Particle (27):: Fit: 104.184	PB: 104.184	LB: 116.66	GB: 125.476	Conf: 0.688099	Pts: 55938
Particle (43):: Fit: 116.005	PB: 116.005	LB: 116.851	GB: 125.476	Conf: 0.216569	Pts: 55457
Particle (7):: Fit: 94.8162	PB: 94.8162	LB: 115.514	GB: 125.476	Conf: 0.959895	Pts: 55938
Particle (23):: Fit: 104.644	PB: 104.644	LB: 118.965	GB: 125.476	Conf: 0.522699	Pts: 56055
Particle (7):: Fit: 98.1633	PB: 98.1633	LB: 115.514	GB: 125.476	Conf: 0.988255	Pts: 56037
Particle (44):: Fit: 114.799	PB: 114.799	LB: 116.851	GB: 125.476	Conf: 0.699143	Pts: 70554
Particle (5):: Fit: 107.197	PB: 107.197	LB: 121.063	GB: 125.476	Conf: 0.619997	Pts: 56050
Particle (4):: Fit: 114.457	PB: 114.457	LB: 121.063	GB: 125.476	Conf: 0.244454	Pts: 65850
Particle (12):: Fit: 115.442	PB: 115.442	LB: 120.56	GB: 125.476	Conf: 0.446247	Pts: 110249
Particle (16):: Fit: 122.51	PB: 122.51	LB: 122.51	GB: 125.476	Conf: 0.915996	Pts: 110547
Particle (5):: Fit: 111.57	PB: 111.57	LB: 121.063	GB: 125.476	Conf: 0.647708	Pts: 56145
Particle (39):: Fit: 109.437	PB: 109.437	LB: 125.476	GB: 125.476	Conf: 0.683646	Pts: 55630
Particle (20):: Fit: 109.997	PB: 109.997	LB: 122.51	GB: 125.476	Conf: 0.0400983	Pts: 70341
Particle (31):: Fit: 103.995	PB: 103.995	LB: 116.381	GB: 125.476	Conf: 0.311513	Pts: 60727
Particle (45):: Fit: 109.786	PB: 109.786	LB: 116.005	GB: 125.476	Conf: 0.395344	Pts: 50941
Particle (21):: Fit: 116.349	PB: 116.349	LB: 118.965	GB: 125.476	Conf: 0.711044	Pts: 190742
Particle (23):: Fit: 104.771	PB: 104.771	LB: 118.965	GB: 125.476	Conf: 0.638813	Pts: 56142
Particle (41):: Fit: 107.317	PB: 107.317	LB: 125.476	GB: 125.476	Conf: 0.842235	Pts: 50940
Particle (0):: Fit: 112.499	PB: 112.499	LB: 121.063	GB: 125.476	Conf: 0.732606	Pts: 110840
Particle (5):: Fit: 113.316	PB: 113.316	LB: 121.063	GB: 125.476	Conf: 0.526416	Pts: 56239
Particle (8):: Fit: 107.537	PB: 107.537	LB: 120.56	GB: 125.476	Conf: 0.792343	Pts: 66039
Particle (25):: Fit: 107.101	PB: 107.101	LB: 118.965	GB: 125.476	Conf: 0.862192	Pts: 55935
Particle (31):: Fit: 107.891	PB: 107.891	LB: 116.381	GB: 125.476	Conf: 0.0423057	Pts: 60819
Particle (12):: Fit: 118.905	PB: 118.905	LB: 122.51	GB: 125.476	Conf: 0.124778	Pts: 115334
Particle (8):: Fit: 109.02	PB: 109.02	LB: 120.56	GB: 125.476	Conf: 0.677175	Pts: 66133
Particle (23):: Fit: 108.388	PB: 108.388	LB: 118.965	GB: 125.476	Conf: 0.712996	Pts: 56230
Particle (44):: Fit: 119.018	PB: 119.018	LB: 119.018	GB: 125.476	Conf: 0.643335	Pts: 90630
Particle (13):: Fit: 121.689	PB: 121.689	LB: 122.51	GB: 125.476	Conf: 0.985572	Pts: 130827
Particle (18):: Fit: 90.2866	PB: 90.2866	LB: 122.51	GB: 125.476	Conf: 0.531277	Pts: 60720
Particle (5):: Fit: 121.627	PB: 121.627	LB: 121.627	GB: 125.476	Conf: 0.717101	Pts: 96324
Particle (35):: Fit: 116.401	PB: 116.401	LB: 125.476	GB: 125.476	Conf: 0.682033	Pts: 65820
Particle (7):: Fit: 101.826	PB: 101.826	LB: 121.627	GB: 125.476	Conf: 0.521828	Pts: 56100
Particle (25):: Fit: 111.56	PB: 111.56	LB: 118.965	GB: 125.476	Conf: 0.722831	Pts: 56019
Particle (29):: Fit: 116.257	PB: 116.257	LB: 116.66	GB: 125.476	Conf: 0.614131	Pts: 160418
Particle (34):: Fit: 113.343	PB: 113.343	LB: 125.476	GB: 125.476	Conf: 0.500195	Pts: 100819
Particle (38):: Fit: 120.728	PB: 120.728	LB: 125.476	GB: 125.476	Conf: 0.469573	Pts: 70715
Particle (39):: Fit: 115.987	PB: 115.987	LB: 125.476	GB: 125.476	Conf: 0.80994	Pts: 55698
Particle (28):: Fit: 116.571	PB: 116.571	LB: 116.66	GB: 125.476	Conf: 0.549961	Pts: 195312
Particle (7):: Fit: 111.103	PB: 111.103	LB: 121.627	GB: 125.476	Conf: 0.915908	Pts: 56189
Particle (47):: Fit: 115.865	PB: 115.865	LB: 121.063	GB: 125.476	Conf: 0.959436	Pts: 50708
Particle (41):: Fit: 107.881	PB: 107.881	LB: 125.476	GB: 125.476	Conf: 0.856004	Pts: 51005
Particle (25):: Fit: 111.752	PB: 111.752	LB: 118.965	GB: 125.476	Conf: 0.595955	Pts: 56104
Particle (20):: Fit: 110.865	PB: 110.865	LB: 122.51	GB: 125.476	Conf: 0.0901062	Pts: 70401
Particle (27):: Fit: 115.934	PB: 115.934	LB: 116.66	GB: 125.476	Conf: 0.558772	Pts: 55984
Particle (8):: Fit: 120.611	PB: 120.611	LB: 121.689	GB: 125.476	Conf: 0.628364	Pts: 66201
Particle (19):: Fit: 122.06	PB: 122.06	LB: 122.51	GB: 125.476	Conf: 0.622314	Pts: 80301
Particle (17):: Fit: 114.861	PB: 114.861	LB: 122.51	GB: 125.476	Conf: 0.0972323	Pts: 65397
Particle (20):: Fit: 118.304	PB: 118.304	LB: 122.51	GB: 125.476	Conf: 0.186981	Pts: 70491
Particle (18):: Fit: 101.153	PB: 101.153	LB: 122.51	GB: 125.476	Conf: 0.33824	Pts: 60781
Particle (32):: Fit: 116.836	PB: 116.836	LB: 125.476	GB: 125.476	Conf: 0.484188	Pts: 81177
Particle (25):: Fit: 115.518	PB: 115.518	LB: 118.965	GB: 125.476	Conf: 0.794257	Pts: 56182
Particle (34):: Fit: 113.99	PB: 113.99	LB: 125.476	GB: 125.476	Conf: 0.578197	Pts: 100880
Particle (10):: Fit: 121.912	PB: 121.912	LB: 121.912	GB: 125.476	Conf: 0.465269	Pts: 180477
Particle (45):: Fit: 111.263	PB: 111.263	LB: 119.018	GB: 125.476	Conf: 0.367886	Pts: 50974
Particle (3):: Fit: 107.746	PB: 107.746	LB: 121.627	GB: 125.476	Conf: 0.0716399	Pts: 55672
Particle (23):: Fit: 112.233	PB: 112.233	LB: 122.06	GB: 125.476	Conf: 0.582442	Pts: 56272
Particle (25):: Fit: 121.148	PB: 121.148	LB: 121.148	GB: 125.476	Conf: 0.794473	Pts: 86269
Particle (35):: Fit: 117.827	PB: 117.827	LB: 125.476	GB: 125.476	Conf: 0.532046	Pts: 75866
Particle (33):: Fit: 115.996	PB: 115.996	LB: 125.476	GB: 125.476	Conf: 0.557198	Pts: 85365
Particle (49):: Fit: 125.709	PB: 125.709	LB: 125.709	GB: 125.709	Conf: 0.535604	Pts: 110666
Global: 125.709 - Correct: 69% of 100 tests
Global Best: 
  Inner Net 1
  -- 1 : 1 = 0.104672
  -- 1 : 2 = -0.00450453
  -- 1 : 3 = 0.114924
  -- 1 : 4 = 0.163472
  -- 1 : 5 = 0.0797141
  -- 1 : 6 = 0.0208968
  -- 1 : 7 = -0.185622
  -- 1 : 8 = 0.119918
  -- 1 : 9 = -0.0293536
  -- 2 : 1 = 0.297339
  -- 2 : 2 = 0.00760058
  -- 2 : 3 = 0.00869857
  -- 2 : 4 = -0.00651297
  -- 2 : 5 = -0.0910322
  -- 2 : 6 = 0.0377618
  -- 2 : 7 = -0.0154382
  -- 2 : 8 = 0.00647765
  -- 2 : 9 = -0.168193
  -- 3 : 1 = -0.403972
  -- 3 : 2 = -0.145608
  -- 3 : 3 = 0.186258
  -- 3 : 4 = 0.133383
  -- 3 : 5 = 0.0367031
  -- 3 : 6 = 0.00742691
  -- 3 : 7 = 0.141055
  -- 3 : 8 = -0.285214
  -- 3 : 9 = -0.0821382
  -- 4 : 1 = 0.070564
  -- 4 : 2 = 0.0579616
  -- 4 : 3 = 0.430765
  -- 4 : 4 = 0.118828
  -- 4 : 5 = 0.322636
  -- 4 : 6 = 0.557576
  -- 4 : 7 = -0.30834
  -- 4 : 8 = 0.0942848
  -- 4 : 9 = -0.156882
  -- 5 : 1 = 0.284398
  -- 5 : 2 = -0.0699785
  -- 5 : 3 = -0.0738841
  -- 5 : 4 = 0.667363
  -- 5 : 5 = 0.110561
  -- 5 : 6 = -0.0884122
  -- 5 : 7 = 0.463824
  -- 5 : 8 = -0.27026
  -- 5 : 9 = -0.0814632
  -- 6 : 1 = 0.5
  -- 6 : 2 = -0.200374
  -- 6 : 3 = 0.584911
  -- 6 : 4 = 0.0449564
  -- 6 : 5 = 0.058196
  -- 6 : 6 = 0.238555
  -- 6 : 7 = -0.338885
  -- 6 : 8 = 0.376369
  -- 6 : 9 = -0.0974869
  -- 7 : 1 = 0.323109
  -- 7 : 2 = -0.268928
  -- 7 : 3 = 0.172474
  -- 7 : 4 = 0.511736
  -- 7 : 5 = -0.0236739
  -- 7 : 6 = 0.0243963
  -- 7 : 7 = 0.0178684
  -- 7 : 8 = 0.0651363
  -- 7 : 9 = -0.0618651
  -- 8 : 1 = 0.750522
  -- 8 : 2 = 0.0847112
  -- 8 : 3 = 0.0799602
  -- 8 : 4 = 0.174887
  -- 8 : 5 = 0.13762
  -- 8 : 6 = 0.0862975
  -- 8 : 7 = -0.0452095
  -- 8 : 8 = -0.134499
  -- 8 : 9 = -0.0527882
  -- 9 : 1 = 0.677872
  -- 9 : 2 = 0.184412
  -- 9 : 3 = -0.35236
  -- 9 : 4 = 0.165974
  -- 9 : 5 = 0.0792802
  -- 9 : 6 = 0.227704
  -- 9 : 7 = 0.227609
  -- 9 : 8 = 0.11521
  -- 9 : 9 = 0.166303
  -- 10 : 1 = 0.5
  -- 10 : 2 = 0.287286
  -- 10 : 3 = 0.253357
  -- 10 : 4 = -0.0915496
  -- 10 : 5 = 0.328365
  -- 10 : 6 = 0.338655
  -- 10 : 7 = -0.200749
  -- 10 : 8 = -0.30838
  -- 10 : 9 = 0.138534
  Inner Net 2
  -- 1 : 1 = 0.321652
  -- 1 : 2 = 0.0678772
  -- 2 : 1 = -0.0488139
  -- 2 : 2 = -0.0930588
  -- 3 : 1 = -0.756244
  -- 3 : 2 = -0.111342
  -- 4 : 1 = 0.0395623
  -- 4 : 2 = 0.097695
  -- 5 : 1 = -0.125022
  -- 5 : 2 = 0.00735453
  -- 6 : 1 = -0.633246
  -- 6 : 2 = 0.181212
  -- 7 : 1 = -0.105865
  -- 7 : 2 = -0.347535
  -- 8 : 1 = 0.040851
  -- 8 : 2 = 0.382763
  -- 9 : 1 = 0.5
  -- 9 : 2 = -0.195751
Out\Act	False		True
False	0.0190386	0.822941	0.84198
True	0.00475964	0.15326	0.15802
	0.0237982	0.976202
	Accuracy [ (tp + tn) / testSize ]: 0.172299
	Precision [ tp / (tp + fp) ]:      0.15692
	Sensitivity [ tp / (tp + fn) ]:    0.966967
	Specificity [ tn / (tn + fp) ]:    0.0225989
	F-Score [ 2tp / (2tp + fp + fn) ]: 0.270134
Particle (31):: Fit: 112.695	PB: 112.695	LB: 117.827	GB: 125.709	Conf: 0.118388	Pts: 60846
Particle (14):: Fit: 121.12	PB: 121.12	LB: 122.51	GB: 125.709	Conf: 0.463481	Pts: 170162
Particle (26):: Fit: 119.49	PB: 119.49	LB: 121.148	GB: 125.709	Conf: 0.909415	Pts: 115752
Particle (41):: Fit: 109.581	PB: 109.581	LB: 125.476	GB: 125.709	Conf: 0.45932	Pts: 51056
Particle (24):: Fit: 115.849	PB: 115.849	LB: 121.148	GB: 125.709	Conf: 0.537335	Pts: 105452
Particle (45):: Fit: 113.962	PB: 113.962	LB: 125.709	GB: 125.709	Conf: 0.0660038	Pts: 51052
Particle (42):: Fit: 111.846	PB: 111.846	LB: 120.728	GB: 125.709	Conf: 0.56991	Pts: 50347
Particle (23):: Fit: 115.652	PB: 115.652	LB: 122.06	GB: 125.709	Conf: 0.701942	Pts: 56351
Particle (40):: Fit: 117.524	PB: 117.524	LB: 125.476	GB: 125.709	Conf: 0.146209	Pts: 290546
Particle (0):: Fit: 117.957	PB: 117.957	LB: 125.709	GB: 125.709	Conf: 0.709683	Pts: 110842
Particle (6):: Fit: 124.15	PB: 124.15	LB: 124.15	GB: 125.709	Conf: 0.567723	Pts: 160236
Particle (4):: Fit: 116.443	PB: 116.443	LB: 124.15	GB: 125.709	Conf: 0.456609	Pts: 65839
Particle (42):: Fit: 112.737	PB: 112.737	LB: 120.728	GB: 125.709	Conf: 0.633145	Pts: 50432
Particle (18):: Fit: 101.666	PB: 101.666	LB: 122.51	GB: 125.709	Conf: 0.393147	Pts: 60825
Particle (7):: Fit: 114.035	PB: 114.035	LB: 124.15	GB: 125.709	Conf: 0.975485	Pts: 56203
Particle (23):: Fit: 117.652	PB: 117.652	LB: 122.06	GB: 125.709	Conf: 0.710358	Pts: 56416
Particle (47):: Fit: 117.996	PB: 117.996	LB: 125.709	GB: 125.709	Conf: 0.415856	Pts: 50716
Particle (29):: Fit: 117.834	PB: 117.834	LB: 121.148	GB: 125.709	Conf: 0.473642	Pts: 165411
Particle (41):: Fit: 110.441	PB: 110.441	LB: 125.476	GB: 125.709	Conf: 0.616458	Pts: 51109
Particle (46):: Fit: 115.127	PB: 115.127	LB: 125.709	GB: 125.709	Conf: 0.762253	Pts: 60510
Particle (46):: Fit: 118.422	PB: 118.422	LB: 125.709	GB: 125.709	Conf: 0.694211	Pts: 60608
Particle (28):: Fit: 117.598	PB: 117.598	LB: 121.148	GB: 125.709	Conf: 0.527535	Pts: 195306
Particle (40):: Fit: 118.258	PB: 118.258	LB: 125.476	GB: 125.709	Conf: 0.222836	Pts: 290601
Particle (30):: Fit: 117.942	PB: 117.942	LB: 119.49	GB: 125.709	Conf: 0.809241	Pts: 60703
Particle (16):: Fit: 123.179	PB: 123.179	LB: 123.179	GB: 125.709	Conf: 0.823299	Pts: 160496
Particle (43):: Fit: 116.469	PB: 116.469	LB: 119.018	GB: 125.709	Conf: 0.424536	Pts: 55387
Particle (7):: Fit: 118.38	PB: 118.38	LB: 124.15	GB: 125.709	Conf: 0.865714	Pts: 56262
Particle (42):: Fit: 115.272	PB: 115.272	LB: 120.728	GB: 125.709	Conf: 0.576394	Pts: 50479
Particle (4):: Fit: 118.076	PB: 118.076	LB: 124.15	GB: 125.709	Conf: 0.0986828	Pts: 65875
Particle (34):: Fit: 119.454	PB: 119.454	LB: 125.476	GB: 125.709	Conf: 0.42765	Pts: 105878
Particle (21):: Fit: 117.919	PB: 117.919	LB: 122.06	GB: 125.709	Conf: 0.740709	Pts: 190666
Particle (46):: Fit: 118.534	PB: 118.534	LB: 125.709	GB: 125.709	Conf: 0.34863	Pts: 60651
Particle (2):: Fit: 121.631	PB: 121.631	LB: 125.709	GB: 125.709	Conf: 0.6193	Pts: 125240
Particle (31):: Fit: 116.701	PB: 116.701	LB: 119.454	GB: 125.709	Conf: 0.130636	Pts: 60816
Particle (23):: Fit: 119.652	PB: 119.652	LB: 122.06	GB: 125.709	Conf: 0.410699	Pts: 56431
Particle (3):: Fit: 110.098	PB: 110.098	LB: 125.709	GB: 125.709	Conf: 0.271869	Pts: 55623
Particle (3):: Fit: 111.784	PB: 111.784	LB: 125.709	GB: 125.709	Conf: 0.449638	Pts: 55716
Particle (45):: Fit: 114.449	PB: 114.449	LB: 125.709	GB: 125.709	Conf: 0.364032	Pts: 51004
Particle (18):: Fit: 106.031	PB: 106.031	LB: 123.179	GB: 125.709	Conf: 0.447115	Pts: 60784
Particle (24):: Fit: 117.049	PB: 117.049	LB: 121.148	GB: 125.709	Conf: 0.468855	Pts: 105393
Particle (28):: Fit: 119.025	PB: 119.025	LB: 121.148	GB: 125.709	Conf: 0.553352	Pts: 195273
Particle (41):: Fit: 117.597	PB: 117.597	LB: 125.476	GB: 125.709	Conf: 0.564342	Pts: 51028
Particle (32):: Fit: 120.167	PB: 120.167	LB: 125.476	GB: 125.709	Conf: 0.759431	Pts: 91023
Particle (42):: Fit: 116.165	PB: 116.165	LB: 120.728	GB: 125.709	Conf: 0.387352	Pts: 50398
Particle (44):: Fit: 119.759	PB: 119.759	LB: 125.709	GB: 125.709	Conf: 0.714992	Pts: 95394
Particle (28):: Fit: 119.752	PB: 119.752	LB: 121.148	GB: 125.709	Conf: 0.540092	Pts: 195281
Particle (5):: Fit: 123.159	PB: 123.159	LB: 124.15	GB: 125.709	Conf: 0.534229	Pts: 96070
Particle (33):: Fit: 117.671	PB: 117.671	LB: 125.476	GB: 125.709	Conf: 0.648304	Pts: 85165
Particle (27):: Fit: 118.923	PB: 118.923	LB: 121.148	GB: 125.709	Conf: 0.506169	Pts: 55739
Particle (45):: Fit: 119.045	PB: 119.045	LB: 125.709	GB: 125.709	Conf: 0.327361	Pts: 50940
Particle (17):: Fit: 115.057	PB: 115.057	LB: 123.179	GB: 125.709	Conf: 0.0546789	Pts: 65093
Particle (41):: Fit: 125.232	PB: 125.232	LB: 125.476	GB: 125.709	Conf: 0.83389	Pts: 60976
Particle (17):: Fit: 118.718	PB: 118.718	LB: 123.179	GB: 125.709	Conf: 0.184064	Pts: 65179
Particle (48):: Fit: 116.469	PB: 116.469	LB: 125.709	GB: 125.709	Conf: 0.223093	Pts: 129765
Particle (26):: Fit: 119.521	PB: 119.521	LB: 121.148	GB: 125.709	Conf: 0.924953	Pts: 115452
Particle (42):: Fit: 116.495	PB: 116.495	LB: 125.232	GB: 125.709	Conf: 0.57508	Pts: 50350
Particle (46):: Fit: 118.697	PB: 118.697	LB: 125.709	GB: 125.709	Conf: 0.583592	Pts: 60447
Particle (21):: Fit: 122.566	PB: 122.566	LB: 122.566	GB: 125.709	Conf: 0.843341	Pts: 215444
Particle (2):: Fit: 122.046	PB: 122.046	LB: 125.709	GB: 125.709	Conf: 0.35016	Pts: 125032
Particle (11):: Fit: 122.339	PB: 122.339	LB: 123.179	GB: 125.709	Conf: 0.41131	Pts: 64812
Particle (42):: Fit: 119.043	PB: 119.043	LB: 125.232	GB: 125.709	Conf: 0.582498	Pts: 50417
Particle (48):: Fit: 120.513	PB: 120.513	LB: 125.709	GB: 125.709	Conf: 0.272985	Pts: 129776
Particle (20):: Fit: 118.887	PB: 118.887	LB: 123.179	GB: 125.709	Conf: 0.19254	Pts: 70050
Particle (20):: Fit: 120.075	PB: 120.075	LB: 123.179	GB: 125.709	Conf: 0.138989	Pts: 70144
Particle (1):: Fit: 122.625	PB: 122.625	LB: 125.709	GB: 125.709	Conf: 0.430011	Pts: 159952
Particle (28):: Fit: 126.545	PB: 126.545	LB: 126.545	GB: 126.545	Conf: 0.65053	Pts: 255138
Global: 126.545 - Correct: 73% of 100 tests
Global Best: 
  Inner Net 1
  -- 1 : 1 = -0.0472676
  -- 1 : 2 = 0.237521
  -- 1 : 3 = -0.140049
  -- 1 : 4 = -0.0655145
  -- 1 : 5 = 0.174787
  -- 1 : 6 = 0.300354
  -- 1 : 7 = 0.386328
  -- 1 : 8 = 0.338968
  -- 1 : 9 = 0.276846
  -- 2 : 1 = 0.200446
  -- 2 : 2 = -0.220939
  -- 2 : 3 = 0.202634
  -- 2 : 4 = -0.242071
  -- 2 : 5 = 0.0748217
  -- 2 : 6 = 0.0243779
  -- 2 : 7 = 0.269056
  -- 2 : 8 = -0.107904
  -- 2 : 9 = -0.243664
  -- 3 : 1 = -0.909428
  -- 3 : 2 = 0.101751
  -- 3 : 3 = 0.395723
  -- 3 : 4 = -0.0800833
  -- 3 : 5 = 0.0420513
  -- 3 : 6 = -0.00235612
  -- 3 : 7 = 0.292206
  -- 3 : 8 = -0.0707443
  -- 3 : 9 = 0.118031
  -- 4 : 1 = 0.462638
  -- 4 : 2 = -0.262102
  -- 4 : 3 = -0.15345
  -- 4 : 4 = -0.23314
  -- 4 : 5 = -0.318631
  -- 4 : 6 = 0.360987
  -- 4 : 7 = -0.332698
  -- 4 : 8 = -0.180105
  -- 4 : 9 = -0.0527305
  -- 5 : 1 = 0.205193
  -- 5 : 2 = -0.0250467
  -- 5 : 3 = -0.23068
  -- 5 : 4 = -0.262289
  -- 5 : 5 = -0.418118
  -- 5 : 6 = -0.0388557
  -- 5 : 7 = -0.210772
  -- 5 : 8 = -0.357011
  -- 5 : 9 = -0.00381269
  -- 6 : 1 = -0.302779
  -- 6 : 2 = 0.0254138
  -- 6 : 3 = -0.125207
  -- 6 : 4 = 0.183567
  -- 6 : 5 = -0.27297
  -- 6 : 6 = 0.254298
  -- 6 : 7 = -0.186357
  -- 6 : 8 = -0.066252
  -- 6 : 9 = -0.0207671
  -- 7 : 1 = 0.28498
  -- 7 : 2 = 0.574839
  -- 7 : 3 = -0.099014
  -- 7 : 4 = -0.138098
  -- 7 : 5 = 0.0391729
  -- 7 : 6 = 0.0648736
  -- 7 : 7 = -0.0751538
  -- 7 : 8 = -0.0256205
  -- 7 : 9 = -0.143339
  -- 8 : 1 = 0.148058
  -- 8 : 2 = -0.00372464
  -- 8 : 3 = 0.0241574
  -- 8 : 4 = 0.286935
  -- 8 : 5 = -0.270989
  -- 8 : 6 = 0.2136
  -- 8 : 7 = 0.511408
  -- 8 : 8 = 0.231327
  -- 8 : 9 = -0.247403
  -- 9 : 1 = -0.445541
  -- 9 : 2 = -0.313858
  -- 9 : 3 = -0.0797365
  -- 9 : 4 = 0.461822
  -- 9 : 5 = 0.215975
  -- 9 : 6 = -0.0692864
  -- 9 : 7 = -0.172529
  -- 9 : 8 = -0.116548
  -- 9 : 9 = 0.0318677
  -- 10 : 1 = 0.743279
  -- 10 : 2 = -0.286578
  -- 10 : 3 = 0.309347
  -- 10 : 4 = -0.0668458
  -- 10 : 5 = 0.0188382
  -- 10 : 6 = -0.589608
  -- 10 : 7 = -0.209601
  -- 10 : 8 = 0.0228107
  -- 10 : 9 = -0.223668
  Inner Net 2
  -- 1 : 1 = 0.411999
  -- 1 : 2 = 0.240928
  -- 2 : 1 = 0.606582
  -- 2 : 2 = 0.0182768
  -- 3 : 1 = -0.50875
  -- 3 : 2 = -0.188202
  -- 4 : 1 = 0.338524
  -- 4 : 2 = -0.129354
  -- 5 : 1 = 0.331701
  -- 5 : 2 = -0.216068
  -- 6 : 1 = -0.029313
  -- 6 : 2 = -0.0549758
  -- 7 : 1 = 0.283112
  -- 7 : 2 = 0.435951
  -- 8 : 1 = 0.189674
  -- 8 : 2 = 0.399328
  -- 9 : 1 = 0.0982713
  -- 9 : 2 = -0.229901
Out\Act	False		True
False	0.278439	0.563541	0.84198
True	0.0214184	0.136602	0.15802
	0.299857	0.700143
	Accuracy [ (tp + tn) / testSize ]: 0.41504
	Precision [ tp / (tp + fp) ]:      0.194973
	Sensitivity [ tp / (tp + fn) ]:    0.861862
	Specificity [ tn / (tn + fp) ]:    0.330508
	F-Score [ 2tp / (2tp + fp + fn) ]: 0.318182
Particle (46):: Fit: 119.188	PB: 119.188	LB: 125.709	GB: 126.545	Conf: 0.383208	Pts: 60440
Particle (36):: Fit: 116.398	PB: 116.398	LB: 125.476	GB: 126.545	Conf: 0.760236	Pts: 259799
Particle (46):: Fit: 122.254	PB: 122.254	LB: 125.709	GB: 126.545	Conf: 0.888334	Pts: 60532
Particle (30):: Fit: 121.617	PB: 121.617	LB: 126.545	GB: 126.545	Conf: 0.883922	Pts: 60280
Particle (1):: Fit: 125.444	PB: 125.444	LB: 125.709	GB: 126.545	Conf: 0.679766	Pts: 169981
Particle (8):: Fit: 121.841	PB: 121.841	LB: 124.15	GB: 126.545	Conf: 0.701346	Pts: 65671
Particle (0):: Fit: 122.223	PB: 122.223	LB: 125.709	GB: 126.545	Conf: 0.677853	Pts: 110356
Particle (40):: Fit: 119.558	PB: 119.558	LB: 125.476	GB: 126.545	Conf: 0.276392	Pts: 290128
Particle (15):: Fit: 119.155	PB: 119.155	LB: 123.179	GB: 126.545	Conf: 0.780101	Pts: 284694
Particle (12):: Fit: 121.053	PB: 121.053	LB: 123.179	GB: 126.545	Conf: 0.856357	Pts: 114689
Particle (44):: Fit: 121.348	PB: 121.348	LB: 125.709	GB: 126.545	Conf: 0.61149	Pts: 95094
Particle (14):: Fit: 122.25	PB: 122.25	LB: 123.179	GB: 126.545	Conf: 0.683027	Pts: 169589
Particle (36):: Fit: 117.063	PB: 117.063	LB: 125.476	GB: 126.545	Conf: 0.516825	Pts: 259722
Particle (43):: Fit: 118.541	PB: 118.541	LB: 125.232	GB: 126.545	Conf: 0.437768	Pts: 54826
Particle (22):: Fit: 119.081	PB: 119.081	LB: 122.566	GB: 126.545	Conf: 0.387613	Pts: 164838
Particle (48):: Fit: 120.688	PB: 120.688	LB: 125.709	GB: 126.545	Conf: 0.287848	Pts: 129567
Particle (39):: Fit: 117.949	PB: 117.949	LB: 125.476	GB: 126.545	Conf: 0.666656	Pts: 54950
Particle (7):: Fit: 118.387	PB: 118.387	LB: 124.15	GB: 126.545	Conf: 0.828906	Pts: 55598
Particle (47):: Fit: 119.925	PB: 119.925	LB: 125.709	GB: 126.545	Conf: 0.938367	Pts: 49964
Particle (36):: Fit: 121.094	PB: 121.094	LB: 125.476	GB: 126.545	Conf: 0.761658	Pts: 259627
Particle (42):: Fit: 120.389	PB: 120.389	LB: 125.232	GB: 126.545	Conf: 0.557205	Pts: 49988
Particle (18):: Fit: 109.623	PB: 109.623	LB: 123.179	GB: 126.545	Conf: 0.309268	Pts: 60035
Particle (8):: Fit: 124.234	PB: 124.234	LB: 124.234	GB: 126.545	Conf: 0.496257	Pts: 100383
Particle (32):: Fit: 121.064	PB: 121.064	LB: 126.545	GB: 126.545	Conf: 0.320782	Pts: 90296
Particle (34):: Fit: 120.193	PB: 120.193	LB: 125.476	GB: 126.545	Conf: 0.647811	Pts: 104974
Particle (36):: Fit: 122.544	PB: 122.544	LB: 125.476	GB: 126.545	Conf: 0.74111	Pts: 259519
Particle (47):: Fit: 122.318	PB: 122.318	LB: 125.709	GB: 126.545	Conf: 0.862924	Pts: 49833
Particle (19):: Fit: 124.843	PB: 124.843	LB: 124.843	GB: 126.545	Conf: 0.769527	Pts: 124135
Particle (38):: Fit: 121.125	PB: 121.125	LB: 125.476	GB: 126.545	Conf: 0.479831	Pts: 69467
Particle (3):: Fit: 113.019	PB: 113.019	LB: 125.709	GB: 126.545	Conf: 0.157889	Pts: 54628
Particle (39):: Fit: 118.409	PB: 118.409	LB: 125.476	GB: 126.545	Conf: 0.78811	Pts: 54483
Particle (39):: Fit: 120.991	PB: 120.991	LB: 125.476	GB: 126.545	Conf: 0.819401	Pts: 54579
Particle (3):: Fit: 115.811	PB: 115.811	LB: 125.709	GB: 126.545	Conf: 0.243456	Pts: 54630
Particle (35):: Fit: 120.859	PB: 120.859	LB: 125.476	GB: 126.545	Conf: 0.6844	Pts: 74486
Particle (45):: Fit: 119.881	PB: 119.881	LB: 125.709	GB: 126.545	Conf: 0.400749	Pts: 49868
Particle (29):: Fit: 118.243	PB: 118.243	LB: 126.545	GB: 126.545	Conf: 0.500299	Pts: 164017
Particle (24):: Fit: 117.715	PB: 117.715	LB: 126.545	GB: 126.545	Conf: 0.382506	Pts: 104091
Particle (29):: Fit: 118.678	PB: 118.678	LB: 126.545	GB: 126.545	Conf: 0.425457	Pts: 164080
Particle (3):: Fit: 118.157	PB: 118.157	LB: 125.709	GB: 126.545	Conf: 0.330075	Pts: 54576
Particle (29):: Fit: 121.799	PB: 121.799	LB: 126.545	GB: 126.545	Conf: 0.622056	Pts: 164166
Particle (17):: Fit: 120.908	PB: 120.908	LB: 124.843	GB: 126.545	Conf: 0.165759	Pts: 64061
Particle (15):: Fit: 120.275	PB: 120.275	LB: 124.843	GB: 126.545	Conf: 0.571048	Pts: 283734
Particle (22):: Fit: 125.071	PB: 125.071	LB: 125.071	GB: 126.545	Conf: 0.139606	Pts: 193937
Particle (32):: Fit: 124.817	PB: 124.817	LB: 126.545	GB: 126.545	Conf: 0.532145	Pts: 89670
Particle (7):: Fit: 123.252	PB: 123.252	LB: 124.234	GB: 126.545	Conf: 0.950784	Pts: 54702
Particle (43):: Fit: 121.01	PB: 121.01	LB: 125.232	GB: 126.545	Conf: 0.392194	Pts: 53831
Particle (24):: Fit: 119.944	PB: 119.944	LB: 126.545	GB: 126.545	Conf: 0.47087	Pts: 103846
Particle (25):: Fit: 121.306	PB: 121.306	LB: 126.545	GB: 126.545	Conf: 0.652513	Pts: 84472
Particle (18):: Fit: 110.245	PB: 110.245	LB: 125.071	GB: 126.545	Conf: 0.382745	Pts: 59167
Particle (24):: Fit: 120.457	PB: 120.457	LB: 126.545	GB: 126.545	Conf: 0.373934	Pts: 103905
Particle (18):: Fit: 113.874	PB: 113.874	LB: 125.071	GB: 126.545	Conf: 0.458432	Pts: 59239
Particle (38):: Fit: 122.777	PB: 122.777	LB: 125.476	GB: 126.545	Conf: 0.477453	Pts: 68720
Particle (48):: Fit: 121.415	PB: 121.415	LB: 125.709	GB: 126.545	Conf: 0.245889	Pts: 128280
Particle (18):: Fit: 114.653	PB: 114.653	LB: 125.071	GB: 126.545	Conf: 0.330498	Pts: 59116
Particle (4):: Fit: 118.47	PB: 118.47	LB: 125.444	GB: 126.545	Conf: 0.0274255	Pts: 63849
Particle (3):: Fit: 118.194	PB: 118.194	LB: 125.709	GB: 126.545	Conf: 0.375764	Pts: 54019
Particle (24):: Fit: 123.93	PB: 123.93	LB: 126.545	GB: 126.545	Conf: 0.39741	Pts: 103668
Particle (31):: Fit: 117.571	PB: 117.571	LB: 126.545	GB: 126.545	Conf: 0.0233616	Pts: 58700
Particle (34):: Fit: 121.722	PB: 121.722	LB: 125.476	GB: 126.545	Conf: 0.59094	Pts: 103878
Particle (46):: Fit: 126.159	PB: 126.159	LB: 126.159	GB: 126.545	Conf: 0.845543	Pts: 108864
Particle (29):: Fit: 124.237	PB: 124.237	LB: 126.545	GB: 126.545	Conf: 0.43188	Pts: 163471
Particle (42):: Fit: 123.314	PB: 123.314	LB: 126.159	GB: 126.545	Conf: 0.572787	Pts: 48634
Particle (40):: Fit: 121.236	PB: 121.236	LB: 125.476	GB: 126.545	Conf: 0.344144	Pts: 288374
Particle (23):: Fit: 123.086	PB: 123.086	LB: 126.545	GB: 126.545	Conf: 0.71945	Pts: 54190
Particle (10):: Fit: 125.122	PB: 125.122	LB: 125.122	GB: 126.545	Conf: 0.664536	Pts: 223064
Particle (17):: Fit: 132.135	PB: 132.135	LB: 132.135	GB: 132.135	Conf: 0.462129	Pts: 123198
Global: 132.135 - Correct: 76% of 100 tests
Global Best: 
  Inner Net 1
  -- 1 : 1 = 0.334298
  -- 1 : 2 = -0.208875
  -- 1 : 3 = -0.0930328
  -- 1 : 4 = 0.0815051
  -- 1 : 5 = -0.0568331
  -- 1 : 6 = -0.0211997
  -- 1 : 7 = -0.285578
  -- 1 : 8 = 0.187976
  -- 1 : 9 = 0.0303253
  -- 2 : 1 = 0.333029
  -- 2 : 2 = 0.209994
  -- 2 : 3 = 0.073331
  -- 2 : 4 = 0.354538
  -- 2 : 5 = 0.189369
  -- 2 : 6 = -0.00284634
  -- 2 : 7 = 0.389039
  -- 2 : 8 = 0.178924
  -- 2 : 9 = -0.0840296
  -- 3 : 1 = -0.0017176
  -- 3 : 2 = -0.185598
  -- 3 : 3 = 0.206999
  -- 3 : 4 = 0.0674665
  -- 3 : 5 = 0.21687
  -- 3 : 6 = 0.00307614
  -- 3 : 7 = -0.235341
  -- 3 : 8 = -0.302939
  -- 3 : 9 = -0.00142574
  -- 4 : 1 = 0.35006
  -- 4 : 2 = -0.381535
  -- 4 : 3 = 0.18165
  -- 4 : 4 = -0.150124
  -- 4 : 5 = -0.0195119
  -- 4 : 6 = 0.0382545
  -- 4 : 7 = -0.188738
  -- 4 : 8 = 0.0421014
  -- 4 : 9 = 0.0669119
  -- 5 : 1 = 0
  -- 5 : 2 = 0.158013
  -- 5 : 3 = -0.0220938
  -- 5 : 4 = -0.229955
  -- 5 : 5 = 0.0305761
  -- 5 : 6 = 0.129877
  -- 5 : 7 = 0.137253
  -- 5 : 8 = -0.542147
  -- 5 : 9 = -0.458835
  -- 6 : 1 = -0.633478
  -- 6 : 2 = -0.202496
  -- 6 : 3 = -0.481606
  -- 6 : 4 = 0.231012
  -- 6 : 5 = -0.104165
  -- 6 : 6 = 0.0740351
  -- 6 : 7 = 0.167084
  -- 6 : 8 = -0.170264
  -- 6 : 9 = -0.207824
  -- 7 : 1 = 0.263863
  -- 7 : 2 = 0.061006
  -- 7 : 3 = 0.164992
  -- 7 : 4 = -0.0376213
  -- 7 : 5 = -0.0721686
  -- 7 : 6 = 0.365298
  -- 7 : 7 = -0.00599546
  -- 7 : 8 = 0.269463
  -- 7 : 9 = -0.376904
  -- 8 : 1 = -0.382727
  -- 8 : 2 = 0.0205776
  -- 8 : 3 = -0.173396
  -- 8 : 4 = 0.178433
  -- 8 : 5 = -0.0205082
  -- 8 : 6 = 0.0195866
  -- 8 : 7 = 0.052765
  -- 8 : 8 = 0.250044
  -- 8 : 9 = -0.0313919
  -- 9 : 1 = -0.00083893
  -- 9 : 2 = 0.27718
  -- 9 : 3 = 0.0252377
  -- 9 : 4 = -0.209692
  -- 9 : 5 = -0.0293812
  -- 9 : 6 = 0.242701
  -- 9 : 7 = 0.598839
  -- 9 : 8 = 0.4404
  -- 9 : 9 = -0.00313688
  -- 10 : 1 = 0.2667
  -- 10 : 2 = 0.272621
  -- 10 : 3 = -0.147901
  -- 10 : 4 = -0.244555
  -- 10 : 5 = -0.110733
  -- 10 : 6 = 0.0202661
  -- 10 : 7 = -0.0560625
  -- 10 : 8 = -0.226669
  -- 10 : 9 = -0.271629
  Inner Net 2
  -- 1 : 1 = -0.206282
  -- 1 : 2 = -0.121191
  -- 2 : 1 = 0.0482223
  -- 2 : 2 = 0.00812277
  -- 3 : 1 = -0.684143
  -- 3 : 2 = -0.133325
  -- 4 : 1 = 0.179785
  -- 4 : 2 = 0.114285
  -- 5 : 1 = -0.33816
  -- 5 : 2 = -0.0352712
  -- 6 : 1 = 0.450045
  -- 6 : 2 = -0.2468
  -- 7 : 1 = 0.0295042
  -- 7 : 2 = -0.314856
  -- 8 : 1 = -0.298408
  -- 8 : 2 = -0.29899
  -- 9 : 1 = -0.216363
  -- 9 : 2 = -0.231103
Out\Act	False		True
False	0.26654	0.57544	0.84198
True	0.0271299	0.13089	0.15802
	0.29367	0.70633
	Accuracy [ (tp + tn) / testSize ]: 0.39743
	Precision [ tp / (tp + fp) ]:      0.185185
	Sensitivity [ tp / (tp + fn) ]:    0.825826
	Specificity [ tn / (tn + fp) ]:    0.316384
	F-Score [ 2tp / (2tp + fp + fn) ]: 0.302697
Particle (13):: Fit: 122.147	PB: 122.147	LB: 132.135	GB: 132.135	Conf: 0.90732	Pts: 128290
Particle (39):: Fit: 124.476	PB: 124.476	LB: 125.476	GB: 132.135	Conf: 0.731279	Pts: 53384
Particle (30):: Fit: 129.16	PB: 129.16	LB: 129.16	GB: 132.135	Conf: 0.888314	Pts: 108121
Particle (3):: Fit: 122.129	PB: 122.129	LB: 125.709	GB: 132.135	Conf: 0.351378	Pts: 53416
Particle (25):: Fit: 122.341	PB: 122.341	LB: 129.16	GB: 132.135	Conf: 0.607816	Pts: 83502
Particle (4):: Fit: 119.135	PB: 119.135	LB: 125.444	GB: 132.135	Conf: 0.163749	Pts: 63167
Particle (27):: Fit: 122.851	PB: 122.851	LB: 129.16	GB: 132.135	Conf: 0.507554	Pts: 52850
Particle (4):: Fit: 119.447	PB: 119.447	LB: 125.444	GB: 132.135	Conf: 0.0597622	Pts: 63031
Particle (44):: Fit: 121.371	PB: 121.371	LB: 126.159	GB: 132.135	Conf: 0.681641	Pts: 92335
Particle (34):: Fit: 126.462	PB: 126.462	LB: 129.16	GB: 132.135	Conf: 0.551382	Pts: 122649
Particle (33):: Fit: 118.625	PB: 118.625	LB: 129.16	GB: 132.135	Conf: 0.654148	Pts: 81786
Particle (20):: Fit: 120.436	PB: 120.436	LB: 132.135	GB: 132.135	Conf: 0.245854	Pts: 67070
Particle (13):: Fit: 123.017	PB: 123.017	LB: 132.135	GB: 132.135	Conf: 0.674472	Pts: 127126
Particle (33):: Fit: 118.795	PB: 118.795	LB: 129.16	GB: 132.135	Conf: 0.612281	Pts: 81611
Particle (22):: Fit: 126.871	PB: 126.871	LB: 126.871	GB: 132.135	Conf: 0.861507	Pts: 206887
Particle (14):: Fit: 122.973	PB: 122.973	LB: 132.135	GB: 132.135	Conf: 0.337684	Pts: 166371
Particle (29):: Fit: 124.856	PB: 124.856	LB: 129.16	GB: 132.135	Conf: 0.556733	Pts: 161847
Particle (20):: Fit: 120.992	PB: 120.992	LB: 132.135	GB: 132.135	Conf: 0.326579	Pts: 66760
Particle (29):: Fit: 128.245	PB: 128.245	LB: 129.16	GB: 132.135	Conf: 0.474005	Pts: 166761
Particle (44):: Fit: 126.003	PB: 126.003	LB: 126.159	GB: 132.135	Conf: 0.82199	Pts: 101676
Global Best: 
  Inner Net 1
  -- 1 : 1 = 0.334298
  -- 1 : 2 = -0.208875
  -- 1 : 3 = -0.0930328
  -- 1 : 4 = 0.0815051
  -- 1 : 5 = -0.0568331
  -- 1 : 6 = -0.0211997
  -- 1 : 7 = -0.285578
  -- 1 : 8 = 0.187976
  -- 1 : 9 = 0.0303253
  -- 2 : 1 = 0.333029
  -- 2 : 2 = 0.209994
  -- 2 : 3 = 0.073331
  -- 2 : 4 = 0.354538
  -- 2 : 5 = 0.189369
  -- 2 : 6 = -0.00284634
  -- 2 : 7 = 0.389039
  -- 2 : 8 = 0.178924
  -- 2 : 9 = -0.0840296
  -- 3 : 1 = -0.0017176
  -- 3 : 2 = -0.185598
  -- 3 : 3 = 0.206999
  -- 3 : 4 = 0.0674665
  -- 3 : 5 = 0.21687
  -- 3 : 6 = 0.00307614
  -- 3 : 7 = -0.235341
  -- 3 : 8 = -0.302939
  -- 3 : 9 = -0.00142574
  -- 4 : 1 = 0.35006
  -- 4 : 2 = -0.381535
  -- 4 : 3 = 0.18165
  -- 4 : 4 = -0.150124
  -- 4 : 5 = -0.0195119
  -- 4 : 6 = 0.0382545
  -- 4 : 7 = -0.188738
  -- 4 : 8 = 0.0421014
  -- 4 : 9 = 0.0669119
  -- 5 : 1 = 0
  -- 5 : 2 = 0.158013
  -- 5 : 3 = -0.0220938
  -- 5 : 4 = -0.229955
  -- 5 : 5 = 0.0305761
  -- 5 : 6 = 0.129877
  -- 5 : 7 = 0.137253
  -- 5 : 8 = -0.542147
  -- 5 : 9 = -0.458835
  -- 6 : 1 = -0.633478
  -- 6 : 2 = -0.202496
  -- 6 : 3 = -0.481606
  -- 6 : 4 = 0.231012
  -- 6 : 5 = -0.104165
  -- 6 : 6 = 0.0740351
  -- 6 : 7 = 0.167084
  -- 6 : 8 = -0.170264
  -- 6 : 9 = -0.207824
  -- 7 : 1 = 0.263863
  -- 7 : 2 = 0.061006
  -- 7 : 3 = 0.164992
  -- 7 : 4 = -0.0376213
  -- 7 : 5 = -0.0721686
  -- 7 : 6 = 0.365298
  -- 7 : 7 = -0.00599546
  -- 7 : 8 = 0.269463
  -- 7 : 9 = -0.376904
  -- 8 : 1 = -0.382727
  -- 8 : 2 = 0.0205776
  -- 8 : 3 = -0.173396
  -- 8 : 4 = 0.178433
  -- 8 : 5 = -0.0205082
  -- 8 : 6 = 0.0195866
  -- 8 : 7 = 0.052765
  -- 8 : 8 = 0.250044
  -- 8 : 9 = -0.0313919
  -- 9 : 1 = -0.00083893
  -- 9 : 2 = 0.27718
  -- 9 : 3 = 0.0252377
  -- 9 : 4 = -0.209692
  -- 9 : 5 = -0.0293812
  -- 9 : 6 = 0.242701
  -- 9 : 7 = 0.598839
  -- 9 : 8 = 0.4404
  -- 9 : 9 = -0.00313688
  -- 10 : 1 = 0.2667
  -- 10 : 2 = 0.272621
  -- 10 : 3 = -0.147901
  -- 10 : 4 = -0.244555
  -- 10 : 5 = -0.110733
  -- 10 : 6 = 0.0202661
  -- 10 : 7 = -0.0560625
  -- 10 : 8 = -0.226669
  -- 10 : 9 = -0.271629
  Inner Net 2
  -- 1 : 1 = -0.206282
  -- 1 : 2 = -0.121191
  -- 2 : 1 = 0.0482223
  -- 2 : 2 = 0.00812277
  -- 3 : 1 = -0.684143
  -- 3 : 2 = -0.133325
  -- 4 : 1 = 0.179785
  -- 4 : 2 = 0.114285
  -- 5 : 1 = -0.33816
  -- 5 : 2 = -0.0352712
  -- 6 : 1 = 0.450045
  -- 6 : 2 = -0.2468
  -- 7 : 1 = 0.0295042
  -- 7 : 2 = -0.314856
  -- 8 : 1 = -0.298408
  -- 8 : 2 = -0.29899
  -- 9 : 1 = -0.216363
  -- 9 : 2 = -0.231103
Out\Act	False		True
False	0.26654	0.57544	0.84198
True	0.0271299	0.13089	0.15802
	0.29367	0.70633
	Accuracy [ (tp + tn) / testSize ]: 0.39743
	Precision [ tp / (tp + fp) ]:      0.185185
	Sensitivity [ tp / (tp + fn) ]:    0.825826
	Specificity [ tn / (tn + fp) ]:    0.316384
	F-Score [ 2tp / (2tp + fp + fn) ]: 0.302697
