
Date / Time: Fri Mar 31 01:54:59 2017

   ****************************************
   * PSO Neural Net (Gaussian Activation) *
   *       by William Boler, BSCE         *
   *     Research Assistant, IUPUI        *
   *                                      *
   *  Professor: Dr. Lauren Christopher   *
   *     Created: March 13, 2017          *
   ****************************************


Inputs: 10
Inner Nets: 1
 - 9
Tests per train(min): 100
Particles: 50
Neighbors: 10
Minimum Particle Iterations: 1000
Particle (0):: Fit: 110.444	PB: 110.444	LB: 110.444	GB: 110.444	Conf: 1.55115	Pts: 110099
Particle (1):: Fit: 113.687	PB: 113.687	LB: 113.687	GB: 113.687	Conf: 2	Pts: 110099
Particle (2):: Fit: 0.0091335	PB: 0.0091335	LB: 113.687	GB: 113.687	Conf: 0.821931	Pts: 55099
Particle (3):: Fit: 0.0103524	PB: 0.0103524	LB: 113.687	GB: 113.687	Conf: 2	Pts: 60099
Particle (4):: Fit: 121.817	PB: 121.817	LB: 121.817	GB: 121.817	Conf: 1.98626	Pts: 110099
Particle (5):: Fit: 11.9731	PB: 11.9731	LB: 121.817	GB: 121.817	Conf: 0.301727	Pts: 55099
Particle (6):: Fit: 113.687	PB: 113.687	LB: 121.817	GB: 121.817	Conf: 2	Pts: 60099
Particle (7):: Fit: 0.00831788	PB: 0.00831788	LB: 121.817	GB: 121.817	Conf: 2	Pts: 55099
Particle (8):: Fit: 107.997	PB: 107.997	LB: 121.817	GB: 121.817	Conf: 1.82217	Pts: 60099
Particle (9):: Fit: 113.687	PB: 113.687	LB: 113.687	GB: 121.817	Conf: 2	Pts: 65099
Particle (10):: Fit: 0.0101496	PB: 0.0101496	LB: 113.687	GB: 121.817	Conf: 1.9709	Pts: 55099
Particle (11):: Fit: 117.84	PB: 117.84	LB: 117.84	GB: 121.817	Conf: 0.570444	Pts: 85099
Particle (12):: Fit: 111.655	PB: 111.655	LB: 117.84	GB: 121.817	Conf: 2	Pts: 55099
Particle (13):: Fit: 127.906	PB: 127.906	LB: 127.906	GB: 127.906	Conf: 2	Pts: 110099
Particle (14):: Fit: 0.0101565	PB: 0.0101565	LB: 127.906	GB: 127.906	Conf: 1.92042	Pts: 55099
Particle (15):: Fit: 115.719	PB: 115.719	LB: 127.906	GB: 127.906	Conf: 2	Pts: 60099
Particle (16):: Fit: 0.00933549	PB: 0.00933549	LB: 127.906	GB: 127.906	Conf: 2	Pts: 55099
Particle (17):: Fit: 0.00952829	PB: 0.00952829	LB: 127.906	GB: 127.906	Conf: 1.98914	Pts: 60099
Particle (18):: Fit: 0.010353	PB: 0.010353	LB: 115.719	GB: 127.906	Conf: 1.97327	Pts: 65099
Particle (19):: Fit: 1241.31	PB: 1241.31	LB: 1241.31	GB: 1241.31	Conf: 1.75885	Pts: 110099
Particle (20):: Fit: 0.00904619	PB: 0.00904619	LB: 1241.31	GB: 1241.31	Conf: 1.70181	Pts: 55099
Particle (21):: Fit: 1227.01	PB: 1227.01	LB: 1241.31	GB: 1241.31	Conf: 1.87779	Pts: 60099
Particle (22):: Fit: 0.00993896	PB: 0.00993896	LB: 1241.31	GB: 1241.31	Conf: 1.5853	Pts: 55099
Particle (23):: Fit: 0.0103336	PB: 0.0103336	LB: 1241.31	GB: 1241.31	Conf: 1.97824	Pts: 60099
Particle (24):: Fit: 0.0105571	PB: 0.0105571	LB: 1227.01	GB: 1241.31	Conf: 1.93083	Pts: 65099
Particle (25):: Fit: 121.813	PB: 121.813	LB: 1227.01	GB: 1241.31	Conf: 2	Pts: 70099
Particle (26):: Fit: 115.719	PB: 115.719	LB: 121.813	GB: 1241.31	Conf: 2	Pts: 55099
Particle (27):: Fit: 0.00974217	PB: 0.00974217	LB: 121.813	GB: 1241.31	Conf: 1.9878	Pts: 55099
Particle (28):: Fit: 125.987	PB: 125.987	LB: 125.987	GB: 1241.31	Conf: 0.775716	Pts: 85099
Particle (29):: Fit: 0.00953642	PB: 0.00953642	LB: 125.987	GB: 1241.31	Conf: 1.66259	Pts: 55099
Particle (30):: Fit: 0.00994572	PB: 0.00994572	LB: 125.987	GB: 1241.31	Conf: 2	Pts: 60099
Particle (31):: Fit: 0.0105606	PB: 0.0105606	LB: 125.987	GB: 1241.31	Conf: 1.83045	Pts: 65099
Particle (32):: Fit: 109.623	PB: 109.623	LB: 125.987	GB: 1241.31	Conf: 2	Pts: 70099
Particle (33):: Fit: 0.00994575	PB: 0.00994575	LB: 109.623	GB: 1241.31	Conf: 1.98121	Pts: 55099
Particle (34):: Fit: 0.00933549	PB: 0.00933549	LB: 109.623	GB: 1241.31	Conf: 2	Pts: 55099
Particle (35):: Fit: 107.514	PB: 107.514	LB: 109.623	GB: 1241.31	Conf: 1.51999	Pts: 65099
Particle (36):: Fit: 0.00970222	PB: 0.00970222	LB: 109.623	GB: 1241.31	Conf: 0.913576	Pts: 55099
Particle (37):: Fit: 117.751	PB: 117.751	LB: 117.751	GB: 1241.31	Conf: 2	Pts: 95099
Particle (38):: Fit: 115.719	PB: 115.719	LB: 117.751	GB: 1241.31	Conf: 2	Pts: 55099
Particle (39):: Fit: 0.00906903	PB: 0.00906903	LB: 117.751	GB: 1241.31	Conf: 1.68351	Pts: 55099
Particle (40):: Fit: 109.623	PB: 109.623	LB: 117.751	GB: 1241.31	Conf: 2	Pts: 60099
Particle (41):: Fit: 115.789	PB: 115.789	LB: 117.751	GB: 1241.31	Conf: 0.804607	Pts: 70099
Particle (42):: Fit: 0.000974602	PB: 0.000974602	LB: 115.789	GB: 1241.31	Conf: 0.0193096	Pts: 50099
Particle (43):: Fit: 121.654	PB: 121.654	LB: 121.654	GB: 1241.31	Conf: 1.8349	Pts: 100099
Particle (44):: Fit: 0.00994572	PB: 0.00994572	LB: 121.654	GB: 1241.31	Conf: 2	Pts: 50099
Particle (45):: Fit: 10.7614	PB: 10.7614	LB: 121.654	GB: 1241.31	Conf: 1.80851	Pts: 50099
Particle (46):: Fit: 105.448	PB: 105.448	LB: 121.654	GB: 1241.31	Conf: 0.682888	Pts: 50099
Particle (47):: Fit: 0.00994572	PB: 0.00994572	LB: 121.654	GB: 1241.31	Conf: 2	Pts: 50099
Particle (48):: Fit: 111.687	PB: 111.687	LB: 113.687	GB: 1241.31	Conf: 1.84209	Pts: 50099
Particle (49):: Fit: 0.0105258	PB: 0.0105258	LB: 121.817	GB: 1241.31	Conf: 1.62736	Pts: 50099
Global: 1241.31 - Correct: 48% of 100 tests
Global Best: 
  Inner Net 1
  -- 1 : 1 = 0.706
  -- 1 : 2 = 0.8998
  -- 1 : 3 = 0.1216
  -- 1 : 4 = 0.8557
  -- 1 : 5 = 0.6648
  -- 1 : 6 = 0.106
  -- 1 : 7 = 0.4922
  -- 1 : 8 = 0.3253
  -- 1 : 9 = 0.7406
  -- 2 : 1 = 0.8455
  -- 2 : 2 = 0.1726
  -- 2 : 3 = 0.7589
  -- 2 : 4 = 0.3948
  -- 2 : 5 = 0.2642
  -- 2 : 6 = 0.7123
  -- 2 : 7 = 0.0148
  -- 2 : 8 = 0.6158
  -- 2 : 9 = 0.5594
  -- 3 : 1 = 0.9895
  -- 3 : 2 = 0.347
  -- 3 : 3 = 0.9553
  -- 3 : 4 = 0.0689
  -- 3 : 5 = 0.1628
  -- 3 : 6 = 0.5114
  -- 3 : 7 = 0.1327
  -- 3 : 8 = 0.5247
  -- 3 : 9 = 0.0176
  -- 4 : 1 = 0.9228
  -- 4 : 2 = 0.014
  -- 4 : 3 = 0.5746
  -- 4 : 4 = 0.0962
  -- 4 : 5 = 0.166
  -- 4 : 6 = 0.9569
  -- 4 : 7 = 0.7864
  -- 4 : 8 = 0.5953
  -- 4 : 9 = 0.0503
  -- 5 : 1 = 0.5878
  -- 5 : 2 = 0.4346
  -- 5 : 3 = 0.4231
  -- 5 : 4 = 0.4035
  -- 5 : 5 = 0.0661
  -- 5 : 6 = 0.7324
  -- 5 : 7 = 0.1654
  -- 5 : 8 = 0.8585
  -- 5 : 9 = 0.9612
  -- 6 : 1 = 0.0562
  -- 6 : 2 = 0.2018
  -- 6 : 3 = 0.4238
  -- 6 : 4 = 0.7379
  -- 6 : 5 = 0.2837
  -- 6 : 6 = 0.1503
  -- 6 : 7 = 0.8178
  -- 6 : 8 = 0.6975
  -- 6 : 9 = 0.4421
  -- 7 : 1 = 0.006
  -- 7 : 2 = 0.3742
  -- 7 : 3 = 0.3703
  -- 7 : 4 = 0.0481
  -- 7 : 5 = 0.8129
  -- 7 : 6 = 0.1399
  -- 7 : 7 = 0.2069
  -- 7 : 8 = 0.9958
  -- 7 : 9 = 0.6181
  -- 8 : 1 = 0.3784
  -- 8 : 2 = 0.4575
  -- 8 : 3 = 0.3925
  -- 8 : 4 = 0.2274
  -- 8 : 5 = 0.0959
  -- 8 : 6 = 0.4695
  -- 8 : 7 = 0.4584
  -- 8 : 8 = 0.3853
  -- 8 : 9 = 0.359
  -- 9 : 1 = 0.3999
  -- 9 : 2 = 0.0757
  -- 9 : 3 = 0.2993
  -- 9 : 4 = 0.6821
  -- 9 : 5 = 0.9761
  -- 9 : 6 = 0.6403
  -- 9 : 7 = 0.1787
  -- 9 : 8 = 0.5462
  -- 9 : 9 = 0.9598
  -- 10 : 1 = 0.5869
  -- 10 : 2 = 0.662
  -- 10 : 3 = 0.8649
  -- 10 : 4 = 0.9941
  -- 10 : 5 = 0.687
  -- 10 : 6 = 0.8458
  -- 10 : 7 = 0.3514
  -- 10 : 8 = 0.783
  -- 10 : 9 = 0.214
  Inner Net 2
  -- 1 : 1 = -0.0912
  -- 1 : 2 = 0.0119
  -- 2 : 1 = -0.0355867
  -- 2 : 2 = 0.2359
  -- 3 : 1 = 0.590393
  -- 3 : 2 = -0.180719
  -- 4 : 1 = 0.232991
  -- 4 : 2 = 0.1916
  -- 5 : 1 = -0.03
  -- 5 : 2 = 0.1255
  -- 6 : 1 = -0.3765
  -- 6 : 2 = 0.0557
  -- 7 : 1 = -0.2676
  -- 7 : 2 = 0.3965
  -- 8 : 1 = -0.1155
  -- 8 : 2 = -0.127669
  -- 9 : 1 = 0.2798
  -- 9 : 2 = -0.0605903
Out\Act	False		True
False	0.84198	0	0.84198
True	0.15802	0	0.15802
	1	0
	Accuracy [ (tp + tn) / testSize ]: 0.84198
	Precision [ tp / (tp + fp) ]:      0
	Sensitivity [ tp / (tp + fn) ]:    0
	Specificity [ tn / (tn + fp) ]:    0.999435
	F-Score [ 2tp / (2tp + fp + fn) ]: 0
Particle (3):: Fit: 111.57	PB: 111.57	LB: 121.817	GB: 1241.31	Conf: 1.98411	Pts: 60198
Particle (5):: Fit: 123.908	PB: 123.908	LB: 123.908	GB: 1241.31	Conf: 0.990168	Pts: 95198
Particle (6):: Fit: 117.751	PB: 117.751	LB: 123.908	GB: 1241.31	Conf: 2	Pts: 60198
Particle (7):: Fit: 125.875	PB: 125.875	LB: 125.875	GB: 1241.31	Conf: 2	Pts: 85198
Particle (10):: Fit: 10.7593	PB: 10.7593	LB: 127.906	GB: 1241.31	Conf: 1.96499	Pts: 55198
Particle (14):: Fit: 123.803	PB: 123.803	LB: 1241.31	GB: 1241.31	Conf: 1.86684	Pts: 55198
Particle (16):: Fit: 0.0103524	PB: 0.0103524	LB: 1241.31	GB: 1241.31	Conf: 2	Pts: 55198
Particle (18):: Fit: 115.719	PB: 115.719	LB: 1241.31	GB: 1241.31	Conf: 2	Pts: 65198
Particle (20):: Fit: 0.00910253	PB: 0.00910253	LB: 1241.31	GB: 1241.31	Conf: 1.75836	Pts: 55198
Particle (27):: Fit: 115.637	PB: 115.637	LB: 125.987	GB: 1241.31	Conf: 1.98652	Pts: 55198
Particle (29):: Fit: 111.673	PB: 111.673	LB: 125.987	GB: 1241.31	Conf: 1.66875	Pts: 55198
Particle (32):: Fit: 115.719	PB: 115.719	LB: 125.987	GB: 1241.31	Conf: 2	Pts: 70198
Particle (33):: Fit: 113.687	PB: 113.687	LB: 117.751	GB: 1241.31	Conf: 2	Pts: 55198
Particle (34):: Fit: 111.655	PB: 111.655	LB: 117.751	GB: 1241.31	Conf: 2	Pts: 55198
Particle (38):: Fit: 125.875	PB: 125.875	LB: 125.875	GB: 1241.31	Conf: 2	Pts: 105198
Particle (39):: Fit: 1238.99	PB: 1238.99	LB: 1238.99	GB: 1241.31	Conf: 1.67659	Pts: 105198
Particle (42):: Fit: 121.832	PB: 121.832	LB: 1238.99	GB: 1241.31	Conf: 0.0425732	Pts: 65197
Particle (44):: Fit: 0.0103524	PB: 0.0103524	LB: 121.832	GB: 1241.31	Conf: 2	Pts: 50198
Particle (45):: Fit: 115.758	PB: 115.758	LB: 121.832	GB: 1241.31	Conf: 1.72169	Pts: 55198
Particle (47):: Fit: 113.687	PB: 113.687	LB: 121.654	GB: 1241.31	Conf: 2	Pts: 50198
Particle (49):: Fit: 109.643	PB: 109.643	LB: 121.817	GB: 1241.31	Conf: 1.73537	Pts: 50198
Particle (0):: Fit: 1250.63	PB: 1250.63	LB: 1250.63	GB: 1250.63	Conf: 1.29501	Pts: 170197
Particle (1):: Fit: 117.751	PB: 117.751	LB: 1250.63	GB: 1250.63	Conf: 2	Pts: 110197
Particle (2):: Fit: 119.848	PB: 119.848	LB: 1250.63	GB: 1250.63	Conf: 0.195398	Pts: 55197
Particle (3):: Fit: 117.672	PB: 117.672	LB: 1250.63	GB: 1250.63	Conf: 1.9836	Pts: 60297
Particle (12):: Fit: 117.751	PB: 117.751	LB: 127.906	GB: 1250.63	Conf: 2	Pts: 55197
Particle (15):: Fit: 119.782	PB: 119.782	LB: 1241.31	GB: 1250.63	Conf: 2	Pts: 60197
Particle (16):: Fit: 0.0105557	PB: 0.0105557	LB: 1241.31	GB: 1250.63	Conf: 2	Pts: 55297
Particle (17):: Fit: 117.751	PB: 117.751	LB: 1241.31	GB: 1250.63	Conf: 2	Pts: 60197
Particle (20):: Fit: 0.0103444	PB: 0.0103444	LB: 1241.31	GB: 1250.63	Conf: 1.80041	Pts: 55297
Particle (22):: Fit: 0.105271	PB: 0.105271	LB: 1241.31	GB: 1250.63	Conf: 1.67764	Pts: 55197
Particle (27):: Fit: 125.876	PB: 125.876	LB: 125.987	GB: 1250.63	Conf: 1.9791	Pts: 55297
Particle (30):: Fit: 0.0105557	PB: 0.0105557	LB: 125.987	GB: 1250.63	Conf: 2	Pts: 60197
Particle (32):: Fit: 119.782	PB: 119.782	LB: 125.987	GB: 1250.63	Conf: 2	Pts: 70297
Particle (35):: Fit: 121.818	PB: 121.818	LB: 1238.99	GB: 1250.63	Conf: 1.70331	Pts: 65197
Particle (36):: Fit: 0.0910969	PB: 0.0910969	LB: 1238.99	GB: 1250.63	Conf: 1.47062	Pts: 55197
Global: 1250.63 - Correct: 49% of 100 tests
Global Best: 
  Inner Net 1
  -- 1 : 1 = 0.2511
  -- 1 : 2 = 0.1113
  -- 1 : 3 = 0.1709
  -- 1 : 4 = 0.9668
  -- 1 : 5 = 0.0517
  -- 1 : 6 = 0.9347
  -- 1 : 7 = 0.0777
  -- 1 : 8 = 0.8051
  -- 1 : 9 = 0.087
  -- 2 : 1 = 0.6441
  -- 2 : 2 = 0.2492
  -- 2 : 3 = 0.387
  -- 2 : 4 = 0.0034
  -- 2 : 5 = 0.7131
  -- 2 : 6 = 0.9858
  -- 2 : 7 = 0.625
  -- 2 : 8 = 0.8797
  -- 2 : 9 = 0.9437
  -- 3 : 1 = 0.3153
  -- 3 : 2 = 0.1117
  -- 3 : 3 = 0.9477
  -- 3 : 4 = 0.527
  -- 3 : 5 = 0.5814
  -- 3 : 6 = 0.0882
  -- 3 : 7 = 0.0741
  -- 3 : 8 = 0.9619
  -- 3 : 9 = 0.0116
  -- 4 : 1 = 0.5505
  -- 4 : 2 = 0.8121
  -- 4 : 3 = 0.7569
  -- 4 : 4 = 0.8938
  -- 4 : 5 = 0.5759
  -- 4 : 6 = 0.3795
  -- 4 : 7 = 0.1196
  -- 4 : 8 = 0.9829
  -- 4 : 9 = 0.4946
  -- 5 : 1 = 0.1118
  -- 5 : 2 = 0.3457
  -- 5 : 3 = 0.2918
  -- 5 : 4 = 0.0072
  -- 5 : 5 = 0.5776
  -- 5 : 6 = 0.0523
  -- 5 : 7 = 0.8085
  -- 5 : 8 = 0.3625
  -- 5 : 9 = 0.2277
  -- 6 : 1 = 0.8556
  -- 6 : 2 = 0.2486
  -- 6 : 3 = 0.5897
  -- 6 : 4 = 0.1641
  -- 6 : 5 = 0.7033
  -- 6 : 6 = 0.2155
  -- 6 : 7 = 0.0707
  -- 6 : 8 = 0.0102
  -- 6 : 9 = 0.1052
  -- 7 : 1 = 0.0474
  -- 7 : 2 = 0.8722
  -- 7 : 3 = 0.4672
  -- 7 : 4 = 0.3348
  -- 7 : 5 = 0
  -- 7 : 6 = 0.2065
  -- 7 : 7 = 0.5373
  -- 7 : 8 = 0.0463
  -- 7 : 9 = 0.9814
  -- 8 : 1 = 0.1446
  -- 8 : 2 = 0.3849
  -- 8 : 3 = 0.6091
  -- 8 : 4 = 0.6132
  -- 8 : 5 = 0.3338
  -- 8 : 6 = 0.3224
  -- 8 : 7 = 0.497
  -- 8 : 8 = 0.1555
  -- 8 : 9 = 0.0333
  -- 9 : 1 = 0.1085
  -- 9 : 2 = 0.3572
  -- 9 : 3 = 0.0711
  -- 9 : 4 = 0.6455
  -- 9 : 5 = 0.9995
  -- 9 : 6 = 0.1137
  -- 9 : 7 = 0.3357
  -- 9 : 8 = 0.613
  -- 9 : 9 = 0.1706
  -- 10 : 1 = 0.8183
  -- 10 : 2 = 0.9136
  -- 10 : 3 = 0.2582
  -- 10 : 4 = 0.3501
  -- 10 : 5 = 0.7296
  -- 10 : 6 = 0.6322
  -- 10 : 7 = 0.2053
  -- 10 : 8 = 0.7729
  -- 10 : 9 = 0.2272
  Inner Net 2
  -- 1 : 1 = -0.344284
  -- 1 : 2 = 0.3537
  -- 2 : 1 = 0.4768
  -- 2 : 2 = 0.259538
  -- 3 : 1 = -0.2239
  -- 3 : 2 = 0.157451
  -- 4 : 1 = 0.2607
  -- 4 : 2 = -0.215329
  -- 5 : 1 = -0.356809
  -- 5 : 2 = 0.0659718
  -- 6 : 1 = -0.0731
  -- 6 : 2 = -0.123391
  -- 7 : 1 = -0.0359508
  -- 7 : 2 = 0.0241125
  -- 8 : 1 = 0.0898973
  -- 8 : 2 = -0.171153
  -- 9 : 1 = -0.180248
  -- 9 : 2 = -0.306909
Out\Act	False		True
False	0.84198	0	0.84198
True	0.15802	0	0.15802
	1	0
	Accuracy [ (tp + tn) / testSize ]: 0.84198
	Precision [ tp / (tp + fp) ]:      0
	Sensitivity [ tp / (tp + fn) ]:    0
	Specificity [ tn / (tn + fp) ]:    0.999435
	F-Score [ 2tp / (2tp + fp + fn) ]: 0
Particle (15):: Fit: 121.813	PB: 121.813	LB: 1241.31	GB: 1250.63	Conf: 2	Pts: 60296
Particle (16):: Fit: 129.936	PB: 129.936	LB: 1241.31	GB: 1250.63	Conf: 2	Pts: 70396
Particle (24):: Fit: 111.672	PB: 111.672	LB: 1227.01	GB: 1250.63	Conf: 1.91193	Pts: 65196
Particle (27):: Fit: 1228.15	PB: 1228.15	LB: 1228.15	GB: 1250.63	Conf: 1.9303	Pts: 95396
Particle (31):: Fit: 10.7631	PB: 10.7631	LB: 1228.15	GB: 1250.63	Conf: 1.80038	Pts: 65196
Particle (40):: Fit: 117.751	PB: 117.751	LB: 1238.99	GB: 1250.63	Conf: 2	Pts: 60196
Particle (44):: Fit: 117.751	PB: 117.751	LB: 121.832	GB: 1250.63	Conf: 2	Pts: 50296
Particle (46):: Fit: 1393.1	PB: 1393.1	LB: 1393.1	GB: 1393.1	Conf: 0.656284	Pts: 110195
Particle (49):: Fit: 117.77	PB: 117.77	LB: 1393.1	GB: 1393.1	Conf: 1.74104	Pts: 50296
Global: 1393.1 - Correct: 66% of 100 tests
Global Best: 
  Inner Net 1
  -- 1 : 1 = 0.1831
  -- 1 : 2 = 0.5523
  -- 1 : 3 = 0.0517
  -- 1 : 4 = 0.8781
  -- 1 : 5 = 0.2874
  -- 1 : 6 = 0.1512
  -- 1 : 7 = 0.7147
  -- 1 : 8 = 0.5231
  -- 1 : 9 = 0.9035
  -- 2 : 1 = 0.5233
  -- 2 : 2 = 0.0572
  -- 2 : 3 = 0.2851
  -- 2 : 4 = 0.6597
  -- 2 : 5 = 0.2956
  -- 2 : 6 = 0.3907
  -- 2 : 7 = 0.1053
  -- 2 : 8 = 0.9601
  -- 2 : 9 = 0.0428
  -- 3 : 1 = 0.1152
  -- 3 : 2 = 0.0648
  -- 3 : 3 = 0.033
  -- 3 : 4 = 0.0437
  -- 3 : 5 = 0.9296
  -- 3 : 6 = 0.1023
  -- 3 : 7 = 0.0863
  -- 3 : 8 = 0.3302
  -- 3 : 9 = 0.1758
  -- 4 : 1 = 0.4528
  -- 4 : 2 = 0.1193
  -- 4 : 3 = 0.8325
  -- 4 : 4 = 0.2394
  -- 4 : 5 = 0.9005
  -- 4 : 6 = 0.0237
  -- 4 : 7 = 0.3329
  -- 4 : 8 = 0.7354
  -- 4 : 9 = 0.3093
  -- 5 : 1 = 0.3364
  -- 5 : 2 = 0.922
  -- 5 : 3 = 0.6782
  -- 5 : 4 = 0.0755
  -- 5 : 5 = 0.5257
  -- 5 : 6 = 0.9671
  -- 5 : 7 = 0.1336
  -- 5 : 8 = 0.3509
  -- 5 : 9 = 0.0499
  -- 6 : 1 = 0.1611
  -- 6 : 2 = 0.7371
  -- 6 : 3 = 0.9135
  -- 6 : 4 = 0.4532
  -- 6 : 5 = 0.5973
  -- 6 : 6 = 0.5604
  -- 6 : 7 = 0.4081
  -- 6 : 8 = 0.3089
  -- 6 : 9 = 0.7354
  -- 7 : 1 = 0.4327
  -- 7 : 2 = 0.5127
  -- 7 : 3 = 0.5347
  -- 7 : 4 = 0.8636
  -- 7 : 5 = 0.9403
  -- 7 : 6 = 0.7535
  -- 7 : 7 = 0.9068
  -- 7 : 8 = 0.0291
  -- 7 : 9 = 0.8536
  -- 8 : 1 = 0.1232
  -- 8 : 2 = 0.1742
  -- 8 : 3 = 0.5967
  -- 8 : 4 = 0.2671
  -- 8 : 5 = 0.9017
  -- 8 : 6 = 0.6601
  -- 8 : 7 = 0.9148
  -- 8 : 8 = 0.6043
  -- 8 : 9 = 0.452
  -- 9 : 1 = 0.0308
  -- 9 : 2 = 0.0807
  -- 9 : 3 = 0.0311
  -- 9 : 4 = 0.2028
  -- 9 : 5 = 0.1182
  -- 9 : 6 = 0.0513
  -- 9 : 7 = 0.7248
  -- 9 : 8 = 0.6077
  -- 9 : 9 = 0.4757
  -- 10 : 1 = 0.5554
  -- 10 : 2 = 0.8637
  -- 10 : 3 = 0.569
  -- 10 : 4 = 0.1079
  -- 10 : 5 = 0.76
  -- 10 : 6 = 0.5068
  -- 10 : 7 = 0.0547
  -- 10 : 8 = 0.3303
  -- 10 : 9 = 0.5295
  Inner Net 2
  -- 1 : 1 = -0.379357
  -- 1 : 2 = 0.156621
  -- 2 : 1 = -0.0549499
  -- 2 : 2 = 0.380772
  -- 3 : 1 = 0.408519
  -- 3 : 2 = 0.338075
  -- 4 : 1 = 0.622258
  -- 4 : 2 = 0.515311
  -- 5 : 1 = -0.0669686
  -- 5 : 2 = -0.136423
  -- 6 : 1 = -0.372614
  -- 6 : 2 = -0.194181
  -- 7 : 1 = 0.105937
  -- 7 : 2 = -0.00627011
  -- 8 : 1 = 0.193835
  -- 8 : 2 = 0.282201
  -- 9 : 1 = -0.358023
  -- 9 : 2 = -0.34912
Out\Act	False		True
False	0.531652	0.310328	0.84198
True	0.0642551	0.0937649	0.15802
	0.595907	0.404093
	Accuracy [ (tp + tn) / testSize ]: 0.625416
	Precision [ tp / (tp + fp) ]:      0.231765
	Sensitivity [ tp / (tp + fn) ]:    0.591592
	Specificity [ tn / (tn + fp) ]:    0.631073
	F-Score [ 2tp / (2tp + fp + fn) ]: 0.333333
Particle (10):: Fit: 121.816	PB: 121.816	LB: 127.906	GB: 1393.1	Conf: 1.98322	Pts: 55295
Particle (20):: Fit: 123.867	PB: 123.867	LB: 1241.31	GB: 1393.1	Conf: 1.55172	Pts: 55395
Particle (22):: Fit: 111.512	PB: 111.512	LB: 1241.31	GB: 1393.1	Conf: 1.64106	Pts: 55295
Particle (23):: Fit: 0.0103979	PB: 0.0103979	LB: 1241.31	GB: 1393.1	Conf: 1.93931	Pts: 60195
Particle (29):: Fit: 1228.42	PB: 1228.42	LB: 1228.42	GB: 1393.1	Conf: 1.30748	Pts: 105295
Particle (30):: Fit: 111.655	PB: 111.655	LB: 1228.42	GB: 1393.1	Conf: 2	Pts: 60295
Particle (40):: Fit: 119.782	PB: 119.782	LB: 1238.99	GB: 1393.1	Conf: 2	Pts: 60295
Particle (45):: Fit: 1112.33	PB: 1112.33	LB: 1393.1	GB: 1393.1	Conf: 1.63317	Pts: 55295
Particle (17):: Fit: 125.875	PB: 125.875	LB: 1241.31	GB: 1393.1	Conf: 2	Pts: 60294
Particle (23):: Fit: 0.0105814	PB: 0.0105814	LB: 1241.31	GB: 1393.1	Conf: 1.94322	Pts: 60294
Particle (34):: Fit: 125.875	PB: 125.875	LB: 1238.99	GB: 1393.1	Conf: 2	Pts: 55294
Particle (36):: Fit: 113.7	PB: 113.7	LB: 1238.99	GB: 1393.1	Conf: 1.03437	Pts: 55294
Particle (37):: Fit: 121.813	PB: 121.813	LB: 1238.99	GB: 1393.1	Conf: 2	Pts: 95194
Particle (39):: Fit: 1241.04	PB: 1241.04	LB: 1241.04	GB: 1393.1	Conf: 1.79659	Pts: 140294
Particle (3):: Fit: 129.936	PB: 129.936	LB: 1250.63	GB: 1393.1	Conf: 2	Pts: 75393
Particle (8):: Fit: 121.827	PB: 121.827	LB: 127.906	GB: 1393.1	Conf: 1.6406	Pts: 60193
Particle (9):: Fit: 119.782	PB: 119.782	LB: 127.906	GB: 1393.1	Conf: 2	Pts: 65193
Particle (18):: Fit: 121.813	PB: 121.813	LB: 1241.31	GB: 1393.1	Conf: 2	Pts: 65293
Particle (0):: Fit: 1291.71	PB: 1291.71	LB: 1393.1	GB: 1393.1	Conf: 1.43583	Pts: 190292
Particle (8):: Fit: 121.866	PB: 121.866	LB: 127.906	GB: 1393.1	Conf: 1.66863	Pts: 60292
Particle (20):: Fit: 1129.13	PB: 1129.13	LB: 1241.31	GB: 1393.1	Conf: 1.49896	Pts: 55492
Particle (22):: Fit: 111.682	PB: 111.682	LB: 1241.31	GB: 1393.1	Conf: 1.60919	Pts: 55392
Particle (23):: Fit: 109.624	PB: 109.624	LB: 1241.31	GB: 1393.1	Conf: 1.9426	Pts: 60392
Particle (29):: Fit: 1359.92	PB: 1359.92	LB: 1359.92	GB: 1393.1	Conf: 1.45151	Pts: 155392
Particle (30):: Fit: 113.687	PB: 113.687	LB: 1359.92	GB: 1393.1	Conf: 2	Pts: 60392
Particle (31):: Fit: 107.5	PB: 107.5	LB: 1359.92	GB: 1393.1	Conf: 1.82445	Pts: 65292
Particle (1):: Fit: 121.813	PB: 121.813	LB: 1291.71	GB: 1393.1	Conf: 2	Pts: 110291
Particle (7):: Fit: 129.936	PB: 129.936	LB: 129.936	GB: 1393.1	Conf: 2	Pts: 100291
Particle (22):: Fit: 113.325	PB: 113.325	LB: 1241.31	GB: 1393.1	Conf: 1.63289	Pts: 55491
Particle (23):: Fit: 109.624	PB: 109.624	LB: 1241.31	GB: 1393.1	Conf: 1.9683	Pts: 60491
Particle (30):: Fit: 121.813	PB: 121.813	LB: 1359.92	GB: 1393.1	Conf: 2	Pts: 60491
Particle (33):: Fit: 123.844	PB: 123.844	LB: 1359.92	GB: 1393.1	Conf: 2	Pts: 55291
Particle (38):: Fit: 133.997	PB: 133.997	LB: 1241.04	GB: 1393.1	Conf: 2	Pts: 105291
Particle (44):: Fit: 123.844	PB: 123.844	LB: 1393.1	GB: 1393.1	Conf: 2	Pts: 50391
Particle (4):: Fit: 125.875	PB: 125.875	LB: 1291.71	GB: 1393.1	Conf: 2	Pts: 110190
Particle (22):: Fit: 117.559	PB: 117.559	LB: 1241.31	GB: 1393.1	Conf: 1.54092	Pts: 55590
Particle (35):: Fit: 1234.48	PB: 1234.48	LB: 1241.04	GB: 1393.1	Conf: 1.49002	Pts: 65290
Particle (36):: Fit: 148.301	PB: 148.301	LB: 1241.04	GB: 1393.1	Conf: 1.2382	Pts: 55390
Particle (37):: Fit: 127.906	PB: 127.906	LB: 1241.04	GB: 1393.1	Conf: 2	Pts: 95290
Particle (47):: Fit: 119.782	PB: 119.782	LB: 1393.1	GB: 1393.1	Conf: 2	Pts: 50290
Particle (0):: Fit: 1340.36	PB: 1340.36	LB: 1393.1	GB: 1393.1	Conf: 1.56721	Pts: 210389
Particle (18):: Fit: 127.906	PB: 127.906	LB: 1241.31	GB: 1393.1	Conf: 2	Pts: 65389
Particle (23):: Fit: 119.788	PB: 119.788	LB: 1241.31	GB: 1393.1	Conf: 1.96824	Pts: 60589
Particle (30):: Fit: 123.844	PB: 123.844	LB: 1359.92	GB: 1393.1	Conf: 2	Pts: 60589
Particle (31):: Fit: 121.844	PB: 121.844	LB: 1359.92	GB: 1393.1	Conf: 1.80568	Pts: 65389
Particle (48):: Fit: 121.976	PB: 121.976	LB: 1393.1	GB: 1393.1	Conf: 1.87039	Pts: 50189
Particle (30):: Fit: 127.906	PB: 127.906	LB: 1359.92	GB: 1393.1	Conf: 2	Pts: 60688
Particle (32):: Fit: 123.844	PB: 123.844	LB: 1359.92	GB: 1393.1	Conf: 2	Pts: 70388
Particle (44):: Fit: 123.848	PB: 123.848	LB: 1393.1	GB: 1393.1	Conf: 1.98614	Pts: 50488
Particle (22):: Fit: 1183.36	PB: 1183.36	LB: 1241.31	GB: 1393.1	Conf: 1.75902	Pts: 55687
Particle (24):: Fit: 119.793	PB: 119.793	LB: 1359.92	GB: 1393.1	Conf: 1.95974	Pts: 65287
Particle (20):: Fit: 1135.07	PB: 1135.07	LB: 1241.31	GB: 1393.1	Conf: 1.69486	Pts: 55585
Particle (29):: Fit: 1521.09	PB: 1521.09	LB: 1521.09	GB: 1521.09	Conf: 1.19804	Pts: 215485
Particle (33):: Fit: 125.875	PB: 125.875	LB: 1521.09	GB: 1521.09	Conf: 2	Pts: 55385
Particle (47):: Fit: 121.813	PB: 121.813	LB: 1393.1	GB: 1521.09	Conf: 2	Pts: 50385
Global: 1521.09 - Correct: 45% of 100 tests
Global Best: 
  Inner Net 1
  -- 1 : 1 = 0.306
  -- 1 : 2 = 0.2682
  -- 1 : 3 = 0.879
  -- 1 : 4 = 0.1864
  -- 1 : 5 = 0.9716
  -- 1 : 6 = 0.9051
  -- 1 : 7 = 0.1957
  -- 1 : 8 = 0.2599
  -- 1 : 9 = 0.1171
  -- 2 : 1 = 0.3722
  -- 2 : 2 = 0.221
  -- 2 : 3 = 0.616
  -- 2 : 4 = 0.4916
  -- 2 : 5 = 0.8993
  -- 2 : 6 = 0.5632
  -- 2 : 7 = 0.0685
  -- 2 : 8 = 0.7337
  -- 2 : 9 = 0.9863
  -- 3 : 1 = 0.6843
  -- 3 : 2 = 0.9223
  -- 3 : 3 = 0.7084
  -- 3 : 4 = 0.0626
  -- 3 : 5 = 0.1393
  -- 3 : 6 = 0.3446
  -- 3 : 7 = 0.6094
  -- 3 : 8 = 0.2044
  -- 3 : 9 = 0.472
  -- 4 : 1 = 0.2555
  -- 4 : 2 = 0.7839
  -- 4 : 3 = 0.964
  -- 4 : 4 = 0.1602
  -- 4 : 5 = 0.6098
  -- 4 : 6 = 0.9341
  -- 4 : 7 = 0.0039
  -- 4 : 8 = 0.9927
  -- 4 : 9 = 0.3058
  -- 5 : 1 = 0.7776
  -- 5 : 2 = 0.4198
  -- 5 : 3 = 0.8081
  -- 5 : 4 = 0.2567
  -- 5 : 5 = 0.4805
  -- 5 : 6 = 0.6171
  -- 5 : 7 = 0.9158
  -- 5 : 8 = 0.5362
  -- 5 : 9 = 0.7321
  -- 6 : 1 = 0.3456
  -- 6 : 2 = 0.3761
  -- 6 : 3 = 0.4558
  -- 6 : 4 = 0.8201
  -- 6 : 5 = 0.1423
  -- 6 : 6 = 0.2138
  -- 6 : 7 = 0.9334
  -- 6 : 8 = 0.8056
  -- 6 : 9 = 0.0191
  -- 7 : 1 = 0.1415
  -- 7 : 2 = 0.5798
  -- 7 : 3 = 0.0961
  -- 7 : 4 = 0.0733
  -- 7 : 5 = 0.0371
  -- 7 : 6 = 0.168
  -- 7 : 7 = 0.5149
  -- 7 : 8 = 0.5374
  -- 7 : 9 = 0.1807
  -- 8 : 1 = 0.992
  -- 8 : 2 = 0.6742
  -- 8 : 3 = 0.2836
  -- 8 : 4 = 0.0214
  -- 8 : 5 = 0.3329
  -- 8 : 6 = 0.0717
  -- 8 : 7 = 0.1135
  -- 8 : 8 = 0.0613
  -- 8 : 9 = 0.1825
  -- 9 : 1 = 0.3962
  -- 9 : 2 = 0.4823
  -- 9 : 3 = 0.2586
  -- 9 : 4 = 0.9234
  -- 9 : 5 = 0.1682
  -- 9 : 6 = 0.5223
  -- 9 : 7 = 0.1995
  -- 9 : 8 = 0.1443
  -- 9 : 9 = 0.3885
  -- 10 : 1 = 0.2491
  -- 10 : 2 = 0.0395
  -- 10 : 3 = 0.5647
  -- 10 : 4 = 0.4712
  -- 10 : 5 = 0.939
  -- 10 : 6 = 0.0954
  -- 10 : 7 = 0.2212
  -- 10 : 8 = 0.1353
  -- 10 : 9 = 0.2477
  Inner Net 2
  -- 1 : 1 = -0.195602
  -- 1 : 2 = -0.195536
  -- 2 : 1 = -0.0535959
  -- 2 : 2 = -0.356557
  -- 3 : 1 = 0.43133
  -- 3 : 2 = 0.182352
  -- 4 : 1 = 0.569569
  -- 4 : 2 = 0.444999
  -- 5 : 1 = 0.765
  -- 5 : 2 = 0.257507
  -- 6 : 1 = 0.70737
  -- 6 : 2 = -0.392281
  -- 7 : 1 = 0.181896
  -- 7 : 2 = 0.078921
  -- 8 : 1 = 0.0322625
  -- 8 : 2 = 0.0698938
  -- 9 : 1 = -0.523028
  -- 9 : 2 = 0.0919655
Out\Act	False		True
False	0.84198	0	0.84198
True	0.15802	0	0.15802
	1	0
	Accuracy [ (tp + tn) / testSize ]: 0.84198
	Precision [ tp / (tp + fp) ]:      0
	Sensitivity [ tp / (tp + fn) ]:    0
	Specificity [ tn / (tn + fp) ]:    0.999435
	F-Score [ 2tp / (2tp + fp + fn) ]: 0
Particle (23):: Fit: 1185.88	PB: 1185.88	LB: 1241.31	GB: 1521.09	Conf: 1.98773	Pts: 60684
Particle (43):: Fit: 1164.57	PB: 1164.57	LB: 1393.1	GB: 1521.09	Conf: 1.96346	Pts: 100184
Particle (46):: Fit: 1395.59	PB: 1395.59	LB: 1395.59	GB: 1521.09	Conf: 0.556067	Pts: 160280
Particle (2):: Fit: 122.193	PB: 122.193	LB: 1340.36	GB: 1521.09	Conf: 1.00086	Pts: 55278
Particle (11):: Fit: 130.053	PB: 130.053	LB: 130.053	GB: 1521.09	Conf: 0.87477	Pts: 125182
Particle (26):: Fit: 125.875	PB: 125.875	LB: 1521.09	GB: 1521.09	Conf: 2	Pts: 55183
Particle (25):: Fit: 125.875	PB: 125.875	LB: 1521.09	GB: 1521.09	Conf: 2	Pts: 70182
Particle (44):: Fit: 127.906	PB: 127.906	LB: 1395.59	GB: 1521.09	Conf: 2	Pts: 50582
Particle (49):: Fit: 119.808	PB: 119.808	LB: 1395.59	GB: 1521.09	Conf: 1.70419	Pts: 50382
Particle (1):: Fit: 123.844	PB: 123.844	LB: 1340.36	GB: 1521.09	Conf: 2	Pts: 110381
Particle (13):: Fit: 129.936	PB: 129.936	LB: 130.053	GB: 1521.09	Conf: 2	Pts: 110181
Particle (18):: Fit: 1165.54	PB: 1165.54	LB: 1241.31	GB: 1521.09	Conf: 1.98224	Pts: 70481
Particle (6):: Fit: 119.782	PB: 119.782	LB: 130.053	GB: 1521.09	Conf: 2	Pts: 60280
Particle (11):: Fit: 142.246	PB: 142.246	LB: 142.246	GB: 1521.09	Conf: 1.01748	Pts: 160279
Particle (12):: Fit: 133.997	PB: 133.997	LB: 142.246	GB: 1521.09	Conf: 2	Pts: 55280
Particle (44):: Fit: 129.936	PB: 129.936	LB: 1395.59	GB: 1521.09	Conf: 2	Pts: 50680
Particle (4):: Fit: 1185.87	PB: 1185.87	LB: 1340.36	GB: 1521.09	Conf: 1.98417	Pts: 130279
Particle (6):: Fit: 123.771	PB: 123.771	LB: 1185.87	GB: 1521.09	Conf: 1.98384	Pts: 60379
Particle (21):: Fit: 1290.94	PB: 1290.94	LB: 1290.94	GB: 1521.09	Conf: 1.90439	Pts: 100179
Particle (27):: Fit: 1288.18	PB: 1288.18	LB: 1521.09	GB: 1521.09	Conf: 1.9409	Pts: 95479
Particle (33):: Fit: 136.027	PB: 136.027	LB: 1521.09	GB: 1521.09	Conf: 2	Pts: 55479
Particle (35):: Fit: 1401.03	PB: 1401.03	LB: 1401.03	GB: 1521.09	Conf: 1.62329	Pts: 95378
Particle (37):: Fit: 129.936	PB: 129.936	LB: 1401.03	GB: 1521.09	Conf: 2	Pts: 95378
Particle (40):: Fit: 121.813	PB: 121.813	LB: 1241.04	GB: 1521.09	Conf: 2	Pts: 60378
Particle (0):: Fit: 1358.41	PB: 1358.41	LB: 1395.59	GB: 1521.09	Conf: 1.57568	Pts: 230477
Particle (49):: Fit: 1157.63	PB: 1157.63	LB: 1395.59	GB: 1521.09	Conf: 1.69615	Pts: 50477
Particle (10):: Fit: 1267.12	PB: 1267.12	LB: 1267.12	GB: 1521.09	Conf: 1.98203	Pts: 105376
Particle (20):: Fit: 1173.45	PB: 1173.45	LB: 1290.94	GB: 1521.09	Conf: 1.64618	Pts: 55676
Particle (49):: Fit: 1178.17	PB: 1178.17	LB: 1395.59	GB: 1521.09	Conf: 1.79353	Pts: 50576
Particle (2):: Fit: 1104.95	PB: 1104.95	LB: 1358.41	GB: 1521.09	Conf: 0.134875	Pts: 55367
Particle (5):: Fit: 130.005	PB: 130.005	LB: 1267.12	GB: 1521.09	Conf: 0.606765	Pts: 95274
Particle (1):: Fit: 125.875	PB: 125.875	LB: 1358.41	GB: 1521.09	Conf: 2	Pts: 110473
Particle (5):: Fit: 130.069	PB: 130.069	LB: 1267.12	GB: 1521.09	Conf: 0.683424	Pts: 95372
Particle (25):: Fit: 129.936	PB: 129.936	LB: 1521.09	GB: 1521.09	Conf: 2	Pts: 70272
Particle (22):: Fit: 1241.94	PB: 1241.94	LB: 1290.94	GB: 1521.09	Conf: 1.60149	Pts: 55771
Particle (43):: Fit: 1223.44	PB: 1223.44	LB: 1395.59	GB: 1521.09	Conf: 1.87738	Pts: 100271
Particle (1):: Fit: 129.936	PB: 129.936	LB: 1358.41	GB: 1521.09	Conf: 2	Pts: 110569
Particle (32):: Fit: 125.875	PB: 125.875	LB: 1521.09	GB: 1521.09	Conf: 2	Pts: 70469
Particle (43):: Fit: 1346.81	PB: 1346.81	LB: 1395.59	GB: 1521.09	Conf: 1.92511	Pts: 105368
Particle (9):: Fit: 121.813	PB: 121.813	LB: 1267.12	GB: 1521.09	Conf: 2	Pts: 65267
Particle (4):: Fit: 1208.89	PB: 1208.89	LB: 1358.41	GB: 1521.09	Conf: 1.96797	Pts: 130365
Particle (1):: Fit: 136.027	PB: 136.027	LB: 1358.41	GB: 1521.09	Conf: 2	Pts: 110662
Particle (19):: Fit: 1277.32	PB: 1277.32	LB: 1290.94	GB: 1521.09	Conf: 1.51012	Pts: 120162
Particle (32):: Fit: 133.997	PB: 133.997	LB: 1521.09	GB: 1521.09	Conf: 2	Pts: 70562
Particle (40):: Fit: 131.967	PB: 131.967	LB: 1346.81	GB: 1521.09	Conf: 2	Pts: 60462
Particle (6):: Fit: 123.844	PB: 123.844	LB: 1267.12	GB: 1521.09	Conf: 2	Pts: 60461
Particle (30):: Fit: 146.174	PB: 146.174	LB: 1521.09	GB: 1521.09	Conf: 2	Pts: 60761
Particle (31):: Fit: 125.774	PB: 125.774	LB: 1521.09	GB: 1521.09	Conf: 1.68734	Pts: 65460
Particle (24):: Fit: 123.851	PB: 123.851	LB: 1521.09	GB: 1521.09	Conf: 1.97095	Pts: 65360
Particle (26):: Fit: 127.906	PB: 127.906	LB: 1521.09	GB: 1521.09	Conf: 2	Pts: 55259
Particle (49):: Fit: 1279.21	PB: 1279.21	LB: 1395.59	GB: 1521.09	Conf: 1.66768	Pts: 50659
Particle (24):: Fit: 125.887	PB: 125.887	LB: 1521.09	GB: 1521.09	Conf: 1.93458	Pts: 65456
Particle (41):: Fit: 121.91	PB: 121.91	LB: 1395.59	GB: 1521.09	Conf: 1.06994	Pts: 70154
Particle (0):: Fit: 1379	PB: 1379	LB: 1395.59	GB: 1521.09	Conf: 1.62924	Pts: 250552
Particle (7):: Fit: 140.086	PB: 140.086	LB: 1267.12	GB: 1521.09	Conf: 2	Pts: 100352
Particle (5):: Fit: 142.288	PB: 142.288	LB: 1267.12	GB: 1521.09	Conf: 0.767564	Pts: 95443
Particle (6):: Fit: 140.089	PB: 140.089	LB: 1267.12	GB: 1521.09	Conf: 1.98168	Pts: 60551
Particle (39):: Fit: 1241.14	PB: 1241.14	LB: 1401.03	GB: 1521.09	Conf: 1.65792	Pts: 140351
Particle (21):: Fit: 1326.46	PB: 1326.46	LB: 1326.46	GB: 1521.09	Conf: 1.93901	Pts: 140250
Particle (46):: Fit: 1437.27	PB: 1437.27	LB: 1437.27	GB: 1521.09	Conf: 0.502433	Pts: 210344
Particle (8):: Fit: 134.532	PB: 134.532	LB: 1267.12	GB: 1521.09	Conf: 1.74317	Pts: 60345
Particle (18):: Fit: 1226.52	PB: 1226.52	LB: 1326.46	GB: 1521.09	Conf: 1.98671	Pts: 70546
Particle (45):: Fit: 1267.4	PB: 1267.4	LB: 1437.27	GB: 1521.09	Conf: 1.59611	Pts: 55345
Particle (47):: Fit: 123.844	PB: 123.844	LB: 1437.27	GB: 1521.09	Conf: 2	Pts: 50446
Particle (14):: Fit: 123.855	PB: 123.855	LB: 1277.32	GB: 1521.09	Conf: 1.83574	Pts: 55243
Particle (17):: Fit: 131.975	PB: 131.975	LB: 1326.46	GB: 1521.09	Conf: 1.97995	Pts: 60342
Particle (37):: Fit: 1226.51	PB: 1226.51	LB: 1401.03	GB: 1521.09	Conf: 1.98378	Pts: 95442
Particle (34):: Fit: 1145.24	PB: 1145.24	LB: 1401.03	GB: 1521.09	Conf: 1.9891	Pts: 55341
Particle (15):: Fit: 129.936	PB: 129.936	LB: 1277.32	GB: 1521.09	Conf: 2	Pts: 60339
Particle (8):: Fit: 1202.69	PB: 1202.69	LB: 1267.12	GB: 1521.09	Conf: 1.72363	Pts: 60434
Particle (0):: Fit: 1400.98	PB: 1400.98	LB: 1437.27	GB: 1521.09	Conf: 1.64617	Pts: 270634
Particle (26):: Fit: 129.936	PB: 129.936	LB: 1521.09	GB: 1521.09	Conf: 2	Pts: 55333
Particle (24):: Fit: 142.137	PB: 142.137	LB: 1521.09	GB: 1521.09	Conf: 1.94131	Pts: 65532
Particle (25):: Fit: 133.997	PB: 133.997	LB: 1521.09	GB: 1521.09	Conf: 2	Pts: 70332
Particle (46):: Fit: 1520.67	PB: 1520.67	LB: 1520.67	GB: 1521.09	Conf: 0.785999	Pts: 260426
Particle (5):: Fit: 1247.79	PB: 1247.79	LB: 1267.12	GB: 1521.09	Conf: 0.349166	Pts: 95517
Particle (48):: Fit: 129.97	PB: 129.97	LB: 1520.67	GB: 1521.09	Conf: 1.89842	Pts: 50229
Particle (9):: Fit: 123.844	PB: 123.844	LB: 1267.12	GB: 1521.09	Conf: 2	Pts: 65325
Particle (4):: Fit: 1287.42	PB: 1287.42	LB: 1400.98	GB: 1521.09	Conf: 1.98051	Pts: 150423
Particle (19):: Fit: 1323.25	PB: 1323.25	LB: 1326.46	GB: 1521.09	Conf: 1.68874	Pts: 130223
Particle (24):: Fit: 1104.55	PB: 1104.55	LB: 1521.09	GB: 1521.09	Conf: 1.98	Pts: 65623
Particle (42):: Fit: 123.957	PB: 123.957	LB: 1520.67	GB: 1521.09	Conf: 0.477937	Pts: 65211
Particle (39):: Fit: 1262.88	PB: 1262.88	LB: 1401.03	GB: 1521.09	Conf: 1.64085	Pts: 140421
Particle (49):: Fit: 1301.58	PB: 1301.58	LB: 1520.67	GB: 1521.09	Conf: 1.74568	Pts: 50721
Particle (42):: Fit: 125.992	PB: 125.992	LB: 1520.67	GB: 1521.09	Conf: 0.722044	Pts: 65284
Particle (1):: Fit: 1148.71	PB: 1148.71	LB: 1400.98	GB: 1521.09	Conf: 0.668319	Pts: 110698
Particle (25):: Fit: 1283.9	PB: 1283.9	LB: 1521.09	GB: 1521.09	Conf: 0.311865	Pts: 70398
Particle (1):: Fit: 1161.54	PB: 1161.54	LB: 1400.98	GB: 1521.09	Conf: 0.934519	Pts: 110797
Particle (9):: Fit: 1257.66	PB: 1257.66	LB: 1267.12	GB: 1521.09	Conf: 0.463839	Pts: 65397
Particle (12):: Fit: 1403.98	PB: 1403.98	LB: 1403.98	GB: 1521.09	Conf: 0.629402	Pts: 105297
Particle (17):: Fit: 1213.94	PB: 1213.94	LB: 1326.46	GB: 1521.09	Conf: 0.509854	Pts: 60397
Particle (23):: Fit: 1186.9	PB: 1186.9	LB: 1326.46	GB: 1521.09	Conf: 0.379919	Pts: 60697
Particle (38):: Fit: 1129.83	PB: 1129.83	LB: 1401.03	GB: 1521.09	Conf: 0.624225	Pts: 105296
Particle (1):: Fit: 1166.6	PB: 1166.6	LB: 1400.98	GB: 1521.09	Conf: 0.50777	Pts: 110896
Particle (30):: Fit: 1209.98	PB: 1209.98	LB: 1521.09	GB: 1521.09	Conf: 0.776413	Pts: 60796
Particle (49):: Fit: 1324.6	PB: 1324.6	LB: 1520.67	GB: 1521.09	Conf: 0.752238	Pts: 50796
Particle (3):: Fit: 1301.65	PB: 1301.65	LB: 1400.98	GB: 1521.09	Conf: 0.663883	Pts: 85395
Particle (24):: Fit: 1369.66	PB: 1369.66	LB: 1521.09	GB: 1521.09	Conf: 0.747402	Pts: 90695
Particle (28):: Fit: 1180.28	PB: 1180.28	LB: 1521.09	GB: 1521.09	Conf: 0.371481	Pts: 85082
Particle (44):: Fit: 1167.58	PB: 1167.58	LB: 1520.67	GB: 1521.09	Conf: 0.727627	Pts: 50695
Particle (49):: Fit: 1489.43	PB: 1489.43	LB: 1520.67	GB: 1521.09	Conf: 0.905121	Pts: 65895
Particle (18):: Fit: 1255.39	PB: 1255.39	LB: 1326.46	GB: 1521.09	Conf: 0.938439	Pts: 70593
Particle (31):: Fit: 1114.84	PB: 1114.84	LB: 1521.09	GB: 1521.09	Conf: 0.532933	Pts: 65491
Particle (2):: Fit: 1148.46	PB: 1148.46	LB: 1489.43	GB: 1521.09	Conf: 0.518001	Pts: 55372
Particle (21):: Fit: 1327.79	PB: 1327.79	LB: 1369.66	GB: 1521.09	Conf: 0.661889	Pts: 150293
Particle (41):: Fit: 1264.77	PB: 1264.77	LB: 1520.67	GB: 1521.09	Conf: 0.606745	Pts: 70188
Particle (2):: Fit: 1201.7	PB: 1201.7	LB: 1489.43	GB: 1521.09	Conf: 0.415806	Pts: 55471
Particle (19):: Fit: 1329.93	PB: 1329.93	LB: 1369.66	GB: 1521.09	Conf: 0.205993	Pts: 140292
Particle (1):: Fit: 1227.55	PB: 1227.55	LB: 1489.43	GB: 1521.09	Conf: 0.454345	Pts: 110991
Particle (7):: Fit: 1364.94	PB: 1364.94	LB: 1403.98	GB: 1521.09	Conf: 0.523225	Pts: 110390
Particle (14):: Fit: 1386.24	PB: 1386.24	LB: 1403.98	GB: 1521.09	Conf: 0.593938	Pts: 65290
Particle (17):: Fit: 1380.18	PB: 1380.18	LB: 1386.24	GB: 1521.09	Conf: 0.460561	Pts: 75489
Particle (27):: Fit: 1395.49	PB: 1395.49	LB: 1521.09	GB: 1521.09	Conf: 0.519333	Pts: 105489
Particle (44):: Fit: 1234.77	PB: 1234.77	LB: 1520.67	GB: 1521.09	Conf: 0.70089	Pts: 50790
Particle (5):: Fit: 1489.19	PB: 1489.19	LB: 1489.19	GB: 1521.09	Conf: 0.840869	Pts: 125575
Particle (6):: Fit: 1169.32	PB: 1169.32	LB: 1489.19	GB: 1521.09	Conf: 0.648295	Pts: 60589
Particle (34):: Fit: 1173.86	PB: 1173.86	LB: 1401.03	GB: 1521.09	Conf: 0.330307	Pts: 55389
Particle (20):: Fit: 1310.17	PB: 1310.17	LB: 1380.18	GB: 1521.09	Conf: 0.638844	Pts: 55687
Particle (31):: Fit: 1254.89	PB: 1254.89	LB: 1521.09	GB: 1521.09	Conf: 0.736541	Pts: 65585
Particle (39):: Fit: 1415.83	PB: 1415.83	LB: 1415.83	GB: 1521.09	Conf: 0.0903311	Pts: 175487
Particle (32):: Fit: 1494.57	PB: 1494.57	LB: 1521.09	GB: 1521.09	Conf: 0.317359	Pts: 85587
Particle (33):: Fit: 1409.62	PB: 1409.62	LB: 1521.09	GB: 1521.09	Conf: 0.850307	Pts: 55484
Particle (37):: Fit: 1274.66	PB: 1274.66	LB: 1415.83	GB: 1521.09	Conf: 0.555631	Pts: 95486
Particle (44):: Fit: 1390.2	PB: 1390.2	LB: 1520.67	GB: 1521.09	Conf: 0.699924	Pts: 50886
Particle (30):: Fit: 1228.55	PB: 1228.55	LB: 1521.09	GB: 1521.09	Conf: 0.987569	Pts: 60884
Particle (31):: Fit: 1262.68	PB: 1262.68	LB: 1521.09	GB: 1521.09	Conf: 0.240424	Pts: 65680
Particle (38):: Fit: 1250.34	PB: 1250.34	LB: 1415.83	GB: 1521.09	Conf: 0.720508	Pts: 105382
Particle (23):: Fit: 1288.16	PB: 1288.16	LB: 1395.49	GB: 1521.09	Conf: 0.185949	Pts: 60781
Particle (26):: Fit: 1253.13	PB: 1253.13	LB: 1521.09	GB: 1521.09	Conf: 0.752015	Pts: 55380
Particle (13):: Fit: 1162.4	PB: 1162.4	LB: 1403.98	GB: 1521.09	Conf: 0.650053	Pts: 110179
Particle (9):: Fit: 1273.11	PB: 1273.11	LB: 1489.19	GB: 1521.09	Conf: 0.65934	Pts: 65478
Particle (47):: Fit: 1156.25	PB: 1156.25	LB: 1520.67	GB: 1521.09	Conf: 0.347271	Pts: 50478
Particle (42):: Fit: 1169.17	PB: 1169.17	LB: 1520.67	GB: 1521.09	Conf: 0.536448	Pts: 65361
Particle (41):: Fit: 1304.58	PB: 1304.58	LB: 1520.67	GB: 1521.09	Conf: 0.813204	Pts: 70271
Particle (42):: Fit: 1310.94	PB: 1310.94	LB: 1520.67	GB: 1521.09	Conf: 0.374131	Pts: 65460
Particle (47):: Fit: 1263.06	PB: 1263.06	LB: 1520.67	GB: 1521.09	Conf: 0.22956	Pts: 50576
Particle (14):: Fit: 1400.32	PB: 1400.32	LB: 1403.98	GB: 1521.09	Conf: 0.481341	Pts: 75375
Particle (36):: Fit: 1215.93	PB: 1215.93	LB: 1494.57	GB: 1521.09	Conf: 0.445509	Pts: 55373
Particle (6):: Fit: 1280.23	PB: 1280.23	LB: 1489.19	GB: 1521.09	Conf: 0.390062	Pts: 60674
Particle (26):: Fit: 1376.21	PB: 1376.21	LB: 1521.09	GB: 1521.09	Conf: 0.833966	Pts: 55472
Particle (7):: Fit: 1370.88	PB: 1370.88	LB: 1489.19	GB: 1521.09	Conf: 0.1955	Pts: 110473
Particle (15):: Fit: 1173.56	PB: 1173.56	LB: 1403.98	GB: 1521.09	Conf: 0.846694	Pts: 60372
Particle (48):: Fit: 1272.03	PB: 1272.03	LB: 1520.67	GB: 1521.09	Conf: 0.822448	Pts: 50272
Particle (11):: Fit: 1232.04	PB: 1232.04	LB: 1403.98	GB: 1521.09	Conf: 0.460764	Pts: 160263
Particle (9):: Fit: 1432.54	PB: 1432.54	LB: 1489.19	GB: 1521.09	Conf: 0.535985	Pts: 85570
Particle (16):: Fit: 1198.73	PB: 1198.73	LB: 1403.98	GB: 1521.09	Conf: 0.685137	Pts: 70370
Particle (11):: Fit: 1280.09	PB: 1280.09	LB: 1432.54	GB: 1521.09	Conf: 0.590532	Pts: 160360
Particle (31):: Fit: 1301.65	PB: 1301.65	LB: 1521.09	GB: 1521.09	Conf: 0.505977	Pts: 65766
Particle (2):: Fit: 1268.48	PB: 1268.48	LB: 1489.43	GB: 1521.09	Conf: 0.760773	Pts: 55547
Particle (45):: Fit: 1405.57	PB: 1405.57	LB: 1520.67	GB: 1521.09	Conf: 0.661817	Pts: 55367
Particle (34):: Fit: 1195.81	PB: 1195.81	LB: 1494.57	GB: 1521.09	Conf: 0.54591	Pts: 55467
Particle (15):: Fit: 1257.98	PB: 1257.98	LB: 1403.98	GB: 1521.09	Conf: 0.799334	Pts: 60465
Particle (3):: Fit: 1436.32	PB: 1436.32	LB: 1489.43	GB: 1521.09	Conf: 0.727828	Pts: 85464
Particle (15):: Fit: 1381.21	PB: 1381.21	LB: 1403.98	GB: 1521.09	Conf: 0.71725	Pts: 65563
Particle (36):: Fit: 1272.9	PB: 1272.9	LB: 1494.57	GB: 1521.09	Conf: 0.668322	Pts: 55462
Particle (13):: Fit: 1206.08	PB: 1206.08	LB: 1432.54	GB: 1521.09	Conf: 0.453473	Pts: 110261
Particle (23):: Fit: 1309.76	PB: 1309.76	LB: 1395.49	GB: 1521.09	Conf: 0.689882	Pts: 60862
Particle (25):: Fit: 1362.12	PB: 1362.12	LB: 1521.09	GB: 1521.09	Conf: 0.765296	Pts: 70460
Particle (16):: Fit: 1206.04	PB: 1206.04	LB: 1403.98	GB: 1521.09	Conf: 0.725459	Pts: 70462
Particle (28):: Fit: 1206.42	PB: 1206.42	LB: 1521.09	GB: 1521.09	Conf: 0.0666646	Pts: 85148
Particle (34):: Fit: 1432.97	PB: 1432.97	LB: 1494.57	GB: 1521.09	Conf: 0.365433	Pts: 65562
Particle (1):: Fit: 1339.17	PB: 1339.17	LB: 1489.43	GB: 1521.09	Conf: 0.558481	Pts: 111058
Particle (22):: Fit: 1274.67	PB: 1274.67	LB: 1395.49	GB: 1521.09	Conf: 0.18012	Pts: 55760
Particle (22):: Fit: 1309.03	PB: 1309.03	LB: 1395.49	GB: 1521.09	Conf: 0.552508	Pts: 55859
Particle (40):: Fit: 1168.41	PB: 1168.41	LB: 1415.83	GB: 1521.09	Conf: 0.959401	Pts: 60457
Particle (36):: Fit: 1345.27	PB: 1345.27	LB: 1494.57	GB: 1521.09	Conf: 0.731608	Pts: 55553
Particle (2):: Fit: 1393.49	PB: 1393.49	LB: 1489.43	GB: 1521.09	Conf: 0.805459	Pts: 55633
Particle (8):: Fit: 1247.9	PB: 1247.9	LB: 1489.19	GB: 1521.09	Conf: 0.437181	Pts: 60447
Particle (10):: Fit: 1351.86	PB: 1351.86	LB: 1432.54	GB: 1521.09	Conf: 0.528493	Pts: 105354
Particle (40):: Fit: 1252.52	PB: 1252.52	LB: 1415.83	GB: 1521.09	Conf: 0.874886	Pts: 60552
Particle (28):: Fit: 1302.29	PB: 1302.29	LB: 1521.09	GB: 1521.09	Conf: 0.236639	Pts: 85238
Particle (8):: Fit: 1253.26	PB: 1253.26	LB: 1489.19	GB: 1521.09	Conf: 0.626706	Pts: 60544
Particle (9):: Fit: 1492.59	PB: 1492.59	LB: 1492.59	GB: 1521.09	Conf: 0.384403	Pts: 135649
Particle (16):: Fit: 1288.97	PB: 1288.97	LB: 1403.98	GB: 1521.09	Conf: 0.615105	Pts: 70547
Particle (23):: Fit: 1332.22	PB: 1332.22	LB: 1395.49	GB: 1521.09	Conf: 0.801073	Pts: 60946
Particle (6):: Fit: 1360.27	PB: 1360.27	LB: 1492.59	GB: 1521.09	Conf: 0.270669	Pts: 60745
Particle (11):: Fit: 1282.21	PB: 1282.21	LB: 1492.59	GB: 1521.09	Conf: 0.644293	Pts: 160435
Particle (13):: Fit: 1290.15	PB: 1290.15	LB: 1492.59	GB: 1521.09	Conf: 0.497988	Pts: 110343
Particle (8):: Fit: 1280.5	PB: 1280.5	LB: 1492.59	GB: 1521.09	Conf: 0.546307	Pts: 60637
Particle (30):: Fit: 1311.05	PB: 1311.05	LB: 1521.09	GB: 1521.09	Conf: 0.541035	Pts: 60939
Particle (31):: Fit: 1334.98	PB: 1334.98	LB: 1521.09	GB: 1521.09	Conf: 0.669741	Pts: 65838
Particle (18):: Fit: 1271.14	PB: 1271.14	LB: 1400.32	GB: 1521.09	Conf: 0.593932	Pts: 70637
Particle (47):: Fit: 1273.22	PB: 1273.22	LB: 1520.67	GB: 1521.09	Conf: 0.510064	Pts: 50639
Particle (38):: Fit: 1300.92	PB: 1300.92	LB: 1432.97	GB: 1521.09	Conf: 0.492731	Pts: 105434
Particle (21):: Fit: 1401.25	PB: 1401.25	LB: 1401.25	GB: 1521.09	Conf: 0.492766	Pts: 185334
Particle (48):: Fit: 1402.84	PB: 1402.84	LB: 1520.67	GB: 1521.09	Conf: 0.74316	Pts: 50334
Particle (38):: Fit: 1432.45	PB: 1432.45	LB: 1432.97	GB: 1521.09	Conf: 0.599278	Pts: 115528
Particle (16):: Fit: 1316.08	PB: 1316.08	LB: 1403.98	GB: 1521.09	Conf: 0.70943	Pts: 70629
Particle (26):: Fit: 1402.07	PB: 1402.07	LB: 1521.09	GB: 1521.09	Conf: 0.699166	Pts: 70525
Particle (37):: Fit: 1289.07	PB: 1289.07	LB: 1432.97	GB: 1521.09	Conf: 0.385019	Pts: 95527
Particle (8):: Fit: 1365.87	PB: 1365.87	LB: 1492.59	GB: 1521.09	Conf: 0.472264	Pts: 60719
Particle (10):: Fit: 1357.07	PB: 1357.07	LB: 1492.59	GB: 1521.09	Conf: 0.458211	Pts: 105424
Particle (15):: Fit: 1464.7	PB: 1464.7	LB: 1464.7	GB: 1521.09	Conf: 0.900889	Pts: 95620
Particle (18):: Fit: 1367.18	PB: 1367.18	LB: 1464.7	GB: 1521.09	Conf: 0.281629	Pts: 70717
Particle (41):: Fit: 1312.83	PB: 1312.83	LB: 1520.67	GB: 1521.09	Conf: 0.412889	Pts: 70305
Particle (47):: Fit: 1403.51	PB: 1403.51	LB: 1520.67	GB: 1521.09	Conf: 0.286754	Pts: 50710
Particle (40):: Fit: 1413.32	PB: 1413.32	LB: 1432.45	GB: 1521.09	Conf: 0.692586	Pts: 60608
Particle (16):: Fit: 1378.43	PB: 1378.43	LB: 1464.7	GB: 1521.09	Conf: 0.704702	Pts: 70707
Particle (49):: Fit: 1508.53	PB: 1508.53	LB: 1520.67	GB: 1521.09	Conf: 0.756978	Pts: 80906
Particle (2):: Fit: 1398.61	PB: 1398.61	LB: 1508.53	GB: 1521.09	Conf: 0.561539	Pts: 55679
Particle (37):: Fit: 1413.61	PB: 1413.61	LB: 1432.97	GB: 1521.09	Conf: 0.509617	Pts: 95602
Particle (11):: Fit: 1440.23	PB: 1440.23	LB: 1492.59	GB: 1521.09	Conf: 0.550106	Pts: 160488
Particle (10):: Fit: 1371.99	PB: 1371.99	LB: 1492.59	GB: 1521.09	Conf: 0.695599	Pts: 105496
Particle (30):: Fit: 1334.19	PB: 1334.19	LB: 1521.09	GB: 1521.09	Conf: 0.687743	Pts: 60995
Particle (14):: Fit: 1427.03	PB: 1427.03	LB: 1464.7	GB: 1521.09	Conf: 0.371765	Pts: 75394
Particle (13):: Fit: 1465.46	PB: 1465.46	LB: 1492.59	GB: 1521.09	Conf: 0.792318	Pts: 130394
Particle (16):: Fit: 1504.33	PB: 1504.33	LB: 1504.33	GB: 1521.09	Conf: 0.699963	Pts: 120793
Particle (30):: Fit: 1339.51	PB: 1339.51	LB: 1521.09	GB: 1521.09	Conf: 0.899126	Pts: 61090
Particle (42):: Fit: 1342.03	PB: 1342.03	LB: 1520.67	GB: 1521.09	Conf: 0.558772	Pts: 65474
Particle (22):: Fit: 1330.38	PB: 1330.38	LB: 1402.07	GB: 1521.09	Conf: 0.556021	Pts: 55889
Particle (43):: Fit: 1432.56	PB: 1432.56	LB: 1520.67	GB: 1521.09	Conf: 0.824454	Pts: 115286
Particle (23):: Fit: 1362.34	PB: 1362.34	LB: 1402.07	GB: 1521.09	Conf: 0.794491	Pts: 60980
Particle (30):: Fit: 1362.88	PB: 1362.88	LB: 1521.09	GB: 1521.09	Conf: 0.636551	Pts: 61179
Particle (27):: Fit: 1413.41	PB: 1413.41	LB: 1521.09	GB: 1521.09	Conf: 0.313627	Pts: 115479
Particle (6):: Fit: 1481.1	PB: 1481.1	LB: 1492.59	GB: 1521.09	Conf: 0.243408	Pts: 60776
Particle (24):: Fit: 1439.43	PB: 1439.43	LB: 1521.09	GB: 1521.09	Conf: 0.326389	Pts: 105677
Particle (41):: Fit: 1385.31	PB: 1385.31	LB: 1520.67	GB: 1521.09	Conf: 0.748515	Pts: 70371
Particle (23):: Fit: 1393.32	PB: 1393.32	LB: 1439.43	GB: 1521.09	Conf: 0.544383	Pts: 61065
Particle (31):: Fit: 1348.97	PB: 1348.97	LB: 1521.09	GB: 1521.09	Conf: 0.669084	Pts: 65863
Particle (39):: Fit: 1433.99	PB: 1433.99	LB: 1433.99	GB: 1521.09	Conf: 0.354194	Pts: 195464
Particle (47):: Fit: 1439.6	PB: 1439.6	LB: 1520.67	GB: 1521.09	Conf: 0.325899	Pts: 50763
Particle (28):: Fit: 1405.56	PB: 1405.56	LB: 1521.09	GB: 1521.09	Conf: 0.652871	Pts: 85250
Particle (17):: Fit: 1391.28	PB: 1391.28	LB: 1504.33	GB: 1521.09	Conf: 0.67974	Pts: 75459
Particle (4):: Fit: 1315.3	PB: 1315.3	LB: 1492.59	GB: 1521.09	Conf: 1.3842	Pts: 150341
Particle (10):: Fit: 1420.25	PB: 1420.25	LB: 1492.59	GB: 1521.09	Conf: 0.540814	Pts: 105537
Particle (19):: Fit: 1336.14	PB: 1336.14	LB: 1504.33	GB: 1521.09	Conf: 0.511368	Pts: 140240
Particle (42):: Fit: 1385.71	PB: 1385.71	LB: 1520.67	GB: 1521.09	Conf: 0.378604	Pts: 65519
Particle (24):: Fit: 1487.24	PB: 1487.24	LB: 1521.09	GB: 1521.09	Conf: 0.689119	Pts: 120740
Particle (18):: Fit: 1401.79	PB: 1401.79	LB: 1504.33	GB: 1521.09	Conf: 0.553325	Pts: 70731
Particle (20):: Fit: 1369.14	PB: 1369.14	LB: 1504.33	GB: 1521.09	Conf: 0.579041	Pts: 55632
Particle (17):: Fit: 1407.5	PB: 1407.5	LB: 1504.33	GB: 1521.09	Conf: 0.767627	Pts: 75525
Particle (36):: Fit: 1347.64	PB: 1347.64	LB: 1494.57	GB: 1521.09	Conf: 0.682484	Pts: 55520
Particle (2):: Fit: 1421.42	PB: 1421.42	LB: 1508.53	GB: 1521.09	Conf: 0.799324	Pts: 55699
Particle (21):: Fit: 1475.02	PB: 1475.02	LB: 1487.24	GB: 1521.09	Conf: 0.557041	Pts: 185313
Particle (21):: Fit: 1519.42	PB: 1519.42	LB: 1519.42	GB: 1521.09	Conf: 0.656889	Pts: 225408
Particle (26):: Fit: 1456.71	PB: 1456.71	LB: 1521.09	GB: 1521.09	Conf: 0.601216	Pts: 70503
Particle (39):: Fit: 1439.42	PB: 1439.42	LB: 1439.42	GB: 1521.09	Conf: 0.6924	Pts: 215503
Particle (22):: Fit: 1367.34	PB: 1367.34	LB: 1519.42	GB: 1521.09	Conf: 0.565726	Pts: 55900
Particle (28):: Fit: 1407.86	PB: 1407.86	LB: 1521.09	GB: 1521.09	Conf: 0.152384	Pts: 85280
Particle (0):: Fit: 1409.64	PB: 1409.64	LB: 1520.67	GB: 1521.09	Conf: 0.619787	Pts: 270486
Particle (31):: Fit: 1431.74	PB: 1431.74	LB: 1521.09	GB: 1521.09	Conf: 0.796406	Pts: 65867
Particle (43):: Fit: 1440.31	PB: 1440.31	LB: 1520.67	GB: 1521.09	Conf: 0.705162	Pts: 130268
Particle (19):: Fit: 1369.11	PB: 1369.11	LB: 1519.42	GB: 1521.09	Conf: 0.685739	Pts: 140264
Particle (27):: Fit: 1495.86	PB: 1495.86	LB: 1521.09	GB: 1521.09	Conf: 0.576477	Pts: 115454
Particle (30):: Fit: 1436.59	PB: 1436.59	LB: 1521.09	GB: 1521.09	Conf: 0.572928	Pts: 61153
Particle (36):: Fit: 1425.18	PB: 1425.18	LB: 1494.57	GB: 1521.09	Conf: 0.758343	Pts: 55552
Particle (40):: Fit: 1516.61	PB: 1516.61	LB: 1516.61	GB: 1521.09	Conf: 0.958478	Pts: 90549
Particle (1):: Fit: 1378.51	PB: 1378.51	LB: 1508.53	GB: 1521.09	Conf: 0.764047	Pts: 110941
Particle (47):: Fit: 1472.04	PB: 1472.04	LB: 1520.67	GB: 1521.09	Conf: 0.42317	Pts: 50737
Particle (33):: Fit: 1431.74	PB: 1431.74	LB: 1521.09	GB: 1521.09	Conf: 0.706214	Pts: 55329
Particle (19):: Fit: 1443.73	PB: 1443.73	LB: 1519.42	GB: 1521.09	Conf: 0.657351	Pts: 140336
Particle (14):: Fit: 1519.45	PB: 1519.45	LB: 1519.45	GB: 1521.09	Conf: 0.475452	Pts: 125331
Particle (39):: Fit: 1466.5	PB: 1466.5	LB: 1516.61	GB: 1521.09	Conf: 0.149663	Pts: 215518
Particle (20):: Fit: 1514.81	PB: 1514.81	LB: 1519.42	GB: 1521.09	Conf: 0.328562	Pts: 55596
Particle (22):: Fit: 1428.97	PB: 1428.97	LB: 1519.42	GB: 1521.09	Conf: 0.549934	Pts: 55899
Particle (22):: Fit: 1454.6	PB: 1454.6	LB: 1519.42	GB: 1521.09	Conf: 0.529907	Pts: 55998
Particle (6):: Fit: 1485.83	PB: 1485.83	LB: 1492.59	GB: 1521.09	Conf: 0.247622	Pts: 60679
Particle (38):: Fit: 1439.96	PB: 1439.96	LB: 1516.61	GB: 1521.09	Conf: 0.344091	Pts: 115378
Particle (8):: Fit: 1409.93	PB: 1409.93	LB: 1492.59	GB: 1521.09	Conf: 0.398974	Pts: 60570
Particle (48):: Fit: 1510.14	PB: 1510.14	LB: 1520.67	GB: 1521.09	Conf: 0.731124	Pts: 60161
Particle (12):: Fit: 1515.48	PB: 1515.48	LB: 1519.45	GB: 1521.09	Conf: 0.475563	Pts: 115055
Particle (1):: Fit: 1415.18	PB: 1415.18	LB: 1510.14	GB: 1521.09	Conf: 0.620069	Pts: 110950
Particle (34):: Fit: 1449.43	PB: 1449.43	LB: 1494.57	GB: 1521.09	Conf: 0.41158	Pts: 65357
Particle (17):: Fit: 1431.68	PB: 1431.68	LB: 1519.45	GB: 1521.09	Conf: 0.816985	Pts: 75444
Particle (1):: Fit: 1486.04	PB: 1486.04	LB: 1510.14	GB: 1521.09	Conf: 0.479204	Pts: 111015
Particle (10):: Fit: 1438.8	PB: 1438.8	LB: 1519.45	GB: 1521.09	Conf: 0.579811	Pts: 105414
Particle (7):: Fit: 1413.42	PB: 1413.42	LB: 1515.48	GB: 1521.09	Conf: 0.661282	Pts: 110208
Particle (37):: Fit: 1425.39	PB: 1425.39	LB: 1516.61	GB: 1521.09	Conf: 0.392712	Pts: 95369
Particle (44):: Fit: 1410.33	PB: 1410.33	LB: 1520.67	GB: 1521.09	Conf: 0.817253	Pts: 50553
Particle (11):: Fit: 1523.27	PB: 1523.27	LB: 1523.27	GB: 1523.27	Conf: 0.69129	Pts: 220221
Global: 1523.27 - Correct: 72% of 100 tests
Global Best: 
  Inner Net 1
  -- 1 : 1 = 0.470499
  -- 1 : 2 = 0.0949804
  -- 1 : 3 = 0.0629119
  -- 1 : 4 = 0.318332
  -- 1 : 5 = 0.151464
  -- 1 : 6 = 0.156863
  -- 1 : 7 = -0.117955
  -- 1 : 8 = 0.0148804
  -- 1 : 9 = -0.322187
  -- 2 : 1 = 0.111184
  -- 2 : 2 = 0.118633
  -- 2 : 3 = 0.271909
  -- 2 : 4 = 0.064742
  -- 2 : 5 = -0.0977101
  -- 2 : 6 = -0.0215531
  -- 2 : 7 = 0.270413
  -- 2 : 8 = -0.122184
  -- 2 : 9 = -0.245753
  -- 3 : 1 = 0.324719
  -- 3 : 2 = 0.593888
  -- 3 : 3 = 0.615438
  -- 3 : 4 = 0.291811
  -- 3 : 5 = 0.0303806
  -- 3 : 6 = 0.25982
  -- 3 : 7 = 0.0214065
  -- 3 : 8 = -0.110309
  -- 3 : 9 = -0.318568
  -- 4 : 1 = 0.125091
  -- 4 : 2 = 0.329167
  -- 4 : 3 = 0.370449
  -- 4 : 4 = -0.0630312
  -- 4 : 5 = -0.140384
  -- 4 : 6 = 0.140784
  -- 4 : 7 = -0.224583
  -- 4 : 8 = -0.100547
  -- 4 : 9 = -0.286921
  -- 5 : 1 = 0.549835
  -- 5 : 2 = 0.473272
  -- 5 : 3 = -0.283899
  -- 5 : 4 = 0.348958
  -- 5 : 5 = 0.398149
  -- 5 : 6 = -0.20894
  -- 5 : 7 = 0.167894
  -- 5 : 8 = -0.159913
  -- 5 : 9 = 0.0961607
  -- 6 : 1 = 0
  -- 6 : 2 = 0.279707
  -- 6 : 3 = 0.122516
  -- 6 : 4 = -0.22844
  -- 6 : 5 = 0.273793
  -- 6 : 6 = 0.638289
  -- 6 : 7 = 0.39006
  -- 6 : 8 = 0.0152638
  -- 6 : 9 = -0.565462
  -- 7 : 1 = 0.407357
  -- 7 : 2 = 0.36814
  -- 7 : 3 = -0.00590992
  -- 7 : 4 = -0.00648272
  -- 7 : 5 = 0.32248
  -- 7 : 6 = -0.139504
  -- 7 : 7 = -0.376948
  -- 7 : 8 = -0.105846
  -- 7 : 9 = -0.186692
  -- 8 : 1 = -0.613467
  -- 8 : 2 = 0.0739178
  -- 8 : 3 = 0.0315328
  -- 8 : 4 = 0.223438
  -- 8 : 5 = 0.0295449
  -- 8 : 6 = 0.286993
  -- 8 : 7 = -0.0679921
  -- 8 : 8 = -0.232621
  -- 8 : 9 = 0.230591
  -- 9 : 1 = 0.586513
  -- 9 : 2 = 0.41915
  -- 9 : 3 = 0.65083
  -- 9 : 4 = 0.0745615
  -- 9 : 5 = -0.189797
  -- 9 : 6 = -0.0789905
  -- 9 : 7 = 0.0272038
  -- 9 : 8 = -0.145587
  -- 9 : 9 = 0.230911
  -- 10 : 1 = 0.272116
  -- 10 : 2 = -0.0311076
  -- 10 : 3 = -0.0336796
  -- 10 : 4 = 0.429985
  -- 10 : 5 = -0.214746
  -- 10 : 6 = 0.33785
  -- 10 : 7 = -0.273168
  -- 10 : 8 = 0.0167997
  -- 10 : 9 = 0.280831
  Inner Net 2
  -- 1 : 1 = 0.177603
  -- 1 : 2 = -0.323619
  -- 2 : 1 = 0.0108245
  -- 2 : 2 = 0.0162668
  -- 3 : 1 = 0.231439
  -- 3 : 2 = -0.122498
  -- 4 : 1 = -0.146399
  -- 4 : 2 = -0.00407829
  -- 5 : 1 = 0.672051
  -- 5 : 2 = -0.102843
  -- 6 : 1 = -0.158568
  -- 6 : 2 = 0.0583226
  -- 7 : 1 = 0.126022
  -- 7 : 2 = 0.310118
  -- 8 : 1 = 0.378558
  -- 8 : 2 = -0.281177
  -- 9 : 1 = -0.269873
  -- 9 : 2 = 0.401514
Out\Act	False		True
False	0.480723	0.361257	0.84198
True	0.0566397	0.10138	0.15802
	0.537363	0.462637
	Accuracy [ (tp + tn) / testSize ]: 0.582104
	Precision [ tp / (tp + fp) ]:      0.218911
	Sensitivity [ tp / (tp + fn) ]:    0.63964
	Specificity [ tn / (tn + fp) ]:    0.570621
	F-Score [ 2tp / (2tp + fp + fn) ]: 0.326437
Particle (3):: Fit: 1445.02	PB: 1445.02	LB: 1508.53	GB: 1523.27	Conf: 0.552262	Pts: 85133
Particle (13):: Fit: 1553.36	PB: 1553.36	LB: 1553.36	GB: 1553.36	Conf: 0.764018	Pts: 190091
Global: 1553.36 - Correct: 73% of 100 tests
Global Best: 
  Inner Net 1
  -- 1 : 1 = 0.357097
  -- 1 : 2 = 0.253049
  -- 1 : 3 = -0.283159
  -- 1 : 4 = -0.220318
  -- 1 : 5 = -0.0147323
  -- 1 : 6 = -0.0917085
  -- 1 : 7 = 0.030789
  -- 1 : 8 = -0.166905
  -- 1 : 9 = -0.197305
  -- 2 : 1 = 0.232074
  -- 2 : 2 = -0.324577
  -- 2 : 3 = -0.0735618
  -- 2 : 4 = 0.342453
  -- 2 : 5 = 0.132625
  -- 2 : 6 = 0.725811
  -- 2 : 7 = -0.329628
  -- 2 : 8 = -0.0216298
  -- 2 : 9 = 0.144985
  -- 3 : 1 = 0.413836
  -- 3 : 2 = 0.429194
  -- 3 : 3 = -0.171244
  -- 3 : 4 = 0.397374
  -- 3 : 5 = 0.447609
  -- 3 : 6 = -0.104026
  -- 3 : 7 = 0.103908
  -- 3 : 8 = -0.0386034
  -- 3 : 9 = -0.0586913
  -- 4 : 1 = 0.865341
  -- 4 : 2 = -0.0900706
  -- 4 : 3 = 0.213584
  -- 4 : 4 = -0.2537
  -- 4 : 5 = -0.0597228
  -- 4 : 6 = -0.0663823
  -- 4 : 7 = -0.288782
  -- 4 : 8 = 0.0425161
  -- 4 : 9 = -0.230016
  -- 5 : 1 = 0.406305
  -- 5 : 2 = 0.339646
  -- 5 : 3 = -0.296022
  -- 5 : 4 = 0.691727
  -- 5 : 5 = -0.239471
  -- 5 : 6 = -0.198196
  -- 5 : 7 = 0.304433
  -- 5 : 8 = 0.119118
  -- 5 : 9 = -0.0643829
  -- 6 : 1 = 0.453161
  -- 6 : 2 = 0.231559
  -- 6 : 3 = 0.073742
  -- 6 : 4 = -0.189577
  -- 6 : 5 = -0.264235
  -- 6 : 6 = -0.0227305
  -- 6 : 7 = 0.388141
  -- 6 : 8 = 0.0314328
  -- 6 : 9 = -0.058499
  -- 7 : 1 = 0.224732
  -- 7 : 2 = -0.172076
  -- 7 : 3 = -0.141473
  -- 7 : 4 = -0.26206
  -- 7 : 5 = -0.0261915
  -- 7 : 6 = 0.0533323
  -- 7 : 7 = -0.0332489
  -- 7 : 8 = 0.0941382
  -- 7 : 9 = -0.215566
  -- 8 : 1 = 0.344585
  -- 8 : 2 = 0.663802
  -- 8 : 3 = -0.0927569
  -- 8 : 4 = 0.265621
  -- 8 : 5 = -0.115697
  -- 8 : 6 = 0.0827553
  -- 8 : 7 = -0.0589743
  -- 8 : 8 = 0.031617
  -- 8 : 9 = -0.0149469
  -- 9 : 1 = 0.642473
  -- 9 : 2 = -0.137278
  -- 9 : 3 = -0.156962
  -- 9 : 4 = 0.45378
  -- 9 : 5 = 0.320802
  -- 9 : 6 = 0.0225005
  -- 9 : 7 = -0.241723
  -- 9 : 8 = -0.195632
  -- 9 : 9 = 0.125902
  -- 10 : 1 = 0.459181
  -- 10 : 2 = -0.173527
  -- 10 : 3 = 0.0520576
  -- 10 : 4 = -0.00802568
  -- 10 : 5 = -0.116273
  -- 10 : 6 = 0.15098
  -- 10 : 7 = 0.142352
  -- 10 : 8 = 0.261311
  -- 10 : 9 = -0.0316413
  Inner Net 2
  -- 1 : 1 = 0.607831
  -- 1 : 2 = 0.420657
  -- 2 : 1 = -0.0937835
  -- 2 : 2 = -0.254804
  -- 3 : 1 = -0.35017
  -- 3 : 2 = 0.525536
  -- 4 : 1 = -0.181239
  -- 4 : 2 = 0.0581605
  -- 5 : 1 = 0.857991
  -- 5 : 2 = 0.420281
  -- 6 : 1 = -0.590604
  -- 6 : 2 = 0.0498415
  -- 7 : 1 = 0.526048
  -- 7 : 2 = 0.23514
  -- 8 : 1 = 0.0530468
  -- 8 : 2 = -0.180296
  -- 9 : 1 = -0.442611
  -- 9 : 2 = -0.0880157
Out\Act	False		True
False	0.302237	0.539743	0.84198
True	0.0309376	0.127082	0.15802
	0.333175	0.666825
	Accuracy [ (tp + tn) / testSize ]: 0.429319
	Precision [ tp / (tp + fp) ]:      0.190442
	Sensitivity [ tp / (tp + fn) ]:    0.801802
	Specificity [ tn / (tn + fp) ]:    0.358757
	F-Score [ 2tp / (2tp + fp + fn) ]: 0.307958
Particle (18):: Fit: 1408.98	PB: 1408.98	LB: 1519.45	GB: 1553.36	Conf: 0.61982	Pts: 70475
Particle (7):: Fit: 1511.33	PB: 1511.33	LB: 1523.27	GB: 1553.36	Conf: 0.62943	Pts: 130181
Particle (8):: Fit: 1462.8	PB: 1462.8	LB: 1553.36	GB: 1553.36	Conf: 0.602723	Pts: 60458
Particle (28):: Fit: 1410.61	PB: 1410.61	LB: 1521.09	GB: 1553.36	Conf: 0.164325	Pts: 85045
Particle (31):: Fit: 1437.38	PB: 1437.38	LB: 1521.09	GB: 1553.36	Conf: 0.642094	Pts: 65652
Particle (30):: Fit: 1445.74	PB: 1445.74	LB: 1521.09	GB: 1553.36	Conf: 0.676077	Pts: 60928
Particle (3):: Fit: 1488.85	PB: 1488.85	LB: 1511.33	GB: 1553.36	Conf: 0.511121	Pts: 85131
Particle (25):: Fit: 1455.39	PB: 1455.39	LB: 1521.09	GB: 1553.36	Conf: 0.680638	Pts: 70019
Particle (45):: Fit: 1468.12	PB: 1468.12	LB: 1520.67	GB: 1553.36	Conf: 0.615547	Pts: 54913
Particle (39):: Fit: 1530.37	PB: 1530.37	LB: 1530.37	GB: 1553.36	Conf: 0.484322	Pts: 265310
Particle (18):: Fit: 1450.82	PB: 1450.82	LB: 1519.45	GB: 1553.36	Conf: 0.47218	Pts: 70500
Particle (19):: Fit: 1448.92	PB: 1448.92	LB: 1519.42	GB: 1553.36	Conf: 0.846694	Pts: 140085
Particle (34):: Fit: 1456.3	PB: 1456.3	LB: 1530.37	GB: 1553.36	Conf: 0.715431	Pts: 65164
Particle (44):: Fit: 1481.17	PB: 1481.17	LB: 1520.67	GB: 1553.36	Conf: 0.600457	Pts: 50418
Particle (28):: Fit: 1541.98	PB: 1541.98	LB: 1541.98	GB: 1553.36	Conf: 0.33377	Pts: 134991
Particle (2):: Fit: 1526.27	PB: 1526.27	LB: 1526.27	GB: 1553.36	Conf: 0.677271	Pts: 105278
Particle (38):: Fit: 1482.96	PB: 1482.96	LB: 1530.37	GB: 1553.36	Conf: 0.308818	Pts: 115062
Particle (0):: Fit: 1491.5	PB: 1491.5	LB: 1526.27	GB: 1553.36	Conf: 0.800564	Pts: 270033
Particle (25):: Fit: 1472.21	PB: 1472.21	LB: 1541.98	GB: 1553.36	Conf: 0.53705	Pts: 69926
Particle (23):: Fit: 1399.67	PB: 1399.67	LB: 1541.98	GB: 1553.36	Conf: 0.535237	Pts: 60532
Particle (6):: Fit: 1560.36	PB: 1560.36	LB: 1560.36	GB: 1560.36	Conf: 0.27049	Pts: 120300
Global: 1560.36 - Correct: 75% of 100 tests
Global Best: 
  Inner Net 1
  -- 1 : 1 = 0.548328
  -- 1 : 2 = 0.0199278
  -- 1 : 3 = -0.37229
  -- 1 : 4 = -0.169084
  -- 1 : 5 = -0.244994
  -- 1 : 6 = -0.0840819
  -- 1 : 7 = 0.172342
  -- 1 : 8 = 0.390276
  -- 1 : 9 = -0.180685
  -- 2 : 1 = 0.291541
  -- 2 : 2 = 0.154592
  -- 2 : 3 = -0.139007
  -- 2 : 4 = -0.0477193
  -- 2 : 5 = -0.0493939
  -- 2 : 6 = 0.306833
  -- 2 : 7 = 0.129812
  -- 2 : 8 = -0.424649
  -- 2 : 9 = -0.0878425
  -- 3 : 1 = 0.149004
  -- 3 : 2 = 0.00760415
  -- 3 : 3 = 0.141067
  -- 3 : 4 = 0.114005
  -- 3 : 5 = -0.12586
  -- 3 : 6 = 0.122263
  -- 3 : 7 = -0.139955
  -- 3 : 8 = 0.121986
  -- 3 : 9 = -0.240497
  -- 4 : 1 = -0.0844629
  -- 4 : 2 = -0.0352309
  -- 4 : 3 = 0.738529
  -- 4 : 4 = -0.161864
  -- 4 : 5 = 0.442328
  -- 4 : 6 = -0.025782
  -- 4 : 7 = 0.415813
  -- 4 : 8 = 0.110188
  -- 4 : 9 = -0.212466
  -- 5 : 1 = 0.227431
  -- 5 : 2 = -0.0922246
  -- 5 : 3 = -0.390552
  -- 5 : 4 = 0.11854
  -- 5 : 5 = 0.0781443
  -- 5 : 6 = -0.172872
  -- 5 : 7 = 0.165613
  -- 5 : 8 = -0.0439673
  -- 5 : 9 = 0.244416
  -- 6 : 1 = -0.446696
  -- 6 : 2 = 0.14191
  -- 6 : 3 = 0.0503009
  -- 6 : 4 = 0.200243
  -- 6 : 5 = -0.191301
  -- 6 : 6 = -0.317072
  -- 6 : 7 = 0.296631
  -- 6 : 8 = -0.0551108
  -- 6 : 9 = -0.0752648
  -- 7 : 1 = -1
  -- 7 : 2 = -0.115823
  -- 7 : 3 = -0.036812
  -- 7 : 4 = 0.231912
  -- 7 : 5 = 0.134579
  -- 7 : 6 = -0.175481
  -- 7 : 7 = 0.468142
  -- 7 : 8 = -0.0158919
  -- 7 : 9 = 0.336569
  -- 8 : 1 = 0.228908
  -- 8 : 2 = -0.16381
  -- 8 : 3 = -0.255962
  -- 8 : 4 = 0.016912
  -- 8 : 5 = 0.288299
  -- 8 : 6 = 0.214745
  -- 8 : 7 = -0.51189
  -- 8 : 8 = 0.0620168
  -- 8 : 9 = 0.509671
  -- 9 : 1 = 0.483991
  -- 9 : 2 = -0.0627399
  -- 9 : 3 = -0.152395
  -- 9 : 4 = 0.0254148
  -- 9 : 5 = 0.0626932
  -- 9 : 6 = 0.00631288
  -- 9 : 7 = -0.204927
  -- 9 : 8 = 0.142052
  -- 9 : 9 = 0.0317333
  -- 10 : 1 = 0.602716
  -- 10 : 2 = -0.194347
  -- 10 : 3 = -0.170101
  -- 10 : 4 = -0.145317
  -- 10 : 5 = 0.044063
  -- 10 : 6 = -0.191441
  -- 10 : 7 = -0.53999
  -- 10 : 8 = -0.14349
  -- 10 : 9 = -0.0132685
  Inner Net 2
  -- 1 : 1 = 0.0797852
  -- 1 : 2 = -0.122042
  -- 2 : 1 = -0.345793
  -- 2 : 2 = -0.254291
  -- 3 : 1 = 0.317942
  -- 3 : 2 = 0.0877228
  -- 4 : 1 = 0.409465
  -- 4 : 2 = 0.317221
  -- 5 : 1 = -0.5
  -- 5 : 2 = -0.283365
  -- 6 : 1 = 0.434698
  -- 6 : 2 = 0.270586
  -- 7 : 1 = 0.0748532
  -- 7 : 2 = 0.137289
  -- 8 : 1 = -0.129852
  -- 8 : 2 = 0.167861
  -- 9 : 1 = -0.529928
  -- 9 : 2 = -0.389245
Out\Act	False		True
False	0.775821	0.066159	0.84198
True	0.119467	0.0385531	0.15802
	0.895288	0.104712
	Accuracy [ (tp + tn) / testSize ]: 0.814374
	Precision [ tp / (tp + fp) ]:      0.366516
	Sensitivity [ tp / (tp + fn) ]:    0.243243
	Specificity [ tn / (tn + fp) ]:    0.920904
	F-Score [ 2tp / (2tp + fp + fn) ]: 0.292948
Particle (31):: Fit: 1440.63	PB: 1440.63	LB: 1541.98	GB: 1560.36	Conf: 0.398767	Pts: 65501
Particle (42):: Fit: 1400.36	PB: 1400.36	LB: 1530.37	GB: 1560.36	Conf: 0.395467	Pts: 64936
Particle (36):: Fit: 1441.5	PB: 1441.5	LB: 1530.37	GB: 1560.36	Conf: 0.629936	Pts: 55053
Particle (10):: Fit: 1450.98	PB: 1450.98	LB: 1560.36	GB: 1560.36	Conf: 0.515379	Pts: 105046
Particle (33):: Fit: 1490.85	PB: 1490.85	LB: 1521.09	GB: 1560.36	Conf: 0.601747	Pts: 54797
Particle (23):: Fit: 1427.28	PB: 1427.28	LB: 1541.98	GB: 1560.36	Conf: 0.618337	Pts: 60494
Particle (42):: Fit: 1430.14	PB: 1430.14	LB: 1530.37	GB: 1560.36	Conf: 0.671409	Pts: 64963
Particle (37):: Fit: 1429.48	PB: 1429.48	LB: 1530.37	GB: 1560.36	Conf: 0.198171	Pts: 94923
Particle (41):: Fit: 1386.01	PB: 1386.01	LB: 1530.37	GB: 1560.36	Conf: 0.505969	Pts: 69594
Particle (30):: Fit: 1487.45	PB: 1487.45	LB: 1541.98	GB: 1560.36	Conf: 0.788673	Pts: 60587
Particle (28):: Fit: 1562.44	PB: 1562.44	LB: 1562.44	GB: 1562.44	Conf: 0.377772	Pts: 194744
Global: 1562.44 - Correct: 74% of 100 tests
Global Best: 
  Inner Net 1
  -- 1 : 1 = 0.473247
  -- 1 : 2 = 0.0176054
  -- 1 : 3 = -0.0737996
  -- 1 : 4 = -0.100404
  -- 1 : 5 = -0.204508
  -- 1 : 6 = 0.378912
  -- 1 : 7 = -0.21844
  -- 1 : 8 = -0.529526
  -- 1 : 9 = 0.426494
  -- 2 : 1 = 0.190196
  -- 2 : 2 = 0.0339901
  -- 2 : 3 = -0.0619889
  -- 2 : 4 = -0.0273661
  -- 2 : 5 = 0.145783
  -- 2 : 6 = 0.0291112
  -- 2 : 7 = -0.283065
  -- 2 : 8 = -0.19292
  -- 2 : 9 = 0.150111
  -- 3 : 1 = 0.840409
  -- 3 : 2 = -0.469917
  -- 3 : 3 = 0.0364523
  -- 3 : 4 = 0.136694
  -- 3 : 5 = 0.315676
  -- 3 : 6 = 0.0538753
  -- 3 : 7 = 0.0459469
  -- 3 : 8 = 0.232671
  -- 3 : 9 = 0.145712
  -- 4 : 1 = 0.0838234
  -- 4 : 2 = -0.456034
  -- 4 : 3 = 0.329117
  -- 4 : 4 = 0.251818
  -- 4 : 5 = -0.0295328
  -- 4 : 6 = -0.136971
  -- 4 : 7 = 0.0600253
  -- 4 : 8 = 0.142703
  -- 4 : 9 = 0.110208
  -- 5 : 1 = 1
  -- 5 : 2 = -0.128038
  -- 5 : 3 = 0.115895
  -- 5 : 4 = -0.0772542
  -- 5 : 5 = 0.286221
  -- 5 : 6 = -0.0631844
  -- 5 : 7 = 0.373496
  -- 5 : 8 = 0.0564134
  -- 5 : 9 = 0.181144
  -- 6 : 1 = -0.138149
  -- 6 : 2 = -0.025489
  -- 6 : 3 = -0.0524842
  -- 6 : 4 = 0.546513
  -- 6 : 5 = -0.20189
  -- 6 : 6 = -0.345449
  -- 6 : 7 = -0.0453009
  -- 6 : 8 = 0.00741424
  -- 6 : 9 = -0.238337
  -- 7 : 1 = 0.0406353
  -- 7 : 2 = -0.251598
  -- 7 : 3 = -0.215512
  -- 7 : 4 = 0.350923
  -- 7 : 5 = 0.390115
  -- 7 : 6 = 0.0121267
  -- 7 : 7 = -0.228232
  -- 7 : 8 = -0.327766
  -- 7 : 9 = -0.221198
  -- 8 : 1 = -0.970357
  -- 8 : 2 = -0.179022
  -- 8 : 3 = 0.100648
  -- 8 : 4 = 0.232664
  -- 8 : 5 = 0.0275643
  -- 8 : 6 = 0.0125317
  -- 8 : 7 = -0.0235482
  -- 8 : 8 = 0.289151
  -- 8 : 9 = -0.111756
  -- 9 : 1 = 0.422053
  -- 9 : 2 = -0.345155
  -- 9 : 3 = -0.0197606
  -- 9 : 4 = 0.423862
  -- 9 : 5 = 0.0186478
  -- 9 : 6 = 0.0345273
  -- 9 : 7 = -0.0914935
  -- 9 : 8 = 0.003629
  -- 9 : 9 = -0.0618626
  -- 10 : 1 = 0.399624
  -- 10 : 2 = 0.202808
  -- 10 : 3 = -0.285967
  -- 10 : 4 = -0.061398
  -- 10 : 5 = 0.495752
  -- 10 : 6 = -0.246047
  -- 10 : 7 = 0.0569643
  -- 10 : 8 = 0.104245
  -- 10 : 9 = 0.13653
  Inner Net 2
  -- 1 : 1 = -0.437793
  -- 1 : 2 = 0.100608
  -- 2 : 1 = -0.412017
  -- 2 : 2 = -0.0199449
  -- 3 : 1 = 0.538795
  -- 3 : 2 = 0.0539219
  -- 4 : 1 = 0.463954
  -- 4 : 2 = 0.484059
  -- 5 : 1 = 0.900031
  -- 5 : 2 = -0.0607585
  -- 6 : 1 = 0.155339
  -- 6 : 2 = 0.170956
  -- 7 : 1 = -0.139126
  -- 7 : 2 = 0.0566866
  -- 8 : 1 = -0.269554
  -- 8 : 2 = -0.0957453
  -- 9 : 1 = -0.435581
  -- 9 : 2 = 0.183803
Out\Act	False		True
False	0.463113	0.378867	0.84198
True	0.0471204	0.1109	0.15802
	0.510233	0.489767
	Accuracy [ (tp + tn) / testSize ]: 0.574012
	Precision [ tp / (tp + fp) ]:      0.226214
	Sensitivity [ tp / (tp + fn) ]:    0.6997
	Specificity [ tn / (tn + fp) ]:    0.549718
	F-Score [ 2tp / (2tp + fp + fn) ]: 0.342144
Particle (31):: Fit: 1449.96	PB: 1449.96	LB: 1562.44	GB: 1562.44	Conf: 0.625813	Pts: 65347
Particle (37):: Fit: 1457.62	PB: 1457.62	LB: 1530.37	GB: 1562.44	Conf: 0.574592	Pts: 94938
Particle (15):: Fit: 1472.24	PB: 1472.24	LB: 1553.36	GB: 1562.44	Conf: 0.901018	Pts: 94732
Particle (33):: Fit: 1546.18	PB: 1546.18	LB: 1546.18	GB: 1562.44	Conf: 0.462155	Pts: 79690
Particle (34):: Fit: 1567.21	PB: 1567.21	LB: 1567.21	GB: 1567.21	Conf: 0.541124	Pts: 124780
Global: 1567.21 - Correct: 74% of 100 tests
Global Best: 
  Inner Net 1
  -- 1 : 1 = 0.219882
  -- 1 : 2 = 0.103605
  -- 1 : 3 = 0.205096
  -- 1 : 4 = -0.149748
  -- 1 : 5 = -0.260148
  -- 1 : 6 = -0.104582
  -- 1 : 7 = 0.0226142
  -- 1 : 8 = -0.357064
  -- 1 : 9 = 0.17528
  -- 2 : 1 = -0.193054
  -- 2 : 2 = 0.0668265
  -- 2 : 3 = -0.079962
  -- 2 : 4 = 0.168193
  -- 2 : 5 = 0.201521
  -- 2 : 6 = 0.0409549
  -- 2 : 7 = -0.39633
  -- 2 : 8 = 0.148601
  -- 2 : 9 = 0.137186
  -- 3 : 1 = 0.356134
  -- 3 : 2 = 0.237889
  -- 3 : 3 = 0.0916717
  -- 3 : 4 = -0.173664
  -- 3 : 5 = 0.503552
  -- 3 : 6 = 0.242387
  -- 3 : 7 = -0.372495
  -- 3 : 8 = -0.0654434
  -- 3 : 9 = -0.0295354
  -- 4 : 1 = 1
  -- 4 : 2 = 0.17397
  -- 4 : 3 = -0.0358459
  -- 4 : 4 = 0.0447935
  -- 4 : 5 = -0.246158
  -- 4 : 6 = 0.232871
  -- 4 : 7 = 0.113126
  -- 4 : 8 = 0.247674
  -- 4 : 9 = 0.0179348
  -- 5 : 1 = -0.349587
  -- 5 : 2 = -0.173065
  -- 5 : 3 = -0.24324
  -- 5 : 4 = -0.160158
  -- 5 : 5 = -0.0070934
  -- 5 : 6 = -0.487912
  -- 5 : 7 = 0.0968066
  -- 5 : 8 = 0.234812
  -- 5 : 9 = 0.289755
  -- 6 : 1 = 0.0151789
  -- 6 : 2 = 0.0392857
  -- 6 : 3 = -0.0127967
  -- 6 : 4 = -0.0315173
  -- 6 : 5 = -0.272089
  -- 6 : 6 = 0.337545
  -- 6 : 7 = 0.199465
  -- 6 : 8 = -0.132627
  -- 6 : 9 = -0.0668759
  -- 7 : 1 = 0.186421
  -- 7 : 2 = -0.321627
  -- 7 : 3 = 0.0808618
  -- 7 : 4 = 0.178901
  -- 7 : 5 = -0.0895309
  -- 7 : 6 = -0.0088118
  -- 7 : 7 = -0.316859
  -- 7 : 8 = -0.493487
  -- 7 : 9 = -0.560552
  -- 8 : 1 = 0.318799
  -- 8 : 2 = -0.00552906
  -- 8 : 3 = 0.0950402
  -- 8 : 4 = 0.17413
  -- 8 : 5 = -0.00688849
  -- 8 : 6 = -0.135121
  -- 8 : 7 = -0.283057
  -- 8 : 8 = -0.25032
  -- 8 : 9 = 0.0196499
  -- 9 : 1 = 0.53756
  -- 9 : 2 = 0.129136
  -- 9 : 3 = -0.0225184
  -- 9 : 4 = 0.0325024
  -- 9 : 5 = -0.143103
  -- 9 : 6 = -0.133219
  -- 9 : 7 = -0.6065
  -- 9 : 8 = 0.453552
  -- 9 : 9 = 0.158511
  -- 10 : 1 = 0.484177
  -- 10 : 2 = -0.283258
  -- 10 : 3 = 0.243618
  -- 10 : 4 = -0.308513
  -- 10 : 5 = 0.276227
  -- 10 : 6 = -0.0845649
  -- 10 : 7 = -0.100179
  -- 10 : 8 = -0.153006
  -- 10 : 9 = -0.25136
  Inner Net 2
  -- 1 : 1 = -0.2693
  -- 1 : 2 = -0.00516357
  -- 2 : 1 = -0.242978
  -- 2 : 2 = 0.090923
  -- 3 : 1 = 0.179007
  -- 3 : 2 = -0.306552
  -- 4 : 1 = -0.178419
  -- 4 : 2 = 0.350706
  -- 5 : 1 = -0.206181
  -- 5 : 2 = -0.305919
  -- 6 : 1 = 0.137361
  -- 6 : 2 = 0.0553745
  -- 7 : 1 = -0.0282505
  -- 7 : 2 = -0.0321227
  -- 8 : 1 = -0.293041
  -- 8 : 2 = 0.134266
  -- 9 : 1 = 0.0440935
  -- 9 : 2 = -0.169359
Out\Act	False		True
False	0.500238	0.341742	0.84198
True	0.0461685	0.111851	0.15802
	0.546406	0.453594
	Accuracy [ (tp + tn) / testSize ]: 0.612089
	Precision [ tp / (tp + fp) ]:      0.246331
	Sensitivity [ tp / (tp + fn) ]:    0.705706
	Specificity [ tn / (tn + fp) ]:    0.593785
	F-Score [ 2tp / (2tp + fp + fn) ]: 0.365474
Particle (19):: Fit: 1485.54	PB: 1485.54	LB: 1519.42	GB: 1567.21	Conf: 0.269502	Pts: 139641
Particle (24):: Fit: 1492.41	PB: 1492.41	LB: 1562.44	GB: 1567.21	Conf: 0.181273	Pts: 119848
Particle (23):: Fit: 1532.57	PB: 1532.57	LB: 1562.44	GB: 1567.21	Conf: 0.284409	Pts: 85315
Particle (44):: Fit: 1520.16	PB: 1520.16	LB: 1520.67	GB: 1567.21	Conf: 0.530831	Pts: 49944
Particle (8):: Fit: 1465.14	PB: 1465.14	LB: 1560.36	GB: 1567.21	Conf: 0.610982	Pts: 59829
Particle (43):: Fit: 1493.36	PB: 1493.36	LB: 1530.37	GB: 1567.21	Conf: 0.689245	Pts: 129280
Particle (37):: Fit: 1504.38	PB: 1504.38	LB: 1567.21	GB: 1567.21	Conf: 0.711149	Pts: 94746
Particle (1):: Fit: 1591.51	PB: 1591.51	LB: 1591.51	GB: 1591.51	Conf: 0.706221	Pts: 170123
Particle (4):: Fit: 1350.2	PB: 1350.2	LB: 1591.51	GB: 1591.51	Conf: 0.425087	Pts: 149200
Global: 1591.51 - Correct: 76% of 100 tests
Global Best: 
  Inner Net 1
  -- 1 : 1 = 0.644785
  -- 1 : 2 = 0.441379
  -- 1 : 3 = -0.199553
  -- 1 : 4 = 0.0184839
  -- 1 : 5 = 0.0508447
  -- 1 : 6 = -0.0258814
  -- 1 : 7 = -0.367193
  -- 1 : 8 = -0.000329358
  -- 1 : 9 = 0.601853
  -- 2 : 1 = 0.245383
  -- 2 : 2 = 0.162013
  -- 2 : 3 = -0.171828
  -- 2 : 4 = 0.183203
  -- 2 : 5 = 0.607973
  -- 2 : 6 = 0.459685
  -- 2 : 7 = -0.12476
  -- 2 : 8 = 0.0226014
  -- 2 : 9 = -0.233848
  -- 3 : 1 = 0.414997
  -- 3 : 2 = 0.130725
  -- 3 : 3 = 0.254727
  -- 3 : 4 = -0.108752
  -- 3 : 5 = -0.246791
  -- 3 : 6 = 0.106484
  -- 3 : 7 = -0.184164
  -- 3 : 8 = 0.311902
  -- 3 : 9 = -0.0199182
  -- 4 : 1 = -0.0787797
  -- 4 : 2 = 0.201457
  -- 4 : 3 = 0.253526
  -- 4 : 4 = -0.0817253
  -- 4 : 5 = -0.300927
  -- 4 : 6 = 0.0254578
  -- 4 : 7 = 0.105566
  -- 4 : 8 = 0.193479
  -- 4 : 9 = -0.0939711
  -- 5 : 1 = -0.126909
  -- 5 : 2 = 0.0430419
  -- 5 : 3 = 0.392708
  -- 5 : 4 = -0.118044
  -- 5 : 5 = 0.0645762
  -- 5 : 6 = -0.174615
  -- 5 : 7 = -0.112649
  -- 5 : 8 = 0.637443
  -- 5 : 9 = 0.0667778
  -- 6 : 1 = -0.242083
  -- 6 : 2 = -0.0374592
  -- 6 : 3 = -0.148865
  -- 6 : 4 = -0.101128
  -- 6 : 5 = 0.116152
  -- 6 : 6 = -0.124702
  -- 6 : 7 = -0.255786
  -- 6 : 8 = -0.175469
  -- 6 : 9 = -0.0973479
  -- 7 : 1 = 0.00923571
  -- 7 : 2 = -0.0490775
  -- 7 : 3 = -0.295019
  -- 7 : 4 = 0.033557
  -- 7 : 5 = 0.0819905
  -- 7 : 6 = -0.23914
  -- 7 : 7 = 0.0904969
  -- 7 : 8 = -0.350599
  -- 7 : 9 = 0.26931
  -- 8 : 1 = 0.0828337
  -- 8 : 2 = 0.0859365
  -- 8 : 3 = -0.444377
  -- 8 : 4 = 0.333376
  -- 8 : 5 = 0.151737
  -- 8 : 6 = -0.225502
  -- 8 : 7 = 0.00638108
  -- 8 : 8 = -0.164153
  -- 8 : 9 = -0.0503323
  -- 9 : 1 = 0.133275
  -- 9 : 2 = 0.434996
  -- 9 : 3 = -0.0706151
  -- 9 : 4 = 0.220101
  -- 9 : 5 = -0.0560387
  -- 9 : 6 = -0.16552
  -- 9 : 7 = -0.0956372
  -- 9 : 8 = -0.0373748
  -- 9 : 9 = 0.310736
  -- 10 : 1 = 0.400295
  -- 10 : 2 = -0.358526
  -- 10 : 3 = 0.5
  -- 10 : 4 = -0.262859
  -- 10 : 5 = -0.102541
  -- 10 : 6 = 0.0990116
  -- 10 : 7 = -0.19591
  -- 10 : 8 = -0.015283
  -- 10 : 9 = -0.287614
  Inner Net 2
  -- 1 : 1 = 0.247206
  -- 1 : 2 = -0.389917
  -- 2 : 1 = 0.22589
  -- 2 : 2 = 0.0964253
  -- 3 : 1 = 0.614078
  -- 3 : 2 = 0.171537
  -- 4 : 1 = -0.175193
  -- 4 : 2 = 0.318052
  -- 5 : 1 = 0.218032
  -- 5 : 2 = 0.0996176
  -- 6 : 1 = 0.0127015
  -- 6 : 2 = 0.441761
  -- 7 : 1 = 0.514502
  -- 7 : 2 = 0.0170729
  -- 8 : 1 = 0.0444215
  -- 8 : 2 = -0.0282652
  -- 9 : 1 = -0.5
  -- 9 : 2 = -0.107158
Out\Act	False		True
False	0.76059	0.0813898	0.84198
True	0.106616	0.0514041	0.15802
	0.867206	0.132794
	Accuracy [ (tp + tn) / testSize ]: 0.811994
	Precision [ tp / (tp + fp) ]:      0.385714
	Sensitivity [ tp / (tp + fn) ]:    0.324324
	Specificity [ tn / (tn + fp) ]:    0.902825
	F-Score [ 2tp / (2tp + fp + fn) ]: 0.352941
Particle (5):: Fit: 1497.92	PB: 1497.92	LB: 1591.51	GB: 1591.51	Conf: 0.640561	Pts: 124313
Particle (16):: Fit: 1507.75	PB: 1507.75	LB: 1553.36	GB: 1591.51	Conf: 0.509317	Pts: 119608
Particle (41):: Fit: 1392.58	PB: 1392.58	LB: 1530.37	GB: 1591.51	Conf: 0.671146	Pts: 69264
Particle (37):: Fit: 1512.68	PB: 1512.68	LB: 1567.21	GB: 1591.51	Conf: 0.664451	Pts: 94765
Particle (25):: Fit: 1491.46	PB: 1491.46	LB: 1562.44	GB: 1591.51	Conf: 0.827245	Pts: 69265
Particle (17):: Fit: 1478.07	PB: 1478.07	LB: 1553.36	GB: 1591.51	Conf: 0.640535	Pts: 74371
Particle (41):: Fit: 1438.86	PB: 1438.86	LB: 1530.37	GB: 1591.51	Conf: 0.692119	Pts: 69223
Particle (26):: Fit: 1464.04	PB: 1464.04	LB: 1562.44	GB: 1591.51	Conf: 0.658583	Pts: 69218
Particle (47):: Fit: 1483.52	PB: 1483.52	LB: 1591.51	GB: 1591.51	Conf: 0.395463	Pts: 49507
Particle (46):: Fit: 1528.59	PB: 1528.59	LB: 1591.51	GB: 1591.51	Conf: 0.349757	Pts: 268877
Particle (45):: Fit: 1519.37	PB: 1519.37	LB: 1528.59	GB: 1591.51	Conf: 0.544491	Pts: 53965
Particle (12):: Fit: 1602.83	PB: 1602.83	LB: 1602.83	GB: 1602.83	Conf: 0.362583	Pts: 173846
Global: 1602.83 - Correct: 76% of 100 tests
Global Best: 
  Inner Net 1
  -- 1 : 1 = 0.476572
  -- 1 : 2 = 0.0513759
  -- 1 : 3 = 0.134623
  -- 1 : 4 = -0.287867
  -- 1 : 5 = 0.11872
  -- 1 : 6 = -0.0101124
  -- 1 : 7 = 0.217544
  -- 1 : 8 = -0.414418
  -- 1 : 9 = -0.0276764
  -- 2 : 1 = 0.377631
  -- 2 : 2 = 0.0570238
  -- 2 : 3 = 0.0860116
  -- 2 : 4 = 0.0243522
  -- 2 : 5 = 0.728074
  -- 2 : 6 = 0.003479
  -- 2 : 7 = -0.0094834
  -- 2 : 8 = 0.0326972
  -- 2 : 9 = 0.274065
  -- 3 : 1 = 0.484617
  -- 3 : 2 = 0.0560586
  -- 3 : 3 = 0.0210646
  -- 3 : 4 = -0.00771092
  -- 3 : 5 = 0.12669
  -- 3 : 6 = -0.013597
  -- 3 : 7 = 0.294367
  -- 3 : 8 = 0.320517
  -- 3 : 9 = -0.04625
  -- 4 : 1 = 0.341369
  -- 4 : 2 = -0.0937458
  -- 4 : 3 = 0.343956
  -- 4 : 4 = 0.0638246
  -- 4 : 5 = -0.265075
  -- 4 : 6 = 0.154032
  -- 4 : 7 = 0.0914987
  -- 4 : 8 = 0.130905
  -- 4 : 9 = 0.0205684
  -- 5 : 1 = 0.329692
  -- 5 : 2 = 0.190553
  -- 5 : 3 = -0.0437833
  -- 5 : 4 = 0.123013
  -- 5 : 5 = -0.146464
  -- 5 : 6 = -0.0688233
  -- 5 : 7 = -0.076021
  -- 5 : 8 = 0.302194
  -- 5 : 9 = 0.262753
  -- 6 : 1 = 0.355449
  -- 6 : 2 = -0.192353
  -- 6 : 3 = -0.10017
  -- 6 : 4 = -0.177619
  -- 6 : 5 = -0.220873
  -- 6 : 6 = 0.12026
  -- 6 : 7 = 0.0222271
  -- 6 : 8 = -0.145702
  -- 6 : 9 = -0.0575142
  -- 7 : 1 = 0.074604
  -- 7 : 2 = -1
  -- 7 : 3 = 0.218721
  -- 7 : 4 = 0.1256
  -- 7 : 5 = 0.704808
  -- 7 : 6 = -0.146541
  -- 7 : 7 = -0.0912518
  -- 7 : 8 = 0.0934813
  -- 7 : 9 = 0.234499
  -- 8 : 1 = 0.383424
  -- 8 : 2 = 0.41586
  -- 8 : 3 = -0.178311
  -- 8 : 4 = 0.344586
  -- 8 : 5 = 0.0438115
  -- 8 : 6 = -0.102715
  -- 8 : 7 = -0.00446827
  -- 8 : 8 = -0.0998442
  -- 8 : 9 = -0.251078
  -- 9 : 1 = 0.880806
  -- 9 : 2 = 0.0404206
  -- 9 : 3 = -0.155145
  -- 9 : 4 = 0.0401595
  -- 9 : 5 = 0.0979448
  -- 9 : 6 = -0.0892519
  -- 9 : 7 = -0.0466439
  -- 9 : 8 = -0.362562
  -- 9 : 9 = -0.404648
  -- 10 : 1 = 0.258335
  -- 10 : 2 = -0.161983
  -- 10 : 3 = 0.819347
  -- 10 : 4 = -0.216247
  -- 10 : 5 = -0.17359
  -- 10 : 6 = 0.0827314
  -- 10 : 7 = -0.290052
  -- 10 : 8 = -0.112727
  -- 10 : 9 = 0.435218
  Inner Net 2
  -- 1 : 1 = 0.486469
  -- 1 : 2 = 0.0028449
  -- 2 : 1 = 0.292861
  -- 2 : 2 = 0.259228
  -- 3 : 1 = 0.317232
  -- 3 : 2 = 0.303201
  -- 4 : 1 = -0.0138518
  -- 4 : 2 = 0.284201
  -- 5 : 1 = 0.376652
  -- 5 : 2 = 0.0201946
  -- 6 : 1 = 0.111391
  -- 6 : 2 = -0.0944687
  -- 7 : 1 = -0.27738
  -- 7 : 2 = 0.0366409
  -- 8 : 1 = -0.222057
  -- 8 : 2 = 0.0411073
  -- 9 : 1 = 0.167126
  -- 9 : 2 = 0.126109
Out\Act	False		True
False	0.417896	0.424084	0.84198
True	0.0428367	0.115183	0.15802
	0.460733	0.539267
	Accuracy [ (tp + tn) / testSize ]: 0.533079
	Precision [ tp / (tp + fp) ]:      0.213404
	Sensitivity [ tp / (tp + fn) ]:    0.726727
	Specificity [ tn / (tn + fp) ]:    0.496045
	F-Score [ 2tp / (2tp + fp + fn) ]: 0.33015
Particle (46):: Fit: 1565.37	PB: 1565.37	LB: 1591.51	GB: 1602.83	Conf: 0.498969	Pts: 293918
Particle (35):: Fit: 1419.2	PB: 1419.2	LB: 1567.21	GB: 1602.83	Conf: 0.574304	Pts: 93687
Particle (17):: Fit: 1514.15	PB: 1514.15	LB: 1553.36	GB: 1602.83	Conf: 0.601765	Pts: 74298
Particle (41):: Fit: 1584.96	PB: 1584.96	LB: 1584.96	GB: 1602.83	Conf: 0.40117	Pts: 119140
Particle (32):: Fit: 1534.89	PB: 1534.89	LB: 1567.21	GB: 1602.83	Conf: 0.321991	Pts: 83911
Particle (0):: Fit: 1544.26	PB: 1544.26	LB: 1591.51	GB: 1602.83	Conf: 0.54645	Pts: 269083
Particle (18):: Fit: 1520.6	PB: 1520.6	LB: 1532.57	GB: 1602.83	Conf: 0.530321	Pts: 69372
Particle (15):: Fit: 1494.84	PB: 1494.84	LB: 1602.83	GB: 1602.83	Conf: 0.924799	Pts: 94056
Particle (5):: Fit: 1525.33	PB: 1525.33	LB: 1591.51	GB: 1602.83	Conf: 0.323808	Pts: 123949
Particle (36):: Fit: 1484.32	PB: 1484.32	LB: 1584.96	GB: 1602.83	Conf: 0.752701	Pts: 54125
Particle (33):: Fit: 1564.25	PB: 1564.25	LB: 1567.21	GB: 1602.83	Conf: 0.564302	Pts: 84006
Particle (22):: Fit: 1457.19	PB: 1457.19	LB: 1532.57	GB: 1602.83	Conf: 0.360866	Pts: 54518
Particle (8):: Fit: 1471.2	PB: 1471.2	LB: 1602.83	GB: 1602.83	Conf: 0.504863	Pts: 59263
Particle (31):: Fit: 1451.91	PB: 1451.91	LB: 1567.21	GB: 1602.83	Conf: 0.529153	Pts: 64540
Particle (37):: Fit: 1558.45	PB: 1558.45	LB: 1584.96	GB: 1602.83	Conf: 0.692228	Pts: 94315
Particle (12):: Fit: 1617.81	PB: 1617.81	LB: 1617.81	GB: 1617.81	Conf: 0.278747	Pts: 233586
Global: 1617.81 - Correct: 77% of 100 tests
Global Best: 
  Inner Net 1
  -- 1 : 1 = 0.492
  -- 1 : 2 = 0.144046
  -- 1 : 3 = -0.107132
  -- 1 : 4 = -0.56624
  -- 1 : 5 = -0.259697
  -- 1 : 6 = -0.00310858
  -- 1 : 7 = 0.237085
  -- 1 : 8 = -0.430221
  -- 1 : 9 = 0.0117584
  -- 2 : 1 = 0.373661
  -- 2 : 2 = -0.0259896
  -- 2 : 3 = 0.100581
  -- 2 : 4 = 0.0370059
  -- 2 : 5 = 0.270864
  -- 2 : 6 = -0.118016
  -- 2 : 7 = -0.0603639
  -- 2 : 8 = -0.0436495
  -- 2 : 9 = 0.432092
  -- 3 : 1 = 0.593212
  -- 3 : 2 = 0.123535
  -- 3 : 3 = 0.0327297
  -- 3 : 4 = -0.0128026
  -- 3 : 5 = 0.282973
  -- 3 : 6 = -0.304255
  -- 3 : 7 = 0.210238
  -- 3 : 8 = 0.0190739
  -- 3 : 9 = 0.112103
  -- 4 : 1 = 0.343375
  -- 4 : 2 = -0.188892
  -- 4 : 3 = 0.1749
  -- 4 : 4 = 0.11333
  -- 4 : 5 = 0.107186
  -- 4 : 6 = 0.0742687
  -- 4 : 7 = 0.225296
  -- 4 : 8 = -0.0157945
  -- 4 : 9 = 0.117647
  -- 5 : 1 = 0.26689
  -- 5 : 2 = -0.201091
  -- 5 : 3 = -0.135404
  -- 5 : 4 = -0.268237
  -- 5 : 5 = -0.205557
  -- 5 : 6 = 0.157121
  -- 5 : 7 = -0.0859628
  -- 5 : 8 = 0.37687
  -- 5 : 9 = 0.275526
  -- 6 : 1 = 0.349158
  -- 6 : 2 = -0.285393
  -- 6 : 3 = -0.00460735
  -- 6 : 4 = -0.0529859
  -- 6 : 5 = -0.0445971
  -- 6 : 6 = -0.0213183
  -- 6 : 7 = 0.13074
  -- 6 : 8 = -0.374454
  -- 6 : 9 = 0.0355182
  -- 7 : 1 = 0.074604
  -- 7 : 2 = 0.0078006
  -- 7 : 3 = 0.0392074
  -- 7 : 4 = 0.173281
  -- 7 : 5 = 0.717107
  -- 7 : 6 = 0.287911
  -- 7 : 7 = 0.117259
  -- 7 : 8 = 0.0342881
  -- 7 : 9 = -0.0946977
  -- 8 : 1 = 0.373482
  -- 8 : 2 = 0.196424
  -- 8 : 3 = -0.106494
  -- 8 : 4 = 0.0429268
  -- 8 : 5 = 0.175953
  -- 8 : 6 = -0.288952
  -- 8 : 7 = -0.243745
  -- 8 : 8 = -0.0971523
  -- 8 : 9 = -0.126991
  -- 9 : 1 = 1
  -- 9 : 2 = -0.119119
  -- 9 : 3 = 0.219408
  -- 9 : 4 = 0.0519175
  -- 9 : 5 = 0.306587
  -- 9 : 6 = 0.00957469
  -- 9 : 7 = 0.12879
  -- 9 : 8 = -0.568674
  -- 9 : 9 = -0.377111
  -- 10 : 1 = 0.258238
  -- 10 : 2 = -0.118294
  -- 10 : 3 = 0.0619642
  -- 10 : 4 = -0.234701
  -- 10 : 5 = -0.177181
  -- 10 : 6 = 0.104294
  -- 10 : 7 = -0.0160831
  -- 10 : 8 = -0.049289
  -- 10 : 9 = 0.422133
  Inner Net 2
  -- 1 : 1 = 0.486469
  -- 1 : 2 = 0.0028449
  -- 2 : 1 = 0.292861
  -- 2 : 2 = 0.259228
  -- 3 : 1 = 0.317232
  -- 3 : 2 = 0.303201
  -- 4 : 1 = -0.0138518
  -- 4 : 2 = 0.284201
  -- 5 : 1 = 0.376652
  -- 5 : 2 = 0.0201946
  -- 6 : 1 = 0.111391
  -- 6 : 2 = -0.0944687
  -- 7 : 1 = -0.27738
  -- 7 : 2 = 0.0366409
  -- 8 : 1 = -0.222057
  -- 8 : 2 = 0.0411073
  -- 9 : 1 = 0.167126
  -- 9 : 2 = 0.126109
Out\Act	False		True
False	0.751071	0.0909091	0.84198
True	0.105188	0.052832	0.15802
	0.856259	0.143741
	Accuracy [ (tp + tn) / testSize ]: 0.803903
	Precision [ tp / (tp + fp) ]:      0.366337
	Sensitivity [ tp / (tp + fn) ]:    0.333333
	Specificity [ tn / (tn + fp) ]:    0.891525
	F-Score [ 2tp / (2tp + fp + fn) ]: 0.349606
Particle (2):: Fit: 1554.62	PB: 1554.62	LB: 1591.51	GB: 1617.81	Conf: 0.480608	Pts: 103965
Particle (31):: Fit: 1514.35	PB: 1514.35	LB: 1567.21	GB: 1617.81	Conf: 0.581509	Pts: 64468
Particle (22):: Fit: 1562.28	PB: 1562.28	LB: 1562.28	GB: 1617.81	Conf: 0.672027	Pts: 84322
Particle (38):: Fit: 1523.85	PB: 1523.85	LB: 1584.96	GB: 1617.81	Conf: 0.644216	Pts: 113688
Particle (42):: Fit: 1451.1	PB: 1451.1	LB: 1584.96	GB: 1617.81	Conf: 0.829068	Pts: 63676
Particle (42):: Fit: 1458.05	PB: 1458.05	LB: 1584.96	GB: 1617.81	Conf: 0.662946	Pts: 63728
Particle (30):: Fit: 1519.94	PB: 1519.94	LB: 1567.21	GB: 1617.81	Conf: 0.727572	Pts: 59335
Particle (9):: Fit: 1493.43	PB: 1493.43	LB: 1617.81	GB: 1617.81	Conf: 0.771618	Pts: 133364
Particle (26):: Fit: 1496.17	PB: 1496.17	LB: 1562.44	GB: 1617.81	Conf: 0.627512	Pts: 68384
Particle (31):: Fit: 1548.39	PB: 1548.39	LB: 1567.21	GB: 1617.81	Conf: 0.505826	Pts: 64146
Particle (10):: Fit: 1560.24	PB: 1560.24	LB: 1617.81	GB: 1617.81	Conf: 0.6569	Pts: 103416
Particle (9):: Fit: 1512.24	PB: 1512.24	LB: 1617.81	GB: 1617.81	Conf: 0.355198	Pts: 133317
Particle (25):: Fit: 1505.4	PB: 1505.4	LB: 1562.44	GB: 1617.81	Conf: 0.647197	Pts: 68248
Particle (42):: Fit: 1458.74	PB: 1458.74	LB: 1584.96	GB: 1617.81	Conf: 0.70369	Pts: 63523
Particle (25):: Fit: 1515.05	PB: 1515.05	LB: 1562.44	GB: 1617.81	Conf: 0.359427	Pts: 68248
Particle (0):: Fit: 1575.07	PB: 1575.07	LB: 1591.51	GB: 1617.81	Conf: 0.236555	Pts: 268212
Particle (19):: Fit: 1541.24	PB: 1541.24	LB: 1562.28	GB: 1617.81	Conf: 0.436949	Pts: 138046
Particle (8):: Fit: 1566.77	PB: 1566.77	LB: 1617.81	GB: 1617.81	Conf: 0.367479	Pts: 63423
Particle (48):: Fit: 1534.43	PB: 1534.43	LB: 1591.51	GB: 1617.81	Conf: 0.729569	Pts: 57684
Particle (25):: Fit: 1542.21	PB: 1542.21	LB: 1562.44	GB: 1617.81	Conf: 0.626435	Pts: 68050
Particle (15):: Fit: 1512.26	PB: 1512.26	LB: 1617.81	GB: 1617.81	Conf: 0.798039	Pts: 92917
Particle (16):: Fit: 1542.02	PB: 1542.02	LB: 1617.81	GB: 1617.81	Conf: 0.725453	Pts: 118008
Particle (5):: Fit: 1562.77	PB: 1562.77	LB: 1591.51	GB: 1617.81	Conf: 0.545223	Pts: 122747
Particle (7):: Fit: 1566.79	PB: 1566.79	LB: 1617.81	GB: 1617.81	Conf: 0.37914	Pts: 132658
Particle (36):: Fit: 1525.26	PB: 1525.26	LB: 1584.96	GB: 1617.81	Conf: 0.688428	Pts: 52806
Particle (17):: Fit: 1534.4	PB: 1534.4	LB: 1562.28	GB: 1617.81	Conf: 0.750855	Pts: 72802
Particle (16):: Fit: 1542.7	PB: 1542.7	LB: 1617.81	GB: 1617.81	Conf: 0.502106	Pts: 117854
Particle (22):: Fit: 1570.62	PB: 1570.62	LB: 1570.62	GB: 1617.81	Conf: 0.604319	Pts: 133276
Particle (42):: Fit: 1488.02	PB: 1488.02	LB: 1584.96	GB: 1617.81	Conf: 0.380437	Pts: 62871
Particle (25):: Fit: 1582.75	PB: 1582.75	LB: 1582.75	GB: 1617.81	Conf: 0.691667	Pts: 117729
Particle (49):: Fit: 1510.95	PB: 1510.95	LB: 1591.51	GB: 1617.81	Conf: 0.867217	Pts: 77170
Particle (19):: Fit: 1558.55	PB: 1558.55	LB: 1570.62	GB: 1617.81	Conf: 0.606847	Pts: 136956
Particle (44):: Fit: 1538.36	PB: 1538.36	LB: 1584.96	GB: 1617.81	Conf: 0.60836	Pts: 47196
Particle (13):: Fit: 1562.6	PB: 1562.6	LB: 1617.81	GB: 1617.81	Conf: 0.628406	Pts: 186553
Particle (29):: Fit: 1556.21	PB: 1556.21	LB: 1582.75	GB: 1617.81	Conf: 0.595011	Pts: 211291
Particle (28):: Fit: 1576.99	PB: 1576.99	LB: 1582.75	GB: 1617.81	Conf: 0.446702	Pts: 206532
Particle (10):: Fit: 1593.97	PB: 1593.97	LB: 1617.81	GB: 1617.81	Conf: 0.843758	Pts: 111685
Particle (14):: Fit: 1525.88	PB: 1525.88	LB: 1617.81	GB: 1617.81	Conf: 0.43306	Pts: 121251
Particle (27):: Fit: 1528.31	PB: 1528.31	LB: 1582.75	GB: 1617.81	Conf: 0.170182	Pts: 111186
Particle (31):: Fit: 1560.79	PB: 1560.79	LB: 1576.99	GB: 1617.81	Conf: 0.638221	Pts: 62184
Particle (40):: Fit: 1536.68	PB: 1536.68	LB: 1584.96	GB: 1617.81	Conf: 0.622477	Pts: 86235
Particle (42):: Fit: 1549.64	PB: 1549.64	LB: 1584.96	GB: 1617.81	Conf: 0.392934	Pts: 61669
Particle (49):: Fit: 1651.13	PB: 1651.13	LB: 1651.13	GB: 1651.13	Conf: 0.804629	Pts: 136316
Global: 1651.13 - Correct: 78% of 100 tests
Global Best: 
  Inner Net 1
  -- 1 : 1 = 0.369117
  -- 1 : 2 = 0.185741
  -- 1 : 3 = -0.143411
  -- 1 : 4 = -0.10301
  -- 1 : 5 = 0.281408
  -- 1 : 6 = 0.125089
  -- 1 : 7 = -0.0706635
  -- 1 : 8 = -0.271578
  -- 1 : 9 = -0.396402
  -- 2 : 1 = 0.409632
  -- 2 : 2 = 0.208645
  -- 2 : 3 = 0.119676
  -- 2 : 4 = -0.0936785
  -- 2 : 5 = -0.234335
  -- 2 : 6 = -0.249916
  -- 2 : 7 = -0.144648
  -- 2 : 8 = 0.0545144
  -- 2 : 9 = -0.0145165
  -- 3 : 1 = 0.26969
  -- 3 : 2 = -0.0457294
  -- 3 : 3 = 0.0110546
  -- 3 : 4 = -0.08343
  -- 3 : 5 = 0.338187
  -- 3 : 6 = 0.39148
  -- 3 : 7 = -0.0384828
  -- 3 : 8 = 0.349038
  -- 3 : 9 = 0.19684
  -- 4 : 1 = 0.263792
  -- 4 : 2 = 0.028888
  -- 4 : 3 = -0.0868568
  -- 4 : 4 = -0.219721
  -- 4 : 5 = 0.00908275
  -- 4 : 6 = 0.0707053
  -- 4 : 7 = 0.208479
  -- 4 : 8 = -0.105755
  -- 4 : 9 = 0.345863
  -- 5 : 1 = 0.143916
  -- 5 : 2 = -0.292022
  -- 5 : 3 = 0.0903328
  -- 5 : 4 = -0.0203532
  -- 5 : 5 = 0.164026
  -- 5 : 6 = -0.343801
  -- 5 : 7 = 0.335565
  -- 5 : 8 = -0.196586
  -- 5 : 9 = 0.37273
  -- 6 : 1 = -0.36583
  -- 6 : 2 = 0.0621974
  -- 6 : 3 = 0.0345445
  -- 6 : 4 = -0.0375656
  -- 6 : 5 = 0.229874
  -- 6 : 6 = -0.113799
  -- 6 : 7 = -0.100859
  -- 6 : 8 = -0.16656
  -- 6 : 9 = 0.571693
  -- 7 : 1 = 0.0471123
  -- 7 : 2 = -0.0779525
  -- 7 : 3 = 0.128301
  -- 7 : 4 = -0.337149
  -- 7 : 5 = -0.22545
  -- 7 : 6 = -0.142421
  -- 7 : 7 = 0.383035
  -- 7 : 8 = -0.0547492
  -- 7 : 9 = 0.308127
  -- 8 : 1 = 0.467222
  -- 8 : 2 = -0.178773
  -- 8 : 3 = 0.3323
  -- 8 : 4 = -0.20851
  -- 8 : 5 = 0.488723
  -- 8 : 6 = 0.0705921
  -- 8 : 7 = 0.153019
  -- 8 : 8 = -0.307141
  -- 8 : 9 = -0.133405
  -- 9 : 1 = -0.037489
  -- 9 : 2 = 0.0874842
  -- 9 : 3 = -0.0144659
  -- 9 : 4 = -0.0536419
  -- 9 : 5 = -0.0164655
  -- 9 : 6 = -0.0968572
  -- 9 : 7 = 0.3759
  -- 9 : 8 = -0.0367462
  -- 9 : 9 = -0.28385
  -- 10 : 1 = 0.256633
  -- 10 : 2 = -0.0136554
  -- 10 : 3 = 0.0759788
  -- 10 : 4 = 0.0240989
  -- 10 : 5 = 0.285221
  -- 10 : 6 = 0.0793638
  -- 10 : 7 = 0.281242
  -- 10 : 8 = -0.27596
  -- 10 : 9 = 0.207973
  Inner Net 2
  -- 1 : 1 = 0.122165
  -- 1 : 2 = 0.0684515
  -- 2 : 1 = 0.1697
  -- 2 : 2 = 0.328956
  -- 3 : 1 = 0.00350327
  -- 3 : 2 = -0.296861
  -- 4 : 1 = 0.930735
  -- 4 : 2 = -0.154819
  -- 5 : 1 = 0.185402
  -- 5 : 2 = 0.31776
  -- 6 : 1 = 0.5
  -- 6 : 2 = 0.213781
  -- 7 : 1 = -0.0496379
  -- 7 : 2 = 0.00245151
  -- 8 : 1 = 0.579068
  -- 8 : 2 = 0.0272688
  -- 9 : 1 = -0.249414
  -- 9 : 2 = 0.474369
Out\Act	False		True
False	0.403141	0.438839	0.84198
True	0.0347454	0.123275	0.15802
	0.437887	0.562113
	Accuracy [ (tp + tn) / testSize ]: 0.526416
	Precision [ tp / (tp + fp) ]:      0.21912
	Sensitivity [ tp / (tp + fn) ]:    0.777778
	Specificity [ tn / (tn + fp) ]:    0.478531
	F-Score [ 2tp / (2tp + fp + fn) ]: 0.34214
Particle (28):: Fit: 1580.59	PB: 1580.59	LB: 1582.75	GB: 1651.13	Conf: 0.366681	Pts: 220863
Global Best: 
  Inner Net 1
  -- 1 : 1 = 0.369117
  -- 1 : 2 = 0.185741
  -- 1 : 3 = -0.143411
  -- 1 : 4 = -0.10301
  -- 1 : 5 = 0.281408
  -- 1 : 6 = 0.125089
  -- 1 : 7 = -0.0706635
  -- 1 : 8 = -0.271578
  -- 1 : 9 = -0.396402
  -- 2 : 1 = 0.409632
  -- 2 : 2 = 0.208645
  -- 2 : 3 = 0.119676
  -- 2 : 4 = -0.0936785
  -- 2 : 5 = -0.234335
  -- 2 : 6 = -0.249916
  -- 2 : 7 = -0.144648
  -- 2 : 8 = 0.0545144
  -- 2 : 9 = -0.0145165
  -- 3 : 1 = 0.26969
  -- 3 : 2 = -0.0457294
  -- 3 : 3 = 0.0110546
  -- 3 : 4 = -0.08343
  -- 3 : 5 = 0.338187
  -- 3 : 6 = 0.39148
  -- 3 : 7 = -0.0384828
  -- 3 : 8 = 0.349038
  -- 3 : 9 = 0.19684
  -- 4 : 1 = 0.263792
  -- 4 : 2 = 0.028888
  -- 4 : 3 = -0.0868568
  -- 4 : 4 = -0.219721
  -- 4 : 5 = 0.00908275
  -- 4 : 6 = 0.0707053
  -- 4 : 7 = 0.208479
  -- 4 : 8 = -0.105755
  -- 4 : 9 = 0.345863
  -- 5 : 1 = 0.143916
  -- 5 : 2 = -0.292022
  -- 5 : 3 = 0.0903328
  -- 5 : 4 = -0.0203532
  -- 5 : 5 = 0.164026
  -- 5 : 6 = -0.343801
  -- 5 : 7 = 0.335565
  -- 5 : 8 = -0.196586
  -- 5 : 9 = 0.37273
  -- 6 : 1 = -0.36583
  -- 6 : 2 = 0.0621974
  -- 6 : 3 = 0.0345445
  -- 6 : 4 = -0.0375656
  -- 6 : 5 = 0.229874
  -- 6 : 6 = -0.113799
  -- 6 : 7 = -0.100859
  -- 6 : 8 = -0.16656
  -- 6 : 9 = 0.571693
  -- 7 : 1 = 0.0471123
  -- 7 : 2 = -0.0779525
  -- 7 : 3 = 0.128301
  -- 7 : 4 = -0.337149
  -- 7 : 5 = -0.22545
  -- 7 : 6 = -0.142421
  -- 7 : 7 = 0.383035
  -- 7 : 8 = -0.0547492
  -- 7 : 9 = 0.308127
  -- 8 : 1 = 0.467222
  -- 8 : 2 = -0.178773
  -- 8 : 3 = 0.3323
  -- 8 : 4 = -0.20851
  -- 8 : 5 = 0.488723
  -- 8 : 6 = 0.0705921
  -- 8 : 7 = 0.153019
  -- 8 : 8 = -0.307141
  -- 8 : 9 = -0.133405
  -- 9 : 1 = -0.037489
  -- 9 : 2 = 0.0874842
  -- 9 : 3 = -0.0144659
  -- 9 : 4 = -0.0536419
  -- 9 : 5 = -0.0164655
  -- 9 : 6 = -0.0968572
  -- 9 : 7 = 0.3759
  -- 9 : 8 = -0.0367462
  -- 9 : 9 = -0.28385
  -- 10 : 1 = 0.256633
  -- 10 : 2 = -0.0136554
  -- 10 : 3 = 0.0759788
  -- 10 : 4 = 0.0240989
  -- 10 : 5 = 0.285221
  -- 10 : 6 = 0.0793638
  -- 10 : 7 = 0.281242
  -- 10 : 8 = -0.27596
  -- 10 : 9 = 0.207973
  Inner Net 2
  -- 1 : 1 = 0.122165
  -- 1 : 2 = 0.0684515
  -- 2 : 1 = 0.1697
  -- 2 : 2 = 0.328956
  -- 3 : 1 = 0.00350327
  -- 3 : 2 = -0.296861
  -- 4 : 1 = 0.930735
  -- 4 : 2 = -0.154819
  -- 5 : 1 = 0.185402
  -- 5 : 2 = 0.31776
  -- 6 : 1 = 0.5
  -- 6 : 2 = 0.213781
  -- 7 : 1 = -0.0496379
  -- 7 : 2 = 0.00245151
  -- 8 : 1 = 0.579068
  -- 8 : 2 = 0.0272688
  -- 9 : 1 = -0.249414
  -- 9 : 2 = 0.474369
Out\Act	False		True
False	0.403141	0.438839	0.84198
True	0.0347454	0.123275	0.15802
	0.437887	0.562113
	Accuracy [ (tp + tn) / testSize ]: 0.526416
	Precision [ tp / (tp + fp) ]:      0.21912
	Sensitivity [ tp / (tp + fn) ]:    0.777778
	Specificity [ tn / (tn + fp) ]:    0.478531
	F-Score [ 2tp / (2tp + fp + fn) ]: 0.34214
