
Date / Time: Thu Mar 30 14:26:36 2017

   ****************************************
   * PSO Neural Net (Gaussian Activation) *
   *       by William Boler, BSCE         *
   *     Research Assistant, IUPUI        *
   *                                      *
   *  Professor: Dr. Lauren Christopher   *
   *     Created: March 13, 2017          *
   ****************************************


Inputs: 10
Inner Nets: 2
 - 10
 - 4
Tests per train(min): 10
Particles: 50
Neighbors: 10
Minimum Particle Iterations: 1000
Particle (0):: Fit: 2.85865	PB: 2.85865	LB: 2.85865	GB: 2.85865	Conf: 0.222757	Pts: 110099
Particle (1):: Fit: 6.0989	PB: 6.0989	LB: 6.0989	GB: 6.0989	Conf: 0.552911	Pts: 110099
Particle (2):: Fit: 6.06506	PB: 6.06506	LB: 6.0989	GB: 6.0989	Conf: 0.258802	Pts: 55099
Particle (3):: Fit: 3.64554	PB: 3.64554	LB: 6.0989	GB: 6.0989	Conf: 0.34919	Pts: 55099
Particle (4):: Fit: 2.01998	PB: 2.01998	LB: 6.0989	GB: 6.0989	Conf: 0.582906	Pts: 55099
Particle (5):: Fit: 3.93457	PB: 3.93457	LB: 6.0989	GB: 6.0989	Conf: 0.975033	Pts: 65099
Particle (6):: Fit: 3.63777	PB: 3.63777	LB: 6.06506	GB: 6.0989	Conf: 0.870365	Pts: 55099
Particle (7):: Fit: 6.99334	PB: 6.99334	LB: 6.99334	GB: 6.99334	Conf: 0.341792	Pts: 110099
Particle (8):: Fit: 4.5793	PB: 4.5793	LB: 6.99334	GB: 6.99334	Conf: 0.297567	Pts: 55099
Particle (9):: Fit: 8.92834	PB: 8.92834	LB: 8.92834	GB: 8.92834	Conf: 0.646476	Pts: 110099
Particle (10):: Fit: 2.8641	PB: 2.8641	LB: 8.92834	GB: 8.92834	Conf: 0.543736	Pts: 55099
Particle (11):: Fit: 3.27802	PB: 3.27802	LB: 8.92834	GB: 8.92834	Conf: 0.52926	Pts: 60099
Particle (12):: Fit: 5.13694	PB: 5.13694	LB: 8.92834	GB: 8.92834	Conf: 0.634673	Pts: 65099
Particle (13):: Fit: 3.26306	PB: 3.26306	LB: 8.92834	GB: 8.92834	Conf: 0.662841	Pts: 55099
Particle (14):: Fit: 8.93971	PB: 8.93971	LB: 8.93971	GB: 8.93971	Conf: 0.700874	Pts: 110099
Particle (15):: Fit: 4.21399	PB: 4.21399	LB: 8.93971	GB: 8.93971	Conf: 0.493477	Pts: 55099
Particle (16):: Fit: 3.27752	PB: 3.27752	LB: 8.93971	GB: 8.93971	Conf: 0.0521344	Pts: 55099
Particle (17):: Fit: 4.09622	PB: 4.09622	LB: 8.93971	GB: 8.93971	Conf: 0.561214	Pts: 60099
Particle (18):: Fit: 4.18545	PB: 4.18545	LB: 8.93971	GB: 8.93971	Conf: 0.615063	Pts: 65099
Particle (19):: Fit: 3.2214	PB: 3.2214	LB: 4.21399	GB: 8.93971	Conf: 0.800139	Pts: 55099
Particle (20):: Fit: 4.01571	PB: 4.01571	LB: 4.18545	GB: 8.93971	Conf: 0.897819	Pts: 60099
Particle (21):: Fit: 7.02618	PB: 7.02618	LB: 7.02618	GB: 8.93971	Conf: 0.745777	Pts: 85099
Particle (22):: Fit: 4.54259	PB: 4.54259	LB: 7.02618	GB: 8.93971	Conf: 0.833796	Pts: 55099
Particle (23):: Fit: 3.27194	PB: 3.27194	LB: 7.02618	GB: 8.93971	Conf: 0.607379	Pts: 55099
Particle (24):: Fit: 4.07463	PB: 4.07463	LB: 7.02618	GB: 8.93971	Conf: 0.828278	Pts: 60099
Particle (25):: Fit: 3.22896	PB: 3.22896	LB: 7.02618	GB: 8.93971	Conf: 0.781461	Pts: 55099
Particle (26):: Fit: 5.97516	PB: 5.97516	LB: 5.97516	GB: 8.93971	Conf: 0.9239	Pts: 75099
Particle (27):: Fit: 3.74531	PB: 3.74531	LB: 5.97516	GB: 8.93971	Conf: 0.0868417	Pts: 55099
Particle (28):: Fit: 2.30572	PB: 2.30572	LB: 5.97516	GB: 8.93971	Conf: 0.845286	Pts: 55099
Particle (29):: Fit: 3.27554	PB: 3.27554	LB: 5.97516	GB: 8.93971	Conf: 0.427503	Pts: 60099
Particle (30):: Fit: 3.59658	PB: 3.59658	LB: 5.97516	GB: 8.93971	Conf: 0.247682	Pts: 65099
Particle (31):: Fit: 5.99097	PB: 5.99097	LB: 5.99097	GB: 8.93971	Conf: 0.900018	Pts: 100099
Particle (32):: Fit: 7.00699	PB: 7.00699	LB: 7.00699	GB: 8.93971	Conf: 0.819916	Pts: 100099
Particle (33):: Fit: 3.25285	PB: 3.25285	LB: 7.00699	GB: 8.93971	Conf: 0.292557	Pts: 55099
Particle (34):: Fit: 2.79148	PB: 2.79148	LB: 7.00699	GB: 8.93971	Conf: 0.779251	Pts: 55099
Particle (35):: Fit: 2.6814	PB: 2.6814	LB: 7.00699	GB: 8.93971	Conf: 0.938194	Pts: 55099
Particle (36):: Fit: 2.45281	PB: 2.45281	LB: 7.00699	GB: 8.93971	Conf: 0.0756201	Pts: 55099
Particle (37):: Fit: 3.67332	PB: 3.67332	LB: 3.67332	GB: 8.93971	Conf: 0.443575	Pts: 75099
Particle (38):: Fit: 6.92433	PB: 6.92433	LB: 6.92433	GB: 8.93971	Conf: 0.211641	Pts: 80099
Particle (39):: Fit: 2.45958	PB: 2.45958	LB: 6.92433	GB: 8.93971	Conf: 0.485387	Pts: 55099
Particle (40):: Fit: 9.42723	PB: 9.42723	LB: 9.42723	GB: 9.42723	Conf: 0.244569	Pts: 110099
Particle (41):: Fit: 7.94557	PB: 7.94557	LB: 9.42723	GB: 9.42723	Conf: 0.934791	Pts: 55099
Particle (42):: Fit: 4.22385	PB: 4.22385	LB: 9.42723	GB: 9.42723	Conf: 0.412447	Pts: 50099
Particle (43):: Fit: 6.96359	PB: 6.96359	LB: 9.42723	GB: 9.42723	Conf: 0.276906	Pts: 60099
Particle (44):: Fit: 2.8603	PB: 2.8603	LB: 9.42723	GB: 9.42723	Conf: 0.567932	Pts: 50099
Particle (45):: Fit: 5.11004	PB: 5.11004	LB: 7.94557	GB: 9.42723	Conf: 0.717854	Pts: 50099
Particle (46):: Fit: 7.584	PB: 7.584	LB: 7.584	GB: 9.42723	Conf: 0.0589529	Pts: 75099
Particle (47):: Fit: 9.85551	PB: 9.85551	LB: 9.85551	GB: 9.85551	Conf: 0.640332	Pts: 110099
Particle (48):: Fit: 3.26474	PB: 3.26474	LB: 9.85551	GB: 9.85551	Conf: 0.654071	Pts: 50099
Particle (49):: Fit: 3.27299	PB: 3.27299	LB: 9.85551	GB: 9.85551	Conf: 0.401487	Pts: 50099
Global: 9.85551 - Correct: 90% of 10 tests
Global Best: 
  Inner Net 1
  -- 1 : 1 = 0.9806
  -- 1 : 2 = 0.2312
  -- 1 : 3 = 0.1511
  -- 1 : 4 = 0.036
  -- 1 : 5 = 0.1529
  -- 1 : 6 = 0.2857
  -- 1 : 7 = 0.4653
  -- 1 : 8 = 0.423
  -- 1 : 9 = 0.2222
  -- 1 : 10 = 0.3453
  -- 2 : 1 = 0.7161
  -- 2 : 2 = 0.6684
  -- 2 : 3 = 0.6336
  -- 2 : 4 = 0.0314
  -- 2 : 5 = 0.655
  -- 2 : 6 = 0.0311
  -- 2 : 7 = 0.1545
  -- 2 : 8 = 0.2629
  -- 2 : 9 = 0.7161
  -- 2 : 10 = 0.4458
  -- 3 : 1 = 0.846
  -- 3 : 2 = 0.0673
  -- 3 : 3 = 0.8209
  -- 3 : 4 = 0.8342
  -- 3 : 5 = 0.3707
  -- 3 : 6 = 0.9835
  -- 3 : 7 = 0.1359
  -- 3 : 8 = 0.8633
  -- 3 : 9 = 0.849
  -- 3 : 10 = 0.5398
  -- 4 : 1 = 0.5544
  -- 4 : 2 = 0.3509
  -- 4 : 3 = 0.33
  -- 4 : 4 = 0.2738
  -- 4 : 5 = 0.092
  -- 4 : 6 = 0.1539
  -- 4 : 7 = 0.366
  -- 4 : 8 = 0.8419
  -- 4 : 9 = 0.2009
  -- 4 : 10 = 0.2471
  -- 5 : 1 = 0.8647
  -- 5 : 2 = 0.5119
  -- 5 : 3 = 0.6373
  -- 5 : 4 = 0.4278
  -- 5 : 5 = 0.0904
  -- 5 : 6 = 0.0359
  -- 5 : 7 = 0.5929
  -- 5 : 8 = 0.0309
  -- 5 : 9 = 0.6683
  -- 5 : 10 = 0.8569
  -- 6 : 1 = 0.2522
  -- 6 : 2 = 0.7523
  -- 6 : 3 = 0.9542
  -- 6 : 4 = 0.3238
  -- 6 : 5 = 0.2988
  -- 6 : 6 = 0.7946
  -- 6 : 7 = 0.5149
  -- 6 : 8 = 0.4672
  -- 6 : 9 = 0.8081
  -- 6 : 10 = 0.6642
  -- 7 : 1 = 0.3606
  -- 7 : 2 = 0.4582
  -- 7 : 3 = 0.0687
  -- 7 : 4 = 0.4967
  -- 7 : 5 = 0.2268
  -- 7 : 6 = 0.5955
  -- 7 : 7 = 0.5381
  -- 7 : 8 = 0.8987
  -- 7 : 9 = 0.7175
  -- 7 : 10 = 0.8628
  -- 8 : 1 = 0.0718
  -- 8 : 2 = 0.1391
  -- 8 : 3 = 0.606
  -- 8 : 4 = 0.4121
  -- 8 : 5 = 0.9895
  -- 8 : 6 = 0.3375
  -- 8 : 7 = 0.9361
  -- 8 : 8 = 0.8621
  -- 8 : 9 = 0.5454
  -- 8 : 10 = 0.4843
  -- 9 : 1 = 0.9444
  -- 9 : 2 = 0.0265
  -- 9 : 3 = 0.2604
  -- 9 : 4 = 0.8333
  -- 9 : 5 = 0.0604
  -- 9 : 6 = 0.2374
  -- 9 : 7 = 0.2981
  -- 9 : 8 = 0.7128
  -- 9 : 9 = 0.4976
  -- 9 : 10 = 0.237
  -- 10 : 1 = 0.3244
  -- 10 : 2 = 0.2541
  -- 10 : 3 = 0.0311
  -- 10 : 4 = 0.3829
  -- 10 : 5 = 0.1772
  -- 10 : 6 = 0.4052
  -- 10 : 7 = 0.1984
  -- 10 : 8 = 0.6036
  -- 10 : 9 = 0.0869
  -- 10 : 10 = 0.4041
  Inner Net 2
  -- 1 : 1 = 0.7955
  -- 1 : 2 = 0.4037
  -- 1 : 3 = 0.2852
  -- 1 : 4 = 0.2965
  -- 2 : 1 = 0.8422
  -- 2 : 2 = 0.6772
  -- 2 : 3 = 0.2518
  -- 2 : 4 = 0.7791
  -- 3 : 1 = 0.6757
  -- 3 : 2 = 0.3685
  -- 3 : 3 = 0.9262
  -- 3 : 4 = 0.2466
  -- 4 : 1 = 0.79
  -- 4 : 2 = 0.446
  -- 4 : 3 = 0.1973
  -- 4 : 4 = 0.3073
  -- 5 : 1 = 0.5751
  -- 5 : 2 = 0.8426
  -- 5 : 3 = 0.5345
  -- 5 : 4 = 0.5368
  -- 6 : 1 = 0.6332
  -- 6 : 2 = 0.4456
  -- 6 : 3 = 0.6618
  -- 6 : 4 = 0.8612
  -- 7 : 1 = 0.1031
  -- 7 : 2 = 0.7897
  -- 7 : 3 = 0.164
  -- 7 : 4 = 0.0438
  -- 8 : 1 = 0.3318
  -- 8 : 2 = 0.1322
  -- 8 : 3 = 0.3313
  -- 8 : 4 = 0.7732
  -- 9 : 1 = 0.1094
  -- 9 : 2 = 0.0318
  -- 9 : 3 = 0.789
  -- 9 : 4 = 0.5249
  -- 10 : 1 = 0.2526
  -- 10 : 2 = 0.812
  -- 10 : 3 = 0.2827
  -- 10 : 4 = 0.5503
  Inner Net 3
  -- 1 : 1 = -0.132454
  -- 1 : 2 = -0.2977
  -- 2 : 1 = 0.1128
  -- 2 : 2 = -0.2727
  -- 3 : 1 = 0.3491
  -- 3 : 2 = -0.2207
  -- 4 : 1 = -0.0474
  -- 4 : 2 = 0.00691444
Out\Act	False		True
False	0	0.84198	0.84198
True	0	0.15802	0.15802
	0	1
	Accuracy [ (tp + tn) / testSize ]: 0.15802
	Precision [ tp / (tp + fp) ]:      0.157945
	Sensitivity [ tp / (tp + fn) ]:    0.996997
	Specificity [ tn / (tn + fp) ]:    0
	F-Score [ 2tp / (2tp + fp + fn) ]: 0.272802
Particle (0):: Fit: 6.09684	PB: 6.09684	LB: 9.85551	GB: 9.85551	Conf: 0.419786	Pts: 110198
Particle (1):: Fit: 6.90942	PB: 6.90942	LB: 9.85551	GB: 9.85551	Conf: 0.190475	Pts: 110198
Particle (3):: Fit: 7.0257	PB: 7.0257	LB: 7.0257	GB: 9.85551	Conf: 0.748142	Pts: 65198
Particle (4):: Fit: 3.21226	PB: 3.21226	LB: 8.92834	GB: 9.85551	Conf: 0.179187	Pts: 55197
Particle (5):: Fit: 5.15177	PB: 5.15177	LB: 8.92834	GB: 9.85551	Conf: 0.564641	Pts: 65198
Particle (8):: Fit: 6.09169	PB: 6.09169	LB: 8.92834	GB: 9.85551	Conf: 0.623816	Pts: 55198
Particle (10):: Fit: 3.28129	PB: 3.28129	LB: 8.93971	GB: 9.85551	Conf: 0.287796	Pts: 55198
Particle (12):: Fit: 6.07299	PB: 6.07299	LB: 8.93971	GB: 9.85551	Conf: 0.285741	Pts: 65198
Particle (13):: Fit: 5.94422	PB: 5.94422	LB: 8.93971	GB: 9.85551	Conf: 0.0344127	Pts: 55198
Particle (15):: Fit: 5.151	PB: 5.151	LB: 8.93971	GB: 9.85551	Conf: 0.569167	Pts: 55198
Particle (17):: Fit: 5.03248	PB: 5.03248	LB: 8.93971	GB: 9.85551	Conf: 0.862229	Pts: 60198
Particle (18):: Fit: 7.85419	PB: 7.85419	LB: 8.93971	GB: 9.85551	Conf: 0.304657	Pts: 85198
Particle (19):: Fit: 7.01044	PB: 7.01044	LB: 7.85419	GB: 9.85551	Conf: 0.391133	Pts: 55198
Particle (22):: Fit: 6.08504	PB: 6.08504	LB: 7.85419	GB: 9.85551	Conf: 0.337182	Pts: 60198
Particle (23):: Fit: 8.87706	PB: 8.87706	LB: 8.87706	GB: 9.85551	Conf: 0.516972	Pts: 100198
Particle (24):: Fit: 8.50303	PB: 8.50303	LB: 8.87706	GB: 9.85551	Conf: 0.153395	Pts: 65198
Particle (25):: Fit: 4.15034	PB: 4.15034	LB: 8.87706	GB: 9.85551	Conf: 0.704232	Pts: 55198
Particle (26):: Fit: 6.94319	PB: 6.94319	LB: 8.87706	GB: 9.85551	Conf: 0.959041	Pts: 75198
Particle (27):: Fit: 8.59852	PB: 8.59852	LB: 8.87706	GB: 9.85551	Conf: 0.219862	Pts: 75198
Particle (28):: Fit: 3.26314	PB: 3.26314	LB: 8.59852	GB: 9.85551	Conf: 0.662427	Pts: 55198
Particle (29):: Fit: 7.93846	PB: 7.93846	LB: 8.59852	GB: 9.85551	Conf: 0.447733	Pts: 70198
Particle (30):: Fit: 7.98771	PB: 7.98771	LB: 8.59852	GB: 9.85551	Conf: 0.671813	Pts: 80198
Particle (33):: Fit: 7.81243	PB: 7.81243	LB: 7.98771	GB: 9.85551	Conf: 0.254402	Pts: 55198
Particle (34):: Fit: 3.66443	PB: 3.66443	LB: 7.98771	GB: 9.85551	Conf: 0.407245	Pts: 55198
Particle (35):: Fit: 7.02216	PB: 7.02216	LB: 9.42723	GB: 9.85551	Conf: 0.43543	Pts: 55198
Particle (36):: Fit: 7.98041	PB: 7.98041	LB: 9.42723	GB: 9.85551	Conf: 0.803886	Pts: 55198
Particle (37):: Fit: 7.02923	PB: 7.02923	LB: 9.42723	GB: 9.85551	Conf: 0.470517	Pts: 75198
Particle (38):: Fit: 6.93226	PB: 6.93226	LB: 9.42723	GB: 9.85551	Conf: 0.97643	Pts: 80198
Particle (44):: Fit: 7.98739	PB: 7.98739	LB: 9.85551	GB: 9.85551	Conf: 0.664795	Pts: 50198
Particle (48):: Fit: 6.09947	PB: 6.09947	LB: 9.85551	GB: 9.85551	Conf: 0.542198	Pts: 50198
Particle (49):: Fit: 5.10671	PB: 5.10671	LB: 9.85551	GB: 9.85551	Conf: 0.0738215	Pts: 50198
Particle (11):: Fit: 4.10905	PB: 4.10905	LB: 8.93971	GB: 9.85551	Conf: 0.656115	Pts: 60197
Particle (12):: Fit: 6.09558	PB: 6.09558	LB: 8.93971	GB: 9.85551	Conf: 0.592928	Pts: 65297
Particle (15):: Fit: 7.96422	PB: 7.96422	LB: 8.93971	GB: 9.85551	Conf: 0.521105	Pts: 55297
Particle (20):: Fit: 7.77688	PB: 7.77688	LB: 8.87706	GB: 9.85551	Conf: 0.216934	Pts: 60197
Particle (28):: Fit: 5.12959	PB: 5.12959	LB: 8.59852	GB: 9.85551	Conf: 0.661092	Pts: 55297
Particle (32):: Fit: 7.03954	PB: 7.03954	LB: 7.98771	GB: 9.85551	Conf: 0.63397	Pts: 100197
Particle (34):: Fit: 5.11921	PB: 5.11921	LB: 7.98771	GB: 9.85551	Conf: 0.106854	Pts: 55297
Particle (39):: Fit: 2.82581	PB: 2.82581	LB: 9.42723	GB: 9.85551	Conf: 0.700158	Pts: 55196
Particle (42):: Fit: 7.84508	PB: 7.84508	LB: 9.85551	GB: 9.85551	Conf: 0.292984	Pts: 50197
Particle (43):: Fit: 8.7183	PB: 8.7183	LB: 9.85551	GB: 9.85551	Conf: 0.319	Pts: 60197
Particle (2):: Fit: 7.5429	PB: 7.5429	LB: 7.5429	GB: 9.85551	Conf: 0.031218	Pts: 65196
Particle (4):: Fit: 5.93968	PB: 5.93968	LB: 8.92834	GB: 9.85551	Conf: 0.971263	Pts: 55295
Particle (5):: Fit: 6.91325	PB: 6.91325	LB: 8.92834	GB: 9.85551	Conf: 0.195763	Pts: 65296
Particle (10):: Fit: 4.12084	PB: 4.12084	LB: 8.93971	GB: 9.85551	Conf: 0.759588	Pts: 55296
Particle (11):: Fit: 4.53357	PB: 4.53357	LB: 8.93971	GB: 9.85551	Conf: 0.688609	Pts: 60296
Particle (13):: Fit: 7.93376	PB: 7.93376	LB: 8.93971	GB: 9.85551	Conf: 0.963036	Pts: 55296
Particle (16):: Fit: 4.02152	PB: 4.02152	LB: 8.93971	GB: 9.85551	Conf: 0.371042	Pts: 55196
Particle (21):: Fit: 7.04018	PB: 7.04018	LB: 8.87706	GB: 9.85551	Conf: 0.61233	Pts: 85196
Particle (32):: Fit: 7.96103	PB: 7.96103	LB: 7.98771	GB: 9.85551	Conf: 0.510133	Pts: 100296
Particle (33):: Fit: 7.96945	PB: 7.96945	LB: 7.98771	GB: 9.85551	Conf: 0.859015	Pts: 55296
Particle (39):: Fit: 2.87386	PB: 2.87386	LB: 9.42723	GB: 9.85551	Conf: 0.419969	Pts: 55295
Particle (5):: Fit: 7.00496	PB: 7.00496	LB: 8.92834	GB: 9.85551	Conf: 0.826137	Pts: 65395
Particle (8):: Fit: 6.0976	PB: 6.0976	LB: 8.92834	GB: 9.85551	Conf: 0.571403	Pts: 55295
Particle (10):: Fit: 5.12894	PB: 5.12894	LB: 8.93971	GB: 9.85551	Conf: 0.663229	Pts: 55395
Particle (12):: Fit: 7.9499	PB: 7.9499	LB: 8.93971	GB: 9.85551	Conf: 0.923285	Pts: 65395
Particle (21):: Fit: 8.88002	PB: 8.88002	LB: 8.88002	GB: 9.85551	Conf: 0.522477	Pts: 120295
Particle (25):: Fit: 6.89365	PB: 6.89365	LB: 8.88002	GB: 9.85551	Conf: 0.16964	Pts: 55295
Particle (26):: Fit: 7.98302	PB: 7.98302	LB: 8.87706	GB: 9.85551	Conf: 0.614841	Pts: 75295
Particle (30):: Fit: 10.3434	PB: 10.3434	LB: 10.3434	GB: 10.3434	Conf: 0.852872	Pts: 140295
Particle (34):: Fit: 5.16406	PB: 5.16406	LB: 10.3434	GB: 10.3434	Conf: 0.443842	Pts: 55395
Particle (37):: Fit: 7.98827	PB: 7.98827	LB: 9.42723	GB: 10.3434	Conf: 0.696993	Pts: 75295
Particle (39):: Fit: 4.53395	PB: 4.53395	LB: 9.42723	GB: 10.3434	Conf: 0.909291	Pts: 55394
Particle (45):: Fit: 5.92354	PB: 5.92354	LB: 9.85551	GB: 10.3434	Conf: 0.990613	Pts: 50193
Global: 10.3434 - Correct: 92.8571% of 14 tests
Global Best: 
  Inner Net 1
  -- 1 : 1 = 0.0165
  -- 1 : 2 = 0.892
  -- 1 : 3 = 0.3645
  -- 1 : 4 = 0.8768
  -- 1 : 5 = 0.1682
  -- 1 : 6 = 0.2108
  -- 1 : 7 = 0.0428
  -- 1 : 8 = 0.0678
  -- 1 : 9 = 0.1894
  -- 1 : 10 = 0.4863
  -- 2 : 1 = 0.3433
  -- 2 : 2 = 0.585
  -- 2 : 3 = 0.8291
  -- 2 : 4 = 0.3094
  -- 2 : 5 = 0.9383
  -- 2 : 6 = 0.8678
  -- 2 : 7 = 0.5312
  -- 2 : 8 = 0.7823
  -- 2 : 9 = 0.1085
  -- 2 : 10 = 0.2453
  -- 3 : 1 = 0.6649
  -- 3 : 2 = 0.3477
  -- 3 : 3 = 0.2632
  -- 3 : 4 = 0.0218
  -- 3 : 5 = 0.5269
  -- 3 : 6 = 0.6964
  -- 3 : 7 = 0.2437
  -- 3 : 8 = 0.0627
  -- 3 : 9 = 0.1448
  -- 3 : 10 = 0.3246
  -- 4 : 1 = 0.3999
  -- 4 : 2 = 0.3967
  -- 4 : 3 = 0.0681
  -- 4 : 4 = 0.2269
  -- 4 : 5 = 0.135
  -- 4 : 6 = 0.4605
  -- 4 : 7 = 0.6854
  -- 4 : 8 = 0.9754
  -- 4 : 9 = 0.3553
  -- 4 : 10 = 0.1815
  -- 5 : 1 = 0.1911
  -- 5 : 2 = 0.1166
  -- 5 : 3 = 0.6437
  -- 5 : 4 = 0.9071
  -- 5 : 5 = 0.8481
  -- 5 : 6 = 0.4583
  -- 5 : 7 = 0.2998
  -- 5 : 8 = 0.7609
  -- 5 : 9 = 0.7324
  -- 5 : 10 = 0.7948
  -- 6 : 1 = 0.8509
  -- 6 : 2 = 0.2826
  -- 6 : 3 = 0.7751
  -- 6 : 4 = 0.1508
  -- 6 : 5 = 0.2395
  -- 6 : 6 = 0.9135
  -- 6 : 7 = 0.1627
  -- 6 : 8 = 0.4132
  -- 6 : 9 = 0.827
  -- 6 : 10 = 0.9712
  -- 7 : 1 = 0.2061
  -- 7 : 2 = 0.6024
  -- 7 : 3 = 0.1601
  -- 7 : 4 = 0.567
  -- 7 : 5 = 0.6151
  -- 7 : 6 = 0.9909
  -- 7 : 7 = 0.1944
  -- 7 : 8 = 0.2171
  -- 7 : 9 = 0.3497
  -- 7 : 10 = 0.7036
  -- 8 : 1 = 0.3485
  -- 8 : 2 = 0.2625
  -- 8 : 3 = 0.4316
  -- 8 : 4 = 0.2241
  -- 8 : 5 = 0.2708
  -- 8 : 6 = 0.4198
  -- 8 : 7 = 0.8264
  -- 8 : 8 = 0.9036
  -- 8 : 9 = 0.7398
  -- 8 : 10 = 0.8359
  -- 9 : 1 = 0.8407
  -- 9 : 2 = 0.9423
  -- 9 : 3 = 0.5132
  -- 9 : 4 = 0.6483
  -- 9 : 5 = 0.0825
  -- 9 : 6 = 0.6458
  -- 9 : 7 = 0.8442
  -- 9 : 8 = 0.4241
  -- 9 : 9 = 0.0457
  -- 9 : 10 = 0.4604
  -- 10 : 1 = 0.6943
  -- 10 : 2 = 0.8627
  -- 10 : 3 = 0.4288
  -- 10 : 4 = 0.7883
  -- 10 : 5 = 0.0201
  -- 10 : 6 = 0.4125
  -- 10 : 7 = 0.892
  -- 10 : 8 = 0.639
  -- 10 : 9 = 0.059
  -- 10 : 10 = 0.9713
  Inner Net 2
  -- 1 : 1 = 0.1667
  -- 1 : 2 = 0.028
  -- 1 : 3 = 0.22
  -- 1 : 4 = 0.2605
  -- 2 : 1 = 0.8814
  -- 2 : 2 = 0.2703
  -- 2 : 3 = 0.2129
  -- 2 : 4 = 0.0408
  -- 3 : 1 = 0.4464
  -- 3 : 2 = 0.0334
  -- 3 : 3 = 0.6992
  -- 3 : 4 = 0.0984
  -- 4 : 1 = 0.8279
  -- 4 : 2 = 0.4048
  -- 4 : 3 = 0.7586
  -- 4 : 4 = 0.2792
  -- 5 : 1 = 0.5958
  -- 5 : 2 = 0.9023
  -- 5 : 3 = 0.2412
  -- 5 : 4 = 0.7112
  -- 6 : 1 = 0.6919
  -- 6 : 2 = 0.7252
  -- 6 : 3 = 0.896
  -- 6 : 4 = 0.2357
  -- 7 : 1 = 0.6903
  -- 7 : 2 = 0.3455
  -- 7 : 3 = 0.8559
  -- 7 : 4 = 0.0619
  -- 8 : 1 = 0.6082
  -- 8 : 2 = 0.9688
  -- 8 : 3 = 0.9854
  -- 8 : 4 = 0.0488
  -- 9 : 1 = 0.1485
  -- 9 : 2 = 0.1783
  -- 9 : 3 = 0.5467
  -- 9 : 4 = 0.0946
  -- 10 : 1 = 0.1555
  -- 10 : 2 = 0.3986
  -- 10 : 3 = 0.029
  -- 10 : 4 = 0.5724
  Inner Net 3
  -- 1 : 1 = -0.342797
  -- 1 : 2 = -0.418808
  -- 2 : 1 = 0.159434
  -- 2 : 2 = -0.151789
  -- 3 : 1 = 0.0893805
  -- 3 : 2 = -0.214329
  -- 4 : 1 = -0.0597775
  -- 4 : 2 = -0.260146
Out\Act	False		True
False	0	0.84198	0.84198
True	0	0.15802	0.15802
	0	1
	Accuracy [ (tp + tn) / testSize ]: 0.15802
	Precision [ tp / (tp + fp) ]:      0.157945
	Sensitivity [ tp / (tp + fn) ]:    0.996997
	Specificity [ tn / (tn + fp) ]:    0
	F-Score [ 2tp / (2tp + fp + fn) ]: 0.272802
Particle (0):: Fit: 6.96071	PB: 6.96071	LB: 9.85551	GB: 10.3434	Conf: 0.928503	Pts: 110294
Particle (6):: Fit: 3.90654	PB: 3.90654	LB: 8.92834	GB: 10.3434	Conf: 0.998437	Pts: 55194
Particle (17):: Fit: 6.03845	PB: 6.03845	LB: 8.93971	GB: 10.3434	Conf: 0.18849	Pts: 60294
Particle (22):: Fit: 7.98822	PB: 7.98822	LB: 8.88002	GB: 10.3434	Conf: 0.709206	Pts: 60294
Particle (28):: Fit: 5.13831	PB: 5.13831	LB: 10.3434	GB: 10.3434	Conf: 0.629297	Pts: 55394
Particle (45):: Fit: 6.98067	PB: 6.98067	LB: 9.85551	GB: 10.3434	Conf: 0.311811	Pts: 50292
Particle (48):: Fit: 7.98731	PB: 7.98731	LB: 9.85551	GB: 10.3434	Conf: 0.736649	Pts: 55294
Particle (6):: Fit: 6.93396	PB: 6.93396	LB: 8.92834	GB: 10.3434	Conf: 0.226201	Pts: 55293
Particle (10):: Fit: 7.03154	PB: 7.03154	LB: 8.93971	GB: 10.3434	Conf: 0.484598	Pts: 55493
Particle (18):: Fit: 9.77884	PB: 9.77884	LB: 9.77884	GB: 10.3434	Conf: 0.530174	Pts: 135292
Particle (31):: Fit: 8.31566	PB: 8.31566	LB: 10.3434	GB: 10.3434	Conf: 0.0417909	Pts: 100193
Particle (4):: Fit: 7.00408	PB: 7.00408	LB: 8.92834	GB: 10.3434	Conf: 0.371243	Pts: 55391
Particle (12):: Fit: 8.94361	PB: 8.94361	LB: 8.94361	GB: 10.3434	Conf: 0.729559	Pts: 95492
Particle (16):: Fit: 7.93427	PB: 7.93427	LB: 9.77884	GB: 10.3434	Conf: 0.438113	Pts: 55291
Particle (25):: Fit: 7.83048	PB: 7.83048	LB: 10.3434	GB: 10.3434	Conf: 0.275144	Pts: 55392
Particle (28):: Fit: 5.14006	PB: 5.14006	LB: 10.3434	GB: 10.3434	Conf: 0.622209	Pts: 55492
Particle (38):: Fit: 7.01119	PB: 7.01119	LB: 9.42723	GB: 10.3434	Conf: 0.806351	Pts: 80292
Particle (39):: Fit: 7.0208	PB: 7.0208	LB: 9.42723	GB: 10.3434	Conf: 0.770409	Pts: 55491
Particle (45):: Fit: 7.0369	PB: 7.0369	LB: 9.85551	GB: 10.3434	Conf: 0.672225	Pts: 50390
Particle (49):: Fit: 6.00307	PB: 6.00307	LB: 9.85551	GB: 10.3434	Conf: 0.880231	Pts: 50292
Particle (4):: Fit: 9.46746	PB: 9.46746	LB: 9.46746	GB: 10.3434	Conf: 0.270097	Pts: 90490
Particle (5):: Fit: 7.03469	PB: 7.03469	LB: 9.46746	GB: 10.3434	Conf: 0.507378	Pts: 65491
Particle (8):: Fit: 6.9462	PB: 6.9462	LB: 9.46746	GB: 10.3434	Conf: 0.954052	Pts: 55391
Particle (34):: Fit: 8.9203	PB: 8.9203	LB: 10.3434	GB: 10.3434	Conf: 0.981525	Pts: 55491
Particle (35):: Fit: 7.92906	PB: 7.92906	LB: 9.42723	GB: 10.3434	Conf: 0.973277	Pts: 55291
Particle (45):: Fit: 7.51466	PB: 7.51466	LB: 9.85551	GB: 10.3434	Conf: 0.0129565	Pts: 50489
Particle (49):: Fit: 8.93077	PB: 8.93077	LB: 9.85551	GB: 10.3434	Conf: 0.656212	Pts: 50391
Particle (8):: Fit: 7.98821	PB: 7.98821	LB: 9.46746	GB: 10.3434	Conf: 0.709687	Pts: 55489
Particle (19):: Fit: 7.98606	PB: 7.98606	LB: 9.77884	GB: 10.3434	Conf: 0.644475	Pts: 55288
Particle (28):: Fit: 9.92034	PB: 9.92034	LB: 10.3434	GB: 10.3434	Conf: 0.887883	Pts: 65589
Particle (39):: Fit: 7.98642	PB: 7.98642	LB: 9.42723	GB: 10.3434	Conf: 0.649228	Pts: 55588
Particle (0):: Fit: 8.75823	PB: 8.75823	LB: 9.85551	GB: 10.3434	Conf: 0.358284	Pts: 110388
Particle (44):: Fit: 8.94531	PB: 8.94531	LB: 9.85551	GB: 10.3434	Conf: 0.746884	Pts: 50288
Particle (1):: Fit: 6.9193	PB: 6.9193	LB: 9.85551	GB: 10.3434	Conf: 0.995683	Pts: 110287
Particle (19):: Fit: 8.42651	PB: 8.42651	LB: 9.77884	GB: 10.3434	Conf: 0.10536	Pts: 55386
Particle (38):: Fit: 7.86437	PB: 7.86437	LB: 9.42723	GB: 10.3434	Conf: 0.318293	Pts: 80387
Particle (1):: Fit: 7.72142	PB: 7.72142	LB: 9.85551	GB: 10.3434	Conf: 0.165199	Pts: 110386
Particle (6):: Fit: 8.93328	PB: 8.93328	LB: 9.46746	GB: 10.3434	Conf: 0.66707	Pts: 55386
Particle (7):: Fit: 7.03815	PB: 7.03815	LB: 9.46746	GB: 10.3434	Conf: 0.542533	Pts: 110185
Particle (43):: Fit: 8.91547	PB: 8.91547	LB: 9.85551	GB: 10.3434	Conf: 0.996138	Pts: 60286
Particle (26):: Fit: 8.94506	PB: 8.94506	LB: 10.3434	GB: 10.3434	Conf: 0.74404	Pts: 75385
Particle (46):: Fit: 7.9806	PB: 7.9806	LB: 9.85551	GB: 10.3434	Conf: 0.597364	Pts: 75185
Particle (11):: Fit: 6.96478	PB: 6.96478	LB: 8.94361	GB: 10.3434	Conf: 0.279176	Pts: 60384
Particle (31):: Fit: 10.1031	PB: 10.1031	LB: 10.3434	GB: 10.3434	Conf: 0.659771	Pts: 105284
Particle (5):: Fit: 7.88077	PB: 7.88077	LB: 9.46746	GB: 10.3434	Conf: 0.341729	Pts: 65583
Particle (36):: Fit: 7.98818	PB: 7.98818	LB: 9.42723	GB: 10.3434	Conf: 0.711655	Pts: 55283
Particle (25):: Fit: 7.98818	PB: 7.98818	LB: 10.3434	GB: 10.3434	Conf: 0.688298	Pts: 55481
Particle (38):: Fit: 8.26658	PB: 8.26658	LB: 9.42723	GB: 10.3434	Conf: 0.015458	Pts: 80482
Particle (33):: Fit: 8.93777	PB: 8.93777	LB: 10.3434	GB: 10.3434	Conf: 0.91049	Pts: 55379
Particle (5):: Fit: 7.94091	PB: 7.94091	LB: 9.46746	GB: 10.3434	Conf: 0.94641	Pts: 65679
Particle (7):: Fit: 7.97994	PB: 7.97994	LB: 9.46746	GB: 10.3434	Conf: 0.593104	Pts: 110278
Particle (42):: Fit: 7.98508	PB: 7.98508	LB: 9.85551	GB: 10.3434	Conf: 0.766572	Pts: 50278
Particle (17):: Fit: 7.94788	PB: 7.94788	LB: 9.77884	GB: 10.3434	Conf: 0.471257	Pts: 60378
Particle (19):: Fit: 8.90128	PB: 8.90128	LB: 9.77884	GB: 10.3434	Conf: 0.567004	Pts: 55477
Particle (32):: Fit: 8.92366	PB: 8.92366	LB: 10.3434	GB: 10.3434	Conf: 0.629535	Pts: 100378
Particle (2):: Fit: 9.5725	PB: 9.5725	LB: 9.5725	GB: 10.3434	Conf: 0.342668	Pts: 90277
Particle (1):: Fit: 8.93006	PB: 8.93006	LB: 9.85551	GB: 10.3434	Conf: 0.946694	Pts: 110476
Particle (37):: Fit: 8.44682	PB: 8.44682	LB: 9.42723	GB: 10.3434	Conf: 0.117736	Pts: 75376
Particle (7):: Fit: 7.98616	PB: 7.98616	LB: 9.46746	GB: 10.3434	Conf: 0.754196	Pts: 110374
Particle (34):: Fit: 9.92043	PB: 9.92043	LB: 10.3434	GB: 10.3434	Conf: 0.906699	Pts: 70574
Particle (41):: Fit: 7.96223	PB: 7.96223	LB: 9.42723	GB: 10.3434	Conf: 0.885835	Pts: 55173
Particle (48):: Fit: 8.94712	PB: 8.94712	LB: 9.85551	GB: 10.3434	Conf: 0.822627	Pts: 55374
Particle (3):: Fit: 7.98718	PB: 7.98718	LB: 9.5725	GB: 10.3434	Conf: 0.73903	Pts: 65272
Particle (12):: Fit: 9.89309	PB: 9.89309	LB: 9.89309	GB: 10.3434	Conf: 0.725916	Pts: 145573
Particle (17):: Fit: 7.98786	PB: 7.98786	LB: 9.77884	GB: 10.3434	Conf: 0.675949	Pts: 60472
Particle (22):: Fit: 8.94363	PB: 8.94363	LB: 9.77884	GB: 10.3434	Conf: 0.729728	Pts: 60371
Particle (37):: Fit: 8.74065	PB: 8.74065	LB: 9.92043	GB: 10.3434	Conf: 0.340468	Pts: 75472
Particle (6):: Fit: 9.9166	PB: 9.9166	LB: 9.9166	GB: 10.3434	Conf: 0.832467	Pts: 105470
Particle (15):: Fit: 7.97313	PB: 7.97313	LB: 9.89309	GB: 10.3434	Conf: 0.843131	Pts: 55370
Particle (43):: Fit: 8.9177	PB: 8.9177	LB: 9.85551	GB: 10.3434	Conf: 0.989545	Pts: 60369
Particle (41):: Fit: 7.97442	PB: 7.97442	LB: 9.42723	GB: 10.3434	Conf: 0.837058	Pts: 55268
Particle (10):: Fit: 7.97834	PB: 7.97834	LB: 9.9166	GB: 10.3434	Conf: 0.816517	Pts: 55567
Particle (11):: Fit: 7.01709	PB: 7.01709	LB: 9.89309	GB: 10.3434	Conf: 0.785272	Pts: 60465
Particle (45):: Fit: 8.30552	PB: 8.30552	LB: 9.85551	GB: 10.3434	Conf: 0.0362691	Pts: 50564
Particle (0):: Fit: 8.94262	PB: 8.94262	LB: 9.85551	GB: 10.3434	Conf: 0.878731	Pts: 110465
Particle (5):: Fit: 8.93414	PB: 8.93414	LB: 9.9166	GB: 10.3434	Conf: 0.928935	Pts: 65765
Particle (20):: Fit: 8.56014	PB: 8.56014	LB: 9.77884	GB: 10.3434	Conf: 0.192118	Pts: 60264
Particle (39):: Fit: 7.98817	PB: 7.98817	LB: 9.42723	GB: 10.3434	Conf: 0.712063	Pts: 55663
Particle (44):: Fit: 9.81521	PB: 9.81521	LB: 9.85551	GB: 10.3434	Conf: 0.57666	Pts: 65364
Particle (17):: Fit: 7.98826	PB: 7.98826	LB: 9.77884	GB: 10.3434	Conf: 0.704943	Pts: 60562
Particle (29):: Fit: 7.97405	PB: 7.97405	LB: 10.3434	GB: 10.3434	Conf: 0.561189	Pts: 70261
Particle (41):: Fit: 9.00925	PB: 9.00925	LB: 9.81521	GB: 10.3434	Conf: 0.0238159	Pts: 55361
Particle (11):: Fit: 7.0327	PB: 7.0327	LB: 9.89309	GB: 10.3434	Conf: 0.707643	Pts: 60560
Particle (17):: Fit: 8.94733	PB: 8.94733	LB: 9.77884	GB: 10.3434	Conf: 0.815648	Pts: 60660
Particle (18):: Fit: 9.91336	PB: 9.91336	LB: 9.91336	GB: 10.3434	Conf: 0.808949	Pts: 185358
Particle (29):: Fit: 7.98432	PB: 7.98432	LB: 10.3434	GB: 10.3434	Conf: 0.773976	Pts: 70357
Particle (11):: Fit: 7.6786	PB: 7.6786	LB: 9.89309	GB: 10.3434	Conf: 0.129347	Pts: 60653
Particle (8):: Fit: 8.94475	PB: 8.94475	LB: 9.9166	GB: 10.3434	Conf: 0.859406	Pts: 55552
Particle (10):: Fit: 7.9875	PB: 7.9875	LB: 9.9166	GB: 10.3434	Conf: 0.732886	Pts: 55653
Particle (16):: Fit: 7.95468	PB: 7.95468	LB: 9.91336	GB: 10.3434	Conf: 0.490276	Pts: 55351
Particle (3):: Fit: 9.91033	PB: 9.91033	LB: 9.9166	GB: 10.3434	Conf: 0.791729	Pts: 80349
Particle (43):: Fit: 8.9443	PB: 8.9443	LB: 9.85551	GB: 10.3434	Conf: 0.863991	Pts: 60449
Particle (10):: Fit: 8.68752	PB: 8.68752	LB: 9.9166	GB: 10.3434	Conf: 0.291257	Pts: 55748
Particle (11):: Fit: 8.93201	PB: 8.93201	LB: 9.89309	GB: 10.3434	Conf: 0.938522	Pts: 60748
Particle (29):: Fit: 8.92505	PB: 8.92505	LB: 10.3434	GB: 10.3434	Conf: 0.634356	Pts: 70448
Particle (39):: Fit: 8.94387	PB: 8.94387	LB: 9.81521	GB: 10.3434	Conf: 0.868068	Pts: 55747
Particle (42):: Fit: 7.98825	PB: 7.98825	LB: 9.85551	GB: 10.3434	Conf: 0.693387	Pts: 50348
Particle (38):: Fit: 9.91955	PB: 9.91955	LB: 9.92043	GB: 10.3434	Conf: 0.866973	Pts: 100545
Particle (37):: Fit: 8.94104	PB: 8.94104	LB: 9.92043	GB: 10.3434	Conf: 0.7096	Pts: 75544
Particle (35):: Fit: 7.97786	PB: 7.97786	LB: 10.1031	GB: 10.3434	Conf: 0.819204	Pts: 55343
Particle (25):: Fit: 8.32543	PB: 8.32543	LB: 10.3434	GB: 10.3434	Conf: 0.0471535	Pts: 55541
Particle (19):: Fit: 8.94708	PB: 8.94708	LB: 9.91336	GB: 10.3434	Conf: 0.776206	Pts: 55539
Particle (49):: Fit: 8.93465	PB: 8.93465	LB: 9.91033	GB: 10.3434	Conf: 0.926546	Pts: 50440
Particle (38):: Fit: 10.2437	PB: 10.2437	LB: 10.2437	GB: 10.3434	Conf: 0.771132	Pts: 140638
Particle (15):: Fit: 7.98798	PB: 7.98798	LB: 9.91336	GB: 10.3434	Conf: 0.679769	Pts: 55435
Particle (49):: Fit: 8.93984	PB: 8.93984	LB: 9.91033	GB: 10.3434	Conf: 0.701677	Pts: 50535
Particle (16):: Fit: 8.64254	PB: 8.64254	LB: 9.91336	GB: 10.3434	Conf: 0.253759	Pts: 55432
Particle (14):: Fit: 8.94493	PB: 8.94493	LB: 9.91336	GB: 10.3434	Conf: 0.857432	Pts: 110132
Particle (23):: Fit: 9.78646	PB: 9.78646	LB: 9.92034	GB: 10.3434	Conf: 0.539321	Pts: 100232
Particle (45):: Fit: 8.93715	PB: 8.93715	LB: 9.85551	GB: 10.3434	Conf: 0.686086	Pts: 50627
Particle (1):: Fit: 8.94064	PB: 8.94064	LB: 9.9166	GB: 10.3434	Conf: 0.706897	Pts: 110529
Particle (13):: Fit: 8.93653	PB: 8.93653	LB: 9.91336	GB: 10.3434	Conf: 0.917152	Pts: 55329
Particle (41):: Fit: 9.30946	PB: 9.30946	LB: 10.2437	GB: 10.3434	Conf: 0.068655	Pts: 55428
Particle (44):: Fit: 9.91248	PB: 9.91248	LB: 9.91248	GB: 10.3434	Conf: 0.540466	Pts: 95429
Particle (5):: Fit: 9.54832	PB: 9.54832	LB: 9.9166	GB: 10.3434	Conf: 0.325089	Pts: 65827
Particle (25):: Fit: 8.8549	PB: 8.8549	LB: 10.3434	GB: 10.3434	Conf: 0.479435	Pts: 55627
Particle (32):: Fit: 8.9475	PB: 8.9475	LB: 10.3434	GB: 10.3434	Conf: 0.794318	Pts: 100428
Particle (35):: Fit: 9.7919	PB: 9.7919	LB: 10.2437	GB: 10.3434	Conf: 0.54603	Pts: 55423
Particle (39):: Fit: 8.94577	PB: 8.94577	LB: 10.2437	GB: 10.3434	Conf: 0.752725	Pts: 55821
Particle (12):: Fit: 9.9194	PB: 9.9194	LB: 9.9194	GB: 10.3434	Conf: 0.935715	Pts: 195623
Particle (25):: Fit: 9.47248	PB: 9.47248	LB: 10.3434	GB: 10.3434	Conf: 0.149947	Pts: 55722
Particle (36):: Fit: 8.74477	PB: 8.74477	LB: 10.2437	GB: 10.3434	Conf: 0.344565	Pts: 55315
Particle (46):: Fit: 8.94248	PB: 8.94248	LB: 9.91248	GB: 10.3434	Conf: 0.879896	Pts: 75216
Particle (8):: Fit: 9.53112	PB: 9.53112	LB: 9.9194	GB: 10.3434	Conf: 0.312921	Pts: 55614
Particle (18):: Fit: 9.91815	PB: 9.91815	LB: 9.91815	GB: 10.3434	Conf: 0.952372	Pts: 215412
Particle (33):: Fit: 8.94732	PB: 8.94732	LB: 10.3434	GB: 10.3434	Conf: 0.783864	Pts: 55410
Particle (0):: Fit: 8.94292	PB: 8.94292	LB: 9.91033	GB: 10.3434	Conf: 0.723643	Pts: 110513
Particle (7):: Fit: 8.71921	PB: 8.71921	LB: 9.9194	GB: 10.3434	Conf: 0.319853	Pts: 110406
Particle (16):: Fit: 8.96062	PB: 8.96062	LB: 9.9194	GB: 10.3434	Conf: 0.00174888	Pts: 55504
Particle (46):: Fit: 9.83138	PB: 9.83138	LB: 9.91248	GB: 10.3434	Conf: 0.600203	Pts: 75301
Particle (40):: Fit: 9.91103	PB: 9.91103	LB: 10.2437	GB: 10.3434	Conf: 0.795439	Pts: 110097
Particle (42):: Fit: 8.6284	PB: 8.6284	LB: 10.2437	GB: 10.3434	Conf: 0.242598	Pts: 50399
Particle (4):: Fit: 9.92043	PB: 9.92043	LB: 9.92043	GB: 10.3434	Conf: 0.90654	Pts: 140494
Particle (24):: Fit: 8.9461	PB: 8.9461	LB: 9.92034	GB: 10.3434	Conf: 0.842534	Pts: 65193
Particle (42):: Fit: 9.84058	PB: 9.84058	LB: 10.2437	GB: 10.3434	Conf: 0.614685	Pts: 50485
Particle (9):: Fit: 9.85367	PB: 9.85367	LB: 9.9194	GB: 10.3434	Conf: 0.279166	Pts: 110081
Particle (29):: Fit: 8.93019	PB: 8.93019	LB: 10.3434	GB: 10.3434	Conf: 0.946178	Pts: 70480
Particle (19):: Fit: 9.85073	PB: 9.85073	LB: 9.91815	GB: 10.3434	Conf: 0.631794	Pts: 55572
Particle (48):: Fit: 9.91838	PB: 9.91838	LB: 9.91838	GB: 10.3434	Conf: 0.949817	Pts: 85375
Particle (3):: Fit: 9.91795	PB: 9.91795	LB: 9.92043	GB: 10.3434	Conf: 0.954592	Pts: 80370
Particle (29):: Fit: 10.0536	PB: 10.0536	LB: 10.3434	GB: 10.3434	Conf: 0.946178	Pts: 75566
Particle (33):: Fit: 9.89669	PB: 9.89669	LB: 10.3434	GB: 10.3434	Conf: 0.737097	Pts: 55451
Particle (25):: Fit: 9.85206	PB: 9.85206	LB: 10.3434	GB: 10.3434	Conf: 0.634135	Pts: 55736
Particle (5):: Fit: 9.91795	PB: 9.91795	LB: 9.92043	GB: 10.3434	Conf: 0.845406	Pts: 65818
Particle (39):: Fit: 9.04369	PB: 9.04369	LB: 10.2437	GB: 10.3434	Conf: 0.0397954	Pts: 55813
Particle (11):: Fit: 9.1564	PB: 9.1564	LB: 9.9194	GB: 10.3434	Conf: 0.0943615	Pts: 60711
Particle (26):: Fit: 9.52027	PB: 9.52027	LB: 10.3434	GB: 10.3434	Conf: 0.305393	Pts: 75302
Particle (22):: Fit: 9.85974	PB: 9.85974	LB: 9.91815	GB: 10.3434	Conf: 0.648205	Pts: 60299
Particle (17):: Fit: 9.31351	PB: 9.31351	LB: 9.91815	GB: 10.3434	Conf: 0.177515	Pts: 60599
Particle (30):: Fit: 10.3569	PB: 10.3569	LB: 10.3569	GB: 10.3569	Conf: 0.940417	Pts: 200196
Global: 10.3569 - Correct: 92.8571% of 14 tests
Global Best: 
  Inner Net 1
  -- 1 : 1 = 0.0165
  -- 1 : 2 = 0.503643
  -- 1 : 3 = 0.32112
  -- 1 : 4 = 0.3768
  -- 1 : 5 = -0.0598007
  -- 1 : 6 = -0.15873
  -- 1 : 7 = 0.0352502
  -- 1 : 8 = -0.0481429
  -- 1 : 9 = -0.0749934
  -- 1 : 10 = 0.222646
  -- 2 : 1 = 0.3433
  -- 2 : 2 = 0.085
  -- 2 : 3 = 0.3291
  -- 2 : 4 = -0.1906
  -- 2 : 5 = 0.4383
  -- 2 : 6 = 0.3678
  -- 2 : 7 = 0.0312
  -- 2 : 8 = 0.2823
  -- 2 : 9 = -0.11505
  -- 2 : 10 = -0.0155444
  -- 3 : 1 = 0.6649
  -- 3 : 2 = -0.1523
  -- 3 : 3 = 0.0652098
  -- 3 : 4 = 0.00700565
  -- 3 : 5 = 0.227956
  -- 3 : 6 = 0.1964
  -- 3 : 7 = -0.0586133
  -- 3 : 8 = -0.058945
  -- 3 : 9 = -0.0371747
  -- 3 : 10 = 0.210407
  -- 4 : 1 = 0.3999
  -- 4 : 2 = 0.22072
  -- 4 : 3 = -0.0763061
  -- 4 : 4 = -0.0675367
  -- 4 : 5 = -0.140759
  -- 4 : 6 = -0.0395
  -- 4 : 7 = 0.408881
  -- 4 : 8 = 0.4754
  -- 4 : 9 = 0.115686
  -- 4 : 10 = -0.00335031
  -- 5 : 1 = 0.1911
  -- 5 : 2 = -0.113719
  -- 5 : 3 = 0.23898
  -- 5 : 4 = 0.669462
  -- 5 : 5 = 0.3481
  -- 5 : 6 = -0.0417
  -- 5 : 7 = -0.2002
  -- 5 : 8 = 0.2609
  -- 5 : 9 = 0.2324
  -- 5 : 10 = 0.2948
  -- 6 : 1 = 0.8509
  -- 6 : 2 = -0.057675
  -- 6 : 3 = 0.659068
  -- 6 : 4 = -0.0577532
  -- 6 : 5 = -0.171377
  -- 6 : 6 = 0.4135
  -- 6 : 7 = 0.154013
  -- 6 : 8 = -0.0868
  -- 6 : 9 = 0.584348
  -- 6 : 10 = 0.4712
  -- 7 : 1 = 0.2061
  -- 7 : 2 = 0.1024
  -- 7 : 3 = -0.0658286
  -- 7 : 4 = 0.067
  -- 7 : 5 = 0.374156
  -- 7 : 6 = 0.899672
  -- 7 : 7 = -0.102583
  -- 7 : 8 = -0.085853
  -- 7 : 9 = -0.1503
  -- 7 : 10 = 0.333895
  -- 8 : 1 = 0.3485
  -- 8 : 2 = 0.0895965
  -- 8 : 3 = -0.0684
  -- 8 : 4 = -0.0548497
  -- 8 : 5 = -0.2292
  -- 8 : 6 = 0.0435736
  -- 8 : 7 = 0.3264
  -- 8 : 8 = 0.454282
  -- 8 : 9 = 0.2398
  -- 8 : 10 = 0.3359
  -- 9 : 1 = 0.8407
  -- 9 : 2 = 0.702964
  -- 9 : 3 = 0.0132
  -- 9 : 4 = 0.394675
  -- 9 : 5 = 0.0493602
  -- 9 : 6 = 0.1458
  -- 9 : 7 = 0.3442
  -- 9 : 8 = -0.0759
  -- 9 : 9 = 0.0240587
  -- 9 : 10 = 0.453278
  -- 10 : 1 = 0.6943
  -- 10 : 2 = 0.3627
  -- 10 : 3 = -0.00855713
  -- 10 : 4 = 0.2883
  -- 10 : 5 = -0.00414728
  -- 10 : 6 = -0.0875
  -- 10 : 7 = 0.392
  -- 10 : 8 = 0.439712
  -- 10 : 9 = 0.0451627
  -- 10 : 10 = 0.4713
  Inner Net 2
  -- 1 : 1 = 0.1667
  -- 1 : 2 = -0.127433
  -- 1 : 3 = -0.253114
  -- 1 : 4 = 0.160935
  -- 2 : 1 = 0.8814
  -- 2 : 2 = 0.103434
  -- 2 : 3 = 0.0122173
  -- 2 : 4 = 0.077486
  -- 3 : 1 = 0.4464
  -- 3 : 2 = -0.00749214
  -- 3 : 3 = -0.127175
  -- 3 : 4 = -0.181728
  -- 4 : 1 = 0.8279
  -- 4 : 2 = 0.397697
  -- 4 : 3 = 0.831914
  -- 4 : 4 = -0.117942
  -- 5 : 1 = 0.5958
  -- 5 : 2 = 0.405575
  -- 5 : 3 = 0.3004
  -- 5 : 4 = 0.650266
  -- 6 : 1 = 0.6919
  -- 6 : 2 = 0.474764
  -- 6 : 3 = 0.673887
  -- 6 : 4 = 0.0485888
  -- 7 : 1 = 0.6903
  -- 7 : 2 = 0.0865656
  -- 7 : 3 = 0.221591
  -- 7 : 4 = -0.274044
  -- 8 : 1 = 0.6082
  -- 8 : 2 = 0.358888
  -- 8 : 3 = 0
  -- 8 : 4 = 0.160266
  -- 9 : 1 = 0.1485
  -- 9 : 2 = 0.330869
  -- 9 : 3 = 0.900734
  -- 9 : 4 = 0.0964943
  -- 10 : 1 = 0.1555
  -- 10 : 2 = 0.0723103
  -- 10 : 3 = -0.00979819
  -- 10 : 4 = 0.301496
  Inner Net 3
  -- 1 : 1 = -0.373903
  -- 1 : 2 = -0.41458
  -- 2 : 1 = 0.277376
  -- 2 : 2 = -0.0827799
  -- 3 : 1 = -0.0064887
  -- 3 : 2 = -0.313358
  -- 4 : 1 = 0.136724
  -- 4 : 2 = 0.0560812
Out\Act	False		True
False	0	0.84198	0.84198
True	0	0.15802	0.15802
	0	1
	Accuracy [ (tp + tn) / testSize ]: 0.15802
	Precision [ tp / (tp + fp) ]:      0.157945
	Sensitivity [ tp / (tp + fn) ]:    0.996997
	Specificity [ tn / (tn + fp) ]:    0
	F-Score [ 2tp / (2tp + fp + fn) ]: 0.272802
Particle (36):: Fit: 11.4814	PB: 11.4814	LB: 11.4814	GB: 11.4814	Conf: 0.00674144	Pts: 115291
Global: 11.4814 - Correct: 20% of 10 tests
Global Best: 
  Inner Net 1
  -- 1 : 1 = -0.123849
  -- 1 : 2 = -0.043549
  -- 1 : 3 = 0.321603
  -- 1 : 4 = -0.0990022
  -- 1 : 5 = -0.0299289
  -- 1 : 6 = 0.575989
  -- 1 : 7 = 0.258749
  -- 1 : 8 = -0.202055
  -- 1 : 9 = 0.760971
  -- 1 : 10 = 0.151386
  -- 2 : 1 = 0.874207
  -- 2 : 2 = 0.286389
  -- 2 : 3 = 0.312658
  -- 2 : 4 = -0.2199
  -- 2 : 5 = 0.462487
  -- 2 : 6 = 0.435065
  -- 2 : 7 = 0.623799
  -- 2 : 8 = 0.0734
  -- 2 : 9 = 0.731716
  -- 2 : 10 = 0.368215
  -- 3 : 1 = 0.662543
  -- 3 : 2 = -0.0569301
  -- 3 : 3 = -0.0699162
  -- 3 : 4 = 0.510547
  -- 3 : 5 = -0.0052967
  -- 3 : 6 = 0.101626
  -- 3 : 7 = 0.3078
  -- 3 : 8 = 0.090642
  -- 3 : 9 = 0.297998
  -- 3 : 10 = 0.671512
  -- 4 : 1 = 0.0651223
  -- 4 : 2 = 0.897515
  -- 4 : 3 = -0.277018
  -- 4 : 4 = 0.52914
  -- 4 : 5 = -0.033795
  -- 4 : 6 = 0.979093
  -- 4 : 7 = -0.046461
  -- 4 : 8 = -0.00206325
  -- 4 : 9 = 0.584256
  -- 4 : 10 = 0.602337
  -- 5 : 1 = 0.365517
  -- 5 : 2 = 0.179505
  -- 5 : 3 = 0.00463207
  -- 5 : 4 = -1
  -- 5 : 5 = 0.21584
  -- 5 : 6 = -0.185937
  -- 5 : 7 = -0.238661
  -- 5 : 8 = 0.129671
  -- 5 : 9 = 0.258338
  -- 5 : 10 = 0.799945
  -- 6 : 1 = 0.391471
  -- 6 : 2 = 0.419042
  -- 6 : 3 = 0.863262
  -- 6 : 4 = -0.0991464
  -- 6 : 5 = 0.623642
  -- 6 : 6 = 0.133551
  -- 6 : 7 = 0.360827
  -- 6 : 8 = 0.140396
  -- 6 : 9 = 0
  -- 6 : 10 = 0.480688
  -- 7 : 1 = 0.756135
  -- 7 : 2 = -0.235552
  -- 7 : 3 = 0.0966708
  -- 7 : 4 = 0.395413
  -- 7 : 5 = 0.356397
  -- 7 : 6 = 0.378527
  -- 7 : 7 = 0.482093
  -- 7 : 8 = 0.603701
  -- 7 : 9 = 0.336473
  -- 7 : 10 = -0.0305291
  -- 8 : 1 = 0.289485
  -- 8 : 2 = 0.0354592
  -- 8 : 3 = -0.0192991
  -- 8 : 4 = 0.49772
  -- 8 : 5 = 0.165924
  -- 8 : 6 = 0.4309
  -- 8 : 7 = 0.0924224
  -- 8 : 8 = 0.157758
  -- 8 : 9 = 0.10334
  -- 8 : 10 = 0.0555151
  -- 9 : 1 = 0.598939
  -- 9 : 2 = 0.38782
  -- 9 : 3 = 0.10691
  -- 9 : 4 = 0.0601956
  -- 9 : 5 = 0.4244
  -- 9 : 6 = 0.194675
  -- 9 : 7 = 0.470177
  -- 9 : 8 = 0.306885
  -- 9 : 9 = 0.0679077
  -- 9 : 10 = 0.104747
  -- 10 : 1 = 0.190643
  -- 10 : 2 = 0.136555
  -- 10 : 3 = 0.597789
  -- 10 : 4 = -0.149689
  -- 10 : 5 = -0.112299
  -- 10 : 6 = 0.207729
  -- 10 : 7 = 0.0431263
  -- 10 : 8 = 0.142699
  -- 10 : 9 = -0.0189543
  -- 10 : 10 = 0.00420399
  Inner Net 2
  -- 1 : 1 = 0.232286
  -- 1 : 2 = 0.0626156
  -- 1 : 3 = 0.819421
  -- 1 : 4 = 0.268713
  -- 2 : 1 = 0.29781
  -- 2 : 2 = 0.183638
  -- 2 : 3 = 0.206284
  -- 2 : 4 = 0.0803905
  -- 3 : 1 = 0.282332
  -- 3 : 2 = 0.0962421
  -- 3 : 3 = 0.412301
  -- 3 : 4 = -0.199281
  -- 4 : 1 = 0.870053
  -- 4 : 2 = 0.455941
  -- 4 : 3 = 0.802729
  -- 4 : 4 = 0.0479787
  -- 5 : 1 = -0.0141313
  -- 5 : 2 = -0.257411
  -- 5 : 3 = 0.062811
  -- 5 : 4 = 0.38925
  -- 6 : 1 = 0.5
  -- 6 : 2 = 0.811447
  -- 6 : 3 = -1
  -- 6 : 4 = 0.0195118
  -- 7 : 1 = 0.666352
  -- 7 : 2 = 0.454149
  -- 7 : 3 = -0.00472934
  -- 7 : 4 = 0.0543741
  -- 8 : 1 = 0.287462
  -- 8 : 2 = 0.550982
  -- 8 : 3 = 0.5
  -- 8 : 4 = 0.263542
  -- 9 : 1 = 0.169477
  -- 9 : 2 = 0.0679425
  -- 9 : 3 = 0.086923
  -- 9 : 4 = -0.0998809
  -- 10 : 1 = 0.502653
  -- 10 : 2 = -0.0460886
  -- 10 : 3 = 0.659509
  -- 10 : 4 = -0.0596203
  Inner Net 3
  -- 1 : 1 = -0.653226
  -- 1 : 2 = -0.139928
  -- 2 : 1 = 0.617447
  -- 2 : 2 = 0.0269602
  -- 3 : 1 = 0.543336
  -- 3 : 2 = -0.338061
  -- 4 : 1 = -0.170422
  -- 4 : 2 = 0.111673
Out\Act	False		True
False	0.0680628	0.773917	0.84198
True	0.0142789	0.143741	0.15802
	0.0823417	0.917658
	Accuracy [ (tp + tn) / testSize ]: 0.211804
	Precision [ tp / (tp + fp) ]:      0.156558
	Sensitivity [ tp / (tp + fn) ]:    0.906907
	Specificity [ tn / (tn + fp) ]:    0.080791
	F-Score [ 2tp / (2tp + fp + fn) ]: 0.267138
Particle (11):: Fit: 9.44352	PB: 9.44352	LB: 9.9194	GB: 11.4814	Conf: 0.0943615	Pts: 60789
Particle (36):: Fit: 21.6325	PB: 21.6325	LB: 21.6325	GB: 21.6325	Conf: 0.00685739	Pts: 175388
Global: 21.6325 - Correct: 50% of 10 tests
Global Best: 
  Inner Net 1
  -- 1 : 1 = 0.321875
  -- 1 : 2 = 0.238835
  -- 1 : 3 = 0.202474
  -- 1 : 4 = 0.117498
  -- 1 : 5 = -0.0689576
  -- 1 : 6 = 0.0759888
  -- 1 : 7 = 0.270087
  -- 1 : 8 = -0.398799
  -- 1 : 9 = 0.260971
  -- 1 : 10 = -0.0621337
  -- 2 : 1 = 0
  -- 2 : 2 = 0.490961
  -- 2 : 3 = 0.294534
  -- 2 : 4 = 0.217346
  -- 2 : 5 = -0.152259
  -- 2 : 6 = 0.643407
  -- 2 : 7 = 0.571497
  -- 2 : 8 = 0.316103
  -- 2 : 9 = 0.345889
  -- 2 : 10 = 0.578631
  -- 3 : 1 = 0.679433
  -- 3 : 2 = 0.0849546
  -- 3 : 3 = 0.0761275
  -- 3 : 4 = 0.536687
  -- 3 : 5 = 0.0280295
  -- 3 : 6 = 0.225371
  -- 3 : 7 = 0.55083
  -- 3 : 8 = 0.191774
  -- 3 : 9 = -0.174159
  -- 3 : 10 = 0.0456709
  -- 4 : 1 = 0.168344
  -- 4 : 2 = 0.827526
  -- 4 : 3 = -0.287463
  -- 4 : 4 = 0.419544
  -- 4 : 5 = -0.105796
  -- 4 : 6 = 0.0528797
  -- 4 : 7 = -0.250776
  -- 4 : 8 = 0.207466
  -- 4 : 9 = 0.288786
  -- 4 : 10 = 0.175082
  -- 5 : 1 = 0.446372
  -- 5 : 2 = 0.086802
  -- 5 : 3 = -0.00715879
  -- 5 : 4 = 1
  -- 5 : 5 = 0.508134
  -- 5 : 6 = 0.0337862
  -- 5 : 7 = -0.204367
  -- 5 : 8 = 0.00565462
  -- 5 : 9 = 0.389578
  -- 5 : 10 = 0.927034
  -- 6 : 1 = 0.139992
  -- 6 : 2 = -0.194989
  -- 6 : 3 = 0.24023
  -- 6 : 4 = -0.156124
  -- 6 : 5 = 0.123642
  -- 6 : 6 = 0.464393
  -- 6 : 7 = 0.324145
  -- 6 : 8 = 0.239282
  -- 6 : 9 = -0.249608
  -- 6 : 10 = -0.0193125
  -- 7 : 1 = 0
  -- 7 : 2 = -0.169036
  -- 7 : 3 = 0.0927285
  -- 7 : 4 = 0.104511
  -- 7 : 5 = 0.373999
  -- 7 : 6 = 0.112999
  -- 7 : 7 = -0.227373
  -- 7 : 8 = 0.612099
  -- 7 : 9 = 0.208279
  -- 7 : 10 = -0.028053
  -- 8 : 1 = 0.0438445
  -- 8 : 2 = 0.0573239
  -- 8 : 3 = -0.0616783
  -- 8 : 4 = -0.082563
  -- 8 : 5 = 0.102625
  -- 8 : 6 = 0.184499
  -- 8 : 7 = 0.472089
  -- 8 : 8 = 0.13019
  -- 8 : 9 = 0.0403182
  -- 8 : 10 = 0.0248705
  -- 9 : 1 = 0.507577
  -- 9 : 2 = 0.269095
  -- 9 : 3 = 0.0131145
  -- 9 : 4 = 0.0103626
  -- 9 : 5 = 0.375288
  -- 9 : 6 = 0.0803196
  -- 9 : 7 = 0.480579
  -- 9 : 8 = 0.222001
  -- 9 : 9 = 0.0742624
  -- 9 : 10 = 0.0995221
  -- 10 : 1 = 0.106916
  -- 10 : 2 = 0.182339
  -- 10 : 3 = 0.20274
  -- 10 : 4 = -0.0252073
  -- 10 : 5 = 0.10693
  -- 10 : 6 = -0.137429
  -- 10 : 7 = 0.0348392
  -- 10 : 8 = 0.494691
  -- 10 : 9 = 0.0265162
  -- 10 : 10 = 0.3244
  Inner Net 2
  -- 1 : 1 = 0.232286
  -- 1 : 2 = 0.0626156
  -- 1 : 3 = 0.819421
  -- 1 : 4 = 0.268713
  -- 2 : 1 = 0.29781
  -- 2 : 2 = 0.183638
  -- 2 : 3 = 0.206284
  -- 2 : 4 = 0.0803905
  -- 3 : 1 = 0.282332
  -- 3 : 2 = 0.0962421
  -- 3 : 3 = 0.412301
  -- 3 : 4 = -0.199281
  -- 4 : 1 = 0.870053
  -- 4 : 2 = 0.455941
  -- 4 : 3 = 0.802729
  -- 4 : 4 = 0.0479787
  -- 5 : 1 = -0.0141313
  -- 5 : 2 = -0.257411
  -- 5 : 3 = 0.062811
  -- 5 : 4 = 0.38925
  -- 6 : 1 = 0.5
  -- 6 : 2 = 0.811447
  -- 6 : 3 = -1
  -- 6 : 4 = 0.0195118
  -- 7 : 1 = 0.666352
  -- 7 : 2 = 0.454149
  -- 7 : 3 = -0.00472934
  -- 7 : 4 = 0.0543741
  -- 8 : 1 = 0.287462
  -- 8 : 2 = 0.550982
  -- 8 : 3 = 0.5
  -- 8 : 4 = 0.263542
  -- 9 : 1 = 0.169477
  -- 9 : 2 = 0.0679425
  -- 9 : 3 = 0.086923
  -- 9 : 4 = -0.0998809
  -- 10 : 1 = 0.502653
  -- 10 : 2 = -0.0460886
  -- 10 : 3 = 0.659509
  -- 10 : 4 = -0.0596203
  Inner Net 3
  -- 1 : 1 = -0.653226
  -- 1 : 2 = -0.139928
  -- 2 : 1 = 0.617447
  -- 2 : 2 = 0.0269602
  -- 3 : 1 = 0.543336
  -- 3 : 2 = -0.338061
  -- 4 : 1 = -0.170422
  -- 4 : 2 = 0.111673
Out\Act	False		True
False	0.117087	0.724893	0.84198
True	0.0199905	0.13803	0.15802
	0.137078	0.862922
	Accuracy [ (tp + tn) / testSize ]: 0.255117
	Precision [ tp / (tp + fp) ]:      0.159868
	Sensitivity [ tp / (tp + fn) ]:    0.870871
	Specificity [ tn / (tn + fp) ]:    0.138983
	F-Score [ 2tp / (2tp + fp + fn) ]: 0.27027
Particle (36):: Fit: 36.8317	PB: 36.8317	LB: 36.8317	GB: 36.8317	Conf: 0.0125446	Pts: 235487
Global: 36.8317 - Correct: 90% of 10 tests
Global Best: 
  Inner Net 1
  -- 1 : 1 = 0.43891
  -- 1 : 2 = 0.403958
  -- 1 : 3 = -0.0164298
  -- 1 : 4 = 0.128573
  -- 1 : 5 = 0.0235356
  -- 1 : 6 = -0.41871
  -- 1 : 7 = 0.199523
  -- 1 : 8 = 0.101201
  -- 1 : 9 = 0.202648
  -- 1 : 10 = 0.0922543
  -- 2 : 1 = 0.317235
  -- 2 : 2 = -0.00903909
  -- 2 : 3 = 0.170825
  -- 2 : 4 = 0.165589
  -- 2 : 5 = -0.0577731
  -- 2 : 6 = 0.598371
  -- 2 : 7 = 0.0714967
  -- 2 : 8 = 0.498711
  -- 2 : 9 = 0.15071
  -- 2 : 10 = 0.611607
  -- 3 : 1 = 0.691084
  -- 3 : 2 = 0.0873152
  -- 3 : 3 = -0.0562824
  -- 3 : 4 = 0.316299
  -- 3 : 5 = 0.0252371
  -- 3 : 6 = 0.304844
  -- 3 : 7 = 0.0508297
  -- 3 : 8 = 0.202572
  -- 3 : 9 = 0.206622
  -- 3 : 10 = -0.391825
  -- 4 : 1 = 0.0384189
  -- 4 : 2 = 0.707652
  -- 4 : 3 = -0.393817
  -- 4 : 4 = 0.187916
  -- 4 : 5 = -0.10858
  -- 4 : 6 = 0.0278658
  -- 4 : 7 = -0.0404552
  -- 4 : 8 = 0.341305
  -- 4 : 9 = -0.205646
  -- 4 : 10 = -0.0983062
  -- 5 : 1 = 0.472351
  -- 5 : 2 = -0.132375
  -- 5 : 3 = 0.0243077
  -- 5 : 4 = 0.504767
  -- 5 : 5 = 0.00813356
  -- 5 : 6 = -0.00932844
  -- 5 : 7 = -0.107901
  -- 5 : 8 = -0.04686
  -- 5 : 9 = 0.339855
  -- 5 : 10 = -1
  -- 6 : 1 = 0.150855
  -- 6 : 2 = -0.105173
  -- 6 : 3 = -0.176378
  -- 6 : 4 = -0.217943
  -- 6 : 5 = -0.376358
  -- 6 : 6 = -0.0356075
  -- 6 : 7 = -0.00847142
  -- 6 : 8 = 0.0745839
  -- 6 : 9 = 0.00583934
  -- 6 : 10 = -0.395035
  -- 7 : 1 = 0.377475
  -- 7 : 2 = 0.105804
  -- 7 : 3 = -0.11007
  -- 7 : 4 = -0.171282
  -- 7 : 5 = 0.163997
  -- 7 : 6 = 0.0845381
  -- 7 : 7 = 0.0594699
  -- 7 : 8 = 0.444502
  -- 7 : 9 = 0.234106
  -- 7 : 10 = -0.0641939
  -- 8 : 1 = -0.359021
  -- 8 : 2 = 0.00189579
  -- 8 : 3 = -0.128391
  -- 8 : 4 = -0.340619
  -- 8 : 5 = 0.204345
  -- 8 : 6 = 0.0354557
  -- 8 : 7 = 0.328572
  -- 8 : 8 = 0.199179
  -- 8 : 9 = 0.00851471
  -- 8 : 10 = 0.0219611
  -- 9 : 1 = 0.426167
  -- 9 : 2 = 0.343204
  -- 9 : 3 = -0.0343749
  -- 9 : 4 = -0.00737101
  -- 9 : 5 = 0.0030386
  -- 9 : 6 = 0.0810277
  -- 9 : 7 = 0.535677
  -- 9 : 8 = 0.0907397
  -- 9 : 9 = 0.0686762
  -- 9 : 10 = -0.0176472
  -- 10 : 1 = -0.0270861
  -- 10 : 2 = 0.0855542
  -- 10 : 3 = 0.470297
  -- 10 : 4 = 0.0584916
  -- 10 : 5 = -0.212604
  -- 10 : 6 = -0.230557
  -- 10 : 7 = 0.0169369
  -- 10 : 8 = 0.283777
  -- 10 : 9 = 0.05276
  -- 10 : 10 = 0.282948
  Inner Net 2
  -- 1 : 1 = 0.232286
  -- 1 : 2 = 0.0626156
  -- 1 : 3 = 0.819421
  -- 1 : 4 = 0.268713
  -- 2 : 1 = 0.29781
  -- 2 : 2 = 0.183638
  -- 2 : 3 = 0.206284
  -- 2 : 4 = 0.0803905
  -- 3 : 1 = 0.282332
  -- 3 : 2 = 0.0962421
  -- 3 : 3 = 0.412301
  -- 3 : 4 = -0.199281
  -- 4 : 1 = 0.870053
  -- 4 : 2 = 0.455941
  -- 4 : 3 = 0.802729
  -- 4 : 4 = 0.0479787
  -- 5 : 1 = -0.0141313
  -- 5 : 2 = -0.257411
  -- 5 : 3 = 0.062811
  -- 5 : 4 = 0.38925
  -- 6 : 1 = 0.5
  -- 6 : 2 = 0.811447
  -- 6 : 3 = -1
  -- 6 : 4 = 0.0195118
  -- 7 : 1 = 0.666352
  -- 7 : 2 = 0.454149
  -- 7 : 3 = -0.00472934
  -- 7 : 4 = 0.0543741
  -- 8 : 1 = 0.287462
  -- 8 : 2 = 0.550982
  -- 8 : 3 = 0.5
  -- 8 : 4 = 0.263542
  -- 9 : 1 = 0.169477
  -- 9 : 2 = 0.0679425
  -- 9 : 3 = 0.086923
  -- 9 : 4 = -0.0998809
  -- 10 : 1 = 0.502653
  -- 10 : 2 = -0.0460886
  -- 10 : 3 = 0.659509
  -- 10 : 4 = -0.0596203
  Inner Net 3
  -- 1 : 1 = -0.653226
  -- 1 : 2 = -0.139928
  -- 2 : 1 = 0.617447
  -- 2 : 2 = 0.0269602
  -- 3 : 1 = 0.543336
  -- 3 : 2 = -0.338061
  -- 4 : 1 = -0.170422
  -- 4 : 2 = 0.111673
Out\Act	False		True
False	0.013327	0.828653	0.84198
True	0.0052356	0.152784	0.15802
	0.0185626	0.981437
	Accuracy [ (tp + tn) / testSize ]: 0.166111
	Precision [ tp / (tp + fp) ]:      0.155599
	Sensitivity [ tp / (tp + fn) ]:    0.963964
	Specificity [ tn / (tn + fp) ]:    0.0158192
	F-Score [ 2tp / (2tp + fp + fn) ]: 0.268058
Particle (41):: Fit: 26.8984	PB: 26.8984	LB: 26.8984	GB: 36.8317	Conf: 0.141478	Pts: 80382
Particle (39):: Fit: 21.8901	PB: 21.8901	LB: 36.8317	GB: 36.8317	Conf: 0.0821843	Pts: 55883
Particle (41):: Fit: 29.4445	PB: 29.4445	LB: 29.4445	GB: 36.8317	Conf: 0.131561	Pts: 105479
Particle (11):: Fit: 16.1618	PB: 16.1618	LB: 16.1618	GB: 36.8317	Conf: 0.116999	Pts: 110880
Particle (11):: Fit: 30.7393	PB: 30.7393	LB: 30.7393	GB: 36.8317	Conf: 0.101363	Pts: 160975
Particle (11):: Fit: 39.5508	PB: 39.5508	LB: 39.5508	GB: 39.5508	Conf: 0.151187	Pts: 221074
Particle (33):: Fit: 9.89776	PB: 9.89776	LB: 36.8317	GB: 39.5508	Conf: 0.740457	Pts: 55471
Particle (39):: Fit: 32.6859	PB: 32.6859	LB: 36.8317	GB: 39.5508	Conf: 0.0461091	Pts: 70972
Global: 39.5508 - Correct: 90% of 10 tests
Global Best: 
  Inner Net 1
  -- 1 : 1 = 0.72364
  -- 1 : 2 = -0.248489
  -- 1 : 3 = -0.00446839
  -- 1 : 4 = -0.124181
  -- 1 : 5 = -0.0614044
  -- 1 : 6 = -0.278857
  -- 1 : 7 = -0.191907
  -- 1 : 8 = 0.0117391
  -- 1 : 9 = -0.269633
  -- 1 : 10 = 0.122532
  -- 2 : 1 = 0.409957
  -- 2 : 2 = 0.405304
  -- 2 : 3 = -0.0222801
  -- 2 : 4 = 0.15639
  -- 2 : 5 = -0.101941
  -- 2 : 6 = 0.252292
  -- 2 : 7 = -0.31633
  -- 2 : 8 = -0.0155567
  -- 2 : 9 = 0.109846
  -- 2 : 10 = -0.198217
  -- 3 : 1 = -0.295864
  -- 3 : 2 = -0.112717
  -- 3 : 3 = 0.191426
  -- 3 : 4 = -0.250584
  -- 3 : 5 = 0.254328
  -- 3 : 6 = 0.015469
  -- 3 : 7 = 0.031016
  -- 3 : 8 = 0.0353102
  -- 3 : 9 = -0.151026
  -- 3 : 10 = -0.249549
  -- 4 : 1 = 0.493548
  -- 4 : 2 = 0.0309079
  -- 4 : 3 = -0.303544
  -- 4 : 4 = -0.24564
  -- 4 : 5 = -0.231518
  -- 4 : 6 = 0.04209
  -- 4 : 7 = -0.168796
  -- 4 : 8 = 0.123861
  -- 4 : 9 = 0.233655
  -- 4 : 10 = 0.254142
  -- 5 : 1 = 0.00419502
  -- 5 : 2 = 0.0542132
  -- 5 : 3 = -0.00485209
  -- 5 : 4 = -0.0244905
  -- 5 : 5 = -0.189229
  -- 5 : 6 = 0.305559
  -- 5 : 7 = -0.0807181
  -- 5 : 8 = 0.673588
  -- 5 : 9 = -0.536758
  -- 5 : 10 = -0.12456
  -- 6 : 1 = 0.338911
  -- 6 : 2 = -0.0809839
  -- 6 : 3 = -0.0246836
  -- 6 : 4 = 0.362979
  -- 6 : 5 = -0.0166667
  -- 6 : 6 = 0.356922
  -- 6 : 7 = 0.0881867
  -- 6 : 8 = 0.158001
  -- 6 : 9 = 0.0468377
  -- 6 : 10 = 0.0867729
  -- 7 : 1 = -1
  -- 7 : 2 = -0.308032
  -- 7 : 3 = -0.223251
  -- 7 : 4 = -0.0660592
  -- 7 : 5 = 0.178814
  -- 7 : 6 = -0.127302
  -- 7 : 7 = 0.111481
  -- 7 : 8 = 0.0823601
  -- 7 : 9 = 0.16965
  -- 7 : 10 = -0.108278
  -- 8 : 1 = 0.46595
  -- 8 : 2 = -0.17326
  -- 8 : 3 = -0.435426
  -- 8 : 4 = 0.293546
  -- 8 : 5 = 0.0985569
  -- 8 : 6 = 0.249633
  -- 8 : 7 = 0.220991
  -- 8 : 8 = 0.0254167
  -- 8 : 9 = 0.406447
  -- 8 : 10 = -0.139376
  -- 9 : 1 = 0.382516
  -- 9 : 2 = 0.174046
  -- 9 : 3 = -0.163733
  -- 9 : 4 = 0.132889
  -- 9 : 5 = 0.0206527
  -- 9 : 6 = 0.170403
  -- 9 : 7 = 0.0325738
  -- 9 : 8 = 0.0223777
  -- 9 : 9 = -0.257706
  -- 9 : 10 = 0.146541
  -- 10 : 1 = 0.84369
  -- 10 : 2 = -0.306763
  -- 10 : 3 = 0.229307
  -- 10 : 4 = 0.154138
  -- 10 : 5 = 0.41719
  -- 10 : 6 = 0.0442408
  -- 10 : 7 = 0.0583135
  -- 10 : 8 = -0.142539
  -- 10 : 9 = -0.0114882
  -- 10 : 10 = 0.128659
  Inner Net 2
  -- 1 : 1 = 0.1046
  -- 1 : 2 = -0.00768261
  -- 1 : 3 = 0.295782
  -- 1 : 4 = 0.388081
  -- 2 : 1 = 0.537918
  -- 2 : 2 = 0.188602
  -- 2 : 3 = -0.00824785
  -- 2 : 4 = -0.312516
  -- 3 : 1 = 0.312648
  -- 3 : 2 = 0.5
  -- 3 : 3 = 0.572673
  -- 3 : 4 = 0.301661
  -- 4 : 1 = 0.0766868
  -- 4 : 2 = 0.028188
  -- 4 : 3 = -0.0743339
  -- 4 : 4 = 0.025625
  -- 5 : 1 = 0.354042
  -- 5 : 2 = -0.0408974
  -- 5 : 3 = 0.492765
  -- 5 : 4 = 0
  -- 6 : 1 = 0.0656275
  -- 6 : 2 = -0.262371
  -- 6 : 3 = 0.235509
  -- 6 : 4 = 0.225802
  -- 7 : 1 = 0.262774
  -- 7 : 2 = 0.490907
  -- 7 : 3 = -0.00225404
  -- 7 : 4 = -0.0670959
  -- 8 : 1 = 0.125777
  -- 8 : 2 = 0.394923
  -- 8 : 3 = 0.0771808
  -- 8 : 4 = 0.0760717
  -- 9 : 1 = 0.265421
  -- 9 : 2 = 0.147379
  -- 9 : 3 = 0.403821
  -- 9 : 4 = 0.328742
  -- 10 : 1 = 0.165083
  -- 10 : 2 = 0.290683
  -- 10 : 3 = 0.357993
  -- 10 : 4 = -0.426167
  Inner Net 3
  -- 1 : 1 = -0.429203
  -- 1 : 2 = -0.348434
  -- 2 : 1 = -0.338694
  -- 2 : 2 = 0.151364
  -- 3 : 1 = 1
  -- 3 : 2 = -0.466069
  -- 4 : 1 = 0.0314263
  -- 4 : 2 = 0.372152
Out\Act	False		True
False	0.128034	0.713946	0.84198
True	0.0223703	0.13565	0.15802
	0.150405	0.849595
	Accuracy [ (tp + tn) / testSize ]: 0.263684
	Precision [ tp / (tp + fp) ]:      0.159574
	Sensitivity [ tp / (tp + fn) ]:    0.855856
	Specificity [ tn / (tn + fp) ]:    0.151977
	F-Score [ 2tp / (2tp + fp + fn) ]: 0.269122
Particle (41):: Fit: 32.0656	PB: 32.0656	LB: 32.6859	GB: 39.5508	Conf: 0.0967286	Pts: 115567
Particle (32):: Fit: 19.4699	PB: 19.4699	LB: 36.8317	GB: 39.5508	Conf: 0.591938	Pts: 120362
Particle (26):: Fit: 9.52027	PB: 9.52027	LB: 10.3569	GB: 39.5508	Conf: 0.305394	Pts: 75368
Particle (40):: Fit: 22.4511	PB: 22.4511	LB: 36.8317	GB: 39.5508	Conf: 0.0953139	Pts: 110060
Particle (13):: Fit: 27.7916	PB: 27.7916	LB: 39.5508	GB: 39.5508	Conf: 0.0550955	Pts: 65262
Particle (22):: Fit: 9.86221	PB: 9.86221	LB: 9.91815	GB: 39.5508	Conf: 0.651651	Pts: 60364
Particle (32):: Fit: 27.1825	PB: 27.1825	LB: 36.8317	GB: 39.5508	Conf: 0.742029	Pts: 140450
Particle (3):: Fit: 9.91821	PB: 9.91821	LB: 9.92043	GB: 39.5508	Conf: 0.958726	Pts: 80352
Particle (40):: Fit: 26.9869	PB: 26.9869	LB: 36.8317	GB: 39.5508	Conf: 0.2684	Pts: 110148
Particle (39):: Fit: 33.4663	PB: 33.4663	LB: 36.8317	GB: 39.5508	Conf: 0.0354257	Pts: 86051
Particle (27):: Fit: 26.2876	PB: 26.2876	LB: 27.1825	GB: 39.5508	Conf: 0.0382016	Pts: 100046
Particle (39):: Fit: 37.0944	PB: 37.0944	LB: 37.0944	GB: 39.5508	Conf: 0.0337841	Pts: 136147
Particle (25):: Fit: 9.85244	PB: 9.85244	LB: 26.2876	GB: 39.5508	Conf: 0.634623	Pts: 55745
Particle (33):: Fit: 9.90456	PB: 9.90456	LB: 36.8317	GB: 39.5508	Conf: 0.771974	Pts: 55544
Particle (13):: Fit: 30.4598	PB: 30.4598	LB: 39.5508	GB: 39.5508	Conf: 0.0587601	Pts: 75340
Particle (27):: Fit: 34.7821	PB: 34.7821	LB: 34.7821	GB: 39.5508	Conf: 0.0427828	Pts: 145136
Particle (0):: Fit: 9.91472	PB: 9.91472	LB: 9.92043	GB: 39.5508	Conf: 0.996209	Pts: 110436
Particle (25):: Fit: 9.85319	PB: 9.85319	LB: 34.7821	GB: 39.5508	Conf: 0.635608	Pts: 55837
Particle (32):: Fit: 29.9857	PB: 29.9857	LB: 36.8317	GB: 39.5508	Conf: 0.55838	Pts: 140524
Particle (17):: Fit: 9.42831	PB: 9.42831	LB: 30.4598	GB: 39.5508	Conf: 0.177813	Pts: 60633
Particle (40):: Fit: 29.6061	PB: 29.6061	LB: 37.0944	GB: 39.5508	Conf: 0.186793	Pts: 110224
Particle (40):: Fit: 29.6301	PB: 29.6301	LB: 37.0944	GB: 39.5508	Conf: 0.23232	Pts: 110306
Particle (1):: Fit: 27.0645	PB: 27.0645	LB: 27.0645	GB: 39.5508	Conf: 0.313281	Pts: 160398
Particle (24):: Fit: 8.9461	PB: 8.9461	LB: 34.7821	GB: 39.5508	Conf: 0.842543	Pts: 65105
Particle (7):: Fit: 31.3248	PB: 31.3248	LB: 39.5508	GB: 39.5508	Conf: 0.623227	Pts: 130264
Particle (41):: Fit: 35.4046	PB: 35.4046	LB: 37.0944	GB: 39.5508	Conf: 0.0775647	Pts: 125562
Particle (24):: Fit: 8.94651	PB: 8.94651	LB: 34.7821	GB: 39.5508	Conf: 0.844273	Pts: 65163
Particle (36):: Fit: 38.6202	PB: 38.6202	LB: 38.6202	GB: 39.5508	Conf: 0.0214828	Pts: 285441
Particle (49):: Fit: 30.9752	PB: 30.9752	LB: 30.9752	GB: 39.5508	Conf: 0.699521	Pts: 80328
Particle (0):: Fit: 9.91497	PB: 9.91497	LB: 30.9752	GB: 39.5508	Conf: 0.990009	Pts: 110432
Particle (1):: Fit: 30.8251	PB: 30.8251	LB: 30.9752	GB: 39.5508	Conf: 0.412932	Pts: 160422
Particle (29):: Fit: 10.1672	PB: 10.1672	LB: 34.7821	GB: 39.5508	Conf: 0.946178	Pts: 75421
Particle (3):: Fit: 10.2627	PB: 10.2627	LB: 31.3248	GB: 39.5508	Conf: 0.972474	Pts: 80265
Particle (13):: Fit: 33.0915	PB: 33.0915	LB: 39.5508	GB: 39.5508	Conf: 0.0497172	Pts: 85249
Particle (0):: Fit: 9.93995	PB: 9.93995	LB: 30.9752	GB: 39.5508	Conf: 0.916487	Pts: 110447
Particle (48):: Fit: 10.1626	PB: 10.1626	LB: 30.9752	GB: 39.5508	Conf: 0.963765	Pts: 85136
Particle (24):: Fit: 8.94652	PB: 8.94652	LB: 34.7821	GB: 39.5508	Conf: 0.844972	Pts: 65118
Particle (12):: Fit: 10.1669	PB: 10.1669	LB: 39.5508	GB: 39.5508	Conf: 0.961836	Pts: 195311
Particle (2):: Fit: 9.58052	PB: 9.58052	LB: 31.3248	GB: 39.5508	Conf: 0.348635	Pts: 89905
Particle (1):: Fit: 34.3223	PB: 34.3223	LB: 34.3223	GB: 39.5508	Conf: 0.372664	Pts: 210382
Particle (41):: Fit: 36.4171	PB: 36.4171	LB: 37.0944	GB: 39.5508	Conf: 0.02581	Pts: 135481
Particle (43):: Fit: 26.7657	PB: 26.7657	LB: 37.0944	GB: 39.5508	Conf: 0.23429	Pts: 60081
Particle (32):: Fit: 31.4105	PB: 31.4105	LB: 38.6202	GB: 39.5508	Conf: 0.742653	Pts: 140330
Particle (42):: Fit: 9.84439	PB: 9.84439	LB: 37.0944	GB: 39.5508	Conf: 0.619363	Pts: 50151
Particle (33):: Fit: 10.2403	PB: 10.2403	LB: 38.6202	GB: 39.5508	Conf: 0.760827	Pts: 55345
Particle (4):: Fit: 9.92126	PB: 9.92126	LB: 34.3223	GB: 39.5508	Conf: 0.913841	Pts: 140126
Particle (43):: Fit: 26.7916	PB: 26.7916	LB: 37.0944	GB: 39.5508	Conf: 0.237253	Pts: 60118
Particle (24):: Fit: 9.91806	PB: 9.91806	LB: 34.7821	GB: 39.5508	Conf: 0.843998	Pts: 65121
Particle (26):: Fit: 9.52896	PB: 9.52896	LB: 34.7821	GB: 39.5508	Conf: 0.310706	Pts: 75086
Particle (26):: Fit: 9.55378	PB: 9.55378	LB: 34.7821	GB: 39.5508	Conf: 0.329221	Pts: 75180
Particle (32):: Fit: 32.3916	PB: 32.3916	LB: 38.6202	GB: 39.5508	Conf: 0.684727	Pts: 140326
Particle (46):: Fit: 31.5119	PB: 31.5119	LB: 34.3223	GB: 39.5508	Conf: 0.335214	Pts: 74850
Particle (46):: Fit: 34.2016	PB: 34.2016	LB: 34.3223	GB: 39.5508	Conf: 0.477322	Pts: 74943
Particle (27):: Fit: 35.108	PB: 35.108	LB: 35.108	GB: 39.5508	Conf: 0.0300373	Pts: 189813
Particle (5):: Fit: 10.1672	PB: 10.1672	LB: 34.3223	GB: 39.5508	Conf: 0.860505	Pts: 65427
Particle (35):: Fit: 22.8261	PB: 22.8261	LB: 38.6202	GB: 39.5508	Conf: 0.214518	Pts: 54895
Particle (6):: Fit: 23.6734	PB: 23.6734	LB: 39.5508	GB: 39.5508	Conf: 0.295112	Pts: 104894
Particle (35):: Fit: 23.6711	PB: 23.6711	LB: 38.6202	GB: 39.5508	Conf: 0.257732	Pts: 54969
Particle (6):: Fit: 35.0801	PB: 35.0801	LB: 39.5508	GB: 39.5508	Conf: 0.284396	Pts: 129919
Particle (48):: Fit: 10.4214	PB: 10.4214	LB: 34.3223	GB: 39.5508	Conf: 0.949272	Pts: 84914
Particle (0):: Fit: 10.0486	PB: 10.0486	LB: 34.3223	GB: 39.5508	Conf: 0.989524	Pts: 110184
Particle (17):: Fit: 9.52119	PB: 9.52119	LB: 33.0915	GB: 39.5508	Conf: 0.176204	Pts: 60184
Particle (17):: Fit: 24.3164	PB: 24.3164	LB: 33.0915	GB: 39.5508	Conf: 0.148787	Pts: 80274
Particle (40):: Fit: 32.2552	PB: 32.2552	LB: 38.6202	GB: 39.5508	Conf: 0.192974	Pts: 109851
Particle (17):: Fit: 27.3713	PB: 27.3713	LB: 33.0915	GB: 39.5508	Conf: 0.16085	Pts: 100347
Particle (1):: Fit: 35.5006	PB: 35.5006	LB: 35.5006	GB: 39.5508	Conf: 0.277674	Pts: 260097
Particle (17):: Fit: 28.1285	PB: 28.1285	LB: 33.0915	GB: 39.5508	Conf: 0.0760947	Pts: 120408
Particle (13):: Fit: 33.1163	PB: 33.1163	LB: 39.5508	GB: 39.5508	Conf: 0.0559339	Pts: 94865
Particle (24):: Fit: 9.91883	PB: 9.91883	LB: 35.108	GB: 39.5508	Conf: 0.850604	Pts: 64861
Particle (25):: Fit: 9.85371	PB: 9.85371	LB: 35.108	GB: 39.5508	Conf: 0.636314	Pts: 55249
Particle (42):: Fit: 9.85556	PB: 9.85556	LB: 37.0944	GB: 39.5508	Conf: 0.635307	Pts: 49840
Particle (24):: Fit: 9.91949	PB: 9.91949	LB: 35.108	GB: 39.5508	Conf: 0.849966	Pts: 64929
Particle (41):: Fit: 36.5985	PB: 36.5985	LB: 37.0944	GB: 39.5508	Conf: 0.0778985	Pts: 145097
Particle (19):: Fit: 9.85083	PB: 9.85083	LB: 28.1285	GB: 39.5508	Conf: 0.632777	Pts: 54789
Particle (31):: Fit: 10.3212	PB: 10.3212	LB: 38.6202	GB: 39.5508	Conf: 0.758582	Pts: 104336
Particle (40):: Fit: 32.6783	PB: 32.6783	LB: 38.6202	GB: 39.5508	Conf: 0.16081	Pts: 109688
Particle (4):: Fit: 10.1702	PB: 10.1702	LB: 35.5006	GB: 39.5508	Conf: 0.903478	Pts: 139670
Particle (26):: Fit: 9.57913	PB: 9.57913	LB: 35.108	GB: 39.5508	Conf: 0.344532	Pts: 74753
Particle (7):: Fit: 35.0668	PB: 35.0668	LB: 39.5508	GB: 39.5508	Conf: 0.747996	Pts: 129512
Particle (40):: Fit: 33.737	PB: 33.737	LB: 38.6202	GB: 39.5508	Conf: 0.191794	Pts: 109630
Particle (6):: Fit: 35.1001	PB: 35.1001	LB: 39.5508	GB: 39.5508	Conf: 0.293841	Pts: 129550
Particle (22):: Fit: 9.98849	PB: 9.98849	LB: 35.108	GB: 39.5508	Conf: 0.648506	Pts: 59407
Particle (25):: Fit: 9.85544	PB: 9.85544	LB: 35.108	GB: 39.5508	Conf: 0.638658	Pts: 54957
Particle (32):: Fit: 34.3598	PB: 34.3598	LB: 38.6202	GB: 39.5508	Conf: 0.430691	Pts: 139647
Particle (41):: Fit: 37.2714	PB: 37.2714	LB: 37.2714	GB: 39.5508	Conf: 0.0681188	Pts: 169796
Particle (25):: Fit: 9.86401	PB: 9.86401	LB: 35.108	GB: 39.5508	Conf: 0.65228	Pts: 54959
Particle (36):: Fit: 39.1464	PB: 39.1464	LB: 39.1464	GB: 39.5508	Conf: 0.043146	Pts: 334439
Particle (19):: Fit: 9.85104	PB: 9.85104	LB: 28.1285	GB: 39.5508	Conf: 0.632193	Pts: 54436
Particle (2):: Fit: 9.58058	PB: 9.58058	LB: 35.5006	GB: 39.5508	Conf: 0.348672	Pts: 89007
Particle (37):: Fit: 20.559	PB: 20.559	LB: 39.1464	GB: 39.5508	Conf: 0.289961	Pts: 74179
Particle (19):: Fit: 9.97658	PB: 9.97658	LB: 28.1285	GB: 39.5508	Conf: 0.629035	Pts: 54464
Particle (39):: Fit: 37.6431	PB: 37.6431	LB: 39.1464	GB: 39.5508	Conf: 0.0452751	Pts: 149916
Particle (35):: Fit: 28.2726	PB: 28.2726	LB: 39.1464	GB: 39.5508	Conf: 0.239788	Pts: 54075
Particle (35):: Fit: 30.974	PB: 30.974	LB: 39.1464	GB: 39.5508	Conf: 0.226495	Pts: 54161
Particle (46):: Fit: 35.597	PB: 35.597	LB: 35.597	GB: 39.5508	Conf: 0.336386	Pts: 98871
Particle (32):: Fit: 36.5579	PB: 36.5579	LB: 39.1464	GB: 39.5508	Conf: 0.706609	Pts: 159233
Particle (32):: Fit: 36.6606	PB: 36.6606	LB: 39.1464	GB: 39.5508	Conf: 0.74292	Pts: 179303
Particle (2):: Fit: 9.58113	PB: 9.58113	LB: 35.5006	GB: 39.5508	Conf: 0.349021	Pts: 88712
Particle (24):: Fit: 9.92064	PB: 9.92064	LB: 35.108	GB: 39.5508	Conf: 0.855811	Pts: 64060
Particle (43):: Fit: 26.8557	PB: 26.8557	LB: 37.6431	GB: 39.5508	Conf: 0.253898	Pts: 58779
Particle (43):: Fit: 30.9874	PB: 30.9874	LB: 37.6431	GB: 39.5508	Conf: 0.279098	Pts: 58878
Particle (17):: Fit: 30.0519	PB: 30.0519	LB: 33.1163	GB: 39.5508	Conf: 0.146704	Pts: 139395
Particle (13):: Fit: 33.7134	PB: 33.7134	LB: 39.5508	GB: 39.5508	Conf: 0.0438294	Pts: 103797
Particle (12):: Fit: 10.3473	PB: 10.3473	LB: 39.5508	GB: 39.5508	Conf: 0.964534	Pts: 193836
Particle (22):: Fit: 10.0981	PB: 10.0981	LB: 35.108	GB: 39.5508	Conf: 0.650358	Pts: 58684
Particle (2):: Fit: 9.69571	PB: 9.69571	LB: 35.5006	GB: 39.5508	Conf: 0.34624	Pts: 88582
Particle (26):: Fit: 9.60226	PB: 9.60226	LB: 35.108	GB: 39.5508	Conf: 0.362128	Pts: 73876
Particle (43):: Fit: 32.7136	PB: 32.7136	LB: 37.6431	GB: 39.5508	Conf: 0.288616	Pts: 58830
Particle (19):: Fit: 9.97863	PB: 9.97863	LB: 30.0519	GB: 39.5508	Conf: 0.631576	Pts: 53932
Particle (34):: Fit: 26.8678	PB: 26.8678	LB: 39.1464	GB: 39.5508	Conf: 0.266728	Pts: 68244
Particle (0):: Fit: 10.4188	PB: 10.4188	LB: 35.597	GB: 39.5508	Conf: 0.992845	Pts: 108679
Particle (26):: Fit: 9.65022	PB: 9.65022	LB: 35.108	GB: 39.5508	Conf: 0.320521	Pts: 73618
Particle (7):: Fit: 35.7841	PB: 35.7841	LB: 39.5508	GB: 39.5508	Conf: 0.451876	Pts: 148219
Particle (25):: Fit: 9.86771	PB: 9.86771	LB: 35.108	GB: 39.5508	Conf: 0.655552	Pts: 54002
Particle (42):: Fit: 9.97325	PB: 9.97325	LB: 37.6431	GB: 39.5508	Conf: 0.621329	Pts: 48368
Particle (40):: Fit: 34.0652	PB: 34.0652	LB: 39.1464	GB: 39.5508	Conf: 0.169528	Pts: 108402
Particle (13):: Fit: 36.573	PB: 36.573	LB: 39.5508	GB: 39.5508	Conf: 0.0509092	Pts: 113330
Particle (26):: Fit: 9.88742	PB: 9.88742	LB: 35.108	GB: 39.5508	Conf: 0.422958	Pts: 73593
Particle (41):: Fit: 38.3207	PB: 38.3207	LB: 38.3207	GB: 39.5508	Conf: 0.126245	Pts: 193605
Particle (17):: Fit: 34.5953	PB: 34.5953	LB: 36.573	GB: 39.5508	Conf: 0.162668	Pts: 158798
Particle (42):: Fit: 10.1668	PB: 10.1668	LB: 38.3207	GB: 39.5508	Conf: 0.614685	Pts: 48167
Particle (2):: Fit: 9.80786	PB: 9.80786	LB: 35.7841	GB: 39.5508	Conf: 0.353866	Pts: 87854
Particle (42):: Fit: 10.1883	PB: 10.1883	LB: 38.3207	GB: 39.5508	Conf: 0.661178	Pts: 48149
Particle (17):: Fit: 38.0366	PB: 38.0366	LB: 38.0366	GB: 39.5508	Conf: 0.178376	Pts: 188547
Particle (27):: Fit: 36.4186	PB: 36.4186	LB: 36.6606	GB: 39.5508	Conf: 0.0269135	Pts: 212263
Particle (29):: Fit: 10.1674	PB: 10.1674	LB: 36.6606	GB: 39.5508	Conf: 0.94525	Pts: 72560
Particle (37):: Fit: 30.9832	PB: 30.9832	LB: 39.1464	GB: 39.5508	Conf: 0.234963	Pts: 72383
Particle (38):: Fit: 27.5309	PB: 27.5309	LB: 39.1464	GB: 39.5508	Conf: 0.315652	Pts: 137331
Particle (38):: Fit: 31.3029	PB: 31.3029	LB: 39.1464	GB: 39.5508	Conf: 0.291139	Pts: 137410
Particle (18):: Fit: 10.2338	PB: 10.2338	LB: 38.0366	GB: 39.5508	Conf: 0.740407	Pts: 212059
Particle (33):: Fit: 10.2415	PB: 10.2415	LB: 39.1464	GB: 39.5508	Conf: 0.764223	Pts: 52370
Particle (19):: Fit: 9.97887	PB: 9.97887	LB: 38.0366	GB: 39.5508	Conf: 0.631878	Pts: 52498
Particle (6):: Fit: 35.1326	PB: 35.1326	LB: 39.5508	GB: 39.5508	Conf: 0.286923	Pts: 127138
Particle (6):: Fit: 36.2679	PB: 36.2679	LB: 39.5508	GB: 39.5508	Conf: 0.242359	Pts: 152180
Particle (7):: Fit: 36.6638	PB: 36.6638	LB: 39.5508	GB: 39.5508	Conf: 0.535555	Pts: 166893
Particle (46):: Fit: 38.4914	PB: 38.4914	LB: 38.4914	GB: 39.5508	Conf: 0.317377	Pts: 146851
Particle (1):: Fit: 39.5854	PB: 39.5854	LB: 39.5854	GB: 39.5854	Conf: 0.466345	Pts: 316995
Global: 39.5854 - Correct: 90% of 10 tests
Global Best: 
  Inner Net 1
  -- 1 : 1 = 0.201317
  -- 1 : 2 = 0.0285972
  -- 1 : 3 = -0.0645976
  -- 1 : 4 = 0.202198
  -- 1 : 5 = -0.0151531
  -- 1 : 6 = -0.24352
  -- 1 : 7 = -0.0331925
  -- 1 : 8 = 0.177457
  -- 1 : 9 = 0.0375022
  -- 1 : 10 = 0.225329
  -- 2 : 1 = 0.319645
  -- 2 : 2 = 0.100338
  -- 2 : 3 = -0.369281
  -- 2 : 4 = -0.002394
  -- 2 : 5 = -0.10634
  -- 2 : 6 = 0.0995917
  -- 2 : 7 = -0.121775
  -- 2 : 8 = 0.116657
  -- 2 : 9 = -0.15516
  -- 2 : 10 = -0.0597805
  -- 3 : 1 = -0.488669
  -- 3 : 2 = -0.170974
  -- 3 : 3 = 0.015736
  -- 3 : 4 = -0.689887
  -- 3 : 5 = 0.265576
  -- 3 : 6 = -0.033625
  -- 3 : 7 = -0.344848
  -- 3 : 8 = 0.109448
  -- 3 : 9 = 0.00197629
  -- 3 : 10 = 0.154374
  -- 4 : 1 = 0.332881
  -- 4 : 2 = 0.155002
  -- 4 : 3 = -0.196286
  -- 4 : 4 = -0.140183
  -- 4 : 5 = -0.206985
  -- 4 : 6 = -0.316694
  -- 4 : 7 = -0.274218
  -- 4 : 8 = -0.0869513
  -- 4 : 9 = 0.236735
  -- 4 : 10 = 0.144488
  -- 5 : 1 = -0.199225
  -- 5 : 2 = -0.248245
  -- 5 : 3 = 0.045275
  -- 5 : 4 = -0.0408597
  -- 5 : 5 = 0.0351802
  -- 5 : 6 = 0.0216587
  -- 5 : 7 = 0.0302805
  -- 5 : 8 = -0.0932569
  -- 5 : 9 = 0.0912004
  -- 5 : 10 = 0.210929
  -- 6 : 1 = 0.461031
  -- 6 : 2 = 0.326601
  -- 6 : 3 = 0.0816007
  -- 6 : 4 = -0.0168303
  -- 6 : 5 = 0.100234
  -- 6 : 6 = 0.235733
  -- 6 : 7 = 0.184135
  -- 6 : 8 = 0.34677
  -- 6 : 9 = -0.156982
  -- 6 : 10 = 0.0527995
  -- 7 : 1 = -0.38893
  -- 7 : 2 = -0.299124
  -- 7 : 3 = -0.581778
  -- 7 : 4 = 0.104812
  -- 7 : 5 = 0.037764
  -- 7 : 6 = -0.172307
  -- 7 : 7 = 0.246652
  -- 7 : 8 = -0.320719
  -- 7 : 9 = 0.260114
  -- 7 : 10 = 0.213095
  -- 8 : 1 = 0.00402147
  -- 8 : 2 = -0.301044
  -- 8 : 3 = 0.185977
  -- 8 : 4 = -0.212527
  -- 8 : 5 = 0.225428
  -- 8 : 6 = 0.0535668
  -- 8 : 7 = 0.576995
  -- 8 : 8 = 0.144877
  -- 8 : 9 = -0.172279
  -- 8 : 10 = 0.048704
  -- 9 : 1 = 0.290447
  -- 9 : 2 = -0.0751502
  -- 9 : 3 = -0.372926
  -- 9 : 4 = 0.483718
  -- 9 : 5 = -0.0268488
  -- 9 : 6 = 0.174838
  -- 9 : 7 = -0.567696
  -- 9 : 8 = 0.297795
  -- 9 : 9 = -0.000203686
  -- 9 : 10 = 0.170687
  -- 10 : 1 = -0.0421218
  -- 10 : 2 = -0.0418022
  -- 10 : 3 = 0.0571212
  -- 10 : 4 = -0.0288205
  -- 10 : 5 = 0.00898758
  -- 10 : 6 = -0.0637133
  -- 10 : 7 = 0.0206677
  -- 10 : 8 = 0.0935608
  -- 10 : 9 = -0.280446
  -- 10 : 10 = -0.301354
  Inner Net 2
  -- 1 : 1 = -0.0100723
  -- 1 : 2 = -0.113404
  -- 1 : 3 = 0.235673
  -- 1 : 4 = -0.519256
  -- 2 : 1 = 1
  -- 2 : 2 = 0.0766368
  -- 2 : 3 = -0.184575
  -- 2 : 4 = -0.462827
  -- 3 : 1 = 0.472707
  -- 3 : 2 = 0.234421
  -- 3 : 3 = 0.0760114
  -- 3 : 4 = -0.139002
  -- 4 : 1 = 0.283081
  -- 4 : 2 = 0.331428
  -- 4 : 3 = 0.379013
  -- 4 : 4 = 0.105885
  -- 5 : 1 = 0.141802
  -- 5 : 2 = 0.0685596
  -- 5 : 3 = -0.262738
  -- 5 : 4 = -0.0112654
  -- 6 : 1 = -0.562692
  -- 6 : 2 = 0.00786657
  -- 6 : 3 = -0.285075
  -- 6 : 4 = 0.275464
  -- 7 : 1 = 0.20609
  -- 7 : 2 = -0.0796759
  -- 7 : 3 = -0.823238
  -- 7 : 4 = 0.321799
  -- 8 : 1 = 0.534783
  -- 8 : 2 = 0.678471
  -- 8 : 3 = 0.068562
  -- 8 : 4 = 0.0178913
  -- 9 : 1 = -0.134609
  -- 9 : 2 = 0.158469
  -- 9 : 3 = -0.017488
  -- 9 : 4 = 0.0046204
  -- 10 : 1 = 0.0119744
  -- 10 : 2 = 0.0853861
  -- 10 : 3 = 0.247852
  -- 10 : 4 = 0.117576
  Inner Net 3
  -- 1 : 1 = -0.00158199
  -- 1 : 2 = -0.363479
  -- 2 : 1 = -0.143962
  -- 2 : 2 = 0.334817
  -- 3 : 1 = 0.072253
  -- 3 : 2 = 0.0824716
  -- 4 : 1 = 0.137405
  -- 4 : 2 = -0.0239254
Out\Act	False		True
False	0.608282	0.233698	0.84198
True	0.113279	0.0447406	0.15802
	0.721561	0.278439
	Accuracy [ (tp + tn) / testSize ]: 0.653022
	Precision [ tp / (tp + fp) ]:      0.16041
	Sensitivity [ tp / (tp + fn) ]:    0.282282
	Specificity [ tn / (tn + fp) ]:    0.722034
	F-Score [ 2tp / (2tp + fp + fn) ]: 0.204793
Particle (24):: Fit: 10.0465	PB: 10.0465	LB: 36.4186	GB: 39.5854	Conf: 0.826943	Pts: 62027
Particle (43):: Fit: 34.2509	PB: 34.2509	LB: 38.4914	GB: 39.5854	Conf: 0.209277	Pts: 56667
Particle (31):: Fit: 10.3228	PB: 10.3228	LB: 39.1464	GB: 39.5854	Conf: 0.761674	Pts: 100968
Particle (6):: Fit: 38.6757	PB: 38.6757	LB: 39.5508	GB: 39.5854	Conf: 0.276959	Pts: 151360
Particle (37):: Fit: 39.6636	PB: 39.6636	LB: 39.6636	GB: 39.6636	Conf: 0.260676	Pts: 130930
Global: 39.6636 - Correct: 90% of 10 tests
Global Best: 
  Inner Net 1
  -- 1 : 1 = 0.234808
  -- 1 : 2 = 0.0404165
  -- 1 : 3 = 0.580355
  -- 1 : 4 = 0.247249
  -- 1 : 5 = -0.0354408
  -- 1 : 6 = -0.154463
  -- 1 : 7 = -9.43752e-005
  -- 1 : 8 = 0.0120148
  -- 1 : 9 = -0.0429504
  -- 1 : 10 = 0.173964
  -- 2 : 1 = 0.190248
  -- 2 : 2 = -0.0586899
  -- 2 : 3 = -0.191941
  -- 2 : 4 = -0.395835
  -- 2 : 5 = 0.030671
  -- 2 : 6 = 0.294098
  -- 2 : 7 = 0.234168
  -- 2 : 8 = 0.329802
  -- 2 : 9 = -0.319536
  -- 2 : 10 = -0.428899
  -- 3 : 1 = 0.30148
  -- 3 : 2 = 0.0517979
  -- 3 : 3 = -0.110439
  -- 3 : 4 = 0.695211
  -- 3 : 5 = 0.079457
  -- 3 : 6 = -0.0281705
  -- 3 : 7 = 0.08125
  -- 3 : 8 = -0.179352
  -- 3 : 9 = 0.0427464
  -- 3 : 10 = -0.116218
  -- 4 : 1 = -0.330143
  -- 4 : 2 = -0.0456659
  -- 4 : 3 = 0.169729
  -- 4 : 4 = -0.103863
  -- 4 : 5 = 0.186602
  -- 4 : 6 = -0.153985
  -- 4 : 7 = -0.170019
  -- 4 : 8 = 0.0131908
  -- 4 : 9 = 0.556707
  -- 4 : 10 = -0.208847
  -- 5 : 1 = -0.207207
  -- 5 : 2 = -0.31218
  -- 5 : 3 = -0.0151269
  -- 5 : 4 = 0.168553
  -- 5 : 5 = -0.0224664
  -- 5 : 6 = 0.206489
  -- 5 : 7 = 0.247178
  -- 5 : 8 = -0.0181108
  -- 5 : 9 = 0.275773
  -- 5 : 10 = 0.168287
  -- 6 : 1 = 0.0138347
  -- 6 : 2 = 0.31483
  -- 6 : 3 = 0.0220289
  -- 6 : 4 = 0.377849
  -- 6 : 5 = 0.596169
  -- 6 : 6 = -0.013035
  -- 6 : 7 = -0.0390889
  -- 6 : 8 = -0.221351
  -- 6 : 9 = 0.251572
  -- 6 : 10 = 0.0341417
  -- 7 : 1 = 0.0501461
  -- 7 : 2 = -0.270802
  -- 7 : 3 = -0.025687
  -- 7 : 4 = 0.278342
  -- 7 : 5 = 0.578618
  -- 7 : 6 = 0.0528154
  -- 7 : 7 = 0.192782
  -- 7 : 8 = 0.41513
  -- 7 : 9 = 0.165848
  -- 7 : 10 = 0.190161
  -- 8 : 1 = 0.10485
  -- 8 : 2 = 0.135203
  -- 8 : 3 = 0.37214
  -- 8 : 4 = 0.154759
  -- 8 : 5 = 0.0642656
  -- 8 : 6 = 0.214426
  -- 8 : 7 = 0.1333
  -- 8 : 8 = 0.127315
  -- 8 : 9 = -0.21381
  -- 8 : 10 = -0.0327931
  -- 9 : 1 = 0.425744
  -- 9 : 2 = 0.162555
  -- 9 : 3 = 0.221325
  -- 9 : 4 = -0.00716806
  -- 9 : 5 = 0.163206
  -- 9 : 6 = 0.0721984
  -- 9 : 7 = 0.0933755
  -- 9 : 8 = -0.174142
  -- 9 : 9 = 0.244355
  -- 9 : 10 = 0.0444311
  -- 10 : 1 = -1
  -- 10 : 2 = 0.319168
  -- 10 : 3 = -0.165888
  -- 10 : 4 = -0.147943
  -- 10 : 5 = 0.180455
  -- 10 : 6 = -0.199
  -- 10 : 7 = -0.0372718
  -- 10 : 8 = 0.158773
  -- 10 : 9 = -0.262515
  -- 10 : 10 = -0.00964904
  Inner Net 2
  -- 1 : 1 = 0.502939
  -- 1 : 2 = 0.0372829
  -- 1 : 3 = -0.0679176
  -- 1 : 4 = 0.0292071
  -- 2 : 1 = 0.871395
  -- 2 : 2 = 0.0622919
  -- 2 : 3 = -0.0839779
  -- 2 : 4 = -0.195207
  -- 3 : 1 = 0.45958
  -- 3 : 2 = -0.192996
  -- 3 : 3 = -0.307782
  -- 3 : 4 = 0.22952
  -- 4 : 1 = 0.586456
  -- 4 : 2 = 0.063731
  -- 4 : 3 = 0.210193
  -- 4 : 4 = -0.291748
  -- 5 : 1 = 0.225155
  -- 5 : 2 = -0.354661
  -- 5 : 3 = 0.247013
  -- 5 : 4 = 0.129933
  -- 6 : 1 = 0.666358
  -- 6 : 2 = -0.294402
  -- 6 : 3 = 0.148013
  -- 6 : 4 = -0.121866
  -- 7 : 1 = -0.755909
  -- 7 : 2 = 0.105478
  -- 7 : 3 = -0.0329911
  -- 7 : 4 = 0.23141
  -- 8 : 1 = -0.0332075
  -- 8 : 2 = -0.0963085
  -- 8 : 3 = 0.488349
  -- 8 : 4 = -0.174588
  -- 9 : 1 = -0.0465429
  -- 9 : 2 = 0.22169
  -- 9 : 3 = -0.257971
  -- 9 : 4 = -0.0580479
  -- 10 : 1 = 0.215006
  -- 10 : 2 = -0.00257272
  -- 10 : 3 = 0.130138
  -- 10 : 4 = -0.201964
  Inner Net 3
  -- 1 : 1 = -0.634847
  -- 1 : 2 = -0.25582
  -- 2 : 1 = 0.626784
  -- 2 : 2 = 0.365696
  -- 3 : 1 = 0.0752843
  -- 3 : 2 = -0.137025
  -- 4 : 1 = -0.478152
  -- 4 : 2 = -0.267784
Out\Act	False		True
False	0.809139	0.0328415	0.84198
True	0.13803	0.0199905	0.15802
	0.947168	0.052832
	Accuracy [ (tp + tn) / testSize ]: 0.829129
	Precision [ tp / (tp + fp) ]:      0.375
	Sensitivity [ tp / (tp + fn) ]:    0.126126
	Specificity [ tn / (tn + fp) ]:    0.960452
	F-Score [ 2tp / (2tp + fp + fn) ]: 0.189189
Particle (41):: Fit: 38.5717	PB: 38.5717	LB: 39.6636	GB: 39.6636	Conf: 0.0427608	Pts: 211299
Particle (23):: Fit: 9.85412	PB: 9.85412	LB: 36.4186	GB: 39.6636	Conf: 0.241384	Pts: 95128
Particle (39):: Fit: 38.5269	PB: 38.5269	LB: 39.6636	GB: 39.6636	Conf: 0.0380828	Pts: 146172
Particle (39):: Fit: 38.8694	PB: 38.8694	LB: 39.6636	GB: 39.6636	Conf: 0.0656026	Pts: 155937
Particle (46):: Fit: 39.4275	PB: 39.4275	LB: 39.5854	GB: 39.6636	Conf: 0.45992	Pts: 165121
Particle (38):: Fit: 31.3943	PB: 31.3943	LB: 39.6636	GB: 39.6636	Conf: 0.32326	Pts: 135181
Particle (24):: Fit: 10.1628	PB: 10.1628	LB: 36.4186	GB: 39.6636	Conf: 0.840808	Pts: 60063
Particle (7):: Fit: 37.8199	PB: 37.8199	LB: 39.5508	GB: 39.6636	Conf: 0.600187	Pts: 164593
Particle (9):: Fit: 31.2148	PB: 31.2148	LB: 39.5508	GB: 39.6636	Conf: 0.218727	Pts: 104053
Particle (23):: Fit: 27.4072	PB: 27.4072	LB: 36.4186	GB: 39.6636	Conf: 0.196372	Pts: 94245
Particle (40):: Fit: 34.2033	PB: 34.2033	LB: 39.6636	GB: 39.6636	Conf: 0.27006	Pts: 104618
Particle (19):: Fit: 10.2576	PB: 10.2576	LB: 38.0366	GB: 39.6636	Conf: 0.631797	Pts: 49791
Particle (38):: Fit: 31.5206	PB: 31.5206	LB: 39.6636	GB: 39.6636	Conf: 0.336975	Pts: 134506
Particle (32):: Fit: 36.9253	PB: 36.9253	LB: 39.6636	GB: 39.6636	Conf: 0.754504	Pts: 194147
Particle (25):: Fit: 10.1796	PB: 10.1796	LB: 36.4186	GB: 39.6636	Conf: 0.633797	Pts: 49614
Particle (41):: Fit: 40.1323	PB: 40.1323	LB: 40.1323	GB: 40.1323	Conf: 0.214853	Pts: 269246
Global: 40.1323 - Correct: 90% of 10 tests
Global Best: 
  Inner Net 1
  -- 1 : 1 = 0.18778
  -- 1 : 2 = -0.114241
  -- 1 : 3 = -0.0302263
  -- 1 : 4 = -0.0510499
  -- 1 : 5 = 0.291734
  -- 1 : 6 = -0.0807487
  -- 1 : 7 = 0.107546
  -- 1 : 8 = 0.265992
  -- 1 : 9 = -0.296832
  -- 1 : 10 = 0.018568
  -- 2 : 1 = 0.344335
  -- 2 : 2 = -0.120937
  -- 2 : 3 = -0.0601639
  -- 2 : 4 = -0.132819
  -- 2 : 5 = -0.381842
  -- 2 : 6 = -0.0768448
  -- 2 : 7 = 0.0553643
  -- 2 : 8 = 0.052868
  -- 2 : 9 = -0.00970564
  -- 2 : 10 = -0.288587
  -- 3 : 1 = 0.318718
  -- 3 : 2 = 0.00639086
  -- 3 : 3 = -0.161555
  -- 3 : 4 = 0.0776993
  -- 3 : 5 = 0.213951
  -- 3 : 6 = -0.0592811
  -- 3 : 7 = -0.320154
  -- 3 : 8 = 0.0381005
  -- 3 : 9 = 0.0787355
  -- 3 : 10 = 0.0407769
  -- 4 : 1 = -0.565842
  -- 4 : 2 = 0.123309
  -- 4 : 3 = 0.231662
  -- 4 : 4 = -0.23096
  -- 4 : 5 = -0.270852
  -- 4 : 6 = 0.229841
  -- 4 : 7 = -0.076216
  -- 4 : 8 = 0.126883
  -- 4 : 9 = 0.162175
  -- 4 : 10 = 0.189394
  -- 5 : 1 = -0.464341
  -- 5 : 2 = 0.26457
  -- 5 : 3 = -0.0222442
  -- 5 : 4 = -0.146495
  -- 5 : 5 = -0.0269477
  -- 5 : 6 = -0.127107
  -- 5 : 7 = -0.115231
  -- 5 : 8 = 0.525776
  -- 5 : 9 = 0.391904
  -- 5 : 10 = 0.264555
  -- 6 : 1 = -0.0167573
  -- 6 : 2 = -0.38623
  -- 6 : 3 = 0.212991
  -- 6 : 4 = 0.211827
  -- 6 : 5 = -0.24727
  -- 6 : 6 = 0.187476
  -- 6 : 7 = 0.117037
  -- 6 : 8 = -0.0464895
  -- 6 : 9 = -0.0593813
  -- 6 : 10 = -0.167121
  -- 7 : 1 = -0.210191
  -- 7 : 2 = -0.464245
  -- 7 : 3 = -0.262943
  -- 7 : 4 = 0.457873
  -- 7 : 5 = 0.166633
  -- 7 : 6 = -0.16415
  -- 7 : 7 = -0.44548
  -- 7 : 8 = 0.120501
  -- 7 : 9 = 0.0321192
  -- 7 : 10 = 0.122144
  -- 8 : 1 = 0.508433
  -- 8 : 2 = -0.573083
  -- 8 : 3 = -0.246993
  -- 8 : 4 = 0.147058
  -- 8 : 5 = 0.112102
  -- 8 : 6 = 0.259707
  -- 8 : 7 = -0.317021
  -- 8 : 8 = 0.0773261
  -- 8 : 9 = 0.117508
  -- 8 : 10 = 0.164339
  -- 9 : 1 = 0.515115
  -- 9 : 2 = -0.0931982
  -- 9 : 3 = -0.154679
  -- 9 : 4 = -0.354365
  -- 9 : 5 = 0.235353
  -- 9 : 6 = -0.20879
  -- 9 : 7 = -0.124146
  -- 9 : 8 = -0.0323226
  -- 9 : 9 = -0.217496
  -- 9 : 10 = 0.00653876
  -- 10 : 1 = -0.738959
  -- 10 : 2 = -0.172595
  -- 10 : 3 = -0.164581
  -- 10 : 4 = 0.027882
  -- 10 : 5 = 0.353406
  -- 10 : 6 = 0.0085212
  -- 10 : 7 = 0.0707971
  -- 10 : 8 = 0.204992
  -- 10 : 9 = 0.173003
  -- 10 : 10 = -0.0541346
  Inner Net 2
  -- 1 : 1 = 0.440688
  -- 1 : 2 = 0.0467642
  -- 1 : 3 = -0.00126232
  -- 1 : 4 = -0.0505895
  -- 2 : 1 = 0.866408
  -- 2 : 2 = -0.0386402
  -- 2 : 3 = 0.0434263
  -- 2 : 4 = 0.104226
  -- 3 : 1 = 0.613724
  -- 3 : 2 = -0.231037
  -- 3 : 3 = 0.140171
  -- 3 : 4 = 0.0190548
  -- 4 : 1 = 0.769598
  -- 4 : 2 = 0.342612
  -- 4 : 3 = -0.151367
  -- 4 : 4 = -0.00282357
  -- 5 : 1 = 0.12243
  -- 5 : 2 = -0.244878
  -- 5 : 3 = 0.283886
  -- 5 : 4 = -0.0465378
  -- 6 : 1 = -0.223157
  -- 6 : 2 = 0.00772286
  -- 6 : 3 = -0.275721
  -- 6 : 4 = -0.0292761
  -- 7 : 1 = -0.776246
  -- 7 : 2 = 0.5172
  -- 7 : 3 = 0.252826
  -- 7 : 4 = -0.197864
  -- 8 : 1 = 0.15908
  -- 8 : 2 = 0.0476365
  -- 8 : 3 = -0.190455
  -- 8 : 4 = -0.192882
  -- 9 : 1 = 0.0255999
  -- 9 : 2 = 0.173022
  -- 9 : 3 = -0.269269
  -- 9 : 4 = 0.144757
  -- 10 : 1 = 0.470944
  -- 10 : 2 = -0.154692
  -- 10 : 3 = -0.507521
  -- 10 : 4 = -0.226273
  Inner Net 3
  -- 1 : 1 = -0.342252
  -- 1 : 2 = 0.0753215
  -- 2 : 1 = -0.148051
  -- 2 : 2 = -0.0108868
  -- 3 : 1 = 0.585966
  -- 3 : 2 = 0.117295
  -- 4 : 1 = -0.320656
  -- 4 : 2 = -0.398063
Out\Act	False		True
False	0.269871	0.572109	0.84198
True	0.0423608	0.115659	0.15802
	0.312232	0.687768
	Accuracy [ (tp + tn) / testSize ]: 0.385531
	Precision [ tp / (tp + fp) ]:      0.16805
	Sensitivity [ tp / (tp + fn) ]:    0.72973
	Specificity [ tn / (tn + fp) ]:    0.320339
	F-Score [ 2tp / (2tp + fp + fn) ]: 0.273341
Particle (32):: Fit: 36.9446	PB: 36.9446	LB: 39.6636	GB: 40.1323	Conf: 0.669894	Pts: 213778
Particle (3):: Fit: 10.264	PB: 10.264	LB: 39.5854	GB: 40.1323	Conf: 0.955278	Pts: 73395
Particle (24):: Fit: 10.2609	PB: 10.2609	LB: 36.4186	GB: 40.1323	Conf: 0.851459	Pts: 58864
Particle (22):: Fit: 10.1013	PB: 10.1013	LB: 36.4186	GB: 40.1323	Conf: 0.654838	Pts: 53216
Particle (18):: Fit: 10.3894	PB: 10.3894	LB: 38.0366	GB: 40.1323	Conf: 0.742821	Pts: 207768
Particle (3):: Fit: 10.2641	PB: 10.2641	LB: 39.5854	GB: 40.1323	Conf: 0.957699	Pts: 72744
Particle (27):: Fit: 38.0072	PB: 38.0072	LB: 38.0072	GB: 40.1323	Conf: 0.0295887	Pts: 252274
Particle (43):: Fit: 35.3019	PB: 35.3019	LB: 40.1323	GB: 40.1323	Conf: 0.228503	Pts: 52765
Particle (22):: Fit: 10.1898	PB: 10.1898	LB: 38.0072	GB: 40.1323	Conf: 0.649588	Pts: 52468
Particle (5):: Fit: 10.4113	PB: 10.4113	LB: 39.5854	GB: 40.1323	Conf: 0.835515	Pts: 57316
Particle (13):: Fit: 38.0332	PB: 38.0332	LB: 39.5508	GB: 40.1323	Conf: 0.0517566	Pts: 106737
Particle (17):: Fit: 39.4523	PB: 39.4523	LB: 39.4523	GB: 40.1323	Conf: 0.122298	Pts: 212554
Particle (32):: Fit: 37.7149	PB: 37.7149	LB: 39.6636	GB: 40.1323	Conf: 0.441525	Pts: 211913
Particle (29):: Fit: 10.2643	PB: 10.2643	LB: 38.0072	GB: 40.1323	Conf: 0.945955	Pts: 66596
Particle (9):: Fit: 31.2481	PB: 31.2481	LB: 39.5508	GB: 40.1323	Conf: 0.252632	Pts: 100959
Particle (9):: Fit: 31.5301	PB: 31.5301	LB: 39.5508	GB: 40.1323	Conf: 0.161487	Pts: 100705
Particle (40):: Fit: 35.2012	PB: 35.2012	LB: 40.1323	GB: 40.1323	Conf: 0.219506	Pts: 101034
Particle (26):: Fit: 23.5599	PB: 23.5599	LB: 38.0072	GB: 40.1323	Conf: 0.291965	Pts: 65950
Particle (9):: Fit: 34.7745	PB: 34.7745	LB: 39.5508	GB: 40.1323	Conf: 0.217494	Pts: 100094
Particle (39):: Fit: 38.9585	PB: 38.9585	LB: 40.1323	GB: 40.1323	Conf: 0.0832148	Pts: 151187
Particle (26):: Fit: 27.4822	PB: 27.4822	LB: 38.0072	GB: 40.1323	Conf: 0.266311	Pts: 64836
Particle (26):: Fit: 31.1558	PB: 31.1558	LB: 38.0072	GB: 40.1323	Conf: 0.190933	Pts: 64928
Particle (26):: Fit: 31.156	PB: 31.156	LB: 38.0072	GB: 40.1323	Conf: 0.221429	Pts: 65027
Particle (26):: Fit: 34.9404	PB: 34.9404	LB: 38.0072	GB: 40.1323	Conf: 0.254051	Pts: 65117
Particle (36):: Fit: 39.2978	PB: 39.2978	LB: 40.1323	GB: 40.1323	Conf: 0.0192943	Pts: 329131
Particle (40):: Fit: 35.6223	PB: 35.6223	LB: 40.1323	GB: 40.1323	Conf: 0.161426	Pts: 98527
Particle (44):: Fit: 10.0887	PB: 10.0887	LB: 40.1323	GB: 40.1323	Conf: 0.354355	Pts: 82971
Particle (29):: Fit: 10.2687	PB: 10.2687	LB: 38.0072	GB: 40.1323	Conf: 0.932048	Pts: 63335
Particle (9):: Fit: 36.2209	PB: 36.2209	LB: 39.5508	GB: 40.1323	Conf: 0.226109	Pts: 97489
Particle (26):: Fit: 35.0578	PB: 35.0578	LB: 38.0072	GB: 40.1323	Conf: 0.276891	Pts: 63275
Particle (5):: Fit: 10.4174	PB: 10.4174	LB: 39.5854	GB: 40.1323	Conf: 0.832632	Pts: 52591
Particle (43):: Fit: 37.0751	PB: 37.0751	LB: 40.1323	GB: 40.1323	Conf: 0.473205	Pts: 47005
Particle (38):: Fit: 38.3321	PB: 38.3321	LB: 40.1323	GB: 40.1323	Conf: 0.235821	Pts: 127138
Particle (23):: Fit: 31.149	PB: 31.149	LB: 38.0072	GB: 40.1323	Conf: 0.200503	Pts: 86408
Particle (3):: Fit: 10.2657	PB: 10.2657	LB: 39.5854	GB: 40.1323	Conf: 0.953667	Pts: 66745
Particle (36):: Fit: 40.0158	PB: 40.0158	LB: 40.1323	GB: 40.1323	Conf: 0.0334691	Pts: 351669
Particle (19):: Fit: 10.258	PB: 10.258	LB: 39.4523	GB: 40.1323	Conf: 0.63234	Pts: 41537
Particle (4):: Fit: 10.4205	PB: 10.4205	LB: 39.5854	GB: 40.1323	Conf: 0.904845	Pts: 125894
Particle (4):: Fit: 10.4843	PB: 10.4843	LB: 39.5854	GB: 40.1323	Conf: 0.90403	Pts: 125694
Particle (25):: Fit: 10.1798	PB: 10.1798	LB: 38.0072	GB: 40.1323	Conf: 0.634039	Pts: 40864
Particle (38):: Fit: 38.7008	PB: 38.7008	LB: 40.1323	GB: 40.1323	Conf: 0.280938	Pts: 125274
Particle (31):: Fit: 10.3951	PB: 10.3951	LB: 40.0158	GB: 40.1323	Conf: 0.764227	Pts: 89463
Particle (43):: Fit: 37.282	PB: 37.282	LB: 40.1323	GB: 40.1323	Conf: 0.25451	Pts: 44656
Particle (12):: Fit: 10.4207	PB: 10.4207	LB: 39.5508	GB: 40.1323	Conf: 0.968493	Pts: 179337
Particle (32):: Fit: 40.3303	PB: 40.3303	LB: 40.3303	GB: 40.3303	Conf: 0.691606	Pts: 263223
Global: 40.3303 - Correct: 90% of 10 tests
Global Best: 
  Inner Net 1
  -- 1 : 1 = -0.00451155
  -- 1 : 2 = 0.0473114
  -- 1 : 3 = 0.0129414
  -- 1 : 4 = -0.357577
  -- 1 : 5 = -0.0404438
  -- 1 : 6 = 0.369091
  -- 1 : 7 = -0.194354
  -- 1 : 8 = -0.261716
  -- 1 : 9 = 0.101618
  -- 1 : 10 = 0.284209
  -- 2 : 1 = 0.560609
  -- 2 : 2 = -0.0790616
  -- 2 : 3 = 0.152615
  -- 2 : 4 = -0.29446
  -- 2 : 5 = -0.349944
  -- 2 : 6 = 0.0952656
  -- 2 : 7 = 0.379086
  -- 2 : 8 = -0.092317
  -- 2 : 9 = -0.107981
  -- 2 : 10 = -0.140495
  -- 3 : 1 = 0.397122
  -- 3 : 2 = -0.00990845
  -- 3 : 3 = -0.0109702
  -- 3 : 4 = 0.284454
  -- 3 : 5 = 0.120181
  -- 3 : 6 = 0.194097
  -- 3 : 7 = 0.279913
  -- 3 : 8 = 0.130292
  -- 3 : 9 = 0.0129537
  -- 3 : 10 = 0.0760692
  -- 4 : 1 = -0.391623
  -- 4 : 2 = 0.061471
  -- 4 : 3 = 0.0230219
  -- 4 : 4 = 0.160305
  -- 4 : 5 = 0.181781
  -- 4 : 6 = 0.0795357
  -- 4 : 7 = 0.0541316
  -- 4 : 8 = -0.0925825
  -- 4 : 9 = -0.132106
  -- 4 : 10 = 0.361204
  -- 5 : 1 = 0.328789
  -- 5 : 2 = -0.0474231
  -- 5 : 3 = -0.0196645
  -- 5 : 4 = 0.20314
  -- 5 : 5 = -0.171714
  -- 5 : 6 = 0.140523
  -- 5 : 7 = -0.252428
  -- 5 : 8 = 0.298534
  -- 5 : 9 = 0.218482
  -- 5 : 10 = -0.0902499
  -- 6 : 1 = 0.115611
  -- 6 : 2 = 0.0434626
  -- 6 : 3 = 0.261963
  -- 6 : 4 = 0.0982999
  -- 6 : 5 = -0.0699139
  -- 6 : 6 = 0.253601
  -- 6 : 7 = -0.0199085
  -- 6 : 8 = -0.156387
  -- 6 : 9 = -0.19468
  -- 6 : 10 = -0.307943
  -- 7 : 1 = -0.197095
  -- 7 : 2 = -0.00764721
  -- 7 : 3 = -0.0671413
  -- 7 : 4 = -0.139665
  -- 7 : 5 = 0.0183107
  -- 7 : 6 = 0.359457
  -- 7 : 7 = 0.012749
  -- 7 : 8 = 0.0244907
  -- 7 : 9 = 0.0376272
  -- 7 : 10 = -0.100682
  -- 8 : 1 = 0.422254
  -- 8 : 2 = -0.160888
  -- 8 : 3 = 0.0315915
  -- 8 : 4 = 0.300168
  -- 8 : 5 = -0.518162
  -- 8 : 6 = -0.106226
  -- 8 : 7 = -0.0797509
  -- 8 : 8 = -0.274039
  -- 8 : 9 = 0.0414521
  -- 8 : 10 = -0.22287
  -- 9 : 1 = 0.639973
  -- 9 : 2 = -0.129686
  -- 9 : 3 = 0.241294
  -- 9 : 4 = -0.108418
  -- 9 : 5 = -0.0277844
  -- 9 : 6 = 0.155207
  -- 9 : 7 = -0.285402
  -- 9 : 8 = 0.112872
  -- 9 : 9 = -0.190428
  -- 9 : 10 = 0.255232
  -- 10 : 1 = -0.380006
  -- 10 : 2 = -0.127509
  -- 10 : 3 = 0.0458104
  -- 10 : 4 = 0.0314935
  -- 10 : 5 = 0.213009
  -- 10 : 6 = -0.0525943
  -- 10 : 7 = 0.474815
  -- 10 : 8 = 0.141294
  -- 10 : 9 = -0.293699
  -- 10 : 10 = 0.0612759
  Inner Net 2
  -- 1 : 1 = 0.408841
  -- 1 : 2 = 0.335788
  -- 1 : 3 = -0.17428
  -- 1 : 4 = -0.100406
  -- 2 : 1 = 0.97672
  -- 2 : 2 = -0.347744
  -- 2 : 3 = 0.185281
  -- 2 : 4 = -0.224052
  -- 3 : 1 = -1
  -- 3 : 2 = -0.024659
  -- 3 : 3 = 0.361523
  -- 3 : 4 = 0.121685
  -- 4 : 1 = 0.5
  -- 4 : 2 = -0.292114
  -- 4 : 3 = 0.170669
  -- 4 : 4 = -0.216536
  -- 5 : 1 = 0.119626
  -- 5 : 2 = -0.0600244
  -- 5 : 3 = 0.418785
  -- 5 : 4 = -0.262434
  -- 6 : 1 = 0.0126329
  -- 6 : 2 = -0.130134
  -- 6 : 3 = -0.373381
  -- 6 : 4 = -0.454275
  -- 7 : 1 = -0.435582
  -- 7 : 2 = 0.20176
  -- 7 : 3 = -0.185301
  -- 7 : 4 = -0.195015
  -- 8 : 1 = 0.230035
  -- 8 : 2 = 0.398798
  -- 8 : 3 = 0.0948546
  -- 8 : 4 = -0.221788
  -- 9 : 1 = 0.233409
  -- 9 : 2 = 0.0426957
  -- 9 : 3 = -0.566655
  -- 9 : 4 = 0.0248132
  -- 10 : 1 = 0.399276
  -- 10 : 2 = 0.189584
  -- 10 : 3 = -0.139996
  -- 10 : 4 = 0.0242126
  Inner Net 3
  -- 1 : 1 = -0.644615
  -- 1 : 2 = -0.170941
  -- 2 : 1 = -0.0213002
  -- 2 : 2 = -0.0651539
  -- 3 : 1 = 0.508552
  -- 3 : 2 = 0.0400831
  -- 4 : 1 = 0.00886245
  -- 4 : 2 = 0.223275
Out\Act	False		True
False	0.689672	0.152308	0.84198
True	0.10614	0.0518801	0.15802
	0.795812	0.204188
	Accuracy [ (tp + tn) / testSize ]: 0.741552
	Precision [ tp / (tp + fp) ]:      0.253488
	Sensitivity [ tp / (tp + fn) ]:    0.327327
	Specificity [ tn / (tn + fp) ]:    0.818644
	F-Score [ 2tp / (2tp + fp + fn) ]: 0.286089
Particle (38):: Fit: 38.7419	PB: 38.7419	LB: 40.1323	GB: 40.3303	Conf: 0.303053	Pts: 123338
Particle (9):: Fit: 39.8409	PB: 39.8409	LB: 39.8409	GB: 40.3303	Conf: 0.160618	Pts: 142325
Particle (9):: Fit: 39.9149	PB: 39.9149	LB: 39.9149	GB: 40.3303	Conf: 0.184469	Pts: 191474
Particle (6):: Fit: 38.6804	PB: 38.6804	LB: 39.9149	GB: 40.3303	Conf: 0.244636	Pts: 136573
Particle (34):: Fit: 28.9452	PB: 28.9452	LB: 40.3303	GB: 40.3303	Conf: 0.157911	Pts: 50360
Particle (35):: Fit: 32.3159	PB: 32.3159	LB: 40.3303	GB: 40.3303	Conf: 0.225249	Pts: 34358
Particle (24):: Fit: 10.4771	PB: 10.4771	LB: 38.0072	GB: 40.3303	Conf: 0.840292	Pts: 44837
Particle (40):: Fit: 37.3316	PB: 37.3316	LB: 40.1323	GB: 40.3303	Conf: 0.195461	Pts: 87331
Particle (33):: Fit: 10.333	PB: 10.333	LB: 40.3303	GB: 40.3303	Conf: 0.789529	Pts: 32401
Particle (38):: Fit: 39.0103	PB: 39.0103	LB: 40.1323	GB: 40.3303	Conf: 0.345788	Pts: 117638
Particle (2):: Fit: 9.89207	PB: 9.89207	LB: 39.5854	GB: 40.3303	Conf: 0.352907	Pts: 66599
Particle (6):: Fit: 38.7334	PB: 38.7334	LB: 39.9149	GB: 40.3303	Conf: 0.286378	Pts: 131904
Particle (23):: Fit: 34.8278	PB: 34.8278	LB: 38.0072	GB: 40.3303	Conf: 0.219255	Pts: 76108
Particle (49):: Fit: 34.3984	PB: 34.3984	LB: 39.5854	GB: 40.3303	Conf: 0.607552	Pts: 54965
Particle (39):: Fit: 39.1941	PB: 39.1941	LB: 40.1323	GB: 40.3303	Conf: 0.117856	Pts: 136848
Particle (48):: Fit: 10.4215	PB: 10.4215	LB: 39.5854	GB: 40.3303	Conf: 0.954835	Pts: 60443
Particle (35):: Fit: 32.3973	PB: 32.3973	LB: 40.3303	GB: 40.3303	Conf: 0.222241	Pts: 29607
Particle (25):: Fit: 10.1804	PB: 10.1804	LB: 38.0072	GB: 40.3303	Conf: 0.634727	Pts: 29392
Particle (44):: Fit: 10.0991	PB: 10.0991	LB: 40.1323	GB: 40.3303	Conf: 0.361249	Pts: 67887
Particle (49):: Fit: 37.1273	PB: 37.1273	LB: 39.5854	GB: 40.3303	Conf: 0.732251	Pts: 51094
Particle (7):: Fit: 38.5626	PB: 38.5626	LB: 39.9149	GB: 40.3303	Conf: 0.405608	Pts: 140114
Particle (39):: Fit: 40.072	PB: 40.072	LB: 40.1323	GB: 40.3303	Conf: 0.0540833	Pts: 130868
Particle (6):: Fit: 38.8076	PB: 38.8076	LB: 39.9149	GB: 40.3303	Conf: 0.306691	Pts: 125098
Particle (40):: Fit: 37.6729	PB: 37.6729	LB: 40.1323	GB: 40.3303	Conf: 0.193997	Pts: 78726
Particle (25):: Fit: 10.2551	PB: 10.2551	LB: 38.0072	GB: 40.3303	Conf: 0.623219	Pts: 23883
Particle (2):: Fit: 9.95896	PB: 9.95896	LB: 39.5854	GB: 40.3303	Conf: 0.348569	Pts: 57916
Particle (30):: Fit: 10.4853	PB: 10.4853	LB: 40.3303	GB: 40.3303	Conf: 0.953955	Pts: 167114
Particle (42):: Fit: 10.256	PB: 10.256	LB: 40.1323	GB: 40.3303	Conf: 0.627355	Pts: 17432
Particle (26):: Fit: 38.6552	PB: 38.6552	LB: 38.6552	GB: 40.3303	Conf: 0.275422	Pts: 67137
Particle (4):: Fit: 10.485	PB: 10.485	LB: 39.9149	GB: 40.3303	Conf: 0.907236	Pts: 104457
Particle (43):: Fit: 40.6839	PB: 40.6839	LB: 40.6839	GB: 40.6839	Conf: 0.372591	Pts: 83968
Global: 40.6839 - Correct: 90% of 10 tests
Global Best: 
  Inner Net 1
  -- 1 : 1 = 0.511523
  -- 1 : 2 = -0.206728
  -- 1 : 3 = -0.0960383
  -- 1 : 4 = 0.0347729
  -- 1 : 5 = -0.27048
  -- 1 : 6 = -0.344773
  -- 1 : 7 = -0.17554
  -- 1 : 8 = 0.143424
  -- 1 : 9 = 0.051472
  -- 1 : 10 = 0.0825078
  -- 2 : 1 = 0.303832
  -- 2 : 2 = 0.11131
  -- 2 : 3 = 0.103587
  -- 2 : 4 = -0.14663
  -- 2 : 5 = 0.0359623
  -- 2 : 6 = -0.0197186
  -- 2 : 7 = 0.389529
  -- 2 : 8 = -0.176234
  -- 2 : 9 = 0.132958
  -- 2 : 10 = -0.0254102
  -- 3 : 1 = 0.423048
  -- 3 : 2 = -0.451128
  -- 3 : 3 = 0.181397
  -- 3 : 4 = -0.0935318
  -- 3 : 5 = 0.0550356
  -- 3 : 6 = -0.0212451
  -- 3 : 7 = 0.297404
  -- 3 : 8 = -0.347301
  -- 3 : 9 = 0.500155
  -- 3 : 10 = -0.277668
  -- 4 : 1 = -0.321863
  -- 4 : 2 = -0.121046
  -- 4 : 3 = 0.0531743
  -- 4 : 4 = 0.122514
  -- 4 : 5 = -0.002975
  -- 4 : 6 = 0.0400987
  -- 4 : 7 = 0.341204
  -- 4 : 8 = -0.171163
  -- 4 : 9 = -0.317856
  -- 4 : 10 = -0.00887706
  -- 5 : 1 = -0.403983
  -- 5 : 2 = -0.278195
  -- 5 : 3 = 0.462428
  -- 5 : 4 = 0.0615062
  -- 5 : 5 = -0.366864
  -- 5 : 6 = 0.136679
  -- 5 : 7 = 0.0117239
  -- 5 : 8 = -0.189556
  -- 5 : 9 = -0.147333
  -- 5 : 10 = -0.00709759
  -- 6 : 1 = -0.0575083
  -- 6 : 2 = 0.158973
  -- 6 : 3 = 0.341911
  -- 6 : 4 = -0.152768
  -- 6 : 5 = -0.550694
  -- 6 : 6 = -0.223164
  -- 6 : 7 = 0.29294
  -- 6 : 8 = -0.189157
  -- 6 : 9 = 0.128619
  -- 6 : 10 = -0.277815
  -- 7 : 1 = 0.0246098
  -- 7 : 2 = 0.0112927
  -- 7 : 3 = -0.0750792
  -- 7 : 4 = -0.202709
  -- 7 : 5 = 0.340205
  -- 7 : 6 = 0.0308379
  -- 7 : 7 = -0.229758
  -- 7 : 8 = -0.263828
  -- 7 : 9 = -0.125252
  -- 7 : 10 = 0.279828
  -- 8 : 1 = 0.515493
  -- 8 : 2 = 0.295057
  -- 8 : 3 = 0.0257972
  -- 8 : 4 = -0.0301792
  -- 8 : 5 = 0.206204
  -- 8 : 6 = 0.0232766
  -- 8 : 7 = 0.152117
  -- 8 : 8 = -0.433393
  -- 8 : 9 = 0.115252
  -- 8 : 10 = -0.00843745
  -- 9 : 1 = 0.319312
  -- 9 : 2 = 0.133694
  -- 9 : 3 = 0.0230986
  -- 9 : 4 = -0.237239
  -- 9 : 5 = 0.0728401
  -- 9 : 6 = 0.0894268
  -- 9 : 7 = -0.183263
  -- 9 : 8 = 0.327622
  -- 9 : 9 = -0.442792
  -- 9 : 10 = 0.265808
  -- 10 : 1 = -0.407514
  -- 10 : 2 = -0.0318906
  -- 10 : 3 = -0.203767
  -- 10 : 4 = 0.0998783
  -- 10 : 5 = 0.234548
  -- 10 : 6 = 0.278938
  -- 10 : 7 = -0.136367
  -- 10 : 8 = -0.444718
  -- 10 : 9 = -0.265991
  -- 10 : 10 = -0.122821
  Inner Net 2
  -- 1 : 1 = 0.517608
  -- 1 : 2 = 0.285422
  -- 1 : 3 = -0.149621
  -- 1 : 4 = -0.0780365
  -- 2 : 1 = 0.5
  -- 2 : 2 = 0.0960329
  -- 2 : 3 = -0.0824242
  -- 2 : 4 = -0.161512
  -- 3 : 1 = 0.732328
  -- 3 : 2 = -0.340004
  -- 3 : 3 = 0.424928
  -- 3 : 4 = -0.539637
  -- 4 : 1 = -1
  -- 4 : 2 = -0.0749525
  -- 4 : 3 = 0.110278
  -- 4 : 4 = -0.595483
  -- 5 : 1 = 0.0452917
  -- 5 : 2 = -0.262515
  -- 5 : 3 = -1
  -- 5 : 4 = 0.160461
  -- 6 : 1 = 0.202764
  -- 6 : 2 = 0.40263
  -- 6 : 3 = -0.0737926
  -- 6 : 4 = -0.0587203
  -- 7 : 1 = 1
  -- 7 : 2 = 0.28689
  -- 7 : 3 = 0.413326
  -- 7 : 4 = -0.318437
  -- 8 : 1 = 0.0598829
  -- 8 : 2 = 0.245272
  -- 8 : 3 = -0.0966291
  -- 8 : 4 = 0.0523308
  -- 9 : 1 = 0.211628
  -- 9 : 2 = 0.328342
  -- 9 : 3 = 0.247519
  -- 9 : 4 = -0.106526
  -- 10 : 1 = 0.675318
  -- 10 : 2 = 0.276371
  -- 10 : 3 = -0.318718
  -- 10 : 4 = 0.304761
  Inner Net 3
  -- 1 : 1 = -0.336205
  -- 1 : 2 = -0.269499
  -- 2 : 1 = -0.0255685
  -- 2 : 2 = 0.110907
  -- 3 : 1 = 0.661922
  -- 3 : 2 = 0.103463
  -- 4 : 1 = -0.0921975
  -- 4 : 2 = -0.09923
Out\Act	False		True
False	0.499286	0.342694	0.84198
True	0.100428	0.0575916	0.15802
	0.599714	0.400286
	Accuracy [ (tp + tn) / testSize ]: 0.556878
	Precision [ tp / (tp + fp) ]:      0.143705
	Sensitivity [ tp / (tp + fn) ]:    0.363363
	Specificity [ tn / (tn + fp) ]:    0.592655
	F-Score [ 2tp / (2tp + fp + fn) ]: 0.206133
Particle (6):: Fit: 40.0332	PB: 40.0332	LB: 40.0332	GB: 40.6839	Conf: 0.239401	Pts: 167421
Particle (5):: Fit: 31.6376	PB: 31.6376	LB: 40.0332	GB: 40.6839	Conf: 0.625721	Pts: 27199
Particle (30):: Fit: 10.4864	PB: 10.4864	LB: 40.3303	GB: 40.6839	Conf: 0.950798	Pts: 161119
Particle (48):: Fit: 10.4217	PB: 10.4217	LB: 39.5854	GB: 40.6839	Conf: 0.957892	Pts: 45963
Particle (29):: Fit: 10.3511	PB: 10.3511	LB: 40.3303	GB: 40.6839	Conf: 0.942134	Pts: 36233
Global Best: 
  Inner Net 1
  -- 1 : 1 = 0.511523
  -- 1 : 2 = -0.206728
  -- 1 : 3 = -0.0960383
  -- 1 : 4 = 0.0347729
  -- 1 : 5 = -0.27048
  -- 1 : 6 = -0.344773
  -- 1 : 7 = -0.17554
  -- 1 : 8 = 0.143424
  -- 1 : 9 = 0.051472
  -- 1 : 10 = 0.0825078
  -- 2 : 1 = 0.303832
  -- 2 : 2 = 0.11131
  -- 2 : 3 = 0.103587
  -- 2 : 4 = -0.14663
  -- 2 : 5 = 0.0359623
  -- 2 : 6 = -0.0197186
  -- 2 : 7 = 0.389529
  -- 2 : 8 = -0.176234
  -- 2 : 9 = 0.132958
  -- 2 : 10 = -0.0254102
  -- 3 : 1 = 0.423048
  -- 3 : 2 = -0.451128
  -- 3 : 3 = 0.181397
  -- 3 : 4 = -0.0935318
  -- 3 : 5 = 0.0550356
  -- 3 : 6 = -0.0212451
  -- 3 : 7 = 0.297404
  -- 3 : 8 = -0.347301
  -- 3 : 9 = 0.500155
  -- 3 : 10 = -0.277668
  -- 4 : 1 = -0.321863
  -- 4 : 2 = -0.121046
  -- 4 : 3 = 0.0531743
  -- 4 : 4 = 0.122514
  -- 4 : 5 = -0.002975
  -- 4 : 6 = 0.0400987
  -- 4 : 7 = 0.341204
  -- 4 : 8 = -0.171163
  -- 4 : 9 = -0.317856
  -- 4 : 10 = -0.00887706
  -- 5 : 1 = -0.403983
  -- 5 : 2 = -0.278195
  -- 5 : 3 = 0.462428
  -- 5 : 4 = 0.0615062
  -- 5 : 5 = -0.366864
  -- 5 : 6 = 0.136679
  -- 5 : 7 = 0.0117239
  -- 5 : 8 = -0.189556
  -- 5 : 9 = -0.147333
  -- 5 : 10 = -0.00709759
  -- 6 : 1 = -0.0575083
  -- 6 : 2 = 0.158973
  -- 6 : 3 = 0.341911
  -- 6 : 4 = -0.152768
  -- 6 : 5 = -0.550694
  -- 6 : 6 = -0.223164
  -- 6 : 7 = 0.29294
  -- 6 : 8 = -0.189157
  -- 6 : 9 = 0.128619
  -- 6 : 10 = -0.277815
  -- 7 : 1 = 0.0246098
  -- 7 : 2 = 0.0112927
  -- 7 : 3 = -0.0750792
  -- 7 : 4 = -0.202709
  -- 7 : 5 = 0.340205
  -- 7 : 6 = 0.0308379
  -- 7 : 7 = -0.229758
  -- 7 : 8 = -0.263828
  -- 7 : 9 = -0.125252
  -- 7 : 10 = 0.279828
  -- 8 : 1 = 0.515493
  -- 8 : 2 = 0.295057
  -- 8 : 3 = 0.0257972
  -- 8 : 4 = -0.0301792
  -- 8 : 5 = 0.206204
  -- 8 : 6 = 0.0232766
  -- 8 : 7 = 0.152117
  -- 8 : 8 = -0.433393
  -- 8 : 9 = 0.115252
  -- 8 : 10 = -0.00843745
  -- 9 : 1 = 0.319312
  -- 9 : 2 = 0.133694
  -- 9 : 3 = 0.0230986
  -- 9 : 4 = -0.237239
  -- 9 : 5 = 0.0728401
  -- 9 : 6 = 0.0894268
  -- 9 : 7 = -0.183263
  -- 9 : 8 = 0.327622
  -- 9 : 9 = -0.442792
  -- 9 : 10 = 0.265808
  -- 10 : 1 = -0.407514
  -- 10 : 2 = -0.0318906
  -- 10 : 3 = -0.203767
  -- 10 : 4 = 0.0998783
  -- 10 : 5 = 0.234548
  -- 10 : 6 = 0.278938
  -- 10 : 7 = -0.136367
  -- 10 : 8 = -0.444718
  -- 10 : 9 = -0.265991
  -- 10 : 10 = -0.122821
  Inner Net 2
  -- 1 : 1 = 0.517608
  -- 1 : 2 = 0.285422
  -- 1 : 3 = -0.149621
  -- 1 : 4 = -0.0780365
  -- 2 : 1 = 0.5
  -- 2 : 2 = 0.0960329
  -- 2 : 3 = -0.0824242
  -- 2 : 4 = -0.161512
  -- 3 : 1 = 0.732328
  -- 3 : 2 = -0.340004
  -- 3 : 3 = 0.424928
  -- 3 : 4 = -0.539637
  -- 4 : 1 = -1
  -- 4 : 2 = -0.0749525
  -- 4 : 3 = 0.110278
  -- 4 : 4 = -0.595483
  -- 5 : 1 = 0.0452917
  -- 5 : 2 = -0.262515
  -- 5 : 3 = -1
  -- 5 : 4 = 0.160461
  -- 6 : 1 = 0.202764
  -- 6 : 2 = 0.40263
  -- 6 : 3 = -0.0737926
  -- 6 : 4 = -0.0587203
  -- 7 : 1 = 1
  -- 7 : 2 = 0.28689
  -- 7 : 3 = 0.413326
  -- 7 : 4 = -0.318437
  -- 8 : 1 = 0.0598829
  -- 8 : 2 = 0.245272
  -- 8 : 3 = -0.0966291
  -- 8 : 4 = 0.0523308
  -- 9 : 1 = 0.211628
  -- 9 : 2 = 0.328342
  -- 9 : 3 = 0.247519
  -- 9 : 4 = -0.106526
  -- 10 : 1 = 0.675318
  -- 10 : 2 = 0.276371
  -- 10 : 3 = -0.318718
  -- 10 : 4 = 0.304761
  Inner Net 3
  -- 1 : 1 = -0.336205
  -- 1 : 2 = -0.269499
  -- 2 : 1 = -0.0255685
  -- 2 : 2 = 0.110907
  -- 3 : 1 = 0.661922
  -- 3 : 2 = 0.103463
  -- 4 : 1 = -0.0921975
  -- 4 : 2 = -0.09923
Out\Act	False		True
False	0.499286	0.342694	0.84198
True	0.100428	0.0575916	0.15802
	0.599714	0.400286
	Accuracy [ (tp + tn) / testSize ]: 0.556878
	Precision [ tp / (tp + fp) ]:      0.143705
	Sensitivity [ tp / (tp + fn) ]:    0.363363
	Specificity [ tn / (tn + fp) ]:    0.592655
	F-Score [ 2tp / (2tp + fp + fn) ]: 0.206133
