
Date / Time: Fri Mar 31 04:28:47 2017

   ****************************************
   * PSO Neural Net (Gaussian Activation) *
   *       by William Boler, BSCE         *
   *     Research Assistant, IUPUI        *
   *                                      *
   *  Professor: Dr. Lauren Christopher   *
   *     Created: March 13, 2017          *
   ****************************************


Inputs: 6
Inner Nets: 1
 - 5
Tests per train(min): 100
Particles: 50
Neighbors: 10
Minimum Particle Iterations: 1000
Particle (0):: Fit: 0.0118909	PB: 0.0118909	LB: 0.0118909	GB: 0.0118909	Conf: 2	Pts: 110099
Particle (1):: Fit: 0.000985106	PB: 0.000985106	LB: 0.0118909	GB: 0.0118909	Conf: 1.92822	Pts: 55099
Particle (2):: Fit: 0.00119208	PB: 0.00119208	LB: 0.0118909	GB: 0.0118909	Conf: 0.755876	Pts: 60099
Particle (3):: Fit: 0.010668	PB: 0.010668	LB: 0.0118909	GB: 0.0118909	Conf: 1.74222	Pts: 65099
Particle (4):: Fit: 0.00100551	PB: 0.00100551	LB: 0.0118909	GB: 0.0118909	Conf: 2	Pts: 55099
Particle (5):: Fit: 0.000836734	PB: 0.000836734	LB: 0.010668	GB: 0.0118909	Conf: 0.854006	Pts: 55099
Particle (6):: Fit: 0.00063205	PB: 0.00063205	LB: 0.010668	GB: 0.0118909	Conf: 1.44642	Pts: 55099
Particle (7):: Fit: 0.0110799	PB: 0.0110799	LB: 0.0110799	GB: 0.0118909	Conf: 1.8373	Pts: 85099
Particle (8):: Fit: 0.010871	PB: 0.010871	LB: 0.0110799	GB: 0.0118909	Conf: 2	Pts: 55099
Particle (9):: Fit: 0.010871	PB: 0.010871	LB: 0.0110799	GB: 0.0118909	Conf: 2	Pts: 55099
Particle (10):: Fit: 0.00986277	PB: 0.00986277	LB: 0.0110799	GB: 0.0118909	Conf: 1.84425	Pts: 55099
Particle (11):: Fit: 0.010667	PB: 0.010667	LB: 0.0110799	GB: 0.0118909	Conf: 2	Pts: 60099
Particle (12):: Fit: 0.108782	PB: 0.108782	LB: 0.108782	GB: 0.108782	Conf: 1.04249	Pts: 110099
Particle (13):: Fit: 0.000842305	PB: 0.000842305	LB: 0.108782	GB: 0.108782	Conf: 2	Pts: 55099
Particle (14):: Fit: 0.000801502	PB: 0.000801502	LB: 0.108782	GB: 0.108782	Conf: 2	Pts: 55099
Particle (15):: Fit: 0.0120949	PB: 0.0120949	LB: 0.108782	GB: 0.108782	Conf: 2	Pts: 65099
Particle (16):: Fit: 0.011688	PB: 0.011688	LB: 0.108782	GB: 0.108782	Conf: 0.567188	Pts: 55099
Particle (17):: Fit: 0.0104631	PB: 0.0104631	LB: 0.0120949	GB: 0.108782	Conf: 2	Pts: 55099
Particle (18):: Fit: 0.0102663	PB: 0.0102663	LB: 0.0120949	GB: 0.108782	Conf: 1.93284	Pts: 55099
Particle (19):: Fit: 0.010667	PB: 0.010667	LB: 0.0120949	GB: 0.108782	Conf: 2	Pts: 65099
Particle (20):: Fit: 0.0116869	PB: 0.0116869	LB: 0.011688	GB: 0.108782	Conf: 2	Pts: 70099
Particle (21):: Fit: 0.0106673	PB: 0.0106673	LB: 0.0116869	GB: 0.108782	Conf: 1.51953	Pts: 55099
Particle (22):: Fit: 0.000862706	PB: 0.000862706	LB: 0.0116869	GB: 0.108782	Conf: 2	Pts: 55099
Particle (23):: Fit: 0.011279	PB: 0.011279	LB: 0.0116869	GB: 0.108782	Conf: 1.98763	Pts: 65099
Particle (24):: Fit: 0.0102717	PB: 0.0102717	LB: 0.0116869	GB: 0.108782	Conf: 1.70184	Pts: 55099
Particle (25):: Fit: 0.010667	PB: 0.010667	LB: 0.011279	GB: 0.108782	Conf: 2	Pts: 60099
Particle (26):: Fit: 0.010667	PB: 0.010667	LB: 0.011279	GB: 0.108782	Conf: 2	Pts: 55099
Particle (27):: Fit: 0.0104637	PB: 0.0104637	LB: 0.011279	GB: 0.108782	Conf: 0.716414	Pts: 55099
Particle (28):: Fit: 0.000862706	PB: 0.000862706	LB: 0.010667	GB: 0.108782	Conf: 2	Pts: 55099
Particle (29):: Fit: 0.011279	PB: 0.011279	LB: 0.011279	GB: 0.108782	Conf: 2	Pts: 80099
Particle (30):: Fit: 0.000719891	PB: 0.000719891	LB: 0.011279	GB: 0.108782	Conf: 2	Pts: 55099
Particle (31):: Fit: 0.00102591	PB: 0.00102591	LB: 0.011279	GB: 0.108782	Conf: 2	Pts: 60099
Particle (32):: Fit: 0.011279	PB: 0.011279	LB: 0.011279	GB: 0.108782	Conf: 1.96875	Pts: 100099
Particle (33):: Fit: 0.011483	PB: 0.011483	LB: 0.011483	GB: 0.108782	Conf: 2	Pts: 100099
Particle (34):: Fit: 0.000944356	PB: 0.000944356	LB: 0.011483	GB: 0.108782	Conf: 1.15689	Pts: 55099
Particle (35):: Fit: 0.010871	PB: 0.010871	LB: 0.011483	GB: 0.108782	Conf: 2	Pts: 60099
Particle (36):: Fit: 0.000985109	PB: 0.000985109	LB: 0.011483	GB: 0.108782	Conf: 1.98213	Pts: 55099
Particle (37):: Fit: 0.0104631	PB: 0.0104631	LB: 0.011483	GB: 0.108782	Conf: 1.79395	Pts: 60099
Particle (38):: Fit: 0.114893	PB: 0.114893	LB: 0.114893	GB: 0.114893	Conf: 0.696771	Pts: 110099
Particle (39):: Fit: 0.00100551	PB: 0.00100551	LB: 0.114893	GB: 0.114893	Conf: 2	Pts: 55099
Particle (40):: Fit: 0.000924204	PB: 0.000924204	LB: 0.114893	GB: 0.114893	Conf: 1.95287	Pts: 55099
Particle (41):: Fit: 0.00090354	PB: 0.00090354	LB: 0.114893	GB: 0.114893	Conf: 0.158597	Pts: 50099
Particle (42):: Fit: 0.110593	PB: 0.110593	LB: 0.114893	GB: 0.114893	Conf: 1.64505	Pts: 70099
Particle (43):: Fit: 0.000985168	PB: 0.000985168	LB: 0.110593	GB: 0.114893	Conf: 0.325682	Pts: 50099
Particle (44):: Fit: 0.000903532	PB: 0.000903532	LB: 0.110593	GB: 0.114893	Conf: 1.46744	Pts: 50099
Particle (45):: Fit: 0.00963998	PB: 0.00963998	LB: 0.110593	GB: 0.114893	Conf: 1.78341	Pts: 50099
Particle (46):: Fit: 0.0104638	PB: 0.0104638	LB: 0.110593	GB: 0.114893	Conf: 0.430783	Pts: 50099
Particle (47):: Fit: 0.010871	PB: 0.010871	LB: 0.0118909	GB: 0.114893	Conf: 1.95642	Pts: 50099
Particle (48):: Fit: 0.000903565	PB: 0.000903565	LB: 0.0118909	GB: 0.114893	Conf: 1.98029	Pts: 50099
Particle (49):: Fit: 0.000883107	PB: 0.000883107	LB: 0.0118909	GB: 0.114893	Conf: 2	Pts: 50099
Global: 0.114893 - Correct: 60% of 100 tests
Global Best: 
  Inner Net 1
  -- 1 : 1 = 0.2048
  -- 1 : 2 = 0.9687
  -- 1 : 3 = 0.257
  -- 1 : 4 = 0.4556
  -- 1 : 5 = 0.2996
  -- 2 : 1 = 0.8568
  -- 2 : 2 = 0.037
  -- 2 : 3 = 0.3263
  -- 2 : 4 = 0.8523
  -- 2 : 5 = 0.4208
  -- 3 : 1 = 0.3589
  -- 3 : 2 = 0.0025
  -- 3 : 3 = 0.0003
  -- 3 : 4 = 0.3988
  -- 3 : 5 = 0.579
  -- 4 : 1 = 0.1259
  -- 4 : 2 = 0.0041
  -- 4 : 3 = 0.9219
  -- 4 : 4 = 0.4839
  -- 4 : 5 = 0.4197
  -- 5 : 1 = 0.913
  -- 5 : 2 = 0.3936
  -- 5 : 3 = 0.6303
  -- 5 : 4 = 0.6732
  -- 5 : 5 = 0.5578
  -- 6 : 1 = 0.6688
  -- 6 : 2 = 0.2028
  -- 6 : 3 = 0.0458
  -- 6 : 4 = 0.7432
  -- 6 : 5 = 0.6487
  Inner Net 2
  -- 1 : 1 = 0.1547
  -- 1 : 2 = -0.0340513
  -- 2 : 1 = 0.1434
  -- 2 : 2 = 0.3478
  -- 3 : 1 = -0.355777
  -- 3 : 2 = 0.1919
  -- 4 : 1 = -0.1011
  -- 4 : 2 = 0.168
  -- 5 : 1 = -0.2555
  -- 5 : 2 = -0.114
Out\Act	False		True
False	0.801047	0.0409329	0.84198
True	0.112327	0.0456925	0.15802
	0.913375	0.0866254
	Accuracy [ (tp + tn) / testSize ]: 0.84674
	Precision [ tp / (tp + fp) ]:      0.52459
	Sensitivity [ tp / (tp + fn) ]:    0.288288
	Specificity [ tn / (tn + fp) ]:    0.950847
	F-Score [ 2tp / (2tp + fp + fn) ]: 0.372816
Particle (1):: Fit: 0.0114886	PB: 0.0114886	LB: 0.0118909	GB: 0.114893	Conf: 1.91089	Pts: 60198
Particle (4):: Fit: 0.0127068	PB: 0.0127068	LB: 0.0127068	GB: 0.114893	Conf: 2	Pts: 95198
Particle (5):: Fit: 0.0103774	PB: 0.0103774	LB: 0.0127068	GB: 0.114893	Conf: 0.668669	Pts: 55198
Particle (7):: Fit: 0.108743	PB: 0.108743	LB: 0.108782	GB: 0.114893	Conf: 1.90211	Pts: 110198
Particle (9):: Fit: 0.011483	PB: 0.011483	LB: 0.108782	GB: 0.114893	Conf: 2	Pts: 55198
Particle (10):: Fit: 0.0122991	PB: 0.0122991	LB: 0.108782	GB: 0.114893	Conf: 1.86237	Pts: 55198
Particle (13):: Fit: 0.000964709	PB: 0.000964709	LB: 0.108782	GB: 0.114893	Conf: 2	Pts: 55198
Particle (14):: Fit: 0.000883107	PB: 0.000883107	LB: 0.108782	GB: 0.114893	Conf: 2	Pts: 55198
Particle (19):: Fit: 0.011279	PB: 0.011279	LB: 0.0120949	GB: 0.114893	Conf: 1.96573	Pts: 65198
Particle (22):: Fit: 0.00100551	PB: 0.00100551	LB: 0.0116869	GB: 0.114893	Conf: 2	Pts: 55198
Particle (25):: Fit: 0.011483	PB: 0.011483	LB: 0.011483	GB: 0.114893	Conf: 2	Pts: 75198
Particle (26):: Fit: 0.011075	PB: 0.011075	LB: 0.011483	GB: 0.114893	Conf: 2	Pts: 55198
Particle (28):: Fit: 0.0125028	PB: 0.0125028	LB: 0.0125028	GB: 0.114893	Conf: 2	Pts: 105198
Particle (30):: Fit: 0.00102591	PB: 0.00102591	LB: 0.0125028	GB: 0.114893	Conf: 2	Pts: 55198
Particle (31):: Fit: 0.011483	PB: 0.011483	LB: 0.0125028	GB: 0.114893	Conf: 2	Pts: 60198
Particle (34):: Fit: 0.000959949	PB: 0.000959949	LB: 0.114893	GB: 0.114893	Conf: 0.665303	Pts: 55198
Particle (35):: Fit: 0.011279	PB: 0.011279	LB: 0.114893	GB: 0.114893	Conf: 2	Pts: 60198
Particle (36):: Fit: 0.00102591	PB: 0.00102591	LB: 0.114893	GB: 0.114893	Conf: 1.98105	Pts: 55198
Particle (37):: Fit: 0.108708	PB: 0.108708	LB: 0.114893	GB: 0.114893	Conf: 1.85241	Pts: 65198
Particle (40):: Fit: 0.000985485	PB: 0.000985485	LB: 0.114893	GB: 0.114893	Conf: 1.92753	Pts: 55198
Particle (42):: Fit: 0.120579	PB: 0.120579	LB: 0.120579	GB: 0.120579	Conf: 1.46953	Pts: 130198
Particle (44):: Fit: 0.00984954	PB: 0.00984954	LB: 0.120579	GB: 0.120579	Conf: 1.65373	Pts: 50198
Particle (48):: Fit: 0.00102591	PB: 0.00102591	LB: 0.0118909	GB: 0.120579	Conf: 2	Pts: 50198
Particle (49):: Fit: 0.010667	PB: 0.010667	LB: 0.0127068	GB: 0.120579	Conf: 2	Pts: 50198
Global: 0.120579 - Correct: 58% of 100 tests
Global Best: 
  Inner Net 1
  -- 1 : 1 = 0.3785
  -- 1 : 2 = 0.0642
  -- 1 : 3 = 0.2316
  -- 1 : 4 = 0.6768
  -- 1 : 5 = 0.659
  -- 2 : 1 = 0.0246
  -- 2 : 2 = 0.0643
  -- 2 : 3 = 0.5244
  -- 2 : 4 = 0.9265
  -- 2 : 5 = 0.0498
  -- 3 : 1 = 0.6657
  -- 3 : 2 = 0.5758
  -- 3 : 3 = 0.0201
  -- 3 : 4 = 0.1359
  -- 3 : 5 = 0.609
  -- 4 : 1 = 0.2073
  -- 4 : 2 = 0.8397
  -- 4 : 3 = 0.1803
  -- 4 : 4 = 0.1393
  -- 4 : 5 = 0.5982
  -- 5 : 1 = 0.0164
  -- 5 : 2 = 0.7582
  -- 5 : 3 = 0.0577
  -- 5 : 4 = 0.9141
  -- 5 : 5 = 0.7741
  -- 6 : 1 = 0.1229
  -- 6 : 2 = 0.7274
  -- 6 : 3 = 0.7178
  -- 6 : 4 = 0.0416
  -- 6 : 5 = 0.9966
  Inner Net 2
  -- 1 : 1 = -0.00102812
  -- 1 : 2 = -0.0642053
  -- 2 : 1 = -0.178818
  -- 2 : 2 = -0.391286
  -- 3 : 1 = -0.3125
  -- 3 : 2 = -0.0919489
  -- 4 : 1 = -0.235585
  -- 4 : 2 = -0.122305
  -- 5 : 1 = -0.3373
  -- 5 : 2 = -0.342623
Out\Act	False		True
False	0.84198	0	0.84198
True	0.15802	0	0.15802
	1	0
	Accuracy [ (tp + tn) / testSize ]: 0.84198
	Precision [ tp / (tp + fp) ]:      0
	Sensitivity [ tp / (tp + fn) ]:    0
	Specificity [ tn / (tn + fp) ]:    0.999435
	F-Score [ 2tp / (2tp + fp + fn) ]: 0
Particle (3):: Fit: 0.125088	PB: 0.125088	LB: 0.125088	GB: 0.125088	Conf: 1.69537	Pts: 125197
Particle (6):: Fit: 0.011689	PB: 0.011689	LB: 0.125088	GB: 0.125088	Conf: 1.00752	Pts: 55196
Particle (14):: Fit: 0.000964709	PB: 0.000964709	LB: 0.108782	GB: 0.125088	Conf: 2	Pts: 55297
Particle (18):: Fit: 0.114897	PB: 0.114897	LB: 0.114897	GB: 0.125088	Conf: 1.95389	Pts: 105197
Particle (21):: Fit: 0.0110801	PB: 0.0110801	LB: 0.114897	GB: 0.125088	Conf: 1.51233	Pts: 55197
Particle (22):: Fit: 0.011279	PB: 0.011279	LB: 0.114897	GB: 0.125088	Conf: 2	Pts: 55297
Particle (25):: Fit: 0.0118909	PB: 0.0118909	LB: 0.0125028	GB: 0.125088	Conf: 2	Pts: 75297
Particle (29):: Fit: 0.0116869	PB: 0.0116869	LB: 0.0125028	GB: 0.125088	Conf: 2	Pts: 80197
Particle (36):: Fit: 0.010667	PB: 0.010667	LB: 0.114893	GB: 0.125088	Conf: 2	Pts: 55297
Particle (39):: Fit: 0.011483	PB: 0.011483	LB: 0.120579	GB: 0.125088	Conf: 2	Pts: 55197
Particle (41):: Fit: 0.00102157	PB: 0.00102157	LB: 0.120579	GB: 0.125088	Conf: 0.743739	Pts: 50197
Particle (43):: Fit: 0.00100557	PB: 0.00100557	LB: 0.120579	GB: 0.125088	Conf: 0.268227	Pts: 50197
Particle (45):: Fit: 0.0108655	PB: 0.0108655	LB: 0.120579	GB: 0.125088	Conf: 1.75063	Pts: 50197
Particle (46):: Fit: 0.0104638	PB: 0.0104638	LB: 0.120579	GB: 0.125088	Conf: 0.498853	Pts: 50197
Particle (48):: Fit: 0.011483	PB: 0.011483	LB: 0.125088	GB: 0.125088	Conf: 2	Pts: 50297
Global: 0.125088 - Correct: 41% of 100 tests
Global Best: 
  Inner Net 1
  -- 1 : 1 = 0.8204
  -- 1 : 2 = 0.3117
  -- 1 : 3 = 0.2055
  -- 1 : 4 = 0.5446
  -- 1 : 5 = 0.0566
  -- 2 : 1 = 0.6302
  -- 2 : 2 = 0.4204
  -- 2 : 3 = 0.0194
  -- 2 : 4 = 0.7838
  -- 2 : 5 = 0.0966
  -- 3 : 1 = 0.4311
  -- 3 : 2 = 0.0809
  -- 3 : 3 = 0.6265
  -- 3 : 4 = 0.9317
  -- 3 : 5 = 0.654
  -- 4 : 1 = 0.0967
  -- 4 : 2 = 0.4548
  -- 4 : 3 = 0.138
  -- 4 : 4 = 0.6044
  -- 4 : 5 = 0.6079
  -- 5 : 1 = 0.1318
  -- 5 : 2 = 0.5376
  -- 5 : 3 = 0.0065
  -- 5 : 4 = 0.7231
  -- 5 : 5 = 0.1251
  -- 6 : 1 = 0.1371
  -- 6 : 2 = 0.3399
  -- 6 : 3 = 0.4662
  -- 6 : 4 = 0.9363
  -- 6 : 5 = 0.0752
  Inner Net 2
  -- 1 : 1 = -0.283507
  -- 1 : 2 = 0.204616
  -- 2 : 1 = -0.32319
  -- 2 : 2 = 0.2238
  -- 3 : 1 = 0.164677
  -- 3 : 2 = -0.105158
  -- 4 : 1 = -0.2511
  -- 4 : 2 = 0.0889808
  -- 5 : 1 = -0.123
  -- 5 : 2 = -0.450526
Out\Act	False		True
False	0.84198	0	0.84198
True	0.15802	0	0.15802
	1	0
	Accuracy [ (tp + tn) / testSize ]: 0.84198
	Precision [ tp / (tp + fp) ]:      0
	Sensitivity [ tp / (tp + fn) ]:    0
	Specificity [ tn / (tn + fp) ]:    0.999435
	F-Score [ 2tp / (2tp + fp + fn) ]: 0
Particle (13):: Fit: 0.0104631	PB: 0.0104631	LB: 0.114897	GB: 0.125088	Conf: 2	Pts: 55296
Particle (14):: Fit: 0.0116869	PB: 0.0116869	LB: 0.114897	GB: 0.125088	Conf: 1.98487	Pts: 55396
Particle (17):: Fit: 0.011279	PB: 0.011279	LB: 0.114897	GB: 0.125088	Conf: 2	Pts: 55196
Particle (30):: Fit: 0.011483	PB: 0.011483	LB: 0.0125028	GB: 0.125088	Conf: 2	Pts: 55296
Particle (34):: Fit: 0.00102595	PB: 0.00102595	LB: 0.114893	GB: 0.125088	Conf: 0.747254	Pts: 55296
Particle (40):: Fit: 0.01026	PB: 0.01026	LB: 0.120579	GB: 0.125088	Conf: 1.98414	Pts: 55296
Particle (41):: Fit: 0.00106162	PB: 0.00106162	LB: 0.120579	GB: 0.125088	Conf: 0.658454	Pts: 50296
Particle (42):: Fit: 0.131103	PB: 0.131103	LB: 0.131103	GB: 0.131103	Conf: 1.62834	Pts: 190296
Particle (45):: Fit: 0.116857	PB: 0.116857	LB: 0.131103	GB: 0.131103	Conf: 1.71115	Pts: 55296
Particle (49):: Fit: 0.011075	PB: 0.011075	LB: 0.125088	GB: 0.131103	Conf: 2	Pts: 50296
Global: 0.131103 - Correct: 46% of 100 tests
Global Best: 
  Inner Net 1
  -- 1 : 1 = 0.3785
  -- 1 : 2 = 0.0642
  -- 1 : 3 = 0.2316
  -- 1 : 4 = 0.6768
  -- 1 : 5 = 0.659
  -- 2 : 1 = 0.0246
  -- 2 : 2 = 0.0643
  -- 2 : 3 = 0.5244
  -- 2 : 4 = 0.9265
  -- 2 : 5 = 0.0498
  -- 3 : 1 = 0.6657
  -- 3 : 2 = 0.5758
  -- 3 : 3 = 0.0201
  -- 3 : 4 = 0.1359
  -- 3 : 5 = 0.609
  -- 4 : 1 = 0.2073
  -- 4 : 2 = 0.8397
  -- 4 : 3 = 0.1803
  -- 4 : 4 = 0.1393
  -- 4 : 5 = 0.5982
  -- 5 : 1 = 0.0164
  -- 5 : 2 = 0.7582
  -- 5 : 3 = 0.0577
  -- 5 : 4 = 0.9141
  -- 5 : 5 = 0.7741
  -- 6 : 1 = 0.1229
  -- 6 : 2 = 0.7274
  -- 6 : 3 = 0.7178
  -- 6 : 4 = 0.0416
  -- 6 : 5 = 0.9966
  Inner Net 2
  -- 1 : 1 = -0.0378549
  -- 1 : 2 = 0.0103897
  -- 2 : 1 = -0.472463
  -- 2 : 2 = 0.160374
  -- 3 : 1 = -0.09349
  -- 3 : 2 = -0.0306032
  -- 4 : 1 = 0.00901356
  -- 4 : 2 = -0.326286
  -- 5 : 1 = -0.13575
  -- 5 : 2 = -0.471666
Out\Act	False		True
False	0.84198	0	0.84198
True	0.15802	0	0.15802
	1	0
	Accuracy [ (tp + tn) / testSize ]: 0.84198
	Precision [ tp / (tp + fp) ]:      0
	Sensitivity [ tp / (tp + fn) ]:    0
	Specificity [ tn / (tn + fp) ]:    0.999435
	F-Score [ 2tp / (2tp + fp + fn) ]: 0
Particle (9):: Fit: 0.0120949	PB: 0.0120949	LB: 0.108782	GB: 0.131103	Conf: 2	Pts: 55295
Particle (11):: Fit: 0.010871	PB: 0.010871	LB: 0.108782	GB: 0.131103	Conf: 2	Pts: 60195
Particle (13):: Fit: 0.010871	PB: 0.010871	LB: 0.114897	GB: 0.131103	Conf: 2	Pts: 55395
Particle (30):: Fit: 0.0116869	PB: 0.0116869	LB: 0.0125028	GB: 0.131103	Conf: 2	Pts: 55395
Particle (34):: Fit: 0.00945006	PB: 0.00945006	LB: 0.114893	GB: 0.131103	Conf: 0.781052	Pts: 55395
Particle (39):: Fit: 0.0116869	PB: 0.0116869	LB: 0.131103	GB: 0.131103	Conf: 2	Pts: 55295
Particle (40):: Fit: 0.011483	PB: 0.011483	LB: 0.131103	GB: 0.131103	Conf: 1.97687	Pts: 55395
Particle (47):: Fit: 0.108708	PB: 0.108708	LB: 0.116857	GB: 0.131103	Conf: 1.8731	Pts: 50194
Particle (49):: Fit: 0.011279	PB: 0.011279	LB: 0.125088	GB: 0.131103	Conf: 2	Pts: 50395
Particle (21):: Fit: 0.0112803	PB: 0.0112803	LB: 0.114897	GB: 0.131103	Conf: 1.50691	Pts: 55294
Particle (24):: Fit: 0.0112792	PB: 0.0112792	LB: 0.0125028	GB: 0.131103	Conf: 1.75507	Pts: 55194
Particle (29):: Fit: 0.0125028	PB: 0.0125028	LB: 0.0125028	GB: 0.131103	Conf: 2	Pts: 80294
Particle (34):: Fit: 0.0102385	PB: 0.0102385	LB: 0.114893	GB: 0.131103	Conf: 0.896838	Pts: 55494
Particle (2):: Fit: 0.0106674	PB: 0.0106674	LB: 0.125088	GB: 0.131103	Conf: 1.03051	Pts: 60193
Particle (8):: Fit: 0.011075	PB: 0.011075	LB: 0.108782	GB: 0.131103	Conf: 2	Pts: 55193
Particle (11):: Fit: 0.011279	PB: 0.011279	LB: 0.108782	GB: 0.131103	Conf: 2	Pts: 60293
Particle (13):: Fit: 0.0118909	PB: 0.0118909	LB: 0.114897	GB: 0.131103	Conf: 2	Pts: 55493
Particle (17):: Fit: 0.0118909	PB: 0.0118909	LB: 0.114897	GB: 0.131103	Conf: 2	Pts: 55293
Particle (43):: Fit: 0.0011417	PB: 0.0011417	LB: 0.131103	GB: 0.131103	Conf: 0.35756	Pts: 50293
Particle (1):: Fit: 0.108739	PB: 0.108739	LB: 0.125088	GB: 0.131103	Conf: 1.85668	Pts: 60292
Particle (2):: Fit: 0.0106677	PB: 0.0106677	LB: 0.125088	GB: 0.131103	Conf: 0.329215	Pts: 60292
Particle (6):: Fit: 0.0116892	PB: 0.0116892	LB: 0.125088	GB: 0.131103	Conf: 1.02425	Pts: 55291
Particle (12):: Fit: 0.112864	PB: 0.112864	LB: 0.112864	GB: 0.131103	Conf: 1.23709	Pts: 135192
Particle (14):: Fit: 0.0116869	PB: 0.0116869	LB: 0.114897	GB: 0.131103	Conf: 2	Pts: 55492
Particle (34):: Fit: 0.0107875	PB: 0.0107875	LB: 0.114893	GB: 0.131103	Conf: 0.756204	Pts: 55592
Particle (36):: Fit: 0.011279	PB: 0.011279	LB: 0.114893	GB: 0.131103	Conf: 2	Pts: 55392
Particle (41):: Fit: 0.0106679	PB: 0.0106679	LB: 0.131103	GB: 0.131103	Conf: 0.484148	Pts: 50391
Particle (5):: Fit: 0.01128	PB: 0.01128	LB: 0.125088	GB: 0.131103	Conf: 1.09621	Pts: 55290
Particle (17):: Fit: 0.0125028	PB: 0.0125028	LB: 0.114897	GB: 0.131103	Conf: 2	Pts: 55391
Particle (30):: Fit: 0.0120949	PB: 0.0120949	LB: 0.0125028	GB: 0.131103	Conf: 2	Pts: 55491
Particle (33):: Fit: 0.0114843	PB: 0.0114843	LB: 0.114893	GB: 0.131103	Conf: 1.94051	Pts: 100191
Particle (38):: Fit: 0.121181	PB: 0.121181	LB: 0.131103	GB: 0.131103	Conf: 0.796689	Pts: 130190
Particle (39):: Fit: 0.0122989	PB: 0.0122989	LB: 0.131103	GB: 0.131103	Conf: 2	Pts: 55391
Particle (44):: Fit: 0.0104634	PB: 0.0104634	LB: 0.131103	GB: 0.131103	Conf: 1.65154	Pts: 50291
Particle (48):: Fit: 0.0122989	PB: 0.0122989	LB: 0.125088	GB: 0.131103	Conf: 2	Pts: 50391
Particle (27):: Fit: 0.0112798	PB: 0.0112798	LB: 0.0125028	GB: 0.131103	Conf: 0.802253	Pts: 55189
Particle (35):: Fit: 0.011483	PB: 0.011483	LB: 0.121181	GB: 0.131103	Conf: 2	Pts: 60290
Particle (46):: Fit: 0.0110756	PB: 0.0110756	LB: 0.131103	GB: 0.131103	Conf: 0.908689	Pts: 50289
Particle (0):: Fit: 0.0120949	PB: 0.0120949	LB: 0.125088	GB: 0.131103	Conf: 2	Pts: 110189
Particle (23):: Fit: 0.011279	PB: 0.011279	LB: 0.0125028	GB: 0.131103	Conf: 1.96956	Pts: 65189
Particle (5):: Fit: 0.0120962	PB: 0.0120962	LB: 0.125088	GB: 0.131103	Conf: 1.03586	Pts: 55387
Particle (19):: Fit: 0.0122989	PB: 0.0122989	LB: 0.114897	GB: 0.131103	Conf: 2	Pts: 65288
Particle (43):: Fit: 0.0104631	PB: 0.0104631	LB: 0.131103	GB: 0.131103	Conf: 0.0431702	Pts: 50388
Particle (1):: Fit: 0.114856	PB: 0.114856	LB: 0.125088	GB: 0.131103	Conf: 1.90267	Pts: 60387
Particle (2):: Fit: 0.0108718	PB: 0.0108718	LB: 0.125088	GB: 0.131103	Conf: 0.358115	Pts: 60385
Particle (7):: Fit: 0.110802	PB: 0.110802	LB: 0.125088	GB: 0.131103	Conf: 1.9123	Pts: 110287
Particle (11):: Fit: 0.0116869	PB: 0.0116869	LB: 0.112864	GB: 0.131103	Conf: 2	Pts: 60387
Particle (20):: Fit: 0.0120949	PB: 0.0120949	LB: 0.114897	GB: 0.131103	Conf: 2	Pts: 70186
Particle (21):: Fit: 0.0116876	PB: 0.0116876	LB: 0.114897	GB: 0.131103	Conf: 1.44171	Pts: 55387
Particle (23):: Fit: 0.0118909	PB: 0.0118909	LB: 0.0125028	GB: 0.131103	Conf: 2	Pts: 65287
Particle (36):: Fit: 0.011483	PB: 0.011483	LB: 0.121181	GB: 0.131103	Conf: 2	Pts: 55487
Particle (46):: Fit: 0.0129121	PB: 0.0129121	LB: 0.131103	GB: 0.131103	Conf: 0.862761	Pts: 50386
Particle (47):: Fit: 0.110738	PB: 0.110738	LB: 0.116857	GB: 0.131103	Conf: 1.76737	Pts: 50286
Particle (24):: Fit: 0.114899	PB: 0.114899	LB: 0.114899	GB: 0.131103	Conf: 1.71658	Pts: 105286
Particle (34):: Fit: 0.0112794	PB: 0.0112794	LB: 0.121181	GB: 0.131103	Conf: 1.2304	Pts: 55686
Particle (44):: Fit: 0.106736	PB: 0.106736	LB: 0.131103	GB: 0.131103	Conf: 1.33442	Pts: 50386
Particle (47):: Fit: 0.110787	PB: 0.110787	LB: 0.116857	GB: 0.131103	Conf: 1.87591	Pts: 50385
Particle (49):: Fit: 0.011483	PB: 0.011483	LB: 0.125088	GB: 0.131103	Conf: 2	Pts: 50486
Particle (9):: Fit: 0.0125028	PB: 0.0125028	LB: 0.112864	GB: 0.131103	Conf: 2	Pts: 55385
Particle (49):: Fit: 0.0120949	PB: 0.0120949	LB: 0.125088	GB: 0.131103	Conf: 2	Pts: 50585
Particle (7):: Fit: 0.110827	PB: 0.110827	LB: 0.125088	GB: 0.131103	Conf: 1.73396	Pts: 110384
Particle (18):: Fit: 0.116937	PB: 0.116937	LB: 0.116937	GB: 0.131103	Conf: 1.96918	Pts: 155284
Particle (22):: Fit: 0.0116869	PB: 0.0116869	LB: 0.116937	GB: 0.131103	Conf: 2	Pts: 55384
Particle (37):: Fit: 0.112844	PB: 0.112844	LB: 0.131103	GB: 0.131103	Conf: 1.87965	Pts: 70284
Particle (43):: Fit: 0.0112795	PB: 0.0112795	LB: 0.131103	GB: 0.131103	Conf: 0.158531	Pts: 50483
Particle (8):: Fit: 0.0129108	PB: 0.0129108	LB: 0.112864	GB: 0.131103	Conf: 2	Pts: 55283
Particle (25):: Fit: 0.0127068	PB: 0.0127068	LB: 0.114899	GB: 0.131103	Conf: 2	Pts: 80383
Particle (36):: Fit: 0.0118923	PB: 0.0118923	LB: 0.121181	GB: 0.131103	Conf: 1.98836	Pts: 55583
Particle (38):: Fit: 0.138984	PB: 0.138984	LB: 0.138984	GB: 0.138984	Conf: 0.823084	Pts: 190281
Global: 0.138984 - Correct: 71% of 100 tests
Global Best: 
  Inner Net 1
  -- 1 : 1 = 0.2048
  -- 1 : 2 = 0.9687
  -- 1 : 3 = 0.257
  -- 1 : 4 = 0.4556
  -- 1 : 5 = 0.2996
  -- 2 : 1 = 0.8568
  -- 2 : 2 = 0.037
  -- 2 : 3 = 0.3263
  -- 2 : 4 = 0.8523
  -- 2 : 5 = 0.4208
  -- 3 : 1 = 0.3589
  -- 3 : 2 = 0.0025
  -- 3 : 3 = 0.0003
  -- 3 : 4 = 0.3988
  -- 3 : 5 = 0.579
  -- 4 : 1 = 0.1259
  -- 4 : 2 = 0.0041
  -- 4 : 3 = 0.9219
  -- 4 : 4 = 0.4839
  -- 4 : 5 = 0.4197
  -- 5 : 1 = 0.913
  -- 5 : 2 = 0.3936
  -- 5 : 3 = 0.6303
  -- 5 : 4 = 0.6732
  -- 5 : 5 = 0.5578
  -- 6 : 1 = 0.6688
  -- 6 : 2 = 0.2028
  -- 6 : 3 = 0.0458
  -- 6 : 4 = 0.7432
  -- 6 : 5 = 0.6487
  Inner Net 2
  -- 1 : 1 = 0.387736
  -- 1 : 2 = -0.108882
  -- 2 : 1 = 0.0280493
  -- 2 : 2 = 0.542087
  -- 3 : 1 = -0.329544
  -- 3 : 2 = -0.119114
  -- 4 : 1 = 0.321964
  -- 4 : 2 = 0.0844246
  -- 5 : 1 = -0.201075
  -- 5 : 2 = 0.0449837
Out\Act	False		True
False	0.801999	0.039981	0.84198
True	0.112327	0.0456925	0.15802
	0.914327	0.0856735
	Accuracy [ (tp + tn) / testSize ]: 0.847692
	Precision [ tp / (tp + fp) ]:      0.530387
	Sensitivity [ tp / (tp + fn) ]:    0.288288
	Specificity [ tn / (tn + fp) ]:    0.951977
	F-Score [ 2tp / (2tp + fp + fn) ]: 0.374269
Particle (7):: Fit: 0.118944	PB: 0.118944	LB: 0.125088	GB: 0.138984	Conf: 1.84737	Pts: 130482
Particle (12):: Fit: 0.121021	PB: 0.121021	LB: 0.121021	GB: 0.138984	Conf: 0.86109	Pts: 180282
Particle (23):: Fit: 0.0120949	PB: 0.0120949	LB: 0.114899	GB: 0.138984	Conf: 2	Pts: 65382
Particle (41):: Fit: 0.0108719	PB: 0.0108719	LB: 0.138984	GB: 0.138984	Conf: 0.449575	Pts: 50481
Particle (2):: Fit: 0.0110757	PB: 0.0110757	LB: 0.125088	GB: 0.138984	Conf: 0.446678	Pts: 60477
Particle (16):: Fit: 0.0118917	PB: 0.0118917	LB: 0.121021	GB: 0.138984	Conf: 0.207723	Pts: 55179
Particle (47):: Fit: 0.118953	PB: 0.118953	LB: 0.118953	GB: 0.138984	Conf: 1.87889	Pts: 55480
Particle (7):: Fit: 0.123041	PB: 0.123041	LB: 0.125088	GB: 0.138984	Conf: 1.82441	Pts: 150580
Particle (34):: Fit: 0.0114838	PB: 0.0114838	LB: 0.138984	GB: 0.138984	Conf: 1.17714	Pts: 55780
Particle (49):: Fit: 0.0129108	PB: 0.0129108	LB: 0.125088	GB: 0.138984	Conf: 2	Pts: 50680
Particle (14):: Fit: 0.0122989	PB: 0.0122989	LB: 0.121021	GB: 0.138984	Conf: 2	Pts: 55579
Particle (40):: Fit: 0.0120949	PB: 0.0120949	LB: 0.138984	GB: 0.138984	Conf: 1.98851	Pts: 55479
Particle (27):: Fit: 0.0112798	PB: 0.0112798	LB: 0.114899	GB: 0.138984	Conf: 0.799214	Pts: 55276
Particle (43):: Fit: 0.012504	PB: 0.012504	LB: 0.131103	GB: 0.138984	Conf: 0.370758	Pts: 50577
Particle (7):: Fit: 0.12712	PB: 0.12712	LB: 0.12712	GB: 0.138984	Conf: 1.81105	Pts: 200677
Particle (16):: Fit: 0.011892	PB: 0.011892	LB: 0.121021	GB: 0.138984	Conf: 0.711088	Pts: 55273
Particle (43):: Fit: 0.0135243	PB: 0.0135243	LB: 0.131103	GB: 0.138984	Conf: 0.505025	Pts: 50675
Particle (47):: Fit: 0.129177	PB: 0.129177	LB: 0.129177	GB: 0.138984	Conf: 1.89715	Pts: 80575
Particle (26):: Fit: 0.011279	PB: 0.011279	LB: 0.114899	GB: 0.138984	Conf: 2	Pts: 55275
Particle (33):: Fit: 0.0120964	PB: 0.0120964	LB: 0.138984	GB: 0.138984	Conf: 1.93103	Pts: 100273
Particle (3):: Fit: 0.129201	PB: 0.129201	LB: 0.129201	GB: 0.138984	Conf: 1.77814	Pts: 175272
Particle (20):: Fit: 0.0122989	PB: 0.0122989	LB: 0.116937	GB: 0.138984	Conf: 2	Pts: 70271
Particle (31):: Fit: 0.0116869	PB: 0.0116869	LB: 0.0125028	GB: 0.138984	Conf: 2	Pts: 60272
Particle (32):: Fit: 0.0125028	PB: 0.0125028	LB: 0.112844	GB: 0.138984	Conf: 2	Pts: 100172
Particle (0):: Fit: 0.0125028	PB: 0.0125028	LB: 0.129201	GB: 0.138984	Conf: 2	Pts: 110271
Particle (7):: Fit: 0.127144	PB: 0.127144	LB: 0.129201	GB: 0.138984	Conf: 1.61964	Pts: 220771
Particle (36):: Fit: 0.0122989	PB: 0.0122989	LB: 0.138984	GB: 0.138984	Conf: 2	Pts: 55671
Particle (34):: Fit: 0.114901	PB: 0.114901	LB: 0.138984	GB: 0.138984	Conf: 0.865662	Pts: 75869
Particle (41):: Fit: 0.0110758	PB: 0.0110758	LB: 0.138984	GB: 0.138984	Conf: 0.797173	Pts: 50566
Particle (22):: Fit: 0.0118909	PB: 0.0118909	LB: 0.116937	GB: 0.138984	Conf: 2	Pts: 55467
Particle (1):: Fit: 0.121001	PB: 0.121001	LB: 0.129201	GB: 0.138984	Conf: 1.85079	Pts: 60466
Particle (2):: Fit: 0.0118921	PB: 0.0118921	LB: 0.129201	GB: 0.138984	Conf: 0.74751	Pts: 60558
Particle (14):: Fit: 0.0125028	PB: 0.0125028	LB: 0.121021	GB: 0.138984	Conf: 1.98977	Pts: 55665
Particle (36):: Fit: 0.0127068	PB: 0.0127068	LB: 0.138984	GB: 0.138984	Conf: 2	Pts: 55765
Particle (42):: Fit: 0.131156	PB: 0.131156	LB: 0.138984	GB: 0.138984	Conf: 1.7515	Pts: 210365
Particle (45):: Fit: 0.127089	PB: 0.127089	LB: 0.131156	GB: 0.138984	Conf: 1.75333	Pts: 55365
Particle (11):: Fit: 0.0120949	PB: 0.0120949	LB: 0.127144	GB: 0.138984	Conf: 2	Pts: 60464
Particle (21):: Fit: 0.127016	PB: 0.127016	LB: 0.127016	GB: 0.138984	Conf: 1.58949	Pts: 105464
Particle (35):: Fit: 0.0116869	PB: 0.0116869	LB: 0.138984	GB: 0.138984	Conf: 2	Pts: 60363
Particle (26):: Fit: 0.011483	PB: 0.011483	LB: 0.114899	GB: 0.138984	Conf: 2	Pts: 55362
Particle (45):: Fit: 0.131156	PB: 0.131156	LB: 0.131156	GB: 0.138984	Conf: 1.7675	Pts: 90462
Particle (16):: Fit: 0.0123001	PB: 0.0123001	LB: 0.127016	GB: 0.138984	Conf: 0.684809	Pts: 55357
Particle (27):: Fit: 0.0129116	PB: 0.0129116	LB: 0.114899	GB: 0.138984	Conf: 0.203332	Pts: 55359
Particle (40):: Fit: 0.0122989	PB: 0.0122989	LB: 0.138984	GB: 0.138984	Conf: 1.98739	Pts: 55559
Particle (39):: Fit: 0.0125028	PB: 0.0125028	LB: 0.138984	GB: 0.138984	Conf: 2	Pts: 55458
Particle (41):: Fit: 0.0120961	PB: 0.0120961	LB: 0.138984	GB: 0.138984	Conf: 0.486357	Pts: 50650
Particle (13):: Fit: 0.0120949	PB: 0.0120949	LB: 0.121021	GB: 0.138984	Conf: 2	Pts: 55555
Particle (31):: Fit: 0.0118909	PB: 0.0118909	LB: 0.114901	GB: 0.138984	Conf: 2	Pts: 60354
Particle (32):: Fit: 0.0127068	PB: 0.0127068	LB: 0.114901	GB: 0.138984	Conf: 2	Pts: 100254
Particle (48):: Fit: 0.110817	PB: 0.110817	LB: 0.131156	GB: 0.138984	Conf: 1.98667	Pts: 50454
Particle (35):: Fit: 0.0118909	PB: 0.0118909	LB: 0.138984	GB: 0.138984	Conf: 2	Pts: 60452
Particle (33):: Fit: 0.104685	PB: 0.104685	LB: 0.138984	GB: 0.138984	Conf: 1.96456	Pts: 100351
Particle (44):: Fit: 0.108653	PB: 0.108653	LB: 0.131156	GB: 0.138984	Conf: 1.52889	Pts: 50451
Particle (48):: Fit: 0.112857	PB: 0.112857	LB: 0.131156	GB: 0.138984	Conf: 1.98667	Pts: 50551
Particle (22):: Fit: 0.0120949	PB: 0.0120949	LB: 0.127016	GB: 0.138984	Conf: 2	Pts: 55550
Particle (23):: Fit: 0.125098	PB: 0.125098	LB: 0.127016	GB: 0.138984	Conf: 1.9844	Pts: 75450
Particle (37):: Fit: 0.114866	PB: 0.114866	LB: 0.138984	GB: 0.138984	Conf: 1.82541	Pts: 70350
Particle (39):: Fit: 0.0133187	PB: 0.0133187	LB: 0.138984	GB: 0.138984	Conf: 2	Pts: 55550
Particle (2):: Fit: 0.0120959	PB: 0.0120959	LB: 0.129201	GB: 0.138984	Conf: 1.00187	Pts: 60640
Particle (33):: Fit: 0.114891	PB: 0.114891	LB: 0.138984	GB: 0.138984	Conf: 1.96738	Pts: 100448
Particle (35):: Fit: 0.0120949	PB: 0.0120949	LB: 0.138984	GB: 0.138984	Conf: 2	Pts: 60548
Particle (35):: Fit: 0.0122989	PB: 0.0122989	LB: 0.138984	GB: 0.138984	Conf: 2	Pts: 60647
Particle (26):: Fit: 0.0120949	PB: 0.0120949	LB: 0.125098	GB: 0.138984	Conf: 2	Pts: 55446
Particle (38):: Fit: 14549.8	PB: 14549.8	LB: 14549.8	GB: 14549.8	Conf: 0.615424	Pts: 250343
Global: 14549.8 - Correct: 72% of 100 tests
Global Best: 
  Inner Net 1
  -- 1 : 1 = 0.2048
  -- 1 : 2 = 0.9687
  -- 1 : 3 = 0.257
  -- 1 : 4 = 0.4556
  -- 1 : 5 = 0.2996
  -- 2 : 1 = 0.8568
  -- 2 : 2 = 0.037
  -- 2 : 3 = 0.3263
  -- 2 : 4 = 0.8523
  -- 2 : 5 = 0.4208
  -- 3 : 1 = 0.3589
  -- 3 : 2 = 0.0025
  -- 3 : 3 = 0.0003
  -- 3 : 4 = 0.3988
  -- 3 : 5 = 0.579
  -- 4 : 1 = 0.1259
  -- 4 : 2 = 0.0041
  -- 4 : 3 = 0.9219
  -- 4 : 4 = 0.4839
  -- 4 : 5 = 0.4197
  -- 5 : 1 = 0.913
  -- 5 : 2 = 0.3936
  -- 5 : 3 = 0.6303
  -- 5 : 4 = 0.6732
  -- 5 : 5 = 0.5578
  -- 6 : 1 = 0.6688
  -- 6 : 2 = 0.2028
  -- 6 : 3 = 0.0458
  -- 6 : 4 = 0.7432
  -- 6 : 5 = 0.6487
  Inner Net 2
  -- 1 : 1 = 0.733742
  -- 1 : 2 = 0.0184332
  -- 2 : 1 = 0.028522
  -- 2 : 2 = 0.704969
  -- 3 : 1 = -0.290307
  -- 3 : 2 = -0.179818
  -- 4 : 1 = 0.263296
  -- 4 : 2 = 0.327167
  -- 5 : 1 = 0.12766
  -- 5 : 2 = -0.145212
Out\Act	False		True
False	0.801999	0.039981	0.84198
True	0.112327	0.0456925	0.15802
	0.914327	0.0856735
	Accuracy [ (tp + tn) / testSize ]: 0.847692
	Precision [ tp / (tp + fp) ]:      0.530387
	Sensitivity [ tp / (tp + fn) ]:    0.288288
	Specificity [ tn / (tn + fp) ]:    0.951977
	F-Score [ 2tp / (2tp + fp + fn) ]: 0.374269
Particle (45):: Fit: 14948.6	PB: 14948.6	LB: 14948.6	GB: 14948.6	Conf: 1.78924	Pts: 150545
Global: 14948.6 - Correct: 41% of 100 tests
Global Best: 
  Inner Net 1
  -- 1 : 1 = 0.1193
  -- 1 : 2 = 0.6166
  -- 1 : 3 = 0.8496
  -- 1 : 4 = 0.0451
  -- 1 : 5 = 0.0817
  -- 2 : 1 = 0.0336
  -- 2 : 2 = 0.5165
  -- 2 : 3 = 0.3086
  -- 2 : 4 = 0.2497
  -- 2 : 5 = 0.9747
  -- 3 : 1 = 0.6747
  -- 3 : 2 = 0.4749
  -- 3 : 3 = 0.6072
  -- 3 : 4 = 0.2274
  -- 3 : 5 = 0.5074
  -- 4 : 1 = 0.1834
  -- 4 : 2 = 0.9243
  -- 4 : 3 = 0.9309
  -- 4 : 4 = 0.2082
  -- 4 : 5 = 0.4884
  -- 5 : 1 = 0.7707
  -- 5 : 2 = 0.5397
  -- 5 : 3 = 0.5624
  -- 5 : 4 = 0.6103
  -- 5 : 5 = 0.6724
  -- 6 : 1 = 0.6769
  -- 6 : 2 = 0.5199
  -- 6 : 3 = 0.603
  -- 6 : 4 = 0.0102
  -- 6 : 5 = 0.5953
  Inner Net 2
  -- 1 : 1 = 0.571046
  -- 1 : 2 = 0.1469
  -- 2 : 1 = 0.0402078
  -- 2 : 2 = -0.0656061
  -- 3 : 1 = -0.446896
  -- 3 : 2 = 0.177188
  -- 4 : 1 = -0.630694
  -- 4 : 2 = -0.318727
  -- 5 : 1 = 0.0433781
  -- 5 : 2 = -0.0639669
Out\Act	False		True
False	0.84198	0	0.84198
True	0.15802	0	0.15802
	1	0
	Accuracy [ (tp + tn) / testSize ]: 0.84198
	Precision [ tp / (tp + fp) ]:      0
	Sensitivity [ tp / (tp + fn) ]:    0
	Specificity [ tn / (tn + fp) ]:    0.999435
	F-Score [ 2tp / (2tp + fp + fn) ]: 0
Particle (2):: Fit: 0.0123001	PB: 0.0123001	LB: 0.129201	GB: 14948.6	Conf: 0.435958	Pts: 60734
Particle (5):: Fit: 0.0123001	PB: 0.0123001	LB: 0.129201	GB: 14948.6	Conf: 0.958958	Pts: 55434
Particle (27):: Fit: 0.0129119	PB: 0.0129119	LB: 0.125098	GB: 14948.6	Conf: 0.322653	Pts: 55440
Particle (29):: Fit: 0.0133187	PB: 0.0133187	LB: 0.114901	GB: 14948.6	Conf: 2	Pts: 80343
Particle (19):: Fit: 0.0125044	PB: 0.0125044	LB: 0.127016	GB: 14948.6	Conf: 1.98612	Pts: 65340
Particle (6):: Fit: 0.0122998	PB: 0.0122998	LB: 0.129201	GB: 14948.6	Conf: 1.32408	Pts: 55337
Particle (35):: Fit: 0.0127068	PB: 0.0127068	LB: 14549.8	GB: 14948.6	Conf: 2	Pts: 60739
Particle (24):: Fit: 0.114908	PB: 0.114908	LB: 0.127016	GB: 14948.6	Conf: 1.80838	Pts: 110335
Particle (37):: Fit: 0.116923	PB: 0.116923	LB: 14549.8	GB: 14948.6	Conf: 1.8371	Pts: 75436
Particle (48):: Fit: 0.114897	PB: 0.114897	LB: 14948.6	GB: 14948.6	Conf: 1.98902	Pts: 50634
Particle (33):: Fit: 0.114897	PB: 0.114897	LB: 14549.8	GB: 14948.6	Conf: 1.9873	Pts: 100533
Particle (6):: Fit: 0.110817	PB: 0.110817	LB: 0.129201	GB: 14948.6	Conf: 0.963688	Pts: 55430
Particle (42):: Fit: 0.13323	PB: 0.13323	LB: 14948.6	GB: 14948.6	Conf: 1.41604	Pts: 210432
Particle (44):: Fit: 0.11878	PB: 0.11878	LB: 14948.6	GB: 14948.6	Conf: 1.61851	Pts: 50530
Particle (2):: Fit: 0.0127073	PB: 0.0127073	LB: 0.129201	GB: 14948.6	Conf: 0.222097	Pts: 60818
Particle (13):: Fit: 0.0129108	PB: 0.0129108	LB: 0.121021	GB: 14948.6	Conf: 2	Pts: 55628
Particle (22):: Fit: 0.0122989	PB: 0.0122989	LB: 0.127016	GB: 14948.6	Conf: 2	Pts: 55628
Particle (30):: Fit: 0.0135226	PB: 0.0135226	LB: 0.114901	GB: 14948.6	Conf: 2	Pts: 55528
Particle (34):: Fit: 0.114902	PB: 0.114902	LB: 14549.8	GB: 14948.6	Conf: 0.857646	Pts: 90927
Particle (44):: Fit: 0.118954	PB: 0.118954	LB: 14948.6	GB: 14948.6	Conf: 1.61839	Pts: 50628
Particle (47):: Fit: 0.131218	PB: 0.131218	LB: 14948.6	GB: 14948.6	Conf: 1.82539	Pts: 90626
Particle (26):: Fit: 0.0125028	PB: 0.0125028	LB: 0.125098	GB: 14948.6	Conf: 2	Pts: 55526
Particle (36):: Fit: 0.0127084	PB: 0.0127084	LB: 14549.8	GB: 14948.6	Conf: 1.98854	Pts: 55824
Particle (37):: Fit: 0.12098	PB: 0.12098	LB: 14549.8	GB: 14948.6	Conf: 1.78234	Pts: 80523
Particle (31):: Fit: 0.0122989	PB: 0.0122989	LB: 0.114902	GB: 14948.6	Conf: 2	Pts: 60421
Particle (10):: Fit: 0.0125032	PB: 0.0125032	LB: 0.127144	GB: 14948.6	Conf: 1.82016	Pts: 55218
Particle (40):: Fit: 0.0129124	PB: 0.0129124	LB: 14948.6	GB: 14948.6	Conf: 1.98916	Pts: 55618
Particle (31):: Fit: 0.0133187	PB: 0.0133187	LB: 0.114902	GB: 14948.6	Conf: 2	Pts: 60513
Particle (47):: Fit: 0.137343	PB: 0.137343	LB: 14948.6	GB: 14948.6	Conf: 1.93589	Pts: 100710
Particle (15):: Fit: 0.0127068	PB: 0.0127068	LB: 0.121021	GB: 14948.6	Conf: 2	Pts: 65110
Particle (22):: Fit: 0.0125028	PB: 0.0125028	LB: 0.127016	GB: 14948.6	Conf: 2	Pts: 55707
Particle (16):: Fit: 0.0123001	PB: 0.0123001	LB: 0.127016	GB: 14948.6	Conf: 0.674127	Pts: 55394
Particle (41):: Fit: 0.0125041	PB: 0.0125041	LB: 14948.6	GB: 14948.6	Conf: 0.433173	Pts: 50687
Particle (18):: Fit: 0.133259	PB: 0.133259	LB: 0.133259	GB: 14948.6	Conf: 1.95031	Pts: 205301
Particle (5):: Fit: 0.112865	PB: 0.112865	LB: 0.129201	GB: 14948.6	Conf: 0.798308	Pts: 55488
Particle (11):: Fit: 0.132951	PB: 0.132951	LB: 0.132951	GB: 14948.6	Conf: 0.643598	Pts: 95498
Particle (26):: Fit: 0.12281	PB: 0.12281	LB: 0.125098	GB: 14948.6	Conf: 0.547993	Pts: 70598
Particle (27):: Fit: 0.121434	PB: 0.121434	LB: 0.125098	GB: 14948.6	Conf: 0.535245	Pts: 60490
Particle (15):: Fit: 0.12356	PB: 0.12356	LB: 0.133259	GB: 14948.6	Conf: 0.562444	Pts: 65197
Particle (39):: Fit: 0.122989	PB: 0.122989	LB: 14549.8	GB: 14948.6	Conf: 1.10462	Pts: 55597
Particle (0):: Fit: 0.0125041	PB: 0.0125041	LB: 0.137343	GB: 14948.6	Conf: 0.377149	Pts: 110296
Particle (15):: Fit: 0.137161	PB: 0.137161	LB: 0.137161	GB: 14948.6	Conf: 0.634502	Pts: 115296
Particle (16):: Fit: 0.0133201	PB: 0.0133201	LB: 0.137161	GB: 14948.6	Conf: 0.933145	Pts: 55487
Particle (41):: Fit: 0.106715	PB: 0.106715	LB: 14948.6	GB: 14948.6	Conf: 0.651073	Pts: 50779
Particle (49):: Fit: 0.114744	PB: 0.114744	LB: 14948.6	GB: 14948.6	Conf: 1.3624	Pts: 50696
Particle (0):: Fit: 0.110824	PB: 0.110824	LB: 0.137343	GB: 14948.6	Conf: 0.636144	Pts: 110395
Particle (6):: Fit: 0.124971	PB: 0.124971	LB: 0.132951	GB: 14948.6	Conf: 1.35118	Pts: 55493
Particle (13):: Fit: 0.01332	PB: 0.01332	LB: 0.137161	GB: 14948.6	Conf: 0.944845	Pts: 55695
Particle (33):: Fit: 0.123726	PB: 0.123726	LB: 14549.8	GB: 14948.6	Conf: 0.898146	Pts: 125595
Particle (41):: Fit: 0.120886	PB: 0.120886	LB: 14948.6	GB: 14948.6	Conf: 0.150113	Pts: 50878
Particle (46):: Fit: 0.116622	PB: 0.116622	LB: 14948.6	GB: 14948.6	Conf: 0.541991	Pts: 50383
Particle (22):: Fit: 0.11686	PB: 0.11686	LB: 0.133259	GB: 14948.6	Conf: 0.513956	Pts: 55794
Particle (46):: Fit: 0.127048	PB: 0.127048	LB: 14948.6	GB: 14948.6	Conf: 0.619754	Pts: 50482
Particle (16):: Fit: 0.137025	PB: 0.137025	LB: 0.137161	GB: 14948.6	Conf: 0.693018	Pts: 60584
Particle (14):: Fit: 0.104696	PB: 0.104696	LB: 0.137161	GB: 14948.6	Conf: 1.98831	Pts: 55692
Particle (25):: Fit: 0.013116	PB: 0.013116	LB: 0.127016	GB: 14948.6	Conf: 0.950029	Pts: 80392
Particle (39):: Fit: 0.141424	PB: 0.141424	LB: 14549.8	GB: 14948.6	Conf: 0.40172	Pts: 55692
Particle (41):: Fit: 0.121026	PB: 0.121026	LB: 14948.6	GB: 14948.6	Conf: 0.442408	Pts: 50975
Particle (1):: Fit: 0.123017	PB: 0.123017	LB: 0.137343	GB: 14948.6	Conf: 1.87089	Pts: 60491
Particle (9):: Fit: 0.112827	PB: 0.112827	LB: 0.132951	GB: 14948.6	Conf: 0.17283	Pts: 55391
Particle (11):: Fit: 0.13315	PB: 0.13315	LB: 0.137161	GB: 14948.6	Conf: 0.583049	Pts: 115590
Particle (22):: Fit: 0.120878	PB: 0.120878	LB: 0.133259	GB: 14948.6	Conf: 0.604829	Pts: 55891
Particle (14):: Fit: 0.122802	PB: 0.122802	LB: 0.137161	GB: 14948.6	Conf: 0.35176	Pts: 55790
Particle (31):: Fit: 0.11081	PB: 0.11081	LB: 0.123726	GB: 14948.6	Conf: 1.59997	Pts: 60590
Particle (46):: Fit: 0.139419	PB: 0.139419	LB: 14948.6	GB: 14948.6	Conf: 0.501695	Pts: 55578
Particle (25):: Fit: 0.114818	PB: 0.114818	LB: 0.127016	GB: 14948.6	Conf: 0.81807	Pts: 80489
Particle (6):: Fit: 0.125379	PB: 0.125379	LB: 0.13315	GB: 14948.6	Conf: 0.770911	Pts: 55586
Particle (19):: Fit: 0.123046	PB: 0.123046	LB: 0.137161	GB: 14948.6	Conf: 0.195048	Pts: 65388
Particle (24):: Fit: 0.116944	PB: 0.116944	LB: 0.127016	GB: 14948.6	Conf: 1.18892	Pts: 110386
Particle (30):: Fit: 0.108756	PB: 0.108756	LB: 0.123726	GB: 14948.6	Conf: 1.91853	Pts: 55588
Particle (37):: Fit: 0.125086	PB: 0.125086	LB: 14549.8	GB: 14948.6	Conf: 0.439118	Pts: 85588
Particle (49):: Fit: 0.114885	PB: 0.114885	LB: 14948.6	GB: 14948.6	Conf: 0.560681	Pts: 50788
Particle (28):: Fit: 0.0127068	PB: 0.0127068	LB: 0.123726	GB: 14948.6	Conf: 1.85622	Pts: 105187
Particle (41):: Fit: 0.122924	PB: 0.122924	LB: 14948.6	GB: 14948.6	Conf: 0.648622	Pts: 51070
Particle (24):: Fit: 14357	PB: 14357	LB: 14357	GB: 14948.6	Conf: 0.760969	Pts: 160484
Particle (36):: Fit: 0.122915	PB: 0.122915	LB: 14549.8	GB: 14948.6	Conf: 0.335732	Pts: 55886
Particle (40):: Fit: 0.114893	PB: 0.114893	LB: 14948.6	GB: 14948.6	Conf: 0.868833	Pts: 55686
Particle (2):: Fit: 0.118927	PB: 0.118927	LB: 0.129201	GB: 14948.6	Conf: 0.705486	Pts: 60872
Particle (40):: Fit: 0.130794	PB: 0.130794	LB: 14948.6	GB: 14948.6	Conf: 0.427504	Pts: 55785
Particle (27):: Fit: 0.122824	PB: 0.122824	LB: 14357	GB: 14948.6	Conf: 0.499116	Pts: 60575
Particle (35):: Fit: 0.118939	PB: 0.118939	LB: 14549.8	GB: 14948.6	Conf: 0.659258	Pts: 60783
Particle (36):: Fit: 0.123056	PB: 0.123056	LB: 14549.8	GB: 14948.6	Conf: 0.688015	Pts: 55984
Particle (48):: Fit: 0.122917	PB: 0.122917	LB: 14948.6	GB: 14948.6	Conf: 0.539541	Pts: 50683
Particle (2):: Fit: 0.139377	PB: 0.139377	LB: 0.139377	GB: 14948.6	Conf: 0.376632	Pts: 90970
Particle (6):: Fit: 0.126875	PB: 0.126875	LB: 0.139377	GB: 14948.6	Conf: 0.765218	Pts: 55681
Particle (13):: Fit: 0.131231	PB: 0.131231	LB: 0.137161	GB: 14948.6	Conf: 0.345276	Pts: 55783
Particle (15):: Fit: 0.139209	PB: 0.139209	LB: 0.139209	GB: 14948.6	Conf: 0.598919	Pts: 160382
Particle (17):: Fit: 0.012504	PB: 0.012504	LB: 0.139209	GB: 14948.6	Conf: 0.850066	Pts: 55383
Particle (26):: Fit: 0.12927	PB: 0.12927	LB: 14357	GB: 14948.6	Conf: 0.739704	Pts: 80681
Particle (31):: Fit: 0.120901	PB: 0.120901	LB: 0.123726	GB: 14948.6	Conf: 0.856485	Pts: 60680
Particle (46):: Fit: 0.139526	PB: 0.139526	LB: 14948.6	GB: 14948.6	Conf: 0.397425	Pts: 60669
Particle (29):: Fit: 0.125234	PB: 0.125234	LB: 0.12927	GB: 14948.6	Conf: 0.562532	Pts: 90379
Particle (34):: Fit: 0.11898	PB: 0.11898	LB: 14549.8	GB: 14948.6	Conf: 0.919269	Pts: 90978
Particle (4):: Fit: 0.125063	PB: 0.125063	LB: 0.139377	GB: 14948.6	Conf: 1.38854	Pts: 95178
Particle (17):: Fit: 0.112462	PB: 0.112462	LB: 0.139209	GB: 14948.6	Conf: 0.741537	Pts: 55479
Particle (34):: Fit: 0.135517	PB: 0.135517	LB: 14549.8	GB: 14948.6	Conf: 0.529754	Pts: 111077
Particle (41):: Fit: 0.135219	PB: 0.135219	LB: 14948.6	GB: 14948.6	Conf: 0.652751	Pts: 51162
Particle (22):: Fit: 0.126926	PB: 0.126926	LB: 14357	GB: 14948.6	Conf: 0.634329	Pts: 55978
Particle (37):: Fit: 0.135255	PB: 0.135255	LB: 14549.8	GB: 14948.6	Conf: 0.65702	Pts: 85677
Particle (17):: Fit: 0.112816	PB: 0.112816	LB: 0.139209	GB: 14948.6	Conf: 0.157783	Pts: 55577
Particle (31):: Fit: 0.128973	PB: 0.128973	LB: 0.135517	GB: 14948.6	Conf: 0.724552	Pts: 60776
Particle (28):: Fit: 0.104615	PB: 0.104615	LB: 14357	GB: 14948.6	Conf: 0.460438	Pts: 105276
Particle (48):: Fit: 0.129168	PB: 0.129168	LB: 14948.6	GB: 14948.6	Conf: 0.234913	Pts: 50775
Particle (14):: Fit: 0.125087	PB: 0.125087	LB: 0.139209	GB: 14948.6	Conf: 0.151778	Pts: 55875
Particle (0):: Fit: 0.114905	PB: 0.114905	LB: 0.139526	GB: 14948.6	Conf: 0.757242	Pts: 110474
Particle (5):: Fit: 0.116938	PB: 0.116938	LB: 0.139377	GB: 14948.6	Conf: 1.03874	Pts: 55562
Particle (8):: Fit: 0.123178	PB: 0.123178	LB: 0.13315	GB: 14948.6	Conf: 0.770785	Pts: 55272
Particle (44):: Fit: 0.123049	PB: 0.123049	LB: 14948.6	GB: 14948.6	Conf: 0.555643	Pts: 50673
Particle (20):: Fit: 0.133108	PB: 0.133108	LB: 14357	GB: 14948.6	Conf: 1.07851	Pts: 70272
Particle (25):: Fit: 0.128818	PB: 0.128818	LB: 14357	GB: 14948.6	Conf: 0.185228	Pts: 80573
Particle (30):: Fit: 0.141853	PB: 0.141853	LB: 0.141853	GB: 14948.6	Conf: 0.792326	Pts: 75673
Particle (3):: Fit: 14619.2	PB: 14619.2	LB: 14619.2	GB: 14948.6	Conf: 0.827888	Pts: 215270
Particle (10):: Fit: 14591.1	PB: 14591.1	LB: 14591.1	GB: 14948.6	Conf: 1.03329	Pts: 90271
Particle (27):: Fit: 0.12493	PB: 0.12493	LB: 14357	GB: 14948.6	Conf: 0.767212	Pts: 60662
Particle (40):: Fit: 0.136871	PB: 0.136871	LB: 14948.6	GB: 14948.6	Conf: 0.42963	Pts: 55871
Particle (49):: Fit: 0.133874	PB: 0.133874	LB: 14948.6	GB: 14948.6	Conf: 0.904504	Pts: 50871
Particle (19):: Fit: 0.123051	PB: 0.123051	LB: 14357	GB: 14948.6	Conf: 0.184326	Pts: 65469
Particle (9):: Fit: 0.128742	PB: 0.128742	LB: 14591.1	GB: 14948.6	Conf: 0.569825	Pts: 55467
Particle (25):: Fit: 0.129016	PB: 0.129016	LB: 14357	GB: 14948.6	Conf: 0.415726	Pts: 80665
Particle (33):: Fit: 0.125099	PB: 0.125099	LB: 14549.8	GB: 14948.6	Conf: 0.962915	Pts: 125665
Particle (7):: Fit: 0.131017	PB: 0.131017	LB: 14619.2	GB: 14948.6	Conf: 1.48277	Pts: 220762
Particle (6):: Fit: 0.127016	PB: 0.127016	LB: 14619.2	GB: 14948.6	Conf: 0.629728	Pts: 55760
Particle (14):: Fit: 0.126842	PB: 0.126842	LB: 14591.1	GB: 14948.6	Conf: 0.20675	Pts: 55963
Particle (47):: Fit: 14565.1	PB: 14565.1	LB: 14948.6	GB: 14948.6	Conf: 0.575946	Pts: 100761
Particle (25):: Fit: 0.141062	PB: 0.141062	LB: 14357	GB: 14948.6	Conf: 0.379448	Pts: 80762
Particle (36):: Fit: 0.128813	PB: 0.128813	LB: 14549.8	GB: 14948.6	Conf: 0.555087	Pts: 56062
Particle (9):: Fit: 0.129318	PB: 0.129318	LB: 14591.1	GB: 14948.6	Conf: 0.245015	Pts: 55560
Particle (14):: Fit: 0.133166	PB: 0.133166	LB: 14591.1	GB: 14948.6	Conf: 0.191607	Pts: 56060
Particle (17):: Fit: 0.114789	PB: 0.114789	LB: 0.139209	GB: 14948.6	Conf: 0.205119	Pts: 55660
Particle (14):: Fit: 0.137261	PB: 0.137261	LB: 14591.1	GB: 14948.6	Conf: 0.171615	Pts: 56158
Particle (32):: Fit: 0.108668	PB: 0.108668	LB: 0.141853	GB: 14948.6	Conf: 1.74665	Pts: 100256
Particle (46):: Fit: 14788.4	PB: 14788.4	LB: 14948.6	GB: 14948.6	Conf: 0.457763	Pts: 65744
Particle (47):: Fit: 14938.3	PB: 14938.3	LB: 14948.6	GB: 14948.6	Conf: 0.811141	Pts: 110855
Particle (19):: Fit: 0.126991	PB: 0.126991	LB: 14357	GB: 14948.6	Conf: 0.58871	Pts: 65555
Particle (37):: Fit: 0.139538	PB: 0.139538	LB: 14549.8	GB: 14948.6	Conf: 0.500274	Pts: 85754
Particle (20):: Fit: 0.136962	PB: 0.136962	LB: 14357	GB: 14948.6	Conf: 0.844767	Pts: 70351
Particle (28):: Fit: 0.108775	PB: 0.108775	LB: 14357	GB: 14948.6	Conf: 0.446852	Pts: 105352
Particle (22):: Fit: 0.127235	PB: 0.127235	LB: 14357	GB: 14948.6	Conf: 0.72466	Pts: 56051
Particle (33):: Fit: 0.133192	PB: 0.133192	LB: 14549.8	GB: 14948.6	Conf: 0.937961	Pts: 125750
Particle (2):: Fit: 14941.2	PB: 14941.2	LB: 14941.2	GB: 14948.6	Conf: 0.793193	Pts: 126035
Particle (8):: Fit: 0.137227	PB: 0.137227	LB: 14591.1	GB: 14948.6	Conf: 0.129787	Pts: 55346
Particle (11):: Fit: 0.141223	PB: 0.141223	LB: 14591.1	GB: 14948.6	Conf: 0.575771	Pts: 120647
Particle (22):: Fit: 0.129034	PB: 0.129034	LB: 14357	GB: 14948.6	Conf: 0.435234	Pts: 56148
Particle (28):: Fit: 0.114906	PB: 0.114906	LB: 14357	GB: 14948.6	Conf: 0.469041	Pts: 105448
Particle (5):: Fit: 0.125099	PB: 0.125099	LB: 14941.2	GB: 14948.6	Conf: 0.106998	Pts: 55633
Particle (5):: Fit: 0.127152	PB: 0.127152	LB: 14941.2	GB: 14948.6	Conf: 0.349156	Pts: 55730
Particle (36):: Fit: 0.14142	PB: 0.14142	LB: 14549.8	GB: 14948.6	Conf: 0.348423	Pts: 56140
Particle (6):: Fit: 0.132978	PB: 0.132978	LB: 14941.2	GB: 14948.6	Conf: 0.494495	Pts: 55838
Particle (34):: Fit: 0.137545	PB: 0.137545	LB: 14549.8	GB: 14948.6	Conf: 0.675847	Pts: 111137
Particle (9):: Fit: 0.137079	PB: 0.137079	LB: 14591.1	GB: 14948.6	Conf: 0.132264	Pts: 55638
Particle (22):: Fit: 0.139245	PB: 0.139245	LB: 14357	GB: 14948.6	Conf: 0.566159	Pts: 66238
Particle (31):: Fit: 0.141035	PB: 0.141035	LB: 0.141853	GB: 14948.6	Conf: 0.877291	Pts: 60837
Particle (14):: Fit: 15154.8	PB: 15154.8	LB: 15154.8	GB: 15154.8	Conf: 0.239968	Pts: 116233
Particle (17):: Fit: 0.131134	PB: 0.131134	LB: 15154.8	GB: 15154.8	Conf: 0.2119	Pts: 55736
Particle (20):: Fit: 0.141215	PB: 0.141215	LB: 14357	GB: 15154.8	Conf: 0.681548	Pts: 70434
Particle (27):: Fit: 0.1254	PB: 0.1254	LB: 14357	GB: 15154.8	Conf: 0.50583	Pts: 60727
Particle (31):: Fit: 0.14118	PB: 0.14118	LB: 0.141853	GB: 15154.8	Conf: 0.765952	Pts: 60935
Global: 15154.8 - Correct: 74% of 100 tests
Global Best: 
  Inner Net 1
  -- 1 : 1 = -0.96757
  -- 1 : 2 = -0.0573279
  -- 1 : 3 = 0.588402
  -- 1 : 4 = -0.079408
  -- 1 : 5 = 0.0354708
  -- 2 : 1 = 0.233808
  -- 2 : 2 = 0.409924
  -- 2 : 3 = -0.340068
  -- 2 : 4 = 0.27125
  -- 2 : 5 = 0.340525
  -- 3 : 1 = 0.267467
  -- 3 : 2 = -0.280745
  -- 3 : 3 = 0.0413043
  -- 3 : 4 = 0.16658
  -- 3 : 5 = 0.37146
  -- 4 : 1 = 0.581578
  -- 4 : 2 = -0.0393787
  -- 4 : 3 = 0.277379
  -- 4 : 4 = 0.177544
  -- 4 : 5 = 0.252049
  -- 5 : 1 = 0.199056
  -- 5 : 2 = 0.384228
  -- 5 : 3 = 0.596936
  -- 5 : 4 = -0.148131
  -- 5 : 5 = 0.458077
  -- 6 : 1 = -0.5
  -- 6 : 2 = 0.292361
  -- 6 : 3 = 0.173901
  -- 6 : 4 = -0.00999753
  -- 6 : 5 = 0.723388
  Inner Net 2
  -- 1 : 1 = 0.559172
  -- 1 : 2 = -0.281732
  -- 2 : 1 = 0.198801
  -- 2 : 2 = -0.205949
  -- 3 : 1 = 0.328734
  -- 3 : 2 = -0.349013
  -- 4 : 1 = -0.371637
  -- 4 : 2 = 0.0628504
  -- 5 : 1 = -0.422984
  -- 5 : 2 = 0.0673197
Out\Act	False		True
False	0.518325	0.323655	0.84198
True	0.0566397	0.10138	0.15802
	0.574964	0.425036
	Accuracy [ (tp + tn) / testSize ]: 0.619705
	Precision [ tp / (tp + fp) ]:      0.238255
	Sensitivity [ tp / (tp + fn) ]:    0.63964
	Specificity [ tn / (tn + fp) ]:    0.615254
	F-Score [ 2tp / (2tp + fp + fn) ]: 0.347471
Particle (26):: Fit: 0.135637	PB: 0.135637	LB: 14357	GB: 15154.8	Conf: 0.739351	Pts: 80731
Particle (28):: Fit: 0.118983	PB: 0.118983	LB: 14357	GB: 15154.8	Conf: 0.768976	Pts: 105535
Particle (19):: Fit: 0.128852	PB: 0.128852	LB: 14357	GB: 15154.8	Conf: 0.372785	Pts: 65633
Particle (27):: Fit: 0.137278	PB: 0.137278	LB: 14357	GB: 15154.8	Conf: 0.532441	Pts: 60825
Particle (25):: Fit: 15334.5	PB: 15334.5	LB: 15334.5	GB: 15334.5	Conf: 0.485363	Pts: 140833
Global: 15334.5 - Correct: 75% of 100 tests
Global Best: 
  Inner Net 1
  -- 1 : 1 = -0.00987166
  -- 1 : 2 = 0.0306674
  -- 1 : 3 = 0.302536
  -- 1 : 4 = 0.148613
  -- 1 : 5 = 0.522724
  -- 2 : 1 = 0.767468
  -- 2 : 2 = -0.0729987
  -- 2 : 3 = -0.113886
  -- 2 : 4 = -0.328276
  -- 2 : 5 = 0.0530436
  -- 3 : 1 = 0.383825
  -- 3 : 2 = 0.553706
  -- 3 : 3 = 0.0153674
  -- 3 : 4 = -0.0702888
  -- 3 : 5 = -0.25903
  -- 4 : 1 = 0.037733
  -- 4 : 2 = 0.603868
  -- 4 : 3 = -0.217604
  -- 4 : 4 = -0.269014
  -- 4 : 5 = -0.0715056
  -- 5 : 1 = -0.480596
  -- 5 : 2 = -0.477136
  -- 5 : 3 = -0.202603
  -- 5 : 4 = -0.087709
  -- 5 : 5 = -0.217326
  -- 6 : 1 = -0.0819474
  -- 6 : 2 = 0.0217553
  -- 6 : 3 = -0.208713
  -- 6 : 4 = 0.100741
  -- 6 : 5 = 0.338683
  Inner Net 2
  -- 1 : 1 = 0.251396
  -- 1 : 2 = -0.17045
  -- 2 : 1 = -0.183977
  -- 2 : 2 = 0.217448
  -- 3 : 1 = 0.00534731
  -- 3 : 2 = -0.107007
  -- 4 : 1 = 0.0643772
  -- 4 : 2 = 0.241271
  -- 5 : 1 = 0.217591
  -- 5 : 2 = 0.182986
Out\Act	False		True
False	0.628272	0.213708	0.84198
True	0.0685388	0.0894812	0.15802
	0.696811	0.303189
	Accuracy [ (tp + tn) / testSize ]: 0.717753
	Precision [ tp / (tp + fp) ]:      0.294671
	Sensitivity [ tp / (tp + fn) ]:    0.564565
	Specificity [ tn / (tn + fp) ]:    0.745763
	F-Score [ 2tp / (2tp + fp + fn) ]: 0.387629
Particle (4):: Fit: 0.125074	PB: 0.125074	LB: 14941.2	GB: 15334.5	Conf: 0.813777	Pts: 95229
Particle (12):: Fit: 0.122703	PB: 0.122703	LB: 15154.8	GB: 15334.5	Conf: 0.713598	Pts: 180227
Particle (28):: Fit: 0.134916	PB: 0.134916	LB: 15334.5	GB: 15334.5	Conf: 0.811814	Pts: 105631
Particle (12):: Fit: 0.125039	PB: 0.125039	LB: 15154.8	GB: 15334.5	Conf: 0.751089	Pts: 180326
Particle (17):: Fit: 14335.9	PB: 14335.9	LB: 15154.8	GB: 15334.5	Conf: 0.56086	Pts: 55829
Particle (4):: Fit: 0.131105	PB: 0.131105	LB: 14941.2	GB: 15334.5	Conf: 0.779083	Pts: 95321
Particle (48):: Fit: 0.134699	PB: 0.134699	LB: 14948.6	GB: 15334.5	Conf: 0.415664	Pts: 50819
Particle (9):: Fit: 0.137196	PB: 0.137196	LB: 15154.8	GB: 15334.5	Conf: 0.466193	Pts: 55720
Particle (1):: Fit: 14531.7	PB: 14531.7	LB: 14941.2	GB: 15334.5	Conf: 0.919806	Pts: 60519
Particle (49):: Fit: 14322.8	PB: 14322.8	LB: 14948.6	GB: 15334.5	Conf: 0.762776	Pts: 50918
Particle (12):: Fit: 0.126943	PB: 0.126943	LB: 15154.8	GB: 15334.5	Conf: 0.443307	Pts: 180410
Particle (3):: Fit: 14760	PB: 14760	LB: 14941.2	GB: 15334.5	Conf: 0.446235	Pts: 220312
Particle (40):: Fit: 0.137058	PB: 0.137058	LB: 14948.6	GB: 15334.5	Conf: 0.551655	Pts: 55909
Particle (18):: Fit: 14321.4	PB: 14321.4	LB: 15154.8	GB: 15334.5	Conf: 0.650813	Pts: 205305
Particle (6):: Fit: 15142.6	PB: 15142.6	LB: 15142.6	GB: 15334.5	Conf: 0.534001	Pts: 95897
Particle (12):: Fit: 0.133073	PB: 0.133073	LB: 15154.8	GB: 15334.5	Conf: 0.430538	Pts: 180490
Particle (15):: Fit: 0.141541	PB: 0.141541	LB: 15154.8	GB: 15334.5	Conf: 0.73955	Pts: 160395
Particle (42):: Fit: 0.13898	PB: 0.13898	LB: 14948.6	GB: 15334.5	Conf: 0.797684	Pts: 210397
Particle (48):: Fit: 0.138451	PB: 0.138451	LB: 14948.6	GB: 15334.5	Conf: 0.165375	Pts: 50891
Particle (35):: Fit: 0.122944	PB: 0.122944	LB: 14549.8	GB: 15334.5	Conf: 0.342946	Pts: 60791
Particle (12):: Fit: 0.133162	PB: 0.133162	LB: 15154.8	GB: 15334.5	Conf: 0.251685	Pts: 180585
Particle (41):: Fit: 0.139534	PB: 0.139534	LB: 14948.6	GB: 15334.5	Conf: 0.465515	Pts: 51172
Particle (42):: Fit: 0.141222	PB: 0.141222	LB: 14948.6	GB: 15334.5	Conf: 0.919009	Pts: 210491
Particle (43):: Fit: 0.108663	PB: 0.108663	LB: 14948.6	GB: 15334.5	Conf: 1.6528	Pts: 50573
Particle (13):: Fit: 0.137276	PB: 0.137276	LB: 15154.8	GB: 15334.5	Conf: 0.852349	Pts: 55787
Particle (42):: Fit: 0.141276	PB: 0.141276	LB: 14948.6	GB: 15334.5	Conf: 0.864525	Pts: 210587
Particle (23):: Fit: 0.127143	PB: 0.127143	LB: 15334.5	GB: 15334.5	Conf: 0.106779	Pts: 75385
Particle (29):: Fit: 0.139606	PB: 0.139606	LB: 15334.5	GB: 15334.5	Conf: 0.380641	Pts: 90379
Particle (35):: Fit: 0.139545	PB: 0.139545	LB: 14549.8	GB: 15334.5	Conf: 0.780079	Pts: 60878
Particle (7):: Fit: 0.137502	PB: 0.137502	LB: 15142.6	GB: 15334.5	Conf: 0.730266	Pts: 220773
Particle (15):: Fit: 14550.3	PB: 14550.3	LB: 15154.8	GB: 15334.5	Conf: 0.617784	Pts: 165475
Particle (2):: Fit: 16171.3	PB: 16171.3	LB: 16171.3	GB: 16171.3	Conf: 0.347788	Pts: 186062
Global: 16171.3 - Correct: 79% of 100 tests
Global Best: 
  Inner Net 1
  -- 1 : 1 = 0.353644
  -- 1 : 2 = -0.508881
  -- 1 : 3 = -0.182472
  -- 1 : 4 = -0.156162
  -- 1 : 5 = 0.185225
  -- 2 : 1 = 0.401651
  -- 2 : 2 = 0.332524
  -- 2 : 3 = -0.179159
  -- 2 : 4 = 0.0264216
  -- 2 : 5 = 0.0319758
  -- 3 : 1 = -0.103079
  -- 3 : 2 = 0.0608957
  -- 3 : 3 = 0.294133
  -- 3 : 4 = -0.102962
  -- 3 : 5 = 0.290345
  -- 4 : 1 = 0.496885
  -- 4 : 2 = -0.205264
  -- 4 : 3 = 0.0658243
  -- 4 : 4 = -0.515376
  -- 4 : 5 = 0.175383
  -- 5 : 1 = -0.0370634
  -- 5 : 2 = -0.0532556
  -- 5 : 3 = 0.272562
  -- 5 : 4 = 0.245877
  -- 5 : 5 = 0.0951018
  -- 6 : 1 = 0.75815
  -- 6 : 2 = 0.0263993
  -- 6 : 3 = -0.274521
  -- 6 : 4 = 0.0792879
  -- 6 : 5 = -0.247219
  Inner Net 2
  -- 1 : 1 = -0.312725
  -- 1 : 2 = 0.192347
  -- 2 : 1 = -0.388271
  -- 2 : 2 = 0.253285
  -- 3 : 1 = -0.0408555
  -- 3 : 2 = 0.0545345
  -- 4 : 1 = -0.016803
  -- 4 : 2 = -0.376148
  -- 5 : 1 = -0.228631
  -- 5 : 2 = -0.376144
Out\Act	False		True
False	0.678724	0.163256	0.84198
True	0.0932889	0.0647311	0.15802
	0.772013	0.227987
	Accuracy [ (tp + tn) / testSize ]: 0.743455
	Precision [ tp / (tp + fp) ]:      0.283333
	Sensitivity [ tp / (tp + fn) ]:    0.408408
	Specificity [ tn / (tn + fp) ]:    0.80565
	F-Score [ 2tp / (2tp + fp + fn) ]: 0.334975
Particle (49):: Fit: 15171.9	PB: 15171.9	LB: 16171.3	GB: 16171.3	Conf: 0.825102	Pts: 65968
Particle (9):: Fit: 0.139401	PB: 0.139401	LB: 15154.8	GB: 16171.3	Conf: 0.558092	Pts: 55768
Particle (37):: Fit: 0.141589	PB: 0.141589	LB: 14549.8	GB: 16171.3	Conf: 0.837069	Pts: 85767
Particle (13):: Fit: 14523.9	PB: 14523.9	LB: 15154.8	GB: 16171.3	Conf: 0.878306	Pts: 55862
Particle (23):: Fit: 0.131279	PB: 0.131279	LB: 15334.5	GB: 16171.3	Conf: 0.273873	Pts: 75461
Particle (17):: Fit: 14344.7	PB: 14344.7	LB: 15154.8	GB: 16171.3	Conf: 0.762715	Pts: 55857
Particle (47):: Fit: 15175.1	PB: 15175.1	LB: 16171.3	GB: 16171.3	Conf: 0.641905	Pts: 135850
Particle (42):: Fit: 14313	PB: 14313	LB: 15175.1	GB: 16171.3	Conf: 0.937819	Pts: 210649
Particle (32):: Fit: 0.120811	PB: 0.120811	LB: 0.141853	GB: 16171.3	Conf: 1.45505	Pts: 100239
Particle (30):: Fit: 15357.4	PB: 15357.4	LB: 15357.4	GB: 16171.3	Conf: 0.768102	Pts: 125640
Particle (34):: Fit: 0.139344	PB: 0.139344	LB: 15357.4	GB: 16171.3	Conf: 0.507392	Pts: 111135
Particle (22):: Fit: 0.141629	PB: 0.141629	LB: 15334.5	GB: 16171.3	Conf: 0.750652	Pts: 66226
Particle (38):: Fit: 15184.7	PB: 15184.7	LB: 15184.7	GB: 16171.3	Conf: 0.632419	Pts: 290225
Particle (18):: Fit: 14950.6	PB: 14950.6	LB: 15154.8	GB: 16171.3	Conf: 0.434766	Pts: 210330
Particle (4):: Fit: 0.139376	PB: 0.139376	LB: 16171.3	GB: 16171.3	Conf: 0.732122	Pts: 95326
Particle (19):: Fit: 0.133181	PB: 0.133181	LB: 14950.6	GB: 16171.3	Conf: 0.262067	Pts: 65624
Particle (33):: Fit: 0.137191	PB: 0.137191	LB: 15357.4	GB: 16171.3	Conf: 0.996169	Pts: 125725
Particle (19):: Fit: 0.140923	PB: 0.140923	LB: 14950.6	GB: 16171.3	Conf: 0.484146	Pts: 65721
Particle (37):: Fit: 14585.6	PB: 14585.6	LB: 15184.7	GB: 16171.3	Conf: 0.485514	Pts: 85825
Particle (32):: Fit: 0.123907	PB: 0.123907	LB: 15357.4	GB: 16171.3	Conf: 0.909055	Pts: 100319
Particle (23):: Fit: 0.132985	PB: 0.132985	LB: 15334.5	GB: 16171.3	Conf: 0.279732	Pts: 75519
Particle (34):: Fit: 14342.8	PB: 14342.8	LB: 15357.4	GB: 16171.3	Conf: 0.344164	Pts: 111216
Particle (43):: Fit: 0.112578	PB: 0.112578	LB: 15175.1	GB: 16171.3	Conf: 1.58085	Pts: 50599
Particle (43):: Fit: 0.114781	PB: 0.114781	LB: 15175.1	GB: 16171.3	Conf: 0.487496	Pts: 50696
Particle (43):: Fit: 0.126808	PB: 0.126808	LB: 15175.1	GB: 16171.3	Conf: 0.514391	Pts: 50794
Particle (42):: Fit: 14711.4	PB: 14711.4	LB: 15184.7	GB: 16171.3	Conf: 0.936244	Pts: 210715
Particle (27):: Fit: 14310.3	PB: 14310.3	LB: 15357.4	GB: 16171.3	Conf: 0.53568	Pts: 60803
Particle (40):: Fit: 0.141563	PB: 0.141563	LB: 15184.7	GB: 16171.3	Conf: 0.397671	Pts: 55912
Particle (21):: Fit: 0.127029	PB: 0.127029	LB: 15334.5	GB: 16171.3	Conf: 0.816532	Pts: 105305
Particle (41):: Fit: 14562.9	PB: 14562.9	LB: 15184.7	GB: 16171.3	Conf: 0.346554	Pts: 51183
Particle (43):: Fit: 0.129252	PB: 0.129252	LB: 15175.1	GB: 16171.3	Conf: 0.395182	Pts: 50880
Particle (21):: Fit: 0.127099	PB: 0.127099	LB: 15334.5	GB: 16171.3	Conf: 0.682903	Pts: 105401
Particle (27):: Fit: 14730.9	PB: 14730.9	LB: 15357.4	GB: 16171.3	Conf: 0.519955	Pts: 60887
Particle (7):: Fit: 0.141284	PB: 0.141284	LB: 15142.6	GB: 16171.3	Conf: 0.507071	Pts: 220788
Particle (5):: Fit: 0.128906	PB: 0.128906	LB: 16171.3	GB: 16171.3	Conf: 0.470247	Pts: 55682
Particle (15):: Fit: 14748	PB: 14748	LB: 15154.8	GB: 16171.3	Conf: 0.543176	Pts: 165491
Particle (11):: Fit: 14768.1	PB: 14768.1	LB: 15154.8	GB: 16171.3	Conf: 0.567449	Pts: 120579
Particle (23):: Fit: 14327.4	PB: 14327.4	LB: 15334.5	GB: 16171.3	Conf: 0.33619	Pts: 75567
Particle (8):: Fit: 0.137559	PB: 0.137559	LB: 15142.6	GB: 16171.3	Conf: 0.114943	Pts: 55265
Particle (5):: Fit: 0.129155	PB: 0.129155	LB: 16171.3	GB: 16171.3	Conf: 0.20374	Pts: 55749
Particle (35):: Fit: 14339.4	PB: 14339.4	LB: 15184.7	GB: 16171.3	Conf: 0.528934	Pts: 60855
Particle (20):: Fit: 15959.3	PB: 15959.3	LB: 15959.3	GB: 16171.3	Conf: 0.843255	Pts: 120351
Particle (8):: Fit: 14395.6	PB: 14395.6	LB: 15142.6	GB: 16171.3	Conf: 0.118212	Pts: 55350
Particle (26):: Fit: 0.137306	PB: 0.137306	LB: 15357.4	GB: 16171.3	Conf: 0.666116	Pts: 80644
Particle (21):: Fit: 0.129204	PB: 0.129204	LB: 15959.3	GB: 16171.3	Conf: 0.366329	Pts: 105448
Particle (5):: Fit: 0.135319	PB: 0.135319	LB: 16171.3	GB: 16171.3	Conf: 0.382931	Pts: 55835
Particle (43):: Fit: 0.129319	PB: 0.129319	LB: 15175.1	GB: 16171.3	Conf: 0.665977	Pts: 50920
Particle (17):: Fit: 14358.5	PB: 14358.5	LB: 15959.3	GB: 16171.3	Conf: 0.752522	Pts: 55840
Particle (12):: Fit: 0.13939	PB: 0.13939	LB: 15154.8	GB: 16171.3	Conf: 0.265453	Pts: 180533
Particle (19):: Fit: 14533	PB: 14533	LB: 15959.3	GB: 16171.3	Conf: 0.388029	Pts: 65733
Particle (36):: Fit: 15381.2	PB: 15381.2	LB: 15381.2	GB: 16171.3	Conf: 0.585879	Pts: 106036
Particle (9):: Fit: 0.139503	PB: 0.139503	LB: 15154.8	GB: 16171.3	Conf: 0.2064	Pts: 55725
Particle (0):: Fit: 0.114916	PB: 0.114916	LB: 16171.3	GB: 16171.3	Conf: 0.810043	Pts: 110326
Particle (43):: Fit: 14767.1	PB: 14767.1	LB: 15175.1	GB: 16171.3	Conf: 0.312446	Pts: 51001
Particle (26):: Fit: 0.137316	PB: 0.137316	LB: 15357.4	GB: 16171.3	Conf: 0.552096	Pts: 80710
Particle (16):: Fit: 0.139704	PB: 0.139704	LB: 15959.3	GB: 16171.3	Conf: 0.630921	Pts: 60398
Particle (40):: Fit: 15145.9	PB: 15145.9	LB: 15381.2	GB: 16171.3	Conf: 0.537426	Pts: 55903
Particle (35):: Fit: 14359	PB: 14359	LB: 15381.2	GB: 16171.3	Conf: 0.687703	Pts: 60899
Particle (9):: Fit: 14348.2	PB: 14348.2	LB: 15154.8	GB: 16171.3	Conf: 0.805511	Pts: 55799
Particle (21):: Fit: 0.134928	PB: 0.134928	LB: 15959.3	GB: 16171.3	Conf: 0.570631	Pts: 105499
Particle (8):: Fit: 14930.8	PB: 14930.8	LB: 15142.6	GB: 16171.3	Conf: 0.118178	Pts: 55390
Particle (27):: Fit: 14768.5	PB: 14768.5	LB: 15357.4	GB: 16171.3	Conf: 0.562102	Pts: 60875
Particle (17):: Fit: 14542.9	PB: 14542.9	LB: 15959.3	GB: 16171.3	Conf: 0.390712	Pts: 55881
Particle (21):: Fit: 0.141304	PB: 0.141304	LB: 15959.3	GB: 16171.3	Conf: 0.466575	Pts: 105577
Particle (0):: Fit: 0.116936	PB: 0.116936	LB: 16171.3	GB: 16171.3	Conf: 0.602232	Pts: 110373
Particle (24):: Fit: 14529.8	PB: 14529.8	LB: 15959.3	GB: 16171.3	Conf: 0.85336	Pts: 160260
Particle (28):: Fit: 0.135076	PB: 0.135076	LB: 15357.4	GB: 16171.3	Conf: 0.615227	Pts: 105466
Particle (33):: Fit: 14744.5	PB: 14744.5	LB: 15381.2	GB: 16171.3	Conf: 0.967114	Pts: 125657
Particle (9):: Fit: 14350.3	PB: 14350.3	LB: 15154.8	GB: 16171.3	Conf: 0.366253	Pts: 55857
Particle (14):: Fit: 15364.2	PB: 15364.2	LB: 15364.2	GB: 16171.3	Conf: 0.561069	Pts: 146045
Particle (26):: Fit: 0.141165	PB: 0.141165	LB: 15357.4	GB: 16171.3	Conf: 0.594383	Pts: 80731
Particle (7):: Fit: 0.141482	PB: 0.141482	LB: 15142.6	GB: 16171.3	Conf: 0.56653	Pts: 220726
Particle (33):: Fit: 14748	PB: 14748	LB: 15381.2	GB: 16171.3	Conf: 0.973817	Pts: 125729
Particle (40):: Fit: 15156.2	PB: 15156.2	LB: 15381.2	GB: 16171.3	Conf: 0.575444	Pts: 55930
Particle (28):: Fit: 0.137443	PB: 0.137443	LB: 15357.4	GB: 16171.3	Conf: 0.893787	Pts: 105531
Particle (9):: Fit: 14786.2	PB: 14786.2	LB: 15364.2	GB: 16171.3	Conf: 0.423475	Pts: 55904
Particle (39):: Fit: 14332.5	PB: 14332.5	LB: 15381.2	GB: 16171.3	Conf: 0.278537	Pts: 55395
Particle (41):: Fit: 15162.2	PB: 15162.2	LB: 15184.7	GB: 16171.3	Conf: 0.557499	Pts: 51079
Particle (0):: Fit: 0.123042	PB: 0.123042	LB: 16171.3	GB: 16171.3	Conf: 0.63243	Pts: 110399
Particle (0):: Fit: 0.12307	PB: 0.12307	LB: 16171.3	GB: 16171.3	Conf: 0.644133	Pts: 110484
Particle (7):: Fit: 14720.1	PB: 14720.1	LB: 15142.6	GB: 16171.3	Conf: 0.248311	Pts: 220760
Particle (5):: Fit: 15148.1	PB: 15148.1	LB: 16171.3	GB: 16171.3	Conf: 0.232365	Pts: 65759
Particle (39):: Fit: 14381	PB: 14381	LB: 15381.2	GB: 16171.3	Conf: 0.191098	Pts: 55452
Particle (24):: Fit: 14971.3	PB: 14971.3	LB: 15959.3	GB: 16171.3	Conf: 0.694405	Pts: 160244
Particle (19):: Fit: 14748.7	PB: 14748.7	LB: 15959.3	GB: 16171.3	Conf: 0.381447	Pts: 65631
Particle (11):: Fit: 15348.6	PB: 15348.6	LB: 15364.2	GB: 16171.3	Conf: 0.580924	Pts: 130432
Particle (16):: Fit: 15172.6	PB: 15172.6	LB: 15959.3	GB: 16171.3	Conf: 0.665352	Pts: 60314
Particle (48):: Fit: 0.139447	PB: 0.139447	LB: 16171.3	GB: 16171.3	Conf: 0.641229	Pts: 50600
Particle (24):: Fit: 15372.7	PB: 15372.7	LB: 15959.3	GB: 16171.3	Conf: 0.778502	Pts: 180268
Particle (12):: Fit: 15395.3	PB: 15395.3	LB: 15395.3	GB: 16171.3	Conf: 0.650222	Pts: 220360
Particle (37):: Fit: 14932.2	PB: 14932.2	LB: 15381.2	GB: 16171.3	Conf: 0.661273	Pts: 85565
Particle (17):: Fit: 14748.6	PB: 14748.6	LB: 15959.3	GB: 16171.3	Conf: 0.580357	Pts: 55751
Particle (32):: Fit: 0.126876	PB: 0.126876	LB: 15381.2	GB: 16171.3	Conf: 1.18299	Pts: 100034
Particle (40):: Fit: 15162.1	PB: 15162.1	LB: 15381.2	GB: 16171.3	Conf: 0.8522	Pts: 55809
Particle (4):: Fit: 0.141582	PB: 0.141582	LB: 16171.3	GB: 16171.3	Conf: 0.407878	Pts: 95000
Particle (23):: Fit: 14800.3	PB: 14800.3	LB: 15959.3	GB: 16171.3	Conf: 0.293552	Pts: 75288
Particle (26):: Fit: 0.141272	PB: 0.141272	LB: 15372.7	GB: 16171.3	Conf: 0.6116	Pts: 80582
Particle (13):: Fit: 14541.4	PB: 14541.4	LB: 15395.3	GB: 16171.3	Conf: 0.512891	Pts: 55472
Particle (6):: Fit: 16192	PB: 16192	LB: 16192	GB: 16192	Conf: 0.745859	Pts: 155458
Global: 16192 - Correct: 79% of 100 tests
Global Best: 
  Inner Net 1
  -- 1 : 1 = 0.551797
  -- 1 : 2 = -0.0713893
  -- 1 : 3 = -0.0927089
  -- 1 : 4 = -0.320851
  -- 1 : 5 = 0.0450593
  -- 2 : 1 = 0.562346
  -- 2 : 2 = -0.331926
  -- 2 : 3 = -0.625298
  -- 2 : 4 = 0.0468193
  -- 2 : 5 = -0.0250083
  -- 3 : 1 = 0.106941
  -- 3 : 2 = -0.138007
  -- 3 : 3 = -0.0535175
  -- 3 : 4 = 0.255848
  -- 3 : 5 = 0.190629
  -- 4 : 1 = 0.555262
  -- 4 : 2 = -0.165154
  -- 4 : 3 = -0.21405
  -- 4 : 4 = 0.19751
  -- 4 : 5 = 0.119813
  -- 5 : 1 = 0.229156
  -- 5 : 2 = -0.164762
  -- 5 : 3 = 0.300801
  -- 5 : 4 = -0.105722
  -- 5 : 5 = -0.187561
  -- 6 : 1 = 0.4396
  -- 6 : 2 = -0.104067
  -- 6 : 3 = -0.0748092
  -- 6 : 4 = -0.437103
  -- 6 : 5 = -0.0688147
  Inner Net 2
  -- 1 : 1 = -0.351953
  -- 1 : 2 = 0.0417582
  -- 2 : 1 = -0.333974
  -- 2 : 2 = 0.0995639
  -- 3 : 1 = 0.354994
  -- 3 : 2 = -0.2779
  -- 4 : 1 = -0.432662
  -- 4 : 2 = 0.0222131
  -- 5 : 1 = 0.101842
  -- 5 : 2 = 0.143094
Out\Act	False		True
False	0.746787	0.0951928	0.84198
True	0.0961447	0.0618753	0.15802
	0.842932	0.157068
	Accuracy [ (tp + tn) / testSize ]: 0.808663
	Precision [ tp / (tp + fp) ]:      0.392749
	Sensitivity [ tp / (tp + fn) ]:    0.39039
	Specificity [ tn / (tn + fp) ]:    0.886441
	F-Score [ 2tp / (2tp + fp + fn) ]: 0.392157
Particle (27):: Fit: 15581.4	PB: 15581.4	LB: 15581.4	GB: 16192	Conf: 0.496733	Pts: 95620
Particle (44):: Fit: 0.135723	PB: 0.135723	LB: 15175.1	GB: 16192	Conf: 0.837665	Pts: 50111
Particle (26):: Fit: 14536.5	PB: 14536.5	LB: 15581.4	GB: 16192	Conf: 0.641947	Pts: 80608
Particle (33):: Fit: 14958.7	PB: 14958.7	LB: 15381.2	GB: 16192	Conf: 0.970053	Pts: 125496
Particle (21):: Fit: 14293.1	PB: 14293.1	LB: 15959.3	GB: 16192	Conf: 0.515178	Pts: 105269
Particle (43):: Fit: 14777.2	PB: 14777.2	LB: 15175.1	GB: 16192	Conf: 0.420707	Pts: 50564
Particle (21):: Fit: 14542.4	PB: 14542.4	LB: 15959.3	GB: 16192	Conf: 0.531464	Pts: 105275
Particle (3):: Fit: 14980.5	PB: 14980.5	LB: 16192	GB: 16192	Conf: 0.609891	Pts: 219653
Particle (16):: Fit: 15362.9	PB: 15362.9	LB: 15959.3	GB: 16192	Conf: 0.742967	Pts: 60011
Particle (39):: Fit: 14732.4	PB: 14732.4	LB: 15381.2	GB: 16192	Conf: 0.335046	Pts: 55119
Particle (13):: Fit: 14555	PB: 14555	LB: 15395.3	GB: 16192	Conf: 0.905223	Pts: 55314
Particle (28):: Fit: 0.141546	PB: 0.141546	LB: 15581.4	GB: 16192	Conf: 0.931848	Pts: 105093
Particle (31):: Fit: 14750.8	PB: 14750.8	LB: 15581.4	GB: 16192	Conf: 0.774213	Pts: 60107
Particle (42):: Fit: 15568.3	PB: 15568.3	LB: 15568.3	GB: 16192	Conf: 0.932897	Pts: 259990
Particle (4):: Fit: 0.141752	PB: 0.141752	LB: 16192	GB: 16192	Conf: 0.387329	Pts: 94664
Particle (48):: Fit: 14358.9	PB: 14358.9	LB: 16171.3	GB: 16192	Conf: 0.34475	Pts: 50152
Particle (34):: Fit: 14352.5	PB: 14352.5	LB: 15381.2	GB: 16192	Conf: 0.657536	Pts: 110435
Particle (37):: Fit: 15176.5	PB: 15176.5	LB: 15568.3	GB: 16192	Conf: 0.504961	Pts: 85111
Particle (21):: Fit: 15569	PB: 15569	LB: 15959.3	GB: 16192	Conf: 0.487208	Pts: 105118
Particle (48):: Fit: 14494.4	PB: 14494.4	LB: 16171.3	GB: 16192	Conf: 0.240062	Pts: 50191
Particle (0):: Fit: 0.135342	PB: 0.135342	LB: 16171.3	GB: 16192	Conf: 0.333167	Pts: 109895
Particle (28):: Fit: 14347.7	PB: 14347.7	LB: 15581.4	GB: 16192	Conf: 0.85506	Pts: 104943
Particle (29):: Fit: 0.141711	PB: 0.141711	LB: 15581.4	GB: 16192	Conf: 0.337117	Pts: 89367
Particle (18):: Fit: 14978.2	PB: 14978.2	LB: 15959.3	GB: 16192	Conf: 0.553735	Pts: 209376
Particle (33):: Fit: 14975.8	PB: 14975.8	LB: 15381.2	GB: 16192	Conf: 0.961402	Pts: 125043
Particle (35):: Fit: 14953.7	PB: 14953.7	LB: 15381.2	GB: 16192	Conf: 0.676911	Pts: 60020
Particle (39):: Fit: 14757.2	PB: 14757.2	LB: 15568.3	GB: 16192	Conf: 0.134991	Pts: 54789
Particle (29):: Fit: 1448.99	PB: 1448.99	LB: 15581.4	GB: 16192	Conf: 0.372958	Pts: 89293
Particle (4):: Fit: 15372.5	PB: 15372.5	LB: 16192	GB: 16192	Conf: 0.832932	Pts: 94363
Particle (33):: Fit: 15589.5	PB: 15589.5	LB: 15589.5	GB: 16192	Conf: 0.703975	Pts: 174925
Particle (22):: Fit: 14921.6	PB: 14921.6	LB: 15959.3	GB: 16192	Conf: 0.552771	Pts: 65017
Particle (32):: Fit: 0.139302	PB: 0.139302	LB: 15589.5	GB: 16192	Conf: 1.19643	Pts: 99178
Particle (46):: Fit: 15184.8	PB: 15184.8	LB: 15568.3	GB: 16192	Conf: 0.344032	Pts: 64393
Particle (39):: Fit: 14972.2	PB: 14972.2	LB: 15568.3	GB: 16192	Conf: 0.254426	Pts: 54648
Particle (14):: Fit: 15368.9	PB: 15368.9	LB: 15395.3	GB: 16192	Conf: 0.243178	Pts: 144932
Particle (44):: Fit: 15199.3	PB: 15199.3	LB: 15568.3	GB: 16192	Conf: 0.712741	Pts: 49225
Particle (26):: Fit: 14572.3	PB: 14572.3	LB: 15581.4	GB: 16192	Conf: 0.416621	Pts: 79713
Particle (7):: Fit: 14949	PB: 14949	LB: 16192	GB: 16192	Conf: 0.5747	Pts: 219617
Particle (34):: Fit: 14760.3	PB: 14760.3	LB: 15589.5	GB: 16192	Conf: 0.72078	Pts: 109875
Particle (45):: Fit: 15787.2	PB: 15787.2	LB: 15787.2	GB: 16192	Conf: 0.691528	Pts: 183860
Particle (1):: Fit: 14791.6	PB: 14791.6	LB: 16192	GB: 16192	Conf: 0.897046	Pts: 58905
Particle (26):: Fit: 14760.7	PB: 14760.7	LB: 15581.4	GB: 16192	Conf: 0.733964	Pts: 79658
Particle (36):: Fit: 15754.6	PB: 15754.6	LB: 15754.6	GB: 16192	Conf: 0.558209	Pts: 149533
Particle (22):: Fit: 14937	PB: 14937	LB: 15959.3	GB: 16192	Conf: 0.523364	Pts: 64671
Particle (47):: Fit: 15346.9	PB: 15346.9	LB: 16171.3	GB: 16192	Conf: 0.457344	Pts: 134188
Particle (48):: Fit: 14558.7	PB: 14558.7	LB: 16171.3	GB: 16192	Conf: 0.293342	Pts: 49419
Particle (17):: Fit: 15116.3	PB: 15116.3	LB: 15959.3	GB: 16192	Conf: 0.474046	Pts: 54386
Particle (49):: Fit: 15357.4	PB: 15357.4	LB: 16171.3	GB: 16192	Conf: 0.802523	Pts: 64144
Particle (31):: Fit: 15375.6	PB: 15375.6	LB: 15754.6	GB: 16192	Conf: 0.917729	Pts: 59114
Particle (3):: Fit: 15138.1	PB: 15138.1	LB: 16192	GB: 16192	Conf: 0.586866	Pts: 218527
Particle (46):: Fit: 15760.6	PB: 15760.6	LB: 15787.2	GB: 16192	Conf: 0.376375	Pts: 63878
Particle (26):: Fit: 15192.5	PB: 15192.5	LB: 15581.4	GB: 16192	Conf: 0.428382	Pts: 79345
Particle (28):: Fit: 14737.1	PB: 14737.1	LB: 15589.5	GB: 16192	Conf: 0.816103	Pts: 103980
Particle (0):: Fit: 0.137354	PB: 0.137354	LB: 16171.3	GB: 16192	Conf: 0.75481	Pts: 108843
Particle (49):: Fit: 15410.8	PB: 15410.8	LB: 16171.3	GB: 16192	Conf: 0.756028	Pts: 63933
Particle (13):: Fit: 14952.3	PB: 14952.3	LB: 15395.3	GB: 16192	Conf: 0.820896	Pts: 53857
Particle (40):: Fit: 15336.8	PB: 15336.8	LB: 15787.2	GB: 16192	Conf: 0.45873	Pts: 53872
Particle (39):: Fit: 15149.2	PB: 15149.2	LB: 15754.6	GB: 16192	Conf: 0.291791	Pts: 53644
Particle (18):: Fit: 15777.3	PB: 15777.3	LB: 15959.3	GB: 16192	Conf: 0.514725	Pts: 217992
Particle (29):: Fit: 14320.4	PB: 14320.4	LB: 15589.5	GB: 16192	Conf: 0.29348	Pts: 88031
Particle (23):: Fit: 15573.3	PB: 15573.3	LB: 15959.3	GB: 16192	Conf: 0.530713	Pts: 73030
Particle (28):: Fit: 14917.8	PB: 14917.8	LB: 15589.5	GB: 16192	Conf: 0.860373	Pts: 103377
Particle (4):: Fit: 15375.5	PB: 15375.5	LB: 16192	GB: 16192	Conf: 0.765617	Pts: 92667
Particle (41):: Fit: 15563.5	PB: 15563.5	LB: 15787.2	GB: 16192	Conf: 0.570473	Pts: 48316
Particle (9):: Fit: 14968.7	PB: 14968.7	LB: 16192	GB: 16192	Conf: 0.123249	Pts: 53085
Particle (42):: Fit: 15812.6	PB: 15812.6	LB: 15812.6	GB: 16192	Conf: 0.649826	Pts: 307710
Particle (43):: Fit: 15596.9	PB: 15596.9	LB: 15812.6	GB: 16192	Conf: 0.747165	Pts: 47992
Particle (4):: Fit: 15587.3	PB: 15587.3	LB: 16192	GB: 16192	Conf: 0.828215	Pts: 92370
Particle (29):: Fit: 14539.6	PB: 14539.6	LB: 15589.5	GB: 16192	Conf: 0.584365	Pts: 87050
Particle (7):: Fit: 15183.3	PB: 15183.3	LB: 16192	GB: 16192	Conf: 0.335598	Pts: 217527
Particle (29):: Fit: 14951.9	PB: 14951.9	LB: 15589.5	GB: 16192	Conf: 0.622128	Pts: 87053
Particle (22):: Fit: 15367.1	PB: 15367.1	LB: 15959.3	GB: 16192	Conf: 0.58226	Pts: 62607
Particle (15):: Fit: 14764.6	PB: 14764.6	LB: 15959.3	GB: 16192	Conf: 0.705498	Pts: 161642
Particle (7):: Fit: 15352.6	PB: 15352.6	LB: 16192	GB: 16192	Conf: 0.516691	Pts: 217287
Particle (22):: Fit: 15768.8	PB: 15768.8	LB: 15959.3	GB: 16192	Conf: 0.509515	Pts: 72585
Particle (1):: Fit: 14804.1	PB: 14804.1	LB: 16192	GB: 16192	Conf: 0.87898	Pts: 56557
Particle (39):: Fit: 15602.8	PB: 15602.8	LB: 15812.6	GB: 16192	Conf: 0.274925	Pts: 52122
Global Best: 
  Inner Net 1
  -- 1 : 1 = 0.551797
  -- 1 : 2 = -0.0713893
  -- 1 : 3 = -0.0927089
  -- 1 : 4 = -0.320851
  -- 1 : 5 = 0.0450593
  -- 2 : 1 = 0.562346
  -- 2 : 2 = -0.331926
  -- 2 : 3 = -0.625298
  -- 2 : 4 = 0.0468193
  -- 2 : 5 = -0.0250083
  -- 3 : 1 = 0.106941
  -- 3 : 2 = -0.138007
  -- 3 : 3 = -0.0535175
  -- 3 : 4 = 0.255848
  -- 3 : 5 = 0.190629
  -- 4 : 1 = 0.555262
  -- 4 : 2 = -0.165154
  -- 4 : 3 = -0.21405
  -- 4 : 4 = 0.19751
  -- 4 : 5 = 0.119813
  -- 5 : 1 = 0.229156
  -- 5 : 2 = -0.164762
  -- 5 : 3 = 0.300801
  -- 5 : 4 = -0.105722
  -- 5 : 5 = -0.187561
  -- 6 : 1 = 0.4396
  -- 6 : 2 = -0.104067
  -- 6 : 3 = -0.0748092
  -- 6 : 4 = -0.437103
  -- 6 : 5 = -0.0688147
  Inner Net 2
  -- 1 : 1 = -0.351953
  -- 1 : 2 = 0.0417582
  -- 2 : 1 = -0.333974
  -- 2 : 2 = 0.0995639
  -- 3 : 1 = 0.354994
  -- 3 : 2 = -0.2779
  -- 4 : 1 = -0.432662
  -- 4 : 2 = 0.0222131
  -- 5 : 1 = 0.101842
  -- 5 : 2 = 0.143094
Out\Act	False		True
False	0.746787	0.0951928	0.84198
True	0.0961447	0.0618753	0.15802
	0.842932	0.157068
	Accuracy [ (tp + tn) / testSize ]: 0.808663
	Precision [ tp / (tp + fp) ]:      0.392749
	Sensitivity [ tp / (tp + fn) ]:    0.39039
	Specificity [ tn / (tn + fp) ]:    0.886441
	F-Score [ 2tp / (2tp + fp + fn) ]: 0.392157
