
Date / Time: Fri Mar 31 01:07:43 2017

   ****************************************
   * PSO Neural Net (Gaussian Activation) *
   *       by William Boler, BSCE         *
   *     Research Assistant, IUPUI        *
   *                                      *
   *  Professor: Dr. Lauren Christopher   *
   *     Created: March 13, 2017          *
   ****************************************


Inputs: 10
Inner Nets: 1
 - 9
Tests per train(min): 500
Particles: 50
Neighbors: 10
Minimum Particle Iterations: 1000
Particle (0):: Fit: 5421.55	PB: 5421.55	LB: 5421.55	GB: 5421.55	Conf: 1.98053	Pts: 110099
Particle (1):: Fit: 2753.84	PB: 2753.84	LB: 5421.55	GB: 5421.55	Conf: 2	Pts: 55099
Particle (2):: Fit: 2754.38	PB: 2754.38	LB: 5421.55	GB: 5421.55	Conf: 1.99358	Pts: 60099
Particle (3):: Fit: 2754.29	PB: 2754.29	LB: 5421.55	GB: 5421.55	Conf: 1.99717	Pts: 55099
Particle (4):: Fit: 5.99753	PB: 5.99753	LB: 5421.55	GB: 5421.55	Conf: 0.529743	Pts: 55099
Particle (5):: Fit: 2754.64	PB: 2754.64	LB: 2754.64	GB: 5421.55	Conf: 1.99674	Pts: 75099
Particle (6):: Fit: 2752.74	PB: 2752.74	LB: 2754.64	GB: 5421.55	Conf: 2	Pts: 55099
Particle (7):: Fit: 2753.12	PB: 2753.12	LB: 2754.64	GB: 5421.55	Conf: 2	Pts: 60099
Particle (8):: Fit: 2753.3	PB: 2753.3	LB: 2754.64	GB: 5421.55	Conf: 2	Pts: 65099
Particle (9):: Fit: 2754.03	PB: 2754.03	LB: 2754.64	GB: 5421.55	Conf: 1.66521	Pts: 70099
Particle (10):: Fit: 2753.66	PB: 2753.66	LB: 2754.03	GB: 5421.55	Conf: 2	Pts: 55099
Particle (11):: Fit: 5.71953	PB: 5.71953	LB: 2754.03	GB: 5421.55	Conf: 0.0490316	Pts: 55099
Particle (12):: Fit: 5.56686	PB: 5.56686	LB: 2754.03	GB: 5421.55	Conf: 0.704473	Pts: 55099
Particle (13):: Fit: 2753.48	PB: 2753.48	LB: 2754.03	GB: 5421.55	Conf: 2	Pts: 65099
Particle (14):: Fit: 2734.08	PB: 2734.08	LB: 2753.66	GB: 5421.55	Conf: 1.99284	Pts: 55099
Particle (15):: Fit: 2742.52	PB: 2742.52	LB: 2753.48	GB: 5421.55	Conf: 1.82452	Pts: 60099
Particle (16):: Fit: 2754.29	PB: 2754.29	LB: 2754.29	GB: 5421.55	Conf: 2	Pts: 100099
Particle (17):: Fit: 5500.15	PB: 5500.15	LB: 5500.15	GB: 5500.15	Conf: 1.08277	Pts: 110099
Particle (18):: Fit: 2753.84	PB: 2753.84	LB: 5500.15	GB: 5500.15	Conf: 2	Pts: 55099
Particle (19):: Fit: 2753.75	PB: 2753.75	LB: 5500.15	GB: 5500.15	Conf: 2	Pts: 55099
Particle (20):: Fit: 2754.91	PB: 2754.91	LB: 5500.15	GB: 5500.15	Conf: 0.774727	Pts: 65099
Particle (21):: Fit: 2755.49	PB: 2755.49	LB: 5500.15	GB: 5500.15	Conf: 1.99595	Pts: 70099
Particle (22):: Fit: 2752.74	PB: 2752.74	LB: 2755.49	GB: 5500.15	Conf: 2	Pts: 55099
Particle (23):: Fit: 1582.76	PB: 1582.76	LB: 2755.49	GB: 5500.15	Conf: 1.17758	Pts: 55099
Particle (24):: Fit: 5514.79	PB: 5514.79	LB: 5514.79	GB: 5514.79	Conf: 1.99628	Pts: 110099
Particle (25):: Fit: 2742.27	PB: 2742.27	LB: 5514.79	GB: 5514.79	Conf: 1.11496	Pts: 55099
Particle (26):: Fit: 2753.57	PB: 2753.57	LB: 5514.79	GB: 5514.79	Conf: 2	Pts: 60099
Particle (27):: Fit: 2393.98	PB: 2393.98	LB: 5514.79	GB: 5514.79	Conf: 0.75496	Pts: 55099
Particle (28):: Fit: 2753.66	PB: 2753.66	LB: 5514.79	GB: 5514.79	Conf: 2	Pts: 70099
Particle (29):: Fit: 5.49348	PB: 5.49348	LB: 2753.66	GB: 5514.79	Conf: 0.801835	Pts: 55099
Particle (30):: Fit: 1737.79	PB: 1737.79	LB: 2753.66	GB: 5514.79	Conf: 1.13347	Pts: 60099
Particle (31):: Fit: 4261.37	PB: 4261.37	LB: 4261.37	GB: 5514.79	Conf: 1.76771	Pts: 85099
Particle (32):: Fit: 2754.2	PB: 2754.2	LB: 4261.37	GB: 5514.79	Conf: 2	Pts: 55099
Particle (33):: Fit: 2756.84	PB: 2756.84	LB: 4261.37	GB: 5514.79	Conf: 1.72312	Pts: 60099
Particle (34):: Fit: 2753.45	PB: 2753.45	LB: 4261.37	GB: 5514.79	Conf: 1.82344	Pts: 55099
Particle (35):: Fit: 5468.76	PB: 5468.76	LB: 5468.76	GB: 5514.79	Conf: 1.86481	Pts: 100099
Particle (36):: Fit: 2716.9	PB: 2716.9	LB: 5468.76	GB: 5514.79	Conf: 1.99283	Pts: 55099
Particle (37):: Fit: 2755.56	PB: 2755.56	LB: 5468.76	GB: 5514.79	Conf: 2	Pts: 60099
Particle (38):: Fit: 2752.57	PB: 2752.57	LB: 5468.76	GB: 5514.79	Conf: 1.98252	Pts: 55099
Particle (39):: Fit: 2754.46	PB: 2754.46	LB: 5468.76	GB: 5514.79	Conf: 2	Pts: 60099
Particle (40):: Fit: 2754.02	PB: 2754.02	LB: 2755.56	GB: 5514.79	Conf: 2	Pts: 55099
Particle (41):: Fit: 2752.93	PB: 2752.93	LB: 2755.56	GB: 5514.79	Conf: 2	Pts: 50099
Particle (42):: Fit: 5.68364	PB: 5.68364	LB: 2754.46	GB: 5514.79	Conf: 0.726706	Pts: 50099
Particle (43):: Fit: 5.57188	PB: 5.57188	LB: 2754.46	GB: 5514.79	Conf: 0.685776	Pts: 50099
Particle (44):: Fit: 2753.3	PB: 2753.3	LB: 2754.02	GB: 5514.79	Conf: 2	Pts: 50099
Particle (45):: Fit: 2754.46	PB: 2754.46	LB: 5421.55	GB: 5514.79	Conf: 1.72229	Pts: 55099
Particle (46):: Fit: 2754.4	PB: 2754.4	LB: 5421.55	GB: 5514.79	Conf: 0.47619	Pts: 50099
Particle (47):: Fit: 2754.2	PB: 2754.2	LB: 5421.55	GB: 5514.79	Conf: 2	Pts: 50099
Particle (48):: Fit: 2755.3	PB: 2755.3	LB: 5421.55	GB: 5514.79	Conf: 0.822204	Pts: 60099
Particle (49):: Fit: 2755.56	PB: 2755.56	LB: 5421.55	GB: 5514.79	Conf: 2	Pts: 55099
Global: 5514.79 - Correct: 51.6% of 500 tests
Global Best: 
  Inner Net 1
  -- 1 : 1 = 0.5296
  -- 1 : 2 = 0.2334
  -- 1 : 3 = 0.7078
  -- 1 : 4 = 0.9527
  -- 1 : 5 = 0.7273
  -- 1 : 6 = 0.3121
  -- 1 : 7 = 0.0077
  -- 1 : 8 = 0.5741
  -- 1 : 9 = 0.0354
  -- 2 : 1 = 0.2788
  -- 2 : 2 = 0.9792
  -- 2 : 3 = 0.8421
  -- 2 : 4 = 0.2936
  -- 2 : 5 = 0.2747
  -- 2 : 6 = 0.5325
  -- 2 : 7 = 0.1075
  -- 2 : 8 = 0.5035
  -- 2 : 9 = 0.601
  -- 3 : 1 = 0.9326
  -- 3 : 2 = 0.1116
  -- 3 : 3 = 0.2574
  -- 3 : 4 = 0.5634
  -- 3 : 5 = 0.6331
  -- 3 : 6 = 0.7238
  -- 3 : 7 = 0.7873
  -- 3 : 8 = 0.4154
  -- 3 : 9 = 0.4064
  -- 4 : 1 = 0.6221
  -- 4 : 2 = 0.203
  -- 4 : 3 = 0.2034
  -- 4 : 4 = 0.7312
  -- 4 : 5 = 0.6647
  -- 4 : 6 = 0.5328
  -- 4 : 7 = 0.1172
  -- 4 : 8 = 0.8953
  -- 4 : 9 = 0.5274
  -- 5 : 1 = 0.9675
  -- 5 : 2 = 0.5085
  -- 5 : 3 = 0.177
  -- 5 : 4 = 0.542
  -- 5 : 5 = 0.2392
  -- 5 : 6 = 0.5899
  -- 5 : 7 = 0.053
  -- 5 : 8 = 0.3387
  -- 5 : 9 = 0.7263
  -- 6 : 1 = 0.2726
  -- 6 : 2 = 0.9675
  -- 6 : 3 = 0.4143
  -- 6 : 4 = 0.6442
  -- 6 : 5 = 0.3251
  -- 6 : 6 = 0.2871
  -- 6 : 7 = 0.9517
  -- 6 : 8 = 0.0184
  -- 6 : 9 = 0.6935
  -- 7 : 1 = 0.6202
  -- 7 : 2 = 0.1037
  -- 7 : 3 = 0.3279
  -- 7 : 4 = 0.4441
  -- 7 : 5 = 0.9737
  -- 7 : 6 = 0.1454
  -- 7 : 7 = 0.2037
  -- 7 : 8 = 0.5532
  -- 7 : 9 = 0.2641
  -- 8 : 1 = 0.476
  -- 8 : 2 = 0.9793
  -- 8 : 3 = 0.7435
  -- 8 : 4 = 0.7018
  -- 8 : 5 = 0.2594
  -- 8 : 6 = 0.3085
  -- 8 : 7 = 0.6838
  -- 8 : 8 = 0.9485
  -- 8 : 9 = 0.1925
  -- 9 : 1 = 0.7567
  -- 9 : 2 = 0.7052
  -- 9 : 3 = 0.8613
  -- 9 : 4 = 0.2353
  -- 9 : 5 = 0.7481
  -- 9 : 6 = 0.7977
  -- 9 : 7 = 0.9378
  -- 9 : 8 = 0.8095
  -- 9 : 9 = 0.5438
  -- 10 : 1 = 0.3618
  -- 10 : 2 = 0.0451
  -- 10 : 3 = 0.8358
  -- 10 : 4 = 0.2677
  -- 10 : 5 = 0.9422
  -- 10 : 6 = 0.2853
  -- 10 : 7 = 0.9026
  -- 10 : 8 = 0.5747
  -- 10 : 9 = 0.6791
  Inner Net 2
  -- 1 : 1 = 0.0638
  -- 1 : 2 = 0.113
  -- 2 : 1 = 0.4316
  -- 2 : 2 = 0.3721
  -- 3 : 1 = 0.0132537
  -- 3 : 2 = -0.235739
  -- 4 : 1 = 0.3937
  -- 4 : 2 = 0.4643
  -- 5 : 1 = -0.219808
  -- 5 : 2 = -0.2145
  -- 6 : 1 = -0.3407
  -- 6 : 2 = -0.1764
  -- 7 : 1 = 0.0777
  -- 7 : 2 = 0.356
  -- 8 : 1 = -0.198683
  -- 8 : 2 = -0.0936
  -- 9 : 1 = -0.168121
  -- 9 : 2 = 0.0261
Out\Act	False		True
False	0.84198	0	0.84198
True	0.15802	0	0.15802
	1	0
	Accuracy [ (tp + tn) / testSize ]: 0.84198
	Precision [ tp / (tp + fp) ]:      0
	Sensitivity [ tp / (tp + fn) ]:    0
	Specificity [ tn / (tn + fp) ]:    0.999435
	F-Score [ 2tp / (2tp + fp + fn) ]: 0
Particle (1):: Fit: 2754.2	PB: 2754.2	LB: 5421.55	GB: 5514.79	Conf: 2	Pts: 55198
Particle (3):: Fit: 2755.48	PB: 2755.48	LB: 5421.55	GB: 5514.79	Conf: 2	Pts: 70198
Particle (4):: Fit: 2753.41	PB: 2753.41	LB: 5421.55	GB: 5514.79	Conf: 0.815819	Pts: 55198
Particle (6):: Fit: 2753.12	PB: 2753.12	LB: 2755.48	GB: 5514.79	Conf: 2	Pts: 55198
Particle (8):: Fit: 2753.57	PB: 2753.57	LB: 2754.64	GB: 5514.79	Conf: 2	Pts: 65198
Particle (9):: Fit: 3942.78	PB: 3942.78	LB: 3942.78	GB: 5514.79	Conf: 1.75796	Pts: 105198
Particle (11):: Fit: 49.5809	PB: 49.5809	LB: 3942.78	GB: 5514.79	Conf: 0.0337791	Pts: 55198
Particle (13):: Fit: 2754.46	PB: 2754.46	LB: 5500.15	GB: 5514.79	Conf: 2	Pts: 65198
Particle (14):: Fit: 2753.12	PB: 2753.12	LB: 5500.15	GB: 5514.79	Conf: 1.98926	Pts: 55198
Particle (15):: Fit: 4817.47	PB: 4817.47	LB: 5500.15	GB: 5514.79	Conf: 1.80859	Pts: 70198
Particle (16):: Fit: 5517.84	PB: 5517.84	LB: 5517.84	GB: 5517.84	Conf: 1.99691	Pts: 160198
Particle (18):: Fit: 2754.72	PB: 2754.72	LB: 5517.84	GB: 5517.84	Conf: 2	Pts: 55198
Particle (19):: Fit: 2754.81	PB: 2754.81	LB: 5517.84	GB: 5517.84	Conf: 2	Pts: 55198
Particle (22):: Fit: 2754.46	PB: 2754.46	LB: 5514.79	GB: 5517.84	Conf: 2	Pts: 55198
Particle (29):: Fit: 2752.4	PB: 2752.4	LB: 4261.37	GB: 5517.84	Conf: 0.233659	Pts: 55197
Particle (30):: Fit: 1775.87	PB: 1775.87	LB: 5468.76	GB: 5517.84	Conf: 1.06499	Pts: 60198
Particle (33):: Fit: 4658.7	PB: 4658.7	LB: 5468.76	GB: 5517.84	Conf: 1.6936	Pts: 65198
Particle (34):: Fit: 4804.94	PB: 4804.94	LB: 5468.76	GB: 5517.84	Conf: 1.75325	Pts: 60198
Particle (36):: Fit: 2753.94	PB: 2753.94	LB: 5468.76	GB: 5517.84	Conf: 1.99552	Pts: 55198
Particle (42):: Fit: 2752.84	PB: 2752.84	LB: 2754.46	GB: 5517.84	Conf: 0.325789	Pts: 50198
Particle (43):: Fit: 2754.28	PB: 2754.28	LB: 2755.3	GB: 5517.84	Conf: 0.335121	Pts: 50198
Particle (44):: Fit: 2753.84	PB: 2753.84	LB: 2755.56	GB: 5517.84	Conf: 2	Pts: 50198
Particle (45):: Fit: 4321.98	PB: 4321.98	LB: 5421.55	GB: 5517.84	Conf: 1.78691	Pts: 80198
Particle (47):: Fit: 2754.63	PB: 2754.63	LB: 5421.55	GB: 5517.84	Conf: 2	Pts: 50198
Global: 5517.84 - Correct: 48.2% of 500 tests
Global Best: 
  Inner Net 1
  -- 1 : 1 = 0.551
  -- 1 : 2 = 0.0709
  -- 1 : 3 = 0.0226
  -- 1 : 4 = 0.4818
  -- 1 : 5 = 0.8094
  -- 1 : 6 = 0.5926
  -- 1 : 7 = 0.1078
  -- 1 : 8 = 0.116
  -- 1 : 9 = 0.176
  -- 2 : 1 = 0.6804
  -- 2 : 2 = 0.752
  -- 2 : 3 = 0.7381
  -- 2 : 4 = 0.4589
  -- 2 : 5 = 0.9454
  -- 2 : 6 = 0.1806
  -- 2 : 7 = 0.6585
  -- 2 : 8 = 0.7431
  -- 2 : 9 = 0.1968
  -- 3 : 1 = 0.734
  -- 3 : 2 = 0.6194
  -- 3 : 3 = 0.6419
  -- 3 : 4 = 0.3287
  -- 3 : 5 = 0.5493
  -- 3 : 6 = 0.8367
  -- 3 : 7 = 0.9874
  -- 3 : 8 = 0.1059
  -- 3 : 9 = 0.6342
  -- 4 : 1 = 0.9112
  -- 4 : 2 = 0.2528
  -- 4 : 3 = 0.1358
  -- 4 : 4 = 0.8933
  -- 4 : 5 = 0.4813
  -- 4 : 6 = 0.5964
  -- 4 : 7 = 0.0396
  -- 4 : 8 = 0.3218
  -- 4 : 9 = 0.3452
  -- 5 : 1 = 0.3113
  -- 5 : 2 = 0.7267
  -- 5 : 3 = 0.571
  -- 5 : 4 = 0.4343
  -- 5 : 5 = 0.1861
  -- 5 : 6 = 0.8926
  -- 5 : 7 = 0.0553
  -- 5 : 8 = 0.9172
  -- 5 : 9 = 0.1768
  -- 6 : 1 = 0.1965
  -- 6 : 2 = 0.0832
  -- 6 : 3 = 0.5415
  -- 6 : 4 = 0.0479
  -- 6 : 5 = 0.1342
  -- 6 : 6 = 0.9479
  -- 6 : 7 = 0.1069
  -- 6 : 8 = 0.9978
  -- 6 : 9 = 0.1682
  -- 7 : 1 = 0.925
  -- 7 : 2 = 0.0539
  -- 7 : 3 = 0.3907
  -- 7 : 4 = 0.6377
  -- 7 : 5 = 0.0347
  -- 7 : 6 = 0.4614
  -- 7 : 7 = 0.9152
  -- 7 : 8 = 0.2735
  -- 7 : 9 = 0.5919
  -- 8 : 1 = 0.9924
  -- 8 : 2 = 0.2458
  -- 8 : 3 = 0.3644
  -- 8 : 4 = 0.9418
  -- 8 : 5 = 0.1875
  -- 8 : 6 = 0.9918
  -- 8 : 7 = 0.8726
  -- 8 : 8 = 0.3572
  -- 8 : 9 = 0.3688
  -- 9 : 1 = 0.082
  -- 9 : 2 = 0.289
  -- 9 : 3 = 0.7723
  -- 9 : 4 = 0.5547
  -- 9 : 5 = 0.0207
  -- 9 : 6 = 0.9067
  -- 9 : 7 = 0.2675
  -- 9 : 8 = 0.0929
  -- 9 : 9 = 0.914
  -- 10 : 1 = 0.3497
  -- 10 : 2 = 0.7644
  -- 10 : 3 = 0.0298
  -- 10 : 4 = 0.6574
  -- 10 : 5 = 0.7766
  -- 10 : 6 = 0.5699
  -- 10 : 7 = 0.4588
  -- 10 : 8 = 0.3521
  -- 10 : 9 = 0.4693
  Inner Net 2
  -- 1 : 1 = 0.0261738
  -- 1 : 2 = -0.326292
  -- 2 : 1 = -0.29387
  -- 2 : 2 = -0.365553
  -- 3 : 1 = -0.1346
  -- 3 : 2 = -0.2981
  -- 4 : 1 = -0.304752
  -- 4 : 2 = -0.364659
  -- 5 : 1 = -0.426025
  -- 5 : 2 = -0.401748
  -- 6 : 1 = -0.389041
  -- 6 : 2 = -0.0308265
  -- 7 : 1 = -0.091
  -- 7 : 2 = -0.0616392
  -- 8 : 1 = -0.302
  -- 8 : 2 = -0.163954
  -- 9 : 1 = -0.599042
  -- 9 : 2 = -0.266578
Out\Act	False		True
False	0.84198	0	0.84198
True	0.15802	0	0.15802
	1	0
	Accuracy [ (tp + tn) / testSize ]: 0.84198
	Precision [ tp / (tp + fp) ]:      0
	Sensitivity [ tp / (tp + fn) ]:    0
	Specificity [ tn / (tn + fp) ]:    0.999435
	F-Score [ 2tp / (2tp + fp + fn) ]: 0
Particle (2):: Fit: 2754.99	PB: 2754.99	LB: 5421.55	GB: 5517.84	Conf: 1.99134	Pts: 60197
Particle (3):: Fit: 5517.49	PB: 5517.49	LB: 5517.49	GB: 5517.84	Conf: 1.99777	Pts: 120297
Particle (6):: Fit: 2753.39	PB: 2753.39	LB: 5517.49	GB: 5517.84	Conf: 2	Pts: 55297
Particle (10):: Fit: 2755.32	PB: 2755.32	LB: 4817.47	GB: 5517.84	Conf: 1.99668	Pts: 55197
Particle (11):: Fit: 2755.61	PB: 2755.61	LB: 5517.84	GB: 5517.84	Conf: 0.13699	Pts: 55297
Particle (12):: Fit: 5.73814	PB: 5.73814	LB: 5517.84	GB: 5517.84	Conf: 0.407436	Pts: 55196
Particle (14):: Fit: 5440.19	PB: 5440.19	LB: 5517.84	GB: 5517.84	Conf: 1.98884	Pts: 65297
Particle (15):: Fit: 5470.21	PB: 5470.21	LB: 5517.84	GB: 5517.84	Conf: 1.84779	Pts: 75297
Particle (25):: Fit: 2753.64	PB: 2753.64	LB: 5514.79	GB: 5517.84	Conf: 0.677473	Pts: 55197
Particle (26):: Fit: 5517.66	PB: 5517.66	LB: 5517.66	GB: 5517.84	Conf: 1.99653	Pts: 110197
Particle (31):: Fit: 4491.52	PB: 4491.52	LB: 5468.76	GB: 5517.84	Conf: 1.7635	Pts: 85197
Particle (34):: Fit: 5443.93	PB: 5443.93	LB: 5468.76	GB: 5517.84	Conf: 1.77611	Pts: 60297
Particle (40):: Fit: 2754.98	PB: 2754.98	LB: 4321.98	GB: 5517.84	Conf: 2	Pts: 55197
Particle (41):: Fit: 2755.56	PB: 2755.56	LB: 4321.98	GB: 5517.84	Conf: 2	Pts: 50197
Particle (42):: Fit: 2753.65	PB: 2753.65	LB: 4321.98	GB: 5517.84	Conf: 0.945282	Pts: 50297
Particle (44):: Fit: 2754.81	PB: 2754.81	LB: 4321.98	GB: 5517.84	Conf: 2	Pts: 50297
Particle (0):: Fit: 5451.91	PB: 5451.91	LB: 5517.49	GB: 5517.84	Conf: 1.97971	Pts: 125196
Particle (1):: Fit: 2754.98	PB: 2754.98	LB: 5517.49	GB: 5517.84	Conf: 2	Pts: 55296
Particle (3):: Fit: 5522.73	PB: 5522.73	LB: 5522.73	GB: 5522.73	Conf: 1.99769	Pts: 180396
Particle (7):: Fit: 2754.98	PB: 2754.98	LB: 5522.73	GB: 5522.73	Conf: 2	Pts: 60196
Particle (12):: Fit: 2755.1	PB: 2755.1	LB: 5517.84	GB: 5522.73	Conf: 0.346282	Pts: 55295
Particle (13):: Fit: 2754.63	PB: 2754.63	LB: 5517.84	GB: 5522.73	Conf: 2	Pts: 65296
Particle (23):: Fit: 2752.37	PB: 2752.37	LB: 5517.66	GB: 5522.73	Conf: 0.739858	Pts: 55196
Particle (33):: Fit: 5393.23	PB: 5393.23	LB: 5468.76	GB: 5522.73	Conf: 1.56875	Pts: 65296
Particle (36):: Fit: 2754.81	PB: 2754.81	LB: 5468.76	GB: 5522.73	Conf: 2	Pts: 55296
Particle (38):: Fit: 2752.65	PB: 2752.65	LB: 5468.76	GB: 5522.73	Conf: 1.98402	Pts: 55196
Global: 5522.73 - Correct: 42.2% of 500 tests
Global Best: 
  Inner Net 1
  -- 1 : 1 = 0.8619
  -- 1 : 2 = 0.1591
  -- 1 : 3 = 0.1973
  -- 1 : 4 = 0.0693
  -- 1 : 5 = 0.1432
  -- 1 : 6 = 0.0325
  -- 1 : 7 = 0.8512
  -- 1 : 8 = 0.9647
  -- 1 : 9 = 0.2079
  -- 2 : 1 = 0.7011
  -- 2 : 2 = 0.3761
  -- 2 : 3 = 0.9961
  -- 2 : 4 = 0.1736
  -- 2 : 5 = 0.9717
  -- 2 : 6 = 0.8941
  -- 2 : 7 = 0.612
  -- 2 : 8 = 0.8003
  -- 2 : 9 = 0.6273
  -- 3 : 1 = 0.079
  -- 3 : 2 = 0.898
  -- 3 : 3 = 0.791
  -- 3 : 4 = 0.8527
  -- 3 : 5 = 0.2211
  -- 3 : 6 = 0.0428
  -- 3 : 7 = 0.0136
  -- 3 : 8 = 0.2304
  -- 3 : 9 = 0.8416
  -- 4 : 1 = 0.484
  -- 4 : 2 = 0.3246
  -- 4 : 3 = 0.4897
  -- 4 : 4 = 0.2613
  -- 4 : 5 = 0.1391
  -- 4 : 6 = 0.4787
  -- 4 : 7 = 0.6976
  -- 4 : 8 = 0.0939
  -- 4 : 9 = 0.041
  -- 5 : 1 = 0.0558
  -- 5 : 2 = 0.8878
  -- 5 : 3 = 0.3883
  -- 5 : 4 = 0.2744
  -- 5 : 5 = 0.8062
  -- 5 : 6 = 0.1557
  -- 5 : 7 = 0.6873
  -- 5 : 8 = 0.7028
  -- 5 : 9 = 0.1353
  -- 6 : 1 = 0.8315
  -- 6 : 2 = 0.493
  -- 6 : 3 = 0.4885
  -- 6 : 4 = 0.8038
  -- 6 : 5 = 0.9112
  -- 6 : 6 = 0.4066
  -- 6 : 7 = 0.8516
  -- 6 : 8 = 0.3783
  -- 6 : 9 = 0.9909
  -- 7 : 1 = 0.3274
  -- 7 : 2 = 0.1155
  -- 7 : 3 = 0.1884
  -- 7 : 4 = 0.5909
  -- 7 : 5 = 0.6992
  -- 7 : 6 = 0.206
  -- 7 : 7 = 0.8307
  -- 7 : 8 = 0.7752
  -- 7 : 9 = 0.0662
  -- 8 : 1 = 0.6087
  -- 8 : 2 = 0.6228
  -- 8 : 3 = 0.2014
  -- 8 : 4 = 0.1759
  -- 8 : 5 = 0.7648
  -- 8 : 6 = 0.3389
  -- 8 : 7 = 0.0889
  -- 8 : 8 = 0.7471
  -- 8 : 9 = 0.4345
  -- 9 : 1 = 0.8009
  -- 9 : 2 = 0.2582
  -- 9 : 3 = 0.6067
  -- 9 : 4 = 0.5451
  -- 9 : 5 = 0.4262
  -- 9 : 6 = 0.2814
  -- 9 : 7 = 0.7586
  -- 9 : 8 = 0.1619
  -- 9 : 9 = 0.0262
  -- 10 : 1 = 0.2183
  -- 10 : 2 = 0.0706
  -- 10 : 3 = 0.0683
  -- 10 : 4 = 0.1286
  -- 10 : 5 = 0.3376
  -- 10 : 6 = 0.8845
  -- 10 : 7 = 0.7302
  -- 10 : 8 = 0.563
  -- 10 : 9 = 0.1517
  Inner Net 2
  -- 1 : 1 = 0.818913
  -- 1 : 2 = 0.171586
  -- 2 : 1 = -0.868512
  -- 2 : 2 = 0.140109
  -- 3 : 1 = 0.120838
  -- 3 : 2 = 0.182661
  -- 4 : 1 = 0.294377
  -- 4 : 2 = -0.410878
  -- 5 : 1 = -0.272042
  -- 5 : 2 = 0.0418669
  -- 6 : 1 = -0.334849
  -- 6 : 2 = -0.0843524
  -- 7 : 1 = -0.379613
  -- 7 : 2 = 0.120295
  -- 8 : 1 = -0.696041
  -- 8 : 2 = 0.0592214
  -- 9 : 1 = -0.176827
  -- 9 : 2 = -0.0375804
Out\Act	False		True
False	0.84198	0	0.84198
True	0.15802	0	0.15802
	1	0
	Accuracy [ (tp + tn) / testSize ]: 0.84198
	Precision [ tp / (tp + fp) ]:      0
	Sensitivity [ tp / (tp + fn) ]:    0
	Specificity [ tn / (tn + fp) ]:    0.999435
	F-Score [ 2tp / (2tp + fp + fn) ]: 0
Particle (6):: Fit: 2754.98	PB: 2754.98	LB: 5522.73	GB: 5522.73	Conf: 2	Pts: 55395
Particle (8):: Fit: 2754.11	PB: 2754.11	LB: 3942.78	GB: 5522.73	Conf: 2	Pts: 65295
Particle (18):: Fit: 2755.48	PB: 2755.48	LB: 5517.84	GB: 5522.73	Conf: 2	Pts: 55295
Particle (30):: Fit: 5085.79	PB: 5085.79	LB: 5517.66	GB: 5522.73	Conf: 0.902635	Pts: 60295
Particle (43):: Fit: 2755.04	PB: 2755.04	LB: 4321.98	GB: 5522.73	Conf: 0.572126	Pts: 50295
Particle (45):: Fit: 4456.6	PB: 4456.6	LB: 5451.91	GB: 5522.73	Conf: 1.68303	Pts: 105295
Particle (46):: Fit: 2754.64	PB: 2754.64	LB: 5451.91	GB: 5522.73	Conf: 0.692517	Pts: 50195
Particle (8):: Fit: 2756.05	PB: 2756.05	LB: 3942.78	GB: 5522.73	Conf: 2	Pts: 65394
Particle (11):: Fit: 2756.03	PB: 2756.03	LB: 5517.84	GB: 5522.73	Conf: 0.895897	Pts: 55394
Particle (19):: Fit: 5464.77	PB: 5464.77	LB: 5517.84	GB: 5522.73	Conf: 1.99227	Pts: 55294
Particle (24):: Fit: 5518.35	PB: 5518.35	LB: 5518.35	GB: 5522.73	Conf: 1.99666	Pts: 160194
Particle (31):: Fit: 5518.64	PB: 5518.64	LB: 5518.64	GB: 5522.73	Conf: 1.802	Pts: 135294
Particle (38):: Fit: 5489.82	PB: 5489.82	LB: 5489.82	GB: 5522.73	Conf: 1.99248	Pts: 90294
Particle (44):: Fit: 2755.31	PB: 2755.31	LB: 4456.6	GB: 5522.73	Conf: 2	Pts: 50394
Particle (15):: Fit: 5522.55	PB: 5522.55	LB: 5522.55	GB: 5522.73	Conf: 1.87911	Pts: 125393
Particle (24):: Fit: 5518.8	PB: 5518.8	LB: 5518.8	GB: 5522.73	Conf: 1.99586	Pts: 205293
Particle (27):: Fit: 2642.56	PB: 2642.56	LB: 5518.8	GB: 5522.73	Conf: 0.44347	Pts: 55191
Particle (28):: Fit: 2754.72	PB: 2754.72	LB: 5518.8	GB: 5522.73	Conf: 2	Pts: 70193
Particle (29):: Fit: 2753.09	PB: 2753.09	LB: 5518.64	GB: 5522.73	Conf: 0.985664	Pts: 55291
Particle (30):: Fit: 5291.73	PB: 5291.73	LB: 5518.64	GB: 5522.73	Conf: 1.05576	Pts: 60393
Particle (42):: Fit: 2755.25	PB: 2755.25	LB: 5489.82	GB: 5522.73	Conf: 0.768746	Pts: 50393
Particle (4):: Fit: 2756.18	PB: 2756.18	LB: 5522.73	GB: 5522.73	Conf: 0.111153	Pts: 55291
Particle (5):: Fit: 2755.65	PB: 2755.65	LB: 5522.73	GB: 5522.73	Conf: 2	Pts: 75192
Particle (27):: Fit: 5381.9	PB: 5381.9	LB: 5518.8	GB: 5522.73	Conf: 0.598263	Pts: 55290
Particle (32):: Fit: 2755.06	PB: 2755.06	LB: 5518.64	GB: 5522.73	Conf: 2	Pts: 55192
Particle (39):: Fit: 2755.48	PB: 2755.48	LB: 5489.82	GB: 5522.73	Conf: 2	Pts: 60192
Particle (47):: Fit: 2754.98	PB: 2754.98	LB: 5451.91	GB: 5522.73	Conf: 2	Pts: 50292
Particle (10):: Fit: 2755.57	PB: 2755.57	LB: 5522.55	GB: 5522.73	Conf: 1.99482	Pts: 55291
Particle (13):: Fit: 2755.06	PB: 2755.06	LB: 5522.55	GB: 5522.73	Conf: 2	Pts: 65391
Particle (8):: Fit: 5517.49	PB: 5517.49	LB: 5517.49	GB: 5522.73	Conf: 1.99737	Pts: 75490
Particle (20):: Fit: 2755.24	PB: 2755.24	LB: 5518.8	GB: 5522.73	Conf: 0.616486	Pts: 65189
Particle (28):: Fit: 2755.56	PB: 2755.56	LB: 5518.8	GB: 5522.73	Conf: 2	Pts: 70290
Particle (29):: Fit: 2755.72	PB: 2755.72	LB: 5518.64	GB: 5522.73	Conf: 0.216791	Pts: 55388
Particle (2):: Fit: 2755.65	PB: 2755.65	LB: 5522.73	GB: 5522.73	Conf: 1.99705	Pts: 60289
Particle (23):: Fit: 5495.28	PB: 5495.28	LB: 5518.8	GB: 5522.73	Conf: 0.767364	Pts: 55289
Particle (30):: Fit: 5294.77	PB: 5294.77	LB: 5518.64	GB: 5522.73	Conf: 0.894637	Pts: 60488
Particle (36):: Fit: 2755.24	PB: 2755.24	LB: 5489.82	GB: 5522.73	Conf: 1.98975	Pts: 55388
Particle (21):: Fit: 5516.64	PB: 5516.64	LB: 5518.8	GB: 5522.73	Conf: 1.98282	Pts: 70187
Particle (29):: Fit: 2755.97	PB: 2755.97	LB: 5518.64	GB: 5522.73	Conf: 0.74822	Pts: 55485
Particle (32):: Fit: 2755.15	PB: 2755.15	LB: 5518.64	GB: 5522.73	Conf: 2	Pts: 55286
Particle (45):: Fit: 4607	PB: 4607	LB: 5451.91	GB: 5522.73	Conf: 1.74403	Pts: 115386
Particle (0):: Fit: 5493.27	PB: 5493.27	LB: 5522.73	GB: 5522.73	Conf: 1.99247	Pts: 140285
Particle (6):: Fit: 2755.4	PB: 2755.4	LB: 5522.73	GB: 5522.73	Conf: 2	Pts: 55485
Particle (17):: Fit: 5518.02	PB: 5518.02	LB: 5522.55	GB: 5522.73	Conf: 0.975077	Pts: 110185
Particle (19):: Fit: 5516.57	PB: 5516.57	LB: 5522.55	GB: 5522.73	Conf: 1.99533	Pts: 55385
Particle (22):: Fit: 2756.05	PB: 2756.05	LB: 5518.8	GB: 5522.73	Conf: 2	Pts: 55285
Particle (33):: Fit: 5518.13	PB: 5518.13	LB: 5518.64	GB: 5522.73	Conf: 1.66467	Pts: 75385
Particle (48):: Fit: 2755.53	PB: 2755.53	LB: 5522.73	GB: 5522.73	Conf: 0.428278	Pts: 60185
Particle (2):: Fit: 5517.32	PB: 5517.32	LB: 5522.73	GB: 5522.73	Conf: 1.98505	Pts: 65384
Particle (32):: Fit: 2755.56	PB: 2755.56	LB: 5518.64	GB: 5522.73	Conf: 2	Pts: 55384
Particle (39):: Fit: 2755.56	PB: 2755.56	LB: 5489.82	GB: 5522.73	Conf: 2	Pts: 60284
Particle (40):: Fit: 5515.17	PB: 5515.17	LB: 5515.17	GB: 5522.73	Conf: 1.99794	Pts: 90284
Particle (11):: Fit: 5513.18	PB: 5513.18	LB: 5522.55	GB: 5522.73	Conf: 0.0464754	Pts: 55483
Particle (46):: Fit: 2756.11	PB: 2756.11	LB: 5493.27	GB: 5522.73	Conf: 0.498112	Pts: 50283
Particle (47):: Fit: 2755.56	PB: 2755.56	LB: 5517.32	GB: 5522.73	Conf: 2	Pts: 50383
Particle (30):: Fit: 5518.79	PB: 5518.79	LB: 5518.79	GB: 5522.73	Conf: 0.814319	Pts: 90582
Particle (39):: Fit: 2757.08	PB: 2757.08	LB: 5515.17	GB: 5522.73	Conf: 2	Pts: 60382
Particle (11):: Fit: 5515.95	PB: 5515.95	LB: 5522.55	GB: 5522.73	Conf: 0.0707153	Pts: 55581
Particle (14):: Fit: 5491.32	PB: 5491.32	LB: 5522.55	GB: 5522.73	Conf: 1.99395	Pts: 65381
Particle (25):: Fit: 5470.37	PB: 5470.37	LB: 5518.8	GB: 5522.73	Conf: 1.21124	Pts: 55280
Particle (27):: Fit: 5471.48	PB: 5471.48	LB: 5518.8	GB: 5522.73	Conf: 0.354241	Pts: 55378
Particle (44):: Fit: 2755.81	PB: 2755.81	LB: 5515.17	GB: 5522.73	Conf: 2	Pts: 50480
Particle (47):: Fit: 2755.65	PB: 2755.65	LB: 5517.32	GB: 5522.73	Conf: 2	Pts: 50480
Particle (7):: Fit: 2755.23	PB: 2755.23	LB: 5522.73	GB: 5522.73	Conf: 2	Pts: 60279
Particle (10):: Fit: 2756.22	PB: 2756.22	LB: 5522.55	GB: 5522.73	Conf: 1.99228	Pts: 55379
Particle (14):: Fit: 5492.24	PB: 5492.24	LB: 5522.55	GB: 5522.73	Conf: 1.99343	Pts: 65479
Particle (26):: Fit: 5519.51	PB: 5519.51	LB: 5519.51	GB: 5522.73	Conf: 1.99522	Pts: 160278
Particle (41):: Fit: 2755.89	PB: 2755.89	LB: 5515.17	GB: 5522.73	Conf: 2	Pts: 50278
Particle (9):: Fit: 5426.96	PB: 5426.96	LB: 5517.49	GB: 5522.73	Conf: 1.48428	Pts: 105277
Particle (23):: Fit: 5516.06	PB: 5516.06	LB: 5519.51	GB: 5522.73	Conf: 0.651523	Pts: 55377
Particle (45):: Fit: 4652.44	PB: 4652.44	LB: 5493.27	GB: 5522.73	Conf: 1.8032	Pts: 115477
Particle (27):: Fit: 5518.14	PB: 5518.14	LB: 5519.51	GB: 5522.73	Conf: 0.581738	Pts: 55473
Particle (33):: Fit: 5519.5	PB: 5519.5	LB: 5519.5	GB: 5522.73	Conf: 1.53806	Pts: 110475
Particle (1):: Fit: 2755.06	PB: 2755.06	LB: 5522.73	GB: 5522.73	Conf: 2	Pts: 55374
Particle (4):: Fit: 2757.22	PB: 2757.22	LB: 5522.73	GB: 5522.73	Conf: 0.215522	Pts: 55369
Particle (30):: Fit: 5519.58	PB: 5519.58	LB: 5519.58	GB: 5522.73	Conf: 1.0153	Pts: 140673
Particle (14):: Fit: 5496.94	PB: 5496.94	LB: 5522.55	GB: 5522.73	Conf: 1.99051	Pts: 65572
Particle (17):: Fit: 5521.4	PB: 5521.4	LB: 5522.55	GB: 5522.73	Conf: 0.909107	Pts: 120272
Particle (20):: Fit: 5515.39	PB: 5515.39	LB: 5521.4	GB: 5522.73	Conf: 0.194016	Pts: 65268
Particle (28):: Fit: 2756.53	PB: 2756.53	LB: 5519.58	GB: 5522.73	Conf: 2	Pts: 70372
Particle (44):: Fit: 2756.21	PB: 2756.21	LB: 5515.17	GB: 5522.73	Conf: 2	Pts: 50572
Particle (34):: Fit: 5516.02	PB: 5516.02	LB: 5519.58	GB: 5522.73	Conf: 1.83146	Pts: 65370
Particle (2):: Fit: 5518.7	PB: 5518.7	LB: 5522.73	GB: 5522.73	Conf: 1.98136	Pts: 70469
Particle (13):: Fit: 2755.15	PB: 2755.15	LB: 5522.55	GB: 5522.73	Conf: 2	Pts: 65469
Particle (12):: Fit: 2755.32	PB: 2755.32	LB: 5522.55	GB: 5522.73	Conf: 0.521773	Pts: 55363
Particle (40):: Fit: 5518.52	PB: 5518.52	LB: 5518.52	GB: 5522.73	Conf: 1.99766	Pts: 125368
Particle (21):: Fit: 5518.52	PB: 5518.52	LB: 5521.4	GB: 5522.73	Conf: 1.99356	Pts: 70267
Particle (22):: Fit: 2757	PB: 2757	LB: 5519.51	GB: 5522.73	Conf: 2	Pts: 55367
Particle (7):: Fit: 2755.56	PB: 2755.56	LB: 5522.73	GB: 5522.73	Conf: 2	Pts: 60366
Particle (24):: Fit: 5521.19	PB: 5521.19	LB: 5521.19	GB: 5522.73	Conf: 1.98726	Pts: 240365
Particle (43):: Fit: 2755.08	PB: 2755.08	LB: 5518.52	GB: 5522.73	Conf: 0.0110401	Pts: 50362
Particle (9):: Fit: 5494.32	PB: 5494.32	LB: 5517.49	GB: 5522.73	Conf: 1.5863	Pts: 105363
Particle (29):: Fit: 2756.25	PB: 2756.25	LB: 5519.58	GB: 5522.73	Conf: 0.723754	Pts: 55556
Particle (32):: Fit: 2755.73	PB: 2755.73	LB: 5519.58	GB: 5522.73	Conf: 2	Pts: 55463
Particle (12):: Fit: 2755.42	PB: 2755.42	LB: 5522.55	GB: 5522.73	Conf: 0.773334	Pts: 55456
Particle (16):: Fit: 5522.26	PB: 5522.26	LB: 5522.55	GB: 5522.73	Conf: 1.99653	Pts: 165262
Particle (1):: Fit: 2755.15	PB: 2755.15	LB: 5522.73	GB: 5522.73	Conf: 2	Pts: 55461
Particle (9):: Fit: 5516.1	PB: 5516.1	LB: 5517.49	GB: 5522.73	Conf: 1.62662	Pts: 105461
Particle (38):: Fit: 5492.44	PB: 5492.44	LB: 5518.52	GB: 5522.73	Conf: 1.99308	Pts: 90361
Particle (47):: Fit: 2756.37	PB: 2756.37	LB: 5518.7	GB: 5522.73	Conf: 2	Pts: 50561
Particle (36):: Fit: 5488.14	PB: 5488.14	LB: 5519.5	GB: 5522.73	Conf: 1.99447	Pts: 55459
Particle (10):: Fit: 2756.7	PB: 2756.7	LB: 5522.55	GB: 5522.73	Conf: 1.99398	Pts: 55457
Particle (13):: Fit: 2755.48	PB: 2755.48	LB: 5522.55	GB: 5522.73	Conf: 2	Pts: 65555
Particle (18):: Fit: 2755.56	PB: 2755.56	LB: 5522.55	GB: 5522.73	Conf: 2	Pts: 55355
Particle (38):: Fit: 5493.79	PB: 5493.79	LB: 5518.52	GB: 5522.73	Conf: 1.99331	Pts: 90454
Particle (23):: Fit: 5517	PB: 5517	LB: 5521.19	GB: 5522.73	Conf: 0.608767	Pts: 55453
Particle (43):: Fit: 2755.82	PB: 2755.82	LB: 5518.52	GB: 5522.73	Conf: 0.237996	Pts: 50448
Particle (12):: Fit: 2756.05	PB: 2756.05	LB: 5522.55	GB: 5522.73	Conf: 0.206626	Pts: 55544
Particle (28):: Fit: 2756.85	PB: 2756.85	LB: 5521.19	GB: 5522.73	Conf: 2	Pts: 70450
Particle (32):: Fit: 2755.81	PB: 2755.81	LB: 5519.58	GB: 5522.73	Conf: 2	Pts: 55550
Particle (11):: Fit: 5518.49	PB: 5518.49	LB: 5522.55	GB: 5522.73	Conf: 0.181238	Pts: 65645
Particle (6):: Fit: 2755.56	PB: 2755.56	LB: 5522.73	GB: 5522.73	Conf: 2	Pts: 55545
Particle (22):: Fit: 2757.16	PB: 2757.16	LB: 5521.19	GB: 5522.73	Conf: 2	Pts: 55445
Particle (42):: Fit: 2755.36	PB: 2755.36	LB: 5518.52	GB: 5522.73	Conf: 0.732513	Pts: 50439
Particle (46):: Fit: 2757.29	PB: 2757.29	LB: 5493.27	GB: 5522.73	Conf: 0.858282	Pts: 50337
Particle (34):: Fit: 5516.14	PB: 5516.14	LB: 5519.58	GB: 5522.73	Conf: 1.79043	Pts: 65442
Particle (20):: Fit: 5516.71	PB: 5516.71	LB: 5522.26	GB: 5522.73	Conf: 0.303772	Pts: 65334
Particle (9):: Fit: 5519.12	PB: 5519.12	LB: 5519.12	GB: 5522.73	Conf: 1.52083	Pts: 115538
Particle (0):: Fit: 5498.2	PB: 5498.2	LB: 5522.73	GB: 5522.73	Conf: 1.99147	Pts: 150336
Particle (18):: Fit: 2755.97	PB: 2755.97	LB: 5522.55	GB: 5522.73	Conf: 2	Pts: 55436
Particle (8):: Fit: 5518.35	PB: 5518.35	LB: 5519.12	GB: 5522.73	Conf: 1.99668	Pts: 75535
Particle (20):: Fit: 5518.75	PB: 5518.75	LB: 5522.26	GB: 5522.73	Conf: 0.346321	Pts: 65426
Particle (42):: Fit: 2755.49	PB: 2755.49	LB: 5518.52	GB: 5522.73	Conf: 0.524913	Pts: 50522
Particle (15):: Fit: 5523.61	PB: 5523.61	LB: 5523.61	GB: 5523.61	Conf: 1.89171	Pts: 185427
Particle (43):: Fit: 2756.03	PB: 2756.03	LB: 5518.52	GB: 5523.61	Conf: 0.567799	Pts: 50523
Global: 5523.61 - Correct: 51% of 500 tests
Global Best: 
  Inner Net 1
  -- 1 : 1 = 0.0406
  -- 1 : 2 = 0.5627
  -- 1 : 3 = 0.3519
  -- 1 : 4 = 0.2527
  -- 1 : 5 = 0.764
  -- 1 : 6 = 0.2317
  -- 1 : 7 = 0.0686
  -- 1 : 8 = 0.5102
  -- 1 : 9 = 0.3526
  -- 2 : 1 = 0.2923
  -- 2 : 2 = 0.1907
  -- 2 : 3 = 0.2417
  -- 2 : 4 = 0.0676
  -- 2 : 5 = 0.005
  -- 2 : 6 = 0.6373
  -- 2 : 7 = 0.4849
  -- 2 : 8 = 0.7279
  -- 2 : 9 = 0.9456
  -- 3 : 1 = 0.5805
  -- 3 : 2 = 0.4054
  -- 3 : 3 = 0.2604
  -- 3 : 4 = 0.4054
  -- 3 : 5 = 0.3813
  -- 3 : 6 = 0.1744
  -- 3 : 7 = 0.2412
  -- 3 : 8 = 0.0879
  -- 3 : 9 = 0.1199
  -- 4 : 1 = 0.5735
  -- 4 : 2 = 0.6196
  -- 4 : 3 = 0.0528
  -- 4 : 4 = 0.4089
  -- 4 : 5 = 0.0725
  -- 4 : 6 = 0.105
  -- 4 : 7 = 0.2575
  -- 4 : 8 = 0.5583
  -- 4 : 9 = 0.1266
  -- 5 : 1 = 0.7506
  -- 5 : 2 = 0.3081
  -- 5 : 3 = 0.7378
  -- 5 : 4 = 0.1632
  -- 5 : 5 = 0.7658
  -- 5 : 6 = 0.8926
  -- 5 : 7 = 0.6328
  -- 5 : 8 = 0.2984
  -- 5 : 9 = 0.5378
  -- 6 : 1 = 0.3424
  -- 6 : 2 = 0.5795
  -- 6 : 3 = 0.1732
  -- 6 : 4 = 0.6641
  -- 6 : 5 = 0.2205
  -- 6 : 6 = 0.7382
  -- 6 : 7 = 0.4591
  -- 6 : 8 = 0.5443
  -- 6 : 9 = 0.5704
  -- 7 : 1 = 0.7798
  -- 7 : 2 = 0.761
  -- 7 : 3 = 0.7655
  -- 7 : 4 = 0.6639
  -- 7 : 5 = 0.1997
  -- 7 : 6 = 0.8529
  -- 7 : 7 = 0.3977
  -- 7 : 8 = 0.8152
  -- 7 : 9 = 0.0293
  -- 8 : 1 = 0.5885
  -- 8 : 2 = 0.4171
  -- 8 : 3 = 0.7198
  -- 8 : 4 = 0.6995
  -- 8 : 5 = 0.1915
  -- 8 : 6 = 0.3929
  -- 8 : 7 = 0.9451
  -- 8 : 8 = 0.2929
  -- 8 : 9 = 0.4365
  -- 9 : 1 = 0.2509
  -- 9 : 2 = 0.9077
  -- 9 : 3 = 0.2609
  -- 9 : 4 = 0.2735
  -- 9 : 5 = 0.144
  -- 9 : 6 = 0.9198
  -- 9 : 7 = 0.0095
  -- 9 : 8 = 0.6044
  -- 9 : 9 = 0.0291
  -- 10 : 1 = 0.2983
  -- 10 : 2 = 0.9415
  -- 10 : 3 = 0.1202
  -- 10 : 4 = 0.8989
  -- 10 : 5 = 0.9077
  -- 10 : 6 = 0.1702
  -- 10 : 7 = 0.3364
  -- 10 : 8 = 0.9205
  -- 10 : 9 = 0.4503
  Inner Net 2
  -- 1 : 1 = 0.197391
  -- 1 : 2 = -0.16672
  -- 2 : 1 = -0.952448
  -- 2 : 2 = 0.0726111
  -- 3 : 1 = 0.136556
  -- 3 : 2 = -0.795201
  -- 4 : 1 = -0.530494
  -- 4 : 2 = 0.0414635
  -- 5 : 1 = -0.542396
  -- 5 : 2 = 0.208575
  -- 6 : 1 = -0.650741
  -- 6 : 2 = -0.475908
  -- 7 : 1 = 0.53764
  -- 7 : 2 = 0.0494558
  -- 8 : 1 = -0.0861396
  -- 8 : 2 = 0.19857
  -- 9 : 1 = -0.542747
  -- 9 : 2 = -0.215205
Out\Act	False		True
False	0.79248	0.0495002	0.84198
True	0.141837	0.0161828	0.15802
	0.934317	0.065683
	Accuracy [ (tp + tn) / testSize ]: 0.808663
	Precision [ tp / (tp + fp) ]:      0.244604
	Sensitivity [ tp / (tp + fn) ]:    0.102102
	Specificity [ tn / (tn + fp) ]:    0.940678
	F-Score [ 2tp / (2tp + fp + fn) ]: 0.144374
Particle (6):: Fit: 2756.21	PB: 2756.21	LB: 5522.73	GB: 5523.61	Conf: 2	Pts: 55626
Particle (23):: Fit: 5517.21	PB: 5517.21	LB: 5521.19	GB: 5523.61	Conf: 0.906545	Pts: 55526
Particle (36):: Fit: 5519.2	PB: 5519.2	LB: 5519.5	GB: 5523.61	Conf: 1.99753	Pts: 70526
Particle (48):: Fit: 2755.53	PB: 2755.53	LB: 5522.73	GB: 5523.61	Conf: 0.655855	Pts: 60226
Particle (11):: Fit: 5518.89	PB: 5518.89	LB: 5523.61	GB: 5523.61	Conf: 0.0215379	Pts: 65722
Particle (38):: Fit: 5517.49	PB: 5517.49	LB: 5519.2	GB: 5523.61	Conf: 1.99766	Pts: 90525
Particle (14):: Fit: 5516.96	PB: 5516.96	LB: 5523.61	GB: 5523.61	Conf: 1.99689	Pts: 65621
Particle (45):: Fit: 4711.65	PB: 4711.65	LB: 5498.2	GB: 5523.61	Conf: 1.83465	Pts: 115521
Particle (1):: Fit: 2755.4	PB: 2755.4	LB: 5522.73	GB: 5523.61	Conf: 2	Pts: 55518
Particle (41):: Fit: 2756.93	PB: 2756.93	LB: 5518.52	GB: 5523.61	Conf: 2	Pts: 50316
Particle (27):: Fit: 5520.56	PB: 5520.56	LB: 5521.19	GB: 5523.61	Conf: 0.831814	Pts: 70508
Particle (0):: Fit: 5498.99	PB: 5498.99	LB: 5522.73	GB: 5523.61	Conf: 1.98677	Pts: 160412
Particle (48):: Fit: 2755.7	PB: 2755.7	LB: 5522.73	GB: 5523.61	Conf: 0.545672	Pts: 60312
Particle (48):: Fit: 5516.75	PB: 5516.75	LB: 5522.73	GB: 5523.61	Conf: 0.209068	Pts: 70411
Particle (20):: Fit: 5519.74	PB: 5519.74	LB: 5522.26	GB: 5523.61	Conf: 0.0306777	Pts: 65504
Particle (23):: Fit: 5519.62	PB: 5519.62	LB: 5521.19	GB: 5523.61	Conf: 0.66462	Pts: 55610
Particle (42):: Fit: 2755.74	PB: 2755.74	LB: 5518.52	GB: 5523.61	Conf: 0.389579	Pts: 50601
Particle (5):: Fit: 2756.93	PB: 2756.93	LB: 5522.73	GB: 5523.61	Conf: 2	Pts: 75208
Particle (42):: Fit: 2756.55	PB: 2756.55	LB: 5518.52	GB: 5523.61	Conf: 0.619754	Pts: 50699
Particle (35):: Fit: 5491.24	PB: 5491.24	LB: 5519.5	GB: 5523.61	Conf: 1.89104	Pts: 100104
Particle (7):: Fit: 2755.97	PB: 2755.97	LB: 5522.73	GB: 5523.61	Conf: 2	Pts: 60401
Particle (40):: Fit: 5519.36	PB: 5519.36	LB: 5519.36	GB: 5523.61	Conf: 1.99665	Pts: 160401
Particle (1):: Fit: 2755.65	PB: 2755.65	LB: 5522.73	GB: 5523.61	Conf: 2	Pts: 55599
Particle (47):: Fit: 2757	PB: 2757	LB: 5518.7	GB: 5523.61	Conf: 2	Pts: 50599
Particle (7):: Fit: 5104.06	PB: 5104.06	LB: 5522.73	GB: 5523.61	Conf: 0.611439	Pts: 60498
Particle (12):: Fit: 5228.1	PB: 5228.1	LB: 5523.61	GB: 5523.61	Conf: 0.340733	Pts: 55583
Particle (13):: Fit: 5137.88	PB: 5137.88	LB: 5523.61	GB: 5523.61	Conf: 0.612993	Pts: 65598
Particle (41):: Fit: 3327.76	PB: 3327.76	LB: 5519.36	GB: 5523.61	Conf: 0.485662	Pts: 50398
Particle (13):: Fit: 5283.95	PB: 5283.95	LB: 5523.61	GB: 5523.61	Conf: 0.564201	Pts: 65697
Particle (22):: Fit: 3360.78	PB: 3360.78	LB: 5521.19	GB: 5523.61	Conf: 0.60365	Pts: 55497
Particle (28):: Fit: 5082.73	PB: 5082.73	LB: 5521.19	GB: 5523.61	Conf: 0.289447	Pts: 70497
Particle (29):: Fit: 3223.35	PB: 3223.35	LB: 5520.56	GB: 5523.61	Conf: 0.5379	Pts: 55580
Particle (41):: Fit: 5345.72	PB: 5345.72	LB: 5519.36	GB: 5523.61	Conf: 0.472317	Pts: 50497
Particle (46):: Fit: 3969.57	PB: 3969.57	LB: 5516.75	GB: 5523.61	Conf: 0.898311	Pts: 50386
Particle (13):: Fit: 5482.03	PB: 5482.03	LB: 5523.61	GB: 5523.61	Conf: 0.933716	Pts: 65796
Particle (18):: Fit: 3550.89	PB: 3550.89	LB: 5523.61	GB: 5523.61	Conf: 0.669289	Pts: 55496
Particle (29):: Fit: 4319.81	PB: 4319.81	LB: 5520.56	GB: 5523.61	Conf: 0.431622	Pts: 55679
Particle (37):: Fit: 5495.95	PB: 5495.95	LB: 5519.5	GB: 5523.61	Conf: 1.53237	Pts: 60096
Particle (39):: Fit: 5413.23	PB: 5413.23	LB: 5519.36	GB: 5523.61	Conf: 0.207107	Pts: 60396
Particle (43):: Fit: 5398.95	PB: 5398.95	LB: 5519.36	GB: 5523.61	Conf: 0.220328	Pts: 50589
Particle (46):: Fit: 5016.1	PB: 5016.1	LB: 5516.75	GB: 5523.61	Conf: 0.77476	Pts: 50485
Particle (49):: Fit: 4742.56	PB: 4742.56	LB: 5522.73	GB: 5523.61	Conf: 0.476133	Pts: 55096
Particle (32):: Fit: 5517.37	PB: 5517.37	LB: 5519.58	GB: 5523.61	Conf: 0.520396	Pts: 55595
Particle (43):: Fit: 5516.3	PB: 5516.3	LB: 5519.36	GB: 5523.61	Conf: 0.14474	Pts: 50688
Particle (18):: Fit: 5494.55	PB: 5494.55	LB: 5523.61	GB: 5523.61	Conf: 0.293404	Pts: 55594
Particle (49):: Fit: 5377.95	PB: 5377.95	LB: 5522.73	GB: 5523.61	Conf: 0.396759	Pts: 55194
Particle (4):: Fit: 5249.09	PB: 5249.09	LB: 5522.73	GB: 5523.61	Conf: 0.875608	Pts: 55366
Particle (13):: Fit: 5525.68	PB: 5525.68	LB: 5525.68	GB: 5525.68	Conf: 0.426439	Pts: 125893
Particle (42):: Fit: 4318.03	PB: 4318.03	LB: 5519.36	GB: 5525.68	Conf: 0.72294	Pts: 50785
Global: 5525.68 - Correct: 55.4% of 500 tests
Global Best: 
  Inner Net 1
  -- 1 : 1 = 0.0206162
  -- 1 : 2 = 0.313682
  -- 1 : 3 = -0.299607
  -- 1 : 4 = 0.335397
  -- 1 : 5 = 0.046395
  -- 1 : 6 = -0.112979
  -- 1 : 7 = 0.0102516
  -- 1 : 8 = 0.327058
  -- 1 : 9 = -0.0734402
  -- 2 : 1 = 0.294878
  -- 2 : 2 = 0.102624
  -- 2 : 3 = 0.153762
  -- 2 : 4 = -0.0811017
  -- 2 : 5 = 0.0474155
  -- 2 : 6 = 0.36171
  -- 2 : 7 = 0.270055
  -- 2 : 8 = -0.0454917
  -- 2 : 9 = 0.228463
  -- 3 : 1 = 0.374779
  -- 3 : 2 = 0.0196671
  -- 3 : 3 = -0.264268
  -- 3 : 4 = 0.0130251
  -- 3 : 5 = -0.153634
  -- 3 : 6 = -0.160907
  -- 3 : 7 = -0.235979
  -- 3 : 8 = 0.0838771
  -- 3 : 9 = -0.206698
  -- 4 : 1 = 0.683685
  -- 4 : 2 = -0.0797885
  -- 4 : 3 = 0.11324
  -- 4 : 4 = 0.248697
  -- 4 : 5 = -0.0351256
  -- 4 : 6 = 0.361615
  -- 4 : 7 = -0.287884
  -- 4 : 8 = 0.0771776
  -- 4 : 9 = 0.237162
  -- 5 : 1 = 0.745092
  -- 5 : 2 = 0.153572
  -- 5 : 3 = 0.304989
  -- 5 : 4 = -0.0221889
  -- 5 : 5 = 0.0248379
  -- 5 : 6 = 0.333652
  -- 5 : 7 = -0.236598
  -- 5 : 8 = 0.205598
  -- 5 : 9 = -0.0433983
  -- 6 : 1 = 0.320157
  -- 6 : 2 = -0.274302
  -- 6 : 3 = -0.268231
  -- 6 : 4 = -0.269161
  -- 6 : 5 = -0.091856
  -- 6 : 6 = -0.0192303
  -- 6 : 7 = 0.0959953
  -- 6 : 8 = -0.199981
  -- 6 : 9 = 0.332096
  -- 7 : 1 = 1
  -- 7 : 2 = -0.0199969
  -- 7 : 3 = 0.00135145
  -- 7 : 4 = 0.0169488
  -- 7 : 5 = 0.234606
  -- 7 : 6 = 0.0326285
  -- 7 : 7 = 0.223445
  -- 7 : 8 = 0.207871
  -- 7 : 9 = -0.0933742
  -- 8 : 1 = 0.578586
  -- 8 : 2 = 0.0059598
  -- 8 : 3 = 0.104116
  -- 8 : 4 = 0.162023
  -- 8 : 5 = 0.0345233
  -- 8 : 6 = 0.384874
  -- 8 : 7 = 0.0254464
  -- 8 : 8 = -0.191873
  -- 8 : 9 = -0.177832
  -- 9 : 1 = 0.245723
  -- 9 : 2 = -0.310757
  -- 9 : 3 = -0.116319
  -- 9 : 4 = -0.138321
  -- 9 : 5 = -0.086164
  -- 9 : 6 = 0.187564
  -- 9 : 7 = -0.251772
  -- 9 : 8 = 0.171284
  -- 9 : 9 = 0.190485
  -- 10 : 1 = 0.296156
  -- 10 : 2 = 0.188357
  -- 10 : 3 = -0.0796881
  -- 10 : 4 = -0.231892
  -- 10 : 5 = -0.224689
  -- 10 : 6 = -0.103504
  -- 10 : 7 = 0.129464
  -- 10 : 8 = 0.127023
  -- 10 : 9 = -0.00965797
  Inner Net 2
  -- 1 : 1 = 0.109345
  -- 1 : 2 = -0.248183
  -- 2 : 1 = 0.0372972
  -- 2 : 2 = -0.218704
  -- 3 : 1 = 0.0500873
  -- 3 : 2 = -0.306151
  -- 4 : 1 = -0.489631
  -- 4 : 2 = 0.541733
  -- 5 : 1 = -0.0997449
  -- 5 : 2 = -0.00823497
  -- 6 : 1 = -0.634534
  -- 6 : 2 = 0.0732263
  -- 7 : 1 = 0.414881
  -- 7 : 2 = -0.0407853
  -- 8 : 1 = -0.0184482
  -- 8 : 2 = 0.290302
  -- 9 : 1 = -0.276894
  -- 9 : 2 = -0.402839
Out\Act	False		True
False	0.00951928	0.832461	0.84198
True	0.000475964	0.157544	0.15802
	0.00999524	0.990005
	Accuracy [ (tp + tn) / testSize ]: 0.167063
	Precision [ tp / (tp + fp) ]:      0.159058
	Sensitivity [ tp / (tp + fn) ]:    0.993994
	Specificity [ tn / (tn + fp) ]:    0.0112994
	F-Score [ 2tp / (2tp + fp + fn) ]: 0.274347
Particle (22):: Fit: 4418.97	PB: 4418.97	LB: 5521.19	GB: 5525.68	Conf: 0.721279	Pts: 55592
Particle (6):: Fit: 4712.66	PB: 4712.66	LB: 5522.73	GB: 5525.68	Conf: 1.88476	Pts: 55691
Particle (22):: Fit: 4737.55	PB: 4737.55	LB: 5521.19	GB: 5525.68	Conf: 0.673743	Pts: 55690
Particle (44):: Fit: 5366.99	PB: 5366.99	LB: 5519.36	GB: 5525.68	Conf: 0.838076	Pts: 50589
Particle (49):: Fit: 5432.96	PB: 5432.96	LB: 5522.73	GB: 5525.68	Conf: 0.116201	Pts: 55290
Particle (12):: Fit: 5467.68	PB: 5467.68	LB: 5525.68	GB: 5525.68	Conf: 0.429181	Pts: 55674
Particle (42):: Fit: 4645.47	PB: 4645.47	LB: 5519.36	GB: 5525.68	Conf: 0.239359	Pts: 50881
Particle (10):: Fit: 2930.9	PB: 2930.9	LB: 5525.68	GB: 5525.68	Conf: 0.76277	Pts: 55488
Particle (40):: Fit: 5520.1	PB: 5520.1	LB: 5520.1	GB: 5525.68	Conf: 0.251683	Pts: 210488
Particle (1):: Fit: 4198.99	PB: 4198.99	LB: 5522.73	GB: 5525.68	Conf: 0.410892	Pts: 55687
Particle (10):: Fit: 4084.24	PB: 4084.24	LB: 5525.68	GB: 5525.68	Conf: 0.713599	Pts: 55585
Particle (7):: Fit: 5472.71	PB: 5472.71	LB: 5522.73	GB: 5525.68	Conf: 0.2077	Pts: 60584
Particle (22):: Fit: 5203.2	PB: 5203.2	LB: 5521.19	GB: 5525.68	Conf: 0.748807	Pts: 55784
Particle (1):: Fit: 4559.13	PB: 4559.13	LB: 5522.73	GB: 5525.68	Conf: 0.727168	Pts: 55783
Particle (22):: Fit: 5302.84	PB: 5302.84	LB: 5521.19	GB: 5525.68	Conf: 0.203457	Pts: 55883
Particle (29):: Fit: 5246.81	PB: 5246.81	LB: 5520.56	GB: 5525.68	Conf: 0.487704	Pts: 55766
Particle (41):: Fit: 5379.41	PB: 5379.41	LB: 5520.1	GB: 5525.68	Conf: 0.824425	Pts: 50583
Particle (45):: Fit: 5251.88	PB: 5251.88	LB: 5516.75	GB: 5525.68	Conf: 0.684739	Pts: 115582
Particle (44):: Fit: 5491.58	PB: 5491.58	LB: 5520.1	GB: 5525.68	Conf: 0.362917	Pts: 50679
Particle (18):: Fit: 5499.56	PB: 5499.56	LB: 5523.61	GB: 5525.68	Conf: 0.291543	Pts: 55679
Particle (28):: Fit: 5225.28	PB: 5225.28	LB: 5521.19	GB: 5525.68	Conf: 0.292729	Pts: 70578
Particle (1):: Fit: 5191.27	PB: 5191.27	LB: 5522.73	GB: 5525.68	Conf: 0.972701	Pts: 55878
Particle (22):: Fit: 5517.21	PB: 5517.21	LB: 5521.19	GB: 5525.68	Conf: 0.143667	Pts: 55978
Particle (47):: Fit: 4966.23	PB: 4966.23	LB: 5518.7	GB: 5525.68	Conf: 0.44374	Pts: 50676
Particle (29):: Fit: 5473.21	PB: 5473.21	LB: 5520.56	GB: 5525.68	Conf: 0.436491	Pts: 55860
Particle (47):: Fit: 5087.02	PB: 5087.02	LB: 5518.7	GB: 5525.68	Conf: 0.451297	Pts: 50775
Particle (19):: Fit: 5517	PB: 5517	LB: 5523.61	GB: 5525.68	Conf: 0.494537	Pts: 55374
Particle (45):: Fit: 5444.89	PB: 5444.89	LB: 5516.75	GB: 5525.68	Conf: 0.732937	Pts: 115672
Particle (42):: Fit: 5452.06	PB: 5452.06	LB: 5520.1	GB: 5525.68	Conf: 0.963378	Pts: 50964
Particle (43):: Fit: 5519.36	PB: 5519.36	LB: 5520.1	GB: 5525.68	Conf: 0.476203	Pts: 65765
Particle (41):: Fit: 5469.53	PB: 5469.53	LB: 5520.1	GB: 5525.68	Conf: 0.796789	Pts: 50668
Particle (45):: Fit: 5498.89	PB: 5498.89	LB: 5519.36	GB: 5525.68	Conf: 0.661558	Pts: 115767
Particle (41):: Fit: 5496.38	PB: 5496.38	LB: 5520.1	GB: 5525.68	Conf: 0.633322	Pts: 50767
Particle (39):: Fit: 5517.47	PB: 5517.47	LB: 5520.1	GB: 5525.68	Conf: 0.675158	Pts: 60466
Particle (46):: Fit: 5034.01	PB: 5034.01	LB: 5519.36	GB: 5525.68	Conf: 0.87284	Pts: 50555
Particle (10):: Fit: 4846.69	PB: 4846.69	LB: 5525.68	GB: 5525.68	Conf: 0.734719	Pts: 55659
Particle (26):: Fit: 5519.57	PB: 5519.57	LB: 5521.19	GB: 5525.68	Conf: 0.742509	Pts: 160258
Particle (27):: Fit: 5523.93	PB: 5523.93	LB: 5523.93	GB: 5525.68	Conf: 0.760223	Pts: 120551
Particle (49):: Fit: 5453.98	PB: 5453.98	LB: 5522.73	GB: 5525.68	Conf: 0.416767	Pts: 55356
Particle (35):: Fit: 5517.94	PB: 5517.94	LB: 5520.1	GB: 5525.68	Conf: 0.488698	Pts: 100153
Particle (46):: Fit: 5070.42	PB: 5070.42	LB: 5519.36	GB: 5525.68	Conf: 0.727242	Pts: 50639
Particle (46):: Fit: 5125.96	PB: 5125.96	LB: 5519.36	GB: 5525.68	Conf: 0.898719	Pts: 50736
Particle (1):: Fit: 5516.19	PB: 5516.19	LB: 5522.73	GB: 5525.68	Conf: 0.778818	Pts: 55945
Particle (47):: Fit: 5453.12	PB: 5453.12	LB: 5519.36	GB: 5525.68	Conf: 0.44382	Pts: 50843
Particle (37):: Fit: 5498.56	PB: 5498.56	LB: 5520.1	GB: 5525.68	Conf: 0.971599	Pts: 60141
Particle (0):: Fit: 5500.55	PB: 5500.55	LB: 5522.73	GB: 5525.68	Conf: 0.990348	Pts: 160438
Particle (34):: Fit: 5520.28	PB: 5520.28	LB: 5520.28	GB: 5525.68	Conf: 0.568592	Pts: 100439
Particle (38):: Fit: 5521.25	PB: 5521.25	LB: 5521.25	GB: 5525.68	Conf: 0.515987	Pts: 140539
Particle (42):: Fit: 5453.43	PB: 5453.43	LB: 5521.25	GB: 5525.68	Conf: 0.927747	Pts: 51027
Particle (46):: Fit: 5436.29	PB: 5436.29	LB: 5519.36	GB: 5525.68	Conf: 0.917144	Pts: 50823
Particle (49):: Fit: 5495.26	PB: 5495.26	LB: 5522.73	GB: 5525.68	Conf: 0.976369	Pts: 55434
Particle (12):: Fit: 5470.06	PB: 5470.06	LB: 5525.68	GB: 5525.68	Conf: 0.0411496	Pts: 55716
Particle (39):: Fit: 5520.93	PB: 5520.93	LB: 5521.25	GB: 5525.68	Conf: 0.22459	Pts: 65532
Particle (31):: Fit: 5522.28	PB: 5522.28	LB: 5523.93	GB: 5525.68	Conf: 0.865499	Pts: 155230
Particle (1):: Fit: 5517.53	PB: 5517.53	LB: 5522.73	GB: 5525.68	Conf: 0.21898	Pts: 56030
Particle (38):: Fit: 5525.24	PB: 5525.24	LB: 5525.24	GB: 5525.68	Conf: 0.536297	Pts: 190623
Particle (4):: Fit: 5454.96	PB: 5454.96	LB: 5522.73	GB: 5525.68	Conf: 0.873985	Pts: 55388
Particle (44):: Fit: 5491.9	PB: 5491.9	LB: 5520.1	GB: 5525.68	Conf: 0.341128	Pts: 50714
Particle (44):: Fit: 5516.99	PB: 5516.99	LB: 5520.1	GB: 5525.68	Conf: 0.950176	Pts: 50813
Particle (7):: Fit: 5515.84	PB: 5515.84	LB: 5522.73	GB: 5525.68	Conf: 0.198371	Pts: 60610
Particle (29):: Fit: 5524.14	PB: 5524.14	LB: 5524.14	GB: 5525.68	Conf: 0.435557	Pts: 100891
Particle (23):: Fit: 5520.09	PB: 5520.09	LB: 5523.93	GB: 5525.68	Conf: 0.473721	Pts: 55608
Particle (10):: Fit: 5472.8	PB: 5472.8	LB: 5525.68	GB: 5525.68	Conf: 0.759295	Pts: 55704
Particle (37):: Fit: 5521.49	PB: 5521.49	LB: 5525.24	GB: 5525.68	Conf: 0.980861	Pts: 60197
Particle (4):: Fit: 5490.66	PB: 5490.66	LB: 5522.73	GB: 5525.68	Conf: 0.881527	Pts: 55465
Particle (6):: Fit: 5156.78	PB: 5156.78	LB: 5522.73	GB: 5525.68	Conf: 0.630755	Pts: 55686
Particle (20):: Fit: 5521.61	PB: 5521.61	LB: 5522.26	GB: 5525.68	Conf: 0.794977	Pts: 70481
Particle (6):: Fit: 5353.58	PB: 5353.58	LB: 5522.73	GB: 5525.68	Conf: 0.624714	Pts: 55776
Particle (1):: Fit: 5522.38	PB: 5522.38	LB: 5522.73	GB: 5525.68	Conf: 0.506511	Pts: 66080
Particle (34):: Fit: 5522.97	PB: 5522.97	LB: 5525.24	GB: 5525.68	Conf: 0.573836	Pts: 100480
Particle (42):: Fit: 5518.79	PB: 5518.79	LB: 5525.24	GB: 5525.68	Conf: 0.858861	Pts: 51069
Particle (44):: Fit: 5522.3	PB: 5522.3	LB: 5522.3	GB: 5525.68	Conf: 0.553598	Pts: 65872
Particle (49):: Fit: 5519.43	PB: 5519.43	LB: 5522.73	GB: 5525.68	Conf: 0.0890512	Pts: 55472
Particle (33):: Fit: 5521.74	PB: 5521.74	LB: 5525.24	GB: 5525.68	Conf: 0.221631	Pts: 110363
Particle (19):: Fit: 5517.19	PB: 5517.19	LB: 5523.61	GB: 5525.68	Conf: 0.494813	Pts: 55359
Particle (6):: Fit: 5386.46	PB: 5386.46	LB: 5522.73	GB: 5525.68	Conf: 0.626005	Pts: 55851
Particle (14):: Fit: 5517.47	PB: 5517.47	LB: 5525.68	GB: 5525.68	Conf: 0.896927	Pts: 65537
Particle (28):: Fit: 5415.22	PB: 5415.22	LB: 5524.14	GB: 5525.68	Conf: 0.281839	Pts: 70538
Particle (40):: Fit: 5524.74	PB: 5524.74	LB: 5525.24	GB: 5525.68	Conf: 0.284964	Pts: 220439
Particle (36):: Fit: 5523.04	PB: 5523.04	LB: 5525.24	GB: 5525.68	Conf: 1.18102	Pts: 70430
Particle (7):: Fit: 5524.41	PB: 5524.41	LB: 5524.41	GB: 5525.68	Conf: 0.481366	Pts: 90626
Particle (39):: Fit: 5523.83	PB: 5523.83	LB: 5525.24	GB: 5525.68	Conf: 0.741545	Pts: 65511
Particle (37):: Fit: 5524.85	PB: 5524.85	LB: 5525.24	GB: 5525.68	Conf: 0.43796	Pts: 65210
Particle (28):: Fit: 5476.02	PB: 5476.02	LB: 5524.14	GB: 5525.68	Conf: 0.271728	Pts: 70603
Particle (20):: Fit: 5522.03	PB: 5522.03	LB: 5522.26	GB: 5525.68	Conf: 0.385517	Pts: 75490
Particle (43):: Fit: 5526.54	PB: 5526.54	LB: 5526.54	GB: 5526.54	Conf: 0.0475197	Pts: 125683
Global: 5526.54 - Correct: 55% of 500 tests
Global Best: 
  Inner Net 1
  -- 1 : 1 = -0.00237243
  -- 1 : 2 = 0.396539
  -- 1 : 3 = -0.132427
  -- 1 : 4 = 0.212269
  -- 1 : 5 = 0.305562
  -- 1 : 6 = 0.115521
  -- 1 : 7 = 0.315178
  -- 1 : 8 = -0.225841
  -- 1 : 9 = 0.380165
  -- 2 : 1 = 0.649017
  -- 2 : 2 = -0.284561
  -- 2 : 3 = 0.362131
  -- 2 : 4 = 0.355747
  -- 2 : 5 = -0.207126
  -- 2 : 6 = -0.113029
  -- 2 : 7 = -0.0123835
  -- 2 : 8 = -0.223932
  -- 2 : 9 = 0.155469
  -- 3 : 1 = -0.0478066
  -- 3 : 2 = -0.0992739
  -- 3 : 3 = -0.130224
  -- 3 : 4 = 0.22136
  -- 3 : 5 = -0.176935
  -- 3 : 6 = 0.0010647
  -- 3 : 7 = -0.0750017
  -- 3 : 8 = 0.511884
  -- 3 : 9 = 0.203535
  -- 4 : 1 = 0.372441
  -- 4 : 2 = -0.030796
  -- 4 : 3 = 0.152641
  -- 4 : 4 = 0.175727
  -- 4 : 5 = -0.0110469
  -- 4 : 6 = 0.0388251
  -- 4 : 7 = -0.137752
  -- 4 : 8 = 0.0423742
  -- 4 : 9 = 0.105103
  -- 5 : 1 = 0.34772
  -- 5 : 2 = 0.136074
  -- 5 : 3 = 0.0358834
  -- 5 : 4 = -0.389587
  -- 5 : 5 = -0.139793
  -- 5 : 6 = 0.0655576
  -- 5 : 7 = 0.168929
  -- 5 : 8 = -0.0389435
  -- 5 : 9 = -0.106924
  -- 6 : 1 = 0.433196
  -- 6 : 2 = 0.240742
  -- 6 : 3 = 0.161942
  -- 6 : 4 = -0.145434
  -- 6 : 5 = 0.251904
  -- 6 : 6 = -0.00519599
  -- 6 : 7 = 0.612934
  -- 6 : 8 = -0.121177
  -- 6 : 9 = 0.703243
  -- 7 : 1 = 0.342317
  -- 7 : 2 = 0.000441519
  -- 7 : 3 = 0.278446
  -- 7 : 4 = -0.00389459
  -- 7 : 5 = 0.247528
  -- 7 : 6 = -0.327239
  -- 7 : 7 = -0.241301
  -- 7 : 8 = -0.186873
  -- 7 : 9 = 0.14106
  -- 8 : 1 = 0.549482
  -- 8 : 2 = 0.0450688
  -- 8 : 3 = -0.061946
  -- 8 : 4 = -0.0171852
  -- 8 : 5 = -0.415877
  -- 8 : 6 = 0.302224
  -- 8 : 7 = 0.189939
  -- 8 : 8 = -0.312503
  -- 8 : 9 = -0.221648
  -- 9 : 1 = 0.0442667
  -- 9 : 2 = 0.151145
  -- 9 : 3 = 0.0972561
  -- 9 : 4 = -0.170847
  -- 9 : 5 = -0.277213
  -- 9 : 6 = 0.154106
  -- 9 : 7 = -0.267928
  -- 9 : 8 = 0.514762
  -- 9 : 9 = 0.300429
  -- 10 : 1 = -0.525951
  -- 10 : 2 = 0.538781
  -- 10 : 3 = 0.511578
  -- 10 : 4 = 0.240993
  -- 10 : 5 = 0.0400883
  -- 10 : 6 = 0.240791
  -- 10 : 7 = -0.12676
  -- 10 : 8 = 0.0379664
  -- 10 : 9 = -0.523669
  Inner Net 2
  -- 1 : 1 = 0.810009
  -- 1 : 2 = 0.354838
  -- 2 : 1 = 0.26946
  -- 2 : 2 = 0.0832274
  -- 3 : 1 = 0.423862
  -- 3 : 2 = -0.501012
  -- 4 : 1 = -0.101038
  -- 4 : 2 = 0.248482
  -- 5 : 1 = -0.129047
  -- 5 : 2 = -0.265531
  -- 6 : 1 = 0.411767
  -- 6 : 2 = -0.419392
  -- 7 : 1 = -0.465794
  -- 7 : 2 = 0.0142781
  -- 8 : 1 = -0.77525
  -- 8 : 2 = -0.0612981
  -- 9 : 1 = 0.339135
  -- 9 : 2 = 0.194305
Out\Act	False		True
False	0.0218943	0.820086	0.84198
True	0.000951928	0.157068	0.15802
	0.0228463	0.977154
	Accuracy [ (tp + tn) / testSize ]: 0.178962
	Precision [ tp / (tp + fp) ]:      0.160662
	Sensitivity [ tp / (tp + fn) ]:    0.990991
	Specificity [ tn / (tn + fp) ]:    0.0259887
	F-Score [ 2tp / (2tp + fp + fn) ]: 0.276614
Particle (33):: Fit: 5522.3	PB: 5522.3	LB: 5525.24	GB: 5526.54	Conf: 0.143006	Pts: 110383
Particle (47):: Fit: 5469.93	PB: 5469.93	LB: 5526.54	GB: 5526.54	Conf: 0.452215	Pts: 50783
Particle (18):: Fit: 5515.02	PB: 5515.02	LB: 5523.61	GB: 5526.54	Conf: 0.631983	Pts: 55583
Particle (41):: Fit: 5519.46	PB: 5519.46	LB: 5526.54	GB: 5526.54	Conf: 0.854934	Pts: 50685
Particle (26):: Fit: 5521.66	PB: 5521.66	LB: 5524.14	GB: 5526.54	Conf: 0.184255	Pts: 160166
Particle (28):: Fit: 5493.67	PB: 5493.67	LB: 5524.14	GB: 5526.54	Conf: 0.270261	Pts: 70659
Particle (44):: Fit: 5523.7	PB: 5523.7	LB: 5526.54	GB: 5526.54	Conf: 0.411765	Pts: 70854
Particle (4):: Fit: 5498.07	PB: 5498.07	LB: 5524.41	GB: 5526.54	Conf: 0.876176	Pts: 55406
Particle (32):: Fit: 5520.63	PB: 5520.63	LB: 5524.85	GB: 5526.54	Conf: 0.518634	Pts: 55427
Particle (8):: Fit: 5523.09	PB: 5523.09	LB: 5525.68	GB: 5526.54	Conf: 0.211055	Pts: 75320
Particle (22):: Fit: 5518.54	PB: 5518.54	LB: 5523.93	GB: 5526.54	Conf: 0.743743	Pts: 55820
Particle (28):: Fit: 5521.97	PB: 5521.97	LB: 5524.14	GB: 5526.54	Conf: 0.267361	Pts: 70712
Particle (35):: Fit: 5520.09	PB: 5520.09	LB: 5525.24	GB: 5526.54	Conf: 0.611661	Pts: 100016
Particle (41):: Fit: 5520.47	PB: 5520.47	LB: 5526.54	GB: 5526.54	Conf: 0.729649	Pts: 50705
Particle (17):: Fit: 5524.91	PB: 5524.91	LB: 5525.68	GB: 5526.54	Conf: 0.57543	Pts: 139992
Particle (46):: Fit: 5466.53	PB: 5466.53	LB: 5526.54	GB: 5526.54	Conf: 0.861678	Pts: 50677
Particle (49):: Fit: 5521.53	PB: 5521.53	LB: 5522.73	GB: 5526.54	Conf: 0.421523	Pts: 55377
Particle (9):: Fit: 5519.31	PB: 5519.31	LB: 5525.68	GB: 5526.54	Conf: 0.591168	Pts: 115267
Particle (14):: Fit: 5521.55	PB: 5521.55	LB: 5525.68	GB: 5526.54	Conf: 0.327844	Pts: 65463
Particle (26):: Fit: 5521.8	PB: 5521.8	LB: 5524.14	GB: 5526.54	Conf: 0.245667	Pts: 160160
Particle (47):: Fit: 5497.92	PB: 5497.92	LB: 5526.54	GB: 5526.54	Conf: 0.450495	Pts: 50748
Particle (47):: Fit: 5515.28	PB: 5515.28	LB: 5526.54	GB: 5526.54	Conf: 0.457561	Pts: 50840
Particle (25):: Fit: 5496.85	PB: 5496.85	LB: 5524.14	GB: 5526.54	Conf: 0.534469	Pts: 54930
Particle (19):: Fit: 5517.6	PB: 5517.6	LB: 5524.91	GB: 5526.54	Conf: 0.999131	Pts: 55221
Particle (42):: Fit: 5519.59	PB: 5519.59	LB: 5526.54	GB: 5526.54	Conf: 0.863778	Pts: 50916
Particle (37):: Fit: 5525.05	PB: 5525.05	LB: 5525.24	GB: 5526.54	Conf: 0.593556	Pts: 70125
Particle (2):: Fit: 5519.97	PB: 5519.97	LB: 5524.41	GB: 5526.54	Conf: 0.677936	Pts: 70112
Particle (42):: Fit: 5522.38	PB: 5522.38	LB: 5526.54	GB: 5526.54	Conf: 0.839534	Pts: 50996
Particle (6):: Fit: 5449.86	PB: 5449.86	LB: 5524.41	GB: 5526.54	Conf: 0.623356	Pts: 55682
Particle (12):: Fit: 5491.81	PB: 5491.81	LB: 5525.68	GB: 5526.54	Conf: 0.0487437	Pts: 55457
Particle (25):: Fit: 5517.74	PB: 5517.74	LB: 5524.14	GB: 5526.54	Conf: 0.531749	Pts: 54974
Particle (45):: Fit: 5515.08	PB: 5515.08	LB: 5526.54	GB: 5526.54	Conf: 0.451348	Pts: 115476
Particle (12):: Fit: 5501.03	PB: 5501.03	LB: 5525.68	GB: 5526.54	Conf: 0.0221149	Pts: 55546
Particle (46):: Fit: 5479.24	PB: 5479.24	LB: 5526.54	GB: 5526.54	Conf: 0.925653	Pts: 50654
Particle (18):: Fit: 5516.7	PB: 5516.7	LB: 5524.91	GB: 5526.54	Conf: 0.282667	Pts: 55465
Particle (9):: Fit: 5521.92	PB: 5521.92	LB: 5525.68	GB: 5526.54	Conf: 0.592672	Pts: 115239
Particle (47):: Fit: 5519.7	PB: 5519.7	LB: 5526.54	GB: 5526.54	Conf: 0.449733	Pts: 50838
Particle (45):: Fit: 5519.44	PB: 5519.44	LB: 5526.54	GB: 5526.54	Conf: 0.602394	Pts: 115538
Particle (45):: Fit: 5521.72	PB: 5521.72	LB: 5526.54	GB: 5526.54	Conf: 0.387364	Pts: 115628
Particle (25):: Fit: 5520.37	PB: 5520.37	LB: 5524.14	GB: 5526.54	Conf: 0.532216	Pts: 55003
Particle (6):: Fit: 5449.87	PB: 5449.87	LB: 5524.41	GB: 5526.54	Conf: 0.613136	Pts: 55686
Particle (21):: Fit: 5520.44	PB: 5520.44	LB: 5524.91	GB: 5526.54	Conf: 0.757589	Pts: 69786
Particle (45):: Fit: 5523.02	PB: 5523.02	LB: 5526.54	GB: 5526.54	Conf: 0.672669	Pts: 120699
Particle (22):: Fit: 5519.28	PB: 5519.28	LB: 5523.93	GB: 5526.54	Conf: 0.737935	Pts: 55694
Particle (41):: Fit: 5522.64	PB: 5522.64	LB: 5526.54	GB: 5526.54	Conf: 0.451658	Pts: 50580
Particle (10):: Fit: 5476.11	PB: 5476.11	LB: 5525.68	GB: 5526.54	Conf: 0.75773	Pts: 55357
Particle (18):: Fit: 5520.89	PB: 5520.89	LB: 5524.91	GB: 5526.54	Conf: 0.283894	Pts: 55465
Particle (11):: Fit: 5526.64	PB: 5526.64	LB: 5526.64	GB: 5526.64	Conf: 0.810312	Pts: 125239
Global: 5526.64 - Correct: 54.6% of 500 tests
Global Best: 
  Inner Net 1
  -- 1 : 1 = 0.492485
  -- 1 : 2 = 0.387519
  -- 1 : 3 = -0.200326
  -- 1 : 4 = -0.03689
  -- 1 : 5 = -0.0543202
  -- 1 : 6 = -0.145586
  -- 1 : 7 = 0.441992
  -- 1 : 8 = 0.382649
  -- 1 : 9 = 0.36529
  -- 2 : 1 = 0.293459
  -- 2 : 2 = 0.495822
  -- 2 : 3 = 0.840602
  -- 2 : 4 = 0.0489977
  -- 2 : 5 = 0.6814
  -- 2 : 6 = -0.0681205
  -- 2 : 7 = 0.0472992
  -- 2 : 8 = 0.0543685
  -- 2 : 9 = 0.195281
  -- 3 : 1 = 0.314573
  -- 3 : 2 = 0.0622757
  -- 3 : 3 = 0.0441467
  -- 3 : 4 = -0.184523
  -- 3 : 5 = 0.585335
  -- 3 : 6 = -0.0375967
  -- 3 : 7 = 0.325444
  -- 3 : 8 = -0.184728
  -- 3 : 9 = 0.283728
  -- 4 : 1 = 0.210565
  -- 4 : 2 = 0.271303
  -- 4 : 3 = -0.0511882
  -- 4 : 4 = -0.198483
  -- 4 : 5 = -0.061306
  -- 4 : 6 = -0.407333
  -- 4 : 7 = -0.0338231
  -- 4 : 8 = 0.151037
  -- 4 : 9 = 0.241181
  -- 5 : 1 = 0.0289261
  -- 5 : 2 = -0.28117
  -- 5 : 3 = -0.0308699
  -- 5 : 4 = 0.28844
  -- 5 : 5 = 0.255147
  -- 5 : 6 = 0.202867
  -- 5 : 7 = -0.0628448
  -- 5 : 8 = 0.264762
  -- 5 : 9 = -0.116801
  -- 6 : 1 = 0.221132
  -- 6 : 2 = -0.0108235
  -- 6 : 3 = 0.377904
  -- 6 : 4 = -0.0116351
  -- 6 : 5 = 0.362213
  -- 6 : 6 = 0.543651
  -- 6 : 7 = -0.169177
  -- 6 : 8 = 0.105634
  -- 6 : 9 = 0.575625
  -- 7 : 1 = 0.490182
  -- 7 : 2 = 0.155573
  -- 7 : 3 = -0.102674
  -- 7 : 4 = 0.5
  -- 7 : 5 = 0.0676606
  -- 7 : 6 = 0.306459
  -- 7 : 7 = 0.45485
  -- 7 : 8 = 0.136954
  -- 7 : 9 = 0.652162
  -- 8 : 1 = 0.500812
  -- 8 : 2 = 0.090129
  -- 8 : 3 = 0.32366
  -- 8 : 4 = -0.0821607
  -- 8 : 5 = 0.424587
  -- 8 : 6 = 0.00554155
  -- 8 : 7 = -0.143688
  -- 8 : 8 = 0.806411
  -- 8 : 9 = 0.283057
  -- 9 : 1 = 0.410089
  -- 9 : 2 = -0.269751
  -- 9 : 3 = -0.187916
  -- 9 : 4 = -0.169317
  -- 9 : 5 = -0.147344
  -- 9 : 6 = 0.184174
  -- 9 : 7 = 0.753636
  -- 9 : 8 = 0.787893
  -- 9 : 9 = 0.0411946
  -- 10 : 1 = 0.463072
  -- 10 : 2 = 0.487897
  -- 10 : 3 = 0.32409
  -- 10 : 4 = 0.0997139
  -- 10 : 5 = -0.0432272
  -- 10 : 6 = 0.11286
  -- 10 : 7 = 0.298332
  -- 10 : 8 = 0.775372
  -- 10 : 9 = -0.0622174
  Inner Net 2
  -- 1 : 1 = -0.0835685
  -- 1 : 2 = 0.0960535
  -- 2 : 1 = 1
  -- 2 : 2 = -0.177438
  -- 3 : 1 = 0.788529
  -- 3 : 2 = -0.507134
  -- 4 : 1 = -0.266172
  -- 4 : 2 = -0.155819
  -- 5 : 1 = -0.331117
  -- 5 : 2 = 0.258319
  -- 6 : 1 = -0.456332
  -- 6 : 2 = -0.077473
  -- 7 : 1 = 0.243333
  -- 7 : 2 = -0.088534
  -- 8 : 1 = 0.0387763
  -- 8 : 2 = 0.212309
  -- 9 : 1 = -0.463728
  -- 9 : 2 = 0.0311732
Out\Act	False		True
False	0.0171347	0.824845	0.84198
True	0.00142789	0.156592	0.15802
	0.0185626	0.981437
	Accuracy [ (tp + tn) / testSize ]: 0.173727
	Precision [ tp / (tp + fp) ]:      0.159476
	Sensitivity [ tp / (tp + fn) ]:    0.987988
	Specificity [ tn / (tn + fp) ]:    0.020339
	F-Score [ 2tp / (2tp + fp + fn) ]: 0.274739
Particle (46):: Fit: 5517.68	PB: 5517.68	LB: 5526.54	GB: 5526.64	Conf: 0.870428	Pts: 50648
Particle (41):: Fit: 5526.71	PB: 5526.71	LB: 5526.71	GB: 5526.71	Conf: 0.553936	Pts: 110634
Global: 5526.71 - Correct: 58.2% of 500 tests
Global Best: 
  Inner Net 1
  -- 1 : 1 = 0.200012
  -- 1 : 2 = -0.100762
  -- 1 : 3 = -0.18545
  -- 1 : 4 = 0.0765512
  -- 1 : 5 = 0.00669837
  -- 1 : 6 = 0.0575039
  -- 1 : 7 = 0.549879
  -- 1 : 8 = 0.0535525
  -- 1 : 9 = 0.0405434
  -- 2 : 1 = -1
  -- 2 : 2 = 0.0843425
  -- 2 : 3 = -0.0824221
  -- 2 : 4 = 0.287777
  -- 2 : 5 = -0.114854
  -- 2 : 6 = -0.127932
  -- 2 : 7 = 0.0744878
  -- 2 : 8 = -0.268034
  -- 2 : 9 = 0.39898
  -- 3 : 1 = 0.411246
  -- 3 : 2 = 0.0797299
  -- 3 : 3 = 0.300922
  -- 3 : 4 = 0.0405772
  -- 3 : 5 = -0.105955
  -- 3 : 6 = 0.601022
  -- 3 : 7 = -0.107571
  -- 3 : 8 = 0.23073
  -- 3 : 9 = 0.435957
  -- 4 : 1 = 0.574822
  -- 4 : 2 = -0.443286
  -- 4 : 3 = -0.197681
  -- 4 : 4 = 0.479872
  -- 4 : 5 = -0.188506
  -- 4 : 6 = 0.160195
  -- 4 : 7 = 0.570517
  -- 4 : 8 = -0.381623
  -- 4 : 9 = 0.362765
  -- 5 : 1 = 0.0799601
  -- 5 : 2 = -0.00681266
  -- 5 : 3 = 0.1621
  -- 5 : 4 = 0.0889856
  -- 5 : 5 = 0.460179
  -- 5 : 6 = 0.0324949
  -- 5 : 7 = 0.103183
  -- 5 : 8 = -0.0180556
  -- 5 : 9 = 0.235438
  -- 6 : 1 = 0.135103
  -- 6 : 2 = 0.0375586
  -- 6 : 3 = 0.253798
  -- 6 : 4 = -0.493319
  -- 6 : 5 = 0.120341
  -- 6 : 6 = -0.212703
  -- 6 : 7 = 0.217855
  -- 6 : 8 = 0.0264965
  -- 6 : 9 = 0.285436
  -- 7 : 1 = -0.150185
  -- 7 : 2 = 0.389843
  -- 7 : 3 = 0.0657217
  -- 7 : 4 = 0.207655
  -- 7 : 5 = 0.215353
  -- 7 : 6 = -0.0717118
  -- 7 : 7 = 0.351748
  -- 7 : 8 = -0.273148
  -- 7 : 9 = -0.114637
  -- 8 : 1 = 0.243294
  -- 8 : 2 = 0.176511
  -- 8 : 3 = -0.343958
  -- 8 : 4 = 0.480883
  -- 8 : 5 = -0.0203051
  -- 8 : 6 = -0.188128
  -- 8 : 7 = -0.127805
  -- 8 : 8 = 0.234629
  -- 8 : 9 = -0.108514
  -- 9 : 1 = 0.0924283
  -- 9 : 2 = 0.151249
  -- 9 : 3 = 0.0886205
  -- 9 : 4 = 0.130651
  -- 9 : 5 = 0.0971366
  -- 9 : 6 = 0.105939
  -- 9 : 7 = 0.0877091
  -- 9 : 8 = 0.094432
  -- 9 : 9 = 0.146945
  -- 10 : 1 = -0.341956
  -- 10 : 2 = 0.114152
  -- 10 : 3 = 0.026895
  -- 10 : 4 = 0.183267
  -- 10 : 5 = -0.0172123
  -- 10 : 6 = -0.211344
  -- 10 : 7 = -0.0549741
  -- 10 : 8 = 0.034281
  -- 10 : 9 = 0.402108
  Inner Net 2
  -- 1 : 1 = 0.775642
  -- 1 : 2 = -0.0193511
  -- 2 : 1 = -0.607399
  -- 2 : 2 = 0.0513496
  -- 3 : 1 = 0.172712
  -- 3 : 2 = 0.314243
  -- 4 : 1 = -0.210979
  -- 4 : 2 = -0.018446
  -- 5 : 1 = -0.580625
  -- 5 : 2 = 0.200248
  -- 6 : 1 = -0.0306919
  -- 6 : 2 = 0.0801684
  -- 7 : 1 = -0.393952
  -- 7 : 2 = 0.0139069
  -- 8 : 1 = -0.0366396
  -- 8 : 2 = -0.253271
  -- 9 : 1 = -0.160022
  -- 9 : 2 = 0.193687
Out\Act	False		True
False	0.00190386	0.840076	0.84198
True	0.000475964	0.157544	0.15802
	0.00237982	0.99762
	Accuracy [ (tp + tn) / testSize ]: 0.159448
	Precision [ tp / (tp + fp) ]:      0.157845
	Sensitivity [ tp / (tp + fn) ]:    0.993994
	Specificity [ tn / (tn + fp) ]:    0.00225989
	F-Score [ 2tp / (2tp + fp + fn) ]: 0.27254
Particle (35):: Fit: 5525.4	PB: 5525.4	LB: 5525.4	GB: 5526.71	Conf: 0.584626	Pts: 129825
Particle (8):: Fit: 5523.47	PB: 5523.47	LB: 5526.64	GB: 5526.71	Conf: 0.886755	Pts: 75115
Particle (20):: Fit: 5523.02	PB: 5523.02	LB: 5524.91	GB: 5526.71	Conf: 0.296498	Pts: 75196
Particle (5):: Fit: 3021.62	PB: 3021.62	LB: 5524.41	GB: 5526.71	Conf: 1.3508	Pts: 74652
Particle (36):: Fit: 5523.2	PB: 5523.2	LB: 5526.71	GB: 5526.71	Conf: 0.642159	Pts: 70081
Particle (36):: Fit: 5523.26	PB: 5523.26	LB: 5526.71	GB: 5526.71	Conf: 0.729159	Pts: 70151
Particle (42):: Fit: 5527.86	PB: 5527.86	LB: 5527.86	GB: 5527.86	Conf: 0.207077	Pts: 110808
Global: 5527.86 - Correct: 58.4% of 500 tests
Global Best: 
  Inner Net 1
  -- 1 : 1 = 0.050181
  -- 1 : 2 = 0.313578
  -- 1 : 3 = 0.320405
  -- 1 : 4 = 0.15174
  -- 1 : 5 = -0.179504
  -- 1 : 6 = -0.0914031
  -- 1 : 7 = -0.0515552
  -- 1 : 8 = -0.171675
  -- 1 : 9 = 0.149849
  -- 2 : 1 = 0.0072335
  -- 2 : 2 = 0.0396641
  -- 2 : 3 = 0.137669
  -- 2 : 4 = -0.202493
  -- 2 : 5 = -0.0448678
  -- 2 : 6 = -0.115595
  -- 2 : 7 = -0.00949058
  -- 2 : 8 = 0.209695
  -- 2 : 9 = 0.296265
  -- 3 : 1 = 0.213072
  -- 3 : 2 = 0.219912
  -- 3 : 3 = -0.0327474
  -- 3 : 4 = 0.137653
  -- 3 : 5 = 0.444673
  -- 3 : 6 = -0.148415
  -- 3 : 7 = 0.182777
  -- 3 : 8 = 0.06196
  -- 3 : 9 = 0.183152
  -- 4 : 1 = 0.0965052
  -- 4 : 2 = 0.255903
  -- 4 : 3 = 0.0381237
  -- 4 : 4 = -0.169143
  -- 4 : 5 = -0.00237721
  -- 4 : 6 = 0.0828365
  -- 4 : 7 = 0.203422
  -- 4 : 8 = 0.00949318
  -- 4 : 9 = 0.00139172
  -- 5 : 1 = 0.0942934
  -- 5 : 2 = -0.212918
  -- 5 : 3 = 0.157127
  -- 5 : 4 = -0.00361112
  -- 5 : 5 = 0.257965
  -- 5 : 6 = 0.138795
  -- 5 : 7 = 0.1523
  -- 5 : 8 = 0.0786481
  -- 5 : 9 = -0.252953
  -- 6 : 1 = 0.0980352
  -- 6 : 2 = 0.386233
  -- 6 : 3 = 0.342603
  -- 6 : 4 = -0.226648
  -- 6 : 5 = -0.0395363
  -- 6 : 6 = -0.149932
  -- 6 : 7 = -0.0239464
  -- 6 : 8 = 0.59888
  -- 6 : 9 = 0.0134676
  -- 7 : 1 = -0.143016
  -- 7 : 2 = 0.362635
  -- 7 : 3 = -0.181648
  -- 7 : 4 = -0.275667
  -- 7 : 5 = -0.123415
  -- 7 : 6 = 0.260126
  -- 7 : 7 = 0.209302
  -- 7 : 8 = 0.153142
  -- 7 : 9 = -0.136347
  -- 8 : 1 = 0.181516
  -- 8 : 2 = -0.208136
  -- 8 : 3 = 0.427338
  -- 8 : 4 = 0.365099
  -- 8 : 5 = -0.123561
  -- 8 : 6 = 0.207919
  -- 8 : 7 = -0.0909013
  -- 8 : 8 = 0.463088
  -- 8 : 9 = -0.0812806
  -- 9 : 1 = -0.253122
  -- 9 : 2 = -0.0233423
  -- 9 : 3 = -0.20293
  -- 9 : 4 = -0.0800657
  -- 9 : 5 = -0.0891592
  -- 9 : 6 = 0.289877
  -- 9 : 7 = -0.070834
  -- 9 : 8 = -0.239815
  -- 9 : 9 = -0.235736
  -- 10 : 1 = -0.0173394
  -- 10 : 2 = 0.167766
  -- 10 : 3 = -0.0414492
  -- 10 : 4 = -0.0314957
  -- 10 : 5 = 0.118753
  -- 10 : 6 = -0.142697
  -- 10 : 7 = -0.255624
  -- 10 : 8 = -0.0117742
  -- 10 : 9 = 0.0605407
  Inner Net 2
  -- 1 : 1 = 0.296143
  -- 1 : 2 = 0.196855
  -- 2 : 1 = -0.563997
  -- 2 : 2 = 0.0107022
  -- 3 : 1 = -0.00202373
  -- 3 : 2 = 0.0951639
  -- 4 : 1 = -0.0652739
  -- 4 : 2 = 0.0815916
  -- 5 : 1 = -0.253738
  -- 5 : 2 = 0.0337534
  -- 6 : 1 = -0.073108
  -- 6 : 2 = -0.522004
  -- 7 : 1 = -0.683778
  -- 7 : 2 = 0.121132
  -- 8 : 1 = -0.20381
  -- 8 : 2 = -0.165401
  -- 9 : 1 = 0.334516
  -- 9 : 2 = 0.0116346
Out\Act	False		True
False	0.00761542	0.834365	0.84198
True	0	0.15802	0.15802
	0.00761542	0.992385
	Accuracy [ (tp + tn) / testSize ]: 0.165635
	Precision [ tp / (tp + fp) ]:      0.159156
	Sensitivity [ tp / (tp + fn) ]:    0.996997
	Specificity [ tn / (tn + fp) ]:    0.00903955
	F-Score [ 2tp / (2tp + fp + fn) ]: 0.274607
Particle (30):: Fit: 5520.05	PB: 5520.05	LB: 5525.4	GB: 5527.86	Conf: 0.250229	Pts: 139980
Particle (1):: Fit: 5522.82	PB: 5522.82	LB: 5522.82	GB: 5527.86	Conf: 0.220093	Pts: 75614
Particle (0):: Fit: 5517.47	PB: 5517.47	LB: 5522.82	GB: 5527.86	Conf: 0.833857	Pts: 159887
Particle (20):: Fit: 5525.35	PB: 5525.35	LB: 5525.35	GB: 5527.86	Conf: 0.293286	Pts: 110199
Particle (6):: Fit: 5477.9	PB: 5477.9	LB: 5526.64	GB: 5527.86	Conf: 0.610573	Pts: 55576
Particle (34):: Fit: 5522.99	PB: 5522.99	LB: 5525.4	GB: 5527.86	Conf: 0.451116	Pts: 100006
Particle (0):: Fit: 5519.02	PB: 5519.02	LB: 5522.82	GB: 5527.86	Conf: 0.920977	Pts: 159983
Particle (12):: Fit: 5517.46	PB: 5517.46	LB: 5526.64	GB: 5527.86	Conf: 0.0235672	Pts: 55355
Particle (19):: Fit: 5525.16	PB: 5525.16	LB: 5525.35	GB: 5527.86	Conf: 0.510891	Pts: 54946
Particle (30):: Fit: 5524.96	PB: 5524.96	LB: 5525.4	GB: 5527.86	Conf: 0.253508	Pts: 164936
Particle (22):: Fit: 5522.72	PB: 5522.72	LB: 5525.35	GB: 5527.86	Conf: 0.746808	Pts: 55462
Particle (3):: Fit: 5524.84	PB: 5524.84	LB: 5524.84	GB: 5527.86	Conf: 0.684652	Pts: 219531
Particle (46):: Fit: 5525.81	PB: 5525.81	LB: 5527.86	GB: 5527.86	Conf: 0.214068	Pts: 65421
Particle (49):: Fit: 5524.31	PB: 5524.31	LB: 5525.81	GB: 5527.86	Conf: 0.413776	Pts: 54930
Particle (6):: Fit: 5516.01	PB: 5516.01	LB: 5526.64	GB: 5527.86	Conf: 0.620538	Pts: 55483
Global Best: 
  Inner Net 1
  -- 1 : 1 = 0.050181
  -- 1 : 2 = 0.313578
  -- 1 : 3 = 0.320405
  -- 1 : 4 = 0.15174
  -- 1 : 5 = -0.179504
  -- 1 : 6 = -0.0914031
  -- 1 : 7 = -0.0515552
  -- 1 : 8 = -0.171675
  -- 1 : 9 = 0.149849
  -- 2 : 1 = 0.0072335
  -- 2 : 2 = 0.0396641
  -- 2 : 3 = 0.137669
  -- 2 : 4 = -0.202493
  -- 2 : 5 = -0.0448678
  -- 2 : 6 = -0.115595
  -- 2 : 7 = -0.00949058
  -- 2 : 8 = 0.209695
  -- 2 : 9 = 0.296265
  -- 3 : 1 = 0.213072
  -- 3 : 2 = 0.219912
  -- 3 : 3 = -0.0327474
  -- 3 : 4 = 0.137653
  -- 3 : 5 = 0.444673
  -- 3 : 6 = -0.148415
  -- 3 : 7 = 0.182777
  -- 3 : 8 = 0.06196
  -- 3 : 9 = 0.183152
  -- 4 : 1 = 0.0965052
  -- 4 : 2 = 0.255903
  -- 4 : 3 = 0.0381237
  -- 4 : 4 = -0.169143
  -- 4 : 5 = -0.00237721
  -- 4 : 6 = 0.0828365
  -- 4 : 7 = 0.203422
  -- 4 : 8 = 0.00949318
  -- 4 : 9 = 0.00139172
  -- 5 : 1 = 0.0942934
  -- 5 : 2 = -0.212918
  -- 5 : 3 = 0.157127
  -- 5 : 4 = -0.00361112
  -- 5 : 5 = 0.257965
  -- 5 : 6 = 0.138795
  -- 5 : 7 = 0.1523
  -- 5 : 8 = 0.0786481
  -- 5 : 9 = -0.252953
  -- 6 : 1 = 0.0980352
  -- 6 : 2 = 0.386233
  -- 6 : 3 = 0.342603
  -- 6 : 4 = -0.226648
  -- 6 : 5 = -0.0395363
  -- 6 : 6 = -0.149932
  -- 6 : 7 = -0.0239464
  -- 6 : 8 = 0.59888
  -- 6 : 9 = 0.0134676
  -- 7 : 1 = -0.143016
  -- 7 : 2 = 0.362635
  -- 7 : 3 = -0.181648
  -- 7 : 4 = -0.275667
  -- 7 : 5 = -0.123415
  -- 7 : 6 = 0.260126
  -- 7 : 7 = 0.209302
  -- 7 : 8 = 0.153142
  -- 7 : 9 = -0.136347
  -- 8 : 1 = 0.181516
  -- 8 : 2 = -0.208136
  -- 8 : 3 = 0.427338
  -- 8 : 4 = 0.365099
  -- 8 : 5 = -0.123561
  -- 8 : 6 = 0.207919
  -- 8 : 7 = -0.0909013
  -- 8 : 8 = 0.463088
  -- 8 : 9 = -0.0812806
  -- 9 : 1 = -0.253122
  -- 9 : 2 = -0.0233423
  -- 9 : 3 = -0.20293
  -- 9 : 4 = -0.0800657
  -- 9 : 5 = -0.0891592
  -- 9 : 6 = 0.289877
  -- 9 : 7 = -0.070834
  -- 9 : 8 = -0.239815
  -- 9 : 9 = -0.235736
  -- 10 : 1 = -0.0173394
  -- 10 : 2 = 0.167766
  -- 10 : 3 = -0.0414492
  -- 10 : 4 = -0.0314957
  -- 10 : 5 = 0.118753
  -- 10 : 6 = -0.142697
  -- 10 : 7 = -0.255624
  -- 10 : 8 = -0.0117742
  -- 10 : 9 = 0.0605407
  Inner Net 2
  -- 1 : 1 = 0.296143
  -- 1 : 2 = 0.196855
  -- 2 : 1 = -0.563997
  -- 2 : 2 = 0.0107022
  -- 3 : 1 = -0.00202373
  -- 3 : 2 = 0.0951639
  -- 4 : 1 = -0.0652739
  -- 4 : 2 = 0.0815916
  -- 5 : 1 = -0.253738
  -- 5 : 2 = 0.0337534
  -- 6 : 1 = -0.073108
  -- 6 : 2 = -0.522004
  -- 7 : 1 = -0.683778
  -- 7 : 2 = 0.121132
  -- 8 : 1 = -0.20381
  -- 8 : 2 = -0.165401
  -- 9 : 1 = 0.334516
  -- 9 : 2 = 0.0116346
Out\Act	False		True
False	0.00761542	0.834365	0.84198
True	0	0.15802	0.15802
	0.00761542	0.992385
	Accuracy [ (tp + tn) / testSize ]: 0.165635
	Precision [ tp / (tp + fp) ]:      0.159156
	Sensitivity [ tp / (tp + fn) ]:    0.996997
	Specificity [ tn / (tn + fp) ]:    0.00903955
	F-Score [ 2tp / (2tp + fp + fn) ]: 0.274607
