
Date / Time: Fri Mar 31 01:37:06 2017

   ****************************************
   * PSO Neural Net (Gaussian Activation) *
   *       by William Boler, BSCE         *
   *     Research Assistant, IUPUI        *
   *                                      *
   *  Professor: Dr. Lauren Christopher   *
   *     Created: March 13, 2017          *
   ****************************************


Inputs: 10
Inner Nets: 1
 - 9
Tests per train(min): 100
Particles: 50
Neighbors: 10
Minimum Particle Iterations: 1000
Particle (0):: Fit: 161.547	PB: 161.547	LB: 161.547	GB: 161.547	Conf: 1.50992	Pts: 110099
Particle (1):: Fit: 80.8352	PB: 80.8352	LB: 161.547	GB: 161.547	Conf: 2	Pts: 55099
Particle (2):: Fit: 76.5123	PB: 76.5123	LB: 161.547	GB: 161.547	Conf: 1.54381	Pts: 55099
Particle (3):: Fit: 17.0349	PB: 17.0349	LB: 161.547	GB: 161.547	Conf: 1.95033	Pts: 55099
Particle (4):: Fit: 18.2792	PB: 18.2792	LB: 161.547	GB: 161.547	Conf: 2	Pts: 60099
Particle (5):: Fit: 79.8746	PB: 79.8746	LB: 80.8352	GB: 161.547	Conf: 2	Pts: 70099
Particle (6):: Fit: 78.9129	PB: 78.9129	LB: 79.8746	GB: 161.547	Conf: 1.96003	Pts: 55099
Particle (7):: Fit: 70.924	PB: 70.924	LB: 79.8746	GB: 161.547	Conf: 1.22475	Pts: 55099
Particle (8):: Fit: 84.2305	PB: 84.2305	LB: 84.2305	GB: 161.547	Conf: 0.67982	Pts: 90099
Particle (9):: Fit: 18.0366	PB: 18.0366	LB: 84.2305	GB: 161.547	Conf: 2	Pts: 55099
Particle (10):: Fit: 5.44143	PB: 5.44143	LB: 84.2305	GB: 161.547	Conf: 0.56967	Pts: 55099
Particle (11):: Fit: 5.29621	PB: 5.29621	LB: 84.2305	GB: 161.547	Conf: 0.379097	Pts: 55099
Particle (12):: Fit: 17.7937	PB: 17.7937	LB: 84.2305	GB: 161.547	Conf: 2	Pts: 65099
Particle (13):: Fit: 19.2464	PB: 19.2464	LB: 19.2464	GB: 161.547	Conf: 2	Pts: 75099
Particle (14):: Fit: 19.2464	PB: 19.2464	LB: 19.2464	GB: 161.547	Conf: 2	Pts: 55099
Particle (15):: Fit: 82.9734	PB: 82.9734	LB: 82.9734	GB: 161.547	Conf: 1.81553	Pts: 85099
Particle (16):: Fit: 18.7635	PB: 18.7635	LB: 82.9734	GB: 161.547	Conf: 2	Pts: 55099
Particle (17):: Fit: 17.0352	PB: 17.0352	LB: 82.9734	GB: 161.547	Conf: 1.60754	Pts: 55099
Particle (18):: Fit: 17.3159	PB: 17.3159	LB: 82.9734	GB: 161.547	Conf: 1.96141	Pts: 60099
Particle (19):: Fit: 76.7564	PB: 76.7564	LB: 82.9734	GB: 161.547	Conf: 1.3264	Pts: 70099
Particle (20):: Fit: 18.7635	PB: 18.7635	LB: 76.7564	GB: 161.547	Conf: 2	Pts: 55099
Particle (21):: Fit: 18.5268	PB: 18.5268	LB: 76.7564	GB: 161.547	Conf: 1.96445	Pts: 55099
Particle (22):: Fit: 27.3371	PB: 27.3371	LB: 76.7564	GB: 161.547	Conf: 0.0870337	Pts: 65099
Particle (23):: Fit: 17.7937	PB: 17.7937	LB: 76.7564	GB: 161.547	Conf: 2	Pts: 55099
Particle (24):: Fit: 78.9844	PB: 78.9844	LB: 78.9844	GB: 161.547	Conf: 1.57651	Pts: 95099
Particle (25):: Fit: 24.8112	PB: 24.8112	LB: 78.9844	GB: 161.547	Conf: 0.487744	Pts: 55099
Particle (26):: Fit: 5.18596	PB: 5.18596	LB: 78.9844	GB: 161.547	Conf: 0.234895	Pts: 55099
Particle (27):: Fit: 78.9128	PB: 78.9128	LB: 78.9844	GB: 161.547	Conf: 2	Pts: 65099
Particle (28):: Fit: 79.8746	PB: 79.8746	LB: 79.8746	GB: 161.547	Conf: 2	Pts: 100099
Particle (29):: Fit: 18.4949	PB: 18.4949	LB: 79.8746	GB: 161.547	Conf: 1.72476	Pts: 55099
Particle (30):: Fit: 19.0051	PB: 19.0051	LB: 79.8746	GB: 161.547	Conf: 2	Pts: 60099
Particle (31):: Fit: 18.7836	PB: 18.7836	LB: 79.8746	GB: 161.547	Conf: 1.86981	Pts: 55099
Particle (32):: Fit: 86.5766	PB: 86.5766	LB: 86.5766	GB: 161.547	Conf: 2	Pts: 100099
Particle (33):: Fit: 19.0791	PB: 19.0791	LB: 86.5766	GB: 161.547	Conf: 0.781821	Pts: 55099
Particle (34):: Fit: 79.2542	PB: 79.2542	LB: 86.5766	GB: 161.547	Conf: 0.71647	Pts: 60099
Particle (35):: Fit: 79.8746	PB: 79.8746	LB: 86.5766	GB: 161.547	Conf: 2	Pts: 65099
Particle (36):: Fit: 86.1722	PB: 86.1722	LB: 86.5766	GB: 161.547	Conf: 0.770035	Pts: 70099
Particle (37):: Fit: 18.7645	PB: 18.7645	LB: 86.1722	GB: 161.547	Conf: 1.98193	Pts: 55099
Particle (38):: Fit: 81.9008	PB: 81.9008	LB: 86.1722	GB: 161.547	Conf: 1.54007	Pts: 60099
Particle (39):: Fit: 83.7252	PB: 83.7252	LB: 86.1722	GB: 161.547	Conf: 1.98432	Pts: 65099
Particle (40):: Fit: 83.7268	PB: 83.7268	LB: 86.1722	GB: 161.547	Conf: 1.98534	Pts: 70099
Particle (41):: Fit: 175.787	PB: 175.787	LB: 175.787	GB: 175.787	Conf: 1.98305	Pts: 110099
Particle (42):: Fit: 78.9128	PB: 78.9128	LB: 175.787	GB: 175.787	Conf: 2	Pts: 50099
Particle (43):: Fit: 18.5215	PB: 18.5215	LB: 175.787	GB: 175.787	Conf: 2	Pts: 50099
Particle (44):: Fit: 29.3461	PB: 29.3461	LB: 175.787	GB: 175.787	Conf: 0.543097	Pts: 50099
Particle (45):: Fit: 39.158	PB: 39.158	LB: 175.787	GB: 175.787	Conf: 0.439805	Pts: 50099
Particle (46):: Fit: 14.7343	PB: 14.7343	LB: 161.547	GB: 175.787	Conf: 1.97687	Pts: 50099
Particle (47):: Fit: 91.3544	PB: 91.3544	LB: 161.547	GB: 175.787	Conf: 1.9485	Pts: 50099
Particle (48):: Fit: 82.7532	PB: 82.7532	LB: 161.547	GB: 175.787	Conf: 2	Pts: 50099
Particle (49):: Fit: 173.886	PB: 173.886	LB: 173.886	GB: 175.787	Conf: 1.98837	Pts: 90099
Global: 175.787 - Correct: 45% of 100 tests
Global Best: 
  Inner Net 1
  -- 1 : 1 = 0.4427
  -- 1 : 2 = 0.0768
  -- 1 : 3 = 0.181
  -- 1 : 4 = 0.8427
  -- 1 : 5 = 0.4403
  -- 1 : 6 = 0.3605
  -- 1 : 7 = 0.8242
  -- 1 : 8 = 0.6482
  -- 1 : 9 = 0.0588
  -- 2 : 1 = 0.0189
  -- 2 : 2 = 0.0204
  -- 2 : 3 = 0.1899
  -- 2 : 4 = 0.5996
  -- 2 : 5 = 0.702
  -- 2 : 6 = 0.9048
  -- 2 : 7 = 0.1695
  -- 2 : 8 = 0.8458
  -- 2 : 9 = 0.9895
  -- 3 : 1 = 0.6501
  -- 3 : 2 = 0.2481
  -- 3 : 3 = 0.2985
  -- 3 : 4 = 0.0091
  -- 3 : 5 = 0.1915
  -- 3 : 6 = 0.7049
  -- 3 : 7 = 0.2276
  -- 3 : 8 = 0.6512
  -- 3 : 9 = 0.8673
  -- 4 : 1 = 0.2241
  -- 4 : 2 = 0.5498
  -- 4 : 3 = 0.7887
  -- 4 : 4 = 0.6336
  -- 4 : 5 = 0.0399
  -- 4 : 6 = 0.8669
  -- 4 : 7 = 0.1282
  -- 4 : 8 = 0.7944
  -- 4 : 9 = 0.4373
  -- 5 : 1 = 0.5237
  -- 5 : 2 = 0.2092
  -- 5 : 3 = 0.1377
  -- 5 : 4 = 0.0693
  -- 5 : 5 = 0.8074
  -- 5 : 6 = 0.1945
  -- 5 : 7 = 0.9285
  -- 5 : 8 = 0.0905
  -- 5 : 9 = 0.8946
  -- 6 : 1 = 0.5046
  -- 6 : 2 = 0.0141
  -- 6 : 3 = 0.6546
  -- 6 : 4 = 0.6424
  -- 6 : 5 = 0.618
  -- 6 : 6 = 0.4489
  -- 6 : 7 = 0.7055
  -- 6 : 8 = 0.1518
  -- 6 : 9 = 0.2585
  -- 7 : 1 = 0.1267
  -- 7 : 2 = 0.2977
  -- 7 : 3 = 0.8596
  -- 7 : 4 = 0.276
  -- 7 : 5 = 0.5318
  -- 7 : 6 = 0.8829
  -- 7 : 7 = 0.4889
  -- 7 : 8 = 0.0738
  -- 7 : 9 = 0.2219
  -- 8 : 1 = 0.0945
  -- 8 : 2 = 0.3825
  -- 8 : 3 = 0.3181
  -- 8 : 4 = 0.0308
  -- 8 : 5 = 0.6634
  -- 8 : 6 = 0.8263
  -- 8 : 7 = 0.6756
  -- 8 : 8 = 0.2813
  -- 8 : 9 = 0.2901
  -- 9 : 1 = 0.1813
  -- 9 : 2 = 0.1007
  -- 9 : 3 = 0.6112
  -- 9 : 4 = 0.1076
  -- 9 : 5 = 0.3507
  -- 9 : 6 = 0.4004
  -- 9 : 7 = 0.2856
  -- 9 : 8 = 0.1588
  -- 9 : 9 = 0.8028
  -- 10 : 1 = 0.339
  -- 10 : 2 = 0.6952
  -- 10 : 3 = 0.6461
  -- 10 : 4 = 0.9095
  -- 10 : 5 = 0.6717
  -- 10 : 6 = 0.494
  -- 10 : 7 = 0.2089
  -- 10 : 8 = 0.9076
  -- 10 : 9 = 0.1374
  Inner Net 2
  -- 1 : 1 = 0.3624
  -- 1 : 2 = 0.2545
  -- 2 : 1 = -0.2371
  -- 2 : 2 = 0.2549
  -- 3 : 1 = -0.196
  -- 3 : 2 = -0.258031
  -- 4 : 1 = 0.2887
  -- 4 : 2 = -0.0821984
  -- 5 : 1 = 0.4984
  -- 5 : 2 = 0.3465
  -- 6 : 1 = -0.0327
  -- 6 : 2 = -0.2786
  -- 7 : 1 = -0.0875
  -- 7 : 2 = 0.3264
  -- 8 : 1 = -0.0081214
  -- 8 : 2 = -0.0201974
  -- 9 : 1 = -0.00813502
  -- 9 : 2 = 0.173981
Out\Act	False		True
False	0.841504	0.000475964	0.84198
True	0.157068	0.000951928	0.15802
	0.998572	0.00142789
	Accuracy [ (tp + tn) / testSize ]: 0.842456
	Precision [ tp / (tp + fp) ]:      0.5
	Sensitivity [ tp / (tp + fn) ]:    0.00600601
	Specificity [ tn / (tn + fp) ]:    0.99887
	F-Score [ 2tp / (2tp + fp + fn) ]: 0.0119048
Particle (3):: Fit: 17.0493	PB: 17.0493	LB: 173.886	GB: 175.787	Conf: 1.86681	Pts: 55198
Particle (4):: Fit: 38.9749	PB: 38.9749	LB: 161.547	GB: 175.787	Conf: 2	Pts: 60198
Particle (9):: Fit: 82.7532	PB: 82.7532	LB: 84.2305	GB: 175.787	Conf: 2	Pts: 55198
Particle (10):: Fit: 18.1104	PB: 18.1104	LB: 84.2305	GB: 175.787	Conf: 0.746326	Pts: 55198
Particle (11):: Fit: 5.52031	PB: 5.52031	LB: 84.2305	GB: 175.787	Conf: 0.314681	Pts: 55198
Particle (12):: Fit: 84.667	PB: 84.667	LB: 84.667	GB: 175.787	Conf: 2	Pts: 115198
Particle (13):: Fit: 83.7106	PB: 83.7106	LB: 84.667	GB: 175.787	Conf: 2	Pts: 80198
Particle (16):: Fit: 83.7106	PB: 83.7106	LB: 84.667	GB: 175.787	Conf: 2	Pts: 70198
Particle (17):: Fit: 34.4176	PB: 34.4176	LB: 83.7106	GB: 175.787	Conf: 1.73614	Pts: 55198
Particle (18):: Fit: 78.9352	PB: 78.9352	LB: 83.7106	GB: 175.787	Conf: 1.96493	Pts: 60198
Particle (20):: Fit: 19.0051	PB: 19.0051	LB: 83.7106	GB: 175.787	Conf: 2	Pts: 55198
Particle (22):: Fit: 39.128	PB: 39.128	LB: 78.9844	GB: 175.787	Conf: 0.269741	Pts: 65198
Particle (23):: Fit: 82.7532	PB: 82.7532	LB: 82.7532	GB: 175.787	Conf: 2	Pts: 85198
Particle (29):: Fit: 167.383	PB: 167.383	LB: 167.383	GB: 175.787	Conf: 1.768	Pts: 105198
Particle (30):: Fit: 81.7948	PB: 81.7948	LB: 167.383	GB: 175.787	Conf: 2	Pts: 60198
Particle (35):: Fit: 89.4338	PB: 89.4338	LB: 89.4338	GB: 175.787	Conf: 2	Pts: 75198
Particle (37):: Fit: 175.8	PB: 175.8	LB: 175.8	GB: 175.8	Conf: 1.98624	Pts: 115198
Particle (43):: Fit: 19.0051	PB: 19.0051	LB: 175.787	GB: 175.8	Conf: 2	Pts: 50198
Particle (44):: Fit: 81.2658	PB: 81.2658	LB: 175.787	GB: 175.8	Conf: 0.435615	Pts: 50198
Particle (46):: Fit: 81.7948	PB: 81.7948	LB: 173.886	GB: 175.8	Conf: 2	Pts: 50198
Particle (48):: Fit: 86.5766	PB: 86.5766	LB: 173.886	GB: 175.8	Conf: 2	Pts: 50198
Global: 175.8 - Correct: 45% of 100 tests
Global Best: 
  Inner Net 1
  -- 1 : 1 = 0.0012
  -- 1 : 2 = 0.0871
  -- 1 : 3 = 0.4326
  -- 1 : 4 = 0.3931
  -- 1 : 5 = 0.6948
  -- 1 : 6 = 0.1404
  -- 1 : 7 = 0.5175
  -- 1 : 8 = 0.0305
  -- 1 : 9 = 0.6709
  -- 2 : 1 = 0.6834
  -- 2 : 2 = 0.1742
  -- 2 : 3 = 0.2584
  -- 2 : 4 = 0.168
  -- 2 : 5 = 0.0323
  -- 2 : 6 = 0.1831
  -- 2 : 7 = 0.1848
  -- 2 : 8 = 0.2138
  -- 2 : 9 = 0.579
  -- 3 : 1 = 0.2869
  -- 3 : 2 = 0.8041
  -- 3 : 3 = 0.413
  -- 3 : 4 = 0.6634
  -- 3 : 5 = 0.5367
  -- 3 : 6 = 0.3905
  -- 3 : 7 = 0.3442
  -- 3 : 8 = 0.26
  -- 3 : 9 = 0.0248
  -- 4 : 1 = 0.5788
  -- 4 : 2 = 0.3443
  -- 4 : 3 = 0.9945
  -- 4 : 4 = 0.8167
  -- 4 : 5 = 0.0017
  -- 4 : 6 = 0.1142
  -- 4 : 7 = 0.6704
  -- 4 : 8 = 0.7623
  -- 4 : 9 = 0.9026
  -- 5 : 1 = 0.1184
  -- 5 : 2 = 0.0536
  -- 5 : 3 = 0.7847
  -- 5 : 4 = 0.3812
  -- 5 : 5 = 0.1525
  -- 5 : 6 = 0.1577
  -- 5 : 7 = 0.818
  -- 5 : 8 = 0.8416
  -- 5 : 9 = 0.4697
  -- 6 : 1 = 0.9287
  -- 6 : 2 = 0.5005
  -- 6 : 3 = 0.5768
  -- 6 : 4 = 0.1426
  -- 6 : 5 = 0.806
  -- 6 : 6 = 0.6263
  -- 6 : 7 = 0.6318
  -- 6 : 8 = 0.733
  -- 6 : 9 = 0.2712
  -- 7 : 1 = 0.9522
  -- 7 : 2 = 0.0914
  -- 7 : 3 = 0.6661
  -- 7 : 4 = 0.5398
  -- 7 : 5 = 0.3804
  -- 7 : 6 = 0.2587
  -- 7 : 7 = 0.6598
  -- 7 : 8 = 0.5536
  -- 7 : 9 = 0.3733
  -- 8 : 1 = 0.9945
  -- 8 : 2 = 0.3302
  -- 8 : 3 = 0.4901
  -- 8 : 4 = 0.1923
  -- 8 : 5 = 0.7448
  -- 8 : 6 = 0.2591
  -- 8 : 7 = 0.8842
  -- 8 : 8 = 0.4151
  -- 8 : 9 = 0.0646
  -- 9 : 1 = 0.4309
  -- 9 : 2 = 0.3647
  -- 9 : 3 = 0.3855
  -- 9 : 4 = 0.3336
  -- 9 : 5 = 0.6031
  -- 9 : 6 = 0.0388
  -- 9 : 7 = 0.8365
  -- 9 : 8 = 0.5514
  -- 9 : 9 = 0.0693
  -- 10 : 1 = 0.2491
  -- 10 : 2 = 0.0904
  -- 10 : 3 = 0.3207
  -- 10 : 4 = 0.4874
  -- 10 : 5 = 0.3087
  -- 10 : 6 = 0.6657
  -- 10 : 7 = 0.3688
  -- 10 : 8 = 0.7404
  -- 10 : 9 = 0.903
  Inner Net 2
  -- 1 : 1 = -0.0413423
  -- 1 : 2 = -0.2832
  -- 2 : 1 = -0.3911
  -- 2 : 2 = 0.00263228
  -- 3 : 1 = -0.343144
  -- 3 : 2 = -0.0853114
  -- 4 : 1 = -0.0269439
  -- 4 : 2 = -0.3425
  -- 5 : 1 = 0.345333
  -- 5 : 2 = -0.2092
  -- 6 : 1 = -0.480846
  -- 6 : 2 = -0.180723
  -- 7 : 1 = -0.653252
  -- 7 : 2 = 0.0372894
  -- 8 : 1 = -0.262876
  -- 8 : 2 = -0.329141
  -- 9 : 1 = -0.284452
  -- 9 : 2 = -0.283654
Out\Act	False		True
False	0.84198	0	0.84198
True	0.15802	0	0.15802
	1	0
	Accuracy [ (tp + tn) / testSize ]: 0.84198
	Precision [ tp / (tp + fp) ]:      0
	Sensitivity [ tp / (tp + fn) ]:    0
	Specificity [ tn / (tn + fp) ]:    0.999435
	F-Score [ 2tp / (2tp + fp + fn) ]: 0
Particle (2):: Fit: 79.0578	PB: 79.0578	LB: 173.886	GB: 175.8	Conf: 1.15642	Pts: 55197
Particle (3):: Fit: 88.746	PB: 88.746	LB: 173.886	GB: 175.8	Conf: 1.86588	Pts: 70297
Particle (4):: Fit: 85.6223	PB: 85.6223	LB: 161.547	GB: 175.8	Conf: 2	Pts: 65297
Particle (8):: Fit: 168.578	PB: 168.578	LB: 168.578	GB: 175.8	Conf: 0.2298	Pts: 135197
Particle (11):: Fit: 5.71445	PB: 5.71445	LB: 168.578	GB: 175.8	Conf: 0.930917	Pts: 55297
Particle (14):: Fit: 38.9749	PB: 38.9749	LB: 84.667	GB: 175.8	Conf: 2	Pts: 55197
Particle (20):: Fit: 78.9128	PB: 78.9128	LB: 83.7106	GB: 175.8	Conf: 2	Pts: 55297
Particle (21):: Fit: 176.316	PB: 176.316	LB: 176.316	GB: 176.316	Conf: 1.88327	Pts: 115197
Particle (26):: Fit: 39.1557	PB: 39.1557	LB: 167.383	GB: 176.316	Conf: 0.511623	Pts: 55196
Particle (28):: Fit: 87.53	PB: 87.53	LB: 167.383	GB: 176.316	Conf: 2	Pts: 100197
Particle (29):: Fit: 182.595	PB: 182.595	LB: 182.595	GB: 182.595	Conf: 1.67501	Pts: 165297
Particle (38):: Fit: 169.704	PB: 169.704	LB: 175.8	GB: 182.595	Conf: 1.36045	Pts: 60197
Particle (45):: Fit: 84.2232	PB: 84.2232	LB: 175.787	GB: 182.595	Conf: 0.455407	Pts: 50197
Global: 182.595 - Correct: 47% of 100 tests
Global Best: 
  Inner Net 1
  -- 1 : 1 = 0.3764
  -- 1 : 2 = 0.0527
  -- 1 : 3 = 0.1324
  -- 1 : 4 = 0.2764
  -- 1 : 5 = 0.2066
  -- 1 : 6 = 0.1098
  -- 1 : 7 = 0.7842
  -- 1 : 8 = 0.0202
  -- 1 : 9 = 0.9842
  -- 2 : 1 = 0.2587
  -- 2 : 2 = 0.7952
  -- 2 : 3 = 0.5955
  -- 2 : 4 = 0.9199
  -- 2 : 5 = 0.7309
  -- 2 : 6 = 0.6589
  -- 2 : 7 = 0.9954
  -- 2 : 8 = 0.5289
  -- 2 : 9 = 0.8419
  -- 3 : 1 = 0.4677
  -- 3 : 2 = 0.1885
  -- 3 : 3 = 0.0359
  -- 3 : 4 = 0.7332
  -- 3 : 5 = 0.3713
  -- 3 : 6 = 0.1776
  -- 3 : 7 = 0.0398
  -- 3 : 8 = 0.5347
  -- 3 : 9 = 0.2406
  -- 4 : 1 = 0.1784
  -- 4 : 2 = 0.6162
  -- 4 : 3 = 0.2116
  -- 4 : 4 = 0.2876
  -- 4 : 5 = 0.3453
  -- 4 : 6 = 0.9357
  -- 4 : 7 = 0.8203
  -- 4 : 8 = 0.509
  -- 4 : 9 = 0.2915
  -- 5 : 1 = 0.7278
  -- 5 : 2 = 0.8247
  -- 5 : 3 = 0.5777
  -- 5 : 4 = 0.445
  -- 5 : 5 = 0.9011
  -- 5 : 6 = 0.5168
  -- 5 : 7 = 0.1582
  -- 5 : 8 = 0.5957
  -- 5 : 9 = 0.9706
  -- 6 : 1 = 0.2109
  -- 6 : 2 = 0.9043
  -- 6 : 3 = 0.0145
  -- 6 : 4 = 0.1732
  -- 6 : 5 = 0.5785
  -- 6 : 6 = 0.48
  -- 6 : 7 = 0.0535
  -- 6 : 8 = 0.5227
  -- 6 : 9 = 0.791
  -- 7 : 1 = 0.3086
  -- 7 : 2 = 0.0987
  -- 7 : 3 = 0.407
  -- 7 : 4 = 0.0082
  -- 7 : 5 = 0.5173
  -- 7 : 6 = 0.6325
  -- 7 : 7 = 0.6571
  -- 7 : 8 = 0.1114
  -- 7 : 9 = 0.2719
  -- 8 : 1 = 0.7688
  -- 8 : 2 = 0.9508
  -- 8 : 3 = 0.862
  -- 8 : 4 = 0.5228
  -- 8 : 5 = 0.1249
  -- 8 : 6 = 0.7749
  -- 8 : 7 = 0.4657
  -- 8 : 8 = 0.9735
  -- 8 : 9 = 0.4114
  -- 9 : 1 = 0.9148
  -- 9 : 2 = 0.9803
  -- 9 : 3 = 0.676
  -- 9 : 4 = 0.3536
  -- 9 : 5 = 0.2954
  -- 9 : 6 = 0.6731
  -- 9 : 7 = 0.2348
  -- 9 : 8 = 0.6826
  -- 9 : 9 = 0.1585
  -- 10 : 1 = 0.7047
  -- 10 : 2 = 0.3618
  -- 10 : 3 = 0.6411
  -- 10 : 4 = 0.7855
  -- 10 : 5 = 0.3498
  -- 10 : 6 = 0.8104
  -- 10 : 7 = 0.4466
  -- 10 : 8 = 0.625
  -- 10 : 9 = 0.5356
  Inner Net 2
  -- 1 : 1 = -0.105777
  -- 1 : 2 = -0.124598
  -- 2 : 1 = -0.721813
  -- 2 : 2 = -0.230472
  -- 3 : 1 = -0.850461
  -- 3 : 2 = -0.352179
  -- 4 : 1 = -0.418685
  -- 4 : 2 = -0.255027
  -- 5 : 1 = 0.303703
  -- 5 : 2 = 0.0854833
  -- 6 : 1 = -0.243311
  -- 6 : 2 = -0.134759
  -- 7 : 1 = -0.550215
  -- 7 : 2 = 0.105107
  -- 8 : 1 = -0.858793
  -- 8 : 2 = -0.217904
  -- 9 : 1 = -0.597286
  -- 9 : 2 = -0.194778
Out\Act	False		True
False	0.84198	0	0.84198
True	0.15802	0	0.15802
	1	0
	Accuracy [ (tp + tn) / testSize ]: 0.84198
	Precision [ tp / (tp + fp) ]:      0
	Sensitivity [ tp / (tp + fn) ]:    0
	Specificity [ tn / (tn + fp) ]:    0.999435
	F-Score [ 2tp / (2tp + fp + fn) ]: 0
Particle (0):: Fit: 161.925	PB: 161.925	LB: 173.886	GB: 182.595	Conf: 1.46373	Pts: 110196
Particle (2):: Fit: 86.8278	PB: 86.8278	LB: 173.886	GB: 182.595	Conf: 1.44293	Pts: 55296
Particle (5):: Fit: 85.6223	PB: 85.6223	LB: 168.578	GB: 182.595	Conf: 2	Pts: 70196
Particle (7):: Fit: 73.0125	PB: 73.0125	LB: 168.578	GB: 182.595	Conf: 1.15513	Pts: 55196
Particle (10):: Fit: 18.7775	PB: 18.7775	LB: 168.578	GB: 182.595	Conf: 0.987659	Pts: 55296
Particle (14):: Fit: 82.7532	PB: 82.7532	LB: 84.667	GB: 182.595	Conf: 2	Pts: 55296
Particle (15):: Fit: 166.131	PB: 166.131	LB: 166.131	GB: 182.595	Conf: 1.82309	Pts: 100196
Particle (27):: Fit: 82.7532	PB: 82.7532	LB: 182.595	GB: 182.595	Conf: 2	Pts: 65196
Particle (33):: Fit: 84.1189	PB: 84.1189	LB: 182.595	GB: 182.595	Conf: 0.393193	Pts: 55195
Particle (0):: Fit: 173.925	PB: 173.925	LB: 173.925	GB: 182.595	Conf: 1.629	Pts: 155295
Particle (1):: Fit: 81.7948	PB: 81.7948	LB: 173.925	GB: 182.595	Conf: 2	Pts: 55195
Particle (6):: Fit: 85.7622	PB: 85.7622	LB: 168.578	GB: 182.595	Conf: 1.89028	Pts: 55195
Particle (9):: Fit: 83.7106	PB: 83.7106	LB: 168.578	GB: 182.595	Conf: 2	Pts: 55295
Particle (13):: Fit: 87.53	PB: 87.53	LB: 166.131	GB: 182.595	Conf: 2	Pts: 80295
Particle (43):: Fit: 79.8746	PB: 79.8746	LB: 175.787	GB: 182.595	Conf: 2	Pts: 50295
Particle (1):: Fit: 84.667	PB: 84.667	LB: 173.925	GB: 182.595	Conf: 2	Pts: 55294
Particle (7):: Fit: 84.7561	PB: 84.7561	LB: 168.578	GB: 182.595	Conf: 0.961615	Pts: 55294
Particle (9):: Fit: 85.6223	PB: 85.6223	LB: 168.578	GB: 182.595	Conf: 2	Pts: 55394
Particle (10):: Fit: 84.2287	PB: 84.2287	LB: 168.578	GB: 182.595	Conf: 0.530113	Pts: 55394
Particle (11):: Fit: 82.2502	PB: 82.2502	LB: 168.578	GB: 182.595	Conf: 0.444115	Pts: 55393
Particle (24):: Fit: 158.284	PB: 158.284	LB: 182.595	GB: 182.595	Conf: 1.49628	Pts: 95194
Particle (31):: Fit: 75.296	PB: 75.296	LB: 182.595	GB: 182.595	Conf: 1.83135	Pts: 55194
Particle (32):: Fit: 90.3844	PB: 90.3844	LB: 182.595	GB: 182.595	Conf: 2	Pts: 100194
Particle (34):: Fit: 80.2886	PB: 80.2886	LB: 175.8	GB: 182.595	Conf: 0.472496	Pts: 60194
Particle (43):: Fit: 80.8352	PB: 80.8352	LB: 175.787	GB: 182.595	Conf: 2	Pts: 50394
Particle (44):: Fit: 84.0645	PB: 84.0645	LB: 175.787	GB: 182.595	Conf: 0.218038	Pts: 50294
Particle (45):: Fit: 85.8427	PB: 85.8427	LB: 175.787	GB: 182.595	Conf: 0.107565	Pts: 50294
Particle (19):: Fit: 172.66	PB: 172.66	LB: 176.316	GB: 182.595	Conf: 1.28898	Pts: 80193
Particle (25):: Fit: 81.2763	PB: 81.2763	LB: 182.595	GB: 182.595	Conf: 0.534532	Pts: 55193
Particle (27):: Fit: 83.7106	PB: 83.7106	LB: 182.595	GB: 182.595	Conf: 2	Pts: 65293
Particle (38):: Fit: 184.891	PB: 184.891	LB: 184.891	GB: 184.891	Conf: 1.38946	Pts: 120293
Particle (42):: Fit: 81.7948	PB: 81.7948	LB: 184.891	GB: 184.891	Conf: 2	Pts: 50193
Global: 184.891 - Correct: 48% of 100 tests
Global Best: 
  Inner Net 1
  -- 1 : 1 = 0.3787
  -- 1 : 2 = 0.3039
  -- 1 : 3 = 0.2927
  -- 1 : 4 = 0.0694
  -- 1 : 5 = 0.6538
  -- 1 : 6 = 0.1314
  -- 1 : 7 = 0.2752
  -- 1 : 8 = 0.7322
  -- 1 : 9 = 0.7409
  -- 2 : 1 = 0.508
  -- 2 : 2 = 0.9612
  -- 2 : 3 = 0.913
  -- 2 : 4 = 0.6992
  -- 2 : 5 = 0.496
  -- 2 : 6 = 0.0375
  -- 2 : 7 = 0.8465
  -- 2 : 8 = 0.0535
  -- 2 : 9 = 0.5801
  -- 3 : 1 = 0.7251
  -- 3 : 2 = 0.3746
  -- 3 : 3 = 0.7562
  -- 3 : 4 = 0.0613
  -- 3 : 5 = 0.7309
  -- 3 : 6 = 0.3392
  -- 3 : 7 = 0.4647
  -- 3 : 8 = 0.3805
  -- 3 : 9 = 0.0871
  -- 4 : 1 = 0.4027
  -- 4 : 2 = 0.8887
  -- 4 : 3 = 0.7845
  -- 4 : 4 = 0.0997
  -- 4 : 5 = 0.9148
  -- 4 : 6 = 0.7092
  -- 4 : 7 = 0.805
  -- 4 : 8 = 0.1691
  -- 4 : 9 = 0.8804
  -- 5 : 1 = 0.4666
  -- 5 : 2 = 0.5609
  -- 5 : 3 = 0.2294
  -- 5 : 4 = 0.3248
  -- 5 : 5 = 0.384
  -- 5 : 6 = 0.1865
  -- 5 : 7 = 0.5979
  -- 5 : 8 = 0.8191
  -- 5 : 9 = 0.4153
  -- 6 : 1 = 0.7964
  -- 6 : 2 = 0.4446
  -- 6 : 3 = 0.1382
  -- 6 : 4 = 0.6806
  -- 6 : 5 = 0.4858
  -- 6 : 6 = 0.5668
  -- 6 : 7 = 0.2612
  -- 6 : 8 = 0.3838
  -- 6 : 9 = 0.6447
  -- 7 : 1 = 0.7674
  -- 7 : 2 = 0.5618
  -- 7 : 3 = 0.8641
  -- 7 : 4 = 0.7886
  -- 7 : 5 = 0.5399
  -- 7 : 6 = 0.3549
  -- 7 : 7 = 0.2601
  -- 7 : 8 = 0.2294
  -- 7 : 9 = 0.4655
  -- 8 : 1 = 0.092
  -- 8 : 2 = 0.3331
  -- 8 : 3 = 0.5924
  -- 8 : 4 = 0.5802
  -- 8 : 5 = 0.9691
  -- 8 : 6 = 0.8188
  -- 8 : 7 = 0.1465
  -- 8 : 8 = 0.3924
  -- 8 : 9 = 0.7072
  -- 9 : 1 = 0.4095
  -- 9 : 2 = 0.9085
  -- 9 : 3 = 0.4262
  -- 9 : 4 = 0.8016
  -- 9 : 5 = 0.2254
  -- 9 : 6 = 0.8899
  -- 9 : 7 = 0.1846
  -- 9 : 8 = 0.0633
  -- 9 : 9 = 0.8335
  -- 10 : 1 = 0.8591
  -- 10 : 2 = 0.0858
  -- 10 : 3 = 0.4291
  -- 10 : 4 = 0.9497
  -- 10 : 5 = 0.5126
  -- 10 : 6 = 0.1442
  -- 10 : 7 = 0.2275
  -- 10 : 8 = 0.5422
  -- 10 : 9 = 0.0453
  Inner Net 2
  -- 1 : 1 = -0.375665
  -- 1 : 2 = -0.154049
  -- 2 : 1 = -0.363073
  -- 2 : 2 = -0.0313358
  -- 3 : 1 = -0.112925
  -- 3 : 2 = -0.097204
  -- 4 : 1 = -0.110937
  -- 4 : 2 = 0.0943098
  -- 5 : 1 = 0.508586
  -- 5 : 2 = 0.211236
  -- 6 : 1 = -0.657535
  -- 6 : 2 = 0.197882
  -- 7 : 1 = -0.567172
  -- 7 : 2 = 0.507604
  -- 8 : 1 = -0.501832
  -- 8 : 2 = 0.631682
  -- 9 : 1 = -0.240304
  -- 9 : 2 = -0.0919035
Out\Act	False		True
False	0.84198	0	0.84198
True	0.15802	0	0.15802
	1	0
	Accuracy [ (tp + tn) / testSize ]: 0.84198
	Precision [ tp / (tp + fp) ]:      0
	Sensitivity [ tp / (tp + fn) ]:    0
	Specificity [ tn / (tn + fp) ]:    0.999435
	F-Score [ 2tp / (2tp + fp + fn) ]: 0
Particle (14):: Fit: 83.7106	PB: 83.7106	LB: 172.66	GB: 184.891	Conf: 2	Pts: 55392
Particle (20):: Fit: 79.8746	PB: 79.8746	LB: 176.316	GB: 184.891	Conf: 2	Pts: 55392
Particle (22):: Fit: 79.2706	PB: 79.2706	LB: 176.316	GB: 184.891	Conf: 0.682303	Pts: 65290
Particle (31):: Fit: 77.2793	PB: 77.2793	LB: 182.595	GB: 184.891	Conf: 1.8678	Pts: 55292
Particle (34):: Fit: 83.2301	PB: 83.2301	LB: 184.891	GB: 184.891	Conf: 0.436629	Pts: 60292
Particle (41):: Fit: 175.863	PB: 175.863	LB: 184.891	GB: 184.891	Conf: 1.94938	Pts: 125192
Particle (43):: Fit: 82.7532	PB: 82.7532	LB: 175.863	GB: 184.891	Conf: 2	Pts: 50492
Particle (15):: Fit: 175.267	PB: 175.267	LB: 175.267	GB: 184.891	Conf: 1.67244	Pts: 130291
Particle (16):: Fit: 84.667	PB: 84.667	LB: 176.316	GB: 184.891	Conf: 2	Pts: 70291
Particle (18):: Fit: 81.2526	PB: 81.2526	LB: 176.316	GB: 184.891	Conf: 1.9282	Pts: 60291
Particle (30):: Fit: 89.4192	PB: 89.4192	LB: 182.595	GB: 184.891	Conf: 1.9869	Pts: 60291
Particle (5):: Fit: 86.5766	PB: 86.5766	LB: 168.578	GB: 184.891	Conf: 2	Pts: 70290
Particle (17):: Fit: 39.0574	PB: 39.0574	LB: 176.316	GB: 184.891	Conf: 1.76421	Pts: 55290
Particle (18):: Fit: 84.6764	PB: 84.6764	LB: 176.316	GB: 184.891	Conf: 1.95219	Pts: 60390
Particle (19):: Fit: 178.939	PB: 178.939	LB: 178.939	GB: 184.891	Conf: 1.31929	Pts: 130290
Particle (20):: Fit: 80.8352	PB: 80.8352	LB: 178.939	GB: 184.891	Conf: 2	Pts: 55490
Particle (22):: Fit: 83.0727	PB: 83.0727	LB: 178.939	GB: 184.891	Conf: 0.199445	Pts: 65388
Particle (31):: Fit: 77.6737	PB: 77.6737	LB: 182.595	GB: 184.891	Conf: 1.89857	Pts: 55390
Particle (42):: Fit: 83.7106	PB: 83.7106	LB: 184.891	GB: 184.891	Conf: 2	Pts: 50290
Particle (1):: Fit: 85.6223	PB: 85.6223	LB: 173.925	GB: 184.891	Conf: 2	Pts: 55389
Particle (14):: Fit: 84.667	PB: 84.667	LB: 178.939	GB: 184.891	Conf: 2	Pts: 55489
Particle (16):: Fit: 90.3844	PB: 90.3844	LB: 178.939	GB: 184.891	Conf: 2	Pts: 70389
Particle (17):: Fit: 165.614	PB: 165.614	LB: 178.939	GB: 184.891	Conf: 1.77786	Pts: 55389
Particle (22):: Fit: 86.0611	PB: 86.0611	LB: 178.939	GB: 184.891	Conf: 0.268943	Pts: 65487
Particle (31):: Fit: 78.9128	PB: 78.9128	LB: 182.595	GB: 184.891	Conf: 1.94	Pts: 55489
Particle (42):: Fit: 175.8	PB: 175.8	LB: 184.891	GB: 184.891	Conf: 1.98608	Pts: 55389
Particle (10):: Fit: 87.0451	PB: 87.0451	LB: 175.267	GB: 184.891	Conf: 0.995964	Pts: 55487
Particle (23):: Fit: 88.4824	PB: 88.4824	LB: 178.939	GB: 184.891	Conf: 2	Pts: 85288
Particle (46):: Fit: 84.667	PB: 84.667	LB: 175.8	GB: 184.891	Conf: 2	Pts: 50288
Particle (4):: Fit: 87.53	PB: 87.53	LB: 173.925	GB: 184.891	Conf: 2	Pts: 65387
Particle (26):: Fit: 64.0576	PB: 64.0576	LB: 182.595	GB: 184.891	Conf: 0.955909	Pts: 55284
Particle (43):: Fit: 83.7106	PB: 83.7106	LB: 175.863	GB: 184.891	Conf: 2	Pts: 50586
Particle (4):: Fit: 173.864	PB: 173.864	LB: 173.925	GB: 184.891	Conf: 1.98232	Pts: 85485
Particle (11):: Fit: 85.1621	PB: 85.1621	LB: 175.267	GB: 184.891	Conf: 0.770102	Pts: 55482
Particle (31):: Fit: 80.9258	PB: 80.9258	LB: 182.595	GB: 184.891	Conf: 1.86682	Pts: 55585
Particle (34):: Fit: 85.8259	PB: 85.8259	LB: 184.891	GB: 184.891	Conf: 0.0981274	Pts: 60385
Particle (35):: Fit: 174.863	PB: 174.863	LB: 184.891	GB: 184.891	Conf: 1.95999	Pts: 75285
Particle (43):: Fit: 84.667	PB: 84.667	LB: 175.863	GB: 184.891	Conf: 2	Pts: 50685
Particle (9):: Fit: 93.2307	PB: 93.2307	LB: 168.578	GB: 184.891	Conf: 2	Pts: 55484
Particle (13):: Fit: 88.4824	PB: 88.4824	LB: 175.267	GB: 184.891	Conf: 2	Pts: 80384
Particle (20):: Fit: 85.6223	PB: 85.6223	LB: 178.939	GB: 184.891	Conf: 2	Pts: 55584
Particle (21):: Fit: 188.533	PB: 188.533	LB: 188.533	GB: 188.533	Conf: 1.71857	Pts: 175284
Global: 188.533 - Correct: 41% of 100 tests
Global Best: 
  Inner Net 1
  -- 1 : 1 = 0.8092
  -- 1 : 2 = 0.5446
  -- 1 : 3 = 0.0483
  -- 1 : 4 = 0.5276
  -- 1 : 5 = 0.183
  -- 1 : 6 = 0.089
  -- 1 : 7 = 0.4732
  -- 1 : 8 = 0.006
  -- 1 : 9 = 0.2458
  -- 2 : 1 = 0.5206
  -- 2 : 2 = 0.7182
  -- 2 : 3 = 0.6207
  -- 2 : 4 = 0.211
  -- 2 : 5 = 0.7707
  -- 2 : 6 = 0.8523
  -- 2 : 7 = 0.9396
  -- 2 : 8 = 0.8604
  -- 2 : 9 = 0.3564
  -- 3 : 1 = 0.7594
  -- 3 : 2 = 0.5812
  -- 3 : 3 = 0.7813
  -- 3 : 4 = 0.8866
  -- 3 : 5 = 0.5388
  -- 3 : 6 = 0.1691
  -- 3 : 7 = 0.1913
  -- 3 : 8 = 0.1284
  -- 3 : 9 = 0.485
  -- 4 : 1 = 0.8872
  -- 4 : 2 = 0.0197
  -- 4 : 3 = 0.5941
  -- 4 : 4 = 0.243
  -- 4 : 5 = 0.0166
  -- 4 : 6 = 0.3244
  -- 4 : 7 = 0.0639
  -- 4 : 8 = 0.1431
  -- 4 : 9 = 0.5771
  -- 5 : 1 = 0.9273
  -- 5 : 2 = 0.1103
  -- 5 : 3 = 0.3744
  -- 5 : 4 = 0.5793
  -- 5 : 5 = 0.7475
  -- 5 : 6 = 0.4864
  -- 5 : 7 = 0.9547
  -- 5 : 8 = 0.6707
  -- 5 : 9 = 0.101
  -- 6 : 1 = 0.1053
  -- 6 : 2 = 0.585
  -- 6 : 3 = 0.8971
  -- 6 : 4 = 0.5521
  -- 6 : 5 = 0.8721
  -- 6 : 6 = 0.3478
  -- 6 : 7 = 0.8698
  -- 6 : 8 = 0.4789
  -- 6 : 9 = 0.2513
  -- 7 : 1 = 0.9076
  -- 7 : 2 = 0.2311
  -- 7 : 3 = 0.9373
  -- 7 : 4 = 0.7837
  -- 7 : 5 = 0.1541
  -- 7 : 6 = 0.4139
  -- 7 : 7 = 0.1563
  -- 7 : 8 = 0.5426
  -- 7 : 9 = 0.1804
  -- 8 : 1 = 0.9436
  -- 8 : 2 = 0.5698
  -- 8 : 3 = 0.8531
  -- 8 : 4 = 0.8757
  -- 8 : 5 = 0.2617
  -- 8 : 6 = 0.1199
  -- 8 : 7 = 0.217
  -- 8 : 8 = 0.9429
  -- 8 : 9 = 0.3189
  -- 9 : 1 = 0.2909
  -- 9 : 2 = 0.0889
  -- 9 : 3 = 0.0413
  -- 9 : 4 = 0.9352
  -- 9 : 5 = 0.2676
  -- 9 : 6 = 0.7878
  -- 9 : 7 = 0.8482
  -- 9 : 8 = 0.8163
  -- 9 : 9 = 0.2962
  -- 10 : 1 = 0.7399
  -- 10 : 2 = 0.0146
  -- 10 : 3 = 0.2434
  -- 10 : 4 = 0.1308
  -- 10 : 5 = 0.2313
  -- 10 : 6 = 0.9327
  -- 10 : 7 = 0.9862
  -- 10 : 8 = 0.5542
  -- 10 : 9 = 0.252
  Inner Net 2
  -- 1 : 1 = -0.454697
  -- 1 : 2 = 0.171732
  -- 2 : 1 = -0.2354
  -- 2 : 2 = -0.0356361
  -- 3 : 1 = -0.164717
  -- 3 : 2 = 0.118543
  -- 4 : 1 = -0.056381
  -- 4 : 2 = -0.21835
  -- 5 : 1 = 0.184729
  -- 5 : 2 = -0.0180073
  -- 6 : 1 = -0.913025
  -- 6 : 2 = -0.161893
  -- 7 : 1 = -0.0621122
  -- 7 : 2 = 0.482375
  -- 8 : 1 = -0.396925
  -- 8 : 2 = 0.347776
  -- 9 : 1 = -0.242363
  -- 9 : 2 = -0.395385
Out\Act	False		True
False	0.84198	0	0.84198
True	0.15802	0	0.15802
	1	0
	Accuracy [ (tp + tn) / testSize ]: 0.84198
	Precision [ tp / (tp + fp) ]:      0
	Sensitivity [ tp / (tp + fn) ]:    0
	Specificity [ tn / (tn + fp) ]:    0.999435
	F-Score [ 2tp / (2tp + fp + fn) ]: 0
Particle (22):: Fit: 87.117	PB: 87.117	LB: 188.533	GB: 188.533	Conf: 0.80986	Pts: 65580
Particle (12):: Fit: 85.6223	PB: 85.6223	LB: 175.267	GB: 188.533	Conf: 2	Pts: 115282
Particle (41):: Fit: 176.592	PB: 176.592	LB: 184.891	GB: 188.533	Conf: 1.97505	Pts: 140282
Particle (43):: Fit: 88.4824	PB: 88.4824	LB: 176.592	GB: 188.533	Conf: 2	Pts: 50782
Particle (0):: Fit: 173.997	PB: 173.997	LB: 173.997	GB: 188.533	Conf: 1.51073	Pts: 195381
Particle (5):: Fit: 88.4824	PB: 88.4824	LB: 173.864	GB: 188.533	Conf: 2	Pts: 70381
Particle (6):: Fit: 172.177	PB: 172.177	LB: 173.864	GB: 188.533	Conf: 1.85338	Pts: 60281
Particle (33):: Fit: 85.3056	PB: 85.3056	LB: 184.891	GB: 188.533	Conf: 0.786635	Pts: 55279
Particle (1):: Fit: 88.4824	PB: 88.4824	LB: 173.997	GB: 188.533	Conf: 2	Pts: 55480
Particle (26):: Fit: 85.0658	PB: 85.0658	LB: 182.595	GB: 188.533	Conf: 1.02691	Pts: 55376
Particle (45):: Fit: 86.181	PB: 86.181	LB: 176.592	GB: 188.533	Conf: 0.697635	Pts: 50379
Particle (31):: Fit: 82.6483	PB: 82.6483	LB: 182.595	GB: 188.533	Conf: 1.87451	Pts: 55679
Particle (15):: Fit: 191.094	PB: 191.094	LB: 191.094	GB: 191.094	Conf: 1.70943	Pts: 190378
Global: 191.094 - Correct: 43% of 100 tests
Global Best: 
  Inner Net 1
  -- 1 : 1 = 0.1854
  -- 1 : 2 = 0.8795
  -- 1 : 3 = 0.3415
  -- 1 : 4 = 0.227
  -- 1 : 5 = 0.3432
  -- 1 : 6 = 0.6779
  -- 1 : 7 = 0.4896
  -- 1 : 8 = 0.6491
  -- 1 : 9 = 0.3914
  -- 2 : 1 = 0.4475
  -- 2 : 2 = 0.9098
  -- 2 : 3 = 0.1236
  -- 2 : 4 = 0.5637
  -- 2 : 5 = 0.8634
  -- 2 : 6 = 0.6415
  -- 2 : 7 = 0.6399
  -- 2 : 8 = 0.191
  -- 2 : 9 = 0.504
  -- 3 : 1 = 0.3829
  -- 3 : 2 = 0.8424
  -- 3 : 3 = 0.1178
  -- 3 : 4 = 0.3108
  -- 3 : 5 = 0.0757
  -- 3 : 6 = 0.7988
  -- 3 : 7 = 0.4676
  -- 3 : 8 = 0.1265
  -- 3 : 9 = 0.8079
  -- 4 : 1 = 0.1428
  -- 4 : 2 = 0.2397
  -- 4 : 3 = 0.9962
  -- 4 : 4 = 0.3819
  -- 4 : 5 = 0.0156
  -- 4 : 6 = 0.6187
  -- 4 : 7 = 0.1979
  -- 4 : 8 = 0.6323
  -- 4 : 9 = 0.3316
  -- 5 : 1 = 0.0773
  -- 5 : 2 = 0.0098
  -- 5 : 3 = 0.0255
  -- 5 : 4 = 0.0255
  -- 5 : 5 = 0.831
  -- 5 : 6 = 0.0893
  -- 5 : 7 = 0.5025
  -- 5 : 8 = 0.1899
  -- 5 : 9 = 0.28
  -- 6 : 1 = 0.0085
  -- 6 : 2 = 0.2658
  -- 6 : 3 = 0.4216
  -- 6 : 4 = 0.042
  -- 6 : 5 = 0.0524
  -- 6 : 6 = 0.9181
  -- 6 : 7 = 0.7948
  -- 6 : 8 = 0.5039
  -- 6 : 9 = 0.2708
  -- 7 : 1 = 0.3771
  -- 7 : 2 = 0.8854
  -- 7 : 3 = 0.7574
  -- 7 : 4 = 0.936
  -- 7 : 5 = 0.7422
  -- 7 : 6 = 0.7121
  -- 7 : 7 = 0.9253
  -- 7 : 8 = 0.9679
  -- 7 : 9 = 0.5554
  -- 8 : 1 = 0.5724
  -- 8 : 2 = 0.2164
  -- 8 : 3 = 0.0133
  -- 8 : 4 = 0.7824
  -- 8 : 5 = 0.0216
  -- 8 : 6 = 0.566
  -- 8 : 7 = 0.9308
  -- 8 : 8 = 0.4053
  -- 8 : 9 = 0.2689
  -- 9 : 1 = 0.9209
  -- 9 : 2 = 0.2412
  -- 9 : 3 = 0.013
  -- 9 : 4 = 0.7744
  -- 9 : 5 = 0.2416
  -- 9 : 6 = 0.0182
  -- 9 : 7 = 0.943
  -- 9 : 8 = 0.3824
  -- 9 : 9 = 0.0658
  -- 10 : 1 = 0.7367
  -- 10 : 2 = 0.9753
  -- 10 : 3 = 0.5616
  -- 10 : 4 = 0.3665
  -- 10 : 5 = 0.5323
  -- 10 : 6 = 0.1786
  -- 10 : 7 = 0.0249
  -- 10 : 8 = 0.9955
  -- 10 : 9 = 0.1328
  Inner Net 2
  -- 1 : 1 = 0.259678
  -- 1 : 2 = 0.316094
  -- 2 : 1 = -0.123034
  -- 2 : 2 = 0.144687
  -- 3 : 1 = -0.241642
  -- 3 : 2 = -0.161562
  -- 4 : 1 = -0.338338
  -- 4 : 2 = -0.388006
  -- 5 : 1 = 0.312967
  -- 5 : 2 = 0.081418
  -- 6 : 1 = -0.995794
  -- 6 : 2 = -0.168154
  -- 7 : 1 = 0.315583
  -- 7 : 2 = 0.360035
  -- 8 : 1 = 0.086599
  -- 8 : 2 = -0.019661
  -- 9 : 1 = -0.0403942
  -- 9 : 2 = -0.381839
Out\Act	False		True
False	0.84198	0	0.84198
True	0.15802	0	0.15802
	1	0
	Accuracy [ (tp + tn) / testSize ]: 0.84198
	Precision [ tp / (tp + fp) ]:      0
	Sensitivity [ tp / (tp + fn) ]:    0
	Specificity [ tn / (tn + fp) ]:    0.999435
	F-Score [ 2tp / (2tp + fp + fn) ]: 0
Particle (0):: Fit: 181.346	PB: 181.346	LB: 181.346	GB: 191.094	Conf: 1.36279	Pts: 245477
Particle (7):: Fit: 84.7832	PB: 84.7832	LB: 173.864	GB: 191.094	Conf: 1.38951	Pts: 55377
Particle (35):: Fit: 175.796	PB: 175.796	LB: 184.891	GB: 191.094	Conf: 1.98487	Pts: 75377
Particle (18):: Fit: 84.9987	PB: 84.9987	LB: 191.094	GB: 191.094	Conf: 1.95703	Pts: 60476
Particle (10):: Fit: 87.1583	PB: 87.1583	LB: 191.094	GB: 191.094	Conf: 0.445589	Pts: 55574
Particle (28):: Fit: 88.4824	PB: 88.4824	LB: 182.595	GB: 191.094	Conf: 2	Pts: 100275
Particle (31):: Fit: 179.084	PB: 179.084	LB: 182.595	GB: 191.094	Conf: 1.88394	Pts: 55774
Particle (39):: Fit: 85.6541	PB: 85.6541	LB: 184.891	GB: 191.094	Conf: 1.9694	Pts: 65173
Particle (18):: Fit: 85.2045	PB: 85.2045	LB: 191.094	GB: 191.094	Conf: 1.93401	Pts: 60572
Particle (48):: Fit: 87.53	PB: 87.53	LB: 181.346	GB: 191.094	Conf: 2	Pts: 50272
Particle (2):: Fit: 161.983	PB: 161.983	LB: 181.346	GB: 191.094	Conf: 1.41488	Pts: 55371
Particle (40):: Fit: 84.6581	PB: 84.6581	LB: 184.891	GB: 191.094	Conf: 1.98499	Pts: 70171
Particle (0):: Fit: 182.97	PB: 182.97	LB: 182.97	GB: 191.094	Conf: 1.29738	Pts: 295570
Particle (33):: Fit: 85.7078	PB: 85.7078	LB: 184.891	GB: 191.094	Conf: 0.166216	Pts: 55368
Particle (7):: Fit: 84.9332	PB: 84.9332	LB: 173.864	GB: 191.094	Conf: 1.32823	Pts: 55469
Particle (24):: Fit: 165.684	PB: 165.684	LB: 188.533	GB: 191.094	Conf: 1.47258	Pts: 95269
Particle (27):: Fit: 85.6223	PB: 85.6223	LB: 182.595	GB: 191.094	Conf: 2	Pts: 65369
Particle (45):: Fit: 86.1823	PB: 86.1823	LB: 182.97	GB: 191.094	Conf: 0.521866	Pts: 50468
Particle (24):: Fit: 177.858	PB: 177.858	LB: 188.533	GB: 191.094	Conf: 1.29374	Pts: 95367
Particle (47):: Fit: 168.009	PB: 168.009	LB: 182.97	GB: 191.094	Conf: 1.93656	Pts: 50167
Particle (4):: Fit: 175.803	PB: 175.803	LB: 182.97	GB: 191.094	Conf: 1.98712	Pts: 105564
Particle (25):: Fit: 88.1163	PB: 88.1163	LB: 188.533	GB: 191.094	Conf: 0.792459	Pts: 55258
Particle (7):: Fit: 155.176	PB: 155.176	LB: 175.803	GB: 191.094	Conf: 1.33977	Pts: 55562
Particle (1):: Fit: 93.2307	PB: 93.2307	LB: 182.97	GB: 191.094	Conf: 2	Pts: 55561
Particle (40):: Fit: 84.6844	PB: 84.6844	LB: 184.891	GB: 191.094	Conf: 1.98601	Pts: 70259
Particle (43):: Fit: 92.2828	PB: 92.2828	LB: 176.592	GB: 191.094	Conf: 2	Pts: 50858
Particle (3):: Fit: 92.4968	PB: 92.4968	LB: 182.97	GB: 191.094	Conf: 1.88843	Pts: 70355
Particle (14):: Fit: 85.6223	PB: 85.6223	LB: 191.094	GB: 191.094	Conf: 2	Pts: 55555
Particle (30):: Fit: 173.884	PB: 173.884	LB: 182.595	GB: 191.094	Conf: 1.9876	Pts: 60355
Particle (47):: Fit: 178.497	PB: 178.497	LB: 182.97	GB: 191.094	Conf: 1.96911	Pts: 60254
Particle (24):: Fit: 181.905	PB: 181.905	LB: 188.533	GB: 191.094	Conf: 1.49996	Pts: 95451
Particle (45):: Fit: 88.0559	PB: 88.0559	LB: 182.97	GB: 191.094	Conf: 0.321455	Pts: 50549
Particle (41):: Fit: 191.077	PB: 191.077	LB: 191.077	GB: 191.094	Conf: 1.98561	Pts: 190349
Particle (12):: Fit: 87.53	PB: 87.53	LB: 191.094	GB: 191.094	Conf: 2	Pts: 115347
Particle (28):: Fit: 170.035	PB: 170.035	LB: 182.595	GB: 191.094	Conf: 1.98582	Pts: 100347
Particle (10):: Fit: 88.6326	PB: 88.6326	LB: 191.094	GB: 191.094	Conf: 0.146715	Pts: 55643
Particle (18):: Fit: 85.858	PB: 85.858	LB: 191.094	GB: 191.094	Conf: 1.97505	Pts: 60646
Particle (30):: Fit: 173.885	PB: 173.885	LB: 182.595	GB: 191.094	Conf: 1.98773	Pts: 60446
Particle (40):: Fit: 168.087	PB: 168.087	LB: 191.077	GB: 191.094	Conf: 1.98112	Pts: 70346
Particle (44):: Fit: 87.1426	PB: 87.1426	LB: 191.077	GB: 191.094	Conf: 0.763751	Pts: 50341
Particle (46):: Fit: 87.53	PB: 87.53	LB: 182.97	GB: 191.094	Conf: 2	Pts: 50346
Particle (11):: Fit: 85.8926	PB: 85.8926	LB: 191.094	GB: 191.094	Conf: 0.137297	Pts: 55541
Particle (20):: Fit: 86.5766	PB: 86.5766	LB: 188.533	GB: 191.094	Conf: 2	Pts: 55645
Particle (0):: Fit: 189.226	PB: 189.226	LB: 189.226	GB: 191.094	Conf: 1.24456	Pts: 340642
Particle (17):: Fit: 167.328	PB: 167.328	LB: 191.094	GB: 191.094	Conf: 1.81985	Pts: 55442
Particle (20):: Fit: 93.2307	PB: 93.2307	LB: 188.533	GB: 191.094	Conf: 2	Pts: 55742
Particle (30):: Fit: 176.595	PB: 176.595	LB: 182.595	GB: 191.094	Conf: 1.97702	Pts: 60542
Particle (39):: Fit: 88.4824	PB: 88.4824	LB: 191.077	GB: 191.094	Conf: 2	Pts: 65240
Particle (45):: Fit: 88.9563	PB: 88.9563	LB: 191.077	GB: 191.094	Conf: 0.252905	Pts: 50635
Particle (19):: Fit: 181.085	PB: 181.085	LB: 191.094	GB: 191.094	Conf: 1.26264	Pts: 130336
Particle (10):: Fit: 170.903	PB: 170.903	LB: 191.094	GB: 191.094	Conf: 0.469809	Pts: 55731
Particle (18):: Fit: 87.4487	PB: 87.4487	LB: 191.094	GB: 191.094	Conf: 1.96966	Pts: 60733
Particle (29):: Fit: 184.48	PB: 184.48	LB: 184.48	GB: 191.094	Conf: 1.65389	Pts: 200331
Particle (26):: Fit: 134.754	PB: 134.754	LB: 184.48	GB: 191.094	Conf: 0.596293	Pts: 55416
Particle (26):: Fit: 168.502	PB: 168.502	LB: 184.48	GB: 191.094	Conf: 0.286715	Pts: 55515
Particle (21):: Fit: 188.535	PB: 188.535	LB: 188.535	GB: 191.094	Conf: 1.86453	Pts: 205328
Particle (26):: Fit: 180.364	PB: 180.364	LB: 184.48	GB: 191.094	Conf: 0.16036	Pts: 55614
Particle (48):: Fit: 88.4824	PB: 88.4824	LB: 189.226	GB: 191.094	Conf: 2	Pts: 50324
Particle (39):: Fit: 94.1937	PB: 94.1937	LB: 191.077	GB: 191.094	Conf: 1.98244	Pts: 65323
Particle (33):: Fit: 87.2091	PB: 87.2091	LB: 184.891	GB: 191.094	Conf: 0.733112	Pts: 55417
Particle (17):: Fit: 171.897	PB: 171.897	LB: 191.094	GB: 191.094	Conf: 1.69473	Pts: 55517
Particle (47):: Fit: 179.011	PB: 179.011	LB: 189.226	GB: 191.094	Conf: 1.93233	Pts: 60316
Particle (37):: Fit: 179.631	PB: 179.631	LB: 191.077	GB: 191.094	Conf: 1.986	Pts: 115215
Particle (36):: Fit: 86.9085	PB: 86.9085	LB: 191.077	GB: 191.094	Conf: 0.192144	Pts: 70108
Particle (14):: Fit: 92.2828	PB: 92.2828	LB: 191.094	GB: 191.094	Conf: 2	Pts: 55613
Particle (18):: Fit: 174.842	PB: 174.842	LB: 191.094	GB: 191.094	Conf: 1.94724	Pts: 60813
Particle (14):: Fit: 181.533	PB: 181.533	LB: 191.094	GB: 191.094	Conf: 1.98346	Pts: 60712
Particle (23):: Fit: 92.2828	PB: 92.2828	LB: 188.535	GB: 191.094	Conf: 2	Pts: 85312
Particle (29):: Fit: 194.237	PB: 194.237	LB: 194.237	GB: 194.237	Conf: 1.73385	Pts: 260412
Global: 194.237 - Correct: 41% of 100 tests
Global Best: 
  Inner Net 1
  -- 1 : 1 = 0.3764
  -- 1 : 2 = 0.0527
  -- 1 : 3 = 0.1324
  -- 1 : 4 = 0.2764
  -- 1 : 5 = 0.2066
  -- 1 : 6 = 0.1098
  -- 1 : 7 = 0.7842
  -- 1 : 8 = 0.0202
  -- 1 : 9 = 0.9842
  -- 2 : 1 = 0.2587
  -- 2 : 2 = 0.7952
  -- 2 : 3 = 0.5955
  -- 2 : 4 = 0.9199
  -- 2 : 5 = 0.7309
  -- 2 : 6 = 0.6589
  -- 2 : 7 = 0.9954
  -- 2 : 8 = 0.5289
  -- 2 : 9 = 0.8419
  -- 3 : 1 = 0.4677
  -- 3 : 2 = 0.1885
  -- 3 : 3 = 0.0359
  -- 3 : 4 = 0.7332
  -- 3 : 5 = 0.3713
  -- 3 : 6 = 0.1776
  -- 3 : 7 = 0.0398
  -- 3 : 8 = 0.5347
  -- 3 : 9 = 0.2406
  -- 4 : 1 = 0.1784
  -- 4 : 2 = 0.6162
  -- 4 : 3 = 0.2116
  -- 4 : 4 = 0.2876
  -- 4 : 5 = 0.3453
  -- 4 : 6 = 0.9357
  -- 4 : 7 = 0.8203
  -- 4 : 8 = 0.509
  -- 4 : 9 = 0.2915
  -- 5 : 1 = 0.7278
  -- 5 : 2 = 0.8247
  -- 5 : 3 = 0.5777
  -- 5 : 4 = 0.445
  -- 5 : 5 = 0.9011
  -- 5 : 6 = 0.5168
  -- 5 : 7 = 0.1582
  -- 5 : 8 = 0.5957
  -- 5 : 9 = 0.9706
  -- 6 : 1 = 0.2109
  -- 6 : 2 = 0.9043
  -- 6 : 3 = 0.0145
  -- 6 : 4 = 0.1732
  -- 6 : 5 = 0.5785
  -- 6 : 6 = 0.48
  -- 6 : 7 = 0.0535
  -- 6 : 8 = 0.5227
  -- 6 : 9 = 0.791
  -- 7 : 1 = 0.3086
  -- 7 : 2 = 0.0987
  -- 7 : 3 = 0.407
  -- 7 : 4 = 0.0082
  -- 7 : 5 = 0.5173
  -- 7 : 6 = 0.6325
  -- 7 : 7 = 0.6571
  -- 7 : 8 = 0.1114
  -- 7 : 9 = 0.2719
  -- 8 : 1 = 0.7688
  -- 8 : 2 = 0.9508
  -- 8 : 3 = 0.862
  -- 8 : 4 = 0.5228
  -- 8 : 5 = 0.1249
  -- 8 : 6 = 0.7749
  -- 8 : 7 = 0.4657
  -- 8 : 8 = 0.9735
  -- 8 : 9 = 0.4114
  -- 9 : 1 = 0.9148
  -- 9 : 2 = 0.9803
  -- 9 : 3 = 0.676
  -- 9 : 4 = 0.3536
  -- 9 : 5 = 0.2954
  -- 9 : 6 = 0.6731
  -- 9 : 7 = 0.2348
  -- 9 : 8 = 0.6826
  -- 9 : 9 = 0.1585
  -- 10 : 1 = 0.7047
  -- 10 : 2 = 0.3618
  -- 10 : 3 = 0.6411
  -- 10 : 4 = 0.7855
  -- 10 : 5 = 0.3498
  -- 10 : 6 = 0.8104
  -- 10 : 7 = 0.4466
  -- 10 : 8 = 0.625
  -- 10 : 9 = 0.5356
  Inner Net 2
  -- 1 : 1 = -0.173529
  -- 1 : 2 = 0.293034
  -- 2 : 1 = -1
  -- 2 : 2 = 0.0482255
  -- 3 : 1 = -0.495891
  -- 3 : 2 = -0.0320277
  -- 4 : 1 = -0.246073
  -- 4 : 2 = -0.108919
  -- 5 : 1 = 0.205774
  -- 5 : 2 = -0.0500491
  -- 6 : 1 = -0.050884
  -- 6 : 2 = -0.165652
  -- 7 : 1 = -0.681329
  -- 7 : 2 = -0.0750621
  -- 8 : 1 = -0.854959
  -- 8 : 2 = -0.0381201
  -- 9 : 1 = -0.716488
  -- 9 : 2 = -0.330316
Out\Act	False		True
False	0.84198	0	0.84198
True	0.15802	0	0.15802
	1	0
	Accuracy [ (tp + tn) / testSize ]: 0.84198
	Precision [ tp / (tp + fp) ]:      0
	Sensitivity [ tp / (tp + fn) ]:    0
	Specificity [ tn / (tn + fp) ]:    0.999435
	F-Score [ 2tp / (2tp + fp + fn) ]: 0
Particle (27):: Fit: 87.53	PB: 87.53	LB: 194.237	GB: 194.237	Conf: 2	Pts: 65407
Particle (12):: Fit: 89.4338	PB: 89.4338	LB: 191.094	GB: 194.237	Conf: 2	Pts: 115404
Particle (37):: Fit: 181.545	PB: 181.545	LB: 191.077	GB: 194.237	Conf: 1.98619	Pts: 115302
Particle (27):: Fit: 170.055	PB: 170.055	LB: 194.237	GB: 194.237	Conf: 1.97016	Pts: 65500
Particle (40):: Fit: 168.113	PB: 168.113	LB: 191.077	GB: 194.237	Conf: 1.98723	Pts: 70400
Particle (22):: Fit: 141.903	PB: 141.903	LB: 188.535	GB: 194.237	Conf: 0.638844	Pts: 65584
Particle (4):: Fit: 179.053	PB: 179.053	LB: 189.226	GB: 194.237	Conf: 0.297294	Pts: 125596
Particle (33):: Fit: 143.659	PB: 143.659	LB: 194.237	GB: 194.237	Conf: 0.441367	Pts: 55489
Particle (11):: Fit: 160.074	PB: 160.074	LB: 191.094	GB: 194.237	Conf: 0.509224	Pts: 55584
Particle (13):: Fit: 91.0759	PB: 91.0759	LB: 191.094	GB: 194.237	Conf: 0.456798	Pts: 80395
Particle (45):: Fit: 182.565	PB: 182.565	LB: 191.077	GB: 194.237	Conf: 0.563421	Pts: 50687
Particle (13):: Fit: 161.726	PB: 161.726	LB: 191.094	GB: 194.237	Conf: 0.403951	Pts: 80494
Particle (46):: Fit: 184.461	PB: 184.461	LB: 189.226	GB: 194.237	Conf: 0.850517	Pts: 50394
Particle (48):: Fit: 169.197	PB: 169.197	LB: 189.226	GB: 194.237	Conf: 0.133415	Pts: 50393
Particle (14):: Fit: 192.514	PB: 192.514	LB: 192.514	GB: 194.237	Conf: 0.4886	Pts: 110789
Particle (16):: Fit: 171.484	PB: 171.484	LB: 192.514	GB: 194.237	Conf: 0.478052	Pts: 70390
Particle (23):: Fit: 161.607	PB: 161.607	LB: 188.535	GB: 194.237	Conf: 0.724631	Pts: 85389
Particle (35):: Fit: 186.204	PB: 186.204	LB: 186.204	GB: 194.237	Conf: 1.8749	Pts: 85388
Particle (47):: Fit: 190.417	PB: 190.417	LB: 190.417	GB: 194.237	Conf: 0.906375	Pts: 90389
Particle (22):: Fit: 177.185	PB: 177.185	LB: 188.535	GB: 194.237	Conf: 0.844123	Pts: 65674
Particle (23):: Fit: 166.164	PB: 166.164	LB: 188.535	GB: 194.237	Conf: 0.217583	Pts: 85487
Particle (4):: Fit: 181.346	PB: 181.346	LB: 189.226	GB: 194.237	Conf: 0.356246	Pts: 145686
Particle (9):: Fit: 165.882	PB: 165.882	LB: 192.514	GB: 194.237	Conf: 0.874227	Pts: 55486
Particle (20):: Fit: 161.53	PB: 161.53	LB: 188.535	GB: 194.237	Conf: 0.48854	Pts: 55786
Particle (11):: Fit: 176.026	PB: 176.026	LB: 192.514	GB: 194.237	Conf: 0.601236	Pts: 55674
Particle (17):: Fit: 174.285	PB: 174.285	LB: 192.514	GB: 194.237	Conf: 0.924073	Pts: 55585
Particle (28):: Fit: 182.255	PB: 182.255	LB: 194.237	GB: 194.237	Conf: 0.525512	Pts: 100385
Particle (39):: Fit: 157.555	PB: 157.555	LB: 191.077	GB: 194.237	Conf: 0.487592	Pts: 65384
Particle (7):: Fit: 172.483	PB: 172.483	LB: 181.346	GB: 194.237	Conf: 0.587576	Pts: 55582
Particle (10):: Fit: 170.972	PB: 170.972	LB: 192.514	GB: 194.237	Conf: 1.32659	Pts: 55780
Particle (33):: Fit: 149.436	PB: 149.436	LB: 194.237	GB: 194.237	Conf: 0.597802	Pts: 55576
Particle (12):: Fit: 153.157	PB: 153.157	LB: 192.514	GB: 194.237	Conf: 0.386332	Pts: 115482
Particle (12):: Fit: 187.409	PB: 187.409	LB: 192.514	GB: 194.237	Conf: 0.383361	Pts: 125580
Particle (30):: Fit: 177.253	PB: 177.253	LB: 194.237	GB: 194.237	Conf: 0.111488	Pts: 60579
Particle (43):: Fit: 171.925	PB: 171.925	LB: 191.077	GB: 194.237	Conf: 1.37634	Pts: 50880
Particle (8):: Fit: 173.751	PB: 173.751	LB: 187.409	GB: 194.237	Conf: 0.420251	Pts: 135173
Particle (10):: Fit: 182.644	PB: 182.644	LB: 192.514	GB: 194.237	Conf: 0.492742	Pts: 65876
Particle (17):: Fit: 175.233	PB: 175.233	LB: 192.514	GB: 194.237	Conf: 0.867408	Pts: 55679
Particle (25):: Fit: 143.257	PB: 143.257	LB: 194.237	GB: 194.237	Conf: 0.685551	Pts: 55268
Particle (13):: Fit: 163.073	PB: 163.073	LB: 192.514	GB: 194.237	Conf: 0.656182	Pts: 80577
Particle (33):: Fit: 176.811	PB: 176.811	LB: 194.237	GB: 194.237	Conf: 0.281381	Pts: 55669
Particle (7):: Fit: 176.114	PB: 176.114	LB: 187.409	GB: 194.237	Conf: 0.590195	Pts: 55675
Particle (8):: Fit: 176.741	PB: 176.741	LB: 187.409	GB: 194.237	Conf: 0.206966	Pts: 135270
Particle (17):: Fit: 184.426	PB: 184.426	LB: 192.514	GB: 194.237	Conf: 0.833675	Pts: 55775
Particle (11):: Fit: 178.681	PB: 178.681	LB: 192.514	GB: 194.237	Conf: 0.264628	Pts: 55763
Particle (32):: Fit: 169.134	PB: 169.134	LB: 194.237	GB: 194.237	Conf: 0.306057	Pts: 100174
Particle (8):: Fit: 183.515	PB: 183.515	LB: 187.409	GB: 194.237	Conf: 0.340593	Pts: 145367
Particle (36):: Fit: 172.437	PB: 172.437	LB: 191.077	GB: 194.237	Conf: 0.72306	Pts: 70165
Particle (44):: Fit: 127.23	PB: 127.23	LB: 191.077	GB: 194.237	Conf: 1.00012	Pts: 50364
Particle (9):: Fit: 184.467	PB: 184.467	LB: 192.514	GB: 194.237	Conf: 0.468859	Pts: 65571
Particle (1):: Fit: 175.986	PB: 175.986	LB: 190.417	GB: 194.237	Conf: 1.79746	Pts: 55569
Particle (2):: Fit: 163.468	PB: 163.468	LB: 189.226	GB: 194.237	Conf: 0.582292	Pts: 55370
Particle (27):: Fit: 185.935	PB: 185.935	LB: 194.237	GB: 194.237	Conf: 0.246021	Pts: 65570
Particle (16):: Fit: 175.294	PB: 175.294	LB: 192.514	GB: 194.237	Conf: 0.487293	Pts: 70469
Particle (25):: Fit: 173.246	PB: 173.246	LB: 194.237	GB: 194.237	Conf: 0.497216	Pts: 55358
Particle (25):: Fit: 173.499	PB: 173.499	LB: 194.237	GB: 194.237	Conf: 0.376073	Pts: 55457
Particle (12):: Fit: 197.881	PB: 197.881	LB: 197.881	GB: 197.881	Conf: 0.167508	Pts: 185667
Global: 197.881 - Correct: 66% of 100 tests
Global Best: 
  Inner Net 1
  -- 1 : 1 = 0.647529
  -- 1 : 2 = 0.299692
  -- 1 : 3 = 0.233428
  -- 1 : 4 = -0.0446215
  -- 1 : 5 = 0.160433
  -- 1 : 6 = -0.0723143
  -- 1 : 7 = 0.392556
  -- 1 : 8 = -0.2446
  -- 1 : 9 = 0.115862
  -- 2 : 1 = 0.425045
  -- 2 : 2 = 0.00887587
  -- 2 : 3 = 0.0644864
  -- 2 : 4 = -0.0520308
  -- 2 : 5 = 0.401527
  -- 2 : 6 = -0.0106143
  -- 2 : 7 = 0.0495298
  -- 2 : 8 = 0.550675
  -- 2 : 9 = 0.165552
  -- 3 : 1 = 0.39828
  -- 3 : 2 = 0.249515
  -- 3 : 3 = -0.0726184
  -- 3 : 4 = 0.00427479
  -- 3 : 5 = -0.191454
  -- 3 : 6 = 0.00748471
  -- 3 : 7 = 0.0938696
  -- 3 : 8 = 0.179768
  -- 3 : 9 = 0.170314
  -- 4 : 1 = 0.273176
  -- 4 : 2 = -0.144879
  -- 4 : 3 = 0.0937751
  -- 4 : 4 = 0.275484
  -- 4 : 5 = 0.14433
  -- 4 : 6 = 0.41327
  -- 4 : 7 = 0.0960894
  -- 4 : 8 = 0.231909
  -- 4 : 9 = 0.00124439
  -- 5 : 1 = 0.0893374
  -- 5 : 2 = 0.0742125
  -- 5 : 3 = 0.283642
  -- 5 : 4 = -0.0459468
  -- 5 : 5 = 0.207752
  -- 5 : 6 = 0.584178
  -- 5 : 7 = -0.00373378
  -- 5 : 8 = 0.1709
  -- 5 : 9 = -0.0896699
  -- 6 : 1 = 0.231572
  -- 6 : 2 = -0.191876
  -- 6 : 3 = -0.404836
  -- 6 : 4 = 0.27339
  -- 6 : 5 = 0.268814
  -- 6 : 6 = 0.0181071
  -- 6 : 7 = -0.402581
  -- 6 : 8 = 0.306904
  -- 6 : 9 = 0.237345
  -- 7 : 1 = 0.060886
  -- 7 : 2 = 0.181938
  -- 7 : 3 = 0.16589
  -- 7 : 4 = -0.0904394
  -- 7 : 5 = -0.164351
  -- 7 : 6 = 0.424102
  -- 7 : 7 = 0.0389346
  -- 7 : 8 = -0.152836
  -- 7 : 9 = 0.108427
  -- 8 : 1 = 0.282078
  -- 8 : 2 = -0.0514385
  -- 8 : 3 = -0.195433
  -- 8 : 4 = 0.0308664
  -- 8 : 5 = -0.116756
  -- 8 : 6 = 0.629365
  -- 8 : 7 = 0.559498
  -- 8 : 8 = 0.0983562
  -- 8 : 9 = -0.319752
  -- 9 : 1 = 0.593608
  -- 9 : 2 = 0.555162
  -- 9 : 3 = 0.0189418
  -- 9 : 4 = 0.169402
  -- 9 : 5 = 0.135138
  -- 9 : 6 = -0.141853
  -- 9 : 7 = 0.00324618
  -- 9 : 8 = 0.131754
  -- 9 : 9 = -0.0720302
  -- 10 : 1 = 0.5
  -- 10 : 2 = 0.367876
  -- 10 : 3 = 0.0871156
  -- 10 : 4 = -0.0630393
  -- 10 : 5 = 0.30284
  -- 10 : 6 = 0.380786
  -- 10 : 7 = -0.298612
  -- 10 : 8 = 0.0733533
  -- 10 : 9 = 0.213974
  Inner Net 2
  -- 1 : 1 = 0.150962
  -- 1 : 2 = -0.00719163
  -- 2 : 1 = 0.346007
  -- 2 : 2 = -0.191735
  -- 3 : 1 = -0.148204
  -- 3 : 2 = -0.170337
  -- 4 : 1 = 0
  -- 4 : 2 = 0.369821
  -- 5 : 1 = 0.426686
  -- 5 : 2 = -0.276379
  -- 6 : 1 = 0.0317523
  -- 6 : 2 = -0.184282
  -- 7 : 1 = 0.358447
  -- 7 : 2 = -0.246417
  -- 8 : 1 = 0.177566
  -- 8 : 2 = -0.177628
  -- 9 : 1 = -0.520803
  -- 9 : 2 = -0.00308572
Out\Act	False		True
False	0.257972	0.584008	0.84198
True	0.0242742	0.133746	0.15802
	0.282247	0.717753
	Accuracy [ (tp + tn) / testSize ]: 0.391718
	Precision [ tp / (tp + fp) ]:      0.186216
	Sensitivity [ tp / (tp + fn) ]:    0.843844
	Specificity [ tn / (tn + fp) ]:    0.306215
	F-Score [ 2tp / (2tp + fp + fn) ]: 0.305269
Particle (3):: Fit: 164.578	PB: 164.578	LB: 189.226	GB: 197.881	Conf: 0.298319	Pts: 70365
Particle (30):: Fit: 177.346	PB: 177.346	LB: 194.237	GB: 197.881	Conf: 0.167073	Pts: 60665
Particle (18):: Fit: 203.53	PB: 203.53	LB: 203.53	GB: 203.53	Conf: 0.55118	Pts: 120865
Global: 203.53 - Correct: 70% of 100 tests
Global Best: 
  Inner Net 1
  -- 1 : 1 = 0.48264
  -- 1 : 2 = -0.0500482
  -- 1 : 3 = 0.0395757
  -- 1 : 4 = -0.0496275
  -- 1 : 5 = 0.154005
  -- 1 : 6 = 0.322122
  -- 1 : 7 = -0.0730429
  -- 1 : 8 = -0.119837
  -- 1 : 9 = 0.0267534
  -- 2 : 1 = 0.752509
  -- 2 : 2 = -0.0445579
  -- 2 : 3 = 0.64045
  -- 2 : 4 = 0.280229
  -- 2 : 5 = 0.990651
  -- 2 : 6 = 0.584847
  -- 2 : 7 = 0.210504
  -- 2 : 8 = 0.0674871
  -- 2 : 9 = 0.818302
  -- 3 : 1 = -0.0275161
  -- 3 : 2 = -0.0225281
  -- 3 : 3 = -0.277858
  -- 3 : 4 = 0.0417439
  -- 3 : 5 = 0.672876
  -- 3 : 6 = 0.722165
  -- 3 : 7 = 0.743492
  -- 3 : 8 = 0.524851
  -- 3 : 9 = 0.5
  -- 4 : 1 = 0.639747
  -- 4 : 2 = 0
  -- 4 : 3 = 0.186627
  -- 4 : 4 = 0.240757
  -- 4 : 5 = 0.461388
  -- 4 : 6 = 0.793077
  -- 4 : 7 = -0.2119
  -- 4 : 8 = 0.525765
  -- 4 : 9 = -0.074862
  -- 5 : 1 = 0.858225
  -- 5 : 2 = 0.457876
  -- 5 : 3 = 0.338037
  -- 5 : 4 = -0.0025456
  -- 5 : 5 = 0.820385
  -- 5 : 6 = 0.208901
  -- 5 : 7 = -0.0226106
  -- 5 : 8 = 0.120261
  -- 5 : 9 = 0.132501
  -- 6 : 1 = 0.121423
  -- 6 : 2 = -0.411328
  -- 6 : 3 = -0.454665
  -- 6 : 4 = 0.308646
  -- 6 : 5 = 0.166646
  -- 6 : 6 = 0.411393
  -- 6 : 7 = 0.557558
  -- 6 : 8 = 0.00176509
  -- 6 : 9 = 0.792498
  -- 7 : 1 = 0.11808
  -- 7 : 2 = -0.022902
  -- 7 : 3 = 0.128545
  -- 7 : 4 = 0.00779827
  -- 7 : 5 = 0.0499997
  -- 7 : 6 = 0.347415
  -- 7 : 7 = 0.200375
  -- 7 : 8 = -0.137223
  -- 7 : 9 = 0.42651
  -- 8 : 1 = 0.271071
  -- 8 : 2 = -0.308802
  -- 8 : 3 = 0.330172
  -- 8 : 4 = 0.658153
  -- 8 : 5 = 0.256497
  -- 8 : 6 = -0.0973255
  -- 8 : 7 = -0.0342734
  -- 8 : 8 = 0.576404
  -- 8 : 9 = 0.198532
  -- 9 : 1 = 0.765452
  -- 9 : 2 = -0.0635214
  -- 9 : 3 = 0.225572
  -- 9 : 4 = 0.0628078
  -- 9 : 5 = -0.138194
  -- 9 : 6 = 0.0205948
  -- 9 : 7 = 0.181509
  -- 9 : 8 = -0.0300298
  -- 9 : 9 = 0.280961
  -- 10 : 1 = 0.836465
  -- 10 : 2 = 0.235356
  -- 10 : 3 = 0.377087
  -- 10 : 4 = -0.105741
  -- 10 : 5 = 0.135914
  -- 10 : 6 = 0.0836938
  -- 10 : 7 = 0.553315
  -- 10 : 8 = 0.311523
  -- 10 : 9 = 0.18615
  Inner Net 2
  -- 1 : 1 = 0.0354838
  -- 1 : 2 = -0.0055459
  -- 2 : 1 = -0.0231864
  -- 2 : 2 = 0.0539427
  -- 3 : 1 = -0.577762
  -- 3 : 2 = -0.273029
  -- 4 : 1 = -0.138641
  -- 4 : 2 = -0.218445
  -- 5 : 1 = 0.431542
  -- 5 : 2 = -0.220324
  -- 6 : 1 = -0.491001
  -- 6 : 2 = 0.0355841
  -- 7 : 1 = 0.152037
  -- 7 : 2 = -0.00140402
  -- 8 : 1 = -0.263623
  -- 8 : 2 = -0.165142
  -- 9 : 1 = 0.283086
  -- 9 : 2 = -0.246086
Out\Act	False		True
False	0.258924	0.583056	0.84198
True	0.0271299	0.13089	0.15802
	0.286054	0.713946
	Accuracy [ (tp + tn) / testSize ]: 0.389814
	Precision [ tp / (tp + fp) ]:      0.183211
	Sensitivity [ tp / (tp + fn) ]:    0.825826
	Specificity [ tn / (tn + fp) ]:    0.307345
	F-Score [ 2tp / (2tp + fp + fn) ]: 0.300055
Particle (32):: Fit: 173.898	PB: 173.898	LB: 194.237	GB: 203.53	Conf: 0.431037	Pts: 100263
Particle (20):: Fit: 161.609	PB: 161.609	LB: 203.53	GB: 203.53	Conf: 0.515949	Pts: 55861
Particle (12):: Fit: 199.684	PB: 199.684	LB: 199.684	GB: 203.53	Conf: 0.196712	Pts: 215760
Particle (3):: Fit: 172.983	PB: 172.983	LB: 189.226	GB: 203.53	Conf: 0.27519	Pts: 70458
Particle (20):: Fit: 168.46	PB: 168.46	LB: 203.53	GB: 203.53	Conf: 0.392536	Pts: 55959
Particle (2):: Fit: 173.894	PB: 173.894	LB: 189.226	GB: 203.53	Conf: 0.341785	Pts: 55457
Particle (4):: Fit: 186.305	PB: 186.305	LB: 189.226	GB: 203.53	Conf: 0.639556	Pts: 155758
Particle (20):: Fit: 174.59	PB: 174.59	LB: 203.53	GB: 203.53	Conf: 0.365215	Pts: 56056
Particle (28):: Fit: 189.339	PB: 189.339	LB: 194.237	GB: 203.53	Conf: 0.200586	Pts: 105455
Particle (39):: Fit: 185.248	PB: 185.248	LB: 191.077	GB: 203.53	Conf: 0.844968	Pts: 65452
Particle (40):: Fit: 171.59	PB: 171.59	LB: 191.077	GB: 203.53	Conf: 1.78503	Pts: 70447
Particle (19):: Fit: 191.172	PB: 191.172	LB: 203.53	GB: 203.53	Conf: 0.671706	Pts: 135348
Particle (8):: Fit: 186.793	PB: 186.793	LB: 199.684	GB: 203.53	Conf: 0.414252	Pts: 155441
Particle (23):: Fit: 180.62	PB: 180.62	LB: 191.172	GB: 203.53	Conf: 0.599874	Pts: 85546
Particle (13):: Fit: 173.648	PB: 173.648	LB: 203.53	GB: 203.53	Conf: 0.751761	Pts: 80646
Particle (38):: Fit: 190.933	PB: 190.933	LB: 191.077	GB: 203.53	Conf: 0.570044	Pts: 130245
Particle (24):: Fit: 186.383	PB: 186.383	LB: 194.237	GB: 203.53	Conf: 0.662843	Pts: 95440
Particle (30):: Fit: 178.741	PB: 178.741	LB: 194.237	GB: 203.53	Conf: 0.071293	Pts: 60738
Particle (5):: Fit: 145.584	PB: 145.584	LB: 186.793	GB: 203.53	Conf: 0.403734	Pts: 70331
Particle (7):: Fit: 185.04	PB: 185.04	LB: 199.684	GB: 203.53	Conf: 0.575818	Pts: 55732
Particle (5):: Fit: 177.689	PB: 177.689	LB: 186.793	GB: 203.53	Conf: 0.596654	Pts: 70428
Particle (11):: Fit: 180.164	PB: 180.164	LB: 199.684	GB: 203.53	Conf: 0.365323	Pts: 55814
Particle (33):: Fit: 184.09	PB: 184.09	LB: 194.237	GB: 203.53	Conf: 0.671475	Pts: 55716
Particle (37):: Fit: 183.079	PB: 183.079	LB: 191.077	GB: 203.53	Conf: 0.361153	Pts: 115324
Particle (36):: Fit: 176.698	PB: 176.698	LB: 191.077	GB: 203.53	Conf: 0.674751	Pts: 70214
Particle (32):: Fit: 181.667	PB: 181.667	LB: 194.237	GB: 203.53	Conf: 0.654454	Pts: 100320
Particle (40):: Fit: 180.134	PB: 180.134	LB: 191.077	GB: 203.53	Conf: 0.989448	Pts: 70519
Particle (5):: Fit: 192.972	PB: 192.972	LB: 192.972	GB: 203.53	Conf: 0.728078	Pts: 105518
Particle (20):: Fit: 181.665	PB: 181.665	LB: 203.53	GB: 203.53	Conf: 0.44355	Pts: 56119
Particle (4):: Fit: 192.963	PB: 192.963	LB: 192.972	GB: 203.53	Conf: 0.537084	Pts: 160819
Particle (13):: Fit: 185.311	PB: 185.311	LB: 203.53	GB: 203.53	Conf: 0.713324	Pts: 80715
Particle (48):: Fit: 175.628	PB: 175.628	LB: 190.417	GB: 203.53	Conf: 0.117409	Pts: 50415
Particle (17):: Fit: 192.118	PB: 192.118	LB: 203.53	GB: 203.53	Conf: 0.769048	Pts: 55813
Particle (1):: Fit: 187.747	PB: 187.747	LB: 192.972	GB: 203.53	Conf: 0.696829	Pts: 55606
Particle (32):: Fit: 185.146	PB: 185.146	LB: 194.237	GB: 203.53	Conf: 0.415323	Pts: 100409
Particle (11):: Fit: 183.395	PB: 183.395	LB: 199.684	GB: 203.53	Conf: 0.577824	Pts: 55898
Particle (30):: Fit: 189.824	PB: 189.824	LB: 194.237	GB: 203.53	Conf: 0.252147	Pts: 60808
Particle (7):: Fit: 200.594	PB: 200.594	LB: 200.594	GB: 203.53	Conf: 0.656308	Pts: 105806
Particle (48):: Fit: 176.71	PB: 176.71	LB: 190.417	GB: 203.53	Conf: 0.0503706	Pts: 50504
Particle (5):: Fit: 198.135	PB: 198.135	LB: 200.594	GB: 203.53	Conf: 0.691113	Pts: 115603
Particle (43):: Fit: 178.812	PB: 178.812	LB: 191.077	GB: 203.53	Conf: 0.500191	Pts: 50896
Particle (49):: Fit: 176.633	PB: 176.633	LB: 192.963	GB: 203.53	Conf: 0.858305	Pts: 89995
Particle (3):: Fit: 177.444	PB: 177.444	LB: 200.594	GB: 203.53	Conf: 0.297027	Pts: 70494
Particle (26):: Fit: 185.905	PB: 185.905	LB: 194.237	GB: 203.53	Conf: 0.496363	Pts: 55568
Particle (44):: Fit: 156.116	PB: 156.116	LB: 191.077	GB: 203.53	Conf: 0.678899	Pts: 50374
Particle (43):: Fit: 179.734	PB: 179.734	LB: 191.077	GB: 203.53	Conf: 0.358099	Pts: 50983
Particle (49):: Fit: 178.98	PB: 178.98	LB: 192.963	GB: 203.53	Conf: 0.864236	Pts: 90084
Particle (5):: Fit: 198.248	PB: 198.248	LB: 200.594	GB: 203.53	Conf: 0.618801	Pts: 125682
Particle (16):: Fit: 189.226	PB: 189.226	LB: 203.53	GB: 203.53	Conf: 0.464384	Pts: 70477
Particle (22):: Fit: 181.919	PB: 181.919	LB: 203.53	GB: 203.53	Conf: 0.929095	Pts: 65665
Particle (24):: Fit: 195.151	PB: 195.151	LB: 195.151	GB: 203.53	Conf: 0.536027	Pts: 125478
Particle (3):: Fit: 185.342	PB: 185.342	LB: 200.594	GB: 203.53	Conf: 0.314418	Pts: 70575
Particle (48):: Fit: 192.961	PB: 192.961	LB: 192.961	GB: 203.53	Conf: 0.0851049	Pts: 80574
Particle (2):: Fit: 175.822	PB: 175.822	LB: 200.594	GB: 203.53	Conf: 0.543026	Pts: 55474
Particle (34):: Fit: 154.466	PB: 154.466	LB: 190.933	GB: 203.53	Conf: 0.519151	Pts: 60257
Particle (1):: Fit: 192.776	PB: 192.776	LB: 198.248	GB: 203.53	Conf: 0.696661	Pts: 55667
Particle (6):: Fit: 181.221	PB: 181.221	LB: 200.594	GB: 203.53	Conf: 0.742548	Pts: 60170
Particle (19):: Fit: 195.027	PB: 195.027	LB: 203.53	GB: 203.53	Conf: 0.653743	Pts: 135363
Particle (13):: Fit: 194.126	PB: 194.126	LB: 203.53	GB: 203.53	Conf: 0.751446	Pts: 80757
Particle (20):: Fit: 183.94	PB: 183.94	LB: 203.53	GB: 203.53	Conf: 0.546746	Pts: 56159
Particle (35):: Fit: 187.778	PB: 187.778	LB: 190.933	GB: 203.53	Conf: 0.283461	Pts: 85359
Particle (6):: Fit: 185.561	PB: 185.561	LB: 200.594	GB: 203.53	Conf: 0.898736	Pts: 60248
Particle (46):: Fit: 189.758	PB: 189.758	LB: 192.961	GB: 203.53	Conf: 0.834411	Pts: 50342
Particle (47):: Fit: 195.705	PB: 195.705	LB: 195.705	GB: 203.53	Conf: 0.94341	Pts: 130335
Particle (36):: Fit: 181.555	PB: 181.555	LB: 191.077	GB: 203.53	Conf: 0.758105	Pts: 70217
Particle (32):: Fit: 188.797	PB: 188.797	LB: 194.237	GB: 203.53	Conf: 0.557952	Pts: 100427
Particle (3):: Fit: 192.959	PB: 192.959	LB: 200.594	GB: 203.53	Conf: 0.277382	Pts: 70624
Particle (14):: Fit: 194.447	PB: 194.447	LB: 203.53	GB: 203.53	Conf: 0.510989	Pts: 110720
Particle (24):: Fit: 195.957	PB: 195.957	LB: 195.957	GB: 203.53	Conf: 0.435312	Pts: 155522
Particle (11):: Fit: 188.459	PB: 188.459	LB: 200.594	GB: 203.53	Conf: 0.36524	Pts: 55912
Particle (19):: Fit: 197.451	PB: 197.451	LB: 203.53	GB: 203.53	Conf: 0.664242	Pts: 140420
Particle (34):: Fit: 156.709	PB: 156.709	LB: 190.933	GB: 203.53	Conf: 0.533946	Pts: 60298
Particle (23):: Fit: 181.323	PB: 181.323	LB: 197.451	GB: 203.53	Conf: 0.350136	Pts: 85514
Particle (28):: Fit: 191.53	PB: 191.53	LB: 195.957	GB: 203.53	Conf: 0.834525	Pts: 105410
Particle (33):: Fit: 196.962	PB: 196.962	LB: 196.962	GB: 203.53	Conf: 0.550936	Pts: 105701
Particle (10):: Fit: 189.426	PB: 189.426	LB: 200.594	GB: 203.53	Conf: 0.388872	Pts: 65803
Particle (22):: Fit: 183.858	PB: 183.858	LB: 203.53	GB: 203.53	Conf: 0.672187	Pts: 65686
Particle (25):: Fit: 179.27	PB: 179.27	LB: 195.957	GB: 203.53	Conf: 0.380488	Pts: 55381
Particle (20):: Fit: 186.574	PB: 186.574	LB: 203.53	GB: 203.53	Conf: 0.410259	Pts: 56194
Particle (49):: Fit: 181.072	PB: 181.072	LB: 195.705	GB: 203.53	Conf: 0.929657	Pts: 90090
Particle (45):: Fit: 198.685	PB: 198.685	LB: 198.685	GB: 203.53	Conf: 0.226348	Pts: 100573
Particle (8):: Fit: 196.871	PB: 196.871	LB: 200.594	GB: 203.53	Conf: 0.520913	Pts: 155369
Particle (43):: Fit: 182.452	PB: 182.452	LB: 198.685	GB: 203.53	Conf: 0.571949	Pts: 50969
Particle (30):: Fit: 191.428	PB: 191.428	LB: 196.962	GB: 203.53	Conf: 0.181673	Pts: 60754
Particle (36):: Fit: 182.888	PB: 182.888	LB: 196.962	GB: 203.53	Conf: 0.538062	Pts: 70243
Particle (20):: Fit: 192.265	PB: 192.265	LB: 203.53	GB: 203.53	Conf: 0.451515	Pts: 56254
Particle (2):: Fit: 187.891	PB: 187.891	LB: 200.594	GB: 203.53	Conf: 0.519405	Pts: 55453
Particle (23):: Fit: 181.348	PB: 181.348	LB: 197.451	GB: 203.53	Conf: 0.783029	Pts: 85548
Particle (4):: Fit: 193.94	PB: 193.94	LB: 200.594	GB: 203.53	Conf: 0.567988	Pts: 160746
Particle (9):: Fit: 192.061	PB: 192.061	LB: 200.594	GB: 203.53	Conf: 0.607454	Pts: 65441
Particle (49):: Fit: 182.222	PB: 182.222	LB: 198.685	GB: 203.53	Conf: 0.645127	Pts: 90130
Particle (27):: Fit: 189.871	PB: 189.871	LB: 195.957	GB: 203.53	Conf: 0.240534	Pts: 65422
Particle (49):: Fit: 196.95	PB: 196.95	LB: 198.685	GB: 203.53	Conf: 0.8937	Pts: 90224
Particle (11):: Fit: 192.253	PB: 192.253	LB: 200.594	GB: 203.53	Conf: 0.788284	Pts: 55898
Particle (36):: Fit: 191.645	PB: 191.645	LB: 196.962	GB: 203.53	Conf: 0.54001	Pts: 80290
Particle (25):: Fit: 184.614	PB: 184.614	LB: 195.957	GB: 203.53	Conf: 0.444353	Pts: 55363
Particle (9):: Fit: 193.352	PB: 193.352	LB: 200.594	GB: 203.53	Conf: 0.457171	Pts: 65464
Particle (0):: Fit: 192.734	PB: 192.734	LB: 198.248	GB: 203.53	Conf: 0.496137	Pts: 340313
Particle (17):: Fit: 199.673	PB: 199.673	LB: 203.53	GB: 203.53	Conf: 0.439708	Pts: 55584
Particle (40):: Fit: 193.123	PB: 193.123	LB: 198.685	GB: 203.53	Conf: 0.697744	Pts: 80263
Particle (1):: Fit: 196.488	PB: 196.488	LB: 198.248	GB: 203.53	Conf: 0.36535	Pts: 55449
Particle (3):: Fit: 199.789	PB: 199.789	LB: 200.594	GB: 203.53	Conf: 0.374283	Pts: 90440
Particle (10):: Fit: 189.95	PB: 189.95	LB: 200.594	GB: 203.53	Conf: 0.558279	Pts: 65633
Particle (6):: Fit: 203.949	PB: 203.949	LB: 203.949	GB: 203.949	Conf: 0.864539	Pts: 120026
Global: 203.949 - Correct: 77% of 100 tests
Global Best: 
  Inner Net 1
  -- 1 : 1 = 0.141391
  -- 1 : 2 = -0.0827026
  -- 1 : 3 = 0.0430676
  -- 1 : 4 = 0.230739
  -- 1 : 5 = 0.0638726
  -- 1 : 6 = -0.339645
  -- 1 : 7 = -0.285384
  -- 1 : 8 = -0.0359964
  -- 1 : 9 = -0.0795158
  -- 2 : 1 = 1
  -- 2 : 2 = -0.013289
  -- 2 : 3 = 0.302193
  -- 2 : 4 = -0.331185
  -- 2 : 5 = 0.109528
  -- 2 : 6 = 0.185303
  -- 2 : 7 = 0.0546628
  -- 2 : 8 = 0.252356
  -- 2 : 9 = 0.115989
  -- 3 : 1 = 0.21133
  -- 3 : 2 = -0.0986691
  -- 3 : 3 = -0.0606317
  -- 3 : 4 = 0.197816
  -- 3 : 5 = 0.576175
  -- 3 : 6 = -0.0482359
  -- 3 : 7 = 0.747508
  -- 3 : 8 = 0.425402
  -- 3 : 9 = -0.119422
  -- 4 : 1 = 0.932083
  -- 4 : 2 = 0.042537
  -- 4 : 3 = 0.264185
  -- 4 : 4 = 0.371746
  -- 4 : 5 = 0.177267
  -- 4 : 6 = -0.0688262
  -- 4 : 7 = -0.117385
  -- 4 : 8 = -0.0117986
  -- 4 : 9 = 0.323414
  -- 5 : 1 = 0.190091
  -- 5 : 2 = 0.641605
  -- 5 : 3 = 0.0599445
  -- 5 : 4 = -0.0891027
  -- 5 : 5 = -0.0652313
  -- 5 : 6 = 0.0872962
  -- 5 : 7 = -0.471586
  -- 5 : 8 = -0.0440965
  -- 5 : 9 = -0.0602179
  -- 6 : 1 = 0.278182
  -- 6 : 2 = 0.0867606
  -- 6 : 3 = 0.138625
  -- 6 : 4 = 0.0870704
  -- 6 : 5 = 0.616534
  -- 6 : 6 = -0.00464325
  -- 6 : 7 = 0.165049
  -- 6 : 8 = 0.0319368
  -- 6 : 9 = 0.388447
  -- 7 : 1 = 0.328675
  -- 7 : 2 = -0.131831
  -- 7 : 3 = 0.0538761
  -- 7 : 4 = -0.0463428
  -- 7 : 5 = 0.0116854
  -- 7 : 6 = -0.359324
  -- 7 : 7 = 0.331247
  -- 7 : 8 = 0.253652
  -- 7 : 9 = -0.00677195
  -- 8 : 1 = 0.364605
  -- 8 : 2 = 0.207793
  -- 8 : 3 = -0.0443035
  -- 8 : 4 = 0.320636
  -- 8 : 5 = 0.121312
  -- 8 : 6 = 0.568135
  -- 8 : 7 = 0.353955
  -- 8 : 8 = 0.349007
  -- 8 : 9 = 0.0687412
  -- 9 : 1 = 0.39247
  -- 9 : 2 = 0.0625672
  -- 9 : 3 = -0.195423
  -- 9 : 4 = 0.0670089
  -- 9 : 5 = 0.241078
  -- 9 : 6 = -0.145675
  -- 9 : 7 = 0.0468051
  -- 9 : 8 = 0.152422
  -- 9 : 9 = 0.0918052
  -- 10 : 1 = 0.80521
  -- 10 : 2 = -0.126568
  -- 10 : 3 = 0.0165856
  -- 10 : 4 = -0.252162
  -- 10 : 5 = -0.0215264
  -- 10 : 6 = -0.158412
  -- 10 : 7 = 0.118413
  -- 10 : 8 = 0.28321
  -- 10 : 9 = 0.322874
  Inner Net 2
  -- 1 : 1 = 0.294261
  -- 1 : 2 = -0.25056
  -- 2 : 1 = -0.57514
  -- 2 : 2 = -0.0764018
  -- 3 : 1 = -0.298301
  -- 3 : 2 = 0.122197
  -- 4 : 1 = -0.585023
  -- 4 : 2 = 0.452821
  -- 5 : 1 = -0.210019
  -- 5 : 2 = -0.0162767
  -- 6 : 1 = -0.00306656
  -- 6 : 2 = 0.1785
  -- 7 : 1 = -0.139633
  -- 7 : 2 = 0.220116
  -- 8 : 1 = -0.522398
  -- 8 : 2 = 0.44751
  -- 9 : 1 = -0.806155
  -- 9 : 2 = 0.367111
Out\Act	False		True
False	0.686816	0.155164	0.84198
True	0.092337	0.065683	0.15802
	0.779153	0.220847
	Accuracy [ (tp + tn) / testSize ]: 0.752499
	Precision [ tp / (tp + fp) ]:      0.296774
	Sensitivity [ tp / (tp + fn) ]:    0.414414
	Specificity [ tn / (tn + fp) ]:    0.815254
	F-Score [ 2tp / (2tp + fp + fn) ]: 0.346299
Particle (1):: Fit: 200.522	PB: 200.522	LB: 203.949	GB: 203.949	Conf: 0.699186	Pts: 80517
Particle (35):: Fit: 188.847	PB: 188.847	LB: 196.962	GB: 203.949	Conf: 0.238883	Pts: 85100
Particle (39):: Fit: 191.938	PB: 191.938	LB: 193.123	GB: 203.949	Conf: 0.806289	Pts: 65073
Particle (15):: Fit: 197.183	PB: 197.183	LB: 203.53	GB: 203.949	Conf: 0.822744	Pts: 189874
Particle (33):: Fit: 198.551	PB: 198.551	LB: 198.551	GB: 203.949	Conf: 0.665983	Pts: 155454
Particle (23):: Fit: 182.784	PB: 182.784	LB: 197.451	GB: 203.949	Conf: 0.839327	Pts: 85358
Particle (19):: Fit: 197.956	PB: 197.956	LB: 203.53	GB: 203.949	Conf: 0.618169	Pts: 145167
Particle (2):: Fit: 191.14	PB: 191.14	LB: 203.949	GB: 203.949	Conf: 0.519103	Pts: 55253
Particle (22):: Fit: 191.739	PB: 191.739	LB: 203.53	GB: 203.949	Conf: 0.803723	Pts: 65433
Particle (16):: Fit: 193.287	PB: 193.287	LB: 203.53	GB: 203.949	Conf: 0.458909	Pts: 70112
Particle (47):: Fit: 198.32	PB: 198.32	LB: 200.522	GB: 203.949	Conf: 0.397747	Pts: 130005
Particle (29):: Fit: 196.116	PB: 196.116	LB: 198.551	GB: 203.949	Conf: 0.957609	Pts: 279879
Particle (35):: Fit: 188.9	PB: 188.9	LB: 198.551	GB: 203.949	Conf: 0.21886	Pts: 85092
Particle (10):: Fit: 195.14	PB: 195.14	LB: 203.949	GB: 203.949	Conf: 0.39458	Pts: 65590
Particle (37):: Fit: 192.219	PB: 192.219	LB: 198.551	GB: 203.949	Conf: 0.353656	Pts: 114886
Particle (28):: Fit: 195.814	PB: 195.814	LB: 198.551	GB: 203.949	Conf: 0.583782	Pts: 105077
Particle (2):: Fit: 193.544	PB: 193.544	LB: 203.949	GB: 203.949	Conf: 0.577135	Pts: 55228
Particle (49):: Fit: 197.017	PB: 197.017	LB: 200.522	GB: 203.949	Conf: 0.842715	Pts: 89846
Particle (48):: Fit: 193.167	PB: 193.167	LB: 200.522	GB: 203.949	Conf: 0.181055	Pts: 80017
Particle (2):: Fit: 197.792	PB: 197.792	LB: 203.949	GB: 203.949	Conf: 0.475124	Pts: 55213
Particle (23):: Fit: 196.03	PB: 196.03	LB: 197.956	GB: 203.949	Conf: 0.801322	Pts: 85203
Particle (20):: Fit: 197.742	PB: 197.742	LB: 203.53	GB: 203.949	Conf: 0.522609	Pts: 60808
Particle (35):: Fit: 190.869	PB: 190.869	LB: 198.551	GB: 203.949	Conf: 0.214527	Pts: 84987
Particle (0):: Fit: 193.272	PB: 193.272	LB: 200.522	GB: 203.949	Conf: 0.455157	Pts: 339991
Particle (29):: Fit: 196.77	PB: 196.77	LB: 198.551	GB: 203.949	Conf: 0.768375	Pts: 294757
Particle (44):: Fit: 160.76	PB: 160.76	LB: 198.685	GB: 203.949	Conf: 0.561944	Pts: 49697
Particle (48):: Fit: 198.361	PB: 198.361	LB: 200.522	GB: 203.949	Conf: 0.478945	Pts: 79993
Particle (11):: Fit: 194.115	PB: 194.115	LB: 200.594	GB: 203.949	Conf: 0.358766	Pts: 55383
Particle (8):: Fit: 202.089	PB: 202.089	LB: 203.949	GB: 203.949	Conf: 0.767062	Pts: 164773
Particle (46):: Fit: 194.866	PB: 194.866	LB: 200.522	GB: 203.949	Conf: 0.785351	Pts: 49650
Particle (11):: Fit: 202.625	PB: 202.625	LB: 202.625	GB: 203.949	Conf: 0.474743	Pts: 65436
Particle (31):: Fit: 187.862	PB: 187.862	LB: 198.551	GB: 203.949	Conf: 0.67348	Pts: 54795
Particle (35):: Fit: 191.613	PB: 191.613	LB: 198.551	GB: 203.949	Conf: 0.595833	Pts: 84899
Particle (7):: Fit: 208.662	PB: 208.662	LB: 208.662	GB: 208.662	Conf: 0.625027	Pts: 164995
Global: 208.662 - Correct: 73% of 100 tests
Global Best: 
  Inner Net 1
  -- 1 : 1 = 0.13033
  -- 1 : 2 = 0.130759
  -- 1 : 3 = 0.123716
  -- 1 : 4 = 0.100648
  -- 1 : 5 = -0.208169
  -- 1 : 6 = -0.202462
  -- 1 : 7 = 0.0645407
  -- 1 : 8 = -0.126236
  -- 1 : 9 = 0.384537
  -- 2 : 1 = -0.5
  -- 2 : 2 = -0.137891
  -- 2 : 3 = 0.0977209
  -- 2 : 4 = 0.0596336
  -- 2 : 5 = 0.324795
  -- 2 : 6 = 0.397311
  -- 2 : 7 = -0.297854
  -- 2 : 8 = 0.0743052
  -- 2 : 9 = -0.096764
  -- 3 : 1 = 0.461899
  -- 3 : 2 = 0.0139
  -- 3 : 3 = 0.0888746
  -- 3 : 4 = -0.175921
  -- 3 : 5 = -0.00638853
  -- 3 : 6 = -0.0490421
  -- 3 : 7 = -0.00265123
  -- 3 : 8 = 0.265607
  -- 3 : 9 = 0.0257662
  -- 4 : 1 = 0.854772
  -- 4 : 2 = 0.0558405
  -- 4 : 3 = 0.320276
  -- 4 : 4 = 0.0948814
  -- 4 : 5 = -0.246118
  -- 4 : 6 = 0.444858
  -- 4 : 7 = -0.293482
  -- 4 : 8 = -0.234367
  -- 4 : 9 = -0.193119
  -- 5 : 1 = 0.167311
  -- 5 : 2 = 0.0748291
  -- 5 : 3 = -0.114876
  -- 5 : 4 = 0.000129414
  -- 5 : 5 = -0.0515539
  -- 5 : 6 = 0.285008
  -- 5 : 7 = 0.144733
  -- 5 : 8 = 0.0822448
  -- 5 : 9 = 0.233345
  -- 6 : 1 = 0.480101
  -- 6 : 2 = 0.513696
  -- 6 : 3 = 0.103267
  -- 6 : 4 = -0.384579
  -- 6 : 5 = -0.211608
  -- 6 : 6 = 0.248367
  -- 6 : 7 = -0.367838
  -- 6 : 8 = -0.0270796
  -- 6 : 9 = 0.389145
  -- 7 : 1 = 0.328467
  -- 7 : 2 = -0.215601
  -- 7 : 3 = -0.159933
  -- 7 : 4 = -0.313318
  -- 7 : 5 = 0.0206313
  -- 7 : 6 = -0.246102
  -- 7 : 7 = 0.31126
  -- 7 : 8 = 0.0863705
  -- 7 : 9 = 0.252233
  -- 8 : 1 = 0.183158
  -- 8 : 2 = -0.271029
  -- 8 : 3 = 0.0556804
  -- 8 : 4 = -0.33432
  -- 8 : 5 = -0.0469449
  -- 8 : 6 = -0.0546475
  -- 8 : 7 = 0.211579
  -- 8 : 8 = -0.0669263
  -- 8 : 9 = 0.479112
  -- 9 : 1 = 0.227917
  -- 9 : 2 = -0.225549
  -- 9 : 3 = -0.420054
  -- 9 : 4 = -0.0608238
  -- 9 : 5 = 0.00172556
  -- 9 : 6 = 0.334681
  -- 9 : 7 = 0.195946
  -- 9 : 8 = 0.156798
  -- 9 : 9 = -0.115323
  -- 10 : 1 = 1
  -- 10 : 2 = 0.127167
  -- 10 : 3 = -0.0903636
  -- 10 : 4 = -0.245108
  -- 10 : 5 = 0.395382
  -- 10 : 6 = 0.0763449
  -- 10 : 7 = 0.178363
  -- 10 : 8 = 0.17966
  -- 10 : 9 = -0.0224728
  Inner Net 2
  -- 1 : 1 = 0.812955
  -- 1 : 2 = -0.410207
  -- 2 : 1 = -0.122448
  -- 2 : 2 = -0.296377
  -- 3 : 1 = 0.0587382
  -- 3 : 2 = 0.0240243
  -- 4 : 1 = -0.126824
  -- 4 : 2 = -0.37021
  -- 5 : 1 = 0.484986
  -- 5 : 2 = -0.307828
  -- 6 : 1 = 0.0761275
  -- 6 : 2 = -0.0448341
  -- 7 : 1 = -0.368922
  -- 7 : 2 = 0.0946038
  -- 8 : 1 = -0.546638
  -- 8 : 2 = -0.268749
  -- 9 : 1 = -0.807877
  -- 9 : 2 = -0.0105226
Out\Act	False		True
False	0.425988	0.415992	0.84198
True	0.0418848	0.116135	0.15802
	0.467872	0.532128
	Accuracy [ (tp + tn) / testSize ]: 0.542123
	Precision [ tp / (tp + fp) ]:      0.218052
	Sensitivity [ tp / (tp + fn) ]:    0.732733
	Specificity [ tn / (tn + fp) ]:    0.50565
	F-Score [ 2tp / (2tp + fp + fn) ]: 0.33632
Particle (30):: Fit: 194.963	PB: 194.963	LB: 198.551	GB: 208.662	Conf: 0.0828896	Pts: 60070
Particle (32):: Fit: 189.678	PB: 189.678	LB: 198.551	GB: 208.662	Conf: 0.323066	Pts: 99627
Particle (31):: Fit: 189.368	PB: 189.368	LB: 198.551	GB: 208.662	Conf: 0.630705	Pts: 54763
Particle (20):: Fit: 198.188	PB: 198.188	LB: 203.53	GB: 208.662	Conf: 0.549465	Pts: 70458
Particle (21):: Fit: 190.981	PB: 190.981	LB: 203.53	GB: 208.662	Conf: 0.360193	Pts: 204100
Particle (27):: Fit: 192.034	PB: 192.034	LB: 196.77	GB: 208.662	Conf: 0.19407	Pts: 64519
Particle (16):: Fit: 199.315	PB: 199.315	LB: 203.53	GB: 208.662	Conf: 0.732498	Pts: 69522
Particle (32):: Fit: 202.153	PB: 202.153	LB: 202.153	GB: 208.662	Conf: 0.542505	Pts: 149504
Particle (14):: Fit: 197.336	PB: 197.336	LB: 203.53	GB: 208.662	Conf: 0.572161	Pts: 109688
Particle (5):: Fit: 200.043	PB: 200.043	LB: 208.662	GB: 208.662	Conf: 0.457359	Pts: 124598
Particle (9):: Fit: 194.137	PB: 194.137	LB: 208.662	GB: 208.662	Conf: 0.572586	Pts: 64588
Particle (47):: Fit: 201.977	PB: 201.977	LB: 201.977	GB: 208.662	Conf: 0.300944	Pts: 174363
Particle (32):: Fit: 204.876	PB: 204.876	LB: 204.876	GB: 208.662	Conf: 0.359467	Pts: 199543
Particle (4):: Fit: 194.916	PB: 194.916	LB: 208.662	GB: 208.662	Conf: 0.416352	Pts: 159722
Particle (24):: Fit: 197.135	PB: 197.135	LB: 198.188	GB: 208.662	Conf: 0.730748	Pts: 164398
Particle (0):: Fit: 194.606	PB: 194.606	LB: 201.977	GB: 208.662	Conf: 0.191607	Pts: 339487
Particle (13):: Fit: 199.126	PB: 199.126	LB: 203.53	GB: 208.662	Conf: 0.788516	Pts: 79495
Particle (24):: Fit: 200.054	PB: 200.054	LB: 200.054	GB: 208.662	Conf: 0.590136	Pts: 184409
Particle (44):: Fit: 162.076	PB: 162.076	LB: 201.977	GB: 208.662	Conf: 0.280725	Pts: 49160
Particle (25):: Fit: 194.815	PB: 194.815	LB: 200.054	GB: 208.662	Conf: 0.40303	Pts: 54227
Particle (28):: Fit: 197.264	PB: 197.264	LB: 204.876	GB: 208.662	Conf: 0.730928	Pts: 104249
Particle (17):: Fit: 202.363	PB: 202.363	LB: 203.53	GB: 208.662	Conf: 0.408981	Pts: 54535
Particle (43):: Fit: 187.756	PB: 187.756	LB: 201.977	GB: 208.662	Conf: 0.496506	Pts: 49695
Particle (28):: Fit: 198.318	PB: 198.318	LB: 204.876	GB: 208.662	Conf: 0.839224	Pts: 104297
Particle (22):: Fit: 196.677	PB: 196.677	LB: 203.53	GB: 208.662	Conf: 0.72332	Pts: 64448
Particle (25):: Fit: 195.681	PB: 195.681	LB: 200.054	GB: 208.662	Conf: 0.490878	Pts: 54210
Particle (15):: Fit: 203.535	PB: 203.535	LB: 203.535	GB: 208.662	Conf: 0.306796	Pts: 228797
Particle (0):: Fit: 195.958	PB: 195.958	LB: 201.977	GB: 208.662	Conf: 0.249014	Pts: 339235
Particle (44):: Fit: 173.827	PB: 173.827	LB: 201.977	GB: 208.662	Conf: 0.468743	Pts: 48956
Particle (43):: Fit: 189.399	PB: 189.399	LB: 201.977	GB: 208.662	Conf: 0.578489	Pts: 49569
Particle (43):: Fit: 194.481	PB: 194.481	LB: 201.977	GB: 208.662	Conf: 0.567863	Pts: 59601
Particle (27):: Fit: 192.325	PB: 192.325	LB: 204.876	GB: 208.662	Conf: 0.225668	Pts: 63974
Particle (35):: Fit: 202.124	PB: 202.124	LB: 204.876	GB: 208.662	Conf: 0.542883	Pts: 99085
Particle (20):: Fit: 198.346	PB: 198.346	LB: 203.53	GB: 208.662	Conf: 0.589804	Pts: 69753
Particle (33):: Fit: 202.523	PB: 202.523	LB: 204.876	GB: 208.662	Conf: 0.643318	Pts: 158946
Particle (8):: Fit: 214.729	PB: 214.729	LB: 214.729	GB: 214.729	Conf: 0.318961	Pts: 223658
Global: 214.729 - Correct: 76% of 100 tests
Global Best: 
  Inner Net 1
  -- 1 : 1 = 0.00547889
  -- 1 : 2 = -0.248163
  -- 1 : 3 = 0.136282
  -- 1 : 4 = 0.34932
  -- 1 : 5 = -0.106751
  -- 1 : 6 = -0.281825
  -- 1 : 7 = -0.0971514
  -- 1 : 8 = -0.183916
  -- 1 : 9 = -0.639994
  -- 2 : 1 = -0.542726
  -- 2 : 2 = 0.0132077
  -- 2 : 3 = 0.311116
  -- 2 : 4 = -0.251258
  -- 2 : 5 = 0.167671
  -- 2 : 6 = 0.274382
  -- 2 : 7 = -0.261181
  -- 2 : 8 = 0.165641
  -- 2 : 9 = 0.0133331
  -- 3 : 1 = 0.384471
  -- 3 : 2 = 0.0736087
  -- 3 : 3 = -0.0987104
  -- 3 : 4 = 0.0205982
  -- 3 : 5 = 0.337701
  -- 3 : 6 = -0.715963
  -- 3 : 7 = 0.0768301
  -- 3 : 8 = 0.055975
  -- 3 : 9 = -0.279557
  -- 4 : 1 = 0.177317
  -- 4 : 2 = 0.333762
  -- 4 : 3 = 0.711169
  -- 4 : 4 = 0.0373367
  -- 4 : 5 = 0.457733
  -- 4 : 6 = 0.295193
  -- 4 : 7 = -0.0341203
  -- 4 : 8 = -0.452113
  -- 4 : 9 = 0.277402
  -- 5 : 1 = 0.261337
  -- 5 : 2 = -0.0431799
  -- 5 : 3 = 0.0647063
  -- 5 : 4 = 0.187651
  -- 5 : 5 = -0.119295
  -- 5 : 6 = 0.399449
  -- 5 : 7 = 0.0152101
  -- 5 : 8 = -0.00882163
  -- 5 : 9 = -0.0181479
  -- 6 : 1 = 0.452657
  -- 6 : 2 = 0.015139
  -- 6 : 3 = 0.193651
  -- 6 : 4 = 0.299766
  -- 6 : 5 = -0.135665
  -- 6 : 6 = -0.238771
  -- 6 : 7 = -0.0385782
  -- 6 : 8 = 0.0741014
  -- 6 : 9 = -0.156964
  -- 7 : 1 = 0.306977
  -- 7 : 2 = 0.080128
  -- 7 : 3 = -0.274012
  -- 7 : 4 = -0.439903
  -- 7 : 5 = 0.294886
  -- 7 : 6 = -0.079564
  -- 7 : 7 = 0.183584
  -- 7 : 8 = -0.110992
  -- 7 : 9 = -0.136358
  -- 8 : 1 = 0.393126
  -- 8 : 2 = -0.422596
  -- 8 : 3 = -0.0187136
  -- 8 : 4 = 0.0208167
  -- 8 : 5 = -0.0225462
  -- 8 : 6 = 0.00208214
  -- 8 : 7 = -0.144507
  -- 8 : 8 = -0.0537524
  -- 8 : 9 = -0.243399
  -- 9 : 1 = 0.443019
  -- 9 : 2 = -0.126085
  -- 9 : 3 = 0.285674
  -- 9 : 4 = 0.389129
  -- 9 : 5 = 0.0410842
  -- 9 : 6 = 0.163007
  -- 9 : 7 = 0.450393
  -- 9 : 8 = 0.233694
  -- 9 : 9 = -0.066709
  -- 10 : 1 = 0.151136
  -- 10 : 2 = 0.0271395
  -- 10 : 3 = -0.13826
  -- 10 : 4 = 0.28012
  -- 10 : 5 = 0.126269
  -- 10 : 6 = -0.0892487
  -- 10 : 7 = 0.352909
  -- 10 : 8 = 0.331839
  -- 10 : 9 = 0.137337
  Inner Net 2
  -- 1 : 1 = 0.0383026
  -- 1 : 2 = 0.39561
  -- 2 : 1 = -0.683398
  -- 2 : 2 = -0.133884
  -- 3 : 1 = -0.0934788
  -- 3 : 2 = -0.0838676
  -- 4 : 1 = -0.156617
  -- 4 : 2 = -0.221056
  -- 5 : 1 = 0.169046
  -- 5 : 2 = -0.17256
  -- 6 : 1 = 0.158908
  -- 6 : 2 = 0.387727
  -- 7 : 1 = 0.0905876
  -- 7 : 2 = -0.0621626
  -- 8 : 1 = -0.127171
  -- 8 : 2 = 0.212965
  -- 9 : 1 = -0.641253
  -- 9 : 2 = -0.256064
Out\Act	False		True
False	0.321752	0.520228	0.84198
True	0.0328415	0.125178	0.15802
	0.354593	0.645407
	Accuracy [ (tp + tn) / testSize ]: 0.44693
	Precision [ tp / (tp + fp) ]:      0.19381
	Sensitivity [ tp / (tp + fn) ]:    0.78979
	Specificity [ tn / (tn + fp) ]:    0.381921
	F-Score [ 2tp / (2tp + fp + fn) ]: 0.311427
Particle (36):: Fit: 192.029	PB: 192.029	LB: 204.876	GB: 214.729	Conf: 0.591357	Pts: 78330
Particle (12):: Fit: 203.262	PB: 203.262	LB: 214.729	GB: 214.729	Conf: 0.576111	Pts: 213512
Particle (14):: Fit: 198.263	PB: 198.263	LB: 203.535	GB: 214.729	Conf: 0.526283	Pts: 108669
Particle (0):: Fit: 198.931	PB: 198.931	LB: 201.977	GB: 214.729	Conf: 0.500747	Pts: 338677
Particle (9):: Fit: 195.02	PB: 195.02	LB: 214.729	GB: 214.729	Conf: 0.863736	Pts: 63560
Particle (4):: Fit: 194.974	PB: 194.974	LB: 214.729	GB: 214.729	Conf: 0.481832	Pts: 158778
Particle (31):: Fit: 192.395	PB: 192.395	LB: 204.876	GB: 214.729	Conf: 0.621305	Pts: 53473
Particle (4):: Fit: 197.2	PB: 197.2	LB: 214.729	GB: 214.729	Conf: 0.407729	Pts: 158867
Particle (45):: Fit: 202.401	PB: 202.401	LB: 202.401	GB: 214.729	Conf: 0.562161	Pts: 148403
Particle (24):: Fit: 202.888	PB: 202.888	LB: 202.888	GB: 214.729	Conf: 0.641036	Pts: 203513
Particle (9):: Fit: 195.397	PB: 195.397	LB: 214.729	GB: 214.729	Conf: 0.884353	Pts: 63555
Particle (3):: Fit: 199.826	PB: 199.826	LB: 214.729	GB: 214.729	Conf: 0.385038	Pts: 88446
Particle (37):: Fit: 205.601	PB: 205.601	LB: 205.601	GB: 214.729	Conf: 0.317516	Pts: 162967
Particle (43):: Fit: 202.356	PB: 202.356	LB: 202.401	GB: 214.729	Conf: 0.477076	Pts: 58937
Particle (0):: Fit: 199.677	PB: 199.677	LB: 201.977	GB: 214.729	Conf: 0.438878	Pts: 338484
Particle (4):: Fit: 199.712	PB: 199.712	LB: 214.729	GB: 214.729	Conf: 0.571962	Pts: 158654
Particle (28):: Fit: 198.706	PB: 198.706	LB: 204.876	GB: 214.729	Conf: 0.574742	Pts: 103216
Particle (48):: Fit: 205.306	PB: 205.306	LB: 205.306	GB: 214.729	Conf: 0.370849	Pts: 123132
Particle (26):: Fit: 187.25	PB: 187.25	LB: 202.888	GB: 214.729	Conf: 0.411185	Pts: 52844
Particle (46):: Fit: 196.586	PB: 196.586	LB: 205.306	GB: 214.729	Conf: 0.665047	Pts: 47777
Particle (27):: Fit: 195.834	PB: 195.834	LB: 204.876	GB: 214.729	Conf: 0.234639	Pts: 62886
Particle (36):: Fit: 199.749	PB: 199.749	LB: 205.601	GB: 214.729	Conf: 0.793477	Pts: 77684
Particle (29):: Fit: 198.48	PB: 198.48	LB: 204.876	GB: 214.729	Conf: 0.905971	Pts: 292542
Particle (27):: Fit: 212.335	PB: 212.335	LB: 212.335	GB: 214.729	Conf: 0.23073	Pts: 112881
Particle (19):: Fit: 200.531	PB: 200.531	LB: 203.535	GB: 214.729	Conf: 0.603294	Pts: 142514
Particle (9):: Fit: 200.932	PB: 200.932	LB: 214.729	GB: 214.729	Conf: 0.388451	Pts: 62870
Particle (20):: Fit: 198.893	PB: 198.893	LB: 203.53	GB: 214.729	Conf: 0.43199	Pts: 68581
Global Best: 
  Inner Net 1
  -- 1 : 1 = 0.00547889
  -- 1 : 2 = -0.248163
  -- 1 : 3 = 0.136282
  -- 1 : 4 = 0.34932
  -- 1 : 5 = -0.106751
  -- 1 : 6 = -0.281825
  -- 1 : 7 = -0.0971514
  -- 1 : 8 = -0.183916
  -- 1 : 9 = -0.639994
  -- 2 : 1 = -0.542726
  -- 2 : 2 = 0.0132077
  -- 2 : 3 = 0.311116
  -- 2 : 4 = -0.251258
  -- 2 : 5 = 0.167671
  -- 2 : 6 = 0.274382
  -- 2 : 7 = -0.261181
  -- 2 : 8 = 0.165641
  -- 2 : 9 = 0.0133331
  -- 3 : 1 = 0.384471
  -- 3 : 2 = 0.0736087
  -- 3 : 3 = -0.0987104
  -- 3 : 4 = 0.0205982
  -- 3 : 5 = 0.337701
  -- 3 : 6 = -0.715963
  -- 3 : 7 = 0.0768301
  -- 3 : 8 = 0.055975
  -- 3 : 9 = -0.279557
  -- 4 : 1 = 0.177317
  -- 4 : 2 = 0.333762
  -- 4 : 3 = 0.711169
  -- 4 : 4 = 0.0373367
  -- 4 : 5 = 0.457733
  -- 4 : 6 = 0.295193
  -- 4 : 7 = -0.0341203
  -- 4 : 8 = -0.452113
  -- 4 : 9 = 0.277402
  -- 5 : 1 = 0.261337
  -- 5 : 2 = -0.0431799
  -- 5 : 3 = 0.0647063
  -- 5 : 4 = 0.187651
  -- 5 : 5 = -0.119295
  -- 5 : 6 = 0.399449
  -- 5 : 7 = 0.0152101
  -- 5 : 8 = -0.00882163
  -- 5 : 9 = -0.0181479
  -- 6 : 1 = 0.452657
  -- 6 : 2 = 0.015139
  -- 6 : 3 = 0.193651
  -- 6 : 4 = 0.299766
  -- 6 : 5 = -0.135665
  -- 6 : 6 = -0.238771
  -- 6 : 7 = -0.0385782
  -- 6 : 8 = 0.0741014
  -- 6 : 9 = -0.156964
  -- 7 : 1 = 0.306977
  -- 7 : 2 = 0.080128
  -- 7 : 3 = -0.274012
  -- 7 : 4 = -0.439903
  -- 7 : 5 = 0.294886
  -- 7 : 6 = -0.079564
  -- 7 : 7 = 0.183584
  -- 7 : 8 = -0.110992
  -- 7 : 9 = -0.136358
  -- 8 : 1 = 0.393126
  -- 8 : 2 = -0.422596
  -- 8 : 3 = -0.0187136
  -- 8 : 4 = 0.0208167
  -- 8 : 5 = -0.0225462
  -- 8 : 6 = 0.00208214
  -- 8 : 7 = -0.144507
  -- 8 : 8 = -0.0537524
  -- 8 : 9 = -0.243399
  -- 9 : 1 = 0.443019
  -- 9 : 2 = -0.126085
  -- 9 : 3 = 0.285674
  -- 9 : 4 = 0.389129
  -- 9 : 5 = 0.0410842
  -- 9 : 6 = 0.163007
  -- 9 : 7 = 0.450393
  -- 9 : 8 = 0.233694
  -- 9 : 9 = -0.066709
  -- 10 : 1 = 0.151136
  -- 10 : 2 = 0.0271395
  -- 10 : 3 = -0.13826
  -- 10 : 4 = 0.28012
  -- 10 : 5 = 0.126269
  -- 10 : 6 = -0.0892487
  -- 10 : 7 = 0.352909
  -- 10 : 8 = 0.331839
  -- 10 : 9 = 0.137337
  Inner Net 2
  -- 1 : 1 = 0.0383026
  -- 1 : 2 = 0.39561
  -- 2 : 1 = -0.683398
  -- 2 : 2 = -0.133884
  -- 3 : 1 = -0.0934788
  -- 3 : 2 = -0.0838676
  -- 4 : 1 = -0.156617
  -- 4 : 2 = -0.221056
  -- 5 : 1 = 0.169046
  -- 5 : 2 = -0.17256
  -- 6 : 1 = 0.158908
  -- 6 : 2 = 0.387727
  -- 7 : 1 = 0.0905876
  -- 7 : 2 = -0.0621626
  -- 8 : 1 = -0.127171
  -- 8 : 2 = 0.212965
  -- 9 : 1 = -0.641253
  -- 9 : 2 = -0.256064
Out\Act	False		True
False	0.321752	0.520228	0.84198
True	0.0328415	0.125178	0.15802
	0.354593	0.645407
	Accuracy [ (tp + tn) / testSize ]: 0.44693
	Precision [ tp / (tp + fp) ]:      0.19381
	Sensitivity [ tp / (tp + fn) ]:    0.78979
	Specificity [ tn / (tn + fp) ]:    0.381921
	F-Score [ 2tp / (2tp + fp + fn) ]: 0.311427
