
Date / Time: Fri Mar 31 04:27:21 2017

   ****************************************
   * PSO Neural Net (Gaussian Activation) *
   *       by William Boler, BSCE         *
   *     Research Assistant, IUPUI        *
   *                                      *
   *  Professor: Dr. Lauren Christopher   *
   *     Created: March 13, 2017          *
   ****************************************


Inputs: 6
Inner Nets: 1
 - 5
Tests per train(min): 100
Particles: 50
Neighbors: 10
Minimum Particle Iterations: 1000
Particle (0):: Fit: 0.116375	PB: 0.116375	LB: 0.116375	GB: 0.116375	Conf: 1.95671	Pts: 110099
Particle (1):: Fit: 0.112162	PB: 0.112162	LB: 0.116375	GB: 0.116375	Conf: 0.827464	Pts: 55099
Particle (2):: Fit: 0.126301	PB: 0.126301	LB: 0.126301	GB: 0.126301	Conf: 1.5746	Pts: 110099
Particle (3):: Fit: 0.0116308	PB: 0.0116308	LB: 0.126301	GB: 0.126301	Conf: 1.17985	Pts: 55099
Particle (4):: Fit: 0.00102096	PB: 0.00102096	LB: 0.126301	GB: 0.126301	Conf: 2	Pts: 55099
Particle (5):: Fit: 9.53334e-005	PB: 9.53334e-005	LB: 0.126301	GB: 0.126301	Conf: 0.456668	Pts: 55099
Particle (6):: Fit: 0.0104126	PB: 0.0104126	LB: 0.126301	GB: 0.126301	Conf: 2	Pts: 65099
Particle (7):: Fit: 0.000960055	PB: 0.000960055	LB: 0.0116308	GB: 0.126301	Conf: 2	Pts: 55099
Particle (8):: Fit: 0.000838246	PB: 0.000838246	LB: 0.0104126	GB: 0.126301	Conf: 2	Pts: 55099
Particle (9):: Fit: 0.0116305	PB: 0.0116305	LB: 0.0116305	GB: 0.126301	Conf: 2	Pts: 80099
Particle (10):: Fit: 0.0110215	PB: 0.0110215	LB: 0.0116305	GB: 0.126301	Conf: 2	Pts: 55099
Particle (11):: Fit: 0.000980421	PB: 0.000980421	LB: 0.0116305	GB: 0.126301	Conf: 0.475938	Pts: 55099
Particle (12):: Fit: 0.0110264	PB: 0.0110264	LB: 0.0116305	GB: 0.126301	Conf: 1.97926	Pts: 65099
Particle (13):: Fit: 0.00102099	PB: 0.00102099	LB: 0.0116305	GB: 0.126301	Conf: 1.79461	Pts: 55099
Particle (14):: Fit: 0.000919472	PB: 0.000919472	LB: 0.0110264	GB: 0.126301	Conf: 1.83645	Pts: 55099
Particle (15):: Fit: 0.0116305	PB: 0.0116305	LB: 0.0116305	GB: 0.126301	Conf: 2	Pts: 80099
Particle (16):: Fit: 0.0106167	PB: 0.0106167	LB: 0.0116305	GB: 0.126301	Conf: 1.97279	Pts: 55099
Particle (17):: Fit: 0.10624	PB: 0.10624	LB: 0.10624	GB: 0.126301	Conf: 1.9709	Pts: 100099
Particle (18):: Fit: 0.0108185	PB: 0.0108185	LB: 0.10624	GB: 0.126301	Conf: 1.9322	Pts: 55099
Particle (19):: Fit: 0.00918992	PB: 0.00918992	LB: 0.10624	GB: 0.126301	Conf: 1.81457	Pts: 55099
Particle (20):: Fit: 0.0112245	PB: 0.0112245	LB: 0.10624	GB: 0.126301	Conf: 2	Pts: 65099
Particle (21):: Fit: 0.00102096	PB: 0.00102096	LB: 0.10624	GB: 0.126301	Conf: 2	Pts: 55099
Particle (22):: Fit: 0.0110215	PB: 0.0110215	LB: 0.0112245	GB: 0.126301	Conf: 2	Pts: 60099
Particle (23):: Fit: 0.000939754	PB: 0.000939754	LB: 0.0112245	GB: 0.126301	Conf: 2	Pts: 55099
Particle (24):: Fit: 0.000980356	PB: 0.000980356	LB: 0.0112245	GB: 0.126301	Conf: 2	Pts: 60099
Particle (25):: Fit: 0.000817943	PB: 0.000817943	LB: 0.0110215	GB: 0.126301	Conf: 2	Pts: 55099
Particle (26):: Fit: 0.114314	PB: 0.114314	LB: 0.114314	GB: 0.126301	Conf: 1.85365	Pts: 100099
Particle (27):: Fit: 0.112155	PB: 0.112155	LB: 0.114314	GB: 0.126301	Conf: 1.49972	Pts: 55099
Particle (28):: Fit: 0.0110215	PB: 0.0110215	LB: 0.114314	GB: 0.126301	Conf: 1.90322	Pts: 55099
Particle (29):: Fit: 0.000980356	PB: 0.000980356	LB: 0.114314	GB: 0.126301	Conf: 2	Pts: 55099
Particle (30):: Fit: 0.0112245	PB: 0.0112245	LB: 0.114314	GB: 0.126301	Conf: 2	Pts: 65099
Particle (31):: Fit: 0.000919453	PB: 0.000919453	LB: 0.112155	GB: 0.126301	Conf: 2	Pts: 55099
Particle (32):: Fit: 0.00100066	PB: 0.00100066	LB: 0.0112245	GB: 0.126301	Conf: 2	Pts: 60099
Particle (33):: Fit: 0.00102096	PB: 0.00102096	LB: 0.0112245	GB: 0.126301	Conf: 2	Pts: 65099
Particle (34):: Fit: 0.00102096	PB: 0.00102096	LB: 0.0112245	GB: 0.126301	Conf: 2	Pts: 55099
Particle (35):: Fit: 0.00087885	PB: 0.00087885	LB: 0.00102096	GB: 0.126301	Conf: 2	Pts: 55099
Particle (36):: Fit: 0.000960055	PB: 0.000960055	LB: 0.00102096	GB: 0.126301	Conf: 1.98356	Pts: 60099
Particle (37):: Fit: 0.000919453	PB: 0.000919453	LB: 0.00102096	GB: 0.126301	Conf: 2	Pts: 55099
Particle (38):: Fit: 0.010616	PB: 0.010616	LB: 0.010616	GB: 0.126301	Conf: 1.72658	Pts: 90099
Particle (39):: Fit: 0.0104131	PB: 0.0104131	LB: 0.010616	GB: 0.126301	Conf: 1.98454	Pts: 55099
Particle (40):: Fit: 0.112101	PB: 0.112101	LB: 0.112101	GB: 0.126301	Conf: 1.55861	Pts: 100099
Particle (41):: Fit: 0.000874005	PB: 0.000874005	LB: 0.112101	GB: 0.126301	Conf: 0.745964	Pts: 50099
Particle (42):: Fit: 0.000939754	PB: 0.000939754	LB: 0.112101	GB: 0.126301	Conf: 2	Pts: 50099
Particle (43):: Fit: 0.000838246	PB: 0.000838246	LB: 0.112101	GB: 0.126301	Conf: 2	Pts: 50099
Particle (44):: Fit: 0.114343	PB: 0.114343	LB: 0.114343	GB: 0.126301	Conf: 0.675468	Pts: 80099
Particle (45):: Fit: 0.000960082	PB: 0.000960082	LB: 0.116375	GB: 0.126301	Conf: 1.9897	Pts: 50099
Particle (46):: Fit: 0.000899294	PB: 0.000899294	LB: 0.116375	GB: 0.126301	Conf: 1.90403	Pts: 50099
Particle (47):: Fit: 0.000960055	PB: 0.000960055	LB: 0.126301	GB: 0.126301	Conf: 2	Pts: 50099
Particle (48):: Fit: 0.0118335	PB: 0.0118335	LB: 0.126301	GB: 0.126301	Conf: 2	Pts: 50099
Particle (49):: Fit: 0.000980384	PB: 0.000980384	LB: 0.126301	GB: 0.126301	Conf: 1.59046	Pts: 50099
Global: 0.126301 - Correct: 53% of 100 tests
Global Best: 
  Inner Net 1
  -- 1 : 1 = 0.2117
  -- 1 : 2 = 0.009
  -- 1 : 3 = 0.3997
  -- 1 : 4 = 0.6252
  -- 1 : 5 = 0.0509
  -- 2 : 1 = 0.4095
  -- 2 : 2 = 0.3622
  -- 2 : 3 = 0.7406
  -- 2 : 4 = 0.2297
  -- 2 : 5 = 0.1406
  -- 3 : 1 = 0.4799
  -- 3 : 2 = 0.1582
  -- 3 : 3 = 0.1063
  -- 3 : 4 = 0.95
  -- 3 : 5 = 0.5916
  -- 4 : 1 = 0.2016
  -- 4 : 2 = 0.0601
  -- 4 : 3 = 0.5012
  -- 4 : 4 = 0.6462
  -- 4 : 5 = 0.184
  -- 5 : 1 = 0.2024
  -- 5 : 2 = 0.2841
  -- 5 : 3 = 0.4023
  -- 5 : 4 = 0.1656
  -- 5 : 5 = 0.5368
  -- 6 : 1 = 0.5888
  -- 6 : 2 = 0.0655
  -- 6 : 3 = 0.8353
  -- 6 : 4 = 0.3165
  -- 6 : 5 = 0.8428
  Inner Net 2
  -- 1 : 1 = -0.167366
  -- 1 : 2 = 0.2018
  -- 2 : 1 = -0.184754
  -- 2 : 2 = -0.0398
  -- 3 : 1 = -0.0897449
  -- 3 : 2 = 0.0962268
  -- 4 : 1 = -0.269901
  -- 4 : 2 = 0.2166
  -- 5 : 1 = -0.011
  -- 5 : 2 = 0.1523
Out\Act	False		True
False	0.84198	0	0.84198
True	0.15802	0	0.15802
	1	0
	Accuracy [ (tp + tn) / testSize ]: 0.84198
	Precision [ tp / (tp + fp) ]:      0
	Sensitivity [ tp / (tp + fn) ]:    0
	Specificity [ tn / (tn + fp) ]:    0.999435
	F-Score [ 2tp / (2tp + fp + fn) ]: 0
Particle (3):: Fit: 0.114381	PB: 0.114381	LB: 0.126301	GB: 0.126301	Conf: 0.695355	Pts: 60198
Particle (5):: Fit: 0.000892377	PB: 0.000892377	LB: 0.126301	GB: 0.126301	Conf: 0.775962	Pts: 55197
Particle (6):: Fit: 0.0112245	PB: 0.0112245	LB: 0.126301	GB: 0.126301	Conf: 2	Pts: 65198
Particle (7):: Fit: 0.0108186	PB: 0.0108186	LB: 0.114381	GB: 0.126301	Conf: 2	Pts: 55198
Particle (8):: Fit: 0.000899152	PB: 0.000899152	LB: 0.0116305	GB: 0.126301	Conf: 2	Pts: 55198
Particle (11):: Fit: 0.0128487	PB: 0.0128487	LB: 0.0128487	GB: 0.126301	Conf: 0.0660662	Pts: 75198
Particle (20):: Fit: 0.0118335	PB: 0.0118335	LB: 0.10624	GB: 0.126301	Conf: 2	Pts: 65198
Particle (21):: Fit: 0.110287	PB: 0.110287	LB: 0.114314	GB: 0.126301	Conf: 1.98576	Pts: 80198
Particle (23):: Fit: 0.000980356	PB: 0.000980356	LB: 0.114314	GB: 0.126301	Conf: 2	Pts: 55198
Particle (25):: Fit: 0.00100066	PB: 0.00100066	LB: 0.114314	GB: 0.126301	Conf: 2	Pts: 55198
Particle (31):: Fit: 0.0112245	PB: 0.0112245	LB: 0.112155	GB: 0.126301	Conf: 2	Pts: 55198
Particle (33):: Fit: 0.0112245	PB: 0.0112245	LB: 0.0112245	GB: 0.126301	Conf: 2	Pts: 65198
Particle (34):: Fit: 0.0106155	PB: 0.0106155	LB: 0.0112245	GB: 0.126301	Conf: 1.94222	Pts: 55198
Particle (35):: Fit: 0.0114275	PB: 0.0114275	LB: 0.112101	GB: 0.126301	Conf: 2	Pts: 70198
Particle (37):: Fit: 0.0116305	PB: 0.0116305	LB: 0.112101	GB: 0.126301	Conf: 2	Pts: 70198
Particle (41):: Fit: 0.00116171	PB: 0.00116171	LB: 0.114343	GB: 0.126301	Conf: 0.287782	Pts: 50198
Particle (43):: Fit: 0.0110215	PB: 0.0110215	LB: 0.114343	GB: 0.126301	Conf: 2	Pts: 50198
Particle (46):: Fit: 0.000980364	PB: 0.000980364	LB: 0.116375	GB: 0.126301	Conf: 1.93681	Pts: 50198
Particle (49):: Fit: 0.110151	PB: 0.110151	LB: 0.126301	GB: 0.126301	Conf: 1.61737	Pts: 50198
Particle (4):: Fit: 0.0108186	PB: 0.0108186	LB: 0.126301	GB: 0.126301	Conf: 2	Pts: 55197
Particle (5):: Fit: 0.0105257	PB: 0.0105257	LB: 0.126301	GB: 0.126301	Conf: 0.650662	Pts: 55296
Particle (8):: Fit: 0.0108186	PB: 0.0108186	LB: 0.0128487	GB: 0.126301	Conf: 2	Pts: 55297
Particle (24):: Fit: 0.0104136	PB: 0.0104136	LB: 0.114314	GB: 0.126301	Conf: 1.9564	Pts: 60197
Particle (29):: Fit: 0.0118335	PB: 0.0118335	LB: 0.114314	GB: 0.126301	Conf: 2	Pts: 65197
Particle (31):: Fit: 0.0122395	PB: 0.0122395	LB: 0.112155	GB: 0.126301	Conf: 2	Pts: 70297
Particle (32):: Fit: 0.0110215	PB: 0.0110215	LB: 0.0122395	GB: 0.126301	Conf: 2	Pts: 60197
Particle (33):: Fit: 0.0114275	PB: 0.0114275	LB: 0.0122395	GB: 0.126301	Conf: 2	Pts: 65297
Particle (34):: Fit: 0.0112252	PB: 0.0112252	LB: 0.0122395	GB: 0.126301	Conf: 1.98469	Pts: 55297
Particle (36):: Fit: 0.0106194	PB: 0.0106194	LB: 0.112101	GB: 0.126301	Conf: 1.96987	Pts: 60197
Particle (41):: Fit: 0.0107757	PB: 0.0107757	LB: 0.114343	GB: 0.126301	Conf: 0.71753	Pts: 50297
Particle (42):: Fit: 0.0114275	PB: 0.0114275	LB: 0.114343	GB: 0.126301	Conf: 2	Pts: 50197
Particle (43):: Fit: 0.0112245	PB: 0.0112245	LB: 0.114343	GB: 0.126301	Conf: 2	Pts: 50297
Particle (45):: Fit: 0.000980356	PB: 0.000980356	LB: 0.116375	GB: 0.126301	Conf: 2	Pts: 50197
Particle (49):: Fit: 0.114213	PB: 0.114213	LB: 0.126301	GB: 0.126301	Conf: 1.53929	Pts: 50297
Particle (0):: Fit: 0.126531	PB: 0.126531	LB: 0.126531	GB: 0.126531	Conf: 1.94085	Pts: 170196
Particle (3):: Fit: 0.124434	PB: 0.124434	LB: 0.126531	GB: 0.126531	Conf: 0.710274	Pts: 65296
Particle (5):: Fit: 0.0108193	PB: 0.0108193	LB: 0.126301	GB: 0.126531	Conf: 0.61089	Pts: 55395
Particle (10):: Fit: 0.0124424	PB: 0.0124424	LB: 0.0128487	GB: 0.126531	Conf: 2	Pts: 55196
Particle (16):: Fit: 0.0112245	PB: 0.0112245	LB: 0.110287	GB: 0.126531	Conf: 2	Pts: 55196
Particle (18):: Fit: 0.0120366	PB: 0.0120366	LB: 0.110287	GB: 0.126531	Conf: 1.88053	Pts: 55196
Particle (19):: Fit: 0.009809	PB: 0.009809	LB: 0.110287	GB: 0.126531	Conf: 1.81724	Pts: 55196
Particle (24):: Fit: 0.0108186	PB: 0.0108186	LB: 0.114314	GB: 0.126531	Conf: 1.97142	Pts: 60296
Particle (25):: Fit: 0.0128484	PB: 0.0128484	LB: 0.114314	GB: 0.126531	Conf: 2	Pts: 55296
Particle (46):: Fit: 0.00102096	PB: 0.00102096	LB: 0.126531	GB: 0.126531	Conf: 1.98072	Pts: 50296
Global: 0.126531 - Correct: 40% of 100 tests
Global Best: 
  Inner Net 1
  -- 1 : 1 = 0.9596
  -- 1 : 2 = 0.1812
  -- 1 : 3 = 0.0253
  -- 1 : 4 = 0.2131
  -- 1 : 5 = 0.0052
  -- 2 : 1 = 0.3784
  -- 2 : 2 = 0.218
  -- 2 : 3 = 0.836
  -- 2 : 4 = 0.042
  -- 2 : 5 = 0.7925
  -- 3 : 1 = 0.3822
  -- 3 : 2 = 0.3329
  -- 3 : 3 = 0.57
  -- 3 : 4 = 0.3788
  -- 3 : 5 = 0.115
  -- 4 : 1 = 0.226
  -- 4 : 2 = 0.8714
  -- 4 : 3 = 0.2545
  -- 4 : 4 = 0.7909
  -- 4 : 5 = 0.4499
  -- 5 : 1 = 0.3945
  -- 5 : 2 = 0.7012
  -- 5 : 3 = 0.621
  -- 5 : 4 = 0.1354
  -- 5 : 5 = 0.153
  -- 6 : 1 = 0.9714
  -- 6 : 2 = 0.7101
  -- 6 : 3 = 0.1716
  -- 6 : 4 = 0.6602
  -- 6 : 5 = 0.6221
  Inner Net 2
  -- 1 : 1 = 0.0898062
  -- 1 : 2 = 0.23915
  -- 2 : 1 = -0.308455
  -- 2 : 2 = -0.404674
  -- 3 : 1 = 0.207997
  -- 3 : 2 = 0.245866
  -- 4 : 1 = 0.125062
  -- 4 : 2 = -0.189682
  -- 5 : 1 = 0.494248
  -- 5 : 2 = 0.23664
Out\Act	False		True
False	0.84198	0	0.84198
True	0.157068	0.000951928	0.15802
	0.999048	0.000951928
	Accuracy [ (tp + tn) / testSize ]: 0.842932
	Precision [ tp / (tp + fp) ]:      0.666667
	Sensitivity [ tp / (tp + fn) ]:    0.00600601
	Specificity [ tn / (tn + fp) ]:    0.999435
	F-Score [ 2tp / (2tp + fp + fn) ]: 0.0119403
Particle (4):: Fit: 0.0114275	PB: 0.0114275	LB: 0.126531	GB: 0.126531	Conf: 2	Pts: 55295
Particle (7):: Fit: 0.0112245	PB: 0.0112245	LB: 0.124434	GB: 0.126531	Conf: 2	Pts: 55295
Particle (14):: Fit: 0.010417	PB: 0.010417	LB: 0.10624	GB: 0.126531	Conf: 1.82127	Pts: 55194
Particle (20):: Fit: 0.0120365	PB: 0.0120365	LB: 0.110287	GB: 0.126531	Conf: 2	Pts: 65295
Particle (22):: Fit: 0.0118335	PB: 0.0118335	LB: 0.114314	GB: 0.126531	Conf: 2	Pts: 60195
Particle (27):: Fit: 0.120305	PB: 0.120305	LB: 0.120305	GB: 0.126531	Conf: 1.51432	Pts: 105195
Particle (38):: Fit: 0.0114281	PB: 0.0114281	LB: 0.112101	GB: 0.126531	Conf: 1.47773	Pts: 90195
Particle (46):: Fit: 0.0108234	PB: 0.0108234	LB: 0.126531	GB: 0.126531	Conf: 1.97492	Pts: 50395
Particle (47):: Fit: 0.0130514	PB: 0.0130514	LB: 0.126531	GB: 0.126531	Conf: 2	Pts: 50195
Particle (6):: Fit: 0.0116313	PB: 0.0116313	LB: 0.126301	GB: 0.126531	Conf: 1.98319	Pts: 65294
Particle (13):: Fit: 0.0112251	PB: 0.0112251	LB: 0.10624	GB: 0.126531	Conf: 1.82893	Pts: 55194
Particle (16):: Fit: 0.0114276	PB: 0.0114276	LB: 0.110287	GB: 0.126531	Conf: 1.93564	Pts: 55294
Particle (18):: Fit: 0.0122448	PB: 0.0122448	LB: 0.110287	GB: 0.126531	Conf: 1.97584	Pts: 55294
Particle (23):: Fit: 0.0106156	PB: 0.0106156	LB: 0.120305	GB: 0.126531	Conf: 2	Pts: 55294
Particle (24):: Fit: 0.0108226	PB: 0.0108226	LB: 0.120305	GB: 0.126531	Conf: 1.95754	Pts: 60394
Particle (35):: Fit: 0.0116305	PB: 0.0116305	LB: 0.112101	GB: 0.126531	Conf: 2	Pts: 70294
Particle (45):: Fit: 0.0104126	PB: 0.0104126	LB: 0.126531	GB: 0.126531	Conf: 2	Pts: 50294
Particle (13):: Fit: 0.0114277	PB: 0.0114277	LB: 0.10624	GB: 0.126531	Conf: 1.86426	Pts: 55293
Particle (19):: Fit: 0.0120368	PB: 0.0120368	LB: 0.110287	GB: 0.126531	Conf: 1.60476	Pts: 55293
Particle (23):: Fit: 0.0112245	PB: 0.0112245	LB: 0.120305	GB: 0.126531	Conf: 2	Pts: 55393
Particle (24):: Fit: 0.0128516	PB: 0.0128516	LB: 0.120305	GB: 0.126531	Conf: 1.96772	Pts: 60493
Particle (25):: Fit: 0.0130514	PB: 0.0130514	LB: 0.120305	GB: 0.126531	Conf: 2	Pts: 55393
Particle (28):: Fit: 0.126519	PB: 0.126519	LB: 0.126519	GB: 0.126531	Conf: 1.91361	Pts: 105193
Particle (32):: Fit: 0.0116305	PB: 0.0116305	LB: 0.126519	GB: 0.126531	Conf: 2	Pts: 60293
Particle (45):: Fit: 0.0110228	PB: 0.0110228	LB: 0.126531	GB: 0.126531	Conf: 1.97775	Pts: 50393
Particle (3):: Fit: 0.140735	PB: 0.140735	LB: 0.140735	GB: 0.140735	Conf: 0.890352	Pts: 125392
Particle (9):: Fit: 0.0120365	PB: 0.0120365	LB: 0.0128487	GB: 0.140735	Conf: 2	Pts: 80192
Particle (12):: Fit: 0.108256	PB: 0.108256	LB: 0.108256	GB: 0.140735	Conf: 1.98396	Pts: 105192
Particle (17):: Fit: 0.1103	PB: 0.1103	LB: 0.1103	GB: 0.140735	Conf: 1.95594	Pts: 145192
Particle (22):: Fit: 0.116377	PB: 0.116377	LB: 0.120305	GB: 0.140735	Conf: 1.98839	Pts: 85292
Particle (33):: Fit: 0.0116305	PB: 0.0116305	LB: 0.0122395	GB: 0.140735	Conf: 2	Pts: 65392
Particle (38):: Fit: 0.114346	PB: 0.114346	LB: 0.114346	GB: 0.140735	Conf: 1.62588	Pts: 140292
Global: 0.140735 - Correct: 51% of 100 tests
Global Best: 
  Inner Net 1
  -- 1 : 1 = 0.308
  -- 1 : 2 = 0.0125
  -- 1 : 3 = 0.982
  -- 1 : 4 = 0.5546
  -- 1 : 5 = 0.1651
  -- 2 : 1 = 0.5037
  -- 2 : 2 = 0.4892
  -- 2 : 3 = 0.1848
  -- 2 : 4 = 0.1334
  -- 2 : 5 = 0.6122
  -- 3 : 1 = 0.6119
  -- 3 : 2 = 0.0086
  -- 3 : 3 = 0.3268
  -- 3 : 4 = 0.6746
  -- 3 : 5 = 0.3272
  -- 4 : 1 = 0.6462
  -- 4 : 2 = 0.0187
  -- 4 : 3 = 0.6419
  -- 4 : 4 = 0.232
  -- 4 : 5 = 0.7837
  -- 5 : 1 = 0.3146
  -- 5 : 2 = 0.2395
  -- 5 : 3 = 0.3691
  -- 5 : 4 = 0.4256
  -- 5 : 5 = 0.0385
  -- 6 : 1 = 0.5648
  -- 6 : 2 = 0.1617
  -- 6 : 3 = 0.1794
  -- 6 : 4 = 0.9927
  -- 6 : 5 = 0.0394
  Inner Net 2
  -- 1 : 1 = -0.427381
  -- 1 : 2 = 0.111569
  -- 2 : 1 = -0.556708
  -- 2 : 2 = -0.351748
  -- 3 : 1 = -0.411355
  -- 3 : 2 = 0.0794599
  -- 4 : 1 = 0.309181
  -- 4 : 2 = 0.0307387
  -- 5 : 1 = 0.502921
  -- 5 : 2 = -0.107248
Out\Act	False		True
False	0.84198	0	0.84198
True	0.15802	0	0.15802
	1	0
	Accuracy [ (tp + tn) / testSize ]: 0.84198
	Precision [ tp / (tp + fp) ]:      0
	Sensitivity [ tp / (tp + fn) ]:    0
	Specificity [ tn / (tn + fp) ]:    0.999435
	F-Score [ 2tp / (2tp + fp + fn) ]: 0
Particle (12):: Fit: 0.110287	PB: 0.110287	LB: 0.1103	GB: 0.140735	Conf: 1.98793	Pts: 125291
Particle (34):: Fit: 0.120437	PB: 0.120437	LB: 0.120437	GB: 0.140735	Conf: 1.98505	Pts: 85391
Particle (36):: Fit: 0.0116306	PB: 0.0116306	LB: 0.120437	GB: 0.140735	Conf: 1.95983	Pts: 60291
Particle (39):: Fit: 0.0110216	PB: 0.0110216	LB: 0.114346	GB: 0.140735	Conf: 1.97358	Pts: 55191
Particle (49):: Fit: 0.120339	PB: 0.120339	LB: 0.140735	GB: 0.140735	Conf: 1.61563	Pts: 55391
Particle (2):: Fit: 0.13242	PB: 0.13242	LB: 0.140735	GB: 0.140735	Conf: 1.57885	Pts: 115190
Particle (6):: Fit: 0.0118335	PB: 0.0118335	LB: 0.140735	GB: 0.140735	Conf: 2	Pts: 65390
Particle (26):: Fit: 0.122449	PB: 0.122449	LB: 0.126519	GB: 0.140735	Conf: 1.88992	Pts: 110190
Particle (36):: Fit: 0.106216	PB: 0.106216	LB: 0.120437	GB: 0.140735	Conf: 1.96392	Pts: 60390
Particle (37):: Fit: 0.0126454	PB: 0.0126454	LB: 0.120437	GB: 0.140735	Conf: 2	Pts: 70290
Particle (45):: Fit: 0.0114275	PB: 0.0114275	LB: 0.126531	GB: 0.140735	Conf: 2	Pts: 50490
Particle (12):: Fit: 0.124494	PB: 0.124494	LB: 0.124494	GB: 0.140735	Conf: 1.94258	Pts: 170389
Particle (18):: Fit: 0.108238	PB: 0.108238	LB: 0.116377	GB: 0.140735	Conf: 1.90753	Pts: 55389
Particle (39):: Fit: 0.0110236	PB: 0.0110236	LB: 0.114346	GB: 0.140735	Conf: 1.95086	Pts: 55289
Particle (5):: Fit: 0.0120375	PB: 0.0120375	LB: 0.140735	GB: 0.140735	Conf: 1.092	Pts: 55484
Particle (27):: Fit: 0.12433	PB: 0.12433	LB: 0.126519	GB: 0.140735	Conf: 1.58438	Pts: 110288
Particle (43):: Fit: 0.0114275	PB: 0.0114275	LB: 0.114343	GB: 0.140735	Conf: 2	Pts: 50388
Particle (7):: Fit: 0.0114275	PB: 0.0114275	LB: 0.140735	GB: 0.140735	Conf: 2	Pts: 55387
Particle (16):: Fit: 0.110287	PB: 0.110287	LB: 0.124494	GB: 0.140735	Conf: 1.98787	Pts: 55387
Particle (44):: Fit: 0.120416	PB: 0.120416	LB: 0.120416	GB: 0.140735	Conf: 0.216004	Pts: 110187
Particle (46):: Fit: 0.0114275	PB: 0.0114275	LB: 0.126531	GB: 0.140735	Conf: 1.96188	Pts: 50487
Particle (49):: Fit: 0.120387	PB: 0.120387	LB: 0.140735	GB: 0.140735	Conf: 1.52275	Pts: 55487
Particle (23):: Fit: 0.0120365	PB: 0.0120365	LB: 0.126519	GB: 0.140735	Conf: 2	Pts: 55486
Particle (29):: Fit: 0.0120365	PB: 0.0120365	LB: 0.126519	GB: 0.140735	Conf: 2	Pts: 65286
Particle (30):: Fit: 0.0112246	PB: 0.0112246	LB: 0.126519	GB: 0.140735	Conf: 1.98814	Pts: 65186
Particle (41):: Fit: 0.114272	PB: 0.114272	LB: 0.120416	GB: 0.140735	Conf: 0.684575	Pts: 50383
Particle (20):: Fit: 0.0122395	PB: 0.0122395	LB: 0.116377	GB: 0.140735	Conf: 2	Pts: 65385
Particle (45):: Fit: 0.0116305	PB: 0.0116305	LB: 0.126531	GB: 0.140735	Conf: 1.98614	Pts: 50585
Particle (46):: Fit: 0.0118335	PB: 0.0118335	LB: 0.126531	GB: 0.140735	Conf: 1.96203	Pts: 50585
Particle (41):: Fit: 0.122399	PB: 0.122399	LB: 0.122399	GB: 0.140735	Conf: 0.817395	Pts: 95481
Particle (42):: Fit: 0.0130514	PB: 0.0130514	LB: 0.122399	GB: 0.140735	Conf: 2	Pts: 50284
Particle (5):: Fit: 0.118425	PB: 0.118425	LB: 0.140735	GB: 0.140735	Conf: 0.477917	Pts: 55577
Particle (13):: Fit: 0.0126458	PB: 0.0126458	LB: 0.124494	GB: 0.140735	Conf: 1.76405	Pts: 55383
Particle (16):: Fit: 0.122468	PB: 0.122468	LB: 0.124494	GB: 0.140735	Conf: 1.98647	Pts: 75483
Particle (48):: Fit: 0.0122395	PB: 0.0122395	LB: 0.140735	GB: 0.140735	Conf: 2	Pts: 50183
Particle (1):: Fit: 0.116106	PB: 0.116106	LB: 0.140735	GB: 0.140735	Conf: 0.922966	Pts: 55178
Particle (8):: Fit: 0.110301	PB: 0.110301	LB: 0.124494	GB: 0.140735	Conf: 1.97056	Pts: 55382
Particle (20):: Fit: 0.0136603	PB: 0.0136603	LB: 0.122468	GB: 0.140735	Conf: 2	Pts: 65482
Particle (39):: Fit: 0.114347	PB: 0.114347	LB: 0.122399	GB: 0.140735	Conf: 1.98955	Pts: 55382
Particle (10):: Fit: 0.0128484	PB: 0.0128484	LB: 0.124494	GB: 0.140735	Conf: 2	Pts: 55281
Particle (22):: Fit: 0.118407	PB: 0.118407	LB: 0.12433	GB: 0.140735	Conf: 1.98612	Pts: 85381
Particle (38):: Fit: 0.116385	PB: 0.116385	LB: 0.122399	GB: 0.140735	Conf: 1.55422	Pts: 140380
Particle (14):: Fit: 0.0112293	PB: 0.0112293	LB: 0.124494	GB: 0.140735	Conf: 1.58107	Pts: 55278
Particle (17):: Fit: 0.116377	PB: 0.116377	LB: 0.122468	GB: 0.140735	Conf: 1.9879	Pts: 145280
Particle (27):: Fit: 0.134433	PB: 0.134433	LB: 0.134433	GB: 0.140735	Conf: 1.57245	Pts: 160380
Particle (30):: Fit: 0.0114275	PB: 0.0114275	LB: 0.134433	GB: 0.140735	Conf: 2	Pts: 65280
Particle (40):: Fit: 0.122375	PB: 0.122375	LB: 0.122399	GB: 0.140735	Conf: 1.64255	Pts: 105180
Particle (44):: Fit: 0.124447	PB: 0.124447	LB: 0.124447	GB: 0.140735	Conf: 0.136917	Pts: 140279
Particle (45):: Fit: 0.0118335	PB: 0.0118335	LB: 0.126531	GB: 0.140735	Conf: 2	Pts: 50680
Particle (46):: Fit: 0.11434	PB: 0.11434	LB: 0.126531	GB: 0.140735	Conf: 1.95485	Pts: 50680
Particle (1):: Fit: 0.126452	PB: 0.126452	LB: 0.140735	GB: 0.140735	Conf: 0.816409	Pts: 55275
Particle (18):: Fit: 0.110301	PB: 0.110301	LB: 0.122468	GB: 0.140735	Conf: 1.96797	Pts: 55479
Particle (21):: Fit: 0.116377	PB: 0.116377	LB: 0.122449	GB: 0.140735	Conf: 1.98804	Pts: 80279
Particle (24):: Fit: 0.116377	PB: 0.116377	LB: 0.134433	GB: 0.140735	Conf: 1.98763	Pts: 60579
Particle (32):: Fit: 0.0122395	PB: 0.0122395	LB: 0.126519	GB: 0.140735	Conf: 2	Pts: 60379
Particle (49):: Fit: 0.126471	PB: 0.126471	LB: 0.140735	GB: 0.140735	Conf: 1.70507	Pts: 60579
Particle (7):: Fit: 0.0116305	PB: 0.0116305	LB: 0.140735	GB: 0.140735	Conf: 2	Pts: 55478
Particle (41):: Fit: 0.124455	PB: 0.124455	LB: 0.124455	GB: 0.140735	Conf: 0.522788	Pts: 135573
Particle (36):: Fit: 0.110286	PB: 0.110286	LB: 0.124455	GB: 0.140735	Conf: 1.98241	Pts: 60475
Particle (6):: Fit: 0.0122395	PB: 0.0122395	LB: 0.140735	GB: 0.140735	Conf: 2	Pts: 65474
Particle (9):: Fit: 0.0124424	PB: 0.0124424	LB: 0.124494	GB: 0.140735	Conf: 2	Pts: 80272
Particle (43):: Fit: 0.0118335	PB: 0.0118335	LB: 0.124455	GB: 0.140735	Conf: 2	Pts: 50472
Particle (44):: Fit: 0.124461	PB: 0.124461	LB: 0.126471	GB: 0.140735	Conf: 0.943312	Pts: 165370
Particle (15):: Fit: 1426.92	PB: 1426.92	LB: 1426.92	GB: 1426.92	Conf: 2	Pts: 140171
Global: 1426.92 - Correct: 30% of 100 tests
Global Best: 
  Inner Net 1
  -- 1 : 1 = 0.1088
  -- 1 : 2 = 0.346
  -- 1 : 3 = 0.6022
  -- 1 : 4 = 0.565
  -- 1 : 5 = 0.2771
  -- 2 : 1 = 0.2529
  -- 2 : 2 = 0.271
  -- 2 : 3 = 0.7724
  -- 2 : 4 = 0.9564
  -- 2 : 5 = 0.9746
  -- 3 : 1 = 0.4956
  -- 3 : 2 = 0.6462
  -- 3 : 3 = 0.2197
  -- 3 : 4 = 0.6699
  -- 3 : 5 = 0.8588
  -- 4 : 1 = 0.1586
  -- 4 : 2 = 0.6737
  -- 4 : 3 = 0.3726
  -- 4 : 4 = 0.5036
  -- 4 : 5 = 0.8642
  -- 5 : 1 = 0.3588
  -- 5 : 2 = 0.8722
  -- 5 : 3 = 0.1837
  -- 5 : 4 = 0.249
  -- 5 : 5 = 0.0884
  -- 6 : 1 = 0.104
  -- 6 : 2 = 0.1118
  -- 6 : 3 = 0.613
  -- 6 : 4 = 0.7441
  -- 6 : 5 = 0.952
  Inner Net 2
  -- 1 : 1 = 0.232411
  -- 1 : 2 = -0.118782
  -- 2 : 1 = 0.172843
  -- 2 : 2 = -0.195329
  -- 3 : 1 = -0.166717
  -- 3 : 2 = 0.0153387
  -- 4 : 1 = 0.29851
  -- 4 : 2 = 0.0351033
  -- 5 : 1 = 0.288418
  -- 5 : 2 = -0.128706
Out\Act	False		True
False	0.84198	0	0.84198
True	0.15802	0	0.15802
	1	0
	Accuracy [ (tp + tn) / testSize ]: 0.84198
	Precision [ tp / (tp + fp) ]:      0
	Sensitivity [ tp / (tp + fn) ]:    0
	Specificity [ tn / (tn + fp) ]:    0.999435
	F-Score [ 2tp / (2tp + fp + fn) ]: 0
Particle (35):: Fit: 0.0120365	PB: 0.0120365	LB: 0.122375	GB: 1426.92	Conf: 2	Pts: 70370
Particle (41):: Fit: 0.128523	PB: 0.128523	LB: 0.128523	GB: 1426.92	Conf: 0.361538	Pts: 185667
Particle (45):: Fit: 0.0120365	PB: 0.0120365	LB: 0.128523	GB: 1426.92	Conf: 2	Pts: 50770
Particle (8):: Fit: 0.114347	PB: 0.114347	LB: 0.124494	GB: 1426.92	Conf: 1.98349	Pts: 55469
Particle (5):: Fit: 0.122475	PB: 0.122475	LB: 0.140735	GB: 1426.92	Conf: 0.660664	Pts: 55655
Particle (49):: Fit: 0.138616	PB: 0.138616	LB: 0.140735	GB: 1426.92	Conf: 1.67614	Pts: 80666
Particle (17):: Fit: 0.122468	PB: 0.122468	LB: 1426.92	GB: 1426.92	Conf: 1.98774	Pts: 155364
Particle (4):: Fit: 0.0120365	PB: 0.0120365	LB: 0.140735	GB: 1426.92	Conf: 2	Pts: 55363
Particle (33):: Fit: 0.0128484	PB: 0.0128484	LB: 0.120437	GB: 1426.92	Conf: 1.98878	Pts: 65462
Particle (10):: Fit: 0.0140662	PB: 0.0140662	LB: 1426.92	GB: 1426.92	Conf: 2	Pts: 55359
Particle (14):: Fit: 0.0114323	PB: 0.0114323	LB: 1426.92	GB: 1426.92	Conf: 1.77568	Pts: 55357
Particle (18):: Fit: 0.116365	PB: 0.116365	LB: 1426.92	GB: 1426.92	Conf: 1.94538	Pts: 55560
Particle (30):: Fit: 0.0118335	PB: 0.0118335	LB: 0.134433	GB: 1426.92	Conf: 2	Pts: 65360
Particle (43):: Fit: 0.0120373	PB: 0.0120373	LB: 0.128523	GB: 1426.92	Conf: 1.98969	Pts: 50559
Particle (30):: Fit: 0.0120365	PB: 0.0120365	LB: 0.134433	GB: 1426.92	Conf: 2	Pts: 65459
Particle (27):: Fit: 0.134668	PB: 0.134668	LB: 0.134668	GB: 1426.92	Conf: 1.58826	Pts: 210458
Particle (23):: Fit: 0.0128484	PB: 0.0128484	LB: 0.134668	GB: 1426.92	Conf: 2	Pts: 55557
Particle (2):: Fit: 0.138484	PB: 0.138484	LB: 0.140735	GB: 1426.92	Conf: 1.5029	Pts: 115253
Particle (7):: Fit: 0.0122395	PB: 0.0122395	LB: 0.140735	GB: 1426.92	Conf: 2	Pts: 55552
Particle (38):: Fit: 0.120425	PB: 0.120425	LB: 0.128523	GB: 1426.92	Conf: 1.55235	Pts: 140449
Particle (38):: Fit: 0.122417	PB: 0.122417	LB: 0.128523	GB: 1426.92	Conf: 1.54542	Pts: 155548
Particle (6):: Fit: 0.0140662	PB: 0.0140662	LB: 0.140735	GB: 1426.92	Conf: 2	Pts: 65549
Particle (26):: Fit: 0.124495	PB: 0.124495	LB: 0.134668	GB: 1426.92	Conf: 1.95532	Pts: 115249
Particle (1):: Fit: 0.128348	PB: 0.128348	LB: 0.140735	GB: 1426.92	Conf: 0.797122	Pts: 55336
Particle (18):: Fit: 0.116393	PB: 0.116393	LB: 1426.92	GB: 1426.92	Conf: 1.95225	Pts: 55647
Particle (18):: Fit: 0.128555	PB: 0.128555	LB: 1426.92	GB: 1426.92	Conf: 1.89408	Pts: 65746
Particle (48):: Fit: 0.0136603	PB: 0.0136603	LB: 0.140735	GB: 1426.92	Conf: 2	Pts: 50244
Particle (14):: Fit: 0.0118339	PB: 0.0118339	LB: 1426.92	GB: 1426.92	Conf: 1.7774	Pts: 55439
Particle (4):: Fit: 0.0122395	PB: 0.0122395	LB: 0.140735	GB: 1426.92	Conf: 2	Pts: 55442
Particle (29):: Fit: 0.0122395	PB: 0.0122395	LB: 0.134668	GB: 1426.92	Conf: 2	Pts: 65339
Particle (30):: Fit: 0.0122395	PB: 0.0122395	LB: 0.134668	GB: 1426.92	Conf: 2	Pts: 65537
Particle (11):: Fit: 0.0128497	PB: 0.0128497	LB: 1426.92	GB: 1426.92	Conf: 0.829053	Pts: 75234
Particle (19):: Fit: 0.106144	PB: 0.106144	LB: 1426.92	GB: 1426.92	Conf: 1.74006	Pts: 55333
Particle (35):: Fit: 0.0122395	PB: 0.0122395	LB: 0.122417	GB: 1426.92	Conf: 2	Pts: 70433
Particle (43):: Fit: 0.0124424	PB: 0.0124424	LB: 0.128523	GB: 1426.92	Conf: 2	Pts: 50632
Particle (32):: Fit: 0.0124424	PB: 0.0124424	LB: 0.126519	GB: 1426.92	Conf: 2	Pts: 60431
Particle (8):: Fit: 0.118407	PB: 0.118407	LB: 0.124494	GB: 1426.92	Conf: 1.98522	Pts: 55528
Particle (19):: Fit: 0.112263	PB: 0.112263	LB: 1426.92	GB: 1426.92	Conf: 1.80316	Pts: 55428
Particle (43):: Fit: 0.0128484	PB: 0.0128484	LB: 0.128523	GB: 1426.92	Conf: 2	Pts: 50727
Particle (38):: Fit: 0.122466	PB: 0.122466	LB: 0.128523	GB: 1426.92	Conf: 1.39743	Pts: 170623
Particle (44):: Fit: 0.132606	PB: 0.132606	LB: 0.138616	GB: 1426.92	Conf: 0.0399313	Pts: 190421
Particle (30):: Fit: 0.0126454	PB: 0.0126454	LB: 0.134668	GB: 1426.92	Conf: 2	Pts: 65622
Particle (31):: Fit: 0.0124424	PB: 0.0124424	LB: 0.134668	GB: 1426.92	Conf: 2	Pts: 70319
Particle (1):: Fit: 0.132426	PB: 0.132426	LB: 0.140735	GB: 1426.92	Conf: 0.939667	Pts: 55398
Particle (14):: Fit: 0.114347	PB: 0.114347	LB: 1426.92	GB: 1426.92	Conf: 1.65921	Pts: 55512
Particle (0):: Fit: 0.126531	PB: 0.126531	LB: 0.140735	GB: 1426.92	Conf: 1.95675	Pts: 170215
Particle (40):: Fit: 0.126454	PB: 0.126454	LB: 0.132606	GB: 1426.92	Conf: 1.66932	Pts: 110214
Particle (4):: Fit: 0.0126454	PB: 0.0126454	LB: 0.140735	GB: 1426.92	Conf: 2	Pts: 55513
Particle (0):: Fit: 0.12856	PB: 0.12856	LB: 0.140735	GB: 1426.92	Conf: 1.93714	Pts: 170310
Particle (47):: Fit: 0.0138632	PB: 0.0138632	LB: 0.138616	GB: 1426.92	Conf: 2	Pts: 50206
Particle (43):: Fit: 0.108256	PB: 0.108256	LB: 0.132606	GB: 1426.92	Conf: 1.98973	Pts: 50804
Particle (38):: Fit: 0.124495	PB: 0.124495	LB: 0.128523	GB: 1426.92	Conf: 1.20121	Pts: 180698
Particle (27):: Fit: 0.138707	PB: 0.138707	LB: 0.138707	GB: 1426.92	Conf: 1.44402	Pts: 260500
Particle (38):: Fit: 0.126521	PB: 0.126521	LB: 0.128523	GB: 1426.92	Conf: 1.43919	Pts: 195797
Particle (5):: Fit: 0.124625	PB: 0.124625	LB: 0.140735	GB: 1426.92	Conf: 0.759754	Pts: 65659
Particle (33):: Fit: 0.116435	PB: 0.116435	LB: 0.126521	GB: 1426.92	Conf: 0.456195	Pts: 65497
Particle (7):: Fit: 0.130432	PB: 0.130432	LB: 0.140735	GB: 1426.92	Conf: 1.45523	Pts: 65596
Particle (9):: Fit: 0.128567	PB: 0.128567	LB: 0.130432	GB: 1426.92	Conf: 0.907958	Pts: 80296
Particle (25):: Fit: 0.108278	PB: 0.108278	LB: 0.138707	GB: 1426.92	Conf: 0.699663	Pts: 55395
Particle (29):: Fit: 0.0126454	PB: 0.0126454	LB: 0.138707	GB: 1426.92	Conf: 2	Pts: 65396
Particle (45):: Fit: 0.130505	PB: 0.130505	LB: 0.138616	GB: 1426.92	Conf: 0.943445	Pts: 50796
Particle (6):: Fit: 0.110198	PB: 0.110198	LB: 0.140735	GB: 1426.92	Conf: 1.77019	Pts: 65595
Particle (22):: Fit: 0.126409	PB: 0.126409	LB: 0.138707	GB: 1426.92	Conf: 0.970703	Pts: 85395
Particle (43):: Fit: 0.122482	PB: 0.122482	LB: 0.132606	GB: 1426.92	Conf: 1.32875	Pts: 50894
Particle (20):: Fit: 0.120058	PB: 0.120058	LB: 0.128555	GB: 1426.92	Conf: 1.06597	Pts: 65494
Particle (39):: Fit: 0.130542	PB: 0.130542	LB: 0.132606	GB: 1426.92	Conf: 0.846681	Pts: 80394
Particle (11):: Fit: 0.138572	PB: 0.138572	LB: 1426.92	GB: 1426.92	Conf: 0.942711	Pts: 85288
Particle (21):: Fit: 0.118588	PB: 0.118588	LB: 0.128555	GB: 1426.92	Conf: 0.605246	Pts: 80292
Particle (30):: Fit: 0.122455	PB: 0.122455	LB: 0.138707	GB: 1426.92	Conf: 0.349192	Pts: 65693
Particle (36):: Fit: 0.126786	PB: 0.126786	LB: 0.130542	GB: 1426.92	Conf: 0.363138	Pts: 70493
Particle (42):: Fit: 0.136469	PB: 0.136469	LB: 0.136469	GB: 1426.92	Conf: 0.86522	Pts: 85293
Particle (19):: Fit: 0.120196	PB: 0.120196	LB: 1426.92	GB: 1426.92	Conf: 1.33698	Pts: 55490
Particle (5):: Fit: 0.124829	PB: 0.124829	LB: 0.140735	GB: 1426.92	Conf: 0.856578	Pts: 65752
Particle (13):: Fit: 0.110295	PB: 0.110295	LB: 1426.92	GB: 1426.92	Conf: 0.456401	Pts: 55387
Particle (20):: Fit: 0.122779	PB: 0.122779	LB: 0.128555	GB: 1426.92	Conf: 0.188125	Pts: 65589
Particle (38):: Fit: 0.132127	PB: 0.132127	LB: 0.136469	GB: 1426.92	Conf: 0.535631	Pts: 215885
Particle (25):: Fit: 0.12441	PB: 0.12441	LB: 0.138707	GB: 1426.92	Conf: 0.748111	Pts: 55487
Particle (13):: Fit: 0.120394	PB: 0.120394	LB: 1426.92	GB: 1426.92	Conf: 0.568801	Pts: 55484
Particle (37):: Fit: 0.120418	PB: 0.120418	LB: 0.136469	GB: 1426.92	Conf: 0.410064	Pts: 70287
Particle (13):: Fit: 0.12227	PB: 0.12227	LB: 1426.92	GB: 1426.92	Conf: 0.400851	Pts: 55582
Particle (25):: Fit: 0.128439	PB: 0.128439	LB: 0.138707	GB: 1426.92	Conf: 0.447216	Pts: 55584
Particle (35):: Fit: 0.110277	PB: 0.110277	LB: 0.132127	GB: 1426.92	Conf: 0.29355	Pts: 70485
Particle (0):: Fit: 0.138725	PB: 0.138725	LB: 0.140735	GB: 1426.92	Conf: 0.826986	Pts: 185383
Particle (48):: Fit: 0.118363	PB: 0.118363	LB: 0.140735	GB: 1426.92	Conf: 1.72998	Pts: 50282
Particle (7):: Fit: 0.132332	PB: 0.132332	LB: 0.140735	GB: 1426.92	Conf: 1.47885	Pts: 65680
Particle (33):: Fit: 0.124485	PB: 0.124485	LB: 0.132127	GB: 1426.92	Conf: 0.556612	Pts: 65581
Particle (35):: Fit: 0.116192	PB: 0.116192	LB: 0.132127	GB: 1426.92	Conf: 1.52131	Pts: 70581
Particle (47):: Fit: 0.12225	PB: 0.12225	LB: 0.138725	GB: 1426.92	Conf: 1.33226	Pts: 50280
Particle (4):: Fit: 0.118288	PB: 0.118288	LB: 0.140735	GB: 1426.92	Conf: 0.690657	Pts: 55579
Particle (13):: Fit: 0.126522	PB: 0.126522	LB: 1426.92	GB: 1426.92	Conf: 0.43427	Pts: 55676
Particle (16):: Fit: 0.132578	PB: 0.132578	LB: 1426.92	GB: 1426.92	Conf: 1.46883	Pts: 80478
Particle (32):: Fit: 0.114188	PB: 0.114188	LB: 0.126786	GB: 1426.92	Conf: 1.02922	Pts: 60476
Particle (35):: Fit: 0.12447	PB: 0.12447	LB: 0.132127	GB: 1426.92	Conf: 0.316538	Pts: 70678
Particle (37):: Fit: 0.122241	PB: 0.122241	LB: 0.136469	GB: 1426.92	Conf: 0.577764	Pts: 70378
Particle (31):: Fit: 0.112319	PB: 0.112319	LB: 0.138707	GB: 1426.92	Conf: 0.264081	Pts: 70377
Particle (43):: Fit: 0.128466	PB: 0.128466	LB: 0.136469	GB: 1426.92	Conf: 1.379	Pts: 50974
Particle (10):: Fit: 0.118858	PB: 0.118858	LB: 1426.92	GB: 1426.92	Conf: 0.543884	Pts: 55372
Particle (35):: Fit: 0.12892	PB: 0.12892	LB: 0.132127	GB: 1426.92	Conf: 0.402374	Pts: 75773
Particle (29):: Fit: 0.116339	PB: 0.116339	LB: 0.138707	GB: 1426.92	Conf: 1.74485	Pts: 65469
Particle (34):: Fit: 0.124373	PB: 0.124373	LB: 0.132127	GB: 1426.92	Conf: 1.10658	Pts: 85368
Particle (31):: Fit: 14267	PB: 14267	LB: 14267	GB: 14267	Conf: 0.614284	Pts: 130468
Global: 14267 - Correct: 70% of 100 tests
Global Best: 
  Inner Net 1
  -- 1 : 1 = 0.13849
  -- 1 : 2 = 0.28589
  -- 1 : 3 = -0.290857
  -- 1 : 4 = 0.281372
  -- 1 : 5 = -0.00857696
  -- 2 : 1 = 0.2609
  -- 2 : 2 = -0.152147
  -- 2 : 3 = 0.243934
  -- 2 : 4 = 0.507262
  -- 2 : 5 = 0.343878
  -- 3 : 1 = 0
  -- 3 : 2 = -0.0586249
  -- 3 : 3 = -0.115976
  -- 3 : 4 = 0.199465
  -- 3 : 5 = -1
  -- 4 : 1 = 0.768757
  -- 4 : 2 = 0.166166
  -- 4 : 3 = -0.00678403
  -- 4 : 4 = 0.118118
  -- 4 : 5 = 0.430391
  -- 5 : 1 = -0.273044
  -- 5 : 2 = -0.144226
  -- 5 : 3 = 0.177538
  -- 5 : 4 = 0.317112
  -- 5 : 5 = -0.00390634
  -- 6 : 1 = 0.3248
  -- 6 : 2 = 0.0840054
  -- 6 : 3 = 0.496256
  -- 6 : 4 = 0.045705
  -- 6 : 5 = -0.0832744
  Inner Net 2
  -- 1 : 1 = 0.342247
  -- 1 : 2 = 0.0927674
  -- 2 : 1 = -0.660668
  -- 2 : 2 = -0.087313
  -- 3 : 1 = -0.0700598
  -- 3 : 2 = 0.0945198
  -- 4 : 1 = 0.480794
  -- 4 : 2 = 0.302087
  -- 5 : 1 = -0.0539718
  -- 5 : 2 = 0.297869
Out\Act	False		True
False	0.675869	0.166111	0.84198
True	0.0856735	0.0723465	0.15802
	0.761542	0.238458
	Accuracy [ (tp + tn) / testSize ]: 0.748215
	Precision [ tp / (tp + fp) ]:      0.302789
	Sensitivity [ tp / (tp + fn) ]:    0.456456
	Specificity [ tn / (tn + fp) ]:    0.80226
	F-Score [ 2tp / (2tp + fp + fn) ]: 0.364508
Particle (7):: Fit: 14879.2	PB: 14879.2	LB: 14879.2	GB: 14879.2	Conf: 0.886716	Pts: 125765
Particle (21):: Fit: 0.132485	PB: 0.132485	LB: 0.132485	GB: 14879.2	Conf: 0.459859	Pts: 85366
Particle (23):: Fit: 0.105827	PB: 0.105827	LB: 0.138707	GB: 14879.2	Conf: 0.896406	Pts: 55566
Global: 14879.2 - Correct: 73% of 100 tests
Global Best: 
  Inner Net 1
  -- 1 : 1 = 0.243967
  -- 1 : 2 = 0.472318
  -- 1 : 3 = -0.144647
  -- 1 : 4 = 0.227598
  -- 1 : 5 = 0.481491
  -- 2 : 1 = 0.127861
  -- 2 : 2 = -0.0795086
  -- 2 : 3 = 0.385464
  -- 2 : 4 = 0.104091
  -- 2 : 5 = 0.127941
  -- 3 : 1 = 0.572131
  -- 3 : 2 = 0.340388
  -- 3 : 3 = -0.0426505
  -- 3 : 4 = 0.525796
  -- 3 : 5 = -0.11217
  -- 4 : 1 = 0.826968
  -- 4 : 2 = 0.148764
  -- 4 : 3 = 0.714568
  -- 4 : 4 = 0.260309
  -- 4 : 5 = -0.199294
  -- 5 : 1 = 0.612797
  -- 5 : 2 = -0.221978
  -- 5 : 3 = -0.152146
  -- 5 : 4 = 0.423585
  -- 5 : 5 = 0.175273
  -- 6 : 1 = 0.193019
  -- 6 : 2 = -0.332164
  -- 6 : 3 = -0.110599
  -- 6 : 4 = 0.0736897
  -- 6 : 5 = 0.228528
  Inner Net 2
  -- 1 : 1 = 0.158872
  -- 1 : 2 = 0.0294044
  -- 2 : 1 = -0.233767
  -- 2 : 2 = 0.00995231
  -- 3 : 1 = -0.248286
  -- 3 : 2 = -0.0401504
  -- 4 : 1 = 0.302982
  -- 4 : 2 = 0.327877
  -- 5 : 1 = 0
  -- 5 : 2 = -0.190763
Out\Act	False		True
False	0.587339	0.254641	0.84198
True	0.0609234	0.0970966	0.15802
	0.648263	0.351737
	Accuracy [ (tp + tn) / testSize ]: 0.684436
	Precision [ tp / (tp + fp) ]:      0.275676
	Sensitivity [ tp / (tp + fn) ]:    0.612613
	Specificity [ tn / (tn + fp) ]:    0.697175
	F-Score [ 2tp / (2tp + fp + fn) ]: 0.380597
Particle (5):: Fit: 0.136396	PB: 0.136396	LB: 14879.2	GB: 14879.2	Conf: 0.545702	Pts: 65828
Particle (30):: Fit: 0.128447	PB: 0.128447	LB: 14267	GB: 14879.2	Conf: 0.51675	Pts: 65765
Particle (13):: Fit: 0.134481	PB: 0.134481	LB: 1426.92	GB: 14879.2	Conf: 0.636548	Pts: 55756
Particle (40):: Fit: 0.132291	PB: 0.132291	LB: 0.136469	GB: 14879.2	Conf: 1.07395	Pts: 115258
Particle (10):: Fit: 0.130351	PB: 0.130351	LB: 14879.2	GB: 14879.2	Conf: 0.460278	Pts: 55455
Particle (49):: Fit: 0.13905	PB: 0.13905	LB: 0.140735	GB: 14879.2	Conf: 0.607518	Pts: 100651
Particle (37):: Fit: 0.124426	PB: 0.124426	LB: 0.136469	GB: 14879.2	Conf: 0.514217	Pts: 70452
Particle (35):: Fit: 0.130322	PB: 0.130322	LB: 14267	GB: 14879.2	Conf: 0.23611	Pts: 75850
Particle (20):: Fit: 0.126359	PB: 0.126359	LB: 0.132578	GB: 14879.2	Conf: 0.415061	Pts: 65648
Particle (10):: Fit: 0.134538	PB: 0.134538	LB: 14879.2	GB: 14879.2	Conf: 0.678661	Pts: 55548
Particle (6):: Fit: 0.120585	PB: 0.120585	LB: 14879.2	GB: 14879.2	Conf: 0.456417	Pts: 65646
Particle (12):: Fit: 0.129056	PB: 0.129056	LB: 1426.92	GB: 14879.2	Conf: 0.456412	Pts: 170347
Particle (30):: Fit: 0.132849	PB: 0.132849	LB: 14267	GB: 14879.2	Conf: 0.382179	Pts: 65839
Particle (8):: Fit: 0.118428	PB: 0.118428	LB: 14879.2	GB: 14879.2	Conf: 0.642874	Pts: 55535
Particle (41):: Fit: 0.128576	PB: 0.128576	LB: 0.136469	GB: 14879.2	Conf: 1.9458	Pts: 185620
Particle (17):: Fit: 0.122471	PB: 0.122471	LB: 1426.92	GB: 14879.2	Conf: 1.62402	Pts: 155332
Particle (30):: Fit: 0.140537	PB: 0.140537	LB: 14267	GB: 14879.2	Conf: 0.334289	Pts: 70929
Particle (43):: Fit: 0.12857	PB: 0.12857	LB: 0.136469	GB: 14879.2	Conf: 0.68493	Pts: 51028
Particle (35):: Fit: 0.140606	PB: 0.140606	LB: 14267	GB: 14879.2	Conf: 0.414907	Pts: 95926
Particle (46):: Fit: 0.123083	PB: 0.123083	LB: 0.13905	GB: 14879.2	Conf: 0.815095	Pts: 50623
Particle (9):: Fit: 0.134418	PB: 0.134418	LB: 14879.2	GB: 14879.2	Conf: 0.733697	Pts: 80325
Particle (45):: Fit: 0.132457	PB: 0.132457	LB: 0.13905	GB: 14879.2	Conf: 0.333156	Pts: 50823
Particle (46):: Fit: 0.128468	PB: 0.128468	LB: 0.13905	GB: 14879.2	Conf: 0.298916	Pts: 50719
Particle (21):: Fit: 1427.1	PB: 1427.1	LB: 1427.1	GB: 14879.2	Conf: 0.94319	Pts: 135420
Particle (12):: Fit: 0.134512	PB: 0.134512	LB: 1426.92	GB: 14879.2	Conf: 0.357059	Pts: 170420
Particle (37):: Fit: 0.12843	PB: 0.12843	LB: 0.140606	GB: 14879.2	Conf: 0.442921	Pts: 70518
Particle (46):: Fit: 0.134554	PB: 0.134554	LB: 0.13905	GB: 14879.2	Conf: 0.438555	Pts: 50816
Particle (8):: Fit: 0.12248	PB: 0.12248	LB: 14879.2	GB: 14879.2	Conf: 0.579091	Pts: 55618
Particle (8):: Fit: 0.132511	PB: 0.132511	LB: 14879.2	GB: 14879.2	Conf: 0.394231	Pts: 55717
Particle (18):: Fit: 0.134782	PB: 0.134782	LB: 1427.1	GB: 14879.2	Conf: 1.29215	Pts: 65717
Particle (38):: Fit: 14227.6	PB: 14227.6	LB: 14227.6	GB: 14879.2	Conf: 0.843919	Pts: 250911
Particle (46):: Fit: 14266.6	PB: 14266.6	LB: 14266.6	GB: 14879.2	Conf: 0.349673	Pts: 100913
Particle (28):: Fit: 0.1266	PB: 0.1266	LB: 14267	GB: 14879.2	Conf: 0.223307	Pts: 105115
Particle (25):: Fit: 0.132483	PB: 0.132483	LB: 1427.1	GB: 14879.2	Conf: 0.254365	Pts: 55614
Particle (29):: Fit: 14280.2	PB: 14280.2	LB: 14280.2	GB: 14879.2	Conf: 0.345938	Pts: 115510
Particle (13):: Fit: 14274.8	PB: 14274.8	LB: 14274.8	GB: 14879.2	Conf: 0.581584	Pts: 85809
Particle (37):: Fit: 0.130554	PB: 0.130554	LB: 14227.6	GB: 14879.2	Conf: 0.507137	Pts: 70607
Particle (4):: Fit: 0.120391	PB: 0.120391	LB: 14879.2	GB: 14879.2	Conf: 0.748426	Pts: 55609
Particle (42):: Fit: 0.13651	PB: 0.13651	LB: 14266.6	GB: 14879.2	Conf: 0.402809	Pts: 85303
Particle (6):: Fit: 0.122794	PB: 0.122794	LB: 14879.2	GB: 14879.2	Conf: 0.543759	Pts: 65699
Particle (36):: Fit: 0.132594	PB: 0.132594	LB: 14227.6	GB: 14879.2	Conf: 0.303028	Pts: 70498
Particle (11):: Fit: 14460.7	PB: 14460.7	LB: 14879.2	GB: 14879.2	Conf: 0.558031	Pts: 105294
Particle (28):: Fit: 0.138642	PB: 0.138642	LB: 14280.2	GB: 14879.2	Conf: 0.519005	Pts: 105197
Particle (10):: Fit: 0.138714	PB: 0.138714	LB: 14879.2	GB: 14879.2	Conf: 0.7838	Pts: 55595
Particle (43):: Fit: 0.130405	PB: 0.130405	LB: 14266.6	GB: 14879.2	Conf: 0.587156	Pts: 51097
Particle (17):: Fit: 0.124471	PB: 0.124471	LB: 14274.8	GB: 14879.2	Conf: 0.489819	Pts: 155396
Particle (28):: Fit: 14263.7	PB: 14263.7	LB: 14280.2	GB: 14879.2	Conf: 0.846507	Pts: 110294
Particle (36):: Fit: 0.136441	PB: 0.136441	LB: 14227.6	GB: 14879.2	Conf: 0.427752	Pts: 70589
Particle (6):: Fit: 0.130518	PB: 0.130518	LB: 14879.2	GB: 14879.2	Conf: 0.354765	Pts: 65787
Particle (12):: Fit: 0.134573	PB: 0.134573	LB: 14460.7	GB: 14879.2	Conf: 0.318207	Pts: 170486
Particle (26):: Fit: 0.126268	PB: 0.126268	LB: 14280.2	GB: 14879.2	Conf: 1.54428	Pts: 115178
Particle (8):: Fit: 0.140549	PB: 0.140549	LB: 14879.2	GB: 14879.2	Conf: 0.521771	Pts: 55783
Particle (17):: Fit: 0.132487	PB: 0.132487	LB: 14274.8	GB: 14879.2	Conf: 0.439494	Pts: 155484
Particle (37):: Fit: 0.136494	PB: 0.136494	LB: 14227.6	GB: 14879.2	Conf: 0.520091	Pts: 70679
Particle (41):: Fit: 14514.8	PB: 14514.8	LB: 14514.8	GB: 14879.2	Conf: 0.789727	Pts: 235669
Particle (47):: Fit: 0.134387	PB: 0.134387	LB: 14266.6	GB: 14879.2	Conf: 0.507445	Pts: 50277
Particle (15):: Fit: 14272	PB: 14272	LB: 14460.7	GB: 14879.2	Conf: 0.427326	Pts: 150075
Particle (19):: Fit: 0.136383	PB: 0.136383	LB: 14272	GB: 14879.2	Conf: 0.778426	Pts: 55469
Particle (25):: Fit: 0.138406	PB: 0.138406	LB: 14280.2	GB: 14879.2	Conf: 0.127414	Pts: 55675
Particle (43):: Fit: 0.136511	PB: 0.136511	LB: 14514.8	GB: 14879.2	Conf: 0.658137	Pts: 51173
Particle (4):: Fit: 0.138647	PB: 0.138647	LB: 14879.2	GB: 14879.2	Conf: 0.68482	Pts: 55661
Particle (43):: Fit: 0.136545	PB: 0.136545	LB: 14514.8	GB: 14879.2	Conf: 0.603259	Pts: 51261
Particle (36):: Fit: 0.136595	PB: 0.136595	LB: 14514.8	GB: 14879.2	Conf: 0.469615	Pts: 70658
Particle (20):: Fit: 0.12658	PB: 0.12658	LB: 1427.1	GB: 14879.2	Conf: 0.587399	Pts: 65653
Particle (4):: Fit: 0.140785	PB: 0.140785	LB: 14879.2	GB: 14879.2	Conf: 0.682127	Pts: 60749
Particle (12):: Fit: 0.138781	PB: 0.138781	LB: 14460.7	GB: 14879.2	Conf: 0.966017	Pts: 170550
Particle (44):: Fit: 0.138529	PB: 0.138529	LB: 14514.8	GB: 14879.2	Conf: 1.15567	Pts: 190341
Particle (18):: Fit: 14868.6	PB: 14868.6	LB: 14868.6	GB: 14879.2	Conf: 0.337153	Pts: 115736
Particle (22):: Fit: 140.199	PB: 140.199	LB: 14868.6	GB: 14879.2	Conf: 0.645662	Pts: 85330
Particle (20):: Fit: 0.134362	PB: 0.134362	LB: 14868.6	GB: 14879.2	Conf: 0.566408	Pts: 65730
Particle (44):: Fit: 0.140611	PB: 0.140611	LB: 14514.8	GB: 14879.2	Conf: 0.224957	Pts: 190427
Particle (36):: Fit: 0.14058	PB: 0.14058	LB: 14514.8	GB: 14879.2	Conf: 0.438061	Pts: 70729
Particle (16):: Fit: 0.140848	PB: 0.140848	LB: 14868.6	GB: 14879.2	Conf: 0.916368	Pts: 80415
Particle (38):: Fit: 15080.3	PB: 15080.3	LB: 15080.3	GB: 15080.3	Conf: 0.608272	Pts: 310908
Global: 15080.3 - Correct: 74% of 100 tests
Global Best: 
  Inner Net 1
  -- 1 : 1 = 0.319318
  -- 1 : 2 = 0.216387
  -- 1 : 3 = 0.188454
  -- 1 : 4 = -0.503966
  -- 1 : 5 = 0.149016
  -- 2 : 1 = -0.0668147
  -- 2 : 2 = 0.677444
  -- 2 : 3 = -0.105761
  -- 2 : 4 = 0.0781188
  -- 2 : 5 = 0.0511533
  -- 3 : 1 = 0.327197
  -- 3 : 2 = 0.301089
  -- 3 : 3 = 0.00919752
  -- 3 : 4 = 0.163803
  -- 3 : 5 = 0.00240314
  -- 4 : 1 = 0.415536
  -- 4 : 2 = -0.0547305
  -- 4 : 3 = -0.109365
  -- 4 : 4 = 0.141722
  -- 4 : 5 = 0.259738
  -- 5 : 1 = 0.270161
  -- 5 : 2 = -0.00608416
  -- 5 : 3 = 0.222313
  -- 5 : 4 = 0.0264304
  -- 5 : 5 = -0.168097
  -- 6 : 1 = 0.559417
  -- 6 : 2 = -0.00546283
  -- 6 : 3 = 0.193545
  -- 6 : 4 = -0.520803
  -- 6 : 5 = -0.0917398
  Inner Net 2
  -- 1 : 1 = -0.0279362
  -- 1 : 2 = 0.222987
  -- 2 : 1 = -0.269471
  -- 2 : 2 = 0.116481
  -- 3 : 1 = 0.0546598
  -- 3 : 2 = 0.0974257
  -- 4 : 1 = 0.390124
  -- 4 : 2 = -0.0226704
  -- 5 : 1 = 0.0973112
  -- 5 : 2 = -0.0129152
Out\Act	False		True
False	0.514517	0.327463	0.84198
True	0.0556878	0.102332	0.15802
	0.570205	0.429795
	Accuracy [ (tp + tn) / testSize ]: 0.616849
	Precision [ tp / (tp + fp) ]:      0.237832
	Sensitivity [ tp / (tp + fn) ]:    0.645646
	Specificity [ tn / (tn + fp) ]:    0.610734
	F-Score [ 2tp / (2tp + fp + fn) ]: 0.347896
Particle (17):: Fit: 0.13631	PB: 0.13631	LB: 14868.6	GB: 15080.3	Conf: 0.518227	Pts: 155515
Particle (8):: Fit: 0.140692	PB: 0.140692	LB: 14879.2	GB: 15080.3	Conf: 0.504371	Pts: 55812
Particle (9):: Fit: 0.138518	PB: 0.138518	LB: 14879.2	GB: 15080.3	Conf: 0.765544	Pts: 80299
Particle (45):: Fit: 0.134388	PB: 0.134388	LB: 14514.8	GB: 15080.3	Conf: 0.37907	Pts: 50796
Particle (38):: Fit: 15705.8	PB: 15705.8	LB: 15705.8	GB: 15705.8	Conf: 0.777942	Pts: 370989
Global: 15705.8 - Correct: 77% of 100 tests
Global Best: 
  Inner Net 1
  -- 1 : 1 = 0.396498
  -- 1 : 2 = -0.119722
  -- 1 : 3 = 0.0822756
  -- 1 : 4 = -0.0406159
  -- 1 : 5 = 0.205502
  -- 2 : 1 = -0.057045
  -- 2 : 2 = 0.52403
  -- 2 : 3 = -0.287991
  -- 2 : 4 = -0.198312
  -- 2 : 5 = -0.124652
  -- 3 : 1 = -0.0440138
  -- 3 : 2 = 0.0467213
  -- 3 : 3 = 0.161593
  -- 3 : 4 = 0.0528978
  -- 3 : 5 = 0.00437538
  -- 4 : 1 = 0.395971
  -- 4 : 2 = 0.160904
  -- 4 : 3 = 0.127229
  -- 4 : 4 = 0.0975917
  -- 4 : 5 = -0.197939
  -- 5 : 1 = 0.49796
  -- 5 : 2 = -0.141667
  -- 5 : 3 = -0.062705
  -- 5 : 4 = -0.261432
  -- 5 : 5 = 0.0506902
  -- 6 : 1 = 0.622683
  -- 6 : 2 = 0.0172176
  -- 6 : 3 = 0.00428076
  -- 6 : 4 = 0.196958
  -- 6 : 5 = -0.307591
  Inner Net 2
  -- 1 : 1 = -0.0279362
  -- 1 : 2 = 0.222987
  -- 2 : 1 = -0.269471
  -- 2 : 2 = 0.116481
  -- 3 : 1 = 0.0546598
  -- 3 : 2 = 0.0974257
  -- 4 : 1 = 0.390124
  -- 4 : 2 = -0.0226704
  -- 5 : 1 = 0.0973112
  -- 5 : 2 = -0.0129152
Out\Act	False		True
False	0.759638	0.0823417	0.84198
True	0.10376	0.0542599	0.15802
	0.863398	0.136602
	Accuracy [ (tp + tn) / testSize ]: 0.813898
	Precision [ tp / (tp + fp) ]:      0.395833
	Sensitivity [ tp / (tp + fn) ]:    0.342342
	Specificity [ tn / (tn + fp) ]:    0.901695
	F-Score [ 2tp / (2tp + fp + fn) ]: 0.367742
Particle (19):: Fit: 140.199	PB: 140.199	LB: 14868.6	GB: 15705.8	Conf: 0.772195	Pts: 55484
Particle (24):: Fit: 0.134634	PB: 0.134634	LB: 14280.2	GB: 15705.8	Conf: 1.55539	Pts: 60375
Particle (1):: Fit: 0.134552	PB: 0.134552	LB: 0.140785	GB: 15705.8	Conf: 0.653485	Pts: 55251
Particle (1):: Fit: 0.13464	PB: 0.13464	LB: 0.140785	GB: 15705.8	Conf: 0.277439	Pts: 55347
Particle (36):: Fit: 14466.9	PB: 14466.9	LB: 15705.8	GB: 15705.8	Conf: 0.315253	Pts: 80768
Particle (0):: Fit: 14265.7	PB: 14265.7	LB: 14266.6	GB: 15705.8	Conf: 0.786494	Pts: 190260
Particle (17):: Fit: 0.137005	PB: 0.137005	LB: 14868.6	GB: 15705.8	Conf: 0.608046	Pts: 155551
Particle (45):: Fit: 0.136832	PB: 0.136832	LB: 14514.8	GB: 15705.8	Conf: 0.393895	Pts: 50845
Particle (0):: Fit: 14658	PB: 14658	LB: 14658	GB: 15705.8	Conf: 0.604926	Pts: 225349
Particle (9):: Fit: 0.140343	PB: 0.140343	LB: 14879.2	GB: 15705.8	Conf: 0.822518	Pts: 80346
Particle (1):: Fit: 14882	PB: 14882	LB: 14882	GB: 15705.8	Conf: 0.264298	Pts: 105418
Particle (8):: Fit: 0.140806	PB: 0.140806	LB: 14879.2	GB: 15705.8	Conf: 0.538316	Pts: 55841
Particle (42):: Fit: 0.140685	PB: 0.140685	LB: 15705.8	GB: 15705.8	Conf: 0.242949	Pts: 85240
Particle (45):: Fit: 0.138437	PB: 0.138437	LB: 14658	GB: 15705.8	Conf: 0.45939	Pts: 50928
Particle (16):: Fit: 14877.2	PB: 14877.2	LB: 14877.2	GB: 15705.8	Conf: 0.680488	Pts: 125419
Particle (8):: Fit: 14865.5	PB: 14865.5	LB: 14879.2	GB: 15705.8	Conf: 0.638335	Pts: 55913
Particle (41):: Fit: 14694.2	PB: 14694.2	LB: 15705.8	GB: 15705.8	Conf: 0.740074	Pts: 250599
Particle (37):: Fit: 14264.2	PB: 14264.2	LB: 15705.8	GB: 15705.8	Conf: 0.533857	Pts: 70604
Particle (43):: Fit: 0.138628	PB: 0.138628	LB: 14694.2	GB: 15705.8	Conf: 0.797645	Pts: 51210
Particle (0):: Fit: 15090.9	PB: 15090.9	LB: 15090.9	GB: 15705.8	Conf: 0.365523	Pts: 275409
Particle (37):: Fit: 15482.6	PB: 15482.6	LB: 15705.8	GB: 15705.8	Conf: 0.491302	Pts: 75699
Particle (26):: Fit: 0.136521	PB: 0.136521	LB: 14280.2	GB: 15705.8	Conf: 0.766359	Pts: 115093
Particle (16):: Fit: 14881.5	PB: 14881.5	LB: 14881.5	GB: 15705.8	Conf: 0.784008	Pts: 175492
Particle (28):: Fit: 14301.7	PB: 14301.7	LB: 14301.7	GB: 15705.8	Conf: 0.434107	Pts: 150185
Particle (45):: Fit: 14469.4	PB: 14469.4	LB: 15090.9	GB: 15705.8	Conf: 0.651463	Pts: 50973
Particle (12):: Fit: 14663.9	PB: 14663.9	LB: 14881.5	GB: 15705.8	Conf: 0.55121	Pts: 170454
Particle (9):: Fit: 14264.1	PB: 14264.1	LB: 14879.2	GB: 15705.8	Conf: 0.774075	Pts: 80355
Particle (9):: Fit: 14470.9	PB: 14470.9	LB: 14879.2	GB: 15705.8	Conf: 0.265678	Pts: 80454
Particle (4):: Fit: 14886.4	PB: 14886.4	LB: 15090.9	GB: 15705.8	Conf: 0.657183	Pts: 80649
Particle (23):: Fit: 0.107934	PB: 0.107934	LB: 14301.7	GB: 15705.8	Conf: 0.961187	Pts: 55337
Particle (6):: Fit: 140.188	PB: 140.188	LB: 14886.4	GB: 15705.8	Conf: 0.273443	Pts: 65623
Particle (5):: Fit: 0.138768	PB: 0.138768	LB: 14886.4	GB: 15705.8	Conf: 0.731203	Pts: 65582
Particle (35):: Fit: 14692	PB: 14692	LB: 15705.8	GB: 15705.8	Conf: 0.344041	Pts: 105724
Particle (20):: Fit: 0.134732	PB: 0.134732	LB: 14881.5	GB: 15705.8	Conf: 0.243786	Pts: 65610
Particle (9):: Fit: 14681.4	PB: 14681.4	LB: 14879.2	GB: 15705.8	Conf: 0.526825	Pts: 80470
Particle (44):: Fit: 15273.6	PB: 15273.6	LB: 15273.6	GB: 15705.8	Conf: 0.387742	Pts: 220254
Particle (21):: Fit: 14476.6	PB: 14476.6	LB: 14868.6	GB: 15705.8	Conf: 0.342536	Pts: 150150
Particle (14):: Fit: 0.116305	PB: 0.116305	LB: 14881.5	GB: 15705.8	Conf: 1.55141	Pts: 55138
Particle (49):: Fit: 16091.1	PB: 16091.1	LB: 16091.1	GB: 16091.1	Conf: 0.575676	Pts: 160321
Global: 16091.1 - Correct: 79% of 100 tests
Global Best: 
  Inner Net 1
  -- 1 : 1 = -0.0909209
  -- 1 : 2 = 0.326231
  -- 1 : 3 = -0.00812991
  -- 1 : 4 = -0.210731
  -- 1 : 5 = -0.212491
  -- 2 : 1 = -0.0707447
  -- 2 : 2 = 0.115118
  -- 2 : 3 = 0.0723944
  -- 2 : 4 = 0.312277
  -- 2 : 5 = 0.0899811
  -- 3 : 1 = 0.124688
  -- 3 : 2 = 0.0712567
  -- 3 : 3 = 0.583723
  -- 3 : 4 = 0.362449
  -- 3 : 5 = -0.0419995
  -- 4 : 1 = 0.662824
  -- 4 : 2 = 0.441371
  -- 4 : 3 = 0.266224
  -- 4 : 4 = 0.152232
  -- 4 : 5 = 0.868661
  -- 5 : 1 = 0.591807
  -- 5 : 2 = -0.119738
  -- 5 : 3 = 0.320933
  -- 5 : 4 = 0.0717351
  -- 5 : 5 = 0.0116616
  -- 6 : 1 = 0.939879
  -- 6 : 2 = 0.161291
  -- 6 : 3 = -0.45915
  -- 6 : 4 = -0.0889132
  -- 6 : 5 = 0.669165
  Inner Net 2
  -- 1 : 1 = -0.177128
  -- 1 : 2 = 0.000144726
  -- 2 : 1 = -0.268388
  -- 2 : 2 = 0.0627274
  -- 3 : 1 = -0.423807
  -- 3 : 2 = -0.288163
  -- 4 : 1 = 0.495734
  -- 4 : 2 = 0.122173
  -- 5 : 1 = 0.158766
  -- 5 : 2 = -0.189337
Out\Act	False		True
False	0.662066	0.179914	0.84198
True	0.0690148	0.0890052	0.15802
	0.73108	0.26892
	Accuracy [ (tp + tn) / testSize ]: 0.751071
	Precision [ tp / (tp + fp) ]:      0.330389
	Sensitivity [ tp / (tp + fn) ]:    0.561562
	Specificity [ tn / (tn + fp) ]:    0.785876
	F-Score [ 2tp / (2tp + fp + fn) ]: 0.416481
Particle (7):: Fit: 15099.2	PB: 15099.2	LB: 15099.2	GB: 16091.1	Conf: 0.88332	Pts: 165423
Particle (11):: Fit: 14876.7	PB: 14876.7	LB: 15099.2	GB: 16091.1	Conf: 0.508023	Pts: 105017
Particle (17):: Fit: 0.137126	PB: 0.137126	LB: 14881.5	GB: 16091.1	Conf: 0.649799	Pts: 155412
Particle (20):: Fit: 0.138745	PB: 0.138745	LB: 14881.5	GB: 16091.1	Conf: 0.574331	Pts: 65604
Particle (23):: Fit: 0.116918	PB: 0.116918	LB: 14476.6	GB: 16091.1	Conf: 0.538942	Pts: 55294
Particle (3):: Fit: 14672.5	PB: 14672.5	LB: 16091.1	GB: 16091.1	Conf: 0.615877	Pts: 124884
Particle (41):: Fit: 14901.7	PB: 14901.7	LB: 15705.8	GB: 16091.1	Conf: 0.60008	Pts: 250465
Particle (45):: Fit: 14866.9	PB: 14866.9	LB: 16091.1	GB: 16091.1	Conf: 0.365852	Pts: 50856
Particle (20):: Fit: 0.138946	PB: 0.138946	LB: 14881.5	GB: 16091.1	Conf: 0.293351	Pts: 65660
Particle (15):: Fit: 14656.1	PB: 14656.1	LB: 14881.5	GB: 16091.1	Conf: 0.40874	Pts: 149758
Particle (21):: Fit: 14484.7	PB: 14484.7	LB: 14868.6	GB: 16091.1	Conf: 0.462997	Pts: 165150
Particle (10):: Fit: 14447.8	PB: 14447.8	LB: 15099.2	GB: 16091.1	Conf: 0.472975	Pts: 55235
Particle (39):: Fit: 0.13805	PB: 0.13805	LB: 15705.8	GB: 16091.1	Conf: 0.498846	Pts: 79933
Particle (32):: Fit: 0.115867	PB: 0.115867	LB: 15482.6	GB: 16091.1	Conf: 0.555748	Pts: 60011
Particle (30):: Fit: 15078.5	PB: 15078.5	LB: 15078.5	GB: 16091.1	Conf: 0.386203	Pts: 105507
Particle (3):: Fit: 14673.8	PB: 14673.8	LB: 16091.1	GB: 16091.1	Conf: 0.478363	Pts: 124890
Particle (8):: Fit: 14886.2	PB: 14886.2	LB: 15099.2	GB: 16091.1	Conf: 0.432051	Pts: 60660
Particle (25):: Fit: 14242.8	PB: 14242.8	LB: 15078.5	GB: 16091.1	Conf: 0.0940422	Pts: 55262
Particle (16):: Fit: 15091.8	PB: 15091.8	LB: 15091.8	GB: 16091.1	Conf: 0.441879	Pts: 220261
Particle (36):: Fit: 14480.7	PB: 14480.7	LB: 15705.8	GB: 16091.1	Conf: 0.218187	Pts: 80440
Particle (42):: Fit: 0.140691	PB: 0.140691	LB: 15705.8	GB: 16091.1	Conf: 0.470676	Pts: 84939
Particle (34):: Fit: 14259.6	PB: 14259.6	LB: 15705.8	GB: 16091.1	Conf: 1.01014	Pts: 84833
Particle (23):: Fit: 0.126358	PB: 0.126358	LB: 14484.7	GB: 16091.1	Conf: 0.484203	Pts: 55219
Particle (17):: Fit: 14671.6	PB: 14671.6	LB: 15091.8	GB: 16091.1	Conf: 0.514889	Pts: 155318
Particle (8):: Fit: 15094.5	PB: 15094.5	LB: 15099.2	GB: 16091.1	Conf: 0.502807	Pts: 65710
Particle (25):: Fit: 14279.2	PB: 14279.2	LB: 15078.5	GB: 16091.1	Conf: 0.192645	Pts: 55306
Particle (13):: Fit: 15061.3	PB: 15061.3	LB: 15091.8	GB: 16091.1	Conf: 0.396179	Pts: 85270
Particle (48):: Fit: 0.12649	PB: 0.12649	LB: 16091.1	GB: 16091.1	Conf: 1.13127	Pts: 49669
Particle (21):: Fit: 14882.2	PB: 14882.2	LB: 14882.2	GB: 16091.1	Conf: 0.803462	Pts: 185069
Particle (5):: Fit: 0.140696	PB: 0.140696	LB: 15099.2	GB: 16091.1	Conf: 0.543566	Pts: 65314
Particle (43):: Fit: 15278.3	PB: 15278.3	LB: 15278.3	GB: 16091.1	Conf: 0.412566	Pts: 55854
Particle (33):: Fit: 0.138577	PB: 0.138577	LB: 15705.8	GB: 16091.1	Conf: 0.0929284	Pts: 64918
Particle (20):: Fit: 0.140628	PB: 0.140628	LB: 15091.8	GB: 16091.1	Conf: 0.572444	Pts: 65516
Particle (40):: Fit: 0.132618	PB: 0.132618	LB: 15705.8	GB: 16091.1	Conf: 0.908896	Pts: 114602
Particle (31):: Fit: 14270.7	PB: 14270.7	LB: 15078.5	GB: 16091.1	Conf: 0.326168	Pts: 129787
Particle (15):: Fit: 14864.2	PB: 14864.2	LB: 15091.8	GB: 16091.1	Conf: 0.325201	Pts: 149579
Particle (42):: Fit: 14898.1	PB: 14898.1	LB: 15705.8	GB: 16091.1	Conf: 0.583445	Pts: 84839
Particle (15):: Fit: 15093.5	PB: 15093.5	LB: 15093.5	GB: 16091.1	Conf: 0.508188	Pts: 184644
Particle (31):: Fit: 14895	PB: 14895	LB: 15078.5	GB: 16091.1	Conf: 0.686641	Pts: 129797
Particle (39):: Fit: 0.138695	PB: 0.138695	LB: 15705.8	GB: 16091.1	Conf: 0.576486	Pts: 79687
Particle (9):: Fit: 14934.1	PB: 14934.1	LB: 15099.2	GB: 16091.1	Conf: 0.208539	Pts: 80085
Particle (24):: Fit: 0.136523	PB: 0.136523	LB: 14882.2	GB: 16091.1	Conf: 0.772915	Pts: 59702
Particle (10):: Fit: 14676.5	PB: 14676.5	LB: 15099.2	GB: 16091.1	Conf: 0.498518	Pts: 54875
Particle (3):: Fit: 15273.7	PB: 15273.7	LB: 16091.1	GB: 16091.1	Conf: 0.555629	Pts: 144570
Particle (11):: Fit: 14881.1	PB: 14881.1	LB: 15099.2	GB: 16091.1	Conf: 0.599643	Pts: 104560
Particle (14):: Fit: 0.118262	PB: 0.118262	LB: 15093.5	GB: 16091.1	Conf: 1.58592	Pts: 54579
Particle (21):: Fit: 14894.9	PB: 14894.9	LB: 14894.9	GB: 16091.1	Conf: 0.551512	Pts: 204756
Particle (46):: Fit: 14877.5	PB: 14877.5	LB: 16091.1	GB: 16091.1	Conf: 0.538561	Pts: 99946
Particle (36):: Fit: 15099.1	PB: 15099.1	LB: 15705.8	GB: 16091.1	Conf: 0.373412	Pts: 85045
Particle (14):: Fit: 0.122152	PB: 0.122152	LB: 15093.5	GB: 16091.1	Conf: 1.39326	Pts: 54512
Particle (14):: Fit: 0.130661	PB: 0.130661	LB: 15093.5	GB: 16091.1	Conf: 1.13764	Pts: 54583
Particle (5):: Fit: 14664.9	PB: 14664.9	LB: 15273.7	GB: 16091.1	Conf: 0.569276	Pts: 64849
Particle (4):: Fit: 15091.9	PB: 15091.9	LB: 15273.7	GB: 16091.1	Conf: 0.563465	Pts: 79767
Particle (20):: Fit: 14686	PB: 14686	LB: 15091.8	GB: 16091.1	Conf: 0.531052	Pts: 65063
Particle (1):: Fit: 15082.8	PB: 15082.8	LB: 16091.1	GB: 16091.1	Conf: 0.212775	Pts: 104401
Particle (25):: Fit: 15290.2	PB: 15290.2	LB: 15290.2	GB: 16091.1	Conf: 0.140481	Pts: 104643
Particle (3):: Fit: 15904.2	PB: 15904.2	LB: 16091.1	GB: 16091.1	Conf: 0.461753	Pts: 164210
Particle (21):: Fit: 15070.1	PB: 15070.1	LB: 15290.2	GB: 16091.1	Conf: 0.53957	Pts: 204505
Particle (20):: Fit: 15908.6	PB: 15908.6	LB: 15908.6	GB: 16091.1	Conf: 0.331039	Pts: 114968
Particle (31):: Fit: 15071.7	PB: 15071.7	LB: 15099.1	GB: 16091.1	Conf: 0.584717	Pts: 129251
Particle (35):: Fit: 14703.1	PB: 14703.1	LB: 15705.8	GB: 16091.1	Conf: 0.375113	Pts: 104638
Particle (33):: Fit: 1417.3	PB: 1417.3	LB: 15705.8	GB: 16091.1	Conf: 0.57765	Pts: 64084
Particle (40):: Fit: 0.136522	PB: 0.136522	LB: 15705.8	GB: 16091.1	Conf: 0.255638	Pts: 113783
Particle (25):: Fit: 15716.9	PB: 15716.9	LB: 15716.9	GB: 16091.1	Conf: 0.219212	Pts: 129303
Particle (32):: Fit: 0.126438	PB: 0.126438	LB: 15482.6	GB: 16091.1	Conf: 0.453344	Pts: 58707
Particle (35):: Fit: 14877.3	PB: 14877.3	LB: 15705.8	GB: 16091.1	Conf: 0.357605	Pts: 104307
Particle (26):: Fit: 140.2	PB: 140.2	LB: 15716.9	GB: 16091.1	Conf: 0.703973	Pts: 113488
Particle (21):: Fit: 15106.9	PB: 15106.9	LB: 15908.6	GB: 16091.1	Conf: 0.511749	Pts: 204035
Particle (8):: Fit: 15683.5	PB: 15683.5	LB: 15683.5	GB: 16091.1	Conf: 0.524739	Pts: 89336
Particle (42):: Fit: 15070.4	PB: 15070.4	LB: 15705.8	GB: 16091.1	Conf: 0.672831	Pts: 83622
Particle (43):: Fit: 15287	PB: 15287	LB: 15287	GB: 16091.1	Conf: 0.453265	Pts: 59441
Particle (43):: Fit: 15289.5	PB: 15289.5	LB: 15289.5	GB: 16091.1	Conf: 0.479353	Pts: 64496
Particle (13):: Fit: 15277.3	PB: 15277.3	LB: 15277.3	GB: 16091.1	Conf: 0.452865	Pts: 93780
Particle (48):: Fit: 0.131081	PB: 0.131081	LB: 16091.1	GB: 16091.1	Conf: 0.959901	Pts: 48088
Particle (31):: Fit: 15095.3	PB: 15095.3	LB: 15099.1	GB: 16091.1	Conf: 0.766197	Pts: 133486
Global Best: 
  Inner Net 1
  -- 1 : 1 = -0.0909209
  -- 1 : 2 = 0.326231
  -- 1 : 3 = -0.00812991
  -- 1 : 4 = -0.210731
  -- 1 : 5 = -0.212491
  -- 2 : 1 = -0.0707447
  -- 2 : 2 = 0.115118
  -- 2 : 3 = 0.0723944
  -- 2 : 4 = 0.312277
  -- 2 : 5 = 0.0899811
  -- 3 : 1 = 0.124688
  -- 3 : 2 = 0.0712567
  -- 3 : 3 = 0.583723
  -- 3 : 4 = 0.362449
  -- 3 : 5 = -0.0419995
  -- 4 : 1 = 0.662824
  -- 4 : 2 = 0.441371
  -- 4 : 3 = 0.266224
  -- 4 : 4 = 0.152232
  -- 4 : 5 = 0.868661
  -- 5 : 1 = 0.591807
  -- 5 : 2 = -0.119738
  -- 5 : 3 = 0.320933
  -- 5 : 4 = 0.0717351
  -- 5 : 5 = 0.0116616
  -- 6 : 1 = 0.939879
  -- 6 : 2 = 0.161291
  -- 6 : 3 = -0.45915
  -- 6 : 4 = -0.0889132
  -- 6 : 5 = 0.669165
  Inner Net 2
  -- 1 : 1 = -0.177128
  -- 1 : 2 = 0.000144726
  -- 2 : 1 = -0.268388
  -- 2 : 2 = 0.0627274
  -- 3 : 1 = -0.423807
  -- 3 : 2 = -0.288163
  -- 4 : 1 = 0.495734
  -- 4 : 2 = 0.122173
  -- 5 : 1 = 0.158766
  -- 5 : 2 = -0.189337
Out\Act	False		True
False	0.662066	0.179914	0.84198
True	0.0690148	0.0890052	0.15802
	0.73108	0.26892
	Accuracy [ (tp + tn) / testSize ]: 0.751071
	Precision [ tp / (tp + fp) ]:      0.330389
	Sensitivity [ tp / (tp + fn) ]:    0.561562
	Specificity [ tn / (tn + fp) ]:    0.785876
	F-Score [ 2tp / (2tp + fp + fn) ]: 0.416481
