
Date / Time: Fri Mar 31 04:42:14 2017

   ****************************************
   * PSO Neural Net (Gaussian Activation) *
   *       by William Boler, BSCE         *
   *     Research Assistant, IUPUI        *
   *                                      *
   *  Professor: Dr. Lauren Christopher   *
   *     Created: March 13, 2017          *
   ****************************************


Inputs: 6
Inner Nets: 1
 - 5
Tests per train(min): 100
Particles: 50
Neighbors: 10
Minimum Particle Iterations: 1000
Particle (0):: Fit: 0.000107185	PB: 0.000107185	LB: 0.000107185	GB: 0.000107185	Cor: 0.48	Pts: 110099
Particle (1):: Fit: 0.000107186	PB: 0.000107186	LB: 0.000107186	GB: 0.000107186	Cor: 0.47	Pts: 110099
Particle (2):: Fit: 0.00106964	PB: 0.00106964	LB: 0.00106964	GB: 0.00106964	Cor: 0.64	Pts: 110099
Particle (3):: Fit: 0.0001031	PB: 0.0001031	LB: 0.00106964	GB: 0.00106964	Cor: 0.64	Pts: 55099
Particle (4):: Fit: 0.000101038	PB: 0.000101038	LB: 0.00106964	GB: 0.00106964	Cor: 0.64	Pts: 55099
Particle (5):: Fit: 8.25864e-005	PB: 8.25864e-005	LB: 0.00106964	GB: 0.00106964	Cor: 0.64	Pts: 55099
Particle (6):: Fit: 0.000107186	PB: 0.000107186	LB: 0.00106964	GB: 0.00106964	Cor: 0.64	Pts: 70099
Particle (7):: Fit: 0.00109126	PB: 0.00109126	LB: 0.00109126	GB: 0.00109126	Cor: 0.62	Pts: 110099
Particle (8):: Fit: 9.21467e-006	PB: 9.21467e-006	LB: 0.00109126	GB: 0.00109126	Cor: 0.62	Pts: 55099
Particle (9):: Fit: 8.46621e-005	PB: 8.46621e-005	LB: 0.00109126	GB: 0.00109126	Cor: 0.62	Pts: 60099
Particle (10):: Fit: 8.66865e-005	PB: 8.66865e-005	LB: 0.00109126	GB: 0.00109126	Cor: 0.62	Pts: 65099
Particle (11):: Fit: 9.28373e-005	PB: 9.28373e-005	LB: 0.00109126	GB: 0.00109126	Cor: 0.62	Pts: 70099
Particle (12):: Fit: 0.000107185	PB: 0.000107185	LB: 0.000107185	GB: 0.00109126	Cor: 0.62	Pts: 75099
Particle (13):: Fit: 0.000107186	PB: 0.000107186	LB: 0.000107186	GB: 0.00109126	Cor: 0.62	Pts: 80099
Particle (14):: Fit: 0.000109235	PB: 0.000109235	LB: 0.000109235	GB: 0.00109126	Cor: 0.62	Pts: 85099
Particle (15):: Fit: 0.000121546	PB: 0.000121546	LB: 0.000121546	GB: 0.00109126	Cor: 0.62	Pts: 90099
Particle (16):: Fit: 0.000116173	PB: 0.000116173	LB: 0.000121546	GB: 0.00109126	Cor: 0.62	Pts: 55099
Particle (17):: Fit: 9.89861e-005	PB: 9.89861e-005	LB: 0.000121546	GB: 0.00109126	Cor: 0.62	Pts: 55099
Particle (18):: Fit: 8.81388e-006	PB: 8.81388e-006	LB: 0.000121546	GB: 0.00109126	Cor: 0.62	Pts: 55099
Particle (19):: Fit: 9.07911e-005	PB: 9.07911e-005	LB: 0.000121546	GB: 0.00109126	Cor: 0.62	Pts: 60099
Particle (20):: Fit: 0.000103086	PB: 0.000103086	LB: 0.000116173	GB: 0.00109126	Cor: 0.62	Pts: 70099
Particle (21):: Fit: 8.34451e-006	PB: 8.34451e-006	LB: 0.000103086	GB: 0.00109126	Cor: 0.62	Pts: 55099
Particle (22):: Fit: 0.000111335	PB: 0.000111335	LB: 0.000111335	GB: 0.00109126	Cor: 0.62	Pts: 80099
Particle (23):: Fit: 9.28366e-005	PB: 9.28366e-005	LB: 0.000111335	GB: 0.00109126	Cor: 0.62	Pts: 55099
Particle (24):: Fit: 9.69374e-005	PB: 9.69374e-005	LB: 0.000111335	GB: 0.00109126	Cor: 0.62	Pts: 60099
Particle (25):: Fit: 0.000925732	PB: 0.000925732	LB: 0.000925732	GB: 0.00109126	Cor: 0.62	Pts: 100099
Particle (26):: Fit: 0.000947638	PB: 0.000947638	LB: 0.000947638	GB: 0.00109126	Cor: 0.62	Pts: 100099
Particle (27):: Fit: 0.000101036	PB: 0.000101036	LB: 0.000947638	GB: 0.00109126	Cor: 0.62	Pts: 55099
Particle (28):: Fit: 9.48867e-005	PB: 9.48867e-005	LB: 0.000947638	GB: 0.00109126	Cor: 0.62	Pts: 55099
Particle (29):: Fit: 8.25864e-005	PB: 8.25864e-005	LB: 0.000947638	GB: 0.00109126	Cor: 0.62	Pts: 55099
Particle (30):: Fit: 0.00102507	PB: 0.00102507	LB: 0.00102507	GB: 0.00109126	Cor: 0.62	Pts: 100099
Particle (31):: Fit: 0.000105136	PB: 0.000105136	LB: 0.00102507	GB: 0.00109126	Cor: 0.62	Pts: 55099
Particle (32):: Fit: 9.69364e-005	PB: 9.69364e-005	LB: 0.00102507	GB: 0.00109126	Cor: 0.62	Pts: 55099
Particle (33):: Fit: 0.000121533	PB: 0.000121533	LB: 0.00102507	GB: 0.00109126	Cor: 0.62	Pts: 65099
Particle (34):: Fit: 9.61505e-006	PB: 9.61505e-006	LB: 0.00102507	GB: 0.00109126	Cor: 0.62	Pts: 55099
Particle (35):: Fit: 1.00156e-005	PB: 1.00156e-005	LB: 0.000121533	GB: 0.00109126	Cor: 0.62	Pts: 60099
Particle (36):: Fit: 9.69362e-005	PB: 9.69362e-005	LB: 0.000121533	GB: 0.00109126	Cor: 0.62	Pts: 65099
Particle (37):: Fit: 9.01523e-006	PB: 9.01523e-006	LB: 0.000121533	GB: 0.00109126	Cor: 0.62	Pts: 55099
Particle (38):: Fit: 9.69362e-005	PB: 9.69362e-005	LB: 9.69362e-005	GB: 0.00109126	Cor: 0.62	Pts: 60099
Particle (39):: Fit: 0.000125632	PB: 0.000125632	LB: 0.000125632	GB: 0.00109126	Cor: 0.62	Pts: 95099
Particle (40):: Fit: 0.00101101	PB: 0.00101101	LB: 0.00101101	GB: 0.00109126	Cor: 0.62	Pts: 100099
Particle (41):: Fit: 9.47046e-005	PB: 9.47046e-005	LB: 0.00101101	GB: 0.00109126	Cor: 0.62	Pts: 50099
Particle (42):: Fit: 0.000105136	PB: 0.000105136	LB: 0.00101101	GB: 0.00109126	Cor: 0.62	Pts: 50099
Particle (43):: Fit: 0.000119501	PB: 0.000119501	LB: 0.00101101	GB: 0.00109126	Cor: 0.62	Pts: 60099
Particle (44):: Fit: 9.28364e-005	PB: 9.28364e-005	LB: 0.00101101	GB: 0.00109126	Cor: 0.62	Pts: 50099
Particle (45):: Fit: 0.000109244	PB: 0.000109244	LB: 0.000119501	GB: 0.00109126	Cor: 0.62	Pts: 50099
Particle (46):: Fit: 0.000119483	PB: 0.000119483	LB: 0.000119501	GB: 0.00109126	Cor: 0.62	Pts: 50099
Particle (47):: Fit: 0.000109235	PB: 0.000109235	LB: 0.00106964	GB: 0.00109126	Cor: 0.62	Pts: 50099
Particle (48):: Fit: 0.000123583	PB: 0.000123583	LB: 0.00106964	GB: 0.00109126	Cor: 0.62	Pts: 60099
Particle (49):: Fit: 0.00107227	PB: 0.00107227	LB: 0.00107227	GB: 0.00109126	Cor: 0.62	Pts: 90099
Global: 0.00109126 - Correct: 62% of 100 tests
Global Best: 
  Inner Net 1
  -- 1 : 1 = 0.8338
  -- 1 : 2 = 0.5849
  -- 1 : 3 = 0.0124
  -- 1 : 4 = 0.9743
  -- 1 : 5 = 0.6262
  -- 2 : 1 = 0.2236
  -- 2 : 2 = 0.9108
  -- 2 : 3 = 0.7391
  -- 2 : 4 = 0.6856
  -- 2 : 5 = 0.1199
  -- 3 : 1 = 0.6531
  -- 3 : 2 = 0.8892
  -- 3 : 3 = 0.0481
  -- 3 : 4 = 0.4229
  -- 3 : 5 = 0.0863
  -- 4 : 1 = 0.5142
  -- 4 : 2 = 0.808
  -- 4 : 3 = 0.5684
  -- 4 : 4 = 0.3409
  -- 4 : 5 = 0.0715
  -- 5 : 1 = 0.3609
  -- 5 : 2 = 0.9804
  -- 5 : 3 = 0.1648
  -- 5 : 4 = 0.0331
  -- 5 : 5 = 0.1503
  -- 6 : 1 = 0.0501
  -- 6 : 2 = 0.9824
  -- 6 : 3 = 0.4955
  -- 6 : 4 = 0.3093
  -- 6 : 5 = 0.196
  Inner Net 2
  -- 1 : 1 = 0.4831
  -- 1 : 2 = 0.0159
  -- 2 : 1 = -0.055
  -- 2 : 2 = 0.3529
  -- 3 : 1 = -0.3032
  -- 3 : 2 = 0.2019
  -- 4 : 1 = -0.1125
  -- 4 : 2 = 0.3083
  -- 5 : 1 = -0.0068
  -- 5 : 2 = -0.0672023
Out\Act	False		True
False	0.768206	0.0737744	0.84198
True	0.10614	0.0518801	0.15802
	0.874346	0.125654
	Accuracy [ (tp + tn) / testSize ]: 0.820086
	Precision [ tp / (tp + fp) ]:      0.411321
	Sensitivity [ tp / (tp + fn) ]:    0.327327
	Specificity [ tn / (tn + fp) ]:    0.911864
	F-Score [ 2tp / (2tp + fp + fn) ]: 0.365159
Particle (4):: Fit: 0.000116171	PB: 0.000116171	LB: 0.00109126	GB: 0.00109126	Cor: 0	Pts: 55198
Particle (5):: Fit: 8.87365e-005	PB: 8.87365e-005	LB: 0.00109126	GB: 0.00109126	Cor: 0	Pts: 55198
Particle (8):: Fit: 0.000101036	PB: 0.000101036	LB: 0.00109126	GB: 0.00109126	Cor: 0	Pts: 55198
Particle (9):: Fit: 0.00115448	PB: 0.00115448	LB: 0.00115448	GB: 0.00115448	Cor: 0.48	Pts: 120198
Particle (10):: Fit: 0.000105136	PB: 0.000105136	LB: 0.00115448	GB: 0.00115448	Cor: 0.48	Pts: 65198
Particle (11):: Fit: 0.000106162	PB: 0.000106162	LB: 0.00115448	GB: 0.00115448	Cor: 0.48	Pts: 70198
Particle (12):: Fit: 0.000109235	PB: 0.000109235	LB: 0.00115448	GB: 0.00115448	Cor: 0.48	Pts: 75198
Particle (17):: Fit: 0.000103086	PB: 0.000103086	LB: 0.000121546	GB: 0.00115448	Cor: 0.48	Pts: 55198
Particle (18):: Fit: 9.8989e-005	PB: 9.8989e-005	LB: 0.000121546	GB: 0.00115448	Cor: 0.48	Pts: 55198
Particle (19):: Fit: 0.000104158	PB: 0.000104158	LB: 0.000121546	GB: 0.00115448	Cor: 0.48	Pts: 60198
Particle (21):: Fit: 9.69416e-005	PB: 9.69416e-005	LB: 0.000947638	GB: 0.00115448	Cor: 0.48	Pts: 55197
Particle (23):: Fit: 0.000109275	PB: 0.000109275	LB: 0.000947638	GB: 0.00115448	Cor: 0.48	Pts: 55198
Particle (24):: Fit: 0.000109307	PB: 0.000109307	LB: 0.000947638	GB: 0.00115448	Cor: 0.48	Pts: 60198
Particle (27):: Fit: 0.000125632	PB: 0.000125632	LB: 0.00102507	GB: 0.00115448	Cor: 0.48	Pts: 55198
Particle (28):: Fit: 0.00119533	PB: 0.00119533	LB: 0.00119533	GB: 0.00119533	Cor: 0.44	Pts: 115198
Particle (29):: Fit: 0.000103086	PB: 0.000103086	LB: 0.00119533	GB: 0.00119533	Cor: 0.44	Pts: 55198
Particle (30):: Fit: 0.00110771	PB: 0.00110771	LB: 0.00119533	GB: 0.00119533	Cor: 0.44	Pts: 110198
Particle (31):: Fit: 0.00125687	PB: 0.00125687	LB: 0.00125687	GB: 0.00125687	Cor: 0.43	Pts: 115198
Particle (32):: Fit: 0.00113397	PB: 0.00113397	LB: 0.00125687	GB: 0.00125687	Cor: 0.43	Pts: 60198
Particle (34):: Fit: 0.000101041	PB: 0.000101041	LB: 0.00125687	GB: 0.00125687	Cor: 0.43	Pts: 55198
Particle (35):: Fit: 9.28416e-005	PB: 9.28416e-005	LB: 0.00125687	GB: 0.00125687	Cor: 0.43	Pts: 60198
Particle (37):: Fit: 0.000109243	PB: 0.000109243	LB: 0.00101101	GB: 0.00125687	Cor: 0.43	Pts: 55198
Particle (38):: Fit: 0.000113335	PB: 0.000113335	LB: 0.00101101	GB: 0.00125687	Cor: 0.43	Pts: 60198
Particle (41):: Fit: 0.000111291	PB: 0.000111291	LB: 0.00101101	GB: 0.00125687	Cor: 0.43	Pts: 50198
Particle (44):: Fit: 0.000109235	PB: 0.000109235	LB: 0.00107227	GB: 0.00125687	Cor: 0.43	Pts: 50198
Global: 0.00125687 - Correct: 43% of 100 tests
Global Best: 
  Inner Net 1
  -- 1 : 1 = 0.1339
  -- 1 : 2 = 0.9489
  -- 1 : 3 = 0.9035
  -- 1 : 4 = 0.2379
  -- 1 : 5 = 0.9807
  -- 2 : 1 = 0.4516
  -- 2 : 2 = 0.2131
  -- 2 : 3 = 0.1212
  -- 2 : 4 = 0.8832
  -- 2 : 5 = 0.3083
  -- 3 : 1 = 0.6903
  -- 3 : 2 = 0.1339
  -- 3 : 3 = 0.7107
  -- 3 : 4 = 0.0356
  -- 3 : 5 = 0.4776
  -- 4 : 1 = 0.3461
  -- 4 : 2 = 0.9521
  -- 4 : 3 = 0.0291
  -- 4 : 4 = 0.9933
  -- 4 : 5 = 0.9428
  -- 5 : 1 = 0.2189
  -- 5 : 2 = 0.4417
  -- 5 : 3 = 0.7047
  -- 5 : 4 = 0.274
  -- 5 : 5 = 0.2726
  -- 6 : 1 = 0.0693
  -- 6 : 2 = 0.2662
  -- 6 : 3 = 0.506
  -- 6 : 4 = 0.988
  -- 6 : 5 = 0.0339
  Inner Net 2
  -- 1 : 1 = -0.551495
  -- 1 : 2 = -0.387763
  -- 2 : 1 = -0.224294
  -- 2 : 2 = -0.259
  -- 3 : 1 = -0.183271
  -- 3 : 2 = -0.378027
  -- 4 : 1 = -0.309209
  -- 4 : 2 = 0.211142
  -- 5 : 1 = -0.1779
  -- 5 : 2 = -0.0014
Out\Act	False		True
False	0.841504	0.000475964	0.84198
True	0.157544	0.000475964	0.15802
	0.999048	0.000951928
	Accuracy [ (tp + tn) / testSize ]: 0.84198
	Precision [ tp / (tp + fp) ]:      0.333333
	Sensitivity [ tp / (tp + fn) ]:    0.003003
	Specificity [ tn / (tn + fp) ]:    0.99887
	F-Score [ 2tp / (2tp + fp + fn) ]: 0.00597015
Particle (3):: Fit: 0.000115442	PB: 0.000115442	LB: 0.00109126	GB: 0.00125687	Cor: 0	Pts: 55197
Particle (5):: Fit: 9.28364e-005	PB: 9.28364e-005	LB: 0.00115448	GB: 0.00125687	Cor: 0	Pts: 55297
Particle (10):: Fit: 0.000107185	PB: 0.000107185	LB: 0.00115448	GB: 0.00125687	Cor: 0	Pts: 65297
Particle (12):: Fit: 0.000119483	PB: 0.000119483	LB: 0.00115448	GB: 0.00125687	Cor: 0	Pts: 75297
Particle (18):: Fit: 0.000102158	PB: 0.000102158	LB: 0.000121546	GB: 0.00125687	Cor: 0	Pts: 55297
Particle (19):: Fit: 0.000123594	PB: 0.000123594	LB: 0.000123594	GB: 0.00125687	Cor: 0	Pts: 90297
Particle (21):: Fit: 0.000125641	PB: 0.000125641	LB: 0.000947638	GB: 0.00125687	Cor: 0	Pts: 75296
Particle (22):: Fit: 0.000113334	PB: 0.000113334	LB: 0.000947638	GB: 0.00125687	Cor: 0	Pts: 80197
Particle (23):: Fit: 0.0011126	PB: 0.0011126	LB: 0.00119533	GB: 0.00125687	Cor: 0	Pts: 80297
Particle (25):: Fit: 0.00103145	PB: 0.00103145	LB: 0.00119533	GB: 0.00125687	Cor: 0	Pts: 100197
Particle (29):: Fit: 0.000119523	PB: 0.000119523	LB: 0.00125687	GB: 0.00125687	Cor: 0	Pts: 55297
Particle (30):: Fit: 0.00127165	PB: 0.00127165	LB: 0.00127165	GB: 0.00127165	Cor: 0.58	Pts: 170297
Particle (35):: Fit: 0.000110167	PB: 0.000110167	LB: 0.00125687	GB: 0.00127165	Cor: 0.58	Pts: 60297
Particle (41):: Fit: 0.00104829	PB: 0.00104829	LB: 0.00104829	GB: 0.00127165	Cor: 0.58	Pts: 85297
Particle (44):: Fit: 0.000113334	PB: 0.000113334	LB: 0.00107227	GB: 0.00127165	Cor: 0.58	Pts: 50297
Particle (47):: Fit: 0.000109236	PB: 0.000109236	LB: 0.00107227	GB: 0.00127165	Cor: 0.58	Pts: 50197
Global: 0.00127165 - Correct: 58% of 100 tests
Global Best: 
  Inner Net 1
  -- 1 : 1 = 0.4416
  -- 1 : 2 = 0.1577
  -- 1 : 3 = 0.1827
  -- 1 : 4 = 0.5049
  -- 1 : 5 = 0.1271
  -- 2 : 1 = 0.8074
  -- 2 : 2 = 0.4848
  -- 2 : 3 = 0.7986
  -- 2 : 4 = 0.1869
  -- 2 : 5 = 0.3972
  -- 3 : 1 = 0.4437
  -- 3 : 2 = 0.2242
  -- 3 : 3 = 0.5387
  -- 3 : 4 = 0.6963
  -- 3 : 5 = 0.0578
  -- 4 : 1 = 0.6782
  -- 4 : 2 = 0.0562
  -- 4 : 3 = 0.1837
  -- 4 : 4 = 0.8419
  -- 4 : 5 = 0.5231
  -- 5 : 1 = 0.5863
  -- 5 : 2 = 0.1544
  -- 5 : 3 = 0.687
  -- 5 : 4 = 0.7624
  -- 5 : 5 = 0.0481
  -- 6 : 1 = 0.4861
  -- 6 : 2 = 0.8802
  -- 6 : 3 = 0.0472
  -- 6 : 4 = 0.2688
  -- 6 : 5 = 0.6091
  Inner Net 2
  -- 1 : 1 = -0.698372
  -- 1 : 2 = -0.171165
  -- 2 : 1 = -0.532705
  -- 2 : 2 = 0.256074
  -- 3 : 1 = -0.406241
  -- 3 : 2 = 0.137211
  -- 4 : 1 = -0.436992
  -- 4 : 2 = -0.108526
  -- 5 : 1 = -0.043212
  -- 5 : 2 = -0.00484045
Out\Act	False		True
False	0.84198	0	0.84198
True	0.15802	0	0.15802
	1	0
	Accuracy [ (tp + tn) / testSize ]: 0.84198
	Precision [ tp / (tp + fp) ]:      0
	Sensitivity [ tp / (tp + fn) ]:    0
	Specificity [ tn / (tn + fp) ]:    0.999435
	F-Score [ 2tp / (2tp + fp + fn) ]: 0
Particle (0):: Fit: 0.000113334	PB: 0.000113334	LB: 0.00107227	GB: 0.00127165	Cor: 0	Pts: 110196
Particle (1):: Fit: 0.000111286	PB: 0.000111286	LB: 0.00107227	GB: 0.00127165	Cor: 0	Pts: 110196
Particle (5):: Fit: 9.89861e-005	PB: 9.89861e-005	LB: 0.00115448	GB: 0.00127165	Cor: 0	Pts: 55396
Particle (7):: Fit: 0.00125502	PB: 0.00125502	LB: 0.00125502	GB: 0.00127165	Cor: 0	Pts: 160196
Particle (13):: Fit: 0.000107201	PB: 0.000107201	LB: 0.00115448	GB: 0.00127165	Cor: 0	Pts: 80196
Particle (17):: Fit: 0.000107185	PB: 0.000107185	LB: 0.000125641	GB: 0.00127165	Cor: 0	Pts: 55296
Particle (20):: Fit: 0.000109235	PB: 0.000109235	LB: 0.0011126	GB: 0.00127165	Cor: 0	Pts: 70196
Particle (22):: Fit: 0.00105196	PB: 0.00105196	LB: 0.0011126	GB: 0.00127165	Cor: 0	Pts: 85296
Particle (24):: Fit: 0.000119485	PB: 0.000119485	LB: 0.00119533	GB: 0.00127165	Cor: 0	Pts: 60296
Particle (36):: Fit: 0.000117434	PB: 0.000117434	LB: 0.00113397	GB: 0.00127165	Cor: 0	Pts: 65196
Particle (37):: Fit: 0.000123593	PB: 0.000123593	LB: 0.00104829	GB: 0.00127165	Cor: 0	Pts: 55296
Particle (41):: Fit: 0.0010673	PB: 0.0010673	LB: 0.0010673	GB: 0.00127165	Cor: 0	Pts: 120396
Particle (42):: Fit: 0.00119545	PB: 0.00119545	LB: 0.00119545	GB: 0.00127165	Cor: 0	Pts: 100196
Particle (47):: Fit: 0.00113402	PB: 0.00113402	LB: 0.00113402	GB: 0.00127165	Cor: 0	Pts: 75296
Particle (1):: Fit: 0.000115385	PB: 0.000115385	LB: 0.00113402	GB: 0.00127165	Cor: 0	Pts: 110295
Particle (5):: Fit: 0.000101036	PB: 0.000101036	LB: 0.00125502	GB: 0.00127165	Cor: 0	Pts: 55495
Particle (6):: Fit: 0.000113336	PB: 0.000113336	LB: 0.00125502	GB: 0.00127165	Cor: 0	Pts: 70195
Particle (8):: Fit: 0.00011617	PB: 0.00011617	LB: 0.00125502	GB: 0.00127165	Cor: 0	Pts: 55295
Particle (18):: Fit: 0.000109243	PB: 0.000109243	LB: 0.0011126	GB: 0.00127165	Cor: 0	Pts: 55395
Particle (23):: Fit: 0.00121556	PB: 0.00121556	LB: 0.00121556	GB: 0.00127165	Cor: 0	Pts: 115395
Particle (25):: Fit: 0.00117248	PB: 0.00117248	LB: 0.00127165	GB: 0.00127165	Cor: 0	Pts: 100295
Particle (26):: Fit: 0.000989855	PB: 0.000989855	LB: 0.00127165	GB: 0.00127165	Cor: 0	Pts: 100195
Particle (34):: Fit: 0.00010924	PB: 0.00010924	LB: 0.00127165	GB: 0.00127165	Cor: 0	Pts: 55295
Particle (45):: Fit: 0.00123651	PB: 0.00123651	LB: 0.00123651	GB: 0.00127165	Cor: 0	Pts: 100193
Particle (49):: Fit: 0.00111302	PB: 0.00111302	LB: 0.00123651	GB: 0.00127165	Cor: 0	Pts: 90195
Particle (0):: Fit: 0.000119483	PB: 0.000119483	LB: 0.00113402	GB: 0.00127165	Cor: 0	Pts: 110294
Particle (2):: Fit: 0.00117392	PB: 0.00117392	LB: 0.00125502	GB: 0.00127165	Cor: 0	Pts: 120194
Particle (5):: Fit: 0.000105136	PB: 0.000105136	LB: 0.00125502	GB: 0.00127165	Cor: 0	Pts: 55594
Particle (24):: Fit: 0.00107154	PB: 0.00107154	LB: 0.00121556	GB: 0.00127165	Cor: 0	Pts: 60394
Particle (26):: Fit: 0.00113343	PB: 0.00113343	LB: 0.00127165	GB: 0.00127165	Cor: 0	Pts: 100294
Particle (38):: Fit: 0.000115442	PB: 0.000115442	LB: 0.00119545	GB: 0.00127165	Cor: 0	Pts: 60294
Particle (44):: Fit: 0.000117434	PB: 0.000117434	LB: 0.00123651	GB: 0.00127165	Cor: 0	Pts: 50394
Particle (5):: Fit: 0.00107246	PB: 0.00107246	LB: 0.00125502	GB: 0.00127165	Cor: 0	Pts: 55693
Particle (18):: Fit: 0.000119494	PB: 0.000119494	LB: 0.00121556	GB: 0.00127165	Cor: 0	Pts: 55493
Particle (19):: Fit: 0.000127695	PB: 0.000127695	LB: 0.00121556	GB: 0.00127165	Cor: 0	Pts: 105393
Particle (46):: Fit: 0.000121533	PB: 0.000121533	LB: 0.00123651	GB: 0.00127165	Cor: 0	Pts: 50193
Particle (17):: Fit: 0.000109235	PB: 0.000109235	LB: 0.00105196	GB: 0.00127165	Cor: 0	Pts: 55392
Particle (21):: Fit: 0.00108262	PB: 0.00108262	LB: 0.00121556	GB: 0.00127165	Cor: 0	Pts: 85390
Particle (10):: Fit: 0.000111285	PB: 0.000111285	LB: 0.00125502	GB: 0.00127165	Cor: 0	Pts: 65391
Particle (17):: Fit: 0.000111285	PB: 0.000111285	LB: 0.00108262	GB: 0.00127165	Cor: 0	Pts: 55491
Particle (4):: Fit: 0.000120178	PB: 0.000120178	LB: 0.00125502	GB: 0.00127165	Cor: 0	Pts: 55289
Particle (17):: Fit: 0.000113334	PB: 0.000113334	LB: 0.00108262	GB: 0.00127165	Cor: 0	Pts: 55590
Particle (9):: Fit: 0.00123643	PB: 0.00123643	LB: 0.00125502	GB: 0.00127165	Cor: 0	Pts: 130289
Particle (10):: Fit: 0.000125632	PB: 0.000125632	LB: 0.00125502	GB: 0.00127165	Cor: 0	Pts: 65489
Particle (11):: Fit: 0.000114166	PB: 0.000114166	LB: 0.00125502	GB: 0.00127165	Cor: 0	Pts: 70288
Particle (14):: Fit: 0.000109251	PB: 0.000109251	LB: 0.000127695	GB: 0.00127165	Cor: 0	Pts: 85189
Particle (43):: Fit: 0.000949466	PB: 0.000949466	LB: 0.00123651	GB: 0.00127165	Cor: 0	Pts: 60189
Particle (13):: Fit: 0.000111285	PB: 0.000111285	LB: 0.00123643	GB: 0.00127165	Cor: 0	Pts: 80288
Particle (30):: Fit: 0.00129609	PB: 0.00129609	LB: 0.00129609	GB: 0.00129609	Cor: 0.52	Pts: 230388
Particle (38):: Fit: 0.000117493	PB: 0.000117493	LB: 0.00119545	GB: 0.00129609	Cor: 0.52	Pts: 60388
Global: 0.00129609 - Correct: 52% of 100 tests
Global Best: 
  Inner Net 1
  -- 1 : 1 = 0.4416
  -- 1 : 2 = 0.1577
  -- 1 : 3 = 0.1827
  -- 1 : 4 = 0.5049
  -- 1 : 5 = 0.1271
  -- 2 : 1 = 0.8074
  -- 2 : 2 = 0.4848
  -- 2 : 3 = 0.7986
  -- 2 : 4 = 0.1869
  -- 2 : 5 = 0.3972
  -- 3 : 1 = 0.4437
  -- 3 : 2 = 0.2242
  -- 3 : 3 = 0.5387
  -- 3 : 4 = 0.6963
  -- 3 : 5 = 0.0578
  -- 4 : 1 = 0.6782
  -- 4 : 2 = 0.0562
  -- 4 : 3 = 0.1837
  -- 4 : 4 = 0.8419
  -- 4 : 5 = 0.5231
  -- 5 : 1 = 0.5863
  -- 5 : 2 = 0.1544
  -- 5 : 3 = 0.687
  -- 5 : 4 = 0.7624
  -- 5 : 5 = 0.0481
  -- 6 : 1 = 0.4861
  -- 6 : 2 = 0.8802
  -- 6 : 3 = 0.0472
  -- 6 : 4 = 0.2688
  -- 6 : 5 = 0.6091
  Inner Net 2
  -- 1 : 1 = -0.497766
  -- 1 : 2 = -0.260687
  -- 2 : 1 = -0.649348
  -- 2 : 2 = 0.522149
  -- 3 : 1 = -0.565338
  -- 3 : 2 = -0.229459
  -- 4 : 1 = -0.700375
  -- 4 : 2 = -0.0257571
  -- 5 : 1 = 0.076448
  -- 5 : 2 = -0.0127341
Out\Act	False		True
False	0.84198	0	0.84198
True	0.15802	0	0.15802
	1	0
	Accuracy [ (tp + tn) / testSize ]: 0.84198
	Precision [ tp / (tp + fp) ]:      0
	Sensitivity [ tp / (tp + fn) ]:    0
	Specificity [ tn / (tn + fp) ]:    0.999435
	F-Score [ 2tp / (2tp + fp + fn) ]: 0
Particle (20):: Fit: 0.000113334	PB: 0.000113334	LB: 0.00121556	GB: 0.00129609	Cor: 0	Pts: 70287
Particle (23):: Fit: 0.00123637	PB: 0.00123637	LB: 0.00123637	GB: 0.00129609	Cor: 0	Pts: 150487
Particle (30):: Fit: 0.00131111	PB: 0.00131111	LB: 0.00131111	GB: 0.00131111	Cor: 0.61	Pts: 290487
Particle (35):: Fit: 0.000114171	PB: 0.000114171	LB: 0.00125687	GB: 0.00131111	Cor: 0.61	Pts: 60386
Global: 0.00131111 - Correct: 61% of 100 tests
Global Best: 
  Inner Net 1
  -- 1 : 1 = 0.4416
  -- 1 : 2 = 0.1577
  -- 1 : 3 = 0.1827
  -- 1 : 4 = 0.5049
  -- 1 : 5 = 0.1271
  -- 2 : 1 = 0.8074
  -- 2 : 2 = 0.4848
  -- 2 : 3 = 0.7986
  -- 2 : 4 = 0.1869
  -- 2 : 5 = 0.3972
  -- 3 : 1 = 0.4437
  -- 3 : 2 = 0.2242
  -- 3 : 3 = 0.5387
  -- 3 : 4 = 0.6963
  -- 3 : 5 = 0.0578
  -- 4 : 1 = 0.6782
  -- 4 : 2 = 0.0562
  -- 4 : 3 = 0.1837
  -- 4 : 4 = 0.8419
  -- 4 : 5 = 0.5231
  -- 5 : 1 = 0.5863
  -- 5 : 2 = 0.1544
  -- 5 : 3 = 0.687
  -- 5 : 4 = 0.7624
  -- 5 : 5 = 0.0481
  -- 6 : 1 = 0.4861
  -- 6 : 2 = 0.8802
  -- 6 : 3 = 0.0472
  -- 6 : 4 = 0.2688
  -- 6 : 5 = 0.6091
  Inner Net 2
  -- 1 : 1 = -0.543455
  -- 1 : 2 = -0.285934
  -- 2 : 1 = -0.736057
  -- 2 : 2 = 0.0908555
  -- 3 : 1 = -0.954013
  -- 3 : 2 = -0.382505
  -- 4 : 1 = -0.95425
  -- 4 : 2 = -0.0515596
  -- 5 : 1 = 0.131047
  -- 5 : 2 = 0.00885986
Out\Act	False		True
False	0.84198	0	0.84198
True	0.15802	0	0.15802
	1	0
	Accuracy [ (tp + tn) / testSize ]: 0.84198
	Precision [ tp / (tp + fp) ]:      0
	Sensitivity [ tp / (tp + fn) ]:    0
	Specificity [ tn / (tn + fp) ]:    0.999435
	F-Score [ 2tp / (2tp + fp + fn) ]: 0
Particle (3):: Fit: 0.00109272	PB: 0.00109272	LB: 0.00125502	GB: 0.00131111	Cor: 0	Pts: 55286
Particle (21):: Fit: 0.00121608	PB: 0.00121608	LB: 0.00123637	GB: 0.00131111	Cor: 0	Pts: 95484
Particle (38):: Fit: 0.000969943	PB: 0.000969943	LB: 0.00119545	GB: 0.00131111	Cor: 0	Pts: 60486
Particle (41):: Fit: 0.00106915	PB: 0.00106915	LB: 0.00123651	GB: 0.00131111	Cor: 0	Pts: 120486
Particle (49):: Fit: 0.00113393	PB: 0.00113393	LB: 0.00123651	GB: 0.00131111	Cor: 0	Pts: 90286
Particle (3):: Fit: 0.00111352	PB: 0.00111352	LB: 0.00125502	GB: 0.00131111	Cor: 0	Pts: 55385
Particle (13):: Fit: 0.000121553	PB: 0.000121553	LB: 0.00123643	GB: 0.00131111	Cor: 0	Pts: 80385
Particle (24):: Fit: 0.00113337	PB: 0.00113337	LB: 0.00123637	GB: 0.00131111	Cor: 0	Pts: 60485
Particle (8):: Fit: 0.000118175	PB: 0.000118175	LB: 0.00125502	GB: 0.00131111	Cor: 0	Pts: 55383
Particle (47):: Fit: 0.00121598	PB: 0.00121598	LB: 0.00123651	GB: 0.00131111	Cor: 0	Pts: 85384
Particle (2):: Fit: 0.00129705	PB: 0.00129705	LB: 0.00129705	GB: 0.00131111	Cor: 0	Pts: 170283
Particle (32):: Fit: 0.00117497	PB: 0.00117497	LB: 0.00131111	GB: 0.00131111	Cor: 0	Pts: 65283
Particle (34):: Fit: 0.000111291	PB: 0.000111291	LB: 0.00131111	GB: 0.00131111	Cor: 0	Pts: 55382
Particle (41):: Fit: 0.00114891	PB: 0.00114891	LB: 0.00123651	GB: 0.00131111	Cor: 0	Pts: 120583
Particle (49):: Fit: 0.00125699	PB: 0.00125699	LB: 0.00129705	GB: 0.00131111	Cor: 0	Pts: 105383
Particle (11):: Fit: 0.000118172	PB: 0.000118172	LB: 0.00125502	GB: 0.00131111	Cor: 0	Pts: 70381
Particle (14):: Fit: 0.000127682	PB: 0.000127682	LB: 0.000127695	GB: 0.00131111	Cor: 0	Pts: 85282
Particle (20):: Fit: 0.000125632	PB: 0.000125632	LB: 0.00123637	GB: 0.00131111	Cor: 0	Pts: 70382
Particle (26):: Fit: 0.00115412	PB: 0.00115412	LB: 0.00131111	GB: 0.00131111	Cor: 0	Pts: 100382
Particle (11):: Fit: 0.000118174	PB: 0.000118174	LB: 0.00125502	GB: 0.00131111	Cor: 0	Pts: 70480
Particle (44):: Fit: 0.000119483	PB: 0.000119483	LB: 0.00125699	GB: 0.00131111	Cor: 0	Pts: 50480
Particle (1):: Fit: 0.000119487	PB: 0.000119487	LB: 0.00129705	GB: 0.00131111	Cor: 0	Pts: 110379
Particle (6):: Fit: 0.000127682	PB: 0.000127682	LB: 0.00129705	GB: 0.00131111	Cor: 0	Pts: 70279
Particle (31):: Fit: 0.00127738	PB: 0.00127738	LB: 0.00131111	GB: 0.00131111	Cor: 0	Pts: 120279
Particle (36):: Fit: 0.000123583	PB: 0.000123583	LB: 0.00117497	GB: 0.00131111	Cor: 0	Pts: 65279
Particle (1):: Fit: 0.000887718	PB: 0.000887718	LB: 0.00129705	GB: 0.00131111	Cor: 0	Pts: 110477
Particle (9):: Fit: 0.00125695	PB: 0.00125695	LB: 0.00125695	GB: 0.00131111	Cor: 0	Pts: 165377
Particle (16):: Fit: 0.000118172	PB: 0.000118172	LB: 0.00121608	GB: 0.00131111	Cor: 0	Pts: 55174
Particle (17):: Fit: 0.000949441	PB: 0.000949441	LB: 0.00121608	GB: 0.00131111	Cor: 0	Pts: 65677
Particle (13):: Fit: 0.00103145	PB: 0.00103145	LB: 0.00125695	GB: 0.00131111	Cor: 0	Pts: 90476
Particle (25):: Fit: 0.00123466	PB: 0.00123466	LB: 0.00131111	GB: 0.00131111	Cor: 0	Pts: 100376
Particle (30):: Fit: 0.00139755	PB: 0.00139755	LB: 0.00139755	GB: 0.00139755	Cor: 0.55	Pts: 350576
Global: 0.00139755 - Correct: 55% of 100 tests
Global Best: 
  Inner Net 1
  -- 1 : 1 = 0.4416
  -- 1 : 2 = 0.1577
  -- 1 : 3 = 0.1827
  -- 1 : 4 = 0.5049
  -- 1 : 5 = 0.1271
  -- 2 : 1 = 0.8074
  -- 2 : 2 = 0.4848
  -- 2 : 3 = 0.7986
  -- 2 : 4 = 0.1869
  -- 2 : 5 = 0.3972
  -- 3 : 1 = 0.4437
  -- 3 : 2 = 0.2242
  -- 3 : 3 = 0.5387
  -- 3 : 4 = 0.6963
  -- 3 : 5 = 0.0578
  -- 4 : 1 = 0.6782
  -- 4 : 2 = 0.0562
  -- 4 : 3 = 0.1837
  -- 4 : 4 = 0.8419
  -- 4 : 5 = 0.5231
  -- 5 : 1 = 0.5863
  -- 5 : 2 = 0.1544
  -- 5 : 3 = 0.687
  -- 5 : 4 = 0.7624
  -- 5 : 5 = 0.0481
  -- 6 : 1 = 0.4861
  -- 6 : 2 = 0.8802
  -- 6 : 3 = 0.0472
  -- 6 : 4 = 0.2688
  -- 6 : 5 = 0.6091
  Inner Net 2
  -- 1 : 1 = -0.556638
  -- 1 : 2 = -0.018578
  -- 2 : 1 = -0.813675
  -- 2 : 2 = -0.170044
  -- 3 : 1 = 1
  -- 3 : 2 = -0.569667
  -- 4 : 1 = 1
  -- 4 : 2 = -0.190261
  -- 5 : 1 = 0.140878
  -- 5 : 2 = 0.00437133
Out\Act	False		True
False	0.84198	0	0.84198
True	0.15802	0	0.15802
	1	0
	Accuracy [ (tp + tn) / testSize ]: 0.84198
	Precision [ tp / (tp + fp) ]:      0
	Sensitivity [ tp / (tp + fn) ]:    0
	Specificity [ tn / (tn + fp) ]:    0.999435
	F-Score [ 2tp / (2tp + fp + fn) ]: 0
Particle (28):: Fit: 0.00121581	PB: 0.00121581	LB: 0.00139755	GB: 0.00139755	Cor: 0	Pts: 115275
Particle (34):: Fit: 0.000124174	PB: 0.000124174	LB: 0.00139755	GB: 0.00139755	Cor: 0	Pts: 55473
Particle (4):: Fit: 0.000126182	PB: 0.000126182	LB: 0.00129705	GB: 0.00139755	Cor: 0	Pts: 55372
Particle (29):: Fit: 0.000121533	PB: 0.000121533	LB: 0.00139755	GB: 0.00139755	Cor: 0	Pts: 55373
Particle (29):: Fit: 0.000125632	PB: 0.000125632	LB: 0.00139755	GB: 0.00139755	Cor: 0	Pts: 55472
Particle (38):: Fit: 0.00111347	PB: 0.00111347	LB: 0.00119545	GB: 0.00139755	Cor: 0	Pts: 60572
Particle (25):: Fit: 0.00129815	PB: 0.00129815	LB: 0.00139755	GB: 0.00139755	Cor: 0	Pts: 125471
Particle (23):: Fit: 0.00127697	PB: 0.00127697	LB: 0.00129815	GB: 0.00139755	Cor: 0	Pts: 160570
Particle (33):: Fit: 0.000123583	PB: 0.000123583	LB: 0.00139755	GB: 0.00139755	Cor: 0	Pts: 65170
Particle (17):: Fit: 0.00101095	PB: 0.00101095	LB: 0.00121608	GB: 0.00139755	Cor: 0	Pts: 65769
Particle (7):: Fit: 0.0012566	PB: 0.0012566	LB: 0.00125695	GB: 0.00139755	Cor: 0	Pts: 160268
Particle (0):: Fit: 0.000129731	PB: 0.000129731	LB: 0.00129705	GB: 0.00139755	Cor: 0	Pts: 110367
Particle (25):: Fit: 0.00133932	PB: 0.00133932	LB: 0.00139755	GB: 0.00139755	Cor: 0	Pts: 150566
Particle (32):: Fit: 0.00119547	PB: 0.00119547	LB: 0.00139755	GB: 0.00139755	Cor: 0	Pts: 70366
Particle (1):: Fit: 0.00113391	PB: 0.00113391	LB: 0.00129705	GB: 0.00139755	Cor: 0	Pts: 110565
Particle (17):: Fit: 0.00117497	PB: 0.00117497	LB: 0.00121608	GB: 0.00139755	Cor: 0	Pts: 75865
Particle (35):: Fit: 0.000116172	PB: 0.000116172	LB: 0.00127738	GB: 0.00139755	Cor: 0	Pts: 60463
Particle (36):: Fit: 0.000127682	PB: 0.000127682	LB: 0.00119547	GB: 0.00139755	Cor: 0	Pts: 65365
Particle (12):: Fit: 0.000121533	PB: 0.000121533	LB: 0.00125695	GB: 0.00139755	Cor: 0	Pts: 75364
Particle (22):: Fit: 0.00115447	PB: 0.00115447	LB: 0.00133932	GB: 0.00139755	Cor: 0	Pts: 85363
Particle (16):: Fit: 0.000120176	PB: 0.000120176	LB: 0.00121608	GB: 0.00139755	Cor: 0	Pts: 55259
Particle (26):: Fit: 0.00117438	PB: 0.00117438	LB: 0.00139755	GB: 0.00139755	Cor: 0	Pts: 100462
Particle (36):: Fit: 0.00111347	PB: 0.00111347	LB: 0.00119547	GB: 0.00139755	Cor: 0	Pts: 65462
Particle (46):: Fit: 0.000125632	PB: 0.000125632	LB: 0.00125699	GB: 0.00139755	Cor: 0	Pts: 50262
Particle (18):: Fit: 0.000125644	PB: 0.000125644	LB: 0.00127697	GB: 0.00139755	Cor: 0	Pts: 55559
Particle (27):: Fit: 0.00013383	PB: 0.00013383	LB: 0.00139755	GB: 0.00139755	Cor: 0	Pts: 55257
Particle (44):: Fit: 0.000123583	PB: 0.000123583	LB: 0.00125699	GB: 0.00139755	Cor: 0	Pts: 50557
Particle (12):: Fit: 0.000129731	PB: 0.000129731	LB: 0.00125695	GB: 0.00139755	Cor: 0	Pts: 75456
Particle (40):: Fit: 0.00114587	PB: 0.00114587	LB: 0.00123651	GB: 0.00139755	Cor: 0	Pts: 100151
Particle (47):: Fit: 0.00123605	PB: 0.00123605	LB: 0.00129705	GB: 0.00139755	Cor: 0	Pts: 85456
Particle (24):: Fit: 0.00125701	PB: 0.00125701	LB: 0.00133932	GB: 0.00139755	Cor: 0	Pts: 60555
Particle (29):: Fit: 0.000127704	PB: 0.000127704	LB: 0.00139755	GB: 0.00139755	Cor: 0	Pts: 55555
Particle (18):: Fit: 0.000133846	PB: 0.000133846	LB: 0.00127697	GB: 0.00139755	Cor: 0	Pts: 55651
Particle (17):: Fit: 0.00117497	PB: 0.00117497	LB: 0.00121608	GB: 0.00139755	Cor: 0	Pts: 85951
Particle (26):: Fit: 0.00119484	PB: 0.00119484	LB: 0.00139755	GB: 0.00139755	Cor: 0	Pts: 100550
Particle (36):: Fit: 0.00113397	PB: 0.00113397	LB: 0.00119547	GB: 0.00139755	Cor: 0	Pts: 65550
Particle (16):: Fit: 0.000123594	PB: 0.000123594	LB: 0.00121608	GB: 0.00139755	Cor: 0	Pts: 55346
Particle (35):: Fit: 0.000120177	PB: 0.000120177	LB: 0.00127738	GB: 0.00139755	Cor: 0	Pts: 60545
Particle (11):: Fit: 0.000119492	PB: 0.000119492	LB: 0.00125695	GB: 0.00139755	Cor: 0	Pts: 70542
Particle (8):: Fit: 0.000133846	PB: 0.000133846	LB: 0.00125695	GB: 0.00139755	Cor: 0	Pts: 55440
Particle (16):: Fit: 0.000123595	PB: 0.000123595	LB: 0.00121608	GB: 0.00139755	Cor: 0	Pts: 55441
Particle (43):: Fit: 0.000978831	PB: 0.000978831	LB: 0.00123651	GB: 0.00139755	Cor: 0	Pts: 60242
Particle (15):: Fit: 0.000125645	PB: 0.000125645	LB: 0.00117497	GB: 0.00139755	Cor: 0	Pts: 90137
Particle (35):: Fit: 0.000122178	PB: 0.000122178	LB: 0.00127738	GB: 0.00139755	Cor: 0	Pts: 60637
Particle (11):: Fit: 0.00012154	PB: 0.00012154	LB: 0.00125695	GB: 0.00139755	Cor: 0	Pts: 70634
Particle (23):: Fit: 0.00131776	PB: 0.00131776	LB: 0.00133932	GB: 0.00139755	Cor: 0	Pts: 170638
Particle (26):: Fit: 0.00133816	PB: 0.00133816	LB: 0.00139755	GB: 0.00139755	Cor: 0	Pts: 100638
Particle (11):: Fit: 0.000121543	PB: 0.000121543	LB: 0.00125695	GB: 0.00139755	Cor: 0	Pts: 70729
Particle (20):: Fit: 0.000131781	PB: 0.000131781	LB: 0.00133932	GB: 0.00139755	Cor: 0	Pts: 70433
Particle (7):: Fit: 0.00127637	PB: 0.00127637	LB: 0.00127637	GB: 0.00139755	Cor: 0	Pts: 185330
Particle (7):: Fit: 0.00131779	PB: 0.00131779	LB: 0.00131779	GB: 0.00139755	Cor: 0	Pts: 235427
Particle (15):: Fit: 0.000129735	PB: 0.000129735	LB: 0.00117497	GB: 0.00139755	Cor: 0	Pts: 90218
Particle (4):: Fit: 0.000129746	PB: 0.000129746	LB: 0.00131779	GB: 0.00139755	Cor: 0	Pts: 55414
Particle (11):: Fit: 0.000121545	PB: 0.000121545	LB: 0.00131779	GB: 0.00139755	Cor: 0	Pts: 70814
Particle (46):: Fit: 0.000127682	PB: 0.000127682	LB: 0.00125699	GB: 0.00139755	Cor: 0	Pts: 50317
Particle (41):: Fit: 0.00117497	PB: 0.00117497	LB: 0.00123651	GB: 0.00139755	Cor: 0	Pts: 120612
Particle (1):: Fit: 0.00119533	PB: 0.00119533	LB: 0.00129705	GB: 0.00139755	Cor: 0	Pts: 110609
Particle (23):: Fit: 0.00131794	PB: 0.00131794	LB: 0.00133932	GB: 0.00139755	Cor: 0	Pts: 180707
Particle (43):: Fit: 0.00102642	PB: 0.00102642	LB: 0.00123651	GB: 0.00139755	Cor: 0	Pts: 60307
Particle (7):: Fit: 0.00141942	PB: 0.00141942	LB: 0.00141942	GB: 0.00141942	Cor: 0.67	Pts: 295503
Particle (13):: Fit: 0.00109296	PB: 0.00109296	LB: 0.00125695	GB: 0.00141942	Cor: 0.67	Pts: 90503
Global: 0.00141942 - Correct: 67% of 100 tests
Global Best: 
  Inner Net 1
  -- 1 : 1 = 0.8338
  -- 1 : 2 = 0.5849
  -- 1 : 3 = 0.0124
  -- 1 : 4 = 0.9743
  -- 1 : 5 = 0.6262
  -- 2 : 1 = 0.2236
  -- 2 : 2 = 0.9108
  -- 2 : 3 = 0.7391
  -- 2 : 4 = 0.6856
  -- 2 : 5 = 0.1199
  -- 3 : 1 = 0.6531
  -- 3 : 2 = 0.8892
  -- 3 : 3 = 0.0481
  -- 3 : 4 = 0.4229
  -- 3 : 5 = 0.0863
  -- 4 : 1 = 0.5142
  -- 4 : 2 = 0.808
  -- 4 : 3 = 0.5684
  -- 4 : 4 = 0.3409
  -- 4 : 5 = 0.0715
  -- 5 : 1 = 0.3609
  -- 5 : 2 = 0.9804
  -- 5 : 3 = 0.1648
  -- 5 : 4 = 0.0331
  -- 5 : 5 = 0.1503
  -- 6 : 1 = 0.0501
  -- 6 : 2 = 0.9824
  -- 6 : 3 = 0.4955
  -- 6 : 4 = 0.3093
  -- 6 : 5 = 0.196
  Inner Net 2
  -- 1 : 1 = -0.0160917
  -- 1 : 2 = 0.190028
  -- 2 : 1 = -0.319757
  -- 2 : 2 = -0.146012
  -- 3 : 1 = 0.626334
  -- 3 : 2 = -0.283367
  -- 4 : 1 = -0.136266
  -- 4 : 2 = -0.55246
  -- 5 : 1 = 0.0667441
  -- 5 : 2 = 0.17568
Out\Act	False		True
False	0.76773	0.0742504	0.84198
True	0.105188	0.052832	0.15802
	0.872918	0.127082
	Accuracy [ (tp + tn) / testSize ]: 0.820562
	Precision [ tp / (tp + fp) ]:      0.414179
	Sensitivity [ tp / (tp + fn) ]:    0.333333
	Specificity [ tn / (tn + fp) ]:    0.911299
	F-Score [ 2tp / (2tp + fp + fn) ]: 0.37
Particle (42):: Fit: 0.00119547	PB: 0.00119547	LB: 0.00123651	GB: 0.00141942	Cor: 0	Pts: 115200
Particle (0):: Fit: 0.00105963	PB: 0.00105963	LB: 0.00129705	GB: 0.00141942	Cor: 0	Pts: 110398
Particle (8):: Fit: 0.13874	PB: 0.13874	LB: 0.13874	GB: 0.13874	Cor: 0.67	Pts: 115489
Particle (18):: Fit: 0.00111352	PB: 0.00111352	LB: 0.00131794	GB: 0.13874	Cor: 0.67	Pts: 55694
Particle (20):: Fit: 0.00113176	PB: 0.00113176	LB: 0.00133932	GB: 0.13874	Cor: 0.67	Pts: 70498
Particle (35):: Fit: 0.000123912	PB: 0.000123912	LB: 0.00127738	GB: 0.13874	Cor: 0.67	Pts: 60689
Particle (38):: Fit: 0.00114991	PB: 0.00114991	LB: 0.00119547	GB: 0.13874	Cor: 0.67	Pts: 60598
Particle (44):: Fit: 0.0120216	PB: 0.0120216	LB: 0.0120216	GB: 0.13874	Cor: 0.67	Pts: 100598
Global: 0.13874 - Correct: 67% of 100 tests
Global Best: 
  Inner Net 1
  -- 1 : 1 = 0.8382
  -- 1 : 2 = -0.0692947
  -- 1 : 3 = 0.2381
  -- 1 : 4 = 0.4425
  -- 1 : 5 = 0.103405
  -- 2 : 1 = 0.129758
  -- 2 : 2 = 0.0821
  -- 2 : 3 = -0.0665779
  -- 2 : 4 = 0.0918
  -- 2 : 5 = 0.00737379
  -- 3 : 1 = 0.5679
  -- 3 : 2 = 0.0413
  -- 3 : 3 = 0.3315
  -- 3 : 4 = 0.439221
  -- 3 : 5 = 0.0580579
  -- 4 : 1 = 0.52754
  -- 4 : 2 = 0.0872
  -- 4 : 3 = 0.289767
  -- 4 : 4 = 0.1592
  -- 4 : 5 = -0.0235397
  -- 5 : 1 = 0.333003
  -- 5 : 2 = 0.588473
  -- 5 : 3 = -0.1083
  -- 5 : 4 = 0.2831
  -- 5 : 5 = 0.4624
  -- 6 : 1 = 0.0753595
  -- 6 : 2 = 0.578025
  -- 6 : 3 = 0.2365
  -- 6 : 4 = -0.0746502
  -- 6 : 5 = 0.0580742
  Inner Net 2
  -- 1 : 1 = 0.284299
  -- 1 : 2 = -0.214808
  -- 2 : 1 = -0.555233
  -- 2 : 2 = 0.206062
  -- 3 : 1 = 0.57987
  -- 3 : 2 = -0.298641
  -- 4 : 1 = -0.208258
  -- 4 : 2 = 0.117097
  -- 5 : 1 = -0.0436593
  -- 5 : 2 = -0.159177
Out\Act	False		True
False	0.831509	0.0104712	0.84198
True	0.135174	0.0228463	0.15802
	0.966683	0.0333175
	Accuracy [ (tp + tn) / testSize ]: 0.854355
	Precision [ tp / (tp + fp) ]:      0.676056
	Sensitivity [ tp / (tp + fn) ]:    0.144144
	Specificity [ tn / (tn + fp) ]:    0.987006
	F-Score [ 2tp / (2tp + fp + fn) ]: 0.238213
Particle (14):: Fit: 0.00113402	PB: 0.00113402	LB: 0.00117497	GB: 0.13874	Cor: 0	Pts: 85297
Particle (29):: Fit: 0.00102881	PB: 0.00102881	LB: 0.00139755	GB: 0.13874	Cor: 0	Pts: 55597
Particle (34):: Fit: 0.00133764	PB: 0.00133764	LB: 0.00139755	GB: 0.13874	Cor: 0	Pts: 75494
Particle (36):: Fit: 0.00119594	PB: 0.00119594	LB: 0.00133764	GB: 0.13874	Cor: 0	Pts: 65597
Particle (3):: Fit: 0.00121753	PB: 0.00121753	LB: 0.13874	GB: 0.13874	Cor: 0	Pts: 55396
Particle (39):: Fit: 0.000131794	PB: 0.000131794	LB: 0.0120216	GB: 0.13874	Cor: 0	Pts: 95096
Particle (47):: Fit: 0.00125544	PB: 0.00125544	LB: 0.0120216	GB: 0.13874	Cor: 0	Pts: 85496
Particle (6):: Fit: 0.00115402	PB: 0.00115402	LB: 0.13874	GB: 0.13874	Cor: 0	Pts: 70294
Particle (20):: Fit: 0.00123562	PB: 0.00123562	LB: 0.00133932	GB: 0.13874	Cor: 0	Pts: 85595
Particle (21):: Fit: 0.00127727	PB: 0.00127727	LB: 0.00133932	GB: 0.13874	Cor: 0	Pts: 105463
Particle (37):: Fit: 0.00121454	PB: 0.00121454	LB: 0.00133764	GB: 0.13874	Cor: 0	Pts: 55292
Particle (39):: Fit: 0.00113411	PB: 0.00113411	LB: 0.0120216	GB: 0.13874	Cor: 0	Pts: 95195
Particle (3):: Fit: 0.124224	PB: 0.124224	LB: 0.13874	GB: 0.13874	Cor: 0	Pts: 80494
Particle (9):: Fit: 0.118252	PB: 0.118252	LB: 0.13874	GB: 0.13874	Cor: 0	Pts: 170394
Particle (16):: Fit: 0.00129665	PB: 0.00129665	LB: 0.00129665	GB: 0.13874	Cor: 0	Pts: 75491
Particle (18):: Fit: 0.0011543	PB: 0.0011543	LB: 0.00131794	GB: 0.13874	Cor: 0	Pts: 55790
Particle (40):: Fit: 0.00121882	PB: 0.00121882	LB: 0.0120216	GB: 0.13874	Cor: 0	Pts: 100188
Particle (43):: Fit: 0.00110378	PB: 0.00110378	LB: 0.0120216	GB: 0.13874	Cor: 0	Pts: 60393
Particle (45):: Fit: 0.0107933	PB: 0.0107933	LB: 0.0120216	GB: 0.13874	Cor: 0	Pts: 100185
Particle (1):: Fit: 0.00123398	PB: 0.00123398	LB: 0.124224	GB: 0.13874	Cor: 0	Pts: 110692
Particle (10):: Fit: 0.00110899	PB: 0.00110899	LB: 0.13874	GB: 0.13874	Cor: 0	Pts: 65492
Particle (20):: Fit: 0.00133418	PB: 0.00133418	LB: 0.00133932	GB: 0.13874	Cor: 0	Pts: 110692
Particle (38):: Fit: 0.00127636	PB: 0.00127636	LB: 0.00133764	GB: 0.13874	Cor: 0	Pts: 60692
Particle (10):: Fit: 0.00115268	PB: 0.00115268	LB: 0.13874	GB: 0.13874	Cor: 0	Pts: 65591
Particle (20):: Fit: 0.0114507	PB: 0.0114507	LB: 0.0114507	GB: 0.13874	Cor: 0	Pts: 160791
Particle (21):: Fit: 0.00133881	PB: 0.00133881	LB: 0.0114507	GB: 0.13874	Cor: 0	Pts: 105559
Particle (24):: Fit: 0.00135801	PB: 0.00135801	LB: 0.0114507	GB: 0.13874	Cor: 0	Pts: 60591
Particle (33):: Fit: 0.0011457	PB: 0.0011457	LB: 0.00139755	GB: 0.13874	Cor: 0	Pts: 65189
Particle (40):: Fit: 0.00123505	PB: 0.00123505	LB: 0.0120216	GB: 0.13874	Cor: 0	Pts: 100285
Particle (6):: Fit: 0.00125667	PB: 0.00125667	LB: 0.13874	GB: 0.13874	Cor: 0	Pts: 70389
Particle (19):: Fit: 0.00112762	PB: 0.00112762	LB: 0.0114507	GB: 0.13874	Cor: 0	Pts: 105385
Particle (29):: Fit: 0.00133543	PB: 0.00133543	LB: 0.00139755	GB: 0.13874	Cor: 0	Pts: 55690
Particle (35):: Fit: 0.00123357	PB: 0.00123357	LB: 0.00133764	GB: 0.13874	Cor: 0	Pts: 60781
Particle (12):: Fit: 0.00103113	PB: 0.00103113	LB: 0.13874	GB: 0.13874	Cor: 0	Pts: 75489
Particle (35):: Fit: 0.00130914	PB: 0.00130914	LB: 0.00133764	GB: 0.13874	Cor: 0	Pts: 60880
Particle (36):: Fit: 0.0132546	PB: 0.0132546	LB: 0.0132546	GB: 0.13874	Cor: 0	Pts: 115689
Particle (38):: Fit: 0.011017	PB: 0.011017	LB: 0.0132546	GB: 0.13874	Cor: 0	Pts: 60789
Particle (46):: Fit: 0.00125712	PB: 0.00125712	LB: 0.0120216	GB: 0.13874	Cor: 0	Pts: 50389
Particle (49):: Fit: 0.13198	PB: 0.13198	LB: 0.13198	GB: 0.13874	Cor: 0	Pts: 150389
Particle (5):: Fit: 0.0012162	PB: 0.0012162	LB: 0.13874	GB: 0.13874	Cor: 0	Pts: 55687
Particle (27):: Fit: 0.00129749	PB: 0.00129749	LB: 0.00139755	GB: 0.13874	Cor: 0	Pts: 55287
Particle (29):: Fit: 0.142436	PB: 0.142436	LB: 0.142436	GB: 0.142436	Cor: 0.69	Pts: 115788
Particle (37):: Fit: 0.12268	PB: 0.12268	LB: 0.12268	GB: 0.142436	Cor: 0.69	Pts: 95385
Particle (47):: Fit: 0.0125962	PB: 0.0125962	LB: 0.13198	GB: 0.142436	Cor: 0.69	Pts: 95588
Global: 0.142436 - Correct: 69% of 100 tests
Global Best: 
  Inner Net 1
  -- 1 : 1 = 0.276124
  -- 1 : 2 = -0.0725767
  -- 1 : 3 = 0.152168
  -- 1 : 4 = 0.130741
  -- 1 : 5 = 0.0931266
  -- 2 : 1 = 0.5
  -- 2 : 2 = -0.0562376
  -- 2 : 3 = -0.324964
  -- 2 : 4 = 0.0712303
  -- 2 : 5 = -0.116666
  -- 3 : 1 = 0.282756
  -- 3 : 2 = 0.233452
  -- 3 : 3 = 0.125279
  -- 3 : 4 = 0.000673131
  -- 3 : 5 = 0.076571
  -- 4 : 1 = 0.705051
  -- 4 : 2 = 0.0346525
  -- 4 : 3 = 0.169146
  -- 4 : 4 = 0.0720759
  -- 4 : 5 = 0.10778
  -- 5 : 1 = 0.767602
  -- 5 : 2 = 0.414674
  -- 5 : 3 = -0.0632149
  -- 5 : 4 = 0.20547
  -- 5 : 5 = 0.416721
  -- 6 : 1 = 0.683113
  -- 6 : 2 = 0.152607
  -- 6 : 3 = 0.0672817
  -- 6 : 4 = -0.063915
  -- 6 : 5 = -0.318809
  Inner Net 2
  -- 1 : 1 = -0.734558
  -- 1 : 2 = -0.0640275
  -- 2 : 1 = 1
  -- 2 : 2 = 0.152474
  -- 3 : 1 = 0.30484
  -- 3 : 2 = -0.1465
  -- 4 : 1 = 0.398625
  -- 4 : 2 = -0.275129
  -- 5 : 1 = 0.104814
  -- 5 : 2 = -0.204205
Out\Act	False		True
False	0.633984	0.207996	0.84198
True	0.0861495	0.0718705	0.15802
	0.720133	0.279867
	Accuracy [ (tp + tn) / testSize ]: 0.705854
	Precision [ tp / (tp + fp) ]:      0.256367
	Sensitivity [ tp / (tp + fn) ]:    0.453453
	Specificity [ tn / (tn + fp) ]:    0.752542
	F-Score [ 2tp / (2tp + fp + fn) ]: 0.327904
Particle (10):: Fit: 0.00125529	PB: 0.00125529	LB: 0.13874	GB: 0.142436	Cor: 0	Pts: 65687
Particle (15):: Fit: 0.00125558	PB: 0.00125558	LB: 0.0114507	GB: 0.142436	Cor: 0	Pts: 90278
Particle (35):: Fit: 146.061	PB: 146.061	LB: 146.061	GB: 146.061	Cor: 0.71	Pts: 120977
Particle (39):: Fit: 0.0132239	PB: 0.0132239	LB: 146.061	GB: 146.061	Cor: 0.71	Pts: 105286
Particle (43):: Fit: 0.00117335	PB: 0.00117335	LB: 0.0132239	GB: 146.061	Cor: 0.71	Pts: 60485
Global: 146.061 - Correct: 71% of 100 tests
Global Best: 
  Inner Net 1
  -- 1 : 1 = 0.0756154
  -- 1 : 2 = -0.0894879
  -- 1 : 3 = -0.413008
  -- 1 : 4 = -0.186968
  -- 1 : 5 = 0.358724
  -- 2 : 1 = -0.175544
  -- 2 : 2 = -0.181457
  -- 2 : 3 = 0.404278
  -- 2 : 4 = 0.0633328
  -- 2 : 5 = -0.0654567
  -- 3 : 1 = -0.359023
  -- 3 : 2 = -0.087063
  -- 3 : 3 = 0.147941
  -- 3 : 4 = 0.170652
  -- 3 : 5 = 0.0480099
  -- 4 : 1 = 0.302312
  -- 4 : 2 = -0.0816716
  -- 4 : 3 = -0.572484
  -- 4 : 4 = -0.0885992
  -- 4 : 5 = -0.178829
  -- 5 : 1 = 0.622413
  -- 5 : 2 = -0.184895
  -- 5 : 3 = -0.407316
  -- 5 : 4 = 0.267229
  -- 5 : 5 = -0.0622925
  -- 6 : 1 = 0.122916
  -- 6 : 2 = -0.0951524
  -- 6 : 3 = -0.128211
  -- 6 : 4 = 0.418888
  -- 6 : 5 = 0.188922
  Inner Net 2
  -- 1 : 1 = -0.731913
  -- 1 : 2 = 0.128816
  -- 2 : 1 = -0.677044
  -- 2 : 2 = 0.0308302
  -- 3 : 1 = -0.482877
  -- 3 : 2 = -0.0606781
  -- 4 : 1 = -0.224576
  -- 4 : 2 = -0.160526
  -- 5 : 1 = 0.0270678
  -- 5 : 2 = 0.276129
Out\Act	False		True
False	0.547358	0.294622	0.84198
True	0.0537839	0.104236	0.15802
	0.601142	0.398858
	Accuracy [ (tp + tn) / testSize ]: 0.651594
	Precision [ tp / (tp + fp) ]:      0.261025
	Sensitivity [ tp / (tp + fn) ]:    0.657658
	Specificity [ tn / (tn + fp) ]:    0.649718
	F-Score [ 2tp / (2tp + fp + fn) ]: 0.374039
Particle (4):: Fit: 0.00111268	PB: 0.00111268	LB: 0.13874	GB: 146.061	Cor: 0	Pts: 55479
Particle (36):: Fit: 0.126913	PB: 0.126913	LB: 146.061	GB: 146.061	Cor: 0	Pts: 120785
Particle (38):: Fit: 16034.3	PB: 16034.3	LB: 16034.3	GB: 16034.3	Cor: 0.78	Pts: 120885
Global: 16034.3 - Correct: 78% of 100 tests
Global Best: 
  Inner Net 1
  -- 1 : 1 = 0.231348
  -- 1 : 2 = -0.283704
  -- 1 : 3 = 0.0886941
  -- 1 : 4 = 0.675399
  -- 1 : 5 = 0.0993009
  -- 2 : 1 = 0.0062061
  -- 2 : 2 = 0.32088
  -- 2 : 3 = 0.0789364
  -- 2 : 4 = -0.0714756
  -- 2 : 5 = -0.331385
  -- 3 : 1 = 0.00502294
  -- 3 : 2 = -0.41736
  -- 3 : 3 = 0.0655647
  -- 3 : 4 = -0.265863
  -- 3 : 5 = -0.164964
  -- 4 : 1 = -0.174459
  -- 4 : 2 = 0.156098
  -- 4 : 3 = -0.0433231
  -- 4 : 4 = 0.0586494
  -- 4 : 5 = 0.609126
  -- 5 : 1 = 0.370908
  -- 5 : 2 = -0.164651
  -- 5 : 3 = -0.239249
  -- 5 : 4 = 0.370758
  -- 5 : 5 = 0.170668
  -- 6 : 1 = 0.0570864
  -- 6 : 2 = -0.221695
  -- 6 : 3 = 0.115723
  -- 6 : 4 = 0.00147146
  -- 6 : 5 = 0.101636
  Inner Net 2
  -- 1 : 1 = 0.0862719
  -- 1 : 2 = 0.212686
  -- 2 : 1 = -0.158367
  -- 2 : 2 = -0.157026
  -- 3 : 1 = 0.413155
  -- 3 : 2 = -0.184721
  -- 4 : 1 = 0.11115
  -- 4 : 2 = -0.0817326
  -- 5 : 1 = 0.0241297
  -- 5 : 2 = 0.0315653
Out\Act	False		True
False	0.66159	0.18039	0.84198
True	0.0775821	0.0804379	0.15802
	0.739172	0.260828
	Accuracy [ (tp + tn) / testSize ]: 0.742028
	Precision [ tp / (tp + fp) ]:      0.307832
	Sensitivity [ tp / (tp + fn) ]:    0.507508
	Specificity [ tn / (tn + fp) ]:    0.785311
	F-Score [ 2tp / (2tp + fp + fn) ]: 0.383655
Particle (0):: Fit: 0.0012374	PB: 0.0012374	LB: 0.13198	GB: 16034.3	Cor: 0	Pts: 110483
Particle (4):: Fit: 0.00113486	PB: 0.00113486	LB: 0.13874	GB: 16034.3	Cor: 0	Pts: 55578
Particle (11):: Fit: 0.000937678	PB: 0.000937678	LB: 0.13874	GB: 16034.3	Cor: 0	Pts: 70878
Particle (31):: Fit: 0.00127871	PB: 0.00127871	LB: 146.061	GB: 16034.3	Cor: 0	Pts: 120284
Particle (48):: Fit: 0.000123592	PB: 0.000123592	LB: 0.13198	GB: 16034.3	Cor: 0	Pts: 60084
Particle (1):: Fit: 0.0013178	PB: 0.0013178	LB: 0.13198	GB: 16034.3	Cor: 0	Pts: 110783
Particle (4):: Fit: 0.00129755	PB: 0.00129755	LB: 0.13874	GB: 16034.3	Cor: 0	Pts: 55677
Particle (8):: Fit: 14410.2	PB: 14410.2	LB: 14410.2	GB: 16034.3	Cor: 0	Pts: 165574
Particle (10):: Fit: 0.116251	PB: 0.116251	LB: 14410.2	GB: 16034.3	Cor: 0	Pts: 70782
Particle (18):: Fit: 0.0109943	PB: 0.0109943	LB: 0.0114507	GB: 16034.3	Cor: 0	Pts: 55878
Particle (16):: Fit: 0.011224	PB: 0.011224	LB: 0.0114507	GB: 16034.3	Cor: 0	Pts: 75578
Particle (31):: Fit: 0.00129721	PB: 0.00129721	LB: 146.061	GB: 16034.3	Cor: 0	Pts: 120381
Particle (48):: Fit: 0.00113411	PB: 0.00113411	LB: 0.13198	GB: 16034.3	Cor: 0	Pts: 60181
Particle (23):: Fit: 0.120631	PB: 0.120631	LB: 0.120631	GB: 16034.3	Cor: 0	Pts: 210780
Particle (10):: Fit: 0.131973	PB: 0.131973	LB: 14410.2	GB: 16034.3	Cor: 0	Pts: 80879
Particle (37):: Fit: 0.138306	PB: 0.138306	LB: 16034.3	GB: 16034.3	Cor: 0	Pts: 95476
Particle (12):: Fit: 0.00109235	PB: 0.00109235	LB: 14410.2	GB: 16034.3	Cor: 0	Pts: 75577
Particle (31):: Fit: 0.127939	PB: 0.127939	LB: 146.061	GB: 16034.3	Cor: 0	Pts: 120477
Particle (2):: Fit: 0.126168	PB: 0.126168	LB: 0.13198	GB: 16034.3	Cor: 0	Pts: 170274
Particle (31):: Fit: 0.136162	PB: 0.136162	LB: 146.061	GB: 16034.3	Cor: 0	Pts: 120576
Particle (33):: Fit: 0.00127458	PB: 0.00127458	LB: 16034.3	GB: 16034.3	Cor: 0	Pts: 65274
Particle (14):: Fit: 0.00123429	PB: 0.00123429	LB: 0.131973	GB: 16034.3	Cor: 0	Pts: 85373
Particle (12):: Fit: 0.00109288	PB: 0.00109288	LB: 14410.2	GB: 16034.3	Cor: 0	Pts: 75673
Particle (40):: Fit: 0.00125422	PB: 0.00125422	LB: 16034.3	GB: 16034.3	Cor: 0	Pts: 100367
Particle (5):: Fit: 0.00131926	PB: 0.00131926	LB: 14410.2	GB: 16034.3	Cor: 0	Pts: 55771
Particle (21):: Fit: 0.130784	PB: 0.130784	LB: 0.130784	GB: 16034.3	Cor: 0	Pts: 145640
Particle (19):: Fit: 0.00125418	PB: 0.00125418	LB: 0.130784	GB: 16034.3	Cor: 0	Pts: 105463
Particle (6):: Fit: 0.12398	PB: 0.12398	LB: 14410.2	GB: 16034.3	Cor: 0	Pts: 70464
Particle (19):: Fit: 0.001316	PB: 0.001316	LB: 0.130784	GB: 16034.3	Cor: 0	Pts: 105559
Particle (19):: Fit: 0.130037	PB: 0.130037	LB: 0.130784	GB: 16034.3	Cor: 0	Pts: 110657
Particle (0):: Fit: 0.0111935	PB: 0.0111935	LB: 0.13198	GB: 16034.3	Cor: 0	Pts: 110561
Particle (12):: Fit: 0.0110338	PB: 0.0110338	LB: 14410.2	GB: 16034.3	Cor: 0	Pts: 75762
Particle (20):: Fit: 0.011613	PB: 0.011613	LB: 0.130784	GB: 16034.3	Cor: 0	Pts: 160862
Particle (34):: Fit: 0.139793	PB: 0.139793	LB: 16034.3	GB: 16034.3	Cor: 0	Pts: 75559
Particle (3):: Fit: 0.134665	PB: 0.134665	LB: 14410.2	GB: 16034.3	Cor: 0	Pts: 105560
Particle (17):: Fit: 0.0013574	PB: 0.0013574	LB: 0.130784	GB: 16034.3	Cor: 0	Pts: 85960
Particle (17):: Fit: 0.118437	PB: 0.118437	LB: 0.130784	GB: 16034.3	Cor: 0	Pts: 86059
Particle (41):: Fit: 0.0115794	PB: 0.0115794	LB: 16034.3	GB: 16034.3	Cor: 0	Pts: 120659
Particle (43):: Fit: 0.00117436	PB: 0.00117436	LB: 0.0132239	GB: 16034.3	Cor: 0	Pts: 60558
Particle (5):: Fit: 0.00937952	PB: 0.00937952	LB: 14410.2	GB: 16034.3	Cor: 0	Pts: 55856
Particle (44):: Fit: 0.124017	PB: 0.124017	LB: 0.13198	GB: 16034.3	Cor: 0	Pts: 105658
Particle (14):: Fit: 0.00131693	PB: 0.00131693	LB: 0.131973	GB: 16034.3	Cor: 0	Pts: 85454
Particle (5):: Fit: 0.13794	PB: 0.13794	LB: 14410.2	GB: 16034.3	Cor: 0	Pts: 70953
Particle (7):: Fit: 0.130038	PB: 0.130038	LB: 14410.2	GB: 16034.3	Cor: 0	Pts: 295554
Particle (0):: Fit: 0.134653	PB: 0.134653	LB: 0.13794	GB: 16034.3	Cor: 0	Pts: 125651
Particle (18):: Fit: 0.124176	PB: 0.124176	LB: 0.130784	GB: 16034.3	Cor: 0	Pts: 55949
Particle (5):: Fit: 155.931	PB: 155.931	LB: 14410.2	GB: 16034.3	Cor: 0	Pts: 86048
Particle (43):: Fit: 0.0012565	PB: 0.0012565	LB: 0.124017	GB: 16034.3	Cor: 0	Pts: 60647
Particle (1):: Fit: 0.126588	PB: 0.126588	LB: 155.931	GB: 16034.3	Cor: 0	Pts: 110847
Particle (24):: Fit: 0.0013595	PB: 0.0013595	LB: 0.142436	GB: 16034.3	Cor: 0	Pts: 60647
Particle (22):: Fit: 0.00116928	PB: 0.00116928	LB: 0.130784	GB: 16034.3	Cor: 0	Pts: 85344
Particle (44):: Fit: 0.130059	PB: 0.130059	LB: 0.13198	GB: 16034.3	Cor: 0	Pts: 110745
Particle (14):: Fit: 0.119897	PB: 0.119897	LB: 0.131973	GB: 16034.3	Cor: 0	Pts: 85541
Particle (23):: Fit: 0.132067	PB: 0.132067	LB: 0.132067	GB: 16034.3	Cor: 0	Pts: 240844
Particle (40):: Fit: 0.0120724	PB: 0.0120724	LB: 16034.3	GB: 16034.3	Cor: 0	Pts: 100438
Particle (16):: Fit: 0.132016	PB: 0.132016	LB: 0.132016	GB: 16034.3	Cor: 0	Pts: 100637
Particle (4):: Fit: 0.134416	PB: 0.134416	LB: 14410.2	GB: 16034.3	Cor: 0	Pts: 55733
Particle (10):: Fit: 14856.7	PB: 14856.7	LB: 14856.7	GB: 16034.3	Cor: 0	Pts: 130939
Particle (18):: Fit: 0.134134	PB: 0.134134	LB: 0.134134	GB: 16034.3	Cor: 0	Pts: 96034
Particle (24):: Fit: 0.124134	PB: 0.124134	LB: 0.142436	GB: 16034.3	Cor: 0	Pts: 60738
Particle (25):: Fit: 0.00135423	PB: 0.00135423	LB: 0.142436	GB: 16034.3	Cor: 0	Pts: 150537
Particle (8):: Fit: 15085.3	PB: 15085.3	LB: 15085.3	GB: 16034.3	Cor: 0	Pts: 215624
Particle (20):: Fit: 0.0120137	PB: 0.0120137	LB: 0.134134	GB: 16034.3	Cor: 0	Pts: 160934
Particle (45):: Fit: 0.114345	PB: 0.114345	LB: 0.134653	GB: 16034.3	Cor: 0	Pts: 100223
Particle (28):: Fit: 0.001276	PB: 0.001276	LB: 0.142436	GB: 16034.3	Cor: 0	Pts: 115228
Particle (48):: Fit: 0.00115462	PB: 0.00115462	LB: 0.134665	GB: 16034.3	Cor: 0	Pts: 60230
Particle (28):: Fit: 0.120124	PB: 0.120124	LB: 0.142436	GB: 16034.3	Cor: 0	Pts: 115327
Particle (13):: Fit: 0.011774	PB: 0.011774	LB: 14856.7	GB: 16034.3	Cor: 0	Pts: 90527
Particle (36):: Fit: 0.134728	PB: 0.134728	LB: 16034.3	GB: 16034.3	Cor: 0	Pts: 120827
Particle (17):: Fit: 0.122128	PB: 0.122128	LB: 0.134134	GB: 16034.3	Cor: 0	Pts: 86126
Particle (46):: Fit: 0.012222	PB: 0.012222	LB: 0.134653	GB: 16034.3	Cor: 0	Pts: 50426
Particle (21):: Fit: 0.135963	PB: 0.135963	LB: 0.135963	GB: 16034.3	Cor: 0	Pts: 185692
Particle (33):: Fit: 0.0117954	PB: 0.0117954	LB: 16034.3	GB: 16034.3	Cor: 0	Pts: 65322
Particle (48):: Fit: 0.00125709	PB: 0.00125709	LB: 0.134665	GB: 16034.3	Cor: 0	Pts: 60325
Particle (25):: Fit: 0.126708	PB: 0.126708	LB: 0.142436	GB: 16034.3	Cor: 0	Pts: 150623
Particle (40):: Fit: 0.122218	PB: 0.122218	LB: 16034.3	GB: 16034.3	Cor: 0	Pts: 100517
Particle (30):: Fit: 0.0129972	PB: 0.0129972	LB: 146.061	GB: 16034.3	Cor: 0	Pts: 350518
Particle (21):: Fit: 143.709	PB: 143.709	LB: 143.709	GB: 16034.3	Cor: 0	Pts: 235786
Particle (12):: Fit: 14402	PB: 14402	LB: 15085.3	GB: 16034.3	Cor: 0	Pts: 85818
Particle (34):: Fit: 0.142056	PB: 0.142056	LB: 16034.3	GB: 16034.3	Cor: 0	Pts: 75614
Particle (9):: Fit: 0.132003	PB: 0.132003	LB: 15085.3	GB: 16034.3	Cor: 0	Pts: 170413
Particle (16):: Fit: 14848.4	PB: 14848.4	LB: 14848.4	GB: 16034.3	Cor: 0	Pts: 130712
Particle (39):: Fit: 0.130785	PB: 0.130785	LB: 16034.3	GB: 16034.3	Cor: 0	Pts: 110314
Particle (26):: Fit: 0.127975	PB: 0.127975	LB: 0.142436	GB: 16034.3	Cor: 0	Pts: 100608
Particle (14):: Fit: 0.120057	PB: 0.120057	LB: 14856.7	GB: 16034.3	Cor: 0	Pts: 85607
Particle (43):: Fit: 0.0123995	PB: 0.0123995	LB: 0.130785	GB: 16034.3	Cor: 0	Pts: 60710
Particle (22):: Fit: 0.132073	PB: 0.132073	LB: 143.709	GB: 16034.3	Cor: 0	Pts: 85407
Particle (14):: Fit: 0.132026	PB: 0.132026	LB: 14856.7	GB: 16034.3	Cor: 0	Pts: 85703
Particle (19):: Fit: 143.762	PB: 143.762	LB: 14848.4	GB: 16034.3	Cor: 0	Pts: 125696
Particle (33):: Fit: 14656.2	PB: 14656.2	LB: 16034.3	GB: 16034.3	Cor: 0	Pts: 90400
Particle (18):: Fit: 0.142214	PB: 0.142214	LB: 14848.4	GB: 16034.3	Cor: 0	Pts: 96097
Particle (26):: Fit: 0.136703	PB: 0.136703	LB: 0.142436	GB: 16034.3	Cor: 0	Pts: 100696
Particle (35):: Fit: 14830	PB: 14830	LB: 16034.3	GB: 16034.3	Cor: 0	Pts: 135987
Particle (45):: Fit: 15264.6	PB: 15264.6	LB: 15264.6	GB: 16034.3	Cor: 0	Pts: 135284
Particle (7):: Fit: 0.134009	PB: 0.134009	LB: 15085.3	GB: 16034.3	Cor: 0	Pts: 295592
Particle (17):: Fit: 0.136245	PB: 0.136245	LB: 14848.4	GB: 16034.3	Cor: 0	Pts: 86190
Particle (11):: Fit: 0.00117133	PB: 0.00117133	LB: 15085.3	GB: 16034.3	Cor: 0	Pts: 70879
Particle (12):: Fit: 14817.3	PB: 14817.3	LB: 15085.3	GB: 16034.3	Cor: 0	Pts: 85883
Particle (36):: Fit: 0.136467	PB: 0.136467	LB: 16034.3	GB: 16034.3	Cor: 0	Pts: 120879
Particle (27):: Fit: 0.113836	PB: 0.113836	LB: 0.142436	GB: 16034.3	Cor: 0	Pts: 55273
Particle (20):: Fit: 0.136293	PB: 0.136293	LB: 14848.4	GB: 16034.3	Cor: 0	Pts: 160980
Particle (1):: Fit: 0.134612	PB: 0.134612	LB: 155.931	GB: 16034.3	Cor: 0	Pts: 110878
Particle (11):: Fit: 0.0131999	PB: 0.0131999	LB: 15085.3	GB: 16034.3	Cor: 0	Pts: 70964
Particle (25):: Fit: 0.128494	PB: 0.128494	LB: 143.709	GB: 16034.3	Cor: 0	Pts: 150664
Particle (44):: Fit: 0.130167	PB: 0.130167	LB: 15264.6	GB: 16034.3	Cor: 0	Pts: 110766
Particle (2):: Fit: 0.126196	PB: 0.126196	LB: 155.931	GB: 16034.3	Cor: 0	Pts: 170262
Particle (3):: Fit: 0.136524	PB: 0.136524	LB: 15085.3	GB: 16034.3	Cor: 0	Pts: 105553
Particle (49):: Fit: 0.136297	PB: 0.136297	LB: 15264.6	GB: 16034.3	Cor: 0	Pts: 150348
Particle (41):: Fit: 0.123753	PB: 0.123753	LB: 16034.3	GB: 16034.3	Cor: 0	Pts: 120642
Particle (12):: Fit: 15040.7	PB: 15040.7	LB: 15085.3	GB: 16034.3	Cor: 0	Pts: 105942
Particle (21):: Fit: 15117.2	PB: 15117.2	LB: 15117.2	GB: 16034.3	Cor: 0	Pts: 285809
Particle (28):: Fit: 0.120261	PB: 0.120261	LB: 14656.2	GB: 16034.3	Cor: 0	Pts: 115338
Particle (6):: Fit: 0.126353	PB: 0.126353	LB: 15085.3	GB: 16034.3	Cor: 0	Pts: 70438
Particle (7):: Fit: 0.134327	PB: 0.134327	LB: 15085.3	GB: 16034.3	Cor: 0	Pts: 295639
Particle (25):: Fit: 15210.4	PB: 15210.4	LB: 15210.4	GB: 16034.3	Cor: 0	Pts: 200732
Particle (43):: Fit: 0.113834	PB: 0.113834	LB: 15264.6	GB: 16034.3	Cor: 0	Pts: 60734
Particle (42):: Fit: 0.011238	PB: 0.011238	LB: 16034.3	GB: 16034.3	Cor: 0	Pts: 115129
Particle (14):: Fit: 0.134376	PB: 0.134376	LB: 15040.7	GB: 16034.3	Cor: 0	Pts: 85729
Particle (43):: Fit: 14608.4	PB: 14608.4	LB: 15264.6	GB: 16034.3	Cor: 0	Pts: 60831
Particle (39):: Fit: 14430.7	PB: 14430.7	LB: 16034.3	GB: 16034.3	Cor: 0	Pts: 110326
Particle (14):: Fit: 15240.6	PB: 15240.6	LB: 15240.6	GB: 16034.3	Cor: 0	Pts: 135821
Particle (26):: Fit: 15652.8	PB: 15652.8	LB: 15652.8	GB: 16034.3	Cor: 0	Pts: 150715
Particle (32):: Fit: 0.0109943	PB: 0.0109943	LB: 14830	GB: 16034.3	Cor: 0	Pts: 70213
Particle (36):: Fit: 14433.6	PB: 14433.6	LB: 16034.3	GB: 16034.3	Cor: 0	Pts: 120911
Particle (2):: Fit: 0.138521	PB: 0.138521	LB: 155.931	GB: 16034.3	Cor: 0	Pts: 170308
Particle (37):: Fit: 143.81	PB: 143.81	LB: 16034.3	GB: 16034.3	Cor: 0	Pts: 95412
Particle (20):: Fit: 146.028	PB: 146.028	LB: 15210.4	GB: 16034.3	Cor: 0	Pts: 161010
Particle (43):: Fit: 14812.7	PB: 14812.7	LB: 15264.6	GB: 16034.3	Cor: 0	Pts: 60909
Particle (6):: Fit: 0.136399	PB: 0.136399	LB: 15085.3	GB: 16034.3	Cor: 0	Pts: 70500
Particle (31):: Fit: 0.137942	PB: 0.137942	LB: 14830	GB: 16034.3	Cor: 0	Pts: 120503
Particle (27):: Fit: 0.123862	PB: 0.123862	LB: 15652.8	GB: 16034.3	Cor: 0	Pts: 55293
Particle (17):: Fit: 14618.5	PB: 14618.5	LB: 15240.6	GB: 16034.3	Cor: 0	Pts: 86198
Particle (24):: Fit: 0.140262	PB: 0.140262	LB: 15652.8	GB: 16034.3	Cor: 0	Pts: 60695
Particle (1):: Fit: 0.140098	PB: 0.140098	LB: 155.931	GB: 16034.3	Cor: 0	Pts: 110889
Particle (1):: Fit: 14415.4	PB: 14415.4	LB: 14415.4	GB: 16034.3	Cor: 0	Pts: 125987
Particle (40):: Fit: 0.122329	PB: 0.122329	LB: 16034.3	GB: 16034.3	Cor: 0	Pts: 100464
Particle (40):: Fit: 0.125941	PB: 0.125941	LB: 16034.3	GB: 16034.3	Cor: 0	Pts: 100561
Particle (2):: Fit: 0.139945	PB: 0.139945	LB: 14415.4	GB: 16034.3	Cor: 0	Pts: 170358
Particle (3):: Fit: 0.142467	PB: 0.142467	LB: 15085.3	GB: 16034.3	Cor: 0	Pts: 105560
Particle (9):: Fit: 14824.5	PB: 14824.5	LB: 15240.6	GB: 16034.3	Cor: 0	Pts: 170356
Particle (47):: Fit: 0.122702	PB: 0.122702	LB: 15264.6	GB: 16034.3	Cor: 0	Pts: 95444
Particle (4):: Fit: 150.083	PB: 150.083	LB: 15085.3	GB: 16034.3	Cor: 0	Pts: 55639
Particle (15):: Fit: 0.0119957	PB: 0.0119957	LB: 15240.6	GB: 16034.3	Cor: 0	Pts: 90130
Particle (28):: Fit: 0.134075	PB: 0.134075	LB: 15652.8	GB: 16034.3	Cor: 0	Pts: 115324
Particle (7):: Fit: 145.771	PB: 145.771	LB: 15085.3	GB: 16034.3	Cor: 0	Pts: 295623
Particle (48):: Fit: 0.0012777	PB: 0.0012777	LB: 15264.6	GB: 16034.3	Cor: 0	Pts: 60229
Particle (23):: Fit: 0.132387	PB: 0.132387	LB: 15652.8	GB: 16034.3	Cor: 0	Pts: 240721
Particle (30):: Fit: 0.124299	PB: 0.124299	LB: 15652.8	GB: 16034.3	Cor: 0	Pts: 350419
Particle (6):: Fit: 0.142323	PB: 0.142323	LB: 15085.3	GB: 16034.3	Cor: 0	Pts: 70520
Particle (23):: Fit: 0.134525	PB: 0.134525	LB: 15652.8	GB: 16034.3	Cor: 0	Pts: 240808
Particle (45):: Fit: 15290.1	PB: 15290.1	LB: 15290.1	GB: 16034.3	Cor: 0	Pts: 170177
Particle (18):: Fit: 14444.4	PB: 14444.4	LB: 15240.6	GB: 16034.3	Cor: 0	Pts: 95988
Particle (18):: Fit: 14630.5	PB: 14630.5	LB: 15240.6	GB: 16034.3	Cor: 0	Pts: 96078
Particle (42):: Fit: 0.0121958	PB: 0.0121958	LB: 16034.3	GB: 16034.3	Cor: 0	Pts: 115068
Particle (28):: Fit: 14860.3	PB: 14860.3	LB: 15652.8	GB: 16034.3	Cor: 0	Pts: 125368
Particle (44):: Fit: 0.14209	PB: 0.14209	LB: 15290.1	GB: 16034.3	Cor: 0	Pts: 110670
Particle (40):: Fit: 146.179	PB: 146.179	LB: 16034.3	GB: 16034.3	Cor: 0	Pts: 100546
Particle (20):: Fit: 14849.4	PB: 14849.4	LB: 15210.4	GB: 16034.3	Cor: 0	Pts: 160943
Particle (42):: Fit: 0.0123808	PB: 0.0123808	LB: 16034.3	GB: 16034.3	Cor: 0	Pts: 115135
Particle (34):: Fit: 15285.8	PB: 15285.8	LB: 16034.3	GB: 16034.3	Cor: 0	Pts: 85425
Particle (0):: Fit: 14829	PB: 14829	LB: 14829	GB: 16034.3	Cor: 0	Pts: 140421
Particle (37):: Fit: 14864.1	PB: 14864.1	LB: 16034.3	GB: 16034.3	Cor: 0	Pts: 95324
Particle (2):: Fit: 152.062	PB: 152.062	LB: 14829	GB: 16034.3	Cor: 0	Pts: 170296
Particle (41):: Fit: 0.132209	PB: 0.132209	LB: 16034.3	GB: 16034.3	Cor: 0	Pts: 120494
Particle (47):: Fit: 0.130023	PB: 0.130023	LB: 15290.1	GB: 16034.3	Cor: 0	Pts: 95392
Particle (33):: Fit: 15025	PB: 15025	LB: 16034.3	GB: 16034.3	Cor: 0	Pts: 90179
Particle (1):: Fit: 15062.7	PB: 15062.7	LB: 15062.7	GB: 16034.3	Cor: 0	Pts: 140882
Particle (39):: Fit: 14672.1	PB: 14672.1	LB: 16034.3	GB: 16034.3	Cor: 0	Pts: 110180
Particle (27):: Fit: 0.130059	PB: 0.130059	LB: 15652.8	GB: 16034.3	Cor: 0	Pts: 55167
Particle (32):: Fit: 0.119829	PB: 0.119829	LB: 15285.8	GB: 16034.3	Cor: 0	Pts: 70037
Particle (19):: Fit: 14421.3	PB: 14421.3	LB: 15117.2	GB: 16034.3	Cor: 0	Pts: 125400
Particle (14):: Fit: 15243.1	PB: 15243.1	LB: 15243.1	GB: 16034.3	Cor: 0	Pts: 185598
Particle (4):: Fit: 15913	PB: 15913	LB: 15913	GB: 16034.3	Cor: 0	Pts: 105496
Particle (23):: Fit: 143.866	PB: 143.866	LB: 15652.8	GB: 16034.3	Cor: 0	Pts: 240679
Particle (7):: Fit: 145.825	PB: 145.825	LB: 15913	GB: 16034.3	Cor: 0	Pts: 295474
Particle (47):: Fit: 148.065	PB: 148.065	LB: 15290.1	GB: 16034.3	Cor: 0	Pts: 95361
Particle (31):: Fit: 0.142682	PB: 0.142682	LB: 15285.8	GB: 16034.3	Cor: 0	Pts: 120252
Particle (18):: Fit: 15009.8	PB: 15009.8	LB: 15243.1	GB: 16034.3	Cor: 0	Pts: 95948
Particle (21):: Fit: 15889.3	PB: 15889.3	LB: 15889.3	GB: 16034.3	Cor: 0	Pts: 335513
Particle (29):: Fit: 14449.7	PB: 14449.7	LB: 15652.8	GB: 16034.3	Cor: 0	Pts: 115340
Particle (3):: Fit: 14423.5	PB: 14423.5	LB: 15913	GB: 16034.3	Cor: 0	Pts: 105341
Particle (24):: Fit: 14410.8	PB: 14410.8	LB: 15889.3	GB: 16034.3	Cor: 0	Pts: 60419
Particle (48):: Fit: 0.00129812	PB: 0.00129812	LB: 15290.1	GB: 16034.3	Cor: 0	Pts: 60028
Particle (23):: Fit: 14401.9	PB: 14401.9	LB: 15889.3	GB: 16034.3	Cor: 0	Pts: 240697
Particle (27):: Fit: 0.13099	PB: 0.13099	LB: 15652.8	GB: 16034.3	Cor: 0	Pts: 55084
Particle (2):: Fit: 15027.3	PB: 15027.3	LB: 15913	GB: 16034.3	Cor: 0	Pts: 170183
Particle (43):: Fit: 15052.9	PB: 15052.9	LB: 15290.1	GB: 16034.3	Cor: 0	Pts: 60569
Particle (11):: Fit: 0.124259	PB: 0.124259	LB: 15243.1	GB: 16034.3	Cor: 0	Pts: 70527
Particle (3):: Fit: 14650.9	PB: 14650.9	LB: 15913	GB: 16034.3	Cor: 0	Pts: 105325
Particle (16):: Fit: 15459.4	PB: 15459.4	LB: 15889.3	GB: 16034.3	Cor: 0	Pts: 155182
Particle (44):: Fit: 14620	PB: 14620	LB: 15290.1	GB: 16034.3	Cor: 0	Pts: 110388
Particle (5):: Fit: 14866	PB: 14866	LB: 15913	GB: 16034.3	Cor: 0	Pts: 85473
Particle (49):: Fit: 0.142012	PB: 0.142012	LB: 15913	GB: 16034.3	Cor: 0	Pts: 149877
Particle (42):: Fit: 0.123963	PB: 0.123963	LB: 16034.3	GB: 16034.3	Cor: 0	Pts: 114840
Particle (6):: Fit: 14444.5	PB: 14444.5	LB: 15913	GB: 16034.3	Cor: 0	Pts: 70128
Particle (47):: Fit: 14883.8	PB: 14883.8	LB: 15290.1	GB: 16034.3	Cor: 0	Pts: 95213
Particle (45):: Fit: 15676.1	PB: 15676.1	LB: 15676.1	GB: 16034.3	Cor: 0	Pts: 199799
Particle (31):: Fit: 15313.6	PB: 15313.6	LB: 15313.6	GB: 16034.3	Cor: 0	Pts: 130059
Particle (23):: Fit: 15023.2	PB: 15023.2	LB: 15889.3	GB: 16034.3	Cor: 0	Pts: 240557
Particle (24):: Fit: 15284.4	PB: 15284.4	LB: 15889.3	GB: 16034.3	Cor: 0	Pts: 60216
Particle (3):: Fit: 14697.7	PB: 14697.7	LB: 15913	GB: 16034.3	Cor: 0	Pts: 105189
Global Best: 
  Inner Net 1
  -- 1 : 1 = 0.231348
  -- 1 : 2 = -0.283704
  -- 1 : 3 = 0.0886941
  -- 1 : 4 = 0.675399
  -- 1 : 5 = 0.0993009
  -- 2 : 1 = 0.0062061
  -- 2 : 2 = 0.32088
  -- 2 : 3 = 0.0789364
  -- 2 : 4 = -0.0714756
  -- 2 : 5 = -0.331385
  -- 3 : 1 = 0.00502294
  -- 3 : 2 = -0.41736
  -- 3 : 3 = 0.0655647
  -- 3 : 4 = -0.265863
  -- 3 : 5 = -0.164964
  -- 4 : 1 = -0.174459
  -- 4 : 2 = 0.156098
  -- 4 : 3 = -0.0433231
  -- 4 : 4 = 0.0586494
  -- 4 : 5 = 0.609126
  -- 5 : 1 = 0.370908
  -- 5 : 2 = -0.164651
  -- 5 : 3 = -0.239249
  -- 5 : 4 = 0.370758
  -- 5 : 5 = 0.170668
  -- 6 : 1 = 0.0570864
  -- 6 : 2 = -0.221695
  -- 6 : 3 = 0.115723
  -- 6 : 4 = 0.00147146
  -- 6 : 5 = 0.101636
  Inner Net 2
  -- 1 : 1 = 0.0862719
  -- 1 : 2 = 0.212686
  -- 2 : 1 = -0.158367
  -- 2 : 2 = -0.157026
  -- 3 : 1 = 0.413155
  -- 3 : 2 = -0.184721
  -- 4 : 1 = 0.11115
  -- 4 : 2 = -0.0817326
  -- 5 : 1 = 0.0241297
  -- 5 : 2 = 0.0315653
Out\Act	False		True
False	0.66159	0.18039	0.84198
True	0.0775821	0.0804379	0.15802
	0.739172	0.260828
	Accuracy [ (tp + tn) / testSize ]: 0.742028
	Precision [ tp / (tp + fp) ]:      0.307832
	Sensitivity [ tp / (tp + fn) ]:    0.507508
	Specificity [ tn / (tn + fp) ]:    0.785311
	F-Score [ 2tp / (2tp + fp + fn) ]: 0.383655
