
Date / Time: Fri Mar 31 04:44:12 2017

   ****************************************
   * PSO Neural Net (Gaussian Activation) *
   *       by William Boler, BSCE         *
   *     Research Assistant, IUPUI        *
   *                                      *
   *  Professor: Dr. Lauren Christopher   *
   *     Created: March 13, 2017          *
   ****************************************


Inputs: 6
Inner Nets: 1
 - 5
Tests per train(min): 100
Particles: 50
Neighbors: 10
Minimum Particle Iterations: 1000
Particle (0):: Fit: 8.26525e-005	PB: 8.26525e-005	LB: 8.26525e-005	GB: 8.26525e-005	Cor: 0.48	Pts: 110099
Particle (1):: Fit: 0.000107197	PB: 0.000107197	LB: 0.000107197	GB: 0.000107197	Cor: 0.5	Pts: 110099
Particle (2):: Fit: 0.000101036	PB: 0.000101036	LB: 0.000107197	GB: 0.000107197	Cor: 0.5	Pts: 55099
Particle (3):: Fit: 0.000969945	PB: 0.000969945	LB: 0.000969945	GB: 0.000969945	Cor: 0.54	Pts: 110099
Particle (4):: Fit: 9.49951e-005	PB: 9.49951e-005	LB: 0.000969945	GB: 0.000969945	Cor: 0.54	Pts: 55099
Particle (5):: Fit: 0.000115488	PB: 0.000115488	LB: 0.000969945	GB: 0.000969945	Cor: 0.54	Pts: 60099
Particle (6):: Fit: 0.000102159	PB: 0.000102159	LB: 0.000969945	GB: 0.000969945	Cor: 0.54	Pts: 55099
Particle (7):: Fit: 7.43859e-005	PB: 7.43859e-005	LB: 0.000969945	GB: 0.000969945	Cor: 0.54	Pts: 55099
Particle (8):: Fit: 0.000109235	PB: 0.000109235	LB: 0.000115488	GB: 0.000969945	Cor: 0.54	Pts: 65099
Particle (9):: Fit: 0.00113105	PB: 0.00113105	LB: 0.00113105	GB: 0.00113105	Cor: 0.51	Pts: 110099
Particle (10):: Fit: 8.2719e-005	PB: 8.2719e-005	LB: 0.00113105	GB: 0.00113105	Cor: 0.51	Pts: 55099
Particle (11):: Fit: 8.66865e-005	PB: 8.66865e-005	LB: 0.00113105	GB: 0.00113105	Cor: 0.51	Pts: 60099
Particle (12):: Fit: 0.000117444	PB: 0.000117444	LB: 0.00113105	GB: 0.00113105	Cor: 0.51	Pts: 65099
Particle (13):: Fit: 8.07707e-006	PB: 8.07707e-006	LB: 0.00113105	GB: 0.00113105	Cor: 0.51	Pts: 55099
Particle (14):: Fit: 0.000107201	PB: 0.000107201	LB: 0.000117444	GB: 0.00113105	Cor: 0.51	Pts: 60099
Particle (15):: Fit: 0.000117434	PB: 0.000117434	LB: 0.000117444	GB: 0.00113105	Cor: 0.51	Pts: 65099
Particle (16):: Fit: 0.000107187	PB: 0.000107187	LB: 0.000117444	GB: 0.00113105	Cor: 0.51	Pts: 55099
Particle (17):: Fit: 0.000109235	PB: 0.000109235	LB: 0.000117434	GB: 0.00113105	Cor: 0.51	Pts: 60099
Particle (18):: Fit: 8.05363e-005	PB: 8.05363e-005	LB: 0.000117434	GB: 0.00113105	Cor: 0.51	Pts: 55099
Particle (19):: Fit: 8.25868e-005	PB: 8.25868e-005	LB: 0.000117434	GB: 0.00113105	Cor: 0.51	Pts: 60099
Particle (20):: Fit: 0.000121534	PB: 0.000121534	LB: 0.000121534	GB: 0.00113105	Cor: 0.51	Pts: 100099
Particle (21):: Fit: 0.000119482	PB: 0.000119482	LB: 0.000121534	GB: 0.00113105	Cor: 0.51	Pts: 55099
Particle (22):: Fit: 9.81541e-006	PB: 9.81541e-006	LB: 0.000121534	GB: 0.00113105	Cor: 0.51	Pts: 55099
Particle (23):: Fit: 9.69336e-005	PB: 9.69336e-005	LB: 0.000121534	GB: 0.00113105	Cor: 0.51	Pts: 60099
Particle (24):: Fit: 0.000107185	PB: 0.000107185	LB: 0.000121534	GB: 0.00113105	Cor: 0.51	Pts: 65099
Particle (25):: Fit: 0.00119569	PB: 0.00119569	LB: 0.00119569	GB: 0.00119569	Cor: 0.43	Pts: 110099
Particle (26):: Fit: 0.000107185	PB: 0.000107185	LB: 0.00119569	GB: 0.00119569	Cor: 0.43	Pts: 55099
Particle (27):: Fit: 8.87385e-005	PB: 8.87385e-005	LB: 0.00119569	GB: 0.00119569	Cor: 0.43	Pts: 55099
Particle (28):: Fit: 0.000113336	PB: 0.000113336	LB: 0.00119569	GB: 0.00119569	Cor: 0.43	Pts: 65099
Particle (29):: Fit: 0.000117436	PB: 0.000117436	LB: 0.00119569	GB: 0.00119569	Cor: 0.43	Pts: 70099
Particle (30):: Fit: 0.000111285	PB: 0.000111285	LB: 0.000117436	GB: 0.00119569	Cor: 0.43	Pts: 55099
Particle (31):: Fit: 7.97544e-005	PB: 7.97544e-005	LB: 0.000117436	GB: 0.00119569	Cor: 0.43	Pts: 55099
Particle (32):: Fit: 0.000105136	PB: 0.000105136	LB: 0.000117436	GB: 0.00119569	Cor: 0.43	Pts: 60099
Particle (33):: Fit: 0.000927362	PB: 0.000927362	LB: 0.000927362	GB: 0.00119569	Cor: 0.43	Pts: 90099
Particle (34):: Fit: 9.01421e-006	PB: 9.01421e-006	LB: 0.000927362	GB: 0.00119569	Cor: 0.43	Pts: 55099
Particle (35):: Fit: 7.02904e-005	PB: 7.02904e-005	LB: 0.000927362	GB: 0.00119569	Cor: 0.43	Pts: 60099
Particle (36):: Fit: 0.000105136	PB: 0.000105136	LB: 0.000927362	GB: 0.00119569	Cor: 0.43	Pts: 65099
Particle (37):: Fit: 0.000109235	PB: 0.000109235	LB: 0.000927362	GB: 0.00119569	Cor: 0.43	Pts: 70099
Particle (38):: Fit: 0.00119545	PB: 0.00119545	LB: 0.00119545	GB: 0.00119569	Cor: 0.43	Pts: 100099
Particle (39):: Fit: 8.67198e-005	PB: 8.67198e-005	LB: 0.00119545	GB: 0.00119569	Cor: 0.43	Pts: 55099
Particle (40):: Fit: 0.000109235	PB: 0.000109235	LB: 0.00119545	GB: 0.00119569	Cor: 0.43	Pts: 60099
Particle (41):: Fit: 0.000103086	PB: 0.000103086	LB: 0.00119545	GB: 0.00119569	Cor: 0.43	Pts: 55099
Particle (42):: Fit: 0.000101038	PB: 0.000101038	LB: 0.00119545	GB: 0.00119569	Cor: 0.43	Pts: 50099
Particle (43):: Fit: 0.000109235	PB: 0.000109235	LB: 0.000109235	GB: 0.00119569	Cor: 0.43	Pts: 65099
Particle (44):: Fit: 0.000103086	PB: 0.000103086	LB: 0.000109235	GB: 0.00119569	Cor: 0.43	Pts: 50099
Particle (45):: Fit: 0.000103093	PB: 0.000103093	LB: 0.000109235	GB: 0.00119569	Cor: 0.43	Pts: 50099
Particle (46):: Fit: 8.87365e-005	PB: 8.87365e-005	LB: 0.000109235	GB: 0.00119569	Cor: 0.43	Pts: 50099
Particle (47):: Fit: 8.66803e-005	PB: 8.66803e-005	LB: 0.000109235	GB: 0.00119569	Cor: 0.43	Pts: 50099
Particle (48):: Fit: 9.89861e-005	PB: 9.89861e-005	LB: 0.000969945	GB: 0.00119569	Cor: 0.43	Pts: 50099
Particle (49):: Fit: 8.4653e-005	PB: 8.4653e-005	LB: 0.000969945	GB: 0.00119569	Cor: 0.43	Pts: 50099
Global: 0.00119569 - Correct: 43% of 100 tests
Global Best: 
  Inner Net 1
  -- 1 : 1 = 0.319
  -- 1 : 2 = 0.4531
  -- 1 : 3 = 0.0541
  -- 1 : 4 = 0.5833
  -- 1 : 5 = 0.7179
  -- 2 : 1 = 0.783
  -- 2 : 2 = 0.3428
  -- 2 : 3 = 0.5515
  -- 2 : 4 = 0.8224
  -- 2 : 5 = 0.1656
  -- 3 : 1 = 0.2135
  -- 3 : 2 = 0.0084
  -- 3 : 3 = 0.4418
  -- 3 : 4 = 0.1029
  -- 3 : 5 = 0.2871
  -- 4 : 1 = 0.5644
  -- 4 : 2 = 0.776
  -- 4 : 3 = 0.0335
  -- 4 : 4 = 0.307
  -- 4 : 5 = 0.0938
  -- 5 : 1 = 0.5903
  -- 5 : 2 = 0.535
  -- 5 : 3 = 0.1915
  -- 5 : 4 = 0.5614
  -- 5 : 5 = 0.1919
  -- 6 : 1 = 0.2107
  -- 6 : 2 = 0.5786
  -- 6 : 3 = 0.1605
  -- 6 : 4 = 0.1038
  -- 6 : 5 = 0.5461
  Inner Net 2
  -- 1 : 1 = -0.1376
  -- 1 : 2 = 0.0816
  -- 2 : 1 = 0.1044
  -- 2 : 2 = -0.069651
  -- 3 : 1 = 0.2446
  -- 3 : 2 = -0.1474
  -- 4 : 1 = -0.226154
  -- 4 : 2 = 0.0331
  -- 5 : 1 = 0.2483
  -- 5 : 2 = -0.2004
Out\Act	False		True
False	0.84198	0	0.84198
True	0.15802	0	0.15802
	1	0
	Accuracy [ (tp + tn) / testSize ]: 0.84198
	Precision [ tp / (tp + fp) ]:      0
	Sensitivity [ tp / (tp + fn) ]:    0
	Specificity [ tn / (tn + fp) ]:    0.999435
	F-Score [ 2tp / (2tp + fp + fn) ]: 0
Particle (0):: Fit: 0.000101039	PB: 0.000101039	LB: 0.000969945	GB: 0.00119569	Cor: 0	Pts: 110198
Particle (1):: Fit: 0.00103123	PB: 0.00103123	LB: 0.00103123	GB: 0.00119569	Cor: 0	Pts: 150198
Particle (2):: Fit: 0.00121522	PB: 0.00121522	LB: 0.00121522	GB: 0.00121522	Cor: 0.46	Pts: 115198
Particle (4):: Fit: 9.89867e-005	PB: 9.89867e-005	LB: 0.00121522	GB: 0.00121522	Cor: 0.46	Pts: 55198
Particle (6):: Fit: 0.000113344	PB: 0.000113344	LB: 0.00121522	GB: 0.00121522	Cor: 0.46	Pts: 55198
Particle (7):: Fit: 0.000113334	PB: 0.000113334	LB: 0.00113105	GB: 0.00121522	Cor: 0.46	Pts: 55198
Particle (11):: Fit: 0.000113334	PB: 0.000113334	LB: 0.00113105	GB: 0.00121522	Cor: 0.46	Pts: 60198
Particle (13):: Fit: 9.54102e-006	PB: 9.54102e-006	LB: 0.00113105	GB: 0.00121522	Cor: 0.46	Pts: 55197
Particle (14):: Fit: 0.000115385	PB: 0.000115385	LB: 0.000117444	GB: 0.00121522	Cor: 0.46	Pts: 60198
Particle (15):: Fit: 0.00123644	PB: 0.00123644	LB: 0.00123644	GB: 0.00123644	Cor: 0.42	Pts: 125198
Particle (17):: Fit: 0.000966919	PB: 0.000966919	LB: 0.00123644	GB: 0.00123644	Cor: 0.42	Pts: 60198
Particle (18):: Fit: 9.69362e-005	PB: 9.69362e-005	LB: 0.00123644	GB: 0.00123644	Cor: 0.42	Pts: 55198
Particle (19):: Fit: 8.87732e-005	PB: 8.87732e-005	LB: 0.00123644	GB: 0.00123644	Cor: 0.42	Pts: 60198
Particle (22):: Fit: 0.000106159	PB: 0.000106159	LB: 0.00119569	GB: 0.00123644	Cor: 0.42	Pts: 55198
Particle (23):: Fit: 0.00108935	PB: 0.00108935	LB: 0.00119569	GB: 0.00123644	Cor: 0.42	Pts: 60198
Particle (24):: Fit: 0.000109235	PB: 0.000109235	LB: 0.00119569	GB: 0.00123644	Cor: 0.42	Pts: 65198
Particle (27):: Fit: 0.000105138	PB: 0.000105138	LB: 0.00119569	GB: 0.00123644	Cor: 0.42	Pts: 55198
Particle (28):: Fit: 0.0011951	PB: 0.0011951	LB: 0.00119569	GB: 0.00123644	Cor: 0.42	Pts: 80198
Particle (29):: Fit: 0.000125723	PB: 0.000125723	LB: 0.00119569	GB: 0.00123644	Cor: 0.42	Pts: 70198
Particle (30):: Fit: 0.00123616	PB: 0.00123616	LB: 0.00123616	GB: 0.00123644	Cor: 0.42	Pts: 105198
Particle (31):: Fit: 0.000109241	PB: 0.000109241	LB: 0.00123616	GB: 0.00123644	Cor: 0.42	Pts: 55198
Particle (32):: Fit: 0.00115411	PB: 0.00115411	LB: 0.00123616	GB: 0.00123644	Cor: 0.42	Pts: 60198
Particle (35):: Fit: 0.000101036	PB: 0.000101036	LB: 0.00119545	GB: 0.00123644	Cor: 0.42	Pts: 60198
Particle (36):: Fit: 0.000113352	PB: 0.000113352	LB: 0.00119545	GB: 0.00123644	Cor: 0.42	Pts: 65198
Particle (41):: Fit: 0.000107185	PB: 0.000107185	LB: 0.00119545	GB: 0.00123644	Cor: 0.42	Pts: 55198
Particle (46):: Fit: 0.00119382	PB: 0.00119382	LB: 0.00119382	GB: 0.00123644	Cor: 0.42	Pts: 70198
Particle (49):: Fit: 0.000101113	PB: 0.000101113	LB: 0.00121522	GB: 0.00123644	Cor: 0.42	Pts: 50198
Global: 0.00123644 - Correct: 42% of 100 tests
Global Best: 
  Inner Net 1
  -- 1 : 1 = 0.8505
  -- 1 : 2 = 0.4691
  -- 1 : 3 = 0.2149
  -- 1 : 4 = 0.1233
  -- 1 : 5 = 0.9624
  -- 2 : 1 = 0.3235
  -- 2 : 2 = 0.4222
  -- 2 : 3 = 0.8728
  -- 2 : 4 = 0.5943
  -- 2 : 5 = 0.5685
  -- 3 : 1 = 0.0703
  -- 3 : 2 = 0.0705
  -- 3 : 3 = 0.3001
  -- 3 : 4 = 0.9965
  -- 3 : 5 = 0.5659
  -- 4 : 1 = 0.2914
  -- 4 : 2 = 0.3301
  -- 4 : 3 = 0.3352
  -- 4 : 4 = 0.6969
  -- 4 : 5 = 0.004
  -- 5 : 1 = 0.6359
  -- 5 : 2 = 0.0659
  -- 5 : 3 = 0.311
  -- 5 : 4 = 0.6439
  -- 5 : 5 = 0.4598
  -- 6 : 1 = 0.5961
  -- 6 : 2 = 0.7151
  -- 6 : 3 = 0.9564
  -- 6 : 4 = 0.2966
  -- 6 : 5 = 0.0203
  Inner Net 2
  -- 1 : 1 = -0.425489
  -- 1 : 2 = -0.357677
  -- 2 : 1 = -0.211856
  -- 2 : 2 = -0.088567
  -- 3 : 1 = -0.017
  -- 3 : 2 = -0.0029
  -- 4 : 1 = -0.625294
  -- 4 : 2 = -0.296936
  -- 5 : 1 = 0.112619
  -- 5 : 2 = -0.314246
Out\Act	False		True
False	0.84198	0	0.84198
True	0.15802	0	0.15802
	1	0
	Accuracy [ (tp + tn) / testSize ]: 0.84198
	Precision [ tp / (tp + fp) ]:      0
	Sensitivity [ tp / (tp + fn) ]:    0
	Specificity [ tn / (tn + fp) ]:    0.999435
	F-Score [ 2tp / (2tp + fp + fn) ]: 0
Particle (8):: Fit: 0.000123583	PB: 0.000123583	LB: 0.00113105	GB: 0.00123644	Cor: 0	Pts: 65197
Particle (10):: Fit: 0.000107187	PB: 0.000107187	LB: 0.00123644	GB: 0.00123644	Cor: 0	Pts: 55197
Particle (11):: Fit: 0.000117434	PB: 0.000117434	LB: 0.00123644	GB: 0.00123644	Cor: 0	Pts: 60297
Particle (13):: Fit: 0.000101043	PB: 0.000101043	LB: 0.00123644	GB: 0.00123644	Cor: 0	Pts: 55296
Particle (14):: Fit: 0.000908431	PB: 0.000908431	LB: 0.00123644	GB: 0.00123644	Cor: 0	Pts: 60297
Particle (19):: Fit: 9.28471e-005	PB: 9.28471e-005	LB: 0.00123644	GB: 0.00123644	Cor: 0	Pts: 60297
Particle (21):: Fit: 0.00117392	PB: 0.00117392	LB: 0.00119569	GB: 0.00123644	Cor: 0	Pts: 55197
Particle (33):: Fit: 0.00105033	PB: 0.00105033	LB: 0.00123616	GB: 0.00123644	Cor: 0	Pts: 90197
Particle (41):: Fit: 0.000109235	PB: 0.000109235	LB: 0.00119545	GB: 0.00123644	Cor: 0	Pts: 55297
Particle (43):: Fit: 0.000111285	PB: 0.000111285	LB: 0.00119382	GB: 0.00123644	Cor: 0	Pts: 65197
Particle (44):: Fit: 0.00011132	PB: 0.00011132	LB: 0.00119382	GB: 0.00123644	Cor: 0	Pts: 50197
Particle (45):: Fit: 0.126304	PB: 0.126304	LB: 0.126304	GB: 0.126304	Cor: 0.61	Pts: 110197
Global: 0.126304 - Correct: 61% of 100 tests
Global Best: 
  Inner Net 1
  -- 1 : 1 = 0.073
  -- 1 : 2 = 0.9412
  -- 1 : 3 = 0.1119
  -- 1 : 4 = 0.3382
  -- 1 : 5 = 0.3819
  -- 2 : 1 = 0.8635
  -- 2 : 2 = 0.0912
  -- 2 : 3 = 0.2211
  -- 2 : 4 = 0.2808
  -- 2 : 5 = 0.1293
  -- 3 : 1 = 0.2254
  -- 3 : 2 = 0.9058
  -- 3 : 3 = 0.0257
  -- 3 : 4 = 0.4045
  -- 3 : 5 = 0.0061
  -- 4 : 1 = 0.1044
  -- 4 : 2 = 0.1287
  -- 4 : 3 = 0.9896
  -- 4 : 4 = 0.2313
  -- 4 : 5 = 0.5628
  -- 5 : 1 = 0.1713
  -- 5 : 2 = 0.0712
  -- 5 : 3 = 0.7842
  -- 5 : 4 = 0.2788
  -- 5 : 5 = 0.5328
  -- 6 : 1 = 0.0488
  -- 6 : 2 = 0.7239
  -- 6 : 3 = 0.664
  -- 6 : 4 = 0.2964
  -- 6 : 5 = 0.9098
  Inner Net 2
  -- 1 : 1 = 0.126754
  -- 1 : 2 = -0.153266
  -- 2 : 1 = 0.211485
  -- 2 : 2 = 0.00318855
  -- 3 : 1 = -0.338132
  -- 3 : 2 = -0.102942
  -- 4 : 1 = -0.7596
  -- 4 : 2 = 0.0714117
  -- 5 : 1 = 0.398723
  -- 5 : 2 = -0.405829
Out\Act	False		True
False	0.75821	0.0837696	0.84198
True	0.0985245	0.0594955	0.15802
	0.856735	0.143265
	Accuracy [ (tp + tn) / testSize ]: 0.817706
	Precision [ tp / (tp + fp) ]:      0.413907
	Sensitivity [ tp / (tp + fn) ]:    0.375375
	Specificity [ tn / (tn + fp) ]:    0.9
	F-Score [ 2tp / (2tp + fp + fn) ]: 0.394322
Particle (0):: Fit: 0.000105138	PB: 0.000105138	LB: 0.00121522	GB: 0.126304	Cor: 0	Pts: 110296
Particle (17):: Fit: 0.00109296	PB: 0.00109296	LB: 0.00123644	GB: 0.126304	Cor: 0	Pts: 60296
Particle (18):: Fit: 0.000103086	PB: 0.000103086	LB: 0.00123644	GB: 0.126304	Cor: 0	Pts: 55296
Particle (19):: Fit: 0.000117453	PB: 0.000117453	LB: 0.00123644	GB: 0.126304	Cor: 0	Pts: 60396
Particle (23):: Fit: 0.0011084	PB: 0.0011084	LB: 0.00119569	GB: 0.126304	Cor: 0	Pts: 60296
Particle (34):: Fit: 0.000105136	PB: 0.000105136	LB: 0.00123616	GB: 0.126304	Cor: 0	Pts: 55194
Particle (35):: Fit: 0.000115384	PB: 0.000115384	LB: 0.00119545	GB: 0.126304	Cor: 0	Pts: 60296
Particle (39):: Fit: 9.90193e-005	PB: 9.90193e-005	LB: 0.00119545	GB: 0.126304	Cor: 0	Pts: 55196
Particle (40):: Fit: 0.000113334	PB: 0.000113334	LB: 0.126304	GB: 0.126304	Cor: 0	Pts: 60196
Particle (47):: Fit: 0.00113389	PB: 0.00113389	LB: 0.126304	GB: 0.126304	Cor: 0	Pts: 50196
Particle (49):: Fit: 0.000103131	PB: 0.000103131	LB: 0.126304	GB: 0.126304	Cor: 0	Pts: 50296
Particle (1):: Fit: 0.00109215	PB: 0.00109215	LB: 0.00121522	GB: 0.126304	Cor: 0	Pts: 150295
Particle (4):: Fit: 9.89873e-005	PB: 9.89873e-005	LB: 0.00121522	GB: 0.126304	Cor: 0	Pts: 55295
Particle (10):: Fit: 0.000119487	PB: 0.000119487	LB: 0.00123644	GB: 0.126304	Cor: 0	Pts: 55295
Particle (13):: Fit: 0.000101692	PB: 0.000101692	LB: 0.00123644	GB: 0.126304	Cor: 0	Pts: 55394
Particle (16):: Fit: 0.000109236	PB: 0.000109236	LB: 0.00123644	GB: 0.126304	Cor: 0	Pts: 55195
Particle (18):: Fit: 0.000107185	PB: 0.000107185	LB: 0.00123644	GB: 0.126304	Cor: 0	Pts: 55395
Particle (23):: Fit: 0.00125481	PB: 0.00125481	LB: 0.00125481	GB: 0.126304	Cor: 0	Pts: 110395
Particle (26):: Fit: 0.000109235	PB: 0.000109235	LB: 0.00125481	GB: 0.126304	Cor: 0	Pts: 55195
Particle (35):: Fit: 0.000115402	PB: 0.000115402	LB: 0.00119545	GB: 0.126304	Cor: 0	Pts: 60395
Particle (36):: Fit: 0.00115447	PB: 0.00115447	LB: 0.00119545	GB: 0.126304	Cor: 0	Pts: 65295
Particle (39):: Fit: 0.000116678	PB: 0.000116678	LB: 0.00119545	GB: 0.126304	Cor: 0	Pts: 55295
Particle (44):: Fit: 0.000115402	PB: 0.000115402	LB: 0.126304	GB: 0.126304	Cor: 0	Pts: 50295
Particle (45):: Fit: 0.13673	PB: 0.13673	LB: 0.13673	GB: 0.13673	Cor: 0.66	Pts: 170295
Particle (48):: Fit: 0.000105136	PB: 0.000105136	LB: 0.13673	GB: 0.13673	Cor: 0.66	Pts: 50195
Global: 0.13673 - Correct: 66% of 100 tests
Global Best: 
  Inner Net 1
  -- 1 : 1 = 0.073
  -- 1 : 2 = 0.9412
  -- 1 : 3 = 0.1119
  -- 1 : 4 = 0.3382
  -- 1 : 5 = 0.3819
  -- 2 : 1 = 0.8635
  -- 2 : 2 = 0.0912
  -- 2 : 3 = 0.2211
  -- 2 : 4 = 0.2808
  -- 2 : 5 = 0.1293
  -- 3 : 1 = 0.2254
  -- 3 : 2 = 0.9058
  -- 3 : 3 = 0.0257
  -- 3 : 4 = 0.4045
  -- 3 : 5 = 0.0061
  -- 4 : 1 = 0.1044
  -- 4 : 2 = 0.1287
  -- 4 : 3 = 0.9896
  -- 4 : 4 = 0.2313
  -- 4 : 5 = 0.5628
  -- 5 : 1 = 0.1713
  -- 5 : 2 = 0.0712
  -- 5 : 3 = 0.7842
  -- 5 : 4 = 0.2788
  -- 5 : 5 = 0.5328
  -- 6 : 1 = 0.0488
  -- 6 : 2 = 0.7239
  -- 6 : 3 = 0.664
  -- 6 : 4 = 0.2964
  -- 6 : 5 = 0.9098
  Inner Net 2
  -- 1 : 1 = 0.397037
  -- 1 : 2 = 0.0529115
  -- 2 : 1 = 0.209832
  -- 2 : 2 = -0.262885
  -- 3 : 1 = -0.186292
  -- 3 : 2 = -0.114619
  -- 4 : 1 = 0.5
  -- 4 : 2 = -0.293025
  -- 5 : 1 = 0.323824
  -- 5 : 2 = -0.596553
Out\Act	False		True
False	0.753451	0.0885293	0.84198
True	0.0975726	0.0604474	0.15802
	0.851023	0.148977
	Accuracy [ (tp + tn) / testSize ]: 0.813898
	Precision [ tp / (tp + fp) ]:      0.404459
	Sensitivity [ tp / (tp + fn) ]:    0.381381
	Specificity [ tn / (tn + fp) ]:    0.89435
	F-Score [ 2tp / (2tp + fp + fn) ]: 0.393189
Particle (1):: Fit: 0.00117305	PB: 0.00117305	LB: 0.00121522	GB: 0.13673	Cor: 0	Pts: 150394
Particle (4):: Fit: 0.000119487	PB: 0.000119487	LB: 0.00121522	GB: 0.13673	Cor: 0	Pts: 55394
Particle (9):: Fit: 0.00119037	PB: 0.00119037	LB: 0.00119037	GB: 0.13673	Cor: 0	Pts: 125194
Particle (14):: Fit: 0.00113397	PB: 0.00113397	LB: 0.00123644	GB: 0.13673	Cor: 0	Pts: 60394
Particle (18):: Fit: 0.000111285	PB: 0.000111285	LB: 0.00125481	GB: 0.13673	Cor: 0	Pts: 55494
Particle (22):: Fit: 0.000112169	PB: 0.000112169	LB: 0.00125481	GB: 0.13673	Cor: 0	Pts: 55293
Particle (26):: Fit: 0.000113334	PB: 0.000113334	LB: 0.00125481	GB: 0.13673	Cor: 0	Pts: 55294
Particle (28):: Fit: 0.00127489	PB: 0.00127489	LB: 0.00127489	GB: 0.13673	Cor: 0	Pts: 130294
Particle (37):: Fit: 0.000111285	PB: 0.000111285	LB: 0.00119545	GB: 0.13673	Cor: 0	Pts: 70194
Particle (1):: Fit: 0.00123627	PB: 0.00123627	LB: 0.00123627	GB: 0.13673	Cor: 0	Pts: 180493
Particle (13):: Fit: 0.000107192	PB: 0.000107192	LB: 0.00123644	GB: 0.13673	Cor: 0	Pts: 55492
Particle (16):: Fit: 0.000113335	PB: 0.000113335	LB: 0.00123644	GB: 0.13673	Cor: 0	Pts: 55293
Particle (18):: Fit: 0.000117434	PB: 0.000117434	LB: 0.00125481	GB: 0.13673	Cor: 0	Pts: 55593
Particle (23):: Fit: 0.00139785	PB: 0.00139785	LB: 0.00139785	GB: 0.13673	Cor: 0	Pts: 160493
Particle (24):: Fit: 0.000113334	PB: 0.000113334	LB: 0.00139785	GB: 0.13673	Cor: 0	Pts: 65293
Particle (32):: Fit: 0.00115426	PB: 0.00115426	LB: 0.00127489	GB: 0.13673	Cor: 0	Pts: 60293
Particle (33):: Fit: 0.00107208	PB: 0.00107208	LB: 0.00123616	GB: 0.13673	Cor: 0	Pts: 90293
Particle (49):: Fit: 0.000105136	PB: 0.000105136	LB: 0.13673	GB: 0.13673	Cor: 0	Pts: 50393
Particle (3):: Fit: 0.00109288	PB: 0.00109288	LB: 0.00123627	GB: 0.13673	Cor: 0	Pts: 110192
Particle (5):: Fit: 0.000121536	PB: 0.000121536	LB: 0.00123627	GB: 0.13673	Cor: 0	Pts: 60192
Particle (11):: Fit: 0.000121533	PB: 0.000121533	LB: 0.00123644	GB: 0.13673	Cor: 0	Pts: 60392
Particle (22):: Fit: 0.000116173	PB: 0.000116173	LB: 0.00139785	GB: 0.13673	Cor: 0	Pts: 55390
Particle (26):: Fit: 0.000131781	PB: 0.000131781	LB: 0.00139785	GB: 0.13673	Cor: 0	Pts: 55392
Particle (27):: Fit: 0.000111289	PB: 0.000111289	LB: 0.00139785	GB: 0.13673	Cor: 0	Pts: 55292
Particle (39):: Fit: 0.000120177	PB: 0.000120177	LB: 0.00119545	GB: 0.13673	Cor: 0	Pts: 55392
Particle (41):: Fit: 0.000113334	PB: 0.000113334	LB: 0.13673	GB: 0.13673	Cor: 0	Pts: 55392
Particle (49):: Fit: 0.000107186	PB: 0.000107186	LB: 0.13673	GB: 0.13673	Cor: 0	Pts: 50492
Particle (0):: Fit: 0.000117436	PB: 0.000117436	LB: 0.00123627	GB: 0.13673	Cor: 0	Pts: 110391
Particle (16):: Fit: 0.00113319	PB: 0.00113319	LB: 0.00123644	GB: 0.13673	Cor: 0	Pts: 55391
Particle (22):: Fit: 0.000127695	PB: 0.000127695	LB: 0.00139785	GB: 0.13673	Cor: 0	Pts: 55489
Particle (27):: Fit: 0.000112997	PB: 0.000112997	LB: 0.00139785	GB: 0.13673	Cor: 0	Pts: 55391
Particle (34):: Fit: 0.000106162	PB: 0.000106162	LB: 0.00123616	GB: 0.13673	Cor: 0	Pts: 55287
Particle (35):: Fit: 0.000121553	PB: 0.000121553	LB: 0.00119545	GB: 0.13673	Cor: 0	Pts: 60491
Particle (42):: Fit: 0.000103088	PB: 0.000103088	LB: 0.13673	GB: 0.13673	Cor: 0	Pts: 50191
Particle (44):: Fit: 0.000125632	PB: 0.000125632	LB: 0.13673	GB: 0.13673	Cor: 0	Pts: 50391
Particle (1):: Fit: 0.00125638	PB: 0.00125638	LB: 0.00125638	GB: 0.13673	Cor: 0	Pts: 210590
Particle (13):: Fit: 0.000107194	PB: 0.000107194	LB: 0.00123644	GB: 0.13673	Cor: 0	Pts: 55588
Particle (16):: Fit: 0.00117396	PB: 0.00117396	LB: 0.00123644	GB: 0.13673	Cor: 0	Pts: 55490
Particle (17):: Fit: 0.00117237	PB: 0.00117237	LB: 0.00123644	GB: 0.13673	Cor: 0	Pts: 60390
Particle (31):: Fit: 0.000109244	PB: 0.000109244	LB: 0.00127489	GB: 0.13673	Cor: 0	Pts: 55289
Particle (32):: Fit: 0.00115442	PB: 0.00115442	LB: 0.00127489	GB: 0.13673	Cor: 0	Pts: 60390
Particle (33):: Fit: 0.00115372	PB: 0.00115372	LB: 0.00123616	GB: 0.13673	Cor: 0	Pts: 90390
Particle (34):: Fit: 0.000113344	PB: 0.000113344	LB: 0.00123616	GB: 0.13673	Cor: 0	Pts: 55386
Particle (40):: Fit: 0.000115384	PB: 0.000115384	LB: 0.13673	GB: 0.13673	Cor: 0	Pts: 60290
Particle (41):: Fit: 0.000115384	PB: 0.000115384	LB: 0.13673	GB: 0.13673	Cor: 0	Pts: 55489
Particle (0):: Fit: 0.000127684	PB: 0.000127684	LB: 0.00125638	GB: 0.13673	Cor: 0	Pts: 110488
Particle (16):: Fit: 0.00117408	PB: 0.00117408	LB: 0.00123644	GB: 0.13673	Cor: 0	Pts: 55588
Particle (24):: Fit: 0.000123583	PB: 0.000123583	LB: 0.00139785	GB: 0.13673	Cor: 0	Pts: 65388
Particle (31):: Fit: 0.000826443	PB: 0.000826443	LB: 0.00127489	GB: 0.13673	Cor: 0	Pts: 55387
Particle (33):: Fit: 0.00117468	PB: 0.00117468	LB: 0.00123616	GB: 0.13673	Cor: 0	Pts: 90488
Particle (16):: Fit: 0.00127733	PB: 0.00127733	LB: 0.00127733	GB: 0.13673	Cor: 0	Pts: 90687
Particle (35):: Fit: 0.00109296	PB: 0.00109296	LB: 0.00119545	GB: 0.13673	Cor: 0	Pts: 60587
Particle (4):: Fit: 0.000119489	PB: 0.000119489	LB: 0.00125638	GB: 0.13673	Cor: 0	Pts: 55486
Particle (6):: Fit: 0.000119494	PB: 0.000119494	LB: 0.00121522	GB: 0.13673	Cor: 0	Pts: 55286
Particle (11):: Fit: 0.00101095	PB: 0.00101095	LB: 0.00127733	GB: 0.13673	Cor: 0	Pts: 60485
Particle (14):: Fit: 0.00125699	PB: 0.00125699	LB: 0.00127733	GB: 0.13673	Cor: 0	Pts: 70485
Particle (27):: Fit: 0.000113184	PB: 0.000113184	LB: 0.00139785	GB: 0.13673	Cor: 0	Pts: 55484
Particle (39):: Fit: 0.00108371	PB: 0.00108371	LB: 0.00119545	GB: 0.13673	Cor: 0	Pts: 55484
Particle (42):: Fit: 0.000115386	PB: 0.000115386	LB: 0.13673	GB: 0.13673	Cor: 0	Pts: 50285
Particle (49):: Fit: 0.000107253	PB: 0.000107253	LB: 0.13673	GB: 0.13673	Cor: 0	Pts: 50585
Particle (43):: Fit: 0.000117434	PB: 0.000117434	LB: 0.13673	GB: 0.13673	Cor: 0	Pts: 65284
Particle (48):: Fit: 0.000113334	PB: 0.000113334	LB: 0.13673	GB: 0.13673	Cor: 0	Pts: 50284
Particle (49):: Fit: 0.000115442	PB: 0.000115442	LB: 0.13673	GB: 0.13673	Cor: 0	Pts: 50684
Particle (34):: Fit: 0.000119494	PB: 0.000119494	LB: 0.00123616	GB: 0.13673	Cor: 0	Pts: 55478
Particle (41):: Fit: 0.000125632	PB: 0.000125632	LB: 0.13673	GB: 0.13673	Cor: 0	Pts: 55583
Particle (45):: Fit: 0.142329	PB: 0.142329	LB: 0.142329	GB: 0.142329	Cor: 0.69	Pts: 230383
Global: 0.142329 - Correct: 69% of 100 tests
Global Best: 
  Inner Net 1
  -- 1 : 1 = 0.073
  -- 1 : 2 = 0.9412
  -- 1 : 3 = 0.1119
  -- 1 : 4 = 0.3382
  -- 1 : 5 = 0.3819
  -- 2 : 1 = 0.8635
  -- 2 : 2 = 0.0912
  -- 2 : 3 = 0.2211
  -- 2 : 4 = 0.2808
  -- 2 : 5 = 0.1293
  -- 3 : 1 = 0.2254
  -- 3 : 2 = 0.9058
  -- 3 : 3 = 0.0257
  -- 3 : 4 = 0.4045
  -- 3 : 5 = 0.0061
  -- 4 : 1 = 0.1044
  -- 4 : 2 = 0.1287
  -- 4 : 3 = 0.9896
  -- 4 : 4 = 0.2313
  -- 4 : 5 = 0.5628
  -- 5 : 1 = 0.1713
  -- 5 : 2 = 0.0712
  -- 5 : 3 = 0.7842
  -- 5 : 4 = 0.2788
  -- 5 : 5 = 0.5328
  -- 6 : 1 = 0.0488
  -- 6 : 2 = 0.7239
  -- 6 : 3 = 0.664
  -- 6 : 4 = 0.2964
  -- 6 : 5 = 0.9098
  Inner Net 2
  -- 1 : 1 = 0.257946
  -- 1 : 2 = -0.217391
  -- 2 : 1 = 0.217305
  -- 2 : 2 = -0.268225
  -- 3 : 1 = -0.44654
  -- 3 : 2 = -0.0598799
  -- 4 : 1 = 0.304288
  -- 4 : 2 = -0.340396
  -- 5 : 1 = 0.0896945
  -- 5 : 2 = -0.479357
Out\Act	False		True
False	0.759162	0.0828177	0.84198
True	0.0985245	0.0594955	0.15802
	0.857687	0.142313
	Accuracy [ (tp + tn) / testSize ]: 0.818658
	Precision [ tp / (tp + fp) ]:      0.416667
	Sensitivity [ tp / (tp + fn) ]:    0.375375
	Specificity [ tn / (tn + fp) ]:    0.90113
	F-Score [ 2tp / (2tp + fp + fn) ]: 0.39557
Particle (2):: Fit: 0.0012154	PB: 0.0012154	LB: 0.00125638	GB: 0.142329	Cor: 0	Pts: 120282
Particle (7):: Fit: 0.00105196	PB: 0.00105196	LB: 0.00119037	GB: 0.142329	Cor: 0	Pts: 55282
Particle (13):: Fit: 0.000113344	PB: 0.000113344	LB: 0.00127733	GB: 0.142329	Cor: 0	Pts: 55679
Particle (37):: Fit: 0.000115384	PB: 0.000115384	LB: 0.00119545	GB: 0.142329	Cor: 0	Pts: 70281
Particle (49):: Fit: 0.000969785	PB: 0.000969785	LB: 0.142329	GB: 0.142329	Cor: 0	Pts: 50781
Particle (30):: Fit: 0.0012777	PB: 0.0012777	LB: 0.0012777	GB: 0.142329	Cor: 0	Pts: 140280
Particle (45):: Fit: 14450.1	PB: 14450.1	LB: 14450.1	GB: 14450.1	Cor: 0.7	Pts: 290480
Particle (46):: Fit: 0.00119502	PB: 0.00119502	LB: 14450.1	GB: 14450.1	Cor: 0.7	Pts: 70280
Particle (48):: Fit: 0.000127682	PB: 0.000127682	LB: 14450.1	GB: 14450.1	Cor: 0.7	Pts: 50380
Global: 14450.1 - Correct: 70% of 100 tests
Global Best: 
  Inner Net 1
  -- 1 : 1 = 0.073
  -- 1 : 2 = 0.9412
  -- 1 : 3 = 0.1119
  -- 1 : 4 = 0.3382
  -- 1 : 5 = 0.3819
  -- 2 : 1 = 0.8635
  -- 2 : 2 = 0.0912
  -- 2 : 3 = 0.2211
  -- 2 : 4 = 0.2808
  -- 2 : 5 = 0.1293
  -- 3 : 1 = 0.2254
  -- 3 : 2 = 0.9058
  -- 3 : 3 = 0.0257
  -- 3 : 4 = 0.4045
  -- 3 : 5 = 0.0061
  -- 4 : 1 = 0.1044
  -- 4 : 2 = 0.1287
  -- 4 : 3 = 0.9896
  -- 4 : 4 = 0.2313
  -- 4 : 5 = 0.5628
  -- 5 : 1 = 0.1713
  -- 5 : 2 = 0.0712
  -- 5 : 3 = 0.7842
  -- 5 : 4 = 0.2788
  -- 5 : 5 = 0.5328
  -- 6 : 1 = 0.0488
  -- 6 : 2 = 0.7239
  -- 6 : 3 = 0.664
  -- 6 : 4 = 0.2964
  -- 6 : 5 = 0.9098
  Inner Net 2
  -- 1 : 1 = 0.400202
  -- 1 : 2 = -0.250514
  -- 2 : 1 = 0.225751
  -- 2 : 2 = -0.188521
  -- 3 : 1 = -0.679267
  -- 3 : 2 = 0.0135839
  -- 4 : 1 = 0.320645
  -- 4 : 2 = -0.325943
  -- 5 : 1 = -0.0219473
  -- 5 : 2 = -0.133295
Out\Act	False		True
False	0.76297	0.07901	0.84198
True	0.0994764	0.0585436	0.15802
	0.862446	0.137554
	Accuracy [ (tp + tn) / testSize ]: 0.821514
	Precision [ tp / (tp + fp) ]:      0.424138
	Sensitivity [ tp / (tp + fn) ]:    0.369369
	Specificity [ tn / (tn + fp) ]:    0.90565
	F-Score [ 2tp / (2tp + fp + fn) ]: 0.395498
Particle (19):: Fit: 0.000121534	PB: 0.000121534	LB: 0.00139785	GB: 14450.1	Cor: 0	Pts: 60479
Particle (26):: Fit: 0.00113397	PB: 0.00113397	LB: 0.00139785	GB: 14450.1	Cor: 0	Pts: 55479
Particle (31):: Fit: 0.00111353	PB: 0.00111353	LB: 0.0012777	GB: 14450.1	Cor: 0	Pts: 55477
Particle (35):: Fit: 0.00113391	PB: 0.00113391	LB: 0.00119545	GB: 14450.1	Cor: 0	Pts: 60679
Particle (47):: Fit: 0.00115448	PB: 0.00115448	LB: 14450.1	GB: 14450.1	Cor: 0	Pts: 50279
Particle (4):: Fit: 0.000131792	PB: 0.000131792	LB: 0.00125638	GB: 14450.1	Cor: 0	Pts: 55578
Particle (32):: Fit: 0.00121597	PB: 0.00121597	LB: 0.0012777	GB: 14450.1	Cor: 0	Pts: 70478
Particle (46):: Fit: 0.00125564	PB: 0.00125564	LB: 14450.1	GB: 14450.1	Cor: 0	Pts: 70377
Particle (13):: Fit: 0.000114222	PB: 0.000114222	LB: 0.00127733	GB: 14450.1	Cor: 0	Pts: 55771
Particle (16):: Fit: 0.00129615	PB: 0.00129615	LB: 0.00129615	GB: 14450.1	Cor: 0	Pts: 125776
Particle (39):: Fit: 0.010794	PB: 0.010794	LB: 0.010794	GB: 14450.1	Cor: 0	Pts: 85575
Particle (46):: Fit: 0.00129806	PB: 0.00129806	LB: 14450.1	GB: 14450.1	Cor: 0	Pts: 75476
Particle (48):: Fit: 0.00013383	PB: 0.00013383	LB: 14450.1	GB: 14450.1	Cor: 0	Pts: 50476
Particle (1):: Fit: 0.0012755	PB: 0.0012755	LB: 0.0012755	GB: 14450.1	Cor: 0	Pts: 235675
Particle (9):: Fit: 0.0116233	PB: 0.0116233	LB: 0.0116233	GB: 14450.1	Cor: 0	Pts: 175274
Particle (28):: Fit: 0.142046	PB: 0.142046	LB: 0.142046	GB: 14450.1	Cor: 0	Pts: 180373
Particle (21):: Fit: 0.00123546	PB: 0.00123546	LB: 0.00139785	GB: 14450.1	Cor: 0	Pts: 55273
Particle (8):: Fit: 0.000125632	PB: 0.000125632	LB: 0.0116233	GB: 14450.1	Cor: 0	Pts: 65272
Particle (29):: Fit: 0.001072	PB: 0.001072	LB: 0.142046	GB: 14450.1	Cor: 0	Pts: 70272
Particle (37):: Fit: 0.000123583	PB: 0.000123583	LB: 0.010794	GB: 14450.1	Cor: 0	Pts: 70372
Particle (12):: Fit: 0.000125645	PB: 0.000125645	LB: 0.0116233	GB: 14450.1	Cor: 0	Pts: 65170
Particle (20):: Fit: 0.000990451	PB: 0.000990451	LB: 0.00139785	GB: 14450.1	Cor: 0	Pts: 100171
Particle (36):: Fit: 0.00117497	PB: 0.00117497	LB: 0.010794	GB: 14450.1	Cor: 0	Pts: 65371
Particle (27):: Fit: 0.000115435	PB: 0.000115435	LB: 0.142046	GB: 14450.1	Cor: 0	Pts: 55567
Particle (45):: Fit: 14871.4	PB: 14871.4	LB: 14871.4	GB: 14871.4	Cor: 0.72	Pts: 350566
Particle (47):: Fit: 0.00119558	PB: 0.00119558	LB: 14871.4	GB: 14871.4	Cor: 0.72	Pts: 50370
Global: 14871.4 - Correct: 72% of 100 tests
Global Best: 
  Inner Net 1
  -- 1 : 1 = 0.073
  -- 1 : 2 = 0.9412
  -- 1 : 3 = 0.1119
  -- 1 : 4 = 0.3382
  -- 1 : 5 = 0.3819
  -- 2 : 1 = 0.8635
  -- 2 : 2 = 0.0912
  -- 2 : 3 = 0.2211
  -- 2 : 4 = 0.2808
  -- 2 : 5 = 0.1293
  -- 3 : 1 = 0.2254
  -- 3 : 2 = 0.9058
  -- 3 : 3 = 0.0257
  -- 3 : 4 = 0.4045
  -- 3 : 5 = 0.0061
  -- 4 : 1 = 0.1044
  -- 4 : 2 = 0.1287
  -- 4 : 3 = 0.9896
  -- 4 : 4 = 0.2313
  -- 4 : 5 = 0.5628
  -- 5 : 1 = 0.1713
  -- 5 : 2 = 0.0712
  -- 5 : 3 = 0.7842
  -- 5 : 4 = 0.2788
  -- 5 : 5 = 0.5328
  -- 6 : 1 = 0.0488
  -- 6 : 2 = 0.7239
  -- 6 : 3 = 0.664
  -- 6 : 4 = 0.2964
  -- 6 : 5 = 0.9098
  Inner Net 2
  -- 1 : 1 = 0.497149
  -- 1 : 2 = -0.00366252
  -- 2 : 1 = 0.24074
  -- 2 : 2 = 0.191966
  -- 3 : 1 = -0.651666
  -- 3 : 2 = 0.0454616
  -- 4 : 1 = 0.262027
  -- 4 : 2 = -0.253124
  -- 5 : 1 = 0.166125
  -- 5 : 2 = -0.32281
Out\Act	False		True
False	0.759638	0.0823417	0.84198
True	0.0985245	0.0594955	0.15802
	0.858163	0.141837
	Accuracy [ (tp + tn) / testSize ]: 0.819134
	Precision [ tp / (tp + fp) ]:      0.41806
	Sensitivity [ tp / (tp + fn) ]:    0.375375
	Specificity [ tn / (tn + fp) ]:    0.901695
	F-Score [ 2tp / (2tp + fp + fn) ]: 0.396197
Particle (42):: Fit: 0.000119486	PB: 0.000119486	LB: 14871.4	GB: 14871.4	Cor: 0	Pts: 50369
Particle (11):: Fit: 0.00103146	PB: 0.00103146	LB: 0.0116233	GB: 14871.4	Cor: 0	Pts: 60568
Particle (40):: Fit: 0.000121533	PB: 0.000121533	LB: 14871.4	GB: 14871.4	Cor: 0	Pts: 60368
Particle (27):: Fit: 0.000117444	PB: 0.000117444	LB: 0.142046	GB: 14871.4	Cor: 0	Pts: 55664
Particle (17):: Fit: 0.00123552	PB: 0.00123552	LB: 0.00129615	GB: 14871.4	Cor: 0	Pts: 60465
Particle (19):: Fit: 0.000125633	PB: 0.000125633	LB: 0.00139785	GB: 14871.4	Cor: 0	Pts: 60565
Particle (43):: Fit: 0.000119483	PB: 0.000119483	LB: 14871.4	GB: 14871.4	Cor: 0	Pts: 65365
Particle (0):: Fit: 0.000947426	PB: 0.000947426	LB: 0.00129806	GB: 14871.4	Cor: 0	Pts: 110564
Particle (11):: Fit: 0.00109296	PB: 0.00109296	LB: 0.0116233	GB: 14871.4	Cor: 0	Pts: 60664
Particle (25):: Fit: 0.00127716	PB: 0.00127716	LB: 0.142046	GB: 14871.4	Cor: 0	Pts: 110164
Particle (49):: Fit: 0.00107246	PB: 0.00107246	LB: 14871.4	GB: 14871.4	Cor: 0	Pts: 50864
Particle (5):: Fit: 0.000121537	PB: 0.000121537	LB: 0.0116233	GB: 14871.4	Cor: 0	Pts: 60263
Particle (39):: Fit: 0.0112199	PB: 0.0112199	LB: 0.0112199	GB: 14871.4	Cor: 0	Pts: 115662
Particle (19):: Fit: 0.00105196	PB: 0.00105196	LB: 0.00139785	GB: 14871.4	Cor: 0	Pts: 60662
Particle (33):: Fit: 0.00127745	PB: 0.00127745	LB: 0.0012777	GB: 14871.4	Cor: 0	Pts: 90562
Particle (5):: Fit: 0.000908031	PB: 0.000908031	LB: 0.0116233	GB: 14871.4	Cor: 0	Pts: 60360
Particle (19):: Fit: 0.00107246	PB: 0.00107246	LB: 0.00139785	GB: 14871.4	Cor: 0	Pts: 60760
Particle (1):: Fit: 0.0013161	PB: 0.0013161	LB: 0.0013161	GB: 14871.4	Cor: 0	Pts: 255757
Particle (17):: Fit: 0.00125536	PB: 0.00125536	LB: 0.00129615	GB: 14871.4	Cor: 0	Pts: 60557
Particle (27):: Fit: 0.00117506	PB: 0.00117506	LB: 0.142046	GB: 14871.4	Cor: 0	Pts: 55753
Particle (10):: Fit: 0.00012154	PB: 0.00012154	LB: 0.0116233	GB: 14871.4	Cor: 0	Pts: 55355
Particle (18):: Fit: 0.000119483	PB: 0.000119483	LB: 0.00139785	GB: 14871.4	Cor: 0	Pts: 55655
Particle (39):: Fit: 0.0126405	PB: 0.0126405	LB: 0.0126405	GB: 14871.4	Cor: 0	Pts: 145754
Particle (2):: Fit: 0.00121582	PB: 0.00121582	LB: 0.0013161	GB: 14871.4	Cor: 0	Pts: 120354
Particle (37):: Fit: 0.000127704	PB: 0.000127704	LB: 0.0126405	GB: 14871.4	Cor: 0	Pts: 70454
Particle (41):: Fit: 0.000969945	PB: 0.000969945	LB: 14871.4	GB: 14871.4	Cor: 0	Pts: 55654
Particle (5):: Fit: 0.00107218	PB: 0.00107218	LB: 0.0116233	GB: 14871.4	Cor: 0	Pts: 60453
Particle (7):: Fit: 0.00117497	PB: 0.00117497	LB: 0.0116233	GB: 14871.4	Cor: 0	Pts: 55353
Particle (1):: Fit: 0.00133728	PB: 0.00133728	LB: 0.00133728	GB: 14871.4	Cor: 0	Pts: 275852
Particle (13):: Fit: 0.00011809	PB: 0.00011809	LB: 0.0116233	GB: 14871.4	Cor: 0	Pts: 55843
Particle (35):: Fit: 0.00119547	PB: 0.00119547	LB: 0.0126405	GB: 14871.4	Cor: 0	Pts: 60752
Particle (44):: Fit: 0.00013588	PB: 0.00013588	LB: 14871.4	GB: 14871.4	Cor: 0	Pts: 50450
Particle (40):: Fit: 0.000125632	PB: 0.000125632	LB: 14871.4	GB: 14871.4	Cor: 0	Pts: 60447
Particle (11):: Fit: 0.00115447	PB: 0.00115447	LB: 0.0116233	GB: 14871.4	Cor: 0	Pts: 60746
Particle (12):: Fit: 0.000138197	PB: 0.000138197	LB: 0.0116233	GB: 14871.4	Cor: 0	Pts: 65238
Particle (10):: Fit: 0.000123587	PB: 0.000123587	LB: 0.0116233	GB: 14871.4	Cor: 0	Pts: 55443
Particle (17):: Fit: 0.00127612	PB: 0.00127612	LB: 0.00129615	GB: 14871.4	Cor: 0	Pts: 60643
Particle (26):: Fit: 0.00117503	PB: 0.00117503	LB: 0.142046	GB: 14871.4	Cor: 0	Pts: 55541
Particle (46):: Fit: 0.00133706	PB: 0.00133706	LB: 14871.4	GB: 14871.4	Cor: 0	Pts: 75541
Particle (24):: Fit: 0.000129731	PB: 0.000129731	LB: 0.142046	GB: 14871.4	Cor: 0	Pts: 65440
Particle (32):: Fit: 0.00123544	PB: 0.00123544	LB: 0.142046	GB: 14871.4	Cor: 0	Pts: 70540
Particle (21):: Fit: 0.00123605	PB: 0.00123605	LB: 0.00139785	GB: 14871.4	Cor: 0	Pts: 55336
Particle (25):: Fit: 0.00131775	PB: 0.00131775	LB: 0.142046	GB: 14871.4	Cor: 0	Pts: 110236
Particle (9):: Fit: 0.126073	PB: 0.126073	LB: 0.126073	GB: 14871.4	Cor: 0	Pts: 225335
Particle (10):: Fit: 0.00117501	PB: 0.00117501	LB: 0.126073	GB: 14871.4	Cor: 0	Pts: 55533
Particle (31):: Fit: 0.00121607	PB: 0.00121607	LB: 0.142046	GB: 14871.4	Cor: 0	Pts: 55515
Particle (46):: Fit: 0.00133836	PB: 0.00133836	LB: 14871.4	GB: 14871.4	Cor: 0	Pts: 80630
Particle (18):: Fit: 0.000129731	PB: 0.000129731	LB: 0.00139785	GB: 14871.4	Cor: 0	Pts: 55728
Particle (43):: Fit: 0.000125632	PB: 0.000125632	LB: 14871.4	GB: 14871.4	Cor: 0	Pts: 65427
Particle (25):: Fit: 0.00140066	PB: 0.00140066	LB: 0.142046	GB: 14871.4	Cor: 0	Pts: 125325
Particle (2):: Fit: 0.00121595	PB: 0.00121595	LB: 0.00133728	GB: 14871.4	Cor: 0	Pts: 120424
Particle (2):: Fit: 0.00121595	PB: 0.00121595	LB: 0.00133728	GB: 14871.4	Cor: 0	Pts: 120523
Particle (29):: Fit: 0.00109201	PB: 0.00109201	LB: 0.142046	GB: 14871.4	Cor: 0	Pts: 70323
Particle (41):: Fit: 0.00115447	PB: 0.00115447	LB: 14871.4	GB: 14871.4	Cor: 0	Pts: 55722
Particle (42):: Fit: 0.000121537	PB: 0.000121537	LB: 14871.4	GB: 14871.4	Cor: 0	Pts: 50422
Particle (44):: Fit: 0.000969945	PB: 0.000969945	LB: 14871.4	GB: 14871.4	Cor: 0	Pts: 50521
Particle (1):: Fit: 0.00135815	PB: 0.00135815	LB: 0.00135815	GB: 14871.4	Cor: 0	Pts: 295920
Particle (29):: Fit: 0.00111309	PB: 0.00111309	LB: 0.142046	GB: 14871.4	Cor: 0	Pts: 70419
Particle (26):: Fit: 0.00138009	PB: 0.00138009	LB: 0.142046	GB: 14871.4	Cor: 0	Pts: 55606
Particle (47):: Fit: 0.00123653	PB: 0.00123653	LB: 14871.4	GB: 14871.4	Cor: 0	Pts: 50406
Particle (34):: Fit: 0.000123595	PB: 0.000123595	LB: 0.0126405	GB: 14871.4	Cor: 0	Pts: 55493
Particle (3):: Fit: 0.00113397	PB: 0.00113397	LB: 0.00135815	GB: 14871.4	Cor: 0	Pts: 110202
Particle (33):: Fit: 0.00127747	PB: 0.00127747	LB: 0.0012777	GB: 14871.4	Cor: 0	Pts: 90600
Particle (29):: Fit: 0.00123649	PB: 0.00123649	LB: 0.142046	GB: 14871.4	Cor: 0	Pts: 70499
Particle (10):: Fit: 0.00127456	PB: 0.00127456	LB: 0.126073	GB: 14871.4	Cor: 0	Pts: 55598
Particle (19):: Fit: 0.00131531	PB: 0.00131531	LB: 0.00139785	GB: 14871.4	Cor: 0	Pts: 80798
Particle (49):: Fit: 0.00107246	PB: 0.00107246	LB: 14871.4	GB: 14871.4	Cor: 0	Pts: 50898
Particle (15):: Fit: 0.00125434	PB: 0.00125434	LB: 0.00131531	GB: 14871.4	Cor: 0	Pts: 125197
Particle (36):: Fit: 0.124209	PB: 0.124209	LB: 0.124209	GB: 14871.4	Cor: 0	Pts: 100397
Particle (40):: Fit: 0.0114208	PB: 0.0114208	LB: 14871.4	GB: 14871.4	Cor: 0	Pts: 60497
Particle (44):: Fit: 0.00111352	PB: 0.00111352	LB: 14871.4	GB: 14871.4	Cor: 0	Pts: 50597
Particle (3):: Fit: 0.00125446	PB: 0.00125446	LB: 0.00135815	GB: 14871.4	Cor: 0	Pts: 110296
Particle (4):: Fit: 0.0124294	PB: 0.0124294	LB: 0.126073	GB: 14871.4	Cor: 0	Pts: 75596
Particle (5):: Fit: 0.130091	PB: 0.130091	LB: 0.130091	GB: 14871.4	Cor: 0	Pts: 110496
Particle (8):: Fit: 0.00111277	PB: 0.00111277	LB: 0.130091	GB: 14871.4	Cor: 0	Pts: 65296
Particle (49):: Fit: 0.125764	PB: 0.125764	LB: 14871.4	GB: 14871.4	Cor: 0	Pts: 50996
Particle (3):: Fit: 0.00137971	PB: 0.00137971	LB: 0.130091	GB: 14871.4	Cor: 0	Pts: 110395
Particle (6):: Fit: 0.000988322	PB: 0.000988322	LB: 0.130091	GB: 14871.4	Cor: 0	Pts: 55286
Particle (8):: Fit: 14410.1	PB: 14410.1	LB: 14410.1	GB: 14871.4	Cor: 0	Pts: 115395
Particle (10):: Fit: 0.00129858	PB: 0.00129858	LB: 14410.1	GB: 14871.4	Cor: 0	Pts: 55695
Particle (37):: Fit: 0.00104628	PB: 0.00104628	LB: 0.124209	GB: 14871.4	Cor: 0	Pts: 70495
Particle (43):: Fit: 0.00119192	PB: 0.00119192	LB: 14871.4	GB: 14871.4	Cor: 0	Pts: 65495
Particle (47):: Fit: 143.812	PB: 143.812	LB: 14871.4	GB: 14871.4	Cor: 0	Pts: 60495
Particle (2):: Fit: 0.00125628	PB: 0.00125628	LB: 0.130091	GB: 14871.4	Cor: 0	Pts: 120594
Particle (27):: Fit: 0.0011946	PB: 0.0011946	LB: 0.142046	GB: 14871.4	Cor: 0	Pts: 55790
Particle (44):: Fit: 0.011251	PB: 0.011251	LB: 14871.4	GB: 14871.4	Cor: 0	Pts: 50694
Particle (2):: Fit: 0.0119956	PB: 0.0119956	LB: 0.130091	GB: 14871.4	Cor: 0	Pts: 120693
Particle (4):: Fit: 0.124364	PB: 0.124364	LB: 14410.1	GB: 14871.4	Cor: 0	Pts: 75693
Particle (18):: Fit: 0.000985903	PB: 0.000985903	LB: 0.00139785	GB: 14871.4	Cor: 0	Pts: 55793
Particle (34):: Fit: 0.000949479	PB: 0.000949479	LB: 0.124209	GB: 14871.4	Cor: 0	Pts: 55580
Particle (44):: Fit: 0.13439	PB: 0.13439	LB: 14871.4	GB: 14871.4	Cor: 0	Pts: 55792
Particle (48):: Fit: 0.0117745	PB: 0.0117745	LB: 14871.4	GB: 14871.4	Cor: 0	Pts: 50492
Particle (1):: Fit: 0.118892	PB: 0.118892	LB: 143.812	GB: 14871.4	Cor: 0	Pts: 295991
Particle (3):: Fit: 146.142	PB: 146.142	LB: 14410.1	GB: 14871.4	Cor: 0	Pts: 125491
Particle (27):: Fit: 0.00121336	PB: 0.00121336	LB: 0.142046	GB: 14871.4	Cor: 0	Pts: 55886
Particle (5):: Fit: 0.133851	PB: 0.133851	LB: 14410.1	GB: 14871.4	Cor: 0	Pts: 110590
Particle (0):: Fit: 0.000989616	PB: 0.000989616	LB: 146.142	GB: 14871.4	Cor: 0	Pts: 110588
Particle (29):: Fit: 0.0112105	PB: 0.0112105	LB: 0.142046	GB: 14871.4	Cor: 0	Pts: 70589
Particle (34):: Fit: 0.0010704	PB: 0.0010704	LB: 0.124209	GB: 14871.4	Cor: 0	Pts: 55677
Particle (34):: Fit: 0.122482	PB: 0.122482	LB: 0.124209	GB: 14871.4	Cor: 0	Pts: 55776
Particle (0):: Fit: 0.00121522	PB: 0.00121522	LB: 146.142	GB: 14871.4	Cor: 0	Pts: 110685
Particle (19):: Fit: 0.119924	PB: 0.119924	LB: 0.119924	GB: 14871.4	Cor: 0	Pts: 125886
Particle (22):: Fit: 0.00125334	PB: 0.00125334	LB: 0.119924	GB: 14871.4	Cor: 0	Pts: 55479
Particle (33):: Fit: 0.00133973	PB: 0.00133973	LB: 0.124209	GB: 14871.4	Cor: 0	Pts: 90687
Particle (2):: Fit: 0.126875	PB: 0.126875	LB: 146.142	GB: 14871.4	Cor: 0	Pts: 120786
Particle (35):: Fit: 0.136553	PB: 0.136553	LB: 0.136553	GB: 14871.4	Cor: 0	Pts: 95786
Particle (40):: Fit: 0.013398	PB: 0.013398	LB: 14871.4	GB: 14871.4	Cor: 0	Pts: 60586
Particle (26):: Fit: 0.0126634	PB: 0.0126634	LB: 0.142046	GB: 14871.4	Cor: 0	Pts: 55685
Particle (41):: Fit: 0.00121137	PB: 0.00121137	LB: 14871.4	GB: 14871.4	Cor: 0	Pts: 55784
Particle (15):: Fit: 0.00135691	PB: 0.00135691	LB: 0.119924	GB: 14871.4	Cor: 0	Pts: 125284
Particle (18):: Fit: 0.132788	PB: 0.132788	LB: 0.132788	GB: 14871.4	Cor: 0	Pts: 105883
Particle (24):: Fit: 0.0118422	PB: 0.0118422	LB: 0.142046	GB: 14871.4	Cor: 0	Pts: 65484
Particle (27):: Fit: 0.00126797	PB: 0.00126797	LB: 0.142046	GB: 14871.4	Cor: 0	Pts: 55979
Particle (37):: Fit: 0.00117324	PB: 0.00117324	LB: 0.136553	GB: 14871.4	Cor: 0	Pts: 70584
Particle (31):: Fit: 0.134106	PB: 0.134106	LB: 0.142046	GB: 14871.4	Cor: 0	Pts: 55558
Particle (0):: Fit: 0.00122822	PB: 0.00122822	LB: 146.142	GB: 14871.4	Cor: 0	Pts: 110780
Particle (22):: Fit: 0.012052	PB: 0.012052	LB: 0.132788	GB: 14871.4	Cor: 0	Pts: 55573
Particle (10):: Fit: 0.0013973	PB: 0.0013973	LB: 14410.1	GB: 14871.4	Cor: 0	Pts: 55780
Particle (19):: Fit: 0.124271	PB: 0.124271	LB: 0.132788	GB: 14871.4	Cor: 0	Pts: 125979
Particle (38):: Fit: 0.00125239	PB: 0.00125239	LB: 0.136553	GB: 14871.4	Cor: 0	Pts: 100080
Particle (37):: Fit: 0.00127517	PB: 0.00127517	LB: 0.136553	GB: 14871.4	Cor: 0	Pts: 70679
Particle (6):: Fit: 0.00113019	PB: 0.00113019	LB: 14410.1	GB: 14871.4	Cor: 0	Pts: 55369
Particle (21):: Fit: 0.00135666	PB: 0.00135666	LB: 0.132788	GB: 14871.4	Cor: 0	Pts: 55378
Particle (38):: Fit: 0.00125649	PB: 0.00125649	LB: 0.136553	GB: 14871.4	Cor: 0	Pts: 100177
Particle (14):: Fit: 0.00131479	PB: 0.00131479	LB: 0.132788	GB: 14871.4	Cor: 0	Pts: 70475
Particle (26):: Fit: 0.128068	PB: 0.128068	LB: 0.142046	GB: 14871.4	Cor: 0	Pts: 55775
Particle (49):: Fit: 0.130961	PB: 0.130961	LB: 14871.4	GB: 14871.4	Cor: 0	Pts: 51075
Particle (25):: Fit: 0.120124	PB: 0.120124	LB: 0.142046	GB: 14871.4	Cor: 0	Pts: 125372
Particle (25):: Fit: 0.142446	PB: 0.142446	LB: 0.142446	GB: 14871.4	Cor: 0	Pts: 175471
Particle (6):: Fit: 0.00125716	PB: 0.00125716	LB: 14410.1	GB: 14871.4	Cor: 0	Pts: 55462
Particle (11):: Fit: 0.00119433	PB: 0.00119433	LB: 14410.1	GB: 14871.4	Cor: 0	Pts: 60771
Particle (15):: Fit: 0.128139	PB: 0.128139	LB: 0.132788	GB: 14871.4	Cor: 0	Pts: 125370
Particle (48):: Fit: 0.128269	PB: 0.128269	LB: 14871.4	GB: 14871.4	Cor: 0	Pts: 50569
Particle (41):: Fit: 0.126496	PB: 0.126496	LB: 14871.4	GB: 14871.4	Cor: 0	Pts: 55868
Particle (0):: Fit: 14426.3	PB: 14426.3	LB: 14426.3	GB: 14871.4	Cor: 0	Pts: 135866
Particle (13):: Fit: 0.0010901	PB: 0.0010901	LB: 0.132788	GB: 14871.4	Cor: 0	Pts: 55842
Particle (31):: Fit: 0.142371	PB: 0.142371	LB: 0.142371	GB: 14871.4	Cor: 0	Pts: 85643
Particle (42):: Fit: 0.00131551	PB: 0.00131551	LB: 14871.4	GB: 14871.4	Cor: 0	Pts: 50466
Particle (1):: Fit: 0.12832	PB: 0.12832	LB: 14426.3	GB: 14871.4	Cor: 0	Pts: 296067
Particle (38):: Fit: 0.00129313	PB: 0.00129313	LB: 0.136553	GB: 14871.4	Cor: 0	Pts: 100267
Particle (22):: Fit: 0.130279	PB: 0.130279	LB: 0.142446	GB: 14871.4	Cor: 0	Pts: 55658
Particle (29):: Fit: 0.126633	PB: 0.126633	LB: 0.142446	GB: 14871.4	Cor: 0	Pts: 70665
Particle (39):: Fit: 0.130539	PB: 0.130539	LB: 0.136553	GB: 14871.4	Cor: 0	Pts: 145760
Particle (12):: Fit: 0.00104807	PB: 0.00104807	LB: 14410.1	GB: 14871.4	Cor: 0	Pts: 65253
Particle (4):: Fit: 0.142152	PB: 0.142152	LB: 14426.3	GB: 14871.4	Cor: 0	Pts: 75761
Particle (17):: Fit: 0.0112749	PB: 0.0112749	LB: 0.132788	GB: 14871.4	Cor: 0	Pts: 60661
Particle (21):: Fit: 0.00141971	PB: 0.00141971	LB: 0.142446	GB: 14871.4	Cor: 0	Pts: 55461
Particle (26):: Fit: 0.142169	PB: 0.142169	LB: 0.142446	GB: 14871.4	Cor: 0	Pts: 55859
Particle (32):: Fit: 14857.2	PB: 14857.2	LB: 14857.2	GB: 14871.4	Cor: 0	Pts: 120561
Particle (38):: Fit: 0.116115	PB: 0.116115	LB: 0.136553	GB: 14871.4	Cor: 0	Pts: 100361
Particle (2):: Fit: 0.142739	PB: 0.142739	LB: 14426.3	GB: 14871.4	Cor: 0	Pts: 120860
Particle (38):: Fit: 0.122153	PB: 0.122153	LB: 0.136553	GB: 14871.4	Cor: 0	Pts: 100460
Particle (3):: Fit: 15061.2	PB: 15061.2	LB: 15061.2	GB: 15061.2	Cor: 0.73	Pts: 185556
Global: 15061.2 - Correct: 73% of 100 tests
Global Best: 
  Inner Net 1
  -- 1 : 1 = 0.621313
  -- 1 : 2 = 0.0563291
  -- 1 : 3 = 0.0222661
  -- 1 : 4 = 0.387986
  -- 1 : 5 = 0.25544
  -- 2 : 1 = 1
  -- 2 : 2 = 0.232544
  -- 2 : 3 = 0.478497
  -- 2 : 4 = -0.268915
  -- 2 : 5 = -0.145703
  -- 3 : 1 = -0.459427
  -- 3 : 2 = 0.109068
  -- 3 : 3 = 0.351571
  -- 3 : 4 = 0.215294
  -- 3 : 5 = -0.148082
  -- 4 : 1 = 0.3694
  -- 4 : 2 = -0.0154994
  -- 4 : 3 = 0.191218
  -- 4 : 4 = -0.0215876
  -- 4 : 5 = -0.00861445
  -- 5 : 1 = 0.892907
  -- 5 : 2 = -0.0820722
  -- 5 : 3 = 0.0867154
  -- 5 : 4 = -0.317073
  -- 5 : 5 = 0.463965
  -- 6 : 1 = -0.0830567
  -- 6 : 2 = 0.0264522
  -- 6 : 3 = 0.132933
  -- 6 : 4 = 0.172762
  -- 6 : 5 = 0.213595
  Inner Net 2
  -- 1 : 1 = 0.857432
  -- 1 : 2 = 0.0666391
  -- 2 : 1 = 0.52762
  -- 2 : 2 = -0.0125846
  -- 3 : 1 = -0.317306
  -- 3 : 2 = -0.217528
  -- 4 : 1 = 0.187451
  -- 4 : 2 = 0.251595
  -- 5 : 1 = 0.309343
  -- 5 : 2 = -0.0535494
Out\Act	False		True
False	0.716326	0.125654	0.84198
True	0.0956687	0.0623513	0.15802
	0.811994	0.188006
	Accuracy [ (tp + tn) / testSize ]: 0.778677
	Precision [ tp / (tp + fp) ]:      0.330808
	Sensitivity [ tp / (tp + fn) ]:    0.393393
	Specificity [ tn / (tn + fp) ]:    0.850282
	F-Score [ 2tp / (2tp + fp + fn) ]: 0.35989
Particle (10):: Fit: 0.011386	PB: 0.011386	LB: 14410.1	GB: 15061.2	Cor: 0	Pts: 55856
Particle (17):: Fit: 0.120631	PB: 0.120631	LB: 0.132788	GB: 15061.2	Cor: 0	Pts: 60756
Particle (21):: Fit: 0.0115941	PB: 0.0115941	LB: 0.142446	GB: 15061.2	Cor: 0	Pts: 55554
Particle (6):: Fit: 0.00131672	PB: 0.00131672	LB: 15061.2	GB: 15061.2	Cor: 0	Pts: 55543
Particle (20):: Fit: 0.00106475	PB: 0.00106475	LB: 0.142446	GB: 15061.2	Cor: 0	Pts: 100152
Particle (37):: Fit: 0.138858	PB: 0.138858	LB: 0.138858	GB: 15061.2	Cor: 0	Pts: 85751
Particle (23):: Fit: 0.0108414	PB: 0.0108414	LB: 0.142446	GB: 15061.2	Cor: 0	Pts: 160450
Particle (34):: Fit: 0.126209	PB: 0.126209	LB: 14857.2	GB: 15061.2	Cor: 0	Pts: 55840
Particle (11):: Fit: 0.00125664	PB: 0.00125664	LB: 14410.1	GB: 15061.2	Cor: 0	Pts: 60850
Particle (30):: Fit: 0.0124626	PB: 0.0124626	LB: 14857.2	GB: 15061.2	Cor: 0	Pts: 140249
Particle (36):: Fit: 14815.7	PB: 14815.7	LB: 14857.2	GB: 15061.2	Cor: 0	Pts: 115450
Particle (20):: Fit: 0.120355	PB: 0.120355	LB: 0.142446	GB: 15061.2	Cor: 0	Pts: 100248
Particle (27):: Fit: 0.0121959	PB: 0.0121959	LB: 14857.2	GB: 15061.2	Cor: 0	Pts: 56044
Particle (43):: Fit: 0.136668	PB: 0.136668	LB: 14871.4	GB: 15061.2	Cor: 0	Pts: 65549
Particle (14):: Fit: 0.00139615	PB: 0.00139615	LB: 0.132788	GB: 15061.2	Cor: 0	Pts: 70548
Particle (21):: Fit: 0.0117955	PB: 0.0117955	LB: 0.142446	GB: 15061.2	Cor: 0	Pts: 55648
Particle (33):: Fit: 0.00135993	PB: 0.00135993	LB: 14857.2	GB: 15061.2	Cor: 0	Pts: 90747
Particle (34):: Fit: 0.134248	PB: 0.134248	LB: 14857.2	GB: 15061.2	Cor: 0	Pts: 55934
Particle (14):: Fit: 0.136179	PB: 0.136179	LB: 0.136179	GB: 15061.2	Cor: 0	Pts: 100645
Particle (39):: Fit: 0.138508	PB: 0.138508	LB: 14815.7	GB: 15061.2	Cor: 0	Pts: 145838
Particle (6):: Fit: 0.121953	PB: 0.121953	LB: 15061.2	GB: 15061.2	Cor: 0	Pts: 55633
Particle (36):: Fit: 15412.5	PB: 15412.5	LB: 15412.5	GB: 15412.5	Cor: 0.75	Pts: 175542
Global: 15412.5 - Correct: 75% of 100 tests
Global Best: 
  Inner Net 1
  -- 1 : 1 = 0.468945
  -- 1 : 2 = 0.0437749
  -- 1 : 3 = -0.05509
  -- 1 : 4 = 0.130885
  -- 1 : 5 = 0.193749
  -- 2 : 1 = 1
  -- 2 : 2 = 0.313413
  -- 2 : 3 = 0.13952
  -- 2 : 4 = -0.0784616
  -- 2 : 5 = -0.0236272
  -- 3 : 1 = 0
  -- 3 : 2 = 0.159339
  -- 3 : 3 = 0.36556
  -- 3 : 4 = -0.0387387
  -- 3 : 5 = -0.0168092
  -- 4 : 1 = 0.681273
  -- 4 : 2 = 0.059657
  -- 4 : 3 = -0.251956
  -- 4 : 4 = 0.248468
  -- 4 : 5 = -0.105192
  -- 5 : 1 = 1
  -- 5 : 2 = -0.23573
  -- 5 : 3 = 0.12591
  -- 5 : 4 = -0.269268
  -- 5 : 5 = -0.119704
  -- 6 : 1 = 0.7718
  -- 6 : 2 = -0.248713
  -- 6 : 3 = -0.250103
  -- 6 : 4 = 0.128476
  -- 6 : 5 = 0.000598061
  Inner Net 2
  -- 1 : 1 = -0.0698436
  -- 1 : 2 = 0.275571
  -- 2 : 1 = 0.237022
  -- 2 : 2 = -0.243316
  -- 3 : 1 = -0.647576
  -- 3 : 2 = 0.115573
  -- 4 : 1 = 0.885
  -- 4 : 2 = 0.0461715
  -- 5 : 1 = 0.189877
  -- 5 : 2 = -0.416207
Out\Act	False		True
False	0.604474	0.237506	0.84198
True	0.0623513	0.0956687	0.15802
	0.666825	0.333175
	Accuracy [ (tp + tn) / testSize ]: 0.700143
	Precision [ tp / (tp + fp) ]:      0.286733
	Sensitivity [ tp / (tp + fn) ]:    0.603604
	Specificity [ tn / (tn + fp) ]:    0.717514
	F-Score [ 2tp / (2tp + fp + fn) ]: 0.389158
Particle (10):: Fit: 0.0114513	PB: 0.0114513	LB: 14410.1	GB: 15412.5	Cor: 0	Pts: 55939
Particle (24):: Fit: 0.142582	PB: 0.142582	LB: 0.142582	GB: 15412.5	Cor: 0	Pts: 105541
Particle (4):: Fit: 15660.2	PB: 15660.2	LB: 15660.2	GB: 15660.2	Cor: 0.76	Pts: 135838
Particle (15):: Fit: 0.138307	PB: 0.138307	LB: 0.138307	GB: 15660.2	Cor: 0.76	Pts: 155437
Particle (46):: Fit: 0.00135757	PB: 0.00135757	LB: 14871.4	GB: 15660.2	Cor: 0.76	Pts: 80638
Global: 15660.2 - Correct: 76% of 100 tests
Global Best: 
  Inner Net 1
  -- 1 : 1 = 0.703343
  -- 1 : 2 = 0.013446
  -- 1 : 3 = -0.0614028
  -- 1 : 4 = -0.239173
  -- 1 : 5 = -0.273263
  -- 2 : 1 = 1
  -- 2 : 2 = 0.364454
  -- 2 : 3 = -0.177287
  -- 2 : 4 = 0.289812
  -- 2 : 5 = 0.363397
  -- 3 : 1 = -0.419055
  -- 3 : 2 = 0.182076
  -- 3 : 3 = 0.368897
  -- 3 : 4 = -0.335143
  -- 3 : 5 = 0.467864
  -- 4 : 1 = -0.0361313
  -- 4 : 2 = 0.274023
  -- 4 : 3 = 0.469033
  -- 4 : 4 = -0.250514
  -- 4 : 5 = 0.155035
  -- 5 : 1 = 0.605229
  -- 5 : 2 = -0.18845
  -- 5 : 3 = 0.514103
  -- 5 : 4 = 0.0123221
  -- 5 : 5 = -0.0903305
  -- 6 : 1 = 0.164157
  -- 6 : 2 = -0.237244
  -- 6 : 3 = -0.323926
  -- 6 : 4 = -0.163538
  -- 6 : 5 = 0.154063
  Inner Net 2
  -- 1 : 1 = -0.534572
  -- 1 : 2 = -0.0622278
  -- 2 : 1 = 0.0380879
  -- 2 : 2 = -0.378316
  -- 3 : 1 = -0.267045
  -- 3 : 2 = 0.0059004
  -- 4 : 1 = -0.197213
  -- 4 : 2 = 0.513728
  -- 5 : 1 = -0.108107
  -- 5 : 2 = 0.0793184
Out\Act	False		True
False	0.655402	0.186578	0.84198
True	0.07901	0.07901	0.15802
	0.734412	0.265588
	Accuracy [ (tp + tn) / testSize ]: 0.734412
	Precision [ tp / (tp + fp) ]:      0.296959
	Sensitivity [ tp / (tp + fn) ]:    0.498498
	Specificity [ tn / (tn + fp) ]:    0.777966
	F-Score [ 2tp / (2tp + fp + fn) ]: 0.372615
Particle (5):: Fit: 0.136799	PB: 0.136799	LB: 15660.2	GB: 15660.2	Cor: 0	Pts: 110633
Particle (6):: Fit: 0.136663	PB: 0.136663	LB: 15660.2	GB: 15660.2	Cor: 0	Pts: 55722
Particle (37):: Fit: 15221.3	PB: 15221.3	LB: 15412.5	GB: 15660.2	Cor: 0	Pts: 90827
Particle (26):: Fit: 14475.5	PB: 14475.5	LB: 14475.5	GB: 15660.2	Cor: 0	Pts: 85923
Particle (21):: Fit: 0.11625	PB: 0.11625	LB: 14475.5	GB: 15660.2	Cor: 0	Pts: 55721
Particle (48):: Fit: 15466.6	PB: 15466.6	LB: 15466.6	GB: 15660.2	Cor: 0	Pts: 80620
Particle (46):: Fit: 15331.6	PB: 15331.6	LB: 15466.6	GB: 15660.2	Cor: 0	Pts: 90721
Particle (12):: Fit: 0.117892	PB: 0.117892	LB: 14410.1	GB: 15660.2	Cor: 0	Pts: 65308
Particle (35):: Fit: 0.142182	PB: 0.142182	LB: 15412.5	GB: 15660.2	Cor: 0	Pts: 95817
Particle (16):: Fit: 0.124384	PB: 0.124384	LB: 0.138307	GB: 15660.2	Cor: 0	Pts: 125715
Particle (41):: Fit: 0.126631	PB: 0.126631	LB: 15331.6	GB: 15660.2	Cor: 0	Pts: 55911
Particle (15):: Fit: 14426.7	PB: 14426.7	LB: 14426.7	GB: 15660.2	Cor: 0	Pts: 205510
Particle (27):: Fit: 0.136141	PB: 0.136141	LB: 14857.2	GB: 15660.2	Cor: 0	Pts: 56105
Particle (19):: Fit: 14441.7	PB: 14441.7	LB: 14441.7	GB: 15660.2	Cor: 0	Pts: 161002
Particle (33):: Fit: 0.00137916	PB: 0.00137916	LB: 15412.5	GB: 15660.2	Cor: 0	Pts: 90802
Particle (40):: Fit: 0.128376	PB: 0.128376	LB: 15412.5	GB: 15660.2	Cor: 0	Pts: 60601
Particle (39):: Fit: 14441.5	PB: 14441.5	LB: 15412.5	GB: 15660.2	Cor: 0	Pts: 145891
Particle (42):: Fit: 0.120812	PB: 0.120812	LB: 15331.6	GB: 15660.2	Cor: 0	Pts: 50492
Particle (29):: Fit: 0.132468	PB: 0.132468	LB: 14857.2	GB: 15660.2	Cor: 0	Pts: 70693
Particle (35):: Fit: 143.737	PB: 143.737	LB: 15412.5	GB: 15660.2	Cor: 0	Pts: 95891
Particle (18):: Fit: 0.140091	PB: 0.140091	LB: 14441.7	GB: 15660.2	Cor: 0	Pts: 105889
Particle (6):: Fit: 14410.4	PB: 14410.4	LB: 15660.2	GB: 15660.2	Cor: 0	Pts: 60779
Particle (7):: Fit: 0.131961	PB: 0.131961	LB: 15660.2	GB: 15660.2	Cor: 0	Pts: 55285
Particle (33):: Fit: 0.128277	PB: 0.128277	LB: 15412.5	GB: 15660.2	Cor: 0	Pts: 90887
Particle (20):: Fit: 0.124276	PB: 0.124276	LB: 14441.7	GB: 15660.2	Cor: 0	Pts: 100281
Particle (42):: Fit: 0.137877	PB: 0.137877	LB: 15331.6	GB: 15660.2	Cor: 0	Pts: 50579
Particle (27):: Fit: 0.14015	PB: 0.14015	LB: 14857.2	GB: 15660.2	Cor: 0	Pts: 56175
Particle (10):: Fit: 0.124104	PB: 0.124104	LB: 14426.7	GB: 15660.2	Cor: 0	Pts: 55977
Particle (10):: Fit: 14627.7	PB: 14627.7	LB: 14627.7	GB: 15660.2	Cor: 0	Pts: 86076
Particle (17):: Fit: 0.128828	PB: 0.128828	LB: 14441.7	GB: 15660.2	Cor: 0	Pts: 60774
Particle (27):: Fit: 0.140211	PB: 0.140211	LB: 14857.2	GB: 15660.2	Cor: 0	Pts: 56267
Particle (38):: Fit: 0.13685	PB: 0.13685	LB: 15412.5	GB: 15660.2	Cor: 0	Pts: 100472
Particle (17):: Fit: 0.134052	PB: 0.134052	LB: 14441.7	GB: 15660.2	Cor: 0	Pts: 60870
Particle (41):: Fit: 0.132044	PB: 0.132044	LB: 15331.6	GB: 15660.2	Cor: 0	Pts: 55969
Particle (21):: Fit: 0.134084	PB: 0.134084	LB: 14475.5	GB: 15660.2	Cor: 0	Pts: 55763
Particle (22):: Fit: 14473.5	PB: 14473.5	LB: 14475.5	GB: 15660.2	Cor: 0	Pts: 75653
Particle (2):: Fit: 14469	PB: 14469	LB: 15660.2	GB: 15660.2	Cor: 0	Pts: 120858
Particle (13):: Fit: 0.00141993	PB: 0.00141993	LB: 14627.7	GB: 15660.2	Cor: 0	Pts: 55819
Particle (49):: Fit: 0.14237	PB: 0.14237	LB: 15660.2	GB: 15660.2	Cor: 0	Pts: 51045
Particle (9):: Fit: 0.126738	PB: 0.126738	LB: 14627.7	GB: 15660.2	Cor: 0	Pts: 225223
Particle (21):: Fit: 14413.2	PB: 14413.2	LB: 14475.5	GB: 15660.2	Cor: 0	Pts: 55823
Particle (1):: Fit: 0.136348	PB: 0.136348	LB: 15660.2	GB: 15660.2	Cor: 0	Pts: 296019
Particle (29):: Fit: 0.140347	PB: 0.140347	LB: 14857.2	GB: 15660.2	Cor: 0	Pts: 70704
Particle (17):: Fit: 14830.2	PB: 14830.2	LB: 14830.2	GB: 15660.2	Cor: 0	Pts: 110900
Particle (14):: Fit: 0.140734	PB: 0.140734	LB: 14830.2	GB: 15660.2	Cor: 0	Pts: 100595
Particle (11):: Fit: 0.0113947	PB: 0.0113947	LB: 14627.7	GB: 15660.2	Cor: 0	Pts: 60775
Particle (44):: Fit: 0.138568	PB: 0.138568	LB: 15466.6	GB: 15660.2	Cor: 0	Pts: 55657
Particle (41):: Fit: 0.138064	PB: 0.138064	LB: 15331.6	GB: 15660.2	Cor: 0	Pts: 55940
Particle (8):: Fit: 14458.7	PB: 14458.7	LB: 15660.2	GB: 15660.2	Cor: 0	Pts: 115238
Particle (26):: Fit: 15004.8	PB: 15004.8	LB: 15004.8	GB: 15660.2	Cor: 0	Pts: 135831
Particle (23):: Fit: 0.121957	PB: 0.121957	LB: 15004.8	GB: 15660.2	Cor: 0	Pts: 160327
Particle (29):: Fit: 14645.6	PB: 14645.6	LB: 15004.8	GB: 15660.2	Cor: 0	Pts: 70727
Particle (24):: Fit: 150.087	PB: 150.087	LB: 15004.8	GB: 15660.2	Cor: 0	Pts: 105419
Particle (41):: Fit: 0.140729	PB: 0.140729	LB: 15331.6	GB: 15660.2	Cor: 0	Pts: 56020
Particle (33):: Fit: 0.138229	PB: 0.138229	LB: 15412.5	GB: 15660.2	Cor: 0	Pts: 90820
Particle (18):: Fit: 14607.9	PB: 14607.9	LB: 14830.2	GB: 15660.2	Cor: 0	Pts: 105806
Particle (9):: Fit: 0.128649	PB: 0.128649	LB: 14627.7	GB: 15660.2	Cor: 0	Pts: 225200
Particle (13):: Fit: 0.0113946	PB: 0.0113946	LB: 14830.2	GB: 15660.2	Cor: 0	Pts: 55775
Particle (42):: Fit: 145.79	PB: 145.79	LB: 15331.6	GB: 15660.2	Cor: 0	Pts: 50498
Particle (30):: Fit: 0.12671	PB: 0.12671	LB: 15004.8	GB: 15660.2	Cor: 0	Pts: 140096
Particle (1):: Fit: 0.142086	PB: 0.142086	LB: 15660.2	GB: 15660.2	Cor: 0	Pts: 295983
Particle (41):: Fit: 0.142218	PB: 0.142218	LB: 15331.6	GB: 15660.2	Cor: 0	Pts: 56081
Particle (27):: Fit: 14467.4	PB: 14467.4	LB: 15004.8	GB: 15660.2	Cor: 0	Pts: 56173
Particle (23):: Fit: 0.122014	PB: 0.122014	LB: 15004.8	GB: 15660.2	Cor: 0	Pts: 160369
Particle (24):: Fit: 15215.2	PB: 15215.2	LB: 15215.2	GB: 15660.2	Cor: 0	Pts: 155467
Particle (28):: Fit: 14454.9	PB: 14454.9	LB: 15215.2	GB: 15660.2	Cor: 0	Pts: 180067
Particle (13):: Fit: 0.0117987	PB: 0.0117987	LB: 14830.2	GB: 15660.2	Cor: 0	Pts: 55830
Particle (47):: Fit: 15506.5	PB: 15506.5	LB: 15506.5	GB: 15660.2	Cor: 0	Pts: 95262
Particle (34):: Fit: 0.136731	PB: 0.136731	LB: 15412.5	GB: 15660.2	Cor: 0	Pts: 55728
Particle (31):: Fit: 15230.4	PB: 15230.4	LB: 15412.5	GB: 15660.2	Cor: 0	Pts: 110406
Particle (33):: Fit: 14418.7	PB: 14418.7	LB: 15412.5	GB: 15660.2	Cor: 0	Pts: 90829
Particle (40):: Fit: 14614.7	PB: 14614.7	LB: 15412.5	GB: 15660.2	Cor: 0	Pts: 60418
Particle (5):: Fit: 143.544	PB: 143.544	LB: 15660.2	GB: 15660.2	Cor: 0	Pts: 110424
Particle (11):: Fit: 0.0114247	PB: 0.0114247	LB: 14627.7	GB: 15660.2	Cor: 0	Pts: 60709
Particle (9):: Fit: 0.130319	PB: 0.130319	LB: 14627.7	GB: 15660.2	Cor: 0	Pts: 225178
Particle (35):: Fit: 148.019	PB: 148.019	LB: 15412.5	GB: 15660.2	Cor: 0	Pts: 95667
Particle (9):: Fit: 0.132298	PB: 0.132298	LB: 14627.7	GB: 15660.2	Cor: 0	Pts: 225265
Particle (6):: Fit: 14612.1	PB: 14612.1	LB: 15660.2	GB: 15660.2	Cor: 0	Pts: 60550
Particle (22):: Fit: 14635.9	PB: 14635.9	LB: 15215.2	GB: 15660.2	Cor: 0	Pts: 75448
Particle (44):: Fit: 145.738	PB: 145.738	LB: 15506.5	GB: 15660.2	Cor: 0	Pts: 55546
Particle (28):: Fit: 14664.5	PB: 14664.5	LB: 15230.4	GB: 15660.2	Cor: 0	Pts: 180038
Particle (9):: Fit: 0.132788	PB: 0.132788	LB: 14627.7	GB: 15660.2	Cor: 0	Pts: 225306
Particle (20):: Fit: 0.128066	PB: 0.128066	LB: 15215.2	GB: 15660.2	Cor: 0	Pts: 99987
Particle (25):: Fit: 145.806	PB: 145.806	LB: 15215.2	GB: 15660.2	Cor: 0	Pts: 175095
Particle (22):: Fit: 14638.9	PB: 14638.9	LB: 15215.2	GB: 15660.2	Cor: 0	Pts: 75468
Particle (49):: Fit: 154.137	PB: 154.137	LB: 15660.2	GB: 15660.2	Cor: 0	Pts: 50783
Particle (12):: Fit: 0.118015	PB: 0.118015	LB: 14830.2	GB: 15660.2	Cor: 0	Pts: 64957
Particle (41):: Fit: 145.803	PB: 145.803	LB: 15331.6	GB: 15660.2	Cor: 0	Pts: 55962
Particle (31):: Fit: 15454	PB: 15454	LB: 15454	GB: 15660.2	Cor: 0	Pts: 160329
Particle (9):: Fit: 0.136063	PB: 0.136063	LB: 14627.7	GB: 15660.2	Cor: 0	Pts: 225346
Particle (34):: Fit: 14829.1	PB: 14829.1	LB: 15454	GB: 15660.2	Cor: 0	Pts: 55619
Particle (34):: Fit: 15055.8	PB: 15055.8	LB: 15454	GB: 15660.2	Cor: 0	Pts: 55679
Particle (23):: Fit: 0.122359	PB: 0.122359	LB: 15215.2	GB: 15660.2	Cor: 0	Pts: 160173
Particle (35):: Fit: 15044.8	PB: 15044.8	LB: 15454	GB: 15660.2	Cor: 0	Pts: 95569
Particle (32):: Fit: 15215	PB: 15215	LB: 15454	GB: 15660.2	Cor: 0	Pts: 120067
Particle (28):: Fit: 14812.9	PB: 14812.9	LB: 15454	GB: 15660.2	Cor: 0	Pts: 179951
Particle (8):: Fit: 14649.9	PB: 14649.9	LB: 15660.2	GB: 15660.2	Cor: 0	Pts: 129936
Particle (9):: Fit: 0.140076	PB: 0.140076	LB: 14649.9	GB: 15660.2	Cor: 0	Pts: 225324
Particle (5):: Fit: 14618	PB: 14618	LB: 15660.2	GB: 15660.2	Cor: 0	Pts: 110226
Particle (41):: Fit: 14417.7	PB: 14417.7	LB: 15331.6	GB: 15660.2	Cor: 0	Pts: 55911
Particle (18):: Fit: 15226.3	PB: 15226.3	LB: 15226.3	GB: 15660.2	Cor: 0	Pts: 155500
Particle (35):: Fit: 15064.8	PB: 15064.8	LB: 15454	GB: 15660.2	Cor: 0	Pts: 95592
Particle (12):: Fit: 0.128374	PB: 0.128374	LB: 14830.2	GB: 15660.2	Cor: 0	Pts: 64869
Particle (29):: Fit: 15261.4	PB: 15261.4	LB: 15454	GB: 15660.2	Cor: 0	Pts: 80362
Particle (25):: Fit: 14432.7	PB: 14432.7	LB: 15261.4	GB: 15660.2	Cor: 0	Pts: 174909
Particle (33):: Fit: 14602.9	PB: 14602.9	LB: 15454	GB: 15660.2	Cor: 0	Pts: 90503
Particle (21):: Fit: 14416.2	PB: 14416.2	LB: 15226.3	GB: 15660.2	Cor: 0	Pts: 55289
Particle (15):: Fit: 14438.5	PB: 14438.5	LB: 15226.3	GB: 15660.2	Cor: 0	Pts: 204883
Particle (19):: Fit: 15227	PB: 15227	LB: 15227	GB: 15660.2	Cor: 0	Pts: 210385
Particle (9):: Fit: 0.140268	PB: 0.140268	LB: 14649.9	GB: 15660.2	Cor: 0	Pts: 225257
Particle (22):: Fit: 14800.4	PB: 14800.4	LB: 15227	GB: 15660.2	Cor: 0	Pts: 75239
Particle (7):: Fit: 0.132888	PB: 0.132888	LB: 15660.2	GB: 15660.2	Cor: 0	Pts: 54630
Particle (27):: Fit: 15008.9	PB: 15008.9	LB: 15454	GB: 15660.2	Cor: 0	Pts: 55719
Particle (22):: Fit: 14840.7	PB: 14840.7	LB: 15227	GB: 15660.2	Cor: 0	Pts: 75290
Particle (32):: Fit: 15684.9	PB: 15684.9	LB: 15684.9	GB: 15684.9	Cor: 0.76	Pts: 179908
Global: 15684.9 - Correct: 76% of 100 tests
Global Best: 
  Inner Net 1
  -- 1 : 1 = 0.309047
  -- 1 : 2 = -0.0146774
  -- 1 : 3 = 0.169715
  -- 1 : 4 = -0.266934
  -- 1 : 5 = -0.281778
  -- 2 : 1 = -0.777837
  -- 2 : 2 = 0.0230974
  -- 2 : 3 = 0.0635942
  -- 2 : 4 = 0.806393
  -- 2 : 5 = -0.0340782
  -- 3 : 1 = -0.193806
  -- 3 : 2 = 0.322582
  -- 3 : 3 = 0.115288
  -- 3 : 4 = -0.179097
  -- 3 : 5 = -0.446038
  -- 4 : 1 = 0.370469
  -- 4 : 2 = -0.0794457
  -- 4 : 3 = 0.104297
  -- 4 : 4 = 0.0793214
  -- 4 : 5 = -0.147471
  -- 5 : 1 = 0.451569
  -- 5 : 2 = -0.239114
  -- 5 : 3 = 0.0522001
  -- 5 : 4 = -0.282073
  -- 5 : 5 = -0.0100878
  -- 6 : 1 = 0.414562
  -- 6 : 2 = 0.327003
  -- 6 : 3 = -0.0715449
  -- 6 : 4 = -0.0851198
  -- 6 : 5 = 0.0205578
  Inner Net 2
  -- 1 : 1 = -0.254437
  -- 1 : 2 = -0.0905054
  -- 2 : 1 = -0.20632
  -- 2 : 2 = -0.0420269
  -- 3 : 1 = 0.0499943
  -- 3 : 2 = -0.283863
  -- 4 : 1 = -0.54082
  -- 4 : 2 = -0.0823723
  -- 5 : 1 = -0.276209
  -- 5 : 2 = 0.142445
Out\Act	False		True
False	0.583532	0.258448	0.84198
True	0.0780581	0.0799619	0.15802
	0.66159	0.33841
	Accuracy [ (tp + tn) / testSize ]: 0.663494
	Precision [ tp / (tp + fp) ]:      0.235955
	Sensitivity [ tp / (tp + fn) ]:    0.504505
	Specificity [ tn / (tn + fp) ]:    0.692655
	F-Score [ 2tp / (2tp + fp + fn) ]: 0.321839
Particle (13):: Fit: 0.12376	PB: 0.12376	LB: 15226.3	GB: 15684.9	Cor: 0	Pts: 55354
Particle (1):: Fit: 0.142363	PB: 0.142363	LB: 15660.2	GB: 15684.9	Cor: 0	Pts: 295475
Particle (49):: Fit: 14607.3	PB: 14607.3	LB: 15660.2	GB: 15684.9	Cor: 0	Pts: 50461
Particle (5):: Fit: 15017.3	PB: 15017.3	LB: 15660.2	GB: 15684.9	Cor: 0	Pts: 115053
Particle (41):: Fit: 14630.3	PB: 14630.3	LB: 15331.6	GB: 15684.9	Cor: 0	Pts: 55722
Particle (48):: Fit: 15644.5	PB: 15644.5	LB: 15644.5	GB: 15684.9	Cor: 0	Pts: 109791
Particle (25):: Fit: 15248.2	PB: 15248.2	LB: 15261.4	GB: 15684.9	Cor: 0	Pts: 194767
Particle (8):: Fit: 15026.6	PB: 15026.6	LB: 15660.2	GB: 15684.9	Cor: 0	Pts: 149658
Particle (14):: Fit: 15223	PB: 15223	LB: 15227	GB: 15684.9	Cor: 0	Pts: 119778
Particle (20):: Fit: 143.679	PB: 143.679	LB: 15248.2	GB: 15684.9	Cor: 0	Pts: 99448
Particle (38):: Fit: 146.09	PB: 146.09	LB: 15412.5	GB: 15684.9	Cor: 0	Pts: 99518
Particle (48):: Fit: 15660.4	PB: 15660.4	LB: 15660.4	GB: 15684.9	Cor: 0	Pts: 159723
Particle (42):: Fit: 14633.3	PB: 14633.3	LB: 15506.5	GB: 15684.9	Cor: 0	Pts: 49689
Particle (48):: Fit: 16494.2	PB: 16494.2	LB: 16494.2	GB: 16494.2	Cor: 0.8	Pts: 219794
Global: 16494.2 - Correct: 80% of 100 tests
Global Best: 
  Inner Net 1
  -- 1 : 1 = 0.390979
  -- 1 : 2 = 0.149432
  -- 1 : 3 = 0.140379
  -- 1 : 4 = -0.198109
  -- 1 : 5 = -0.121437
  -- 2 : 1 = -0.088754
  -- 2 : 2 = 0.0964825
  -- 2 : 3 = -0.361129
  -- 2 : 4 = -0.0921882
  -- 2 : 5 = 0.267188
  -- 3 : 1 = -0.140883
  -- 3 : 2 = 0.172422
  -- 3 : 3 = -0.241038
  -- 3 : 4 = 0.0380246
  -- 3 : 5 = -0.254724
  -- 4 : 1 = 0.392487
  -- 4 : 2 = 0.103175
  -- 4 : 3 = -0.13383
  -- 4 : 4 = -0.0700725
  -- 4 : 5 = 0.0660985
  -- 5 : 1 = 0.564004
  -- 5 : 2 = -0.347643
  -- 5 : 3 = 0.0294379
  -- 5 : 4 = -0.257867
  -- 5 : 5 = 0.0597964
  -- 6 : 1 = -0.498594
  -- 6 : 2 = -0.132054
  -- 6 : 3 = 0.135558
  -- 6 : 4 = -0.0568191
  -- 6 : 5 = 0.0209352
  Inner Net 2
  -- 1 : 1 = 0.469762
  -- 1 : 2 = 0.0479646
  -- 2 : 1 = 0.385494
  -- 2 : 2 = 0.187749
  -- 3 : 1 = -0.948976
  -- 3 : 2 = 0.0721247
  -- 4 : 1 = 0.10114
  -- 4 : 2 = -0.140384
  -- 5 : 1 = 0.286578
  -- 5 : 2 = -0.570008
Out\Act	False		True
False	0.723465	0.118515	0.84198
True	0.0932889	0.0647311	0.15802
	0.816754	0.183246
	Accuracy [ (tp + tn) / testSize ]: 0.788196
	Precision [ tp / (tp + fp) ]:      0.352332
	Sensitivity [ tp / (tp + fn) ]:    0.408408
	Specificity [ tn / (tn + fp) ]:    0.858757
	F-Score [ 2tp / (2tp + fp + fn) ]: 0.37883
Particle (29):: Fit: 15436.6	PB: 15436.6	LB: 15684.9	GB: 16494.2	Cor: 0	Pts: 89987
Particle (41):: Fit: 15435.5	PB: 15435.5	LB: 15435.5	GB: 16494.2	Cor: 0	Pts: 80584
Particle (1):: Fit: 15843.5	PB: 15843.5	LB: 16494.2	GB: 16494.2	Cor: 0	Pts: 310260
Particle (40):: Fit: 15231.1	PB: 15231.1	LB: 15435.5	GB: 16494.2	Cor: 0	Pts: 59660
Particle (2):: Fit: 14826.2	PB: 14826.2	LB: 16494.2	GB: 16494.2	Cor: 0	Pts: 119851
Particle (23):: Fit: 0.133852	PB: 0.133852	LB: 15248.2	GB: 16494.2	Cor: 0	Pts: 159630
Particle (24):: Fit: 15837.9	PB: 15837.9	LB: 15837.9	GB: 16494.2	Cor: 0	Pts: 204635
Particle (27):: Fit: 15019.1	PB: 15019.1	LB: 15837.9	GB: 16494.2	Cor: 0	Pts: 55359
Particle (37):: Fit: 15263.7	PB: 15263.7	LB: 15435.5	GB: 16494.2	Cor: 0	Pts: 89669
Particle (11):: Fit: 0.0118214	PB: 0.0118214	LB: 15223	GB: 16494.2	Cor: 0	Pts: 59850
Particle (21):: Fit: 14620.2	PB: 14620.2	LB: 15837.9	GB: 16494.2	Cor: 0	Pts: 54743
Particle (49):: Fit: 15030.9	PB: 15030.9	LB: 16494.2	GB: 16494.2	Cor: 0	Pts: 50058
Particle (5):: Fit: 16062.1	PB: 16062.1	LB: 16062.1	GB: 16494.2	Cor: 0	Pts: 149638
Particle (10):: Fit: 14899.9	PB: 14899.9	LB: 15223	GB: 16494.2	Cor: 0	Pts: 84813
Particle (31):: Fit: 15621.2	PB: 15621.2	LB: 15684.9	GB: 16494.2	Cor: 0	Pts: 159475
Particle (38):: Fit: 14636.7	PB: 14636.7	LB: 15435.5	GB: 16494.2	Cor: 0	Pts: 99261
Particle (17):: Fit: 15005.3	PB: 15005.3	LB: 15227	GB: 16494.2	Cor: 0	Pts: 109678
Particle (42):: Fit: 14671.2	PB: 14671.2	LB: 15506.5	GB: 16494.2	Cor: 0	Pts: 49406
Particle (9):: Fit: 15014.2	PB: 15014.2	LB: 16062.1	GB: 16494.2	Cor: 0	Pts: 224591
Particle (0):: Fit: 15619.8	PB: 15619.8	LB: 16494.2	GB: 16494.2	Cor: 0	Pts: 134371
Particle (10):: Fit: 15048.9	PB: 15048.9	LB: 15223	GB: 16494.2	Cor: 0	Pts: 84744
Particle (6):: Fit: 14696.1	PB: 14696.1	LB: 16062.1	GB: 16494.2	Cor: 0	Pts: 59428
Particle (20):: Fit: 14656.3	PB: 14656.3	LB: 15837.9	GB: 16494.2	Cor: 0	Pts: 99032
Particle (15):: Fit: 14611.4	PB: 14611.4	LB: 15227	GB: 16494.2	Cor: 0	Pts: 204103
Particle (7):: Fit: 0.134218	PB: 0.134218	LB: 16062.1	GB: 16494.2	Cor: 0	Pts: 53867
Particle (38):: Fit: 14812.2	PB: 14812.2	LB: 15435.5	GB: 16494.2	Cor: 0	Pts: 99139
Particle (33):: Fit: 14852.4	PB: 14852.4	LB: 15684.9	GB: 16494.2	Cor: 0	Pts: 89625
Particle (19):: Fit: 15289.1	PB: 15289.1	LB: 15837.9	GB: 16494.2	Cor: 0	Pts: 234452
Particle (49):: Fit: 15419.6	PB: 15419.6	LB: 16494.2	GB: 16494.2	Cor: 0	Pts: 49699
Particle (11):: Fit: 0.0122525	PB: 0.0122525	LB: 15223	GB: 16494.2	Cor: 0	Pts: 59368
Particle (18):: Fit: 15235.4	PB: 15235.4	LB: 15289.1	GB: 16494.2	Cor: 0	Pts: 159307
Particle (49):: Fit: 15628.8	PB: 15628.8	LB: 16494.2	GB: 16494.2	Cor: 0	Pts: 49686
Particle (21):: Fit: 14650.9	PB: 14650.9	LB: 15837.9	GB: 16494.2	Cor: 0	Pts: 54209
Particle (36):: Fit: 16036.4	PB: 16036.4	LB: 16036.4	GB: 16494.2	Cor: 0	Pts: 223598
Particle (44):: Fit: 15271.4	PB: 15271.4	LB: 16494.2	GB: 16494.2	Cor: 0	Pts: 53973
Particle (29):: Fit: 15663.5	PB: 15663.5	LB: 15684.9	GB: 16494.2	Cor: 0	Pts: 89147
Particle (21):: Fit: 15276.6	PB: 15276.6	LB: 15837.9	GB: 16494.2	Cor: 0	Pts: 54087
Particle (34):: Fit: 15434.8	PB: 15434.8	LB: 16036.4	GB: 16494.2	Cor: 0	Pts: 54015
Particle (21):: Fit: 15314	PB: 15314	LB: 15837.9	GB: 16494.2	Cor: 0	Pts: 69108
Particle (49):: Fit: 16095.1	PB: 16095.1	LB: 16494.2	GB: 16494.2	Cor: 0	Pts: 54420
Particle (11):: Fit: 0.122512	PB: 0.122512	LB: 15223	GB: 16494.2	Cor: 0	Pts: 58978
Particle (25):: Fit: 16245.4	PB: 16245.4	LB: 16245.4	GB: 16494.2	Cor: 0	Pts: 243472
Particle (10):: Fit: 15690.7	PB: 15690.7	LB: 15690.7	GB: 16494.2	Cor: 0	Pts: 109020
Particle (37):: Fit: 15431.5	PB: 15431.5	LB: 16036.4	GB: 16494.2	Cor: 0	Pts: 88590
Particle (2):: Fit: 15054	PB: 15054	LB: 16494.2	GB: 16494.2	Cor: 0	Pts: 118644
Particle (22):: Fit: 15454.1	PB: 15454.1	LB: 16245.4	GB: 16494.2	Cor: 0	Pts: 83575
Particle (2):: Fit: 15060	PB: 15060	LB: 16494.2	GB: 16494.2	Cor: 0	Pts: 118546
Particle (34):: Fit: 15879.2	PB: 15879.2	LB: 16036.4	GB: 16494.2	Cor: 0	Pts: 58692
Particle (44):: Fit: 15437.2	PB: 15437.2	LB: 16494.2	GB: 16494.2	Cor: 0	Pts: 58378
Particle (42):: Fit: 15284.6	PB: 15284.6	LB: 15506.5	GB: 16494.2	Cor: 0	Pts: 48186
Particle (32):: Fit: 15824.7	PB: 15824.7	LB: 16036.4	GB: 16494.2	Cor: 0	Pts: 177986
Particle (15):: Fit: 15643.1	PB: 15643.1	LB: 15643.1	GB: 16494.2	Cor: 0	Pts: 222947
Particle (9):: Fit: 15030.2	PB: 15030.2	LB: 16062.1	GB: 16494.2	Cor: 0	Pts: 223339
Particle (30):: Fit: 0.128635	PB: 0.128635	LB: 15879.2	GB: 16494.2	Cor: 0	Pts: 137447
Particle (33):: Fit: 15673.2	PB: 15673.2	LB: 16036.4	GB: 16494.2	Cor: 0	Pts: 88498
Particle (20):: Fit: 15220.9	PB: 15220.9	LB: 16245.4	GB: 16494.2	Cor: 0	Pts: 97663
Particle (19):: Fit: 15870.3	PB: 15870.3	LB: 15870.3	GB: 16494.2	Cor: 0	Pts: 263222
Particle (13):: Fit: 0.125965	PB: 0.125965	LB: 15690.7	GB: 16494.2	Cor: 0	Pts: 52947
Particle (17):: Fit: 15033.2	PB: 15033.2	LB: 15870.3	GB: 16494.2	Cor: 0	Pts: 107891
Particle (4):: Fit: 15884.8	PB: 15884.8	LB: 16062.1	GB: 16494.2	Cor: 0	Pts: 132410
Particle (39):: Fit: 14633.2	PB: 14633.2	LB: 16036.4	GB: 16494.2	Cor: 0	Pts: 142468
Particle (28):: Fit: 15474.1	PB: 15474.1	LB: 16245.4	GB: 16494.2	Cor: 0	Pts: 177002
Particle (17):: Fit: 15047.4	PB: 15047.4	LB: 15870.3	GB: 16494.2	Cor: 0	Pts: 107694
Particle (38):: Fit: 14856.6	PB: 14856.6	LB: 16036.4	GB: 16494.2	Cor: 0	Pts: 97059
Particle (15):: Fit: 16099.6	PB: 16099.6	LB: 16099.6	GB: 16494.2	Cor: 0	Pts: 272068
Particle (16):: Fit: 0.125891	PB: 0.125891	LB: 16099.6	GB: 16494.2	Cor: 0	Pts: 121524
Particle (6):: Fit: 15217.8	PB: 15217.8	LB: 16062.1	GB: 16494.2	Cor: 0	Pts: 56732
Particle (2):: Fit: 15650.2	PB: 15650.2	LB: 16494.2	GB: 16494.2	Cor: 0	Pts: 116977
Particle (46):: Fit: 15641.8	PB: 15641.8	LB: 16494.2	GB: 16494.2	Cor: 0	Pts: 96416
Particle (39):: Fit: 15225.7	PB: 15225.7	LB: 16036.4	GB: 16494.2	Cor: 0	Pts: 141447
Particle (41):: Fit: 15835.2	PB: 15835.2	LB: 15835.2	GB: 16494.2	Cor: 0	Pts: 87142
Particle (38):: Fit: 15453.6	PB: 15453.6	LB: 16036.4	GB: 16494.2	Cor: 0	Pts: 96270
Particle (30):: Fit: 0.138739	PB: 0.138739	LB: 15879.2	GB: 16494.2	Cor: 0	Pts: 135573
Particle (6):: Fit: 15230.2	PB: 15230.2	LB: 16062.1	GB: 16494.2	Cor: 0	Pts: 56269
Particle (6):: Fit: 15819.1	PB: 15819.1	LB: 16062.1	GB: 16494.2	Cor: 0	Pts: 56296
Particle (23):: Fit: 14.3558	PB: 14.3558	LB: 16245.4	GB: 16494.2	Cor: 0	Pts: 155849
Particle (12):: Fit: 0.129919	PB: 0.129919	LB: 16099.6	GB: 16494.2	Cor: 0	Pts: 60440
Particle (11):: Fit: 15089.4	PB: 15089.4	LB: 16099.6	GB: 16494.2	Cor: 0	Pts: 56280
Particle (37):: Fit: 15434.7	PB: 15434.7	LB: 16036.4	GB: 16494.2	Cor: 0	Pts: 85596
Particle (39):: Fit: 15252.6	PB: 15252.6	LB: 16036.4	GB: 16494.2	Cor: 0	Pts: 140626
Particle (30):: Fit: 0.140491	PB: 0.140491	LB: 15879.2	GB: 16494.2	Cor: 0	Pts: 134896
Particle (9):: Fit: 16058.6	PB: 16058.6	LB: 16062.1	GB: 16494.2	Cor: 0	Pts: 220598
Particle (8):: Fit: 15096.9	PB: 15096.9	LB: 16062.1	GB: 16494.2	Cor: 0	Pts: 144953
Particle (35):: Fit: 15234.9	PB: 15234.9	LB: 16036.4	GB: 16494.2	Cor: 0	Pts: 90404
Particle (13):: Fit: 0.133968	PB: 0.133968	LB: 16099.6	GB: 16494.2	Cor: 0	Pts: 50446
Particle (3):: Fit: 15241.2	PB: 15241.2	LB: 16095.1	GB: 16494.2	Cor: 0	Pts: 179636
Particle (30):: Fit: 14424.7	PB: 14424.7	LB: 15879.2	GB: 16494.2	Cor: 0	Pts: 134666
Particle (35):: Fit: 15417.2	PB: 15417.2	LB: 16036.4	GB: 16494.2	Cor: 0	Pts: 90050
Particle (40):: Fit: 15450.5	PB: 15450.5	LB: 16036.4	GB: 16494.2	Cor: 0	Pts: 54512
Particle (44):: Fit: 15644.4	PB: 15644.4	LB: 16494.2	GB: 16494.2	Cor: 0	Pts: 54836
Particle (42):: Fit: 15649.8	PB: 15649.8	LB: 15835.2	GB: 16494.2	Cor: 0	Pts: 44650
Particle (22):: Fit: 15463.7	PB: 15463.7	LB: 16245.4	GB: 16494.2	Cor: 0	Pts: 79879
Particle (8):: Fit: 15446.4	PB: 15446.4	LB: 16062.1	GB: 16494.2	Cor: 0	Pts: 144313
Particle (17):: Fit: 15067.1	PB: 15067.1	LB: 16099.6	GB: 16494.2	Cor: 0	Pts: 104952
Particle (31):: Fit: 15707.5	PB: 15707.5	LB: 16036.4	GB: 16494.2	Cor: 0	Pts: 154465
Particle (16):: Fit: 146.125	PB: 146.125	LB: 16099.6	GB: 16494.2	Cor: 0	Pts: 119292
Particle (39):: Fit: 16040.9	PB: 16040.9	LB: 16040.9	GB: 16494.2	Cor: 0	Pts: 184573
Particle (33):: Fit: 16439.5	PB: 16439.5	LB: 16439.5	GB: 16494.2	Cor: 0	Pts: 134642
Particle (27):: Fit: 15513	PB: 15513	LB: 16245.4	GB: 16494.2	Cor: 0	Pts: 49385
Particle (31):: Fit: 15898.9	PB: 15898.9	LB: 16439.5	GB: 16494.2	Cor: 0	Pts: 153519
Particle (12):: Fit: 0.134038	PB: 0.134038	LB: 16099.6	GB: 16494.2	Cor: 0	Pts: 57963
Particle (2):: Fit: 15818.8	PB: 15818.8	LB: 16494.2	GB: 16494.2	Cor: 0	Pts: 113832
Particle (24):: Fit: 15858.3	PB: 15858.3	LB: 16245.4	GB: 16494.2	Cor: 0	Pts: 198155
Particle (35):: Fit: 15430.8	PB: 15430.8	LB: 16439.5	GB: 16494.2	Cor: 0	Pts: 88266
Particle (3):: Fit: 15334.8	PB: 15334.8	LB: 16095.1	GB: 16494.2	Cor: 0	Pts: 176816
Particle (12):: Fit: 14679.7	PB: 14679.7	LB: 16099.6	GB: 16494.2	Cor: 0	Pts: 56695
Particle (17):: Fit: 15679.4	PB: 15679.4	LB: 16099.6	GB: 16494.2	Cor: 0	Pts: 102603
Particle (13):: Fit: 0.134389	PB: 0.134389	LB: 16099.6	GB: 16494.2	Cor: 0	Pts: 46888
Particle (35):: Fit: 15452	PB: 15452	LB: 16439.5	GB: 16494.2	Cor: 0	Pts: 86829
Particle (29):: Fit: 15712.8	PB: 15712.8	LB: 16439.5	GB: 16494.2	Cor: 0	Pts: 81466
Particle (3):: Fit: 15656.8	PB: 15656.8	LB: 16095.1	GB: 16494.2	Cor: 0	Pts: 175863
Particle (7):: Fit: 0.13839	PB: 0.13839	LB: 16062.1	GB: 16494.2	Cor: 0	Pts: 44700
Particle (7):: Fit: 0.14278	PB: 0.14278	LB: 16062.1	GB: 16494.2	Cor: 0	Pts: 44741
Particle (26):: Fit: 15238.2	PB: 15238.2	LB: 16245.4	GB: 16494.2	Cor: 0	Pts: 125014
Particle (27):: Fit: 15642.8	PB: 15642.8	LB: 16245.4	GB: 16494.2	Cor: 0	Pts: 45681
Particle (46):: Fit: 16469.8	PB: 16469.8	LB: 16494.2	GB: 16494.2	Cor: 0	Pts: 99564
Particle (8):: Fit: 15707.4	PB: 15707.4	LB: 16062.1	GB: 16494.2	Cor: 0	Pts: 139321
Global Best: 
  Inner Net 1
  -- 1 : 1 = 0.390979
  -- 1 : 2 = 0.149432
  -- 1 : 3 = 0.140379
  -- 1 : 4 = -0.198109
  -- 1 : 5 = -0.121437
  -- 2 : 1 = -0.088754
  -- 2 : 2 = 0.0964825
  -- 2 : 3 = -0.361129
  -- 2 : 4 = -0.0921882
  -- 2 : 5 = 0.267188
  -- 3 : 1 = -0.140883
  -- 3 : 2 = 0.172422
  -- 3 : 3 = -0.241038
  -- 3 : 4 = 0.0380246
  -- 3 : 5 = -0.254724
  -- 4 : 1 = 0.392487
  -- 4 : 2 = 0.103175
  -- 4 : 3 = -0.13383
  -- 4 : 4 = -0.0700725
  -- 4 : 5 = 0.0660985
  -- 5 : 1 = 0.564004
  -- 5 : 2 = -0.347643
  -- 5 : 3 = 0.0294379
  -- 5 : 4 = -0.257867
  -- 5 : 5 = 0.0597964
  -- 6 : 1 = -0.498594
  -- 6 : 2 = -0.132054
  -- 6 : 3 = 0.135558
  -- 6 : 4 = -0.0568191
  -- 6 : 5 = 0.0209352
  Inner Net 2
  -- 1 : 1 = 0.469762
  -- 1 : 2 = 0.0479646
  -- 2 : 1 = 0.385494
  -- 2 : 2 = 0.187749
  -- 3 : 1 = -0.948976
  -- 3 : 2 = 0.0721247
  -- 4 : 1 = 0.10114
  -- 4 : 2 = -0.140384
  -- 5 : 1 = 0.286578
  -- 5 : 2 = -0.570008
Out\Act	False		True
False	0.723465	0.118515	0.84198
True	0.0932889	0.0647311	0.15802
	0.816754	0.183246
	Accuracy [ (tp + tn) / testSize ]: 0.788196
	Precision [ tp / (tp + fp) ]:      0.352332
	Sensitivity [ tp / (tp + fn) ]:    0.408408
	Specificity [ tn / (tn + fp) ]:    0.858757
	F-Score [ 2tp / (2tp + fp + fn) ]: 0.37883
