
Date / Time: Fri Mar 31 01:31:16 2017

   ****************************************
   * PSO Neural Net (Gaussian Activation) *
   *       by William Boler, BSCE         *
   *     Research Assistant, IUPUI        *
   *                                      *
   *  Professor: Dr. Lauren Christopher   *
   *     Created: March 13, 2017          *
   ****************************************


Inputs: 10
Inner Nets: 1
 - 9
Tests per train(min): 100
Particles: 50
Neighbors: 10
Minimum Particle Iterations: 1000
Particle (0):: Fit: 82.7443	PB: 82.7443	LB: 82.7443	GB: 82.7443	Conf: 1.92363	Pts: 110099
Particle (1):: Fit: 76.0342	PB: 76.0342	LB: 82.7443	GB: 82.7443	Conf: 1.98587	Pts: 55099
Particle (2):: Fit: 88.959	PB: 88.959	LB: 88.959	GB: 88.959	Conf: 0.901675	Pts: 110099
Particle (3):: Fit: 79.4401	PB: 79.4401	LB: 88.959	GB: 88.959	Conf: 1.96741	Pts: 55099
Particle (4):: Fit: 23.4122	PB: 23.4122	LB: 88.959	GB: 88.959	Conf: 0.746282	Pts: 55099
Particle (5):: Fit: 85.7109	PB: 85.7109	LB: 88.959	GB: 88.959	Conf: 1.77023	Pts: 65099
Particle (6):: Fit: 81.7948	PB: 81.7948	LB: 88.959	GB: 88.959	Conf: 2	Pts: 55099
Particle (7):: Fit: 77.9573	PB: 77.9573	LB: 85.7109	GB: 88.959	Conf: 1.73523	Pts: 55099
Particle (8):: Fit: 79.8746	PB: 79.8746	LB: 85.7109	GB: 88.959	Conf: 2	Pts: 60099
Particle (9):: Fit: 87.53	PB: 87.53	LB: 87.53	GB: 88.959	Conf: 2	Pts: 85099
Particle (10):: Fit: 80.8321	PB: 80.8321	LB: 87.53	GB: 88.959	Conf: 1.982	Pts: 55099
Particle (11):: Fit: 128.592	PB: 128.592	LB: 128.592	GB: 128.592	Conf: 1.21308	Pts: 110099
Particle (12):: Fit: 154.059	PB: 154.059	LB: 154.059	GB: 154.059	Conf: 1.07128	Pts: 110099
Particle (13):: Fit: 155.865	PB: 155.865	LB: 155.865	GB: 155.865	Conf: 1.34393	Pts: 110099
Particle (14):: Fit: 78.032	PB: 78.032	LB: 155.865	GB: 155.865	Conf: 1.97958	Pts: 55099
Particle (15):: Fit: 72.1465	PB: 72.1465	LB: 155.865	GB: 155.865	Conf: 2	Pts: 55099
Particle (16):: Fit: 80.8352	PB: 80.8352	LB: 155.865	GB: 155.865	Conf: 2	Pts: 65099
Particle (17):: Fit: 80.8352	PB: 80.8352	LB: 155.865	GB: 155.865	Conf: 2	Pts: 55099
Particle (18):: Fit: 73.117	PB: 73.117	LB: 80.8352	GB: 155.865	Conf: 2	Pts: 55099
Particle (19):: Fit: 83.7106	PB: 83.7106	LB: 83.7106	GB: 155.865	Conf: 2	Pts: 80099
Particle (20):: Fit: 71.1747	PB: 71.1747	LB: 83.7106	GB: 155.865	Conf: 2	Pts: 55099
Particle (21):: Fit: 91.3219	PB: 91.3219	LB: 91.3219	GB: 155.865	Conf: 1.98439	Pts: 90099
Particle (22):: Fit: 146.165	PB: 146.165	LB: 146.165	GB: 155.865	Conf: 1.72342	Pts: 95099
Particle (23):: Fit: 68.1225	PB: 68.1225	LB: 146.165	GB: 155.865	Conf: 1.97	Pts: 55099
Particle (24):: Fit: 86.5766	PB: 86.5766	LB: 146.165	GB: 155.865	Conf: 2	Pts: 60099
Particle (25):: Fit: 75.0539	PB: 75.0539	LB: 146.165	GB: 155.865	Conf: 2	Pts: 55099
Particle (26):: Fit: 83.2226	PB: 83.2226	LB: 146.165	GB: 155.865	Conf: 0.412839	Pts: 60099
Particle (27):: Fit: 76.0205	PB: 76.0205	LB: 86.5766	GB: 155.865	Conf: 2	Pts: 55099
Particle (28):: Fit: 83.7351	PB: 83.7351	LB: 86.5766	GB: 155.865	Conf: 1.96219	Pts: 70099
Particle (29):: Fit: 79.1872	PB: 79.1872	LB: 83.7351	GB: 155.865	Conf: 0.813354	Pts: 55099
Particle (30):: Fit: 81.7948	PB: 81.7948	LB: 83.7351	GB: 155.865	Conf: 2	Pts: 60099
Particle (31):: Fit: 72.1465	PB: 72.1465	LB: 83.7351	GB: 155.865	Conf: 2	Pts: 55099
Particle (32):: Fit: 77.9038	PB: 77.9038	LB: 83.7351	GB: 155.865	Conf: 1.93947	Pts: 60099
Particle (33):: Fit: 166.483	PB: 166.483	LB: 166.483	GB: 166.483	Conf: 1.93827	Pts: 110099
Particle (34):: Fit: 152.593	PB: 152.593	LB: 166.483	GB: 166.483	Conf: 0.688239	Pts: 55099
Particle (35):: Fit: 129.154	PB: 129.154	LB: 166.483	GB: 166.483	Conf: 1.36946	Pts: 55099
Particle (36):: Fit: 151.486	PB: 151.486	LB: 166.483	GB: 166.483	Conf: 1.89738	Pts: 60099
Particle (37):: Fit: 77.3006	PB: 77.3006	LB: 166.483	GB: 166.483	Conf: 1.56317	Pts: 55099
Particle (38):: Fit: 80.8352	PB: 80.8352	LB: 152.593	GB: 166.483	Conf: 2	Pts: 60099
Particle (39):: Fit: 84.667	PB: 84.667	LB: 151.486	GB: 166.483	Conf: 2	Pts: 65099
Particle (40):: Fit: 72.1482	PB: 72.1482	LB: 151.486	GB: 166.483	Conf: 1.9675	Pts: 55099
Particle (41):: Fit: 74.0861	PB: 74.0861	LB: 84.667	GB: 166.483	Conf: 2	Pts: 55099
Particle (42):: Fit: 79.8746	PB: 79.8746	LB: 84.667	GB: 166.483	Conf: 2	Pts: 55099
Particle (43):: Fit: 75.2249	PB: 75.2249	LB: 84.667	GB: 166.483	Conf: 1.08516	Pts: 50099
Particle (44):: Fit: 76.0205	PB: 76.0205	LB: 79.8746	GB: 166.483	Conf: 2	Pts: 50099
Particle (45):: Fit: 175.922	PB: 175.922	LB: 175.922	GB: 175.922	Conf: 1.86452	Pts: 110099
Particle (46):: Fit: 71.2608	PB: 71.2608	LB: 175.922	GB: 175.922	Conf: 1.93924	Pts: 50099
Particle (47):: Fit: 163.145	PB: 163.145	LB: 175.922	GB: 175.922	Conf: 1.94924	Pts: 60099
Particle (48):: Fit: 75.0969	PB: 75.0969	LB: 175.922	GB: 175.922	Conf: 0.742948	Pts: 50099
Particle (49):: Fit: 154.135	PB: 154.135	LB: 175.922	GB: 175.922	Conf: 1.91634	Pts: 60099
Global: 175.922 - Correct: 45% of 100 tests
Global Best: 
  Inner Net 1
  -- 1 : 1 = 0.1122
  -- 1 : 2 = 0.4771
  -- 1 : 3 = 0.6023
  -- 1 : 4 = 0.0387
  -- 1 : 5 = 0.2388
  -- 1 : 6 = 0.4655
  -- 1 : 7 = 0.6182
  -- 1 : 8 = 0.806
  -- 1 : 9 = 0.5566
  -- 2 : 1 = 0.1852
  -- 2 : 2 = 0.0612
  -- 2 : 3 = 0.5315
  -- 2 : 4 = 0.2498
  -- 2 : 5 = 0.6717
  -- 2 : 6 = 0.5894
  -- 2 : 7 = 0.7995
  -- 2 : 8 = 0.6369
  -- 2 : 9 = 0.9508
  -- 3 : 1 = 0.0984
  -- 3 : 2 = 0.7682
  -- 3 : 3 = 0.9176
  -- 3 : 4 = 0.991
  -- 3 : 5 = 0.126
  -- 3 : 6 = 0.5166
  -- 3 : 7 = 0.2283
  -- 3 : 8 = 0.4395
  -- 3 : 9 = 0.0308
  -- 4 : 1 = 0.8299
  -- 4 : 2 = 0.9649
  -- 4 : 3 = 0.8474
  -- 4 : 4 = 0.1346
  -- 4 : 5 = 0.762
  -- 4 : 6 = 0.3424
  -- 4 : 7 = 0.5092
  -- 4 : 8 = 0.7133
  -- 4 : 9 = 0.0001
  -- 5 : 1 = 0.5339
  -- 5 : 2 = 0.008
  -- 5 : 3 = 0.0103
  -- 5 : 4 = 0.9231
  -- 5 : 5 = 0.4825
  -- 5 : 6 = 0.6983
  -- 5 : 7 = 0.2174
  -- 5 : 8 = 0.255
  -- 5 : 9 = 0.0968
  -- 6 : 1 = 0.5744
  -- 6 : 2 = 0.8303
  -- 6 : 3 = 0.8359
  -- 6 : 4 = 0.1089
  -- 6 : 5 = 0.1679
  -- 6 : 6 = 0.0929
  -- 6 : 7 = 0.6117
  -- 6 : 8 = 0.4142
  -- 6 : 9 = 0.1082
  -- 7 : 1 = 0.3185
  -- 7 : 2 = 0.167
  -- 7 : 3 = 0.1529
  -- 7 : 4 = 0.5005
  -- 7 : 5 = 0.8666
  -- 7 : 6 = 0.1609
  -- 7 : 7 = 0.1575
  -- 7 : 8 = 0.995
  -- 7 : 9 = 0.6888
  -- 8 : 1 = 0.2682
  -- 8 : 2 = 0.3461
  -- 8 : 3 = 0.2467
  -- 8 : 4 = 0.1853
  -- 8 : 5 = 0.5107
  -- 8 : 6 = 0.0705
  -- 8 : 7 = 0.9426
  -- 8 : 8 = 0.3219
  -- 8 : 9 = 0.3782
  -- 9 : 1 = 0.8924
  -- 9 : 2 = 0.9897
  -- 9 : 3 = 0.901
  -- 9 : 4 = 0.9785
  -- 9 : 5 = 0.8575
  -- 9 : 6 = 0.6112
  -- 9 : 7 = 0.874
  -- 9 : 8 = 0.68
  -- 9 : 9 = 0.51
  -- 10 : 1 = 0.2027
  -- 10 : 2 = 0.5432
  -- 10 : 3 = 0.6833
  -- 10 : 4 = 0.6102
  -- 10 : 5 = 0.93
  -- 10 : 6 = 0.9877
  -- 10 : 7 = 0.554
  -- 10 : 8 = 0.4132
  -- 10 : 9 = 0.7481
  Inner Net 2
  -- 1 : 1 = 0.1063
  -- 1 : 2 = 0.4418
  -- 2 : 1 = -0.170423
  -- 2 : 2 = -0.2294
  -- 3 : 1 = -0.00421887
  -- 3 : 2 = 0.1688
  -- 4 : 1 = 0.1824
  -- 4 : 2 = -0.053
  -- 5 : 1 = -0.2123
  -- 5 : 2 = 0.1884
  -- 6 : 1 = 0.3686
  -- 6 : 2 = -0.1946
  -- 7 : 1 = -0.1736
  -- 7 : 2 = -0.0001
  -- 8 : 1 = -0.0504
  -- 8 : 2 = 0.2818
  -- 9 : 1 = -0.133691
  -- 9 : 2 = 0.00563609
Out\Act	False		True
False	0.84198	0	0.84198
True	0.15802	0	0.15802
	1	0
	Accuracy [ (tp + tn) / testSize ]: 0.84198
	Precision [ tp / (tp + fp) ]:      0
	Sensitivity [ tp / (tp + fn) ]:    0
	Specificity [ tn / (tn + fp) ]:    0.999435
	F-Score [ 2tp / (2tp + fp + fn) ]: 0
Particle (0):: Fit: 182.522	PB: 182.522	LB: 182.522	GB: 182.522	Conf: 1.84914	Pts: 170198
Particle (1):: Fit: 166.154	PB: 166.154	LB: 182.522	GB: 182.522	Conf: 1.98025	Pts: 60198
Particle (2):: Fit: 141.97	PB: 141.97	LB: 182.522	GB: 182.522	Conf: 1.03034	Pts: 115198
Particle (4):: Fit: 76.3421	PB: 76.3421	LB: 182.522	GB: 182.522	Conf: 0.499731	Pts: 55197
Particle (5):: Fit: 162.56	PB: 162.56	LB: 166.154	GB: 182.522	Conf: 1.76318	Pts: 85198
Particle (6):: Fit: 88.4824	PB: 88.4824	LB: 162.56	GB: 182.522	Conf: 2	Pts: 55198
Particle (7):: Fit: 178.135	PB: 178.135	LB: 178.135	GB: 182.522	Conf: 1.79136	Pts: 90198
Particle (8):: Fit: 80.8352	PB: 80.8352	LB: 178.135	GB: 182.522	Conf: 2	Pts: 60198
Particle (10):: Fit: 82.7543	PB: 82.7543	LB: 178.135	GB: 182.522	Conf: 1.94826	Pts: 55198
Particle (12):: Fit: 160.815	PB: 160.815	LB: 160.815	GB: 182.522	Conf: 1.05413	Pts: 135198
Particle (15):: Fit: 77.9499	PB: 77.9499	LB: 160.815	GB: 182.522	Conf: 2	Pts: 55198
Particle (18):: Fit: 84.667	PB: 84.667	LB: 146.165	GB: 182.522	Conf: 2	Pts: 55198
Particle (19):: Fit: 91.334	PB: 91.334	LB: 146.165	GB: 182.522	Conf: 2	Pts: 80198
Particle (20):: Fit: 93.2307	PB: 93.2307	LB: 146.165	GB: 182.522	Conf: 2	Pts: 55198
Particle (23):: Fit: 80.8578	PB: 80.8578	LB: 146.165	GB: 182.522	Conf: 1.96692	Pts: 55198
Particle (27):: Fit: 81.3769	PB: 81.3769	LB: 86.5766	GB: 182.522	Conf: 1.98912	Pts: 55198
Particle (31):: Fit: 177.717	PB: 177.717	LB: 177.717	GB: 182.522	Conf: 1.98605	Pts: 105198
Particle (37):: Fit: 122.415	PB: 122.415	LB: 166.483	GB: 182.522	Conf: 1.52659	Pts: 55198
Particle (38):: Fit: 81.7948	PB: 81.7948	LB: 152.593	GB: 182.522	Conf: 2	Pts: 60198
Particle (40):: Fit: 81.8325	PB: 81.8325	LB: 175.922	GB: 182.522	Conf: 1.97989	Pts: 55198
Particle (41):: Fit: 76.9858	PB: 76.9858	LB: 175.922	GB: 182.522	Conf: 2	Pts: 55198
Particle (42):: Fit: 82.7722	PB: 82.7722	LB: 175.922	GB: 182.522	Conf: 1.98873	Pts: 55198
Particle (43):: Fit: 102.634	PB: 102.634	LB: 175.922	GB: 182.522	Conf: 0.846517	Pts: 50198
Particle (47):: Fit: 166.492	PB: 166.492	LB: 182.522	GB: 182.522	Conf: 1.93739	Pts: 60198
Particle (48):: Fit: 83.8298	PB: 83.8298	LB: 182.522	GB: 182.522	Conf: 0.990861	Pts: 50198
Particle (49):: Fit: 161.68	PB: 161.68	LB: 182.522	GB: 182.522	Conf: 1.94804	Pts: 60198
Global: 182.522 - Correct: 46% of 100 tests
Global Best: 
  Inner Net 1
  -- 1 : 1 = 0.7867
  -- 1 : 2 = 0.6767
  -- 1 : 3 = 0.4058
  -- 1 : 4 = 0.1428
  -- 1 : 5 = 0.0488
  -- 1 : 6 = 0.6098
  -- 1 : 7 = 0.8552
  -- 1 : 8 = 0.91
  -- 1 : 9 = 0.6045
  -- 2 : 1 = 0.9937
  -- 2 : 2 = 0.3439
  -- 2 : 3 = 0.6772
  -- 2 : 4 = 0.5833
  -- 2 : 5 = 0.5679
  -- 2 : 6 = 0.8187
  -- 2 : 7 = 0.3021
  -- 2 : 8 = 0.2795
  -- 2 : 9 = 0.0401
  -- 3 : 1 = 0.131
  -- 3 : 2 = 0.2396
  -- 3 : 3 = 0.6789
  -- 3 : 4 = 0.1472
  -- 3 : 5 = 0.9466
  -- 3 : 6 = 0.0365
  -- 3 : 7 = 0.7456
  -- 3 : 8 = 0.2673
  -- 3 : 9 = 0.9761
  -- 4 : 1 = 0.6202
  -- 4 : 2 = 0.9441
  -- 4 : 3 = 0.9687
  -- 4 : 4 = 0.1435
  -- 4 : 5 = 0.0333
  -- 4 : 6 = 0.8506
  -- 4 : 7 = 0.7718
  -- 4 : 8 = 0.6248
  -- 4 : 9 = 0.7715
  -- 5 : 1 = 0.4196
  -- 5 : 2 = 0.2971
  -- 5 : 3 = 0.239
  -- 5 : 4 = 0.8689
  -- 5 : 5 = 0.5435
  -- 5 : 6 = 0.6715
  -- 5 : 7 = 0.1061
  -- 5 : 8 = 0.8875
  -- 5 : 9 = 0.705
  -- 6 : 1 = 0.4297
  -- 6 : 2 = 0.8217
  -- 6 : 3 = 0.1234
  -- 6 : 4 = 0.5561
  -- 6 : 5 = 0.5068
  -- 6 : 6 = 0.3136
  -- 6 : 7 = 0.2958
  -- 6 : 8 = 0.4724
  -- 6 : 9 = 0.664
  -- 7 : 1 = 0.4421
  -- 7 : 2 = 0.4765
  -- 7 : 3 = 0.963
  -- 7 : 4 = 0.2219
  -- 7 : 5 = 0.402
  -- 7 : 6 = 0.6955
  -- 7 : 7 = 0.0278
  -- 7 : 8 = 0.2291
  -- 7 : 9 = 0.7118
  -- 8 : 1 = 0.8114
  -- 8 : 2 = 0.7449
  -- 8 : 3 = 0.3231
  -- 8 : 4 = 0.0175
  -- 8 : 5 = 0.6355
  -- 8 : 6 = 0.1352
  -- 8 : 7 = 0.0731
  -- 8 : 8 = 0.4959
  -- 8 : 9 = 0.2374
  -- 9 : 1 = 0.2747
  -- 9 : 2 = 0.848
  -- 9 : 3 = 0.8534
  -- 9 : 4 = 0.6351
  -- 9 : 5 = 0.0133
  -- 9 : 6 = 0.8899
  -- 9 : 7 = 0.1076
  -- 9 : 8 = 0.6914
  -- 9 : 9 = 0.2538
  -- 10 : 1 = 0.7901
  -- 10 : 2 = 0.0832
  -- 10 : 3 = 0.4807
  -- 10 : 4 = 0.8719
  -- 10 : 5 = 0.1723
  -- 10 : 6 = 0.1502
  -- 10 : 7 = 0.9937
  -- 10 : 8 = 0.6337
  -- 10 : 9 = 0.9942
  Inner Net 2
  -- 1 : 1 = 0.422379
  -- 1 : 2 = -0.0036
  -- 2 : 1 = -0.6119
  -- 2 : 2 = 0.00741386
  -- 3 : 1 = -0.0390325
  -- 3 : 2 = -0.1771
  -- 4 : 1 = -0.384716
  -- 4 : 2 = -0.2606
  -- 5 : 1 = -0.312425
  -- 5 : 2 = 0.0635341
  -- 6 : 1 = -0.375735
  -- 6 : 2 = -0.129153
  -- 7 : 1 = -0.0725
  -- 7 : 2 = -0.485614
  -- 8 : 1 = -0.4028
  -- 8 : 2 = -0.188797
  -- 9 : 1 = -0.1988
  -- 9 : 2 = -0.317183
Out\Act	False		True
False	0.84198	0	0.84198
True	0.15802	0	0.15802
	1	0
	Accuracy [ (tp + tn) / testSize ]: 0.84198
	Precision [ tp / (tp + fp) ]:      0
	Sensitivity [ tp / (tp + fn) ]:    0
	Specificity [ tn / (tn + fp) ]:    0.999435
	F-Score [ 2tp / (2tp + fp + fn) ]: 0
Particle (5):: Fit: 164.619	PB: 164.619	LB: 178.135	GB: 182.522	Conf: 1.7543	Pts: 85297
Particle (14):: Fit: 80.9261	PB: 80.9261	LB: 160.815	GB: 182.522	Conf: 1.94575	Pts: 55197
Particle (15):: Fit: 87.53	PB: 87.53	LB: 160.815	GB: 182.522	Conf: 2	Pts: 55297
Particle (16):: Fit: 82.7532	PB: 82.7532	LB: 160.815	GB: 182.522	Conf: 2	Pts: 65197
Particle (25):: Fit: 77.9499	PB: 77.9499	LB: 146.165	GB: 182.522	Conf: 2	Pts: 55197
Particle (28):: Fit: 173.883	PB: 173.883	LB: 177.717	GB: 182.522	Conf: 1.98708	Pts: 85197
Particle (29):: Fit: 81.0585	PB: 81.0585	LB: 177.717	GB: 182.522	Conf: 0.922185	Pts: 55196
Particle (32):: Fit: 166.073	PB: 166.073	LB: 177.717	GB: 182.522	Conf: 1.96032	Pts: 60197
Particle (33):: Fit: 179.635	PB: 179.635	LB: 179.635	GB: 182.522	Conf: 1.98758	Pts: 160197
Particle (37):: Fit: 126.857	PB: 126.857	LB: 179.635	GB: 182.522	Conf: 1.48042	Pts: 55297
Particle (40):: Fit: 84.6868	PB: 84.6868	LB: 175.922	GB: 182.522	Conf: 1.98964	Pts: 55297
Particle (41):: Fit: 90.3844	PB: 90.3844	LB: 175.922	GB: 182.522	Conf: 2	Pts: 55297
Particle (46):: Fit: 133.309	PB: 133.309	LB: 182.522	GB: 182.522	Conf: 1.92632	Pts: 50197
Particle (48):: Fit: 145.127	PB: 145.127	LB: 182.522	GB: 182.522	Conf: 0.968324	Pts: 50297
Particle (49):: Fit: 161.763	PB: 161.763	LB: 182.522	GB: 182.522	Conf: 1.92411	Pts: 60297
Particle (3):: Fit: 164.106	PB: 164.106	LB: 182.522	GB: 182.522	Conf: 1.96178	Pts: 55196
Particle (4):: Fit: 109.724	PB: 109.724	LB: 182.522	GB: 182.522	Conf: 0.347873	Pts: 55295
Particle (5):: Fit: 170.695	PB: 170.695	LB: 178.135	GB: 182.522	Conf: 1.84078	Pts: 85396
Particle (14):: Fit: 160.495	PB: 160.495	LB: 160.815	GB: 182.522	Conf: 1.94613	Pts: 65296
Particle (22):: Fit: 163.484	PB: 163.484	LB: 163.484	GB: 182.522	Conf: 1.77406	Pts: 125196
Particle (29):: Fit: 81.8125	PB: 81.8125	LB: 179.635	GB: 182.522	Conf: 0.00870794	Pts: 55295
Particle (30):: Fit: 82.7532	PB: 82.7532	LB: 179.635	GB: 182.522	Conf: 2	Pts: 60196
Particle (35):: Fit: 148.836	PB: 148.836	LB: 179.635	GB: 182.522	Conf: 1.17299	Pts: 55196
Particle (36):: Fit: 153.648	PB: 153.648	LB: 179.635	GB: 182.522	Conf: 1.83119	Pts: 70196
Particle (43):: Fit: 168.439	PB: 168.439	LB: 175.922	GB: 182.522	Conf: 0.583568	Pts: 60296
Particle (44):: Fit: 79.8746	PB: 79.8746	LB: 175.922	GB: 182.522	Conf: 2	Pts: 50196
Particle (45):: Fit: 177.422	PB: 177.422	LB: 182.522	GB: 182.522	Conf: 1.81272	Pts: 135196
Particle (46):: Fit: 170.414	PB: 170.414	LB: 182.522	GB: 182.522	Conf: 1.95221	Pts: 50296
Particle (49):: Fit: 170.402	PB: 170.402	LB: 182.522	GB: 182.522	Conf: 1.94777	Pts: 60396
Particle (2):: Fit: 149.353	PB: 149.353	LB: 182.522	GB: 182.522	Conf: 1.11458	Pts: 115295
Particle (8):: Fit: 88.4824	PB: 88.4824	LB: 178.135	GB: 182.522	Conf: 2	Pts: 60295
Particle (17):: Fit: 82.7532	PB: 82.7532	LB: 163.484	GB: 182.522	Conf: 2	Pts: 55195
Particle (21):: Fit: 154.565	PB: 154.565	LB: 163.484	GB: 182.522	Conf: 1.98752	Pts: 90195
Particle (22):: Fit: 177.404	PB: 177.404	LB: 177.404	GB: 182.522	Conf: 1.84718	Pts: 170295
Particle (25):: Fit: 79.8746	PB: 79.8746	LB: 177.404	GB: 182.522	Conf: 2	Pts: 55295
Particle (27):: Fit: 84.667	PB: 84.667	LB: 177.717	GB: 182.522	Conf: 2	Pts: 55295
Particle (36):: Fit: 154.528	PB: 154.528	LB: 179.635	GB: 182.522	Conf: 1.93946	Pts: 70295
Particle (10):: Fit: 149.046	PB: 149.046	LB: 178.135	GB: 182.522	Conf: 1.94125	Pts: 55294
Particle (22):: Fit: 190.324	PB: 190.324	LB: 190.324	GB: 190.324	Conf: 1.73027	Pts: 230394
Particle (34):: Fit: 161.76	PB: 161.76	LB: 179.635	GB: 190.324	Conf: 0.492885	Pts: 55193
Particle (37):: Fit: 138.767	PB: 138.767	LB: 179.635	GB: 190.324	Conf: 1.55548	Pts: 55394
Particle (39):: Fit: 164.257	PB: 164.257	LB: 168.439	GB: 190.324	Conf: 1.98875	Pts: 65194
Global: 190.324 - Correct: 45% of 100 tests
Global Best: 
  Inner Net 1
  -- 1 : 1 = 0.2041
  -- 1 : 2 = 0.385
  -- 1 : 3 = 0.7388
  -- 1 : 4 = 0.4305
  -- 1 : 5 = 0.8516
  -- 1 : 6 = 0.3036
  -- 1 : 7 = 0.5981
  -- 1 : 8 = 0.5195
  -- 1 : 9 = 0.4498
  -- 2 : 1 = 0.9946
  -- 2 : 2 = 0.9484
  -- 2 : 3 = 0.2197
  -- 2 : 4 = 0.6761
  -- 2 : 5 = 0.2529
  -- 2 : 6 = 0.7312
  -- 2 : 7 = 0.4465
  -- 2 : 8 = 0.1607
  -- 2 : 9 = 0.3594
  -- 3 : 1 = 0.7645
  -- 3 : 2 = 0.1514
  -- 3 : 3 = 0.1731
  -- 3 : 4 = 0.2781
  -- 3 : 5 = 0.1729
  -- 3 : 6 = 0.0783
  -- 3 : 7 = 0.2965
  -- 3 : 8 = 0.6865
  -- 3 : 9 = 0.9855
  -- 4 : 1 = 0.0193
  -- 4 : 2 = 0.7513
  -- 4 : 3 = 0.7095
  -- 4 : 4 = 0.0026
  -- 4 : 5 = 0.4747
  -- 4 : 6 = 0.08
  -- 4 : 7 = 0.2104
  -- 4 : 8 = 0.29
  -- 4 : 9 = 0.5153
  -- 5 : 1 = 0.6248
  -- 5 : 2 = 0.5548
  -- 5 : 3 = 0.5079
  -- 5 : 4 = 0.1628
  -- 5 : 5 = 0.0173
  -- 5 : 6 = 0.0413
  -- 5 : 7 = 0.6484
  -- 5 : 8 = 0.0133
  -- 5 : 9 = 0.9423
  -- 6 : 1 = 0.7435
  -- 6 : 2 = 0.5131
  -- 6 : 3 = 0.064
  -- 6 : 4 = 0.735
  -- 6 : 5 = 0.9138
  -- 6 : 6 = 0.1658
  -- 6 : 7 = 0.9148
  -- 6 : 8 = 0.5635
  -- 6 : 9 = 0.0584
  -- 7 : 1 = 0.5225
  -- 7 : 2 = 0.044
  -- 7 : 3 = 0.2041
  -- 7 : 4 = 0.7467
  -- 7 : 5 = 0.7589
  -- 7 : 6 = 0.02
  -- 7 : 7 = 0.3916
  -- 7 : 8 = 0.9226
  -- 7 : 9 = 0.9755
  -- 8 : 1 = 0.8279
  -- 8 : 2 = 0.0121
  -- 8 : 3 = 0.1043
  -- 8 : 4 = 0.9256
  -- 8 : 5 = 0.2015
  -- 8 : 6 = 0.031
  -- 8 : 7 = 0.1501
  -- 8 : 8 = 0.8255
  -- 8 : 9 = 0.2631
  -- 9 : 1 = 0.6827
  -- 9 : 2 = 0.5127
  -- 9 : 3 = 0.857
  -- 9 : 4 = 0.2556
  -- 9 : 5 = 0.7697
  -- 9 : 6 = 0.9985
  -- 9 : 7 = 0.274
  -- 9 : 8 = 0.8212
  -- 9 : 9 = 0.0442
  -- 10 : 1 = 0.1865
  -- 10 : 2 = 0.0263
  -- 10 : 3 = 0.8415
  -- 10 : 4 = 0.7794
  -- 10 : 5 = 0.8457
  -- 10 : 6 = 0.5089
  -- 10 : 7 = 0.7422
  -- 10 : 8 = 0.3684
  -- 10 : 9 = 0.7806
  Inner Net 2
  -- 1 : 1 = -0.161663
  -- 1 : 2 = -0.169431
  -- 2 : 1 = -0.536697
  -- 2 : 2 = 0.135996
  -- 3 : 1 = 0.316045
  -- 3 : 2 = -0.179496
  -- 4 : 1 = 0.505744
  -- 4 : 2 = -0.19095
  -- 5 : 1 = -0.0831347
  -- 5 : 2 = -0.359846
  -- 6 : 1 = -0.72185
  -- 6 : 2 = -0.449935
  -- 7 : 1 = -0.000932182
  -- 7 : 2 = -0.254304
  -- 8 : 1 = -0.0118938
  -- 8 : 2 = 0.0205
  -- 9 : 1 = -0.12715
  -- 9 : 2 = 0.0614474
Out\Act	False		True
False	0.84198	0	0.84198
True	0.15802	0	0.15802
	1	0
	Accuracy [ (tp + tn) / testSize ]: 0.84198
	Precision [ tp / (tp + fp) ]:      0
	Sensitivity [ tp / (tp + fn) ]:    0
	Specificity [ tn / (tn + fp) ]:    0.999435
	F-Score [ 2tp / (2tp + fp + fn) ]: 0
Particle (10):: Fit: 156.576	PB: 156.576	LB: 178.135	GB: 190.324	Conf: 1.91924	Pts: 55393
Particle (11):: Fit: 145.339	PB: 145.339	LB: 178.135	GB: 190.324	Conf: 1.39499	Pts: 110193
Particle (16):: Fit: 83.7106	PB: 83.7106	LB: 160.815	GB: 190.324	Conf: 2	Pts: 65293
Particle (36):: Fit: 176.585	PB: 176.585	LB: 179.635	GB: 190.324	Conf: 1.93001	Pts: 80393
Particle (44):: Fit: 86.5766	PB: 86.5766	LB: 177.422	GB: 190.324	Conf: 2	Pts: 50293
Particle (47):: Fit: 168.606	PB: 168.606	LB: 182.522	GB: 190.324	Conf: 1.95493	Pts: 60293
Particle (2):: Fit: 151.156	PB: 151.156	LB: 182.522	GB: 190.324	Conf: 1.0567	Pts: 115392
Particle (30):: Fit: 87.53	PB: 87.53	LB: 179.635	GB: 190.324	Conf: 2	Pts: 60292
Particle (38):: Fit: 86.2051	PB: 86.2051	LB: 176.585	GB: 190.324	Conf: 1.98876	Pts: 60292
Particle (45):: Fit: 184.413	PB: 184.413	LB: 184.413	GB: 190.324	Conf: 1.79899	Pts: 185292
Particle (5):: Fit: 188.234	PB: 188.234	LB: 188.234	GB: 190.324	Conf: 1.61958	Pts: 135491
Particle (23):: Fit: 81.8114	PB: 81.8114	LB: 190.324	GB: 190.324	Conf: 1.98625	Pts: 55291
Particle (8):: Fit: 170.022	PB: 170.022	LB: 188.234	GB: 190.324	Conf: 1.9827	Pts: 65389
Particle (27):: Fit: 86.2194	PB: 86.2194	LB: 177.717	GB: 190.324	Conf: 1.98272	Pts: 55390
Particle (32):: Fit: 168.011	PB: 168.011	LB: 179.635	GB: 190.324	Conf: 1.96668	Pts: 60290
Particle (11):: Fit: 146.229	PB: 146.229	LB: 178.135	GB: 190.324	Conf: 1.29054	Pts: 110289
Particle (25):: Fit: 82.7532	PB: 82.7532	LB: 190.324	GB: 190.324	Conf: 2	Pts: 55389
Particle (47):: Fit: 170.557	PB: 170.557	LB: 184.413	GB: 190.324	Conf: 1.95999	Pts: 60389
Particle (13):: Fit: 172.172	PB: 172.172	LB: 172.172	GB: 190.324	Conf: 1.66019	Pts: 135188
Particle (34):: Fit: 165.242	PB: 165.242	LB: 179.635	GB: 190.324	Conf: 0.281005	Pts: 55284
Particle (7):: Fit: 181.013	PB: 181.013	LB: 188.234	GB: 190.324	Conf: 1.84713	Pts: 100287
Particle (9):: Fit: 179.892	PB: 179.892	LB: 188.234	GB: 190.324	Conf: 1.97603	Pts: 95187
Particle (10):: Fit: 164.112	PB: 164.112	LB: 181.013	GB: 190.324	Conf: 1.94066	Pts: 55487
Particle (16):: Fit: 88.4824	PB: 88.4824	LB: 172.172	GB: 190.324	Conf: 2	Pts: 65387
Particle (47):: Fit: 178.35	PB: 178.35	LB: 184.413	GB: 190.324	Conf: 1.93706	Pts: 60487
Particle (2):: Fit: 155.099	PB: 155.099	LB: 188.234	GB: 190.324	Conf: 1.06421	Pts: 115486
Particle (29):: Fit: 86.1294	PB: 86.1294	LB: 179.635	GB: 190.324	Conf: 0.353242	Pts: 55382
Particle (12):: Fit: 161.566	PB: 161.566	LB: 179.892	GB: 190.324	Conf: 1.35301	Pts: 135285
Particle (18):: Fit: 87.53	PB: 87.53	LB: 190.324	GB: 190.324	Conf: 2	Pts: 55285
Particle (23):: Fit: 150.671	PB: 150.671	LB: 190.324	GB: 190.324	Conf: 1.97907	Pts: 55385
Particle (38):: Fit: 164.249	PB: 164.249	LB: 176.585	GB: 190.324	Conf: 1.9851	Pts: 60385
Particle (42):: Fit: 160.177	PB: 160.177	LB: 184.413	GB: 190.324	Conf: 1.94189	Pts: 55285
Particle (49):: Fit: 174.862	PB: 174.862	LB: 184.413	GB: 190.324	Conf: 1.96291	Pts: 60485
Particle (44):: Fit: 87.53	PB: 87.53	LB: 184.413	GB: 190.324	Conf: 2	Pts: 50384
Particle (4):: Fit: 109.728	PB: 109.728	LB: 188.234	GB: 190.324	Conf: 0.353227	Pts: 55380
Particle (7):: Fit: 184.698	PB: 184.698	LB: 188.234	GB: 190.324	Conf: 1.76339	Pts: 110383
Particle (40):: Fit: 166.336	PB: 166.336	LB: 184.413	GB: 190.324	Conf: 1.97821	Pts: 55383
Particle (2):: Fit: 171.443	PB: 171.443	LB: 188.234	GB: 190.324	Conf: 0.779764	Pts: 115582
Particle (12):: Fit: 161.803	PB: 161.803	LB: 179.892	GB: 190.324	Conf: 1.23192	Pts: 135382
Particle (37):: Fit: 158.738	PB: 158.738	LB: 179.635	GB: 190.324	Conf: 1.61225	Pts: 55482
Particle (10):: Fit: 168.012	PB: 168.012	LB: 184.698	GB: 190.324	Conf: 1.93113	Pts: 55581
Particle (48):: Fit: 159.012	PB: 159.012	LB: 184.413	GB: 190.324	Conf: 0.836677	Pts: 50381
Particle (7):: Fit: 185.683	PB: 185.683	LB: 188.234	GB: 190.324	Conf: 1.77275	Pts: 120479
Particle (13):: Fit: 172.312	PB: 172.312	LB: 179.892	GB: 190.324	Conf: 1.59904	Pts: 150279
Particle (14):: Fit: 161.095	PB: 161.095	LB: 172.312	GB: 190.324	Conf: 1.94881	Pts: 65379
Particle (25):: Fit: 85.6223	PB: 85.6223	LB: 190.324	GB: 190.324	Conf: 2	Pts: 55479
Particle (33):: Fit: 187.274	PB: 187.274	LB: 187.274	GB: 190.324	Conf: 1.98726	Pts: 210279
Particle (49):: Fit: 175.708	PB: 175.708	LB: 184.413	GB: 190.324	Conf: 1.897	Pts: 60579
Particle (13):: Fit: 174.357	PB: 174.357	LB: 179.892	GB: 190.324	Conf: 1.54276	Pts: 165378
Particle (12):: Fit: 172.45	PB: 172.45	LB: 179.892	GB: 190.324	Conf: 1.41578	Pts: 135476
Particle (27):: Fit: 88.4824	PB: 88.4824	LB: 177.717	GB: 190.324	Conf: 2	Pts: 55476
Particle (45):: Fit: 185.281	PB: 185.281	LB: 185.281	GB: 190.324	Conf: 1.79752	Pts: 235376
Particle (49):: Fit: 178.518	PB: 178.518	LB: 185.281	GB: 190.324	Conf: 1.97666	Pts: 60675
Particle (1):: Fit: 170.934	PB: 170.934	LB: 188.234	GB: 190.324	Conf: 1.94218	Pts: 60274
Particle (4):: Fit: 124.146	PB: 124.146	LB: 188.234	GB: 190.324	Conf: 0.089142	Pts: 55469
Particle (10):: Fit: 168.601	PB: 168.601	LB: 185.683	GB: 190.324	Conf: 1.9587	Pts: 55674
Particle (17):: Fit: 84.667	PB: 84.667	LB: 190.324	GB: 190.324	Conf: 2	Pts: 55274
Particle (32):: Fit: 193.151	PB: 193.151	LB: 193.151	GB: 193.151	Conf: 1.90132	Pts: 120374
Global: 193.151 - Correct: 33% of 100 tests
Global Best: 
  Inner Net 1
  -- 1 : 1 = 0.6947
  -- 1 : 2 = 0.2748
  -- 1 : 3 = 0.3219
  -- 1 : 4 = 0.5903
  -- 1 : 5 = 0.711
  -- 1 : 6 = 0.1277
  -- 1 : 7 = 0.7858
  -- 1 : 8 = 0.8211
  -- 1 : 9 = 0.9078
  -- 2 : 1 = 0.2156
  -- 2 : 2 = 0.5132
  -- 2 : 3 = 0.2675
  -- 2 : 4 = 0.8778
  -- 2 : 5 = 0.3905
  -- 2 : 6 = 0.6772
  -- 2 : 7 = 0.9047
  -- 2 : 8 = 0.1899
  -- 2 : 9 = 0.5033
  -- 3 : 1 = 0.3269
  -- 3 : 2 = 0.1597
  -- 3 : 3 = 0.2016
  -- 3 : 4 = 0.9093
  -- 3 : 5 = 0.3464
  -- 3 : 6 = 0.2744
  -- 3 : 7 = 0.3116
  -- 3 : 8 = 0.8019
  -- 3 : 9 = 0.6728
  -- 4 : 1 = 0.062
  -- 4 : 2 = 0.8923
  -- 4 : 3 = 0.8845
  -- 4 : 4 = 0.0676
  -- 4 : 5 = 0.4024
  -- 4 : 6 = 0.0184
  -- 4 : 7 = 0.9617
  -- 4 : 8 = 0.4196
  -- 4 : 9 = 0.3874
  -- 5 : 1 = 0.9299
  -- 5 : 2 = 0.0402
  -- 5 : 3 = 0.1856
  -- 5 : 4 = 0.9353
  -- 5 : 5 = 0.325
  -- 5 : 6 = 0.4572
  -- 5 : 7 = 0.419
  -- 5 : 8 = 0.2023
  -- 5 : 9 = 0.6373
  -- 6 : 1 = 0.5661
  -- 6 : 2 = 0.8874
  -- 6 : 3 = 0.7653
  -- 6 : 4 = 0.643
  -- 6 : 5 = 0.6194
  -- 6 : 6 = 0.4699
  -- 6 : 7 = 0.2244
  -- 6 : 8 = 0.5777
  -- 6 : 9 = 0.0864
  -- 7 : 1 = 0.1907
  -- 7 : 2 = 0.0633
  -- 7 : 3 = 0.2344
  -- 7 : 4 = 0.1701
  -- 7 : 5 = 0.5014
  -- 7 : 6 = 0.9993
  -- 7 : 7 = 0.1162
  -- 7 : 8 = 0.8669
  -- 7 : 9 = 0.2575
  -- 8 : 1 = 0.8918
  -- 8 : 2 = 0.2653
  -- 8 : 3 = 0.4425
  -- 8 : 4 = 0.0176
  -- 8 : 5 = 0.0568
  -- 8 : 6 = 0.8601
  -- 8 : 7 = 0.2189
  -- 8 : 8 = 0.6489
  -- 8 : 9 = 0.3343
  -- 9 : 1 = 0.8015
  -- 9 : 2 = 0.8425
  -- 9 : 3 = 0.2683
  -- 9 : 4 = 0.5223
  -- 9 : 5 = 0.209
  -- 9 : 6 = 0.4634
  -- 9 : 7 = 0.0109
  -- 9 : 8 = 0.9277
  -- 9 : 9 = 0.4053
  -- 10 : 1 = 0.3346
  -- 10 : 2 = 0.9598
  -- 10 : 3 = 0.3074
  -- 10 : 4 = 0.7214
  -- 10 : 5 = 0.3238
  -- 10 : 6 = 0.318
  -- 10 : 7 = 0.3342
  -- 10 : 8 = 0.2265
  -- 10 : 9 = 0.8918
  Inner Net 2
  -- 1 : 1 = 0.69844
  -- 1 : 2 = 0.0790334
  -- 2 : 1 = -0.46176
  -- 2 : 2 = -0.247305
  -- 3 : 1 = 0.158928
  -- 3 : 2 = -0.250063
  -- 4 : 1 = 0.217201
  -- 4 : 2 = -0.253815
  -- 5 : 1 = 0.13023
  -- 5 : 2 = 0.188759
  -- 6 : 1 = 0.458334
  -- 6 : 2 = -0.107039
  -- 7 : 1 = -0.399554
  -- 7 : 2 = -0.20697
  -- 8 : 1 = 0.100767
  -- 8 : 2 = -0.00191462
  -- 9 : 1 = 0.607084
  -- 9 : 2 = -0.128296
Out\Act	False		True
False	0.84198	0	0.84198
True	0.15802	0	0.15802
	1	0
	Accuracy [ (tp + tn) / testSize ]: 0.84198
	Precision [ tp / (tp + fp) ]:      0
	Sensitivity [ tp / (tp + fn) ]:    0
	Specificity [ tn / (tn + fp) ]:    0.999435
	F-Score [ 2tp / (2tp + fp + fn) ]: 0
Particle (29):: Fit: 87.1811	PB: 87.1811	LB: 193.151	GB: 193.151	Conf: 0.62531	Pts: 55463
Particle (39):: Fit: 181.521	PB: 181.521	LB: 181.521	GB: 193.151	Conf: 1.98146	Pts: 75272
Particle (27):: Fit: 170.042	PB: 170.042	LB: 193.151	GB: 193.151	Conf: 1.98916	Pts: 55571
Particle (15):: Fit: 89.4338	PB: 89.4338	LB: 174.357	GB: 193.151	Conf: 2	Pts: 55370
Particle (35):: Fit: 148.866	PB: 148.866	LB: 193.151	GB: 193.151	Conf: 1.48253	Pts: 55270
Particle (13):: Fit: 182.904	PB: 182.904	LB: 182.904	GB: 193.151	Conf: 1.6381	Pts: 190469
Particle (25):: Fit: 179.637	PB: 179.637	LB: 190.324	GB: 193.151	Conf: 1.98883	Pts: 55569
Particle (35):: Fit: 151.02	PB: 151.02	LB: 193.151	GB: 193.151	Conf: 1.30857	Pts: 55369
Particle (8):: Fit: 177.723	PB: 177.723	LB: 188.234	GB: 193.151	Conf: 1.98991	Pts: 65467
Particle (28):: Fit: 179.879	PB: 179.879	LB: 193.151	GB: 193.151	Conf: 1.97997	Pts: 85268
Particle (42):: Fit: 166.179	PB: 166.179	LB: 185.281	GB: 193.151	Conf: 1.985	Pts: 55366
Particle (47):: Fit: 181.739	PB: 181.739	LB: 185.281	GB: 193.151	Conf: 1.96847	Pts: 60566
Particle (16):: Fit: 93.2307	PB: 93.2307	LB: 182.904	GB: 193.151	Conf: 2	Pts: 65464
Particle (34):: Fit: 168.456	PB: 168.456	LB: 193.151	GB: 193.151	Conf: 0.72214	Pts: 55357
Particle (35):: Fit: 162.706	PB: 162.706	LB: 193.151	GB: 193.151	Conf: 1.27268	Pts: 55462
Particle (15):: Fit: 168.116	PB: 168.116	LB: 182.904	GB: 193.151	Conf: 1.98983	Pts: 55461
Particle (26):: Fit: 84.1814	PB: 84.1814	LB: 190.324	GB: 193.151	Conf: 0.754643	Pts: 60152
Particle (12):: Fit: 188.77	PB: 188.77	LB: 188.77	GB: 193.151	Conf: 1.26526	Pts: 185560
Particle (10):: Fit: 177.773	PB: 177.773	LB: 188.77	GB: 193.151	Conf: 1.96408	Pts: 55758
Particle (14):: Fit: 172.386	PB: 172.386	LB: 188.77	GB: 193.151	Conf: 1.93335	Pts: 65458
Particle (23):: Fit: 160.184	PB: 160.184	LB: 190.324	GB: 193.151	Conf: 1.95248	Pts: 55458
Particle (11):: Fit: 148.024	PB: 148.024	LB: 188.77	GB: 193.151	Conf: 1.42881	Pts: 110356
Particle (1):: Fit: 177.718	PB: 177.718	LB: 188.234	GB: 193.151	Conf: 1.98647	Pts: 60354
Particle (36):: Fit: 180.018	PB: 180.018	LB: 193.151	GB: 193.151	Conf: 1.93912	Pts: 80453
Particle (28):: Fit: 180.441	PB: 180.441	LB: 193.151	GB: 193.151	Conf: 1.97983	Pts: 85352
Particle (3):: Fit: 166.345	PB: 166.345	LB: 188.234	GB: 193.151	Conf: 1.97421	Pts: 55250
Particle (32):: Fit: 193.332	PB: 193.332	LB: 193.332	GB: 193.332	Conf: 1.96847	Pts: 180450
Particle (36):: Fit: 196.379	PB: 196.379	LB: 196.379	GB: 196.379	Conf: 1.93736	Pts: 140550
Global: 196.379 - Correct: 41% of 100 tests
Global Best: 
  Inner Net 1
  -- 1 : 1 = 0.1116
  -- 1 : 2 = 0.0222
  -- 1 : 3 = 0.0261
  -- 1 : 4 = 0.6107
  -- 1 : 5 = 0.6536
  -- 1 : 6 = 0.0335
  -- 1 : 7 = 0.8004
  -- 1 : 8 = 0.1226
  -- 1 : 9 = 0.0051
  -- 2 : 1 = 0.3834
  -- 2 : 2 = 0.6453
  -- 2 : 3 = 0.3955
  -- 2 : 4 = 0.0586
  -- 2 : 5 = 0.6964
  -- 2 : 6 = 0.4984
  -- 2 : 7 = 0.392
  -- 2 : 8 = 0.3259
  -- 2 : 9 = 0.1173
  -- 3 : 1 = 0.9529
  -- 3 : 2 = 0.997
  -- 3 : 3 = 0.8615
  -- 3 : 4 = 0.4138
  -- 3 : 5 = 0.7823
  -- 3 : 6 = 0.1281
  -- 3 : 7 = 0.3894
  -- 3 : 8 = 0.881
  -- 3 : 9 = 0.4452
  -- 4 : 1 = 0.3553
  -- 4 : 2 = 0.2956
  -- 4 : 3 = 0.1132
  -- 4 : 4 = 0.9255
  -- 4 : 5 = 0.2181
  -- 4 : 6 = 0.2603
  -- 4 : 7 = 0.6855
  -- 4 : 8 = 0.6894
  -- 4 : 9 = 0.9064
  -- 5 : 1 = 0.4521
  -- 5 : 2 = 0.6425
  -- 5 : 3 = 0.2511
  -- 5 : 4 = 0.8314
  -- 5 : 5 = 0.0132
  -- 5 : 6 = 0.8988
  -- 5 : 7 = 0.5905
  -- 5 : 8 = 0.5223
  -- 5 : 9 = 0.2035
  -- 6 : 1 = 0.2774
  -- 6 : 2 = 0.2542
  -- 6 : 3 = 0.9471
  -- 6 : 4 = 0.7022
  -- 6 : 5 = 0.2752
  -- 6 : 6 = 0.4748
  -- 6 : 7 = 0.4577
  -- 6 : 8 = 0.5585
  -- 6 : 9 = 0.0393
  -- 7 : 1 = 0.7709
  -- 7 : 2 = 0.5689
  -- 7 : 3 = 0.9948
  -- 7 : 4 = 0.0539
  -- 7 : 5 = 0.6227
  -- 7 : 6 = 0.5548
  -- 7 : 7 = 0.4047
  -- 7 : 8 = 0.5311
  -- 7 : 9 = 0.3656
  -- 8 : 1 = 0.0721
  -- 8 : 2 = 0.8533
  -- 8 : 3 = 0.9149
  -- 8 : 4 = 0.6173
  -- 8 : 5 = 0.1795
  -- 8 : 6 = 0.299
  -- 8 : 7 = 0.0119
  -- 8 : 8 = 0.9809
  -- 8 : 9 = 0.9604
  -- 9 : 1 = 0.541
  -- 9 : 2 = 0.1286
  -- 9 : 3 = 0.3573
  -- 9 : 4 = 0.906
  -- 9 : 5 = 0.6898
  -- 9 : 6 = 0.498
  -- 9 : 7 = 0.8669
  -- 9 : 8 = 0.0323
  -- 9 : 9 = 0.0161
  -- 10 : 1 = 0.2684
  -- 10 : 2 = 0.2873
  -- 10 : 3 = 0.0579
  -- 10 : 4 = 0.9731
  -- 10 : 5 = 0.1039
  -- 10 : 6 = 0.6661
  -- 10 : 7 = 0.4033
  -- 10 : 8 = 0.418
  -- 10 : 9 = 0.1801
  Inner Net 2
  -- 1 : 1 = 0.140952
  -- 1 : 2 = 0.0933887
  -- 2 : 1 = -0.414056
  -- 2 : 2 = -0.146856
  -- 3 : 1 = -0.0302155
  -- 3 : 2 = 0.329884
  -- 4 : 1 = -0.0311669
  -- 4 : 2 = 0.0782339
  -- 5 : 1 = -0.4476
  -- 5 : 2 = 0.0991401
  -- 6 : 1 = 0.403544
  -- 6 : 2 = 0.102028
  -- 7 : 1 = -0.322852
  -- 7 : 2 = 0.0475947
  -- 8 : 1 = 0.11333
  -- 8 : 2 = -0.157557
  -- 9 : 1 = 0.166267
  -- 9 : 2 = -0.135194
Out\Act	False		True
False	0.84198	0	0.84198
True	0.15802	0	0.15802
	1	0
	Accuracy [ (tp + tn) / testSize ]: 0.84198
	Precision [ tp / (tp + fp) ]:      0
	Sensitivity [ tp / (tp + fn) ]:    0
	Specificity [ tn / (tn + fp) ]:    0.999435
	F-Score [ 2tp / (2tp + fp + fn) ]: 0
Particle (10):: Fit: 182.598	PB: 182.598	LB: 188.77	GB: 196.379	Conf: 1.96943	Pts: 55848
Particle (26):: Fit: 85.0053	PB: 85.0053	LB: 190.324	GB: 196.379	Conf: 0.947028	Pts: 60237
Particle (48):: Fit: 167.059	PB: 167.059	LB: 185.281	GB: 196.379	Conf: 0.724235	Pts: 50445
Particle (49):: Fit: 179.811	PB: 179.811	LB: 185.281	GB: 196.379	Conf: 1.9261	Pts: 60744
Particle (35):: Fit: 173.281	PB: 173.281	LB: 196.379	GB: 196.379	Conf: 1.29666	Pts: 55542
Particle (37):: Fit: 174.058	PB: 174.058	LB: 196.379	GB: 196.379	Conf: 1.14868	Pts: 55538
Particle (10):: Fit: 182.966	PB: 182.966	LB: 188.77	GB: 196.379	Conf: 1.92555	Pts: 55935
Particle (18):: Fit: 88.4824	PB: 88.4824	LB: 190.324	GB: 196.379	Conf: 2	Pts: 55334
Particle (45):: Fit: 185.64	PB: 185.64	LB: 185.64	GB: 196.379	Conf: 1.75684	Pts: 280432
Particle (49):: Fit: 185.145	PB: 185.145	LB: 185.64	GB: 196.379	Conf: 1.84843	Pts: 60826
Particle (11):: Fit: 170.54	PB: 170.54	LB: 188.77	GB: 196.379	Conf: 1.10414	Pts: 110420
Particle (43):: Fit: 169	PB: 169	LB: 185.64	GB: 196.379	Conf: 0.63005	Pts: 60318
Particle (2):: Fit: 171.949	PB: 171.949	LB: 188.234	GB: 196.379	Conf: 0.767155	Pts: 115616
Particle (28):: Fit: 182.356	PB: 182.356	LB: 193.332	GB: 196.379	Conf: 1.97517	Pts: 85416
Particle (29):: Fit: 89.1491	PB: 89.1491	LB: 193.332	GB: 196.379	Conf: 0.579809	Pts: 55488
Particle (37):: Fit: 177.999	PB: 177.999	LB: 196.379	GB: 196.379	Conf: 0.992144	Pts: 55616
Particle (46):: Fit: 170.422	PB: 170.422	LB: 185.64	GB: 196.379	Conf: 1.94816	Pts: 50311
Particle (4):: Fit: 129.567	PB: 129.567	LB: 188.234	GB: 196.379	Conf: 0.993865	Pts: 55493
Particle (7):: Fit: 186.331	PB: 186.331	LB: 188.77	GB: 196.379	Conf: 1.7704	Pts: 120507
Particle (15):: Fit: 177.718	PB: 177.718	LB: 188.77	GB: 196.379	Conf: 1.98636	Pts: 55503
Particle (21):: Fit: 160.389	PB: 160.389	LB: 190.324	GB: 196.379	Conf: 1.9895	Pts: 90203
Particle (47):: Fit: 197.069	PB: 197.069	LB: 197.069	GB: 197.069	Conf: 1.96555	Pts: 120603
Global: 197.069 - Correct: 38% of 100 tests
Global Best: 
  Inner Net 1
  -- 1 : 1 = 0.1226
  -- 1 : 2 = 0.321
  -- 1 : 3 = 0.9672
  -- 1 : 4 = 0.6451
  -- 1 : 5 = 0.253
  -- 1 : 6 = 0.7763
  -- 1 : 7 = 0.818
  -- 1 : 8 = 0.1984
  -- 1 : 9 = 0.4963
  -- 2 : 1 = 0.9063
  -- 2 : 2 = 0.3269
  -- 2 : 3 = 0.3437
  -- 2 : 4 = 0.1277
  -- 2 : 5 = 0.2389
  -- 2 : 6 = 0.7911
  -- 2 : 7 = 0.1652
  -- 2 : 8 = 0.4803
  -- 2 : 9 = 0.8885
  -- 3 : 1 = 0.8612
  -- 3 : 2 = 0.047
  -- 3 : 3 = 0.603
  -- 3 : 4 = 0.6792
  -- 3 : 5 = 0.8791
  -- 3 : 6 = 0.7747
  -- 3 : 7 = 0.1749
  -- 3 : 8 = 0.2319
  -- 3 : 9 = 0.8801
  -- 4 : 1 = 0.8936
  -- 4 : 2 = 0.4139
  -- 4 : 3 = 0.7355
  -- 4 : 4 = 0.9596
  -- 4 : 5 = 0.4024
  -- 4 : 6 = 0.8314
  -- 4 : 7 = 0.6661
  -- 4 : 8 = 0.0847
  -- 4 : 9 = 0.0046
  -- 5 : 1 = 0.2479
  -- 5 : 2 = 0.2992
  -- 5 : 3 = 0.3457
  -- 5 : 4 = 0.3793
  -- 5 : 5 = 0.5205
  -- 5 : 6 = 0.3404
  -- 5 : 7 = 0.1569
  -- 5 : 8 = 0.8201
  -- 5 : 9 = 0.7991
  -- 6 : 1 = 0.9499
  -- 6 : 2 = 0.1861
  -- 6 : 3 = 0.917
  -- 6 : 4 = 0.4656
  -- 6 : 5 = 0.1641
  -- 6 : 6 = 0.6305
  -- 6 : 7 = 0.5678
  -- 6 : 8 = 0.7637
  -- 6 : 9 = 0.9256
  -- 7 : 1 = 0.1275
  -- 7 : 2 = 0.9504
  -- 7 : 3 = 0.5302
  -- 7 : 4 = 0.1737
  -- 7 : 5 = 0.9613
  -- 7 : 6 = 0.1862
  -- 7 : 7 = 0.4368
  -- 7 : 8 = 0.269
  -- 7 : 9 = 0.1946
  -- 8 : 1 = 0.8198
  -- 8 : 2 = 0.0934
  -- 8 : 3 = 0.5228
  -- 8 : 4 = 0.9397
  -- 8 : 5 = 0.5053
  -- 8 : 6 = 0.2498
  -- 8 : 7 = 0.7244
  -- 8 : 8 = 0.7806
  -- 8 : 9 = 0.9331
  -- 9 : 1 = 0.1878
  -- 9 : 2 = 0.4981
  -- 9 : 3 = 0.7502
  -- 9 : 4 = 0.9891
  -- 9 : 5 = 0.0168
  -- 9 : 6 = 0.4268
  -- 9 : 7 = 0.0069
  -- 9 : 8 = 0.4986
  -- 9 : 9 = 0.0862
  -- 10 : 1 = 0.3916
  -- 10 : 2 = 0.5874
  -- 10 : 3 = 0.7358
  -- 10 : 4 = 0.7381
  -- 10 : 5 = 0.0635
  -- 10 : 6 = 0.8099
  -- 10 : 7 = 0.6049
  -- 10 : 8 = 0.7049
  -- 10 : 9 = 0.1661
  Inner Net 2
  -- 1 : 1 = -0.720046
  -- 1 : 2 = -0.0389118
  -- 2 : 1 = -0.704243
  -- 2 : 2 = 0.00413349
  -- 3 : 1 = -0.13255
  -- 3 : 2 = -0.0781765
  -- 4 : 1 = -0.0832538
  -- 4 : 2 = -0.0190506
  -- 5 : 1 = 0.163048
  -- 5 : 2 = -0.0107616
  -- 6 : 1 = -0.0669499
  -- 6 : 2 = -0.018841
  -- 7 : 1 = 0.00288777
  -- 7 : 2 = 0.0139507
  -- 8 : 1 = -0.450515
  -- 8 : 2 = -0.0679982
  -- 9 : 1 = -0.127865
  -- 9 : 2 = -0.152574
Out\Act	False		True
False	0.84198	0	0.84198
True	0.15802	0	0.15802
	1	0
	Accuracy [ (tp + tn) / testSize ]: 0.84198
	Precision [ tp / (tp + fp) ]:      0
	Sensitivity [ tp / (tp + fn) ]:    0
	Specificity [ tn / (tn + fp) ]:    0.999435
	F-Score [ 2tp / (2tp + fp + fn) ]: 0
Particle (6):: Fit: 162.834	PB: 162.834	LB: 188.234	GB: 197.069	Conf: 0.247046	Pts: 55198
Particle (16):: Fit: 111.295	PB: 111.295	LB: 188.77	GB: 197.069	Conf: 0.292223	Pts: 65498
Particle (19):: Fit: 121.593	PB: 121.593	LB: 190.324	GB: 197.069	Conf: 0.128927	Pts: 80198
Particle (21):: Fit: 172.84	PB: 172.84	LB: 190.324	GB: 197.069	Conf: 0.612567	Pts: 90298
Particle (26):: Fit: 154.798	PB: 154.798	LB: 190.324	GB: 197.069	Conf: 0.880655	Pts: 60266
Particle (30):: Fit: 126.591	PB: 126.591	LB: 193.332	GB: 197.069	Conf: 0.209484	Pts: 60298
Particle (41):: Fit: 163.386	PB: 163.386	LB: 185.64	GB: 197.069	Conf: 0.861485	Pts: 55298
Particle (20):: Fit: 107.812	PB: 107.812	LB: 190.324	GB: 197.069	Conf: 0.048396	Pts: 55197
Particle (24):: Fit: 125.862	PB: 125.862	LB: 190.324	GB: 197.069	Conf: 0.871092	Pts: 60097
Particle (38):: Fit: 178.544	PB: 178.544	LB: 196.379	GB: 197.069	Conf: 0.752203	Pts: 60396
Particle (43):: Fit: 170.377	PB: 170.377	LB: 197.069	GB: 197.069	Conf: 0.589979	Pts: 60396
Particle (18):: Fit: 160.251	PB: 160.251	LB: 190.324	GB: 197.069	Conf: 0.523764	Pts: 55396
Particle (20):: Fit: 164.463	PB: 164.463	LB: 190.324	GB: 197.069	Conf: 0.554454	Pts: 55296
Particle (24):: Fit: 139.935	PB: 139.935	LB: 190.324	GB: 197.069	Conf: 0.32101	Pts: 60196
Particle (29):: Fit: 106.534	PB: 106.534	LB: 193.332	GB: 197.069	Conf: 0.711883	Pts: 55567
Particle (44):: Fit: 139.887	PB: 139.887	LB: 197.069	GB: 197.069	Conf: 1.79725	Pts: 50396
Particle (3):: Fit: 177.734	PB: 177.734	LB: 188.234	GB: 197.069	Conf: 0.19273	Pts: 55295
Particle (4):: Fit: 162.934	PB: 162.934	LB: 188.234	GB: 197.069	Conf: 0.357666	Pts: 55578
Particle (5):: Fit: 190.544	PB: 190.544	LB: 190.544	GB: 197.069	Conf: 0.774634	Pts: 175495
Particle (17):: Fit: 108.183	PB: 108.183	LB: 190.324	GB: 197.069	Conf: 0.320916	Pts: 55294
Particle (30):: Fit: 145.968	PB: 145.968	LB: 193.332	GB: 197.069	Conf: 0.502702	Pts: 60394
Particle (4):: Fit: 182.244	PB: 182.244	LB: 190.544	GB: 197.069	Conf: 0.885666	Pts: 55677
Particle (16):: Fit: 120.965	PB: 120.965	LB: 188.77	GB: 197.069	Conf: 0.296493	Pts: 65594
Particle (17):: Fit: 172.972	PB: 172.972	LB: 190.324	GB: 197.069	Conf: 0.193842	Pts: 55393
Particle (29):: Fit: 157.234	PB: 157.234	LB: 193.332	GB: 197.069	Conf: 0.946366	Pts: 55665
Particle (30):: Fit: 170.296	PB: 170.296	LB: 193.332	GB: 197.069	Conf: 0.84509	Pts: 60493
Particle (16):: Fit: 140.661	PB: 140.661	LB: 188.77	GB: 197.069	Conf: 0.350464	Pts: 65693
Particle (24):: Fit: 141.999	PB: 141.999	LB: 190.324	GB: 197.069	Conf: 0.693332	Pts: 60293
Particle (19):: Fit: 157.71	PB: 157.71	LB: 190.324	GB: 197.069	Conf: 0.251166	Pts: 80292
Particle (26):: Fit: 162.462	PB: 162.462	LB: 190.324	GB: 197.069	Conf: 0.818194	Pts: 60360
Particle (35):: Fit: 178.754	PB: 178.754	LB: 196.379	GB: 197.069	Conf: 0.632836	Pts: 55592
Particle (44):: Fit: 143.866	PB: 143.866	LB: 197.069	GB: 197.069	Conf: 0.793755	Pts: 50492
Particle (16):: Fit: 170.825	PB: 170.825	LB: 188.77	GB: 197.069	Conf: 0.360568	Pts: 65791
Particle (6):: Fit: 182.652	PB: 182.652	LB: 190.544	GB: 197.069	Conf: 0.431439	Pts: 55290
Particle (3):: Fit: 181.194	PB: 181.194	LB: 190.544	GB: 197.069	Conf: 0.463071	Pts: 55389
Particle (11):: Fit: 177.415	PB: 177.415	LB: 188.77	GB: 197.069	Conf: 0.762089	Pts: 110488
Particle (43):: Fit: 172.822	PB: 172.822	LB: 197.069	GB: 197.069	Conf: 0.677466	Pts: 60487
Particle (46):: Fit: 171.929	PB: 171.929	LB: 197.069	GB: 197.069	Conf: 0.583637	Pts: 50388
Particle (34):: Fit: 170.949	PB: 170.949	LB: 196.379	GB: 197.069	Conf: 0.441523	Pts: 55367
Particle (20):: Fit: 168.202	PB: 168.202	LB: 190.324	GB: 197.069	Conf: 0.61424	Pts: 55386
Particle (41):: Fit: 169.417	PB: 169.417	LB: 185.64	GB: 197.069	Conf: 0.766253	Pts: 55385
Particle (24):: Fit: 163.36	PB: 163.36	LB: 190.324	GB: 197.069	Conf: 0.593973	Pts: 60384
Particle (26):: Fit: 164.098	PB: 164.098	LB: 190.324	GB: 197.069	Conf: 0.739966	Pts: 60452
Particle (19):: Fit: 185.822	PB: 185.822	LB: 190.324	GB: 197.069	Conf: 0.720235	Pts: 80383
Particle (23):: Fit: 164.747	PB: 164.747	LB: 190.324	GB: 197.069	Conf: 1.23477	Pts: 55483
Particle (42):: Fit: 173.395	PB: 173.395	LB: 197.069	GB: 197.069	Conf: 0.336528	Pts: 55383
Particle (31):: Fit: 180.539	PB: 180.539	LB: 196.379	GB: 197.069	Conf: 0.684502	Pts: 105181
Particle (29):: Fit: 158.554	PB: 158.554	LB: 193.332	GB: 197.069	Conf: 0.745541	Pts: 55751
Particle (41):: Fit: 178.542	PB: 178.542	LB: 185.64	GB: 197.069	Conf: 0.592471	Pts: 55479
Particle (29):: Fit: 168.312	PB: 168.312	LB: 193.332	GB: 197.069	Conf: 0.961617	Pts: 55849
Particle (38):: Fit: 179.599	PB: 179.599	LB: 196.379	GB: 197.069	Conf: 0.703394	Pts: 60476
Particle (24):: Fit: 187.271	PB: 187.271	LB: 190.324	GB: 197.069	Conf: 0.434503	Pts: 60476
Particle (43):: Fit: 177.647	PB: 177.647	LB: 197.069	GB: 197.069	Conf: 0.728989	Pts: 60576
Particle (21):: Fit: 175.98	PB: 175.98	LB: 190.324	GB: 197.069	Conf: 0.557121	Pts: 90376
Particle (37):: Fit: 185.113	PB: 185.113	LB: 196.379	GB: 197.069	Conf: 0.582644	Pts: 55674
Particle (21):: Fit: 179.485	PB: 179.485	LB: 190.324	GB: 197.069	Conf: 0.601739	Pts: 90472
Particle (27):: Fit: 174.102	PB: 174.102	LB: 193.332	GB: 197.069	Conf: 0.462555	Pts: 55572
Particle (44):: Fit: 172.557	PB: 172.557	LB: 197.069	GB: 197.069	Conf: 0.168104	Pts: 50572
Particle (18):: Fit: 173.166	PB: 173.166	LB: 190.324	GB: 197.069	Conf: 0.549637	Pts: 55468
Particle (23):: Fit: 181.23	PB: 181.23	LB: 190.324	GB: 197.069	Conf: 0.480737	Pts: 55570
Particle (35):: Fit: 181.781	PB: 181.781	LB: 196.379	GB: 197.069	Conf: 0.62955	Pts: 55670
Particle (41):: Fit: 178.747	PB: 178.747	LB: 185.64	GB: 197.069	Conf: 0.59646	Pts: 55570
Particle (18):: Fit: 173.632	PB: 173.632	LB: 190.324	GB: 197.069	Conf: 0.6257	Pts: 55567
Particle (20):: Fit: 175.581	PB: 175.581	LB: 190.324	GB: 197.069	Conf: 0.485529	Pts: 55468
Particle (27):: Fit: 192.835	PB: 192.835	LB: 193.332	GB: 197.069	Conf: 0.448675	Pts: 80666
Particle (34):: Fit: 176.83	PB: 176.83	LB: 196.379	GB: 197.069	Conf: 0.550571	Pts: 55445
Particle (8):: Fit: 182.152	PB: 182.152	LB: 190.544	GB: 197.069	Conf: 0.269378	Pts: 65460
Particle (43):: Fit: 187.077	PB: 187.077	LB: 197.069	GB: 197.069	Conf: 0.644229	Pts: 65663
Particle (20):: Fit: 185.499	PB: 185.499	LB: 190.324	GB: 197.069	Conf: 0.70229	Pts: 55562
Particle (3):: Fit: 186.101	PB: 186.101	LB: 190.544	GB: 197.069	Conf: 0.393782	Pts: 55460
Particle (46):: Fit: 181.151	PB: 181.151	LB: 197.069	GB: 197.069	Conf: 0.434861	Pts: 50460
Particle (26):: Fit: 173.94	PB: 173.94	LB: 192.835	GB: 197.069	Conf: 0.393823	Pts: 60527
Particle (42):: Fit: 196.15	PB: 196.15	LB: 197.069	GB: 197.069	Conf: 0.0974467	Pts: 60459
Particle (30):: Fit: 171.271	PB: 171.271	LB: 193.332	GB: 197.069	Conf: 0.700538	Pts: 60557
Particle (34):: Fit: 177.429	PB: 177.429	LB: 196.379	GB: 197.069	Conf: 0.421851	Pts: 55537
Particle (48):: Fit: 172.568	PB: 172.568	LB: 197.069	GB: 197.069	Conf: 0.813665	Pts: 50457
Particle (13):: Fit: 198.088	PB: 198.088	LB: 198.088	GB: 198.088	Conf: 0.493372	Pts: 250455
Particle (46):: Fit: 183.18	PB: 183.18	LB: 197.069	GB: 198.088	Conf: 0.559929	Pts: 50555
Global: 198.088 - Correct: 65% of 100 tests
Global Best: 
  Inner Net 1
  -- 1 : 1 = 0.523343
  -- 1 : 2 = 0.304553
  -- 1 : 3 = 0.650909
  -- 1 : 4 = 0.028513
  -- 1 : 5 = -0.0642862
  -- 1 : 6 = 0.306372
  -- 1 : 7 = -0.191411
  -- 1 : 8 = 0.271674
  -- 1 : 9 = 0.301486
  -- 2 : 1 = 0.610368
  -- 2 : 2 = -0.110949
  -- 2 : 3 = 0.5
  -- 2 : 4 = 0.433375
  -- 2 : 5 = -0.0830882
  -- 2 : 6 = 0.347103
  -- 2 : 7 = -0.0920442
  -- 2 : 8 = 0.241263
  -- 2 : 9 = 0.114877
  -- 3 : 1 = 0.0870944
  -- 3 : 2 = 0.034292
  -- 3 : 3 = 0.559786
  -- 3 : 4 = 0.825927
  -- 3 : 5 = 0.0810806
  -- 3 : 6 = 0.404127
  -- 3 : 7 = -0.276995
  -- 3 : 8 = -0.176667
  -- 3 : 9 = -0.0747253
  -- 4 : 1 = 0.744491
  -- 4 : 2 = 0.43134
  -- 4 : 3 = 0.00262091
  -- 4 : 4 = 0.467285
  -- 4 : 5 = -0.173138
  -- 4 : 6 = 0.00796756
  -- 4 : 7 = 0.157714
  -- 4 : 8 = 0.117181
  -- 4 : 9 = 0.00878155
  -- 5 : 1 = 0.5
  -- 5 : 2 = -0.15884
  -- 5 : 3 = 0.571238
  -- 5 : 4 = 0.175483
  -- 5 : 5 = 0.282499
  -- 5 : 6 = 0.61362
  -- 5 : 7 = 0.53992
  -- 5 : 8 = 0.285555
  -- 5 : 9 = -0.5
  -- 6 : 1 = 0.475059
  -- 6 : 2 = 1
  -- 6 : 3 = 0.0128715
  -- 6 : 4 = 0.129454
  -- 6 : 5 = 0.650315
  -- 6 : 6 = 0.971837
  -- 6 : 7 = 0.660507
  -- 6 : 8 = 0.0294829
  -- 6 : 9 = -0.294113
  -- 7 : 1 = 0.894112
  -- 7 : 2 = 0.245723
  -- 7 : 3 = 0
  -- 7 : 4 = 0.586021
  -- 7 : 5 = 0.631212
  -- 7 : 6 = 0.110532
  -- 7 : 7 = 0.302623
  -- 7 : 8 = 0.351518
  -- 7 : 9 = 0.230019
  -- 8 : 1 = 0
  -- 8 : 2 = 0.0873131
  -- 8 : 3 = 0.284055
  -- 8 : 4 = 0.00385483
  -- 8 : 5 = 0.692961
  -- 8 : 6 = 0.153823
  -- 8 : 7 = -0.0445212
  -- 8 : 8 = 0.57036
  -- 8 : 9 = 0.483393
  -- 9 : 1 = 0.292567
  -- 9 : 2 = 0.448339
  -- 9 : 3 = 0.291248
  -- 9 : 4 = -0.0118405
  -- 9 : 5 = 0.31206
  -- 9 : 6 = -0.0234835
  -- 9 : 7 = 0.553842
  -- 9 : 8 = 0.172617
  -- 9 : 9 = 0.299724
  -- 10 : 1 = 0.61718
  -- 10 : 2 = 0.432602
  -- 10 : 3 = 0.526737
  -- 10 : 4 = 0.169273
  -- 10 : 5 = 0.0984166
  -- 10 : 6 = 0.0190826
  -- 10 : 7 = 0.362553
  -- 10 : 8 = 0.924685
  -- 10 : 9 = 0.275949
  Inner Net 2
  -- 1 : 1 = -0.161254
  -- 1 : 2 = 0.175501
  -- 2 : 1 = 0.357136
  -- 2 : 2 = 0.076564
  -- 3 : 1 = -0.415248
  -- 3 : 2 = -0.186197
  -- 4 : 1 = 0.232089
  -- 4 : 2 = 0.0748385
  -- 5 : 1 = 0.758642
  -- 5 : 2 = -0.119703
  -- 6 : 1 = -0.0757615
  -- 6 : 2 = 0.121201
  -- 7 : 1 = -0.687569
  -- 7 : 2 = 0.567285
  -- 8 : 1 = -0.216121
  -- 8 : 2 = 0.262901
  -- 9 : 1 = 0.158507
  -- 9 : 2 = -0.296284
Out\Act	False		True
False	0.0728225	0.769158	0.84198
True	0.00713946	0.150881	0.15802
	0.0799619	0.920038
	Accuracy [ (tp + tn) / testSize ]: 0.223703
	Precision [ tp / (tp + fp) ]:      0.163909
	Sensitivity [ tp / (tp + fn) ]:    0.951952
	Specificity [ tn / (tn + fp) ]:    0.0864407
	F-Score [ 2tp / (2tp + fp + fn) ]: 0.279788
Particle (16):: Fit: 172.598	PB: 172.598	LB: 198.088	GB: 198.088	Conf: 0.136689	Pts: 65851
Particle (41):: Fit: 186.214	PB: 186.214	LB: 196.15	GB: 198.088	Conf: 0.704574	Pts: 55651
Particle (10):: Fit: 183.621	PB: 183.621	LB: 198.088	GB: 198.088	Conf: 0.264128	Pts: 55950
Particle (29):: Fit: 181.235	PB: 181.235	LB: 193.332	GB: 198.088	Conf: 0.845859	Pts: 55920
Particle (48):: Fit: 172.799	PB: 172.799	LB: 197.069	GB: 198.088	Conf: 0.699243	Pts: 50550
Particle (31):: Fit: 186.385	PB: 186.385	LB: 196.379	GB: 198.088	Conf: 0.795048	Pts: 105249
Particle (25):: Fit: 183.651	PB: 183.651	LB: 192.835	GB: 198.088	Conf: 0.903464	Pts: 55548
Particle (48):: Fit: 186.383	PB: 186.383	LB: 197.069	GB: 198.088	Conf: 0.907407	Pts: 50645
Particle (30):: Fit: 178.25	PB: 178.25	LB: 193.332	GB: 198.088	Conf: 0.563831	Pts: 60641
Particle (45):: Fit: 185.876	PB: 185.876	LB: 197.069	GB: 198.088	Conf: 0.624337	Pts: 280440
Particle (18):: Fit: 179.195	PB: 179.195	LB: 190.324	GB: 198.088	Conf: 0.699927	Pts: 55637
Particle (16):: Fit: 178.095	PB: 178.095	LB: 198.088	GB: 198.088	Conf: 0.0875023	Pts: 65937
Particle (4):: Fit: 182.288	PB: 182.288	LB: 190.544	GB: 198.088	Conf: 0.406086	Pts: 55716
Particle (15):: Fit: 184.548	PB: 184.548	LB: 198.088	GB: 198.088	Conf: 0.690915	Pts: 55527
Particle (21):: Fit: 184.585	PB: 184.585	LB: 190.324	GB: 198.088	Conf: 0.56163	Pts: 90526
Particle (6):: Fit: 184.058	PB: 184.058	LB: 190.544	GB: 198.088	Conf: 0.341686	Pts: 55326
Particle (9):: Fit: 181.727	PB: 181.727	LB: 198.088	GB: 198.088	Conf: 0.0650293	Pts: 95126
Particle (11):: Fit: 183.488	PB: 183.488	LB: 198.088	GB: 198.088	Conf: 0.84398	Pts: 110522
Particle (29):: Fit: 199.235	PB: 199.235	LB: 199.235	GB: 199.235	Conf: 0.785824	Pts: 115993
Global: 199.235 - Correct: 70% of 100 tests
Global Best: 
  Inner Net 1
  -- 1 : 1 = 0.577273
  -- 1 : 2 = -0.0315202
  -- 1 : 3 = 0.330552
  -- 1 : 4 = 0.148868
  -- 1 : 5 = 0.150481
  -- 1 : 6 = 0.576635
  -- 1 : 7 = -0.145857
  -- 1 : 8 = -0.014332
  -- 1 : 9 = 0.15745
  -- 2 : 1 = 0.434239
  -- 2 : 2 = 0.12755
  -- 2 : 3 = 0.152664
  -- 2 : 4 = 0.349264
  -- 2 : 5 = 0.0177031
  -- 2 : 6 = -0.0320415
  -- 2 : 7 = -0.0233095
  -- 2 : 8 = -0.253028
  -- 2 : 9 = -0.481698
  -- 3 : 1 = 0.202933
  -- 3 : 2 = 0.295268
  -- 3 : 3 = 0.296933
  -- 3 : 4 = 0.24265
  -- 3 : 5 = 0.0332438
  -- 3 : 6 = 0.431307
  -- 3 : 7 = 0.0904767
  -- 3 : 8 = -0.317335
  -- 3 : 9 = 0.460755
  -- 4 : 1 = 0.223078
  -- 4 : 2 = -0.026242
  -- 4 : 3 = 0.0193519
  -- 4 : 4 = 0.341255
  -- 4 : 5 = -0.175959
  -- 4 : 6 = -0.0491824
  -- 4 : 7 = 0.0261707
  -- 4 : 8 = -0.324461
  -- 4 : 9 = 0.00160383
  -- 5 : 1 = 0
  -- 5 : 2 = 0.355855
  -- 5 : 3 = 0.275009
  -- 5 : 4 = -0.361628
  -- 5 : 5 = -0.196572
  -- 5 : 6 = 0.220915
  -- 5 : 7 = 0.764753
  -- 5 : 8 = -0.132905
  -- 5 : 9 = -0.159903
  -- 6 : 1 = 0.549818
  -- 6 : 2 = -0.259466
  -- 6 : 3 = 0.121254
  -- 6 : 4 = -0.270887
  -- 6 : 5 = 0.311823
  -- 6 : 6 = 0.35076
  -- 6 : 7 = 0.158789
  -- 6 : 8 = -0.108872
  -- 6 : 9 = -0.236316
  -- 7 : 1 = -0.155553
  -- 7 : 2 = 0.175489
  -- 7 : 3 = 0.12671
  -- 7 : 4 = 0.313257
  -- 7 : 5 = 0.526044
  -- 7 : 6 = -0.0188777
  -- 7 : 7 = -0.310466
  -- 7 : 8 = -0.348983
  -- 7 : 9 = 0.335483
  -- 8 : 1 = 0.678947
  -- 8 : 2 = 0.228727
  -- 8 : 3 = 0.0208901
  -- 8 : 4 = -0.240746
  -- 8 : 5 = -0.570762
  -- 8 : 6 = -0.190227
  -- 8 : 7 = 0.0162177
  -- 8 : 8 = 0.100024
  -- 8 : 9 = 0.391545
  -- 9 : 1 = 0.215319
  -- 9 : 2 = -0.117111
  -- 9 : 3 = -0.0159564
  -- 9 : 4 = 0.114436
  -- 9 : 5 = 0.051216
  -- 9 : 6 = 0.183943
  -- 9 : 7 = -0.318355
  -- 9 : 8 = 0.171592
  -- 9 : 9 = 0.194485
  -- 10 : 1 = -0.0299922
  -- 10 : 2 = -0.194659
  -- 10 : 3 = -0.34152
  -- 10 : 4 = 0.180382
  -- 10 : 5 = 0.147714
  -- 10 : 6 = -0.244318
  -- 10 : 7 = 0.335398
  -- 10 : 8 = 0.348676
  -- 10 : 9 = 0.342112
  Inner Net 2
  -- 1 : 1 = 0.658108
  -- 1 : 2 = -0.0574269
  -- 2 : 1 = -0.82493
  -- 2 : 2 = -0.156948
  -- 3 : 1 = 0.0968455
  -- 3 : 2 = 0.016604
  -- 4 : 1 = -0.13954
  -- 4 : 2 = 0.012853
  -- 5 : 1 = 0.00604404
  -- 5 : 2 = 0.188172
  -- 6 : 1 = 0.268002
  -- 6 : 2 = 0.0562331
  -- 7 : 1 = -0.206439
  -- 7 : 2 = 0.147108
  -- 8 : 1 = 0.290901
  -- 8 : 2 = 0.123418
  -- 9 : 1 = 0.591547
  -- 9 : 2 = -0.176723
Out\Act	False		True
False	0.161352	0.680628	0.84198
True	0.0299857	0.128034	0.15802
	0.191337	0.808663
	Accuracy [ (tp + tn) / testSize ]: 0.289386
	Precision [ tp / (tp + fp) ]:      0.158235
	Sensitivity [ tp / (tp + fn) ]:    0.807808
	Specificity [ tn / (tn + fp) ]:    0.191525
	F-Score [ 2tp / (2tp + fp + fn) ]: 0.264764
Particle (5):: Fit: 190.911	PB: 190.911	LB: 190.911	GB: 199.235	Conf: 0.752903	Pts: 205517
Particle (34):: Fit: 181.074	PB: 181.074	LB: 196.379	GB: 199.235	Conf: 0.559385	Pts: 55599
Particle (37):: Fit: 200.18	PB: 200.18	LB: 200.18	GB: 200.18	Conf: 0.474726	Pts: 115717
Global: 200.18 - Correct: 65% of 100 tests
Global Best: 
  Inner Net 1
  -- 1 : 1 = 0.366154
  -- 1 : 2 = 0.111476
  -- 1 : 3 = 0.17236
  -- 1 : 4 = 0.502849
  -- 1 : 5 = -0.0195664
  -- 1 : 6 = 0.0503378
  -- 1 : 7 = 0.0286929
  -- 1 : 8 = 0.314778
  -- 1 : 9 = 0.0868659
  -- 2 : 1 = 0.418218
  -- 2 : 2 = -0.125867
  -- 2 : 3 = 0.467658
  -- 2 : 4 = 0.374958
  -- 2 : 5 = -0.114777
  -- 2 : 6 = 0.104827
  -- 2 : 7 = 0.428173
  -- 2 : 8 = -0.202211
  -- 2 : 9 = 0.765034
  -- 3 : 1 = 0
  -- 3 : 2 = 0.17814
  -- 3 : 3 = 0.228263
  -- 3 : 4 = -0.148909
  -- 3 : 5 = 0.519153
  -- 3 : 6 = 0.102361
  -- 3 : 7 = 0.217805
  -- 3 : 8 = 0.193323
  -- 3 : 9 = 0.722821
  -- 4 : 1 = 0.5081
  -- 4 : 2 = 0.250169
  -- 4 : 3 = 0.291622
  -- 4 : 4 = 0.131845
  -- 4 : 5 = 0.380567
  -- 4 : 6 = 0.838419
  -- 4 : 7 = 0.0491453
  -- 4 : 8 = -0.07214
  -- 4 : 9 = -0.0544386
  -- 5 : 1 = 0.614813
  -- 5 : 2 = -0.0922543
  -- 5 : 3 = 0.38057
  -- 5 : 4 = 0.377999
  -- 5 : 5 = -0.0104624
  -- 5 : 6 = -0.402045
  -- 5 : 7 = -0.146835
  -- 5 : 8 = -0.336139
  -- 5 : 9 = 0.608426
  -- 6 : 1 = -0.0687822
  -- 6 : 2 = 0.0970347
  -- 6 : 3 = 0.168564
  -- 6 : 4 = 0.137893
  -- 6 : 5 = 0.599461
  -- 6 : 6 = -0.0594893
  -- 6 : 7 = 0.212761
  -- 6 : 8 = -0.215917
  -- 6 : 9 = 0.102918
  -- 7 : 1 = 0.765277
  -- 7 : 2 = -1
  -- 7 : 3 = 0.122256
  -- 7 : 4 = 0.260857
  -- 7 : 5 = 0.375813
  -- 7 : 6 = 0.447364
  -- 7 : 7 = 0.385476
  -- 7 : 8 = -0.394412
  -- 7 : 9 = 0.417219
  -- 8 : 1 = 0.465852
  -- 8 : 2 = 0.480966
  -- 8 : 3 = 0.0485276
  -- 8 : 4 = 0.637684
  -- 8 : 5 = 0.453307
  -- 8 : 6 = -0.283312
  -- 8 : 7 = -0.204352
  -- 8 : 8 = -0.112209
  -- 8 : 9 = 0.0657485
  -- 9 : 1 = 0.760665
  -- 9 : 2 = 0.687975
  -- 9 : 3 = -0.0507569
  -- 9 : 4 = -0.22541
  -- 9 : 5 = -0.0913201
  -- 9 : 6 = -0.704861
  -- 9 : 7 = -0.185769
  -- 9 : 8 = 0.179281
  -- 9 : 9 = 0.199556
  -- 10 : 1 = 0.00893742
  -- 10 : 2 = 0.699546
  -- 10 : 3 = 0.359093
  -- 10 : 4 = -0.414251
  -- 10 : 5 = 0.592257
  -- 10 : 6 = -0.0877712
  -- 10 : 7 = 0.674922
  -- 10 : 8 = 0.23279
  -- 10 : 9 = 0.180921
  Inner Net 2
  -- 1 : 1 = -0.222758
  -- 1 : 2 = 0.690206
  -- 2 : 1 = -0.413859
  -- 2 : 2 = 0.0163797
  -- 3 : 1 = 0.00579589
  -- 3 : 2 = 0.0784284
  -- 4 : 1 = -0.0758839
  -- 4 : 2 = 0.0328066
  -- 5 : 1 = -0.520956
  -- 5 : 2 = -0.282971
  -- 6 : 1 = 0.141263
  -- 6 : 2 = -0.0326956
  -- 7 : 1 = -0.722228
  -- 7 : 2 = 0.220003
  -- 8 : 1 = 0.0448552
  -- 8 : 2 = 0.082773
  -- 9 : 1 = 0.218172
  -- 9 : 2 = -0.0174147
Out\Act	False		True
False	0.18039	0.66159	0.84198
True	0.0185626	0.139457	0.15802
	0.198953	0.801047
	Accuracy [ (tp + tn) / testSize ]: 0.319848
	Precision [ tp / (tp + fp) ]:      0.17399
	Sensitivity [ tp / (tp + fn) ]:    0.87988
	Specificity [ tn / (tn + fp) ]:    0.214124
	F-Score [ 2tp / (2tp + fp + fn) ]: 0.290675
Particle (9):: Fit: 186.004	PB: 186.004	LB: 198.088	GB: 200.18	Conf: 0.0731008	Pts: 95218
Particle (21):: Fit: 187.997	PB: 187.997	LB: 190.324	GB: 200.18	Conf: 0.630438	Pts: 90615
Particle (9):: Fit: 191.168	PB: 191.168	LB: 198.088	GB: 200.18	Conf: 0.534679	Pts: 115315
Particle (48):: Fit: 196.866	PB: 196.866	LB: 197.069	GB: 200.18	Conf: 0.920264	Pts: 55715
Particle (26):: Fit: 178.979	PB: 178.979	LB: 199.235	GB: 200.18	Conf: 0.880496	Pts: 60581
Particle (26):: Fit: 191.35	PB: 191.35	LB: 199.235	GB: 200.18	Conf: 0.508658	Pts: 65676
Particle (17):: Fit: 178.702	PB: 178.702	LB: 198.088	GB: 200.18	Conf: 0.249821	Pts: 55405
Particle (20):: Fit: 189.713	PB: 189.713	LB: 190.324	GB: 200.18	Conf: 0.719549	Pts: 55601
Particle (2):: Fit: 176.986	PB: 176.986	LB: 196.866	GB: 200.18	Conf: 0.600667	Pts: 115585
Particle (1):: Fit: 181.999	PB: 181.999	LB: 197.069	GB: 200.18	Conf: 0.336202	Pts: 60286
Particle (34):: Fit: 182.693	PB: 182.693	LB: 200.18	GB: 200.18	Conf: 0.539457	Pts: 55665
Particle (16):: Fit: 189.275	PB: 189.275	LB: 198.088	GB: 200.18	Conf: 0.17768	Pts: 65982
Particle (31):: Fit: 189.306	PB: 189.306	LB: 199.235	GB: 200.18	Conf: 0.471897	Pts: 105280
Particle (4):: Fit: 188.936	PB: 188.936	LB: 191.168	GB: 200.18	Conf: 0.789245	Pts: 55760
Particle (30):: Fit: 189.385	PB: 189.385	LB: 199.235	GB: 200.18	Conf: 0.792245	Pts: 60674
Particle (31):: Fit: 189.775	PB: 189.775	LB: 199.235	GB: 200.18	Conf: 0.835144	Pts: 105371
Particle (28):: Fit: 188.464	PB: 188.464	LB: 199.235	GB: 200.18	Conf: 0.309928	Pts: 85366
Particle (0):: Fit: 185.972	PB: 185.972	LB: 197.069	GB: 200.18	Conf: 0.696177	Pts: 170062
Particle (17):: Fit: 186.628	PB: 186.628	LB: 198.088	GB: 200.18	Conf: 0.563664	Pts: 55452
Particle (23):: Fit: 186.653	PB: 186.653	LB: 192.835	GB: 200.18	Conf: 0.495736	Pts: 55551
Particle (6):: Fit: 190.292	PB: 190.292	LB: 191.168	GB: 200.18	Conf: 0.454444	Pts: 55353
Particle (2):: Fit: 180.829	PB: 180.829	LB: 196.866	GB: 200.18	Conf: 0.527291	Pts: 115642
Particle (38):: Fit: 180.485	PB: 180.485	LB: 200.18	GB: 200.18	Conf: 0.716644	Pts: 60440
Particle (7):: Fit: 198.356	PB: 198.356	LB: 198.356	GB: 200.18	Conf: 0.390231	Pts: 170443
Particle (0):: Fit: 195.759	PB: 195.759	LB: 197.069	GB: 200.18	Conf: 0.820177	Pts: 170137
Particle (35):: Fit: 190.109	PB: 190.109	LB: 200.18	GB: 200.18	Conf: 0.320548	Pts: 55637
Particle (44):: Fit: 180.349	PB: 180.349	LB: 197.069	GB: 200.18	Conf: 0.140391	Pts: 50531
Particle (30):: Fit: 197.772	PB: 197.772	LB: 199.235	GB: 200.18	Conf: 0.804024	Pts: 60717
Particle (33):: Fit: 191.549	PB: 191.549	LB: 200.18	GB: 200.18	Conf: 0.480849	Pts: 210118
Particle (12):: Fit: 189.453	PB: 189.453	LB: 198.088	GB: 200.18	Conf: 0.872443	Pts: 185414
Particle (15):: Fit: 187.418	PB: 187.418	LB: 198.088	GB: 200.18	Conf: 0.787634	Pts: 55508
Particle (8):: Fit: 187.192	PB: 187.192	LB: 198.356	GB: 200.18	Conf: 0.423619	Pts: 65397
Particle (24):: Fit: 195.71	PB: 195.71	LB: 199.235	GB: 200.18	Conf: 0.530739	Pts: 85405
Particle (8):: Fit: 189.116	PB: 189.116	LB: 198.356	GB: 200.18	Conf: 0.503781	Pts: 65493
Particle (35):: Fit: 192.1	PB: 192.1	LB: 200.18	GB: 200.18	Conf: 0.749796	Pts: 55696
Particle (38):: Fit: 187.86	PB: 187.86	LB: 200.18	GB: 200.18	Conf: 0.766495	Pts: 60486
Particle (41):: Fit: 186.578	PB: 186.578	LB: 200.18	GB: 200.18	Conf: 0.561023	Pts: 55594
Particle (34):: Fit: 196.42	PB: 196.42	LB: 200.18	GB: 200.18	Conf: 0.428115	Pts: 55670
Particle (43):: Fit: 205.428	PB: 205.428	LB: 205.428	GB: 205.428	Conf: 0.678285	Pts: 125585
Global: 205.428 - Correct: 70% of 100 tests
Global Best: 
  Inner Net 1
  -- 1 : 1 = -0.0812291
  -- 1 : 2 = -0.00377744
  -- 1 : 3 = 0.115157
  -- 1 : 4 = 0.491457
  -- 1 : 5 = -0.247032
  -- 1 : 6 = -0.0859922
  -- 1 : 7 = -0.427321
  -- 1 : 8 = 0.19425
  -- 1 : 9 = 0.388856
  -- 2 : 1 = 0.871233
  -- 2 : 2 = -0.00305482
  -- 2 : 3 = -0.172383
  -- 2 : 4 = -0.352281
  -- 2 : 5 = -0.0336639
  -- 2 : 6 = 0.0612409
  -- 2 : 7 = -0.0839134
  -- 2 : 8 = 0.252388
  -- 2 : 9 = 0.164039
  -- 3 : 1 = -0.5
  -- 3 : 2 = -0.251417
  -- 3 : 3 = 0.0497439
  -- 3 : 4 = 0.128627
  -- 3 : 5 = -0.0117256
  -- 3 : 6 = 0.0301603
  -- 3 : 7 = 0.0485882
  -- 3 : 8 = 0.0199482
  -- 3 : 9 = 0.0657687
  -- 4 : 1 = 0.535983
  -- 4 : 2 = -0.00676587
  -- 4 : 3 = -0.106996
  -- 4 : 4 = 0.217143
  -- 4 : 5 = 0.594395
  -- 4 : 6 = -0.0897867
  -- 4 : 7 = -0.177347
  -- 4 : 8 = 0.116332
  -- 4 : 9 = -0.0745789
  -- 5 : 1 = 0.187861
  -- 5 : 2 = -0.0614325
  -- 5 : 3 = 0.557069
  -- 5 : 4 = 0.0071568
  -- 5 : 5 = -0.51247
  -- 5 : 6 = 0.25332
  -- 5 : 7 = 0.0546904
  -- 5 : 8 = 0.182995
  -- 5 : 9 = 0.230937
  -- 6 : 1 = 0.384733
  -- 6 : 2 = 0.413537
  -- 6 : 3 = 0.0440554
  -- 6 : 4 = -0.319078
  -- 6 : 5 = 0.334448
  -- 6 : 6 = 0.0340827
  -- 6 : 7 = -0.0105146
  -- 6 : 8 = 0.194337
  -- 6 : 9 = 0.108716
  -- 7 : 1 = -0.251622
  -- 7 : 2 = -0.124207
  -- 7 : 3 = 0.102483
  -- 7 : 4 = 0.316424
  -- 7 : 5 = 0.262572
  -- 7 : 6 = -0.0923218
  -- 7 : 7 = 0.108353
  -- 7 : 8 = 0.0410314
  -- 7 : 9 = -0.240387
  -- 8 : 1 = 0.837933
  -- 8 : 2 = 0.437262
  -- 8 : 3 = 0.185276
  -- 8 : 4 = -0.274283
  -- 8 : 5 = 0.0349489
  -- 8 : 6 = -0.0030355
  -- 8 : 7 = -0.300569
  -- 8 : 8 = 0.0575406
  -- 8 : 9 = 0.0106301
  -- 9 : 1 = 0.512668
  -- 9 : 2 = -0.223447
  -- 9 : 3 = 0.44661
  -- 9 : 4 = -0.129341
  -- 9 : 5 = 0.0604451
  -- 9 : 6 = 0.0622108
  -- 9 : 7 = -0.27825
  -- 9 : 8 = -0.13791
  -- 9 : 9 = -0.165488
  -- 10 : 1 = 0.402152
  -- 10 : 2 = 0.0516274
  -- 10 : 3 = 0.245443
  -- 10 : 4 = -0.239895
  -- 10 : 5 = -0.16298
  -- 10 : 6 = 0.123965
  -- 10 : 7 = 0.105038
  -- 10 : 8 = 0.0121181
  -- 10 : 9 = 0.233023
  Inner Net 2
  -- 1 : 1 = -0.812715
  -- 1 : 2 = -0.133614
  -- 2 : 1 = -0.798365
  -- 2 : 2 = 0.0423741
  -- 3 : 1 = 0.113174
  -- 3 : 2 = 0.0206827
  -- 4 : 1 = -0.163274
  -- 4 : 2 = 0.12487
  -- 5 : 1 = -0.313908
  -- 5 : 2 = 0.00926729
  -- 6 : 1 = 0.0451205
  -- 6 : 2 = 0.151882
  -- 7 : 1 = -0.0538325
  -- 7 : 2 = 0.0910085
  -- 8 : 1 = -0.216479
  -- 8 : 2 = 0.642161
  -- 9 : 1 = -0.1616
  -- 9 : 2 = 0.0852938
Out\Act	False		True
False	0.226083	0.615897	0.84198
True	0.0204664	0.137554	0.15802
	0.246549	0.753451
	Accuracy [ (tp + tn) / testSize ]: 0.363636
	Precision [ tp / (tp + fp) ]:      0.182449
	Sensitivity [ tp / (tp + fn) ]:    0.867868
	Specificity [ tn / (tn + fp) ]:    0.268362
	F-Score [ 2tp / (2tp + fp + fn) ]: 0.30167
Particle (27):: Fit: 197.463	PB: 197.463	LB: 199.235	GB: 205.428	Conf: 0.447957	Pts: 90582
Particle (11):: Fit: 186.576	PB: 186.576	LB: 198.356	GB: 205.428	Conf: 0.723285	Pts: 110474
Particle (10):: Fit: 187.503	PB: 187.503	LB: 198.356	GB: 205.428	Conf: 0.771174	Pts: 55873
Particle (28):: Fit: 189.225	PB: 189.225	LB: 199.235	GB: 205.428	Conf: 0.33028	Pts: 85366
Particle (46):: Fit: 190.201	PB: 190.201	LB: 205.428	GB: 205.428	Conf: 0.872704	Pts: 50458
Particle (2):: Fit: 186.155	PB: 186.155	LB: 198.356	GB: 205.428	Conf: 0.591594	Pts: 115644
Particle (45):: Fit: 188.827	PB: 188.827	LB: 205.428	GB: 205.428	Conf: 0.693302	Pts: 280344
Particle (10):: Fit: 189.641	PB: 189.641	LB: 198.356	GB: 205.428	Conf: 0.478101	Pts: 55934
Particle (28):: Fit: 192.394	PB: 192.394	LB: 199.235	GB: 205.428	Conf: 0.298861	Pts: 85425
Particle (45):: Fit: 196.429	PB: 196.429	LB: 205.428	GB: 205.428	Conf: 0.566796	Pts: 280426
Particle (17):: Fit: 188.311	PB: 188.311	LB: 198.088	GB: 205.428	Conf: 0.218926	Pts: 55421
Particle (41):: Fit: 191.384	PB: 191.384	LB: 205.428	GB: 205.428	Conf: 0.489568	Pts: 55625
Particle (4):: Fit: 189.402	PB: 189.402	LB: 198.356	GB: 205.428	Conf: 0.685573	Pts: 55705
Particle (8):: Fit: 193.689	PB: 193.689	LB: 198.356	GB: 205.428	Conf: 0.46264	Pts: 65512
Particle (19):: Fit: 187.985	PB: 187.985	LB: 195.71	GB: 205.428	Conf: 0.723891	Pts: 80221
Particle (46):: Fit: 191.294	PB: 191.294	LB: 205.428	GB: 205.428	Conf: 0.370171	Pts: 50519
Particle (44):: Fit: 184.883	PB: 184.883	LB: 205.428	GB: 205.428	Conf: 0.146888	Pts: 50508
Particle (1):: Fit: 182.992	PB: 182.992	LB: 197.069	GB: 205.428	Conf: 0.312468	Pts: 60208
Particle (0):: Fit: 196.119	PB: 196.119	LB: 197.069	GB: 205.428	Conf: 0.854736	Pts: 170107
Particle (31):: Fit: 205.292	PB: 205.292	LB: 205.292	GB: 205.428	Conf: 0.743233	Pts: 155302
Particle (25):: Fit: 204.001	PB: 204.001	LB: 204.001	GB: 205.428	Conf: 0.716928	Pts: 85402
Particle (18):: Fit: 185.421	PB: 185.421	LB: 190.324	GB: 205.428	Conf: 0.376333	Pts: 55479
Particle (15):: Fit: 190.037	PB: 190.037	LB: 198.088	GB: 205.428	Conf: 0.56653	Pts: 55483
Particle (30):: Fit: 201.124	PB: 201.124	LB: 205.292	GB: 205.428	Conf: 0.642151	Pts: 60678
Particle (12):: Fit: 191.719	PB: 191.719	LB: 198.088	GB: 205.428	Conf: 0.453162	Pts: 185367
Particle (38):: Fit: 187.911	PB: 187.911	LB: 205.428	GB: 205.428	Conf: 0.723514	Pts: 60461
Particle (31):: Fit: 207.432	PB: 207.432	LB: 207.432	GB: 207.432	Conf: 0.423249	Pts: 215353
Global: 207.432 - Correct: 71% of 100 tests
Global Best: 
  Inner Net 1
  -- 1 : 1 = 0.541125
  -- 1 : 2 = -0.188122
  -- 1 : 3 = 0.0696915
  -- 1 : 4 = -0.15506
  -- 1 : 5 = 0.0194736
  -- 1 : 6 = 0.10375
  -- 1 : 7 = -0.214058
  -- 1 : 8 = 0.347148
  -- 1 : 9 = 0.085653
  -- 2 : 1 = 0.275094
  -- 2 : 2 = 0.0467648
  -- 2 : 3 = -0.195689
  -- 2 : 4 = -0.100082
  -- 2 : 5 = 0.250382
  -- 2 : 6 = 0.029571
  -- 2 : 7 = 0.154315
  -- 2 : 8 = -0.482509
  -- 2 : 9 = 0.0573929
  -- 3 : 1 = -0.0857364
  -- 3 : 2 = -0.219999
  -- 3 : 3 = -0.037466
  -- 3 : 4 = -0.108157
  -- 3 : 5 = 0.123904
  -- 3 : 6 = -0.191517
  -- 3 : 7 = 0.0219465
  -- 3 : 8 = 0.371874
  -- 3 : 9 = 0.0513996
  -- 4 : 1 = 0.43841
  -- 4 : 2 = -0.019038
  -- 4 : 3 = -0.182556
  -- 4 : 4 = 0.122324
  -- 4 : 5 = 0.438073
  -- 4 : 6 = 0.038036
  -- 4 : 7 = 0.0557946
  -- 4 : 8 = -0.321869
  -- 4 : 9 = -0.0562605
  -- 5 : 1 = 0.154456
  -- 5 : 2 = 0.0184601
  -- 5 : 3 = 0.348293
  -- 5 : 4 = -0.0458872
  -- 5 : 5 = 0.133383
  -- 5 : 6 = 0.294552
  -- 5 : 7 = 0.218818
  -- 5 : 8 = 0.14728
  -- 5 : 9 = -0.130161
  -- 6 : 1 = 0.646589
  -- 6 : 2 = -0.138187
  -- 6 : 3 = -0.00955459
  -- 6 : 4 = 0.0800423
  -- 6 : 5 = -0.210778
  -- 6 : 6 = 0.302997
  -- 6 : 7 = -0.208087
  -- 6 : 8 = -0.182938
  -- 6 : 9 = 0.195936
  -- 7 : 1 = 0.121819
  -- 7 : 2 = 0.0360014
  -- 7 : 3 = -0.200205
  -- 7 : 4 = 0.222976
  -- 7 : 5 = -0.117665
  -- 7 : 6 = -0.00877967
  -- 7 : 7 = 0.332041
  -- 7 : 8 = 0.132749
  -- 7 : 9 = -0.125487
  -- 8 : 1 = 0.525619
  -- 8 : 2 = -0.044147
  -- 8 : 3 = -0.0775695
  -- 8 : 4 = 0.0382543
  -- 8 : 5 = -0.222849
  -- 8 : 6 = -0.0100405
  -- 8 : 7 = 0.349585
  -- 8 : 8 = 0.0690562
  -- 8 : 9 = 0.00307604
  -- 9 : 1 = -0.710044
  -- 9 : 2 = 0.111078
  -- 9 : 3 = 0.302731
  -- 9 : 4 = 0.272945
  -- 9 : 5 = -0.0280785
  -- 9 : 6 = 0.0331705
  -- 9 : 7 = 0.0193338
  -- 9 : 8 = -0.521662
  -- 9 : 9 = 0.282332
  -- 10 : 1 = -0.0271644
  -- 10 : 2 = 0.328944
  -- 10 : 3 = -0.0852367
  -- 10 : 4 = 0.206667
  -- 10 : 5 = 0.104255
  -- 10 : 6 = 0.41121
  -- 10 : 7 = -0.187507
  -- 10 : 8 = 0.0130108
  -- 10 : 9 = -0.0818091
  Inner Net 2
  -- 1 : 1 = 0.291194
  -- 1 : 2 = -0.305729
  -- 2 : 1 = -0.637983
  -- 2 : 2 = 0.176924
  -- 3 : 1 = 0.0484026
  -- 3 : 2 = -0.297469
  -- 4 : 1 = 0.112228
  -- 4 : 2 = -0.425522
  -- 5 : 1 = -0.286991
  -- 5 : 2 = -0.0208029
  -- 6 : 1 = 0.574978
  -- 6 : 2 = 0.020656
  -- 7 : 1 = -0.252781
  -- 7 : 2 = -0.148643
  -- 8 : 1 = -0.19387
  -- 8 : 2 = -0.371555
  -- 9 : 1 = -0.237003
  -- 9 : 2 = -0.428568
Out\Act	False		True
False	0.297953	0.544027	0.84198
True	0.0252261	0.132794	0.15802
	0.323179	0.676821
	Accuracy [ (tp + tn) / testSize ]: 0.430747
	Precision [ tp / (tp + fp) ]:      0.196065
	Sensitivity [ tp / (tp + fn) ]:    0.837838
	Specificity [ tn / (tn + fp) ]:    0.353672
	F-Score [ 2tp / (2tp + fp + fn) ]: 0.317949
Particle (18):: Fit: 187	PB: 187	LB: 190.324	GB: 207.432	Conf: 0.704371	Pts: 55519
Particle (9):: Fit: 196.731	PB: 196.731	LB: 198.356	GB: 207.432	Conf: 0.574329	Pts: 115125
Particle (3):: Fit: 187.112	PB: 187.112	LB: 198.356	GB: 207.432	Conf: 0.243691	Pts: 55221
Particle (3):: Fit: 199.729	PB: 199.729	LB: 199.729	GB: 207.432	Conf: 0.623689	Pts: 105311
Particle (15):: Fit: 196.25	PB: 196.25	LB: 198.088	GB: 207.432	Conf: 0.718242	Pts: 65495
Particle (19):: Fit: 193.366	PB: 193.366	LB: 196.25	GB: 207.432	Conf: 0.718498	Pts: 80163
Particle (26):: Fit: 194.127	PB: 194.127	LB: 207.432	GB: 207.432	Conf: 0.573849	Pts: 65404
Particle (21):: Fit: 190.462	PB: 190.462	LB: 204.001	GB: 207.432	Conf: 0.535995	Pts: 90323
Particle (3):: Fit: 205.292	PB: 205.292	LB: 205.292	GB: 207.432	Conf: 0.208011	Pts: 155306
Particle (11):: Fit: 190.529	PB: 190.529	LB: 198.356	GB: 207.432	Conf: 0.526154	Pts: 110303
Particle (5):: Fit: 190.971	PB: 190.971	LB: 205.292	GB: 207.432	Conf: 0.610067	Pts: 205179
Particle (16):: Fit: 194.246	PB: 194.246	LB: 198.088	GB: 207.432	Conf: 0.133709	Pts: 65688
Particle (33):: Fit: 194.772	PB: 194.772	LB: 207.432	GB: 207.432	Conf: 0.402492	Pts: 209873
Particle (39):: Fit: 184.241	PB: 184.241	LB: 205.428	GB: 207.432	Conf: 0.479286	Pts: 74754
Particle (5):: Fit: 200.507	PB: 200.507	LB: 205.292	GB: 207.432	Conf: 0.603259	Pts: 215246
Particle (5):: Fit: 201.05	PB: 201.05	LB: 205.292	GB: 207.432	Conf: 0.633	Pts: 225333
Particle (39):: Fit: 202.1	PB: 202.1	LB: 205.428	GB: 207.432	Conf: 0.310864	Pts: 84794
Particle (1):: Fit: 188.629	PB: 188.629	LB: 205.292	GB: 207.432	Conf: 0.576274	Pts: 59986
Particle (36):: Fit: 196.551	PB: 196.551	LB: 202.1	GB: 207.432	Conf: 0.732857	Pts: 139967
Particle (41):: Fit: 200.759	PB: 200.759	LB: 205.428	GB: 207.432	Conf: 0.556686	Pts: 55375
Particle (17):: Fit: 195.361	PB: 195.361	LB: 198.088	GB: 207.432	Conf: 0.397794	Pts: 55162
Particle (18):: Fit: 190.222	PB: 190.222	LB: 196.25	GB: 207.432	Conf: 0.704255	Pts: 55340
Particle (21):: Fit: 193.012	PB: 193.012	LB: 204.001	GB: 207.432	Conf: 0.626215	Pts: 90258
Particle (10):: Fit: 210.004	PB: 210.004	LB: 210.004	GB: 210.004	Conf: 0.507385	Pts: 115641
Global: 210.004 - Correct: 71% of 100 tests
Global Best: 
  Inner Net 1
  -- 1 : 1 = -0.200054
  -- 1 : 2 = -0.272377
  -- 1 : 3 = -0.172478
  -- 1 : 4 = -0.0473167
  -- 1 : 5 = -0.299626
  -- 1 : 6 = 0.0789832
  -- 1 : 7 = -0.581838
  -- 1 : 8 = 0.436154
  -- 1 : 9 = 0.105225
  -- 2 : 1 = -0.290818
  -- 2 : 2 = -0.276321
  -- 2 : 3 = -0.0469712
  -- 2 : 4 = -0.269877
  -- 2 : 5 = -0.102145
  -- 2 : 6 = 0.308159
  -- 2 : 7 = 0.230535
  -- 2 : 8 = 0.318875
  -- 2 : 9 = -0.103108
  -- 3 : 1 = 0.433661
  -- 3 : 2 = 0.121037
  -- 3 : 3 = 0.237857
  -- 3 : 4 = 0.361544
  -- 3 : 5 = 0.0795978
  -- 3 : 6 = 0.283189
  -- 3 : 7 = -0.157737
  -- 3 : 8 = -0.07268
  -- 3 : 9 = -0.0340315
  -- 4 : 1 = 0.970267
  -- 4 : 2 = -0.0130583
  -- 4 : 3 = -0.0153237
  -- 4 : 4 = 0.0962442
  -- 4 : 5 = 0.228611
  -- 4 : 6 = 0.0640671
  -- 4 : 7 = 0.0230569
  -- 4 : 8 = -0.0517338
  -- 4 : 9 = 0.0834557
  -- 5 : 1 = 0.329034
  -- 5 : 2 = -0.013632
  -- 5 : 3 = -0.182659
  -- 5 : 4 = 0.0505681
  -- 5 : 5 = -0.0514216
  -- 5 : 6 = 0.0411652
  -- 5 : 7 = -0.513252
  -- 5 : 8 = 0.0264378
  -- 5 : 9 = -0.155859
  -- 6 : 1 = 0.167027
  -- 6 : 2 = -0.0123931
  -- 6 : 3 = 0.300998
  -- 6 : 4 = 0.0479703
  -- 6 : 5 = 0.205622
  -- 6 : 6 = 0.0018502
  -- 6 : 7 = 0.155101
  -- 6 : 8 = 0.253668
  -- 6 : 9 = 0.124971
  -- 7 : 1 = -0.390075
  -- 7 : 2 = -0.212659
  -- 7 : 3 = -0.27535
  -- 7 : 4 = -0.272202
  -- 7 : 5 = 0.18756
  -- 7 : 6 = 0.47148
  -- 7 : 7 = 0.266645
  -- 7 : 8 = 0.115634
  -- 7 : 9 = 0.424755
  -- 8 : 1 = 0.324248
  -- 8 : 2 = 0.208032
  -- 8 : 3 = -0.0357876
  -- 8 : 4 = 0.363049
  -- 8 : 5 = 0.134702
  -- 8 : 6 = 0.630698
  -- 8 : 7 = -0.215564
  -- 8 : 8 = 0.340757
  -- 8 : 9 = 0.173397
  -- 9 : 1 = -0.770412
  -- 9 : 2 = 0.273722
  -- 9 : 3 = -0.11893
  -- 9 : 4 = 0.198981
  -- 9 : 5 = 0.259283
  -- 9 : 6 = 0.0233403
  -- 9 : 7 = -0.439824
  -- 9 : 8 = 0.146709
  -- 9 : 9 = -0.0639146
  -- 10 : 1 = 0.2192
  -- 10 : 2 = 0.435377
  -- 10 : 3 = -0.0372584
  -- 10 : 4 = 0.0187121
  -- 10 : 5 = 0.247256
  -- 10 : 6 = 0.042644
  -- 10 : 7 = 0.327736
  -- 10 : 8 = 0.102214
  -- 10 : 9 = 0.136673
  Inner Net 2
  -- 1 : 1 = -0.328111
  -- 1 : 2 = -0.140128
  -- 2 : 1 = -0.197794
  -- 2 : 2 = 0.116298
  -- 3 : 1 = -0.0232294
  -- 3 : 2 = -0.234396
  -- 4 : 1 = 0.167353
  -- 4 : 2 = 0.165494
  -- 5 : 1 = 0.435659
  -- 5 : 2 = -0.201577
  -- 6 : 1 = -0.409184
  -- 6 : 2 = 0.157096
  -- 7 : 1 = -0.323352
  -- 7 : 2 = -0.397476
  -- 8 : 1 = 0.0610223
  -- 8 : 2 = 0.0106401
  -- 9 : 1 = -0.0695873
  -- 9 : 2 = 0.160963
Out\Act	False		True
False	0.144217	0.697763	0.84198
True	0.0176107	0.140409	0.15802
	0.161828	0.838172
	Accuracy [ (tp + tn) / testSize ]: 0.284626
	Precision [ tp / (tp + fp) ]:      0.167423
	Sensitivity [ tp / (tp + fn) ]:    0.885886
	Specificity [ tn / (tn + fp) ]:    0.171186
	F-Score [ 2tp / (2tp + fp + fn) ]: 0.281757
Particle (2):: Fit: 204.172	PB: 204.172	LB: 205.292	GB: 210.004	Conf: 0.556991	Pts: 115259
Particle (41):: Fit: 202.623	PB: 202.623	LB: 205.428	GB: 210.004	Conf: 0.756643	Pts: 65375
Particle (15):: Fit: 197.09	PB: 197.09	LB: 198.088	GB: 210.004	Conf: 0.66135	Pts: 75262
Particle (15):: Fit: 207.071	PB: 207.071	LB: 207.071	GB: 210.004	Conf: 0.79042	Pts: 100340
Particle (23):: Fit: 193.295	PB: 193.295	LB: 204.001	GB: 210.004	Conf: 0.420989	Pts: 55016
Particle (45):: Fit: 198.362	PB: 198.362	LB: 205.428	GB: 210.004	Conf: 0.845384	Pts: 280018
Particle (28):: Fit: 192.658	PB: 192.658	LB: 207.432	GB: 210.004	Conf: 0.183016	Pts: 85017
Particle (32):: Fit: 209.949	PB: 209.949	LB: 209.949	GB: 210.004	Conf: 0.58332	Pts: 229709
Particle (7):: Fit: 201.384	PB: 201.384	LB: 210.004	GB: 210.004	Conf: 0.476588	Pts: 169912
Particle (46):: Fit: 193.356	PB: 193.356	LB: 205.428	GB: 210.004	Conf: 0.739871	Pts: 50062
Particle (49):: Fit: 185.332	PB: 185.332	LB: 205.292	GB: 210.004	Conf: 0.781318	Pts: 60025
Particle (7):: Fit: 203.202	PB: 203.202	LB: 210.004	GB: 210.004	Conf: 0.304846	Pts: 169873
Particle (46):: Fit: 199.599	PB: 199.599	LB: 205.428	GB: 210.004	Conf: 0.461355	Pts: 50072
Particle (38):: Fit: 190.081	PB: 190.081	LB: 205.428	GB: 210.004	Conf: 0.708062	Pts: 59933
Particle (20):: Fit: 192.746	PB: 192.746	LB: 204.001	GB: 210.004	Conf: 0.693897	Pts: 54830
Particle (22):: Fit: 191.652	PB: 191.652	LB: 204.001	GB: 210.004	Conf: 0.277443	Pts: 229350
Particle (4):: Fit: 190.739	PB: 190.739	LB: 205.292	GB: 210.004	Conf: 0.915672	Pts: 55035
Particle (40):: Fit: 181.74	PB: 181.74	LB: 205.428	GB: 210.004	Conf: 1.96894	Pts: 54277
Particle (12):: Fit: 200.212	PB: 200.212	LB: 210.004	GB: 210.004	Conf: 0.520763	Pts: 184718
Particle (42):: Fit: 196.74	PB: 196.74	LB: 205.428	GB: 210.004	Conf: 0.475947	Pts: 59480
Particle (44):: Fit: 195.242	PB: 195.242	LB: 205.428	GB: 210.004	Conf: 0.452808	Pts: 49709
Particle (26):: Fit: 207.502	PB: 207.502	LB: 207.502	GB: 210.004	Conf: 0.644138	Pts: 94801
Particle (19):: Fit: 201.02	PB: 201.02	LB: 207.071	GB: 210.004	Conf: 0.298332	Pts: 79462
Particle (20):: Fit: 194.395	PB: 194.395	LB: 204.001	GB: 210.004	Conf: 0.789943	Pts: 54644
Particle (11):: Fit: 190.646	PB: 190.646	LB: 210.004	GB: 210.004	Conf: 0.613648	Pts: 109614
Particle (47):: Fit: 197.206	PB: 197.206	LB: 205.428	GB: 210.004	Conf: 0.878249	Pts: 119358
Particle (1):: Fit: 195.573	PB: 195.573	LB: 205.292	GB: 210.004	Conf: 0.357853	Pts: 59391
Particle (44):: Fit: 195.861	PB: 195.861	LB: 205.428	GB: 210.004	Conf: 0.235705	Pts: 49658
Particle (20):: Fit: 198.062	PB: 198.062	LB: 204.001	GB: 210.004	Conf: 0.726794	Pts: 54683
Particle (11):: Fit: 194.656	PB: 194.656	LB: 210.004	GB: 210.004	Conf: 0.794491	Pts: 109663
Particle (28):: Fit: 194.222	PB: 194.222	LB: 209.949	GB: 210.004	Conf: 0.375996	Pts: 84506
Particle (28):: Fit: 198.333	PB: 198.333	LB: 209.949	GB: 210.004	Conf: 0.574446	Pts: 84570
Particle (17):: Fit: 196.557	PB: 196.557	LB: 207.071	GB: 210.004	Conf: 0.548989	Pts: 54453
Particle (16):: Fit: 199.503	PB: 199.503	LB: 207.071	GB: 210.004	Conf: 0.316061	Pts: 64768
Particle (16):: Fit: 201.815	PB: 201.815	LB: 207.071	GB: 210.004	Conf: 0.170758	Pts: 64861
Particle (6):: Fit: 196.772	PB: 196.772	LB: 210.004	GB: 210.004	Conf: 0.367353	Pts: 54062
Particle (35):: Fit: 193.975	PB: 193.975	LB: 209.949	GB: 210.004	Conf: 0.280559	Pts: 54443
Particle (21):: Fit: 200.3	PB: 200.3	LB: 207.502	GB: 210.004	Conf: 0.644688	Pts: 89431
Particle (30):: Fit: 211.035	PB: 211.035	LB: 211.035	GB: 211.035	Conf: 0.524282	Pts: 119407
Global: 211.035 - Correct: 76% of 100 tests
Global Best: 
  Inner Net 1
  -- 1 : 1 = 0.5
  -- 1 : 2 = 0.395992
  -- 1 : 3 = -0.168245
  -- 1 : 4 = -0.267527
  -- 1 : 5 = -0.0955676
  -- 1 : 6 = -0.304744
  -- 1 : 7 = -0.576
  -- 1 : 8 = -0.10065
  -- 1 : 9 = 0.172341
  -- 2 : 1 = 0.0118764
  -- 2 : 2 = -0.13861
  -- 2 : 3 = -0.0868386
  -- 2 : 4 = 0.0289112
  -- 2 : 5 = 0.371104
  -- 2 : 6 = -0.334565
  -- 2 : 7 = 0.260031
  -- 2 : 8 = -0.0228995
  -- 2 : 9 = -0.174274
  -- 3 : 1 = -0.0291019
  -- 3 : 2 = 0.246755
  -- 3 : 3 = -0.409889
  -- 3 : 4 = -0.0720508
  -- 3 : 5 = 0.0436166
  -- 3 : 6 = 0.277412
  -- 3 : 7 = 0.000644094
  -- 3 : 8 = -0.322156
  -- 3 : 9 = 0.418269
  -- 4 : 1 = 0.130015
  -- 4 : 2 = 0.12762
  -- 4 : 3 = -0.0917328
  -- 4 : 4 = 0.138384
  -- 4 : 5 = 0.327081
  -- 4 : 6 = 0.442426
  -- 4 : 7 = 0.0804482
  -- 4 : 8 = 0.01134
  -- 4 : 9 = 0.10069
  -- 5 : 1 = -0.0325655
  -- 5 : 2 = -0.452688
  -- 5 : 3 = 0.241753
  -- 5 : 4 = 0.00539694
  -- 5 : 5 = -0.0509315
  -- 5 : 6 = -0.0597336
  -- 5 : 7 = -0.0281435
  -- 5 : 8 = 0.0476288
  -- 5 : 9 = 0.0289362
  -- 6 : 1 = 0.401233
  -- 6 : 2 = 0.257444
  -- 6 : 3 = 0.092803
  -- 6 : 4 = -0.00903112
  -- 6 : 5 = -0.0846632
  -- 6 : 6 = -0.0928008
  -- 6 : 7 = -0.0395089
  -- 6 : 8 = -0.0167846
  -- 6 : 9 = 0.365779
  -- 7 : 1 = 0.279915
  -- 7 : 2 = -0.393579
  -- 7 : 3 = -0.0640607
  -- 7 : 4 = 0.0779902
  -- 7 : 5 = 0.0244668
  -- 7 : 6 = 0.162974
  -- 7 : 7 = -0.0958675
  -- 7 : 8 = 0.0679714
  -- 7 : 9 = 0.0716802
  -- 8 : 1 = 0.730041
  -- 8 : 2 = 0.00427314
  -- 8 : 3 = -0.142875
  -- 8 : 4 = 0.484528
  -- 8 : 5 = -0.0114891
  -- 8 : 6 = 0.1227
  -- 8 : 7 = -0.0249153
  -- 8 : 8 = -0.0106187
  -- 8 : 9 = -0.204652
  -- 9 : 1 = -0.00405751
  -- 9 : 2 = -0.484566
  -- 9 : 3 = 0.122242
  -- 9 : 4 = -0.377092
  -- 9 : 5 = 0.299848
  -- 9 : 6 = -0.0938063
  -- 9 : 7 = -0.161314
  -- 9 : 8 = 0.0198477
  -- 9 : 9 = -0.165682
  -- 10 : 1 = 0.188423
  -- 10 : 2 = -0.151727
  -- 10 : 3 = 0.0140386
  -- 10 : 4 = 0.100387
  -- 10 : 5 = 0.22144
  -- 10 : 6 = 0.11104
  -- 10 : 7 = 0.0572935
  -- 10 : 8 = 0.211201
  -- 10 : 9 = -0.0701032
  Inner Net 2
  -- 1 : 1 = 0.559005
  -- 1 : 2 = -0.0659606
  -- 2 : 1 = -0.0284499
  -- 2 : 2 = 0.33926
  -- 3 : 1 = 0.436839
  -- 3 : 2 = 0.355255
  -- 4 : 1 = -0.0250691
  -- 4 : 2 = -0.172528
  -- 5 : 1 = 0.180807
  -- 5 : 2 = 0.127941
  -- 6 : 1 = -0.322737
  -- 6 : 2 = 0.0407015
  -- 7 : 1 = 0.154601
  -- 7 : 2 = -0.125846
  -- 8 : 1 = 0.0723134
  -- 8 : 2 = 0.352349
  -- 9 : 1 = 0.482608
  -- 9 : 2 = 0.0797132
Out\Act	False		True
False	0.33841	0.50357	0.84198
True	0.0366492	0.121371	0.15802
	0.375059	0.624941
	Accuracy [ (tp + tn) / testSize ]: 0.459781
	Precision [ tp / (tp + fp) ]:      0.194064
	Sensitivity [ tp / (tp + fn) ]:    0.765766
	Specificity [ tn / (tn + fp) ]:    0.401695
	F-Score [ 2tp / (2tp + fp + fn) ]: 0.309842
Particle (27):: Fit: 206.341	PB: 206.341	LB: 211.035	GB: 211.035	Conf: 0.599127	Pts: 89133
Particle (9):: Fit: 205.531	PB: 205.531	LB: 210.004	GB: 211.035	Conf: 0.747802	Pts: 118834
Particle (45):: Fit: 202.953	PB: 202.953	LB: 205.428	GB: 211.035	Conf: 0.856483	Pts: 279109
Particle (1):: Fit: 198.268	PB: 198.268	LB: 205.292	GB: 211.035	Conf: 0.279934	Pts: 58984
Particle (18):: Fit: 197.142	PB: 197.142	LB: 207.071	GB: 211.035	Conf: 0.723881	Pts: 54239
Particle (49):: Fit: 190.356	PB: 190.356	LB: 205.292	GB: 211.035	Conf: 0.265693	Pts: 59105
Particle (42):: Fit: 202.025	PB: 202.025	LB: 205.428	GB: 211.035	Conf: 0.437871	Pts: 58719
Particle (43):: Fit: 207.251	PB: 207.251	LB: 207.251	GB: 211.035	Conf: 0.732624	Pts: 173895
Particle (22):: Fit: 202.539	PB: 202.539	LB: 207.502	GB: 211.035	Conf: 0.901431	Pts: 228460
Particle (44):: Fit: 196.239	PB: 196.239	LB: 207.251	GB: 211.035	Conf: 0.407193	Pts: 49012
Particle (11):: Fit: 195.945	PB: 195.945	LB: 210.004	GB: 211.035	Conf: 0.716731	Pts: 109051
Particle (38):: Fit: 192.452	PB: 192.452	LB: 207.251	GB: 211.035	Conf: 0.721185	Pts: 58746
Particle (33):: Fit: 203.83	PB: 203.83	LB: 211.035	GB: 211.035	Conf: 0.572721	Pts: 213294
Particle (0):: Fit: 198.025	PB: 198.025	LB: 205.292	GB: 211.035	Conf: 0.181724	Pts: 168279
Particle (8):: Fit: 196.677	PB: 196.677	LB: 210.004	GB: 211.035	Conf: 0.290853	Pts: 63668
Particle (4):: Fit: 191.603	PB: 191.603	LB: 205.531	GB: 211.035	Conf: 0.407135	Pts: 53853
Particle (1):: Fit: 198.646	PB: 198.646	LB: 205.292	GB: 211.035	Conf: 0.635927	Pts: 58475
Particle (11):: Fit: 196.518	PB: 196.518	LB: 210.004	GB: 211.035	Conf: 0.700225	Pts: 108713
Particle (35):: Fit: 197.462	PB: 197.462	LB: 209.949	GB: 211.035	Conf: 0.746143	Pts: 53612
Particle (23):: Fit: 198.474	PB: 198.474	LB: 207.502	GB: 211.035	Conf: 0.533048	Pts: 53198
Particle (27):: Fit: 209.26	PB: 209.26	LB: 211.035	GB: 211.035	Conf: 0.834122	Pts: 103310
Particle (4):: Fit: 197.198	PB: 197.198	LB: 205.531	GB: 211.035	Conf: 0.933583	Pts: 53595
Particle (18):: Fit: 201.003	PB: 201.003	LB: 207.071	GB: 211.035	Conf: 0.228495	Pts: 53462
Particle (37):: Fit: 202.11	PB: 202.11	LB: 203.83	GB: 211.035	Conf: 0.658398	Pts: 113129
Global Best: 
  Inner Net 1
  -- 1 : 1 = 0.5
  -- 1 : 2 = 0.395992
  -- 1 : 3 = -0.168245
  -- 1 : 4 = -0.267527
  -- 1 : 5 = -0.0955676
  -- 1 : 6 = -0.304744
  -- 1 : 7 = -0.576
  -- 1 : 8 = -0.10065
  -- 1 : 9 = 0.172341
  -- 2 : 1 = 0.0118764
  -- 2 : 2 = -0.13861
  -- 2 : 3 = -0.0868386
  -- 2 : 4 = 0.0289112
  -- 2 : 5 = 0.371104
  -- 2 : 6 = -0.334565
  -- 2 : 7 = 0.260031
  -- 2 : 8 = -0.0228995
  -- 2 : 9 = -0.174274
  -- 3 : 1 = -0.0291019
  -- 3 : 2 = 0.246755
  -- 3 : 3 = -0.409889
  -- 3 : 4 = -0.0720508
  -- 3 : 5 = 0.0436166
  -- 3 : 6 = 0.277412
  -- 3 : 7 = 0.000644094
  -- 3 : 8 = -0.322156
  -- 3 : 9 = 0.418269
  -- 4 : 1 = 0.130015
  -- 4 : 2 = 0.12762
  -- 4 : 3 = -0.0917328
  -- 4 : 4 = 0.138384
  -- 4 : 5 = 0.327081
  -- 4 : 6 = 0.442426
  -- 4 : 7 = 0.0804482
  -- 4 : 8 = 0.01134
  -- 4 : 9 = 0.10069
  -- 5 : 1 = -0.0325655
  -- 5 : 2 = -0.452688
  -- 5 : 3 = 0.241753
  -- 5 : 4 = 0.00539694
  -- 5 : 5 = -0.0509315
  -- 5 : 6 = -0.0597336
  -- 5 : 7 = -0.0281435
  -- 5 : 8 = 0.0476288
  -- 5 : 9 = 0.0289362
  -- 6 : 1 = 0.401233
  -- 6 : 2 = 0.257444
  -- 6 : 3 = 0.092803
  -- 6 : 4 = -0.00903112
  -- 6 : 5 = -0.0846632
  -- 6 : 6 = -0.0928008
  -- 6 : 7 = -0.0395089
  -- 6 : 8 = -0.0167846
  -- 6 : 9 = 0.365779
  -- 7 : 1 = 0.279915
  -- 7 : 2 = -0.393579
  -- 7 : 3 = -0.0640607
  -- 7 : 4 = 0.0779902
  -- 7 : 5 = 0.0244668
  -- 7 : 6 = 0.162974
  -- 7 : 7 = -0.0958675
  -- 7 : 8 = 0.0679714
  -- 7 : 9 = 0.0716802
  -- 8 : 1 = 0.730041
  -- 8 : 2 = 0.00427314
  -- 8 : 3 = -0.142875
  -- 8 : 4 = 0.484528
  -- 8 : 5 = -0.0114891
  -- 8 : 6 = 0.1227
  -- 8 : 7 = -0.0249153
  -- 8 : 8 = -0.0106187
  -- 8 : 9 = -0.204652
  -- 9 : 1 = -0.00405751
  -- 9 : 2 = -0.484566
  -- 9 : 3 = 0.122242
  -- 9 : 4 = -0.377092
  -- 9 : 5 = 0.299848
  -- 9 : 6 = -0.0938063
  -- 9 : 7 = -0.161314
  -- 9 : 8 = 0.0198477
  -- 9 : 9 = -0.165682
  -- 10 : 1 = 0.188423
  -- 10 : 2 = -0.151727
  -- 10 : 3 = 0.0140386
  -- 10 : 4 = 0.100387
  -- 10 : 5 = 0.22144
  -- 10 : 6 = 0.11104
  -- 10 : 7 = 0.0572935
  -- 10 : 8 = 0.211201
  -- 10 : 9 = -0.0701032
  Inner Net 2
  -- 1 : 1 = 0.559005
  -- 1 : 2 = -0.0659606
  -- 2 : 1 = -0.0284499
  -- 2 : 2 = 0.33926
  -- 3 : 1 = 0.436839
  -- 3 : 2 = 0.355255
  -- 4 : 1 = -0.0250691
  -- 4 : 2 = -0.172528
  -- 5 : 1 = 0.180807
  -- 5 : 2 = 0.127941
  -- 6 : 1 = -0.322737
  -- 6 : 2 = 0.0407015
  -- 7 : 1 = 0.154601
  -- 7 : 2 = -0.125846
  -- 8 : 1 = 0.0723134
  -- 8 : 2 = 0.352349
  -- 9 : 1 = 0.482608
  -- 9 : 2 = 0.0797132
Out\Act	False		True
False	0.33841	0.50357	0.84198
True	0.0366492	0.121371	0.15802
	0.375059	0.624941
	Accuracy [ (tp + tn) / testSize ]: 0.459781
	Precision [ tp / (tp + fp) ]:      0.194064
	Sensitivity [ tp / (tp + fn) ]:    0.765766
	Specificity [ tn / (tn + fp) ]:    0.401695
	F-Score [ 2tp / (2tp + fp + fn) ]: 0.309842
