
Date / Time: Fri Mar 31 01:33:06 2017

   ****************************************
   * PSO Neural Net (Gaussian Activation) *
   *       by William Boler, BSCE         *
   *     Research Assistant, IUPUI        *
   *                                      *
   *  Professor: Dr. Lauren Christopher   *
   *     Created: March 13, 2017          *
   ****************************************


Inputs: 10
Inner Nets: 1
 - 9
Tests per train(min): 100
Particles: 50
Neighbors: 10
Minimum Particle Iterations: 1000
Particle (0):: Fit: 29.9108	PB: 29.9108	LB: 29.9108	GB: 29.9108	Conf: 1.93469	Pts: 110099
Particle (1):: Fit: 41.8464	PB: 41.8464	LB: 41.8464	GB: 41.8464	Conf: 1.98936	Pts: 110099
Particle (2):: Fit: 37.043	PB: 37.043	LB: 41.8464	GB: 41.8464	Conf: 2	Pts: 55099
Particle (3):: Fit: 12.7772	PB: 12.7772	LB: 41.8464	GB: 41.8464	Conf: 0.0742517	Pts: 55099
Particle (4):: Fit: 57.7418	PB: 57.7418	LB: 57.7418	GB: 57.7418	Conf: 0.929969	Pts: 110099
Particle (5):: Fit: 37.0474	PB: 37.0474	LB: 57.7418	GB: 57.7418	Conf: 1.98379	Pts: 55099
Particle (6):: Fit: 34.1254	PB: 34.1254	LB: 57.7418	GB: 57.7418	Conf: 2	Pts: 55099
Particle (7):: Fit: 39.0373	PB: 39.0373	LB: 57.7418	GB: 57.7418	Conf: 1.39259	Pts: 65099
Particle (8):: Fit: 38.4774	PB: 38.4774	LB: 57.7418	GB: 57.7418	Conf: 0.99776	Pts: 55099
Particle (9):: Fit: 40.8974	PB: 40.8974	LB: 40.8974	GB: 57.7418	Conf: 2	Pts: 75099
Particle (10):: Fit: 40.8974	PB: 40.8974	LB: 40.8974	GB: 57.7418	Conf: 2	Pts: 55099
Particle (11):: Fit: 10.8192	PB: 10.8192	LB: 40.8974	GB: 57.7418	Conf: 0.49951	Pts: 55099
Particle (12):: Fit: 32.7897	PB: 32.7897	LB: 40.8974	GB: 57.7418	Conf: 1.94274	Pts: 60099
Particle (13):: Fit: 39.4564	PB: 39.4564	LB: 40.8974	GB: 57.7418	Conf: 2	Pts: 65099
Particle (14):: Fit: 41.8553	PB: 41.8553	LB: 41.8553	GB: 57.7418	Conf: 2	Pts: 100099
Particle (15):: Fit: 36.5585	PB: 36.5585	LB: 41.8553	GB: 57.7418	Conf: 2	Pts: 55099
Particle (16):: Fit: 37.527	PB: 37.527	LB: 41.8553	GB: 57.7418	Conf: 2	Pts: 60099
Particle (17):: Fit: 38.9759	PB: 38.9759	LB: 41.8553	GB: 57.7418	Conf: 1.98064	Pts: 65099
Particle (18):: Fit: 38.9705	PB: 38.9705	LB: 41.8553	GB: 57.7418	Conf: 1.96574	Pts: 55099
Particle (19):: Fit: 80.42	PB: 80.42	LB: 80.42	GB: 80.42	Conf: 1.82045	Pts: 110099
Particle (20):: Fit: 34.1254	PB: 34.1254	LB: 80.42	GB: 80.42	Conf: 2	Pts: 55099
Particle (21):: Fit: 35.5829	PB: 35.5829	LB: 80.42	GB: 80.42	Conf: 1.92403	Pts: 60099
Particle (22):: Fit: 35.8131	PB: 35.8131	LB: 80.42	GB: 80.42	Conf: 1.98281	Pts: 65099
Particle (23):: Fit: 57.334	PB: 57.334	LB: 80.42	GB: 80.42	Conf: 0.966107	Pts: 70099
Particle (24):: Fit: 35.1008	PB: 35.1008	LB: 57.334	GB: 80.42	Conf: 2	Pts: 55099
Particle (25):: Fit: 37.043	PB: 37.043	LB: 57.334	GB: 80.42	Conf: 2	Pts: 60099
Particle (26):: Fit: 37.527	PB: 37.527	LB: 57.334	GB: 80.42	Conf: 2	Pts: 65099
Particle (27):: Fit: 36.0733	PB: 36.0733	LB: 57.334	GB: 80.42	Conf: 2	Pts: 55099
Particle (28):: Fit: 42.3335	PB: 42.3335	LB: 42.3335	GB: 80.42	Conf: 2	Pts: 75099
Particle (29):: Fit: 41.8553	PB: 41.8553	LB: 42.3335	GB: 80.42	Conf: 2	Pts: 55099
Particle (30):: Fit: 38.0102	PB: 38.0102	LB: 42.3335	GB: 80.42	Conf: 2	Pts: 55099
Particle (31):: Fit: 40.4176	PB: 40.4176	LB: 42.3335	GB: 80.42	Conf: 2	Pts: 60099
Particle (32):: Fit: 37.0752	PB: 37.0752	LB: 42.3335	GB: 80.42	Conf: 1.89135	Pts: 55099
Particle (33):: Fit: 67.9098	PB: 67.9098	LB: 67.9098	GB: 80.42	Conf: 0.789119	Pts: 100099
Particle (34):: Fit: 38.4962	PB: 38.4962	LB: 67.9098	GB: 80.42	Conf: 1.82343	Pts: 55099
Particle (35):: Fit: 42.3335	PB: 42.3335	LB: 67.9098	GB: 80.42	Conf: 2	Pts: 60099
Particle (36):: Fit: 82.1603	PB: 82.1603	LB: 82.1603	GB: 82.1603	Conf: 1.90069	Pts: 110099
Particle (37):: Fit: 77.3096	PB: 77.3096	LB: 82.1603	GB: 82.1603	Conf: 1.97018	Pts: 55099
Particle (38):: Fit: 42.8111	PB: 42.8111	LB: 82.1603	GB: 82.1603	Conf: 2	Pts: 55099
Particle (39):: Fit: 40.9031	PB: 40.9031	LB: 82.1603	GB: 82.1603	Conf: 1.96226	Pts: 55099
Particle (40):: Fit: 38.0102	PB: 38.0102	LB: 82.1603	GB: 82.1603	Conf: 2	Pts: 55099
Particle (41):: Fit: 42.8111	PB: 42.8111	LB: 77.3096	GB: 82.1603	Conf: 2	Pts: 65099
Particle (42):: Fit: 38.5165	PB: 38.5165	LB: 42.8111	GB: 82.1603	Conf: 0.948408	Pts: 50099
Particle (43):: Fit: 44.7169	PB: 44.7169	LB: 44.7169	GB: 82.1603	Conf: 2	Pts: 80099
Particle (44):: Fit: 69.3924	PB: 69.3924	LB: 69.3924	GB: 82.1603	Conf: 1.00077	Pts: 85099
Particle (45):: Fit: 39.5038	PB: 39.5038	LB: 69.3924	GB: 82.1603	Conf: 0.13429	Pts: 50099
Particle (46):: Fit: 34.6087	PB: 34.6087	LB: 69.3924	GB: 82.1603	Conf: 1.74774	Pts: 50099
Particle (47):: Fit: 35.5874	PB: 35.5874	LB: 69.3924	GB: 82.1603	Conf: 2	Pts: 50099
Particle (48):: Fit: 70.1103	PB: 70.1103	LB: 70.1103	GB: 82.1603	Conf: 1.96642	Pts: 100099
Particle (49):: Fit: 40.8698	PB: 40.8698	LB: 70.1103	GB: 82.1603	Conf: 1.94889	Pts: 50099
Global: 82.1603 - Correct: 52% of 100 tests
Global Best: 
  Inner Net 1
  -- 1 : 1 = 0.0566
  -- 1 : 2 = 0.5843
  -- 1 : 3 = 0.3356
  -- 1 : 4 = 0.4051
  -- 1 : 5 = 0.4844
  -- 1 : 6 = 0.2658
  -- 1 : 7 = 0.2544
  -- 1 : 8 = 0.0792
  -- 1 : 9 = 0.3172
  -- 2 : 1 = 0.7875
  -- 2 : 2 = 0.1312
  -- 2 : 3 = 0.1244
  -- 2 : 4 = 0.1678
  -- 2 : 5 = 0.7032
  -- 2 : 6 = 0.2585
  -- 2 : 7 = 0.4854
  -- 2 : 8 = 0.7393
  -- 2 : 9 = 0.2506
  -- 3 : 1 = 0.645
  -- 3 : 2 = 0.0112
  -- 3 : 3 = 0.6226
  -- 3 : 4 = 0.2219
  -- 3 : 5 = 0.0274
  -- 3 : 6 = 0.7896
  -- 3 : 7 = 0.3621
  -- 3 : 8 = 0.091
  -- 3 : 9 = 0.2384
  -- 4 : 1 = 0.1974
  -- 4 : 2 = 0.6532
  -- 4 : 3 = 0.0858
  -- 4 : 4 = 0.1674
  -- 4 : 5 = 0.6383
  -- 4 : 6 = 0.6622
  -- 4 : 7 = 0.2299
  -- 4 : 8 = 0.2314
  -- 4 : 9 = 0.9466
  -- 5 : 1 = 0.2705
  -- 5 : 2 = 0.3033
  -- 5 : 3 = 0.5462
  -- 5 : 4 = 0.9825
  -- 5 : 5 = 0.8667
  -- 5 : 6 = 0.1469
  -- 5 : 7 = 0.2711
  -- 5 : 8 = 0.2458
  -- 5 : 9 = 0.3629
  -- 6 : 1 = 0.1521
  -- 6 : 2 = 0.3789
  -- 6 : 3 = 0.8006
  -- 6 : 4 = 0.2754
  -- 6 : 5 = 0.3447
  -- 6 : 6 = 0.0912
  -- 6 : 7 = 0.7225
  -- 6 : 8 = 0.731
  -- 6 : 9 = 0.9213
  -- 7 : 1 = 0.7865
  -- 7 : 2 = 0.7628
  -- 7 : 3 = 0.3306
  -- 7 : 4 = 0.3071
  -- 7 : 5 = 0.3603
  -- 7 : 6 = 0.2704
  -- 7 : 7 = 0.7471
  -- 7 : 8 = 0.2557
  -- 7 : 9 = 0.7644
  -- 8 : 1 = 0.4964
  -- 8 : 2 = 0.9281
  -- 8 : 3 = 0.3983
  -- 8 : 4 = 0.3857
  -- 8 : 5 = 0.6776
  -- 8 : 6 = 0.6559
  -- 8 : 7 = 0.1015
  -- 8 : 8 = 0.6665
  -- 8 : 9 = 0.6226
  -- 9 : 1 = 0.7527
  -- 9 : 2 = 0.471
  -- 9 : 3 = 0.272
  -- 9 : 4 = 0.4113
  -- 9 : 5 = 0.8831
  -- 9 : 6 = 0.7617
  -- 9 : 7 = 0.8855
  -- 9 : 8 = 0.2881
  -- 9 : 9 = 0.1314
  -- 10 : 1 = 0.5845
  -- 10 : 2 = 0.721
  -- 10 : 3 = 0.5567
  -- 10 : 4 = 0.1559
  -- 10 : 5 = 0.8313
  -- 10 : 6 = 0.9874
  -- 10 : 7 = 0.5741
  -- 10 : 8 = 0.7416
  -- 10 : 9 = 0.0483
  Inner Net 2
  -- 1 : 1 = 0.0472728
  -- 1 : 2 = 0.3663
  -- 2 : 1 = 0.0188022
  -- 2 : 2 = -0.123649
  -- 3 : 1 = 0.4338
  -- 3 : 2 = -0.0088687
  -- 4 : 1 = 0.3376
  -- 4 : 2 = -0.1567
  -- 5 : 1 = -0.0896
  -- 5 : 2 = 0.0814
  -- 6 : 1 = 0.0101
  -- 6 : 2 = -0.2453
  -- 7 : 1 = -0.0183
  -- 7 : 2 = 0.0588
  -- 8 : 1 = -0.1062
  -- 8 : 2 = 0.4846
  -- 9 : 1 = -0.144772
  -- 9 : 2 = -0.2621
Out\Act	False		True
False	0.794384	0.0475964	0.84198
True	0.151356	0.00666349	0.15802
	0.94574	0.0542599
	Accuracy [ (tp + tn) / testSize ]: 0.801047
	Precision [ tp / (tp + fp) ]:      0.121739
	Sensitivity [ tp / (tp + fn) ]:    0.042042
	Specificity [ tn / (tn + fp) ]:    0.942938
	F-Score [ 2tp / (2tp + fp + fn) ]: 0.0626398
Particle (0):: Fit: 34.8487	PB: 34.8487	LB: 70.1103	GB: 82.1603	Conf: 1.86125	Pts: 110198
Particle (2):: Fit: 42.3335	PB: 42.3335	LB: 70.1103	GB: 82.1603	Conf: 2	Pts: 55198
Particle (5):: Fit: 39.2365	PB: 39.2365	LB: 57.7418	GB: 82.1603	Conf: 1.98609	Pts: 55198
Particle (6):: Fit: 36.0733	PB: 36.0733	LB: 57.7418	GB: 82.1603	Conf: 2	Pts: 55198
Particle (7):: Fit: 84.1018	PB: 84.1018	LB: 84.1018	GB: 84.1018	Conf: 1.27321	Pts: 125198
Particle (11):: Fit: 41.1292	PB: 41.1292	LB: 84.1018	GB: 84.1018	Conf: 0.491091	Pts: 55197
Particle (12):: Fit: 41.3809	PB: 41.3809	LB: 41.8553	GB: 84.1018	Conf: 1.98184	Pts: 60198
Particle (14):: Fit: 42.8111	PB: 42.8111	LB: 80.42	GB: 84.1018	Conf: 2	Pts: 110198
Particle (15):: Fit: 41.8553	PB: 41.8553	LB: 80.42	GB: 84.1018	Conf: 2	Pts: 55198
Particle (16):: Fit: 41.3766	PB: 41.3766	LB: 80.42	GB: 84.1018	Conf: 2	Pts: 60198
Particle (18):: Fit: 39.459	PB: 39.459	LB: 80.42	GB: 84.1018	Conf: 1.90535	Pts: 55198
Particle (20):: Fit: 42.3335	PB: 42.3335	LB: 80.42	GB: 84.1018	Conf: 2	Pts: 55198
Particle (21):: Fit: 38.0066	PB: 38.0066	LB: 80.42	GB: 84.1018	Conf: 1.94004	Pts: 60198
Particle (24):: Fit: 39.4564	PB: 39.4564	LB: 57.334	GB: 84.1018	Conf: 2	Pts: 55198
Particle (25):: Fit: 38.4929	PB: 38.4929	LB: 57.334	GB: 84.1018	Conf: 2	Pts: 60198
Particle (26):: Fit: 38.9749	PB: 38.9749	LB: 57.334	GB: 84.1018	Conf: 2	Pts: 65198
Particle (27):: Fit: 36.5585	PB: 36.5585	LB: 57.334	GB: 84.1018	Conf: 2	Pts: 55198
Particle (30):: Fit: 39.9373	PB: 39.9373	LB: 67.9098	GB: 84.1018	Conf: 2	Pts: 55198
Particle (32):: Fit: 43.3069	PB: 43.3069	LB: 82.1603	GB: 84.1018	Conf: 1.91854	Pts: 55198
Particle (35):: Fit: 42.455	PB: 42.455	LB: 82.1603	GB: 84.1018	Conf: 1.96007	Pts: 60198
Particle (36):: Fit: 86.0379	PB: 86.0379	LB: 86.0379	GB: 86.0379	Conf: 1.95435	Pts: 170198
Particle (39):: Fit: 83.1602	PB: 83.1602	LB: 86.0379	GB: 86.0379	Conf: 1.88193	Pts: 70198
Particle (40):: Fit: 38.4929	PB: 38.4929	LB: 86.0379	GB: 86.0379	Conf: 2	Pts: 55198
Particle (45):: Fit: 57.272	PB: 57.272	LB: 70.1103	GB: 86.0379	Conf: 0.605594	Pts: 50198
Particle (46):: Fit: 84.2496	PB: 84.2496	LB: 84.2496	GB: 86.0379	Conf: 1.64479	Pts: 100198
Particle (47):: Fit: 36.5585	PB: 36.5585	LB: 84.2496	GB: 86.0379	Conf: 2	Pts: 50198
Particle (48):: Fit: 93.3397	PB: 93.3397	LB: 93.3397	GB: 93.3397	Conf: 1.91969	Pts: 160198
Particle (49):: Fit: 67.6161	PB: 67.6161	LB: 93.3397	GB: 93.3397	Conf: 1.89048	Pts: 50198
Global: 93.3397 - Correct: 46% of 100 tests
Global Best: 
  Inner Net 1
  -- 1 : 1 = 0.7713
  -- 1 : 2 = 0.7663
  -- 1 : 3 = 0.8423
  -- 1 : 4 = 0.2966
  -- 1 : 5 = 0.6068
  -- 1 : 6 = 0.8585
  -- 1 : 7 = 0.4827
  -- 1 : 8 = 0.5456
  -- 1 : 9 = 0.5219
  -- 2 : 1 = 0.3771
  -- 2 : 2 = 0.4319
  -- 2 : 3 = 0.6172
  -- 2 : 4 = 0.1861
  -- 2 : 5 = 0.6041
  -- 2 : 6 = 0.8401
  -- 2 : 7 = 0.0481
  -- 2 : 8 = 0.7293
  -- 2 : 9 = 0.2498
  -- 3 : 1 = 0.748
  -- 3 : 2 = 0.7156
  -- 3 : 3 = 0.9254
  -- 3 : 4 = 0.6702
  -- 3 : 5 = 0.1373
  -- 3 : 6 = 0.1825
  -- 3 : 7 = 0.0336
  -- 3 : 8 = 0.0099
  -- 3 : 9 = 0.5544
  -- 4 : 1 = 0.3804
  -- 4 : 2 = 0.1386
  -- 4 : 3 = 0.5038
  -- 4 : 4 = 0.2504
  -- 4 : 5 = 0.8376
  -- 4 : 6 = 0.7264
  -- 4 : 7 = 0.9072
  -- 4 : 8 = 0.1735
  -- 4 : 9 = 0.5352
  -- 5 : 1 = 0.7383
  -- 5 : 2 = 0.3351
  -- 5 : 3 = 0.9245
  -- 5 : 4 = 0.0884
  -- 5 : 5 = 0.2054
  -- 5 : 6 = 0.1136
  -- 5 : 7 = 0.2725
  -- 5 : 8 = 0.4174
  -- 5 : 9 = 0.0647
  -- 6 : 1 = 0.3513
  -- 6 : 2 = 0.9117
  -- 6 : 3 = 0.2918
  -- 6 : 4 = 0.9007
  -- 6 : 5 = 0.2827
  -- 6 : 6 = 0.2273
  -- 6 : 7 = 0.3771
  -- 6 : 8 = 0.8474
  -- 6 : 9 = 0.9816
  -- 7 : 1 = 0.1786
  -- 7 : 2 = 0.8467
  -- 7 : 3 = 0.9947
  -- 7 : 4 = 0.0513
  -- 7 : 5 = 0.6835
  -- 7 : 6 = 0.3212
  -- 7 : 7 = 0.469
  -- 7 : 8 = 0.6139
  -- 7 : 9 = 0.8013
  -- 8 : 1 = 0.4483
  -- 8 : 2 = 0.4446
  -- 8 : 3 = 0.0339
  -- 8 : 4 = 0.4004
  -- 8 : 5 = 0.5462
  -- 8 : 6 = 0.2374
  -- 8 : 7 = 0.4224
  -- 8 : 8 = 0.2241
  -- 8 : 9 = 0.9445
  -- 9 : 1 = 0.5219
  -- 9 : 2 = 0.6968
  -- 9 : 3 = 0.184
  -- 9 : 4 = 0.6798
  -- 9 : 5 = 0.2544
  -- 9 : 6 = 0.4566
  -- 9 : 7 = 0.0805
  -- 9 : 8 = 0.5162
  -- 9 : 9 = 0.6532
  -- 10 : 1 = 0.8954
  -- 10 : 2 = 0.6139
  -- 10 : 3 = 0.2705
  -- 10 : 4 = 0.5071
  -- 10 : 5 = 0.4576
  -- 10 : 6 = 0.9325
  -- 10 : 7 = 0.9685
  -- 10 : 8 = 0.6723
  -- 10 : 9 = 0.0134
  Inner Net 2
  -- 1 : 1 = -0.224109
  -- 1 : 2 = 0.197371
  -- 2 : 1 = -0.0812764
  -- 2 : 2 = -0.246048
  -- 3 : 1 = 0.0398017
  -- 3 : 2 = -0.4383
  -- 4 : 1 = -0.541791
  -- 4 : 2 = -0.0193
  -- 5 : 1 = -0.45235
  -- 5 : 2 = -0.0690696
  -- 6 : 1 = 0.0545638
  -- 6 : 2 = -0.342073
  -- 7 : 1 = 0.166911
  -- 7 : 2 = -0.0172976
  -- 8 : 1 = -0.238506
  -- 8 : 2 = 0.18074
  -- 9 : 1 = -0.100986
  -- 9 : 2 = -0.313771
Out\Act	False		True
False	0.84198	0	0.84198
True	0.15802	0	0.15802
	1	0
	Accuracy [ (tp + tn) / testSize ]: 0.84198
	Precision [ tp / (tp + fp) ]:      0
	Sensitivity [ tp / (tp + fn) ]:    0
	Specificity [ tn / (tn + fp) ]:    0.999435
	F-Score [ 2tp / (2tp + fp + fn) ]: 0
Particle (0):: Fit: 41.9581	PB: 41.9581	LB: 93.3397	GB: 93.3397	Conf: 1.81055	Pts: 110297
Particle (6):: Fit: 44.2412	PB: 44.2412	LB: 84.1018	GB: 93.3397	Conf: 2	Pts: 55297
Particle (11):: Fit: 42.595	PB: 42.595	LB: 84.1018	GB: 93.3397	Conf: 0.431182	Pts: 55296
Particle (17):: Fit: 40.4176	PB: 40.4176	LB: 80.42	GB: 93.3397	Conf: 2	Pts: 65197
Particle (18):: Fit: 73.6766	PB: 73.6766	LB: 80.42	GB: 93.3397	Conf: 1.90389	Pts: 60297
Particle (19):: Fit: 81.9789	PB: 81.9789	LB: 81.9789	GB: 93.3397	Conf: 1.7878	Pts: 160197
Particle (21):: Fit: 40.4176	PB: 40.4176	LB: 81.9789	GB: 93.3397	Conf: 2	Pts: 60297
Particle (22):: Fit: 35.8136	PB: 35.8136	LB: 81.9789	GB: 93.3397	Conf: 1.98065	Pts: 65197
Particle (26):: Fit: 39.9373	PB: 39.9373	LB: 57.334	GB: 93.3397	Conf: 2	Pts: 65297
Particle (27):: Fit: 40.8974	PB: 40.8974	LB: 57.334	GB: 93.3397	Conf: 2	Pts: 55297
Particle (30):: Fit: 41.8553	PB: 41.8553	LB: 67.9098	GB: 93.3397	Conf: 2	Pts: 55297
Particle (31):: Fit: 42.3335	PB: 42.3335	LB: 86.0379	GB: 93.3397	Conf: 2	Pts: 60197
Particle (33):: Fit: 76.0698	PB: 76.0698	LB: 86.0379	GB: 93.3397	Conf: 0.973706	Pts: 115197
Particle (40):: Fit: 39.9373	PB: 39.9373	LB: 86.0379	GB: 93.3397	Conf: 2	Pts: 55297
Particle (42):: Fit: 39.0755	PB: 39.0755	LB: 84.2496	GB: 93.3397	Conf: 0.170191	Pts: 50197
Particle (46):: Fit: 85.2467	PB: 85.2467	LB: 93.3397	GB: 93.3397	Conf: 1.62593	Pts: 110297
Particle (47):: Fit: 41.3766	PB: 41.3766	LB: 93.3397	GB: 93.3397	Conf: 2	Pts: 50297
Particle (0):: Fit: 77.5912	PB: 77.5912	LB: 93.3397	GB: 93.3397	Conf: 1.91121	Pts: 110396
Particle (3):: Fit: 37.674	PB: 37.674	LB: 84.1018	GB: 93.3397	Conf: 0.36155	Pts: 55195
Particle (8):: Fit: 46.4539	PB: 46.4539	LB: 84.1018	GB: 93.3397	Conf: 0.985937	Pts: 60195
Particle (18):: Fit: 86.4537	PB: 86.4537	LB: 86.4537	GB: 93.3397	Conf: 1.96991	Pts: 110396
Particle (19):: Fit: 89.954	PB: 89.954	LB: 89.954	GB: 93.3397	Conf: 1.84607	Pts: 210296
Particle (20):: Fit: 77.6447	PB: 77.6447	LB: 89.954	GB: 93.3397	Conf: 1.96112	Pts: 60296
Particle (21):: Fit: 72.2058	PB: 72.2058	LB: 89.954	GB: 93.3397	Conf: 1.95586	Pts: 65396
Particle (22):: Fit: 38.0102	PB: 38.0102	LB: 89.954	GB: 93.3397	Conf: 2	Pts: 65296
Particle (23):: Fit: 59.5896	PB: 59.5896	LB: 89.954	GB: 93.3397	Conf: 0.878698	Pts: 80196
Particle (36):: Fit: 86.192	PB: 86.192	LB: 86.192	GB: 93.3397	Conf: 1.9481	Pts: 220296
Particle (45):: Fit: 63.4497	PB: 63.4497	LB: 93.3397	GB: 93.3397	Conf: 0.490102	Pts: 50296
Particle (49):: Fit: 76.916	PB: 76.916	LB: 93.3397	GB: 93.3397	Conf: 1.84879	Pts: 50296
Particle (3):: Fit: 38.9935	PB: 38.9935	LB: 84.1018	GB: 93.3397	Conf: 0.978246	Pts: 55294
Particle (9):: Fit: 81.1568	PB: 81.1568	LB: 84.1018	GB: 93.3397	Conf: 1.98437	Pts: 80195
Particle (13):: Fit: 42.8111	PB: 42.8111	LB: 86.4537	GB: 93.3397	Conf: 2	Pts: 65195
Particle (16):: Fit: 42.3335	PB: 42.3335	LB: 89.954	GB: 93.3397	Conf: 2	Pts: 60295
Particle (17):: Fit: 41.3766	PB: 41.3766	LB: 89.954	GB: 93.3397	Conf: 2	Pts: 65295
Particle (24):: Fit: 40.8974	PB: 40.8974	LB: 77.6447	GB: 93.3397	Conf: 2	Pts: 55295
Particle (25):: Fit: 41.8553	PB: 41.8553	LB: 72.2058	GB: 93.3397	Conf: 2	Pts: 60295
Particle (32):: Fit: 75.9288	PB: 75.9288	LB: 86.192	GB: 93.3397	Conf: 1.8835	Pts: 60295
Particle (42):: Fit: 54.8848	PB: 54.8848	LB: 85.2467	GB: 93.3397	Conf: 0.563123	Pts: 50295
Particle (1):: Fit: 78.2422	PB: 78.2422	LB: 93.3397	GB: 93.3397	Conf: 1.98102	Pts: 110194
Particle (4):: Fit: 60.8272	PB: 60.8272	LB: 84.1018	GB: 93.3397	Conf: 1.09178	Pts: 110194
Particle (12):: Fit: 43.765	PB: 43.765	LB: 81.1568	GB: 93.3397	Conf: 2	Pts: 60294
Particle (20):: Fit: 81.2172	PB: 81.2172	LB: 89.954	GB: 93.3397	Conf: 1.97966	Pts: 65394
Particle (32):: Fit: 81.2912	PB: 81.2912	LB: 86.192	GB: 93.3397	Conf: 1.80845	Pts: 80394
Particle (34):: Fit: 81.7432	PB: 81.7432	LB: 86.192	GB: 93.3397	Conf: 1.89146	Pts: 65194
Particle (36):: Fit: 86.5662	PB: 86.5662	LB: 86.5662	GB: 93.3397	Conf: 1.90873	Pts: 270394
Particle (40):: Fit: 44.2412	PB: 44.2412	LB: 86.5662	GB: 93.3397	Conf: 2	Pts: 55394
Particle (47):: Fit: 42.3335	PB: 42.3335	LB: 93.3397	GB: 93.3397	Conf: 2	Pts: 50394
Particle (48):: Fit: 95.3292	PB: 95.3292	LB: 95.3292	GB: 95.3292	Conf: 1.83957	Pts: 220294
Global: 95.3292 - Correct: 40% of 100 tests
Global Best: 
  Inner Net 1
  -- 1 : 1 = 0.7713
  -- 1 : 2 = 0.7663
  -- 1 : 3 = 0.8423
  -- 1 : 4 = 0.2966
  -- 1 : 5 = 0.6068
  -- 1 : 6 = 0.8585
  -- 1 : 7 = 0.4827
  -- 1 : 8 = 0.5456
  -- 1 : 9 = 0.5219
  -- 2 : 1 = 0.3771
  -- 2 : 2 = 0.4319
  -- 2 : 3 = 0.6172
  -- 2 : 4 = 0.1861
  -- 2 : 5 = 0.6041
  -- 2 : 6 = 0.8401
  -- 2 : 7 = 0.0481
  -- 2 : 8 = 0.7293
  -- 2 : 9 = 0.2498
  -- 3 : 1 = 0.748
  -- 3 : 2 = 0.7156
  -- 3 : 3 = 0.9254
  -- 3 : 4 = 0.6702
  -- 3 : 5 = 0.1373
  -- 3 : 6 = 0.1825
  -- 3 : 7 = 0.0336
  -- 3 : 8 = 0.0099
  -- 3 : 9 = 0.5544
  -- 4 : 1 = 0.3804
  -- 4 : 2 = 0.1386
  -- 4 : 3 = 0.5038
  -- 4 : 4 = 0.2504
  -- 4 : 5 = 0.8376
  -- 4 : 6 = 0.7264
  -- 4 : 7 = 0.9072
  -- 4 : 8 = 0.1735
  -- 4 : 9 = 0.5352
  -- 5 : 1 = 0.7383
  -- 5 : 2 = 0.3351
  -- 5 : 3 = 0.9245
  -- 5 : 4 = 0.0884
  -- 5 : 5 = 0.2054
  -- 5 : 6 = 0.1136
  -- 5 : 7 = 0.2725
  -- 5 : 8 = 0.4174
  -- 5 : 9 = 0.0647
  -- 6 : 1 = 0.3513
  -- 6 : 2 = 0.9117
  -- 6 : 3 = 0.2918
  -- 6 : 4 = 0.9007
  -- 6 : 5 = 0.2827
  -- 6 : 6 = 0.2273
  -- 6 : 7 = 0.3771
  -- 6 : 8 = 0.8474
  -- 6 : 9 = 0.9816
  -- 7 : 1 = 0.1786
  -- 7 : 2 = 0.8467
  -- 7 : 3 = 0.9947
  -- 7 : 4 = 0.0513
  -- 7 : 5 = 0.6835
  -- 7 : 6 = 0.3212
  -- 7 : 7 = 0.469
  -- 7 : 8 = 0.6139
  -- 7 : 9 = 0.8013
  -- 8 : 1 = 0.4483
  -- 8 : 2 = 0.4446
  -- 8 : 3 = 0.0339
  -- 8 : 4 = 0.4004
  -- 8 : 5 = 0.5462
  -- 8 : 6 = 0.2374
  -- 8 : 7 = 0.4224
  -- 8 : 8 = 0.2241
  -- 8 : 9 = 0.9445
  -- 9 : 1 = 0.5219
  -- 9 : 2 = 0.6968
  -- 9 : 3 = 0.184
  -- 9 : 4 = 0.6798
  -- 9 : 5 = 0.2544
  -- 9 : 6 = 0.4566
  -- 9 : 7 = 0.0805
  -- 9 : 8 = 0.5162
  -- 9 : 9 = 0.6532
  -- 10 : 1 = 0.8954
  -- 10 : 2 = 0.6139
  -- 10 : 3 = 0.2705
  -- 10 : 4 = 0.5071
  -- 10 : 5 = 0.4576
  -- 10 : 6 = 0.9325
  -- 10 : 7 = 0.9685
  -- 10 : 8 = 0.6723
  -- 10 : 9 = 0.0134
  Inner Net 2
  -- 1 : 1 = -0.250168
  -- 1 : 2 = 0.327418
  -- 2 : 1 = -0.0107705
  -- 2 : 2 = -0.0109686
  -- 3 : 1 = -0.213261
  -- 3 : 2 = -0.0659331
  -- 4 : 1 = -0.835014
  -- 4 : 2 = -0.159426
  -- 5 : 1 = -0.378861
  -- 5 : 2 = -0.221156
  -- 6 : 1 = -0.00620621
  -- 6 : 2 = -0.102681
  -- 7 : 1 = -0.104744
  -- 7 : 2 = 0.00484397
  -- 8 : 1 = -0.243033
  -- 8 : 2 = 0.1471
  -- 9 : 1 = 0.12565
  -- 9 : 2 = -0.259353
Out\Act	False		True
False	0.84198	0	0.84198
True	0.15802	0	0.15802
	1	0
	Accuracy [ (tp + tn) / testSize ]: 0.84198
	Precision [ tp / (tp + fp) ]:      0
	Sensitivity [ tp / (tp + fn) ]:    0
	Specificity [ tn / (tn + fp) ]:    0.999435
	F-Score [ 2tp / (2tp + fp + fn) ]: 0
Particle (5):: Fit: 40.704	PB: 40.704	LB: 84.1018	GB: 95.3292	Conf: 1.96518	Pts: 55293
Particle (10):: Fit: 41.8553	PB: 41.8553	LB: 84.1018	GB: 95.3292	Conf: 2	Pts: 55193
Particle (17):: Fit: 85.0209	PB: 85.0209	LB: 89.954	GB: 95.3292	Conf: 1.99	Pts: 70393
Particle (23):: Fit: 63.1763	PB: 63.1763	LB: 89.954	GB: 95.3292	Conf: 0.931734	Pts: 85293
Particle (24):: Fit: 43.2883	PB: 43.2883	LB: 81.2172	GB: 95.3292	Conf: 2	Pts: 55393
Particle (28):: Fit: 85.9793	PB: 85.9793	LB: 85.9793	GB: 95.3292	Conf: 1.98575	Pts: 110193
Particle (49):: Fit: 77.2195	PB: 77.2195	LB: 95.3292	GB: 95.3292	Conf: 1.85044	Pts: 50393
Particle (3):: Fit: 42.0775	PB: 42.0775	LB: 84.1018	GB: 95.3292	Conf: 0.321359	Pts: 55390
Particle (22):: Fit: 42.8111	PB: 42.8111	LB: 89.954	GB: 95.3292	Conf: 2	Pts: 65392
Particle (2):: Fit: 45.6756	PB: 45.6756	LB: 95.3292	GB: 95.3292	Conf: 1.98393	Pts: 55291
Particle (15):: Fit: 78.2541	PB: 78.2541	LB: 89.954	GB: 95.3292	Conf: 1.98731	Pts: 55291
Particle (19):: Fit: 89.9957	PB: 89.9957	LB: 89.9957	GB: 95.3292	Conf: 1.84583	Pts: 260391
Particle (27):: Fit: 42.8111	PB: 42.8111	LB: 85.9793	GB: 95.3292	Conf: 2	Pts: 55391
Particle (32):: Fit: 84.8703	PB: 84.8703	LB: 86.5662	GB: 95.3292	Conf: 1.90006	Pts: 80491
Particle (42):: Fit: 55.0353	PB: 55.0353	LB: 85.2467	GB: 95.3292	Conf: 0.205054	Pts: 50390
Particle (46):: Fit: 90.7956	PB: 90.7956	LB: 95.3292	GB: 95.3292	Conf: 1.69721	Pts: 120391
Particle (4):: Fit: 65.1869	PB: 65.1869	LB: 84.1018	GB: 95.3292	Conf: 1.2915	Pts: 110290
Particle (9):: Fit: 89.8188	PB: 89.8188	LB: 89.8188	GB: 95.3292	Conf: 1.98936	Pts: 130290
Particle (10):: Fit: 46.6153	PB: 46.6153	LB: 89.8188	GB: 95.3292	Conf: 2	Pts: 55290
Particle (20):: Fit: 84.0535	PB: 84.0535	LB: 89.9957	GB: 95.3292	Conf: 1.985	Pts: 65490
Particle (25):: Fit: 42.3335	PB: 42.3335	LB: 85.9793	GB: 95.3292	Conf: 2	Pts: 60390
Particle (31):: Fit: 43.2883	PB: 43.2883	LB: 86.5662	GB: 95.3292	Conf: 2	Pts: 60290
Particle (39):: Fit: 85.468	PB: 85.468	LB: 86.5662	GB: 95.3292	Conf: 1.86558	Pts: 70290
Particle (13):: Fit: 90.775	PB: 90.775	LB: 90.775	GB: 95.3292	Conf: 1.98879	Pts: 115289
Particle (25):: Fit: 44.7169	PB: 44.7169	LB: 85.9793	GB: 95.3292	Conf: 2	Pts: 60489
Particle (7):: Fit: 85.222	PB: 85.222	LB: 89.8188	GB: 95.3292	Conf: 1.24962	Pts: 130288
Particle (26):: Fit: 42.8111	PB: 42.8111	LB: 85.9793	GB: 95.3292	Conf: 2	Pts: 65388
Particle (6):: Fit: 44.7169	PB: 44.7169	LB: 89.8188	GB: 95.3292	Conf: 2	Pts: 55387
Particle (22):: Fit: 81.162	PB: 81.162	LB: 89.9957	GB: 95.3292	Conf: 1.98889	Pts: 65487
Particle (34):: Fit: 90.1594	PB: 90.1594	LB: 90.1594	GB: 95.3292	Conf: 1.83798	Pts: 115287
Particle (11):: Fit: 43.056	PB: 43.056	LB: 90.775	GB: 95.3292	Conf: 0.831622	Pts: 55384
Particle (35):: Fit: 43.8991	PB: 43.8991	LB: 90.1594	GB: 95.3292	Conf: 1.97229	Pts: 60286
Particle (4):: Fit: 68.7777	PB: 68.7777	LB: 89.8188	GB: 95.3292	Conf: 0.839141	Pts: 110385
Particle (31):: Fit: 44.2412	PB: 44.2412	LB: 90.1594	GB: 95.3292	Conf: 2	Pts: 60385
Particle (11):: Fit: 43.0638	PB: 43.0638	LB: 90.775	GB: 95.3292	Conf: 0.843305	Pts: 55482
Particle (22):: Fit: 88.0156	PB: 88.0156	LB: 89.9957	GB: 95.3292	Conf: 1.97687	Pts: 80584
Particle (35):: Fit: 87.8864	PB: 87.8864	LB: 90.1594	GB: 95.3292	Conf: 1.98082	Pts: 65384
Particle (20):: Fit: 87.8942	PB: 87.8942	LB: 89.9957	GB: 95.3292	Conf: 1.98333	Pts: 65583
Particle (44):: Fit: 84.4293	PB: 84.4293	LB: 95.3292	GB: 95.3292	Conf: 0.948232	Pts: 85183
Particle (4):: Fit: 69.9223	PB: 69.9223	LB: 89.8188	GB: 95.3292	Conf: 1.04732	Pts: 110482
Particle (25):: Fit: 45.1922	PB: 45.1922	LB: 88.0156	GB: 95.3292	Conf: 2	Pts: 60581
Particle (29):: Fit: 42.3335	PB: 42.3335	LB: 90.1594	GB: 95.3292	Conf: 2	Pts: 55181
Particle (42):: Fit: 58.6471	PB: 58.6471	LB: 90.7956	GB: 95.3292	Conf: 0.591735	Pts: 50478
Particle (21):: Fit: 80.1936	PB: 80.1936	LB: 89.9957	GB: 95.3292	Conf: 1.98774	Pts: 65480
Particle (29):: Fit: 44.2412	PB: 44.2412	LB: 90.1594	GB: 95.3292	Conf: 2	Pts: 55280
Particle (47):: Fit: 42.8111	PB: 42.8111	LB: 95.3292	GB: 95.3292	Conf: 2	Pts: 50480
Particle (18):: Fit: 86.9605	PB: 86.9605	LB: 89.9957	GB: 95.3292	Conf: 1.94215	Pts: 110479
Particle (49):: Fit: 78.7399	PB: 78.7399	LB: 95.3292	GB: 95.3292	Conf: 1.84422	Pts: 50478
Particle (27):: Fit: 45.667	PB: 45.667	LB: 85.9793	GB: 95.3292	Conf: 2	Pts: 55477
Particle (32):: Fit: 87.9391	PB: 87.9391	LB: 90.1594	GB: 95.3292	Conf: 1.9634	Pts: 90577
Particle (33):: Fit: 82.7176	PB: 82.7176	LB: 90.1594	GB: 95.3292	Conf: 0.544998	Pts: 115277
Particle (37):: Fit: 77.7788	PB: 77.7788	LB: 90.1594	GB: 95.3292	Conf: 1.90764	Pts: 55177
Particle (19):: Fit: 90.6398	PB: 90.6398	LB: 90.6398	GB: 95.3292	Conf: 1.82028	Pts: 290476
Particle (21):: Fit: 85.982	PB: 85.982	LB: 90.6398	GB: 95.3292	Conf: 1.98816	Pts: 65576
Particle (30):: Fit: 42.8111	PB: 42.8111	LB: 90.1594	GB: 95.3292	Conf: 2	Pts: 55376
Particle (49):: Fit: 88.5525	PB: 88.5525	LB: 95.3292	GB: 95.3292	Conf: 1.86101	Pts: 55576
Particle (33):: Fit: 84.8716	PB: 84.8716	LB: 90.1594	GB: 95.3292	Conf: 0.343	Pts: 115375
Particle (42):: Fit: 61.5285	PB: 61.5285	LB: 90.7956	GB: 95.3292	Conf: 0.374275	Pts: 50571
Particle (5):: Fit: 40.9767	PB: 40.9767	LB: 89.8188	GB: 95.3292	Conf: 1.97855	Pts: 55374
Particle (36):: Fit: 89.8879	PB: 89.8879	LB: 90.1594	GB: 95.3292	Conf: 1.90992	Pts: 280473
Particle (43):: Fit: 83.0939	PB: 83.0939	LB: 95.3292	GB: 95.3292	Conf: 1.98956	Pts: 80173
Particle (23):: Fit: 73.3	PB: 73.3	LB: 90.6398	GB: 95.3292	Conf: 0.912426	Pts: 85372
Particle (37):: Fit: 78.1073	PB: 78.1073	LB: 90.1594	GB: 95.3292	Conf: 1.96249	Pts: 55271
Particle (32):: Fit: 91.7706	PB: 91.7706	LB: 91.7706	GB: 95.3292	Conf: 1.87533	Pts: 140670
Particle (37):: Fit: 88.1363	PB: 88.1363	LB: 90.1594	GB: 95.3292	Conf: 1.94696	Pts: 55370
Particle (14):: Fit: 43.2883	PB: 43.2883	LB: 90.775	GB: 95.3292	Conf: 2	Pts: 110269
Particle (5):: Fit: 83.173	PB: 83.173	LB: 89.8188	GB: 95.3292	Conf: 1.97349	Pts: 55468
Particle (3):: Fit: 42.1094	PB: 42.1094	LB: 88.5525	GB: 95.3292	Conf: 0.656356	Pts: 55453
Particle (5):: Fit: 85.9822	PB: 85.9822	LB: 89.8188	GB: 95.3292	Conf: 1.98843	Pts: 55565
Particle (30):: Fit: 43.2883	PB: 43.2883	LB: 91.7706	GB: 95.3292	Conf: 2	Pts: 55465
Particle (41):: Fit: 43.2883	PB: 43.2883	LB: 90.7956	GB: 95.3292	Conf: 2	Pts: 65165
Particle (26):: Fit: 44.2412	PB: 44.2412	LB: 88.0156	GB: 95.3292	Conf: 2	Pts: 65462
Particle (28):: Fit: 87.9021	PB: 87.9021	LB: 91.7706	GB: 95.3292	Conf: 1.98796	Pts: 110261
Particle (45):: Fit: 88.452	PB: 88.452	LB: 95.3292	GB: 95.3292	Conf: 0.203136	Pts: 50360
Particle (36):: Fit: 93.5559	PB: 93.5559	LB: 93.5559	GB: 95.3292	Conf: 1.89852	Pts: 330559
Particle (39):: Fit: 88.3877	PB: 88.3877	LB: 93.5559	GB: 95.3292	Conf: 1.94523	Pts: 70359
Particle (46):: Fit: 93.4518	PB: 93.4518	LB: 95.3292	GB: 95.3292	Conf: 1.77591	Pts: 130458
Particle (29):: Fit: 46.1414	PB: 46.1414	LB: 91.7706	GB: 95.3292	Conf: 2	Pts: 55356
Particle (42):: Fit: 61.9857	PB: 61.9857	LB: 93.4518	GB: 95.3292	Conf: 0.0516836	Pts: 50650
Particle (1):: Fit: 79.2703	PB: 79.2703	LB: 95.3292	GB: 95.3292	Conf: 1.97255	Pts: 110255
Particle (30):: Fit: 45.1922	PB: 45.1922	LB: 91.7706	GB: 95.3292	Conf: 2	Pts: 55552
Particle (47):: Fit: 45.667	PB: 45.667	LB: 95.3292	GB: 95.3292	Conf: 2	Pts: 50552
Particle (18):: Fit: 87.947	PB: 87.947	LB: 90.6398	GB: 95.3292	Conf: 1.93125	Pts: 110549
Particle (21):: Fit: 88.1334	PB: 88.1334	LB: 90.6398	GB: 95.3292	Conf: 1.95931	Pts: 75649
Particle (20):: Fit: 89.8903	PB: 89.8903	LB: 90.6398	GB: 95.3292	Conf: 1.95524	Pts: 70646
Particle (49):: Fit: 92.4968	PB: 92.4968	LB: 95.3292	GB: 95.3292	Conf: 1.8122	Pts: 60646
Particle (44):: Fit: 85.3507	PB: 85.3507	LB: 95.3292	GB: 95.3292	Conf: 1.23127	Pts: 85245
Particle (2):: Fit: 75.3396	PB: 75.3396	LB: 95.3292	GB: 95.3292	Conf: 1.97457	Pts: 55337
Particle (44):: Fit: 94.1386	PB: 94.1386	LB: 95.3292	GB: 95.3292	Conf: 1.17845	Pts: 105337
Particle (22):: Fit: 92.6843	PB: 92.6843	LB: 92.6843	GB: 95.3292	Conf: 1.98804	Pts: 130636
Particle (24):: Fit: 43.765	PB: 43.765	LB: 92.6843	GB: 95.3292	Conf: 2	Pts: 55436
Particle (46):: Fit: 94.4345	PB: 94.4345	LB: 95.3292	GB: 95.3292	Conf: 1.62243	Pts: 140531
Particle (41):: Fit: 46.1414	PB: 46.1414	LB: 94.4345	GB: 95.3292	Conf: 2	Pts: 65223
Particle (38):: Fit: 43.765	PB: 43.765	LB: 93.5559	GB: 95.3292	Conf: 2	Pts: 55118
Particle (16):: Fit: 43.2883	PB: 43.2883	LB: 90.775	GB: 95.3292	Conf: 2	Pts: 60317
Particle (7):: Fit: 89.8334	PB: 89.8334	LB: 89.8334	GB: 95.3292	Conf: 1.4256	Pts: 150316
Particle (26):: Fit: 45.1922	PB: 45.1922	LB: 92.6843	GB: 95.3292	Conf: 2	Pts: 65514
Particle (39):: Fit: 90.1479	PB: 90.1479	LB: 94.1386	GB: 95.3292	Conf: 1.88366	Pts: 70414
Particle (42):: Fit: 62.077	PB: 62.077	LB: 94.4345	GB: 95.3292	Conf: 0.599271	Pts: 50700
Particle (20):: Fit: 91.7256	PB: 91.7256	LB: 92.6843	GB: 95.3292	Conf: 1.98504	Pts: 80711
Particle (47):: Fit: 82.1282	PB: 82.1282	LB: 95.3292	GB: 95.3292	Conf: 1.98831	Pts: 50610
Particle (18):: Fit: 89.4745	PB: 89.4745	LB: 92.6843	GB: 95.3292	Conf: 1.89949	Pts: 110609
Particle (3):: Fit: 42.5417	PB: 42.5417	LB: 92.4968	GB: 95.3292	Conf: 0.876145	Pts: 55478
Particle (38):: Fit: 45.1922	PB: 45.1922	LB: 93.5559	GB: 95.3292	Conf: 2	Pts: 55206
Particle (16):: Fit: 44.2412	PB: 44.2412	LB: 91.7256	GB: 95.3292	Conf: 2	Pts: 60407
Particle (47):: Fit: 87.8966	PB: 87.8966	LB: 95.3292	GB: 95.3292	Conf: 1.98433	Pts: 50704
Particle (43):: Fit: 86.9368	PB: 86.9368	LB: 95.3292	GB: 95.3292	Conf: 1.98416	Pts: 80199
Particle (2):: Fit: 80.9463	PB: 80.9463	LB: 95.3292	GB: 95.3292	Conf: 0.842728	Pts: 55398
Particle (3):: Fit: 65.8754	PB: 65.8754	LB: 92.4968	GB: 95.3292	Conf: 0.264057	Pts: 55567
Particle (10):: Fit: 63.9538	PB: 63.9538	LB: 90.775	GB: 95.3292	Conf: 1.03212	Pts: 55298
Particle (12):: Fit: 64.5042	PB: 64.5042	LB: 90.775	GB: 95.3292	Conf: 0.438008	Pts: 60298
Particle (16):: Fit: 84.5491	PB: 84.5491	LB: 91.7256	GB: 95.3292	Conf: 0.127867	Pts: 60498
Particle (26):: Fit: 49.0128	PB: 49.0128	LB: 92.6843	GB: 95.3292	Conf: 0.92311	Pts: 65598
Particle (27):: Fit: 72.3127	PB: 72.3127	LB: 91.7706	GB: 95.3292	Conf: 0.615072	Pts: 55497
Particle (31):: Fit: 63.0465	PB: 63.0465	LB: 93.5559	GB: 95.3292	Conf: 1.44269	Pts: 60398
Particle (41):: Fit: 66.3524	PB: 66.3524	LB: 94.4345	GB: 95.3292	Conf: 0.595944	Pts: 65298
Particle (2):: Fit: 84.8172	PB: 84.8172	LB: 95.3292	GB: 95.3292	Conf: 0.546428	Pts: 55497
Particle (6):: Fit: 73.2464	PB: 73.2464	LB: 89.8334	GB: 95.3292	Conf: 0.392011	Pts: 55397
Particle (8):: Fit: 46.8651	PB: 46.8651	LB: 90.775	GB: 95.3292	Conf: 0.611913	Pts: 60170
Particle (10):: Fit: 80.3927	PB: 80.3927	LB: 90.775	GB: 95.3292	Conf: 0.195838	Pts: 55397
Particle (11):: Fit: 63.4983	PB: 63.4983	LB: 90.775	GB: 95.3292	Conf: 0.912618	Pts: 55481
Particle (25):: Fit: 58.623	PB: 58.623	LB: 92.6843	GB: 95.3292	Conf: 0.513583	Pts: 60597
Particle (26):: Fit: 53.8455	PB: 53.8455	LB: 92.6843	GB: 95.3292	Conf: 0.881004	Pts: 65697
Particle (27):: Fit: 79.4426	PB: 79.4426	LB: 91.7706	GB: 95.3292	Conf: 0.898869	Pts: 55596
Particle (29):: Fit: 57.6903	PB: 57.6903	LB: 91.7706	GB: 95.3292	Conf: 0.943938	Pts: 55396
Particle (8):: Fit: 87.2436	PB: 87.2436	LB: 90.775	GB: 95.3292	Conf: 0.910688	Pts: 60269
Particle (11):: Fit: 73.3883	PB: 73.3883	LB: 90.775	GB: 95.3292	Conf: 0.475398	Pts: 55580
Particle (24):: Fit: 46.6571	PB: 46.6571	LB: 92.6843	GB: 95.3292	Conf: 0.876866	Pts: 55496
Particle (25):: Fit: 73.9629	PB: 73.9629	LB: 92.6843	GB: 95.3292	Conf: 0.719764	Pts: 60696
Particle (26):: Fit: 74.3421	PB: 74.3421	LB: 92.6843	GB: 95.3292	Conf: 0.637504	Pts: 65796
Particle (29):: Fit: 79.2457	PB: 79.2457	LB: 91.7706	GB: 95.3292	Conf: 0.441295	Pts: 55495
Particle (16):: Fit: 85.9922	PB: 85.9922	LB: 91.7256	GB: 95.3292	Conf: 0.337498	Pts: 60595
Particle (26):: Fit: 84.5898	PB: 84.5898	LB: 92.6843	GB: 95.3292	Conf: 0.334468	Pts: 65895
Particle (38):: Fit: 52.7956	PB: 52.7956	LB: 93.5559	GB: 95.3292	Conf: 0.737997	Pts: 55293
Particle (3):: Fit: 83.9633	PB: 83.9633	LB: 92.4968	GB: 95.3292	Conf: 0.676718	Pts: 55663
Particle (12):: Fit: 85.1266	PB: 85.1266	LB: 90.775	GB: 95.3292	Conf: 0.417437	Pts: 60394
Particle (14):: Fit: 80.3918	PB: 80.3918	LB: 90.775	GB: 95.3292	Conf: 0.980474	Pts: 110294
Particle (24):: Fit: 58.4952	PB: 58.4952	LB: 92.6843	GB: 95.3292	Conf: 0.744797	Pts: 55594
Particle (30):: Fit: 53.6881	PB: 53.6881	LB: 91.7706	GB: 95.3292	Conf: 0.391864	Pts: 55594
Particle (29):: Fit: 84.1737	PB: 84.1737	LB: 91.7706	GB: 95.3292	Conf: 0.713335	Pts: 55592
Particle (30):: Fit: 82.4922	PB: 82.4922	LB: 91.7706	GB: 95.3292	Conf: 0.439745	Pts: 55693
Particle (38):: Fit: 73.9749	PB: 73.9749	LB: 93.5559	GB: 95.3292	Conf: 0.228284	Pts: 55391
Particle (41):: Fit: 71.2971	PB: 71.2971	LB: 94.4345	GB: 95.3292	Conf: 0.437359	Pts: 65393
Particle (23):: Fit: 85.1146	PB: 85.1146	LB: 92.6843	GB: 95.3292	Conf: 1.97475	Pts: 85392
Particle (24):: Fit: 64.158	PB: 64.158	LB: 92.6843	GB: 95.3292	Conf: 0.767052	Pts: 55692
Particle (40):: Fit: 62.9629	PB: 62.9629	LB: 94.1386	GB: 95.3292	Conf: 0.243081	Pts: 55392
Particle (42):: Fit: 75.2864	PB: 75.2864	LB: 94.4345	GB: 95.3292	Conf: 0.582538	Pts: 50773
Particle (1):: Fit: 83.4455	PB: 83.4455	LB: 95.3292	GB: 95.3292	Conf: 0.565272	Pts: 110289
Particle (41):: Fit: 75.1604	PB: 75.1604	LB: 94.4345	GB: 95.3292	Conf: 0.309137	Pts: 65491
Particle (15):: Fit: 81.3193	PB: 81.3193	LB: 91.7256	GB: 95.3292	Conf: 0.328798	Pts: 55290
Particle (27):: Fit: 86.2099	PB: 86.2099	LB: 91.7706	GB: 95.3292	Conf: 0.790503	Pts: 55689
Particle (40):: Fit: 79.6921	PB: 79.6921	LB: 94.1386	GB: 95.3292	Conf: 0.700749	Pts: 55490
Particle (42):: Fit: 77.1105	PB: 77.1105	LB: 94.4345	GB: 95.3292	Conf: 0.513781	Pts: 50871
Particle (12):: Fit: 91.1327	PB: 91.1327	LB: 91.1327	GB: 95.3292	Conf: 0.439489	Pts: 100489
Particle (14):: Fit: 81.1143	PB: 81.1143	LB: 91.1327	GB: 95.3292	Conf: 0.426012	Pts: 110389
Particle (30):: Fit: 88.486	PB: 88.486	LB: 91.7706	GB: 95.3292	Conf: 0.526008	Pts: 55789
Particle (42):: Fit: 98.3448	PB: 98.3448	LB: 98.3448	GB: 98.3448	Conf: 0.631933	Pts: 110969
Global: 98.3448 - Correct: 67% of 100 tests
Global Best: 
  Inner Net 1
  -- 1 : 1 = -0.129936
  -- 1 : 2 = 0.482797
  -- 1 : 3 = 0.473079
  -- 1 : 4 = 0.261619
  -- 1 : 5 = 0.270835
  -- 1 : 6 = -0.260668
  -- 1 : 7 = 0.254354
  -- 1 : 8 = 0.35493
  -- 1 : 9 = -0.212228
  -- 2 : 1 = 0.35467
  -- 2 : 2 = 0.123682
  -- 2 : 3 = 0.357954
  -- 2 : 4 = 0.202229
  -- 2 : 5 = -0.0406397
  -- 2 : 6 = 0.120297
  -- 2 : 7 = 0.149465
  -- 2 : 8 = -0.210728
  -- 2 : 9 = -0.10564
  -- 3 : 1 = 0.519504
  -- 3 : 2 = -0.0718253
  -- 3 : 3 = 0.153498
  -- 3 : 4 = -0.0754491
  -- 3 : 5 = 0.261136
  -- 3 : 6 = 0.189673
  -- 3 : 7 = 0.0565919
  -- 3 : 8 = -0.205773
  -- 3 : 9 = -0.226348
  -- 4 : 1 = 0.0217322
  -- 4 : 2 = 0.315542
  -- 4 : 3 = 0.0513204
  -- 4 : 4 = 0.334983
  -- 4 : 5 = 0.464469
  -- 4 : 6 = 0.51929
  -- 4 : 7 = 0.357298
  -- 4 : 8 = -0.0943966
  -- 4 : 9 = 0.110395
  -- 5 : 1 = 0.765161
  -- 5 : 2 = 0.356129
  -- 5 : 3 = 0.343346
  -- 5 : 4 = -0.0345928
  -- 5 : 5 = 0.0615585
  -- 5 : 6 = 0.0214943
  -- 5 : 7 = -0.286413
  -- 5 : 8 = 0.107214
  -- 5 : 9 = -0.0929222
  -- 6 : 1 = 0.408293
  -- 6 : 2 = 0.328097
  -- 6 : 3 = 0.223132
  -- 6 : 4 = 0.413771
  -- 6 : 5 = 0.196675
  -- 6 : 6 = 0.0615866
  -- 6 : 7 = 0.00302043
  -- 6 : 8 = 0.648099
  -- 6 : 9 = 0.367452
  -- 7 : 1 = 0.0734124
  -- 7 : 2 = 0.41206
  -- 7 : 3 = 0.517057
  -- 7 : 4 = 0.157066
  -- 7 : 5 = 0.310155
  -- 7 : 6 = 0.328896
  -- 7 : 7 = -0.238362
  -- 7 : 8 = 0.356432
  -- 7 : 9 = -0.0486468
  -- 8 : 1 = 0.618287
  -- 8 : 2 = -0.0581258
  -- 8 : 3 = 0.540081
  -- 8 : 4 = 0.377809
  -- 8 : 5 = 0.149206
  -- 8 : 6 = -0.187275
  -- 8 : 7 = 0.377964
  -- 8 : 8 = 0.251297
  -- 8 : 9 = 0.0798936
  -- 9 : 1 = 0.417781
  -- 9 : 2 = 0.348852
  -- 9 : 3 = 0.0538622
  -- 9 : 4 = -0.187901
  -- 9 : 5 = -0.0134515
  -- 9 : 6 = 0.0508365
  -- 9 : 7 = -0.161884
  -- 9 : 8 = 0.0496765
  -- 9 : 9 = 0.453727
  -- 10 : 1 = 0.132032
  -- 10 : 2 = 0.253826
  -- 10 : 3 = 0.0379946
  -- 10 : 4 = 0.098274
  -- 10 : 5 = 0.0959551
  -- 10 : 6 = 0.562617
  -- 10 : 7 = 0.235747
  -- 10 : 8 = 0.290956
  -- 10 : 9 = 0.483158
  Inner Net 2
  -- 1 : 1 = -0.0445545
  -- 1 : 2 = -0.287241
  -- 2 : 1 = -0.0970993
  -- 2 : 2 = -0.123729
  -- 3 : 1 = -0.30909
  -- 3 : 2 = 0.299811
  -- 4 : 1 = -0.645917
  -- 4 : 2 = -0.154598
  -- 5 : 1 = -0.488444
  -- 5 : 2 = -0.348916
  -- 6 : 1 = 0.206093
  -- 6 : 2 = -0.0568553
  -- 7 : 1 = -0.00908784
  -- 7 : 2 = 0.000126061
  -- 8 : 1 = 0.457819
  -- 8 : 2 = -0.0250439
  -- 9 : 1 = -0.14785
  -- 9 : 2 = -0.326425
Out\Act	False		True
False	0.34793	0.49405	0.84198
True	0.0280819	0.129938	0.15802
	0.376011	0.623989
	Accuracy [ (tp + tn) / testSize ]: 0.477868
	Precision [ tp / (tp + fp) ]:      0.208079
	Sensitivity [ tp / (tp + fn) ]:    0.81982
	Specificity [ tn / (tn + fp) ]:    0.412994
	F-Score [ 2tp / (2tp + fp + fn) ]: 0.332117
Particle (4):: Fit: 75.388	PB: 75.388	LB: 89.8334	GB: 98.3448	Conf: 0.961762	Pts: 110487
Particle (11):: Fit: 77.9875	PB: 77.9875	LB: 91.1327	GB: 98.3448	Conf: 0.43859	Pts: 55671
Particle (3):: Fit: 105.242	PB: 105.242	LB: 105.242	GB: 105.242	Conf: 0.71688	Pts: 115755
Particle (6):: Fit: 80.5748	PB: 80.5748	LB: 105.242	GB: 105.242	Conf: 0.499196	Pts: 55485
Particle (21):: Fit: 90.3203	PB: 90.3203	LB: 92.6843	GB: 105.242	Conf: 0.933768	Pts: 75686
Particle (25):: Fit: 83.3366	PB: 83.3366	LB: 92.6843	GB: 105.242	Conf: 0.823023	Pts: 60786
Global: 105.242 - Correct: 75% of 100 tests
Global Best: 
  Inner Net 1
  -- 1 : 1 = 0.301394
  -- 1 : 2 = 0.0101639
  -- 1 : 3 = 0.0118128
  -- 1 : 4 = -0.0786699
  -- 1 : 5 = -0.191817
  -- 1 : 6 = -0.109855
  -- 1 : 7 = 0.101896
  -- 1 : 8 = -0.0480614
  -- 1 : 9 = 0.214353
  -- 2 : 1 = 0.211018
  -- 2 : 2 = -0.332188
  -- 2 : 3 = 0.0817528
  -- 2 : 4 = -0.0328159
  -- 2 : 5 = 0.0403454
  -- 2 : 6 = 0.271958
  -- 2 : 7 = -0.268807
  -- 2 : 8 = 0.146378
  -- 2 : 9 = 0.158274
  -- 3 : 1 = 1
  -- 3 : 2 = -0.0246384
  -- 3 : 3 = 0.00723618
  -- 3 : 4 = 0.296258
  -- 3 : 5 = 0.129857
  -- 3 : 6 = -0.0477269
  -- 3 : 7 = 0.180172
  -- 3 : 8 = -0.0898901
  -- 3 : 9 = 0.0510173
  -- 4 : 1 = 0.442728
  -- 4 : 2 = 0.245585
  -- 4 : 3 = 0.159171
  -- 4 : 4 = -0.0545498
  -- 4 : 5 = -0.00261471
  -- 4 : 6 = 0.0660829
  -- 4 : 7 = 0.172906
  -- 4 : 8 = 0.139358
  -- 4 : 9 = 0.0664453
  -- 5 : 1 = 0.830434
  -- 5 : 2 = -0.152355
  -- 5 : 3 = -0.0232816
  -- 5 : 4 = 0.365693
  -- 5 : 5 = 0.10411
  -- 5 : 6 = -0.21419
  -- 5 : 7 = -0.34608
  -- 5 : 8 = 0.384066
  -- 5 : 9 = -0.170979
  -- 6 : 1 = 0.228914
  -- 6 : 2 = 0.114825
  -- 6 : 3 = -0.119153
  -- 6 : 4 = -0.377341
  -- 6 : 5 = 0.0953282
  -- 6 : 6 = 0.11084
  -- 6 : 7 = 0.259599
  -- 6 : 8 = 0.141011
  -- 6 : 9 = 0.411002
  -- 7 : 1 = 0.5
  -- 7 : 2 = -0.115253
  -- 7 : 3 = 0.195147
  -- 7 : 4 = 0.123978
  -- 7 : 5 = -0.210763
  -- 7 : 6 = -0.106729
  -- 7 : 7 = -0.537229
  -- 7 : 8 = -0.264693
  -- 7 : 9 = -0.188834
  -- 8 : 1 = 0.3302
  -- 8 : 2 = -0.395233
  -- 8 : 3 = 0.368811
  -- 8 : 4 = 0.0816785
  -- 8 : 5 = 0.14833
  -- 8 : 6 = 0.000563038
  -- 8 : 7 = -0.0367389
  -- 8 : 8 = -0.118233
  -- 8 : 9 = -0.178238
  -- 9 : 1 = 0.745445
  -- 9 : 2 = 0.0733016
  -- 9 : 3 = 0.0618461
  -- 9 : 4 = -0.437794
  -- 9 : 5 = 0.00185067
  -- 9 : 6 = 0.103621
  -- 9 : 7 = -0.126622
  -- 9 : 8 = 0.324291
  -- 9 : 9 = 0.281514
  -- 10 : 1 = 0.215918
  -- 10 : 2 = -0.128892
  -- 10 : 3 = -0.347901
  -- 10 : 4 = -0.130663
  -- 10 : 5 = 0.432298
  -- 10 : 6 = 0.305871
  -- 10 : 7 = 0.374833
  -- 10 : 8 = -0.12776
  -- 10 : 9 = 0.122551
  Inner Net 2
  -- 1 : 1 = -0.552766
  -- 1 : 2 = 0.0143618
  -- 2 : 1 = -0.0351633
  -- 2 : 2 = 0.445578
  -- 3 : 1 = -0.52635
  -- 3 : 2 = -0.019658
  -- 4 : 1 = 0.370144
  -- 4 : 2 = -0.16515
  -- 5 : 1 = -0.254603
  -- 5 : 2 = -0.0894115
  -- 6 : 1 = -0.00957977
  -- 6 : 2 = -0.177528
  -- 7 : 1 = -0.338074
  -- 7 : 2 = -0.131725
  -- 8 : 1 = -0.596847
  -- 8 : 2 = 0.425914
  -- 9 : 1 = -0.0676732
  -- 9 : 2 = 0.089985
Out\Act	False		True
False	0.26178	0.5802	0.84198
True	0.0371252	0.120895	0.15802
	0.298905	0.701095
	Accuracy [ (tp + tn) / testSize ]: 0.382675
	Precision [ tp / (tp + fp) ]:      0.17232
	Sensitivity [ tp / (tp + fn) ]:    0.762763
	Specificity [ tn / (tn + fp) ]:    0.310734
	F-Score [ 2tp / (2tp + fp + fn) ]: 0.281285
Particle (37):: Fit: 88.4567	PB: 88.4567	LB: 98.3448	GB: 105.242	Conf: 0.424807	Pts: 55383
Particle (9):: Fit: 90.6879	PB: 90.6879	LB: 91.1327	GB: 105.242	Conf: 0.626655	Pts: 130284
Particle (10):: Fit: 87.5163	PB: 87.5163	LB: 91.1327	GB: 105.242	Conf: 0.60784	Pts: 55484
Particle (29):: Fit: 84.8121	PB: 84.8121	LB: 91.7706	GB: 105.242	Conf: 0.202866	Pts: 55682
Particle (30):: Fit: 90.9088	PB: 90.9088	LB: 91.7706	GB: 105.242	Conf: 0.377396	Pts: 55883
Particle (43):: Fit: 87.4291	PB: 87.4291	LB: 98.3448	GB: 105.242	Conf: 0.396026	Pts: 80283
Particle (2):: Fit: 86.2866	PB: 86.2866	LB: 105.242	GB: 105.242	Conf: 0.758105	Pts: 55582
Particle (19):: Fit: 90.6881	PB: 90.6881	LB: 92.6843	GB: 105.242	Conf: 0.469706	Pts: 290482
Particle (1):: Fit: 88.9122	PB: 88.9122	LB: 105.242	GB: 105.242	Conf: 0.285195	Pts: 110379
Particle (26):: Fit: 86.2363	PB: 86.2363	LB: 92.6843	GB: 105.242	Conf: 0.402499	Pts: 65981
Particle (40):: Fit: 87.2209	PB: 87.2209	LB: 98.3448	GB: 105.242	Conf: 0.306141	Pts: 55580
Particle (2):: Fit: 88.1288	PB: 88.1288	LB: 105.242	GB: 105.242	Conf: 0.981765	Pts: 55680
Particle (4):: Fit: 88.2066	PB: 88.2066	LB: 105.242	GB: 105.242	Conf: 0.264134	Pts: 110580
Particle (15):: Fit: 82.9395	PB: 82.9395	LB: 91.7256	GB: 105.242	Conf: 0.343774	Pts: 55380
Particle (16):: Fit: 88.7002	PB: 88.7002	LB: 91.7256	GB: 105.242	Conf: 0.274971	Pts: 60679
Particle (11):: Fit: 80.0139	PB: 80.0139	LB: 91.1327	GB: 105.242	Conf: 0.581317	Pts: 55763
Particle (14):: Fit: 94.6933	PB: 94.6933	LB: 94.6933	GB: 105.242	Conf: 0.641591	Pts: 160479
Particle (15):: Fit: 84.6757	PB: 84.6757	LB: 94.6933	GB: 105.242	Conf: 0.613727	Pts: 55478
Particle (29):: Fit: 86.455	PB: 86.455	LB: 91.7706	GB: 105.242	Conf: 0.640669	Pts: 55777
Particle (15):: Fit: 85.5954	PB: 85.5954	LB: 94.6933	GB: 105.242	Conf: 0.556037	Pts: 55577
Particle (38):: Fit: 85.2891	PB: 85.2891	LB: 98.3448	GB: 105.242	Conf: 0.0953133	Pts: 55475
Particle (5):: Fit: 88.0773	PB: 88.0773	LB: 105.242	GB: 105.242	Conf: 0.38211	Pts: 55575
Particle (11):: Fit: 86.4416	PB: 86.4416	LB: 94.6933	GB: 105.242	Conf: 0.344599	Pts: 55860
Particle (21):: Fit: 93.9922	PB: 93.9922	LB: 93.9922	GB: 105.242	Conf: 0.943713	Pts: 110776
Particle (11):: Fit: 90.8387	PB: 90.8387	LB: 94.6933	GB: 105.242	Conf: 0.552356	Pts: 55959
Particle (4):: Fit: 89.9051	PB: 89.9051	LB: 105.242	GB: 105.242	Conf: 0.94022	Pts: 110674
Particle (20):: Fit: 91.924	PB: 91.924	LB: 93.9922	GB: 105.242	Conf: 0.877325	Pts: 80773
Particle (41):: Fit: 80.9405	PB: 80.9405	LB: 98.3448	GB: 105.242	Conf: 0.30223	Pts: 65574
Particle (10):: Fit: 89.3028	PB: 89.3028	LB: 94.6933	GB: 105.242	Conf: 0.574912	Pts: 55573
Particle (34):: Fit: 91.1622	PB: 91.1622	LB: 93.5559	GB: 105.242	Conf: 0.677825	Pts: 115272
Particle (39):: Fit: 94.9157	PB: 94.9157	LB: 98.3448	GB: 105.242	Conf: 0.418259	Pts: 85472
Particle (18):: Fit: 90.0753	PB: 90.0753	LB: 94.6933	GB: 105.242	Conf: 0.48346	Pts: 110671
Particle (41):: Fit: 86.3712	PB: 86.3712	LB: 98.3448	GB: 105.242	Conf: 0.276697	Pts: 65671
Particle (6):: Fit: 87.8743	PB: 87.8743	LB: 105.242	GB: 105.242	Conf: 0.385654	Pts: 55561
Particle (10):: Fit: 90.4412	PB: 90.4412	LB: 94.6933	GB: 105.242	Conf: 0.824853	Pts: 55662
Particle (16):: Fit: 89.9826	PB: 89.9826	LB: 94.6933	GB: 105.242	Conf: 0.463934	Pts: 60761
Particle (43):: Fit: 88.204	PB: 88.204	LB: 98.3448	GB: 105.242	Conf: 0.435473	Pts: 80361
Particle (24):: Fit: 66.5108	PB: 66.5108	LB: 93.9922	GB: 105.242	Conf: 0.728687	Pts: 55759
Particle (15):: Fit: 86.638	PB: 86.638	LB: 94.6933	GB: 105.242	Conf: 0.513964	Pts: 55659
Particle (25):: Fit: 85.833	PB: 85.833	LB: 93.9922	GB: 105.242	Conf: 0.780037	Pts: 60857
Particle (16):: Fit: 92.5953	PB: 92.5953	LB: 94.6933	GB: 105.242	Conf: 0.164169	Pts: 60855
Particle (17):: Fit: 89.1427	PB: 89.1427	LB: 94.6933	GB: 105.242	Conf: 0.964316	Pts: 70353
Particle (27):: Fit: 87.1283	PB: 87.1283	LB: 91.7706	GB: 105.242	Conf: 0.650646	Pts: 55751
Particle (41):: Fit: 87.033	PB: 87.033	LB: 98.3448	GB: 105.242	Conf: 0.169552	Pts: 65749
Particle (32):: Fit: 93.7389	PB: 93.7389	LB: 93.7389	GB: 105.242	Conf: 0.603828	Pts: 175648
Particle (43):: Fit: 91.5316	PB: 91.5316	LB: 98.3448	GB: 105.242	Conf: 0.534495	Pts: 80449
Particle (15):: Fit: 92.7378	PB: 92.7378	LB: 94.6933	GB: 105.242	Conf: 0.387167	Pts: 55747
Particle (29):: Fit: 89.6301	PB: 89.6301	LB: 93.7389	GB: 105.242	Conf: 0.65438	Pts: 55845
Particle (40):: Fit: 88.7974	PB: 88.7974	LB: 98.3448	GB: 105.242	Conf: 0.598864	Pts: 55643
Particle (0):: Fit: 91.3534	PB: 91.3534	LB: 105.242	GB: 105.242	Conf: 0.664165	Pts: 110344
Particle (39):: Fit: 95.6674	PB: 95.6674	LB: 98.3448	GB: 105.242	Conf: 0.678353	Pts: 100544
Particle (43):: Fit: 96.3673	PB: 96.3673	LB: 98.3448	GB: 105.242	Conf: 0.60135	Pts: 85545
Particle (14):: Fit: 98.6211	PB: 98.6211	LB: 98.6211	GB: 105.242	Conf: 0.836805	Pts: 210542
Particle (31):: Fit: 63.2656	PB: 63.2656	LB: 93.7389	GB: 105.242	Conf: 0.909451	Pts: 60439
Particle (2):: Fit: 89.1657	PB: 89.1657	LB: 105.242	GB: 105.242	Conf: 0.933754	Pts: 55740
Particle (8):: Fit: 98.1425	PB: 98.1425	LB: 98.1425	GB: 105.242	Conf: 0.866831	Pts: 65312
Particle (47):: Fit: 87.9125	PB: 87.9125	LB: 96.3673	GB: 105.242	Conf: 0.225311	Pts: 50739
Particle (10):: Fit: 90.5587	PB: 90.5587	LB: 98.6211	GB: 105.242	Conf: 0.392002	Pts: 55736
Particle (28):: Fit: 95.7618	PB: 95.7618	LB: 95.7618	GB: 105.242	Conf: 0.866515	Pts: 160229
Particle (47):: Fit: 94.3761	PB: 94.3761	LB: 96.3673	GB: 105.242	Conf: 0.752899	Pts: 50834
Particle (7):: Fit: 91.308	PB: 91.308	LB: 105.242	GB: 105.242	Conf: 0.236046	Pts: 150329
Particle (38):: Fit: 87.3815	PB: 87.3815	LB: 98.3448	GB: 105.242	Conf: 0.0434908	Pts: 55529
Particle (2):: Fit: 89.9142	PB: 89.9142	LB: 105.242	GB: 105.242	Conf: 0.861126	Pts: 55831
Particle (40):: Fit: 90.9629	PB: 90.9629	LB: 98.3448	GB: 105.242	Conf: 0.447967	Pts: 55726
Particle (26):: Fit: 90.2254	PB: 90.2254	LB: 95.7618	GB: 105.242	Conf: 0.380154	Pts: 66028
Particle (1):: Fit: 91.2033	PB: 91.2033	LB: 105.242	GB: 105.242	Conf: 0.482188	Pts: 110419
Particle (27):: Fit: 88.9558	PB: 88.9558	LB: 95.7618	GB: 105.242	Conf: 0.875601	Pts: 55818
Particle (24):: Fit: 70.0684	PB: 70.0684	LB: 95.7618	GB: 105.242	Conf: 0.790025	Pts: 55815
Particle (37):: Fit: 91.0459	PB: 91.0459	LB: 98.3448	GB: 105.242	Conf: 0.603436	Pts: 55417
Particle (45):: Fit: 88.9353	PB: 88.9353	LB: 98.3448	GB: 105.242	Conf: 0.508571	Pts: 50312
Particle (35):: Fit: 88.5843	PB: 88.5843	LB: 95.6674	GB: 105.242	Conf: 0.437779	Pts: 65316
Particle (0):: Fit: 92.1611	PB: 92.1611	LB: 105.242	GB: 105.242	Conf: 0.541946	Pts: 110413
Particle (2):: Fit: 92.3664	PB: 92.3664	LB: 105.242	GB: 105.242	Conf: 0.631276	Pts: 55915
Particle (29):: Fit: 92.1977	PB: 92.1977	LB: 95.7618	GB: 105.242	Conf: 0.408154	Pts: 55913
Particle (18):: Fit: 90.0918	PB: 90.0918	LB: 98.6211	GB: 105.242	Conf: 0.799141	Pts: 110712
Particle (35):: Fit: 90.9258	PB: 90.9258	LB: 95.6674	GB: 105.242	Conf: 0.174976	Pts: 65412
Particle (41):: Fit: 91.862	PB: 91.862	LB: 98.3448	GB: 105.242	Conf: 0.230541	Pts: 65808
Particle (1):: Fit: 94.5733	PB: 94.5733	LB: 105.242	GB: 105.242	Conf: 0.294137	Pts: 110503
Particle (10):: Fit: 93.1686	PB: 93.1686	LB: 98.6211	GB: 105.242	Conf: 0.676659	Pts: 55803
Particle (38):: Fit: 93.3132	PB: 93.3132	LB: 98.3448	GB: 105.242	Conf: 0.213178	Pts: 55598
Particle (12):: Fit: 91.5742	PB: 91.5742	LB: 98.6211	GB: 105.242	Conf: 0.424708	Pts: 100497
Particle (45):: Fit: 94.2347	PB: 94.2347	LB: 98.3448	GB: 105.242	Conf: 0.49449	Pts: 50391
Particle (20):: Fit: 92.5011	PB: 92.5011	LB: 93.9922	GB: 105.242	Conf: 0.831462	Pts: 80790
Particle (20):: Fit: 94.5534	PB: 94.5534	LB: 94.5534	GB: 105.242	Conf: 0.677206	Pts: 100876
Particle (22):: Fit: 93.7004	PB: 93.7004	LB: 94.5534	GB: 105.242	Conf: 0.712613	Pts: 130572
Particle (4):: Fit: 92.6852	PB: 92.6852	LB: 105.242	GB: 105.242	Conf: 0.981325	Pts: 110672
Particle (26):: Fit: 95.3572	PB: 95.3572	LB: 95.7618	GB: 105.242	Conf: 0.384858	Pts: 76074
Particle (10):: Fit: 99.2185	PB: 99.2185	LB: 99.2185	GB: 105.242	Conf: 0.604191	Pts: 90870
Particle (9):: Fit: 97.6308	PB: 97.6308	LB: 99.2185	GB: 105.242	Conf: 0.689889	Pts: 130269
Particle (37):: Fit: 94.4942	PB: 94.4942	LB: 98.3448	GB: 105.242	Conf: 0.417796	Pts: 60466
Particle (19):: Fit: 100.968	PB: 100.968	LB: 100.968	GB: 105.242	Conf: 0.800629	Pts: 340464
Particle (31):: Fit: 67.9344	PB: 67.9344	LB: 95.7618	GB: 105.242	Conf: 0.642487	Pts: 60457
Particle (24):: Fit: 75.5907	PB: 75.5907	LB: 95.7618	GB: 105.242	Conf: 0.64123	Pts: 55847
Particle (16):: Fit: 93.957	PB: 93.957	LB: 100.968	GB: 105.242	Conf: 0.0769729	Pts: 60855
Particle (15):: Fit: 93.3331	PB: 93.3331	LB: 100.968	GB: 105.242	Conf: 0.423893	Pts: 55748
Particle (33):: Fit: 87.4846	PB: 87.4846	LB: 94.4942	GB: 105.242	Conf: 0.254129	Pts: 115242
Particle (35):: Fit: 94.0875	PB: 94.0875	LB: 95.6674	GB: 105.242	Conf: 0.423822	Pts: 65444
Particle (7):: Fit: 92.0653	PB: 92.0653	LB: 105.242	GB: 105.242	Conf: 0.249585	Pts: 150324
Particle (47):: Fit: 104.585	PB: 104.585	LB: 104.585	GB: 105.242	Conf: 0.669539	Pts: 80829
Particle (0):: Fit: 94.0186	PB: 94.0186	LB: 105.242	GB: 105.242	Conf: 0.669995	Pts: 110422
Particle (27):: Fit: 90.7291	PB: 90.7291	LB: 95.7618	GB: 105.242	Conf: 0.338109	Pts: 55821
Particle (11):: Fit: 96.2422	PB: 96.2422	LB: 99.2185	GB: 105.242	Conf: 0.492116	Pts: 55907
Particle (27):: Fit: 91.3457	PB: 91.3457	LB: 95.7618	GB: 105.242	Conf: 0.718461	Pts: 55919
Particle (29):: Fit: 92.8055	PB: 92.8055	LB: 95.7618	GB: 105.242	Conf: 0.581832	Pts: 55912
Particle (1):: Fit: 96.6555	PB: 96.6555	LB: 105.242	GB: 105.242	Conf: 0.251364	Pts: 110508
Particle (6):: Fit: 88.9849	PB: 88.9849	LB: 105.242	GB: 105.242	Conf: 0.432261	Pts: 55500
Particle (29):: Fit: 93.3391	PB: 93.3391	LB: 95.7618	GB: 105.242	Conf: 0.857901	Pts: 55995
Particle (20):: Fit: 96.1988	PB: 96.1988	LB: 100.968	GB: 105.242	Conf: 0.698392	Pts: 105893
Particle (7):: Fit: 92.3557	PB: 92.3557	LB: 105.242	GB: 105.242	Conf: 0.437111	Pts: 150373
Particle (5):: Fit: 90.6124	PB: 90.6124	LB: 105.242	GB: 105.242	Conf: 0.718092	Pts: 55476
Particle (30):: Fit: 94.7921	PB: 94.7921	LB: 95.7618	GB: 105.242	Conf: 0.406172	Pts: 60778
Particle (17):: Fit: 92.2311	PB: 92.2311	LB: 100.968	GB: 105.242	Conf: 0.919909	Pts: 70272
Particle (0):: Fit: 95.1075	PB: 95.1075	LB: 105.242	GB: 105.242	Conf: 0.662455	Pts: 110467
Particle (18):: Fit: 92.263	PB: 92.263	LB: 100.968	GB: 105.242	Conf: 0.358286	Pts: 110671
Particle (21):: Fit: 94.1343	PB: 94.1343	LB: 100.968	GB: 105.242	Conf: 0.687075	Pts: 110665
Particle (20):: Fit: 97.1457	PB: 97.1457	LB: 100.968	GB: 105.242	Conf: 0.544884	Pts: 110969
Particle (2):: Fit: 100.438	PB: 100.438	LB: 105.242	GB: 105.242	Conf: 0.80215	Pts: 55860
Particle (6):: Fit: 89.6956	PB: 89.6956	LB: 105.242	GB: 105.242	Conf: 0.316438	Pts: 55544
Particle (30):: Fit: 96.4875	PB: 96.4875	LB: 96.4875	GB: 105.242	Conf: 0.817522	Pts: 110852
Particle (40):: Fit: 94.3306	PB: 94.3306	LB: 98.3448	GB: 105.242	Conf: 0.546166	Pts: 55643
Particle (29):: Fit: 95.5684	PB: 95.5684	LB: 96.4875	GB: 105.242	Conf: 0.508793	Pts: 56048
Particle (6):: Fit: 91.4815	PB: 91.4815	LB: 105.242	GB: 105.242	Conf: 0.354426	Pts: 55628
Particle (25):: Fit: 86.3198	PB: 86.3198	LB: 96.4875	GB: 105.242	Conf: 0.822805	Pts: 60728
Particle (6):: Fit: 92.8062	PB: 92.8062	LB: 105.242	GB: 105.242	Conf: 0.28249	Pts: 55708
Particle (15):: Fit: 97.617	PB: 97.617	LB: 100.968	GB: 105.242	Conf: 0.226614	Pts: 55717
Particle (31):: Fit: 71.22	PB: 71.22	LB: 96.4875	GB: 105.242	Conf: 0.870232	Pts: 60399
Particle (33):: Fit: 92.474	PB: 92.474	LB: 96.4875	GB: 105.242	Conf: 0.284184	Pts: 115205
Particle (27):: Fit: 92.086	PB: 92.086	LB: 96.4875	GB: 105.242	Conf: 0.37947	Pts: 55886
Particle (41):: Fit: 94.1059	PB: 94.1059	LB: 98.3448	GB: 105.242	Conf: 0.358441	Pts: 65670
Particle (7):: Fit: 93.2825	PB: 93.2825	LB: 105.242	GB: 105.242	Conf: 0.486582	Pts: 150352
Particle (27):: Fit: 93.9067	PB: 93.9067	LB: 96.4875	GB: 105.242	Conf: 0.874552	Pts: 55958
Particle (41):: Fit: 97.6136	PB: 97.6136	LB: 98.3448	GB: 105.242	Conf: 0.46672	Pts: 70753
Particle (12):: Fit: 93.5581	PB: 93.5581	LB: 99.2185	GB: 105.242	Conf: 0.383381	Pts: 100356
Particle (43):: Fit: 102.293	PB: 102.293	LB: 104.585	GB: 105.242	Conf: 0.419297	Pts: 105355
Particle (28):: Fit: 98.8942	PB: 98.8942	LB: 98.8942	GB: 105.242	Conf: 0.930829	Pts: 205033
Particle (12):: Fit: 93.9046	PB: 93.9046	LB: 99.2185	GB: 105.242	Conf: 0.390705	Pts: 100422
Particle (33):: Fit: 93.5755	PB: 93.5755	LB: 96.4875	GB: 105.242	Conf: 0.064386	Pts: 115214
Particle (34):: Fit: 95.9844	PB: 95.9844	LB: 96.4875	GB: 105.242	Conf: 0.771665	Pts: 120008
Particle (22):: Fit: 96.6263	PB: 96.6263	LB: 100.968	GB: 105.242	Conf: 0.221162	Pts: 130390
Particle (35):: Fit: 96.7218	PB: 96.7218	LB: 96.7218	GB: 105.242	Conf: 0.342361	Pts: 80298
Particle (12):: Fit: 99.4427	PB: 99.4427	LB: 99.4427	GB: 105.242	Conf: 0.528726	Pts: 130492
Particle (4):: Fit: 94.2433	PB: 94.2433	LB: 105.242	GB: 105.242	Conf: 0.274077	Pts: 110478
Particle (29):: Fit: 96.0368	PB: 96.0368	LB: 98.8942	GB: 105.242	Conf: 0.672805	Pts: 55967
Particle (5):: Fit: 92.1266	PB: 92.1266	LB: 105.242	GB: 105.242	Conf: 0.729186	Pts: 55350
Particle (1):: Fit: 100.023	PB: 100.023	LB: 105.242	GB: 105.242	Conf: 0.359628	Pts: 110351
Particle (32):: Fit: 96.2624	PB: 96.2624	LB: 98.8942	GB: 105.242	Conf: 0.677423	Pts: 175344
Particle (35):: Fit: 97.4722	PB: 97.4722	LB: 97.4722	GB: 105.242	Conf: 0.0784465	Pts: 95337
Particle (25):: Fit: 91.8086	PB: 91.8086	LB: 98.8942	GB: 105.242	Conf: 0.821458	Pts: 60621
Particle (18):: Fit: 92.8055	PB: 92.8055	LB: 100.968	GB: 105.242	Conf: 0.488198	Pts: 110507
Particle (16):: Fit: 96.9271	PB: 96.9271	LB: 100.968	GB: 105.242	Conf: 0.280596	Pts: 60609
Particle (9):: Fit: 98.896	PB: 98.896	LB: 99.4427	GB: 105.242	Conf: 0.652391	Pts: 129993
Particle (12):: Fit: 100.254	PB: 100.254	LB: 100.254	GB: 105.242	Conf: 0.60178	Pts: 160488
Particle (4):: Fit: 96.2426	PB: 96.2426	LB: 105.242	GB: 105.242	Conf: 0.664293	Pts: 110441
Particle (27):: Fit: 94.0459	PB: 94.0459	LB: 98.8942	GB: 105.242	Conf: 0.562185	Pts: 55846
Particle (29):: Fit: 96.1416	PB: 96.1416	LB: 98.8942	GB: 105.242	Conf: 0.330787	Pts: 55943
Particle (45):: Fit: 97.3878	PB: 97.3878	LB: 104.585	GB: 105.242	Conf: 0.450187	Pts: 50034
Particle (18):: Fit: 94.4053	PB: 94.4053	LB: 100.968	GB: 105.242	Conf: 0.534947	Pts: 110537
Particle (27):: Fit: 95.0359	PB: 95.0359	LB: 98.8942	GB: 105.242	Conf: 0.817966	Pts: 55940
Particle (28):: Fit: 100.781	PB: 100.781	LB: 100.781	GB: 105.242	Conf: 0.683069	Pts: 249921
Particle (40):: Fit: 98.2918	PB: 98.2918	LB: 102.293	GB: 105.242	Conf: 0.483108	Pts: 65414
Particle (20):: Fit: 99.2937	PB: 99.2937	LB: 100.968	GB: 105.242	Conf: 0.890427	Pts: 110719
Particle (33):: Fit: 95.0261	PB: 95.0261	LB: 97.4722	GB: 105.242	Conf: 0.585327	Pts: 115089
Particle (10):: Fit: 99.6932	PB: 99.6932	LB: 100.254	GB: 105.242	Conf: 0.184502	Pts: 90474
Particle (40):: Fit: 98.8031	PB: 98.8031	LB: 102.293	GB: 105.242	Conf: 0.60707	Pts: 80444
Particle (20):: Fit: 100.719	PB: 100.719	LB: 100.968	GB: 105.242	Conf: 0.172106	Pts: 110754
Particle (35):: Fit: 97.8163	PB: 97.8163	LB: 98.8031	GB: 105.242	Conf: 0.375652	Pts: 105240
Particle (26):: Fit: 96.0949	PB: 96.0949	LB: 100.781	GB: 105.242	Conf: 0.414238	Pts: 75595
Particle (0):: Fit: 96.3189	PB: 96.3189	LB: 105.242	GB: 105.242	Conf: 0.565512	Pts: 110070
Particle (33):: Fit: 103.694	PB: 103.694	LB: 103.694	GB: 105.242	Conf: 0.633639	Pts: 165074
Particle (48):: Fit: 108.348	PB: 108.348	LB: 108.348	GB: 108.348	Conf: 0.343391	Pts: 279560
Global: 108.348 - Correct: 76% of 100 tests
Global Best: 
  Inner Net 1
  -- 1 : 1 = 0.805765
  -- 1 : 2 = 0.436891
  -- 1 : 3 = -0.124607
  -- 1 : 4 = 0.358853
  -- 1 : 5 = 0.194732
  -- 1 : 6 = 0.36788
  -- 1 : 7 = -0.0346653
  -- 1 : 8 = 0.68189
  -- 1 : 9 = 0.175101
  -- 2 : 1 = 0.117122
  -- 2 : 2 = -0.177869
  -- 2 : 3 = -0.136757
  -- 2 : 4 = 0.432975
  -- 2 : 5 = 0.46226
  -- 2 : 6 = 0.327106
  -- 2 : 7 = -0.264765
  -- 2 : 8 = 0.0485524
  -- 2 : 9 = -0.122522
  -- 3 : 1 = 0
  -- 3 : 2 = 0.18941
  -- 3 : 3 = 0.423189
  -- 3 : 4 = 0.532713
  -- 3 : 5 = -0.288044
  -- 3 : 6 = 0.045877
  -- 3 : 7 = 0.0850021
  -- 3 : 8 = 0.129845
  -- 3 : 9 = -0.215607
  -- 4 : 1 = 0.754034
  -- 4 : 2 = -0.160492
  -- 4 : 3 = -0.253285
  -- 4 : 4 = 0.190785
  -- 4 : 5 = 0.443038
  -- 4 : 6 = 0.612517
  -- 4 : 7 = 0.633992
  -- 4 : 8 = -0.0475892
  -- 4 : 9 = 0.0960178
  -- 5 : 1 = -1
  -- 5 : 2 = 0.399801
  -- 5 : 3 = 0.211527
  -- 5 : 4 = 0.279849
  -- 5 : 5 = 0.479633
  -- 5 : 6 = 0.0599754
  -- 5 : 7 = 0.278583
  -- 5 : 8 = 0.133334
  -- 5 : 9 = 0.0644672
  -- 6 : 1 = 0.0613309
  -- 6 : 2 = -0.0740455
  -- 6 : 3 = 0.475093
  -- 6 : 4 = 0.261267
  -- 6 : 5 = 0.247325
  -- 6 : 6 = -0.0404178
  -- 6 : 7 = 0.145522
  -- 6 : 8 = 0.618191
  -- 6 : 9 = 0.252417
  -- 7 : 1 = 0.0647024
  -- 7 : 2 = 0.398242
  -- 7 : 3 = 0.429622
  -- 7 : 4 = -0.0717553
  -- 7 : 5 = 0.237479
  -- 7 : 6 = 0.242679
  -- 7 : 7 = 0.448739
  -- 7 : 8 = 0.307949
  -- 7 : 9 = 0.22946
  -- 8 : 1 = 0.463986
  -- 8 : 2 = 0.506965
  -- 8 : 3 = 0.0386382
  -- 8 : 4 = -0.130435
  -- 8 : 5 = -0.0192128
  -- 8 : 6 = -0.0869035
  -- 8 : 7 = 0.0786723
  -- 8 : 8 = 0.282175
  -- 8 : 9 = 0
  -- 9 : 1 = 0.355339
  -- 9 : 2 = 0.703447
  -- 9 : 3 = -0.0607433
  -- 9 : 4 = -0.0440446
  -- 9 : 5 = 0.37362
  -- 9 : 6 = 0.218079
  -- 9 : 7 = -0.221651
  -- 9 : 8 = 0.559501
  -- 9 : 9 = -0.00443983
  -- 10 : 1 = 0.864185
  -- 10 : 2 = 0.283092
  -- 10 : 3 = 0.121371
  -- 10 : 4 = 0.323794
  -- 10 : 5 = 0.0631996
  -- 10 : 6 = 0.208727
  -- 10 : 7 = 0
  -- 10 : 8 = 0.684668
  -- 10 : 9 = -0.00555212
  Inner Net 2
  -- 1 : 1 = -0.267129
  -- 1 : 2 = 0.0217533
  -- 2 : 1 = -0.0506533
  -- 2 : 2 = 0.0975074
  -- 3 : 1 = -0.173731
  -- 3 : 2 = -0.23936
  -- 4 : 1 = -0.838616
  -- 4 : 2 = -0.289693
  -- 5 : 1 = -0.143017
  -- 5 : 2 = 0.0805311
  -- 6 : 1 = -0.0161679
  -- 6 : 2 = 0.240966
  -- 7 : 1 = 0.0152133
  -- 7 : 2 = -0.0516744
  -- 8 : 1 = -0.321256
  -- 8 : 2 = 0.262365
  -- 9 : 1 = 0.140473
  -- 9 : 2 = -0.136029
Out\Act	False		True
False	0.330319	0.511661	0.84198
True	0.0295098	0.12851	0.15802
	0.359829	0.640171
	Accuracy [ (tp + tn) / testSize ]: 0.458829
	Precision [ tp / (tp + fp) ]:      0.200594
	Sensitivity [ tp / (tp + fn) ]:    0.810811
	Specificity [ tn / (tn + fp) ]:    0.39209
	F-Score [ 2tp / (2tp + fp + fn) ]: 0.321812
Particle (11):: Fit: 97.7303	PB: 97.7303	LB: 100.254	GB: 108.348	Conf: 0.391272	Pts: 55435
Particle (46):: Fit: 97.2762	PB: 97.2762	LB: 108.348	GB: 108.348	Conf: 0.500144	Pts: 139796
Particle (23):: Fit: 85.7496	PB: 85.7496	LB: 100.968	GB: 108.348	Conf: 0.286951	Pts: 84693
Particle (4):: Fit: 98.5401	PB: 98.5401	LB: 105.242	GB: 108.348	Conf: 0.699172	Pts: 110300
Particle (27):: Fit: 95.6319	PB: 95.6319	LB: 100.781	GB: 108.348	Conf: 0.205298	Pts: 55806
Particle (44):: Fit: 98.7284	PB: 98.7284	LB: 108.348	GB: 108.348	Conf: 0.622886	Pts: 104543
Particle (13):: Fit: 91.4416	PB: 91.4416	LB: 100.254	GB: 108.348	Conf: 1.53653	Pts: 114433
Particle (6):: Fit: 93.2022	PB: 93.2022	LB: 105.242	GB: 108.348	Conf: 0.455525	Pts: 55237
Particle (6):: Fit: 100.224	PB: 100.224	LB: 105.242	GB: 108.348	Conf: 0.427757	Pts: 55334
Particle (39):: Fit: 96.4016	PB: 96.4016	LB: 102.293	GB: 108.348	Conf: 0.589712	Pts: 99859
Particle (37):: Fit: 96.0827	PB: 96.0827	LB: 103.694	GB: 108.348	Conf: 0.500795	Pts: 59845
Particle (18):: Fit: 97.4647	PB: 97.4647	LB: 100.968	GB: 108.348	Conf: 0.831056	Pts: 110326
Particle (22):: Fit: 100.434	PB: 100.434	LB: 100.968	GB: 108.348	Conf: 0.480785	Pts: 130017
Particle (5):: Fit: 92.3044	PB: 92.3044	LB: 105.242	GB: 108.348	Conf: 0.878371	Pts: 55020
Particle (30):: Fit: 96.5294	PB: 96.5294	LB: 103.694	GB: 108.348	Conf: 0.723445	Pts: 110319
Particle (0):: Fit: 99.2805	PB: 99.2805	LB: 108.348	GB: 108.348	Conf: 0.533058	Pts: 109994
Particle (40):: Fit: 99.791	PB: 99.791	LB: 102.293	GB: 108.348	Conf: 0.515941	Pts: 80272
Particle (11):: Fit: 100.233	PB: 100.233	LB: 100.254	GB: 108.348	Conf: 0.508755	Pts: 55340
Particle (32):: Fit: 99.5188	PB: 99.5188	LB: 103.694	GB: 108.348	Conf: 0.398011	Pts: 174957
Particle (13):: Fit: 104.997	PB: 104.997	LB: 104.997	GB: 108.348	Conf: 0.671023	Pts: 164421
Particle (17):: Fit: 98.8269	PB: 98.8269	LB: 104.997	GB: 108.348	Conf: 0.941537	Pts: 69630
Particle (5):: Fit: 94.7791	PB: 94.7791	LB: 105.242	GB: 108.348	Conf: 0.606528	Pts: 55039
Particle (39):: Fit: 101.703	PB: 101.703	LB: 102.293	GB: 108.348	Conf: 0.379834	Pts: 99845
Particle (7):: Fit: 97.5074	PB: 97.5074	LB: 105.242	GB: 108.348	Conf: 0.345735	Pts: 149778
Particle (34):: Fit: 98.0105	PB: 98.0105	LB: 103.694	GB: 108.348	Conf: 0.423312	Pts: 119494
Particle (29):: Fit: 102.089	PB: 102.089	LB: 103.694	GB: 108.348	Conf: 0.683987	Pts: 75593
Particle (41):: Fit: 99.1472	PB: 99.1472	LB: 102.293	GB: 108.348	Conf: 0.380048	Pts: 70151
Particle (30):: Fit: 100.352	PB: 100.352	LB: 103.694	GB: 108.348	Conf: 0.668351	Pts: 110262
Particle (27):: Fit: 99.1057	PB: 99.1057	LB: 102.089	GB: 108.348	Conf: 0.746621	Pts: 55633
Particle (25):: Fit: 96.657	PB: 96.657	LB: 102.089	GB: 108.348	Conf: 0.795963	Pts: 60111
Particle (49):: Fit: 95.6289	PB: 95.6289	LB: 108.348	GB: 108.348	Conf: 0.369238	Pts: 59600
Particle (26):: Fit: 106.34	PB: 106.34	LB: 106.34	GB: 108.348	Conf: 0.742607	Pts: 125270
Particle (14):: Fit: 98.8264	PB: 98.8264	LB: 104.997	GB: 108.348	Conf: 0.827589	Pts: 209552
Particle (21):: Fit: 95.4101	PB: 95.4101	LB: 106.34	GB: 108.348	Conf: 0.512502	Pts: 109827
Particle (20):: Fit: 101.393	PB: 101.393	LB: 101.393	GB: 108.348	Conf: 0.783076	Pts: 125320
Particle (28):: Fit: 102.133	PB: 102.133	LB: 106.34	GB: 108.348	Conf: 0.762881	Pts: 249373
Particle (18):: Fit: 97.5547	PB: 97.5547	LB: 101.393	GB: 108.348	Conf: 0.316497	Pts: 109944
Particle (12):: Fit: 102.01	PB: 102.01	LB: 104.997	GB: 108.348	Conf: 0.434291	Pts: 159718
Particle (38):: Fit: 96.5696	PB: 96.5696	LB: 102.293	GB: 108.348	Conf: 0.236218	Pts: 54305
Particle (5):: Fit: 98.3687	PB: 98.3687	LB: 105.242	GB: 108.348	Conf: 0.93821	Pts: 54610
Particle (6):: Fit: 101.257	PB: 101.257	LB: 105.242	GB: 108.348	Conf: 0.403217	Pts: 54770
Particle (32):: Fit: 100.34	PB: 100.34	LB: 103.694	GB: 108.348	Conf: 0.493443	Pts: 174465
Particle (35):: Fit: 102.276	PB: 102.276	LB: 103.694	GB: 108.348	Conf: 0.444763	Pts: 104456
Particle (5):: Fit: 99.4042	PB: 99.4042	LB: 105.242	GB: 108.348	Conf: 0.821987	Pts: 54568
Particle (5):: Fit: 101.143	PB: 101.143	LB: 105.242	GB: 108.348	Conf: 0.878887	Pts: 54443
Particle (46):: Fit: 97.549	PB: 97.549	LB: 108.348	GB: 108.348	Conf: 0.502495	Pts: 138721
Particle (41):: Fit: 100.67	PB: 100.67	LB: 102.293	GB: 108.348	Conf: 0.370454	Pts: 69337
Particle (37):: Fit: 98.2773	PB: 98.2773	LB: 103.694	GB: 108.348	Conf: 0.515743	Pts: 58852
Particle (39):: Fit: 102.563	PB: 102.563	LB: 102.563	GB: 108.348	Conf: 0.365598	Pts: 118947
Particle (20):: Fit: 102.73	PB: 102.73	LB: 102.73	GB: 108.348	Conf: 0.716844	Pts: 139583
Particle (16):: Fit: 98.6905	PB: 98.6905	LB: 104.997	GB: 108.348	Conf: 0.137166	Pts: 59118
Particle (44):: Fit: 100.907	PB: 100.907	LB: 108.348	GB: 108.348	Conf: 0.818837	Pts: 103326
Particle (7):: Fit: 98.7936	PB: 98.7936	LB: 105.242	GB: 108.348	Conf: 0.298213	Pts: 148639
Particle (18):: Fit: 99.1446	PB: 99.1446	LB: 102.73	GB: 108.348	Conf: 0.787103	Pts: 109179
Particle (15):: Fit: 98.0057	PB: 98.0057	LB: 104.997	GB: 108.348	Conf: 0.400186	Pts: 53860
Particle (36):: Fit: 96.2814	PB: 96.2814	LB: 103.694	GB: 108.348	Conf: 0.625516	Pts: 328247
Particle (32):: Fit: 100.954	PB: 100.954	LB: 103.694	GB: 108.348	Conf: 0.509689	Pts: 173803
Particle (15):: Fit: 101.013	PB: 101.013	LB: 104.997	GB: 108.348	Conf: 0.370994	Pts: 53856
Particle (9):: Fit: 100.449	PB: 100.449	LB: 104.997	GB: 108.348	Conf: 0.859636	Pts: 128193
Particle (21):: Fit: 102.086	PB: 102.086	LB: 106.34	GB: 108.348	Conf: 0.890201	Pts: 108586
Particle (25):: Fit: 97.6572	PB: 97.6572	LB: 106.34	GB: 108.348	Conf: 0.774185	Pts: 58710
Particle (9):: Fit: 100.778	PB: 100.778	LB: 104.997	GB: 108.348	Conf: 0.807621	Pts: 128157
Particle (24):: Fit: 75.6287	PB: 75.6287	LB: 106.34	GB: 108.348	Conf: 0.822219	Pts: 53362
Particle (18):: Fit: 100.057	PB: 100.057	LB: 102.73	GB: 108.348	Conf: 0.452537	Pts: 108809
Particle (31):: Fit: 75.0511	PB: 75.0511	LB: 103.694	GB: 108.348	Conf: 0.830212	Pts: 57940
Particle (37):: Fit: 99.3166	PB: 99.3166	LB: 103.694	GB: 108.348	Conf: 0.566604	Pts: 58205
Particle (23):: Fit: 92.3243	PB: 92.3243	LB: 106.34	GB: 108.348	Conf: 0.641068	Pts: 82569
Particle (4):: Fit: 99.7983	PB: 99.7983	LB: 105.242	GB: 108.348	Conf: 0.706927	Pts: 108173
Particle (41):: Fit: 101.441	PB: 101.441	LB: 102.563	GB: 108.348	Conf: 0.375456	Pts: 68329
Particle (49):: Fit: 96.1888	PB: 96.1888	LB: 108.348	GB: 108.348	Conf: 0.426706	Pts: 57515
Particle (25):: Fit: 98.0767	PB: 98.0767	LB: 106.34	GB: 108.348	Conf: 0.800973	Pts: 57811
Particle (42):: Fit: 100.448	PB: 100.448	LB: 104.585	GB: 108.348	Conf: 0.591083	Pts: 107513
Particle (25):: Fit: 98.9049	PB: 98.9049	LB: 106.34	GB: 108.348	Conf: 0.553285	Pts: 57900
Particle (37):: Fit: 102.87	PB: 102.87	LB: 103.694	GB: 108.348	Conf: 0.544736	Pts: 77458
Particle (41):: Fit: 102.118	PB: 102.118	LB: 102.87	GB: 108.348	Conf: 0.246703	Pts: 67854
Particle (40):: Fit: 104.666	PB: 104.666	LB: 104.666	GB: 108.348	Conf: 0.473055	Pts: 117569
Particle (8):: Fit: 99.776	PB: 99.776	LB: 104.997	GB: 108.348	Conf: 0.956099	Pts: 61725
Particle (42):: Fit: 100.621	PB: 100.621	LB: 104.666	GB: 108.348	Conf: 0.322844	Pts: 107413
Particle (10):: Fit: 102.263	PB: 102.263	LB: 104.997	GB: 108.348	Conf: 0.271219	Pts: 87461
Global Best: 
  Inner Net 1
  -- 1 : 1 = 0.805765
  -- 1 : 2 = 0.436891
  -- 1 : 3 = -0.124607
  -- 1 : 4 = 0.358853
  -- 1 : 5 = 0.194732
  -- 1 : 6 = 0.36788
  -- 1 : 7 = -0.0346653
  -- 1 : 8 = 0.68189
  -- 1 : 9 = 0.175101
  -- 2 : 1 = 0.117122
  -- 2 : 2 = -0.177869
  -- 2 : 3 = -0.136757
  -- 2 : 4 = 0.432975
  -- 2 : 5 = 0.46226
  -- 2 : 6 = 0.327106
  -- 2 : 7 = -0.264765
  -- 2 : 8 = 0.0485524
  -- 2 : 9 = -0.122522
  -- 3 : 1 = 0
  -- 3 : 2 = 0.18941
  -- 3 : 3 = 0.423189
  -- 3 : 4 = 0.532713
  -- 3 : 5 = -0.288044
  -- 3 : 6 = 0.045877
  -- 3 : 7 = 0.0850021
  -- 3 : 8 = 0.129845
  -- 3 : 9 = -0.215607
  -- 4 : 1 = 0.754034
  -- 4 : 2 = -0.160492
  -- 4 : 3 = -0.253285
  -- 4 : 4 = 0.190785
  -- 4 : 5 = 0.443038
  -- 4 : 6 = 0.612517
  -- 4 : 7 = 0.633992
  -- 4 : 8 = -0.0475892
  -- 4 : 9 = 0.0960178
  -- 5 : 1 = -1
  -- 5 : 2 = 0.399801
  -- 5 : 3 = 0.211527
  -- 5 : 4 = 0.279849
  -- 5 : 5 = 0.479633
  -- 5 : 6 = 0.0599754
  -- 5 : 7 = 0.278583
  -- 5 : 8 = 0.133334
  -- 5 : 9 = 0.0644672
  -- 6 : 1 = 0.0613309
  -- 6 : 2 = -0.0740455
  -- 6 : 3 = 0.475093
  -- 6 : 4 = 0.261267
  -- 6 : 5 = 0.247325
  -- 6 : 6 = -0.0404178
  -- 6 : 7 = 0.145522
  -- 6 : 8 = 0.618191
  -- 6 : 9 = 0.252417
  -- 7 : 1 = 0.0647024
  -- 7 : 2 = 0.398242
  -- 7 : 3 = 0.429622
  -- 7 : 4 = -0.0717553
  -- 7 : 5 = 0.237479
  -- 7 : 6 = 0.242679
  -- 7 : 7 = 0.448739
  -- 7 : 8 = 0.307949
  -- 7 : 9 = 0.22946
  -- 8 : 1 = 0.463986
  -- 8 : 2 = 0.506965
  -- 8 : 3 = 0.0386382
  -- 8 : 4 = -0.130435
  -- 8 : 5 = -0.0192128
  -- 8 : 6 = -0.0869035
  -- 8 : 7 = 0.0786723
  -- 8 : 8 = 0.282175
  -- 8 : 9 = 0
  -- 9 : 1 = 0.355339
  -- 9 : 2 = 0.703447
  -- 9 : 3 = -0.0607433
  -- 9 : 4 = -0.0440446
  -- 9 : 5 = 0.37362
  -- 9 : 6 = 0.218079
  -- 9 : 7 = -0.221651
  -- 9 : 8 = 0.559501
  -- 9 : 9 = -0.00443983
  -- 10 : 1 = 0.864185
  -- 10 : 2 = 0.283092
  -- 10 : 3 = 0.121371
  -- 10 : 4 = 0.323794
  -- 10 : 5 = 0.0631996
  -- 10 : 6 = 0.208727
  -- 10 : 7 = 0
  -- 10 : 8 = 0.684668
  -- 10 : 9 = -0.00555212
  Inner Net 2
  -- 1 : 1 = -0.267129
  -- 1 : 2 = 0.0217533
  -- 2 : 1 = -0.0506533
  -- 2 : 2 = 0.0975074
  -- 3 : 1 = -0.173731
  -- 3 : 2 = -0.23936
  -- 4 : 1 = -0.838616
  -- 4 : 2 = -0.289693
  -- 5 : 1 = -0.143017
  -- 5 : 2 = 0.0805311
  -- 6 : 1 = -0.0161679
  -- 6 : 2 = 0.240966
  -- 7 : 1 = 0.0152133
  -- 7 : 2 = -0.0516744
  -- 8 : 1 = -0.321256
  -- 8 : 2 = 0.262365
  -- 9 : 1 = 0.140473
  -- 9 : 2 = -0.136029
Out\Act	False		True
False	0.330319	0.511661	0.84198
True	0.0295098	0.12851	0.15802
	0.359829	0.640171
	Accuracy [ (tp + tn) / testSize ]: 0.458829
	Precision [ tp / (tp + fp) ]:      0.200594
	Sensitivity [ tp / (tp + fn) ]:    0.810811
	Specificity [ tn / (tn + fp) ]:    0.39209
	F-Score [ 2tp / (2tp + fp + fn) ]: 0.321812
