
Date / Time: Fri Mar 31 01:02:57 2017

   ****************************************
   * PSO Neural Net (Gaussian Activation) *
   *       by William Boler, BSCE         *
   *     Research Assistant, IUPUI        *
   *                                      *
   *  Professor: Dr. Lauren Christopher   *
   *     Created: March 13, 2017          *
   ****************************************


Inputs: 10
Inner Nets: 1
 - 10
Tests per train(min): 500
Particles: 50
Neighbors: 10
Minimum Particle Iterations: 1000
Particle (0):: Fit: 2754.2	PB: 2754.2	LB: 2754.2	GB: 2754.2	Conf: 2	Pts: 110099
Particle (1):: Fit: 2753.12	PB: 2753.12	LB: 2754.2	GB: 2754.2	Conf: 2	Pts: 55099
Particle (2):: Fit: 2753.48	PB: 2753.48	LB: 2754.2	GB: 2754.2	Conf: 2	Pts: 60099
Particle (3):: Fit: 2752.5	PB: 2752.5	LB: 2754.2	GB: 2754.2	Conf: 0.97705	Pts: 55099
Particle (4):: Fit: 5.57246	PB: 5.57246	LB: 2754.2	GB: 2754.2	Conf: 0.370569	Pts: 55099
Particle (5):: Fit: 2424.85	PB: 2424.85	LB: 2753.48	GB: 2754.2	Conf: 1.39302	Pts: 60099
Particle (6):: Fit: 2730.98	PB: 2730.98	LB: 2753.48	GB: 2754.2	Conf: 1.97767	Pts: 65099
Particle (7):: Fit: 2754.74	PB: 2754.74	LB: 2754.74	GB: 2754.74	Conf: 1.98627	Pts: 110099
Particle (8):: Fit: 2710.67	PB: 2710.67	LB: 2754.74	GB: 2754.74	Conf: 1.98907	Pts: 55099
Particle (9):: Fit: 2754.2	PB: 2754.2	LB: 2754.74	GB: 2754.74	Conf: 2	Pts: 60099
Particle (10):: Fit: 2753.75	PB: 2753.75	LB: 2754.74	GB: 2754.74	Conf: 2	Pts: 55099
Particle (11):: Fit: 2754.89	PB: 2754.89	LB: 2754.89	GB: 2754.89	Conf: 1.99637	Pts: 110099
Particle (12):: Fit: 2754.37	PB: 2754.37	LB: 2754.89	GB: 2754.89	Conf: 2	Pts: 55099
Particle (13):: Fit: 2754.63	PB: 2754.63	LB: 2754.89	GB: 2754.89	Conf: 2	Pts: 60099
Particle (14):: Fit: 2753.48	PB: 2753.48	LB: 2754.89	GB: 2754.89	Conf: 2	Pts: 55099
Particle (15):: Fit: 5467.34	PB: 5467.34	LB: 5467.34	GB: 5467.34	Conf: 1.99288	Pts: 110099
Particle (16):: Fit: 2754.03	PB: 2754.03	LB: 5467.34	GB: 5467.34	Conf: 1.53823	Pts: 55099
Particle (17):: Fit: 2754.66	PB: 2754.66	LB: 5467.34	GB: 5467.34	Conf: 1.98199	Pts: 60099
Particle (18):: Fit: 2753.57	PB: 2753.57	LB: 5467.34	GB: 5467.34	Conf: 2	Pts: 55099
Particle (19):: Fit: 3958.65	PB: 3958.65	LB: 5467.34	GB: 5467.34	Conf: 1.62198	Pts: 70099
Particle (20):: Fit: 2753.51	PB: 2753.51	LB: 3958.65	GB: 5467.34	Conf: 1.73634	Pts: 55099
Particle (21):: Fit: 2148.09	PB: 2148.09	LB: 3958.65	GB: 5467.34	Conf: 0.956656	Pts: 55099
Particle (22):: Fit: 2751.78	PB: 2751.78	LB: 3958.65	GB: 5467.34	Conf: 2	Pts: 60099
Particle (23):: Fit: 3381.84	PB: 3381.84	LB: 3958.65	GB: 5467.34	Conf: 1.4304	Pts: 70099
Particle (24):: Fit: 2753.09	PB: 2753.09	LB: 3381.84	GB: 5467.34	Conf: 1.91416	Pts: 55099
Particle (25):: Fit: 2752.74	PB: 2752.74	LB: 3381.84	GB: 5467.34	Conf: 2	Pts: 55099
Particle (26):: Fit: 248.391	PB: 248.391	LB: 3381.84	GB: 5467.34	Conf: 0.558248	Pts: 55099
Particle (27):: Fit: 2752.94	PB: 2752.94	LB: 3381.84	GB: 5467.34	Conf: 1.98011	Pts: 65099
Particle (28):: Fit: 2754.2	PB: 2754.2	LB: 2754.2	GB: 5467.34	Conf: 2	Pts: 75099
Particle (29):: Fit: 2755.43	PB: 2755.43	LB: 2755.43	GB: 5467.34	Conf: 1.93822	Pts: 80099
Particle (30):: Fit: 3960.15	PB: 3960.15	LB: 3960.15	GB: 5467.34	Conf: 1.66559	Pts: 100099
Particle (31):: Fit: 5.57996	PB: 5.57996	LB: 3960.15	GB: 5467.34	Conf: 0.116198	Pts: 55099
Particle (32):: Fit: 2753.12	PB: 2753.12	LB: 3960.15	GB: 5467.34	Conf: 1.87087	Pts: 60099
Particle (33):: Fit: 2752.84	PB: 2752.84	LB: 3960.15	GB: 5467.34	Conf: 2	Pts: 55099
Particle (34):: Fit: 2752.68	PB: 2752.68	LB: 3960.15	GB: 5467.34	Conf: 1.84346	Pts: 55099
Particle (35):: Fit: 2754.11	PB: 2754.11	LB: 2754.11	GB: 5467.34	Conf: 2	Pts: 75099
Particle (36):: Fit: 2754.58	PB: 2754.58	LB: 2754.58	GB: 5467.34	Conf: 0.435132	Pts: 80099
Particle (37):: Fit: 2751.35	PB: 2751.35	LB: 2754.58	GB: 5467.34	Conf: 1.77652	Pts: 55099
Particle (38):: Fit: 2751.79	PB: 2751.79	LB: 2754.58	GB: 5467.34	Conf: 0.903528	Pts: 60099
Particle (39):: Fit: 2754.37	PB: 2754.37	LB: 2754.58	GB: 5467.34	Conf: 2	Pts: 65099
Particle (40):: Fit: 410.915	PB: 410.915	LB: 2754.58	GB: 5467.34	Conf: 0.827928	Pts: 55099
Particle (41):: Fit: 2755.4	PB: 2755.4	LB: 2755.4	GB: 5467.34	Conf: 2	Pts: 100099
Particle (42):: Fit: 5.73106	PB: 5.73106	LB: 2755.4	GB: 5467.34	Conf: 0.905337	Pts: 50099
Particle (43):: Fit: 2753.12	PB: 2753.12	LB: 2755.4	GB: 5467.34	Conf: 2	Pts: 50099
Particle (44):: Fit: 5471.03	PB: 5471.03	LB: 5471.03	GB: 5471.03	Conf: 1.97605	Pts: 110099
Particle (45):: Fit: 5510.29	PB: 5510.29	LB: 5510.29	GB: 5510.29	Conf: 1.9975	Pts: 110099
Particle (46):: Fit: 5.5475	PB: 5.5475	LB: 5510.29	GB: 5510.29	Conf: 0.959076	Pts: 50099
Particle (47):: Fit: 2754.26	PB: 2754.26	LB: 5510.29	GB: 5510.29	Conf: 1.796	Pts: 60099
Particle (48):: Fit: 5352.29	PB: 5352.29	LB: 5510.29	GB: 5510.29	Conf: 1.95417	Pts: 65099
Particle (49):: Fit: 2414.8	PB: 2414.8	LB: 5510.29	GB: 5510.29	Conf: 1.37124	Pts: 50099
Global: 5510.29 - Correct: 56.2% of 500 tests
Global Best: 
  Inner Net 1
  -- 1 : 1 = 0.9464
  -- 1 : 2 = 0.8905
  -- 1 : 3 = 0.7896
  -- 1 : 4 = 0.073
  -- 1 : 5 = 0.1192
  -- 1 : 6 = 0.2625
  -- 1 : 7 = 0.4523
  -- 1 : 8 = 0.5864
  -- 1 : 9 = 0.8977
  -- 1 : 10 = 0.1587
  -- 2 : 1 = 0.9304
  -- 2 : 2 = 0.0026
  -- 2 : 3 = 0.9391
  -- 2 : 4 = 0.8546
  -- 2 : 5 = 0.5283
  -- 2 : 6 = 0.7606
  -- 2 : 7 = 0.1242
  -- 2 : 8 = 0.8578
  -- 2 : 9 = 0.0799
  -- 2 : 10 = 0.0958
  -- 3 : 1 = 0.0032
  -- 3 : 2 = 0.0666
  -- 3 : 3 = 0.7128
  -- 3 : 4 = 0.0286
  -- 3 : 5 = 0.9432
  -- 3 : 6 = 0.4376
  -- 3 : 7 = 0.362
  -- 3 : 8 = 0.2552
  -- 3 : 9 = 0.0546
  -- 3 : 10 = 0.9141
  -- 4 : 1 = 0.6711
  -- 4 : 2 = 0.5982
  -- 4 : 3 = 0.845
  -- 4 : 4 = 0.7915
  -- 4 : 5 = 0.8774
  -- 4 : 6 = 0.248
  -- 4 : 7 = 0.0766
  -- 4 : 8 = 0.762
  -- 4 : 9 = 0.8991
  -- 4 : 10 = 0.7015
  -- 5 : 1 = 0.527
  -- 5 : 2 = 0.2181
  -- 5 : 3 = 0.1303
  -- 5 : 4 = 0.1025
  -- 5 : 5 = 0.594
  -- 5 : 6 = 0.8859
  -- 5 : 7 = 0.2708
  -- 5 : 8 = 0.0158
  -- 5 : 9 = 0.6132
  -- 5 : 10 = 0.5828
  -- 6 : 1 = 0.6332
  -- 6 : 2 = 0.6154
  -- 6 : 3 = 0.2581
  -- 6 : 4 = 0.7426
  -- 6 : 5 = 0.9325
  -- 6 : 6 = 0.0876
  -- 6 : 7 = 0.1233
  -- 6 : 8 = 0.0363
  -- 6 : 9 = 0.707
  -- 6 : 10 = 0.6301
  -- 7 : 1 = 0.6906
  -- 7 : 2 = 0.9669
  -- 7 : 3 = 0.9461
  -- 7 : 4 = 0.8494
  -- 7 : 5 = 0.5653
  -- 7 : 6 = 0.1648
  -- 7 : 7 = 0.1819
  -- 7 : 8 = 0.9172
  -- 7 : 9 = 0.7803
  -- 7 : 10 = 0.4611
  -- 8 : 1 = 0.003
  -- 8 : 2 = 0.0325
  -- 8 : 3 = 0.9469
  -- 8 : 4 = 0.4204
  -- 8 : 5 = 0.3558
  -- 8 : 6 = 0.1015
  -- 8 : 7 = 0.4537
  -- 8 : 8 = 0.1491
  -- 8 : 9 = 0.8858
  -- 8 : 10 = 0.503
  -- 9 : 1 = 0.1339
  -- 9 : 2 = 0.475
  -- 9 : 3 = 0.8979
  -- 9 : 4 = 0.8087
  -- 9 : 5 = 0.9605
  -- 9 : 6 = 0.393
  -- 9 : 7 = 0.1712
  -- 9 : 8 = 0.6012
  -- 9 : 9 = 0.0641
  -- 9 : 10 = 0.916
  -- 10 : 1 = 0.6268
  -- 10 : 2 = 0.0279
  -- 10 : 3 = 0.7398
  -- 10 : 4 = 0.1206
  -- 10 : 5 = 0.3421
  -- 10 : 6 = 0.6353
  -- 10 : 7 = 0.0954
  -- 10 : 8 = 0.8656
  -- 10 : 9 = 0.019
  -- 10 : 10 = 0.2909
  Inner Net 2
  -- 1 : 1 = -0.2513
  -- 1 : 2 = -0.1617
  -- 2 : 1 = -0.110692
  -- 2 : 2 = -0.1823
  -- 3 : 1 = -0.2919
  -- 3 : 2 = -0.1735
  -- 4 : 1 = -0.2028
  -- 4 : 2 = 0.2477
  -- 5 : 1 = -0.1298
  -- 5 : 2 = 0.1304
  -- 6 : 1 = -0.2667
  -- 6 : 2 = -0.3152
  -- 7 : 1 = -0.0513
  -- 7 : 2 = 0.0127
  -- 8 : 1 = -0.0188
  -- 8 : 2 = -0.2729
  -- 9 : 1 = -0.0545
  -- 9 : 2 = 0.1619
  -- 10 : 1 = 0.2003
  -- 10 : 2 = 0.2446
Out\Act	False		True
False	0.84198	0	0.84198
True	0.157544	0.000475964	0.15802
	0.999524	0.000475964
	Accuracy [ (tp + tn) / testSize ]: 0.842456
	Precision [ tp / (tp + fp) ]:      0.5
	Sensitivity [ tp / (tp + fn) ]:    0.003003
	Specificity [ tn / (tn + fp) ]:    0.999435
	F-Score [ 2tp / (2tp + fp + fn) ]: 0.00598802
Particle (0):: Fit: 2755.4	PB: 2755.4	LB: 5352.29	GB: 5510.29	Conf: 2	Pts: 120198
Particle (2):: Fit: 2754.02	PB: 2754.02	LB: 5352.29	GB: 5510.29	Conf: 2	Pts: 60198
Particle (6):: Fit: 2755.93	PB: 2755.93	LB: 2755.93	GB: 5510.29	Conf: 1.95922	Pts: 100198
Particle (8):: Fit: 2753.85	PB: 2753.85	LB: 2755.93	GB: 5510.29	Conf: 1.98748	Pts: 55198
Particle (10):: Fit: 2753.93	PB: 2753.93	LB: 5467.34	GB: 5510.29	Conf: 2	Pts: 55198
Particle (12):: Fit: 2754.63	PB: 2754.63	LB: 5467.34	GB: 5510.29	Conf: 2	Pts: 55198
Particle (14):: Fit: 2755.56	PB: 2755.56	LB: 5467.34	GB: 5510.29	Conf: 2	Pts: 55198
Particle (18):: Fit: 2753.93	PB: 2753.93	LB: 5467.34	GB: 5510.29	Conf: 2	Pts: 55198
Particle (19):: Fit: 4236.16	PB: 4236.16	LB: 5467.34	GB: 5510.29	Conf: 1.62463	Pts: 90198
Particle (21):: Fit: 2735.44	PB: 2735.44	LB: 4236.16	GB: 5510.29	Conf: 1.03578	Pts: 55198
Particle (22):: Fit: 2752.36	PB: 2752.36	LB: 4236.16	GB: 5510.29	Conf: 2	Pts: 60198
Particle (24):: Fit: 2753.14	PB: 2753.14	LB: 3381.84	GB: 5510.29	Conf: 1.91561	Pts: 55198
Particle (25):: Fit: 2753.39	PB: 2753.39	LB: 3960.15	GB: 5510.29	Conf: 2	Pts: 55198
Particle (26):: Fit: 341.362	PB: 341.362	LB: 3960.15	GB: 5510.29	Conf: 0.666865	Pts: 55198
Particle (31):: Fit: 2754.14	PB: 2754.14	LB: 3960.15	GB: 5510.29	Conf: 0.255444	Pts: 55198
Particle (32):: Fit: 4533.69	PB: 4533.69	LB: 4533.69	GB: 5510.29	Conf: 1.86811	Pts: 110198
Particle (33):: Fit: 2754.63	PB: 2754.63	LB: 4533.69	GB: 5510.29	Conf: 2	Pts: 55198
Particle (34):: Fit: 4941.63	PB: 4941.63	LB: 4941.63	GB: 5510.29	Conf: 1.86456	Pts: 105198
Particle (35):: Fit: 2754.63	PB: 2754.63	LB: 4941.63	GB: 5510.29	Conf: 2	Pts: 75198
Particle (37):: Fit: 4696.54	PB: 4696.54	LB: 4941.63	GB: 5510.29	Conf: 1.75043	Pts: 55198
Particle (40):: Fit: 5490.67	PB: 5490.67	LB: 5510.29	GB: 5510.29	Conf: 1.09415	Pts: 80198
Particle (41):: Fit: 5513.09	PB: 5513.09	LB: 5513.09	GB: 5513.09	Conf: 1.9971	Pts: 160198
Particle (42):: Fit: 52.85	PB: 52.85	LB: 5513.09	GB: 5513.09	Conf: 0.612362	Pts: 50198
Particle (43):: Fit: 2754.02	PB: 2754.02	LB: 5513.09	GB: 5513.09	Conf: 2	Pts: 50198
Particle (46):: Fit: 130.564	PB: 130.564	LB: 5510.29	GB: 5513.09	Conf: 0.639161	Pts: 50197
Particle (47):: Fit: 3924.71	PB: 3924.71	LB: 5510.29	GB: 5513.09	Conf: 1.64737	Pts: 60198
Particle (48):: Fit: 5457.05	PB: 5457.05	LB: 5510.29	GB: 5513.09	Conf: 1.97321	Pts: 80198
Particle (49):: Fit: 2757.01	PB: 2757.01	LB: 5510.29	GB: 5513.09	Conf: 1.50682	Pts: 55198
Global: 5513.09 - Correct: 53.4% of 500 tests
Global Best: 
  Inner Net 1
  -- 1 : 1 = 0.5797
  -- 1 : 2 = 0.3594
  -- 1 : 3 = 0.3153
  -- 1 : 4 = 0.7978
  -- 1 : 5 = 0.2953
  -- 1 : 6 = 0.7452
  -- 1 : 7 = 0.8288
  -- 1 : 8 = 0.1788
  -- 1 : 9 = 0.0302
  -- 1 : 10 = 0.2979
  -- 2 : 1 = 0.8565
  -- 2 : 2 = 0.7615
  -- 2 : 3 = 0.392
  -- 2 : 4 = 0.0078
  -- 2 : 5 = 0.0292
  -- 2 : 6 = 0.21
  -- 2 : 7 = 0.3562
  -- 2 : 8 = 0.9417
  -- 2 : 9 = 0.8037
  -- 2 : 10 = 0.0965
  -- 3 : 1 = 0.1244
  -- 3 : 2 = 0.3335
  -- 3 : 3 = 0.0485
  -- 3 : 4 = 0.593
  -- 3 : 5 = 0.7805
  -- 3 : 6 = 0.1087
  -- 3 : 7 = 0.4763
  -- 3 : 8 = 0.6509
  -- 3 : 9 = 0.5458
  -- 3 : 10 = 0.722
  -- 4 : 1 = 0.1758
  -- 4 : 2 = 0.1325
  -- 4 : 3 = 0.9183
  -- 4 : 4 = 0.9562
  -- 4 : 5 = 0.6068
  -- 4 : 6 = 0.488
  -- 4 : 7 = 0.1581
  -- 4 : 8 = 0.2374
  -- 4 : 9 = 0.9566
  -- 4 : 10 = 0.6125
  -- 5 : 1 = 0.6189
  -- 5 : 2 = 0.0725
  -- 5 : 3 = 0.4067
  -- 5 : 4 = 0.5993
  -- 5 : 5 = 0.6812
  -- 5 : 6 = 0.4224
  -- 5 : 7 = 0.0393
  -- 5 : 8 = 0.4095
  -- 5 : 9 = 0.4936
  -- 5 : 10 = 0.5086
  -- 6 : 1 = 0.5323
  -- 6 : 2 = 0.1573
  -- 6 : 3 = 0.0626
  -- 6 : 4 = 0.7162
  -- 6 : 5 = 0.7704
  -- 6 : 6 = 0.5549
  -- 6 : 7 = 0.9604
  -- 6 : 8 = 0.0727
  -- 6 : 9 = 0.0776
  -- 6 : 10 = 0.2634
  -- 7 : 1 = 0.1733
  -- 7 : 2 = 0.5809
  -- 7 : 3 = 0.8596
  -- 7 : 4 = 0.6756
  -- 7 : 5 = 0.2074
  -- 7 : 6 = 0.0118
  -- 7 : 7 = 0.6982
  -- 7 : 8 = 0.3581
  -- 7 : 9 = 0.8064
  -- 7 : 10 = 0.4613
  -- 8 : 1 = 0.0719
  -- 8 : 2 = 0.3668
  -- 8 : 3 = 0.0567
  -- 8 : 4 = 0.0805
  -- 8 : 5 = 0.2536
  -- 8 : 6 = 0.5114
  -- 8 : 7 = 0.1921
  -- 8 : 8 = 0.8377
  -- 8 : 9 = 0.4347
  -- 8 : 10 = 0.122
  -- 9 : 1 = 0.0235
  -- 9 : 2 = 0.2562
  -- 9 : 3 = 0.0275
  -- 9 : 4 = 0.6528
  -- 9 : 5 = 0.5387
  -- 9 : 6 = 0.4518
  -- 9 : 7 = 0.0257
  -- 9 : 8 = 0.1403
  -- 9 : 9 = 0.8299
  -- 9 : 10 = 0.3504
  -- 10 : 1 = 0.8049
  -- 10 : 2 = 0.0642
  -- 10 : 3 = 0.9205
  -- 10 : 4 = 0.5176
  -- 10 : 5 = 0.9996
  -- 10 : 6 = 0.7368
  -- 10 : 7 = 0.8992
  -- 10 : 8 = 0.7125
  -- 10 : 9 = 0.019
  -- 10 : 10 = 0.7687
  Inner Net 2
  -- 1 : 1 = -0.345174
  -- 1 : 2 = -0.15422
  -- 2 : 1 = -0.267837
  -- 2 : 2 = -0.20674
  -- 3 : 1 = -0.575952
  -- 3 : 2 = -0.378884
  -- 4 : 1 = -0.3522
  -- 4 : 2 = -0.190037
  -- 5 : 1 = -0.121
  -- 5 : 2 = -0.0672
  -- 6 : 1 = -0.003
  -- 6 : 2 = -0.0087
  -- 7 : 1 = -0.459618
  -- 7 : 2 = -0.315507
  -- 8 : 1 = -0.335498
  -- 8 : 2 = -0.391853
  -- 9 : 1 = -0.2866
  -- 9 : 2 = 0.0506606
  -- 10 : 1 = -0.0410103
  -- 10 : 2 = -0.221841
Out\Act	False		True
False	0.84198	0	0.84198
True	0.15802	0	0.15802
	1	0
	Accuracy [ (tp + tn) / testSize ]: 0.84198
	Precision [ tp / (tp + fp) ]:      0
	Sensitivity [ tp / (tp + fn) ]:    0
	Specificity [ tn / (tn + fp) ]:    0.999435
	F-Score [ 2tp / (2tp + fp + fn) ]: 0
Particle (0):: Fit: 2755.56	PB: 2755.56	LB: 5457.05	GB: 5513.09	Conf: 2	Pts: 120297
Particle (1):: Fit: 2754.55	PB: 2754.55	LB: 5457.05	GB: 5513.09	Conf: 2	Pts: 55197
Particle (2):: Fit: 2755.81	PB: 2755.81	LB: 5457.05	GB: 5513.09	Conf: 2	Pts: 60297
Particle (4):: Fit: 2753.24	PB: 2753.24	LB: 2755.93	GB: 5513.09	Conf: 0.596394	Pts: 55197
Particle (5):: Fit: 2523.47	PB: 2523.47	LB: 2755.93	GB: 5513.09	Conf: 1.42013	Pts: 60197
Particle (6):: Fit: 5360.51	PB: 5360.51	LB: 5360.51	GB: 5513.09	Conf: 1.97112	Pts: 135297
Particle (9):: Fit: 2754.98	PB: 2754.98	LB: 5360.51	GB: 5513.09	Conf: 2	Pts: 60197
Particle (13):: Fit: 2754.72	PB: 2754.72	LB: 5467.34	GB: 5513.09	Conf: 2	Pts: 60197
Particle (16):: Fit: 5516.67	PB: 5516.67	LB: 5516.67	GB: 5516.67	Conf: 1.37453	Pts: 115197
Particle (17):: Fit: 5442.97	PB: 5442.97	LB: 5516.67	GB: 5516.67	Conf: 1.99115	Pts: 65197
Particle (20):: Fit: 5519.76	PB: 5519.76	LB: 5519.76	GB: 5519.76	Conf: 1.75451	Pts: 115197
Particle (22):: Fit: 2753.75	PB: 2753.75	LB: 5519.76	GB: 5519.76	Conf: 2	Pts: 60297
Particle (24):: Fit: 4655.44	PB: 4655.44	LB: 5519.76	GB: 5519.76	Conf: 1.82846	Pts: 75297
Particle (25):: Fit: 2753.57	PB: 2753.57	LB: 4655.44	GB: 5519.76	Conf: 2	Pts: 55297
Particle (26):: Fit: 2752.68	PB: 2752.68	LB: 4655.44	GB: 5519.76	Conf: 0.3266	Pts: 55297
Particle (32):: Fit: 5517.84	PB: 5517.84	LB: 5517.84	GB: 5519.76	Conf: 1.76721	Pts: 160297
Particle (34):: Fit: 5078.18	PB: 5078.18	LB: 5517.84	GB: 5519.76	Conf: 1.88817	Pts: 105297
Particle (43):: Fit: 5515.53	PB: 5515.53	LB: 5515.53	GB: 5519.76	Conf: 1.99612	Pts: 100297
Particle (47):: Fit: 4007.11	PB: 4007.11	LB: 5515.53	GB: 5519.76	Conf: 1.78508	Pts: 60297
Particle (49):: Fit: 5391.79	PB: 5391.79	LB: 5510.29	GB: 5519.76	Conf: 1.22504	Pts: 60297
Global: 5519.76 - Correct: 49% of 500 tests
Global Best: 
  Inner Net 1
  -- 1 : 1 = 0.7323
  -- 1 : 2 = 0.8803
  -- 1 : 3 = 0.0595
  -- 1 : 4 = 0.2096
  -- 1 : 5 = 0.0478
  -- 1 : 6 = 0.2499
  -- 1 : 7 = 0.6792
  -- 1 : 8 = 0.6876
  -- 1 : 9 = 0.8011
  -- 1 : 10 = 0.0029
  -- 2 : 1 = 0.8102
  -- 2 : 2 = 0.2221
  -- 2 : 3 = 0.738
  -- 2 : 4 = 0.1995
  -- 2 : 5 = 0.2493
  -- 2 : 6 = 0.9589
  -- 2 : 7 = 0.4068
  -- 2 : 8 = 0.0464
  -- 2 : 9 = 0.5062
  -- 2 : 10 = 0.1097
  -- 3 : 1 = 0.5264
  -- 3 : 2 = 0.2408
  -- 3 : 3 = 0.0728
  -- 3 : 4 = 0.9776
  -- 3 : 5 = 0.6575
  -- 3 : 6 = 0.0512
  -- 3 : 7 = 0.6991
  -- 3 : 8 = 0.902
  -- 3 : 9 = 0.9932
  -- 3 : 10 = 0.1177
  -- 4 : 1 = 0.1242
  -- 4 : 2 = 0.1564
  -- 4 : 3 = 0.1993
  -- 4 : 4 = 0.7465
  -- 4 : 5 = 0.3251
  -- 4 : 6 = 0.4384
  -- 4 : 7 = 0.5061
  -- 4 : 8 = 0.4067
  -- 4 : 9 = 0.3749
  -- 4 : 10 = 0.7103
  -- 5 : 1 = 0.3825
  -- 5 : 2 = 0.2648
  -- 5 : 3 = 0.9257
  -- 5 : 4 = 0.4294
  -- 5 : 5 = 0.6992
  -- 5 : 6 = 0.787
  -- 5 : 7 = 0.0273
  -- 5 : 8 = 0.0178
  -- 5 : 9 = 0.8382
  -- 5 : 10 = 0.3072
  -- 6 : 1 = 0.0009
  -- 6 : 2 = 0.4576
  -- 6 : 3 = 0.1459
  -- 6 : 4 = 0.3142
  -- 6 : 5 = 0.7115
  -- 6 : 6 = 0.0306
  -- 6 : 7 = 0.9095
  -- 6 : 8 = 0.463
  -- 6 : 9 = 0.6034
  -- 6 : 10 = 0.9653
  -- 7 : 1 = 0.9336
  -- 7 : 2 = 0.9563
  -- 7 : 3 = 0.1985
  -- 7 : 4 = 0.5169
  -- 7 : 5 = 0.8777
  -- 7 : 6 = 0.8549
  -- 7 : 7 = 0.7876
  -- 7 : 8 = 0.2449
  -- 7 : 9 = 0.7726
  -- 7 : 10 = 0.0705
  -- 8 : 1 = 0.8631
  -- 8 : 2 = 0.5667
  -- 8 : 3 = 0.1061
  -- 8 : 4 = 0.0011
  -- 8 : 5 = 0.7462
  -- 8 : 6 = 0.245
  -- 8 : 7 = 0.2199
  -- 8 : 8 = 0.6513
  -- 8 : 9 = 0.3861
  -- 8 : 10 = 0.2082
  -- 9 : 1 = 0.192
  -- 9 : 2 = 0.0025
  -- 9 : 3 = 0.9713
  -- 9 : 4 = 0.9339
  -- 9 : 5 = 0.4378
  -- 9 : 6 = 0.1798
  -- 9 : 7 = 0.5894
  -- 9 : 8 = 0.4554
  -- 9 : 9 = 0.8225
  -- 9 : 10 = 0.1175
  -- 10 : 1 = 0.3171
  -- 10 : 2 = 0.5412
  -- 10 : 3 = 0.5763
  -- 10 : 4 = 0.4145
  -- 10 : 5 = 0.2347
  -- 10 : 6 = 0.7437
  -- 10 : 7 = 0.2998
  -- 10 : 8 = 0.1518
  -- 10 : 9 = 0.7037
  -- 10 : 10 = 0.1241
  Inner Net 2
  -- 1 : 1 = -0.371316
  -- 1 : 2 = -0.270607
  -- 2 : 1 = -0.0637993
  -- 2 : 2 = 0.1896
  -- 3 : 1 = -0.281119
  -- 3 : 2 = -0.373629
  -- 4 : 1 = -0.6075
  -- 4 : 2 = 0.0500409
  -- 5 : 1 = 0.0632
  -- 5 : 2 = -0.109781
  -- 6 : 1 = 0.0253306
  -- 6 : 2 = -0.362425
  -- 7 : 1 = 0.156754
  -- 7 : 2 = -0.0626498
  -- 8 : 1 = -0.193795
  -- 8 : 2 = 0.2362
  -- 9 : 1 = -0.180779
  -- 9 : 2 = -0.067319
  -- 10 : 1 = -0.0021
  -- 10 : 2 = -0.18859
Out\Act	False		True
False	0.713946	0.128034	0.84198
True	0.141361	0.0166587	0.15802
	0.855307	0.144693
	Accuracy [ (tp + tn) / testSize ]: 0.730604
	Precision [ tp / (tp + fp) ]:      0.114754
	Sensitivity [ tp / (tp + fn) ]:    0.105105
	Specificity [ tn / (tn + fp) ]:    0.847458
	F-Score [ 2tp / (2tp + fp + fn) ]: 0.10989
Particle (3):: Fit: 2752.65	PB: 2752.65	LB: 5391.79	GB: 5519.76	Conf: 0.565402	Pts: 55196
Particle (4):: Fit: 2754.4	PB: 2754.4	LB: 5360.51	GB: 5519.76	Conf: 0.473565	Pts: 55296
Particle (6):: Fit: 5362.66	PB: 5362.66	LB: 5362.66	GB: 5519.76	Conf: 1.96986	Pts: 165396
Particle (10):: Fit: 2755.4	PB: 2755.4	LB: 5467.34	GB: 5519.76	Conf: 2	Pts: 55296
Particle (18):: Fit: 2754.63	PB: 2754.63	LB: 5519.76	GB: 5519.76	Conf: 2	Pts: 55296
Particle (19):: Fit: 4316.24	PB: 4316.24	LB: 5519.76	GB: 5519.76	Conf: 1.64806	Pts: 90296
Particle (21):: Fit: 2753.51	PB: 2753.51	LB: 5519.76	GB: 5519.76	Conf: 1.39185	Pts: 55296
Particle (22):: Fit: 2754.63	PB: 2754.63	LB: 5519.76	GB: 5519.76	Conf: 2	Pts: 60396
Particle (24):: Fit: 5515.29	PB: 5515.29	LB: 5519.76	GB: 5519.76	Conf: 1.92437	Pts: 85396
Particle (25):: Fit: 2753.93	PB: 2753.93	LB: 5515.29	GB: 5519.76	Conf: 2	Pts: 55396
Particle (29):: Fit: 5059.86	PB: 5059.86	LB: 5517.84	GB: 5519.76	Conf: 1.87904	Pts: 80196
Particle (30):: Fit: 5460.81	PB: 5460.81	LB: 5517.84	GB: 5519.76	Conf: 1.48903	Pts: 100196
Particle (35):: Fit: 2754.89	PB: 2754.89	LB: 5517.84	GB: 5519.76	Conf: 2	Pts: 75296
Particle (44):: Fit: 5502.13	PB: 5502.13	LB: 5515.53	GB: 5519.76	Conf: 1.98256	Pts: 110196
Particle (8):: Fit: 2753.86	PB: 2753.86	LB: 5362.66	GB: 5519.76	Conf: 1.98907	Pts: 55295
Particle (18):: Fit: 2756.53	PB: 2756.53	LB: 5519.76	GB: 5519.76	Conf: 2	Pts: 55395
Particle (25):: Fit: 2755.31	PB: 2755.31	LB: 5515.29	GB: 5519.76	Conf: 2	Pts: 55495
Particle (26):: Fit: 2755.62	PB: 2755.62	LB: 5515.29	GB: 5519.76	Conf: 0.785511	Pts: 55395
Particle (29):: Fit: 5234.38	PB: 5234.38	LB: 5517.84	GB: 5519.76	Conf: 1.9556	Pts: 80295
Particle (47):: Fit: 4144.77	PB: 4144.77	LB: 5515.53	GB: 5519.76	Conf: 1.76309	Pts: 60395
Particle (1):: Fit: 2754.89	PB: 2754.89	LB: 5457.05	GB: 5519.76	Conf: 2	Pts: 55294
Particle (3):: Fit: 2756.08	PB: 2756.08	LB: 5391.79	GB: 5519.76	Conf: 0.159912	Pts: 55294
Particle (9):: Fit: 2755.48	PB: 2755.48	LB: 5362.66	GB: 5519.76	Conf: 2	Pts: 60294
Particle (13):: Fit: 2755.23	PB: 2755.23	LB: 5516.67	GB: 5519.76	Conf: 2	Pts: 60294
Particle (31):: Fit: 2755.14	PB: 2755.14	LB: 5517.84	GB: 5519.76	Conf: 0.554658	Pts: 55292
Particle (33):: Fit: 2755.56	PB: 2755.56	LB: 5517.84	GB: 5519.76	Conf: 2	Pts: 55294
Particle (46):: Fit: 5434.93	PB: 5434.93	LB: 5515.53	GB: 5519.76	Conf: 0.267067	Pts: 50293
Particle (8):: Fit: 5380.79	PB: 5380.79	LB: 5380.79	GB: 5519.76	Conf: 1.98151	Pts: 85393
Particle (22):: Fit: 2754.98	PB: 2754.98	LB: 5519.76	GB: 5519.76	Conf: 2	Pts: 60493
Particle (26):: Fit: 5519.02	PB: 5519.02	LB: 5519.02	GB: 5519.76	Conf: 0.456663	Pts: 85493
Particle (28):: Fit: 2754.55	PB: 2754.55	LB: 5519.02	GB: 5519.76	Conf: 2	Pts: 75193
Particle (38):: Fit: 2755.16	PB: 2755.16	LB: 5515.53	GB: 5519.76	Conf: 0.861255	Pts: 60193
Particle (47):: Fit: 4360.81	PB: 4360.81	LB: 5515.53	GB: 5519.76	Conf: 1.82828	Pts: 60493
Particle (14):: Fit: 5515.89	PB: 5515.89	LB: 5516.67	GB: 5519.76	Conf: 1.99659	Pts: 65292
Particle (19):: Fit: 4397.45	PB: 4397.45	LB: 5519.76	GB: 5519.76	Conf: 1.69549	Pts: 90392
Particle (21):: Fit: 2753.8	PB: 2753.8	LB: 5519.76	GB: 5519.76	Conf: 1.21135	Pts: 55392
Particle (28):: Fit: 2755.06	PB: 2755.06	LB: 5519.02	GB: 5519.76	Conf: 2	Pts: 75292
Particle (42):: Fit: 54.448	PB: 54.448	LB: 5515.53	GB: 5519.76	Conf: 0.7141	Pts: 50291
Particle (46):: Fit: 5470.72	PB: 5470.72	LB: 5515.53	GB: 5519.76	Conf: 0.779661	Pts: 55391
Particle (11):: Fit: 2755.49	PB: 2755.49	LB: 5516.67	GB: 5519.76	Conf: 1.99426	Pts: 110191
Particle (17):: Fit: 5442.97	PB: 5442.97	LB: 5519.76	GB: 5519.76	Conf: 1.99096	Pts: 65291
Particle (19):: Fit: 5516.7	PB: 5516.7	LB: 5519.76	GB: 5519.76	Conf: 1.63333	Pts: 95491
Particle (22):: Fit: 2755.15	PB: 2755.15	LB: 5519.76	GB: 5519.76	Conf: 2	Pts: 60591
Particle (29):: Fit: 5309.99	PB: 5309.99	LB: 5519.02	GB: 5519.76	Conf: 1.94311	Pts: 80391
Particle (30):: Fit: 5516.86	PB: 5516.86	LB: 5519.02	GB: 5519.76	Conf: 1.64814	Pts: 100291
Particle (44):: Fit: 5519.91	PB: 5519.91	LB: 5519.91	GB: 5519.91	Conf: 1.98882	Pts: 170291
Particle (46):: Fit: 5520.18	PB: 5520.18	LB: 5520.18	GB: 5520.18	Conf: 0.32711	Pts: 115490
Global: 5520.18 - Correct: 49.4% of 500 tests
Global Best: 
  Inner Net 1
  -- 1 : 1 = 0.7825
  -- 1 : 2 = 0.8455
  -- 1 : 3 = 0.3573
  -- 1 : 4 = 0.006
  -- 1 : 5 = 0.2863
  -- 1 : 6 = 0.6658
  -- 1 : 7 = 0.3606
  -- 1 : 8 = 0.4402
  -- 1 : 9 = 0.5256
  -- 1 : 10 = 0.5492
  -- 2 : 1 = 0.1799
  -- 2 : 2 = 0.3685
  -- 2 : 3 = 0.8569
  -- 2 : 4 = 0.1495
  -- 2 : 5 = 0.0909
  -- 2 : 6 = 0.1692
  -- 2 : 7 = 0.2936
  -- 2 : 8 = 0.1899
  -- 2 : 9 = 0.5667
  -- 2 : 10 = 0.7476
  -- 3 : 1 = 0.9364
  -- 3 : 2 = 0.3709
  -- 3 : 3 = 0.0101
  -- 3 : 4 = 0.0666
  -- 3 : 5 = 0.6993
  -- 3 : 6 = 0.9208
  -- 3 : 7 = 0.3583
  -- 3 : 8 = 0.764
  -- 3 : 9 = 0.2355
  -- 3 : 10 = 0.4172
  -- 4 : 1 = 0.6276
  -- 4 : 2 = 0.5668
  -- 4 : 3 = 0.1209
  -- 4 : 4 = 0.2862
  -- 4 : 5 = 0.8867
  -- 4 : 6 = 0.9733
  -- 4 : 7 = 0.4316
  -- 4 : 8 = 0.6704
  -- 4 : 9 = 0.3399
  -- 4 : 10 = 0.8984
  -- 5 : 1 = 0.772
  -- 5 : 2 = 0.4563
  -- 5 : 3 = 0.6542
  -- 5 : 4 = 0.5538
  -- 5 : 5 = 0.5514
  -- 5 : 6 = 0.1515
  -- 5 : 7 = 0.7373
  -- 5 : 8 = 0.6262
  -- 5 : 9 = 0.7354
  -- 5 : 10 = 0.6802
  -- 6 : 1 = 0.421
  -- 6 : 2 = 0.873
  -- 6 : 3 = 0.2091
  -- 6 : 4 = 0.7423
  -- 6 : 5 = 0.3658
  -- 6 : 6 = 0.4117
  -- 6 : 7 = 0.8529
  -- 6 : 8 = 0.0632
  -- 6 : 9 = 0.426
  -- 6 : 10 = 0.9947
  -- 7 : 1 = 0.8706
  -- 7 : 2 = 0.4117
  -- 7 : 3 = 0.0677
  -- 7 : 4 = 0.2668
  -- 7 : 5 = 0.3008
  -- 7 : 6 = 0.3927
  -- 7 : 7 = 0.0173
  -- 7 : 8 = 0.2346
  -- 7 : 9 = 0.1878
  -- 7 : 10 = 0.5337
  -- 8 : 1 = 0.3482
  -- 8 : 2 = 0.5178
  -- 8 : 3 = 0.8529
  -- 8 : 4 = 0.0742
  -- 8 : 5 = 0.246
  -- 8 : 6 = 0.8701
  -- 8 : 7 = 0.7425
  -- 8 : 8 = 0.0395
  -- 8 : 9 = 0.3656
  -- 8 : 10 = 0.0479
  -- 9 : 1 = 0.168
  -- 9 : 2 = 0.1598
  -- 9 : 3 = 0.0385
  -- 9 : 4 = 0.1311
  -- 9 : 5 = 0.9858
  -- 9 : 6 = 0.1712
  -- 9 : 7 = 0.1172
  -- 9 : 8 = 0.2497
  -- 9 : 9 = 0.979
  -- 9 : 10 = 0.2735
  -- 10 : 1 = 0.5027
  -- 10 : 2 = 0.0064
  -- 10 : 3 = 0.3548
  -- 10 : 4 = 0.1759
  -- 10 : 5 = 0.4181
  -- 10 : 6 = 0.1944
  -- 10 : 7 = 0.9231
  -- 10 : 8 = 0.7353
  -- 10 : 9 = 0.3035
  -- 10 : 10 = 0.0531
  Inner Net 2
  -- 1 : 1 = -0.230363
  -- 1 : 2 = 0.0724464
  -- 2 : 1 = -0.228641
  -- 2 : 2 = 0.151582
  -- 3 : 1 = 0.5
  -- 3 : 2 = 0.272201
  -- 4 : 1 = -0.127286
  -- 4 : 2 = 0.188628
  -- 5 : 1 = -0.564913
  -- 5 : 2 = 0.0348062
  -- 6 : 1 = -0.381536
  -- 6 : 2 = -0.110874
  -- 7 : 1 = -0.381606
  -- 7 : 2 = -0.345065
  -- 8 : 1 = -0.146287
  -- 8 : 2 = 0.130244
  -- 9 : 1 = -0.389463
  -- 9 : 2 = -0.269309
  -- 10 : 1 = -0.301287
  -- 10 : 2 = 0.00434928
Out\Act	False		True
False	0.00666349	0.835317	0.84198
True	0.00190386	0.156116	0.15802
	0.00856735	0.991433
	Accuracy [ (tp + tn) / testSize ]: 0.16278
	Precision [ tp / (tp + fp) ]:      0.15739
	Sensitivity [ tp / (tp + fn) ]:    0.984985
	Specificity [ tn / (tn + fp) ]:    0.0079096
	F-Score [ 2tp / (2tp + fp + fn) ]: 0.271523
Particle (5):: Fit: 5499.26	PB: 5499.26	LB: 5499.26	GB: 5520.18	Conf: 1.36224	Pts: 100290
Particle (6):: Fit: 5474.12	PB: 5474.12	LB: 5499.26	GB: 5520.18	Conf: 1.96721	Pts: 165490
Particle (7):: Fit: 2755.15	PB: 2755.15	LB: 5499.26	GB: 5520.18	Conf: 1.9956	Pts: 110190
Particle (10):: Fit: 2756.29	PB: 2756.29	LB: 5515.89	GB: 5520.18	Conf: 2	Pts: 55390
Particle (21):: Fit: 2754.95	PB: 2754.95	LB: 5519.76	GB: 5520.18	Conf: 1.21104	Pts: 55490
Particle (23):: Fit: 3524.3	PB: 3524.3	LB: 5519.76	GB: 5520.18	Conf: 1.37732	Pts: 70190
Particle (34):: Fit: 5202.8	PB: 5202.8	LB: 5517.84	GB: 5520.18	Conf: 1.87132	Pts: 105390
Particle (41):: Fit: 5513.29	PB: 5513.29	LB: 5520.18	GB: 5520.18	Conf: 1.99729	Pts: 165290
Particle (1):: Fit: 2755.06	PB: 2755.06	LB: 5499.26	GB: 5520.18	Conf: 2	Pts: 55389
Particle (13):: Fit: 2755.73	PB: 2755.73	LB: 5516.67	GB: 5520.18	Conf: 2	Pts: 60389
Particle (23):: Fit: 3624.93	PB: 3624.93	LB: 5519.76	GB: 5520.18	Conf: 1.63933	Pts: 70288
Particle (27):: Fit: 2753.68	PB: 2753.68	LB: 5519.02	GB: 5520.18	Conf: 1.98539	Pts: 65188
Particle (33):: Fit: 2756.13	PB: 2756.13	LB: 5517.84	GB: 5520.18	Conf: 2	Pts: 55388
Particle (21):: Fit: 5518.53	PB: 5518.53	LB: 5519.76	GB: 5520.18	Conf: 0.948907	Pts: 55587
Particle (5):: Fit: 5521.26	PB: 5521.26	LB: 5521.26	GB: 5521.26	Conf: 1.30307	Pts: 160386
Particle (14):: Fit: 5519.03	PB: 5519.03	LB: 5519.03	GB: 5521.26	Conf: 1.99703	Pts: 90386
Particle (40):: Fit: 5499.78	PB: 5499.78	LB: 5519.91	GB: 5521.26	Conf: 1.11724	Pts: 80286
Global: 5521.26 - Correct: 58.8% of 500 tests
Global Best: 
  Inner Net 1
  -- 1 : 1 = 0.3385
  -- 1 : 2 = 0.092
  -- 1 : 3 = 0.9624
  -- 1 : 4 = 0.1075
  -- 1 : 5 = 0.1938
  -- 1 : 6 = 0.5923
  -- 1 : 7 = 0.7348
  -- 1 : 8 = 0.0632
  -- 1 : 9 = 0.3096
  -- 1 : 10 = 0.4624
  -- 2 : 1 = 0.419
  -- 2 : 2 = 0.6691
  -- 2 : 3 = 0.38
  -- 2 : 4 = 0.7448
  -- 2 : 5 = 0.1517
  -- 2 : 6 = 0.5313
  -- 2 : 7 = 0.2576
  -- 2 : 8 = 0.8034
  -- 2 : 9 = 0.2234
  -- 2 : 10 = 0.5637
  -- 3 : 1 = 0.6337
  -- 3 : 2 = 0.3306
  -- 3 : 3 = 0.0037
  -- 3 : 4 = 0.3857
  -- 3 : 5 = 0.4437
  -- 3 : 6 = 0.4561
  -- 3 : 7 = 0.7639
  -- 3 : 8 = 0.0089
  -- 3 : 9 = 0.1987
  -- 3 : 10 = 0.97
  -- 4 : 1 = 0.1863
  -- 4 : 2 = 0.3574
  -- 4 : 3 = 0.9584
  -- 4 : 4 = 0.7905
  -- 4 : 5 = 0.2193
  -- 4 : 6 = 0.1529
  -- 4 : 7 = 0.1928
  -- 4 : 8 = 0.3031
  -- 4 : 9 = 0.0484
  -- 4 : 10 = 0.3521
  -- 5 : 1 = 0.2014
  -- 5 : 2 = 0.3821
  -- 5 : 3 = 0.2011
  -- 5 : 4 = 0.6398
  -- 5 : 5 = 0.9536
  -- 5 : 6 = 0.5958
  -- 5 : 7 = 0.9838
  -- 5 : 8 = 0.1478
  -- 5 : 9 = 0.4943
  -- 5 : 10 = 0.2356
  -- 6 : 1 = 0.8666
  -- 6 : 2 = 0.5641
  -- 6 : 3 = 0.4717
  -- 6 : 4 = 0.2427
  -- 6 : 5 = 0.3886
  -- 6 : 6 = 0.2656
  -- 6 : 7 = 0.3176
  -- 6 : 8 = 0.1639
  -- 6 : 9 = 0.2103
  -- 6 : 10 = 0.6859
  -- 7 : 1 = 0.279
  -- 7 : 2 = 0.9777
  -- 7 : 3 = 0.4111
  -- 7 : 4 = 0.9323
  -- 7 : 5 = 0.0817
  -- 7 : 6 = 0.5549
  -- 7 : 7 = 0.1041
  -- 7 : 8 = 0.6509
  -- 7 : 9 = 0.9157
  -- 7 : 10 = 0.8567
  -- 8 : 1 = 0.2816
  -- 8 : 2 = 0.1544
  -- 8 : 3 = 0.9063
  -- 8 : 4 = 0.632
  -- 8 : 5 = 0.8088
  -- 8 : 6 = 0.1945
  -- 8 : 7 = 0.5929
  -- 8 : 8 = 0.4579
  -- 8 : 9 = 0.7125
  -- 8 : 10 = 0.1165
  -- 9 : 1 = 0.8715
  -- 9 : 2 = 0.2541
  -- 9 : 3 = 0.0483
  -- 9 : 4 = 0.5646
  -- 9 : 5 = 0.6932
  -- 9 : 6 = 0.9596
  -- 9 : 7 = 0.663
  -- 9 : 8 = 0.9042
  -- 9 : 9 = 0.4018
  -- 9 : 10 = 0.7191
  -- 10 : 1 = 0.0011
  -- 10 : 2 = 0.9921
  -- 10 : 3 = 0.4222
  -- 10 : 4 = 0.6063
  -- 10 : 5 = 0.8351
  -- 10 : 6 = 0.1685
  -- 10 : 7 = 0.7203
  -- 10 : 8 = 0.1685
  -- 10 : 9 = 0.0414
  -- 10 : 10 = 0.8246
  Inner Net 2
  -- 1 : 1 = -0.287932
  -- 1 : 2 = 0.199013
  -- 2 : 1 = 0.369166
  -- 2 : 2 = 0.234818
  -- 3 : 1 = 0.315879
  -- 3 : 2 = -0.194144
  -- 4 : 1 = -0.438291
  -- 4 : 2 = 0.0727626
  -- 5 : 1 = 0.00143983
  -- 5 : 2 = 0.110311
  -- 6 : 1 = -0.247497
  -- 6 : 2 = 0.14446
  -- 7 : 1 = -0.397229
  -- 7 : 2 = -0.0405572
  -- 8 : 1 = -0.587288
  -- 8 : 2 = 0.0427721
  -- 9 : 1 = -0.0326494
  -- 9 : 2 = 0.170655
  -- 10 : 1 = 0.268326
  -- 10 : 2 = 0.243611
Out\Act	False		True
False	0.407425	0.434555	0.84198
True	0.065683	0.092337	0.15802
	0.473108	0.526892
	Accuracy [ (tp + tn) / testSize ]: 0.499762
	Precision [ tp / (tp + fp) ]:      0.17509
	Sensitivity [ tp / (tp + fn) ]:    0.582583
	Specificity [ tn / (tn + fp) ]:    0.483616
	F-Score [ 2tp / (2tp + fp + fn) ]: 0.269444
Particle (2):: Fit: 2756.29	PB: 2756.29	LB: 5521.26	GB: 5521.26	Conf: 2	Pts: 60385
Particle (10):: Fit: 2756.45	PB: 2756.45	LB: 5519.03	GB: 5521.26	Conf: 2	Pts: 55485
Particle (23):: Fit: 5518.25	PB: 5518.25	LB: 5519.76	GB: 5521.26	Conf: 1.48235	Pts: 70385
Particle (29):: Fit: 5516.96	PB: 5516.96	LB: 5519.02	GB: 5521.26	Conf: 1.89656	Pts: 80485
Particle (39):: Fit: 2754.81	PB: 2754.81	LB: 5519.91	GB: 5521.26	Conf: 2	Pts: 65185
Particle (41):: Fit: 5519.53	PB: 5519.53	LB: 5520.18	GB: 5521.26	Conf: 1.99704	Pts: 180385
Particle (27):: Fit: 2754.29	PB: 2754.29	LB: 5519.02	GB: 5521.26	Conf: 1.98312	Pts: 65284
Particle (25):: Fit: 2756.37	PB: 2756.37	LB: 5519.02	GB: 5521.26	Conf: 2	Pts: 55583
Particle (27):: Fit: 5397.16	PB: 5397.16	LB: 5519.02	GB: 5521.26	Conf: 1.98077	Pts: 65383
Particle (33):: Fit: 2756.45	PB: 2756.45	LB: 5517.84	GB: 5521.26	Conf: 2	Pts: 55483
Particle (37):: Fit: 5514.3	PB: 5514.3	LB: 5519.53	GB: 5521.26	Conf: 1.71105	Pts: 55283
Particle (39):: Fit: 2754.98	PB: 2754.98	LB: 5519.91	GB: 5521.26	Conf: 2	Pts: 65283
Particle (42):: Fit: 2752.86	PB: 2752.86	LB: 5520.18	GB: 5521.26	Conf: 0.373155	Pts: 50382
Particle (8):: Fit: 5495.04	PB: 5495.04	LB: 5521.26	GB: 5521.26	Conf: 1.9948	Pts: 85482
Particle (12):: Fit: 2754.98	PB: 2754.98	LB: 5519.03	GB: 5521.26	Conf: 2	Pts: 55282
Particle (15):: Fit: 5490.75	PB: 5490.75	LB: 5519.76	GB: 5521.26	Conf: 1.9925	Pts: 110182
Particle (17):: Fit: 5471.15	PB: 5471.15	LB: 5519.76	GB: 5521.26	Conf: 1.9883	Pts: 65382
Particle (5):: Fit: 5524.58	PB: 5524.58	LB: 5524.58	GB: 5524.58	Conf: 1.34327	Pts: 220481
Particle (17):: Fit: 5473.48	PB: 5473.48	LB: 5519.76	GB: 5524.58	Conf: 1.98967	Pts: 65481
Particle (40):: Fit: 5516.12	PB: 5516.12	LB: 5519.91	GB: 5524.58	Conf: 1.13949	Pts: 80381
Particle (49):: Fit: 5520.93	PB: 5520.93	LB: 5520.93	GB: 5524.58	Conf: 1.486	Pts: 90381
Global: 5524.58 - Correct: 49.4% of 500 tests
Global Best: 
  Inner Net 1
  -- 1 : 1 = 0.3385
  -- 1 : 2 = 0.092
  -- 1 : 3 = 0.9624
  -- 1 : 4 = 0.1075
  -- 1 : 5 = 0.1938
  -- 1 : 6 = 0.5923
  -- 1 : 7 = 0.7348
  -- 1 : 8 = 0.0632
  -- 1 : 9 = 0.3096
  -- 1 : 10 = 0.4624
  -- 2 : 1 = 0.419
  -- 2 : 2 = 0.6691
  -- 2 : 3 = 0.38
  -- 2 : 4 = 0.7448
  -- 2 : 5 = 0.1517
  -- 2 : 6 = 0.5313
  -- 2 : 7 = 0.2576
  -- 2 : 8 = 0.8034
  -- 2 : 9 = 0.2234
  -- 2 : 10 = 0.5637
  -- 3 : 1 = 0.6337
  -- 3 : 2 = 0.3306
  -- 3 : 3 = 0.0037
  -- 3 : 4 = 0.3857
  -- 3 : 5 = 0.4437
  -- 3 : 6 = 0.4561
  -- 3 : 7 = 0.7639
  -- 3 : 8 = 0.0089
  -- 3 : 9 = 0.1987
  -- 3 : 10 = 0.97
  -- 4 : 1 = 0.1863
  -- 4 : 2 = 0.3574
  -- 4 : 3 = 0.9584
  -- 4 : 4 = 0.7905
  -- 4 : 5 = 0.2193
  -- 4 : 6 = 0.1529
  -- 4 : 7 = 0.1928
  -- 4 : 8 = 0.3031
  -- 4 : 9 = 0.0484
  -- 4 : 10 = 0.3521
  -- 5 : 1 = 0.2014
  -- 5 : 2 = 0.3821
  -- 5 : 3 = 0.2011
  -- 5 : 4 = 0.6398
  -- 5 : 5 = 0.9536
  -- 5 : 6 = 0.5958
  -- 5 : 7 = 0.9838
  -- 5 : 8 = 0.1478
  -- 5 : 9 = 0.4943
  -- 5 : 10 = 0.2356
  -- 6 : 1 = 0.8666
  -- 6 : 2 = 0.5641
  -- 6 : 3 = 0.4717
  -- 6 : 4 = 0.2427
  -- 6 : 5 = 0.3886
  -- 6 : 6 = 0.2656
  -- 6 : 7 = 0.3176
  -- 6 : 8 = 0.1639
  -- 6 : 9 = 0.2103
  -- 6 : 10 = 0.6859
  -- 7 : 1 = 0.279
  -- 7 : 2 = 0.9777
  -- 7 : 3 = 0.4111
  -- 7 : 4 = 0.9323
  -- 7 : 5 = 0.0817
  -- 7 : 6 = 0.5549
  -- 7 : 7 = 0.1041
  -- 7 : 8 = 0.6509
  -- 7 : 9 = 0.9157
  -- 7 : 10 = 0.8567
  -- 8 : 1 = 0.2816
  -- 8 : 2 = 0.1544
  -- 8 : 3 = 0.9063
  -- 8 : 4 = 0.632
  -- 8 : 5 = 0.8088
  -- 8 : 6 = 0.1945
  -- 8 : 7 = 0.5929
  -- 8 : 8 = 0.4579
  -- 8 : 9 = 0.7125
  -- 8 : 10 = 0.1165
  -- 9 : 1 = 0.8715
  -- 9 : 2 = 0.2541
  -- 9 : 3 = 0.0483
  -- 9 : 4 = 0.5646
  -- 9 : 5 = 0.6932
  -- 9 : 6 = 0.9596
  -- 9 : 7 = 0.663
  -- 9 : 8 = 0.9042
  -- 9 : 9 = 0.4018
  -- 9 : 10 = 0.7191
  -- 10 : 1 = 0.0011
  -- 10 : 2 = 0.9921
  -- 10 : 3 = 0.4222
  -- 10 : 4 = 0.6063
  -- 10 : 5 = 0.8351
  -- 10 : 6 = 0.1685
  -- 10 : 7 = 0.7203
  -- 10 : 8 = 0.1685
  -- 10 : 9 = 0.0414
  -- 10 : 10 = 0.8246
  Inner Net 2
  -- 1 : 1 = -0.271192
  -- 1 : 2 = -0.00516234
  -- 2 : 1 = 0.386546
  -- 2 : 2 = 0.544519
  -- 3 : 1 = 0.188296
  -- 3 : 2 = -0.0787522
  -- 4 : 1 = -0.417221
  -- 4 : 2 = -0.148607
  -- 5 : 1 = 0.0263143
  -- 5 : 2 = 0.010443
  -- 6 : 1 = -0.623687
  -- 6 : 2 = -0.0725305
  -- 7 : 1 = -0.598268
  -- 7 : 2 = -0.0787092
  -- 8 : 1 = -0.837467
  -- 8 : 2 = 0.142579
  -- 9 : 1 = -0.0342708
  -- 9 : 2 = 0.151451
  -- 10 : 1 = 0.33234
  -- 10 : 2 = 0.273057
Out\Act	False		True
False	0.407425	0.434555	0.84198
True	0.065683	0.092337	0.15802
	0.473108	0.526892
	Accuracy [ (tp + tn) / testSize ]: 0.499762
	Precision [ tp / (tp + fp) ]:      0.17509
	Sensitivity [ tp / (tp + fn) ]:    0.582583
	Specificity [ tn / (tn + fp) ]:    0.483616
	F-Score [ 2tp / (2tp + fp + fn) ]: 0.269444
Particle (2):: Fit: 2756.37	PB: 2756.37	LB: 5524.58	GB: 5524.58	Conf: 2	Pts: 60480
Particle (31):: Fit: 2755.9	PB: 2755.9	LB: 5517.84	GB: 5524.58	Conf: 0.363524	Pts: 55378
Particle (47):: Fit: 4390.49	PB: 4390.49	LB: 5520.93	GB: 5524.58	Conf: 1.71909	Pts: 60580
Particle (6):: Fit: 5514.51	PB: 5514.51	LB: 5524.58	GB: 5524.58	Conf: 1.965	Pts: 165579
Particle (42):: Fit: 2752.98	PB: 2752.98	LB: 5520.18	GB: 5524.58	Conf: 0.0532087	Pts: 50477
Particle (48):: Fit: 5478.49	PB: 5478.49	LB: 5520.93	GB: 5524.58	Conf: 1.97011	Pts: 80277
Particle (36):: Fit: 2754.97	PB: 2754.97	LB: 5519.53	GB: 5524.58	Conf: 0.868562	Pts: 80171
Particle (26):: Fit: 5520.7	PB: 5520.7	LB: 5520.7	GB: 5524.58	Conf: 0.379428	Pts: 135575
Particle (42):: Fit: 2753.86	PB: 2753.86	LB: 5520.18	GB: 5524.58	Conf: 1.00747	Pts: 50574
Particle (1):: Fit: 2755.31	PB: 2755.31	LB: 5524.58	GB: 5524.58	Conf: 2	Pts: 55474
Particle (22):: Fit: 2755.89	PB: 2755.89	LB: 5520.7	GB: 5524.58	Conf: 2	Pts: 60674
Particle (31):: Fit: 5515.27	PB: 5515.27	LB: 5517.84	GB: 5524.58	Conf: 0.507613	Pts: 55472
Particle (44):: Fit: 5522.43	PB: 5522.43	LB: 5522.43	GB: 5524.58	Conf: 1.98667	Pts: 220374
Particle (9):: Fit: 2755.73	PB: 2755.73	LB: 5524.58	GB: 5524.58	Conf: 2	Pts: 60373
Particle (48):: Fit: 5478.89	PB: 5478.89	LB: 5522.43	GB: 5524.58	Conf: 1.97104	Pts: 80373
Particle (4):: Fit: 2754.48	PB: 2754.48	LB: 5524.58	GB: 5524.58	Conf: 0.376827	Pts: 55365
Particle (19):: Fit: 5518.29	PB: 5518.29	LB: 5519.76	GB: 5524.58	Conf: 1.52157	Pts: 95572
Particle (39):: Fit: 2755.48	PB: 2755.48	LB: 5522.43	GB: 5524.58	Conf: 2	Pts: 65371
Particle (30):: Fit: 5519.98	PB: 5519.98	LB: 5520.7	GB: 5524.58	Conf: 1.55877	Pts: 120370
Particle (36):: Fit: 2755.01	PB: 2755.01	LB: 5519.53	GB: 5524.58	Conf: 0.68741	Pts: 80265
Particle (12):: Fit: 5514.61	PB: 5514.61	LB: 5519.03	GB: 5524.58	Conf: 1.99785	Pts: 55369
Particle (6):: Fit: 5517.92	PB: 5517.92	LB: 5524.58	GB: 5524.58	Conf: 1.95841	Pts: 165668
Particle (36):: Fit: 2755.93	PB: 2755.93	LB: 5519.53	GB: 5524.58	Conf: 0.422788	Pts: 80362
Particle (24):: Fit: 5518.54	PB: 5518.54	LB: 5520.7	GB: 5524.58	Conf: 1.80933	Pts: 85466
Particle (25):: Fit: 2756.45	PB: 2756.45	LB: 5520.7	GB: 5524.58	Conf: 2	Pts: 55666
Particle (44):: Fit: 5522.49	PB: 5522.49	LB: 5522.49	GB: 5524.58	Conf: 1.98731	Pts: 270466
Particle (48):: Fit: 5494.98	PB: 5494.98	LB: 5522.49	GB: 5524.58	Conf: 1.98299	Pts: 80466
Particle (27):: Fit: 5492.51	PB: 5492.51	LB: 5520.7	GB: 5524.58	Conf: 1.98841	Pts: 65465
Particle (35):: Fit: 2755.15	PB: 2755.15	LB: 5517.84	GB: 5524.58	Conf: 2	Pts: 75364
Particle (42):: Fit: 2754.37	PB: 2754.37	LB: 5522.49	GB: 5524.58	Conf: 0.339424	Pts: 50659
Particle (1):: Fit: 2755.81	PB: 2755.81	LB: 5524.58	GB: 5524.58	Conf: 2	Pts: 55563
Particle (48):: Fit: 5498.33	PB: 5498.33	LB: 5522.49	GB: 5524.58	Conf: 1.98394	Pts: 80562
Particle (43):: Fit: 5516.78	PB: 5516.78	LB: 5522.49	GB: 5524.58	Conf: 1.9962	Pts: 100361
Particle (20):: Fit: 5521.04	PB: 5521.04	LB: 5521.04	GB: 5524.58	Conf: 1.76024	Pts: 165260
Particle (4):: Fit: 2754.48	PB: 2754.48	LB: 5524.58	GB: 5524.58	Conf: 0.0109744	Pts: 55447
Particle (40):: Fit: 5523.57	PB: 5523.57	LB: 5523.57	GB: 5524.58	Conf: 1.10256	Pts: 130458
Particle (16):: Fit: 5521.11	PB: 5521.11	LB: 5521.11	GB: 5524.58	Conf: 1.0909	Pts: 165257
Particle (9):: Fit: 2756.29	PB: 2756.29	LB: 5524.58	GB: 5524.58	Conf: 2	Pts: 60456
Particle (16):: Fit: 5523.67	PB: 5523.67	LB: 5523.67	GB: 5524.58	Conf: 1.13996	Pts: 215356
Particle (34):: Fit: 5471.77	PB: 5471.77	LB: 5519.98	GB: 5524.58	Conf: 1.8317	Pts: 105454
Particle (12):: Fit: 5516.61	PB: 5516.61	LB: 5523.67	GB: 5524.58	Conf: 1.99756	Pts: 55453
Particle (35):: Fit: 2755.73	PB: 2755.73	LB: 5523.57	GB: 5524.58	Conf: 2	Pts: 75453
Particle (12):: Fit: 5517.83	PB: 5517.83	LB: 5523.67	GB: 5524.58	Conf: 1.9963	Pts: 55552
Particle (1):: Fit: 2756.45	PB: 2756.45	LB: 5524.58	GB: 5524.58	Conf: 2	Pts: 55651
Particle (42):: Fit: 2755.41	PB: 2755.41	LB: 5523.57	GB: 5524.58	Conf: 0.911671	Pts: 50746
Particle (47):: Fit: 5517.08	PB: 5517.08	LB: 5522.49	GB: 5524.58	Conf: 1.61391	Pts: 60650
Particle (15):: Fit: 5492.44	PB: 5492.44	LB: 5523.67	GB: 5524.58	Conf: 1.99058	Pts: 110249
Particle (34):: Fit: 5519.21	PB: 5519.21	LB: 5519.98	GB: 5524.58	Conf: 1.77347	Pts: 105548
Particle (15):: Fit: 5514.8	PB: 5514.8	LB: 5523.67	GB: 5524.58	Conf: 1.99736	Pts: 110343
Particle (30):: Fit: 5521.39	PB: 5521.39	LB: 5521.39	GB: 5524.58	Conf: 1.59084	Pts: 170443
Particle (42):: Fit: 5518.38	PB: 5518.38	LB: 5523.57	GB: 5524.58	Conf: 0.332585	Pts: 50836
Particle (37):: Fit: 5516.69	PB: 5516.69	LB: 5523.57	GB: 5524.58	Conf: 1.66631	Pts: 55340
Particle (47):: Fit: 5520.74	PB: 5520.74	LB: 5522.49	GB: 5524.58	Conf: 1.64412	Pts: 60739
Particle (38):: Fit: 2755.59	PB: 2755.59	LB: 5523.57	GB: 5524.58	Conf: 0.963615	Pts: 60230
Particle (39):: Fit: 2755.73	PB: 2755.73	LB: 5523.57	GB: 5524.58	Conf: 2	Pts: 65437
Particle (7):: Fit: 2755.23	PB: 2755.23	LB: 5524.58	GB: 5524.58	Conf: 1.99757	Pts: 110234
Particle (4):: Fit: 2755.26	PB: 2755.26	LB: 5524.58	GB: 5524.58	Conf: 1	Pts: 55514
Particle (0):: Fit: 2755.65	PB: 2755.65	LB: 5524.58	GB: 5524.58	Conf: 2	Pts: 120329
Particle (42):: Fit: 5519.68	PB: 5519.68	LB: 5523.57	GB: 5524.58	Conf: 0.237463	Pts: 50924
Particle (39):: Fit: 2756.77	PB: 2756.77	LB: 5523.57	GB: 5524.58	Conf: 2	Pts: 65525
Particle (13):: Fit: 2756.37	PB: 2756.37	LB: 5523.67	GB: 5524.58	Conf: 2	Pts: 60422
Particle (11):: Fit: 2755.73	PB: 2755.73	LB: 5523.67	GB: 5524.58	Conf: 1.99379	Pts: 110221
Particle (48):: Fit: 5502.13	PB: 5502.13	LB: 5522.49	GB: 5524.58	Conf: 1.96994	Pts: 80621
Particle (36):: Fit: 2756.75	PB: 2756.75	LB: 5523.57	GB: 5524.58	Conf: 0.3414	Pts: 80408
Particle (38):: Fit: 2755.68	PB: 2755.68	LB: 5523.57	GB: 5524.58	Conf: 0.794523	Pts: 60312
Particle (0):: Fit: 2756.14	PB: 2756.14	LB: 5524.58	GB: 5524.58	Conf: 1.99635	Pts: 120417
Particle (6):: Fit: 5518.09	PB: 5518.09	LB: 5524.58	GB: 5524.58	Conf: 1.95238	Pts: 165716
Particle (0):: Fit: 2756.37	PB: 2756.37	LB: 5524.58	GB: 5524.58	Conf: 2	Pts: 120512
Particle (20):: Fit: 5521.13	PB: 5521.13	LB: 5523.67	GB: 5524.58	Conf: 1.73669	Pts: 185309
Particle (28):: Fit: 2755.23	PB: 2755.23	LB: 5521.39	GB: 5524.58	Conf: 2	Pts: 75308
Particle (38):: Fit: 2755.92	PB: 2755.92	LB: 5523.57	GB: 5524.58	Conf: 0.823534	Pts: 60393
Particle (4):: Fit: 2755.37	PB: 2755.37	LB: 5524.58	GB: 5524.58	Conf: 0.986818	Pts: 55575
Particle (12):: Fit: 5520.02	PB: 5520.02	LB: 5523.67	GB: 5524.58	Conf: 1.99679	Pts: 60601
Particle (21):: Fit: 5519.87	PB: 5519.87	LB: 5521.13	GB: 5524.58	Conf: 0.909784	Pts: 55601
Particle (31):: Fit: 5516.42	PB: 5516.42	LB: 5521.39	GB: 5524.58	Conf: 0.530578	Pts: 55483
Particle (35):: Fit: 2755.89	PB: 2755.89	LB: 5523.57	GB: 5524.58	Conf: 2	Pts: 75499
Particle (2):: Fit: 5494.06	PB: 5494.06	LB: 5524.58	GB: 5524.58	Conf: 0.95281	Pts: 60498
Particle (7):: Fit: 5522.18	PB: 5522.18	LB: 5524.58	GB: 5524.58	Conf: 0.84167	Pts: 115298
Particle (36):: Fit: 3264.25	PB: 3264.25	LB: 5523.57	GB: 5524.58	Conf: 0.834175	Pts: 80481
Particle (9):: Fit: 4493.84	PB: 4493.84	LB: 5524.58	GB: 5524.58	Conf: 0.799793	Pts: 60497
Particle (13):: Fit: 5513.95	PB: 5513.95	LB: 5523.67	GB: 5524.58	Conf: 0.917452	Pts: 60497
Particle (25):: Fit: 4602.93	PB: 4602.93	LB: 5521.39	GB: 5524.58	Conf: 0.480557	Pts: 55697
Particle (33):: Fit: 5474.75	PB: 5474.75	LB: 5521.39	GB: 5524.58	Conf: 0.0947239	Pts: 55497
Particle (35):: Fit: 5125.21	PB: 5125.21	LB: 5523.57	GB: 5524.58	Conf: 0.832072	Pts: 75597
Particle (9):: Fit: 5493.61	PB: 5493.61	LB: 5524.58	GB: 5524.58	Conf: 0.783835	Pts: 60596
Particle (35):: Fit: 5349.85	PB: 5349.85	LB: 5523.57	GB: 5524.58	Conf: 0.651572	Pts: 75696
Particle (36):: Fit: 4098.34	PB: 4098.34	LB: 5523.57	GB: 5524.58	Conf: 0.889825	Pts: 80579
Particle (1):: Fit: 4430.99	PB: 4430.99	LB: 5524.58	GB: 5524.58	Conf: 0.848856	Pts: 55695
Particle (18):: Fit: 4323.9	PB: 4323.9	LB: 5523.67	GB: 5524.58	Conf: 0.337961	Pts: 55394
Particle (22):: Fit: 4956.65	PB: 4956.65	LB: 5521.13	GB: 5524.58	Conf: 0.546598	Pts: 60694
Particle (25):: Fit: 5515.39	PB: 5515.39	LB: 5521.39	GB: 5524.58	Conf: 0.586826	Pts: 55793
Particle (36):: Fit: 4234.44	PB: 4234.44	LB: 5523.57	GB: 5524.58	Conf: 0.860689	Pts: 80676
Particle (18):: Fit: 5466.9	PB: 5466.9	LB: 5523.67	GB: 5524.58	Conf: 0.480444	Pts: 55492
Particle (28):: Fit: 5239.44	PB: 5239.44	LB: 5521.39	GB: 5524.58	Conf: 0.278649	Pts: 75392
Particle (35):: Fit: 5419.29	PB: 5419.29	LB: 5523.57	GB: 5524.58	Conf: 0.656894	Pts: 75792
Particle (4):: Fit: 3756.69	PB: 3756.69	LB: 5524.58	GB: 5524.58	Conf: 0.744587	Pts: 55664
Particle (38):: Fit: 3330.93	PB: 3330.93	LB: 5523.57	GB: 5524.58	Conf: 0.595709	Pts: 60480
Particle (38):: Fit: 4806.69	PB: 4806.69	LB: 5523.57	GB: 5524.58	Conf: 0.74681	Pts: 60579
Particle (0):: Fit: 5200.35	PB: 5200.35	LB: 5524.58	GB: 5524.58	Conf: 0.721871	Pts: 120589
Particle (3):: Fit: 3895.12	PB: 3895.12	LB: 5524.58	GB: 5524.58	Conf: 0.331914	Pts: 55270
Particle (18):: Fit: 5474.77	PB: 5474.77	LB: 5523.67	GB: 5524.58	Conf: 0.151139	Pts: 55588
Particle (36):: Fit: 5424.22	PB: 5424.22	LB: 5523.57	GB: 5524.58	Conf: 0.602759	Pts: 80770
Particle (39):: Fit: 5230.95	PB: 5230.95	LB: 5523.57	GB: 5524.58	Conf: 0.0708698	Pts: 65587
Particle (41):: Fit: 5520.57	PB: 5520.57	LB: 5523.57	GB: 5524.58	Conf: 0.113222	Pts: 180386
Particle (3):: Fit: 5156	PB: 5156	LB: 5524.58	GB: 5524.58	Conf: 0.211896	Pts: 55365
Particle (12):: Fit: 5521.74	PB: 5521.74	LB: 5523.67	GB: 5524.58	Conf: 0.422244	Pts: 60684
Particle (28):: Fit: 5380.91	PB: 5380.91	LB: 5521.39	GB: 5524.58	Conf: 0.262025	Pts: 75482
Particle (43):: Fit: 5518.11	PB: 5518.11	LB: 5523.57	GB: 5524.58	Conf: 0.45657	Pts: 100382
Particle (36):: Fit: 5522.11	PB: 5522.11	LB: 5523.57	GB: 5524.58	Conf: 0.966332	Pts: 100864
Particle (38):: Fit: 4866.93	PB: 4866.93	LB: 5523.57	GB: 5524.58	Conf: 0.616746	Pts: 60670
Particle (1):: Fit: 4831.03	PB: 4831.03	LB: 5524.58	GB: 5524.58	Conf: 0.814702	Pts: 55778
Particle (39):: Fit: 5450.3	PB: 5450.3	LB: 5523.57	GB: 5524.58	Conf: 0.0496361	Pts: 65679
Particle (4):: Fit: 5166.3	PB: 5166.3	LB: 5524.58	GB: 5524.58	Conf: 0.802869	Pts: 55752
Particle (22):: Fit: 4974.71	PB: 4974.71	LB: 5521.13	GB: 5524.58	Conf: 0.55156	Pts: 60779
Particle (1):: Fit: 5355.37	PB: 5355.37	LB: 5524.58	GB: 5524.58	Conf: 0.799973	Pts: 55876
Particle (38):: Fit: 5072.54	PB: 5072.54	LB: 5523.57	GB: 5524.58	Conf: 0.5856	Pts: 60767
Particle (10):: Fit: 3555.27	PB: 3555.27	LB: 5522.18	GB: 5524.58	Conf: 0.666753	Pts: 55477
Particle (22):: Fit: 5467.68	PB: 5467.68	LB: 5521.13	GB: 5524.58	Conf: 0.544286	Pts: 60877
Particle (10):: Fit: 5056.63	PB: 5056.63	LB: 5522.18	GB: 5524.58	Conf: 0.696011	Pts: 55575
Particle (17):: Fit: 5497.08	PB: 5497.08	LB: 5523.67	GB: 5524.58	Conf: 0.715534	Pts: 65473
Particle (28):: Fit: 5467.91	PB: 5467.91	LB: 5521.39	GB: 5524.58	Conf: 0.243147	Pts: 75571
Particle (25):: Fit: 5520.65	PB: 5520.65	LB: 5521.39	GB: 5524.58	Conf: 0.509092	Pts: 55873
Particle (31):: Fit: 5518.37	PB: 5518.37	LB: 5522.11	GB: 5524.58	Conf: 0.757914	Pts: 55556
Particle (6):: Fit: 5527.2	PB: 5527.2	LB: 5527.2	GB: 5527.2	Conf: 0.257737	Pts: 225769
Global: 5527.2 - Correct: 55.4% of 500 tests
Global Best: 
  Inner Net 1
  -- 1 : 1 = 0.135076
  -- 1 : 2 = 0.243598
  -- 1 : 3 = 0.137678
  -- 1 : 4 = 0.242163
  -- 1 : 5 = 0.412572
  -- 1 : 6 = -0.0513366
  -- 1 : 7 = 0.746592
  -- 1 : 8 = 0.448784
  -- 1 : 9 = 0.307616
  -- 1 : 10 = 0.390342
  -- 2 : 1 = 0.00994237
  -- 2 : 2 = 0.416377
  -- 2 : 3 = -0.24814
  -- 2 : 4 = 0.0567468
  -- 2 : 5 = -0.0332962
  -- 2 : 6 = 0.359093
  -- 2 : 7 = 0.571481
  -- 2 : 8 = 0.918153
  -- 2 : 9 = 0.0650801
  -- 2 : 10 = -0.123041
  -- 3 : 1 = 0
  -- 3 : 2 = 0.251567
  -- 3 : 3 = 0.192124
  -- 3 : 4 = 0.215548
  -- 3 : 5 = 0.610807
  -- 3 : 6 = 0.341551
  -- 3 : 7 = -0.189597
  -- 3 : 8 = 0.990095
  -- 3 : 9 = -0.0535519
  -- 3 : 10 = 0.523713
  -- 4 : 1 = 0.226615
  -- 4 : 2 = 0.0857915
  -- 4 : 3 = -0.0924636
  -- 4 : 4 = 0.596249
  -- 4 : 5 = 0.454337
  -- 4 : 6 = 0.0746249
  -- 4 : 7 = 0.212451
  -- 4 : 8 = -0.0376735
  -- 4 : 9 = 0.172296
  -- 4 : 10 = 0.333576
  -- 5 : 1 = 0.62109
  -- 5 : 2 = 0.734299
  -- 5 : 3 = 0.20581
  -- 5 : 4 = 0.239353
  -- 5 : 5 = 0.164631
  -- 5 : 6 = 0.412043
  -- 5 : 7 = 0.310661
  -- 5 : 8 = 0.0598817
  -- 5 : 9 = 0.703095
  -- 5 : 10 = 0.426067
  -- 6 : 1 = 0.218952
  -- 6 : 2 = 0.699107
  -- 6 : 3 = 0.00382363
  -- 6 : 4 = 0.235731
  -- 6 : 5 = 0.0186356
  -- 6 : 6 = 0.386198
  -- 6 : 7 = 0.15028
  -- 6 : 8 = -0.122927
  -- 6 : 9 = 0.0612623
  -- 6 : 10 = -0.0530774
  -- 7 : 1 = 0.0979163
  -- 7 : 2 = 0.33839
  -- 7 : 3 = 0.465052
  -- 7 : 4 = 0.852482
  -- 7 : 5 = 0.00143435
  -- 7 : 6 = 0.628033
  -- 7 : 7 = 0.264891
  -- 7 : 8 = 0.423862
  -- 7 : 9 = 0.570428
  -- 7 : 10 = -0.206397
  -- 8 : 1 = 0.393745
  -- 8 : 2 = 0.180045
  -- 8 : 3 = 0.121191
  -- 8 : 4 = 0.619673
  -- 8 : 5 = -0.0231305
  -- 8 : 6 = 0.0311413
  -- 8 : 7 = 0.173613
  -- 8 : 8 = 0
  -- 8 : 9 = -0.164892
  -- 8 : 10 = 0.477677
  -- 9 : 1 = 0.732934
  -- 9 : 2 = 0.494521
  -- 9 : 3 = 0.0866655
  -- 9 : 4 = 0.686156
  -- 9 : 5 = 0.267797
  -- 9 : 6 = -0.152546
  -- 9 : 7 = 0.0936891
  -- 9 : 8 = 0.785232
  -- 9 : 9 = -0.0575293
  -- 9 : 10 = 0.191714
  -- 10 : 1 = 0.176345
  -- 10 : 2 = 0.452847
  -- 10 : 3 = 0.448384
  -- 10 : 4 = 0.468199
  -- 10 : 5 = -0.130265
  -- 10 : 6 = -0.5
  -- 10 : 7 = 0.0869486
  -- 10 : 8 = 0.425002
  -- 10 : 9 = -0.127828
  -- 10 : 10 = -0.0989966
  Inner Net 2
  -- 1 : 1 = -0.546482
  -- 1 : 2 = -0.0914844
  -- 2 : 1 = 0.265818
  -- 2 : 2 = 0.221998
  -- 3 : 1 = 0.137158
  -- 3 : 2 = -0.18203
  -- 4 : 1 = -0.405221
  -- 4 : 2 = -0.0771007
  -- 5 : 1 = -0.179022
  -- 5 : 2 = 0.312208
  -- 6 : 1 = -0.989221
  -- 6 : 2 = 0.0809448
  -- 7 : 1 = -0.234787
  -- 7 : 2 = -0.160218
  -- 8 : 1 = -1
  -- 8 : 2 = -0.293174
  -- 9 : 1 = -0.0427069
  -- 9 : 2 = -0.000205525
  -- 10 : 1 = 0.328954
  -- 10 : 2 = 0.168959
Out\Act	False		True
False	0.0176107	0.824369	0.84198
True	0.000951928	0.157068	0.15802
	0.0185626	0.981437
	Accuracy [ (tp + tn) / testSize ]: 0.174679
	Precision [ tp / (tp + fp) ]:      0.159961
	Sensitivity [ tp / (tp + fn) ]:    0.990991
	Specificity [ tn / (tn + fp) ]:    0.020904
	F-Score [ 2tp / (2tp + fp + fn) ]: 0.275574
Particle (38):: Fit: 5282.5	PB: 5282.5	LB: 5523.57	GB: 5527.2	Conf: 0.63862	Pts: 60858
Particle (45):: Fit: 5513.47	PB: 5513.47	LB: 5522.49	GB: 5527.2	Conf: 0.519344	Pts: 110069
Particle (13):: Fit: 5514.99	PB: 5514.99	LB: 5523.67	GB: 5527.2	Conf: 0.903394	Pts: 60568
Particle (49):: Fit: 5522.78	PB: 5522.78	LB: 5522.78	GB: 5527.2	Conf: 0.167976	Pts: 115364
Particle (35):: Fit: 5451.75	PB: 5451.75	LB: 5523.57	GB: 5527.2	Conf: 0.62949	Pts: 75860
Particle (3):: Fit: 5174.94	PB: 5174.94	LB: 5527.2	GB: 5527.2	Conf: 0.388599	Pts: 55440
Particle (38):: Fit: 5333.54	PB: 5333.54	LB: 5523.57	GB: 5527.2	Conf: 0.76348	Pts: 60948
Particle (39):: Fit: 5475.39	PB: 5475.39	LB: 5523.57	GB: 5527.2	Conf: 0.209216	Pts: 65757
Particle (35):: Fit: 5491.89	PB: 5491.89	LB: 5523.57	GB: 5527.2	Conf: 0.655214	Pts: 75958
Particle (32):: Fit: 5520.8	PB: 5520.8	LB: 5522.11	GB: 5527.2	Conf: 0.0201247	Pts: 160256
Particle (38):: Fit: 5522.45	PB: 5522.45	LB: 5523.57	GB: 5527.2	Conf: 0.415676	Pts: 71043
Particle (2):: Fit: 5500.81	PB: 5500.81	LB: 5527.2	GB: 5527.2	Conf: 0.836275	Pts: 60553
Particle (17):: Fit: 5521.81	PB: 5521.81	LB: 5523.67	GB: 5527.2	Conf: 0.73442	Pts: 70552
Particle (43):: Fit: 5518.4	PB: 5518.4	LB: 5523.57	GB: 5527.2	Conf: 0.985574	Pts: 100452
Particle (46):: Fit: 5522.78	PB: 5522.78	LB: 5522.78	GB: 5527.2	Conf: 0.843685	Pts: 115448
Particle (18):: Fit: 5517.35	PB: 5517.35	LB: 5523.67	GB: 5527.2	Conf: 0.619952	Pts: 55651
Particle (10):: Fit: 5330.75	PB: 5330.75	LB: 5527.2	GB: 5527.2	Conf: 0.725558	Pts: 55650
Particle (29):: Fit: 5517.55	PB: 5517.55	LB: 5521.39	GB: 5527.2	Conf: 0.60649	Pts: 80446
Particle (18):: Fit: 5517.71	PB: 5517.71	LB: 5523.67	GB: 5527.2	Conf: 0.149593	Pts: 55746
Particle (14):: Fit: 5520.58	PB: 5520.58	LB: 5523.67	GB: 5527.2	Conf: 0.520006	Pts: 90343
Particle (0):: Fit: 5515.71	PB: 5515.71	LB: 5524.58	GB: 5527.2	Conf: 0.740896	Pts: 120642
Particle (9):: Fit: 5521.06	PB: 5521.06	LB: 5527.2	GB: 5527.2	Conf: 0.929457	Pts: 60640
Particle (3):: Fit: 5278.17	PB: 5278.17	LB: 5527.2	GB: 5527.2	Conf: 0.253985	Pts: 55518
Particle (3):: Fit: 5517.48	PB: 5517.48	LB: 5527.2	GB: 5527.2	Conf: 0.192577	Pts: 55617
Particle (41):: Fit: 5521.75	PB: 5521.75	LB: 5523.57	GB: 5527.2	Conf: 0.460086	Pts: 180437
Particle (21):: Fit: 5520.56	PB: 5520.56	LB: 5521.81	GB: 5527.2	Conf: 0.526297	Pts: 55635
Particle (4):: Fit: 5311.26	PB: 5311.26	LB: 5527.2	GB: 5527.2	Conf: 0.796934	Pts: 55808
Particle (39):: Fit: 5521.91	PB: 5521.91	LB: 5523.57	GB: 5527.2	Conf: 0.551315	Pts: 65832
Particle (10):: Fit: 5467.92	PB: 5467.92	LB: 5527.2	GB: 5527.2	Conf: 0.86768	Pts: 55729
Particle (11):: Fit: 3205.96	PB: 3205.96	LB: 5523.67	GB: 5527.2	Conf: 0.588926	Pts: 110224
Particle (11):: Fit: 4174.23	PB: 4174.23	LB: 5523.67	GB: 5527.2	Conf: 0.638415	Pts: 110320
Particle (1):: Fit: 5490.75	PB: 5490.75	LB: 5527.2	GB: 5527.2	Conf: 0.811546	Pts: 55919
Particle (22):: Fit: 5516.88	PB: 5516.88	LB: 5521.13	GB: 5527.2	Conf: 0.182137	Pts: 60915
Particle (45):: Fit: 5514.84	PB: 5514.84	LB: 5522.78	GB: 5527.2	Conf: 0.592181	Pts: 110112
Particle (4):: Fit: 5402.74	PB: 5402.74	LB: 5527.2	GB: 5527.2	Conf: 0.787586	Pts: 55880
Particle (26):: Fit: 5523.91	PB: 5523.91	LB: 5523.91	GB: 5527.2	Conf: 0.332816	Pts: 185505
Particle (35):: Fit: 5497.46	PB: 5497.46	LB: 5523.57	GB: 5527.2	Conf: 0.643013	Pts: 76001
Particle (45):: Fit: 5525.61	PB: 5525.61	LB: 5525.61	GB: 5527.2	Conf: 0.410156	Pts: 160199
Particle (10):: Fit: 5501.59	PB: 5501.59	LB: 5527.2	GB: 5527.2	Conf: 0.747763	Pts: 55790
Particle (11):: Fit: 4260.32	PB: 4260.32	LB: 5523.67	GB: 5527.2	Conf: 0.67407	Pts: 110383
Particle (25):: Fit: 5526.6	PB: 5526.6	LB: 5526.6	GB: 5527.2	Conf: 0.353092	Pts: 105888
Particle (24):: Fit: 5518.83	PB: 5518.83	LB: 5526.6	GB: 5527.2	Conf: 0.964407	Pts: 85384
Particle (35):: Fit: 5517.09	PB: 5517.09	LB: 5523.57	GB: 5527.2	Conf: 0.780578	Pts: 76082
Particle (22):: Fit: 5518.86	PB: 5518.86	LB: 5526.6	GB: 5527.2	Conf: 0.164939	Pts: 60982
Particle (21):: Fit: 5521.56	PB: 5521.56	LB: 5526.6	GB: 5527.2	Conf: 0.522485	Pts: 55677
Particle (11):: Fit: 4652.02	PB: 4652.02	LB: 5523.67	GB: 5527.2	Conf: 0.604999	Pts: 110465
Particle (13):: Fit: 5517.65	PB: 5517.65	LB: 5523.67	GB: 5527.2	Conf: 0.902822	Pts: 60554
Particle (35):: Fit: 5521.58	PB: 5521.58	LB: 5523.57	GB: 5527.2	Conf: 0.880334	Pts: 76146
Particle (8):: Fit: 5517.16	PB: 5517.16	LB: 5527.2	GB: 5527.2	Conf: 0.618239	Pts: 85334
Particle (11):: Fit: 5438.36	PB: 5438.36	LB: 5523.67	GB: 5527.2	Conf: 0.6757	Pts: 110532
Particle (25):: Fit: 5526.71	PB: 5526.71	LB: 5526.71	GB: 5527.2	Conf: 0.454562	Pts: 155919
Particle (28):: Fit: 5470.05	PB: 5470.05	LB: 5526.71	GB: 5527.2	Conf: 0.245453	Pts: 75504
Particle (11):: Fit: 5475.2	PB: 5475.2	LB: 5523.67	GB: 5527.2	Conf: 0.698402	Pts: 110603
Particle (32):: Fit: 5520.83	PB: 5520.83	LB: 5522.11	GB: 5527.2	Conf: 0.450394	Pts: 160199
Particle (2):: Fit: 5522.83	PB: 5522.83	LB: 5527.2	GB: 5527.2	Conf: 0.772448	Pts: 60496
Particle (47):: Fit: 5525.17	PB: 5525.17	LB: 5525.61	GB: 5527.2	Conf: 0.513153	Pts: 65587
Particle (32):: Fit: 5528.53	PB: 5528.53	LB: 5528.53	GB: 5528.53	Conf: 0.413522	Pts: 220283
Global: 5528.53 - Correct: 56.6% of 500 tests
Global Best: 
  Inner Net 1
  -- 1 : 1 = 0.0708832
  -- 1 : 2 = 0.117225
  -- 1 : 3 = 0.411745
  -- 1 : 4 = -0.153892
  -- 1 : 5 = 0.223454
  -- 1 : 6 = -0.254907
  -- 1 : 7 = 0.264555
  -- 1 : 8 = 0.104841
  -- 1 : 9 = 0.350086
  -- 1 : 10 = -0.146132
  -- 2 : 1 = -0.0473064
  -- 2 : 2 = -0.0502677
  -- 2 : 3 = -0.214504
  -- 2 : 4 = 0.261773
  -- 2 : 5 = 0.13626
  -- 2 : 6 = -0.212865
  -- 2 : 7 = 0.260323
  -- 2 : 8 = 0.357316
  -- 2 : 9 = 0.390527
  -- 2 : 10 = 0.315037
  -- 3 : 1 = 0.249584
  -- 3 : 2 = 0.118491
  -- 3 : 3 = -0.32225
  -- 3 : 4 = 0.152707
  -- 3 : 5 = 0.49379
  -- 3 : 6 = -0.0158473
  -- 3 : 7 = -0.0696191
  -- 3 : 8 = 0.363947
  -- 3 : 9 = -0.105717
  -- 3 : 10 = 0.187101
  -- 4 : 1 = 0.23199
  -- 4 : 2 = -0.137057
  -- 4 : 3 = 0.0426869
  -- 4 : 4 = 0.285753
  -- 4 : 5 = -0.00621721
  -- 4 : 6 = -0.0378656
  -- 4 : 7 = 0.006122
  -- 4 : 8 = -0.243498
  -- 4 : 9 = 0.109472
  -- 4 : 10 = 0.0794437
  -- 5 : 1 = -0.277021
  -- 5 : 2 = 0.132761
  -- 5 : 3 = 0.346987
  -- 5 : 4 = 0.0144223
  -- 5 : 5 = 0.470733
  -- 5 : 6 = 0.0489703
  -- 5 : 7 = 0.309193
  -- 5 : 8 = 0.220507
  -- 5 : 9 = -0.0749317
  -- 5 : 10 = -0.319999
  -- 6 : 1 = 0.0870896
  -- 6 : 2 = 0.0318508
  -- 6 : 3 = 0.0333845
  -- 6 : 4 = -0.0703606
  -- 6 : 5 = -0.399621
  -- 6 : 6 = 0.570097
  -- 6 : 7 = 0.136285
  -- 6 : 8 = 0.0117919
  -- 6 : 9 = 0.314773
  -- 6 : 10 = 0.333689
  -- 7 : 1 = 0.858754
  -- 7 : 2 = -0.16028
  -- 7 : 3 = -0.235037
  -- 7 : 4 = 0.248502
  -- 7 : 5 = -0.064576
  -- 7 : 6 = 0.0591692
  -- 7 : 7 = -0.0761403
  -- 7 : 8 = -0.165203
  -- 7 : 9 = 0.16805
  -- 7 : 10 = -0.0491066
  -- 8 : 1 = 0.571141
  -- 8 : 2 = 0.175615
  -- 8 : 3 = -0.466885
  -- 8 : 4 = -0.163726
  -- 8 : 5 = 0.337519
  -- 8 : 6 = -0.243853
  -- 8 : 7 = -0.138594
  -- 8 : 8 = 0.183324
  -- 8 : 9 = -0.30181
  -- 8 : 10 = 0.311422
  -- 9 : 1 = -0.277367
  -- 9 : 2 = 0.347326
  -- 9 : 3 = 0.00235069
  -- 9 : 4 = 0.208396
  -- 9 : 5 = -0.041163
  -- 9 : 6 = 0.329512
  -- 9 : 7 = 0.291489
  -- 9 : 8 = -0.0849067
  -- 9 : 9 = 0.0382633
  -- 9 : 10 = -0.303579
  -- 10 : 1 = 0.447147
  -- 10 : 2 = 0.628514
  -- 10 : 3 = 0.187886
  -- 10 : 4 = -0.162244
  -- 10 : 5 = -0.0548796
  -- 10 : 6 = -0.284335
  -- 10 : 7 = 0.134953
  -- 10 : 8 = -0.103831
  -- 10 : 9 = 0.128217
  -- 10 : 10 = 0.160269
  Inner Net 2
  -- 1 : 1 = -0.310707
  -- 1 : 2 = 0.106503
  -- 2 : 1 = 0.125025
  -- 2 : 2 = -0.220442
  -- 3 : 1 = 0.638549
  -- 3 : 2 = -0.360506
  -- 4 : 1 = -0.294383
  -- 4 : 2 = -0.567343
  -- 5 : 1 = -0.829383
  -- 5 : 2 = -0.00316916
  -- 6 : 1 = -0.063825
  -- 6 : 2 = -0.485833
  -- 7 : 1 = -0.465031
  -- 7 : 2 = 0.473612
  -- 8 : 1 = -0.4725
  -- 8 : 2 = 0.194498
  -- 9 : 1 = -0.144919
  -- 9 : 2 = -0.422199
  -- 10 : 1 = 0.41966
  -- 10 : 2 = 0.0797185
Out\Act	False		True
False	0.0161828	0.825797	0.84198
True	0.00142789	0.156592	0.15802
	0.0176107	0.982389
	Accuracy [ (tp + tn) / testSize ]: 0.172775
	Precision [ tp / (tp + fp) ]:      0.159322
	Sensitivity [ tp / (tp + fn) ]:    0.987988
	Specificity [ tn / (tn + fp) ]:    0.019209
	F-Score [ 2tp / (2tp + fp + fn) ]: 0.27451
Particle (37):: Fit: 5517.97	PB: 5517.97	LB: 5523.57	GB: 5528.53	Conf: 0.91889	Pts: 55176
Particle (17):: Fit: 5524.76	PB: 5524.76	LB: 5524.76	GB: 5528.53	Conf: 0.650018	Pts: 110476
Particle (31):: Fit: 5518.54	PB: 5518.54	LB: 5528.53	GB: 5528.53	Conf: 0.608952	Pts: 55454
Particle (29):: Fit: 5519.42	PB: 5519.42	LB: 5528.53	GB: 5528.53	Conf: 0.599804	Pts: 80369
Particle (14):: Fit: 5521.09	PB: 5521.09	LB: 5524.76	GB: 5528.53	Conf: 0.334381	Pts: 90261
Particle (45):: Fit: 5526.76	PB: 5526.76	LB: 5526.76	GB: 5528.53	Conf: 0.519328	Pts: 210157
Particle (42):: Fit: 5522.39	PB: 5522.39	LB: 5526.76	GB: 5528.53	Conf: 0.992579	Pts: 50745
Particle (18):: Fit: 5518.1	PB: 5518.1	LB: 5524.76	GB: 5528.53	Conf: 0.793796	Pts: 55640
Particle (7):: Fit: 5524.29	PB: 5524.29	LB: 5527.2	GB: 5528.53	Conf: 0.556444	Pts: 120136
Particle (24):: Fit: 5520.76	PB: 5520.76	LB: 5526.71	GB: 5528.53	Conf: 0.403502	Pts: 85334
Particle (3):: Fit: 5522.05	PB: 5522.05	LB: 5527.2	GB: 5528.53	Conf: 0.35515	Pts: 55500
Particle (9):: Fit: 5521.78	PB: 5521.78	LB: 5527.2	GB: 5528.53	Conf: 0.945561	Pts: 60511
Particle (10):: Fit: 5518.92	PB: 5518.92	LB: 5527.2	GB: 5528.53	Conf: 0.724364	Pts: 55710
Particle (19):: Fit: 5518.93	PB: 5518.93	LB: 5524.76	GB: 5528.53	Conf: 0.406237	Pts: 95304
Particle (38):: Fit: 5524.29	PB: 5524.29	LB: 5524.29	GB: 5528.53	Conf: 0.587921	Pts: 85892
Particle (8):: Fit: 5517.44	PB: 5517.44	LB: 5527.2	GB: 5528.53	Conf: 0.499594	Pts: 85293
Particle (18):: Fit: 5520.6	PB: 5520.6	LB: 5524.76	GB: 5528.53	Conf: 0.627669	Pts: 55661
Particle (11):: Fit: 5516.71	PB: 5516.71	LB: 5524.29	GB: 5528.53	Conf: 0.699689	Pts: 110544
Particle (23):: Fit: 5519.58	PB: 5519.58	LB: 5526.71	GB: 5528.53	Conf: 0.843642	Pts: 70030
Particle (43):: Fit: 5523.54	PB: 5523.54	LB: 5526.76	GB: 5528.53	Conf: 0.266155	Pts: 100242
Particle (26):: Fit: 5525.92	PB: 5525.92	LB: 5526.71	GB: 5528.53	Conf: 0.439963	Pts: 185321
Particle (10):: Fit: 5522.35	PB: 5522.35	LB: 5527.2	GB: 5528.53	Conf: 0.752916	Pts: 55711
Particle (30):: Fit: 5522.71	PB: 5522.71	LB: 5528.53	GB: 5528.53	Conf: 0.8795	Pts: 170103
Particle (33):: Fit: 5490.21	PB: 5490.21	LB: 5528.53	GB: 5528.53	Conf: 0.246363	Pts: 55188
Particle (19):: Fit: 5520.63	PB: 5520.63	LB: 5524.76	GB: 5528.53	Conf: 0.409248	Pts: 95277
Particle (1):: Fit: 5496.37	PB: 5496.37	LB: 5527.2	GB: 5528.53	Conf: 0.81513	Pts: 55643
Particle (31):: Fit: 5519.31	PB: 5519.31	LB: 5528.53	GB: 5528.53	Conf: 0.32051	Pts: 55308
Particle (33):: Fit: 5491.99	PB: 5491.99	LB: 5528.53	GB: 5528.53	Conf: 0.0917628	Pts: 55223
Particle (41):: Fit: 5523.38	PB: 5523.38	LB: 5526.76	GB: 5528.53	Conf: 0.479468	Pts: 180120
Particle (24):: Fit: 5523.11	PB: 5523.11	LB: 5526.71	GB: 5528.53	Conf: 0.224509	Pts: 85212
Particle (20):: Fit: 5524.02	PB: 5524.02	LB: 5526.71	GB: 5528.53	Conf: 0.164091	Pts: 184891
Particle (28):: Fit: 5477.28	PB: 5477.28	LB: 5528.53	GB: 5528.53	Conf: 0.257765	Pts: 75266
Particle (18):: Fit: 5522.2	PB: 5522.2	LB: 5524.76	GB: 5528.53	Conf: 0.265228	Pts: 55571
Particle (48):: Fit: 5512.14	PB: 5512.14	LB: 5526.76	GB: 5528.53	Conf: 0.99574	Pts: 80137
Particle (37):: Fit: 5522.73	PB: 5522.73	LB: 5524.29	GB: 5528.53	Conf: 0.93441	Pts: 54952
Particle (33):: Fit: 5517.07	PB: 5517.07	LB: 5528.53	GB: 5528.53	Conf: 0.0916793	Pts: 55246
Particle (14):: Fit: 5522.24	PB: 5522.24	LB: 5524.76	GB: 5528.53	Conf: 0.394478	Pts: 90045
Particle (13):: Fit: 5527.06	PB: 5527.06	LB: 5527.06	GB: 5528.53	Conf: 0.91583	Pts: 95225
Particle (21):: Fit: 5522.69	PB: 5522.69	LB: 5526.71	GB: 5528.53	Conf: 0.547577	Pts: 55321
Particle (1):: Fit: 5504.05	PB: 5504.05	LB: 5527.2	GB: 5528.53	Conf: 0.573267	Pts: 55587
Particle (48):: Fit: 5520.98	PB: 5520.98	LB: 5526.76	GB: 5528.53	Conf: 0.909916	Pts: 80172
Particle (33):: Fit: 5519.39	PB: 5519.39	LB: 5528.53	GB: 5528.53	Conf: 0.0935321	Pts: 55286
Particle (23):: Fit: 5519.59	PB: 5519.59	LB: 5526.71	GB: 5528.53	Conf: 0.84628	Pts: 69805
Particle (48):: Fit: 5523.25	PB: 5523.25	LB: 5526.76	GB: 5528.53	Conf: 0.468566	Pts: 80198
Particle (48):: Fit: 5524.27	PB: 5524.27	LB: 5526.76	GB: 5528.53	Conf: 0.139697	Pts: 80241
Particle (8):: Fit: 5519.3	PB: 5519.3	LB: 5527.2	GB: 5528.53	Conf: 0.38334	Pts: 84925
Particle (7):: Fit: 5524.3	PB: 5524.3	LB: 5527.2	GB: 5528.53	Conf: 0.076371	Pts: 119725
Particle (22):: Fit: 5524.96	PB: 5524.96	LB: 5526.71	GB: 5528.53	Conf: 0.167752	Pts: 70409
Particle (35):: Fit: 5522.82	PB: 5522.82	LB: 5528.53	GB: 5528.53	Conf: 0.658367	Pts: 75604
Particle (0):: Fit: 5524.85	PB: 5524.85	LB: 5525.17	GB: 5528.53	Conf: 0.730444	Pts: 119993
Particle (31):: Fit: 5522.95	PB: 5522.95	LB: 5528.53	GB: 5528.53	Conf: 0.386508	Pts: 55057
Particle (12):: Fit: 5522.67	PB: 5522.67	LB: 5527.06	GB: 5528.53	Conf: 0.424677	Pts: 59943
Particle (24):: Fit: 5523.4	PB: 5523.4	LB: 5526.71	GB: 5528.53	Conf: 0.431443	Pts: 84937
Particle (29):: Fit: 5524.3	PB: 5524.3	LB: 5528.53	GB: 5528.53	Conf: 0.640216	Pts: 79803
Particle (9):: Fit: 5521.83	PB: 5521.83	LB: 5527.2	GB: 5528.53	Conf: 0.420438	Pts: 60004
Particle (19):: Fit: 5524.19	PB: 5524.19	LB: 5524.96	GB: 5528.53	Conf: 0.516689	Pts: 94874
Particle (1):: Fit: 5522.8	PB: 5522.8	LB: 5527.2	GB: 5528.53	Conf: 0.825614	Pts: 55327
Particle (11):: Fit: 5520.18	PB: 5520.18	LB: 5527.06	GB: 5528.53	Conf: 0.7001	Pts: 110037
Particle (28):: Fit: 5519.17	PB: 5519.17	LB: 5528.53	GB: 5528.53	Conf: 0.241057	Pts: 74911
Particle (4):: Fit: 5415.95	PB: 5415.95	LB: 5527.2	GB: 5528.53	Conf: 0.744165	Pts: 55112
Particle (4):: Fit: 5471.03	PB: 5471.03	LB: 5527.2	GB: 5528.53	Conf: 0.789701	Pts: 55208
Particle (18):: Fit: 5522.83	PB: 5522.83	LB: 5524.96	GB: 5528.53	Conf: 0.492983	Pts: 55242
Particle (35):: Fit: 5524.39	PB: 5524.39	LB: 5528.53	GB: 5528.53	Conf: 0.687683	Pts: 90514
Particle (14):: Fit: 5522.69	PB: 5522.69	LB: 5527.06	GB: 5528.53	Conf: 0.202961	Pts: 89698
Particle (2):: Fit: 5523.81	PB: 5523.81	LB: 5527.2	GB: 5528.53	Conf: 0.938239	Pts: 59767
Particle (27):: Fit: 5516.49	PB: 5516.49	LB: 5528.53	GB: 5528.53	Conf: 0.926088	Pts: 64414
Particle (0):: Fit: 5528.57	PB: 5528.57	LB: 5528.57	GB: 5528.57	Conf: 0.737705	Pts: 179813
Global: 5528.57 - Correct: 56.8% of 500 tests
Global Best: 
  Inner Net 1
  -- 1 : 1 = -0.5
  -- 1 : 2 = 0.324586
  -- 1 : 3 = -0.0884903
  -- 1 : 4 = -0.149471
  -- 1 : 5 = -0.0246538
  -- 1 : 6 = 0.236084
  -- 1 : 7 = 0.229471
  -- 1 : 8 = -0.107058
  -- 1 : 9 = 0.220385
  -- 1 : 10 = -0.0102288
  -- 2 : 1 = 0.734485
  -- 2 : 2 = -0.180731
  -- 2 : 3 = -0.13653
  -- 2 : 4 = 0.372578
  -- 2 : 5 = 0.282149
  -- 2 : 6 = -0.0824714
  -- 2 : 7 = 0.440289
  -- 2 : 8 = -0.0101585
  -- 2 : 9 = -0.0443806
  -- 2 : 10 = 0.233309
  -- 3 : 1 = 0.347914
  -- 3 : 2 = 0.324122
  -- 3 : 3 = 0.331996
  -- 3 : 4 = 0.123735
  -- 3 : 5 = -0.409739
  -- 3 : 6 = -0.107085
  -- 3 : 7 = 0.206971
  -- 3 : 8 = 0.357092
  -- 3 : 9 = -0.105634
  -- 3 : 10 = 0.12908
  -- 4 : 1 = 0.106978
  -- 4 : 2 = -0.105666
  -- 4 : 3 = -0.212242
  -- 4 : 4 = 0.256727
  -- 4 : 5 = -0.198611
  -- 4 : 6 = -0.00384699
  -- 4 : 7 = 0.200811
  -- 4 : 8 = 0.241762
  -- 4 : 9 = 0.0714587
  -- 4 : 10 = -0.0377457
  -- 5 : 1 = -0.244972
  -- 5 : 2 = -0.13246
  -- 5 : 3 = -0.0958255
  -- 5 : 4 = 0.0988549
  -- 5 : 5 = -0.12456
  -- 5 : 6 = 0.28545
  -- 5 : 7 = -0.0758902
  -- 5 : 8 = 0.00665384
  -- 5 : 9 = 0.253774
  -- 5 : 10 = 0.0992573
  -- 6 : 1 = 0.566182
  -- 6 : 2 = 0.165464
  -- 6 : 3 = 0.188262
  -- 6 : 4 = -0.124233
  -- 6 : 5 = -0.213979
  -- 6 : 6 = -0.0144278
  -- 6 : 7 = -0.316078
  -- 6 : 8 = -0.471734
  -- 6 : 9 = -0.228051
  -- 6 : 10 = -0.0136329
  -- 7 : 1 = 0.171859
  -- 7 : 2 = 0.0577421
  -- 7 : 3 = 0.282201
  -- 7 : 4 = -0.567975
  -- 7 : 5 = -0.083487
  -- 7 : 6 = 0.100316
  -- 7 : 7 = -0.13591
  -- 7 : 8 = -0.189553
  -- 7 : 9 = -0.156344
  -- 7 : 10 = 0.439231
  -- 8 : 1 = 0.510168
  -- 8 : 2 = 0.338612
  -- 8 : 3 = -0.0707219
  -- 8 : 4 = 0.0579851
  -- 8 : 5 = 0.558047
  -- 8 : 6 = 0.371231
  -- 8 : 7 = -0.0167462
  -- 8 : 8 = 0.530969
  -- 8 : 9 = 0.242284
  -- 8 : 10 = 0.260836
  -- 9 : 1 = 0.233699
  -- 9 : 2 = 0.445055
  -- 9 : 3 = -0.00662526
  -- 9 : 4 = 0.348447
  -- 9 : 5 = 0.2043
  -- 9 : 6 = 0.120855
  -- 9 : 7 = 0.177878
  -- 9 : 8 = 0.0276668
  -- 9 : 9 = 0.143804
  -- 9 : 10 = 0.269904
  -- 10 : 1 = 0.0655316
  -- 10 : 2 = -0.00267415
  -- 10 : 3 = -0.118822
  -- 10 : 4 = -0.0164454
  -- 10 : 5 = -0.186837
  -- 10 : 6 = 0.0505717
  -- 10 : 7 = -0.152498
  -- 10 : 8 = -0.0541052
  -- 10 : 9 = 0.295467
  -- 10 : 10 = -0.244122
  Inner Net 2
  -- 1 : 1 = 0.10252
  -- 1 : 2 = -0.244509
  -- 2 : 1 = 0.131104
  -- 2 : 2 = -0.0677598
  -- 3 : 1 = 0.0541404
  -- 3 : 2 = -0.208936
  -- 4 : 1 = -0.468975
  -- 4 : 2 = -0.0849964
  -- 5 : 1 = 0.130169
  -- 5 : 2 = 0.0240717
  -- 6 : 1 = -0.61611
  -- 6 : 2 = 0.167137
  -- 7 : 1 = -0.656072
  -- 7 : 2 = -0.541717
  -- 8 : 1 = -1
  -- 8 : 2 = 0.372365
  -- 9 : 1 = -0.0759653
  -- 9 : 2 = -0.283249
  -- 10 : 1 = 0.705925
  -- 10 : 2 = 0.338008
Out\Act	False		True
False	0.0195145	0.822465	0.84198
True	0.000951928	0.157068	0.15802
	0.0204664	0.979534
	Accuracy [ (tp + tn) / testSize ]: 0.176583
	Precision [ tp / (tp + fp) ]:      0.160272
	Sensitivity [ tp / (tp + fn) ]:    0.990991
	Specificity [ tn / (tn + fp) ]:    0.0231638
	F-Score [ 2tp / (2tp + fp + fn) ]: 0.276035
Particle (33):: Fit: 5521.75	PB: 5521.75	LB: 5528.53	GB: 5528.57	Conf: 0.429317	Pts: 54848
Particle (36):: Fit: 5522.38	PB: 5522.38	LB: 5528.53	GB: 5528.57	Conf: 0.987898	Pts: 99822
Particle (3):: Fit: 5522.1	PB: 5522.1	LB: 5528.57	GB: 5528.57	Conf: 0.0172034	Pts: 54694
Particle (34):: Fit: 5522.54	PB: 5522.54	LB: 5528.53	GB: 5528.57	Conf: 0.103955	Pts: 104295
Particle (4):: Fit: 5493.59	PB: 5493.59	LB: 5528.57	GB: 5528.57	Conf: 0.800137	Pts: 54995
Global Best: 
  Inner Net 1
  -- 1 : 1 = -0.5
  -- 1 : 2 = 0.324586
  -- 1 : 3 = -0.0884903
  -- 1 : 4 = -0.149471
  -- 1 : 5 = -0.0246538
  -- 1 : 6 = 0.236084
  -- 1 : 7 = 0.229471
  -- 1 : 8 = -0.107058
  -- 1 : 9 = 0.220385
  -- 1 : 10 = -0.0102288
  -- 2 : 1 = 0.734485
  -- 2 : 2 = -0.180731
  -- 2 : 3 = -0.13653
  -- 2 : 4 = 0.372578
  -- 2 : 5 = 0.282149
  -- 2 : 6 = -0.0824714
  -- 2 : 7 = 0.440289
  -- 2 : 8 = -0.0101585
  -- 2 : 9 = -0.0443806
  -- 2 : 10 = 0.233309
  -- 3 : 1 = 0.347914
  -- 3 : 2 = 0.324122
  -- 3 : 3 = 0.331996
  -- 3 : 4 = 0.123735
  -- 3 : 5 = -0.409739
  -- 3 : 6 = -0.107085
  -- 3 : 7 = 0.206971
  -- 3 : 8 = 0.357092
  -- 3 : 9 = -0.105634
  -- 3 : 10 = 0.12908
  -- 4 : 1 = 0.106978
  -- 4 : 2 = -0.105666
  -- 4 : 3 = -0.212242
  -- 4 : 4 = 0.256727
  -- 4 : 5 = -0.198611
  -- 4 : 6 = -0.00384699
  -- 4 : 7 = 0.200811
  -- 4 : 8 = 0.241762
  -- 4 : 9 = 0.0714587
  -- 4 : 10 = -0.0377457
  -- 5 : 1 = -0.244972
  -- 5 : 2 = -0.13246
  -- 5 : 3 = -0.0958255
  -- 5 : 4 = 0.0988549
  -- 5 : 5 = -0.12456
  -- 5 : 6 = 0.28545
  -- 5 : 7 = -0.0758902
  -- 5 : 8 = 0.00665384
  -- 5 : 9 = 0.253774
  -- 5 : 10 = 0.0992573
  -- 6 : 1 = 0.566182
  -- 6 : 2 = 0.165464
  -- 6 : 3 = 0.188262
  -- 6 : 4 = -0.124233
  -- 6 : 5 = -0.213979
  -- 6 : 6 = -0.0144278
  -- 6 : 7 = -0.316078
  -- 6 : 8 = -0.471734
  -- 6 : 9 = -0.228051
  -- 6 : 10 = -0.0136329
  -- 7 : 1 = 0.171859
  -- 7 : 2 = 0.0577421
  -- 7 : 3 = 0.282201
  -- 7 : 4 = -0.567975
  -- 7 : 5 = -0.083487
  -- 7 : 6 = 0.100316
  -- 7 : 7 = -0.13591
  -- 7 : 8 = -0.189553
  -- 7 : 9 = -0.156344
  -- 7 : 10 = 0.439231
  -- 8 : 1 = 0.510168
  -- 8 : 2 = 0.338612
  -- 8 : 3 = -0.0707219
  -- 8 : 4 = 0.0579851
  -- 8 : 5 = 0.558047
  -- 8 : 6 = 0.371231
  -- 8 : 7 = -0.0167462
  -- 8 : 8 = 0.530969
  -- 8 : 9 = 0.242284
  -- 8 : 10 = 0.260836
  -- 9 : 1 = 0.233699
  -- 9 : 2 = 0.445055
  -- 9 : 3 = -0.00662526
  -- 9 : 4 = 0.348447
  -- 9 : 5 = 0.2043
  -- 9 : 6 = 0.120855
  -- 9 : 7 = 0.177878
  -- 9 : 8 = 0.0276668
  -- 9 : 9 = 0.143804
  -- 9 : 10 = 0.269904
  -- 10 : 1 = 0.0655316
  -- 10 : 2 = -0.00267415
  -- 10 : 3 = -0.118822
  -- 10 : 4 = -0.0164454
  -- 10 : 5 = -0.186837
  -- 10 : 6 = 0.0505717
  -- 10 : 7 = -0.152498
  -- 10 : 8 = -0.0541052
  -- 10 : 9 = 0.295467
  -- 10 : 10 = -0.244122
  Inner Net 2
  -- 1 : 1 = 0.10252
  -- 1 : 2 = -0.244509
  -- 2 : 1 = 0.131104
  -- 2 : 2 = -0.0677598
  -- 3 : 1 = 0.0541404
  -- 3 : 2 = -0.208936
  -- 4 : 1 = -0.468975
  -- 4 : 2 = -0.0849964
  -- 5 : 1 = 0.130169
  -- 5 : 2 = 0.0240717
  -- 6 : 1 = -0.61611
  -- 6 : 2 = 0.167137
  -- 7 : 1 = -0.656072
  -- 7 : 2 = -0.541717
  -- 8 : 1 = -1
  -- 8 : 2 = 0.372365
  -- 9 : 1 = -0.0759653
  -- 9 : 2 = -0.283249
  -- 10 : 1 = 0.705925
  -- 10 : 2 = 0.338008
Out\Act	False		True
False	0.0195145	0.822465	0.84198
True	0.000951928	0.157068	0.15802
	0.0204664	0.979534
	Accuracy [ (tp + tn) / testSize ]: 0.176583
	Precision [ tp / (tp + fp) ]:      0.160272
	Sensitivity [ tp / (tp + fn) ]:    0.990991
	Specificity [ tn / (tn + fp) ]:    0.0231638
	F-Score [ 2tp / (2tp + fp + fn) ]: 0.276035
