
Date / Time: Fri Mar 31 01:11:11 2017

   ****************************************
   * PSO Neural Net (Gaussian Activation) *
   *       by William Boler, BSCE         *
   *     Research Assistant, IUPUI        *
   *                                      *
   *  Professor: Dr. Lauren Christopher   *
   *     Created: March 13, 2017          *
   ****************************************


Inputs: 10
Inner Nets: 1
 - 9
Tests per train(min): 500
Particles: 50
Neighbors: 10
Minimum Particle Iterations: 1000
Particle (0):: Fit: 105.451	PB: 105.451	LB: 105.451	GB: 105.451	Conf: 0.479758	Pts: 110099
Particle (1):: Fit: 2756.29	PB: 2756.29	LB: 2756.29	GB: 2756.29	Conf: 2	Pts: 110099
Particle (2):: Fit: 2753.51	PB: 2753.51	LB: 2756.29	GB: 2756.29	Conf: 0.535556	Pts: 55099
Particle (3):: Fit: 2755.75	PB: 2755.75	LB: 2756.29	GB: 2756.29	Conf: 2	Pts: 60099
Particle (4):: Fit: 2755.28	PB: 2755.28	LB: 2756.29	GB: 2756.29	Conf: 2	Pts: 55099
Particle (5):: Fit: 2755.2	PB: 2755.2	LB: 2756.29	GB: 2756.29	Conf: 1.85909	Pts: 55099
Particle (6):: Fit: 2755.05	PB: 2755.05	LB: 2755.75	GB: 2756.29	Conf: 1.21859	Pts: 55099
Particle (7):: Fit: 2755.56	PB: 2755.56	LB: 2755.75	GB: 2756.29	Conf: 1.99225	Pts: 70099
Particle (8):: Fit: 1098.15	PB: 1098.15	LB: 2755.56	GB: 2756.29	Conf: 0.62409	Pts: 55099
Particle (9):: Fit: 2753.33	PB: 2753.33	LB: 2755.56	GB: 2756.29	Conf: 2	Pts: 60099
Particle (10):: Fit: 2756.47	PB: 2756.47	LB: 2756.47	GB: 2756.47	Conf: 2	Pts: 110099
Particle (11):: Fit: 3214.15	PB: 3214.15	LB: 3214.15	GB: 3214.15	Conf: 1.1542	Pts: 110099
Particle (12):: Fit: 2673.08	PB: 2673.08	LB: 3214.15	GB: 3214.15	Conf: 1.97122	Pts: 55099
Particle (13):: Fit: 2755.09	PB: 2755.09	LB: 3214.15	GB: 3214.15	Conf: 2	Pts: 60099
Particle (14):: Fit: 2756.15	PB: 2756.15	LB: 3214.15	GB: 3214.15	Conf: 1.07074	Pts: 65099
Particle (15):: Fit: 2707.46	PB: 2707.46	LB: 3214.15	GB: 3214.15	Conf: 1.98438	Pts: 55099
Particle (16):: Fit: 5522.42	PB: 5522.42	LB: 5522.42	GB: 5522.42	Conf: 1.99308	Pts: 110099
Particle (17):: Fit: 2755.93	PB: 2755.93	LB: 5522.42	GB: 5522.42	Conf: 1.99798	Pts: 55099
Particle (18):: Fit: 2754.43	PB: 2754.43	LB: 5522.42	GB: 5522.42	Conf: 1.99561	Pts: 55099
Particle (19):: Fit: 2755.52	PB: 2755.52	LB: 5522.42	GB: 5522.42	Conf: 1.54742	Pts: 60099
Particle (20):: Fit: 2755.07	PB: 2755.07	LB: 5522.42	GB: 5522.42	Conf: 1.85443	Pts: 55099
Particle (21):: Fit: 2754.81	PB: 2754.81	LB: 2755.93	GB: 5522.42	Conf: 2	Pts: 55099
Particle (22):: Fit: 2755.19	PB: 2755.19	LB: 2755.52	GB: 5522.42	Conf: 2	Pts: 65099
Particle (23):: Fit: 2754.03	PB: 2754.03	LB: 2755.52	GB: 5522.42	Conf: 1.99685	Pts: 55099
Particle (24):: Fit: 2683.88	PB: 2683.88	LB: 2755.19	GB: 5522.42	Conf: 1.98338	Pts: 55099
Particle (25):: Fit: 2754.81	PB: 2754.81	LB: 2755.19	GB: 5522.42	Conf: 1.99675	Pts: 65099
Particle (26):: Fit: 2755.47	PB: 2755.47	LB: 2755.47	GB: 5522.42	Conf: 2	Pts: 85099
Particle (27):: Fit: 2754.9	PB: 2754.9	LB: 2755.47	GB: 5522.42	Conf: 2	Pts: 55099
Particle (28):: Fit: 226.066	PB: 226.066	LB: 2755.47	GB: 5522.42	Conf: 0.94168	Pts: 55099
Particle (29):: Fit: 2756.29	PB: 2756.29	LB: 2756.29	GB: 5522.42	Conf: 2	Pts: 100099
Particle (30):: Fit: 5110.28	PB: 5110.28	LB: 5110.28	GB: 5522.42	Conf: 1.92253	Pts: 100099
Particle (31):: Fit: 2754.53	PB: 2754.53	LB: 5110.28	GB: 5522.42	Conf: 1.99109	Pts: 55099
Particle (32):: Fit: 2742.97	PB: 2742.97	LB: 5110.28	GB: 5522.42	Conf: 1.99793	Pts: 55099
Particle (33):: Fit: 2754.42	PB: 2754.42	LB: 5110.28	GB: 5522.42	Conf: 2	Pts: 60099
Particle (34):: Fit: 2299.46	PB: 2299.46	LB: 5110.28	GB: 5522.42	Conf: 1.06519	Pts: 55099
Particle (35):: Fit: 2755.09	PB: 2755.09	LB: 2755.09	GB: 5522.42	Conf: 2	Pts: 75099
Particle (36):: Fit: 2754.03	PB: 2754.03	LB: 2755.09	GB: 5522.42	Conf: 2	Pts: 55099
Particle (37):: Fit: 2751.96	PB: 2751.96	LB: 2755.09	GB: 5522.42	Conf: 2	Pts: 55099
Particle (38):: Fit: 1352.32	PB: 1352.32	LB: 2755.09	GB: 5522.42	Conf: 1.02004	Pts: 55099
Particle (39):: Fit: 2755.47	PB: 2755.47	LB: 2755.47	GB: 5522.42	Conf: 1.99788	Pts: 95099
Particle (40):: Fit: 2755.65	PB: 2755.65	LB: 2755.65	GB: 5522.42	Conf: 2	Pts: 100099
Particle (41):: Fit: 5090.25	PB: 5090.25	LB: 5090.25	GB: 5522.42	Conf: 1.89933	Pts: 100099
Particle (42):: Fit: 4770.94	PB: 4770.94	LB: 5090.25	GB: 5522.42	Conf: 1.65314	Pts: 55099
Particle (43):: Fit: 5369.97	PB: 5369.97	LB: 5369.97	GB: 5522.42	Conf: 1.97369	Pts: 100099
Particle (44):: Fit: 4489.75	PB: 4489.75	LB: 5369.97	GB: 5522.42	Conf: 1.73997	Pts: 55099
Particle (45):: Fit: 2697.21	PB: 2697.21	LB: 5369.97	GB: 5522.42	Conf: 1.98989	Pts: 50099
Particle (46):: Fit: 2755.86	PB: 2755.86	LB: 5369.97	GB: 5522.42	Conf: 1.61671	Pts: 50099
Particle (47):: Fit: 2754.13	PB: 2754.13	LB: 5369.97	GB: 5522.42	Conf: 2	Pts: 50099
Particle (48):: Fit: 2754.9	PB: 2754.9	LB: 4489.75	GB: 5522.42	Conf: 2	Pts: 50099
Particle (49):: Fit: 3137.66	PB: 3137.66	LB: 3137.66	GB: 5522.42	Conf: 1.18709	Pts: 75099
Global: 5522.42 - Correct: 49.2% of 500 tests
Global Best: 
  Inner Net 1
  -- 1 : 1 = 0.2466
  -- 1 : 2 = 0.6301
  -- 1 : 3 = 0.1412
  -- 1 : 4 = 0.1722
  -- 1 : 5 = 0.0388
  -- 1 : 6 = 0.5619
  -- 1 : 7 = 0.6142
  -- 1 : 8 = 0.5544
  -- 1 : 9 = 0.3485
  -- 2 : 1 = 0.767
  -- 2 : 2 = 0.8302
  -- 2 : 3 = 0.7115
  -- 2 : 4 = 0.6266
  -- 2 : 5 = 0.2974
  -- 2 : 6 = 0.3967
  -- 2 : 7 = 0.8309
  -- 2 : 8 = 0.9207
  -- 2 : 9 = 0.1141
  -- 3 : 1 = 0.3099
  -- 3 : 2 = 0.1542
  -- 3 : 3 = 0.0242
  -- 3 : 4 = 0.474
  -- 3 : 5 = 0.76
  -- 3 : 6 = 0.1459
  -- 3 : 7 = 0.0592
  -- 3 : 8 = 0.3355
  -- 3 : 9 = 0.7047
  -- 4 : 1 = 0.0711
  -- 4 : 2 = 0.1966
  -- 4 : 3 = 0.9073
  -- 4 : 4 = 0.4209
  -- 4 : 5 = 0.86
  -- 4 : 6 = 0.8747
  -- 4 : 7 = 0.3357
  -- 4 : 8 = 0.1267
  -- 4 : 9 = 0.7563
  -- 5 : 1 = 0.2005
  -- 5 : 2 = 0.4228
  -- 5 : 3 = 0.5604
  -- 5 : 4 = 0.5642
  -- 5 : 5 = 0.6193
  -- 5 : 6 = 0.7908
  -- 5 : 7 = 0.2517
  -- 5 : 8 = 0.4997
  -- 5 : 9 = 0.0463
  -- 6 : 1 = 0.5184
  -- 6 : 2 = 0.3904
  -- 6 : 3 = 0.8455
  -- 6 : 4 = 0.5437
  -- 6 : 5 = 0.3437
  -- 6 : 6 = 0.3043
  -- 6 : 7 = 0.0762
  -- 6 : 8 = 0.953
  -- 6 : 9 = 0.1372
  -- 7 : 1 = 0.5583
  -- 7 : 2 = 0.6077
  -- 7 : 3 = 0.3966
  -- 7 : 4 = 0.4458
  -- 7 : 5 = 0.9004
  -- 7 : 6 = 0.9445
  -- 7 : 7 = 0.2441
  -- 7 : 8 = 0.1492
  -- 7 : 9 = 0.0864
  -- 8 : 1 = 0.2098
  -- 8 : 2 = 0.1017
  -- 8 : 3 = 0.3711
  -- 8 : 4 = 0.4048
  -- 8 : 5 = 0.8324
  -- 8 : 6 = 0.9296
  -- 8 : 7 = 0.1126
  -- 8 : 8 = 0.6582
  -- 8 : 9 = 0.4365
  -- 9 : 1 = 0.0756
  -- 9 : 2 = 0.9397
  -- 9 : 3 = 0.0387
  -- 9 : 4 = 0.9241
  -- 9 : 5 = 0.6985
  -- 9 : 6 = 0.6822
  -- 9 : 7 = 0.0374
  -- 9 : 8 = 0.2411
  -- 9 : 9 = 0.1708
  -- 10 : 1 = 0.1818
  -- 10 : 2 = 0.611
  -- 10 : 3 = 0.2649
  -- 10 : 4 = 0.9809
  -- 10 : 5 = 0.1899
  -- 10 : 6 = 0.6205
  -- 10 : 7 = 0.1964
  -- 10 : 8 = 0.2592
  -- 10 : 9 = 0.9871
  Inner Net 2
  -- 1 : 1 = 0.3909
  -- 1 : 2 = -0.2855
  -- 2 : 1 = -0.209593
  -- 2 : 2 = 0.1575
  -- 3 : 1 = 0.0671
  -- 3 : 2 = 0.1723
  -- 4 : 1 = -0.122
  -- 4 : 2 = 0.257272
  -- 5 : 1 = -0.151228
  -- 5 : 2 = -0.1692
  -- 6 : 1 = -0.286421
  -- 6 : 2 = 0.4651
  -- 7 : 1 = 0.3329
  -- 7 : 2 = -0.2863
  -- 8 : 1 = -0.3673
  -- 8 : 2 = 0.3945
  -- 9 : 1 = -0.0548247
  -- 9 : 2 = 0.4822
Out\Act	False		True
False	0.84198	0	0.84198
True	0.15802	0	0.15802
	1	0
	Accuracy [ (tp + tn) / testSize ]: 0.84198
	Precision [ tp / (tp + fp) ]:      0
	Sensitivity [ tp / (tp + fn) ]:    0
	Specificity [ tn / (tn + fp) ]:    0.999435
	F-Score [ 2tp / (2tp + fp + fn) ]: 0
Particle (0):: Fit: 2745.88	PB: 2745.88	LB: 3137.66	GB: 5522.42	Conf: 0.0506687	Pts: 110197
Particle (5):: Fit: 5202.54	PB: 5202.54	LB: 5202.54	GB: 5522.42	Conf: 1.90818	Pts: 105198
Particle (7):: Fit: 5436.2	PB: 5436.2	LB: 5436.2	GB: 5522.42	Conf: 1.98978	Pts: 115198
Particle (8):: Fit: 4084.64	PB: 4084.64	LB: 5436.2	GB: 5522.42	Conf: 0.424991	Pts: 55198
Particle (9):: Fit: 2754.9	PB: 2754.9	LB: 5436.2	GB: 5522.42	Conf: 2	Pts: 60198
Particle (11):: Fit: 5520.94	PB: 5520.94	LB: 5522.42	GB: 5522.42	Conf: 1.16135	Pts: 135198
Particle (12):: Fit: 5408.81	PB: 5408.81	LB: 5522.42	GB: 5522.42	Conf: 1.98541	Pts: 55198
Particle (15):: Fit: 2754.52	PB: 2754.52	LB: 5522.42	GB: 5522.42	Conf: 2	Pts: 55198
Particle (18):: Fit: 2754.61	PB: 2754.61	LB: 5522.42	GB: 5522.42	Conf: 1.99777	Pts: 55198
Particle (19):: Fit: 3290.54	PB: 3290.54	LB: 5522.42	GB: 5522.42	Conf: 1.6369	Pts: 75198
Particle (20):: Fit: 4505.14	PB: 4505.14	LB: 5522.42	GB: 5522.42	Conf: 1.79535	Pts: 75198
Particle (21):: Fit: 2756.2	PB: 2756.2	LB: 4505.14	GB: 5522.42	Conf: 2	Pts: 55198
Particle (23):: Fit: 2755.56	PB: 2755.56	LB: 4505.14	GB: 5522.42	Conf: 2	Pts: 55198
Particle (24):: Fit: 2753.64	PB: 2753.64	LB: 4505.14	GB: 5522.42	Conf: 1.98677	Pts: 55198
Particle (25):: Fit: 2755.19	PB: 2755.19	LB: 5110.28	GB: 5522.42	Conf: 2	Pts: 65198
Particle (27):: Fit: 2755.93	PB: 2755.93	LB: 5110.28	GB: 5522.42	Conf: 2	Pts: 55198
Particle (31):: Fit: 2755.67	PB: 2755.67	LB: 5110.28	GB: 5522.42	Conf: 1.99197	Pts: 60198
Particle (33):: Fit: 2756.29	PB: 2756.29	LB: 5110.28	GB: 5522.42	Conf: 2	Pts: 65198
Particle (35):: Fit: 5522.23	PB: 5522.23	LB: 5522.23	GB: 5522.42	Conf: 1.99724	Pts: 125198
Particle (36):: Fit: 2756.29	PB: 2756.29	LB: 5522.23	GB: 5522.42	Conf: 2	Pts: 55198
Particle (37):: Fit: 2755.19	PB: 2755.19	LB: 5522.23	GB: 5522.42	Conf: 2	Pts: 55198
Particle (38):: Fit: 5517.41	PB: 5517.41	LB: 5522.23	GB: 5522.42	Conf: 0.766708	Pts: 70198
Particle (45):: Fit: 2755.94	PB: 2755.94	LB: 5369.97	GB: 5522.42	Conf: 1.98967	Pts: 50198
Particle (46):: Fit: 4087.08	PB: 4087.08	LB: 5369.97	GB: 5522.42	Conf: 1.59636	Pts: 55198
Particle (47):: Fit: 2756.2	PB: 2756.2	LB: 5369.97	GB: 5522.42	Conf: 2	Pts: 50198
Particle (48):: Fit: 2756.38	PB: 2756.38	LB: 4489.75	GB: 5522.42	Conf: 1.99733	Pts: 50198
Particle (49):: Fit: 5523.73	PB: 5523.73	LB: 5523.73	GB: 5523.73	Conf: 1.18748	Pts: 135198
Global: 5523.73 - Correct: 54.2% of 500 tests
Global Best: 
  Inner Net 1
  -- 1 : 1 = 0.2537
  -- 1 : 2 = 0.3685
  -- 1 : 3 = 0.6232
  -- 1 : 4 = 0.5995
  -- 1 : 5 = 0.6894
  -- 1 : 6 = 0.8349
  -- 1 : 7 = 0.9916
  -- 1 : 8 = 0.6332
  -- 1 : 9 = 0.8294
  -- 2 : 1 = 0.0414
  -- 2 : 2 = 0.2146
  -- 2 : 3 = 0.2721
  -- 2 : 4 = 0.4386
  -- 2 : 5 = 0.3665
  -- 2 : 6 = 0.4973
  -- 2 : 7 = 0.2397
  -- 2 : 8 = 0.5664
  -- 2 : 9 = 0.0721
  -- 3 : 1 = 0.7857
  -- 3 : 2 = 0.2332
  -- 3 : 3 = 0.8794
  -- 3 : 4 = 0.6909
  -- 3 : 5 = 0.0925
  -- 3 : 6 = 0.2681
  -- 3 : 7 = 0.0382
  -- 3 : 8 = 0.6061
  -- 3 : 9 = 0.4727
  -- 4 : 1 = 0.186
  -- 4 : 2 = 0.0127
  -- 4 : 3 = 0.8761
  -- 4 : 4 = 0.7006
  -- 4 : 5 = 0.1795
  -- 4 : 6 = 0.9961
  -- 4 : 7 = 0.7719
  -- 4 : 8 = 0.0652
  -- 4 : 9 = 0.7302
  -- 5 : 1 = 0.0282
  -- 5 : 2 = 0.1091
  -- 5 : 3 = 0.6602
  -- 5 : 4 = 0.3855
  -- 5 : 5 = 0.4943
  -- 5 : 6 = 0.8148
  -- 5 : 7 = 0.1113
  -- 5 : 8 = 0.429
  -- 5 : 9 = 0.5501
  -- 6 : 1 = 0.4076
  -- 6 : 2 = 0.1422
  -- 6 : 3 = 0.1481
  -- 6 : 4 = 0.2546
  -- 6 : 5 = 0.2175
  -- 6 : 6 = 0.3262
  -- 6 : 7 = 0.6475
  -- 6 : 8 = 0.2906
  -- 6 : 9 = 0.4872
  -- 7 : 1 = 0.4859
  -- 7 : 2 = 0.9102
  -- 7 : 3 = 0.887
  -- 7 : 4 = 0.9305
  -- 7 : 5 = 0.5165
  -- 7 : 6 = 0.4394
  -- 7 : 7 = 0.6682
  -- 7 : 8 = 0.3554
  -- 7 : 9 = 0.498
  -- 8 : 1 = 0.4608
  -- 8 : 2 = 0.5206
  -- 8 : 3 = 0.4804
  -- 8 : 4 = 0.0844
  -- 8 : 5 = 0.0347
  -- 8 : 6 = 0.1735
  -- 8 : 7 = 0.935
  -- 8 : 8 = 0.9922
  -- 8 : 9 = 0.3622
  -- 9 : 1 = 0.1199
  -- 9 : 2 = 0.2967
  -- 9 : 3 = 0.6647
  -- 9 : 4 = 0.7151
  -- 9 : 5 = 0.0835
  -- 9 : 6 = 0.6469
  -- 9 : 7 = 0.6307
  -- 9 : 8 = 0.7642
  -- 9 : 9 = 0.6579
  -- 10 : 1 = 0.9166
  -- 10 : 2 = 0.2779
  -- 10 : 3 = 0.844
  -- 10 : 4 = 0.9231
  -- 10 : 5 = 0.5765
  -- 10 : 6 = 0.4518
  -- 10 : 7 = 0.2665
  -- 10 : 8 = 0.0823
  -- 10 : 9 = 0.2999
  Inner Net 2
  -- 1 : 1 = -0.338604
  -- 1 : 2 = -0.3312
  -- 2 : 1 = -0.278
  -- 2 : 2 = -0.2946
  -- 3 : 1 = -0.355077
  -- 3 : 2 = -0.1705
  -- 4 : 1 = -0.181995
  -- 4 : 2 = 0.00595062
  -- 5 : 1 = -0.273082
  -- 5 : 2 = -0.262996
  -- 6 : 1 = -0.606815
  -- 6 : 2 = -0.305795
  -- 7 : 1 = -0.272381
  -- 7 : 2 = -0.0185128
  -- 8 : 1 = -0.687955
  -- 8 : 2 = -0.0634199
  -- 9 : 1 = -0.0589008
  -- 9 : 2 = 0.1456
Out\Act	False		True
False	0.5307	0.31128	0.84198
True	0.0875773	0.0704426	0.15802
	0.618277	0.381723
	Accuracy [ (tp + tn) / testSize ]: 0.601142
	Precision [ tp / (tp + fp) ]:      0.184309
	Sensitivity [ tp / (tp + fn) ]:    0.444444
	Specificity [ tn / (tn + fp) ]:    0.629944
	F-Score [ 2tp / (2tp + fp + fn) ]: 0.260793
Particle (3):: Fit: 2757.6	PB: 2757.6	LB: 5523.73	GB: 5523.73	Conf: 2	Pts: 60197
Particle (7):: Fit: 5465.42	PB: 5465.42	LB: 5520.94	GB: 5523.73	Conf: 1.98832	Pts: 125297
Particle (9):: Fit: 2755.56	PB: 2755.56	LB: 5520.94	GB: 5523.73	Conf: 2	Pts: 60297
Particle (12):: Fit: 5469.43	PB: 5469.43	LB: 5522.42	GB: 5523.73	Conf: 1.99321	Pts: 55297
Particle (13):: Fit: 2755.28	PB: 2755.28	LB: 5522.42	GB: 5523.73	Conf: 2	Pts: 60197
Particle (17):: Fit: 2756.02	PB: 2756.02	LB: 5522.42	GB: 5523.73	Conf: 1.9924	Pts: 55197
Particle (18):: Fit: 5412.35	PB: 5412.35	LB: 5522.42	GB: 5523.73	Conf: 1.98744	Pts: 65297
Particle (19):: Fit: 3331.7	PB: 3331.7	LB: 5522.42	GB: 5523.73	Conf: 1.68915	Pts: 75297
Particle (22):: Fit: 2755.56	PB: 2755.56	LB: 5412.35	GB: 5523.73	Conf: 2	Pts: 65197
Particle (25):: Fit: 2755.93	PB: 2755.93	LB: 5110.28	GB: 5523.73	Conf: 2	Pts: 65297
Particle (28):: Fit: 261.254	PB: 261.254	LB: 5110.28	GB: 5523.73	Conf: 0.320021	Pts: 55197
Particle (30):: Fit: 5168.2	PB: 5168.2	LB: 5522.23	GB: 5523.73	Conf: 1.93914	Pts: 125197
Particle (32):: Fit: 2755.93	PB: 2755.93	LB: 5522.23	GB: 5523.73	Conf: 1.99296	Pts: 55197
Particle (34):: Fit: 2736.44	PB: 2736.44	LB: 5522.23	GB: 5523.73	Conf: 0.687223	Pts: 55197
Particle (40):: Fit: 2756.02	PB: 2756.02	LB: 5517.41	GB: 5523.73	Conf: 2	Pts: 100197
Particle (42):: Fit: 4826.12	PB: 4826.12	LB: 5517.41	GB: 5523.73	Conf: 1.81371	Pts: 55197
Particle (44):: Fit: 5457.78	PB: 5457.78	LB: 5523.73	GB: 5523.73	Conf: 1.70237	Pts: 60197
Particle (45):: Fit: 5465.83	PB: 5465.83	LB: 5523.73	GB: 5523.73	Conf: 1.98793	Pts: 55297
Particle (46):: Fit: 4216.64	PB: 4216.64	LB: 5523.73	GB: 5523.73	Conf: 1.65238	Pts: 55297
Particle (0):: Fit: 2757.44	PB: 2757.44	LB: 5523.73	GB: 5523.73	Conf: 0.409608	Pts: 110295
Particle (5):: Fit: 5520.62	PB: 5520.62	LB: 5520.62	GB: 5523.73	Conf: 1.89631	Pts: 115296
Particle (10):: Fit: 5454.17	PB: 5454.17	LB: 5520.94	GB: 5523.73	Conf: 1.98974	Pts: 110196
Particle (13):: Fit: 2756.02	PB: 2756.02	LB: 5522.42	GB: 5523.73	Conf: 2	Pts: 60296
Particle (23):: Fit: 2756.83	PB: 2756.83	LB: 4505.14	GB: 5523.73	Conf: 2	Pts: 55296
Particle (24):: Fit: 2756.3	PB: 2756.3	LB: 4505.14	GB: 5523.73	Conf: 1.99585	Pts: 55296
Particle (26):: Fit: 2756.02	PB: 2756.02	LB: 5168.2	GB: 5523.73	Conf: 2	Pts: 85196
Particle (28):: Fit: 892.478	PB: 892.478	LB: 5168.2	GB: 5523.73	Conf: 0.2108	Pts: 55296
Particle (30):: Fit: 5173.11	PB: 5173.11	LB: 5522.23	GB: 5523.73	Conf: 1.9426	Pts: 150296
Particle (31):: Fit: 2757.36	PB: 2757.36	LB: 5522.23	GB: 5523.73	Conf: 1.99037	Pts: 60296
Particle (34):: Fit: 2743.46	PB: 2743.46	LB: 5522.23	GB: 5523.73	Conf: 1.26801	Pts: 55296
Particle (42):: Fit: 4888.84	PB: 4888.84	LB: 5517.41	GB: 5523.73	Conf: 1.75767	Pts: 55296
Particle (46):: Fit: 4625.63	PB: 4625.63	LB: 5523.73	GB: 5523.73	Conf: 1.7011	Pts: 55396
Particle (6):: Fit: 2755.79	PB: 2755.79	LB: 5520.94	GB: 5523.73	Conf: 1.28731	Pts: 55195
Particle (7):: Fit: 5497.68	PB: 5497.68	LB: 5520.94	GB: 5523.73	Conf: 1.99228	Pts: 125395
Particle (8):: Fit: 5496.62	PB: 5496.62	LB: 5520.94	GB: 5523.73	Conf: 0.633277	Pts: 55293
Particle (15):: Fit: 2756.2	PB: 2756.2	LB: 5522.42	GB: 5523.73	Conf: 2	Pts: 55295
Particle (19):: Fit: 3366.35	PB: 3366.35	LB: 5522.42	GB: 5523.73	Conf: 1.5327	Pts: 75395
Particle (24):: Fit: 2757.18	PB: 2757.18	LB: 4505.14	GB: 5523.73	Conf: 1.99333	Pts: 55395
Particle (26):: Fit: 2756.74	PB: 2756.74	LB: 5173.11	GB: 5523.73	Conf: 2	Pts: 85295
Particle (27):: Fit: 2756.83	PB: 2756.83	LB: 5173.11	GB: 5523.73	Conf: 2	Pts: 55295
Particle (28):: Fit: 985.97	PB: 985.97	LB: 5173.11	GB: 5523.73	Conf: 0.862094	Pts: 55395
Particle (34):: Fit: 2744.87	PB: 2744.87	LB: 5522.23	GB: 5523.73	Conf: 0.909109	Pts: 55395
Particle (37):: Fit: 2755.75	PB: 2755.75	LB: 5522.23	GB: 5523.73	Conf: 2	Pts: 55295
Particle (2):: Fit: 2756.86	PB: 2756.86	LB: 5523.73	GB: 5523.73	Conf: 0.207268	Pts: 55193
Particle (6):: Fit: 2756.38	PB: 2756.38	LB: 5520.94	GB: 5523.73	Conf: 1.13369	Pts: 55294
Particle (8):: Fit: 5522.87	PB: 5522.87	LB: 5522.87	GB: 5523.73	Conf: 0.258003	Pts: 100392
Particle (22):: Fit: 2756.38	PB: 2756.38	LB: 5412.35	GB: 5523.73	Conf: 2	Pts: 65294
Particle (28):: Fit: 1038.6	PB: 1038.6	LB: 5173.11	GB: 5523.73	Conf: 0.679567	Pts: 55493
Particle (31):: Fit: 5482.91	PB: 5482.91	LB: 5522.23	GB: 5523.73	Conf: 1.97869	Pts: 80394
Particle (32):: Fit: 5519.32	PB: 5519.32	LB: 5522.23	GB: 5523.73	Conf: 1.99606	Pts: 70294
Particle (48):: Fit: 2756.83	PB: 2756.83	LB: 5523.73	GB: 5523.73	Conf: 2	Pts: 50294
Particle (1):: Fit: 2756.91	PB: 2756.91	LB: 5523.73	GB: 5523.73	Conf: 2	Pts: 110193
Particle (14):: Fit: 5515.41	PB: 5515.41	LB: 5522.42	GB: 5523.73	Conf: 1.01025	Pts: 65193
Particle (15):: Fit: 2757.01	PB: 2757.01	LB: 5522.42	GB: 5523.73	Conf: 1.99477	Pts: 55393
Particle (18):: Fit: 5470.56	PB: 5470.56	LB: 5522.42	GB: 5523.73	Conf: 1.99062	Pts: 75393
Particle (28):: Fit: 4875.22	PB: 4875.22	LB: 5519.32	GB: 5523.73	Conf: 0.852505	Pts: 65592
Particle (34):: Fit: 2753.85	PB: 2753.85	LB: 5522.23	GB: 5523.73	Conf: 1.20662	Pts: 55493
Particle (41):: Fit: 5167.5	PB: 5167.5	LB: 5517.41	GB: 5523.73	Conf: 1.90653	Pts: 100193
Particle (43):: Fit: 5402.79	PB: 5402.79	LB: 5465.83	GB: 5523.73	Conf: 1.98144	Pts: 100193
Particle (4):: Fit: 2755.38	PB: 2755.38	LB: 5522.87	GB: 5523.73	Conf: 1.98875	Pts: 55192
Particle (47):: Fit: 2756.38	PB: 2756.38	LB: 5523.73	GB: 5523.73	Conf: 2	Pts: 50292
Particle (13):: Fit: 2756.38	PB: 2756.38	LB: 5522.42	GB: 5523.73	Conf: 2	Pts: 60391
Particle (25):: Fit: 2757.35	PB: 2757.35	LB: 5173.11	GB: 5523.73	Conf: 2	Pts: 65391
Particle (43):: Fit: 5403.98	PB: 5403.98	LB: 5465.83	GB: 5523.73	Conf: 1.98799	Pts: 100291
Particle (9):: Fit: 2755.84	PB: 2755.84	LB: 5522.87	GB: 5523.73	Conf: 2	Pts: 60390
Particle (13):: Fit: 2757.43	PB: 2757.43	LB: 5522.42	GB: 5523.73	Conf: 2	Pts: 60490
Particle (19):: Fit: 3442.06	PB: 3442.06	LB: 5522.42	GB: 5523.73	Conf: 1.67884	Pts: 75490
Particle (21):: Fit: 2757.86	PB: 2757.86	LB: 5470.56	GB: 5523.73	Conf: 2	Pts: 55290
Particle (41):: Fit: 5243.85	PB: 5243.85	LB: 5517.41	GB: 5523.73	Conf: 1.93689	Pts: 100290
Particle (0):: Fit: 5520.4	PB: 5520.4	LB: 5523.73	GB: 5523.73	Conf: 0.205225	Pts: 110386
Particle (5):: Fit: 5521.03	PB: 5521.03	LB: 5522.87	GB: 5523.73	Conf: 1.87704	Pts: 115389
Particle (17):: Fit: 2756.11	PB: 2756.11	LB: 5522.42	GB: 5523.73	Conf: 2	Pts: 55289
Particle (29):: Fit: 2757	PB: 2757	LB: 5519.32	GB: 5523.73	Conf: 2	Pts: 100189
Particle (34):: Fit: 2756.15	PB: 2756.15	LB: 5522.23	GB: 5523.73	Conf: 1.32342	Pts: 55589
Particle (37):: Fit: 2756.56	PB: 2756.56	LB: 5522.23	GB: 5523.73	Conf: 2	Pts: 55389
Particle (43):: Fit: 5468.31	PB: 5468.31	LB: 5468.31	GB: 5523.73	Conf: 1.99397	Pts: 105389
Particle (48):: Fit: 2757.26	PB: 2757.26	LB: 5523.73	GB: 5523.73	Conf: 2	Pts: 50389
Particle (20):: Fit: 4683.69	PB: 4683.69	LB: 5522.42	GB: 5523.73	Conf: 1.83129	Pts: 75288
Particle (34):: Fit: 2756.22	PB: 2756.22	LB: 5522.23	GB: 5523.73	Conf: 0.63041	Pts: 55688
Particle (37):: Fit: 2758.11	PB: 2758.11	LB: 5522.23	GB: 5523.73	Conf: 2	Pts: 55488
Particle (39):: Fit: 2755.84	PB: 2755.84	LB: 5522.23	GB: 5523.73	Conf: 1.99237	Pts: 95188
Particle (41):: Fit: 5253.29	PB: 5253.29	LB: 5517.41	GB: 5523.73	Conf: 1.92458	Pts: 100388
Particle (42):: Fit: 5435.29	PB: 5435.29	LB: 5517.41	GB: 5523.73	Conf: 1.71314	Pts: 55388
Particle (22):: Fit: 2756.47	PB: 2756.47	LB: 5470.56	GB: 5523.73	Conf: 2	Pts: 65387
Particle (24):: Fit: 5473.73	PB: 5473.73	LB: 5473.73	GB: 5523.73	Conf: 1.99162	Pts: 80487
Particle (25):: Fit: 5518.77	PB: 5518.77	LB: 5518.77	GB: 5523.73	Conf: 1.99768	Pts: 95487
Particle (40):: Fit: 2756.11	PB: 2756.11	LB: 5517.41	GB: 5523.73	Conf: 2	Pts: 100287
Particle (41):: Fit: 5291.13	PB: 5291.13	LB: 5517.41	GB: 5523.73	Conf: 1.93851	Pts: 100487
Particle (6):: Fit: 2803.4	PB: 2803.4	LB: 5522.87	GB: 5523.73	Conf: 1.43154	Pts: 55386
Particle (7):: Fit: 5498.76	PB: 5498.76	LB: 5522.87	GB: 5523.73	Conf: 1.99154	Pts: 125486
Particle (14):: Fit: 5519.72	PB: 5519.72	LB: 5522.42	GB: 5523.73	Conf: 1.08213	Pts: 65286
Particle (26):: Fit: 2756.83	PB: 2756.83	LB: 5518.77	GB: 5523.73	Conf: 2	Pts: 85386
Particle (33):: Fit: 2756.91	PB: 2756.91	LB: 5522.23	GB: 5523.73	Conf: 2	Pts: 65286
Particle (39):: Fit: 2755.93	PB: 2755.93	LB: 5522.23	GB: 5523.73	Conf: 2	Pts: 95286
Particle (4):: Fit: 2756.29	PB: 2756.29	LB: 5522.87	GB: 5523.73	Conf: 2	Pts: 55285
Particle (19):: Fit: 5516.33	PB: 5516.33	LB: 5522.42	GB: 5523.73	Conf: 1.51452	Pts: 75585
Particle (44):: Fit: 5521.71	PB: 5521.71	LB: 5523.73	GB: 5523.73	Conf: 1.74245	Pts: 80285
Particle (23):: Fit: 5522.4	PB: 5522.4	LB: 5522.4	GB: 5523.73	Conf: 1.99707	Pts: 90384
Particle (48):: Fit: 5520.07	PB: 5520.07	LB: 5523.73	GB: 5523.73	Conf: 1.99713	Pts: 50484
Particle (43):: Fit: 5488.41	PB: 5488.41	LB: 5521.71	GB: 5523.73	Conf: 1.99446	Pts: 105483
Particle (23):: Fit: 5523.89	PB: 5523.89	LB: 5523.89	GB: 5523.89	Conf: 1.99426	Pts: 150482
Particle (38):: Fit: 5518.45	PB: 5518.45	LB: 5522.23	GB: 5523.89	Conf: 0.749971	Pts: 70281
Particle (47):: Fit: 2756.74	PB: 2756.74	LB: 5523.73	GB: 5523.89	Conf: 2	Pts: 50382
Global: 5523.89 - Correct: 47.6% of 500 tests
Global Best: 
  Inner Net 1
  -- 1 : 1 = 0.5223
  -- 1 : 2 = 0.2031
  -- 1 : 3 = 0.3106
  -- 1 : 4 = 0.4579
  -- 1 : 5 = 0.3153
  -- 1 : 6 = 0.0361
  -- 1 : 7 = 0.169
  -- 1 : 8 = 0.3386
  -- 1 : 9 = 0.1678
  -- 2 : 1 = 0.2828
  -- 2 : 2 = 0.5187
  -- 2 : 3 = 0.1561
  -- 2 : 4 = 0.1544
  -- 2 : 5 = 0.9529
  -- 2 : 6 = 0.5181
  -- 2 : 7 = 0.6811
  -- 2 : 8 = 0.6924
  -- 2 : 9 = 0.5655
  -- 3 : 1 = 0.3455
  -- 3 : 2 = 0.7472
  -- 3 : 3 = 0.7535
  -- 3 : 4 = 0.4909
  -- 3 : 5 = 0.3702
  -- 3 : 6 = 0.0158
  -- 3 : 7 = 0.4236
  -- 3 : 8 = 0.1746
  -- 3 : 9 = 0.2109
  -- 4 : 1 = 0.9397
  -- 4 : 2 = 0.8065
  -- 4 : 3 = 0.4947
  -- 4 : 4 = 0.091
  -- 4 : 5 = 0.3335
  -- 4 : 6 = 0.6779
  -- 4 : 7 = 0.6757
  -- 4 : 8 = 0.4264
  -- 4 : 9 = 0.6232
  -- 5 : 1 = 0.851
  -- 5 : 2 = 0.2412
  -- 5 : 3 = 0.4578
  -- 5 : 4 = 0.8002
  -- 5 : 5 = 0.0186
  -- 5 : 6 = 0.1963
  -- 5 : 7 = 0.9871
  -- 5 : 8 = 0.814
  -- 5 : 9 = 0.753
  -- 6 : 1 = 0.3693
  -- 6 : 2 = 0.549
  -- 6 : 3 = 0.7036
  -- 6 : 4 = 0.8607
  -- 6 : 5 = 0.2723
  -- 6 : 6 = 0.2819
  -- 6 : 7 = 0.7115
  -- 6 : 8 = 0.8332
  -- 6 : 9 = 0.9646
  -- 7 : 1 = 0.4274
  -- 7 : 2 = 0.2792
  -- 7 : 3 = 0.2707
  -- 7 : 4 = 0.6176
  -- 7 : 5 = 0.7052
  -- 7 : 6 = 0.0159
  -- 7 : 7 = 0.2785
  -- 7 : 8 = 0.4158
  -- 7 : 9 = 0.4653
  -- 8 : 1 = 0.8603
  -- 8 : 2 = 0.1141
  -- 8 : 3 = 0.3433
  -- 8 : 4 = 0.8469
  -- 8 : 5 = 0.2505
  -- 8 : 6 = 0.9174
  -- 8 : 7 = 0.595
  -- 8 : 8 = 0.2925
  -- 8 : 9 = 0.032
  -- 9 : 1 = 0.567
  -- 9 : 2 = 0.7162
  -- 9 : 3 = 0.5387
  -- 9 : 4 = 0.515
  -- 9 : 5 = 0.2369
  -- 9 : 6 = 0.5953
  -- 9 : 7 = 0.4324
  -- 9 : 8 = 0.7076
  -- 9 : 9 = 0.0203
  -- 10 : 1 = 0.9201
  -- 10 : 2 = 0.6946
  -- 10 : 3 = 0.1173
  -- 10 : 4 = 0.1913
  -- 10 : 5 = 0.1155
  -- 10 : 6 = 0.0246
  -- 10 : 7 = 0.6555
  -- 10 : 8 = 0.027
  -- 10 : 9 = 0.9106
  Inner Net 2
  -- 1 : 1 = -0.483279
  -- 1 : 2 = -0.196998
  -- 2 : 1 = 0.493622
  -- 2 : 2 = 0.00960384
  -- 3 : 1 = 0.159515
  -- 3 : 2 = -0.0140292
  -- 4 : 1 = -0.275445
  -- 4 : 2 = -0.119698
  -- 5 : 1 = -0.265988
  -- 5 : 2 = -0.262712
  -- 6 : 1 = 0.5
  -- 6 : 2 = -0.0397633
  -- 7 : 1 = -0.299461
  -- 7 : 2 = -0.00580133
  -- 8 : 1 = -0.561796
  -- 8 : 2 = -0.00937178
  -- 9 : 1 = -0.130368
  -- 9 : 2 = 0.25232
Out\Act	False		True
False	0.84198	0	0.84198
True	0.15802	0	0.15802
	1	0
	Accuracy [ (tp + tn) / testSize ]: 0.84198
	Precision [ tp / (tp + fp) ]:      0
	Sensitivity [ tp / (tp + fn) ]:    0
	Specificity [ tn / (tn + fp) ]:    0.999435
	F-Score [ 2tp / (2tp + fp + fn) ]: 0
Particle (6):: Fit: 2919.54	PB: 2919.54	LB: 5522.87	GB: 5523.89	Conf: 1.37832	Pts: 55481
Particle (16):: Fit: 5522.61	PB: 5522.61	LB: 5522.61	GB: 5523.89	Conf: 1.99346	Pts: 135181
Particle (28):: Fit: 5087.5	PB: 5087.5	LB: 5519.32	GB: 5523.89	Conf: 0.274722	Pts: 65680
Particle (36):: Fit: 2756.47	PB: 2756.47	LB: 5522.23	GB: 5523.89	Conf: 2	Pts: 55281
Particle (40):: Fit: 2756.38	PB: 2756.38	LB: 5521.71	GB: 5523.89	Conf: 2	Pts: 100381
Particle (2):: Fit: 2757.94	PB: 2757.94	LB: 5523.73	GB: 5523.89	Conf: 0.301533	Pts: 55272
Particle (6):: Fit: 5523.25	PB: 5523.25	LB: 5523.25	GB: 5523.89	Conf: 0.815244	Pts: 90580
Particle (9):: Fit: 2757.69	PB: 2757.69	LB: 5523.25	GB: 5523.89	Conf: 2	Pts: 60480
Particle (24):: Fit: 5489.62	PB: 5489.62	LB: 5523.89	GB: 5523.89	Conf: 1.99575	Pts: 80580
Particle (30):: Fit: 5465.66	PB: 5465.66	LB: 5522.23	GB: 5523.89	Conf: 1.92881	Pts: 150380
Particle (43):: Fit: 5494.49	PB: 5494.49	LB: 5521.71	GB: 5523.89	Conf: 1.99587	Pts: 105580
Particle (45):: Fit: 5467.17	PB: 5467.17	LB: 5523.73	GB: 5523.89	Conf: 1.99368	Pts: 55380
Particle (17):: Fit: 2756.74	PB: 2756.74	LB: 5522.61	GB: 5523.89	Conf: 2	Pts: 55379
Particle (45):: Fit: 5520.15	PB: 5520.15	LB: 5523.73	GB: 5523.89	Conf: 1.9841	Pts: 55479
Particle (47):: Fit: 5516.84	PB: 5516.84	LB: 5523.73	GB: 5523.89	Conf: 1.99784	Pts: 50479
Particle (26):: Fit: 2757.09	PB: 2757.09	LB: 5523.89	GB: 5523.89	Conf: 2	Pts: 85478
Particle (32):: Fit: 5520.8	PB: 5520.8	LB: 5522.23	GB: 5523.89	Conf: 1.99345	Pts: 80378
Particle (33):: Fit: 2757.86	PB: 2757.86	LB: 5522.23	GB: 5523.89	Conf: 2	Pts: 65378
Particle (30):: Fit: 5497.27	PB: 5497.27	LB: 5522.23	GB: 5523.89	Conf: 1.95262	Pts: 150476
Particle (45):: Fit: 5520.45	PB: 5520.45	LB: 5523.73	GB: 5523.89	Conf: 1.9822	Pts: 55576
Particle (10):: Fit: 5471.98	PB: 5471.98	LB: 5523.25	GB: 5523.89	Conf: 1.9896	Pts: 110273
Particle (19):: Fit: 5525.28	PB: 5525.28	LB: 5525.28	GB: 5525.28	Conf: 1.43588	Pts: 135673
Particle (27):: Fit: 2757.6	PB: 2757.6	LB: 5523.89	GB: 5525.28	Conf: 2	Pts: 55373
Global: 5525.28 - Correct: 60.2% of 500 tests
Global Best: 
  Inner Net 1
  -- 1 : 1 = 0.3183
  -- 1 : 2 = 0.6763
  -- 1 : 3 = 0.4411
  -- 1 : 4 = 0.1825
  -- 1 : 5 = 0.8781
  -- 1 : 6 = 0.7584
  -- 1 : 7 = 0.8901
  -- 1 : 8 = 0.1333
  -- 1 : 9 = 0.3814
  -- 2 : 1 = 0.1105
  -- 2 : 2 = 0.0923
  -- 2 : 3 = 0.4674
  -- 2 : 4 = 0.3677
  -- 2 : 5 = 0.6509
  -- 2 : 6 = 0.1353
  -- 2 : 7 = 0.1371
  -- 2 : 8 = 0.5233
  -- 2 : 9 = 0.2815
  -- 3 : 1 = 0.9604
  -- 3 : 2 = 0.6345
  -- 3 : 3 = 0.7885
  -- 3 : 4 = 0.5549
  -- 3 : 5 = 0.3222
  -- 3 : 6 = 0.265
  -- 3 : 7 = 0.0241
  -- 3 : 8 = 0.1665
  -- 3 : 9 = 0.447
  -- 4 : 1 = 0.1595
  -- 4 : 2 = 0.1376
  -- 4 : 3 = 0.2871
  -- 4 : 4 = 0.7196
  -- 4 : 5 = 0.0018
  -- 4 : 6 = 0.1549
  -- 4 : 7 = 0.1798
  -- 4 : 8 = 0.9667
  -- 4 : 9 = 0.5487
  -- 5 : 1 = 0.4127
  -- 5 : 2 = 0.2242
  -- 5 : 3 = 0.5168
  -- 5 : 4 = 0.1589
  -- 5 : 5 = 0.638
  -- 5 : 6 = 0.7281
  -- 5 : 7 = 0.7282
  -- 5 : 8 = 0.8899
  -- 5 : 9 = 0.4245
  -- 6 : 1 = 0.0525
  -- 6 : 2 = 0.7466
  -- 6 : 3 = 0.9176
  -- 6 : 4 = 0.7502
  -- 6 : 5 = 0.6441
  -- 6 : 6 = 0.8173
  -- 6 : 7 = 0.111
  -- 6 : 8 = 0.2338
  -- 6 : 9 = 0.948
  -- 7 : 1 = 0.2967
  -- 7 : 2 = 0.9206
  -- 7 : 3 = 0.5396
  -- 7 : 4 = 0.177
  -- 7 : 5 = 0.6275
  -- 7 : 6 = 0.2876
  -- 7 : 7 = 0.3369
  -- 7 : 8 = 0.4216
  -- 7 : 9 = 0.5448
  -- 8 : 1 = 0.6876
  -- 8 : 2 = 0.194
  -- 8 : 3 = 0.3522
  -- 8 : 4 = 0.039
  -- 8 : 5 = 0.7837
  -- 8 : 6 = 0.3057
  -- 8 : 7 = 0.3191
  -- 8 : 8 = 0.189
  -- 8 : 9 = 0.419
  -- 9 : 1 = 0.6934
  -- 9 : 2 = 0.2277
  -- 9 : 3 = 0.1149
  -- 9 : 4 = 0.2086
  -- 9 : 5 = 0.4087
  -- 9 : 6 = 0.9314
  -- 9 : 7 = 0.4252
  -- 9 : 8 = 0.3376
  -- 9 : 9 = 0.489
  -- 10 : 1 = 0.2426
  -- 10 : 2 = 0.93
  -- 10 : 3 = 0.8231
  -- 10 : 4 = 0.5162
  -- 10 : 5 = 0.6441
  -- 10 : 6 = 0.258
  -- 10 : 7 = 0.5886
  -- 10 : 8 = 0.7599
  -- 10 : 9 = 0.9531
  Inner Net 2
  -- 1 : 1 = 0.24437
  -- 1 : 2 = -0.04348
  -- 2 : 1 = 0.175811
  -- 2 : 2 = 0.336114
  -- 3 : 1 = 0.0909916
  -- 3 : 2 = 0.175131
  -- 4 : 1 = -0.293129
  -- 4 : 2 = 0.436571
  -- 5 : 1 = -0.238365
  -- 5 : 2 = -0.0329568
  -- 6 : 1 = 0.404945
  -- 6 : 2 = -0.215616
  -- 7 : 1 = -0.246906
  -- 7 : 2 = -0.329724
  -- 8 : 1 = -0.501009
  -- 8 : 2 = -0.137203
  -- 9 : 1 = -0.164507
  -- 9 : 2 = 0.300453
Out\Act	False		True
False	0.702523	0.139457	0.84198
True	0.0909091	0.0671109	0.15802
	0.793432	0.206568
	Accuracy [ (tp + tn) / testSize ]: 0.769634
	Precision [ tp / (tp + fp) ]:      0.324138
	Sensitivity [ tp / (tp + fn) ]:    0.423423
	Specificity [ tn / (tn + fp) ]:    0.833898
	F-Score [ 2tp / (2tp + fp + fn) ]: 0.367666
Particle (14):: Fit: 5523.61	PB: 5523.61	LB: 5525.28	GB: 5525.28	Conf: 1.10473	Pts: 90372
Particle (47):: Fit: 5520.62	PB: 5520.62	LB: 5523.73	GB: 5525.28	Conf: 1.99768	Pts: 50572
Particle (30):: Fit: 5520.73	PB: 5520.73	LB: 5522.23	GB: 5525.28	Conf: 1.9413	Pts: 150571
Particle (39):: Fit: 2756.11	PB: 2756.11	LB: 5522.23	GB: 5525.28	Conf: 1.99702	Pts: 95371
Particle (40):: Fit: 2756.47	PB: 2756.47	LB: 5521.71	GB: 5525.28	Conf: 2	Pts: 100471
Particle (7):: Fit: 5522.78	PB: 5522.78	LB: 5523.25	GB: 5525.28	Conf: 1.98876	Pts: 125570
Particle (14):: Fit: 5525.47	PB: 5525.47	LB: 5525.47	GB: 5525.47	Conf: 1.12705	Pts: 150469
Global: 5525.47 - Correct: 50.6% of 500 tests
Global Best: 
  Inner Net 1
  -- 1 : 1 = 0.2709
  -- 1 : 2 = 0.6244
  -- 1 : 3 = 0.0611
  -- 1 : 4 = 0.9015
  -- 1 : 5 = 0.6422
  -- 1 : 6 = 0.98
  -- 1 : 7 = 0.1028
  -- 1 : 8 = 0.0071
  -- 1 : 9 = 0.9449
  -- 2 : 1 = 0.3493
  -- 2 : 2 = 0.612
  -- 2 : 3 = 0.2167
  -- 2 : 4 = 0.8463
  -- 2 : 5 = 0.6571
  -- 2 : 6 = 0.9056
  -- 2 : 7 = 0.6055
  -- 2 : 8 = 0.8526
  -- 2 : 9 = 0.6598
  -- 3 : 1 = 0.7412
  -- 3 : 2 = 0.841
  -- 3 : 3 = 0.1431
  -- 3 : 4 = 0.2773
  -- 3 : 5 = 0.7322
  -- 3 : 6 = 0.8353
  -- 3 : 7 = 0.4889
  -- 3 : 8 = 0.6699
  -- 3 : 9 = 0.7399
  -- 4 : 1 = 0.6604
  -- 4 : 2 = 0.1748
  -- 4 : 3 = 0.2261
  -- 4 : 4 = 0.8916
  -- 4 : 5 = 0.0509
  -- 4 : 6 = 0.5168
  -- 4 : 7 = 0.907
  -- 4 : 8 = 0.1541
  -- 4 : 9 = 0.0544
  -- 5 : 1 = 0.3215
  -- 5 : 2 = 0.0224
  -- 5 : 3 = 0.4486
  -- 5 : 4 = 0.0265
  -- 5 : 5 = 0.9872
  -- 5 : 6 = 0.2523
  -- 5 : 7 = 0.0694
  -- 5 : 8 = 0.5772
  -- 5 : 9 = 0.2725
  -- 6 : 1 = 0.7291
  -- 6 : 2 = 0.6057
  -- 6 : 3 = 0.9154
  -- 6 : 4 = 0.0296
  -- 6 : 5 = 0.2068
  -- 6 : 6 = 0.5913
  -- 6 : 7 = 0.0715
  -- 6 : 8 = 0.2217
  -- 6 : 9 = 0.2433
  -- 7 : 1 = 0.5581
  -- 7 : 2 = 0.5359
  -- 7 : 3 = 0.0603
  -- 7 : 4 = 0.0975
  -- 7 : 5 = 0.9036
  -- 7 : 6 = 0.7849
  -- 7 : 7 = 0.2576
  -- 7 : 8 = 0.5267
  -- 7 : 9 = 0.9715
  -- 8 : 1 = 0.471
  -- 8 : 2 = 0.5698
  -- 8 : 3 = 0.9923
  -- 8 : 4 = 0.6758
  -- 8 : 5 = 0.9194
  -- 8 : 6 = 0.994
  -- 8 : 7 = 0.0979
  -- 8 : 8 = 0.9332
  -- 8 : 9 = 0.0661
  -- 9 : 1 = 0.3192
  -- 9 : 2 = 0.4494
  -- 9 : 3 = 0.3246
  -- 9 : 4 = 0.7812
  -- 9 : 5 = 0.9938
  -- 9 : 6 = 0.4216
  -- 9 : 7 = 0.1417
  -- 9 : 8 = 0.5178
  -- 9 : 9 = 0.5004
  -- 10 : 1 = 0.6978
  -- 10 : 2 = 0.5793
  -- 10 : 3 = 0.0417
  -- 10 : 4 = 0.1115
  -- 10 : 5 = 0.2206
  -- 10 : 6 = 0.784
  -- 10 : 7 = 0.6907
  -- 10 : 8 = 0.4754
  -- 10 : 9 = 0.7587
  Inner Net 2
  -- 1 : 1 = -0.196118
  -- 1 : 2 = 0.271509
  -- 2 : 1 = 0.0667324
  -- 2 : 2 = -0.258073
  -- 3 : 1 = 0.117151
  -- 3 : 2 = -0.212089
  -- 4 : 1 = -0.210128
  -- 4 : 2 = 0.0914211
  -- 5 : 1 = 0.0173373
  -- 5 : 2 = -0.255941
  -- 6 : 1 = -0.175095
  -- 6 : 2 = -0.023295
  -- 7 : 1 = -0.0218345
  -- 7 : 2 = -0.0162035
  -- 8 : 1 = -0.371031
  -- 8 : 2 = -0.183971
  -- 9 : 1 = -0.0043068
  -- 9 : 2 = 0.262741
Out\Act	False		True
False	0.412661	0.429319	0.84198
True	0.0761542	0.0818658	0.15802
	0.488815	0.511185
	Accuracy [ (tp + tn) / testSize ]: 0.494526
	Precision [ tp / (tp + fp) ]:      0.16
	Sensitivity [ tp / (tp + fn) ]:    0.516517
	Specificity [ tn / (tn + fp) ]:    0.489831
	F-Score [ 2tp / (2tp + fp + fn) ]: 0.244492
Particle (17):: Fit: 2757.36	PB: 2757.36	LB: 5525.47	GB: 5525.47	Conf: 1.99535	Pts: 55467
Particle (21):: Fit: 5515.43	PB: 5515.43	LB: 5525.28	GB: 5525.47	Conf: 1.99644	Pts: 55366
Particle (22):: Fit: 2756.91	PB: 2756.91	LB: 5525.28	GB: 5525.47	Conf: 2	Pts: 65466
Particle (28):: Fit: 5495.85	PB: 5495.85	LB: 5520.8	GB: 5525.47	Conf: 0.376273	Pts: 65763
Particle (38):: Fit: 5522.92	PB: 5522.92	LB: 5522.92	GB: 5525.47	Conf: 0.885442	Pts: 120363
Particle (12):: Fit: 5497.16	PB: 5497.16	LB: 5525.47	GB: 5525.47	Conf: 1.99524	Pts: 55364
Particle (43):: Fit: 5495.04	PB: 5495.04	LB: 5521.71	GB: 5525.47	Conf: 1.99497	Pts: 105664
Particle (10):: Fit: 5518.57	PB: 5518.57	LB: 5525.47	GB: 5525.47	Conf: 1.99681	Pts: 110363
Particle (14):: Fit: 5525.54	PB: 5525.54	LB: 5525.54	GB: 5525.54	Conf: 1.06298	Pts: 210563
Global: 5525.54 - Correct: 52.6% of 500 tests
Global Best: 
  Inner Net 1
  -- 1 : 1 = 0.2709
  -- 1 : 2 = 0.6244
  -- 1 : 3 = 0.0611
  -- 1 : 4 = 0.9015
  -- 1 : 5 = 0.6422
  -- 1 : 6 = 0.98
  -- 1 : 7 = 0.1028
  -- 1 : 8 = 0.0071
  -- 1 : 9 = 0.9449
  -- 2 : 1 = 0.3493
  -- 2 : 2 = 0.612
  -- 2 : 3 = 0.2167
  -- 2 : 4 = 0.8463
  -- 2 : 5 = 0.6571
  -- 2 : 6 = 0.9056
  -- 2 : 7 = 0.6055
  -- 2 : 8 = 0.8526
  -- 2 : 9 = 0.6598
  -- 3 : 1 = 0.7412
  -- 3 : 2 = 0.841
  -- 3 : 3 = 0.1431
  -- 3 : 4 = 0.2773
  -- 3 : 5 = 0.7322
  -- 3 : 6 = 0.8353
  -- 3 : 7 = 0.4889
  -- 3 : 8 = 0.6699
  -- 3 : 9 = 0.7399
  -- 4 : 1 = 0.6604
  -- 4 : 2 = 0.1748
  -- 4 : 3 = 0.2261
  -- 4 : 4 = 0.8916
  -- 4 : 5 = 0.0509
  -- 4 : 6 = 0.5168
  -- 4 : 7 = 0.907
  -- 4 : 8 = 0.1541
  -- 4 : 9 = 0.0544
  -- 5 : 1 = 0.3215
  -- 5 : 2 = 0.0224
  -- 5 : 3 = 0.4486
  -- 5 : 4 = 0.0265
  -- 5 : 5 = 0.9872
  -- 5 : 6 = 0.2523
  -- 5 : 7 = 0.0694
  -- 5 : 8 = 0.5772
  -- 5 : 9 = 0.2725
  -- 6 : 1 = 0.7291
  -- 6 : 2 = 0.6057
  -- 6 : 3 = 0.9154
  -- 6 : 4 = 0.0296
  -- 6 : 5 = 0.2068
  -- 6 : 6 = 0.5913
  -- 6 : 7 = 0.0715
  -- 6 : 8 = 0.2217
  -- 6 : 9 = 0.2433
  -- 7 : 1 = 0.5581
  -- 7 : 2 = 0.5359
  -- 7 : 3 = 0.0603
  -- 7 : 4 = 0.0975
  -- 7 : 5 = 0.9036
  -- 7 : 6 = 0.7849
  -- 7 : 7 = 0.2576
  -- 7 : 8 = 0.5267
  -- 7 : 9 = 0.9715
  -- 8 : 1 = 0.471
  -- 8 : 2 = 0.5698
  -- 8 : 3 = 0.9923
  -- 8 : 4 = 0.6758
  -- 8 : 5 = 0.9194
  -- 8 : 6 = 0.994
  -- 8 : 7 = 0.0979
  -- 8 : 8 = 0.9332
  -- 8 : 9 = 0.0661
  -- 9 : 1 = 0.3192
  -- 9 : 2 = 0.4494
  -- 9 : 3 = 0.3246
  -- 9 : 4 = 0.7812
  -- 9 : 5 = 0.9938
  -- 9 : 6 = 0.4216
  -- 9 : 7 = 0.1417
  -- 9 : 8 = 0.5178
  -- 9 : 9 = 0.5004
  -- 10 : 1 = 0.6978
  -- 10 : 2 = 0.5793
  -- 10 : 3 = 0.0417
  -- 10 : 4 = 0.1115
  -- 10 : 5 = 0.2206
  -- 10 : 6 = 0.784
  -- 10 : 7 = 0.6907
  -- 10 : 8 = 0.4754
  -- 10 : 9 = 0.7587
  Inner Net 2
  -- 1 : 1 = -0.126969
  -- 1 : 2 = 0.50489
  -- 2 : 1 = -0.179211
  -- 2 : 2 = 0.0520235
  -- 3 : 1 = 0.334936
  -- 3 : 2 = -0.448456
  -- 4 : 1 = -0.119926
  -- 4 : 2 = 0.391109
  -- 5 : 1 = 0.276887
  -- 5 : 2 = -0.26076
  -- 6 : 1 = -0.0876518
  -- 6 : 2 = 0.155146
  -- 7 : 1 = 0.0289776
  -- 7 : 2 = -0.0240646
  -- 8 : 1 = -0.431573
  -- 8 : 2 = -0.394393
  -- 9 : 1 = -0.0513119
  -- 9 : 2 = -0.197648
Out\Act	False		True
False	0.411709	0.430271	0.84198
True	0.0761542	0.0818658	0.15802
	0.487863	0.512137
	Accuracy [ (tp + tn) / testSize ]: 0.493574
	Precision [ tp / (tp + fp) ]:      0.159703
	Sensitivity [ tp / (tp + fn) ]:    0.516517
	Specificity [ tn / (tn + fp) ]:    0.488701
	F-Score [ 2tp / (2tp + fp + fn) ]: 0.244145
Particle (21):: Fit: 5518.95	PB: 5518.95	LB: 5525.28	GB: 5525.54	Conf: 1.99715	Pts: 55461
Particle (32):: Fit: 5523.1	PB: 5523.1	LB: 5523.1	GB: 5525.54	Conf: 1.99763	Pts: 125461
Particle (21):: Fit: 5521.16	PB: 5521.16	LB: 5525.28	GB: 5525.54	Conf: 1.99678	Pts: 55560
Particle (49):: Fit: 5523.83	PB: 5523.83	LB: 5523.83	GB: 5525.54	Conf: 1.17975	Pts: 185260
Particle (40):: Fit: 2756.83	PB: 2756.83	LB: 5522.92	GB: 5525.54	Conf: 2	Pts: 100559
Particle (41):: Fit: 5495.49	PB: 5495.49	LB: 5522.92	GB: 5525.54	Conf: 1.85891	Pts: 100559
Particle (20):: Fit: 5520.17	PB: 5520.17	LB: 5525.28	GB: 5525.54	Conf: 1.77216	Pts: 75358
Particle (39):: Fit: 2756.38	PB: 2756.38	LB: 5522.92	GB: 5525.54	Conf: 1.99211	Pts: 95458
Particle (41):: Fit: 5519	PB: 5519	LB: 5522.92	GB: 5525.54	Conf: 1.87325	Pts: 100657
Particle (26):: Fit: 2757.69	PB: 2757.69	LB: 5523.89	GB: 5525.54	Conf: 2	Pts: 85556
Particle (29):: Fit: 2757.26	PB: 2757.26	LB: 5523.1	GB: 5525.54	Conf: 2	Pts: 100255
Particle (46):: Fit: 4640.55	PB: 4640.55	LB: 5523.83	GB: 5525.54	Conf: 1.74293	Pts: 55455
Particle (31):: Fit: 5496.91	PB: 5496.91	LB: 5523.1	GB: 5525.54	Conf: 1.98516	Pts: 80454
Particle (34):: Fit: 2756.79	PB: 2756.79	LB: 5523.1	GB: 5525.54	Conf: 1.23202	Pts: 55753
Particle (39):: Fit: 2756.48	PB: 2756.48	LB: 5522.92	GB: 5525.54	Conf: 1.99203	Pts: 95552
Particle (8):: Fit: 5522.92	PB: 5522.92	LB: 5523.25	GB: 5525.54	Conf: 0.402667	Pts: 100441
Particle (6):: Fit: 5523.28	PB: 5523.28	LB: 5523.28	GB: 5525.54	Conf: 1.01273	Pts: 115649
Particle (28):: Fit: 5522.05	PB: 5522.05	LB: 5523.1	GB: 5525.54	Conf: 0.272285	Pts: 65842
Particle (22):: Fit: 2757.09	PB: 2757.09	LB: 5525.28	GB: 5525.54	Conf: 2	Pts: 65546
Particle (36):: Fit: 2757	PB: 2757	LB: 5523.1	GB: 5525.54	Conf: 2	Pts: 55340
Particle (39):: Fit: 2756.56	PB: 2756.56	LB: 5522.92	GB: 5525.54	Conf: 2	Pts: 95639
Particle (40):: Fit: 2757.43	PB: 2757.43	LB: 5522.92	GB: 5525.54	Conf: 2	Pts: 100639
Particle (48):: Fit: 5521.88	PB: 5521.88	LB: 5523.83	GB: 5525.54	Conf: 1.99741	Pts: 55538
Particle (21):: Fit: 5522.23	PB: 5522.23	LB: 5525.28	GB: 5525.54	Conf: 1.99753	Pts: 55637
Particle (24):: Fit: 5519.75	PB: 5519.75	LB: 5523.89	GB: 5525.54	Conf: 1.99478	Pts: 80637
Particle (41):: Fit: 5521.47	PB: 5521.47	LB: 5522.92	GB: 5525.54	Conf: 1.85302	Pts: 100737
Particle (4):: Fit: 2757.36	PB: 2757.36	LB: 5523.28	GB: 5525.54	Conf: 1.99518	Pts: 55331
Particle (42):: Fit: 5444.06	PB: 5444.06	LB: 5522.92	GB: 5525.54	Conf: 1.65308	Pts: 55429
Particle (42):: Fit: 5473.69	PB: 5473.69	LB: 5522.92	GB: 5525.54	Conf: 1.79468	Pts: 55528
Particle (38):: Fit: 5523.21	PB: 5523.21	LB: 5523.21	GB: 5525.54	Conf: 0.738834	Pts: 170422
Particle (11):: Fit: 5521.04	PB: 5521.04	LB: 5525.54	GB: 5525.54	Conf: 1.27084	Pts: 135225
Particle (15):: Fit: 2757.18	PB: 2757.18	LB: 5525.54	GB: 5525.54	Conf: 1.99739	Pts: 55424
Particle (34):: Fit: 5521.34	PB: 5521.34	LB: 5523.21	GB: 5525.54	Conf: 0.884621	Pts: 55823
Particle (39):: Fit: 2757.27	PB: 2757.27	LB: 5523.21	GB: 5525.54	Conf: 1.99585	Pts: 95722
Particle (46):: Fit: 4720.6	PB: 4720.6	LB: 5523.83	GB: 5525.54	Conf: 1.78586	Pts: 55520
Particle (36):: Fit: 2757.77	PB: 2757.77	LB: 5523.21	GB: 5525.54	Conf: 2	Pts: 55416
Particle (3):: Fit: 2757.86	PB: 2757.86	LB: 5523.83	GB: 5525.54	Conf: 2	Pts: 60214
Particle (27):: Fit: 2757.77	PB: 2757.77	LB: 5523.89	GB: 5525.54	Conf: 2	Pts: 55412
Particle (10):: Fit: 5518.58	PB: 5518.58	LB: 5525.54	GB: 5525.54	Conf: 1.99742	Pts: 110410
Particle (25):: Fit: 5519.33	PB: 5519.33	LB: 5523.89	GB: 5525.54	Conf: 1.99691	Pts: 95510
Particle (18):: Fit: 5474.42	PB: 5474.42	LB: 5525.54	GB: 5525.54	Conf: 1.99215	Pts: 75408
Particle (38):: Fit: 5525.5	PB: 5525.5	LB: 5525.5	GB: 5525.54	Conf: 0.758054	Pts: 220504
Particle (42):: Fit: 5495.71	PB: 5495.71	LB: 5525.5	GB: 5525.54	Conf: 1.7393	Pts: 55607
Particle (25):: Fit: 5519.7	PB: 5519.7	LB: 5523.89	GB: 5525.54	Conf: 1.99746	Pts: 95605
Particle (48):: Fit: 5522.75	PB: 5522.75	LB: 5523.83	GB: 5525.54	Conf: 1.99605	Pts: 60604
Particle (43):: Fit: 5519.52	PB: 5519.52	LB: 5522.75	GB: 5525.54	Conf: 1.99761	Pts: 105703
Particle (15):: Fit: 2758.2	PB: 2758.2	LB: 5525.54	GB: 5525.54	Conf: 1.99723	Pts: 55502
Particle (47):: Fit: 5521.68	PB: 5521.68	LB: 5523.83	GB: 5525.54	Conf: 1.9947	Pts: 50601
Particle (18):: Fit: 5496.85	PB: 5496.85	LB: 5525.54	GB: 5525.54	Conf: 1.99341	Pts: 75499
Particle (48):: Fit: 5523.34	PB: 5523.34	LB: 5523.83	GB: 5525.54	Conf: 1.99308	Pts: 65699
Particle (2):: Fit: 4352.97	PB: 4352.97	LB: 5523.83	GB: 5525.54	Conf: 0.417313	Pts: 55257
Particle (9):: Fit: 5317.05	PB: 5317.05	LB: 5525.54	GB: 5525.54	Conf: 0.620764	Pts: 60498
Particle (22):: Fit: 5466.65	PB: 5466.65	LB: 5525.28	GB: 5525.54	Conf: 0.499957	Pts: 65598
Particle (17):: Fit: 4333.79	PB: 4333.79	LB: 5525.54	GB: 5525.54	Conf: 0.198546	Pts: 55497
Particle (27):: Fit: 4955.44	PB: 4955.44	LB: 5523.89	GB: 5525.54	Conf: 0.471028	Pts: 55496
Particle (37):: Fit: 4769.24	PB: 4769.24	LB: 5525.5	GB: 5525.54	Conf: 1.81495	Pts: 55496
Particle (40):: Fit: 3392.03	PB: 3392.03	LB: 5525.5	GB: 5525.54	Conf: 0.858498	Pts: 100696
Particle (3):: Fit: 5224.37	PB: 5224.37	LB: 5523.83	GB: 5525.54	Conf: 1.94386	Pts: 60295
Particle (2):: Fit: 5371.06	PB: 5371.06	LB: 5523.83	GB: 5525.54	Conf: 0.281938	Pts: 55353
Particle (4):: Fit: 3990.33	PB: 3990.33	LB: 5523.28	GB: 5525.54	Conf: 0.60573	Pts: 55393
Particle (37):: Fit: 4913.28	PB: 4913.28	LB: 5525.5	GB: 5525.54	Conf: 0.636106	Pts: 55593
Particle (33):: Fit: 5522.23	PB: 5522.23	LB: 5525.5	GB: 5525.54	Conf: 1.9971	Pts: 65392
Particle (39):: Fit: 4624.16	PB: 4624.16	LB: 5525.5	GB: 5525.54	Conf: 0.751628	Pts: 95791
Particle (40):: Fit: 5168.12	PB: 5168.12	LB: 5525.5	GB: 5525.54	Conf: 0.806533	Pts: 100791
Particle (15):: Fit: 5292.52	PB: 5292.52	LB: 5525.54	GB: 5525.54	Conf: 0.217429	Pts: 55591
Particle (9):: Fit: 5483.24	PB: 5483.24	LB: 5525.54	GB: 5525.54	Conf: 0.565297	Pts: 60590
Particle (26):: Fit: 5330.72	PB: 5330.72	LB: 5523.89	GB: 5525.54	Conf: 1.48685	Pts: 85590
Particle (29):: Fit: 3005.95	PB: 3005.95	LB: 5523.1	GB: 5525.54	Conf: 0.755359	Pts: 100286
Particle (4):: Fit: 5069.87	PB: 5069.87	LB: 5523.28	GB: 5525.54	Conf: 0.539416	Pts: 55487
Particle (42):: Fit: 5523.33	PB: 5523.33	LB: 5525.5	GB: 5525.54	Conf: 0.339911	Pts: 55686
Particle (1):: Fit: 4465.42	PB: 4465.42	LB: 5523.83	GB: 5525.54	Conf: 0.43318	Pts: 110186
Particle (2):: Fit: 5397.41	PB: 5397.41	LB: 5523.83	GB: 5525.54	Conf: 0.313111	Pts: 55445
Particle (27):: Fit: 5068.29	PB: 5068.29	LB: 5523.89	GB: 5525.54	Conf: 0.306934	Pts: 55586
Particle (13):: Fit: 5489.45	PB: 5489.45	LB: 5525.54	GB: 5525.54	Conf: 0.196616	Pts: 60485
Particle (17):: Fit: 5272.29	PB: 5272.29	LB: 5525.54	GB: 5525.54	Conf: 0.17414	Pts: 55585
Particle (27):: Fit: 5115.83	PB: 5115.83	LB: 5523.89	GB: 5525.54	Conf: 0.433769	Pts: 55684
Particle (29):: Fit: 5334.62	PB: 5334.62	LB: 5523.1	GB: 5525.54	Conf: 0.592444	Pts: 100382
Particle (2):: Fit: 5523.9	PB: 5523.9	LB: 5523.9	GB: 5525.54	Conf: 0.496605	Pts: 105541
Particle (46):: Fit: 5182.84	PB: 5182.84	LB: 5523.83	GB: 5525.54	Conf: 0.613902	Pts: 55582
Particle (17):: Fit: 5478.78	PB: 5478.78	LB: 5525.54	GB: 5525.54	Conf: 0.617758	Pts: 55680
Particle (41):: Fit: 5521.72	PB: 5521.72	LB: 5525.5	GB: 5525.54	Conf: 0.555429	Pts: 100780
Particle (36):: Fit: 5522.52	PB: 5522.52	LB: 5525.5	GB: 5525.54	Conf: 0.3377	Pts: 55478
Particle (46):: Fit: 5518.07	PB: 5518.07	LB: 5523.83	GB: 5525.54	Conf: 0.609127	Pts: 55678
Particle (11):: Fit: 5521.45	PB: 5521.45	LB: 5525.54	GB: 5525.54	Conf: 0.869308	Pts: 135277
Particle (27):: Fit: 5455.3	PB: 5455.3	LB: 5523.89	GB: 5525.54	Conf: 0.434347	Pts: 55773
Particle (1):: Fit: 5442.66	PB: 5442.66	LB: 5523.9	GB: 5525.54	Conf: 0.514832	Pts: 110271
Particle (22):: Fit: 5490.56	PB: 5490.56	LB: 5525.28	GB: 5525.54	Conf: 0.538156	Pts: 65672
Particle (12):: Fit: 5519.87	PB: 5519.87	LB: 5525.54	GB: 5525.54	Conf: 0.605824	Pts: 55368
Particle (27):: Fit: 5523.7	PB: 5523.7	LB: 5523.89	GB: 5525.54	Conf: 0.423397	Pts: 75870
Particle (40):: Fit: 5516.92	PB: 5516.92	LB: 5525.5	GB: 5525.54	Conf: 0.845197	Pts: 100867
Particle (32):: Fit: 5524.16	PB: 5524.16	LB: 5524.16	GB: 5525.54	Conf: 0.435476	Pts: 155466
Particle (5):: Fit: 5524.79	PB: 5524.79	LB: 5524.79	GB: 5525.54	Conf: 0.673397	Pts: 160362
Particle (17):: Fit: 5500.84	PB: 5500.84	LB: 5525.54	GB: 5525.54	Conf: 0.623849	Pts: 55761
Particle (37):: Fit: 5293.31	PB: 5293.31	LB: 5525.5	GB: 5525.54	Conf: 0.750322	Pts: 55660
Particle (37):: Fit: 5494.84	PB: 5494.84	LB: 5525.5	GB: 5525.54	Conf: 0.698491	Pts: 55756
Particle (4):: Fit: 5322.72	PB: 5322.72	LB: 5524.79	GB: 5525.54	Conf: 0.548935	Pts: 55551
Particle (3):: Fit: 5236.16	PB: 5236.16	LB: 5524.79	GB: 5525.54	Conf: 0.590679	Pts: 60352
Particle (24):: Fit: 5522.02	PB: 5522.02	LB: 5523.89	GB: 5525.54	Conf: 0.536462	Pts: 80653
Particle (3):: Fit: 5487.69	PB: 5487.69	LB: 5524.79	GB: 5525.54	Conf: 0.574037	Pts: 60449
Particle (17):: Fit: 5519.26	PB: 5519.26	LB: 5525.54	GB: 5525.54	Conf: 0.108917	Pts: 55848
Particle (18):: Fit: 5497.32	PB: 5497.32	LB: 5525.54	GB: 5525.54	Conf: 0.650772	Pts: 75547
Particle (20):: Fit: 5522.79	PB: 5522.79	LB: 5525.28	GB: 5525.54	Conf: 0.388154	Pts: 75348
Particle (40):: Fit: 5519.9	PB: 5519.9	LB: 5525.5	GB: 5525.54	Conf: 0.782381	Pts: 100947
Particle (37):: Fit: 5498.18	PB: 5498.18	LB: 5525.5	GB: 5525.54	Conf: 0.630074	Pts: 55844
Particle (39):: Fit: 5476.03	PB: 5476.03	LB: 5525.5	GB: 5525.54	Conf: 0.739247	Pts: 95842
Particle (3):: Fit: 5519.49	PB: 5519.49	LB: 5524.79	GB: 5525.54	Conf: 0.574412	Pts: 60541
Particle (5):: Fit: 5525.4	PB: 5525.4	LB: 5525.4	GB: 5525.54	Conf: 0.434348	Pts: 205441
Particle (9):: Fit: 5523.31	PB: 5523.31	LB: 5525.54	GB: 5525.54	Conf: 0.554279	Pts: 60641
Particle (4):: Fit: 5474.9	PB: 5474.9	LB: 5525.4	GB: 5525.54	Conf: 0.584529	Pts: 55637
Particle (15):: Fit: 5493.6	PB: 5493.6	LB: 5525.54	GB: 5525.54	Conf: 0.213302	Pts: 55638
Particle (17):: Fit: 5526.85	PB: 5526.85	LB: 5526.85	GB: 5526.85	Conf: 0.0410871	Pts: 115932
Global: 5526.85 - Correct: 56% of 500 tests
Global Best: 
  Inner Net 1
  -- 1 : 1 = 0.193147
  -- 1 : 2 = 0.201678
  -- 1 : 3 = -0.281405
  -- 1 : 4 = 0.670468
  -- 1 : 5 = 0.365142
  -- 1 : 6 = 0.623842
  -- 1 : 7 = -0.36648
  -- 1 : 8 = -0.0486418
  -- 1 : 9 = 0.11962
  -- 2 : 1 = 0.470496
  -- 2 : 2 = 0.207046
  -- 2 : 3 = 0.0356788
  -- 2 : 4 = 0.0170669
  -- 2 : 5 = 0.0537744
  -- 2 : 6 = 0.925519
  -- 2 : 7 = 0.196475
  -- 2 : 8 = 0.282326
  -- 2 : 9 = 0.33902
  -- 3 : 1 = 0.77186
  -- 3 : 2 = 0.326889
  -- 3 : 3 = 0.0453232
  -- 3 : 4 = 0.200409
  -- 3 : 5 = -0.123212
  -- 3 : 6 = 0.733793
  -- 3 : 7 = 0.267549
  -- 3 : 8 = 0.275043
  -- 3 : 9 = -0.062138
  -- 4 : 1 = 0.764466
  -- 4 : 2 = 0.145773
  -- 4 : 3 = -0.0322092
  -- 4 : 4 = 0.562127
  -- 4 : 5 = 0.371572
  -- 4 : 6 = 0.218365
  -- 4 : 7 = 0.28164
  -- 4 : 8 = 0.0879538
  -- 4 : 9 = 0.045759
  -- 5 : 1 = 0.157472
  -- 5 : 2 = 0.136371
  -- 5 : 3 = 0.483953
  -- 5 : 4 = -0.212905
  -- 5 : 5 = 0.0364321
  -- 5 : 6 = -0.115918
  -- 5 : 7 = -0.413279
  -- 5 : 8 = -0.02034
  -- 5 : 9 = -0.0410652
  -- 6 : 1 = 0.398256
  -- 6 : 2 = 0.066552
  -- 6 : 3 = -0.0829733
  -- 6 : 4 = -0.197065
  -- 6 : 5 = 0.316401
  -- 6 : 6 = -0.16265
  -- 6 : 7 = -0.0394256
  -- 6 : 8 = -0.202649
  -- 6 : 9 = 0.086948
  -- 7 : 1 = 0.684286
  -- 7 : 2 = 0.160963
  -- 7 : 3 = 0.0680792
  -- 7 : 4 = 0.150571
  -- 7 : 5 = 0.54373
  -- 7 : 6 = 0.37697
  -- 7 : 7 = -0.264275
  -- 7 : 8 = -0.0847741
  -- 7 : 9 = 0.409298
  -- 8 : 1 = 0.643908
  -- 8 : 2 = 0.00785671
  -- 8 : 3 = 0.165182
  -- 8 : 4 = -0.028088
  -- 8 : 5 = 0.833904
  -- 8 : 6 = 0.378976
  -- 8 : 7 = -0.0793504
  -- 8 : 8 = -0.273143
  -- 8 : 9 = 0.0346131
  -- 9 : 1 = 0.5
  -- 9 : 2 = -0.196079
  -- 9 : 3 = 0.0635665
  -- 9 : 4 = -0.0941893
  -- 9 : 5 = -0.282521
  -- 9 : 6 = 0.246827
  -- 9 : 7 = -0.503874
  -- 9 : 8 = -0.164646
  -- 9 : 9 = 0.144739
  -- 10 : 1 = -0.349344
  -- 10 : 2 = -0.286083
  -- 10 : 3 = -0.114748
  -- 10 : 4 = 0.0927661
  -- 10 : 5 = 0.0604982
  -- 10 : 6 = 0.0372951
  -- 10 : 7 = 0.371936
  -- 10 : 8 = 0.355038
  -- 10 : 9 = -0.176465
  Inner Net 2
  -- 1 : 1 = -0.180592
  -- 1 : 2 = 0.0609155
  -- 2 : 1 = 0.131806
  -- 2 : 2 = 0.351359
  -- 3 : 1 = 0.153847
  -- 3 : 2 = 0.159031
  -- 4 : 1 = 0.257471
  -- 4 : 2 = 0.209323
  -- 5 : 1 = 0.3393
  -- 5 : 2 = -0.154309
  -- 6 : 1 = -0.297957
  -- 6 : 2 = -0.393622
  -- 7 : 1 = -0.176264
  -- 7 : 2 = 0.165963
  -- 8 : 1 = -0.345017
  -- 8 : 2 = 0.172973
  -- 9 : 1 = -0.0761788
  -- 9 : 2 = 0.0354744
Out\Act	False		True
False	0.00428367	0.837696	0.84198
True	0	0.15802	0.15802
	0.00428367	0.995716
	Accuracy [ (tp + tn) / testSize ]: 0.162304
	Precision [ tp / (tp + fp) ]:      0.158624
	Sensitivity [ tp / (tp + fn) ]:    0.996997
	Specificity [ tn / (tn + fp) ]:    0.00508475
	F-Score [ 2tp / (2tp + fp + fn) ]: 0.273814
Particle (19):: Fit: 5527.71	PB: 5527.71	LB: 5527.71	GB: 5527.71	Conf: 0.24667	Pts: 195630
Particle (37):: Fit: 5520.3	PB: 5520.3	LB: 5525.5	GB: 5527.71	Conf: 0.694776	Pts: 55930
Global: 5527.71 - Correct: 54% of 500 tests
Global Best: 
  Inner Net 1
  -- 1 : 1 = 0.459724
  -- 1 : 2 = -0.130457
  -- 1 : 3 = 0.597733
  -- 1 : 4 = -0.0293053
  -- 1 : 5 = -0.0645972
  -- 1 : 6 = 0.911743
  -- 1 : 7 = 0.053804
  -- 1 : 8 = -0.139361
  -- 1 : 9 = 0.455725
  -- 2 : 1 = 0.063705
  -- 2 : 2 = 0.0746282
  -- 2 : 3 = 0.078935
  -- 2 : 4 = -0.0192231
  -- 2 : 5 = -0.0105822
  -- 2 : 6 = 0.105284
  -- 2 : 7 = 0.154472
  -- 2 : 8 = 0.180366
  -- 2 : 9 = -0.119039
  -- 3 : 1 = 0.625593
  -- 3 : 2 = 0.211086
  -- 3 : 3 = 0.609044
  -- 3 : 4 = 0.668458
  -- 3 : 5 = 0.123519
  -- 3 : 6 = 0.0723995
  -- 3 : 7 = -0.0483843
  -- 3 : 8 = 0.254692
  -- 3 : 9 = 0.218474
  -- 4 : 1 = 0.507995
  -- 4 : 2 = -0.0772116
  -- 4 : 3 = -0.153858
  -- 4 : 4 = 0.384954
  -- 4 : 5 = -0.192241
  -- 4 : 6 = 0.0991288
  -- 4 : 7 = 0.0971072
  -- 4 : 8 = 0.956154
  -- 4 : 9 = 0.636502
  -- 5 : 1 = -0.021598
  -- 5 : 2 = 0.189931
  -- 5 : 3 = 0.279388
  -- 5 : 4 = 0.276721
  -- 5 : 5 = 0.168236
  -- 5 : 6 = 0.240421
  -- 5 : 7 = -0.257361
  -- 5 : 8 = 0.0251208
  -- 5 : 9 = 0.0947594
  -- 6 : 1 = 0.479217
  -- 6 : 2 = -0.245995
  -- 6 : 3 = 0.698274
  -- 6 : 4 = 0.276172
  -- 6 : 5 = 0.206261
  -- 6 : 6 = 0
  -- 6 : 7 = -0.0272738
  -- 6 : 8 = 0.319939
  -- 6 : 9 = -0.5
  -- 7 : 1 = 0.660056
  -- 7 : 2 = 0.707616
  -- 7 : 3 = 0.551286
  -- 7 : 4 = 0.272248
  -- 7 : 5 = 0.163968
  -- 7 : 6 = 0.302943
  -- 7 : 7 = 0.330212
  -- 7 : 8 = -0.0813791
  -- 7 : 9 = 0.538785
  -- 8 : 1 = 0.908901
  -- 8 : 2 = 0.394403
  -- 8 : 3 = 0.362777
  -- 8 : 4 = -0.272127
  -- 8 : 5 = 0.954047
  -- 8 : 6 = -0.0623282
  -- 8 : 7 = 0.101245
  -- 8 : 8 = -0.186711
  -- 8 : 9 = 0.242405
  -- 9 : 1 = 0.289632
  -- 9 : 2 = 0.360458
  -- 9 : 3 = -0.03495
  -- 9 : 4 = -0.309557
  -- 9 : 5 = 0.235883
  -- 9 : 6 = 0.535543
  -- 9 : 7 = 0.188841
  -- 9 : 8 = 0.0640796
  -- 9 : 9 = 0.371515
  -- 10 : 1 = 0.0812929
  -- 10 : 2 = -0.0539319
  -- 10 : 3 = 0.951513
  -- 10 : 4 = 0.588214
  -- 10 : 5 = 0.195304
  -- 10 : 6 = 0.210715
  -- 10 : 7 = 0.342411
  -- 10 : 8 = 0.945099
  -- 10 : 9 = 0
  Inner Net 2
  -- 1 : 1 = 0.490114
  -- 1 : 2 = 0.13371
  -- 2 : 1 = 0.270284
  -- 2 : 2 = 0.373115
  -- 3 : 1 = 0.298754
  -- 3 : 2 = 0.182279
  -- 4 : 1 = -0.33513
  -- 4 : 2 = 0.792649
  -- 5 : 1 = -0.0815377
  -- 5 : 2 = 0.10791
  -- 6 : 1 = 0.413921
  -- 6 : 2 = -0.0464964
  -- 7 : 1 = -0.230214
  -- 7 : 2 = 0.0618664
  -- 8 : 1 = -0.227551
  -- 8 : 2 = 0.0247545
  -- 9 : 1 = -0.00110916
  -- 9 : 2 = 0.190961
Out\Act	False		True
False	0.00237982	0.8396	0.84198
True	0.000475964	0.157544	0.15802
	0.00285578	0.997144
	Accuracy [ (tp + tn) / testSize ]: 0.159924
	Precision [ tp / (tp + fp) ]:      0.15792
	Sensitivity [ tp / (tp + fn) ]:    0.993994
	Specificity [ tn / (tn + fp) ]:    0.00282486
	F-Score [ 2tp / (2tp + fp + fn) ]: 0.272652
Particle (35):: Fit: 5522.78	PB: 5522.78	LB: 5525.5	GB: 5527.71	Conf: 0.263357	Pts: 125128
Particle (26):: Fit: 5443.82	PB: 5443.82	LB: 5523.89	GB: 5527.71	Conf: 0.846408	Pts: 85624
Particle (27):: Fit: 5525.46	PB: 5525.46	LB: 5525.46	GB: 5527.71	Conf: 0.423415	Pts: 115917
Particle (26):: Fit: 5497.46	PB: 5497.46	LB: 5525.46	GB: 5527.71	Conf: 0.843727	Pts: 85711
Particle (7):: Fit: 5523.64	PB: 5523.64	LB: 5525.4	GB: 5527.71	Conf: 0.739803	Pts: 125509
Particle (2):: Fit: 5525.95	PB: 5525.95	LB: 5525.95	GB: 5527.71	Conf: 0.346149	Pts: 155563
Particle (31):: Fit: 5517.85	PB: 5517.85	LB: 5525.46	GB: 5527.71	Conf: 0.684742	Pts: 80403
Particle (4):: Fit: 5524.49	PB: 5524.49	LB: 5525.95	GB: 5527.71	Conf: 0.595751	Pts: 55695
Particle (13):: Fit: 5516.89	PB: 5516.89	LB: 5526.85	GB: 5527.71	Conf: 0.197629	Pts: 60496
Particle (10):: Fit: 5521.34	PB: 5521.34	LB: 5525.54	GB: 5527.71	Conf: 0.524404	Pts: 110395
Particle (45):: Fit: 5521.19	PB: 5521.19	LB: 5523.83	GB: 5527.71	Conf: 0.682304	Pts: 55493
Particle (16):: Fit: 5525.81	PB: 5525.81	LB: 5527.71	GB: 5527.71	Conf: 0.99909	Pts: 140085
Particle (10):: Fit: 5526.68	PB: 5526.68	LB: 5526.68	GB: 5527.71	Conf: 0.91245	Pts: 145477
Particle (41):: Fit: 5527.35	PB: 5527.35	LB: 5527.35	GB: 5527.71	Conf: 0.801213	Pts: 150747
Particle (21):: Fit: 5523.23	PB: 5523.23	LB: 5527.71	GB: 5527.71	Conf: 0.726307	Pts: 55542
Particle (40):: Fit: 5521.32	PB: 5521.32	LB: 5527.35	GB: 5527.71	Conf: 0.686997	Pts: 100939
Particle (1):: Fit: 5449.37	PB: 5449.37	LB: 5525.95	GB: 5527.71	Conf: 0.576683	Pts: 110229
Particle (48):: Fit: 5524.37	PB: 5524.37	LB: 5525.95	GB: 5527.71	Conf: 0.570987	Pts: 70632
Particle (20):: Fit: 5524.81	PB: 5524.81	LB: 5527.71	GB: 5527.71	Conf: 0.384149	Pts: 75329
Particle (37):: Fit: 5529.54	PB: 5529.54	LB: 5529.54	GB: 5529.54	Conf: 0.865701	Pts: 115927
Global: 5529.54 - Correct: 55.6% of 500 tests
Global Best: 
  Inner Net 1
  -- 1 : 1 = -0.059883
  -- 1 : 2 = -0.0883871
  -- 1 : 3 = 0.0527747
  -- 1 : 4 = 0.133228
  -- 1 : 5 = -0.416609
  -- 1 : 6 = -0.0839947
  -- 1 : 7 = 0.115381
  -- 1 : 8 = 0.109685
  -- 1 : 9 = 0.576208
  -- 2 : 1 = 0.616139
  -- 2 : 2 = 0.233076
  -- 2 : 3 = 0.085836
  -- 2 : 4 = 0.351549
  -- 2 : 5 = -0.00709269
  -- 2 : 6 = -0.27948
  -- 2 : 7 = -0.175899
  -- 2 : 8 = 0.276209
  -- 2 : 9 = 0.00122612
  -- 3 : 1 = 0.315885
  -- 3 : 2 = -0.0660626
  -- 3 : 3 = 0.113968
  -- 3 : 4 = 0.000752559
  -- 3 : 5 = 0.0979966
  -- 3 : 6 = 0.192317
  -- 3 : 7 = 0.282274
  -- 3 : 8 = 0.0232561
  -- 3 : 9 = 0.137311
  -- 4 : 1 = 0.691393
  -- 4 : 2 = -0.315645
  -- 4 : 3 = -0.0595125
  -- 4 : 4 = 0.147378
  -- 4 : 5 = -0.0628764
  -- 4 : 6 = 0.203052
  -- 4 : 7 = 0.104535
  -- 4 : 8 = 0.404581
  -- 4 : 9 = 0.0140691
  -- 5 : 1 = 0.249976
  -- 5 : 2 = -0.0969113
  -- 5 : 3 = 0.550849
  -- 5 : 4 = -0.350479
  -- 5 : 5 = -0.187396
  -- 5 : 6 = 0.314106
  -- 5 : 7 = -0.127119
  -- 5 : 8 = 0.198686
  -- 5 : 9 = -0.1189
  -- 6 : 1 = 0.659936
  -- 6 : 2 = -0.0485636
  -- 6 : 3 = 0.0467887
  -- 6 : 4 = -0.0736617
  -- 6 : 5 = 0.171334
  -- 6 : 6 = 0.162304
  -- 6 : 7 = -0.0277222
  -- 6 : 8 = -0.311631
  -- 6 : 9 = -0.198136
  -- 7 : 1 = 0.735472
  -- 7 : 2 = 0.217056
  -- 7 : 3 = -0.161525
  -- 7 : 4 = 0.072436
  -- 7 : 5 = -0.050642
  -- 7 : 6 = 0.204327
  -- 7 : 7 = -0.333289
  -- 7 : 8 = 0.00527406
  -- 7 : 9 = 0.125563
  -- 8 : 1 = 0.412196
  -- 8 : 2 = -0.0258279
  -- 8 : 3 = 0.443409
  -- 8 : 4 = 0.284774
  -- 8 : 5 = -0.139707
  -- 8 : 6 = 0.0747449
  -- 8 : 7 = -0.061804
  -- 8 : 8 = -0.0481193
  -- 8 : 9 = 0.138107
  -- 9 : 1 = 0.123005
  -- 9 : 2 = -0.248776
  -- 9 : 3 = -0.0287555
  -- 9 : 4 = 0.103654
  -- 9 : 5 = 0.279324
  -- 9 : 6 = -0.04509
  -- 9 : 7 = 0.324278
  -- 9 : 8 = -0.0635947
  -- 9 : 9 = -0.284039
  -- 10 : 1 = 0.382696
  -- 10 : 2 = 0.110652
  -- 10 : 3 = 0.20633
  -- 10 : 4 = 0.0815356
  -- 10 : 5 = -0.219401
  -- 10 : 6 = -0.057128
  -- 10 : 7 = 0.153459
  -- 10 : 8 = 0.356655
  -- 10 : 9 = 0.057527
  Inner Net 2
  -- 1 : 1 = 0.002423
  -- 1 : 2 = 0.526955
  -- 2 : 1 = -0.806179
  -- 2 : 2 = -0.139588
  -- 3 : 1 = -0.109631
  -- 3 : 2 = 0.105138
  -- 4 : 1 = -0.0743269
  -- 4 : 2 = 0.153449
  -- 5 : 1 = 0.0240943
  -- 5 : 2 = 0.234418
  -- 6 : 1 = 0.122061
  -- 6 : 2 = -0.0199546
  -- 7 : 1 = -0.090386
  -- 7 : 2 = -0.243992
  -- 8 : 1 = -0.724908
  -- 8 : 2 = -0.412804
  -- 9 : 1 = -0.12539
  -- 9 : 2 = 0.315627
Out\Act	False		True
False	0.0594955	0.782485	0.84198
True	0.00333175	0.154688	0.15802
	0.0628272	0.937173
	Accuracy [ (tp + tn) / testSize ]: 0.214184
	Precision [ tp / (tp + fp) ]:      0.164975
	Sensitivity [ tp / (tp + fn) ]:    0.975976
	Specificity [ tn / (tn + fp) ]:    0.0706215
	F-Score [ 2tp / (2tp + fp + fn) ]: 0.282363
Particle (29):: Fit: 5445.72	PB: 5445.72	LB: 5525.46	GB: 5529.54	Conf: 0.589081	Pts: 100315
Particle (28):: Fit: 5523.4	PB: 5523.4	LB: 5525.46	GB: 5529.54	Conf: 0.469121	Pts: 65708
Particle (30):: Fit: 5520.9	PB: 5520.9	LB: 5525.46	GB: 5529.54	Conf: 0.961512	Pts: 150409
Particle (13):: Fit: 5523.29	PB: 5523.29	LB: 5526.85	GB: 5529.54	Conf: 0.198514	Pts: 60513
Particle (45):: Fit: 5522.78	PB: 5522.78	LB: 5527.35	GB: 5529.54	Conf: 0.643828	Pts: 55508
Particle (26):: Fit: 5521.56	PB: 5521.56	LB: 5525.46	GB: 5529.54	Conf: 0.845208	Pts: 85704
Particle (15):: Fit: 5520.28	PB: 5520.28	LB: 5527.71	GB: 5529.54	Conf: 0.213306	Pts: 55604
Particle (11):: Fit: 5522.4	PB: 5522.4	LB: 5526.68	GB: 5529.54	Conf: 0.555832	Pts: 135201
Particle (25):: Fit: 5519.86	PB: 5519.86	LB: 5525.46	GB: 5529.54	Conf: 0.63822	Pts: 95496
Particle (36):: Fit: 5523.52	PB: 5523.52	LB: 5529.54	GB: 5529.54	Conf: 0.402494	Pts: 55388
Particle (28):: Fit: 5526.26	PB: 5526.26	LB: 5526.26	GB: 5529.54	Conf: 0.432972	Pts: 105779
Particle (24):: Fit: 5523.51	PB: 5523.51	LB: 5526.26	GB: 5529.54	Conf: 0.112757	Pts: 80584
Particle (2):: Fit: 5526.39	PB: 5526.39	LB: 5526.39	GB: 5529.54	Conf: 0.452458	Pts: 195520
Particle (36):: Fit: 5524.5	PB: 5524.5	LB: 5529.54	GB: 5529.54	Conf: 0.32447	Pts: 55439
Particle (35):: Fit: 5527.34	PB: 5527.34	LB: 5529.54	GB: 5529.54	Conf: 0.0948156	Pts: 135033
Particle (7):: Fit: 5524.1	PB: 5524.1	LB: 5526.68	GB: 5529.54	Conf: 0.793768	Pts: 125433
Particle (22):: Fit: 5520.68	PB: 5520.68	LB: 5527.71	GB: 5529.54	Conf: 0.490547	Pts: 65515
Particle (42):: Fit: 5525.31	PB: 5525.31	LB: 5527.35	GB: 5529.54	Conf: 0.467839	Pts: 60503
Particle (4):: Fit: 5524.93	PB: 5524.93	LB: 5526.39	GB: 5529.54	Conf: 0.596213	Pts: 55593
Particle (36):: Fit: 5528.78	PB: 5528.78	LB: 5529.54	GB: 5529.54	Conf: 0.398827	Pts: 60487
Particle (48):: Fit: 5524.62	PB: 5524.62	LB: 5526.39	GB: 5529.54	Conf: 0.505728	Pts: 70584
Particle (26):: Fit: 5525.98	PB: 5525.98	LB: 5526.26	GB: 5529.54	Conf: 0.843026	Pts: 85684
Particle (29):: Fit: 5457.37	PB: 5457.37	LB: 5526.26	GB: 5529.54	Conf: 0.591139	Pts: 100275
Particle (39):: Fit: 5522.58	PB: 5522.58	LB: 5529.54	GB: 5529.54	Conf: 0.737142	Pts: 95671
Particle (7):: Fit: 5527.81	PB: 5527.81	LB: 5527.81	GB: 5529.54	Conf: 0.317235	Pts: 175475
Particle (24):: Fit: 5525.01	PB: 5525.01	LB: 5526.26	GB: 5529.54	Conf: 0.525251	Pts: 80572
Particle (49):: Fit: 5527.84	PB: 5527.84	LB: 5527.84	GB: 5529.54	Conf: 0.260503	Pts: 234956
Particle (28):: Fit: 5526.5	PB: 5526.5	LB: 5526.5	GB: 5529.54	Conf: 0.786626	Pts: 135761
Particle (10):: Fit: 5527.14	PB: 5527.14	LB: 5527.81	GB: 5529.54	Conf: 0.559679	Pts: 155368
Particle (18):: Fit: 5517.41	PB: 5517.41	LB: 5527.71	GB: 5529.54	Conf: 0.682074	Pts: 75366
Particle (41):: Fit: 5528.57	PB: 5528.57	LB: 5529.54	GB: 5529.54	Conf: 0.644399	Pts: 170669
Particle (23):: Fit: 5528.53	PB: 5528.53	LB: 5528.53	GB: 5529.54	Conf: 0.842167	Pts: 200163
Particle (32):: Fit: 5524.42	PB: 5524.42	LB: 5529.54	GB: 5529.54	Conf: 0.665435	Pts: 155257
Particle (18):: Fit: 5518.98	PB: 5518.98	LB: 5528.53	GB: 5529.54	Conf: 0.917949	Pts: 75448
Particle (6):: Fit: 5526.22	PB: 5526.22	LB: 5527.81	GB: 5529.54	Conf: 0.351688	Pts: 115334
Particle (46):: Fit: 5521.44	PB: 5521.44	LB: 5527.84	GB: 5529.54	Conf: 0.609988	Pts: 55414
Particle (9):: Fit: 5523.4	PB: 5523.4	LB: 5527.81	GB: 5529.54	Conf: 0.552913	Pts: 60405
Particle (48):: Fit: 5526.33	PB: 5526.33	LB: 5527.84	GB: 5529.54	Conf: 0.524287	Pts: 70598
Particle (3):: Fit: 5522.37	PB: 5522.37	LB: 5527.84	GB: 5529.54	Conf: 0.577748	Pts: 60272
Particle (5):: Fit: 5527.69	PB: 5527.69	LB: 5527.81	GB: 5529.54	Conf: 0.59388	Pts: 205179
Particle (31):: Fit: 5525.14	PB: 5525.14	LB: 5528.78	GB: 5529.54	Conf: 0.745714	Pts: 80150
Particle (22):: Fit: 5521.36	PB: 5521.36	LB: 5528.53	GB: 5529.54	Conf: 0.99953	Pts: 65450
Particle (40):: Fit: 5525.93	PB: 5525.93	LB: 5529.54	GB: 5529.54	Conf: 0.876812	Pts: 100734
Particle (8):: Fit: 5523.01	PB: 5523.01	LB: 5527.81	GB: 5529.54	Conf: 0.534311	Pts: 99994
Particle (29):: Fit: 5469.63	PB: 5469.63	LB: 5526.5	GB: 5529.54	Conf: 0.598328	Pts: 100195
Particle (18):: Fit: 5524.15	PB: 5524.15	LB: 5528.53	GB: 5529.54	Conf: 0.909463	Pts: 75407
Particle (47):: Fit: 5522.5	PB: 5522.5	LB: 5527.84	GB: 5529.54	Conf: 0.744842	Pts: 50170
Particle (44):: Fit: 5523.93	PB: 5523.93	LB: 5528.57	GB: 5529.54	Conf: 0.951481	Pts: 79738
Particle (14):: Fit: 5527.92	PB: 5527.92	LB: 5527.92	GB: 5529.54	Conf: 0.511642	Pts: 255052
Particle (45):: Fit: 5524.97	PB: 5524.97	LB: 5528.57	GB: 5529.54	Conf: 0.182083	Pts: 55239
Particle (1):: Fit: 5520.46	PB: 5520.46	LB: 5527.84	GB: 5529.54	Conf: 0.617601	Pts: 109903
Particle (31):: Fit: 5528.95	PB: 5528.95	LB: 5528.95	GB: 5529.54	Conf: 0.751527	Pts: 110114
Particle (29):: Fit: 5473.87	PB: 5473.87	LB: 5528.95	GB: 5529.54	Conf: 0.590478	Pts: 100203
Particle (36):: Fit: 5528.91	PB: 5528.91	LB: 5529.54	GB: 5529.54	Conf: 0.270914	Pts: 60295
Particle (22):: Fit: 5523.4	PB: 5523.4	LB: 5528.53	GB: 5529.54	Conf: 0.814338	Pts: 65388
Particle (42):: Fit: 5526.05	PB: 5526.05	LB: 5528.57	GB: 5529.54	Conf: 0.467804	Pts: 60271
Particle (42):: Fit: 5528.64	PB: 5528.64	LB: 5528.64	GB: 5529.54	Conf: 0.404049	Pts: 85363
Particle (25):: Fit: 5521	PB: 5521	LB: 5528.53	GB: 5529.54	Conf: 0.638081	Pts: 95126
Particle (22):: Fit: 5528.75	PB: 5528.75	LB: 5528.75	GB: 5529.54	Conf: 0.838203	Pts: 110437
Particle (47):: Fit: 5526.6	PB: 5526.6	LB: 5527.84	GB: 5529.54	Conf: 0.646272	Pts: 50078
Particle (43):: Fit: 5521.37	PB: 5521.37	LB: 5528.64	GB: 5529.54	Conf: 0.790485	Pts: 105015
Particle (36):: Fit: 5529.08	PB: 5529.08	LB: 5529.54	GB: 5529.54	Conf: 0.418561	Pts: 65229
Particle (30):: Fit: 5522.05	PB: 5522.05	LB: 5528.95	GB: 5529.54	Conf: 0.952756	Pts: 149858
Particle (11):: Fit: 5523.73	PB: 5523.73	LB: 5527.92	GB: 5529.54	Conf: 0.658031	Pts: 134683
Particle (44):: Fit: 5525.32	PB: 5525.32	LB: 5528.64	GB: 5529.54	Conf: 0.953025	Pts: 79515
Global Best: 
  Inner Net 1
  -- 1 : 1 = -0.059883
  -- 1 : 2 = -0.0883871
  -- 1 : 3 = 0.0527747
  -- 1 : 4 = 0.133228
  -- 1 : 5 = -0.416609
  -- 1 : 6 = -0.0839947
  -- 1 : 7 = 0.115381
  -- 1 : 8 = 0.109685
  -- 1 : 9 = 0.576208
  -- 2 : 1 = 0.616139
  -- 2 : 2 = 0.233076
  -- 2 : 3 = 0.085836
  -- 2 : 4 = 0.351549
  -- 2 : 5 = -0.00709269
  -- 2 : 6 = -0.27948
  -- 2 : 7 = -0.175899
  -- 2 : 8 = 0.276209
  -- 2 : 9 = 0.00122612
  -- 3 : 1 = 0.315885
  -- 3 : 2 = -0.0660626
  -- 3 : 3 = 0.113968
  -- 3 : 4 = 0.000752559
  -- 3 : 5 = 0.0979966
  -- 3 : 6 = 0.192317
  -- 3 : 7 = 0.282274
  -- 3 : 8 = 0.0232561
  -- 3 : 9 = 0.137311
  -- 4 : 1 = 0.691393
  -- 4 : 2 = -0.315645
  -- 4 : 3 = -0.0595125
  -- 4 : 4 = 0.147378
  -- 4 : 5 = -0.0628764
  -- 4 : 6 = 0.203052
  -- 4 : 7 = 0.104535
  -- 4 : 8 = 0.404581
  -- 4 : 9 = 0.0140691
  -- 5 : 1 = 0.249976
  -- 5 : 2 = -0.0969113
  -- 5 : 3 = 0.550849
  -- 5 : 4 = -0.350479
  -- 5 : 5 = -0.187396
  -- 5 : 6 = 0.314106
  -- 5 : 7 = -0.127119
  -- 5 : 8 = 0.198686
  -- 5 : 9 = -0.1189
  -- 6 : 1 = 0.659936
  -- 6 : 2 = -0.0485636
  -- 6 : 3 = 0.0467887
  -- 6 : 4 = -0.0736617
  -- 6 : 5 = 0.171334
  -- 6 : 6 = 0.162304
  -- 6 : 7 = -0.0277222
  -- 6 : 8 = -0.311631
  -- 6 : 9 = -0.198136
  -- 7 : 1 = 0.735472
  -- 7 : 2 = 0.217056
  -- 7 : 3 = -0.161525
  -- 7 : 4 = 0.072436
  -- 7 : 5 = -0.050642
  -- 7 : 6 = 0.204327
  -- 7 : 7 = -0.333289
  -- 7 : 8 = 0.00527406
  -- 7 : 9 = 0.125563
  -- 8 : 1 = 0.412196
  -- 8 : 2 = -0.0258279
  -- 8 : 3 = 0.443409
  -- 8 : 4 = 0.284774
  -- 8 : 5 = -0.139707
  -- 8 : 6 = 0.0747449
  -- 8 : 7 = -0.061804
  -- 8 : 8 = -0.0481193
  -- 8 : 9 = 0.138107
  -- 9 : 1 = 0.123005
  -- 9 : 2 = -0.248776
  -- 9 : 3 = -0.0287555
  -- 9 : 4 = 0.103654
  -- 9 : 5 = 0.279324
  -- 9 : 6 = -0.04509
  -- 9 : 7 = 0.324278
  -- 9 : 8 = -0.0635947
  -- 9 : 9 = -0.284039
  -- 10 : 1 = 0.382696
  -- 10 : 2 = 0.110652
  -- 10 : 3 = 0.20633
  -- 10 : 4 = 0.0815356
  -- 10 : 5 = -0.219401
  -- 10 : 6 = -0.057128
  -- 10 : 7 = 0.153459
  -- 10 : 8 = 0.356655
  -- 10 : 9 = 0.057527
  Inner Net 2
  -- 1 : 1 = 0.002423
  -- 1 : 2 = 0.526955
  -- 2 : 1 = -0.806179
  -- 2 : 2 = -0.139588
  -- 3 : 1 = -0.109631
  -- 3 : 2 = 0.105138
  -- 4 : 1 = -0.0743269
  -- 4 : 2 = 0.153449
  -- 5 : 1 = 0.0240943
  -- 5 : 2 = 0.234418
  -- 6 : 1 = 0.122061
  -- 6 : 2 = -0.0199546
  -- 7 : 1 = -0.090386
  -- 7 : 2 = -0.243992
  -- 8 : 1 = -0.724908
  -- 8 : 2 = -0.412804
  -- 9 : 1 = -0.12539
  -- 9 : 2 = 0.315627
Out\Act	False		True
False	0.0594955	0.782485	0.84198
True	0.00333175	0.154688	0.15802
	0.0628272	0.937173
	Accuracy [ (tp + tn) / testSize ]: 0.214184
	Precision [ tp / (tp + fp) ]:      0.164975
	Sensitivity [ tp / (tp + fn) ]:    0.975976
	Specificity [ tn / (tn + fp) ]:    0.0706215
	F-Score [ 2tp / (2tp + fp + fn) ]: 0.282363
