
Date / Time: Fri Mar 31 04:54:03 2017

   ****************************************
   * PSO Neural Net (Gaussian Activation) *
   *       by William Boler, BSCE         *
   *     Research Assistant, IUPUI        *
   *                                      *
   *  Professor: Dr. Lauren Christopher   *
   *     Created: March 13, 2017          *
   ****************************************


Inputs: 6
Inner Nets: 1
 - 5
Tests per train(min): 500
Particles: 50
Neighbors: 10
Minimum Particle Iterations: 1000
Particle (0):: Fit: 0.000106394	PB: 0.000106394	LB: 0.000106394	GB: 0.000106394	Cor: 0.484	Pts: 110099
Particle (1):: Fit: 9.77847e-005	PB: 9.77847e-005	LB: 0.000106394	GB: 0.000106394	Cor: 0.484	Pts: 55099
Particle (2):: Fit: 1.00157e-005	PB: 1.00157e-005	LB: 0.000106394	GB: 0.000106394	Cor: 0.484	Pts: 55099
Particle (3):: Fit: 9.98344e-005	PB: 9.98344e-005	LB: 0.000106394	GB: 0.000106394	Cor: 0.484	Pts: 65099
Particle (4):: Fit: 9.65539e-005	PB: 9.65539e-005	LB: 0.000106394	GB: 0.000106394	Cor: 0.484	Pts: 55099
Particle (5):: Fit: 9.45038e-005	PB: 9.45038e-005	LB: 9.98344e-005	GB: 0.000106394	Cor: 0.484	Pts: 55099
Particle (6):: Fit: 9.9834e-005	PB: 9.9834e-005	LB: 9.98344e-005	GB: 0.000106394	Cor: 0.484	Pts: 65099
Particle (7):: Fit: 0.000112137	PB: 0.000112137	LB: 0.000112137	GB: 0.000112137	Cor: 0.494	Pts: 110099
Particle (8):: Fit: 0.000109741	PB: 0.000109741	LB: 0.000112137	GB: 0.000112137	Cor: 0.494	Pts: 55099
Particle (9):: Fit: 9.66281e-005	PB: 9.66281e-005	LB: 0.000112137	GB: 0.000112137	Cor: 0.494	Pts: 55099
Particle (10):: Fit: 0.000105356	PB: 0.000105356	LB: 0.000112137	GB: 0.000112137	Cor: 0.494	Pts: 60099
Particle (11):: Fit: 9.9424e-005	PB: 9.9424e-005	LB: 0.000112137	GB: 0.000112137	Cor: 0.494	Pts: 55099
Particle (12):: Fit: 9.65539e-005	PB: 9.65539e-005	LB: 0.000109741	GB: 0.000112137	Cor: 0.494	Pts: 55099
Particle (13):: Fit: 0.000106394	PB: 0.000106394	LB: 0.000106394	GB: 0.000112137	Cor: 0.494	Pts: 75099
Particle (14):: Fit: 0.000103114	PB: 0.000103114	LB: 0.000106394	GB: 0.000112137	Cor: 0.494	Pts: 55099
Particle (15):: Fit: 0.000108034	PB: 0.000108034	LB: 0.000108034	GB: 0.000112137	Cor: 0.494	Pts: 85099
Particle (16):: Fit: 0.000105219	PB: 0.000105219	LB: 0.000108034	GB: 0.000112137	Cor: 0.494	Pts: 55099
Particle (17):: Fit: 0.000102704	PB: 0.000102704	LB: 0.000108034	GB: 0.000112137	Cor: 0.494	Pts: 55099
Particle (18):: Fit: 8.56226e-005	PB: 8.56226e-005	LB: 0.000108034	GB: 0.000112137	Cor: 0.494	Pts: 55099
Particle (19):: Fit: 0.000104754	PB: 0.000104754	LB: 0.000108034	GB: 0.000112137	Cor: 0.494	Pts: 65099
Particle (20):: Fit: 0.000101884	PB: 0.000101884	LB: 0.000105219	GB: 0.000112137	Cor: 0.494	Pts: 55099
Particle (21):: Fit: 0.000997146	PB: 0.000997146	LB: 0.000997146	GB: 0.000997146	Cor: 0.524	Pts: 110099
Particle (22):: Fit: 0.000100244	PB: 0.000100244	LB: 0.000997146	GB: 0.000997146	Cor: 0.524	Pts: 55099
Particle (23):: Fit: 0.000107624	PB: 0.000107624	LB: 0.000997146	GB: 0.000997146	Cor: 0.524	Pts: 60099
Particle (24):: Fit: 0.000103583	PB: 0.000103583	LB: 0.000997146	GB: 0.000997146	Cor: 0.524	Pts: 55099
Particle (25):: Fit: 0.00103478	PB: 0.00103478	LB: 0.00103478	GB: 0.00103478	Cor: 0.518	Pts: 110099
Particle (26):: Fit: 0.000105984	PB: 0.000105984	LB: 0.00103478	GB: 0.00103478	Cor: 0.518	Pts: 55099
Particle (27):: Fit: 7.92649e-005	PB: 7.92649e-005	LB: 0.00103478	GB: 0.00103478	Cor: 0.518	Pts: 55099
Particle (28):: Fit: 0.000990731	PB: 0.000990731	LB: 0.00103478	GB: 0.00103478	Cor: 0.518	Pts: 65099
Particle (29):: Fit: 0.0001023	PB: 0.0001023	LB: 0.00103478	GB: 0.00103478	Cor: 0.518	Pts: 55099
Particle (30):: Fit: 0.000102705	PB: 0.000102705	LB: 0.000990731	GB: 0.00103478	Cor: 0.518	Pts: 60099
Particle (31):: Fit: 0.00102808	PB: 0.00102808	LB: 0.00102808	GB: 0.00103478	Cor: 0.518	Pts: 80099
Particle (32):: Fit: 0.00114853	PB: 0.00114853	LB: 0.00114853	GB: 0.00114853	Cor: 0.582	Pts: 110099
Particle (33):: Fit: 0.000109674	PB: 0.000109674	LB: 0.00114853	GB: 0.00114853	Cor: 0.582	Pts: 55099
Particle (34):: Fit: 0.000102754	PB: 0.000102754	LB: 0.00114853	GB: 0.00114853	Cor: 0.582	Pts: 55099
Particle (35):: Fit: 0.000103935	PB: 0.000103935	LB: 0.00114853	GB: 0.00114853	Cor: 0.582	Pts: 60099
Particle (36):: Fit: 0.000103115	PB: 0.000103115	LB: 0.00114853	GB: 0.00114853	Cor: 0.582	Pts: 55099
Particle (37):: Fit: 0.000108034	PB: 0.000108034	LB: 0.000109674	GB: 0.00114853	Cor: 0.582	Pts: 70099
Particle (38):: Fit: 0.117224	PB: 0.117224	LB: 0.117224	GB: 0.117224	Cor: 0.468	Pts: 110099
Particle (39):: Fit: 0.000102705	PB: 0.000102705	LB: 0.117224	GB: 0.117224	Cor: 0.468	Pts: 55099
Particle (40):: Fit: 0.000104344	PB: 0.000104344	LB: 0.117224	GB: 0.117224	Cor: 0.468	Pts: 60099
Particle (41):: Fit: 0.000107214	PB: 0.000107214	LB: 0.117224	GB: 0.117224	Cor: 0.468	Pts: 65099
Particle (42):: Fit: 0.000106397	PB: 0.000106397	LB: 0.117224	GB: 0.117224	Cor: 0.468	Pts: 55099
Particle (43):: Fit: 0.000100245	PB: 0.000100245	LB: 0.000107214	GB: 0.117224	Cor: 0.468	Pts: 50099
Particle (44):: Fit: 0.000103934	PB: 0.000103934	LB: 0.000107214	GB: 0.117224	Cor: 0.468	Pts: 50099
Particle (45):: Fit: 0.000101887	PB: 0.000101887	LB: 0.000107214	GB: 0.117224	Cor: 0.468	Pts: 50099
Particle (46):: Fit: 9.88896e-005	PB: 9.88896e-005	LB: 0.000106397	GB: 0.117224	Cor: 0.468	Pts: 50099
Particle (47):: Fit: 0.00108797	PB: 0.00108797	LB: 0.00108797	GB: 0.117224	Cor: 0.468	Pts: 95099
Particle (48):: Fit: 9.94242e-005	PB: 9.94242e-005	LB: 0.00108797	GB: 0.117224	Cor: 0.468	Pts: 50099
Particle (49):: Fit: 0.000108444	PB: 0.000108444	LB: 0.00108797	GB: 0.117224	Cor: 0.468	Pts: 50099
Global: 0.117224 - Correct: 46.8% of 500 tests
Global Best: 
  Inner Net 1
  -- 1 : 1 = 0.8317
  -- 1 : 2 = 0.2003
  -- 1 : 3 = 0.0398
  -- 1 : 4 = 0.1914
  -- 1 : 5 = 0.1693
  -- 2 : 1 = 0.5849
  -- 2 : 2 = 0.0471
  -- 2 : 3 = 0.1962
  -- 2 : 4 = 0.2397
  -- 2 : 5 = 0.3663
  -- 3 : 1 = 0.7722
  -- 3 : 2 = 0.4593
  -- 3 : 3 = 0.1961
  -- 3 : 4 = 0.2476
  -- 3 : 5 = 0.4691
  -- 4 : 1 = 0.1066
  -- 4 : 2 = 0.9117
  -- 4 : 3 = 0.3245
  -- 4 : 4 = 0.1909
  -- 4 : 5 = 0.9966
  -- 5 : 1 = 0.8613
  -- 5 : 2 = 0.1712
  -- 5 : 3 = 0.7967
  -- 5 : 4 = 0.0911
  -- 5 : 5 = 0.8227
  -- 6 : 1 = 0.0382
  -- 6 : 2 = 0.3134
  -- 6 : 3 = 0.8599
  -- 6 : 4 = 0.2225
  -- 6 : 5 = 0.8408
  Inner Net 2
  -- 1 : 1 = 0.2715
  -- 1 : 2 = 0.1113
  -- 2 : 1 = 0.00313867
  -- 2 : 2 = -0.0378802
  -- 3 : 1 = 0.2078
  -- 3 : 2 = -0.012341
  -- 4 : 1 = 0.2568
  -- 4 : 2 = 0.1378
  -- 5 : 1 = -0.0909
  -- 5 : 2 = 0.1938
Out\Act	False		True
False	0.84198	0	0.84198
True	0.15802	0	0.15802
	1	0
	Accuracy [ (tp + tn) / testSize ]: 0.84198
	Precision [ tp / (tp + fp) ]:      0
	Sensitivity [ tp / (tp + fn) ]:    0
	Specificity [ tn / (tn + fp) ]:    0.999435
	F-Score [ 2tp / (2tp + fp + fn) ]: 0
Particle (1):: Fit: 0.00110101	PB: 0.00110101	LB: 0.00110101	GB: 0.117224	Cor: 0	Pts: 105198
Particle (2):: Fit: 0.000118705	PB: 0.000118705	LB: 0.00110101	GB: 0.117224	Cor: 0	Pts: 60197
Particle (3):: Fit: 0.000101534	PB: 0.000101534	LB: 0.00110101	GB: 0.117224	Cor: 0	Pts: 65198
Particle (4):: Fit: 9.8194e-005	PB: 9.8194e-005	LB: 0.00110101	GB: 0.117224	Cor: 0	Pts: 55198
Particle (5):: Fit: 0.000100244	PB: 0.000100244	LB: 0.00110101	GB: 0.117224	Cor: 0	Pts: 55198
Particle (6):: Fit: 0.000107214	PB: 0.000107214	LB: 0.000118705	GB: 0.117224	Cor: 0	Pts: 65198
Particle (9):: Fit: 0.000101885	PB: 0.000101885	LB: 0.000112137	GB: 0.117224	Cor: 0	Pts: 55198
Particle (11):: Fit: 0.000105164	PB: 0.000105164	LB: 0.000112137	GB: 0.117224	Cor: 0	Pts: 55198
Particle (12):: Fit: 0.000105984	PB: 0.000105984	LB: 0.000109741	GB: 0.117224	Cor: 0	Pts: 55198
Particle (14):: Fit: 0.000108854	PB: 0.000108854	LB: 0.000108854	GB: 0.117224	Cor: 0	Pts: 70198
Particle (17):: Fit: 0.000108034	PB: 0.000108034	LB: 0.000997146	GB: 0.117224	Cor: 0	Pts: 55198
Particle (18):: Fit: 9.69801e-005	PB: 9.69801e-005	LB: 0.000997146	GB: 0.117224	Cor: 0	Pts: 55198
Particle (20):: Fit: 0.000105574	PB: 0.000105574	LB: 0.00103478	GB: 0.117224	Cor: 0	Pts: 55198
Particle (21):: Fit: 0.00103685	PB: 0.00103685	LB: 0.00103685	GB: 0.117224	Cor: 0	Pts: 160198
Particle (22):: Fit: 0.000103114	PB: 0.000103114	LB: 0.00103685	GB: 0.117224	Cor: 0	Pts: 55198
Particle (24):: Fit: 0.000105985	PB: 0.000105985	LB: 0.00103685	GB: 0.117224	Cor: 0	Pts: 55198
Particle (25):: Fit: 0.00112581	PB: 0.00112581	LB: 0.00112581	GB: 0.117224	Cor: 0	Pts: 145198
Particle (27):: Fit: 9.65584e-005	PB: 9.65584e-005	LB: 0.00114853	GB: 0.117224	Cor: 0	Pts: 55198
Particle (28):: Fit: 0.00104409	PB: 0.00104409	LB: 0.00114853	GB: 0.117224	Cor: 0	Pts: 65198
Particle (30):: Fit: 0.0011476	PB: 0.0011476	LB: 0.00114853	GB: 0.117224	Cor: 0	Pts: 70198
Particle (32):: Fit: 0.00122991	PB: 0.00122991	LB: 0.00122991	GB: 0.117224	Cor: 0	Pts: 140198
Particle (34):: Fit: 0.000108035	PB: 0.000108035	LB: 0.117224	GB: 0.117224	Cor: 0	Pts: 55198
Particle (35):: Fit: 0.00106062	PB: 0.00106062	LB: 0.117224	GB: 0.117224	Cor: 0	Pts: 60198
Particle (36):: Fit: 0.000103525	PB: 0.000103525	LB: 0.117224	GB: 0.117224	Cor: 0	Pts: 55198
Particle (40):: Fit: 0.000110084	PB: 0.000110084	LB: 0.117224	GB: 0.117224	Cor: 0	Pts: 60198
Particle (43):: Fit: 0.00110892	PB: 0.00110892	LB: 0.00110892	GB: 0.117224	Cor: 0	Pts: 75198
Particle (44):: Fit: 0.000104754	PB: 0.000104754	LB: 0.00110892	GB: 0.117224	Cor: 0	Pts: 50198
Particle (45):: Fit: 0.000105168	PB: 0.000105168	LB: 0.00110892	GB: 0.117224	Cor: 0	Pts: 50198
Particle (46):: Fit: 0.0010394	PB: 0.0010394	LB: 0.00110892	GB: 0.117224	Cor: 0	Pts: 50198
Particle (4):: Fit: 0.000101884	PB: 0.000101884	LB: 0.00110101	GB: 0.117224	Cor: 0	Pts: 55297
Particle (5):: Fit: 0.000103934	PB: 0.000103934	LB: 0.00110101	GB: 0.117224	Cor: 0	Pts: 55297
Particle (7):: Fit: 0.00110919	PB: 0.00110919	LB: 0.00110919	GB: 0.117224	Cor: 0	Pts: 160197
Particle (18):: Fit: 0.12472	PB: 0.12472	LB: 0.12472	GB: 0.12472	Cor: 0.6	Pts: 115297
Particle (20):: Fit: 0.000107214	PB: 0.000107214	LB: 0.12472	GB: 0.12472	Cor: 0.6	Pts: 55297
Particle (23):: Fit: 0.000108854	PB: 0.000108854	LB: 0.00112581	GB: 0.12472	Cor: 0.6	Pts: 60197
Particle (26):: Fit: 0.000107624	PB: 0.000107624	LB: 0.0011476	GB: 0.12472	Cor: 0.6	Pts: 55197
Particle (29):: Fit: 0.000104347	PB: 0.000104347	LB: 0.00122991	GB: 0.12472	Cor: 0.6	Pts: 55197
Particle (30):: Fit: 0.00118501	PB: 0.00118501	LB: 0.00122991	GB: 0.12472	Cor: 0.6	Pts: 80297
Particle (34):: Fit: 0.0011178	PB: 0.0011178	LB: 0.117224	GB: 0.12472	Cor: 0.6	Pts: 55297
Particle (36):: Fit: 0.000103934	PB: 0.000103934	LB: 0.117224	GB: 0.12472	Cor: 0.6	Pts: 55297
Particle (45):: Fit: 0.00010763	PB: 0.00010763	LB: 0.00110892	GB: 0.12472	Cor: 0.6	Pts: 50297
Particle (47):: Fit: 0.00110687	PB: 0.00110687	LB: 0.00110892	GB: 0.12472	Cor: 0.6	Pts: 115197
Global: 0.12472 - Correct: 60% of 500 tests
Global Best: 
  Inner Net 1
  -- 1 : 1 = 0.1561
  -- 1 : 2 = 0.914
  -- 1 : 3 = 0.6321
  -- 1 : 4 = 0.0209
  -- 1 : 5 = 0.862
  -- 2 : 1 = 0.169
  -- 2 : 2 = 0.837
  -- 2 : 3 = 0.8481
  -- 2 : 4 = 0.4449
  -- 2 : 5 = 0.3141
  -- 3 : 1 = 0.1616
  -- 3 : 2 = 0.2528
  -- 3 : 3 = 0.507
  -- 3 : 4 = 0.0216
  -- 3 : 5 = 0.6396
  -- 4 : 1 = 0.2967
  -- 4 : 2 = 0.9938
  -- 4 : 3 = 0.0833
  -- 4 : 4 = 0.5233
  -- 4 : 5 = 0.8554
  -- 5 : 1 = 0.7616
  -- 5 : 2 = 0.3513
  -- 5 : 3 = 0.0338
  -- 5 : 4 = 0.7582
  -- 5 : 5 = 0.9744
  -- 6 : 1 = 0.1705
  -- 6 : 2 = 0.8627
  -- 6 : 3 = 0.0327
  -- 6 : 4 = 0.7106
  -- 6 : 5 = 0.7535
  Inner Net 2
  -- 1 : 1 = -0.0935793
  -- 1 : 2 = -0.231244
  -- 2 : 1 = -0.501375
  -- 2 : 2 = -0.238547
  -- 3 : 1 = -0.558286
  -- 3 : 2 = -0.350509
  -- 4 : 1 = -0.430402
  -- 4 : 2 = 0.222394
  -- 5 : 1 = -0.377686
  -- 5 : 2 = 0.157561
Out\Act	False		True
False	0.784864	0.0571157	0.84198
True	0.115183	0.0428367	0.15802
	0.900048	0.0999524
	Accuracy [ (tp + tn) / testSize ]: 0.827701
	Precision [ tp / (tp + fp) ]:      0.42654
	Sensitivity [ tp / (tp + fn) ]:    0.27027
	Specificity [ tn / (tn + fp) ]:    0.931638
	F-Score [ 2tp / (2tp + fp + fn) ]: 0.331492
Particle (4):: Fit: 0.000103934	PB: 0.000103934	LB: 0.00110919	GB: 0.12472	Cor: 0	Pts: 55396
Particle (12):: Fit: 0.000108444	PB: 0.000108444	LB: 0.000109741	GB: 0.12472	Cor: 0	Pts: 55296
Particle (13):: Fit: 0.000111314	PB: 0.000111314	LB: 0.12472	GB: 0.12472	Cor: 0	Pts: 80196
Particle (16):: Fit: 0.000108034	PB: 0.000108034	LB: 0.12472	GB: 0.12472	Cor: 0	Pts: 55196
Particle (19):: Fit: 0.000104755	PB: 0.000104755	LB: 0.12472	GB: 0.12472	Cor: 0	Pts: 65196
Particle (22):: Fit: 0.000105164	PB: 0.000105164	LB: 0.12472	GB: 0.12472	Cor: 0	Pts: 55296
Particle (25):: Fit: 0.00114166	PB: 0.00114166	LB: 0.00118501	GB: 0.12472	Cor: 0	Pts: 155296
Particle (26):: Fit: 0.000108034	PB: 0.000108034	LB: 0.00118501	GB: 0.12472	Cor: 0	Pts: 55296
Particle (27):: Fit: 0.000100659	PB: 0.000100659	LB: 0.00122991	GB: 0.12472	Cor: 0	Pts: 55296
Particle (28):: Fit: 0.00107683	PB: 0.00107683	LB: 0.00122991	GB: 0.12472	Cor: 0	Pts: 65296
Particle (29):: Fit: 0.000117061	PB: 0.000117061	LB: 0.00122991	GB: 0.12472	Cor: 0	Pts: 55296
Particle (33):: Fit: 0.000109675	PB: 0.000109675	LB: 0.117224	GB: 0.12472	Cor: 0	Pts: 55196
Particle (39):: Fit: 0.000107631	PB: 0.000107631	LB: 0.117224	GB: 0.12472	Cor: 0	Pts: 55196
Particle (44):: Fit: 0.000109264	PB: 0.000109264	LB: 0.00110892	GB: 0.12472	Cor: 0	Pts: 50296
Particle (47):: Fit: 0.00117777	PB: 0.00117777	LB: 0.00117777	GB: 0.12472	Cor: 0	Pts: 160296
Particle (0):: Fit: 0.000113364	PB: 0.000113364	LB: 0.00117777	GB: 0.12472	Cor: 0	Pts: 110195
Particle (6):: Fit: 0.000108034	PB: 0.000108034	LB: 0.00110919	GB: 0.12472	Cor: 0	Pts: 65295
Particle (9):: Fit: 0.000108446	PB: 0.000108446	LB: 0.00110919	GB: 0.12472	Cor: 0	Pts: 55295
Particle (11):: Fit: 0.000106394	PB: 0.000106394	LB: 0.00110919	GB: 0.12472	Cor: 0	Pts: 55295
Particle (18):: Fit: 0.127868	PB: 0.127868	LB: 0.127868	GB: 0.127868	Cor: 0.608	Pts: 175395
Particle (21):: Fit: 0.00112878	PB: 0.00112878	LB: 0.127868	GB: 0.127868	Cor: 0.608	Pts: 160295
Particle (39):: Fit: 0.00106822	PB: 0.00106822	LB: 0.117224	GB: 0.127868	Cor: 0.608	Pts: 55295
Particle (46):: Fit: 0.0110301	PB: 0.0110301	LB: 0.0110301	GB: 0.127868	Cor: 0.608	Pts: 90295
Particle (48):: Fit: 0.000100249	PB: 0.000100249	LB: 0.0110301	GB: 0.127868	Cor: 0.608	Pts: 50195
Global: 0.127868 - Correct: 60.8% of 500 tests
Global Best: 
  Inner Net 1
  -- 1 : 1 = 0.1561
  -- 1 : 2 = 0.914
  -- 1 : 3 = 0.6321
  -- 1 : 4 = 0.0209
  -- 1 : 5 = 0.862
  -- 2 : 1 = 0.169
  -- 2 : 2 = 0.837
  -- 2 : 3 = 0.8481
  -- 2 : 4 = 0.4449
  -- 2 : 5 = 0.3141
  -- 3 : 1 = 0.1616
  -- 3 : 2 = 0.2528
  -- 3 : 3 = 0.507
  -- 3 : 4 = 0.0216
  -- 3 : 5 = 0.6396
  -- 4 : 1 = 0.2967
  -- 4 : 2 = 0.9938
  -- 4 : 3 = 0.0833
  -- 4 : 4 = 0.5233
  -- 4 : 5 = 0.8554
  -- 5 : 1 = 0.7616
  -- 5 : 2 = 0.3513
  -- 5 : 3 = 0.0338
  -- 5 : 4 = 0.7582
  -- 5 : 5 = 0.9744
  -- 6 : 1 = 0.1705
  -- 6 : 2 = 0.8627
  -- 6 : 3 = 0.0327
  -- 6 : 4 = 0.7106
  -- 6 : 5 = 0.7535
  Inner Net 2
  -- 1 : 1 = 0.194331
  -- 1 : 2 = -0.231244
  -- 2 : 1 = -0.486362
  -- 2 : 2 = -0.346271
  -- 3 : 1 = -0.382936
  -- 3 : 2 = -0.141605
  -- 4 : 1 = -0.528658
  -- 4 : 2 = -0.191891
  -- 5 : 1 = -0.255188
  -- 5 : 2 = -0.0274533
Out\Act	False		True
False	0.78296	0.0590195	0.84198
True	0.115183	0.0428367	0.15802
	0.898144	0.101856
	Accuracy [ (tp + tn) / testSize ]: 0.825797
	Precision [ tp / (tp + fp) ]:      0.418605
	Sensitivity [ tp / (tp + fn) ]:    0.27027
	Specificity [ tn / (tn + fp) ]:    0.929379
	F-Score [ 2tp / (2tp + fp + fn) ]: 0.329068
Particle (4):: Fit: 0.000105164	PB: 0.000105164	LB: 0.00110919	GB: 0.127868	Cor: 0	Pts: 55494
Particle (10):: Fit: 0.000111316	PB: 0.000111316	LB: 0.00110919	GB: 0.127868	Cor: 0	Pts: 65193
Particle (35):: Fit: 0.00110154	PB: 0.00110154	LB: 0.117224	GB: 0.127868	Cor: 0	Pts: 60294
Particle (37):: Fit: 0.000108854	PB: 0.000108854	LB: 0.117224	GB: 0.127868	Cor: 0	Pts: 70194
Particle (40):: Fit: 0.00110574	PB: 0.00110574	LB: 0.117224	GB: 0.127868	Cor: 0	Pts: 60294
Particle (43):: Fit: 0.00112139	PB: 0.00112139	LB: 0.0110301	GB: 0.127868	Cor: 0	Pts: 75294
Particle (3):: Fit: 0.00105663	PB: 0.00105663	LB: 0.00110919	GB: 0.127868	Cor: 0	Pts: 65293
Particle (4):: Fit: 0.000119104	PB: 0.000119104	LB: 0.00110919	GB: 0.127868	Cor: 0	Pts: 55593
Particle (8):: Fit: 0.00011015	PB: 0.00011015	LB: 0.00110919	GB: 0.127868	Cor: 0	Pts: 55193
Particle (19):: Fit: 0.000108034	PB: 0.000108034	LB: 0.127868	GB: 0.127868	Cor: 0	Pts: 65293
Particle (20):: Fit: 0.000112134	PB: 0.000112134	LB: 0.127868	GB: 0.127868	Cor: 0	Pts: 55393
Particle (28):: Fit: 0.00110155	PB: 0.00110155	LB: 0.00122991	GB: 0.127868	Cor: 0	Pts: 65393
Particle (36):: Fit: 0.000109265	PB: 0.000109265	LB: 0.117224	GB: 0.127868	Cor: 0	Pts: 55393
Particle (39):: Fit: 0.00108828	PB: 0.00108828	LB: 0.117224	GB: 0.127868	Cor: 0	Pts: 55393
Particle (42):: Fit: 0.000106401	PB: 0.000106401	LB: 0.117224	GB: 0.127868	Cor: 0	Pts: 55190
Particle (48):: Fit: 0.000104754	PB: 0.000104754	LB: 0.0110301	GB: 0.127868	Cor: 0	Pts: 50293
Particle (7):: Fit: 0.00111734	PB: 0.00111734	LB: 0.00111734	GB: 0.127868	Cor: 0	Pts: 210292
Particle (14):: Fit: 0.00102397	PB: 0.00102397	LB: 0.127868	GB: 0.127868	Cor: 0	Pts: 75292
Particle (27):: Fit: 0.000100661	PB: 0.000100661	LB: 0.00122991	GB: 0.127868	Cor: 0	Pts: 55392
Particle (33):: Fit: 0.000978726	PB: 0.000978726	LB: 0.117224	GB: 0.127868	Cor: 0	Pts: 55292
Particle (36):: Fit: 0.000110146	PB: 0.000110146	LB: 0.117224	GB: 0.127868	Cor: 0	Pts: 55492
Particle (37):: Fit: 0.000112954	PB: 0.000112954	LB: 0.117224	GB: 0.127868	Cor: 0	Pts: 70292
Particle (39):: Fit: 0.00110928	PB: 0.00110928	LB: 0.117224	GB: 0.127868	Cor: 0	Pts: 55492
Particle (48):: Fit: 0.000105167	PB: 0.000105167	LB: 0.0110301	GB: 0.127868	Cor: 0	Pts: 50392
Particle (7):: Fit: 0.00112131	PB: 0.00112131	LB: 0.00112131	GB: 0.127868	Cor: 0	Pts: 260391
Particle (12):: Fit: 0.000108854	PB: 0.000108854	LB: 0.00102397	GB: 0.127868	Cor: 0	Pts: 55391
Particle (15):: Fit: 0.000112134	PB: 0.000112134	LB: 0.127868	GB: 0.127868	Cor: 0	Pts: 85191
Particle (18):: Fit: 0.128401	PB: 0.128401	LB: 0.128401	GB: 0.128401	Cor: 0.604	Pts: 235491
Particle (19):: Fit: 0.00113835	PB: 0.00113835	LB: 0.128401	GB: 0.128401	Cor: 0.604	Pts: 65391
Particle (28):: Fit: 0.00110969	PB: 0.00110969	LB: 0.00122991	GB: 0.128401	Cor: 0.604	Pts: 65491
Particle (41):: Fit: 0.000108444	PB: 0.000108444	LB: 0.117224	GB: 0.128401	Cor: 0.604	Pts: 65191
Particle (48):: Fit: 0.000109713	PB: 0.000109713	LB: 0.0110301	GB: 0.128401	Cor: 0.604	Pts: 50491
Global: 0.128401 - Correct: 60.4% of 500 tests
Global Best: 
  Inner Net 1
  -- 1 : 1 = 0.1561
  -- 1 : 2 = 0.914
  -- 1 : 3 = 0.6321
  -- 1 : 4 = 0.0209
  -- 1 : 5 = 0.862
  -- 2 : 1 = 0.169
  -- 2 : 2 = 0.837
  -- 2 : 3 = 0.8481
  -- 2 : 4 = 0.4449
  -- 2 : 5 = 0.3141
  -- 3 : 1 = 0.1616
  -- 3 : 2 = 0.2528
  -- 3 : 3 = 0.507
  -- 3 : 4 = 0.0216
  -- 3 : 5 = 0.6396
  -- 4 : 1 = 0.2967
  -- 4 : 2 = 0.9938
  -- 4 : 3 = 0.0833
  -- 4 : 4 = 0.5233
  -- 4 : 5 = 0.8554
  -- 5 : 1 = 0.7616
  -- 5 : 2 = 0.3513
  -- 5 : 3 = 0.0338
  -- 5 : 4 = 0.7582
  -- 5 : 5 = 0.9744
  -- 6 : 1 = 0.1705
  -- 6 : 2 = 0.8627
  -- 6 : 3 = 0.0327
  -- 6 : 4 = 0.7106
  -- 6 : 5 = 0.7535
  Inner Net 2
  -- 1 : 1 = 0.185913
  -- 1 : 2 = -0.228768
  -- 2 : 1 = -0.455537
  -- 2 : 2 = -0.20609
  -- 3 : 1 = -0.24389
  -- 3 : 2 = -0.138608
  -- 4 : 1 = -0.528776
  -- 4 : 2 = -0.0756405
  -- 5 : 1 = -0.222846
  -- 5 : 2 = -0.0768528
Out\Act	False		True
False	0.783436	0.0585436	0.84198
True	0.115183	0.0428367	0.15802
	0.89862	0.10138
	Accuracy [ (tp + tn) / testSize ]: 0.826273
	Precision [ tp / (tp + fp) ]:      0.420561
	Sensitivity [ tp / (tp + fn) ]:    0.27027
	Specificity [ tn / (tn + fp) ]:    0.929944
	F-Score [ 2tp / (2tp + fp + fn) ]: 0.32967
Particle (5):: Fit: 0.000108444	PB: 0.000108444	LB: 0.00112131	GB: 0.128401	Cor: 0	Pts: 55390
Particle (11):: Fit: 0.000109264	PB: 0.000109264	LB: 0.00112131	GB: 0.128401	Cor: 0	Pts: 55390
Particle (19):: Fit: 0.00114237	PB: 0.00114237	LB: 0.128401	GB: 0.128401	Cor: 0	Pts: 70490
Particle (24):: Fit: 0.00101547	PB: 0.00101547	LB: 0.00114166	GB: 0.128401	Cor: 0	Pts: 55290
Particle (39):: Fit: 0.00112149	PB: 0.00112149	LB: 0.117224	GB: 0.128401	Cor: 0	Pts: 55589
Particle (47):: Fit: 0.121131	PB: 0.121131	LB: 0.121131	GB: 0.128401	Cor: 0	Pts: 210390
Particle (9):: Fit: 0.000913037	PB: 0.000913037	LB: 0.00112131	GB: 0.128401	Cor: 0	Pts: 55389
Particle (11):: Fit: 0.000111724	PB: 0.000111724	LB: 0.00112131	GB: 0.128401	Cor: 0	Pts: 55489
Particle (12):: Fit: 0.000112954	PB: 0.000112954	LB: 0.00102397	GB: 0.128401	Cor: 0	Pts: 55489
Particle (22):: Fit: 0.000106804	PB: 0.000106804	LB: 0.128401	GB: 0.128401	Cor: 0	Pts: 55389
Particle (39):: Fit: 0.00117509	PB: 0.00117509	LB: 0.117224	GB: 0.128401	Cor: 0	Pts: 55688
Particle (3):: Fit: 0.0011099	PB: 0.0011099	LB: 0.00112131	GB: 0.128401	Cor: 0	Pts: 65388
Particle (6):: Fit: 0.000119924	PB: 0.000119924	LB: 0.00112131	GB: 0.128401	Cor: 0	Pts: 65388
Particle (7):: Fit: 0.00113338	PB: 0.00113338	LB: 0.00113338	GB: 0.128401	Cor: 0	Pts: 310488
Particle (22):: Fit: 0.000110084	PB: 0.000110084	LB: 0.128401	GB: 0.128401	Cor: 0	Pts: 55488
Particle (23):: Fit: 0.000109264	PB: 0.000109264	LB: 0.00114237	GB: 0.128401	Cor: 0	Pts: 60288
Particle (30):: Fit: 0.123186	PB: 0.123186	LB: 0.123186	GB: 0.128401	Cor: 0	Pts: 130388
Particle (38):: Fit: 0.122274	PB: 0.122274	LB: 0.122274	GB: 0.128401	Cor: 0	Pts: 150188
Particle (45):: Fit: 0.000111321	PB: 0.000111321	LB: 0.121131	GB: 0.128401	Cor: 0	Pts: 50387
Particle (17):: Fit: 0.000111724	PB: 0.000111724	LB: 0.128401	GB: 0.128401	Cor: 0	Pts: 55286
Particle (36):: Fit: 0.000957948	PB: 0.000957948	LB: 0.122274	GB: 0.128401	Cor: 0	Pts: 55586
Particle (49):: Fit: 0.000109674	PB: 0.000109674	LB: 0.121131	GB: 0.128401	Cor: 0	Pts: 50186
Particle (5):: Fit: 0.000109674	PB: 0.000109674	LB: 0.00113338	GB: 0.128401	Cor: 0	Pts: 55485
Particle (8):: Fit: 0.00102367	PB: 0.00102367	LB: 0.00113338	GB: 0.128401	Cor: 0	Pts: 55285
Particle (32):: Fit: 0.00130414	PB: 0.00130414	LB: 0.123186	GB: 0.128401	Cor: 0	Pts: 140284
Particle (18):: Fit: 0.128987	PB: 0.128987	LB: 0.128987	GB: 0.128987	Cor: 0.604	Pts: 295583
Particle (36):: Fit: 0.00103589	PB: 0.00103589	LB: 0.122274	GB: 0.128987	Cor: 0.604	Pts: 55684
Particle (41):: Fit: 0.000114594	PB: 0.000114594	LB: 0.122274	GB: 0.128987	Cor: 0.604	Pts: 65284
Particle (44):: Fit: 0.000112544	PB: 0.000112544	LB: 0.121131	GB: 0.128987	Cor: 0.604	Pts: 50384
Global: 0.128987 - Correct: 60.4% of 500 tests
Global Best: 
  Inner Net 1
  -- 1 : 1 = 0.1561
  -- 1 : 2 = 0.914
  -- 1 : 3 = 0.6321
  -- 1 : 4 = 0.0209
  -- 1 : 5 = 0.862
  -- 2 : 1 = 0.169
  -- 2 : 2 = 0.837
  -- 2 : 3 = 0.8481
  -- 2 : 4 = 0.4449
  -- 2 : 5 = 0.3141
  -- 3 : 1 = 0.1616
  -- 3 : 2 = 0.2528
  -- 3 : 3 = 0.507
  -- 3 : 4 = 0.0216
  -- 3 : 5 = 0.6396
  -- 4 : 1 = 0.2967
  -- 4 : 2 = 0.9938
  -- 4 : 3 = 0.0833
  -- 4 : 4 = 0.5233
  -- 4 : 5 = 0.8554
  -- 5 : 1 = 0.7616
  -- 5 : 2 = 0.3513
  -- 5 : 3 = 0.0338
  -- 5 : 4 = 0.7582
  -- 5 : 5 = 0.9744
  -- 6 : 1 = 0.1705
  -- 6 : 2 = 0.8627
  -- 6 : 3 = 0.0327
  -- 6 : 4 = 0.7106
  -- 6 : 5 = 0.7535
  Inner Net 2
  -- 1 : 1 = 0.163067
  -- 1 : 2 = -0.368181
  -- 2 : 1 = -0.452687
  -- 2 : 2 = -0.325108
  -- 3 : 1 = -0.00655705
  -- 3 : 2 = -0.0762988
  -- 4 : 1 = -0.522871
  -- 4 : 2 = -0.119577
  -- 5 : 1 = 0.0523737
  -- 5 : 2 = -0.119245
Out\Act	False		True
False	0.782009	0.0599714	0.84198
True	0.115183	0.0428367	0.15802
	0.897192	0.102808
	Accuracy [ (tp + tn) / testSize ]: 0.824845
	Precision [ tp / (tp + fp) ]:      0.414747
	Sensitivity [ tp / (tp + fn) ]:    0.27027
	Specificity [ tn / (tn + fp) ]:    0.928249
	F-Score [ 2tp / (2tp + fp + fn) ]: 0.327869
Particle (25):: Fit: 0.00115448	PB: 0.00115448	LB: 0.123186	GB: 0.128987	Cor: 0	Pts: 165383
Particle (43):: Fit: 0.00114157	PB: 0.00114157	LB: 0.121131	GB: 0.128987	Cor: 0	Pts: 75382
Particle (7):: Fit: 0.00115798	PB: 0.00115798	LB: 0.00115798	GB: 0.128987	Cor: 0	Pts: 360581
Particle (16):: Fit: 0.000114594	PB: 0.000114594	LB: 0.128987	GB: 0.128987	Cor: 0	Pts: 55281
Particle (27):: Fit: 0.00010148	PB: 0.00010148	LB: 0.123186	GB: 0.128987	Cor: 0	Pts: 55479
Particle (22):: Fit: 0.000110494	PB: 0.000110494	LB: 0.128987	GB: 0.128987	Cor: 0	Pts: 55580
Particle (27):: Fit: 0.000106399	PB: 0.000106399	LB: 0.123186	GB: 0.128987	Cor: 0	Pts: 55578
Particle (24):: Fit: 0.0010933	PB: 0.0010933	LB: 0.00115448	GB: 0.128987	Cor: 0	Pts: 55379
Particle (28):: Fit: 0.00112597	PB: 0.00112597	LB: 0.123186	GB: 0.128987	Cor: 0	Pts: 65579
Particle (31):: Fit: 0.0010308	PB: 0.0010308	LB: 0.123186	GB: 0.128987	Cor: 0	Pts: 80179
Particle (14):: Fit: 0.00110165	PB: 0.00110165	LB: 0.128987	GB: 0.128987	Cor: 0	Pts: 80378
Particle (23):: Fit: 0.000110494	PB: 0.000110494	LB: 0.00115448	GB: 0.128987	Cor: 0	Pts: 60378
Particle (26):: Fit: 0.000108444	PB: 0.000108444	LB: 0.123186	GB: 0.128987	Cor: 0	Pts: 55378
Particle (31):: Fit: 0.00103526	PB: 0.00103526	LB: 0.123186	GB: 0.128987	Cor: 0	Pts: 80278
Particle (36):: Fit: 0.00105644	PB: 0.00105644	LB: 0.122274	GB: 0.128987	Cor: 0	Pts: 55778
Particle (1):: Fit: 0.00110946	PB: 0.00110946	LB: 0.121131	GB: 0.128987	Cor: 0	Pts: 105277
Particle (27):: Fit: 0.00010722	PB: 0.00010722	LB: 0.123186	GB: 0.128987	Cor: 0	Pts: 55675
Particle (49):: Fit: 0.000111314	PB: 0.000111314	LB: 0.121131	GB: 0.128987	Cor: 0	Pts: 50276
Particle (27):: Fit: 0.00102376	PB: 0.00102376	LB: 0.123186	GB: 0.128987	Cor: 0	Pts: 55774
Particle (33):: Fit: 0.00110572	PB: 0.00110572	LB: 0.123186	GB: 0.128987	Cor: 0	Pts: 55376
Particle (1):: Fit: 0.00111773	PB: 0.00111773	LB: 0.121131	GB: 0.128987	Cor: 0	Pts: 105375
Particle (24):: Fit: 0.00115076	PB: 0.00115076	LB: 0.00115448	GB: 0.128987	Cor: 0	Pts: 55474
Particle (27):: Fit: 0.00115944	PB: 0.00115944	LB: 0.123186	GB: 0.128987	Cor: 0	Pts: 65872
Particle (45):: Fit: 0.000112139	PB: 0.000112139	LB: 0.121131	GB: 0.128987	Cor: 0	Pts: 50474
Particle (47):: Fit: 0.123094	PB: 0.123094	LB: 0.123094	GB: 0.128987	Cor: 0	Pts: 260474
Particle (13):: Fit: 0.000112134	PB: 0.000112134	LB: 0.128987	GB: 0.128987	Cor: 0	Pts: 80273
Particle (42):: Fit: 0.000999191	PB: 0.000999191	LB: 0.123094	GB: 0.128987	Cor: 0	Pts: 55263
Particle (35):: Fit: 0.00110974	PB: 0.00110974	LB: 0.122274	GB: 0.128987	Cor: 0	Pts: 60371
Particle (36):: Fit: 0.00106054	PB: 0.00106054	LB: 0.122274	GB: 0.128987	Cor: 0	Pts: 55871
Particle (8):: Fit: 0.00106467	PB: 0.00106467	LB: 0.00115798	GB: 0.128987	Cor: 0	Pts: 55370
Particle (35):: Fit: 0.00111387	PB: 0.00111387	LB: 0.122274	GB: 0.128987	Cor: 0	Pts: 60470
Particle (20):: Fit: 0.000112141	PB: 0.000112141	LB: 0.128987	GB: 0.128987	Cor: 0	Pts: 55469
Particle (26):: Fit: 0.000110494	PB: 0.000110494	LB: 0.123186	GB: 0.128987	Cor: 0	Pts: 55469
Particle (15):: Fit: 0.000117065	PB: 0.000117065	LB: 0.128987	GB: 0.128987	Cor: 0	Pts: 85268
Particle (42):: Fit: 0.00100326	PB: 0.00100326	LB: 0.123094	GB: 0.128987	Cor: 0	Pts: 55357
Particle (9):: Fit: 0.000949935	PB: 0.000949935	LB: 0.00115798	GB: 0.128987	Cor: 0	Pts: 55467
Particle (42):: Fit: 0.00101969	PB: 0.00101969	LB: 0.123094	GB: 0.128987	Cor: 0	Pts: 55456
Particle (31):: Fit: 0.00104752	PB: 0.00104752	LB: 0.123186	GB: 0.128987	Cor: 0	Pts: 80366
Particle (22):: Fit: 0.000112544	PB: 0.000112544	LB: 0.128987	GB: 0.128987	Cor: 0	Pts: 55664
Particle (31):: Fit: 0.00106401	PB: 0.00106401	LB: 0.123186	GB: 0.128987	Cor: 0	Pts: 80464
Particle (17):: Fit: 0.000118694	PB: 0.000118694	LB: 0.128987	GB: 0.128987	Cor: 0	Pts: 55363
Particle (21):: Fit: 0.00113319	PB: 0.00113319	LB: 0.128987	GB: 0.128987	Cor: 0	Pts: 160363
Particle (41):: Fit: 0.00105242	PB: 0.00105242	LB: 0.122274	GB: 0.128987	Cor: 0	Pts: 65363
Particle (18):: Fit: 0.130641	PB: 0.130641	LB: 0.130641	GB: 0.130641	Cor: 0.632	Pts: 355661
Particle (45):: Fit: 0.00101168	PB: 0.00101168	LB: 0.123094	GB: 0.130641	Cor: 0.632	Pts: 50562
Particle (46):: Fit: 0.0112461	PB: 0.0112461	LB: 0.123094	GB: 0.130641	Cor: 0.632	Pts: 90360
Global: 0.130641 - Correct: 63.2% of 500 tests
Global Best: 
  Inner Net 1
  -- 1 : 1 = 0.1561
  -- 1 : 2 = 0.914
  -- 1 : 3 = 0.6321
  -- 1 : 4 = 0.0209
  -- 1 : 5 = 0.862
  -- 2 : 1 = 0.169
  -- 2 : 2 = 0.837
  -- 2 : 3 = 0.8481
  -- 2 : 4 = 0.4449
  -- 2 : 5 = 0.3141
  -- 3 : 1 = 0.1616
  -- 3 : 2 = 0.2528
  -- 3 : 3 = 0.507
  -- 3 : 4 = 0.0216
  -- 3 : 5 = 0.6396
  -- 4 : 1 = 0.2967
  -- 4 : 2 = 0.9938
  -- 4 : 3 = 0.0833
  -- 4 : 4 = 0.5233
  -- 4 : 5 = 0.8554
  -- 5 : 1 = 0.7616
  -- 5 : 2 = 0.3513
  -- 5 : 3 = 0.0338
  -- 5 : 4 = 0.7582
  -- 5 : 5 = 0.9744
  -- 6 : 1 = 0.1705
  -- 6 : 2 = 0.8627
  -- 6 : 3 = 0.0327
  -- 6 : 4 = 0.7106
  -- 6 : 5 = 0.7535
  Inner Net 2
  -- 1 : 1 = 0.236558
  -- 1 : 2 = -0.643589
  -- 2 : 1 = -0.455688
  -- 2 : 2 = 0.0733806
  -- 3 : 1 = -0.185506
  -- 3 : 2 = 0.269406
  -- 4 : 1 = -0.279263
  -- 4 : 2 = -0.0270422
  -- 5 : 1 = 0.198426
  -- 5 : 2 = -0.136012
Out\Act	False		True
False	0.781533	0.0604474	0.84198
True	0.114707	0.0433127	0.15802
	0.89624	0.10376
	Accuracy [ (tp + tn) / testSize ]: 0.824845
	Precision [ tp / (tp + fp) ]:      0.415525
	Sensitivity [ tp / (tp + fn) ]:    0.273273
	Specificity [ tn / (tn + fp) ]:    0.927684
	F-Score [ 2tp / (2tp + fp + fn) ]: 0.330309
Particle (23):: Fit: 0.000110904	PB: 0.000110904	LB: 0.00115944	GB: 0.130641	Cor: 0	Pts: 60461
Particle (25):: Fit: 0.0011702	PB: 0.0011702	LB: 0.123186	GB: 0.130641	Cor: 0	Pts: 175461
Particle (44):: Fit: 0.000117874	PB: 0.000117874	LB: 0.123094	GB: 0.130641	Cor: 0	Pts: 50461
Particle (31):: Fit: 0.00108456	PB: 0.00108456	LB: 0.123186	GB: 0.130641	Cor: 0	Pts: 80560
Particle (48):: Fit: 0.00101552	PB: 0.00101552	LB: 0.123094	GB: 0.130641	Cor: 0	Pts: 50559
Particle (23):: Fit: 0.000111314	PB: 0.000111314	LB: 0.0011702	GB: 0.130641	Cor: 0	Pts: 60558
Particle (42):: Fit: 0.00113452	PB: 0.00113452	LB: 0.123094	GB: 0.130641	Cor: 0	Pts: 55546
Particle (48):: Fit: 0.00109755	PB: 0.00109755	LB: 0.123094	GB: 0.130641	Cor: 0	Pts: 50658
Particle (36):: Fit: 0.00106474	PB: 0.00106474	LB: 0.122274	GB: 0.130641	Cor: 0	Pts: 55956
Particle (26):: Fit: 0.000111724	PB: 0.000111724	LB: 0.123186	GB: 0.130641	Cor: 0	Pts: 55554
Particle (5):: Fit: 0.000112544	PB: 0.000112544	LB: 0.00115798	GB: 0.130641	Cor: 0	Pts: 55553
Particle (15):: Fit: 0.000954035	PB: 0.000954035	LB: 0.130641	GB: 0.130641	Cor: 0	Pts: 85350
Particle (10):: Fit: 0.000116168	PB: 0.000116168	LB: 0.00115798	GB: 0.130641	Cor: 0	Pts: 65243
Particle (35):: Fit: 0.00112627	PB: 0.00112627	LB: 0.122274	GB: 0.130641	Cor: 0	Pts: 60549
Particle (7):: Fit: 0.00122801	PB: 0.00122801	LB: 0.00122801	GB: 0.130641	Cor: 0	Pts: 410648
Particle (8):: Fit: 0.0010688	PB: 0.0010688	LB: 0.00122801	GB: 0.130641	Cor: 0	Pts: 55448
Particle (18):: Fit: 0.130802	PB: 0.130802	LB: 0.130802	GB: 0.130802	Cor: 0.602	Pts: 415745
Particle (23):: Fit: 0.000118694	PB: 0.000118694	LB: 0.0011702	GB: 0.130802	Cor: 0.602	Pts: 60648
Global: 0.130802 - Correct: 60.2% of 500 tests
Global Best: 
  Inner Net 1
  -- 1 : 1 = 0.1561
  -- 1 : 2 = 0.914
  -- 1 : 3 = 0.6321
  -- 1 : 4 = 0.0209
  -- 1 : 5 = 0.862
  -- 2 : 1 = 0.169
  -- 2 : 2 = 0.837
  -- 2 : 3 = 0.8481
  -- 2 : 4 = 0.4449
  -- 2 : 5 = 0.3141
  -- 3 : 1 = 0.1616
  -- 3 : 2 = 0.2528
  -- 3 : 3 = 0.507
  -- 3 : 4 = 0.0216
  -- 3 : 5 = 0.6396
  -- 4 : 1 = 0.2967
  -- 4 : 2 = 0.9938
  -- 4 : 3 = 0.0833
  -- 4 : 4 = 0.5233
  -- 4 : 5 = 0.8554
  -- 5 : 1 = 0.7616
  -- 5 : 2 = 0.3513
  -- 5 : 3 = 0.0338
  -- 5 : 4 = 0.7582
  -- 5 : 5 = 0.9744
  -- 6 : 1 = 0.1705
  -- 6 : 2 = 0.8627
  -- 6 : 3 = 0.0327
  -- 6 : 4 = 0.7106
  -- 6 : 5 = 0.7535
  Inner Net 2
  -- 1 : 1 = 0.207265
  -- 1 : 2 = -0.460135
  -- 2 : 1 = -0.404706
  -- 2 : 2 = 0.208736
  -- 3 : 1 = 0.0401884
  -- 3 : 2 = 0.495253
  -- 4 : 1 = -0.41425
  -- 4 : 2 = 0.126847
  -- 5 : 1 = 0.17586
  -- 5 : 2 = -0.27593
Out\Act	False		True
False	0.782009	0.0599714	0.84198
True	0.114707	0.0433127	0.15802
	0.896716	0.103284
	Accuracy [ (tp + tn) / testSize ]: 0.825321
	Precision [ tp / (tp + fp) ]:      0.417431
	Sensitivity [ tp / (tp + fn) ]:    0.273273
	Specificity [ tn / (tn + fp) ]:    0.928249
	F-Score [ 2tp / (2tp + fp + fn) ]: 0.330909
Particle (16):: Fit: 0.000982737	PB: 0.000982737	LB: 0.130802	GB: 0.130802	Cor: 0	Pts: 55347
Particle (9):: Fit: 0.00110165	PB: 0.00110165	LB: 0.00122801	GB: 0.130802	Cor: 0	Pts: 60543
Particle (31):: Fit: 0.00109649	PB: 0.00109649	LB: 0.123186	GB: 0.130802	Cor: 0	Pts: 80641
Particle (33):: Fit: 0.00110983	PB: 0.00110983	LB: 0.123186	GB: 0.130802	Cor: 0	Pts: 55441
Particle (48):: Fit: 0.00110165	PB: 0.00110165	LB: 0.123094	GB: 0.130802	Cor: 0	Pts: 50741
Particle (3):: Fit: 0.00118364	PB: 0.00118364	LB: 0.00122801	GB: 0.130802	Cor: 0	Pts: 65435
Particle (19):: Fit: 0.00116722	PB: 0.00116722	LB: 0.130802	GB: 0.130802	Cor: 0	Pts: 70535
Particle (16):: Fit: 0.00106064	PB: 0.00106064	LB: 0.130802	GB: 0.130802	Cor: 0	Pts: 55433
Particle (1):: Fit: 0.00113403	PB: 0.00113403	LB: 0.123094	GB: 0.130802	Cor: 0	Pts: 105432
Particle (5):: Fit: 0.000117874	PB: 0.000117874	LB: 0.00122801	GB: 0.130802	Cor: 0	Pts: 55630
Particle (47):: Fit: 0.12351	PB: 0.12351	LB: 0.12351	GB: 0.130802	Cor: 0	Pts: 310523
Particle (8):: Fit: 0.00109772	PB: 0.00109772	LB: 0.00122801	GB: 0.130802	Cor: 0	Pts: 55522
Particle (31):: Fit: 0.00110501	PB: 0.00110501	LB: 0.123186	GB: 0.130802	Cor: 0	Pts: 80720
Particle (32):: Fit: 0.128071	PB: 0.128071	LB: 0.128071	GB: 0.130802	Cor: 0	Pts: 190315
Particle (11):: Fit: 0.000119514	PB: 0.000119514	LB: 0.00122801	GB: 0.130802	Cor: 0	Pts: 55514
Particle (13):: Fit: 0.000119514	PB: 0.000119514	LB: 0.130802	GB: 0.130802	Cor: 0	Pts: 80310
Particle (15):: Fit: 0.00100324	PB: 0.00100324	LB: 0.130802	GB: 0.130802	Cor: 0	Pts: 85409
Particle (18):: Fit: 0.131642	PB: 0.131642	LB: 0.131642	GB: 0.131642	Cor: 0.63	Pts: 475805
Particle (47):: Fit: 0.125986	PB: 0.125986	LB: 0.125986	GB: 0.131642	Cor: 0.63	Pts: 360609
Global: 0.131642 - Correct: 63% of 500 tests
Global Best: 
  Inner Net 1
  -- 1 : 1 = 0.1561
  -- 1 : 2 = 0.914
  -- 1 : 3 = 0.6321
  -- 1 : 4 = 0.0209
  -- 1 : 5 = 0.862
  -- 2 : 1 = 0.169
  -- 2 : 2 = 0.837
  -- 2 : 3 = 0.8481
  -- 2 : 4 = 0.4449
  -- 2 : 5 = 0.3141
  -- 3 : 1 = 0.1616
  -- 3 : 2 = 0.2528
  -- 3 : 3 = 0.507
  -- 3 : 4 = 0.0216
  -- 3 : 5 = 0.6396
  -- 4 : 1 = 0.2967
  -- 4 : 2 = 0.9938
  -- 4 : 3 = 0.0833
  -- 4 : 4 = 0.5233
  -- 4 : 5 = 0.8554
  -- 5 : 1 = 0.7616
  -- 5 : 2 = 0.3513
  -- 5 : 3 = 0.0338
  -- 5 : 4 = 0.7582
  -- 5 : 5 = 0.9744
  -- 6 : 1 = 0.1705
  -- 6 : 2 = 0.8627
  -- 6 : 3 = 0.0327
  -- 6 : 4 = 0.7106
  -- 6 : 5 = 0.7535
  Inner Net 2
  -- 1 : 1 = 0.208322
  -- 1 : 2 = -0.311999
  -- 2 : 1 = -0.400258
  -- 2 : 2 = 0.364208
  -- 3 : 1 = -0.304316
  -- 3 : 2 = 0.405918
  -- 4 : 1 = -0.419191
  -- 4 : 2 = 0.30233
  -- 5 : 1 = -0.203632
  -- 5 : 2 = 0.406536
Out\Act	False		True
False	0.782485	0.0594955	0.84198
True	0.115183	0.0428367	0.15802
	0.897668	0.102332
	Accuracy [ (tp + tn) / testSize ]: 0.825321
	Precision [ tp / (tp + fp) ]:      0.416667
	Sensitivity [ tp / (tp + fn) ]:    0.27027
	Specificity [ tn / (tn + fp) ]:    0.928814
	F-Score [ 2tp / (2tp + fp + fn) ]: 0.328467
Particle (32):: Fit: 0.131781	PB: 0.131781	LB: 0.131781	GB: 0.131781	Cor: 0.66	Pts: 250396
Global: 0.131781 - Correct: 66% of 500 tests
Global Best: 
  Inner Net 1
  -- 1 : 1 = 0.3021
  -- 1 : 2 = 0.724
  -- 1 : 3 = 0.0402
  -- 1 : 4 = 0.6419
  -- 1 : 5 = 0.0434
  -- 2 : 1 = 0.1156
  -- 2 : 2 = 0.1438
  -- 2 : 3 = 0.3534
  -- 2 : 4 = 0.3315
  -- 2 : 5 = 0.1927
  -- 3 : 1 = 0.1199
  -- 3 : 2 = 0.5825
  -- 3 : 3 = 0.1116
  -- 3 : 4 = 0.4001
  -- 3 : 5 = 0.6644
  -- 4 : 1 = 0.1723
  -- 4 : 2 = 0.1013
  -- 4 : 3 = 0.1001
  -- 4 : 4 = 0.1222
  -- 4 : 5 = 0.2786
  -- 5 : 1 = 0.7302
  -- 5 : 2 = 0.61
  -- 5 : 3 = 0.8521
  -- 5 : 4 = 0.4076
  -- 5 : 5 = 0.9694
  -- 6 : 1 = 0.5702
  -- 6 : 2 = 0.5711
  -- 6 : 3 = 0.9169
  -- 6 : 4 = 0.4918
  -- 6 : 5 = 0.1049
  Inner Net 2
  -- 1 : 1 = 0.0587585
  -- 1 : 2 = -0.806044
  -- 2 : 1 = -0.354779
  -- 2 : 2 = 0.250437
  -- 3 : 1 = -0.379407
  -- 3 : 2 = -0.0648928
  -- 4 : 1 = 0.104631
  -- 4 : 2 = -0.153154
  -- 5 : 1 = -0.301234
  -- 5 : 2 = 0.0567516
Out\Act	False		True
False	0.362208	0.479772	0.84198
True	0.0352213	0.122799	0.15802
	0.39743	0.60257
	Accuracy [ (tp + tn) / testSize ]: 0.485007
	Precision [ tp / (tp + fp) ]:      0.203631
	Sensitivity [ tp / (tp + fn) ]:    0.774775
	Specificity [ tn / (tn + fp) ]:    0.429944
	F-Score [ 2tp / (2tp + fp + fn) ]: 0.322702
Particle (34):: Fit: 0.00116304	PB: 0.00116304	LB: 0.131781	GB: 0.131781	Cor: 0	Pts: 55300
Particle (46):: Fit: 0.111347	PB: 0.111347	LB: 0.125986	GB: 0.131781	Cor: 0	Pts: 90392
Particle (4):: Fit: 0.0010999	PB: 0.0010999	LB: 0.00122801	GB: 0.131781	Cor: 0	Pts: 55598
Particle (5):: Fit: 0.00128073	PB: 0.00128073	LB: 0.00128073	GB: 0.131781	Cor: 0	Pts: 95698
Particle (13):: Fit: 0.00108951	PB: 0.00108951	LB: 0.131642	GB: 0.131781	Cor: 0	Pts: 80398
Particle (29):: Fit: 0.00101892	PB: 0.00101892	LB: 0.131781	GB: 0.131781	Cor: 0	Pts: 55298
Particle (31):: Fit: 0.0104712	PB: 0.0104712	LB: 0.131781	GB: 0.131781	Cor: 0	Pts: 80798
Particle (37):: Fit: 0.00106438	PB: 0.00106438	LB: 0.122274	GB: 0.131781	Cor: 0	Pts: 70298
Particle (42):: Fit: 0.00115318	PB: 0.00115318	LB: 0.125986	GB: 0.131781	Cor: 0	Pts: 55568
Particle (43):: Fit: 0.00117697	PB: 0.00117697	LB: 0.125986	GB: 0.131781	Cor: 0	Pts: 75398
Particle (12):: Fit: 0.0010072	PB: 0.0010072	LB: 0.00110165	GB: 0.131781	Cor: 0	Pts: 55497
Particle (17):: Fit: 0.00106241	PB: 0.00106241	LB: 0.131642	GB: 0.131781	Cor: 0	Pts: 55397
Particle (22):: Fit: 0.0104692	PB: 0.0104692	LB: 0.131642	GB: 0.131781	Cor: 0	Pts: 65697
Particle (29):: Fit: 0.127332	PB: 0.127332	LB: 0.131781	GB: 0.131781	Cor: 0	Pts: 70397
Particle (34):: Fit: 0.0113521	PB: 0.0113521	LB: 0.131781	GB: 0.131781	Cor: 0	Pts: 55397
Particle (37):: Fit: 0.00115207	PB: 0.00115207	LB: 0.122274	GB: 0.131781	Cor: 0	Pts: 70397
Particle (40):: Fit: 0.121928	PB: 0.121928	LB: 0.122274	GB: 0.131781	Cor: 0	Pts: 60297
Particle (49):: Fit: 0.0106947	PB: 0.0106947	LB: 0.125986	GB: 0.131781	Cor: 0	Pts: 60296
Particle (4):: Fit: 0.0110145	PB: 0.0110145	LB: 0.0110145	GB: 0.131781	Cor: 0	Pts: 90696
Particle (12):: Fit: 0.00108876	PB: 0.00108876	LB: 0.00110165	GB: 0.131781	Cor: 0	Pts: 55596
Particle (22):: Fit: 0.122171	PB: 0.122171	LB: 0.131642	GB: 0.131781	Cor: 0	Pts: 70796
Particle (27):: Fit: 0.00121769	PB: 0.00121769	LB: 0.131781	GB: 0.131781	Cor: 0	Pts: 65889
Particle (4):: Fit: 0.130089	PB: 0.130089	LB: 0.130089	GB: 0.131781	Cor: 0	Pts: 140795
Particle (13):: Fit: 0.00121082	PB: 0.00121082	LB: 0.131642	GB: 0.131781	Cor: 0	Pts: 85495
Particle (19):: Fit: 0.00121104	PB: 0.00121104	LB: 0.131642	GB: 0.131781	Cor: 0	Pts: 70595
Particle (23):: Fit: 0.000929512	PB: 0.000929512	LB: 0.122171	GB: 0.131781	Cor: 0	Pts: 60695
Particle (39):: Fit: 0.00118968	PB: 0.00118968	LB: 0.122274	GB: 0.131781	Cor: 0	Pts: 55671
Particle (44):: Fit: 0.00125967	PB: 0.00125967	LB: 0.125986	GB: 0.131781	Cor: 0	Pts: 50495
Particle (2):: Fit: 0.00101963	PB: 0.00101963	LB: 0.130089	GB: 0.131781	Cor: 0	Pts: 60185
Particle (11):: Fit: 0.00109126	PB: 0.00109126	LB: 0.00122801	GB: 0.131781	Cor: 0	Pts: 55593
Particle (12):: Fit: 0.00120658	PB: 0.00120658	LB: 0.00121082	GB: 0.131781	Cor: 0	Pts: 55694
Particle (17):: Fit: 0.00113487	PB: 0.00113487	LB: 0.131642	GB: 0.131781	Cor: 0	Pts: 55494
Particle (22):: Fit: 0.123068	PB: 0.123068	LB: 0.131642	GB: 0.131781	Cor: 0	Pts: 75894
Particle (25):: Fit: 0.11603	PB: 0.11603	LB: 0.127332	GB: 0.131781	Cor: 0	Pts: 175494
Particle (27):: Fit: 0.0104294	PB: 0.0104294	LB: 0.131781	GB: 0.131781	Cor: 0	Pts: 65987
Particle (35):: Fit: 0.0118402	PB: 0.0118402	LB: 0.131781	GB: 0.131781	Cor: 0	Pts: 60594
Particle (37):: Fit: 0.123807	PB: 0.123807	LB: 0.123807	GB: 0.131781	Cor: 0	Pts: 95494
Particle (12):: Fit: 0.121325	PB: 0.121325	LB: 0.121325	GB: 0.131781	Cor: 0	Pts: 75793
Particle (14):: Fit: 0.00116053	PB: 0.00116053	LB: 0.131642	GB: 0.131781	Cor: 0	Pts: 80393
Particle (19):: Fit: 0.13473	PB: 0.13473	LB: 0.13473	GB: 0.13473	Cor: 0.652	Pts: 130693
Particle (41):: Fit: 0.112196	PB: 0.112196	LB: 0.123807	GB: 0.13473	Cor: 0.652	Pts: 65393
Particle (48):: Fit: 0.01103	PB: 0.01103	LB: 0.125986	GB: 0.13473	Cor: 0.652	Pts: 50792
Global: 0.13473 - Correct: 65.2% of 500 tests
Global Best: 
  Inner Net 1
  -- 1 : 1 = 0.375988
  -- 1 : 2 = 0.124597
  -- 1 : 3 = 0.315652
  -- 1 : 4 = -0.322505
  -- 1 : 5 = -0.0178087
  -- 2 : 1 = 0.481064
  -- 2 : 2 = 0.0431124
  -- 2 : 3 = 0.316765
  -- 2 : 4 = 0.222108
  -- 2 : 5 = 0.0928897
  -- 3 : 1 = 0.149959
  -- 3 : 2 = 0.386655
  -- 3 : 3 = 0.0751847
  -- 3 : 4 = 0.0662205
  -- 3 : 5 = 0.0487679
  -- 4 : 1 = 0.173727
  -- 4 : 2 = 0.314038
  -- 4 : 3 = 0.403351
  -- 4 : 4 = 0.0032886
  -- 4 : 5 = -0.361144
  -- 5 : 1 = 0.869989
  -- 5 : 2 = 0.357878
  -- 5 : 3 = -0.163337
  -- 5 : 4 = 0.218041
  -- 5 : 5 = -0.18698
  -- 6 : 1 = 0.355722
  -- 6 : 2 = 0.46367
  -- 6 : 3 = 0.348483
  -- 6 : 4 = 0.191321
  -- 6 : 5 = -0.0450258
  Inner Net 2
  -- 1 : 1 = 0.745396
  -- 1 : 2 = 0.143689
  -- 2 : 1 = -0.192939
  -- 2 : 2 = 0.138916
  -- 3 : 1 = 0.0130322
  -- 3 : 2 = -0.363559
  -- 4 : 1 = -0.335815
  -- 4 : 2 = -0.0230781
  -- 5 : 1 = -0.110698
  -- 5 : 2 = -0.214902
Out\Act	False		True
False	0.695859	0.146121	0.84198
True	0.0847216	0.0732984	0.15802
	0.780581	0.219419
	Accuracy [ (tp + tn) / testSize ]: 0.769158
	Precision [ tp / (tp + fp) ]:      0.333333
	Sensitivity [ tp / (tp + fn) ]:    0.462462
	Specificity [ tn / (tn + fp) ]:    0.825989
	F-Score [ 2tp / (2tp + fp + fn) ]: 0.387909
Particle (0):: Fit: 0.0104713	PB: 0.0104713	LB: 0.130089	GB: 0.13473	Cor: 0	Pts: 110192
Particle (2):: Fit: 0.130002	PB: 0.130002	LB: 0.130089	GB: 0.13473	Cor: 0	Pts: 70283
Particle (10):: Fit: 0.00105233	PB: 0.00105233	LB: 0.121325	GB: 0.13473	Cor: 0	Pts: 65282
Particle (15):: Fit: 0.00105452	PB: 0.00105452	LB: 0.13473	GB: 0.13473	Cor: 0	Pts: 85492
Particle (24):: Fit: 0.0107709	PB: 0.0107709	LB: 0.127332	GB: 0.13473	Cor: 0	Pts: 55491
Particle (27):: Fit: 0.131446	PB: 0.131446	LB: 0.131781	GB: 0.13473	Cor: 0	Pts: 81085
Particle (29):: Fit: 0.132702	PB: 0.132702	LB: 0.132702	GB: 0.13473	Cor: 0	Pts: 120492
Particle (37):: Fit: 0.132843	PB: 0.132843	LB: 0.132843	GB: 0.13473	Cor: 0	Pts: 145592
Particle (3):: Fit: 0.0110298	PB: 0.0110298	LB: 0.130089	GB: 0.13473	Cor: 0	Pts: 65490
Particle (18):: Fit: 0.133455	PB: 0.133455	LB: 0.13473	GB: 0.13473	Cor: 0	Pts: 480887
Particle (21):: Fit: 0.112664	PB: 0.112664	LB: 0.13473	GB: 0.13473	Cor: 0	Pts: 160391
Particle (22):: Fit: 0.125719	PB: 0.125719	LB: 0.13473	GB: 0.13473	Cor: 0	Pts: 75991
Particle (26):: Fit: 0.000111733	PB: 0.000111733	LB: 0.132702	GB: 0.13473	Cor: 0	Pts: 55591
Particle (45):: Fit: 0.00110763	PB: 0.00110763	LB: 0.125986	GB: 0.13473	Cor: 0	Pts: 50590
Particle (1):: Fit: 0.111963	PB: 0.111963	LB: 0.130089	GB: 0.13473	Cor: 0	Pts: 105489
Particle (6):: Fit: 0.121425	PB: 0.121425	LB: 0.130089	GB: 0.13473	Cor: 0	Pts: 75390
Particle (10):: Fit: 0.00107747	PB: 0.00107747	LB: 0.121425	GB: 0.13473	Cor: 0	Pts: 65380
Particle (11):: Fit: 0.0111101	PB: 0.0111101	LB: 0.121325	GB: 0.13473	Cor: 0	Pts: 55689
Particle (28):: Fit: 0.0104289	PB: 0.0104289	LB: 0.132702	GB: 0.13473	Cor: 0	Pts: 65590
Particle (44):: Fit: 0.130771	PB: 0.130771	LB: 0.130771	GB: 0.13473	Cor: 0	Pts: 85590
Particle (45):: Fit: 0.125978	PB: 0.125978	LB: 0.130771	GB: 0.13473	Cor: 0	Pts: 50689
Particle (49):: Fit: 0.0118108	PB: 0.0118108	LB: 0.130089	GB: 0.13473	Cor: 0	Pts: 60389
Particle (0):: Fit: 0.116021	PB: 0.116021	LB: 0.130089	GB: 0.13473	Cor: 0	Pts: 110289
Particle (11):: Fit: 0.0111935	PB: 0.0111935	LB: 0.121325	GB: 0.13473	Cor: 0	Pts: 55788
Particle (39):: Fit: 0.12153	PB: 0.12153	LB: 0.132843	GB: 0.13473	Cor: 0	Pts: 55765
Particle (9):: Fit: 0.113892	PB: 0.113892	LB: 0.121425	GB: 0.13473	Cor: 0	Pts: 60588
Particle (15):: Fit: 0.0011469	PB: 0.0011469	LB: 0.13473	GB: 0.13473	Cor: 0	Pts: 85588
Particle (26):: Fit: 0.00114826	PB: 0.00114826	LB: 0.132702	GB: 0.13473	Cor: 0	Pts: 55688
Particle (41):: Fit: 0.131041	PB: 0.131041	LB: 0.132843	GB: 0.13473	Cor: 0	Pts: 85488
Particle (7):: Fit: 0.12274	PB: 0.12274	LB: 0.130089	GB: 0.13473	Cor: 0	Pts: 425687
Particle (16):: Fit: 0.00110817	PB: 0.00110817	LB: 0.13473	GB: 0.13473	Cor: 0	Pts: 55487
Particle (24):: Fit: 0.0113689	PB: 0.0113689	LB: 0.132702	GB: 0.13473	Cor: 0	Pts: 55586
Particle (33):: Fit: 0.00114235	PB: 0.00114235	LB: 0.132843	GB: 0.13473	Cor: 0	Pts: 55486
Particle (40):: Fit: 0.128032	PB: 0.128032	LB: 0.132843	GB: 0.13473	Cor: 0	Pts: 60387
Particle (3):: Fit: 0.114082	PB: 0.114082	LB: 0.130089	GB: 0.13473	Cor: 0	Pts: 65585
Particle (7):: Fit: 0.127168	PB: 0.127168	LB: 0.130089	GB: 0.13473	Cor: 0	Pts: 440786
Particle (8):: Fit: 0.126977	PB: 0.126977	LB: 0.130089	GB: 0.13473	Cor: 0	Pts: 60586
Particle (10):: Fit: 0.010812	PB: 0.010812	LB: 0.127168	GB: 0.13473	Cor: 0	Pts: 65476
Particle (5):: Fit: 0.119859	PB: 0.119859	LB: 0.130089	GB: 0.13473	Cor: 0	Pts: 95785
Particle (23):: Fit: 0.00106887	PB: 0.00106887	LB: 0.13473	GB: 0.13473	Cor: 0	Pts: 60783
Particle (31):: Fit: 0.129584	PB: 0.129584	LB: 0.132702	GB: 0.13473	Cor: 0	Pts: 80885
Particle (48):: Fit: 0.121051	PB: 0.121051	LB: 0.130771	GB: 0.13473	Cor: 0	Pts: 50884
Particle (49):: Fit: 0.127043	PB: 0.127043	LB: 0.130089	GB: 0.13473	Cor: 0	Pts: 60484
Particle (3):: Fit: 0.125225	PB: 0.125225	LB: 0.130089	GB: 0.13473	Cor: 0	Pts: 65683
Particle (16):: Fit: 0.0108597	PB: 0.0108597	LB: 0.13473	GB: 0.13473	Cor: 0	Pts: 55584
Particle (17):: Fit: 0.127624	PB: 0.127624	LB: 0.13473	GB: 0.13473	Cor: 0	Pts: 60584
Particle (23):: Fit: 0.00114055	PB: 0.00114055	LB: 0.13473	GB: 0.13473	Cor: 0	Pts: 60882
Particle (14):: Fit: 0.0113135	PB: 0.0113135	LB: 0.13473	GB: 0.13473	Cor: 0	Pts: 80483
Particle (25):: Fit: 0.134571	PB: 0.134571	LB: 0.134571	GB: 0.13473	Cor: 0	Pts: 205583
Particle (10):: Fit: 0.124175	PB: 0.124175	LB: 0.127168	GB: 0.13473	Cor: 0	Pts: 65572
Particle (16):: Fit: 0.11658	PB: 0.11658	LB: 0.13473	GB: 0.13473	Cor: 0	Pts: 55682
Particle (3):: Fit: 0.135866	PB: 0.135866	LB: 0.135866	GB: 0.135866	Cor: 0.66	Pts: 125780
Particle (5):: Fit: 0.13705	PB: 0.13705	LB: 0.13705	GB: 0.13705	Cor: 0.666	Pts: 155881
Particle (13):: Fit: 0.122667	PB: 0.122667	LB: 0.133455	GB: 0.13705	Cor: 0.666	Pts: 85580
Particle (21):: Fit: 0.130573	PB: 0.130573	LB: 0.13473	GB: 0.13705	Cor: 0.666	Pts: 160480
Particle (26):: Fit: 0.00123766	PB: 0.00123766	LB: 0.134571	GB: 0.13705	Cor: 0.666	Pts: 55781
Particle (33):: Fit: 0.00114852	PB: 0.00114852	LB: 0.132843	GB: 0.13705	Cor: 0.666	Pts: 55580
Particle (36):: Fit: 0.00107563	PB: 0.00107563	LB: 0.132843	GB: 0.13705	Cor: 0.666	Pts: 55980
Global: 0.13705 - Correct: 66.6% of 500 tests
Global Best: 
  Inner Net 1
  -- 1 : 1 = 0.416373
  -- 1 : 2 = -0.262005
  -- 1 : 3 = -0.136469
  -- 1 : 4 = 0.0302423
  -- 1 : 5 = 0.373259
  -- 2 : 1 = 0.789378
  -- 2 : 2 = -0.0460373
  -- 2 : 3 = 0.254045
  -- 2 : 4 = 0.0932437
  -- 2 : 5 = -0.0956183
  -- 3 : 1 = 0.350015
  -- 3 : 2 = 0.391283
  -- 3 : 3 = 0.11625
  -- 3 : 4 = 0.403463
  -- 3 : 5 = 0.131164
  -- 4 : 1 = 0.731888
  -- 4 : 2 = 0.398399
  -- 4 : 3 = -0.0166197
  -- 4 : 4 = 0.152741
  -- 4 : 5 = -0.151881
  -- 5 : 1 = -0.25786
  -- 5 : 2 = 0.0555139
  -- 5 : 3 = 0.0130116
  -- 5 : 4 = 0.344974
  -- 5 : 5 = -0.108233
  -- 6 : 1 = 0.141236
  -- 6 : 2 = -0.114585
  -- 6 : 3 = -0.24949
  -- 6 : 4 = -0.30026
  -- 6 : 5 = 0.0344919
  Inner Net 2
  -- 1 : 1 = 0.272247
  -- 1 : 2 = 0.138296
  -- 2 : 1 = 0.314898
  -- 2 : 2 = 0.150595
  -- 3 : 1 = -0.321202
  -- 3 : 2 = -0.078938
  -- 4 : 1 = 0.0869341
  -- 4 : 2 = 0.111134
  -- 5 : 1 = 0.287707
  -- 5 : 2 = -0.688099
Out\Act	False		True
False	0.540695	0.301285	0.84198
True	0.0609234	0.0970966	0.15802
	0.601618	0.398382
	Accuracy [ (tp + tn) / testSize ]: 0.637792
	Precision [ tp / (tp + fp) ]:      0.243437
	Sensitivity [ tp / (tp + fn) ]:    0.612613
	Specificity [ tn / (tn + fp) ]:    0.641808
	F-Score [ 2tp / (2tp + fp + fn) ]: 0.348718
Particle (28):: Fit: 0.0111518	PB: 0.0111518	LB: 0.134571	GB: 0.13705	Cor: 0	Pts: 65680
Particle (48):: Fit: 0.131173	PB: 0.131173	LB: 0.135866	GB: 0.13705	Cor: 0	Pts: 75978
Particle (0):: Fit: 0.132972	PB: 0.132972	LB: 0.13705	GB: 0.13705	Cor: 0	Pts: 125378
Particle (14):: Fit: 0.116012	PB: 0.116012	LB: 0.13473	GB: 0.13705	Cor: 0	Pts: 80578
Particle (23):: Fit: 0.129606	PB: 0.129606	LB: 0.13473	GB: 0.13705	Cor: 0	Pts: 60976
Particle (43):: Fit: 0.0115032	PB: 0.0115032	LB: 0.131173	GB: 0.13705	Cor: 0	Pts: 75478
Particle (11):: Fit: 0.129295	PB: 0.129295	LB: 0.129295	GB: 0.13705	Cor: 0	Pts: 70875
Particle (15):: Fit: 0.119514	PB: 0.119514	LB: 0.13473	GB: 0.13705	Cor: 0	Pts: 85676
Particle (40):: Fit: 0.129118	PB: 0.129118	LB: 0.132843	GB: 0.13705	Cor: 0	Pts: 60476
Particle (34):: Fit: 0.121906	PB: 0.121906	LB: 0.132843	GB: 0.13705	Cor: 0	Pts: 55475
Particle (42):: Fit: 0.125617	PB: 0.125617	LB: 0.131041	GB: 0.13705	Cor: 0	Pts: 55643
Particle (10):: Fit: 0.132802	PB: 0.132802	LB: 0.132802	GB: 0.13705	Cor: 0	Pts: 80664
Particle (27):: Fit: 0.134445	PB: 0.134445	LB: 0.134571	GB: 0.13705	Cor: 0	Pts: 91167
Particle (33):: Fit: 0.0106613	PB: 0.0106613	LB: 0.132843	GB: 0.13705	Cor: 0	Pts: 55673
Particle (45):: Fit: 0.138394	PB: 0.138394	LB: 0.138394	GB: 0.138394	Cor: 0.672	Pts: 110773
Global: 0.138394 - Correct: 67.2% of 500 tests
Global Best: 
  Inner Net 1
  -- 1 : 1 = 0.206448
  -- 1 : 2 = -0.292455
  -- 1 : 3 = 0.0242754
  -- 1 : 4 = 0.0302044
  -- 1 : 5 = -0.20618
  -- 2 : 1 = -0.0432392
  -- 2 : 2 = 0.038675
  -- 2 : 3 = -0.0355963
  -- 2 : 4 = -0.0227672
  -- 2 : 5 = -0.134191
  -- 3 : 1 = -0.161257
  -- 3 : 2 = 0.0135474
  -- 3 : 3 = -0.0463505
  -- 3 : 4 = 0.318277
  -- 3 : 5 = 0.0378915
  -- 4 : 1 = 0.444386
  -- 4 : 2 = 0.698209
  -- 4 : 3 = 0.0478899
  -- 4 : 4 = -0.0615496
  -- 4 : 5 = 0.035727
  -- 5 : 1 = 0.453476
  -- 5 : 2 = 0.29115
  -- 5 : 3 = -0.0286972
  -- 5 : 4 = -0.00905021
  -- 5 : 5 = -0.316741
  -- 6 : 1 = 0.392616
  -- 6 : 2 = -0.0297283
  -- 6 : 3 = -0.303706
  -- 6 : 4 = 0.269265
  -- 6 : 5 = 0.00817762
  Inner Net 2
  -- 1 : 1 = -0.245456
  -- 1 : 2 = 0.0691589
  -- 2 : 1 = -0.0797275
  -- 2 : 2 = 0.19872
  -- 3 : 1 = 0.313769
  -- 3 : 2 = -0.0803411
  -- 4 : 1 = -0.354815
  -- 4 : 2 = 0.412471
  -- 5 : 1 = -0.00918055
  -- 5 : 2 = -0.254376
Out\Act	False		True
False	0.653974	0.188006	0.84198
True	0.0713946	0.0866254	0.15802
	0.725369	0.274631
	Accuracy [ (tp + tn) / testSize ]: 0.7406
	Precision [ tp / (tp + fp) ]:      0.314879
	Sensitivity [ tp / (tp + fn) ]:    0.546547
	Specificity [ tn / (tn + fp) ]:    0.776271
	F-Score [ 2tp / (2tp + fp + fn) ]: 0.4
Particle (20):: Fit: 0.00123945	PB: 0.00123945	LB: 0.13473	GB: 0.138394	Cor: 0	Pts: 55471
Particle (24):: Fit: 0.126425	PB: 0.126425	LB: 0.134571	GB: 0.138394	Cor: 0	Pts: 55671
Particle (28):: Fit: 0.121795	PB: 0.121795	LB: 0.134571	GB: 0.138394	Cor: 0	Pts: 65773
Particle (35):: Fit: 0.123058	PB: 0.123058	LB: 0.132843	GB: 0.138394	Cor: 0	Pts: 60672
Particle (13):: Fit: 0.128856	PB: 0.128856	LB: 0.133455	GB: 0.138394	Cor: 0	Pts: 85669
Particle (17):: Fit: 0.133626	PB: 0.133626	LB: 0.13473	GB: 0.138394	Cor: 0	Pts: 70671
Particle (36):: Fit: 0.011798	PB: 0.011798	LB: 0.132843	GB: 0.138394	Cor: 0	Pts: 56070
Particle (39):: Fit: 0.124824	PB: 0.124824	LB: 0.132843	GB: 0.138394	Cor: 0	Pts: 55846
Particle (42):: Fit: 0.127838	PB: 0.127838	LB: 0.138394	GB: 0.138394	Cor: 0	Pts: 55738
Particle (43):: Fit: 0.140329	PB: 0.140329	LB: 0.140329	GB: 0.140329	Cor: 0.682	Pts: 135571
Global: 0.140329 - Correct: 68.2% of 500 tests
Global Best: 
  Inner Net 1
  -- 1 : 1 = 0.145457
  -- 1 : 2 = 0.197123
  -- 1 : 3 = -0.154295
  -- 1 : 4 = 0.268698
  -- 1 : 5 = -0.112075
  -- 2 : 1 = 0.62651
  -- 2 : 2 = 0.0614195
  -- 2 : 3 = 0.125212
  -- 2 : 4 = -0.0284414
  -- 2 : 5 = -0.13982
  -- 3 : 1 = 0.0734211
  -- 3 : 2 = 0.151937
  -- 3 : 3 = 0.0250889
  -- 3 : 4 = 0.293119
  -- 3 : 5 = 0.0870523
  -- 4 : 1 = 0.106176
  -- 4 : 2 = -0.214802
  -- 4 : 3 = -0.0104708
  -- 4 : 4 = 0.179459
  -- 4 : 5 = -0.0827854
  -- 5 : 1 = 0.664326
  -- 5 : 2 = -0.151077
  -- 5 : 3 = -0.0190879
  -- 5 : 4 = 0.259627
  -- 5 : 5 = 0.500619
  -- 6 : 1 = 0.826158
  -- 6 : 2 = -0.0300155
  -- 6 : 3 = 0.273774
  -- 6 : 4 = 0.180507
  -- 6 : 5 = -0.385802
  Inner Net 2
  -- 1 : 1 = 0.0243672
  -- 1 : 2 = -0.273838
  -- 2 : 1 = -0.0774581
  -- 2 : 2 = 0.262551
  -- 3 : 1 = -0.465475
  -- 3 : 2 = 0.188783
  -- 4 : 1 = -0.443153
  -- 4 : 2 = -0.143508
  -- 5 : 1 = -0.153908
  -- 5 : 2 = 0.179955
Out\Act	False		True
False	0.542599	0.299381	0.84198
True	0.0537839	0.104236	0.15802
	0.596383	0.403617
	Accuracy [ (tp + tn) / testSize ]: 0.646835
	Precision [ tp / (tp + fp) ]:      0.257951
	Sensitivity [ tp / (tp + fn) ]:    0.657658
	Specificity [ tn / (tn + fp) ]:    0.644068
	F-Score [ 2tp / (2tp + fp + fn) ]: 0.370872
Particle (20):: Fit: 0.0114664	PB: 0.0114664	LB: 0.13473	GB: 0.140329	Cor: 0	Pts: 55568
Particle (21):: Fit: 0.135857	PB: 0.135857	LB: 0.135857	GB: 0.140329	Cor: 0	Pts: 210569
Particle (2):: Fit: 0.130583	PB: 0.130583	LB: 0.13705	GB: 0.140329	Cor: 0	Pts: 70360
Particle (28):: Fit: 0.125583	PB: 0.125583	LB: 0.134571	GB: 0.140329	Cor: 0	Pts: 65868
Particle (38):: Fit: 0.143478	PB: 0.143478	LB: 0.143478	GB: 0.143478	Cor: 0.698	Pts: 210168
Global: 0.143478 - Correct: 69.8% of 500 tests
Global Best: 
  Inner Net 1
  -- 1 : 1 = 0.848213
  -- 1 : 2 = -0.241738
  -- 1 : 3 = -0.120193
  -- 1 : 4 = 0.374062
  -- 1 : 5 = 0.0169195
  -- 2 : 1 = 0.576912
  -- 2 : 2 = 0.19132
  -- 2 : 3 = -0.0263353
  -- 2 : 4 = -0.0773229
  -- 2 : 5 = 0.0340905
  -- 3 : 1 = 0.908103
  -- 3 : 2 = 0.0561025
  -- 3 : 3 = -0.0144117
  -- 3 : 4 = -0.0126849
  -- 3 : 5 = 0.176193
  -- 4 : 1 = 0.366247
  -- 4 : 2 = 0.961673
  -- 4 : 3 = 0.379029
  -- 4 : 4 = 0.186256
  -- 4 : 5 = 0.789513
  -- 5 : 1 = -0.5
  -- 5 : 2 = 0.122536
  -- 5 : 3 = 0.538915
  -- 5 : 4 = -0.211692
  -- 5 : 5 = 0.3344
  -- 6 : 1 = 0.445876
  -- 6 : 2 = -0.137306
  -- 6 : 3 = 0.672129
  -- 6 : 4 = 0.0305735
  -- 6 : 5 = 0.168383
  Inner Net 2
  -- 1 : 1 = 0.367346
  -- 1 : 2 = 0.163942
  -- 2 : 1 = -0.405429
  -- 2 : 2 = -0.0335293
  -- 3 : 1 = 0.145909
  -- 3 : 2 = -0.376254
  -- 4 : 1 = 0.317813
  -- 4 : 2 = -0.368282
  -- 5 : 1 = -0.171471
  -- 5 : 2 = -0.0821087
Out\Act	False		True
False	0.479296	0.362684	0.84198
True	0.0475964	0.110424	0.15802
	0.526892	0.473108
	Accuracy [ (tp + tn) / testSize ]: 0.589719
	Precision [ tp / (tp + fp) ]:      0.233166
	Sensitivity [ tp / (tp + fn) ]:    0.696697
	Specificity [ tn / (tn + fp) ]:    0.568927
	F-Score [ 2tp / (2tp + fp + fn) ]: 0.349661
Particle (20):: Fit: 0.122775	PB: 0.122775	LB: 0.135857	GB: 0.143478	Cor: 0	Pts: 55665
Particle (1):: Fit: 0.127366	PB: 0.127366	LB: 0.13705	GB: 0.143478	Cor: 0	Pts: 105563
Particle (33):: Fit: 0.122718	PB: 0.122718	LB: 0.143478	GB: 0.143478	Cor: 0	Pts: 55763
Particle (9):: Fit: 0.124781	PB: 0.124781	LB: 0.13705	GB: 0.143478	Cor: 0	Pts: 60662
Particle (12):: Fit: 0.128047	PB: 0.128047	LB: 0.133626	GB: 0.143478	Cor: 0	Pts: 75861
Particle (26):: Fit: 0.124483	PB: 0.124483	LB: 0.134571	GB: 0.143478	Cor: 0	Pts: 55860
Particle (19):: Fit: 0.137411	PB: 0.137411	LB: 0.137411	GB: 0.143478	Cor: 0	Pts: 180758
Particle (23):: Fit: 0.134058	PB: 0.134058	LB: 0.137411	GB: 0.143478	Cor: 0	Pts: 61057
Particle (32):: Fit: 0.135919	PB: 0.135919	LB: 0.135919	GB: 0.143478	Cor: 0	Pts: 280453
Particle (12):: Fit: 0.141392	PB: 0.141392	LB: 0.141392	GB: 0.143478	Cor: 0	Pts: 125957
Particle (13):: Fit: 0.130904	PB: 0.130904	LB: 0.141392	GB: 0.143478	Cor: 0	Pts: 85753
Particle (17):: Fit: 0.143564	PB: 0.143564	LB: 0.143564	GB: 0.143564	Cor: 0.698	Pts: 130755
Particle (33):: Fit: 0.124328	PB: 0.124328	LB: 0.143478	GB: 0.143564	Cor: 0.698	Pts: 55853
Global: 0.143564 - Correct: 69.8% of 500 tests
Global Best: 
  Inner Net 1
  -- 1 : 1 = 0.739008
  -- 1 : 2 = -0.302714
  -- 1 : 3 = 0.668818
  -- 1 : 4 = 0.206193
  -- 1 : 5 = 0.0241101
  -- 2 : 1 = 0.634738
  -- 2 : 2 = 0.101829
  -- 2 : 3 = -0.350378
  -- 2 : 4 = -0.0232208
  -- 2 : 5 = 0.157363
  -- 3 : 1 = -0.118044
  -- 3 : 2 = 0.108281
  -- 3 : 3 = 0.0993404
  -- 3 : 4 = 0.0173794
  -- 3 : 5 = 0.129418
  -- 4 : 1 = 0.307991
  -- 4 : 2 = 0.408756
  -- 4 : 3 = 0.104086
  -- 4 : 4 = -0.0467099
  -- 4 : 5 = 0.0360518
  -- 5 : 1 = -0.5
  -- 5 : 2 = 0.404704
  -- 5 : 3 = 0.22821
  -- 5 : 4 = -0.265981
  -- 5 : 5 = 0.0291245
  -- 6 : 1 = 0.296526
  -- 6 : 2 = -0.0317346
  -- 6 : 3 = 0.127542
  -- 6 : 4 = 0.0646221
  -- 6 : 5 = -0.384679
  Inner Net 2
  -- 1 : 1 = 0.141493
  -- 1 : 2 = -0.0883463
  -- 2 : 1 = 0.148208
  -- 2 : 2 = -0.09944
  -- 3 : 1 = 0.0392826
  -- 3 : 2 = 0.0834355
  -- 4 : 1 = -0.0688452
  -- 4 : 2 = -0.180866
  -- 5 : 1 = -0.31328
  -- 5 : 2 = -0.0960802
Out\Act	False		True
False	0.653498	0.188482	0.84198
True	0.0723465	0.0856735	0.15802
	0.725845	0.274155
	Accuracy [ (tp + tn) / testSize ]: 0.739172
	Precision [ tp / (tp + fp) ]:      0.311958
	Sensitivity [ tp / (tp + fn) ]:    0.540541
	Specificity [ tn / (tn + fp) ]:    0.775706
	F-Score [ 2tp / (2tp + fp + fn) ]: 0.39604
Particle (16):: Fit: 0.121897	PB: 0.121897	LB: 0.143564	GB: 0.143564	Cor: 0	Pts: 55753
Particle (30):: Fit: 0.134212	PB: 0.134212	LB: 0.135919	GB: 0.143564	Cor: 0	Pts: 130352
Particle (16):: Fit: 0.12548	PB: 0.12548	LB: 0.143564	GB: 0.143564	Cor: 0	Pts: 55851
Particle (42):: Fit: 0.133281	PB: 0.133281	LB: 0.143478	GB: 0.143564	Cor: 0	Pts: 55818
Particle (14):: Fit: 0.137873	PB: 0.137873	LB: 0.143564	GB: 0.143564	Cor: 0	Pts: 80647
Particle (26):: Fit: 0.128297	PB: 0.128297	LB: 0.134571	GB: 0.143564	Cor: 0	Pts: 55947
Particle (41):: Fit: 0.135709	PB: 0.135709	LB: 0.143478	GB: 0.143564	Cor: 0	Pts: 85541
Particle (49):: Fit: 0.131022	PB: 0.131022	LB: 0.138394	GB: 0.143564	Cor: 0	Pts: 60538
Particle (1):: Fit: 0.12919	PB: 0.12919	LB: 0.13705	GB: 0.143564	Cor: 0	Pts: 105638
Particle (20):: Fit: 0.125136	PB: 0.125136	LB: 0.143564	GB: 0.143564	Cor: 0	Pts: 55733
Particle (33):: Fit: 0.128466	PB: 0.128466	LB: 0.143478	GB: 0.143564	Cor: 0	Pts: 55933
Particle (41):: Fit: 0.136047	PB: 0.136047	LB: 0.143478	GB: 0.143564	Cor: 0	Pts: 85633
Particle (2):: Fit: 0.131093	PB: 0.131093	LB: 0.13705	GB: 0.143564	Cor: 0	Pts: 70425
Particle (35):: Fit: 0.130201	PB: 0.130201	LB: 0.143478	GB: 0.143564	Cor: 0	Pts: 60734
Particle (1):: Fit: 0.131311	PB: 0.131311	LB: 0.13705	GB: 0.143564	Cor: 0	Pts: 105731
Particle (16):: Fit: 0.127951	PB: 0.127951	LB: 0.143564	GB: 0.143564	Cor: 0	Pts: 55931
Particle (48):: Fit: 0.136679	PB: 0.136679	LB: 0.138394	GB: 0.143564	Cor: 0	Pts: 76029
Particle (28):: Fit: 0.129695	PB: 0.129695	LB: 0.135919	GB: 0.143564	Cor: 0	Pts: 65929
Particle (11):: Fit: 0.133321	PB: 0.133321	LB: 0.141392	GB: 0.143564	Cor: 0	Pts: 70927
Particle (11):: Fit: 0.139231	PB: 0.139231	LB: 0.141392	GB: 0.143564	Cor: 0	Pts: 76024
Particle (13):: Fit: 0.131127	PB: 0.131127	LB: 0.143564	GB: 0.143564	Cor: 0	Pts: 85822
Particle (1):: Fit: 0.135053	PB: 0.135053	LB: 0.13705	GB: 0.143564	Cor: 0	Pts: 105822
Particle (20):: Fit: 0.127575	PB: 0.127575	LB: 0.143564	GB: 0.143564	Cor: 0	Pts: 55820
Particle (6):: Fit: 0.139726	PB: 0.139726	LB: 0.139726	GB: 0.143564	Cor: 0	Pts: 105419
Particle (29):: Fit: 0.133876	PB: 0.133876	LB: 0.135919	GB: 0.143564	Cor: 0	Pts: 120520
Particle (36):: Fit: 0.11206	PB: 0.11206	LB: 0.143478	GB: 0.143564	Cor: 0	Pts: 56116
Particle (47):: Fit: 0.131083	PB: 0.131083	LB: 0.140329	GB: 0.143564	Cor: 0	Pts: 360611
Particle (29):: Fit: 0.137402	PB: 0.137402	LB: 0.137402	GB: 0.143564	Cor: 0	Pts: 165610
Particle (28):: Fit: 0.132242	PB: 0.132242	LB: 0.137402	GB: 0.143564	Cor: 0	Pts: 66009
Particle (0):: Fit: 0.133985	PB: 0.133985	LB: 0.13705	GB: 0.143564	Cor: 0	Pts: 125408
Particle (10):: Fit: 0.133892	PB: 0.133892	LB: 0.141392	GB: 0.143564	Cor: 0	Pts: 80697
Particle (43):: Fit: 0.140783	PB: 0.140783	LB: 0.140783	GB: 0.143564	Cor: 0	Pts: 160604
Particle (15):: Fit: 0.128746	PB: 0.128746	LB: 0.143564	GB: 0.143564	Cor: 0	Pts: 85701
Particle (20):: Fit: 0.127758	PB: 0.127758	LB: 0.143564	GB: 0.143564	Cor: 0	Pts: 55894
Particle (22):: Fit: 0.126017	PB: 0.126017	LB: 0.137411	GB: 0.143564	Cor: 0	Pts: 75990
Particle (9):: Fit: 0.134514	PB: 0.134514	LB: 0.141392	GB: 0.143564	Cor: 0	Pts: 60691
Particle (13):: Fit: 0.131338	PB: 0.131338	LB: 0.143564	GB: 0.143564	Cor: 0	Pts: 85886
Particle (19):: Fit: 0.138216	PB: 0.138216	LB: 0.143564	GB: 0.143564	Cor: 0	Pts: 190787
Particle (22):: Fit: 0.130064	PB: 0.130064	LB: 0.138216	GB: 0.143564	Cor: 0	Pts: 76083
Particle (36):: Fit: 0.119182	PB: 0.119182	LB: 0.143478	GB: 0.143564	Cor: 0	Pts: 56184
Particle (24):: Fit: 0.130384	PB: 0.130384	LB: 0.137402	GB: 0.143564	Cor: 0	Pts: 55681
Particle (24):: Fit: 0.134622	PB: 0.134622	LB: 0.137402	GB: 0.143564	Cor: 0	Pts: 55780
Particle (46):: Fit: 0.116348	PB: 0.116348	LB: 0.140783	GB: 0.143564	Cor: 0	Pts: 90369
Particle (16):: Fit: 0.128714	PB: 0.128714	LB: 0.143564	GB: 0.143564	Cor: 0	Pts: 55974
Particle (2):: Fit: 0.135944	PB: 0.135944	LB: 0.139726	GB: 0.143564	Cor: 0	Pts: 70464
Particle (22):: Fit: 0.137605	PB: 0.137605	LB: 0.138216	GB: 0.143564	Cor: 0	Pts: 91171
Particle (31):: Fit: 0.131293	PB: 0.131293	LB: 0.137402	GB: 0.143564	Cor: 0	Pts: 80872
Particle (13):: Fit: 0.141019	PB: 0.141019	LB: 0.143564	GB: 0.143564	Cor: 0	Pts: 85972
Particle (21):: Fit: 14850.3	PB: 14850.3	LB: 14850.3	GB: 14850.3	Cor: 0.722	Pts: 270573
Global: 14850.3 - Correct: 72.2% of 500 tests
Global Best: 
  Inner Net 1
  -- 1 : 1 = 0.349812
  -- 1 : 2 = -0.126349
  -- 1 : 3 = 0.224991
  -- 1 : 4 = 0.368204
  -- 1 : 5 = -0.0649272
  -- 2 : 1 = 0.322064
  -- 2 : 2 = -0.0391479
  -- 2 : 3 = -0.102427
  -- 2 : 4 = 0.46025
  -- 2 : 5 = 0.126191
  -- 3 : 1 = -0.052767
  -- 3 : 2 = 0.155444
  -- 3 : 3 = 0.0659279
  -- 3 : 4 = 0.234722
  -- 3 : 5 = -0.432508
  -- 4 : 1 = 0.090445
  -- 4 : 2 = -0.599842
  -- 4 : 3 = -0.188306
  -- 4 : 4 = 0.0928805
  -- 4 : 5 = 0.247917
  -- 5 : 1 = -0.500422
  -- 5 : 2 = 0.162407
  -- 5 : 3 = 0.242566
  -- 5 : 4 = 0.251322
  -- 5 : 5 = 0.199194
  -- 6 : 1 = 0.485423
  -- 6 : 2 = 0.217877
  -- 6 : 3 = -0.014127
  -- 6 : 4 = -0.252044
  -- 6 : 5 = 0.043178
  Inner Net 2
  -- 1 : 1 = 0.125405
  -- 1 : 2 = 0.150382
  -- 2 : 1 = -0.71148
  -- 2 : 2 = 0.3038
  -- 3 : 1 = -0.343267
  -- 3 : 2 = -0.404292
  -- 4 : 1 = -0.177608
  -- 4 : 2 = -0.264445
  -- 5 : 1 = 0.228222
  -- 5 : 2 = -0.322626
Out\Act	False		True
False	0.587339	0.254641	0.84198
True	0.0609234	0.0970966	0.15802
	0.648263	0.351737
	Accuracy [ (tp + tn) / testSize ]: 0.684436
	Precision [ tp / (tp + fp) ]:      0.275676
	Sensitivity [ tp / (tp + fn) ]:    0.612613
	Specificity [ tn / (tn + fp) ]:    0.697175
	F-Score [ 2tp / (2tp + fp + fn) ]: 0.380597
Particle (8):: Fit: 0.128827	PB: 0.128827	LB: 0.141392	GB: 14850.3	Cor: 0	Pts: 60572
Particle (39):: Fit: 0.125989	PB: 0.125989	LB: 0.143478	GB: 14850.3	Cor: 0	Pts: 55845
Particle (2):: Fit: 0.137834	PB: 0.137834	LB: 0.139726	GB: 14850.3	Cor: 0	Pts: 75556
Particle (31):: Fit: 0.131615	PB: 0.131615	LB: 0.137402	GB: 14850.3	Cor: 0	Pts: 80965
Particle (18):: Fit: 0.137214	PB: 0.137214	LB: 14850.3	GB: 14850.3	Cor: 0	Pts: 480860
Particle (49):: Fit: 0.141539	PB: 0.141539	LB: 0.141539	GB: 14850.3	Cor: 0	Pts: 110561
Particle (15):: Fit: 0.131513	PB: 0.131513	LB: 0.143564	GB: 14850.3	Cor: 0	Pts: 85762
Particle (37):: Fit: 0.135335	PB: 0.135335	LB: 0.143478	GB: 14850.3	Cor: 0	Pts: 145556
Particle (47):: Fit: 0.134417	PB: 0.134417	LB: 0.141539	GB: 14850.3	Cor: 0	Pts: 360656
Particle (36):: Fit: 0.119526	PB: 0.119526	LB: 0.143478	GB: 14850.3	Cor: 0	Pts: 56254
Particle (41):: Fit: 0.137742	PB: 0.137742	LB: 0.143478	GB: 14850.3	Cor: 0	Pts: 85652
Particle (20):: Fit: 0.128625	PB: 0.128625	LB: 14850.3	GB: 14850.3	Cor: 0	Pts: 55949
Particle (28):: Fit: 0.133342	PB: 0.133342	LB: 0.137402	GB: 14850.3	Cor: 0	Pts: 66050
Particle (36):: Fit: 0.125396	PB: 0.125396	LB: 0.143478	GB: 14850.3	Cor: 0	Pts: 56350
Particle (8):: Fit: 0.136777	PB: 0.136777	LB: 0.141392	GB: 14850.3	Cor: 0	Pts: 60645
Particle (0):: Fit: 0.135755	PB: 0.135755	LB: 0.141539	GB: 14850.3	Cor: 0	Pts: 125437
Particle (25):: Fit: 0.134613	PB: 0.134613	LB: 14850.3	GB: 14850.3	Cor: 0	Pts: 205532
Particle (19):: Fit: 0.138268	PB: 0.138268	LB: 14850.3	GB: 14850.3	Cor: 0	Pts: 190827
Particle (34):: Fit: 0.122112	PB: 0.122112	LB: 0.143478	GB: 14850.3	Cor: 0	Pts: 55426
Particle (36):: Fit: 0.131709	PB: 0.131709	LB: 0.143478	GB: 14850.3	Cor: 0	Pts: 56427
Particle (5):: Fit: 0.137572	PB: 0.137572	LB: 0.139726	GB: 14850.3	Cor: 0	Pts: 155822
Particle (40):: Fit: 0.13	PB: 0.13	LB: 0.143478	GB: 14850.3	Cor: 0	Pts: 60423
Particle (34):: Fit: 0.126494	PB: 0.126494	LB: 0.143478	GB: 14850.3	Cor: 0	Pts: 55514
Particle (35):: Fit: 0.134329	PB: 0.134329	LB: 0.143478	GB: 14850.3	Cor: 0	Pts: 60713
Particle (39):: Fit: 0.127685	PB: 0.127685	LB: 0.143478	GB: 14850.3	Cor: 0	Pts: 55889
Particle (34):: Fit: 0.127973	PB: 0.127973	LB: 0.143478	GB: 14850.3	Cor: 0	Pts: 55606
Particle (26):: Fit: 0.13062	PB: 0.13062	LB: 0.137605	GB: 14850.3	Cor: 0	Pts: 55907
Particle (39):: Fit: 0.137513	PB: 0.137513	LB: 0.143478	GB: 14850.3	Cor: 0	Pts: 55979
Particle (34):: Fit: 0.129793	PB: 0.129793	LB: 0.143478	GB: 14850.3	Cor: 0	Pts: 55692
Particle (39):: Fit: 0.14333	PB: 0.14333	LB: 0.143478	GB: 14850.3	Cor: 0	Pts: 61069
Particle (31):: Fit: 0.132239	PB: 0.132239	LB: 0.137402	GB: 14850.3	Cor: 0	Pts: 80986
Particle (32):: Fit: 0.140469	PB: 0.140469	LB: 0.140469	GB: 14850.3	Cor: 0	Pts: 310378
Particle (33):: Fit: 0.135988	PB: 0.135988	LB: 0.143478	GB: 14850.3	Cor: 0	Pts: 55880
Particle (1):: Fit: 0.136784	PB: 0.136784	LB: 0.141539	GB: 14850.3	Cor: 0	Pts: 105779
Particle (45):: Fit: 0.140444	PB: 0.140444	LB: 0.141539	GB: 14850.3	Cor: 0	Pts: 110676
Particle (46):: Fit: 0.119568	PB: 0.119568	LB: 0.141539	GB: 14850.3	Cor: 0	Pts: 90367
Particle (10):: Fit: 0.134192	PB: 0.134192	LB: 0.141392	GB: 14850.3	Cor: 0	Pts: 80665
Particle (7):: Fit: 0.13018	PB: 0.13018	LB: 0.141392	GB: 14850.3	Cor: 0	Pts: 440662
Particle (48):: Fit: 0.139608	PB: 0.139608	LB: 0.141539	GB: 14850.3	Cor: 0	Pts: 75965
Particle (20):: Fit: 0.130828	PB: 0.130828	LB: 14850.3	GB: 14850.3	Cor: 0	Pts: 55962
Particle (46):: Fit: 0.123992	PB: 0.123992	LB: 0.141539	GB: 14850.3	Cor: 0	Pts: 90455
Particle (7):: Fit: 0.131592	PB: 0.131592	LB: 0.141392	GB: 14850.3	Cor: 0	Pts: 440757
Particle (7):: Fit: 0.135612	PB: 0.135612	LB: 0.141392	GB: 14850.3	Cor: 0	Pts: 440854
Particle (16):: Fit: 0.128804	PB: 0.128804	LB: 14850.3	GB: 14850.3	Cor: 0	Pts: 55956
Particle (0):: Fit: 0.138667	PB: 0.138667	LB: 0.141539	GB: 14850.3	Cor: 0	Pts: 125457
Particle (46):: Fit: 0.12602	PB: 0.12602	LB: 0.141539	GB: 14850.3	Cor: 0	Pts: 90548
Particle (20):: Fit: 0.136898	PB: 0.136898	LB: 14850.3	GB: 14850.3	Cor: 0	Pts: 56047
Particle (46):: Fit: 0.130045	PB: 0.130045	LB: 0.141539	GB: 14850.3	Cor: 0	Pts: 90638
Particle (31):: Fit: 0.132477	PB: 0.132477	LB: 0.140469	GB: 14850.3	Cor: 0	Pts: 81032
Particle (15):: Fit: 0.13382	PB: 0.13382	LB: 0.143564	GB: 14850.3	Cor: 0	Pts: 85739
Particle (35):: Fit: 0.136834	PB: 0.136834	LB: 0.143478	GB: 14850.3	Cor: 0	Pts: 60729
Particle (46):: Fit: 0.130706	PB: 0.130706	LB: 0.141539	GB: 14850.3	Cor: 0	Pts: 90725
Particle (40):: Fit: 0.131326	PB: 0.131326	LB: 0.143478	GB: 14850.3	Cor: 0	Pts: 60430
Particle (3):: Fit: 14490.5	PB: 14490.5	LB: 14490.5	GB: 14850.3	Cor: 0	Pts: 175623
Particle (16):: Fit: 0.130061	PB: 0.130061	LB: 14850.3	GB: 14850.3	Cor: 0	Pts: 56023
Particle (15):: Fit: 0.138347	PB: 0.138347	LB: 0.143564	GB: 14850.3	Cor: 0	Pts: 85823
Particle (34):: Fit: 0.133133	PB: 0.133133	LB: 0.143478	GB: 14850.3	Cor: 0	Pts: 55721
Particle (31):: Fit: 0.133488	PB: 0.133488	LB: 0.140469	GB: 14850.3	Cor: 0	Pts: 81109
Particle (40):: Fit: 0.135128	PB: 0.135128	LB: 0.143478	GB: 14850.3	Cor: 0	Pts: 60514
Particle (40):: Fit: 0.137071	PB: 0.137071	LB: 0.143478	GB: 14850.3	Cor: 0	Pts: 60611
Particle (31):: Fit: 0.138414	PB: 0.138414	LB: 0.140469	GB: 14850.3	Cor: 0	Pts: 86183
Particle (46):: Fit: 0.13342	PB: 0.13342	LB: 0.141539	GB: 14850.3	Cor: 0	Pts: 90780
Particle (26):: Fit: 0.131483	PB: 0.131483	LB: 0.138414	GB: 14850.3	Cor: 0	Pts: 55880
Particle (36):: Fit: 0.138667	PB: 0.138667	LB: 0.143478	GB: 14850.3	Cor: 0	Pts: 56379
Particle (18):: Fit: 0.137235	PB: 0.137235	LB: 14850.3	GB: 14850.3	Cor: 0	Pts: 480774
Particle (10):: Fit: 0.136493	PB: 0.136493	LB: 0.141392	GB: 14850.3	Cor: 0	Pts: 80626
Particle (14):: Fit: 0.142916	PB: 0.142916	LB: 0.143564	GB: 14850.3	Cor: 0	Pts: 95419
Particle (16):: Fit: 0.139892	PB: 0.139892	LB: 14850.3	GB: 14850.3	Cor: 0	Pts: 56009
Particle (26):: Fit: 0.133851	PB: 0.133851	LB: 0.138414	GB: 14850.3	Cor: 0	Pts: 55908
Particle (34):: Fit: 0.137867	PB: 0.137867	LB: 0.143478	GB: 14850.3	Cor: 0	Pts: 55685
Particle (9):: Fit: 0.136662	PB: 0.136662	LB: 0.142916	GB: 14850.3	Cor: 0	Pts: 60483
Particle (23):: Fit: 0.135365	PB: 0.135365	LB: 14850.3	GB: 14850.3	Cor: 0	Pts: 60767
Particle (34):: Fit: 0.141219	PB: 0.141219	LB: 0.143478	GB: 14850.3	Cor: 0	Pts: 75769
Particle (30):: Fit: 0.135074	PB: 0.135074	LB: 0.141219	GB: 14850.3	Cor: 0	Pts: 130062
Particle (26):: Fit: 0.13419	PB: 0.13419	LB: 0.138414	GB: 14850.3	Cor: 0	Pts: 55955
Particle (37):: Fit: 0.136985	PB: 0.136985	LB: 0.143478	GB: 14850.3	Cor: 0	Pts: 145341
Particle (10):: Fit: 0.137528	PB: 0.137528	LB: 0.142916	GB: 14850.3	Cor: 0	Pts: 80631
Particle (36):: Fit: 0.13875	PB: 0.13875	LB: 0.143478	GB: 14850.3	Cor: 0	Pts: 56324
Particle (42):: Fit: 0.137581	PB: 0.137581	LB: 0.143478	GB: 14850.3	Cor: 0	Pts: 55462
Particle (46):: Fit: 0.140373	PB: 0.140373	LB: 0.141539	GB: 14850.3	Cor: 0	Pts: 90665
Particle (44):: Fit: 0.133101	PB: 0.133101	LB: 0.141539	GB: 14850.3	Cor: 0	Pts: 85165
Particle (25):: Fit: 0.139753	PB: 0.139753	LB: 14850.3	GB: 14850.3	Cor: 0	Pts: 210260
Particle (9):: Fit: 0.141457	PB: 0.141457	LB: 0.142916	GB: 14850.3	Cor: 0	Pts: 65462
Particle (13):: Fit: 0.141721	PB: 0.141721	LB: 0.143564	GB: 14850.3	Cor: 0	Pts: 90647
Particle (20):: Fit: 0.1374	PB: 0.1374	LB: 14850.3	GB: 14850.3	Cor: 0	Pts: 55841
Particle (33):: Fit: 0.137712	PB: 0.137712	LB: 0.143478	GB: 14850.3	Cor: 0	Pts: 55636
Particle (22):: Fit: 14747.8	PB: 14747.8	LB: 14850.3	GB: 14850.3	Cor: 0	Pts: 95791
Particle (25):: Fit: 0.142225	PB: 0.142225	LB: 14850.3	GB: 14850.3	Cor: 0	Pts: 225282
Particle (44):: Fit: 0.136601	PB: 0.136601	LB: 0.141539	GB: 14850.3	Cor: 0	Pts: 85150
Particle (27):: Fit: 0.136119	PB: 0.136119	LB: 0.142225	GB: 14850.3	Cor: 0	Pts: 90638
Particle (23):: Fit: 0.138869	PB: 0.138869	LB: 14850.3	GB: 14850.3	Cor: 0	Pts: 60622
Particle (19):: Fit: 0.142805	PB: 0.142805	LB: 14850.3	GB: 14850.3	Cor: 0	Pts: 190398
Particle (28):: Fit: 0.138866	PB: 0.138866	LB: 0.142225	GB: 14850.3	Cor: 0	Pts: 65587
Particle (11):: Fit: 0.141675	PB: 0.141675	LB: 0.142916	GB: 14850.3	Cor: 0	Pts: 75483
Particle (0):: Fit: 0.1436	PB: 0.1436	LB: 14490.5	GB: 14850.3	Cor: 0	Pts: 140079
Particle (35):: Fit: 0.138387	PB: 0.138387	LB: 0.143478	GB: 14850.3	Cor: 0	Pts: 60336
Particle (7):: Fit: 0.137809	PB: 0.137809	LB: 14490.5	GB: 14850.3	Cor: 0	Pts: 440424
Particle (27):: Fit: 0.139745	PB: 0.139745	LB: 0.142225	GB: 14850.3	Cor: 0	Pts: 90608
Particle (23):: Fit: 14509.6	PB: 14509.6	LB: 14850.3	GB: 14850.3	Cor: 0	Pts: 65598
Particle (24):: Fit: 0.140956	PB: 0.140956	LB: 14850.3	GB: 14850.3	Cor: 0	Pts: 55154
Particle (15):: Fit: 0.139193	PB: 0.139193	LB: 0.143564	GB: 14850.3	Cor: 0	Pts: 85347
Particle (27):: Fit: 0.142158	PB: 0.142158	LB: 14509.6	GB: 14850.3	Cor: 0	Pts: 100645
Particle (4):: Fit: 0.130122	PB: 0.130122	LB: 14490.5	GB: 14850.3	Cor: 0	Pts: 139991
Particle (35):: Fit: 14579.8	PB: 14579.8	LB: 14579.8	GB: 14850.3	Cor: 0	Pts: 110247
Particle (26):: Fit: 0.137591	PB: 0.137591	LB: 14747.8	GB: 14850.3	Cor: 0	Pts: 55559
Particle (0):: Fit: 14552.9	PB: 14552.9	LB: 14552.9	GB: 14850.3	Cor: 0	Pts: 189952
Particle (4):: Fit: 0.132301	PB: 0.132301	LB: 14552.9	GB: 14850.3	Cor: 0	Pts: 140026
Particle (4):: Fit: 0.133296	PB: 0.133296	LB: 14552.9	GB: 14850.3	Cor: 0	Pts: 140115
Particle (38):: Fit: 0.143582	PB: 0.143582	LB: 14579.8	GB: 14850.3	Cor: 0	Pts: 224307
Particle (37):: Fit: 0.138839	PB: 0.138839	LB: 14579.8	GB: 14850.3	Cor: 0	Pts: 144877
Particle (26):: Fit: 0.13786	PB: 0.13786	LB: 14747.8	GB: 14850.3	Cor: 0	Pts: 55585
Particle (4):: Fit: 0.133746	PB: 0.133746	LB: 14552.9	GB: 14850.3	Cor: 0	Pts: 140179
Particle (44):: Fit: 14398.7	PB: 14398.7	LB: 14398.7	GB: 14850.3	Cor: 0	Pts: 109862
Particle (7):: Fit: 0.14003	PB: 0.14003	LB: 14490.5	GB: 14850.3	Cor: 0	Pts: 440235
Particle (33):: Fit: 0.138825	PB: 0.138825	LB: 14579.8	GB: 14850.3	Cor: 0	Pts: 55201
Particle (33):: Fit: 0.13938	PB: 0.13938	LB: 14579.8	GB: 14850.3	Cor: 0	Pts: 55286
Particle (10):: Fit: 0.143647	PB: 0.143647	LB: 0.143647	GB: 14850.3	Cor: 0	Pts: 115042
Particle (1):: Fit: 0.137951	PB: 0.137951	LB: 14552.9	GB: 14850.3	Cor: 0	Pts: 104939
Particle (48):: Fit: 0.141217	PB: 0.141217	LB: 14552.9	GB: 14850.3	Cor: 0	Pts: 75143
Particle (40):: Fit: 0.140479	PB: 0.140479	LB: 14398.7	GB: 14850.3	Cor: 0	Pts: 59831
Particle (33):: Fit: 0.140932	PB: 0.140932	LB: 14579.8	GB: 14850.3	Cor: 0	Pts: 55313
Particle (20):: Fit: 0.138453	PB: 0.138453	LB: 14850.3	GB: 14850.3	Cor: 0	Pts: 55242
Particle (36):: Fit: 0.139075	PB: 0.139075	LB: 14579.8	GB: 14850.3	Cor: 0	Pts: 55648
Particle (18):: Fit: 0.137913	PB: 0.137913	LB: 14850.3	GB: 14850.3	Cor: 0	Pts: 479919
Particle (37):: Fit: 0.1417	PB: 0.1417	LB: 14579.8	GB: 14850.3	Cor: 0	Pts: 144517
Particle (30):: Fit: 0.139638	PB: 0.139638	LB: 14579.8	GB: 14850.3	Cor: 0	Pts: 129113
Particle (20):: Fit: 0.140578	PB: 0.140578	LB: 14850.3	GB: 14850.3	Cor: 0	Pts: 55088
Particle (29):: Fit: 0.139678	PB: 0.139678	LB: 0.142225	GB: 14850.3	Cor: 0	Pts: 164267
Particle (4):: Fit: 0.135351	PB: 0.135351	LB: 14552.9	GB: 14850.3	Cor: 0	Pts: 139774
Particle (4):: Fit: 0.137954	PB: 0.137954	LB: 14552.9	GB: 14850.3	Cor: 0	Pts: 139872
Particle (24):: Fit: 0.142489	PB: 0.142489	LB: 14850.3	GB: 14850.3	Cor: 0	Pts: 59536
Particle (1):: Fit: 0.138309	PB: 0.138309	LB: 14552.9	GB: 14850.3	Cor: 0	Pts: 104618
Particle (30):: Fit: 0.142515	PB: 0.142515	LB: 14579.8	GB: 14850.3	Cor: 0	Pts: 139114
Particle (4):: Fit: 0.140132	PB: 0.140132	LB: 14552.9	GB: 14850.3	Cor: 0	Pts: 139926
Particle (6):: Fit: 0.139839	PB: 0.139839	LB: 14490.5	GB: 14850.3	Cor: 0	Pts: 103935
Particle (5):: Fit: 0.140144	PB: 0.140144	LB: 14490.5	GB: 14850.3	Cor: 0	Pts: 154331
Particle (31):: Fit: 0.142709	PB: 0.142709	LB: 14579.8	GB: 14850.3	Cor: 0	Pts: 94750
Particle (10):: Fit: 14713.4	PB: 14713.4	LB: 14713.4	GB: 14850.3	Cor: 0	Pts: 164463
Particle (40):: Fit: 0.143504	PB: 0.143504	LB: 14398.7	GB: 14850.3	Cor: 0	Pts: 59185
Particle (25):: Fit: 0.142619	PB: 0.142619	LB: 14850.3	GB: 14850.3	Cor: 0	Pts: 223989
Particle (18):: Fit: 0.138446	PB: 0.138446	LB: 14850.3	GB: 14850.3	Cor: 0	Pts: 479310
Particle (48):: Fit: 0.142944	PB: 0.142944	LB: 14552.9	GB: 14850.3	Cor: 0	Pts: 74343
Particle (8):: Fit: 0.136936	PB: 0.136936	LB: 14713.4	GB: 14850.3	Cor: 0	Pts: 58761
Particle (15):: Fit: 0.139795	PB: 0.139795	LB: 0.143564	GB: 14850.3	Cor: 0	Pts: 84049
Particle (47):: Fit: 0.134616	PB: 0.134616	LB: 14552.9	GB: 14850.3	Cor: 0	Pts: 358653
Particle (8):: Fit: 0.13835	PB: 0.13835	LB: 14713.4	GB: 14850.3	Cor: 0	Pts: 58717
Particle (48):: Fit: 14452.6	PB: 14452.6	LB: 14552.9	GB: 14850.3	Cor: 0	Pts: 84193
Particle (16):: Fit: 0.140009	PB: 0.140009	LB: 14850.3	GB: 14850.3	Cor: 0	Pts: 54165
Particle (42):: Fit: 0.138033	PB: 0.138033	LB: 14398.7	GB: 14850.3	Cor: 0	Pts: 53710
Particle (19):: Fit: 14450.3	PB: 14450.3	LB: 14850.3	GB: 14850.3	Cor: 0	Pts: 193820
Particle (33):: Fit: 0.141691	PB: 0.141691	LB: 14579.8	GB: 14850.3	Cor: 0	Pts: 54220
Particle (47):: Fit: 0.140064	PB: 0.140064	LB: 14552.9	GB: 14850.3	Cor: 0	Pts: 358578
Particle (26):: Fit: 14673.3	PB: 14673.3	LB: 14747.8	GB: 14850.3	Cor: 0	Pts: 74252
Particle (36):: Fit: 0.140493	PB: 0.140493	LB: 14579.8	GB: 14850.3	Cor: 0	Pts: 54484
Particle (43):: Fit: 0.141299	PB: 0.141299	LB: 14452.6	GB: 14850.3	Cor: 0	Pts: 158221
Particle (41):: Fit: 0.141645	PB: 0.141645	LB: 14398.7	GB: 14850.3	Cor: 0	Pts: 83292
Particle (45):: Fit: 14427	PB: 14427	LB: 14552.9	GB: 14850.3	Cor: 0	Pts: 123404
Particle (2):: Fit: 0.141846	PB: 0.141846	LB: 14552.9	GB: 14850.3	Cor: 0	Pts: 73103
Particle (7):: Fit: 0.142966	PB: 0.142966	LB: 14713.4	GB: 14850.3	Cor: 0	Pts: 438498
Particle (4):: Fit: 0.140478	PB: 0.140478	LB: 14552.9	GB: 14850.3	Cor: 0	Pts: 138704
Particle (42):: Fit: 0.142106	PB: 0.142106	LB: 14427	GB: 14850.3	Cor: 0	Pts: 53192
Particle (16):: Fit: 0.140783	PB: 0.140783	LB: 14850.3	GB: 14850.3	Cor: 0	Pts: 53601
Particle (18):: Fit: 0.139115	PB: 0.139115	LB: 14850.3	GB: 14850.3	Cor: 0	Pts: 478376
Particle (2):: Fit: 14748.4	PB: 14748.4	LB: 14748.4	GB: 14850.3	Cor: 0	Pts: 122819
Particle (12):: Fit: 0.143353	PB: 0.143353	LB: 14713.4	GB: 14850.3	Cor: 0	Pts: 123073
Particle (41):: Fit: 0.143185	PB: 0.143185	LB: 14427	GB: 14850.3	Cor: 0	Pts: 82920
Particle (42):: Fit: 0.143813	PB: 0.143813	LB: 14427	GB: 14850.3	Cor: 0	Pts: 52923
Particle (28):: Fit: 0.13947	PB: 0.13947	LB: 14673.3	GB: 14850.3	Cor: 0	Pts: 63031
Particle (47):: Fit: 0.1411	PB: 0.1411	LB: 14748.4	GB: 14850.3	Cor: 0	Pts: 357703
Particle (31):: Fit: 14430.4	PB: 14430.4	LB: 14579.8	GB: 14850.3	Cor: 0	Pts: 93171
Particle (1):: Fit: 14613.3	PB: 14613.3	LB: 14748.4	GB: 14850.3	Cor: 0	Pts: 107719
Particle (28):: Fit: 0.141336	PB: 0.141336	LB: 14673.3	GB: 14850.3	Cor: 0	Pts: 62725
Global Best: 
  Inner Net 1
  -- 1 : 1 = 0.349812
  -- 1 : 2 = -0.126349
  -- 1 : 3 = 0.224991
  -- 1 : 4 = 0.368204
  -- 1 : 5 = -0.0649272
  -- 2 : 1 = 0.322064
  -- 2 : 2 = -0.0391479
  -- 2 : 3 = -0.102427
  -- 2 : 4 = 0.46025
  -- 2 : 5 = 0.126191
  -- 3 : 1 = -0.052767
  -- 3 : 2 = 0.155444
  -- 3 : 3 = 0.0659279
  -- 3 : 4 = 0.234722
  -- 3 : 5 = -0.432508
  -- 4 : 1 = 0.090445
  -- 4 : 2 = -0.599842
  -- 4 : 3 = -0.188306
  -- 4 : 4 = 0.0928805
  -- 4 : 5 = 0.247917
  -- 5 : 1 = -0.500422
  -- 5 : 2 = 0.162407
  -- 5 : 3 = 0.242566
  -- 5 : 4 = 0.251322
  -- 5 : 5 = 0.199194
  -- 6 : 1 = 0.485423
  -- 6 : 2 = 0.217877
  -- 6 : 3 = -0.014127
  -- 6 : 4 = -0.252044
  -- 6 : 5 = 0.043178
  Inner Net 2
  -- 1 : 1 = 0.125405
  -- 1 : 2 = 0.150382
  -- 2 : 1 = -0.71148
  -- 2 : 2 = 0.3038
  -- 3 : 1 = -0.343267
  -- 3 : 2 = -0.404292
  -- 4 : 1 = -0.177608
  -- 4 : 2 = -0.264445
  -- 5 : 1 = 0.228222
  -- 5 : 2 = -0.322626
Out\Act	False		True
False	0.587339	0.254641	0.84198
True	0.0609234	0.0970966	0.15802
	0.648263	0.351737
	Accuracy [ (tp + tn) / testSize ]: 0.684436
	Precision [ tp / (tp + fp) ]:      0.275676
	Sensitivity [ tp / (tp + fn) ]:    0.612613
	Specificity [ tn / (tn + fp) ]:    0.697175
	F-Score [ 2tp / (2tp + fp + fn) ]: 0.380597
