
Date / Time: Thu Mar 30 15:36:48 2017

   ****************************************
   * PSO Neural Net (Gaussian Activation) *
   *       by William Boler, BSCE         *
   *     Research Assistant, IUPUI        *
   *                                      *
   *  Professor: Dr. Lauren Christopher   *
   *     Created: March 13, 2017          *
   ****************************************


Inputs: 10
Inner Nets: 2
 - 10
 - 4
Tests per train(min): 10
Particles: 50
Neighbors: 10
Minimum Particle Iterations: 1000
Particle (0):: Fit: 3.16847	PB: 3.16847	LB: 3.16847	GB: 3.16847	Conf: 0.910349	Pts: 110099
Particle (1):: Fit: 4.73018	PB: 4.73018	LB: 4.73018	GB: 4.73018	Conf: 0.146576	Pts: 110099
Particle (2):: Fit: 18.0242	PB: 18.0242	LB: 18.0242	GB: 18.0242	Conf: 0.968347	Pts: 110099
Particle (3):: Fit: 20.6196	PB: 20.6196	LB: 20.6196	GB: 20.6196	Conf: 0.615441	Pts: 110099
Particle (4):: Fit: 23.0372	PB: 23.0372	LB: 23.0372	GB: 23.0372	Conf: 0.877149	Pts: 110099
Particle (5):: Fit: 4.77849	PB: 4.77849	LB: 23.0372	GB: 23.0372	Conf: 0.737021	Pts: 55099
Particle (6):: Fit: 4.80792	PB: 4.80792	LB: 23.0372	GB: 23.0372	Conf: 0.590854	Pts: 60099
Particle (7):: Fit: 7.90406	PB: 7.90406	LB: 23.0372	GB: 23.0372	Conf: 0.588009	Pts: 65099
Particle (8):: Fit: 8.0717	PB: 8.0717	LB: 23.0372	GB: 23.0372	Conf: 0.857706	Pts: 70099
Particle (9):: Fit: 18.2225	PB: 18.2225	LB: 18.2225	GB: 23.0372	Conf: 0.524331	Pts: 75099
Particle (10):: Fit: 7.97354	PB: 7.97354	LB: 18.2225	GB: 23.0372	Conf: 0.924458	Pts: 55099
Particle (11):: Fit: 18.2285	PB: 18.2285	LB: 18.2285	GB: 23.0372	Conf: 0.566933	Pts: 85099
Particle (12):: Fit: 15.5545	PB: 15.5545	LB: 18.2285	GB: 23.0372	Conf: 0.0537227	Pts: 55099
Particle (13):: Fit: 4.81187	PB: 4.81187	LB: 18.2285	GB: 23.0372	Conf: 0.535885	Pts: 55099
Particle (14):: Fit: 4.77337	PB: 4.77337	LB: 18.2285	GB: 23.0372	Conf: 0.752889	Pts: 55099
Particle (15):: Fit: 10.9648	PB: 10.9648	LB: 18.2285	GB: 23.0372	Conf: 0.54598	Pts: 65099
Particle (16):: Fit: 4.76357	PB: 4.76357	LB: 15.5545	GB: 23.0372	Conf: 0.780098	Pts: 55099
Particle (17):: Fit: 18.1909	PB: 18.1909	LB: 18.1909	GB: 23.0372	Conf: 0.429558	Pts: 80099
Particle (18):: Fit: 5.46311	PB: 5.46311	LB: 18.1909	GB: 23.0372	Conf: 0.904842	Pts: 55099
Particle (19):: Fit: 15.6524	PB: 15.6524	LB: 18.1909	GB: 23.0372	Conf: 0.128268	Pts: 60099
Particle (20):: Fit: 5.52549	PB: 5.52549	LB: 18.1909	GB: 23.0372	Conf: 0.511928	Pts: 55099
Particle (21):: Fit: 4.80949	PB: 4.80949	LB: 18.1909	GB: 23.0372	Conf: 0.574146	Pts: 55099
Particle (22):: Fit: 5.52969	PB: 5.52969	LB: 15.6524	GB: 23.0372	Conf: 0.636396	Pts: 65099
Particle (23):: Fit: 15.7684	PB: 15.7684	LB: 15.7684	GB: 23.0372	Conf: 0.738078	Pts: 80099
Particle (24):: Fit: 13.4223	PB: 13.4223	LB: 15.7684	GB: 23.0372	Conf: 0.267892	Pts: 55099
Particle (25):: Fit: 3.24658	PB: 3.24658	LB: 15.7684	GB: 23.0372	Conf: 0.818635	Pts: 55099
Particle (26):: Fit: 13.0741	PB: 13.0741	LB: 15.7684	GB: 23.0372	Conf: 0.926572	Pts: 60099
Particle (27):: Fit: 13.4371	PB: 13.4371	LB: 15.7684	GB: 23.0372	Conf: 0.354332	Pts: 70099
Particle (28):: Fit: 5.86725	PB: 5.86725	LB: 13.4371	GB: 23.0372	Conf: 0.0682973	Pts: 55099
Particle (29):: Fit: 5.48924	PB: 5.48924	LB: 13.4371	GB: 23.0372	Conf: 0.8433	Pts: 55099
Particle (30):: Fit: 4.06157	PB: 4.06157	LB: 13.4371	GB: 23.0372	Conf: 0.675248	Pts: 55099
Particle (31):: Fit: 4.65929	PB: 4.65929	LB: 13.4371	GB: 23.0372	Conf: 0.961853	Pts: 60099
Particle (32):: Fit: 5.48212	PB: 5.48212	LB: 5.86725	GB: 23.0372	Conf: 0.861926	Pts: 65099
Particle (33):: Fit: 17.6892	PB: 17.6892	LB: 17.6892	GB: 23.0372	Conf: 0.0402319	Pts: 100099
Particle (34):: Fit: 11.0119	PB: 11.0119	LB: 17.6892	GB: 23.0372	Conf: 0.351674	Pts: 55099
Particle (35):: Fit: 2.30715	PB: 2.30715	LB: 17.6892	GB: 23.0372	Conf: 0.987946	Pts: 55099
Particle (36):: Fit: 3.98875	PB: 3.98875	LB: 17.6892	GB: 23.0372	Conf: 0.83212	Pts: 60099
Particle (37):: Fit: 15.7019	PB: 15.7019	LB: 17.6892	GB: 23.0372	Conf: 0.823951	Pts: 70099
Particle (38):: Fit: 25.4625	PB: 25.4625	LB: 25.4625	GB: 25.4625	Conf: 0.782665	Pts: 110099
Particle (39):: Fit: 15.8143	PB: 15.8143	LB: 25.4625	GB: 25.4625	Conf: 0.358612	Pts: 55099
Particle (40):: Fit: 3.19543	PB: 3.19543	LB: 25.4625	GB: 25.4625	Conf: 0.881548	Pts: 55099
Particle (41):: Fit: 15.5548	PB: 15.5548	LB: 25.4625	GB: 25.4625	Conf: 0.946081	Pts: 60099
Particle (42):: Fit: 18.2217	PB: 18.2217	LB: 25.4625	GB: 25.4625	Conf: 0.520393	Pts: 70099
Particle (43):: Fit: 18.2284	PB: 18.2284	LB: 18.2284	GB: 25.4625	Conf: 0.565605	Pts: 75099
Particle (44):: Fit: 5.51621	PB: 5.51621	LB: 18.2284	GB: 25.4625	Conf: 0.453073	Pts: 50099
Particle (45):: Fit: 5.3567	PB: 5.3567	LB: 18.2284	GB: 25.4625	Conf: 0.136715	Pts: 50099
Particle (46):: Fit: 13.4268	PB: 13.4268	LB: 18.2284	GB: 25.4625	Conf: 0.513499	Pts: 50099
Particle (47):: Fit: 20.624	PB: 20.624	LB: 20.624	GB: 25.4625	Conf: 0.764306	Pts: 80099
Particle (48):: Fit: 4.80388	PB: 4.80388	LB: 20.624	GB: 25.4625	Conf: 0.376668	Pts: 50099
Particle (49):: Fit: 5.51408	PB: 5.51408	LB: 23.0372	GB: 25.4625	Conf: 0.442872	Pts: 50099
Global: 25.4625 - Correct: 90% of 10 tests
Global Best: 
  Inner Net 1
  -- 1 : 1 = 0.5345
  -- 1 : 2 = 0.6854
  -- 1 : 3 = 0.1455
  -- 1 : 4 = 0.915
  -- 1 : 5 = 0.4527
  -- 1 : 6 = 0.0508
  -- 1 : 7 = 0.0725
  -- 1 : 8 = 0.465
  -- 1 : 9 = 0.6667
  -- 1 : 10 = 0.1371
  -- 2 : 1 = 0.2847
  -- 2 : 2 = 0.4022
  -- 2 : 3 = 0.2523
  -- 2 : 4 = 0.7438
  -- 2 : 5 = 0.3244
  -- 2 : 6 = 0.4067
  -- 2 : 7 = 0.4846
  -- 2 : 8 = 0.7388
  -- 2 : 9 = 0.1027
  -- 2 : 10 = 0.2841
  -- 3 : 1 = 0.8601
  -- 3 : 2 = 0.1903
  -- 3 : 3 = 0.9145
  -- 3 : 4 = 0.5228
  -- 3 : 5 = 0.5588
  -- 3 : 6 = 0.1109
  -- 3 : 7 = 0.829
  -- 3 : 8 = 0.6606
  -- 3 : 9 = 0.7974
  -- 3 : 10 = 0.4262
  -- 4 : 1 = 0.9351
  -- 4 : 2 = 0.9989
  -- 4 : 3 = 0.8382
  -- 4 : 4 = 0.9976
  -- 4 : 5 = 0.7097
  -- 4 : 6 = 0.6526
  -- 4 : 7 = 0.1236
  -- 4 : 8 = 0.8367
  -- 4 : 9 = 0.4789
  -- 4 : 10 = 0.1522
  -- 5 : 1 = 0.6032
  -- 5 : 2 = 0.3256
  -- 5 : 3 = 0.5353
  -- 5 : 4 = 0.5416
  -- 5 : 5 = 0.4649
  -- 5 : 6 = 0.5784
  -- 5 : 7 = 0.6486
  -- 5 : 8 = 0.4476
  -- 5 : 9 = 0.3376
  -- 5 : 10 = 0.9905
  -- 6 : 1 = 0.471
  -- 6 : 2 = 0.1262
  -- 6 : 3 = 0.3902
  -- 6 : 4 = 0.0501
  -- 6 : 5 = 0.5919
  -- 6 : 6 = 0.8558
  -- 6 : 7 = 0.5642
  -- 6 : 8 = 0.9038
  -- 6 : 9 = 0.0649
  -- 6 : 10 = 0.9575
  -- 7 : 1 = 0.536
  -- 7 : 2 = 0.5805
  -- 7 : 3 = 0.1613
  -- 7 : 4 = 0.0281
  -- 7 : 5 = 0.9199
  -- 7 : 6 = 0.7057
  -- 7 : 7 = 0.3439
  -- 7 : 8 = 0.7915
  -- 7 : 9 = 0.4178
  -- 7 : 10 = 0.9946
  -- 8 : 1 = 0.0445
  -- 8 : 2 = 0.8576
  -- 8 : 3 = 0.1489
  -- 8 : 4 = 0.8014
  -- 8 : 5 = 0.9176
  -- 8 : 6 = 0.3674
  -- 8 : 7 = 0.9272
  -- 8 : 8 = 0.1212
  -- 8 : 9 = 0.9666
  -- 8 : 10 = 0.1965
  -- 9 : 1 = 0.1049
  -- 9 : 2 = 0.4464
  -- 9 : 3 = 0.34
  -- 9 : 4 = 0.1253
  -- 9 : 5 = 0.2398
  -- 9 : 6 = 0.0711
  -- 9 : 7 = 0.9171
  -- 9 : 8 = 0.513
  -- 9 : 9 = 0.1169
  -- 9 : 10 = 0.7715
  -- 10 : 1 = 0.033
  -- 10 : 2 = 0.9107
  -- 10 : 3 = 0.5775
  -- 10 : 4 = 0.5008
  -- 10 : 5 = 0.0634
  -- 10 : 6 = 0.4905
  -- 10 : 7 = 0.1498
  -- 10 : 8 = 0.2408
  -- 10 : 9 = 0.2968
  -- 10 : 10 = 0.1277
  Inner Net 2
  -- 1 : 1 = 0.7663
  -- 1 : 2 = 0.3269
  -- 1 : 3 = 0.6278
  -- 1 : 4 = 0.1645
  -- 2 : 1 = 0.5432
  -- 2 : 2 = 0.2197
  -- 2 : 3 = 0.1156
  -- 2 : 4 = 0.3699
  -- 3 : 1 = 0.157
  -- 3 : 2 = 0.9778
  -- 3 : 3 = 0.6201
  -- 3 : 4 = 0.8942
  -- 4 : 1 = 0.7137
  -- 4 : 2 = 0.2514
  -- 4 : 3 = 0.3714
  -- 4 : 4 = 0.2853
  -- 5 : 1 = 0.109
  -- 5 : 2 = 0.3116
  -- 5 : 3 = 0.7035
  -- 5 : 4 = 0.3817
  -- 6 : 1 = 0.0977
  -- 6 : 2 = 0.1677
  -- 6 : 3 = 0.022
  -- 6 : 4 = 0.3035
  -- 7 : 1 = 0.4541
  -- 7 : 2 = 0.9642
  -- 7 : 3 = 0.5765
  -- 7 : 4 = 0.0158
  -- 8 : 1 = 0.7353
  -- 8 : 2 = 0.1847
  -- 8 : 3 = 0.9197
  -- 8 : 4 = 0.4269
  -- 9 : 1 = 0.2452
  -- 9 : 2 = 0.8711
  -- 9 : 3 = 0.1047
  -- 9 : 4 = 0.264
  -- 10 : 1 = 0.0315
  -- 10 : 2 = 0.1092
  -- 10 : 3 = 0.9158
  -- 10 : 4 = 0.0091
  Inner Net 3
  -- 1 : 1 = -0.0762
  -- 1 : 2 = 0.3194
  -- 2 : 1 = 0.1915
  -- 2 : 2 = 0.0592
  -- 3 : 1 = -0.364567
  -- 3 : 2 = -0.0761
  -- 4 : 1 = 0.106
  -- 4 : 2 = 0.3567
Out\Act	False		True
False	0	0.84198	0.84198
True	0	0.15802	0.15802
	0	1
	Accuracy [ (tp + tn) / testSize ]: 0.15802
	Precision [ tp / (tp + fp) ]:      0.157945
	Sensitivity [ tp / (tp + fn) ]:    0.996997
	Specificity [ tn / (tn + fp) ]:    0
	F-Score [ 2tp / (2tp + fp + fn) ]: 0.272802
Particle (0):: Fit: 4.07433	PB: 4.07433	LB: 23.0372	GB: 25.4625	Conf: 0.630671	Pts: 110198
Particle (8):: Fit: 13.4269	PB: 13.4269	LB: 23.0372	GB: 25.4625	Conf: 0.287332	Pts: 70198
Particle (12):: Fit: 19.9104	PB: 19.9104	LB: 19.9104	GB: 25.4625	Conf: 0.0907566	Pts: 95198
Particle (15):: Fit: 11.0113	PB: 11.0113	LB: 19.9104	GB: 25.4625	Conf: 0.359102	Pts: 65198
Particle (16):: Fit: 5.30044	PB: 5.30044	LB: 19.9104	GB: 25.4625	Conf: 0.0774589	Pts: 55198
Particle (21):: Fit: 15.835	PB: 15.835	LB: 18.1909	GB: 25.4625	Conf: 0.454674	Pts: 75198
Particle (22):: Fit: 15.606	PB: 15.606	LB: 15.835	GB: 25.4625	Conf: 0.0904148	Pts: 65198
Particle (24):: Fit: 17.7944	PB: 17.7944	LB: 17.7944	GB: 25.4625	Conf: 0.0896199	Pts: 90198
Particle (25):: Fit: 15.6482	PB: 15.6482	LB: 17.7944	GB: 25.4625	Conf: 0.124692	Pts: 55198
Particle (29):: Fit: 15.7159	PB: 15.7159	LB: 17.6892	GB: 25.4625	Conf: 0.191465	Pts: 55198
Particle (30):: Fit: 4.72415	PB: 4.72415	LB: 17.6892	GB: 25.4625	Conf: 0.135448	Pts: 55198
Particle (32):: Fit: 13.3634	PB: 13.3634	LB: 17.6892	GB: 25.4625	Conf: 0.130874	Pts: 65198
Particle (35):: Fit: 3.38191	PB: 3.38191	LB: 25.4625	GB: 25.4625	Conf: 0.127423	Pts: 55197
Particle (36):: Fit: 6.25378	PB: 6.25378	LB: 25.4625	GB: 25.4625	Conf: 0.622141	Pts: 60198
Particle (40):: Fit: 4.07624	PB: 4.07624	LB: 25.4625	GB: 25.4625	Conf: 0.177035	Pts: 55198
Particle (44):: Fit: 6.23016	PB: 6.23016	LB: 20.624	GB: 25.4625	Conf: 0.89234	Pts: 50198
Particle (49):: Fit: 17.6327	PB: 17.6327	LB: 23.0372	GB: 25.4625	Conf: 0.0160728	Pts: 50198
Particle (0):: Fit: 4.77645	PB: 4.77645	LB: 23.0372	GB: 25.4625	Conf: 0.743501	Pts: 110297
Particle (1):: Fit: 13.4384	PB: 13.4384	LB: 23.0372	GB: 25.4625	Conf: 0.425822	Pts: 110197
Particle (5):: Fit: 15.6844	PB: 15.6844	LB: 23.0372	GB: 25.4625	Conf: 0.841881	Pts: 55197
Particle (6):: Fit: 18.1969	PB: 18.1969	LB: 23.0372	GB: 25.4625	Conf: 0.442605	Pts: 60197
Particle (10):: Fit: 15.7399	PB: 15.7399	LB: 19.9104	GB: 25.4625	Conf: 0.779328	Pts: 55197
Particle (13):: Fit: 23.0459	PB: 23.0459	LB: 23.0459	GB: 25.4625	Conf: 0.780047	Pts: 105197
Particle (16):: Fit: 5.44504	PB: 5.44504	LB: 23.0459	GB: 25.4625	Conf: 0.939263	Pts: 55297
Particle (28):: Fit: 17.657	PB: 17.657	LB: 17.7944	GB: 25.4625	Conf: 0.0263034	Pts: 55197
Particle (30):: Fit: 4.80158	PB: 4.80158	LB: 17.6892	GB: 25.4625	Conf: 0.361738	Pts: 55297
Particle (31):: Fit: 4.67579	PB: 4.67579	LB: 17.6892	GB: 25.4625	Conf: 0.940066	Pts: 60197
Particle (33):: Fit: 25.4811	PB: 25.4811	LB: 25.4811	GB: 25.4811	Conf: 0.843994	Pts: 160197
Particle (35):: Fit: 6.99768	PB: 6.99768	LB: 25.4811	GB: 25.4811	Conf: 0.779003	Pts: 55296
Particle (41):: Fit: 18.2289	PB: 18.2289	LB: 25.4625	GB: 25.4811	Conf: 0.571382	Pts: 60197
Particle (45):: Fit: 15.8348	PB: 15.8348	LB: 20.624	GB: 25.4811	Conf: 0.452663	Pts: 50197
Global: 25.4811 - Correct: 90% of 10 tests
Global Best: 
  Inner Net 1
  -- 1 : 1 = 0.8222
  -- 1 : 2 = 0.4212
  -- 1 : 3 = 0.4291
  -- 1 : 4 = 0.2979
  -- 1 : 5 = 0.2392
  -- 1 : 6 = 0.5646
  -- 1 : 7 = 0.8314
  -- 1 : 8 = 0.5902
  -- 1 : 9 = 0.6426
  -- 1 : 10 = 0.1187
  -- 2 : 1 = 0.8652
  -- 2 : 2 = 0.1744
  -- 2 : 3 = 0.7865
  -- 2 : 4 = 0.7968
  -- 2 : 5 = 0.3607
  -- 2 : 6 = 0.9506
  -- 2 : 7 = 0.2688
  -- 2 : 8 = 0.5688
  -- 2 : 9 = 0.7115
  -- 2 : 10 = 0.5886
  -- 3 : 1 = 0.3341
  -- 3 : 2 = 0.2365
  -- 3 : 3 = 0.882
  -- 3 : 4 = 0.3238
  -- 3 : 5 = 0.5754
  -- 3 : 6 = 0.0388
  -- 3 : 7 = 0.6792
  -- 3 : 8 = 0.3128
  -- 3 : 9 = 0.8303
  -- 3 : 10 = 0.2419
  -- 4 : 1 = 0.6044
  -- 4 : 2 = 0.8945
  -- 4 : 3 = 0.4678
  -- 4 : 4 = 0.6046
  -- 4 : 5 = 0.2092
  -- 4 : 6 = 0.2943
  -- 4 : 7 = 0.1935
  -- 4 : 8 = 0.9475
  -- 4 : 9 = 0.4555
  -- 4 : 10 = 0.3771
  -- 5 : 1 = 0.4165
  -- 5 : 2 = 0.0563
  -- 5 : 3 = 0.0951
  -- 5 : 4 = 0.0471
  -- 5 : 5 = 0.5201
  -- 5 : 6 = 0.4706
  -- 5 : 7 = 0.248
  -- 5 : 8 = 0.2404
  -- 5 : 9 = 0.8478
  -- 5 : 10 = 0.2352
  -- 6 : 1 = 0.7466
  -- 6 : 2 = 0.9848
  -- 6 : 3 = 0.7644
  -- 6 : 4 = 0.1033
  -- 6 : 5 = 0.2562
  -- 6 : 6 = 0.4253
  -- 6 : 7 = 0.7113
  -- 6 : 8 = 0.0362
  -- 6 : 9 = 0.8014
  -- 6 : 10 = 0.4621
  -- 7 : 1 = 0.3197
  -- 7 : 2 = 0.7845
  -- 7 : 3 = 0.2007
  -- 7 : 4 = 0.0493
  -- 7 : 5 = 0.1364
  -- 7 : 6 = 0.2247
  -- 7 : 7 = 0.6539
  -- 7 : 8 = 0.6504
  -- 7 : 9 = 0.6241
  -- 7 : 10 = 0.8343
  -- 8 : 1 = 0.8142
  -- 8 : 2 = 0.1134
  -- 8 : 3 = 0.4353
  -- 8 : 4 = 0.7666
  -- 8 : 5 = 0.2706
  -- 8 : 6 = 0.014
  -- 8 : 7 = 0.6238
  -- 8 : 8 = 0.9685
  -- 8 : 9 = 0.0295
  -- 8 : 10 = 0.0254
  -- 9 : 1 = 0.9622
  -- 9 : 2 = 0.0186
  -- 9 : 3 = 0.4308
  -- 9 : 4 = 0.1121
  -- 9 : 5 = 0.5819
  -- 9 : 6 = 0.4056
  -- 9 : 7 = 0.2566
  -- 9 : 8 = 0.8494
  -- 9 : 9 = 0.6588
  -- 9 : 10 = 0.538
  -- 10 : 1 = 0.3608
  -- 10 : 2 = 0.7252
  -- 10 : 3 = 0.5299
  -- 10 : 4 = 0.1468
  -- 10 : 5 = 0.8372
  -- 10 : 6 = 0.6486
  -- 10 : 7 = 0.6256
  -- 10 : 8 = 0.3237
  -- 10 : 9 = 0.3481
  -- 10 : 10 = 0.5381
  Inner Net 2
  -- 1 : 1 = 0.1735
  -- 1 : 2 = 0.6258
  -- 1 : 3 = 0.8014
  -- 1 : 4 = 0.107
  -- 2 : 1 = 0.8709
  -- 2 : 2 = 0.3833
  -- 2 : 3 = 0.087
  -- 2 : 4 = 0.8087
  -- 3 : 1 = 0.4392
  -- 3 : 2 = 0.6385
  -- 3 : 3 = 0.7572
  -- 3 : 4 = 0.8614
  -- 4 : 1 = 0.1472
  -- 4 : 2 = 0.9631
  -- 4 : 3 = 0.9424
  -- 4 : 4 = 0.362
  -- 5 : 1 = 0.2625
  -- 5 : 2 = 0.9809
  -- 5 : 3 = 0.1898
  -- 5 : 4 = 0.6656
  -- 6 : 1 = 0.8586
  -- 6 : 2 = 0.657
  -- 6 : 3 = 0.5615
  -- 6 : 4 = 0.1398
  -- 7 : 1 = 0.4443
  -- 7 : 2 = 0.1983
  -- 7 : 3 = 0.4475
  -- 7 : 4 = 0.0945
  -- 8 : 1 = 0.2082
  -- 8 : 2 = 0.5633
  -- 8 : 3 = 0.787
  -- 8 : 4 = 0.7374
  -- 9 : 1 = 0.4279
  -- 9 : 2 = 0.3196
  -- 9 : 3 = 0.9665
  -- 9 : 4 = 0.6356
  -- 10 : 1 = 0.5401
  -- 10 : 2 = 0.2751
  -- 10 : 3 = 0.4266
  -- 10 : 4 = 0.0497
  Inner Net 3
  -- 1 : 1 = -0.0158713
  -- 1 : 2 = 0.0767962
  -- 2 : 1 = 0.198319
  -- 2 : 2 = -0.203525
  -- 3 : 1 = -0.231593
  -- 3 : 2 = -0.0502597
  -- 4 : 1 = 0.0138867
  -- 4 : 2 = 0.403
Out\Act	False		True
False	0	0.84198	0.84198
True	0	0.15802	0.15802
	0	1
	Accuracy [ (tp + tn) / testSize ]: 0.15802
	Precision [ tp / (tp + fp) ]:      0.157945
	Sensitivity [ tp / (tp + fn) ]:    0.996997
	Specificity [ tn / (tn + fp) ]:    0
	F-Score [ 2tp / (2tp + fp + fn) ]: 0.272802
Particle (0):: Fit: 5.44832	PB: 5.44832	LB: 23.0372	GB: 25.4811	Conf: 0.933362	Pts: 110396
Particle (8):: Fit: 15.8109	PB: 15.8109	LB: 23.0459	GB: 25.4811	Conf: 0.349109	Pts: 70296
Particle (10):: Fit: 20.4011	PB: 20.4011	LB: 23.0459	GB: 25.4811	Conf: 0.331594	Pts: 55296
Particle (14):: Fit: 13.3791	PB: 13.3791	LB: 23.0459	GB: 25.4811	Conf: 0.157994	Pts: 55196
Particle (15):: Fit: 17.8578	PB: 17.8578	LB: 23.0459	GB: 25.4811	Conf: 0.122959	Pts: 65296
Particle (18):: Fit: 5.49977	PB: 5.49977	LB: 18.1909	GB: 25.4811	Conf: 0.811924	Pts: 55196
Particle (21):: Fit: 18.224	PB: 18.224	LB: 18.224	GB: 25.4811	Conf: 0.532577	Pts: 115296
Particle (23):: Fit: 15.8155	PB: 15.8155	LB: 18.224	GB: 25.4811	Conf: 0.637524	Pts: 80196
Particle (25):: Fit: 15.6892	PB: 15.6892	LB: 18.224	GB: 25.4811	Conf: 0.837119	Pts: 55296
Particle (29):: Fit: 23.006	PB: 23.006	LB: 25.4811	GB: 25.4811	Conf: 0.642372	Pts: 75296
Particle (31):: Fit: 6.97583	PB: 6.97583	LB: 25.4811	GB: 25.4811	Conf: 0.635357	Pts: 60296
Particle (32):: Fit: 15.6079	PB: 15.6079	LB: 25.4811	GB: 25.4811	Conf: 0.90814	Pts: 65296
Particle (35):: Fit: 20.629	PB: 20.629	LB: 25.4811	GB: 25.4811	Conf: 0.673826	Pts: 55395
Particle (37):: Fit: 15.8216	PB: 15.8216	LB: 25.4811	GB: 25.4811	Conf: 0.382842	Pts: 70196
Particle (39):: Fit: 22.8642	PB: 22.8642	LB: 25.4625	GB: 25.4811	Conf: 0.481714	Pts: 60196
Particle (40):: Fit: 18.2191	PB: 18.2191	LB: 25.4625	GB: 25.4811	Conf: 0.691051	Pts: 55296
Particle (43):: Fit: 20.5329	PB: 20.5329	LB: 22.8642	GB: 25.4811	Conf: 0.949264	Pts: 75196
Particle (44):: Fit: 7.95137	PB: 7.95137	LB: 20.624	GB: 25.4811	Conf: 0.914353	Pts: 50296
Particle (46):: Fit: 18.001	PB: 18.001	LB: 20.624	GB: 25.4811	Conf: 0.986127	Pts: 50196
Particle (48):: Fit: 6.25423	PB: 6.25423	LB: 20.624	GB: 25.4811	Conf: 0.773789	Pts: 50196
Particle (0):: Fit: 13.2705	PB: 13.2705	LB: 23.0372	GB: 25.4811	Conf: 0.0174427	Pts: 110495
Particle (8):: Fit: 18.0511	PB: 18.0511	LB: 23.0459	GB: 25.4811	Conf: 0.94614	Pts: 70395
Particle (12):: Fit: 20.4209	PB: 20.4209	LB: 23.0459	GB: 25.4811	Conf: 0.346175	Pts: 95295
Particle (18):: Fit: 17.9486	PB: 17.9486	LB: 18.224	GB: 25.4811	Conf: 0.177345	Pts: 55295
Particle (19):: Fit: 23.0171	PB: 23.0171	LB: 23.0171	GB: 25.4811	Conf: 0.664896	Pts: 90195
Particle (20):: Fit: 13.3988	PB: 13.3988	LB: 23.0171	GB: 25.4811	Conf: 0.601118	Pts: 55194
Particle (22):: Fit: 15.8371	PB: 15.8371	LB: 23.0171	GB: 25.4811	Conf: 0.487108	Pts: 65295
Particle (26):: Fit: 15.5411	PB: 15.5411	LB: 23.006	GB: 25.4811	Conf: 0.955144	Pts: 60195
Particle (30):: Fit: 6.25787	PB: 6.25787	LB: 25.4811	GB: 25.4811	Conf: 0.67965	Pts: 55395
Particle (31):: Fit: 7.88808	PB: 7.88808	LB: 25.4811	GB: 25.4811	Conf: 0.940995	Pts: 60395
Particle (42):: Fit: 19.9997	PB: 19.9997	LB: 25.4625	GB: 25.4811	Conf: 0.124964	Pts: 70194
Particle (7):: Fit: 13.1127	PB: 13.1127	LB: 23.0372	GB: 25.4811	Conf: 0.903284	Pts: 65193
Particle (14):: Fit: 18.069	PB: 18.069	LB: 23.0459	GB: 25.4811	Conf: 0.930156	Pts: 55294
Particle (24):: Fit: 17.9623	PB: 17.9623	LB: 23.006	GB: 25.4811	Conf: 0.186438	Pts: 90294
Particle (44):: Fit: 18.1842	PB: 18.1842	LB: 20.624	GB: 25.4811	Conf: 0.416095	Pts: 50394
Particle (0):: Fit: 19.8603	PB: 19.8603	LB: 23.0372	GB: 25.4811	Conf: 0.0726177	Pts: 110593
Particle (25):: Fit: 18.1989	PB: 18.1989	LB: 23.006	GB: 25.4811	Conf: 0.752582	Pts: 55393
Particle (28):: Fit: 23.019	PB: 23.019	LB: 25.4811	GB: 25.4811	Conf: 0.66914	Pts: 80292
Particle (30):: Fit: 18.0844	PB: 18.0844	LB: 25.4811	GB: 25.4811	Conf: 0.91546	Pts: 55493
Particle (32):: Fit: 20.5	PB: 20.5	LB: 25.4811	GB: 25.4811	Conf: 0.985151	Pts: 65393
Particle (34):: Fit: 18.1694	PB: 18.1694	LB: 25.4811	GB: 25.4811	Conf: 0.810306	Pts: 55193
Particle (36):: Fit: 13.1395	PB: 13.1395	LB: 25.4811	GB: 25.4811	Conf: 0.886016	Pts: 60293
Particle (4):: Fit: 24.5531	PB: 24.5531	LB: 24.5531	GB: 25.4811	Conf: 0.261318	Pts: 160192
Particle (8):: Fit: 20.4978	PB: 20.4978	LB: 24.5531	GB: 25.4811	Conf: 0.987373	Pts: 70492
Particle (27):: Fit: 20.485	PB: 20.485	LB: 23.019	GB: 25.4811	Conf: 0.400166	Pts: 70192
Particle (31):: Fit: 13.236	PB: 13.236	LB: 25.4811	GB: 25.4811	Conf: 0.813807	Pts: 60492
Particle (36):: Fit: 15.8347	PB: 15.8347	LB: 25.4811	GB: 25.4811	Conf: 0.451765	Pts: 60392
Particle (23):: Fit: 18.2074	PB: 18.2074	LB: 23.019	GB: 25.4811	Conf: 0.46934	Pts: 80291
Particle (26):: Fit: 19.7826	PB: 19.7826	LB: 23.019	GB: 25.4811	Conf: 0.0456688	Pts: 60291
Particle (32):: Fit: 20.6293	PB: 20.6293	LB: 25.4811	GB: 25.4811	Conf: 0.678207	Pts: 65491
Particle (37):: Fit: 19.6802	PB: 19.6802	LB: 25.4811	GB: 25.4811	Conf: 0.0121454	Pts: 70291
Particle (44):: Fit: 18.1994	PB: 18.1994	LB: 20.624	GB: 25.4811	Conf: 0.751342	Pts: 50491
Particle (2):: Fit: 18.0401	PB: 18.0401	LB: 24.5531	GB: 25.4811	Conf: 0.244546	Pts: 110190
Particle (5):: Fit: 17.945	PB: 17.945	LB: 24.5531	GB: 25.4811	Conf: 0.175003	Pts: 55290
Particle (18):: Fit: 23.0355	PB: 23.0355	LB: 23.0355	GB: 25.4811	Conf: 0.716368	Pts: 80390
Particle (20):: Fit: 13.4206	PB: 13.4206	LB: 23.0355	GB: 25.4811	Conf: 0.261542	Pts: 55289
Particle (30):: Fit: 20.5999	PB: 20.5999	LB: 25.4811	GB: 25.4811	Conf: 0.842477	Pts: 55589
Particle (36):: Fit: 18.2299	PB: 18.2299	LB: 25.4811	GB: 25.4811	Conf: 0.604287	Pts: 60490
Particle (43):: Fit: 22.9964	PB: 22.9964	LB: 22.9964	GB: 25.4811	Conf: 0.625506	Pts: 100290
Particle (44):: Fit: 20.5967	PB: 20.5967	LB: 22.9964	GB: 25.4811	Conf: 0.849748	Pts: 50590
Particle (45):: Fit: 20.499	PB: 20.499	LB: 22.9964	GB: 25.4811	Conf: 0.413786	Pts: 50290
Particle (48):: Fit: 10.9105	PB: 10.9105	LB: 20.624	GB: 25.4811	Conf: 0.640532	Pts: 50290
Particle (49):: Fit: 20.5802	PB: 20.5802	LB: 24.5531	GB: 25.4811	Conf: 0.881782	Pts: 50289
Particle (1):: Fit: 18.2131	PB: 18.2131	LB: 24.5531	GB: 25.4811	Conf: 0.486622	Pts: 110289
Particle (7):: Fit: 20.5263	PB: 20.5263	LB: 24.5531	GB: 25.4811	Conf: 0.956951	Pts: 65288
Particle (16):: Fit: 5.52553	PB: 5.52553	LB: 23.0459	GB: 25.4811	Conf: 0.687795	Pts: 55386
Particle (20):: Fit: 15.8203	PB: 15.8203	LB: 23.0355	GB: 25.4811	Conf: 0.378059	Pts: 55388
Particle (23):: Fit: 18.2207	PB: 18.2207	LB: 23.019	GB: 25.4811	Conf: 0.684365	Pts: 80389
Particle (29):: Fit: 23.0254	PB: 23.0254	LB: 25.4811	GB: 25.4811	Conf: 0.914933	Pts: 95389
Particle (31):: Fit: 15.7325	PB: 15.7325	LB: 25.4811	GB: 25.4811	Conf: 0.788725	Pts: 60589
Particle (37):: Fit: 20.5266	PB: 20.5266	LB: 25.4811	GB: 25.4811	Conf: 0.443428	Pts: 70389
Particle (39):: Fit: 23.0416	PB: 23.0416	LB: 25.4625	GB: 25.4811	Conf: 0.743712	Pts: 65289
Particle (48):: Fit: 10.9775	PB: 10.9775	LB: 20.624	GB: 25.4811	Conf: 0.0852988	Pts: 50389
Particle (1):: Fit: 20.6136	PB: 20.6136	LB: 24.5531	GB: 25.4811	Conf: 0.805842	Pts: 110388
Particle (9):: Fit: 20.589	PB: 20.589	LB: 23.0459	GB: 25.4811	Conf: 0.865613	Pts: 75188
Particle (16):: Fit: 7.77672	PB: 7.77672	LB: 23.0459	GB: 25.4811	Conf: 0.656048	Pts: 55485
Particle (22):: Fit: 18.0649	PB: 18.0649	LB: 23.0355	GB: 25.4811	Conf: 0.933907	Pts: 65388
Particle (27):: Fit: 20.6267	PB: 20.6267	LB: 23.0254	GB: 25.4811	Conf: 0.652138	Pts: 70288
Particle (17):: Fit: 22.2394	PB: 22.2394	LB: 23.0459	GB: 25.4811	Conf: 0.180839	Pts: 80187
Particle (29):: Fit: 23.0443	PB: 23.0443	LB: 25.4811	GB: 25.4811	Conf: 0.837978	Pts: 115487
Particle (34):: Fit: 24.4271	PB: 24.4271	LB: 25.4811	GB: 25.4811	Conf: 0.222344	Pts: 55287
Particle (46):: Fit: 20.4882	PB: 20.4882	LB: 22.9964	GB: 25.4811	Conf: 0.996741	Pts: 50287
Particle (48):: Fit: 25.4864	PB: 25.4864	LB: 25.4864	GB: 25.4864	Conf: 0.901295	Pts: 110487
Global: 25.4864 - Correct: 90% of 10 tests
Global Best: 
  Inner Net 1
  -- 1 : 1 = 0.5673
  -- 1 : 2 = 0.05
  -- 1 : 3 = 0.5404
  -- 1 : 4 = 0.8155
  -- 1 : 5 = 0.4908
  -- 1 : 6 = 0.1071
  -- 1 : 7 = 0.6447
  -- 1 : 8 = 0.0165
  -- 1 : 9 = 0.7079
  -- 1 : 10 = 0.277
  -- 2 : 1 = 0.0233
  -- 2 : 2 = 0.1873
  -- 2 : 3 = 0.1743
  -- 2 : 4 = 0.2433
  -- 2 : 5 = 0.2459
  -- 2 : 6 = 0.6896
  -- 2 : 7 = 0.5093
  -- 2 : 8 = 0.3351
  -- 2 : 9 = 0.6612
  -- 2 : 10 = 0.9825
  -- 3 : 1 = 0.5644
  -- 3 : 2 = 0.1639
  -- 3 : 3 = 0.1899
  -- 3 : 4 = 0.0164
  -- 3 : 5 = 0.4369
  -- 3 : 6 = 0.0164
  -- 3 : 7 = 0.7707
  -- 3 : 8 = 0.2179
  -- 3 : 9 = 0.6934
  -- 3 : 10 = 0.7822
  -- 4 : 1 = 0.4318
  -- 4 : 2 = 0.3874
  -- 4 : 3 = 0.4879
  -- 4 : 4 = 0.2671
  -- 4 : 5 = 0.1469
  -- 4 : 6 = 0.2229
  -- 4 : 7 = 0.1056
  -- 4 : 8 = 0.0533
  -- 4 : 9 = 0.2327
  -- 4 : 10 = 0.8548
  -- 5 : 1 = 0.8934
  -- 5 : 2 = 0.6336
  -- 5 : 3 = 0.2784
  -- 5 : 4 = 0.2107
  -- 5 : 5 = 0.2342
  -- 5 : 6 = 0.6142
  -- 5 : 7 = 0.0251
  -- 5 : 8 = 0.7045
  -- 5 : 9 = 0.7844
  -- 5 : 10 = 0.3109
  -- 6 : 1 = 0.6939
  -- 6 : 2 = 0.129
  -- 6 : 3 = 0.4181
  -- 6 : 4 = 0.4721
  -- 6 : 5 = 0.9031
  -- 6 : 6 = 0.8006
  -- 6 : 7 = 0.8822
  -- 6 : 8 = 0.747
  -- 6 : 9 = 0.2733
  -- 6 : 10 = 0.9436
  -- 7 : 1 = 0.9278
  -- 7 : 2 = 0.8473
  -- 7 : 3 = 0.092
  -- 7 : 4 = 0.4235
  -- 7 : 5 = 0.9841
  -- 7 : 6 = 0.2338
  -- 7 : 7 = 0.306
  -- 7 : 8 = 0.3087
  -- 7 : 9 = 0.5255
  -- 7 : 10 = 0.6804
  -- 8 : 1 = 0.9809
  -- 8 : 2 = 0.1563
  -- 8 : 3 = 0.366
  -- 8 : 4 = 0.5448
  -- 8 : 5 = 0.175
  -- 8 : 6 = 0.9462
  -- 8 : 7 = 0.9257
  -- 8 : 8 = 0.9111
  -- 8 : 9 = 0.0729
  -- 8 : 10 = 0.5428
  -- 9 : 1 = 0.194
  -- 9 : 2 = 0.4079
  -- 9 : 3 = 0.5116
  -- 9 : 4 = 0.4119
  -- 9 : 5 = 0.3891
  -- 9 : 6 = 0.4648
  -- 9 : 7 = 0.4521
  -- 9 : 8 = 0.8997
  -- 9 : 9 = 0.7462
  -- 9 : 10 = 0.4087
  -- 10 : 1 = 0.8674
  -- 10 : 2 = 0.1867
  -- 10 : 3 = 0.6182
  -- 10 : 4 = 0.5203
  -- 10 : 5 = 0.1074
  -- 10 : 6 = 0.9634
  -- 10 : 7 = 0.8136
  -- 10 : 8 = 0.4966
  -- 10 : 9 = 0.6888
  -- 10 : 10 = 0.0929
  Inner Net 2
  -- 1 : 1 = 0.0631
  -- 1 : 2 = 0.2086
  -- 1 : 3 = 0.2182
  -- 1 : 4 = 0.8611
  -- 2 : 1 = 0.5713
  -- 2 : 2 = 0.2164
  -- 2 : 3 = 0.362
  -- 2 : 4 = 0.9275
  -- 3 : 1 = 0.8513
  -- 3 : 2 = 0.8068
  -- 3 : 3 = 0.6362
  -- 3 : 4 = 0.3445
  -- 4 : 1 = 0.4141
  -- 4 : 2 = 0.1407
  -- 4 : 3 = 0.283
  -- 4 : 4 = 0.4207
  -- 5 : 1 = 0.0816
  -- 5 : 2 = 0.2565
  -- 5 : 3 = 0.4827
  -- 5 : 4 = 0.196
  -- 6 : 1 = 0.4778
  -- 6 : 2 = 0.4743
  -- 6 : 3 = 0.7843
  -- 6 : 4 = 0.6887
  -- 7 : 1 = 0.6358
  -- 7 : 2 = 0.4532
  -- 7 : 3 = 0.0645
  -- 7 : 4 = 0.6207
  -- 8 : 1 = 0.8477
  -- 8 : 2 = 0.3683
  -- 8 : 3 = 0.685
  -- 8 : 4 = 0.0113
  -- 9 : 1 = 0.7834
  -- 9 : 2 = 0.6465
  -- 9 : 3 = 0.9069
  -- 9 : 4 = 0.7939
  -- 10 : 1 = 0.2381
  -- 10 : 2 = 0.281
  -- 10 : 3 = 0.7602
  -- 10 : 4 = 0.104
  Inner Net 3
  -- 1 : 1 = -0.23219
  -- 1 : 2 = 0.16764
  -- 2 : 1 = -0.154198
  -- 2 : 2 = -0.0660341
  -- 3 : 1 = 0.408791
  -- 3 : 2 = -0.125697
  -- 4 : 1 = 0.0108223
  -- 4 : 2 = 0.360708
Out\Act	False		True
False	0	0.84198	0.84198
True	0	0.15802	0.15802
	0	1
	Accuracy [ (tp + tn) / testSize ]: 0.15802
	Precision [ tp / (tp + fp) ]:      0.157945
	Sensitivity [ tp / (tp + fn) ]:    0.996997
	Specificity [ tn / (tn + fp) ]:    0
	F-Score [ 2tp / (2tp + fp + fn) ]: 0.272802
Particle (5):: Fit: 20.6176	PB: 20.6176	LB: 24.5531	GB: 25.4864	Conf: 0.607833	Pts: 55386
Particle (22):: Fit: 23.0462	PB: 23.0462	LB: 23.0462	GB: 25.4864	Conf: 0.81612	Pts: 115486
Particle (15):: Fit: 18.1824	PB: 18.1824	LB: 23.0459	GB: 25.4864	Conf: 0.787369	Pts: 65385
Particle (20):: Fit: 18.1123	PB: 18.1123	LB: 23.0462	GB: 25.4864	Conf: 0.886373	Pts: 55484
Particle (31):: Fit: 15.8243	PB: 15.8243	LB: 25.4811	GB: 25.4864	Conf: 0.606692	Pts: 60685
Particle (44):: Fit: 20.6128	PB: 20.6128	LB: 25.4864	GB: 25.4864	Conf: 0.808546	Pts: 50685
Particle (45):: Fit: 20.6285	PB: 20.6285	LB: 25.4864	GB: 25.4864	Conf: 0.732108	Pts: 50385
Particle (1):: Fit: 23.0109	PB: 23.0109	LB: 25.4864	GB: 25.4864	Conf: 0.948138	Pts: 110484
Particle (15):: Fit: 18.2299	PB: 18.2299	LB: 23.0459	GB: 25.4864	Conf: 0.593578	Pts: 65484
Particle (16):: Fit: 20.3775	PB: 20.3775	LB: 23.0459	GB: 25.4864	Conf: 0.315115	Pts: 55581
Particle (21):: Fit: 22.8784	PB: 22.8784	LB: 23.0462	GB: 25.4864	Conf: 0.493196	Pts: 115384
Particle (24):: Fit: 19.7416	PB: 19.7416	LB: 23.0462	GB: 25.4864	Conf: 0.0319962	Pts: 90383
Particle (41):: Fit: 23.0424	PB: 23.0424	LB: 25.4625	GB: 25.4864	Conf: 0.851611	Pts: 60284
Particle (27):: Fit: 23.0465	PB: 23.0465	LB: 23.0465	GB: 25.4864	Conf: 0.80469	Pts: 100383
Particle (0):: Fit: 20.5852	PB: 20.5852	LB: 25.4864	GB: 25.4864	Conf: 0.527219	Pts: 110682
Particle (2):: Fit: 18.1359	PB: 18.1359	LB: 25.4864	GB: 25.4864	Conf: 0.341572	Pts: 110282
Particle (25):: Fit: 20.6074	PB: 20.6074	LB: 23.0465	GB: 25.4864	Conf: 0.824004	Pts: 55482
Particle (31):: Fit: 20.3809	PB: 20.3809	LB: 25.4811	GB: 25.4864	Conf: 0.317455	Pts: 60782
Particle (20):: Fit: 18.2298	PB: 18.2298	LB: 23.0462	GB: 25.4864	Conf: 0.611221	Pts: 55580
Particle (24):: Fit: 20.4641	PB: 20.4641	LB: 23.0465	GB: 25.4864	Conf: 0.381235	Pts: 90480
Particle (6):: Fit: 18.2063	PB: 18.2063	LB: 24.5531	GB: 25.4864	Conf: 0.733611	Pts: 60278
Particle (14):: Fit: 18.2289	PB: 18.2289	LB: 23.0459	GB: 25.4864	Conf: 0.571886	Pts: 55380
Particle (25):: Fit: 22.9907	PB: 22.9907	LB: 23.0465	GB: 25.4864	Conf: 0.616199	Pts: 55580
Particle (26):: Fit: 20.6172	PB: 20.6172	LB: 23.0465	GB: 25.4864	Conf: 0.606151	Pts: 60380
Particle (42):: Fit: 20.5985	PB: 20.5985	LB: 25.4625	GB: 25.4864	Conf: 0.84585	Pts: 70279
Particle (3):: Fit: 22.7002	PB: 22.7002	LB: 24.5531	GB: 25.4864	Conf: 0.375432	Pts: 110179
Particle (11):: Fit: 18.2295	PB: 18.2295	LB: 23.0459	GB: 25.4864	Conf: 0.617932	Pts: 85179
Particle (46):: Fit: 20.6198	PB: 20.6198	LB: 25.4864	GB: 25.4864	Conf: 0.616395	Pts: 50378
Particle (15):: Fit: 20.568	PB: 20.568	LB: 23.0459	GB: 25.4864	Conf: 0.498203	Pts: 65577
Particle (26):: Fit: 20.6191	PB: 20.6191	LB: 23.0465	GB: 25.4864	Conf: 0.786473	Pts: 60477
Particle (37):: Fit: 25.472	PB: 25.472	LB: 25.4811	GB: 25.4864	Conf: 0.991712	Pts: 90476
Particle (23):: Fit: 20.4981	PB: 20.4981	LB: 23.0465	GB: 25.4864	Conf: 0.987085	Pts: 80476
Particle (16):: Fit: 22.9697	PB: 22.9697	LB: 23.0459	GB: 25.4864	Conf: 0.586351	Pts: 55670
Particle (33):: Fit: 25.8262	PB: 25.8262	LB: 25.8262	GB: 25.8262	Conf: 0.951412	Pts: 220274
Particle (36):: Fit: 26.358	PB: 26.358	LB: 26.358	GB: 26.358	Conf: 0.860904	Pts: 120573
Global: 26.358 - Correct: 92.3077% of 13 tests
Global Best: 
  Inner Net 1
  -- 1 : 1 = 0.973
  -- 1 : 2 = 0.6914
  -- 1 : 3 = 0.1208
  -- 1 : 4 = 0.0442
  -- 1 : 5 = 0.4453
  -- 1 : 6 = 0.7329
  -- 1 : 7 = 0.8962
  -- 1 : 8 = 0.1298
  -- 1 : 9 = 0.7241
  -- 1 : 10 = 0.0653
  -- 2 : 1 = 0.2163
  -- 2 : 2 = 0.4063
  -- 2 : 3 = 0.4932
  -- 2 : 4 = 0.3129
  -- 2 : 5 = 0.1603
  -- 2 : 6 = 0.7126
  -- 2 : 7 = 0.0903
  -- 2 : 8 = 0.0283
  -- 2 : 9 = 0.9293
  -- 2 : 10 = 0.257
  -- 3 : 1 = 0.8007
  -- 3 : 2 = 0.7716
  -- 3 : 3 = 0.5454
  -- 3 : 4 = 0.0305
  -- 3 : 5 = 0.1345
  -- 3 : 6 = 0.1842
  -- 3 : 7 = 0.406
  -- 3 : 8 = 0.8363
  -- 3 : 9 = 0.1034
  -- 3 : 10 = 0.9014
  -- 4 : 1 = 0.0809
  -- 4 : 2 = 0.1328
  -- 4 : 3 = 0.8678
  -- 4 : 4 = 0.0882
  -- 4 : 5 = 0.1576
  -- 4 : 6 = 0.145
  -- 4 : 7 = 0.3674
  -- 4 : 8 = 0.6581
  -- 4 : 9 = 0.1215
  -- 4 : 10 = 0.6099
  -- 5 : 1 = 0.3859
  -- 5 : 2 = 0.7882
  -- 5 : 3 = 0.5405
  -- 5 : 4 = 0.9951
  -- 5 : 5 = 0.2616
  -- 5 : 6 = 0.5133
  -- 5 : 7 = 0.8622
  -- 5 : 8 = 0.0477
  -- 5 : 9 = 0.3549
  -- 5 : 10 = 0.1392
  -- 6 : 1 = 0.3692
  -- 6 : 2 = 0.1898
  -- 6 : 3 = 0.9946
  -- 6 : 4 = 0.6222
  -- 6 : 5 = 0.0489
  -- 6 : 6 = 0.8519
  -- 6 : 7 = 0.3516
  -- 6 : 8 = 0.5038
  -- 6 : 9 = 0.5995
  -- 6 : 10 = 0.2861
  -- 7 : 1 = 0.4986
  -- 7 : 2 = 0.5481
  -- 7 : 3 = 0.1431
  -- 7 : 4 = 0.9678
  -- 7 : 5 = 0.6762
  -- 7 : 6 = 0.1615
  -- 7 : 7 = 0.6529
  -- 7 : 8 = 0.3613
  -- 7 : 9 = 0.0229
  -- 7 : 10 = 0.9735
  -- 8 : 1 = 0.2354
  -- 8 : 2 = 0.8
  -- 8 : 3 = 0.4504
  -- 8 : 4 = 0.2134
  -- 8 : 5 = 0.1963
  -- 8 : 6 = 0.8276
  -- 8 : 7 = 0.0301
  -- 8 : 8 = 0.6898
  -- 8 : 9 = 0.2617
  -- 8 : 10 = 0.3059
  -- 9 : 1 = 0.9721
  -- 9 : 2 = 0.4263
  -- 9 : 3 = 0.1161
  -- 9 : 4 = 0.0178
  -- 9 : 5 = 0.0551
  -- 9 : 6 = 0.6809
  -- 9 : 7 = 0.9502
  -- 9 : 8 = 0.5198
  -- 9 : 9 = 0.6949
  -- 9 : 10 = 0.126
  -- 10 : 1 = 0.4561
  -- 10 : 2 = 0.756
  -- 10 : 3 = 0.0814
  -- 10 : 4 = 0.2097
  -- 10 : 5 = 0.0265
  -- 10 : 6 = 0.2333
  -- 10 : 7 = 0.4472
  -- 10 : 8 = 0.3521
  -- 10 : 9 = 0.0411
  -- 10 : 10 = 0.1019
  Inner Net 2
  -- 1 : 1 = 0.0046
  -- 1 : 2 = 0.8894
  -- 1 : 3 = 0.8723
  -- 1 : 4 = 0.6785
  -- 2 : 1 = 0.4624
  -- 2 : 2 = 0.0792
  -- 2 : 3 = 0.5108
  -- 2 : 4 = 0.4647
  -- 3 : 1 = 0.2122
  -- 3 : 2 = 0.3134
  -- 3 : 3 = 0.4876
  -- 3 : 4 = 0.1966
  -- 4 : 1 = 0.2482
  -- 4 : 2 = 0.0214
  -- 4 : 3 = 0.3788
  -- 4 : 4 = 0.8265
  -- 5 : 1 = 0.5894
  -- 5 : 2 = 0.4991
  -- 5 : 3 = 0.5846
  -- 5 : 4 = 0.678
  -- 6 : 1 = 0.9894
  -- 6 : 2 = 0.5028
  -- 6 : 3 = 0.2695
  -- 6 : 4 = 0.738
  -- 7 : 1 = 0.0877
  -- 7 : 2 = 0.6132
  -- 7 : 3 = 0.8152
  -- 7 : 4 = 0.9431
  -- 8 : 1 = 0.4054
  -- 8 : 2 = 0.5904
  -- 8 : 3 = 0.9664
  -- 8 : 4 = 0.1917
  -- 9 : 1 = 0.3805
  -- 9 : 2 = 0.8516
  -- 9 : 3 = 0.7916
  -- 9 : 4 = 0.4479
  -- 10 : 1 = 0.9731
  -- 10 : 2 = 0.2745
  -- 10 : 3 = 0.1905
  -- 10 : 4 = 0.8831
  Inner Net 3
  -- 1 : 1 = -0.0957165
  -- 1 : 2 = -0.244339
  -- 2 : 1 = 0.0969936
  -- 2 : 2 = 0.00279793
  -- 3 : 1 = 0.0511457
  -- 3 : 2 = 0.123231
  -- 4 : 1 = 0.00440542
  -- 4 : 2 = -0.290245
Out\Act	False		True
False	0	0.84198	0.84198
True	0	0.15802	0.15802
	0	1
	Accuracy [ (tp + tn) / testSize ]: 0.15802
	Precision [ tp / (tp + fp) ]:      0.157945
	Sensitivity [ tp / (tp + fn) ]:    0.996997
	Specificity [ tn / (tn + fp) ]:    0
	F-Score [ 2tp / (2tp + fp + fn) ]: 0.272802
Particle (11):: Fit: 20.6275	PB: 20.6275	LB: 23.0459	GB: 26.358	Conf: 0.741119	Pts: 85271
Particle (19):: Fit: 23.0209	PB: 23.0209	LB: 23.0462	GB: 26.358	Conf: 0.926279	Pts: 90271
Particle (2):: Fit: 18.2001	PB: 18.2001	LB: 25.4864	GB: 26.358	Conf: 0.450209	Pts: 110370
Particle (10):: Fit: 20.6283	PB: 20.6283	LB: 23.0459	GB: 26.358	Conf: 0.734402	Pts: 55369
Particle (13):: Fit: 23.0462	PB: 23.0462	LB: 23.0462	GB: 26.358	Conf: 0.785861	Pts: 150270
Particle (43):: Fit: 25.1417	PB: 25.1417	LB: 25.4864	GB: 26.358	Conf: 0.495764	Pts: 100370
Particle (47):: Fit: 25.4862	PB: 25.4862	LB: 25.4864	GB: 26.358	Conf: 0.888418	Pts: 85170
Particle (14):: Fit: 20.5419	PB: 20.5419	LB: 23.0462	GB: 26.358	Conf: 0.938179	Pts: 55468
Particle (20):: Fit: 23.8658	PB: 23.8658	LB: 23.8658	GB: 26.358	Conf: 0.0715298	Pts: 105667
Particle (2):: Fit: 20.5313	PB: 20.5313	LB: 25.4864	GB: 26.358	Conf: 0.951165	Pts: 110468
Particle (6):: Fit: 20.6171	PB: 20.6171	LB: 24.5531	GB: 26.358	Conf: 0.606075	Pts: 60366
Particle (12):: Fit: 23.0388	PB: 23.0388	LB: 23.0462	GB: 26.358	Conf: 0.870038	Pts: 95368
Particle (35):: Fit: 23.0256	PB: 23.0256	LB: 26.358	GB: 26.358	Conf: 0.914545	Pts: 55466
Particle (8):: Fit: 22.8962	PB: 22.8962	LB: 24.5531	GB: 26.358	Conf: 0.508452	Pts: 70567
Particle (26):: Fit: 20.6242	PB: 20.6242	LB: 23.0465	GB: 26.358	Conf: 0.763471	Pts: 60567
Particle (7):: Fit: 20.6297	PB: 20.6297	LB: 24.5531	GB: 26.358	Conf: 0.687258	Pts: 65364
Particle (46):: Fit: 20.6215	PB: 20.6215	LB: 25.4864	GB: 26.358	Conf: 0.623566	Pts: 50465
Particle (8):: Fit: 23.0406	PB: 23.0406	LB: 24.5531	GB: 26.358	Conf: 0.861411	Pts: 70665
Particle (40):: Fit: 20.0619	PB: 20.0619	LB: 26.358	GB: 26.358	Conf: 0.150436	Pts: 55364
Particle (0):: Fit: 22.1415	PB: 22.1415	LB: 25.4864	GB: 26.358	Conf: 0.148173	Pts: 110764
Particle (12):: Fit: 25.4014	PB: 25.4014	LB: 25.4014	GB: 26.358	Conf: 0.686303	Pts: 145464
Particle (15):: Fit: 20.5982	PB: 20.5982	LB: 25.4014	GB: 26.358	Conf: 0.553648	Pts: 65664
Particle (24):: Fit: 22.499	PB: 22.499	LB: 23.8658	GB: 26.358	Conf: 0.2794	Pts: 90562
Particle (9):: Fit: 22.8629	PB: 22.8629	LB: 25.4014	GB: 26.358	Conf: 0.480642	Pts: 75263
Particle (11):: Fit: 23.0295	PB: 23.0295	LB: 25.4014	GB: 26.358	Conf: 0.903581	Pts: 85363
Particle (31):: Fit: 20.6042	PB: 20.6042	LB: 26.358	GB: 26.358	Conf: 0.567647	Pts: 60863
Particle (42):: Fit: 26.0399	PB: 26.0399	LB: 26.0399	GB: 26.358	Conf: 0.713134	Pts: 100362
Particle (30):: Fit: 22.9931	PB: 22.9931	LB: 25.8262	GB: 26.358	Conf: 0.620122	Pts: 55661
Particle (6):: Fit: 22.8871	PB: 22.8871	LB: 24.5531	GB: 26.358	Conf: 0.500519	Pts: 60459
Particle (40):: Fit: 20.6045	PB: 20.6045	LB: 26.358	GB: 26.358	Conf: 0.831556	Pts: 55459
Particle (10):: Fit: 24.9979	PB: 24.9979	LB: 25.4014	GB: 26.358	Conf: 0.426294	Pts: 65456
Particle (23):: Fit: 25.8675	PB: 25.8675	LB: 25.8675	GB: 26.358	Conf: 0.570403	Pts: 130557
Particle (2):: Fit: 23.0187	PB: 23.0187	LB: 25.4864	GB: 26.358	Conf: 0.931536	Pts: 110556
Particle (49):: Fit: 20.6275	PB: 20.6275	LB: 25.4864	GB: 26.358	Conf: 0.741435	Pts: 50355
Particle (32):: Fit: 23.0334	PB: 23.0334	LB: 26.358	GB: 26.358	Conf: 0.708782	Pts: 65550
Particle (44):: Fit: 22.9614	PB: 22.9614	LB: 26.0399	GB: 26.358	Conf: 0.575833	Pts: 50751
Particle (46):: Fit: 22.8393	PB: 22.8393	LB: 26.0399	GB: 26.358	Conf: 0.462727	Pts: 50549
Particle (32):: Fit: 23.0438	PB: 23.0438	LB: 26.358	GB: 26.358	Conf: 0.842046	Pts: 65649
Particle (31):: Fit: 25.1193	PB: 25.1193	LB: 26.358	GB: 26.358	Conf: 0.484072	Pts: 60949
Particle (19):: Fit: 23.039	PB: 23.039	LB: 25.8675	GB: 26.358	Conf: 0.869392	Pts: 90347
Particle (25):: Fit: 23.0465	PB: 23.0465	LB: 25.8675	GB: 26.358	Conf: 0.802487	Pts: 55648
Particle (15):: Fit: 23.0268	PB: 23.0268	LB: 25.4014	GB: 26.358	Conf: 0.688659	Pts: 65742
Particle (13):: Fit: 25.4297	PB: 25.4297	LB: 25.4297	GB: 26.358	Conf: 0.72302	Pts: 200340
Particle (40):: Fit: 20.6113	PB: 20.6113	LB: 26.358	GB: 26.358	Conf: 0.812951	Pts: 55540
Particle (14):: Fit: 24.6793	PB: 24.6793	LB: 25.4297	GB: 26.358	Conf: 0.206916	Pts: 55540
Particle (49):: Fit: 22.8392	PB: 22.8392	LB: 25.4864	GB: 26.358	Conf: 0.46265	Pts: 50438
Particle (7):: Fit: 23.0244	PB: 23.0244	LB: 25.4014	GB: 26.358	Conf: 0.917515	Pts: 65437
Particle (7):: Fit: 23.0451	PB: 23.0451	LB: 25.4014	GB: 26.358	Conf: 0.830876	Pts: 65536
Particle (29):: Fit: 23.0458	PB: 23.0458	LB: 25.8262	GB: 26.358	Conf: 0.778716	Pts: 115538
Particle (0):: Fit: 23.0159	PB: 23.0159	LB: 25.4864	GB: 26.358	Conf: 0.662299	Pts: 110835
Particle (49):: Fit: 24.3238	PB: 24.3238	LB: 25.4864	GB: 26.358	Conf: 0.192078	Pts: 50533
Particle (11):: Fit: 23.0414	PB: 23.0414	LB: 25.4297	GB: 26.358	Conf: 0.742471	Pts: 85431
Particle (26):: Fit: 23.0455	PB: 23.0455	LB: 25.8675	GB: 26.358	Conf: 0.77434	Pts: 60627
Particle (2):: Fit: 23.9656	PB: 23.9656	LB: 25.4864	GB: 26.358	Conf: 0.0961932	Pts: 110621
Particle (35):: Fit: 25.4074	PB: 25.4074	LB: 26.358	GB: 26.358	Conf: 0.69351	Pts: 55520
Particle (45):: Fit: 20.629	PB: 20.629	LB: 26.0399	GB: 26.358	Conf: 0.674313	Pts: 50420
Particle (45):: Fit: 22.3759	PB: 22.3759	LB: 26.0399	GB: 26.358	Conf: 0.230145	Pts: 50513
Particle (27):: Fit: 25.3759	PB: 25.3759	LB: 25.8675	GB: 26.358	Conf: 0.453433	Pts: 100412
Particle (44):: Fit: 23.035	PB: 23.035	LB: 26.0399	GB: 26.358	Conf: 0.714656	Pts: 50807
Particle (8):: Fit: 25.0127	PB: 25.0127	LB: 25.4297	GB: 26.358	Conf: 0.432891	Pts: 90706
Particle (16):: Fit: 23.0176	PB: 23.0176	LB: 25.4297	GB: 26.358	Conf: 0.933888	Pts: 55700
Particle (28):: Fit: 25.4817	PB: 25.4817	LB: 25.8262	GB: 26.358	Conf: 0.952647	Pts: 80301
Particle (17):: Fit: 22.7494	PB: 22.7494	LB: 25.4297	GB: 26.358	Conf: 0.403517	Pts: 80200
Particle (41):: Fit: 25.2345	PB: 25.2345	LB: 26.0399	GB: 26.358	Conf: 0.549283	Pts: 60291
Particle (24):: Fit: 23.0449	PB: 23.0449	LB: 25.8675	GB: 26.358	Conf: 0.832799	Pts: 90587
Particle (6):: Fit: 23.0005	PB: 23.0005	LB: 25.0127	GB: 26.358	Conf: 0.967505	Pts: 60479
Particle (18):: Fit: 24.7488	PB: 24.7488	LB: 25.8675	GB: 26.358	Conf: 0.327503	Pts: 80382
Particle (11):: Fit: 25.6207	PB: 25.6207	LB: 25.6207	GB: 26.358	Conf: 0.588944	Pts: 135481
Particle (30):: Fit: 24.1632	PB: 24.1632	LB: 25.8262	GB: 26.358	Conf: 0.14751	Pts: 55667
Particle (2):: Fit: 25.4828	PB: 25.4828	LB: 25.4864	GB: 26.358	Conf: 0.853617	Pts: 125663
Particle (45):: Fit: 22.8971	PB: 22.8971	LB: 26.0399	GB: 26.358	Conf: 0.509252	Pts: 50563
Particle (8):: Fit: 25.4838	PB: 25.4838	LB: 25.6207	GB: 26.358	Conf: 0.939521	Pts: 105761
Particle (22):: Fit: 25.9566	PB: 25.9566	LB: 25.9566	GB: 26.358	Conf: 0.492223	Pts: 165460
Particle (44):: Fit: 24.2947	PB: 24.2947	LB: 26.0399	GB: 26.358	Conf: 0.183784	Pts: 50861
Particle (32):: Fit: 24.77	PB: 24.77	LB: 26.358	GB: 26.358	Conf: 0.335166	Pts: 65649
Particle (21):: Fit: 22.9511	PB: 22.9511	LB: 25.9566	GB: 26.358	Conf: 0.563524	Pts: 115348
Particle (26):: Fit: 25.3194	PB: 25.3194	LB: 25.9566	GB: 26.358	Conf: 0.608897	Pts: 60641
Particle (0):: Fit: 25.083	PB: 25.083	LB: 25.4864	GB: 26.358	Conf: 0.465848	Pts: 110837
Particle (14):: Fit: 25.4425	PB: 25.4425	LB: 25.6207	GB: 26.358	Conf: 0.743165	Pts: 60535
Particle (7):: Fit: 25.09	PB: 25.09	LB: 25.6207	GB: 26.358	Conf: 0.469289	Pts: 65519
Particle (49):: Fit: 24.6832	PB: 24.6832	LB: 25.4864	GB: 26.358	Conf: 0.304441	Pts: 50516
Particle (35):: Fit: 43.8335	PB: 43.8335	LB: 43.8335	GB: 43.8335	Conf: 0.0994016	Pts: 115495
Global: 43.8335 - Correct: 70% of 10 tests
Global Best: 
  Inner Net 1
  -- 1 : 1 = -1
  -- 1 : 2 = 0.242571
  -- 1 : 3 = 0.123571
  -- 1 : 4 = 0.2297
  -- 1 : 5 = 0.0368
  -- 1 : 6 = 0.3066
  -- 1 : 7 = 0.292233
  -- 1 : 8 = 0.0680408
  -- 1 : 9 = 0.621989
  -- 1 : 10 = 0.0814
  -- 2 : 1 = 0.3606
  -- 2 : 2 = -0.1816
  -- 2 : 3 = 0.3919
  -- 2 : 4 = -0.128133
  -- 2 : 5 = -0.0823826
  -- 2 : 6 = 0.379826
  -- 2 : 7 = 0.747474
  -- 2 : 8 = -0.1875
  -- 2 : 9 = -0.154937
  -- 2 : 10 = 0.3216
  -- 3 : 1 = 0.82104
  -- 3 : 2 = 0.188421
  -- 3 : 3 = -0.0719
  -- 3 : 4 = -0.3101
  -- 3 : 5 = -0.2505
  -- 3 : 6 = -0.0478077
  -- 3 : 7 = 0.2633
  -- 3 : 8 = 0.1378
  -- 3 : 9 = -0.217394
  -- 3 : 10 = 0.4422
  -- 4 : 1 = 0.4534
  -- 4 : 2 = -0.0595
  -- 4 : 3 = 0.213852
  -- 4 : 4 = -0.203155
  -- 4 : 5 = 0.2887
  -- 4 : 6 = 0.377543
  -- 4 : 7 = 0.0379498
  -- 4 : 8 = 0.264207
  -- 4 : 9 = 0.1551
  -- 4 : 10 = 0.130127
  -- 5 : 1 = 0.372094
  -- 5 : 2 = 0.412358
  -- 5 : 3 = 0.0196
  -- 5 : 4 = 0.307663
  -- 5 : 5 = -0.186922
  -- 5 : 6 = 0.0122552
  -- 5 : 7 = 0.33943
  -- 5 : 8 = 0.0944025
  -- 5 : 9 = 0.318
  -- 5 : 10 = 8.66732e-005
  -- 6 : 1 = 0.257704
  -- 6 : 2 = -0.149828
  -- 6 : 3 = 0.2727
  -- 6 : 4 = 0.210221
  -- 6 : 5 = -0.0388542
  -- 6 : 6 = -0.1002
  -- 6 : 7 = 0.2163
  -- 6 : 8 = 0.0352
  -- 6 : 9 = 0.207699
  -- 6 : 10 = 0.3393
  -- 7 : 1 = 0.607
  -- 7 : 2 = 0.276486
  -- 7 : 3 = 0.3362
  -- 7 : 4 = 0.298773
  -- 7 : 5 = 0.356183
  -- 7 : 6 = -0.00709718
  -- 7 : 7 = -0.0513
  -- 7 : 8 = 0.275892
  -- 7 : 9 = 0.1304
  -- 7 : 10 = 0.327611
  -- 8 : 1 = 0.25782
  -- 8 : 2 = 0.142475
  -- 8 : 3 = -0.0077
  -- 8 : 4 = 0.1545
  -- 8 : 5 = 0.1285
  -- 8 : 6 = 0.4857
  -- 8 : 7 = 0.0842511
  -- 8 : 8 = 0.299552
  -- 8 : 9 = 0.641013
  -- 8 : 10 = 0.2582
  -- 9 : 1 = 0.534
  -- 9 : 2 = 0.164946
  -- 9 : 3 = 0.0852059
  -- 9 : 4 = -0.162115
  -- 9 : 5 = 0.0743
  -- 9 : 6 = 0.0143
  -- 9 : 7 = 0.560261
  -- 9 : 8 = 0.3484
  -- 9 : 9 = 0.3238
  -- 9 : 10 = 0.3786
  -- 10 : 1 = 0.602431
  -- 10 : 2 = 0.120374
  -- 10 : 3 = 0.0063
  -- 10 : 4 = 0.055594
  -- 10 : 5 = 0.0320927
  -- 10 : 6 = 0.0647
  -- 10 : 7 = 0.316245
  -- 10 : 8 = -0.212967
  -- 10 : 9 = -0.179052
  -- 10 : 10 = -0.1842
  Inner Net 2
  -- 1 : 1 = 0.212015
  -- 1 : 2 = -0.139757
  -- 1 : 3 = -0.0711685
  -- 1 : 4 = 0.391655
  -- 2 : 1 = 0.666027
  -- 2 : 2 = 0.615956
  -- 2 : 3 = 0.129122
  -- 2 : 4 = -0.0402758
  -- 3 : 1 = 0.327911
  -- 3 : 2 = 0.990657
  -- 3 : 3 = -0.174946
  -- 3 : 4 = 0.140352
  -- 4 : 1 = 0.217645
  -- 4 : 2 = -0.138608
  -- 4 : 3 = 0.278439
  -- 4 : 4 = 0.735476
  -- 5 : 1 = 0.422633
  -- 5 : 2 = 0.368252
  -- 5 : 3 = 0.533572
  -- 5 : 4 = 0.342446
  -- 6 : 1 = 0.712977
  -- 6 : 2 = 0.166988
  -- 6 : 3 = -0.202531
  -- 6 : 4 = 0.204658
  -- 7 : 1 = -0.0860532
  -- 7 : 2 = 0.212265
  -- 7 : 3 = -1
  -- 7 : 4 = -0.0309906
  -- 8 : 1 = 0.286429
  -- 8 : 2 = 0.363991
  -- 8 : 3 = 0.292732
  -- 8 : 4 = 0.673202
  -- 9 : 1 = 0.896917
  -- 9 : 2 = 0.0856244
  -- 9 : 3 = 0.25371
  -- 9 : 4 = 0.49401
  -- 10 : 1 = 0.5
  -- 10 : 2 = 0.446253
  -- 10 : 3 = 0.195698
  -- 10 : 4 = -0.13916
  Inner Net 3
  -- 1 : 1 = -0.0339376
  -- 1 : 2 = -0.211664
  -- 2 : 1 = 0.298594
  -- 2 : 2 = -0.110333
  -- 3 : 1 = 0.0742714
  -- 3 : 2 = 0.164613
  -- 4 : 1 = -0.12863
  -- 4 : 2 = -0.0750315
Out\Act	False		True
False	0.120419	0.721561	0.84198
True	0.0185626	0.139457	0.15802
	0.138981	0.861019
	Accuracy [ (tp + tn) / testSize ]: 0.259876
	Precision [ tp / (tp + fp) ]:      0.161878
	Sensitivity [ tp / (tp + fn) ]:    0.87988
	Specificity [ tn / (tn + fp) ]:    0.142938
	F-Score [ 2tp / (2tp + fp + fn) ]: 0.273576
Particle (4):: Fit: 35.121	PB: 35.121	LB: 35.121	GB: 43.8335	Conf: 0.120705	Pts: 210093
Particle (42):: Fit: 33.6506	PB: 33.6506	LB: 33.6506	GB: 43.8335	Conf: 0.0588492	Pts: 135290
Particle (42):: Fit: 37.3033	PB: 37.3033	LB: 37.3033	GB: 43.8335	Conf: 0.117294	Pts: 170389
Particle (0):: Fit: 25.083	PB: 25.083	LB: 35.121	GB: 43.8335	Conf: 0.46585	Pts: 110891
Particle (21):: Fit: 25.2565	PB: 25.2565	LB: 25.9566	GB: 43.8335	Conf: 0.563524	Pts: 115391
Particle (29):: Fit: 34.0425	PB: 34.0425	LB: 34.0425	GB: 43.8335	Conf: 0.41827	Pts: 145486
Particle (42):: Fit: 38.9443	PB: 38.9443	LB: 38.9443	GB: 43.8335	Conf: 0.0782557	Pts: 205486
Particle (29):: Fit: 34.3175	PB: 34.3175	LB: 34.3175	GB: 43.8335	Conf: 0.400223	Pts: 175583
Particle (42):: Fit: 48.3345	PB: 48.3345	LB: 48.3345	GB: 48.3345	Conf: 0.0912141	Pts: 265578
Global: 48.3345 - Correct: 80% of 10 tests
Global Best: 
  Inner Net 1
  -- 1 : 1 = -0.425432
  -- 1 : 2 = 0.0170248
  -- 1 : 3 = 0.144522
  -- 1 : 4 = -0.150014
  -- 1 : 5 = 0.148138
  -- 1 : 6 = -0.284343
  -- 1 : 7 = 0.24594
  -- 1 : 8 = -0.108093
  -- 1 : 9 = 0.305186
  -- 1 : 10 = -0.272615
  -- 2 : 1 = 0.376907
  -- 2 : 2 = 5.31692e-005
  -- 2 : 3 = -0.00489664
  -- 2 : 4 = -0.444501
  -- 2 : 5 = 0.129278
  -- 2 : 6 = -0.19236
  -- 2 : 7 = 0.197855
  -- 2 : 8 = 0.220928
  -- 2 : 9 = -0.219028
  -- 2 : 10 = -0.288884
  -- 3 : 1 = 0.5
  -- 3 : 2 = 0.286072
  -- 3 : 3 = 0.0510751
  -- 3 : 4 = -0.074716
  -- 3 : 5 = 0.192392
  -- 3 : 6 = -0.0565416
  -- 3 : 7 = 0.00414157
  -- 3 : 8 = 0.420327
  -- 3 : 9 = -0.426721
  -- 3 : 10 = 0.340239
  -- 4 : 1 = 0.568254
  -- 4 : 2 = 0.408778
  -- 4 : 3 = 0.470846
  -- 4 : 4 = -0.185336
  -- 4 : 5 = 0.0441354
  -- 4 : 6 = 0.310585
  -- 4 : 7 = 0.0206316
  -- 4 : 8 = -0.0049095
  -- 4 : 9 = 0.205874
  -- 4 : 10 = 0.0993892
  -- 5 : 1 = 0.653801
  -- 5 : 2 = 0.133452
  -- 5 : 3 = -0.127553
  -- 5 : 4 = -0.189856
  -- 5 : 5 = 0.363339
  -- 5 : 6 = -0.240837
  -- 5 : 7 = 0.155594
  -- 5 : 8 = -0.041179
  -- 5 : 9 = -0.227008
  -- 5 : 10 = 0.166692
  -- 6 : 1 = 0.889694
  -- 6 : 2 = 0.113985
  -- 6 : 3 = -0.0838039
  -- 6 : 4 = 0.118458
  -- 6 : 5 = 0.342449
  -- 6 : 6 = -0.168616
  -- 6 : 7 = 0.362247
  -- 6 : 8 = 0.0214884
  -- 6 : 9 = -0.304885
  -- 6 : 10 = -0.328446
  -- 7 : 1 = -0.376648
  -- 7 : 2 = 0.303091
  -- 7 : 3 = 0.263248
  -- 7 : 4 = 0.0410658
  -- 7 : 5 = 0.193076
  -- 7 : 6 = -0.11692
  -- 7 : 7 = -0.499975
  -- 7 : 8 = 0.174365
  -- 7 : 9 = -0.272817
  -- 7 : 10 = -0.0981213
  -- 8 : 1 = 0.534418
  -- 8 : 2 = 0.0575402
  -- 8 : 3 = -0.15509
  -- 8 : 4 = 0.348888
  -- 8 : 5 = -0.178652
  -- 8 : 6 = -0.112246
  -- 8 : 7 = -0.309652
  -- 8 : 8 = 0.0825399
  -- 8 : 9 = 0.499734
  -- 8 : 10 = -0.130758
  -- 9 : 1 = 0.345824
  -- 9 : 2 = -0.0172579
  -- 9 : 3 = 0.423906
  -- 9 : 4 = 0.186861
  -- 9 : 5 = -0.261256
  -- 9 : 6 = -0.252771
  -- 9 : 7 = 0.427749
  -- 9 : 8 = 0.370278
  -- 9 : 9 = 0.320809
  -- 9 : 10 = 0.0806217
  -- 10 : 1 = 0.567415
  -- 10 : 2 = 0.123478
  -- 10 : 3 = 0.201567
  -- 10 : 4 = 0.602565
  -- 10 : 5 = -0.195655
  -- 10 : 6 = 0.255029
  -- 10 : 7 = -0.103505
  -- 10 : 8 = -0.0252603
  -- 10 : 9 = 0.0278271
  -- 10 : 10 = -0.155109
  Inner Net 2
  -- 1 : 1 = 0.0860635
  -- 1 : 2 = -0.171626
  -- 1 : 3 = 0.201735
  -- 1 : 4 = 0.371564
  -- 2 : 1 = 0.235881
  -- 2 : 2 = -0.102732
  -- 2 : 3 = 0.470619
  -- 2 : 4 = 0.255419
  -- 3 : 1 = 0.579076
  -- 3 : 2 = 0.226973
  -- 3 : 3 = 0.42156
  -- 3 : 4 = 0.282048
  -- 4 : 1 = 0.12508
  -- 4 : 2 = 0.535235
  -- 4 : 3 = 0.407314
  -- 4 : 4 = 0.519022
  -- 5 : 1 = 0.877947
  -- 5 : 2 = 0.272419
  -- 5 : 3 = 0.0340821
  -- 5 : 4 = 0.0719542
  -- 6 : 1 = 0.330563
  -- 6 : 2 = 0.212339
  -- 6 : 3 = 0.487651
  -- 6 : 4 = 0.114589
  -- 7 : 1 = 0.5
  -- 7 : 2 = 0.200629
  -- 7 : 3 = 0.390386
  -- 7 : 4 = 0.46591
  -- 8 : 1 = 0
  -- 8 : 2 = 0.537233
  -- 8 : 3 = 0.133323
  -- 8 : 4 = 0.169721
  -- 9 : 1 = 1
  -- 9 : 2 = 0.653247
  -- 9 : 3 = 0.12924
  -- 9 : 4 = 0.0390787
  -- 10 : 1 = 0.481727
  -- 10 : 2 = -0.0378565
  -- 10 : 3 = 0.733543
  -- 10 : 4 = 0.738675
  Inner Net 3
  -- 1 : 1 = -0.195749
  -- 1 : 2 = -0.130746
  -- 2 : 1 = -0.0197837
  -- 2 : 2 = 0.073323
  -- 3 : 1 = 0.574139
  -- 3 : 2 = 0.345698
  -- 4 : 1 = -0.210162
  -- 4 : 2 = -0.428506
Out\Act	False		True
False	0.615421	0.226559	0.84198
True	0.112803	0.0452166	0.15802
	0.728225	0.271775
	Accuracy [ (tp + tn) / testSize ]: 0.660638
	Precision [ tp / (tp + fp) ]:      0.166084
	Sensitivity [ tp / (tp + fn) ]:    0.285285
	Specificity [ tn / (tn + fp) ]:    0.730508
	F-Score [ 2tp / (2tp + fp + fn) ]: 0.210177
Particle (29):: Fit: 35.6219	PB: 35.6219	LB: 35.6219	GB: 48.3345	Conf: 0.335829	Pts: 205673
Particle (6):: Fit: 23.0008	PB: 23.0008	LB: 35.121	GB: 48.3345	Conf: 0.967105	Pts: 60473
Particle (35):: Fit: 44.2577	PB: 44.2577	LB: 44.2577	GB: 48.3345	Conf: 0.130985	Pts: 150576
Particle (7):: Fit: 25.4097	PB: 25.4097	LB: 35.121	GB: 48.3345	Conf: 0.469289	Pts: 65573
Particle (44):: Fit: 24.2949	PB: 24.2949	LB: 48.3345	GB: 48.3345	Conf: 0.183831	Pts: 50867
Particle (29):: Fit: 37.545	PB: 37.545	LB: 37.545	GB: 48.3345	Conf: 0.326856	Pts: 235758
Particle (20):: Fit: 24.1602	PB: 24.1602	LB: 25.9566	GB: 48.3345	Conf: 0.146698	Pts: 105556
Particle (29):: Fit: 40.046	PB: 40.046	LB: 40.046	GB: 48.3345	Conf: 0.425359	Pts: 265853
Particle (20):: Fit: 24.6874	PB: 24.6874	LB: 25.9566	GB: 48.3345	Conf: 0.297823	Pts: 105653
Particle (26):: Fit: 25.9248	PB: 25.9248	LB: 40.046	GB: 48.3345	Conf: 0.608897	Pts: 60652
Particle (20):: Fit: 34.7473	PB: 34.7473	LB: 34.7473	GB: 48.3345	Conf: 0.204619	Pts: 150748
Particle (42):: Fit: 54.882	PB: 54.882	LB: 54.882	GB: 54.882	Conf: 0.0738144	Pts: 325644
Global: 54.882 - Correct: 90% of 10 tests
Global Best: 
  Inner Net 1
  -- 1 : 1 = -0.427619
  -- 1 : 2 = -0.0745365
  -- 1 : 3 = -0.217082
  -- 1 : 4 = 0.0637339
  -- 1 : 5 = -0.019398
  -- 1 : 6 = -0.412191
  -- 1 : 7 = 0.1292
  -- 1 : 8 = -0.335979
  -- 1 : 9 = 0.386767
  -- 1 : 10 = -0.035385
  -- 2 : 1 = 0.395626
  -- 2 : 2 = 0.0330348
  -- 2 : 3 = -0.0257999
  -- 2 : 4 = 0.187113
  -- 2 : 5 = 0.247541
  -- 2 : 6 = 0.0729414
  -- 2 : 7 = 0.320866
  -- 2 : 8 = 0.0674224
  -- 2 : 9 = -0.162481
  -- 2 : 10 = -0.375521
  -- 3 : 1 = 0.500405
  -- 3 : 2 = 0.475233
  -- 3 : 3 = -0.266284
  -- 3 : 4 = -0.210107
  -- 3 : 5 = 0.054631
  -- 3 : 6 = -0.118358
  -- 3 : 7 = 0.0183907
  -- 3 : 8 = -0.070321
  -- 3 : 9 = -0.385054
  -- 3 : 10 = -0.0208968
  -- 4 : 1 = 0.575915
  -- 4 : 2 = -0.133416
  -- 4 : 3 = 0.187568
  -- 4 : 4 = -0.102752
  -- 4 : 5 = -0.273372
  -- 4 : 6 = 0.22502
  -- 4 : 7 = -0.00457156
  -- 4 : 8 = -0.203429
  -- 4 : 9 = 0.0709658
  -- 4 : 10 = -0.0448008
  -- 5 : 1 = -0.5
  -- 5 : 2 = 0.0392286
  -- 5 : 3 = -0.0171228
  -- 5 : 4 = -0.0384493
  -- 5 : 5 = 0.301548
  -- 5 : 6 = -0.216415
  -- 5 : 7 = 0.00727926
  -- 5 : 8 = -0.0730193
  -- 5 : 9 = -0.127615
  -- 5 : 10 = 0.288926
  -- 6 : 1 = 0.896194
  -- 6 : 2 = 0.071495
  -- 6 : 3 = 0.0455653
  -- 6 : 4 = -0.0496152
  -- 6 : 5 = -0.150023
  -- 6 : 6 = 0.212838
  -- 6 : 7 = 0.437153
  -- 6 : 8 = -0.138344
  -- 6 : 9 = -0.160047
  -- 6 : 10 = -0.342037
  -- 7 : 1 = -0.381123
  -- 7 : 2 = 0.0409881
  -- 7 : 3 = 0.431841
  -- 7 : 4 = -0.00280924
  -- 7 : 5 = -0.0253354
  -- 7 : 6 = -0.311721
  -- 7 : 7 = -0.240751
  -- 7 : 8 = 0.344018
  -- 7 : 9 = -0.431335
  -- 7 : 10 = 0.0553466
  -- 8 : 1 = 0.534411
  -- 8 : 2 = 0.0634163
  -- 8 : 3 = -0.204835
  -- 8 : 4 = 0.15971
  -- 8 : 5 = -0.0818021
  -- 8 : 6 = -0.195216
  -- 8 : 7 = 0.0943592
  -- 8 : 8 = -0.021679
  -- 8 : 9 = 0.307972
  -- 8 : 10 = -0.191645
  -- 9 : 1 = 0.558467
  -- 9 : 2 = -0.152092
  -- 9 : 3 = 0.00566302
  -- 9 : 4 = 0.420961
  -- 9 : 5 = -0.331867
  -- 9 : 6 = -0.166595
  -- 9 : 7 = 0.221014
  -- 9 : 8 = 0.205979
  -- 9 : 9 = 0.298929
  -- 9 : 10 = 0.117017
  -- 10 : 1 = 0.567396
  -- 10 : 2 = 0.263829
  -- 10 : 3 = -0.130027
  -- 10 : 4 = 0.285269
  -- 10 : 5 = 0.164324
  -- 10 : 6 = 0.0411851
  -- 10 : 7 = 0.025743
  -- 10 : 8 = 0.182363
  -- 10 : 9 = -0.0193799
  -- 10 : 10 = -0.147401
  Inner Net 2
  -- 1 : 1 = 0.0860635
  -- 1 : 2 = -0.171626
  -- 1 : 3 = 0.201735
  -- 1 : 4 = 0.371564
  -- 2 : 1 = 0.235881
  -- 2 : 2 = -0.102732
  -- 2 : 3 = 0.470619
  -- 2 : 4 = 0.255419
  -- 3 : 1 = 0.579076
  -- 3 : 2 = 0.226973
  -- 3 : 3 = 0.42156
  -- 3 : 4 = 0.282048
  -- 4 : 1 = 0.12508
  -- 4 : 2 = 0.535235
  -- 4 : 3 = 0.407314
  -- 4 : 4 = 0.519022
  -- 5 : 1 = 0.877947
  -- 5 : 2 = 0.272419
  -- 5 : 3 = 0.0340821
  -- 5 : 4 = 0.0719542
  -- 6 : 1 = 0.330563
  -- 6 : 2 = 0.212339
  -- 6 : 3 = 0.487651
  -- 6 : 4 = 0.114589
  -- 7 : 1 = 0.5
  -- 7 : 2 = 0.200629
  -- 7 : 3 = 0.390386
  -- 7 : 4 = 0.46591
  -- 8 : 1 = 0
  -- 8 : 2 = 0.537233
  -- 8 : 3 = 0.133323
  -- 8 : 4 = 0.169721
  -- 9 : 1 = 1
  -- 9 : 2 = 0.653247
  -- 9 : 3 = 0.12924
  -- 9 : 4 = 0.0390787
  -- 10 : 1 = 0.481727
  -- 10 : 2 = -0.0378565
  -- 10 : 3 = 0.733543
  -- 10 : 4 = 0.738675
  Inner Net 3
  -- 1 : 1 = -0.195749
  -- 1 : 2 = -0.130746
  -- 2 : 1 = -0.0197837
  -- 2 : 2 = 0.073323
  -- 3 : 1 = 0.574139
  -- 3 : 2 = 0.345698
  -- 4 : 1 = -0.210162
  -- 4 : 2 = -0.428506
Out\Act	False		True
False	0.744883	0.0970966	0.84198
True	0.126606	0.0314136	0.15802
	0.87149	0.12851
	Accuracy [ (tp + tn) / testSize ]: 0.776297
	Precision [ tp / (tp + fp) ]:      0.243542
	Sensitivity [ tp / (tp + fn) ]:    0.198198
	Specificity [ tn / (tn + fp) ]:    0.884181
	F-Score [ 2tp / (2tp + fp + fn) ]: 0.218905
Particle (6):: Fit: 23.0044	PB: 23.0044	LB: 35.121	GB: 54.882	Conf: 0.962511	Pts: 60545
Particle (18):: Fit: 25.0444	PB: 25.0444	LB: 34.7473	GB: 54.882	Conf: 0.32289	Pts: 80343
Particle (29):: Fit: 55.6758	PB: 55.6758	LB: 55.6758	GB: 55.6758	Conf: 0.290014	Pts: 325935
Global: 55.6758 - Correct: 90% of 10 tests
Global Best: 
  Inner Net 1
  -- 1 : 1 = 0.174301
  -- 1 : 2 = -0.236783
  -- 1 : 3 = 0.0407291
  -- 1 : 4 = 0.0805667
  -- 1 : 5 = -0.0577734
  -- 1 : 6 = -0.210853
  -- 1 : 7 = -0.447586
  -- 1 : 8 = -0.183339
  -- 1 : 9 = 0.111952
  -- 1 : 10 = 0.0200925
  -- 2 : 1 = 0.653974
  -- 2 : 2 = -0.0721316
  -- 2 : 3 = -0.193535
  -- 2 : 4 = -0.413912
  -- 2 : 5 = 0.227676
  -- 2 : 6 = 0.420607
  -- 2 : 7 = -0.0156156
  -- 2 : 8 = -0.157245
  -- 2 : 9 = 0.0573559
  -- 2 : 10 = -0.208228
  -- 3 : 1 = 0.702519
  -- 3 : 2 = -0.0473721
  -- 3 : 3 = 0.11647
  -- 3 : 4 = 0.382582
  -- 3 : 5 = 0.194127
  -- 3 : 6 = -0.0100448
  -- 3 : 7 = 0.333782
  -- 3 : 8 = 0.24622
  -- 3 : 9 = -0.544037
  -- 3 : 10 = 0.257462
  -- 4 : 1 = 0.604233
  -- 4 : 2 = 0.18285
  -- 4 : 3 = 0.259849
  -- 4 : 4 = -0.236342
  -- 4 : 5 = -0.101595
  -- 4 : 6 = -0.284299
  -- 4 : 7 = -0.320318
  -- 4 : 8 = -0.0665676
  -- 4 : 9 = -0.0881932
  -- 4 : 10 = -0.0270307
  -- 5 : 1 = -0.443866
  -- 5 : 2 = -0.0133448
  -- 5 : 3 = -0.159536
  -- 5 : 4 = 0.0278382
  -- 5 : 5 = 0.395
  -- 5 : 6 = 0.196929
  -- 5 : 7 = 0.129591
  -- 5 : 8 = 0.0794221
  -- 5 : 9 = -0.568807
  -- 5 : 10 = -0.124933
  -- 6 : 1 = -0.403448
  -- 6 : 2 = 0.0689713
  -- 6 : 3 = -0.00913837
  -- 6 : 4 = 0.453025
  -- 6 : 5 = -0.00665547
  -- 6 : 6 = -0.248594
  -- 6 : 7 = 0.0441566
  -- 6 : 8 = -0.0494405
  -- 6 : 9 = 0.352445
  -- 6 : 10 = -0.0449227
  -- 7 : 1 = -0.139668
  -- 7 : 2 = 0.344049
  -- 7 : 3 = 0.0535951
  -- 7 : 4 = -0.173595
  -- 7 : 5 = 0.324246
  -- 7 : 6 = 0.169465
  -- 7 : 7 = -0.232367
  -- 7 : 8 = -0.166575
  -- 7 : 9 = -0.432947
  -- 7 : 10 = -0.213747
  -- 8 : 1 = 0.617005
  -- 8 : 2 = 0.101282
  -- 8 : 3 = 0.0915366
  -- 8 : 4 = 0.192582
  -- 8 : 5 = -0.255601
  -- 8 : 6 = -0.049589
  -- 8 : 7 = 0.00452949
  -- 8 : 8 = -0.192183
  -- 8 : 9 = 0.15433
  -- 8 : 10 = -0.251609
  -- 9 : 1 = -0.475298
  -- 9 : 2 = -0.118497
  -- 9 : 3 = 0.197003
  -- 9 : 4 = -0.0705475
  -- 9 : 5 = -0.16382
  -- 9 : 6 = 0.00400838
  -- 9 : 7 = 0.167756
  -- 9 : 8 = -0.366364
  -- 9 : 9 = -0.0377571
  -- 9 : 10 = 0.355049
  -- 10 : 1 = -1
  -- 10 : 2 = -0.0670861
  -- 10 : 3 = -0.165706
  -- 10 : 4 = 0.273907
  -- 10 : 5 = -0.175029
  -- 10 : 6 = -0.14759
  -- 10 : 7 = 0.00986048
  -- 10 : 8 = -0.199132
  -- 10 : 9 = 0.124987
  -- 10 : 10 = 0.121519
  Inner Net 2
  -- 1 : 1 = 0.115753
  -- 1 : 2 = 0.843909
  -- 1 : 3 = -0.0721619
  -- 1 : 4 = 0.612743
  -- 2 : 1 = 1
  -- 2 : 2 = 0.0333799
  -- 2 : 3 = 0.141403
  -- 2 : 4 = -0.0958001
  -- 3 : 1 = 0.500544
  -- 3 : 2 = 0.208883
  -- 3 : 3 = 0.291591
  -- 3 : 4 = 0.109779
  -- 4 : 1 = 0.295957
  -- 4 : 2 = 0.374743
  -- 4 : 3 = 0.0591144
  -- 4 : 4 = 0.629201
  -- 5 : 1 = 0.890485
  -- 5 : 2 = -0.052495
  -- 5 : 3 = 0.287382
  -- 5 : 4 = 0.201977
  -- 6 : 1 = 0.909843
  -- 6 : 2 = 0.0361932
  -- 6 : 3 = 0.22956
  -- 6 : 4 = 0.143019
  -- 7 : 1 = 0.444161
  -- 7 : 2 = 0.0777565
  -- 7 : 3 = 0.10606
  -- 7 : 4 = 0.671113
  -- 8 : 1 = 0.204768
  -- 8 : 2 = 0.523318
  -- 8 : 3 = 0.196798
  -- 8 : 4 = 0.230366
  -- 9 : 1 = 0.486852
  -- 9 : 2 = 0.316165
  -- 9 : 3 = 0.236923
  -- 9 : 4 = -1
  -- 10 : 1 = 0.416235
  -- 10 : 2 = -0.114413
  -- 10 : 3 = 0.688591
  -- 10 : 4 = -0.103664
  Inner Net 3
  -- 1 : 1 = -0.429256
  -- 1 : 2 = 0.101361
  -- 2 : 1 = -0.0392487
  -- 2 : 2 = -0.206326
  -- 3 : 1 = 0.236271
  -- 3 : 2 = -0.115205
  -- 4 : 1 = 0.033231
  -- 4 : 2 = 0.114468
Out\Act	False		True
False	0.597811	0.244169	0.84198
True	0.0947168	0.0633032	0.15802
	0.692527	0.307473
	Accuracy [ (tp + tn) / testSize ]: 0.661114
	Precision [ tp / (tp + fp) ]:      0.205564
	Sensitivity [ tp / (tp + fn) ]:    0.399399
	Specificity [ tn / (tn + fp) ]:    0.709605
	F-Score [ 2tp / (2tp + fp + fn) ]: 0.271706
Particle (2):: Fit: 25.4828	PB: 25.4828	LB: 35.121	GB: 55.6758	Conf: 0.853685	Pts: 125641
Particle (35):: Fit: 48.2967	PB: 48.2967	LB: 48.2967	GB: 55.6758	Conf: 0.0883122	Pts: 165632
Particle (31):: Fit: 43.9635	PB: 43.9635	LB: 55.6758	GB: 55.6758	Conf: 0.134029	Pts: 60818
Particle (24):: Fit: 23.063	PB: 23.063	LB: 55.6758	GB: 55.6758	Conf: 0.823769	Pts: 90515
Particle (45):: Fit: 22.8973	PB: 22.8973	LB: 54.882	GB: 55.6758	Conf: 0.509336	Pts: 50516
Particle (45):: Fit: 25.1672	PB: 25.1672	LB: 54.882	GB: 55.6758	Conf: 0.511444	Pts: 50615
Particle (13):: Fit: 26.4068	PB: 26.4068	LB: 26.4068	GB: 55.6758	Conf: 0.638466	Pts: 230204
Particle (6):: Fit: 25.4787	PB: 25.4787	LB: 35.121	GB: 55.6758	Conf: 0.967537	Pts: 60596
Particle (20):: Fit: 39.5004	PB: 39.5004	LB: 39.5004	GB: 55.6758	Conf: 0.242204	Pts: 195797
Particle (12):: Fit: 30.8007	PB: 30.8007	LB: 30.8007	GB: 55.6758	Conf: 0.105031	Pts: 175291
Particle (31):: Fit: 49.9011	PB: 49.9011	LB: 55.6758	GB: 55.6758	Conf: 0.100746	Pts: 70895
Particle (39):: Fit: 23.5316	PB: 23.5316	LB: 54.882	GB: 55.6758	Conf: 0.11697	Pts: 65082
Particle (11):: Fit: 26.1443	PB: 26.1443	LB: 30.8007	GB: 55.6758	Conf: 0.600481	Pts: 135388
Particle (6):: Fit: 25.4789	PB: 25.4789	LB: 35.121	GB: 55.6758	Conf: 0.970212	Pts: 60683
Particle (8):: Fit: 25.4841	PB: 25.4841	LB: 35.121	GB: 55.6758	Conf: 0.942212	Pts: 105682
Particle (12):: Fit: 34.9515	PB: 34.9515	LB: 34.9515	GB: 55.6758	Conf: 0.0522788	Pts: 205377
Particle (39):: Fit: 36.4397	PB: 36.4397	LB: 54.882	GB: 55.6758	Conf: 0.105818	Pts: 65170
Particle (46):: Fit: 33.6671	PB: 33.6671	LB: 54.882	GB: 55.6758	Conf: 0.0744296	Pts: 60372
Particle (35):: Fit: 48.8502	PB: 48.8502	LB: 49.9011	GB: 55.6758	Conf: 0.0620877	Pts: 170675
Particle (39):: Fit: 37.8671	PB: 37.8671	LB: 54.882	GB: 55.6758	Conf: 0.123673	Pts: 65265
Particle (35):: Fit: 50.8012	PB: 50.8012	LB: 50.8012	GB: 55.6758	Conf: 0.0863483	Pts: 185763
Particle (39):: Fit: 39.3053	PB: 39.3053	LB: 54.882	GB: 55.6758	Conf: 0.125599	Pts: 65353
Particle (41):: Fit: 25.2357	PB: 25.2357	LB: 54.882	GB: 55.6758	Conf: 0.549896	Pts: 60161
Particle (46):: Fit: 36.3421	PB: 36.3421	LB: 54.882	GB: 55.6758	Conf: 0.0575971	Pts: 80450
Particle (12):: Fit: 41.1998	PB: 41.1998	LB: 41.1998	GB: 55.6758	Conf: 0.0941405	Pts: 255452
Particle (21):: Fit: 25.2566	PB: 25.2566	LB: 39.5004	GB: 55.6758	Conf: 0.56358	Pts: 115356
Particle (39):: Fit: 41.3106	PB: 41.3106	LB: 54.882	GB: 55.6758	Conf: 0.121393	Pts: 65436
Particle (19):: Fit: 25.4805	PB: 25.4805	LB: 39.5004	GB: 55.6758	Conf: 0.95923	Pts: 90141
Particle (37):: Fit: 26.5476	PB: 26.5476	LB: 54.882	GB: 55.6758	Conf: 0.524428	Pts: 90230
Particle (35):: Fit: 51.8946	PB: 51.8946	LB: 51.8946	GB: 55.6758	Conf: 0.0768442	Pts: 200817
Particle (39):: Fit: 41.3374	PB: 41.3374	LB: 54.882	GB: 55.6758	Conf: 0.118313	Pts: 65505
Particle (44):: Fit: 24.4324	PB: 24.4324	LB: 54.882	GB: 55.6758	Conf: 0.220417	Pts: 50812
Particle (24):: Fit: 25.476	PB: 25.476	LB: 55.6758	GB: 55.6758	Conf: 0.82834	Pts: 90507
Particle (12):: Fit: 41.2522	PB: 41.2522	LB: 41.2522	GB: 55.6758	Conf: 0.0883401	Pts: 305498
Particle (8):: Fit: 25.4855	PB: 25.4855	LB: 41.2522	GB: 55.6758	Conf: 0.953322	Pts: 105697
Particle (19):: Fit: 25.4805	PB: 25.4805	LB: 39.5004	GB: 55.6758	Conf: 0.959232	Pts: 90190
Particle (20):: Fit: 44.1769	PB: 44.1769	LB: 44.1769	GB: 55.6758	Conf: 0.170283	Pts: 240773
Particle (30):: Fit: 24.1632	PB: 24.1632	LB: 55.6758	GB: 55.6758	Conf: 0.14751	Pts: 55475
Particle (46):: Fit: 41.5689	PB: 41.5689	LB: 54.882	GB: 55.6758	Conf: 0.0568727	Pts: 100449
Particle (35):: Fit: 52.6239	PB: 52.6239	LB: 52.6239	GB: 55.6758	Conf: 0.0756694	Pts: 215849
Particle (32):: Fit: 24.7976	PB: 24.7976	LB: 55.6758	GB: 55.6758	Conf: 0.344065	Pts: 65439
Particle (14):: Fit: 25.444	PB: 25.444	LB: 41.2522	GB: 55.6758	Conf: 0.744968	Pts: 60336
Particle (14):: Fit: 25.4685	PB: 25.4685	LB: 41.2522	GB: 55.6758	Conf: 0.775346	Pts: 60435
Particle (39):: Fit: 42.0346	PB: 42.0346	LB: 54.882	GB: 55.6758	Conf: 0.122704	Pts: 65520
Particle (49):: Fit: 24.7386	PB: 24.7386	LB: 41.5689	GB: 55.6758	Conf: 0.322017	Pts: 50323
Particle (6):: Fit: 25.4798	PB: 25.4798	LB: 35.121	GB: 55.6758	Conf: 0.967985	Pts: 60608
Particle (44):: Fit: 24.9552	PB: 24.9552	LB: 54.882	GB: 55.6758	Conf: 0.214278	Pts: 50811
Particle (20):: Fit: 44.2064	PB: 44.2064	LB: 44.2064	GB: 55.6758	Conf: 0.226535	Pts: 285806
Particle (32):: Fit: 24.8716	PB: 24.8716	LB: 55.6758	GB: 55.6758	Conf: 0.443007	Pts: 65486
Particle (32):: Fit: 40.2596	PB: 40.2596	LB: 55.6758	GB: 55.6758	Conf: 0.341382	Pts: 65563
Particle (45):: Fit: 25.1747	PB: 25.1747	LB: 54.882	GB: 55.6758	Conf: 0.512926	Pts: 50451
Particle (49):: Fit: 24.7403	PB: 24.7403	LB: 41.5689	GB: 55.6758	Conf: 0.32345	Pts: 50333
Particle (14):: Fit: 25.8449	PB: 25.8449	LB: 41.2522	GB: 55.6758	Conf: 0.864525	Pts: 60423
Particle (20):: Fit: 44.519	PB: 44.519	LB: 44.519	GB: 55.6758	Conf: 0.216875	Pts: 330791
Particle (27):: Fit: 33.9695	PB: 33.9695	LB: 55.6758	GB: 55.6758	Conf: 0.474239	Pts: 99972
Particle (27):: Fit: 37.1072	PB: 37.1072	LB: 55.6758	GB: 55.6758	Conf: 0.378052	Pts: 100061
Particle (39):: Fit: 50.9123	PB: 50.9123	LB: 54.882	GB: 55.6758	Conf: 0.103191	Pts: 65458
Particle (32):: Fit: 49.4547	PB: 49.4547	LB: 55.6758	GB: 55.6758	Conf: 0.32921	Pts: 65568
Particle (39):: Fit: 51.997	PB: 51.997	LB: 54.882	GB: 55.6758	Conf: 0.0885849	Pts: 65542
Particle (7):: Fit: 25.4201	PB: 25.4201	LB: 41.2522	GB: 55.6758	Conf: 0.473488	Pts: 65251
Particle (24):: Fit: 25.4805	PB: 25.4805	LB: 55.6758	GB: 55.6758	Conf: 0.83595	Pts: 90328
Particle (2):: Fit: 25.8199	PB: 25.8199	LB: 35.121	GB: 55.6758	Conf: 0.845168	Pts: 125302
Particle (20):: Fit: 48.6425	PB: 48.6425	LB: 48.6425	GB: 55.6758	Conf: 0.147068	Pts: 375790
Particle (12):: Fit: 43.2918	PB: 43.2918	LB: 43.2918	GB: 55.6758	Conf: 0.114726	Pts: 345270
Particle (28):: Fit: 44.6304	PB: 44.6304	LB: 55.6758	GB: 55.6758	Conf: 0.448361	Pts: 79784
Particle (12):: Fit: 44.6295	PB: 44.6295	LB: 44.6295	GB: 55.6758	Conf: 0.111196	Pts: 385360
Particle (30):: Fit: 24.1692	PB: 24.1692	LB: 55.6758	GB: 55.6758	Conf: 0.148937	Pts: 55270
Particle (21):: Fit: 25.3057	PB: 25.3057	LB: 48.6425	GB: 55.6758	Conf: 0.600043	Pts: 115067
Particle (49):: Fit: 24.9452	PB: 24.9452	LB: 41.5689	GB: 55.6758	Conf: 0.427656	Pts: 50260
Particle (0):: Fit: 25.099	PB: 25.099	LB: 41.5689	GB: 55.6758	Conf: 0.471614	Pts: 110455
Particle (12):: Fit: 47.1405	PB: 47.1405	LB: 47.1405	GB: 55.6758	Conf: 0.0718566	Pts: 425439
Particle (12):: Fit: 47.3978	PB: 47.3978	LB: 47.3978	GB: 55.6758	Conf: 0.143257	Pts: 465489
Particle (12):: Fit: 50.0717	PB: 50.0717	LB: 50.0717	GB: 55.6758	Conf: 0.134235	Pts: 515576
Particle (20):: Fit: 49.2644	PB: 49.2644	LB: 49.2644	GB: 55.6758	Conf: 0.270199	Pts: 410767
Particle (4):: Fit: 36.7315	PB: 36.7315	LB: 36.7315	GB: 55.6758	Conf: 0.187391	Pts: 239537
Particle (19):: Fit: 26.3624	PB: 26.3624	LB: 49.2644	GB: 55.6758	Conf: 0.95923	Pts: 89826
Particle (41):: Fit: 25.2385	PB: 25.2385	LB: 54.882	GB: 55.6758	Conf: 0.551293	Pts: 59725
Particle (2):: Fit: 25.8241	PB: 25.8241	LB: 36.7315	GB: 55.6758	Conf: 0.853802	Pts: 125193
Particle (8):: Fit: 26.1155	PB: 26.1155	LB: 50.0717	GB: 55.6758	Conf: 0.933228	Pts: 105256
Particle (23):: Fit: 40.141	PB: 40.141	LB: 49.2644	GB: 55.6758	Conf: 0.4481	Pts: 129709
Particle (41):: Fit: 25.2393	PB: 25.2393	LB: 54.882	GB: 55.6758	Conf: 0.552681	Pts: 59716
Particle (41):: Fit: 25.2475	PB: 25.2475	LB: 54.882	GB: 55.6758	Conf: 0.556043	Pts: 59742
Particle (11):: Fit: 26.1592	PB: 26.1592	LB: 50.0717	GB: 55.6758	Conf: 0.605657	Pts: 134707
Particle (39):: Fit: 53.1784	PB: 53.1784	LB: 54.882	GB: 55.6758	Conf: 0.148208	Pts: 80177
Particle (1):: Fit: 36.1904	PB: 36.1904	LB: 36.7315	GB: 55.6758	Conf: 0.40051	Pts: 109458
Particle (24):: Fit: 44.7557	PB: 44.7557	LB: 55.6758	GB: 55.6758	Conf: 0.670519	Pts: 89901
Particle (8):: Fit: 26.5777	PB: 26.5777	LB: 50.0717	GB: 55.6758	Conf: 0.940878	Pts: 105072
Particle (27):: Fit: 42.1744	PB: 42.1744	LB: 55.6758	GB: 55.6758	Conf: 0.465385	Pts: 99524
Particle (27):: Fit: 48.0496	PB: 48.0496	LB: 55.6758	GB: 55.6758	Conf: 0.671364	Pts: 99580
Particle (35):: Fit: 53.6354	PB: 53.6354	LB: 53.6354	GB: 55.6758	Conf: 0.0616218	Pts: 230070
Particle (31):: Fit: 52.9332	PB: 52.9332	LB: 55.6758	GB: 55.6758	Conf: 0.139299	Pts: 69924
Particle (30):: Fit: 24.1871	PB: 24.1871	LB: 55.6758	GB: 55.6758	Conf: 0.153249	Pts: 54675
Particle (0):: Fit: 26.1182	PB: 26.1182	LB: 41.5689	GB: 55.6758	Conf: 0.473919	Pts: 109851
Particle (30):: Fit: 24.4839	PB: 24.4839	LB: 55.6758	GB: 55.6758	Conf: 0.152295	Pts: 54705
Particle (31):: Fit: 53.8058	PB: 53.8058	LB: 55.6758	GB: 55.6758	Conf: 0.0684103	Pts: 79894
Particle (9):: Fit: 34.6651	PB: 34.6651	LB: 50.0717	GB: 55.6758	Conf: 0.0573606	Pts: 73852
Particle (35):: Fit: 53.7484	PB: 53.7484	LB: 53.8058	GB: 55.6758	Conf: 0.0739073	Pts: 234990
Particle (49):: Fit: 25.1775	PB: 25.1775	LB: 41.5689	GB: 55.6758	Conf: 0.37577	Pts: 49582
Particle (10):: Fit: 39.3667	PB: 39.3667	LB: 50.0717	GB: 55.6758	Conf: 0.191052	Pts: 73975
Particle (9):: Fit: 37.0537	PB: 37.0537	LB: 50.0717	GB: 55.6758	Conf: 0.069553	Pts: 78826
Particle (45):: Fit: 25.1764	PB: 25.1764	LB: 54.882	GB: 55.6758	Conf: 0.516838	Pts: 49458
Particle (10):: Fit: 48.7979	PB: 48.7979	LB: 50.0717	GB: 55.6758	Conf: 0.164089	Pts: 84046
Particle (18):: Fit: 25.3201	PB: 25.3201	LB: 49.2644	GB: 55.6758	Conf: 0.327058	Pts: 79000
Particle (2):: Fit: 26.1111	PB: 26.1111	LB: 36.7315	GB: 55.6758	Conf: 0.85338	Pts: 124472
Particle (32):: Fit: 49.4951	PB: 49.4951	LB: 55.6758	GB: 55.6758	Conf: 0.362709	Pts: 64540
Particle (32):: Fit: 49.7965	PB: 49.7965	LB: 55.6758	GB: 55.6758	Conf: 0.278661	Pts: 64622
Particle (3):: Fit: 33.5772	PB: 33.5772	LB: 36.7315	GB: 55.6758	Conf: 0.820604	Pts: 108398
Particle (21):: Fit: 25.588	PB: 25.588	LB: 49.2644	GB: 55.6758	Conf: 0.56653	Pts: 114064
Particle (47):: Fit: 33.9148	PB: 33.9148	LB: 41.5689	GB: 55.6758	Conf: 0.679518	Pts: 83308
Particle (30):: Fit: 24.7429	PB: 24.7429	LB: 55.6758	GB: 55.6758	Conf: 0.153681	Pts: 54383
Particle (1):: Fit: 46.4313	PB: 46.4313	LB: 46.4313	GB: 55.6758	Conf: 0.50668	Pts: 148690
Particle (20):: Fit: 53.7316	PB: 53.7316	LB: 53.7316	GB: 55.6758	Conf: 0.284721	Pts: 454748
Particle (14):: Fit: 26.0663	PB: 26.0663	LB: 50.0717	GB: 55.6758	Conf: 0.737169	Pts: 59111
Particle (45):: Fit: 25.4891	PB: 25.4891	LB: 54.882	GB: 55.6758	Conf: 0.509332	Pts: 49184
Particle (48):: Fit: 25.6829	PB: 25.6829	LB: 46.4313	GB: 55.6758	Conf: 0.377098	Pts: 108580
Particle (41):: Fit: 25.5594	PB: 25.5594	LB: 54.882	GB: 55.6758	Conf: 0.549283	Pts: 58838
Particle (6):: Fit: 25.8237	PB: 25.8237	LB: 48.7979	GB: 55.6758	Conf: 0.966294	Pts: 59121
Particle (41):: Fit: 25.8325	PB: 25.8325	LB: 54.882	GB: 55.6758	Conf: 0.5492	Pts: 58826
Particle (32):: Fit: 54.0147	PB: 54.0147	LB: 55.6758	GB: 55.6758	Conf: 0.310473	Pts: 79245
Particle (48):: Fit: 49.4132	PB: 49.4132	LB: 49.4132	GB: 55.6758	Conf: 0.337174	Pts: 138420
Particle (32):: Fit: 54.5166	PB: 54.5166	LB: 55.6758	GB: 55.6758	Conf: 0.437325	Pts: 94299
Particle (32):: Fit: 56.6917	PB: 56.6917	LB: 56.6917	GB: 56.6917	Conf: 0.271625	Pts: 154366
Global: 56.6917 - Correct: 91.6667% of 12 tests
Global Best: 
  Inner Net 1
  -- 1 : 1 = 0.394776
  -- 1 : 2 = -0.216992
  -- 1 : 3 = -0.168137
  -- 1 : 4 = 0.200611
  -- 1 : 5 = 0.339866
  -- 1 : 6 = 0.0722136
  -- 1 : 7 = 0.141475
  -- 1 : 8 = 0.32026
  -- 1 : 9 = -0.0338494
  -- 1 : 10 = -0.34427
  -- 2 : 1 = 0.779845
  -- 2 : 2 = 0.0167435
  -- 2 : 3 = -0.040547
  -- 2 : 4 = -0.369085
  -- 2 : 5 = -0.612325
  -- 2 : 6 = 0.16102
  -- 2 : 7 = 0.210866
  -- 2 : 8 = 0.207936
  -- 2 : 9 = 0.302348
  -- 2 : 10 = -0.287536
  -- 3 : 1 = 0.701233
  -- 3 : 2 = 0.0623499
  -- 3 : 3 = 0.236988
  -- 3 : 4 = 0.39421
  -- 3 : 5 = -0.201012
  -- 3 : 6 = 0.250914
  -- 3 : 7 = 0.20553
  -- 3 : 8 = -0.224946
  -- 3 : 9 = -0.683812
  -- 3 : 10 = -0.256426
  -- 4 : 1 = 0.351068
  -- 4 : 2 = 0.0495514
  -- 4 : 3 = -0.279119
  -- 4 : 4 = 0.425862
  -- 4 : 5 = -0.149764
  -- 4 : 6 = 0.321606
  -- 4 : 7 = -0.00947789
  -- 4 : 8 = 0.10703
  -- 4 : 9 = 0.113824
  -- 4 : 10 = -0.000586075
  -- 5 : 1 = -0.573731
  -- 5 : 2 = -0.15626
  -- 5 : 3 = -0.00568605
  -- 5 : 4 = 0.207452
  -- 5 : 5 = 0.362601
  -- 5 : 6 = -0.561698
  -- 5 : 7 = -0.330392
  -- 5 : 8 = -0.252927
  -- 5 : 9 = -0.0413404
  -- 5 : 10 = -0.314835
  -- 6 : 1 = -0.42032
  -- 6 : 2 = -0.151926
  -- 6 : 3 = 0.112611
  -- 6 : 4 = 0.108413
  -- 6 : 5 = 0.0907645
  -- 6 : 6 = -0.0169025
  -- 6 : 7 = -0.0748106
  -- 6 : 8 = -0.257934
  -- 6 : 9 = 0.358699
  -- 6 : 10 = -0.208943
  -- 7 : 1 = -0.54855
  -- 7 : 2 = 0.198888
  -- 7 : 3 = 0.201795
  -- 7 : 4 = -0.22531
  -- 7 : 5 = -0.301152
  -- 7 : 6 = 0.0732498
  -- 7 : 7 = 0.191408
  -- 7 : 8 = 0.215376
  -- 7 : 9 = -0.348724
  -- 7 : 10 = 0.0755855
  -- 8 : 1 = 0.583448
  -- 8 : 2 = -0.415128
  -- 8 : 3 = 0.0501707
  -- 8 : 4 = 0.49509
  -- 8 : 5 = -0.0381036
  -- 8 : 6 = -0.300261
  -- 8 : 7 = 0.51798
  -- 8 : 8 = 0.103368
  -- 8 : 9 = 0.107481
  -- 8 : 10 = -0.277604
  -- 9 : 1 = -0.438881
  -- 9 : 2 = 0.152615
  -- 9 : 3 = -0.0868873
  -- 9 : 4 = -0.049112
  -- 9 : 5 = -0.48406
  -- 9 : 6 = 0.141167
  -- 9 : 7 = -0.0285523
  -- 9 : 8 = -0.530213
  -- 9 : 9 = -0.00411791
  -- 9 : 10 = -0.20846
  -- 10 : 1 = 0.5
  -- 10 : 2 = -0.100966
  -- 10 : 3 = 0.179411
  -- 10 : 4 = 0.271949
  -- 10 : 5 = -0.0313467
  -- 10 : 6 = -0.272994
  -- 10 : 7 = -0.137156
  -- 10 : 8 = 0.13468
  -- 10 : 9 = 0.0996602
  -- 10 : 10 = 0.363746
  Inner Net 2
  -- 1 : 1 = -0.00199522
  -- 1 : 2 = 0.770467
  -- 1 : 3 = 0.118937
  -- 1 : 4 = 0.060885
  -- 2 : 1 = -0.0471211
  -- 2 : 2 = 0.0325373
  -- 2 : 3 = 0.0929356
  -- 2 : 4 = 0.0828596
  -- 3 : 1 = 0.488072
  -- 3 : 2 = 0.576386
  -- 3 : 3 = -0.0969494
  -- 3 : 4 = -0.111496
  -- 4 : 1 = 0.318646
  -- 4 : 2 = -0.195347
  -- 4 : 3 = -0.153669
  -- 4 : 4 = -0.0795654
  -- 5 : 1 = 1
  -- 5 : 2 = 0.194146
  -- 5 : 3 = 0.0642872
  -- 5 : 4 = 0.182878
  -- 6 : 1 = 0.90868
  -- 6 : 2 = 0.0591038
  -- 6 : 3 = -0.12645
  -- 6 : 4 = 0.160704
  -- 7 : 1 = 0.48481
  -- 7 : 2 = 0.0732559
  -- 7 : 3 = 0.0351335
  -- 7 : 4 = 0.271314
  -- 8 : 1 = 0.161664
  -- 8 : 2 = 0.315426
  -- 8 : 3 = 0.380111
  -- 8 : 4 = 0.155118
  -- 9 : 1 = 0.646346
  -- 9 : 2 = 0.000509301
  -- 9 : 3 = -0.0715747
  -- 9 : 4 = -0.344866
  -- 10 : 1 = 0.582672
  -- 10 : 2 = -0.0855276
  -- 10 : 3 = 0.772026
  -- 10 : 4 = -0.0836066
  Inner Net 3
  -- 1 : 1 = -0.476994
  -- 1 : 2 = 0.0760609
  -- 2 : 1 = 0.369794
  -- 2 : 2 = 0.318326
  -- 3 : 1 = -0.091159
  -- 3 : 2 = -0.306845
  -- 4 : 1 = 0.113239
  -- 4 : 2 = 0.04049
Out\Act	False		True
False	0.0466445	0.795336	0.84198
True	0.00856735	0.149453	0.15802
	0.0552118	0.944788
	Accuracy [ (tp + tn) / testSize ]: 0.196097
	Precision [ tp / (tp + fp) ]:      0.158107
	Sensitivity [ tp / (tp + fn) ]:    0.942943
	Specificity [ tn / (tn + fp) ]:    0.0553672
	F-Score [ 2tp / (2tp + fp + fn) ]: 0.270923
Particle (36):: Fit: 34.8464	PB: 34.8464	LB: 56.6917	GB: 56.6917	Conf: 0.472961	Pts: 118234
Particle (9):: Fit: 41.6432	PB: 41.6432	LB: 50.0717	GB: 56.6917	Conf: 0.065525	Pts: 78054
Particle (30):: Fit: 25.121	PB: 25.121	LB: 56.6917	GB: 56.6917	Conf: 0.147497	Pts: 53902
Particle (14):: Fit: 26.6946	PB: 26.6946	LB: 50.0717	GB: 56.6917	Conf: 0.743165	Pts: 58593
Particle (47):: Fit: 34.0421	PB: 34.0421	LB: 49.4132	GB: 56.6917	Conf: 0.769102	Pts: 82567
Particle (21):: Fit: 26.09	PB: 26.09	LB: 53.7316	GB: 56.6917	Conf: 0.560213	Pts: 113319
Particle (35):: Fit: 54.7982	PB: 54.7982	LB: 56.6917	GB: 56.6917	Conf: 0.0649957	Pts: 233907
Particle (6):: Fit: 26.575	PB: 26.575	LB: 48.7979	GB: 56.6917	Conf: 0.966625	Pts: 58539
Particle (20):: Fit: 54.8152	PB: 54.8152	LB: 54.8152	GB: 56.6917	Conf: 0.133671	Pts: 498943
Particle (47):: Fit: 37.3804	PB: 37.3804	LB: 49.4132	GB: 56.6917	Conf: 0.697304	Pts: 82447
Particle (45):: Fit: 25.4895	PB: 25.4895	LB: 54.882	GB: 56.6917	Conf: 0.50953	Pts: 48424
Particle (47):: Fit: 46.9046	PB: 46.9046	LB: 49.4132	GB: 56.6917	Conf: 0.696624	Pts: 82537
Particle (31):: Fit: 54.6254	PB: 54.6254	LB: 56.6917	GB: 56.6917	Conf: 0.120155	Pts: 78571
Particle (21):: Fit: 26.4249	PB: 26.4249	LB: 54.8152	GB: 56.6917	Conf: 0.53288	Pts: 113107
Particle (0):: Fit: 26.1758	PB: 26.1758	LB: 49.4132	GB: 56.6917	Conf: 0.498888	Pts: 108280
Particle (10):: Fit: 48.8409	PB: 48.8409	LB: 50.0717	GB: 56.6917	Conf: 0.1826	Pts: 92502
Particle (4):: Fit: 39.4404	PB: 39.4404	LB: 46.4313	GB: 56.6917	Conf: 0.158298	Pts: 237028
Particle (46):: Fit: 41.7095	PB: 41.7095	LB: 54.882	GB: 56.6917	Conf: 0.0749206	Pts: 97482
Particle (36):: Fit: 39.67	PB: 39.67	LB: 56.6917	GB: 56.6917	Conf: 0.437055	Pts: 117276
Particle (36):: Fit: 44.8245	PB: 44.8245	LB: 56.6917	GB: 56.6917	Conf: 0.476343	Pts: 117371
Particle (49):: Fit: 26.0815	PB: 26.0815	LB: 49.4132	GB: 56.6917	Conf: 0.34914	Pts: 47464
Particle (35):: Fit: 54.8957	PB: 54.8957	LB: 56.6917	GB: 56.6917	Conf: 0.0815857	Pts: 247934
Particle (7):: Fit: 25.6957	PB: 25.6957	LB: 50.0717	GB: 56.6917	Conf: 0.476196	Pts: 62060
Particle (1):: Fit: 51.5093	PB: 51.5093	LB: 51.5093	GB: 56.6917	Conf: 0.439298	Pts: 191516
Particle (27):: Fit: 51.8007	PB: 51.8007	LB: 56.6917	GB: 56.6917	Conf: 0.3758	Pts: 96695
Particle (3):: Fit: 36.6874	PB: 36.6874	LB: 51.5093	GB: 56.6917	Conf: 0.821363	Pts: 105938
Particle (22):: Fit: 26.3305	PB: 26.3305	LB: 54.8152	GB: 56.6917	Conf: 0.493084	Pts: 161448
Particle (36):: Fit: 54.6584	PB: 54.6584	LB: 56.6917	GB: 56.6917	Conf: 0.477663	Pts: 116595
Particle (44):: Fit: 34.4073	PB: 34.4073	LB: 54.882	GB: 56.6917	Conf: 0.128392	Pts: 46971
Particle (24):: Fit: 49.7502	PB: 49.7502	LB: 55.6758	GB: 56.6917	Conf: 0.558157	Pts: 86737
Particle (35):: Fit: 56.9096	PB: 56.9096	LB: 56.9096	GB: 56.9096	Conf: 0.0818466	Pts: 307172
Global: 56.9096 - Correct: 93.75% of 16 tests
Global Best: 
  Inner Net 1
  -- 1 : 1 = 0.338288
  -- 1 : 2 = -0.126138
  -- 1 : 3 = -0.0710942
  -- 1 : 4 = 0.126007
  -- 1 : 5 = 0.349412
  -- 1 : 6 = -0.0821136
  -- 1 : 7 = -0.071375
  -- 1 : 8 = 0.0218796
  -- 1 : 9 = 0.0985316
  -- 1 : 10 = 0.0236763
  -- 2 : 1 = 0.56125
  -- 2 : 2 = -0.417679
  -- 2 : 3 = 0.355063
  -- 2 : 4 = 0.00867903
  -- 2 : 5 = -0.0969445
  -- 2 : 6 = -0.0459049
  -- 2 : 7 = 0.121738
  -- 2 : 8 = 0.0651513
  -- 2 : 9 = -0.0882379
  -- 2 : 10 = 0.237166
  -- 3 : 1 = 0.5
  -- 3 : 2 = 0.132663
  -- 3 : 3 = -0.200216
  -- 3 : 4 = -0.0339824
  -- 3 : 5 = -0.180105
  -- 3 : 6 = 0.124561
  -- 3 : 7 = -0.0210158
  -- 3 : 8 = -0.162801
  -- 3 : 9 = -0.18313
  -- 3 : 10 = -0.125834
  -- 4 : 1 = 0.399277
  -- 4 : 2 = 0.0451088
  -- 4 : 3 = 0.0682679
  -- 4 : 4 = -0.130527
  -- 4 : 5 = -0.0669759
  -- 4 : 6 = 0.350425
  -- 4 : 7 = 0.169954
  -- 4 : 8 = 0.00738601
  -- 4 : 9 = 0.280983
  -- 4 : 10 = 0.20627
  -- 5 : 1 = -0.565311
  -- 5 : 2 = -0.195157
  -- 5 : 3 = -0.0343839
  -- 5 : 4 = 0.103085
  -- 5 : 5 = 0.0398472
  -- 5 : 6 = -0.540594
  -- 5 : 7 = -0.117561
  -- 5 : 8 = 0.0414538
  -- 5 : 9 = -0.191893
  -- 5 : 10 = 0.0492147
  -- 6 : 1 = -0.494881
  -- 6 : 2 = 0.138485
  -- 6 : 3 = 0.211933
  -- 6 : 4 = 0.451077
  -- 6 : 5 = 0.0127446
  -- 6 : 6 = -0.249088
  -- 6 : 7 = -0.0302581
  -- 6 : 8 = 0.148516
  -- 6 : 9 = -0.185885
  -- 6 : 10 = 0.0790313
  -- 7 : 1 = -0.688175
  -- 7 : 2 = -0.157062
  -- 7 : 3 = -0.172796
  -- 7 : 4 = 0.0439237
  -- 7 : 5 = -0.0330127
  -- 7 : 6 = 0.0852497
  -- 7 : 7 = -0.0441996
  -- 7 : 8 = -0.187612
  -- 7 : 9 = 0.199387
  -- 7 : 10 = -0.197007
  -- 8 : 1 = 0.575236
  -- 8 : 2 = -0.749304
  -- 8 : 3 = -0.102174
  -- 8 : 4 = -0.0215474
  -- 8 : 5 = -0.232701
  -- 8 : 6 = -0.148134
  -- 8 : 7 = 0.375024
  -- 8 : 8 = -0.230567
  -- 8 : 9 = -0.0884076
  -- 8 : 10 = -0.162517
  -- 9 : 1 = -0.330392
  -- 9 : 2 = -0.148912
  -- 9 : 3 = 0.183164
  -- 9 : 4 = 0.11303
  -- 9 : 5 = 0.237637
  -- 9 : 6 = 0.175767
  -- 9 : 7 = -0.0125218
  -- 9 : 8 = -0.307171
  -- 9 : 9 = -0.100539
  -- 9 : 10 = -0.521603
  -- 10 : 1 = 0.518505
  -- 10 : 2 = -0.428817
  -- 10 : 3 = -0.142208
  -- 10 : 4 = 0.0620849
  -- 10 : 5 = -0.0621506
  -- 10 : 6 = 0.422055
  -- 10 : 7 = 0.035167
  -- 10 : 8 = 0.00648036
  -- 10 : 9 = -0.125646
  -- 10 : 10 = -0.508213
  Inner Net 2
  -- 1 : 1 = -0.253419
  -- 1 : 2 = 0.13034
  -- 1 : 3 = 0.35275
  -- 1 : 4 = 0.0951197
  -- 2 : 1 = -0.309771
  -- 2 : 2 = 0.0306948
  -- 2 : 3 = 0.038101
  -- 2 : 4 = 0.175572
  -- 3 : 1 = 0.346644
  -- 3 : 2 = -0.151275
  -- 3 : 3 = -0.0219441
  -- 3 : 4 = 0.265201
  -- 4 : 1 = 0.322205
  -- 4 : 2 = 0.238812
  -- 4 : 3 = -0.169479
  -- 4 : 4 = -0.371205
  -- 5 : 1 = 0
  -- 5 : 2 = -0.0276777
  -- 5 : 3 = -0.0379989
  -- 5 : 4 = 0.230648
  -- 6 : 1 = 1
  -- 6 : 2 = 0.00631304
  -- 6 : 3 = 0.328775
  -- 6 : 4 = 0.424489
  -- 7 : 1 = 0.0851735
  -- 7 : 2 = 0.0438167
  -- 7 : 3 = 0.00649029
  -- 7 : 4 = 0.146991
  -- 8 : 1 = 0.304232
  -- 8 : 2 = -0.226312
  -- 8 : 3 = -0.0822694
  -- 8 : 4 = -0.0234585
  -- 9 : 1 = 1
  -- 9 : 2 = 0.0141976
  -- 9 : 3 = -0.140566
  -- 9 : 4 = -0.0728687
  -- 10 : 1 = 0.544435
  -- 10 : 2 = -0.00788719
  -- 10 : 3 = 0.334268
  -- 10 : 4 = 0.341171
  Inner Net 3
  -- 1 : 1 = -0.0339376
  -- 1 : 2 = -0.211664
  -- 2 : 1 = 0.298594
  -- 2 : 2 = -0.110333
  -- 3 : 1 = 0.0742714
  -- 3 : 2 = 0.164613
  -- 4 : 1 = -0.12863
  -- 4 : 2 = -0.0750315
Out\Act	False		True
False	0.156592	0.685388	0.84198
True	0.0356973	0.122323	0.15802
	0.192289	0.807711
	Accuracy [ (tp + tn) / testSize ]: 0.278915
	Precision [ tp / (tp + fp) ]:      0.151355
	Sensitivity [ tp / (tp + fn) ]:    0.771772
	Specificity [ tn / (tn + fp) ]:    0.185876
	F-Score [ 2tp / (2tp + fp + fn) ]: 0.253202
Particle (33):: Fit: 26.3639	PB: 26.3639	LB: 56.9096	GB: 56.9096	Conf: 0.949411	Pts: 215514
Particle (18):: Fit: 25.8892	PB: 25.8892	LB: 54.8152	GB: 56.9096	Conf: 0.322747	Pts: 75513
Particle (48):: Fit: 53.9858	PB: 53.9858	LB: 53.9858	GB: 56.9096	Conf: 0.32034	Pts: 165473
Particle (7):: Fit: 26.101	PB: 26.101	LB: 50.0717	GB: 56.9096	Conf: 0.467523	Pts: 60593
Particle (46):: Fit: 50.238	PB: 50.238	LB: 54.882	GB: 56.9096	Conf: 0.104831	Pts: 95354
Particle (27):: Fit: 52.0208	PB: 52.0208	LB: 56.6917	GB: 56.9096	Conf: 0.512062	Pts: 95300
Particle (24):: Fit: 49.952	PB: 49.952	LB: 55.6758	GB: 56.9096	Conf: 0.64739	Pts: 85623
Particle (37):: Fit: 26.5476	PB: 26.5476	LB: 56.9096	GB: 56.9096	Conf: 0.5244	Pts: 84995
Particle (10):: Fit: 53.9741	PB: 53.9741	LB: 53.9741	GB: 56.9096	Conf: 0.11626	Pts: 140025
Particle (41):: Fit: 26.0623	PB: 26.0623	LB: 54.882	GB: 56.9096	Conf: 0.547702	Pts: 54903
Particle (46):: Fit: 52.6468	PB: 52.6468	LB: 54.882	GB: 56.9096	Conf: 0.0656605	Pts: 94413
Particle (3):: Fit: 36.8279	PB: 36.8279	LB: 51.5093	GB: 56.9096	Conf: 0.733419	Pts: 102748
Particle (3):: Fit: 36.8711	PB: 36.8711	LB: 51.5093	GB: 56.9096	Conf: 0.85712	Pts: 102843
Particle (27):: Fit: 54.6303	PB: 54.6303	LB: 56.6917	GB: 56.9096	Conf: 0.519453	Pts: 93416
Particle (12):: Fit: 50.1784	PB: 50.1784	LB: 53.9741	GB: 56.9096	Conf: 0.116334	Pts: 508677
Particle (42):: Fit: 58.2472	PB: 58.2472	LB: 58.2472	GB: 58.2472	Conf: 0.109701	Pts: 378069
Global: 58.2472 - Correct: 93.3333% of 15 tests
Global Best: 
  Inner Net 1
  -- 1 : 1 = -0.414049
  -- 1 : 2 = 0.313264
  -- 1 : 3 = -0.124803
  -- 1 : 4 = 0.0794156
  -- 1 : 5 = 0.185228
  -- 1 : 6 = -0.157429
  -- 1 : 7 = -0.242249
  -- 1 : 8 = -0.208876
  -- 1 : 9 = -0.188412
  -- 1 : 10 = -0.116839
  -- 2 : 1 = 0.147731
  -- 2 : 2 = -0.103396
  -- 2 : 3 = -0.0815411
  -- 2 : 4 = -0.138186
  -- 2 : 5 = 0.0703076
  -- 2 : 6 = 0.105685
  -- 2 : 7 = 0.172487
  -- 2 : 8 = 0.103111
  -- 2 : 9 = -0.337972
  -- 2 : 10 = -0.107134
  -- 3 : 1 = 0.499564
  -- 3 : 2 = 0.245076
  -- 3 : 3 = 0.130002
  -- 3 : 4 = -0.140445
  -- 3 : 5 = 0.025199
  -- 3 : 6 = -0.0206518
  -- 3 : 7 = -0.0258985
  -- 3 : 8 = -0.115776
  -- 3 : 9 = -0.152824
  -- 3 : 10 = -0.251025
  -- 4 : 1 = 0.665195
  -- 4 : 2 = 0.114237
  -- 4 : 3 = -0.223013
  -- 4 : 4 = -0.224787
  -- 4 : 5 = -1.70136e-005
  -- 4 : 6 = 0.000248116
  -- 4 : 7 = -0.0531638
  -- 4 : 8 = -0.0672183
  -- 4 : 9 = -0.0806646
  -- 4 : 10 = -0.212788
  -- 5 : 1 = -0.528426
  -- 5 : 2 = -0.174598
  -- 5 : 3 = 0.203112
  -- 5 : 4 = 0.290251
  -- 5 : 5 = 0.000282773
  -- 5 : 6 = -0.260593
  -- 5 : 7 = -0.153572
  -- 5 : 8 = 0.195616
  -- 5 : 9 = 0.135516
  -- 5 : 10 = 0.0794602
  -- 6 : 1 = -1
  -- 6 : 2 = 0.100869
  -- 6 : 3 = 0.00775031
  -- 6 : 4 = 0.203071
  -- 6 : 5 = 0.0530554
  -- 6 : 6 = -0.172908
  -- 6 : 7 = 0.455758
  -- 6 : 8 = 0.135752
  -- 6 : 9 = -0.289594
  -- 6 : 10 = -0.150094
  -- 7 : 1 = -0.50286
  -- 7 : 2 = 0.111134
  -- 7 : 3 = -0.0568717
  -- 7 : 4 = 0.0020209
  -- 7 : 5 = -0.0663831
  -- 7 : 6 = 0.0115968
  -- 7 : 7 = -0.170778
  -- 7 : 8 = 0.309665
  -- 7 : 9 = -0.0914134
  -- 7 : 10 = -0.0794099
  -- 8 : 1 = 0.799426
  -- 8 : 2 = -0.240137
  -- 8 : 3 = -0.314609
  -- 8 : 4 = -0.178821
  -- 8 : 5 = -0.0198697
  -- 8 : 6 = 0.234293
  -- 8 : 7 = 0.0254877
  -- 8 : 8 = 0.1829
  -- 8 : 9 = -0.0127697
  -- 8 : 10 = -0.381747
  -- 9 : 1 = 0.425974
  -- 9 : 2 = 0.0485522
  -- 9 : 3 = 0.0515686
  -- 9 : 4 = 0.440001
  -- 9 : 5 = 0.037835
  -- 9 : 6 = -0.146523
  -- 9 : 7 = -0.111443
  -- 9 : 8 = 0.26348
  -- 9 : 9 = -0.31667
  -- 9 : 10 = -0.293933
  -- 10 : 1 = 0.490102
  -- 10 : 2 = -0.139894
  -- 10 : 3 = 0.181316
  -- 10 : 4 = 0.328358
  -- 10 : 5 = -0.161191
  -- 10 : 6 = 0.183986
  -- 10 : 7 = -0.102181
  -- 10 : 8 = 0.0662817
  -- 10 : 9 = -0.0637809
  -- 10 : 10 = -0.388444
  Inner Net 2
  -- 1 : 1 = 0.074334
  -- 1 : 2 = 0.216183
  -- 1 : 3 = 0.157565
  -- 1 : 4 = 0.60925
  -- 2 : 1 = 0.0127091
  -- 2 : 2 = -0.110161
  -- 2 : 3 = 0.0528474
  -- 2 : 4 = 0.0620113
  -- 3 : 1 = 0.858872
  -- 3 : 2 = 0.351143
  -- 3 : 3 = 0.0308639
  -- 3 : 4 = 0.466722
  -- 4 : 1 = 0.31825
  -- 4 : 2 = 0.242696
  -- 4 : 3 = 0.312843
  -- 4 : 4 = 0.0325044
  -- 5 : 1 = 0.523249
  -- 5 : 2 = 0.263691
  -- 5 : 3 = -0.11514
  -- 5 : 4 = -0.245325
  -- 6 : 1 = 0.434634
  -- 6 : 2 = 0.266339
  -- 6 : 3 = 0.581666
  -- 6 : 4 = 0.237572
  -- 7 : 1 = 0.45074
  -- 7 : 2 = 0.214543
  -- 7 : 3 = -0.0297972
  -- 7 : 4 = -0.152196
  -- 8 : 1 = 0.050831
  -- 8 : 2 = 0.325988
  -- 8 : 3 = 0.128653
  -- 8 : 4 = -0.29892
  -- 9 : 1 = -0.5
  -- 9 : 2 = 0.357513
  -- 9 : 3 = -0.0342907
  -- 9 : 4 = -0.0250287
  -- 10 : 1 = 0.43745
  -- 10 : 2 = -0.0114461
  -- 10 : 3 = 0.702595
  -- 10 : 4 = 0.715664
  Inner Net 3
  -- 1 : 1 = -0.195749
  -- 1 : 2 = -0.130746
  -- 2 : 1 = -0.0197837
  -- 2 : 2 = 0.073323
  -- 3 : 1 = 0.574139
  -- 3 : 2 = 0.345698
  -- 4 : 1 = -0.210162
  -- 4 : 2 = -0.428506
Out\Act	False		True
False	0.633508	0.208472	0.84198
True	0.0980485	0.0599714	0.15802
	0.731556	0.268444
	Accuracy [ (tp + tn) / testSize ]: 0.693479
	Precision [ tp / (tp + fp) ]:      0.223009
	Sensitivity [ tp / (tp + fn) ]:    0.378378
	Specificity [ tn / (tn + fp) ]:    0.751977
	F-Score [ 2tp / (2tp + fp + fn) ]: 0.280936
Particle (12):: Fit: 50.2015	PB: 50.2015	LB: 53.9741	GB: 58.2472	Conf: 0.109265	Pts: 508513
Particle (26):: Fit: 26.3639	PB: 26.3639	LB: 55.6758	GB: 58.2472	Conf: 0.608897	Pts: 52954
Particle (44):: Fit: 43.979	PB: 43.979	LB: 58.2472	GB: 58.2472	Conf: 0.152868	Pts: 43402
Particle (20):: Fit: 55.7599	PB: 55.7599	LB: 55.7599	GB: 58.2472	Conf: 0.208643	Pts: 543710
Particle (26):: Fit: 26.5412	PB: 26.5412	LB: 55.6758	GB: 58.2472	Conf: 0.609026	Pts: 52907
Particle (33):: Fit: 26.3715	PB: 26.3715	LB: 56.9096	GB: 58.2472	Conf: 0.941806	Pts: 212189
Particle (1):: Fit: 53.8828	PB: 53.8828	LB: 53.9858	GB: 58.2472	Conf: 0.433796	Pts: 197104
Particle (4):: Fit: 39.4695	PB: 39.4695	LB: 53.8828	GB: 58.2472	Conf: 0.172004	Pts: 231714
Particle (16):: Fit: 41.3673	PB: 41.3673	LB: 55.7599	GB: 58.2472	Conf: 0.599561	Pts: 46712
Particle (7):: Fit: 26.1054	PB: 26.1054	LB: 53.9741	GB: 58.2472	Conf: 0.469207	Pts: 57231
Particle (21):: Fit: 29.3599	PB: 29.3599	LB: 55.7599	GB: 58.2472	Conf: 0.485571	Pts: 107089
Particle (21):: Fit: 34.5453	PB: 34.5453	LB: 55.7599	GB: 58.2472	Conf: 0.478696	Pts: 107131
Particle (44):: Fit: 44.0888	PB: 44.0888	LB: 58.2472	GB: 58.2472	Conf: 0.166539	Pts: 42364
Particle (44):: Fit: 48.6328	PB: 48.6328	LB: 58.2472	GB: 58.2472	Conf: 0.158097	Pts: 42404
Particle (21):: Fit: 39.7377	PB: 39.7377	LB: 55.7599	GB: 58.2472	Conf: 0.478088	Pts: 107015
Particle (22):: Fit: 26.3421	PB: 26.3421	LB: 55.7599	GB: 58.2472	Conf: 0.498857	Pts: 155480
Particle (25):: Fit: 38.4447	PB: 38.4447	LB: 55.6758	GB: 58.2472	Conf: 0.30915	Pts: 45009
Particle (25):: Fit: 41.7344	PB: 41.7344	LB: 55.6758	GB: 58.2472	Conf: 0.312445	Pts: 45081
Particle (30):: Fit: 25.3956	PB: 25.3956	LB: 56.9096	GB: 58.2472	Conf: 0.175473	Pts: 45791
Particle (39):: Fit: 55.3216	PB: 55.3216	LB: 58.2472	GB: 58.2472	Conf: 0.113691	Pts: 69867
Particle (1):: Fit: 54.2441	PB: 54.2441	LB: 54.2441	GB: 58.2472	Conf: 0.417689	Pts: 239226
Particle (18):: Fit: 25.9057	PB: 25.9057	LB: 55.7599	GB: 58.2472	Conf: 0.327503	Pts: 69541
Particle (24):: Fit: 49.9786	PB: 49.9786	LB: 55.7599	GB: 58.2472	Conf: 0.738944	Pts: 79912
Particle (7):: Fit: 26.106	PB: 26.106	LB: 53.9741	GB: 58.2472	Conf: 0.469439	Pts: 54727
Particle (11):: Fit: 26.1626	PB: 26.1626	LB: 53.9741	GB: 58.2472	Conf: 0.611033	Pts: 123748
Particle (20):: Fit: 58.4469	PB: 58.4469	LB: 58.4469	GB: 58.4469	Conf: 0.177306	Pts: 599795
Global: 58.4469 - Correct: 93.3333% of 15 tests
Global Best: 
  Inner Net 1
  -- 1 : 1 = 0.276595
  -- 1 : 2 = -0.120817
  -- 1 : 3 = 0.442503
  -- 1 : 4 = 0.21906
  -- 1 : 5 = -0.128675
  -- 1 : 6 = -0.134777
  -- 1 : 7 = -0.0823067
  -- 1 : 8 = -0.093229
  -- 1 : 9 = -0.424571
  -- 1 : 10 = 0.0300946
  -- 2 : 1 = 0.0375332
  -- 2 : 2 = 0.0675678
  -- 2 : 3 = 0.625179
  -- 2 : 4 = -0.0410646
  -- 2 : 5 = 0.400193
  -- 2 : 6 = -0.205938
  -- 2 : 7 = 0.13543
  -- 2 : 8 = -0.0699839
  -- 2 : 9 = 0.1932
  -- 2 : 10 = -0.109341
  -- 3 : 1 = 0.274282
  -- 3 : 2 = 0.0177542
  -- 3 : 3 = -0.1404
  -- 3 : 4 = -0.292051
  -- 3 : 5 = 0.267194
  -- 3 : 6 = -0.160352
  -- 3 : 7 = -0.0771711
  -- 3 : 8 = 0.0542694
  -- 3 : 9 = 0.139357
  -- 3 : 10 = -0.015902
  -- 4 : 1 = 0.467097
  -- 4 : 2 = 0.0498011
  -- 4 : 3 = -0.347197
  -- 4 : 4 = -0.0847194
  -- 4 : 5 = 0.197816
  -- 4 : 6 = 0.202384
  -- 4 : 7 = -0.131527
  -- 4 : 8 = -0.167821
  -- 4 : 9 = -0.198971
  -- 4 : 10 = -0.773978
  -- 5 : 1 = 0.0787596
  -- 5 : 2 = 0.0254026
  -- 5 : 3 = -0.0786388
  -- 5 : 4 = -0.0195542
  -- 5 : 5 = 0.107548
  -- 5 : 6 = 0.0290559
  -- 5 : 7 = -0.00720598
  -- 5 : 8 = 0.698092
  -- 5 : 9 = 0.213016
  -- 5 : 10 = -0.186596
  -- 6 : 1 = -0.451082
  -- 6 : 2 = -0.237242
  -- 6 : 3 = 0.199982
  -- 6 : 4 = 0.64293
  -- 6 : 5 = 0.332599
  -- 6 : 6 = -0.0170706
  -- 6 : 7 = -0.235117
  -- 6 : 8 = -0.238066
  -- 6 : 9 = 0.0613175
  -- 6 : 10 = 0.0479978
  -- 7 : 1 = -0.496784
  -- 7 : 2 = 0.100686
  -- 7 : 3 = -0.0383262
  -- 7 : 4 = -0.0428474
  -- 7 : 5 = 0.153355
  -- 7 : 6 = -0.225466
  -- 7 : 7 = 0.033532
  -- 7 : 8 = 0.0110025
  -- 7 : 9 = 0.0232045
  -- 7 : 10 = -0.0264461
  -- 8 : 1 = -1
  -- 8 : 2 = 0.0800152
  -- 8 : 3 = -0.48767
  -- 8 : 4 = -0.130786
  -- 8 : 5 = -0.144868
  -- 8 : 6 = 0.24192
  -- 8 : 7 = 0.0154626
  -- 8 : 8 = 0.783291
  -- 8 : 9 = 0.503568
  -- 8 : 10 = -0.0216429
  -- 9 : 1 = -0.690041
  -- 9 : 2 = -0.0122382
  -- 9 : 3 = 0.0937039
  -- 9 : 4 = 0.00772404
  -- 9 : 5 = -0.34907
  -- 9 : 6 = 0.279611
  -- 9 : 7 = 0.0509984
  -- 9 : 8 = -0.068874
  -- 9 : 9 = -0.253662
  -- 9 : 10 = 0.203686
  -- 10 : 1 = 0.280296
  -- 10 : 2 = 0.292665
  -- 10 : 3 = -0.23617
  -- 10 : 4 = -0.0986732
  -- 10 : 5 = -0.38838
  -- 10 : 6 = 0.0428158
  -- 10 : 7 = 0.0819766
  -- 10 : 8 = -0.205422
  -- 10 : 9 = -0.35207
  -- 10 : 10 = -0.420684
  Inner Net 2
  -- 1 : 1 = 0.319134
  -- 1 : 2 = 0.0480089
  -- 1 : 3 = -0.243838
  -- 1 : 4 = 0.193586
  -- 2 : 1 = -0.842515
  -- 2 : 2 = -0.420252
  -- 2 : 3 = 0.120142
  -- 2 : 4 = 0.00555548
  -- 3 : 1 = 0.735191
  -- 3 : 2 = -0.211979
  -- 3 : 3 = 0.15335
  -- 3 : 4 = 0.0415209
  -- 4 : 1 = 0.392077
  -- 4 : 2 = 0.150662
  -- 4 : 3 = -0.363457
  -- 4 : 4 = -0.114469
  -- 5 : 1 = 0.724006
  -- 5 : 2 = 0.00128017
  -- 5 : 3 = 0.104991
  -- 5 : 4 = -0.582746
  -- 6 : 1 = 0.169528
  -- 6 : 2 = -0.331556
  -- 6 : 3 = -0.0621615
  -- 6 : 4 = 0.0380679
  -- 7 : 1 = 0.411689
  -- 7 : 2 = 0.293072
  -- 7 : 3 = -0.199433
  -- 7 : 4 = 0.115883
  -- 8 : 1 = -0.187075
  -- 8 : 2 = -0.167698
  -- 8 : 3 = -0.387676
  -- 8 : 4 = 0.0582838
  -- 9 : 1 = 0.0868493
  -- 9 : 2 = 0.16608
  -- 9 : 3 = 0.183903
  -- 9 : 4 = 0.555764
  -- 10 : 1 = -0.5
  -- 10 : 2 = -0.208814
  -- 10 : 3 = 0.13109
  -- 10 : 4 = 0.19991
  Inner Net 3
  -- 1 : 1 = 0.133375
  -- 1 : 2 = -0.443896
  -- 2 : 1 = 0.441803
  -- 2 : 2 = 0.00557286
  -- 3 : 1 = -0.458613
  -- 3 : 2 = 0.048743
  -- 4 : 1 = -0.0561284
  -- 4 : 2 = 0.460407
Out\Act	False		True
False	0.0813898	0.76059	0.84198
True	0.0185626	0.139457	0.15802
	0.0999524	0.900048
	Accuracy [ (tp + tn) / testSize ]: 0.220847
	Precision [ tp / (tp + fp) ]:      0.154863
	Sensitivity [ tp / (tp + fn) ]:    0.87988
	Specificity [ tn / (tn + fp) ]:    0.0966102
	F-Score [ 2tp / (2tp + fp + fn) ]: 0.263489
Particle (41):: Fit: 26.0759	PB: 26.0759	LB: 58.2472	GB: 58.4469	Conf: 0.556269	Pts: 48935
Particle (12):: Fit: 51.1235	PB: 51.1235	LB: 53.9741	GB: 58.4469	Conf: 0.123624	Pts: 503979
Particle (0):: Fit: 26.2702	PB: 26.2702	LB: 54.2441	GB: 58.4469	Conf: 0.465848	Pts: 99026
Particle (2):: Fit: 26.1111	PB: 26.1111	LB: 54.2441	GB: 58.4469	Conf: 0.853733	Pts: 113515
Particle (21):: Fit: 44.7113	PB: 44.7113	LB: 58.4469	GB: 58.4469	Conf: 0.401269	Pts: 103177
Particle (19):: Fit: 26.7627	PB: 26.7627	LB: 58.4469	GB: 58.4469	Conf: 0.962241	Pts: 76295
Particle (2):: Fit: 26.5649	PB: 26.5649	LB: 54.2441	GB: 58.4469	Conf: 0.85084	Pts: 111496
Particle (45):: Fit: 25.4902	PB: 25.4902	LB: 58.2472	GB: 58.4469	Conf: 0.509838	Pts: 36235
Particle (45):: Fit: 25.4907	PB: 25.4907	LB: 58.2472	GB: 58.4469	Conf: 0.510046	Pts: 36320
Particle (2):: Fit: 26.569	PB: 26.569	LB: 54.2441	GB: 58.4469	Conf: 0.855598	Pts: 110965
Particle (21):: Fit: 49.9512	PB: 49.9512	LB: 58.4469	GB: 58.4469	Conf: 0.435695	Pts: 100614
Particle (9):: Fit: 43.0823	PB: 43.0823	LB: 53.9741	GB: 58.4469	Conf: 0.0426344	Pts: 63890
Particle (45):: Fit: 25.9972	PB: 25.9972	LB: 58.2472	GB: 58.4469	Conf: 0.512914	Pts: 33944
Particle (0):: Fit: 26.2703	PB: 26.2703	LB: 54.2441	GB: 58.4469	Conf: 0.465911	Pts: 93050
Particle (41):: Fit: 26.446	PB: 26.446	LB: 58.2472	GB: 58.4469	Conf: 0.551369	Pts: 42335
Particle (9):: Fit: 44.2203	PB: 44.2203	LB: 53.9741	GB: 58.4469	Conf: 0.0799391	Pts: 61250
Particle (8):: Fit: 33.0696	PB: 33.0696	LB: 53.9741	GB: 58.4469	Conf: 0.789717	Pts: 87287
Particle (8):: Fit: 39.2184	PB: 39.2184	LB: 53.9741	GB: 58.4469	Conf: 0.779801	Pts: 87382
Particle (12):: Fit: 55.0965	PB: 55.0965	LB: 55.0965	GB: 58.4469	Conf: 0.113691	Pts: 537044
Particle (2):: Fit: 26.9153	PB: 26.9153	LB: 54.2441	GB: 58.4469	Conf: 0.854224	Pts: 106883
Particle (8):: Fit: 44.8292	PB: 44.8292	LB: 55.0965	GB: 58.4469	Conf: 0.852084	Pts: 86790
Particle (31):: Fit: 56.0555	PB: 56.0555	LB: 56.9096	GB: 58.4469	Conf: 0.117398	Pts: 66103
Particle (27):: Fit: 54.8985	PB: 54.8985	LB: 56.6917	GB: 58.4469	Conf: 0.4979	Pts: 76909
Particle (7):: Fit: 26.1109	PB: 26.1109	LB: 55.0965	GB: 58.4469	Conf: 0.471431	Pts: 42685
Particle (37):: Fit: 26.5483	PB: 26.5483	LB: 58.2472	GB: 58.4469	Conf: 0.524764	Pts: 64285
Particle (29):: Fit: 55.7217	PB: 55.7217	LB: 56.6917	GB: 58.4469	Conf: 0.350541	Pts: 301985
Particle (48):: Fit: 53.9871	PB: 53.9871	LB: 54.2441	GB: 58.4469	Conf: 0.33653	Pts: 141971
Particle (36):: Fit: 54.866	PB: 54.866	LB: 56.9096	GB: 58.4469	Conf: 0.545603	Pts: 92055
Particle (25):: Fit: 42.7192	PB: 42.7192	LB: 55.7217	GB: 58.4469	Conf: 0.315	Pts: 25626
Particle (30):: Fit: 25.4297	PB: 25.4297	LB: 56.9096	GB: 58.4469	Conf: 0.147968	Pts: 26410
Particle (0):: Fit: 26.2711	PB: 26.2711	LB: 54.2441	GB: 58.4469	Conf: 0.46619	Pts: 81002
Particle (14):: Fit: 44.9323	PB: 44.9323	LB: 55.0965	GB: 58.4469	Conf: 0.6836	Pts: 30329
Particle (8):: Fit: 50.8016	PB: 50.8016	LB: 55.0965	GB: 58.4469	Conf: 0.790787	Pts: 75299
Particle (3):: Fit: 40.0542	PB: 40.0542	LB: 54.2441	GB: 58.4469	Conf: 0.803672	Pts: 75273
Particle (21):: Fit: 54.7353	PB: 54.7353	LB: 58.4469	GB: 58.4469	Conf: 0.509379	Pts: 83654
Particle (45):: Fit: 26.3639	PB: 26.3639	LB: 58.2472	GB: 58.4469	Conf: 0.50922	Pts: 17815
Particle (47):: Fit: 46.9336	PB: 46.9336	LB: 54.2441	GB: 58.4469	Conf: 0.701429	Pts: 48130
Particle (3):: Fit: 40.1873	PB: 40.1873	LB: 54.2441	GB: 58.4469	Conf: 0.853205	Pts: 71299
Particle (3):: Fit: 45.0945	PB: 45.0945	LB: 54.2441	GB: 58.4469	Conf: 0.811943	Pts: 71392
Particle (33):: Fit: 26.7633	PB: 26.7633	LB: 56.9096	GB: 58.4469	Conf: 0.947363	Pts: 181659
Particle (18):: Fit: 48.9441	PB: 48.9441	LB: 58.4469	GB: 58.4469	Conf: 0.192275	Pts: 41390
Particle (23):: Fit: 43.1517	PB: 43.1517	LB: 58.4469	GB: 58.4469	Conf: 0.460189	Pts: 89517
Particle (44):: Fit: 53.7784	PB: 53.7784	LB: 58.2472	GB: 58.4469	Conf: 0.154417	Pts: 9401
Particle (0):: Fit: 26.3012	PB: 26.3012	LB: 54.2441	GB: 58.4469	Conf: 0.479845	Pts: 68958
Particle (32):: Fit: 56.6932	PB: 56.6932	LB: 56.9096	GB: 58.4469	Conf: 0.267018	Pts: 128440
Global Best: 
  Inner Net 1
  -- 1 : 1 = 0.276595
  -- 1 : 2 = -0.120817
  -- 1 : 3 = 0.442503
  -- 1 : 4 = 0.21906
  -- 1 : 5 = -0.128675
  -- 1 : 6 = -0.134777
  -- 1 : 7 = -0.0823067
  -- 1 : 8 = -0.093229
  -- 1 : 9 = -0.424571
  -- 1 : 10 = 0.0300946
  -- 2 : 1 = 0.0375332
  -- 2 : 2 = 0.0675678
  -- 2 : 3 = 0.625179
  -- 2 : 4 = -0.0410646
  -- 2 : 5 = 0.400193
  -- 2 : 6 = -0.205938
  -- 2 : 7 = 0.13543
  -- 2 : 8 = -0.0699839
  -- 2 : 9 = 0.1932
  -- 2 : 10 = -0.109341
  -- 3 : 1 = 0.274282
  -- 3 : 2 = 0.0177542
  -- 3 : 3 = -0.1404
  -- 3 : 4 = -0.292051
  -- 3 : 5 = 0.267194
  -- 3 : 6 = -0.160352
  -- 3 : 7 = -0.0771711
  -- 3 : 8 = 0.0542694
  -- 3 : 9 = 0.139357
  -- 3 : 10 = -0.015902
  -- 4 : 1 = 0.467097
  -- 4 : 2 = 0.0498011
  -- 4 : 3 = -0.347197
  -- 4 : 4 = -0.0847194
  -- 4 : 5 = 0.197816
  -- 4 : 6 = 0.202384
  -- 4 : 7 = -0.131527
  -- 4 : 8 = -0.167821
  -- 4 : 9 = -0.198971
  -- 4 : 10 = -0.773978
  -- 5 : 1 = 0.0787596
  -- 5 : 2 = 0.0254026
  -- 5 : 3 = -0.0786388
  -- 5 : 4 = -0.0195542
  -- 5 : 5 = 0.107548
  -- 5 : 6 = 0.0290559
  -- 5 : 7 = -0.00720598
  -- 5 : 8 = 0.698092
  -- 5 : 9 = 0.213016
  -- 5 : 10 = -0.186596
  -- 6 : 1 = -0.451082
  -- 6 : 2 = -0.237242
  -- 6 : 3 = 0.199982
  -- 6 : 4 = 0.64293
  -- 6 : 5 = 0.332599
  -- 6 : 6 = -0.0170706
  -- 6 : 7 = -0.235117
  -- 6 : 8 = -0.238066
  -- 6 : 9 = 0.0613175
  -- 6 : 10 = 0.0479978
  -- 7 : 1 = -0.496784
  -- 7 : 2 = 0.100686
  -- 7 : 3 = -0.0383262
  -- 7 : 4 = -0.0428474
  -- 7 : 5 = 0.153355
  -- 7 : 6 = -0.225466
  -- 7 : 7 = 0.033532
  -- 7 : 8 = 0.0110025
  -- 7 : 9 = 0.0232045
  -- 7 : 10 = -0.0264461
  -- 8 : 1 = -1
  -- 8 : 2 = 0.0800152
  -- 8 : 3 = -0.48767
  -- 8 : 4 = -0.130786
  -- 8 : 5 = -0.144868
  -- 8 : 6 = 0.24192
  -- 8 : 7 = 0.0154626
  -- 8 : 8 = 0.783291
  -- 8 : 9 = 0.503568
  -- 8 : 10 = -0.0216429
  -- 9 : 1 = -0.690041
  -- 9 : 2 = -0.0122382
  -- 9 : 3 = 0.0937039
  -- 9 : 4 = 0.00772404
  -- 9 : 5 = -0.34907
  -- 9 : 6 = 0.279611
  -- 9 : 7 = 0.0509984
  -- 9 : 8 = -0.068874
  -- 9 : 9 = -0.253662
  -- 9 : 10 = 0.203686
  -- 10 : 1 = 0.280296
  -- 10 : 2 = 0.292665
  -- 10 : 3 = -0.23617
  -- 10 : 4 = -0.0986732
  -- 10 : 5 = -0.38838
  -- 10 : 6 = 0.0428158
  -- 10 : 7 = 0.0819766
  -- 10 : 8 = -0.205422
  -- 10 : 9 = -0.35207
  -- 10 : 10 = -0.420684
  Inner Net 2
  -- 1 : 1 = 0.319134
  -- 1 : 2 = 0.0480089
  -- 1 : 3 = -0.243838
  -- 1 : 4 = 0.193586
  -- 2 : 1 = -0.842515
  -- 2 : 2 = -0.420252
  -- 2 : 3 = 0.120142
  -- 2 : 4 = 0.00555548
  -- 3 : 1 = 0.735191
  -- 3 : 2 = -0.211979
  -- 3 : 3 = 0.15335
  -- 3 : 4 = 0.0415209
  -- 4 : 1 = 0.392077
  -- 4 : 2 = 0.150662
  -- 4 : 3 = -0.363457
  -- 4 : 4 = -0.114469
  -- 5 : 1 = 0.724006
  -- 5 : 2 = 0.00128017
  -- 5 : 3 = 0.104991
  -- 5 : 4 = -0.582746
  -- 6 : 1 = 0.169528
  -- 6 : 2 = -0.331556
  -- 6 : 3 = -0.0621615
  -- 6 : 4 = 0.0380679
  -- 7 : 1 = 0.411689
  -- 7 : 2 = 0.293072
  -- 7 : 3 = -0.199433
  -- 7 : 4 = 0.115883
  -- 8 : 1 = -0.187075
  -- 8 : 2 = -0.167698
  -- 8 : 3 = -0.387676
  -- 8 : 4 = 0.0582838
  -- 9 : 1 = 0.0868493
  -- 9 : 2 = 0.16608
  -- 9 : 3 = 0.183903
  -- 9 : 4 = 0.555764
  -- 10 : 1 = -0.5
  -- 10 : 2 = -0.208814
  -- 10 : 3 = 0.13109
  -- 10 : 4 = 0.19991
  Inner Net 3
  -- 1 : 1 = 0.133375
  -- 1 : 2 = -0.443896
  -- 2 : 1 = 0.441803
  -- 2 : 2 = 0.00557286
  -- 3 : 1 = -0.458613
  -- 3 : 2 = 0.048743
  -- 4 : 1 = -0.0561284
  -- 4 : 2 = 0.460407
Out\Act	False		True
False	0.0813898	0.76059	0.84198
True	0.0185626	0.139457	0.15802
	0.0999524	0.900048
	Accuracy [ (tp + tn) / testSize ]: 0.220847
	Precision [ tp / (tp + fp) ]:      0.154863
	Sensitivity [ tp / (tp + fn) ]:    0.87988
	Specificity [ tn / (tn + fp) ]:    0.0966102
	F-Score [ 2tp / (2tp + fp + fn) ]: 0.263489
