
Date / Time: Fri Mar 31 04:42:53 2017

   ****************************************
   * PSO Neural Net (Gaussian Activation) *
   *       by William Boler, BSCE         *
   *     Research Assistant, IUPUI        *
   *                                      *
   *  Professor: Dr. Lauren Christopher   *
   *     Created: March 13, 2017          *
   ****************************************


Inputs: 6
Inner Nets: 1
 - 5
Tests per train(min): 100
Particles: 50
Neighbors: 10
Minimum Particle Iterations: 1000
Particle (0):: Fit: 0.000101036	PB: 0.000101036	LB: 0.000101036	GB: 0.000101036	Cor: 0.51	Pts: 110099
Particle (1):: Fit: 0.000103086	PB: 0.000103086	LB: 0.000103086	GB: 0.000103086	Cor: 0.5	Pts: 110099
Particle (2):: Fit: 0.000119504	PB: 0.000119504	LB: 0.000119504	GB: 0.000119504	Cor: 0.42	Pts: 110099
Particle (3):: Fit: 0.000115384	PB: 0.000115384	LB: 0.000119504	GB: 0.000119504	Cor: 0.42	Pts: 55099
Particle (4):: Fit: 7.84862e-005	PB: 7.84862e-005	LB: 0.000119504	GB: 0.000119504	Cor: 0.42	Pts: 55099
Particle (5):: Fit: 0.000948972	PB: 0.000948972	LB: 0.000948972	GB: 0.000948972	Cor: 0.57	Pts: 110099
Particle (6):: Fit: 0.000111285	PB: 0.000111285	LB: 0.000948972	GB: 0.000948972	Cor: 0.57	Pts: 55099
Particle (7):: Fit: 9.4892e-005	PB: 9.4892e-005	LB: 0.000948972	GB: 0.000948972	Cor: 0.57	Pts: 55099
Particle (8):: Fit: 0.000107185	PB: 0.000107185	LB: 0.000948972	GB: 0.000948972	Cor: 0.57	Pts: 60099
Particle (9):: Fit: 0.000103089	PB: 0.000103089	LB: 0.000948972	GB: 0.000948972	Cor: 0.57	Pts: 55099
Particle (10):: Fit: 0.000109251	PB: 0.000109251	LB: 0.000111285	GB: 0.000948972	Cor: 0.57	Pts: 70099
Particle (11):: Fit: 0.000115392	PB: 0.000115392	LB: 0.000115392	GB: 0.000948972	Cor: 0.57	Pts: 80099
Particle (12):: Fit: 0.000111287	PB: 0.000111287	LB: 0.000115392	GB: 0.000948972	Cor: 0.57	Pts: 55099
Particle (13):: Fit: 0.000111335	PB: 0.000111335	LB: 0.000115392	GB: 0.000948972	Cor: 0.57	Pts: 60099
Particle (14):: Fit: 0.000113334	PB: 0.000113334	LB: 0.000115392	GB: 0.000948972	Cor: 0.57	Pts: 65099
Particle (15):: Fit: 9.28528e-005	PB: 9.28528e-005	LB: 0.000115392	GB: 0.000948972	Cor: 0.57	Pts: 55099
Particle (16):: Fit: 7.84861e-005	PB: 7.84861e-005	LB: 0.000113334	GB: 0.000948972	Cor: 0.57	Pts: 55099
Particle (17):: Fit: 0.000107187	PB: 0.000107187	LB: 0.000113334	GB: 0.000948972	Cor: 0.57	Pts: 65099
Particle (18):: Fit: 0.000111285	PB: 0.000111285	LB: 0.000113334	GB: 0.000948972	Cor: 0.57	Pts: 70099
Particle (19):: Fit: 0.000115402	PB: 0.000115402	LB: 0.000115402	GB: 0.000948972	Cor: 0.57	Pts: 100099
Particle (20):: Fit: 9.2837e-005	PB: 9.2837e-005	LB: 0.000115402	GB: 0.000948972	Cor: 0.57	Pts: 55099
Particle (21):: Fit: 0.00010514	PB: 0.00010514	LB: 0.000115402	GB: 0.000948972	Cor: 0.57	Pts: 60099
Particle (22):: Fit: 0.000109269	PB: 0.000109269	LB: 0.000115402	GB: 0.000948972	Cor: 0.57	Pts: 65099
Particle (23):: Fit: 0.000105136	PB: 0.000105136	LB: 0.000115402	GB: 0.000948972	Cor: 0.57	Pts: 55099
Particle (24):: Fit: 0.000115384	PB: 0.000115384	LB: 0.000115384	GB: 0.000948972	Cor: 0.57	Pts: 75099
Particle (25):: Fit: 0.000116677	PB: 0.000116677	LB: 0.000116677	GB: 0.000948972	Cor: 0.57	Pts: 100099
Particle (26):: Fit: 0.000119484	PB: 0.000119484	LB: 0.000119484	GB: 0.000948972	Cor: 0.57	Pts: 100099
Particle (27):: Fit: 0.000113336	PB: 0.000113336	LB: 0.000119484	GB: 0.000948972	Cor: 0.57	Pts: 55099
Particle (28):: Fit: 0.00109094	PB: 0.00109094	LB: 0.00109094	GB: 0.00109094	Cor: 0.49	Pts: 110099
Particle (29):: Fit: 0.000109249	PB: 0.000109249	LB: 0.00109094	GB: 0.00109094	Cor: 0.49	Pts: 55099
Particle (30):: Fit: 0.000105141	PB: 0.000105141	LB: 0.00109094	GB: 0.00109094	Cor: 0.49	Pts: 55099
Particle (31):: Fit: 8.87367e-005	PB: 8.87367e-005	LB: 0.00109094	GB: 0.00109094	Cor: 0.49	Pts: 55099
Particle (32):: Fit: 9.89873e-005	PB: 9.89873e-005	LB: 0.00109094	GB: 0.00109094	Cor: 0.49	Pts: 60099
Particle (33):: Fit: 0.000662352	PB: 0.000662352	LB: 0.000662352	GB: 0.00109094	Cor: 0.49	Pts: 75099
Particle (34):: Fit: 0.000123593	PB: 0.000123593	LB: 0.000662352	GB: 0.00109094	Cor: 0.49	Pts: 55099
Particle (35):: Fit: 0.000111285	PB: 0.000111285	LB: 0.000662352	GB: 0.00109094	Cor: 0.49	Pts: 55099
Particle (36):: Fit: 0.000109286	PB: 0.000109286	LB: 0.000662352	GB: 0.00109094	Cor: 0.49	Pts: 55099
Particle (37):: Fit: 9.28584e-005	PB: 9.28584e-005	LB: 0.000662352	GB: 0.00109094	Cor: 0.49	Pts: 55099
Particle (38):: Fit: 9.90282e-005	PB: 9.90282e-005	LB: 0.000123593	GB: 0.00109094	Cor: 0.49	Pts: 60099
Particle (39):: Fit: 0.000109238	PB: 0.000109238	LB: 0.000111285	GB: 0.00109094	Cor: 0.49	Pts: 65099
Particle (40):: Fit: 9.69362e-005	PB: 9.69362e-005	LB: 0.000109286	GB: 0.00109094	Cor: 0.49	Pts: 55099
Particle (41):: Fit: 0.000105157	PB: 0.000105157	LB: 0.000109238	GB: 0.00109094	Cor: 0.49	Pts: 60099
Particle (42):: Fit: 0.000107201	PB: 0.000107201	LB: 0.000109238	GB: 0.00109094	Cor: 0.49	Pts: 65099
Particle (43):: Fit: 9.89872e-005	PB: 9.89872e-005	LB: 0.000109238	GB: 0.00109094	Cor: 0.49	Pts: 50099
Particle (44):: Fit: 9.07892e-005	PB: 9.07892e-005	LB: 0.000107201	GB: 0.00109094	Cor: 0.49	Pts: 50099
Particle (45):: Fit: 9.48865e-005	PB: 9.48865e-005	LB: 0.000107201	GB: 0.00109094	Cor: 0.49	Pts: 50099
Particle (46):: Fit: 9.28364e-005	PB: 9.28364e-005	LB: 0.000107201	GB: 0.00109094	Cor: 0.49	Pts: 50099
Particle (47):: Fit: 0.00102973	PB: 0.00102973	LB: 0.00102973	GB: 0.00109094	Cor: 0.49	Pts: 100099
Particle (48):: Fit: 8.87365e-005	PB: 8.87365e-005	LB: 0.00102973	GB: 0.00109094	Cor: 0.49	Pts: 50099
Particle (49):: Fit: 0.000115384	PB: 0.000115384	LB: 0.00102973	GB: 0.00109094	Cor: 0.49	Pts: 50099
Global: 0.00109094 - Correct: 49% of 100 tests
Global Best: 
  Inner Net 1
  -- 1 : 1 = 0.8608
  -- 1 : 2 = 0.209
  -- 1 : 3 = 0.1503
  -- 1 : 4 = 0.9411
  -- 1 : 5 = 0.6622
  -- 2 : 1 = 0.6426
  -- 2 : 2 = 0.958
  -- 2 : 3 = 0.2626
  -- 2 : 4 = 0.003
  -- 2 : 5 = 0.8991
  -- 3 : 1 = 0.0881
  -- 3 : 2 = 0.1803
  -- 3 : 3 = 0.1376
  -- 3 : 4 = 0.8903
  -- 3 : 5 = 0.7569
  -- 4 : 1 = 0.9344
  -- 4 : 2 = 0.3768
  -- 4 : 3 = 0.1188
  -- 4 : 4 = 0.2361
  -- 4 : 5 = 0.9491
  -- 5 : 1 = 0.6308
  -- 5 : 2 = 0.9278
  -- 5 : 3 = 0.5115
  -- 5 : 4 = 0.7495
  -- 5 : 5 = 0.1917
  -- 6 : 1 = 0.0491
  -- 6 : 2 = 0.3275
  -- 6 : 3 = 0.3697
  -- 6 : 4 = 0.2397
  -- 6 : 5 = 0.2846
  Inner Net 2
  -- 1 : 1 = 0.4966
  -- 1 : 2 = -0.0470942
  -- 2 : 1 = -0.2712
  -- 2 : 2 = 0.2982
  -- 3 : 1 = 0.3719
  -- 3 : 2 = 0.207
  -- 4 : 1 = -0.0607557
  -- 4 : 2 = 0.1393
  -- 5 : 1 = 0.1948
  -- 5 : 2 = -0.0715
Out\Act	False		True
False	0.84198	0	0.84198
True	0.15802	0	0.15802
	1	0
	Accuracy [ (tp + tn) / testSize ]: 0.84198
	Precision [ tp / (tp + fp) ]:      0
	Sensitivity [ tp / (tp + fn) ]:    0
	Specificity [ tn / (tn + fp) ]:    0.999435
	F-Score [ 2tp / (2tp + fp + fn) ]: 0
Particle (0):: Fit: 0.000103086	PB: 0.000103086	LB: 0.00102973	GB: 0.00109094	Cor: 0	Pts: 110198
Particle (1):: Fit: 0.000115384	PB: 0.000115384	LB: 0.00102973	GB: 0.00109094	Cor: 0	Pts: 110198
Particle (4):: Fit: 0.000117434	PB: 0.000117434	LB: 0.000948972	GB: 0.00109094	Cor: 0	Pts: 55198
Particle (7):: Fit: 0.000121544	PB: 0.000121544	LB: 0.000948972	GB: 0.00109094	Cor: 0	Pts: 65198
Particle (9):: Fit: 0.00011568	PB: 0.00011568	LB: 0.000948972	GB: 0.00109094	Cor: 0	Pts: 65198
Particle (12):: Fit: 0.000119819	PB: 0.000119819	LB: 0.000119819	GB: 0.00109094	Cor: 0	Pts: 80198
Particle (13):: Fit: 0.00115453	PB: 0.00115453	LB: 0.00115453	GB: 0.00115453	Cor: 0.46	Pts: 120198
Particle (16):: Fit: 8.87365e-005	PB: 8.87365e-005	LB: 0.00115453	GB: 0.00115453	Cor: 0.46	Pts: 55197
Particle (18):: Fit: 0.000117434	PB: 0.000117434	LB: 0.000117434	GB: 0.00115453	Cor: 0.46	Pts: 85198
Particle (20):: Fit: 0.00103018	PB: 0.00103018	LB: 0.00103018	GB: 0.00115453	Cor: 0.46	Pts: 80198
Particle (21):: Fit: 0.000115387	PB: 0.000115387	LB: 0.00103018	GB: 0.00115453	Cor: 0.46	Pts: 60198
Particle (26):: Fit: 0.00113385	PB: 0.00113385	LB: 0.00113385	GB: 0.00115453	Cor: 0.46	Pts: 150198
Particle (30):: Fit: 0.000109244	PB: 0.000109244	LB: 0.00113385	GB: 0.00115453	Cor: 0.46	Pts: 55198
Particle (31):: Fit: 0.00011339	PB: 0.00011339	LB: 0.00109094	GB: 0.00115453	Cor: 0.46	Pts: 55198
Particle (32):: Fit: 0.000113454	PB: 0.000113454	LB: 0.00109094	GB: 0.00115453	Cor: 0.46	Pts: 60198
Particle (37):: Fit: 0.000103086	PB: 0.000103086	LB: 0.000662352	GB: 0.00115453	Cor: 0.46	Pts: 55198
Particle (38):: Fit: 0.000105136	PB: 0.000105136	LB: 0.000123593	GB: 0.00115453	Cor: 0.46	Pts: 60198
Particle (40):: Fit: 0.000107201	PB: 0.000107201	LB: 0.000109286	GB: 0.00115453	Cor: 0.46	Pts: 55198
Particle (41):: Fit: 0.000826164	PB: 0.000826164	LB: 0.000826164	GB: 0.00115453	Cor: 0.46	Pts: 90198
Particle (43):: Fit: 0.000107186	PB: 0.000107186	LB: 0.00102973	GB: 0.00115453	Cor: 0.46	Pts: 50198
Particle (44):: Fit: 9.69397e-005	PB: 9.69397e-005	LB: 0.00102973	GB: 0.00115453	Cor: 0.46	Pts: 50198
Particle (46):: Fit: 0.000105136	PB: 0.000105136	LB: 0.00102973	GB: 0.00115453	Cor: 0.46	Pts: 50198
Particle (47):: Fit: 0.00107065	PB: 0.00107065	LB: 0.00107065	GB: 0.00115453	Cor: 0.46	Pts: 150198
Particle (48):: Fit: 9.48863e-005	PB: 9.48863e-005	LB: 0.00107065	GB: 0.00115453	Cor: 0.46	Pts: 50198
Global: 0.00115453 - Correct: 46% of 100 tests
Global Best: 
  Inner Net 1
  -- 1 : 1 = 0.8569
  -- 1 : 2 = 0.6465
  -- 1 : 3 = 0.3677
  -- 1 : 4 = 0.3824
  -- 1 : 5 = 0.3304
  -- 2 : 1 = 0.7387
  -- 2 : 2 = 0.3696
  -- 2 : 3 = 0.6021
  -- 2 : 4 = 0.0887
  -- 2 : 5 = 0.8651
  -- 3 : 1 = 0.4389
  -- 3 : 2 = 0.644
  -- 3 : 3 = 0.6878
  -- 3 : 4 = 0.9021
  -- 3 : 5 = 0.0602
  -- 4 : 1 = 0.1994
  -- 4 : 2 = 0.7633
  -- 4 : 3 = 0.2982
  -- 4 : 4 = 0.862
  -- 4 : 5 = 0.1431
  -- 5 : 1 = 0.2017
  -- 5 : 2 = 0.483
  -- 5 : 3 = 0.5866
  -- 5 : 4 = 0.0721
  -- 5 : 5 = 0.8424
  -- 6 : 1 = 0.8732
  -- 6 : 2 = 0.0953
  -- 6 : 3 = 0.044
  -- 6 : 4 = 0.4229
  -- 6 : 5 = 0.976
  Inner Net 2
  -- 1 : 1 = -0.331497
  -- 1 : 2 = -0.394863
  -- 2 : 1 = -0.24189
  -- 2 : 2 = -0.392931
  -- 3 : 1 = -0.0841309
  -- 3 : 2 = -0.0418881
  -- 4 : 1 = -0.410385
  -- 4 : 2 = -0.0262
  -- 5 : 1 = -0.729
  -- 5 : 2 = -0.345533
Out\Act	False		True
False	0.84198	0	0.84198
True	0.15802	0	0.15802
	1	0
	Accuracy [ (tp + tn) / testSize ]: 0.84198
	Precision [ tp / (tp + fp) ]:      0
	Sensitivity [ tp / (tp + fn) ]:    0
	Specificity [ tn / (tn + fp) ]:    0.999435
	F-Score [ 2tp / (2tp + fp + fn) ]: 0
Particle (0):: Fit: 0.000109235	PB: 0.000109235	LB: 0.00107065	GB: 0.00115453	Cor: 0	Pts: 110297
Particle (6):: Fit: 0.000119524	PB: 0.000119524	LB: 0.000948972	GB: 0.00115453	Cor: 0	Pts: 55197
Particle (9):: Fit: 0.000121539	PB: 0.000121539	LB: 0.00115453	GB: 0.00115453	Cor: 0	Pts: 65297
Particle (12):: Fit: 0.00129388	PB: 0.00129388	LB: 0.00129388	GB: 0.00129388	Cor: 0.55	Pts: 140297
Particle (15):: Fit: 0.000109856	PB: 0.000109856	LB: 0.00129388	GB: 0.00129388	Cor: 0.55	Pts: 55196
Particle (16):: Fit: 0.000103086	PB: 0.000103086	LB: 0.00129388	GB: 0.00129388	Cor: 0.55	Pts: 55296
Particle (20):: Fit: 0.00121544	PB: 0.00121544	LB: 0.00121544	GB: 0.00129388	Cor: 0.55	Pts: 120297
Particle (23):: Fit: 0.000107186	PB: 0.000107186	LB: 0.00121544	GB: 0.00129388	Cor: 0.55	Pts: 55197
Particle (28):: Fit: 0.00112991	PB: 0.00112991	LB: 0.00113385	GB: 0.00129388	Cor: 0.55	Pts: 120197
Particle (32):: Fit: 0.00115242	PB: 0.00115242	LB: 0.00115242	GB: 0.00129388	Cor: 0.55	Pts: 110297
Particle (37):: Fit: 0.000103149	PB: 0.000103149	LB: 0.000826164	GB: 0.00129388	Cor: 0.55	Pts: 55297
Particle (38):: Fit: 0.000107235	PB: 0.000107235	LB: 0.000826164	GB: 0.00129388	Cor: 0.55	Pts: 60297
Particle (43):: Fit: 0.00107177	PB: 0.00107177	LB: 0.00107177	GB: 0.00129388	Cor: 0.55	Pts: 100297
Particle (44):: Fit: 0.000104718	PB: 0.000104718	LB: 0.00107177	GB: 0.00129388	Cor: 0.55	Pts: 50297
Particle (45):: Fit: 0.000103086	PB: 0.000103086	LB: 0.00107177	GB: 0.00129388	Cor: 0.55	Pts: 50197
Particle (48):: Fit: 0.000101036	PB: 0.000101036	LB: 0.00107065	GB: 0.00129388	Cor: 0.55	Pts: 50297
Global: 0.00129388 - Correct: 55% of 100 tests
Global Best: 
  Inner Net 1
  -- 1 : 1 = 0.3386
  -- 1 : 2 = 0.8775
  -- 1 : 3 = 0.0797
  -- 1 : 4 = 0.9
  -- 1 : 5 = 0.1924
  -- 2 : 1 = 0.6374
  -- 2 : 2 = 0.12
  -- 2 : 3 = 0.3989
  -- 2 : 4 = 0.7771
  -- 2 : 5 = 0.343
  -- 3 : 1 = 0.5922
  -- 3 : 2 = 0.6677
  -- 3 : 3 = 0.0647
  -- 3 : 4 = 0.4255
  -- 3 : 5 = 0.336
  -- 4 : 1 = 0.8115
  -- 4 : 2 = 0.0597
  -- 4 : 3 = 0.4874
  -- 4 : 4 = 0.6732
  -- 4 : 5 = 0.1769
  -- 5 : 1 = 0.5947
  -- 5 : 2 = 0.1784
  -- 5 : 3 = 0.6818
  -- 5 : 4 = 0.3631
  -- 5 : 5 = 0.4729
  -- 6 : 1 = 0.1543
  -- 6 : 2 = 0.6846
  -- 6 : 3 = 0.7879
  -- 6 : 4 = 0.8433
  -- 6 : 5 = 0.2145
  Inner Net 2
  -- 1 : 1 = -0.661664
  -- 1 : 2 = -0.436991
  -- 2 : 1 = -0.408475
  -- 2 : 2 = -0.117751
  -- 3 : 1 = 0.0823
  -- 3 : 2 = -0.0110114
  -- 4 : 1 = -0.781071
  -- 4 : 2 = -0.0176738
  -- 5 : 1 = -0.7922
  -- 5 : 2 = -0.0684702
Out\Act	False		True
False	0.84198	0	0.84198
True	0.15802	0	0.15802
	1	0
	Accuracy [ (tp + tn) / testSize ]: 0.84198
	Precision [ tp / (tp + fp) ]:      0
	Sensitivity [ tp / (tp + fn) ]:    0
	Specificity [ tn / (tn + fp) ]:    0.999435
	F-Score [ 2tp / (2tp + fp + fn) ]: 0
Particle (16):: Fit: 0.000123583	PB: 0.000123583	LB: 0.00129388	GB: 0.00129388	Cor: 0	Pts: 55395
Particle (21):: Fit: 0.000902463	PB: 0.000902463	LB: 0.00121544	GB: 0.00129388	Cor: 0	Pts: 60296
Particle (28):: Fit: 0.00120747	PB: 0.00120747	LB: 0.00120747	GB: 0.00129388	Cor: 0	Pts: 160296
Particle (32):: Fit: 0.00127703	PB: 0.00127703	LB: 0.00127703	GB: 0.00129388	Cor: 0	Pts: 160396
Particle (37):: Fit: 0.000107217	PB: 0.000107217	LB: 0.000826164	GB: 0.00129388	Cor: 0	Pts: 55396
Particle (38):: Fit: 0.000111302	PB: 0.000111302	LB: 0.00107177	GB: 0.00129388	Cor: 0	Pts: 60396
Particle (40):: Fit: 0.000887927	PB: 0.000887927	LB: 0.00107177	GB: 0.00129388	Cor: 0	Pts: 60296
Particle (43):: Fit: 0.00107238	PB: 0.00107238	LB: 0.00107238	GB: 0.00129388	Cor: 0	Pts: 150396
Particle (44):: Fit: 0.000113338	PB: 0.000113338	LB: 0.00107238	GB: 0.00129388	Cor: 0	Pts: 50396
Particle (47):: Fit: 0.00113365	PB: 0.00113365	LB: 0.00113365	GB: 0.00129388	Cor: 0	Pts: 200296
Particle (5):: Fit: 0.00107214	PB: 0.00107214	LB: 0.00107214	GB: 0.00129388	Cor: 0	Pts: 135195
Particle (8):: Fit: 0.000119484	PB: 0.000119484	LB: 0.00129388	GB: 0.00129388	Cor: 0	Pts: 60195
Particle (23):: Fit: 0.000109235	PB: 0.000109235	LB: 0.00121544	GB: 0.00129388	Cor: 0	Pts: 55295
Particle (27):: Fit: 0.00111301	PB: 0.00111301	LB: 0.00127703	GB: 0.00129388	Cor: 0	Pts: 55195
Particle (28):: Fit: 0.00131741	PB: 0.00131741	LB: 0.00131741	GB: 0.00131741	Cor: 0.48	Pts: 220395
Particle (39):: Fit: 0.000927941	PB: 0.000927941	LB: 0.00107238	GB: 0.00131741	Cor: 0.48	Pts: 70195
Particle (42):: Fit: 0.000113334	PB: 0.000113334	LB: 0.00113365	GB: 0.00131741	Cor: 0.48	Pts: 65195
Particle (43):: Fit: 0.00119511	PB: 0.00119511	LB: 0.00119511	GB: 0.00131741	Cor: 0.48	Pts: 200495
Particle (45):: Fit: 0.000121553	PB: 0.000121553	LB: 0.00119511	GB: 0.00131741	Cor: 0.48	Pts: 50295
Particle (46):: Fit: 0.000109235	PB: 0.000109235	LB: 0.00119511	GB: 0.00131741	Cor: 0.48	Pts: 50295
Particle (48):: Fit: 0.000109235	PB: 0.000109235	LB: 0.00113365	GB: 0.00131741	Cor: 0.48	Pts: 50395
Global: 0.00131741 - Correct: 48% of 100 tests
Global Best: 
  Inner Net 1
  -- 1 : 1 = 0.8608
  -- 1 : 2 = 0.209
  -- 1 : 3 = 0.1503
  -- 1 : 4 = 0.9411
  -- 1 : 5 = 0.6622
  -- 2 : 1 = 0.6426
  -- 2 : 2 = 0.958
  -- 2 : 3 = 0.2626
  -- 2 : 4 = 0.003
  -- 2 : 5 = 0.8991
  -- 3 : 1 = 0.0881
  -- 3 : 2 = 0.1803
  -- 3 : 3 = 0.1376
  -- 3 : 4 = 0.8903
  -- 3 : 5 = 0.7569
  -- 4 : 1 = 0.9344
  -- 4 : 2 = 0.3768
  -- 4 : 3 = 0.1188
  -- 4 : 4 = 0.2361
  -- 4 : 5 = 0.9491
  -- 5 : 1 = 0.6308
  -- 5 : 2 = 0.9278
  -- 5 : 3 = 0.5115
  -- 5 : 4 = 0.7495
  -- 5 : 5 = 0.1917
  -- 6 : 1 = 0.0491
  -- 6 : 2 = 0.3275
  -- 6 : 3 = 0.3697
  -- 6 : 4 = 0.2397
  -- 6 : 5 = 0.2846
  Inner Net 2
  -- 1 : 1 = 0.09925
  -- 1 : 2 = -0.0378734
  -- 2 : 1 = -0.7967
  -- 2 : 2 = -0.221477
  -- 3 : 1 = -1
  -- 3 : 2 = -0.105508
  -- 4 : 1 = -0.713581
  -- 4 : 2 = -0.0180988
  -- 5 : 1 = -0.126977
  -- 5 : 2 = 0.263978
Out\Act	False		True
False	0.84198	0	0.84198
True	0.15802	0	0.15802
	1	0
	Accuracy [ (tp + tn) / testSize ]: 0.84198
	Precision [ tp / (tp + fp) ]:      0
	Sensitivity [ tp / (tp + fn) ]:    0
	Specificity [ tn / (tn + fp) ]:    0.999435
	F-Score [ 2tp / (2tp + fp + fn) ]: 0
Particle (3):: Fit: 0.00105196	PB: 0.00105196	LB: 0.00107214	GB: 0.00131741	Cor: 0	Pts: 55194
Particle (5):: Fit: 0.00107214	PB: 0.00107214	LB: 0.00107214	GB: 0.00131741	Cor: 0	Pts: 160294
Particle (9):: Fit: 0.00100697	PB: 0.00100697	LB: 0.00129388	GB: 0.00131741	Cor: 0	Pts: 65394
Particle (10):: Fit: 0.000119484	PB: 0.000119484	LB: 0.00129388	GB: 0.00131741	Cor: 0	Pts: 70194
Particle (11):: Fit: 0.00108701	PB: 0.00108701	LB: 0.00129388	GB: 0.00131741	Cor: 0	Pts: 85194
Particle (35):: Fit: 0.000111302	PB: 0.000111302	LB: 0.00127703	GB: 0.00131741	Cor: 0	Pts: 55194
Particle (38):: Fit: 0.00107213	PB: 0.00107213	LB: 0.00119511	GB: 0.00131741	Cor: 0	Pts: 65494
Particle (39):: Fit: 0.00100962	PB: 0.00100962	LB: 0.00119511	GB: 0.00131741	Cor: 0	Pts: 70294
Particle (43):: Fit: 0.00131848	PB: 0.00131848	LB: 0.00131848	GB: 0.00131848	Cor: 0.39	Pts: 260594
Particle (44):: Fit: 0.000113343	PB: 0.000113343	LB: 0.00131848	GB: 0.00131848	Cor: 0.39	Pts: 50494
Particle (48):: Fit: 0.000113334	PB: 0.000113334	LB: 0.00113365	GB: 0.00131848	Cor: 0.39	Pts: 50494
Global: 0.00131848 - Correct: 39% of 100 tests
Global Best: 
  Inner Net 1
  -- 1 : 1 = 0.6904
  -- 1 : 2 = 0.7775
  -- 1 : 3 = 0.1503
  -- 1 : 4 = 0.6802
  -- 1 : 5 = 0.0261
  -- 2 : 1 = 0.2252
  -- 2 : 2 = 0.4886
  -- 2 : 3 = 0.5497
  -- 2 : 4 = 0.0428
  -- 2 : 5 = 0.2671
  -- 3 : 1 = 0.3517
  -- 3 : 2 = 0.0722
  -- 3 : 3 = 0.1193
  -- 3 : 4 = 0.4892
  -- 3 : 5 = 0.4732
  -- 4 : 1 = 0.6578
  -- 4 : 2 = 0.7409
  -- 4 : 3 = 0.696
  -- 4 : 4 = 0.1084
  -- 4 : 5 = 0.6192
  -- 5 : 1 = 0.2476
  -- 5 : 2 = 0.9655
  -- 5 : 3 = 0.6008
  -- 5 : 4 = 0.1533
  -- 5 : 5 = 0.8978
  -- 6 : 1 = 0.3793
  -- 6 : 2 = 0.0654
  -- 6 : 3 = 0.8299
  -- 6 : 4 = 0.108
  -- 6 : 5 = 0.5685
  Inner Net 2
  -- 1 : 1 = -0.360211
  -- 1 : 2 = -0.17014
  -- 2 : 1 = 0.0866902
  -- 2 : 2 = -0.0460421
  -- 3 : 1 = -0.123918
  -- 3 : 2 = -0.100447
  -- 4 : 1 = -0.548704
  -- 4 : 2 = 0.00936753
  -- 5 : 1 = -0.834319
  -- 5 : 2 = 0.307326
Out\Act	False		True
False	0.84198	0	0.84198
True	0.15802	0	0.15802
	1	0
	Accuracy [ (tp + tn) / testSize ]: 0.84198
	Precision [ tp / (tp + fp) ]:      0
	Sensitivity [ tp / (tp + fn) ]:    0
	Specificity [ tn / (tn + fp) ]:    0.999435
	F-Score [ 2tp / (2tp + fp + fn) ]: 0
Particle (0):: Fit: 0.000117434	PB: 0.000117434	LB: 0.00113365	GB: 0.00131848	Cor: 0	Pts: 110393
Particle (1):: Fit: 0.000119483	PB: 0.000119483	LB: 0.00113365	GB: 0.00131848	Cor: 0	Pts: 110293
Particle (9):: Fit: 0.0010285	PB: 0.0010285	LB: 0.00129388	GB: 0.00131848	Cor: 0	Pts: 65493
Particle (15):: Fit: 0.000999555	PB: 0.000999555	LB: 0.00129388	GB: 0.00131848	Cor: 0	Pts: 55291
Particle (23):: Fit: 0.000111285	PB: 0.000111285	LB: 0.00131741	GB: 0.00131848	Cor: 0	Pts: 55393
Particle (33):: Fit: 0.00109288	PB: 0.00109288	LB: 0.00127703	GB: 0.00131848	Cor: 0	Pts: 80193
Particle (39):: Fit: 0.00103021	PB: 0.00103021	LB: 0.00131848	GB: 0.00131848	Cor: 0	Pts: 70393
Particle (42):: Fit: 0.000969945	PB: 0.000969945	LB: 0.00131848	GB: 0.00131848	Cor: 0	Pts: 65293
Particle (44):: Fit: 0.000113394	PB: 0.000113394	LB: 0.00131848	GB: 0.00131848	Cor: 0	Pts: 50593
Particle (47):: Fit: 0.00121548	PB: 0.00121548	LB: 0.00131848	GB: 0.00131848	Cor: 0	Pts: 220393
Particle (5):: Fit: 0.00111303	PB: 0.00111303	LB: 0.00111303	GB: 0.00131848	Cor: 0	Pts: 185392
Particle (15):: Fit: 0.00106365	PB: 0.00106365	LB: 0.00129388	GB: 0.00131848	Cor: 0	Pts: 55390
Particle (21):: Fit: 0.00102532	PB: 0.00102532	LB: 0.00121544	GB: 0.00131848	Cor: 0	Pts: 60392
Particle (24):: Fit: 0.000119483	PB: 0.000119483	LB: 0.00131741	GB: 0.00131848	Cor: 0	Pts: 75192
Particle (39):: Fit: 0.00123556	PB: 0.00123556	LB: 0.00131848	GB: 0.00131848	Cor: 0	Pts: 75492
Particle (2):: Fit: 0.000121553	PB: 0.000121553	LB: 0.00111303	GB: 0.00131848	Cor: 0	Pts: 110191
Particle (6):: Fit: 0.00107246	PB: 0.00107246	LB: 0.00111303	GB: 0.00131848	Cor: 0	Pts: 55291
Particle (11):: Fit: 0.00110921	PB: 0.00110921	LB: 0.00129388	GB: 0.00131848	Cor: 0	Pts: 85291
Particle (14):: Fit: 0.000117453	PB: 0.000117453	LB: 0.00129388	GB: 0.00131848	Cor: 0	Pts: 65191
Particle (17):: Fit: 0.000111294	PB: 0.000111294	LB: 0.00121544	GB: 0.00131848	Cor: 0	Pts: 65191
Particle (32):: Fit: 144.018	PB: 144.018	LB: 144.018	GB: 144.018	Cor: 0.45	Pts: 220491
Particle (38):: Fit: 0.00123649	PB: 0.00123649	LB: 0.00131848	GB: 144.018	Cor: 0.45	Pts: 70591
Particle (46):: Fit: 0.000113334	PB: 0.000113334	LB: 0.00131848	GB: 144.018	Cor: 0.45	Pts: 50391
Global: 144.018 - Correct: 45% of 100 tests
Global Best: 
  Inner Net 1
  -- 1 : 1 = 0.1309
  -- 1 : 2 = 0.0786
  -- 1 : 3 = 0.1173
  -- 1 : 4 = 0.8309
  -- 1 : 5 = 0.6457
  -- 2 : 1 = 0.2546
  -- 2 : 2 = 0.4861
  -- 2 : 3 = 0.2636
  -- 2 : 4 = 0.0444
  -- 2 : 5 = 0.4918
  -- 3 : 1 = 0.3691
  -- 3 : 2 = 0.1025
  -- 3 : 3 = 0.6943
  -- 3 : 4 = 0.5792
  -- 3 : 5 = 0.1949
  -- 4 : 1 = 0.9755
  -- 4 : 2 = 0.5651
  -- 4 : 3 = 0.4291
  -- 4 : 4 = 0.4647
  -- 4 : 5 = 0.9804
  -- 5 : 1 = 0.4733
  -- 5 : 2 = 0.39
  -- 5 : 3 = 0.1001
  -- 5 : 4 = 0.4137
  -- 5 : 5 = 0.8786
  -- 6 : 1 = 0.0143
  -- 6 : 2 = 0.5023
  -- 6 : 3 = 0.1931
  -- 6 : 4 = 0.7924
  -- 6 : 5 = 0.3347
  Inner Net 2
  -- 1 : 1 = 0.00988713
  -- 1 : 2 = -0.333557
  -- 2 : 1 = -0.829152
  -- 2 : 2 = -0.221408
  -- 3 : 1 = -0.154501
  -- 3 : 2 = -0.320557
  -- 4 : 1 = -0.792903
  -- 4 : 2 = 0.221855
  -- 5 : 1 = -0.353139
  -- 5 : 2 = 0.0430309
Out\Act	False		True
False	0.84198	0	0.84198
True	0.15802	0	0.15802
	1	0
	Accuracy [ (tp + tn) / testSize ]: 0.84198
	Precision [ tp / (tp + fp) ]:      0
	Sensitivity [ tp / (tp + fn) ]:    0
	Specificity [ tn / (tn + fp) ]:    0.999435
	F-Score [ 2tp / (2tp + fp + fn) ]: 0
Particle (12):: Fit: 0.00133485	PB: 0.00133485	LB: 0.00133485	GB: 144.018	Cor: 0	Pts: 190390
Particle (13):: Fit: 0.00119547	PB: 0.00119547	LB: 0.00133485	GB: 144.018	Cor: 0	Pts: 120290
Particle (22):: Fit: 0.000109269	PB: 0.000109269	LB: 0.00121544	GB: 144.018	Cor: 0	Pts: 65190
Particle (49):: Fit: 0.000115385	PB: 0.000115385	LB: 0.00121548	GB: 144.018	Cor: 0	Pts: 50190
Particle (4):: Fit: 0.000119483	PB: 0.000119483	LB: 0.00111303	GB: 144.018	Cor: 0	Pts: 55289
Particle (11):: Fit: 0.00112914	PB: 0.00112914	LB: 0.00133485	GB: 144.018	Cor: 0	Pts: 90389
Particle (30):: Fit: 0.000113335	PB: 0.000113335	LB: 144.018	GB: 144.018	Cor: 0	Pts: 55287
Particle (40):: Fit: 0.000990465	PB: 0.000990465	LB: 0.00131848	GB: 144.018	Cor: 0	Pts: 60389
Particle (8):: Fit: 0.000121533	PB: 0.000121533	LB: 0.00133485	GB: 144.018	Cor: 0	Pts: 60288
Particle (9):: Fit: 0.00115265	PB: 0.00115265	LB: 0.00133485	GB: 144.018	Cor: 0	Pts: 80588
Particle (14):: Fit: 0.000121533	PB: 0.000121533	LB: 0.00133485	GB: 144.018	Cor: 0	Pts: 65288
Particle (22):: Fit: 0.000117472	PB: 0.000117472	LB: 0.00121544	GB: 144.018	Cor: 0	Pts: 65288
Particle (23):: Fit: 0.000113334	PB: 0.000113334	LB: 0.00131741	GB: 144.018	Cor: 0	Pts: 55488
Particle (31):: Fit: 0.000115384	PB: 0.000115384	LB: 144.018	GB: 144.018	Cor: 0	Pts: 55288
Particle (36):: Fit: 0.000113335	PB: 0.000113335	LB: 144.018	GB: 144.018	Cor: 0	Pts: 55188
Particle (2):: Fit: 0.00012364	PB: 0.00012364	LB: 0.00111303	GB: 144.018	Cor: 0	Pts: 110287
Particle (9):: Fit: 0.00129466	PB: 0.00129466	LB: 0.00133485	GB: 144.018	Cor: 0	Pts: 95687
Particle (12):: Fit: 0.00137506	PB: 0.00137506	LB: 0.00137506	GB: 144.018	Cor: 0	Pts: 240487
Particle (21):: Fit: 0.00109123	PB: 0.00109123	LB: 0.00121544	GB: 144.018	Cor: 0	Pts: 60487
Particle (22):: Fit: 0.00012162	PB: 0.00012162	LB: 0.00121544	GB: 144.018	Cor: 0	Pts: 65387
Particle (23):: Fit: 0.000117434	PB: 0.000117434	LB: 0.00131741	GB: 144.018	Cor: 0	Pts: 55587
Particle (48):: Fit: 0.000127682	PB: 0.000127682	LB: 0.00121548	GB: 144.018	Cor: 0	Pts: 50587
Particle (1):: Fit: 0.000121533	PB: 0.000121533	LB: 0.00121548	GB: 144.018	Cor: 0	Pts: 110386
Particle (4):: Fit: 0.00119547	PB: 0.00119547	LB: 0.00129466	GB: 144.018	Cor: 0	Pts: 65386
Particle (5):: Fit: 0.00115408	PB: 0.00115408	LB: 0.00129466	GB: 144.018	Cor: 0	Pts: 185486
Particle (15):: Fit: 0.0110372	PB: 0.0110372	LB: 0.0110372	GB: 144.018	Cor: 0	Pts: 105484
Particle (37):: Fit: 0.000117435	PB: 0.000117435	LB: 0.00123649	GB: 144.018	Cor: 0	Pts: 55486
Particle (46):: Fit: 0.000119483	PB: 0.000119483	LB: 0.00131848	GB: 144.018	Cor: 0	Pts: 50486
Particle (16):: Fit: 0.000908432	PB: 0.000908432	LB: 0.0110372	GB: 144.018	Cor: 0	Pts: 55484
Particle (20):: Fit: 0.0012556	PB: 0.0012556	LB: 0.0012556	GB: 144.018	Cor: 0	Pts: 135385
Particle (40):: Fit: 0.00119546	PB: 0.00119546	LB: 0.00131848	GB: 144.018	Cor: 0	Pts: 60485
Particle (41):: Fit: 0.000969977	PB: 0.000969977	LB: 0.00131848	GB: 144.018	Cor: 0	Pts: 90285
Particle (35):: Fit: 0.000113352	PB: 0.000113352	LB: 144.018	GB: 144.018	Cor: 0	Pts: 55284
Particle (25):: Fit: 0.000118175	PB: 0.000118175	LB: 0.00131741	GB: 144.018	Cor: 0	Pts: 100183
Particle (30):: Fit: 0.000113337	PB: 0.000113337	LB: 144.018	GB: 144.018	Cor: 0	Pts: 55380
Particle (17):: Fit: 0.000115389	PB: 0.000115389	LB: 0.0110372	GB: 144.018	Cor: 0	Pts: 65282
Particle (26):: Fit: 0.00115393	PB: 0.00115393	LB: 0.00131741	GB: 144.018	Cor: 0	Pts: 150282
Particle (30):: Fit: 0.000115627	PB: 0.000115627	LB: 144.018	GB: 144.018	Cor: 0	Pts: 55479
Particle (19):: Fit: 0.000127704	PB: 0.000127704	LB: 0.0110372	GB: 144.018	Cor: 0	Pts: 100181
Particle (21):: Fit: 0.00109163	PB: 0.00109163	LB: 0.0012556	GB: 144.018	Cor: 0	Pts: 60581
Particle (31):: Fit: 0.00101095	PB: 0.00101095	LB: 144.018	GB: 144.018	Cor: 0	Pts: 55381
Particle (37):: Fit: 0.00113397	PB: 0.00113397	LB: 0.00123649	GB: 144.018	Cor: 0	Pts: 55581
Particle (3):: Fit: 0.00111347	PB: 0.00111347	LB: 0.00119547	GB: 144.018	Cor: 0	Pts: 55280
Particle (26):: Fit: 0.00115407	PB: 0.00115407	LB: 0.00131741	GB: 144.018	Cor: 0	Pts: 150380
Particle (36):: Fit: 0.00103145	PB: 0.00103145	LB: 144.018	GB: 144.018	Cor: 0	Pts: 55280
Particle (44):: Fit: 0.000121558	PB: 0.000121558	LB: 0.00131848	GB: 144.018	Cor: 0	Pts: 50677
Particle (33):: Fit: 0.00117497	PB: 0.00117497	LB: 144.018	GB: 144.018	Cor: 0	Pts: 80279
Particle (14):: Fit: 0.000949271	PB: 0.000949271	LB: 0.0110372	GB: 144.018	Cor: 0	Pts: 65378
Particle (29):: Fit: 0.000117432	PB: 0.000117432	LB: 144.018	GB: 144.018	Cor: 0	Pts: 55177
Particle (44):: Fit: 0.00105965	PB: 0.00105965	LB: 0.00131848	GB: 144.018	Cor: 0	Pts: 50775
Particle (16):: Fit: 0.000949441	PB: 0.000949441	LB: 0.0110372	GB: 144.018	Cor: 0	Pts: 55576
Particle (17):: Fit: 0.000121544	PB: 0.000121544	LB: 0.0110372	GB: 144.018	Cor: 0	Pts: 65377
Particle (18):: Fit: 0.000119483	PB: 0.000119483	LB: 0.0110372	GB: 144.018	Cor: 0	Pts: 85276
Particle (2):: Fit: 0.000969629	PB: 0.000969629	LB: 0.00119547	GB: 144.018	Cor: 0	Pts: 110375
Particle (15):: Fit: 0.011451	PB: 0.011451	LB: 0.011451	GB: 144.018	Cor: 0	Pts: 155572
Particle (25):: Fit: 0.00012218	PB: 0.00012218	LB: 0.00131741	GB: 144.018	Cor: 0	Pts: 100273
Particle (26):: Fit: 0.00115419	PB: 0.00115419	LB: 0.00131741	GB: 144.018	Cor: 0	Pts: 150474
Particle (23):: Fit: 0.000131781	PB: 0.000131781	LB: 0.00131741	GB: 144.018	Cor: 0	Pts: 55672
Particle (34):: Fit: 0.000129745	PB: 0.000129745	LB: 144.018	GB: 144.018	Cor: 0	Pts: 55166
Particle (35):: Fit: 0.000121533	PB: 0.000121533	LB: 144.018	GB: 144.018	Cor: 0	Pts: 55372
Particle (49):: Fit: 0.000123583	PB: 0.000123583	LB: 0.00121548	GB: 144.018	Cor: 0	Pts: 50272
Particle (10):: Fit: 0.000121533	PB: 0.000121533	LB: 0.011451	GB: 144.018	Cor: 0	Pts: 70271
Particle (19):: Fit: 0.000908432	PB: 0.000908432	LB: 0.011451	GB: 144.018	Cor: 0	Pts: 100271
Particle (26):: Fit: 0.00117488	PB: 0.00117488	LB: 0.00131741	GB: 144.018	Cor: 0	Pts: 150571
Particle (2):: Fit: 0.00103134	PB: 0.00103134	LB: 0.00119547	GB: 144.018	Cor: 0	Pts: 110470
Particle (6):: Fit: 0.00123655	PB: 0.00123655	LB: 0.00129466	GB: 144.018	Cor: 0	Pts: 70370
Particle (8):: Fit: 0.000125632	PB: 0.000125632	LB: 0.00137506	GB: 144.018	Cor: 0	Pts: 60370
Particle (47):: Fit: 0.00131827	PB: 0.00131827	LB: 0.00131848	GB: 144.018	Cor: 0	Pts: 240470
Particle (2):: Fit: 0.00107236	PB: 0.00107236	LB: 0.00123655	GB: 144.018	Cor: 0	Pts: 110569
Particle (5):: Fit: 0.00119543	PB: 0.00119543	LB: 0.00129466	GB: 144.018	Cor: 0	Pts: 185569
Particle (22):: Fit: 0.00111347	PB: 0.00111347	LB: 0.0012556	GB: 144.018	Cor: 0	Pts: 65469
Particle (26):: Fit: 0.00125623	PB: 0.00125623	LB: 0.00131741	GB: 144.018	Cor: 0	Pts: 160669
Particle (29):: Fit: 0.00107253	PB: 0.00107253	LB: 144.018	GB: 144.018	Cor: 0	Pts: 55268
Particle (11):: Fit: 0.00117501	PB: 0.00117501	LB: 0.011451	GB: 144.018	Cor: 0	Pts: 90468
Particle (10):: Fit: 0.00119547	PB: 0.00119547	LB: 0.011451	GB: 144.018	Cor: 0	Pts: 70366
Particle (4):: Fit: 0.00119547	PB: 0.00119547	LB: 0.00129466	GB: 144.018	Cor: 0	Pts: 65465
Particle (18):: Fit: 0.000121533	PB: 0.000121533	LB: 0.011451	GB: 144.018	Cor: 0	Pts: 85365
Particle (39):: Fit: 0.00127764	PB: 0.00127764	LB: 0.00131848	GB: 144.018	Cor: 0	Pts: 80565
Particle (19):: Fit: 0.00103146	PB: 0.00103146	LB: 0.011451	GB: 144.018	Cor: 0	Pts: 100363
Particle (16):: Fit: 0.00109296	PB: 0.00109296	LB: 0.011451	GB: 144.018	Cor: 0	Pts: 55661
Particle (1):: Fit: 0.000125632	PB: 0.000125632	LB: 0.00131827	GB: 144.018	Cor: 0	Pts: 110461
Particle (18):: Fit: 0.000127682	PB: 0.000127682	LB: 0.011451	GB: 144.018	Cor: 0	Pts: 85461
Particle (5):: Fit: 0.0012775	PB: 0.0012775	LB: 0.00129466	GB: 144.018	Cor: 0	Pts: 195660
Particle (7):: Fit: 0.00012618	PB: 0.00012618	LB: 0.00137506	GB: 144.018	Cor: 0	Pts: 65252
Particle (15):: Fit: 0.0126532	PB: 0.0126532	LB: 0.0126532	GB: 144.018	Cor: 0	Pts: 205653
Particle (30):: Fit: 0.000117189	PB: 0.000117189	LB: 144.018	GB: 144.018	Cor: 0	Pts: 55550
Particle (49):: Fit: 0.00101095	PB: 0.00101095	LB: 0.00131827	GB: 144.018	Cor: 0	Pts: 50358
Particle (35):: Fit: 0.00119547	PB: 0.00119547	LB: 144.018	GB: 144.018	Cor: 0	Pts: 55457
Particle (49):: Fit: 0.00107246	PB: 0.00107246	LB: 0.00131827	GB: 144.018	Cor: 0	Pts: 50457
Particle (20):: Fit: 0.00127724	PB: 0.00127724	LB: 0.00127724	GB: 144.018	Cor: 0	Pts: 150456
Particle (0):: Fit: 0.000119483	PB: 0.000119483	LB: 0.00131827	GB: 144.018	Cor: 0	Pts: 110454
Particle (8):: Fit: 0.000125632	PB: 0.000125632	LB: 0.00137506	GB: 144.018	Cor: 0	Pts: 60454
Particle (21):: Fit: 0.00111174	PB: 0.00111174	LB: 0.00127724	GB: 144.018	Cor: 0	Pts: 60654
Particle (29):: Fit: 0.00117501	PB: 0.00117501	LB: 144.018	GB: 144.018	Cor: 0	Pts: 55350
Particle (41):: Fit: 0.0010518	PB: 0.0010518	LB: 0.00131848	GB: 144.018	Cor: 0	Pts: 90350
Particle (21):: Fit: 0.00111246	PB: 0.00111246	LB: 0.00127724	GB: 144.018	Cor: 0	Pts: 60748
Particle (44):: Fit: 0.0109731	PB: 0.0109731	LB: 0.0109731	GB: 144.018	Cor: 0	Pts: 100843
Particle (11):: Fit: 0.00119034	PB: 0.00119034	LB: 0.0126532	GB: 144.018	Cor: 0	Pts: 90546
Particle (31):: Fit: 0.00105196	PB: 0.00105196	LB: 144.018	GB: 144.018	Cor: 0	Pts: 55447
Particle (3):: Fit: 0.00123647	PB: 0.00123647	LB: 0.0012775	GB: 144.018	Cor: 0	Pts: 55344
Particle (19):: Fit: 0.00109296	PB: 0.00109296	LB: 0.0126532	GB: 144.018	Cor: 0	Pts: 100441
Particle (21):: Fit: 0.0011333	PB: 0.0011333	LB: 0.00127724	GB: 144.018	Cor: 0	Pts: 60841
Particle (30):: Fit: 0.000118177	PB: 0.000118177	LB: 144.018	GB: 144.018	Cor: 0	Pts: 55630
Particle (45):: Fit: 0.000123652	PB: 0.000123652	LB: 0.0109731	GB: 144.018	Cor: 0	Pts: 50341
Particle (11):: Fit: 0.115817	PB: 0.115817	LB: 0.115817	GB: 144.018	Cor: 0	Pts: 140638
Particle (9):: Fit: 0.132204	PB: 0.132204	LB: 0.132204	GB: 144.018	Cor: 0	Pts: 145736
Particle (45):: Fit: 0.00109301	PB: 0.00109301	LB: 0.0109731	GB: 144.018	Cor: 0	Pts: 50436
Particle (24):: Fit: 0.000121533	PB: 0.000121533	LB: 0.00131741	GB: 144.018	Cor: 0	Pts: 75235
Particle (2):: Fit: 0.00117479	PB: 0.00117479	LB: 0.0012775	GB: 144.018	Cor: 0	Pts: 110634
Particle (11):: Fit: 0.116053	PB: 0.116053	LB: 0.132204	GB: 144.018	Cor: 0	Pts: 150733
Particle (31):: Fit: 0.00105196	PB: 0.00105196	LB: 144.018	GB: 144.018	Cor: 0	Pts: 55533
Particle (0):: Fit: 0.000123583	PB: 0.000123583	LB: 0.00131827	GB: 144.018	Cor: 0	Pts: 110532
Particle (25):: Fit: 0.000127695	PB: 0.000127695	LB: 0.00131741	GB: 144.018	Cor: 0	Pts: 100327
Particle (14):: Fit: 0.00105196	PB: 0.00105196	LB: 0.116053	GB: 144.018	Cor: 0	Pts: 65430
Particle (17):: Fit: 0.000129745	PB: 0.000129745	LB: 0.0126532	GB: 144.018	Cor: 0	Pts: 65427
Particle (34):: Fit: 0.000131796	PB: 0.000131796	LB: 144.018	GB: 144.018	Cor: 0	Pts: 55215
Particle (20):: Fit: 0.00127749	PB: 0.00127749	LB: 0.00127749	GB: 144.018	Cor: 0	Pts: 165527
Particle (26):: Fit: 0.00129651	PB: 0.00129651	LB: 0.00131741	GB: 144.018	Cor: 0	Pts: 170726
Particle (21):: Fit: 0.00125833	PB: 0.00125833	LB: 0.00129651	GB: 144.018	Cor: 0	Pts: 60925
Particle (11):: Fit: 0.125969	PB: 0.125969	LB: 0.132204	GB: 144.018	Cor: 0	Pts: 160823
Particle (38):: Fit: 0.00127745	PB: 0.00127745	LB: 0.00131848	GB: 144.018	Cor: 0	Pts: 70624
Particle (46):: Fit: 0.000125632	PB: 0.000125632	LB: 0.0109731	GB: 144.018	Cor: 0	Pts: 50521
Particle (42):: Fit: 0.00123648	PB: 0.00123648	LB: 0.0109731	GB: 144.018	Cor: 0	Pts: 65318
Particle (0):: Fit: 0.000127682	PB: 0.000127682	LB: 0.00131827	GB: 144.018	Cor: 0	Pts: 110617
Particle (20):: Fit: 0.00131812	PB: 0.00131812	LB: 0.00131812	GB: 144.018	Cor: 0	Pts: 190617
Particle (26):: Fit: 0.00131784	PB: 0.00131784	LB: 0.00131784	GB: 144.018	Cor: 0	Pts: 180817
Particle (24):: Fit: 0.000123583	PB: 0.000123583	LB: 0.00131812	GB: 144.018	Cor: 0	Pts: 75315
Particle (39):: Fit: 0.00129788	PB: 0.00129788	LB: 0.0109731	GB: 144.018	Cor: 0	Pts: 85609
Particle (41):: Fit: 0.00115452	PB: 0.00115452	LB: 0.0109731	GB: 144.018	Cor: 0	Pts: 90408
Particle (31):: Fit: 0.00111347	PB: 0.00111347	LB: 144.018	GB: 144.018	Cor: 0	Pts: 55599
Particle (1):: Fit: 0.00109248	PB: 0.00109248	LB: 0.00131827	GB: 144.018	Cor: 0	Pts: 110498
Particle (13):: Fit: 0.00125482	PB: 0.00125482	LB: 0.132204	GB: 144.018	Cor: 0	Pts: 120298
Particle (14):: Fit: 0.0114883	PB: 0.0114883	LB: 0.125969	GB: 144.018	Cor: 0	Pts: 65498
Particle (21):: Fit: 0.140406	PB: 0.140406	LB: 0.140406	GB: 144.018	Cor: 0	Pts: 110998
Particle (1):: Fit: 0.0013179	PB: 0.0013179	LB: 0.00131827	GB: 144.018	Cor: 0	Pts: 120597
Particle (39):: Fit: 0.00141933	PB: 0.00141933	LB: 0.0109731	GB: 144.018	Cor: 0	Pts: 95697
Particle (1):: Fit: 0.138631	PB: 0.138631	LB: 0.138631	GB: 144.018	Cor: 0	Pts: 170696
Particle (11):: Fit: 0.1361	PB: 0.1361	LB: 0.1361	GB: 144.018	Cor: 0	Pts: 210894
Particle (25):: Fit: 0.0011056	PB: 0.0011056	LB: 0.140406	GB: 144.018	Cor: 0	Pts: 100387
Particle (31):: Fit: 0.00133935	PB: 0.00133935	LB: 144.018	GB: 144.018	Cor: 0	Pts: 60696
Particle (34):: Fit: 0.0113952	PB: 0.0113952	LB: 144.018	GB: 144.018	Cor: 0	Pts: 65279
Particle (40):: Fit: 0.0114133	PB: 0.0114133	LB: 0.0114133	GB: 144.018	Cor: 0	Pts: 100495
Particle (42):: Fit: 0.0132546	PB: 0.0132546	LB: 0.0132546	GB: 144.018	Cor: 0	Pts: 110396
Particle (2):: Fit: 0.0118521	PB: 0.0118521	LB: 0.138631	GB: 144.018	Cor: 0	Pts: 110695
Particle (10):: Fit: 0.00127797	PB: 0.00127797	LB: 0.1361	GB: 144.018	Cor: 0	Pts: 70394
Particle (15):: Fit: 0.132	PB: 0.132	LB: 0.1361	GB: 144.018	Cor: 0	Pts: 205686
Particle (48):: Fit: 0.00113338	PB: 0.00113338	LB: 0.138631	GB: 144.018	Cor: 0	Pts: 50595
Particle (0):: Fit: 0.00107027	PB: 0.00107027	LB: 0.138631	GB: 144.018	Cor: 0	Pts: 110694
Particle (19):: Fit: 0.00119404	PB: 0.00119404	LB: 0.140406	GB: 144.018	Cor: 0	Pts: 100493
Particle (29):: Fit: 0.00129759	PB: 0.00129759	LB: 144.018	GB: 144.018	Cor: 0	Pts: 55392
Particle (37):: Fit: 0.00121552	PB: 0.00121552	LB: 0.0132546	GB: 144.018	Cor: 0	Pts: 55594
Particle (39):: Fit: 0.138424	PB: 0.138424	LB: 0.138424	GB: 144.018	Cor: 0	Pts: 130794
Particle (41):: Fit: 0.0013581	PB: 0.0013581	LB: 0.138424	GB: 144.018	Cor: 0	Pts: 90494
Particle (48):: Fit: 0.00115305	PB: 0.00115305	LB: 0.138631	GB: 144.018	Cor: 0	Pts: 50694
Particle (13):: Fit: 0.129905	PB: 0.129905	LB: 0.1361	GB: 144.018	Cor: 0	Pts: 120393
Particle (36):: Fit: 0.00121127	PB: 0.00121127	LB: 144.018	GB: 144.018	Cor: 0	Pts: 55293
Particle (48):: Fit: 0.00119295	PB: 0.00119295	LB: 0.138631	GB: 144.018	Cor: 0	Pts: 50793
Particle (46):: Fit: 0.00106904	PB: 0.00106904	LB: 0.138631	GB: 144.018	Cor: 0	Pts: 50591
Particle (47):: Fit: 0.0109941	PB: 0.0109941	LB: 0.138631	GB: 144.018	Cor: 0	Pts: 240492
Particle (4):: Fit: 0.00121605	PB: 0.00121605	LB: 0.138631	GB: 144.018	Cor: 0	Pts: 65490
Particle (5):: Fit: 0.120423	PB: 0.120423	LB: 0.138631	GB: 144.018	Cor: 0	Pts: 195691
Particle (6):: Fit: 0.00127624	PB: 0.00127624	LB: 0.1361	GB: 144.018	Cor: 0	Pts: 70390
Particle (23):: Fit: 0.000805905	PB: 0.000805905	LB: 0.140406	GB: 144.018	Cor: 0	Pts: 55691
Particle (37):: Fit: 0.00125537	PB: 0.00125537	LB: 0.138424	GB: 144.018	Cor: 0	Pts: 55691
Particle (41):: Fit: 0.114007	PB: 0.114007	LB: 0.138424	GB: 144.018	Cor: 0	Pts: 100591
Particle (3):: Fit: 0.00133362	PB: 0.00133362	LB: 0.138631	GB: 144.018	Cor: 0	Pts: 55390
Particle (40):: Fit: 0.13224	PB: 0.13224	LB: 0.138424	GB: 144.018	Cor: 0	Pts: 105589
Particle (48):: Fit: 0.00125706	PB: 0.00125706	LB: 0.138631	GB: 144.018	Cor: 0	Pts: 50889
Particle (49):: Fit: 0.126149	PB: 0.126149	LB: 0.138631	GB: 144.018	Cor: 0	Pts: 55490
Particle (36):: Fit: 0.0109781	PB: 0.0109781	LB: 144.018	GB: 144.018	Cor: 0	Pts: 55389
Particle (46):: Fit: 0.00111234	PB: 0.00111234	LB: 0.138631	GB: 144.018	Cor: 0	Pts: 50688
Particle (46):: Fit: 0.00117469	PB: 0.00117469	LB: 0.138631	GB: 144.018	Cor: 0	Pts: 50787
Particle (4):: Fit: 0.0013782	PB: 0.0013782	LB: 0.138631	GB: 144.018	Cor: 0	Pts: 65586
Particle (8):: Fit: 0.000126181	PB: 0.000126181	LB: 0.1361	GB: 144.018	Cor: 0	Pts: 60487
Particle (45):: Fit: 0.0011315	PB: 0.0011315	LB: 0.126149	GB: 144.018	Cor: 0	Pts: 50487
Particle (18):: Fit: 0.00106369	PB: 0.00106369	LB: 0.140406	GB: 144.018	Cor: 0	Pts: 85486
Particle (25):: Fit: 0.00113297	PB: 0.00113297	LB: 0.140406	GB: 144.018	Cor: 0	Pts: 100477
Particle (48):: Fit: 0.0124625	PB: 0.0124625	LB: 0.138631	GB: 144.018	Cor: 0	Pts: 50985
Particle (17):: Fit: 0.00123401	PB: 0.00123401	LB: 0.140406	GB: 144.018	Cor: 0	Pts: 65482
Particle (22):: Fit: 0.00115674	PB: 0.00115674	LB: 0.140406	GB: 144.018	Cor: 0	Pts: 65485
Particle (3):: Fit: 0.0110379	PB: 0.0110379	LB: 0.138631	GB: 144.018	Cor: 0	Pts: 55484
Particle (13):: Fit: 143.474	PB: 143.474	LB: 143.474	GB: 144.018	Cor: 0	Pts: 170484
Particle (37):: Fit: 0.126645	PB: 0.126645	LB: 0.138424	GB: 144.018	Cor: 0	Pts: 55784
Particle (43):: Fit: 0.00131863	PB: 0.00131863	LB: 0.138424	GB: 144.018	Cor: 0	Pts: 260584
Particle (23):: Fit: 0.00119278	PB: 0.00119278	LB: 0.140406	GB: 144.018	Cor: 0	Pts: 55782
Particle (6):: Fit: 0.122361	PB: 0.122361	LB: 0.1361	GB: 144.018	Cor: 0	Pts: 70480
Particle (10):: Fit: 14402.2	PB: 14402.2	LB: 14402.2	GB: 14402.2	Cor: 0.7	Pts: 130480
Particle (18):: Fit: 0.00117431	PB: 0.00117431	LB: 0.140406	GB: 14402.2	Cor: 0.7	Pts: 85581
Particle (37):: Fit: 0.129952	PB: 0.129952	LB: 0.138424	GB: 14402.2	Cor: 0.7	Pts: 55881
Particle (46):: Fit: 0.0111946	PB: 0.0111946	LB: 0.138631	GB: 14402.2	Cor: 0.7	Pts: 50880
Global: 14402.2 - Correct: 70% of 100 tests
Global Best: 
  Inner Net 1
  -- 1 : 1 = 0.126975
  -- 1 : 2 = 0.011442
  -- 1 : 3 = 0.286536
  -- 1 : 4 = 0.244026
  -- 1 : 5 = -0.0318641
  -- 2 : 1 = 0.420159
  -- 2 : 2 = -0.0646167
  -- 2 : 3 = -0.131236
  -- 2 : 4 = 0.526042
  -- 2 : 5 = 0.709058
  -- 3 : 1 = 0.0711962
  -- 3 : 2 = -0.00807163
  -- 3 : 3 = 0.0407945
  -- 3 : 4 = 0.0166202
  -- 3 : 5 = 0.144406
  -- 4 : 1 = 0.817281
  -- 4 : 2 = -0.0154335
  -- 4 : 3 = 0.588271
  -- 4 : 4 = 0.84163
  -- 4 : 5 = 0
  -- 5 : 1 = -0.0856177
  -- 5 : 2 = 0.783893
  -- 5 : 3 = -0.267095
  -- 5 : 4 = 0.193886
  -- 5 : 5 = 0.487725
  -- 6 : 1 = 0.111536
  -- 6 : 2 = 0.0136056
  -- 6 : 3 = -0.16839
  -- 6 : 4 = 0.322855
  -- 6 : 5 = 0.088599
  Inner Net 2
  -- 1 : 1 = -0.123016
  -- 1 : 2 = -0.200286
  -- 2 : 1 = -0.558286
  -- 2 : 2 = 0.243537
  -- 3 : 1 = -0.136231
  -- 3 : 2 = -0.269568
  -- 4 : 1 = 0.5
  -- 4 : 2 = 0.295037
  -- 5 : 1 = -0.954581
  -- 5 : 2 = -0.0822855
Out\Act	False		True
False	0.724417	0.117563	0.84198
True	0.0994764	0.0585436	0.15802
	0.823893	0.176107
	Accuracy [ (tp + tn) / testSize ]: 0.78296
	Precision [ tp / (tp + fp) ]:      0.331536
	Sensitivity [ tp / (tp + fn) ]:    0.369369
	Specificity [ tn / (tn + fp) ]:    0.859887
	F-Score [ 2tp / (2tp + fp + fn) ]: 0.349929
Particle (2):: Fit: 148.036	PB: 148.036	LB: 148.036	GB: 14402.2	Cor: 0	Pts: 150779
Particle (7):: Fit: 0.00100984	PB: 0.00100984	LB: 14402.2	GB: 14402.2	Cor: 0	Pts: 65259
Particle (24):: Fit: 0.00106194	PB: 0.00106194	LB: 0.140406	GB: 14402.2	Cor: 0	Pts: 75380
Particle (42):: Fit: 0.138104	PB: 0.138104	LB: 0.138424	GB: 14402.2	Cor: 0	Pts: 120479
Particle (48):: Fit: 0.128307	PB: 0.128307	LB: 148.036	GB: 14402.2	Cor: 0	Pts: 51079
Particle (16):: Fit: 0.00123501	PB: 0.00123501	LB: 143.474	GB: 14402.2	Cor: 0	Pts: 55678
Particle (19):: Fit: 0.0119958	PB: 0.0119958	LB: 0.140406	GB: 14402.2	Cor: 0	Pts: 100578
Particle (27):: Fit: 0.00116595	PB: 0.00116595	LB: 144.018	GB: 14402.2	Cor: 0	Pts: 55178
Particle (7):: Fit: 0.132891	PB: 0.132891	LB: 14402.2	GB: 14402.2	Cor: 0	Pts: 65357
Particle (35):: Fit: 0.001234	PB: 0.001234	LB: 144.018	GB: 14402.2	Cor: 0	Pts: 55478
Particle (4):: Fit: 0.0122397	PB: 0.0122397	LB: 148.036	GB: 14402.2	Cor: 0	Pts: 65676
Particle (8):: Fit: 0.00092125	PB: 0.00092125	LB: 14402.2	GB: 14402.2	Cor: 0	Pts: 60577
Particle (4):: Fit: 0.128492	PB: 0.128492	LB: 148.036	GB: 14402.2	Cor: 0	Pts: 65774
Particle (31):: Fit: 0.0097997	PB: 0.0097997	LB: 144.018	GB: 14402.2	Cor: 0	Pts: 65775
Particle (0):: Fit: 0.00121208	PB: 0.00121208	LB: 148.036	GB: 14402.2	Cor: 0	Pts: 110774
Particle (8):: Fit: 0.00119428	PB: 0.00119428	LB: 14402.2	GB: 14402.2	Cor: 0	Pts: 60673
Particle (16):: Fit: 0.00123607	PB: 0.00123607	LB: 143.474	GB: 14402.2	Cor: 0	Pts: 55771
Particle (24):: Fit: 0.130378	PB: 0.130378	LB: 0.140406	GB: 14402.2	Cor: 0	Pts: 80472
Particle (29):: Fit: 0.00137941	PB: 0.00137941	LB: 144.018	GB: 14402.2	Cor: 0	Pts: 55470
Particle (29):: Fit: 0.126413	PB: 0.126413	LB: 144.018	GB: 14402.2	Cor: 0	Pts: 55569
Particle (17):: Fit: 0.00123539	PB: 0.00123539	LB: 143.474	GB: 14402.2	Cor: 0	Pts: 65566
Particle (22):: Fit: 0.00117394	PB: 0.00117394	LB: 0.140406	GB: 14402.2	Cor: 0	Pts: 65569
Particle (16):: Fit: 0.00123667	PB: 0.00123667	LB: 143.474	GB: 14402.2	Cor: 0	Pts: 55866
Particle (20):: Fit: 0.12438	PB: 0.12438	LB: 0.140406	GB: 14402.2	Cor: 0	Pts: 190666
Particle (46):: Fit: 0.132268	PB: 0.132268	LB: 0.138631	GB: 14402.2	Cor: 0	Pts: 50966
Particle (29):: Fit: 14455.1	PB: 14455.1	LB: 14455.1	GB: 14455.1	Cor: 0.7	Pts: 115664
Global: 14455.1 - Correct: 70% of 100 tests
Global Best: 
  Inner Net 1
  -- 1 : 1 = 0.385537
  -- 1 : 2 = 0.0321852
  -- 1 : 3 = 0.308545
  -- 1 : 4 = -0.434305
  -- 1 : 5 = 0.0422604
  -- 2 : 1 = 0.271298
  -- 2 : 2 = 0.121733
  -- 2 : 3 = -0.133518
  -- 2 : 4 = 0.0421969
  -- 2 : 5 = -0.00741018
  -- 3 : 1 = 0.520356
  -- 3 : 2 = 0.363994
  -- 3 : 3 = 0.0393808
  -- 3 : 4 = -0.27244
  -- 3 : 5 = 0.0154369
  -- 4 : 1 = -0.471272
  -- 4 : 2 = -0.160269
  -- 4 : 3 = 0.617123
  -- 4 : 4 = 0.216396
  -- 4 : 5 = -0.0527231
  -- 5 : 1 = 0.295647
  -- 5 : 2 = 0.0132669
  -- 5 : 3 = 0.45051
  -- 5 : 4 = 0.159514
  -- 5 : 5 = -0.263028
  -- 6 : 1 = 0.091481
  -- 6 : 2 = 0.0493423
  -- 6 : 3 = 0.0632108
  -- 6 : 4 = -0.219913
  -- 6 : 5 = 0.246566
  Inner Net 2
  -- 1 : 1 = -0.201843
  -- 1 : 2 = -0.208735
  -- 2 : 1 = -1
  -- 2 : 2 = -0.323227
  -- 3 : 1 = 0.0309754
  -- 3 : 2 = -0.40322
  -- 4 : 1 = -0.5
  -- 4 : 2 = 0.169353
  -- 5 : 1 = -0.102709
  -- 5 : 2 = 0.00901108
Out\Act	False		True
False	0.806283	0.0356973	0.84198
True	0.123751	0.0342694	0.15802
	0.930033	0.0699667
	Accuracy [ (tp + tn) / testSize ]: 0.840552
	Precision [ tp / (tp + fp) ]:      0.486486
	Sensitivity [ tp / (tp + fn) ]:    0.216216
	Specificity [ tn / (tn + fp) ]:    0.957062
	F-Score [ 2tp / (2tp + fp + fn) ]: 0.3
