
Date / Time: Fri Mar 31 01:16:56 2017

   ****************************************
   * PSO Neural Net (Gaussian Activation) *
   *       by William Boler, BSCE         *
   *     Research Assistant, IUPUI        *
   *                                      *
   *  Professor: Dr. Lauren Christopher   *
   *     Created: March 13, 2017          *
   ****************************************


Inputs: 10
Inner Nets: 1
 - 9
Tests per train(min): 100
Particles: 50
Neighbors: 10
Minimum Particle Iterations: 1000
Particle (0):: Fit: 59.3875	PB: 59.3875	LB: 59.3875	GB: 59.3875	Conf: 1.51443	Pts: 110099
Particle (1):: Fit: 47.03	PB: 47.03	LB: 59.3875	GB: 59.3875	Conf: 2	Pts: 55099
Particle (2):: Fit: 43.3289	PB: 43.3289	LB: 59.3875	GB: 59.3875	Conf: 2	Pts: 55099
Particle (3):: Fit: 43.2867	PB: 43.2867	LB: 59.3875	GB: 59.3875	Conf: 0.277246	Pts: 55099
Particle (4):: Fit: 77.4583	PB: 77.4583	LB: 77.4583	GB: 77.4583	Conf: 1.88782	Pts: 110099
Particle (5):: Fit: 42.857	PB: 42.857	LB: 77.4583	GB: 77.4583	Conf: 0.136119	Pts: 55099
Particle (6):: Fit: 44.4878	PB: 44.4878	LB: 77.4583	GB: 77.4583	Conf: 2	Pts: 60099
Particle (7):: Fit: 43.9108	PB: 43.9108	LB: 77.4583	GB: 77.4583	Conf: 2	Pts: 55099
Particle (8):: Fit: 42.8473	PB: 42.8473	LB: 77.4583	GB: 77.4583	Conf: 1.37286	Pts: 55099
Particle (9):: Fit: 40.9831	PB: 40.9831	LB: 44.4878	GB: 77.4583	Conf: 1.98614	Pts: 55099
Particle (10):: Fit: 45.1209	PB: 45.1209	LB: 45.1209	GB: 77.4583	Conf: 1.58804	Pts: 80099
Particle (11):: Fit: 43.3515	PB: 43.3515	LB: 45.1209	GB: 77.4583	Conf: 1.96162	Pts: 55099
Particle (12):: Fit: 42.1497	PB: 42.1497	LB: 45.1209	GB: 77.4583	Conf: 2	Pts: 55099
Particle (13):: Fit: 42.1497	PB: 42.1497	LB: 45.1209	GB: 77.4583	Conf: 2	Pts: 55099
Particle (14):: Fit: 85.8039	PB: 85.8039	LB: 85.8039	GB: 85.8039	Conf: 1.16814	Pts: 110099
Particle (15):: Fit: 41.6036	PB: 41.6036	LB: 85.8039	GB: 85.8039	Conf: 1.98919	Pts: 55099
Particle (16):: Fit: 40.5201	PB: 40.5201	LB: 85.8039	GB: 85.8039	Conf: 1.92483	Pts: 55099
Particle (17):: Fit: 42.1497	PB: 42.1497	LB: 85.8039	GB: 85.8039	Conf: 2	Pts: 65099
Particle (18):: Fit: 46.192	PB: 46.192	LB: 85.8039	GB: 85.8039	Conf: 2	Pts: 70099
Particle (19):: Fit: 6.73655	PB: 6.73655	LB: 46.192	GB: 85.8039	Conf: 0.984413	Pts: 55099
Particle (20):: Fit: 75.812	PB: 75.812	LB: 75.812	GB: 85.8039	Conf: 1.56852	Pts: 80099
Particle (21):: Fit: 45.0602	PB: 45.0602	LB: 75.812	GB: 85.8039	Conf: 2	Pts: 55099
Particle (22):: Fit: 99.0632	PB: 99.0632	LB: 99.0632	GB: 99.0632	Conf: 1.98758	Pts: 110099
Particle (23):: Fit: 44.5092	PB: 44.5092	LB: 99.0632	GB: 99.0632	Conf: 1.85118	Pts: 55099
Particle (24):: Fit: 43.9108	PB: 43.9108	LB: 99.0632	GB: 99.0632	Conf: 2	Pts: 55099
Particle (25):: Fit: 7.72288	PB: 7.72288	LB: 99.0632	GB: 99.0632	Conf: 0.487962	Pts: 55099
Particle (26):: Fit: 45.0602	PB: 45.0602	LB: 99.0632	GB: 99.0632	Conf: 2	Pts: 70099
Particle (27):: Fit: 41.5605	PB: 41.5605	LB: 45.0602	GB: 99.0632	Conf: 1.98483	Pts: 55099
Particle (28):: Fit: 46.5748	PB: 46.5748	LB: 46.5748	GB: 99.0632	Conf: 0.0462003	Pts: 80099
Particle (29):: Fit: 45.5289	PB: 45.5289	LB: 46.5748	GB: 99.0632	Conf: 1.96949	Pts: 55099
Particle (30):: Fit: 43.3289	PB: 43.3289	LB: 46.5748	GB: 99.0632	Conf: 2	Pts: 55099
Particle (31):: Fit: 44.1999	PB: 44.1999	LB: 46.5748	GB: 99.0632	Conf: 2	Pts: 60099
Particle (32):: Fit: 43.6205	PB: 43.6205	LB: 46.5748	GB: 99.0632	Conf: 2	Pts: 55099
Particle (33):: Fit: 73.7532	PB: 73.7532	LB: 73.7532	GB: 99.0632	Conf: 1.63264	Pts: 100099
Particle (34):: Fit: 45.6667	PB: 45.6667	LB: 73.7532	GB: 99.0632	Conf: 0.0185205	Pts: 55099
Particle (35):: Fit: 88.5951	PB: 88.5951	LB: 88.5951	GB: 99.0632	Conf: 1.84242	Pts: 100099
Particle (36):: Fit: 106.348	PB: 106.348	LB: 106.348	GB: 106.348	Conf: 1.38782	Pts: 110099
Particle (37):: Fit: 47.0535	PB: 47.0535	LB: 106.348	GB: 106.348	Conf: 1.95364	Pts: 55099
Particle (38):: Fit: 44.217	PB: 44.217	LB: 106.348	GB: 106.348	Conf: 1.98834	Pts: 55099
Particle (39):: Fit: 42.9178	PB: 42.9178	LB: 106.348	GB: 106.348	Conf: 1.20465	Pts: 55099
Particle (40):: Fit: 42.4482	PB: 42.4482	LB: 106.348	GB: 106.348	Conf: 1.98338	Pts: 55099
Particle (41):: Fit: 42.4498	PB: 42.4498	LB: 47.0535	GB: 106.348	Conf: 1.97817	Pts: 55099
Particle (42):: Fit: 44.4878	PB: 44.4878	LB: 44.4878	GB: 106.348	Conf: 2	Pts: 65099
Particle (43):: Fit: 47.8594	PB: 47.8594	LB: 47.8594	GB: 106.348	Conf: 2	Pts: 70099
Particle (44):: Fit: 45.9106	PB: 45.9106	LB: 47.8594	GB: 106.348	Conf: 2	Pts: 50099
Particle (45):: Fit: 43.3325	PB: 43.3325	LB: 59.3875	GB: 106.348	Conf: 1.89959	Pts: 50099
Particle (46):: Fit: 45.052	PB: 45.052	LB: 59.3875	GB: 106.348	Conf: 1.98594	Pts: 50099
Particle (47):: Fit: 44.7746	PB: 44.7746	LB: 59.3875	GB: 106.348	Conf: 2	Pts: 50099
Particle (48):: Fit: 95.3739	PB: 95.3739	LB: 95.3739	GB: 106.348	Conf: 1.77505	Pts: 100099
Particle (49):: Fit: 43.7338	PB: 43.7338	LB: 95.3739	GB: 106.348	Conf: 1.92651	Pts: 50099
Global: 106.348 - Correct: 67% of 100 tests
Global Best: 
  Inner Net 1
  -- 1 : 1 = 0.061
  -- 1 : 2 = 0.7873
  -- 1 : 3 = 0.3229
  -- 1 : 4 = 0.4514
  -- 1 : 5 = 0.0324
  -- 1 : 6 = 0.7866
  -- 1 : 7 = 0.2935
  -- 1 : 8 = 0.8116
  -- 1 : 9 = 0.5235
  -- 2 : 1 = 0.5889
  -- 2 : 2 = 0.3208
  -- 2 : 3 = 0.7692
  -- 2 : 4 = 0.2281
  -- 2 : 5 = 0.7622
  -- 2 : 6 = 0.0961
  -- 2 : 7 = 0.1498
  -- 2 : 8 = 0.0565
  -- 2 : 9 = 0.2848
  -- 3 : 1 = 0.1518
  -- 3 : 2 = 0.1288
  -- 3 : 3 = 0.4012
  -- 3 : 4 = 0.9693
  -- 3 : 5 = 0.7614
  -- 3 : 6 = 0.6202
  -- 3 : 7 = 0.0174
  -- 3 : 8 = 0.0799
  -- 3 : 9 = 0.7989
  -- 4 : 1 = 0.1526
  -- 4 : 2 = 0.0602
  -- 4 : 3 = 0.7365
  -- 4 : 4 = 0.2318
  -- 4 : 5 = 0.3078
  -- 4 : 6 = 0.8164
  -- 4 : 7 = 0.8535
  -- 4 : 8 = 0.1413
  -- 4 : 9 = 0.054
  -- 5 : 1 = 0.6903
  -- 5 : 2 = 0.3591
  -- 5 : 3 = 0.7268
  -- 5 : 4 = 0.0053
  -- 5 : 5 = 0.3206
  -- 5 : 6 = 0.5476
  -- 5 : 7 = 0.2796
  -- 5 : 8 = 0.4305
  -- 5 : 9 = 0.2023
  -- 6 : 1 = 0.5008
  -- 6 : 2 = 0.3238
  -- 6 : 3 = 0.0418
  -- 6 : 4 = 0.3666
  -- 6 : 5 = 0.242
  -- 6 : 6 = 0.801
  -- 6 : 7 = 0.9588
  -- 6 : 8 = 0.279
  -- 6 : 9 = 0.1747
  -- 7 : 1 = 0.248
  -- 7 : 2 = 0.0748
  -- 7 : 3 = 0.8765
  -- 7 : 4 = 0.7021
  -- 7 : 5 = 0.7094
  -- 7 : 6 = 0.0691
  -- 7 : 7 = 0.8753
  -- 7 : 8 = 0.0709
  -- 7 : 9 = 0.7633
  -- 8 : 1 = 0.3541
  -- 8 : 2 = 0.7439
  -- 8 : 3 = 0.7188
  -- 8 : 4 = 0.7863
  -- 8 : 5 = 0.1828
  -- 8 : 6 = 0.0443
  -- 8 : 7 = 0.1871
  -- 8 : 8 = 0.3437
  -- 8 : 9 = 0.0563
  -- 9 : 1 = 0.8756
  -- 9 : 2 = 0.8599
  -- 9 : 3 = 0.7244
  -- 9 : 4 = 0.144
  -- 9 : 5 = 0.4265
  -- 9 : 6 = 0.7616
  -- 9 : 7 = 0.6601
  -- 9 : 8 = 0.4753
  -- 9 : 9 = 0.9596
  -- 10 : 1 = 0.0756
  -- 10 : 2 = 0.9237
  -- 10 : 3 = 0.6147
  -- 10 : 4 = 0.279
  -- 10 : 5 = 0.2136
  -- 10 : 6 = 0.4018
  -- 10 : 7 = 0.5151
  -- 10 : 8 = 0.8795
  -- 10 : 9 = 0.2688
  Inner Net 2
  -- 1 : 1 = 0.2208
  -- 1 : 2 = 0.00924306
  -- 2 : 1 = -0.3769
  -- 2 : 2 = 0.0118
  -- 3 : 1 = -0.2482
  -- 3 : 2 = -0.162616
  -- 4 : 1 = 0.3554
  -- 4 : 2 = -0.0567
  -- 5 : 1 = -0.0491
  -- 5 : 2 = -0.0371
  -- 6 : 1 = 0.0928
  -- 6 : 2 = -0.197607
  -- 7 : 1 = 0.1969
  -- 7 : 2 = 0.0717
  -- 8 : 1 = 0.07
  -- 8 : 2 = 0.4859
  -- 9 : 1 = 0.1033
  -- 9 : 2 = -0.0215509
Out\Act	False		True
False	0.615897	0.226083	0.84198
True	0.066159	0.091861	0.15802
	0.682056	0.317944
	Accuracy [ (tp + tn) / testSize ]: 0.707758
	Precision [ tp / (tp + fp) ]:      0.28849
	Sensitivity [ tp / (tp + fn) ]:    0.57958
	Specificity [ tn / (tn + fp) ]:    0.731073
	F-Score [ 2tp / (2tp + fp + fn) ]: 0.385614
Particle (0):: Fit: 70.5014	PB: 70.5014	LB: 95.3739	GB: 106.348	Conf: 1.57249	Pts: 110198
Particle (3):: Fit: 96.9664	PB: 96.9664	LB: 96.9664	GB: 106.348	Conf: 0.105594	Pts: 105198
Particle (5):: Fit: 43.0253	PB: 43.0253	LB: 96.9664	GB: 106.348	Conf: 0.467864	Pts: 55198
Particle (6):: Fit: 45.6282	PB: 45.6282	LB: 96.9664	GB: 106.348	Conf: 2	Pts: 60198
Particle (7):: Fit: 45.0602	PB: 45.0602	LB: 96.9664	GB: 106.348	Conf: 2	Pts: 55198
Particle (8):: Fit: 59.137	PB: 59.137	LB: 77.4583	GB: 106.348	Conf: 1.38678	Pts: 55198
Particle (9):: Fit: 43.3453	PB: 43.3453	LB: 85.8039	GB: 106.348	Conf: 1.98953	Pts: 55198
Particle (10):: Fit: 45.7382	PB: 45.7382	LB: 85.8039	GB: 106.348	Conf: 1.72465	Pts: 80198
Particle (12):: Fit: 43.0361	PB: 43.0361	LB: 85.8039	GB: 106.348	Conf: 2	Pts: 55198
Particle (13):: Fit: 44.7746	PB: 44.7746	LB: 85.8039	GB: 106.348	Conf: 2	Pts: 55198
Particle (15):: Fit: 42.0971	PB: 42.0971	LB: 85.8039	GB: 106.348	Conf: 1.94773	Pts: 55198
Particle (16):: Fit: 42.4715	PB: 42.4715	LB: 85.8039	GB: 106.348	Conf: 1.91743	Pts: 55198
Particle (17):: Fit: 44.7746	PB: 44.7746	LB: 99.0632	GB: 106.348	Conf: 2	Pts: 65198
Particle (19):: Fit: 8.29309	PB: 8.29309	LB: 99.0632	GB: 106.348	Conf: 0.212951	Pts: 55197
Particle (24):: Fit: 44.1905	PB: 44.1905	LB: 99.0632	GB: 106.348	Conf: 1.98721	Pts: 55198
Particle (25):: Fit: 44.5499	PB: 44.5499	LB: 99.0632	GB: 106.348	Conf: 0.533288	Pts: 55198
Particle (27):: Fit: 42.7408	PB: 42.7408	LB: 46.5748	GB: 106.348	Conf: 1.98479	Pts: 55198
Particle (30):: Fit: 45.3448	PB: 45.3448	LB: 88.5951	GB: 106.348	Conf: 2	Pts: 55198
Particle (32):: Fit: 45.6282	PB: 45.6282	LB: 106.348	GB: 106.348	Conf: 2	Pts: 55198
Particle (37):: Fit: 98.4826	PB: 98.4826	LB: 106.348	GB: 106.348	Conf: 1.98502	Pts: 60198
Particle (39):: Fit: 45.2657	PB: 45.2657	LB: 106.348	GB: 106.348	Conf: 1.11575	Pts: 55198
Particle (41):: Fit: 44.2541	PB: 44.2541	LB: 98.4826	GB: 106.348	Conf: 1.96359	Pts: 55198
Particle (47):: Fit: 45.339	PB: 45.339	LB: 95.3739	GB: 106.348	Conf: 1.98402	Pts: 50198
Particle (49):: Fit: 86.3993	PB: 86.3993	LB: 96.9664	GB: 106.348	Conf: 1.94131	Pts: 50198
Particle (0):: Fit: 71.2623	PB: 71.2623	LB: 96.9664	GB: 106.348	Conf: 1.58573	Pts: 110297
Particle (2):: Fit: 45.6282	PB: 45.6282	LB: 96.9664	GB: 106.348	Conf: 2	Pts: 55197
Particle (5):: Fit: 45.0371	PB: 45.0371	LB: 96.9664	GB: 106.348	Conf: 0.181174	Pts: 55297
Particle (7):: Fit: 45.6282	PB: 45.6282	LB: 96.9664	GB: 106.348	Conf: 2	Pts: 55297
Particle (9):: Fit: 44.6473	PB: 44.6473	LB: 85.8039	GB: 106.348	Conf: 1.98216	Pts: 55297
Particle (10):: Fit: 85.5307	PB: 85.5307	LB: 85.8039	GB: 106.348	Conf: 1.55476	Pts: 85297
Particle (12):: Fit: 46.192	PB: 46.192	LB: 85.8039	GB: 106.348	Conf: 2	Pts: 55297
Particle (14):: Fit: 86.0149	PB: 86.0149	LB: 86.0149	GB: 106.348	Conf: 1.31701	Pts: 150197
Particle (15):: Fit: 43.5107	PB: 43.5107	LB: 86.0149	GB: 106.348	Conf: 1.96974	Pts: 55297
Particle (16):: Fit: 44.7818	PB: 44.7818	LB: 86.0149	GB: 106.348	Conf: 1.9429	Pts: 55297
Particle (19):: Fit: 42.6869	PB: 42.6869	LB: 99.0632	GB: 106.348	Conf: 0.541607	Pts: 55295
Particle (23):: Fit: 45.9876	PB: 45.9876	LB: 99.0632	GB: 106.348	Conf: 1.95641	Pts: 55197
Particle (27):: Fit: 46.4723	PB: 46.4723	LB: 46.5748	GB: 106.348	Conf: 2	Pts: 55297
Particle (31):: Fit: 45.3448	PB: 45.3448	LB: 106.348	GB: 106.348	Conf: 2	Pts: 60197
Particle (35):: Fit: 88.7713	PB: 88.7713	LB: 106.348	GB: 106.348	Conf: 1.91867	Pts: 105197
Particle (37):: Fit: 99.5496	PB: 99.5496	LB: 106.348	GB: 106.348	Conf: 1.92301	Pts: 65297
Particle (38):: Fit: 45.9106	PB: 45.9106	LB: 106.348	GB: 106.348	Conf: 2	Pts: 55197
Particle (39):: Fit: 94.6544	PB: 94.6544	LB: 106.348	GB: 106.348	Conf: 1.02542	Pts: 60297
Particle (40):: Fit: 42.742	PB: 42.742	LB: 106.348	GB: 106.348	Conf: 2	Pts: 55197
Particle (41):: Fit: 45.6282	PB: 45.6282	LB: 99.5496	GB: 106.348	Conf: 2	Pts: 55297
Particle (45):: Fit: 74.3694	PB: 74.3694	LB: 95.3739	GB: 106.348	Conf: 1.84482	Pts: 50197
Particle (4):: Fit: 85.6297	PB: 85.6297	LB: 96.9664	GB: 106.348	Conf: 1.90911	Pts: 115196
Particle (11):: Fit: 44.5771	PB: 44.5771	LB: 86.0149	GB: 106.348	Conf: 1.92748	Pts: 55196
Particle (13):: Fit: 46.192	PB: 46.192	LB: 86.0149	GB: 106.348	Conf: 2	Pts: 55296
Particle (16):: Fit: 94.3078	PB: 94.3078	LB: 94.3078	GB: 106.348	Conf: 1.92841	Pts: 85396
Particle (17):: Fit: 45.9106	PB: 45.9106	LB: 99.0632	GB: 106.348	Conf: 2	Pts: 65296
Particle (18):: Fit: 48.6807	PB: 48.6807	LB: 99.0632	GB: 106.348	Conf: 2	Pts: 70196
Particle (20):: Fit: 86.5369	PB: 86.5369	LB: 99.0632	GB: 106.348	Conf: 1.78027	Pts: 80196
Particle (26):: Fit: 45.3448	PB: 45.3448	LB: 99.0632	GB: 106.348	Conf: 2	Pts: 70196
Particle (35):: Fit: 94.9739	PB: 94.9739	LB: 106.348	GB: 106.348	Conf: 1.87441	Pts: 110296
Particle (38):: Fit: 46.4723	PB: 46.4723	LB: 106.348	GB: 106.348	Conf: 2	Pts: 55296
Particle (40):: Fit: 44.2521	PB: 44.2521	LB: 106.348	GB: 106.348	Conf: 1.9693	Pts: 55296
Particle (1):: Fit: 47.3074	PB: 47.3074	LB: 96.9664	GB: 106.348	Conf: 2	Pts: 55195
Particle (5):: Fit: 45.1317	PB: 45.1317	LB: 96.9664	GB: 106.348	Conf: 0.739296	Pts: 55395
Particle (8):: Fit: 71.0678	PB: 71.0678	LB: 85.6297	GB: 106.348	Conf: 1.28324	Pts: 55295
Particle (11):: Fit: 45.3522	PB: 45.3522	LB: 94.3078	GB: 106.348	Conf: 1.96097	Pts: 55295
Particle (14):: Fit: 90.4695	PB: 90.4695	LB: 94.3078	GB: 106.348	Conf: 1.15431	Pts: 160295
Particle (15):: Fit: 45.6282	PB: 45.6282	LB: 94.3078	GB: 106.348	Conf: 2	Pts: 55395
Particle (19):: Fit: 46.8468	PB: 46.8468	LB: 99.0632	GB: 106.348	Conf: 0.949105	Pts: 55392
Particle (23):: Fit: 95.5571	PB: 95.5571	LB: 99.0632	GB: 106.348	Conf: 1.9326	Pts: 60295
Particle (25):: Fit: 45.9524	PB: 45.9524	LB: 99.0632	GB: 106.348	Conf: 0.203648	Pts: 55294
Particle (30):: Fit: 45.6282	PB: 45.6282	LB: 94.9739	GB: 106.348	Conf: 2	Pts: 55295
Particle (31):: Fit: 45.9106	PB: 45.9106	LB: 106.348	GB: 106.348	Conf: 2	Pts: 60295
Particle (32):: Fit: 46.192	PB: 46.192	LB: 106.348	GB: 106.348	Conf: 2	Pts: 55295
Particle (34):: Fit: 47.3452	PB: 47.3452	LB: 106.348	GB: 106.348	Conf: 0.491442	Pts: 55195
Particle (35):: Fit: 97.4217	PB: 97.4217	LB: 106.348	GB: 106.348	Conf: 1.91131	Pts: 115395
Particle (40):: Fit: 45.9932	PB: 45.9932	LB: 106.348	GB: 106.348	Conf: 1.96408	Pts: 55395
Particle (45):: Fit: 85.7968	PB: 85.7968	LB: 95.3739	GB: 106.348	Conf: 1.86295	Pts: 50295
Particle (5):: Fit: 45.5059	PB: 45.5059	LB: 96.9664	GB: 106.348	Conf: 0.698847	Pts: 55494
Particle (11):: Fit: 87.0753	PB: 87.0753	LB: 94.3078	GB: 106.348	Conf: 1.92951	Pts: 60394
Particle (25):: Fit: 47.0069	PB: 47.0069	LB: 99.0632	GB: 106.348	Conf: 0.69433	Pts: 55393
Particle (29):: Fit: 45.6473	PB: 45.6473	LB: 73.7532	GB: 106.348	Conf: 1.98893	Pts: 55194
Particle (33):: Fit: 74.0541	PB: 74.0541	LB: 106.348	GB: 106.348	Conf: 1.60529	Pts: 110194
Particle (35):: Fit: 98.0266	PB: 98.0266	LB: 106.348	GB: 106.348	Conf: 1.86538	Pts: 120494
Particle (42):: Fit: 45.0602	PB: 45.0602	LB: 94.6544	GB: 106.348	Conf: 2	Pts: 65194
Particle (45):: Fit: 94.0599	PB: 94.0599	LB: 95.3739	GB: 106.348	Conf: 1.82839	Pts: 50394
Particle (46):: Fit: 93.2051	PB: 93.2051	LB: 95.3739	GB: 106.348	Conf: 1.98276	Pts: 50194
Particle (47):: Fit: 45.9106	PB: 45.9106	LB: 95.3739	GB: 106.348	Conf: 2	Pts: 50294
Particle (4):: Fit: 86.4792	PB: 86.4792	LB: 96.9664	GB: 106.348	Conf: 1.91581	Pts: 115293
Particle (7):: Fit: 47.3074	PB: 47.3074	LB: 96.9664	GB: 106.348	Conf: 2	Pts: 55393
Particle (9):: Fit: 44.7746	PB: 44.7746	LB: 90.4695	GB: 106.348	Conf: 2	Pts: 55393
Particle (10):: Fit: 86.2332	PB: 86.2332	LB: 90.4695	GB: 106.348	Conf: 1.77414	Pts: 85393
Particle (16):: Fit: 99.8412	PB: 99.8412	LB: 99.8412	GB: 106.348	Conf: 1.95009	Pts: 135493
Particle (24):: Fit: 44.4878	PB: 44.4878	LB: 99.0632	GB: 106.348	Conf: 2	Pts: 55293
Particle (26):: Fit: 46.192	PB: 46.192	LB: 99.0632	GB: 106.348	Conf: 2	Pts: 70293
Particle (29):: Fit: 92.641	PB: 92.641	LB: 92.641	GB: 106.348	Conf: 1.934	Pts: 65293
Particle (33):: Fit: 76.2507	PB: 76.2507	LB: 106.348	GB: 106.348	Conf: 1.47113	Pts: 110293
Particle (37):: Fit: 101.718	PB: 101.718	LB: 106.348	GB: 106.348	Conf: 1.9633	Pts: 70393
Particle (42):: Fit: 46.7516	PB: 46.7516	LB: 94.6544	GB: 106.348	Conf: 2	Pts: 65293
Particle (11):: Fit: 87.7293	PB: 87.7293	LB: 99.8412	GB: 106.348	Conf: 1.92444	Pts: 65492
Particle (17):: Fit: 46.192	PB: 46.192	LB: 99.8412	GB: 106.348	Conf: 2	Pts: 65392
Particle (21):: Fit: 45.6282	PB: 45.6282	LB: 99.0632	GB: 106.348	Conf: 2	Pts: 55192
Particle (25):: Fit: 52.3093	PB: 52.3093	LB: 99.0632	GB: 106.348	Conf: 0.71995	Pts: 55491
Particle (0):: Fit: 73.4847	PB: 73.4847	LB: 96.9664	GB: 106.348	Conf: 1.54746	Pts: 110391
Particle (2):: Fit: 45.9106	PB: 45.9106	LB: 96.9664	GB: 106.348	Conf: 2	Pts: 55291
Particle (12):: Fit: 46.4723	PB: 46.4723	LB: 99.8412	GB: 106.348	Conf: 2	Pts: 55391
Particle (21):: Fit: 48.4078	PB: 48.4078	LB: 99.0632	GB: 106.348	Conf: 2	Pts: 55291
Particle (29):: Fit: 97.9211	PB: 97.9211	LB: 97.9211	GB: 106.348	Conf: 1.96673	Pts: 80391
Particle (41):: Fit: 93.5989	PB: 93.5989	LB: 101.718	GB: 106.348	Conf: 1.97355	Pts: 55391
Particle (5):: Fit: 46.3584	PB: 46.3584	LB: 96.9664	GB: 106.348	Conf: 0.326393	Pts: 55589
Particle (9):: Fit: 85.7106	PB: 85.7106	LB: 90.4695	GB: 106.348	Conf: 1.9495	Pts: 55490
Particle (44):: Fit: 46.4723	PB: 46.4723	LB: 95.3739	GB: 106.348	Conf: 2	Pts: 50190
Particle (6):: Fit: 45.9106	PB: 45.9106	LB: 96.9664	GB: 106.348	Conf: 2	Pts: 60289
Particle (12):: Fit: 47.03	PB: 47.03	LB: 99.8412	GB: 106.348	Conf: 2	Pts: 55489
Particle (24):: Fit: 94.7955	PB: 94.7955	LB: 99.0632	GB: 106.348	Conf: 1.97382	Pts: 55389
Particle (48):: Fit: 100.465	PB: 100.465	LB: 100.465	GB: 106.348	Conf: 1.86579	Pts: 150189
Particle (11):: Fit: 88.3173	PB: 88.3173	LB: 99.8412	GB: 106.348	Conf: 1.95768	Pts: 70588
Particle (26):: Fit: 46.4723	PB: 46.4723	LB: 99.0632	GB: 106.348	Conf: 2	Pts: 70388
Particle (31):: Fit: 46.4723	PB: 46.4723	LB: 106.348	GB: 106.348	Conf: 2	Pts: 60388
Particle (32):: Fit: 46.4723	PB: 46.4723	LB: 106.348	GB: 106.348	Conf: 2	Pts: 55388
Particle (33):: Fit: 85.4697	PB: 85.4697	LB: 106.348	GB: 106.348	Conf: 1.55822	Pts: 110388
Particle (4):: Fit: 90.944	PB: 90.944	LB: 96.9664	GB: 106.348	Conf: 1.9411	Pts: 120387
Particle (10):: Fit: 93.6089	PB: 93.6089	LB: 93.6089	GB: 106.348	Conf: 1.79541	Pts: 100487
Particle (30):: Fit: 47.5838	PB: 47.5838	LB: 98.0266	GB: 106.348	Conf: 2	Pts: 55387
Particle (40):: Fit: 46.7516	PB: 46.7516	LB: 106.348	GB: 106.348	Conf: 2	Pts: 55487
Particle (42):: Fit: 47.03	PB: 47.03	LB: 94.6544	GB: 106.348	Conf: 2	Pts: 65387
Particle (0):: Fit: 75.2129	PB: 75.2129	LB: 100.465	GB: 106.348	Conf: 1.63757	Pts: 110486
Particle (2):: Fit: 46.192	PB: 46.192	LB: 100.465	GB: 106.348	Conf: 2	Pts: 55386
Particle (5):: Fit: 47.37	PB: 47.37	LB: 96.9664	GB: 106.348	Conf: 0.633141	Pts: 55685
Particle (44):: Fit: 47.03	PB: 47.03	LB: 100.465	GB: 106.348	Conf: 2	Pts: 50286
Particle (6):: Fit: 46.4723	PB: 46.4723	LB: 96.9664	GB: 106.348	Conf: 2	Pts: 60385
Particle (15):: Fit: 99.4569	PB: 99.4569	LB: 99.8412	GB: 106.348	Conf: 1.97935	Pts: 60485
Particle (24):: Fit: 94.9821	PB: 94.9821	LB: 99.0632	GB: 106.348	Conf: 1.98241	Pts: 55485
Particle (46):: Fit: 100.771	PB: 100.771	LB: 100.771	GB: 106.348	Conf: 1.98769	Pts: 95285
Particle (24):: Fit: 97.8805	PB: 97.8805	LB: 99.0632	GB: 106.348	Conf: 1.98014	Pts: 55584
Particle (28):: Fit: 47.5347	PB: 47.5347	LB: 97.9211	GB: 106.348	Conf: 0.901767	Pts: 80181
Particle (9):: Fit: 90.0816	PB: 90.0816	LB: 93.6089	GB: 106.348	Conf: 1.94715	Pts: 55583
Particle (16):: Fit: 100.423	PB: 100.423	LB: 100.423	GB: 106.348	Conf: 1.94792	Pts: 185583
Particle (17):: Fit: 46.4723	PB: 46.4723	LB: 100.423	GB: 106.348	Conf: 2	Pts: 65483
Particle (11):: Fit: 92.3389	PB: 92.3389	LB: 100.423	GB: 106.348	Conf: 1.94359	Pts: 70681
Particle (22):: Fit: 105.191	PB: 105.191	LB: 105.191	GB: 106.348	Conf: 1.9772	Pts: 160181
Particle (40):: Fit: 90.2459	PB: 90.2459	LB: 106.348	GB: 106.348	Conf: 1.95693	Pts: 55581
Particle (47):: Fit: 46.4723	PB: 46.4723	LB: 100.771	GB: 106.348	Conf: 2	Pts: 50381
Particle (11):: Fit: 93.5988	PB: 93.5988	LB: 100.423	GB: 106.348	Conf: 1.94843	Pts: 70780
Particle (19):: Fit: 47.0188	PB: 47.0188	LB: 105.191	GB: 106.348	Conf: 0.731807	Pts: 55473
Particle (26):: Fit: 97.9027	PB: 97.9027	LB: 105.191	GB: 106.348	Conf: 1.98395	Pts: 70480
Particle (8):: Fit: 93.7814	PB: 93.7814	LB: 93.7814	GB: 106.348	Conf: 1.27905	Pts: 65379
Particle (35):: Fit: 98.4309	PB: 98.4309	LB: 106.348	GB: 106.348	Conf: 1.90568	Pts: 125579
Particle (40):: Fit: 91.1685	PB: 91.1685	LB: 106.348	GB: 106.348	Conf: 1.96805	Pts: 55679
Particle (45):: Fit: 100.008	PB: 100.008	LB: 100.771	GB: 106.348	Conf: 1.92469	Pts: 50479
Particle (2):: Fit: 47.03	PB: 47.03	LB: 100.465	GB: 106.348	Conf: 2	Pts: 55478
Particle (12):: Fit: 97.9133	PB: 97.9133	LB: 100.423	GB: 106.348	Conf: 1.98727	Pts: 70578
Particle (23):: Fit: 99.8162	PB: 99.8162	LB: 105.191	GB: 106.348	Conf: 1.94306	Pts: 65378
Particle (24):: Fit: 99.0344	PB: 99.0344	LB: 105.191	GB: 106.348	Conf: 1.98095	Pts: 60678
Particle (40):: Fit: 93.5927	PB: 93.5927	LB: 106.348	GB: 106.348	Conf: 1.97688	Pts: 55778
Particle (47):: Fit: 47.3074	PB: 47.3074	LB: 100.771	GB: 106.348	Conf: 2	Pts: 50478
Particle (0):: Fit: 81.3749	PB: 81.3749	LB: 100.771	GB: 106.348	Conf: 1.56	Pts: 110577
Particle (13):: Fit: 46.4723	PB: 46.4723	LB: 100.423	GB: 106.348	Conf: 2	Pts: 55377
Particle (32):: Fit: 47.8594	PB: 47.8594	LB: 106.348	GB: 106.348	Conf: 2	Pts: 55477
Particle (37):: Fit: 105.218	PB: 105.218	LB: 106.348	GB: 106.348	Conf: 1.98342	Pts: 75477
Particle (38):: Fit: 48.134	PB: 48.134	LB: 106.348	GB: 106.348	Conf: 2	Pts: 55377
Particle (24):: Fit: 101.337	PB: 101.337	LB: 105.191	GB: 106.348	Conf: 1.98917	Pts: 70776
Particle (37):: Fit: 105.496	PB: 105.496	LB: 106.348	GB: 106.348	Conf: 1.94514	Pts: 80576
Particle (31):: Fit: 47.8594	PB: 47.8594	LB: 106.348	GB: 106.348	Conf: 2	Pts: 60475
Particle (47):: Fit: 100.773	PB: 100.773	LB: 100.773	GB: 106.348	Conf: 1.9898	Pts: 100575
Particle (5):: Fit: 51.8435	PB: 51.8435	LB: 96.9664	GB: 106.348	Conf: 0.259451	Pts: 55771
Particle (17):: Fit: 47.03	PB: 47.03	LB: 105.191	GB: 106.348	Conf: 2	Pts: 65573
Particle (40):: Fit: 97.9094	PB: 97.9094	LB: 106.348	GB: 106.348	Conf: 1.98575	Pts: 55873
Particle (25):: Fit: 85.9739	PB: 85.9739	LB: 105.191	GB: 106.348	Conf: 0.27928	Pts: 55567
Particle (31):: Fit: 48.6807	PB: 48.6807	LB: 106.348	GB: 106.348	Conf: 2	Pts: 60572
Particle (35):: Fit: 98.7934	PB: 98.7934	LB: 106.348	GB: 106.348	Conf: 1.89764	Pts: 130672
Particle (49):: Fit: 90.4036	PB: 90.4036	LB: 100.773	GB: 106.348	Conf: 1.93789	Pts: 50272
Particle (35):: Fit: 100.611	PB: 100.611	LB: 106.348	GB: 106.348	Conf: 1.84849	Pts: 135771
Particle (0):: Fit: 82.3234	PB: 82.3234	LB: 100.773	GB: 106.348	Conf: 1.61357	Pts: 110670
Particle (35):: Fit: 101.438	PB: 101.438	LB: 106.348	GB: 106.348	Conf: 1.93966	Pts: 140870
Particle (39):: Fit: 95.6772	PB: 95.6772	LB: 106.348	GB: 106.348	Conf: 0.935785	Pts: 60370
Particle (29):: Fit: 100.206	PB: 100.206	LB: 100.206	GB: 106.348	Conf: 1.98993	Pts: 85469
Particle (45):: Fit: 104.41	PB: 104.41	LB: 104.41	GB: 106.348	Conf: 1.90755	Pts: 90569
Particle (13):: Fit: 48.6807	PB: 48.6807	LB: 100.423	GB: 106.348	Conf: 2	Pts: 55467
Particle (27):: Fit: 87.7168	PB: 87.7168	LB: 101.337	GB: 106.348	Conf: 1.98749	Pts: 55367
Particle (34):: Fit: 47.9543	PB: 47.9543	LB: 106.348	GB: 106.348	Conf: 0.484506	Pts: 55263
Particle (1):: Fit: 47.8594	PB: 47.8594	LB: 100.773	GB: 106.348	Conf: 2	Pts: 55264
Particle (48):: Fit: 100.474	PB: 100.474	LB: 104.41	GB: 106.348	Conf: 1.67252	Pts: 155264
Particle (0):: Fit: 85.0919	PB: 85.0919	LB: 100.773	GB: 106.348	Conf: 1.43848	Pts: 110762
Particle (40):: Fit: 100.58	PB: 100.58	LB: 106.348	GB: 106.348	Conf: 1.96666	Pts: 55962
Particle (23):: Fit: 103.699	PB: 103.699	LB: 105.191	GB: 106.348	Conf: 1.864	Pts: 70461
Particle (6):: Fit: 47.03	PB: 47.03	LB: 96.9664	GB: 106.348	Conf: 2	Pts: 60460
Particle (48):: Fit: 100.965	PB: 100.965	LB: 104.41	GB: 106.348	Conf: 1.77791	Pts: 170360
Particle (35):: Fit: 101.551	PB: 101.551	LB: 106.348	GB: 106.348	Conf: 1.90278	Pts: 145959
Particle (35):: Fit: 102.592	PB: 102.592	LB: 106.348	GB: 106.348	Conf: 1.89959	Pts: 151058
Particle (45):: Fit: 104.644	PB: 104.644	LB: 104.644	GB: 106.348	Conf: 1.7729	Pts: 130658
Particle (14):: Fit: 100.077	PB: 100.077	LB: 100.423	GB: 106.348	Conf: 1.27827	Pts: 170357
Particle (27):: Fit: 97.7341	PB: 97.7341	LB: 103.699	GB: 106.348	Conf: 1.97145	Pts: 55452
Particle (11):: Fit: 96.4766	PB: 96.4766	LB: 100.423	GB: 106.348	Conf: 1.97646	Pts: 70850
Particle (2):: Fit: 47.8594	PB: 47.8594	LB: 100.965	GB: 106.348	Conf: 2	Pts: 55549
Particle (35):: Fit: 102.594	PB: 102.594	LB: 106.348	GB: 106.348	Conf: 1.89793	Pts: 156147
Particle (10):: Fit: 94.5368	PB: 94.5368	LB: 100.077	GB: 106.348	Conf: 1.82771	Pts: 100544
Particle (8):: Fit: 99.2615	PB: 99.2615	LB: 99.2615	GB: 106.348	Conf: 1.3238	Pts: 95443
Particle (10):: Fit: 100.869	PB: 100.869	LB: 100.869	GB: 106.348	Conf: 1.5232	Pts: 150643
Particle (4):: Fit: 94.4267	PB: 94.4267	LB: 99.2615	GB: 106.348	Conf: 1.91216	Pts: 120440
Particle (36):: Fit: 106.81	PB: 106.81	LB: 106.81	GB: 106.81	Conf: 1.35768	Pts: 170140
Global: 106.81 - Correct: 63% of 100 tests
Global Best: 
  Inner Net 1
  -- 1 : 1 = 0.061
  -- 1 : 2 = 0.7873
  -- 1 : 3 = 0.3229
  -- 1 : 4 = 0.4514
  -- 1 : 5 = 0.0324
  -- 1 : 6 = 0.7866
  -- 1 : 7 = 0.2935
  -- 1 : 8 = 0.8116
  -- 1 : 9 = 0.5235
  -- 2 : 1 = 0.5889
  -- 2 : 2 = 0.3208
  -- 2 : 3 = 0.7692
  -- 2 : 4 = 0.2281
  -- 2 : 5 = 0.7622
  -- 2 : 6 = 0.0961
  -- 2 : 7 = 0.1498
  -- 2 : 8 = 0.0565
  -- 2 : 9 = 0.2848
  -- 3 : 1 = 0.1518
  -- 3 : 2 = 0.1288
  -- 3 : 3 = 0.4012
  -- 3 : 4 = 0.9693
  -- 3 : 5 = 0.7614
  -- 3 : 6 = 0.6202
  -- 3 : 7 = 0.0174
  -- 3 : 8 = 0.0799
  -- 3 : 9 = 0.7989
  -- 4 : 1 = 0.1526
  -- 4 : 2 = 0.0602
  -- 4 : 3 = 0.7365
  -- 4 : 4 = 0.2318
  -- 4 : 5 = 0.3078
  -- 4 : 6 = 0.8164
  -- 4 : 7 = 0.8535
  -- 4 : 8 = 0.1413
  -- 4 : 9 = 0.054
  -- 5 : 1 = 0.6903
  -- 5 : 2 = 0.3591
  -- 5 : 3 = 0.7268
  -- 5 : 4 = 0.0053
  -- 5 : 5 = 0.3206
  -- 5 : 6 = 0.5476
  -- 5 : 7 = 0.2796
  -- 5 : 8 = 0.4305
  -- 5 : 9 = 0.2023
  -- 6 : 1 = 0.5008
  -- 6 : 2 = 0.3238
  -- 6 : 3 = 0.0418
  -- 6 : 4 = 0.3666
  -- 6 : 5 = 0.242
  -- 6 : 6 = 0.801
  -- 6 : 7 = 0.9588
  -- 6 : 8 = 0.279
  -- 6 : 9 = 0.1747
  -- 7 : 1 = 0.248
  -- 7 : 2 = 0.0748
  -- 7 : 3 = 0.8765
  -- 7 : 4 = 0.7021
  -- 7 : 5 = 0.7094
  -- 7 : 6 = 0.0691
  -- 7 : 7 = 0.8753
  -- 7 : 8 = 0.0709
  -- 7 : 9 = 0.7633
  -- 8 : 1 = 0.3541
  -- 8 : 2 = 0.7439
  -- 8 : 3 = 0.7188
  -- 8 : 4 = 0.7863
  -- 8 : 5 = 0.1828
  -- 8 : 6 = 0.0443
  -- 8 : 7 = 0.1871
  -- 8 : 8 = 0.3437
  -- 8 : 9 = 0.0563
  -- 9 : 1 = 0.8756
  -- 9 : 2 = 0.8599
  -- 9 : 3 = 0.7244
  -- 9 : 4 = 0.144
  -- 9 : 5 = 0.4265
  -- 9 : 6 = 0.7616
  -- 9 : 7 = 0.6601
  -- 9 : 8 = 0.4753
  -- 9 : 9 = 0.9596
  -- 10 : 1 = 0.0756
  -- 10 : 2 = 0.9237
  -- 10 : 3 = 0.6147
  -- 10 : 4 = 0.279
  -- 10 : 5 = 0.2136
  -- 10 : 6 = 0.4018
  -- 10 : 7 = 0.5151
  -- 10 : 8 = 0.8795
  -- 10 : 9 = 0.2688
  Inner Net 2
  -- 1 : 1 = 0.209347
  -- 1 : 2 = 0.137872
  -- 2 : 1 = -0.24228
  -- 2 : 2 = -0.00394377
  -- 3 : 1 = -0.214696
  -- 3 : 2 = -0.357998
  -- 4 : 1 = 0.362875
  -- 4 : 2 = -0.452354
  -- 5 : 1 = 0.212138
  -- 5 : 2 = -0.157406
  -- 6 : 1 = -0.182055
  -- 6 : 2 = 0.051957
  -- 7 : 1 = 0.219331
  -- 7 : 2 = 0.270087
  -- 8 : 1 = -0.19478
  -- 8 : 2 = 0.833021
  -- 9 : 1 = 0.0857293
  -- 9 : 2 = 0.197407
Out\Act	False		True
False	0.613517	0.228463	0.84198
True	0.066159	0.091861	0.15802
	0.679676	0.320324
	Accuracy [ (tp + tn) / testSize ]: 0.705378
	Precision [ tp / (tp + fp) ]:      0.28635
	Sensitivity [ tp / (tp + fn) ]:    0.57958
	Specificity [ tn / (tn + fp) ]:    0.728249
	F-Score [ 2tp / (2tp + fp + fn) ]: 0.383698
Particle (11):: Fit: 97.6243	PB: 97.6243	LB: 100.869	GB: 106.81	Conf: 1.91094	Pts: 70939
Particle (6):: Fit: 48.134	PB: 48.134	LB: 100.869	GB: 106.81	Conf: 2	Pts: 60538
Particle (7):: Fit: 49.224	PB: 49.224	LB: 100.869	GB: 106.81	Conf: 2	Pts: 55438
Particle (49):: Fit: 90.4137	PB: 90.4137	LB: 104.644	GB: 106.81	Conf: 1.90685	Pts: 50338
Particle (48):: Fit: 103.874	PB: 103.874	LB: 104.644	GB: 106.81	Conf: 1.88206	Pts: 185437
Particle (35):: Fit: 105.907	PB: 105.907	LB: 106.81	GB: 106.81	Conf: 1.88186	Pts: 161232
Particle (28):: Fit: 47.6379	PB: 47.6379	LB: 101.337	GB: 106.81	Conf: 0.453132	Pts: 80216
Particle (46):: Fit: 100.773	PB: 100.773	LB: 104.644	GB: 106.81	Conf: 1.99	Pts: 95328
Particle (8):: Fit: 101.274	PB: 101.274	LB: 101.274	GB: 106.81	Conf: 1.11582	Pts: 145526
Particle (46):: Fit: 102.883	PB: 102.883	LB: 104.644	GB: 106.81	Conf: 1.96613	Pts: 95426
Particle (49):: Fit: 91.4381	PB: 91.4381	LB: 104.644	GB: 106.81	Conf: 1.9059	Pts: 50426
Particle (4):: Fit: 99.2648	PB: 99.2648	LB: 101.274	GB: 106.81	Conf: 1.84422	Pts: 120525
Particle (33):: Fit: 88.1031	PB: 88.1031	LB: 106.81	GB: 106.81	Conf: 1.7585	Pts: 110425
Particle (36):: Fit: 108.752	PB: 108.752	LB: 108.752	GB: 108.752	Conf: 1.04134	Pts: 230222
Global: 108.752 - Correct: 80% of 100 tests
Global Best: 
  Inner Net 1
  -- 1 : 1 = 0.061
  -- 1 : 2 = 0.7873
  -- 1 : 3 = 0.3229
  -- 1 : 4 = 0.4514
  -- 1 : 5 = 0.0324
  -- 1 : 6 = 0.7866
  -- 1 : 7 = 0.2935
  -- 1 : 8 = 0.8116
  -- 1 : 9 = 0.5235
  -- 2 : 1 = 0.5889
  -- 2 : 2 = 0.3208
  -- 2 : 3 = 0.7692
  -- 2 : 4 = 0.2281
  -- 2 : 5 = 0.7622
  -- 2 : 6 = 0.0961
  -- 2 : 7 = 0.1498
  -- 2 : 8 = 0.0565
  -- 2 : 9 = 0.2848
  -- 3 : 1 = 0.1518
  -- 3 : 2 = 0.1288
  -- 3 : 3 = 0.4012
  -- 3 : 4 = 0.9693
  -- 3 : 5 = 0.7614
  -- 3 : 6 = 0.6202
  -- 3 : 7 = 0.0174
  -- 3 : 8 = 0.0799
  -- 3 : 9 = 0.7989
  -- 4 : 1 = 0.1526
  -- 4 : 2 = 0.0602
  -- 4 : 3 = 0.7365
  -- 4 : 4 = 0.2318
  -- 4 : 5 = 0.3078
  -- 4 : 6 = 0.8164
  -- 4 : 7 = 0.8535
  -- 4 : 8 = 0.1413
  -- 4 : 9 = 0.054
  -- 5 : 1 = 0.6903
  -- 5 : 2 = 0.3591
  -- 5 : 3 = 0.7268
  -- 5 : 4 = 0.0053
  -- 5 : 5 = 0.3206
  -- 5 : 6 = 0.5476
  -- 5 : 7 = 0.2796
  -- 5 : 8 = 0.4305
  -- 5 : 9 = 0.2023
  -- 6 : 1 = 0.5008
  -- 6 : 2 = 0.3238
  -- 6 : 3 = 0.0418
  -- 6 : 4 = 0.3666
  -- 6 : 5 = 0.242
  -- 6 : 6 = 0.801
  -- 6 : 7 = 0.9588
  -- 6 : 8 = 0.279
  -- 6 : 9 = 0.1747
  -- 7 : 1 = 0.248
  -- 7 : 2 = 0.0748
  -- 7 : 3 = 0.8765
  -- 7 : 4 = 0.7021
  -- 7 : 5 = 0.7094
  -- 7 : 6 = 0.0691
  -- 7 : 7 = 0.8753
  -- 7 : 8 = 0.0709
  -- 7 : 9 = 0.7633
  -- 8 : 1 = 0.3541
  -- 8 : 2 = 0.7439
  -- 8 : 3 = 0.7188
  -- 8 : 4 = 0.7863
  -- 8 : 5 = 0.1828
  -- 8 : 6 = 0.0443
  -- 8 : 7 = 0.1871
  -- 8 : 8 = 0.3437
  -- 8 : 9 = 0.0563
  -- 9 : 1 = 0.8756
  -- 9 : 2 = 0.8599
  -- 9 : 3 = 0.7244
  -- 9 : 4 = 0.144
  -- 9 : 5 = 0.4265
  -- 9 : 6 = 0.7616
  -- 9 : 7 = 0.6601
  -- 9 : 8 = 0.4753
  -- 9 : 9 = 0.9596
  -- 10 : 1 = 0.0756
  -- 10 : 2 = 0.9237
  -- 10 : 3 = 0.6147
  -- 10 : 4 = 0.279
  -- 10 : 5 = 0.2136
  -- 10 : 6 = 0.4018
  -- 10 : 7 = 0.5151
  -- 10 : 8 = 0.8795
  -- 10 : 9 = 0.2688
  Inner Net 2
  -- 1 : 1 = 0.380759
  -- 1 : 2 = -0.0407794
  -- 2 : 1 = -0.291857
  -- 2 : 2 = 0.0220003
  -- 3 : 1 = -0.210718
  -- 3 : 2 = -0.18001
  -- 4 : 1 = 0.389806
  -- 4 : 2 = -0.317172
  -- 5 : 1 = 0.404132
  -- 5 : 2 = -0.225827
  -- 6 : 1 = -0.118749
  -- 6 : 2 = -0.060967
  -- 7 : 1 = 0.153066
  -- 7 : 2 = 0.148216
  -- 8 : 1 = -0.299264
  -- 8 : 2 = 0.364499
  -- 9 : 1 = 0.0439022
  -- 9 : 2 = -0.178062
Out\Act	False		True
False	0.619229	0.222751	0.84198
True	0.0666349	0.0913851	0.15802
	0.685864	0.314136
	Accuracy [ (tp + tn) / testSize ]: 0.710614
	Precision [ tp / (tp + fp) ]:      0.290469
	Sensitivity [ tp / (tp + fn) ]:    0.576577
	Specificity [ tn / (tn + fp) ]:    0.735028
	F-Score [ 2tp / (2tp + fp + fn) ]: 0.386707
Particle (12):: Fit: 101.336	PB: 101.336	LB: 101.336	GB: 108.752	Conf: 1.98821	Pts: 120618
Particle (19):: Fit: 47.0245	PB: 47.0245	LB: 105.191	GB: 108.752	Conf: 0.716991	Pts: 55502
Particle (18):: Fit: 96.7574	PB: 96.7574	LB: 105.191	GB: 108.752	Conf: 1.98993	Pts: 70212
Particle (19):: Fit: 48.2682	PB: 48.2682	LB: 105.191	GB: 108.752	Conf: 0.728486	Pts: 55596
Particle (5):: Fit: 56.0147	PB: 56.0147	LB: 101.274	GB: 108.752	Conf: 0.380672	Pts: 55806
Particle (39):: Fit: 104.024	PB: 104.024	LB: 108.752	GB: 108.752	Conf: 1.16553	Pts: 60411
Particle (1):: Fit: 49.7641	PB: 49.7641	LB: 103.874	GB: 108.752	Conf: 2	Pts: 55309
Particle (22):: Fit: 106.65	PB: 106.65	LB: 106.65	GB: 108.752	Conf: 1.92827	Pts: 210208
Particle (35):: Fit: 107.989	PB: 107.989	LB: 108.752	GB: 108.752	Conf: 1.93996	Pts: 166308
Particle (49):: Fit: 97.0732	PB: 97.0732	LB: 104.644	GB: 108.752	Conf: 1.94391	Pts: 50508
Particle (29):: Fit: 105.191	PB: 105.191	LB: 105.191	GB: 108.752	Conf: 1.97709	Pts: 100504
Particle (48):: Fit: 105.739	PB: 105.739	LB: 105.739	GB: 108.752	Conf: 1.83696	Pts: 235504
Particle (27):: Fit: 99.0654	PB: 99.0654	LB: 105.191	GB: 108.752	Conf: 1.99	Pts: 55501
Particle (18):: Fit: 99.0367	PB: 99.0367	LB: 106.65	GB: 108.752	Conf: 1.9813	Pts: 70300
Particle (44):: Fit: 49.224	PB: 49.224	LB: 105.739	GB: 108.752	Conf: 2	Pts: 50300
Particle (26):: Fit: 101.877	PB: 101.877	LB: 106.65	GB: 108.752	Conf: 1.98239	Pts: 70499
Particle (2):: Fit: 77.6264	PB: 77.6264	LB: 105.739	GB: 108.752	Conf: 0.719591	Pts: 55598
Particle (13):: Fit: 91.7076	PB: 91.7076	LB: 101.336	GB: 108.752	Conf: 0.554625	Pts: 55498
Particle (19):: Fit: 98.3447	PB: 98.3447	LB: 106.65	GB: 108.752	Conf: 0.851331	Pts: 55682
Particle (21):: Fit: 86.5634	PB: 86.5634	LB: 106.65	GB: 108.752	Conf: 0.950962	Pts: 55298
Particle (28):: Fit: 73.8843	PB: 73.8843	LB: 105.191	GB: 108.752	Conf: 0.390551	Pts: 80275
Particle (31):: Fit: 54.3129	PB: 54.3129	LB: 108.752	GB: 108.752	Conf: 0.273475	Pts: 60598
Particle (32):: Fit: 75.8552	PB: 75.8552	LB: 108.752	GB: 108.752	Conf: 1.7908	Pts: 55498
Particle (33):: Fit: 95.5931	PB: 95.5931	LB: 108.752	GB: 108.752	Conf: 0.843613	Pts: 110498
Particle (34):: Fit: 94.4992	PB: 94.4992	LB: 108.752	GB: 108.752	Conf: 0.668971	Pts: 55285
Particle (42):: Fit: 62.8716	PB: 62.8716	LB: 104.644	GB: 108.752	Conf: 0.867596	Pts: 65398
Particle (5):: Fit: 94.9346	PB: 94.9346	LB: 101.274	GB: 108.752	Conf: 0.618073	Pts: 55890
Particle (6):: Fit: 97.0329	PB: 97.0329	LB: 101.274	GB: 108.752	Conf: 0.86686	Pts: 60597
Particle (31):: Fit: 93.5689	PB: 93.5689	LB: 108.752	GB: 108.752	Conf: 0.400803	Pts: 60697
Particle (34):: Fit: 98.6333	PB: 98.6333	LB: 108.752	GB: 108.752	Conf: 0.047727	Pts: 55384
Particle (38):: Fit: 48.9742	PB: 48.9742	LB: 108.752	GB: 108.752	Conf: 0.40258	Pts: 55397
Particle (43):: Fit: 82.8628	PB: 82.8628	LB: 105.739	GB: 108.752	Conf: 0.530598	Pts: 70097
Particle (0):: Fit: 94.8684	PB: 94.8684	LB: 105.739	GB: 108.752	Conf: 1.02246	Pts: 110796
Particle (21):: Fit: 98.6505	PB: 98.6505	LB: 106.65	GB: 108.752	Conf: 0.538626	Pts: 55396
Particle (28):: Fit: 88.1644	PB: 88.1644	LB: 105.191	GB: 108.752	Conf: 0.898922	Pts: 80373
Particle (43):: Fit: 96.753	PB: 96.753	LB: 105.739	GB: 108.752	Conf: 0.413177	Pts: 70196
Particle (49):: Fit: 100.377	PB: 100.377	LB: 105.739	GB: 108.752	Conf: 0.138392	Pts: 50596
Particle (13):: Fit: 92.1125	PB: 92.1125	LB: 101.336	GB: 108.752	Conf: 0.842879	Pts: 55595
Particle (17):: Fit: 83.6495	PB: 83.6495	LB: 106.65	GB: 108.752	Conf: 0.562448	Pts: 65595
Particle (30):: Fit: 94.0527	PB: 94.0527	LB: 107.989	GB: 108.752	Conf: 0.606377	Pts: 55394
Particle (31):: Fit: 94.7904	PB: 94.7904	LB: 108.752	GB: 108.752	Conf: 0.226089	Pts: 60795
Particle (42):: Fit: 87.8219	PB: 87.8219	LB: 104.644	GB: 108.752	Conf: 0.760637	Pts: 65495
Particle (3):: Fit: 98.5512	PB: 98.5512	LB: 101.274	GB: 108.752	Conf: 0.551342	Pts: 105174
Particle (9):: Fit: 95.7117	PB: 95.7117	LB: 101.336	GB: 108.752	Conf: 0.929219	Pts: 55593
Particle (1):: Fit: 50.1437	PB: 50.1437	LB: 105.739	GB: 108.752	Conf: 1.16391	Pts: 55392
Particle (34):: Fit: 100.63	PB: 100.63	LB: 108.752	GB: 108.752	Conf: 0.615233	Pts: 55479
Particle (42):: Fit: 91.5275	PB: 91.5275	LB: 104.644	GB: 108.752	Conf: 0.748731	Pts: 65592
Particle (44):: Fit: 100.556	PB: 100.556	LB: 105.739	GB: 108.752	Conf: 0.735748	Pts: 50392
Particle (1):: Fit: 77.3867	PB: 77.3867	LB: 105.739	GB: 108.752	Conf: 0.941065	Pts: 55491
Particle (38):: Fit: 82.0544	PB: 82.0544	LB: 108.752	GB: 108.752	Conf: 0.59423	Pts: 55491
Particle (5):: Fit: 103.182	PB: 103.182	LB: 103.182	GB: 108.752	Conf: 0.274392	Pts: 90983
Particle (13):: Fit: 102.574	PB: 102.574	LB: 102.574	GB: 108.752	Conf: 0.0952043	Pts: 90690
Particle (19):: Fit: 98.9203	PB: 98.9203	LB: 106.65	GB: 108.752	Conf: 0.742865	Pts: 55774
Particle (26):: Fit: 102.714	PB: 102.714	LB: 106.65	GB: 108.752	Conf: 0.688985	Pts: 70589
Particle (32):: Fit: 78.0348	PB: 78.0348	LB: 108.752	GB: 108.752	Conf: 0.231624	Pts: 55590
Particle (7):: Fit: 52.6699	PB: 52.6699	LB: 103.182	GB: 108.752	Conf: 0.481069	Pts: 55489
Particle (5):: Fit: 106.692	PB: 106.692	LB: 106.692	GB: 108.752	Conf: 0.393424	Pts: 141081
Particle (38):: Fit: 98.0104	PB: 98.0104	LB: 108.752	GB: 108.752	Conf: 0.854666	Pts: 55588
Particle (2):: Fit: 86.2483	PB: 86.2483	LB: 106.692	GB: 108.752	Conf: 0.665748	Pts: 55687
Particle (28):: Fit: 94.1299	PB: 94.1299	LB: 105.191	GB: 108.752	Conf: 0.507698	Pts: 80464
Particle (30):: Fit: 95.4798	PB: 95.4798	LB: 107.989	GB: 108.752	Conf: 0.323378	Pts: 55485
Particle (2):: Fit: 87.4004	PB: 87.4004	LB: 106.692	GB: 108.752	Conf: 0.365828	Pts: 55786
Particle (9):: Fit: 104.307	PB: 104.307	LB: 106.692	GB: 108.752	Conf: 0.91455	Pts: 75686
Particle (17):: Fit: 83.7437	PB: 83.7437	LB: 106.65	GB: 108.752	Conf: 0.444709	Pts: 65686
Particle (28):: Fit: 95.9451	PB: 95.9451	LB: 105.191	GB: 108.752	Conf: 0.772161	Pts: 80563
Particle (43):: Fit: 102.078	PB: 102.078	LB: 105.739	GB: 108.752	Conf: 0.658518	Pts: 70286
Particle (2):: Fit: 89.8406	PB: 89.8406	LB: 106.692	GB: 108.752	Conf: 0.729986	Pts: 55884
Particle (17):: Fit: 96.9791	PB: 96.9791	LB: 106.65	GB: 108.752	Conf: 0.562262	Pts: 65784
Particle (32):: Fit: 88.0249	PB: 88.0249	LB: 108.752	GB: 108.752	Conf: 0.626769	Pts: 55684
Particle (1):: Fit: 102.649	PB: 102.649	LB: 106.692	GB: 108.752	Conf: 0.639538	Pts: 55582
Particle (25):: Fit: 97.673	PB: 97.673	LB: 106.65	GB: 108.752	Conf: 0.341622	Pts: 55558
Particle (32):: Fit: 88.0318	PB: 88.0318	LB: 108.752	GB: 108.752	Conf: 0.574437	Pts: 55781
Particle (7):: Fit: 59.368	PB: 59.368	LB: 106.692	GB: 108.752	Conf: 0.483364	Pts: 55580
Particle (33):: Fit: 97.2382	PB: 97.2382	LB: 108.752	GB: 108.752	Conf: 0.838093	Pts: 110580
Particle (44):: Fit: 104.902	PB: 104.902	LB: 105.739	GB: 108.752	Conf: 0.793401	Pts: 55480
Particle (0):: Fit: 101.398	PB: 101.398	LB: 106.692	GB: 108.752	Conf: 0.0806232	Pts: 110879
Particle (32):: Fit: 92.1597	PB: 92.1597	LB: 108.752	GB: 108.752	Conf: 0.322003	Pts: 55878
Particle (19):: Fit: 102.403	PB: 102.403	LB: 106.65	GB: 108.752	Conf: 0.430228	Pts: 55861
Particle (28):: Fit: 97.2677	PB: 97.2677	LB: 105.191	GB: 108.752	Conf: 0.702057	Pts: 80654
Particle (43):: Fit: 105.052	PB: 105.052	LB: 105.739	GB: 108.752	Conf: 0.489533	Pts: 75377
Particle (2):: Fit: 92.3405	PB: 92.3405	LB: 106.692	GB: 108.752	Conf: 0.662107	Pts: 55976
Particle (21):: Fit: 98.7064	PB: 98.7064	LB: 106.65	GB: 108.752	Conf: 0.630178	Pts: 55475
Particle (2):: Fit: 94.7792	PB: 94.7792	LB: 106.692	GB: 108.752	Conf: 0.550871	Pts: 56074
Particle (24):: Fit: 105.827	PB: 105.827	LB: 106.65	GB: 108.752	Conf: 0.827967	Pts: 80773
Particle (25):: Fit: 99.7428	PB: 99.7428	LB: 106.65	GB: 108.752	Conf: 0.340713	Pts: 55650
Particle (40):: Fit: 101.399	PB: 101.399	LB: 108.752	GB: 108.752	Conf: 0.705636	Pts: 55973
Particle (31):: Fit: 97.4991	PB: 97.4991	LB: 108.752	GB: 108.752	Conf: 0.381827	Pts: 60871
Particle (7):: Fit: 78.1344	PB: 78.1344	LB: 106.692	GB: 108.752	Conf: 0.778916	Pts: 55670
Particle (6):: Fit: 105.304	PB: 105.304	LB: 106.692	GB: 108.752	Conf: 0.841915	Pts: 65669
Particle (42):: Fit: 98.6959	PB: 98.6959	LB: 105.052	GB: 108.752	Conf: 0.741454	Pts: 65669
Particle (38):: Fit: 107.34	PB: 107.34	LB: 108.752	GB: 108.752	Conf: 0.301825	Pts: 65668
Particle (34):: Fit: 104.143	PB: 104.143	LB: 108.752	GB: 108.752	Conf: 0.525183	Pts: 55554
Particle (20):: Fit: 88.1942	PB: 88.1942	LB: 106.65	GB: 108.752	Conf: 1.90859	Pts: 80165
Particle (20):: Fit: 94.3386	PB: 94.3386	LB: 106.65	GB: 108.752	Conf: 0.709422	Pts: 80264
Particle (0):: Fit: 109.606	PB: 109.606	LB: 109.606	GB: 109.606	Conf: 0.567016	Pts: 170964
Particle (19):: Fit: 103.364	PB: 103.364	LB: 106.65	GB: 109.606	Conf: 0.530204	Pts: 70948
Global: 109.606 - Correct: 61% of 100 tests
Global Best: 
  Inner Net 1
  -- 1 : 1 = 0.910906
  -- 1 : 2 = 0.411468
  -- 1 : 3 = -0.02437
  -- 1 : 4 = 0.18483
  -- 1 : 5 = 0.186166
  -- 1 : 6 = 0.315855
  -- 1 : 7 = -0.59614
  -- 1 : 8 = 0.0569862
  -- 1 : 9 = 0.259499
  -- 2 : 1 = 0.413745
  -- 2 : 2 = 0.335608
  -- 2 : 3 = 0.18469
  -- 2 : 4 = 0.407651
  -- 2 : 5 = -0.332838
  -- 2 : 6 = -0.108473
  -- 2 : 7 = -0.362886
  -- 2 : 8 = 0.33447
  -- 2 : 9 = 0.465402
  -- 3 : 1 = 0.302114
  -- 3 : 2 = -0.185059
  -- 3 : 3 = -0.0973155
  -- 3 : 4 = -0.085152
  -- 3 : 5 = -0.0533942
  -- 3 : 6 = 0.0997966
  -- 3 : 7 = -0.000190322
  -- 3 : 8 = -0.120213
  -- 3 : 9 = 0.569643
  -- 4 : 1 = 0.175999
  -- 4 : 2 = -0.094482
  -- 4 : 3 = 0.574792
  -- 4 : 4 = 0.308631
  -- 4 : 5 = 0.299834
  -- 4 : 6 = 0.0631514
  -- 4 : 7 = 0.185772
  -- 4 : 8 = 0.135909
  -- 4 : 9 = 0.500529
  -- 5 : 1 = 0.145514
  -- 5 : 2 = 0.131211
  -- 5 : 3 = -0.0108057
  -- 5 : 4 = 0.597588
  -- 5 : 5 = 0.115387
  -- 5 : 6 = 0.48185
  -- 5 : 7 = 0.163316
  -- 5 : 8 = -0.115669
  -- 5 : 9 = -0.138577
  -- 6 : 1 = -0.0836783
  -- 6 : 2 = 0.442525
  -- 6 : 3 = -0.05116
  -- 6 : 4 = -0.122035
  -- 6 : 5 = 0.272922
  -- 6 : 6 = 0.622761
  -- 6 : 7 = -0.249104
  -- 6 : 8 = -0.133808
  -- 6 : 9 = 0.865084
  -- 7 : 1 = 0.283278
  -- 7 : 2 = 0.472635
  -- 7 : 3 = 0.376216
  -- 7 : 4 = 0.107892
  -- 7 : 5 = 0.437746
  -- 7 : 6 = -0.049852
  -- 7 : 7 = 0.427751
  -- 7 : 8 = 0.102925
  -- 7 : 9 = 0.174143
  -- 8 : 1 = -0.383705
  -- 8 : 2 = -0.14243
  -- 8 : 3 = 0.271188
  -- 8 : 4 = 0.326451
  -- 8 : 5 = 0.27589
  -- 8 : 6 = -0.194259
  -- 8 : 7 = -0.303231
  -- 8 : 8 = -0.0334224
  -- 8 : 9 = 0.00257025
  -- 9 : 1 = 0.614085
  -- 9 : 2 = 0.2086
  -- 9 : 3 = 0.433541
  -- 9 : 4 = -0.416841
  -- 9 : 5 = 0.325337
  -- 9 : 6 = 0.711864
  -- 9 : 7 = 0.574221
  -- 9 : 8 = 0.103514
  -- 9 : 9 = -0.0664296
  -- 10 : 1 = 0.130168
  -- 10 : 2 = 0.552211
  -- 10 : 3 = -0.151671
  -- 10 : 4 = -0.289993
  -- 10 : 5 = 0.294488
  -- 10 : 6 = -0.127138
  -- 10 : 7 = -0.225941
  -- 10 : 8 = -0.0749115
  -- 10 : 9 = 0.0860126
  Inner Net 2
  -- 1 : 1 = 0.447403
  -- 1 : 2 = -0.166768
  -- 2 : 1 = -0.178679
  -- 2 : 2 = 0.389353
  -- 3 : 1 = -0.0956344
  -- 3 : 2 = -0.0222823
  -- 4 : 1 = -0.342074
  -- 4 : 2 = -0.0447731
  -- 5 : 1 = 0.0952647
  -- 5 : 2 = -0.257485
  -- 6 : 1 = -0.260131
  -- 6 : 2 = -0.267452
  -- 7 : 1 = -0.0863382
  -- 7 : 2 = -0.291173
  -- 8 : 1 = 0.235033
  -- 8 : 2 = 0.117538
  -- 9 : 1 = 0.180029
  -- 9 : 2 = -0.377058
Out\Act	False		True
False	0.10138	0.7406	0.84198
True	0.0104712	0.147549	0.15802
	0.111851	0.888149
	Accuracy [ (tp + tn) / testSize ]: 0.248929
	Precision [ tp / (tp + fp) ]:      0.166042
	Sensitivity [ tp / (tp + fn) ]:    0.930931
	Specificity [ tn / (tn + fp) ]:    0.120339
	F-Score [ 2tp / (2tp + fp + fn) ]: 0.281946
Particle (3):: Fit: 105.005	PB: 105.005	LB: 109.606	GB: 109.606	Conf: 0.469653	Pts: 105243
Particle (28):: Fit: 106.471	PB: 106.471	LB: 106.471	GB: 109.606	Conf: 0.514173	Pts: 95739
Particle (8):: Fit: 106.204	PB: 106.204	LB: 106.692	GB: 109.606	Conf: 0.998691	Pts: 160556
Particle (10):: Fit: 108.99	PB: 108.99	LB: 108.99	GB: 109.606	Conf: 0.487464	Pts: 200658
Particle (11):: Fit: 100.419	PB: 100.419	LB: 108.99	GB: 109.606	Conf: 0.350042	Pts: 70956
Particle (49):: Fit: 100.753	PB: 100.753	LB: 109.606	GB: 109.606	Conf: 0.386405	Pts: 50656
Particle (13):: Fit: 103.386	PB: 103.386	LB: 108.99	GB: 109.606	Conf: 0.489462	Pts: 100756
Particle (2):: Fit: 97.2994	PB: 97.2994	LB: 109.606	GB: 109.606	Conf: 0.740033	Pts: 56154
Particle (11):: Fit: 101.895	PB: 101.895	LB: 108.99	GB: 109.606	Conf: 0.279843	Pts: 71053
Particle (31):: Fit: 104.424	PB: 104.424	LB: 108.752	GB: 109.606	Conf: 0.579463	Pts: 60953
Particle (14):: Fit: 102.046	PB: 102.046	LB: 108.99	GB: 109.606	Conf: 0.89518	Pts: 170350
Particle (11):: Fit: 105.551	PB: 105.551	LB: 108.99	GB: 109.606	Conf: 0.251183	Pts: 76148
Particle (25):: Fit: 100.993	PB: 100.993	LB: 106.65	GB: 109.606	Conf: 0.826049	Pts: 55724
Particle (7):: Fit: 87.933	PB: 87.933	LB: 108.99	GB: 109.606	Conf: 0.633884	Pts: 55745
Particle (4):: Fit: 101.334	PB: 101.334	LB: 109.606	GB: 109.606	Conf: 0.679505	Pts: 120541
Particle (32):: Fit: 93.4523	PB: 93.4523	LB: 108.752	GB: 109.606	Conf: 0.482446	Pts: 55941
Particle (21):: Fit: 99.3344	PB: 99.3344	LB: 106.65	GB: 109.606	Conf: 0.313011	Pts: 55539
Particle (33):: Fit: 97.5036	PB: 97.5036	LB: 108.752	GB: 109.606	Conf: 0.509202	Pts: 110638
Particle (16):: Fit: 103.586	PB: 103.586	LB: 103.586	GB: 109.606	Conf: 0.0978729	Pts: 190536
Particle (17):: Fit: 103.601	PB: 103.601	LB: 106.65	GB: 109.606	Conf: 0.510466	Pts: 70835
Particle (32):: Fit: 97.3713	PB: 97.3713	LB: 108.752	GB: 109.606	Conf: 0.302845	Pts: 56034
Particle (43):: Fit: 108.065	PB: 108.065	LB: 108.065	GB: 109.606	Conf: 0.372129	Pts: 95430
Particle (46):: Fit: 105.564	PB: 105.564	LB: 109.606	GB: 109.606	Conf: 0.861759	Pts: 95426
Particle (4):: Fit: 109.323	PB: 109.323	LB: 109.606	GB: 109.606	Conf: 0.666263	Pts: 140624
Particle (20):: Fit: 99.9081	PB: 99.9081	LB: 106.65	GB: 109.606	Conf: 0.744931	Pts: 80320
Particle (38):: Fit: 109.611	PB: 109.611	LB: 109.611	GB: 109.611	Conf: 0.443339	Pts: 125720
Global: 109.611 - Correct: 64% of 100 tests
Global Best: 
  Inner Net 1
  -- 1 : 1 = 0.341697
  -- 1 : 2 = 0.672235
  -- 1 : 3 = 0.173009
  -- 1 : 4 = 0.174715
  -- 1 : 5 = -0.066378
  -- 1 : 6 = -0.15188
  -- 1 : 7 = 0.166099
  -- 1 : 8 = 0.570506
  -- 1 : 9 = -0.12865
  -- 2 : 1 = 0.419131
  -- 2 : 2 = 0.0626107
  -- 2 : 3 = -0.11856
  -- 2 : 4 = 0.11531
  -- 2 : 5 = -0.529382
  -- 2 : 6 = 0.00722706
  -- 2 : 7 = -0.17962
  -- 2 : 8 = 0.476954
  -- 2 : 9 = 0.292333
  -- 3 : 1 = 0.181344
  -- 3 : 2 = 0.376162
  -- 3 : 3 = -0.112341
  -- 3 : 4 = 0.0336877
  -- 3 : 5 = 0.01725
  -- 3 : 6 = 0.175915
  -- 3 : 7 = -0.117392
  -- 3 : 8 = 0.136135
  -- 3 : 9 = 0.416142
  -- 4 : 1 = 0.246852
  -- 4 : 2 = -0.161002
  -- 4 : 3 = 0.126559
  -- 4 : 4 = 0.14551
  -- 4 : 5 = 0.30342
  -- 4 : 6 = -0.381557
  -- 4 : 7 = -0.101501
  -- 4 : 8 = 0.21836
  -- 4 : 9 = -0.0100379
  -- 5 : 1 = 0.764955
  -- 5 : 2 = 0.33165
  -- 5 : 3 = -0.0565241
  -- 5 : 4 = -0.130277
  -- 5 : 5 = -0.0651564
  -- 5 : 6 = 0.339945
  -- 5 : 7 = 0.330207
  -- 5 : 8 = -0.00253724
  -- 5 : 9 = 0.552081
  -- 6 : 1 = 0.502847
  -- 6 : 2 = -0.296764
  -- 6 : 3 = -0.291203
  -- 6 : 4 = -0.453348
  -- 6 : 5 = -0.130534
  -- 6 : 6 = 0.384092
  -- 6 : 7 = -0.126238
  -- 6 : 8 = -0.230998
  -- 6 : 9 = 0.148243
  -- 7 : 1 = 0.241545
  -- 7 : 2 = 0.15659
  -- 7 : 3 = 0.141804
  -- 7 : 4 = 0.022455
  -- 7 : 5 = -0.227131
  -- 7 : 6 = 0.57952
  -- 7 : 7 = 0.3479
  -- 7 : 8 = 0.258522
  -- 7 : 9 = 0.0559718
  -- 8 : 1 = 0.072376
  -- 8 : 2 = 0.19846
  -- 8 : 3 = 0.263858
  -- 8 : 4 = 0.140605
  -- 8 : 5 = -0.112834
  -- 8 : 6 = -0.222244
  -- 8 : 7 = 0.216556
  -- 8 : 8 = -0.123435
  -- 8 : 9 = 0.0770396
  -- 9 : 1 = 0.212014
  -- 9 : 2 = -0.123609
  -- 9 : 3 = 0.00709485
  -- 9 : 4 = -0.0463413
  -- 9 : 5 = -0.238444
  -- 9 : 6 = -0.117726
  -- 9 : 7 = -0.224577
  -- 9 : 8 = 0.0632789
  -- 9 : 9 = 0.497117
  -- 10 : 1 = -0.172717
  -- 10 : 2 = -0.219068
  -- 10 : 3 = -0.298158
  -- 10 : 4 = 0.428534
  -- 10 : 5 = 0.499518
  -- 10 : 6 = -0.0763843
  -- 10 : 7 = 0.195496
  -- 10 : 8 = 0.07691
  -- 10 : 9 = 0.0293656
  Inner Net 2
  -- 1 : 1 = 0.373252
  -- 1 : 2 = 0.0827209
  -- 2 : 1 = -0.38891
  -- 2 : 2 = 0.129764
  -- 3 : 1 = -0.32965
  -- 3 : 2 = 0.459635
  -- 4 : 1 = 0.230145
  -- 4 : 2 = -0.102125
  -- 5 : 1 = -0.0535385
  -- 5 : 2 = -0.382854
  -- 6 : 1 = -0.0645371
  -- 6 : 2 = -0.444619
  -- 7 : 1 = -0.117651
  -- 7 : 2 = -0.284
  -- 8 : 1 = -0.420189
  -- 8 : 2 = 0.243509
  -- 9 : 1 = 0.329514
  -- 9 : 2 = -0.288351
Out\Act	False		True
False	0.0956687	0.746311	0.84198
True	0.0152308	0.142789	0.15802
	0.1109	0.8891
	Accuracy [ (tp + tn) / testSize ]: 0.238458
	Precision [ tp / (tp + fp) ]:      0.160514
	Sensitivity [ tp / (tp + fn) ]:    0.900901
	Specificity [ tn / (tn + fp) ]:    0.113559
	F-Score [ 2tp / (2tp + fp + fn) ]: 0.272603
Particle (11):: Fit: 107.235	PB: 107.235	LB: 108.99	GB: 109.611	Conf: 0.259141	Pts: 81211
Particle (27):: Fit: 102.855	PB: 102.855	LB: 106.471	GB: 109.611	Conf: 0.450306	Pts: 55506
Particle (42):: Fit: 103.703	PB: 103.703	LB: 109.611	GB: 109.611	Conf: 0.751908	Pts: 65703
Particle (30):: Fit: 107.118	PB: 107.118	LB: 107.989	GB: 109.611	Conf: 0.319336	Pts: 80499
Particle (17):: Fit: 104.05	PB: 104.05	LB: 106.65	GB: 109.611	Conf: 0.741117	Pts: 75901
Particle (2):: Fit: 98.0809	PB: 98.0809	LB: 109.606	GB: 109.611	Conf: 0.818985	Pts: 56200
Particle (32):: Fit: 98.3575	PB: 98.3575	LB: 108.752	GB: 109.611	Conf: 0.60403	Pts: 56097
Particle (19):: Fit: 105.073	PB: 105.073	LB: 106.65	GB: 109.611	Conf: 0.424144	Pts: 75978
Particle (15):: Fit: 103.379	PB: 103.379	LB: 107.235	GB: 109.611	Conf: 0.492963	Pts: 60391
Particle (33):: Fit: 97.8456	PB: 97.8456	LB: 109.611	GB: 109.611	Conf: 0.889434	Pts: 110692
Particle (40):: Fit: 108.043	PB: 108.043	LB: 109.611	GB: 109.611	Conf: 0.745687	Pts: 55991
Particle (25):: Fit: 110.292	PB: 110.292	LB: 110.292	GB: 110.292	Conf: 0.729106	Pts: 115764
Global: 110.292 - Correct: 71% of 100 tests
Global Best: 
  Inner Net 1
  -- 1 : 1 = 0.081312
  -- 1 : 2 = -0.165767
  -- 1 : 3 = 0.322289
  -- 1 : 4 = 0.0508142
  -- 1 : 5 = 0.245586
  -- 1 : 6 = -0.0835775
  -- 1 : 7 = 0.203883
  -- 1 : 8 = -0.0197529
  -- 1 : 9 = 0.0628643
  -- 2 : 1 = 0.912961
  -- 2 : 2 = 0.0114727
  -- 2 : 3 = -0.108222
  -- 2 : 4 = 0.0270527
  -- 2 : 5 = -0.0843977
  -- 2 : 6 = -0.470045
  -- 2 : 7 = -0.28207
  -- 2 : 8 = -0.11985
  -- 2 : 9 = 0.141849
  -- 3 : 1 = -0.392628
  -- 3 : 2 = 0.221208
  -- 3 : 3 = 0.0522462
  -- 3 : 4 = -0.436385
  -- 3 : 5 = 0.0610465
  -- 3 : 6 = -0.105293
  -- 3 : 7 = -0.0522723
  -- 3 : 8 = -0.485885
  -- 3 : 9 = 0.0868836
  -- 4 : 1 = 0.327912
  -- 4 : 2 = -0.314323
  -- 4 : 3 = 0.111552
  -- 4 : 4 = 0.036549
  -- 4 : 5 = -0.249017
  -- 4 : 6 = 0.139474
  -- 4 : 7 = 0.690115
  -- 4 : 8 = -0.0390392
  -- 4 : 9 = -0.0563025
  -- 5 : 1 = 0.193456
  -- 5 : 2 = -0.424229
  -- 5 : 3 = 0.174793
  -- 5 : 4 = 0.454999
  -- 5 : 5 = 0.411518
  -- 5 : 6 = 0.342141
  -- 5 : 7 = 0.0332333
  -- 5 : 8 = -0.334451
  -- 5 : 9 = -0.208717
  -- 6 : 1 = 0.494607
  -- 6 : 2 = 0.297991
  -- 6 : 3 = 0.452159
  -- 6 : 4 = -0.194904
  -- 6 : 5 = -0.324783
  -- 6 : 6 = -0.061969
  -- 6 : 7 = -0.235577
  -- 6 : 8 = 0.0806602
  -- 6 : 9 = -0.174691
  -- 7 : 1 = 0.508072
  -- 7 : 2 = -0.00420317
  -- 7 : 3 = -0.313362
  -- 7 : 4 = -0.0178279
  -- 7 : 5 = -0.166983
  -- 7 : 6 = 0.368456
  -- 7 : 7 = 0.643736
  -- 7 : 8 = -0.0200456
  -- 7 : 9 = -0.086266
  -- 8 : 1 = -0.222681
  -- 8 : 2 = -0.22425
  -- 8 : 3 = 0.513508
  -- 8 : 4 = 0.149301
  -- 8 : 5 = 0.0947198
  -- 8 : 6 = -0.193937
  -- 8 : 7 = 0.301885
  -- 8 : 8 = -0.0292334
  -- 8 : 9 = -0.129594
  -- 9 : 1 = 0.631283
  -- 9 : 2 = -0.180292
  -- 9 : 3 = -0.195344
  -- 9 : 4 = 0.106089
  -- 9 : 5 = -0.172228
  -- 9 : 6 = 0.0549676
  -- 9 : 7 = -0.0392349
  -- 9 : 8 = 0.164488
  -- 9 : 9 = -0.0102509
  -- 10 : 1 = 0.512569
  -- 10 : 2 = -0.429459
  -- 10 : 3 = 0.228119
  -- 10 : 4 = 0.344922
  -- 10 : 5 = 0.544767
  -- 10 : 6 = 0.297791
  -- 10 : 7 = 0.309968
  -- 10 : 8 = -0.162701
  -- 10 : 9 = 0.0238276
  Inner Net 2
  -- 1 : 1 = 0.315051
  -- 1 : 2 = -0.271144
  -- 2 : 1 = -0.205096
  -- 2 : 2 = 1
  -- 3 : 1 = -0.15957
  -- 3 : 2 = 0.150353
  -- 4 : 1 = 0.645461
  -- 4 : 2 = 0.232009
  -- 5 : 1 = -0.304678
  -- 5 : 2 = -0.396469
  -- 6 : 1 = -0.0881319
  -- 6 : 2 = 0.29008
  -- 7 : 1 = -0.100401
  -- 7 : 2 = -0.137587
  -- 8 : 1 = 0.00172915
  -- 8 : 2 = 0.0374757
  -- 9 : 1 = -0.0258847
  -- 9 : 2 = 0.16843
Out\Act	False		True
False	0.0713946	0.770585	0.84198
True	0.00856735	0.149453	0.15802
	0.0799619	0.920038
	Accuracy [ (tp + tn) / testSize ]: 0.220847
	Precision [ tp / (tp + fp) ]:      0.162358
	Sensitivity [ tp / (tp + fn) ]:    0.942943
	Specificity [ tn / (tn + fp) ]:    0.0847458
	F-Score [ 2tp / (2tp + fp + fn) ]: 0.27714
Particle (19):: Fit: 106.747	PB: 106.747	LB: 106.747	GB: 110.292	Conf: 0.913084	Pts: 96068
Particle (21):: Fit: 100.099	PB: 100.099	LB: 110.292	GB: 110.292	Conf: 0.0387168	Pts: 55581
Particle (34):: Fit: 106.234	PB: 106.234	LB: 109.611	GB: 110.292	Conf: 0.599639	Pts: 55567
Particle (5):: Fit: 107.549	PB: 107.549	LB: 109.323	GB: 110.292	Conf: 0.349792	Pts: 141070
Particle (2):: Fit: 98.8615	PB: 98.8615	LB: 109.606	GB: 110.292	Conf: 0.425159	Pts: 56274
Particle (32):: Fit: 102.229	PB: 102.229	LB: 108.752	GB: 110.292	Conf: 0.374443	Pts: 56173
Particle (32):: Fit: 107.468	PB: 107.468	LB: 108.752	GB: 110.292	Conf: 0.30137	Pts: 56268
Particle (7):: Fit: 90.5002	PB: 90.5002	LB: 109.323	GB: 110.292	Conf: 0.657194	Pts: 55768
Particle (16):: Fit: 107.697	PB: 107.697	LB: 107.697	GB: 110.292	Conf: 0.584162	Pts: 215559
Particle (17):: Fit: 104.295	PB: 104.295	LB: 107.697	GB: 110.292	Conf: 0.546259	Pts: 75956
Particle (15):: Fit: 106.847	PB: 106.847	LB: 107.697	GB: 110.292	Conf: 0.429036	Pts: 60441
Particle (1):: Fit: 102.749	PB: 102.749	LB: 109.606	GB: 110.292	Conf: 0.908963	Pts: 55518
Particle (8):: Fit: 106.741	PB: 106.741	LB: 109.323	GB: 110.292	Conf: 0.86287	Pts: 160513
Particle (18):: Fit: 99.9175	PB: 99.9175	LB: 107.697	GB: 110.292	Conf: 0.689035	Pts: 70209
Particle (33):: Fit: 100.626	PB: 100.626	LB: 109.611	GB: 110.292	Conf: 0.86053	Pts: 110715
Particle (13):: Fit: 106.028	PB: 106.028	LB: 108.99	GB: 110.292	Conf: 0.0284301	Pts: 100703
Particle (2):: Fit: 100.991	PB: 100.991	LB: 109.606	GB: 110.292	Conf: 0.361659	Pts: 56298
Particle (47):: Fit: 102.886	PB: 102.886	LB: 109.606	GB: 110.292	Conf: 0.458004	Pts: 100387
Particle (13):: Fit: 106.948	PB: 106.948	LB: 108.99	GB: 110.292	Conf: 0.443665	Pts: 100790
Particle (1):: Fit: 108.294	PB: 108.294	LB: 109.606	GB: 110.292	Conf: 0.758882	Pts: 55586
Particle (21):: Fit: 107.867	PB: 107.867	LB: 110.292	GB: 110.292	Conf: 0.555725	Pts: 75584
Particle (33):: Fit: 103.886	PB: 103.886	LB: 109.611	GB: 110.292	Conf: 0.535011	Pts: 110777
Particle (14):: Fit: 109.171	PB: 109.171	LB: 109.171	GB: 110.292	Conf: 0.621997	Pts: 220270
Particle (49):: Fit: 104.867	PB: 104.867	LB: 109.606	GB: 110.292	Conf: 0.386981	Pts: 50565
Particle (42):: Fit: 105.947	PB: 105.947	LB: 109.611	GB: 110.292	Conf: 0.730502	Pts: 65650
Particle (20):: Fit: 100.211	PB: 100.211	LB: 110.292	GB: 110.292	Conf: 0.729713	Pts: 80256
Particle (39):: Fit: 108.078	PB: 108.078	LB: 109.611	GB: 110.292	Conf: 0.67428	Pts: 65250
Particle (11):: Fit: 108.633	PB: 108.633	LB: 109.171	GB: 110.292	Conf: 0.571616	Pts: 81145
Particle (17):: Fit: 106.039	PB: 106.039	LB: 109.171	GB: 110.292	Conf: 0.533723	Pts: 75940
Particle (29):: Fit: 107.06	PB: 107.06	LB: 110.292	GB: 110.292	Conf: 0.498626	Pts: 100336
Particle (47):: Fit: 105.619	PB: 105.619	LB: 109.606	GB: 110.292	Conf: 0.511213	Pts: 100434
Particle (33):: Fit: 104.887	PB: 104.887	LB: 109.611	GB: 110.292	Conf: 0.695845	Pts: 110835
Particle (2):: Fit: 108.056	PB: 108.056	LB: 109.606	GB: 110.292	Conf: 0.858588	Pts: 56329
Particle (46):: Fit: 106.288	PB: 106.288	LB: 109.606	GB: 110.292	Conf: 0.815819	Pts: 95318
Particle (7):: Fit: 93.8001	PB: 93.8001	LB: 109.323	GB: 110.292	Conf: 0.737625	Pts: 55719
Particle (34):: Fit: 107.235	PB: 107.235	LB: 109.611	GB: 110.292	Conf: 0.607809	Pts: 55505
Particle (7):: Fit: 99.9502	PB: 99.9502	LB: 109.323	GB: 110.292	Conf: 0.889515	Pts: 55814
Particle (1):: Fit: 110.762	PB: 110.762	LB: 110.762	GB: 110.762	Conf: 0.749163	Pts: 115596
Global: 110.762 - Correct: 65% of 100 tests
Global Best: 
  Inner Net 1
  -- 1 : 1 = 1
  -- 1 : 2 = 0.284811
  -- 1 : 3 = 0.0240677
  -- 1 : 4 = -0.128297
  -- 1 : 5 = -0.0920212
  -- 1 : 6 = -0.285592
  -- 1 : 7 = -0.145468
  -- 1 : 8 = -0.0443413
  -- 1 : 9 = 0.112673
  -- 2 : 1 = 0.5
  -- 2 : 2 = 0.0211564
  -- 2 : 3 = -0.07351
  -- 2 : 4 = 0.0873218
  -- 2 : 5 = -0.0273754
  -- 2 : 6 = 0.0712602
  -- 2 : 7 = -0.00838089
  -- 2 : 8 = 0.087677
  -- 2 : 9 = 0.0668119
  -- 3 : 1 = 0.120184
  -- 3 : 2 = -0.370529
  -- 3 : 3 = -0.293893
  -- 3 : 4 = 0.0824071
  -- 3 : 5 = -0.0525169
  -- 3 : 6 = -0.0298792
  -- 3 : 7 = -0.0398974
  -- 3 : 8 = -0.264155
  -- 3 : 9 = 0.37025
  -- 4 : 1 = 0.255805
  -- 4 : 2 = -0.101292
  -- 4 : 3 = -0.0433619
  -- 4 : 4 = 0.125095
  -- 4 : 5 = 0.02334
  -- 4 : 6 = 0.0470247
  -- 4 : 7 = 0.544605
  -- 4 : 8 = -0.277758
  -- 4 : 9 = -0.297288
  -- 5 : 1 = 0.284545
  -- 5 : 2 = -0.436019
  -- 5 : 3 = 0.43243
  -- 5 : 4 = 0.376538
  -- 5 : 5 = 0.311236
  -- 5 : 6 = 0.201374
  -- 5 : 7 = 0.235535
  -- 5 : 8 = -0.097301
  -- 5 : 9 = -0.138264
  -- 6 : 1 = -0.119981
  -- 6 : 2 = -0.306767
  -- 6 : 3 = 0.135957
  -- 6 : 4 = 0.129087
  -- 6 : 5 = -0.185554
  -- 6 : 6 = 0.0935712
  -- 6 : 7 = -0.0475726
  -- 6 : 8 = 0.210873
  -- 6 : 9 = -0.299084
  -- 7 : 1 = 0.284289
  -- 7 : 2 = -0.212876
  -- 7 : 3 = 0.0409369
  -- 7 : 4 = 0.41261
  -- 7 : 5 = -0.0294229
  -- 7 : 6 = -0.343812
  -- 7 : 7 = -0.0140842
  -- 7 : 8 = -0.0764264
  -- 7 : 9 = 0.355831
  -- 8 : 1 = -0.168795
  -- 8 : 2 = 0.0412776
  -- 8 : 3 = 0.311355
  -- 8 : 4 = -0.113025
  -- 8 : 5 = 0.244028
  -- 8 : 6 = 0.0245875
  -- 8 : 7 = 0.281774
  -- 8 : 8 = -0.0188311
  -- 8 : 9 = -0.0391385
  -- 9 : 1 = 0.365825
  -- 9 : 2 = -0.425401
  -- 9 : 3 = -0.0203645
  -- 9 : 4 = 0.265228
  -- 9 : 5 = -0.0233984
  -- 9 : 6 = 0.306763
  -- 9 : 7 = -0.208743
  -- 9 : 8 = -0.381352
  -- 9 : 9 = -0.152109
  -- 10 : 1 = 0.49057
  -- 10 : 2 = 0.198238
  -- 10 : 3 = 0.10962
  -- 10 : 4 = -0.232983
  -- 10 : 5 = 0.411371
  -- 10 : 6 = 0.0439697
  -- 10 : 7 = 0.334005
  -- 10 : 8 = 0.165403
  -- 10 : 9 = -0.205048
  Inner Net 2
  -- 1 : 1 = 0.212213
  -- 1 : 2 = -0.150622
  -- 2 : 1 = 0.327457
  -- 2 : 2 = 0.00797483
  -- 3 : 1 = -0.100162
  -- 3 : 2 = -0.0604544
  -- 4 : 1 = 0.0199406
  -- 4 : 2 = -0.445523
  -- 5 : 1 = -0.575435
  -- 5 : 2 = -0.0357216
  -- 6 : 1 = 0.155223
  -- 6 : 2 = -0.626383
  -- 7 : 1 = 0.203011
  -- 7 : 2 = 0.036435
  -- 8 : 1 = 0.0595396
  -- 8 : 2 = 0.176658
  -- 9 : 1 = 0.238027
  -- 9 : 2 = -0.124872
Out\Act	False		True
False	0.0618753	0.780105	0.84198
True	0.00380771	0.154212	0.15802
	0.065683	0.934317
	Accuracy [ (tp + tn) / testSize ]: 0.216088
	Precision [ tp / (tp + fp) ]:      0.164969
	Sensitivity [ tp / (tp + fn) ]:    0.972973
	Specificity [ tn / (tn + fp) ]:    0.0734463
	F-Score [ 2tp / (2tp + fp + fn) ]: 0.28223
Particle (9):: Fit: 106.288	PB: 106.288	LB: 109.171	GB: 110.762	Conf: 0.899531	Pts: 75487
Particle (23):: Fit: 108.033	PB: 108.033	LB: 110.292	GB: 110.762	Conf: 0.374133	Pts: 75196
Particle (20):: Fit: 102.451	PB: 102.451	LB: 110.292	GB: 110.762	Conf: 0.712923	Pts: 80290
Particle (26):: Fit: 104.519	PB: 104.519	LB: 110.292	GB: 110.762	Conf: 0.728503	Pts: 70386
Particle (14):: Fit: 110.019	PB: 110.019	LB: 110.019	GB: 110.762	Conf: 0.819051	Pts: 270264
Particle (3):: Fit: 105.247	PB: 105.247	LB: 110.762	GB: 110.762	Conf: 0.677448	Pts: 105032
Particle (3):: Fit: 106.929	PB: 106.929	LB: 110.762	GB: 110.762	Conf: 0.263985	Pts: 105122
Particle (26):: Fit: 106.147	PB: 106.147	LB: 110.292	GB: 110.762	Conf: 0.835628	Pts: 70400
Particle (46):: Fit: 107.467	PB: 107.467	LB: 110.762	GB: 110.762	Conf: 0.684988	Pts: 95288
Particle (20):: Fit: 107.352	PB: 107.352	LB: 110.292	GB: 110.762	Conf: 0.814497	Pts: 80283
Particle (25):: Fit: 111.451	PB: 111.451	LB: 111.451	GB: 111.451	Conf: 0.629251	Pts: 175567
Global: 111.451 - Correct: 67% of 100 tests
Global Best: 
  Inner Net 1
  -- 1 : 1 = 0.602151
  -- 1 : 2 = 0.137062
  -- 1 : 3 = 0.0612587
  -- 1 : 4 = 0.0380916
  -- 1 : 5 = -0.128291
  -- 1 : 6 = 0.112377
  -- 1 : 7 = 0.383519
  -- 1 : 8 = 0.153796
  -- 1 : 9 = 0.0798103
  -- 2 : 1 = 1
  -- 2 : 2 = -0.18505
  -- 2 : 3 = -0.268769
  -- 2 : 4 = -0.206292
  -- 2 : 5 = -0.0299953
  -- 2 : 6 = -0.396626
  -- 2 : 7 = 0.0337125
  -- 2 : 8 = -0.28663
  -- 2 : 9 = 0.178083
  -- 3 : 1 = -0.519053
  -- 3 : 2 = 0.0444695
  -- 3 : 3 = 0.00124132
  -- 3 : 4 = -0.382455
  -- 3 : 5 = 0.00427033
  -- 3 : 6 = 0.11095
  -- 3 : 7 = -0.208323
  -- 3 : 8 = -0.46393
  -- 3 : 9 = -0.0621381
  -- 4 : 1 = 0.192101
  -- 4 : 2 = 0.267836
  -- 4 : 3 = 0.07169
  -- 4 : 4 = -0.00382319
  -- 4 : 5 = -0.434879
  -- 4 : 6 = 0.0334411
  -- 4 : 7 = 0.382724
  -- 4 : 8 = -0.351248
  -- 4 : 9 = -0.0391305
  -- 5 : 1 = 0.15829
  -- 5 : 2 = -0.463826
  -- 5 : 3 = -0.0844115
  -- 5 : 4 = 0.261548
  -- 5 : 5 = 0.084999
  -- 5 : 6 = 0.344455
  -- 5 : 7 = 0.336995
  -- 5 : 8 = 0.119276
  -- 5 : 9 = -0.341152
  -- 6 : 1 = 0.360907
  -- 6 : 2 = -0.0307737
  -- 6 : 3 = -0.0798696
  -- 6 : 4 = -0.0983018
  -- 6 : 5 = -0.190679
  -- 6 : 6 = -0.269264
  -- 6 : 7 = -0.0932482
  -- 6 : 8 = 0.132387
  -- 6 : 9 = -0.211142
  -- 7 : 1 = 0.590537
  -- 7 : 2 = -0.0175287
  -- 7 : 3 = 0.0854454
  -- 7 : 4 = 0.103898
  -- 7 : 5 = 0.00917609
  -- 7 : 6 = 0.614468
  -- 7 : 7 = 0.455288
  -- 7 : 8 = -0.174541
  -- 7 : 9 = 0.175715
  -- 8 : 1 = -0.262966
  -- 8 : 2 = 0.0458484
  -- 8 : 3 = -0.0471596
  -- 8 : 4 = -0.0230135
  -- 8 : 5 = 0.250831
  -- 8 : 6 = 0.0489435
  -- 8 : 7 = 0.357601
  -- 8 : 8 = -0.0715065
  -- 8 : 9 = -0.273121
  -- 9 : 1 = 0.614284
  -- 9 : 2 = 0.185386
  -- 9 : 3 = -0.266217
  -- 9 : 4 = 0.349312
  -- 9 : 5 = 0.0468407
  -- 9 : 6 = -0.044838
  -- 9 : 7 = -0.111312
  -- 9 : 8 = 0.343025
  -- 9 : 9 = -0.00218847
  -- 10 : 1 = 0.495308
  -- 10 : 2 = 0.043295
  -- 10 : 3 = -0.191953
  -- 10 : 4 = 0.619009
  -- 10 : 5 = -0.00499838
  -- 10 : 6 = 0.276523
  -- 10 : 7 = -0.0473149
  -- 10 : 8 = -0.26986
  -- 10 : 9 = -0.0677128
  Inner Net 2
  -- 1 : 1 = 0.315051
  -- 1 : 2 = -0.271144
  -- 2 : 1 = -0.205096
  -- 2 : 2 = 1
  -- 3 : 1 = -0.15957
  -- 3 : 2 = 0.150353
  -- 4 : 1 = 0.645461
  -- 4 : 2 = 0.232009
  -- 5 : 1 = -0.304678
  -- 5 : 2 = -0.396469
  -- 6 : 1 = -0.0881319
  -- 6 : 2 = 0.29008
  -- 7 : 1 = -0.100401
  -- 7 : 2 = -0.137587
  -- 8 : 1 = 0.00172915
  -- 8 : 2 = 0.0374757
  -- 9 : 1 = -0.0258847
  -- 9 : 2 = 0.16843
Out\Act	False		True
False	0.137078	0.704902	0.84198
True	0.0152308	0.142789	0.15802
	0.152308	0.847692
	Accuracy [ (tp + tn) / testSize ]: 0.279867
	Precision [ tp / (tp + fp) ]:      0.16835
	Sensitivity [ tp / (tp + fn) ]:    0.900901
	Specificity [ tn / (tn + fp) ]:    0.162712
	F-Score [ 2tp / (2tp + fp + fn) ]: 0.283822
Particle (3):: Fit: 112.188	PB: 112.188	LB: 112.188	GB: 112.188	Conf: 0.209892	Pts: 165149
Global: 112.188 - Correct: 71% of 100 tests
Global Best: 
  Inner Net 1
  -- 1 : 1 = 0.933391
  -- 1 : 2 = -0.0388017
  -- 1 : 3 = -0.29674
  -- 1 : 4 = 0.721798
  -- 1 : 5 = -0.190015
  -- 1 : 6 = -0.0937846
  -- 1 : 7 = -0.164251
  -- 1 : 8 = 0.00883581
  -- 1 : 9 = -0.0759147
  -- 2 : 1 = 0.698413
  -- 2 : 2 = -0.34043
  -- 2 : 3 = 0.167364
  -- 2 : 4 = -0.141528
  -- 2 : 5 = -0.124614
  -- 2 : 6 = -0.114383
  -- 2 : 7 = 0.465403
  -- 2 : 8 = -0.360284
  -- 2 : 9 = 0.12396
  -- 3 : 1 = -0.18364
  -- 3 : 2 = 0.121583
  -- 3 : 3 = 0.371536
  -- 3 : 4 = -0.0508494
  -- 3 : 5 = -0.217364
  -- 3 : 6 = -0.119001
  -- 3 : 7 = 0.0716416
  -- 3 : 8 = -0.350503
  -- 3 : 9 = 0.295313
  -- 4 : 1 = 0.426222
  -- 4 : 2 = -0.156992
  -- 4 : 3 = 0.285288
  -- 4 : 4 = -0.0194522
  -- 4 : 5 = -0.372241
  -- 4 : 6 = -0.452596
  -- 4 : 7 = 0.0514006
  -- 4 : 8 = -0.160531
  -- 4 : 9 = -0.0438596
  -- 5 : 1 = 0.0688061
  -- 5 : 2 = -0.449727
  -- 5 : 3 = 0.129059
  -- 5 : 4 = 0.228919
  -- 5 : 5 = -0.00612131
  -- 5 : 6 = -0.302933
  -- 5 : 7 = 0.316132
  -- 5 : 8 = 0.124997
  -- 5 : 9 = -0.148321
  -- 6 : 1 = -0.182406
  -- 6 : 2 = -0.0598178
  -- 6 : 3 = -0.173518
  -- 6 : 4 = 0.0146954
  -- 6 : 5 = -0.06945
  -- 6 : 6 = 0.145384
  -- 6 : 7 = -0.0901225
  -- 6 : 8 = 0.3103
  -- 6 : 9 = 0.0324975
  -- 7 : 1 = 0.0461569
  -- 7 : 2 = -0.310391
  -- 7 : 3 = -0.0679095
  -- 7 : 4 = 0.0670566
  -- 7 : 5 = 0.100523
  -- 7 : 6 = -0.271912
  -- 7 : 7 = 0.526296
  -- 7 : 8 = -0.165964
  -- 7 : 9 = -0.0394875
  -- 8 : 1 = -0.0649291
  -- 8 : 2 = 0.515315
  -- 8 : 3 = 0.0860031
  -- 8 : 4 = 0.677739
  -- 8 : 5 = 0.024665
  -- 8 : 6 = 0.175791
  -- 8 : 7 = 0.00075959
  -- 8 : 8 = -0.164156
  -- 8 : 9 = -0.266114
  -- 9 : 1 = 0.0543475
  -- 9 : 2 = -0.227411
  -- 9 : 3 = -0.443738
  -- 9 : 4 = -0.11477
  -- 9 : 5 = -0.00551135
  -- 9 : 6 = -0.454007
  -- 9 : 7 = 0.0247154
  -- 9 : 8 = 0.244105
  -- 9 : 9 = -0.410973
  -- 10 : 1 = -0.700366
  -- 10 : 2 = 0.0125305
  -- 10 : 3 = -0.11639
  -- 10 : 4 = 0.0725157
  -- 10 : 5 = -0.0783985
  -- 10 : 6 = 0.183343
  -- 10 : 7 = -0.0318317
  -- 10 : 8 = 0.0283794
  -- 10 : 9 = -0.373436
  Inner Net 2
  -- 1 : 1 = 0.378119
  -- 1 : 2 = -0.184861
  -- 2 : 1 = -0.184357
  -- 2 : 2 = -0.133422
  -- 3 : 1 = -0.267647
  -- 3 : 2 = 0.0325123
  -- 4 : 1 = -0.336656
  -- 4 : 2 = -0.420665
  -- 5 : 1 = 0.109733
  -- 5 : 2 = -0.357516
  -- 6 : 1 = 0.162423
  -- 6 : 2 = -0.201204
  -- 7 : 1 = 0.0190092
  -- 7 : 2 = -0.0782169
  -- 8 : 1 = -0.0942102
  -- 8 : 2 = 0.296781
  -- 9 : 1 = -0.221062
  -- 9 : 2 = -0.435198
Out\Act	False		True
False	0.220371	0.621609	0.84198
True	0.0166587	0.141361	0.15802
	0.23703	0.76297
	Accuracy [ (tp + tn) / testSize ]: 0.361733
	Precision [ tp / (tp + fp) ]:      0.185162
	Sensitivity [ tp / (tp + fn) ]:    0.891892
	Specificity [ tn / (tn + fp) ]:    0.261582
	F-Score [ 2tp / (2tp + fp + fn) ]: 0.306818
Particle (7):: Fit: 109.814	PB: 109.814	LB: 112.188	GB: 112.188	Conf: 0.854267	Pts: 60732
Particle (22):: Fit: 108.24	PB: 108.24	LB: 111.451	GB: 112.188	Conf: 0.771329	Pts: 214825
Particle (47):: Fit: 107.339	PB: 107.339	LB: 110.762	GB: 112.188	Conf: 0.402948	Pts: 100311
Particle (31):: Fit: 104.596	PB: 104.596	LB: 108.752	GB: 112.188	Conf: 0.517248	Pts: 60581
Particle (15):: Fit: 107.112	PB: 107.112	LB: 110.019	GB: 112.188	Conf: 0.395683	Pts: 60171
Particle (18):: Fit: 103.772	PB: 103.772	LB: 110.019	GB: 112.188	Conf: 0.68573	Pts: 69946
Particle (5):: Fit: 110.671	PB: 110.671	LB: 112.188	GB: 112.188	Conf: 0.256138	Pts: 150729
Particle (35):: Fit: 109.261	PB: 109.261	LB: 109.611	GB: 112.188	Conf: 0.668776	Pts: 180811
Particle (27):: Fit: 105.06	PB: 105.06	LB: 111.451	GB: 112.188	Conf: 0.466717	Pts: 55087
Particle (31):: Fit: 107.087	PB: 107.087	LB: 109.261	GB: 112.188	Conf: 0.490941	Pts: 60584
Particle (30):: Fit: 108.426	PB: 108.426	LB: 109.261	GB: 112.188	Conf: 0.365526	Pts: 80059
Particle (16):: Fit: 110.048	PB: 110.048	LB: 110.048	GB: 112.188	Conf: 0.207555	Pts: 260096
Particle (34):: Fit: 109.769	PB: 109.769	LB: 109.769	GB: 112.188	Conf: 0.531485	Pts: 100184
Particle (31):: Fit: 111.69	PB: 111.69	LB: 111.69	GB: 112.188	Conf: 0.501589	Pts: 110583
Particle (26):: Fit: 108.296	PB: 108.296	LB: 111.69	GB: 112.188	Conf: 0.668106	Pts: 70174
Particle (44):: Fit: 105.899	PB: 105.899	LB: 108.065	GB: 112.188	Conf: 0.791805	Pts: 54809
Particle (37):: Fit: 106.975	PB: 106.975	LB: 109.769	GB: 112.188	Conf: 0.486966	Pts: 79783
Particle (37):: Fit: 110.313	PB: 110.313	LB: 110.313	GB: 112.188	Conf: 0.527486	Pts: 109881
Particle (18):: Fit: 104.884	PB: 104.884	LB: 110.048	GB: 112.188	Conf: 0.477377	Pts: 69757
Particle (49):: Fit: 108.062	PB: 108.062	LB: 112.188	GB: 112.188	Conf: 0.268471	Pts: 50061
Particle (15):: Fit: 108.737	PB: 108.737	LB: 110.048	GB: 112.188	Conf: 0.792971	Pts: 59944
Particle (12):: Fit: 102.724	PB: 102.724	LB: 110.048	GB: 112.188	Conf: 0.12601	Pts: 119778
Particle (42):: Fit: 105.963	PB: 105.963	LB: 109.611	GB: 112.188	Conf: 0.752412	Pts: 65089
Particle (19):: Fit: 108.841	PB: 108.841	LB: 110.048	GB: 112.188	Conf: 0.528661	Pts: 95380
Particle (22):: Fit: 108.479	PB: 108.479	LB: 111.451	GB: 112.188	Conf: 0.333721	Pts: 214481
Particle (28):: Fit: 107.875	PB: 107.875	LB: 111.69	GB: 112.188	Conf: 0.154256	Pts: 94922
Particle (46):: Fit: 109.004	PB: 109.004	LB: 110.762	GB: 112.188	Conf: 0.578678	Pts: 104783
Particle (0):: Fit: 110.113	PB: 110.113	LB: 112.188	GB: 112.188	Conf: 0.6527	Pts: 175037
Particle (47):: Fit: 108.625	PB: 108.625	LB: 110.762	GB: 112.188	Conf: 0.54331	Pts: 99754
Particle (8):: Fit: 107.588	PB: 107.588	LB: 110.671	GB: 112.188	Conf: 0.722421	Pts: 159618
Particle (30):: Fit: 114.623	PB: 114.623	LB: 114.623	GB: 114.623	Conf: 0.349612	Pts: 139583
Global: 114.623 - Correct: 69% of 100 tests
Global Best: 
  Inner Net 1
  -- 1 : 1 = 0.507556
  -- 1 : 2 = 0.0290511
  -- 1 : 3 = 0.12716
  -- 1 : 4 = -0.205538
  -- 1 : 5 = 0.00575018
  -- 1 : 6 = 0.040113
  -- 1 : 7 = 0.0520535
  -- 1 : 8 = 0.30535
  -- 1 : 9 = 0.147783
  -- 2 : 1 = 0.283316
  -- 2 : 2 = -0.161152
  -- 2 : 3 = 0.0817222
  -- 2 : 4 = -0.357917
  -- 2 : 5 = 0.493978
  -- 2 : 6 = -0.227593
  -- 2 : 7 = 0.428522
  -- 2 : 8 = 0.0299963
  -- 2 : 9 = 0.243504
  -- 3 : 1 = 0.339995
  -- 3 : 2 = 0.0105798
  -- 3 : 3 = 0.0750502
  -- 3 : 4 = -0.110052
  -- 3 : 5 = -0.23553
  -- 3 : 6 = 0.0884173
  -- 3 : 7 = 0.151713
  -- 3 : 8 = -0.324676
  -- 3 : 9 = -0.201225
  -- 4 : 1 = 0.715654
  -- 4 : 2 = -0.0691452
  -- 4 : 3 = -0.161816
  -- 4 : 4 = -0.200649
  -- 4 : 5 = 0.214994
  -- 4 : 6 = -0.286392
  -- 4 : 7 = 0.2087
  -- 4 : 8 = -0.160404
  -- 4 : 9 = 0.395027
  -- 5 : 1 = 0.245255
  -- 5 : 2 = -0.0131117
  -- 5 : 3 = 0.0223768
  -- 5 : 4 = 0.438216
  -- 5 : 5 = -0.13273
  -- 5 : 6 = -0.132506
  -- 5 : 7 = -0.286339
  -- 5 : 8 = 0.381167
  -- 5 : 9 = -0.0320832
  -- 6 : 1 = 0.278723
  -- 6 : 2 = 0.138863
  -- 6 : 3 = 0.194515
  -- 6 : 4 = 0.203832
  -- 6 : 5 = -0.228446
  -- 6 : 6 = 0.0666075
  -- 6 : 7 = 0.110242
  -- 6 : 8 = 0.359864
  -- 6 : 9 = -0.0707432
  -- 7 : 1 = 0.0937271
  -- 7 : 2 = 0.440499
  -- 7 : 3 = -0.215129
  -- 7 : 4 = -0.145629
  -- 7 : 5 = -0.130075
  -- 7 : 6 = -0.0319881
  -- 7 : 7 = 0.194525
  -- 7 : 8 = -0.387856
  -- 7 : 9 = 0.00235956
  -- 8 : 1 = 0.118449
  -- 8 : 2 = 0.0333007
  -- 8 : 3 = -0.00436782
  -- 8 : 4 = 0.104617
  -- 8 : 5 = 0.43192
  -- 8 : 6 = -0.304501
  -- 8 : 7 = 0.00501491
  -- 8 : 8 = 0.0318256
  -- 8 : 9 = 0.191448
  -- 9 : 1 = 0.207962
  -- 9 : 2 = -0.200055
  -- 9 : 3 = -0.319983
  -- 9 : 4 = 0.270601
  -- 9 : 5 = -0.23644
  -- 9 : 6 = -0.169344
  -- 9 : 7 = 0.131223
  -- 9 : 8 = 0.107216
  -- 9 : 9 = 0.0961993
  -- 10 : 1 = 0.245855
  -- 10 : 2 = 0.00839933
  -- 10 : 3 = 0.087968
  -- 10 : 4 = -0.451572
  -- 10 : 5 = 0.0297784
  -- 10 : 6 = -0.162345
  -- 10 : 7 = -0.200934
  -- 10 : 8 = 0.141404
  -- 10 : 9 = -0.249646
  Inner Net 2
  -- 1 : 1 = 0.611534
  -- 1 : 2 = 0.00762691
  -- 2 : 1 = -0.521431
  -- 2 : 2 = -0.0213224
  -- 3 : 1 = -0.292334
  -- 3 : 2 = -0.396851
  -- 4 : 1 = 0.317918
  -- 4 : 2 = 0.104977
  -- 5 : 1 = 0.369888
  -- 5 : 2 = 0.00319789
  -- 6 : 1 = -0.217799
  -- 6 : 2 = -0.00236457
  -- 7 : 1 = -0.343961
  -- 7 : 2 = -0.251195
  -- 8 : 1 = -0.0416254
  -- 8 : 2 = 0.097435
  -- 9 : 1 = 0.378387
  -- 9 : 2 = 0.0832367
Out\Act	False		True
False	0.0813898	0.76059	0.84198
True	0.00428367	0.153736	0.15802
	0.0856735	0.914327
	Accuracy [ (tp + tn) / testSize ]: 0.235126
	Precision [ tp / (tp + fp) ]:      0.168054
	Sensitivity [ tp / (tp + fn) ]:    0.96997
	Specificity [ tn / (tn + fp) ]:    0.0966102
	F-Score [ 2tp / (2tp + fp + fn) ]: 0.286602
Particle (20):: Fit: 108.703	PB: 108.703	LB: 111.451	GB: 114.623	Conf: 0.852656	Pts: 79552
Particle (23):: Fit: 108.268	PB: 108.268	LB: 111.451	GB: 114.623	Conf: 0.689975	Pts: 74359
Particle (9):: Fit: 106.642	PB: 106.642	LB: 110.671	GB: 114.623	Conf: 0.946649	Pts: 74532
Particle (28):: Fit: 110.07	PB: 110.07	LB: 114.623	GB: 114.623	Conf: 0.590316	Pts: 94645
Particle (42):: Fit: 106.108	PB: 106.108	LB: 109.611	GB: 114.623	Conf: 0.746814	Pts: 64706
Particle (12):: Fit: 106.027	PB: 106.027	LB: 110.048	GB: 114.623	Conf: 0.272929	Pts: 119381
Particle (13):: Fit: 107.743	PB: 107.743	LB: 110.048	GB: 114.623	Conf: 0.809747	Pts: 99595
Particle (17):: Fit: 109.595	PB: 109.595	LB: 110.048	GB: 114.623	Conf: 0.52405	Pts: 74777
Particle (40):: Fit: 109.557	PB: 109.557	LB: 110.313	GB: 114.623	Conf: 0.75907	Pts: 64627
Particle (29):: Fit: 112.171	PB: 112.171	LB: 114.623	GB: 114.623	Conf: 0.895684	Pts: 104069
Particle (28):: Fit: 110.514	PB: 110.514	LB: 114.623	GB: 114.623	Conf: 0.743488	Pts: 94459
Particle (27):: Fit: 105.612	PB: 105.612	LB: 114.623	GB: 114.623	Conf: 0.395694	Pts: 54054
Particle (49):: Fit: 108.965	PB: 108.965	LB: 112.188	GB: 114.623	Conf: 0.139403	Pts: 49240
Particle (19):: Fit: 109.591	PB: 109.591	LB: 110.048	GB: 114.623	Conf: 0.537394	Pts: 94595
Particle (42):: Fit: 106.145	PB: 106.145	LB: 109.611	GB: 114.623	Conf: 0.751919	Pts: 64246
Particle (43):: Fit: 109.92	PB: 109.92	LB: 109.92	GB: 114.623	Conf: 0.418341	Pts: 108725
Particle (33):: Fit: 105.465	PB: 105.465	LB: 114.623	GB: 114.623	Conf: 0.608896	Pts: 109299
Particle (6):: Fit: 106.37	PB: 106.37	LB: 112.188	GB: 114.623	Conf: 0.865237	Pts: 63892
Particle (32):: Fit: 109.016	PB: 109.016	LB: 114.623	GB: 114.623	Conf: 0.541962	Pts: 54589
Particle (15):: Fit: 109.701	PB: 109.701	LB: 110.048	GB: 114.623	Conf: 0.899547	Pts: 58965
Particle (4):: Fit: 111.144	PB: 111.144	LB: 112.188	GB: 114.623	Conf: 0.676237	Pts: 143770
Particle (24):: Fit: 108.759	PB: 108.759	LB: 112.171	GB: 114.623	Conf: 0.824603	Pts: 78847
Particle (47):: Fit: 109.131	PB: 109.131	LB: 110.762	GB: 114.623	Conf: 0.393994	Pts: 98945
Particle (17):: Fit: 111.043	PB: 111.043	LB: 111.043	GB: 114.623	Conf: 0.575436	Pts: 114333
Particle (39):: Fit: 109.939	PB: 109.939	LB: 110.313	GB: 114.623	Conf: 0.629562	Pts: 73507
Particle (23):: Fit: 108.607	PB: 108.607	LB: 111.451	GB: 114.623	Conf: 0.606009	Pts: 73642
Particle (3):: Fit: 113.425	PB: 113.425	LB: 113.425	GB: 114.623	Conf: 0.340297	Pts: 213599
Particle (18):: Fit: 105.808	PB: 105.808	LB: 111.043	GB: 114.623	Conf: 0.678378	Pts: 68511
Particle (18):: Fit: 106.186	PB: 106.186	LB: 111.043	GB: 114.623	Conf: 0.593811	Pts: 68518
Particle (38):: Fit: 111.97	PB: 111.97	LB: 111.97	GB: 114.623	Conf: 0.337394	Pts: 163630
Particle (35):: Fit: 110.225	PB: 110.225	LB: 111.97	GB: 114.623	Conf: 0.178253	Pts: 179186
Particle (48):: Fit: 109.635	PB: 109.635	LB: 113.425	GB: 114.623	Conf: 0.386183	Pts: 233250
Particle (24):: Fit: 109.008	PB: 109.008	LB: 112.171	GB: 114.623	Conf: 0.819248	Pts: 78661
Particle (25):: Fit: 112.074	PB: 112.074	LB: 114.623	GB: 114.623	Conf: 0.670069	Pts: 193734
Global Best: 
  Inner Net 1
  -- 1 : 1 = 0.507556
  -- 1 : 2 = 0.0290511
  -- 1 : 3 = 0.12716
  -- 1 : 4 = -0.205538
  -- 1 : 5 = 0.00575018
  -- 1 : 6 = 0.040113
  -- 1 : 7 = 0.0520535
  -- 1 : 8 = 0.30535
  -- 1 : 9 = 0.147783
  -- 2 : 1 = 0.283316
  -- 2 : 2 = -0.161152
  -- 2 : 3 = 0.0817222
  -- 2 : 4 = -0.357917
  -- 2 : 5 = 0.493978
  -- 2 : 6 = -0.227593
  -- 2 : 7 = 0.428522
  -- 2 : 8 = 0.0299963
  -- 2 : 9 = 0.243504
  -- 3 : 1 = 0.339995
  -- 3 : 2 = 0.0105798
  -- 3 : 3 = 0.0750502
  -- 3 : 4 = -0.110052
  -- 3 : 5 = -0.23553
  -- 3 : 6 = 0.0884173
  -- 3 : 7 = 0.151713
  -- 3 : 8 = -0.324676
  -- 3 : 9 = -0.201225
  -- 4 : 1 = 0.715654
  -- 4 : 2 = -0.0691452
  -- 4 : 3 = -0.161816
  -- 4 : 4 = -0.200649
  -- 4 : 5 = 0.214994
  -- 4 : 6 = -0.286392
  -- 4 : 7 = 0.2087
  -- 4 : 8 = -0.160404
  -- 4 : 9 = 0.395027
  -- 5 : 1 = 0.245255
  -- 5 : 2 = -0.0131117
  -- 5 : 3 = 0.0223768
  -- 5 : 4 = 0.438216
  -- 5 : 5 = -0.13273
  -- 5 : 6 = -0.132506
  -- 5 : 7 = -0.286339
  -- 5 : 8 = 0.381167
  -- 5 : 9 = -0.0320832
  -- 6 : 1 = 0.278723
  -- 6 : 2 = 0.138863
  -- 6 : 3 = 0.194515
  -- 6 : 4 = 0.203832
  -- 6 : 5 = -0.228446
  -- 6 : 6 = 0.0666075
  -- 6 : 7 = 0.110242
  -- 6 : 8 = 0.359864
  -- 6 : 9 = -0.0707432
  -- 7 : 1 = 0.0937271
  -- 7 : 2 = 0.440499
  -- 7 : 3 = -0.215129
  -- 7 : 4 = -0.145629
  -- 7 : 5 = -0.130075
  -- 7 : 6 = -0.0319881
  -- 7 : 7 = 0.194525
  -- 7 : 8 = -0.387856
  -- 7 : 9 = 0.00235956
  -- 8 : 1 = 0.118449
  -- 8 : 2 = 0.0333007
  -- 8 : 3 = -0.00436782
  -- 8 : 4 = 0.104617
  -- 8 : 5 = 0.43192
  -- 8 : 6 = -0.304501
  -- 8 : 7 = 0.00501491
  -- 8 : 8 = 0.0318256
  -- 8 : 9 = 0.191448
  -- 9 : 1 = 0.207962
  -- 9 : 2 = -0.200055
  -- 9 : 3 = -0.319983
  -- 9 : 4 = 0.270601
  -- 9 : 5 = -0.23644
  -- 9 : 6 = -0.169344
  -- 9 : 7 = 0.131223
  -- 9 : 8 = 0.107216
  -- 9 : 9 = 0.0961993
  -- 10 : 1 = 0.245855
  -- 10 : 2 = 0.00839933
  -- 10 : 3 = 0.087968
  -- 10 : 4 = -0.451572
  -- 10 : 5 = 0.0297784
  -- 10 : 6 = -0.162345
  -- 10 : 7 = -0.200934
  -- 10 : 8 = 0.141404
  -- 10 : 9 = -0.249646
  Inner Net 2
  -- 1 : 1 = 0.611534
  -- 1 : 2 = 0.00762691
  -- 2 : 1 = -0.521431
  -- 2 : 2 = -0.0213224
  -- 3 : 1 = -0.292334
  -- 3 : 2 = -0.396851
  -- 4 : 1 = 0.317918
  -- 4 : 2 = 0.104977
  -- 5 : 1 = 0.369888
  -- 5 : 2 = 0.00319789
  -- 6 : 1 = -0.217799
  -- 6 : 2 = -0.00236457
  -- 7 : 1 = -0.343961
  -- 7 : 2 = -0.251195
  -- 8 : 1 = -0.0416254
  -- 8 : 2 = 0.097435
  -- 9 : 1 = 0.378387
  -- 9 : 2 = 0.0832367
Out\Act	False		True
False	0.0813898	0.76059	0.84198
True	0.00428367	0.153736	0.15802
	0.0856735	0.914327
	Accuracy [ (tp + tn) / testSize ]: 0.235126
	Precision [ tp / (tp + fp) ]:      0.168054
	Sensitivity [ tp / (tp + fn) ]:    0.96997
	Specificity [ tn / (tn + fp) ]:    0.0966102
	F-Score [ 2tp / (2tp + fp + fn) ]: 0.286602
