
Date / Time: Fri Mar 31 01:51:27 2017

   ****************************************
   * PSO Neural Net (Gaussian Activation) *
   *       by William Boler, BSCE         *
   *     Research Assistant, IUPUI        *
   *                                      *
   *  Professor: Dr. Lauren Christopher   *
   *     Created: March 13, 2017          *
   ****************************************


Inputs: 10
Inner Nets: 1
 - 9
Tests per train(min): 100
Particles: 50
Neighbors: 10
Minimum Particle Iterations: 1000
Particle (0):: Fit: 1.58223e-006	PB: 1.58223e-006	LB: 1.58223e-006	GB: 1.58223e-006	Conf: 1.84102	Pts: 110099
Particle (1):: Fit: 0.997572	PB: 0.997572	LB: 0.997572	GB: 0.997572	Conf: 1.7074	Pts: 110099
Particle (2):: Fit: 1.00756	PB: 1.00756	LB: 1.00756	GB: 1.00756	Conf: 1.98947	Pts: 110099
Particle (3):: Fit: 0.913194	PB: 0.913194	LB: 1.00756	GB: 1.00756	Conf: 1.96924	Pts: 55099
Particle (4):: Fit: 182.245	PB: 182.245	LB: 182.245	GB: 182.245	Conf: 0.799372	Pts: 110099
Particle (5):: Fit: 1.85703e-006	PB: 1.85703e-006	LB: 182.245	GB: 182.245	Conf: 1.61994	Pts: 55099
Particle (6):: Fit: 1.81584e-006	PB: 1.81584e-006	LB: 182.245	GB: 182.245	Conf: 2	Pts: 55099
Particle (7):: Fit: 0.928386	PB: 0.928386	LB: 182.245	GB: 182.245	Conf: 2	Pts: 65099
Particle (8):: Fit: 0.000336951	PB: 0.000336951	LB: 182.245	GB: 182.245	Conf: 1.8833	Pts: 55099
Particle (9):: Fit: 0.951003	PB: 0.951003	LB: 0.951003	GB: 182.245	Conf: 2	Pts: 75099
Particle (10):: Fit: 0.973567	PB: 0.973567	LB: 0.973567	GB: 182.245	Conf: 2	Pts: 80099
Particle (11):: Fit: 0.00305887	PB: 0.00305887	LB: 0.973567	GB: 182.245	Conf: 1.96613	Pts: 55099
Particle (12):: Fit: 1.70715e-006	PB: 1.70715e-006	LB: 0.973567	GB: 182.245	Conf: 1.94775	Pts: 55099
Particle (13):: Fit: 0.964644	PB: 0.964644	LB: 0.973567	GB: 182.245	Conf: 1.9041	Pts: 65099
Particle (14):: Fit: 0.985205	PB: 0.985205	LB: 0.985205	GB: 182.245	Conf: 1.84016	Pts: 100099
Particle (15):: Fit: 1.89049e-006	PB: 1.89049e-006	LB: 0.985205	GB: 182.245	Conf: 0.646587	Pts: 55099
Particle (16):: Fit: 166.706	PB: 166.706	LB: 166.706	GB: 182.245	Conf: 1.30092	Pts: 100099
Particle (17):: Fit: 2.00908e-009	PB: 2.00908e-009	LB: 166.706	GB: 182.245	Conf: 0.38558	Pts: 55099
Particle (18):: Fit: 1.81584e-006	PB: 1.81584e-006	LB: 166.706	GB: 182.245	Conf: 2	Pts: 60099
Particle (19):: Fit: 1.86325e-006	PB: 1.86325e-006	LB: 166.706	GB: 182.245	Conf: 2	Pts: 65099
Particle (20):: Fit: 1.79208e-006	PB: 1.79208e-006	LB: 166.706	GB: 182.245	Conf: 2	Pts: 55099
Particle (21):: Fit: 0.939701	PB: 0.939701	LB: 0.939701	GB: 182.245	Conf: 2	Pts: 75099
Particle (22):: Fit: 1.88772e-006	PB: 1.88772e-006	LB: 0.939701	GB: 182.245	Conf: 1.9774	Pts: 55099
Particle (23):: Fit: 1.79208e-006	PB: 1.79208e-006	LB: 0.939701	GB: 182.245	Conf: 2	Pts: 55099
Particle (24):: Fit: 0.967158	PB: 0.967158	LB: 0.967158	GB: 182.245	Conf: 0.744548	Pts: 90099
Particle (25):: Fit: 1.87149e-006	PB: 1.87149e-006	LB: 0.967158	GB: 182.245	Conf: 1.28707	Pts: 55099
Particle (26):: Fit: 0.967845	PB: 0.967845	LB: 0.967845	GB: 182.245	Conf: 1.10312	Pts: 100099
Particle (27):: Fit: 0.951173	PB: 0.951173	LB: 0.967845	GB: 182.245	Conf: 1.98504	Pts: 55099
Particle (28):: Fit: 1.74448e-006	PB: 1.74448e-006	LB: 0.967845	GB: 182.245	Conf: 2	Pts: 55099
Particle (29):: Fit: 0.996082	PB: 0.996082	LB: 0.996082	GB: 182.245	Conf: 2	Pts: 100099
Particle (30):: Fit: 1.88743e-006	PB: 1.88743e-006	LB: 0.996082	GB: 182.245	Conf: 1.94415	Pts: 55099
Particle (31):: Fit: 1.02984	PB: 1.02984	LB: 1.02984	GB: 182.245	Conf: 1.96797	Pts: 100099
Particle (32):: Fit: 0.934551	PB: 0.934551	LB: 1.02984	GB: 182.245	Conf: 1.98911	Pts: 55099
Particle (33):: Fit: 1.7683e-006	PB: 1.7683e-006	LB: 1.02984	GB: 182.245	Conf: 2	Pts: 55099
Particle (34):: Fit: 0.940273	PB: 0.940273	LB: 1.02984	GB: 182.245	Conf: 1.74211	Pts: 65099
Particle (35):: Fit: 1.55985e-006	PB: 1.55985e-006	LB: 1.02984	GB: 182.245	Conf: 1.68005	Pts: 55099
Particle (36):: Fit: 0.958259	PB: 0.958259	LB: 0.958259	GB: 182.245	Conf: 1.80076	Pts: 75099
Particle (37):: Fit: 1.80367e-006	PB: 1.80367e-006	LB: 0.958259	GB: 182.245	Conf: 1.985	Pts: 55099
Particle (38):: Fit: 1.7683e-006	PB: 1.7683e-006	LB: 0.958259	GB: 182.245	Conf: 2	Pts: 55099
Particle (39):: Fit: 128.841	PB: 128.841	LB: 128.841	GB: 182.245	Conf: 0.97795	Pts: 100099
Particle (40):: Fit: 2.01846e-009	PB: 2.01846e-009	LB: 128.841	GB: 182.245	Conf: 0.448085	Pts: 55099
Particle (41):: Fit: 1.35643e-006	PB: 1.35643e-006	LB: 128.841	GB: 182.245	Conf: 1.18701	Pts: 55099
Particle (42):: Fit: 0.000590423	PB: 0.000590423	LB: 128.841	GB: 182.245	Conf: 0.431551	Pts: 60099
Particle (43):: Fit: 1.00732	PB: 1.00732	LB: 128.841	GB: 182.245	Conf: 2	Pts: 65099
Particle (44):: Fit: 0.999646	PB: 0.999646	LB: 1.00732	GB: 182.245	Conf: 1.02998	Pts: 50099
Particle (45):: Fit: 1.01387	PB: 1.01387	LB: 1.01387	GB: 182.245	Conf: 1.81172	Pts: 75099
Particle (46):: Fit: 1.85023e-006	PB: 1.85023e-006	LB: 1.01387	GB: 182.245	Conf: 0.998357	Pts: 50099
Particle (47):: Fit: 1.74298e-006	PB: 1.74298e-006	LB: 1.01387	GB: 182.245	Conf: 1.97632	Pts: 50099
Particle (48):: Fit: 1.77965e-006	PB: 1.77965e-006	LB: 1.01387	GB: 182.245	Conf: 1.98314	Pts: 50099
Particle (49):: Fit: 0.973567	PB: 0.973567	LB: 182.245	GB: 182.245	Conf: 2	Pts: 50099
Global: 182.245 - Correct: 71% of 100 tests
Global Best: 
  Inner Net 1
  -- 1 : 1 = 0.5108
  -- 1 : 2 = 0.2209
  -- 1 : 3 = 0.2224
  -- 1 : 4 = 0.5331
  -- 1 : 5 = 0.7786
  -- 1 : 6 = 0.3489
  -- 1 : 7 = 0.6213
  -- 1 : 8 = 0.7187
  -- 1 : 9 = 0.8811
  -- 2 : 1 = 0.9041
  -- 2 : 2 = 0.5987
  -- 2 : 3 = 0.5949
  -- 2 : 4 = 0.1851
  -- 2 : 5 = 0.7068
  -- 2 : 6 = 0.2633
  -- 2 : 7 = 0.7653
  -- 2 : 8 = 0.3733
  -- 2 : 9 = 0.0665
  -- 3 : 1 = 0.6657
  -- 3 : 2 = 0.8859
  -- 3 : 3 = 0.8165
  -- 3 : 4 = 0.8304
  -- 3 : 5 = 0.9334
  -- 3 : 6 = 0.0995
  -- 3 : 7 = 0.0435
  -- 3 : 8 = 0.4749
  -- 3 : 9 = 0.1507
  -- 4 : 1 = 0.4197
  -- 4 : 2 = 0.6801
  -- 4 : 3 = 0.8034
  -- 4 : 4 = 0.5901
  -- 4 : 5 = 0.7253
  -- 4 : 6 = 0.1318
  -- 4 : 7 = 0.221
  -- 4 : 8 = 0.1075
  -- 4 : 9 = 0.0453
  -- 5 : 1 = 0.838
  -- 5 : 2 = 0.9147
  -- 5 : 3 = 0.0932
  -- 5 : 4 = 0.3306
  -- 5 : 5 = 0.2823
  -- 5 : 6 = 0.7427
  -- 5 : 7 = 0.5154
  -- 5 : 8 = 0.1165
  -- 5 : 9 = 0.9272
  -- 6 : 1 = 0.9463
  -- 6 : 2 = 0.5094
  -- 6 : 3 = 0.7986
  -- 6 : 4 = 0.8545
  -- 6 : 5 = 0.5936
  -- 6 : 6 = 0.8629
  -- 6 : 7 = 0.891
  -- 6 : 8 = 0.0041
  -- 6 : 9 = 0.9783
  -- 7 : 1 = 0.0369
  -- 7 : 2 = 0.898
  -- 7 : 3 = 0.4081
  -- 7 : 4 = 0.0057
  -- 7 : 5 = 0.8419
  -- 7 : 6 = 0.7873
  -- 7 : 7 = 0.3752
  -- 7 : 8 = 0.8798
  -- 7 : 9 = 0.2999
  -- 8 : 1 = 0.9977
  -- 8 : 2 = 0.8349
  -- 8 : 3 = 0.7559
  -- 8 : 4 = 0.1976
  -- 8 : 5 = 0.2817
  -- 8 : 6 = 0.7075
  -- 8 : 7 = 0.1031
  -- 8 : 8 = 0.4767
  -- 8 : 9 = 0.2991
  -- 9 : 1 = 0.2154
  -- 9 : 2 = 0.8868
  -- 9 : 3 = 0.519
  -- 9 : 4 = 0.0911
  -- 9 : 5 = 0.5707
  -- 9 : 6 = 0.7166
  -- 9 : 7 = 0.3057
  -- 9 : 8 = 0.2007
  -- 9 : 9 = 0.1092
  -- 10 : 1 = 0.3295
  -- 10 : 2 = 0.1839
  -- 10 : 3 = 0.2733
  -- 10 : 4 = 0.9205
  -- 10 : 5 = 0.125
  -- 10 : 6 = 0.31
  -- 10 : 7 = 0.1352
  -- 10 : 8 = 0.169
  -- 10 : 9 = 0.4441
  Inner Net 2
  -- 1 : 1 = -0.118334
  -- 1 : 2 = -0.0388
  -- 2 : 1 = 0.135282
  -- 2 : 2 = 0.3154
  -- 3 : 1 = 0.1228
  -- 3 : 2 = 0.3601
  -- 4 : 1 = 0.3655
  -- 4 : 2 = -0.194722
  -- 5 : 1 = 0.1632
  -- 5 : 2 = 0.4966
  -- 6 : 1 = 0.4431
  -- 6 : 2 = 0.2885
  -- 7 : 1 = -0.0658163
  -- 7 : 2 = -0.1085
  -- 8 : 1 = -0.0426856
  -- 8 : 2 = 0.3796
  -- 9 : 1 = -0.111545
  -- 9 : 2 = 0.3764
Out\Act	False		True
False	0.81009	0.0318896	0.84198
True	0.116611	0.0414089	0.15802
	0.926702	0.0732984
	Accuracy [ (tp + tn) / testSize ]: 0.851499
	Precision [ tp / (tp + fp) ]:      0.56129
	Sensitivity [ tp / (tp + fn) ]:    0.261261
	Specificity [ tn / (tn + fp) ]:    0.961582
	F-Score [ 2tp / (2tp + fp + fn) ]: 0.35729
Particle (0):: Fit: 0.941773	PB: 0.941773	LB: 182.245	GB: 182.245	Conf: 1.86766	Pts: 110198
Particle (2):: Fit: 1.04083	PB: 1.04083	LB: 182.245	GB: 182.245	Conf: 1.98564	Pts: 120198
Particle (3):: Fit: 1.00753	PB: 1.00753	LB: 182.245	GB: 182.245	Conf: 1.98618	Pts: 55198
Particle (6):: Fit: 0.962291	PB: 0.962291	LB: 182.245	GB: 182.245	Conf: 2	Pts: 55198
Particle (12):: Fit: 1.76996e-006	PB: 1.76996e-006	LB: 166.706	GB: 182.245	Conf: 1.9374	Pts: 55198
Particle (15):: Fit: 0.000557698	PB: 0.000557698	LB: 166.706	GB: 182.245	Conf: 0.739377	Pts: 55198
Particle (17):: Fit: 0.956108	PB: 0.956108	LB: 166.706	GB: 182.245	Conf: 0.452029	Pts: 55197
Particle (20):: Fit: 0.939701	PB: 0.939701	LB: 166.706	GB: 182.245	Conf: 2	Pts: 55198
Particle (21):: Fit: 0.996082	PB: 0.996082	LB: 0.996082	GB: 182.245	Conf: 2	Pts: 90198
Particle (23):: Fit: 0.973567	PB: 0.973567	LB: 0.996082	GB: 182.245	Conf: 2	Pts: 55198
Particle (25):: Fit: 0.003067	PB: 0.003067	LB: 0.996082	GB: 182.245	Conf: 1.16175	Pts: 55198
Particle (27):: Fit: 0.968928	PB: 0.968928	LB: 1.02984	GB: 182.245	Conf: 1.98333	Pts: 55198
Particle (28):: Fit: 1.83956e-006	PB: 1.83956e-006	LB: 1.02984	GB: 182.245	Conf: 2	Pts: 55198
Particle (30):: Fit: 0.957401	PB: 0.957401	LB: 1.02984	GB: 182.245	Conf: 1.81507	Pts: 55198
Particle (33):: Fit: 0.973567	PB: 0.973567	LB: 1.02984	GB: 182.245	Conf: 2	Pts: 55198
Particle (35):: Fit: 1.02407	PB: 1.02407	LB: 128.841	GB: 182.245	Conf: 1.52049	Pts: 55198
Particle (37):: Fit: 1.88691e-006	PB: 1.88691e-006	LB: 128.841	GB: 182.245	Conf: 2	Pts: 55198
Particle (40):: Fit: 1.74572e-006	PB: 1.74572e-006	LB: 128.841	GB: 182.245	Conf: 0.869594	Pts: 55198
Particle (41):: Fit: 0.988475	PB: 0.988475	LB: 128.841	GB: 182.245	Conf: 1.25767	Pts: 55198
Particle (42):: Fit: 0.000656425	PB: 0.000656425	LB: 128.841	GB: 182.245	Conf: 0.509224	Pts: 60198
Particle (43):: Fit: 1.02976	PB: 1.02976	LB: 128.841	GB: 182.245	Conf: 2	Pts: 80198
Particle (45):: Fit: 177.243	PB: 177.243	LB: 177.243	GB: 182.245	Conf: 1.82194	Pts: 120198
Particle (46):: Fit: 0.000646067	PB: 0.000646067	LB: 177.243	GB: 182.245	Conf: 0.626125	Pts: 50198
Particle (48):: Fit: 0.00314671	PB: 0.00314671	LB: 177.243	GB: 182.245	Conf: 1.96054	Pts: 50198
Particle (0):: Fit: 174.121	PB: 174.121	LB: 182.245	GB: 182.245	Conf: 1.88254	Pts: 110297
Particle (1):: Fit: 162.956	PB: 162.956	LB: 182.245	GB: 182.245	Conf: 1.71802	Pts: 110197
Particle (5):: Fit: 0.9521	PB: 0.9521	LB: 182.245	GB: 182.245	Conf: 1.41929	Pts: 55197
Particle (7):: Fit: 0.984831	PB: 0.984831	LB: 182.245	GB: 182.245	Conf: 2	Pts: 65197
Particle (8):: Fit: 0.961989	PB: 0.961989	LB: 182.245	GB: 182.245	Conf: 1.93381	Pts: 55197
Particle (13):: Fit: 0.966548	PB: 0.966548	LB: 166.706	GB: 182.245	Conf: 1.89411	Pts: 65197
Particle (20):: Fit: 0.962291	PB: 0.962291	LB: 166.706	GB: 182.245	Conf: 2	Pts: 55297
Particle (28):: Fit: 0.928386	PB: 0.928386	LB: 1.02984	GB: 182.245	Conf: 2	Pts: 55297
Particle (30):: Fit: 0.972012	PB: 0.972012	LB: 1.02984	GB: 182.245	Conf: 1.88222	Pts: 55297
Particle (34):: Fit: 0.964443	PB: 0.964443	LB: 128.841	GB: 182.245	Conf: 1.65826	Pts: 65197
Particle (37):: Fit: 0.984831	PB: 0.984831	LB: 128.841	GB: 182.245	Conf: 2	Pts: 55297
Particle (38):: Fit: 0.996082	PB: 0.996082	LB: 128.841	GB: 182.245	Conf: 2	Pts: 55197
Particle (40):: Fit: 0.967422	PB: 0.967422	LB: 177.243	GB: 182.245	Conf: 0.817654	Pts: 55297
Particle (47):: Fit: 174.585	PB: 174.585	LB: 177.243	GB: 182.245	Conf: 1.89928	Pts: 50197
Particle (5):: Fit: 1.00755	PB: 1.00755	LB: 182.245	GB: 182.245	Conf: 1.62115	Pts: 60296
Particle (12):: Fit: 0.928833	PB: 0.928833	LB: 166.706	GB: 182.245	Conf: 1.93319	Pts: 55296
Particle (18):: Fit: 1.83956e-006	PB: 1.83956e-006	LB: 166.706	GB: 182.245	Conf: 2	Pts: 60196
Particle (19):: Fit: 0.973567	PB: 0.973567	LB: 166.706	GB: 182.245	Conf: 2	Pts: 65196
Particle (29):: Fit: 1.00732	PB: 1.00732	LB: 1.02984	GB: 182.245	Conf: 2	Pts: 110196
Particle (32):: Fit: 0.962291	PB: 0.962291	LB: 1.02984	GB: 182.245	Conf: 2	Pts: 55196
Particle (42):: Fit: 0.943958	PB: 0.943958	LB: 177.243	GB: 182.245	Conf: 0.730918	Pts: 60295
Particle (46):: Fit: 0.226173	PB: 0.226173	LB: 177.243	GB: 182.245	Conf: 1.00078	Pts: 50296
Particle (48):: Fit: 0.946292	PB: 0.946292	LB: 177.243	GB: 182.245	Conf: 1.94273	Pts: 50296
Particle (10):: Fit: 0.980305	PB: 0.980305	LB: 0.985205	GB: 182.245	Conf: 1.98321	Pts: 80195
Particle (14):: Fit: 167.772	PB: 167.772	LB: 167.772	GB: 182.245	Conf: 1.90592	Pts: 150195
Particle (18):: Fit: 0.939701	PB: 0.939701	LB: 167.772	GB: 182.245	Conf: 2	Pts: 60295
Particle (28):: Fit: 0.996082	PB: 0.996082	LB: 1.02984	GB: 182.245	Conf: 2	Pts: 55395
Particle (30):: Fit: 1.03009	PB: 1.03009	LB: 1.03009	GB: 182.245	Conf: 1.87409	Pts: 100395
Particle (42):: Fit: 0.977963	PB: 0.977963	LB: 177.243	GB: 182.245	Conf: 0.846329	Pts: 60394
Particle (43):: Fit: 179.631	PB: 179.631	LB: 179.631	GB: 182.245	Conf: 1.98591	Pts: 130295
Particle (47):: Fit: 180.04	PB: 180.04	LB: 180.04	GB: 182.245	Conf: 1.73049	Pts: 85295
Particle (49):: Fit: 1.01855	PB: 1.01855	LB: 182.245	GB: 182.245	Conf: 2	Pts: 50195
Particle (6):: Fit: 0.973567	PB: 0.973567	LB: 182.245	GB: 182.245	Conf: 2	Pts: 55294
Particle (10):: Fit: 0.996082	PB: 0.996082	LB: 167.772	GB: 182.245	Conf: 2	Pts: 80294
Particle (15):: Fit: 0.975232	PB: 0.975232	LB: 167.772	GB: 182.245	Conf: 0.731368	Pts: 55294
Particle (22):: Fit: 0.951649	PB: 0.951649	LB: 0.996082	GB: 182.245	Conf: 1.96776	Pts: 55194
Particle (30):: Fit: 169.755	PB: 169.755	LB: 169.755	GB: 182.245	Conf: 1.89584	Pts: 150494
Particle (46):: Fit: 0.255059	PB: 0.255059	LB: 180.04	GB: 182.245	Conf: 0.908864	Pts: 50394
Particle (48):: Fit: 0.962291	PB: 0.962291	LB: 180.04	GB: 182.245	Conf: 2	Pts: 50394
Particle (1):: Fit: 166.759	PB: 166.759	LB: 182.245	GB: 182.245	Conf: 1.58998	Pts: 110293
Particle (7):: Fit: 1.00732	PB: 1.00732	LB: 182.245	GB: 182.245	Conf: 2	Pts: 65293
Particle (12):: Fit: 0.945986	PB: 0.945986	LB: 167.772	GB: 182.245	Conf: 1.98877	Pts: 55393
Particle (13):: Fit: 171.535	PB: 171.535	LB: 171.535	GB: 182.245	Conf: 1.93628	Pts: 110293
Particle (15):: Fit: 140.412	PB: 140.412	LB: 171.535	GB: 182.245	Conf: 0.561306	Pts: 55393
Particle (16):: Fit: 170.492	PB: 170.492	LB: 171.535	GB: 182.245	Conf: 1.18192	Pts: 115193
Particle (24):: Fit: 1.04677	PB: 1.04677	LB: 1.04677	GB: 182.245	Conf: 0.950565	Pts: 110192
Particle (27):: Fit: 0.973628	PB: 0.973628	LB: 169.755	GB: 182.245	Conf: 1.98064	Pts: 55293
Particle (42):: Fit: 1.00176	PB: 1.00176	LB: 180.04	GB: 182.245	Conf: 0.790905	Pts: 60492
Particle (49):: Fit: 1.05216	PB: 1.05216	LB: 182.245	GB: 182.245	Conf: 2	Pts: 50293
Particle (5):: Fit: 180.704	PB: 180.704	LB: 182.245	GB: 182.245	Conf: 1.33735	Pts: 65392
Particle (7):: Fit: 1.02976	PB: 1.02976	LB: 182.245	GB: 182.245	Conf: 2	Pts: 65392
Particle (12):: Fit: 0.971498	PB: 0.971498	LB: 171.535	GB: 182.245	Conf: 1.96369	Pts: 55492
Particle (13):: Fit: 178.009	PB: 178.009	LB: 178.009	GB: 182.245	Conf: 1.90342	Pts: 150392
Particle (20):: Fit: 0.984831	PB: 0.984831	LB: 170.492	GB: 182.245	Conf: 2	Pts: 55392
Particle (38):: Fit: 1.01855	PB: 1.01855	LB: 179.631	GB: 182.245	Conf: 2	Pts: 55292
Particle (41):: Fit: 1.01192	PB: 1.01192	LB: 179.631	GB: 182.245	Conf: 1.23932	Pts: 55292
Particle (9):: Fit: 0.962291	PB: 0.962291	LB: 180.704	GB: 182.245	Conf: 2	Pts: 75191
Particle (11):: Fit: 0.951572	PB: 0.951572	LB: 178.009	GB: 182.245	Conf: 1.95895	Pts: 55191
Particle (12):: Fit: 168.109	PB: 168.109	LB: 178.009	GB: 182.245	Conf: 1.98575	Pts: 55591
Particle (15):: Fit: 143.632	PB: 143.632	LB: 178.009	GB: 182.245	Conf: 0.92105	Pts: 55491
Particle (18):: Fit: 0.962291	PB: 0.962291	LB: 170.492	GB: 182.245	Conf: 2	Pts: 60391
Particle (35):: Fit: 176.668	PB: 176.668	LB: 176.668	GB: 182.245	Conf: 1.65822	Pts: 95291
Particle (19):: Fit: 0.984831	PB: 0.984831	LB: 170.492	GB: 182.245	Conf: 2	Pts: 65290
Particle (44):: Fit: 1.01389	PB: 1.01389	LB: 180.04	GB: 182.245	Conf: 0.577131	Pts: 50189
Particle (1):: Fit: 182.059	PB: 182.059	LB: 182.245	GB: 182.245	Conf: 1.70488	Pts: 125389
Particle (17):: Fit: 0.966423	PB: 0.966423	LB: 178.009	GB: 182.245	Conf: 0.246195	Pts: 55288
Particle (19):: Fit: 1.00732	PB: 1.00732	LB: 170.492	GB: 182.245	Conf: 2	Pts: 65389
Particle (40):: Fit: 1.01209	PB: 1.01209	LB: 179.631	GB: 182.245	Conf: 0.284712	Pts: 55385
Particle (6):: Fit: 1.04097	PB: 1.04097	LB: 182.245	GB: 182.245	Conf: 2	Pts: 55388
Particle (18):: Fit: 0.996082	PB: 0.996082	LB: 170.492	GB: 182.245	Conf: 2	Pts: 60488
Particle (25):: Fit: 1.02287	PB: 1.02287	LB: 169.755	GB: 182.245	Conf: 1.2994	Pts: 55288
Particle (26):: Fit: 140.575	PB: 140.575	LB: 169.755	GB: 182.245	Conf: 0.690791	Pts: 120187
Particle (33):: Fit: 1.00732	PB: 1.00732	LB: 176.668	GB: 182.245	Conf: 2	Pts: 55288
Particle (39):: Fit: 137.74	PB: 137.74	LB: 179.631	GB: 182.245	Conf: 0.451694	Pts: 100188
Particle (31):: Fit: 174.399	PB: 174.399	LB: 176.668	GB: 182.245	Conf: 1.92243	Pts: 120187
Particle (32):: Fit: 0.971845	PB: 0.971845	LB: 176.668	GB: 182.245	Conf: 1.95068	Pts: 55287
Particle (48):: Fit: 1.04097	PB: 1.04097	LB: 182.059	GB: 182.245	Conf: 2	Pts: 50487
Particle (23):: Fit: 0.996082	PB: 0.996082	LB: 140.575	GB: 182.245	Conf: 2	Pts: 55286
Particle (26):: Fit: 168.728	PB: 168.728	LB: 174.399	GB: 182.245	Conf: 1.17934	Pts: 140285
Particle (27):: Fit: 0.973869	PB: 0.973869	LB: 174.399	GB: 182.245	Conf: 1.96749	Pts: 55386
Particle (18):: Fit: 1.04097	PB: 1.04097	LB: 170.492	GB: 182.245	Conf: 2	Pts: 60585
Particle (27):: Fit: 1.02976	PB: 1.02976	LB: 174.399	GB: 182.245	Conf: 2	Pts: 55485
Particle (11):: Fit: 0.970629	PB: 0.970629	LB: 178.009	GB: 182.245	Conf: 1.8852	Pts: 55284
Particle (32):: Fit: 0.985037	PB: 0.985037	LB: 176.668	GB: 182.245	Conf: 1.98637	Pts: 55384
Particle (36):: Fit: 0.996912	PB: 0.996912	LB: 176.668	GB: 182.245	Conf: 1.65966	Pts: 75184
Particle (47):: Fit: 182.936	PB: 182.936	LB: 182.936	GB: 182.936	Conf: 1.76675	Pts: 145384
Global: 182.936 - Correct: 52% of 100 tests
Global Best: 
  Inner Net 1
  -- 1 : 1 = 0.48
  -- 1 : 2 = 0.9848
  -- 1 : 3 = 0.2053
  -- 1 : 4 = 0.1678
  -- 1 : 5 = 0.9443
  -- 1 : 6 = 0.1001
  -- 1 : 7 = 0.1704
  -- 1 : 8 = 0.8963
  -- 1 : 9 = 0.3421
  -- 2 : 1 = 0.7664
  -- 2 : 2 = 0.8435
  -- 2 : 3 = 0.0629
  -- 2 : 4 = 0.9121
  -- 2 : 5 = 0.7958
  -- 2 : 6 = 0.057
  -- 2 : 7 = 0.3862
  -- 2 : 8 = 0.8279
  -- 2 : 9 = 0.29
  -- 3 : 1 = 0.4641
  -- 3 : 2 = 0.9021
  -- 3 : 3 = 0.4655
  -- 3 : 4 = 0.7832
  -- 3 : 5 = 0.9263
  -- 3 : 6 = 0.7636
  -- 3 : 7 = 0.3
  -- 3 : 8 = 0.7032
  -- 3 : 9 = 0.8562
  -- 4 : 1 = 0.176
  -- 4 : 2 = 0.5152
  -- 4 : 3 = 0.6118
  -- 4 : 4 = 0.3748
  -- 4 : 5 = 0.6742
  -- 4 : 6 = 0.3004
  -- 4 : 7 = 0.0021
  -- 4 : 8 = 0.7357
  -- 4 : 9 = 0.1964
  -- 5 : 1 = 0.1498
  -- 5 : 2 = 0.7467
  -- 5 : 3 = 0.2152
  -- 5 : 4 = 0.9934
  -- 5 : 5 = 0.3701
  -- 5 : 6 = 0.172
  -- 5 : 7 = 0.1978
  -- 5 : 8 = 0.8451
  -- 5 : 9 = 0.3097
  -- 6 : 1 = 0.2534
  -- 6 : 2 = 0.0385
  -- 6 : 3 = 0.7567
  -- 6 : 4 = 0.9784
  -- 6 : 5 = 0.8001
  -- 6 : 6 = 0.9417
  -- 6 : 7 = 0.3033
  -- 6 : 8 = 0.2941
  -- 6 : 9 = 0.4456
  -- 7 : 1 = 0.3765
  -- 7 : 2 = 0.6704
  -- 7 : 3 = 0.1614
  -- 7 : 4 = 0.8213
  -- 7 : 5 = 0.542
  -- 7 : 6 = 0.4505
  -- 7 : 7 = 0.3159
  -- 7 : 8 = 0.1129
  -- 7 : 9 = 0.6369
  -- 8 : 1 = 0.6924
  -- 8 : 2 = 0.5477
  -- 8 : 3 = 0.1644
  -- 8 : 4 = 0.3223
  -- 8 : 5 = 0.6897
  -- 8 : 6 = 0.3823
  -- 8 : 7 = 0.0948
  -- 8 : 8 = 0.8085
  -- 8 : 9 = 0.2549
  -- 9 : 1 = 0.0924
  -- 9 : 2 = 0.2099
  -- 9 : 3 = 0.1703
  -- 9 : 4 = 0.0577
  -- 9 : 5 = 0.1153
  -- 9 : 6 = 0.1126
  -- 9 : 7 = 0.9382
  -- 9 : 8 = 0.3868
  -- 9 : 9 = 0.8154
  -- 10 : 1 = 0.9787
  -- 10 : 2 = 0.3993
  -- 10 : 3 = 0.5312
  -- 10 : 4 = 0.558
  -- 10 : 5 = 0.2707
  -- 10 : 6 = 0.3787
  -- 10 : 7 = 0.6939
  -- 10 : 8 = 0.6312
  -- 10 : 9 = 0.4089
  Inner Net 2
  -- 1 : 1 = -0.272817
  -- 1 : 2 = 0.116425
  -- 2 : 1 = -0.448303
  -- 2 : 2 = -0.158724
  -- 3 : 1 = -0.157028
  -- 3 : 2 = -0.177538
  -- 4 : 1 = 0.243994
  -- 4 : 2 = 0.055331
  -- 5 : 1 = -0.121524
  -- 5 : 2 = 0.357495
  -- 6 : 1 = 0.315417
  -- 6 : 2 = -0.0858195
  -- 7 : 1 = -0.062329
  -- 7 : 2 = -0.0585044
  -- 8 : 1 = 0.356882
  -- 8 : 2 = -0.175006
  -- 9 : 1 = 0.0197992
  -- 9 : 2 = -0.0553652
Out\Act	False		True
False	0.84198	0	0.84198
True	0.15802	0	0.15802
	1	0
	Accuracy [ (tp + tn) / testSize ]: 0.84198
	Precision [ tp / (tp + fp) ]:      0
	Sensitivity [ tp / (tp + fn) ]:    0
	Specificity [ tn / (tn + fp) ]:    0.999435
	F-Score [ 2tp / (2tp + fp + fn) ]: 0
Particle (5):: Fit: 183.771	PB: 183.771	LB: 183.771	GB: 183.771	Conf: 1.50832	Pts: 125483
Particle (9):: Fit: 0.984831	PB: 0.984831	LB: 183.771	GB: 183.771	Conf: 2	Pts: 75283
Particle (25):: Fit: 1.03574	PB: 1.03574	LB: 169.755	GB: 183.771	Conf: 1.25451	Pts: 55383
Global: 183.771 - Correct: 42% of 100 tests
Global Best: 
  Inner Net 1
  -- 1 : 1 = 0.0765
  -- 1 : 2 = 0.6152
  -- 1 : 3 = 0.7857
  -- 1 : 4 = 0.5597
  -- 1 : 5 = 0.4695
  -- 1 : 6 = 0.4814
  -- 1 : 7 = 0.1031
  -- 1 : 8 = 0.1522
  -- 1 : 9 = 0.9202
  -- 2 : 1 = 0.3036
  -- 2 : 2 = 0.5807
  -- 2 : 3 = 0.3157
  -- 2 : 4 = 0.0148
  -- 2 : 5 = 0.9267
  -- 2 : 6 = 0.8964
  -- 2 : 7 = 0.079
  -- 2 : 8 = 0.779
  -- 2 : 9 = 0.3437
  -- 3 : 1 = 0.9001
  -- 3 : 2 = 0.9998
  -- 3 : 3 = 0.2581
  -- 3 : 4 = 0.1344
  -- 3 : 5 = 0.2826
  -- 3 : 6 = 0.2276
  -- 3 : 7 = 0.6975
  -- 3 : 8 = 0.0548
  -- 3 : 9 = 0.1509
  -- 4 : 1 = 0.7428
  -- 4 : 2 = 0.768
  -- 4 : 3 = 0.7282
  -- 4 : 4 = 0.8761
  -- 4 : 5 = 0.0061
  -- 4 : 6 = 0.0022
  -- 4 : 7 = 0.235
  -- 4 : 8 = 0.0526
  -- 4 : 9 = 0.385
  -- 5 : 1 = 0.949
  -- 5 : 2 = 0.4438
  -- 5 : 3 = 0.4261
  -- 5 : 4 = 0.2067
  -- 5 : 5 = 0.2312
  -- 5 : 6 = 0.5419
  -- 5 : 7 = 0.2
  -- 5 : 8 = 0.3125
  -- 5 : 9 = 0.0392
  -- 6 : 1 = 0.0543
  -- 6 : 2 = 0.7477
  -- 6 : 3 = 0.4543
  -- 6 : 4 = 0.3262
  -- 6 : 5 = 0.5775
  -- 6 : 6 = 0.72
  -- 6 : 7 = 0.0254
  -- 6 : 8 = 0.1126
  -- 6 : 9 = 0.3204
  -- 7 : 1 = 0.8887
  -- 7 : 2 = 0.8491
  -- 7 : 3 = 0.5509
  -- 7 : 4 = 0.2581
  -- 7 : 5 = 0.3138
  -- 7 : 6 = 0.2404
  -- 7 : 7 = 0.682
  -- 7 : 8 = 0.1807
  -- 7 : 9 = 0.4954
  -- 8 : 1 = 0.1273
  -- 8 : 2 = 0.5022
  -- 8 : 3 = 0.6551
  -- 8 : 4 = 0.9024
  -- 8 : 5 = 0.8311
  -- 8 : 6 = 0.35
  -- 8 : 7 = 0.9055
  -- 8 : 8 = 0.0129
  -- 8 : 9 = 0.6762
  -- 9 : 1 = 0.5087
  -- 9 : 2 = 0.8007
  -- 9 : 3 = 0.1049
  -- 9 : 4 = 0.1966
  -- 9 : 5 = 0.6782
  -- 9 : 6 = 0.2758
  -- 9 : 7 = 0.9335
  -- 9 : 8 = 0.2375
  -- 9 : 9 = 0.2464
  -- 10 : 1 = 0.9018
  -- 10 : 2 = 0.0864
  -- 10 : 3 = 0.9138
  -- 10 : 4 = 0.2108
  -- 10 : 5 = 0.726
  -- 10 : 6 = 0.0918
  -- 10 : 7 = 0.1884
  -- 10 : 8 = 0.6799
  -- 10 : 9 = 0.1335
  Inner Net 2
  -- 1 : 1 = 0.160196
  -- 1 : 2 = 0.197234
  -- 2 : 1 = -0.00205521
  -- 2 : 2 = -0.369657
  -- 3 : 1 = -0.0200923
  -- 3 : 2 = -0.0798984
  -- 4 : 1 = 0.457365
  -- 4 : 2 = -0.276737
  -- 5 : 1 = 0.0482639
  -- 5 : 2 = 0.427368
  -- 6 : 1 = -0.246074
  -- 6 : 2 = 0.0551239
  -- 7 : 1 = -0.0674403
  -- 7 : 2 = 0.3997
  -- 8 : 1 = -0.233649
  -- 8 : 2 = 0.0686656
  -- 9 : 1 = -0.288824
  -- 9 : 2 = 0.146559
Out\Act	False		True
False	0.84198	0	0.84198
True	0.15802	0	0.15802
	1	0
	Accuracy [ (tp + tn) / testSize ]: 0.84198
	Precision [ tp / (tp + fp) ]:      0
	Sensitivity [ tp / (tp + fn) ]:    0
	Specificity [ tn / (tn + fp) ]:    0.999435
	F-Score [ 2tp / (2tp + fp + fn) ]: 0
Particle (32):: Fit: 0.998934	PB: 0.998934	LB: 176.668	GB: 183.771	Conf: 1.9623	Pts: 55482
Particle (38):: Fit: 1.04097	PB: 1.04097	LB: 179.631	GB: 183.771	Conf: 2	Pts: 55382
Particle (8):: Fit: 176.796	PB: 176.796	LB: 183.771	GB: 183.771	Conf: 1.96768	Pts: 55281
Particle (40):: Fit: 170.617	PB: 170.617	LB: 179.631	GB: 183.771	Conf: 0.933051	Pts: 55476
Particle (20):: Fit: 1.00732	PB: 1.00732	LB: 170.492	GB: 183.771	Conf: 2	Pts: 55480
Particle (0):: Fit: 186.421	PB: 186.421	LB: 186.421	GB: 186.421	Conf: 1.82413	Pts: 170379
Particle (21):: Fit: 1.02976	PB: 1.02976	LB: 168.728	GB: 186.421	Conf: 2	Pts: 90279
Particle (45):: Fit: 180.939	PB: 180.939	LB: 186.421	GB: 186.421	Conf: 1.85605	Pts: 130279
Global: 186.421 - Correct: 51% of 100 tests
Global Best: 
  Inner Net 1
  -- 1 : 1 = 0.1818
  -- 1 : 2 = 0.3443
  -- 1 : 3 = 0.2825
  -- 1 : 4 = 0.7286
  -- 1 : 5 = 0.9283
  -- 1 : 6 = 0.6081
  -- 1 : 7 = 0.6297
  -- 1 : 8 = 0.6041
  -- 1 : 9 = 0.6589
  -- 2 : 1 = 0.9111
  -- 2 : 2 = 0.1081
  -- 2 : 3 = 0.73
  -- 2 : 4 = 0.2416
  -- 2 : 5 = 0.5486
  -- 2 : 6 = 0.0943
  -- 2 : 7 = 0.0591
  -- 2 : 8 = 0.2247
  -- 2 : 9 = 0.2682
  -- 3 : 1 = 0.8256
  -- 3 : 2 = 0.4623
  -- 3 : 3 = 0.1454
  -- 3 : 4 = 0.0111
  -- 3 : 5 = 0.1167
  -- 3 : 6 = 0.1116
  -- 3 : 7 = 0.5103
  -- 3 : 8 = 0.1686
  -- 3 : 9 = 0.4688
  -- 4 : 1 = 0.6068
  -- 4 : 2 = 0.9533
  -- 4 : 3 = 0.1312
  -- 4 : 4 = 0.8098
  -- 4 : 5 = 0.3985
  -- 4 : 6 = 0.2304
  -- 4 : 7 = 0.8234
  -- 4 : 8 = 0.9372
  -- 4 : 9 = 0.0809
  -- 5 : 1 = 0.1283
  -- 5 : 2 = 0.9393
  -- 5 : 3 = 0.5207
  -- 5 : 4 = 0.9654
  -- 5 : 5 = 0.4986
  -- 5 : 6 = 0.5272
  -- 5 : 7 = 0.6284
  -- 5 : 8 = 0.9093
  -- 5 : 9 = 0.22
  -- 6 : 1 = 0.852
  -- 6 : 2 = 0.4016
  -- 6 : 3 = 0.8738
  -- 6 : 4 = 0.9584
  -- 6 : 5 = 0.6312
  -- 6 : 6 = 0.4573
  -- 6 : 7 = 0.3364
  -- 6 : 8 = 0.4218
  -- 6 : 9 = 0.2957
  -- 7 : 1 = 0.5379
  -- 7 : 2 = 0.434
  -- 7 : 3 = 0.5336
  -- 7 : 4 = 0.3715
  -- 7 : 5 = 0.9231
  -- 7 : 6 = 0.9012
  -- 7 : 7 = 0.5593
  -- 7 : 8 = 0.4636
  -- 7 : 9 = 0.8474
  -- 8 : 1 = 0.8462
  -- 8 : 2 = 0.1022
  -- 8 : 3 = 0.2777
  -- 8 : 4 = 0.5013
  -- 8 : 5 = 0.2618
  -- 8 : 6 = 0.2348
  -- 8 : 7 = 0.9287
  -- 8 : 8 = 0.2419
  -- 8 : 9 = 0.314
  -- 9 : 1 = 0.7265
  -- 9 : 2 = 0.8203
  -- 9 : 3 = 0.2537
  -- 9 : 4 = 0.0893
  -- 9 : 5 = 0.2506
  -- 9 : 6 = 0.773
  -- 9 : 7 = 0.2385
  -- 9 : 8 = 0.0593
  -- 9 : 9 = 0.762
  -- 10 : 1 = 0.9154
  -- 10 : 2 = 0.7621
  -- 10 : 3 = 0.1578
  -- 10 : 4 = 0.0194
  -- 10 : 5 = 0.2965
  -- 10 : 6 = 0.6634
  -- 10 : 7 = 0.5315
  -- 10 : 8 = 0.1839
  -- 10 : 9 = 0.3911
  Inner Net 2
  -- 1 : 1 = 0.244525
  -- 1 : 2 = 0.432559
  -- 2 : 1 = 0.0141763
  -- 2 : 2 = -0.0882622
  -- 3 : 1 = -0.251402
  -- 3 : 2 = 0.165674
  -- 4 : 1 = 0.503059
  -- 4 : 2 = -0.127879
  -- 5 : 1 = -0.0424876
  -- 5 : 2 = 0.386083
  -- 6 : 1 = -0.109853
  -- 6 : 2 = 0.187648
  -- 7 : 1 = -0.509029
  -- 7 : 2 = -0.174886
  -- 8 : 1 = 0.0341671
  -- 8 : 2 = -0.245592
  -- 9 : 1 = -0.446644
  -- 9 : 2 = 0.126934
Out\Act	False		True
False	0.826273	0.0157068	0.84198
True	0.133746	0.0242742	0.15802
	0.960019	0.039981
	Accuracy [ (tp + tn) / testSize ]: 0.850547
	Precision [ tp / (tp + fp) ]:      0.6
	Sensitivity [ tp / (tp + fn) ]:    0.153153
	Specificity [ tn / (tn + fp) ]:    0.980791
	F-Score [ 2tp / (2tp + fp + fn) ]: 0.244604
Particle (8):: Fit: 188.269	PB: 188.269	LB: 188.269	GB: 188.269	Conf: 1.89677	Pts: 115378
Particle (22):: Fit: 0.95743	PB: 0.95743	LB: 168.728	GB: 188.269	Conf: 1.98768	Pts: 55278
Global: 188.269 - Correct: 44% of 100 tests
Global Best: 
  Inner Net 1
  -- 1 : 1 = 0.4026
  -- 1 : 2 = 0.0616
  -- 1 : 3 = 0.0122
  -- 1 : 4 = 0.7701
  -- 1 : 5 = 0.8081
  -- 1 : 6 = 0.3139
  -- 1 : 7 = 0.6777
  -- 1 : 8 = 0.1893
  -- 1 : 9 = 0.4238
  -- 2 : 1 = 0.5323
  -- 2 : 2 = 0.8798
  -- 2 : 3 = 0.9158
  -- 2 : 4 = 0.4086
  -- 2 : 5 = 0.9339
  -- 2 : 6 = 0.2895
  -- 2 : 7 = 0.7303
  -- 2 : 8 = 0.4017
  -- 2 : 9 = 0.6191
  -- 3 : 1 = 0.9775
  -- 3 : 2 = 0.4371
  -- 3 : 3 = 0.1788
  -- 3 : 4 = 0.0562
  -- 3 : 5 = 0.0686
  -- 3 : 6 = 0.4344
  -- 3 : 7 = 0.2669
  -- 3 : 8 = 0.7089
  -- 3 : 9 = 0.7998
  -- 4 : 1 = 0.7179
  -- 4 : 2 = 0.0262
  -- 4 : 3 = 0.0756
  -- 4 : 4 = 0.4973
  -- 4 : 5 = 0.2537
  -- 4 : 6 = 0.1499
  -- 4 : 7 = 0.2334
  -- 4 : 8 = 0.2223
  -- 4 : 9 = 0.2785
  -- 5 : 1 = 0.6887
  -- 5 : 2 = 0.157
  -- 5 : 3 = 0.3723
  -- 5 : 4 = 0.9073
  -- 5 : 5 = 0.5052
  -- 5 : 6 = 0.1033
  -- 5 : 7 = 0.3258
  -- 5 : 8 = 0.3934
  -- 5 : 9 = 0.7129
  -- 6 : 1 = 0.4273
  -- 6 : 2 = 0.0763
  -- 6 : 3 = 0.1272
  -- 6 : 4 = 0.0497
  -- 6 : 5 = 0.7032
  -- 6 : 6 = 0.6699
  -- 6 : 7 = 0.9037
  -- 6 : 8 = 0.8634
  -- 6 : 9 = 0.5146
  -- 7 : 1 = 0.8979
  -- 7 : 2 = 0.2524
  -- 7 : 3 = 0.8131
  -- 7 : 4 = 0.4215
  -- 7 : 5 = 0.1058
  -- 7 : 6 = 0.7613
  -- 7 : 7 = 0.9194
  -- 7 : 8 = 0.2201
  -- 7 : 9 = 0.2924
  -- 8 : 1 = 0.9551
  -- 8 : 2 = 0.7884
  -- 8 : 3 = 0.0804
  -- 8 : 4 = 0.4227
  -- 8 : 5 = 0.661
  -- 8 : 6 = 0.0734
  -- 8 : 7 = 0.4926
  -- 8 : 8 = 0.4053
  -- 8 : 9 = 0.8231
  -- 9 : 1 = 0.3548
  -- 9 : 2 = 0.5617
  -- 9 : 3 = 0.7031
  -- 9 : 4 = 0.1269
  -- 9 : 5 = 0.208
  -- 9 : 6 = 0.1967
  -- 9 : 7 = 0.8753
  -- 9 : 8 = 0.9053
  -- 9 : 9 = 0.4709
  -- 10 : 1 = 0.3334
  -- 10 : 2 = 0.0649
  -- 10 : 3 = 0.5167
  -- 10 : 4 = 0.8364
  -- 10 : 5 = 0.6292
  -- 10 : 6 = 0.346
  -- 10 : 7 = 0.8366
  -- 10 : 8 = 0.6399
  -- 10 : 9 = 0.7244
  Inner Net 2
  -- 1 : 1 = 0.159574
  -- 1 : 2 = 0.0878805
  -- 2 : 1 = 0.361024
  -- 2 : 2 = -0.040153
  -- 3 : 1 = 0.327435
  -- 3 : 2 = 0.155455
  -- 4 : 1 = 0.663502
  -- 4 : 2 = 0.344011
  -- 5 : 1 = 0.263647
  -- 5 : 2 = -0.112452
  -- 6 : 1 = 0.277547
  -- 6 : 2 = -0.020705
  -- 7 : 1 = -0.363116
  -- 7 : 2 = -0.108628
  -- 8 : 1 = -0.483223
  -- 8 : 2 = -0.0969794
  -- 9 : 1 = -0.504751
  -- 9 : 2 = 0.194782
Out\Act	False		True
False	0.84198	0	0.84198
True	0.15802	0	0.15802
	1	0
	Accuracy [ (tp + tn) / testSize ]: 0.84198
	Precision [ tp / (tp + fp) ]:      0
	Sensitivity [ tp / (tp + fn) ]:    0
	Specificity [ tn / (tn + fp) ]:    0.999435
	F-Score [ 2tp / (2tp + fp + fn) ]: 0
Particle (22):: Fit: 0.964414	PB: 0.964414	LB: 168.728	GB: 188.269	Conf: 1.97095	Pts: 55377
Particle (23):: Fit: 1.02976	PB: 1.02976	LB: 168.728	GB: 188.269	Conf: 2	Pts: 55377
Particle (25):: Fit: 172.41	PB: 172.41	LB: 172.41	GB: 188.269	Conf: 1.11874	Pts: 85476
Particle (2):: Fit: 1.10797	PB: 1.10797	LB: 186.421	GB: 188.269	Conf: 2	Pts: 120275
Particle (28):: Fit: 1.00732	PB: 1.00732	LB: 174.399	GB: 188.269	Conf: 2	Pts: 55475
Particle (34):: Fit: 1.02219	PB: 1.02219	LB: 176.668	GB: 188.269	Conf: 1.8276	Pts: 65275
Particle (10):: Fit: 1.03001	PB: 1.03001	LB: 188.269	GB: 188.269	Conf: 1.98942	Pts: 80374
Particle (14):: Fit: 174.952	PB: 174.952	LB: 178.009	GB: 188.269	Conf: 1.87672	Pts: 155274
Particle (31):: Fit: 178.519	PB: 178.519	LB: 178.519	GB: 188.269	Conf: 1.97816	Pts: 170273
Particle (11):: Fit: 1.01766	PB: 1.01766	LB: 188.269	GB: 188.269	Conf: 1.90349	Pts: 55371
Particle (17):: Fit: 0.967642	PB: 0.967642	LB: 178.009	GB: 188.269	Conf: 0.638246	Pts: 55369
Particle (26):: Fit: 173.065	PB: 173.065	LB: 178.519	GB: 188.269	Conf: 1.20263	Pts: 165369
Particle (37):: Fit: 168.115	PB: 168.115	LB: 176.668	GB: 188.269	Conf: 1.98821	Pts: 55371
Particle (48):: Fit: 166.177	PB: 166.177	LB: 186.421	GB: 188.269	Conf: 1.98438	Pts: 50571
Particle (29):: Fit: 1.02976	PB: 1.02976	LB: 178.519	GB: 188.269	Conf: 2	Pts: 110269
Particle (1):: Fit: 183.578	PB: 183.578	LB: 186.421	GB: 188.269	Conf: 1.66521	Pts: 125468
Particle (2):: Fit: 176.56	PB: 176.56	LB: 186.421	GB: 188.269	Conf: 1.96619	Pts: 120368
Particle (9):: Fit: 1.00732	PB: 1.00732	LB: 188.269	GB: 188.269	Conf: 2	Pts: 75368
Particle (45):: Fit: 186.665	PB: 186.665	LB: 186.665	GB: 188.269	Conf: 1.7725	Pts: 180366
Particle (14):: Fit: 178.233	PB: 178.233	LB: 178.233	GB: 188.269	Conf: 1.89403	Pts: 185365
Particle (20):: Fit: 181.547	PB: 181.547	LB: 181.547	GB: 188.269	Conf: 1.98723	Pts: 105564
Particle (33):: Fit: 1.02976	PB: 1.02976	LB: 178.519	GB: 188.269	Conf: 2	Pts: 55364
Particle (32):: Fit: 1.03554	PB: 1.03554	LB: 178.519	GB: 188.269	Conf: 1.9704	Pts: 55563
Particle (20):: Fit: 192.987	PB: 192.987	LB: 192.987	GB: 192.987	Conf: 1.98981	Pts: 165662
Global: 192.987 - Correct: 36% of 100 tests
Global Best: 
  Inner Net 1
  -- 1 : 1 = 0.2137
  -- 1 : 2 = 0.6349
  -- 1 : 3 = 0.2395
  -- 1 : 4 = 0.41
  -- 1 : 5 = 0.8622
  -- 1 : 6 = 0.3954
  -- 1 : 7 = 0.6095
  -- 1 : 8 = 0.0535
  -- 1 : 9 = 0.0709
  -- 2 : 1 = 0.339
  -- 2 : 2 = 0.3851
  -- 2 : 3 = 0.1144
  -- 2 : 4 = 0.9361
  -- 2 : 5 = 0.0726
  -- 2 : 6 = 0.5434
  -- 2 : 7 = 0.5207
  -- 2 : 8 = 0.9047
  -- 2 : 9 = 0.2654
  -- 3 : 1 = 0.3473
  -- 3 : 2 = 0.1583
  -- 3 : 3 = 0.8864
  -- 3 : 4 = 0.3994
  -- 3 : 5 = 0.4631
  -- 3 : 6 = 0.6977
  -- 3 : 7 = 0.6096
  -- 3 : 8 = 0.2193
  -- 3 : 9 = 0.4613
  -- 4 : 1 = 0.5617
  -- 4 : 2 = 0.5317
  -- 4 : 3 = 0.4099
  -- 4 : 4 = 0.5834
  -- 4 : 5 = 0.6511
  -- 4 : 6 = 0.2833
  -- 4 : 7 = 0.782
  -- 4 : 8 = 0.1427
  -- 4 : 9 = 0.9816
  -- 5 : 1 = 0.9563
  -- 5 : 2 = 0.3257
  -- 5 : 3 = 0.5193
  -- 5 : 4 = 0.9102
  -- 5 : 5 = 0.2147
  -- 5 : 6 = 0.6715
  -- 5 : 7 = 0.3163
  -- 5 : 8 = 0.9349
  -- 5 : 9 = 0.0309
  -- 6 : 1 = 0.121
  -- 6 : 2 = 0.6542
  -- 6 : 3 = 0.1935
  -- 6 : 4 = 0.5968
  -- 6 : 5 = 0.2795
  -- 6 : 6 = 0.7233
  -- 6 : 7 = 0.1979
  -- 6 : 8 = 0.0872
  -- 6 : 9 = 0.6037
  -- 7 : 1 = 0.0022
  -- 7 : 2 = 0.3754
  -- 7 : 3 = 0.6104
  -- 7 : 4 = 0.9136
  -- 7 : 5 = 0.6158
  -- 7 : 6 = 0.2322
  -- 7 : 7 = 0.1948
  -- 7 : 8 = 0.9071
  -- 7 : 9 = 0.9492
  -- 8 : 1 = 0.3702
  -- 8 : 2 = 0.2333
  -- 8 : 3 = 0.1536
  -- 8 : 4 = 0.6061
  -- 8 : 5 = 0.7429
  -- 8 : 6 = 0.2718
  -- 8 : 7 = 0.2834
  -- 8 : 8 = 0.1038
  -- 8 : 9 = 0.6418
  -- 9 : 1 = 0.3128
  -- 9 : 2 = 0.2966
  -- 9 : 3 = 0.4575
  -- 9 : 4 = 0.9237
  -- 9 : 5 = 0.7969
  -- 9 : 6 = 0.5833
  -- 9 : 7 = 0.7503
  -- 9 : 8 = 0.4608
  -- 9 : 9 = 0.8545
  -- 10 : 1 = 0.5952
  -- 10 : 2 = 0.7528
  -- 10 : 3 = 0.6644
  -- 10 : 4 = 0.5064
  -- 10 : 5 = 0.5301
  -- 10 : 6 = 0.7332
  -- 10 : 7 = 0.5092
  -- 10 : 8 = 0.7002
  -- 10 : 9 = 0.3522
  Inner Net 2
  -- 1 : 1 = -0.238351
  -- 1 : 2 = 0.113392
  -- 2 : 1 = 0.163691
  -- 2 : 2 = -0.0600144
  -- 3 : 1 = 0.00860727
  -- 3 : 2 = 0.0102935
  -- 4 : 1 = 0.141743
  -- 4 : 2 = 0.155723
  -- 5 : 1 = -0.0592129
  -- 5 : 2 = 0.0161169
  -- 6 : 1 = -0.179399
  -- 6 : 2 = -0.418008
  -- 7 : 1 = 0.0102298
  -- 7 : 2 = -0.0955943
  -- 8 : 1 = -0.121628
  -- 8 : 2 = -0.00225492
  -- 9 : 1 = -0.155887
  -- 9 : 2 = 0.0825764
Out\Act	False		True
False	0.84198	0	0.84198
True	0.15802	0	0.15802
	1	0
	Accuracy [ (tp + tn) / testSize ]: 0.84198
	Precision [ tp / (tp + fp) ]:      0
	Sensitivity [ tp / (tp + fn) ]:    0
	Specificity [ tn / (tn + fp) ]:    0.999435
	F-Score [ 2tp / (2tp + fp + fn) ]: 0
Particle (17):: Fit: 0.976975	PB: 0.976975	LB: 192.987	GB: 192.987	Conf: 0.173917	Pts: 55458
Particle (18):: Fit: 1.10797	PB: 1.10797	LB: 192.987	GB: 192.987	Conf: 2	Pts: 60661
Particle (19):: Fit: 1.09683	PB: 1.09683	LB: 192.987	GB: 192.987	Conf: 2	Pts: 65461
Particle (22):: Fit: 1.01127	PB: 1.01127	LB: 192.987	GB: 192.987	Conf: 1.96756	Pts: 55461
Particle (26):: Fit: 173.478	PB: 173.478	LB: 178.519	GB: 192.987	Conf: 1.21695	Pts: 170459
Particle (34):: Fit: 1.02239	PB: 1.02239	LB: 178.519	GB: 192.987	Conf: 1.70181	Pts: 65360
Particle (7):: Fit: 1.04097	PB: 1.04097	LB: 188.269	GB: 192.987	Conf: 2	Pts: 65458
Particle (39):: Fit: 156.292	PB: 156.292	LB: 179.631	GB: 192.987	Conf: 0.821902	Pts: 100258
Particle (42):: Fit: 1.03505	PB: 1.03505	LB: 186.665	GB: 192.987	Conf: 0.24649	Pts: 60554
Particle (17):: Fit: 1.00252	PB: 1.00252	LB: 192.987	GB: 192.987	Conf: 0.561537	Pts: 55554
Particle (21):: Fit: 189.17	PB: 189.17	LB: 192.987	GB: 192.987	Conf: 1.98471	Pts: 95356
Particle (32):: Fit: 165.118	PB: 165.118	LB: 178.519	GB: 192.987	Conf: 1.9634	Pts: 55656
Particle (30):: Fit: 179.698	PB: 179.698	LB: 179.698	GB: 192.987	Conf: 1.89552	Pts: 195555
Particle (27):: Fit: 170.04	PB: 170.04	LB: 179.698	GB: 192.987	Conf: 1.98809	Pts: 55554
Particle (31):: Fit: 184.187	PB: 184.187	LB: 184.187	GB: 192.987	Conf: 1.94714	Pts: 220353
Particle (39):: Fit: 168.16	PB: 168.16	LB: 179.631	GB: 192.987	Conf: 0.585308	Pts: 100352
Particle (44):: Fit: 1.03734	PB: 1.03734	LB: 186.665	GB: 192.987	Conf: 0.619432	Pts: 50242
Particle (26):: Fit: 175.407	PB: 175.407	LB: 184.187	GB: 192.987	Conf: 1.11073	Pts: 170546
Particle (28):: Fit: 1.04097	PB: 1.04097	LB: 184.187	GB: 192.987	Conf: 2	Pts: 55549
Particle (11):: Fit: 165.105	PB: 165.105	LB: 188.269	GB: 192.987	Conf: 1.9699	Pts: 55448
Particle (17):: Fit: 1.01108	PB: 1.01108	LB: 192.987	GB: 192.987	Conf: 0.990183	Pts: 55645
Particle (8):: Fit: 191	PB: 191	LB: 191	GB: 192.987	Conf: 1.93053	Pts: 165447
Particle (26):: Fit: 179.873	PB: 179.873	LB: 184.187	GB: 192.987	Conf: 1.06627	Pts: 170644
Particle (3):: Fit: 168.082	PB: 168.082	LB: 191	GB: 192.987	Conf: 1.9803	Pts: 55243
Particle (8):: Fit: 191.476	PB: 191.476	LB: 191.476	GB: 192.987	Conf: 1.91455	Pts: 215543
Particle (13):: Fit: 181.739	PB: 181.739	LB: 181.739	GB: 192.987	Conf: 1.94723	Pts: 160442
Particle (17):: Fit: 1.02309	PB: 1.02309	LB: 192.987	GB: 192.987	Conf: 0.971285	Pts: 55739
Particle (38):: Fit: 1.05216	PB: 1.05216	LB: 179.631	GB: 192.987	Conf: 2	Pts: 55442
Particle (41):: Fit: 174.257	PB: 174.257	LB: 186.665	GB: 192.987	Conf: 1.22342	Pts: 55340
Particle (36):: Fit: 168.091	PB: 168.091	LB: 176.668	GB: 192.987	Conf: 1.76255	Pts: 75240
Particle (17):: Fit: 1.05856	PB: 1.05856	LB: 192.987	GB: 192.987	Conf: 0.942376	Pts: 55835
Particle (31):: Fit: 184.555	PB: 184.555	LB: 184.555	GB: 192.987	Conf: 1.96154	Pts: 270435
Particle (45):: Fit: 194.89	PB: 194.89	LB: 194.89	GB: 194.89	Conf: 1.88065	Pts: 240434
Global: 194.89 - Correct: 39% of 100 tests
Global Best: 
  Inner Net 1
  -- 1 : 1 = 0.133
  -- 1 : 2 = 0.3214
  -- 1 : 3 = 0.4723
  -- 1 : 4 = 0.5284
  -- 1 : 5 = 0.8835
  -- 1 : 6 = 0.167
  -- 1 : 7 = 0.2604
  -- 1 : 8 = 0.5385
  -- 1 : 9 = 0.1573
  -- 2 : 1 = 0.2582
  -- 2 : 2 = 0.2358
  -- 2 : 3 = 0.4304
  -- 2 : 4 = 0.0292
  -- 2 : 5 = 0.5037
  -- 2 : 6 = 0.0017
  -- 2 : 7 = 0.455
  -- 2 : 8 = 0.0776
  -- 2 : 9 = 0.0453
  -- 3 : 1 = 0.0967
  -- 3 : 2 = 0.8882
  -- 3 : 3 = 0.7337
  -- 3 : 4 = 0.6192
  -- 3 : 5 = 0.2603
  -- 3 : 6 = 0.2859
  -- 3 : 7 = 0.1814
  -- 3 : 8 = 0.9731
  -- 3 : 9 = 0.8031
  -- 4 : 1 = 0.3095
  -- 4 : 2 = 0.0968
  -- 4 : 3 = 0.2439
  -- 4 : 4 = 0.9672
  -- 4 : 5 = 0.8055
  -- 4 : 6 = 0.2274
  -- 4 : 7 = 0.1197
  -- 4 : 8 = 0.2566
  -- 4 : 9 = 0.6881
  -- 5 : 1 = 0.9772
  -- 5 : 2 = 0.0498
  -- 5 : 3 = 0.5326
  -- 5 : 4 = 0.3374
  -- 5 : 5 = 0.3521
  -- 5 : 6 = 0.602
  -- 5 : 7 = 0.3754
  -- 5 : 8 = 0.3558
  -- 5 : 9 = 0.1381
  -- 6 : 1 = 0.2132
  -- 6 : 2 = 0.9861
  -- 6 : 3 = 0.7336
  -- 6 : 4 = 0.4539
  -- 6 : 5 = 0.5132
  -- 6 : 6 = 0.8351
  -- 6 : 7 = 0.6351
  -- 6 : 8 = 0.5477
  -- 6 : 9 = 0.5571
  -- 7 : 1 = 0.8264
  -- 7 : 2 = 0.6561
  -- 7 : 3 = 0.0269
  -- 7 : 4 = 0.547
  -- 7 : 5 = 0.6426
  -- 7 : 6 = 0.1337
  -- 7 : 7 = 0.9604
  -- 7 : 8 = 0.1034
  -- 7 : 9 = 0.9191
  -- 8 : 1 = 0.0984
  -- 8 : 2 = 0.9802
  -- 8 : 3 = 0.2007
  -- 8 : 4 = 0.2501
  -- 8 : 5 = 0.2167
  -- 8 : 6 = 0.7597
  -- 8 : 7 = 0.3111
  -- 8 : 8 = 0.0583
  -- 8 : 9 = 0.3168
  -- 9 : 1 = 0.3973
  -- 9 : 2 = 0.4951
  -- 9 : 3 = 0.6719
  -- 9 : 4 = 0.843
  -- 9 : 5 = 0.2959
  -- 9 : 6 = 0.6173
  -- 9 : 7 = 0.0224
  -- 9 : 8 = 0.6178
  -- 9 : 9 = 0.3448
  -- 10 : 1 = 0.1043
  -- 10 : 2 = 0.3097
  -- 10 : 3 = 0.0264
  -- 10 : 4 = 0.8877
  -- 10 : 5 = 0.7715
  -- 10 : 6 = 0.9998
  -- 10 : 7 = 0.5545
  -- 10 : 8 = 0.7281
  -- 10 : 9 = 0.6804
  Inner Net 2
  -- 1 : 1 = -0.433497
  -- 1 : 2 = 0.0893458
  -- 2 : 1 = -0.0312037
  -- 2 : 2 = -0.26596
  -- 3 : 1 = -0.466331
  -- 3 : 2 = -0.102553
  -- 4 : 1 = -0.236991
  -- 4 : 2 = 0.246359
  -- 5 : 1 = 0.510169
  -- 5 : 2 = -0.0288269
  -- 6 : 1 = -0.287864
  -- 6 : 2 = -0.765965
  -- 7 : 1 = -0.0991825
  -- 7 : 2 = -0.101856
  -- 8 : 1 = -0.358342
  -- 8 : 2 = 0.150401
  -- 9 : 1 = -0.486028
  -- 9 : 2 = 0.225302
Out\Act	False		True
False	0.811994	0.0299857	0.84198
True	0.148501	0.00951928	0.15802
	0.960495	0.039505
	Accuracy [ (tp + tn) / testSize ]: 0.821514
	Precision [ tp / (tp + fp) ]:      0.238095
	Sensitivity [ tp / (tp + fn) ]:    0.0600601
	Specificity [ tn / (tn + fp) ]:    0.963842
	F-Score [ 2tp / (2tp + fp + fn) ]: 0.0961538
Particle (1):: Fit: 183.655	PB: 183.655	LB: 186.421	GB: 194.89	Conf: 1.70016	Pts: 125532
Particle (15):: Fit: 148.979	PB: 148.979	LB: 192.987	GB: 194.89	Conf: 0.961824	Pts: 55531
Particle (34):: Fit: 1.07527	PB: 1.07527	LB: 184.555	GB: 194.89	Conf: 1.54606	Pts: 65430
Particle (32):: Fit: 166.152	PB: 166.152	LB: 184.555	GB: 194.89	Conf: 1.98	Pts: 55730
Particle (5):: Fit: 183.913	PB: 183.913	LB: 191.476	GB: 194.89	Conf: 1.61255	Pts: 125529
Particle (26):: Fit: 188.64	PB: 188.64	LB: 188.64	GB: 194.89	Conf: 0.99638	Pts: 195726
Particle (46):: Fit: 0.969348	PB: 0.969348	LB: 194.89	GB: 194.89	Conf: 0.0152035	Pts: 50415
Particle (13):: Fit: 185.562	PB: 185.562	LB: 185.562	GB: 194.89	Conf: 1.95704	Pts: 170523
Particle (24):: Fit: 1.07119	PB: 1.07119	LB: 192.987	GB: 194.89	Conf: 0.846455	Pts: 110212
Particle (9):: Fit: 1.05216	PB: 1.05216	LB: 191.476	GB: 194.89	Conf: 2	Pts: 75421
Particle (40):: Fit: 176.707	PB: 176.707	LB: 194.89	GB: 194.89	Conf: 0.8112	Pts: 65508
Particle (22):: Fit: 1.04097	PB: 1.04097	LB: 192.987	GB: 194.89	Conf: 2	Pts: 55520
Particle (11):: Fit: 177.85	PB: 177.85	LB: 191.476	GB: 194.89	Conf: 1.937	Pts: 55519
Particle (39):: Fit: 168.627	PB: 168.627	LB: 179.631	GB: 194.89	Conf: 0.665234	Pts: 100416
Particle (32):: Fit: 192.983	PB: 192.983	LB: 192.983	GB: 194.89	Conf: 1.987	Pts: 105813
Particle (6):: Fit: 1.07452	PB: 1.07452	LB: 191.476	GB: 194.89	Conf: 2	Pts: 55403
Particle (7):: Fit: 1.10797	PB: 1.10797	LB: 191.476	GB: 194.89	Conf: 2	Pts: 65503
Particle (27):: Fit: 181.534	PB: 181.534	LB: 192.983	GB: 194.89	Conf: 1.98357	Pts: 55602
Particle (19):: Fit: 179.418	PB: 179.418	LB: 192.987	GB: 194.89	Conf: 0.492908	Pts: 65498
Particle (29):: Fit: 163.395	PB: 163.395	LB: 192.983	GB: 194.89	Conf: 0.725926	Pts: 110298
Particle (47):: Fit: 194.123	PB: 194.123	LB: 194.89	GB: 194.89	Conf: 0.627059	Pts: 155398
Particle (6):: Fit: 190.995	PB: 190.995	LB: 191.476	GB: 194.89	Conf: 0.702493	Pts: 60497
Particle (24):: Fit: 144.505	PB: 144.505	LB: 192.987	GB: 194.89	Conf: 0.539377	Pts: 110284
Particle (32):: Fit: 196.651	PB: 196.651	LB: 196.651	GB: 196.651	Conf: 0.205523	Pts: 165896
Particle (49):: Fit: 139.601	PB: 139.601	LB: 194.89	GB: 196.651	Conf: 0.857888	Pts: 50296
Global: 196.651 - Correct: 64% of 100 tests
Global Best: 
  Inner Net 1
  -- 1 : 1 = 0.457531
  -- 1 : 2 = 0.100487
  -- 1 : 3 = 0.25647
  -- 1 : 4 = 0.461965
  -- 1 : 5 = 0.15379
  -- 1 : 6 = 0.415516
  -- 1 : 7 = -1
  -- 1 : 8 = 0.434806
  -- 1 : 9 = 0.319625
  -- 2 : 1 = 0.511487
  -- 2 : 2 = 0.876838
  -- 2 : 3 = 0.2064
  -- 2 : 4 = -0.193645
  -- 2 : 5 = -0.148308
  -- 2 : 6 = -0.0990583
  -- 2 : 7 = 0.544193
  -- 2 : 8 = 0.25493
  -- 2 : 9 = 0.421884
  -- 3 : 1 = 0.0203968
  -- 3 : 2 = 0.406636
  -- 3 : 3 = 0.458775
  -- 3 : 4 = 0.676122
  -- 3 : 5 = 0.00234282
  -- 3 : 6 = 0.475402
  -- 3 : 7 = 0.36563
  -- 3 : 8 = 0.365743
  -- 3 : 9 = 0.0491765
  -- 4 : 1 = 0.626855
  -- 4 : 2 = 0.168114
  -- 4 : 3 = 0.0485713
  -- 4 : 4 = 0.0921398
  -- 4 : 5 = 0.174083
  -- 4 : 6 = -0.135488
  -- 4 : 7 = 0.0188491
  -- 4 : 8 = 0.4316
  -- 4 : 9 = -0.0220999
  -- 5 : 1 = 0.503264
  -- 5 : 2 = 0.0187129
  -- 5 : 3 = 0.168428
  -- 5 : 4 = 0.505003
  -- 5 : 5 = 0.2736
  -- 5 : 6 = 0.0737182
  -- 5 : 7 = 0.279309
  -- 5 : 8 = 0.093399
  -- 5 : 9 = 0.3092
  -- 6 : 1 = 0.0787662
  -- 6 : 2 = 0.17557
  -- 6 : 3 = 0.0134522
  -- 6 : 4 = -0.205034
  -- 6 : 5 = -0.129105
  -- 6 : 6 = 0.342563
  -- 6 : 7 = 0.138068
  -- 6 : 8 = 0.0538933
  -- 6 : 9 = 0.371803
  -- 7 : 1 = -0.1404
  -- 7 : 2 = 0.342668
  -- 7 : 3 = 0.282925
  -- 7 : 4 = -0.459505
  -- 7 : 5 = 0.683343
  -- 7 : 6 = 0.259878
  -- 7 : 7 = 0.546694
  -- 7 : 8 = 0.0873643
  -- 7 : 9 = 0.828336
  -- 8 : 1 = 0.142963
  -- 8 : 2 = 0.41863
  -- 8 : 3 = 0.822743
  -- 8 : 4 = 0.139592
  -- 8 : 5 = 0.0704597
  -- 8 : 6 = 0.1214
  -- 8 : 7 = 0.422291
  -- 8 : 8 = 0.440403
  -- 8 : 9 = 0.0154913
  -- 9 : 1 = -0.07951
  -- 9 : 2 = 0.390324
  -- 9 : 3 = 0.291936
  -- 9 : 4 = 0.00817972
  -- 9 : 5 = 0.476197
  -- 9 : 6 = 0.104477
  -- 9 : 7 = 0.53827
  -- 9 : 8 = 0.726192
  -- 9 : 9 = 0.445
  -- 10 : 1 = 0.175571
  -- 10 : 2 = 0.00466401
  -- 10 : 3 = 0.113917
  -- 10 : 4 = 0.705909
  -- 10 : 5 = 0.0313213
  -- 10 : 6 = -0.0517479
  -- 10 : 7 = 0.0447295
  -- 10 : 8 = 0.649121
  -- 10 : 9 = 0.4789
  Inner Net 2
  -- 1 : 1 = 0.273731
  -- 1 : 2 = -0.279585
  -- 2 : 1 = 0.460586
  -- 2 : 2 = -0.333212
  -- 3 : 1 = -0.199986
  -- 3 : 2 = -0.0873565
  -- 4 : 1 = -0.0842054
  -- 4 : 2 = -0.167034
  -- 5 : 1 = -0.121781
  -- 5 : 2 = 0.147357
  -- 6 : 1 = -0.288313
  -- 6 : 2 = -0.45154
  -- 7 : 1 = 0.111466
  -- 7 : 2 = 0.00308307
  -- 8 : 1 = -0.482599
  -- 8 : 2 = 0.198033
  -- 9 : 1 = 0.421031
  -- 9 : 2 = -0.164647
Out\Act	False		True
False	0.0504522	0.791528	0.84198
True	0.00237982	0.15564	0.15802
	0.052832	0.947168
	Accuracy [ (tp + tn) / testSize ]: 0.206092
	Precision [ tp / (tp + fp) ]:      0.164239
	Sensitivity [ tp / (tp + fn) ]:    0.981982
	Specificity [ tn / (tn + fp) ]:    0.059887
	F-Score [ 2tp / (2tp + fp + fn) ]: 0.281533
Particle (2):: Fit: 188.445	PB: 188.445	LB: 190.995	GB: 196.651	Conf: 0.63589	Pts: 120395
Particle (10):: Fit: 161.593	PB: 161.593	LB: 191.476	GB: 196.651	Conf: 0.509214	Pts: 80394
Particle (24):: Fit: 177.821	PB: 177.821	LB: 192.987	GB: 196.651	Conf: 0.638853	Pts: 110381
Particle (42):: Fit: 148.786	PB: 148.786	LB: 194.89	GB: 196.651	Conf: 0.382523	Pts: 60575
Particle (19):: Fit: 196.094	PB: 196.094	LB: 196.094	GB: 196.651	Conf: 0.6575	Pts: 115593
Particle (16):: Fit: 188.462	PB: 188.462	LB: 196.094	GB: 196.651	Conf: 0.842136	Pts: 120191
Particle (40):: Fit: 177.284	PB: 177.284	LB: 194.89	GB: 196.651	Conf: 0.422665	Pts: 70576
Particle (48):: Fit: 166.523	PB: 166.523	LB: 194.89	GB: 196.651	Conf: 0.143632	Pts: 50592
Particle (18):: Fit: 136.578	PB: 136.578	LB: 196.094	GB: 196.651	Conf: 0.643566	Pts: 60691
Particle (37):: Fit: 200.015	PB: 200.015	LB: 200.015	GB: 200.015	Conf: 0.841934	Pts: 115390
Global: 200.015 - Correct: 65% of 100 tests
Global Best: 
  Inner Net 1
  -- 1 : 1 = 0.356254
  -- 1 : 2 = 0.118426
  -- 1 : 3 = 0.135405
  -- 1 : 4 = 0.410294
  -- 1 : 5 = 0.0437823
  -- 1 : 6 = 0.723806
  -- 1 : 7 = -0.578402
  -- 1 : 8 = 0.457953
  -- 1 : 9 = 0.328552
  -- 2 : 1 = 0.537786
  -- 2 : 2 = -0.165665
  -- 2 : 3 = -0.0367786
  -- 2 : 4 = 0.0291612
  -- 2 : 5 = 0.435635
  -- 2 : 6 = -0.0681994
  -- 2 : 7 = -0.0640374
  -- 2 : 8 = -0.0183438
  -- 2 : 9 = -0.150326
  -- 3 : 1 = 0.838633
  -- 3 : 2 = 0.149882
  -- 3 : 3 = 0.691061
  -- 3 : 4 = 0.334444
  -- 3 : 5 = -1
  -- 3 : 6 = -0.0251543
  -- 3 : 7 = 0.146168
  -- 3 : 8 = 0.0627693
  -- 3 : 9 = -0.013902
  -- 4 : 1 = -0.120312
  -- 4 : 2 = 0.0353793
  -- 4 : 3 = 0.0685658
  -- 4 : 4 = 0.377467
  -- 4 : 5 = -0.0928461
  -- 4 : 6 = 0.399034
  -- 4 : 7 = -0.278678
  -- 4 : 8 = -0.090798
  -- 4 : 9 = -0.291981
  -- 5 : 1 = 0.580696
  -- 5 : 2 = -0.243569
  -- 5 : 3 = 0.117487
  -- 5 : 4 = 0.518719
  -- 5 : 5 = 0.0921114
  -- 5 : 6 = -1
  -- 5 : 7 = 0.431459
  -- 5 : 8 = 0.180761
  -- 5 : 9 = -0.115088
  -- 6 : 1 = 0.276146
  -- 6 : 2 = 0.158876
  -- 6 : 3 = -0.0353447
  -- 6 : 4 = -0.0784643
  -- 6 : 5 = 0.671252
  -- 6 : 6 = 0.29314
  -- 6 : 7 = 0.213769
  -- 6 : 8 = 0.35338
  -- 6 : 9 = 0.597783
  -- 7 : 1 = 0
  -- 7 : 2 = -0.16736
  -- 7 : 3 = 0.106806
  -- 7 : 4 = 0.435148
  -- 7 : 5 = 0.188254
  -- 7 : 6 = 0
  -- 7 : 7 = 0.239853
  -- 7 : 8 = -0.0560889
  -- 7 : 9 = 0.354009
  -- 8 : 1 = 0.63242
  -- 8 : 2 = 0.343163
  -- 8 : 3 = 0.277325
  -- 8 : 4 = 0.0932671
  -- 8 : 5 = -0.156706
  -- 8 : 6 = -0.0578205
  -- 8 : 7 = 0.5
  -- 8 : 8 = 0.348043
  -- 8 : 9 = 0.143338
  -- 9 : 1 = 0.668414
  -- 9 : 2 = 0.0876764
  -- 9 : 3 = 0.490721
  -- 9 : 4 = 0.0704543
  -- 9 : 5 = 0.714131
  -- 9 : 6 = 0.56832
  -- 9 : 7 = 0.0986462
  -- 9 : 8 = 0.36535
  -- 9 : 9 = 0.279684
  -- 10 : 1 = 0.414192
  -- 10 : 2 = 0.183017
  -- 10 : 3 = 0.278084
  -- 10 : 4 = 0.738591
  -- 10 : 5 = 0.364719
  -- 10 : 6 = 0.416714
  -- 10 : 7 = 0.960553
  -- 10 : 8 = 0.0731283
  -- 10 : 9 = 0.94158
  Inner Net 2
  -- 1 : 1 = -0.597288
  -- 1 : 2 = -0.286406
  -- 2 : 1 = -0.0692687
  -- 2 : 2 = 0.244434
  -- 3 : 1 = -0.0180134
  -- 3 : 2 = -0.0153803
  -- 4 : 1 = -0.495268
  -- 4 : 2 = 0.0969327
  -- 5 : 1 = 0.41594
  -- 5 : 2 = -0.0920181
  -- 6 : 1 = -0.533716
  -- 6 : 2 = -0.390173
  -- 7 : 1 = -0.0140107
  -- 7 : 2 = -0.138093
  -- 8 : 1 = -0.0305381
  -- 8 : 2 = 0.240517
  -- 9 : 1 = 0.5
  -- 9 : 2 = 0.148837
Out\Act	False		True
False	0.0452166	0.796763	0.84198
True	0.00142789	0.156592	0.15802
	0.0466445	0.953356
	Accuracy [ (tp + tn) / testSize ]: 0.201809
	Precision [ tp / (tp + fp) ]:      0.164172
	Sensitivity [ tp / (tp + fn) ]:    0.987988
	Specificity [ tn / (tn + fp) ]:    0.0536723
	F-Score [ 2tp / (2tp + fp + fn) ]: 0.281678
Particle (17):: Fit: 188.186	PB: 188.186	LB: 196.094	GB: 200.015	Conf: 0.46185	Pts: 55882
Particle (49):: Fit: 171.682	PB: 171.682	LB: 194.89	GB: 200.015	Conf: 0.505631	Pts: 50389
Particle (46):: Fit: 163.507	PB: 163.507	LB: 194.89	GB: 200.015	Conf: 0.725752	Pts: 50476
Particle (10):: Fit: 173.299	PB: 173.299	LB: 191.476	GB: 200.015	Conf: 0.495591	Pts: 80487
Particle (28):: Fit: 170.011	PB: 170.011	LB: 196.651	GB: 200.015	Conf: 0.421047	Pts: 55587
Particle (3):: Fit: 179.545	PB: 179.545	LB: 191.476	GB: 200.015	Conf: 0.939613	Pts: 55286
Particle (34):: Fit: 132.451	PB: 132.451	LB: 200.015	GB: 200.015	Conf: 0.425023	Pts: 65484
Particle (35):: Fit: 178.827	PB: 178.827	LB: 200.015	GB: 200.015	Conf: 0.711387	Pts: 95286
Particle (18):: Fit: 151.874	PB: 151.874	LB: 196.094	GB: 200.015	Conf: 0.68019	Pts: 60783
Particle (29):: Fit: 176.852	PB: 176.852	LB: 196.651	GB: 200.015	Conf: 0.682424	Pts: 110383
Particle (29):: Fit: 178.029	PB: 178.029	LB: 196.651	GB: 200.015	Conf: 0.60229	Pts: 110482
Particle (36):: Fit: 170.292	PB: 170.292	LB: 200.015	GB: 200.015	Conf: 0.514922	Pts: 75282
Particle (3):: Fit: 181.084	PB: 181.084	LB: 191.476	GB: 200.015	Conf: 0.893422	Pts: 55381
Particle (34):: Fit: 151.21	PB: 151.21	LB: 200.015	GB: 200.015	Conf: 0.42261	Pts: 65579
Particle (48):: Fit: 174.665	PB: 174.665	LB: 194.89	GB: 200.015	Conf: 0.311549	Pts: 50681
Particle (7):: Fit: 155.366	PB: 155.366	LB: 191.476	GB: 200.015	Conf: 0.333871	Pts: 65578
Particle (29):: Fit: 178.432	PB: 178.432	LB: 196.651	GB: 200.015	Conf: 0.90167	Pts: 110580
Particle (38):: Fit: 1.09959	PB: 1.09959	LB: 200.015	GB: 200.015	Conf: 0.366243	Pts: 55480
Particle (38):: Fit: 173.523	PB: 173.523	LB: 200.015	GB: 200.015	Conf: 0.497649	Pts: 55579
Particle (46):: Fit: 169.399	PB: 169.399	LB: 194.89	GB: 200.015	Conf: 0.356637	Pts: 50563
Particle (15):: Fit: 158.485	PB: 158.485	LB: 196.094	GB: 200.015	Conf: 0.393106	Pts: 55572
Particle (23):: Fit: 146.042	PB: 146.042	LB: 196.094	GB: 200.015	Conf: 0.388894	Pts: 55374
Particle (38):: Fit: 184.286	PB: 184.286	LB: 200.015	GB: 200.015	Conf: 0.64687	Pts: 55674
Particle (15):: Fit: 167.906	PB: 167.906	LB: 196.094	GB: 200.015	Conf: 0.388987	Pts: 55671
Particle (18):: Fit: 157.158	PB: 157.158	LB: 196.094	GB: 200.015	Conf: 0.71147	Pts: 60872
Particle (23):: Fit: 181.273	PB: 181.273	LB: 196.094	GB: 200.015	Conf: 0.68091	Pts: 55472
Particle (49):: Fit: 176.478	PB: 176.478	LB: 194.89	GB: 200.015	Conf: 0.725962	Pts: 50472
Particle (22):: Fit: 169.658	PB: 169.658	LB: 196.094	GB: 200.015	Conf: 0.113943	Pts: 55571
Particle (31):: Fit: 185.664	PB: 185.664	LB: 196.651	GB: 200.015	Conf: 0.598364	Pts: 270469
Particle (38):: Fit: 184.724	PB: 184.724	LB: 200.015	GB: 200.015	Conf: 0.628836	Pts: 55770
Particle (7):: Fit: 159.911	PB: 159.911	LB: 191.476	GB: 200.015	Conf: 0.58956	Pts: 65667
Particle (14):: Fit: 180.961	PB: 180.961	LB: 196.094	GB: 200.015	Conf: 0.412839	Pts: 185369
Particle (18):: Fit: 171.609	PB: 171.609	LB: 196.094	GB: 200.015	Conf: 0.568972	Pts: 60968
Particle (7):: Fit: 160.286	PB: 160.286	LB: 191.476	GB: 200.015	Conf: 0.68081	Pts: 65765
Particle (33):: Fit: 163.635	PB: 163.635	LB: 200.015	GB: 200.015	Conf: 0.786114	Pts: 55364
Particle (14):: Fit: 182.058	PB: 182.058	LB: 196.094	GB: 200.015	Conf: 0.366736	Pts: 185464
Particle (15):: Fit: 170.183	PB: 170.183	LB: 196.094	GB: 200.015	Conf: 0.437129	Pts: 55762
Particle (22):: Fit: 170.917	PB: 170.917	LB: 196.094	GB: 200.015	Conf: 0.594388	Pts: 55664
Particle (34):: Fit: 164.697	PB: 164.697	LB: 200.015	GB: 200.015	Conf: 0.552565	Pts: 65660
Particle (22):: Fit: 172.038	PB: 172.038	LB: 196.094	GB: 200.015	Conf: 0.528912	Pts: 55761
Particle (41):: Fit: 174.506	PB: 174.506	LB: 200.015	GB: 200.015	Conf: 0.788922	Pts: 55359
Particle (28):: Fit: 176.631	PB: 176.631	LB: 196.651	GB: 200.015	Conf: 0.328099	Pts: 55659
Particle (10):: Fit: 175.479	PB: 175.479	LB: 191.476	GB: 200.015	Conf: 0.479218	Pts: 80559
Particle (14):: Fit: 188.349	PB: 188.349	LB: 196.094	GB: 200.015	Conf: 0.470769	Pts: 185559
Particle (40):: Fit: 179.535	PB: 179.535	LB: 200.015	GB: 200.015	Conf: 0.654088	Pts: 70642
Particle (41):: Fit: 178.677	PB: 178.677	LB: 200.015	GB: 200.015	Conf: 0.386914	Pts: 55457
Particle (12):: Fit: 179.707	PB: 179.707	LB: 191.476	GB: 200.015	Conf: 0.618921	Pts: 55556
Particle (33):: Fit: 175.495	PB: 175.495	LB: 200.015	GB: 200.015	Conf: 0.519773	Pts: 55455
Particle (9):: Fit: 174.148	PB: 174.148	LB: 191.476	GB: 200.015	Conf: 0.678222	Pts: 75455
Particle (22):: Fit: 177.776	PB: 177.776	LB: 196.094	GB: 200.015	Conf: 0.325378	Pts: 55857
Particle (12):: Fit: 183.547	PB: 183.547	LB: 191.476	GB: 200.015	Conf: 0.230661	Pts: 55653
Particle (18):: Fit: 179.166	PB: 179.166	LB: 196.094	GB: 200.015	Conf: 0.668395	Pts: 61054
Particle (10):: Fit: 186.998	PB: 186.998	LB: 191.476	GB: 200.015	Conf: 0.176679	Pts: 80653
Particle (34):: Fit: 175.085	PB: 175.085	LB: 200.015	GB: 200.015	Conf: 0.532934	Pts: 65750
Particle (16):: Fit: 193.289	PB: 193.289	LB: 196.094	GB: 200.015	Conf: 0.807164	Pts: 135248
Particle (48):: Fit: 175.727	PB: 175.727	LB: 194.89	GB: 200.015	Conf: 0.305747	Pts: 50748
Particle (15):: Fit: 179.675	PB: 179.675	LB: 196.094	GB: 200.015	Conf: 0.35296	Pts: 55846
Particle (36):: Fit: 179.333	PB: 179.333	LB: 200.015	GB: 200.015	Conf: 0.502481	Pts: 75344
Particle (15):: Fit: 179.807	PB: 179.807	LB: 196.094	GB: 200.015	Conf: 0.375745	Pts: 55938
Particle (35):: Fit: 178.978	PB: 178.978	LB: 200.015	GB: 200.015	Conf: 0.0743897	Pts: 95337
Particle (44):: Fit: 175.152	PB: 175.152	LB: 194.89	GB: 200.015	Conf: 0.888814	Pts: 50217
Particle (9):: Fit: 174.913	PB: 174.913	LB: 191.476	GB: 200.015	Conf: 0.598404	Pts: 75532
Particle (36):: Fit: 182.264	PB: 182.264	LB: 200.015	GB: 200.015	Conf: 0.355638	Pts: 75434
Particle (42):: Fit: 166.743	PB: 166.743	LB: 194.89	GB: 200.015	Conf: 0.619946	Pts: 60613
Particle (49):: Fit: 178.463	PB: 178.463	LB: 194.89	GB: 200.015	Conf: 0.856094	Pts: 50533
Particle (22):: Fit: 177.994	PB: 177.994	LB: 196.094	GB: 200.015	Conf: 0.523285	Pts: 55930
Particle (35):: Fit: 186.657	PB: 186.657	LB: 200.015	GB: 200.015	Conf: 0.767984	Pts: 95430
Particle (7):: Fit: 180.521	PB: 180.521	LB: 191.476	GB: 200.015	Conf: 0.802099	Pts: 65827
Particle (46):: Fit: 169.449	PB: 169.449	LB: 194.89	GB: 200.015	Conf: 0.563153	Pts: 50617
Particle (42):: Fit: 179.369	PB: 179.369	LB: 194.89	GB: 200.015	Conf: 0.457308	Pts: 60706
Particle (18):: Fit: 181.67	PB: 181.67	LB: 196.094	GB: 200.015	Conf: 0.673125	Pts: 61126
Particle (28):: Fit: 180.599	PB: 180.599	LB: 196.651	GB: 200.015	Conf: 0.563628	Pts: 55721
Particle (28):: Fit: 187.205	PB: 187.205	LB: 196.651	GB: 200.015	Conf: 0.814089	Pts: 55818
Particle (5):: Fit: 190.413	PB: 190.413	LB: 191.476	GB: 200.015	Conf: 0.83781	Pts: 125517
Particle (46):: Fit: 178.729	PB: 178.729	LB: 194.89	GB: 200.015	Conf: 0.70051	Pts: 50705
Particle (3):: Fit: 185.454	PB: 185.454	LB: 191.476	GB: 200.015	Conf: 0.691711	Pts: 55416
Particle (22):: Fit: 189.254	PB: 189.254	LB: 196.094	GB: 200.015	Conf: 0.363913	Pts: 66013
Particle (29):: Fit: 178.881	PB: 178.881	LB: 196.651	GB: 200.015	Conf: 0.169924	Pts: 110608
Particle (35):: Fit: 190.101	PB: 190.101	LB: 200.015	GB: 200.015	Conf: 0.358887	Pts: 95509
Particle (48):: Fit: 188.815	PB: 188.815	LB: 194.89	GB: 200.015	Conf: 0.275325	Pts: 50804
Particle (7):: Fit: 183.811	PB: 183.811	LB: 191.476	GB: 200.015	Conf: 0.697878	Pts: 65902
Particle (33):: Fit: 179.727	PB: 179.727	LB: 200.015	GB: 200.015	Conf: 0.522668	Pts: 55498
Particle (14):: Fit: 189.648	PB: 189.648	LB: 196.094	GB: 200.015	Conf: 0.303956	Pts: 185600
Particle (44):: Fit: 178.296	PB: 178.296	LB: 194.89	GB: 200.015	Conf: 0.638813	Pts: 50281
Particle (49):: Fit: 184.271	PB: 184.271	LB: 194.89	GB: 200.015	Conf: 0.213622	Pts: 50600
Particle (34):: Fit: 178.223	PB: 178.223	LB: 200.015	GB: 200.015	Conf: 0.678181	Pts: 65788
Particle (46):: Fit: 180.12	PB: 180.12	LB: 194.89	GB: 200.015	Conf: 0.705277	Pts: 50775
Particle (11):: Fit: 177.861	PB: 177.861	LB: 193.289	GB: 200.015	Conf: 0.785324	Pts: 55481
Particle (27):: Fit: 190.662	PB: 190.662	LB: 196.651	GB: 200.015	Conf: 0.660242	Pts: 65579
Particle (39):: Fit: 168.941	PB: 168.941	LB: 200.015	GB: 200.015	Conf: 0.138709	Pts: 100368
Particle (15):: Fit: 181.096	PB: 181.096	LB: 196.094	GB: 200.015	Conf: 0.352875	Pts: 55974
Particle (23):: Fit: 182.127	PB: 182.127	LB: 196.094	GB: 200.015	Conf: 0.627603	Pts: 55471
Particle (46):: Fit: 188.896	PB: 188.896	LB: 194.89	GB: 200.015	Conf: 0.729814	Pts: 50854
Particle (18):: Fit: 184.655	PB: 184.655	LB: 196.094	GB: 200.015	Conf: 0.749501	Pts: 61162
Particle (31):: Fit: 198.047	PB: 198.047	LB: 198.047	GB: 200.015	Conf: 0.578024	Pts: 300457
Particle (30):: Fit: 182.952	PB: 182.952	LB: 198.047	GB: 200.015	Conf: 0.969075	Pts: 195455
Particle (25):: Fit: 179.037	PB: 179.037	LB: 190.662	GB: 200.015	Conf: 0.445388	Pts: 85337
Particle (6):: Fit: 196.3	PB: 196.3	LB: 196.3	GB: 200.015	Conf: 0.748613	Pts: 110448
Particle (39):: Fit: 177.369	PB: 177.369	LB: 200.015	GB: 200.015	Conf: 0.140012	Pts: 100433
Particle (28):: Fit: 198.907	PB: 198.907	LB: 198.907	GB: 200.015	Conf: 0.376985	Pts: 100838
Particle (0):: Fit: 189.242	PB: 189.242	LB: 194.123	GB: 200.015	Conf: 1.67571	Pts: 170235
Particle (48):: Fit: 191.6	PB: 191.6	LB: 194.89	GB: 200.015	Conf: 0.415477	Pts: 50832
Particle (10):: Fit: 188.192	PB: 188.192	LB: 196.3	GB: 200.015	Conf: 0.605272	Pts: 80627
Particle (34):: Fit: 184.312	PB: 184.312	LB: 200.015	GB: 200.015	Conf: 0.55569	Pts: 65828
Particle (2):: Fit: 189.776	PB: 189.776	LB: 196.3	GB: 200.015	Conf: 0.280879	Pts: 120329
Particle (29):: Fit: 184.252	PB: 184.252	LB: 198.907	GB: 200.015	Conf: 0.689613	Pts: 110626
Particle (15):: Fit: 183.882	PB: 183.882	LB: 196.094	GB: 200.015	Conf: 0.422175	Pts: 56016
Particle (19):: Fit: 203.143	PB: 203.143	LB: 203.143	GB: 203.143	Conf: 0.662956	Pts: 175520
Global: 203.143 - Correct: 75% of 100 tests
Global Best: 
  Inner Net 1
  -- 1 : 1 = 0.352232
  -- 1 : 2 = 0.327237
  -- 1 : 3 = -0.0423495
  -- 1 : 4 = 0.183589
  -- 1 : 5 = -0.0758489
  -- 1 : 6 = 0.115723
  -- 1 : 7 = -0.111765
  -- 1 : 8 = 0.58616
  -- 1 : 9 = -0.0955124
  -- 2 : 1 = -0.140428
  -- 2 : 2 = -0.0439992
  -- 2 : 3 = 0.286499
  -- 2 : 4 = 0.168183
  -- 2 : 5 = 0.312822
  -- 2 : 6 = 0.303855
  -- 2 : 7 = 0.391553
  -- 2 : 8 = 0.126298
  -- 2 : 9 = 0.0158276
  -- 3 : 1 = 0.473825
  -- 3 : 2 = -0.21232
  -- 3 : 3 = -0.0318419
  -- 3 : 4 = 0.05878
  -- 3 : 5 = -0.160751
  -- 3 : 6 = 0.148829
  -- 3 : 7 = 0.501513
  -- 3 : 8 = -0.0321696
  -- 3 : 9 = 0.0384555
  -- 4 : 1 = 0.170699
  -- 4 : 2 = 0.00531049
  -- 4 : 3 = 0.23445
  -- 4 : 4 = 0.341976
  -- 4 : 5 = -0.0916166
  -- 4 : 6 = -0.149373
  -- 4 : 7 = 0.0596963
  -- 4 : 8 = -0.101545
  -- 4 : 9 = 0.0830482
  -- 5 : 1 = 0
  -- 5 : 2 = -0.19326
  -- 5 : 3 = 0.487345
  -- 5 : 4 = 0.181869
  -- 5 : 5 = 0.0313748
  -- 5 : 6 = 0.0315116
  -- 5 : 7 = 0.00990387
  -- 5 : 8 = 0.124111
  -- 5 : 9 = -0.0656445
  -- 6 : 1 = 0.228185
  -- 6 : 2 = 0.411811
  -- 6 : 3 = -0.198906
  -- 6 : 4 = -0.179597
  -- 6 : 5 = 0.214512
  -- 6 : 6 = 0.531602
  -- 6 : 7 = 0.33582
  -- 6 : 8 = 0.125447
  -- 6 : 9 = -0.0112868
  -- 7 : 1 = -0.0800297
  -- 7 : 2 = -0.154807
  -- 7 : 3 = 0.609224
  -- 7 : 4 = 0.388703
  -- 7 : 5 = -0.0958479
  -- 7 : 6 = 0.0261108
  -- 7 : 7 = -0.18619
  -- 7 : 8 = 0.0479641
  -- 7 : 9 = 0.0707962
  -- 8 : 1 = 0.533306
  -- 8 : 2 = 0.248606
  -- 8 : 3 = 0.0341629
  -- 8 : 4 = -0.0440293
  -- 8 : 5 = -0.121801
  -- 8 : 6 = -0.0120139
  -- 8 : 7 = -0.0538676
  -- 8 : 8 = 0.0692105
  -- 8 : 9 = 0.0260187
  -- 9 : 1 = -0.133866
  -- 9 : 2 = -0.195209
  -- 9 : 3 = 0.406739
  -- 9 : 4 = 0.168069
  -- 9 : 5 = 0.560487
  -- 9 : 6 = -0.0905789
  -- 9 : 7 = 0.0107498
  -- 9 : 8 = -0.0971844
  -- 9 : 9 = 0.256841
  -- 10 : 1 = 0.331676
  -- 10 : 2 = 0.119519
  -- 10 : 3 = 0.173775
  -- 10 : 4 = 0.121701
  -- 10 : 5 = 0.0602634
  -- 10 : 6 = -0.140356
  -- 10 : 7 = 0.733206
  -- 10 : 8 = -0.129407
  -- 10 : 9 = 0.100371
  Inner Net 2
  -- 1 : 1 = -0.594275
  -- 1 : 2 = -0.159778
  -- 2 : 1 = 0.458703
  -- 2 : 2 = 0.0103445
  -- 3 : 1 = 0.0371941
  -- 3 : 2 = -0.231982
  -- 4 : 1 = 0.0759487
  -- 4 : 2 = 0.213879
  -- 5 : 1 = 0.0818126
  -- 5 : 2 = -0.218222
  -- 6 : 1 = -0.164963
  -- 6 : 2 = -0.450602
  -- 7 : 1 = -0.0659737
  -- 7 : 2 = -0.317828
  -- 8 : 1 = -0.0574266
  -- 8 : 2 = 0.0791296
  -- 9 : 1 = -0.0717712
  -- 9 : 2 = -0.005874
Out\Act	False		True
False	0.539743	0.302237	0.84198
True	0.0618753	0.0961447	0.15802
	0.601618	0.398382
	Accuracy [ (tp + tn) / testSize ]: 0.635888
	Precision [ tp / (tp + fp) ]:      0.24105
	Sensitivity [ tp / (tp + fn) ]:    0.606607
	Specificity [ tn / (tn + fp) ]:    0.640678
	F-Score [ 2tp / (2tp + fp + fn) ]: 0.345299
Particle (41):: Fit: 182.851	PB: 182.851	LB: 200.015	GB: 203.143	Conf: 0.58317	Pts: 55417
Particle (17):: Fit: 189.914	PB: 189.914	LB: 203.143	GB: 203.143	Conf: 0.426347	Pts: 55805
Particle (23):: Fit: 188.46	PB: 188.46	LB: 203.143	GB: 203.143	Conf: 0.524538	Pts: 55514
Particle (31):: Fit: 206.138	PB: 206.138	LB: 206.138	GB: 206.138	Conf: 0.434087	Pts: 360506
Global: 206.138 - Correct: 68% of 100 tests
Global Best: 
  Inner Net 1
  -- 1 : 1 = 0.198917
  -- 1 : 2 = 0.00559025
  -- 1 : 3 = 0.287212
  -- 1 : 4 = 0.509635
  -- 1 : 5 = 0.240257
  -- 1 : 6 = 0.282243
  -- 1 : 7 = -0.0705387
  -- 1 : 8 = 0.0568258
  -- 1 : 9 = -0.163508
  -- 2 : 1 = 0.428101
  -- 2 : 2 = 0.0703637
  -- 2 : 3 = -0.195077
  -- 2 : 4 = 0.130314
  -- 2 : 5 = 0.0215781
  -- 2 : 6 = -0.184845
  -- 2 : 7 = -0.0896871
  -- 2 : 8 = 0.0291552
  -- 2 : 9 = -0.0117001
  -- 3 : 1 = 0.681449
  -- 3 : 2 = -0.290806
  -- 3 : 3 = 0.168777
  -- 3 : 4 = 0.0452681
  -- 3 : 5 = -0.00921651
  -- 3 : 6 = -0.152455
  -- 3 : 7 = 0.138916
  -- 3 : 8 = 0.0753902
  -- 3 : 9 = -0.101423
  -- 4 : 1 = -0.298549
  -- 4 : 2 = -0.305008
  -- 4 : 3 = 0.116717
  -- 4 : 4 = 0.806825
  -- 4 : 5 = -0.168523
  -- 4 : 6 = -0.303852
  -- 4 : 7 = -0.0888526
  -- 4 : 8 = 0.121094
  -- 4 : 9 = 0.0254256
  -- 5 : 1 = 0.557703
  -- 5 : 2 = -0.00435606
  -- 5 : 3 = -0.0041059
  -- 5 : 4 = 0.816825
  -- 5 : 5 = -0.0503369
  -- 5 : 6 = -0.0434215
  -- 5 : 7 = -0.38591
  -- 5 : 8 = 0.108401
  -- 5 : 9 = 0.45762
  -- 6 : 1 = 0.27479
  -- 6 : 2 = -0.0916445
  -- 6 : 3 = 0.124454
  -- 6 : 4 = 0.0816135
  -- 6 : 5 = 0.724538
  -- 6 : 6 = -0.310508
  -- 6 : 7 = 0.0665628
  -- 6 : 8 = -0.020276
  -- 6 : 9 = 0.160745
  -- 7 : 1 = 0.786619
  -- 7 : 2 = 0.0285545
  -- 7 : 3 = 0.0697116
  -- 7 : 4 = 0.261779
  -- 7 : 5 = 0.105923
  -- 7 : 6 = 0.0682942
  -- 7 : 7 = -0.140886
  -- 7 : 8 = 0.474029
  -- 7 : 9 = 0.61542
  -- 8 : 1 = 0.360747
  -- 8 : 2 = 0.112317
  -- 8 : 3 = -0.0474763
  -- 8 : 4 = 0.246396
  -- 8 : 5 = -0.191302
  -- 8 : 6 = 0.326737
  -- 8 : 7 = 0.273666
  -- 8 : 8 = -0.0607803
  -- 8 : 9 = -0.198701
  -- 9 : 1 = -0.669955
  -- 9 : 2 = 0.00612087
  -- 9 : 3 = 0.0907075
  -- 9 : 4 = 0.0637887
  -- 9 : 5 = 0.225575
  -- 9 : 6 = -0.274686
  -- 9 : 7 = 0.110567
  -- 9 : 8 = 0.0901303
  -- 9 : 9 = 0.321796
  -- 10 : 1 = 0.659822
  -- 10 : 2 = -0.0771908
  -- 10 : 3 = -0.0106924
  -- 10 : 4 = 0.174822
  -- 10 : 5 = 0.22154
  -- 10 : 6 = -0.0677406
  -- 10 : 7 = 0.0969372
  -- 10 : 8 = -0.204064
  -- 10 : 9 = 0.150693
  Inner Net 2
  -- 1 : 1 = 0.351445
  -- 1 : 2 = -0.342066
  -- 2 : 1 = 0.724224
  -- 2 : 2 = -0.12235
  -- 3 : 1 = -0.451263
  -- 3 : 2 = -0.000468811
  -- 4 : 1 = -0.478493
  -- 4 : 2 = -0.246799
  -- 5 : 1 = -0.54452
  -- 5 : 2 = -0.171605
  -- 6 : 1 = -0.256582
  -- 6 : 2 = 0.000318479
  -- 7 : 1 = -0.0275775
  -- 7 : 2 = -0.0479841
  -- 8 : 1 = -0.725062
  -- 8 : 2 = -0.304256
  -- 9 : 1 = 0.0392879
  -- 9 : 2 = 0.384344
Out\Act	False		True
False	0.165635	0.676345	0.84198
True	0.0123751	0.145645	0.15802
	0.17801	0.82199
	Accuracy [ (tp + tn) / testSize ]: 0.31128
	Precision [ tp / (tp + fp) ]:      0.177083
	Sensitivity [ tp / (tp + fn) ]:    0.918919
	Specificity [ tn / (tn + fp) ]:    0.19661
	F-Score [ 2tp / (2tp + fp + fn) ]: 0.297087
Particle (24):: Fit: 183.98	PB: 183.98	LB: 198.907	GB: 206.138	Conf: 0.531113	Pts: 110296
Particle (29):: Fit: 185.614	PB: 185.614	LB: 206.138	GB: 206.138	Conf: 0.706379	Pts: 110698
Particle (30):: Fit: 185.732	PB: 185.732	LB: 206.138	GB: 206.138	Conf: 0.442044	Pts: 195494
Particle (39):: Fit: 180.736	PB: 180.736	LB: 200.015	GB: 206.138	Conf: 0.209043	Pts: 100480
Particle (24):: Fit: 186.618	PB: 186.618	LB: 198.907	GB: 206.138	Conf: 0.635965	Pts: 110378
Particle (41):: Fit: 186.518	PB: 186.518	LB: 200.015	GB: 206.138	Conf: 0.520029	Pts: 55487
Particle (7):: Fit: 189.691	PB: 189.691	LB: 196.3	GB: 206.138	Conf: 0.637136	Pts: 65885
Particle (44):: Fit: 181.734	PB: 181.734	LB: 194.89	GB: 206.138	Conf: 0.254695	Pts: 50262
Particle (3):: Fit: 193.014	PB: 193.014	LB: 196.3	GB: 206.138	Conf: 0.95777	Pts: 55377
Particle (17):: Fit: 200.392	PB: 200.392	LB: 203.143	GB: 206.138	Conf: 0.847084	Pts: 65872
Particle (22):: Fit: 192.152	PB: 192.152	LB: 203.143	GB: 206.138	Conf: 0.457751	Pts: 65976
Particle (36):: Fit: 183.343	PB: 183.343	LB: 200.015	GB: 206.138	Conf: 0.5291	Pts: 75363
Particle (34):: Fit: 184.837	PB: 184.837	LB: 206.138	GB: 206.138	Conf: 0.621984	Pts: 65861
Particle (36):: Fit: 184.394	PB: 184.394	LB: 200.015	GB: 206.138	Conf: 0.586408	Pts: 75455
Particle (44):: Fit: 186.472	PB: 186.472	LB: 194.89	GB: 206.138	Conf: 0.321191	Pts: 50334
Particle (13):: Fit: 193.008	PB: 193.008	LB: 200.392	GB: 206.138	Conf: 0.666619	Pts: 170354
Particle (23):: Fit: 189.725	PB: 189.725	LB: 203.143	GB: 206.138	Conf: 0.422797	Pts: 55553
Particle (46):: Fit: 195.328	PB: 195.328	LB: 195.328	GB: 206.138	Conf: 0.638865	Pts: 95840
Particle (40):: Fit: 185.467	PB: 185.467	LB: 200.015	GB: 206.138	Conf: 0.598385	Pts: 70527
Particle (25):: Fit: 184.381	PB: 184.381	LB: 198.907	GB: 206.138	Conf: 0.403272	Pts: 85327
Particle (33):: Fit: 181.683	PB: 181.683	LB: 206.138	GB: 206.138	Conf: 0.58011	Pts: 55424
Particle (11):: Fit: 189.718	PB: 189.718	LB: 193.289	GB: 206.138	Conf: 0.285287	Pts: 55432
Particle (40):: Fit: 191.146	PB: 191.146	LB: 200.015	GB: 206.138	Conf: 0.643529	Pts: 70619
Particle (15):: Fit: 186.706	PB: 186.706	LB: 203.143	GB: 206.138	Conf: 0.379939	Pts: 56030
Particle (29):: Fit: 193.656	PB: 193.656	LB: 206.138	GB: 206.138	Conf: 0.669917	Pts: 110734
Particle (12):: Fit: 191.291	PB: 191.291	LB: 200.392	GB: 206.138	Conf: 0.56541	Pts: 55529
Particle (9):: Fit: 178.679	PB: 178.679	LB: 196.3	GB: 206.138	Conf: 0.695398	Pts: 75408
Particle (29):: Fit: 200.747	PB: 200.747	LB: 206.138	GB: 206.138	Conf: 0.281302	Pts: 120812
Particle (30):: Fit: 187.379	PB: 187.379	LB: 206.138	GB: 206.138	Conf: 0.872458	Pts: 195511
Particle (39):: Fit: 185.811	PB: 185.811	LB: 200.015	GB: 206.138	Conf: 0.507639	Pts: 100496
Particle (10):: Fit: 191.463	PB: 191.463	LB: 196.3	GB: 206.138	Conf: 0.601302	Pts: 80601
Particle (46):: Fit: 198.463	PB: 198.463	LB: 198.463	GB: 206.138	Conf: 0.754864	Pts: 140892
Particle (35):: Fit: 192.569	PB: 192.569	LB: 206.138	GB: 206.138	Conf: 0.694601	Pts: 95400
Particle (2):: Fit: 195.277	PB: 195.277	LB: 196.3	GB: 206.138	Conf: 0.690824	Pts: 120302
Particle (41):: Fit: 190.579	PB: 190.579	LB: 200.015	GB: 206.138	Conf: 0.443135	Pts: 55489
Particle (30):: Fit: 194.607	PB: 194.607	LB: 206.138	GB: 206.138	Conf: 0.40437	Pts: 195586
Particle (36):: Fit: 191.446	PB: 191.446	LB: 200.015	GB: 206.138	Conf: 0.646302	Pts: 75474
Particle (42):: Fit: 182.77	PB: 182.77	LB: 198.463	GB: 206.138	Conf: 0.611581	Pts: 60548
Particle (9):: Fit: 182.93	PB: 182.93	LB: 196.3	GB: 206.138	Conf: 0.688242	Pts: 75455
Particle (17):: Fit: 208.225	PB: 208.225	LB: 208.225	GB: 208.225	Conf: 0.740529	Pts: 125848
Global: 208.225 - Correct: 73% of 100 tests
Global Best: 
  Inner Net 1
  -- 1 : 1 = -0.0767204
  -- 1 : 2 = -0.0924511
  -- 1 : 3 = -0.134318
  -- 1 : 4 = 0.00213059
  -- 1 : 5 = 0.114983
  -- 1 : 6 = 0.0449259
  -- 1 : 7 = 0.0100541
  -- 1 : 8 = -0.10437
  -- 1 : 9 = -0.0671832
  -- 2 : 1 = -0.0114508
  -- 2 : 2 = -0.129151
  -- 2 : 3 = 0.00209427
  -- 2 : 4 = -0.318477
  -- 2 : 5 = -0.267928
  -- 2 : 6 = 0.0163967
  -- 2 : 7 = 0.0805274
  -- 2 : 8 = 0.146396
  -- 2 : 9 = 0.520424
  -- 3 : 1 = 0.618416
  -- 3 : 2 = -0.354534
  -- 3 : 3 = 0.160194
  -- 3 : 4 = 0.466696
  -- 3 : 5 = -0.182747
  -- 3 : 6 = -0.102916
  -- 3 : 7 = 0.0805717
  -- 3 : 8 = 0.248737
  -- 3 : 9 = -0.181452
  -- 4 : 1 = 0.512063
  -- 4 : 2 = -0.397693
  -- 4 : 3 = -0.0607943
  -- 4 : 4 = -0.117204
  -- 4 : 5 = 0.0257936
  -- 4 : 6 = -0.0589279
  -- 4 : 7 = -0.181292
  -- 4 : 8 = -0.0549005
  -- 4 : 9 = 0.10724
  -- 5 : 1 = 0.0470775
  -- 5 : 2 = 0.19347
  -- 5 : 3 = 0.197357
  -- 5 : 4 = 0.0189541
  -- 5 : 5 = -0.171539
  -- 5 : 6 = -0.15718
  -- 5 : 7 = -0.301499
  -- 5 : 8 = 0.200775
  -- 5 : 9 = 0.363797
  -- 6 : 1 = 0.277991
  -- 6 : 2 = -0.154653
  -- 6 : 3 = 0.0690684
  -- 6 : 4 = 0.188554
  -- 6 : 5 = 0.0711973
  -- 6 : 6 = 0.20422
  -- 6 : 7 = -0.280441
  -- 6 : 8 = -0.201851
  -- 6 : 9 = 0.526681
  -- 7 : 1 = 0.168271
  -- 7 : 2 = -0.432544
  -- 7 : 3 = 0.437906
  -- 7 : 4 = 0.759675
  -- 7 : 5 = -0.133579
  -- 7 : 6 = 0.160919
  -- 7 : 7 = 0.208345
  -- 7 : 8 = 0.165998
  -- 7 : 9 = -0.0277664
  -- 8 : 1 = 0.594234
  -- 8 : 2 = 0.353416
  -- 8 : 3 = -0.340685
  -- 8 : 4 = -0.120616
  -- 8 : 5 = -0.598449
  -- 8 : 6 = 0.597878
  -- 8 : 7 = 0.537758
  -- 8 : 8 = 0.497799
  -- 8 : 9 = 0.0628338
  -- 9 : 1 = 0.130333
  -- 9 : 2 = 0.132089
  -- 9 : 3 = -0.0132052
  -- 9 : 4 = -0.0164585
  -- 9 : 5 = 0.317735
  -- 9 : 6 = 0.0382996
  -- 9 : 7 = 0.0243623
  -- 9 : 8 = -0.800825
  -- 9 : 9 = 0.449918
  -- 10 : 1 = 0.253946
  -- 10 : 2 = 0.161344
  -- 10 : 3 = 0.0732865
  -- 10 : 4 = 0.0382147
  -- 10 : 5 = 0.374433
  -- 10 : 6 = 0.223133
  -- 10 : 7 = 0.314622
  -- 10 : 8 = 0.114819
  -- 10 : 9 = -0.207035
  Inner Net 2
  -- 1 : 1 = -0.580805
  -- 1 : 2 = 0.112885
  -- 2 : 1 = -0.135112
  -- 2 : 2 = 0.115751
  -- 3 : 1 = 0.00779443
  -- 3 : 2 = -0.359454
  -- 4 : 1 = 0.266919
  -- 4 : 2 = 0.103744
  -- 5 : 1 = -0.0356135
  -- 5 : 2 = 0.30527
  -- 6 : 1 = -0.209744
  -- 6 : 2 = -0.671118
  -- 7 : 1 = 0.0101497
  -- 7 : 2 = -0.0457153
  -- 8 : 1 = -0.103437
  -- 8 : 2 = 0.18769
  -- 9 : 1 = -0.313
  -- 9 : 2 = 0.148919
Out\Act	False		True
False	0.228939	0.613041	0.84198
True	0.0247501	0.13327	0.15802
	0.253689	0.746311
	Accuracy [ (tp + tn) / testSize ]: 0.362208
	Precision [ tp / (tp + fp) ]:      0.178458
	Sensitivity [ tp / (tp + fn) ]:    0.840841
	Specificity [ tn / (tn + fp) ]:    0.271751
	F-Score [ 2tp / (2tp + fp + fn) ]: 0.294582
Particle (11):: Fit: 200.021	PB: 200.021	LB: 200.021	GB: 208.225	Conf: 0.623406	Pts: 85449
Particle (49):: Fit: 189.783	PB: 189.783	LB: 198.463	GB: 208.225	Conf: 0.613585	Pts: 50451
Particle (40):: Fit: 199.286	PB: 199.286	LB: 200.015	GB: 208.225	Conf: 0.545792	Pts: 85608
Particle (18):: Fit: 184.931	PB: 184.931	LB: 208.225	GB: 208.225	Conf: 0.849467	Pts: 61023
Particle (7):: Fit: 191.549	PB: 191.549	LB: 200.021	GB: 208.225	Conf: 0.706138	Pts: 65812
Particle (41):: Fit: 191.786	PB: 191.786	LB: 200.015	GB: 208.225	Conf: 0.5328	Pts: 55505
Particle (42):: Fit: 193.175	PB: 193.175	LB: 199.286	GB: 208.225	Conf: 0.460421	Pts: 60577
Particle (22):: Fit: 192.179	PB: 192.179	LB: 203.143	GB: 208.225	Conf: 0.648006	Pts: 65905
Particle (41):: Fit: 195.991	PB: 195.991	LB: 200.015	GB: 208.225	Conf: 0.643204	Pts: 55598
Particle (24):: Fit: 195.078	PB: 195.078	LB: 200.747	GB: 208.225	Conf: 0.382773	Pts: 110283
Particle (14):: Fit: 194.782	PB: 194.782	LB: 208.225	GB: 208.225	Conf: 0.412371	Pts: 185378
Particle (34):: Fit: 190.664	PB: 190.664	LB: 206.138	GB: 208.225	Conf: 0.543624	Pts: 65776
Particle (12):: Fit: 201.654	PB: 201.654	LB: 208.225	GB: 208.225	Conf: 0.645369	Pts: 80468
Particle (49):: Fit: 192.674	PB: 192.674	LB: 198.463	GB: 208.225	Conf: 0.190811	Pts: 50473
Particle (25):: Fit: 190.642	PB: 190.642	LB: 200.747	GB: 208.225	Conf: 0.443845	Pts: 85245
Particle (32):: Fit: 203.801	PB: 203.801	LB: 206.138	GB: 208.225	Conf: 0.347644	Pts: 170565
Particle (13):: Fit: 193.796	PB: 193.796	LB: 208.225	GB: 208.225	Conf: 0.543408	Pts: 170226
Particle (27):: Fit: 197.195	PB: 197.195	LB: 206.138	GB: 208.225	Conf: 0.579963	Pts: 65284
Particle (22):: Fit: 195.663	PB: 195.663	LB: 203.143	GB: 208.225	Conf: 0.649407	Pts: 65878
Particle (21):: Fit: 189.498	PB: 189.498	LB: 208.225	GB: 208.225	Conf: 0.911528	Pts: 94859
Particle (7):: Fit: 193.282	PB: 193.282	LB: 201.654	GB: 208.225	Conf: 0.637007	Pts: 65755
Particle (21):: Fit: 189.722	PB: 189.722	LB: 208.225	GB: 208.225	Conf: 0.832356	Pts: 94919
Particle (0):: Fit: 191.792	PB: 191.792	LB: 198.463	GB: 208.225	Conf: 0.481903	Pts: 169920
Particle (18):: Fit: 185.655	PB: 185.655	LB: 208.225	GB: 208.225	Conf: 0.89601	Pts: 60923
Particle (25):: Fit: 196.618	PB: 196.618	LB: 200.747	GB: 208.225	Conf: 0.900669	Pts: 85197
Particle (39):: Fit: 186.122	PB: 186.122	LB: 200.015	GB: 208.225	Conf: 0.311299	Pts: 100307
Particle (3):: Fit: 193.15	PB: 193.15	LB: 196.3	GB: 208.225	Conf: 0.957018	Pts: 55074
Particle (18):: Fit: 188.479	PB: 188.479	LB: 208.225	GB: 208.225	Conf: 0.567349	Pts: 60976
Particle (3):: Fit: 203.574	PB: 203.574	LB: 203.574	GB: 208.225	Conf: 0.297706	Pts: 105158
Particle (49):: Fit: 192.828	PB: 192.828	LB: 203.574	GB: 208.225	Conf: 0.301922	Pts: 50362
Particle (14):: Fit: 196.075	PB: 196.075	LB: 208.225	GB: 208.225	Conf: 0.358651	Pts: 185230
Particle (2):: Fit: 196.404	PB: 196.404	LB: 203.574	GB: 208.225	Conf: 0.628597	Pts: 120040
Particle (18):: Fit: 192.47	PB: 192.47	LB: 208.225	GB: 208.225	Conf: 0.911798	Pts: 61009
Particle (49):: Fit: 201.107	PB: 201.107	LB: 203.574	GB: 208.225	Conf: 0.348751	Pts: 70412
Particle (4):: Fit: 182.338	PB: 182.338	LB: 203.574	GB: 208.225	Conf: 0.582357	Pts: 109388
Particle (45):: Fit: 204.689	PB: 204.689	LB: 204.689	GB: 208.225	Conf: 0.38727	Pts: 289769
Particle (4):: Fit: 191.465	PB: 191.465	LB: 203.574	GB: 208.225	Conf: 0.504167	Pts: 109424
Particle (48):: Fit: 191.991	PB: 191.991	LB: 204.689	GB: 208.225	Conf: 0.32291	Pts: 50334
Particle (8):: Fit: 194.549	PB: 194.549	LB: 201.654	GB: 208.225	Conf: 0.628576	Pts: 214818
Particle (4):: Fit: 204.908	PB: 204.908	LB: 204.908	GB: 208.225	Conf: 0.66762	Pts: 159481
Particle (26):: Fit: 192.402	PB: 192.402	LB: 206.138	GB: 208.225	Conf: 0.571305	Pts: 194974
Particle (3):: Fit: 207.758	PB: 207.758	LB: 207.758	GB: 208.225	Conf: 0.334863	Pts: 155089
Particle (9):: Fit: 185.361	PB: 185.361	LB: 201.654	GB: 208.225	Conf: 0.659747	Pts: 75011
Particle (5):: Fit: 192.614	PB: 192.614	LB: 207.758	GB: 208.225	Conf: 0.733236	Pts: 124830
Particle (41):: Fit: 196.983	PB: 196.983	LB: 204.689	GB: 208.225	Conf: 0.544484	Pts: 55239
Particle (10):: Fit: 194.767	PB: 194.767	LB: 201.654	GB: 208.225	Conf: 0.406819	Pts: 80137
Particle (16):: Fit: 208.179	PB: 208.179	LB: 208.225	GB: 208.225	Conf: 0.8108	Pts: 139525
Particle (0):: Fit: 197.981	PB: 197.981	LB: 207.758	GB: 208.225	Conf: 0.911974	Pts: 169720
Particle (0):: Fit: 198.504	PB: 198.504	LB: 207.758	GB: 208.225	Conf: 0.939897	Pts: 169808
Particle (26):: Fit: 192.9	PB: 192.9	LB: 206.138	GB: 208.225	Conf: 0.712868	Pts: 194973
Particle (13):: Fit: 195.647	PB: 195.647	LB: 208.225	GB: 208.225	Conf: 0.496771	Pts: 169887
Particle (44):: Fit: 187.413	PB: 187.413	LB: 204.689	GB: 208.225	Conf: 0.266644	Pts: 49758
Particle (40):: Fit: 203.729	PB: 203.729	LB: 204.689	GB: 208.225	Conf: 0.701905	Pts: 100153
Particle (34):: Fit: 192.416	PB: 192.416	LB: 206.138	GB: 208.225	Conf: 0.708032	Pts: 65358
Particle (1):: Fit: 186.889	PB: 186.889	LB: 207.758	GB: 208.225	Conf: 0.491984	Pts: 124600
Particle (15):: Fit: 188.146	PB: 188.146	LB: 208.225	GB: 208.225	Conf: 0.421464	Pts: 55439
Particle (21):: Fit: 204.459	PB: 204.459	LB: 208.225	GB: 208.225	Conf: 0.765839	Pts: 114600
Particle (36):: Fit: 193.427	PB: 193.427	LB: 203.801	GB: 208.225	Conf: 0.490254	Pts: 74883
Particle (23):: Fit: 191.841	PB: 191.841	LB: 204.459	GB: 208.225	Conf: 0.781432	Pts: 54866
Particle (42):: Fit: 201.955	PB: 201.955	LB: 204.689	GB: 208.225	Conf: 0.284898	Pts: 60035
Particle (30):: Fit: 197.079	PB: 197.079	LB: 206.138	GB: 208.225	Conf: 0.762548	Pts: 194941
Particle (2):: Fit: 204.303	PB: 204.303	LB: 207.758	GB: 208.225	Conf: 0.587223	Pts: 119732
Particle (35):: Fit: 194.225	PB: 194.225	LB: 206.138	GB: 208.225	Conf: 0.284971	Pts: 94669
Particle (1):: Fit: 189.76	PB: 189.76	LB: 207.758	GB: 208.225	Conf: 0.698058	Pts: 124508
Particle (29):: Fit: 214.528	PB: 214.528	LB: 214.528	GB: 214.528	Conf: 0.789269	Pts: 180000
Global: 214.528 - Correct: 73% of 100 tests
Global Best: 
  Inner Net 1
  -- 1 : 1 = 0.300502
  -- 1 : 2 = 0.396153
  -- 1 : 3 = -0.262399
  -- 1 : 4 = 0.598191
  -- 1 : 5 = 0.0685982
  -- 1 : 6 = 0.0416265
  -- 1 : 7 = -0.551655
  -- 1 : 8 = 0.294373
  -- 1 : 9 = 0.0199136
  -- 2 : 1 = 0.464568
  -- 2 : 2 = -0.351723
  -- 2 : 3 = 0.0021291
  -- 2 : 4 = -0.0595913
  -- 2 : 5 = 0.0577333
  -- 2 : 6 = -0.014379
  -- 2 : 7 = 0.161261
  -- 2 : 8 = -0.14997
  -- 2 : 9 = 0.00220583
  -- 3 : 1 = 0.919008
  -- 3 : 2 = 0.0894511
  -- 3 : 3 = 0.107816
  -- 3 : 4 = 0.0680766
  -- 3 : 5 = -0.329372
  -- 3 : 6 = -0.0397809
  -- 3 : 7 = 0.00920698
  -- 3 : 8 = -0.213501
  -- 3 : 9 = -0.0912426
  -- 4 : 1 = -0.300496
  -- 4 : 2 = -0.182241
  -- 4 : 3 = -0.273287
  -- 4 : 4 = -0.0100751
  -- 4 : 5 = -0.468479
  -- 4 : 6 = -0.0541387
  -- 4 : 7 = -0.251477
  -- 4 : 8 = 0.0818014
  -- 4 : 9 = 0.154981
  -- 5 : 1 = 0.606282
  -- 5 : 2 = 0.0197496
  -- 5 : 3 = 0.199569
  -- 5 : 4 = 0.370377
  -- 5 : 5 = -0.0297419
  -- 5 : 6 = 0.0849143
  -- 5 : 7 = 0.168994
  -- 5 : 8 = 0.138128
  -- 5 : 9 = 0.216891
  -- 6 : 1 = 0.0433865
  -- 6 : 2 = 0.173062
  -- 6 : 3 = 0.06927
  -- 6 : 4 = -0.0141166
  -- 6 : 5 = -0.459577
  -- 6 : 6 = 0.036599
  -- 6 : 7 = -0.137245
  -- 6 : 8 = 0.0503856
  -- 6 : 9 = 0.209704
  -- 7 : 1 = 1
  -- 7 : 2 = 0.279031
  -- 7 : 3 = -0.256884
  -- 7 : 4 = 0.0604564
  -- 7 : 5 = 0.0586784
  -- 7 : 6 = 0.439519
  -- 7 : 7 = -0.158704
  -- 7 : 8 = 0.468367
  -- 7 : 9 = 0.161029
  -- 8 : 1 = -0.0884284
  -- 8 : 2 = 0.249071
  -- 8 : 3 = -0.160691
  -- 8 : 4 = -0.0676014
  -- 8 : 5 = -0.328518
  -- 8 : 6 = 0.0632172
  -- 8 : 7 = -0.0347579
  -- 8 : 8 = -0.0234721
  -- 8 : 9 = -0.134769
  -- 9 : 1 = -0.570116
  -- 9 : 2 = 0.431769
  -- 9 : 3 = 0.35965
  -- 9 : 4 = -0.17051
  -- 9 : 5 = -0.0962298
  -- 9 : 6 = 0.0726073
  -- 9 : 7 = 0.247704
  -- 9 : 8 = -0.434425
  -- 9 : 9 = -0.0899338
  -- 10 : 1 = 0.703298
  -- 10 : 2 = 0.290543
  -- 10 : 3 = 0.10137
  -- 10 : 4 = -0.241857
  -- 10 : 5 = 0.472994
  -- 10 : 6 = 0.172814
  -- 10 : 7 = -0.165151
  -- 10 : 8 = -0.321443
  -- 10 : 9 = -0.0468997
  Inner Net 2
  -- 1 : 1 = -0.169062
  -- 1 : 2 = 0.0431313
  -- 2 : 1 = 0.590941
  -- 2 : 2 = -0.142012
  -- 3 : 1 = -0.35622
  -- 3 : 2 = -0.256451
  -- 4 : 1 = 0.0476041
  -- 4 : 2 = -0.0420966
  -- 5 : 1 = 0.155667
  -- 5 : 2 = 0.0456275
  -- 6 : 1 = -0.028766
  -- 6 : 2 = 0.312303
  -- 7 : 1 = -0.262964
  -- 7 : 2 = 0.358414
  -- 8 : 1 = 0.135398
  -- 8 : 2 = 0.457071
  -- 9 : 1 = -0.0987852
  -- 9 : 2 = 0.493666
Out\Act	False		True
False	0.208948	0.633032	0.84198
True	0.0199905	0.13803	0.15802
	0.228939	0.771061
	Accuracy [ (tp + tn) / testSize ]: 0.346978
	Precision [ tp / (tp + fp) ]:      0.178902
	Sensitivity [ tp / (tp + fn) ]:    0.870871
	Specificity [ tn / (tn + fp) ]:    0.248023
	F-Score [ 2tp / (2tp + fp + fn) ]: 0.296979
Particle (38):: Fit: 185.527	PB: 185.527	LB: 203.729	GB: 214.528	Conf: 0.704216	Pts: 54692
Particle (10):: Fit: 197.3	PB: 197.3	LB: 201.654	GB: 214.528	Conf: 0.398057	Pts: 79839
Particle (40):: Fit: 206.161	PB: 206.161	LB: 206.161	GB: 214.528	Conf: 0.423905	Pts: 149909
Particle (10):: Fit: 198.037	PB: 198.037	LB: 201.654	GB: 214.528	Conf: 0.678077	Pts: 79923
Particle (6):: Fit: 202.682	PB: 202.682	LB: 207.758	GB: 214.528	Conf: 0.840206	Pts: 119415
Particle (26):: Fit: 195.073	PB: 195.073	LB: 214.528	GB: 214.528	Conf: 0.817949	Pts: 194654
Particle (44):: Fit: 190.87	PB: 190.87	LB: 206.161	GB: 214.528	Conf: 0.235919	Pts: 49443
Particle (1):: Fit: 190.186	PB: 190.186	LB: 207.758	GB: 214.528	Conf: 0.683028	Pts: 124359
Particle (9):: Fit: 185.876	PB: 185.876	LB: 202.682	GB: 214.528	Conf: 0.640843	Pts: 74555
Particle (1):: Fit: 193.043	PB: 193.043	LB: 207.758	GB: 214.528	Conf: 0.710746	Pts: 124426
Particle (28):: Fit: 200.046	PB: 200.046	LB: 214.528	GB: 214.528	Conf: 0.392876	Pts: 99599
Particle (48):: Fit: 193.348	PB: 193.348	LB: 207.758	GB: 214.528	Conf: 0.309541	Pts: 49695
Particle (10):: Fit: 202.529	PB: 202.529	LB: 202.682	GB: 214.528	Conf: 0.568469	Pts: 79776
Particle (8):: Fit: 198.09	PB: 198.09	LB: 204.908	GB: 214.528	Conf: 0.541547	Pts: 214159
Particle (38):: Fit: 191.876	PB: 191.876	LB: 206.161	GB: 214.528	Conf: 0.738708	Pts: 54450
Particle (1):: Fit: 197.19	PB: 197.19	LB: 207.758	GB: 214.528	Conf: 0.695159	Pts: 124397
Particle (15):: Fit: 191.111	PB: 191.111	LB: 208.225	GB: 214.528	Conf: 0.356563	Pts: 54940
Particle (46):: Fit: 199.829	PB: 199.829	LB: 204.689	GB: 214.528	Conf: 0.737603	Pts: 139717
Particle (26):: Fit: 199.966	PB: 199.966	LB: 214.528	GB: 214.528	Conf: 0.515945	Pts: 194473
Particle (5):: Fit: 195.182	PB: 195.182	LB: 207.758	GB: 214.528	Conf: 0.778512	Pts: 124089
Particle (36):: Fit: 199.342	PB: 199.342	LB: 206.161	GB: 214.528	Conf: 0.514987	Pts: 74308
Particle (13):: Fit: 199.105	PB: 199.105	LB: 208.225	GB: 214.528	Conf: 0.448613	Pts: 169194
Particle (0):: Fit: 200.942	PB: 200.942	LB: 207.758	GB: 214.528	Conf: 0.846021	Pts: 169044
Particle (39):: Fit: 191.16	PB: 191.16	LB: 206.161	GB: 214.528	Conf: 0.215448	Pts: 99176
Particle (47):: Fit: 203.105	PB: 203.105	LB: 204.689	GB: 214.528	Conf: 0.417563	Pts: 153687
Particle (20):: Fit: 194.618	PB: 194.618	LB: 208.225	GB: 214.528	Conf: 0.195897	Pts: 163809
Particle (7):: Fit: 195.187	PB: 195.187	LB: 207.758	GB: 214.528	Conf: 0.649999	Pts: 64458
Particle (9):: Fit: 196.935	PB: 196.935	LB: 202.682	GB: 214.528	Conf: 0.684708	Pts: 74041
Particle (6):: Fit: 219.233	PB: 219.233	LB: 219.233	GB: 219.233	Conf: 0.784593	Pts: 178755
Global: 219.233 - Correct: 76% of 100 tests
Global Best: 
  Inner Net 1
  -- 1 : 1 = 0.509936
  -- 1 : 2 = -0.0762388
  -- 1 : 3 = -0.286293
  -- 1 : 4 = -0.283075
  -- 1 : 5 = 0.0902327
  -- 1 : 6 = 0.217437
  -- 1 : 7 = 0.0318267
  -- 1 : 8 = 0.339208
  -- 1 : 9 = 0.274207
  -- 2 : 1 = 0.431277
  -- 2 : 2 = -0.172798
  -- 2 : 3 = -0.00314353
  -- 2 : 4 = -0.0913209
  -- 2 : 5 = -0.267622
  -- 2 : 6 = 0.189638
  -- 2 : 7 = 0.234992
  -- 2 : 8 = -0.172698
  -- 2 : 9 = 0.145221
  -- 3 : 1 = 0.70604
  -- 3 : 2 = -0.303869
  -- 3 : 3 = -0.0557056
  -- 3 : 4 = 0.206367
  -- 3 : 5 = 0.00989113
  -- 3 : 6 = 0.0184772
  -- 3 : 7 = -0.0311251
  -- 3 : 8 = 0.011542
  -- 3 : 9 = -0.117951
  -- 4 : 1 = 0.271784
  -- 4 : 2 = -0.0654857
  -- 4 : 3 = 0.302859
  -- 4 : 4 = 0.34516
  -- 4 : 5 = -0.275612
  -- 4 : 6 = -0.126946
  -- 4 : 7 = 0.266811
  -- 4 : 8 = 0.390962
  -- 4 : 9 = 0.128936
  -- 5 : 1 = 0.652937
  -- 5 : 2 = 0.0881511
  -- 5 : 3 = 0.104939
  -- 5 : 4 = 0.319253
  -- 5 : 5 = -0.0763216
  -- 5 : 6 = -0.0985108
  -- 5 : 7 = -0.251277
  -- 5 : 8 = 0.103463
  -- 5 : 9 = -0.0302258
  -- 6 : 1 = 0.510702
  -- 6 : 2 = -0.127927
  -- 6 : 3 = -0.123462
  -- 6 : 4 = 0.0163025
  -- 6 : 5 = 0.34504
  -- 6 : 6 = 0.0905001
  -- 6 : 7 = 0.0246778
  -- 6 : 8 = 0.0437628
  -- 6 : 9 = 0.105482
  -- 7 : 1 = -0.12482
  -- 7 : 2 = 0.270189
  -- 7 : 3 = -0.30676
  -- 7 : 4 = -0.166652
  -- 7 : 5 = 0.460524
  -- 7 : 6 = 0.0569255
  -- 7 : 7 = -0.0706668
  -- 7 : 8 = -0.189447
  -- 7 : 9 = 0.107376
  -- 8 : 1 = 0.141279
  -- 8 : 2 = 0.576329
  -- 8 : 3 = -0.0684567
  -- 8 : 4 = -0.199159
  -- 8 : 5 = -0.177361
  -- 8 : 6 = 0.314271
  -- 8 : 7 = 0.170596
  -- 8 : 8 = 0.203909
  -- 8 : 9 = 0.166586
  -- 9 : 1 = -0.514273
  -- 9 : 2 = 0.140072
  -- 9 : 3 = -0.0501168
  -- 9 : 4 = -0.184771
  -- 9 : 5 = -0.093194
  -- 9 : 6 = -0.487155
  -- 9 : 7 = 0.172085
  -- 9 : 8 = -0.155101
  -- 9 : 9 = 0.242572
  -- 10 : 1 = 0
  -- 10 : 2 = -0.0680617
  -- 10 : 3 = -0.353332
  -- 10 : 4 = -0.0718717
  -- 10 : 5 = 0.18433
  -- 10 : 6 = 0.0707458
  -- 10 : 7 = -0.00699404
  -- 10 : 8 = -0.515757
  -- 10 : 9 = 0.676663
  Inner Net 2
  -- 1 : 1 = -0.248518
  -- 1 : 2 = 0.0906967
  -- 2 : 1 = -0.319978
  -- 2 : 2 = -0.502299
  -- 3 : 1 = 0.257554
  -- 3 : 2 = -0.0630289
  -- 4 : 1 = -0.138013
  -- 4 : 2 = -0.317918
  -- 5 : 1 = 0.505652
  -- 5 : 2 = 0.302964
  -- 6 : 1 = 0.0662575
  -- 6 : 2 = -0.326033
  -- 7 : 1 = -0.0991382
  -- 7 : 2 = -0.0196948
  -- 8 : 1 = -0.341826
  -- 8 : 2 = 0.0658759
  -- 9 : 1 = 0.00345692
  -- 9 : 2 = -0.274744
Out\Act	False		True
False	0.229891	0.612089	0.84198
True	0.0223703	0.13565	0.15802
	0.252261	0.747739
	Accuracy [ (tp + tn) / testSize ]: 0.36554
	Precision [ tp / (tp + fp) ]:      0.181298
	Sensitivity [ tp / (tp + fn) ]:    0.855856
	Specificity [ tn / (tn + fp) ]:    0.272881
	F-Score [ 2tp / (2tp + fp + fn) ]: 0.29937
Particle (44):: Fit: 206.99	PB: 206.99	LB: 206.99	GB: 219.233	Conf: 0.796821	Pts: 93787
Particle (22):: Fit: 195.803	PB: 195.803	LB: 204.459	GB: 219.233	Conf: 0.43263	Pts: 64429
Particle (14):: Fit: 205.054	PB: 205.054	LB: 208.225	GB: 219.233	Conf: 0.334906	Pts: 183861
Particle (48):: Fit: 205.508	PB: 205.508	LB: 207.758	GB: 219.233	Conf: 0.213516	Pts: 49137
Particle (15):: Fit: 192.024	PB: 192.024	LB: 208.225	GB: 219.233	Conf: 0.371914	Pts: 54425
Particle (13):: Fit: 200.659	PB: 200.659	LB: 208.225	GB: 219.233	Conf: 0.472854	Pts: 168762
Particle (18):: Fit: 207.006	PB: 207.006	LB: 208.225	GB: 219.233	Conf: 0.959235	Pts: 64523
Particle (39):: Fit: 191.412	PB: 191.412	LB: 206.99	GB: 219.233	Conf: 0.131661	Pts: 98789
Particle (23):: Fit: 195.582	PB: 195.582	LB: 204.459	GB: 219.233	Conf: 0.662333	Pts: 53646
Particle (20):: Fit: 197.914	PB: 197.914	LB: 208.225	GB: 219.233	Conf: 0.244262	Pts: 163427
Particle (7):: Fit: 196.131	PB: 196.131	LB: 219.233	GB: 219.233	Conf: 0.757546	Pts: 64113
Particle (24):: Fit: 195.771	PB: 195.771	LB: 214.528	GB: 219.233	Conf: 0.499577	Pts: 108319
Particle (8):: Fit: 201.871	PB: 201.871	LB: 219.233	GB: 219.233	Conf: 0.602786	Pts: 213297
Particle (7):: Fit: 205.18	PB: 205.18	LB: 219.233	GB: 219.233	Conf: 0.65832	Pts: 64003
Particle (5):: Fit: 196.686	PB: 196.686	LB: 219.233	GB: 219.233	Conf: 0.852289	Pts: 123163
Particle (15):: Fit: 203.148	PB: 203.148	LB: 208.225	GB: 219.233	Conf: 0.487216	Pts: 53980
Particle (10):: Fit: 203.767	PB: 203.767	LB: 219.233	GB: 219.233	Conf: 0.622674	Pts: 78653
Particle (26):: Fit: 200.48	PB: 200.48	LB: 214.528	GB: 219.233	Conf: 0.483038	Pts: 193365
Global Best: 
  Inner Net 1
  -- 1 : 1 = 0.509936
  -- 1 : 2 = -0.0762388
  -- 1 : 3 = -0.286293
  -- 1 : 4 = -0.283075
  -- 1 : 5 = 0.0902327
  -- 1 : 6 = 0.217437
  -- 1 : 7 = 0.0318267
  -- 1 : 8 = 0.339208
  -- 1 : 9 = 0.274207
  -- 2 : 1 = 0.431277
  -- 2 : 2 = -0.172798
  -- 2 : 3 = -0.00314353
  -- 2 : 4 = -0.0913209
  -- 2 : 5 = -0.267622
  -- 2 : 6 = 0.189638
  -- 2 : 7 = 0.234992
  -- 2 : 8 = -0.172698
  -- 2 : 9 = 0.145221
  -- 3 : 1 = 0.70604
  -- 3 : 2 = -0.303869
  -- 3 : 3 = -0.0557056
  -- 3 : 4 = 0.206367
  -- 3 : 5 = 0.00989113
  -- 3 : 6 = 0.0184772
  -- 3 : 7 = -0.0311251
  -- 3 : 8 = 0.011542
  -- 3 : 9 = -0.117951
  -- 4 : 1 = 0.271784
  -- 4 : 2 = -0.0654857
  -- 4 : 3 = 0.302859
  -- 4 : 4 = 0.34516
  -- 4 : 5 = -0.275612
  -- 4 : 6 = -0.126946
  -- 4 : 7 = 0.266811
  -- 4 : 8 = 0.390962
  -- 4 : 9 = 0.128936
  -- 5 : 1 = 0.652937
  -- 5 : 2 = 0.0881511
  -- 5 : 3 = 0.104939
  -- 5 : 4 = 0.319253
  -- 5 : 5 = -0.0763216
  -- 5 : 6 = -0.0985108
  -- 5 : 7 = -0.251277
  -- 5 : 8 = 0.103463
  -- 5 : 9 = -0.0302258
  -- 6 : 1 = 0.510702
  -- 6 : 2 = -0.127927
  -- 6 : 3 = -0.123462
  -- 6 : 4 = 0.0163025
  -- 6 : 5 = 0.34504
  -- 6 : 6 = 0.0905001
  -- 6 : 7 = 0.0246778
  -- 6 : 8 = 0.0437628
  -- 6 : 9 = 0.105482
  -- 7 : 1 = -0.12482
  -- 7 : 2 = 0.270189
  -- 7 : 3 = -0.30676
  -- 7 : 4 = -0.166652
  -- 7 : 5 = 0.460524
  -- 7 : 6 = 0.0569255
  -- 7 : 7 = -0.0706668
  -- 7 : 8 = -0.189447
  -- 7 : 9 = 0.107376
  -- 8 : 1 = 0.141279
  -- 8 : 2 = 0.576329
  -- 8 : 3 = -0.0684567
  -- 8 : 4 = -0.199159
  -- 8 : 5 = -0.177361
  -- 8 : 6 = 0.314271
  -- 8 : 7 = 0.170596
  -- 8 : 8 = 0.203909
  -- 8 : 9 = 0.166586
  -- 9 : 1 = -0.514273
  -- 9 : 2 = 0.140072
  -- 9 : 3 = -0.0501168
  -- 9 : 4 = -0.184771
  -- 9 : 5 = -0.093194
  -- 9 : 6 = -0.487155
  -- 9 : 7 = 0.172085
  -- 9 : 8 = -0.155101
  -- 9 : 9 = 0.242572
  -- 10 : 1 = 0
  -- 10 : 2 = -0.0680617
  -- 10 : 3 = -0.353332
  -- 10 : 4 = -0.0718717
  -- 10 : 5 = 0.18433
  -- 10 : 6 = 0.0707458
  -- 10 : 7 = -0.00699404
  -- 10 : 8 = -0.515757
  -- 10 : 9 = 0.676663
  Inner Net 2
  -- 1 : 1 = -0.248518
  -- 1 : 2 = 0.0906967
  -- 2 : 1 = -0.319978
  -- 2 : 2 = -0.502299
  -- 3 : 1 = 0.257554
  -- 3 : 2 = -0.0630289
  -- 4 : 1 = -0.138013
  -- 4 : 2 = -0.317918
  -- 5 : 1 = 0.505652
  -- 5 : 2 = 0.302964
  -- 6 : 1 = 0.0662575
  -- 6 : 2 = -0.326033
  -- 7 : 1 = -0.0991382
  -- 7 : 2 = -0.0196948
  -- 8 : 1 = -0.341826
  -- 8 : 2 = 0.0658759
  -- 9 : 1 = 0.00345692
  -- 9 : 2 = -0.274744
Out\Act	False		True
False	0.229891	0.612089	0.84198
True	0.0223703	0.13565	0.15802
	0.252261	0.747739
	Accuracy [ (tp + tn) / testSize ]: 0.36554
	Precision [ tp / (tp + fp) ]:      0.181298
	Sensitivity [ tp / (tp + fn) ]:    0.855856
	Specificity [ tn / (tn + fp) ]:    0.272881
	F-Score [ 2tp / (2tp + fp + fn) ]: 0.29937
