
Date / Time: Thu Mar 30 23:50:48 2017

   ****************************************
   * PSO Neural Net (Gaussian Activation) *
   *       by William Boler, BSCE         *
   *     Research Assistant, IUPUI        *
   *                                      *
   *  Professor: Dr. Lauren Christopher   *
   *     Created: March 13, 2017          *
   ****************************************


Inputs: 10
Inner Nets: 1
 - 10
Tests per train(min): 10
Particles: 50
Neighbors: 10
Minimum Particle Iterations: 1000
Particle (0):: Fit: 25.9184	PB: 25.9184	LB: 25.9184	GB: 25.9184	Conf: 2	Pts: 110099
Particle (1):: Fit: 76.1769	PB: 76.1769	LB: 76.1769	GB: 76.1769	Conf: 0.584326	Pts: 110099
Particle (2):: Fit: 22.7763	PB: 22.7763	LB: 76.1769	GB: 76.1769	Conf: 2	Pts: 55099
Particle (3):: Fit: 31.232	PB: 31.232	LB: 76.1769	GB: 76.1769	Conf: 2	Pts: 60099
Particle (4):: Fit: 31.7854	PB: 31.7854	LB: 76.1769	GB: 76.1769	Conf: 0.355886	Pts: 65099
Particle (5):: Fit: 25.9184	PB: 25.9184	LB: 76.1769	GB: 76.1769	Conf: 2	Pts: 55099
Particle (6):: Fit: 25.9184	PB: 25.9184	LB: 31.7854	GB: 76.1769	Conf: 2	Pts: 55099
Particle (7):: Fit: 29.061	PB: 29.061	LB: 31.7854	GB: 76.1769	Conf: 1.25109	Pts: 65099
Particle (8):: Fit: 31.8653	PB: 31.8653	LB: 31.8653	GB: 76.1769	Conf: 0.652774	Pts: 85099
Particle (9):: Fit: 26.0671	PB: 26.0671	LB: 31.8653	GB: 76.1769	Conf: 1.11841	Pts: 55099
Particle (10):: Fit: 68.0556	PB: 68.0556	LB: 68.0556	GB: 76.1769	Conf: 1.85598	Pts: 95099
Particle (11):: Fit: 25.9472	PB: 25.9472	LB: 68.0556	GB: 76.1769	Conf: 0.814227	Pts: 55099
Particle (12):: Fit: 55.0792	PB: 55.0792	LB: 68.0556	GB: 76.1769	Conf: 0.901557	Pts: 60099
Particle (13):: Fit: 33.5929	PB: 33.5929	LB: 68.0556	GB: 76.1769	Conf: 2	Pts: 55099
Particle (14):: Fit: 3.67975	PB: 3.67975	LB: 68.0556	GB: 76.1769	Conf: 1.01354	Pts: 55099
Particle (15):: Fit: 31.232	PB: 31.232	LB: 55.0792	GB: 76.1769	Conf: 2	Pts: 60099
Particle (16):: Fit: 23.2051	PB: 23.2051	LB: 55.0792	GB: 76.1769	Conf: 1.26023	Pts: 55099
Particle (17):: Fit: 22.7763	PB: 22.7763	LB: 33.5929	GB: 76.1769	Conf: 2	Pts: 55099
Particle (18):: Fit: 39.3403	PB: 39.3403	LB: 39.3403	GB: 76.1769	Conf: 1.45364	Pts: 80099
Particle (19):: Fit: 28.6962	PB: 28.6962	LB: 39.3403	GB: 76.1769	Conf: 2	Pts: 55099
Particle (20):: Fit: 2.0689	PB: 2.0689	LB: 39.3403	GB: 76.1769	Conf: 0.39818	Pts: 55099
Particle (21):: Fit: 31.232	PB: 31.232	LB: 39.3403	GB: 76.1769	Conf: 2	Pts: 65099
Particle (22):: Fit: 5.34927	PB: 5.34927	LB: 39.3403	GB: 76.1769	Conf: 0.271573	Pts: 55099
Particle (23):: Fit: 5.37976	PB: 5.37976	LB: 31.232	GB: 76.1769	Conf: 0.457435	Pts: 60099
Particle (24):: Fit: 5.36742	PB: 5.36742	LB: 31.232	GB: 76.1769	Conf: 0.348148	Pts: 55099
Particle (25):: Fit: 28.872	PB: 28.872	LB: 31.232	GB: 76.1769	Conf: 1.69298	Pts: 70099
Particle (26):: Fit: 22.7763	PB: 22.7763	LB: 28.872	GB: 76.1769	Conf: 2	Pts: 55099
Particle (27):: Fit: 28.6962	PB: 28.6962	LB: 28.872	GB: 76.1769	Conf: 2	Pts: 60099
Particle (28):: Fit: 36.7177	PB: 36.7177	LB: 36.7177	GB: 76.1769	Conf: 1.19909	Pts: 100099
Particle (29):: Fit: 28.6962	PB: 28.6962	LB: 36.7177	GB: 76.1769	Conf: 2	Pts: 55099
Particle (30):: Fit: 16.3349	PB: 16.3349	LB: 36.7177	GB: 76.1769	Conf: 1.8345	Pts: 55099
Particle (31):: Fit: 28.5162	PB: 28.5162	LB: 36.7177	GB: 76.1769	Conf: 1.49753	Pts: 60099
Particle (32):: Fit: 18.9862	PB: 18.9862	LB: 36.7177	GB: 76.1769	Conf: 2	Pts: 55099
Particle (33):: Fit: 31.232	PB: 31.232	LB: 31.232	GB: 76.1769	Conf: 2	Pts: 75099
Particle (34):: Fit: 25.9184	PB: 25.9184	LB: 31.232	GB: 76.1769	Conf: 2	Pts: 55099
Particle (35):: Fit: 26.0421	PB: 26.0421	LB: 31.232	GB: 76.1769	Conf: 1.89035	Pts: 60099
Particle (36):: Fit: 25.9184	PB: 25.9184	LB: 31.232	GB: 76.1769	Conf: 2	Pts: 55099
Particle (37):: Fit: 25.9184	PB: 25.9184	LB: 31.232	GB: 76.1769	Conf: 2	Pts: 55099
Particle (38):: Fit: 33.8093	PB: 33.8093	LB: 33.8093	GB: 76.1769	Conf: 1.86948	Pts: 100099
Particle (39):: Fit: 48.9882	PB: 48.9882	LB: 48.9882	GB: 76.1769	Conf: 1.70457	Pts: 100099
Particle (40):: Fit: 26.0314	PB: 26.0314	LB: 48.9882	GB: 76.1769	Conf: 0.666944	Pts: 55099
Particle (41):: Fit: 28.6962	PB: 28.6962	LB: 48.9882	GB: 76.1769	Conf: 2	Pts: 60099
Particle (42):: Fit: 28.8586	PB: 28.8586	LB: 48.9882	GB: 76.1769	Conf: 1.88455	Pts: 60099
Particle (43):: Fit: 33.5929	PB: 33.5929	LB: 48.9882	GB: 76.1769	Conf: 2	Pts: 60099
Particle (44):: Fit: 26.4095	PB: 26.4095	LB: 33.5929	GB: 76.1769	Conf: 1.73035	Pts: 50099
Particle (45):: Fit: 28.6962	PB: 28.6962	LB: 33.5929	GB: 76.1769	Conf: 2	Pts: 50099
Particle (46):: Fit: 28.6962	PB: 28.6962	LB: 76.1769	GB: 76.1769	Conf: 2	Pts: 50099
Particle (47):: Fit: 26.2202	PB: 26.2202	LB: 76.1769	GB: 76.1769	Conf: 1.30671	Pts: 50099
Particle (48):: Fit: 25.9184	PB: 25.9184	LB: 76.1769	GB: 76.1769	Conf: 2	Pts: 50099
Particle (49):: Fit: 31.232	PB: 31.232	LB: 76.1769	GB: 76.1769	Conf: 2	Pts: 50099
Global: 76.1769 - Correct: 60% of 10 tests
Global Best: 
  Inner Net 1
  -- 1 : 1 = 0.5139
  -- 1 : 2 = 0.8572
  -- 1 : 3 = 0.6133
  -- 1 : 4 = 0.2762
  -- 1 : 5 = 0.3086
  -- 1 : 6 = 0.1285
  -- 1 : 7 = 0.5062
  -- 1 : 8 = 0.7781
  -- 1 : 9 = 0.1449
  -- 1 : 10 = 0.3287
  -- 2 : 1 = 0.9423
  -- 2 : 2 = 0.7635
  -- 2 : 3 = 0.2673
  -- 2 : 4 = 0.167
  -- 2 : 5 = 0.4863
  -- 2 : 6 = 0.5448
  -- 2 : 7 = 0.3759
  -- 2 : 8 = 0.7175
  -- 2 : 9 = 0.478
  -- 2 : 10 = 0.6549
  -- 3 : 1 = 0.6044
  -- 3 : 2 = 0.2783
  -- 3 : 3 = 0.0098
  -- 3 : 4 = 0.8498
  -- 3 : 5 = 0.8564
  -- 3 : 6 = 0.4955
  -- 3 : 7 = 0.3102
  -- 3 : 8 = 0.9053
  -- 3 : 9 = 0.6138
  -- 3 : 10 = 0.0258
  -- 4 : 1 = 0.2043
  -- 4 : 2 = 0.813
  -- 4 : 3 = 0.1837
  -- 4 : 4 = 0.1257
  -- 4 : 5 = 0.5642
  -- 4 : 6 = 0.5179
  -- 4 : 7 = 0.6394
  -- 4 : 8 = 0.3798
  -- 4 : 9 = 0.8327
  -- 4 : 10 = 0.0793
  -- 5 : 1 = 0.173
  -- 5 : 2 = 0.9111
  -- 5 : 3 = 0.8249
  -- 5 : 4 = 0.3972
  -- 5 : 5 = 0.1774
  -- 5 : 6 = 0.4547
  -- 5 : 7 = 0.1258
  -- 5 : 8 = 0.7695
  -- 5 : 9 = 0.0688
  -- 5 : 10 = 0.6832
  -- 6 : 1 = 0.6537
  -- 6 : 2 = 0.1648
  -- 6 : 3 = 0.1963
  -- 6 : 4 = 0.1655
  -- 6 : 5 = 0.278
  -- 6 : 6 = 0.2239
  -- 6 : 7 = 0.5893
  -- 6 : 8 = 0.0246
  -- 6 : 9 = 0.0009
  -- 6 : 10 = 0.894
  -- 7 : 1 = 0.5051
  -- 7 : 2 = 0.6149
  -- 7 : 3 = 0.9287
  -- 7 : 4 = 0.6022
  -- 7 : 5 = 0.3414
  -- 7 : 6 = 0.1146
  -- 7 : 7 = 0.8192
  -- 7 : 8 = 0.0217
  -- 7 : 9 = 0.6158
  -- 7 : 10 = 0.4608
  -- 8 : 1 = 0.0314
  -- 8 : 2 = 0.2328
  -- 8 : 3 = 0.238
  -- 8 : 4 = 0.4326
  -- 8 : 5 = 0.8487
  -- 8 : 6 = 0.7324
  -- 8 : 7 = 0.8228
  -- 8 : 8 = 0.6772
  -- 8 : 9 = 0.8777
  -- 8 : 10 = 0.9691
  -- 9 : 1 = 0.3475
  -- 9 : 2 = 0.4851
  -- 9 : 3 = 0.3882
  -- 9 : 4 = 0.8588
  -- 9 : 5 = 0.8229
  -- 9 : 6 = 0.571
  -- 9 : 7 = 0.9547
  -- 9 : 8 = 0.3578
  -- 9 : 9 = 0.961
  -- 9 : 10 = 0.2659
  -- 10 : 1 = 0.5611
  -- 10 : 2 = 0.5319
  -- 10 : 3 = 0.7833
  -- 10 : 4 = 0.1471
  -- 10 : 5 = 0.0651
  -- 10 : 6 = 0.6003
  -- 10 : 7 = 0.431
  -- 10 : 8 = 0.9721
  -- 10 : 9 = 0.5215
  -- 10 : 10 = 0.2845
  Inner Net 2
  -- 1 : 1 = -0.1032
  -- 1 : 2 = 0.3829
  -- 2 : 1 = -0.057502
  -- 2 : 2 = 0.2545
  -- 3 : 1 = 0.111
  -- 3 : 2 = 0.122
  -- 4 : 1 = -0.1305
  -- 4 : 2 = 0.4667
  -- 5 : 1 = 0.250698
  -- 5 : 2 = -0.200286
  -- 6 : 1 = -0.1268
  -- 6 : 2 = 0.4619
  -- 7 : 1 = 0.0115108
  -- 7 : 2 = -0.1408
  -- 8 : 1 = -0.134271
  -- 8 : 2 = -0.0454
  -- 9 : 1 = -0.0620269
  -- 9 : 2 = 0.413
  -- 10 : 1 = -0.1104
  -- 10 : 2 = -0.0591588
Out\Act	False		True
False	0.715374	0.126606	0.84198
True	0.0985245	0.0594955	0.15802
	0.813898	0.186102
	Accuracy [ (tp + tn) / testSize ]: 0.774869
	Precision [ tp / (tp + fp) ]:      0.318878
	Sensitivity [ tp / (tp + fn) ]:    0.375375
	Specificity [ tn / (tn + fp) ]:    0.849153
	F-Score [ 2tp / (2tp + fp + fn) ]: 0.345304
Particle (0):: Fit: 28.6962	PB: 28.6962	LB: 76.1769	GB: 76.1769	Conf: 2	Pts: 110198
Particle (2):: Fit: 25.9184	PB: 25.9184	LB: 76.1769	GB: 76.1769	Conf: 2	Pts: 55198
Particle (3):: Fit: 31.298	PB: 31.298	LB: 76.1769	GB: 76.1769	Conf: 1.69436	Pts: 60198
Particle (5):: Fit: 31.232	PB: 31.232	LB: 76.1769	GB: 76.1769	Conf: 2	Pts: 55198
Particle (6):: Fit: 31.232	PB: 31.232	LB: 68.0556	GB: 76.1769	Conf: 2	Pts: 55198
Particle (7):: Fit: 38.3098	PB: 38.3098	LB: 68.0556	GB: 76.1769	Conf: 1.22837	Pts: 65198
Particle (9):: Fit: 69.0822	PB: 69.0822	LB: 69.0822	GB: 76.1769	Conf: 0.916308	Pts: 95198
Particle (11):: Fit: 61.8935	PB: 61.8935	LB: 69.0822	GB: 76.1769	Conf: 0.68816	Pts: 60198
Particle (13):: Fit: 62.3697	PB: 62.3697	LB: 69.0822	GB: 76.1769	Conf: 1.89801	Pts: 70198
Particle (14):: Fit: 31.7292	PB: 31.7292	LB: 68.0556	GB: 76.1769	Conf: 1.0965	Pts: 55198
Particle (16):: Fit: 31.484	PB: 31.484	LB: 62.3697	GB: 76.1769	Conf: 1.61132	Pts: 55198
Particle (17):: Fit: 35.8241	PB: 35.8241	LB: 62.3697	GB: 76.1769	Conf: 2	Pts: 55198
Particle (20):: Fit: 29.042	PB: 29.042	LB: 39.3403	GB: 76.1769	Conf: 0.354393	Pts: 55197
Particle (21):: Fit: 33.5929	PB: 33.5929	LB: 39.3403	GB: 76.1769	Conf: 2	Pts: 65198
Particle (22):: Fit: 31.6653	PB: 31.6653	LB: 39.3403	GB: 76.1769	Conf: 0.233582	Pts: 55198
Particle (24):: Fit: 28.9956	PB: 28.9956	LB: 36.7177	GB: 76.1769	Conf: 0.741278	Pts: 55198
Particle (26):: Fit: 25.8682	PB: 25.8682	LB: 36.7177	GB: 76.1769	Conf: 1.8118	Pts: 55198
Particle (27):: Fit: 31.232	PB: 31.232	LB: 36.7177	GB: 76.1769	Conf: 2	Pts: 60198
Particle (30):: Fit: 28.586	PB: 28.586	LB: 36.7177	GB: 76.1769	Conf: 1.87213	Pts: 55198
Particle (31):: Fit: 34.266	PB: 34.266	LB: 36.7177	GB: 76.1769	Conf: 1.35591	Pts: 65198
Particle (32):: Fit: 28.6962	PB: 28.6962	LB: 36.7177	GB: 76.1769	Conf: 2	Pts: 55198
Particle (34):: Fit: 33.5929	PB: 33.5929	LB: 48.9882	GB: 76.1769	Conf: 2	Pts: 55198
Particle (35):: Fit: 31.232	PB: 31.232	LB: 48.9882	GB: 76.1769	Conf: 2	Pts: 60198
Particle (36):: Fit: 31.232	PB: 31.232	LB: 48.9882	GB: 76.1769	Conf: 2	Pts: 55198
Particle (41):: Fit: 33.5929	PB: 33.5929	LB: 48.9882	GB: 76.1769	Conf: 2	Pts: 60198
Particle (46):: Fit: 31.232	PB: 31.232	LB: 76.1769	GB: 76.1769	Conf: 2	Pts: 50198
Particle (47):: Fit: 37.0128	PB: 37.0128	LB: 76.1769	GB: 76.1769	Conf: 1.09841	Pts: 60198
Particle (48):: Fit: 31.1245	PB: 31.1245	LB: 76.1769	GB: 76.1769	Conf: 1.82525	Pts: 50198
Particle (0):: Fit: 33.5929	PB: 33.5929	LB: 76.1769	GB: 76.1769	Conf: 2	Pts: 110297
Particle (2):: Fit: 28.6962	PB: 28.6962	LB: 76.1769	GB: 76.1769	Conf: 2	Pts: 55297
Particle (6):: Fit: 33.5929	PB: 33.5929	LB: 69.0822	GB: 76.1769	Conf: 2	Pts: 55297
Particle (11):: Fit: 62.7552	PB: 62.7552	LB: 69.0822	GB: 76.1769	Conf: 0.760592	Pts: 65297
Particle (13):: Fit: 62.3751	PB: 62.3751	LB: 69.0822	GB: 76.1769	Conf: 1.60567	Pts: 80297
Particle (15):: Fit: 33.5929	PB: 33.5929	LB: 62.7552	GB: 76.1769	Conf: 2	Pts: 60197
Particle (16):: Fit: 34.3259	PB: 34.3259	LB: 62.3751	GB: 76.1769	Conf: 1.30682	Pts: 55297
Particle (18):: Fit: 44.8434	PB: 44.8434	LB: 44.8434	GB: 76.1769	Conf: 1.17505	Pts: 105197
Particle (19):: Fit: 62.3216	PB: 62.3216	LB: 62.3216	GB: 76.1769	Conf: 1.45458	Pts: 85197
Particle (21):: Fit: 35.8241	PB: 35.8241	LB: 62.3216	GB: 76.1769	Conf: 2	Pts: 65297
Particle (23):: Fit: 7.00481	PB: 7.00481	LB: 62.3216	GB: 76.1769	Conf: 0.949877	Pts: 60197
Particle (24):: Fit: 34.5192	PB: 34.5192	LB: 36.7177	GB: 76.1769	Conf: 0.49784	Pts: 55297
Particle (25):: Fit: 37.9589	PB: 37.9589	LB: 37.9589	GB: 76.1769	Conf: 2	Pts: 100197
Particle (28):: Fit: 44.6411	PB: 44.6411	LB: 44.6411	GB: 76.1769	Conf: 1.02734	Pts: 145196
Particle (29):: Fit: 35.8241	PB: 35.8241	LB: 44.6411	GB: 76.1769	Conf: 2	Pts: 60197
Particle (30):: Fit: 48.0206	PB: 48.0206	LB: 48.0206	GB: 76.1769	Conf: 1.87911	Pts: 100297
Particle (31):: Fit: 75.4417	PB: 75.4417	LB: 75.4417	GB: 76.1769	Conf: 1.68955	Pts: 115297
Particle (37):: Fit: 31.232	PB: 31.232	LB: 48.9882	GB: 76.1769	Conf: 2	Pts: 55197
Particle (40):: Fit: 29.0604	PB: 29.0604	LB: 48.9882	GB: 76.1769	Conf: 0.426388	Pts: 55197
Particle (44):: Fit: 28.6655	PB: 28.6655	LB: 37.0128	GB: 76.1769	Conf: 1.40469	Pts: 50197
Particle (48):: Fit: 68.0431	PB: 68.0431	LB: 76.1769	GB: 76.1769	Conf: 1.85255	Pts: 65297
Particle (2):: Fit: 31.232	PB: 31.232	LB: 76.1769	GB: 76.1769	Conf: 2	Pts: 55396
Particle (3):: Fit: 35.8241	PB: 35.8241	LB: 76.1769	GB: 76.1769	Conf: 2	Pts: 60296
Particle (10):: Fit: 68.4936	PB: 68.4936	LB: 69.0822	GB: 76.1769	Conf: 1.78013	Pts: 100196
Particle (12):: Fit: 63.4267	PB: 63.4267	LB: 69.0822	GB: 76.1769	Conf: 1.00445	Pts: 70196
Particle (14):: Fit: 34.3169	PB: 34.3169	LB: 68.4936	GB: 76.1769	Conf: 1.01322	Pts: 55295
Particle (18):: Fit: 45.4779	PB: 45.4779	LB: 62.3216	GB: 76.1769	Conf: 1.59564	Pts: 105296
Particle (23):: Fit: 34.5046	PB: 34.5046	LB: 62.3216	GB: 76.1769	Conf: 0.923289	Pts: 60296
Particle (26):: Fit: 35.8241	PB: 35.8241	LB: 75.4417	GB: 76.1769	Conf: 2	Pts: 55296
Particle (30):: Fit: 73.393	PB: 73.393	LB: 75.4417	GB: 76.1769	Conf: 1.89192	Pts: 105396
Particle (35):: Fit: 34.0028	PB: 34.0028	LB: 75.4417	GB: 76.1769	Conf: 1.66328	Pts: 60296
Particle (43):: Fit: 37.9589	PB: 37.9589	LB: 68.0431	GB: 76.1769	Conf: 2	Pts: 60196
Particle (47):: Fit: 44.2876	PB: 44.2876	LB: 76.1769	GB: 76.1769	Conf: 1.19065	Pts: 60296
Particle (49):: Fit: 33.5929	PB: 33.5929	LB: 76.1769	GB: 76.1769	Conf: 2	Pts: 50196
Particle (5):: Fit: 33.5929	PB: 33.5929	LB: 76.1769	GB: 76.1769	Conf: 2	Pts: 55295
Particle (18):: Fit: 67.924	PB: 67.924	LB: 67.924	GB: 76.1769	Conf: 1.50219	Pts: 145395
Particle (28):: Fit: 57.477	PB: 57.477	LB: 75.4417	GB: 76.1769	Conf: 0.452742	Pts: 150293
Particle (36):: Fit: 33.5929	PB: 33.5929	LB: 48.9882	GB: 76.1769	Conf: 2	Pts: 55295
Particle (40):: Fit: 31.5243	PB: 31.5243	LB: 48.9882	GB: 76.1769	Conf: 0.138689	Pts: 55295
Particle (45):: Fit: 31.232	PB: 31.232	LB: 68.0431	GB: 76.1769	Conf: 2	Pts: 50195
Particle (47):: Fit: 58.8494	PB: 58.8494	LB: 76.1769	GB: 76.1769	Conf: 1.07586	Pts: 65395
Particle (2):: Fit: 33.5929	PB: 33.5929	LB: 76.1769	GB: 76.1769	Conf: 2	Pts: 55494
Particle (7):: Fit: 39.1724	PB: 39.1724	LB: 69.0822	GB: 76.1769	Conf: 0.69345	Pts: 65294
Particle (12):: Fit: 68.225	PB: 68.225	LB: 69.0822	GB: 76.1769	Conf: 1.05754	Pts: 80294
Particle (13):: Fit: 74.0174	PB: 74.0174	LB: 74.0174	GB: 76.1769	Conf: 1.72709	Pts: 130394
Particle (17):: Fit: 40.0216	PB: 40.0216	LB: 74.0174	GB: 76.1769	Conf: 2	Pts: 55294
Particle (39):: Fit: 67.7643	PB: 67.7643	LB: 67.7643	GB: 76.1769	Conf: 1.8045	Pts: 135194
Particle (41):: Fit: 35.8241	PB: 35.8241	LB: 67.7643	GB: 76.1769	Conf: 2	Pts: 60294
Particle (42):: Fit: 33.5929	PB: 33.5929	LB: 67.7643	GB: 76.1769	Conf: 2	Pts: 60194
Particle (45):: Fit: 33.8186	PB: 33.8186	LB: 68.0431	GB: 76.1769	Conf: 1.88954	Pts: 50294
Particle (0):: Fit: 37.9589	PB: 37.9589	LB: 76.1769	GB: 76.1769	Conf: 2	Pts: 110393
Particle (2):: Fit: 35.8241	PB: 35.8241	LB: 76.1769	GB: 76.1769	Conf: 2	Pts: 55593
Particle (7):: Fit: 46.3476	PB: 46.3476	LB: 69.0822	GB: 76.1769	Conf: 1.18501	Pts: 65393
Particle (8):: Fit: 54.6173	PB: 54.6173	LB: 74.0174	GB: 76.1769	Conf: 0.602431	Pts: 85193
Particle (29):: Fit: 60.4013	PB: 60.4013	LB: 75.4417	GB: 76.1769	Conf: 1.61182	Pts: 65293
Particle (32):: Fit: 35.8241	PB: 35.8241	LB: 75.4417	GB: 76.1769	Conf: 2	Pts: 55293
Particle (44):: Fit: 28.8377	PB: 28.8377	LB: 68.0431	GB: 76.1769	Conf: 1.08433	Pts: 50293
Particle (11):: Fit: 73.0155	PB: 73.0155	LB: 74.0174	GB: 76.1769	Conf: 1.18178	Pts: 75392
Particle (13):: Fit: 74.1208	PB: 74.1208	LB: 74.1208	GB: 76.1769	Conf: 1.77695	Pts: 180492
Particle (44):: Fit: 33.5263	PB: 33.5263	LB: 68.0431	GB: 76.1769	Conf: 1.19891	Pts: 50392
Particle (5):: Fit: 35.8241	PB: 35.8241	LB: 76.1769	GB: 76.1769	Conf: 2	Pts: 55391
Particle (12):: Fit: 75.562	PB: 75.562	LB: 75.562	GB: 76.1769	Conf: 1.0978	Pts: 130391
Particle (14):: Fit: 49.6663	PB: 49.6663	LB: 75.562	GB: 76.1769	Conf: 0.907362	Pts: 55389
Particle (39):: Fit: 73.3945	PB: 73.3945	LB: 73.3945	GB: 76.1769	Conf: 1.89433	Pts: 175291
Particle (44):: Fit: 56.349	PB: 56.349	LB: 68.0431	GB: 76.1769	Conf: 1.73907	Pts: 50491
Particle (3):: Fit: 56.2739	PB: 56.2739	LB: 76.1769	GB: 76.1769	Conf: 1.77694	Pts: 60390
Particle (19):: Fit: 67.6235	PB: 67.6235	LB: 67.924	GB: 76.1769	Conf: 1.35989	Pts: 90290
Particle (20):: Fit: 31.78	PB: 31.78	LB: 67.924	GB: 76.1769	Conf: 0.851304	Pts: 55289
Particle (25):: Fit: 82.9581	PB: 82.9581	LB: 82.9581	GB: 82.9581	Conf: 1.88525	Pts: 160290
Particle (27):: Fit: 35.8241	PB: 35.8241	LB: 82.9581	GB: 82.9581	Conf: 2	Pts: 60290
Particle (31):: Fit: 84.2303	PB: 84.2303	LB: 84.2303	GB: 84.2303	Conf: 1.48988	Pts: 175390
Particle (37):: Fit: 32.7015	PB: 32.7015	LB: 73.3945	GB: 84.2303	Conf: 1.87905	Pts: 55290
Global: 84.2303 - Correct: 50% of 10 tests
Global Best: 
  Inner Net 1
  -- 1 : 1 = 0.0052
  -- 1 : 2 = 0.4062
  -- 1 : 3 = 0.8621
  -- 1 : 4 = 0.0553
  -- 1 : 5 = 0.5417
  -- 1 : 6 = 0.5088
  -- 1 : 7 = 0.0326
  -- 1 : 8 = 0.0959
  -- 1 : 9 = 0.1414
  -- 1 : 10 = 0.1981
  -- 2 : 1 = 0.8802
  -- 2 : 2 = 0.1737
  -- 2 : 3 = 0.3312
  -- 2 : 4 = 0.7642
  -- 2 : 5 = 0.0525
  -- 2 : 6 = 0.3218
  -- 2 : 7 = 0.2932
  -- 2 : 8 = 0.07
  -- 2 : 9 = 0.2633
  -- 2 : 10 = 0.8982
  -- 3 : 1 = 0.8625
  -- 3 : 2 = 0.9067
  -- 3 : 3 = 0.7824
  -- 3 : 4 = 0.0341
  -- 3 : 5 = 0.7382
  -- 3 : 6 = 0.9379
  -- 3 : 7 = 0.1419
  -- 3 : 8 = 0.2647
  -- 3 : 9 = 0.6845
  -- 3 : 10 = 0.7854
  -- 4 : 1 = 0.9282
  -- 4 : 2 = 0.9903
  -- 4 : 3 = 0.8104
  -- 4 : 4 = 0.1503
  -- 4 : 5 = 0.8661
  -- 4 : 6 = 0.4835
  -- 4 : 7 = 0.8298
  -- 4 : 8 = 0.6144
  -- 4 : 9 = 0.7243
  -- 4 : 10 = 0.0714
  -- 5 : 1 = 0.1594
  -- 5 : 2 = 0.8174
  -- 5 : 3 = 0.2936
  -- 5 : 4 = 0.3975
  -- 5 : 5 = 0.9684
  -- 5 : 6 = 0.4227
  -- 5 : 7 = 0.2004
  -- 5 : 8 = 0.8821
  -- 5 : 9 = 0.12
  -- 5 : 10 = 0.7204
  -- 6 : 1 = 0.081
  -- 6 : 2 = 0.394
  -- 6 : 3 = 0.4839
  -- 6 : 4 = 0.2524
  -- 6 : 5 = 0.435
  -- 6 : 6 = 0.7603
  -- 6 : 7 = 0.6211
  -- 6 : 8 = 0.6745
  -- 6 : 9 = 0.9603
  -- 6 : 10 = 0.0654
  -- 7 : 1 = 0.5542
  -- 7 : 2 = 0.919
  -- 7 : 3 = 0.0252
  -- 7 : 4 = 0.3658
  -- 7 : 5 = 0.8206
  -- 7 : 6 = 0.8105
  -- 7 : 7 = 0.8497
  -- 7 : 8 = 0.8334
  -- 7 : 9 = 0.8328
  -- 7 : 10 = 0.1981
  -- 8 : 1 = 0.6677
  -- 8 : 2 = 0.0628
  -- 8 : 3 = 0.1106
  -- 8 : 4 = 0.2659
  -- 8 : 5 = 0.9493
  -- 8 : 6 = 0.8753
  -- 8 : 7 = 0.6245
  -- 8 : 8 = 0.298
  -- 8 : 9 = 0.1091
  -- 8 : 10 = 0.3281
  -- 9 : 1 = 0.6787
  -- 9 : 2 = 0.393
  -- 9 : 3 = 0.6708
  -- 9 : 4 = 0.1207
  -- 9 : 5 = 0.3245
  -- 9 : 6 = 0.3568
  -- 9 : 7 = 0.0998
  -- 9 : 8 = 0.122
  -- 9 : 9 = 0.0104
  -- 9 : 10 = 0.6535
  -- 10 : 1 = 0.1063
  -- 10 : 2 = 0.8276
  -- 10 : 3 = 0.1985
  -- 10 : 4 = 0.9658
  -- 10 : 5 = 0.6722
  -- 10 : 6 = 0.3921
  -- 10 : 7 = 0.5919
  -- 10 : 8 = 0.154
  -- 10 : 9 = 0.1163
  -- 10 : 10 = 0.0147
  Inner Net 2
  -- 1 : 1 = 0.65228
  -- 1 : 2 = 0.31043
  -- 2 : 1 = 0.527777
  -- 2 : 2 = 0.239422
  -- 3 : 1 = 0.403425
  -- 3 : 2 = -0.0466422
  -- 4 : 1 = -0.362144
  -- 4 : 2 = 0.0996939
  -- 5 : 1 = 0.132019
  -- 5 : 2 = 0.00663401
  -- 6 : 1 = -0.41578
  -- 6 : 2 = 0.0791275
  -- 7 : 1 = -0.253009
  -- 7 : 2 = -0.208335
  -- 8 : 1 = -0.037895
  -- 8 : 2 = -0.175223
  -- 9 : 1 = 0.329303
  -- 9 : 2 = -0.165828
  -- 10 : 1 = -0.829747
  -- 10 : 2 = 0.267447
Out\Act	False		True
False	0.84198	0	0.84198
True	0.15802	0	0.15802
	1	0
	Accuracy [ (tp + tn) / testSize ]: 0.84198
	Precision [ tp / (tp + fp) ]:      0
	Sensitivity [ tp / (tp + fn) ]:    0
	Specificity [ tn / (tn + fp) ]:    0.999435
	F-Score [ 2tp / (2tp + fp + fn) ]: 0
Particle (34):: Fit: 35.8241	PB: 35.8241	LB: 84.2303	GB: 84.2303	Conf: 2	Pts: 55289
Particle (46):: Fit: 33.5929	PB: 33.5929	LB: 76.1769	GB: 84.2303	Conf: 2	Pts: 50289
Particle (6):: Fit: 35.8241	PB: 35.8241	LB: 73.0155	GB: 84.2303	Conf: 2	Pts: 55388
Particle (13):: Fit: 74.4947	PB: 74.4947	LB: 75.562	GB: 84.2303	Conf: 1.71181	Pts: 185588
Particle (16):: Fit: 36.3872	PB: 36.3872	LB: 75.562	GB: 84.2303	Conf: 1.56603	Pts: 55387
Particle (30):: Fit: 78.3013	PB: 78.3013	LB: 84.2303	GB: 84.2303	Conf: 1.88779	Pts: 105488
Particle (38):: Fit: 35.8241	PB: 35.8241	LB: 73.3945	GB: 84.2303	Conf: 2	Pts: 100188
Particle (44):: Fit: 68.991	PB: 68.991	LB: 68.991	GB: 84.2303	Conf: 1.46599	Pts: 60588
Particle (14):: Fit: 50.7101	PB: 50.7101	LB: 75.562	GB: 84.2303	Conf: 1.18492	Pts: 55484
Particle (15):: Fit: 35.8241	PB: 35.8241	LB: 75.562	GB: 84.2303	Conf: 2	Pts: 60287
Particle (35):: Fit: 68.1317	PB: 68.1317	LB: 84.2303	GB: 84.2303	Conf: 1.89904	Pts: 60387
Particle (37):: Fit: 35.8241	PB: 35.8241	LB: 73.3945	GB: 84.2303	Conf: 2	Pts: 55387
Particle (4):: Fit: 44.8343	PB: 44.8343	LB: 76.1769	GB: 84.2303	Conf: 0.942452	Pts: 65185
Particle (7):: Fit: 62.9311	PB: 62.9311	LB: 75.562	GB: 84.2303	Conf: 1.24658	Pts: 65485
Particle (16):: Fit: 36.9521	PB: 36.9521	LB: 75.562	GB: 84.2303	Conf: 1.39414	Pts: 55485
Particle (18):: Fit: 73.4747	PB: 73.4747	LB: 73.4747	GB: 84.2303	Conf: 1.34468	Pts: 155486
Particle (24):: Fit: 36.4212	PB: 36.4212	LB: 82.9581	GB: 84.2303	Conf: 0.175004	Pts: 55386
Particle (33):: Fit: 35.8241	PB: 35.8241	LB: 84.2303	GB: 84.2303	Conf: 2	Pts: 75186
Particle (35):: Fit: 78.3033	PB: 78.3033	LB: 84.2303	GB: 84.2303	Conf: 1.88967	Pts: 80485
Particle (40):: Fit: 31.7803	PB: 31.7803	LB: 73.3945	GB: 84.2303	Conf: 0.349026	Pts: 55384
Particle (14):: Fit: 61.5579	PB: 61.5579	LB: 75.562	GB: 84.2303	Conf: 0.906301	Pts: 55581
Particle (19):: Fit: 72.8189	PB: 72.8189	LB: 73.4747	GB: 84.2303	Conf: 1.6148	Pts: 90384
Particle (4):: Fit: 49.6272	PB: 49.6272	LB: 76.1769	GB: 84.2303	Conf: 0.654432	Pts: 65281
Particle (10):: Fit: 73.1131	PB: 73.1131	LB: 75.562	GB: 84.2303	Conf: 1.52869	Pts: 105283
Particle (16):: Fit: 62.3298	PB: 62.3298	LB: 75.562	GB: 84.2303	Conf: 1.70899	Pts: 55582
Particle (44):: Fit: 79.1242	PB: 79.1242	LB: 79.1242	GB: 84.2303	Conf: 1.6124	Pts: 110683
Particle (45):: Fit: 35.8241	PB: 35.8241	LB: 79.1242	GB: 84.2303	Conf: 2	Pts: 50383
Particle (47):: Fit: 60.0949	PB: 60.0949	LB: 79.1242	GB: 84.2303	Conf: 0.934762	Pts: 65483
Particle (19):: Fit: 73.3727	PB: 73.3727	LB: 73.4747	GB: 84.2303	Conf: 1.87725	Pts: 90482
Particle (46):: Fit: 35.8241	PB: 35.8241	LB: 79.1242	GB: 84.2303	Conf: 2	Pts: 50381
Particle (45):: Fit: 37.9589	PB: 37.9589	LB: 79.1242	GB: 84.2303	Conf: 2	Pts: 50480
Particle (1):: Fit: 78.0414	PB: 78.0414	LB: 78.0414	GB: 84.2303	Conf: 1.45449	Pts: 145179
Particle (10):: Fit: 73.502	PB: 73.502	LB: 75.562	GB: 84.2303	Conf: 1.70625	Pts: 110379
Particle (3):: Fit: 56.3343	PB: 56.3343	LB: 78.0414	GB: 84.2303	Conf: 1.65106	Pts: 60478
Particle (10):: Fit: 73.8642	PB: 73.8642	LB: 75.562	GB: 84.2303	Conf: 1.70262	Pts: 115478
Particle (42):: Fit: 35.8241	PB: 35.8241	LB: 79.1242	GB: 84.2303	Conf: 2	Pts: 60278
Particle (20):: Fit: 31.7983	PB: 31.7983	LB: 82.9581	GB: 84.2303	Conf: 0.825506	Pts: 55375
Particle (22):: Fit: 34.4909	PB: 34.4909	LB: 82.9581	GB: 84.2303	Conf: 0.941215	Pts: 55273
Particle (40):: Fit: 31.8686	PB: 31.8686	LB: 79.1242	GB: 84.2303	Conf: 0.603165	Pts: 55474
Particle (42):: Fit: 78.3082	PB: 78.3082	LB: 79.1242	GB: 84.2303	Conf: 1.89765	Pts: 70376
Particle (49):: Fit: 35.8241	PB: 35.8241	LB: 78.0414	GB: 84.2303	Conf: 2	Pts: 50276
Particle (16):: Fit: 72.9849	PB: 72.9849	LB: 75.562	GB: 84.2303	Conf: 1.67314	Pts: 55674
Particle (20):: Fit: 34.4712	PB: 34.4712	LB: 82.9581	GB: 84.2303	Conf: 0.96423	Pts: 55474
Particle (3):: Fit: 62.357	PB: 62.357	LB: 78.0414	GB: 84.2303	Conf: 1.8797	Pts: 60574
Particle (7):: Fit: 65.0137	PB: 65.0137	LB: 75.562	GB: 84.2303	Conf: 1.44522	Pts: 65572
Particle (23):: Fit: 34.5767	PB: 34.5767	LB: 82.9581	GB: 84.2303	Conf: 0.643362	Pts: 60369
Particle (28):: Fit: 57.587	PB: 57.587	LB: 84.2303	GB: 84.2303	Conf: 0.475129	Pts: 150372
Particle (3):: Fit: 68.1256	PB: 68.1256	LB: 78.0414	GB: 84.2303	Conf: 1.8874	Pts: 60673
Particle (40):: Fit: 34.57	PB: 34.57	LB: 79.1242	GB: 84.2303	Conf: 0.788271	Pts: 55571
Particle (20):: Fit: 34.5766	PB: 34.5766	LB: 82.9581	GB: 84.2303	Conf: 0.642326	Pts: 55571
Particle (29):: Fit: 68.0651	PB: 68.0651	LB: 84.2303	GB: 84.2303	Conf: 1.8588	Pts: 65372
Particle (41):: Fit: 37.9589	PB: 37.9589	LB: 79.1242	GB: 84.2303	Conf: 2	Pts: 60371
Particle (28):: Fit: 58.4289	PB: 58.4289	LB: 84.2303	GB: 84.2303	Conf: 1.0553	Pts: 150467
Particle (19):: Fit: 79.6246	PB: 79.6246	LB: 79.6246	GB: 84.2303	Conf: 1.77649	Pts: 120568
Particle (9):: Fit: 69.3841	PB: 69.3841	LB: 75.562	GB: 84.2303	Conf: 0.944532	Pts: 95267
Particle (26):: Fit: 68.1268	PB: 68.1268	LB: 84.2303	GB: 84.2303	Conf: 1.88874	Pts: 55367
Particle (14):: Fit: 69.4104	PB: 69.4104	LB: 79.6246	GB: 84.2303	Conf: 1.27533	Pts: 55663
Particle (48):: Fit: 69.2549	PB: 69.2549	LB: 79.1242	GB: 84.2303	Conf: 1.5846	Pts: 65366
Particle (22):: Fit: 37.132	PB: 37.132	LB: 82.9581	GB: 84.2303	Conf: 0.543897	Pts: 55361
Particle (47):: Fit: 63.2876	PB: 63.2876	LB: 79.1242	GB: 84.2303	Conf: 1.05519	Pts: 65564
Particle (23):: Fit: 34.5792	PB: 34.5792	LB: 82.9581	GB: 84.2303	Conf: 0.66097	Pts: 60455
Particle (18):: Fit: 80.4235	PB: 80.4235	LB: 80.4235	GB: 84.2303	Conf: 1.46973	Pts: 190557
Particle (26):: Fit: 73.0559	PB: 73.0559	LB: 84.2303	GB: 84.2303	Conf: 1.81329	Pts: 55458
Particle (40):: Fit: 36.0898	PB: 36.0898	LB: 79.1242	GB: 84.2303	Conf: 0.0720154	Pts: 55656
Particle (8):: Fit: 58.2507	PB: 58.2507	LB: 75.562	GB: 84.2303	Conf: 1.14216	Pts: 85254
Particle (35):: Fit: 79.241	PB: 79.241	LB: 84.2303	GB: 84.2303	Conf: 1.68764	Pts: 100557
Particle (38):: Fit: 37.9589	PB: 37.9589	LB: 79.241	GB: 84.2303	Conf: 2	Pts: 100257
Particle (1):: Fit: 84.3784	PB: 84.3784	LB: 84.3784	GB: 84.3784	Conf: 1.59293	Pts: 205256
Particle (28):: Fit: 75.5881	PB: 75.5881	LB: 84.2303	GB: 84.3784	Conf: 0.749984	Pts: 150550
Global: 84.3784 - Correct: 50% of 10 tests
Global Best: 
  Inner Net 1
  -- 1 : 1 = 0.5139
  -- 1 : 2 = 0.8572
  -- 1 : 3 = 0.6133
  -- 1 : 4 = 0.2762
  -- 1 : 5 = 0.3086
  -- 1 : 6 = 0.1285
  -- 1 : 7 = 0.5062
  -- 1 : 8 = 0.7781
  -- 1 : 9 = 0.1449
  -- 1 : 10 = 0.3287
  -- 2 : 1 = 0.9423
  -- 2 : 2 = 0.7635
  -- 2 : 3 = 0.2673
  -- 2 : 4 = 0.167
  -- 2 : 5 = 0.4863
  -- 2 : 6 = 0.5448
  -- 2 : 7 = 0.3759
  -- 2 : 8 = 0.7175
  -- 2 : 9 = 0.478
  -- 2 : 10 = 0.6549
  -- 3 : 1 = 0.6044
  -- 3 : 2 = 0.2783
  -- 3 : 3 = 0.0098
  -- 3 : 4 = 0.8498
  -- 3 : 5 = 0.8564
  -- 3 : 6 = 0.4955
  -- 3 : 7 = 0.3102
  -- 3 : 8 = 0.9053
  -- 3 : 9 = 0.6138
  -- 3 : 10 = 0.0258
  -- 4 : 1 = 0.2043
  -- 4 : 2 = 0.813
  -- 4 : 3 = 0.1837
  -- 4 : 4 = 0.1257
  -- 4 : 5 = 0.5642
  -- 4 : 6 = 0.5179
  -- 4 : 7 = 0.6394
  -- 4 : 8 = 0.3798
  -- 4 : 9 = 0.8327
  -- 4 : 10 = 0.0793
  -- 5 : 1 = 0.173
  -- 5 : 2 = 0.9111
  -- 5 : 3 = 0.8249
  -- 5 : 4 = 0.3972
  -- 5 : 5 = 0.1774
  -- 5 : 6 = 0.4547
  -- 5 : 7 = 0.1258
  -- 5 : 8 = 0.7695
  -- 5 : 9 = 0.0688
  -- 5 : 10 = 0.6832
  -- 6 : 1 = 0.6537
  -- 6 : 2 = 0.1648
  -- 6 : 3 = 0.1963
  -- 6 : 4 = 0.1655
  -- 6 : 5 = 0.278
  -- 6 : 6 = 0.2239
  -- 6 : 7 = 0.5893
  -- 6 : 8 = 0.0246
  -- 6 : 9 = 0.0009
  -- 6 : 10 = 0.894
  -- 7 : 1 = 0.5051
  -- 7 : 2 = 0.6149
  -- 7 : 3 = 0.9287
  -- 7 : 4 = 0.6022
  -- 7 : 5 = 0.3414
  -- 7 : 6 = 0.1146
  -- 7 : 7 = 0.8192
  -- 7 : 8 = 0.0217
  -- 7 : 9 = 0.6158
  -- 7 : 10 = 0.4608
  -- 8 : 1 = 0.0314
  -- 8 : 2 = 0.2328
  -- 8 : 3 = 0.238
  -- 8 : 4 = 0.4326
  -- 8 : 5 = 0.8487
  -- 8 : 6 = 0.7324
  -- 8 : 7 = 0.8228
  -- 8 : 8 = 0.6772
  -- 8 : 9 = 0.8777
  -- 8 : 10 = 0.9691
  -- 9 : 1 = 0.3475
  -- 9 : 2 = 0.4851
  -- 9 : 3 = 0.3882
  -- 9 : 4 = 0.8588
  -- 9 : 5 = 0.8229
  -- 9 : 6 = 0.571
  -- 9 : 7 = 0.9547
  -- 9 : 8 = 0.3578
  -- 9 : 9 = 0.961
  -- 9 : 10 = 0.2659
  -- 10 : 1 = 0.5611
  -- 10 : 2 = 0.5319
  -- 10 : 3 = 0.7833
  -- 10 : 4 = 0.1471
  -- 10 : 5 = 0.0651
  -- 10 : 6 = 0.6003
  -- 10 : 7 = 0.431
  -- 10 : 8 = 0.9721
  -- 10 : 9 = 0.5215
  -- 10 : 10 = 0.2845
  Inner Net 2
  -- 1 : 1 = 0.00582353
  -- 1 : 2 = 0.279394
  -- 2 : 1 = -0.0202193
  -- 2 : 2 = 0.0415686
  -- 3 : 1 = 0.182066
  -- 3 : 2 = 0.438485
  -- 4 : 1 = -0.177986
  -- 4 : 2 = 0.265768
  -- 5 : 1 = 0.513451
  -- 5 : 2 = -0.207224
  -- 6 : 1 = -0.207099
  -- 6 : 2 = 0.0187354
  -- 7 : 1 = -0.423747
  -- 7 : 2 = 0.000516054
  -- 8 : 1 = 0.0736837
  -- 8 : 2 = -0.0470905
  -- 9 : 1 = 0.258292
  -- 9 : 2 = 0.000515449
  -- 10 : 1 = -0.398816
  -- 10 : 2 = -0.00704865
Out\Act	False		True
False	0.712994	0.128986	0.84198
True	0.0975726	0.0604474	0.15802
	0.810566	0.189434
	Accuracy [ (tp + tn) / testSize ]: 0.773441
	Precision [ tp / (tp + fp) ]:      0.318296
	Sensitivity [ tp / (tp + fn) ]:    0.381381
	Specificity [ tn / (tn + fp) ]:    0.846328
	F-Score [ 2tp / (2tp + fp + fn) ]: 0.347469
Particle (37):: Fit: 62.3222	PB: 62.3222	LB: 79.241	GB: 84.3784	Conf: 1.86116	Pts: 55454
Particle (23):: Fit: 40.3344	PB: 40.3344	LB: 82.9581	GB: 84.3784	Conf: 0.7593	Pts: 60547
Particle (1):: Fit: 85.207	PB: 85.207	LB: 85.207	GB: 85.207	Conf: 1.60616	Pts: 265351
Particle (12):: Fit: 80.0135	PB: 80.0135	LB: 80.0135	GB: 85.207	Conf: 0.94735	Pts: 160450
Particle (31):: Fit: 87.4128	PB: 87.4128	LB: 87.4128	GB: 87.4128	Conf: 1.87371	Pts: 235451
Particle (36):: Fit: 35.8241	PB: 35.8241	LB: 79.241	GB: 87.4128	Conf: 2	Pts: 55351
Global: 87.4128 - Correct: 10% of 10 tests
Global Best: 
  Inner Net 1
  -- 1 : 1 = 0.0052
  -- 1 : 2 = 0.4062
  -- 1 : 3 = 0.8621
  -- 1 : 4 = 0.0553
  -- 1 : 5 = 0.5417
  -- 1 : 6 = 0.5088
  -- 1 : 7 = 0.0326
  -- 1 : 8 = 0.0959
  -- 1 : 9 = 0.1414
  -- 1 : 10 = 0.1981
  -- 2 : 1 = 0.8802
  -- 2 : 2 = 0.1737
  -- 2 : 3 = 0.3312
  -- 2 : 4 = 0.7642
  -- 2 : 5 = 0.0525
  -- 2 : 6 = 0.3218
  -- 2 : 7 = 0.2932
  -- 2 : 8 = 0.07
  -- 2 : 9 = 0.2633
  -- 2 : 10 = 0.8982
  -- 3 : 1 = 0.8625
  -- 3 : 2 = 0.9067
  -- 3 : 3 = 0.7824
  -- 3 : 4 = 0.0341
  -- 3 : 5 = 0.7382
  -- 3 : 6 = 0.9379
  -- 3 : 7 = 0.1419
  -- 3 : 8 = 0.2647
  -- 3 : 9 = 0.6845
  -- 3 : 10 = 0.7854
  -- 4 : 1 = 0.9282
  -- 4 : 2 = 0.9903
  -- 4 : 3 = 0.8104
  -- 4 : 4 = 0.1503
  -- 4 : 5 = 0.8661
  -- 4 : 6 = 0.4835
  -- 4 : 7 = 0.8298
  -- 4 : 8 = 0.6144
  -- 4 : 9 = 0.7243
  -- 4 : 10 = 0.0714
  -- 5 : 1 = 0.1594
  -- 5 : 2 = 0.8174
  -- 5 : 3 = 0.2936
  -- 5 : 4 = 0.3975
  -- 5 : 5 = 0.9684
  -- 5 : 6 = 0.4227
  -- 5 : 7 = 0.2004
  -- 5 : 8 = 0.8821
  -- 5 : 9 = 0.12
  -- 5 : 10 = 0.7204
  -- 6 : 1 = 0.081
  -- 6 : 2 = 0.394
  -- 6 : 3 = 0.4839
  -- 6 : 4 = 0.2524
  -- 6 : 5 = 0.435
  -- 6 : 6 = 0.7603
  -- 6 : 7 = 0.6211
  -- 6 : 8 = 0.6745
  -- 6 : 9 = 0.9603
  -- 6 : 10 = 0.0654
  -- 7 : 1 = 0.5542
  -- 7 : 2 = 0.919
  -- 7 : 3 = 0.0252
  -- 7 : 4 = 0.3658
  -- 7 : 5 = 0.8206
  -- 7 : 6 = 0.8105
  -- 7 : 7 = 0.8497
  -- 7 : 8 = 0.8334
  -- 7 : 9 = 0.8328
  -- 7 : 10 = 0.1981
  -- 8 : 1 = 0.6677
  -- 8 : 2 = 0.0628
  -- 8 : 3 = 0.1106
  -- 8 : 4 = 0.2659
  -- 8 : 5 = 0.9493
  -- 8 : 6 = 0.8753
  -- 8 : 7 = 0.6245
  -- 8 : 8 = 0.298
  -- 8 : 9 = 0.1091
  -- 8 : 10 = 0.3281
  -- 9 : 1 = 0.6787
  -- 9 : 2 = 0.393
  -- 9 : 3 = 0.6708
  -- 9 : 4 = 0.1207
  -- 9 : 5 = 0.3245
  -- 9 : 6 = 0.3568
  -- 9 : 7 = 0.0998
  -- 9 : 8 = 0.122
  -- 9 : 9 = 0.0104
  -- 9 : 10 = 0.6535
  -- 10 : 1 = 0.1063
  -- 10 : 2 = 0.8276
  -- 10 : 3 = 0.1985
  -- 10 : 4 = 0.9658
  -- 10 : 5 = 0.6722
  -- 10 : 6 = 0.3921
  -- 10 : 7 = 0.5919
  -- 10 : 8 = 0.154
  -- 10 : 9 = 0.1163
  -- 10 : 10 = 0.0147
  Inner Net 2
  -- 1 : 1 = 0.623874
  -- 1 : 2 = 0.0723504
  -- 2 : 1 = 0.238702
  -- 2 : 2 = -0.17749
  -- 3 : 1 = 0.513683
  -- 3 : 2 = -0.139814
  -- 4 : 1 = -0.570704
  -- 4 : 2 = -0.150058
  -- 5 : 1 = -0.083861
  -- 5 : 2 = -0.00687331
  -- 6 : 1 = -0.561948
  -- 6 : 2 = 0.170286
  -- 7 : 1 = -0.27108
  -- 7 : 2 = -0.0624195
  -- 8 : 1 = -0.0586732
  -- 8 : 2 = 0.2171
  -- 9 : 1 = 0.390602
  -- 9 : 2 = -0.283766
  -- 10 : 1 = -1
  -- 10 : 2 = 0.393569
Out\Act	False		True
False	0.84198	0	0.84198
True	0.15802	0	0.15802
	1	0
	Accuracy [ (tp + tn) / testSize ]: 0.84198
	Precision [ tp / (tp + fp) ]:      0
	Sensitivity [ tp / (tp + fn) ]:    0
	Specificity [ tn / (tn + fp) ]:    0.999435
	F-Score [ 2tp / (2tp + fp + fn) ]: 0
Particle (13):: Fit: 89.9274	PB: 89.9274	LB: 89.9274	GB: 89.9274	Conf: 1.36167	Pts: 245645
Global: 89.9274 - Correct: 40% of 10 tests
Global Best: 
  Inner Net 1
  -- 1 : 1 = 0.2125
  -- 1 : 2 = 0.4287
  -- 1 : 3 = 0.5476
  -- 1 : 4 = 0.6626
  -- 1 : 5 = 0.5124
  -- 1 : 6 = 0.6352
  -- 1 : 7 = 0.5046
  -- 1 : 8 = 0.352
  -- 1 : 9 = 0.4651
  -- 1 : 10 = 0.7764
  -- 2 : 1 = 0.3424
  -- 2 : 2 = 0.9383
  -- 2 : 3 = 0.741
  -- 2 : 4 = 0.6587
  -- 2 : 5 = 0.6129
  -- 2 : 6 = 0.3378
  -- 2 : 7 = 0.1446
  -- 2 : 8 = 0.2482
  -- 2 : 9 = 0.5345
  -- 2 : 10 = 0.0141
  -- 3 : 1 = 0.0417
  -- 3 : 2 = 0.0747
  -- 3 : 3 = 0.2127
  -- 3 : 4 = 0.6346
  -- 3 : 5 = 0.6256
  -- 3 : 6 = 0.289
  -- 3 : 7 = 0.1481
  -- 3 : 8 = 0.8946
  -- 3 : 9 = 0.0905
  -- 3 : 10 = 0.0002
  -- 4 : 1 = 0.3021
  -- 4 : 2 = 0.3897
  -- 4 : 3 = 0.5084
  -- 4 : 4 = 0.8208
  -- 4 : 5 = 0.2478
  -- 4 : 6 = 0.6357
  -- 4 : 7 = 0.8809
  -- 4 : 8 = 0.0325
  -- 4 : 9 = 0.7225
  -- 4 : 10 = 0.6512
  -- 5 : 1 = 0.037
  -- 5 : 2 = 0.4986
  -- 5 : 3 = 0.7689
  -- 5 : 4 = 0.9436
  -- 5 : 5 = 0.0803
  -- 5 : 6 = 0.7503
  -- 5 : 7 = 0.6295
  -- 5 : 8 = 0.4038
  -- 5 : 9 = 0.7791
  -- 5 : 10 = 0.2692
  -- 6 : 1 = 0.1814
  -- 6 : 2 = 0.1374
  -- 6 : 3 = 0.8189
  -- 6 : 4 = 0.1596
  -- 6 : 5 = 0.0734
  -- 6 : 6 = 0.6742
  -- 6 : 7 = 0.0323
  -- 6 : 8 = 0.0623
  -- 6 : 9 = 0.7559
  -- 6 : 10 = 0.1833
  -- 7 : 1 = 0.3121
  -- 7 : 2 = 0.0143
  -- 7 : 3 = 0.5033
  -- 7 : 4 = 0.2159
  -- 7 : 5 = 0.1537
  -- 7 : 6 = 0.8285
  -- 7 : 7 = 0.7697
  -- 7 : 8 = 0.4142
  -- 7 : 9 = 0.4685
  -- 7 : 10 = 0.0812
  -- 8 : 1 = 0.0598
  -- 8 : 2 = 0.8802
  -- 8 : 3 = 0.2322
  -- 8 : 4 = 0.4966
  -- 8 : 5 = 0.6989
  -- 8 : 6 = 0.3824
  -- 8 : 7 = 0.0548
  -- 8 : 8 = 0.5567
  -- 8 : 9 = 0.345
  -- 8 : 10 = 0.3975
  -- 9 : 1 = 0.6834
  -- 9 : 2 = 0.7239
  -- 9 : 3 = 0.4136
  -- 9 : 4 = 0.1849
  -- 9 : 5 = 0.1228
  -- 9 : 6 = 0.6595
  -- 9 : 7 = 0.6411
  -- 9 : 8 = 0.1209
  -- 9 : 9 = 0.125
  -- 9 : 10 = 0.5022
  -- 10 : 1 = 0.1891
  -- 10 : 2 = 0.242
  -- 10 : 3 = 0.547
  -- 10 : 4 = 0.9116
  -- 10 : 5 = 0.6692
  -- 10 : 6 = 0.6885
  -- 10 : 7 = 0.9604
  -- 10 : 8 = 0.0047
  -- 10 : 9 = 0.7204
  -- 10 : 10 = 0.2724
  Inner Net 2
  -- 1 : 1 = -0.161793
  -- 1 : 2 = -0.0963982
  -- 2 : 1 = -0.280562
  -- 2 : 2 = 0.0079254
  -- 3 : 1 = 0.459275
  -- 3 : 2 = -0.0270794
  -- 4 : 1 = -0.922455
  -- 4 : 2 = 0.434377
  -- 5 : 1 = 0.40544
  -- 5 : 2 = 0.0697785
  -- 6 : 1 = 0.308235
  -- 6 : 2 = -0.162832
  -- 7 : 1 = -0.321319
  -- 7 : 2 = 0.0029722
  -- 8 : 1 = -0.440411
  -- 8 : 2 = 0.195135
  -- 9 : 1 = -0.126925
  -- 9 : 2 = -0.00758668
  -- 10 : 1 = -0.979456
  -- 10 : 2 = -0.113515
Out\Act	False		True
False	0.84198	0	0.84198
True	0.15802	0	0.15802
	1	0
	Accuracy [ (tp + tn) / testSize ]: 0.84198
	Precision [ tp / (tp + fp) ]:      0
	Sensitivity [ tp / (tp + fn) ]:    0
	Specificity [ tn / (tn + fp) ]:    0.999435
	F-Score [ 2tp / (2tp + fp + fn) ]: 0
Particle (0):: Fit: 48.0238	PB: 48.0238	LB: 85.207	GB: 89.9274	Conf: 1.88582	Pts: 110443
Particle (20):: Fit: 36.3741	PB: 36.3741	LB: 82.9581	GB: 89.9274	Conf: 0.159222	Pts: 55638
Particle (11):: Fit: 81.8103	PB: 81.8103	LB: 89.9274	GB: 89.9274	Conf: 1.19216	Pts: 85440
Particle (36):: Fit: 37.9589	PB: 37.9589	LB: 79.241	GB: 89.9274	Conf: 2	Pts: 55436
Particle (12):: Fit: 84.5023	PB: 84.5023	LB: 89.9274	GB: 89.9274	Conf: 0.786696	Pts: 165534
Particle (32):: Fit: 37.9589	PB: 37.9589	LB: 87.4128	GB: 89.9274	Conf: 2	Pts: 55335
Particle (48):: Fit: 72.7821	PB: 72.7821	LB: 85.207	GB: 89.9274	Conf: 1.60025	Pts: 65434
Particle (9):: Fit: 79.1554	PB: 79.1554	LB: 89.9274	GB: 89.9274	Conf: 1.65791	Pts: 95334
Particle (3):: Fit: 68.1261	PB: 68.1261	LB: 85.207	GB: 89.9274	Conf: 1.88798	Pts: 60730
Particle (40):: Fit: 37.1839	PB: 37.1839	LB: 79.1242	GB: 89.9274	Conf: 0.992317	Pts: 55724
Particle (3):: Fit: 68.8845	PB: 68.8845	LB: 85.207	GB: 89.9274	Conf: 1.74211	Pts: 60829
Particle (12):: Fit: 86.0208	PB: 86.0208	LB: 89.9274	GB: 89.9274	Conf: 0.986997	Pts: 170627
Particle (10):: Fit: 74.2711	PB: 74.2711	LB: 89.9274	GB: 89.9274	Conf: 1.60316	Pts: 115527
Particle (22):: Fit: 40.4116	PB: 40.4116	LB: 82.9581	GB: 89.9274	Conf: 0.857886	Pts: 55417
Particle (29):: Fit: 68.0856	PB: 68.0856	LB: 87.4128	GB: 89.9274	Conf: 1.86567	Pts: 65425
Particle (2):: Fit: 37.9589	PB: 37.9589	LB: 85.207	GB: 89.9274	Conf: 2	Pts: 55624
Particle (47):: Fit: 76.7285	PB: 76.7285	LB: 85.207	GB: 89.9274	Conf: 0.999476	Pts: 65620
Particle (39):: Fit: 78.1593	PB: 78.1593	LB: 79.241	GB: 89.9274	Conf: 1.84435	Pts: 175320
Particle (38):: Fit: 55.8445	PB: 55.8445	LB: 79.241	GB: 89.9274	Conf: 1.87606	Pts: 100319
Particle (10):: Fit: 78.3076	PB: 78.3076	LB: 89.9274	GB: 89.9274	Conf: 1.8958	Pts: 115617
Particle (38):: Fit: 68.1318	PB: 68.1318	LB: 79.241	GB: 89.9274	Conf: 1.9	Pts: 100417
Particle (48):: Fit: 73.729	PB: 73.729	LB: 85.207	GB: 89.9274	Conf: 1.6643	Pts: 65516
Particle (3):: Fit: 84.0593	PB: 84.0593	LB: 85.207	GB: 89.9274	Conf: 1.62741	Pts: 65915
Particle (49):: Fit: 36.041	PB: 36.041	LB: 85.207	GB: 89.9274	Conf: 1.84219	Pts: 50315
Particle (20):: Fit: 36.645	PB: 36.645	LB: 82.9581	GB: 89.9274	Conf: 0.257608	Pts: 55705
Particle (26):: Fit: 82.8783	PB: 82.8783	LB: 87.4128	GB: 89.9274	Conf: 1.85729	Pts: 55506
Particle (16):: Fit: 74.2237	PB: 74.2237	LB: 89.9274	GB: 89.9274	Conf: 1.4098	Pts: 55704
Particle (48):: Fit: 74.132	PB: 74.132	LB: 85.207	GB: 89.9274	Conf: 1.79799	Pts: 65604
Particle (29):: Fit: 73.3824	PB: 73.3824	LB: 87.4128	GB: 89.9274	Conf: 1.88265	Pts: 65504
Particle (22):: Fit: 55.0802	PB: 55.0802	LB: 82.9581	GB: 89.9274	Conf: 0.899912	Pts: 55491
Particle (16):: Fit: 78.9561	PB: 78.9561	LB: 89.9274	GB: 89.9274	Conf: 1.29509	Pts: 55800
Particle (46):: Fit: 37.9589	PB: 37.9589	LB: 85.207	GB: 89.9274	Conf: 2	Pts: 50401
Particle (4):: Fit: 57.502	PB: 57.502	LB: 85.207	GB: 89.9274	Conf: 0.726069	Pts: 65293
Particle (15):: Fit: 60.3433	PB: 60.3433	LB: 89.9274	GB: 89.9274	Conf: 0.537481	Pts: 60298
Particle (33):: Fit: 39.516	PB: 39.516	LB: 87.4128	GB: 89.9274	Conf: 0.769024	Pts: 75198
Particle (34):: Fit: 56.4365	PB: 56.4365	LB: 87.4128	GB: 89.9274	Conf: 0.0861201	Pts: 55298
Particle (45):: Fit: 41.6289	PB: 41.6289	LB: 79.1242	GB: 89.9274	Conf: 0.142128	Pts: 50498
Particle (5):: Fit: 45.1061	PB: 45.1061	LB: 85.207	GB: 89.9274	Conf: 0.322965	Pts: 55397
Particle (20):: Fit: 36.6594	PB: 36.6594	LB: 82.9581	GB: 89.9274	Conf: 0.510672	Pts: 55790
Particle (24):: Fit: 40.5164	PB: 40.5164	LB: 82.9581	GB: 89.9274	Conf: 0.564169	Pts: 55390
Particle (40):: Fit: 42.6862	PB: 42.6862	LB: 79.1242	GB: 89.9274	Conf: 0.558115	Pts: 55790
Particle (45):: Fit: 60.4747	PB: 60.4747	LB: 79.1242	GB: 89.9274	Conf: 0.531806	Pts: 50597
Particle (49):: Fit: 36.1271	PB: 36.1271	LB: 85.207	GB: 89.9274	Conf: 0.692579	Pts: 50397
Particle (5):: Fit: 57.4202	PB: 57.4202	LB: 85.207	GB: 89.9274	Conf: 0.552444	Pts: 55496
Particle (21):: Fit: 59.6983	PB: 59.6983	LB: 82.9581	GB: 89.9274	Conf: 0.949271	Pts: 65296
Particle (22):: Fit: 80.3603	PB: 80.3603	LB: 82.9581	GB: 89.9274	Conf: 0.730036	Pts: 55585
Particle (23):: Fit: 62.8202	PB: 62.8202	LB: 82.9581	GB: 89.9274	Conf: 0.558338	Pts: 60586
Particle (49):: Fit: 39.2112	PB: 39.2112	LB: 85.207	GB: 89.9274	Conf: 0.726409	Pts: 50496
Particle (2):: Fit: 68.6569	PB: 68.6569	LB: 85.207	GB: 89.9274	Conf: 0.23913	Pts: 55694
Particle (17):: Fit: 56.656	PB: 56.656	LB: 89.9274	GB: 89.9274	Conf: 0.732219	Pts: 55295
Particle (46):: Fit: 40.769	PB: 40.769	LB: 85.207	GB: 89.9274	Conf: 0.552493	Pts: 50495
Particle (49):: Fit: 55.9383	PB: 55.9383	LB: 85.207	GB: 89.9274	Conf: 0.473138	Pts: 50595
Particle (10):: Fit: 80.4661	PB: 80.4661	LB: 89.9274	GB: 89.9274	Conf: 0.857057	Pts: 115694
Particle (45):: Fit: 77.9839	PB: 77.9839	LB: 79.1242	GB: 89.9274	Conf: 0.361362	Pts: 50694
Particle (4):: Fit: 63.8135	PB: 63.8135	LB: 85.207	GB: 89.9274	Conf: 0.527688	Pts: 65386
Particle (20):: Fit: 45.253	PB: 45.253	LB: 82.9581	GB: 89.9274	Conf: 0.372797	Pts: 55886
Particle (24):: Fit: 65.1894	PB: 65.1894	LB: 82.9581	GB: 89.9274	Conf: 0.709318	Pts: 55486
Particle (34):: Fit: 65.3978	PB: 65.3978	LB: 87.4128	GB: 89.9274	Conf: 0.178633	Pts: 55393
Particle (41):: Fit: 56.0705	PB: 56.0705	LB: 79.1242	GB: 89.9274	Conf: 0.345269	Pts: 60393
Particle (17):: Fit: 68.6344	PB: 68.6344	LB: 89.9274	GB: 89.9274	Conf: 0.543404	Pts: 55392
Particle (23):: Fit: 63.9269	PB: 63.9269	LB: 82.9581	GB: 89.9274	Conf: 0.6999	Pts: 60682
Particle (43):: Fit: 52.8826	PB: 52.8826	LB: 79.1242	GB: 89.9274	Conf: 0.458849	Pts: 60192
Particle (46):: Fit: 61.1728	PB: 61.1728	LB: 85.207	GB: 89.9274	Conf: 0.529843	Pts: 50592
Particle (6):: Fit: 53.5749	PB: 53.5749	LB: 84.0593	GB: 89.9274	Conf: 0.134968	Pts: 55391
Particle (27):: Fit: 46.6124	PB: 46.6124	LB: 87.4128	GB: 89.9274	Conf: 0.463958	Pts: 60291
Particle (32):: Fit: 60.697	PB: 60.697	LB: 87.4128	GB: 89.9274	Conf: 0.53681	Pts: 55391
Particle (40):: Fit: 53.5801	PB: 53.5801	LB: 79.1242	GB: 89.9274	Conf: 0.632456	Pts: 55883
Particle (41):: Fit: 85.5	PB: 85.5	LB: 85.5	GB: 89.9274	Conf: 0.576187	Pts: 110491
Particle (46):: Fit: 80.5655	PB: 80.5655	LB: 85.207	GB: 89.9274	Conf: 0.914025	Pts: 50691
Particle (6):: Fit: 62.8469	PB: 62.8469	LB: 84.0593	GB: 89.9274	Conf: 0.495587	Pts: 55490
Particle (33):: Fit: 63.7436	PB: 63.7436	LB: 87.4128	GB: 89.9274	Conf: 0.619564	Pts: 75290
Particle (36):: Fit: 64.3983	PB: 64.3983	LB: 85.5	GB: 89.9274	Conf: 0.720192	Pts: 55489
Particle (40):: Fit: 59.8103	PB: 59.8103	LB: 85.5	GB: 89.9274	Conf: 0.744907	Pts: 55982
Particle (46):: Fit: 88.7278	PB: 88.7278	LB: 88.7278	GB: 89.9274	Conf: 0.783093	Pts: 100789
Particle (5):: Fit: 59.8098	PB: 59.8098	LB: 85.207	GB: 89.9274	Conf: 0.594607	Pts: 55588
Particle (27):: Fit: 65.0649	PB: 65.0649	LB: 87.4128	GB: 89.9274	Conf: 0.684339	Pts: 60388
Particle (23):: Fit: 68.4888	PB: 68.4888	LB: 82.9581	GB: 89.9274	Conf: 0.685382	Pts: 60777
Particle (8):: Fit: 63.0811	PB: 63.0811	LB: 89.9274	GB: 89.9274	Conf: 0.613641	Pts: 85275
Particle (23):: Fit: 70.5408	PB: 70.5408	LB: 82.9581	GB: 89.9274	Conf: 0.568495	Pts: 60875
Particle (21):: Fit: 69.0607	PB: 69.0607	LB: 82.9581	GB: 89.9274	Conf: 0.691631	Pts: 65383
Particle (27):: Fit: 80.7917	PB: 80.7917	LB: 87.4128	GB: 89.9274	Conf: 0.393534	Pts: 60484
Particle (43):: Fit: 69.5388	PB: 69.5388	LB: 88.7278	GB: 89.9274	Conf: 0.185125	Pts: 60284
Particle (15):: Fit: 72.2854	PB: 72.2854	LB: 89.9274	GB: 89.9274	Conf: 0.753607	Pts: 60383
Particle (34):: Fit: 81.5931	PB: 81.5931	LB: 87.4128	GB: 89.9274	Conf: 0.927865	Pts: 55482
Particle (41):: Fit: 86.0576	PB: 86.0576	LB: 88.7278	GB: 89.9274	Conf: 0.687825	Pts: 135582
Particle (15):: Fit: 86.903	PB: 86.903	LB: 89.9274	GB: 89.9274	Conf: 0.532847	Pts: 70481
Particle (32):: Fit: 68.9976	PB: 68.9976	LB: 87.4128	GB: 89.9274	Conf: 0.464276	Pts: 55481
Particle (40):: Fit: 61.1657	PB: 61.1657	LB: 86.0576	GB: 89.9274	Conf: 0.830867	Pts: 56073
Particle (20):: Fit: 63.3852	PB: 63.3852	LB: 82.9581	GB: 89.9274	Conf: 0.648913	Pts: 55973
Particle (20):: Fit: 69.0607	PB: 69.0607	LB: 82.9581	GB: 89.9274	Conf: 0.748432	Pts: 56072
Particle (23):: Fit: 77.9958	PB: 77.9958	LB: 82.9581	GB: 89.9274	Conf: 0.391923	Pts: 60969
Particle (49):: Fit: 59.4725	PB: 59.4725	LB: 88.7278	GB: 89.9274	Conf: 0.671077	Pts: 50679
Particle (0):: Fit: 56.9104	PB: 56.9104	LB: 88.7278	GB: 89.9274	Conf: 0.744134	Pts: 110476
Particle (7):: Fit: 74.8973	PB: 74.8973	LB: 86.0208	GB: 89.9274	Conf: 0.804511	Pts: 65564
Particle (24):: Fit: 74.3683	PB: 74.3683	LB: 82.9581	GB: 89.9274	Conf: 0.587124	Pts: 55568
Particle (36):: Fit: 68.5276	PB: 68.5276	LB: 86.0576	GB: 89.9274	Conf: 0.200098	Pts: 55575
Particle (6):: Fit: 68.3142	PB: 68.3142	LB: 84.0593	GB: 89.9274	Conf: 0.420184	Pts: 55573
Particle (27):: Fit: 82.3773	PB: 82.3773	LB: 87.4128	GB: 89.9274	Conf: 0.466257	Pts: 60573
Particle (49):: Fit: 62.8286	PB: 62.8286	LB: 88.7278	GB: 89.9274	Conf: 0.421479	Pts: 50774
Particle (6):: Fit: 68.4466	PB: 68.4466	LB: 84.0593	GB: 89.9274	Conf: 0.518746	Pts: 55672
Particle (43):: Fit: 75.5031	PB: 75.5031	LB: 88.7278	GB: 89.9274	Conf: 0.370701	Pts: 60371
Particle (20):: Fit: 74.7247	PB: 74.7247	LB: 82.9581	GB: 89.9274	Conf: 0.531157	Pts: 56164
Particle (7):: Fit: 74.9294	PB: 74.9294	LB: 86.0208	GB: 89.9274	Conf: 0.669123	Pts: 65656
Particle (17):: Fit: 70.0035	PB: 70.0035	LB: 89.9274	GB: 89.9274	Conf: 0.652979	Pts: 55468
Particle (49):: Fit: 64.9825	PB: 64.9825	LB: 88.7278	GB: 89.9274	Conf: 0.650511	Pts: 50868
Particle (32):: Fit: 74.8601	PB: 74.8601	LB: 87.4128	GB: 89.9274	Conf: 0.421015	Pts: 55567
Particle (36):: Fit: 73.3622	PB: 73.3622	LB: 86.0576	GB: 89.9274	Conf: 0.339473	Pts: 55665
Particle (17):: Fit: 77.569	PB: 77.569	LB: 89.9274	GB: 89.9274	Conf: 0.648608	Pts: 55564
Particle (0):: Fit: 70.7177	PB: 70.7177	LB: 88.7278	GB: 89.9274	Conf: 0.756119	Pts: 110563
Particle (37):: Fit: 68.4083	PB: 68.4083	LB: 86.0576	GB: 89.9274	Conf: 0.315936	Pts: 55463
Particle (2):: Fit: 80.993	PB: 80.993	LB: 85.207	GB: 89.9274	Conf: 0.446711	Pts: 55762
Particle (6):: Fit: 68.9923	PB: 68.9923	LB: 84.0593	GB: 89.9274	Conf: 0.478977	Pts: 55762
Particle (33):: Fit: 74.605	PB: 74.605	LB: 87.4128	GB: 89.9274	Conf: 0.576268	Pts: 75361
Particle (40):: Fit: 65.0651	PB: 65.0651	LB: 86.0576	GB: 89.9274	Conf: 0.791667	Pts: 56154
Particle (20):: Fit: 76.4664	PB: 76.4664	LB: 82.9581	GB: 89.9274	Conf: 0.520748	Pts: 56255
Particle (37):: Fit: 73.8421	PB: 73.8421	LB: 86.0576	GB: 89.9274	Conf: 0.27027	Pts: 55558
Particle (5):: Fit: 80.2794	PB: 80.2794	LB: 85.207	GB: 89.9274	Conf: 0.661579	Pts: 55658
Particle (30):: Fit: 88.616	PB: 88.616	LB: 88.616	GB: 89.9274	Conf: 0.70865	Pts: 155458
Particle (49):: Fit: 70.3393	PB: 70.3393	LB: 88.7278	GB: 89.9274	Conf: 0.762095	Pts: 50957
Particle (8):: Fit: 73.9675	PB: 73.9675	LB: 89.9274	GB: 89.9274	Conf: 0.0853818	Pts: 85345
Particle (20):: Fit: 77.7042	PB: 77.7042	LB: 82.9581	GB: 89.9274	Conf: 0.668861	Pts: 56347
Particle (36):: Fit: 74.6739	PB: 74.6739	LB: 86.0576	GB: 89.9274	Conf: 0.288401	Pts: 55752
Particle (40):: Fit: 65.1841	PB: 65.1841	LB: 86.0576	GB: 89.9274	Conf: 0.660693	Pts: 56245
Particle (45):: Fit: 80.2432	PB: 80.2432	LB: 88.7278	GB: 89.9274	Conf: 0.461828	Pts: 50754
Particle (24):: Fit: 80.0453	PB: 80.0453	LB: 82.9581	GB: 89.9274	Conf: 0.385911	Pts: 55644
Particle (34):: Fit: 86.1443	PB: 86.1443	LB: 88.616	GB: 89.9274	Conf: 0.908358	Pts: 70548
Particle (27):: Fit: 86.6987	PB: 86.6987	LB: 88.616	GB: 89.9274	Conf: 0.397442	Pts: 75645
Particle (40):: Fit: 74.7911	PB: 74.7911	LB: 86.0576	GB: 89.9274	Conf: 0.846816	Pts: 56335
Particle (22):: Fit: 84.3986	PB: 84.3986	LB: 86.6987	GB: 89.9274	Conf: 0.532198	Pts: 65632
Particle (36):: Fit: 80.1156	PB: 80.1156	LB: 86.1443	GB: 89.9274	Conf: 0.310315	Pts: 55839
Particle (7):: Fit: 75.0952	PB: 75.0952	LB: 86.0208	GB: 89.9274	Conf: 0.647002	Pts: 65726
Particle (49):: Fit: 80.4464	PB: 80.4464	LB: 88.7278	GB: 89.9274	Conf: 0.798121	Pts: 51037
Particle (14):: Fit: 74.541	PB: 74.541	LB: 89.9274	GB: 89.9274	Conf: 0.799136	Pts: 55630
Particle (38):: Fit: 73.3953	PB: 73.3953	LB: 86.1443	GB: 89.9274	Conf: 1.89644	Pts: 100432
Particle (17):: Fit: 94.5743	PB: 94.5743	LB: 94.5743	GB: 94.5743	Conf: 0.935514	Pts: 115632
Global: 94.5743 - Correct: 94.1176% of 17 tests
Global Best: 
  Inner Net 1
  -- 1 : 1 = 0.395785
  -- 1 : 2 = 0.308356
  -- 1 : 3 = 0.0351979
  -- 1 : 4 = 0.332476
  -- 1 : 5 = 0.00235638
  -- 1 : 6 = -0.212252
  -- 1 : 7 = 0.622131
  -- 1 : 8 = 0.108335
  -- 1 : 9 = 0.506877
  -- 1 : 10 = -0.0491481
  -- 2 : 1 = -0.0678464
  -- 2 : 2 = 0.318197
  -- 2 : 3 = -0.065158
  -- 2 : 4 = -0.142538
  -- 2 : 5 = 0.254644
  -- 2 : 6 = 0.223444
  -- 2 : 7 = 0.196112
  -- 2 : 8 = -0.00801977
  -- 2 : 9 = 0.0197914
  -- 2 : 10 = -0.0140398
  -- 3 : 1 = 0.23597
  -- 3 : 2 = -0.128132
  -- 3 : 3 = 0.279881
  -- 3 : 4 = 0.403517
  -- 3 : 5 = 0.547108
  -- 3 : 6 = -0.0621068
  -- 3 : 7 = 0.468394
  -- 3 : 8 = -0.393966
  -- 3 : 9 = -0.016258
  -- 3 : 10 = -0.0162289
  -- 4 : 1 = 0.384805
  -- 4 : 2 = -0.0229642
  -- 4 : 3 = 0.06345
  -- 4 : 4 = 0.490247
  -- 4 : 5 = -0.0890289
  -- 4 : 6 = -0.0419808
  -- 4 : 7 = 0.29962
  -- 4 : 8 = 0.0703848
  -- 4 : 9 = 0.134404
  -- 4 : 10 = 0.139589
  -- 5 : 1 = 0.0392954
  -- 5 : 2 = 0.336802
  -- 5 : 3 = 0.137502
  -- 5 : 4 = 0.129447
  -- 5 : 5 = -0.180731
  -- 5 : 6 = 0.25356
  -- 5 : 7 = -0.306613
  -- 5 : 8 = -0.240439
  -- 5 : 9 = 0.705175
  -- 5 : 10 = 0.456999
  -- 6 : 1 = -0.165061
  -- 6 : 2 = 0.033427
  -- 6 : 3 = 0.323934
  -- 6 : 4 = 0.185828
  -- 6 : 5 = 0.00321029
  -- 6 : 6 = 0.0782211
  -- 6 : 7 = 0.170106
  -- 6 : 8 = 0.0895462
  -- 6 : 9 = -0.0655487
  -- 6 : 10 = 0.200172
  -- 7 : 1 = 0.357843
  -- 7 : 2 = 0.392831
  -- 7 : 3 = 0.000197547
  -- 7 : 4 = 0.315438
  -- 7 : 5 = -0.182172
  -- 7 : 6 = 0.0953694
  -- 7 : 7 = -0.331138
  -- 7 : 8 = 0.129949
  -- 7 : 9 = 0.14957
  -- 7 : 10 = 0.0274606
  -- 8 : 1 = 0.243056
  -- 8 : 2 = -0.0495569
  -- 8 : 3 = 0.544196
  -- 8 : 4 = 0.349098
  -- 8 : 5 = -0.119877
  -- 8 : 6 = 0.164387
  -- 8 : 7 = 0.121662
  -- 8 : 8 = 0.596174
  -- 8 : 9 = -0.0784669
  -- 8 : 10 = 0.165235
  -- 9 : 1 = 0.457249
  -- 9 : 2 = 0.185156
  -- 9 : 3 = 0.144518
  -- 9 : 4 = -0.104421
  -- 9 : 5 = 0.258654
  -- 9 : 6 = -0.139651
  -- 9 : 7 = 0.273184
  -- 9 : 8 = -0.00809878
  -- 9 : 9 = -0.23315
  -- 9 : 10 = 0.494922
  -- 10 : 1 = 0.0298559
  -- 10 : 2 = 0.262284
  -- 10 : 3 = -0.0504702
  -- 10 : 4 = 0.116555
  -- 10 : 5 = 0.293899
  -- 10 : 6 = 0.108577
  -- 10 : 7 = 0.218369
  -- 10 : 8 = 0.0950283
  -- 10 : 9 = 0.0839517
  -- 10 : 10 = 0.265759
  Inner Net 2
  -- 1 : 1 = 0.0554695
  -- 1 : 2 = -0.314559
  -- 2 : 1 = -0.174153
  -- 2 : 2 = 0.00114069
  -- 3 : 1 = 0.0990909
  -- 3 : 2 = 0.277547
  -- 4 : 1 = -0.183971
  -- 4 : 2 = 0.0962259
  -- 5 : 1 = 0.264049
  -- 5 : 2 = -0.0822312
  -- 6 : 1 = 0.0107389
  -- 6 : 2 = -0.236472
  -- 7 : 1 = -0.495794
  -- 7 : 2 = -0.146141
  -- 8 : 1 = -0.49079
  -- 8 : 2 = -0.201519
  -- 9 : 1 = 0.0507498
  -- 9 : 2 = 0.144945
  -- 10 : 1 = -0.0834129
  -- 10 : 2 = -0.412291
Out\Act	False		True
False	0.41504	0.42694	0.84198
True	0.0571157	0.100904	0.15802
	0.472156	0.527844
	Accuracy [ (tp + tn) / testSize ]: 0.515945
	Precision [ tp / (tp + fp) ]:      0.190991
	Sensitivity [ tp / (tp + fn) ]:    0.636637
	Specificity [ tn / (tn + fp) ]:    0.492655
	F-Score [ 2tp / (2tp + fp + fn) ]: 0.294036
Particle (45):: Fit: 82.9558	PB: 82.9558	LB: 88.7278	GB: 94.5743	Conf: 0.438057	Pts: 50831
Particle (33):: Fit: 75.6904	PB: 75.6904	LB: 88.616	GB: 94.5743	Conf: 0.689481	Pts: 75427
Particle (6):: Fit: 74.1176	PB: 74.1176	LB: 84.0593	GB: 94.5743	Conf: 0.123713	Pts: 55828
Particle (40):: Fit: 88.2593	PB: 88.2593	LB: 88.2593	GB: 94.5743	Conf: 0.820402	Pts: 86419
Particle (39):: Fit: 79.9366	PB: 79.9366	LB: 88.2593	GB: 94.5743	Conf: 0.360864	Pts: 175326
Particle (4):: Fit: 74.0335	PB: 74.0335	LB: 85.207	GB: 94.5743	Conf: 0.506416	Pts: 65415
Particle (6):: Fit: 84.0021	PB: 84.0021	LB: 84.0593	GB: 94.5743	Conf: 0.194408	Pts: 55923
Particle (33):: Fit: 84.3167	PB: 84.3167	LB: 88.616	GB: 94.5743	Conf: 0.716357	Pts: 75521
Particle (9):: Fit: 84.1215	PB: 84.1215	LB: 89.9274	GB: 94.5743	Conf: 0.823659	Pts: 100322
Particle (29):: Fit: 74.6277	PB: 74.6277	LB: 88.616	GB: 94.5743	Conf: 0.994688	Pts: 65523
Particle (14):: Fit: 80.6086	PB: 80.6086	LB: 94.5743	GB: 94.5743	Conf: 0.649872	Pts: 55709
Particle (29):: Fit: 77.9094	PB: 77.9094	LB: 88.616	GB: 94.5743	Conf: 0.626697	Pts: 65611
Particle (37):: Fit: 74.4127	PB: 74.4127	LB: 88.2593	GB: 94.5743	Conf: 0.31413	Pts: 55608
Particle (48):: Fit: 75.1791	PB: 75.1791	LB: 88.7278	GB: 94.5743	Conf: 0.823624	Pts: 65605
Particle (20):: Fit: 81.0478	PB: 81.0478	LB: 94.5743	GB: 94.5743	Conf: 0.497562	Pts: 56398
Particle (22):: Fit: 87.3508	PB: 87.3508	LB: 87.3508	GB: 94.5743	Conf: 0.717711	Pts: 80691
Particle (36):: Fit: 83.8974	PB: 83.8974	LB: 88.2593	GB: 94.5743	Conf: 0.591998	Pts: 55897
Particle (20):: Fit: 83.6099	PB: 83.6099	LB: 94.5743	GB: 94.5743	Conf: 0.504333	Pts: 56489
Particle (21):: Fit: 80.7175	PB: 80.7175	LB: 94.5743	GB: 94.5743	Conf: 0.754526	Pts: 65394
Particle (29):: Fit: 80.7144	PB: 80.7144	LB: 88.616	GB: 94.5743	Conf: 0.557655	Pts: 65693
Particle (39):: Fit: 80.57	PB: 80.57	LB: 88.2593	GB: 94.5743	Conf: 0.480614	Pts: 175391
Particle (8):: Fit: 74.7876	PB: 74.7876	LB: 89.9274	GB: 94.5743	Conf: 0.343894	Pts: 85377
Particle (12):: Fit: 86.1638	PB: 86.1638	LB: 94.5743	GB: 94.5743	Conf: 0.417689	Pts: 175583
Particle (43):: Fit: 82.3296	PB: 82.3296	LB: 88.7278	GB: 94.5743	Conf: 0.379359	Pts: 60386
Particle (49):: Fit: 85.2431	PB: 85.2431	LB: 88.7278	GB: 94.5743	Conf: 0.396501	Pts: 66085
Particle (23):: Fit: 78.4726	PB: 78.4726	LB: 87.3508	GB: 94.5743	Conf: 0.560241	Pts: 60971
Particle (24):: Fit: 80.2872	PB: 80.2872	LB: 87.3508	GB: 94.5743	Conf: 0.455514	Pts: 55657
Particle (42):: Fit: 80.585	PB: 80.585	LB: 88.7278	GB: 94.5743	Conf: 0.854603	Pts: 70260
Particle (38):: Fit: 77.528	PB: 77.528	LB: 88.2593	GB: 94.5743	Conf: 0.298201	Pts: 100457
Particle (23):: Fit: 83.5073	PB: 83.5073	LB: 87.3508	GB: 94.5743	Conf: 0.481556	Pts: 61049
Particle (37):: Fit: 76.3835	PB: 76.3835	LB: 88.2593	GB: 94.5743	Conf: 0.417243	Pts: 55642
Particle (4):: Fit: 81.2323	PB: 81.2323	LB: 85.207	GB: 94.5743	Conf: 0.748068	Pts: 65428
Particle (14):: Fit: 83.5742	PB: 83.5742	LB: 94.5743	GB: 94.5743	Conf: 0.574147	Pts: 55733
Particle (15):: Fit: 86.9171	PB: 86.9171	LB: 94.5743	GB: 94.5743	Conf: 0.556299	Pts: 70440
Particle (7):: Fit: 77.5566	PB: 77.5566	LB: 86.1638	GB: 94.5743	Conf: 0.395902	Pts: 65721
Particle (48):: Fit: 75.5943	PB: 75.5943	LB: 88.7278	GB: 94.5743	Conf: 0.591454	Pts: 65618
Particle (0):: Fit: 80.7482	PB: 80.7482	LB: 88.7278	GB: 94.5743	Conf: 0.731203	Pts: 110519
Particle (32):: Fit: 79.3246	PB: 79.3246	LB: 88.616	GB: 94.5743	Conf: 0.899043	Pts: 55513
Particle (1):: Fit: 87.3664	PB: 87.3664	LB: 87.3664	GB: 94.5743	Conf: 0.675444	Pts: 290203
Particle (28):: Fit: 80.5994	PB: 80.5994	LB: 88.616	GB: 94.5743	Conf: 0.690944	Pts: 150396
Particle (34):: Fit: 87.1076	PB: 87.1076	LB: 88.616	GB: 94.5743	Conf: 0.677039	Pts: 70498
Particle (44):: Fit: 80.0768	PB: 80.0768	LB: 88.7278	GB: 94.5743	Conf: 0.49766	Pts: 110481
Particle (49):: Fit: 86.1572	PB: 86.1572	LB: 88.7278	GB: 94.5743	Conf: 0.726645	Pts: 66072
Particle (11):: Fit: 85.4198	PB: 85.4198	LB: 89.9274	GB: 94.5743	Conf: 0.423344	Pts: 90266
Particle (45):: Fit: 85.2922	PB: 85.2922	LB: 88.7278	GB: 94.5743	Conf: 0.417628	Pts: 50772
Particle (11):: Fit: 86.997	PB: 86.997	LB: 89.9274	GB: 94.5743	Conf: 0.699371	Pts: 100364
Particle (25):: Fit: 89.5638	PB: 89.5638	LB: 89.5638	GB: 94.5743	Conf: 0.524545	Pts: 200057
Particle (8):: Fit: 79.8866	PB: 79.8866	LB: 89.9274	GB: 94.5743	Conf: 0.341079	Pts: 85351
Particle (19):: Fit: 81.3609	PB: 81.3609	LB: 94.5743	GB: 94.5743	Conf: 0.784093	Pts: 120353
Particle (35):: Fit: 80.5126	PB: 80.5126	LB: 88.2593	GB: 94.5743	Conf: 0.87878	Pts: 100355
Particle (16):: Fit: 79.1089	PB: 79.1089	LB: 94.5743	GB: 94.5743	Conf: 0.201482	Pts: 55646
Particle (5):: Fit: 80.4688	PB: 80.4688	LB: 87.3664	GB: 94.5743	Conf: 0.645952	Pts: 55542
Particle (37):: Fit: 77.9077	PB: 77.9077	LB: 88.2593	GB: 94.5743	Conf: 0.446946	Pts: 55620
Particle (28):: Fit: 81.5111	PB: 81.5111	LB: 89.5638	GB: 94.5743	Conf: 0.690481	Pts: 150409
Particle (28):: Fit: 81.7436	PB: 81.7436	LB: 89.5638	GB: 94.5743	Conf: 0.473169	Pts: 150504
Particle (48):: Fit: 80.7613	PB: 80.7613	LB: 88.7278	GB: 94.5743	Conf: 0.418522	Pts: 65593
Particle (6):: Fit: 85.7382	PB: 85.7382	LB: 86.997	GB: 94.5743	Conf: 0.507525	Pts: 55794
Particle (37):: Fit: 82.3771	PB: 82.3771	LB: 88.2593	GB: 94.5743	Conf: 0.25914	Pts: 55690
Particle (36):: Fit: 85.5362	PB: 85.5362	LB: 88.2593	GB: 94.5743	Conf: 0.263667	Pts: 55787
Particle (9):: Fit: 86.5498	PB: 86.5498	LB: 89.9274	GB: 94.5743	Conf: 0.479484	Pts: 100185
Particle (29):: Fit: 82.4429	PB: 82.4429	LB: 89.5638	GB: 94.5743	Conf: 0.423476	Pts: 65576
Particle (16):: Fit: 79.2528	PB: 79.2528	LB: 94.5743	GB: 94.5743	Conf: 0.520174	Pts: 55671
Particle (47):: Fit: 77.157	PB: 77.157	LB: 88.7278	GB: 94.5743	Conf: 0.723958	Pts: 65375
Particle (47):: Fit: 79.9485	PB: 79.9485	LB: 88.7278	GB: 94.5743	Conf: 0.343594	Pts: 65465
Particle (44):: Fit: 80.8881	PB: 80.8881	LB: 88.7278	GB: 94.5743	Conf: 0.415019	Pts: 110457
Particle (16):: Fit: 83.0404	PB: 83.0404	LB: 94.5743	GB: 94.5743	Conf: 0.487165	Pts: 55749
Particle (21):: Fit: 85.7822	PB: 85.7822	LB: 94.5743	GB: 94.5743	Conf: 0.579245	Pts: 65230
Particle (28):: Fit: 84.0537	PB: 84.0537	LB: 89.5638	GB: 94.5743	Conf: 0.769277	Pts: 150502
Particle (47):: Fit: 81.362	PB: 81.362	LB: 88.7278	GB: 94.5743	Conf: 0.750968	Pts: 65514
Particle (38):: Fit: 85.9668	PB: 85.9668	LB: 88.2593	GB: 94.5743	Conf: 0.367903	Pts: 100304
Particle (40):: Fit: 90.4055	PB: 90.4055	LB: 90.4055	GB: 94.5743	Conf: 0.866509	Pts: 136188
Particle (10):: Fit: 81.4533	PB: 81.4533	LB: 89.9274	GB: 94.5743	Conf: 0.872852	Pts: 115388
Particle (32):: Fit: 81.2754	PB: 81.2754	LB: 88.616	GB: 94.5743	Conf: 0.542332	Pts: 55364
Particle (5):: Fit: 87.849	PB: 87.849	LB: 87.849	GB: 94.5743	Conf: 0.571702	Pts: 90464
Particle (7):: Fit: 88.7449	PB: 88.7449	LB: 88.7449	GB: 94.5743	Conf: 0.596784	Pts: 95541
Particle (32):: Fit: 83.8887	PB: 83.8887	LB: 88.616	GB: 94.5743	Conf: 0.65341	Pts: 55451
Particle (15):: Fit: 87.3875	PB: 87.3875	LB: 94.5743	GB: 94.5743	Conf: 0.777217	Pts: 70252
Particle (16):: Fit: 87.8409	PB: 87.8409	LB: 94.5743	GB: 94.5743	Conf: 0.668884	Pts: 55738
Particle (12):: Fit: 87.1155	PB: 87.1155	LB: 94.5743	GB: 94.5743	Conf: 0.634105	Pts: 175332
Particle (35):: Fit: 83.4261	PB: 83.4261	LB: 90.4055	GB: 94.5743	Conf: 0.134388	Pts: 100227
Particle (45):: Fit: 86.082	PB: 86.082	LB: 88.7278	GB: 94.5743	Conf: 0.305842	Pts: 50628
Particle (19):: Fit: 83.7769	PB: 83.7769	LB: 94.5743	GB: 94.5743	Conf: 0.610148	Pts: 120219
Particle (10):: Fit: 83.6705	PB: 83.6705	LB: 89.9274	GB: 94.5743	Conf: 0.878583	Pts: 115403
Particle (43):: Fit: 83.9128	PB: 83.9128	LB: 90.4055	GB: 94.5743	Conf: 0.625444	Pts: 60093
Particle (18):: Fit: 81.0088	PB: 81.0088	LB: 94.5743	GB: 94.5743	Conf: 0.511151	Pts: 190070
Particle (44):: Fit: 86.5774	PB: 86.5774	LB: 90.4055	GB: 94.5743	Conf: 0.519193	Pts: 110364
Particle (37):: Fit: 82.7035	PB: 82.7035	LB: 90.4055	GB: 94.5743	Conf: 0.198686	Pts: 55561
Particle (29):: Fit: 85.028	PB: 85.028	LB: 89.5638	GB: 94.5743	Conf: 0.350872	Pts: 65459
Particle (23):: Fit: 87.3354	PB: 87.3354	LB: 89.5638	GB: 94.5743	Conf: 0.598965	Pts: 60741
Particle (39):: Fit: 86.4164	PB: 86.4164	LB: 90.4055	GB: 94.5743	Conf: 0.959183	Pts: 175035
Particle (20):: Fit: 85.9319	PB: 85.9319	LB: 94.5743	GB: 94.5743	Conf: 0.649202	Pts: 56116
Particle (24):: Fit: 85.3597	PB: 85.3597	LB: 89.5638	GB: 94.5743	Conf: 0.560464	Pts: 55314
Particle (48):: Fit: 81.4688	PB: 81.4688	LB: 88.7278	GB: 94.5743	Conf: 0.793637	Pts: 65405
Particle (42):: Fit: 84.2443	PB: 84.2443	LB: 90.4055	GB: 94.5743	Conf: 0.71426	Pts: 69903
Particle (18):: Fit: 87.2542	PB: 87.2542	LB: 94.5743	GB: 94.5743	Conf: 0.390978	Pts: 190084
Particle (3):: Fit: 87.3838	PB: 87.3838	LB: 88.7449	GB: 94.5743	Conf: 0.908004	Pts: 65361
Particle (28):: Fit: 86.9513	PB: 86.9513	LB: 89.5638	GB: 94.5743	Conf: 0.606918	Pts: 150335
Particle (12):: Fit: 87.3498	PB: 87.3498	LB: 94.5743	GB: 94.5743	Conf: 0.644236	Pts: 175239
Particle (22):: Fit: 87.4813	PB: 87.4813	LB: 89.5638	GB: 94.5743	Conf: 0.680347	Pts: 80238
Particle (8):: Fit: 79.9814	PB: 79.9814	LB: 89.9274	GB: 94.5743	Conf: 0.290085	Pts: 85014
Particle (2):: Fit: 85.9041	PB: 85.9041	LB: 88.7449	GB: 94.5743	Conf: 0.272961	Pts: 55222
Particle (21):: Fit: 86.023	PB: 86.023	LB: 94.5743	GB: 94.5743	Conf: 0.749257	Pts: 65013
Particle (41):: Fit: 89.5328	PB: 89.5328	LB: 90.4055	GB: 94.5743	Conf: 0.674345	Pts: 140006
Particle (36):: Fit: 85.5843	PB: 85.5843	LB: 90.4055	GB: 94.5743	Conf: 0.356119	Pts: 55494
Particle (9):: Fit: 86.7358	PB: 86.7358	LB: 89.9274	GB: 94.5743	Conf: 0.559829	Pts: 99903
Particle (10):: Fit: 84.551	PB: 84.551	LB: 89.9274	GB: 94.5743	Conf: 0.780248	Pts: 115292
Particle (6):: Fit: 86.3615	PB: 86.3615	LB: 88.7449	GB: 94.5743	Conf: 0.349524	Pts: 55465
Particle (19):: Fit: 84.6209	PB: 84.6209	LB: 94.5743	GB: 94.5743	Conf: 0.248667	Pts: 120056
Particle (48):: Fit: 84.31	PB: 84.31	LB: 88.7278	GB: 94.5743	Conf: 0.762517	Pts: 65331
Particle (6):: Fit: 88.4217	PB: 88.4217	LB: 88.7449	GB: 94.5743	Conf: 0.624373	Pts: 60458
Particle (29):: Fit: 86.8217	PB: 86.8217	LB: 89.5638	GB: 94.5743	Conf: 0.450741	Pts: 65227
Particle (4):: Fit: 87.5408	PB: 87.5408	LB: 88.7449	GB: 94.5743	Conf: 0.603746	Pts: 64770
Particle (47):: Fit: 86.8669	PB: 86.8669	LB: 88.7278	GB: 94.5743	Conf: 0.657103	Pts: 65088
Particle (2):: Fit: 86.5808	PB: 86.5808	LB: 88.7449	GB: 94.5743	Conf: 0.507275	Pts: 55076
Particle (24):: Fit: 86.1034	PB: 86.1034	LB: 89.5638	GB: 94.5743	Conf: 0.733143	Pts: 55016
Particle (8):: Fit: 84.223	PB: 84.223	LB: 89.9274	GB: 94.5743	Conf: 0.796746	Pts: 84803
Particle (9):: Fit: 88.059	PB: 88.059	LB: 89.9274	GB: 94.5743	Conf: 0.414203	Pts: 99722
Particle (45):: Fit: 87.1295	PB: 87.1295	LB: 89.5328	GB: 94.5743	Conf: 0.552505	Pts: 50181
Particle (48):: Fit: 85.239	PB: 85.239	LB: 88.7278	GB: 94.5743	Conf: 0.677671	Pts: 65161
Particle (33):: Fit: 84.7262	PB: 84.7262	LB: 88.616	GB: 94.5743	Conf: 0.781913	Pts: 74633
Particle (24):: Fit: 87.0975	PB: 87.0975	LB: 89.5638	GB: 94.5743	Conf: 0.517461	Pts: 55006
Particle (29):: Fit: 86.8965	PB: 86.8965	LB: 89.5638	GB: 94.5743	Conf: 0.431641	Pts: 65073
Particle (0):: Fit: 81.6093	PB: 81.6093	LB: 88.7278	GB: 94.5743	Conf: 0.833821	Pts: 109631
Particle (27):: Fit: 87.2026	PB: 87.2026	LB: 89.5638	GB: 94.5743	Conf: 0.625404	Pts: 74580
Particle (21):: Fit: 86.2163	PB: 86.2163	LB: 94.5743	GB: 94.5743	Conf: 0.689758	Pts: 64574
Particle (19):: Fit: 86.2882	PB: 86.2882	LB: 94.5743	GB: 94.5743	Conf: 0.336546	Pts: 119659
Particle (44):: Fit: 86.8768	PB: 86.8768	LB: 90.4055	GB: 94.5743	Conf: 0.531532	Pts: 109702
Particle (38):: Fit: 86.7476	PB: 86.7476	LB: 90.4055	GB: 94.5743	Conf: 0.426776	Pts: 99466
Particle (35):: Fit: 87.1831	PB: 87.1831	LB: 90.4055	GB: 94.5743	Conf: 0.829185	Pts: 99445
Particle (44):: Fit: 86.9843	PB: 86.9843	LB: 90.4055	GB: 94.5743	Conf: 0.506917	Pts: 109742
Particle (39):: Fit: 87.6397	PB: 87.6397	LB: 90.4055	GB: 94.5743	Conf: 0.812974	Pts: 174356
Particle (20):: Fit: 86.3024	PB: 86.3024	LB: 94.5743	GB: 94.5743	Conf: 0.811091	Pts: 55431
Particle (32):: Fit: 90.5768	PB: 90.5768	LB: 90.5768	GB: 94.5743	Conf: 0.700842	Pts: 104597
Particle (48):: Fit: 87.2768	PB: 87.2768	LB: 88.7278	GB: 94.5743	Conf: 0.592416	Pts: 64842
Particle (10):: Fit: 86.2939	PB: 86.2939	LB: 89.9274	GB: 94.5743	Conf: 0.890979	Pts: 114577
Particle (49):: Fit: 87.3269	PB: 87.3269	LB: 88.7278	GB: 94.5743	Conf: 0.882674	Pts: 64874
Particle (42):: Fit: 90.1708	PB: 90.1708	LB: 90.4055	GB: 94.5743	Conf: 0.764596	Pts: 78929
Particle (26):: Fit: 86.7269	PB: 86.7269	LB: 89.5638	GB: 94.5743	Conf: 1.06031	Pts: 53896
Particle (37):: Fit: 83.7906	PB: 83.7906	LB: 90.4055	GB: 94.5743	Conf: 0.583545	Pts: 54479
Particle (12):: Fit: 87.3671	PB: 87.3671	LB: 94.5743	GB: 94.5743	Conf: 0.627519	Pts: 174268
Particle (14):: Fit: 84.0719	PB: 84.0719	LB: 94.5743	GB: 94.5743	Conf: 0.665525	Pts: 54218
Particle (8):: Fit: 86.8088	PB: 86.8088	LB: 89.9274	GB: 94.5743	Conf: 0.654783	Pts: 84102
Particle (19):: Fit: 86.9678	PB: 86.9678	LB: 94.5743	GB: 94.5743	Conf: 0.55674	Pts: 119217
Particle (28):: Fit: 87.1107	PB: 87.1107	LB: 90.5768	GB: 94.5743	Conf: 0.550664	Pts: 149236
Particle (14):: Fit: 86.5558	PB: 86.5558	LB: 94.5743	GB: 94.5743	Conf: 0.503285	Pts: 54154
Particle (24):: Fit: 87.3067	PB: 87.3067	LB: 89.5638	GB: 94.5743	Conf: 0.738667	Pts: 54266
Particle (11):: Fit: 87.0473	PB: 87.0473	LB: 89.9274	GB: 94.5743	Conf: 0.755881	Pts: 98751
Particle (47):: Fit: 88.3182	PB: 88.3182	LB: 88.7278	GB: 94.5743	Conf: 0.83758	Pts: 64142
Particle (24):: Fit: 87.3067	PB: 87.3067	LB: 89.5638	GB: 94.5743	Conf: 0.738671	Pts: 54235
Particle (43):: Fit: 84.0905	PB: 84.0905	LB: 90.4055	GB: 94.5743	Conf: 0.118616	Pts: 58609
Particle (29):: Fit: 89.9871	PB: 89.9871	LB: 90.5768	GB: 94.5743	Conf: 0.974412	Pts: 79208
Particle (27):: Fit: 88.8192	PB: 88.8192	LB: 90.5768	GB: 94.5743	Conf: 0.767853	Pts: 73773
Particle (14):: Fit: 87.0561	PB: 87.0561	LB: 94.5743	GB: 94.5743	Conf: 0.611575	Pts: 53979
Particle (8):: Fit: 87.0246	PB: 87.0246	LB: 89.9274	GB: 94.5743	Conf: 0.404623	Pts: 83789
Particle (38):: Fit: 87.5582	PB: 87.5582	LB: 90.4055	GB: 94.5743	Conf: 0.421542	Pts: 98651
Particle (39):: Fit: 87.98	PB: 87.98	LB: 90.4055	GB: 94.5743	Conf: 0.622393	Pts: 173580
Particle (34):: Fit: 90.6152	PB: 90.6152	LB: 90.6152	GB: 94.5743	Conf: 0.931641	Pts: 118516
Particle (28):: Fit: 88.3865	PB: 88.3865	LB: 90.5768	GB: 94.5743	Conf: 0.53372	Pts: 148902
Particle (39):: Fit: 88.2605	PB: 88.2605	LB: 90.4055	GB: 94.5743	Conf: 0.707953	Pts: 173490
Particle (43):: Fit: 85.2433	PB: 85.2433	LB: 90.4055	GB: 94.5743	Conf: 0.237446	Pts: 58324
Particle (0):: Fit: 86.1811	PB: 86.1811	LB: 88.7278	GB: 94.5743	Conf: 0.71638	Pts: 108340
Particle (49):: Fit: 87.5357	PB: 87.5357	LB: 88.7278	GB: 94.5743	Conf: 0.77243	Pts: 63909
Particle (44):: Fit: 87.0492	PB: 87.0492	LB: 90.4055	GB: 94.5743	Conf: 0.574244	Pts: 108561
Particle (48):: Fit: 87.7239	PB: 87.7239	LB: 88.7278	GB: 94.5743	Conf: 0.743195	Pts: 63760
Particle (30):: Fit: 90.5334	PB: 90.5334	LB: 90.6152	GB: 94.5743	Conf: 0.507377	Pts: 162964
Particle (26):: Fit: 88.6135	PB: 88.6135	LB: 90.5334	GB: 94.5743	Conf: 0.573407	Pts: 53003
Particle (11):: Fit: 90.0407	PB: 90.0407	LB: 90.0407	GB: 94.5743	Conf: 0.860474	Pts: 127967
Particle (21):: Fit: 86.549	PB: 86.549	LB: 94.5743	GB: 94.5743	Conf: 0.725665	Pts: 62981
Particle (15):: Fit: 92.1797	PB: 92.1797	LB: 94.5743	GB: 94.5743	Conf: 0.706617	Pts: 77821
Particle (36):: Fit: 90.2528	PB: 90.2528	LB: 90.6152	GB: 94.5743	Conf: 0.225806	Pts: 53134
Particle (21):: Fit: 87.4148	PB: 87.4148	LB: 94.5743	GB: 94.5743	Conf: 0.747677	Pts: 62652
Particle (14):: Fit: 87.2959	PB: 87.2959	LB: 94.5743	GB: 94.5743	Conf: 0.618095	Pts: 52763
Particle (10):: Fit: 87.2245	PB: 87.2245	LB: 92.1797	GB: 94.5743	Conf: 0.804604	Pts: 112575
Particle (2):: Fit: 87.767	PB: 87.767	LB: 88.7449	GB: 94.5743	Conf: 0.342233	Pts: 52411
Particle (35):: Fit: 87.1845	PB: 87.1845	LB: 90.6152	GB: 94.5743	Conf: 0.75858	Pts: 97147
Particle (23):: Fit: 87.4273	PB: 87.4273	LB: 89.5638	GB: 94.5743	Conf: 0.641561	Pts: 57670
Particle (48):: Fit: 88.2468	PB: 88.2468	LB: 88.7278	GB: 94.5743	Conf: 0.538096	Pts: 62699
Particle (24):: Fit: 87.5574	PB: 87.5574	LB: 89.9871	GB: 94.5743	Conf: 0.749569	Pts: 52568
Particle (9):: Fit: 88.9849	PB: 88.9849	LB: 90.0407	GB: 94.5743	Conf: 0.738026	Pts: 106959
Particle (48):: Fit: 89.8889	PB: 89.8889	LB: 89.8889	GB: 94.5743	Conf: 0.803091	Pts: 92705
Particle (39):: Fit: 88.8773	PB: 88.8773	LB: 90.4055	GB: 94.5743	Conf: 0.71531	Pts: 172078
Particle (37):: Fit: 85.1649	PB: 85.1649	LB: 90.6152	GB: 94.5743	Conf: 0.368211	Pts: 52287
Particle (21):: Fit: 87.5056	PB: 87.5056	LB: 94.5743	GB: 94.5743	Conf: 0.651739	Pts: 62129
Particle (39):: Fit: 91.8656	PB: 91.8656	LB: 91.8656	GB: 94.5743	Conf: 0.850129	Pts: 222141
Particle (38):: Fit: 88.4243	PB: 88.4243	LB: 91.8656	GB: 94.5743	Conf: 0.247039	Pts: 96945
Particle (49):: Fit: 87.639	PB: 87.639	LB: 89.8889	GB: 94.5743	Conf: 0.941056	Pts: 62529
Particle (27):: Fit: 90.0543	PB: 90.0543	LB: 90.5768	GB: 94.5743	Conf: 0.504724	Pts: 86921
Particle (33):: Fit: 85.998	PB: 85.998	LB: 90.6152	GB: 94.5743	Conf: 0.735975	Pts: 71549
Particle (2):: Fit: 88.3194	PB: 88.3194	LB: 89.8889	GB: 94.5743	Conf: 0.849395	Pts: 51879
Particle (20):: Fit: 86.3462	PB: 86.3462	LB: 94.5743	GB: 94.5743	Conf: 0.638989	Pts: 52548
Particle (49):: Fit: 88.5834	PB: 88.5834	LB: 89.8889	GB: 94.5743	Conf: 0.735806	Pts: 62237
Particle (46):: Fit: 89.473	PB: 89.473	LB: 90.1708	GB: 94.5743	Conf: 0.521019	Pts: 96249
Particle (3):: Fit: 87.7028	PB: 87.7028	LB: 88.7449	GB: 94.5743	Conf: 0.610838	Pts: 61194
Particle (24):: Fit: 87.6118	PB: 87.6118	LB: 90.0543	GB: 94.5743	Conf: 0.539998	Pts: 51558
Particle (46):: Fit: 91.6807	PB: 91.6807	LB: 91.6807	GB: 94.5743	Conf: 0.808482	Pts: 130847
Particle (10):: Fit: 88.3909	PB: 88.3909	LB: 92.1797	GB: 94.5743	Conf: 0.769276	Pts: 110990
Particle (0):: Fit: 86.2146	PB: 86.2146	LB: 91.6807	GB: 94.5743	Conf: 0.662871	Pts: 105687
Particle (0):: Fit: 87.2423	PB: 87.2423	LB: 91.6807	GB: 94.5743	Conf: 0.711436	Pts: 105786
Particle (11):: Fit: 91.1083	PB: 91.1083	LB: 92.1797	GB: 94.5743	Conf: 0.755864	Pts: 145543
Particle (3):: Fit: 89.1014	PB: 89.1014	LB: 89.1014	GB: 94.5743	Conf: 0.681594	Pts: 75710
Particle (19):: Fit: 87.6811	PB: 87.6811	LB: 94.5743	GB: 94.5743	Conf: 0.331889	Pts: 115622
Particle (43):: Fit: 85.6069	PB: 85.6069	LB: 91.8656	GB: 94.5743	Conf: 0.331313	Pts: 55279
Particle (33):: Fit: 86.9111	PB: 86.9111	LB: 90.6152	GB: 94.5743	Conf: 0.803935	Pts: 70143
Particle (12):: Fit: 88.9056	PB: 88.9056	LB: 94.5743	GB: 94.5743	Conf: 0.723579	Pts: 170163
Particle (43):: Fit: 85.8212	PB: 85.8212	LB: 91.8656	GB: 94.5743	Conf: 0.295389	Pts: 55003
Particle (5):: Fit: 88.0809	PB: 88.0809	LB: 89.1014	GB: 94.5743	Conf: 0.685687	Pts: 85018
Particle (30):: Fit: 91.3138	PB: 91.3138	LB: 91.3138	GB: 94.5743	Conf: 0.868276	Pts: 204212
Particle (22):: Fit: 87.638	PB: 87.638	LB: 90.0543	GB: 94.5743	Conf: 0.762063	Pts: 74464
Particle (35):: Fit: 87.3027	PB: 87.3027	LB: 91.8656	GB: 94.5743	Conf: 0.851104	Pts: 94307
Particle (37):: Fit: 86.1328	PB: 86.1328	LB: 91.8656	GB: 94.5743	Conf: 0.298926	Pts: 49635
Particle (20):: Fit: 87.4116	PB: 87.4116	LB: 94.5743	GB: 94.5743	Conf: 0.743896	Pts: 50244
Particle (45):: Fit: 90.3408	PB: 90.3408	LB: 91.6807	GB: 94.5743	Conf: 0.622274	Pts: 44183
Particle (9):: Fit: 90.7589	PB: 90.7589	LB: 91.1083	GB: 94.5743	Conf: 0.588082	Pts: 113565
Particle (2):: Fit: 90.6639	PB: 90.6639	LB: 90.6639	GB: 94.5743	Conf: 0.404229	Pts: 63595
Particle (13):: Fit: 91.5916	PB: 91.5916	LB: 94.5743	GB: 94.5743	Conf: 1.31776	Pts: 247744
Particle (37):: Fit: 87.5008	PB: 87.5008	LB: 91.8656	GB: 94.5743	Conf: 0.309733	Pts: 48589
Particle (20):: Fit: 87.4202	PB: 87.4202	LB: 94.5743	GB: 94.5743	Conf: 0.822518	Pts: 49237
Particle (21):: Fit: 87.7662	PB: 87.7662	LB: 94.5743	GB: 94.5743	Conf: 0.4834	Pts: 58296
Particle (22):: Fit: 90.9442	PB: 90.9442	LB: 90.9442	GB: 94.5743	Conf: 0.677897	Pts: 88170
Particle (23):: Fit: 90.4053	PB: 90.4053	LB: 90.9442	GB: 94.5743	Conf: 0.694905	Pts: 53527
Particle (20):: Fit: 89.624	PB: 89.624	LB: 94.5743	GB: 94.5743	Conf: 0.755811	Pts: 49001
Particle (18):: Fit: 87.5922	PB: 87.5922	LB: 94.5743	GB: 94.5743	Conf: 0.183278	Pts: 182394
Particle (43):: Fit: 86.5977	PB: 86.5977	LB: 91.8656	GB: 94.5743	Conf: 0.285827	Pts: 52293
Particle (1):: Fit: 88.7766	PB: 88.7766	LB: 90.6639	GB: 94.5743	Conf: 0.627461	Pts: 281697
Particle (6):: Fit: 89.0894	PB: 89.0894	LB: 91.1083	GB: 94.5743	Conf: 0.260324	Pts: 52641
Particle (44):: Fit: 88.6348	PB: 88.6348	LB: 91.6807	GB: 94.5743	Conf: 0.647101	Pts: 102243
Particle (18):: Fit: 92.5235	PB: 92.5235	LB: 94.5743	GB: 94.5743	Conf: 0.516991	Pts: 186692
Particle (14):: Fit: 89.4569	PB: 89.4569	LB: 94.5743	GB: 94.5743	Conf: 0.608233	Pts: 47037
Particle (41):: Fit: 89.9948	PB: 89.9948	LB: 91.8656	GB: 94.5743	Conf: 0.396875	Pts: 131581
Particle (33):: Fit: 86.985	PB: 86.985	LB: 91.3138	GB: 94.5743	Conf: 0.626858	Pts: 66164
Particle (5):: Fit: 90.8607	PB: 90.8607	LB: 90.8607	GB: 94.5743	Conf: 0.871709	Pts: 106369
Particle (49):: Fit: 91.452	PB: 91.452	LB: 91.6807	GB: 94.5743	Conf: 0.868758	Pts: 71581
Particle (33):: Fit: 87.2585	PB: 87.2585	LB: 91.3138	GB: 94.5743	Conf: 0.684539	Pts: 65573
Particle (8):: Fit: 89.1939	PB: 89.1939	LB: 91.5916	GB: 94.5743	Conf: 0.420123	Pts: 75036
Particle (19):: Fit: 89.7342	PB: 89.7342	LB: 94.5743	GB: 94.5743	Conf: 0.547175	Pts: 110064
Particle (31):: Fit: 87.4299	PB: 87.4299	LB: 91.3138	GB: 94.5743	Conf: 0.803843	Pts: 224169
Particle (1):: Fit: 91.7674	PB: 91.7674	LB: 91.7674	GB: 94.5743	Conf: 0.498453	Pts: 329292
Particle (10):: Fit: 91.6218	PB: 91.6218	LB: 92.1797	GB: 94.5743	Conf: 0.641249	Pts: 124918
Particle (49):: Fit: 91.9237	PB: 91.9237	LB: 91.9237	GB: 94.5743	Conf: 0.656352	Pts: 119732
Particle (46):: Fit: 93.6449	PB: 93.6449	LB: 93.6449	GB: 94.5743	Conf: 0.528146	Pts: 173684
Particle (40):: Fit: 91.3581	PB: 91.3581	LB: 91.8656	GB: 94.5743	Conf: 0.716152	Pts: 123828
Particle (48):: Fit: 92.0042	PB: 92.0042	LB: 93.6449	GB: 94.5743	Conf: 0.491225	Pts: 93764
Particle (38):: Fit: 89.2566	PB: 89.2566	LB: 91.8656	GB: 94.5743	Conf: 0.572385	Pts: 88092
Particle (23):: Fit: 94.5901	PB: 94.5901	LB: 94.5901	GB: 94.5901	Conf: 0.845935	Pts: 108620
Global: 94.5901 - Correct: 94.1176% of 17 tests
Global Best: 
  Inner Net 1
  -- 1 : 1 = 0.179831
  -- 1 : 2 = 0.287906
  -- 1 : 3 = 0.00400208
  -- 1 : 4 = 0.261856
  -- 1 : 5 = 0.141424
  -- 1 : 6 = -0.273353
  -- 1 : 7 = -0.0189494
  -- 1 : 8 = 0.0710464
  -- 1 : 9 = 0.0679334
  -- 1 : 10 = 0.125483
  -- 2 : 1 = 0.180297
  -- 2 : 2 = 0.459187
  -- 2 : 3 = -0.0708616
  -- 2 : 4 = 0.0918513
  -- 2 : 5 = -0.167821
  -- 2 : 6 = 0.417754
  -- 2 : 7 = 0.0100378
  -- 2 : 8 = 0.0191331
  -- 2 : 9 = 0.0814225
  -- 2 : 10 = -0.33903
  -- 3 : 1 = 0.295122
  -- 3 : 2 = -0.0865872
  -- 3 : 3 = -0.0258443
  -- 3 : 4 = -0.263456
  -- 3 : 5 = 0.108825
  -- 3 : 6 = 0.0321137
  -- 3 : 7 = 0.270029
  -- 3 : 8 = 0.0720934
  -- 3 : 9 = -0.540088
  -- 3 : 10 = -0.0884281
  -- 4 : 1 = 0.536528
  -- 4 : 2 = -0.00242664
  -- 4 : 3 = -0.211507
  -- 4 : 4 = 0.238672
  -- 4 : 5 = -0.251507
  -- 4 : 6 = -0.0963321
  -- 4 : 7 = -0.15484
  -- 4 : 8 = 0.350526
  -- 4 : 9 = 0.248373
  -- 4 : 10 = -0.111728
  -- 5 : 1 = 0.119955
  -- 5 : 2 = 0.284402
  -- 5 : 3 = 0.116653
  -- 5 : 4 = 0.114906
  -- 5 : 5 = -0.200493
  -- 5 : 6 = 0.106989
  -- 5 : 7 = -0.034294
  -- 5 : 8 = -0.290639
  -- 5 : 9 = -0.116302
  -- 5 : 10 = -0.0136522
  -- 6 : 1 = -0.393578
  -- 6 : 2 = -0.207716
  -- 6 : 3 = 0.240283
  -- 6 : 4 = -7.75693e-008
  -- 6 : 5 = -0.0311178
  -- 6 : 6 = -0.187136
  -- 6 : 7 = -0.216056
  -- 6 : 8 = -0.0779886
  -- 6 : 9 = 0.00189765
  -- 6 : 10 = 0.00840964
  -- 7 : 1 = 0.626713
  -- 7 : 2 = 0.270323
  -- 7 : 3 = 0.455294
  -- 7 : 4 = 0.123033
  -- 7 : 5 = -0.208889
  -- 7 : 6 = 0.672596
  -- 7 : 7 = 0.099043
  -- 7 : 8 = -0.283878
  -- 7 : 9 = 0.152672
  -- 7 : 10 = -0.0469267
  -- 8 : 1 = 0.218766
  -- 8 : 2 = -0.115468
  -- 8 : 3 = -0.301705
  -- 8 : 4 = 0.438712
  -- 8 : 5 = -0.350115
  -- 8 : 6 = 0.0953776
  -- 8 : 7 = -0.209293
  -- 8 : 8 = 0.0666783
  -- 8 : 9 = 0.0468335
  -- 8 : 10 = 0.00873812
  -- 9 : 1 = 0.20746
  -- 9 : 2 = 0.347355
  -- 9 : 3 = 0.319985
  -- 9 : 4 = -0.147274
  -- 9 : 5 = 0.0970557
  -- 9 : 6 = -0.0346786
  -- 9 : 7 = -0.195542
  -- 9 : 8 = 0.189763
  -- 9 : 9 = 0.0434315
  -- 9 : 10 = 0.340477
  -- 10 : 1 = 0.0651362
  -- 10 : 2 = 0.342961
  -- 10 : 3 = 0.184223
  -- 10 : 4 = 0.312075
  -- 10 : 5 = 0.0275998
  -- 10 : 6 = -0.0198425
  -- 10 : 7 = 0.204604
  -- 10 : 8 = 0.00111066
  -- 10 : 9 = 0.209966
  -- 10 : 10 = 0.354019
  Inner Net 2
  -- 1 : 1 = 0.279636
  -- 1 : 2 = 0.184269
  -- 2 : 1 = 0.0539902
  -- 2 : 2 = 0.0882713
  -- 3 : 1 = 0.944375
  -- 3 : 2 = -0.144967
  -- 4 : 1 = 0.04159
  -- 4 : 2 = 0.287696
  -- 5 : 1 = 0.483377
  -- 5 : 2 = -0.112536
  -- 6 : 1 = -0.282464
  -- 6 : 2 = 0.0100863
  -- 7 : 1 = 0.0850904
  -- 7 : 2 = -0.200643
  -- 8 : 1 = 0.249096
  -- 8 : 2 = -0.249635
  -- 9 : 1 = -0.233781
  -- 9 : 2 = -0.544866
  -- 10 : 1 = -0.420692
  -- 10 : 2 = 0.12664
Out\Act	False		True
False	0.322228	0.519752	0.84198
True	0.0385531	0.119467	0.15802
	0.360781	0.639219
	Accuracy [ (tp + tn) / testSize ]: 0.441694
	Precision [ tp / (tp + fp) ]:      0.186756
	Sensitivity [ tp / (tp + fn) ]:    0.753754
	Specificity [ tn / (tn + fp) ]:    0.382486
	F-Score [ 2tp / (2tp + fp + fn) ]: 0.299523
Particle (47):: Fit: 88.4936	PB: 88.4936	LB: 93.6449	GB: 94.5901	Conf: 0.565535	Pts: 52955
Particle (21):: Fit: 89.5865	PB: 89.5865	LB: 94.5901	GB: 94.5901	Conf: 0.612078	Pts: 52993
Particle (31):: Fit: 89.6163	PB: 89.6163	LB: 91.3138	GB: 94.5901	Conf: 0.730263	Pts: 222178
Particle (35):: Fit: 87.8845	PB: 87.8845	LB: 91.8656	GB: 94.5901	Conf: 0.720464	Pts: 87434
Particle (7):: Fit: 90.3534	PB: 90.3534	LB: 91.6218	GB: 94.5901	Conf: 0.77648	Pts: 82438
Particle (26):: Fit: 88.8219	PB: 88.8219	LB: 94.5901	GB: 94.5901	Conf: 0.587759	Pts: 41205
Particle (5):: Fit: 91.1707	PB: 91.1707	LB: 91.7674	GB: 94.5901	Conf: 0.394548	Pts: 101855
Particle (44):: Fit: 91.5968	PB: 91.5968	LB: 93.6449	GB: 94.5901	Conf: 0.460808	Pts: 96673
Particle (22):: Fit: 91.0115	PB: 91.0115	LB: 94.5901	GB: 94.5901	Conf: 0.819585	Pts: 81222
Particle (0):: Fit: 87.3239	PB: 87.3239	LB: 93.6449	GB: 94.5901	Conf: 0.729136	Pts: 95925
Particle (16):: Fit: 90.3779	PB: 90.3779	LB: 94.5743	GB: 94.5901	Conf: 0.672445	Pts: 40701
Particle (14):: Fit: 91.4417	PB: 91.4417	LB: 94.5743	GB: 94.5901	Conf: 0.627743	Pts: 40414
Particle (6):: Fit: 91.1806	PB: 91.1806	LB: 91.6218	GB: 94.5901	Conf: 0.219211	Pts: 44894
Particle (22):: Fit: 91.4159	PB: 91.4159	LB: 94.5901	GB: 94.5901	Conf: 0.650655	Pts: 79363
Particle (9):: Fit: 93.7059	PB: 93.7059	LB: 93.7059	GB: 94.5901	Conf: 0.867896	Pts: 143357
Particle (49):: Fit: 92.1565	PB: 92.1565	LB: 93.6449	GB: 94.5901	Conf: 0.752746	Pts: 129194
Particle (7):: Fit: 91.1376	PB: 91.1376	LB: 93.7059	GB: 94.5901	Conf: 0.77916	Pts: 78138
Particle (0):: Fit: 88.5517	PB: 88.5517	LB: 93.6449	GB: 94.5901	Conf: 0.522419	Pts: 92936
Particle (4):: Fit: 90.1545	PB: 90.1545	LB: 93.7059	GB: 94.5901	Conf: 0.467861	Pts: 47320
Particle (31):: Fit: 90.2546	PB: 90.2546	LB: 91.3138	GB: 94.5901	Conf: 0.693575	Pts: 216813
Particle (20):: Fit: 90.5835	PB: 90.5835	LB: 94.5901	GB: 94.5901	Conf: 0.593864	Pts: 36858
Particle (24):: Fit: 88.4709	PB: 88.4709	LB: 94.5901	GB: 94.5901	Conf: 0.513506	Pts: 36083
Particle (26):: Fit: 89.777	PB: 89.777	LB: 94.5901	GB: 94.5901	Conf: 0.616154	Pts: 34860
Particle (25):: Fit: 89.8511	PB: 89.8511	LB: 94.5901	GB: 94.5901	Conf: 0.654961	Pts: 178673
Particle (21):: Fit: 92.7862	PB: 92.7862	LB: 94.5901	GB: 94.5901	Conf: 0.614956	Pts: 43924
Particle (37):: Fit: 89.2853	PB: 89.2853	LB: 91.8656	GB: 94.5901	Conf: 0.404484	Pts: 33390
Particle (47):: Fit: 89.9245	PB: 89.9245	LB: 93.6449	GB: 94.5901	Conf: 0.574974	Pts: 42427
Particle (3):: Fit: 90.0904	PB: 90.0904	LB: 92.1565	GB: 94.5901	Conf: 0.93407	Pts: 57283
Particle (43):: Fit: 90.991	PB: 90.991	LB: 93.6449	GB: 94.5901	Conf: 0.293044	Pts: 36851
Particle (27):: Fit: 93.1096	PB: 93.1096	LB: 94.5901	GB: 94.5901	Conf: 0.539271	Pts: 87082
Particle (44):: Fit: 92.6232	PB: 92.6232	LB: 93.6449	GB: 94.5901	Conf: 0.501469	Pts: 97200
Particle (0):: Fit: 89.975	PB: 89.975	LB: 93.6449	GB: 94.5901	Conf: 0.792009	Pts: 86829
Particle (3):: Fit: 92.9836	PB: 92.9836	LB: 92.9836	GB: 94.5901	Conf: 0.832382	Pts: 71872
Global Best: 
  Inner Net 1
  -- 1 : 1 = 0.179831
  -- 1 : 2 = 0.287906
  -- 1 : 3 = 0.00400208
  -- 1 : 4 = 0.261856
  -- 1 : 5 = 0.141424
  -- 1 : 6 = -0.273353
  -- 1 : 7 = -0.0189494
  -- 1 : 8 = 0.0710464
  -- 1 : 9 = 0.0679334
  -- 1 : 10 = 0.125483
  -- 2 : 1 = 0.180297
  -- 2 : 2 = 0.459187
  -- 2 : 3 = -0.0708616
  -- 2 : 4 = 0.0918513
  -- 2 : 5 = -0.167821
  -- 2 : 6 = 0.417754
  -- 2 : 7 = 0.0100378
  -- 2 : 8 = 0.0191331
  -- 2 : 9 = 0.0814225
  -- 2 : 10 = -0.33903
  -- 3 : 1 = 0.295122
  -- 3 : 2 = -0.0865872
  -- 3 : 3 = -0.0258443
  -- 3 : 4 = -0.263456
  -- 3 : 5 = 0.108825
  -- 3 : 6 = 0.0321137
  -- 3 : 7 = 0.270029
  -- 3 : 8 = 0.0720934
  -- 3 : 9 = -0.540088
  -- 3 : 10 = -0.0884281
  -- 4 : 1 = 0.536528
  -- 4 : 2 = -0.00242664
  -- 4 : 3 = -0.211507
  -- 4 : 4 = 0.238672
  -- 4 : 5 = -0.251507
  -- 4 : 6 = -0.0963321
  -- 4 : 7 = -0.15484
  -- 4 : 8 = 0.350526
  -- 4 : 9 = 0.248373
  -- 4 : 10 = -0.111728
  -- 5 : 1 = 0.119955
  -- 5 : 2 = 0.284402
  -- 5 : 3 = 0.116653
  -- 5 : 4 = 0.114906
  -- 5 : 5 = -0.200493
  -- 5 : 6 = 0.106989
  -- 5 : 7 = -0.034294
  -- 5 : 8 = -0.290639
  -- 5 : 9 = -0.116302
  -- 5 : 10 = -0.0136522
  -- 6 : 1 = -0.393578
  -- 6 : 2 = -0.207716
  -- 6 : 3 = 0.240283
  -- 6 : 4 = -7.75693e-008
  -- 6 : 5 = -0.0311178
  -- 6 : 6 = -0.187136
  -- 6 : 7 = -0.216056
  -- 6 : 8 = -0.0779886
  -- 6 : 9 = 0.00189765
  -- 6 : 10 = 0.00840964
  -- 7 : 1 = 0.626713
  -- 7 : 2 = 0.270323
  -- 7 : 3 = 0.455294
  -- 7 : 4 = 0.123033
  -- 7 : 5 = -0.208889
  -- 7 : 6 = 0.672596
  -- 7 : 7 = 0.099043
  -- 7 : 8 = -0.283878
  -- 7 : 9 = 0.152672
  -- 7 : 10 = -0.0469267
  -- 8 : 1 = 0.218766
  -- 8 : 2 = -0.115468
  -- 8 : 3 = -0.301705
  -- 8 : 4 = 0.438712
  -- 8 : 5 = -0.350115
  -- 8 : 6 = 0.0953776
  -- 8 : 7 = -0.209293
  -- 8 : 8 = 0.0666783
  -- 8 : 9 = 0.0468335
  -- 8 : 10 = 0.00873812
  -- 9 : 1 = 0.20746
  -- 9 : 2 = 0.347355
  -- 9 : 3 = 0.319985
  -- 9 : 4 = -0.147274
  -- 9 : 5 = 0.0970557
  -- 9 : 6 = -0.0346786
  -- 9 : 7 = -0.195542
  -- 9 : 8 = 0.189763
  -- 9 : 9 = 0.0434315
  -- 9 : 10 = 0.340477
  -- 10 : 1 = 0.0651362
  -- 10 : 2 = 0.342961
  -- 10 : 3 = 0.184223
  -- 10 : 4 = 0.312075
  -- 10 : 5 = 0.0275998
  -- 10 : 6 = -0.0198425
  -- 10 : 7 = 0.204604
  -- 10 : 8 = 0.00111066
  -- 10 : 9 = 0.209966
  -- 10 : 10 = 0.354019
  Inner Net 2
  -- 1 : 1 = 0.279636
  -- 1 : 2 = 0.184269
  -- 2 : 1 = 0.0539902
  -- 2 : 2 = 0.0882713
  -- 3 : 1 = 0.944375
  -- 3 : 2 = -0.144967
  -- 4 : 1 = 0.04159
  -- 4 : 2 = 0.287696
  -- 5 : 1 = 0.483377
  -- 5 : 2 = -0.112536
  -- 6 : 1 = -0.282464
  -- 6 : 2 = 0.0100863
  -- 7 : 1 = 0.0850904
  -- 7 : 2 = -0.200643
  -- 8 : 1 = 0.249096
  -- 8 : 2 = -0.249635
  -- 9 : 1 = -0.233781
  -- 9 : 2 = -0.544866
  -- 10 : 1 = -0.420692
  -- 10 : 2 = 0.12664
Out\Act	False		True
False	0.322228	0.519752	0.84198
True	0.0385531	0.119467	0.15802
	0.360781	0.639219
	Accuracy [ (tp + tn) / testSize ]: 0.441694
	Precision [ tp / (tp + fp) ]:      0.186756
	Sensitivity [ tp / (tp + fn) ]:    0.753754
	Specificity [ tn / (tn + fp) ]:    0.382486
	F-Score [ 2tp / (2tp + fp + fn) ]: 0.299523
