
Date / Time: Fri Mar 31 00:59:58 2017

   ****************************************
   * PSO Neural Net (Gaussian Activation) *
   *       by William Boler, BSCE         *
   *     Research Assistant, IUPUI        *
   *                                      *
   *  Professor: Dr. Lauren Christopher   *
   *     Created: March 13, 2017          *
   ****************************************


Inputs: 10
Inner Nets: 1
 - 10
Tests per train(min): 50
Particles: 50
Neighbors: 10
Minimum Particle Iterations: 1000
Particle (0):: Fit: 2356.76	PB: 2356.76	LB: 2356.76	GB: 2356.76	Conf: 1.61969	Pts: 110099
Particle (1):: Fit: 2671.18	PB: 2671.18	LB: 2671.18	GB: 2671.18	Conf: 2	Pts: 110099
Particle (2):: Fit: 2678.18	PB: 2678.18	LB: 2678.18	GB: 2678.18	Conf: 2	Pts: 110099
Particle (3):: Fit: 2681.39	PB: 2681.39	LB: 2681.39	GB: 2681.39	Conf: 2	Pts: 110099
Particle (4):: Fit: 5307.68	PB: 5307.68	LB: 5307.68	GB: 5307.68	Conf: 0.436666	Pts: 110099
Particle (5):: Fit: 2631.41	PB: 2631.41	LB: 5307.68	GB: 5307.68	Conf: 2	Pts: 55099
Particle (6):: Fit: 3012.74	PB: 3012.74	LB: 5307.68	GB: 5307.68	Conf: 1.47378	Pts: 60099
Particle (7):: Fit: 2643.73	PB: 2643.73	LB: 5307.68	GB: 5307.68	Conf: 2	Pts: 55099
Particle (8):: Fit: 2667.35	PB: 2667.35	LB: 5307.68	GB: 5307.68	Conf: 2	Pts: 60099
Particle (9):: Fit: 2671.63	PB: 2671.63	LB: 3012.74	GB: 5307.68	Conf: 0.65352	Pts: 65099
Particle (10):: Fit: 2684.51	PB: 2684.51	LB: 3012.74	GB: 5307.68	Conf: 1.77574	Pts: 70099
Particle (11):: Fit: 4611.58	PB: 4611.58	LB: 4611.58	GB: 5307.68	Conf: 1.87485	Pts: 85099
Particle (12):: Fit: 2568.81	PB: 2568.81	LB: 4611.58	GB: 5307.68	Conf: 1.97707	Pts: 55099
Particle (13):: Fit: 2624.39	PB: 2624.39	LB: 4611.58	GB: 5307.68	Conf: 2	Pts: 60099
Particle (14):: Fit: 3914.04	PB: 3914.04	LB: 4611.58	GB: 5307.68	Conf: 1.3244	Pts: 65099
Particle (15):: Fit: 2667.46	PB: 2667.46	LB: 4611.58	GB: 5307.68	Conf: 1.67736	Pts: 55099
Particle (16):: Fit: 2500.09	PB: 2500.09	LB: 3914.04	GB: 5307.68	Conf: 1.97261	Pts: 55099
Particle (17):: Fit: 2674.78	PB: 2674.78	LB: 3914.04	GB: 5307.68	Conf: 2	Pts: 65099
Particle (18):: Fit: 3961.65	PB: 3961.65	LB: 3961.65	GB: 5307.68	Conf: 1.76929	Pts: 85099
Particle (19):: Fit: 4097.51	PB: 4097.51	LB: 4097.51	GB: 5307.68	Conf: 1.73691	Pts: 90099
Particle (20):: Fit: 2649.17	PB: 2649.17	LB: 4097.51	GB: 5307.68	Conf: 2	Pts: 55099
Particle (21):: Fit: 2659.04	PB: 2659.04	LB: 4097.51	GB: 5307.68	Conf: 1.10831	Pts: 60099
Particle (22):: Fit: 2631.59	PB: 2631.59	LB: 4097.51	GB: 5307.68	Conf: 0.314905	Pts: 55099
Particle (23):: Fit: 611.635	PB: 611.635	LB: 4097.51	GB: 5307.68	Conf: 0.535512	Pts: 55099
Particle (24):: Fit: 2658.91	PB: 2658.91	LB: 2659.04	GB: 5307.68	Conf: 1.96639	Pts: 65099
Particle (25):: Fit: 2616.68	PB: 2616.68	LB: 2659.04	GB: 5307.68	Conf: 2	Pts: 55099
Particle (26):: Fit: 2340.63	PB: 2340.63	LB: 2658.91	GB: 5307.68	Conf: 0.935784	Pts: 55099
Particle (27):: Fit: 6.17551	PB: 6.17551	LB: 2658.91	GB: 5307.68	Conf: 0.146869	Pts: 55099
Particle (28):: Fit: 5.75899	PB: 5.75899	LB: 2658.91	GB: 5307.68	Conf: 0.532078	Pts: 55099
Particle (29):: Fit: 2649.17	PB: 2649.17	LB: 2649.17	GB: 5307.68	Conf: 2	Pts: 75099
Particle (30):: Fit: 2486.52	PB: 2486.52	LB: 2649.17	GB: 5307.68	Conf: 1.96547	Pts: 55099
Particle (31):: Fit: 6.02482	PB: 6.02482	LB: 2649.17	GB: 5307.68	Conf: 0.546679	Pts: 55099
Particle (32):: Fit: 2649.17	PB: 2649.17	LB: 2649.17	GB: 5307.68	Conf: 2	Pts: 65099
Particle (33):: Fit: 2643.73	PB: 2643.73	LB: 2649.17	GB: 5307.68	Conf: 2	Pts: 55099
Particle (34):: Fit: 2658.91	PB: 2658.91	LB: 2658.91	GB: 5307.68	Conf: 1.88985	Pts: 100099
Particle (35):: Fit: 2667.35	PB: 2667.35	LB: 2667.35	GB: 5307.68	Conf: 2	Pts: 100099
Particle (36):: Fit: 2616.8	PB: 2616.8	LB: 2667.35	GB: 5307.68	Conf: 0.245783	Pts: 55099
Particle (37):: Fit: 2671.18	PB: 2671.18	LB: 2671.18	GB: 5307.68	Conf: 2	Pts: 100099
Particle (38):: Fit: 2667.35	PB: 2667.35	LB: 2671.18	GB: 5307.68	Conf: 1.89533	Pts: 55099
Particle (39):: Fit: 2678.22	PB: 2678.22	LB: 2678.22	GB: 5307.68	Conf: 1.96954	Pts: 100099
Particle (40):: Fit: 4260.99	PB: 4260.99	LB: 4260.99	GB: 5307.68	Conf: 1.69737	Pts: 100099
Particle (41):: Fit: 2649.19	PB: 2649.19	LB: 4260.99	GB: 5307.68	Conf: 1.46418	Pts: 55099
Particle (42):: Fit: 2663.26	PB: 2663.26	LB: 4260.99	GB: 5307.68	Conf: 2	Pts: 55099
Particle (43):: Fit: 5.31457	PB: 5.31457	LB: 4260.99	GB: 5307.68	Conf: 0.826046	Pts: 50099
Particle (44):: Fit: 2649.48	PB: 2649.48	LB: 4260.99	GB: 5307.68	Conf: 0.991681	Pts: 50099
Particle (45):: Fit: 2654.21	PB: 2654.21	LB: 2663.26	GB: 5307.68	Conf: 2	Pts: 50099
Particle (46):: Fit: 2658.92	PB: 2658.92	LB: 2671.18	GB: 5307.68	Conf: 1.4208	Pts: 50099
Particle (47):: Fit: 2905.37	PB: 2905.37	LB: 2905.37	GB: 5307.68	Conf: 1.35259	Pts: 70099
Particle (48):: Fit: 2671.17	PB: 2671.17	LB: 2905.37	GB: 5307.68	Conf: 1.86046	Pts: 50099
Particle (49):: Fit: 3952.51	PB: 3952.51	LB: 5307.68	GB: 5307.68	Conf: 1.76929	Pts: 70099
Global: 5307.68 - Correct: 58% of 50 tests
Global Best: 
  Inner Net 1
  -- 1 : 1 = 0.3043
  -- 1 : 2 = 0.1104
  -- 1 : 3 = 0.5977
  -- 1 : 4 = 0.7965
  -- 1 : 5 = 0.7236
  -- 1 : 6 = 0.0026
  -- 1 : 7 = 0.1787
  -- 1 : 8 = 0.8382
  -- 1 : 9 = 0.1008
  -- 1 : 10 = 0.5369
  -- 2 : 1 = 0.3537
  -- 2 : 2 = 0.2403
  -- 2 : 3 = 0.6253
  -- 2 : 4 = 0.6368
  -- 2 : 5 = 0.4371
  -- 2 : 6 = 0.5508
  -- 2 : 7 = 0.4787
  -- 2 : 8 = 0.0261
  -- 2 : 9 = 0.8928
  -- 2 : 10 = 0.1734
  -- 3 : 1 = 0.1042
  -- 3 : 2 = 0.6662
  -- 3 : 3 = 0.7088
  -- 3 : 4 = 0.5055
  -- 3 : 5 = 0.1401
  -- 3 : 6 = 0.2362
  -- 3 : 7 = 0.0267
  -- 3 : 8 = 0.9915
  -- 3 : 9 = 0.4996
  -- 3 : 10 = 0.7258
  -- 4 : 1 = 0.0056
  -- 4 : 2 = 0.3631
  -- 4 : 3 = 0.8454
  -- 4 : 4 = 0.552
  -- 4 : 5 = 0.8184
  -- 4 : 6 = 0.8524
  -- 4 : 7 = 0.2967
  -- 4 : 8 = 0.6542
  -- 4 : 9 = 0.2228
  -- 4 : 10 = 0.4358
  -- 5 : 1 = 0.448
  -- 5 : 2 = 0.1041
  -- 5 : 3 = 0.418
  -- 5 : 4 = 0.063
  -- 5 : 5 = 0.8581
  -- 5 : 6 = 0.7287
  -- 5 : 7 = 0.6481
  -- 5 : 8 = 0.206
  -- 5 : 9 = 0.5537
  -- 5 : 10 = 0.56
  -- 6 : 1 = 0.5837
  -- 6 : 2 = 0.7913
  -- 6 : 3 = 0.6264
  -- 6 : 4 = 0.565
  -- 6 : 5 = 0.9426
  -- 6 : 6 = 0.4012
  -- 6 : 7 = 0.6521
  -- 6 : 8 = 0.5151
  -- 6 : 9 = 0.7833
  -- 6 : 10 = 0.6572
  -- 7 : 1 = 0.8451
  -- 7 : 2 = 0.8938
  -- 7 : 3 = 0.4684
  -- 7 : 4 = 0.5461
  -- 7 : 5 = 0.2107
  -- 7 : 6 = 0.9335
  -- 7 : 7 = 0.0877
  -- 7 : 8 = 0.9862
  -- 7 : 9 = 0.3034
  -- 7 : 10 = 0.1107
  -- 8 : 1 = 0.3657
  -- 8 : 2 = 0.5803
  -- 8 : 3 = 0.8395
  -- 8 : 4 = 0.698
  -- 8 : 5 = 0.0919
  -- 8 : 6 = 0.943
  -- 8 : 7 = 0.599
  -- 8 : 8 = 0.5954
  -- 8 : 9 = 0.4229
  -- 8 : 10 = 0.8451
  -- 9 : 1 = 0.8214
  -- 9 : 2 = 0.2535
  -- 9 : 3 = 0.9669
  -- 9 : 4 = 0.8811
  -- 9 : 5 = 0.8098
  -- 9 : 6 = 0.0802
  -- 9 : 7 = 0.4196
  -- 9 : 8 = 0.3514
  -- 9 : 9 = 0.265
  -- 9 : 10 = 0.4226
  -- 10 : 1 = 0.1372
  -- 10 : 2 = 0.0189
  -- 10 : 3 = 0.192
  -- 10 : 4 = 0.6817
  -- 10 : 5 = 0.369
  -- 10 : 6 = 0.8622
  -- 10 : 7 = 0.8378
  -- 10 : 8 = 0.4847
  -- 10 : 9 = 0.429
  -- 10 : 10 = 0.6083
  Inner Net 2
  -- 1 : 1 = -0.2755
  -- 1 : 2 = -0.3047
  -- 2 : 1 = -0.0967
  -- 2 : 2 = 0.3723
  -- 3 : 1 = -0.038
  -- 3 : 2 = 0.0786
  -- 4 : 1 = 0.2988
  -- 4 : 2 = 0.3762
  -- 5 : 1 = 0.1793
  -- 5 : 2 = 0.4464
  -- 6 : 1 = 0.0591
  -- 6 : 2 = -0.1593
  -- 7 : 1 = 0.2594
  -- 7 : 2 = 0.3322
  -- 8 : 1 = 0.0153
  -- 8 : 2 = 0.0668
  -- 9 : 1 = 0.048
  -- 9 : 2 = 0.0201
  -- 10 : 1 = -0.1882
  -- 10 : 2 = -0.0105
Out\Act	False		True
False	0.0633032	0.778677	0.84198
True	0.00904331	0.148977	0.15802
	0.0723465	0.927653
	Accuracy [ (tp + tn) / testSize ]: 0.21228
	Precision [ tp / (tp + fp) ]:      0.160513
	Sensitivity [ tp / (tp + fn) ]:    0.93994
	Specificity [ tn / (tn + fp) ]:    0.0751412
	F-Score [ 2tp / (2tp + fp + fn) ]: 0.274321
Particle (0):: Fit: 4786.39	PB: 4786.39	LB: 5307.68	GB: 5307.68	Conf: 1.78292	Pts: 130198
Particle (7):: Fit: 2658.89	PB: 2658.89	LB: 5307.68	GB: 5307.68	Conf: 2	Pts: 55198
Particle (10):: Fit: 4035.54	PB: 4035.54	LB: 4611.58	GB: 5307.68	Conf: 1.72759	Pts: 70198
Particle (11):: Fit: 4784.57	PB: 4784.57	LB: 4784.57	GB: 5307.68	Conf: 1.8971	Pts: 120198
Particle (12):: Fit: 2631.43	PB: 2631.43	LB: 4784.57	GB: 5307.68	Conf: 1.97671	Pts: 55198
Particle (13):: Fit: 2631.41	PB: 2631.41	LB: 4784.57	GB: 5307.68	Conf: 2	Pts: 60198
Particle (16):: Fit: 2616.68	PB: 2616.68	LB: 4097.51	GB: 5307.68	Conf: 2	Pts: 55198
Particle (18):: Fit: 4017.08	PB: 4017.08	LB: 4097.51	GB: 5307.68	Conf: 1.68354	Pts: 85198
Particle (20):: Fit: 2667.39	PB: 2667.39	LB: 4097.51	GB: 5307.68	Conf: 1.97797	Pts: 60198
Particle (23):: Fit: 2663.49	PB: 2663.49	LB: 4097.51	GB: 5307.68	Conf: 0.306001	Pts: 70198
Particle (24):: Fit: 2671.28	PB: 2671.28	LB: 2671.28	GB: 5307.68	Conf: 1.7968	Pts: 90198
Particle (25):: Fit: 2624.39	PB: 2624.39	LB: 2671.28	GB: 5307.68	Conf: 2	Pts: 55198
Particle (27):: Fit: 2671.7	PB: 2671.7	LB: 2671.7	GB: 5307.68	Conf: 0.575627	Pts: 95198
Particle (28):: Fit: 2663.54	PB: 2663.54	LB: 2671.7	GB: 5307.68	Conf: 0.848111	Pts: 55198
Particle (30):: Fit: 2681.39	PB: 2681.39	LB: 2681.39	GB: 5307.68	Conf: 2	Pts: 105198
Particle (31):: Fit: 2659.1	PB: 2659.1	LB: 2681.39	GB: 5307.68	Conf: 0.870679	Pts: 55198
Particle (32):: Fit: 2681.39	PB: 2681.39	LB: 2681.39	GB: 5307.68	Conf: 2	Pts: 65198
Particle (38):: Fit: 3763.97	PB: 3763.97	LB: 4260.99	GB: 5307.68	Conf: 1.77017	Pts: 65198
Particle (41):: Fit: 3843.58	PB: 3843.58	LB: 4260.99	GB: 5307.68	Conf: 1.64121	Pts: 55198
Particle (43):: Fit: 2667.7	PB: 2667.7	LB: 4260.99	GB: 5307.68	Conf: 0.249416	Pts: 50197
Particle (46):: Fit: 3937.08	PB: 3937.08	LB: 4786.39	GB: 5307.68	Conf: 1.43629	Pts: 50198
Particle (2):: Fit: 2681.39	PB: 2681.39	LB: 5307.68	GB: 5307.68	Conf: 2	Pts: 110197
Particle (5):: Fit: 2658.91	PB: 2658.91	LB: 5307.68	GB: 5307.68	Conf: 1.93704	Pts: 55197
Particle (7):: Fit: 2663.26	PB: 2663.26	LB: 5307.68	GB: 5307.68	Conf: 2	Pts: 55297
Particle (8):: Fit: 2671.18	PB: 2671.18	LB: 5307.68	GB: 5307.68	Conf: 2	Pts: 60197
Particle (12):: Fit: 2681.48	PB: 2681.48	LB: 4784.57	GB: 5307.68	Conf: 1.91797	Pts: 55297
Particle (13):: Fit: 2678.18	PB: 2678.18	LB: 4784.57	GB: 5307.68	Conf: 2	Pts: 60297
Particle (16):: Fit: 2671.18	PB: 2671.18	LB: 4097.51	GB: 5307.68	Conf: 2	Pts: 55297
Particle (19):: Fit: 5342.79	PB: 5342.79	LB: 5342.79	GB: 5342.79	Conf: 1.86806	Pts: 150197
Particle (20):: Fit: 2684.43	PB: 2684.43	LB: 5342.79	GB: 5342.79	Conf: 2	Pts: 65297
Particle (22):: Fit: 2637.87	PB: 2637.87	LB: 5342.79	GB: 5342.79	Conf: 0.040826	Pts: 55197
Particle (24):: Fit: 4843.52	PB: 4843.52	LB: 4843.52	GB: 5342.79	Conf: 1.90555	Pts: 115297
Particle (25):: Fit: 2663.26	PB: 2663.26	LB: 4843.52	GB: 5342.79	Conf: 2	Pts: 55297
Particle (29):: Fit: 5335.66	PB: 5335.66	LB: 5335.66	GB: 5342.79	Conf: 1.9636	Pts: 125197
Particle (33):: Fit: 2674.78	PB: 2674.78	LB: 5335.66	GB: 5342.79	Conf: 2	Pts: 55197
Particle (34):: Fit: 4512.49	PB: 4512.49	LB: 4512.49	GB: 5342.79	Conf: 1.88681	Pts: 125197
Particle (39):: Fit: 2690.05	PB: 2690.05	LB: 4260.99	GB: 5342.79	Conf: 2	Pts: 100197
Particle (40):: Fit: 4444.04	PB: 4444.04	LB: 4444.04	GB: 5342.79	Conf: 1.5441	Pts: 130197
Particle (44):: Fit: 2675.27	PB: 2675.27	LB: 4444.04	GB: 5342.79	Conf: 1.28915	Pts: 50197
Particle (45):: Fit: 2681.39	PB: 2681.39	LB: 4786.39	GB: 5342.79	Conf: 2	Pts: 50197
Particle (49):: Fit: 4159.27	PB: 4159.27	LB: 5307.68	GB: 5342.79	Conf: 1.79501	Pts: 70197
Global: 5342.79 - Correct: 48% of 50 tests
Global Best: 
  Inner Net 1
  -- 1 : 1 = 0.769
  -- 1 : 2 = 0.3543
  -- 1 : 3 = 0.325
  -- 1 : 4 = 0.0299
  -- 1 : 5 = 0.312
  -- 1 : 6 = 0.661
  -- 1 : 7 = 0.3401
  -- 1 : 8 = 0.4429
  -- 1 : 9 = 0.2274
  -- 1 : 10 = 0.2642
  -- 2 : 1 = 0.231
  -- 2 : 2 = 0.1455
  -- 2 : 3 = 0.3489
  -- 2 : 4 = 0.4852
  -- 2 : 5 = 0.3745
  -- 2 : 6 = 0.5608
  -- 2 : 7 = 0.4922
  -- 2 : 8 = 0.8321
  -- 2 : 9 = 0.957
  -- 2 : 10 = 0.5298
  -- 3 : 1 = 0.8491
  -- 3 : 2 = 0.6512
  -- 3 : 3 = 0.0896
  -- 3 : 4 = 0.3971
  -- 3 : 5 = 0.4981
  -- 3 : 6 = 0.3661
  -- 3 : 7 = 0.4572
  -- 3 : 8 = 0.2829
  -- 3 : 9 = 0.0866
  -- 3 : 10 = 0.8009
  -- 4 : 1 = 0.2479
  -- 4 : 2 = 0.0018
  -- 4 : 3 = 0.3321
  -- 4 : 4 = 0.1265
  -- 4 : 5 = 0.5552
  -- 4 : 6 = 0.5212
  -- 4 : 7 = 0.5487
  -- 4 : 8 = 0.3283
  -- 4 : 9 = 0.0635
  -- 4 : 10 = 0.4619
  -- 5 : 1 = 0.9553
  -- 5 : 2 = 0.8846
  -- 5 : 3 = 0.3583
  -- 5 : 4 = 0.0896
  -- 5 : 5 = 0.3711
  -- 5 : 6 = 0.2793
  -- 5 : 7 = 0.5223
  -- 5 : 8 = 0.5307
  -- 5 : 9 = 0.7179
  -- 5 : 10 = 0.1
  -- 6 : 1 = 0.9115
  -- 6 : 2 = 0.3216
  -- 6 : 3 = 0.8258
  -- 6 : 4 = 0.2362
  -- 6 : 5 = 0.5399
  -- 6 : 6 = 0.9647
  -- 6 : 7 = 0.7306
  -- 6 : 8 = 0.191
  -- 6 : 9 = 0.0925
  -- 6 : 10 = 0.2308
  -- 7 : 1 = 0.8525
  -- 7 : 2 = 0.7591
  -- 7 : 3 = 0.3159
  -- 7 : 4 = 0.6332
  -- 7 : 5 = 0.3684
  -- 7 : 6 = 0.1926
  -- 7 : 7 = 0.9775
  -- 7 : 8 = 0.5993
  -- 7 : 9 = 0.9816
  -- 7 : 10 = 0.4295
  -- 8 : 1 = 0.373
  -- 8 : 2 = 0.1207
  -- 8 : 3 = 0.1845
  -- 8 : 4 = 0.631
  -- 8 : 5 = 0.2786
  -- 8 : 6 = 0.096
  -- 8 : 7 = 0.1761
  -- 8 : 8 = 0.602
  -- 8 : 9 = 0.0076
  -- 8 : 10 = 0.2717
  -- 9 : 1 = 0.0635
  -- 9 : 2 = 0.3852
  -- 9 : 3 = 0.6362
  -- 9 : 4 = 0.8447
  -- 9 : 5 = 0.0823
  -- 9 : 6 = 0.3291
  -- 9 : 7 = 0.5945
  -- 9 : 8 = 0.9965
  -- 9 : 9 = 0.4009
  -- 9 : 10 = 0.3808
  -- 10 : 1 = 0.4909
  -- 10 : 2 = 0.763
  -- 10 : 3 = 0.9679
  -- 10 : 4 = 0.9327
  -- 10 : 5 = 0.2403
  -- 10 : 6 = 0.6345
  -- 10 : 7 = 0.2452
  -- 10 : 8 = 0.1628
  -- 10 : 9 = 0.4728
  -- 10 : 10 = 0.4411
  Inner Net 2
  -- 1 : 1 = 0.215999
  -- 1 : 2 = 0.265724
  -- 2 : 1 = -0.325328
  -- 2 : 2 = -0.210669
  -- 3 : 1 = 0.0292344
  -- 3 : 2 = -0.177433
  -- 4 : 1 = 0.268182
  -- 4 : 2 = -0.0333109
  -- 5 : 1 = -0.0885957
  -- 5 : 2 = 0.4419
  -- 6 : 1 = 0.506267
  -- 6 : 2 = -0.0798554
  -- 7 : 1 = 0.323467
  -- 7 : 2 = 0.182131
  -- 8 : 1 = 0.0930417
  -- 8 : 2 = 0.2974
  -- 9 : 1 = 0.32171
  -- 9 : 2 = 0.208908
  -- 10 : 1 = 0.284879
  -- 10 : 2 = 0.127663
Out\Act	False		True
False	0.84198	0	0.84198
True	0.15802	0	0.15802
	1	0
	Accuracy [ (tp + tn) / testSize ]: 0.84198
	Precision [ tp / (tp + fp) ]:      0
	Sensitivity [ tp / (tp + fn) ]:    0
	Specificity [ tn / (tn + fp) ]:    0.999435
	F-Score [ 2tp / (2tp + fp + fn) ]: 0
Particle (6):: Fit: 3709.02	PB: 3709.02	LB: 5307.68	GB: 5342.79	Conf: 1.46586	Pts: 60196
Particle (10):: Fit: 4905.83	PB: 4905.83	LB: 4905.83	GB: 5342.79	Conf: 1.86044	Pts: 95296
Particle (17):: Fit: 2681.39	PB: 2681.39	LB: 5342.79	GB: 5342.79	Conf: 2	Pts: 65196
Particle (25):: Fit: 2674.78	PB: 2674.78	LB: 5335.66	GB: 5342.79	Conf: 2	Pts: 55396
Particle (30):: Fit: 2684.43	PB: 2684.43	LB: 5335.66	GB: 5342.79	Conf: 2	Pts: 105296
Particle (36):: Fit: 2663.44	PB: 2663.44	LB: 4512.49	GB: 5342.79	Conf: 0.109177	Pts: 55196
Particle (37):: Fit: 2678.18	PB: 2678.18	LB: 4512.49	GB: 5342.79	Conf: 2	Pts: 100196
Particle (45):: Fit: 2684.43	PB: 2684.43	LB: 4786.39	GB: 5342.79	Conf: 2	Pts: 50296
Particle (49):: Fit: 5352.02	PB: 5352.02	LB: 5352.02	GB: 5352.02	Conf: 1.78272	Pts: 130296
Global: 5352.02 - Correct: 58% of 50 tests
Global Best: 
  Inner Net 1
  -- 1 : 1 = 0.5242
  -- 1 : 2 = 0.9931
  -- 1 : 3 = 0.3308
  -- 1 : 4 = 0.2956
  -- 1 : 5 = 0.7941
  -- 1 : 6 = 0.4394
  -- 1 : 7 = 0.3132
  -- 1 : 8 = 0.8663
  -- 1 : 9 = 0.4672
  -- 1 : 10 = 0.0628
  -- 2 : 1 = 0.5664
  -- 2 : 2 = 0.1545
  -- 2 : 3 = 0.5012
  -- 2 : 4 = 0.4795
  -- 2 : 5 = 0.84
  -- 2 : 6 = 0.2901
  -- 2 : 7 = 0.2216
  -- 2 : 8 = 0.0365
  -- 2 : 9 = 0.9318
  -- 2 : 10 = 0.3603
  -- 3 : 1 = 0.1985
  -- 3 : 2 = 0.3974
  -- 3 : 3 = 0.0442
  -- 3 : 4 = 0.7525
  -- 3 : 5 = 0.8427
  -- 3 : 6 = 0.679
  -- 3 : 7 = 0.2318
  -- 3 : 8 = 0.1115
  -- 3 : 9 = 0.6217
  -- 3 : 10 = 0.7605
  -- 4 : 1 = 0.6684
  -- 4 : 2 = 0.9507
  -- 4 : 3 = 0.4025
  -- 4 : 4 = 0.8389
  -- 4 : 5 = 0.2204
  -- 4 : 6 = 0.2757
  -- 4 : 7 = 0.1627
  -- 4 : 8 = 0.1927
  -- 4 : 9 = 0.289
  -- 4 : 10 = 0.7662
  -- 5 : 1 = 0.4676
  -- 5 : 2 = 0.8432
  -- 5 : 3 = 0.8344
  -- 5 : 4 = 0.4748
  -- 5 : 5 = 0.723
  -- 5 : 6 = 0.8605
  -- 5 : 7 = 0.1167
  -- 5 : 8 = 0.097
  -- 5 : 9 = 0.4962
  -- 5 : 10 = 0.37
  -- 6 : 1 = 0.6668
  -- 6 : 2 = 0.2171
  -- 6 : 3 = 0.4217
  -- 6 : 4 = 0.8557
  -- 6 : 5 = 0.6969
  -- 6 : 6 = 0.4604
  -- 6 : 7 = 0.8591
  -- 6 : 8 = 0.3233
  -- 6 : 9 = 0.9577
  -- 6 : 10 = 0.2485
  -- 7 : 1 = 0.7145
  -- 7 : 2 = 0.3938
  -- 7 : 3 = 0.252
  -- 7 : 4 = 0.4753
  -- 7 : 5 = 0.4392
  -- 7 : 6 = 0.8636
  -- 7 : 7 = 0.2258
  -- 7 : 8 = 0.3967
  -- 7 : 9 = 0.9215
  -- 7 : 10 = 0.2299
  -- 8 : 1 = 0.0947
  -- 8 : 2 = 0.0695
  -- 8 : 3 = 0.5346
  -- 8 : 4 = 0.8252
  -- 8 : 5 = 0.2479
  -- 8 : 6 = 0.5713
  -- 8 : 7 = 0.2719
  -- 8 : 8 = 0.1848
  -- 8 : 9 = 0.3427
  -- 8 : 10 = 0.165
  -- 9 : 1 = 0.8305
  -- 9 : 2 = 0.9502
  -- 9 : 3 = 0.0011
  -- 9 : 4 = 0.2584
  -- 9 : 5 = 0.8674
  -- 9 : 6 = 0.7648
  -- 9 : 7 = 0.4277
  -- 9 : 8 = 0.2585
  -- 9 : 9 = 0.9521
  -- 9 : 10 = 0.0177
  -- 10 : 1 = 0.8006
  -- 10 : 2 = 0.4023
  -- 10 : 3 = 0.5461
  -- 10 : 4 = 0.9533
  -- 10 : 5 = 0.0765
  -- 10 : 6 = 0.711
  -- 10 : 7 = 0.1489
  -- 10 : 8 = 0.6202
  -- 10 : 9 = 0.9541
  -- 10 : 10 = 0.8257
  Inner Net 2
  -- 1 : 1 = -0.250631
  -- 1 : 2 = 0.336501
  -- 2 : 1 = 0.163241
  -- 2 : 2 = -0.0690044
  -- 3 : 1 = 0.228138
  -- 3 : 2 = -0.247447
  -- 4 : 1 = 0.626601
  -- 4 : 2 = 0.326739
  -- 5 : 1 = 0.593204
  -- 5 : 2 = -0.365191
  -- 6 : 1 = 0.0532348
  -- 6 : 2 = -0.163887
  -- 7 : 1 = 0.355701
  -- 7 : 2 = -0.106467
  -- 8 : 1 = 0.0959634
  -- 8 : 2 = 0.261899
  -- 9 : 1 = 0.106357
  -- 9 : 2 = -0.256876
  -- 10 : 1 = -0.015262
  -- 10 : 2 = 0.439003
Out\Act	False		True
False	0.81961	0.0223703	0.84198
True	0.126606	0.0314136	0.15802
	0.946216	0.0537839
	Accuracy [ (tp + tn) / testSize ]: 0.851023
	Precision [ tp / (tp + fp) ]:      0.578947
	Sensitivity [ tp / (tp + fn) ]:    0.198198
	Specificity [ tn / (tn + fp) ]:    0.972881
	F-Score [ 2tp / (2tp + fp + fn) ]: 0.295964
Particle (8):: Fit: 2687.31	PB: 2687.31	LB: 5307.68	GB: 5352.02	Conf: 2	Pts: 60295
Particle (11):: Fit: 4854.97	PB: 4854.97	LB: 4905.83	GB: 5352.02	Conf: 1.83518	Pts: 120295
Particle (15):: Fit: 2900.53	PB: 2900.53	LB: 5342.79	GB: 5352.02	Conf: 1.61675	Pts: 55195
Particle (16):: Fit: 2674.78	PB: 2674.78	LB: 5342.79	GB: 5352.02	Conf: 2	Pts: 55395
Particle (24):: Fit: 5128.51	PB: 5128.51	LB: 5335.66	GB: 5352.02	Conf: 1.95609	Pts: 115395
Particle (26):: Fit: 3527.83	PB: 3527.83	LB: 5335.66	GB: 5352.02	Conf: 1.21336	Pts: 55195
Particle (38):: Fit: 4064.27	PB: 4064.27	LB: 4512.49	GB: 5352.02	Conf: 1.81313	Pts: 65295
Particle (41):: Fit: 3859.91	PB: 3859.91	LB: 4444.04	GB: 5352.02	Conf: 1.56474	Pts: 55295
Particle (42):: Fit: 2678.18	PB: 2678.18	LB: 4444.04	GB: 5352.02	Conf: 2	Pts: 55195
Particle (46):: Fit: 4170.85	PB: 4170.85	LB: 5352.02	GB: 5352.02	Conf: 1.57394	Pts: 50295
Particle (48):: Fit: 5009.92	PB: 5009.92	LB: 5352.02	GB: 5352.02	Conf: 1.92341	Pts: 55195
Particle (10):: Fit: 5284.83	PB: 5284.83	LB: 5284.83	GB: 5352.02	Conf: 1.53035	Pts: 120394
Particle (11):: Fit: 5039.35	PB: 5039.35	LB: 5284.83	GB: 5352.02	Conf: 1.936	Pts: 120394
Particle (15):: Fit: 3548.73	PB: 3548.73	LB: 5342.79	GB: 5352.02	Conf: 1.72112	Pts: 55294
Particle (16):: Fit: 2681.39	PB: 2681.39	LB: 5342.79	GB: 5352.02	Conf: 2	Pts: 55494
Particle (21):: Fit: 2663.45	PB: 2663.45	LB: 5342.79	GB: 5352.02	Conf: 1.1349	Pts: 60194
Particle (30):: Fit: 5300.03	PB: 5300.03	LB: 5335.66	GB: 5352.02	Conf: 1.93306	Pts: 110394
Particle (31):: Fit: 2667.54	PB: 2667.54	LB: 5335.66	GB: 5352.02	Conf: 1.00076	Pts: 55294
Particle (34):: Fit: 5317.56	PB: 5317.56	LB: 5317.56	GB: 5352.02	Conf: 1.96778	Pts: 150294
Particle (38):: Fit: 4070.35	PB: 4070.35	LB: 5317.56	GB: 5352.02	Conf: 1.73618	Pts: 65394
Particle (44):: Fit: 2681.88	PB: 2681.88	LB: 5352.02	GB: 5352.02	Conf: 1.21731	Pts: 50294
Particle (47):: Fit: 5021.92	PB: 5021.92	LB: 5352.02	GB: 5352.02	Conf: 1.5867	Pts: 80194
Particle (9):: Fit: 2671.68	PB: 2671.68	LB: 5284.83	GB: 5352.02	Conf: 0.679524	Pts: 65191
Particle (23):: Fit: 2667.48	PB: 2667.48	LB: 5342.79	GB: 5352.02	Conf: 1.04105	Pts: 70293
Particle (32):: Fit: 2687.31	PB: 2687.31	LB: 5335.66	GB: 5352.02	Conf: 2	Pts: 65293
Particle (35):: Fit: 2671.18	PB: 2671.18	LB: 5317.56	GB: 5352.02	Conf: 2	Pts: 100193
Particle (36):: Fit: 2671.59	PB: 2671.59	LB: 5317.56	GB: 5352.02	Conf: 0.850437	Pts: 55292
Particle (38):: Fit: 4541.21	PB: 4541.21	LB: 5317.56	GB: 5352.02	Conf: 1.75187	Pts: 80493
Particle (41):: Fit: 4289.6	PB: 4289.6	LB: 4541.21	GB: 5352.02	Conf: 1.69849	Pts: 55393
Particle (0):: Fit: 5282.68	PB: 5282.68	LB: 5352.02	GB: 5352.02	Conf: 1.68561	Pts: 130292
Particle (1):: Fit: 2681.39	PB: 2681.39	LB: 5352.02	GB: 5352.02	Conf: 2	Pts: 110192
Particle (7):: Fit: 2678.18	PB: 2678.18	LB: 5307.68	GB: 5352.02	Conf: 2	Pts: 55392
Particle (12):: Fit: 4584.79	PB: 4584.79	LB: 5284.83	GB: 5352.02	Conf: 1.86808	Pts: 55392
Particle (14):: Fit: 3941.95	PB: 3941.95	LB: 5342.79	GB: 5352.02	Conf: 1.33232	Pts: 65192
Particle (15):: Fit: 3836.88	PB: 3836.88	LB: 5342.79	GB: 5352.02	Conf: 1.64287	Pts: 55392
Particle (31):: Fit: 2678.31	PB: 2678.31	LB: 5335.66	GB: 5352.02	Conf: 0.258022	Pts: 55392
Particle (9):: Fit: 2684.6	PB: 2684.6	LB: 5284.83	GB: 5352.02	Conf: 0.28042	Pts: 65289
Particle (24):: Fit: 5128.53	PB: 5128.53	LB: 5335.66	GB: 5352.02	Conf: 1.9454	Pts: 115491
Particle (26):: Fit: 4802.48	PB: 4802.48	LB: 5335.66	GB: 5352.02	Conf: 1.26433	Pts: 55291
Particle (35):: Fit: 2684.43	PB: 2684.43	LB: 5317.56	GB: 5352.02	Conf: 2	Pts: 100291
Particle (37):: Fit: 2681.39	PB: 2681.39	LB: 5317.56	GB: 5352.02	Conf: 2	Pts: 100291
Particle (46):: Fit: 5307.73	PB: 5307.73	LB: 5352.02	GB: 5352.02	Conf: 1.52943	Pts: 65391
Particle (47):: Fit: 5132.25	PB: 5132.25	LB: 5352.02	GB: 5352.02	Conf: 1.54829	Pts: 80291
Particle (16):: Fit: 5358.78	PB: 5358.78	LB: 5358.78	GB: 5358.78	Conf: 1.97809	Pts: 115590
Particle (22):: Fit: 2667.74	PB: 2667.74	LB: 5342.79	GB: 5358.78	Conf: 0.788825	Pts: 55289
Global: 5358.78 - Correct: 42% of 50 tests
Global Best: 
  Inner Net 1
  -- 1 : 1 = 0.1288
  -- 1 : 2 = 0.588
  -- 1 : 3 = 0.7398
  -- 1 : 4 = 0.2304
  -- 1 : 5 = 0.7857
  -- 1 : 6 = 0.187
  -- 1 : 7 = 0.5896
  -- 1 : 8 = 0.6071
  -- 1 : 9 = 0.8293
  -- 1 : 10 = 0.528
  -- 2 : 1 = 0.6846
  -- 2 : 2 = 0.602
  -- 2 : 3 = 0.5505
  -- 2 : 4 = 0.3153
  -- 2 : 5 = 0.3082
  -- 2 : 6 = 0.1346
  -- 2 : 7 = 0.9224
  -- 2 : 8 = 0.1371
  -- 2 : 9 = 0.4291
  -- 2 : 10 = 0.5863
  -- 3 : 1 = 0.8517
  -- 3 : 2 = 0.2043
  -- 3 : 3 = 0.3212
  -- 3 : 4 = 0.6061
  -- 3 : 5 = 0.8959
  -- 3 : 6 = 0.1852
  -- 3 : 7 = 0.6407
  -- 3 : 8 = 0.2031
  -- 3 : 9 = 0.7326
  -- 3 : 10 = 0.8009
  -- 4 : 1 = 0.0038
  -- 4 : 2 = 0.0615
  -- 4 : 3 = 0.8413
  -- 4 : 4 = 0.8717
  -- 4 : 5 = 0.0242
  -- 4 : 6 = 0.8774
  -- 4 : 7 = 0.6849
  -- 4 : 8 = 0.5005
  -- 4 : 9 = 0.112
  -- 4 : 10 = 0.4851
  -- 5 : 1 = 0.6809
  -- 5 : 2 = 0.5897
  -- 5 : 3 = 0.9649
  -- 5 : 4 = 0.1255
  -- 5 : 5 = 0.2503
  -- 5 : 6 = 0.5742
  -- 5 : 7 = 0.0376
  -- 5 : 8 = 0.2392
  -- 5 : 9 = 0.9118
  -- 5 : 10 = 0.6943
  -- 6 : 1 = 0.1345
  -- 6 : 2 = 0.6293
  -- 6 : 3 = 0.9691
  -- 6 : 4 = 0.2598
  -- 6 : 5 = 0.0433
  -- 6 : 6 = 0.8849
  -- 6 : 7 = 0.5449
  -- 6 : 8 = 0.6405
  -- 6 : 9 = 0.0617
  -- 6 : 10 = 0.1876
  -- 7 : 1 = 0.4624
  -- 7 : 2 = 0.7938
  -- 7 : 3 = 0.7822
  -- 7 : 4 = 0.8815
  -- 7 : 5 = 0.3294
  -- 7 : 6 = 0.5075
  -- 7 : 7 = 0.6638
  -- 7 : 8 = 0.3326
  -- 7 : 9 = 0.2616
  -- 7 : 10 = 0.4293
  -- 8 : 1 = 0.0139
  -- 8 : 2 = 0.7794
  -- 8 : 3 = 0.6802
  -- 8 : 4 = 0.1876
  -- 8 : 5 = 0.1452
  -- 8 : 6 = 0.1008
  -- 8 : 7 = 0.987
  -- 8 : 8 = 0.8406
  -- 8 : 9 = 0.5589
  -- 8 : 10 = 0.186
  -- 9 : 1 = 0.6146
  -- 9 : 2 = 0.5608
  -- 9 : 3 = 0.1795
  -- 9 : 4 = 0.0218
  -- 9 : 5 = 0.6573
  -- 9 : 6 = 0.299
  -- 9 : 7 = 0.0029
  -- 9 : 8 = 0.0542
  -- 9 : 9 = 0.1595
  -- 9 : 10 = 0.3332
  -- 10 : 1 = 0.6264
  -- 10 : 2 = 0.0482
  -- 10 : 3 = 0.7495
  -- 10 : 4 = 0.2811
  -- 10 : 5 = 0.5785
  -- 10 : 6 = 0.4672
  -- 10 : 7 = 0.7232
  -- 10 : 8 = 0.2001
  -- 10 : 9 = 0.3632
  -- 10 : 10 = 0.5777
  Inner Net 2
  -- 1 : 1 = -0.0788804
  -- 1 : 2 = -0.28131
  -- 2 : 1 = -0.513878
  -- 2 : 2 = -0.0489951
  -- 3 : 1 = -0.00853857
  -- 3 : 2 = 0.0462153
  -- 4 : 1 = 0.455621
  -- 4 : 2 = 0.428534
  -- 5 : 1 = -0.575872
  -- 5 : 2 = 0.327423
  -- 6 : 1 = 0.495274
  -- 6 : 2 = -0.157129
  -- 7 : 1 = 0.284914
  -- 7 : 2 = -0.460204
  -- 8 : 1 = 0.106205
  -- 8 : 2 = 0.180743
  -- 9 : 1 = 0.0317278
  -- 9 : 2 = 0.479309
  -- 10 : 1 = 0.274379
  -- 10 : 2 = 0.0424187
Out\Act	False		True
False	0.84198	0	0.84198
True	0.15802	0	0.15802
	1	0
	Accuracy [ (tp + tn) / testSize ]: 0.84198
	Precision [ tp / (tp + fp) ]:      0
	Sensitivity [ tp / (tp + fn) ]:    0
	Specificity [ tn / (tn + fp) ]:    0.999435
	F-Score [ 2tp / (2tp + fp + fn) ]: 0
Particle (5):: Fit: 2663.26	PB: 2663.26	LB: 5307.68	GB: 5358.78	Conf: 2	Pts: 55289
Particle (11):: Fit: 5167.67	PB: 5167.67	LB: 5358.78	GB: 5358.78	Conf: 1.78635	Pts: 120489
Particle (33):: Fit: 2678.21	PB: 2678.21	LB: 5335.66	GB: 5358.78	Conf: 1.96763	Pts: 55289
Particle (28):: Fit: 2685.11	PB: 2685.11	LB: 5335.66	GB: 5358.78	Conf: 0.398771	Pts: 55287
Particle (42):: Fit: 2684.47	PB: 2684.47	LB: 5307.73	GB: 5358.78	Conf: 1.97343	Pts: 55288
Particle (5):: Fit: 5158.45	PB: 5158.45	LB: 5307.68	GB: 5358.78	Conf: 1.95189	Pts: 55387
Particle (41):: Fit: 4586.95	PB: 4586.95	LB: 5307.73	GB: 5358.78	Conf: 1.71716	Pts: 65487
Particle (48):: Fit: 5134.45	PB: 5134.45	LB: 5352.02	GB: 5358.78	Conf: 1.90423	Pts: 55287
Particle (5):: Fit: 5307.46	PB: 5307.46	LB: 5307.68	GB: 5358.78	Conf: 1.92573	Pts: 60486
Particle (14):: Fit: 4949.05	PB: 4949.05	LB: 5358.78	GB: 5358.78	Conf: 1.42707	Pts: 65286
Particle (21):: Fit: 2681.98	PB: 2681.98	LB: 5342.79	GB: 5358.78	Conf: 0.611666	Pts: 60286
Particle (48):: Fit: 5288.26	PB: 5288.26	LB: 5352.02	GB: 5358.78	Conf: 1.94783	Pts: 55386
Particle (7):: Fit: 5335.66	PB: 5335.66	LB: 5335.66	GB: 5358.78	Conf: 1.96445	Pts: 90485
Particle (24):: Fit: 5147.49	PB: 5147.49	LB: 5335.66	GB: 5358.78	Conf: 1.89493	Pts: 115584
Particle (5):: Fit: 5358.77	PB: 5358.77	LB: 5358.77	GB: 5358.78	Conf: 1.97516	Pts: 110583
Particle (15):: Fit: 5343.91	PB: 5343.91	LB: 5358.78	GB: 5358.78	Conf: 1.81805	Pts: 60483
Particle (38):: Fit: 4552.61	PB: 4552.61	LB: 5317.56	GB: 5358.78	Conf: 1.8557	Pts: 80583
Particle (39):: Fit: 5307.49	PB: 5307.49	LB: 5307.49	GB: 5358.78	Conf: 1.97865	Pts: 110283
Particle (27):: Fit: 5365.83	PB: 5365.83	LB: 5365.83	GB: 5365.83	Conf: 0.0635845	Pts: 155279
Particle (36):: Fit: 5344.77	PB: 5344.77	LB: 5344.77	GB: 5365.83	Conf: 0.531795	Pts: 100381
Global: 5365.83 - Correct: 62% of 50 tests
Global Best: 
  Inner Net 1
  -- 1 : 1 = 0.1054
  -- 1 : 2 = 0.1278
  -- 1 : 3 = 0.4325
  -- 1 : 4 = 0.4174
  -- 1 : 5 = 0.6999
  -- 1 : 6 = 0.0209
  -- 1 : 7 = 0.1043
  -- 1 : 8 = 0.4205
  -- 1 : 9 = 0.1426
  -- 1 : 10 = 0.7878
  -- 2 : 1 = 0.0755
  -- 2 : 2 = 0.5302
  -- 2 : 3 = 0.0141
  -- 2 : 4 = 0.0996
  -- 2 : 5 = 0.625
  -- 2 : 6 = 0.5003
  -- 2 : 7 = 0.1969
  -- 2 : 8 = 0.5153
  -- 2 : 9 = 0.3994
  -- 2 : 10 = 0.2739
  -- 3 : 1 = 0.1447
  -- 3 : 2 = 0.8639
  -- 3 : 3 = 0.7994
  -- 3 : 4 = 0.0256
  -- 3 : 5 = 0.6125
  -- 3 : 6 = 0.2823
  -- 3 : 7 = 0.1524
  -- 3 : 8 = 0.0911
  -- 3 : 9 = 0.169
  -- 3 : 10 = 0.9302
  -- 4 : 1 = 0.083
  -- 4 : 2 = 0.8432
  -- 4 : 3 = 0.1934
  -- 4 : 4 = 0.0293
  -- 4 : 5 = 0.7163
  -- 4 : 6 = 0.9767
  -- 4 : 7 = 0.8317
  -- 4 : 8 = 0.2142
  -- 4 : 9 = 0.0178
  -- 4 : 10 = 0.9041
  -- 5 : 1 = 0.2013
  -- 5 : 2 = 0.0715
  -- 5 : 3 = 0.9679
  -- 5 : 4 = 0.6363
  -- 5 : 5 = 0.5166
  -- 5 : 6 = 0.5536
  -- 5 : 7 = 0.9817
  -- 5 : 8 = 0
  -- 5 : 9 = 0.3178
  -- 5 : 10 = 0.1516
  -- 6 : 1 = 0.7636
  -- 6 : 2 = 0.3537
  -- 6 : 3 = 0.6445
  -- 6 : 4 = 0.9325
  -- 6 : 5 = 0.5783
  -- 6 : 6 = 0.6538
  -- 6 : 7 = 0.2919
  -- 6 : 8 = 0.0498
  -- 6 : 9 = 0.4497
  -- 6 : 10 = 0.5219
  -- 7 : 1 = 0.9103
  -- 7 : 2 = 0.0292
  -- 7 : 3 = 0.268
  -- 7 : 4 = 0.2916
  -- 7 : 5 = 0.721
  -- 7 : 6 = 0.4103
  -- 7 : 7 = 0.1666
  -- 7 : 8 = 0.6684
  -- 7 : 9 = 0.2684
  -- 7 : 10 = 0.3677
  -- 8 : 1 = 0.2375
  -- 8 : 2 = 0.506
  -- 8 : 3 = 0.1343
  -- 8 : 4 = 0.2781
  -- 8 : 5 = 0.6246
  -- 8 : 6 = 0.1903
  -- 8 : 7 = 0.3906
  -- 8 : 8 = 0.0242
  -- 8 : 9 = 0.5736
  -- 8 : 10 = 0.0469
  -- 9 : 1 = 0.6995
  -- 9 : 2 = 0.1286
  -- 9 : 3 = 0.6738
  -- 9 : 4 = 0.9216
  -- 9 : 5 = 0.2384
  -- 9 : 6 = 0.1505
  -- 9 : 7 = 0.8447
  -- 9 : 8 = 0.6279
  -- 9 : 9 = 0.9563
  -- 9 : 10 = 0.2861
  -- 10 : 1 = 0.0061
  -- 10 : 2 = 0.8569
  -- 10 : 3 = 0.9564
  -- 10 : 4 = 0.054
  -- 10 : 5 = 0.3702
  -- 10 : 6 = 0.7356
  -- 10 : 7 = 0.8507
  -- 10 : 8 = 0.0491
  -- 10 : 9 = 0.821
  -- 10 : 10 = 0.3687
  Inner Net 2
  -- 1 : 1 = -0.18717
  -- 1 : 2 = 0.106851
  -- 2 : 1 = -0.0761282
  -- 2 : 2 = -0.0490855
  -- 3 : 1 = -0.0166251
  -- 3 : 2 = -0.115824
  -- 4 : 1 = -0.422092
  -- 4 : 2 = -0.447191
  -- 5 : 1 = -0.202409
  -- 5 : 2 = 0.198761
  -- 6 : 1 = -0.200824
  -- 6 : 2 = -0.108802
  -- 7 : 1 = -0.159266
  -- 7 : 2 = -0.0901365
  -- 8 : 1 = 0.145279
  -- 8 : 2 = -0.174609
  -- 9 : 1 = -0.560454
  -- 9 : 2 = -0.0233168
  -- 10 : 1 = 0.0478809
  -- 10 : 2 = -0.133103
Out\Act	False		True
False	0.00618753	0.835792	0.84198
True	0	0.15802	0.15802
	0.00618753	0.993812
	Accuracy [ (tp + tn) / testSize ]: 0.164208
	Precision [ tp / (tp + fp) ]:      0.158928
	Sensitivity [ tp / (tp + fn) ]:    0.996997
	Specificity [ tn / (tn + fp) ]:    0.00734463
	F-Score [ 2tp / (2tp + fp + fn) ]: 0.274267
Particle (18):: Fit: 4053.31	PB: 4053.31	LB: 5358.78	GB: 5365.83	Conf: 1.72812	Pts: 85281
Particle (23):: Fit: 2667.62	PB: 2667.62	LB: 5365.83	GB: 5365.83	Conf: 0.513275	Pts: 70380
Particle (3):: Fit: 2684.43	PB: 2684.43	LB: 5358.77	GB: 5365.83	Conf: 2	Pts: 110180
Particle (24):: Fit: 5147.53	PB: 5147.53	LB: 5365.83	GB: 5365.83	Conf: 1.92257	Pts: 115680
Particle (32):: Fit: 5307.45	PB: 5307.45	LB: 5344.77	GB: 5365.83	Conf: 1.96506	Pts: 65380
Particle (12):: Fit: 4647.89	PB: 4647.89	LB: 5358.78	GB: 5365.83	Conf: 1.85777	Pts: 55479
Particle (37):: Fit: 2687.31	PB: 2687.31	LB: 5344.77	GB: 5365.83	Conf: 2	Pts: 100379
Particle (38):: Fit: 4580.63	PB: 4580.63	LB: 5344.77	GB: 5365.83	Conf: 1.78346	Pts: 80679
Particle (41):: Fit: 4630.39	PB: 4630.39	LB: 5307.73	GB: 5365.83	Conf: 1.71798	Pts: 65579
Particle (12):: Fit: 5111.92	PB: 5111.92	LB: 5358.78	GB: 5365.83	Conf: 1.95184	Pts: 55578
Particle (40):: Fit: 4624.29	PB: 4624.29	LB: 5344.77	GB: 5365.83	Conf: 1.7851	Pts: 130278
Particle (9):: Fit: 2685.18	PB: 2685.18	LB: 5358.77	GB: 5365.83	Conf: 0.880535	Pts: 65374
Particle (45):: Fit: 5271.94	PB: 5271.94	LB: 5352.02	GB: 5365.83	Conf: 1.98	Pts: 50377
Particle (2):: Fit: 2684.43	PB: 2684.43	LB: 5358.77	GB: 5365.83	Conf: 2	Pts: 110276
Particle (42):: Fit: 5271.91	PB: 5271.91	LB: 5307.73	GB: 5365.83	Conf: 1.96485	Pts: 55376
Particle (10):: Fit: 5343.82	PB: 5343.82	LB: 5343.91	GB: 5365.83	Conf: 1.77445	Pts: 120475
Particle (13):: Fit: 2681.39	PB: 2681.39	LB: 5358.78	GB: 5365.83	Conf: 2	Pts: 60375
Particle (31):: Fit: 5258.11	PB: 5258.11	LB: 5365.83	GB: 5365.83	Conf: 0.556747	Pts: 55475
Particle (44):: Fit: 3790.72	PB: 3790.72	LB: 5352.02	GB: 5365.83	Conf: 1.09196	Pts: 50374
Particle (6):: Fit: 3712.71	PB: 3712.71	LB: 5358.77	GB: 5365.83	Conf: 1.23579	Pts: 60273
Particle (23):: Fit: 2678.62	PB: 2678.62	LB: 5365.83	GB: 5365.83	Conf: 0.910028	Pts: 70472
Particle (38):: Fit: 5045.12	PB: 5045.12	LB: 5344.77	GB: 5365.83	Conf: 1.82408	Pts: 80773
Particle (41):: Fit: 4659.3	PB: 4659.3	LB: 5307.73	GB: 5365.83	Conf: 1.56919	Pts: 65673
Particle (14):: Fit: 5335.9	PB: 5335.9	LB: 5358.78	GB: 5365.83	Conf: 1.02367	Pts: 65372
Particle (24):: Fit: 5296.57	PB: 5296.57	LB: 5365.83	GB: 5365.83	Conf: 1.96667	Pts: 115772
Particle (18):: Fit: 4088.56	PB: 4088.56	LB: 5358.78	GB: 5365.83	Conf: 1.5015	Pts: 85371
Particle (39):: Fit: 5335.7	PB: 5335.7	LB: 5344.77	GB: 5365.83	Conf: 1.97497	Pts: 125371
Particle (43):: Fit: 2675.36	PB: 2675.36	LB: 5335.7	GB: 5365.83	Conf: 0.594804	Pts: 50268
Particle (2):: Fit: 2697.52	PB: 2697.52	LB: 5358.77	GB: 5365.83	Conf: 2	Pts: 110369
Particle (31):: Fit: 5318.05	PB: 5318.05	LB: 5365.83	GB: 5365.83	Conf: 0.770432	Pts: 55569
Particle (18):: Fit: 4105.45	PB: 4105.45	LB: 5358.78	GB: 5365.83	Conf: 1.69911	Pts: 85467
Particle (38):: Fit: 5335.66	PB: 5335.66	LB: 5344.77	GB: 5365.83	Conf: 1.60432	Pts: 80867
Particle (6):: Fit: 3766.49	PB: 3766.49	LB: 5358.77	GB: 5365.83	Conf: 1.43648	Pts: 60366
Particle (13):: Fit: 2684.43	PB: 2684.43	LB: 5358.78	GB: 5365.83	Conf: 2	Pts: 60466
Particle (24):: Fit: 5330.41	PB: 5330.41	LB: 5365.83	GB: 5365.83	Conf: 1.93322	Pts: 115866
Particle (18):: Fit: 4217.45	PB: 4217.45	LB: 5358.78	GB: 5365.83	Conf: 1.75162	Pts: 85565
Particle (12):: Fit: 5335.71	PB: 5335.71	LB: 5358.78	GB: 5365.83	Conf: 1.98	Pts: 55664
Particle (28):: Fit: 2687.49	PB: 2687.49	LB: 5365.83	GB: 5365.83	Conf: 0.0656593	Pts: 55359
Particle (30):: Fit: 5358.78	PB: 5358.78	LB: 5365.83	GB: 5365.83	Conf: 1.97849	Pts: 125464
Particle (11):: Fit: 5327.85	PB: 5327.85	LB: 5358.78	GB: 5365.83	Conf: 1.71116	Pts: 120563
Particle (44):: Fit: 5094.31	PB: 5094.31	LB: 5352.02	GB: 5365.83	Conf: 0.939925	Pts: 50463
Particle (21):: Fit: 2685.13	PB: 2685.13	LB: 5342.79	GB: 5365.83	Conf: 0.86173	Pts: 60362
Particle (25):: Fit: 2687.31	PB: 2687.31	LB: 5365.83	GB: 5365.83	Conf: 2	Pts: 55462
Particle (33):: Fit: 2687.31	PB: 2687.31	LB: 5358.78	GB: 5365.83	Conf: 2	Pts: 55362
Particle (40):: Fit: 4729.31	PB: 4729.31	LB: 5344.77	GB: 5365.83	Conf: 1.75492	Pts: 130362
Particle (45):: Fit: 5284.77	PB: 5284.77	LB: 5352.02	GB: 5365.83	Conf: 1.96688	Pts: 50461
Particle (1):: Fit: 2684.43	PB: 2684.43	LB: 5358.77	GB: 5365.83	Conf: 2	Pts: 110259
Particle (11):: Fit: 5372.23	PB: 5372.23	LB: 5372.23	GB: 5372.23	Conf: 1.89388	Pts: 180657
Global: 5372.23 - Correct: 44% of 50 tests
Global Best: 
  Inner Net 1
  -- 1 : 1 = 0.8032
  -- 1 : 2 = 0.5665
  -- 1 : 3 = 0.5212
  -- 1 : 4 = 0.1188
  -- 1 : 5 = 0.5032
  -- 1 : 6 = 0.9864
  -- 1 : 7 = 0.4673
  -- 1 : 8 = 0.9501
  -- 1 : 9 = 0.8293
  -- 1 : 10 = 0.8296
  -- 2 : 1 = 0.1998
  -- 2 : 2 = 0.8044
  -- 2 : 3 = 0.934
  -- 2 : 4 = 0.8082
  -- 2 : 5 = 0.9714
  -- 2 : 6 = 0.6108
  -- 2 : 7 = 0.163
  -- 2 : 8 = 0.3123
  -- 2 : 9 = 0.2005
  -- 2 : 10 = 0.1996
  -- 3 : 1 = 0.1277
  -- 3 : 2 = 0.5623
  -- 3 : 3 = 0.0406
  -- 3 : 4 = 0.4757
  -- 3 : 5 = 0.5951
  -- 3 : 6 = 0.6476
  -- 3 : 7 = 0.78
  -- 3 : 8 = 0.4349
  -- 3 : 9 = 0.3121
  -- 3 : 10 = 0.6281
  -- 4 : 1 = 0.2248
  -- 4 : 2 = 0.4475
  -- 4 : 3 = 0.0382
  -- 4 : 4 = 0.619
  -- 4 : 5 = 0.0226
  -- 4 : 6 = 0.2908
  -- 4 : 7 = 0.768
  -- 4 : 8 = 0.4205
  -- 4 : 9 = 0.0148
  -- 4 : 10 = 0.738
  -- 5 : 1 = 0.5254
  -- 5 : 2 = 0.6122
  -- 5 : 3 = 0.5315
  -- 5 : 4 = 0.5705
  -- 5 : 5 = 0.6935
  -- 5 : 6 = 0.12
  -- 5 : 7 = 0.9309
  -- 5 : 8 = 0.8813
  -- 5 : 9 = 0.6181
  -- 5 : 10 = 0.4532
  -- 6 : 1 = 0.1903
  -- 6 : 2 = 0.753
  -- 6 : 3 = 0.5397
  -- 6 : 4 = 0.8957
  -- 6 : 5 = 0.2968
  -- 6 : 6 = 0.2403
  -- 6 : 7 = 0.3311
  -- 6 : 8 = 0.018
  -- 6 : 9 = 0.8429
  -- 6 : 10 = 0.1848
  -- 7 : 1 = 0.6945
  -- 7 : 2 = 0.4552
  -- 7 : 3 = 0.0398
  -- 7 : 4 = 0.393
  -- 7 : 5 = 0.1897
  -- 7 : 6 = 0.2741
  -- 7 : 7 = 0.1513
  -- 7 : 8 = 0.8288
  -- 7 : 9 = 0.637
  -- 7 : 10 = 0.6406
  -- 8 : 1 = 0.8382
  -- 8 : 2 = 0.4586
  -- 8 : 3 = 0.0366
  -- 8 : 4 = 0.7721
  -- 8 : 5 = 0.9251
  -- 8 : 6 = 0.8916
  -- 8 : 7 = 0.5029
  -- 8 : 8 = 0.2435
  -- 8 : 9 = 0.0168
  -- 8 : 10 = 0.4717
  -- 9 : 1 = 0.0157
  -- 9 : 2 = 0.8899
  -- 9 : 3 = 0.0302
  -- 9 : 4 = 0.7752
  -- 9 : 5 = 0.8267
  -- 9 : 6 = 0.5899
  -- 9 : 7 = 0.8531
  -- 9 : 8 = 0.6354
  -- 9 : 9 = 0.1977
  -- 9 : 10 = 0.6972
  -- 10 : 1 = 0.0289
  -- 10 : 2 = 0.247
  -- 10 : 3 = 0.988
  -- 10 : 4 = 0.1121
  -- 10 : 5 = 0.7833
  -- 10 : 6 = 0.8542
  -- 10 : 7 = 0.8296
  -- 10 : 8 = 0.2511
  -- 10 : 9 = 0.9081
  -- 10 : 10 = 0.3802
  Inner Net 2
  -- 1 : 1 = -0.378021
  -- 1 : 2 = 0.0213932
  -- 2 : 1 = -0.555609
  -- 2 : 2 = 0.00152755
  -- 3 : 1 = 0.114159
  -- 3 : 2 = 0.273979
  -- 4 : 1 = 0.0441561
  -- 4 : 2 = 0.0227685
  -- 5 : 1 = -0.304228
  -- 5 : 2 = -0.03388
  -- 6 : 1 = 0.574373
  -- 6 : 2 = -0.345258
  -- 7 : 1 = -0.138761
  -- 7 : 2 = 0.210714
  -- 8 : 1 = 0.0589778
  -- 8 : 2 = 0.206503
  -- 9 : 1 = 0.0863385
  -- 9 : 2 = 0.123048
  -- 10 : 1 = 0.422443
  -- 10 : 2 = 0.409791
Out\Act	False		True
False	0.750595	0.0913851	0.84198
True	0.142789	0.0152308	0.15802
	0.893384	0.106616
	Accuracy [ (tp + tn) / testSize ]: 0.765826
	Precision [ tp / (tp + fp) ]:      0.142222
	Sensitivity [ tp / (tp + fn) ]:    0.0960961
	Specificity [ tn / (tn + fp) ]:    0.89096
	F-Score [ 2tp / (2tp + fp + fn) ]: 0.114901
Particle (22):: Fit: 2678.28	PB: 2678.28	LB: 5365.83	GB: 5372.23	Conf: 0.0409019	Pts: 55342
Particle (26):: Fit: 5311.22	PB: 5311.22	LB: 5365.83	GB: 5372.23	Conf: 1.05752	Pts: 55356
Particle (33):: Fit: 5307.55	PB: 5307.55	LB: 5358.78	GB: 5372.23	Conf: 1.95497	Pts: 55456
Particle (47):: Fit: 5327.08	PB: 5327.08	LB: 5352.02	GB: 5372.23	Conf: 1.20466	Pts: 80356
Particle (23):: Fit: 2690.64	PB: 2690.64	LB: 5365.83	GB: 5372.23	Conf: 1.04139	Pts: 70554
Particle (34):: Fit: 5317.56	PB: 5317.56	LB: 5358.78	GB: 5372.23	Conf: 1.96797	Pts: 150355
Particle (36):: Fit: 5352.31	PB: 5352.31	LB: 5352.31	GB: 5372.23	Conf: 0.242544	Pts: 130453
Particle (43):: Fit: 2682.05	PB: 2682.05	LB: 5335.7	GB: 5372.23	Conf: 0.800737	Pts: 50347
Particle (7):: Fit: 5335.71	PB: 5335.71	LB: 5372.23	GB: 5372.23	Conf: 1.97837	Pts: 90552
Particle (8):: Fit: 5335.7	PB: 5335.7	LB: 5372.23	GB: 5372.23	Conf: 1.97465	Pts: 60352
Particle (17):: Fit: 2681.43	PB: 2681.43	LB: 5358.78	GB: 5372.23	Conf: 1.97899	Pts: 65252
Particle (33):: Fit: 5358.77	PB: 5358.77	LB: 5358.78	GB: 5372.23	Conf: 1.97335	Pts: 70552
Particle (48):: Fit: 5290.34	PB: 5290.34	LB: 5352.02	GB: 5372.23	Conf: 1.93325	Pts: 55452
Particle (20):: Fit: 5307.49	PB: 5307.49	LB: 5358.78	GB: 5372.23	Conf: 1.97515	Pts: 65351
Particle (49):: Fit: 5365.99	PB: 5365.99	LB: 5365.99	GB: 5372.23	Conf: 1.82135	Pts: 180350
Particle (23):: Fit: 5359.06	PB: 5359.06	LB: 5365.83	GB: 5372.23	Conf: 0.317323	Pts: 90647
Particle (41):: Fit: 5307.58	PB: 5307.58	LB: 5335.7	GB: 5372.23	Conf: 1.48654	Pts: 65748
Particle (25):: Fit: 5296.59	PB: 5296.59	LB: 5365.83	GB: 5372.23	Conf: 1.97441	Pts: 55546
Particle (48):: Fit: 5343.81	PB: 5343.81	LB: 5365.99	GB: 5372.23	Conf: 1.96	Pts: 60543
Particle (22):: Fit: 2678.82	PB: 2678.82	LB: 5365.83	GB: 5372.23	Conf: 0.57356	Pts: 55426
Particle (24):: Fit: 5347.29	PB: 5347.29	LB: 5365.83	GB: 5372.23	Conf: 1.92331	Pts: 115939
Particle (35):: Fit: 2687.31	PB: 2687.31	LB: 5358.77	GB: 5372.23	Conf: 2	Pts: 100339
Particle (45):: Fit: 5321.07	PB: 5321.07	LB: 5365.99	GB: 5372.23	Conf: 1.9459	Pts: 50537
Particle (6):: Fit: 3788.34	PB: 3788.34	LB: 5372.23	GB: 5372.23	Conf: 1.20578	Pts: 60436
Particle (3):: Fit: 2687.31	PB: 2687.31	LB: 5365.99	GB: 5372.23	Conf: 2	Pts: 110235
Particle (0):: Fit: 5325.86	PB: 5325.86	LB: 5365.99	GB: 5372.23	Conf: 1.83655	Pts: 130333
Particle (48):: Fit: 5343.89	PB: 5343.89	LB: 5365.99	GB: 5372.23	Conf: 1.97977	Pts: 65633
Particle (6):: Fit: 4280.61	PB: 4280.61	LB: 5372.23	GB: 5372.23	Conf: 1.57403	Pts: 60532
Particle (31):: Fit: 5327.88	PB: 5327.88	LB: 5365.83	GB: 5372.23	Conf: 0.685921	Pts: 55629
Particle (17):: Fit: 2690.05	PB: 2690.05	LB: 5358.78	GB: 5372.23	Conf: 2	Pts: 65329
Particle (42):: Fit: 5317.56	PB: 5317.56	LB: 5335.7	GB: 5372.23	Conf: 1.96884	Pts: 55429
Particle (42):: Fit: 5317.58	PB: 5317.58	LB: 5335.7	GB: 5372.23	Conf: 1.97343	Pts: 55527
Particle (48):: Fit: 5351.55	PB: 5351.55	LB: 5365.99	GB: 5372.23	Conf: 1.97122	Pts: 70727
Particle (31):: Fit: 5336.33	PB: 5336.33	LB: 5365.83	GB: 5372.23	Conf: 0.957865	Pts: 55724
Particle (47):: Fit: 5365.68	PB: 5365.68	LB: 5365.99	GB: 5372.23	Conf: 1.55511	Pts: 90426
Particle (46):: Fit: 5351.5	PB: 5351.5	LB: 5365.99	GB: 5372.23	Conf: 1.34964	Pts: 70423
Particle (10):: Fit: 5365.72	PB: 5365.72	LB: 5372.23	GB: 5372.23	Conf: 1.60025	Pts: 125522
Particle (22):: Fit: 2681.87	PB: 2681.87	LB: 5365.83	GB: 5372.23	Conf: 0.242086	Pts: 55502
Particle (31):: Fit: 5340.15	PB: 5340.15	LB: 5365.83	GB: 5372.23	Conf: 0.723826	Pts: 55819
Particle (17):: Fit: 5284.74	PB: 5284.74	LB: 5358.78	GB: 5372.23	Conf: 1.96078	Pts: 65419
Particle (17):: Fit: 5284.79	PB: 5284.79	LB: 5358.78	GB: 5372.23	Conf: 1.97459	Pts: 65517
Particle (40):: Fit: 4884.84	PB: 4884.84	LB: 5352.31	GB: 5372.23	Conf: 1.65738	Pts: 130416
Particle (35):: Fit: 2692.66	PB: 2692.66	LB: 5358.77	GB: 5372.23	Conf: 2	Pts: 100413
Particle (36):: Fit: 5359.61	PB: 5359.61	LB: 5359.61	GB: 5372.23	Conf: 0.249166	Pts: 175500
Particle (43):: Fit: 2685.15	PB: 2685.15	LB: 5365.68	GB: 5372.23	Conf: 0.452033	Pts: 50402
Particle (31):: Fit: 5360.04	PB: 5360.04	LB: 5365.83	GB: 5372.23	Conf: 0.906125	Pts: 75907
Particle (36):: Fit: 5394.89	PB: 5394.89	LB: 5394.89	GB: 5394.89	Conf: 0.762359	Pts: 235597
Global: 5394.89 - Correct: 72% of 50 tests
Global Best: 
  Inner Net 1
  -- 1 : 1 = 0.9418
  -- 1 : 2 = 0.5511
  -- 1 : 3 = 0.784
  -- 1 : 4 = 0.3654
  -- 1 : 5 = 0.0327
  -- 1 : 6 = 0.6813
  -- 1 : 7 = 0.1693
  -- 1 : 8 = 0.2068
  -- 1 : 9 = 0.8634
  -- 1 : 10 = 0.0647
  -- 2 : 1 = 0.9361
  -- 2 : 2 = 0.7998
  -- 2 : 3 = 0.4697
  -- 2 : 4 = 0.2329
  -- 2 : 5 = 0.2133
  -- 2 : 6 = 0.1642
  -- 2 : 7 = 0.2555
  -- 2 : 8 = 0.6487
  -- 2 : 9 = 0.0551
  -- 2 : 10 = 0.0175
  -- 3 : 1 = 0.2547
  -- 3 : 2 = 0.9264
  -- 3 : 3 = 0.9598
  -- 3 : 4 = 0.6946
  -- 3 : 5 = 0.1452
  -- 3 : 6 = 0.71
  -- 3 : 7 = 0.0899
  -- 3 : 8 = 0.9391
  -- 3 : 9 = 0.1974
  -- 3 : 10 = 0.2177
  -- 4 : 1 = 0.1726
  -- 4 : 2 = 0.5866
  -- 4 : 3 = 0.4
  -- 4 : 4 = 0.6956
  -- 4 : 5 = 0.9166
  -- 4 : 6 = 0.8998
  -- 4 : 7 = 0.143
  -- 4 : 8 = 0.0798
  -- 4 : 9 = 0.4509
  -- 4 : 10 = 0.0406
  -- 5 : 1 = 0.3789
  -- 5 : 2 = 0.3893
  -- 5 : 3 = 0.5571
  -- 5 : 4 = 0.5282
  -- 5 : 5 = 0.766
  -- 5 : 6 = 0.131
  -- 5 : 7 = 0.1851
  -- 5 : 8 = 0.0172
  -- 5 : 9 = 0.9757
  -- 5 : 10 = 0.4247
  -- 6 : 1 = 0.4867
  -- 6 : 2 = 0.1812
  -- 6 : 3 = 0.9429
  -- 6 : 4 = 0.8553
  -- 6 : 5 = 0.7511
  -- 6 : 6 = 0.5897
  -- 6 : 7 = 0.0896
  -- 6 : 8 = 0.5078
  -- 6 : 9 = 0.9488
  -- 6 : 10 = 0.7041
  -- 7 : 1 = 0.1329
  -- 7 : 2 = 0.3359
  -- 7 : 3 = 0.0713
  -- 7 : 4 = 0.4954
  -- 7 : 5 = 0.9336
  -- 7 : 6 = 0.7497
  -- 7 : 7 = 0.4659
  -- 7 : 8 = 0.0689
  -- 7 : 9 = 0.2932
  -- 7 : 10 = 0.4641
  -- 8 : 1 = 0.905
  -- 8 : 2 = 0.9236
  -- 8 : 3 = 0.262
  -- 8 : 4 = 0.6014
  -- 8 : 5 = 0.0359
  -- 8 : 6 = 0.1235
  -- 8 : 7 = 0.6953
  -- 8 : 8 = 0.4294
  -- 8 : 9 = 0.5046
  -- 8 : 10 = 0.3324
  -- 9 : 1 = 0.4534
  -- 9 : 2 = 0.5588
  -- 9 : 3 = 0.0155
  -- 9 : 4 = 0.0488
  -- 9 : 5 = 0.489
  -- 9 : 6 = 0.364
  -- 9 : 7 = 0.0033
  -- 9 : 8 = 0.9935
  -- 9 : 9 = 0.7717
  -- 9 : 10 = 0.4702
  -- 10 : 1 = 0.2435
  -- 10 : 2 = 0.6499
  -- 10 : 3 = 0.0617
  -- 10 : 4 = 0.6516
  -- 10 : 5 = 0.0591
  -- 10 : 6 = 0.6908
  -- 10 : 7 = 0.1611
  -- 10 : 8 = 0.4007
  -- 10 : 9 = 0.5287
  -- 10 : 10 = 0.4639
  Inner Net 2
  -- 1 : 1 = -0.409912
  -- 1 : 2 = 0.083338
  -- 2 : 1 = -0.562533
  -- 2 : 2 = -0.25868
  -- 3 : 1 = -0.22028
  -- 3 : 2 = 0.112034
  -- 4 : 1 = -0.211896
  -- 4 : 2 = -0.0395151
  -- 5 : 1 = -0.167881
  -- 5 : 2 = 0.051876
  -- 6 : 1 = -0.0594774
  -- 6 : 2 = -0.398565
  -- 7 : 1 = 0.422217
  -- 7 : 2 = -0.0978572
  -- 8 : 1 = -0.0940552
  -- 8 : 2 = 0.197962
  -- 9 : 1 = -0.0511936
  -- 9 : 2 = 0.395961
  -- 10 : 1 = -0.0921747
  -- 10 : 2 = 0.387463
Out\Act	False		True
False	0.0280819	0.813898	0.84198
True	0.00285578	0.155164	0.15802
	0.0309376	0.969062
	Accuracy [ (tp + tn) / testSize ]: 0.183246
	Precision [ tp / (tp + fp) ]:      0.160039
	Sensitivity [ tp / (tp + fn) ]:    0.978979
	Specificity [ tn / (tn + fp) ]:    0.0333333
	F-Score [ 2tp / (2tp + fp + fn) ]: 0.275222
Particle (21):: Fit: 2688.02	PB: 2688.02	LB: 5359.06	GB: 5394.89	Conf: 0.780545	Pts: 60406
Particle (1):: Fit: 5317.58	PB: 5317.58	LB: 5365.99	GB: 5394.89	Conf: 1.97688	Pts: 110300
Particle (21):: Fit: 5335.99	PB: 5335.99	LB: 5359.06	GB: 5394.89	Conf: 0.975662	Pts: 60498
Particle (3):: Fit: 4164.56	PB: 4164.56	LB: 5365.99	GB: 5394.89	Conf: 0.240599	Pts: 110297
Particle (13):: Fit: 4759.87	PB: 4759.87	LB: 5372.23	GB: 5394.89	Conf: 0.19167	Pts: 60497
Particle (28):: Fit: 3700.69	PB: 3700.69	LB: 5365.83	GB: 5394.89	Conf: 0.317549	Pts: 55380
Particle (35):: Fit: 5277.71	PB: 5277.71	LB: 5394.89	GB: 5394.89	Conf: 0.173386	Pts: 100497
Particle (2):: Fit: 5100.08	PB: 5100.08	LB: 5365.99	GB: 5394.89	Conf: 1.58326	Pts: 110396
Particle (28):: Fit: 4284.8	PB: 4284.8	LB: 5365.83	GB: 5394.89	Conf: 0.391689	Pts: 55477
Particle (37):: Fit: 4898.98	PB: 4898.98	LB: 5394.89	GB: 5394.89	Conf: 0.362371	Pts: 100394
Particle (3):: Fit: 4953.36	PB: 4953.36	LB: 5365.99	GB: 5394.89	Conf: 0.184587	Pts: 110393
Particle (34):: Fit: 5344.79	PB: 5344.79	LB: 5394.89	GB: 5394.89	Conf: 0.423388	Pts: 150393
Particle (28):: Fit: 4446.82	PB: 4446.82	LB: 5365.83	GB: 5394.89	Conf: 0.574018	Pts: 55575
Particle (37):: Fit: 5272.21	PB: 5272.21	LB: 5394.89	GB: 5394.89	Conf: 0.646205	Pts: 100490
Particle (40):: Fit: 5102.11	PB: 5102.11	LB: 5394.89	GB: 5394.89	Conf: 0.208014	Pts: 130489
Particle (43):: Fit: 4757.54	PB: 4757.54	LB: 5365.68	GB: 5394.89	Conf: 0.299653	Pts: 50479
Particle (4):: Fit: 5366.79	PB: 5366.79	LB: 5366.79	GB: 5394.89	Conf: 0.746019	Pts: 145080
Particle (9):: Fit: 3707.88	PB: 3707.88	LB: 5372.23	GB: 5394.89	Conf: 0.521811	Pts: 65376
Particle (7):: Fit: 5344.41	PB: 5344.41	LB: 5372.23	GB: 5394.89	Conf: 0.113071	Pts: 90585
Particle (9):: Fit: 3929.77	PB: 3929.77	LB: 5372.23	GB: 5394.89	Conf: 0.413606	Pts: 65473
Particle (41):: Fit: 5335.94	PB: 5335.94	LB: 5351.5	GB: 5394.89	Conf: 0.0842326	Pts: 65784
Particle (22):: Fit: 5039.25	PB: 5039.25	LB: 5365.83	GB: 5394.89	Conf: 0.333731	Pts: 55559
Particle (13):: Fit: 5012.49	PB: 5012.49	LB: 5372.23	GB: 5394.89	Conf: 0.202734	Pts: 60580
Particle (40):: Fit: 5176.7	PB: 5176.7	LB: 5394.89	GB: 5394.89	Conf: 0.536419	Pts: 130580
Particle (45):: Fit: 5362.95	PB: 5362.95	LB: 5365.99	GB: 5394.89	Conf: 0.296004	Pts: 55580
Particle (9):: Fit: 5196.25	PB: 5196.25	LB: 5372.23	GB: 5394.89	Conf: 0.489967	Pts: 65567
Particle (2):: Fit: 5173.12	PB: 5173.12	LB: 5366.79	GB: 5394.89	Conf: 0.627718	Pts: 110477
Particle (18):: Fit: 5287.96	PB: 5287.96	LB: 5359.06	GB: 5394.89	Conf: 0.895062	Pts: 85575
Particle (2):: Fit: 5285.16	PB: 5285.16	LB: 5366.79	GB: 5394.89	Conf: 0.614184	Pts: 110574
Particle (9):: Fit: 5344.62	PB: 5344.62	LB: 5372.23	GB: 5394.89	Conf: 0.615315	Pts: 65663
Particle (6):: Fit: 4314.76	PB: 4314.76	LB: 5372.23	GB: 5394.89	Conf: 0.773467	Pts: 60571
Particle (7):: Fit: 5344.68	PB: 5344.68	LB: 5372.23	GB: 5394.89	Conf: 0.702849	Pts: 90673
Particle (6):: Fit: 4345.25	PB: 4345.25	LB: 5372.23	GB: 5394.89	Conf: 0.756384	Pts: 60670
Particle (13):: Fit: 5060.08	PB: 5060.08	LB: 5372.23	GB: 5394.89	Conf: 0.230513	Pts: 60671
Particle (43):: Fit: 5144.96	PB: 5144.96	LB: 5365.68	GB: 5394.89	Conf: 0.448638	Pts: 50560
Particle (28):: Fit: 4973.3	PB: 4973.3	LB: 5365.83	GB: 5394.89	Conf: 0.354537	Pts: 55652
Particle (37):: Fit: 5308.01	PB: 5308.01	LB: 5394.89	GB: 5394.89	Conf: 0.647821	Pts: 100566
Particle (44):: Fit: 5132.82	PB: 5132.82	LB: 5365.99	GB: 5394.89	Conf: 0.687973	Pts: 50464
Particle (8):: Fit: 5367.38	PB: 5367.38	LB: 5372.23	GB: 5394.89	Conf: 0.551116	Pts: 75361
Particle (25):: Fit: 5343.5	PB: 5343.5	LB: 5365.83	GB: 5394.89	Conf: 0.880248	Pts: 55559
Particle (28):: Fit: 5323.64	PB: 5323.64	LB: 5365.83	GB: 5394.89	Conf: 0.460807	Pts: 55744
Particle (13):: Fit: 5307.29	PB: 5307.29	LB: 5372.23	GB: 5394.89	Conf: 0.607655	Pts: 60756
Particle (40):: Fit: 5300.61	PB: 5300.61	LB: 5394.89	GB: 5394.89	Conf: 0.526786	Pts: 130654
Particle (44):: Fit: 5173.14	PB: 5173.14	LB: 5365.99	GB: 5394.89	Conf: 0.4896	Pts: 50555
Particle (6):: Fit: 4446.74	PB: 4446.74	LB: 5372.23	GB: 5394.89	Conf: 0.763442	Pts: 60749
Particle (15):: Fit: 5344.79	PB: 5344.79	LB: 5372.23	GB: 5394.89	Conf: 0.579502	Pts: 60450
Particle (35):: Fit: 5366.19	PB: 5366.19	LB: 5394.89	GB: 5394.89	Conf: 0.160234	Pts: 105550
Particle (43):: Fit: 5344.69	PB: 5344.69	LB: 5365.68	GB: 5394.89	Conf: 0.341791	Pts: 50641
Particle (15):: Fit: 5348.38	PB: 5348.38	LB: 5372.23	GB: 5394.89	Conf: 0.638168	Pts: 60549
Particle (29):: Fit: 5352.55	PB: 5352.55	LB: 5365.83	GB: 5394.89	Conf: 0.391136	Pts: 125147
Particle (13):: Fit: 5335.85	PB: 5335.85	LB: 5372.23	GB: 5394.89	Conf: 0.956085	Pts: 60846
Particle (34):: Fit: 5358.21	PB: 5358.21	LB: 5394.89	GB: 5394.89	Conf: 0.416757	Pts: 150442
Particle (13):: Fit: 5348	PB: 5348	LB: 5372.23	GB: 5394.89	Conf: 0.195408	Pts: 60944
Particle (0):: Fit: 5379.31	PB: 5379.31	LB: 5379.31	GB: 5394.89	Conf: 0.317901	Pts: 180342
Particle (26):: Fit: 5334.78	PB: 5334.78	LB: 5365.83	GB: 5394.89	Conf: 0.310934	Pts: 55337
Particle (29):: Fit: 5370.28	PB: 5370.28	LB: 5370.28	GB: 5394.89	Conf: 0.376827	Pts: 160235
Particle (6):: Fit: 4916.59	PB: 4916.59	LB: 5372.23	GB: 5394.89	Conf: 0.659048	Pts: 60828
Particle (6):: Fit: 5321.35	PB: 5321.35	LB: 5372.23	GB: 5394.89	Conf: 0.784185	Pts: 60921
Particle (30):: Fit: 5366.24	PB: 5366.24	LB: 5370.28	GB: 5394.89	Conf: 0.948902	Pts: 125423
Particle (40):: Fit: 5340.13	PB: 5340.13	LB: 5394.89	GB: 5394.89	Conf: 0.51261	Pts: 130715
Particle (44):: Fit: 5311.3	PB: 5311.3	LB: 5365.99	GB: 5394.89	Conf: 0.736102	Pts: 50610
Particle (14):: Fit: 5344.82	PB: 5344.82	LB: 5372.23	GB: 5394.89	Conf: 0.468132	Pts: 65305
Particle (44):: Fit: 5343.89	PB: 5343.89	LB: 5365.99	GB: 5394.89	Conf: 0.0271685	Pts: 50708
Particle (14):: Fit: 5372.91	PB: 5372.91	LB: 5372.91	GB: 5394.89	Conf: 0.334821	Pts: 115399
Particle (28):: Fit: 5356.07	PB: 5356.07	LB: 5370.28	GB: 5394.89	Conf: 0.376579	Pts: 55782
Particle (41):: Fit: 5375.84	PB: 5375.84	LB: 5375.84	GB: 5394.89	Conf: 0.0714552	Pts: 85802
Particle (44):: Fit: 5379.28	PB: 5379.28	LB: 5379.28	GB: 5394.89	Conf: 0.384039	Pts: 70802
Particle (15):: Fit: 5366.85	PB: 5366.85	LB: 5372.91	GB: 5394.89	Conf: 0.669064	Pts: 65590
Particle (28):: Fit: 5366.83	PB: 5366.83	LB: 5370.28	GB: 5394.89	Conf: 0.340424	Pts: 60865
Particle (40):: Fit: 5359.82	PB: 5359.82	LB: 5394.89	GB: 5394.89	Conf: 0.778529	Pts: 130783
Particle (42):: Fit: 5318.07	PB: 5318.07	LB: 5379.28	GB: 5394.89	Conf: 0.2269	Pts: 55478
Particle (42):: Fit: 5359.95	PB: 5359.95	LB: 5379.28	GB: 5394.89	Conf: 0.570699	Pts: 55574
Particle (49):: Fit: 5366.74	PB: 5366.74	LB: 5379.31	GB: 5394.89	Conf: 0.84717	Pts: 180277
Particle (20):: Fit: 5352.44	PB: 5352.44	LB: 5359.06	GB: 5394.89	Conf: 0.30825	Pts: 65268
Particle (6):: Fit: 5350.17	PB: 5350.17	LB: 5372.23	GB: 5394.89	Conf: 0.878417	Pts: 60971
Particle (17):: Fit: 5285.11	PB: 5285.11	LB: 5372.91	GB: 5394.89	Conf: 0.67793	Pts: 65466
Particle (24):: Fit: 5352.48	PB: 5352.48	LB: 5370.28	GB: 5394.89	Conf: 0.79154	Pts: 115864
Particle (38):: Fit: 5359.85	PB: 5359.85	LB: 5394.89	GB: 5394.89	Conf: 0.622607	Pts: 80758
Particle (48):: Fit: 5373.1	PB: 5373.1	LB: 5379.31	GB: 5394.89	Conf: 0.916103	Pts: 70649
Particle (17):: Fit: 5307.97	PB: 5307.97	LB: 5372.91	GB: 5394.89	Conf: 0.676117	Pts: 65544
Particle (2):: Fit: 5329.9	PB: 5329.9	LB: 5379.31	GB: 5394.89	Conf: 0.406823	Pts: 110539
Particle (40):: Fit: 5366.65	PB: 5366.65	LB: 5394.89	GB: 5394.89	Conf: 0.890494	Pts: 130835
Particle (7):: Fit: 5384.27	PB: 5384.27	LB: 5384.27	GB: 5394.89	Conf: 0.0904633	Pts: 140634
Particle (25):: Fit: 5373.32	PB: 5373.32	LB: 5373.32	GB: 5394.89	Conf: 0.441669	Pts: 105529
Particle (22):: Fit: 5084.57	PB: 5084.57	LB: 5373.32	GB: 5394.89	Conf: 0.353528	Pts: 55500
Particle (17):: Fit: 5352.02	PB: 5352.02	LB: 5372.91	GB: 5394.89	Conf: 0.133405	Pts: 65623
Particle (12):: Fit: 5355.63	PB: 5355.63	LB: 5372.91	GB: 5394.89	Conf: 0.637381	Pts: 55522
Particle (37):: Fit: 5369.6	PB: 5369.6	LB: 5394.89	GB: 5394.89	Conf: 0.222924	Pts: 100521
Particle (35):: Fit: 5371.92	PB: 5371.92	LB: 5394.89	GB: 5394.89	Conf: 0.171086	Pts: 110508
Particle (40):: Fit: 5382.27	PB: 5382.27	LB: 5394.89	GB: 5394.89	Conf: 0.511643	Pts: 150904
Particle (43):: Fit: 5358.04	PB: 5358.04	LB: 5382.27	GB: 5394.89	Conf: 0.26811	Pts: 50591
Particle (9):: Fit: 5345.96	PB: 5345.96	LB: 5384.27	GB: 5394.89	Conf: 0.384074	Pts: 65591
Particle (24):: Fit: 5359.9	PB: 5359.9	LB: 5373.32	GB: 5394.89	Conf: 0.77167	Pts: 115896
Particle (32):: Fit: 5344.53	PB: 5344.53	LB: 5394.89	GB: 5394.89	Conf: 0.41805	Pts: 65194
Particle (6):: Fit: 5359.83	PB: 5359.83	LB: 5384.27	GB: 5394.89	Conf: 0.781009	Pts: 60978
Particle (3):: Fit: 5115.64	PB: 5115.64	LB: 5384.27	GB: 5394.89	Conf: 0.129158	Pts: 110274
Particle (47):: Fit: 5372.96	PB: 5372.96	LB: 5379.31	GB: 5394.89	Conf: 0.245968	Pts: 90269
Particle (16):: Fit: 5359.62	PB: 5359.62	LB: 5372.91	GB: 5394.89	Conf: 0.249613	Pts: 115368
Particle (33):: Fit: 5359.87	PB: 5359.87	LB: 5394.89	GB: 5394.89	Conf: 0.991625	Pts: 70357
Particle (25):: Fit: 5388.45	PB: 5388.45	LB: 5388.45	GB: 5394.89	Conf: 0.470191	Pts: 155546
Particle (39):: Fit: 5352.34	PB: 5352.34	LB: 5394.89	GB: 5394.89	Conf: 0.89128	Pts: 125133
Particle (12):: Fit: 5389.69	PB: 5389.69	LB: 5389.69	GB: 5394.89	Conf: 0.0656565	Pts: 105539
Particle (29):: Fit: 5372.75	PB: 5372.75	LB: 5388.45	GB: 5394.89	Conf: 0.168757	Pts: 165133
Particle (42):: Fit: 5378.53	PB: 5378.53	LB: 5382.27	GB: 5394.89	Conf: 0.093935	Pts: 55513
Particle (26):: Fit: 5363.09	PB: 5363.09	LB: 5388.45	GB: 5394.89	Conf: 0.232616	Pts: 55211
Particle (22):: Fit: 5144.69	PB: 5144.69	LB: 5388.45	GB: 5394.89	Conf: 0.293442	Pts: 55479
Particle (6):: Fit: 5376.99	PB: 5376.99	LB: 5384.27	GB: 5394.89	Conf: 0.793729	Pts: 61001
Particle (22):: Fit: 5173.07	PB: 5173.07	LB: 5388.45	GB: 5394.89	Conf: 0.524679	Pts: 55560
Particle (18):: Fit: 5344.4	PB: 5344.4	LB: 5372.91	GB: 5394.89	Conf: 0.917732	Pts: 85375
Particle (9):: Fit: 5352.49	PB: 5352.49	LB: 5389.69	GB: 5394.89	Conf: 0.349519	Pts: 65573
Particle (49):: Fit: 5372.55	PB: 5372.55	LB: 5379.31	GB: 5394.89	Conf: 0.125582	Pts: 180174
Particle (24):: Fit: 5379.63	PB: 5379.63	LB: 5388.45	GB: 5394.89	Conf: 0.782101	Pts: 120849
Particle (0):: Fit: 5379.48	PB: 5379.48	LB: 5379.48	GB: 5394.89	Conf: 0.656203	Pts: 215151
Particle (17):: Fit: 5366.51	PB: 5366.51	LB: 5372.91	GB: 5394.89	Conf: 0.950182	Pts: 65532
Particle (22):: Fit: 5336.03	PB: 5336.03	LB: 5388.45	GB: 5394.89	Conf: 0.538421	Pts: 55601
Particle (19):: Fit: 5348.36	PB: 5348.36	LB: 5379.63	GB: 5394.89	Conf: 0.442592	Pts: 149812
Particle (49):: Fit: 5389.64	PB: 5389.64	LB: 5389.64	GB: 5394.89	Conf: 0.142283	Pts: 230203
Particle (19):: Fit: 5352.39	PB: 5352.39	LB: 5379.63	GB: 5394.89	Conf: 0.855098	Pts: 149904
Particle (46):: Fit: 5372.97	PB: 5372.97	LB: 5389.64	GB: 5394.89	Conf: 0.0596631	Pts: 70098
Particle (19):: Fit: 5372.62	PB: 5372.62	LB: 5379.63	GB: 5394.89	Conf: 0.803562	Pts: 149992
Particle (17):: Fit: 5391.2	PB: 5391.2	LB: 5391.2	GB: 5394.89	Conf: 0.673364	Pts: 115593
Particle (27):: Fit: 5366.86	PB: 5366.86	LB: 5388.45	GB: 5394.89	Conf: 0.507014	Pts: 154858
Particle (48):: Fit: 5376.64	PB: 5376.64	LB: 5389.64	GB: 5394.89	Conf: 0.337721	Pts: 70469
Particle (1):: Fit: 5362.36	PB: 5362.36	LB: 5389.64	GB: 5394.89	Conf: 0.0364247	Pts: 109957
Particle (15):: Fit: 5375.72	PB: 5375.72	LB: 5391.2	GB: 5394.89	Conf: 0.701448	Pts: 65365
Particle (22):: Fit: 5339.87	PB: 5339.87	LB: 5388.45	GB: 5394.89	Conf: 0.302794	Pts: 55624
Particle (38):: Fit: 5366.41	PB: 5366.41	LB: 5394.89	GB: 5394.89	Conf: 0.243014	Pts: 80548
Particle (2):: Fit: 5348.31	PB: 5348.31	LB: 5389.64	GB: 5394.89	Conf: 0.373797	Pts: 110307
Particle (24):: Fit: 5385.04	PB: 5385.04	LB: 5388.45	GB: 5394.89	Conf: 0.4431	Pts: 120806
Particle (0):: Fit: 5379.64	PB: 5379.64	LB: 5389.64	GB: 5394.89	Conf: 0.65577	Pts: 215101
Particle (22):: Fit: 5344.67	PB: 5344.67	LB: 5388.45	GB: 5394.89	Conf: 0.458363	Pts: 55658
Particle (22):: Fit: 5366.57	PB: 5366.57	LB: 5388.45	GB: 5394.89	Conf: 0.334735	Pts: 55755
Particle (3):: Fit: 5317.8	PB: 5317.8	LB: 5389.64	GB: 5394.89	Conf: 0.0950948	Pts: 110042
Particle (18):: Fit: 5352.27	PB: 5352.27	LB: 5391.2	GB: 5394.89	Conf: 0.890252	Pts: 85230
Particle (23):: Fit: 5369.92	PB: 5369.92	LB: 5388.45	GB: 5394.89	Conf: 0.207971	Pts: 90095
Particle (39):: Fit: 5370.95	PB: 5370.95	LB: 5394.89	GB: 5394.89	Conf: 0.882064	Pts: 124898
Particle (10):: Fit: 5369.5	PB: 5369.5	LB: 5389.69	GB: 5394.89	Conf: 0.10311	Pts: 124976
Particle (39):: Fit: 5383.21	PB: 5383.21	LB: 5394.89	GB: 5394.89	Conf: 0.728072	Pts: 139981
Particle (32):: Fit: 5378.66	PB: 5378.66	LB: 5394.89	GB: 5394.89	Conf: 0.139019	Pts: 69866
Particle (26):: Fit: 5370.09	PB: 5370.09	LB: 5388.45	GB: 5394.89	Conf: 0.286859	Pts: 54957
Particle (21):: Fit: 5359.91	PB: 5359.91	LB: 5391.2	GB: 5394.89	Conf: 0.427993	Pts: 59945
Particle (6):: Fit: 5379.47	PB: 5379.47	LB: 5384.27	GB: 5394.89	Conf: 0.856761	Pts: 60736
Particle (20):: Fit: 5363.16	PB: 5363.16	LB: 5391.2	GB: 5394.89	Conf: 0.263637	Pts: 64819
Particle (8):: Fit: 5379.6	PB: 5379.6	LB: 5389.69	GB: 5394.89	Conf: 0.567983	Pts: 74803
Particle (9):: Fit: 5365.41	PB: 5365.41	LB: 5389.69	GB: 5394.89	Conf: 0.744981	Pts: 65304
Particle (16):: Fit: 5361.18	PB: 5361.18	LB: 5391.2	GB: 5394.89	Conf: 0.525705	Pts: 114995
Particle (22):: Fit: 5366.96	PB: 5366.96	LB: 5388.45	GB: 5394.89	Conf: 0.311273	Pts: 55654
Particle (5):: Fit: 5359.9	PB: 5359.9	LB: 5384.27	GB: 5394.89	Conf: 0.675407	Pts: 109871
Particle (33):: Fit: 5397.13	PB: 5397.13	LB: 5397.13	GB: 5397.13	Conf: 0.833604	Pts: 129962
Global: 5397.13 - Correct: 74% of 50 tests
Global Best: 
  Inner Net 1
  -- 1 : 1 = 0.357564
  -- 1 : 2 = -0.230293
  -- 1 : 3 = 0.531847
  -- 1 : 4 = 0.315299
  -- 1 : 5 = -0.278904
  -- 1 : 6 = 0.20897
  -- 1 : 7 = 0.492773
  -- 1 : 8 = -0.163895
  -- 1 : 9 = 0.421277
  -- 1 : 10 = 0.128776
  -- 2 : 1 = -0.5
  -- 2 : 2 = 0.0306
  -- 2 : 3 = 0.0762568
  -- 2 : 4 = 0.147346
  -- 2 : 5 = -0.0965168
  -- 2 : 6 = -0.312835
  -- 2 : 7 = 0.390711
  -- 2 : 8 = -0.0354414
  -- 2 : 9 = 0.546302
  -- 2 : 10 = -0.0941841
  -- 3 : 1 = 0.215722
  -- 3 : 2 = -0.0526273
  -- 3 : 3 = -0.119197
  -- 3 : 4 = 0.560766
  -- 3 : 5 = 0.378853
  -- 3 : 6 = 0.477451
  -- 3 : 7 = 0.339945
  -- 3 : 8 = 0.0382198
  -- 3 : 9 = -0.122021
  -- 3 : 10 = 0.461325
  -- 4 : 1 = 0.369295
  -- 4 : 2 = 0.428594
  -- 4 : 3 = 0.369239
  -- 4 : 4 = 0.316651
  -- 4 : 5 = -0.0800199
  -- 4 : 6 = 0.209697
  -- 4 : 7 = 0.311395
  -- 4 : 8 = 0.166055
  -- 4 : 9 = 0.0322769
  -- 4 : 10 = 0.252256
  -- 5 : 1 = 0.307013
  -- 5 : 2 = 0.244411
  -- 5 : 3 = 0.611205
  -- 5 : 4 = 0.019483
  -- 5 : 5 = 0.0426543
  -- 5 : 6 = 0.400658
  -- 5 : 7 = 0.326802
  -- 5 : 8 = 0.258171
  -- 5 : 9 = -0.140253
  -- 5 : 10 = 0.016909
  -- 6 : 1 = 0.768521
  -- 6 : 2 = -0.216328
  -- 6 : 3 = 0.222291
  -- 6 : 4 = 0.166961
  -- 6 : 5 = 0.357844
  -- 6 : 6 = -0.118954
  -- 6 : 7 = 0.435631
  -- 6 : 8 = -0.176419
  -- 6 : 9 = 0.214824
  -- 6 : 10 = 0.080442
  -- 7 : 1 = -0.375083
  -- 7 : 2 = -0.111348
  -- 7 : 3 = 0.308862
  -- 7 : 4 = 0.233345
  -- 7 : 5 = 0.209533
  -- 7 : 6 = 0.063491
  -- 7 : 7 = 0.343328
  -- 7 : 8 = -0.0483589
  -- 7 : 9 = 0.492165
  -- 7 : 10 = 0.121325
  -- 8 : 1 = 0.427066
  -- 8 : 2 = -0.0481143
  -- 8 : 3 = 0.28177
  -- 8 : 4 = 0.0667294
  -- 8 : 5 = 0.208849
  -- 8 : 6 = -0.0796756
  -- 8 : 7 = 0.558973
  -- 8 : 8 = -0.314836
  -- 8 : 9 = 0.110385
  -- 8 : 10 = -0.103389
  -- 9 : 1 = 0.260295
  -- 9 : 2 = 0.264781
  -- 9 : 3 = 0.147668
  -- 9 : 4 = -0.0886231
  -- 9 : 5 = -0.156302
  -- 9 : 6 = 0.431604
  -- 9 : 7 = 0.121453
  -- 9 : 8 = 0.403359
  -- 9 : 9 = 0.0559467
  -- 9 : 10 = -0.216257
  -- 10 : 1 = 0.400553
  -- 10 : 2 = 0.404865
  -- 10 : 3 = 0.316317
  -- 10 : 4 = 0.302806
  -- 10 : 5 = 0.00943334
  -- 10 : 6 = 0.274226
  -- 10 : 7 = 0.116565
  -- 10 : 8 = 0.20186
  -- 10 : 9 = 0.312977
  -- 10 : 10 = 0.570092
  Inner Net 2
  -- 1 : 1 = -0.409506
  -- 1 : 2 = -0.0832087
  -- 2 : 1 = -0.394038
  -- 2 : 2 = 0.0598484
  -- 3 : 1 = -0.494414
  -- 3 : 2 = 0.123623
  -- 4 : 1 = 0.0716514
  -- 4 : 2 = 0.240038
  -- 5 : 1 = 0.110992
  -- 5 : 2 = 0.0455198
  -- 6 : 1 = -0.0734497
  -- 6 : 2 = -0.026826
  -- 7 : 1 = 0.646442
  -- 7 : 2 = -0.0886223
  -- 8 : 1 = -0.00950489
  -- 8 : 2 = -0.0657558
  -- 9 : 1 = -0.189995
  -- 9 : 2 = 0.0717228
  -- 10 : 1 = 0.357416
  -- 10 : 2 = 0.0452549
Out\Act	False		True
False	0.0566397	0.78534	0.84198
True	0.0109472	0.147073	0.15802
	0.0675869	0.932413
	Accuracy [ (tp + tn) / testSize ]: 0.203713
	Precision [ tp / (tp + fp) ]:      0.157653
	Sensitivity [ tp / (tp + fn) ]:    0.927928
	Specificity [ tn / (tn + fp) ]:    0.0672316
	F-Score [ 2tp / (2tp + fp + fn) ]: 0.269634
Particle (29):: Fit: 5379.07	PB: 5379.07	LB: 5397.13	GB: 5397.13	Conf: 0.242492	Pts: 164765
Particle (20):: Fit: 5372.56	PB: 5372.56	LB: 5391.2	GB: 5397.13	Conf: 0.137912	Pts: 64809
Particle (43):: Fit: 5359.9	PB: 5359.9	LB: 5383.21	GB: 5397.13	Conf: 0.51581	Pts: 50090
Particle (37):: Fit: 5376.16	PB: 5376.16	LB: 5397.13	GB: 5397.13	Conf: 0.146521	Pts: 100010
Particle (8):: Fit: 5391.23	PB: 5391.23	LB: 5391.23	GB: 5397.13	Conf: 0.721471	Pts: 124789
Particle (27):: Fit: 5378.71	PB: 5378.71	LB: 5388.45	GB: 5397.13	Conf: 0.298671	Pts: 154556
Particle (2):: Fit: 5366.69	PB: 5366.69	LB: 5389.64	GB: 5397.13	Conf: 0.390169	Pts: 110065
Particle (20):: Fit: 5385.18	PB: 5385.18	LB: 5391.2	GB: 5397.13	Conf: 0.325667	Pts: 64849
Particle (19):: Fit: 5383.25	PB: 5383.25	LB: 5391.2	GB: 5397.13	Conf: 0.716435	Pts: 149528
Particle (45):: Fit: 5367.28	PB: 5367.28	LB: 5389.64	GB: 5397.13	Conf: 0.442223	Pts: 54733
Particle (2):: Fit: 5373.26	PB: 5373.26	LB: 5389.64	GB: 5397.13	Conf: 0.379349	Pts: 109964
Particle (15):: Fit: 5379.69	PB: 5379.69	LB: 5391.2	GB: 5397.13	Conf: 0.67814	Pts: 64851
Particle (43):: Fit: 5368.23	PB: 5368.23	LB: 5383.21	GB: 5397.13	Conf: 0.26602	Pts: 49925
Particle (48):: Fit: 5396.38	PB: 5396.38	LB: 5396.38	GB: 5397.13	Conf: 0.453965	Pts: 119923
Particle (5):: Fit: 5363.18	PB: 5363.18	LB: 5391.23	GB: 5397.13	Conf: 0.283123	Pts: 109574
Particle (16):: Fit: 5385.55	PB: 5385.55	LB: 5391.2	GB: 5397.13	Conf: 0.763644	Pts: 114648
Particle (38):: Fit: 5385.36	PB: 5385.36	LB: 5394.89	GB: 5397.13	Conf: 0.471843	Pts: 89933
Particle (10):: Fit: 5384.2	PB: 5384.2	LB: 5391.23	GB: 5397.13	Conf: 0.0744301	Pts: 124471
Particle (9):: Fit: 5373.93	PB: 5373.93	LB: 5391.23	GB: 5397.13	Conf: 0.838804	Pts: 64876
Particle (3):: Fit: 5327.22	PB: 5327.22	LB: 5391.23	GB: 5397.13	Conf: 0.0981645	Pts: 109440
Particle (13):: Fit: 5366.98	PB: 5366.98	LB: 5391.2	GB: 5397.13	Conf: 0.953085	Pts: 59844
Particle (1):: Fit: 5371.32	PB: 5371.32	LB: 5396.38	GB: 5397.13	Conf: 0.0398324	Pts: 109207
Particle (11):: Fit: 5385.52	PB: 5385.52	LB: 5391.23	GB: 5397.13	Conf: 0.828045	Pts: 179391
Particle (27):: Fit: 5378.83	PB: 5378.83	LB: 5388.45	GB: 5397.13	Conf: 0.163915	Pts: 154197
Particle (14):: Fit: 5373.24	PB: 5373.24	LB: 5391.2	GB: 5397.13	Conf: 0.819459	Pts: 114285
Particle (14):: Fit: 5379.39	PB: 5379.39	LB: 5391.2	GB: 5397.13	Conf: 0.835267	Pts: 114382
Particle (47):: Fit: 5378.78	PB: 5378.78	LB: 5396.38	GB: 5397.13	Conf: 0.275394	Pts: 89212
Particle (45):: Fit: 5373.23	PB: 5373.23	LB: 5396.38	GB: 5397.13	Conf: 0.510553	Pts: 54443
Particle (31):: Fit: 5385.28	PB: 5385.28	LB: 5397.13	GB: 5397.13	Conf: 0.364939	Pts: 74589
Particle (30):: Fit: 5391.21	PB: 5391.21	LB: 5397.13	GB: 5397.13	Conf: 0.415046	Pts: 139162
Particle (45):: Fit: 5373.34	PB: 5373.34	LB: 5396.38	GB: 5397.13	Conf: 0.714203	Pts: 54516
Particle (21):: Fit: 5366.81	PB: 5366.81	LB: 5391.2	GB: 5397.13	Conf: 0.441241	Pts: 59263
Particle (5):: Fit: 5379.22	PB: 5379.22	LB: 5391.23	GB: 5397.13	Conf: 0.297298	Pts: 109383
Particle (9):: Fit: 5379.39	PB: 5379.39	LB: 5391.23	GB: 5397.13	Conf: 0.917938	Pts: 64755
Particle (28):: Fit: 5390.83	PB: 5390.83	LB: 5397.13	GB: 5397.13	Conf: 0.333861	Pts: 69629
Particle (23):: Fit: 5385.37	PB: 5385.37	LB: 5390.83	GB: 5397.13	Conf: 0.943584	Pts: 89301
Particle (4):: Fit: 5372.64	PB: 5372.64	LB: 5391.23	GB: 5397.13	Conf: 0.817442	Pts: 143653
Particle (27):: Fit: 5378.83	PB: 5378.83	LB: 5391.21	GB: 5397.13	Conf: 0.170945	Pts: 153997
Particle (3):: Fit: 5335.99	PB: 5335.99	LB: 5391.23	GB: 5397.13	Conf: 0.0969447	Pts: 109016
Particle (4):: Fit: 5379.56	PB: 5379.56	LB: 5391.23	GB: 5397.13	Conf: 0.854687	Pts: 143531
Particle (29):: Fit: 5379.23	PB: 5379.23	LB: 5397.13	GB: 5397.13	Conf: 0.289088	Pts: 163798
Particle (42):: Fit: 5379.62	PB: 5379.62	LB: 5385.36	GB: 5397.13	Conf: 0.523692	Pts: 54069
Particle (3):: Fit: 5349.76	PB: 5349.76	LB: 5391.23	GB: 5397.13	Conf: 0.0920663	Pts: 108932
Particle (13):: Fit: 5405.24	PB: 5405.24	LB: 5405.24	GB: 5405.24	Conf: 0.970942	Pts: 119263
Global: 5405.24 - Correct: 76% of 50 tests
Global Best: 
  Inner Net 1
  -- 1 : 1 = 0.341263
  -- 1 : 2 = 0.061626
  -- 1 : 3 = -0.298332
  -- 1 : 4 = -0.0676948
  -- 1 : 5 = 0.0510794
  -- 1 : 6 = 0.354275
  -- 1 : 7 = -0.106685
  -- 1 : 8 = -0.0735803
  -- 1 : 9 = 0.364418
  -- 1 : 10 = -0.0206729
  -- 2 : 1 = 0.279783
  -- 2 : 2 = -0.0305126
  -- 2 : 3 = 0.386055
  -- 2 : 4 = 0.133264
  -- 2 : 5 = -0.256473
  -- 2 : 6 = -0.218492
  -- 2 : 7 = 0.0964873
  -- 2 : 8 = 0.141583
  -- 2 : 9 = -0.0905998
  -- 2 : 10 = 0.0673946
  -- 3 : 1 = 0.0610124
  -- 3 : 2 = 0.233788
  -- 3 : 3 = 0.25675
  -- 3 : 4 = 0.222515
  -- 3 : 5 = -0.193638
  -- 3 : 6 = 0.345373
  -- 3 : 7 = 0.412922
  -- 3 : 8 = -0.125476
  -- 3 : 9 = 0.0104561
  -- 3 : 10 = 0.247115
  -- 4 : 1 = 0.0166251
  -- 4 : 2 = 0.438667
  -- 4 : 3 = -0.246001
  -- 4 : 4 = 0.34685
  -- 4 : 5 = 0.0206283
  -- 4 : 6 = 0.44488
  -- 4 : 7 = -9.22722e-005
  -- 4 : 8 = 0.290836
  -- 4 : 9 = -0.10469
  -- 4 : 10 = 0.104311
  -- 5 : 1 = 0.357949
  -- 5 : 2 = 0.0327036
  -- 5 : 3 = 0.20765
  -- 5 : 4 = -0.0868313
  -- 5 : 5 = 0.58143
  -- 5 : 6 = 0.172651
  -- 5 : 7 = 0.0103728
  -- 5 : 8 = 0.138459
  -- 5 : 9 = 0.0157895
  -- 5 : 10 = -0.0242067
  -- 6 : 1 = 0.304065
  -- 6 : 2 = 0.419971
  -- 6 : 3 = -0.130461
  -- 6 : 4 = -0.0307455
  -- 6 : 5 = 0.301087
  -- 6 : 6 = -0.39056
  -- 6 : 7 = 0.0352609
  -- 6 : 8 = -0.0364932
  -- 6 : 9 = 0.256403
  -- 6 : 10 = 0.547844
  -- 7 : 1 = -0.113968
  -- 7 : 2 = 0.118877
  -- 7 : 3 = -0.102096
  -- 7 : 4 = -0.00304252
  -- 7 : 5 = 0.278816
  -- 7 : 6 = 0.0801988
  -- 7 : 7 = 0.194526
  -- 7 : 8 = 0.392374
  -- 7 : 9 = 0.176339
  -- 7 : 10 = -0.339148
  -- 8 : 1 = 0.350436
  -- 8 : 2 = -0.0192898
  -- 8 : 3 = -0.269577
  -- 8 : 4 = 0.0177904
  -- 8 : 5 = -0.202223
  -- 8 : 6 = 0.305452
  -- 8 : 7 = -0.036894
  -- 8 : 8 = -0.161636
  -- 8 : 9 = -0.0913189
  -- 8 : 10 = 0.0318468
  -- 9 : 1 = -0.119813
  -- 9 : 2 = 0.36134
  -- 9 : 3 = -0.159928
  -- 9 : 4 = -0.117521
  -- 9 : 5 = -0.0548868
  -- 9 : 6 = 0.284065
  -- 9 : 7 = 0.282459
  -- 9 : 8 = -0.0603059
  -- 9 : 9 = -0.22459
  -- 9 : 10 = -0.107947
  -- 10 : 1 = 0.356306
  -- 10 : 2 = 0.0184702
  -- 10 : 3 = 0.101763
  -- 10 : 4 = 0.24687
  -- 10 : 5 = 0.12442
  -- 10 : 6 = 0.0335234
  -- 10 : 7 = 0.0242805
  -- 10 : 8 = 0.201015
  -- 10 : 9 = -0.0478164
  -- 10 : 10 = 0.629455
  Inner Net 2
  -- 1 : 1 = 0.301789
  -- 1 : 2 = 0.257847
  -- 2 : 1 = -0.219382
  -- 2 : 2 = -0.254587
  -- 3 : 1 = 0.0542708
  -- 3 : 2 = 0.0375998
  -- 4 : 1 = 0.0772263
  -- 4 : 2 = 0.307003
  -- 5 : 1 = -0.658561
  -- 5 : 2 = 0.0455127
  -- 6 : 1 = 0.347008
  -- 6 : 2 = -0.409265
  -- 7 : 1 = 0.526979
  -- 7 : 2 = 0.0936835
  -- 8 : 1 = 0.44381
  -- 8 : 2 = 0.120209
  -- 9 : 1 = -0.00275391
  -- 9 : 2 = -0.366382
  -- 10 : 1 = 0.504848
  -- 10 : 2 = -0.290853
Out\Act	False		True
False	0.0299857	0.811994	0.84198
True	0.00285578	0.155164	0.15802
	0.0328415	0.967158
	Accuracy [ (tp + tn) / testSize ]: 0.18515
	Precision [ tp / (tp + fp) ]:      0.160354
	Sensitivity [ tp / (tp + fn) ]:    0.978979
	Specificity [ tn / (tn + fp) ]:    0.0355932
	F-Score [ 2tp / (2tp + fp + fn) ]: 0.275687
Particle (18):: Fit: 5373.12	PB: 5373.12	LB: 5391.2	GB: 5405.24	Conf: 0.913594	Pts: 83893
Particle (34):: Fit: 5358.31	PB: 5358.31	LB: 5397.13	GB: 5405.24	Conf: 0.47518	Pts: 148585
Particle (45):: Fit: 5379.26	PB: 5379.26	LB: 5396.38	GB: 5405.24	Conf: 0.529737	Pts: 53998
Particle (43):: Fit: 5373.07	PB: 5373.07	LB: 5396.38	GB: 5405.24	Conf: 0.328745	Pts: 49038
Particle (27):: Fit: 5384.72	PB: 5384.72	LB: 5391.21	GB: 5405.24	Conf: 0.251533	Pts: 153583
Particle (47):: Fit: 5383.06	PB: 5383.06	LB: 5396.38	GB: 5405.24	Conf: 0.607253	Pts: 88538
Particle (16):: Fit: 5390.78	PB: 5390.78	LB: 5405.24	GB: 5405.24	Conf: 0.267421	Pts: 113760
Particle (34):: Fit: 5363.45	PB: 5363.45	LB: 5397.13	GB: 5405.24	Conf: 0.522633	Pts: 148524
Particle (7):: Fit: 5391.53	PB: 5391.53	LB: 5391.53	GB: 5405.24	Conf: 0.742571	Pts: 163756
Particle (45):: Fit: 5379.38	PB: 5379.38	LB: 5396.38	GB: 5405.24	Conf: 0.508967	Pts: 53940
Particle (11):: Fit: 5389.2	PB: 5389.2	LB: 5405.24	GB: 5405.24	Conf: 0.824736	Pts: 178555
Particle (38):: Fit: 5385.62	PB: 5385.62	LB: 5394.89	GB: 5405.24	Conf: 0.702206	Pts: 98990
Particle (37):: Fit: 5383.09	PB: 5383.09	LB: 5397.13	GB: 5405.24	Conf: 0.740445	Pts: 98664
Particle (9):: Fit: 5379.53	PB: 5379.53	LB: 5405.24	GB: 5405.24	Conf: 0.765179	Pts: 63941
Particle (15):: Fit: 5391.21	PB: 5391.21	LB: 5405.24	GB: 5405.24	Conf: 0.613772	Pts: 73623
Particle (44):: Fit: 5389.23	PB: 5389.23	LB: 5396.38	GB: 5405.24	Conf: 0.680159	Pts: 78601
Particle (41):: Fit: 5383.12	PB: 5383.12	LB: 5389.23	GB: 5405.24	Conf: 0.868406	Pts: 83536
Particle (37):: Fit: 5390.61	PB: 5390.61	LB: 5397.13	GB: 5405.24	Conf: 0.305502	Pts: 103513
Particle (43):: Fit: 5376.49	PB: 5376.49	LB: 5396.38	GB: 5405.24	Conf: 0.252348	Pts: 48585
Particle (29):: Fit: 5379.7	PB: 5379.7	LB: 5397.13	GB: 5405.24	Conf: 0.533705	Pts: 163095
Particle (14):: Fit: 5379.42	PB: 5379.42	LB: 5405.24	GB: 5405.24	Conf: 0.818938	Pts: 113049
Particle (29):: Fit: 5390.94	PB: 5390.94	LB: 5397.13	GB: 5405.24	Conf: 0.434871	Pts: 167994
Particle (34):: Fit: 5366.8	PB: 5366.8	LB: 5397.13	GB: 5405.24	Conf: 0.428265	Pts: 147884
Particle (19):: Fit: 5389.19	PB: 5389.19	LB: 5391.21	GB: 5405.24	Conf: 0.799331	Pts: 152661
Particle (39):: Fit: 5385.4	PB: 5385.4	LB: 5394.89	GB: 5405.24	Conf: 0.920582	Pts: 137705
Particle (12):: Fit: 5402.48	PB: 5402.48	LB: 5405.24	GB: 5405.24	Conf: 0.894772	Pts: 107751
Particle (26):: Fit: 5379.12	PB: 5379.12	LB: 5391.21	GB: 5405.24	Conf: 0.291263	Pts: 52433
Particle (28):: Fit: 5390.89	PB: 5390.89	LB: 5397.13	GB: 5405.24	Conf: 0.374496	Pts: 72733
Particle (43):: Fit: 5384.88	PB: 5384.88	LB: 5396.38	GB: 5405.24	Conf: 0.226184	Pts: 47790
Particle (6):: Fit: 5405.25	PB: 5405.25	LB: 5405.25	GB: 5405.25	Conf: 0.536549	Pts: 117939
Global: 5405.25 - Correct: 76% of 50 tests
Global Best: 
  Inner Net 1
  -- 1 : 1 = 0.273579
  -- 1 : 2 = 0.43446
  -- 1 : 3 = -0.110806
  -- 1 : 4 = 0.0662561
  -- 1 : 5 = 0.0347871
  -- 1 : 6 = 0.0648746
  -- 1 : 7 = -0.110107
  -- 1 : 8 = -0.147558
  -- 1 : 9 = 0.204743
  -- 1 : 10 = -0.00365035
  -- 2 : 1 = 0.383046
  -- 2 : 2 = -0.00279654
  -- 2 : 3 = -0.0389051
  -- 2 : 4 = 0.201504
  -- 2 : 5 = -0.0883934
  -- 2 : 6 = 0.402474
  -- 2 : 7 = 0.296825
  -- 2 : 8 = -0.231745
  -- 2 : 9 = -0.268806
  -- 2 : 10 = 0.522568
  -- 3 : 1 = 0.0332071
  -- 3 : 2 = -0.0290498
  -- 3 : 3 = 0.0512744
  -- 3 : 4 = 0.313939
  -- 3 : 5 = 0.30433
  -- 3 : 6 = 0.0937903
  -- 3 : 7 = 0.18528
  -- 3 : 8 = 0.552045
  -- 3 : 9 = 0.000613613
  -- 3 : 10 = 0.171752
  -- 4 : 1 = 0.329089
  -- 4 : 2 = -0.266805
  -- 4 : 3 = -0.081353
  -- 4 : 4 = 0.560093
  -- 4 : 5 = 0.0490091
  -- 4 : 6 = -0.0541896
  -- 4 : 7 = 0.443921
  -- 4 : 8 = 0.237179
  -- 4 : 9 = -0.189651
  -- 4 : 10 = 0.107828
  -- 5 : 1 = -0.163872
  -- 5 : 2 = 0.187521
  -- 5 : 3 = 0.138592
  -- 5 : 4 = 0.253436
  -- 5 : 5 = 0.0806428
  -- 5 : 6 = 0.133235
  -- 5 : 7 = -0.191274
  -- 5 : 8 = -0.338757
  -- 5 : 9 = 0.08188
  -- 5 : 10 = 0.145283
  -- 6 : 1 = 0.26068
  -- 6 : 2 = -0.0374816
  -- 6 : 3 = -0.332516
  -- 6 : 4 = -0.111851
  -- 6 : 5 = -0.108998
  -- 6 : 6 = 0.251518
  -- 6 : 7 = -0.0805601
  -- 6 : 8 = 0.120855
  -- 6 : 9 = 0.146278
  -- 6 : 10 = 0.185883
  -- 7 : 1 = 0.279118
  -- 7 : 2 = 0.202812
  -- 7 : 3 = -0.135779
  -- 7 : 4 = -0.0396168
  -- 7 : 5 = 0.127525
  -- 7 : 6 = -0.116199
  -- 7 : 7 = 0.186746
  -- 7 : 8 = 0.295512
  -- 7 : 9 = 0.0962348
  -- 7 : 10 = -0.143668
  -- 8 : 1 = -0.0643767
  -- 8 : 2 = 0.179461
  -- 8 : 3 = -0.203051
  -- 8 : 4 = -0.01205
  -- 8 : 5 = 0.00207255
  -- 8 : 6 = -0.270771
  -- 8 : 7 = -0.102587
  -- 8 : 8 = 0.141366
  -- 8 : 9 = 0.419989
  -- 8 : 10 = -0.00470506
  -- 9 : 1 = -0.0574512
  -- 9 : 2 = 0.244355
  -- 9 : 3 = -0.297002
  -- 9 : 4 = -0.0576035
  -- 9 : 5 = -0.064352
  -- 9 : 6 = 0.0297181
  -- 9 : 7 = 0.0586416
  -- 9 : 8 = -0.0598577
  -- 9 : 9 = 0.208949
  -- 9 : 10 = -0.378527
  -- 10 : 1 = -0.0441447
  -- 10 : 2 = 0.0226088
  -- 10 : 3 = -0.382652
  -- 10 : 4 = 0.00503142
  -- 10 : 5 = 0.655683
  -- 10 : 6 = -0.127984
  -- 10 : 7 = 0.0128136
  -- 10 : 8 = -0.0437602
  -- 10 : 9 = -0.324536
  -- 10 : 10 = 0.409662
  Inner Net 2
  -- 1 : 1 = -0.441792
  -- 1 : 2 = -0.266114
  -- 2 : 1 = -0.309475
  -- 2 : 2 = -0.243778
  -- 3 : 1 = -0.0219059
  -- 3 : 2 = -0.048915
  -- 4 : 1 = -0.0782246
  -- 4 : 2 = 0.408033
  -- 5 : 1 = -0.0264799
  -- 5 : 2 = -0.308849
  -- 6 : 1 = 0.364407
  -- 6 : 2 = 0.139794
  -- 7 : 1 = 0.0518916
  -- 7 : 2 = -0.0307513
  -- 8 : 1 = 0.513408
  -- 8 : 2 = -0.134841
  -- 9 : 1 = -0.0366692
  -- 9 : 2 = 0.190741
  -- 10 : 1 = 0.510074
  -- 10 : 2 = 0.228912
Out\Act	False		True
False	0.0571157	0.784864	0.84198
True	0.00190386	0.156116	0.15802
	0.0590195	0.94098
	Accuracy [ (tp + tn) / testSize ]: 0.213232
	Precision [ tp / (tp + fp) ]:      0.165824
	Sensitivity [ tp / (tp + fn) ]:    0.984985
	Specificity [ tn / (tn + fp) ]:    0.0677966
	F-Score [ 2tp / (2tp + fp + fn) ]: 0.283983
Particle (37):: Fit: 5404.97	PB: 5404.97	LB: 5404.97	GB: 5405.25	Conf: 0.381147	Pts: 152232
Particle (20):: Fit: 5393.69	PB: 5393.69	LB: 5393.69	GB: 5405.25	Conf: 0.229846	Pts: 96876
Particle (9):: Fit: 5396.77	PB: 5396.77	LB: 5405.25	GB: 5405.25	Conf: 0.606265	Pts: 62451
Particle (32):: Fit: 5379.21	PB: 5379.21	LB: 5404.97	GB: 5405.25	Conf: 0.379568	Pts: 66471
Particle (41):: Fit: 5390.95	PB: 5390.95	LB: 5404.97	GB: 5405.25	Conf: 0.339831	Pts: 86759
Particle (26):: Fit: 5379.24	PB: 5379.24	LB: 5391.21	GB: 5405.25	Conf: 0.293704	Pts: 51353
Particle (32):: Fit: 5379.42	PB: 5379.42	LB: 5404.97	GB: 5405.25	Conf: 0.699292	Pts: 66308
Particle (45):: Fit: 5379.57	PB: 5379.57	LB: 5396.38	GB: 5405.25	Conf: 0.690499	Pts: 51798
Particle (42):: Fit: 5393.6	PB: 5393.6	LB: 5393.6	GB: 5405.25	Conf: 0.247754	Pts: 56440
Particle (4):: Fit: 5388.64	PB: 5388.64	LB: 5405.25	GB: 5405.25	Conf: 0.702147	Pts: 140744
Particle (5):: Fit: 5390.67	PB: 5390.67	LB: 5405.25	GB: 5405.25	Conf: 0.24852	Pts: 106167
Particle (19):: Fit: 5391.22	PB: 5391.22	LB: 5393.69	GB: 5405.25	Conf: 0.737208	Pts: 150811
Particle (42):: Fit: 5396.93	PB: 5396.93	LB: 5396.93	GB: 5405.25	Conf: 0.595372	Pts: 81235
Particle (45):: Fit: 5391.05	PB: 5391.05	LB: 5396.93	GB: 5405.25	Conf: 0.607697	Pts: 51355
Particle (7):: Fit: 5397.17	PB: 5397.17	LB: 5405.25	GB: 5405.25	Conf: 0.765573	Pts: 160938
Particle (3):: Fit: 5353.76	PB: 5353.76	LB: 5405.25	GB: 5405.25	Conf: 0.108747	Pts: 105046
Particle (27):: Fit: 5393.87	PB: 5393.87	LB: 5393.87	GB: 5405.25	Conf: 0.201442	Pts: 179915
Particle (36):: Fit: 5406.07	PB: 5406.07	LB: 5406.07	GB: 5406.07	Conf: 0.34043	Pts: 289704
Global: 5406.07 - Correct: 76% of 50 tests
Global Best: 
  Inner Net 1
  -- 1 : 1 = 0.832007
  -- 1 : 2 = 0.0763618
  -- 1 : 3 = 0.940181
  -- 1 : 4 = 0.256677
  -- 1 : 5 = -0.0348223
  -- 1 : 6 = -0.157333
  -- 1 : 7 = -0.0180998
  -- 1 : 8 = 0.0203065
  -- 1 : 9 = 0.531759
  -- 1 : 10 = 0.0264856
  -- 2 : 1 = 0.6517
  -- 2 : 2 = 0.911909
  -- 2 : 3 = 0.456215
  -- 2 : 4 = 0.144695
  -- 2 : 5 = -0.0380245
  -- 2 : 6 = 0.339844
  -- 2 : 7 = -0.0530857
  -- 2 : 8 = 0.412667
  -- 2 : 9 = 0.0729055
  -- 2 : 10 = 0.188735
  -- 3 : 1 = -0.0463758
  -- 3 : 2 = 0.437598
  -- 3 : 3 = 0.150153
  -- 3 : 4 = -0.241947
  -- 3 : 5 = 0.308085
  -- 3 : 6 = 0.893567
  -- 3 : 7 = 0.0174711
  -- 3 : 8 = 0.340037
  -- 3 : 9 = 0.189226
  -- 3 : 10 = 0.0242384
  -- 4 : 1 = 0.624643
  -- 4 : 2 = -0.116539
  -- 4 : 3 = 0.165637
  -- 4 : 4 = 0.177649
  -- 4 : 5 = 0.190876
  -- 4 : 6 = -1
  -- 4 : 7 = -0.109467
  -- 4 : 8 = -0.0127677
  -- 4 : 9 = 0.231007
  -- 4 : 10 = 0.150172
  -- 5 : 1 = 0.530313
  -- 5 : 2 = 0.211378
  -- 5 : 3 = -0.355459
  -- 5 : 4 = 0.331361
  -- 5 : 5 = -0.0680916
  -- 5 : 6 = -0.17637
  -- 5 : 7 = 0.130335
  -- 5 : 8 = 0.328625
  -- 5 : 9 = 0
  -- 5 : 10 = 0.674709
  -- 6 : 1 = 0.277204
  -- 6 : 2 = 0.123397
  -- 6 : 3 = 0.308496
  -- 6 : 4 = -0.5
  -- 6 : 5 = 0.615171
  -- 6 : 6 = 0.844554
  -- 6 : 7 = 0.0658515
  -- 6 : 8 = 0.615842
  -- 6 : 9 = 0.0404973
  -- 6 : 10 = 0.385411
  -- 7 : 1 = 0.348374
  -- 7 : 2 = 0.371406
  -- 7 : 3 = -0.0850633
  -- 7 : 4 = 0.272753
  -- 7 : 5 = 0.335582
  -- 7 : 6 = -0.107493
  -- 7 : 7 = -0.30639
  -- 7 : 8 = 0.154177
  -- 7 : 9 = -0.0899676
  -- 7 : 10 = 0.328073
  -- 8 : 1 = 0.284039
  -- 8 : 2 = 0.309526
  -- 8 : 3 = 0.334874
  -- 8 : 4 = 0.55664
  -- 8 : 5 = 0.139722
  -- 8 : 6 = 0.0299065
  -- 8 : 7 = -0.297845
  -- 8 : 8 = 0.493924
  -- 8 : 9 = 0.304641
  -- 8 : 10 = -0.0190309
  -- 9 : 1 = 0.32909
  -- 9 : 2 = -0.0757918
  -- 9 : 3 = 0.0112714
  -- 9 : 4 = -0.207041
  -- 9 : 5 = 0.662227
  -- 9 : 6 = 0.0452727
  -- 9 : 7 = 0.0771478
  -- 9 : 8 = -1
  -- 9 : 9 = 0.182886
  -- 9 : 10 = 0.587336
  -- 10 : 1 = 0.0986743
  -- 10 : 2 = 0.170358
  -- 10 : 3 = -0.0883761
  -- 10 : 4 = 0.317911
  -- 10 : 5 = -0.182773
  -- 10 : 6 = 0.335411
  -- 10 : 7 = 0.062726
  -- 10 : 8 = 0.00309776
  -- 10 : 9 = 0.314994
  -- 10 : 10 = -0.139642
  Inner Net 2
  -- 1 : 1 = -0.703225
  -- 1 : 2 = 0.0906927
  -- 2 : 1 = -0.494079
  -- 2 : 2 = -0.44181
  -- 3 : 1 = -0.198571
  -- 3 : 2 = 0.42633
  -- 4 : 1 = -0.115978
  -- 4 : 2 = -0.174584
  -- 5 : 1 = -0.109913
  -- 5 : 2 = 0.0799872
  -- 6 : 1 = -0.0224945
  -- 6 : 2 = 0.0515786
  -- 7 : 1 = 0.502655
  -- 7 : 2 = -0.100244
  -- 8 : 1 = -0.126193
  -- 8 : 2 = 0.502672
  -- 9 : 1 = -0.194959
  -- 9 : 2 = 0.250572
  -- 10 : 1 = -0.0347872
  -- 10 : 2 = 0.0459387
Out\Act	False		True
False	0.0533079	0.788672	0.84198
True	0.00475964	0.15326	0.15802
	0.0580676	0.941932
	Accuracy [ (tp + tn) / testSize ]: 0.206568
	Precision [ tp / (tp + fp) ]:      0.162626
	Sensitivity [ tp / (tp + fn) ]:    0.966967
	Specificity [ tn / (tn + fp) ]:    0.0632768
	F-Score [ 2tp / (2tp + fp + fn) ]: 0.278547
Particle (24):: Fit: 5407.74	PB: 5407.74	LB: 5407.74	GB: 5407.74	Conf: 0.788335	Pts: 175406
Global: 5407.74 - Correct: 78% of 50 tests
Global Best: 
  Inner Net 1
  -- 1 : 1 = 0.742484
  -- 1 : 2 = 0.0952672
  -- 1 : 3 = -0.232783
  -- 1 : 4 = 0.139089
  -- 1 : 5 = -0.0992394
  -- 1 : 6 = 0.153476
  -- 1 : 7 = -0.063019
  -- 1 : 8 = 0.141357
  -- 1 : 9 = 0.30316
  -- 1 : 10 = 0.000125898
  -- 2 : 1 = 0.101405
  -- 2 : 2 = 0.014495
  -- 2 : 3 = -0.0557462
  -- 2 : 4 = 0.73518
  -- 2 : 5 = 0.224543
  -- 2 : 6 = -0.197752
  -- 2 : 7 = 0.393737
  -- 2 : 8 = 0.0202245
  -- 2 : 9 = 0.353386
  -- 2 : 10 = -0.115559
  -- 3 : 1 = 0.254973
  -- 3 : 2 = 0.340431
  -- 3 : 3 = 0.307801
  -- 3 : 4 = 0.0516119
  -- 3 : 5 = -0.0328339
  -- 3 : 6 = 0.795662
  -- 3 : 7 = -0.212142
  -- 3 : 8 = -0.273815
  -- 3 : 9 = 0.383851
  -- 3 : 10 = 0.103387
  -- 4 : 1 = 0.188753
  -- 4 : 2 = 0.063724
  -- 4 : 3 = -0.0414496
  -- 4 : 4 = -0.184915
  -- 4 : 5 = 0.371144
  -- 4 : 6 = -0.17472
  -- 4 : 7 = -0.222518
  -- 4 : 8 = 0.159855
  -- 4 : 9 = 0.541682
  -- 4 : 10 = 0.0228225
  -- 5 : 1 = 0.294802
  -- 5 : 2 = -0.223547
  -- 5 : 3 = -0.129908
  -- 5 : 4 = 0.170045
  -- 5 : 5 = -0.0443785
  -- 5 : 6 = 0.0871763
  -- 5 : 7 = 0.115675
  -- 5 : 8 = 0.191991
  -- 5 : 9 = 0.350063
  -- 5 : 10 = -0.159246
  -- 6 : 1 = 0.102116
  -- 6 : 2 = 0.217947
  -- 6 : 3 = -0.104757
  -- 6 : 4 = 0.00283934
  -- 6 : 5 = 0.276382
  -- 6 : 6 = 0.265964
  -- 6 : 7 = 0.382678
  -- 6 : 8 = 0.246294
  -- 6 : 9 = 0.0617437
  -- 6 : 10 = 0.0465628
  -- 7 : 1 = 0.613568
  -- 7 : 2 = 0.298514
  -- 7 : 3 = 0.137643
  -- 7 : 4 = -0.0215412
  -- 7 : 5 = 0.606718
  -- 7 : 6 = -0.00524214
  -- 7 : 7 = -0.235618
  -- 7 : 8 = 0.0604695
  -- 7 : 9 = 0.0382378
  -- 7 : 10 = 0.547095
  -- 8 : 1 = 0.246464
  -- 8 : 2 = 0.0514612
  -- 8 : 3 = 0.0562521
  -- 8 : 4 = 0.145822
  -- 8 : 5 = 0.0443666
  -- 8 : 6 = 0.0980924
  -- 8 : 7 = -0.156545
  -- 8 : 8 = -0.165085
  -- 8 : 9 = 0.02286
  -- 8 : 10 = 0.135826
  -- 9 : 1 = 0.244074
  -- 9 : 2 = -0.0949054
  -- 9 : 3 = 0.0198937
  -- 9 : 4 = 0.152138
  -- 9 : 5 = 0.560102
  -- 9 : 6 = 0.230942
  -- 9 : 7 = -0.0829093
  -- 9 : 8 = -0.630068
  -- 9 : 9 = 0.367308
  -- 9 : 10 = -0.104173
  -- 10 : 1 = -0.0510767
  -- 10 : 2 = -0.287129
  -- 10 : 3 = -0.371651
  -- 10 : 4 = -0.262296
  -- 10 : 5 = 0.231001
  -- 10 : 6 = -0.326952
  -- 10 : 7 = 0.0134023
  -- 10 : 8 = 0.597694
  -- 10 : 9 = -0.236398
  -- 10 : 10 = 0.227812
  Inner Net 2
  -- 1 : 1 = -0.322678
  -- 1 : 2 = 0.0180045
  -- 2 : 1 = -0.143489
  -- 2 : 2 = 0.0874
  -- 3 : 1 = 0.0165382
  -- 3 : 2 = -0.265679
  -- 4 : 1 = -0.55324
  -- 4 : 2 = 0.13269
  -- 5 : 1 = -0.429797
  -- 5 : 2 = 0.0260009
  -- 6 : 1 = -0.269118
  -- 6 : 2 = 0.0686222
  -- 7 : 1 = -0.290839
  -- 7 : 2 = -0.33918
  -- 8 : 1 = -0.00667166
  -- 8 : 2 = -0.110589
  -- 9 : 1 = 0.220066
  -- 9 : 2 = 0.144617
  -- 10 : 1 = 0.0577165
  -- 10 : 2 = -0.265423
Out\Act	False		True
False	0.065207	0.776773	0.84198
True	0.00618753	0.151832	0.15802
	0.0713946	0.928605
	Accuracy [ (tp + tn) / testSize ]: 0.21704
	Precision [ tp / (tp + fp) ]:      0.163422
	Sensitivity [ tp / (tp + fn) ]:    0.957958
	Specificity [ tn / (tn + fp) ]:    0.0774011
	F-Score [ 2tp / (2tp + fp + fn) ]: 0.279335
Particle (47):: Fit: 5391.24	PB: 5391.24	LB: 5396.38	GB: 5407.74	Conf: 0.66862	Pts: 84725
Particle (47):: Fit: 5396.67	PB: 5396.67	LB: 5396.67	GB: 5407.74	Conf: 0.627866	Pts: 104803
Particle (18):: Fit: 5376.89	PB: 5376.89	LB: 5393.69	GB: 5407.74	Conf: 0.913565	Pts: 79873
Particle (29):: Fit: 5396.45	PB: 5396.45	LB: 5397.13	GB: 5407.74	Conf: 0.542284	Pts: 164889
Particle (39):: Fit: 5385.4	PB: 5385.4	LB: 5406.07	GB: 5407.74	Conf: 0.913901	Pts: 134701
Particle (14):: Fit: 5379.43	PB: 5379.43	LB: 5405.24	GB: 5407.74	Conf: 0.918267	Pts: 109536
Particle (42):: Fit: 5396.94	PB: 5396.94	LB: 5396.94	GB: 5407.74	Conf: 0.645261	Pts: 104864
Particle (2):: Fit: 5390.94	PB: 5390.94	LB: 5405.25	GB: 5407.74	Conf: 0.316772	Pts: 104546
Particle (22):: Fit: 5373.84	PB: 5373.84	LB: 5407.74	GB: 5407.74	Conf: 0.283912	Pts: 49891
Particle (1):: Fit: 5373.39	PB: 5373.39	LB: 5405.25	GB: 5407.74	Conf: 0.492936	Pts: 103939
Particle (18):: Fit: 5376.96	PB: 5376.96	LB: 5393.69	GB: 5407.74	Conf: 0.572388	Pts: 79220
Particle (3):: Fit: 5364.81	PB: 5364.81	LB: 5405.25	GB: 5407.74	Conf: 0.112046	Pts: 103962
Particle (46):: Fit: 5389.27	PB: 5389.27	LB: 5396.94	GB: 5407.74	Conf: 0.734561	Pts: 62673
Particle (34):: Fit: 5385.42	PB: 5385.42	LB: 5406.07	GB: 5407.74	Conf: 0.434963	Pts: 142548
Particle (4):: Fit: 5391.31	PB: 5391.31	LB: 5405.25	GB: 5407.74	Conf: 0.900128	Pts: 137244
Particle (1):: Fit: 5377.8	PB: 5377.8	LB: 5405.25	GB: 5407.74	Conf: 0.0399261	Pts: 102157
Particle (18):: Fit: 5379.58	PB: 5379.58	LB: 5393.69	GB: 5407.74	Conf: 0.768918	Pts: 77712
Particle (39):: Fit: 5385.46	PB: 5385.46	LB: 5406.07	GB: 5407.74	Conf: 0.882664	Pts: 132422
Particle (23):: Fit: 5390.98	PB: 5390.98	LB: 5407.74	GB: 5407.74	Conf: 0.938466	Pts: 82148
Global Best: 
  Inner Net 1
  -- 1 : 1 = 0.742484
  -- 1 : 2 = 0.0952672
  -- 1 : 3 = -0.232783
  -- 1 : 4 = 0.139089
  -- 1 : 5 = -0.0992394
  -- 1 : 6 = 0.153476
  -- 1 : 7 = -0.063019
  -- 1 : 8 = 0.141357
  -- 1 : 9 = 0.30316
  -- 1 : 10 = 0.000125898
  -- 2 : 1 = 0.101405
  -- 2 : 2 = 0.014495
  -- 2 : 3 = -0.0557462
  -- 2 : 4 = 0.73518
  -- 2 : 5 = 0.224543
  -- 2 : 6 = -0.197752
  -- 2 : 7 = 0.393737
  -- 2 : 8 = 0.0202245
  -- 2 : 9 = 0.353386
  -- 2 : 10 = -0.115559
  -- 3 : 1 = 0.254973
  -- 3 : 2 = 0.340431
  -- 3 : 3 = 0.307801
  -- 3 : 4 = 0.0516119
  -- 3 : 5 = -0.0328339
  -- 3 : 6 = 0.795662
  -- 3 : 7 = -0.212142
  -- 3 : 8 = -0.273815
  -- 3 : 9 = 0.383851
  -- 3 : 10 = 0.103387
  -- 4 : 1 = 0.188753
  -- 4 : 2 = 0.063724
  -- 4 : 3 = -0.0414496
  -- 4 : 4 = -0.184915
  -- 4 : 5 = 0.371144
  -- 4 : 6 = -0.17472
  -- 4 : 7 = -0.222518
  -- 4 : 8 = 0.159855
  -- 4 : 9 = 0.541682
  -- 4 : 10 = 0.0228225
  -- 5 : 1 = 0.294802
  -- 5 : 2 = -0.223547
  -- 5 : 3 = -0.129908
  -- 5 : 4 = 0.170045
  -- 5 : 5 = -0.0443785
  -- 5 : 6 = 0.0871763
  -- 5 : 7 = 0.115675
  -- 5 : 8 = 0.191991
  -- 5 : 9 = 0.350063
  -- 5 : 10 = -0.159246
  -- 6 : 1 = 0.102116
  -- 6 : 2 = 0.217947
  -- 6 : 3 = -0.104757
  -- 6 : 4 = 0.00283934
  -- 6 : 5 = 0.276382
  -- 6 : 6 = 0.265964
  -- 6 : 7 = 0.382678
  -- 6 : 8 = 0.246294
  -- 6 : 9 = 0.0617437
  -- 6 : 10 = 0.0465628
  -- 7 : 1 = 0.613568
  -- 7 : 2 = 0.298514
  -- 7 : 3 = 0.137643
  -- 7 : 4 = -0.0215412
  -- 7 : 5 = 0.606718
  -- 7 : 6 = -0.00524214
  -- 7 : 7 = -0.235618
  -- 7 : 8 = 0.0604695
  -- 7 : 9 = 0.0382378
  -- 7 : 10 = 0.547095
  -- 8 : 1 = 0.246464
  -- 8 : 2 = 0.0514612
  -- 8 : 3 = 0.0562521
  -- 8 : 4 = 0.145822
  -- 8 : 5 = 0.0443666
  -- 8 : 6 = 0.0980924
  -- 8 : 7 = -0.156545
  -- 8 : 8 = -0.165085
  -- 8 : 9 = 0.02286
  -- 8 : 10 = 0.135826
  -- 9 : 1 = 0.244074
  -- 9 : 2 = -0.0949054
  -- 9 : 3 = 0.0198937
  -- 9 : 4 = 0.152138
  -- 9 : 5 = 0.560102
  -- 9 : 6 = 0.230942
  -- 9 : 7 = -0.0829093
  -- 9 : 8 = -0.630068
  -- 9 : 9 = 0.367308
  -- 9 : 10 = -0.104173
  -- 10 : 1 = -0.0510767
  -- 10 : 2 = -0.287129
  -- 10 : 3 = -0.371651
  -- 10 : 4 = -0.262296
  -- 10 : 5 = 0.231001
  -- 10 : 6 = -0.326952
  -- 10 : 7 = 0.0134023
  -- 10 : 8 = 0.597694
  -- 10 : 9 = -0.236398
  -- 10 : 10 = 0.227812
  Inner Net 2
  -- 1 : 1 = -0.322678
  -- 1 : 2 = 0.0180045
  -- 2 : 1 = -0.143489
  -- 2 : 2 = 0.0874
  -- 3 : 1 = 0.0165382
  -- 3 : 2 = -0.265679
  -- 4 : 1 = -0.55324
  -- 4 : 2 = 0.13269
  -- 5 : 1 = -0.429797
  -- 5 : 2 = 0.0260009
  -- 6 : 1 = -0.269118
  -- 6 : 2 = 0.0686222
  -- 7 : 1 = -0.290839
  -- 7 : 2 = -0.33918
  -- 8 : 1 = -0.00667166
  -- 8 : 2 = -0.110589
  -- 9 : 1 = 0.220066
  -- 9 : 2 = 0.144617
  -- 10 : 1 = 0.0577165
  -- 10 : 2 = -0.265423
Out\Act	False		True
False	0.065207	0.776773	0.84198
True	0.00618753	0.151832	0.15802
	0.0713946	0.928605
	Accuracy [ (tp + tn) / testSize ]: 0.21704
	Precision [ tp / (tp + fp) ]:      0.163422
	Sensitivity [ tp / (tp + fn) ]:    0.957958
	Specificity [ tn / (tn + fp) ]:    0.0774011
	F-Score [ 2tp / (2tp + fp + fn) ]: 0.279335
