
Date / Time: Fri Mar 31 05:00:43 2017

   ****************************************
   * PSO Neural Net (Gaussian Activation) *
   *       by William Boler, BSCE         *
   *     Research Assistant, IUPUI        *
   *                                      *
   *  Professor: Dr. Lauren Christopher   *
   *     Created: March 13, 2017          *
   ****************************************


Inputs: 6
Inner Nets: 1
 - 5
Tests per train(min): 500
Particles: 50
Neighbors: 10
Minimum Particle Iterations: 1000
Particle (0):: Fit: 9.73941e-005	PB: 9.73941e-005	LB: 9.73941e-005	GB: 9.73941e-005	Cor: 0.512	Pts: 110099
Particle (1):: Fit: 0.000105574	PB: 0.000105574	LB: 0.000105574	GB: 0.000105574	Cor: 0.488	Pts: 110099
Particle (2):: Fit: 9.94242e-005	PB: 9.94242e-005	LB: 0.000105574	GB: 0.000105574	Cor: 0.488	Pts: 55099
Particle (3):: Fit: 0.000103602	PB: 0.000103602	LB: 0.000105574	GB: 0.000105574	Cor: 0.488	Pts: 60099
Particle (4):: Fit: 0.000107624	PB: 0.000107624	LB: 0.000107624	GB: 0.000107624	Cor: 0.478	Pts: 110099
Particle (5):: Fit: 0.000102294	PB: 0.000102294	LB: 0.000107624	GB: 0.000107624	Cor: 0.478	Pts: 55099
Particle (6):: Fit: 0.000105164	PB: 0.000105164	LB: 0.000107624	GB: 0.000107624	Cor: 0.478	Pts: 60099
Particle (7):: Fit: 0.000101479	PB: 0.000101479	LB: 0.000107624	GB: 0.000107624	Cor: 0.478	Pts: 55099
Particle (8):: Fit: 0.000103527	PB: 0.000103527	LB: 0.000107624	GB: 0.000107624	Cor: 0.478	Pts: 60099
Particle (9):: Fit: 0.000101064	PB: 0.000101064	LB: 0.000105164	GB: 0.000107624	Cor: 0.478	Pts: 55099
Particle (10):: Fit: 0.0010598	PB: 0.0010598	LB: 0.0010598	GB: 0.0010598	Cor: 0.522	Pts: 110099
Particle (11):: Fit: 0.000102294	PB: 0.000102294	LB: 0.0010598	GB: 0.0010598	Cor: 0.522	Pts: 55099
Particle (12):: Fit: 0.000105575	PB: 0.000105575	LB: 0.0010598	GB: 0.0010598	Cor: 0.522	Pts: 60099
Particle (13):: Fit: 9.57339e-005	PB: 9.57339e-005	LB: 0.0010598	GB: 0.0010598	Cor: 0.522	Pts: 55099
Particle (14):: Fit: 9.27778e-005	PB: 9.27778e-005	LB: 0.0010598	GB: 0.0010598	Cor: 0.522	Pts: 55099
Particle (15):: Fit: 9.9424e-005	PB: 9.9424e-005	LB: 0.000105575	GB: 0.0010598	Cor: 0.522	Pts: 65099
Particle (16):: Fit: 0.000100654	PB: 0.000100654	LB: 0.000105575	GB: 0.0010598	Cor: 0.522	Pts: 70099
Particle (17):: Fit: 0.00010095	PB: 0.00010095	LB: 0.00010095	GB: 0.0010598	Cor: 0.522	Pts: 75099
Particle (18):: Fit: 8.06512e-005	PB: 8.06512e-005	LB: 0.00010095	GB: 0.0010598	Cor: 0.522	Pts: 55099
Particle (19):: Fit: 0.000104798	PB: 0.000104798	LB: 0.000104798	GB: 0.0010598	Cor: 0.522	Pts: 85099
Particle (20):: Fit: 0.00108265	PB: 0.00108265	LB: 0.00108265	GB: 0.00108265	Cor: 0.502	Pts: 110099
Particle (21):: Fit: 0.000105574	PB: 0.000105574	LB: 0.00108265	GB: 0.00108265	Cor: 0.502	Pts: 55099
Particle (22):: Fit: 0.000103934	PB: 0.000103934	LB: 0.00108265	GB: 0.00108265	Cor: 0.502	Pts: 55099
Particle (23):: Fit: 9.90203e-005	PB: 9.90203e-005	LB: 0.00108265	GB: 0.00108265	Cor: 0.502	Pts: 55099
Particle (24):: Fit: 0.000105988	PB: 0.000105988	LB: 0.00108265	GB: 0.00108265	Cor: 0.502	Pts: 70099
Particle (25):: Fit: 7.69458e-005	PB: 7.69458e-005	LB: 0.000105988	GB: 0.00108265	Cor: 0.502	Pts: 55099
Particle (26):: Fit: 9.86194e-005	PB: 9.86194e-005	LB: 0.000105988	GB: 0.00108265	Cor: 0.502	Pts: 60099
Particle (27):: Fit: 9.53247e-005	PB: 9.53247e-005	LB: 0.000105988	GB: 0.00108265	Cor: 0.502	Pts: 55099
Particle (28):: Fit: 0.000109266	PB: 0.000109266	LB: 0.000109266	GB: 0.00108265	Cor: 0.502	Pts: 90099
Particle (29):: Fit: 9.65547e-005	PB: 9.65547e-005	LB: 0.000109266	GB: 0.00108265	Cor: 0.502	Pts: 55099
Particle (30):: Fit: 0.000884372	PB: 0.000884372	LB: 0.000884372	GB: 0.00108265	Cor: 0.502	Pts: 100099
Particle (31):: Fit: 0.000105984	PB: 0.000105984	LB: 0.000884372	GB: 0.00108265	Cor: 0.502	Pts: 55099
Particle (32):: Fit: 0.000105984	PB: 0.000105984	LB: 0.000884372	GB: 0.00108265	Cor: 0.502	Pts: 55099
Particle (33):: Fit: 0.000106406	PB: 0.000106406	LB: 0.000884372	GB: 0.00108265	Cor: 0.502	Pts: 65099
Particle (34):: Fit: 0.000104553	PB: 0.000104553	LB: 0.000884372	GB: 0.00108265	Cor: 0.502	Pts: 55099
Particle (35):: Fit: 0.000103524	PB: 0.000103524	LB: 0.000106406	GB: 0.00108265	Cor: 0.502	Pts: 55099
Particle (36):: Fit: 0.000101477	PB: 0.000101477	LB: 0.000106406	GB: 0.00108265	Cor: 0.502	Pts: 55099
Particle (37):: Fit: 0.000105985	PB: 0.000105985	LB: 0.000106406	GB: 0.00108265	Cor: 0.502	Pts: 70099
Particle (38):: Fit: 8.23314e-005	PB: 8.23314e-005	LB: 0.000105985	GB: 0.00108265	Cor: 0.502	Pts: 55099
Particle (39):: Fit: 9.9014e-005	PB: 9.9014e-005	LB: 0.000105985	GB: 0.00108265	Cor: 0.502	Pts: 60099
Particle (40):: Fit: 0.000103114	PB: 0.000103114	LB: 0.000105985	GB: 0.00108265	Cor: 0.502	Pts: 65099
Particle (41):: Fit: 0.000102718	PB: 0.000102718	LB: 0.000105985	GB: 0.00108265	Cor: 0.502	Pts: 55099
Particle (42):: Fit: 9.6145e-005	PB: 9.6145e-005	LB: 0.000103114	GB: 0.00108265	Cor: 0.502	Pts: 50099
Particle (43):: Fit: 0.000103114	PB: 0.000103114	LB: 0.000103114	GB: 0.00108265	Cor: 0.502	Pts: 55099
Particle (44):: Fit: 0.000100814	PB: 0.000100814	LB: 0.000103114	GB: 0.00108265	Cor: 0.502	Pts: 50099
Particle (45):: Fit: 0.000100252	PB: 0.000100252	LB: 0.000103114	GB: 0.00108265	Cor: 0.502	Pts: 50099
Particle (46):: Fit: 8.63351e-005	PB: 8.63351e-005	LB: 0.000105574	GB: 0.00108265	Cor: 0.502	Pts: 50099
Particle (47):: Fit: 0.00100329	PB: 0.00100329	LB: 0.00100329	GB: 0.00108265	Cor: 0.502	Pts: 100099
Particle (48):: Fit: 0.000104754	PB: 0.000104754	LB: 0.00100329	GB: 0.00108265	Cor: 0.502	Pts: 50099
Particle (49):: Fit: 0.000116645	PB: 0.000116645	LB: 0.00100329	GB: 0.00108265	Cor: 0.502	Pts: 60099
Global: 0.00108265 - Correct: 50.2% of 500 tests
Global Best: 
  Inner Net 1
  -- 1 : 1 = 0.3111
  -- 1 : 2 = 0.0787
  -- 1 : 3 = 0.3348
  -- 1 : 4 = 0.2774
  -- 1 : 5 = 0.5168
  -- 2 : 1 = 0.2334
  -- 2 : 2 = 0.9087
  -- 2 : 3 = 0.2736
  -- 2 : 4 = 0.2
  -- 2 : 5 = 0.9682
  -- 3 : 1 = 0.0583
  -- 3 : 2 = 0.7479
  -- 3 : 3 = 0.1308
  -- 3 : 4 = 0.8254
  -- 3 : 5 = 0.6385
  -- 4 : 1 = 0.419
  -- 4 : 2 = 0.0312
  -- 4 : 3 = 0.5801
  -- 4 : 4 = 0.5688
  -- 4 : 5 = 0.45
  -- 5 : 1 = 0.4727
  -- 5 : 2 = 0.4822
  -- 5 : 3 = 0.9234
  -- 5 : 4 = 0.9542
  -- 5 : 5 = 0.4068
  -- 6 : 1 = 0.8265
  -- 6 : 2 = 0.0996
  -- 6 : 3 = 0.0244
  -- 6 : 4 = 0.848
  -- 6 : 5 = 0.7752
  Inner Net 2
  -- 1 : 1 = -0.14601
  -- 1 : 2 = -0.0871
  -- 2 : 1 = -0.342
  -- 2 : 2 = -0.0780113
  -- 3 : 1 = -0.257322
  -- 3 : 2 = -0.296372
  -- 4 : 1 = -0.1918
  -- 4 : 2 = -0.0513157
  -- 5 : 1 = -0.0444949
  -- 5 : 2 = 0.0082
Out\Act	False		True
False	0.84198	0	0.84198
True	0.15802	0	0.15802
	1	0
	Accuracy [ (tp + tn) / testSize ]: 0.84198
	Precision [ tp / (tp + fp) ]:      0
	Sensitivity [ tp / (tp + fn) ]:    0
	Specificity [ tn / (tn + fp) ]:    0.999435
	F-Score [ 2tp / (2tp + fp + fn) ]: 0
Particle (2):: Fit: 0.000100249	PB: 0.000100249	LB: 0.000116645	GB: 0.00108265	Cor: 0	Pts: 55198
Particle (6):: Fit: 0.000107214	PB: 0.000107214	LB: 0.0010598	GB: 0.00108265	Cor: 0	Pts: 60198
Particle (7):: Fit: 0.000104344	PB: 0.000104344	LB: 0.0010598	GB: 0.00108265	Cor: 0	Pts: 55198
Particle (8):: Fit: 0.000103536	PB: 0.000103536	LB: 0.0010598	GB: 0.00108265	Cor: 0	Pts: 60198
Particle (9):: Fit: 0.0010481	PB: 0.0010481	LB: 0.0010598	GB: 0.00108265	Cor: 0	Pts: 60198
Particle (11):: Fit: 0.00010256	PB: 0.00010256	LB: 0.0010598	GB: 0.00108265	Cor: 0	Pts: 55198
Particle (13):: Fit: 0.000104754	PB: 0.000104754	LB: 0.0010598	GB: 0.00108265	Cor: 0	Pts: 55198
Particle (14):: Fit: 0.000103939	PB: 0.000103939	LB: 0.0010598	GB: 0.00108265	Cor: 0	Pts: 55198
Particle (15):: Fit: 0.000102704	PB: 0.000102704	LB: 0.00108265	GB: 0.00108265	Cor: 0	Pts: 65198
Particle (17):: Fit: 0.000103761	PB: 0.000103761	LB: 0.00108265	GB: 0.00108265	Cor: 0	Pts: 75198
Particle (18):: Fit: 0.00102397	PB: 0.00102397	LB: 0.00108265	GB: 0.00108265	Cor: 0	Pts: 55198
Particle (23):: Fit: 0.000101755	PB: 0.000101755	LB: 0.00108265	GB: 0.00108265	Cor: 0	Pts: 55198
Particle (24):: Fit: 0.117526	PB: 0.117526	LB: 0.117526	GB: 0.117526	Cor: 0.458	Pts: 130198
Particle (25):: Fit: 8.5926e-005	PB: 8.5926e-005	LB: 0.117526	GB: 0.117526	Cor: 0.458	Pts: 55197
Particle (26):: Fit: 0.000105583	PB: 0.000105583	LB: 0.117526	GB: 0.117526	Cor: 0.458	Pts: 60198
Particle (27):: Fit: 0.000110139	PB: 0.000110139	LB: 0.117526	GB: 0.117526	Cor: 0.458	Pts: 55198
Particle (28):: Fit: 0.113468	PB: 0.113468	LB: 0.117526	GB: 0.117526	Cor: 0.458	Pts: 110198
Particle (29):: Fit: 0.00105234	PB: 0.00105234	LB: 0.113468	GB: 0.117526	Cor: 0.458	Pts: 60198
Particle (30):: Fit: 0.00107295	PB: 0.00107295	LB: 0.113468	GB: 0.117526	Cor: 0.458	Pts: 110198
Particle (31):: Fit: 0.000106804	PB: 0.000106804	LB: 0.113468	GB: 0.117526	Cor: 0.458	Pts: 60198
Particle (34):: Fit: 0.000105361	PB: 0.000105361	LB: 0.00107295	GB: 0.117526	Cor: 0.458	Pts: 55198
Particle (38):: Fit: 0.000103531	PB: 0.000103531	LB: 0.000105985	GB: 0.117526	Cor: 0.458	Pts: 55198
Particle (39):: Fit: 0.000109264	PB: 0.000109264	LB: 0.000109264	GB: 0.117526	Cor: 0.458	Pts: 95198
Particle (40):: Fit: 0.000106394	PB: 0.000106394	LB: 0.000109264	GB: 0.117526	Cor: 0.458	Pts: 65198
Particle (41):: Fit: 0.000103524	PB: 0.000103524	LB: 0.000109264	GB: 0.117526	Cor: 0.458	Pts: 55198
Particle (42):: Fit: 0.00010148	PB: 0.00010148	LB: 0.00100329	GB: 0.117526	Cor: 0.458	Pts: 50198
Particle (43):: Fit: 0.000119104	PB: 0.000119104	LB: 0.00100329	GB: 0.117526	Cor: 0.458	Pts: 75198
Particle (45):: Fit: 0.000106811	PB: 0.000106811	LB: 0.00100329	GB: 0.117526	Cor: 0.458	Pts: 50198
Particle (46):: Fit: 9.16704e-005	PB: 9.16704e-005	LB: 0.00100329	GB: 0.117526	Cor: 0.458	Pts: 50198
Particle (49):: Fit: 0.00104806	PB: 0.00104806	LB: 0.00104806	GB: 0.117526	Cor: 0.458	Pts: 110198
Global: 0.117526 - Correct: 45.8% of 500 tests
Global Best: 
  Inner Net 1
  -- 1 : 1 = 0.8748
  -- 1 : 2 = 0.7415
  -- 1 : 3 = 0.0832
  -- 1 : 4 = 0.5337
  -- 1 : 5 = 0.9205
  -- 2 : 1 = 0.7962
  -- 2 : 2 = 0.3467
  -- 2 : 3 = 0.3433
  -- 2 : 4 = 0.6747
  -- 2 : 5 = 0.7733
  -- 3 : 1 = 0.8391
  -- 3 : 2 = 0.891
  -- 3 : 3 = 0.114
  -- 3 : 4 = 0.0145
  -- 3 : 5 = 0.6345
  -- 4 : 1 = 0.0357
  -- 4 : 2 = 0.0103
  -- 4 : 3 = 0.6895
  -- 4 : 4 = 0.6222
  -- 4 : 5 = 0.3656
  -- 5 : 1 = 0.5145
  -- 5 : 2 = 0.8989
  -- 5 : 3 = 0.3263
  -- 5 : 4 = 0.5501
  -- 5 : 5 = 0.6565
  -- 6 : 1 = 0.9686
  -- 6 : 2 = 0.7123
  -- 6 : 3 = 0.4813
  -- 6 : 4 = 0.2465
  -- 6 : 5 = 0.987
  Inner Net 2
  -- 1 : 1 = -0.441852
  -- 1 : 2 = 0.00998222
  -- 2 : 1 = -0.62657
  -- 2 : 2 = -0.0917907
  -- 3 : 1 = -0.5768
  -- 3 : 2 = -0.391319
  -- 4 : 1 = -0.3598
  -- 4 : 2 = -0.2595
  -- 5 : 1 = -0.301463
  -- 5 : 2 = -0.2288
Out\Act	False		True
False	0.84198	0	0.84198
True	0.15802	0	0.15802
	1	0
	Accuracy [ (tp + tn) / testSize ]: 0.84198
	Precision [ tp / (tp + fp) ]:      0
	Sensitivity [ tp / (tp + fn) ]:    0
	Specificity [ tn / (tn + fp) ]:    0.999435
	F-Score [ 2tp / (2tp + fp + fn) ]: 0
Particle (0):: Fit: 0.000105164	PB: 0.000105164	LB: 0.00104806	GB: 0.117526	Cor: 0	Pts: 110197
Particle (1):: Fit: 0.000108034	PB: 0.000108034	LB: 0.00104806	GB: 0.117526	Cor: 0	Pts: 110197
Particle (4):: Fit: 0.000108034	PB: 0.000108034	LB: 0.0010481	GB: 0.117526	Cor: 0	Pts: 110197
Particle (7):: Fit: 0.000107236	PB: 0.000107236	LB: 0.0010598	GB: 0.117526	Cor: 0	Pts: 55297
Particle (8):: Fit: 0.000111314	PB: 0.000111314	LB: 0.0010598	GB: 0.117526	Cor: 0	Pts: 60297
Particle (9):: Fit: 0.00106446	PB: 0.00106446	LB: 0.00106446	GB: 0.117526	Cor: 0	Pts: 110297
Particle (11):: Fit: 0.000106555	PB: 0.000106555	LB: 0.00106446	GB: 0.117526	Cor: 0	Pts: 55297
Particle (13):: Fit: 0.000107624	PB: 0.000107624	LB: 0.00106446	GB: 0.117526	Cor: 0	Pts: 55297
Particle (15):: Fit: 0.000109264	PB: 0.000109264	LB: 0.00108265	GB: 0.117526	Cor: 0	Pts: 65297
Particle (24):: Fit: 0.119893	PB: 0.119893	LB: 0.119893	GB: 0.119893	Cor: 0.48	Pts: 190297
Particle (25):: Fit: 9.29445e-005	PB: 9.29445e-005	LB: 0.119893	GB: 0.119893	Cor: 0.48	Pts: 55296
Particle (28):: Fit: 0.116248	PB: 0.116248	LB: 0.119893	GB: 0.119893	Cor: 0.48	Pts: 130297
Particle (31):: Fit: 0.00108113	PB: 0.00108113	LB: 0.116248	GB: 0.119893	Cor: 0.48	Pts: 75297
Particle (36):: Fit: 0.00010376	PB: 0.00010376	LB: 0.000109264	GB: 0.119893	Cor: 0.48	Pts: 55197
Particle (42):: Fit: 0.00109574	PB: 0.00109574	LB: 0.00109574	GB: 0.119893	Cor: 0.48	Pts: 100297
Particle (45):: Fit: 0.00101405	PB: 0.00101405	LB: 0.00109574	GB: 0.119893	Cor: 0.48	Pts: 50297
Particle (46):: Fit: 0.000101499	PB: 0.000101499	LB: 0.00109574	GB: 0.119893	Cor: 0.48	Pts: 50297
Particle (49):: Fit: 0.0010972	PB: 0.0010972	LB: 0.0010972	GB: 0.119893	Cor: 0.48	Pts: 160297
Global: 0.119893 - Correct: 48% of 500 tests
Global Best: 
  Inner Net 1
  -- 1 : 1 = 0.8748
  -- 1 : 2 = 0.7415
  -- 1 : 3 = 0.0832
  -- 1 : 4 = 0.5337
  -- 1 : 5 = 0.9205
  -- 2 : 1 = 0.7962
  -- 2 : 2 = 0.3467
  -- 2 : 3 = 0.3433
  -- 2 : 4 = 0.6747
  -- 2 : 5 = 0.7733
  -- 3 : 1 = 0.8391
  -- 3 : 2 = 0.891
  -- 3 : 3 = 0.114
  -- 3 : 4 = 0.0145
  -- 3 : 5 = 0.6345
  -- 4 : 1 = 0.0357
  -- 4 : 2 = 0.0103
  -- 4 : 3 = 0.6895
  -- 4 : 4 = 0.6222
  -- 4 : 5 = 0.3656
  -- 5 : 1 = 0.5145
  -- 5 : 2 = 0.8989
  -- 5 : 3 = 0.3263
  -- 5 : 4 = 0.5501
  -- 5 : 5 = 0.6565
  -- 6 : 1 = 0.9686
  -- 6 : 2 = 0.7123
  -- 6 : 3 = 0.4813
  -- 6 : 4 = 0.2465
  -- 6 : 5 = 0.987
  Inner Net 2
  -- 1 : 1 = -0.642726
  -- 1 : 2 = 0.201532
  -- 2 : 1 = -0.835122
  -- 2 : 2 = 0.046585
  -- 3 : 1 = -0.98443
  -- 3 : 2 = -0.559603
  -- 4 : 1 = -0.69135
  -- 4 : 2 = -0.203153
  -- 5 : 1 = -0.280091
  -- 5 : 2 = -0.0375696
Out\Act	False		True
False	0.84198	0	0.84198
True	0.15802	0	0.15802
	1	0
	Accuracy [ (tp + tn) / testSize ]: 0.84198
	Precision [ tp / (tp + fp) ]:      0
	Sensitivity [ tp / (tp + fn) ]:    0
	Specificity [ tn / (tn + fp) ]:    0.999435
	F-Score [ 2tp / (2tp + fp + fn) ]: 0
Particle (3):: Fit: 0.000108035	PB: 0.000108035	LB: 0.0010972	GB: 0.119893	Cor: 0	Pts: 60196
Particle (10):: Fit: 0.00107226	PB: 0.00107226	LB: 0.00107226	GB: 0.119893	Cor: 0	Pts: 160196
Particle (12):: Fit: 0.000107625	PB: 0.000107625	LB: 0.00107226	GB: 0.119893	Cor: 0	Pts: 60196
Particle (16):: Fit: 0.000106804	PB: 0.000106804	LB: 0.00108265	GB: 0.119893	Cor: 0	Pts: 70196
Particle (17):: Fit: 0.00010496	PB: 0.00010496	LB: 0.00108265	GB: 0.119893	Cor: 0	Pts: 75296
Particle (27):: Fit: 0.000989584	PB: 0.000989584	LB: 0.119893	GB: 0.119893	Cor: 0	Pts: 55296
Particle (37):: Fit: 0.00101126	PB: 0.00101126	LB: 0.00109574	GB: 0.119893	Cor: 0	Pts: 75196
Particle (38):: Fit: 0.00102786	PB: 0.00102786	LB: 0.00109574	GB: 0.119893	Cor: 0	Pts: 60296
Particle (41):: Fit: 0.000105167	PB: 0.000105167	LB: 0.00109574	GB: 0.119893	Cor: 0	Pts: 55296
Particle (42):: Fit: 0.00112028	PB: 0.00112028	LB: 0.00112028	GB: 0.119893	Cor: 0	Pts: 150396
Particle (44):: Fit: 0.00106119	PB: 0.00106119	LB: 0.00112028	GB: 0.119893	Cor: 0	Pts: 50196
Particle (2):: Fit: 0.00010887	PB: 0.00010887	LB: 0.0010972	GB: 0.119893	Cor: 0	Pts: 55295
Particle (5):: Fit: 0.000107625	PB: 0.000107625	LB: 0.00107226	GB: 0.119893	Cor: 0	Pts: 55195
Particle (16):: Fit: 0.000108854	PB: 0.000108854	LB: 0.00108265	GB: 0.119893	Cor: 0	Pts: 70295
Particle (27):: Fit: 0.00110084	PB: 0.00110084	LB: 0.119893	GB: 0.119893	Cor: 0	Pts: 55395
Particle (35):: Fit: 0.000112547	PB: 0.000112547	LB: 0.00108113	GB: 0.119893	Cor: 0	Pts: 55195
Particle (40):: Fit: 0.000108034	PB: 0.000108034	LB: 0.00112028	GB: 0.119893	Cor: 0	Pts: 65295
Particle (41):: Fit: 0.00010599	PB: 0.00010599	LB: 0.00112028	GB: 0.119893	Cor: 0	Pts: 55395
Particle (6):: Fit: 0.000108034	PB: 0.000108034	LB: 0.00107226	GB: 0.119893	Cor: 0	Pts: 60294
Particle (21):: Fit: 0.000106394	PB: 0.000106394	LB: 0.119893	GB: 0.119893	Cor: 0	Pts: 55194
Particle (23):: Fit: 0.000103941	PB: 0.000103941	LB: 0.119893	GB: 0.119893	Cor: 0	Pts: 55294
Particle (28):: Fit: 0.120647	PB: 0.120647	LB: 0.120647	GB: 0.120647	Cor: 0.516	Pts: 190394
Particle (44):: Fit: 0.00110521	PB: 0.00110521	LB: 0.00112028	GB: 0.120647	Cor: 0.516	Pts: 60294
Global: 0.120647 - Correct: 51.6% of 500 tests
Global Best: 
  Inner Net 1
  -- 1 : 1 = 0.0007
  -- 1 : 2 = 0.3816
  -- 1 : 3 = 0.7381
  -- 1 : 4 = 0.3409
  -- 1 : 5 = 0.1993
  -- 2 : 1 = 0.4888
  -- 2 : 2 = 0.5762
  -- 2 : 3 = 0.8804
  -- 2 : 4 = 0.883
  -- 2 : 5 = 0.5231
  -- 3 : 1 = 0.0098
  -- 3 : 2 = 0.7012
  -- 3 : 3 = 0.6477
  -- 3 : 4 = 0.0656
  -- 3 : 5 = 0.7181
  -- 4 : 1 = 0.7977
  -- 4 : 2 = 0.2672
  -- 4 : 3 = 0.7623
  -- 4 : 4 = 0.5025
  -- 4 : 5 = 0.7573
  -- 5 : 1 = 0.2573
  -- 5 : 2 = 0.5465
  -- 5 : 3 = 0.265
  -- 5 : 4 = 0.3434
  -- 5 : 5 = 0.4979
  -- 6 : 1 = 0.3375
  -- 6 : 2 = 0.7473
  -- 6 : 3 = 0.4713
  -- 6 : 4 = 0.9224
  -- 6 : 5 = 0.5669
  Inner Net 2
  -- 1 : 1 = -0.600992
  -- 1 : 2 = 0.0630582
  -- 2 : 1 = -0.17539
  -- 2 : 2 = 0.175208
  -- 3 : 1 = 0
  -- 3 : 2 = -0.267749
  -- 4 : 1 = -0.69869
  -- 4 : 2 = -0.269303
  -- 5 : 1 = -0.638106
  -- 5 : 2 = -0.353066
Out\Act	False		True
False	0.84198	0	0.84198
True	0.15802	0	0.15802
	1	0
	Accuracy [ (tp + tn) / testSize ]: 0.84198
	Precision [ tp / (tp + fp) ]:      0
	Sensitivity [ tp / (tp + fn) ]:    0
	Specificity [ tn / (tn + fp) ]:    0.999435
	F-Score [ 2tp / (2tp + fp + fn) ]: 0
Particle (26):: Fit: 0.000112148	PB: 0.000112148	LB: 0.120647	GB: 0.120647	Cor: 0	Pts: 60293
Particle (29):: Fit: 0.00115862	PB: 0.00115862	LB: 0.120647	GB: 0.120647	Cor: 0	Pts: 65293
Particle (33):: Fit: 0.000107629	PB: 0.000107629	LB: 0.00115862	GB: 0.120647	Cor: 0	Pts: 65193
Particle (41):: Fit: 0.000109674	PB: 0.000109674	LB: 0.00112028	GB: 0.120647	Cor: 0	Pts: 55493
Particle (6):: Fit: 0.000109674	PB: 0.000109674	LB: 0.00107226	GB: 0.120647	Cor: 0	Pts: 60392
Particle (10):: Fit: 0.00115456	PB: 0.00115456	LB: 0.00115456	GB: 0.120647	Cor: 0	Pts: 210292
Particle (25):: Fit: 0.000105576	PB: 0.000105576	LB: 0.120647	GB: 0.120647	Cor: 0	Pts: 55391
Particle (27):: Fit: 0.00114554	PB: 0.00114554	LB: 0.120647	GB: 0.120647	Cor: 0	Pts: 55492
Particle (32):: Fit: 0.000109674	PB: 0.000109674	LB: 0.120647	GB: 0.120647	Cor: 0	Pts: 55192
Particle (45):: Fit: 0.00110812	PB: 0.00110812	LB: 0.00112028	GB: 0.120647	Cor: 0	Pts: 65392
Particle (48):: Fit: 0.000105984	PB: 0.000105984	LB: 0.00110812	GB: 0.120647	Cor: 0	Pts: 50192
Particle (14):: Fit: 0.00110426	PB: 0.00110426	LB: 0.00115456	GB: 0.120647	Cor: 0	Pts: 75291
Particle (22):: Fit: 0.000106562	PB: 0.000106562	LB: 0.119893	GB: 0.120647	Cor: 0	Pts: 55190
Particle (23):: Fit: 0.000107363	PB: 0.000107363	LB: 0.120647	GB: 0.120647	Cor: 0	Pts: 55391
Particle (28):: Fit: 0.125473	PB: 0.125473	LB: 0.125473	GB: 0.125473	Cor: 0.488	Pts: 250491
Particle (32):: Fit: 0.000110494	PB: 0.000110494	LB: 0.125473	GB: 0.125473	Cor: 0.488	Pts: 55291
Particle (34):: Fit: 0.000105992	PB: 0.000105992	LB: 0.00108113	GB: 0.125473	Cor: 0.488	Pts: 55289
Particle (36):: Fit: 0.00010496	PB: 0.00010496	LB: 0.00102786	GB: 0.125473	Cor: 0.488	Pts: 55291
Particle (45):: Fit: 0.00113208	PB: 0.00113208	LB: 0.00113208	GB: 0.125473	Cor: 0.488	Pts: 115491
Global: 0.125473 - Correct: 48.8% of 500 tests
Global Best: 
  Inner Net 1
  -- 1 : 1 = 0.0007
  -- 1 : 2 = 0.3816
  -- 1 : 3 = 0.7381
  -- 1 : 4 = 0.3409
  -- 1 : 5 = 0.1993
  -- 2 : 1 = 0.4888
  -- 2 : 2 = 0.5762
  -- 2 : 3 = 0.8804
  -- 2 : 4 = 0.883
  -- 2 : 5 = 0.5231
  -- 3 : 1 = 0.0098
  -- 3 : 2 = 0.7012
  -- 3 : 3 = 0.6477
  -- 3 : 4 = 0.0656
  -- 3 : 5 = 0.7181
  -- 4 : 1 = 0.7977
  -- 4 : 2 = 0.2672
  -- 4 : 3 = 0.7623
  -- 4 : 4 = 0.5025
  -- 4 : 5 = 0.7573
  -- 5 : 1 = 0.2573
  -- 5 : 2 = 0.5465
  -- 5 : 3 = 0.265
  -- 5 : 4 = 0.3434
  -- 5 : 5 = 0.4979
  -- 6 : 1 = 0.3375
  -- 6 : 2 = 0.7473
  -- 6 : 3 = 0.4713
  -- 6 : 4 = 0.9224
  -- 6 : 5 = 0.5669
  Inner Net 2
  -- 1 : 1 = -0.626924
  -- 1 : 2 = -0.0787677
  -- 2 : 1 = -0.236115
  -- 2 : 2 = 0.220909
  -- 3 : 1 = -0.247625
  -- 3 : 2 = -0.409609
  -- 4 : 1 = 0
  -- 4 : 2 = -0.431734
  -- 5 : 1 = -0.757419
  -- 5 : 2 = -0.348706
Out\Act	False		True
False	0.84198	0	0.84198
True	0.15802	0	0.15802
	1	0
	Accuracy [ (tp + tn) / testSize ]: 0.84198
	Precision [ tp / (tp + fp) ]:      0
	Sensitivity [ tp / (tp + fn) ]:    0
	Specificity [ tn / (tn + fp) ]:    0.999435
	F-Score [ 2tp / (2tp + fp + fn) ]: 0
Particle (1):: Fit: 0.000113364	PB: 0.000113364	LB: 0.0010972	GB: 0.125473	Cor: 0	Pts: 110290
Particle (4):: Fit: 0.000109264	PB: 0.000109264	LB: 0.00106446	GB: 0.125473	Cor: 0	Pts: 110290
Particle (16):: Fit: 0.000109674	PB: 0.000109674	LB: 0.00110426	GB: 0.125473	Cor: 0	Pts: 70390
Particle (21):: Fit: 0.000110904	PB: 0.000110904	LB: 0.119893	GB: 0.125473	Cor: 0	Pts: 55290
Particle (33):: Fit: 0.000111321	PB: 0.000111321	LB: 0.00115862	GB: 0.125473	Cor: 0	Pts: 65290
Particle (42):: Fit: 0.00114915	PB: 0.00114915	LB: 0.00114915	GB: 0.125473	Cor: 0	Pts: 200490
Particle (33):: Fit: 0.00121428	PB: 0.00121428	LB: 0.00121428	GB: 0.125473	Cor: 0	Pts: 90389
Particle (34):: Fit: 0.000115373	PB: 0.000115373	LB: 0.00121428	GB: 0.125473	Cor: 0	Pts: 55387
Particle (42):: Fit: 0.00116185	PB: 0.00116185	LB: 0.00116185	GB: 0.125473	Cor: 0	Pts: 245589
Particle (5):: Fit: 0.000941734	PB: 0.000941734	LB: 0.00115456	GB: 0.125473	Cor: 0	Pts: 55288
Particle (7):: Fit: 0.00113866	PB: 0.00113866	LB: 0.00115456	GB: 0.125473	Cor: 0	Pts: 70388
Particle (9):: Fit: 0.00107285	PB: 0.00107285	LB: 0.00115456	GB: 0.125473	Cor: 0	Pts: 110388
Particle (11):: Fit: 0.011072	PB: 0.011072	LB: 0.011072	GB: 0.125473	Cor: 0	Pts: 105388
Particle (17):: Fit: 0.000107632	PB: 0.000107632	LB: 0.00110426	GB: 0.125473	Cor: 0	Pts: 75388
Particle (18):: Fit: 0.00104025	PB: 0.00104025	LB: 0.00110426	GB: 0.125473	Cor: 0	Pts: 55288
Particle (48):: Fit: 0.000110084	PB: 0.000110084	LB: 0.00113208	GB: 0.125473	Cor: 0	Pts: 50288
Particle (8):: Fit: 0.000112544	PB: 0.000112544	LB: 0.011072	GB: 0.125473	Cor: 0	Pts: 60387
Particle (12):: Fit: 0.000112136	PB: 0.000112136	LB: 0.011072	GB: 0.125473	Cor: 0	Pts: 60287
Particle (13):: Fit: 0.000112134	PB: 0.000112134	LB: 0.011072	GB: 0.125473	Cor: 0	Pts: 55387
Particle (19):: Fit: 0.00108119	PB: 0.00108119	LB: 0.119893	GB: 0.125473	Cor: 0	Pts: 85187
Particle (28):: Fit: 0.126388	PB: 0.126388	LB: 0.126388	GB: 0.126388	Cor: 0.48	Pts: 310587
Particle (46):: Fit: 0.000103115	PB: 0.000103115	LB: 0.00116185	GB: 0.126388	Cor: 0.48	Pts: 50387
Global: 0.126388 - Correct: 48% of 500 tests
Global Best: 
  Inner Net 1
  -- 1 : 1 = 0.0007
  -- 1 : 2 = 0.3816
  -- 1 : 3 = 0.7381
  -- 1 : 4 = 0.3409
  -- 1 : 5 = 0.1993
  -- 2 : 1 = 0.4888
  -- 2 : 2 = 0.5762
  -- 2 : 3 = 0.8804
  -- 2 : 4 = 0.883
  -- 2 : 5 = 0.5231
  -- 3 : 1 = 0.0098
  -- 3 : 2 = 0.7012
  -- 3 : 3 = 0.6477
  -- 3 : 4 = 0.0656
  -- 3 : 5 = 0.7181
  -- 4 : 1 = 0.7977
  -- 4 : 2 = 0.2672
  -- 4 : 3 = 0.7623
  -- 4 : 4 = 0.5025
  -- 4 : 5 = 0.7573
  -- 5 : 1 = 0.2573
  -- 5 : 2 = 0.5465
  -- 5 : 3 = 0.265
  -- 5 : 4 = 0.3434
  -- 5 : 5 = 0.4979
  -- 6 : 1 = 0.3375
  -- 6 : 2 = 0.7473
  -- 6 : 3 = 0.4713
  -- 6 : 4 = 0.9224
  -- 6 : 5 = 0.5669
  Inner Net 2
  -- 1 : 1 = -0.665431
  -- 1 : 2 = -0.129277
  -- 2 : 1 = -0.294778
  -- 2 : 2 = 0.418412
  -- 3 : 1 = -0.0965036
  -- 3 : 2 = -0.063085
  -- 4 : 1 = -0.225867
  -- 4 : 2 = -0.0132685
  -- 5 : 1 = -0.907219
  -- 5 : 2 = -0.168644
Out\Act	False		True
False	0.84198	0	0.84198
True	0.15802	0	0.15802
	1	0
	Accuracy [ (tp + tn) / testSize ]: 0.84198
	Precision [ tp / (tp + fp) ]:      0
	Sensitivity [ tp / (tp + fn) ]:    0
	Specificity [ tn / (tn + fp) ]:    0.999435
	F-Score [ 2tp / (2tp + fp + fn) ]: 0
Particle (17):: Fit: 0.000107632	PB: 0.000107632	LB: 0.00110426	GB: 0.126388	Cor: 0	Pts: 75486
Particle (39):: Fit: 0.000109674	PB: 0.000109674	LB: 0.00116185	GB: 0.126388	Cor: 0	Pts: 95286
Particle (42):: Fit: 0.0011857	PB: 0.0011857	LB: 0.0011857	GB: 0.126388	Cor: 0	Pts: 290686
Particle (3):: Fit: 0.000111314	PB: 0.000111314	LB: 0.00113866	GB: 0.126388	Cor: 0	Pts: 60285
Particle (6):: Fit: 0.000110494	PB: 0.000110494	LB: 0.011072	GB: 0.126388	Cor: 0	Pts: 60485
Particle (18):: Fit: 0.00109356	PB: 0.00109356	LB: 0.00110426	GB: 0.126388	Cor: 0	Pts: 55385
Particle (33):: Fit: 0.0012143	PB: 0.0012143	LB: 0.0012143	GB: 0.126388	Cor: 0	Pts: 115485
Particle (39):: Fit: 0.000115414	PB: 0.000115414	LB: 0.0011857	GB: 0.126388	Cor: 0	Pts: 95385
Particle (40):: Fit: 0.000109264	PB: 0.000109264	LB: 0.0011857	GB: 0.126388	Cor: 0	Pts: 65385
Particle (5):: Fit: 0.00103197	PB: 0.00103197	LB: 0.00115456	GB: 0.126388	Cor: 0	Pts: 55384
Particle (17):: Fit: 0.000108165	PB: 0.000108165	LB: 0.00110426	GB: 0.126388	Cor: 0	Pts: 75584
Particle (36):: Fit: 0.000116571	PB: 0.000116571	LB: 0.0012143	GB: 0.126388	Cor: 0	Pts: 55382
Particle (38):: Fit: 0.00104432	PB: 0.00104432	LB: 0.0011857	GB: 0.126388	Cor: 0	Pts: 60383
Particle (38):: Fit: 0.00106506	PB: 0.00106506	LB: 0.0011857	GB: 0.126388	Cor: 0	Pts: 60482
Particle (46):: Fit: 0.00010521	PB: 0.00010521	LB: 0.0011857	GB: 0.126388	Cor: 0	Pts: 50483
Particle (49):: Fit: 0.00117074	PB: 0.00117074	LB: 0.00117074	GB: 0.126388	Cor: 0	Pts: 195383
Particle (23):: Fit: 0.000109362	PB: 0.000109362	LB: 0.126388	GB: 0.126388	Cor: 0	Pts: 55480
Particle (33):: Fit: 0.129637	PB: 0.129637	LB: 0.129637	GB: 0.129637	Cor: 0.596	Pts: 175582
Particle (45):: Fit: 0.00115402	PB: 0.00115402	LB: 0.0011857	GB: 0.129637	Cor: 0.596	Pts: 115582
Global: 0.129637 - Correct: 59.6% of 500 tests
Global Best: 
  Inner Net 1
  -- 1 : 1 = 0.6272
  -- 1 : 2 = 0.0203
  -- 1 : 3 = 0.7204
  -- 1 : 4 = 0.6793
  -- 1 : 5 = 0.3407
  -- 2 : 1 = 0.0032
  -- 2 : 2 = 0.503
  -- 2 : 3 = 0.3449
  -- 2 : 4 = 0.3007
  -- 2 : 5 = 0.6189
  -- 3 : 1 = 0.1766
  -- 3 : 2 = 0.0594
  -- 3 : 3 = 0.1205
  -- 3 : 4 = 0.5462
  -- 3 : 5 = 0.9131
  -- 4 : 1 = 0.0898
  -- 4 : 2 = 0.8442
  -- 4 : 3 = 0.2478
  -- 4 : 4 = 0.6683
  -- 4 : 5 = 0.023
  -- 5 : 1 = 0.1729
  -- 5 : 2 = 0.2734
  -- 5 : 3 = 0.5358
  -- 5 : 4 = 0.0965
  -- 5 : 5 = 0.121
  -- 6 : 1 = 0.6372
  -- 6 : 2 = 0.215
  -- 6 : 3 = 0.0077
  -- 6 : 4 = 0.5446
  -- 6 : 5 = 0.1966
  Inner Net 2
  -- 1 : 1 = -0.0689422
  -- 1 : 2 = 0.464963
  -- 2 : 1 = -0.435829
  -- 2 : 2 = -0.0505039
  -- 3 : 1 = 0.0206049
  -- 3 : 2 = 0.0716336
  -- 4 : 1 = 0.150669
  -- 4 : 2 = -0.0423588
  -- 5 : 1 = -0.691362
  -- 5 : 2 = -0.00950302
Out\Act	False		True
False	0.82199	0.0199905	0.84198
True	0.122323	0.0356973	0.15802
	0.944312	0.0556878
	Accuracy [ (tp + tn) / testSize ]: 0.857687
	Precision [ tp / (tp + fp) ]:      0.635593
	Sensitivity [ tp / (tp + fn) ]:    0.225225
	Specificity [ tn / (tn + fp) ]:    0.975706
	F-Score [ 2tp / (2tp + fp + fn) ]: 0.333333
Particle (25):: Fit: 0.00102374	PB: 0.00102374	LB: 0.126388	GB: 0.129637	Cor: 0	Pts: 55480
Particle (30):: Fit: 0.00111812	PB: 0.00111812	LB: 0.129637	GB: 0.129637	Cor: 0	Pts: 110278
Particle (41):: Fit: 0.000110907	PB: 0.000110907	LB: 0.0011857	GB: 0.129637	Cor: 0	Pts: 55581
Particle (47):: Fit: 0.00106476	PB: 0.00106476	LB: 0.00117074	GB: 0.129637	Cor: 0	Pts: 100181
Particle (41):: Fit: 0.000115015	PB: 0.000115015	LB: 0.0011857	GB: 0.129637	Cor: 0	Pts: 55680
Particle (22):: Fit: 0.000110166	PB: 0.000110166	LB: 0.119893	GB: 0.129637	Cor: 0	Pts: 55277
Particle (46):: Fit: 0.000105224	PB: 0.000105224	LB: 0.0011857	GB: 0.129637	Cor: 0	Pts: 50579
Particle (16):: Fit: 0.000110904	PB: 0.000110904	LB: 0.00110426	GB: 0.129637	Cor: 0	Pts: 70478
Particle (0):: Fit: 0.000109723	PB: 0.000109723	LB: 0.00117074	GB: 0.129637	Cor: 0	Pts: 110277
Particle (11):: Fit: 0.011112	PB: 0.011112	LB: 0.011112	GB: 0.129637	Cor: 0	Pts: 155475
Particle (16):: Fit: 0.000112544	PB: 0.000112544	LB: 0.00110426	GB: 0.129637	Cor: 0	Pts: 70577
Particle (38):: Fit: 0.0010771	PB: 0.0010771	LB: 0.0011857	GB: 0.129637	Cor: 0	Pts: 60574
Particle (27):: Fit: 0.122448	PB: 0.122448	LB: 0.126388	GB: 0.129637	Cor: 0	Pts: 60575
Particle (42):: Fit: 0.00118631	PB: 0.00118631	LB: 0.00118631	GB: 0.129637	Cor: 0	Pts: 335774
Particle (24):: Fit: 0.122352	PB: 0.122352	LB: 0.126388	GB: 0.129637	Cor: 0	Pts: 205373
Particle (2):: Fit: 0.000119924	PB: 0.000119924	LB: 0.00117074	GB: 0.129637	Cor: 0	Pts: 55372
Particle (6):: Fit: 0.000111314	PB: 0.000111314	LB: 0.011112	GB: 0.129637	Cor: 0	Pts: 60572
Particle (46):: Fit: 0.000106805	PB: 0.000106805	LB: 0.00118631	GB: 0.129637	Cor: 0	Pts: 50670
Particle (0):: Fit: 0.000111372	PB: 0.000111372	LB: 0.00117074	GB: 0.129637	Cor: 0	Pts: 110369
Particle (17):: Fit: 0.000108861	PB: 0.000108861	LB: 0.00110426	GB: 0.129637	Cor: 0	Pts: 75668
Particle (9):: Fit: 0.00113027	PB: 0.00113027	LB: 0.011112	GB: 0.129637	Cor: 0	Pts: 110468
Particle (40):: Fit: 0.000112544	PB: 0.000112544	LB: 0.00118631	GB: 0.129637	Cor: 0	Pts: 65468
Particle (4):: Fit: 0.000117874	PB: 0.000117874	LB: 0.00113866	GB: 0.129637	Cor: 0	Pts: 110367
Particle (23):: Fit: 0.000109765	PB: 0.000109765	LB: 0.126388	GB: 0.129637	Cor: 0	Pts: 55563
Particle (12):: Fit: 0.000113775	PB: 0.000113775	LB: 0.011112	GB: 0.129637	Cor: 0	Pts: 60365
Particle (15):: Fit: 0.000112954	PB: 0.000112954	LB: 0.011112	GB: 0.129637	Cor: 0	Pts: 65365
Particle (48):: Fit: 0.000110904	PB: 0.000110904	LB: 0.00117074	GB: 0.129637	Cor: 0	Pts: 50365
Particle (41):: Fit: 0.00101554	PB: 0.00101554	LB: 0.00118631	GB: 0.129637	Cor: 0	Pts: 55764
Particle (12):: Fit: 0.000115825	PB: 0.000115825	LB: 0.011112	GB: 0.129637	Cor: 0	Pts: 60463
Particle (42):: Fit: 0.00119511	PB: 0.00119511	LB: 0.00119511	GB: 0.129637	Cor: 0	Pts: 380863
Particle (6):: Fit: 0.000119514	PB: 0.000119514	LB: 0.011112	GB: 0.129637	Cor: 0	Pts: 60662
Particle (39):: Fit: 0.000115824	PB: 0.000115824	LB: 0.00119511	GB: 0.129637	Cor: 0	Pts: 95461
Particle (17):: Fit: 0.000110909	PB: 0.000110909	LB: 0.00110426	GB: 0.129637	Cor: 0	Pts: 75759
Particle (46):: Fit: 0.000108854	PB: 0.000108854	LB: 0.00119511	GB: 0.129637	Cor: 0	Pts: 50760
Particle (14):: Fit: 0.00116317	PB: 0.00116317	LB: 0.011112	GB: 0.129637	Cor: 0	Pts: 90358
Particle (25):: Fit: 0.00108936	PB: 0.00108936	LB: 0.126388	GB: 0.129637	Cor: 0	Pts: 55557
Particle (8):: Fit: 0.000117061	PB: 0.000117061	LB: 0.011112	GB: 0.129637	Cor: 0	Pts: 60457
Particle (22):: Fit: 0.00011457	PB: 0.00011457	LB: 0.122448	GB: 0.129637	Cor: 0	Pts: 55354
Particle (16):: Fit: 0.000112954	PB: 0.000112954	LB: 0.00116317	GB: 0.129637	Cor: 0	Pts: 70655
Particle (35):: Fit: 0.000113373	PB: 0.000113373	LB: 0.129637	GB: 0.129637	Cor: 0	Pts: 55254
Particle (38):: Fit: 0.00109787	PB: 0.00109787	LB: 0.00119511	GB: 0.129637	Cor: 0	Pts: 60651
Particle (18):: Fit: 0.0010978	PB: 0.0010978	LB: 0.00116317	GB: 0.129637	Cor: 0	Pts: 55453
Particle (10):: Fit: 0.00117508	PB: 0.00117508	LB: 0.011112	GB: 0.129637	Cor: 0	Pts: 215352
Particle (28):: Fit: 0.128361	PB: 0.128361	LB: 0.129637	GB: 0.129637	Cor: 0	Pts: 335651
Particle (13):: Fit: 0.000118694	PB: 0.000118694	LB: 0.011112	GB: 0.129637	Cor: 0	Pts: 55447
Particle (40):: Fit: 0.000119514	PB: 0.000119514	LB: 0.00119511	GB: 0.129637	Cor: 0	Pts: 65545
Particle (20):: Fit: 0.00113043	PB: 0.00113043	LB: 0.122352	GB: 0.129637	Cor: 0	Pts: 110133
Particle (15):: Fit: 0.000116234	PB: 0.000116234	LB: 0.011112	GB: 0.129637	Cor: 0	Pts: 65442
Particle (38):: Fit: 0.00112621	PB: 0.00112621	LB: 0.00119511	GB: 0.129637	Cor: 0	Pts: 60737
Particle (48):: Fit: 0.000111724	PB: 0.000111724	LB: 0.00117074	GB: 0.129637	Cor: 0	Pts: 50441
Particle (42):: Fit: 0.0115949	PB: 0.0115949	LB: 0.0115949	GB: 0.129637	Cor: 0	Pts: 425940
Particle (11):: Fit: 0.0111503	PB: 0.0111503	LB: 0.0111503	GB: 0.129637	Cor: 0	Pts: 205533
Particle (32):: Fit: 0.000111724	PB: 0.000111724	LB: 0.129637	GB: 0.129637	Cor: 0	Pts: 55335
Particle (48):: Fit: 0.000112134	PB: 0.000112134	LB: 0.00117074	GB: 0.129637	Cor: 0	Pts: 50535
Particle (5):: Fit: 0.00103614	PB: 0.00103614	LB: 0.00117508	GB: 0.129637	Cor: 0	Pts: 55434
Particle (0):: Fit: 0.000112141	PB: 0.000112141	LB: 0.00117074	GB: 0.129637	Cor: 0	Pts: 110432
Particle (30):: Fit: 0.00113044	PB: 0.00113044	LB: 0.129637	GB: 0.129637	Cor: 0	Pts: 110324
Particle (46):: Fit: 0.000114257	PB: 0.000114257	LB: 0.0115949	GB: 0.129637	Cor: 0	Pts: 50830
Particle (21):: Fit: 0.000119104	PB: 0.000119104	LB: 0.122352	GB: 0.129637	Cor: 0	Pts: 55327
Particle (0):: Fit: 0.00101144	PB: 0.00101144	LB: 0.00117074	GB: 0.129637	Cor: 0	Pts: 110526
Particle (48):: Fit: 0.000119104	PB: 0.000119104	LB: 0.00117074	GB: 0.129637	Cor: 0	Pts: 50625
Particle (5):: Fit: 0.00104012	PB: 0.00104012	LB: 0.00117508	GB: 0.129637	Cor: 0	Pts: 55520
Particle (1):: Fit: 0.000114594	PB: 0.000114594	LB: 0.00117074	GB: 0.129637	Cor: 0	Pts: 110314
Particle (17):: Fit: 0.000115422	PB: 0.000115422	LB: 0.00116317	GB: 0.129637	Cor: 0	Pts: 75809
Particle (30):: Fit: 0.00117963	PB: 0.00117963	LB: 0.129637	GB: 0.129637	Cor: 0	Pts: 110401
Particle (32):: Fit: 0.000119104	PB: 0.000119104	LB: 0.129637	GB: 0.129637	Cor: 0	Pts: 55402
Particle (37):: Fit: 0.00101538	PB: 0.00101538	LB: 0.129637	GB: 0.129637	Cor: 0	Pts: 75202
Particle (0):: Fit: 0.0114637	PB: 0.0114637	LB: 0.0114637	GB: 0.129637	Cor: 0	Pts: 150598
Particle (3):: Fit: 0.0112767	PB: 0.0112767	LB: 0.0114637	GB: 0.129637	Cor: 0	Pts: 75298
Particle (18):: Fit: 0.00110126	PB: 0.00110126	LB: 0.00116317	GB: 0.129637	Cor: 0	Pts: 55498
Particle (19):: Fit: 0.120309	PB: 0.120309	LB: 0.122352	GB: 0.129637	Cor: 0	Pts: 110198
Particle (22):: Fit: 0.00103603	PB: 0.00103603	LB: 0.122448	GB: 0.129637	Cor: 0	Pts: 55392
Particle (34):: Fit: 0.126102	PB: 0.126102	LB: 0.129637	GB: 0.129637	Cor: 0	Pts: 60391
Particle (37):: Fit: 0.0108736	PB: 0.0108736	LB: 0.129637	GB: 0.129637	Cor: 0	Pts: 75298
Particle (2):: Fit: 0.010664	PB: 0.010664	LB: 0.0114637	GB: 0.129637	Cor: 0	Pts: 55396
Particle (6):: Fit: 0.000982806	PB: 0.000982806	LB: 0.0112767	GB: 0.129637	Cor: 0	Pts: 60697
Particle (31):: Fit: 0.0114325	PB: 0.0114325	LB: 0.129637	GB: 0.129637	Cor: 0	Pts: 75297
Particle (39):: Fit: 0.10872	PB: 0.10872	LB: 0.10872	GB: 0.129637	Cor: 0	Pts: 120497
Particle (6):: Fit: 0.00112805	PB: 0.00112805	LB: 0.0112767	GB: 0.129637	Cor: 0	Pts: 60796
Particle (8):: Fit: 0.00108338	PB: 0.00108338	LB: 0.0111503	GB: 0.129637	Cor: 0	Pts: 60496
Particle (13):: Fit: 0.0105892	PB: 0.0105892	LB: 0.0111503	GB: 0.129637	Cor: 0	Pts: 55496
Particle (15):: Fit: 0.00112404	PB: 0.00112404	LB: 0.120309	GB: 0.129637	Cor: 0	Pts: 65496
Particle (21):: Fit: 0.00102215	PB: 0.00102215	LB: 0.122352	GB: 0.129637	Cor: 0	Pts: 55396
Particle (32):: Fit: 0.00108176	PB: 0.00108176	LB: 0.129637	GB: 0.129637	Cor: 0	Pts: 55496
Particle (37):: Fit: 0.128052	PB: 0.128052	LB: 0.129637	GB: 0.129637	Cor: 0	Pts: 95396
Particle (48):: Fit: 0.00101011	PB: 0.00101011	LB: 0.0114637	GB: 0.129637	Cor: 0	Pts: 50696
Particle (15):: Fit: 0.0106111	PB: 0.0106111	LB: 0.120309	GB: 0.129637	Cor: 0	Pts: 65595
Particle (29):: Fit: 0.00121558	PB: 0.00121558	LB: 0.129637	GB: 0.129637	Cor: 0	Pts: 65295
Particle (30):: Fit: 0.123966	PB: 0.123966	LB: 0.129637	GB: 0.129637	Cor: 0	Pts: 110489
Particle (16):: Fit: 0.129692	PB: 0.129692	LB: 0.129692	GB: 0.129692	Cor: 0.63	Pts: 130694
Particle (17):: Fit: 0.000977799	PB: 0.000977799	LB: 0.129692	GB: 0.129692	Cor: 0.63	Pts: 75887
Particle (20):: Fit: 0.121174	PB: 0.121174	LB: 0.129692	GB: 0.129692	Cor: 0.63	Pts: 110176
Particle (23):: Fit: 0.00112931	PB: 0.00112931	LB: 0.128361	GB: 0.129692	Cor: 0.63	Pts: 55577
Particle (43):: Fit: 0.00101554	PB: 0.00101554	LB: 0.10872	GB: 0.129692	Cor: 0.63	Pts: 75194
Global: 0.129692 - Correct: 63% of 500 tests
Global Best: 
  Inner Net 1
  -- 1 : 1 = 0.425913
  -- 1 : 2 = -0.326199
  -- 1 : 3 = 0.0127237
  -- 1 : 4 = 0.3689
  -- 1 : 5 = 0.270452
  -- 2 : 1 = 0.0979408
  -- 2 : 2 = 0.280159
  -- 2 : 3 = 0.316366
  -- 2 : 4 = -0.25405
  -- 2 : 5 = -0.132315
  -- 3 : 1 = -0.5
  -- 3 : 2 = 0.746256
  -- 3 : 3 = 0.199487
  -- 3 : 4 = 0.157747
  -- 3 : 5 = -0.156055
  -- 4 : 1 = 0.579391
  -- 4 : 2 = 0.107258
  -- 4 : 3 = 0.0872118
  -- 4 : 4 = 0.156259
  -- 4 : 5 = 0.00286061
  -- 5 : 1 = 0.729908
  -- 5 : 2 = 0.0277696
  -- 5 : 3 = 0.432552
  -- 5 : 4 = 0.276845
  -- 5 : 5 = 0.0875418
  -- 6 : 1 = -1
  -- 6 : 2 = 0.534681
  -- 6 : 3 = 0.198896
  -- 6 : 4 = 0.204621
  -- 6 : 5 = -0.0120794
  Inner Net 2
  -- 1 : 1 = -0.111088
  -- 1 : 2 = 0.0188987
  -- 2 : 1 = -0.0906259
  -- 2 : 2 = -0.354427
  -- 3 : 1 = -0.34415
  -- 3 : 2 = -0.15019
  -- 4 : 1 = -0.216903
  -- 4 : 2 = 0.258483
  -- 5 : 1 = 0.344789
  -- 5 : 2 = -0.141032
Out\Act	False		True
False	0.586863	0.255117	0.84198
True	0.0680628	0.0899572	0.15802
	0.654926	0.345074
	Accuracy [ (tp + tn) / testSize ]: 0.676821
	Precision [ tp / (tp + fp) ]:      0.260331
	Sensitivity [ tp / (tp + fn) ]:    0.567568
	Specificity [ tn / (tn + fp) ]:    0.69661
	F-Score [ 2tp / (2tp + fp + fn) ]: 0.357278
Particle (1):: Fit: 0.00106914	PB: 0.00106914	LB: 0.0114637	GB: 0.129692	Cor: 0	Pts: 110393
Particle (13):: Fit: 0.122864	PB: 0.122864	LB: 0.129692	GB: 0.129692	Cor: 0	Pts: 70593
Particle (43):: Fit: 0.0011331	PB: 0.0011331	LB: 0.10872	GB: 0.129692	Cor: 0	Pts: 75293
Particle (2):: Fit: 0.0109207	PB: 0.0109207	LB: 0.0114637	GB: 0.129692	Cor: 0	Pts: 55491
Particle (31):: Fit: 0.115865	PB: 0.115865	LB: 0.129637	GB: 0.129692	Cor: 0	Pts: 75392
Particle (35):: Fit: 0.00102367	PB: 0.00102367	LB: 0.129637	GB: 0.129692	Cor: 0	Pts: 55286
Particle (43):: Fit: 0.0111135	PB: 0.0111135	LB: 0.10872	GB: 0.129692	Cor: 0	Pts: 75392
Particle (7):: Fit: 0.00116533	PB: 0.00116533	LB: 0.0112767	GB: 0.129692	Cor: 0	Pts: 70391
Particle (22):: Fit: 0.00107715	PB: 0.00107715	LB: 0.122448	GB: 0.129692	Cor: 0	Pts: 55485
Particle (23):: Fit: 0.124896	PB: 0.124896	LB: 0.128361	GB: 0.129692	Cor: 0	Pts: 65674
Particle (39):: Fit: 0.122769	PB: 0.122769	LB: 0.128052	GB: 0.129692	Cor: 0	Pts: 130591
Particle (20):: Fit: 0.128172	PB: 0.128172	LB: 0.129692	GB: 0.129692	Cor: 0	Pts: 120272
Particle (35):: Fit: 0.00129935	PB: 0.00129935	LB: 0.129637	GB: 0.129692	Cor: 0	Pts: 55384
Particle (42):: Fit: 0.124636	PB: 0.124636	LB: 0.124636	GB: 0.129692	Cor: 0	Pts: 450990
Particle (47):: Fit: 0.00126183	PB: 0.00126183	LB: 0.0114637	GB: 0.129692	Cor: 0	Pts: 100189
Particle (49):: Fit: 0.111536	PB: 0.111536	LB: 0.111536	GB: 0.129692	Cor: 0	Pts: 230390
Particle (0):: Fit: 0.124243	PB: 0.124243	LB: 0.124243	GB: 0.129692	Cor: 0	Pts: 190689
Particle (6):: Fit: 0.0108714	PB: 0.0108714	LB: 0.0112767	GB: 0.129692	Cor: 0	Pts: 60889
Particle (22):: Fit: 0.12533	PB: 0.12533	LB: 0.128172	GB: 0.129692	Cor: 0	Pts: 55583
Particle (15):: Fit: 0.0111073	PB: 0.0111073	LB: 0.129692	GB: 0.129692	Cor: 0	Pts: 65688
Particle (18):: Fit: 0.118732	PB: 0.118732	LB: 0.129692	GB: 0.129692	Cor: 0	Pts: 55588
Particle (25):: Fit: 0.00111171	PB: 0.00111171	LB: 0.128361	GB: 0.129692	Cor: 0	Pts: 55587
Particle (36):: Fit: 0.0010822	PB: 0.0010822	LB: 0.129637	GB: 0.129692	Cor: 0	Pts: 55371
Particle (41):: Fit: 0.00104021	PB: 0.00104021	LB: 0.128052	GB: 0.129692	Cor: 0	Pts: 55788
Particle (47):: Fit: 0.115183	PB: 0.115183	LB: 0.124243	GB: 0.129692	Cor: 0	Pts: 100287
Particle (48):: Fit: 0.0110278	PB: 0.0110278	LB: 0.124243	GB: 0.129692	Cor: 0	Pts: 50788
Particle (1):: Fit: 0.121023	PB: 0.121023	LB: 0.124243	GB: 0.129692	Cor: 0	Pts: 115487
Particle (40):: Fit: 0.001135	PB: 0.001135	LB: 0.128052	GB: 0.129692	Cor: 0	Pts: 65587
Particle (41):: Fit: 0.132141	PB: 0.132141	LB: 0.132141	GB: 0.132141	Cor: 0.642	Pts: 115887
Particle (47):: Fit: 0.11979	PB: 0.11979	LB: 0.124243	GB: 0.132141	Cor: 0.642	Pts: 100386
Global: 0.132141 - Correct: 64.2% of 500 tests
Global Best: 
  Inner Net 1
  -- 1 : 1 = 0.698486
  -- 1 : 2 = 0.103278
  -- 1 : 3 = -0.24135
  -- 1 : 4 = 0.324491
  -- 1 : 5 = 0.027048
  -- 2 : 1 = 0.101101
  -- 2 : 2 = 0.31356
  -- 2 : 3 = 0.0239691
  -- 2 : 4 = -0.133696
  -- 2 : 5 = -0.0286605
  -- 3 : 1 = 0.527276
  -- 3 : 2 = 0.668088
  -- 3 : 3 = -0.135418
  -- 3 : 4 = -0.264103
  -- 3 : 5 = -0.341328
  -- 4 : 1 = -0.029505
  -- 4 : 2 = -0.00216698
  -- 4 : 3 = 0.141323
  -- 4 : 4 = 0.1408
  -- 4 : 5 = -0.2708
  -- 5 : 1 = 0.452351
  -- 5 : 2 = 0.323592
  -- 5 : 3 = 0.0378885
  -- 5 : 4 = 0.211064
  -- 5 : 5 = 0.0598446
  -- 6 : 1 = 0.292979
  -- 6 : 2 = 0.0984702
  -- 6 : 3 = 0.480384
  -- 6 : 4 = -0.0780074
  -- 6 : 5 = 0.2556
  Inner Net 2
  -- 1 : 1 = 1
  -- 1 : 2 = -0.0409403
  -- 2 : 1 = 0.197291
  -- 2 : 2 = -0.0879733
  -- 3 : 1 = -0.108103
  -- 3 : 2 = -0.286487
  -- 4 : 1 = 0.123061
  -- 4 : 2 = -0.0495039
  -- 5 : 1 = -0.171382
  -- 5 : 2 = 0.19704
Out\Act	False		True
False	0.44931	0.39267	0.84198
True	0.0442646	0.113755	0.15802
	0.493574	0.506426
	Accuracy [ (tp + tn) / testSize ]: 0.563065
	Precision [ tp / (tp + fp) ]:      0.224413
	Sensitivity [ tp / (tp + fn) ]:    0.717718
	Specificity [ tn / (tn + fp) ]:    0.533333
	F-Score [ 2tp / (2tp + fp + fn) ]: 0.342162
Particle (25):: Fit: 0.124824	PB: 0.124824	LB: 0.128361	GB: 0.132141	Cor: 0	Pts: 55685
Particle (35):: Fit: 0.122973	PB: 0.122973	LB: 0.129637	GB: 0.132141	Cor: 0	Pts: 55480
Particle (27):: Fit: 0.127319	PB: 0.127319	LB: 0.128361	GB: 0.132141	Cor: 0	Pts: 60585
Particle (9):: Fit: 0.00118964	PB: 0.00118964	LB: 0.122864	GB: 0.132141	Cor: 0	Pts: 110484
Particle (17):: Fit: 0.0106737	PB: 0.0106737	LB: 0.129692	GB: 0.132141	Cor: 0	Pts: 75977
Particle (29):: Fit: 0.0109514	PB: 0.0109514	LB: 0.129637	GB: 0.132141	Cor: 0	Pts: 65384
Particle (32):: Fit: 0.0104295	PB: 0.0104295	LB: 0.129637	GB: 0.132141	Cor: 0	Pts: 55584
Particle (5):: Fit: 0.00109927	PB: 0.00109927	LB: 0.121023	GB: 0.132141	Cor: 0	Pts: 55583
Particle (9):: Fit: 0.0110622	PB: 0.0110622	LB: 0.122864	GB: 0.132141	Cor: 0	Pts: 110583
Particle (34):: Fit: 0.127444	PB: 0.127444	LB: 0.129637	GB: 0.132141	Cor: 0	Pts: 60476
Particle (35):: Fit: 0.129481	PB: 0.129481	LB: 0.129637	GB: 0.132141	Cor: 0	Pts: 55577
Particle (12):: Fit: 0.00110182	PB: 0.00110182	LB: 0.129692	GB: 0.132141	Cor: 0	Pts: 60482
Particle (26):: Fit: 0.119282	PB: 0.119282	LB: 0.128361	GB: 0.132141	Cor: 0	Pts: 60282
Particle (32):: Fit: 0.0109881	PB: 0.0109881	LB: 0.129637	GB: 0.132141	Cor: 0	Pts: 55682
Particle (47):: Fit: 0.133344	PB: 0.133344	LB: 0.133344	GB: 0.133344	Cor: 0.648	Pts: 160480
Global: 0.133344 - Correct: 64.8% of 500 tests
Global Best: 
  Inner Net 1
  -- 1 : 1 = -0.0246577
  -- 1 : 2 = 0.160508
  -- 1 : 3 = -0.123621
  -- 1 : 4 = 0.233822
  -- 1 : 5 = 0.0701214
  -- 2 : 1 = 0.840072
  -- 2 : 2 = 0.11063
  -- 2 : 3 = 0.0786783
  -- 2 : 4 = -0.0330294
  -- 2 : 5 = 0.016313
  -- 3 : 1 = -0.168348
  -- 3 : 2 = -0.189039
  -- 3 : 3 = -0.0549794
  -- 3 : 4 = 0.040263
  -- 3 : 5 = -0.0934281
  -- 4 : 1 = 0.350023
  -- 4 : 2 = 0.167426
  -- 4 : 3 = 0.0048662
  -- 4 : 4 = -0.232925
  -- 4 : 5 = -0.0781698
  -- 5 : 1 = 0.586346
  -- 5 : 2 = -0.0495352
  -- 5 : 3 = -0.0507188
  -- 5 : 4 = -0.485411
  -- 5 : 5 = -0.183795
  -- 6 : 1 = -0.280095
  -- 6 : 2 = 0.0418171
  -- 6 : 3 = 0.346982
  -- 6 : 4 = 0.112206
  -- 6 : 5 = 0.0932699
  Inner Net 2
  -- 1 : 1 = -0.486316
  -- 1 : 2 = 0.423568
  -- 2 : 1 = 0.269737
  -- 2 : 2 = 0.125591
  -- 3 : 1 = -0.561227
  -- 3 : 2 = 0.708458
  -- 4 : 1 = -0.171739
  -- 4 : 2 = 0.0558912
  -- 5 : 1 = 0.692004
  -- 5 : 2 = -0.347616
Out\Act	False		True
False	0.504046	0.337934	0.84198
True	0.0485483	0.109472	0.15802
	0.552594	0.447406
	Accuracy [ (tp + tn) / testSize ]: 0.613517
	Precision [ tp / (tp + fp) ]:      0.244421
	Sensitivity [ tp / (tp + fn) ]:    0.690691
	Specificity [ tn / (tn + fp) ]:    0.598305
	F-Score [ 2tp / (2tp + fp + fn) ]: 0.361351
Particle (5):: Fit: 14534	PB: 14534	LB: 14534	GB: 14534	Cor: 0.706	Pts: 115681
Particle (9):: Fit: 0.118603	PB: 0.118603	LB: 14534	GB: 14534	Cor: 0.706	Pts: 110681
Particle (39):: Fit: 0.125244	PB: 0.125244	LB: 0.132141	GB: 14534	Cor: 0.706	Pts: 130681
Particle (42):: Fit: 0.128039	PB: 0.128039	LB: 0.133344	GB: 14534	Cor: 0.706	Pts: 451079
Particle (45):: Fit: 0.0109405	PB: 0.0109405	LB: 0.133344	GB: 14534	Cor: 0.706	Pts: 115580
Global: 14534 - Correct: 70.6% of 500 tests
Global Best: 
  Inner Net 1
  -- 1 : 1 = 0.264542
  -- 1 : 2 = 0.427236
  -- 1 : 3 = -0.160676
  -- 1 : 4 = 0.116737
  -- 1 : 5 = 0.357068
  -- 2 : 1 = 0.252166
  -- 2 : 2 = 0.0722155
  -- 2 : 3 = 0.0829271
  -- 2 : 4 = 0.151709
  -- 2 : 5 = 0.845159
  -- 3 : 1 = 0.167363
  -- 3 : 2 = -0.00126521
  -- 3 : 3 = 0.1909
  -- 3 : 4 = 0.39179
  -- 3 : 5 = -0.124828
  -- 4 : 1 = 0.422109
  -- 4 : 2 = -0.188285
  -- 4 : 3 = 0.0489007
  -- 4 : 4 = 0.349771
  -- 4 : 5 = -0.108936
  -- 5 : 1 = 0.66696
  -- 5 : 2 = -0.0634732
  -- 5 : 3 = 0.0890254
  -- 5 : 4 = 0.120711
  -- 5 : 5 = 0.227633
  -- 6 : 1 = -0.0589838
  -- 6 : 2 = -0.0158725
  -- 6 : 3 = 0.12106
  -- 6 : 4 = 0.217162
  -- 6 : 5 = 0.217681
  Inner Net 2
  -- 1 : 1 = 0.567256
  -- 1 : 2 = 0.0176847
  -- 2 : 1 = 0.0446511
  -- 2 : 2 = -0.200113
  -- 3 : 1 = -0.524153
  -- 3 : 2 = -0.267575
  -- 4 : 1 = -0.019985
  -- 4 : 2 = 0.018818
  -- 5 : 1 = -0.124688
  -- 5 : 2 = 0.108048
Out\Act	False		True
False	0.625892	0.216088	0.84198
True	0.0675869	0.0904331	0.15802
	0.693479	0.306521
	Accuracy [ (tp + tn) / testSize ]: 0.716326
	Precision [ tp / (tp + fp) ]:      0.294574
	Sensitivity [ tp / (tp + fn) ]:    0.570571
	Specificity [ tn / (tn + fp) ]:    0.742938
	F-Score [ 2tp / (2tp + fp + fn) ]: 0.388946
Particle (25):: Fit: 0.127295	PB: 0.127295	LB: 0.128361	GB: 14534	Cor: 0	Pts: 55779
Particle (39):: Fit: 0.125507	PB: 0.125507	LB: 0.132141	GB: 14534	Cor: 0	Pts: 130780
Particle (10):: Fit: 0.0111499	PB: 0.0111499	LB: 0.122864	GB: 14534	Cor: 0	Pts: 215379
Particle (19):: Fit: 0.128982	PB: 0.128982	LB: 0.129692	GB: 14534	Cor: 0	Pts: 125278
Particle (26):: Fit: 0.123943	PB: 0.123943	LB: 0.128361	GB: 14534	Cor: 0	Pts: 60379
Particle (32):: Fit: 0.114121	PB: 0.114121	LB: 0.129637	GB: 14534	Cor: 0	Pts: 55779
Particle (40):: Fit: 0.0111979	PB: 0.0111979	LB: 0.132141	GB: 14534	Cor: 0	Pts: 65679
Particle (0):: Fit: 0.138468	PB: 0.138468	LB: 14534	GB: 14534	Cor: 0	Pts: 215778
Particle (12):: Fit: 0.0106897	PB: 0.0106897	LB: 0.129692	GB: 14534	Cor: 0	Pts: 60578
Particle (31):: Fit: 0.124096	PB: 0.124096	LB: 0.129637	GB: 14534	Cor: 0	Pts: 75478
Particle (7):: Fit: 0.0112684	PB: 0.0112684	LB: 14534	GB: 14534	Cor: 0	Pts: 70476
Particle (12):: Fit: 0.0111138	PB: 0.0111138	LB: 0.129692	GB: 14534	Cor: 0	Pts: 60677
Particle (13):: Fit: 0.133352	PB: 0.133352	LB: 0.133352	GB: 14534	Cor: 0	Pts: 110677
Particle (23):: Fit: 0.126073	PB: 0.126073	LB: 0.128982	GB: 14534	Cor: 0	Pts: 65760
Particle (36):: Fit: 0.00117185	PB: 0.00117185	LB: 0.132141	GB: 14534	Cor: 0	Pts: 55460
Particle (45):: Fit: 0.117208	PB: 0.117208	LB: 0.138468	GB: 14534	Cor: 0	Pts: 115676
Particle (7):: Fit: 0.115195	PB: 0.115195	LB: 14534	GB: 14534	Cor: 0	Pts: 70575
Particle (21):: Fit: 0.0106896	PB: 0.0106896	LB: 0.128982	GB: 14534	Cor: 0	Pts: 55476
Particle (12):: Fit: 0.123226	PB: 0.123226	LB: 0.133352	GB: 14534	Cor: 0	Pts: 60775
Particle (32):: Fit: 0.12201	PB: 0.12201	LB: 0.129637	GB: 14534	Cor: 0	Pts: 55874
Particle (45):: Fit: 0.122801	PB: 0.122801	LB: 0.138468	GB: 14534	Cor: 0	Pts: 115773
Particle (3):: Fit: 0.118244	PB: 0.118244	LB: 14534	GB: 14534	Cor: 0	Pts: 75371
Particle (6):: Fit: 0.0115571	PB: 0.0115571	LB: 14534	GB: 14534	Cor: 0	Pts: 60972
Particle (46):: Fit: 0.0110149	PB: 0.0110149	LB: 0.138468	GB: 14534	Cor: 0	Pts: 50869
Particle (14):: Fit: 0.118138	PB: 0.118138	LB: 0.133352	GB: 14534	Cor: 0	Pts: 90371
Particle (37):: Fit: 0.1376	PB: 0.1376	LB: 0.1376	GB: 14534	Cor: 0	Pts: 145470
Particle (33):: Fit: 0.132676	PB: 0.132676	LB: 0.1376	GB: 14534	Cor: 0	Pts: 195570
Particle (2):: Fit: 0.130043	PB: 0.130043	LB: 14534	GB: 14534	Cor: 0	Pts: 55568
Particle (23):: Fit: 0.126852	PB: 0.126852	LB: 0.128982	GB: 14534	Cor: 0	Pts: 65851
Particle (23):: Fit: 0.132523	PB: 0.132523	LB: 0.132523	GB: 14534	Cor: 0	Pts: 115950
Particle (34):: Fit: 0.13095	PB: 0.13095	LB: 0.1376	GB: 14534	Cor: 0	Pts: 60561
Particle (43):: Fit: 0.116344	PB: 0.116344	LB: 0.133344	GB: 14534	Cor: 0	Pts: 75468
Particle (8):: Fit: 0.00116382	PB: 0.00116382	LB: 14534	GB: 14534	Cor: 0	Pts: 60565
Particle (17):: Fit: 0.0109908	PB: 0.0109908	LB: 0.133352	GB: 14534	Cor: 0	Pts: 76060
Particle (24):: Fit: 0.128984	PB: 0.128984	LB: 0.132523	GB: 14534	Cor: 0	Pts: 205365
Particle (4):: Fit: 0.0114725	PB: 0.0114725	LB: 14534	GB: 14534	Cor: 0	Pts: 110362
Particle (6):: Fit: 0.1136	PB: 0.1136	LB: 14534	GB: 14534	Cor: 0	Pts: 61065
Particle (32):: Fit: 0.123523	PB: 0.123523	LB: 0.1376	GB: 14534	Cor: 0	Pts: 55963
Particle (6):: Fit: 0.128759	PB: 0.128759	LB: 14534	GB: 14534	Cor: 0	Pts: 61163
Particle (40):: Fit: 0.0112117	PB: 0.0112117	LB: 0.1376	GB: 14534	Cor: 0	Pts: 65763
Particle (22):: Fit: 0.125663	PB: 0.125663	LB: 0.132523	GB: 14534	Cor: 0	Pts: 55656
Particle (35):: Fit: 0.131698	PB: 0.131698	LB: 0.1376	GB: 14534	Cor: 0	Pts: 55656
Particle (39):: Fit: 0.127435	PB: 0.127435	LB: 0.1376	GB: 14534	Cor: 0	Pts: 130862
Particle (9):: Fit: 0.120111	PB: 0.120111	LB: 14534	GB: 14534	Cor: 0	Pts: 110759
Particle (30):: Fit: 0.131317	PB: 0.131317	LB: 0.132676	GB: 14534	Cor: 0	Pts: 110552
Particle (10):: Fit: 0.0112333	PB: 0.0112333	LB: 0.133352	GB: 14534	Cor: 0	Pts: 215460
Particle (43):: Fit: 0.134634	PB: 0.134634	LB: 0.134634	GB: 14534	Cor: 0	Pts: 90560
Particle (36):: Fit: 0.00119416	PB: 0.00119416	LB: 0.1376	GB: 14534	Cor: 0	Pts: 55541
Particle (23):: Fit: 0.136992	PB: 0.136992	LB: 0.136992	GB: 14534	Cor: 0	Pts: 166039
Particle (3):: Fit: 0.121798	PB: 0.121798	LB: 14534	GB: 14534	Cor: 0	Pts: 75454
Particle (36):: Fit: 0.011821	PB: 0.011821	LB: 0.1376	GB: 14534	Cor: 0	Pts: 55639
Particle (10):: Fit: 0.126458	PB: 0.126458	LB: 0.133352	GB: 14534	Cor: 0	Pts: 215554
Particle (32):: Fit: 0.128174	PB: 0.128174	LB: 0.1376	GB: 14534	Cor: 0	Pts: 56054
Particle (6):: Fit: 0.129171	PB: 0.129171	LB: 14534	GB: 14534	Cor: 0	Pts: 61254
Particle (40):: Fit: 0.127612	PB: 0.127612	LB: 0.1376	GB: 14534	Cor: 0	Pts: 65853
Particle (25):: Fit: 0.129884	PB: 0.129884	LB: 0.136992	GB: 14534	Cor: 0	Pts: 55850
Particle (36):: Fit: 0.113608	PB: 0.113608	LB: 0.1376	GB: 14534	Cor: 0	Pts: 55734
Particle (12):: Fit: 0.133344	PB: 0.133344	LB: 0.133352	GB: 14534	Cor: 0	Pts: 60849
Particle (46):: Fit: 0.121394	PB: 0.121394	LB: 0.138468	GB: 14534	Cor: 0	Pts: 50946
Particle (8):: Fit: 0.0108717	PB: 0.0108717	LB: 14534	GB: 14534	Cor: 0	Pts: 60646
Particle (3):: Fit: 0.127426	PB: 0.127426	LB: 14534	GB: 14534	Cor: 0	Pts: 75545
Particle (33):: Fit: 0.134578	PB: 0.134578	LB: 0.1376	GB: 14534	Cor: 0	Pts: 215646
Particle (9):: Fit: 0.123549	PB: 0.123549	LB: 14534	GB: 14534	Cor: 0	Pts: 110844
Particle (1):: Fit: 0.124873	PB: 0.124873	LB: 14534	GB: 14534	Cor: 0	Pts: 115544
Particle (20):: Fit: 0.131821	PB: 0.131821	LB: 0.136992	GB: 14534	Cor: 0	Pts: 120327
Particle (15):: Fit: 0.122972	PB: 0.122972	LB: 0.133352	GB: 14534	Cor: 0	Pts: 65744
Particle (30):: Fit: 0.133721	PB: 0.133721	LB: 0.134578	GB: 14534	Cor: 0	Pts: 110635
Particle (38):: Fit: 0.0107365	PB: 0.0107365	LB: 0.1376	GB: 14534	Cor: 0	Pts: 60734
Particle (31):: Fit: 0.127499	PB: 0.127499	LB: 0.134578	GB: 14534	Cor: 0	Pts: 75540
Particle (36):: Fit: 0.11718	PB: 0.11718	LB: 0.1376	GB: 14534	Cor: 0	Pts: 55823
Particle (22):: Fit: 0.128587	PB: 0.128587	LB: 0.136992	GB: 14534	Cor: 0	Pts: 55733
Particle (29):: Fit: 0.128358	PB: 0.128358	LB: 0.134578	GB: 14534	Cor: 0	Pts: 65438
Particle (15):: Fit: 0.133538	PB: 0.133538	LB: 0.133538	GB: 14534	Cor: 0	Pts: 105835
Particle (17):: Fit: 0.132794	PB: 0.132794	LB: 0.133538	GB: 14534	Cor: 0	Pts: 76125
Particle (10):: Fit: 0.133503	PB: 0.133503	LB: 0.133538	GB: 14534	Cor: 0	Pts: 215632
Particle (43):: Fit: 0.135976	PB: 0.135976	LB: 0.135976	GB: 14534	Cor: 0	Pts: 105632
Particle (48):: Fit: 0.123969	PB: 0.123969	LB: 0.138468	GB: 14534	Cor: 0	Pts: 50830
Particle (1):: Fit: 0.129678	PB: 0.129678	LB: 14534	GB: 14534	Cor: 0	Pts: 115628
Particle (8):: Fit: 0.0111226	PB: 0.0111226	LB: 14534	GB: 14534	Cor: 0	Pts: 60721
Particle (31):: Fit: 0.128042	PB: 0.128042	LB: 0.134578	GB: 14534	Cor: 0	Pts: 75621
Particle (29):: Fit: 0.131322	PB: 0.131322	LB: 0.134578	GB: 14534	Cor: 0	Pts: 65519
Particle (15):: Fit: 0.140883	PB: 0.140883	LB: 0.140883	GB: 14534	Cor: 0	Pts: 155916
Particle (44):: Fit: 0.011345	PB: 0.011345	LB: 0.135976	GB: 14534	Cor: 0	Pts: 60214
Particle (18):: Fit: 0.125163	PB: 0.125163	LB: 0.140883	GB: 14534	Cor: 0	Pts: 55613
Particle (1):: Fit: 0.13756	PB: 0.13756	LB: 14534	GB: 14534	Cor: 0	Pts: 115710
Particle (29):: Fit: 0.13595	PB: 0.13595	LB: 0.13595	GB: 14534	Cor: 0	Pts: 85611
Particle (26):: Fit: 0.129849	PB: 0.129849	LB: 0.136992	GB: 14534	Cor: 0	Pts: 60411
Particle (22):: Fit: 0.130483	PB: 0.130483	LB: 0.136992	GB: 14534	Cor: 0	Pts: 55804
Particle (7):: Fit: 0.118419	PB: 0.118419	LB: 14534	GB: 14534	Cor: 0	Pts: 70606
Particle (3):: Fit: 0.128571	PB: 0.128571	LB: 14534	GB: 14534	Cor: 0	Pts: 75604
Particle (39):: Fit: 0.130042	PB: 0.130042	LB: 0.1376	GB: 14534	Cor: 0	Pts: 130901
Particle (2):: Fit: 0.132787	PB: 0.132787	LB: 14534	GB: 14534	Cor: 0	Pts: 55601
Particle (3):: Fit: 0.137137	PB: 0.137137	LB: 14534	GB: 14534	Cor: 0	Pts: 75701
Particle (35):: Fit: 0.134562	PB: 0.134562	LB: 0.1376	GB: 14534	Cor: 0	Pts: 55696
Particle (9):: Fit: 0.131184	PB: 0.131184	LB: 14534	GB: 14534	Cor: 0	Pts: 110897
Particle (25):: Fit: 0.1311	PB: 0.1311	LB: 0.136992	GB: 14534	Cor: 0	Pts: 55894
Particle (26):: Fit: 0.135741	PB: 0.135741	LB: 0.136992	GB: 14534	Cor: 0	Pts: 60492
Particle (36):: Fit: 0.120944	PB: 0.120944	LB: 0.1376	GB: 14534	Cor: 0	Pts: 55868
Particle (36):: Fit: 0.127924	PB: 0.127924	LB: 0.1376	GB: 14534	Cor: 0	Pts: 55967
Particle (20):: Fit: 0.133811	PB: 0.133811	LB: 0.136992	GB: 14534	Cor: 0	Pts: 120359
Particle (41):: Fit: 0.137407	PB: 0.137407	LB: 0.1376	GB: 14534	Cor: 0	Pts: 130876
Particle (31):: Fit: 0.134587	PB: 0.134587	LB: 0.13595	GB: 14534	Cor: 0	Pts: 75670
Particle (7):: Fit: 0.128954	PB: 0.128954	LB: 14534	GB: 14534	Cor: 0	Pts: 70667
Particle (17):: Fit: 0.134392	PB: 0.134392	LB: 0.140883	GB: 14534	Cor: 0	Pts: 76156
Particle (42):: Fit: 0.131278	PB: 0.131278	LB: 0.137407	GB: 14534	Cor: 0	Pts: 451064
Particle (36):: Fit: 0.13394	PB: 0.13394	LB: 0.1376	GB: 14534	Cor: 0	Pts: 56048
Particle (45):: Fit: 0.123771	PB: 0.123771	LB: 0.138468	GB: 14534	Cor: 0	Pts: 115761
Particle (31):: Fit: 0.135881	PB: 0.135881	LB: 0.13595	GB: 14534	Cor: 0	Pts: 75759
Particle (38):: Fit: 0.011633	PB: 0.011633	LB: 0.1376	GB: 14534	Cor: 0	Pts: 60750
Particle (49):: Fit: 0.124722	PB: 0.124722	LB: 0.138468	GB: 14534	Cor: 0	Pts: 230348
Particle (45):: Fit: 0.138845	PB: 0.138845	LB: 0.138845	GB: 14534	Cor: 0	Pts: 165845
Particle (44):: Fit: 0.129861	PB: 0.129861	LB: 0.138845	GB: 14534	Cor: 0	Pts: 60245
Particle (8):: Fit: 0.0112703	PB: 0.0112703	LB: 14534	GB: 14534	Cor: 0	Pts: 60742
Particle (24):: Fit: 0.129928	PB: 0.129928	LB: 0.136992	GB: 14534	Cor: 0	Pts: 205339
Particle (30):: Fit: 0.13417	PB: 0.13417	LB: 0.13595	GB: 14534	Cor: 0	Pts: 110629
Particle (34):: Fit: 0.133376	PB: 0.133376	LB: 0.1376	GB: 14534	Cor: 0	Pts: 60530
Particle (40):: Fit: 0.135716	PB: 0.135716	LB: 0.138845	GB: 14534	Cor: 0	Pts: 65836
Particle (18):: Fit: 0.12948	PB: 0.12948	LB: 0.140883	GB: 14534	Cor: 0	Pts: 55634
Particle (10):: Fit: 0.133835	PB: 0.133835	LB: 0.140883	GB: 14534	Cor: 0	Pts: 215623
Particle (22):: Fit: 0.131169	PB: 0.131169	LB: 0.136992	GB: 14534	Cor: 0	Pts: 55821
Particle (9):: Fit: 0.131272	PB: 0.131272	LB: 14534	GB: 14534	Cor: 0	Pts: 110918
Particle (31):: Fit: 0.137933	PB: 0.137933	LB: 0.137933	GB: 14534	Cor: 0	Pts: 125819
Particle (7):: Fit: 0.130088	PB: 0.130088	LB: 14534	GB: 14534	Cor: 0	Pts: 70714
Particle (27):: Fit: 0.133773	PB: 0.133773	LB: 0.137933	GB: 14534	Cor: 0	Pts: 60512
Particle (16):: Fit: 0.139263	PB: 0.139263	LB: 0.140883	GB: 14534	Cor: 0	Pts: 135604
Particle (20):: Fit: 0.134333	PB: 0.134333	LB: 0.139263	GB: 14534	Cor: 0	Pts: 120383
Particle (18):: Fit: 0.131849	PB: 0.131849	LB: 0.140883	GB: 14534	Cor: 0	Pts: 55700
Particle (14):: Fit: 0.133783	PB: 0.133783	LB: 0.140883	GB: 14534	Cor: 0	Pts: 90295
Particle (19):: Fit: 0.130892	PB: 0.130892	LB: 0.140883	GB: 14534	Cor: 0	Pts: 125194
Particle (41):: Fit: 0.140731	PB: 0.140731	LB: 0.140731	GB: 14534	Cor: 0	Pts: 180892
Particle (24):: Fit: 0.136716	PB: 0.136716	LB: 0.136992	GB: 14534	Cor: 0	Pts: 205384
Particle (9):: Fit: 0.13773	PB: 0.13773	LB: 14534	GB: 14534	Cor: 0	Pts: 110979
Particle (16):: Fit: 0.141925	PB: 0.141925	LB: 0.141925	GB: 14534	Cor: 0	Pts: 185680
Particle (28):: Fit: 0.130404	PB: 0.130404	LB: 0.137933	GB: 14534	Cor: 0	Pts: 335485
Particle (39):: Fit: 0.133136	PB: 0.133136	LB: 0.140731	GB: 14534	Cor: 0	Pts: 130874
Particle (19):: Fit: 0.131657	PB: 0.131657	LB: 0.141925	GB: 14534	Cor: 0	Pts: 125268
Particle (28):: Fit: 0.130532	PB: 0.130532	LB: 0.137933	GB: 14534	Cor: 0	Pts: 335573
Particle (13):: Fit: 0.134402	PB: 0.134402	LB: 0.141925	GB: 14534	Cor: 0	Pts: 110570
Particle (33):: Fit: 0.136677	PB: 0.136677	LB: 0.137933	GB: 14534	Cor: 0	Pts: 215558
Particle (27):: Fit: 0.141085	PB: 0.141085	LB: 0.141085	GB: 14534	Cor: 0	Pts: 110550
Particle (19):: Fit: 0.13529	PB: 0.13529	LB: 0.141925	GB: 14534	Cor: 0	Pts: 125338
Particle (42):: Fit: 0.131381	PB: 0.131381	LB: 0.140731	GB: 14534	Cor: 0	Pts: 451025
Particle (25):: Fit: 0.131428	PB: 0.131428	LB: 0.141085	GB: 14534	Cor: 0	Pts: 55828
Particle (8):: Fit: 0.0112901	PB: 0.0112901	LB: 14534	GB: 14534	Cor: 0	Pts: 60727
Particle (35):: Fit: 0.138738	PB: 0.138738	LB: 0.138738	GB: 14534	Cor: 0	Pts: 75612
Particle (42):: Fit: 0.137893	PB: 0.137893	LB: 0.140731	GB: 14534	Cor: 0	Pts: 451113
Particle (22):: Fit: 0.135719	PB: 0.135719	LB: 0.141085	GB: 14534	Cor: 0	Pts: 55808
Particle (39):: Fit: 0.13584	PB: 0.13584	LB: 0.140731	GB: 14534	Cor: 0	Pts: 130907
Particle (47):: Fit: 0.134894	PB: 0.134894	LB: 0.138845	GB: 14534	Cor: 0	Pts: 160312
Particle (32):: Fit: 0.131185	PB: 0.131185	LB: 0.138738	GB: 14534	Cor: 0	Pts: 55907
Particle (39):: Fit: 0.139226	PB: 0.139226	LB: 0.140731	GB: 14534	Cor: 0	Pts: 141001
Particle (8):: Fit: 0.118231	PB: 0.118231	LB: 14534	GB: 14534	Cor: 0	Pts: 60802
Particle (4):: Fit: 0.119854	PB: 0.119854	LB: 14534	GB: 14534	Cor: 0	Pts: 110194
Particle (49):: Fit: 0.130082	PB: 0.130082	LB: 0.138845	GB: 14534	Cor: 0	Pts: 230284
Particle (37):: Fit: 0.141634	PB: 0.141634	LB: 0.141634	GB: 14534	Cor: 0	Pts: 195280
Particle (1):: Fit: 0.139775	PB: 0.139775	LB: 14534	GB: 14534	Cor: 0	Pts: 135545
Particle (10):: Fit: 0.13576	PB: 0.13576	LB: 0.140883	GB: 14534	Cor: 0	Pts: 215534
Particle (34):: Fit: 0.13976	PB: 0.13976	LB: 0.141634	GB: 14534	Cor: 0	Pts: 60419
Particle (18):: Fit: 0.133488	PB: 0.133488	LB: 0.141925	GB: 14534	Cor: 0	Pts: 55627
Particle (19):: Fit: 0.138693	PB: 0.138693	LB: 0.141925	GB: 14534	Cor: 0	Pts: 130319
Particle (17):: Fit: 0.134659	PB: 0.134659	LB: 0.141925	GB: 14534	Cor: 0	Pts: 76008
Particle (9):: Fit: 0.137731	PB: 0.137731	LB: 14534	GB: 14534	Cor: 0	Pts: 110912
Particle (2):: Fit: 0.135996	PB: 0.135996	LB: 14534	GB: 14534	Cor: 0	Pts: 55416
Particle (30):: Fit: 0.135492	PB: 0.135492	LB: 0.141085	GB: 14534	Cor: 0	Pts: 110504
Particle (28):: Fit: 0.137164	PB: 0.137164	LB: 0.141085	GB: 14534	Cor: 0	Pts: 335512
Particle (30):: Fit: 0.135678	PB: 0.135678	LB: 0.141085	GB: 14534	Cor: 0	Pts: 110591
Particle (36):: Fit: 0.134557	PB: 0.134557	LB: 0.141634	GB: 14534	Cor: 0	Pts: 55879
Particle (19):: Fit: 0.142268	PB: 0.142268	LB: 0.142268	GB: 14534	Cor: 0	Pts: 180390
Particle (32):: Fit: 0.135612	PB: 0.135612	LB: 0.141634	GB: 14534	Cor: 0	Pts: 55883
Particle (2):: Fit: 0.139462	PB: 0.139462	LB: 14534	GB: 14534	Cor: 0	Pts: 55481
Particle (12):: Fit: 0.139231	PB: 0.139231	LB: 0.141925	GB: 14534	Cor: 0	Pts: 60573
Particle (18):: Fit: 0.138032	PB: 0.138032	LB: 0.142268	GB: 14534	Cor: 0	Pts: 55673
Particle (25):: Fit: 0.137919	PB: 0.137919	LB: 0.141085	GB: 14534	Cor: 0	Pts: 55769
Particle (25):: Fit: 0.140922	PB: 0.140922	LB: 0.141085	GB: 14534	Cor: 0	Pts: 55867
Particle (47):: Fit: 0.137458	PB: 0.137458	LB: 0.139775	GB: 14534	Cor: 0	Pts: 160265
Particle (11):: Fit: 0.119448	PB: 0.119448	LB: 0.141925	GB: 14534	Cor: 0	Pts: 205136
Particle (19):: Fit: 0.143221	PB: 0.143221	LB: 0.143221	GB: 14534	Cor: 0	Pts: 230440
Particle (43):: Fit: 0.139316	PB: 0.139316	LB: 0.140731	GB: 14534	Cor: 0	Pts: 105342
Particle (13):: Fit: 0.139213	PB: 0.139213	LB: 0.141925	GB: 14534	Cor: 0	Pts: 110432
Particle (38):: Fit: 0.0118052	PB: 0.0118052	LB: 0.141634	GB: 14534	Cor: 0	Pts: 60498
Particle (4):: Fit: 0.121327	PB: 0.121327	LB: 14534	GB: 14534	Cor: 0	Pts: 110094
Particle (6):: Fit: 0.139292	PB: 0.139292	LB: 14534	GB: 14534	Cor: 0	Pts: 60888
Particle (20):: Fit: 0.137307	PB: 0.137307	LB: 0.143221	GB: 14534	Cor: 0	Pts: 120164
Particle (12):: Fit: 0.139316	PB: 0.139316	LB: 0.141925	GB: 14534	Cor: 0	Pts: 60565
Particle (20):: Fit: 0.141945	PB: 0.141945	LB: 0.143221	GB: 14534	Cor: 0	Pts: 125233
Particle (40):: Fit: 0.139215	PB: 0.139215	LB: 0.141634	GB: 14534	Cor: 0	Pts: 65534
Particle (22):: Fit: 0.138558	PB: 0.138558	LB: 0.143221	GB: 14534	Cor: 0	Pts: 55616
Particle (29):: Fit: 0.136614	PB: 0.136614	LB: 0.141085	GB: 14534	Cor: 0	Pts: 85208
Particle (32):: Fit: 0.138803	PB: 0.138803	LB: 0.141634	GB: 14534	Cor: 0	Pts: 55793
Particle (33):: Fit: 0.1378	PB: 0.1378	LB: 0.141634	GB: 14534	Cor: 0	Pts: 215274
Particle (3):: Fit: 0.13807	PB: 0.13807	LB: 14534	GB: 14534	Cor: 0	Pts: 75241
Particle (9):: Fit: 0.137823	PB: 0.137823	LB: 14534	GB: 14534	Cor: 0	Pts: 110698
Particle (13):: Fit: 0.140702	PB: 0.140702	LB: 0.141925	GB: 14534	Cor: 0	Pts: 110275
Particle (35):: Fit: 0.140724	PB: 0.140724	LB: 0.141634	GB: 14534	Cor: 0	Pts: 75262
Particle (10):: Fit: 0.136529	PB: 0.136529	LB: 0.140883	GB: 14534	Cor: 0	Pts: 215249
Particle (11):: Fit: 0.122557	PB: 0.122557	LB: 0.141925	GB: 14534	Cor: 0	Pts: 204934
Particle (11):: Fit: 0.136372	PB: 0.136372	LB: 0.141925	GB: 14534	Cor: 0	Pts: 205030
Particle (39):: Fit: 0.141137	PB: 0.141137	LB: 0.141634	GB: 14534	Cor: 0	Pts: 150642
Particle (0):: Fit: 0.140006	PB: 0.140006	LB: 14534	GB: 14534	Cor: 0	Pts: 235091
Particle (33):: Fit: 0.141586	PB: 0.141586	LB: 0.141634	GB: 14534	Cor: 0	Pts: 235179
Particle (4):: Fit: 0.124889	PB: 0.124889	LB: 14534	GB: 14534	Cor: 0	Pts: 109828
Particle (17):: Fit: 0.137369	PB: 0.137369	LB: 0.143221	GB: 14534	Cor: 0	Pts: 75631
Particle (9):: Fit: 0.13846	PB: 0.13846	LB: 14534	GB: 14534	Cor: 0	Pts: 110631
Particle (31):: Fit: 0.138504	PB: 0.138504	LB: 0.141586	GB: 14534	Cor: 0	Pts: 125225
Particle (9):: Fit: 0.142064	PB: 0.142064	LB: 14534	GB: 14534	Cor: 0	Pts: 130716
Particle (26):: Fit: 0.136866	PB: 0.136866	LB: 0.141085	GB: 14534	Cor: 0	Pts: 59807
Particle (37):: Fit: 0.143615	PB: 0.143615	LB: 0.143615	GB: 14534	Cor: 0	Pts: 244817
Particle (7):: Fit: 0.131015	PB: 0.131015	LB: 14534	GB: 14534	Cor: 0	Pts: 70080
Particle (22):: Fit: 0.141527	PB: 0.141527	LB: 0.143221	GB: 14534	Cor: 0	Pts: 65382
Particle (36):: Fit: 0.135837	PB: 0.135837	LB: 0.143615	GB: 14534	Cor: 0	Pts: 55429
Particle (45):: Fit: 0.140002	PB: 0.140002	LB: 0.140731	GB: 14534	Cor: 0	Pts: 165145
Particle (7):: Fit: 0.142867	PB: 0.142867	LB: 14534	GB: 14534	Cor: 0	Pts: 80115
Particle (23):: Fit: 0.138791	PB: 0.138791	LB: 0.143221	GB: 14534	Cor: 0	Pts: 165198
Particle (33):: Fit: 0.141908	PB: 0.141908	LB: 0.143615	GB: 14534	Cor: 0	Pts: 255108
Particle (6):: Fit: 0.140443	PB: 0.140443	LB: 14534	GB: 14534	Cor: 0	Pts: 60487
Particle (17):: Fit: 0.137599	PB: 0.137599	LB: 0.143221	GB: 14534	Cor: 0	Pts: 75564
Particle (3):: Fit: 0.140452	PB: 0.140452	LB: 14534	GB: 14534	Cor: 0	Pts: 84944
Particle (36):: Fit: 0.136833	PB: 0.136833	LB: 0.143615	GB: 14534	Cor: 0	Pts: 55417
Particle (17):: Fit: 0.139112	PB: 0.139112	LB: 0.143221	GB: 14534	Cor: 0	Pts: 75608
Particle (29):: Fit: 0.137818	PB: 0.137818	LB: 0.141908	GB: 14534	Cor: 0	Pts: 84787
Particle (47):: Fit: 0.139948	PB: 0.139948	LB: 0.140006	GB: 14534	Cor: 0	Pts: 159674
Particle (42):: Fit: 0.13807	PB: 0.13807	LB: 0.141137	GB: 14534	Cor: 0	Pts: 450351
Particle (38):: Fit: 0.108908	PB: 0.108908	LB: 0.143615	GB: 14534	Cor: 0	Pts: 59827
Particle (38):: Fit: 0.124536	PB: 0.124536	LB: 0.143615	GB: 14534	Cor: 0	Pts: 59843
Particle (0):: Fit: 0.140141	PB: 0.140141	LB: 14534	GB: 14534	Cor: 0	Pts: 244638
Particle (26):: Fit: 0.137407	PB: 0.137407	LB: 0.141527	GB: 14534	Cor: 0	Pts: 59406
Particle (20):: Fit: 14528.9	PB: 14528.9	LB: 14528.9	GB: 14534	Cor: 0	Pts: 174500
Particle (33):: Fit: 0.142226	PB: 0.142226	LB: 0.143615	GB: 14534	Cor: 0	Pts: 274787
Particle (36):: Fit: 0.139288	PB: 0.139288	LB: 0.143615	GB: 14534	Cor: 0	Pts: 55151
Particle (8):: Fit: 0.119049	PB: 0.119049	LB: 14534	GB: 14534	Cor: 0	Pts: 59763
Particle (13):: Fit: 14422.8	PB: 14422.8	LB: 14422.8	GB: 14534	Cor: 0	Pts: 134671
Particle (9):: Fit: 14452.9	PB: 14452.9	LB: 14534	GB: 14534	Cor: 0	Pts: 150255
Particle (29):: Fit: 0.140017	PB: 0.140017	LB: 0.142226	GB: 14534	Cor: 0	Pts: 84527
Particle (31):: Fit: 0.140547	PB: 0.140547	LB: 0.142226	GB: 14534	Cor: 0	Pts: 124703
Particle (43):: Fit: 0.140474	PB: 0.140474	LB: 0.141137	GB: 14534	Cor: 0	Pts: 114333
Particle (24):: Fit: 0.137676	PB: 0.137676	LB: 14528.9	GB: 14534	Cor: 0	Pts: 204119
Particle (46):: Fit: 0.121556	PB: 0.121556	LB: 0.140474	GB: 14534	Cor: 0	Pts: 49461
Particle (29):: Fit: 14411.6	PB: 14411.6	LB: 14411.6	GB: 14534	Cor: 0	Pts: 129447
Particle (1):: Fit: 0.140668	PB: 0.140668	LB: 14534	GB: 14534	Cor: 0	Pts: 154300
Particle (38):: Fit: 0.124545	PB: 0.124545	LB: 0.143615	GB: 14534	Cor: 0	Pts: 59571
Particle (30):: Fit: 0.140066	PB: 0.140066	LB: 14411.6	GB: 14534	Cor: 0	Pts: 109376
Global Best: 
  Inner Net 1
  -- 1 : 1 = 0.264542
  -- 1 : 2 = 0.427236
  -- 1 : 3 = -0.160676
  -- 1 : 4 = 0.116737
  -- 1 : 5 = 0.357068
  -- 2 : 1 = 0.252166
  -- 2 : 2 = 0.0722155
  -- 2 : 3 = 0.0829271
  -- 2 : 4 = 0.151709
  -- 2 : 5 = 0.845159
  -- 3 : 1 = 0.167363
  -- 3 : 2 = -0.00126521
  -- 3 : 3 = 0.1909
  -- 3 : 4 = 0.39179
  -- 3 : 5 = -0.124828
  -- 4 : 1 = 0.422109
  -- 4 : 2 = -0.188285
  -- 4 : 3 = 0.0489007
  -- 4 : 4 = 0.349771
  -- 4 : 5 = -0.108936
  -- 5 : 1 = 0.66696
  -- 5 : 2 = -0.0634732
  -- 5 : 3 = 0.0890254
  -- 5 : 4 = 0.120711
  -- 5 : 5 = 0.227633
  -- 6 : 1 = -0.0589838
  -- 6 : 2 = -0.0158725
  -- 6 : 3 = 0.12106
  -- 6 : 4 = 0.217162
  -- 6 : 5 = 0.217681
  Inner Net 2
  -- 1 : 1 = 0.567256
  -- 1 : 2 = 0.0176847
  -- 2 : 1 = 0.0446511
  -- 2 : 2 = -0.200113
  -- 3 : 1 = -0.524153
  -- 3 : 2 = -0.267575
  -- 4 : 1 = -0.019985
  -- 4 : 2 = 0.018818
  -- 5 : 1 = -0.124688
  -- 5 : 2 = 0.108048
Out\Act	False		True
False	0.625892	0.216088	0.84198
True	0.0675869	0.0904331	0.15802
	0.693479	0.306521
	Accuracy [ (tp + tn) / testSize ]: 0.716326
	Precision [ tp / (tp + fp) ]:      0.294574
	Sensitivity [ tp / (tp + fn) ]:    0.570571
	Specificity [ tn / (tn + fp) ]:    0.742938
	F-Score [ 2tp / (2tp + fp + fn) ]: 0.388946
