
Date / Time: Fri Mar 31 04:30:42 2017

   ****************************************
   * PSO Neural Net (Gaussian Activation) *
   *       by William Boler, BSCE         *
   *     Research Assistant, IUPUI        *
   *                                      *
   *  Professor: Dr. Lauren Christopher   *
   *     Created: March 13, 2017          *
   ****************************************


Inputs: 6
Inner Nets: 1
 - 5
Tests per train(min): 100
Particles: 50
Neighbors: 10
Minimum Particle Iterations: 1000
Particle (0):: Fit: 8.01497e-005	PB: 8.01497e-005	LB: 8.01497e-005	GB: 8.01497e-005	Conf: 1.96479	Pts: 110099
Particle (1):: Fit: 9.64711e-005	PB: 9.64711e-005	LB: 9.64711e-005	GB: 9.64711e-005	Conf: 1.98622	Pts: 110099
Particle (2):: Fit: 9.65047e-005	PB: 9.65047e-005	LB: 9.65047e-005	GB: 9.65047e-005	Conf: 1.52993	Pts: 110099
Particle (3):: Fit: 7.40895e-005	PB: 7.40895e-005	LB: 9.65047e-005	GB: 9.65047e-005	Conf: 1.59783	Pts: 55099
Particle (4):: Fit: 9.03533e-005	PB: 9.03533e-005	LB: 9.65047e-005	GB: 9.65047e-005	Conf: 1.08794	Pts: 60099
Particle (5):: Fit: 0.00104655	PB: 0.00104655	LB: 0.00104655	GB: 0.00104655	Conf: 1.65262	Pts: 110099
Particle (6):: Fit: 0.000100232	PB: 0.000100232	LB: 0.00104655	GB: 0.00104655	Conf: 0.653301	Pts: 55099
Particle (7):: Fit: 0.00108276	PB: 0.00108276	LB: 0.00108276	GB: 0.00108276	Conf: 0.716027	Pts: 110099
Particle (8):: Fit: 0.000120949	PB: 0.000120949	LB: 0.00108276	GB: 0.00108276	Conf: 1.91885	Pts: 55099
Particle (9):: Fit: 0.00010871	PB: 0.00010871	LB: 0.00108276	GB: 0.00108276	Conf: 2	Pts: 55099
Particle (10):: Fit: 9.23909e-005	PB: 9.23909e-005	LB: 0.00108276	GB: 0.00108276	Conf: 2	Pts: 55099
Particle (11):: Fit: 0.000106672	PB: 0.000106672	LB: 0.00108276	GB: 0.00108276	Conf: 0.0333377	Pts: 60099
Particle (12):: Fit: 0.000104632	PB: 0.000104632	LB: 0.000120949	GB: 0.00108276	Conf: 1.88559	Pts: 55099
Particle (13):: Fit: 0.00011075	PB: 0.00011075	LB: 0.00011075	GB: 0.00108276	Conf: 2	Pts: 75099
Particle (14):: Fit: 8.61413e-006	PB: 8.61413e-006	LB: 0.00011075	GB: 0.00108276	Conf: 0.407989	Pts: 55099
Particle (15):: Fit: 9.23913e-005	PB: 9.23913e-005	LB: 0.00011075	GB: 0.00108276	Conf: 1.90705	Pts: 60099
Particle (16):: Fit: 0.000104631	PB: 0.000104631	LB: 0.00011075	GB: 0.00108276	Conf: 1.68104	Pts: 65099
Particle (17):: Fit: 8.62754e-005	PB: 8.62754e-005	LB: 0.00011075	GB: 0.00108276	Conf: 0.891821	Pts: 55099
Particle (18):: Fit: 9.44559e-005	PB: 9.44559e-005	LB: 0.000104631	GB: 0.00108276	Conf: 1.10017	Pts: 60099
Particle (19):: Fit: 0.000105755	PB: 0.000105755	LB: 0.000105755	GB: 0.00108276	Conf: 1.11173	Pts: 80099
Particle (20):: Fit: 0.00102471	PB: 0.00102471	LB: 0.00102471	GB: 0.00108276	Conf: 1.78449	Pts: 100099
Particle (21):: Fit: 0.00011484	PB: 0.00011484	LB: 0.00102471	GB: 0.00108276	Conf: 0.642995	Pts: 55099
Particle (22):: Fit: 9.03546e-005	PB: 9.03546e-005	LB: 0.00102471	GB: 0.00108276	Conf: 0.202251	Pts: 55099
Particle (23):: Fit: 9.85108e-005	PB: 9.85108e-005	LB: 0.00102471	GB: 0.00108276	Conf: 2	Pts: 60099
Particle (24):: Fit: 9.65136e-005	PB: 9.65136e-005	LB: 0.00102471	GB: 0.00108276	Conf: 1.89682	Pts: 55099
Particle (25):: Fit: 0.000106678	PB: 0.000106678	LB: 0.00011484	GB: 0.00108276	Conf: 0.307445	Pts: 70099
Particle (26):: Fit: 0.000125028	PB: 0.000125028	LB: 0.000125028	GB: 0.00108276	Conf: 2	Pts: 80099
Particle (27):: Fit: 0.000114837	PB: 0.000114837	LB: 0.000125028	GB: 0.00108276	Conf: 1.03684	Pts: 55099
Particle (28):: Fit: 0.000104631	PB: 0.000104631	LB: 0.000125028	GB: 0.00108276	Conf: 1.97987	Pts: 55099
Particle (29):: Fit: 9.24261e-005	PB: 9.24261e-005	LB: 0.000125028	GB: 0.00108276	Conf: 1.93366	Pts: 55099
Particle (30):: Fit: 9.6474e-005	PB: 9.6474e-005	LB: 0.000125028	GB: 0.00108276	Conf: 0.817571	Pts: 60099
Particle (31):: Fit: 0.000104631	PB: 0.000104631	LB: 0.000114837	GB: 0.00108276	Conf: 2	Pts: 65099
Particle (32):: Fit: 0.000114832	PB: 0.000114832	LB: 0.000114832	GB: 0.00108276	Conf: 0.511217	Pts: 75099
Particle (33):: Fit: 0.000118864	PB: 0.000118864	LB: 0.000118864	GB: 0.00108276	Conf: 0.52119	Pts: 85099
Particle (34):: Fit: 0.000102597	PB: 0.000102597	LB: 0.000118864	GB: 0.00108276	Conf: 0.721198	Pts: 55099
Particle (35):: Fit: 0.000106677	PB: 0.000106677	LB: 0.000118864	GB: 0.00108276	Conf: 0.390261	Pts: 60099
Particle (36):: Fit: 0.000100551	PB: 0.000100551	LB: 0.000118864	GB: 0.00108276	Conf: 2	Pts: 55099
Particle (37):: Fit: 0.00011279	PB: 0.00011279	LB: 0.000118864	GB: 0.00108276	Conf: 2	Pts: 70099
Particle (38):: Fit: 0.000100551	PB: 0.000100551	LB: 0.00011279	GB: 0.00108276	Conf: 2	Pts: 55099
Particle (39):: Fit: 9.2072e-005	PB: 9.2072e-005	LB: 0.00011279	GB: 0.00108276	Conf: 0.990893	Pts: 55099
Particle (40):: Fit: 8.41953e-005	PB: 8.41953e-005	LB: 0.00011279	GB: 0.00108276	Conf: 1.09784	Pts: 55099
Particle (41):: Fit: 0.00010871	PB: 0.00010871	LB: 0.00011279	GB: 0.00108276	Conf: 2	Pts: 70099
Particle (42):: Fit: 0.000983602	PB: 0.000983602	LB: 0.000983602	GB: 0.00108276	Conf: 1.77568	Pts: 100099
Particle (43):: Fit: 0.000122992	PB: 0.000122992	LB: 0.000983602	GB: 0.00108276	Conf: 1.72818	Pts: 55099
Particle (44):: Fit: 0.00011075	PB: 0.00011075	LB: 0.000983602	GB: 0.00108276	Conf: 2	Pts: 55099
Particle (45):: Fit: 0.00010871	PB: 0.00010871	LB: 0.000983602	GB: 0.00108276	Conf: 2	Pts: 55099
Particle (46):: Fit: 0.000120955	PB: 0.000120955	LB: 0.000983602	GB: 0.00108276	Conf: 1.70475	Pts: 60099
Particle (47):: Fit: 0.000106744	PB: 0.000106744	LB: 0.000122992	GB: 0.00108276	Conf: 1.8631	Pts: 50099
Particle (48):: Fit: 0.00106739	PB: 0.00106739	LB: 0.00106739	GB: 0.00108276	Conf: 1.73438	Pts: 95099
Particle (49):: Fit: 8.47233e-006	PB: 8.47233e-006	LB: 0.00106739	GB: 0.00108276	Conf: 0.676305	Pts: 50099
Global: 0.00108276 - Correct: 52% of 100 tests
Global Best: 
  Inner Net 1
  -- 1 : 1 = 0.4985
  -- 1 : 2 = 0.1096
  -- 1 : 3 = 0.0797
  -- 1 : 4 = 0.2981
  -- 1 : 5 = 0.0181
  -- 2 : 1 = 0.3006
  -- 2 : 2 = 0.3196
  -- 2 : 3 = 0.9352
  -- 2 : 4 = 0.2942
  -- 2 : 5 = 0.3961
  -- 3 : 1 = 0.8019
  -- 3 : 2 = 0.0678
  -- 3 : 3 = 0.9271
  -- 3 : 4 = 0.9089
  -- 3 : 5 = 0.2844
  -- 4 : 1 = 0.1733
  -- 4 : 2 = 0.5505
  -- 4 : 3 = 0.9959
  -- 4 : 4 = 0.1014
  -- 4 : 5 = 0.6419
  -- 5 : 1 = 0.7099
  -- 5 : 2 = 0.0614
  -- 5 : 3 = 0.8926
  -- 5 : 4 = 0.4655
  -- 5 : 5 = 0.1854
  -- 6 : 1 = 0.4154
  -- 6 : 2 = 0.7389
  -- 6 : 3 = 0.7737
  -- 6 : 4 = 0.2599
  -- 6 : 5 = 0.5542
  Inner Net 2
  -- 1 : 1 = 0.4858
  -- 1 : 2 = 0.4624
  -- 2 : 1 = 0.0526
  -- 2 : 2 = -0.0311637
  -- 3 : 1 = -0.2678
  -- 3 : 2 = 0.4482
  -- 4 : 1 = -0.1985
  -- 4 : 2 = -0.0377
  -- 5 : 1 = -0.0123
  -- 5 : 2 = -0.1607
Out\Act	False		True
False	0.84198	0	0.84198
True	0.15802	0	0.15802
	1	0
	Accuracy [ (tp + tn) / testSize ]: 0.84198
	Precision [ tp / (tp + fp) ]:      0
	Sensitivity [ tp / (tp + fn) ]:    0
	Specificity [ tn / (tn + fp) ]:    0.999435
	F-Score [ 2tp / (2tp + fp + fn) ]: 0
Particle (0):: Fit: 9.24262e-005	PB: 9.24262e-005	LB: 0.00106739	GB: 0.00108276	Conf: 1.93821	Pts: 110198
Particle (1):: Fit: 9.65134e-005	PB: 9.65134e-005	LB: 0.00106739	GB: 0.00108276	Conf: 1.96807	Pts: 110198
Particle (2):: Fit: 0.000923675	PB: 0.000923675	LB: 0.00108276	GB: 0.00108276	Conf: 1.47654	Pts: 110198
Particle (3):: Fit: 0.00112859	PB: 0.00112859	LB: 0.00112859	GB: 0.00112859	Conf: 1.50688	Pts: 115198
Particle (4):: Fit: 9.94956e-005	PB: 9.94956e-005	LB: 0.00112859	GB: 0.00112859	Conf: 0.65852	Pts: 60198
Particle (6):: Fit: 0.000112798	PB: 0.000112798	LB: 0.00112859	GB: 0.00112859	Conf: 0.820894	Pts: 55198
Particle (7):: Fit: 0.00118804	PB: 0.00118804	LB: 0.00118804	GB: 0.00118804	Conf: 1.22798	Pts: 170198
Particle (10):: Fit: 0.00011279	PB: 0.00011279	LB: 0.00118804	GB: 0.00118804	Conf: 2	Pts: 65198
Particle (14):: Fit: 9.01456e-006	PB: 9.01456e-006	LB: 0.00011279	GB: 0.00118804	Conf: 0.42165	Pts: 55198
Particle (15):: Fit: 0.0011073	PB: 0.0011073	LB: 0.0011073	GB: 0.00118804	Conf: 1.81589	Pts: 100198
Particle (17):: Fit: 0.00012299	PB: 0.00012299	LB: 0.0011073	GB: 0.00118804	Conf: 0.735371	Pts: 55198
Particle (18):: Fit: 0.000104648	PB: 0.000104648	LB: 0.0011073	GB: 0.00118804	Conf: 0.695586	Pts: 60198
Particle (20):: Fit: 0.0011486	PB: 0.0011486	LB: 0.0011486	GB: 0.00118804	Conf: 1.70283	Pts: 150198
Particle (22):: Fit: 0.000102598	PB: 0.000102598	LB: 0.0011486	GB: 0.00118804	Conf: 0.531496	Pts: 55198
Particle (23):: Fit: 0.000102591	PB: 0.000102591	LB: 0.0011486	GB: 0.00118804	Conf: 2	Pts: 60198
Particle (24):: Fit: 0.000108713	PB: 0.000108713	LB: 0.0011486	GB: 0.00118804	Conf: 1.92943	Pts: 55198
Particle (30):: Fit: 0.000108159	PB: 0.000108159	LB: 0.000125028	GB: 0.00118804	Conf: 0.093681	Pts: 60198
Particle (34):: Fit: 0.00010416	PB: 0.00010416	LB: 0.000118864	GB: 0.00118804	Conf: 0.517278	Pts: 55198
Particle (35):: Fit: 0.000114836	PB: 0.000114836	LB: 0.000118864	GB: 0.00118804	Conf: 0.189841	Pts: 60198
Particle (38):: Fit: 0.00010871	PB: 0.00010871	LB: 0.000983602	GB: 0.00118804	Conf: 2	Pts: 55198
Particle (47):: Fit: 0.00106698	PB: 0.00106698	LB: 0.00106739	GB: 0.00118804	Conf: 1.88784	Pts: 55198
Particle (49):: Fit: 0.000114847	PB: 0.000114847	LB: 0.00112859	GB: 0.00118804	Conf: 0.215803	Pts: 50197
Global: 0.00118804 - Correct: 51% of 100 tests
Global Best: 
  Inner Net 1
  -- 1 : 1 = 0.4985
  -- 1 : 2 = 0.1096
  -- 1 : 3 = 0.0797
  -- 1 : 4 = 0.2981
  -- 1 : 5 = 0.0181
  -- 2 : 1 = 0.3006
  -- 2 : 2 = 0.3196
  -- 2 : 3 = 0.9352
  -- 2 : 4 = 0.2942
  -- 2 : 5 = 0.3961
  -- 3 : 1 = 0.8019
  -- 3 : 2 = 0.0678
  -- 3 : 3 = 0.9271
  -- 3 : 4 = 0.9089
  -- 3 : 5 = 0.2844
  -- 4 : 1 = 0.1733
  -- 4 : 2 = 0.5505
  -- 4 : 3 = 0.9959
  -- 4 : 4 = 0.1014
  -- 4 : 5 = 0.6419
  -- 5 : 1 = 0.7099
  -- 5 : 2 = 0.0614
  -- 5 : 3 = 0.8926
  -- 5 : 4 = 0.4655
  -- 5 : 5 = 0.1854
  -- 6 : 1 = 0.4154
  -- 6 : 2 = 0.7389
  -- 6 : 3 = 0.7737
  -- 6 : 4 = 0.2599
  -- 6 : 5 = 0.5542
  Inner Net 2
  -- 1 : 1 = 0.15036
  -- 1 : 2 = -0.0376
  -- 2 : 1 = -0.27147
  -- 2 : 2 = 0.00797015
  -- 3 : 1 = -0.536305
  -- 3 : 2 = -0.0518
  -- 4 : 1 = -0.56363
  -- 4 : 2 = -0.306823
  -- 5 : 1 = -0.32338
  -- 5 : 2 = -0.0282915
Out\Act	False		True
False	0.84198	0	0.84198
True	0.15802	0	0.15802
	1	0
	Accuracy [ (tp + tn) / testSize ]: 0.84198
	Precision [ tp / (tp + fp) ]:      0
	Sensitivity [ tp / (tp + fn) ]:    0
	Specificity [ tn / (tn + fp) ]:    0.999435
	F-Score [ 2tp / (2tp + fp + fn) ]: 0
Particle (0):: Fit: 0.00104696	PB: 0.00104696	LB: 0.00112859	GB: 0.00118804	Conf: 1.98886	Pts: 110297
Particle (16):: Fit: 0.00110735	PB: 0.00110735	LB: 0.0011486	GB: 0.00118804	Conf: 1.8467	Pts: 80197
Particle (18):: Fit: 0.00114309	PB: 0.00114309	LB: 0.0011486	GB: 0.00118804	Conf: 0.503008	Pts: 70297
Particle (25):: Fit: 0.00011484	PB: 0.00011484	LB: 0.000125028	GB: 0.00118804	Conf: 0.555492	Pts: 70197
Particle (28):: Fit: 0.000118909	PB: 0.000118909	LB: 0.000125028	GB: 0.00118804	Conf: 1.78063	Pts: 65197
Particle (30):: Fit: 0.000108164	PB: 0.000108164	LB: 0.000125028	GB: 0.00118804	Conf: 0.738537	Pts: 60297
Particle (34):: Fit: 0.000104161	PB: 0.000104161	LB: 0.000118864	GB: 0.00118804	Conf: 0.550372	Pts: 55297
Particle (36):: Fit: 0.000127068	PB: 0.000127068	LB: 0.000127068	GB: 0.00118804	Conf: 2	Pts: 85197
Particle (39):: Fit: 0.00106462	PB: 0.00106462	LB: 0.00106462	GB: 0.00118804	Conf: 1.10477	Pts: 95197
Particle (40):: Fit: 0.000106719	PB: 0.000106719	LB: 0.00106462	GB: 0.00118804	Conf: 1.13268	Pts: 55197
Particle (42):: Fit: 0.00114815	PB: 0.00114815	LB: 0.00114815	GB: 0.00118804	Conf: 1.83336	Pts: 150197
Particle (44):: Fit: 0.000114881	PB: 0.000114881	LB: 0.00114815	GB: 0.00118804	Conf: 1.96855	Pts: 55197
Particle (0):: Fit: 0.00116921	PB: 0.00116921	LB: 0.00116921	GB: 0.00118804	Conf: 1.92219	Pts: 145396
Particle (1):: Fit: 0.000100551	PB: 0.000100551	LB: 0.00116921	GB: 0.00118804	Conf: 1.98231	Pts: 110296
Particle (6):: Fit: 0.00129083	PB: 0.00129083	LB: 0.00129083	GB: 0.00129083	Conf: 1.03335	Pts: 115296
Particle (8):: Fit: 0.000924363	PB: 0.000924363	LB: 0.00129083	GB: 0.00129083	Conf: 1.94349	Pts: 55196
Particle (11):: Fit: 0.000122991	PB: 0.000122991	LB: 0.00118804	GB: 0.00129083	Conf: 0.0472858	Pts: 60196
Particle (14):: Fit: 0.000114171	PB: 0.000114171	LB: 0.00114309	GB: 0.00129083	Conf: 0.478882	Pts: 55295
Particle (17):: Fit: 0.00102327	PB: 0.00102327	LB: 0.0011486	GB: 0.00129083	Conf: 1.35815	Pts: 55296
Particle (38):: Fit: 0.000116869	PB: 0.000116869	LB: 0.00114815	GB: 0.00129083	Conf: 2	Pts: 55296
Particle (39):: Fit: 0.00114608	PB: 0.00114608	LB: 0.00114815	GB: 0.00129083	Conf: 0.909902	Pts: 110296
Particle (42):: Fit: 0.00131074	PB: 0.00131074	LB: 0.00131074	GB: 0.00131074	Conf: 1.756	Pts: 210296
Global: 0.00131074 - Correct: 48% of 100 tests
Global Best: 
  Inner Net 1
  -- 1 : 1 = 0.1806
  -- 1 : 2 = 0.035
  -- 1 : 3 = 0.701
  -- 1 : 4 = 0.8094
  -- 1 : 5 = 0.6999
  -- 2 : 1 = 0.6758
  -- 2 : 2 = 0.945
  -- 2 : 3 = 0.0619
  -- 2 : 4 = 0.9232
  -- 2 : 5 = 0.5991
  -- 3 : 1 = 0.0188
  -- 3 : 2 = 0.7134
  -- 3 : 3 = 0.519
  -- 3 : 4 = 0.9903
  -- 3 : 5 = 0.6486
  -- 4 : 1 = 0.8254
  -- 4 : 2 = 0.606
  -- 4 : 3 = 0.0551
  -- 4 : 4 = 0.2951
  -- 4 : 5 = 0.0351
  -- 5 : 1 = 0.0842
  -- 5 : 2 = 0.0336
  -- 5 : 3 = 0.8223
  -- 5 : 4 = 0.7889
  -- 5 : 5 = 0.353
  -- 6 : 1 = 0.2433
  -- 6 : 2 = 0.4326
  -- 6 : 3 = 0.6698
  -- 6 : 4 = 0.3461
  -- 6 : 5 = 0.7663
  Inner Net 2
  -- 1 : 1 = -0.575661
  -- 1 : 2 = -0.126647
  -- 2 : 1 = -0.537424
  -- 2 : 2 = 0.00321988
  -- 3 : 1 = -0.788256
  -- 3 : 2 = -0.381797
  -- 4 : 1 = -0.152565
  -- 4 : 2 = 0.159374
  -- 5 : 1 = -0.0201659
  -- 5 : 2 = 0.181543
Out\Act	False		True
False	0.84198	0	0.84198
True	0.15802	0	0.15802
	1	0
	Accuracy [ (tp + tn) / testSize ]: 0.84198
	Precision [ tp / (tp + fp) ]:      0
	Sensitivity [ tp / (tp + fn) ]:    0
	Specificity [ tn / (tn + fp) ]:    0.999435
	F-Score [ 2tp / (2tp + fp + fn) ]: 0
Particle (9):: Fit: 0.00011075	PB: 0.00011075	LB: 0.00129083	GB: 0.00131074	Conf: 2	Pts: 55195
Particle (19):: Fit: 0.000116168	PB: 0.000116168	LB: 0.0011486	GB: 0.00131074	Conf: 0.135744	Pts: 80195
Particle (21):: Fit: 0.000118919	PB: 0.000118919	LB: 0.0011486	GB: 0.00131074	Conf: 0.794628	Pts: 55194
Particle (28):: Fit: 0.00114858	PB: 0.00114858	LB: 0.00114858	GB: 0.00131074	Conf: 1.88328	Pts: 105295
Particle (34):: Fit: 0.000110167	PB: 0.000110167	LB: 0.00114608	GB: 0.00131074	Conf: 0.530746	Pts: 55395
Particle (47):: Fit: 0.0011487	PB: 0.0011487	LB: 0.00116921	GB: 0.00131074	Conf: 1.90411	Pts: 55295
Particle (1):: Fit: 0.000110751	PB: 0.000110751	LB: 0.00129083	GB: 0.00131074	Conf: 1.97382	Pts: 110394
Particle (5):: Fit: 0.00121009	PB: 0.00121009	LB: 0.00129083	GB: 0.00131074	Conf: 1.46822	Pts: 115194
Particle (19):: Fit: 0.0119082	PB: 0.0119082	LB: 0.0119082	GB: 0.0119082	Conf: 0.276111	Pts: 140294
Particle (20):: Fit: 0.00122839	PB: 0.00122839	LB: 0.0119082	GB: 0.0119082	Conf: 1.67723	Pts: 155294
Particle (22):: Fit: 0.000104638	PB: 0.000104638	LB: 0.0119082	GB: 0.0119082	Conf: 0.65106	Pts: 55294
Particle (45):: Fit: 0.000116869	PB: 0.000116869	LB: 0.00131074	GB: 0.0119082	Conf: 2	Pts: 55194
Global: 0.0119082 - Correct: 54% of 100 tests
Global Best: 
  Inner Net 1
  -- 1 : 1 = 0.2964
  -- 1 : 2 = 0.9693
  -- 1 : 3 = 0.0726
  -- 1 : 4 = 0.5245
  -- 1 : 5 = 0.6467
  -- 2 : 1 = 0.4275
  -- 2 : 2 = 0.4765
  -- 2 : 3 = 0.1855
  -- 2 : 4 = 0.2072
  -- 2 : 5 = 0.2291
  -- 3 : 1 = 0.3437
  -- 3 : 2 = 0.7276
  -- 3 : 3 = 0.1628
  -- 3 : 4 = 0.194
  -- 3 : 5 = 0.114
  -- 4 : 1 = 0.2184
  -- 4 : 2 = 0.4484
  -- 4 : 3 = 0.1892
  -- 4 : 4 = 0.9784
  -- 4 : 5 = 0.2401
  -- 5 : 1 = 0.1065
  -- 5 : 2 = 0.7436
  -- 5 : 3 = 0.5292
  -- 5 : 4 = 0.1169
  -- 5 : 5 = 0.4374
  -- 6 : 1 = 0.7736
  -- 6 : 2 = 0.4623
  -- 6 : 3 = 0.7256
  -- 6 : 4 = 0.2786
  -- 6 : 5 = 0.0661
  Inner Net 2
  -- 1 : 1 = -0.188995
  -- 1 : 2 = 0.636136
  -- 2 : 1 = 0.320773
  -- 2 : 2 = -0.00182338
  -- 3 : 1 = -0.206492
  -- 3 : 2 = -0.172201
  -- 4 : 1 = 0.1324
  -- 4 : 2 = 0.472835
  -- 5 : 1 = -0.553557
  -- 5 : 2 = -0.00592034
Out\Act	False		True
False	0.84198	0	0.84198
True	0.15802	0	0.15802
	1	0
	Accuracy [ (tp + tn) / testSize ]: 0.84198
	Precision [ tp / (tp + fp) ]:      0
	Sensitivity [ tp / (tp + fn) ]:    0
	Specificity [ tn / (tn + fp) ]:    0.999435
	F-Score [ 2tp / (2tp + fp + fn) ]: 0
Particle (6):: Fit: 0.00130958	PB: 0.00130958	LB: 0.00130958	GB: 0.0119082	Conf: 0.769698	Pts: 165393
Particle (15):: Fit: 0.00114765	PB: 0.00114765	LB: 0.0119082	GB: 0.0119082	Conf: 1.69386	Pts: 110293
Particle (16):: Fit: 0.00120906	PB: 0.00120906	LB: 0.0119082	GB: 0.0119082	Conf: 1.72573	Pts: 95293
Particle (22):: Fit: 0.000118915	PB: 0.000118915	LB: 0.0119082	GB: 0.0119082	Conf: 0.154202	Pts: 55393
Particle (23):: Fit: 0.000122989	PB: 0.000122989	LB: 0.0119082	GB: 0.0119082	Conf: 2	Pts: 60293
Particle (28):: Fit: 0.00127151	PB: 0.00127151	LB: 0.00127151	GB: 0.0119082	Conf: 1.976	Pts: 150393
Particle (29):: Fit: 0.000108712	PB: 0.000108712	LB: 0.00127151	GB: 0.0119082	Conf: 1.91257	Pts: 55193
Particle (30):: Fit: 0.000110755	PB: 0.000110755	LB: 0.00127151	GB: 0.0119082	Conf: 0.923649	Pts: 60393
Particle (32):: Fit: 0.00104142	PB: 0.00104142	LB: 0.00127151	GB: 0.0119082	Conf: 0.8264	Pts: 80193
Particle (37):: Fit: 0.00011483	PB: 0.00011483	LB: 0.00131074	GB: 0.0119082	Conf: 2	Pts: 70193
Particle (39):: Fit: 0.0012676	PB: 0.0012676	LB: 0.00131074	GB: 0.0119082	Conf: 0.905125	Pts: 125393
Particle (1):: Fit: 0.000904132	PB: 0.000904132	LB: 0.00130958	GB: 0.0119082	Conf: 1.98637	Pts: 110492
Particle (9):: Fit: 0.000120949	PB: 0.000120949	LB: 0.00130958	GB: 0.0119082	Conf: 2	Pts: 55292
Particle (10):: Fit: 0.000120949	PB: 0.000120949	LB: 0.00130958	GB: 0.0119082	Conf: 2	Pts: 65292
Particle (12):: Fit: 0.000108712	PB: 0.000108712	LB: 0.00120906	GB: 0.0119082	Conf: 1.75212	Pts: 55192
Particle (13):: Fit: 0.000120949	PB: 0.000120949	LB: 0.00120906	GB: 0.0119082	Conf: 2	Pts: 75192
Particle (20):: Fit: 0.00129149	PB: 0.00129149	LB: 0.0119082	GB: 0.0119082	Conf: 1.86778	Pts: 160392
Particle (24):: Fit: 0.000112791	PB: 0.000112791	LB: 0.00129149	GB: 0.0119082	Conf: 1.93781	Pts: 55292
Particle (34):: Fit: 0.000110175	PB: 0.000110175	LB: 0.0012676	GB: 0.0119082	Conf: 0.459566	Pts: 55492
Particle (44):: Fit: 0.00118977	PB: 0.00118977	LB: 0.00131074	GB: 0.0119082	Conf: 1.98304	Pts: 65292
Particle (45):: Fit: 0.000118909	PB: 0.000118909	LB: 0.00131074	GB: 0.0119082	Conf: 2	Pts: 55292
Particle (8):: Fit: 0.00102632	PB: 0.00102632	LB: 0.00130958	GB: 0.0119082	Conf: 1.93558	Pts: 55291
Particle (18):: Fit: 0.00121121	PB: 0.00121121	LB: 0.0119082	GB: 0.0119082	Conf: 0.793049	Pts: 75391
Particle (31):: Fit: 0.00010871	PB: 0.00010871	LB: 0.00127151	GB: 0.0119082	Conf: 2	Pts: 65191
Particle (33):: Fit: 0.0115412	PB: 0.0115412	LB: 0.0115412	GB: 0.0119082	Conf: 0.391945	Pts: 135191
Particle (35):: Fit: 0.000129121	PB: 0.000129121	LB: 0.0115412	GB: 0.0119082	Conf: 0.632513	Pts: 60291
Particle (41):: Fit: 0.000131147	PB: 0.000131147	LB: 0.00131074	GB: 0.0119082	Conf: 2	Pts: 70191
Particle (0):: Fit: 0.00125097	PB: 0.00125097	LB: 0.00125097	GB: 0.0119082	Conf: 1.96031	Pts: 165490
Particle (12):: Fit: 0.000110889	PB: 0.000110889	LB: 0.00120906	GB: 0.0119082	Conf: 1.80017	Pts: 55290
Particle (29):: Fit: 0.000108712	PB: 0.000108712	LB: 0.0115412	GB: 0.0119082	Conf: 1.79433	Pts: 55290
Particle (30):: Fit: 0.000120957	PB: 0.000120957	LB: 0.0115412	GB: 0.0119082	Conf: 0.214568	Pts: 60490
Particle (34):: Fit: 0.000114179	PB: 0.000114179	LB: 0.0115412	GB: 0.0119082	Conf: 0.333895	Pts: 55590
Particle (2):: Fit: 0.00110823	PB: 0.00110823	LB: 0.00130958	GB: 0.0119082	Conf: 1.47495	Pts: 110289
Particle (17):: Fit: 0.00114792	PB: 0.00114792	LB: 0.0119082	GB: 0.0119082	Conf: 1.11289	Pts: 55389
Particle (35):: Fit: 0.000991792	PB: 0.000991792	LB: 0.0115412	GB: 0.0119082	Conf: 0.562086	Pts: 60389
Particle (39):: Fit: 0.00129219	PB: 0.00129219	LB: 0.00131074	GB: 0.0119082	Conf: 0.890934	Pts: 125489
Particle (9):: Fit: 0.000129108	PB: 0.000129108	LB: 0.00130958	GB: 0.0119082	Conf: 2	Pts: 55388
Particle (27):: Fit: 0.000116894	PB: 0.000116894	LB: 0.00127151	GB: 0.0119082	Conf: 0.977092	Pts: 55187
Particle (31):: Fit: 0.00011483	PB: 0.00011483	LB: 0.0115412	GB: 0.0119082	Conf: 2	Pts: 65288
Particle (22):: Fit: 0.000120178	PB: 0.000120178	LB: 0.0119082	GB: 0.0119082	Conf: 0.540467	Pts: 55487
Particle (29):: Fit: 0.000112792	PB: 0.000112792	LB: 0.0115412	GB: 0.0119082	Conf: 1.8794	Pts: 55387
Particle (1):: Fit: 0.00112857	PB: 0.00112857	LB: 0.00130958	GB: 0.0119082	Conf: 1.98784	Pts: 110586
Particle (12):: Fit: 0.00100615	PB: 0.00100615	LB: 0.00120906	GB: 0.0119082	Conf: 1.77595	Pts: 55386
Particle (17):: Fit: 0.0012092	PB: 0.0012092	LB: 0.0119082	GB: 0.0119082	Conf: 1.0155	Pts: 60486
Particle (31):: Fit: 0.000127068	PB: 0.000127068	LB: 0.0115412	GB: 0.0119082	Conf: 2	Pts: 65386
Particle (39):: Fit: 0.129258	PB: 0.129258	LB: 0.129258	GB: 0.129258	Conf: 0.990339	Pts: 185586
Global: 0.129258 - Correct: 61% of 100 tests
Global Best: 
  Inner Net 1
  -- 1 : 1 = 0.9712
  -- 1 : 2 = 0.0086
  -- 1 : 3 = 0.095
  -- 1 : 4 = 0.5246
  -- 1 : 5 = 0.846
  -- 2 : 1 = 0.4266
  -- 2 : 2 = 0.9449
  -- 2 : 3 = 0.181
  -- 2 : 4 = 0.0691
  -- 2 : 5 = 0.2205
  -- 3 : 1 = 0.5451
  -- 3 : 2 = 0.2146
  -- 3 : 3 = 0.1911
  -- 3 : 4 = 0.1366
  -- 3 : 5 = 0.0371
  -- 4 : 1 = 0.0804
  -- 4 : 2 = 0.5512
  -- 4 : 3 = 0.7461
  -- 4 : 4 = 0.8113
  -- 4 : 5 = 0.1478
  -- 5 : 1 = 0.7799
  -- 5 : 2 = 0.775
  -- 5 : 3 = 0.6898
  -- 5 : 4 = 0.8839
  -- 5 : 5 = 0.9323
  -- 6 : 1 = 0.855
  -- 6 : 2 = 0.7039
  -- 6 : 3 = 0.9911
  -- 6 : 4 = 0.4884
  -- 6 : 5 = 0.9141
  Inner Net 2
  -- 1 : 1 = -0.695209
  -- 1 : 2 = 0.179513
  -- 2 : 1 = -0.154878
  -- 2 : 2 = 0.159215
  -- 3 : 1 = -0.710018
  -- 3 : 2 = -0.196781
  -- 4 : 1 = -0.101679
  -- 4 : 2 = 0.499369
  -- 5 : 1 = -0.505668
  -- 5 : 2 = -0.0728867
Out\Act	False		True
False	0.799619	0.0423608	0.84198
True	0.110424	0.0475964	0.15802
	0.910043	0.0899572
	Accuracy [ (tp + tn) / testSize ]: 0.847216
	Precision [ tp / (tp + fp) ]:      0.526316
	Sensitivity [ tp / (tp + fn) ]:    0.3003
	Specificity [ tn / (tn + fp) ]:    0.949153
	F-Score [ 2tp / (2tp + fp + fn) ]: 0.383142
Particle (4):: Fit: 0.000103649	PB: 0.000103649	LB: 0.00130958	GB: 0.129258	Conf: 0.83804	Pts: 60277
Particle (16):: Fit: 0.00123029	PB: 0.00123029	LB: 0.0119082	GB: 0.129258	Conf: 1.80085	Pts: 110384
Particle (18):: Fit: 0.0107093	PB: 0.0107093	LB: 0.0119082	GB: 0.129258	Conf: 0.682573	Pts: 80484
Particle (39):: Fit: 14755.5	PB: 14755.5	LB: 14755.5	GB: 14755.5	Conf: 0.998568	Pts: 245684
Particle (48):: Fit: 0.00112726	PB: 0.00112726	LB: 0.00125097	GB: 14755.5	Conf: 1.69327	Pts: 95184
Global: 14755.5 - Correct: 63% of 100 tests
Global Best: 
  Inner Net 1
  -- 1 : 1 = 0.9712
  -- 1 : 2 = 0.0086
  -- 1 : 3 = 0.095
  -- 1 : 4 = 0.5246
  -- 1 : 5 = 0.846
  -- 2 : 1 = 0.4266
  -- 2 : 2 = 0.9449
  -- 2 : 3 = 0.181
  -- 2 : 4 = 0.0691
  -- 2 : 5 = 0.2205
  -- 3 : 1 = 0.5451
  -- 3 : 2 = 0.2146
  -- 3 : 3 = 0.1911
  -- 3 : 4 = 0.1366
  -- 3 : 5 = 0.0371
  -- 4 : 1 = 0.0804
  -- 4 : 2 = 0.5512
  -- 4 : 3 = 0.7461
  -- 4 : 4 = 0.8113
  -- 4 : 5 = 0.1478
  -- 5 : 1 = 0.7799
  -- 5 : 2 = 0.775
  -- 5 : 3 = 0.6898
  -- 5 : 4 = 0.8839
  -- 5 : 5 = 0.9323
  -- 6 : 1 = 0.855
  -- 6 : 2 = 0.7039
  -- 6 : 3 = 0.9911
  -- 6 : 4 = 0.4884
  -- 6 : 5 = 0.9141
  Inner Net 2
  -- 1 : 1 = -0.895769
  -- 1 : 2 = -0.121425
  -- 2 : 1 = -0.303193
  -- 2 : 2 = -0.183512
  -- 3 : 1 = 0.5
  -- 3 : 2 = 0.1144
  -- 4 : 1 = -0.0921092
  -- 4 : 2 = 0.109288
  -- 5 : 1 = -0.494839
  -- 5 : 2 = -0.301759
Out\Act	False		True
False	0.800095	0.0418848	0.84198
True	0.110424	0.0475964	0.15802
	0.910519	0.0894812
	Accuracy [ (tp + tn) / testSize ]: 0.847692
	Precision [ tp / (tp + fp) ]:      0.529101
	Sensitivity [ tp / (tp + fn) ]:    0.3003
	Specificity [ tn / (tn + fp) ]:    0.949718
	F-Score [ 2tp / (2tp + fp + fn) ]: 0.383877
Particle (7):: Fit: 0.00133029	PB: 0.00133029	LB: 0.00133029	GB: 14755.5	Conf: 1.00832	Pts: 220283
Particle (23):: Fit: 0.000125028	PB: 0.000125028	LB: 0.0119082	GB: 14755.5	Conf: 2	Pts: 60383
Particle (21):: Fit: 0.00011892	PB: 0.00011892	LB: 0.0119082	GB: 14755.5	Conf: 0.76643	Pts: 55281
Particle (25):: Fit: 0.00011688	PB: 0.00011688	LB: 0.00127151	GB: 14755.5	Conf: 0.454081	Pts: 70281
Particle (27):: Fit: 0.00101916	PB: 0.00101916	LB: 0.00127151	GB: 14755.5	Conf: 0.57941	Pts: 55277
Particle (30):: Fit: 0.000120961	PB: 0.000120961	LB: 0.0115412	GB: 14755.5	Conf: 0.591341	Pts: 60580
Particle (34):: Fit: 0.000124207	PB: 0.000124207	LB: 14755.5	GB: 14755.5	Conf: 0.560057	Pts: 55680
Particle (37):: Fit: 0.000116869	PB: 0.000116869	LB: 14755.5	GB: 14755.5	Conf: 2	Pts: 70280
Particle (7):: Fit: 0.0109198	PB: 0.0109198	LB: 0.0109198	GB: 14755.5	Conf: 0.728372	Pts: 270379
Particle (32):: Fit: 0.00108173	PB: 0.00108173	LB: 0.0115412	GB: 14755.5	Conf: 0.646198	Pts: 80278
Particle (15):: Fit: 0.00125097	PB: 0.00125097	LB: 0.0119082	GB: 14755.5	Conf: 1.86022	Pts: 115378
Particle (18):: Fit: 0.0111297	PB: 0.0111297	LB: 0.0119082	GB: 14755.5	Conf: 0.9179	Pts: 85578
Particle (14):: Fit: 0.00011484	PB: 0.00011484	LB: 0.0119082	GB: 14755.5	Conf: 0.429392	Pts: 55372
Particle (16):: Fit: 0.00127106	PB: 0.00127106	LB: 0.0119082	GB: 14755.5	Conf: 1.83176	Pts: 115476
Particle (24):: Fit: 0.000112844	PB: 0.000112844	LB: 0.00129149	GB: 14755.5	Conf: 1.92112	Pts: 55376
Particle (4):: Fit: 0.000123	PB: 0.000123	LB: 0.0109198	GB: 14755.5	Conf: 0.641249	Pts: 60364
Particle (5):: Fit: 0.00123023	PB: 0.00123023	LB: 0.0109198	GB: 14755.5	Conf: 1.50969	Pts: 115275
Particle (47):: Fit: 0.00118939	PB: 0.00118939	LB: 0.00125097	GB: 14755.5	Conf: 1.82294	Pts: 55372
Particle (48):: Fit: 0.00112857	PB: 0.00112857	LB: 0.00125097	GB: 14755.5	Conf: 1.76819	Pts: 95272
Particle (40):: Fit: 0.000960578	PB: 0.000960578	LB: 14755.5	GB: 14755.5	Conf: 1.25539	Pts: 55271
Particle (45):: Fit: 0.000122989	PB: 0.000122989	LB: 0.00131074	GB: 14755.5	Conf: 2	Pts: 55371
Particle (10):: Fit: 0.000129108	PB: 0.000129108	LB: 0.0109198	GB: 14755.5	Conf: 2	Pts: 65370
Particle (7):: Fit: 0.0113365	PB: 0.0113365	LB: 0.0113365	GB: 14755.5	Conf: 1.10853	Pts: 320469
Particle (19):: Fit: 0.0119237	PB: 0.0119237	LB: 0.0119237	GB: 14755.5	Conf: 0.920367	Pts: 190369
Particle (38):: Fit: 0.000118909	PB: 0.000118909	LB: 14755.5	GB: 14755.5	Conf: 2	Pts: 55368
Particle (9):: Fit: 0.000137266	PB: 0.000137266	LB: 0.0113365	GB: 14755.5	Conf: 2	Pts: 55467
Particle (29):: Fit: 0.000120953	PB: 0.000120953	LB: 0.0115412	GB: 14755.5	Conf: 1.85525	Pts: 55467
Particle (4):: Fit: 0.000924597	PB: 0.000924597	LB: 0.0113365	GB: 14755.5	Conf: 0.501342	Pts: 60449
Particle (22):: Fit: 0.000129109	PB: 0.000129109	LB: 0.0119237	GB: 14755.5	Conf: 0.0254027	Pts: 55564
Particle (9):: Fit: 0.000904131	PB: 0.000904131	LB: 0.0113365	GB: 14755.5	Conf: 1.98424	Pts: 55563
Particle (17):: Fit: 0.001269	PB: 0.001269	LB: 0.0119237	GB: 14755.5	Conf: 1.28181	Pts: 60563
Particle (32):: Fit: 0.00114901	PB: 0.00114901	LB: 0.0115412	GB: 14755.5	Conf: 0.622035	Pts: 80362
Particle (43):: Fit: 0.000131152	PB: 0.000131152	LB: 14755.5	GB: 14755.5	Conf: 1.65751	Pts: 55162
Particle (47):: Fit: 0.00118942	PB: 0.00118942	LB: 0.00125097	GB: 14755.5	Conf: 1.88269	Pts: 55462
Particle (14):: Fit: 0.000118916	PB: 0.000118916	LB: 0.0119237	GB: 14755.5	Conf: 0.181234	Pts: 55455
Particle (5):: Fit: 0.00133193	PB: 0.00133193	LB: 0.0113365	GB: 14755.5	Conf: 1.46158	Pts: 125359
Particle (8):: Fit: 0.00108768	PB: 0.00108768	LB: 0.0113365	GB: 14755.5	Conf: 1.96315	Pts: 55359
Particle (21):: Fit: 0.000123	PB: 0.000123	LB: 0.0119237	GB: 14755.5	Conf: 0.76972	Pts: 55356
Particle (5):: Fit: 14554.6	PB: 14554.6	LB: 14554.6	GB: 14755.5	Conf: 1.41018	Pts: 175456
Particle (25):: Fit: 0.000118921	PB: 0.000118921	LB: 0.00127151	GB: 14755.5	Conf: 0.539112	Pts: 70354
Particle (33):: Fit: 0.0125213	PB: 0.0125213	LB: 0.0125213	GB: 14755.5	Conf: 0.213496	Pts: 165253
Particle (24):: Fit: 0.000116871	PB: 0.000116871	LB: 0.00129149	GB: 14755.5	Conf: 1.9125	Pts: 55451
Particle (27):: Fit: 0.00107786	PB: 0.00107786	LB: 0.00127151	GB: 14755.5	Conf: 0.811752	Pts: 55343
Particle (32):: Fit: 0.00115432	PB: 0.00115432	LB: 0.0125213	GB: 14755.5	Conf: 1.23492	Pts: 80450
Particle (6):: Fit: 0.00133079	PB: 0.00133079	LB: 14554.6	GB: 14755.5	Conf: 0.943751	Pts: 165449
Particle (46):: Fit: 0.000985742	PB: 0.000985742	LB: 0.00131074	GB: 14755.5	Conf: 1.6163	Pts: 60150
Particle (8):: Fit: 0.00121008	PB: 0.00121008	LB: 14554.6	GB: 14755.5	Conf: 1.94332	Pts: 55449
Particle (38):: Fit: 0.000120949	PB: 0.000120949	LB: 14755.5	GB: 14755.5	Conf: 2	Pts: 55447
Particle (49):: Fit: 0.000116888	PB: 0.000116888	LB: 0.00125097	GB: 14755.5	Conf: 0.336137	Pts: 50246
Particle (27):: Fit: 0.00110189	PB: 0.00110189	LB: 0.00127151	GB: 14755.5	Conf: 0.940131	Pts: 55437
Particle (15):: Fit: 0.00127048	PB: 0.00127048	LB: 0.0119237	GB: 14755.5	Conf: 1.80542	Pts: 115444
Particle (49):: Fit: 0.00103721	PB: 0.00103721	LB: 0.00125097	GB: 14755.5	Conf: 0.915382	Pts: 50343
Particle (48):: Fit: 0.0011485	PB: 0.0011485	LB: 0.00125097	GB: 14755.5	Conf: 1.82833	Pts: 95343
Particle (35):: Fit: 0.00107399	PB: 0.00107399	LB: 14755.5	GB: 14755.5	Conf: 0.699855	Pts: 60441
Particle (37):: Fit: 0.000122989	PB: 0.000122989	LB: 14755.5	GB: 14755.5	Conf: 2	Pts: 70340
Particle (42):: Fit: 0.00133272	PB: 0.00133272	LB: 14755.5	GB: 14755.5	Conf: 1.76465	Pts: 225340
Particle (39):: Fit: 14949.8	PB: 14949.8	LB: 14949.8	GB: 14949.8	Conf: 0.942427	Pts: 305738
Global: 14949.8 - Correct: 70% of 100 tests
Global Best: 
  Inner Net 1
  -- 1 : 1 = 0.9712
  -- 1 : 2 = 0.0086
  -- 1 : 3 = 0.095
  -- 1 : 4 = 0.5246
  -- 1 : 5 = 0.846
  -- 2 : 1 = 0.4266
  -- 2 : 2 = 0.9449
  -- 2 : 3 = 0.181
  -- 2 : 4 = 0.0691
  -- 2 : 5 = 0.2205
  -- 3 : 1 = 0.5451
  -- 3 : 2 = 0.2146
  -- 3 : 3 = 0.1911
  -- 3 : 4 = 0.1366
  -- 3 : 5 = 0.0371
  -- 4 : 1 = 0.0804
  -- 4 : 2 = 0.5512
  -- 4 : 3 = 0.7461
  -- 4 : 4 = 0.8113
  -- 4 : 5 = 0.1478
  -- 5 : 1 = 0.7799
  -- 5 : 2 = 0.775
  -- 5 : 3 = 0.6898
  -- 5 : 4 = 0.8839
  -- 5 : 5 = 0.9323
  -- 6 : 1 = 0.855
  -- 6 : 2 = 0.7039
  -- 6 : 3 = 0.9911
  -- 6 : 4 = 0.4884
  -- 6 : 5 = 0.9141
  Inner Net 2
  -- 1 : 1 = -1
  -- 1 : 2 = -0.16412
  -- 2 : 1 = -0.30882
  -- 2 : 2 = -0.169004
  -- 3 : 1 = 0.587016
  -- 3 : 2 = -0.22083
  -- 4 : 1 = -0.132909
  -- 4 : 2 = -0.186821
  -- 5 : 1 = -0.492122
  -- 5 : 2 = 0.0376831
Out\Act	False		True
False	0.800095	0.0418848	0.84198
True	0.110424	0.0475964	0.15802
	0.910519	0.0894812
	Accuracy [ (tp + tn) / testSize ]: 0.847692
	Precision [ tp / (tp + fp) ]:      0.529101
	Sensitivity [ tp / (tp + fn) ]:    0.3003
	Specificity [ tn / (tn + fp) ]:    0.949718
	F-Score [ 2tp / (2tp + fp + fn) ]: 0.383877
Particle (14):: Fit: 0.00012618	PB: 0.00012618	LB: 0.0119237	GB: 14949.8	Conf: 0.984331	Pts: 55529
Particle (24):: Fit: 0.000116871	PB: 0.000116871	LB: 0.00129149	GB: 14949.8	Conf: 1.95874	Pts: 55535
Particle (7):: Fit: 0.123124	PB: 0.123124	LB: 14554.6	GB: 14949.8	Conf: 0.563824	Pts: 330534
Particle (16):: Fit: 0.00129095	PB: 0.00129095	LB: 0.0119237	GB: 14949.8	Conf: 1.80875	Pts: 120534
Particle (43):: Fit: 0.0011082	PB: 0.0011082	LB: 14949.8	GB: 14949.8	Conf: 1.62	Pts: 55234
Particle (16):: Fit: 0.00129116	PB: 0.00129116	LB: 0.0119237	GB: 14949.8	Conf: 1.84086	Pts: 125631
Particle (25):: Fit: 0.000120173	PB: 0.000120173	LB: 0.00127151	GB: 14949.8	Conf: 0.973642	Pts: 70428
Particle (29):: Fit: 0.000125029	PB: 0.000125029	LB: 0.0125213	GB: 14949.8	Conf: 1.90329	Pts: 55529
Particle (38):: Fit: 0.000122989	PB: 0.000122989	LB: 14949.8	GB: 14949.8	Conf: 2	Pts: 55529
Particle (40):: Fit: 0.000965343	PB: 0.000965343	LB: 14949.8	GB: 14949.8	Conf: 1.13594	Pts: 55328
Particle (2):: Fit: 0.00114867	PB: 0.00114867	LB: 14554.6	GB: 14949.8	Conf: 1.50537	Pts: 110327
Particle (25):: Fit: 0.000120177	PB: 0.000120177	LB: 0.00127151	GB: 14949.8	Conf: 0.697801	Pts: 70525
Particle (45):: Fit: 0.000125028	PB: 0.000125028	LB: 0.00133272	GB: 14949.8	Conf: 2	Pts: 55427
Particle (13):: Fit: 0.000125028	PB: 0.000125028	LB: 0.0111297	GB: 14949.8	Conf: 2	Pts: 75225
Particle (47):: Fit: 0.00131173	PB: 0.00131173	LB: 0.00131173	GB: 14949.8	Conf: 1.84894	Pts: 70525
Particle (37):: Fit: 0.000125028	PB: 0.000125028	LB: 14949.8	GB: 14949.8	Conf: 2	Pts: 70424
Particle (35):: Fit: 0.0117202	PB: 0.0117202	LB: 14949.8	GB: 14949.8	Conf: 0.874926	Pts: 60515
Particle (37):: Fit: 0.000127068	PB: 0.000127068	LB: 14949.8	GB: 14949.8	Conf: 2	Pts: 70516
Particle (42):: Fit: 0.00137213	PB: 0.00137213	LB: 14949.8	GB: 14949.8	Conf: 1.73736	Pts: 240409
Particle (48):: Fit: 0.00116898	PB: 0.00116898	LB: 0.00131173	GB: 14949.8	Conf: 1.79355	Pts: 95409
Particle (14):: Fit: 14.0198	PB: 14.0198	LB: 14.0198	GB: 14949.8	Conf: 0.515017	Pts: 100599
Particle (48):: Fit: 0.00118914	PB: 0.00118914	LB: 0.00131173	GB: 14949.8	Conf: 1.74961	Pts: 95504
Particle (6):: Fit: 0.00133146	PB: 0.00133146	LB: 14554.6	GB: 14949.8	Conf: 0.944241	Pts: 165501
Particle (41):: Fit: 0.000135226	PB: 0.000135226	LB: 14949.8	GB: 14949.8	Conf: 2	Pts: 70202
Particle (9):: Fit: 0.00110817	PB: 0.00110817	LB: 14554.6	GB: 14949.8	Conf: 1.98907	Pts: 55601
Particle (1):: Fit: 0.00114897	PB: 0.00114897	LB: 14554.6	GB: 14949.8	Conf: 1.98894	Pts: 110600
Particle (4):: Fit: 0.00116942	PB: 0.00116942	LB: 14554.6	GB: 14949.8	Conf: 0.459147	Pts: 60470
Particle (11):: Fit: 0.000131161	PB: 0.000131161	LB: 14.0198	GB: 14949.8	Conf: 0.379269	Pts: 60198
Particle (22):: Fit: 0.0010657	PB: 0.0010657	LB: 0.0119237	GB: 14949.8	Conf: 1.73657	Pts: 55595
Particle (44):: Fit: 0.00135119	PB: 0.00135119	LB: 0.00137213	GB: 14949.8	Conf: 0.881714	Pts: 75298
Particle (45):: Fit: 0.00110739	PB: 0.00110739	LB: 0.00137213	GB: 14949.8	Conf: 1.76754	Pts: 55498
Particle (2):: Fit: 0.125386	PB: 0.125386	LB: 14554.6	GB: 14949.8	Conf: 0.790663	Pts: 125397
Particle (4):: Fit: 0.117423	PB: 0.117423	LB: 14554.6	GB: 14949.8	Conf: 0.351071	Pts: 60567
Particle (9):: Fit: 0.00136917	PB: 0.00136917	LB: 14554.6	GB: 14949.8	Conf: 0.71663	Pts: 55697
Particle (17):: Fit: 0.129967	PB: 0.129967	LB: 14.0198	GB: 14949.8	Conf: 0.853684	Pts: 75597
Particle (21):: Fit: 0.00126991	PB: 0.00126991	LB: 0.129967	GB: 14949.8	Conf: 0.299124	Pts: 55395
Particle (24):: Fit: 0.000122177	PB: 0.000122177	LB: 0.00129149	GB: 14949.8	Conf: 0.915396	Pts: 55597
Particle (26):: Fit: 0.000944992	PB: 0.000944992	LB: 0.00127151	GB: 14949.8	Conf: 0.332012	Pts: 80097
Particle (29):: Fit: 0.000136195	PB: 0.000136195	LB: 0.0125213	GB: 14949.8	Conf: 0.694889	Pts: 55597
Particle (30):: Fit: 0.000124178	PB: 0.000124178	LB: 0.0125213	GB: 14949.8	Conf: 0.26833	Pts: 60593
Particle (32):: Fit: 0.00122857	PB: 0.00122857	LB: 0.0125213	GB: 14949.8	Conf: 0.974625	Pts: 80489
Particle (11):: Fit: 0.00092432	PB: 0.00092432	LB: 14.0198	GB: 14949.8	Conf: 0.740293	Pts: 60294
Particle (12):: Fit: 0.0012411	PB: 0.0012411	LB: 14.0198	GB: 14949.8	Conf: 0.539899	Pts: 55396
Particle (23):: Fit: 0.00126762	PB: 0.00126762	LB: 0.0119237	GB: 14949.8	Conf: 0.64587	Pts: 60396
Particle (30):: Fit: 0.00104602	PB: 0.00104602	LB: 0.0125213	GB: 14949.8	Conf: 0.886057	Pts: 60692
Particle (36):: Fit: 0.135349	PB: 0.135349	LB: 14949.8	GB: 14949.8	Conf: 0.996946	Pts: 100196
Particle (38):: Fit: 0.000959994	PB: 0.000959994	LB: 14949.8	GB: 14949.8	Conf: 1.38268	Pts: 55596
Particle (41):: Fit: 0.00101391	PB: 0.00101391	LB: 14949.8	GB: 14949.8	Conf: 0.56266	Pts: 70296
Particle (22):: Fit: 0.00110708	PB: 0.00110708	LB: 0.0119237	GB: 14949.8	Conf: 1.74184	Pts: 55692
Particle (30):: Fit: 0.00124926	PB: 0.00124926	LB: 0.0125213	GB: 14949.8	Conf: 0.706412	Pts: 60791
Particle (44):: Fit: 0.127441	PB: 0.127441	LB: 0.127441	GB: 14949.8	Conf: 0.808838	Pts: 100395
Particle (11):: Fit: 0.00108911	PB: 0.00108911	LB: 14.0198	GB: 14949.8	Conf: 0.641822	Pts: 60392
Particle (13):: Fit: 0.00127193	PB: 0.00127193	LB: 14.0198	GB: 14949.8	Conf: 1.62376	Pts: 75294
Particle (31):: Fit: 0.00108604	PB: 0.00108604	LB: 0.135349	GB: 14949.8	Conf: 0.749015	Pts: 65394
Particle (49):: Fit: 0.00106394	PB: 0.00106394	LB: 0.125386	GB: 14949.8	Conf: 0.590141	Pts: 50387
Particle (10):: Fit: 0.00102529	PB: 0.00102529	LB: 14.0198	GB: 14949.8	Conf: 0.771603	Pts: 65393
Particle (19):: Fit: 0.0123425	PB: 0.0123425	LB: 0.129967	GB: 14949.8	Conf: 0.605989	Pts: 200390
Particle (23):: Fit: 0.00135345	PB: 0.00135345	LB: 0.0123425	GB: 14949.8	Conf: 0.751663	Pts: 80493
Particle (26):: Fit: 0.00106488	PB: 0.00106488	LB: 0.00135345	GB: 14949.8	Conf: 0.640974	Pts: 80193
Particle (32):: Fit: 0.00123033	PB: 0.00123033	LB: 0.135349	GB: 14949.8	Conf: 0.801098	Pts: 80585
Particle (34):: Fit: 0.0111516	PB: 0.0111516	LB: 14949.8	GB: 14949.8	Conf: 1.04478	Pts: 55684
Particle (41):: Fit: 0.00114896	PB: 0.00114896	LB: 14949.8	GB: 14949.8	Conf: 0.492121	Pts: 70393
Particle (1):: Fit: 0.00122986	PB: 0.00122986	LB: 14554.6	GB: 14949.8	Conf: 1.79781	Pts: 110692
Particle (10):: Fit: 0.0013717	PB: 0.0013717	LB: 14.0198	GB: 14949.8	Conf: 0.500474	Pts: 65492
Particle (12):: Fit: 0.00139265	PB: 0.00139265	LB: 14.0198	GB: 14949.8	Conf: 0.75157	Pts: 55492
Particle (25):: Fit: 0.00012096	PB: 0.00012096	LB: 0.00135345	GB: 14949.8	Conf: 0.440173	Pts: 70588
Particle (26):: Fit: 0.00129037	PB: 0.00129037	LB: 0.00135345	GB: 14949.8	Conf: 0.636794	Pts: 80292
Particle (28):: Fit: 0.0113197	PB: 0.0113197	LB: 0.0125213	GB: 14949.8	Conf: 0.218746	Pts: 170392
Particle (41):: Fit: 0.00116758	PB: 0.00116758	LB: 14949.8	GB: 14949.8	Conf: 0.571702	Pts: 70492
Particle (4):: Fit: 0.131972	PB: 0.131972	LB: 14554.6	GB: 14949.8	Conf: 0.938928	Pts: 65661
Particle (25):: Fit: 0.000126184	PB: 0.000126184	LB: 0.0113197	GB: 14949.8	Conf: 0.49343	Pts: 70687
Particle (29):: Fit: 0.00110382	PB: 0.00110382	LB: 0.0125213	GB: 14949.8	Conf: 0.927951	Pts: 55690
Particle (49):: Fit: 0.00114916	PB: 0.00114916	LB: 0.131972	GB: 14949.8	Conf: 0.777671	Pts: 50483
Particle (11):: Fit: 0.00112182	PB: 0.00112182	LB: 14.0198	GB: 14949.8	Conf: 0.624731	Pts: 60487
Particle (35):: Fit: 0.131327	PB: 0.131327	LB: 14949.8	GB: 14949.8	Conf: 0.496812	Pts: 65586
Particle (46):: Fit: 0.00118706	PB: 0.00118706	LB: 0.127441	GB: 14949.8	Conf: 1.56895	Pts: 60188
Particle (16):: Fit: 0.01114	PB: 0.01114	LB: 14.0198	GB: 14949.8	Conf: 0.449214	Pts: 125688
Particle (17):: Fit: 0.141622	PB: 0.141622	LB: 14.0198	GB: 14949.8	Conf: 0.808621	Pts: 90688
Particle (43):: Fit: 0.119908	PB: 0.119908	LB: 14949.8	GB: 14949.8	Conf: 0.599065	Pts: 55288
Particle (11):: Fit: 0.141534	PB: 0.141534	LB: 14.0198	GB: 14949.8	Conf: 0.628413	Pts: 60585
Particle (37):: Fit: 0.00114903	PB: 0.00114903	LB: 14949.8	GB: 14949.8	Conf: 1.9581	Pts: 70586
Particle (40):: Fit: 0.00114713	PB: 0.00114713	LB: 14949.8	GB: 14949.8	Conf: 1.51702	Pts: 55387
Particle (40):: Fit: 0.133321	PB: 0.133321	LB: 14949.8	GB: 14949.8	Conf: 0.405216	Pts: 60486
Particle (49):: Fit: 0.00116913	PB: 0.00116913	LB: 0.131972	GB: 14949.8	Conf: 0.747893	Pts: 50578
Particle (3):: Fit: 0.00137207	PB: 0.00137207	LB: 14554.6	GB: 14949.8	Conf: 0.312502	Pts: 115184
Particle (25):: Fit: 143.288	PB: 143.288	LB: 143.288	GB: 14949.8	Conf: 0.492959	Pts: 120780
Particle (17):: Fit: 15139.4	PB: 15139.4	LB: 15139.4	GB: 15139.4	Conf: 0.766088	Pts: 150783
Particle (29):: Fit: 0.00123038	PB: 0.00123038	LB: 143.288	GB: 15139.4	Conf: 0.318572	Pts: 55781
Particle (48):: Fit: 0.00133009	PB: 0.00133009	LB: 0.127441	GB: 15139.4	Conf: 1.19604	Pts: 95582
Global: 15139.4 - Correct: 74% of 100 tests
Global Best: 
  Inner Net 1
  -- 1 : 1 = 0.167373
  -- 1 : 2 = 0.0672111
  -- 1 : 3 = -0.000474894
  -- 1 : 4 = 0.753576
  -- 1 : 5 = 0.375383
  -- 2 : 1 = 0.518376
  -- 2 : 2 = 0.104822
  -- 2 : 3 = -0.161724
  -- 2 : 4 = -0.229787
  -- 2 : 5 = 0.186324
  -- 3 : 1 = 0
  -- 3 : 2 = 0.251375
  -- 3 : 3 = -0.0706457
  -- 3 : 4 = 0.0584784
  -- 3 : 5 = 0.216421
  -- 4 : 1 = 0.750934
  -- 4 : 2 = 0.0358769
  -- 4 : 3 = -0.108545
  -- 4 : 4 = -0.235437
  -- 4 : 5 = -0.165113
  -- 5 : 1 = 0.577686
  -- 5 : 2 = -0.0834331
  -- 5 : 3 = 0.0915509
  -- 5 : 4 = 0.576333
  -- 5 : 5 = 0.433233
  -- 6 : 1 = 0.434641
  -- 6 : 2 = 0.0848537
  -- 6 : 3 = 0.0245761
  -- 6 : 4 = 0.0549355
  -- 6 : 5 = 0.136771
  Inner Net 2
  -- 1 : 1 = -0.5
  -- 1 : 2 = -0.483266
  -- 2 : 1 = 0.349851
  -- 2 : 2 = 0.254967
  -- 3 : 1 = 0.421931
  -- 3 : 2 = -0.046527
  -- 4 : 1 = 0.11169
  -- 4 : 2 = 0.25101
  -- 5 : 1 = -0.600103
  -- 5 : 2 = -0.0888172
Out\Act	False		True
False	0.658258	0.183722	0.84198
True	0.079486	0.078534	0.15802
	0.737744	0.262256
	Accuracy [ (tp + tn) / testSize ]: 0.736792
	Precision [ tp / (tp + fp) ]:      0.298913
	Sensitivity [ tp / (tp + fn) ]:    0.495495
	Specificity [ tn / (tn + fp) ]:    0.781356
	F-Score [ 2tp / (2tp + fp + fn) ]: 0.373303
Particle (31):: Fit: 0.135569	PB: 0.135569	LB: 0.135569	GB: 15139.4	Conf: 0.796213	Pts: 85482
Particle (41):: Fit: 0.0125214	PB: 0.0125214	LB: 14949.8	GB: 15139.4	Conf: 0.790048	Pts: 70582
Particle (3):: Fit: 0.127318	PB: 0.127318	LB: 14554.6	GB: 15139.4	Conf: 0.695633	Pts: 115281
Particle (29):: Fit: 0.00137088	PB: 0.00137088	LB: 143.288	GB: 15139.4	Conf: 0.705972	Pts: 55879
Particle (19):: Fit: 0.139641	PB: 0.139641	LB: 15139.4	GB: 15139.4	Conf: 0.697465	Pts: 200477
Particle (21):: Fit: 0.115801	PB: 0.115801	LB: 15139.4	GB: 15139.4	Conf: 0.632959	Pts: 55478
Particle (49):: Fit: 0.00120944	PB: 0.00120944	LB: 0.131972	GB: 15139.4	Conf: 0.493563	Pts: 50673
Particle (32):: Fit: 0.00131041	PB: 0.00131041	LB: 0.135569	GB: 15139.4	Conf: 0.35919	Pts: 80670
Particle (49):: Fit: 0.00135212	PB: 0.00135212	LB: 0.131972	GB: 15139.4	Conf: 0.546466	Pts: 50771
Particle (6):: Fit: 0.133619	PB: 0.133619	LB: 14554.6	GB: 15139.4	Conf: 0.914761	Pts: 165575
Particle (23):: Fit: 0.131301	PB: 0.131301	LB: 143.288	GB: 15139.4	Conf: 0.87428	Pts: 80574
Particle (23):: Fit: 0.141395	PB: 0.141395	LB: 143.288	GB: 15139.4	Conf: 0.441641	Pts: 80673
Particle (45):: Fit: 0.00118415	PB: 0.00118415	LB: 0.127441	GB: 15139.4	Conf: 0.51662	Pts: 55575
Particle (20):: Fit: 0.0111272	PB: 0.0111272	LB: 15139.4	GB: 15139.4	Conf: 0.501661	Pts: 160373
Particle (8):: Fit: 0.0109404	PB: 0.0109404	LB: 14554.6	GB: 15139.4	Conf: 0.229987	Pts: 55472
Particle (38):: Fit: 0.00118636	PB: 0.00118636	LB: 14949.8	GB: 15139.4	Conf: 1.07624	Pts: 55671
Particle (9):: Fit: 0.129292	PB: 0.129292	LB: 14554.6	GB: 15139.4	Conf: 0.77724	Pts: 55771
Particle (46):: Fit: 0.00127097	PB: 0.00127097	LB: 0.127441	GB: 15139.4	Conf: 1.35661	Pts: 60270
Particle (8):: Fit: 0.120056	PB: 0.120056	LB: 14554.6	GB: 15139.4	Conf: 0.532277	Pts: 55569
Particle (24):: Fit: 0.000126172	PB: 0.000126172	LB: 143.288	GB: 15139.4	Conf: 0.0961457	Pts: 55665
Particle (19):: Fit: 15951.2	PB: 15951.2	LB: 15951.2	GB: 15951.2	Conf: 0.848787	Pts: 260559
Particle (22):: Fit: 0.00110762	PB: 0.00110762	LB: 15951.2	GB: 15951.2	Conf: 0.0782048	Pts: 55759
Particle (49):: Fit: 0.129199	PB: 0.129199	LB: 0.131972	GB: 15951.2	Conf: 0.167246	Pts: 70855
Global: 15951.2 - Correct: 78% of 100 tests
Global Best: 
  Inner Net 1
  -- 1 : 1 = 0.724673
  -- 1 : 2 = 0.495359
  -- 1 : 3 = -0.104022
  -- 1 : 4 = -0.0368411
  -- 1 : 5 = 0.313879
  -- 2 : 1 = 0.389258
  -- 2 : 2 = 0.673557
  -- 2 : 3 = 0.0467737
  -- 2 : 4 = 0.376288
  -- 2 : 5 = 0.0804555
  -- 3 : 1 = 0.404251
  -- 3 : 2 = 0.0922934
  -- 3 : 3 = -0.285513
  -- 3 : 4 = -0.331246
  -- 3 : 5 = -0.278304
  -- 4 : 1 = 0.917464
  -- 4 : 2 = -0.0566164
  -- 4 : 3 = -0.080079
  -- 4 : 4 = 0.116231
  -- 4 : 5 = -0.0361795
  -- 5 : 1 = 0.570905
  -- 5 : 2 = -0.0165665
  -- 5 : 3 = 0.205065
  -- 5 : 4 = -0.0294758
  -- 5 : 5 = 0.296568
  -- 6 : 1 = 0.0872662
  -- 6 : 2 = -0.456953
  -- 6 : 3 = 0.289547
  -- 6 : 4 = 0.0158689
  -- 6 : 5 = 0.190422
  Inner Net 2
  -- 1 : 1 = -0.585718
  -- 1 : 2 = 0.659513
  -- 2 : 1 = 0.33275
  -- 2 : 2 = 0.0258217
  -- 3 : 1 = -0.19556
  -- 3 : 2 = 0.06864
  -- 4 : 1 = -0.047714
  -- 4 : 2 = 0.232083
  -- 5 : 1 = -0.386103
  -- 5 : 2 = -0.0408339
Out\Act	False		True
False	0.594479	0.247501	0.84198
True	0.0728225	0.0851975	0.15802
	0.667301	0.332699
	Accuracy [ (tp + tn) / testSize ]: 0.679676
	Precision [ tp / (tp + fp) ]:      0.255714
	Sensitivity [ tp / (tp + fn) ]:    0.537538
	Specificity [ tn / (tn + fp) ]:    0.70565
	F-Score [ 2tp / (2tp + fp + fn) ]: 0.346899
Particle (16):: Fit: 0.137539	PB: 0.137539	LB: 15951.2	GB: 15951.2	Conf: 0.416606	Pts: 125761
Particle (15):: Fit: 0.00129042	PB: 0.00129042	LB: 15951.2	GB: 15951.2	Conf: 0.72301	Pts: 115461
Particle (12):: Fit: 0.127374	PB: 0.127374	LB: 15139.4	GB: 15951.2	Conf: 0.767244	Pts: 55559
Particle (42):: Fit: 0.13368	PB: 0.13368	LB: 14949.8	GB: 15951.2	Conf: 0.210658	Pts: 255460
Particle (28):: Fit: 0.119321	PB: 0.119321	LB: 143.288	GB: 15951.2	Conf: 0.412899	Pts: 170457
Particle (32):: Fit: 0.133526	PB: 0.133526	LB: 0.135569	GB: 15951.2	Conf: 0.738303	Pts: 80750
Particle (30):: Fit: 0.0109494	PB: 0.0109494	LB: 0.135569	GB: 15951.2	Conf: 0.919611	Pts: 60852
Particle (5):: Fit: 15154.2	PB: 15154.2	LB: 15154.2	GB: 15951.2	Conf: 0.801642	Pts: 225455
Particle (38):: Fit: 0.0119248	PB: 0.0119248	LB: 14949.8	GB: 15951.2	Conf: 1.02732	Pts: 55754
Particle (47):: Fit: 0.00135289	PB: 0.00135289	LB: 0.129199	GB: 15951.2	Conf: 1.88503	Pts: 70551
Particle (32):: Fit: 145.34	PB: 145.34	LB: 145.34	GB: 15951.2	Conf: 0.340978	Pts: 115843
Particle (21):: Fit: 0.131263	PB: 0.131263	LB: 15951.2	GB: 15951.2	Conf: 0.546946	Pts: 55548
Particle (37):: Fit: 0.121425	PB: 0.121425	LB: 14949.8	GB: 15951.2	Conf: 1.03506	Pts: 70646
Particle (24):: Fit: 0.000126208	PB: 0.000126208	LB: 143.288	GB: 15951.2	Conf: 0.342294	Pts: 55747
Particle (29):: Fit: 0.011355	PB: 0.011355	LB: 145.34	GB: 15951.2	Conf: 0.673891	Pts: 55945
Particle (22):: Fit: 0.00114396	PB: 0.00114396	LB: 15951.2	GB: 15951.2	Conf: 0.244315	Pts: 55841
Particle (24):: Fit: 0.0113192	PB: 0.0113192	LB: 143.288	GB: 15951.2	Conf: 0.0752548	Pts: 55844
Particle (1):: Fit: 0.117348	PB: 0.117348	LB: 15154.2	GB: 15951.2	Conf: 0.533975	Pts: 110740
Particle (18):: Fit: 0.129595	PB: 0.129595	LB: 15951.2	GB: 15951.2	Conf: 0.545799	Pts: 85542
Particle (22):: Fit: 0.00134968	PB: 0.00134968	LB: 15951.2	GB: 15951.2	Conf: 0.782472	Pts: 55938
Particle (26):: Fit: 0.0115555	PB: 0.0115555	LB: 143.288	GB: 15951.2	Conf: 0.635322	Pts: 80341
Particle (30):: Fit: 0.0115198	PB: 0.0115198	LB: 145.34	GB: 15951.2	Conf: 0.380434	Pts: 60937
Particle (18):: Fit: 0.135375	PB: 0.135375	LB: 15951.2	GB: 15951.2	Conf: 0.640354	Pts: 85640
Particle (15):: Fit: 0.00129141	PB: 0.00129141	LB: 15951.2	GB: 15951.2	Conf: 0.737947	Pts: 115540
Particle (42):: Fit: 0.135653	PB: 0.135653	LB: 14949.8	GB: 15951.2	Conf: 0.220184	Pts: 270539
Particle (29):: Fit: 0.011766	PB: 0.011766	LB: 145.34	GB: 15951.2	Conf: 0.395679	Pts: 56035
Particle (30):: Fit: 0.121273	PB: 0.121273	LB: 145.34	GB: 15951.2	Conf: 0.459115	Pts: 61031
Particle (43):: Fit: 14380.2	PB: 14380.2	LB: 14949.8	GB: 15951.2	Conf: 0.783165	Pts: 75335
Particle (27):: Fit: 0.00126934	PB: 0.00126934	LB: 145.34	GB: 15951.2	Conf: 1.45915	Pts: 55421
Particle (18):: Fit: 14536.3	PB: 14536.3	LB: 15951.2	GB: 15951.2	Conf: 0.38226	Pts: 85731
Particle (28):: Fit: 0.13982	PB: 0.13982	LB: 145.34	GB: 15951.2	Conf: 0.426866	Pts: 170532
Particle (29):: Fit: 0.117603	PB: 0.117603	LB: 145.34	GB: 15951.2	Conf: 0.678843	Pts: 56130
Particle (0):: Fit: 0.00126951	PB: 0.00126951	LB: 15154.2	GB: 15951.2	Conf: 0.686365	Pts: 165432
Particle (35):: Fit: 0.133584	PB: 0.133584	LB: 14949.8	GB: 15951.2	Conf: 0.511596	Pts: 65626
Particle (42):: Fit: 15379	PB: 15379	LB: 15379	GB: 15951.2	Conf: 0.259246	Pts: 320631
Particle (16):: Fit: 14345.8	PB: 14345.8	LB: 15951.2	GB: 15951.2	Conf: 0.314939	Pts: 130828
Particle (24):: Fit: 0.0117411	PB: 0.0117411	LB: 143.288	GB: 15951.2	Conf: 0.570011	Pts: 55928
Particle (10):: Fit: 0.00137193	PB: 0.00137193	LB: 14.0198	GB: 15951.2	Conf: 0.468116	Pts: 65525
Particle (29):: Fit: 0.12523	PB: 0.12523	LB: 145.34	GB: 15951.2	Conf: 0.123215	Pts: 56224
Particle (48):: Fit: 0.0113408	PB: 0.0113408	LB: 0.129199	GB: 15951.2	Conf: 0.386488	Pts: 95624
Particle (9):: Fit: 0.134063	PB: 0.134063	LB: 15154.2	GB: 15951.2	Conf: 0.172498	Pts: 55824
Particle (2):: Fit: 0.133407	PB: 0.133407	LB: 15154.2	GB: 15951.2	Conf: 0.751971	Pts: 135423
Particle (29):: Fit: 143.171	PB: 143.171	LB: 145.34	GB: 15951.2	Conf: 0.287872	Pts: 56321
Particle (37):: Fit: 0.131375	PB: 0.131375	LB: 15379	GB: 15951.2	Conf: 0.4077	Pts: 70718
Particle (10):: Fit: 0.010758	PB: 0.010758	LB: 14.0198	GB: 15951.2	Conf: 0.172856	Pts: 65617
Particle (49):: Fit: 0.137322	PB: 0.137322	LB: 0.137322	GB: 15951.2	Conf: 0.468785	Pts: 80910
Particle (8):: Fit: 0.135394	PB: 0.135394	LB: 15154.2	GB: 15951.2	Conf: 0.536122	Pts: 55617
Particle (41):: Fit: 0.0127679	PB: 0.0127679	LB: 15379	GB: 15951.2	Conf: 0.84192	Pts: 70614
Particle (26):: Fit: 0.127373	PB: 0.127373	LB: 143.288	GB: 15951.2	Conf: 0.62266	Pts: 80413
Particle (10):: Fit: 0.133663	PB: 0.133663	LB: 14.0198	GB: 15951.2	Conf: 0.427551	Pts: 65711
Particle (22):: Fit: 0.131312	PB: 0.131312	LB: 15951.2	GB: 15951.2	Conf: 0.36409	Pts: 56002
Particle (41):: Fit: 0.137239	PB: 0.137239	LB: 15379	GB: 15951.2	Conf: 0.690227	Pts: 70704
Particle (36):: Fit: 14971.1	PB: 14971.1	LB: 14971.1	GB: 15951.2	Conf: 0.896537	Pts: 130203
Particle (46):: Fit: 0.119721	PB: 0.119721	LB: 15379	GB: 15951.2	Conf: 0.921361	Pts: 60299
Particle (33):: Fit: 143.182	PB: 143.182	LB: 14971.1	GB: 15951.2	Conf: 0.794421	Pts: 165194
Particle (45):: Fit: 0.0111226	PB: 0.0111226	LB: 15379	GB: 15951.2	Conf: 0.615768	Pts: 55594
Particle (8):: Fit: 15156.8	PB: 15156.8	LB: 15156.8	GB: 15951.2	Conf: 0.183148	Pts: 105694
Particle (15):: Fit: 0.00130907	PB: 0.00130907	LB: 15951.2	GB: 15951.2	Conf: 0.750875	Pts: 115593
Particle (40):: Fit: 0.135573	PB: 0.135573	LB: 15379	GB: 15951.2	Conf: 0.328739	Pts: 60484
Particle (0):: Fit: 0.0125758	PB: 0.0125758	LB: 15154.2	GB: 15951.2	Conf: 0.765647	Pts: 165470
Particle (6):: Fit: 147.285	PB: 147.285	LB: 15156.8	GB: 15951.2	Conf: 0.910349	Pts: 165569
Particle (15):: Fit: 0.135227	PB: 0.135227	LB: 15951.2	GB: 15951.2	Conf: 0.80744	Pts: 115666
Particle (23):: Fit: 143.222	PB: 143.222	LB: 15951.2	GB: 15951.2	Conf: 0.298372	Pts: 80660
Particle (0):: Fit: 0.127686	PB: 0.127686	LB: 15154.2	GB: 15951.2	Conf: 0.740872	Pts: 165558
Particle (2):: Fit: 0.135348	PB: 0.135348	LB: 15154.2	GB: 15951.2	Conf: 0.923046	Pts: 135458
Particle (31):: Fit: 0.137337	PB: 0.137337	LB: 14971.1	GB: 15951.2	Conf: 0.832906	Pts: 85456
Particle (47):: Fit: 0.0123425	PB: 0.0123425	LB: 14380.2	GB: 15951.2	Conf: 0.608464	Pts: 70554
Particle (12):: Fit: 0.127513	PB: 0.127513	LB: 15156.8	GB: 15951.2	Conf: 0.698091	Pts: 55551
Particle (48):: Fit: 0.0117557	PB: 0.0117557	LB: 0.137322	GB: 15951.2	Conf: 0.678684	Pts: 95651
Particle (30):: Fit: 0.121426	PB: 0.121426	LB: 145.34	GB: 15951.2	Conf: 0.367989	Pts: 61044
Particle (16):: Fit: 15199	PB: 15199	LB: 15951.2	GB: 15951.2	Conf: 0.33401	Pts: 145846
Particle (20):: Fit: 0.0121092	PB: 0.0121092	LB: 15951.2	GB: 15951.2	Conf: 0.609149	Pts: 160345
Particle (9):: Fit: 14753.8	PB: 14753.8	LB: 15156.8	GB: 15951.2	Conf: 0.283853	Pts: 55846
Particle (21):: Fit: 0.141862	PB: 0.141862	LB: 15951.2	GB: 15951.2	Conf: 0.605692	Pts: 55540
Particle (30):: Fit: 0.131836	PB: 0.131836	LB: 145.34	GB: 15951.2	Conf: 0.582061	Pts: 61136
Particle (15):: Fit: 0.137572	PB: 0.137572	LB: 15951.2	GB: 15951.2	Conf: 0.785128	Pts: 115733
Particle (12):: Fit: 0.129596	PB: 0.129596	LB: 15199	GB: 15951.2	Conf: 0.417882	Pts: 55626
Particle (35):: Fit: 14549.6	PB: 14549.6	LB: 14971.1	GB: 15951.2	Conf: 0.402739	Pts: 70622
Particle (26):: Fit: 0.137387	PB: 0.137387	LB: 143.288	GB: 15951.2	Conf: 0.525497	Pts: 80416
Particle (20):: Fit: 0.121723	PB: 0.121723	LB: 15951.2	GB: 15951.2	Conf: 0.610624	Pts: 160407
Particle (3):: Fit: 0.137387	PB: 0.137387	LB: 15156.8	GB: 15951.2	Conf: 0.682571	Pts: 125207
Particle (44):: Fit: 145.395	PB: 145.395	LB: 15379	GB: 15951.2	Conf: 0.369575	Pts: 105297
Particle (13):: Fit: 14.1549	PB: 14.1549	LB: 15199	GB: 15951.2	Conf: 0.895234	Pts: 75185
Particle (24):: Fit: 0.0123088	PB: 0.0123088	LB: 143.288	GB: 15951.2	Conf: 0.159573	Pts: 55876
Particle (28):: Fit: 149.199	PB: 149.199	LB: 149.199	GB: 15951.2	Conf: 0.129323	Pts: 200456
Particle (25):: Fit: 14951.5	PB: 14951.5	LB: 14951.5	GB: 15951.2	Conf: 0.477205	Pts: 150647
Particle (4):: Fit: 143.398	PB: 143.398	LB: 15156.8	GB: 15951.2	Conf: 0.519583	Pts: 70517
Particle (31):: Fit: 0.141351	PB: 0.141351	LB: 14971.1	GB: 15951.2	Conf: 0.730288	Pts: 85435
Particle (48):: Fit: 0.0123214	PB: 0.0123214	LB: 145.395	GB: 15951.2	Conf: 0.673518	Pts: 95634
Particle (26):: Fit: 149.244	PB: 149.244	LB: 14951.5	GB: 15951.2	Conf: 0.55395	Pts: 80430
Particle (10):: Fit: 0.137709	PB: 0.137709	LB: 15156.8	GB: 15951.2	Conf: 0.6624	Pts: 65620
Particle (9):: Fit: 15558.9	PB: 15558.9	LB: 15558.9	GB: 15951.2	Conf: 0.554352	Pts: 105817
Particle (7):: Fit: 0.133635	PB: 0.133635	LB: 15558.9	GB: 15951.2	Conf: 1.00339	Pts: 330312
Particle (29):: Fit: 14617	PB: 14617	LB: 14951.5	GB: 15951.2	Conf: 0.635156	Pts: 61206
Particle (7):: Fit: 14.0191	PB: 14.0191	LB: 15558.9	GB: 15951.2	Conf: 0.308139	Pts: 330401
Particle (21):: Fit: 145.306	PB: 145.306	LB: 15951.2	GB: 15951.2	Conf: 0.409393	Pts: 55496
Particle (0):: Fit: 0.135328	PB: 0.135328	LB: 15154.2	GB: 15951.2	Conf: 0.916328	Pts: 165491
Particle (10):: Fit: 14394.7	PB: 14394.7	LB: 15558.9	GB: 15951.2	Conf: 0.777476	Pts: 65692
Particle (24):: Fit: 0.0135109	PB: 0.0135109	LB: 14951.5	GB: 15951.2	Conf: 0.151124	Pts: 55890
Particle (20):: Fit: 0.133729	PB: 0.133729	LB: 15951.2	GB: 15951.2	Conf: 0.575848	Pts: 160385
Particle (30):: Fit: 0.139686	PB: 0.139686	LB: 14617	GB: 15951.2	Conf: 0.921529	Pts: 61081
Particle (47):: Fit: 0.115212	PB: 0.115212	LB: 14380.2	GB: 15951.2	Conf: 0.531008	Pts: 70472
Particle (3):: Fit: 0.137601	PB: 0.137601	LB: 15156.8	GB: 15951.2	Conf: 0.70771	Pts: 125160
Particle (45):: Fit: 0.0125427	PB: 0.0125427	LB: 15379	GB: 15951.2	Conf: 0.741092	Pts: 55444
Particle (27):: Fit: 0.0109393	PB: 0.0109393	LB: 14951.5	GB: 15951.2	Conf: 0.37735	Pts: 55224
Particle (20):: Fit: 0.139456	PB: 0.139456	LB: 15951.2	GB: 15951.2	Conf: 0.488409	Pts: 160425
Particle (49):: Fit: 0.141437	PB: 0.141437	LB: 143.398	GB: 15951.2	Conf: 0.633948	Pts: 80710
Particle (27):: Fit: 0.01172	PB: 0.01172	LB: 14951.5	GB: 15951.2	Conf: 0.520487	Pts: 55299
Particle (4):: Fit: 14732.6	PB: 14732.6	LB: 15558.9	GB: 15951.2	Conf: 0.288471	Pts: 75483
Particle (24):: Fit: 0.125176	PB: 0.125176	LB: 14951.5	GB: 15951.2	Conf: 0.125007	Pts: 55913
Particle (20):: Fit: 143.168	PB: 143.168	LB: 15951.2	GB: 15951.2	Conf: 0.551576	Pts: 160504
Particle (24):: Fit: 0.12929	PB: 0.12929	LB: 14951.5	GB: 15951.2	Conf: 0.326455	Pts: 55968
Particle (10):: Fit: 14748.6	PB: 14748.6	LB: 15558.9	GB: 15951.2	Conf: 0.804327	Pts: 65666
Particle (43):: Fit: 15170.3	PB: 15170.3	LB: 15379	GB: 15951.2	Conf: 0.766907	Pts: 80065
Particle (11):: Fit: 15564.4	PB: 15564.4	LB: 15564.4	GB: 15951.2	Conf: 0.642988	Pts: 100248
Particle (15):: Fit: 14989	PB: 14989	LB: 15951.2	GB: 15951.2	Conf: 0.80671	Pts: 115552
Particle (26):: Fit: 14357.1	PB: 14357.1	LB: 14951.5	GB: 15951.2	Conf: 0.657955	Pts: 80344
Particle (45):: Fit: 0.117533	PB: 0.117533	LB: 15379	GB: 15951.2	Conf: 0.581499	Pts: 55438
Particle (34):: Fit: 0.0119083	PB: 0.0119083	LB: 14971.1	GB: 15951.2	Conf: 0.99735	Pts: 55324
Particle (23):: Fit: 147.109	PB: 147.109	LB: 15951.2	GB: 15951.2	Conf: 0.535093	Pts: 80431
Particle (32):: Fit: 14964.1	PB: 14964.1	LB: 14971.1	GB: 15951.2	Conf: 0.54586	Pts: 135511
Particle (40):: Fit: 14.1551	PB: 14.1551	LB: 15379	GB: 15951.2	Conf: 0.876066	Pts: 60209
Particle (41):: Fit: 0.139186	PB: 0.139186	LB: 15379	GB: 15951.2	Conf: 0.332263	Pts: 70413
Particle (18):: Fit: 14755.9	PB: 14755.9	LB: 15951.2	GB: 15951.2	Conf: 0.364556	Pts: 85386
Particle (3):: Fit: 15171.8	PB: 15171.8	LB: 15171.8	GB: 15951.2	Conf: 0.684525	Pts: 155080
Particle (31):: Fit: 14351.6	PB: 14351.6	LB: 14971.1	GB: 15951.2	Conf: 0.758085	Pts: 85276
Particle (31):: Fit: 14370.2	PB: 14370.2	LB: 14971.1	GB: 15951.2	Conf: 0.800325	Pts: 85330
Particle (12):: Fit: 0.137633	PB: 0.137633	LB: 15564.4	GB: 15951.2	Conf: 0.744914	Pts: 55300
Particle (2):: Fit: 143.05	PB: 143.05	LB: 15171.8	GB: 15951.2	Conf: 0.830279	Pts: 135101
Particle (2):: Fit: 14386.6	PB: 14386.6	LB: 15171.8	GB: 15951.2	Conf: 0.96274	Pts: 135198
Particle (11):: Fit: 16201	PB: 16201	LB: 16201	GB: 16201	Conf: 0.673641	Pts: 160175
Global: 16201 - Correct: 79% of 100 tests
Global Best: 
  Inner Net 1
  -- 1 : 1 = 0.722073
  -- 1 : 2 = 0.23625
  -- 1 : 3 = 0.377537
  -- 1 : 4 = 0.354631
  -- 1 : 5 = 0.663918
  -- 2 : 1 = 0.301543
  -- 2 : 2 = 0.471897
  -- 2 : 3 = -0.176038
  -- 2 : 4 = -0.191309
  -- 2 : 5 = -0.345269
  -- 3 : 1 = 0.346721
  -- 3 : 2 = 0.0686972
  -- 3 : 3 = -0.0508544
  -- 3 : 4 = 0.0102305
  -- 3 : 5 = -0.0364225
  -- 4 : 1 = 0.610553
  -- 4 : 2 = -0.0970753
  -- 4 : 3 = 0.114476
  -- 4 : 4 = -0.315637
  -- 4 : 5 = 0.0354639
  -- 5 : 1 = -0.181835
  -- 5 : 2 = -0.136099
  -- 5 : 3 = 0.0203878
  -- 5 : 4 = 0.158357
  -- 5 : 5 = 0.360564
  -- 6 : 1 = 0.36253
  -- 6 : 2 = -0.0773955
  -- 6 : 3 = -0.162318
  -- 6 : 4 = 0.243778
  -- 6 : 5 = 0.424025
  Inner Net 2
  -- 1 : 1 = 0
  -- 1 : 2 = 0.015275
  -- 2 : 1 = -0.750705
  -- 2 : 2 = 0.0145405
  -- 3 : 1 = 0.622938
  -- 3 : 2 = -0.232054
  -- 4 : 1 = 0.172028
  -- 4 : 2 = -0.749725
  -- 5 : 1 = -0.719263
  -- 5 : 2 = 0.335372
Out\Act	False		True
False	0.621609	0.220371	0.84198
True	0.0723465	0.0856735	0.15802
	0.693955	0.306045
	Accuracy [ (tp + tn) / testSize ]: 0.707282
	Precision [ tp / (tp + fp) ]:      0.279503
	Sensitivity [ tp / (tp + fn) ]:    0.540541
	Specificity [ tn / (tn + fp) ]:    0.737853
	F-Score [ 2tp / (2tp + fp + fn) ]: 0.368852
Particle (12):: Fit: 14756.3	PB: 14756.3	LB: 16201	GB: 16201	Conf: 0.660896	Pts: 55366
Particle (28):: Fit: 14348.4	PB: 14348.4	LB: 14964.1	GB: 16201	Conf: 0.163262	Pts: 200174
Particle (37):: Fit: 0.13339	PB: 0.13339	LB: 15379	GB: 16201	Conf: 0.835781	Pts: 70261
Particle (34):: Fit: 0.0123212	PB: 0.0123212	LB: 14971.1	GB: 16201	Conf: 0.585175	Pts: 55240
Particle (17):: Fit: 15160.7	PB: 15160.7	LB: 15951.2	GB: 16201	Conf: 0.702466	Pts: 150246
Particle (44):: Fit: 14947.6	PB: 14947.6	LB: 15379	GB: 16201	Conf: 0.675838	Pts: 104937
Particle (20):: Fit: 14547.1	PB: 14547.1	LB: 15951.2	GB: 16201	Conf: 0.846767	Pts: 160312
Particle (43):: Fit: 15761.1	PB: 15761.1	LB: 15761.1	GB: 16201	Conf: 0.785202	Pts: 129909
Particle (24):: Fit: 14.0198	PB: 14.0198	LB: 14951.5	GB: 16201	Conf: 0.920861	Pts: 55802
Particle (31):: Fit: 14830.3	PB: 14830.3	LB: 14971.1	GB: 16201	Conf: 0.823203	Pts: 85305
Particle (49):: Fit: 0.141772	PB: 0.141772	LB: 15171.8	GB: 16201	Conf: 0.623102	Pts: 80482
Particle (17):: Fit: 15350.3	PB: 15350.3	LB: 15951.2	GB: 16201	Conf: 0.725931	Pts: 150285
Particle (21):: Fit: 14551.3	PB: 14551.3	LB: 15951.2	GB: 16201	Conf: 0.493155	Pts: 55181
Particle (31):: Fit: 15150	PB: 15150	LB: 15150	GB: 16201	Conf: 0.692569	Pts: 135384
Particle (10):: Fit: 14941.6	PB: 14941.6	LB: 16201	GB: 16201	Conf: 0.714339	Pts: 65471
Particle (14):: Fit: 143.393	PB: 143.393	LB: 16201	GB: 16201	Conf: 0.4572	Pts: 99946
Particle (14):: Fit: 14598.2	PB: 14598.2	LB: 16201	GB: 16201	Conf: 0.657484	Pts: 100036
Particle (0):: Fit: 14542.9	PB: 14542.9	LB: 15171.8	GB: 16201	Conf: 0.830187	Pts: 165127
Particle (0):: Fit: 14548.3	PB: 14548.3	LB: 15171.8	GB: 16201	Conf: 0.749061	Pts: 165187
Particle (21):: Fit: 15768.6	PB: 15768.6	LB: 15951.2	GB: 16201	Conf: 0.528773	Pts: 65188
Particle (41):: Fit: 143.116	PB: 143.116	LB: 15761.1	GB: 16201	Conf: 0.682443	Pts: 70184
Particle (49):: Fit: 14338.5	PB: 14338.5	LB: 15171.8	GB: 16201	Conf: 0.539202	Pts: 80473
Particle (48):: Fit: 0.117165	PB: 0.117165	LB: 15171.8	GB: 16201	Conf: 0.612033	Pts: 95170
Particle (49):: Fit: 14579.7	PB: 14579.7	LB: 15171.8	GB: 16201	Conf: 0.359998	Pts: 80565
Particle (37):: Fit: 0.13535	PB: 0.13535	LB: 15379	GB: 16201	Conf: 0.461665	Pts: 70101
Particle (38):: Fit: 0.127137	PB: 0.127137	LB: 15761.1	GB: 16201	Conf: 0.639775	Pts: 54997
Particle (29):: Fit: 14737.5	PB: 14737.5	LB: 15150	GB: 16201	Conf: 0.532409	Pts: 60676
Particle (26):: Fit: 14958.5	PB: 14958.5	LB: 15150	GB: 16201	Conf: 0.585954	Pts: 79960
Particle (37):: Fit: 0.135615	PB: 0.135615	LB: 15379	GB: 16201	Conf: 0.624184	Pts: 70115
Particle (37):: Fit: 145.124	PB: 145.124	LB: 15379	GB: 16201	Conf: 0.413188	Pts: 70200
Particle (4):: Fit: 15764.2	PB: 15764.2	LB: 15764.2	GB: 16201	Conf: 0.881998	Pts: 109969
Particle (28):: Fit: 14755.4	PB: 14755.4	LB: 15150	GB: 16201	Conf: 0.403295	Pts: 199893
Particle (41):: Fit: 143.239	PB: 143.239	LB: 15761.1	GB: 16201	Conf: 0.575994	Pts: 70083
Particle (2):: Fit: 14540.3	PB: 14540.3	LB: 15764.2	GB: 16201	Conf: 0.927382	Pts: 134894
Particle (33):: Fit: 145.266	PB: 145.266	LB: 15150	GB: 16201	Conf: 0.602629	Pts: 164373
Particle (27):: Fit: 0.131716	PB: 0.131716	LB: 15150	GB: 16201	Conf: 1.07179	Pts: 54760
Particle (41):: Fit: 14572.5	PB: 14572.5	LB: 15761.1	GB: 16201	Conf: 0.42087	Pts: 70170
Particle (34):: Fit: 0.0123246	PB: 0.0123246	LB: 15150	GB: 16201	Conf: 0.734348	Pts: 54940
Particle (30):: Fit: 14767.5	PB: 14767.5	LB: 15150	GB: 16201	Conf: 0.761759	Pts: 60441
Particle (2):: Fit: 14547.9	PB: 14547.9	LB: 15764.2	GB: 16201	Conf: 0.970506	Pts: 134927
Particle (22):: Fit: 145.294	PB: 145.294	LB: 15951.2	GB: 16201	Conf: 0.708783	Pts: 55088
Particle (18):: Fit: 14952.3	PB: 14952.3	LB: 15951.2	GB: 16201	Conf: 0.364593	Pts: 84883
Particle (33):: Fit: 15405.6	PB: 15405.6	LB: 15405.6	GB: 16201	Conf: 0.677636	Pts: 214368
Particle (7):: Fit: 14353.4	PB: 14353.4	LB: 16201	GB: 16201	Conf: 1.28814	Pts: 329624
Particle (38):: Fit: 0.137521	PB: 0.137521	LB: 15761.1	GB: 16201	Conf: 0.757361	Pts: 54825
Particle (41):: Fit: 15203	PB: 15203	LB: 15761.1	GB: 16201	Conf: 0.855223	Pts: 70014
Particle (6):: Fit: 14355.3	PB: 14355.3	LB: 16201	GB: 16201	Conf: 0.518436	Pts: 164491
Particle (0):: Fit: 15766.2	PB: 15766.2	LB: 15766.2	GB: 16201	Conf: 0.42004	Pts: 214788
Particle (35):: Fit: 14759.1	PB: 14759.1	LB: 15405.6	GB: 16201	Conf: 0.324507	Pts: 69570
Particle (14):: Fit: 14761.3	PB: 14761.3	LB: 16201	GB: 16201	Conf: 0.638084	Pts: 99539
Particle (47):: Fit: 0.13136	PB: 0.13136	LB: 15766.2	GB: 16201	Conf: 0.507906	Pts: 69532
Particle (47):: Fit: 0.131565	PB: 0.131565	LB: 15766.2	GB: 16201	Conf: 0.547396	Pts: 69605
Particle (5):: Fit: 15761.8	PB: 15761.8	LB: 15764.2	GB: 16201	Conf: 0.542852	Pts: 224176
Particle (18):: Fit: 15363.6	PB: 15363.6	LB: 15951.2	GB: 16201	Conf: 0.498556	Pts: 84636
Particle (34):: Fit: 0.131151	PB: 0.131151	LB: 15405.6	GB: 16201	Conf: 0.708445	Pts: 54606
Particle (18):: Fit: 15783.3	PB: 15783.3	LB: 15951.2	GB: 16201	Conf: 0.562874	Pts: 84710
Particle (23):: Fit: 14757.7	PB: 14757.7	LB: 15951.2	GB: 16201	Conf: 0.489826	Pts: 79523
Particle (14):: Fit: 15154	PB: 15154	LB: 16201	GB: 16201	Conf: 0.471168	Pts: 99504
Particle (13):: Fit: 14341.3	PB: 14341.3	LB: 16201	GB: 16201	Conf: 0.78522	Pts: 73994
Particle (23):: Fit: 15151.8	PB: 15151.8	LB: 15951.2	GB: 16201	Conf: 0.717698	Pts: 89588
Particle (47):: Fit: 14527.3	PB: 14527.3	LB: 15766.2	GB: 16201	Conf: 0.586437	Pts: 69562
Particle (6):: Fit: 14555.3	PB: 14555.3	LB: 16201	GB: 16201	Conf: 0.501984	Pts: 164272
Particle (30):: Fit: 14947.2	PB: 14947.2	LB: 15405.6	GB: 16201	Conf: 0.581908	Pts: 59913
Particle (35):: Fit: 14795.1	PB: 14795.1	LB: 15405.6	GB: 16201	Conf: 0.419348	Pts: 69325
Particle (20):: Fit: 15347.3	PB: 15347.3	LB: 15951.2	GB: 16201	Conf: 0.483653	Pts: 159389
Particle (44):: Fit: 14975.6	PB: 14975.6	LB: 15761.1	GB: 16201	Conf: 0.781499	Pts: 103957
Particle (6):: Fit: 14587.3	PB: 14587.3	LB: 16201	GB: 16201	Conf: 0.488021	Pts: 164202
Particle (47):: Fit: 14579.6	PB: 14579.6	LB: 15766.2	GB: 16201	Conf: 0.49515	Pts: 69320
Particle (45):: Fit: 14.0197	PB: 14.0197	LB: 15766.2	GB: 16201	Conf: 0.561946	Pts: 54100
Particle (2):: Fit: 14756.1	PB: 14756.1	LB: 15766.2	GB: 16201	Conf: 0.966212	Pts: 134238
Particle (17):: Fit: 15769.9	PB: 15769.9	LB: 15951.2	GB: 16201	Conf: 0.50992	Pts: 149129
Particle (46):: Fit: 0.13991	PB: 0.13991	LB: 15766.2	GB: 16201	Conf: 0.66388	Pts: 58517
Particle (12):: Fit: 14948.2	PB: 14948.2	LB: 16201	GB: 16201	Conf: 0.489173	Pts: 54085
Particle (29):: Fit: 14750.8	PB: 14750.8	LB: 15405.6	GB: 16201	Conf: 0.541965	Pts: 59658
Particle (41):: Fit: 16151.8	PB: 16151.8	LB: 16151.8	GB: 16201	Conf: 0.721406	Pts: 119356
Particle (12):: Fit: 15772.2	PB: 15772.2	LB: 16201	GB: 16201	Conf: 0.732405	Pts: 54139
Particle (37):: Fit: 14338.6	PB: 14338.6	LB: 16151.8	GB: 16201	Conf: 0.34043	Pts: 69236
Particle (47):: Fit: 14774.7	PB: 14774.7	LB: 15766.2	GB: 16201	Conf: 0.48288	Pts: 69192
Particle (14):: Fit: 15359.1	PB: 15359.1	LB: 16201	GB: 16201	Conf: 0.672147	Pts: 98999
Particle (37):: Fit: 15577.5	PB: 15577.5	LB: 16151.8	GB: 16201	Conf: 0.443488	Pts: 89281
Particle (48):: Fit: 0.123133	PB: 0.123133	LB: 15766.2	GB: 16201	Conf: 0.602982	Pts: 93974
Particle (49):: Fit: 14765.5	PB: 14765.5	LB: 15766.2	GB: 16201	Conf: 0.77193	Pts: 79348
Particle (17):: Fit: 15788	PB: 15788	LB: 15951.2	GB: 16201	Conf: 0.828943	Pts: 149034
Particle (38):: Fit: 14.2647	PB: 14.2647	LB: 16151.8	GB: 16201	Conf: 0.36238	Pts: 53914
Particle (2):: Fit: 15551.1	PB: 15551.1	LB: 15766.2	GB: 16201	Conf: 0.97471	Pts: 134025
Particle (49):: Fit: 15564	PB: 15564	LB: 15766.2	GB: 16201	Conf: 0.41451	Pts: 79360
Particle (25):: Fit: 14978	PB: 14978	LB: 15768.6	GB: 16201	Conf: 0.510393	Pts: 148747
Particle (44):: Fit: 15963.3	PB: 15963.3	LB: 16151.8	GB: 16201	Conf: 0.885053	Pts: 118540
Particle (22):: Fit: 14358.1	PB: 14358.1	LB: 15951.2	GB: 16201	Conf: 0.535608	Pts: 53982
Particle (30):: Fit: 15740.2	PB: 15740.2	LB: 15740.2	GB: 16201	Conf: 0.898122	Pts: 104380
Particle (1):: Fit: 0.121125	PB: 0.121125	LB: 15766.2	GB: 16201	Conf: 0.595154	Pts: 108443
Particle (6):: Fit: 14741.3	PB: 14741.3	LB: 16201	GB: 16201	Conf: 0.558368	Pts: 163528
Particle (0):: Fit: 15770.2	PB: 15770.2	LB: 15770.2	GB: 16201	Conf: 0.802688	Pts: 243566
Particle (1):: Fit: 0.127286	PB: 0.127286	LB: 15770.2	GB: 16201	Conf: 0.765001	Pts: 108303
Particle (18):: Fit: 15809.2	PB: 15809.2	LB: 15951.2	GB: 16201	Conf: 0.560543	Pts: 83546
Particle (45):: Fit: 14.0198	PB: 14.0198	LB: 16151.8	GB: 16201	Conf: 0.459776	Pts: 53147
Particle (28):: Fit: 15777	PB: 15777	LB: 15777	GB: 16201	Conf: 0.385326	Pts: 242986
Particle (29):: Fit: 14973.7	PB: 14973.7	LB: 15777	GB: 16201	Conf: 0.782561	Pts: 58752
Particle (9):: Fit: 16603.2	PB: 16603.2	LB: 16603.2	GB: 16603.2	Conf: 0.812317	Pts: 163052
Global: 16603.2 - Correct: 81% of 100 tests
Global Best: 
  Inner Net 1
  -- 1 : 1 = 0.0544348
  -- 1 : 2 = 0.581517
  -- 1 : 3 = 0.194328
  -- 1 : 4 = -0.0343983
  -- 1 : 5 = -0.0281791
  -- 2 : 1 = -0.0118989
  -- 2 : 2 = -0.119307
  -- 2 : 3 = -0.0628152
  -- 2 : 4 = 0.0938798
  -- 2 : 5 = 0.0539856
  -- 3 : 1 = 0.184365
  -- 3 : 2 = -0.0369933
  -- 3 : 3 = 0.30122
  -- 3 : 4 = 0.059208
  -- 3 : 5 = 0.00711967
  -- 4 : 1 = 0.398992
  -- 4 : 2 = -0.158387
  -- 4 : 3 = 0.114766
  -- 4 : 4 = 0.177435
  -- 4 : 5 = 0.180797
  -- 5 : 1 = 0.118436
  -- 5 : 2 = -0.184565
  -- 5 : 3 = 0.0208307
  -- 5 : 4 = -0.123508
  -- 5 : 5 = 0.0869755
  -- 6 : 1 = 0.142667
  -- 6 : 2 = 0.063387
  -- 6 : 3 = 0.0190091
  -- 6 : 4 = 0.231632
  -- 6 : 5 = -0.434502
  Inner Net 2
  -- 1 : 1 = -0.275344
  -- 1 : 2 = -0.248523
  -- 2 : 1 = -0.160477
  -- 2 : 2 = -0.460045
  -- 3 : 1 = 0.208809
  -- 3 : 2 = -0.424349
  -- 4 : 1 = 0.106037
  -- 4 : 2 = -0.0543312
  -- 5 : 1 = -0.444746
  -- 5 : 2 = 0.0603302
Out\Act	False		True
False	0.805331	0.0366492	0.84198
True	0.119467	0.0385531	0.15802
	0.924798	0.0752023
	Accuracy [ (tp + tn) / testSize ]: 0.843884
	Precision [ tp / (tp + fp) ]:      0.509434
	Sensitivity [ tp / (tp + fn) ]:    0.243243
	Specificity [ tn / (tn + fp) ]:    0.955932
	F-Score [ 2tp / (2tp + fp + fn) ]: 0.329939
Particle (37):: Fit: 15758.8	PB: 15758.8	LB: 16151.8	GB: 16603.2	Conf: 0.629265	Pts: 103301
Particle (1):: Fit: 14.2213	PB: 14.2213	LB: 15770.2	GB: 16603.2	Conf: 0.380727	Pts: 107784
Particle (42):: Fit: 15771.4	PB: 15771.4	LB: 16151.8	GB: 16603.2	Conf: 0.24226	Pts: 317469
Particle (6):: Fit: 14950.2	PB: 14950.2	LB: 16603.2	GB: 16603.2	Conf: 0.892222	Pts: 162834
Particle (42):: Fit: 15775.6	PB: 15775.6	LB: 16151.8	GB: 16603.2	Conf: 0.262078	Pts: 317468
Particle (34):: Fit: 0.131381	PB: 0.131381	LB: 15758.8	GB: 16603.2	Conf: 0.5254	Pts: 52710
Particle (34):: Fit: 0.133388	PB: 0.133388	LB: 15758.8	GB: 16603.2	Conf: 0.833409	Pts: 52748
Particle (8):: Fit: 15390.2	PB: 15390.2	LB: 16603.2	GB: 16603.2	Conf: 0.730043	Pts: 102357
Particle (46):: Fit: 14.4218	PB: 14.4218	LB: 15963.3	GB: 16603.2	Conf: 0.963918	Pts: 56837
Particle (22):: Fit: 14551.6	PB: 14551.6	LB: 15951.2	GB: 16603.2	Conf: 0.629072	Pts: 52565
Particle (47):: Fit: 15599.8	PB: 15599.8	LB: 15963.3	GB: 16603.2	Conf: 0.623042	Pts: 67507
Particle (14):: Fit: 15375.1	PB: 15375.1	LB: 16201	GB: 16603.2	Conf: 0.484859	Pts: 97289
Particle (45):: Fit: 14.0199	PB: 14.0199	LB: 16151.8	GB: 16603.2	Conf: 0.726167	Pts: 52198
Particle (21):: Fit: 15769.2	PB: 15769.2	LB: 15951.2	GB: 16603.2	Conf: 0.326797	Pts: 62059
Particle (28):: Fit: 15779.2	PB: 15779.2	LB: 15779.2	GB: 16603.2	Conf: 0.453039	Pts: 286606
Particle (35):: Fit: 14941.5	PB: 14941.5	LB: 15758.8	GB: 16603.2	Conf: 0.410396	Pts: 66564
Particle (27):: Fit: 14358.5	PB: 14358.5	LB: 15779.2	GB: 16603.2	Conf: 1.17727	Pts: 51189
Particle (26):: Fit: 14974.4	PB: 14974.4	LB: 15779.2	GB: 16603.2	Conf: 0.689423	Pts: 76118
Particle (16):: Fit: 15783.3	PB: 15783.3	LB: 15951.2	GB: 16603.2	Conf: 0.330903	Pts: 141232
Particle (48):: Fit: 0.129381	PB: 0.129381	LB: 15963.3	GB: 16603.2	Conf: 0.611432	Pts: 90820
Particle (6):: Fit: 15400.7	PB: 15400.7	LB: 16603.2	GB: 16603.2	Conf: 0.507649	Pts: 160937
Particle (31):: Fit: 15195.5	PB: 15195.5	LB: 15779.2	GB: 16603.2	Conf: 0.735326	Pts: 130653
Particle (15):: Fit: 15382.7	PB: 15382.7	LB: 16201	GB: 16603.2	Conf: 0.811762	Pts: 110482
Particle (17):: Fit: 16596.1	PB: 16596.1	LB: 16596.1	GB: 16603.2	Conf: 0.697537	Pts: 185713
Particle (36):: Fit: 15380.5	PB: 15380.5	LB: 16151.8	GB: 16603.2	Conf: 0.87542	Pts: 124749
Particle (16):: Fit: 15988.4	PB: 15988.4	LB: 16596.1	GB: 16603.2	Conf: 0.174525	Pts: 140322
Particle (25):: Fit: 14984.2	PB: 14984.2	LB: 15779.2	GB: 16603.2	Conf: 0.519283	Pts: 145056
Global Best: 
  Inner Net 1
  -- 1 : 1 = 0.0544348
  -- 1 : 2 = 0.581517
  -- 1 : 3 = 0.194328
  -- 1 : 4 = -0.0343983
  -- 1 : 5 = -0.0281791
  -- 2 : 1 = -0.0118989
  -- 2 : 2 = -0.119307
  -- 2 : 3 = -0.0628152
  -- 2 : 4 = 0.0938798
  -- 2 : 5 = 0.0539856
  -- 3 : 1 = 0.184365
  -- 3 : 2 = -0.0369933
  -- 3 : 3 = 0.30122
  -- 3 : 4 = 0.059208
  -- 3 : 5 = 0.00711967
  -- 4 : 1 = 0.398992
  -- 4 : 2 = -0.158387
  -- 4 : 3 = 0.114766
  -- 4 : 4 = 0.177435
  -- 4 : 5 = 0.180797
  -- 5 : 1 = 0.118436
  -- 5 : 2 = -0.184565
  -- 5 : 3 = 0.0208307
  -- 5 : 4 = -0.123508
  -- 5 : 5 = 0.0869755
  -- 6 : 1 = 0.142667
  -- 6 : 2 = 0.063387
  -- 6 : 3 = 0.0190091
  -- 6 : 4 = 0.231632
  -- 6 : 5 = -0.434502
  Inner Net 2
  -- 1 : 1 = -0.275344
  -- 1 : 2 = -0.248523
  -- 2 : 1 = -0.160477
  -- 2 : 2 = -0.460045
  -- 3 : 1 = 0.208809
  -- 3 : 2 = -0.424349
  -- 4 : 1 = 0.106037
  -- 4 : 2 = -0.0543312
  -- 5 : 1 = -0.444746
  -- 5 : 2 = 0.0603302
Out\Act	False		True
False	0.805331	0.0366492	0.84198
True	0.119467	0.0385531	0.15802
	0.924798	0.0752023
	Accuracy [ (tp + tn) / testSize ]: 0.843884
	Precision [ tp / (tp + fp) ]:      0.509434
	Sensitivity [ tp / (tp + fn) ]:    0.243243
	Specificity [ tn / (tn + fp) ]:    0.955932
	F-Score [ 2tp / (2tp + fp + fn) ]: 0.329939
