
Date / Time: Fri Mar 31 01:35:30 2017

   ****************************************
   * PSO Neural Net (Gaussian Activation) *
   *       by William Boler, BSCE         *
   *     Research Assistant, IUPUI        *
   *                                      *
   *  Professor: Dr. Lauren Christopher   *
   *     Created: March 13, 2017          *
   ****************************************


Inputs: 10
Inner Nets: 1
 - 9
Tests per train(min): 100
Particles: 50
Neighbors: 10
Minimum Particle Iterations: 1000
Particle (0):: Fit: 80.8538	PB: 80.8538	LB: 80.8538	GB: 80.8538	Conf: 1.83275	Pts: 110099
Particle (1):: Fit: 34.6135	PB: 34.6135	LB: 80.8538	GB: 80.8538	Conf: 2	Pts: 55099
Particle (2):: Fit: 77.4032	PB: 77.4032	LB: 80.8538	GB: 80.8538	Conf: 1.94841	Pts: 60099
Particle (3):: Fit: 84.667	PB: 84.667	LB: 84.667	GB: 84.667	Conf: 2	Pts: 110099
Particle (4):: Fit: 34.1254	PB: 34.1254	LB: 84.667	GB: 84.667	Conf: 2	Pts: 55099
Particle (5):: Fit: 166.809	PB: 166.809	LB: 166.809	GB: 166.809	Conf: 1.8026	Pts: 110099
Particle (6):: Fit: 37.043	PB: 37.043	LB: 166.809	GB: 166.809	Conf: 2	Pts: 55099
Particle (7):: Fit: 34.1254	PB: 34.1254	LB: 166.809	GB: 166.809	Conf: 2	Pts: 55099
Particle (8):: Fit: 37.6039	PB: 37.6039	LB: 166.809	GB: 166.809	Conf: 1.24427	Pts: 65099
Particle (9):: Fit: 36.5585	PB: 36.5585	LB: 166.809	GB: 166.809	Conf: 2	Pts: 55099
Particle (10):: Fit: 38.5988	PB: 38.5988	LB: 38.5988	GB: 166.809	Conf: 0.817225	Pts: 75099
Particle (11):: Fit: 80.2551	PB: 80.2551	LB: 80.2551	GB: 166.809	Conf: 0.706027	Pts: 80099
Particle (12):: Fit: 47.6488	PB: 47.6488	LB: 80.2551	GB: 166.809	Conf: 0.58945	Pts: 55099
Particle (13):: Fit: 77.9721	PB: 77.9721	LB: 80.2551	GB: 166.809	Conf: 1.94648	Pts: 60099
Particle (14):: Fit: 173.418	PB: 173.418	LB: 173.418	GB: 173.418	Conf: 1.90757	Pts: 110099
Particle (15):: Fit: 35.1014	PB: 35.1014	LB: 173.418	GB: 173.418	Conf: 1.98443	Pts: 55099
Particle (16):: Fit: 36.0733	PB: 36.0733	LB: 173.418	GB: 173.418	Conf: 2	Pts: 60099
Particle (17):: Fit: 81.7948	PB: 81.7948	LB: 173.418	GB: 173.418	Conf: 2	Pts: 65099
Particle (18):: Fit: 160.15	PB: 160.15	LB: 173.418	GB: 173.418	Conf: 1.9654	Pts: 70099
Particle (19):: Fit: 77.9379	PB: 77.9379	LB: 160.15	GB: 173.418	Conf: 1.90695	Pts: 55099
Particle (20):: Fit: 72.9239	PB: 72.9239	LB: 160.15	GB: 173.418	Conf: 1.60464	Pts: 55099
Particle (21):: Fit: 78.2784	PB: 78.2784	LB: 160.15	GB: 173.418	Conf: 1.32549	Pts: 65099
Particle (22):: Fit: 77.9663	PB: 77.9663	LB: 160.15	GB: 173.418	Conf: 1.98742	Pts: 55099
Particle (23):: Fit: 83.7106	PB: 83.7106	LB: 83.7106	GB: 173.418	Conf: 2	Pts: 75099
Particle (24):: Fit: 85.1853	PB: 85.1853	LB: 85.1853	GB: 173.418	Conf: 0.418822	Pts: 80099
Particle (25):: Fit: 37.527	PB: 37.527	LB: 85.1853	GB: 173.418	Conf: 2	Pts: 55099
Particle (26):: Fit: 37.6106	PB: 37.6106	LB: 85.1853	GB: 173.418	Conf: 1.91834	Pts: 60099
Particle (27):: Fit: 82.3509	PB: 82.3509	LB: 85.1853	GB: 173.418	Conf: 1.98725	Pts: 65099
Particle (28):: Fit: 84.667	PB: 84.667	LB: 85.1853	GB: 173.418	Conf: 2	Pts: 70099
Particle (29):: Fit: 23.7102	PB: 23.7102	LB: 84.667	GB: 173.418	Conf: 1.68791	Pts: 55099
Particle (30):: Fit: 82.7532	PB: 82.7532	LB: 84.667	GB: 173.418	Conf: 2	Pts: 60099
Particle (31):: Fit: 80.8178	PB: 80.8178	LB: 84.667	GB: 173.418	Conf: 1.98957	Pts: 55099
Particle (32):: Fit: 44.6772	PB: 44.6772	LB: 84.667	GB: 173.418	Conf: 1.53791	Pts: 55099
Particle (33):: Fit: 37.0428	PB: 37.0428	LB: 82.7532	GB: 173.418	Conf: 1.98069	Pts: 55099
Particle (34):: Fit: 37.043	PB: 37.043	LB: 82.7532	GB: 173.418	Conf: 2	Pts: 60099
Particle (35):: Fit: 34.6135	PB: 34.6135	LB: 80.8178	GB: 173.418	Conf: 2	Pts: 55099
Particle (36):: Fit: 77.3087	PB: 77.3087	LB: 77.3087	GB: 173.418	Conf: 1.92111	Pts: 75099
Particle (37):: Fit: 36.0733	PB: 36.0733	LB: 77.3087	GB: 173.418	Conf: 2	Pts: 55099
Particle (38):: Fit: 79.909	PB: 79.909	LB: 79.909	GB: 173.418	Conf: 1.9766	Pts: 85099
Particle (39):: Fit: 78.1244	PB: 78.1244	LB: 79.909	GB: 173.418	Conf: 1.47966	Pts: 55099
Particle (40):: Fit: 84.667	PB: 84.667	LB: 84.667	GB: 173.418	Conf: 2	Pts: 100099
Particle (41):: Fit: 60.6969	PB: 60.6969	LB: 84.667	GB: 173.418	Conf: 1.55504	Pts: 50099
Particle (42):: Fit: 84.027	PB: 84.027	LB: 84.667	GB: 173.418	Conf: 1.46327	Pts: 60099
Particle (43):: Fit: 27.0791	PB: 27.0791	LB: 84.667	GB: 173.418	Conf: 0.534962	Pts: 50099
Particle (44):: Fit: 170.296	PB: 170.296	LB: 170.296	GB: 173.418	Conf: 1.60103	Pts: 100099
Particle (45):: Fit: 79.8884	PB: 79.8884	LB: 170.296	GB: 173.418	Conf: 1.90695	Pts: 50099
Particle (46):: Fit: 11.2988	PB: 11.2988	LB: 170.296	GB: 173.418	Conf: 0.791386	Pts: 50099
Particle (47):: Fit: 63.8071	PB: 63.8071	LB: 170.296	GB: 173.418	Conf: 1.38945	Pts: 50099
Particle (48):: Fit: 34.1305	PB: 34.1305	LB: 170.296	GB: 173.418	Conf: 1.98596	Pts: 50099
Particle (49):: Fit: 35.0944	PB: 35.0944	LB: 84.667	GB: 173.418	Conf: 1.76265	Pts: 50099
Global: 173.418 - Correct: 49% of 100 tests
Global Best: 
  Inner Net 1
  -- 1 : 1 = 0.3579
  -- 1 : 2 = 0.1675
  -- 1 : 3 = 0.5647
  -- 1 : 4 = 0.0106
  -- 1 : 5 = 0.2673
  -- 1 : 6 = 0.1972
  -- 1 : 7 = 0.9251
  -- 1 : 8 = 0.5455
  -- 1 : 9 = 0.8583
  -- 2 : 1 = 0.1098
  -- 2 : 2 = 0.6714
  -- 2 : 3 = 0.6333
  -- 2 : 4 = 0.4464
  -- 2 : 5 = 0.9109
  -- 2 : 6 = 0.9982
  -- 2 : 7 = 0.4635
  -- 2 : 8 = 0.8907
  -- 2 : 9 = 0.2723
  -- 3 : 1 = 0.5022
  -- 3 : 2 = 0.9559
  -- 3 : 3 = 0.7867
  -- 3 : 4 = 0.0882
  -- 3 : 5 = 0.3767
  -- 3 : 6 = 0.1249
  -- 3 : 7 = 0.3782
  -- 3 : 8 = 0.5309
  -- 3 : 9 = 0.709
  -- 4 : 1 = 0.3975
  -- 4 : 2 = 0.2475
  -- 4 : 3 = 0.4982
  -- 4 : 4 = 0.323
  -- 4 : 5 = 0.6944
  -- 4 : 6 = 0.3544
  -- 4 : 7 = 0.2005
  -- 4 : 8 = 0.4832
  -- 4 : 9 = 0.0829
  -- 5 : 1 = 0.5707
  -- 5 : 2 = 0.3328
  -- 5 : 3 = 0.1336
  -- 5 : 4 = 0.4525
  -- 5 : 5 = 0.3623
  -- 5 : 6 = 0.0092
  -- 5 : 7 = 0.9717
  -- 5 : 8 = 0.7648
  -- 5 : 9 = 0.2569
  -- 6 : 1 = 0.0466
  -- 6 : 2 = 0.9403
  -- 6 : 3 = 0.7742
  -- 6 : 4 = 0.6235
  -- 6 : 5 = 0.527
  -- 6 : 6 = 0.3572
  -- 6 : 7 = 0.0297
  -- 6 : 8 = 0.652
  -- 6 : 9 = 0.1156
  -- 7 : 1 = 0.4534
  -- 7 : 2 = 0.2416
  -- 7 : 3 = 0.5329
  -- 7 : 4 = 0.4684
  -- 7 : 5 = 0.2004
  -- 7 : 6 = 0.8694
  -- 7 : 7 = 0.0192
  -- 7 : 8 = 0.696
  -- 7 : 9 = 0.1351
  -- 8 : 1 = 0.2274
  -- 8 : 2 = 0.9244
  -- 8 : 3 = 0.9402
  -- 8 : 4 = 0.2318
  -- 8 : 5 = 0.0456
  -- 8 : 6 = 0.1676
  -- 8 : 7 = 0.3092
  -- 8 : 8 = 0.4851
  -- 8 : 9 = 0.5944
  -- 9 : 1 = 0.2767
  -- 9 : 2 = 0.2242
  -- 9 : 3 = 0.96
  -- 9 : 4 = 0.0341
  -- 9 : 5 = 0.7275
  -- 9 : 6 = 0.213
  -- 9 : 7 = 0.4801
  -- 9 : 8 = 0.4377
  -- 9 : 9 = 0.3525
  -- 10 : 1 = 0.6296
  -- 10 : 2 = 0.774
  -- 10 : 3 = 0.2087
  -- 10 : 4 = 0.4913
  -- 10 : 5 = 0.9059
  -- 10 : 6 = 0.2319
  -- 10 : 7 = 0.0497
  -- 10 : 8 = 0.2233
  -- 10 : 9 = 0.4788
  Inner Net 2
  -- 1 : 1 = -0.0805642
  -- 1 : 2 = 0.3811
  -- 2 : 1 = -0.348705
  -- 2 : 2 = -0.0742388
  -- 3 : 1 = -0.254
  -- 3 : 2 = -0.117481
  -- 4 : 1 = 0.2278
  -- 4 : 2 = -0.193293
  -- 5 : 1 = -0.00185996
  -- 5 : 2 = -0.3029
  -- 6 : 1 = -0.151045
  -- 6 : 2 = -0.18907
  -- 7 : 1 = 0.2916
  -- 7 : 2 = 0.3008
  -- 8 : 1 = -0.2911
  -- 8 : 2 = -0.0241
  -- 9 : 1 = 0.1321
  -- 9 : 2 = -0.1203
Out\Act	False		True
False	0.84198	0	0.84198
True	0.15802	0	0.15802
	1	0
	Accuracy [ (tp + tn) / testSize ]: 0.84198
	Precision [ tp / (tp + fp) ]:      0
	Sensitivity [ tp / (tp + fn) ]:    0
	Specificity [ tn / (tn + fp) ]:    0.999435
	F-Score [ 2tp / (2tp + fp + fn) ]: 0
Particle (0):: Fit: 172.601	PB: 172.601	LB: 172.601	GB: 173.418	Conf: 1.88501	Pts: 160198
Particle (1):: Fit: 38.4929	PB: 38.4929	LB: 172.601	GB: 173.418	Conf: 2	Pts: 55198
Particle (2):: Fit: 84.6961	PB: 84.6961	LB: 172.601	GB: 173.418	Conf: 1.92021	Pts: 60198
Particle (4):: Fit: 81.7948	PB: 81.7948	LB: 172.601	GB: 173.418	Conf: 2	Pts: 55198
Particle (6):: Fit: 77.9499	PB: 77.9499	LB: 166.809	GB: 173.418	Conf: 2	Pts: 55198
Particle (7):: Fit: 78.9128	PB: 78.9128	LB: 166.809	GB: 173.418	Conf: 2	Pts: 55198
Particle (8):: Fit: 79.0973	PB: 79.0973	LB: 166.809	GB: 173.418	Conf: 1.25024	Pts: 65198
Particle (12):: Fit: 49.3908	PB: 49.3908	LB: 173.418	GB: 173.418	Conf: 0.396577	Pts: 55198
Particle (13):: Fit: 180.226	PB: 180.226	LB: 180.226	GB: 180.226	Conf: 1.92115	Pts: 120198
Particle (15):: Fit: 72.2246	PB: 72.2246	LB: 180.226	GB: 180.226	Conf: 1.93945	Pts: 55198
Particle (17):: Fit: 82.7532	PB: 82.7532	LB: 180.226	GB: 180.226	Conf: 2	Pts: 65198
Particle (20):: Fit: 84.0031	PB: 84.0031	LB: 160.15	GB: 180.226	Conf: 1.50273	Pts: 55198
Particle (22):: Fit: 78.1163	PB: 78.1163	LB: 160.15	GB: 180.226	Conf: 1.94999	Pts: 55198
Particle (26):: Fit: 80.9437	PB: 80.9437	LB: 85.1853	GB: 180.226	Conf: 1.87126	Pts: 60198
Particle (29):: Fit: 57.6037	PB: 57.6037	LB: 84.667	GB: 180.226	Conf: 1.81239	Pts: 55198
Particle (31):: Fit: 81.8248	PB: 81.8248	LB: 84.667	GB: 180.226	Conf: 1.97036	Pts: 55198
Particle (32):: Fit: 57.4711	PB: 57.4711	LB: 84.667	GB: 180.226	Conf: 1.20653	Pts: 55198
Particle (34):: Fit: 88.4824	PB: 88.4824	LB: 88.4824	GB: 180.226	Conf: 2	Pts: 110198
Particle (35):: Fit: 80.8352	PB: 80.8352	LB: 88.4824	GB: 180.226	Conf: 2	Pts: 55198
Particle (36):: Fit: 79.8746	PB: 79.8746	LB: 88.4824	GB: 180.226	Conf: 2	Pts: 75198
Particle (37):: Fit: 77.9499	PB: 77.9499	LB: 88.4824	GB: 180.226	Conf: 2	Pts: 55198
Particle (38):: Fit: 81.7948	PB: 81.7948	LB: 88.4824	GB: 180.226	Conf: 2	Pts: 85198
Particle (41):: Fit: 78.9767	PB: 78.9767	LB: 170.296	GB: 180.226	Conf: 1.53966	Pts: 50198
Particle (43):: Fit: 81.2219	PB: 81.2219	LB: 170.296	GB: 180.226	Conf: 0.738851	Pts: 50198
Particle (48):: Fit: 80.4216	PB: 80.4216	LB: 172.601	GB: 180.226	Conf: 1.98289	Pts: 50198
Particle (49):: Fit: 66.9661	PB: 66.9661	LB: 172.601	GB: 180.226	Conf: 1.73825	Pts: 50198
Global: 180.226 - Correct: 44% of 100 tests
Global Best: 
  Inner Net 1
  -- 1 : 1 = 0.8575
  -- 1 : 2 = 0.3733
  -- 1 : 3 = 0.5474
  -- 1 : 4 = 0.5948
  -- 1 : 5 = 0.1786
  -- 1 : 6 = 0.1985
  -- 1 : 7 = 0.126
  -- 1 : 8 = 0.4391
  -- 1 : 9 = 0.509
  -- 2 : 1 = 0.7008
  -- 2 : 2 = 0.8886
  -- 2 : 3 = 0.5382
  -- 2 : 4 = 0.8046
  -- 2 : 5 = 0.9442
  -- 2 : 6 = 0.9341
  -- 2 : 7 = 0.2978
  -- 2 : 8 = 0.9331
  -- 2 : 9 = 0.9862
  -- 3 : 1 = 0.3002
  -- 3 : 2 = 0.4002
  -- 3 : 3 = 0.4396
  -- 3 : 4 = 0.3304
  -- 3 : 5 = 0.7589
  -- 3 : 6 = 0.2112
  -- 3 : 7 = 0.2672
  -- 3 : 8 = 0.9435
  -- 3 : 9 = 0.1991
  -- 4 : 1 = 0.041
  -- 4 : 2 = 0.5743
  -- 4 : 3 = 0.6744
  -- 4 : 4 = 0.9876
  -- 4 : 5 = 0.9194
  -- 4 : 6 = 0.0124
  -- 4 : 7 = 0.7525
  -- 4 : 8 = 0.1208
  -- 4 : 9 = 0.5032
  -- 5 : 1 = 0.837
  -- 5 : 2 = 0.8825
  -- 5 : 3 = 0.3281
  -- 5 : 4 = 0.8205
  -- 5 : 5 = 0.936
  -- 5 : 6 = 0.0575
  -- 5 : 7 = 0.403
  -- 5 : 8 = 0.7036
  -- 5 : 9 = 0.9206
  -- 6 : 1 = 0.0378
  -- 6 : 2 = 0.3062
  -- 6 : 3 = 0.3357
  -- 6 : 4 = 0.6997
  -- 6 : 5 = 0.3128
  -- 6 : 6 = 0.4076
  -- 6 : 7 = 0.3641
  -- 6 : 8 = 0.405
  -- 6 : 9 = 0.2889
  -- 7 : 1 = 0.5522
  -- 7 : 2 = 0.8525
  -- 7 : 3 = 0.9211
  -- 7 : 4 = 0.4929
  -- 7 : 5 = 0.1308
  -- 7 : 6 = 0.6296
  -- 7 : 7 = 0.5021
  -- 7 : 8 = 0.2572
  -- 7 : 9 = 0.1798
  -- 8 : 1 = 0.0791
  -- 8 : 2 = 0.8358
  -- 8 : 3 = 0.4274
  -- 8 : 4 = 0.1368
  -- 8 : 5 = 0.8804
  -- 8 : 6 = 0.2518
  -- 8 : 7 = 0.8076
  -- 8 : 8 = 0.1065
  -- 8 : 9 = 0.1915
  -- 9 : 1 = 0.7931
  -- 9 : 2 = 0.5446
  -- 9 : 3 = 0.2642
  -- 9 : 4 = 0.8301
  -- 9 : 5 = 0.4253
  -- 9 : 6 = 0.9348
  -- 9 : 7 = 0.1444
  -- 9 : 8 = 0.7287
  -- 9 : 9 = 0.4615
  -- 10 : 1 = 0.3642
  -- 10 : 2 = 0.8252
  -- 10 : 3 = 0.6037
  -- 10 : 4 = 0.308
  -- 10 : 5 = 0.0775
  -- 10 : 6 = 0.3094
  -- 10 : 7 = 0.1764
  -- 10 : 8 = 0.9737
  -- 10 : 9 = 0.061
  Inner Net 2
  -- 1 : 1 = -0.287351
  -- 1 : 2 = -0.348069
  -- 2 : 1 = -0.663679
  -- 2 : 2 = -0.224729
  -- 3 : 1 = -0.489944
  -- 3 : 2 = -0.0566444
  -- 4 : 1 = -0.1565
  -- 4 : 2 = -0.127839
  -- 5 : 1 = -0.3366
  -- 5 : 2 = -0.154912
  -- 6 : 1 = -0.496
  -- 6 : 2 = -0.48444
  -- 7 : 1 = -0.47046
  -- 7 : 2 = 0.05225
  -- 8 : 1 = -0.411966
  -- 8 : 2 = -0.438583
  -- 9 : 1 = 0.0261584
  -- 9 : 2 = -0.0650029
Out\Act	False		True
False	0.84198	0	0.84198
True	0.15802	0	0.15802
	1	0
	Accuracy [ (tp + tn) / testSize ]: 0.84198
	Precision [ tp / (tp + fp) ]:      0
	Sensitivity [ tp / (tp + fn) ]:    0
	Specificity [ tn / (tn + fp) ]:    0.999435
	F-Score [ 2tp / (2tp + fp + fn) ]: 0
Particle (1):: Fit: 87.53	PB: 87.53	LB: 172.601	GB: 180.226	Conf: 2	Pts: 55297
Particle (2):: Fit: 158.508	PB: 158.508	LB: 172.601	GB: 180.226	Conf: 1.85722	Pts: 60297
Particle (9):: Fit: 80.8352	PB: 80.8352	LB: 180.226	GB: 180.226	Conf: 2	Pts: 55197
Particle (10):: Fit: 78.1909	PB: 78.1909	LB: 180.226	GB: 180.226	Conf: 0.817225	Pts: 75197
Particle (11):: Fit: 83.1323	PB: 83.1323	LB: 180.226	GB: 180.226	Conf: 0.475591	Pts: 80197
Particle (15):: Fit: 162.121	PB: 162.121	LB: 180.226	GB: 180.226	Conf: 1.96679	Pts: 60297
Particle (16):: Fit: 38.4929	PB: 38.4929	LB: 180.226	GB: 180.226	Conf: 2	Pts: 60197
Particle (25):: Fit: 81.7948	PB: 81.7948	LB: 85.1853	GB: 180.226	Conf: 2	Pts: 55197
Particle (26):: Fit: 163.035	PB: 163.035	LB: 163.035	GB: 180.226	Conf: 1.91565	Pts: 110297
Particle (29):: Fit: 71.6495	PB: 71.6495	LB: 163.035	GB: 180.226	Conf: 1.84313	Pts: 55297
Particle (32):: Fit: 60.2716	PB: 60.2716	LB: 88.4824	GB: 180.226	Conf: 1.53706	Pts: 55297
Particle (37):: Fit: 83.7106	PB: 83.7106	LB: 88.4824	GB: 180.226	Conf: 2	Pts: 55297
Particle (39):: Fit: 80.8846	PB: 80.8846	LB: 170.296	GB: 180.226	Conf: 1.5022	Pts: 55197
Particle (45):: Fit: 83.7078	PB: 83.7078	LB: 172.601	GB: 180.226	Conf: 1.94194	Pts: 50197
Particle (46):: Fit: 104.017	PB: 104.017	LB: 172.601	GB: 180.226	Conf: 0.892962	Pts: 50195
Particle (48):: Fit: 85.6223	PB: 85.6223	LB: 172.601	GB: 180.226	Conf: 2	Pts: 50297
Particle (49):: Fit: 156.585	PB: 156.585	LB: 172.601	GB: 180.226	Conf: 1.69745	Pts: 50297
Particle (5):: Fit: 183.607	PB: 183.607	LB: 183.607	GB: 183.607	Conf: 1.81347	Pts: 170196
Particle (7):: Fit: 83.7106	PB: 83.7106	LB: 183.607	GB: 183.607	Conf: 2	Pts: 55296
Particle (12):: Fit: 117.186	PB: 117.186	LB: 180.226	GB: 183.607	Conf: 0.154551	Pts: 55295
Particle (16):: Fit: 78.9128	PB: 78.9128	LB: 180.226	GB: 183.607	Conf: 2	Pts: 60296
Particle (18):: Fit: 160.17	PB: 160.17	LB: 173.418	GB: 183.607	Conf: 1.96145	Pts: 75196
Particle (21):: Fit: 79.1291	PB: 79.1291	LB: 163.035	GB: 183.607	Conf: 1.15469	Pts: 65196
Particle (25):: Fit: 85.6223	PB: 85.6223	LB: 163.035	GB: 183.607	Conf: 2	Pts: 55296
Particle (27):: Fit: 86.2076	PB: 86.2076	LB: 163.035	GB: 183.607	Conf: 1.98805	Pts: 65196
Particle (39):: Fit: 81.9607	PB: 81.9607	LB: 170.296	GB: 183.607	Conf: 1.40238	Pts: 55296
Particle (47):: Fit: 135.793	PB: 135.793	LB: 172.601	GB: 183.607	Conf: 1.39484	Pts: 50196
Particle (48):: Fit: 93.2307	PB: 93.2307	LB: 172.601	GB: 183.607	Conf: 2	Pts: 50396
Global: 183.607 - Correct: 44% of 100 tests
Global Best: 
  Inner Net 1
  -- 1 : 1 = 0.2886
  -- 1 : 2 = 0.0282
  -- 1 : 3 = 0.0564
  -- 1 : 4 = 0.7719
  -- 1 : 5 = 0.8398
  -- 1 : 6 = 0.1094
  -- 1 : 7 = 0.7847
  -- 1 : 8 = 0.3406
  -- 1 : 9 = 0.9112
  -- 2 : 1 = 0.0809
  -- 2 : 2 = 0.4986
  -- 2 : 3 = 0.4968
  -- 2 : 4 = 0.6122
  -- 2 : 5 = 0.1344
  -- 2 : 6 = 0.2382
  -- 2 : 7 = 0.8984
  -- 2 : 8 = 0.1405
  -- 2 : 9 = 0.1585
  -- 3 : 1 = 0.9947
  -- 3 : 2 = 0.9774
  -- 3 : 3 = 0.1999
  -- 3 : 4 = 0.0467
  -- 3 : 5 = 0.2477
  -- 3 : 6 = 0.9901
  -- 3 : 7 = 0.255
  -- 3 : 8 = 0.4675
  -- 3 : 9 = 0.952
  -- 4 : 1 = 0.6782
  -- 4 : 2 = 0.471
  -- 4 : 3 = 0.1156
  -- 4 : 4 = 0.1527
  -- 4 : 5 = 0.7094
  -- 4 : 6 = 0.3333
  -- 4 : 7 = 0.8167
  -- 4 : 8 = 0.2739
  -- 4 : 9 = 0.7926
  -- 5 : 1 = 0.2412
  -- 5 : 2 = 0.1548
  -- 5 : 3 = 0.9618
  -- 5 : 4 = 0.4497
  -- 5 : 5 = 0.5184
  -- 5 : 6 = 0.084
  -- 5 : 7 = 0.7893
  -- 5 : 8 = 0.5716
  -- 5 : 9 = 0.1779
  -- 6 : 1 = 0.0247
  -- 6 : 2 = 0.8455
  -- 6 : 3 = 0.9073
  -- 6 : 4 = 0.5621
  -- 6 : 5 = 0.0931
  -- 6 : 6 = 0.1131
  -- 6 : 7 = 0.0012
  -- 6 : 8 = 0.475
  -- 6 : 9 = 0.1605
  -- 7 : 1 = 0.3205
  -- 7 : 2 = 0.1098
  -- 7 : 3 = 0.2465
  -- 7 : 4 = 0.2396
  -- 7 : 5 = 0.7868
  -- 7 : 6 = 0.2902
  -- 7 : 7 = 0.1929
  -- 7 : 8 = 0.51
  -- 7 : 9 = 0.2222
  -- 8 : 1 = 0.9622
  -- 8 : 2 = 0.1319
  -- 8 : 3 = 0.7401
  -- 8 : 4 = 0.9588
  -- 8 : 5 = 0.6429
  -- 8 : 6 = 0.5823
  -- 8 : 7 = 0.8804
  -- 8 : 8 = 0.2168
  -- 8 : 9 = 0.2019
  -- 9 : 1 = 0.6911
  -- 9 : 2 = 0.1845
  -- 9 : 3 = 0.3445
  -- 9 : 4 = 0.397
  -- 9 : 5 = 0.9666
  -- 9 : 6 = 0.6954
  -- 9 : 7 = 0.0845
  -- 9 : 8 = 0.2098
  -- 9 : 9 = 0.9828
  -- 10 : 1 = 0.3902
  -- 10 : 2 = 0.6177
  -- 10 : 3 = 0.2311
  -- 10 : 4 = 0.8855
  -- 10 : 5 = 0.8845
  -- 10 : 6 = 0.2828
  -- 10 : 7 = 0.2313
  -- 10 : 8 = 0.7749
  -- 10 : 9 = 0.4343
  Inner Net 2
  -- 1 : 1 = 0.228738
  -- 1 : 2 = 0.130346
  -- 2 : 1 = -0.403243
  -- 2 : 2 = -0.0759445
  -- 3 : 1 = 0.241184
  -- 3 : 2 = -0.00875409
  -- 4 : 1 = -0.383349
  -- 4 : 2 = -0.119508
  -- 5 : 1 = -0.133473
  -- 5 : 2 = -0.0383369
  -- 6 : 1 = -0.385343
  -- 6 : 2 = -0.009
  -- 7 : 1 = 0.1454
  -- 7 : 2 = 0.131294
  -- 8 : 1 = 0.374202
  -- 8 : 2 = -0.072057
  -- 9 : 1 = -0.0705752
  -- 9 : 2 = 0.196508
Out\Act	False		True
False	0.84198	0	0.84198
True	0.15802	0	0.15802
	1	0
	Accuracy [ (tp + tn) / testSize ]: 0.84198
	Precision [ tp / (tp + fp) ]:      0
	Sensitivity [ tp / (tp + fn) ]:    0
	Specificity [ tn / (tn + fp) ]:    0.999435
	F-Score [ 2tp / (2tp + fp + fn) ]: 0
Particle (2):: Fit: 164.12	PB: 164.12	LB: 183.607	GB: 183.607	Conf: 1.95531	Pts: 60395
Particle (4):: Fit: 83.7106	PB: 83.7106	LB: 183.607	GB: 183.607	Conf: 2	Pts: 55295
Particle (6):: Fit: 84.667	PB: 84.667	LB: 183.607	GB: 183.607	Conf: 2	Pts: 55295
Particle (12):: Fit: 180.378	PB: 180.378	LB: 180.378	GB: 183.607	Conf: 0.855535	Pts: 90394
Particle (17):: Fit: 84.667	PB: 84.667	LB: 180.226	GB: 183.607	Conf: 2	Pts: 65295
Particle (19):: Fit: 189.028	PB: 189.028	LB: 189.028	GB: 189.028	Conf: 1.78092	Pts: 115195
Particle (20):: Fit: 168.082	PB: 168.082	LB: 189.028	GB: 189.028	Conf: 1.35001	Pts: 60295
Particle (31):: Fit: 174.088	PB: 174.088	LB: 174.088	GB: 189.028	Conf: 1.97998	Pts: 105295
Particle (33):: Fit: 78.4739	PB: 78.4739	LB: 174.088	GB: 189.028	Conf: 1.98563	Pts: 55195
Particle (36):: Fit: 80.8812	PB: 80.8812	LB: 88.4824	GB: 189.028	Conf: 1.95814	Pts: 75295
Particle (39):: Fit: 166.614	PB: 166.614	LB: 170.296	GB: 189.028	Conf: 1.29718	Pts: 70395
Particle (49):: Fit: 170.276	PB: 170.276	LB: 172.601	GB: 189.028	Conf: 1.73436	Pts: 50395
Global: 189.028 - Correct: 46% of 100 tests
Global Best: 
  Inner Net 1
  -- 1 : 1 = 0.3859
  -- 1 : 2 = 0.8488
  -- 1 : 3 = 0.4095
  -- 1 : 4 = 0.562
  -- 1 : 5 = 0.3588
  -- 1 : 6 = 0.9081
  -- 1 : 7 = 0.4635
  -- 1 : 8 = 0.3748
  -- 1 : 9 = 0.8157
  -- 2 : 1 = 0.5632
  -- 2 : 2 = 0.0878
  -- 2 : 3 = 0.1329
  -- 2 : 4 = 0.0018
  -- 2 : 5 = 0.1442
  -- 2 : 6 = 0.9481
  -- 2 : 7 = 0.51
  -- 2 : 8 = 0.5406
  -- 2 : 9 = 0.9033
  -- 3 : 1 = 0.0655
  -- 3 : 2 = 0.7931
  -- 3 : 3 = 0.5869
  -- 3 : 4 = 0.2887
  -- 3 : 5 = 0.2746
  -- 3 : 6 = 0.7665
  -- 3 : 7 = 0.9017
  -- 3 : 8 = 0.9129
  -- 3 : 9 = 0.0719
  -- 4 : 1 = 0.1741
  -- 4 : 2 = 0.1907
  -- 4 : 3 = 0.9487
  -- 4 : 4 = 0.6019
  -- 4 : 5 = 0.957
  -- 4 : 6 = 0.1461
  -- 4 : 7 = 0.6891
  -- 4 : 8 = 0.1309
  -- 4 : 9 = 0.7943
  -- 5 : 1 = 0.4869
  -- 5 : 2 = 0.3896
  -- 5 : 3 = 0.6317
  -- 5 : 4 = 0.76
  -- 5 : 5 = 0.9932
  -- 5 : 6 = 0.4061
  -- 5 : 7 = 0.8462
  -- 5 : 8 = 0.0973
  -- 5 : 9 = 0.5511
  -- 6 : 1 = 0.1474
  -- 6 : 2 = 0.9401
  -- 6 : 3 = 0.557
  -- 6 : 4 = 0.6958
  -- 6 : 5 = 0.901
  -- 6 : 6 = 0.1178
  -- 6 : 7 = 0.9623
  -- 6 : 8 = 0.9012
  -- 6 : 9 = 0.605
  -- 7 : 1 = 0.1414
  -- 7 : 2 = 0
  -- 7 : 3 = 0.4879
  -- 7 : 4 = 0.9633
  -- 7 : 5 = 0.0765
  -- 7 : 6 = 0.4543
  -- 7 : 7 = 0.0136
  -- 7 : 8 = 0.9776
  -- 7 : 9 = 0.8701
  -- 8 : 1 = 0.4984
  -- 8 : 2 = 0.402
  -- 8 : 3 = 0.4628
  -- 8 : 4 = 0.9591
  -- 8 : 5 = 0.7078
  -- 8 : 6 = 0.3972
  -- 8 : 7 = 0.8778
  -- 8 : 8 = 0.2102
  -- 8 : 9 = 0.5612
  -- 9 : 1 = 0.153
  -- 9 : 2 = 0.5658
  -- 9 : 3 = 0.4157
  -- 9 : 4 = 0.8351
  -- 9 : 5 = 0.4382
  -- 9 : 6 = 0.7807
  -- 9 : 7 = 0.2191
  -- 9 : 8 = 0.5938
  -- 9 : 9 = 0.328
  -- 10 : 1 = 0.7446
  -- 10 : 2 = 0.5877
  -- 10 : 3 = 0.8434
  -- 10 : 4 = 0.6766
  -- 10 : 5 = 0.0245
  -- 10 : 6 = 0.454
  -- 10 : 7 = 0.0595
  -- 10 : 8 = 0.812
  -- 10 : 9 = 0.027
  Inner Net 2
  -- 1 : 1 = -0.531045
  -- 1 : 2 = 0.438224
  -- 2 : 1 = -0.135957
  -- 2 : 2 = 0.323831
  -- 3 : 1 = -0.749039
  -- 3 : 2 = -0.162858
  -- 4 : 1 = -0.221492
  -- 4 : 2 = -0.0857729
  -- 5 : 1 = 0.196989
  -- 5 : 2 = -0.0163175
  -- 6 : 1 = -0.364998
  -- 6 : 2 = 0.150568
  -- 7 : 1 = -0.201467
  -- 7 : 2 = -0.190759
  -- 8 : 1 = -0.44624
  -- 8 : 2 = 0.126451
  -- 9 : 1 = -0.407341
  -- 9 : 2 = -0.042869
Out\Act	False		True
False	0.84198	0	0.84198
True	0.15802	0	0.15802
	1	0
	Accuracy [ (tp + tn) / testSize ]: 0.84198
	Precision [ tp / (tp + fp) ]:      0
	Sensitivity [ tp / (tp + fn) ]:    0
	Specificity [ tn / (tn + fp) ]:    0.999435
	F-Score [ 2tp / (2tp + fp + fn) ]: 0
Particle (2):: Fit: 169.563	PB: 169.563	LB: 183.607	GB: 189.028	Conf: 1.92838	Pts: 60494
Particle (3):: Fit: 85.6223	PB: 85.6223	LB: 183.607	GB: 189.028	Conf: 2	Pts: 110194
Particle (11):: Fit: 106.042	PB: 106.042	LB: 180.378	GB: 189.028	Conf: 0.800638	Pts: 80294
Particle (22):: Fit: 78.4769	PB: 78.4769	LB: 189.028	GB: 189.028	Conf: 1.98394	Pts: 55294
Particle (23):: Fit: 84.667	PB: 84.667	LB: 189.028	GB: 189.028	Conf: 2	Pts: 75194
Particle (31):: Fit: 186.193	PB: 186.193	LB: 186.193	GB: 189.028	Conf: 1.97946	Pts: 155394
Particle (32):: Fit: 79.0705	PB: 79.0705	LB: 186.193	GB: 189.028	Conf: 1.12944	Pts: 55394
Particle (33):: Fit: 78.9128	PB: 78.9128	LB: 186.193	GB: 189.028	Conf: 2	Pts: 55294
Particle (35):: Fit: 83.7106	PB: 83.7106	LB: 186.193	GB: 189.028	Conf: 2	Pts: 55294
Particle (36):: Fit: 160.489	PB: 160.489	LB: 166.614	GB: 189.028	Conf: 1.81112	Pts: 75394
Particle (2):: Fit: 178.699	PB: 178.699	LB: 183.607	GB: 189.028	Conf: 1.94204	Pts: 75593
Particle (4):: Fit: 86.5766	PB: 86.5766	LB: 183.607	GB: 189.028	Conf: 2	Pts: 55393
Particle (8):: Fit: 80.5784	PB: 80.5784	LB: 183.607	GB: 189.028	Conf: 0.779351	Pts: 65293
Particle (9):: Fit: 82.7532	PB: 82.7532	LB: 183.607	GB: 189.028	Conf: 2	Pts: 55293
Particle (10):: Fit: 84.0955	PB: 84.0955	LB: 180.378	GB: 189.028	Conf: 0.871617	Pts: 75292
Particle (12):: Fit: 182.498	PB: 182.498	LB: 182.498	GB: 189.028	Conf: 0.503827	Pts: 110492
Particle (18):: Fit: 160.557	PB: 160.557	LB: 189.028	GB: 189.028	Conf: 1.94801	Pts: 75293
Particle (21):: Fit: 79.2351	PB: 79.2351	LB: 189.028	GB: 189.028	Conf: 1.44122	Pts: 65293
Particle (33):: Fit: 82.7532	PB: 82.7532	LB: 186.193	GB: 189.028	Conf: 2	Pts: 55393
Particle (35):: Fit: 84.667	PB: 84.667	LB: 186.193	GB: 189.028	Conf: 2	Pts: 55393
Particle (38):: Fit: 83.7106	PB: 83.7106	LB: 166.614	GB: 189.028	Conf: 2	Pts: 85293
Particle (39):: Fit: 171.013	PB: 171.013	LB: 171.013	GB: 189.028	Conf: 1.12371	Pts: 110493
Particle (21):: Fit: 83.1335	PB: 83.1335	LB: 189.028	GB: 189.028	Conf: 1.41799	Pts: 65392
Particle (23):: Fit: 87.53	PB: 87.53	LB: 189.028	GB: 189.028	Conf: 2	Pts: 75292
Particle (29):: Fit: 73.1552	PB: 73.1552	LB: 186.193	GB: 189.028	Conf: 1.79559	Pts: 55392
Particle (31):: Fit: 187.274	PB: 187.274	LB: 187.274	GB: 189.028	Conf: 1.98713	Pts: 205492
Particle (33):: Fit: 164.255	PB: 164.255	LB: 187.274	GB: 189.028	Conf: 1.9873	Pts: 55492
Particle (47):: Fit: 139.973	PB: 139.973	LB: 178.699	GB: 189.028	Conf: 1.40242	Pts: 50292
Particle (8):: Fit: 180.622	PB: 180.622	LB: 183.607	GB: 189.028	Conf: 0.935058	Pts: 65391
Particle (16):: Fit: 90.3844	PB: 90.3844	LB: 189.028	GB: 189.028	Conf: 2	Pts: 60391
Particle (22):: Fit: 90.0428	PB: 90.0428	LB: 189.028	GB: 189.028	Conf: 1.98929	Pts: 55391
Particle (29):: Fit: 163.27	PB: 163.27	LB: 187.274	GB: 189.028	Conf: 1.8644	Pts: 60491
Particle (32):: Fit: 82.0663	PB: 82.0663	LB: 187.274	GB: 189.028	Conf: 1.26699	Pts: 55491
Particle (37):: Fit: 85.6223	PB: 85.6223	LB: 171.013	GB: 189.028	Conf: 2	Pts: 55391
Particle (41):: Fit: 86.883	PB: 86.883	LB: 171.013	GB: 189.028	Conf: 1.57934	Pts: 50291
Particle (47):: Fit: 144.582	PB: 144.582	LB: 178.699	GB: 189.028	Conf: 1.47919	Pts: 50391
Particle (15):: Fit: 170.233	PB: 170.233	LB: 189.028	GB: 189.028	Conf: 1.97154	Pts: 60390
Particle (30):: Fit: 84.667	PB: 84.667	LB: 187.274	GB: 189.028	Conf: 2	Pts: 60190
Particle (36):: Fit: 168.107	PB: 168.107	LB: 171.013	GB: 189.028	Conf: 1.871	Pts: 75490
Particle (42):: Fit: 180.182	PB: 180.182	LB: 180.182	GB: 189.028	Conf: 1.28182	Pts: 110190
Particle (7):: Fit: 84.667	PB: 84.667	LB: 183.607	GB: 189.028	Conf: 2	Pts: 55389
Particle (20):: Fit: 175.777	PB: 175.777	LB: 189.028	GB: 189.028	Conf: 1.18956	Pts: 65389
Particle (38):: Fit: 168.114	PB: 168.114	LB: 180.182	GB: 189.028	Conf: 1.98779	Pts: 85389
Particle (47):: Fit: 147.382	PB: 147.382	LB: 178.699	GB: 189.028	Conf: 1.38502	Pts: 50489
Particle (14):: Fit: 181.241	PB: 181.241	LB: 189.028	GB: 189.028	Conf: 1.93593	Pts: 110188
Particle (26):: Fit: 163.144	PB: 163.144	LB: 187.274	GB: 189.028	Conf: 1.96655	Pts: 110388
Particle (44):: Fit: 194.758	PB: 194.758	LB: 194.758	GB: 194.758	Conf: 1.36473	Pts: 160188
Particle (45):: Fit: 169.763	PB: 169.763	LB: 194.758	GB: 194.758	Conf: 1.83172	Pts: 50288
Particle (47):: Fit: 150.218	PB: 150.218	LB: 194.758	GB: 194.758	Conf: 1.10016	Pts: 50588
Global: 194.758 - Correct: 61% of 100 tests
Global Best: 
  Inner Net 1
  -- 1 : 1 = 0.6873
  -- 1 : 2 = 0.0375
  -- 1 : 3 = 0.166
  -- 1 : 4 = 0.9214
  -- 1 : 5 = 0.3897
  -- 1 : 6 = 0.9491
  -- 1 : 7 = 0.3428
  -- 1 : 8 = 0.2615
  -- 1 : 9 = 0.2826
  -- 2 : 1 = 0.0186
  -- 2 : 2 = 0.7651
  -- 2 : 3 = 0.4592
  -- 2 : 4 = 0.9935
  -- 2 : 5 = 0.6946
  -- 2 : 6 = 0.1335
  -- 2 : 7 = 0.6351
  -- 2 : 8 = 0.9168
  -- 2 : 9 = 0.4562
  -- 3 : 1 = 0.9388
  -- 3 : 2 = 0.4031
  -- 3 : 3 = 0.5455
  -- 3 : 4 = 0.8436
  -- 3 : 5 = 0.2483
  -- 3 : 6 = 0.0736
  -- 3 : 7 = 0.2476
  -- 3 : 8 = 0.7084
  -- 3 : 9 = 0.0034
  -- 4 : 1 = 0.419
  -- 4 : 2 = 0.9734
  -- 4 : 3 = 0.3305
  -- 4 : 4 = 0.0555
  -- 4 : 5 = 0.3872
  -- 4 : 6 = 0.1443
  -- 4 : 7 = 0.1626
  -- 4 : 8 = 0.2578
  -- 4 : 9 = 0.2721
  -- 5 : 1 = 0.2081
  -- 5 : 2 = 0.2963
  -- 5 : 3 = 0.7753
  -- 5 : 4 = 0.9412
  -- 5 : 5 = 0.3261
  -- 5 : 6 = 0.5344
  -- 5 : 7 = 0.1486
  -- 5 : 8 = 0.2884
  -- 5 : 9 = 0.0165
  -- 6 : 1 = 0.4233
  -- 6 : 2 = 0.5207
  -- 6 : 3 = 0.577
  -- 6 : 4 = 0.6649
  -- 6 : 5 = 0.4694
  -- 6 : 6 = 0.8045
  -- 6 : 7 = 0.8402
  -- 6 : 8 = 0.0503
  -- 6 : 9 = 0.8485
  -- 7 : 1 = 0.4503
  -- 7 : 2 = 0.2176
  -- 7 : 3 = 0.0888
  -- 7 : 4 = 0.8762
  -- 7 : 5 = 0.4664
  -- 7 : 6 = 0.0735
  -- 7 : 7 = 0.1588
  -- 7 : 8 = 0.2102
  -- 7 : 9 = 0.2444
  -- 8 : 1 = 0.9914
  -- 8 : 2 = 0.9805
  -- 8 : 3 = 0.0699
  -- 8 : 4 = 0.4574
  -- 8 : 5 = 0.0431
  -- 8 : 6 = 0.8731
  -- 8 : 7 = 0.211
  -- 8 : 8 = 0.1838
  -- 8 : 9 = 0.104
  -- 9 : 1 = 0.794
  -- 9 : 2 = 0.987
  -- 9 : 3 = 0.5394
  -- 9 : 4 = 0.1516
  -- 9 : 5 = 0.8766
  -- 9 : 6 = 0.7605
  -- 9 : 7 = 0.0618
  -- 9 : 8 = 0.9502
  -- 9 : 9 = 0.3783
  -- 10 : 1 = 0.6397
  -- 10 : 2 = 0.8712
  -- 10 : 3 = 0.9348
  -- 10 : 4 = 0.6309
  -- 10 : 5 = 0.6964
  -- 10 : 6 = 0.0192
  -- 10 : 7 = 0.0819
  -- 10 : 8 = 0.4138
  -- 10 : 9 = 0.7651
  Inner Net 2
  -- 1 : 1 = -0.206534
  -- 1 : 2 = 0.0110081
  -- 2 : 1 = 0.0799765
  -- 2 : 2 = 0.0133517
  -- 3 : 1 = -0.691052
  -- 3 : 2 = 0.221174
  -- 4 : 1 = -0.539129
  -- 4 : 2 = -0.199537
  -- 5 : 1 = 0.0930437
  -- 5 : 2 = -0.083318
  -- 6 : 1 = -0.329708
  -- 6 : 2 = -0.367865
  -- 7 : 1 = -0.0380308
  -- 7 : 2 = -0.170831
  -- 8 : 1 = 0.140781
  -- 8 : 2 = 0.0757239
  -- 9 : 1 = 0.294885
  -- 9 : 2 = -0.160902
Out\Act	False		True
False	0.818658	0.0233222	0.84198
True	0.125178	0.0328415	0.15802
	0.943836	0.0561637
	Accuracy [ (tp + tn) / testSize ]: 0.851499
	Precision [ tp / (tp + fp) ]:      0.579832
	Sensitivity [ tp / (tp + fn) ]:    0.207207
	Specificity [ tn / (tn + fp) ]:    0.971751
	F-Score [ 2tp / (2tp + fp + fn) ]: 0.305987
Particle (11):: Fit: 106.598	PB: 106.598	LB: 182.498	GB: 194.758	Conf: 1.02428	Pts: 80387
Particle (32):: Fit: 82.1326	PB: 82.1326	LB: 187.274	GB: 194.758	Conf: 1.37892	Pts: 55587
Particle (32):: Fit: 86.0719	PB: 86.0719	LB: 187.274	GB: 194.758	Conf: 1.56507	Pts: 55686
Particle (12):: Fit: 188.603	PB: 188.603	LB: 188.603	GB: 194.758	Conf: 0.796206	Pts: 145583
Particle (32):: Fit: 88.0811	PB: 88.0811	LB: 187.274	GB: 194.758	Conf: 1.40853	Pts: 55785
Particle (35):: Fit: 87.53	PB: 87.53	LB: 187.274	GB: 194.758	Conf: 2	Pts: 55485
Particle (36):: Fit: 174.483	PB: 174.483	LB: 174.483	GB: 194.758	Conf: 1.95215	Pts: 80585
Particle (6):: Fit: 85.6223	PB: 85.6223	LB: 183.607	GB: 194.758	Conf: 2	Pts: 55384
Particle (21):: Fit: 181.807	PB: 181.807	LB: 189.028	GB: 194.758	Conf: 0.908544	Pts: 75484
Particle (26):: Fit: 166.309	PB: 166.309	LB: 187.274	GB: 194.758	Conf: 1.86957	Pts: 110484
Particle (35):: Fit: 89.4338	PB: 89.4338	LB: 187.274	GB: 194.758	Conf: 2	Pts: 55583
Particle (45):: Fit: 172.04	PB: 172.04	LB: 194.758	GB: 194.758	Conf: 1.8481	Pts: 50383
Particle (43):: Fit: 85.1717	PB: 85.1717	LB: 194.758	GB: 194.758	Conf: 0.388366	Pts: 50279
Particle (41):: Fit: 187.419	PB: 187.419	LB: 194.758	GB: 194.758	Conf: 1.43884	Pts: 65381
Particle (17):: Fit: 85.6223	PB: 85.6223	LB: 189.028	GB: 194.758	Conf: 2	Pts: 65380
Particle (18):: Fit: 181.806	PB: 181.806	LB: 189.028	GB: 194.758	Conf: 1.97958	Pts: 75380
Particle (15):: Fit: 170.974	PB: 170.974	LB: 189.028	GB: 194.758	Conf: 1.95916	Pts: 60478
Particle (22):: Fit: 179.628	PB: 179.628	LB: 189.028	GB: 194.758	Conf: 1.98497	Pts: 55477
Particle (26):: Fit: 171.838	PB: 171.838	LB: 187.274	GB: 194.758	Conf: 1.85756	Pts: 110577
Particle (9):: Fit: 83.7106	PB: 83.7106	LB: 188.603	GB: 194.758	Conf: 2	Pts: 55376
Particle (7):: Fit: 86.5766	PB: 86.5766	LB: 188.603	GB: 194.758	Conf: 2	Pts: 55475
Particle (45):: Fit: 178.9	PB: 178.9	LB: 194.758	GB: 194.758	Conf: 1.93436	Pts: 55475
Particle (49):: Fit: 171.589	PB: 171.589	LB: 178.9	GB: 194.758	Conf: 1.75007	Pts: 50475
Particle (0):: Fit: 175.732	PB: 175.732	LB: 183.607	GB: 194.758	Conf: 1.90725	Pts: 160274
Particle (11):: Fit: 120.198	PB: 120.198	LB: 188.603	GB: 194.758	Conf: 1.1205	Pts: 80474
Particle (26):: Fit: 176.163	PB: 176.163	LB: 187.274	GB: 194.758	Conf: 1.91255	Pts: 110673
Particle (49):: Fit: 173.849	PB: 173.849	LB: 178.9	GB: 194.758	Conf: 1.73871	Pts: 50573
Particle (26):: Fit: 185.234	PB: 185.234	LB: 187.274	GB: 194.758	Conf: 1.87205	Pts: 120772
Particle (40):: Fit: 96.0695	PB: 96.0695	LB: 194.758	GB: 194.758	Conf: 2	Pts: 100172
Particle (15):: Fit: 172.742	PB: 172.742	LB: 189.028	GB: 194.758	Conf: 1.97894	Pts: 60570
Particle (46):: Fit: 131.148	PB: 131.148	LB: 194.758	GB: 194.758	Conf: 0.351868	Pts: 50263
Particle (28):: Fit: 86.5766	PB: 86.5766	LB: 187.274	GB: 194.758	Conf: 2	Pts: 70169
Particle (13):: Fit: 181.638	PB: 181.638	LB: 188.603	GB: 194.758	Conf: 1.9422	Pts: 120266
Particle (27):: Fit: 155.135	PB: 155.135	LB: 187.274	GB: 194.758	Conf: 1.93582	Pts: 65266
Particle (17):: Fit: 86.5766	PB: 86.5766	LB: 189.028	GB: 194.758	Conf: 2	Pts: 65465
Particle (25):: Fit: 88.4824	PB: 88.4824	LB: 185.234	GB: 194.758	Conf: 2	Pts: 55365
Particle (46):: Fit: 168.935	PB: 168.935	LB: 194.758	GB: 194.758	Conf: 0.616735	Pts: 50355
Particle (47):: Fit: 160.1	PB: 160.1	LB: 194.758	GB: 194.758	Conf: 1.51901	Pts: 50664
Particle (17):: Fit: 87.53	PB: 87.53	LB: 189.028	GB: 194.758	Conf: 2	Pts: 65563
Particle (16):: Fit: 91.334	PB: 91.334	LB: 189.028	GB: 194.758	Conf: 2	Pts: 60462
Particle (10):: Fit: 88.4832	PB: 88.4832	LB: 188.603	GB: 194.758	Conf: 0.000344859	Pts: 75353
Particle (30):: Fit: 87.53	PB: 87.53	LB: 187.274	GB: 194.758	Conf: 2	Pts: 60261
Particle (37):: Fit: 88.4824	PB: 88.4824	LB: 187.419	GB: 194.758	Conf: 2	Pts: 55461
Particle (9):: Fit: 84.667	PB: 84.667	LB: 188.603	GB: 194.758	Conf: 2	Pts: 55459
Particle (4):: Fit: 90.3844	PB: 90.3844	LB: 183.607	GB: 194.758	Conf: 2	Pts: 55459
Particle (9):: Fit: 91.334	PB: 91.334	LB: 188.603	GB: 194.758	Conf: 2	Pts: 55556
Particle (11):: Fit: 123.904	PB: 123.904	LB: 188.603	GB: 194.758	Conf: 0.795641	Pts: 80557
Particle (45):: Fit: 180.431	PB: 180.431	LB: 194.758	GB: 194.758	Conf: 1.97266	Pts: 60557
Particle (47):: Fit: 164.389	PB: 164.389	LB: 194.758	GB: 194.758	Conf: 0.907229	Pts: 50756
Particle (0):: Fit: 181.305	PB: 181.305	LB: 183.607	GB: 194.758	Conf: 1.94278	Pts: 165355
Particle (23):: Fit: 88.4824	PB: 88.4824	LB: 189.028	GB: 194.758	Conf: 2	Pts: 75354
Particle (11):: Fit: 126.6	PB: 126.6	LB: 188.603	GB: 194.758	Conf: 0.778377	Pts: 80651
Particle (32):: Fit: 140.154	PB: 140.154	LB: 187.274	GB: 194.758	Conf: 1.26635	Pts: 55850
Particle (15):: Fit: 173.898	PB: 173.898	LB: 189.028	GB: 194.758	Conf: 1.95891	Pts: 60647
Particle (12):: Fit: 189.132	PB: 189.132	LB: 189.132	GB: 194.758	Conf: 0.311545	Pts: 195639
Particle (14):: Fit: 184.159	PB: 184.159	LB: 189.132	GB: 194.758	Conf: 1.82768	Pts: 110244
Particle (34):: Fit: 97.0141	PB: 97.0141	LB: 187.274	GB: 194.758	Conf: 2	Pts: 110243
Particle (14):: Fit: 190.565	PB: 190.565	LB: 190.565	GB: 194.758	Conf: 1.88636	Pts: 160342
Particle (38):: Fit: 170.04	PB: 170.04	LB: 187.419	GB: 194.758	Conf: 1.9877	Pts: 85441
Particle (29):: Fit: 167.224	PB: 167.224	LB: 187.274	GB: 194.758	Conf: 1.91827	Pts: 60540
Particle (13):: Fit: 182.342	PB: 182.342	LB: 190.565	GB: 194.758	Conf: 1.97041	Pts: 120338
Particle (0):: Fit: 184.562	PB: 184.562	LB: 184.562	GB: 194.758	Conf: 1.90662	Pts: 195437
Particle (17):: Fit: 166.18	PB: 166.18	LB: 190.565	GB: 194.758	Conf: 1.98539	Pts: 65635
Particle (24):: Fit: 87.0783	PB: 87.0783	LB: 185.234	GB: 194.758	Conf: 0.862618	Pts: 80122
Particle (49):: Fit: 178.018	PB: 178.018	LB: 184.562	GB: 194.758	Conf: 1.80904	Pts: 50636
Particle (32):: Fit: 173.787	PB: 173.787	LB: 187.274	GB: 194.758	Conf: 1.25464	Pts: 55935
Particle (9):: Fit: 95.124	PB: 95.124	LB: 190.565	GB: 194.758	Conf: 2	Pts: 55632
Particle (12):: Fit: 191.383	PB: 191.383	LB: 191.383	GB: 194.758	Conf: 0.629141	Pts: 245722
Particle (13):: Fit: 184.278	PB: 184.278	LB: 191.383	GB: 194.758	Conf: 1.97894	Pts: 120431
Particle (38):: Fit: 181.549	PB: 181.549	LB: 187.419	GB: 194.758	Conf: 1.98836	Pts: 85531
Particle (3):: Fit: 88.4824	PB: 88.4824	LB: 184.562	GB: 194.758	Conf: 2	Pts: 110228
Particle (47):: Fit: 164.482	PB: 164.482	LB: 194.758	GB: 194.758	Conf: 1.16929	Pts: 50827
Particle (3):: Fit: 89.4338	PB: 89.4338	LB: 184.562	GB: 194.758	Conf: 2	Pts: 110326
Particle (6):: Fit: 87.53	PB: 87.53	LB: 183.607	GB: 194.758	Conf: 2	Pts: 55422
Particle (30):: Fit: 90.3844	PB: 90.3844	LB: 187.274	GB: 194.758	Conf: 2	Pts: 60315
Particle (28):: Fit: 96.0695	PB: 96.0695	LB: 187.274	GB: 194.758	Conf: 2	Pts: 70214
Particle (32):: Fit: 176.269	PB: 176.269	LB: 187.274	GB: 194.758	Conf: 1.21038	Pts: 56014
Particle (39):: Fit: 179.723	PB: 179.723	LB: 194.758	GB: 194.758	Conf: 1.14522	Pts: 110514
Particle (43):: Fit: 87.0637	PB: 87.0637	LB: 194.758	GB: 194.758	Conf: 0.300445	Pts: 50307
Particle (38):: Fit: 185.368	PB: 185.368	LB: 187.419	GB: 194.758	Conf: 1.98762	Pts: 85612
Particle (45):: Fit: 183.593	PB: 183.593	LB: 194.758	GB: 194.758	Conf: 1.92328	Pts: 60608
Particle (22):: Fit: 183.453	PB: 183.453	LB: 189.028	GB: 194.758	Conf: 1.98562	Pts: 55507
Particle (36):: Fit: 183.716	PB: 183.716	LB: 187.419	GB: 194.758	Conf: 1.9238	Pts: 80605
Particle (3):: Fit: 94.1777	PB: 94.1777	LB: 184.562	GB: 194.758	Conf: 2	Pts: 110404
Particle (4):: Fit: 92.2828	PB: 92.2828	LB: 184.562	GB: 194.758	Conf: 2	Pts: 55504
Particle (12):: Fit: 195.649	PB: 195.649	LB: 195.649	GB: 195.649	Conf: 0.541361	Pts: 305794
Global: 195.649 - Correct: 67% of 100 tests
Global Best: 
  Inner Net 1
  -- 1 : 1 = 0.7055
  -- 1 : 2 = 0.6094
  -- 1 : 3 = 0.5945
  -- 1 : 4 = 0.3008
  -- 1 : 5 = 0.8116
  -- 1 : 6 = 0.4621
  -- 1 : 7 = 0.8759
  -- 1 : 8 = 0.0342
  -- 1 : 9 = 0.7248
  -- 2 : 1 = 0.3619
  -- 2 : 2 = 0.0888
  -- 2 : 3 = 0.8011
  -- 2 : 4 = 0.1374
  -- 2 : 5 = 0.8736
  -- 2 : 6 = 0.3423
  -- 2 : 7 = 0.2528
  -- 2 : 8 = 0.0559
  -- 2 : 9 = 0.5216
  -- 3 : 1 = 0.1491
  -- 3 : 2 = 0.0342
  -- 3 : 3 = 0.3596
  -- 3 : 4 = 0.7832
  -- 3 : 5 = 0.6922
  -- 3 : 6 = 0.7126
  -- 3 : 7 = 0.1437
  -- 3 : 8 = 0.1474
  -- 3 : 9 = 0.4356
  -- 4 : 1 = 0.8034
  -- 4 : 2 = 0.1627
  -- 4 : 3 = 0.4709
  -- 4 : 4 = 0.1499
  -- 4 : 5 = 0.5483
  -- 4 : 6 = 0.2225
  -- 4 : 7 = 0.0857
  -- 4 : 8 = 0.2537
  -- 4 : 9 = 0.4085
  -- 5 : 1 = 0.0888
  -- 5 : 2 = 0.4585
  -- 5 : 3 = 0.7307
  -- 5 : 4 = 0.8472
  -- 5 : 5 = 0.4003
  -- 5 : 6 = 0.3321
  -- 5 : 7 = 0.4421
  -- 5 : 8 = 0.7225
  -- 5 : 9 = 0.156
  -- 6 : 1 = 0.1834
  -- 6 : 2 = 0.175
  -- 6 : 3 = 0.1848
  -- 6 : 4 = 0.9616
  -- 6 : 5 = 0.678
  -- 6 : 6 = 0.4605
  -- 6 : 7 = 0.9547
  -- 6 : 8 = 0.6752
  -- 6 : 9 = 0.0196
  -- 7 : 1 = 0.9308
  -- 7 : 2 = 0.1691
  -- 7 : 3 = 0.7177
  -- 7 : 4 = 0.5518
  -- 7 : 5 = 0.4364
  -- 7 : 6 = 0.0381
  -- 7 : 7 = 0.795
  -- 7 : 8 = 0.0469
  -- 7 : 9 = 0.3538
  -- 8 : 1 = 0.3491
  -- 8 : 2 = 0.9588
  -- 8 : 3 = 0.44
  -- 8 : 4 = 0.2416
  -- 8 : 5 = 0.9972
  -- 8 : 6 = 0.6462
  -- 8 : 7 = 0.8911
  -- 8 : 8 = 0.0623
  -- 8 : 9 = 0.1946
  -- 9 : 1 = 0.6233
  -- 9 : 2 = 0.0391
  -- 9 : 3 = 0.4027
  -- 9 : 4 = 0.4314
  -- 9 : 5 = 0.6437
  -- 9 : 6 = 0.4825
  -- 9 : 7 = 0.1263
  -- 9 : 8 = 0.6538
  -- 9 : 9 = 0.5158
  -- 10 : 1 = 0.2186
  -- 10 : 2 = 0.1219
  -- 10 : 3 = 0.5326
  -- 10 : 4 = 0.0666
  -- 10 : 5 = 0.2686
  -- 10 : 6 = 0.9651
  -- 10 : 7 = 0.0595
  -- 10 : 8 = 0.742
  -- 10 : 9 = 0.2247
  Inner Net 2
  -- 1 : 1 = 0.129251
  -- 1 : 2 = -0.0561046
  -- 2 : 1 = -0.303651
  -- 2 : 2 = -0.643507
  -- 3 : 1 = -0.126274
  -- 3 : 2 = -0.0315746
  -- 4 : 1 = -0.158309
  -- 4 : 2 = 0.174659
  -- 5 : 1 = 0.351709
  -- 5 : 2 = -0.0890824
  -- 6 : 1 = -0.29743
  -- 6 : 2 = 0.134803
  -- 7 : 1 = -0.229584
  -- 7 : 2 = 0.28457
  -- 8 : 1 = 0.511728
  -- 8 : 2 = -0.238376
  -- 9 : 1 = 0.434641
  -- 9 : 2 = 0.0406858
Out\Act	False		True
False	0.309852	0.532128	0.84198
True	0.0328415	0.125178	0.15802
	0.342694	0.657306
	Accuracy [ (tp + tn) / testSize ]: 0.435031
	Precision [ tp / (tp + fp) ]:      0.190304
	Sensitivity [ tp / (tp + fn) ]:    0.78979
	Specificity [ tn / (tn + fp) ]:    0.367797
	F-Score [ 2tp / (2tp + fp + fn) ]: 0.306884
Particle (25):: Fit: 91.334	PB: 91.334	LB: 185.234	GB: 195.649	Conf: 2	Pts: 55403
Particle (6):: Fit: 90.3844	PB: 90.3844	LB: 183.607	GB: 195.649	Conf: 2	Pts: 55499
Particle (11):: Fit: 134.883	PB: 134.883	LB: 195.649	GB: 195.649	Conf: 0.395553	Pts: 80699
Particle (9):: Fit: 145.97	PB: 145.97	LB: 195.649	GB: 195.649	Conf: 0.641207	Pts: 55697
Particle (35):: Fit: 152.284	PB: 152.284	LB: 187.274	GB: 195.649	Conf: 0.773904	Pts: 55598
Particle (37):: Fit: 120.732	PB: 120.732	LB: 187.419	GB: 195.649	Conf: 0.111256	Pts: 55498
Particle (48):: Fit: 169.551	PB: 169.551	LB: 194.758	GB: 195.649	Conf: 0.659645	Pts: 50398
Particle (1):: Fit: 167.479	PB: 167.479	LB: 184.562	GB: 195.649	Conf: 0.874236	Pts: 55297
Particle (10):: Fit: 126.226	PB: 126.226	LB: 195.649	GB: 195.649	Conf: 0.639671	Pts: 75368
Particle (25):: Fit: 150.262	PB: 150.262	LB: 185.234	GB: 195.649	Conf: 0.660792	Pts: 55497
Particle (29):: Fit: 181.697	PB: 181.697	LB: 187.274	GB: 195.649	Conf: 0.468142	Pts: 60597
Particle (43):: Fit: 142.876	PB: 142.876	LB: 194.758	GB: 195.649	Conf: 0.769809	Pts: 50386
Particle (3):: Fit: 135.875	PB: 135.875	LB: 184.562	GB: 195.649	Conf: 0.284223	Pts: 110496
Particle (7):: Fit: 136.424	PB: 136.424	LB: 195.649	GB: 195.649	Conf: 0.7019	Pts: 55496
Particle (28):: Fit: 167.991	PB: 167.991	LB: 187.274	GB: 195.649	Conf: 1.91451	Pts: 70296
Particle (34):: Fit: 177.699	PB: 177.699	LB: 187.274	GB: 195.649	Conf: 1.81897	Pts: 110296
Particle (38):: Fit: 195.081	PB: 195.081	LB: 195.081	GB: 195.649	Conf: 0.860618	Pts: 135695
Particle (6):: Fit: 114.67	PB: 114.67	LB: 183.607	GB: 195.649	Conf: 0.130022	Pts: 55595
Particle (9):: Fit: 165.326	PB: 165.326	LB: 195.649	GB: 195.649	Conf: 0.56985	Pts: 55794
Particle (30):: Fit: 198	PB: 198	LB: 198	GB: 198	Conf: 0.632772	Pts: 120395
Particle (37):: Fit: 154.494	PB: 154.494	LB: 195.081	GB: 198	Conf: 0.661632	Pts: 55595
Particle (43):: Fit: 156.18	PB: 156.18	LB: 194.758	GB: 198	Conf: 0.474933	Pts: 50484
Particle (47):: Fit: 167.76	PB: 167.76	LB: 194.758	GB: 198	Conf: 0.555472	Pts: 50895
Global: 198 - Correct: 64% of 100 tests
Global Best: 
  Inner Net 1
  -- 1 : 1 = 0.925124
  -- 1 : 2 = 0.842196
  -- 1 : 3 = 0.0530803
  -- 1 : 4 = 0.775184
  -- 1 : 5 = 0.61391
  -- 1 : 6 = 0.471736
  -- 1 : 7 = 0.153558
  -- 1 : 8 = -0.0417312
  -- 1 : 9 = 0.185146
  -- 2 : 1 = 0
  -- 2 : 2 = 0.492432
  -- 2 : 3 = 0.345978
  -- 2 : 4 = -0.147836
  -- 2 : 5 = 0.0481137
  -- 2 : 6 = 0.126867
  -- 2 : 7 = 0.342081
  -- 2 : 8 = 0.249991
  -- 2 : 9 = 0.159194
  -- 3 : 1 = -0.5
  -- 3 : 2 = 0.737704
  -- 3 : 3 = 0.406558
  -- 3 : 4 = -0.125228
  -- 3 : 5 = 0.841578
  -- 3 : 6 = 0.748686
  -- 3 : 7 = 0.0400725
  -- 3 : 8 = 0.855879
  -- 3 : 9 = 0.0811726
  -- 4 : 1 = 0.0986323
  -- 4 : 2 = 0.896765
  -- 4 : 3 = 0.00470522
  -- 4 : 4 = 0.259989
  -- 4 : 5 = 0.558883
  -- 4 : 6 = 0.0496817
  -- 4 : 7 = 0.0376515
  -- 4 : 8 = 0.105759
  -- 4 : 9 = 0.270157
  -- 5 : 1 = 0.475874
  -- 5 : 2 = 0.985329
  -- 5 : 3 = 0.364044
  -- 5 : 4 = 0.316104
  -- 5 : 5 = 0.190469
  -- 5 : 6 = -0.0876639
  -- 5 : 7 = 0.0807836
  -- 5 : 8 = 0.106426
  -- 5 : 9 = 0.409304
  -- 6 : 1 = 0.308194
  -- 6 : 2 = -0.0720442
  -- 6 : 3 = 0.300267
  -- 6 : 4 = 0.245568
  -- 6 : 5 = 0.185578
  -- 6 : 6 = -0.115091
  -- 6 : 7 = 0.0626106
  -- 6 : 8 = 0.0942147
  -- 6 : 9 = 0.309277
  -- 7 : 1 = 0.501831
  -- 7 : 2 = 0.413092
  -- 7 : 3 = 0.449772
  -- 7 : 4 = 0.502443
  -- 7 : 5 = 0.691055
  -- 7 : 6 = -0.025649
  -- 7 : 7 = 0.905061
  -- 7 : 8 = 0.187749
  -- 7 : 9 = 0.0463597
  -- 8 : 1 = 0.187646
  -- 8 : 2 = 0.199638
  -- 8 : 3 = 0.920361
  -- 8 : 4 = 0.110389
  -- 8 : 5 = 0.443509
  -- 8 : 6 = 0.320456
  -- 8 : 7 = 0.157575
  -- 8 : 8 = 0.65799
  -- 8 : 9 = -0.0957659
  -- 9 : 1 = 0
  -- 9 : 2 = 0.678984
  -- 9 : 3 = 0.250322
  -- 9 : 4 = 0.841507
  -- 9 : 5 = 0.238506
  -- 9 : 6 = 0.166646
  -- 9 : 7 = -0.0603144
  -- 9 : 8 = 0.588187
  -- 9 : 9 = 0.29061
  -- 10 : 1 = 0.212015
  -- 10 : 2 = 0.27103
  -- 10 : 3 = -0.135298
  -- 10 : 4 = 0.227506
  -- 10 : 5 = 0.650919
  -- 10 : 6 = 0.7315
  -- 10 : 7 = -0.0151643
  -- 10 : 8 = 0.382041
  -- 10 : 9 = 0.295373
  Inner Net 2
  -- 1 : 1 = 0.0929093
  -- 1 : 2 = -0.237332
  -- 2 : 1 = 0.334107
  -- 2 : 2 = 0.0578934
  -- 3 : 1 = 0.629034
  -- 3 : 2 = -0.0407104
  -- 4 : 1 = -0.0401599
  -- 4 : 2 = 0.104146
  -- 5 : 1 = -0.0604908
  -- 5 : 2 = 0.244776
  -- 6 : 1 = -0.685117
  -- 6 : 2 = -0.105253
  -- 7 : 1 = 0.115368
  -- 7 : 2 = -0.00429547
  -- 8 : 1 = -0.122998
  -- 8 : 2 = 0.229054
  -- 9 : 1 = 0.145522
  -- 9 : 2 = -0.252587
Out\Act	False		True
False	0.0675869	0.774393	0.84198
True	0.00666349	0.151356	0.15802
	0.0742504	0.92575
	Accuracy [ (tp + tn) / testSize ]: 0.218943
	Precision [ tp / (tp + fp) ]:      0.163412
	Sensitivity [ tp / (tp + fn) ]:    0.954955
	Specificity [ tn / (tn + fp) ]:    0.080226
	F-Score [ 2tp / (2tp + fp + fn) ]: 0.279192
Particle (7):: Fit: 167.729	PB: 167.729	LB: 195.649	GB: 198	Conf: 0.255258	Pts: 55594
Particle (16):: Fit: 153.327	PB: 153.327	LB: 195.649	GB: 198	Conf: 0.965975	Pts: 60494
Particle (23):: Fit: 145.231	PB: 145.231	LB: 189.028	GB: 198	Conf: 0.753451	Pts: 75394
Particle (24):: Fit: 177.902	PB: 177.902	LB: 185.234	GB: 198	Conf: 0.403231	Pts: 80170
Particle (10):: Fit: 150.655	PB: 150.655	LB: 195.649	GB: 198	Conf: 0.676314	Pts: 75464
Particle (25):: Fit: 179.45	PB: 179.45	LB: 198	GB: 198	Conf: 0.7681	Pts: 55593
Particle (37):: Fit: 200.28	PB: 200.28	LB: 200.28	GB: 200.28	Conf: 0.541268	Pts: 115693
Global: 200.28 - Correct: 67% of 100 tests
Global Best: 
  Inner Net 1
  -- 1 : 1 = 0
  -- 1 : 2 = 0.578339
  -- 1 : 3 = -0.139718
  -- 1 : 4 = 0.0512819
  -- 1 : 5 = -0.253078
  -- 1 : 6 = 0.00978231
  -- 1 : 7 = -0.0169174
  -- 1 : 8 = 0.307972
  -- 1 : 9 = 0.100333
  -- 2 : 1 = -0.0617711
  -- 2 : 2 = 0.121791
  -- 2 : 3 = 0.604837
  -- 2 : 4 = 0.116108
  -- 2 : 5 = -0.0400742
  -- 2 : 6 = 0.392214
  -- 2 : 7 = 0.166284
  -- 2 : 8 = -0.203916
  -- 2 : 9 = 0.341807
  -- 3 : 1 = -0.536624
  -- 3 : 2 = 0.356314
  -- 3 : 3 = -0.00978302
  -- 3 : 4 = -0.0255055
  -- 3 : 5 = 0.338433
  -- 3 : 6 = -0.264722
  -- 3 : 7 = -0.22554
  -- 3 : 8 = 0.201296
  -- 3 : 9 = -0.146068
  -- 4 : 1 = 0.867106
  -- 4 : 2 = 0.555975
  -- 4 : 3 = 0.044316
  -- 4 : 4 = 0.488287
  -- 4 : 5 = 0.282909
  -- 4 : 6 = 0.58099
  -- 4 : 7 = 0.347908
  -- 4 : 8 = 0.0952699
  -- 4 : 9 = -0.00542091
  -- 5 : 1 = 0.780073
  -- 5 : 2 = -0.258416
  -- 5 : 3 = -0.110129
  -- 5 : 4 = 0.230918
  -- 5 : 5 = 0.453937
  -- 5 : 6 = 0.0712498
  -- 5 : 7 = 0.210798
  -- 5 : 8 = 0.095161
  -- 5 : 9 = 0.106922
  -- 6 : 1 = 0.331093
  -- 6 : 2 = -0.17406
  -- 6 : 3 = -0.0796837
  -- 6 : 4 = -0.047779
  -- 6 : 5 = 0.0119156
  -- 6 : 6 = 0.162039
  -- 6 : 7 = 0.111979
  -- 6 : 8 = 0.0189399
  -- 6 : 9 = 0.158654
  -- 7 : 1 = 0.209457
  -- 7 : 2 = 0.363444
  -- 7 : 3 = 0.341152
  -- 7 : 4 = 0.368005
  -- 7 : 5 = 0.181474
  -- 7 : 6 = -0.0103814
  -- 7 : 7 = 0.0790007
  -- 7 : 8 = -0.0543253
  -- 7 : 9 = 0.35929
  -- 8 : 1 = 0.514856
  -- 8 : 2 = 0.080319
  -- 8 : 3 = -0.119972
  -- 8 : 4 = -0.15537
  -- 8 : 5 = 0.282989
  -- 8 : 6 = 0.319867
  -- 8 : 7 = -0.188575
  -- 8 : 8 = 0.146494
  -- 8 : 9 = 0.641899
  -- 9 : 1 = 0.047132
  -- 9 : 2 = 0.170035
  -- 9 : 3 = 0.0968681
  -- 9 : 4 = 0.111344
  -- 9 : 5 = 0.17278
  -- 9 : 6 = 0.0679472
  -- 9 : 7 = -0.0919958
  -- 9 : 8 = 0.25665
  -- 9 : 9 = 0.0686441
  -- 10 : 1 = 0.400573
  -- 10 : 2 = 0.256265
  -- 10 : 3 = 0.17273
  -- 10 : 4 = -0.061255
  -- 10 : 5 = 0.0723329
  -- 10 : 6 = 0.169901
  -- 10 : 7 = -0.0190015
  -- 10 : 8 = -0.0348187
  -- 10 : 9 = 0.141171
  Inner Net 2
  -- 1 : 1 = 0.0105704
  -- 1 : 2 = -0.0200322
  -- 2 : 1 = 0.413019
  -- 2 : 2 = 0.143683
  -- 3 : 1 = 0.396719
  -- 3 : 2 = 0.0205096
  -- 4 : 1 = -0.424801
  -- 4 : 2 = 0.115058
  -- 5 : 1 = 0.537744
  -- 5 : 2 = 0.279623
  -- 6 : 1 = -0.197539
  -- 6 : 2 = 0.0403949
  -- 7 : 1 = 0.10181
  -- 7 : 2 = 0.142029
  -- 8 : 1 = 0.204512
  -- 8 : 2 = -0.191317
  -- 9 : 1 = 0.141361
  -- 9 : 2 = -0.326182
Out\Act	False		True
False	0.039029	0.802951	0.84198
True	0.00666349	0.151356	0.15802
	0.0456925	0.954307
	Accuracy [ (tp + tn) / testSize ]: 0.190386
	Precision [ tp / (tp + fp) ]:      0.158524
	Sensitivity [ tp / (tp + fn) ]:    0.954955
	Specificity [ tn / (tn + fp) ]:    0.0463277
	F-Score [ 2tp / (2tp + fp + fn) ]: 0.272027
Particle (10):: Fit: 162.92	PB: 162.92	LB: 195.649	GB: 200.28	Conf: 0.348078	Pts: 75563
Particle (11):: Fit: 164.55	PB: 164.55	LB: 195.649	GB: 200.28	Conf: 0.203173	Pts: 80792
Particle (16):: Fit: 157.735	PB: 157.735	LB: 195.649	GB: 200.28	Conf: 0.97481	Pts: 60592
Particle (23):: Fit: 151.2	PB: 151.2	LB: 189.028	GB: 200.28	Conf: 0.511454	Pts: 75492
Particle (47):: Fit: 176.741	PB: 176.741	LB: 194.758	GB: 200.28	Conf: 0.710142	Pts: 50992
Particle (40):: Fit: 143.238	PB: 143.238	LB: 200.28	GB: 200.28	Conf: 0.750115	Pts: 100191
Particle (3):: Fit: 169.566	PB: 169.566	LB: 184.562	GB: 200.28	Conf: 0.298495	Pts: 110590
Particle (15):: Fit: 175.312	PB: 175.312	LB: 195.649	GB: 200.28	Conf: 0.542674	Pts: 60688
Particle (33):: Fit: 180.708	PB: 180.708	LB: 200.28	GB: 200.28	Conf: 0.149588	Pts: 55489
Particle (35):: Fit: 187.292	PB: 187.292	LB: 200.28	GB: 200.28	Conf: 0.778358	Pts: 55688
Particle (11):: Fit: 179.094	PB: 179.094	LB: 195.649	GB: 200.28	Conf: 0.0739517	Pts: 80886
Particle (27):: Fit: 165.903	PB: 165.903	LB: 198	GB: 200.28	Conf: 0.273161	Pts: 65286
Particle (3):: Fit: 169.768	PB: 169.768	LB: 184.562	GB: 200.28	Conf: 0.315785	Pts: 110685
Particle (9):: Fit: 170.631	PB: 170.631	LB: 195.649	GB: 200.28	Conf: 0.564034	Pts: 55884
Particle (11):: Fit: 193.405	PB: 193.405	LB: 195.649	GB: 200.28	Conf: 0.136145	Pts: 85985
Particle (48):: Fit: 171.16	PB: 171.16	LB: 194.758	GB: 200.28	Conf: 0.393296	Pts: 50483
Particle (23):: Fit: 163.083	PB: 163.083	LB: 189.028	GB: 200.28	Conf: 0.234128	Pts: 75582
Particle (31):: Fit: 191.245	PB: 191.245	LB: 198	GB: 200.28	Conf: 0.566036	Pts: 205480
Particle (43):: Fit: 163.024	PB: 163.024	LB: 194.758	GB: 200.28	Conf: 0.347344	Pts: 50568
Particle (0):: Fit: 192.75	PB: 192.75	LB: 192.75	GB: 200.28	Conf: 0.861551	Pts: 225479
Particle (46):: Fit: 170.894	PB: 170.894	LB: 194.758	GB: 200.28	Conf: 0.446192	Pts: 50357
Particle (1):: Fit: 180.467	PB: 180.467	LB: 192.75	GB: 200.28	Conf: 0.353006	Pts: 55378
Particle (17):: Fit: 180.53	PB: 180.53	LB: 190.565	GB: 200.28	Conf: 0.652097	Pts: 65673
Particle (25):: Fit: 183.223	PB: 183.223	LB: 198	GB: 200.28	Conf: 0.813947	Pts: 55673
Particle (47):: Fit: 177.052	PB: 177.052	LB: 194.758	GB: 200.28	Conf: 0.428585	Pts: 51074
Particle (43):: Fit: 163.723	PB: 163.723	LB: 194.758	GB: 200.28	Conf: 0.522417	Pts: 50661
Particle (8):: Fit: 188.817	PB: 188.817	LB: 195.649	GB: 200.28	Conf: 0.576396	Pts: 70370
Particle (7):: Fit: 169.592	PB: 169.592	LB: 195.649	GB: 200.28	Conf: 0.519444	Pts: 55669
Particle (16):: Fit: 160.979	PB: 160.979	LB: 195.649	GB: 200.28	Conf: 0.47734	Pts: 60667
Particle (43):: Fit: 172.671	PB: 172.671	LB: 194.758	GB: 200.28	Conf: 0.206552	Pts: 50754
Particle (24):: Fit: 182.034	PB: 182.034	LB: 185.234	GB: 200.28	Conf: 0.422169	Pts: 80241
Particle (15):: Fit: 176.145	PB: 176.145	LB: 195.649	GB: 200.28	Conf: 0.444677	Pts: 60762
Particle (28):: Fit: 175.506	PB: 175.506	LB: 198	GB: 200.28	Conf: 0.233966	Pts: 70364
Particle (40):: Fit: 145.871	PB: 145.871	LB: 200.28	GB: 200.28	Conf: 0.668826	Pts: 100263
Particle (48):: Fit: 180.202	PB: 180.202	LB: 194.758	GB: 200.28	Conf: 0.533521	Pts: 50564
Particle (6):: Fit: 178.88	PB: 178.88	LB: 193.405	GB: 200.28	Conf: 0.777437	Pts: 55659
Particle (10):: Fit: 165.7	PB: 165.7	LB: 195.649	GB: 200.28	Conf: 0.506533	Pts: 75629
Particle (33):: Fit: 187.253	PB: 187.253	LB: 200.28	GB: 200.28	Conf: 0.139454	Pts: 55557
Particle (4):: Fit: 126.407	PB: 126.407	LB: 192.75	GB: 200.28	Conf: 0.32998	Pts: 55555
Particle (2):: Fit: 185.513	PB: 185.513	LB: 192.75	GB: 200.28	Conf: 0.672801	Pts: 75553
Particle (10):: Fit: 180.02	PB: 180.02	LB: 195.649	GB: 200.28	Conf: 0.299417	Pts: 75725
Particle (24):: Fit: 195.173	PB: 195.173	LB: 195.173	GB: 200.28	Conf: 0.481911	Pts: 110330
Particle (27):: Fit: 175.725	PB: 175.725	LB: 198	GB: 200.28	Conf: 0.338401	Pts: 65353
Particle (35):: Fit: 205.603	PB: 205.603	LB: 205.603	GB: 205.603	Conf: 0.775022	Pts: 115751
Global: 205.603 - Correct: 72% of 100 tests
Global Best: 
  Inner Net 1
  -- 1 : 1 = 0.377613
  -- 1 : 2 = 0.0433683
  -- 1 : 3 = 0.218096
  -- 1 : 4 = 0.164518
  -- 1 : 5 = -0.0564432
  -- 1 : 6 = 0.279233
  -- 1 : 7 = -0.136961
  -- 1 : 8 = 0.381404
  -- 1 : 9 = 0.0314713
  -- 2 : 1 = -0.0172574
  -- 2 : 2 = -0.110451
  -- 2 : 3 = 0.306677
  -- 2 : 4 = 0.468267
  -- 2 : 5 = 0.360981
  -- 2 : 6 = 0.194534
  -- 2 : 7 = 0.10651
  -- 2 : 8 = -0.468905
  -- 2 : 9 = 0.0860574
  -- 3 : 1 = 0.531115
  -- 3 : 2 = 0.154547
  -- 3 : 3 = -0.284862
  -- 3 : 4 = -0.199541
  -- 3 : 5 = 0.374487
  -- 3 : 6 = 0.00370708
  -- 3 : 7 = 0.428722
  -- 3 : 8 = -0.0804233
  -- 3 : 9 = -0.112538
  -- 4 : 1 = 1
  -- 4 : 2 = -0.221207
  -- 4 : 3 = 0.272178
  -- 4 : 4 = 0.496595
  -- 4 : 5 = 0.0656305
  -- 4 : 6 = 0.271185
  -- 4 : 7 = -0.234834
  -- 4 : 8 = 0.141946
  -- 4 : 9 = 0.217026
  -- 5 : 1 = 0.264194
  -- 5 : 2 = 0.0400788
  -- 5 : 3 = -0.0185597
  -- 5 : 4 = -0.210571
  -- 5 : 5 = 0.335754
  -- 5 : 6 = 0.361501
  -- 5 : 7 = -0.240111
  -- 5 : 8 = -0.309163
  -- 5 : 9 = -0.10583
  -- 6 : 1 = 0.00944191
  -- 6 : 2 = 0.603254
  -- 6 : 3 = 0.126657
  -- 6 : 4 = 0.123816
  -- 6 : 5 = -0.207947
  -- 6 : 6 = -0.204432
  -- 6 : 7 = 0.0666727
  -- 6 : 8 = 0.0882974
  -- 6 : 9 = -0.0570242
  -- 7 : 1 = -0.0307938
  -- 7 : 2 = -0.196563
  -- 7 : 3 = 0.109042
  -- 7 : 4 = 0.290756
  -- 7 : 5 = -0.0596353
  -- 7 : 6 = -0.307201
  -- 7 : 7 = -0.221531
  -- 7 : 8 = 0.283992
  -- 7 : 9 = 0.104443
  -- 8 : 1 = 0.357101
  -- 8 : 2 = 0.10496
  -- 8 : 3 = 0.272489
  -- 8 : 4 = -0.0261872
  -- 8 : 5 = -0.0659081
  -- 8 : 6 = -0.142532
  -- 8 : 7 = -0.282736
  -- 8 : 8 = 0.358711
  -- 8 : 9 = 0.585939
  -- 9 : 1 = 0.112629
  -- 9 : 2 = 0.327987
  -- 9 : 3 = -0.193597
  -- 9 : 4 = 0.0373168
  -- 9 : 5 = -0.186711
  -- 9 : 6 = 0.234714
  -- 9 : 7 = 0.141644
  -- 9 : 8 = 0.301521
  -- 9 : 9 = -0.131594
  -- 10 : 1 = 0.462874
  -- 10 : 2 = 0.289704
  -- 10 : 3 = 0.398894
  -- 10 : 4 = 0.176258
  -- 10 : 5 = 0.170374
  -- 10 : 6 = -0.160175
  -- 10 : 7 = 0.704239
  -- 10 : 8 = 0.24999
  -- 10 : 9 = 0.772193
  Inner Net 2
  -- 1 : 1 = 0.347392
  -- 1 : 2 = -0.0323846
  -- 2 : 1 = -0.0311015
  -- 2 : 2 = -0.312795
  -- 3 : 1 = 0.160348
  -- 3 : 2 = 0.356774
  -- 4 : 1 = -0.302272
  -- 4 : 2 = -0.0173809
  -- 5 : 1 = -0.0392544
  -- 5 : 2 = -0.0107033
  -- 6 : 1 = -0.803174
  -- 6 : 2 = -0.0501957
  -- 7 : 1 = 0.295918
  -- 7 : 2 = 0.15629
  -- 8 : 1 = 0.231818
  -- 8 : 2 = 0.0770172
  -- 9 : 1 = -0.106333
  -- 9 : 2 = -0.0374095
Out\Act	False		True
False	0.294622	0.547358	0.84198
True	0.0380771	0.119943	0.15802
	0.332699	0.667301
	Accuracy [ (tp + tn) / testSize ]: 0.414564
	Precision [ tp / (tp + fp) ]:      0.179615
	Sensitivity [ tp / (tp + fn) ]:    0.756757
	Specificity [ tn / (tn + fp) ]:    0.349718
	F-Score [ 2tp / (2tp + fp + fn) ]: 0.29049
Particle (20):: Fit: 180.485	PB: 180.485	LB: 195.173	GB: 205.603	Conf: 0.682999	Pts: 65350
Particle (40):: Fit: 163.986	PB: 163.986	LB: 200.28	GB: 205.603	Conf: 0.694131	Pts: 100347
Particle (23):: Fit: 169.605	PB: 169.605	LB: 195.173	GB: 205.603	Conf: 0.505555	Pts: 75646
Particle (28):: Fit: 179.852	PB: 179.852	LB: 198	GB: 205.603	Conf: 0.755334	Pts: 70446
Particle (3):: Fit: 191.037	PB: 191.037	LB: 192.75	GB: 205.603	Conf: 0.276164	Pts: 115741
Particle (16):: Fit: 168.052	PB: 168.052	LB: 195.649	GB: 205.603	Conf: 0.936121	Pts: 60741
Particle (34):: Fit: 187.292	PB: 187.292	LB: 205.603	GB: 205.603	Conf: 0.32758	Pts: 110341
Particle (49):: Fit: 200.002	PB: 200.002	LB: 200.002	GB: 205.603	Conf: 0.601906	Pts: 100639
Particle (10):: Fit: 198.304	PB: 198.304	LB: 198.304	GB: 205.603	Conf: 0.952309	Pts: 125810
Particle (23):: Fit: 172.117	PB: 172.117	LB: 195.173	GB: 205.603	Conf: 0.494898	Pts: 75739
Particle (4):: Fit: 143.076	PB: 143.076	LB: 192.75	GB: 205.603	Conf: 0.518443	Pts: 55631
Particle (45):: Fit: 189.635	PB: 189.635	LB: 200.002	GB: 205.603	Conf: 0.783123	Pts: 60631
Particle (17):: Fit: 185.887	PB: 185.887	LB: 190.565	GB: 205.603	Conf: 0.680142	Pts: 65729
Particle (43):: Fit: 181.62	PB: 181.62	LB: 194.758	GB: 205.603	Conf: 0.255886	Pts: 50812
Particle (12):: Fit: 196.302	PB: 196.302	LB: 198.304	GB: 205.603	Conf: 0.457176	Pts: 315814
Particle (26):: Fit: 200.821	PB: 200.821	LB: 200.821	GB: 205.603	Conf: 0.763871	Pts: 165725
Particle (1):: Fit: 191.149	PB: 191.149	LB: 200.002	GB: 205.603	Conf: 0.389315	Pts: 55425
Particle (43):: Fit: 187.436	PB: 187.436	LB: 194.758	GB: 205.603	Conf: 0.441674	Pts: 50906
Particle (18):: Fit: 187.655	PB: 187.655	LB: 190.565	GB: 205.603	Conf: 0.625046	Pts: 75315
Particle (29):: Fit: 185.819	PB: 185.819	LB: 200.821	GB: 205.603	Conf: 0.559526	Pts: 60614
Particle (29):: Fit: 185.928	PB: 185.928	LB: 200.821	GB: 205.603	Conf: 0.448714	Pts: 60713
Particle (9):: Fit: 193.904	PB: 193.904	LB: 198.304	GB: 205.603	Conf: 0.557272	Pts: 60909
Particle (6):: Fit: 195.46	PB: 195.46	LB: 198.304	GB: 205.603	Conf: 0.613508	Pts: 60699
Particle (28):: Fit: 184.234	PB: 184.234	LB: 200.821	GB: 205.603	Conf: 0.252391	Pts: 70504
Particle (47):: Fit: 184.7	PB: 184.7	LB: 200.002	GB: 205.603	Conf: 0.565317	Pts: 51103
Particle (27):: Fit: 179.877	PB: 179.877	LB: 200.821	GB: 205.603	Conf: 0.339148	Pts: 65402
Particle (16):: Fit: 173.518	PB: 173.518	LB: 196.302	GB: 205.603	Conf: 0.84239	Pts: 60796
Particle (2):: Fit: 194.247	PB: 194.247	LB: 200.002	GB: 205.603	Conf: 0.596356	Pts: 75593
Particle (28):: Fit: 186.822	PB: 186.822	LB: 200.821	GB: 205.603	Conf: 0.297112	Pts: 70597
Particle (29):: Fit: 187.363	PB: 187.363	LB: 200.821	GB: 205.603	Conf: 0.766838	Pts: 60787
Particle (27):: Fit: 182.24	PB: 182.24	LB: 200.821	GB: 205.603	Conf: 0.464631	Pts: 65486
Particle (23):: Fit: 175.95	PB: 175.95	LB: 200.821	GB: 205.603	Conf: 0.453342	Pts: 75774
Particle (43):: Fit: 202.602	PB: 202.602	LB: 202.602	GB: 205.603	Conf: 0.264334	Pts: 90965
Particle (20):: Fit: 190.816	PB: 190.816	LB: 195.173	GB: 205.603	Conf: 0.326687	Pts: 75378
Particle (46):: Fit: 170.936	PB: 170.936	LB: 202.602	GB: 205.603	Conf: 0.36766	Pts: 50355
Particle (46):: Fit: 174.77	PB: 174.77	LB: 202.602	GB: 205.603	Conf: 0.407913	Pts: 50453
Particle (40):: Fit: 173.39	PB: 173.39	LB: 202.602	GB: 205.603	Conf: 0.941711	Pts: 100371
Particle (16):: Fit: 181.082	PB: 181.082	LB: 196.302	GB: 205.603	Conf: 0.859772	Pts: 60866
Particle (46):: Fit: 180.365	PB: 180.365	LB: 202.602	GB: 205.603	Conf: 0.508464	Pts: 50533
Particle (42):: Fit: 181.16	PB: 181.16	LB: 202.602	GB: 205.603	Conf: 0.584492	Pts: 110054
Particle (33):: Fit: 192.537	PB: 192.537	LB: 205.603	GB: 205.603	Conf: 0.254572	Pts: 55546
Particle (26):: Fit: 203.467	PB: 203.467	LB: 203.467	GB: 205.603	Conf: 0.779683	Pts: 210742
Particle (27):: Fit: 191.581	PB: 191.581	LB: 203.467	GB: 205.603	Conf: 0.475025	Pts: 65538
Particle (7):: Fit: 175.972	PB: 175.972	LB: 198.304	GB: 205.603	Conf: 0.459138	Pts: 55638
Particle (20):: Fit: 193.37	PB: 193.37	LB: 195.173	GB: 205.603	Conf: 0.763438	Pts: 85438
Particle (21):: Fit: 183.874	PB: 183.874	LB: 203.467	GB: 205.603	Conf: 1.09992	Pts: 75334
Particle (17):: Fit: 186.68	PB: 186.68	LB: 193.37	GB: 205.603	Conf: 0.564515	Pts: 65728
Particle (4):: Fit: 143.089	PB: 143.089	LB: 195.46	GB: 205.603	Conf: 0.856106	Pts: 55619
Particle (39):: Fit: 185.257	PB: 185.257	LB: 205.603	GB: 205.603	Conf: 0.589273	Pts: 110411
Particle (32):: Fit: 181.431	PB: 181.431	LB: 205.603	GB: 205.603	Conf: 0.491663	Pts: 55914
Particle (40):: Fit: 177.192	PB: 177.192	LB: 202.602	GB: 205.603	Conf: 0.825047	Pts: 100414
Particle (40):: Fit: 187.445	PB: 187.445	LB: 202.602	GB: 205.603	Conf: 0.569057	Pts: 100513
Particle (34):: Fit: 195.686	PB: 195.686	LB: 205.603	GB: 205.603	Conf: 0.277091	Pts: 110309
Particle (7):: Fit: 181.877	PB: 181.877	LB: 198.304	GB: 205.603	Conf: 0.512463	Pts: 55705
Particle (39):: Fit: 185.698	PB: 185.698	LB: 205.603	GB: 205.603	Conf: 0.521641	Pts: 110497
Particle (41):: Fit: 198.204	PB: 198.204	LB: 202.602	GB: 205.603	Conf: 0.174261	Pts: 65198
Particle (29):: Fit: 188.003	PB: 188.003	LB: 203.467	GB: 205.603	Conf: 0.682648	Pts: 60793
Particle (48):: Fit: 181.747	PB: 181.747	LB: 200.002	GB: 205.603	Conf: 0.610244	Pts: 50495
Particle (7):: Fit: 185.541	PB: 185.541	LB: 198.304	GB: 205.603	Conf: 0.453681	Pts: 55794
Particle (15):: Fit: 177.968	PB: 177.968	LB: 196.302	GB: 205.603	Conf: 0.572923	Pts: 60686
Particle (25):: Fit: 186.695	PB: 186.695	LB: 203.467	GB: 205.603	Conf: 0.721246	Pts: 55582
Particle (36):: Fit: 183.786	PB: 183.786	LB: 205.603	GB: 205.603	Conf: 0.593402	Pts: 80478
Particle (18):: Fit: 190.119	PB: 190.119	LB: 193.37	GB: 205.603	Conf: 0.601481	Pts: 75273
Particle (32):: Fit: 184.419	PB: 184.419	LB: 205.603	GB: 205.603	Conf: 0.294031	Pts: 55969
Particle (21):: Fit: 186.588	PB: 186.588	LB: 203.467	GB: 205.603	Conf: 0.78765	Pts: 75366
Particle (15):: Fit: 192.779	PB: 192.779	LB: 196.302	GB: 205.603	Conf: 0.444612	Pts: 60760
Particle (43):: Fit: 206.33	PB: 206.33	LB: 206.33	GB: 206.33	Conf: 0.515395	Pts: 150941
Global: 206.33 - Correct: 76% of 100 tests
Global Best: 
  Inner Net 1
  -- 1 : 1 = 1
  -- 1 : 2 = 0.143618
  -- 1 : 3 = -0.0497224
  -- 1 : 4 = 0.0419653
  -- 1 : 5 = 0.272073
  -- 1 : 6 = 0.0721934
  -- 1 : 7 = 0.0726988
  -- 1 : 8 = -0.0635231
  -- 1 : 9 = 0.177391
  -- 2 : 1 = -0.0725333
  -- 2 : 2 = 0.00448312
  -- 2 : 3 = -0.00350979
  -- 2 : 4 = -0.167935
  -- 2 : 5 = 0.00485106
  -- 2 : 6 = 0.0472649
  -- 2 : 7 = 0.294328
  -- 2 : 8 = 0.0777239
  -- 2 : 9 = -0.0522195
  -- 3 : 1 = -0.5
  -- 3 : 2 = 0.371164
  -- 3 : 3 = -0.256618
  -- 3 : 4 = 0.245793
  -- 3 : 5 = -0.0423192
  -- 3 : 6 = -0.0338058
  -- 3 : 7 = -0.223957
  -- 3 : 8 = -0.24376
  -- 3 : 9 = -0.295955
  -- 4 : 1 = 0.220355
  -- 4 : 2 = -0.0164858
  -- 4 : 3 = 0.516192
  -- 4 : 4 = 0.186431
  -- 4 : 5 = 0.263306
  -- 4 : 6 = 0.168111
  -- 4 : 7 = 0.0413251
  -- 4 : 8 = -0.159917
  -- 4 : 9 = -0.135635
  -- 5 : 1 = 0.117467
  -- 5 : 2 = -0.365693
  -- 5 : 3 = -0.0922337
  -- 5 : 4 = 0.332265
  -- 5 : 5 = -0.0978552
  -- 5 : 6 = -0.405726
  -- 5 : 7 = -0.0976908
  -- 5 : 8 = 0.126917
  -- 5 : 9 = 0.0275476
  -- 6 : 1 = -0.08985
  -- 6 : 2 = 0.150214
  -- 6 : 3 = 0.132868
  -- 6 : 4 = -0.221997
  -- 6 : 5 = 0.146271
  -- 6 : 6 = -0.136122
  -- 6 : 7 = -0.0510862
  -- 6 : 8 = -0.182286
  -- 6 : 9 = 0.0588348
  -- 7 : 1 = 0.173036
  -- 7 : 2 = 0.227549
  -- 7 : 3 = 0.0115839
  -- 7 : 4 = 0.505246
  -- 7 : 5 = -0.00680597
  -- 7 : 6 = 0.153683
  -- 7 : 7 = 0.0793007
  -- 7 : 8 = 0.231564
  -- 7 : 9 = -0.168302
  -- 8 : 1 = 0.5
  -- 8 : 2 = 0.0258183
  -- 8 : 3 = -0.256036
  -- 8 : 4 = -0.230016
  -- 8 : 5 = 0.131911
  -- 8 : 6 = -0.0901389
  -- 8 : 7 = -0.100473
  -- 8 : 8 = -0.0553549
  -- 8 : 9 = -0.112062
  -- 9 : 1 = 0.505355
  -- 9 : 2 = 0.552463
  -- 9 : 3 = -0.21347
  -- 9 : 4 = 0.370543
  -- 9 : 5 = -0.00896826
  -- 9 : 6 = 0.0278324
  -- 9 : 7 = 0.111297
  -- 9 : 8 = 0.268845
  -- 9 : 9 = -0.0522838
  -- 10 : 1 = 0.549613
  -- 10 : 2 = 0.182027
  -- 10 : 3 = -0.219306
  -- 10 : 4 = -0.174069
  -- 10 : 5 = -0.195565
  -- 10 : 6 = 0.0568636
  -- 10 : 7 = 0.353879
  -- 10 : 8 = -0.338458
  -- 10 : 9 = -0.208267
  Inner Net 2
  -- 1 : 1 = 0.360556
  -- 1 : 2 = 0.239878
  -- 2 : 1 = -0.115161
  -- 2 : 2 = 0.227771
  -- 3 : 1 = -0.528586
  -- 3 : 2 = 0.308138
  -- 4 : 1 = -0.455242
  -- 4 : 2 = -0.0653687
  -- 5 : 1 = -0.202493
  -- 5 : 2 = -0.053472
  -- 6 : 1 = -0.144271
  -- 6 : 2 = -0.0243005
  -- 7 : 1 = -0.063397
  -- 7 : 2 = -0.160704
  -- 8 : 1 = 0.0798163
  -- 8 : 2 = -0.0520812
  -- 9 : 1 = 0.318808
  -- 9 : 2 = 0.377467
Out\Act	False		True
False	0.514041	0.327939	0.84198
True	0.0709186	0.0871014	0.15802
	0.58496	0.41504
	Accuracy [ (tp + tn) / testSize ]: 0.601142
	Precision [ tp / (tp + fp) ]:      0.209622
	Sensitivity [ tp / (tp + fn) ]:    0.54955
	Specificity [ tn / (tn + fp) ]:    0.610169
	F-Score [ 2tp / (2tp + fp + fn) ]: 0.303734
Particle (42):: Fit: 182.939	PB: 182.939	LB: 206.33	GB: 206.33	Conf: 0.586258	Pts: 110052
Particle (44):: Fit: 198.511	PB: 198.511	LB: 206.33	GB: 206.33	Conf: 0.534876	Pts: 159946
Particle (13):: Fit: 203.46	PB: 203.46	LB: 203.46	GB: 206.33	Conf: 0.740067	Pts: 170235
Particle (46):: Fit: 181.665	PB: 181.665	LB: 206.33	GB: 206.33	Conf: 0.559379	Pts: 50514
Particle (47):: Fit: 187.377	PB: 187.377	LB: 206.33	GB: 206.33	Conf: 0.700873	Pts: 51035
Particle (0):: Fit: 194.338	PB: 194.338	LB: 200.002	GB: 206.33	Conf: 0.796724	Pts: 225326
Particle (4):: Fit: 150.414	PB: 150.414	LB: 195.46	GB: 206.33	Conf: 0.480574	Pts: 55600
Particle (42):: Fit: 190.585	PB: 190.585	LB: 206.33	GB: 206.33	Conf: 0.397312	Pts: 110113
Particle (28):: Fit: 194.528	PB: 194.528	LB: 203.467	GB: 206.33	Conf: 0.842215	Pts: 70512
Particle (22):: Fit: 187.748	PB: 187.748	LB: 203.467	GB: 206.33	Conf: 0.503879	Pts: 55284
Particle (45):: Fit: 191.951	PB: 191.951	LB: 206.33	GB: 206.33	Conf: 0.78902	Pts: 60447
Particle (25):: Fit: 191.146	PB: 191.146	LB: 203.467	GB: 206.33	Conf: 0.890353	Pts: 55552
Particle (48):: Fit: 186.057	PB: 186.057	LB: 200.002	GB: 206.33	Conf: 0.827611	Pts: 50408
Particle (36):: Fit: 194.373	PB: 194.373	LB: 205.603	GB: 206.33	Conf: 0.708548	Pts: 80409
Particle (39):: Fit: 188.7	PB: 188.7	LB: 206.33	GB: 206.33	Conf: 0.572463	Pts: 110403
Particle (1):: Fit: 193.035	PB: 193.035	LB: 200.002	GB: 206.33	Conf: 0.593692	Pts: 55211
Particle (21):: Fit: 187.456	PB: 187.456	LB: 203.467	GB: 206.33	Conf: 0.57646	Pts: 75304
Particle (32):: Fit: 188.95	PB: 188.95	LB: 205.603	GB: 206.33	Conf: 0.454189	Pts: 55905
Particle (7):: Fit: 186.587	PB: 186.587	LB: 198.304	GB: 206.33	Conf: 0.535516	Pts: 55698
Particle (23):: Fit: 194.148	PB: 194.148	LB: 203.467	GB: 206.33	Conf: 0.309588	Pts: 80572
Particle (17):: Fit: 188.722	PB: 188.722	LB: 203.46	GB: 206.33	Conf: 0.336898	Pts: 65577
Particle (29):: Fit: 188.236	PB: 188.236	LB: 203.467	GB: 206.33	Conf: 0.488666	Pts: 60670
Particle (31):: Fit: 195.191	PB: 195.191	LB: 205.603	GB: 206.33	Conf: 0.652986	Pts: 205181
Particle (9):: Fit: 198.221	PB: 198.221	LB: 203.46	GB: 206.33	Conf: 0.417862	Pts: 65647
Particle (47):: Fit: 188.579	PB: 188.579	LB: 206.33	GB: 206.33	Conf: 0.702508	Pts: 50936
Particle (12):: Fit: 199.042	PB: 199.042	LB: 203.46	GB: 206.33	Conf: 0.313063	Pts: 320506
Particle (16):: Fit: 182.962	PB: 182.962	LB: 203.46	GB: 206.33	Conf: 0.539455	Pts: 60598
Particle (19):: Fit: 191.957	PB: 191.957	LB: 195.173	GB: 206.33	Conf: 0.682064	Pts: 114681
Particle (7):: Fit: 197.193	PB: 197.193	LB: 199.042	GB: 206.33	Conf: 0.0963934	Pts: 55681
Particle (47):: Fit: 192.819	PB: 192.819	LB: 206.33	GB: 206.33	Conf: 0.555497	Pts: 50975
Particle (21):: Fit: 187.763	PB: 187.763	LB: 203.467	GB: 206.33	Conf: 0.738007	Pts: 75267
Particle (42):: Fit: 192.142	PB: 192.142	LB: 206.33	GB: 206.33	Conf: 0.48144	Pts: 109922
Particle (31):: Fit: 197.77	PB: 197.77	LB: 205.603	GB: 206.33	Conf: 0.74306	Pts: 205100
Particle (4):: Fit: 154.866	PB: 154.866	LB: 198.221	GB: 206.33	Conf: 0.424431	Pts: 55361
Particle (46):: Fit: 189.68	PB: 189.68	LB: 206.33	GB: 206.33	Conf: 0.553877	Pts: 50240
Particle (5):: Fit: 183.916	PB: 183.916	LB: 198.304	GB: 206.33	Conf: 0.750519	Pts: 169535
Particle (33):: Fit: 197.585	PB: 197.585	LB: 205.603	GB: 206.33	Conf: 0.201409	Pts: 55147
Particle (22):: Fit: 188.037	PB: 188.037	LB: 203.467	GB: 206.33	Conf: 0.574864	Pts: 55026
Particle (16):: Fit: 189.622	PB: 189.622	LB: 203.46	GB: 206.33	Conf: 0.883594	Pts: 60521
Particle (8):: Fit: 195.922	PB: 195.922	LB: 203.46	GB: 206.33	Conf: 0.573934	Pts: 69811
Particle (28):: Fit: 196.529	PB: 196.529	LB: 203.467	GB: 206.33	Conf: 0.229972	Pts: 70219
Particle (29):: Fit: 194.071	PB: 194.071	LB: 203.467	GB: 206.33	Conf: 0.556757	Pts: 60493
Particle (8):: Fit: 202.397	PB: 202.397	LB: 203.46	GB: 206.33	Conf: 0.883739	Pts: 94843
Particle (42):: Fit: 193.381	PB: 193.381	LB: 206.33	GB: 206.33	Conf: 0.601121	Pts: 109847
Particle (36):: Fit: 198.677	PB: 198.677	LB: 205.603	GB: 206.33	Conf: 0.373594	Pts: 80138
Particle (39):: Fit: 207.268	PB: 207.268	LB: 207.268	GB: 207.268	Conf: 0.510234	Pts: 170112
Global: 207.268 - Correct: 73% of 100 tests
Global Best: 
  Inner Net 1
  -- 1 : 1 = 1
  -- 1 : 2 = 0.0873845
  -- 1 : 3 = -0.00432382
  -- 1 : 4 = 0.346777
  -- 1 : 5 = -0.174628
  -- 1 : 6 = 0.217348
  -- 1 : 7 = 0.33722
  -- 1 : 8 = -0.0436508
  -- 1 : 9 = -0.0190761
  -- 2 : 1 = -0.341494
  -- 2 : 2 = -0.0337749
  -- 2 : 3 = 0.0510918
  -- 2 : 4 = -0.0188885
  -- 2 : 5 = -0.277831
  -- 2 : 6 = -0.0191384
  -- 2 : 7 = 0.220308
  -- 2 : 8 = 0.314148
  -- 2 : 9 = -0.00542977
  -- 3 : 1 = -0.635469
  -- 3 : 2 = -0.148942
  -- 3 : 3 = -0.0119875
  -- 3 : 4 = 0.117163
  -- 3 : 5 = 0.105184
  -- 3 : 6 = 0.00765637
  -- 3 : 7 = -0.130984
  -- 3 : 8 = 0.381207
  -- 3 : 9 = 0.410793
  -- 4 : 1 = 0.225596
  -- 4 : 2 = 0.00528131
  -- 4 : 3 = 0.679169
  -- 4 : 4 = 0.150847
  -- 4 : 5 = -0.0557504
  -- 4 : 6 = 0.0248817
  -- 4 : 7 = 0.454978
  -- 4 : 8 = 0.0279309
  -- 4 : 9 = -0.0224203
  -- 5 : 1 = 0.515284
  -- 5 : 2 = 0.187392
  -- 5 : 3 = -0.00748415
  -- 5 : 4 = 0.15817
  -- 5 : 5 = -0.0391804
  -- 5 : 6 = -0.167092
  -- 5 : 7 = 0.000423725
  -- 5 : 8 = 0.211934
  -- 5 : 9 = -0.232657
  -- 6 : 1 = 0.0685088
  -- 6 : 2 = 0.0666949
  -- 6 : 3 = -0.121482
  -- 6 : 4 = -0.121991
  -- 6 : 5 = 0.112016
  -- 6 : 6 = 0.0895937
  -- 6 : 7 = -0.188401
  -- 6 : 8 = 0.280917
  -- 6 : 9 = 0.0987151
  -- 7 : 1 = 0.374115
  -- 7 : 2 = -0.11097
  -- 7 : 3 = 0.0169569
  -- 7 : 4 = -0.18957
  -- 7 : 5 = -0.278277
  -- 7 : 6 = 0.44668
  -- 7 : 7 = 0.00528329
  -- 7 : 8 = 0.194329
  -- 7 : 9 = -0.169801
  -- 8 : 1 = 0.822495
  -- 8 : 2 = -0.584431
  -- 8 : 3 = 0.070172
  -- 8 : 4 = -0.159296
  -- 8 : 5 = 0.0488002
  -- 8 : 6 = 0.483891
  -- 8 : 7 = 0.0908781
  -- 8 : 8 = 0.150206
  -- 8 : 9 = 0.0391357
  -- 9 : 1 = 0.595158
  -- 9 : 2 = 0.192385
  -- 9 : 3 = -0.148703
  -- 9 : 4 = 0.327168
  -- 9 : 5 = -0.0203268
  -- 9 : 6 = -0.0392913
  -- 9 : 7 = 0.085354
  -- 9 : 8 = 0.243502
  -- 9 : 9 = 0.271622
  -- 10 : 1 = 0.861339
  -- 10 : 2 = 0.460585
  -- 10 : 3 = -0.20239
  -- 10 : 4 = 0.016868
  -- 10 : 5 = -0.237646
  -- 10 : 6 = -0.314695
  -- 10 : 7 = 0.28691
  -- 10 : 8 = 0.0981879
  -- 10 : 9 = 0.212617
  Inner Net 2
  -- 1 : 1 = -0.24368
  -- 1 : 2 = 0.132529
  -- 2 : 1 = 0.138577
  -- 2 : 2 = 0.270731
  -- 3 : 1 = -0.122792
  -- 3 : 2 = 0.108145
  -- 4 : 1 = -0.448271
  -- 4 : 2 = -0.168303
  -- 5 : 1 = 0.204075
  -- 5 : 2 = 0.056717
  -- 6 : 1 = -0.146094
  -- 6 : 2 = 0.236179
  -- 7 : 1 = -0.296498
  -- 7 : 2 = 0.0554567
  -- 8 : 1 = -0.181412
  -- 8 : 2 = 0.0234421
  -- 9 : 1 = 0.377437
  -- 9 : 2 = 0.0481594
Out\Act	False		True
False	0.36792	0.47406	0.84198
True	0.0409329	0.117087	0.15802
	0.408853	0.591147
	Accuracy [ (tp + tn) / testSize ]: 0.485007
	Precision [ tp / (tp + fp) ]:      0.197908
	Sensitivity [ tp / (tp + fn) ]:    0.738739
	Specificity [ tn / (tn + fp) ]:    0.436723
	F-Score [ 2tp / (2tp + fp + fn) ]: 0.312381
Particle (4):: Fit: 159.694	PB: 159.694	LB: 202.397	GB: 207.268	Conf: 0.353163	Pts: 55282
Particle (2):: Fit: 200.881	PB: 200.881	LB: 200.881	GB: 207.268	Conf: 0.630832	Pts: 99992
Particle (5):: Fit: 187.901	PB: 187.901	LB: 202.397	GB: 207.268	Conf: 0.555636	Pts: 169455
Particle (46):: Fit: 192.564	PB: 192.564	LB: 206.33	GB: 207.268	Conf: 0.629873	Pts: 50145
Particle (29):: Fit: 201.92	PB: 201.92	LB: 203.467	GB: 207.268	Conf: 0.722536	Pts: 60442
Particle (18):: Fit: 196.434	PB: 196.434	LB: 196.434	GB: 207.268	Conf: 0.531274	Pts: 89754
Particle (47):: Fit: 195.043	PB: 195.043	LB: 206.33	GB: 207.268	Conf: 0.553596	Pts: 50752
Particle (34):: Fit: 198.568	PB: 198.568	LB: 207.268	GB: 207.268	Conf: 0.214762	Pts: 109735
Particle (48):: Fit: 195.064	PB: 195.064	LB: 200.881	GB: 207.268	Conf: 0.42348	Pts: 50011
Particle (21):: Fit: 201.299	PB: 201.299	LB: 203.467	GB: 207.268	Conf: 0.893083	Pts: 89984
Particle (25):: Fit: 193.903	PB: 193.903	LB: 203.467	GB: 207.268	Conf: 0.516956	Pts: 55059
Particle (12):: Fit: 201.632	PB: 201.632	LB: 203.46	GB: 207.268	Conf: 0.305498	Pts: 320140
Particle (32):: Fit: 197.788	PB: 197.788	LB: 205.603	GB: 207.268	Conf: 0.435576	Pts: 55430
Particle (16):: Fit: 192.681	PB: 192.681	LB: 203.46	GB: 207.268	Conf: 0.438597	Pts: 60256
Particle (27):: Fit: 200.971	PB: 200.971	LB: 203.467	GB: 207.268	Conf: 0.423493	Pts: 64720
Particle (20):: Fit: 197.97	PB: 197.97	LB: 201.299	GB: 207.268	Conf: 0.696448	Pts: 84627
Particle (17):: Fit: 197.13	PB: 197.13	LB: 203.46	GB: 207.268	Conf: 0.236348	Pts: 65023
Particle (31):: Fit: 201.186	PB: 201.186	LB: 205.603	GB: 207.268	Conf: 0.676055	Pts: 204719
Particle (25):: Fit: 197.628	PB: 197.628	LB: 203.467	GB: 207.268	Conf: 0.56832	Pts: 54931
Particle (5):: Fit: 190.774	PB: 190.774	LB: 202.397	GB: 207.268	Conf: 0.581363	Pts: 169179
Particle (26):: Fit: 206.62	PB: 206.62	LB: 206.62	GB: 207.268	Conf: 0.441151	Pts: 259720
Particle (1):: Fit: 195.087	PB: 195.087	LB: 200.881	GB: 207.268	Conf: 0.493391	Pts: 54376
Particle (18):: Fit: 196.622	PB: 196.622	LB: 201.299	GB: 207.268	Conf: 0.904468	Pts: 89351
Particle (0):: Fit: 217.944	PB: 217.944	LB: 217.944	GB: 217.944	Conf: 0.809732	Pts: 284295
Global: 217.944 - Correct: 76% of 100 tests
Global Best: 
  Inner Net 1
  -- 1 : 1 = -1
  -- 1 : 2 = 0.133054
  -- 1 : 3 = 0.0139388
  -- 1 : 4 = -0.217151
  -- 1 : 5 = -0.213561
  -- 1 : 6 = 0.619919
  -- 1 : 7 = 0.0451646
  -- 1 : 8 = -0.100832
  -- 1 : 9 = -0.267407
  -- 2 : 1 = 0.703167
  -- 2 : 2 = 0.110472
  -- 2 : 3 = -0.246715
  -- 2 : 4 = -0.143712
  -- 2 : 5 = -0.0844685
  -- 2 : 6 = 0.160762
  -- 2 : 7 = -0.00967808
  -- 2 : 8 = -0.393318
  -- 2 : 9 = -0.150229
  -- 3 : 1 = 0.644796
  -- 3 : 2 = 0.234635
  -- 3 : 3 = -0.0133411
  -- 3 : 4 = -0.29259
  -- 3 : 5 = 0.116806
  -- 3 : 6 = 0.342106
  -- 3 : 7 = -0.169726
  -- 3 : 8 = -0.404586
  -- 3 : 9 = 0.545128
  -- 4 : 1 = 0.48089
  -- 4 : 2 = 0.259121
  -- 4 : 3 = -0.0932475
  -- 4 : 4 = -0.2282
  -- 4 : 5 = 0.170037
  -- 4 : 6 = -0.151348
  -- 4 : 7 = -0.311386
  -- 4 : 8 = -0.108311
  -- 4 : 9 = 0.0144221
  -- 5 : 1 = 0.237352
  -- 5 : 2 = -0.0436537
  -- 5 : 3 = -0.211252
  -- 5 : 4 = -0.160803
  -- 5 : 5 = 0.0100846
  -- 5 : 6 = 0.135219
  -- 5 : 7 = 0.169083
  -- 5 : 8 = 0.0671349
  -- 5 : 9 = 0.208372
  -- 6 : 1 = -0.00467027
  -- 6 : 2 = 0.0166324
  -- 6 : 3 = 0.211457
  -- 6 : 4 = -0.0761747
  -- 6 : 5 = 0.0802641
  -- 6 : 6 = 0.32176
  -- 6 : 7 = 0.0182749
  -- 6 : 8 = -0.424925
  -- 6 : 9 = -0.198793
  -- 7 : 1 = 0.454265
  -- 7 : 2 = 0.221118
  -- 7 : 3 = 0.326019
  -- 7 : 4 = -0.154198
  -- 7 : 5 = -0.468616
  -- 7 : 6 = 0.328995
  -- 7 : 7 = 0.0970746
  -- 7 : 8 = 0.191781
  -- 7 : 9 = 0.126849
  -- 8 : 1 = 0.5
  -- 8 : 2 = -0.271876
  -- 8 : 3 = 0.251178
  -- 8 : 4 = -0.0378909
  -- 8 : 5 = 0.0101117
  -- 8 : 6 = -0.0440577
  -- 8 : 7 = 0.633621
  -- 8 : 8 = 0.00447398
  -- 8 : 9 = -0.0195289
  -- 9 : 1 = 0.106496
  -- 9 : 2 = 0.364593
  -- 9 : 3 = 0.0490599
  -- 9 : 4 = 0.631088
  -- 9 : 5 = 0.316804
  -- 9 : 6 = 0.337246
  -- 9 : 7 = 0.328726
  -- 9 : 8 = -0.0468169
  -- 9 : 9 = -0.0591247
  -- 10 : 1 = 0.457749
  -- 10 : 2 = -0.0970118
  -- 10 : 3 = -0.0189653
  -- 10 : 4 = 0.039478
  -- 10 : 5 = 0.0272776
  -- 10 : 6 = 0.21341
  -- 10 : 7 = 0.114103
  -- 10 : 8 = -0.111141
  -- 10 : 9 = 0.741143
  Inner Net 2
  -- 1 : 1 = 0.225207
  -- 1 : 2 = 0.308475
  -- 2 : 1 = -0.275339
  -- 2 : 2 = -0.0706435
  -- 3 : 1 = 0.347045
  -- 3 : 2 = 0.140834
  -- 4 : 1 = -0.869029
  -- 4 : 2 = 0.167689
  -- 5 : 1 = -0.0293105
  -- 5 : 2 = -0.304893
  -- 6 : 1 = -0.352066
  -- 6 : 2 = -0.197964
  -- 7 : 1 = -0.328914
  -- 7 : 2 = 0.109183
  -- 8 : 1 = 0.48496
  -- 8 : 2 = -0.0287983
  -- 9 : 1 = 0.401979
  -- 9 : 2 = 0.0337842
Out\Act	False		True
False	0.31128	0.5307	0.84198
True	0.039981	0.118039	0.15802
	0.351261	0.648739
	Accuracy [ (tp + tn) / testSize ]: 0.429319
	Precision [ tp / (tp + fp) ]:      0.181818
	Sensitivity [ tp / (tp + fn) ]:    0.744745
	Specificity [ tn / (tn + fp) ]:    0.369492
	F-Score [ 2tp / (2tp + fp + fn) ]: 0.292453
Particle (22):: Fit: 190.782	PB: 190.782	LB: 206.62	GB: 217.944	Conf: 0.514426	Pts: 54339
Particle (40):: Fit: 194.638	PB: 194.638	LB: 207.268	GB: 217.944	Conf: 0.592479	Pts: 99294
Particle (47):: Fit: 199.339	PB: 199.339	LB: 217.944	GB: 217.944	Conf: 0.375908	Pts: 50200
Particle (22):: Fit: 190.901	PB: 190.901	LB: 206.62	GB: 217.944	Conf: 0.651006	Pts: 54307
Particle (45):: Fit: 195.35	PB: 195.35	LB: 217.944	GB: 217.944	Conf: 0.752555	Pts: 59339
Particle (22):: Fit: 194.507	PB: 194.507	LB: 206.62	GB: 217.944	Conf: 0.833392	Pts: 54335
Particle (18):: Fit: 197.599	PB: 197.599	LB: 201.299	GB: 217.944	Conf: 0.388246	Pts: 89156
Particle (42):: Fit: 195.728	PB: 195.728	LB: 207.268	GB: 217.944	Conf: 0.431338	Pts: 109025
Particle (42):: Fit: 197.596	PB: 197.596	LB: 207.268	GB: 217.944	Conf: 0.491085	Pts: 109117
Particle (40):: Fit: 195.045	PB: 195.045	LB: 207.268	GB: 217.944	Conf: 0.807611	Pts: 99128
Particle (46):: Fit: 203.93	PB: 203.93	LB: 217.944	GB: 217.944	Conf: 0.697496	Pts: 49320
Particle (1):: Fit: 198.312	PB: 198.312	LB: 217.944	GB: 217.944	Conf: 0.423555	Pts: 53918
Particle (16):: Fit: 204.44	PB: 204.44	LB: 204.44	GB: 217.944	Conf: 0.739982	Pts: 109477
Particle (25):: Fit: 204.987	PB: 204.987	LB: 206.62	GB: 217.944	Conf: 0.480371	Pts: 59313
Particle (31):: Fit: 210.059	PB: 210.059	LB: 210.059	GB: 217.944	Conf: 0.570987	Pts: 254006
Particle (45):: Fit: 197.842	PB: 197.842	LB: 217.944	GB: 217.944	Conf: 0.848808	Pts: 59063
Particle (30):: Fit: 199.205	PB: 199.205	LB: 210.059	GB: 217.944	Conf: 0.744008	Pts: 118507
Particle (5):: Fit: 195.172	PB: 195.172	LB: 202.397	GB: 217.944	Conf: 0.578453	Pts: 168421
Particle (47):: Fit: 200.294	PB: 200.294	LB: 217.944	GB: 217.944	Conf: 0.560811	Pts: 49744
Particle (3):: Fit: 200.443	PB: 200.443	LB: 217.944	GB: 217.944	Conf: 0.37848	Pts: 113776
Particle (27):: Fit: 204.022	PB: 204.022	LB: 210.059	GB: 217.944	Conf: 0.421117	Pts: 63617
Particle (18):: Fit: 203.103	PB: 203.103	LB: 204.44	GB: 217.944	Conf: 0.505089	Pts: 88650
Particle (38):: Fit: 195.525	PB: 195.525	LB: 207.268	GB: 217.944	Conf: 0.783912	Pts: 133484
Global Best: 
  Inner Net 1
  -- 1 : 1 = -1
  -- 1 : 2 = 0.133054
  -- 1 : 3 = 0.0139388
  -- 1 : 4 = -0.217151
  -- 1 : 5 = -0.213561
  -- 1 : 6 = 0.619919
  -- 1 : 7 = 0.0451646
  -- 1 : 8 = -0.100832
  -- 1 : 9 = -0.267407
  -- 2 : 1 = 0.703167
  -- 2 : 2 = 0.110472
  -- 2 : 3 = -0.246715
  -- 2 : 4 = -0.143712
  -- 2 : 5 = -0.0844685
  -- 2 : 6 = 0.160762
  -- 2 : 7 = -0.00967808
  -- 2 : 8 = -0.393318
  -- 2 : 9 = -0.150229
  -- 3 : 1 = 0.644796
  -- 3 : 2 = 0.234635
  -- 3 : 3 = -0.0133411
  -- 3 : 4 = -0.29259
  -- 3 : 5 = 0.116806
  -- 3 : 6 = 0.342106
  -- 3 : 7 = -0.169726
  -- 3 : 8 = -0.404586
  -- 3 : 9 = 0.545128
  -- 4 : 1 = 0.48089
  -- 4 : 2 = 0.259121
  -- 4 : 3 = -0.0932475
  -- 4 : 4 = -0.2282
  -- 4 : 5 = 0.170037
  -- 4 : 6 = -0.151348
  -- 4 : 7 = -0.311386
  -- 4 : 8 = -0.108311
  -- 4 : 9 = 0.0144221
  -- 5 : 1 = 0.237352
  -- 5 : 2 = -0.0436537
  -- 5 : 3 = -0.211252
  -- 5 : 4 = -0.160803
  -- 5 : 5 = 0.0100846
  -- 5 : 6 = 0.135219
  -- 5 : 7 = 0.169083
  -- 5 : 8 = 0.0671349
  -- 5 : 9 = 0.208372
  -- 6 : 1 = -0.00467027
  -- 6 : 2 = 0.0166324
  -- 6 : 3 = 0.211457
  -- 6 : 4 = -0.0761747
  -- 6 : 5 = 0.0802641
  -- 6 : 6 = 0.32176
  -- 6 : 7 = 0.0182749
  -- 6 : 8 = -0.424925
  -- 6 : 9 = -0.198793
  -- 7 : 1 = 0.454265
  -- 7 : 2 = 0.221118
  -- 7 : 3 = 0.326019
  -- 7 : 4 = -0.154198
  -- 7 : 5 = -0.468616
  -- 7 : 6 = 0.328995
  -- 7 : 7 = 0.0970746
  -- 7 : 8 = 0.191781
  -- 7 : 9 = 0.126849
  -- 8 : 1 = 0.5
  -- 8 : 2 = -0.271876
  -- 8 : 3 = 0.251178
  -- 8 : 4 = -0.0378909
  -- 8 : 5 = 0.0101117
  -- 8 : 6 = -0.0440577
  -- 8 : 7 = 0.633621
  -- 8 : 8 = 0.00447398
  -- 8 : 9 = -0.0195289
  -- 9 : 1 = 0.106496
  -- 9 : 2 = 0.364593
  -- 9 : 3 = 0.0490599
  -- 9 : 4 = 0.631088
  -- 9 : 5 = 0.316804
  -- 9 : 6 = 0.337246
  -- 9 : 7 = 0.328726
  -- 9 : 8 = -0.0468169
  -- 9 : 9 = -0.0591247
  -- 10 : 1 = 0.457749
  -- 10 : 2 = -0.0970118
  -- 10 : 3 = -0.0189653
  -- 10 : 4 = 0.039478
  -- 10 : 5 = 0.0272776
  -- 10 : 6 = 0.21341
  -- 10 : 7 = 0.114103
  -- 10 : 8 = -0.111141
  -- 10 : 9 = 0.741143
  Inner Net 2
  -- 1 : 1 = 0.225207
  -- 1 : 2 = 0.308475
  -- 2 : 1 = -0.275339
  -- 2 : 2 = -0.0706435
  -- 3 : 1 = 0.347045
  -- 3 : 2 = 0.140834
  -- 4 : 1 = -0.869029
  -- 4 : 2 = 0.167689
  -- 5 : 1 = -0.0293105
  -- 5 : 2 = -0.304893
  -- 6 : 1 = -0.352066
  -- 6 : 2 = -0.197964
  -- 7 : 1 = -0.328914
  -- 7 : 2 = 0.109183
  -- 8 : 1 = 0.48496
  -- 8 : 2 = -0.0287983
  -- 9 : 1 = 0.401979
  -- 9 : 2 = 0.0337842
Out\Act	False		True
False	0.31128	0.5307	0.84198
True	0.039981	0.118039	0.15802
	0.351261	0.648739
	Accuracy [ (tp + tn) / testSize ]: 0.429319
	Precision [ tp / (tp + fp) ]:      0.181818
	Sensitivity [ tp / (tp + fn) ]:    0.744745
	Specificity [ tn / (tn + fp) ]:    0.369492
	F-Score [ 2tp / (2tp + fp + fn) ]: 0.292453
