
Date / Time: Fri Mar 31 01:26:40 2017

   ****************************************
   * PSO Neural Net (Gaussian Activation) *
   *       by William Boler, BSCE         *
   *     Research Assistant, IUPUI        *
   *                                      *
   *  Professor: Dr. Lauren Christopher   *
   *     Created: March 13, 2017          *
   ****************************************


Inputs: 10
Inner Nets: 1
 - 9
Tests per train(min): 100
Particles: 50
Neighbors: 10
Minimum Particle Iterations: 1000
Particle (0):: Fit: 56.167	PB: 56.167	LB: 56.167	GB: 56.167	Conf: 2	Pts: 110099
Particle (1):: Fit: 50.1465	PB: 50.1465	LB: 56.167	GB: 56.167	Conf: 2	Pts: 55099
Particle (2):: Fit: 55.2532	PB: 55.2532	LB: 56.167	GB: 56.167	Conf: 2	Pts: 60099
Particle (3):: Fit: 54.4717	PB: 54.4717	LB: 56.167	GB: 56.167	Conf: 1.97253	Pts: 55099
Particle (4):: Fit: 53.8746	PB: 53.8746	LB: 56.167	GB: 56.167	Conf: 2	Pts: 55099
Particle (5):: Fit: 53.8129	PB: 53.8129	LB: 55.2532	GB: 56.167	Conf: 0.456362	Pts: 55099
Particle (6):: Fit: 52.4858	PB: 52.4858	LB: 55.2532	GB: 56.167	Conf: 2	Pts: 55099
Particle (7):: Fit: 52.0205	PB: 52.0205	LB: 54.4717	GB: 56.167	Conf: 2	Pts: 55099
Particle (8):: Fit: 54.3352	PB: 54.3352	LB: 54.3352	GB: 56.167	Conf: 2	Pts: 75099
Particle (9):: Fit: 46.3303	PB: 46.3303	LB: 54.3352	GB: 56.167	Conf: 2	Pts: 55099
Particle (10):: Fit: 52.5073	PB: 52.5073	LB: 54.3352	GB: 56.167	Conf: 1.92337	Pts: 60099
Particle (11):: Fit: 55.2532	PB: 55.2532	LB: 55.2532	GB: 56.167	Conf: 2	Pts: 95099
Particle (12):: Fit: 106.598	PB: 106.598	LB: 106.598	GB: 106.598	Conf: 1.61075	Pts: 110099
Particle (13):: Fit: 52.4858	PB: 52.4858	LB: 106.598	GB: 106.598	Conf: 2	Pts: 55099
Particle (14):: Fit: 53.8746	PB: 53.8746	LB: 106.598	GB: 106.598	Conf: 2	Pts: 60099
Particle (15):: Fit: 54.7948	PB: 54.7948	LB: 106.598	GB: 106.598	Conf: 2	Pts: 65099
Particle (16):: Fit: 103.696	PB: 103.696	LB: 106.598	GB: 106.598	Conf: 1.48128	Pts: 70099
Particle (17):: Fit: 51.6572	PB: 51.6572	LB: 103.696	GB: 106.598	Conf: 1.83486	Pts: 55099
Particle (18):: Fit: 113.349	PB: 113.349	LB: 113.349	GB: 113.349	Conf: 1.74213	Pts: 110099
Particle (19):: Fit: 53.4468	PB: 53.4468	LB: 113.349	GB: 113.349	Conf: 1.97562	Pts: 55099
Particle (20):: Fit: 51.2072	PB: 51.2072	LB: 113.349	GB: 113.349	Conf: 1.82449	Pts: 55099
Particle (21):: Fit: 55.2532	PB: 55.2532	LB: 113.349	GB: 113.349	Conf: 2	Pts: 65099
Particle (22):: Fit: 55.2532	PB: 55.2532	LB: 113.349	GB: 113.349	Conf: 2	Pts: 55099
Particle (23):: Fit: 53.9275	PB: 53.9275	LB: 55.2532	GB: 113.349	Conf: 1.63005	Pts: 55099
Particle (24):: Fit: 11.1644	PB: 11.1644	LB: 55.2532	GB: 113.349	Conf: 0.240295	Pts: 55099
Particle (25):: Fit: 116.385	PB: 116.385	LB: 116.385	GB: 116.385	Conf: 1.5175	Pts: 110099
Particle (26):: Fit: 55.272	PB: 55.272	LB: 116.385	GB: 116.385	Conf: 1.98829	Pts: 55099
Particle (27):: Fit: 96.4346	PB: 96.4346	LB: 116.385	GB: 116.385	Conf: 1.86202	Pts: 60099
Particle (28):: Fit: 52.5638	PB: 52.5638	LB: 116.385	GB: 116.385	Conf: 0.93029	Pts: 55099
Particle (29):: Fit: 97.0435	PB: 97.0435	LB: 116.385	GB: 116.385	Conf: 1.89558	Pts: 70099
Particle (30):: Fit: 51.5539	PB: 51.5539	LB: 97.0435	GB: 116.385	Conf: 2	Pts: 55099
Particle (31):: Fit: 107.881	PB: 107.881	LB: 107.881	GB: 116.385	Conf: 1.62395	Pts: 80099
Particle (32):: Fit: 56.167	PB: 56.167	LB: 107.881	GB: 116.385	Conf: 2	Pts: 55099
Particle (33):: Fit: 51.6686	PB: 51.6686	LB: 107.881	GB: 116.385	Conf: 1.15719	Pts: 55099
Particle (34):: Fit: 54.7948	PB: 54.7948	LB: 107.881	GB: 116.385	Conf: 2	Pts: 60099
Particle (35):: Fit: 54.3352	PB: 54.3352	LB: 107.881	GB: 116.385	Conf: 2	Pts: 55099
Particle (36):: Fit: 105.94	PB: 105.94	LB: 105.94	GB: 116.385	Conf: 1.904	Pts: 75099
Particle (37):: Fit: 107.662	PB: 107.662	LB: 107.662	GB: 116.385	Conf: 1.98417	Pts: 80099
Particle (38):: Fit: 52.4858	PB: 52.4858	LB: 107.662	GB: 116.385	Conf: 2	Pts: 55099
Particle (39):: Fit: 49.6228	PB: 49.6228	LB: 107.662	GB: 116.385	Conf: 1.98544	Pts: 55099
Particle (40):: Fit: 54.7948	PB: 54.7948	LB: 107.662	GB: 116.385	Conf: 2	Pts: 65099
Particle (41):: Fit: 53.4128	PB: 53.4128	LB: 107.662	GB: 116.385	Conf: 2	Pts: 50099
Particle (42):: Fit: 53.8746	PB: 53.8746	LB: 54.7948	GB: 116.385	Conf: 2	Pts: 50099
Particle (43):: Fit: 102.026	PB: 102.026	LB: 102.026	GB: 116.385	Conf: 1.62602	Pts: 80099
Particle (44):: Fit: 50.7928	PB: 50.7928	LB: 102.026	GB: 116.385	Conf: 0.766226	Pts: 50099
Particle (45):: Fit: 54.3352	PB: 54.3352	LB: 102.026	GB: 116.385	Conf: 2	Pts: 50099
Particle (46):: Fit: 124.093	PB: 124.093	LB: 124.093	GB: 124.093	Conf: 0.725671	Pts: 110099
Particle (47):: Fit: 51.0861	PB: 51.0861	LB: 124.093	GB: 124.093	Conf: 2	Pts: 50099
Particle (48):: Fit: 54.3352	PB: 54.3352	LB: 124.093	GB: 124.093	Conf: 2	Pts: 50099
Particle (49):: Fit: 51.5539	PB: 51.5539	LB: 124.093	GB: 124.093	Conf: 2	Pts: 50099
Global: 124.093 - Correct: 63% of 100 tests
Global Best: 
  Inner Net 1
  -- 1 : 1 = 0.1648
  -- 1 : 2 = 0.507
  -- 1 : 3 = 0.6371
  -- 1 : 4 = 0.1796
  -- 1 : 5 = 0.0931
  -- 1 : 6 = 0.6898
  -- 1 : 7 = 0.2447
  -- 1 : 8 = 0.3724
  -- 1 : 9 = 0.0453
  -- 2 : 1 = 0.0891
  -- 2 : 2 = 0.1639
  -- 2 : 3 = 0.9483
  -- 2 : 4 = 0.4951
  -- 2 : 5 = 0.9684
  -- 2 : 6 = 0.8044
  -- 2 : 7 = 0.1001
  -- 2 : 8 = 0.0034
  -- 2 : 9 = 0.9556
  -- 3 : 1 = 0.8026
  -- 3 : 2 = 0.4261
  -- 3 : 3 = 0.0441
  -- 3 : 4 = 0.8003
  -- 3 : 5 = 0.1145
  -- 3 : 6 = 0.7161
  -- 3 : 7 = 0.0555
  -- 3 : 8 = 0.2494
  -- 3 : 9 = 0.12
  -- 4 : 1 = 0.7136
  -- 4 : 2 = 0.6093
  -- 4 : 3 = 0.8668
  -- 4 : 4 = 0.1273
  -- 4 : 5 = 0.0068
  -- 4 : 6 = 0.7608
  -- 4 : 7 = 0.2161
  -- 4 : 8 = 0.3595
  -- 4 : 9 = 0.6108
  -- 5 : 1 = 0.331
  -- 5 : 2 = 0.0451
  -- 5 : 3 = 0.1315
  -- 5 : 4 = 0.0966
  -- 5 : 5 = 0.4803
  -- 5 : 6 = 0.9532
  -- 5 : 7 = 0.49
  -- 5 : 8 = 0.0002
  -- 5 : 9 = 0.1066
  -- 6 : 1 = 0.52
  -- 6 : 2 = 0.8354
  -- 6 : 3 = 0.9392
  -- 6 : 4 = 0.7517
  -- 6 : 5 = 0.3135
  -- 6 : 6 = 0.9849
  -- 6 : 7 = 0.3209
  -- 6 : 8 = 0.2097
  -- 6 : 9 = 0.3725
  -- 7 : 1 = 0.6275
  -- 7 : 2 = 0.9012
  -- 7 : 3 = 0.8137
  -- 7 : 4 = 0.4112
  -- 7 : 5 = 0.0729
  -- 7 : 6 = 0.9858
  -- 7 : 7 = 0.257
  -- 7 : 8 = 0.8953
  -- 7 : 9 = 0.2025
  -- 8 : 1 = 0.5644
  -- 8 : 2 = 0.2463
  -- 8 : 3 = 0.1303
  -- 8 : 4 = 0.6762
  -- 8 : 5 = 0.907
  -- 8 : 6 = 0.4765
  -- 8 : 7 = 0.7864
  -- 8 : 8 = 0.7036
  -- 8 : 9 = 0.1907
  -- 9 : 1 = 0.6986
  -- 9 : 2 = 0.0034
  -- 9 : 3 = 0.4803
  -- 9 : 4 = 0.7315
  -- 9 : 5 = 0.2794
  -- 9 : 6 = 0.2209
  -- 9 : 7 = 0.8278
  -- 9 : 8 = 0.3434
  -- 9 : 9 = 0.241
  -- 10 : 1 = 0.093
  -- 10 : 2 = 0.5218
  -- 10 : 3 = 0.9547
  -- 10 : 4 = 0.4545
  -- 10 : 5 = 0.0335
  -- 10 : 6 = 0.2341
  -- 10 : 7 = 0.5557
  -- 10 : 8 = 0.3587
  -- 10 : 9 = 0.8587
  Inner Net 2
  -- 1 : 1 = 0.024
  -- 1 : 2 = 0.43
  -- 2 : 1 = 0.336
  -- 2 : 2 = 0.4489
  -- 3 : 1 = -0.0608427
  -- 3 : 2 = 0.1635
  -- 4 : 1 = 0.0068
  -- 4 : 2 = 0.3584
  -- 5 : 1 = -0.1968
  -- 5 : 2 = 0.1321
  -- 6 : 1 = 0.1569
  -- 6 : 2 = 0.1282
  -- 7 : 1 = 0.0745
  -- 7 : 2 = -0.279805
  -- 8 : 1 = 0.0394
  -- 8 : 2 = 0.2109
  -- 9 : 1 = 0.4244
  -- 9 : 2 = 0.0928
Out\Act	False		True
False	0.0323655	0.809614	0.84198
True	0.00285578	0.155164	0.15802
	0.0352213	0.964779
	Accuracy [ (tp + tn) / testSize ]: 0.18753
	Precision [ tp / (tp + fp) ]:      0.16075
	Sensitivity [ tp / (tp + fn) ]:    0.978979
	Specificity [ tn / (tn + fp) ]:    0.0384181
	F-Score [ 2tp / (2tp + fp + fn) ]: 0.276271
Particle (1):: Fit: 51.0861	PB: 51.0861	LB: 56.167	GB: 124.093	Conf: 2	Pts: 55198
Particle (6):: Fit: 57.53	PB: 57.53	LB: 57.53	GB: 124.093	Conf: 2	Pts: 85198
Particle (7):: Fit: 57.9824	PB: 57.9824	LB: 106.598	GB: 124.093	Conf: 2	Pts: 80198
Particle (9):: Fit: 49.6747	PB: 49.6747	LB: 106.598	GB: 124.093	Conf: 2	Pts: 55198
Particle (10):: Fit: 109.814	PB: 109.814	LB: 109.814	GB: 124.093	Conf: 1.8307	Pts: 100198
Particle (15):: Fit: 56.167	PB: 56.167	LB: 113.349	GB: 124.093	Conf: 2	Pts: 65198
Particle (18):: Fit: 115.274	PB: 115.274	LB: 115.274	GB: 124.093	Conf: 1.90855	Pts: 145198
Particle (19):: Fit: 107.948	PB: 107.948	LB: 115.274	GB: 124.093	Conf: 1.91132	Pts: 55198
Particle (20):: Fit: 105.192	PB: 105.192	LB: 116.385	GB: 124.093	Conf: 1.81495	Pts: 55198
Particle (21):: Fit: 57.0905	PB: 57.0905	LB: 116.385	GB: 124.093	Conf: 1.98327	Pts: 65198
Particle (23):: Fit: 123.791	PB: 123.791	LB: 123.791	GB: 124.093	Conf: 1.74854	Pts: 105198
Particle (24):: Fit: 11.5606	PB: 11.5606	LB: 123.791	GB: 124.093	Conf: 0.785317	Pts: 55197
Particle (26):: Fit: 100.234	PB: 100.234	LB: 123.791	GB: 124.093	Conf: 1.96671	Pts: 55198
Particle (29):: Fit: 106.87	PB: 106.87	LB: 116.385	GB: 124.093	Conf: 1.83959	Pts: 70198
Particle (30):: Fit: 52.9499	PB: 52.9499	LB: 107.881	GB: 124.093	Conf: 2	Pts: 55198
Particle (33):: Fit: 98.3322	PB: 98.3322	LB: 107.881	GB: 124.093	Conf: 1.01233	Pts: 55198
Particle (34):: Fit: 56.167	PB: 56.167	LB: 107.881	GB: 124.093	Conf: 2	Pts: 60198
Particle (37):: Fit: 120.717	PB: 120.717	LB: 120.717	GB: 124.093	Conf: 1.98623	Pts: 125198
Particle (38):: Fit: 55.2719	PB: 55.2719	LB: 120.717	GB: 124.093	Conf: 1.98805	Pts: 55198
Particle (39):: Fit: 52.9499	PB: 52.9499	LB: 120.717	GB: 124.093	Conf: 2	Pts: 55198
Particle (41):: Fit: 55.2855	PB: 55.2855	LB: 124.093	GB: 124.093	Conf: 1.97132	Pts: 50198
Particle (42):: Fit: 56.631	PB: 56.631	LB: 124.093	GB: 124.093	Conf: 1.94181	Pts: 50198
Particle (44):: Fit: 58.2754	PB: 58.2754	LB: 124.093	GB: 124.093	Conf: 0.772536	Pts: 50198
Particle (45):: Fit: 54.7948	PB: 54.7948	LB: 124.093	GB: 124.093	Conf: 2	Pts: 50198
Particle (47):: Fit: 54.3352	PB: 54.3352	LB: 124.093	GB: 124.093	Conf: 2	Pts: 50198
Particle (49):: Fit: 53.8746	PB: 53.8746	LB: 124.093	GB: 124.093	Conf: 2	Pts: 50198
Particle (5):: Fit: 61.5766	PB: 61.5766	LB: 109.814	GB: 124.093	Conf: 0.634755	Pts: 75196
Particle (17):: Fit: 56.6858	PB: 56.6858	LB: 115.274	GB: 124.093	Conf: 1.90653	Pts: 55197
Particle (27):: Fit: 114.299	PB: 114.299	LB: 123.791	GB: 124.093	Conf: 1.80933	Pts: 70197
Particle (28):: Fit: 54.074	PB: 54.074	LB: 116.385	GB: 124.093	Conf: 0.126071	Pts: 55197
Particle (30):: Fit: 56.167	PB: 56.167	LB: 114.299	GB: 124.093	Conf: 2	Pts: 55297
Particle (32):: Fit: 58.0858	PB: 58.0858	LB: 120.717	GB: 124.093	Conf: 1.98897	Pts: 55197
Particle (38):: Fit: 56.658	PB: 56.658	LB: 120.717	GB: 124.093	Conf: 1.97227	Pts: 55297
Particle (39):: Fit: 53.8746	PB: 53.8746	LB: 120.717	GB: 124.093	Conf: 2	Pts: 55297
Particle (44):: Fit: 69.163	PB: 69.163	LB: 124.093	GB: 124.093	Conf: 0.68661	Pts: 50297
Particle (47):: Fit: 116.114	PB: 116.114	LB: 124.093	GB: 124.093	Conf: 1.98792	Pts: 55297
Particle (1):: Fit: 55.7106	PB: 55.7106	LB: 116.114	GB: 124.093	Conf: 2	Pts: 55296
Particle (3):: Fit: 56.7228	PB: 56.7228	LB: 61.5766	GB: 124.093	Conf: 1.91341	Pts: 55196
Particle (4):: Fit: 56.6223	PB: 56.6223	LB: 61.5766	GB: 124.093	Conf: 2	Pts: 55196
Particle (9):: Fit: 55.2532	PB: 55.2532	LB: 109.814	GB: 124.093	Conf: 2	Pts: 55296
Particle (14):: Fit: 54.8502	PB: 54.8502	LB: 115.274	GB: 124.093	Conf: 1.98749	Pts: 60196
Particle (24):: Fit: 58.1255	PB: 58.1255	LB: 123.791	GB: 124.093	Conf: 0.774751	Pts: 55294
Particle (39):: Fit: 57.9824	PB: 57.9824	LB: 120.717	GB: 124.093	Conf: 2	Pts: 55396
Particle (43):: Fit: 115.653	PB: 115.653	LB: 124.093	GB: 124.093	Conf: 1.5391	Pts: 80196
Particle (48):: Fit: 55.7106	PB: 55.7106	LB: 124.093	GB: 124.093	Conf: 2	Pts: 50196
Particle (10):: Fit: 114.527	PB: 114.527	LB: 114.527	GB: 124.093	Conf: 1.89316	Pts: 140295
Particle (13):: Fit: 53.8746	PB: 53.8746	LB: 115.274	GB: 124.093	Conf: 2	Pts: 55195
Particle (16):: Fit: 111.323	PB: 111.323	LB: 115.274	GB: 124.093	Conf: 1.75338	Pts: 70195
Particle (17):: Fit: 106.529	PB: 106.529	LB: 115.274	GB: 124.093	Conf: 1.89083	Pts: 55295
Particle (26):: Fit: 119.806	PB: 119.806	LB: 123.791	GB: 124.093	Conf: 1.98914	Pts: 70295
Particle (27):: Fit: 118.986	PB: 118.986	LB: 123.791	GB: 124.093	Conf: 1.85252	Pts: 75295
Particle (28):: Fit: 54.137	PB: 54.137	LB: 119.806	GB: 124.093	Conf: 0.181033	Pts: 55294
Particle (31):: Fit: 116.268	PB: 116.268	LB: 118.986	GB: 124.093	Conf: 1.84032	Pts: 80195
Particle (19):: Fit: 109.559	PB: 109.559	LB: 123.791	GB: 124.093	Conf: 1.95485	Pts: 55294
Particle (36):: Fit: 110.083	PB: 110.083	LB: 120.717	GB: 124.093	Conf: 1.92938	Pts: 75194
Particle (38):: Fit: 107.106	PB: 107.106	LB: 120.717	GB: 124.093	Conf: 1.94646	Pts: 55394
Particle (41):: Fit: 57.9824	PB: 57.9824	LB: 124.093	GB: 124.093	Conf: 2	Pts: 50294
Particle (48):: Fit: 56.6223	PB: 56.6223	LB: 124.093	GB: 124.093	Conf: 2	Pts: 50294
Particle (49):: Fit: 55.2532	PB: 55.2532	LB: 124.093	GB: 124.093	Conf: 2	Pts: 50294
Particle (2):: Fit: 55.7106	PB: 55.7106	LB: 61.5766	GB: 124.093	Conf: 2	Pts: 60193
Particle (13):: Fit: 54.3352	PB: 54.3352	LB: 115.274	GB: 124.093	Conf: 2	Pts: 55293
Particle (14):: Fit: 55.3239	PB: 55.3239	LB: 115.274	GB: 124.093	Conf: 1.98457	Pts: 60293
Particle (19):: Fit: 123.753	PB: 123.753	LB: 123.791	GB: 124.093	Conf: 1.94831	Pts: 75393
Particle (45):: Fit: 57.0766	PB: 57.0766	LB: 124.093	GB: 124.093	Conf: 2	Pts: 50293
Particle (0):: Fit: 118.879	PB: 118.879	LB: 124.093	GB: 124.093	Conf: 1.9854	Pts: 130192
Particle (1):: Fit: 56.6223	PB: 56.6223	LB: 118.879	GB: 124.093	Conf: 2	Pts: 55392
Particle (2):: Fit: 56.167	PB: 56.167	LB: 118.879	GB: 124.093	Conf: 2	Pts: 60292
Particle (7):: Fit: 113.299	PB: 113.299	LB: 114.527	GB: 124.093	Conf: 1.98136	Pts: 80292
Particle (8):: Fit: 54.7948	PB: 54.7948	LB: 114.527	GB: 124.093	Conf: 2	Pts: 75192
Particle (33):: Fit: 102.071	PB: 102.071	LB: 120.717	GB: 124.093	Conf: 0.854773	Pts: 55292
Particle (37):: Fit: 127.102	PB: 127.102	LB: 127.102	GB: 127.102	Conf: 1.97538	Pts: 185292
Global: 127.102 - Correct: 41% of 100 tests
Global Best: 
  Inner Net 1
  -- 1 : 1 = 0.6254
  -- 1 : 2 = 0.1748
  -- 1 : 3 = 0.8798
  -- 1 : 4 = 0.9123
  -- 1 : 5 = 0.9452
  -- 1 : 6 = 0.1606
  -- 1 : 7 = 0.308
  -- 1 : 8 = 0.4694
  -- 1 : 9 = 0.0479
  -- 2 : 1 = 0.713
  -- 2 : 2 = 0.3704
  -- 2 : 3 = 0.176
  -- 2 : 4 = 0.4897
  -- 2 : 5 = 0.4814
  -- 2 : 6 = 0.802
  -- 2 : 7 = 0.7999
  -- 2 : 8 = 0.9642
  -- 2 : 9 = 0.1858
  -- 3 : 1 = 0.1102
  -- 3 : 2 = 0.6253
  -- 3 : 3 = 0.4092
  -- 3 : 4 = 0.9131
  -- 3 : 5 = 0.8185
  -- 3 : 6 = 0.261
  -- 3 : 7 = 0.9742
  -- 3 : 8 = 0.8629
  -- 3 : 9 = 0.7451
  -- 4 : 1 = 0.4233
  -- 4 : 2 = 0.4828
  -- 4 : 3 = 0.3468
  -- 4 : 4 = 0.2468
  -- 4 : 5 = 0.1287
  -- 4 : 6 = 0.0333
  -- 4 : 7 = 0.4188
  -- 4 : 8 = 0.2446
  -- 4 : 9 = 0.1721
  -- 5 : 1 = 0.2037
  -- 5 : 2 = 0.2631
  -- 5 : 3 = 0.8548
  -- 5 : 4 = 0.8366
  -- 5 : 5 = 0.6107
  -- 5 : 6 = 0.3335
  -- 5 : 7 = 0.6568
  -- 5 : 8 = 0.031
  -- 5 : 9 = 0.7357
  -- 6 : 1 = 0.8789
  -- 6 : 2 = 0.312
  -- 6 : 3 = 0.5864
  -- 6 : 4 = 0.9363
  -- 6 : 5 = 0.7242
  -- 6 : 6 = 0.9521
  -- 6 : 7 = 0.1418
  -- 6 : 8 = 0.3874
  -- 6 : 9 = 0.7267
  -- 7 : 1 = 0.4511
  -- 7 : 2 = 0.4364
  -- 7 : 3 = 0.1475
  -- 7 : 4 = 0.7786
  -- 7 : 5 = 0.874
  -- 7 : 6 = 0.6742
  -- 7 : 7 = 0.8787
  -- 7 : 8 = 0.2195
  -- 7 : 9 = 0.1103
  -- 8 : 1 = 0.4548
  -- 8 : 2 = 0.4619
  -- 8 : 3 = 0.5764
  -- 8 : 4 = 0.6014
  -- 8 : 5 = 0.3022
  -- 8 : 6 = 0.8658
  -- 8 : 7 = 0.5577
  -- 8 : 8 = 0.9375
  -- 8 : 9 = 0.8589
  -- 9 : 1 = 0.3138
  -- 9 : 2 = 0.3414
  -- 9 : 3 = 0.6963
  -- 9 : 4 = 0.6667
  -- 9 : 5 = 0.412
  -- 9 : 6 = 0.1135
  -- 9 : 7 = 0.882
  -- 9 : 8 = 0.3099
  -- 9 : 9 = 0.792
  -- 10 : 1 = 0.2516
  -- 10 : 2 = 0.5849
  -- 10 : 3 = 0.1801
  -- 10 : 4 = 0.6081
  -- 10 : 5 = 0.9873
  -- 10 : 6 = 0.988
  -- 10 : 7 = 0.4866
  -- 10 : 8 = 0.1493
  -- 10 : 9 = 0.0645
  Inner Net 2
  -- 1 : 1 = -0.581544
  -- 1 : 2 = 0.248122
  -- 2 : 1 = -0.199639
  -- 2 : 2 = 0.271049
  -- 3 : 1 = -0.0488153
  -- 3 : 2 = 0.119991
  -- 4 : 1 = -0.218978
  -- 4 : 2 = 0.0296179
  -- 5 : 1 = -0.0159446
  -- 5 : 2 = 0.0243028
  -- 6 : 1 = -0.633995
  -- 6 : 2 = -0.146461
  -- 7 : 1 = -0.282884
  -- 7 : 2 = -0.229603
  -- 8 : 1 = 0.300804
  -- 8 : 2 = -0.242801
  -- 9 : 1 = -0.0939391
  -- 9 : 2 = -0.225659
Out\Act	False		True
False	0.84198	0	0.84198
True	0.15802	0	0.15802
	1	0
	Accuracy [ (tp + tn) / testSize ]: 0.84198
	Precision [ tp / (tp + fp) ]:      0
	Sensitivity [ tp / (tp + fn) ]:    0
	Specificity [ tn / (tn + fp) ]:    0.999435
	F-Score [ 2tp / (2tp + fp + fn) ]: 0
Particle (13):: Fit: 56.167	PB: 56.167	LB: 115.274	GB: 127.102	Conf: 2	Pts: 55391
Particle (17):: Fit: 113.158	PB: 113.158	LB: 123.753	GB: 127.102	Conf: 1.96192	Pts: 55390
Particle (20):: Fit: 110.46	PB: 110.46	LB: 123.791	GB: 127.102	Conf: 1.7622	Pts: 55290
Particle (22):: Fit: 57.0766	PB: 57.0766	LB: 123.791	GB: 127.102	Conf: 2	Pts: 55190
Particle (29):: Fit: 107.043	PB: 107.043	LB: 119.806	GB: 127.102	Conf: 1.91326	Pts: 70290
Particle (30):: Fit: 114.251	PB: 114.251	LB: 119.806	GB: 127.102	Conf: 1.98577	Pts: 55390
Particle (33):: Fit: 114.435	PB: 114.435	LB: 127.102	GB: 127.102	Conf: 0.908183	Pts: 55390
Particle (41):: Fit: 116.11	PB: 116.11	LB: 127.102	GB: 127.102	Conf: 1.98606	Pts: 50390
Particle (42):: Fit: 113.331	PB: 113.331	LB: 124.093	GB: 127.102	Conf: 1.97964	Pts: 50290
Particle (8):: Fit: 58.4338	PB: 58.4338	LB: 114.527	GB: 127.102	Conf: 2	Pts: 75289
Particle (10):: Fit: 118.671	PB: 118.671	LB: 118.671	GB: 127.102	Conf: 1.81531	Pts: 185389
Particle (18):: Fit: 117.177	PB: 117.177	LB: 123.791	GB: 127.102	Conf: 1.65081	Pts: 145289
Particle (21):: Fit: 57.9996	PB: 57.9996	LB: 123.791	GB: 127.102	Conf: 1.98471	Pts: 65289
Particle (49):: Fit: 56.167	PB: 56.167	LB: 124.093	GB: 127.102	Conf: 2	Pts: 50389
Particle (46):: Fit: 124.69	PB: 124.69	LB: 124.69	GB: 127.102	Conf: 0.826388	Pts: 155187
Particle (2):: Fit: 57.0766	PB: 57.0766	LB: 118.879	GB: 127.102	Conf: 2	Pts: 60387
Particle (4):: Fit: 112.392	PB: 112.392	LB: 118.879	GB: 127.102	Conf: 1.96279	Pts: 55287
Particle (14):: Fit: 55.7829	PB: 55.7829	LB: 123.753	GB: 127.102	Conf: 1.98731	Pts: 60387
Particle (29):: Fit: 113.946	PB: 113.946	LB: 119.806	GB: 127.102	Conf: 1.86001	Pts: 70387
Particle (15):: Fit: 56.6223	PB: 56.6223	LB: 123.753	GB: 127.102	Conf: 2	Pts: 65286
Particle (35):: Fit: 55.2532	PB: 55.2532	LB: 127.102	GB: 127.102	Conf: 2	Pts: 55186
Particle (3):: Fit: 97.1789	PB: 97.1789	LB: 118.879	GB: 127.102	Conf: 1.83838	Pts: 55285
Particle (7):: Fit: 114.252	PB: 114.252	LB: 118.671	GB: 127.102	Conf: 1.98619	Pts: 80385
Particle (18):: Fit: 122.134	PB: 122.134	LB: 123.791	GB: 127.102	Conf: 1.81169	Pts: 150385
Particle (30):: Fit: 117.041	PB: 117.041	LB: 119.806	GB: 127.102	Conf: 1.98828	Pts: 55485
Particle (40):: Fit: 58.4338	PB: 58.4338	LB: 127.102	GB: 127.102	Conf: 2	Pts: 65185
Particle (16):: Fit: 111.841	PB: 111.841	LB: 123.753	GB: 127.102	Conf: 1.72008	Pts: 70284
Particle (48):: Fit: 57.0766	PB: 57.0766	LB: 124.69	GB: 127.102	Conf: 2	Pts: 50384
Particle (14):: Fit: 56.6223	PB: 56.6223	LB: 123.753	GB: 127.102	Conf: 2	Pts: 60483
Particle (10):: Fit: 120.051	PB: 120.051	LB: 120.051	GB: 127.102	Conf: 1.95265	Pts: 225482
Particle (11):: Fit: 57.53	PB: 57.53	LB: 120.051	GB: 127.102	Conf: 2	Pts: 95182
Particle (3):: Fit: 111.104	PB: 111.104	LB: 118.879	GB: 127.102	Conf: 1.96252	Pts: 55381
Particle (14):: Fit: 57.0863	PB: 57.0863	LB: 123.753	GB: 127.102	Conf: 1.9814	Pts: 60581
Particle (31):: Fit: 121.32	PB: 121.32	LB: 121.32	GB: 127.102	Conf: 1.68267	Pts: 100281
Particle (34):: Fit: 57.53	PB: 57.53	LB: 127.102	GB: 127.102	Conf: 2	Pts: 60280
Particle (12):: Fit: 114.213	PB: 114.213	LB: 120.051	GB: 127.102	Conf: 1.3679	Pts: 110179
Particle (13):: Fit: 56.6223	PB: 56.6223	LB: 122.134	GB: 127.102	Conf: 2	Pts: 55479
Particle (17):: Fit: 117.618	PB: 117.618	LB: 123.753	GB: 127.102	Conf: 1.85677	Pts: 55478
Particle (46):: Fit: 129.59	PB: 129.59	LB: 129.59	GB: 129.59	Conf: 0.72756	Pts: 215277
Particle (49):: Fit: 56.6223	PB: 56.6223	LB: 129.59	GB: 129.59	Conf: 2	Pts: 50478
Global: 129.59 - Correct: 61% of 100 tests
Global Best: 
  Inner Net 1
  -- 1 : 1 = 0.1648
  -- 1 : 2 = 0.507
  -- 1 : 3 = 0.6371
  -- 1 : 4 = 0.1796
  -- 1 : 5 = 0.0931
  -- 1 : 6 = 0.6898
  -- 1 : 7 = 0.2447
  -- 1 : 8 = 0.3724
  -- 1 : 9 = 0.0453
  -- 2 : 1 = 0.0891
  -- 2 : 2 = 0.1639
  -- 2 : 3 = 0.9483
  -- 2 : 4 = 0.4951
  -- 2 : 5 = 0.9684
  -- 2 : 6 = 0.8044
  -- 2 : 7 = 0.1001
  -- 2 : 8 = 0.0034
  -- 2 : 9 = 0.9556
  -- 3 : 1 = 0.8026
  -- 3 : 2 = 0.4261
  -- 3 : 3 = 0.0441
  -- 3 : 4 = 0.8003
  -- 3 : 5 = 0.1145
  -- 3 : 6 = 0.7161
  -- 3 : 7 = 0.0555
  -- 3 : 8 = 0.2494
  -- 3 : 9 = 0.12
  -- 4 : 1 = 0.7136
  -- 4 : 2 = 0.6093
  -- 4 : 3 = 0.8668
  -- 4 : 4 = 0.1273
  -- 4 : 5 = 0.0068
  -- 4 : 6 = 0.7608
  -- 4 : 7 = 0.2161
  -- 4 : 8 = 0.3595
  -- 4 : 9 = 0.6108
  -- 5 : 1 = 0.331
  -- 5 : 2 = 0.0451
  -- 5 : 3 = 0.1315
  -- 5 : 4 = 0.0966
  -- 5 : 5 = 0.4803
  -- 5 : 6 = 0.9532
  -- 5 : 7 = 0.49
  -- 5 : 8 = 0.0002
  -- 5 : 9 = 0.1066
  -- 6 : 1 = 0.52
  -- 6 : 2 = 0.8354
  -- 6 : 3 = 0.9392
  -- 6 : 4 = 0.7517
  -- 6 : 5 = 0.3135
  -- 6 : 6 = 0.9849
  -- 6 : 7 = 0.3209
  -- 6 : 8 = 0.2097
  -- 6 : 9 = 0.3725
  -- 7 : 1 = 0.6275
  -- 7 : 2 = 0.9012
  -- 7 : 3 = 0.8137
  -- 7 : 4 = 0.4112
  -- 7 : 5 = 0.0729
  -- 7 : 6 = 0.9858
  -- 7 : 7 = 0.257
  -- 7 : 8 = 0.8953
  -- 7 : 9 = 0.2025
  -- 8 : 1 = 0.5644
  -- 8 : 2 = 0.2463
  -- 8 : 3 = 0.1303
  -- 8 : 4 = 0.6762
  -- 8 : 5 = 0.907
  -- 8 : 6 = 0.4765
  -- 8 : 7 = 0.7864
  -- 8 : 8 = 0.7036
  -- 8 : 9 = 0.1907
  -- 9 : 1 = 0.6986
  -- 9 : 2 = 0.0034
  -- 9 : 3 = 0.4803
  -- 9 : 4 = 0.7315
  -- 9 : 5 = 0.2794
  -- 9 : 6 = 0.2209
  -- 9 : 7 = 0.8278
  -- 9 : 8 = 0.3434
  -- 9 : 9 = 0.241
  -- 10 : 1 = 0.093
  -- 10 : 2 = 0.5218
  -- 10 : 3 = 0.9547
  -- 10 : 4 = 0.4545
  -- 10 : 5 = 0.0335
  -- 10 : 6 = 0.2341
  -- 10 : 7 = 0.5557
  -- 10 : 8 = 0.3587
  -- 10 : 9 = 0.8587
  Inner Net 2
  -- 1 : 1 = 0.0908267
  -- 1 : 2 = 0.0389432
  -- 2 : 1 = 0.556533
  -- 2 : 2 = -0.0439846
  -- 3 : 1 = 0.106176
  -- 3 : 2 = -0.00248979
  -- 4 : 1 = -0.152113
  -- 4 : 2 = 0.45825
  -- 5 : 1 = -0.20916
  -- 5 : 2 = -0.0577583
  -- 6 : 1 = -0.252236
  -- 6 : 2 = 0.34873
  -- 7 : 1 = 0.0730023
  -- 7 : 2 = -0.268155
  -- 8 : 1 = 0.0449823
  -- 8 : 2 = -0.155498
  -- 9 : 1 = 0.200312
  -- 9 : 2 = 0.337645
Out\Act	False		True
False	0.0323655	0.809614	0.84198
True	0.00285578	0.155164	0.15802
	0.0352213	0.964779
	Accuracy [ (tp + tn) / testSize ]: 0.18753
	Precision [ tp / (tp + fp) ]:      0.16075
	Sensitivity [ tp / (tp + fn) ]:    0.978979
	Specificity [ tn / (tn + fp) ]:    0.0384181
	F-Score [ 2tp / (2tp + fp + fn) ]: 0.276271
Particle (16):: Fit: 113.584	PB: 113.584	LB: 123.753	GB: 129.59	Conf: 1.63569	Pts: 70377
Particle (43):: Fit: 120.79	PB: 120.79	LB: 129.59	GB: 129.59	Conf: 1.71384	Pts: 80277
Particle (45):: Fit: 57.9824	PB: 57.9824	LB: 129.59	GB: 129.59	Conf: 2	Pts: 50377
Particle (47):: Fit: 120.719	PB: 120.719	LB: 129.59	GB: 129.59	Conf: 1.98692	Pts: 60377
Particle (13):: Fit: 57.53	PB: 57.53	LB: 122.134	GB: 129.59	Conf: 2	Pts: 55576
Particle (12):: Fit: 121.184	PB: 121.184	LB: 121.184	GB: 129.59	Conf: 1.44943	Pts: 140275
Particle (21):: Fit: 116.166	PB: 116.166	LB: 123.791	GB: 129.59	Conf: 1.97565	Pts: 65375
Particle (36):: Fit: 117.564	PB: 117.564	LB: 127.102	GB: 129.59	Conf: 1.94553	Pts: 75275
Particle (43):: Fit: 129.501	PB: 129.501	LB: 129.59	GB: 129.59	Conf: 1.73509	Pts: 95375
Particle (49):: Fit: 108.614	PB: 108.614	LB: 129.59	GB: 129.59	Conf: 1.98517	Pts: 50575
Particle (9):: Fit: 56.6223	PB: 56.6223	LB: 121.184	GB: 129.59	Conf: 2	Pts: 55374
Particle (31):: Fit: 122.258	PB: 122.258	LB: 122.258	GB: 129.59	Conf: 1.78081	Pts: 120374
Particle (31):: Fit: 124.786	PB: 124.786	LB: 124.786	GB: 129.59	Conf: 1.7889	Pts: 150473
Particle (39):: Fit: 99.3908	PB: 99.3908	LB: 129.501	GB: 129.59	Conf: 1.95445	Pts: 55473
Particle (16):: Fit: 117.225	PB: 117.225	LB: 123.753	GB: 129.59	Conf: 1.58445	Pts: 70472
Particle (10):: Fit: 121.332	PB: 121.332	LB: 121.332	GB: 129.59	Conf: 1.90881	Pts: 265571
Particle (7):: Fit: 114.254	PB: 114.254	LB: 121.332	GB: 129.59	Conf: 1.98701	Pts: 80470
Particle (28):: Fit: 54.2734	PB: 54.2734	LB: 124.786	GB: 129.59	Conf: 0.642914	Pts: 55362
Particle (1):: Fit: 57.9824	PB: 57.9824	LB: 120.719	GB: 129.59	Conf: 2	Pts: 55469
Particle (21):: Fit: 117.961	PB: 117.961	LB: 123.791	GB: 129.59	Conf: 1.98664	Pts: 65469
Particle (36):: Fit: 127.743	PB: 127.743	LB: 127.743	GB: 129.59	Conf: 1.9127	Pts: 110369
Particle (15):: Fit: 118.971	PB: 118.971	LB: 123.753	GB: 129.59	Conf: 1.97137	Pts: 65367
Particle (20):: Fit: 115.616	PB: 115.616	LB: 123.791	GB: 129.59	Conf: 1.79406	Pts: 55367
Particle (29):: Fit: 115.067	PB: 115.067	LB: 124.786	GB: 129.59	Conf: 1.95335	Pts: 70467
Particle (14):: Fit: 57.53	PB: 57.53	LB: 123.753	GB: 129.59	Conf: 2	Pts: 60666
Particle (10):: Fit: 126.821	PB: 126.821	LB: 126.821	GB: 129.59	Conf: 1.9308	Pts: 315665
Particle (35):: Fit: 57.9824	PB: 57.9824	LB: 127.743	GB: 129.59	Conf: 2	Pts: 55265
Particle (42):: Fit: 121.604	PB: 121.604	LB: 129.59	GB: 129.59	Conf: 1.98082	Pts: 50365
Particle (17):: Fit: 120.269	PB: 120.269	LB: 123.753	GB: 129.59	Conf: 1.94724	Pts: 55563
Particle (20):: Fit: 117.259	PB: 117.259	LB: 123.791	GB: 129.59	Conf: 1.64224	Pts: 55461
Particle (2):: Fit: 58.8844	PB: 58.8844	LB: 118.879	GB: 129.59	Conf: 2	Pts: 60460
Particle (28):: Fit: 55.7428	PB: 55.7428	LB: 124.786	GB: 129.59	Conf: 0.60035	Pts: 55451
Particle (11):: Fit: 57.9824	PB: 57.9824	LB: 126.821	GB: 129.59	Conf: 2	Pts: 95259
Particle (38):: Fit: 117.964	PB: 117.964	LB: 129.501	GB: 129.59	Conf: 1.98817	Pts: 55458
Particle (9):: Fit: 57.0766	PB: 57.0766	LB: 126.821	GB: 129.59	Conf: 2	Pts: 55457
Particle (39):: Fit: 109.525	PB: 109.525	LB: 129.501	GB: 129.59	Conf: 1.97988	Pts: 55556
Particle (28):: Fit: 58.1536	PB: 58.1536	LB: 124.786	GB: 129.59	Conf: 0.699453	Pts: 55545
Particle (14):: Fit: 57.9824	PB: 57.9824	LB: 126.821	GB: 129.59	Conf: 2	Pts: 60754
Particle (34):: Fit: 57.9824	PB: 57.9824	LB: 127.743	GB: 129.59	Conf: 2	Pts: 60354
Particle (0):: Fit: 118.882	PB: 118.882	LB: 129.59	GB: 129.59	Conf: 1.98659	Pts: 145253
Particle (20):: Fit: 118.349	PB: 118.349	LB: 123.791	GB: 129.59	Conf: 1.70791	Pts: 55553
Particle (20):: Fit: 119.2	PB: 119.2	LB: 123.791	GB: 129.59	Conf: 1.68283	Pts: 55650
Particle (39):: Fit: 113.321	PB: 113.321	LB: 129.501	GB: 129.59	Conf: 1.98706	Pts: 55649
Particle (45):: Fit: 58.4338	PB: 58.4338	LB: 129.59	GB: 129.59	Conf: 2	Pts: 50449
Particle (49):: Fit: 113.308	PB: 113.308	LB: 129.59	GB: 129.59	Conf: 1.98319	Pts: 50646
Particle (33):: Fit: 120.996	PB: 120.996	LB: 127.743	GB: 129.59	Conf: 0.603049	Pts: 55445
Particle (5):: Fit: 67.0341	PB: 67.0341	LB: 126.821	GB: 129.59	Conf: 0.943522	Pts: 75235
Particle (11):: Fit: 115.185	PB: 115.185	LB: 126.821	GB: 129.59	Conf: 1.98705	Pts: 95343
Particle (31):: Fit: 126.676	PB: 126.676	LB: 127.743	GB: 129.59	Conf: 1.74946	Pts: 175543
Particle (25):: Fit: 119.938	PB: 119.938	LB: 123.791	GB: 129.59	Conf: 1.39686	Pts: 110142
Particle (34):: Fit: 59.334	PB: 59.334	LB: 127.743	GB: 129.59	Conf: 2	Pts: 60441
Particle (39):: Fit: 117.964	PB: 117.964	LB: 129.501	GB: 129.59	Conf: 1.98845	Pts: 55741
Particle (39):: Fit: 118.03	PB: 118.03	LB: 129.501	GB: 129.59	Conf: 1.97735	Pts: 55835
Particle (10):: Fit: 127.309	PB: 127.309	LB: 127.309	GB: 129.59	Conf: 1.94859	Pts: 365734
Particle (13):: Fit: 58.4338	PB: 58.4338	LB: 127.309	GB: 129.59	Conf: 2	Pts: 55634
Particle (3):: Fit: 111.45	PB: 111.45	LB: 118.882	GB: 129.59	Conf: 1.97236	Pts: 55430
Particle (9):: Fit: 57.9824	PB: 57.9824	LB: 127.309	GB: 129.59	Conf: 2	Pts: 55531
Particle (30):: Fit: 120.714	PB: 120.714	LB: 126.676	GB: 129.59	Conf: 1.98523	Pts: 55530
Particle (5):: Fit: 67.2735	PB: 67.2735	LB: 127.309	GB: 129.59	Conf: 0.856881	Pts: 75318
Particle (22):: Fit: 57.9824	PB: 57.9824	LB: 123.791	GB: 129.59	Conf: 2	Pts: 55226
Particle (11):: Fit: 116.109	PB: 116.109	LB: 127.309	GB: 129.59	Conf: 1.98548	Pts: 95424
Particle (15):: Fit: 119.778	PB: 119.778	LB: 123.753	GB: 129.59	Conf: 1.98164	Pts: 65422
Particle (49):: Fit: 117.041	PB: 117.041	LB: 129.59	GB: 129.59	Conf: 1.98862	Pts: 50722
Particle (14):: Fit: 58.0145	PB: 58.0145	LB: 127.309	GB: 129.59	Conf: 1.96813	Pts: 60821
Particle (6):: Fit: 57.9824	PB: 57.9824	LB: 127.309	GB: 129.59	Conf: 2	Pts: 85219
Particle (39):: Fit: 124.504	PB: 124.504	LB: 129.501	GB: 129.59	Conf: 1.97194	Pts: 55920
Particle (49):: Fit: 123.461	PB: 123.461	LB: 129.59	GB: 129.59	Conf: 1.98854	Pts: 65819
Particle (38):: Fit: 118.865	PB: 118.865	LB: 129.501	GB: 129.59	Conf: 1.98245	Pts: 55516
Particle (32):: Fit: 58.8844	PB: 58.8844	LB: 127.743	GB: 129.59	Conf: 2	Pts: 55215
Particle (28):: Fit: 58.4594	PB: 58.4594	LB: 126.676	GB: 129.59	Conf: 0.964529	Pts: 55592
Particle (14):: Fit: 58.4619	PB: 58.4619	LB: 127.309	GB: 129.59	Conf: 1.96542	Pts: 60909
Particle (23):: Fit: 125.026	PB: 125.026	LB: 125.026	GB: 129.59	Conf: 1.76371	Pts: 145207
Particle (41):: Fit: 121.635	PB: 121.635	LB: 129.59	GB: 129.59	Conf: 1.98741	Pts: 50407
Particle (29):: Fit: 118.867	PB: 118.867	LB: 126.676	GB: 129.59	Conf: 1.91202	Pts: 70500
Particle (20):: Fit: 119.676	PB: 119.676	LB: 125.026	GB: 129.59	Conf: 1.77078	Pts: 55698
Particle (21):: Fit: 120.74	PB: 120.74	LB: 125.026	GB: 129.59	Conf: 1.96417	Pts: 65499
Particle (45):: Fit: 58.8844	PB: 58.8844	LB: 129.59	GB: 129.59	Conf: 2	Pts: 50499
Particle (2):: Fit: 77.4024	PB: 77.4024	LB: 123.461	GB: 129.59	Conf: 0.924614	Pts: 60498
Particle (6):: Fit: 103.866	PB: 103.866	LB: 127.309	GB: 129.59	Conf: 0.22667	Pts: 85297
Particle (9):: Fit: 95.9086	PB: 95.9086	LB: 127.309	GB: 129.59	Conf: 0.767356	Pts: 55598
Particle (13):: Fit: 104.974	PB: 104.974	LB: 127.309	GB: 129.59	Conf: 0.892267	Pts: 55698
Particle (14):: Fit: 119.621	PB: 119.621	LB: 127.309	GB: 129.59	Conf: 0.462087	Pts: 60997
Particle (28):: Fit: 114.186	PB: 114.186	LB: 126.676	GB: 129.59	Conf: 0.910399	Pts: 55678
Particle (30):: Fit: 122.272	PB: 122.272	LB: 126.676	GB: 129.59	Conf: 0.854403	Pts: 55598
Particle (34):: Fit: 100.67	PB: 100.67	LB: 127.743	GB: 129.59	Conf: 0.527848	Pts: 60498
Particle (40):: Fit: 91.8532	PB: 91.8532	LB: 129.501	GB: 129.59	Conf: 0.472147	Pts: 65198
Particle (45):: Fit: 102.578	PB: 102.578	LB: 129.59	GB: 129.59	Conf: 0.539894	Pts: 50598
Particle (2):: Fit: 125.077	PB: 125.077	LB: 125.077	GB: 129.59	Conf: 0.571786	Pts: 80597
Particle (5):: Fit: 86.6017	PB: 86.6017	LB: 127.309	GB: 129.59	Conf: 0.387676	Pts: 75381
Particle (8):: Fit: 62.253	PB: 62.253	LB: 127.309	GB: 129.59	Conf: 0.0483152	Pts: 75297
Particle (24):: Fit: 65.052	PB: 65.052	LB: 125.026	GB: 129.59	Conf: 0.807583	Pts: 55269
Particle (32):: Fit: 61.1286	PB: 61.1286	LB: 127.743	GB: 129.59	Conf: 0.602194	Pts: 55297
Particle (34):: Fit: 104.959	PB: 104.959	LB: 127.743	GB: 129.59	Conf: 0.347761	Pts: 60597
Particle (40):: Fit: 118.842	PB: 118.842	LB: 129.501	GB: 129.59	Conf: 0.497363	Pts: 65297
Particle (48):: Fit: 101.433	PB: 101.433	LB: 129.59	GB: 129.59	Conf: 0.115214	Pts: 50397
Particle (9):: Fit: 112.621	PB: 112.621	LB: 127.309	GB: 129.59	Conf: 0.84663	Pts: 55696
Particle (24):: Fit: 69.2568	PB: 69.2568	LB: 125.026	GB: 129.59	Conf: 0.732191	Pts: 55368
Particle (32):: Fit: 98.9731	PB: 98.9731	LB: 127.743	GB: 129.59	Conf: 0.684006	Pts: 55396
Particle (35):: Fit: 91.0695	PB: 91.0695	LB: 127.743	GB: 129.59	Conf: 0.746559	Pts: 55296
Particle (44):: Fit: 92.5646	PB: 92.5646	LB: 129.59	GB: 129.59	Conf: 0.4047	Pts: 50277
Particle (45):: Fit: 104.212	PB: 104.212	LB: 129.59	GB: 129.59	Conf: 0.641007	Pts: 50696
Particle (1):: Fit: 95.5134	PB: 95.5134	LB: 125.077	GB: 129.59	Conf: 1.90248	Pts: 55495
Particle (6):: Fit: 110.606	PB: 110.606	LB: 127.309	GB: 129.59	Conf: 0.738026	Pts: 85394
Particle (15):: Fit: 123.681	PB: 123.681	LB: 123.753	GB: 129.59	Conf: 0.462738	Pts: 65495
Particle (24):: Fit: 78.0229	PB: 78.0229	LB: 125.026	GB: 129.59	Conf: 0.576378	Pts: 55467
Particle (32):: Fit: 101.938	PB: 101.938	LB: 127.743	GB: 129.59	Conf: 0.324088	Pts: 55495
Particle (5):: Fit: 109.128	PB: 109.128	LB: 127.309	GB: 129.59	Conf: 0.426405	Pts: 75478
Particle (8):: Fit: 114.778	PB: 114.778	LB: 127.309	GB: 129.59	Conf: 0.677627	Pts: 75394
Particle (13):: Fit: 113.141	PB: 113.141	LB: 127.309	GB: 129.59	Conf: 0.49914	Pts: 55794
Particle (1):: Fit: 99.5003	PB: 99.5003	LB: 125.077	GB: 129.59	Conf: 0.605753	Pts: 55593
Particle (5):: Fit: 112.906	PB: 112.906	LB: 127.309	GB: 129.59	Conf: 0.286092	Pts: 75577
Particle (11):: Fit: 122.222	PB: 122.222	LB: 127.309	GB: 129.59	Conf: 0.53953	Pts: 95493
Particle (28):: Fit: 116.162	PB: 116.162	LB: 126.676	GB: 129.59	Conf: 0.529304	Pts: 55773
Particle (45):: Fit: 112.087	PB: 112.087	LB: 129.59	GB: 129.59	Conf: 0.342022	Pts: 50793
Particle (1):: Fit: 112.103	PB: 112.103	LB: 125.077	GB: 129.59	Conf: 0.430231	Pts: 55692
Particle (22):: Fit: 113.067	PB: 113.067	LB: 125.026	GB: 129.59	Conf: 0.819083	Pts: 55291
Particle (45):: Fit: 114.717	PB: 114.717	LB: 129.59	GB: 129.59	Conf: 0.23052	Pts: 50892
Particle (34):: Fit: 107.544	PB: 107.544	LB: 127.743	GB: 129.59	Conf: 0.318474	Pts: 60691
Particle (35):: Fit: 92.1786	PB: 92.1786	LB: 127.743	GB: 129.59	Conf: 0.856915	Pts: 55391
Particle (9):: Fit: 114.686	PB: 114.686	LB: 127.309	GB: 129.59	Conf: 0.821551	Pts: 55790
Particle (24):: Fit: 114.614	PB: 114.614	LB: 125.026	GB: 129.59	Conf: 0.593253	Pts: 55562
Particle (35):: Fit: 95.5218	PB: 95.5218	LB: 127.743	GB: 129.59	Conf: 0.634756	Pts: 55490
Particle (44):: Fit: 93.7109	PB: 93.7109	LB: 129.59	GB: 129.59	Conf: 0.201634	Pts: 50371
Particle (27):: Fit: 120.271	PB: 120.271	LB: 126.676	GB: 129.59	Conf: 0.801575	Pts: 75289
Particle (34):: Fit: 113.827	PB: 113.827	LB: 127.743	GB: 129.59	Conf: 0.393297	Pts: 60789
Particle (45):: Fit: 121.538	PB: 121.538	LB: 129.59	GB: 129.59	Conf: 0.72379	Pts: 50989
Particle (44):: Fit: 106.266	PB: 106.266	LB: 129.59	GB: 129.59	Conf: 0.745753	Pts: 50469
Particle (48):: Fit: 115.202	PB: 115.202	LB: 129.59	GB: 129.59	Conf: 0.0718238	Pts: 50488
Particle (32):: Fit: 106.87	PB: 106.87	LB: 127.743	GB: 129.59	Conf: 0.480157	Pts: 55587
Particle (5):: Fit: 114.824	PB: 114.824	LB: 127.309	GB: 129.59	Conf: 0.321957	Pts: 75670
Particle (18):: Fit: 124.643	PB: 124.643	LB: 125.026	GB: 129.59	Conf: 0.597127	Pts: 165386
Particle (21):: Fit: 127.94	PB: 127.94	LB: 127.94	GB: 129.59	Conf: 0.814597	Pts: 115583
Particle (28):: Fit: 118.949	PB: 118.949	LB: 126.676	GB: 129.59	Conf: 0.526803	Pts: 55864
Particle (32):: Fit: 126.158	PB: 126.158	LB: 127.743	GB: 129.59	Conf: 0.328853	Pts: 55684
Particle (1):: Fit: 118.144	PB: 118.144	LB: 125.077	GB: 129.59	Conf: 0.551147	Pts: 55783
Particle (35):: Fit: 111.068	PB: 111.068	LB: 127.743	GB: 129.59	Conf: 0.57875	Pts: 55582
Particle (5):: Fit: 119.27	PB: 119.27	LB: 127.309	GB: 129.59	Conf: 0.382603	Pts: 75766
Particle (29):: Fit: 125.723	PB: 125.723	LB: 126.676	GB: 129.59	Conf: 0.747353	Pts: 70582
Particle (6):: Fit: 115.439	PB: 115.439	LB: 127.309	GB: 129.59	Conf: 0.92635	Pts: 85480
Particle (25):: Fit: 122.679	PB: 122.679	LB: 127.94	GB: 129.59	Conf: 0.493986	Pts: 110181
Particle (22):: Fit: 120.53	PB: 120.53	LB: 127.94	GB: 129.59	Conf: 0.871506	Pts: 55378
Particle (26):: Fit: 124.441	PB: 124.441	LB: 126.676	GB: 129.59	Conf: 0.146915	Pts: 70279
Particle (34):: Fit: 114.72	PB: 114.72	LB: 127.743	GB: 129.59	Conf: 0.48599	Pts: 60878
Particle (3):: Fit: 113.453	PB: 113.453	LB: 125.077	GB: 129.59	Conf: 0.467093	Pts: 55473
Particle (17):: Fit: 121.379	PB: 121.379	LB: 127.94	GB: 129.59	Conf: 0.253934	Pts: 55575
Particle (38):: Fit: 122.331	PB: 122.331	LB: 129.501	GB: 129.59	Conf: 0.436218	Pts: 55577
Particle (3):: Fit: 119.15	PB: 119.15	LB: 125.077	GB: 129.59	Conf: 0.577146	Pts: 55572
Particle (9):: Fit: 116.411	PB: 116.411	LB: 127.309	GB: 129.59	Conf: 0.230478	Pts: 55876
Particle (5):: Fit: 120.796	PB: 120.796	LB: 127.309	GB: 129.59	Conf: 0.540395	Pts: 75858
Particle (13):: Fit: 115.36	PB: 115.36	LB: 127.309	GB: 129.59	Conf: 0.537942	Pts: 55871
Particle (5):: Fit: 124.996	PB: 124.996	LB: 127.309	GB: 129.59	Conf: 0.305526	Pts: 75953
Particle (13):: Fit: 122.75	PB: 122.75	LB: 127.309	GB: 129.59	Conf: 0.419286	Pts: 55967
Particle (34):: Fit: 116.586	PB: 116.586	LB: 127.743	GB: 129.59	Conf: 0.399144	Pts: 60969
Particle (35):: Fit: 116.371	PB: 116.371	LB: 127.743	GB: 129.59	Conf: 0.0847891	Pts: 55667
Particle (24):: Fit: 116.674	PB: 116.674	LB: 127.94	GB: 129.59	Conf: 0.547803	Pts: 55640
Particle (27):: Fit: 124.201	PB: 124.201	LB: 126.676	GB: 129.59	Conf: 0.362959	Pts: 75368
Particle (3):: Fit: 122.766	PB: 122.766	LB: 125.077	GB: 129.59	Conf: 0.45832	Pts: 55662
Particle (13):: Fit: 123.529	PB: 123.529	LB: 127.309	GB: 129.59	Conf: 0.307565	Pts: 56062
Particle (44):: Fit: 123.401	PB: 123.401	LB: 129.59	GB: 129.59	Conf: 0.724014	Pts: 50544
Particle (9):: Fit: 124.518	PB: 124.518	LB: 127.309	GB: 129.59	Conf: 0.850577	Pts: 55962
Particle (47):: Fit: 127.154	PB: 127.154	LB: 129.59	GB: 129.59	Conf: 0.316035	Pts: 65360
Particle (4):: Fit: 113.885	PB: 113.885	LB: 125.077	GB: 129.59	Conf: 0.275981	Pts: 55261
Particle (35):: Fit: 119.756	PB: 119.756	LB: 127.743	GB: 129.59	Conf: 0.12028	Pts: 55759
Particle (13):: Fit: 132.414	PB: 132.414	LB: 132.414	GB: 132.414	Conf: 0.325918	Pts: 116158
Global: 132.414 - Correct: 63% of 100 tests
Global Best: 
  Inner Net 1
  -- 1 : 1 = 0.336524
  -- 1 : 2 = 0.107465
  -- 1 : 3 = 0.021254
  -- 1 : 4 = -0.503525
  -- 1 : 5 = -0.0824917
  -- 1 : 6 = 0.528785
  -- 1 : 7 = -0.343811
  -- 1 : 8 = 0.313825
  -- 1 : 9 = 0.317241
  -- 2 : 1 = 0.569517
  -- 2 : 2 = 0.389138
  -- 2 : 3 = 0.181576
  -- 2 : 4 = 0.014128
  -- 2 : 5 = 0.0611019
  -- 2 : 6 = 0.241303
  -- 2 : 7 = 0.208388
  -- 2 : 8 = 0.190861
  -- 2 : 9 = 0.318336
  -- 3 : 1 = 0.501693
  -- 3 : 2 = -0.13962
  -- 3 : 3 = 0.0774796
  -- 3 : 4 = 0.609782
  -- 3 : 5 = -0.0798401
  -- 3 : 6 = 0.303441
  -- 3 : 7 = -0.045386
  -- 3 : 8 = -0.0978102
  -- 3 : 9 = 0.541079
  -- 4 : 1 = 0.722414
  -- 4 : 2 = 0.20611
  -- 4 : 3 = 0.201942
  -- 4 : 4 = 0.0115866
  -- 4 : 5 = -0.225015
  -- 4 : 6 = 0.554225
  -- 4 : 7 = -0.0341746
  -- 4 : 8 = 0.156133
  -- 4 : 9 = -0.0362438
  -- 5 : 1 = 0.152573
  -- 5 : 2 = 0.125545
  -- 5 : 3 = 0.0546556
  -- 5 : 4 = -0.383886
  -- 5 : 5 = 0.0943806
  -- 5 : 6 = 0.195616
  -- 5 : 7 = 0.358045
  -- 5 : 8 = -0.18677
  -- 5 : 9 = 0.0747089
  -- 6 : 1 = 0.740761
  -- 6 : 2 = -0.21299
  -- 6 : 3 = 0.194383
  -- 6 : 4 = 0.24847
  -- 6 : 5 = 0.286589
  -- 6 : 6 = -0.0471779
  -- 6 : 7 = 0.353522
  -- 6 : 8 = 0.121542
  -- 6 : 9 = 0.321369
  -- 7 : 1 = 0.402797
  -- 7 : 2 = 0.122884
  -- 7 : 3 = 0.429099
  -- 7 : 4 = -0.271956
  -- 7 : 5 = 0.0953193
  -- 7 : 6 = 0.322718
  -- 7 : 7 = 0.151106
  -- 7 : 8 = 0.00162874
  -- 7 : 9 = 0.121085
  -- 8 : 1 = 0.598941
  -- 8 : 2 = 0.300528
  -- 8 : 3 = 0.165564
  -- 8 : 4 = 0.5011
  -- 8 : 5 = 0.709791
  -- 8 : 6 = 0.420563
  -- 8 : 7 = 0.112065
  -- 8 : 8 = -0.11537
  -- 8 : 9 = -0.222231
  -- 9 : 1 = 0.639334
  -- 9 : 2 = 0.195367
  -- 9 : 3 = -0.057309
  -- 9 : 4 = 0.326421
  -- 9 : 5 = 0.0783918
  -- 9 : 6 = -0.268238
  -- 9 : 7 = -0.126511
  -- 9 : 8 = 0.135703
  -- 9 : 9 = 0.167309
  -- 10 : 1 = 0.645252
  -- 10 : 2 = -0.428303
  -- 10 : 3 = 0.337422
  -- 10 : 4 = 0.337517
  -- 10 : 5 = -0.0195913
  -- 10 : 6 = -0.0980239
  -- 10 : 7 = 0.140814
  -- 10 : 8 = -0.188252
  -- 10 : 9 = 0.0127834
  Inner Net 2
  -- 1 : 1 = -0.432289
  -- 1 : 2 = 0.0505634
  -- 2 : 1 = 0.0880234
  -- 2 : 2 = -0.0388722
  -- 3 : 1 = 0.446399
  -- 3 : 2 = -0.157891
  -- 4 : 1 = -0.326477
  -- 4 : 2 = 0.102593
  -- 5 : 1 = 0.495193
  -- 5 : 2 = 0.352239
  -- 6 : 1 = 0.110322
  -- 6 : 2 = -0.0411272
  -- 7 : 1 = -0.0634275
  -- 7 : 2 = 0.0910867
  -- 8 : 1 = -0.108225
  -- 8 : 2 = 0.197673
  -- 9 : 1 = 0.00544782
  -- 9 : 2 = -0.132898
Out\Act	False		True
False	0.0871014	0.754879	0.84198
True	0.00618753	0.151832	0.15802
	0.0932889	0.906711
	Accuracy [ (tp + tn) / testSize ]: 0.238934
	Precision [ tp / (tp + fp) ]:      0.167366
	Sensitivity [ tp / (tp + fn) ]:    0.957958
	Specificity [ tn / (tn + fp) ]:    0.10339
	F-Score [ 2tp / (2tp + fp + fn) ]: 0.285076
Particle (30):: Fit: 137.189	PB: 137.189	LB: 137.189	GB: 137.189	Conf: 0.886744	Pts: 115659
Particle (40):: Fit: 120.337	PB: 120.337	LB: 129.501	GB: 137.189	Conf: 0.454047	Pts: 65359
Global: 137.189 - Correct: 69% of 100 tests
Global Best: 
  Inner Net 1
  -- 1 : 1 = 0
  -- 1 : 2 = 0.0311644
  -- 1 : 3 = -0.145481
  -- 1 : 4 = -0.495607
  -- 1 : 5 = 0.0719767
  -- 1 : 6 = 0.158531
  -- 1 : 7 = 0.0438336
  -- 1 : 8 = 0.183964
  -- 1 : 9 = 0.357009
  -- 2 : 1 = 1
  -- 2 : 2 = 0.419133
  -- 2 : 3 = 0.093731
  -- 2 : 4 = -0.0522319
  -- 2 : 5 = 0.0511254
  -- 2 : 6 = 0.188338
  -- 2 : 7 = 0.240255
  -- 2 : 8 = 0.0632199
  -- 2 : 9 = 0.0916695
  -- 3 : 1 = -0.130176
  -- 3 : 2 = -0.161456
  -- 3 : 3 = -0.000210503
  -- 3 : 4 = 0.156672
  -- 3 : 5 = 0.0284265
  -- 3 : 6 = -0.133873
  -- 3 : 7 = 0.195148
  -- 3 : 8 = 0.100007
  -- 3 : 9 = -0.164524
  -- 4 : 1 = 0.0100269
  -- 4 : 2 = -0.174893
  -- 4 : 3 = 0.296786
  -- 4 : 4 = 0.43979
  -- 4 : 5 = 0.301839
  -- 4 : 6 = 0.272374
  -- 4 : 7 = 0.453113
  -- 4 : 8 = 0.156819
  -- 4 : 9 = 0.233682
  -- 5 : 1 = 0.439241
  -- 5 : 2 = 0.11964
  -- 5 : 3 = 0.0325785
  -- 5 : 4 = 0.0173485
  -- 5 : 5 = 0.0174909
  -- 5 : 6 = 0.408097
  -- 5 : 7 = 0.256647
  -- 5 : 8 = -0.0745487
  -- 5 : 9 = -0.0662464
  -- 6 : 1 = 0.867768
  -- 6 : 2 = -0.15121
  -- 6 : 3 = 0.276528
  -- 6 : 4 = -0.0643307
  -- 6 : 5 = 0.154036
  -- 6 : 6 = 0.103578
  -- 6 : 7 = 0.367224
  -- 6 : 8 = -0.275927
  -- 6 : 9 = 0.509331
  -- 7 : 1 = 0.625432
  -- 7 : 2 = 0.0639128
  -- 7 : 3 = 0.420337
  -- 7 : 4 = -0.0200549
  -- 7 : 5 = -0.105696
  -- 7 : 6 = -0.193338
  -- 7 : 7 = -0.0797067
  -- 7 : 8 = 0.287615
  -- 7 : 9 = 0.398258
  -- 8 : 1 = 0.5
  -- 8 : 2 = -0.209981
  -- 8 : 3 = 0.387302
  -- 8 : 4 = -0.0973579
  -- 8 : 5 = 0.0977584
  -- 8 : 6 = 0.254414
  -- 8 : 7 = -0.0350737
  -- 8 : 8 = -0.424177
  -- 8 : 9 = -0.00436924
  -- 9 : 1 = 0.72701
  -- 9 : 2 = -0.165104
  -- 9 : 3 = 0.190456
  -- 9 : 4 = -0.144599
  -- 9 : 5 = -0.0323048
  -- 9 : 6 = -0.0190332
  -- 9 : 7 = 0.045643
  -- 9 : 8 = 0.224589
  -- 9 : 9 = 0.341552
  -- 10 : 1 = 0.577861
  -- 10 : 2 = -0.11423
  -- 10 : 3 = -0.360009
  -- 10 : 4 = 0.145671
  -- 10 : 5 = -0.0330452
  -- 10 : 6 = -0.231216
  -- 10 : 7 = -0.296782
  -- 10 : 8 = -0.0428937
  -- 10 : 9 = 0.791096
  Inner Net 2
  -- 1 : 1 = 0.196778
  -- 1 : 2 = 0.0126483
  -- 2 : 1 = 0.000538691
  -- 2 : 2 = -0.0155152
  -- 3 : 1 = 0.281973
  -- 3 : 2 = 0.140437
  -- 4 : 1 = -0.34847
  -- 4 : 2 = 0.253623
  -- 5 : 1 = 0.0656853
  -- 5 : 2 = 0.20493
  -- 6 : 1 = -0.70109
  -- 6 : 2 = -0.0251651
  -- 7 : 1 = -0.355057
  -- 7 : 2 = 0.35473
  -- 8 : 1 = -0.134083
  -- 8 : 2 = 0.147685
  -- 9 : 1 = -0.0278967
  -- 9 : 2 = 0.0950142
Out\Act	False		True
False	0.152308	0.689672	0.84198
True	0.0152308	0.142789	0.15802
	0.167539	0.832461
	Accuracy [ (tp + tn) / testSize ]: 0.295098
	Precision [ tp / (tp + fp) ]:      0.171429
	Sensitivity [ tp / (tp + fn) ]:    0.900901
	Specificity [ tn / (tn + fp) ]:    0.180791
	F-Score [ 2tp / (2tp + fp + fn) ]: 0.288184
Particle (9):: Fit: 125.742	PB: 125.742	LB: 132.414	GB: 137.189	Conf: 0.812636	Pts: 61058
Particle (0):: Fit: 120.544	PB: 120.544	LB: 129.59	GB: 137.189	Conf: 0.515855	Pts: 145256
Particle (6):: Fit: 120.484	PB: 120.484	LB: 127.309	GB: 137.189	Conf: 0.494052	Pts: 85556
Particle (7):: Fit: 116.037	PB: 116.037	LB: 127.309	GB: 137.189	Conf: 0.0162604	Pts: 80454
Particle (16):: Fit: 118.345	PB: 118.345	LB: 132.414	GB: 137.189	Conf: 0.119822	Pts: 70456
Particle (48):: Fit: 115.577	PB: 115.577	LB: 129.59	GB: 137.189	Conf: 0.294095	Pts: 50556
Particle (7):: Fit: 123.666	PB: 123.666	LB: 127.309	GB: 137.189	Conf: 0.347124	Pts: 80552
Particle (28):: Fit: 125.591	PB: 125.591	LB: 137.189	GB: 137.189	Conf: 0.538995	Pts: 55932
Particle (34):: Fit: 117.568	PB: 117.568	LB: 137.189	GB: 137.189	Conf: 0.388535	Pts: 61051
Particle (8):: Fit: 124.22	PB: 124.22	LB: 132.414	GB: 137.189	Conf: 0.861221	Pts: 75450
Particle (24):: Fit: 117.753	PB: 117.753	LB: 127.94	GB: 137.189	Conf: 0.345697	Pts: 55717
Particle (45):: Fit: 125.432	PB: 125.432	LB: 129.59	GB: 137.189	Conf: 0.510462	Pts: 51043
Particle (48):: Fit: 116.728	PB: 116.728	LB: 129.59	GB: 137.189	Conf: 0.257299	Pts: 50641
Particle (35):: Fit: 120.527	PB: 120.527	LB: 127.743	GB: 137.189	Conf: 0.437254	Pts: 55833
Particle (40):: Fit: 121.7	PB: 121.7	LB: 129.501	GB: 137.189	Conf: 0.429196	Pts: 65434
Particle (12):: Fit: 127.758	PB: 127.758	LB: 132.414	GB: 137.189	Conf: 0.689284	Pts: 145229
Particle (34):: Fit: 123.027	PB: 123.027	LB: 137.189	GB: 137.189	Conf: 0.369088	Pts: 61128
Particle (4):: Fit: 118.538	PB: 118.538	LB: 125.742	GB: 137.189	Conf: 0.272346	Pts: 55327
Particle (32):: Fit: 130.095	PB: 130.095	LB: 137.189	GB: 137.189	Conf: 0.690497	Pts: 65726
Particle (45):: Fit: 127.549	PB: 127.549	LB: 129.59	GB: 137.189	Conf: 0.922451	Pts: 51126
Particle (23):: Fit: 125.204	PB: 125.204	LB: 127.94	GB: 137.189	Conf: 0.380294	Pts: 145220
Particle (40):: Fit: 124.851	PB: 124.851	LB: 129.501	GB: 137.189	Conf: 0.434788	Pts: 65524
Particle (21):: Fit: 132.112	PB: 132.112	LB: 132.112	GB: 137.189	Conf: 0.818354	Pts: 150618
Particle (49):: Fit: 126.128	PB: 126.128	LB: 129.59	GB: 137.189	Conf: 0.454632	Pts: 75821
Particle (26):: Fit: 127.584	PB: 127.584	LB: 137.189	GB: 137.189	Conf: 0.553816	Pts: 70318
Particle (0):: Fit: 123.444	PB: 123.444	LB: 129.59	GB: 137.189	Conf: 0.45264	Pts: 145316
Particle (12):: Fit: 134.604	PB: 134.604	LB: 134.604	GB: 137.189	Conf: 0.706037	Pts: 195308
Particle (38):: Fit: 128.584	PB: 128.584	LB: 129.501	GB: 137.189	Conf: 0.783693	Pts: 60608
Particle (35):: Fit: 124.657	PB: 124.657	LB: 130.095	GB: 137.189	Conf: 0.100031	Pts: 55904
Particle (1):: Fit: 129.371	PB: 129.371	LB: 129.371	GB: 137.189	Conf: 0.491406	Pts: 80796
Particle (24):: Fit: 121.795	PB: 121.795	LB: 132.112	GB: 137.189	Conf: 0.596598	Pts: 55768
Particle (48):: Fit: 122.851	PB: 122.851	LB: 129.59	GB: 137.189	Conf: 0.241898	Pts: 50693
Particle (5):: Fit: 128.309	PB: 128.309	LB: 129.371	GB: 137.189	Conf: 0.259423	Pts: 80975
Particle (27):: Fit: 124.699	PB: 124.699	LB: 137.189	GB: 137.189	Conf: 0.35253	Pts: 75391
Particle (6):: Fit: 121.952	PB: 121.952	LB: 128.309	GB: 137.189	Conf: 0.187745	Pts: 85587
Particle (33):: Fit: 122.512	PB: 122.512	LB: 137.189	GB: 137.189	Conf: 0.588338	Pts: 55379
Particle (22):: Fit: 124.739	PB: 124.739	LB: 132.112	GB: 137.189	Conf: 0.645057	Pts: 55382
Particle (14):: Fit: 127.548	PB: 127.548	LB: 134.604	GB: 137.189	Conf: 0.647743	Pts: 60978
Particle (47):: Fit: 129.581	PB: 129.581	LB: 129.59	GB: 137.189	Conf: 0.818505	Pts: 70367
Particle (27):: Fit: 128.325	PB: 128.325	LB: 137.189	GB: 137.189	Conf: 0.355242	Pts: 75464
Particle (42):: Fit: 122.368	PB: 122.368	LB: 129.59	GB: 137.189	Conf: 0.164828	Pts: 50260
Particle (27):: Fit: 129.894	PB: 129.894	LB: 137.189	GB: 137.189	Conf: 0.451032	Pts: 75559
Particle (0):: Fit: 134.126	PB: 134.126	LB: 134.126	GB: 137.189	Conf: 0.517202	Pts: 195351
Particle (22):: Fit: 126.561	PB: 126.561	LB: 132.112	GB: 137.189	Conf: 0.146609	Pts: 55452
Particle (13):: Fit: 137.051	PB: 137.051	LB: 137.051	GB: 137.189	Conf: 0.522952	Pts: 166140
Particle (4):: Fit: 121.4	PB: 121.4	LB: 134.126	GB: 137.189	Conf: 0.396032	Pts: 55338
Particle (34):: Fit: 123.081	PB: 123.081	LB: 137.189	GB: 137.189	Conf: 0.348254	Pts: 61136
Particle (39):: Fit: 131.807	PB: 131.807	LB: 131.807	GB: 137.189	Conf: 0.480079	Pts: 100837
Particle (4):: Fit: 124.237	PB: 124.237	LB: 134.126	GB: 137.189	Conf: 0.280043	Pts: 55425
Particle (46):: Fit: 130.929	PB: 130.929	LB: 134.126	GB: 137.189	Conf: 0.576658	Pts: 220103
Particle (45):: Fit: 130.053	PB: 130.053	LB: 134.126	GB: 137.189	Conf: 0.44829	Pts: 51122
Particle (3):: Fit: 128.231	PB: 128.231	LB: 134.126	GB: 137.189	Conf: 0.444908	Pts: 55610
Particle (39):: Fit: 132.86	PB: 132.86	LB: 132.86	GB: 137.189	Conf: 0.293917	Pts: 145908
Particle (18):: Fit: 124.927	PB: 124.927	LB: 132.112	GB: 137.189	Conf: 0.409296	Pts: 165304
Particle (25):: Fit: 128.433	PB: 128.433	LB: 137.189	GB: 137.189	Conf: 0.658631	Pts: 110100
Particle (35):: Fit: 126.455	PB: 126.455	LB: 132.86	GB: 137.189	Conf: 0.653994	Pts: 55897
Particle (17):: Fit: 123.963	PB: 123.963	LB: 137.051	GB: 137.189	Conf: 0.217213	Pts: 55488
Particle (20):: Fit: 125.557	PB: 125.557	LB: 132.112	GB: 137.189	Conf: 0.766744	Pts: 55586
Particle (4):: Fit: 125.762	PB: 125.762	LB: 134.126	GB: 137.189	Conf: 0.480532	Pts: 55485
Particle (34):: Fit: 124.875	PB: 124.875	LB: 137.189	GB: 137.189	Conf: 0.350742	Pts: 61185
Particle (28):: Fit: 126.607	PB: 126.607	LB: 137.189	GB: 137.189	Conf: 0.747992	Pts: 55863
Particle (31):: Fit: 128.181	PB: 128.181	LB: 137.189	GB: 137.189	Conf: 0.391861	Pts: 175383
Particle (22):: Fit: 129.943	PB: 129.943	LB: 132.112	GB: 137.189	Conf: 0.404755	Pts: 55475
Particle (36):: Fit: 132.039	PB: 132.039	LB: 132.86	GB: 137.189	Conf: 0.398267	Pts: 110178
Particle (44):: Fit: 129.149	PB: 129.149	LB: 130.929	GB: 137.189	Conf: 0.215693	Pts: 50451
Particle (6):: Fit: 127.428	PB: 127.428	LB: 128.309	GB: 137.189	Conf: 0.30204	Pts: 85570
Particle (31):: Fit: 130.036	PB: 130.036	LB: 137.189	GB: 137.189	Conf: 0.51394	Pts: 175469
Particle (24):: Fit: 130.877	PB: 130.877	LB: 132.112	GB: 137.189	Conf: 0.57728	Pts: 55737
Particle (16):: Fit: 123.36	PB: 123.36	LB: 137.051	GB: 137.189	Conf: 0.228015	Pts: 70354
Particle (49):: Fit: 126.511	PB: 126.511	LB: 134.126	GB: 137.189	Conf: 0.691972	Pts: 75753
Particle (9):: Fit: 126.372	PB: 126.372	LB: 137.051	GB: 137.189	Conf: 0.866636	Pts: 60952
Particle (33):: Fit: 130.596	PB: 130.596	LB: 137.189	GB: 137.189	Conf: 0.479066	Pts: 55343
Particle (23):: Fit: 126.622	PB: 126.622	LB: 132.112	GB: 137.189	Conf: 0.417984	Pts: 145141
Particle (1):: Fit: 130.527	PB: 130.527	LB: 134.126	GB: 137.189	Conf: 0.509781	Pts: 85745
Particle (28):: Fit: 127.824	PB: 127.824	LB: 137.189	GB: 137.189	Conf: 0.278192	Pts: 55925
Particle (4):: Fit: 128.305	PB: 128.305	LB: 134.126	GB: 137.189	Conf: 0.507617	Pts: 55532
Particle (15):: Fit: 123.777	PB: 123.777	LB: 137.051	GB: 137.189	Conf: 0.38943	Pts: 65336
Particle (33):: Fit: 132.766	PB: 132.766	LB: 137.189	GB: 137.189	Conf: 0.226271	Pts: 55417
Particle (11):: Fit: 124.884	PB: 124.884	LB: 137.051	GB: 137.189	Conf: 0.608951	Pts: 95313
Particle (41):: Fit: 123.918	PB: 123.918	LB: 132.86	GB: 137.189	Conf: 0.627185	Pts: 50208
Particle (8):: Fit: 126.107	PB: 126.107	LB: 137.051	GB: 137.189	Conf: 0.664758	Pts: 75305
Particle (48):: Fit: 125.021	PB: 125.021	LB: 134.126	GB: 137.189	Conf: 0.21753	Pts: 50607
Particle (34):: Fit: 126.745	PB: 126.745	LB: 137.189	GB: 137.189	Conf: 0.433739	Pts: 61204
Particle (43):: Fit: 131.066	PB: 131.066	LB: 132.86	GB: 137.189	Conf: 0.551964	Pts: 100086
Particle (18):: Fit: 125.289	PB: 125.289	LB: 132.112	GB: 137.189	Conf: 0.594196	Pts: 165285
Particle (15):: Fit: 126.308	PB: 126.308	LB: 137.051	GB: 137.189	Conf: 0.44668	Pts: 65377
Particle (14):: Fit: 128.642	PB: 128.642	LB: 137.051	GB: 137.189	Conf: 0.084237	Pts: 60850
Particle (5):: Fit: 134.631	PB: 134.631	LB: 134.631	GB: 137.189	Conf: 0.425017	Pts: 120825
Particle (42):: Fit: 125.996	PB: 125.996	LB: 132.86	GB: 137.189	Conf: 0.764771	Pts: 50124
Particle (41):: Fit: 125.281	PB: 125.281	LB: 132.86	GB: 137.189	Conf: 0.686561	Pts: 50206
Particle (15):: Fit: 134.341	PB: 134.341	LB: 137.051	GB: 137.189	Conf: 0.506823	Pts: 75422
Particle (2):: Fit: 126.116	PB: 126.116	LB: 134.631	GB: 137.189	Conf: 0.742006	Pts: 80301
Particle (45):: Fit: 131.864	PB: 131.864	LB: 134.126	GB: 137.189	Conf: 0.917498	Pts: 55999
Particle (9):: Fit: 133.086	PB: 133.086	LB: 137.051	GB: 137.189	Conf: 0.856405	Pts: 60894
Particle (31):: Fit: 130.237	PB: 130.237	LB: 137.189	GB: 137.189	Conf: 0.674021	Pts: 175388
Particle (48):: Fit: 125.95	PB: 125.95	LB: 134.126	GB: 137.189	Conf: 0.179224	Pts: 50579
Particle (40):: Fit: 124.929	PB: 124.929	LB: 132.86	GB: 137.189	Conf: 0.48162	Pts: 65276
Out\Act	False		True
False	0.152308	0.689672	0.84198
True	0.0152308	0.142789	0.15802
	0.167539	0.832461
	Accuracy [ (tp + tn) / testSize ]: 0.295098
	Precision [ tp / (tp + fp) ]:      0.171429
	Sensitivity [ tp / (tp + fn) ]:    0.900901
	Specificity [ tn / (tn + fp) ]:    0.180791
	F-Score [ 2tp / (2tp + fp + fn) ]: 0.288184
Particle (20):: Fit: 128.373	PB: 128.373	LB: 132.112	GB: 137.189	Conf: 0.651959	Pts: 55402
Particle (41):: Fit: 128.466	PB: 128.466	LB: 132.86	GB: 137.189	Conf: 0.748992	Pts: 50197
Particle (24):: Fit: 136.288	PB: 136.288	LB: 136.288	GB: 137.189	Conf: 0.303251	Pts: 85582
Particle (16):: Fit: 125.193	PB: 125.193	LB: 137.051	GB: 137.189	Conf: 0.316496	Pts: 70176
Particle (40):: Fit: 127.164	PB: 127.164	LB: 132.86	GB: 137.189	Conf: 0.452179	Pts: 65279
Particle (18):: Fit: 125.822	PB: 125.822	LB: 134.341	GB: 137.189	Conf: 0.461749	Pts: 165171
Particle (41):: Fit: 130.519	PB: 130.519	LB: 132.86	GB: 137.189	Conf: 0.722801	Pts: 50246
Particle (18):: Fit: 128.347	PB: 128.347	LB: 134.341	GB: 137.189	Conf: 0.499964	Pts: 165256
Particle (44):: Fit: 131.097	PB: 131.097	LB: 131.864	GB: 137.189	Conf: 0.331954	Pts: 50241
Particle (3):: Fit: 131.187	PB: 131.187	LB: 134.631	GB: 137.189	Conf: 0.455196	Pts: 55342
Particle (8):: Fit: 129.227	PB: 129.227	LB: 137.051	GB: 137.189	Conf: 0.841423	Pts: 75145
Particle (19):: Fit: 124.583	PB: 124.583	LB: 136.288	GB: 137.189	Conf: 0.396287	Pts: 74818
Particle (17):: Fit: 128.054	PB: 128.054	LB: 137.051	GB: 137.189	Conf: 0.208419	Pts: 55222
Particle (23):: Fit: 127.248	PB: 127.248	LB: 136.288	GB: 137.189	Conf: 0.381779	Pts: 144917
Particle (23):: Fit: 127.579	PB: 127.579	LB: 136.288	GB: 137.189	Conf: 0.486643	Pts: 145014
Particle (34):: Fit: 128.61	PB: 128.61	LB: 137.189	GB: 137.189	Conf: 0.303791	Pts: 61023
Particle (22):: Fit: 132.792	PB: 132.792	LB: 136.288	GB: 137.189	Conf: 0.174877	Pts: 55200
Particle (49):: Fit: 128.885	PB: 128.885	LB: 134.126	GB: 137.189	Conf: 0.843225	Pts: 75487
Particle (9):: Fit: 133.986	PB: 133.986	LB: 137.051	GB: 137.189	Conf: 0.852348	Pts: 60771
Particle (48):: Fit: 131.111	PB: 131.111	LB: 134.126	GB: 137.189	Conf: 0.391663	Pts: 50450
Particle (2):: Fit: 129.742	PB: 129.742	LB: 134.631	GB: 137.189	Conf: 0.589273	Pts: 80148
Particle (4):: Fit: 128.851	PB: 128.851	LB: 134.631	GB: 137.189	Conf: 0.491683	Pts: 55240
Particle (28):: Fit: 127.832	PB: 127.832	LB: 137.189	GB: 137.189	Conf: 0.434267	Pts: 55577
Particle (11):: Fit: 124.928	PB: 124.928	LB: 137.051	GB: 137.189	Conf: 0.946009	Pts: 94958
Particle (11):: Fit: 130.995	PB: 130.995	LB: 137.051	GB: 137.189	Conf: 0.580697	Pts: 95037
Particle (35):: Fit: 128.196	PB: 128.196	LB: 132.86	GB: 137.189	Conf: 0.782017	Pts: 55427
Particle (17):: Fit: 129.164	PB: 129.164	LB: 137.051	GB: 137.189	Conf: 0.21659	Pts: 55088
Particle (28):: Fit: 128.184	PB: 128.184	LB: 137.189	GB: 137.189	Conf: 0.659754	Pts: 55581
Particle (18):: Fit: 131.715	PB: 131.715	LB: 134.341	GB: 137.189	Conf: 0.95669	Pts: 165058
Particle (31):: Fit: 131.221	PB: 131.221	LB: 137.189	GB: 137.189	Conf: 0.651947	Pts: 175052
Particle (6):: Fit: 129.676	PB: 129.676	LB: 134.631	GB: 137.189	Conf: 0.37559	Pts: 85036
Particle (42):: Fit: 130.293	PB: 130.293	LB: 132.86	GB: 137.189	Conf: 0.423595	Pts: 49724
Particle (7):: Fit: 130.057	PB: 130.057	LB: 134.631	GB: 137.189	Conf: 0.0245447	Pts: 79794
Particle (43):: Fit: 131.841	PB: 131.841	LB: 132.86	GB: 137.189	Conf: 0.30304	Pts: 99595
Particle (31):: Fit: 134.452	PB: 134.452	LB: 137.189	GB: 137.189	Conf: 0.501846	Pts: 180096
Particle (49):: Fit: 130.101	PB: 130.101	LB: 134.126	GB: 137.189	Conf: 0.930446	Pts: 75250
Particle (10):: Fit: 127.656	PB: 127.656	LB: 137.051	GB: 137.189	Conf: 0.774864	Pts: 364840
Particle (27):: Fit: 130.185	PB: 130.185	LB: 137.189	GB: 137.189	Conf: 0.437164	Pts: 74860
Particle (34):: Fit: 130.865	PB: 130.865	LB: 137.189	GB: 137.189	Conf: 0.24229	Pts: 60732
Particle (8):: Fit: 131.023	PB: 131.023	LB: 137.051	GB: 137.189	Conf: 0.884865	Pts: 74783
Particle (48):: Fit: 132.082	PB: 132.082	LB: 134.126	GB: 137.189	Conf: 0.191769	Pts: 55201
Particle (3):: Fit: 134.132	PB: 134.132	LB: 134.631	GB: 137.189	Conf: 0.520312	Pts: 64960
Particle (29):: Fit: 130.677	PB: 130.677	LB: 137.189	GB: 137.189	Conf: 0.881305	Pts: 69644
Particle (26):: Fit: 133.024	PB: 133.024	LB: 137.189	GB: 137.189	Conf: 0.764216	Pts: 69394
Particle (3):: Fit: 135.593	PB: 135.593	LB: 135.593	GB: 137.189	Conf: 0.407389	Pts: 114964
Particle (47):: Fit: 130.452	PB: 130.452	LB: 134.126	GB: 137.189	Conf: 0.706946	Pts: 69493
Particle (14):: Fit: 129.321	PB: 129.321	LB: 137.051	GB: 137.189	Conf: 0.474232	Pts: 60191
Particle (45):: Fit: 133.749	PB: 133.749	LB: 134.126	GB: 137.189	Conf: 0.749794	Pts: 80360
Particle (12):: Fit: 136.066	PB: 136.066	LB: 137.051	GB: 137.189	Conf: 0.75045	Pts: 199328
Particle (10):: Fit: 128.385	PB: 128.385	LB: 137.051	GB: 137.189	Conf: 0.155702	Pts: 364657
Particle (43):: Fit: 131.97	PB: 131.97	LB: 133.749	GB: 137.189	Conf: 0.54971	Pts: 99369
Particle (38):: Fit: 129.313	PB: 129.313	LB: 132.86	GB: 137.189	Conf: 0.384865	Pts: 59548
Particle (27):: Fit: 130.803	PB: 130.803	LB: 137.189	GB: 137.189	Conf: 0.429974	Pts: 74603
Particle (47):: Fit: 131.43	PB: 131.43	LB: 134.126	GB: 137.189	Conf: 0.498886	Pts: 69353
Particle (23):: Fit: 129.388	PB: 129.388	LB: 136.288	GB: 137.189	Conf: 0.520332	Pts: 144257
Particle (38):: Fit: 133.922	PB: 133.922	LB: 133.922	GB: 137.189	Conf: 0.228461	Pts: 94467
Particle (28):: Fit: 129.346	PB: 129.346	LB: 137.189	GB: 137.189	Conf: 0.870965	Pts: 55051
Particle (49):: Fit: 133.371	PB: 133.371	LB: 135.593	GB: 137.189	Conf: 0.927658	Pts: 74810
Particle (14):: Fit: 133.091	PB: 133.091	LB: 137.051	GB: 137.189	Conf: 0.518212	Pts: 59899
Particle (28):: Fit: 134.837	PB: 134.837	LB: 137.189	GB: 137.189	Conf: 0.486732	Pts: 55065
Particle (36):: Fit: 132.474	PB: 132.474	LB: 133.922	GB: 137.189	Conf: 0.351805	Pts: 108944
Particle (43):: Fit: 134.001	PB: 134.001	LB: 134.001	GB: 137.189	Conf: 0.348942	Pts: 134145
Particle (35):: Fit: 128.897	PB: 128.897	LB: 134.452	GB: 137.189	Conf: 0.283282	Pts: 54739
Particle (19):: Fit: 129.699	PB: 129.699	LB: 136.288	GB: 137.189	Conf: 0.435361	Pts: 73842
Particle (26):: Fit: 135.149	PB: 135.149	LB: 137.189	GB: 137.189	Conf: 0.449929	Pts: 68988
Particle (10):: Fit: 131.682	PB: 131.682	LB: 137.051	GB: 137.189	Conf: 0.416206	Pts: 364340
Particle (18):: Fit: 134.254	PB: 134.254	LB: 134.341	GB: 137.189	Conf: 0.985331	Pts: 164339
Particle (44):: Fit: 131.505	PB: 131.505	LB: 134.001	GB: 137.189	Conf: 0.776781	Pts: 49216
Particle (35):: Fit: 129.442	PB: 129.442	LB: 134.452	GB: 137.189	Conf: 0.914716	Pts: 54723
Particle (2):: Fit: 132.258	PB: 132.258	LB: 135.593	GB: 137.189	Conf: 0.879375	Pts: 79208
Particle (19):: Fit: 130.8	PB: 130.8	LB: 136.288	GB: 137.189	Conf: 0.402401	Pts: 73814
Particle (45):: Fit: 133.812	PB: 133.812	LB: 134.126	GB: 137.189	Conf: 0.830767	Pts: 79870
Particle (37):: Fit: 127.316	PB: 127.316	LB: 133.922	GB: 137.189	Conf: 0.09482	Pts: 183432
Particle (11):: Fit: 132.945	PB: 132.945	LB: 137.051	GB: 137.189	Conf: 0.912599	Pts: 94029
Particle (40):: Fit: 135.316	PB: 135.316	LB: 135.316	GB: 137.189	Conf: 0.556484	Pts: 113774
Particle (42):: Fit: 132.027	PB: 132.027	LB: 135.316	GB: 137.189	Conf: 0.685341	Pts: 48569
Particle (37):: Fit: 129.602	PB: 129.602	LB: 135.316	GB: 137.189	Conf: 0.282736	Pts: 183197
Particle (4):: Fit: 130.242	PB: 130.242	LB: 135.593	GB: 137.189	Conf: 0.572681	Pts: 53843
Particle (37):: Fit: 129.757	PB: 129.757	LB: 135.316	GB: 137.189	Conf: 0.566437	Pts: 183250
Particle (34):: Fit: 131.143	PB: 131.143	LB: 137.189	GB: 137.189	Conf: 0.385368	Pts: 59586
Particle (29):: Fit: 131.744	PB: 131.744	LB: 137.189	GB: 137.189	Conf: 0.764414	Pts: 68585
Particle (27):: Fit: 130.971	PB: 130.971	LB: 137.189	GB: 137.189	Conf: 0.418793	Pts: 73765
Particle (25):: Fit: 133.957	PB: 133.957	LB: 137.189	GB: 137.189	Conf: 0.805559	Pts: 108109
Particle (32):: Fit: 131.282	PB: 131.282	LB: 137.189	GB: 137.189	Conf: 0.650537	Pts: 63614
Particle (29):: Fit: 132.29	PB: 132.29	LB: 137.189	GB: 137.189	Conf: 0.196503	Pts: 68494
Particle (32):: Fit: 132.835	PB: 132.835	LB: 137.189	GB: 137.189	Conf: 0.680515	Pts: 63492
Particle (10):: Fit: 134.287	PB: 134.287	LB: 137.051	GB: 137.189	Conf: 0.850356	Pts: 363495
Particle (39):: Fit: 133.087	PB: 133.087	LB: 135.316	GB: 137.189	Conf: 0.430391	Pts: 143389
Particle (48):: Fit: 135.073	PB: 135.073	LB: 135.593	GB: 137.189	Conf: 0.253761	Pts: 68446
Particle (35):: Fit: 129.665	PB: 129.665	LB: 135.316	GB: 137.189	Conf: 0.33854	Pts: 53579
Particle (38):: Fit: 134.926	PB: 134.926	LB: 135.316	GB: 137.189	Conf: 0.415136	Pts: 92588
Particle (46):: Fit: 133.135	PB: 133.135	LB: 135.073	GB: 137.189	Conf: 0.602778	Pts: 216904
Particle (39):: Fit: 134.308	PB: 134.308	LB: 135.316	GB: 137.189	Conf: 0.429641	Pts: 142874
Particle (37):: Fit: 133.019	PB: 133.019	LB: 135.316	GB: 137.189	Conf: 0.818491	Pts: 182052
Particle (6):: Fit: 130.801	PB: 130.801	LB: 135.593	GB: 137.189	Conf: 0.94431	Pts: 82370
Particle (5):: Fit: 136.336	PB: 136.336	LB: 136.336	GB: 137.189	Conf: 0.542726	Pts: 157572
Particle (2):: Fit: 132.54	PB: 132.54	LB: 136.336	GB: 137.189	Conf: 0.893458	Pts: 77133
Particle (8):: Fit: 131.047	PB: 131.047	LB: 137.051	GB: 137.189	Conf: 0.885306	Pts: 71705
Particle (16):: Fit: 127.936	PB: 127.936	LB: 137.051	GB: 137.189	Conf: 0.126713	Pts: 66550
Particle (35):: Fit: 132.645	PB: 132.645	LB: 135.316	GB: 137.189	Conf: 0.445345	Pts: 52485
Particle (21):: Fit: 136.181	PB: 136.181	LB: 136.288	GB: 137.189	Conf: 0.660827	Pts: 151519
Particle (47):: Fit: 132.777	PB: 132.777	LB: 135.073	GB: 137.189	Conf: 0.265564	Pts: 66470
Particle (49):: Fit: 134.174	PB: 134.174	LB: 135.593	GB: 137.189	Conf: 0.943816	Pts: 71816
Particle (14):: Fit: 133.954	PB: 133.954	LB: 137.051	GB: 137.189	Conf: 0.651575	Pts: 56997
Out\Act	False		True
False	0.152308	0.689672	0.84198
True	0.0152308	0.142789	0.15802
	0.167539	0.832461
	Accuracy [ (tp + tn) / testSize ]: 0.295098
	Precision [ tp / (tp + fp) ]:      0.171429
	Sensitivity [ tp / (tp + fn) ]:    0.900901
	Specificity [ tn / (tn + fp) ]:    0.180791
	F-Score [ 2tp / (2tp + fp + fn) ]: 0.288184
Particle (36):: Fit: 133.142	PB: 133.142	LB: 135.316	GB: 137.189	Conf: 0.435842	Pts: 105934
Particle (41):: Fit: 131.127	PB: 131.127	LB: 135.316	GB: 137.189	Conf: 0.736614	Pts: 45783
Particle (27):: Fit: 131.201	PB: 131.201	LB: 137.189	GB: 137.189	Conf: 0.400211	Pts: 71098
Global Best: 
  Inner Net 1
  -- 1 : 1 = 0
  -- 1 : 2 = 0.0311644
  -- 1 : 3 = -0.145481
  -- 1 : 4 = -0.495607
  -- 1 : 5 = 0.0719767
  -- 1 : 6 = 0.158531
  -- 1 : 7 = 0.0438336
  -- 1 : 8 = 0.183964
  -- 1 : 9 = 0.357009
  -- 2 : 1 = 1
  -- 2 : 2 = 0.419133
  -- 2 : 3 = 0.093731
  -- 2 : 4 = -0.0522319
  -- 2 : 5 = 0.0511254
  -- 2 : 6 = 0.188338
  -- 2 : 7 = 0.240255
  -- 2 : 8 = 0.0632199
  -- 2 : 9 = 0.0916695
  -- 3 : 1 = -0.130176
  -- 3 : 2 = -0.161456
  -- 3 : 3 = -0.000210503
  -- 3 : 4 = 0.156672
  -- 3 : 5 = 0.0284265
  -- 3 : 6 = -0.133873
  -- 3 : 7 = 0.195148
  -- 3 : 8 = 0.100007
  -- 3 : 9 = -0.164524
  -- 4 : 1 = 0.0100269
  -- 4 : 2 = -0.174893
  -- 4 : 3 = 0.296786
  -- 4 : 4 = 0.43979
  -- 4 : 5 = 0.301839
  -- 4 : 6 = 0.272374
  -- 4 : 7 = 0.453113
  -- 4 : 8 = 0.156819
  -- 4 : 9 = 0.233682
  -- 5 : 1 = 0.439241
  -- 5 : 2 = 0.11964
  -- 5 : 3 = 0.0325785
  -- 5 : 4 = 0.0173485
  -- 5 : 5 = 0.0174909
  -- 5 : 6 = 0.408097
  -- 5 : 7 = 0.256647
  -- 5 : 8 = -0.0745487
  -- 5 : 9 = -0.0662464
  -- 6 : 1 = 0.867768
  -- 6 : 2 = -0.15121
  -- 6 : 3 = 0.276528
  -- 6 : 4 = -0.0643307
  -- 6 : 5 = 0.154036
  -- 6 : 6 = 0.103578
  -- 6 : 7 = 0.367224
  -- 6 : 8 = -0.275927
  -- 6 : 9 = 0.509331
  -- 7 : 1 = 0.625432
  -- 7 : 2 = 0.0639128
  -- 7 : 3 = 0.420337
  -- 7 : 4 = -0.0200549
  -- 7 : 5 = -0.105696
  -- 7 : 6 = -0.193338
  -- 7 : 7 = -0.0797067
  -- 7 : 8 = 0.287615
  -- 7 : 9 = 0.398258
  -- 8 : 1 = 0.5
  -- 8 : 2 = -0.209981
  -- 8 : 3 = 0.387302
  -- 8 : 4 = -0.0973579
  -- 8 : 5 = 0.0977584
  -- 8 : 6 = 0.254414
  -- 8 : 7 = -0.0350737
  -- 8 : 8 = -0.424177
  -- 8 : 9 = -0.00436924
  -- 9 : 1 = 0.72701
  -- 9 : 2 = -0.165104
  -- 9 : 3 = 0.190456
  -- 9 : 4 = -0.144599
  -- 9 : 5 = -0.0323048
  -- 9 : 6 = -0.0190332
  -- 9 : 7 = 0.045643
  -- 9 : 8 = 0.224589
  -- 9 : 9 = 0.341552
  -- 10 : 1 = 0.577861
  -- 10 : 2 = -0.11423
  -- 10 : 3 = -0.360009
  -- 10 : 4 = 0.145671
  -- 10 : 5 = -0.0330452
  -- 10 : 6 = -0.231216
  -- 10 : 7 = -0.296782
  -- 10 : 8 = -0.0428937
  -- 10 : 9 = 0.791096
  Inner Net 2
  -- 1 : 1 = 0.196778
  -- 1 : 2 = 0.0126483
  -- 2 : 1 = 0.000538691
  -- 2 : 2 = -0.0155152
  -- 3 : 1 = 0.281973
  -- 3 : 2 = 0.140437
  -- 4 : 1 = -0.34847
  -- 4 : 2 = 0.253623
  -- 5 : 1 = 0.0656853
  -- 5 : 2 = 0.20493
  -- 6 : 1 = -0.70109
  -- 6 : 2 = -0.0251651
  -- 7 : 1 = -0.355057
  -- 7 : 2 = 0.35473
  -- 8 : 1 = -0.134083
  -- 8 : 2 = 0.147685
  -- 9 : 1 = -0.0278967
  -- 9 : 2 = 0.0950142
Out\Act	False		True
False	0.152308	0.689672	0.84198
True	0.0152308	0.142789	0.15802
	0.167539	0.832461
	Accuracy [ (tp + tn) / testSize ]: 0.295098
	Precision [ tp / (tp + fp) ]:      0.171429
	Sensitivity [ tp / (tp + fn) ]:    0.900901
	Specificity [ tn / (tn + fp) ]:    0.180791
	F-Score [ 2tp / (2tp + fp + fn) ]: 0.288184
