
Date / Time: Fri Mar 31 01:59:20 2017

   ****************************************
   * PSO Neural Net (Gaussian Activation) *
   *       by William Boler, BSCE         *
   *     Research Assistant, IUPUI        *
   *                                      *
   *  Professor: Dr. Lauren Christopher   *
   *     Created: March 13, 2017          *
   ****************************************


Inputs: 10
Inner Nets: 1
 - 9
Tests per train(min): 100
Particles: 50
Neighbors: 10
Minimum Particle Iterations: 1000
Particle (0):: Fit: 0.100066	PB: 0.100066	LB: 0.100066	GB: 0.100066	Conf: 2	Pts: 110099
Particle (1):: Fit: 11027.6	PB: 11027.6	LB: 11027.6	GB: 11027.6	Conf: 1.90481	Pts: 110099
Particle (2):: Fit: 1122.45	PB: 1122.45	LB: 11027.6	GB: 11027.6	Conf: 2	Pts: 55099
Particle (3):: Fit: 1183.36	PB: 1183.36	LB: 11027.6	GB: 11027.6	Conf: 1.65073	Pts: 60099
Particle (4):: Fit: 0.0756985	PB: 0.0756985	LB: 11027.6	GB: 11027.6	Conf: 1.8083	Pts: 55099
Particle (5):: Fit: 1081.86	PB: 1081.86	LB: 11027.6	GB: 11027.6	Conf: 1.96669	Pts: 60099
Particle (6):: Fit: 1163.13	PB: 1163.13	LB: 1183.36	GB: 11027.6	Conf: 1.44821	Pts: 65099
Particle (7):: Fit: 1142.82	PB: 1142.82	LB: 1183.36	GB: 11027.6	Conf: 1.98542	Pts: 55099
Particle (8):: Fit: 114.171	PB: 114.171	LB: 1163.13	GB: 11027.6	Conf: 0.41687	Pts: 55099
Particle (9):: Fit: 1122.52	PB: 1122.52	LB: 1163.13	GB: 11027.6	Conf: 1.78316	Pts: 60099
Particle (10):: Fit: 1061.56	PB: 1061.56	LB: 1163.13	GB: 11027.6	Conf: 2	Pts: 55099
Particle (11):: Fit: 0.00861414	PB: 0.00861414	LB: 1142.82	GB: 11027.6	Conf: 0.424726	Pts: 55099
Particle (12):: Fit: 0.087885	PB: 0.087885	LB: 1122.52	GB: 11027.6	Conf: 2	Pts: 60099
Particle (13):: Fit: 0.100063	PB: 0.100063	LB: 1122.52	GB: 11027.6	Conf: 1.30987	Pts: 65099
Particle (14):: Fit: 0.0817943	PB: 0.0817943	LB: 1061.56	GB: 11027.6	Conf: 2	Pts: 55099
Particle (15):: Fit: 0.0960055	PB: 0.0960055	LB: 0.100063	GB: 11027.6	Conf: 2	Pts: 60099
Particle (16):: Fit: 0.0960055	PB: 0.0960055	LB: 0.100063	GB: 11027.6	Conf: 2	Pts: 55099
Particle (17):: Fit: 1021.54	PB: 1021.54	LB: 1021.54	GB: 11027.6	Conf: 1.96991	Pts: 85099
Particle (18):: Fit: 1041.73	PB: 1041.73	LB: 1041.73	GB: 11027.6	Conf: 1.9291	Pts: 90099
Particle (19):: Fit: 1142.75	PB: 1142.75	LB: 1142.75	GB: 11027.6	Conf: 2	Pts: 100099
Particle (20):: Fit: 0.0960055	PB: 0.0960055	LB: 1142.75	GB: 11027.6	Conf: 2	Pts: 55099
Particle (21):: Fit: 1203.65	PB: 1203.65	LB: 1203.65	GB: 11027.6	Conf: 2	Pts: 100099
Particle (22):: Fit: 0.89994	PB: 0.89994	LB: 1203.65	GB: 11027.6	Conf: 1.96749	Pts: 55099
Particle (23):: Fit: 0.0878896	PB: 0.0878896	LB: 1203.65	GB: 11027.6	Conf: 0.471667	Pts: 55099
Particle (24):: Fit: 1080.81	PB: 1080.81	LB: 1203.65	GB: 11027.6	Conf: 1.02689	Pts: 65099
Particle (25):: Fit: 102.099	PB: 102.099	LB: 1203.65	GB: 11027.6	Conf: 1.20704	Pts: 55099
Particle (26):: Fit: 0.00961514	PB: 0.00961514	LB: 1080.81	GB: 11027.6	Conf: 0.634459	Pts: 55099
Particle (27):: Fit: 0.0797706	PB: 0.0797706	LB: 1080.81	GB: 11027.6	Conf: 1.92737	Pts: 60099
Particle (28):: Fit: 0.0919458	PB: 0.0919458	LB: 1080.81	GB: 11027.6	Conf: 1.92406	Pts: 65099
Particle (29):: Fit: 1081.86	PB: 1081.86	LB: 1081.86	GB: 11027.6	Conf: 2	Pts: 90099
Particle (30):: Fit: 0.0960056	PB: 0.0960056	LB: 1081.86	GB: 11027.6	Conf: 1.90106	Pts: 55099
Particle (31):: Fit: 0.0797102	PB: 0.0797102	LB: 1081.86	GB: 11027.6	Conf: 1.78499	Pts: 55099
Particle (32):: Fit: 10419.7	PB: 10419.7	LB: 10419.7	GB: 11027.6	Conf: 0.98951	Pts: 100099
Particle (33):: Fit: 11434.7	PB: 11434.7	LB: 11434.7	GB: 11434.7	Conf: 1.98023	Pts: 110099
Particle (34):: Fit: 1081.74	PB: 1081.74	LB: 11434.7	GB: 11434.7	Conf: 1.0257	Pts: 55099
Particle (35):: Fit: 1142.78	PB: 1142.78	LB: 11434.7	GB: 11434.7	Conf: 1.74995	Pts: 60099
Particle (36):: Fit: 0.100066	PB: 0.100066	LB: 11434.7	GB: 11434.7	Conf: 2	Pts: 55099
Particle (37):: Fit: 0.0757034	PB: 0.0757034	LB: 11434.7	GB: 11434.7	Conf: 2	Pts: 55099
Particle (38):: Fit: 0.0899152	PB: 0.0899152	LB: 1142.78	GB: 11434.7	Conf: 1.9812	Pts: 60099
Particle (39):: Fit: 1081.86	PB: 1081.86	LB: 1142.78	GB: 11434.7	Conf: 2	Pts: 70099
Particle (40):: Fit: 0.0960055	PB: 0.0960055	LB: 1081.86	GB: 11434.7	Conf: 2	Pts: 55099
Particle (41):: Fit: 0.0980356	PB: 0.0980356	LB: 1081.86	GB: 11434.7	Conf: 2	Pts: 55099
Particle (42):: Fit: 0.0980356	PB: 0.0980356	LB: 1081.86	GB: 11434.7	Conf: 2	Pts: 50099
Particle (43):: Fit: 10826.3	PB: 10826.3	LB: 10826.3	GB: 11434.7	Conf: 0.982878	Pts: 90099
Particle (44):: Fit: 1041.63	PB: 1041.63	LB: 10826.3	GB: 11434.7	Conf: 1.96447	Pts: 50099
Particle (45):: Fit: 0.0960064	PB: 0.0960064	LB: 10826.3	GB: 11434.7	Conf: 1.57623	Pts: 50099
Particle (46):: Fit: 0.0919547	PB: 0.0919547	LB: 11027.6	GB: 11434.7	Conf: 1.80164	Pts: 50099
Particle (47):: Fit: 102.098	PB: 102.098	LB: 11027.6	GB: 11434.7	Conf: 0.854422	Pts: 50099
Particle (48):: Fit: 0.0858873	PB: 0.0858873	LB: 11027.6	GB: 11434.7	Conf: 1.66357	Pts: 50099
Particle (49):: Fit: 1122.45	PB: 1122.45	LB: 11027.6	GB: 11434.7	Conf: 2	Pts: 50099
Global: 11434.7 - Correct: 45% of 100 tests
Global Best: 
  Inner Net 1
  -- 1 : 1 = 0.8708
  -- 1 : 2 = 0.976
  -- 1 : 3 = 0.3529
  -- 1 : 4 = 0.0552
  -- 1 : 5 = 0.5259
  -- 1 : 6 = 0.7263
  -- 1 : 7 = 0.166
  -- 1 : 8 = 0.7898
  -- 1 : 9 = 0.5931
  -- 2 : 1 = 0.8394
  -- 2 : 2 = 0.4363
  -- 2 : 3 = 0.2569
  -- 2 : 4 = 0.7601
  -- 2 : 5 = 0.6615
  -- 2 : 6 = 0.8743
  -- 2 : 7 = 0.547
  -- 2 : 8 = 0.2171
  -- 2 : 9 = 0.9181
  -- 3 : 1 = 0.5002
  -- 3 : 2 = 0.3257
  -- 3 : 3 = 0.7834
  -- 3 : 4 = 0.1896
  -- 3 : 5 = 0.926
  -- 3 : 6 = 0.6564
  -- 3 : 7 = 0.7462
  -- 3 : 8 = 0.6353
  -- 3 : 9 = 0.7415
  -- 4 : 1 = 0.9921
  -- 4 : 2 = 0.8419
  -- 4 : 3 = 0.5837
  -- 4 : 4 = 0.1737
  -- 4 : 5 = 0.9285
  -- 4 : 6 = 0.9219
  -- 4 : 7 = 0.3109
  -- 4 : 8 = 0.5243
  -- 4 : 9 = 0.1945
  -- 5 : 1 = 0.0285
  -- 5 : 2 = 0.9638
  -- 5 : 3 = 0.0624
  -- 5 : 4 = 0.2751
  -- 5 : 5 = 0.422
  -- 5 : 6 = 0.1641
  -- 5 : 7 = 0.9232
  -- 5 : 8 = 0.5106
  -- 5 : 9 = 0.7595
  -- 6 : 1 = 0.5894
  -- 6 : 2 = 0.1974
  -- 6 : 3 = 0.9601
  -- 6 : 4 = 0.1695
  -- 6 : 5 = 0.1732
  -- 6 : 6 = 0.8694
  -- 6 : 7 = 0.8893
  -- 6 : 8 = 0.9605
  -- 6 : 9 = 0.1156
  -- 7 : 1 = 0.0674
  -- 7 : 2 = 0.0913
  -- 7 : 3 = 0.6894
  -- 7 : 4 = 0.344
  -- 7 : 5 = 0.4511
  -- 7 : 6 = 0.6866
  -- 7 : 7 = 0.4247
  -- 7 : 8 = 0.7677
  -- 7 : 9 = 0.6468
  -- 8 : 1 = 0.5206
  -- 8 : 2 = 0.451
  -- 8 : 3 = 0.388
  -- 8 : 4 = 0.0483
  -- 8 : 5 = 0.601
  -- 8 : 6 = 0.2643
  -- 8 : 7 = 0.8001
  -- 8 : 8 = 0.6155
  -- 8 : 9 = 0.9406
  -- 9 : 1 = 0.2139
  -- 9 : 2 = 0.9809
  -- 9 : 3 = 0.1757
  -- 9 : 4 = 0.8052
  -- 9 : 5 = 0.7483
  -- 9 : 6 = 0.0433
  -- 9 : 7 = 0.1645
  -- 9 : 8 = 0.4346
  -- 9 : 9 = 0.6355
  -- 10 : 1 = 0.0894
  -- 10 : 2 = 0.4364
  -- 10 : 3 = 0.1476
  -- 10 : 4 = 0.3592
  -- 10 : 5 = 0.1384
  -- 10 : 6 = 0.866
  -- 10 : 7 = 0.0525
  -- 10 : 8 = 0.4358
  -- 10 : 9 = 0.6026
  Inner Net 2
  -- 1 : 1 = 0.4075
  -- 1 : 2 = 0.0487
  -- 2 : 1 = 0.4414
  -- 2 : 2 = 0.0007
  -- 3 : 1 = 0.1363
  -- 3 : 2 = 0.1897
  -- 4 : 1 = 0.3253
  -- 4 : 2 = 0.3178
  -- 5 : 1 = 0.2433
  -- 5 : 2 = -0.0654098
  -- 6 : 1 = -0.1379
  -- 6 : 2 = 0.3822
  -- 7 : 1 = 0.0333
  -- 7 : 2 = -0.1878
  -- 8 : 1 = 0.2648
  -- 8 : 2 = -0.056
  -- 9 : 1 = 0.0497
  -- 9 : 2 = 0.3295
Out\Act	False		True
False	0.84198	0	0.84198
True	0.15802	0	0.15802
	1	0
	Accuracy [ (tp + tn) / testSize ]: 0.84198
	Precision [ tp / (tp + fp) ]:      0
	Sensitivity [ tp / (tp + fn) ]:    0
	Specificity [ tn / (tn + fp) ]:    0.999435
	F-Score [ 2tp / (2tp + fp + fn) ]: 0
Particle (4):: Fit: 0.0919478	PB: 0.0919478	LB: 11027.6	GB: 11434.7	Conf: 1.85581	Pts: 55198
Particle (5):: Fit: 11231.7	PB: 11231.7	LB: 11231.7	GB: 11434.7	Conf: 1.98577	Pts: 110198
Particle (10):: Fit: 1142.75	PB: 1142.75	LB: 1163.13	GB: 11434.7	Conf: 2	Pts: 65198
Particle (11):: Fit: 104.16	PB: 104.16	LB: 1142.82	GB: 11434.7	Conf: 0.41882	Pts: 55197
Particle (12):: Fit: 0.0939754	PB: 0.0939754	LB: 1142.75	GB: 11434.7	Conf: 2	Pts: 60198
Particle (13):: Fit: 1.00457	PB: 1.00457	LB: 1142.75	GB: 11434.7	Conf: 1.17391	Pts: 65198
Particle (14):: Fit: 0.100066	PB: 0.100066	LB: 1142.75	GB: 11434.7	Conf: 2	Pts: 55198
Particle (15):: Fit: 1081.91	PB: 1081.91	LB: 1142.75	GB: 11434.7	Conf: 1.98552	Pts: 60198
Particle (16):: Fit: 10827	PB: 10827	LB: 10827	GB: 11434.7	Conf: 1.94814	Pts: 105198
Particle (17):: Fit: 1082.24	PB: 1082.24	LB: 10827	GB: 11434.7	Conf: 1.94295	Pts: 85198
Particle (20):: Fit: 1061.56	PB: 1061.56	LB: 10827	GB: 11434.7	Conf: 2	Pts: 55198
Particle (22):: Fit: 1081.86	PB: 1081.86	LB: 1203.65	GB: 11434.7	Conf: 1.98325	Pts: 60198
Particle (23):: Fit: 1102.22	PB: 1102.22	LB: 1203.65	GB: 11434.7	Conf: 0.844888	Pts: 60198
Particle (25):: Fit: 11625.9	PB: 11625.9	LB: 11625.9	GB: 11625.9	Conf: 1.1888	Pts: 115198
Particle (26):: Fit: 0.0919487	PB: 0.0919487	LB: 11625.9	GB: 11625.9	Conf: 0.7452	Pts: 55198
Particle (27):: Fit: 1102.65	PB: 1102.65	LB: 11625.9	GB: 11625.9	Conf: 1.84183	Pts: 60198
Particle (28):: Fit: 0.0940049	PB: 0.0940049	LB: 11625.9	GB: 11625.9	Conf: 1.85415	Pts: 65198
Particle (30):: Fit: 1041.43	PB: 1041.43	LB: 11434.7	GB: 11625.9	Conf: 1.94736	Pts: 55198
Particle (31):: Fit: 0.0980374	PB: 0.0980374	LB: 11434.7	GB: 11625.9	Conf: 1.87781	Pts: 55198
Particle (36):: Fit: 1081.86	PB: 1081.86	LB: 11434.7	GB: 11625.9	Conf: 2	Pts: 55198
Particle (37):: Fit: 0.0899152	PB: 0.0899152	LB: 11434.7	GB: 11625.9	Conf: 2	Pts: 55198
Particle (38):: Fit: 1122.46	PB: 1122.46	LB: 10826.3	GB: 11625.9	Conf: 1.97554	Pts: 60198
Particle (39):: Fit: 1122.45	PB: 1122.45	LB: 10826.3	GB: 11625.9	Conf: 2	Pts: 70198
Particle (40):: Fit: 102.096	PB: 102.096	LB: 10826.3	GB: 11625.9	Conf: 2	Pts: 55198
Particle (42):: Fit: 102.096	PB: 102.096	LB: 10826.3	GB: 11625.9	Conf: 2	Pts: 50198
Particle (47):: Fit: 1123.22	PB: 1123.22	LB: 11027.6	GB: 11625.9	Conf: 1.31902	Pts: 50198
Particle (48):: Fit: 12648	PB: 12648	LB: 12648	GB: 12648	Conf: 1.63426	Pts: 110198
Particle (49):: Fit: 1183.35	PB: 1183.35	LB: 12648	GB: 12648	Conf: 2	Pts: 50198
Global: 12648 - Correct: 47% of 100 tests
Global Best: 
  Inner Net 1
  -- 1 : 1 = 0.8126
  -- 1 : 2 = 0.9804
  -- 1 : 3 = 0.6814
  -- 1 : 4 = 0.0839
  -- 1 : 5 = 0.581
  -- 1 : 6 = 0.2912
  -- 1 : 7 = 0.6505
  -- 1 : 8 = 0.7973
  -- 1 : 9 = 0.9436
  -- 2 : 1 = 0.7076
  -- 2 : 2 = 0.8323
  -- 2 : 3 = 0.6625
  -- 2 : 4 = 0.2356
  -- 2 : 5 = 0.9509
  -- 2 : 6 = 0.7721
  -- 2 : 7 = 0.0025
  -- 2 : 8 = 0.2339
  -- 2 : 9 = 0.226
  -- 3 : 1 = 0.5283
  -- 3 : 2 = 0.7057
  -- 3 : 3 = 0.5675
  -- 3 : 4 = 0.3743
  -- 3 : 5 = 0.9867
  -- 3 : 6 = 0.0778
  -- 3 : 7 = 0.4071
  -- 3 : 8 = 0.1953
  -- 3 : 9 = 0.1122
  -- 4 : 1 = 0.1574
  -- 4 : 2 = 0.7988
  -- 4 : 3 = 0.919
  -- 4 : 4 = 0.0255
  -- 4 : 5 = 0.2331
  -- 4 : 6 = 0.0529
  -- 4 : 7 = 0.0641
  -- 4 : 8 = 0.2009
  -- 4 : 9 = 0.063
  -- 5 : 1 = 0.1331
  -- 5 : 2 = 0.5553
  -- 5 : 3 = 0.3143
  -- 5 : 4 = 0.8738
  -- 5 : 5 = 0.0924
  -- 5 : 6 = 0.1201
  -- 5 : 7 = 0.519
  -- 5 : 8 = 0.4249
  -- 5 : 9 = 0.2668
  -- 6 : 1 = 0.2063
  -- 6 : 2 = 0.5995
  -- 6 : 3 = 0.7065
  -- 6 : 4 = 0.6137
  -- 6 : 5 = 0.904
  -- 6 : 6 = 0.1642
  -- 6 : 7 = 0.8971
  -- 6 : 8 = 0.1195
  -- 6 : 9 = 0.5586
  -- 7 : 1 = 0.5766
  -- 7 : 2 = 0.9776
  -- 7 : 3 = 0.9419
  -- 7 : 4 = 0.0338
  -- 7 : 5 = 0.1978
  -- 7 : 6 = 0.0141
  -- 7 : 7 = 0.5038
  -- 7 : 8 = 0.6222
  -- 7 : 9 = 0.0583
  -- 8 : 1 = 0.0137
  -- 8 : 2 = 0.0172
  -- 8 : 3 = 0.6525
  -- 8 : 4 = 0.1759
  -- 8 : 5 = 0.2581
  -- 8 : 6 = 0.5045
  -- 8 : 7 = 0.1294
  -- 8 : 8 = 0.4226
  -- 8 : 9 = 0.1099
  -- 9 : 1 = 0.391
  -- 9 : 2 = 0.9023
  -- 9 : 3 = 0.0054
  -- 9 : 4 = 0.5529
  -- 9 : 5 = 0.692
  -- 9 : 6 = 0.6368
  -- 9 : 7 = 0.046
  -- 9 : 8 = 0.0592
  -- 9 : 9 = 0.5931
  -- 10 : 1 = 0.8695
  -- 10 : 2 = 0.0176
  -- 10 : 3 = 0.7672
  -- 10 : 4 = 0.3201
  -- 10 : 5 = 0.5284
  -- 10 : 6 = 0.9554
  -- 10 : 7 = 0.6903
  -- 10 : 8 = 0.5005
  -- 10 : 9 = 0.0919
  Inner Net 2
  -- 1 : 1 = -0.3565
  -- 1 : 2 = -0.126324
  -- 2 : 1 = 0.0486799
  -- 2 : 2 = 0.0099307
  -- 3 : 1 = -0.225611
  -- 3 : 2 = -0.3373
  -- 4 : 1 = -0.0181193
  -- 4 : 2 = -0.349345
  -- 5 : 1 = -0.14
  -- 5 : 2 = -0.149762
  -- 6 : 1 = -0.424121
  -- 6 : 2 = -0.2512
  -- 7 : 1 = -0.12564
  -- 7 : 2 = -0.281126
  -- 8 : 1 = -0.424102
  -- 8 : 2 = -0.369806
  -- 9 : 1 = -0.195093
  -- 9 : 2 = -0.336303
Out\Act	False		True
False	0.812946	0.0290338	0.84198
True	0.135174	0.0228463	0.15802
	0.94812	0.0518801
	Accuracy [ (tp + tn) / testSize ]: 0.835792
	Precision [ tp / (tp + fp) ]:      0.436364
	Sensitivity [ tp / (tp + fn) ]:    0.144144
	Specificity [ tn / (tn + fp) ]:    0.964972
	F-Score [ 2tp / (2tp + fp + fn) ]: 0.217195
Particle (0):: Fit: 102.096	PB: 102.096	LB: 12648	GB: 12648	Conf: 2	Pts: 110197
Particle (13):: Fit: 1122.49	PB: 1122.49	LB: 10827	GB: 12648	Conf: 1.22198	Pts: 65297
Particle (20):: Fit: 1142.75	PB: 1142.75	LB: 11625.9	GB: 12648	Conf: 2	Pts: 55297
Particle (26):: Fit: 102.154	PB: 102.154	LB: 11625.9	GB: 12648	Conf: 0.125251	Pts: 55297
Particle (28):: Fit: 0.0960068	PB: 0.0960068	LB: 11625.9	GB: 12648	Conf: 1.89872	Pts: 65297
Particle (31):: Fit: 0.100066	PB: 0.100066	LB: 11434.7	GB: 12648	Conf: 1.92116	Pts: 55297
Particle (36):: Fit: 1163.05	PB: 1163.05	LB: 11434.7	GB: 12648	Conf: 2	Pts: 55297
Particle (37):: Fit: 102.096	PB: 102.096	LB: 11434.7	GB: 12648	Conf: 2	Pts: 55297
Particle (39):: Fit: 1203.65	PB: 1203.65	LB: 10826.3	GB: 12648	Conf: 2	Pts: 70297
Particle (41):: Fit: 1041.26	PB: 1041.26	LB: 10826.3	GB: 12648	Conf: 1.98243	Pts: 55197
Particle (42):: Fit: 1102.15	PB: 1102.15	LB: 10826.3	GB: 12648	Conf: 2	Pts: 50297
Particle (44):: Fit: 1142.82	PB: 1142.82	LB: 12648	GB: 12648	Conf: 1.98987	Pts: 50197
Particle (45):: Fit: 1060.02	PB: 1060.02	LB: 12648	GB: 12648	Conf: 1.42508	Pts: 50196
Particle (46):: Fit: 0.0939833	PB: 0.0939833	LB: 12648	GB: 12648	Conf: 1.74224	Pts: 50197
Particle (47):: Fit: 12004.2	PB: 12004.2	LB: 12648	GB: 12648	Conf: 1.13062	Pts: 55297
Particle (0):: Fit: 1061.56	PB: 1061.56	LB: 12648	GB: 12648	Conf: 2	Pts: 110296
Particle (4):: Fit: 1142.81	PB: 1142.81	LB: 11231.7	GB: 12648	Conf: 1.81517	Pts: 55296
Particle (6):: Fit: 1203.66	PB: 1203.66	LB: 11231.7	GB: 12648	Conf: 1.35107	Pts: 70196
Particle (11):: Fit: 110.167	PB: 110.167	LB: 10827	GB: 12648	Conf: 0.669545	Pts: 55295
Particle (13):: Fit: 1232.84	PB: 1232.84	LB: 10827	GB: 12648	Conf: 1.05143	Pts: 70396
Particle (18):: Fit: 1081.98	PB: 1081.98	LB: 10827	GB: 12648	Conf: 1.95467	Pts: 90196
Particle (22):: Fit: 11638.8	PB: 11638.8	LB: 11638.8	GB: 12648	Conf: 1.95798	Pts: 110296
Particle (26):: Fit: 104.16	PB: 104.16	LB: 11638.8	GB: 12648	Conf: 0.695351	Pts: 55396
Particle (27):: Fit: 1285.77	PB: 1285.77	LB: 11625.9	GB: 12648	Conf: 1.88869	Pts: 60296
Particle (30):: Fit: 1061.95	PB: 1061.95	LB: 11434.7	GB: 12648	Conf: 1.95684	Pts: 55296
Particle (34):: Fit: 10827.1	PB: 10827.1	LB: 11434.7	GB: 12648	Conf: 1.14652	Pts: 60196
Particle (36):: Fit: 1244.24	PB: 1244.24	LB: 11434.7	GB: 12648	Conf: 2	Pts: 55396
Particle (37):: Fit: 1041.26	PB: 1041.26	LB: 11434.7	GB: 12648	Conf: 2	Pts: 55396
Particle (0):: Fit: 1102.15	PB: 1102.15	LB: 12648	GB: 12648	Conf: 2	Pts: 110395
Particle (8):: Fit: 116.168	PB: 116.168	LB: 11231.7	GB: 12648	Conf: 0.980553	Pts: 55194
Particle (10):: Fit: 1223.95	PB: 1223.95	LB: 1232.84	GB: 12648	Conf: 2	Pts: 65295
Particle (12):: Fit: 1081.86	PB: 1081.86	LB: 10827	GB: 12648	Conf: 2	Pts: 60295
Particle (14):: Fit: 1122.45	PB: 1122.45	LB: 10827	GB: 12648	Conf: 2	Pts: 55295
Particle (15):: Fit: 1102.15	PB: 1102.15	LB: 10827	GB: 12648	Conf: 2	Pts: 60295
Particle (18):: Fit: 10621.6	PB: 10621.6	LB: 11638.8	GB: 12648	Conf: 1.94589	Pts: 90295
Particle (26):: Fit: 112.17	PB: 112.17	LB: 11638.8	GB: 12648	Conf: 0.654304	Pts: 55495
Particle (31):: Fit: 102.096	PB: 102.096	LB: 11434.7	GB: 12648	Conf: 1.89604	Pts: 55395
Particle (35):: Fit: 1203.67	PB: 1203.67	LB: 11434.7	GB: 12648	Conf: 1.76747	Pts: 60195
Particle (37):: Fit: 1122.45	PB: 1122.45	LB: 11434.7	GB: 12648	Conf: 2	Pts: 55495
Particle (40):: Fit: 1081.86	PB: 1081.86	LB: 10826.3	GB: 12648	Conf: 2	Pts: 55295
Particle (41):: Fit: 1183.35	PB: 1183.35	LB: 10826.3	GB: 12648	Conf: 2	Pts: 55295
Particle (42):: Fit: 1122.45	PB: 1122.45	LB: 12004.2	GB: 12648	Conf: 2	Pts: 50395
Particle (45):: Fit: 11825.9	PB: 11825.9	LB: 12648	GB: 12648	Conf: 1.50203	Pts: 60294
Particle (47):: Fit: 12403.6	PB: 12403.6	LB: 12648	GB: 12648	Conf: 1.15337	Pts: 60395
Particle (0):: Fit: 1142.75	PB: 1142.75	LB: 12648	GB: 12648	Conf: 2	Pts: 110494
Particle (2):: Fit: 1183.35	PB: 1183.35	LB: 12648	GB: 12648	Conf: 1.98007	Pts: 55194
Particle (3):: Fit: 11226.3	PB: 11226.3	LB: 11231.7	GB: 12648	Conf: 1.77842	Pts: 60194
Particle (15):: Fit: 1183.35	PB: 1183.35	LB: 10827	GB: 12648	Conf: 2	Pts: 60394
Particle (17):: Fit: 10418.5	PB: 10418.5	LB: 11638.8	GB: 12648	Conf: 1.95948	Pts: 85294
Particle (28):: Fit: 1122.47	PB: 1122.47	LB: 11625.9	GB: 12648	Conf: 1.93855	Pts: 65394
Particle (40):: Fit: 1183.35	PB: 1183.35	LB: 11825.9	GB: 12648	Conf: 2	Pts: 55394
Particle (47):: Fit: 12409	PB: 12409	LB: 12648	GB: 12648	Conf: 1.27625	Pts: 65494
Particle (17):: Fit: 11840.4	PB: 11840.4	LB: 11840.4	GB: 12648	Conf: 1.94688	Pts: 135393
Particle (23):: Fit: 1163.16	PB: 1163.16	LB: 11638.8	GB: 12648	Conf: 0.669254	Pts: 60293
Particle (24):: Fit: 11398.8	PB: 11398.8	LB: 11638.8	GB: 12648	Conf: 1.21547	Pts: 65193
Particle (25):: Fit: 12009	PB: 12009	LB: 12009	GB: 12648	Conf: 1.3164	Pts: 165293
Particle (33):: Fit: 12246.7	PB: 12246.7	LB: 12246.7	GB: 12648	Conf: 1.9823	Pts: 160193
Particle (39):: Fit: 1305.14	PB: 1305.14	LB: 10826.3	GB: 12648	Conf: 2	Pts: 70393
Particle (45):: Fit: 13451.3	PB: 13451.3	LB: 13451.3	GB: 13451.3	Conf: 1.69721	Pts: 120392
Global: 13451.3 - Correct: 48% of 100 tests
Global Best: 
  Inner Net 1
  -- 1 : 1 = 0.0513
  -- 1 : 2 = 0.4175
  -- 1 : 3 = 0.0439
  -- 1 : 4 = 0.3172
  -- 1 : 5 = 0.0511
  -- 1 : 6 = 0.6237
  -- 1 : 7 = 0.2369
  -- 1 : 8 = 0.3559
  -- 1 : 9 = 0.7535
  -- 2 : 1 = 0.7674
  -- 2 : 2 = 0.8241
  -- 2 : 3 = 0.5479
  -- 2 : 4 = 0.5349
  -- 2 : 5 = 0.8331
  -- 2 : 6 = 0.0421
  -- 2 : 7 = 0.4374
  -- 2 : 8 = 0.378
  -- 2 : 9 = 0.1272
  -- 3 : 1 = 0.0165
  -- 3 : 2 = 0.3663
  -- 3 : 3 = 0.848
  -- 3 : 4 = 0.696
  -- 3 : 5 = 0.3414
  -- 3 : 6 = 0.421
  -- 3 : 7 = 0.4232
  -- 3 : 8 = 0.8699
  -- 3 : 9 = 0.7262
  -- 4 : 1 = 0.1963
  -- 4 : 2 = 0.0819
  -- 4 : 3 = 0.0001
  -- 4 : 4 = 0.1561
  -- 4 : 5 = 0.7065
  -- 4 : 6 = 0.2345
  -- 4 : 7 = 0.1529
  -- 4 : 8 = 0.4092
  -- 4 : 9 = 0.5822
  -- 5 : 1 = 0.055
  -- 5 : 2 = 0.6148
  -- 5 : 3 = 0.4392
  -- 5 : 4 = 0.9475
  -- 5 : 5 = 0.0843
  -- 5 : 6 = 0.9547
  -- 5 : 7 = 0.4498
  -- 5 : 8 = 0.5454
  -- 5 : 9 = 0.055
  -- 6 : 1 = 0.3893
  -- 6 : 2 = 0.016
  -- 6 : 3 = 0.8438
  -- 6 : 4 = 0.4067
  -- 6 : 5 = 0.4318
  -- 6 : 6 = 0.295
  -- 6 : 7 = 0.7526
  -- 6 : 8 = 0.4595
  -- 6 : 9 = 0.0581
  -- 7 : 1 = 0.1265
  -- 7 : 2 = 0.4528
  -- 7 : 3 = 0.9739
  -- 7 : 4 = 0.3285
  -- 7 : 5 = 0.5748
  -- 7 : 6 = 0.0308
  -- 7 : 7 = 0.744
  -- 7 : 8 = 0.0647
  -- 7 : 9 = 0.6322
  -- 8 : 1 = 0.3553
  -- 8 : 2 = 0.9506
  -- 8 : 3 = 0.7061
  -- 8 : 4 = 0.0555
  -- 8 : 5 = 0.5691
  -- 8 : 6 = 0.0294
  -- 8 : 7 = 0.0097
  -- 8 : 8 = 0.2074
  -- 8 : 9 = 0.2318
  -- 9 : 1 = 0.1657
  -- 9 : 2 = 0.6807
  -- 9 : 3 = 0.4718
  -- 9 : 4 = 0.2082
  -- 9 : 5 = 0.4625
  -- 9 : 6 = 0.6337
  -- 9 : 7 = 0.812
  -- 9 : 8 = 0.0175
  -- 9 : 9 = 0.1558
  -- 10 : 1 = 0.017
  -- 10 : 2 = 0.9604
  -- 10 : 3 = 0.6755
  -- 10 : 4 = 0.5377
  -- 10 : 5 = 0.1909
  -- 10 : 6 = 0.5948
  -- 10 : 7 = 0.405
  -- 10 : 8 = 0.81
  -- 10 : 9 = 0.0239
  Inner Net 2
  -- 1 : 1 = -0.389399
  -- 1 : 2 = 0.00361805
  -- 2 : 1 = -0.168697
  -- 2 : 2 = -0.116602
  -- 3 : 1 = -0.42208
  -- 3 : 2 = 0.215821
  -- 4 : 1 = -0.10362
  -- 4 : 2 = 0.191218
  -- 5 : 1 = -0.339193
  -- 5 : 2 = -0.1289
  -- 6 : 1 = -0.169314
  -- 6 : 2 = 0.118759
  -- 7 : 1 = -0.210113
  -- 7 : 2 = 0.0874595
  -- 8 : 1 = -0.341056
  -- 8 : 2 = -0.110486
  -- 9 : 1 = -0.230918
  -- 9 : 2 = 0.171323
Out\Act	False		True
False	0.84198	0	0.84198
True	0.15802	0	0.15802
	1	0
	Accuracy [ (tp + tn) / testSize ]: 0.84198
	Precision [ tp / (tp + fp) ]:      0
	Sensitivity [ tp / (tp + fn) ]:    0
	Specificity [ tn / (tn + fp) ]:    0.999435
	F-Score [ 2tp / (2tp + fp + fn) ]: 0
Particle (2):: Fit: 1264.54	PB: 1264.54	LB: 12648	GB: 13451.3	Conf: 2	Pts: 55292
Particle (10):: Fit: 1264.54	PB: 1264.54	LB: 1264.54	GB: 13451.3	Conf: 2	Pts: 70392
Particle (11):: Fit: 112.168	PB: 112.168	LB: 10827	GB: 13451.3	Conf: 0.349291	Pts: 55390
Particle (26):: Fit: 1041.33	PB: 1041.33	LB: 12009	GB: 13451.3	Conf: 0.628003	Pts: 55592
Particle (31):: Fit: 1021.01	PB: 1021.01	LB: 12246.7	GB: 13451.3	Conf: 1.78283	Pts: 55492
Particle (37):: Fit: 1163.05	PB: 1163.05	LB: 12246.7	GB: 13451.3	Conf: 2	Pts: 55592
Particle (41):: Fit: 10419.6	PB: 10419.6	LB: 13451.3	GB: 13451.3	Conf: 1.9888	Pts: 55392
Particle (44):: Fit: 1203.66	PB: 1203.66	LB: 13451.3	GB: 13451.3	Conf: 1.94534	Pts: 50292
Particle (46):: Fit: 1163.06	PB: 1163.06	LB: 13451.3	GB: 13451.3	Conf: 1.60079	Pts: 50292
Particle (0):: Fit: 1386.32	PB: 1386.32	LB: 12648	GB: 13451.3	Conf: 2	Pts: 110591
Particle (8):: Fit: 1203.76	PB: 1203.76	LB: 11231.7	GB: 13451.3	Conf: 0.427425	Pts: 55289
Particle (20):: Fit: 1183.35	PB: 1183.35	LB: 12009	GB: 13451.3	Conf: 2	Pts: 55391
Particle (28):: Fit: 1163.06	PB: 1163.06	LB: 12246.7	GB: 13451.3	Conf: 1.86418	Pts: 65491
Particle (46):: Fit: 11429.1	PB: 11429.1	LB: 13451.3	GB: 13451.3	Conf: 1.6485	Pts: 50391
Particle (3):: Fit: 12239.7	PB: 12239.7	LB: 12239.7	GB: 13451.3	Conf: 1.71576	Pts: 85290
Particle (9):: Fit: 12040.6	PB: 12040.6	LB: 12040.6	GB: 13451.3	Conf: 1.88036	Pts: 90190
Particle (11):: Fit: 1096.73	PB: 1096.73	LB: 12040.6	GB: 13451.3	Conf: 0.852992	Pts: 55487
Particle (12):: Fit: 1183.35	PB: 1183.35	LB: 12040.6	GB: 13451.3	Conf: 2	Pts: 60390
Particle (15):: Fit: 1244.34	PB: 1244.34	LB: 11840.4	GB: 13451.3	Conf: 1.98871	Pts: 60490
Particle (40):: Fit: 10825.7	PB: 10825.7	LB: 13451.3	GB: 13451.3	Conf: 1.96929	Pts: 55490
Particle (13):: Fit: 12603.1	PB: 12603.1	LB: 12603.1	GB: 13451.3	Conf: 1.27989	Pts: 120489
Particle (29):: Fit: 1122.45	PB: 1122.45	LB: 12246.7	GB: 13451.3	Conf: 2	Pts: 90189
Particle (8):: Fit: 1224.07	PB: 1224.07	LB: 12603.1	GB: 13451.3	Conf: 0.699214	Pts: 55385
Particle (25):: Fit: 13020.1	PB: 13020.1	LB: 13020.1	GB: 13451.3	Conf: 0.997684	Pts: 215388
Particle (31):: Fit: 1021.19	PB: 1021.19	LB: 12246.7	GB: 13451.3	Conf: 1.81289	Pts: 55588
Particle (25):: Fit: 13043.9	PB: 13043.9	LB: 13043.9	GB: 13451.3	Conf: 1.34793	Pts: 265487
Particle (26):: Fit: 1122.53	PB: 1122.53	LB: 13043.9	GB: 13451.3	Conf: 0.287867	Pts: 55686
Particle (38):: Fit: 1142.76	PB: 1142.76	LB: 10827.1	GB: 13451.3	Conf: 1.98731	Pts: 60287
Particle (30):: Fit: 1082.32	PB: 1082.32	LB: 12246.7	GB: 13451.3	Conf: 1.94168	Pts: 55386
Particle (34):: Fit: 11433.8	PB: 11433.8	LB: 12246.7	GB: 13451.3	Conf: 0.807833	Pts: 65286
Particle (42):: Fit: 1183.35	PB: 1183.35	LB: 13451.3	GB: 13451.3	Conf: 2	Pts: 50486
Particle (47):: Fit: 12842.9	PB: 12842.9	LB: 13451.3	GB: 13451.3	Conf: 1.4335	Pts: 75586
Particle (14):: Fit: 1264.54	PB: 1264.54	LB: 12603.1	GB: 13451.3	Conf: 2	Pts: 55385
Particle (18):: Fit: 11436.2	PB: 11436.2	LB: 11840.4	GB: 13451.3	Conf: 1.97465	Pts: 90385
Particle (26):: Fit: 1224.07	PB: 1224.07	LB: 13043.9	GB: 13451.3	Conf: 0.677519	Pts: 55784
Particle (19):: Fit: 1163.05	PB: 1163.05	LB: 11840.4	GB: 13451.3	Conf: 2	Pts: 100184
Particle (29):: Fit: 1163.05	PB: 1163.05	LB: 13043.9	GB: 13451.3	Conf: 2	Pts: 90284
Particle (31):: Fit: 1062.01	PB: 1062.01	LB: 12246.7	GB: 13451.3	Conf: 1.86749	Pts: 55684
Particle (14):: Fit: 1284.84	PB: 1284.84	LB: 12603.1	GB: 13451.3	Conf: 2	Pts: 55483
Particle (27):: Fit: 11635.5	PB: 11635.5	LB: 13043.9	GB: 13451.3	Conf: 1.88969	Pts: 60383
Particle (29):: Fit: 1203.65	PB: 1203.65	LB: 13043.9	GB: 13451.3	Conf: 2	Pts: 90383
Particle (37):: Fit: 1183.35	PB: 1183.35	LB: 12246.7	GB: 13451.3	Conf: 2	Pts: 55683
Particle (6):: Fit: 11232.2	PB: 11232.2	LB: 12239.7	GB: 13451.3	Conf: 1.29466	Pts: 70281
Particle (12):: Fit: 1203.65	PB: 1203.65	LB: 12603.1	GB: 13451.3	Conf: 2	Pts: 60482
Particle (30):: Fit: 1244.25	PB: 1244.25	LB: 12246.7	GB: 13451.3	Conf: 1.94739	Pts: 55482
Particle (44):: Fit: 1305.36	PB: 1305.36	LB: 13451.3	GB: 13451.3	Conf: 1.97165	Pts: 50382
Particle (20):: Fit: 1223.95	PB: 1223.95	LB: 13043.9	GB: 13451.3	Conf: 2	Pts: 55481
Particle (24):: Fit: 11414.4	PB: 11414.4	LB: 13043.9	GB: 13451.3	Conf: 1.09426	Pts: 65281
Particle (30):: Fit: 10621.8	PB: 10621.8	LB: 12246.7	GB: 13451.3	Conf: 1.95076	Pts: 55581
Particle (41):: Fit: 11434	PB: 11434	LB: 13451.3	GB: 13451.3	Conf: 1.96351	Pts: 65479
Particle (37):: Fit: 12246.8	PB: 12246.8	LB: 12246.8	GB: 13451.3	Conf: 1.98971	Pts: 95777
Particle (45):: Fit: 14060.5	PB: 14060.5	LB: 14060.5	GB: 14060.5	Conf: 1.59671	Pts: 180476
Particle (47):: Fit: 13216.8	PB: 13216.8	LB: 14060.5	GB: 14060.5	Conf: 0.890802	Pts: 85677
Global: 14060.5 - Correct: 48% of 100 tests
Global Best: 
  Inner Net 1
  -- 1 : 1 = 0.0513
  -- 1 : 2 = 0.4175
  -- 1 : 3 = 0.0439
  -- 1 : 4 = 0.3172
  -- 1 : 5 = 0.0511
  -- 1 : 6 = 0.6237
  -- 1 : 7 = 0.2369
  -- 1 : 8 = 0.3559
  -- 1 : 9 = 0.7535
  -- 2 : 1 = 0.7674
  -- 2 : 2 = 0.8241
  -- 2 : 3 = 0.5479
  -- 2 : 4 = 0.5349
  -- 2 : 5 = 0.8331
  -- 2 : 6 = 0.0421
  -- 2 : 7 = 0.4374
  -- 2 : 8 = 0.378
  -- 2 : 9 = 0.1272
  -- 3 : 1 = 0.0165
  -- 3 : 2 = 0.3663
  -- 3 : 3 = 0.848
  -- 3 : 4 = 0.696
  -- 3 : 5 = 0.3414
  -- 3 : 6 = 0.421
  -- 3 : 7 = 0.4232
  -- 3 : 8 = 0.8699
  -- 3 : 9 = 0.7262
  -- 4 : 1 = 0.1963
  -- 4 : 2 = 0.0819
  -- 4 : 3 = 0.0001
  -- 4 : 4 = 0.1561
  -- 4 : 5 = 0.7065
  -- 4 : 6 = 0.2345
  -- 4 : 7 = 0.1529
  -- 4 : 8 = 0.4092
  -- 4 : 9 = 0.5822
  -- 5 : 1 = 0.055
  -- 5 : 2 = 0.6148
  -- 5 : 3 = 0.4392
  -- 5 : 4 = 0.9475
  -- 5 : 5 = 0.0843
  -- 5 : 6 = 0.9547
  -- 5 : 7 = 0.4498
  -- 5 : 8 = 0.5454
  -- 5 : 9 = 0.055
  -- 6 : 1 = 0.3893
  -- 6 : 2 = 0.016
  -- 6 : 3 = 0.8438
  -- 6 : 4 = 0.4067
  -- 6 : 5 = 0.4318
  -- 6 : 6 = 0.295
  -- 6 : 7 = 0.7526
  -- 6 : 8 = 0.4595
  -- 6 : 9 = 0.0581
  -- 7 : 1 = 0.1265
  -- 7 : 2 = 0.4528
  -- 7 : 3 = 0.9739
  -- 7 : 4 = 0.3285
  -- 7 : 5 = 0.5748
  -- 7 : 6 = 0.0308
  -- 7 : 7 = 0.744
  -- 7 : 8 = 0.0647
  -- 7 : 9 = 0.6322
  -- 8 : 1 = 0.3553
  -- 8 : 2 = 0.9506
  -- 8 : 3 = 0.7061
  -- 8 : 4 = 0.0555
  -- 8 : 5 = 0.5691
  -- 8 : 6 = 0.0294
  -- 8 : 7 = 0.0097
  -- 8 : 8 = 0.2074
  -- 8 : 9 = 0.2318
  -- 9 : 1 = 0.1657
  -- 9 : 2 = 0.6807
  -- 9 : 3 = 0.4718
  -- 9 : 4 = 0.2082
  -- 9 : 5 = 0.4625
  -- 9 : 6 = 0.6337
  -- 9 : 7 = 0.812
  -- 9 : 8 = 0.0175
  -- 9 : 9 = 0.1558
  -- 10 : 1 = 0.017
  -- 10 : 2 = 0.9604
  -- 10 : 3 = 0.6755
  -- 10 : 4 = 0.5377
  -- 10 : 5 = 0.1909
  -- 10 : 6 = 0.5948
  -- 10 : 7 = 0.405
  -- 10 : 8 = 0.81
  -- 10 : 9 = 0.0239
  Inner Net 2
  -- 1 : 1 = -0.458927
  -- 1 : 2 = -0.2814
  -- 2 : 1 = -0.0786558
  -- 2 : 2 = -0.320048
  -- 3 : 1 = -0.441983
  -- 3 : 2 = 0.162073
  -- 4 : 1 = -0.352463
  -- 4 : 2 = -0.178233
  -- 5 : 1 = -0.653568
  -- 5 : 2 = 0.115863
  -- 6 : 1 = -0.132233
  -- 6 : 2 = 0.252085
  -- 7 : 1 = -0.279522
  -- 7 : 2 = 0.0143861
  -- 8 : 1 = -0.238869
  -- 8 : 2 = -0.215193
  -- 9 : 1 = -0.366355
  -- 9 : 2 = 0.4554
Out\Act	False		True
False	0.84198	0	0.84198
True	0.15802	0	0.15802
	1	0
	Accuracy [ (tp + tn) / testSize ]: 0.84198
	Precision [ tp / (tp + fp) ]:      0
	Sensitivity [ tp / (tp + fn) ]:    0
	Specificity [ tn / (tn + fp) ]:    0.999435
	F-Score [ 2tp / (2tp + fp + fn) ]: 0
Particle (47):: Fit: 13245.8	PB: 13245.8	LB: 14060.5	GB: 14060.5	Conf: 1.17124	Pts: 95776
Particle (16):: Fit: 10827	PB: 10827	LB: 12603.1	GB: 14060.5	Conf: 1.97384	Pts: 105275
Particle (28):: Fit: 1163.59	PB: 1163.59	LB: 13043.9	GB: 14060.5	Conf: 1.84092	Pts: 65575
Particle (31):: Fit: 11636.6	PB: 11636.6	LB: 12246.7	GB: 14060.5	Conf: 1.92662	Pts: 55775
Particle (43):: Fit: 11435.3	PB: 11435.3	LB: 14060.5	GB: 14060.5	Conf: 0.33806	Pts: 90172
Particle (23):: Fit: 1183.46	PB: 1183.46	LB: 13043.9	GB: 14060.5	Conf: 0.434886	Pts: 60372
Particle (19):: Fit: 1406.62	PB: 1406.62	LB: 11840.4	GB: 14060.5	Conf: 2	Pts: 100272
Particle (34):: Fit: 12195.8	PB: 12195.8	LB: 12246.8	GB: 14060.5	Conf: 1.03626	Pts: 65372
Particle (35):: Fit: 11224.6	PB: 11224.6	LB: 12246.8	GB: 14060.5	Conf: 1.65122	Pts: 60272
Particle (1):: Fit: 12449.5	PB: 12449.5	LB: 13245.8	GB: 14060.5	Conf: 1.96185	Pts: 125171
Particle (47):: Fit: 13658.8	PB: 13658.8	LB: 14060.5	GB: 14060.5	Conf: 1.10636	Pts: 105870
Particle (7):: Fit: 1203.73	PB: 1203.73	LB: 12239.7	GB: 14060.5	Conf: 1.9857	Pts: 55169
Particle (41):: Fit: 11637.7	PB: 11637.7	LB: 14060.5	GB: 14060.5	Conf: 1.98654	Pts: 65569
Particle (42):: Fit: 1203.65	PB: 1203.65	LB: 14060.5	GB: 14060.5	Conf: 2	Pts: 50569
Particle (38):: Fit: 11434.7	PB: 11434.7	LB: 12246.8	GB: 14060.5	Conf: 1.98501	Pts: 60368
Particle (21):: Fit: 1366.03	PB: 1366.03	LB: 13043.9	GB: 14060.5	Conf: 2	Pts: 100167
Particle (30):: Fit: 11839.7	PB: 11839.7	LB: 12246.7	GB: 14060.5	Conf: 1.94977	Pts: 55663
Particle (42):: Fit: 11840.7	PB: 11840.7	LB: 14060.5	GB: 14060.5	Conf: 1.98774	Pts: 50663
Particle (44):: Fit: 11840.8	PB: 11840.8	LB: 14060.5	GB: 14060.5	Conf: 1.9428	Pts: 50461
Particle (43):: Fit: 11841.4	PB: 11841.4	LB: 14060.5	GB: 14060.5	Conf: 1.03134	Pts: 90253
Particle (17):: Fit: 12244	PB: 12244	LB: 12603.1	GB: 14060.5	Conf: 1.84	Pts: 145459
Particle (28):: Fit: 11027.8	PB: 11027.8	LB: 13043.9	GB: 14060.5	Conf: 1.95915	Pts: 65659
Particle (20):: Fit: 12248.4	PB: 12248.4	LB: 13043.9	GB: 14060.5	Conf: 1.97406	Pts: 65555
Particle (8):: Fit: 1284.98	PB: 1284.98	LB: 12603.1	GB: 14060.5	Conf: 0.478449	Pts: 55444
Particle (9):: Fit: 12244.8	PB: 12244.8	LB: 12603.1	GB: 14060.5	Conf: 1.86516	Pts: 100254
Particle (11):: Fit: 1136.78	PB: 1136.78	LB: 12603.1	GB: 14060.5	Conf: 0.885677	Pts: 55543
Particle (10):: Fit: 10622.6	PB: 10622.6	LB: 12603.1	GB: 14060.5	Conf: 1.98949	Pts: 70451
Particle (48):: Fit: 13055.6	PB: 13055.6	LB: 14060.5	GB: 14060.5	Conf: 1.59254	Pts: 115247
Particle (47):: Fit: 13660.4	PB: 13660.4	LB: 14060.5	GB: 14060.5	Conf: 1.03609	Pts: 115944
Particle (49):: Fit: 1223.95	PB: 1223.95	LB: 14060.5	GB: 14060.5	Conf: 2	Pts: 50244
Particle (2):: Fit: 11028.7	PB: 11028.7	LB: 13055.6	GB: 14060.5	Conf: 1.98725	Pts: 55343
Particle (25):: Fit: 13054.6	PB: 13054.6	LB: 13054.6	GB: 14060.5	Conf: 1.1714	Pts: 315542
Particle (31):: Fit: 11840.7	PB: 11840.7	LB: 12246.7	GB: 14060.5	Conf: 1.785	Pts: 55842
Particle (35):: Fit: 11425.5	PB: 11425.5	LB: 12246.8	GB: 14060.5	Conf: 1.60783	Pts: 60341
Particle (32):: Fit: 10601.7	PB: 10601.7	LB: 12246.8	GB: 14060.5	Conf: 1.15389	Pts: 100140
Particle (15):: Fit: 1305.14	PB: 1305.14	LB: 12603.1	GB: 14060.5	Conf: 2	Pts: 60538
Particle (35):: Fit: 11429.8	PB: 11429.8	LB: 12246.8	GB: 14060.5	Conf: 1.78502	Pts: 60438
Particle (2):: Fit: 11028.7	PB: 11028.7	LB: 13055.6	GB: 14060.5	Conf: 1.98931	Pts: 55436
Particle (18):: Fit: 12447.4	PB: 12447.4	LB: 12447.4	GB: 14060.5	Conf: 1.88953	Pts: 100435
Particle (16):: Fit: 11027.9	PB: 11027.9	LB: 12603.1	GB: 14060.5	Conf: 1.95474	Pts: 105333
Particle (11):: Fit: 1216.9	PB: 1216.9	LB: 12603.1	GB: 14060.5	Conf: 0.699642	Pts: 55619
Particle (4):: Fit: 1163.1	PB: 1163.1	LB: 12449.5	GB: 14060.5	Conf: 1.76799	Pts: 55324
Particle (16):: Fit: 11028.7	PB: 11028.7	LB: 12603.1	GB: 14060.5	Conf: 1.98865	Pts: 105425
Particle (9):: Fit: 12442	PB: 12442	LB: 12603.1	GB: 14060.5	Conf: 1.8323	Pts: 110324
Particle (10):: Fit: 11840.7	PB: 11840.7	LB: 12603.1	GB: 14060.5	Conf: 1.98378	Pts: 70524
Particle (29):: Fit: 10622.6	PB: 10622.6	LB: 13054.6	GB: 14060.5	Conf: 1.98142	Pts: 90424
Particle (17):: Fit: 12245.4	PB: 12245.4	LB: 12603.1	GB: 14060.5	Conf: 1.86368	Pts: 145518
Particle (7):: Fit: 1426.92	PB: 1426.92	LB: 12442	GB: 14060.5	Conf: 2	Pts: 55214
Particle (13):: Fit: 13195.5	PB: 13195.5	LB: 13195.5	GB: 14060.5	Conf: 1.05183	Pts: 170513
Particle (25):: Fit: 13457.7	PB: 13457.7	LB: 13457.7	GB: 14060.5	Conf: 1.04545	Pts: 365614
Particle (2):: Fit: 11840.7	PB: 11840.7	LB: 13055.6	GB: 14060.5	Conf: 1.9829	Pts: 55512
Particle (16):: Fit: 11434.7	PB: 11434.7	LB: 13195.5	GB: 14060.5	Conf: 1.98704	Pts: 105513
Particle (22):: Fit: 11840.2	PB: 11840.2	LB: 13457.7	GB: 14060.5	Conf: 1.95981	Pts: 110313
Particle (9):: Fit: 12445.5	PB: 12445.5	LB: 13195.5	GB: 14060.5	Conf: 1.87719	Pts: 120410
Particle (32):: Fit: 10810.5	PB: 10810.5	LB: 12246.8	GB: 14060.5	Conf: 1.47294	Pts: 100210
Particle (4):: Fit: 1203.66	PB: 1203.66	LB: 12449.5	GB: 14060.5	Conf: 1.81466	Pts: 55408
Particle (13):: Fit: 13267.6	PB: 13267.6	LB: 13267.6	GB: 14060.5	Conf: 0.826968	Pts: 220607
Particle (22):: Fit: 11841.9	PB: 11841.9	LB: 13457.7	GB: 14060.5	Conf: 1.95538	Pts: 110408
Particle (33):: Fit: 12449.8	PB: 12449.8	LB: 12449.8	GB: 14060.5	Conf: 1.9857	Pts: 200207
Particle (38):: Fit: 12246.7	PB: 12246.7	LB: 12246.8	GB: 14060.5	Conf: 1.98387	Pts: 60407
Particle (46):: Fit: 11842.6	PB: 11842.6	LB: 14060.5	GB: 14060.5	Conf: 1.69118	Pts: 50402
Particle (34):: Fit: 12412.9	PB: 12412.9	LB: 12449.8	GB: 14060.5	Conf: 0.70166	Pts: 70402
Particle (40):: Fit: 11406.7	PB: 11406.7	LB: 14060.5	GB: 14060.5	Conf: 0.688489	Pts: 55498
Particle (49):: Fit: 15068.6	PB: 15068.6	LB: 15068.6	GB: 15068.6	Conf: 0.596385	Pts: 110298
Global: 15068.6 - Correct: 74% of 100 tests
Global Best: 
  Inner Net 1
  -- 1 : 1 = 0.428349
  -- 1 : 2 = -0.10965
  -- 1 : 3 = 0.3274
  -- 1 : 4 = 0.266318
  -- 1 : 5 = 0.0489
  -- 1 : 6 = 0.443946
  -- 1 : 7 = -0.0474018
  -- 1 : 8 = 0.2873
  -- 1 : 9 = 0.1821
  -- 2 : 1 = 0.6183
  -- 2 : 2 = 0.205736
  -- 2 : 3 = 0.337084
  -- 2 : 4 = 0.110997
  -- 2 : 5 = 0.0651302
  -- 2 : 6 = -0.1363
  -- 2 : 7 = 0.4164
  -- 2 : 8 = 0.500952
  -- 2 : 9 = 0.3134
  -- 3 : 1 = 0.0356882
  -- 3 : 2 = 0.3286
  -- 3 : 3 = -0.099
  -- 3 : 4 = 0.0884579
  -- 3 : 5 = 0.1571
  -- 3 : 6 = -0.0823
  -- 3 : 7 = 0.1174
  -- 3 : 8 = 0.392745
  -- 3 : 9 = 0.3138
  -- 4 : 1 = 0.3132
  -- 4 : 2 = 0.190149
  -- 4 : 3 = 0.4871
  -- 4 : 4 = 0.2148
  -- 4 : 5 = 0.2688
  -- 4 : 6 = 0.295999
  -- 4 : 7 = -0.0997
  -- 4 : 8 = 0.00061681
  -- 4 : 9 = 0.449
  -- 5 : 1 = -0.0341
  -- 5 : 2 = 0.233653
  -- 5 : 3 = 0.4498
  -- 5 : 4 = 0.4774
  -- 5 : 5 = 0.280764
  -- 5 : 6 = 0.4769
  -- 5 : 7 = 0.130334
  -- 5 : 8 = 0.0962588
  -- 5 : 9 = -0.0379295
  -- 6 : 1 = 0.365785
  -- 6 : 2 = -0.0768
  -- 6 : 3 = 0.319386
  -- 6 : 4 = -0.0339
  -- 6 : 5 = 0.0109
  -- 6 : 6 = -0.111019
  -- 6 : 7 = -0.0451
  -- 6 : 8 = 0.2902
  -- 6 : 9 = -0.0112499
  -- 7 : 1 = 0.0682
  -- 7 : 2 = 0.23659
  -- 7 : 3 = 0.0555469
  -- 7 : 4 = -0.0425
  -- 7 : 5 = 0.203494
  -- 7 : 6 = 0.4235
  -- 7 : 7 = 0.279859
  -- 7 : 8 = 0.0872
  -- 7 : 9 = -0.0394307
  -- 8 : 1 = 0.5437
  -- 8 : 2 = 0.206709
  -- 8 : 3 = 0.360354
  -- 8 : 4 = -0.0024
  -- 8 : 5 = 0.0371822
  -- 8 : 6 = 0.1602
  -- 8 : 7 = 0.3125
  -- 8 : 8 = 0.0836
  -- 8 : 9 = 0.2366
  -- 9 : 1 = 0.233075
  -- 9 : 2 = 0.424385
  -- 9 : 3 = -0.0592793
  -- 9 : 4 = 0.00182793
  -- 9 : 5 = 0.1362
  -- 9 : 6 = 0.0799085
  -- 9 : 7 = 0.667802
  -- 9 : 8 = 0.1369
  -- 9 : 9 = 0.3284
  -- 10 : 1 = 0.3389
  -- 10 : 2 = 0.1172
  -- 10 : 3 = 0.0200345
  -- 10 : 4 = 0.150179
  -- 10 : 5 = 0.2445
  -- 10 : 6 = 0.0691502
  -- 10 : 7 = 0.3299
  -- 10 : 8 = 0.140467
  -- 10 : 9 = 0.0181
  Inner Net 2
  -- 1 : 1 = -0.222365
  -- 1 : 2 = 0.0546015
  -- 2 : 1 = -0.068056
  -- 2 : 2 = -0.0777885
  -- 3 : 1 = -0.377043
  -- 3 : 2 = -0.108786
  -- 4 : 1 = -0.710217
  -- 4 : 2 = 0.0983157
  -- 5 : 1 = -0.580917
  -- 5 : 2 = 0.0488741
  -- 6 : 1 = -0.0866314
  -- 6 : 2 = 0.123151
  -- 7 : 1 = -0.641825
  -- 7 : 2 = 0.0641097
  -- 8 : 1 = 0.101762
  -- 8 : 2 = -0.343543
  -- 9 : 1 = -0.491841
  -- 9 : 2 = -0.21294
Out\Act	False		True
False	0.477868	0.364112	0.84198
True	0.0618753	0.0961447	0.15802
	0.539743	0.460257
	Accuracy [ (tp + tn) / testSize ]: 0.574012
	Precision [ tp / (tp + fp) ]:      0.208678
	Sensitivity [ tp / (tp + fn) ]:    0.606607
	Specificity [ tn / (tn + fp) ]:    0.567232
	F-Score [ 2tp / (2tp + fp + fn) ]: 0.310769
Particle (21):: Fit: 11618.9	PB: 11618.9	LB: 13457.7	GB: 15068.6	Conf: 0.631325	Pts: 100197
Particle (46):: Fit: 12234	PB: 12234	LB: 15068.6	GB: 15068.6	Conf: 0.203256	Pts: 50495
Particle (24):: Fit: 12445.1	PB: 12445.1	LB: 13457.7	GB: 15068.6	Conf: 0.453808	Pts: 65296
Particle (35):: Fit: 12236.4	PB: 12236.4	LB: 12449.8	GB: 15068.6	Conf: 0.758927	Pts: 60496
Particle (0):: Fit: 11618.6	PB: 11618.6	LB: 15068.6	GB: 15068.6	Conf: 0.929116	Pts: 110595
Particle (36):: Fit: 12018.5	PB: 12018.5	LB: 12449.8	GB: 15068.6	Conf: 0.769039	Pts: 55395
Particle (10):: Fit: 12033.8	PB: 12033.8	LB: 13267.6	GB: 15068.6	Conf: 0.709963	Pts: 70594
Particle (12):: Fit: 12030.5	PB: 12030.5	LB: 13267.6	GB: 15068.6	Conf: 0.364506	Pts: 60494
Particle (35):: Fit: 12835.7	PB: 12835.7	LB: 12835.7	GB: 15068.6	Conf: 0.594899	Pts: 110594
Particle (16):: Fit: 13669.6	PB: 13669.6	LB: 13669.6	GB: 15068.6	Conf: 0.73594	Pts: 155593
Particle (26):: Fit: 12440.4	PB: 12440.4	LB: 13457.7	GB: 15068.6	Conf: 0.611617	Pts: 55774
Particle (35):: Fit: 13045.7	PB: 13045.7	LB: 13045.7	GB: 15068.6	Conf: 0.702428	Pts: 160693
Particle (40):: Fit: 12217.3	PB: 12217.3	LB: 14060.5	GB: 15068.6	Conf: 0.527716	Pts: 55592
Particle (43):: Fit: 12466.6	PB: 12466.6	LB: 14060.5	GB: 15068.6	Conf: 0.208266	Pts: 90277
Particle (30):: Fit: 12244.5	PB: 12244.5	LB: 13045.7	GB: 15068.6	Conf: 0.0522948	Pts: 55690
Particle (15):: Fit: 12044.6	PB: 12044.6	LB: 13669.6	GB: 15068.6	Conf: 0.920526	Pts: 60589
Particle (21):: Fit: 12824	PB: 12824	LB: 13457.7	GB: 15068.6	Conf: 0.563527	Pts: 100287
Particle (4):: Fit: 12236.8	PB: 12236.8	LB: 12449.5	GB: 15068.6	Conf: 0.169878	Pts: 55486
Particle (11):: Fit: 12446.5	PB: 12446.5	LB: 13669.6	GB: 15068.6	Conf: 0.686473	Pts: 65668
Particle (19):: Fit: 13652.6	PB: 13652.6	LB: 13669.6	GB: 15068.6	Conf: 0.806727	Pts: 115287
Particle (29):: Fit: 11817.3	PB: 11817.3	LB: 13457.7	GB: 15068.6	Conf: 0.910656	Pts: 90486
Particle (41):: Fit: 12033.7	PB: 12033.7	LB: 14060.5	GB: 15068.6	Conf: 0.382494	Pts: 65587
Particle (42):: Fit: 12451	PB: 12451	LB: 14060.5	GB: 15068.6	Conf: 0.575911	Pts: 50687
Particle (6):: Fit: 12473.7	PB: 12473.7	LB: 12473.7	GB: 15068.6	Conf: 0.368207	Pts: 90276
Particle (30):: Fit: 12709.8	PB: 12709.8	LB: 13045.7	GB: 15068.6	Conf: 0.693464	Pts: 55785
Particle (39):: Fit: 11431.3	PB: 11431.3	LB: 13045.7	GB: 15068.6	Conf: 0.521526	Pts: 70384
Particle (44):: Fit: 13658.4	PB: 13658.4	LB: 15068.6	GB: 15068.6	Conf: 0.718544	Pts: 55481
Particle (31):: Fit: 12025.4	PB: 12025.4	LB: 13045.7	GB: 15068.6	Conf: 0.486046	Pts: 55881
Particle (37):: Fit: 13071.6	PB: 13071.6	LB: 13071.6	GB: 15068.6	Conf: 0.733079	Pts: 130780
Particle (29):: Fit: 12248	PB: 12248	LB: 13457.7	GB: 15068.6	Conf: 0.685103	Pts: 90577
Particle (42):: Fit: 13667.2	PB: 13667.2	LB: 14060.5	GB: 15068.6	Conf: 0.650501	Pts: 65778
Particle (8):: Fit: 11400.9	PB: 11400.9	LB: 13267.6	GB: 15068.6	Conf: 0.641384	Pts: 55461
Particle (32):: Fit: 10825.2	PB: 10825.2	LB: 13071.6	GB: 15068.6	Conf: 0.682211	Pts: 100276
Particle (4):: Fit: 12815.3	PB: 12815.3	LB: 12815.3	GB: 15068.6	Conf: 0.51481	Pts: 75574
Particle (12):: Fit: 12856.2	PB: 12856.2	LB: 13669.6	GB: 15068.6	Conf: 0.38501	Pts: 65575
Particle (48):: Fit: 13057.9	PB: 13057.9	LB: 15068.6	GB: 15068.6	Conf: 0.549432	Pts: 115275
Particle (10):: Fit: 12247.6	PB: 12247.6	LB: 13267.6	GB: 15068.6	Conf: 0.611475	Pts: 70672
Particle (3):: Fit: 12411	PB: 12411	LB: 15068.6	GB: 15068.6	Conf: 0.25554	Pts: 85271
Particle (7):: Fit: 11194.8	PB: 11194.8	LB: 12856.2	GB: 15068.6	Conf: 0.748747	Pts: 55272
Particle (10):: Fit: 13249.4	PB: 13249.4	LB: 13267.6	GB: 15068.6	Conf: 0.30064	Pts: 85769
Particle (20):: Fit: 12630.8	PB: 12630.8	LB: 13669.6	GB: 15068.6	Conf: 0.502416	Pts: 65570
Particle (32):: Fit: 11465	PB: 11465	LB: 13071.6	GB: 15068.6	Conf: 0.435846	Pts: 100369
Particle (39):: Fit: 13643	PB: 13643	LB: 13667.2	GB: 15068.6	Conf: 0.468715	Pts: 85469
Particle (2):: Fit: 12238.7	PB: 12238.7	LB: 15068.6	GB: 15068.6	Conf: 0.933108	Pts: 55565
Particle (11):: Fit: 12977.4	PB: 12977.4	LB: 13669.6	GB: 15068.6	Conf: 0.888012	Pts: 65747
Particle (30):: Fit: 13256.8	PB: 13256.8	LB: 13256.8	GB: 15068.6	Conf: 0.6098	Pts: 75867
Particle (3):: Fit: 13495.8	PB: 13495.8	LB: 15068.6	GB: 15068.6	Conf: 0.667765	Pts: 105364
Particle (32):: Fit: 12211.3	PB: 12211.3	LB: 13256.8	GB: 15068.6	Conf: 0.521585	Pts: 100461
Particle (7):: Fit: 12399.1	PB: 12399.1	LB: 13495.8	GB: 15068.6	Conf: 0.516448	Pts: 55361
Particle (28):: Fit: 12629.2	PB: 12629.2	LB: 13457.7	GB: 15068.6	Conf: 0.427659	Pts: 65660
Particle (32):: Fit: 12247.8	PB: 12247.8	LB: 13256.8	GB: 15068.6	Conf: 0.82024	Pts: 100560
Particle (2):: Fit: 12451	PB: 12451	LB: 15068.6	GB: 15068.6	Conf: 0.418017	Pts: 55658
Particle (26):: Fit: 12668.6	PB: 12668.6	LB: 13457.7	GB: 15068.6	Conf: 0.81044	Pts: 55841
Particle (36):: Fit: 12236.1	PB: 12236.1	LB: 13643	GB: 15068.6	Conf: 0.765125	Pts: 55460
Particle (27):: Fit: 12658	PB: 12658	LB: 13457.7	GB: 15068.6	Conf: 0.726689	Pts: 60355
Particle (15):: Fit: 12634.3	PB: 12634.3	LB: 13669.6	GB: 15068.6	Conf: 0.58387	Pts: 60655
Particle (38):: Fit: 12465.9	PB: 12465.9	LB: 13667.2	GB: 15068.6	Conf: 0.335032	Pts: 60455
Particle (7):: Fit: 14062.7	PB: 14062.7	LB: 14062.7	GB: 15068.6	Conf: 0.587759	Pts: 95454
Particle (33):: Fit: 12657.8	PB: 12657.8	LB: 13256.8	GB: 15068.6	Conf: 0.721551	Pts: 200253
Particle (20):: Fit: 13230.1	PB: 13230.1	LB: 13669.6	GB: 15068.6	Conf: 0.45998	Pts: 65652
Particle (36):: Fit: 12247.5	PB: 12247.5	LB: 13643	GB: 15068.6	Conf: 0.794171	Pts: 55551
Particle (8):: Fit: 11623.7	PB: 11623.7	LB: 14062.7	GB: 15068.6	Conf: 0.38312	Pts: 55529
Particle (24):: Fit: 12445.4	PB: 12445.4	LB: 13457.7	GB: 15068.6	Conf: 0.64282	Pts: 65343
Particle (29):: Fit: 12436.2	PB: 12436.2	LB: 13457.7	GB: 15068.6	Conf: 0.646633	Pts: 90643
Particle (36):: Fit: 13450.1	PB: 13450.1	LB: 13643	GB: 15068.6	Conf: 0.654464	Pts: 70642
Particle (31):: Fit: 12666.1	PB: 12666.1	LB: 13450.1	GB: 15068.6	Conf: 0.373564	Pts: 55942
Particle (37):: Fit: 13451.7	PB: 13451.7	LB: 13667.2	GB: 15068.6	Conf: 0.818812	Pts: 140842
Particle (6):: Fit: 12850.1	PB: 12850.1	LB: 14062.7	GB: 15068.6	Conf: 0.804091	Pts: 90331
Particle (32):: Fit: 12836.7	PB: 12836.7	LB: 13451.7	GB: 15068.6	Conf: 0.549293	Pts: 100637
Particle (36):: Fit: 13658.5	PB: 13658.5	LB: 13658.5	GB: 15068.6	Conf: 0.876478	Pts: 100738
Particle (8):: Fit: 14276.1	PB: 14276.1	LB: 14276.1	GB: 15068.6	Conf: 0.63477	Pts: 100620
Particle (12):: Fit: 13993	PB: 13993	LB: 14276.1	GB: 15068.6	Conf: 0.437744	Pts: 85636
Particle (46):: Fit: 12803.2	PB: 12803.2	LB: 15068.6	GB: 15068.6	Conf: 0.17741	Pts: 50532
Particle (43):: Fit: 13058.5	PB: 13058.5	LB: 14060.5	GB: 15068.6	Conf: 0.479551	Pts: 90317
Particle (5):: Fit: 11601.4	PB: 11601.4	LB: 14276.1	GB: 15068.6	Conf: 0.461982	Pts: 110127
Particle (0):: Fit: 12203.9	PB: 12203.9	LB: 15068.6	GB: 15068.6	Conf: 0.788542	Pts: 110628
Particle (32):: Fit: 13246.8	PB: 13246.8	LB: 13658.5	GB: 15068.6	Conf: 0.476525	Pts: 100727
Particle (15):: Fit: 13071.9	PB: 13071.9	LB: 13993	GB: 15068.6	Conf: 0.717832	Pts: 60725
Particle (9):: Fit: 12629.3	PB: 12629.3	LB: 14276.1	GB: 15068.6	Conf: 0.704248	Pts: 120426
Particle (18):: Fit: 12641.1	PB: 12641.1	LB: 13669.6	GB: 15068.6	Conf: 0.68735	Pts: 100425
Particle (33):: Fit: 12852.4	PB: 12852.4	LB: 13658.5	GB: 15068.6	Conf: 0.584743	Pts: 200323
Particle (38):: Fit: 13851.5	PB: 13851.5	LB: 13851.5	GB: 15068.6	Conf: 0.594318	Pts: 95521
Particle (31):: Fit: 12816.5	PB: 12816.5	LB: 13658.5	GB: 15068.6	Conf: 0.389686	Pts: 56020
Particle (42):: Fit: 14076.7	PB: 14076.7	LB: 14076.7	GB: 15068.6	Conf: 0.486172	Pts: 100818
Particle (48):: Fit: 13838.1	PB: 13838.1	LB: 15068.6	GB: 15068.6	Conf: 0.493946	Pts: 115315
Particle (5):: Fit: 12236	PB: 12236	LB: 14276.1	GB: 15068.6	Conf: 0.667475	Pts: 110213
Particle (23):: Fit: 1276.97	PB: 1276.97	LB: 13652.6	GB: 15068.6	Conf: 0.6748	Pts: 60303
Particle (41):: Fit: 12857.6	PB: 12857.6	LB: 14076.7	GB: 15068.6	Conf: 0.844102	Pts: 65614
Particle (14):: Fit: 12856.9	PB: 12856.9	LB: 13993	GB: 15068.6	Conf: 0.662542	Pts: 55413
Particle (46):: Fit: 13055.2	PB: 13055.2	LB: 15068.6	GB: 15068.6	Conf: 0.126289	Pts: 50610
Particle (24):: Fit: 13045.5	PB: 13045.5	LB: 13457.7	GB: 15068.6	Conf: 0.548451	Pts: 65406
Particle (1):: Fit: 13657.2	PB: 13657.2	LB: 15068.6	GB: 15068.6	Conf: 0.814511	Pts: 125106
Particle (18):: Fit: 13825.5	PB: 13825.5	LB: 13825.5	GB: 15068.6	Conf: 0.595288	Pts: 130506
Particle (42):: Fit: 14651.2	PB: 14651.2	LB: 14651.2	GB: 15068.6	Conf: 0.453949	Pts: 135906
Particle (40):: Fit: 12441.8	PB: 12441.8	LB: 14651.2	GB: 15068.6	Conf: 0.54845	Pts: 55603
Particle (26):: Fit: 14094.9	PB: 14094.9	LB: 14094.9	GB: 15068.6	Conf: 0.81443	Pts: 105885
Particle (43):: Fit: 13098.5	PB: 13098.5	LB: 14651.2	GB: 15068.6	Conf: 0.124165	Pts: 90388
Particle (21):: Fit: 13651.7	PB: 13651.7	LB: 14094.9	GB: 15068.6	Conf: 0.600445	Pts: 100301
Particle (4):: Fit: 13642.3	PB: 13642.3	LB: 14276.1	GB: 15068.6	Conf: 0.36114	Pts: 75600
Particle (30):: Fit: 13655.1	PB: 13655.1	LB: 14094.9	GB: 15068.6	Conf: 0.588631	Pts: 75901
Particle (0):: Fit: 13061.3	PB: 13061.3	LB: 15068.6	GB: 15068.6	Conf: 0.626821	Pts: 110696
Particle (11):: Fit: 13455.6	PB: 13455.6	LB: 14276.1	GB: 15068.6	Conf: 0.938009	Pts: 65775
Particle (40):: Fit: 13043.4	PB: 13043.4	LB: 14651.2	GB: 15068.6	Conf: 0.614679	Pts: 55695
Particle (5):: Fit: 12239.2	PB: 12239.2	LB: 14276.1	GB: 15068.6	Conf: 0.176714	Pts: 110289
Particle (2):: Fit: 13062.6	PB: 13062.6	LB: 15068.6	GB: 15068.6	Conf: 0.80874	Pts: 55691
Particle (43):: Fit: 13243.7	PB: 13243.7	LB: 14651.2	GB: 15068.6	Conf: 0.298428	Pts: 90475
Particle (36):: Fit: 14485.6	PB: 14485.6	LB: 14485.6	GB: 15068.6	Conf: 0.721012	Pts: 130790
Particle (41):: Fit: 13240.7	PB: 13240.7	LB: 14651.2	GB: 15068.6	Conf: 0.800176	Pts: 65686
Particle (29):: Fit: 13241.5	PB: 13241.5	LB: 14094.9	GB: 15068.6	Conf: 0.70337	Pts: 90685
Particle (32):: Fit: 14039.6	PB: 14039.6	LB: 14485.6	GB: 15068.6	Conf: 0.455762	Pts: 100781
Particle (25):: Fit: 13473.5	PB: 13473.5	LB: 14094.9	GB: 15068.6	Conf: 0.563936	Pts: 365580
Particle (37):: Fit: 14072.9	PB: 14072.9	LB: 14651.2	GB: 15068.6	Conf: 0.432615	Pts: 140879
Particle (3):: Fit: 13855.6	PB: 13855.6	LB: 15068.6	GB: 15068.6	Conf: 0.336878	Pts: 105376
Particle (46):: Fit: 13844.6	PB: 13844.6	LB: 15068.6	GB: 15068.6	Conf: 0.264152	Pts: 50674
Particle (0):: Fit: 13234.3	PB: 13234.3	LB: 15068.6	GB: 15068.6	Conf: 0.681555	Pts: 110773
Particle (24):: Fit: 13426.5	PB: 13426.5	LB: 14094.9	GB: 15068.6	Conf: 0.867931	Pts: 65472
Particle (34):: Fit: 12846	PB: 12846	LB: 14485.6	GB: 15068.6	Conf: 0.755606	Pts: 70372
Particle (9):: Fit: 13464.2	PB: 13464.2	LB: 14276.1	GB: 15068.6	Conf: 0.367836	Pts: 120468
Particle (23):: Fit: 1317.01	PB: 1317.01	LB: 14094.9	GB: 15068.6	Conf: 0.661546	Pts: 60354
Particle (2):: Fit: 13665	PB: 13665	LB: 15068.6	GB: 15068.6	Conf: 0.407312	Pts: 55763
Particle (17):: Fit: 14125.5	PB: 14125.5	LB: 14125.5	GB: 15068.6	Conf: 0.914085	Pts: 190460
Particle (26):: Fit: 14451.1	PB: 14451.1	LB: 14451.1	GB: 15068.6	Conf: 0.564867	Pts: 155943
Particle (30):: Fit: 14032.5	PB: 14032.5	LB: 14451.1	GB: 15068.6	Conf: 0.210885	Pts: 75964
Particle (40):: Fit: 13045.8	PB: 13045.8	LB: 14651.2	GB: 15068.6	Conf: 0.721978	Pts: 55759
Particle (2):: Fit: 14067.8	PB: 14067.8	LB: 15068.6	GB: 15068.6	Conf: 0.241002	Pts: 55858
Particle (28):: Fit: 13667.5	PB: 13667.5	LB: 14451.1	GB: 15068.6	Conf: 0.5489	Pts: 65647
Particle (43):: Fit: 13856.5	PB: 13856.5	LB: 14651.2	GB: 15068.6	Conf: 0.0957736	Pts: 90529
Particle (33):: Fit: 14879	PB: 14879	LB: 14879	GB: 15068.6	Conf: 0.325292	Pts: 250337
Particle (34):: Fit: 13251.2	PB: 13251.2	LB: 14879	GB: 15068.6	Conf: 0.829663	Pts: 70437
Particle (31):: Fit: 14071.4	PB: 14071.4	LB: 14879	GB: 15068.6	Conf: 0.455522	Pts: 56032
Particle (10):: Fit: 14076.9	PB: 14076.9	LB: 14276.1	GB: 15068.6	Conf: 0.471052	Pts: 85726
Particle (22):: Fit: 13055.4	PB: 13055.4	LB: 14451.1	GB: 15068.6	Conf: 0.812197	Pts: 110319
Particle (41):: Fit: 14078.4	PB: 14078.4	LB: 14651.2	GB: 15068.6	Conf: 0.7595	Pts: 65719
Particle (38):: Fit: 13856	PB: 13856	LB: 14651.2	GB: 15068.6	Conf: 0.421989	Pts: 95501
Particle (10):: Fit: 14258.1	PB: 14258.1	LB: 14276.1	GB: 15068.6	Conf: 0.678259	Pts: 95795
Particle (12):: Fit: 14267.5	PB: 14267.5	LB: 14276.1	GB: 15068.6	Conf: 0.746587	Pts: 105595
Particle (15):: Fit: 13656.1	PB: 13656.1	LB: 14267.5	GB: 15068.6	Conf: 0.50708	Pts: 60687
Particle (6):: Fit: 13056.5	PB: 13056.5	LB: 14276.1	GB: 15068.6	Conf: 0.740343	Pts: 90265
Particle (29):: Fit: 14689.7	PB: 14689.7	LB: 14879	GB: 15068.6	Conf: 0.639531	Pts: 110665
Particle (47):: Fit: 14062.7	PB: 14062.7	LB: 15068.6	GB: 15068.6	Conf: 0.413386	Pts: 115736
Particle (0):: Fit: 14055.4	PB: 14055.4	LB: 15068.6	GB: 15068.6	Conf: 0.690285	Pts: 110732
Particle (38):: Fit: 13874	PB: 13874	LB: 14651.2	GB: 15068.6	Conf: 0.743624	Pts: 95523
Particle (5):: Fit: 12242.6	PB: 12242.6	LB: 14276.1	GB: 15068.6	Conf: 0.754207	Pts: 110208
Particle (7):: Fit: 15296.8	PB: 15296.8	LB: 15296.8	GB: 15296.8	Conf: 0.587295	Pts: 155312
Global: 15296.8 - Correct: 75% of 100 tests
Global Best: 
  Inner Net 1
  -- 1 : 1 = -0.603827
  -- 1 : 2 = -0.224774
  -- 1 : 3 = -0.0744346
  -- 1 : 4 = 0.144409
  -- 1 : 5 = 0.046469
  -- 1 : 6 = 0.535736
  -- 1 : 7 = 0.0588726
  -- 1 : 8 = -0.196596
  -- 1 : 9 = 0.120906
  -- 2 : 1 = 0.492848
  -- 2 : 2 = 0.242746
  -- 2 : 3 = -0.272645
  -- 2 : 4 = 0.169733
  -- 2 : 5 = 0.456138
  -- 2 : 6 = -0.582812
  -- 2 : 7 = -0.0768544
  -- 2 : 8 = -0.0492422
  -- 2 : 9 = -0.507563
  -- 3 : 1 = 0.300827
  -- 3 : 2 = -0.128255
  -- 3 : 3 = 0.0895478
  -- 3 : 4 = -0.299022
  -- 3 : 5 = 0.171549
  -- 3 : 6 = -0.167611
  -- 3 : 7 = 0.0220421
  -- 3 : 8 = 0.170448
  -- 3 : 9 = 0.0075769
  -- 4 : 1 = 0.272792
  -- 4 : 2 = 0.0640023
  -- 4 : 3 = -0.0976105
  -- 4 : 4 = 0.0966684
  -- 4 : 5 = 0.293233
  -- 4 : 6 = 0.181939
  -- 4 : 7 = -0.0340246
  -- 4 : 8 = -0.257621
  -- 4 : 9 = -0.385041
  -- 5 : 1 = 0.135041
  -- 5 : 2 = -0.235761
  -- 5 : 3 = -0.0728769
  -- 5 : 4 = 0.608801
  -- 5 : 5 = -0.155966
  -- 5 : 6 = 0.170559
  -- 5 : 7 = -0.0713484
  -- 5 : 8 = -0.134758
  -- 5 : 9 = 0.298832
  -- 6 : 1 = 0
  -- 6 : 2 = -0.329632
  -- 6 : 3 = -0.2223
  -- 6 : 4 = -0.109873
  -- 6 : 5 = -0.0271242
  -- 6 : 6 = 0.0145574
  -- 6 : 7 = -0.0873516
  -- 6 : 8 = -0.113463
  -- 6 : 9 = -0.348071
  -- 7 : 1 = 0.0264633
  -- 7 : 2 = 0.212012
  -- 7 : 3 = 0.026978
  -- 7 : 4 = -0.27584
  -- 7 : 5 = -0.150366
  -- 7 : 6 = -0.107309
  -- 7 : 7 = -0.000742967
  -- 7 : 8 = 0.0107885
  -- 7 : 9 = 0.190766
  -- 8 : 1 = 0.633065
  -- 8 : 2 = 0.238745
  -- 8 : 3 = -0.0471729
  -- 8 : 4 = 0.393749
  -- 8 : 5 = 0.361759
  -- 8 : 6 = 0.493186
  -- 8 : 7 = 0.295429
  -- 8 : 8 = 0.537961
  -- 8 : 9 = 0.095238
  -- 9 : 1 = 0.549353
  -- 9 : 2 = 0.486712
  -- 9 : 3 = 0.182659
  -- 9 : 4 = -0.116626
  -- 9 : 5 = 0.198929
  -- 9 : 6 = 0.270372
  -- 9 : 7 = 0.417197
  -- 9 : 8 = 0.117943
  -- 9 : 9 = -0.0169304
  -- 10 : 1 = 0.347478
  -- 10 : 2 = -0.198437
  -- 10 : 3 = 0.041567
  -- 10 : 4 = 0.0962174
  -- 10 : 5 = 0.0195281
  -- 10 : 6 = -0.105651
  -- 10 : 7 = 0.171192
  -- 10 : 8 = -0.362873
  -- 10 : 9 = -0.160774
  Inner Net 2
  -- 1 : 1 = -0.491758
  -- 1 : 2 = 0.0789009
  -- 2 : 1 = 0.331315
  -- 2 : 2 = 0.397669
  -- 3 : 1 = 0
  -- 3 : 2 = -0.160657
  -- 4 : 1 = 0.0453178
  -- 4 : 2 = 0.196967
  -- 5 : 1 = -0.111422
  -- 5 : 2 = -0.156149
  -- 6 : 1 = -0.82852
  -- 6 : 2 = -0.397616
  -- 7 : 1 = -0.558302
  -- 7 : 2 = 0.155721
  -- 8 : 1 = -0.974743
  -- 8 : 2 = 0.0534112
  -- 9 : 1 = -0.021816
  -- 9 : 2 = 0.0613305
Out\Act	False		True
False	0.654926	0.187054	0.84198
True	0.0937649	0.0642551	0.15802
	0.748691	0.251309
	Accuracy [ (tp + tn) / testSize ]: 0.719181
	Precision [ tp / (tp + fp) ]:      0.255198
	Sensitivity [ tp / (tp + fn) ]:    0.405405
	Specificity [ tn / (tn + fp) ]:    0.777401
	F-Score [ 2tp / (2tp + fp + fn) ]: 0.313589
Particle (5):: Fit: 13848.7	PB: 13848.7	LB: 15296.8	GB: 15296.8	Conf: 0.430047	Pts: 110296
Particle (12):: Fit: 14486.1	PB: 14486.1	LB: 14486.1	GB: 15296.8	Conf: 0.473682	Pts: 130605
Particle (13):: Fit: 13455.9	PB: 13455.9	LB: 14486.1	GB: 15296.8	Conf: 0.216636	Pts: 220379
Particle (43):: Fit: 15276.6	PB: 15276.6	LB: 15276.6	GB: 15296.8	Conf: 0.340956	Pts: 140448
Particle (44):: Fit: 14065.9	PB: 14065.9	LB: 15276.6	GB: 15296.8	Conf: 0.266937	Pts: 55257
Particle (27):: Fit: 14063.8	PB: 14063.8	LB: 14689.7	GB: 15296.8	Conf: 0.818698	Pts: 60156
Particle (44):: Fit: 14255.3	PB: 14255.3	LB: 15276.6	GB: 15296.8	Conf: 0.753772	Pts: 55354
Particle (24):: Fit: 14873	PB: 14873	LB: 14873	GB: 15296.8	Conf: 0.581595	Pts: 110347
Particle (37):: Fit: 14286.8	PB: 14286.8	LB: 14879	GB: 15296.8	Conf: 0.725427	Pts: 140753
Particle (11):: Fit: 13459.8	PB: 13459.8	LB: 15296.8	GB: 15296.8	Conf: 0.755623	Pts: 65624
Particle (33):: Fit: 15475.6	PB: 15475.6	LB: 15475.6	GB: 15475.6	Conf: 0.829907	Pts: 310246
Global: 15475.6 - Correct: 76% of 100 tests
Global Best: 
  Inner Net 1
  -- 1 : 1 = 0.276546
  -- 1 : 2 = -0.248707
  -- 1 : 3 = -0.203894
  -- 1 : 4 = 0.0585202
  -- 1 : 5 = 0.126228
  -- 1 : 6 = -0.161504
  -- 1 : 7 = -0.276131
  -- 1 : 8 = -0.155213
  -- 1 : 9 = 0.279965
  -- 2 : 1 = 0.295957
  -- 2 : 2 = 0.149494
  -- 2 : 3 = 0.270318
  -- 2 : 4 = 0.161317
  -- 2 : 5 = 0.0579746
  -- 2 : 6 = -0.427101
  -- 2 : 7 = 0.201314
  -- 2 : 8 = -0.165107
  -- 2 : 9 = -0.0649454
  -- 3 : 1 = 0.419072
  -- 3 : 2 = 0.0230913
  -- 3 : 3 = 0.0675884
  -- 3 : 4 = 0.391901
  -- 3 : 5 = 0.513176
  -- 3 : 6 = -0.0278508
  -- 3 : 7 = 0.272066
  -- 3 : 8 = -0.172696
  -- 3 : 9 = -0.038566
  -- 4 : 1 = 0.0102329
  -- 4 : 2 = 0.280516
  -- 4 : 3 = -0.00131881
  -- 4 : 4 = -0.0681214
  -- 4 : 5 = 0.324866
  -- 4 : 6 = 0.0586495
  -- 4 : 7 = 0.0773312
  -- 4 : 8 = 0.0352379
  -- 4 : 9 = 0.220244
  -- 5 : 1 = 0.129074
  -- 5 : 2 = -0.136729
  -- 5 : 3 = 0.066499
  -- 5 : 4 = 0.178091
  -- 5 : 5 = -0.199396
  -- 5 : 6 = 0.156139
  -- 5 : 7 = 0.189777
  -- 5 : 8 = -0.318896
  -- 5 : 9 = 0.13303
  -- 6 : 1 = 0.129059
  -- 6 : 2 = 0.394512
  -- 6 : 3 = -0.15879
  -- 6 : 4 = -0.328492
  -- 6 : 5 = 0.254783
  -- 6 : 6 = 0.22948
  -- 6 : 7 = 0.165895
  -- 6 : 8 = -0.151316
  -- 6 : 9 = -0.112866
  -- 7 : 1 = 0.364161
  -- 7 : 2 = 0.126451
  -- 7 : 3 = -0.150044
  -- 7 : 4 = 0.142505
  -- 7 : 5 = 0.0272296
  -- 7 : 6 = -0.127588
  -- 7 : 7 = 0.26417
  -- 7 : 8 = 0.0561673
  -- 7 : 9 = -0.0108392
  -- 8 : 1 = -0.112798
  -- 8 : 2 = 0.000302325
  -- 8 : 3 = -0.131828
  -- 8 : 4 = -0.328523
  -- 8 : 5 = -0.237693
  -- 8 : 6 = 0.077435
  -- 8 : 7 = 0.426957
  -- 8 : 8 = 0.0799537
  -- 8 : 9 = 0.0244392
  -- 9 : 1 = -0.144927
  -- 9 : 2 = -0.100798
  -- 9 : 3 = 0.0287547
  -- 9 : 4 = -0.107419
  -- 9 : 5 = -0.0739075
  -- 9 : 6 = -0.0049065
  -- 9 : 7 = -0.167186
  -- 9 : 8 = -0.429288
  -- 9 : 9 = 0.0653125
  -- 10 : 1 = 0.328703
  -- 10 : 2 = -0.115619
  -- 10 : 3 = -0.229829
  -- 10 : 4 = -0.00975349
  -- 10 : 5 = 0.235403
  -- 10 : 6 = 0.242226
  -- 10 : 7 = -0.0183165
  -- 10 : 8 = -0.393508
  -- 10 : 9 = 0.0703044
  Inner Net 2
  -- 1 : 1 = 0.0960809
  -- 1 : 2 = 0.0458151
  -- 2 : 1 = 0.205905
  -- 2 : 2 = -0.132523
  -- 3 : 1 = -0.0751001
  -- 3 : 2 = 0.0122409
  -- 4 : 1 = 0.789012
  -- 4 : 2 = 0.373651
  -- 5 : 1 = 0.378013
  -- 5 : 2 = -0.0293344
  -- 6 : 1 = -0.0659516
  -- 6 : 2 = 0.0268342
  -- 7 : 1 = -0.0414613
  -- 7 : 2 = -0.0760462
  -- 8 : 1 = -0.181521
  -- 8 : 2 = 0.246322
  -- 9 : 1 = 0.0621495
  -- 9 : 2 = -0.355025
Out\Act	False		True
False	0.705378	0.136602	0.84198
True	0.0994764	0.0585436	0.15802
	0.804855	0.195145
	Accuracy [ (tp + tn) / testSize ]: 0.763922
	Precision [ tp / (tp + fp) ]:      0.29927
	Sensitivity [ tp / (tp + fn) ]:    0.369369
	Specificity [ tn / (tn + fp) ]:    0.837288
	F-Score [ 2tp / (2tp + fp + fn) ]: 0.33109
Particle (32):: Fit: 14459.4	PB: 14459.4	LB: 15475.6	GB: 15475.6	Conf: 0.860273	Pts: 100641
Particle (4):: Fit: 13841.5	PB: 13841.5	LB: 15296.8	GB: 15475.6	Conf: 0.41442	Pts: 75439
Particle (6):: Fit: 13066.4	PB: 13066.4	LB: 15296.8	GB: 15475.6	Conf: 0.657399	Pts: 90233
Particle (22):: Fit: 13254.9	PB: 13254.9	LB: 14873	GB: 15475.6	Conf: 0.75353	Pts: 110231
Particle (40):: Fit: 13855.6	PB: 13855.6	LB: 15276.6	GB: 15475.6	Conf: 0.591214	Pts: 55617
Particle (47):: Fit: 14072	PB: 14072	LB: 15276.6	GB: 15475.6	Conf: 0.792558	Pts: 115705
Particle (1):: Fit: 14225.5	PB: 14225.5	LB: 15068.6	GB: 15475.6	Conf: 0.509334	Pts: 124896
Particle (25):: Fit: 14282.9	PB: 14282.9	LB: 14873	GB: 15475.6	Conf: 0.479044	Pts: 365349
Particle (6):: Fit: 14263	PB: 14263	LB: 15296.8	GB: 15475.6	Conf: 0.78392	Pts: 90238
Particle (19):: Fit: 13853.5	PB: 13853.5	LB: 14873	GB: 15475.6	Conf: 0.607279	Pts: 114946
Particle (15):: Fit: 14050.7	PB: 14050.7	LB: 14486.1	GB: 15475.6	Conf: 0.722416	Pts: 60539
Particle (15):: Fit: 14056.1	PB: 14056.1	LB: 14486.1	GB: 15475.6	Conf: 0.702299	Pts: 60626
Particle (31):: Fit: 15232.5	PB: 15232.5	LB: 15475.6	GB: 15475.6	Conf: 0.698862	Pts: 65831
Particle (36):: Fit: 15269.5	PB: 15269.5	LB: 15475.6	GB: 15475.6	Conf: 0.761602	Pts: 130530
Particle (15):: Fit: 14668.1	PB: 14668.1	LB: 14668.1	GB: 15475.6	Conf: 0.400339	Pts: 95695
Particle (3):: Fit: 14036.8	PB: 14036.8	LB: 15296.8	GB: 15475.6	Conf: 0.306311	Pts: 105095
Particle (10):: Fit: 14690.6	PB: 14690.6	LB: 15296.8	GB: 15475.6	Conf: 0.428179	Pts: 110568
Particle (11):: Fit: 13839.1	PB: 13839.1	LB: 15296.8	GB: 15475.6	Conf: 0.699639	Pts: 65543
Particle (13):: Fit: 13462.8	PB: 13462.8	LB: 14690.6	GB: 15475.6	Conf: 0.810241	Pts: 220245
Particle (13):: Fit: 13879.2	PB: 13879.2	LB: 14690.6	GB: 15475.6	Conf: 0.875042	Pts: 220340
Particle (34):: Fit: 13453.8	PB: 13453.8	LB: 15475.6	GB: 15475.6	Conf: 0.711476	Pts: 70122
Particle (39):: Fit: 14458.6	PB: 14458.6	LB: 15276.6	GB: 15475.6	Conf: 0.60857	Pts: 85018
Particle (21):: Fit: 13861.5	PB: 13861.5	LB: 14873	GB: 15475.6	Conf: 0.401584	Pts: 99912
Particle (15):: Fit: 15078	PB: 15078	LB: 15078	GB: 15475.6	Conf: 0.422821	Pts: 135712
Particle (11):: Fit: 13857.7	PB: 13857.7	LB: 15296.8	GB: 15475.6	Conf: 0.763354	Pts: 65564
Particle (11):: Fit: 14048.1	PB: 14048.1	LB: 15296.8	GB: 15475.6	Conf: 0.767628	Pts: 65659
Particle (3):: Fit: 14078.4	PB: 14078.4	LB: 15296.8	GB: 15475.6	Conf: 0.228659	Pts: 105082
Particle (35):: Fit: 14249.6	PB: 14249.6	LB: 15475.6	GB: 15475.6	Conf: 0.533766	Pts: 160156
Particle (19):: Fit: 15070.4	PB: 15070.4	LB: 15078	GB: 15475.6	Conf: 0.768925	Pts: 134862
Particle (11):: Fit: 14077.6	PB: 14077.6	LB: 15296.8	GB: 15475.6	Conf: 0.559148	Pts: 65729
Particle (18):: Fit: 14079.7	PB: 14079.7	LB: 15078	GB: 15475.6	Conf: 0.870865	Pts: 130011
Particle (2):: Fit: 14075.2	PB: 14075.2	LB: 15296.8	GB: 15475.6	Conf: 0.815784	Pts: 55415
Particle (27):: Fit: 14468.6	PB: 14468.6	LB: 15232.5	GB: 15475.6	Conf: 0.680353	Pts: 59879
Particle (38):: Fit: 14696.1	PB: 14696.1	LB: 15276.6	GB: 15475.6	Conf: 0.439607	Pts: 95182
Particle (17):: Fit: 14294.2	PB: 14294.2	LB: 15078	GB: 15475.6	Conf: 0.357323	Pts: 189946
Particle (2):: Fit: 14483.3	PB: 14483.3	LB: 15296.8	GB: 15475.6	Conf: 0.738319	Pts: 55451
Particle (11):: Fit: 14487.1	PB: 14487.1	LB: 15296.8	GB: 15475.6	Conf: 0.805868	Pts: 65713
Particle (30):: Fit: 14291.8	PB: 14291.8	LB: 15475.6	GB: 15475.6	Conf: 0.593855	Pts: 75435
Particle (21):: Fit: 14447.2	PB: 14447.2	LB: 15070.4	GB: 15475.6	Conf: 0.349936	Pts: 99805
Particle (26):: Fit: 14878.4	PB: 14878.4	LB: 15232.5	GB: 15475.6	Conf: 0.239289	Pts: 165381
Particle (28):: Fit: 13852.7	PB: 13852.7	LB: 15475.6	GB: 15475.6	Conf: 0.552668	Pts: 65086
Particle (12):: Fit: 14686.4	PB: 14686.4	LB: 15078	GB: 15475.6	Conf: 0.299825	Pts: 130133
Particle (9):: Fit: 13840.5	PB: 13840.5	LB: 15296.8	GB: 15475.6	Conf: 0.502322	Pts: 119796
Particle (45):: Fit: 14257.4	PB: 14257.4	LB: 15276.6	GB: 15475.6	Conf: 0.827895	Pts: 179584
Particle (3):: Fit: 14669	PB: 14669	LB: 15296.8	GB: 15475.6	Conf: 0.809615	Pts: 104887
Particle (9):: Fit: 14085	PB: 14085	LB: 15296.8	GB: 15475.6	Conf: 0.281975	Pts: 119867
Particle (44):: Fit: 14665.7	PB: 14665.7	LB: 15276.6	GB: 15475.6	Conf: 0.415291	Pts: 54810
Particle (47):: Fit: 14094.5	PB: 14094.5	LB: 15276.6	GB: 15475.6	Conf: 0.776242	Pts: 115154
Particle (4):: Fit: 14667.4	PB: 14667.4	LB: 15296.8	GB: 15475.6	Conf: 0.255413	Pts: 74837
Particle (32):: Fit: 14671.3	PB: 14671.3	LB: 15475.6	GB: 15475.6	Conf: 0.593519	Pts: 100015
Particle (16):: Fit: 15486.9	PB: 15486.9	LB: 15486.9	GB: 15486.9	Conf: 0.586887	Pts: 214532
Global: 15486.9 - Correct: 76% of 100 tests
Global Best: 
  Inner Net 1
  -- 1 : 1 = -0.113983
  -- 1 : 2 = -0.370458
  -- 1 : 3 = 0.0578742
  -- 1 : 4 = 0.535075
  -- 1 : 5 = 0.150654
  -- 1 : 6 = 0.298101
  -- 1 : 7 = -0.0790508
  -- 1 : 8 = 0.129649
  -- 1 : 9 = 0.336849
  -- 2 : 1 = 0.16985
  -- 2 : 2 = -0.161449
  -- 2 : 3 = 0.466016
  -- 2 : 4 = 0.154048
  -- 2 : 5 = 0.469898
  -- 2 : 6 = -0.249896
  -- 2 : 7 = 0.00706948
  -- 2 : 8 = 0.553
  -- 2 : 9 = -0.329702
  -- 3 : 1 = 0.179255
  -- 3 : 2 = 0.0344616
  -- 3 : 3 = 0.399671
  -- 3 : 4 = -0.0453497
  -- 3 : 5 = 0.407424
  -- 3 : 6 = 0.0162204
  -- 3 : 7 = 0.0896892
  -- 3 : 8 = 0.0399823
  -- 3 : 9 = 0.039657
  -- 4 : 1 = -0.12576
  -- 4 : 2 = 0.416141
  -- 4 : 3 = 0.158943
  -- 4 : 4 = 0.123686
  -- 4 : 5 = 0.372732
  -- 4 : 6 = -0.0798468
  -- 4 : 7 = 0.00501241
  -- 4 : 8 = 0.166152
  -- 4 : 9 = 0.0607257
  -- 5 : 1 = 0.540989
  -- 5 : 2 = -0.0331434
  -- 5 : 3 = 0.137191
  -- 5 : 4 = 0.0702771
  -- 5 : 5 = -0.284881
  -- 5 : 6 = 0.0872563
  -- 5 : 7 = -0.0797191
  -- 5 : 8 = 0.107126
  -- 5 : 9 = 0.25451
  -- 6 : 1 = -0.0180275
  -- 6 : 2 = 0.335532
  -- 6 : 3 = -0.106741
  -- 6 : 4 = -0.235506
  -- 6 : 5 = -0.323874
  -- 6 : 6 = -0.161926
  -- 6 : 7 = 0.251391
  -- 6 : 8 = -0.0373364
  -- 6 : 9 = 0.13501
  -- 7 : 1 = 0.403577
  -- 7 : 2 = 0.223881
  -- 7 : 3 = -0.0746638
  -- 7 : 4 = 0.0462255
  -- 7 : 5 = 0.259762
  -- 7 : 6 = 0.654474
  -- 7 : 7 = -0.059169
  -- 7 : 8 = 0.19323
  -- 7 : 9 = 0.592763
  -- 8 : 1 = 0.763032
  -- 8 : 2 = 0.257086
  -- 8 : 3 = -0.0965366
  -- 8 : 4 = -0.168388
  -- 8 : 5 = -0.0269823
  -- 8 : 6 = -0.0258717
  -- 8 : 7 = 0.49231
  -- 8 : 8 = -0.00729579
  -- 8 : 9 = -0.130062
  -- 9 : 1 = 0.301941
  -- 9 : 2 = -0.330958
  -- 9 : 3 = 0.0232187
  -- 9 : 4 = -0.0134783
  -- 9 : 5 = 0.498925
  -- 9 : 6 = -0.140733
  -- 9 : 7 = -0.123838
  -- 9 : 8 = -0.115153
  -- 9 : 9 = 0.0583435
  -- 10 : 1 = -0.382969
  -- 10 : 2 = 0.514373
  -- 10 : 3 = 0.296555
  -- 10 : 4 = -0.0794229
  -- 10 : 5 = 0.486432
  -- 10 : 6 = -0.101346
  -- 10 : 7 = -0.269899
  -- 10 : 8 = -0.345214
  -- 10 : 9 = 0.182151
  Inner Net 2
  -- 1 : 1 = -0.582845
  -- 1 : 2 = -0.216031
  -- 2 : 1 = 0.628696
  -- 2 : 2 = -0.0988673
  -- 3 : 1 = 0.573266
  -- 3 : 2 = -0.0248131
  -- 4 : 1 = -0.514303
  -- 4 : 2 = 0.107601
  -- 5 : 1 = 0.382411
  -- 5 : 2 = -0.260578
  -- 6 : 1 = -0.505613
  -- 6 : 2 = 0.388958
  -- 7 : 1 = -0.394883
  -- 7 : 2 = -0.0235471
  -- 8 : 1 = 0.298699
  -- 8 : 2 = -0.14591
  -- 9 : 1 = -0.0610031
  -- 9 : 2 = 0.356763
Out\Act	False		True
False	0.422656	0.419324	0.84198
True	0.0499762	0.108044	0.15802
	0.472632	0.527368
	Accuracy [ (tp + tn) / testSize ]: 0.5307
	Precision [ tp / (tp + fp) ]:      0.204689
	Sensitivity [ tp / (tp + fn) ]:    0.681682
	Specificity [ tn / (tn + fp) ]:    0.501695
	F-Score [ 2tp / (2tp + fp + fn) ]: 0.315059
Particle (46):: Fit: 13858.9	PB: 13858.9	LB: 15276.6	GB: 15486.9	Conf: 0.206217	Pts: 49694
Particle (48):: Fit: 14468.3	PB: 14468.3	LB: 15068.6	GB: 15486.9	Conf: 0.585929	Pts: 114288
Particle (13):: Fit: 14472.1	PB: 14472.1	LB: 15486.9	GB: 15486.9	Conf: 0.555197	Pts: 219749
Particle (23):: Fit: 11665.2	PB: 11665.2	LB: 15070.4	GB: 15486.9	Conf: 0.740864	Pts: 59316
Particle (11):: Fit: 14661.5	PB: 14661.5	LB: 15486.9	GB: 15486.9	Conf: 0.695677	Pts: 65281
Particle (39):: Fit: 15075.7	PB: 15075.7	LB: 15276.6	GB: 15486.9	Conf: 0.541563	Pts: 84395
Particle (28):: Fit: 14040.8	PB: 14040.8	LB: 15475.6	GB: 15486.9	Conf: 0.629209	Pts: 64663
Particle (11):: Fit: 14692.7	PB: 14692.7	LB: 15486.9	GB: 15486.9	Conf: 0.73985	Pts: 65341
Particle (46):: Fit: 14256.2	PB: 14256.2	LB: 15276.6	GB: 15486.9	Conf: 0.292311	Pts: 49648
Particle (1):: Fit: 14457.3	PB: 14457.3	LB: 15068.6	GB: 15486.9	Conf: 0.523148	Pts: 124038
Particle (5):: Fit: 14052	PB: 14052	LB: 15296.8	GB: 15486.9	Conf: 0.413257	Pts: 109319
Particle (22):: Fit: 13644.9	PB: 13644.9	LB: 15070.4	GB: 15486.9	Conf: 0.834335	Pts: 109304
Particle (0):: Fit: 14059	PB: 14059	LB: 15068.6	GB: 15486.9	Conf: 0.942949	Pts: 109644
Particle (47):: Fit: 15079.3	PB: 15079.3	LB: 15276.6	GB: 15486.9	Conf: 0.373227	Pts: 134801
Particle (6):: Fit: 14678.5	PB: 14678.5	LB: 15296.8	GB: 15486.9	Conf: 0.707267	Pts: 89280
Particle (34):: Fit: 14245.5	PB: 14245.5	LB: 15475.6	GB: 15486.9	Conf: 0.711933	Pts: 69205
Particle (28):: Fit: 14066.1	PB: 14066.1	LB: 15475.6	GB: 15486.9	Conf: 0.441024	Pts: 64446
Particle (20):: Fit: 13448	PB: 13448	LB: 15486.9	GB: 15486.9	Conf: 0.623526	Pts: 64118
Particle (29):: Fit: 15299.4	PB: 15299.4	LB: 15475.6	GB: 15486.9	Conf: 0.609543	Pts: 129315
Particle (40):: Fit: 15518.3	PB: 15518.3	LB: 15518.3	GB: 15518.3	Conf: 0.582271	Pts: 114320
Global: 15518.3 - Correct: 76% of 100 tests
Global Best: 
  Inner Net 1
  -- 1 : 1 = 0.0363774
  -- 1 : 2 = 0.206612
  -- 1 : 3 = 0.522806
  -- 1 : 4 = -0.0322703
  -- 1 : 5 = 0.0200778
  -- 1 : 6 = 0.178041
  -- 1 : 7 = 0.145945
  -- 1 : 8 = 0.496569
  -- 1 : 9 = 0.17582
  -- 2 : 1 = 0.295037
  -- 2 : 2 = 0.155118
  -- 2 : 3 = -0.0240239
  -- 2 : 4 = 0.26077
  -- 2 : 5 = 0.16122
  -- 2 : 6 = -0.21118
  -- 2 : 7 = 0.099916
  -- 2 : 8 = -0.0473145
  -- 2 : 9 = 0.0777804
  -- 3 : 1 = 0.578346
  -- 3 : 2 = 0.233871
  -- 3 : 3 = -0.0932266
  -- 3 : 4 = -0.145825
  -- 3 : 5 = 0.514765
  -- 3 : 6 = 0.146173
  -- 3 : 7 = 0.188739
  -- 3 : 8 = 0.0102155
  -- 3 : 9 = 0.118056
  -- 4 : 1 = 0.459909
  -- 4 : 2 = 0.384095
  -- 4 : 3 = -0.114883
  -- 4 : 4 = -0.120987
  -- 4 : 5 = 0.00859948
  -- 4 : 6 = -0.0682761
  -- 4 : 7 = 0.140087
  -- 4 : 8 = 0.178174
  -- 4 : 9 = 0.178488
  -- 5 : 1 = 0.059959
  -- 5 : 2 = 0.0808081
  -- 5 : 3 = 0.263156
  -- 5 : 4 = -0.0346153
  -- 5 : 5 = -0.270475
  -- 5 : 6 = -0.0452422
  -- 5 : 7 = 0.0832129
  -- 5 : 8 = -0.00768118
  -- 5 : 9 = 0.0547681
  -- 6 : 1 = 0.658356
  -- 6 : 2 = -0.153404
  -- 6 : 3 = 0.106958
  -- 6 : 4 = 0.252318
  -- 6 : 5 = -0.170409
  -- 6 : 6 = -0.163582
  -- 6 : 7 = -0.0461387
  -- 6 : 8 = 0.0427364
  -- 6 : 9 = 0.2346
  -- 7 : 1 = 0.02641
  -- 7 : 2 = 0.0234242
  -- 7 : 3 = -0.0135113
  -- 7 : 4 = 0.341585
  -- 7 : 5 = 0.281253
  -- 7 : 6 = -0.0738768
  -- 7 : 7 = -0.201508
  -- 7 : 8 = 0.00557734
  -- 7 : 9 = -0.00511087
  -- 8 : 1 = 0.502036
  -- 8 : 2 = 0.330131
  -- 8 : 3 = -0.153317
  -- 8 : 4 = -0.133068
  -- 8 : 5 = -0.281993
  -- 8 : 6 = 0.263135
  -- 8 : 7 = -0.121812
  -- 8 : 8 = -0.126001
  -- 8 : 9 = 0.483204
  -- 9 : 1 = 0.424492
  -- 9 : 2 = -0.375276
  -- 9 : 3 = -0.412877
  -- 9 : 4 = 0.334815
  -- 9 : 5 = -0.256283
  -- 9 : 6 = 0.138193
  -- 9 : 7 = -0.234793
  -- 9 : 8 = -0.127402
  -- 9 : 9 = 0.101054
  -- 10 : 1 = -0.118012
  -- 10 : 2 = -0.449476
  -- 10 : 3 = 0.116041
  -- 10 : 4 = -0.270542
  -- 10 : 5 = -0.212953
  -- 10 : 6 = -0.483312
  -- 10 : 7 = 0.275298
  -- 10 : 8 = -0.0149343
  -- 10 : 9 = 0.0614135
  Inner Net 2
  -- 1 : 1 = -0.594819
  -- 1 : 2 = 0.0104322
  -- 2 : 1 = 0.260061
  -- 2 : 2 = -0.0998825
  -- 3 : 1 = -0.323064
  -- 3 : 2 = -0.0879842
  -- 4 : 1 = -0.357296
  -- 4 : 2 = 0.0321429
  -- 5 : 1 = -0.6364
  -- 5 : 2 = 0.291972
  -- 6 : 1 = 0.0793832
  -- 6 : 2 = 0.124522
  -- 7 : 1 = -0.30654
  -- 7 : 2 = 0.196699
  -- 8 : 1 = -0.467414
  -- 8 : 2 = 0.140901
  -- 9 : 1 = 0.0449759
  -- 9 : 2 = -0.103736
Out\Act	False		True
False	0.600666	0.241314	0.84198
True	0.0618753	0.0961447	0.15802
	0.662542	0.337458
	Accuracy [ (tp + tn) / testSize ]: 0.696811
	Precision [ tp / (tp + fp) ]:      0.284507
	Sensitivity [ tp / (tp + fn) ]:    0.606607
	Specificity [ tn / (tn + fp) ]:    0.712994
	F-Score [ 2tp / (2tp + fp + fn) ]: 0.387716
Particle (34):: Fit: 14668.9	PB: 14668.9	LB: 15475.6	GB: 15518.3	Conf: 0.732171	Pts: 69099
Particle (9):: Fit: 14496.7	PB: 14496.7	LB: 15296.8	GB: 15518.3	Conf: 0.486343	Pts: 119090
Particle (18):: Fit: 15302.3	PB: 15302.3	LB: 15486.9	GB: 15518.3	Conf: 0.739689	Pts: 138955
Particle (30):: Fit: 14871.1	PB: 14871.1	LB: 15475.6	GB: 15518.3	Conf: 0.439647	Pts: 74428
Particle (2):: Fit: 15092.1	PB: 15092.1	LB: 15296.8	GB: 15518.3	Conf: 0.371117	Pts: 74250
Particle (46):: Fit: 15085.4	PB: 15085.4	LB: 15276.6	GB: 15518.3	Conf: 0.290543	Pts: 49032
Particle (25):: Fit: 14684.5	PB: 14684.5	LB: 15299.4	GB: 15518.3	Conf: 0.570404	Pts: 363825
Particle (22):: Fit: 14449.5	PB: 14449.5	LB: 15302.3	GB: 15518.3	Conf: 0.785422	Pts: 108664
Particle (23):: Fit: 11671.5	PB: 11671.5	LB: 15070.4	GB: 15518.3	Conf: 0.614131	Pts: 58492
Particle (5):: Fit: 14066.2	PB: 14066.2	LB: 15296.8	GB: 15518.3	Conf: 0.314535	Pts: 108600
Particle (41):: Fit: 14262.7	PB: 14262.7	LB: 15518.3	GB: 15518.3	Conf: 0.551583	Pts: 63820
Particle (8):: Fit: 14289.7	PB: 14289.7	LB: 15296.8	GB: 15518.3	Conf: 0.690201	Pts: 98540
Particle (23):: Fit: 12011.6	PB: 12011.6	LB: 15070.4	GB: 15518.3	Conf: 0.630004	Pts: 58493
Particle (10):: Fit: 14880	PB: 14880	LB: 15296.8	GB: 15518.3	Conf: 0.495772	Pts: 108839
Particle (45):: Fit: 14475.4	PB: 14475.4	LB: 15276.6	GB: 15518.3	Conf: 0.456231	Pts: 178178
Particle (28):: Fit: 14067.8	PB: 14067.8	LB: 15475.6	GB: 15518.3	Conf: 0.435743	Pts: 63722
Particle (22):: Fit: 15067.6	PB: 15067.6	LB: 15302.3	GB: 15518.3	Conf: 0.924282	Pts: 108406
Particle (32):: Fit: 15088.2	PB: 15088.2	LB: 15475.6	GB: 15518.3	Conf: 0.431268	Pts: 98734
Particle (20):: Fit: 13681.5	PB: 13681.5	LB: 15486.9	GB: 15518.3	Conf: 0.883544	Pts: 63357
Particle (42):: Fit: 14689.1	PB: 14689.1	LB: 15518.3	GB: 15518.3	Conf: 0.387739	Pts: 133530
Particle (0):: Fit: 14660	PB: 14660	LB: 15092.1	GB: 15518.3	Conf: 0.605591	Pts: 108564
Particle (41):: Fit: 14263.5	PB: 14263.5	LB: 15518.3	GB: 15518.3	Conf: 0.261361	Pts: 63454
Particle (28):: Fit: 14676.2	PB: 14676.2	LB: 15475.6	GB: 15518.3	Conf: 0.53653	Pts: 63623
Particle (4):: Fit: 15909.4	PB: 15909.4	LB: 15909.4	GB: 15909.4	Conf: 0.176631	Pts: 133341
Global: 15909.4 - Correct: 78% of 100 tests
Global Best: 
  Inner Net 1
  -- 1 : 1 = -0.592686
  -- 1 : 2 = 0.072519
  -- 1 : 3 = 0.219796
  -- 1 : 4 = 0.0852549
  -- 1 : 5 = 0.00630826
  -- 1 : 6 = 0.340913
  -- 1 : 7 = 0.111844
  -- 1 : 8 = -0.0955248
  -- 1 : 9 = -0.0390198
  -- 2 : 1 = 0.380539
  -- 2 : 2 = 0.0277576
  -- 2 : 3 = 0.220242
  -- 2 : 4 = 0.201817
  -- 2 : 5 = 0.17098
  -- 2 : 6 = -0.164806
  -- 2 : 7 = -0.169949
  -- 2 : 8 = 0.277354
  -- 2 : 9 = -0.211048
  -- 3 : 1 = 0.034717
  -- 3 : 2 = -0.106145
  -- 3 : 3 = -0.0202596
  -- 3 : 4 = -0.0356501
  -- 3 : 5 = 0.660055
  -- 3 : 6 = 0.0497664
  -- 3 : 7 = 0.2758
  -- 3 : 8 = 0.259638
  -- 3 : 9 = 0.135243
  -- 4 : 1 = 0.0748158
  -- 4 : 2 = -0.0825352
  -- 4 : 3 = 0.2553
  -- 4 : 4 = 0.171039
  -- 4 : 5 = 0.204037
  -- 4 : 6 = 0.205282
  -- 4 : 7 = 0.133749
  -- 4 : 8 = 0.0602109
  -- 4 : 9 = 0.107267
  -- 5 : 1 = 0.150421
  -- 5 : 2 = -0.209607
  -- 5 : 3 = 0.234696
  -- 5 : 4 = -0.00166351
  -- 5 : 5 = 0.0503933
  -- 5 : 6 = -0.289577
  -- 5 : 7 = -0.00610537
  -- 5 : 8 = -0.376376
  -- 5 : 9 = 0.0460307
  -- 6 : 1 = 0.399566
  -- 6 : 2 = -0.0505431
  -- 6 : 3 = -0.219241
  -- 6 : 4 = 0.0840018
  -- 6 : 5 = 0.00108043
  -- 6 : 6 = 0.37356
  -- 6 : 7 = 0.00196147
  -- 6 : 8 = 0.405957
  -- 6 : 9 = 0.375008
  -- 7 : 1 = 0.278473
  -- 7 : 2 = -0.203924
  -- 7 : 3 = 0.197147
  -- 7 : 4 = 0.385145
  -- 7 : 5 = -0.033988
  -- 7 : 6 = -0.405216
  -- 7 : 7 = 0.147832
  -- 7 : 8 = 0.300486
  -- 7 : 9 = -0.580145
  -- 8 : 1 = 0.605254
  -- 8 : 2 = 0.176625
  -- 8 : 3 = 0.162842
  -- 8 : 4 = -0.164525
  -- 8 : 5 = -0.0844527
  -- 8 : 6 = -0.0302766
  -- 8 : 7 = 0.159353
  -- 8 : 8 = 0.212394
  -- 8 : 9 = 0.245994
  -- 9 : 1 = 0.625712
  -- 9 : 2 = 0.15292
  -- 9 : 3 = 0.269939
  -- 9 : 4 = -0.208618
  -- 9 : 5 = -0.0272205
  -- 9 : 6 = 0.180862
  -- 9 : 7 = 0.0497527
  -- 9 : 8 = -0.196338
  -- 9 : 9 = 0.209587
  -- 10 : 1 = 0.104021
  -- 10 : 2 = -0.389994
  -- 10 : 3 = 0.0456858
  -- 10 : 4 = -0.227771
  -- 10 : 5 = 0.0651052
  -- 10 : 6 = 0.461767
  -- 10 : 7 = 0.159906
  -- 10 : 8 = 0.304661
  -- 10 : 9 = 0.229787
  Inner Net 2
  -- 1 : 1 = -0.303541
  -- 1 : 2 = -0.25983
  -- 2 : 1 = 0.0207849
  -- 2 : 2 = -0.0432836
  -- 3 : 1 = -0.214167
  -- 3 : 2 = 0.200125
  -- 4 : 1 = -0.606592
  -- 4 : 2 = -0.216704
  -- 5 : 1 = -0.436029
  -- 5 : 2 = 0.0330533
  -- 6 : 1 = -0.0353519
  -- 6 : 2 = 0.324245
  -- 7 : 1 = -0.301535
  -- 7 : 2 = -0.239049
  -- 8 : 1 = -0.204937
  -- 8 : 2 = 0.0557608
  -- 9 : 1 = 0.283466
  -- 9 : 2 = 0.374387
Out\Act	False		True
False	0.614469	0.227511	0.84198
True	0.0775821	0.0804379	0.15802
	0.692051	0.307949
	Accuracy [ (tp + tn) / testSize ]: 0.694907
	Precision [ tp / (tp + fp) ]:      0.260802
	Sensitivity [ tp / (tp + fn) ]:    0.507508
	Specificity [ tn / (tn + fp) ]:    0.729379
	F-Score [ 2tp / (2tp + fp + fn) ]: 0.344898
Particle (48):: Fit: 15105.8	PB: 15105.8	LB: 15105.8	GB: 15909.4	Conf: 0.52021	Pts: 117777
Particle (15):: Fit: 16083.2	PB: 16083.2	LB: 16083.2	GB: 16083.2	Conf: 0.687137	Pts: 193600
Global: 16083.2 - Correct: 79% of 100 tests
Global Best: 
  Inner Net 1
  -- 1 : 1 = -0.441055
  -- 1 : 2 = 0.242134
  -- 1 : 3 = -0.106797
  -- 1 : 4 = 0.0515289
  -- 1 : 5 = -0.0802041
  -- 1 : 6 = -0.11271
  -- 1 : 7 = 0.305755
  -- 1 : 8 = 0.253655
  -- 1 : 9 = -0.252234
  -- 2 : 1 = 0.187575
  -- 2 : 2 = -0.149059
  -- 2 : 3 = -0.177429
  -- 2 : 4 = 0.326992
  -- 2 : 5 = -0.0497593
  -- 2 : 6 = -0.206386
  -- 2 : 7 = -0.0307954
  -- 2 : 8 = -0.00543493
  -- 2 : 9 = 0.13339
  -- 3 : 1 = -0.0142267
  -- 3 : 2 = -0.0383558
  -- 3 : 3 = 0.173839
  -- 3 : 4 = -0.100898
  -- 3 : 5 = -0.256269
  -- 3 : 6 = 0.357117
  -- 3 : 7 = 0.14514
  -- 3 : 8 = -0.300272
  -- 3 : 9 = 0.139066
  -- 4 : 1 = 0.180589
  -- 4 : 2 = -0.0342361
  -- 4 : 3 = 0.156965
  -- 4 : 4 = -0.13221
  -- 4 : 5 = -0.0718534
  -- 4 : 6 = 0.118276
  -- 4 : 7 = 0.0641732
  -- 4 : 8 = -0.056232
  -- 4 : 9 = 0.202768
  -- 5 : 1 = 0.831141
  -- 5 : 2 = 0.39098
  -- 5 : 3 = 0.317263
  -- 5 : 4 = -0.272749
  -- 5 : 5 = -0.166267
  -- 5 : 6 = -0.337693
  -- 5 : 7 = 0.10914
  -- 5 : 8 = -0.0925298
  -- 5 : 9 = -0.290874
  -- 6 : 1 = -0.15325
  -- 6 : 2 = 0.113475
  -- 6 : 3 = 0.0280337
  -- 6 : 4 = -0.0300185
  -- 6 : 5 = -0.00747967
  -- 6 : 6 = -0.00291935
  -- 6 : 7 = -0.0965749
  -- 6 : 8 = 0.150775
  -- 6 : 9 = 0.0735455
  -- 7 : 1 = 0.667154
  -- 7 : 2 = 0.315454
  -- 7 : 3 = 0.0203214
  -- 7 : 4 = 0.628894
  -- 7 : 5 = -0.171318
  -- 7 : 6 = 0.203472
  -- 7 : 7 = -0.381531
  -- 7 : 8 = -0.176779
  -- 7 : 9 = -0.338733
  -- 8 : 1 = 0.837793
  -- 8 : 2 = 0.31633
  -- 8 : 3 = -0.0373489
  -- 8 : 4 = -0.180969
  -- 8 : 5 = -0.0246121
  -- 8 : 6 = 0.148449
  -- 8 : 7 = 0.303361
  -- 8 : 8 = -0.101635
  -- 8 : 9 = 0.219575
  -- 9 : 1 = 0.28865
  -- 9 : 2 = -0.528412
  -- 9 : 3 = -0.126347
  -- 9 : 4 = 0.31245
  -- 9 : 5 = -0.0955517
  -- 9 : 6 = 0.539999
  -- 9 : 7 = 0.111789
  -- 9 : 8 = -0.549026
  -- 9 : 9 = -0.131203
  -- 10 : 1 = -0.278326
  -- 10 : 2 = 0.355637
  -- 10 : 3 = -0.10354
  -- 10 : 4 = 0.105333
  -- 10 : 5 = -0.128778
  -- 10 : 6 = -0.120521
  -- 10 : 7 = 0.312564
  -- 10 : 8 = 0.176042
  -- 10 : 9 = 0.103196
  Inner Net 2
  -- 1 : 1 = -0.314202
  -- 1 : 2 = -0.0957217
  -- 2 : 1 = 0.177098
  -- 2 : 2 = 0.045199
  -- 3 : 1 = -0.38491
  -- 3 : 2 = -0.389781
  -- 4 : 1 = -0.103943
  -- 4 : 2 = -0.293046
  -- 5 : 1 = 0.192462
  -- 5 : 2 = -0.332949
  -- 6 : 1 = -0.27951
  -- 6 : 2 = 0.199282
  -- 7 : 1 = -0.23459
  -- 7 : 2 = 0.170819
  -- 8 : 1 = 0.0245159
  -- 8 : 2 = 0.345194
  -- 9 : 1 = -0.768235
  -- 9 : 2 = -0.0925195
Out\Act	False		True
False	0.457401	0.384579	0.84198
True	0.0537839	0.104236	0.15802
	0.511185	0.488815
	Accuracy [ (tp + tn) / testSize ]: 0.561637
	Precision [ tp / (tp + fp) ]:      0.213035
	Sensitivity [ tp / (tp + fn) ]:    0.657658
	Specificity [ tn / (tn + fp) ]:    0.542938
	F-Score [ 2tp / (2tp + fp + fn) ]: 0.322059
Particle (35):: Fit: 14262.7	PB: 14262.7	LB: 15518.3	GB: 16083.2	Conf: 0.669188	Pts: 157978
Particle (41):: Fit: 14273.9	PB: 14273.9	LB: 15518.3	GB: 16083.2	Conf: 0.379895	Pts: 63150
Particle (9):: Fit: 14865.9	PB: 14865.9	LB: 15296.8	GB: 16083.2	Conf: 0.582316	Pts: 117861
Particle (38):: Fit: 15498.3	PB: 15498.3	LB: 15518.3	GB: 16083.2	Conf: 0.334242	Pts: 102557
Particle (14):: Fit: 13046.9	PB: 13046.9	LB: 16083.2	GB: 16083.2	Conf: 0.797284	Pts: 52056
Particle (24):: Fit: 15301.3	PB: 15301.3	LB: 15301.3	GB: 16083.2	Conf: 0.463206	Pts: 132271
Particle (17):: Fit: 14469.7	PB: 14469.7	LB: 16083.2	GB: 16083.2	Conf: 0.644522	Pts: 187167
Particle (13):: Fit: 14888.2	PB: 14888.2	LB: 16083.2	GB: 16083.2	Conf: 0.413587	Pts: 217439
Global Best: 
  Inner Net 1
  -- 1 : 1 = -0.441055
  -- 1 : 2 = 0.242134
  -- 1 : 3 = -0.106797
  -- 1 : 4 = 0.0515289
  -- 1 : 5 = -0.0802041
  -- 1 : 6 = -0.11271
  -- 1 : 7 = 0.305755
  -- 1 : 8 = 0.253655
  -- 1 : 9 = -0.252234
  -- 2 : 1 = 0.187575
  -- 2 : 2 = -0.149059
  -- 2 : 3 = -0.177429
  -- 2 : 4 = 0.326992
  -- 2 : 5 = -0.0497593
  -- 2 : 6 = -0.206386
  -- 2 : 7 = -0.0307954
  -- 2 : 8 = -0.00543493
  -- 2 : 9 = 0.13339
  -- 3 : 1 = -0.0142267
  -- 3 : 2 = -0.0383558
  -- 3 : 3 = 0.173839
  -- 3 : 4 = -0.100898
  -- 3 : 5 = -0.256269
  -- 3 : 6 = 0.357117
  -- 3 : 7 = 0.14514
  -- 3 : 8 = -0.300272
  -- 3 : 9 = 0.139066
  -- 4 : 1 = 0.180589
  -- 4 : 2 = -0.0342361
  -- 4 : 3 = 0.156965
  -- 4 : 4 = -0.13221
  -- 4 : 5 = -0.0718534
  -- 4 : 6 = 0.118276
  -- 4 : 7 = 0.0641732
  -- 4 : 8 = -0.056232
  -- 4 : 9 = 0.202768
  -- 5 : 1 = 0.831141
  -- 5 : 2 = 0.39098
  -- 5 : 3 = 0.317263
  -- 5 : 4 = -0.272749
  -- 5 : 5 = -0.166267
  -- 5 : 6 = -0.337693
  -- 5 : 7 = 0.10914
  -- 5 : 8 = -0.0925298
  -- 5 : 9 = -0.290874
  -- 6 : 1 = -0.15325
  -- 6 : 2 = 0.113475
  -- 6 : 3 = 0.0280337
  -- 6 : 4 = -0.0300185
  -- 6 : 5 = -0.00747967
  -- 6 : 6 = -0.00291935
  -- 6 : 7 = -0.0965749
  -- 6 : 8 = 0.150775
  -- 6 : 9 = 0.0735455
  -- 7 : 1 = 0.667154
  -- 7 : 2 = 0.315454
  -- 7 : 3 = 0.0203214
  -- 7 : 4 = 0.628894
  -- 7 : 5 = -0.171318
  -- 7 : 6 = 0.203472
  -- 7 : 7 = -0.381531
  -- 7 : 8 = -0.176779
  -- 7 : 9 = -0.338733
  -- 8 : 1 = 0.837793
  -- 8 : 2 = 0.31633
  -- 8 : 3 = -0.0373489
  -- 8 : 4 = -0.180969
  -- 8 : 5 = -0.0246121
  -- 8 : 6 = 0.148449
  -- 8 : 7 = 0.303361
  -- 8 : 8 = -0.101635
  -- 8 : 9 = 0.219575
  -- 9 : 1 = 0.28865
  -- 9 : 2 = -0.528412
  -- 9 : 3 = -0.126347
  -- 9 : 4 = 0.31245
  -- 9 : 5 = -0.0955517
  -- 9 : 6 = 0.539999
  -- 9 : 7 = 0.111789
  -- 9 : 8 = -0.549026
  -- 9 : 9 = -0.131203
  -- 10 : 1 = -0.278326
  -- 10 : 2 = 0.355637
  -- 10 : 3 = -0.10354
  -- 10 : 4 = 0.105333
  -- 10 : 5 = -0.128778
  -- 10 : 6 = -0.120521
  -- 10 : 7 = 0.312564
  -- 10 : 8 = 0.176042
  -- 10 : 9 = 0.103196
  Inner Net 2
  -- 1 : 1 = -0.314202
  -- 1 : 2 = -0.0957217
  -- 2 : 1 = 0.177098
  -- 2 : 2 = 0.045199
  -- 3 : 1 = -0.38491
  -- 3 : 2 = -0.389781
  -- 4 : 1 = -0.103943
  -- 4 : 2 = -0.293046
  -- 5 : 1 = 0.192462
  -- 5 : 2 = -0.332949
  -- 6 : 1 = -0.27951
  -- 6 : 2 = 0.199282
  -- 7 : 1 = -0.23459
  -- 7 : 2 = 0.170819
  -- 8 : 1 = 0.0245159
  -- 8 : 2 = 0.345194
  -- 9 : 1 = -0.768235
  -- 9 : 2 = -0.0925195
Out\Act	False		True
False	0.457401	0.384579	0.84198
True	0.0537839	0.104236	0.15802
	0.511185	0.488815
	Accuracy [ (tp + tn) / testSize ]: 0.561637
	Precision [ tp / (tp + fp) ]:      0.213035
	Sensitivity [ tp / (tp + fn) ]:    0.657658
	Specificity [ tn / (tn + fp) ]:    0.542938
	F-Score [ 2tp / (2tp + fp + fn) ]: 0.322059
