
Date / Time: Fri Mar 31 04:38:30 2017

   ****************************************
   * PSO Neural Net (Gaussian Activation) *
   *       by William Boler, BSCE         *
   *     Research Assistant, IUPUI        *
   *                                      *
   *  Professor: Dr. Lauren Christopher   *
   *     Created: March 13, 2017          *
   ****************************************


Inputs: 6
Inner Nets: 1
 - 5
Tests per train(min): 100
Particles: 50
Neighbors: 10
Minimum Particle Iterations: 1000
Particle (0):: Fit: 9.89873e-005	PB: 9.89873e-005	LB: 9.89873e-005	GB: 9.89873e-005	Cor: 0.55	Pts: 110099
Particle (1):: Fit: 9.89871e-005	PB: 9.89871e-005	LB: 9.89873e-005	GB: 9.89873e-005	Cor: 0.55	Pts: 55099
Particle (2):: Fit: 0.00119546	PB: 0.00119546	LB: 0.00119546	GB: 0.00119546	Cor: 0.45	Pts: 110099
Particle (3):: Fit: 8.68055e-005	PB: 8.68055e-005	LB: 0.00119546	GB: 0.00119546	Cor: 0.45	Pts: 55099
Particle (4):: Fit: 0.000119483	PB: 0.000119483	LB: 0.00119546	GB: 0.00119546	Cor: 0.45	Pts: 60099
Particle (5):: Fit: 6.62095e-005	PB: 6.62095e-005	LB: 0.00119546	GB: 0.00119546	Cor: 0.45	Pts: 55099
Particle (6):: Fit: 0.000113334	PB: 0.000113334	LB: 0.00119546	GB: 0.00119546	Cor: 0.45	Pts: 60099
Particle (7):: Fit: 0.000101179	PB: 0.000101179	LB: 0.000119483	GB: 0.00119546	Cor: 0.45	Pts: 55099
Particle (8):: Fit: 0.000107235	PB: 0.000107235	LB: 0.000119483	GB: 0.00119546	Cor: 0.45	Pts: 60099
Particle (9):: Fit: 0.000105134	PB: 0.000105134	LB: 0.000113334	GB: 0.00119546	Cor: 0.45	Pts: 55099
Particle (10):: Fit: 9.89861e-005	PB: 9.89861e-005	LB: 0.000113334	GB: 0.00119546	Cor: 0.45	Pts: 55099
Particle (11):: Fit: 8.87348e-005	PB: 8.87348e-005	LB: 0.000107235	GB: 0.00119546	Cor: 0.45	Pts: 55099
Particle (12):: Fit: 0.000105188	PB: 0.000105188	LB: 0.000107235	GB: 0.00119546	Cor: 0.45	Pts: 70099
Particle (13):: Fit: 7.02854e-005	PB: 7.02854e-005	LB: 0.000105188	GB: 0.00119546	Cor: 0.45	Pts: 55099
Particle (14):: Fit: 0.00115378	PB: 0.00115378	LB: 0.00115378	GB: 0.00119546	Cor: 0.45	Pts: 100099
Particle (15):: Fit: 0.000111285	PB: 0.000111285	LB: 0.00115378	GB: 0.00119546	Cor: 0.45	Pts: 55099
Particle (16):: Fit: 0.000115384	PB: 0.000115384	LB: 0.00115378	GB: 0.00119546	Cor: 0.45	Pts: 60099
Particle (17):: Fit: 9.28364e-005	PB: 9.28364e-005	LB: 0.00115378	GB: 0.00119546	Cor: 0.45	Pts: 55099
Particle (18):: Fit: 0.000111288	PB: 0.000111288	LB: 0.00115378	GB: 0.00119546	Cor: 0.45	Pts: 60099
Particle (19):: Fit: 0.000103086	PB: 0.000103086	LB: 0.000115384	GB: 0.00119546	Cor: 0.45	Pts: 55099
Particle (20):: Fit: 9.69362e-005	PB: 9.69362e-005	LB: 0.000115384	GB: 0.00119546	Cor: 0.45	Pts: 55099
Particle (21):: Fit: 0.000111318	PB: 0.000111318	LB: 0.000111318	GB: 0.00119546	Cor: 0.45	Pts: 75099
Particle (22):: Fit: 0.000111284	PB: 0.000111284	LB: 0.000111318	GB: 0.00119546	Cor: 0.45	Pts: 55099
Particle (23):: Fit: 9.48863e-005	PB: 9.48863e-005	LB: 0.000111318	GB: 0.00119546	Cor: 0.45	Pts: 55099
Particle (24):: Fit: 9.07865e-005	PB: 9.07865e-005	LB: 0.000111318	GB: 0.00119546	Cor: 0.45	Pts: 55099
Particle (25):: Fit: 9.2839e-005	PB: 9.2839e-005	LB: 0.000111318	GB: 0.00119546	Cor: 0.45	Pts: 60099
Particle (26):: Fit: 0.000101035	PB: 0.000101035	LB: 0.000111284	GB: 0.00119546	Cor: 0.45	Pts: 70099
Particle (27):: Fit: 0.00100859	PB: 0.00100859	LB: 0.00100859	GB: 0.00119546	Cor: 0.45	Pts: 100099
Particle (28):: Fit: 0.000120687	PB: 0.000120687	LB: 0.00100859	GB: 0.00119546	Cor: 0.45	Pts: 55099
Particle (29):: Fit: 0.000101096	PB: 0.000101096	LB: 0.00100859	GB: 0.00119546	Cor: 0.45	Pts: 55099
Particle (30):: Fit: 6.56745e-005	PB: 6.56745e-005	LB: 0.00100859	GB: 0.00119546	Cor: 0.45	Pts: 55099
Particle (31):: Fit: 8.87373e-005	PB: 8.87373e-005	LB: 0.00100859	GB: 0.00119546	Cor: 0.45	Pts: 60099
Particle (32):: Fit: 7.42408e-005	PB: 7.42408e-005	LB: 0.000120687	GB: 0.00119546	Cor: 0.45	Pts: 55099
Particle (33):: Fit: 0.000107185	PB: 0.000107185	LB: 0.000107185	GB: 0.00119546	Cor: 0.45	Pts: 75099
Particle (34):: Fit: 0.000105136	PB: 0.000105136	LB: 0.000107185	GB: 0.00119546	Cor: 0.45	Pts: 55099
Particle (35):: Fit: 9.69371e-005	PB: 9.69371e-005	LB: 0.000107185	GB: 0.00119546	Cor: 0.45	Pts: 55099
Particle (36):: Fit: 9.69347e-005	PB: 9.69347e-005	LB: 0.000107185	GB: 0.00119546	Cor: 0.45	Pts: 55099
Particle (37):: Fit: 0.000103087	PB: 0.000103087	LB: 0.000107185	GB: 0.00119546	Cor: 0.45	Pts: 65099
Particle (38):: Fit: 0.000101049	PB: 0.000101049	LB: 0.000105136	GB: 0.00119546	Cor: 0.45	Pts: 55099
Particle (39):: Fit: 0.00103148	PB: 0.00103148	LB: 0.00103148	GB: 0.00119546	Cor: 0.45	Pts: 100099
Particle (40):: Fit: 0.000107184	PB: 0.000107184	LB: 0.00103148	GB: 0.00119546	Cor: 0.45	Pts: 55099
Particle (41):: Fit: 0.000115384	PB: 0.000115384	LB: 0.00103148	GB: 0.00119546	Cor: 0.45	Pts: 60099
Particle (42):: Fit: 0.000101036	PB: 0.000101036	LB: 0.00103148	GB: 0.00119546	Cor: 0.45	Pts: 55099
Particle (43):: Fit: 8.66865e-005	PB: 8.66865e-005	LB: 0.00103148	GB: 0.00119546	Cor: 0.45	Pts: 50099
Particle (44):: Fit: 0.000117434	PB: 0.000117434	LB: 0.000117434	GB: 0.00119546	Cor: 0.45	Pts: 65099
Particle (45):: Fit: 0.000103086	PB: 0.000103086	LB: 0.000117434	GB: 0.00119546	Cor: 0.45	Pts: 50099
Particle (46):: Fit: 0.000101036	PB: 0.000101036	LB: 0.000117434	GB: 0.00119546	Cor: 0.45	Pts: 50099
Particle (47):: Fit: 0.000123594	PB: 0.000123594	LB: 0.00119546	GB: 0.00119546	Cor: 0.45	Pts: 65099
Particle (48):: Fit: 9.69362e-005	PB: 9.69362e-005	LB: 0.00119546	GB: 0.00119546	Cor: 0.45	Pts: 50099
Particle (49):: Fit: 0.000111284	PB: 0.000111284	LB: 0.00119546	GB: 0.00119546	Cor: 0.45	Pts: 50099
Global: 0.00119546 - Correct: 45% of 100 tests
Global Best: 
  Inner Net 1
  -- 1 : 1 = 0.0852
  -- 1 : 2 = 0.9277
  -- 1 : 3 = 0.4538
  -- 1 : 4 = 0.3179
  -- 1 : 5 = 0.1645
  -- 2 : 1 = 0.0309
  -- 2 : 2 = 0.8513
  -- 2 : 3 = 0.1493
  -- 2 : 4 = 0.2241
  -- 2 : 5 = 0.4841
  -- 3 : 1 = 0.5481
  -- 3 : 2 = 0.5695
  -- 3 : 3 = 0.4369
  -- 3 : 4 = 0.5185
  -- 3 : 5 = 0.1931
  -- 4 : 1 = 0.1977
  -- 4 : 2 = 0.1612
  -- 4 : 3 = 0.3887
  -- 4 : 4 = 0.2258
  -- 4 : 5 = 0.4057
  -- 5 : 1 = 0.0835
  -- 5 : 2 = 0.4388
  -- 5 : 3 = 0.7654
  -- 5 : 4 = 0.0174
  -- 5 : 5 = 0.3593
  -- 6 : 1 = 0.1733
  -- 6 : 2 = 0.0236
  -- 6 : 3 = 0.202
  -- 6 : 4 = 0.2985
  -- 6 : 5 = 0.0799
  Inner Net 2
  -- 1 : 1 = 0.0836
  -- 1 : 2 = -0.1313
  -- 2 : 1 = 0.4661
  -- 2 : 2 = 0.1617
  -- 3 : 1 = 0.321
  -- 3 : 2 = 0.4916
  -- 4 : 1 = 0.4036
  -- 4 : 2 = 0.4801
  -- 5 : 1 = -0.1244
  -- 5 : 2 = 0.01
Out\Act	False		True
False	0.84198	0	0.84198
True	0.157544	0.000475964	0.15802
	0.999524	0.000475964
	Accuracy [ (tp + tn) / testSize ]: 0.842456
	Precision [ tp / (tp + fp) ]:      0.5
	Sensitivity [ tp / (tp + fn) ]:    0.003003
	Specificity [ tn / (tn + fp) ]:    0.999435
	F-Score [ 2tp / (2tp + fp + fn) ]: 0.00598802
Particle (0):: Fit: 0.0011072	PB: 0.0011072	LB: 0.00119546	GB: 0.00119546	Cor: 0	Pts: 120198
Particle (1):: Fit: 0.000105097	PB: 0.000105097	LB: 0.00119546	GB: 0.00119546	Cor: 0	Pts: 55198
Particle (3):: Fit: 9.89858e-005	PB: 9.89858e-005	LB: 0.00119546	GB: 0.00119546	Cor: 0	Pts: 55198
Particle (5):: Fit: 0.00010924	PB: 0.00010924	LB: 0.00119546	GB: 0.00119546	Cor: 0	Pts: 55198
Particle (7):: Fit: 0.000127706	PB: 0.000127706	LB: 0.000127706	GB: 0.00119546	Cor: 0	Pts: 65198
Particle (8):: Fit: 0.000111302	PB: 0.000111302	LB: 0.000127706	GB: 0.00119546	Cor: 0	Pts: 60198
Particle (9):: Fit: 0.00113369	PB: 0.00113369	LB: 0.00115378	GB: 0.00119546	Cor: 0	Pts: 65198
Particle (10):: Fit: 0.00115426	PB: 0.00115426	LB: 0.00115426	GB: 0.00119546	Cor: 0	Pts: 95198
Particle (11):: Fit: 0.000123593	PB: 0.000123593	LB: 0.00115426	GB: 0.00119546	Cor: 0	Pts: 55198
Particle (13):: Fit: 0.000103086	PB: 0.000103086	LB: 0.00115426	GB: 0.00119546	Cor: 0	Pts: 55198
Particle (17):: Fit: 0.000103086	PB: 0.000103086	LB: 0.00115378	GB: 0.00119546	Cor: 0	Pts: 55198
Particle (19):: Fit: 0.000105136	PB: 0.000105136	LB: 0.000115384	GB: 0.00119546	Cor: 0	Pts: 55198
Particle (20):: Fit: 0.000113334	PB: 0.000113334	LB: 0.000115384	GB: 0.00119546	Cor: 0	Pts: 60198
Particle (21):: Fit: 0.000885172	PB: 0.000885172	LB: 0.000885172	GB: 0.00119546	Cor: 0	Pts: 90198
Particle (22):: Fit: 0.00107214	PB: 0.00107214	LB: 0.00107214	GB: 0.00119546	Cor: 0	Pts: 95198
Particle (23):: Fit: 0.000105136	PB: 0.000105136	LB: 0.00107214	GB: 0.00119546	Cor: 0	Pts: 55198
Particle (24):: Fit: 0.000103086	PB: 0.000103086	LB: 0.00107214	GB: 0.00119546	Cor: 0	Pts: 55198
Particle (26):: Fit: 0.000109236	PB: 0.000109236	LB: 0.00107214	GB: 0.00119546	Cor: 0	Pts: 70198
Particle (29):: Fit: 0.00102797	PB: 0.00102797	LB: 0.00102797	GB: 0.00119546	Cor: 0	Pts: 90198
Particle (30):: Fit: 7.74756e-005	PB: 7.74756e-005	LB: 0.00102797	GB: 0.00119546	Cor: 0	Pts: 55197
Particle (31):: Fit: 0.00113305	PB: 0.00113305	LB: 0.00113305	GB: 0.00119546	Cor: 0	Pts: 110198
Particle (33):: Fit: 0.000127682	PB: 0.000127682	LB: 0.00113305	GB: 0.00119546	Cor: 0	Pts: 75198
Particle (34):: Fit: 0.000107185	PB: 0.000107185	LB: 0.00113305	GB: 0.00119546	Cor: 0	Pts: 55198
Particle (35):: Fit: 0.000123625	PB: 0.000123625	LB: 0.00113305	GB: 0.00119546	Cor: 0	Pts: 55198
Particle (40):: Fit: 0.00111063	PB: 0.00111063	LB: 0.00111063	GB: 0.00119546	Cor: 0	Pts: 100198
Particle (41):: Fit: 0.000121533	PB: 0.000121533	LB: 0.00111063	GB: 0.00119546	Cor: 0	Pts: 60198
Particle (42):: Fit: 0.000119483	PB: 0.000119483	LB: 0.00111063	GB: 0.00119546	Cor: 0	Pts: 55198
Particle (43):: Fit: 9.69362e-005	PB: 9.69362e-005	LB: 0.00111063	GB: 0.00119546	Cor: 0	Pts: 50198
Particle (45):: Fit: 0.000117434	PB: 0.000117434	LB: 0.0011072	GB: 0.00119546	Cor: 0	Pts: 50198
Particle (46):: Fit: 0.000117434	PB: 0.000117434	LB: 0.0011072	GB: 0.00119546	Cor: 0	Pts: 50198
Particle (48):: Fit: 0.000103086	PB: 0.000103086	LB: 0.00119546	GB: 0.00119546	Cor: 0	Pts: 50198
Particle (49):: Fit: 0.00129786	PB: 0.00129786	LB: 0.00129786	GB: 0.00129786	Cor: 0.4	Pts: 110198
Global: 0.00129786 - Correct: 40% of 100 tests
Global Best: 
  Inner Net 1
  -- 1 : 1 = 0.2218
  -- 1 : 2 = 0.1449
  -- 1 : 3 = 0.0756
  -- 1 : 4 = 0.1035
  -- 1 : 5 = 0.5457
  -- 2 : 1 = 0.8143
  -- 2 : 2 = 0.7889
  -- 2 : 3 = 0.6777
  -- 2 : 4 = 0.8132
  -- 2 : 5 = 0.214
  -- 3 : 1 = 0.251
  -- 3 : 2 = 0.0602
  -- 3 : 3 = 0.1934
  -- 3 : 4 = 0.8474
  -- 3 : 5 = 0.3867
  -- 4 : 1 = 0.2108
  -- 4 : 2 = 0.0449
  -- 4 : 3 = 0.58
  -- 4 : 4 = 0.9069
  -- 4 : 5 = 0.4636
  -- 5 : 1 = 0.8613
  -- 5 : 2 = 0.5723
  -- 5 : 3 = 0.7223
  -- 5 : 4 = 0.5225
  -- 5 : 5 = 0.3728
  -- 6 : 1 = 0.8547
  -- 6 : 2 = 0.2086
  -- 6 : 3 = 0.4791
  -- 6 : 4 = 0.7943
  -- 6 : 5 = 0.6928
  Inner Net 2
  -- 1 : 1 = 0.0670337
  -- 1 : 2 = -0.443893
  -- 2 : 1 = 0.340488
  -- 2 : 2 = -0.2012
  -- 3 : 1 = 0.00808547
  -- 3 : 2 = -0.0663142
  -- 4 : 1 = -0.123533
  -- 4 : 2 = -0.212341
  -- 5 : 1 = -0.4925
  -- 5 : 2 = -0.140359
Out\Act	False		True
False	0.84198	0	0.84198
True	0.15802	0	0.15802
	1	0
	Accuracy [ (tp + tn) / testSize ]: 0.84198
	Precision [ tp / (tp + fp) ]:      0
	Sensitivity [ tp / (tp + fn) ]:    0
	Specificity [ tn / (tn + fp) ]:    0.999435
	F-Score [ 2tp / (2tp + fp + fn) ]: 0
Particle (1):: Fit: 0.00119411	PB: 0.00119411	LB: 0.00129786	GB: 0.00129786	Cor: 0	Pts: 55297
Particle (12):: Fit: 0.000113338	PB: 0.000113338	LB: 0.00115426	GB: 0.00129786	Cor: 0	Pts: 70197
Particle (17):: Fit: 0.000115384	PB: 0.000115384	LB: 0.00115378	GB: 0.00129786	Cor: 0	Pts: 55297
Particle (18):: Fit: 0.000113339	PB: 0.000113339	LB: 0.00115378	GB: 0.00129786	Cor: 0	Pts: 60197
Particle (24):: Fit: 0.000107185	PB: 0.000107185	LB: 0.00107214	GB: 0.00129786	Cor: 0	Pts: 55297
Particle (25):: Fit: 0.000109238	PB: 0.000109238	LB: 0.00107214	GB: 0.00129786	Cor: 0	Pts: 60197
Particle (29):: Fit: 0.00102935	PB: 0.00102935	LB: 0.00113305	GB: 0.00129786	Cor: 0	Pts: 90297
Particle (30):: Fit: 0.000797532	PB: 0.000797532	LB: 0.00113305	GB: 0.00129786	Cor: 0	Pts: 55296
Particle (37):: Fit: 0.000113334	PB: 0.000113334	LB: 0.00111063	GB: 0.00129786	Cor: 0	Pts: 65197
Particle (38):: Fit: 0.0001031	PB: 0.0001031	LB: 0.00111063	GB: 0.00129786	Cor: 0	Pts: 55197
Particle (40):: Fit: 0.00125366	PB: 0.00125366	LB: 0.00125366	GB: 0.00129786	Cor: 0	Pts: 145297
Particle (43):: Fit: 0.000107185	PB: 0.000107185	LB: 0.00125366	GB: 0.00129786	Cor: 0	Pts: 50297
Particle (0):: Fit: 0.00123786	PB: 0.00123786	LB: 0.00129786	GB: 0.00129786	Cor: 0	Pts: 125296
Particle (13):: Fit: 0.000109235	PB: 0.000109235	LB: 0.00115426	GB: 0.00129786	Cor: 0	Pts: 55296
Particle (22):: Fit: 0.00111333	PB: 0.00111333	LB: 0.00111333	GB: 0.00129786	Cor: 0	Pts: 130296
Particle (24):: Fit: 0.00111347	PB: 0.00111347	LB: 0.00111347	GB: 0.00129786	Cor: 0	Pts: 90396
Particle (32):: Fit: 7.43836e-005	PB: 7.43836e-005	LB: 0.00113305	GB: 0.00129786	Cor: 0	Pts: 55196
Particle (37):: Fit: 0.000119484	PB: 0.000119484	LB: 0.00125366	GB: 0.00129786	Cor: 0	Pts: 65296
Particle (38):: Fit: 0.00011337	PB: 0.00011337	LB: 0.00125366	GB: 0.00129786	Cor: 0	Pts: 55296
Particle (48):: Fit: 0.000117473	PB: 0.000117473	LB: 0.00129786	GB: 0.00129786	Cor: 0	Pts: 50296
Particle (5):: Fit: 0.000109241	PB: 0.000109241	LB: 0.00119546	GB: 0.00129786	Cor: 0	Pts: 55295
Particle (14):: Fit: 0.00121539	PB: 0.00121539	LB: 0.00121539	GB: 0.00129786	Cor: 0	Pts: 150195
Particle (15):: Fit: 0.000990465	PB: 0.000990465	LB: 0.00121539	GB: 0.00129786	Cor: 0	Pts: 55195
Particle (20):: Fit: 0.000123583	PB: 0.000123583	LB: 0.00111347	GB: 0.00129786	Cor: 0	Pts: 60295
Particle (22):: Fit: 0.00123625	PB: 0.00123625	LB: 0.00123625	GB: 0.00129786	Cor: 0	Pts: 180395
Particle (23):: Fit: 0.000115384	PB: 0.000115384	LB: 0.00123625	GB: 0.00129786	Cor: 0	Pts: 55295
Particle (25):: Fit: 0.000123739	PB: 0.000123739	LB: 0.00123625	GB: 0.00129786	Cor: 0	Pts: 60295
Particle (29):: Fit: 0.00111098	PB: 0.00111098	LB: 0.00113305	GB: 0.00129786	Cor: 0	Pts: 90395
Particle (36):: Fit: 0.00010719	PB: 0.00010719	LB: 0.00125366	GB: 0.00129786	Cor: 0	Pts: 55195
Particle (42):: Fit: 0.000125632	PB: 0.000125632	LB: 0.00125366	GB: 0.00129786	Cor: 0	Pts: 55295
Particle (44):: Fit: 0.000119483	PB: 0.000119483	LB: 0.00129786	GB: 0.00129786	Cor: 0	Pts: 65195
Particle (48):: Fit: 0.00103146	PB: 0.00103146	LB: 0.00129786	GB: 0.00129786	Cor: 0	Pts: 50395
Particle (12):: Fit: 0.0012775	PB: 0.0012775	LB: 0.0012775	GB: 0.00129786	Cor: 0	Pts: 120294
Particle (13):: Fit: 0.000113334	PB: 0.000113334	LB: 0.0012775	GB: 0.00129786	Cor: 0	Pts: 55394
Particle (21):: Fit: 0.00100927	PB: 0.00100927	LB: 0.00123625	GB: 0.00129786	Cor: 0	Pts: 90294
Particle (41):: Fit: 0.00013383	PB: 0.00013383	LB: 0.00125366	GB: 0.00129786	Cor: 0	Pts: 60294
Particle (3):: Fit: 9.90699e-005	PB: 9.90699e-005	LB: 0.00129786	GB: 0.00129786	Cor: 0	Pts: 55293
Particle (9):: Fit: 0.00115289	PB: 0.00115289	LB: 0.0012775	GB: 0.00129786	Cor: 0	Pts: 65293
Particle (21):: Fit: 0.00109076	PB: 0.00109076	LB: 0.00123625	GB: 0.00129786	Cor: 0	Pts: 90393
Particle (26):: Fit: 0.000907376	PB: 0.000907376	LB: 0.00123625	GB: 0.00129786	Cor: 0	Pts: 70293
Particle (27):: Fit: 0.00113194	PB: 0.00113194	LB: 0.00113305	GB: 0.00129786	Cor: 0	Pts: 100193
Particle (32):: Fit: 7.44594e-005	PB: 7.44594e-005	LB: 0.00113305	GB: 0.00129786	Cor: 0	Pts: 55293
Particle (43):: Fit: 0.000123583	PB: 0.000123583	LB: 0.00125366	GB: 0.00129786	Cor: 0	Pts: 50393
Particle (0):: Fit: 0.00139461	PB: 0.00139461	LB: 0.00139461	GB: 0.00139461	Cor: 0.6	Pts: 185392
Particle (4):: Fit: 0.000125632	PB: 0.000125632	LB: 0.00139461	GB: 0.00139461	Cor: 0.6	Pts: 60192
Particle (19):: Fit: 0.000109235	PB: 0.000109235	LB: 0.00123625	GB: 0.00139461	Cor: 0.6	Pts: 55292
Particle (27):: Fit: 0.00117476	PB: 0.00117476	LB: 0.00117476	GB: 0.00139461	Cor: 0.6	Pts: 125292
Particle (32):: Fit: 7.85176e-005	PB: 7.85176e-005	LB: 0.00113305	GB: 0.00139461	Cor: 0.6	Pts: 55392
Particle (34):: Fit: 0.000109235	PB: 0.000109235	LB: 0.00113305	GB: 0.00139461	Cor: 0.6	Pts: 55292
Particle (36):: Fit: 0.000113338	PB: 0.000113338	LB: 0.00125366	GB: 0.00139461	Cor: 0.6	Pts: 55292
Particle (38):: Fit: 0.000117472	PB: 0.000117472	LB: 0.00125366	GB: 0.00139461	Cor: 0.6	Pts: 55392
Particle (41):: Fit: 0.00107246	PB: 0.00107246	LB: 0.00125366	GB: 0.00139461	Cor: 0.6	Pts: 60392
Global: 0.00139461 - Correct: 60% of 100 tests
Global Best: 
  Inner Net 1
  -- 1 : 1 = 0.1781
  -- 1 : 2 = 0.6304
  -- 1 : 3 = 0.1064
  -- 1 : 4 = 0.14
  -- 1 : 5 = 0.9222
  -- 2 : 1 = 0.9326
  -- 2 : 2 = 0.7258
  -- 2 : 3 = 0.6093
  -- 2 : 4 = 0.3858
  -- 2 : 5 = 0.0868
  -- 3 : 1 = 0.3177
  -- 3 : 2 = 0.0028
  -- 3 : 3 = 0.5471
  -- 3 : 4 = 0.0464
  -- 3 : 5 = 0.3803
  -- 4 : 1 = 0.1571
  -- 4 : 2 = 0.3088
  -- 4 : 3 = 0.8252
  -- 4 : 4 = 0.7476
  -- 4 : 5 = 0.3864
  -- 5 : 1 = 0.5974
  -- 5 : 2 = 0.9071
  -- 5 : 3 = 0.4121
  -- 5 : 4 = 0.8295
  -- 5 : 5 = 0.6056
  -- 6 : 1 = 0.2471
  -- 6 : 2 = 0.844
  -- 6 : 3 = 0.3901
  -- 6 : 4 = 0.7222
  -- 6 : 5 = 0.2341
  Inner Net 2
  -- 1 : 1 = -0.304252
  -- 1 : 2 = -0.261367
  -- 2 : 1 = 0.260449
  -- 2 : 2 = -0.119892
  -- 3 : 1 = 0.0448628
  -- 3 : 2 = 0.232594
  -- 4 : 1 = -0.439377
  -- 4 : 2 = -0.0927338
  -- 5 : 1 = -0.259316
  -- 5 : 2 = -0.479003
Out\Act	False		True
False	0.84198	0	0.84198
True	0.15802	0	0.15802
	1	0
	Accuracy [ (tp + tn) / testSize ]: 0.84198
	Precision [ tp / (tp + fp) ]:      0
	Sensitivity [ tp / (tp + fn) ]:    0
	Specificity [ tn / (tn + fp) ]:    0.999435
	F-Score [ 2tp / (2tp + fp + fn) ]: 0
Particle (13):: Fit: 0.000117434	PB: 0.000117434	LB: 0.0012775	GB: 0.00139461	Cor: 0	Pts: 55491
Particle (18):: Fit: 0.000117445	PB: 0.000117445	LB: 0.00123625	GB: 0.00139461	Cor: 0	Pts: 60290
Particle (21):: Fit: 0.00121436	PB: 0.00121436	LB: 0.00123625	GB: 0.00139461	Cor: 0	Pts: 90491
Particle (32):: Fit: 8.67841e-005	PB: 8.67841e-005	LB: 0.00113305	GB: 0.00139461	Cor: 0	Pts: 55491
Particle (36):: Fit: 0.000123593	PB: 0.000123593	LB: 0.00125366	GB: 0.00139461	Cor: 0	Pts: 55391
Particle (39):: Fit: 0.00115436	PB: 0.00115436	LB: 0.00125366	GB: 0.00139461	Cor: 0	Pts: 105191
Particle (3):: Fit: 0.000109238	PB: 0.000109238	LB: 0.00139461	GB: 0.00139461	Cor: 0	Pts: 55389
Particle (34):: Fit: 0.000111285	PB: 0.000111285	LB: 0.00115436	GB: 0.00139461	Cor: 0	Pts: 55390
Particle (46):: Fit: 0.000119483	PB: 0.000119483	LB: 0.00139461	GB: 0.00139461	Cor: 0	Pts: 50290
Particle (31):: Fit: 0.00117473	PB: 0.00117473	LB: 0.00117476	GB: 0.00139461	Cor: 0	Pts: 125289
Particle (38):: Fit: 0.000123648	PB: 0.000123648	LB: 0.00125366	GB: 0.00139461	Cor: 0	Pts: 55489
Particle (29):: Fit: 0.00129572	PB: 0.00129572	LB: 0.00129572	GB: 0.00139461	Cor: 0	Pts: 140488
Particle (42):: Fit: 0.000129731	PB: 0.000129731	LB: 0.00125366	GB: 0.00139461	Cor: 0	Pts: 55388
Particle (3):: Fit: 0.000115387	PB: 0.000115387	LB: 0.00139461	GB: 0.00139461	Cor: 0	Pts: 55486
Particle (6):: Fit: 0.000121533	PB: 0.000121533	LB: 0.00119546	GB: 0.00139461	Cor: 0	Pts: 60187
Particle (9):: Fit: 0.00117468	PB: 0.00117468	LB: 0.0012775	GB: 0.00139461	Cor: 0	Pts: 65387
Particle (15):: Fit: 0.0010725	PB: 0.0010725	LB: 0.0012775	GB: 0.00139461	Cor: 0	Pts: 55287
Particle (30):: Fit: 0.00123658	PB: 0.00123658	LB: 0.00129572	GB: 0.00139461	Cor: 0	Pts: 60386
Particle (32):: Fit: 9.48892e-005	PB: 9.48892e-005	LB: 0.00129572	GB: 0.00139461	Cor: 0	Pts: 55587
Particle (34):: Fit: 0.000115384	PB: 0.000115384	LB: 0.00123658	GB: 0.00139461	Cor: 0	Pts: 55487
Particle (8):: Fit: 0.000113336	PB: 0.000113336	LB: 0.0012775	GB: 0.00139461	Cor: 0	Pts: 60285
Particle (27):: Fit: 0.00123646	PB: 0.00123646	LB: 0.00129572	GB: 0.00139461	Cor: 0	Pts: 135385
Particle (31):: Fit: 0.00119387	PB: 0.00119387	LB: 0.00129572	GB: 0.00139461	Cor: 0	Pts: 125385
Particle (32):: Fit: 0.000121539	PB: 0.000121539	LB: 0.00129572	GB: 0.00139461	Cor: 0	Pts: 55685
Particle (17):: Fit: 0.000119483	PB: 0.000119483	LB: 0.00123625	GB: 0.00139461	Cor: 0	Pts: 55384
Particle (8):: Fit: 0.000127687	PB: 0.000127687	LB: 0.0012775	GB: 0.00139461	Cor: 0	Pts: 60383
Particle (14):: Fit: 0.00123137	PB: 0.00123137	LB: 0.0012775	GB: 0.00139461	Cor: 0	Pts: 150283
Particle (19):: Fit: 0.000123583	PB: 0.000123583	LB: 0.00123625	GB: 0.00139461	Cor: 0	Pts: 55383
Particle (44):: Fit: 0.000123583	PB: 0.000123583	LB: 0.00129786	GB: 0.00139461	Cor: 0	Pts: 65282
Particle (26):: Fit: 0.000989811	PB: 0.000989811	LB: 0.00129572	GB: 0.00139461	Cor: 0	Pts: 70381
Particle (27):: Fit: 0.00129737	PB: 0.00129737	LB: 0.00129737	GB: 0.00139461	Cor: 0	Pts: 185480
Particle (32):: Fit: 0.000121541	PB: 0.000121541	LB: 0.00129572	GB: 0.00139461	Cor: 0	Pts: 55780
Particle (34):: Fit: 0.000119483	PB: 0.000119483	LB: 0.00123658	GB: 0.00139461	Cor: 0	Pts: 55580
Particle (10):: Fit: 0.00117495	PB: 0.00117495	LB: 0.0012775	GB: 0.00139461	Cor: 0	Pts: 95278
Particle (16):: Fit: 0.000117434	PB: 0.000117434	LB: 0.0012775	GB: 0.00139461	Cor: 0	Pts: 60179
Particle (42):: Fit: 0.00013588	PB: 0.00013588	LB: 0.00125366	GB: 0.00139461	Cor: 0	Pts: 55479
Particle (3):: Fit: 0.000117438	PB: 0.000117438	LB: 0.00139461	GB: 0.00139461	Cor: 0	Pts: 55577
Particle (18):: Fit: 0.000122178	PB: 0.000122178	LB: 0.00123625	GB: 0.00139461	Cor: 0	Pts: 60376
Particle (26):: Fit: 0.00127733	PB: 0.00127733	LB: 0.00129737	GB: 0.00139461	Cor: 0	Pts: 75478
Particle (25):: Fit: 0.000864504	PB: 0.000864504	LB: 0.00129737	GB: 0.00139461	Cor: 0	Pts: 60376
Particle (14):: Fit: 0.00131674	PB: 0.00131674	LB: 0.00131674	GB: 0.00139461	Cor: 0	Pts: 200376
Particle (23):: Fit: 0.000121533	PB: 0.000121533	LB: 0.00129737	GB: 0.00139461	Cor: 0	Pts: 55376
Particle (40):: Fit: 0.00125573	PB: 0.00125573	LB: 0.00125573	GB: 0.00139461	Cor: 0	Pts: 190375
Particle (47):: Fit: 0.000125642	PB: 0.000125642	LB: 0.00139461	GB: 0.00139461	Cor: 0	Pts: 65170
Particle (39):: Fit: 0.00125701	PB: 0.00125701	LB: 0.00125701	GB: 0.00139461	Cor: 0	Pts: 155274
Particle (16):: Fit: 0.000121533	PB: 0.000121533	LB: 0.00131674	GB: 0.00139461	Cor: 0	Pts: 60273
Particle (46):: Fit: 0.000127682	PB: 0.000127682	LB: 0.00139461	GB: 0.00139461	Cor: 0	Pts: 50373
Particle (3):: Fit: 0.000125637	PB: 0.000125637	LB: 0.00139461	GB: 0.00139461	Cor: 0	Pts: 55671
Particle (15):: Fit: 0.00121597	PB: 0.00121597	LB: 0.00131674	GB: 0.00139461	Cor: 0	Pts: 55372
Particle (25):: Fit: 0.000927371	PB: 0.000927371	LB: 0.00129737	GB: 0.00139461	Cor: 0	Pts: 60470
Particle (31):: Fit: 0.00123654	PB: 0.00123654	LB: 0.00129737	GB: 0.00139461	Cor: 0	Pts: 125472
Particle (41):: Fit: 0.00109296	PB: 0.00109296	LB: 0.00125701	GB: 0.00139461	Cor: 0	Pts: 60472
Particle (45):: Fit: 0.000121533	PB: 0.000121533	LB: 0.00139461	GB: 0.00139461	Cor: 0	Pts: 50270
Particle (27):: Fit: 0.0012977	PB: 0.0012977	LB: 0.0012977	GB: 0.00139461	Cor: 0	Pts: 235569
Particle (37):: Fit: 0.000123662	PB: 0.000123662	LB: 0.00125701	GB: 0.00139461	Cor: 0	Pts: 65368
Particle (5):: Fit: 0.000115389	PB: 0.000115389	LB: 0.00119546	GB: 0.00139461	Cor: 0	Pts: 55367
Particle (3):: Fit: 0.00100988	PB: 0.00100988	LB: 0.00139461	GB: 0.00139461	Cor: 0	Pts: 55764
Particle (19):: Fit: 0.000127682	PB: 0.000127682	LB: 0.00123625	GB: 0.00139461	Cor: 0	Pts: 55465
Particle (17):: Fit: 0.000121533	PB: 0.000121533	LB: 0.00131674	GB: 0.00139461	Cor: 0	Pts: 55464
Particle (25):: Fit: 0.00105119	PB: 0.00105119	LB: 0.0012977	GB: 0.00139461	Cor: 0	Pts: 60561
Particle (35):: Fit: 0.00115447	PB: 0.00115447	LB: 0.00125701	GB: 0.00139461	Cor: 0	Pts: 55263
Particle (11):: Fit: 0.000129746	PB: 0.000129746	LB: 0.00131674	GB: 0.00139461	Cor: 0	Pts: 55255
Particle (28):: Fit: 0.00012564	PB: 0.00012564	LB: 0.0012977	GB: 0.00139461	Cor: 0	Pts: 55154
Particle (9):: Fit: 0.00117479	PB: 0.00117479	LB: 0.00131674	GB: 0.00139461	Cor: 0	Pts: 65461
Particle (41):: Fit: 0.00115447	PB: 0.00115447	LB: 0.00125701	GB: 0.00139461	Cor: 0	Pts: 60560
Particle (41):: Fit: 0.00117503	PB: 0.00117503	LB: 0.00125701	GB: 0.00139461	Cor: 0	Pts: 60659
Particle (22):: Fit: 0.00125703	PB: 0.00125703	LB: 0.0012977	GB: 0.00139461	Cor: 0	Pts: 190458
Particle (47):: Fit: 0.000127686	PB: 0.000127686	LB: 0.00139461	GB: 0.00139461	Cor: 0	Pts: 65251
Particle (0):: Fit: 0.0119952	PB: 0.0119952	LB: 0.0119952	GB: 0.0119952	Cor: 0.4	Pts: 245456
Particle (34):: Fit: 0.000125632	PB: 0.000125632	LB: 0.00125701	GB: 0.0119952	Cor: 0.4	Pts: 55656
Global: 0.0119952 - Correct: 40% of 100 tests
Global Best: 
  Inner Net 1
  -- 1 : 1 = 0.1781
  -- 1 : 2 = 0.6304
  -- 1 : 3 = 0.1064
  -- 1 : 4 = 0.14
  -- 1 : 5 = 0.9222
  -- 2 : 1 = 0.9326
  -- 2 : 2 = 0.7258
  -- 2 : 3 = 0.6093
  -- 2 : 4 = 0.3858
  -- 2 : 5 = 0.0868
  -- 3 : 1 = 0.3177
  -- 3 : 2 = 0.0028
  -- 3 : 3 = 0.5471
  -- 3 : 4 = 0.0464
  -- 3 : 5 = 0.3803
  -- 4 : 1 = 0.1571
  -- 4 : 2 = 0.3088
  -- 4 : 3 = 0.8252
  -- 4 : 4 = 0.7476
  -- 4 : 5 = 0.3864
  -- 5 : 1 = 0.5974
  -- 5 : 2 = 0.9071
  -- 5 : 3 = 0.4121
  -- 5 : 4 = 0.8295
  -- 5 : 5 = 0.6056
  -- 6 : 1 = 0.2471
  -- 6 : 2 = 0.844
  -- 6 : 3 = 0.3901
  -- 6 : 4 = 0.7222
  -- 6 : 5 = 0.2341
  Inner Net 2
  -- 1 : 1 = -0.301255
  -- 1 : 2 = -0.224384
  -- 2 : 1 = 0.333222
  -- 2 : 2 = -0.246601
  -- 3 : 1 = 0.0512766
  -- 3 : 2 = 0.218976
  -- 4 : 1 = -0.299983
  -- 4 : 2 = -0.0555931
  -- 5 : 1 = 0.0507718
  -- 5 : 2 = -0.103261
Out\Act	False		True
False	0.84198	0	0.84198
True	0.15802	0	0.15802
	1	0
	Accuracy [ (tp + tn) / testSize ]: 0.84198
	Precision [ tp / (tp + fp) ]:      0
	Sensitivity [ tp / (tp + fn) ]:    0
	Specificity [ tn / (tn + fp) ]:    0.999435
	F-Score [ 2tp / (2tp + fp + fn) ]: 0
Particle (1):: Fit: 0.0012352	PB: 0.0012352	LB: 0.0119952	GB: 0.0119952	Cor: 0	Pts: 60355
Particle (40):: Fit: 0.00125656	PB: 0.00125656	LB: 0.00125701	GB: 0.0119952	Cor: 0	Pts: 190454
Particle (38):: Fit: 0.000127682	PB: 0.000127682	LB: 0.00125701	GB: 0.0119952	Cor: 0	Pts: 55553
Particle (3):: Fit: 0.00101055	PB: 0.00101055	LB: 0.0119952	GB: 0.0119952	Cor: 0	Pts: 55851
Particle (23):: Fit: 0.000123583	PB: 0.000123583	LB: 0.0012977	GB: 0.0119952	Cor: 0	Pts: 55451
Particle (6):: Fit: 0.000123583	PB: 0.000123583	LB: 0.00119546	GB: 0.0119952	Cor: 0	Pts: 60249
Particle (21):: Fit: 0.0012334	PB: 0.0012334	LB: 0.00127733	GB: 0.0119952	Cor: 0	Pts: 90549
Particle (9):: Fit: 0.00119387	PB: 0.00119387	LB: 0.00131674	GB: 0.0119952	Cor: 0	Pts: 65547
Particle (2):: Fit: 0.00119547	PB: 0.00119547	LB: 0.0119952	GB: 0.0119952	Cor: 0	Pts: 115145
Particle (28):: Fit: 0.000131795	PB: 0.000131795	LB: 0.0012977	GB: 0.0119952	Cor: 0	Pts: 55236
Particle (7):: Fit: 0.000928956	PB: 0.000928956	LB: 0.0012775	GB: 0.0119952	Cor: 0	Pts: 65243
Particle (10):: Fit: 0.00137954	PB: 0.00137954	LB: 0.00137954	GB: 0.0119952	Cor: 0	Pts: 145342
Particle (21):: Fit: 0.00131642	PB: 0.00131642	LB: 0.00131642	GB: 0.0119952	Cor: 0	Pts: 125643
Particle (23):: Fit: 0.000125632	PB: 0.000125632	LB: 0.00131642	GB: 0.0119952	Cor: 0	Pts: 55543
Particle (32):: Fit: 0.000969935	PB: 0.000969935	LB: 0.00129572	GB: 0.0119952	Cor: 0	Pts: 55841
Particle (13):: Fit: 0.000119483	PB: 0.000119483	LB: 0.00137954	GB: 0.0119952	Cor: 0	Pts: 55541
Particle (14):: Fit: 0.0013176	PB: 0.0013176	LB: 0.00137954	GB: 0.0119952	Cor: 0	Pts: 220440
Particle (47):: Fit: 0.000130189	PB: 0.000130189	LB: 0.0119952	GB: 0.0119952	Cor: 0	Pts: 65333
Particle (13):: Fit: 0.000121533	PB: 0.000121533	LB: 0.00137954	GB: 0.0119952	Cor: 0	Pts: 55636
Particle (23):: Fit: 0.00013588	PB: 0.00013588	LB: 0.00131642	GB: 0.0119952	Cor: 0	Pts: 55635
Particle (31):: Fit: 0.00129786	PB: 0.00129786	LB: 0.00129786	GB: 0.0119952	Cor: 0	Pts: 175534
Particle (9):: Fit: 0.00119542	PB: 0.00119542	LB: 0.00137954	GB: 0.0119952	Cor: 0	Pts: 65629
Particle (24):: Fit: 0.00121598	PB: 0.00121598	LB: 0.00131642	GB: 0.0119952	Cor: 0	Pts: 90430
Particle (22):: Fit: 0.00127693	PB: 0.00127693	LB: 0.00131642	GB: 0.0119952	Cor: 0	Pts: 190529
Particle (44):: Fit: 0.000127682	PB: 0.000127682	LB: 0.00129786	GB: 0.0119952	Cor: 0	Pts: 65329
Particle (13):: Fit: 0.000142028	PB: 0.000142028	LB: 0.00137954	GB: 0.0119952	Cor: 0	Pts: 55728
Particle (21):: Fit: 0.00131856	PB: 0.00131856	LB: 0.00131856	GB: 0.0119952	Cor: 0	Pts: 175727
Particle (36):: Fit: 0.000133843	PB: 0.000133843	LB: 0.00125701	GB: 0.0119952	Cor: 0	Pts: 55416
Particle (14):: Fit: 0.00135843	PB: 0.00135843	LB: 0.00137954	GB: 0.0119952	Cor: 0	Pts: 240526
Particle (45):: Fit: 0.000123583	PB: 0.000123583	LB: 0.0119952	GB: 0.0119952	Cor: 0	Pts: 50326
Particle (27):: Fit: 0.00133795	PB: 0.00133795	LB: 0.00133795	GB: 0.0119952	Cor: 0	Pts: 285624
Particle (40):: Fit: 0.00127703	PB: 0.00127703	LB: 0.00127703	GB: 0.0119952	Cor: 0	Pts: 230524
Particle (1):: Fit: 0.00133921	PB: 0.00133921	LB: 0.0119952	GB: 0.0119952	Cor: 0	Pts: 60421
Particle (9):: Fit: 0.00125655	PB: 0.00125655	LB: 0.00137954	GB: 0.0119952	Cor: 0	Pts: 65720
Particle (39):: Fit: 0.00127675	PB: 0.00127675	LB: 0.00127703	GB: 0.0119952	Cor: 0	Pts: 155321
Particle (8):: Fit: 0.000131781	PB: 0.000131781	LB: 0.00137954	GB: 0.0119952	Cor: 0	Pts: 60417
Particle (29):: Fit: 0.00131549	PB: 0.00131549	LB: 0.00133795	GB: 0.0119952	Cor: 0	Pts: 150517
Particle (5):: Fit: 0.00011539	PB: 0.00011539	LB: 0.00137954	GB: 0.0119952	Cor: 0	Pts: 55414
Particle (4):: Fit: 0.000131781	PB: 0.000131781	LB: 0.0119952	GB: 0.0119952	Cor: 0	Pts: 60213
Particle (5):: Fit: 0.00107249	PB: 0.00107249	LB: 0.00137954	GB: 0.0119952	Cor: 0	Pts: 55513
Particle (3):: Fit: 0.00109296	PB: 0.00109296	LB: 0.0119952	GB: 0.0119952	Cor: 0	Pts: 55910
Particle (48):: Fit: 0.00103146	PB: 0.00103146	LB: 0.0119952	GB: 0.0119952	Cor: 0	Pts: 50409
Particle (37):: Fit: 0.000908432	PB: 0.000908432	LB: 0.00127703	GB: 0.0119952	Cor: 0	Pts: 65406
Particle (12):: Fit: 0.00127753	PB: 0.00127753	LB: 0.00137954	GB: 0.0119952	Cor: 0	Pts: 120304
Particle (0):: Fit: 0.128067	PB: 0.128067	LB: 0.128067	GB: 0.128067	Cor: 0.43	Pts: 305504
Global: 0.128067 - Correct: 43% of 100 tests
Global Best: 
  Inner Net 1
  -- 1 : 1 = 0.1781
  -- 1 : 2 = 0.6304
  -- 1 : 3 = 0.1064
  -- 1 : 4 = 0.14
  -- 1 : 5 = 0.9222
  -- 2 : 1 = 0.9326
  -- 2 : 2 = 0.7258
  -- 2 : 3 = 0.6093
  -- 2 : 4 = 0.3858
  -- 2 : 5 = 0.0868
  -- 3 : 1 = 0.3177
  -- 3 : 2 = 0.0028
  -- 3 : 3 = 0.5471
  -- 3 : 4 = 0.0464
  -- 3 : 5 = 0.3803
  -- 4 : 1 = 0.1571
  -- 4 : 2 = 0.3088
  -- 4 : 3 = 0.8252
  -- 4 : 4 = 0.7476
  -- 4 : 5 = 0.3864
  -- 5 : 1 = 0.5974
  -- 5 : 2 = 0.9071
  -- 5 : 3 = 0.4121
  -- 5 : 4 = 0.8295
  -- 5 : 5 = 0.6056
  -- 6 : 1 = 0.2471
  -- 6 : 2 = 0.844
  -- 6 : 3 = 0.3901
  -- 6 : 4 = 0.7222
  -- 6 : 5 = 0.2341
  Inner Net 2
  -- 1 : 1 = -0.331817
  -- 1 : 2 = -0.296783
  -- 2 : 1 = 0.324601
  -- 2 : 2 = -0.210358
  -- 3 : 1 = 0.0306341
  -- 3 : 2 = 0.149405
  -- 4 : 1 = -0.301109
  -- 4 : 2 = 0.102734
  -- 5 : 1 = 0.0573234
  -- 5 : 2 = 0.105193
Out\Act	False		True
False	0.84198	0	0.84198
True	0.15802	0	0.15802
	1	0
	Accuracy [ (tp + tn) / testSize ]: 0.84198
	Precision [ tp / (tp + fp) ]:      0
	Sensitivity [ tp / (tp + fn) ]:    0
	Specificity [ tn / (tn + fp) ]:    0.999435
	F-Score [ 2tp / (2tp + fp + fn) ]: 0
Particle (9):: Fit: 0.00133925	PB: 0.00133925	LB: 0.00137954	GB: 0.128067	Cor: 0	Pts: 65801
Particle (3):: Fit: 0.00117305	PB: 0.00117305	LB: 0.128067	GB: 0.128067	Cor: 0	Pts: 55997
Particle (5):: Fit: 0.0012154	PB: 0.0012154	LB: 0.00137954	GB: 0.128067	Cor: 0	Pts: 55597
Particle (6):: Fit: 0.00111053	PB: 0.00111053	LB: 0.00137954	GB: 0.128067	Cor: 0	Pts: 60298
Particle (13):: Fit: 0.0013987	PB: 0.0013987	LB: 0.0013987	GB: 0.128067	Cor: 0	Pts: 105798
Particle (17):: Fit: 0.0010516	PB: 0.0010516	LB: 0.0013987	GB: 0.128067	Cor: 0	Pts: 55498
Particle (36):: Fit: 0.0122007	PB: 0.0122007	LB: 0.0122007	GB: 0.128067	Cor: 0	Pts: 105482
Particle (37):: Fit: 0.00115259	PB: 0.00115259	LB: 0.0122007	GB: 0.128067	Cor: 0	Pts: 65498
Particle (43):: Fit: 0.00121512	PB: 0.00121512	LB: 0.00127703	GB: 0.128067	Cor: 0	Pts: 50398
Particle (4):: Fit: 0.00115308	PB: 0.00115308	LB: 0.128067	GB: 0.128067	Cor: 0	Pts: 60296
Particle (16):: Fit: 0.00119172	PB: 0.00119172	LB: 0.0013987	GB: 0.128067	Cor: 0	Pts: 60297
Particle (21):: Fit: 0.130405	PB: 0.130405	LB: 0.130405	GB: 0.130405	Cor: 0.63	Pts: 235797
Particle (27):: Fit: 0.0118215	PB: 0.0118215	LB: 0.0118215	GB: 0.130405	Cor: 0.63	Pts: 310697
Particle (38):: Fit: 0.00127619	PB: 0.00127619	LB: 0.0122007	GB: 0.130405	Cor: 0.63	Pts: 55597
Particle (42):: Fit: 0.00121563	PB: 0.00121563	LB: 0.00127703	GB: 0.130405	Cor: 0.63	Pts: 55497
Particle (45):: Fit: 0.00131693	PB: 0.00131693	LB: 0.128067	GB: 0.130405	Cor: 0.63	Pts: 70397
Global: 0.130405 - Correct: 63% of 100 tests
Global Best: 
  Inner Net 1
  -- 1 : 1 = 0.334791
  -- 1 : 2 = 0.220223
  -- 1 : 3 = 0.0619303
  -- 1 : 4 = 0.207192
  -- 1 : 5 = 0.403047
  -- 2 : 1 = 0.402289
  -- 2 : 2 = -0.0389152
  -- 2 : 3 = 0.211486
  -- 2 : 4 = -0.00117482
  -- 2 : 5 = -0.0022
  -- 3 : 1 = -1
  -- 3 : 2 = -0.0211
  -- 3 : 3 = -0.0665094
  -- 3 : 4 = 0.5555
  -- 3 : 5 = -0.0925
  -- 4 : 1 = 0.822856
  -- 4 : 2 = -1.78519e-005
  -- 4 : 3 = -0.2773
  -- 4 : 4 = 0.476922
  -- 4 : 5 = -0.0227493
  -- 5 : 1 = 0.725897
  -- 5 : 2 = 0.230414
  -- 5 : 3 = 0.11009
  -- 5 : 4 = 0.00371299
  -- 5 : 5 = 0.801072
  -- 6 : 1 = 0.538145
  -- 6 : 2 = 0.327572
  -- 6 : 3 = 0.4733
  -- 6 : 4 = 0.27475
  -- 6 : 5 = 0.00130671
  Inner Net 2
  -- 1 : 1 = -0.303674
  -- 1 : 2 = -0.241334
  -- 2 : 1 = -0.399309
  -- 2 : 2 = -0.151345
  -- 3 : 1 = -0.5
  -- 3 : 2 = 0.0502993
  -- 4 : 1 = -0.414964
  -- 4 : 2 = -0.038307
  -- 5 : 1 = 0.434499
  -- 5 : 2 = -0.383411
Out\Act	False		True
False	0.761066	0.0809139	0.84198
True	0.114231	0.0437887	0.15802
	0.875297	0.124703
	Accuracy [ (tp + tn) / testSize ]: 0.804855
	Precision [ tp / (tp + fp) ]:      0.34981
	Sensitivity [ tp / (tp + fn) ]:    0.276276
	Specificity [ tn / (tn + fp) ]:    0.90339
	F-Score [ 2tp / (2tp + fp + fn) ]: 0.309244
Particle (6):: Fit: 0.00117406	PB: 0.00117406	LB: 0.00137954	GB: 0.130405	Cor: 0	Pts: 60396
Particle (8):: Fit: 0.0010675	PB: 0.0010675	LB: 0.0013987	GB: 0.130405	Cor: 0	Pts: 60496
Particle (17):: Fit: 0.00115652	PB: 0.00115652	LB: 0.130405	GB: 0.130405	Cor: 0	Pts: 55596
Particle (25):: Fit: 0.00107252	PB: 0.00107252	LB: 0.130405	GB: 0.130405	Cor: 0	Pts: 60594
Particle (5):: Fit: 0.00131097	PB: 0.00131097	LB: 0.00137954	GB: 0.130405	Cor: 0	Pts: 55694
Particle (33):: Fit: 0.000928529	PB: 0.000928529	LB: 0.0122007	GB: 0.130405	Cor: 0	Pts: 75195
Particle (44):: Fit: 0.000948595	PB: 0.000948595	LB: 0.00131693	GB: 0.130405	Cor: 0	Pts: 65395
Particle (33):: Fit: 0.0012332	PB: 0.0012332	LB: 0.0122007	GB: 0.130405	Cor: 0	Pts: 75294
Particle (34):: Fit: 0.00111205	PB: 0.00111205	LB: 0.0122007	GB: 0.130405	Cor: 0	Pts: 55694
Particle (8):: Fit: 0.00139609	PB: 0.00139609	LB: 0.0013987	GB: 0.130405	Cor: 0	Pts: 75593
Particle (17):: Fit: 0.00117158	PB: 0.00117158	LB: 0.130405	GB: 0.130405	Cor: 0	Pts: 55693
Particle (18):: Fit: 0.00127433	PB: 0.00127433	LB: 0.130405	GB: 0.130405	Cor: 0	Pts: 60374
Particle (23):: Fit: 0.00108461	PB: 0.00108461	LB: 0.130405	GB: 0.130405	Cor: 0	Pts: 55693
Particle (46):: Fit: 0.0010924	PB: 0.0010924	LB: 0.128067	GB: 0.130405	Cor: 0	Pts: 50392
Particle (49):: Fit: 0.134198	PB: 0.134198	LB: 0.134198	GB: 0.134198	Cor: 0.65	Pts: 170193
Global: 0.134198 - Correct: 65% of 100 tests
Global Best: 
  Inner Net 1
  -- 1 : 1 = 0.425516
  -- 1 : 2 = 0.27783
  -- 1 : 3 = 0.123896
  -- 1 : 4 = 0.0806189
  -- 1 : 5 = 0.0801498
  -- 2 : 1 = -0.5
  -- 2 : 2 = 0.748889
  -- 2 : 3 = 0.647469
  -- 2 : 4 = 0.727405
  -- 2 : 5 = 0.0353157
  -- 3 : 1 = 0.00991361
  -- 3 : 2 = -0.0261684
  -- 3 : 3 = 0.357018
  -- 3 : 4 = -0.0371932
  -- 3 : 5 = 0.111202
  -- 4 : 1 = 0.394436
  -- 4 : 2 = 0.140931
  -- 4 : 3 = 0.619893
  -- 4 : 4 = 0.0903167
  -- 4 : 5 = 0.143467
  -- 5 : 1 = 0.5
  -- 5 : 2 = -0.18565
  -- 5 : 3 = 0.581139
  -- 5 : 4 = 0.511154
  -- 5 : 5 = 0.528908
  -- 6 : 1 = 0.320461
  -- 6 : 2 = 0.196254
  -- 6 : 3 = 0.425816
  -- 6 : 4 = 0.366249
  -- 6 : 5 = 0.436178
  Inner Net 2
  -- 1 : 1 = -0.319895
  -- 1 : 2 = -0.208693
  -- 2 : 1 = 0.220546
  -- 2 : 2 = 0.0145967
  -- 3 : 1 = -0.0356717
  -- 3 : 2 = 0.100701
  -- 4 : 1 = 0.0980216
  -- 4 : 2 = 0.297744
  -- 5 : 1 = -0.0943541
  -- 5 : 2 = 0.109048
Out\Act	False		True
False	0.654926	0.187054	0.84198
True	0.0871014	0.0709186	0.15802
	0.742028	0.257972
	Accuracy [ (tp + tn) / testSize ]: 0.725845
	Precision [ tp / (tp + fp) ]:      0.274401
	Sensitivity [ tp / (tp + fn) ]:    0.447447
	Specificity [ tn / (tn + fp) ]:    0.777401
	F-Score [ 2tp / (2tp + fp + fn) ]: 0.340571
Particle (2):: Fit: 0.0012563	PB: 0.0012563	LB: 0.134198	GB: 0.134198	Cor: 0	Pts: 115191
Particle (19):: Fit: 0.00105197	PB: 0.00105197	LB: 0.130405	GB: 0.134198	Cor: 0	Pts: 55492
Particle (44):: Fit: 0.00117297	PB: 0.00117297	LB: 0.134198	GB: 0.134198	Cor: 0	Pts: 65492
Particle (2):: Fit: 0.0121992	PB: 0.0121992	LB: 0.134198	GB: 0.134198	Cor: 0	Pts: 125290
Particle (11):: Fit: 0.00125313	PB: 0.00125313	LB: 0.0013987	GB: 0.134198	Cor: 0	Pts: 55274
Particle (16):: Fit: 0.122156	PB: 0.122156	LB: 0.130405	GB: 0.134198	Cor: 0	Pts: 85391
Particle (42):: Fit: 0.0119955	PB: 0.0119955	LB: 0.0119955	GB: 0.134198	Cor: 0	Pts: 70591
Particle (44):: Fit: 0.134012	PB: 0.134012	LB: 0.134198	GB: 0.134198	Cor: 0	Pts: 90591
Particle (6):: Fit: 0.138039	PB: 0.138039	LB: 0.138039	GB: 0.138039	Cor: 0.67	Pts: 120489
Particle (19):: Fit: 0.00125632	PB: 0.00125632	LB: 0.130405	GB: 0.138039	Cor: 0.67	Pts: 55590
Particle (38):: Fit: 0.00133812	PB: 0.00133812	LB: 0.0122007	GB: 0.138039	Cor: 0.67	Pts: 55690
Particle (39):: Fit: 0.0117955	PB: 0.0117955	LB: 0.134012	GB: 0.138039	Cor: 0.67	Pts: 155390
Global: 0.138039 - Correct: 67% of 100 tests
Global Best: 
  Inner Net 1
  -- 1 : 1 = 0.947062
  -- 1 : 2 = -0.331863
  -- 1 : 3 = 0.113338
  -- 1 : 4 = 0.299227
  -- 1 : 5 = 0.0332971
  -- 2 : 1 = -0.00427573
  -- 2 : 2 = 0.00423758
  -- 2 : 3 = 0.134639
  -- 2 : 4 = -0.32616
  -- 2 : 5 = 0.0506547
  -- 3 : 1 = 0.0224378
  -- 3 : 2 = 0.0627054
  -- 3 : 3 = 0.178945
  -- 3 : 4 = 0.0926415
  -- 3 : 5 = -0.0856642
  -- 4 : 1 = 0.390633
  -- 4 : 2 = -0.02013
  -- 4 : 3 = 0.223503
  -- 4 : 4 = 0.0283111
  -- 4 : 5 = 0.268385
  -- 5 : 1 = 0.342187
  -- 5 : 2 = -0.0882183
  -- 5 : 3 = -0.0224817
  -- 5 : 4 = -0.254667
  -- 5 : 5 = 0.0727585
  -- 6 : 1 = 0.375532
  -- 6 : 2 = 0.312076
  -- 6 : 3 = -0.205704
  -- 6 : 4 = 0.194526
  -- 6 : 5 = 0.115619
  Inner Net 2
  -- 1 : 1 = -0.0992152
  -- 1 : 2 = 0.00455583
  -- 2 : 1 = 0.218458
  -- 2 : 2 = -0.23884
  -- 3 : 1 = 0.0180965
  -- 3 : 2 = 0.0400428
  -- 4 : 1 = -0.301974
  -- 4 : 2 = -0.177636
  -- 5 : 1 = -0.446162
  -- 5 : 2 = 0.149497
Out\Act	False		True
False	0.669205	0.172775	0.84198
True	0.0913851	0.0666349	0.15802
	0.76059	0.23941
	Accuracy [ (tp + tn) / testSize ]: 0.73584
	Precision [ tp / (tp + fp) ]:      0.277778
	Sensitivity [ tp / (tp + fn) ]:    0.42042
	Specificity [ tn / (tn + fp) ]:    0.79435
	F-Score [ 2tp / (2tp + fp + fn) ]: 0.334928
Particle (3):: Fit: 0.11997	PB: 0.11997	LB: 0.138039	GB: 0.138039	Cor: 0	Pts: 56087
Particle (15):: Fit: 15072.1	PB: 15072.1	LB: 15072.1	GB: 15072.1	Cor: 0.73	Pts: 115389
Particle (29):: Fit: 0.11619	PB: 0.11619	LB: 0.11619	GB: 15072.1	Cor: 0.73	Pts: 190589
Particle (38):: Fit: 0.128051	PB: 0.128051	LB: 0.128051	GB: 15072.1	Cor: 0.73	Pts: 85789
Global: 15072.1 - Correct: 73% of 100 tests
Global Best: 
  Inner Net 1
  -- 1 : 1 = 0.210288
  -- 1 : 2 = 0.277682
  -- 1 : 3 = 0.381294
  -- 1 : 4 = -0.0789123
  -- 1 : 5 = 0.451096
  -- 2 : 1 = 0.962949
  -- 2 : 2 = 0.168569
  -- 2 : 3 = 0.633421
  -- 2 : 4 = 0.712649
  -- 2 : 5 = 0.280874
  -- 3 : 1 = -0.446415
  -- 3 : 2 = 0.149561
  -- 3 : 3 = 0.415996
  -- 3 : 4 = 0.125263
  -- 3 : 5 = -0.0934818
  -- 4 : 1 = 0.136297
  -- 4 : 2 = 0.31156
  -- 4 : 3 = 0.428811
  -- 4 : 4 = -0.131596
  -- 4 : 5 = 0.0581266
  -- 5 : 1 = -0.5
  -- 5 : 2 = 0.237807
  -- 5 : 3 = 0.58432
  -- 5 : 4 = 0.85562
  -- 5 : 5 = -0.5
  -- 6 : 1 = 0.819238
  -- 6 : 2 = -0.181599
  -- 6 : 3 = -0.184862
  -- 6 : 4 = 0.0149159
  -- 6 : 5 = -0.246516
  Inner Net 2
  -- 1 : 1 = 0.283119
  -- 1 : 2 = -0.221928
  -- 2 : 1 = 0.381247
  -- 2 : 2 = 0.304243
  -- 3 : 1 = -0.312556
  -- 3 : 2 = -0.299581
  -- 4 : 1 = -0.0254612
  -- 4 : 2 = -0.164674
  -- 5 : 1 = -0.0789191
  -- 5 : 2 = 0.277578
Out\Act	False		True
False	0.595431	0.246549	0.84198
True	0.0775821	0.0804379	0.15802
	0.673013	0.326987
	Accuracy [ (tp + tn) / testSize ]: 0.675869
	Precision [ tp / (tp + fp) ]:      0.24564
	Sensitivity [ tp / (tp + fn) ]:    0.507508
	Specificity [ tn / (tn + fp) ]:    0.70678
	F-Score [ 2tp / (2tp + fp + fn) ]: 0.331373
Particle (7):: Fit: 0.00108647	PB: 0.00108647	LB: 0.138039	GB: 15072.1	Cor: 0	Pts: 65287
Particle (20):: Fit: 0.00125537	PB: 0.00125537	LB: 0.130405	GB: 15072.1	Cor: 0	Pts: 60288
Particle (3):: Fit: 0.138072	PB: 0.138072	LB: 0.138072	GB: 15072.1	Cor: 0	Pts: 106185
Particle (37):: Fit: 0.00119504	PB: 0.00119504	LB: 0.128051	GB: 15072.1	Cor: 0	Pts: 65587
Particle (8):: Fit: 14423.1	PB: 14423.1	LB: 14423.1	GB: 15072.1	Cor: 0	Pts: 110686
Particle (9):: Fit: 0.010799	PB: 0.010799	LB: 14423.1	GB: 15072.1	Cor: 0	Pts: 65885
Particle (35):: Fit: 0.00119527	PB: 0.00119527	LB: 0.128051	GB: 15072.1	Cor: 0	Pts: 55286
Particle (47):: Fit: 0.00121419	PB: 0.00121419	LB: 0.134198	GB: 15072.1	Cor: 0	Pts: 65369
Particle (1):: Fit: 0.142613	PB: 0.142613	LB: 0.142613	GB: 15072.1	Cor: 0	Pts: 95485
Particle (28):: Fit: 0.00115443	PB: 0.00115443	LB: 0.11619	GB: 15072.1	Cor: 0	Pts: 55268
Particle (32):: Fit: 0.00115039	PB: 0.00115039	LB: 0.11619	GB: 15072.1	Cor: 0	Pts: 55880
Particle (7):: Fit: 0.00115661	PB: 0.00115661	LB: 14423.1	GB: 15072.1	Cor: 0	Pts: 65382
Particle (9):: Fit: 0.12449	PB: 0.12449	LB: 14423.1	GB: 15072.1	Cor: 0	Pts: 65982
Particle (40):: Fit: 0.00129759	PB: 0.00129759	LB: 0.134012	GB: 15072.1	Cor: 0	Pts: 230583
Particle (48):: Fit: 0.00113294	PB: 0.00113294	LB: 0.142613	GB: 15072.1	Cor: 0	Pts: 50483
Particle (0):: Fit: 0.136202	PB: 0.136202	LB: 0.142613	GB: 15072.1	Cor: 0	Pts: 310581
Particle (25):: Fit: 0.00121604	PB: 0.00121604	LB: 0.130405	GB: 15072.1	Cor: 0	Pts: 60679
Particle (28):: Fit: 0.00131652	PB: 0.00131652	LB: 0.11619	GB: 15072.1	Cor: 0	Pts: 55364
Particle (34):: Fit: 0.124521	PB: 0.124521	LB: 0.128051	GB: 15072.1	Cor: 0	Pts: 75782
Particle (40):: Fit: 0.136056	PB: 0.136056	LB: 0.136056	GB: 15072.1	Cor: 0	Pts: 280682
Particle (17):: Fit: 0.00118946	PB: 0.00118946	LB: 15072.1	GB: 15072.1	Cor: 0	Pts: 55779
Particle (19):: Fit: 0.00133902	PB: 0.00133902	LB: 15072.1	GB: 15072.1	Cor: 0	Pts: 55678
Particle (25):: Fit: 0.128647	PB: 0.128647	LB: 0.130405	GB: 15072.1	Cor: 0	Pts: 80774
Particle (7):: Fit: 0.0110299	PB: 0.0110299	LB: 14423.1	GB: 15072.1	Cor: 0	Pts: 65475
Particle (11):: Fit: 0.00129738	PB: 0.00129738	LB: 15072.1	GB: 15072.1	Cor: 0	Pts: 55358
Particle (31):: Fit: 0.123925	PB: 0.123925	LB: 0.124521	GB: 15072.1	Cor: 0	Pts: 175576
Particle (40):: Fit: 14420.9	PB: 14420.9	LB: 14420.9	GB: 15072.1	Cor: 0	Pts: 330775
Particle (14):: Fit: 0.0134418	PB: 0.0134418	LB: 15072.1	GB: 15072.1	Cor: 0	Pts: 240574
Particle (9):: Fit: 0.12787	PB: 0.12787	LB: 14423.1	GB: 15072.1	Cor: 0	Pts: 66071
Particle (37):: Fit: 0.00125696	PB: 0.00125696	LB: 14420.9	GB: 15072.1	Cor: 0	Pts: 65672
Particle (45):: Fit: 0.0110184	PB: 0.0110184	LB: 0.136202	GB: 15072.1	Cor: 0	Pts: 70471
Particle (41):: Fit: 0.128769	PB: 0.128769	LB: 14420.9	GB: 15072.1	Cor: 0	Pts: 60668
Particle (10):: Fit: 0.00139672	PB: 0.00139672	LB: 15072.1	GB: 15072.1	Cor: 0	Pts: 145369
Particle (24):: Fit: 0.0101919	PB: 0.0101919	LB: 0.130405	GB: 15072.1	Cor: 0	Pts: 90468
Particle (37):: Fit: 0.13401	PB: 0.13401	LB: 14420.9	GB: 15072.1	Cor: 0	Pts: 80769
Particle (12):: Fit: 0.0118033	PB: 0.0118033	LB: 15072.1	GB: 15072.1	Cor: 0	Pts: 120365
Particle (17):: Fit: 14510.9	PB: 14510.9	LB: 15072.1	GB: 15072.1	Cor: 0	Pts: 65867
Particle (25):: Fit: 0.140363	PB: 0.140363	LB: 0.140363	GB: 15072.1	Cor: 0	Pts: 120864
Particle (45):: Fit: 0.142168	PB: 0.142168	LB: 0.142168	GB: 15072.1	Cor: 0	Pts: 75566
Particle (5):: Fit: 0.00131621	PB: 0.00131621	LB: 14423.1	GB: 15072.1	Cor: 0	Pts: 55765
Particle (7):: Fit: 0.124363	PB: 0.124363	LB: 14423.1	GB: 15072.1	Cor: 0	Pts: 65565
Particle (46):: Fit: 0.00119094	PB: 0.00119094	LB: 0.142613	GB: 15072.1	Cor: 0	Pts: 50463
Particle (13):: Fit: 15255	PB: 15255	LB: 15255	GB: 15255	Cor: 0.74	Pts: 165864
Particle (46):: Fit: 0.0119798	PB: 0.0119798	LB: 0.142613	GB: 15255	Cor: 0.74	Pts: 50562
Global: 15255 - Correct: 74% of 100 tests
Global Best: 
  Inner Net 1
  -- 1 : 1 = 0.217508
  -- 1 : 2 = 0.154627
  -- 1 : 3 = -0.101234
  -- 1 : 4 = 0.00717474
  -- 1 : 5 = 0.136648
  -- 2 : 1 = 0.5
  -- 2 : 2 = 0.318644
  -- 2 : 3 = -0.0894851
  -- 2 : 4 = -0.0878446
  -- 2 : 5 = -0.133216
  -- 3 : 1 = -0.0699186
  -- 3 : 2 = 0.450116
  -- 3 : 3 = 0.155758
  -- 3 : 4 = -0.24399
  -- 3 : 5 = 0.119295
  -- 4 : 1 = 0.450631
  -- 4 : 2 = 0.011764
  -- 4 : 3 = 0.0916747
  -- 4 : 4 = 0.213279
  -- 4 : 5 = 0.464172
  -- 5 : 1 = 0.492245
  -- 5 : 2 = 0.61284
  -- 5 : 3 = 0.351923
  -- 5 : 4 = 0.00802671
  -- 5 : 5 = -0.192726
  -- 6 : 1 = 0.096119
  -- 6 : 2 = 0.276552
  -- 6 : 3 = 0.113754
  -- 6 : 4 = -0.0107635
  -- 6 : 5 = 0.00278151
  Inner Net 2
  -- 1 : 1 = -0.291531
  -- 1 : 2 = -0.0730019
  -- 2 : 1 = -0.0978964
  -- 2 : 2 = -0.0336948
  -- 3 : 1 = 0.108849
  -- 3 : 2 = 0.029926
  -- 4 : 1 = -0.145263
  -- 4 : 2 = -0.432615
  -- 5 : 1 = -0.115832
  -- 5 : 2 = 0.272873
Out\Act	False		True
False	0.783436	0.0585436	0.84198
True	0.105664	0.052356	0.15802
	0.8891	0.1109
	Accuracy [ (tp + tn) / testSize ]: 0.835792
	Precision [ tp / (tp + fp) ]:      0.470085
	Sensitivity [ tp / (tp + fn) ]:    0.33033
	Specificity [ tn / (tn + fp) ]:    0.929944
	F-Score [ 2tp / (2tp + fp + fn) ]: 0.388693
Particle (5):: Fit: 0.0118513	PB: 0.0118513	LB: 14423.1	GB: 15255	Cor: 0	Pts: 55862
Particle (19):: Fit: 0.0126535	PB: 0.0126535	LB: 15072.1	GB: 15255	Cor: 0	Pts: 55761
Particle (22):: Fit: 0.00127714	PB: 0.00127714	LB: 0.140363	GB: 15255	Cor: 0	Pts: 190561
Particle (7):: Fit: 0.138165	PB: 0.138165	LB: 14423.1	GB: 15255	Cor: 0	Pts: 65660
Particle (48):: Fit: 0.00121599	PB: 0.00121599	LB: 0.142613	GB: 15255	Cor: 0	Pts: 50560
Particle (23):: Fit: 0.0114384	PB: 0.0114384	LB: 0.140363	GB: 15255	Cor: 0	Pts: 55758
Particle (36):: Fit: 0.129995	PB: 0.129995	LB: 14420.9	GB: 15255	Cor: 0	Pts: 110541
Particle (26):: Fit: 0.00129715	PB: 0.00129715	LB: 0.140363	GB: 15255	Cor: 0	Pts: 75457
Particle (24):: Fit: 0.126307	PB: 0.126307	LB: 0.140363	GB: 15255	Cor: 0	Pts: 90553
Particle (28):: Fit: 0.00133856	PB: 0.00133856	LB: 0.140363	GB: 15255	Cor: 0	Pts: 55437
Particle (16):: Fit: 0.135936	PB: 0.135936	LB: 15255	GB: 15255	Cor: 0	Pts: 85454
Particle (47):: Fit: 0.00127328	PB: 0.00127328	LB: 0.142613	GB: 15255	Cor: 0	Pts: 65434
Particle (48):: Fit: 0.0012561	PB: 0.0012561	LB: 0.142613	GB: 15255	Cor: 0	Pts: 50651
Particle (5):: Fit: 0.0122218	PB: 0.0122218	LB: 14423.1	GB: 15255	Cor: 0	Pts: 55949
Particle (47):: Fit: 0.00129784	PB: 0.00129784	LB: 0.142613	GB: 15255	Cor: 0	Pts: 65532
Particle (34):: Fit: 0.132286	PB: 0.132286	LB: 0.13401	GB: 15255	Cor: 0	Pts: 85846
Particle (48):: Fit: 0.142186	PB: 0.142186	LB: 0.142613	GB: 15255	Cor: 0	Pts: 55748
Particle (18):: Fit: 0.124333	PB: 0.124333	LB: 15072.1	GB: 15255	Cor: 0	Pts: 60427
Particle (33):: Fit: 0.00127544	PB: 0.00127544	LB: 0.13401	GB: 15255	Cor: 0	Pts: 75346
Particle (47):: Fit: 0.116352	PB: 0.116352	LB: 0.142613	GB: 15255	Cor: 0	Pts: 65626
Particle (33):: Fit: 0.126079	PB: 0.126079	LB: 0.13401	GB: 15255	Cor: 0	Pts: 75442
Particle (19):: Fit: 0.120697	PB: 0.120697	LB: 15072.1	GB: 15255	Cor: 0	Pts: 55838
Particle (20):: Fit: 0.127767	PB: 0.127767	LB: 14510.9	GB: 15255	Cor: 0	Pts: 60339
Particle (41):: Fit: 0.134447	PB: 0.134447	LB: 14420.9	GB: 15255	Cor: 0	Pts: 60738
Particle (2):: Fit: 0.0123808	PB: 0.0123808	LB: 0.142613	GB: 15255	Cor: 0	Pts: 125338
Particle (47):: Fit: 0.120575	PB: 0.120575	LB: 0.142613	GB: 15255	Cor: 0	Pts: 65722
Particle (26):: Fit: 0.00133314	PB: 0.00133314	LB: 0.140363	GB: 15255	Cor: 0	Pts: 75538
Particle (13):: Fit: 15452.2	PB: 15452.2	LB: 15452.2	GB: 15452.2	Cor: 0.75	Pts: 225935
Particle (34):: Fit: 1442.61	PB: 1442.61	LB: 1442.61	GB: 15452.2	Cor: 0.75	Pts: 115933
Global: 15452.2 - Correct: 75% of 100 tests
Global Best: 
  Inner Net 1
  -- 1 : 1 = 0.08227
  -- 1 : 2 = 0.301246
  -- 1 : 3 = 0.0270823
  -- 1 : 4 = 0.00205927
  -- 1 : 5 = -0.0671774
  -- 2 : 1 = 0.699052
  -- 2 : 2 = 0.00828847
  -- 2 : 3 = 0.0615257
  -- 2 : 4 = -0.0366018
  -- 2 : 5 = -0.0910048
  -- 3 : 1 = -0.066272
  -- 3 : 2 = -0.225826
  -- 3 : 3 = 0.307749
  -- 3 : 4 = 0.137668
  -- 3 : 5 = -0.272082
  -- 4 : 1 = 0.617695
  -- 4 : 2 = 0.00958246
  -- 4 : 3 = 0.0753943
  -- 4 : 4 = 0.34492
  -- 4 : 5 = 0.305711
  -- 5 : 1 = 0.480827
  -- 5 : 2 = 0.445857
  -- 5 : 3 = 0.124511
  -- 5 : 4 = 0.00905972
  -- 5 : 5 = -0.0571198
  -- 6 : 1 = 0.527058
  -- 6 : 2 = 0.17674
  -- 6 : 3 = 0.0928659
  -- 6 : 4 = 0.00488241
  -- 6 : 5 = 0.292507
  Inner Net 2
  -- 1 : 1 = -0.291531
  -- 1 : 2 = -0.0730019
  -- 2 : 1 = -0.0978964
  -- 2 : 2 = -0.0336948
  -- 3 : 1 = 0.108849
  -- 3 : 2 = 0.029926
  -- 4 : 1 = -0.145263
  -- 4 : 2 = -0.432615
  -- 5 : 1 = -0.115832
  -- 5 : 2 = 0.272873
Out\Act	False		True
False	0.614469	0.227511	0.84198
True	0.0685388	0.0894812	0.15802
	0.683008	0.316992
	Accuracy [ (tp + tn) / testSize ]: 0.70395
	Precision [ tp / (tp + fp) ]:      0.281859
	Sensitivity [ tp / (tp + fn) ]:    0.564565
	Specificity [ tn / (tn + fp) ]:    0.729379
	F-Score [ 2tp / (2tp + fp + fn) ]: 0.376376
Particle (35):: Fit: 0.0124224	PB: 0.0124224	LB: 14420.9	GB: 15452.2	Cor: 0	Pts: 55332
Particle (24):: Fit: 0.13819	PB: 0.13819	LB: 0.140363	GB: 15452.2	Cor: 0	Pts: 90630
Particle (26):: Fit: 0.0110378	PB: 0.0110378	LB: 0.140363	GB: 15452.2	Cor: 0	Pts: 75630
Particle (43):: Fit: 0.00121597	PB: 0.00121597	LB: 14420.9	GB: 15452.2	Cor: 0	Pts: 50429
Particle (10):: Fit: 0.13185	PB: 0.13185	LB: 15452.2	GB: 15452.2	Cor: 0	Pts: 145422
Particle (11):: Fit: 0.0115904	PB: 0.0115904	LB: 15452.2	GB: 15452.2	Cor: 0	Pts: 55402
Particle (14):: Fit: 0.119876	PB: 0.119876	LB: 15452.2	GB: 15452.2	Cor: 0	Pts: 240623
Particle (27):: Fit: 0.134697	PB: 0.134697	LB: 0.140363	GB: 15452.2	Cor: 0	Pts: 310721
Particle (43):: Fit: 0.00127423	PB: 0.00127423	LB: 14420.9	GB: 15452.2	Cor: 0	Pts: 50521
Particle (10):: Fit: 0.140248	PB: 0.140248	LB: 15452.2	GB: 15452.2	Cor: 0	Pts: 145520
Particle (19):: Fit: 14630.8	PB: 14630.8	LB: 15072.1	GB: 15452.2	Cor: 0	Pts: 75915
Particle (0):: Fit: 146.066	PB: 146.066	LB: 146.066	GB: 15452.2	Cor: 0	Pts: 350619
Particle (2):: Fit: 0.138123	PB: 0.138123	LB: 146.066	GB: 15452.2	Cor: 0	Pts: 125418
Particle (22):: Fit: 0.142351	PB: 0.142351	LB: 14630.8	GB: 15452.2	Cor: 0	Pts: 205614
Particle (27):: Fit: 14873	PB: 14873	LB: 14873	GB: 15452.2	Cor: 0	Pts: 360814
Particle (28):: Fit: 0.130749	PB: 0.130749	LB: 14873	GB: 15452.2	Cor: 0	Pts: 55497
Particle (14):: Fit: 0.13418	PB: 0.13418	LB: 15452.2	GB: 15452.2	Cor: 0	Pts: 240713
Particle (4):: Fit: 0.00117266	PB: 0.00117266	LB: 14423.1	GB: 15452.2	Cor: 0	Pts: 60309
Particle (14):: Fit: 14657.1	PB: 14657.1	LB: 15452.2	GB: 15452.2	Cor: 0	Pts: 240811
Particle (47):: Fit: 0.132514	PB: 0.132514	LB: 146.066	GB: 15452.2	Cor: 0	Pts: 65792
Particle (5):: Fit: 0.128133	PB: 0.128133	LB: 14423.1	GB: 15452.2	Cor: 0	Pts: 56007
Particle (5):: Fit: 14852.5	PB: 14852.5	LB: 14852.5	GB: 15452.2	Cor: 0	Pts: 96106
Particle (38):: Fit: 0.131917	PB: 0.131917	LB: 14420.9	GB: 15452.2	Cor: 0	Pts: 85804
Particle (43):: Fit: 0.113883	PB: 0.113883	LB: 14420.9	GB: 15452.2	Cor: 0	Pts: 50602
Particle (48):: Fit: 14628.8	PB: 14628.8	LB: 14628.8	GB: 15452.2	Cor: 0	Pts: 90802
Particle (47):: Fit: 0.138137	PB: 0.138137	LB: 14628.8	GB: 15452.2	Cor: 0	Pts: 65882
Particle (22):: Fit: 14449.7	PB: 14449.7	LB: 14873	GB: 15452.2	Cor: 0	Pts: 205695
Particle (29):: Fit: 0.140264	PB: 0.140264	LB: 14873	GB: 15452.2	Cor: 0	Pts: 190594
Particle (2):: Fit: 0.140268	PB: 0.140268	LB: 14852.5	GB: 15452.2	Cor: 0	Pts: 125490
Particle (4):: Fit: 0.0114277	PB: 0.0114277	LB: 14852.5	GB: 15452.2	Cor: 0	Pts: 60390
Particle (43):: Fit: 0.118809	PB: 0.118809	LB: 14628.8	GB: 15452.2	Cor: 0	Pts: 50689
Particle (43):: Fit: 0.1219	PB: 0.1219	LB: 14628.8	GB: 15452.2	Cor: 0	Pts: 50785
Particle (28):: Fit: 0.142024	PB: 0.142024	LB: 14873	GB: 15452.2	Cor: 0	Pts: 55567
Particle (11):: Fit: 0.0116621	PB: 0.0116621	LB: 15452.2	GB: 15452.2	Cor: 0	Pts: 55457
Particle (9):: Fit: 0.136028	PB: 0.136028	LB: 15452.2	GB: 15452.2	Cor: 0	Pts: 66071
Particle (32):: Fit: 0.00115315	PB: 0.00115315	LB: 1442.61	GB: 15452.2	Cor: 0	Pts: 55868
Particle (2):: Fit: 16032.3	PB: 16032.3	LB: 16032.3	GB: 16032.3	Cor: 0.78	Pts: 185572
Particle (12):: Fit: 0.132843	PB: 0.132843	LB: 15452.2	GB: 16032.3	Cor: 0.78	Pts: 120370
Global: 16032.3 - Correct: 78% of 100 tests
Global Best: 
  Inner Net 1
  -- 1 : 1 = 0.594986
  -- 1 : 2 = 0.0431128
  -- 1 : 3 = -0.0687614
  -- 1 : 4 = 0.0938013
  -- 1 : 5 = -0.0117451
  -- 2 : 1 = 0.107053
  -- 2 : 2 = -0.305318
  -- 2 : 3 = 0.00217297
  -- 2 : 4 = -0.0950342
  -- 2 : 5 = -0.281637
  -- 3 : 1 = -0.134379
  -- 3 : 2 = 0.0237012
  -- 3 : 3 = 0.231319
  -- 3 : 4 = 0.504918
  -- 3 : 5 = -0.255095
  -- 4 : 1 = 1
  -- 4 : 2 = 0.565304
  -- 4 : 3 = -0.164378
  -- 4 : 4 = 0.423688
  -- 4 : 5 = 0.146297
  -- 5 : 1 = 0.762257
  -- 5 : 2 = 0.0494422
  -- 5 : 3 = 0.336681
  -- 5 : 4 = 0.571
  -- 5 : 5 = 0.302649
  -- 6 : 1 = 0.354178
  -- 6 : 2 = 0.166996
  -- 6 : 3 = 0.246666
  -- 6 : 4 = -0.110543
  -- 6 : 5 = -0.21056
  Inner Net 2
  -- 1 : 1 = 0.00643056
  -- 1 : 2 = 0.224775
  -- 2 : 1 = 0.579769
  -- 2 : 2 = -0.0825228
  -- 3 : 1 = 0.127848
  -- 3 : 2 = 0.344072
  -- 4 : 1 = 0.186468
  -- 4 : 2 = 0.0451229
  -- 5 : 1 = -0.118985
  -- 5 : 2 = 0.166101
Out\Act	False		True
False	0.585911	0.256069	0.84198
True	0.0618753	0.0961447	0.15802
	0.647787	0.352213
	Accuracy [ (tp + tn) / testSize ]: 0.682056
	Precision [ tp / (tp + fp) ]:      0.272605
	Sensitivity [ tp / (tp + fn) ]:    0.606607
	Specificity [ tn / (tn + fp) ]:    0.69548
	F-Score [ 2tp / (2tp + fp + fn) ]: 0.376514
Particle (26):: Fit: 0.120442	PB: 0.120442	LB: 14873	GB: 16032.3	Cor: 0	Pts: 75670
Particle (32):: Fit: 0.0011538	PB: 0.0011538	LB: 1442.61	GB: 16032.3	Cor: 0	Pts: 55965
Particle (12):: Fit: 0.136335	PB: 0.136335	LB: 15452.2	GB: 16032.3	Cor: 0	Pts: 120466
Particle (39):: Fit: 0.0120433	PB: 0.0120433	LB: 14420.9	GB: 16032.3	Cor: 0	Pts: 155369
Particle (39):: Fit: 0.134258	PB: 0.134258	LB: 14420.9	GB: 16032.3	Cor: 0	Pts: 155465
Particle (43):: Fit: 0.136042	PB: 0.136042	LB: 14628.8	GB: 16032.3	Cor: 0	Pts: 50864
Particle (34):: Fit: 14445.2	PB: 14445.2	LB: 14445.2	GB: 16032.3	Cor: 0	Pts: 150951
Particle (30):: Fit: 0.00127769	PB: 0.00127769	LB: 14873	GB: 16032.3	Cor: 0	Pts: 60251
Particle (18):: Fit: 0.126352	PB: 0.126352	LB: 15072.1	GB: 16032.3	Cor: 0	Pts: 60428
Particle (38):: Fit: 0.132046	PB: 0.132046	LB: 14445.2	GB: 16032.3	Cor: 0	Pts: 85842
Particle (11):: Fit: 0.122769	PB: 0.122769	LB: 15452.2	GB: 16032.3	Cor: 0	Pts: 55517
Particle (7):: Fit: 143.868	PB: 143.868	LB: 14852.5	GB: 16032.3	Cor: 0	Pts: 65639
Particle (26):: Fit: 0.130043	PB: 0.130043	LB: 14873	GB: 16032.3	Cor: 0	Pts: 75737
Particle (39):: Fit: 144.032	PB: 144.032	LB: 14420.9	GB: 16032.3	Cor: 0	Pts: 155522
Particle (25):: Fit: 0.142781	PB: 0.142781	LB: 14873	GB: 16032.3	Cor: 0	Pts: 120806
Particle (0):: Fit: 14433.8	PB: 14433.8	LB: 16032.3	GB: 16032.3	Cor: 0	Pts: 350605
Particle (45):: Fit: 0.142522	PB: 0.142522	LB: 14628.8	GB: 16032.3	Cor: 0	Pts: 75495
Particle (44):: Fit: 154.137	PB: 154.137	LB: 14628.8	GB: 16032.3	Cor: 0	Pts: 90486
Particle (18):: Fit: 14724.5	PB: 14724.5	LB: 15072.1	GB: 16032.3	Cor: 0	Pts: 70470
Particle (12):: Fit: 14449.7	PB: 14449.7	LB: 15452.2	GB: 16032.3	Cor: 0	Pts: 120480
Particle (26):: Fit: 0.134147	PB: 0.134147	LB: 14873	GB: 16032.3	Cor: 0	Pts: 75782
Particle (49):: Fit: 0.142653	PB: 0.142653	LB: 16032.3	GB: 16032.3	Cor: 0	Pts: 170081
Particle (21):: Fit: 0.137864	PB: 0.137864	LB: 14724.5	GB: 16032.3	Cor: 0	Pts: 235672
Particle (7):: Fit: 14673.8	PB: 14673.8	LB: 14852.5	GB: 16032.3	Cor: 0	Pts: 65658
Particle (6):: Fit: 0.139084	PB: 0.139084	LB: 16032.3	GB: 16032.3	Cor: 0	Pts: 120354
Particle (31):: Fit: 0.128501	PB: 0.128501	LB: 14873	GB: 16032.3	Cor: 0	Pts: 175444
Particle (1):: Fit: 14629.9	PB: 14629.9	LB: 16032.3	GB: 16032.3	Cor: 0	Pts: 100348
Particle (29):: Fit: 15088.7	PB: 15088.7	LB: 15088.7	GB: 16032.3	Cor: 0	Pts: 240543
Particle (27):: Fit: 15268.8	PB: 15268.8	LB: 15268.8	GB: 16032.3	Cor: 0	Pts: 410743
Particle (6):: Fit: 144.052	PB: 144.052	LB: 16032.3	GB: 16032.3	Cor: 0	Pts: 120440
Particle (46):: Fit: 0.0123958	PB: 0.0123958	LB: 14629.9	GB: 16032.3	Cor: 0	Pts: 50429
Particle (12):: Fit: 15016.8	PB: 15016.8	LB: 15452.2	GB: 16032.3	Cor: 0	Pts: 125523
Particle (24):: Fit: 143.329	PB: 143.329	LB: 15268.8	GB: 16032.3	Cor: 0	Pts: 90518
Particle (11):: Fit: 14828.1	PB: 14828.1	LB: 15452.2	GB: 16032.3	Cor: 0	Pts: 55478
Particle (35):: Fit: 0.126775	PB: 0.126775	LB: 14445.2	GB: 16032.3	Cor: 0	Pts: 55192
Particle (49):: Fit: 14633.9	PB: 14633.9	LB: 16032.3	GB: 16032.3	Cor: 0	Pts: 185088
Particle (33):: Fit: 0.132243	PB: 0.132243	LB: 15088.7	GB: 16032.3	Cor: 0	Pts: 75286
Particle (26):: Fit: 0.136344	PB: 0.136344	LB: 15268.8	GB: 16032.3	Cor: 0	Pts: 75775
Particle (25):: Fit: 148.114	PB: 148.114	LB: 15268.8	GB: 16032.3	Cor: 0	Pts: 120751
Particle (37):: Fit: 0.138531	PB: 0.138531	LB: 14445.2	GB: 16032.3	Cor: 0	Pts: 80553
Particle (3):: Fit: 14421.6	PB: 14421.6	LB: 16032.3	GB: 16032.3	Cor: 0	Pts: 105947
Particle (3):: Fit: 15430.8	PB: 15430.8	LB: 16032.3	GB: 16032.3	Cor: 0	Pts: 111041
Particle (1):: Fit: 14893.8	PB: 14893.8	LB: 16032.3	GB: 16032.3	Cor: 0	Pts: 105341
Particle (17):: Fit: 15458.4	PB: 15458.4	LB: 15458.4	GB: 16032.3	Cor: 0	Pts: 115640
Particle (39):: Fit: 146.125	PB: 146.125	LB: 14420.9	GB: 16032.3	Cor: 0	Pts: 155415
Particle (31):: Fit: 0.136234	PB: 0.136234	LB: 15268.8	GB: 16032.3	Cor: 0	Pts: 175406
Particle (6):: Fit: 151.82	PB: 151.82	LB: 16032.3	GB: 16032.3	Cor: 0	Pts: 120382
Particle (23):: Fit: 0.0122221	PB: 0.0122221	LB: 15268.8	GB: 16032.3	Cor: 0	Pts: 55473
Particle (23):: Fit: 0.116114	PB: 0.116114	LB: 15268.8	GB: 16032.3	Cor: 0	Pts: 55569
Particle (33):: Fit: 0.142407	PB: 0.142407	LB: 15088.7	GB: 16032.3	Cor: 0	Pts: 75278
Particle (35):: Fit: 0.134179	PB: 0.134179	LB: 14445.2	GB: 16032.3	Cor: 0	Pts: 55164
Particle (1):: Fit: 15650	PB: 15650	LB: 16032.3	GB: 16032.3	Cor: 0	Pts: 110370
Particle (22):: Fit: 14647.7	PB: 14647.7	LB: 15268.8	GB: 16032.3	Cor: 0	Pts: 205453
Particle (47):: Fit: 0.138314	PB: 0.138314	LB: 16032.3	GB: 16032.3	Cor: 0	Pts: 65625
Particle (37):: Fit: 0.138707	PB: 0.138707	LB: 14445.2	GB: 16032.3	Cor: 0	Pts: 80539
Particle (25):: Fit: 14706.4	PB: 14706.4	LB: 15268.8	GB: 16032.3	Cor: 0	Pts: 120711
Particle (19):: Fit: 15636.3	PB: 15636.3	LB: 15636.3	GB: 16032.3	Cor: 0	Pts: 125604
Particle (39):: Fit: 14843.2	PB: 14843.2	LB: 14843.2	GB: 16032.3	Cor: 0	Pts: 205406
Particle (38):: Fit: 0.134157	PB: 0.134157	LB: 14843.2	GB: 16032.3	Cor: 0	Pts: 85581
Particle (9):: Fit: 0.136576	PB: 0.136576	LB: 15452.2	GB: 16032.3	Cor: 0	Pts: 65775
Particle (35):: Fit: 0.134791	PB: 0.134791	LB: 14843.2	GB: 16032.3	Cor: 0	Pts: 55165
Particle (47):: Fit: 0.140317	PB: 0.140317	LB: 16032.3	GB: 16032.3	Cor: 0	Pts: 65642
Particle (16):: Fit: 0.136561	PB: 0.136561	LB: 15636.3	GB: 16032.3	Cor: 0	Pts: 85059
Particle (37):: Fit: 144.167	PB: 144.167	LB: 14843.2	GB: 16032.3	Cor: 0	Pts: 80558
Particle (36):: Fit: 0.136252	PB: 0.136252	LB: 14843.2	GB: 16032.3	Cor: 0	Pts: 110134
Particle (9):: Fit: 0.142133	PB: 0.142133	LB: 15452.2	GB: 16032.3	Cor: 0	Pts: 65845
Particle (44):: Fit: 14623.7	PB: 14623.7	LB: 14633.9	GB: 16032.3	Cor: 0	Pts: 90246
Particle (6):: Fit: 14636.1	PB: 14636.1	LB: 16032.3	GB: 16032.3	Cor: 0	Pts: 120348
Particle (36):: Fit: 147.99	PB: 147.99	LB: 14843.2	GB: 16032.3	Cor: 0	Pts: 110225
Particle (7):: Fit: 15914.2	PB: 15914.2	LB: 15914.2	GB: 16032.3	Cor: 0	Pts: 90437
Particle (12):: Fit: 16035.8	PB: 16035.8	LB: 16035.8	GB: 16035.8	Cor: 0.78	Pts: 185338
Global: 16035.8 - Correct: 78% of 100 tests
Global Best: 
  Inner Net 1
  -- 1 : 1 = 0.249252
  -- 1 : 2 = 0.276179
  -- 1 : 3 = -0.296609
  -- 1 : 4 = 0.168135
  -- 1 : 5 = 0.241528
  -- 2 : 1 = 0.578162
  -- 2 : 2 = -0.314865
  -- 2 : 3 = 0.287486
  -- 2 : 4 = 0.219606
  -- 2 : 5 = -0.637213
  -- 3 : 1 = -0.179484
  -- 3 : 2 = 0.609379
  -- 3 : 3 = -0.172351
  -- 3 : 4 = 0.178619
  -- 3 : 5 = 0.118866
  -- 4 : 1 = -0.107744
  -- 4 : 2 = 0.538867
  -- 4 : 3 = 0.0680522
  -- 4 : 4 = 0.0287512
  -- 4 : 5 = 0.400598
  -- 5 : 1 = -0.0543832
  -- 5 : 2 = 0.0317322
  -- 5 : 3 = 0.555464
  -- 5 : 4 = 0.066775
  -- 5 : 5 = 0.104597
  -- 6 : 1 = 0.53113
  -- 6 : 2 = 0.0820387
  -- 6 : 3 = 0.481764
  -- 6 : 4 = 0.197211
  -- 6 : 5 = -0.0173345
  Inner Net 2
  -- 1 : 1 = 0.281557
  -- 1 : 2 = -0.110028
  -- 2 : 1 = 0.215035
  -- 2 : 2 = -0.167192
  -- 3 : 1 = 0.183404
  -- 3 : 2 = -0.291313
  -- 4 : 1 = 0.520988
  -- 4 : 2 = -0.337049
  -- 5 : 1 = -0.205953
  -- 5 : 2 = -0.0513232
Out\Act	False		True
False	0.45169	0.39029	0.84198
True	0.0518801	0.10614	0.15802
	0.50357	0.49643
	Accuracy [ (tp + tn) / testSize ]: 0.55783
	Precision [ tp / (tp + fp) ]:      0.213602
	Sensitivity [ tp / (tp + fn) ]:    0.66967
	Specificity [ tn / (tn + fp) ]:    0.536158
	F-Score [ 2tp / (2tp + fp + fn) ]: 0.324128
Particle (43):: Fit: 15486.4	PB: 15486.4	LB: 15486.4	GB: 16035.8	Cor: 0	Pts: 90536
Particle (32):: Fit: 0.0114384	PB: 0.0114384	LB: 15088.7	GB: 16035.8	Cor: 0	Pts: 55600
Particle (26):: Fit: 0.142128	PB: 0.142128	LB: 15268.8	GB: 16035.8	Cor: 0	Pts: 75599
Particle (32):: Fit: 0.120257	PB: 0.120257	LB: 15088.7	GB: 16035.8	Cor: 0	Pts: 55694
Particle (26):: Fit: 143.989	PB: 143.989	LB: 15268.8	GB: 16035.8	Cor: 0	Pts: 75694
Particle (14):: Fit: 14846.6	PB: 14846.6	LB: 16035.8	GB: 16035.8	Cor: 0	Pts: 240398
Particle (31):: Fit: 0.136533	PB: 0.136533	LB: 15268.8	GB: 16035.8	Cor: 0	Pts: 175272
Particle (3):: Fit: 16501.4	PB: 16501.4	LB: 16501.4	GB: 16501.4	Cor: 0.8	Pts: 170874
Global: 16501.4 - Correct: 80% of 100 tests
Global Best: 
  Inner Net 1
  -- 1 : 1 = 0.454096
  -- 1 : 2 = 0.324273
  -- 1 : 3 = -0.394724
  -- 1 : 4 = 0.173106
  -- 1 : 5 = -0.359486
  -- 2 : 1 = 0.250891
  -- 2 : 2 = -0.191928
  -- 2 : 3 = -0.0136403
  -- 2 : 4 = 0.259467
  -- 2 : 5 = 0.0320217
  -- 3 : 1 = -0.107967
  -- 3 : 2 = -0.104932
  -- 3 : 3 = -0.399557
  -- 3 : 4 = 0.16643
  -- 3 : 5 = -0.00112987
  -- 4 : 1 = -0.278678
  -- 4 : 2 = 0.442076
  -- 4 : 3 = 0.685084
  -- 4 : 4 = 0.0883584
  -- 4 : 5 = 0.352769
  -- 5 : 1 = 0.0796679
  -- 5 : 2 = -0.0863347
  -- 5 : 3 = 0.426362
  -- 5 : 4 = 0.532476
  -- 5 : 5 = 0.102689
  -- 6 : 1 = 0.327587
  -- 6 : 2 = 0.101454
  -- 6 : 3 = 0.2405
  -- 6 : 4 = 0.202076
  -- 6 : 5 = -0.149423
  Inner Net 2
  -- 1 : 1 = -0.419517
  -- 1 : 2 = -0.121601
  -- 2 : 1 = 0.329289
  -- 2 : 2 = -0.135632
  -- 3 : 1 = -0.291292
  -- 3 : 2 = 0.245471
  -- 4 : 1 = -0.210058
  -- 4 : 2 = -0.385401
  -- 5 : 1 = -0.0773268
  -- 5 : 2 = 0.352115
Out\Act	False		True
False	0.621133	0.220847	0.84198
True	0.0680628	0.0899572	0.15802
	0.689196	0.310804
	Accuracy [ (tp + tn) / testSize ]: 0.71109
	Precision [ tp / (tp + fp) ]:      0.288991
	Sensitivity [ tp / (tp + fn) ]:    0.567568
	Specificity [ tn / (tn + fp) ]:    0.737288
	F-Score [ 2tp / (2tp + fp + fn) ]: 0.383367
Particle (35):: Fit: 0.136611	PB: 0.136611	LB: 14843.2	GB: 16501.4	Cor: 0	Pts: 55148
Particle (45):: Fit: 0.142595	PB: 0.142595	LB: 15486.4	GB: 16501.4	Cor: 0	Pts: 75151
Particle (37):: Fit: 14414.3	PB: 14414.3	LB: 14843.2	GB: 16501.4	Cor: 0	Pts: 80547
Particle (18):: Fit: 15016.7	PB: 15016.7	LB: 15636.3	GB: 16501.4	Cor: 0	Pts: 70118
Particle (38):: Fit: 14434.6	PB: 14434.6	LB: 15486.4	GB: 16501.4	Cor: 0	Pts: 85532
Particle (31):: Fit: 0.136673	PB: 0.136673	LB: 15268.8	GB: 16501.4	Cor: 0	Pts: 175330
Particle (45):: Fit: 151.668	PB: 151.668	LB: 15486.4	GB: 16501.4	Cor: 0	Pts: 75219
Particle (34):: Fit: 14626.4	PB: 14626.4	LB: 14843.2	GB: 16501.4	Cor: 0	Pts: 150499
Particle (16):: Fit: 0.138679	PB: 0.138679	LB: 16035.8	GB: 16501.4	Cor: 0	Pts: 85004
Particle (25):: Fit: 15264.7	PB: 15264.7	LB: 15268.8	GB: 16501.4	Cor: 0	Pts: 120584
Particle (47):: Fit: 14474.7	PB: 14474.7	LB: 16032.3	GB: 16501.4	Cor: 0	Pts: 65554
Particle (38):: Fit: 15034.5	PB: 15034.5	LB: 15486.4	GB: 16501.4	Cor: 0	Pts: 105572
Particle (15):: Fit: 15095.3	PB: 15095.3	LB: 16035.8	GB: 16501.4	Cor: 0	Pts: 114773
Particle (20):: Fit: 0.140434	PB: 0.140434	LB: 15636.3	GB: 16501.4	Cor: 0	Pts: 59742
Particle (28):: Fit: 144.005	PB: 144.005	LB: 15268.8	GB: 16501.4	Cor: 0	Pts: 55053
Particle (10):: Fit: 14416.6	PB: 14416.6	LB: 16035.8	GB: 16501.4	Cor: 0	Pts: 144939
Particle (30):: Fit: 0.00129426	PB: 0.00129426	LB: 15268.8	GB: 16501.4	Cor: 0	Pts: 59731
Particle (36):: Fit: 15449.4	PB: 15449.4	LB: 15449.4	GB: 16501.4	Cor: 0	Pts: 145099
Particle (33):: Fit: 14615.2	PB: 14615.2	LB: 15449.4	GB: 16501.4	Cor: 0	Pts: 75011
Particle (9):: Fit: 146.153	PB: 146.153	LB: 16035.8	GB: 16501.4	Cor: 0	Pts: 65675
Particle (48):: Fit: 14645.1	PB: 14645.1	LB: 16501.4	GB: 16501.4	Cor: 0	Pts: 90180
Particle (31):: Fit: 0.138107	PB: 0.138107	LB: 15449.4	GB: 16501.4	Cor: 0	Pts: 175265
Particle (33):: Fit: 14618.7	PB: 14618.7	LB: 15449.4	GB: 16501.4	Cor: 0	Pts: 75067
Particle (31):: Fit: 14839.6	PB: 14839.6	LB: 15449.4	GB: 16501.4	Cor: 0	Pts: 175349
Particle (26):: Fit: 14449.6	PB: 14449.6	LB: 15268.8	GB: 16501.4	Cor: 0	Pts: 75519
Particle (30):: Fit: 0.0012978	PB: 0.0012978	LB: 15268.8	GB: 16501.4	Cor: 0	Pts: 59732
Particle (34):: Fit: 14627	PB: 14627	LB: 15449.4	GB: 16501.4	Cor: 0	Pts: 150413
Particle (30):: Fit: 0.0012981	PB: 0.0012981	LB: 15268.8	GB: 16501.4	Cor: 0	Pts: 59823
Particle (24):: Fit: 14606.7	PB: 14606.7	LB: 15268.8	GB: 16501.4	Cor: 0	Pts: 89983
Particle (28):: Fit: 14406.9	PB: 14406.9	LB: 15268.8	GB: 16501.4	Cor: 0	Pts: 54974
Particle (6):: Fit: 14720.2	PB: 14720.2	LB: 16501.4	GB: 16501.4	Cor: 0	Pts: 120076
Particle (34):: Fit: 14819.9	PB: 14819.9	LB: 15449.4	GB: 16501.4	Cor: 0	Pts: 150445
Particle (6):: Fit: 16072	PB: 16072	LB: 16501.4	GB: 16501.4	Cor: 0	Pts: 135140
Particle (48):: Fit: 15620.1	PB: 15620.1	LB: 16501.4	GB: 16501.4	Cor: 0	Pts: 105130
Particle (26):: Fit: 15044.5	PB: 15044.5	LB: 15268.8	GB: 16501.4	Cor: 0	Pts: 75512
Particle (21):: Fit: 0.138528	PB: 0.138528	LB: 15636.3	GB: 16501.4	Cor: 0	Pts: 234984
Particle (49):: Fit: 15011.4	PB: 15011.4	LB: 16501.4	GB: 16501.4	Cor: 0	Pts: 184390
Particle (24):: Fit: 15027.8	PB: 15027.8	LB: 15268.8	GB: 16501.4	Cor: 0	Pts: 89867
Particle (9):: Fit: 14454.7	PB: 14454.7	LB: 16072	GB: 16501.4	Cor: 0	Pts: 65417
Particle (9):: Fit: 14474.5	PB: 14474.5	LB: 16072	GB: 16501.4	Cor: 0	Pts: 65513
Particle (15):: Fit: 15209.9	PB: 15209.9	LB: 16035.8	GB: 16501.4	Cor: 0	Pts: 114404
Particle (10):: Fit: 14603.3	PB: 14603.3	LB: 16072	GB: 16501.4	Cor: 0	Pts: 144600
Particle (4):: Fit: 0.0115982	PB: 0.0115982	LB: 16501.4	GB: 16501.4	Cor: 0	Pts: 59368
Particle (37):: Fit: 14424.3	PB: 14424.3	LB: 15449.4	GB: 16501.4	Cor: 0	Pts: 80032
Particle (36):: Fit: 15512.7	PB: 15512.7	LB: 15512.7	GB: 16501.4	Cor: 0	Pts: 194676
Particle (16):: Fit: 0.14064	PB: 0.14064	LB: 16035.8	GB: 16501.4	Cor: 0	Pts: 84458
Particle (4):: Fit: 0.0124401	PB: 0.0124401	LB: 16501.4	GB: 16501.4	Cor: 0	Pts: 59337
Particle (37):: Fit: 15250.7	PB: 15250.7	LB: 15512.7	GB: 16501.4	Cor: 0	Pts: 80056
Particle (47):: Fit: 14711.8	PB: 14711.8	LB: 16032.3	GB: 16501.4	Cor: 0	Pts: 64950
Particle (44):: Fit: 14812.9	PB: 14812.9	LB: 15620.1	GB: 16501.4	Cor: 0	Pts: 89411
Particle (46):: Fit: 0.0131824	PB: 0.0131824	LB: 15650	GB: 16501.4	Cor: 0	Pts: 49244
Particle (46):: Fit: 0.138554	PB: 0.138554	LB: 15650	GB: 16501.4	Cor: 0	Pts: 49303
Particle (45):: Fit: 14623	PB: 14623	LB: 15620.1	GB: 16501.4	Cor: 0	Pts: 74415
Particle (42):: Fit: 0.0123995	PB: 0.0123995	LB: 15486.4	GB: 16501.4	Cor: 0	Pts: 69081
Particle (10):: Fit: 14632.5	PB: 14632.5	LB: 16072	GB: 16501.4	Cor: 0	Pts: 144300
Particle (17):: Fit: 16657.1	PB: 16657.1	LB: 16657.1	GB: 16657.1	Cor: 0.81	Pts: 174479
Global: 16657.1 - Correct: 81% of 100 tests
Global Best: 
  Inner Net 1
  -- 1 : 1 = 0.19241
  -- 1 : 2 = 0.0381971
  -- 1 : 3 = -0.0762131
  -- 1 : 4 = -0.0183457
  -- 1 : 5 = -0.091455
  -- 2 : 1 = 0.643071
  -- 2 : 2 = 0.0750764
  -- 2 : 3 = 0.301438
  -- 2 : 4 = 0.224338
  -- 2 : 5 = -0.180277
  -- 3 : 1 = 0.0146086
  -- 3 : 2 = 0.178728
  -- 3 : 3 = -0.22121
  -- 3 : 4 = 0.0751002
  -- 3 : 5 = 0.0638193
  -- 4 : 1 = 0.210637
  -- 4 : 2 = 0.616403
  -- 4 : 3 = -0.104111
  -- 4 : 4 = 0.190343
  -- 4 : 5 = 0.293331
  -- 5 : 1 = -0.68665
  -- 5 : 2 = -0.173115
  -- 5 : 3 = 0.25217
  -- 5 : 4 = 0.0792649
  -- 5 : 5 = -0.148863
  -- 6 : 1 = -0.0622628
  -- 6 : 2 = 0.234995
  -- 6 : 3 = 0.169229
  -- 6 : 4 = 0.274162
  -- 6 : 5 = 0.428462
  Inner Net 2
  -- 1 : 1 = -0.14895
  -- 1 : 2 = -0.312096
  -- 2 : 1 = 0.22378
  -- 2 : 2 = 0.359348
  -- 3 : 1 = 0.255253
  -- 3 : 2 = 0.690665
  -- 4 : 1 = 0.260631
  -- 4 : 2 = 0.100394
  -- 5 : 1 = -0.503085
  -- 5 : 2 = 0.331788
Out\Act	False		True
False	0.514993	0.326987	0.84198
True	0.0737744	0.0842456	0.15802
	0.588767	0.411233
	Accuracy [ (tp + tn) / testSize ]: 0.599238
	Precision [ tp / (tp + fp) ]:      0.204624
	Sensitivity [ tp / (tp + fn) ]:    0.531532
	Specificity [ tn / (tn + fp) ]:    0.611299
	F-Score [ 2tp / (2tp + fp + fn) ]: 0.295739
Particle (38):: Fit: 15211.3	PB: 15211.3	LB: 15512.7	GB: 16657.1	Cor: 0	Pts: 104749
Particle (5):: Fit: 15240.2	PB: 15240.2	LB: 16501.4	GB: 16657.1	Cor: 0	Pts: 94663
Particle (0):: Fit: 14598.1	PB: 14598.1	LB: 16501.4	GB: 16657.1	Cor: 0	Pts: 349200
Particle (30):: Fit: 0.00129812	PB: 0.00129812	LB: 15268.8	GB: 16657.1	Cor: 0	Pts: 59097
Particle (47):: Fit: 15032.9	PB: 15032.9	LB: 16032.3	GB: 16657.1	Cor: 0	Pts: 64741
Particle (40):: Fit: 14432.7	PB: 14432.7	LB: 15512.7	GB: 16657.1	Cor: 0	Pts: 329152
Particle (22):: Fit: 15424.1	PB: 15424.1	LB: 15636.3	GB: 16657.1	Cor: 0	Pts: 219210
Particle (45):: Fit: 15455.7	PB: 15455.7	LB: 15620.1	GB: 16657.1	Cor: 0	Pts: 74281
Particle (40):: Fit: 14636.3	PB: 14636.3	LB: 15512.7	GB: 16657.1	Cor: 0	Pts: 329166
Particle (1):: Fit: 15668	PB: 15668	LB: 16501.4	GB: 16657.1	Cor: 0	Pts: 114029
Particle (16):: Fit: 14680.8	PB: 14680.8	LB: 16657.1	GB: 16657.1	Cor: 0	Pts: 84008
Particle (8):: Fit: 14617.9	PB: 14617.9	LB: 16072	GB: 16657.1	Cor: 0	Pts: 108891
Particle (15):: Fit: 15853.8	PB: 15853.8	LB: 16657.1	GB: 16657.1	Cor: 0	Pts: 113778
Particle (28):: Fit: 14429.5	PB: 14429.5	LB: 15268.8	GB: 16657.1	Cor: 0	Pts: 54062
Particle (4):: Fit: 0.122262	PB: 0.122262	LB: 16501.4	GB: 16657.1	Cor: 0	Pts: 58768
Particle (23):: Fit: 0.116203	PB: 0.116203	LB: 15636.3	GB: 16657.1	Cor: 0	Pts: 54064
Particle (37):: Fit: 15298.4	PB: 15298.4	LB: 15512.7	GB: 16657.1	Cor: 0	Pts: 79456
Particle (30):: Fit: 0.00131718	PB: 0.00131718	LB: 15268.8	GB: 16657.1	Cor: 0	Pts: 58838
Particle (9):: Fit: 15226	PB: 15226	LB: 16072	GB: 16657.1	Cor: 0	Pts: 64684
Particle (40):: Fit: 15070.4	PB: 15070.4	LB: 15512.7	GB: 16657.1	Cor: 0	Pts: 328994
Particle (40):: Fit: 16220.4	PB: 16220.4	LB: 16220.4	GB: 16657.1	Cor: 0	Pts: 379064
Particle (47):: Fit: 15065.1	PB: 15065.1	LB: 16032.3	GB: 16657.1	Cor: 0	Pts: 64363
Particle (34):: Fit: 14874.8	PB: 14874.8	LB: 15512.7	GB: 16657.1	Cor: 0	Pts: 149262
Particle (14):: Fit: 15472.9	PB: 15472.9	LB: 16657.1	GB: 16657.1	Cor: 0	Pts: 238783
Particle (37):: Fit: 16066.1	PB: 16066.1	LB: 16220.4	GB: 16657.1	Cor: 0	Pts: 94279
Particle (29):: Fit: 15210.5	PB: 15210.5	LB: 15268.8	GB: 16657.1	Cor: 0	Pts: 238576
Particle (33):: Fit: 15083.3	PB: 15083.3	LB: 16066.1	GB: 16657.1	Cor: 0	Pts: 73603
Particle (30):: Fit: 0.00133892	PB: 0.00133892	LB: 15268.8	GB: 16657.1	Cor: 0	Pts: 58607
Out\Act	False		True
False	0.514993	0.326987	0.84198
True	0.0737744	0.0842456	0.15802
	0.588767	0.411233
	Accuracy [ (tp + tn) / testSize ]: 0.599238
	Precision [ tp / (tp + fp) ]:      0.204624
	Sensitivity [ tp / (tp + fn) ]:    0.531532
	Specificity [ tn / (tn + fp) ]:    0.611299
	F-Score [ 2tp / (2tp + fp + fn) ]: 0.295739
Particle (4):: Fit: 14487.7	PB: 14487.7	LB: 16501.4	GB: 16657.1	Cor: 0	Pts: 58296
Particle (8):: Fit: 14830.3	PB: 14830.3	LB: 16072	GB: 16657.1	Cor: 0	Pts: 108300
Out\Act	False		True
False	0.514993	0.326987	0.84198
True	0.0737744	0.0842456	0.15802
	0.588767	0.411233
	Accuracy [ (tp + tn) / testSize ]: 0.599238
	Precision [ tp / (tp + fp) ]:      0.204624
	Sensitivity [ tp / (tp + fn) ]:    0.531532
	Specificity [ tn / (tn + fp) ]:    0.611299
	F-Score [ 2tp / (2tp + fp + fn) ]: 0.295739
Particle (42):: Fit: 0.0125968	PB: 0.0125968	LB: 16220.4	GB: 16657.1	Cor: 0	Pts: 68023
Out\Act	False		True
False	0.514993	0.326987	0.84198
True	0.0737744	0.0842456	0.15802
	0.588767	0.411233
	Accuracy [ (tp + tn) / testSize ]: 0.599238
	Precision [ tp / (tp + fp) ]:      0.204624
	Sensitivity [ tp / (tp + fn) ]:    0.531532
	Specificity [ tn / (tn + fp) ]:    0.611299
	F-Score [ 2tp / (2tp + fp + fn) ]: 0.295739
Particle (34):: Fit: 15231.3	PB: 15231.3	LB: 16066.1	GB: 16657.1	Cor: 0	Pts: 148841
Particle (20):: Fit: 14.3563	PB: 14.3563	LB: 16657.1	GB: 16657.1	Cor: 0	Pts: 57801
Particle (18):: Fit: 15218.2	PB: 15218.2	LB: 16657.1	GB: 16657.1	Cor: 0	Pts: 68101
Particle (38):: Fit: 15276.1	PB: 15276.1	LB: 16220.4	GB: 16657.1	Cor: 0	Pts: 103732
Out\Act	False		True
False	0.514993	0.326987	0.84198
True	0.0737744	0.0842456	0.15802
	0.588767	0.411233
	Accuracy [ (tp + tn) / testSize ]: 0.599238
	Precision [ tp / (tp + fp) ]:      0.204624
	Sensitivity [ tp / (tp + fn) ]:    0.531532
	Specificity [ tn / (tn + fp) ]:    0.611299
	F-Score [ 2tp / (2tp + fp + fn) ]: 0.295739
Particle (38):: Fit: 16052.7	PB: 16052.7	LB: 16220.4	GB: 16657.1	Cor: 0	Pts: 103701
Particle (30):: Fit: 0.0013593	PB: 0.0013593	LB: 15268.8	GB: 16657.1	Cor: 0	Pts: 58223
Particle (30):: Fit: 0.00135959	PB: 0.00135959	LB: 15268.8	GB: 16657.1	Cor: 0	Pts: 58317
Particle (5):: Fit: 16461.4	PB: 16461.4	LB: 16501.4	GB: 16657.1	Cor: 0	Pts: 103477
Particle (39):: Fit: 15873.8	PB: 15873.8	LB: 16220.4	GB: 16657.1	Cor: 0	Pts: 203068
Out\Act	False		True
False	0.514993	0.326987	0.84198
True	0.0737744	0.0842456	0.15802
	0.588767	0.411233
	Accuracy [ (tp + tn) / testSize ]: 0.599238
	Precision [ tp / (tp + fp) ]:      0.204624
	Sensitivity [ tp / (tp + fn) ]:    0.531532
	Specificity [ tn / (tn + fp) ]:    0.611299
	F-Score [ 2tp / (2tp + fp + fn) ]: 0.295739
Particle (47):: Fit: 15470.9	PB: 15470.9	LB: 16032.3	GB: 16657.1	Cor: 0	Pts: 63703
Particle (8):: Fit: 14844.4	PB: 14844.4	LB: 16461.4	GB: 16657.1	Cor: 0	Pts: 107990
Particle (8):: Fit: 15081.6	PB: 15081.6	LB: 16461.4	GB: 16657.1	Cor: 0	Pts: 108028
Particle (36):: Fit: 16237.2	PB: 16237.2	LB: 16237.2	GB: 16657.1	Cor: 0	Pts: 242997
Out\Act	False		True
False	0.514993	0.326987	0.84198
True	0.0737744	0.0842456	0.15802
	0.588767	0.411233
	Accuracy [ (tp + tn) / testSize ]: 0.599238
	Precision [ tp / (tp + fp) ]:      0.204624
	Sensitivity [ tp / (tp + fn) ]:    0.531532
	Specificity [ tn / (tn + fp) ]:    0.611299
	F-Score [ 2tp / (2tp + fp + fn) ]: 0.295739
Particle (49):: Fit: 15227.6	PB: 15227.6	LB: 16501.4	GB: 16657.1	Cor: 0	Pts: 182466
Particle (23):: Fit: 0.126453	PB: 0.126453	LB: 15636.3	GB: 16657.1	Cor: 0	Pts: 52997
Particle (25):: Fit: 15432.1	PB: 15432.1	LB: 15432.1	GB: 16657.1	Cor: 0	Pts: 148106
Particle (23):: Fit: 0.126949	PB: 0.126949	LB: 15636.3	GB: 16657.1	Cor: 0	Pts: 52756
Particle (31):: Fit: 15020.3	PB: 15020.3	LB: 16237.2	GB: 16657.1	Cor: 0	Pts: 172730
Particle (35):: Fit: 0.138468	PB: 0.138468	LB: 16237.2	GB: 16657.1	Cor: 0	Pts: 52282
Particle (33):: Fit: 15841.5	PB: 15841.5	LB: 16237.2	GB: 16657.1	Cor: 0	Pts: 87457
Particle (31):: Fit: 15251.4	PB: 15251.4	LB: 16237.2	GB: 16657.1	Cor: 0	Pts: 172704
Particle (31):: Fit: 16276.8	PB: 16276.8	LB: 16276.8	GB: 16657.1	Cor: 0	Pts: 222745
Particle (28):: Fit: 15071.2	PB: 15071.2	LB: 16276.8	GB: 16657.1	Cor: 0	Pts: 52291
Particle (0):: Fit: 14670.7	PB: 14670.7	LB: 16501.4	GB: 16657.1	Cor: 0	Pts: 347132
Particle (18):: Fit: 15241.7	PB: 15241.7	LB: 16657.1	GB: 16657.1	Cor: 0	Pts: 66965
Particle (32):: Fit: 0.124266	PB: 0.124266	LB: 16276.8	GB: 16657.1	Cor: 0	Pts: 52268
Particle (10):: Fit: 14811.5	PB: 14811.5	LB: 16072	GB: 16657.1	Cor: 0	Pts: 141804
Particle (24):: Fit: 15044.9	PB: 15044.9	LB: 15432.1	GB: 16657.1	Cor: 0	Pts: 86850
Particle (16):: Fit: 14847.6	PB: 14847.6	LB: 16657.1	GB: 16657.1	Cor: 0	Pts: 81697
Particle (34):: Fit: 15432.4	PB: 15432.4	LB: 16276.8	GB: 16657.1	Cor: 0	Pts: 147222
Particle (24):: Fit: 15839.3	PB: 15839.3	LB: 15839.3	GB: 16657.1	Cor: 0	Pts: 106716
Particle (21):: Fit: 0.143025	PB: 0.143025	LB: 16657.1	GB: 16657.1	Cor: 0	Pts: 231332
Particle (0):: Fit: 14924	PB: 14924	LB: 16501.4	GB: 16657.1	Cor: 0	Pts: 346295
Particle (38):: Fit: 16061.3	PB: 16061.3	LB: 16237.2	GB: 16657.1	Cor: 0	Pts: 101876
Particle (22):: Fit: 15433.5	PB: 15433.5	LB: 15839.3	GB: 16657.1	Cor: 0	Pts: 216239
Particle (10):: Fit: 14857.9	PB: 14857.9	LB: 16072	GB: 16657.1	Cor: 0	Pts: 141182
Particle (11):: Fit: 14892.6	PB: 14892.6	LB: 16035.8	GB: 16657.1	Cor: 0	Pts: 50928
Particle (0):: Fit: 15017.1	PB: 15017.1	LB: 16501.4	GB: 16657.1	Cor: 0	Pts: 346186
Particle (10):: Fit: 15219.4	PB: 15219.4	LB: 16072	GB: 16657.1	Cor: 0	Pts: 140976
Particle (44):: Fit: 14858.1	PB: 14858.1	LB: 16220.4	GB: 16657.1	Cor: 0	Pts: 85489
Particle (44):: Fit: 15117.2	PB: 15117.2	LB: 16220.4	GB: 16657.1	Cor: 0	Pts: 85562
Particle (29):: Fit: 15898.4	PB: 15898.4	LB: 16276.8	GB: 16657.1	Cor: 0	Pts: 245343
Particle (32):: Fit: 0.130158	PB: 0.130158	LB: 16276.8	GB: 16657.1	Cor: 0	Pts: 50680
Particle (13):: Fit: 15651.8	PB: 15651.8	LB: 16657.1	GB: 16657.1	Cor: 0	Pts: 220095
Particle (42):: Fit: 0.012781	PB: 0.012781	LB: 16220.4	GB: 16657.1	Cor: 0	Pts: 64543
Particle (49):: Fit: 15421.6	PB: 15421.6	LB: 16501.4	GB: 16657.1	Cor: 0	Pts: 179395
Particle (26):: Fit: 15419.1	PB: 15419.1	LB: 16276.8	GB: 16657.1	Cor: 0	Pts: 69773
Particle (23):: Fit: 0.136023	PB: 0.136023	LB: 15839.3	GB: 16657.1	Cor: 0	Pts: 49449
Particle (11):: Fit: 15488.2	PB: 15488.2	LB: 16035.8	GB: 16657.1	Cor: 0	Pts: 49150
Particle (42):: Fit: 0.124218	PB: 0.124218	LB: 16220.4	GB: 16657.1	Cor: 0	Pts: 63798
Particle (43):: Fit: 15868	PB: 15868	LB: 16220.4	GB: 16657.1	Cor: 0	Pts: 93834
Particle (44):: Fit: 15211	PB: 15211	LB: 16220.4	GB: 16657.1	Cor: 0	Pts: 83761
Particle (10):: Fit: 15678.1	PB: 15678.1	LB: 16072	GB: 16657.1	Cor: 0	Pts: 138880
Particle (27):: Fit: 15415.4	PB: 15415.4	LB: 16276.8	GB: 16657.1	Cor: 0	Pts: 403664
Particle (10):: Fit: 16054.4	PB: 16054.4	LB: 16072	GB: 16657.1	Cor: 0	Pts: 143671
Particle (35):: Fit: 15005.1	PB: 15005.1	LB: 16276.8	GB: 16657.1	Cor: 0	Pts: 47828
Particle (28):: Fit: 15261.2	PB: 15261.2	LB: 16276.8	GB: 16657.1	Cor: 0	Pts: 48051
Particle (23):: Fit: 14803.2	PB: 14803.2	LB: 15839.3	GB: 16657.1	Cor: 0	Pts: 47893
Particle (44):: Fit: 15466.7	PB: 15466.7	LB: 16220.4	GB: 16657.1	Cor: 0	Pts: 82658
Particle (42):: Fit: 0.131919	PB: 0.131919	LB: 16220.4	GB: 16657.1	Cor: 0	Pts: 62195
Particle (27):: Fit: 15439.2	PB: 15439.2	LB: 16276.8	GB: 16657.1	Cor: 0	Pts: 402304
Particle (36):: Fit: 16445.6	PB: 16445.6	LB: 16445.6	GB: 16657.1	Cor: 0	Pts: 287080
Particle (18):: Fit: 15436.4	PB: 15436.4	LB: 16657.1	GB: 16657.1	Cor: 0	Pts: 61530
Global Best: 
  Inner Net 1
  -- 1 : 1 = 0.19241
  -- 1 : 2 = 0.0381971
  -- 1 : 3 = -0.0762131
  -- 1 : 4 = -0.0183457
  -- 1 : 5 = -0.091455
  -- 2 : 1 = 0.643071
  -- 2 : 2 = 0.0750764
  -- 2 : 3 = 0.301438
  -- 2 : 4 = 0.224338
  -- 2 : 5 = -0.180277
  -- 3 : 1 = 0.0146086
  -- 3 : 2 = 0.178728
  -- 3 : 3 = -0.22121
  -- 3 : 4 = 0.0751002
  -- 3 : 5 = 0.0638193
  -- 4 : 1 = 0.210637
  -- 4 : 2 = 0.616403
  -- 4 : 3 = -0.104111
  -- 4 : 4 = 0.190343
  -- 4 : 5 = 0.293331
  -- 5 : 1 = -0.68665
  -- 5 : 2 = -0.173115
  -- 5 : 3 = 0.25217
  -- 5 : 4 = 0.0792649
  -- 5 : 5 = -0.148863
  -- 6 : 1 = -0.0622628
  -- 6 : 2 = 0.234995
  -- 6 : 3 = 0.169229
  -- 6 : 4 = 0.274162
  -- 6 : 5 = 0.428462
  Inner Net 2
  -- 1 : 1 = -0.14895
  -- 1 : 2 = -0.312096
  -- 2 : 1 = 0.22378
  -- 2 : 2 = 0.359348
  -- 3 : 1 = 0.255253
  -- 3 : 2 = 0.690665
  -- 4 : 1 = 0.260631
  -- 4 : 2 = 0.100394
  -- 5 : 1 = -0.503085
  -- 5 : 2 = 0.331788
Out\Act	False		True
False	0.514993	0.326987	0.84198
True	0.0737744	0.0842456	0.15802
	0.588767	0.411233
	Accuracy [ (tp + tn) / testSize ]: 0.599238
	Precision [ tp / (tp + fp) ]:      0.204624
	Sensitivity [ tp / (tp + fn) ]:    0.531532
	Specificity [ tn / (tn + fp) ]:    0.611299
	F-Score [ 2tp / (2tp + fp + fn) ]: 0.295739
