
Date / Time: Thu Mar 30 18:22:57 2017

   ****************************************
   * PSO Neural Net (Gaussian Activation) *
   *       by William Boler, BSCE         *
   *     Research Assistant, IUPUI        *
   *                                      *
   *  Professor: Dr. Lauren Christopher   *
   *     Created: March 13, 2017          *
   ****************************************


Inputs: 10
Inner Nets: 1
 - 10
Tests per train(min): 10
Particles: 50
Neighbors: 10
Minimum Particle Iterations: 1000
Particle (0):: Fit: 17.821	PB: 17.821	LB: 17.821	GB: 17.821	Conf: 1.21827	Pts: 110099
Particle (1):: Fit: 17.7775	PB: 17.7775	LB: 17.821	GB: 17.821	Conf: 1.9	Pts: 55099
Particle (2):: Fit: 20.0504	PB: 20.0504	LB: 20.0504	GB: 20.0504	Conf: 2	Pts: 110099
Particle (3):: Fit: 17.1755	PB: 17.1755	LB: 20.0504	GB: 20.0504	Conf: 1.83934	Pts: 55099
Particle (4):: Fit: 17.8102	PB: 17.8102	LB: 20.0504	GB: 20.0504	Conf: 0.228173	Pts: 60099
Particle (5):: Fit: 17.6518	PB: 17.6518	LB: 20.0504	GB: 20.0504	Conf: 2	Pts: 55099
Particle (6):: Fit: 17.6518	PB: 17.6518	LB: 20.0504	GB: 20.0504	Conf: 2	Pts: 55099
Particle (7):: Fit: 20.4052	PB: 20.4052	LB: 20.4052	GB: 20.4052	Conf: 0.963344	Pts: 110099
Particle (8):: Fit: 22.3076	PB: 22.3076	LB: 22.3076	GB: 22.3076	Conf: 2	Pts: 110099
Particle (9):: Fit: 17.6518	PB: 17.6518	LB: 22.3076	GB: 22.3076	Conf: 2	Pts: 55099
Particle (10):: Fit: 22.3076	PB: 22.3076	LB: 22.3076	GB: 22.3076	Conf: 2	Pts: 60099
Particle (11):: Fit: 20.136	PB: 20.136	LB: 22.3076	GB: 22.3076	Conf: 1.69258	Pts: 55099
Particle (12):: Fit: 22.3076	PB: 22.3076	LB: 22.3076	GB: 22.3076	Conf: 2	Pts: 60099
Particle (13):: Fit: 22.3076	PB: 22.3076	LB: 22.3076	GB: 22.3076	Conf: 2	Pts: 55099
Particle (14):: Fit: 20.0504	PB: 20.0504	LB: 22.3076	GB: 22.3076	Conf: 2	Pts: 55099
Particle (15):: Fit: 53.9664	PB: 53.9664	LB: 53.9664	GB: 53.9664	Conf: 1.02255	Pts: 110099
Particle (16):: Fit: 4.98876	PB: 4.98876	LB: 53.9664	GB: 53.9664	Conf: 0.785449	Pts: 55099
Particle (17):: Fit: 0.312477	PB: 0.312477	LB: 53.9664	GB: 53.9664	Conf: 1.26969	Pts: 55099
Particle (18):: Fit: 22.32	PB: 22.32	LB: 53.9664	GB: 53.9664	Conf: 1.81038	Pts: 65099
Particle (19):: Fit: 20.1845	PB: 20.1845	LB: 53.9664	GB: 53.9664	Conf: 1.85906	Pts: 55099
Particle (20):: Fit: 4.52086	PB: 4.52086	LB: 22.32	GB: 53.9664	Conf: 0.643075	Pts: 55099
Particle (21):: Fit: 17.6518	PB: 17.6518	LB: 22.32	GB: 53.9664	Conf: 2	Pts: 60099
Particle (22):: Fit: 17.4629	PB: 17.4629	LB: 22.32	GB: 53.9664	Conf: 0.433565	Pts: 55099
Particle (23):: Fit: 5.18011	PB: 5.18011	LB: 20.1845	GB: 53.9664	Conf: 0.836671	Pts: 55099
Particle (24):: Fit: 20.0504	PB: 20.0504	LB: 20.0504	GB: 53.9664	Conf: 2	Pts: 75099
Particle (25):: Fit: 26.5142	PB: 26.5142	LB: 26.5142	GB: 53.9664	Conf: 2	Pts: 100099
Particle (26):: Fit: 22.5603	PB: 22.5603	LB: 26.5142	GB: 53.9664	Conf: 1.60306	Pts: 55099
Particle (27):: Fit: 19.7016	PB: 19.7016	LB: 26.5142	GB: 53.9664	Conf: 1.88678	Pts: 55099
Particle (28):: Fit: 20.0128	PB: 20.0128	LB: 26.5142	GB: 53.9664	Conf: 1.81366	Pts: 60099
Particle (29):: Fit: 25.1546	PB: 25.1546	LB: 26.5142	GB: 53.9664	Conf: 1.23326	Pts: 70099
Particle (30):: Fit: 20.0504	PB: 20.0504	LB: 25.1546	GB: 53.9664	Conf: 2	Pts: 55099
Particle (31):: Fit: 20.0504	PB: 20.0504	LB: 25.1546	GB: 53.9664	Conf: 2	Pts: 55099
Particle (32):: Fit: 17.6518	PB: 17.6518	LB: 25.1546	GB: 53.9664	Conf: 2	Pts: 55099
Particle (33):: Fit: 12.2466	PB: 12.2466	LB: 25.1546	GB: 53.9664	Conf: 1.64135	Pts: 55099
Particle (34):: Fit: 15.4131	PB: 15.4131	LB: 20.0504	GB: 53.9664	Conf: 0.848907	Pts: 60099
Particle (35):: Fit: 17.6518	PB: 17.6518	LB: 20.0504	GB: 53.9664	Conf: 2	Pts: 65099
Particle (36):: Fit: 22.3076	PB: 22.3076	LB: 22.3076	GB: 53.9664	Conf: 2	Pts: 85099
Particle (37):: Fit: 24.5367	PB: 24.5367	LB: 24.5367	GB: 53.9664	Conf: 1.37323	Pts: 90099
Particle (38):: Fit: 20.0504	PB: 20.0504	LB: 24.5367	GB: 53.9664	Conf: 2	Pts: 55099
Particle (39):: Fit: 49.1801	PB: 49.1801	LB: 49.1801	GB: 53.9664	Conf: 1.84525	Pts: 100099
Particle (40):: Fit: 24.454	PB: 24.454	LB: 49.1801	GB: 53.9664	Conf: 2	Pts: 55099
Particle (41):: Fit: 15.062	PB: 15.062	LB: 49.1801	GB: 53.9664	Conf: 2	Pts: 50099
Particle (42):: Fit: 17.6518	PB: 17.6518	LB: 49.1801	GB: 53.9664	Conf: 2	Pts: 50099
Particle (43):: Fit: 24.454	PB: 24.454	LB: 49.1801	GB: 53.9664	Conf: 2	Pts: 65099
Particle (44):: Fit: 20.0504	PB: 20.0504	LB: 24.454	GB: 53.9664	Conf: 2	Pts: 50099
Particle (45):: Fit: 17.5321	PB: 17.5321	LB: 24.454	GB: 53.9664	Conf: 0.64736	Pts: 50099
Particle (46):: Fit: 22.3076	PB: 22.3076	LB: 24.454	GB: 53.9664	Conf: 2	Pts: 65099
Particle (47):: Fit: 22.8825	PB: 22.8825	LB: 24.454	GB: 53.9664	Conf: 0.812148	Pts: 70099
Particle (48):: Fit: 22.8685	PB: 22.8685	LB: 22.8825	GB: 53.9664	Conf: 0.83362	Pts: 55099
Particle (49):: Fit: 17.6518	PB: 17.6518	LB: 22.8825	GB: 53.9664	Conf: 2	Pts: 50099
Global: 53.9664 - Correct: 30% of 10 tests
Global Best: 
  Inner Net 1
  -- 1 : 1 = 0.037
  -- 1 : 2 = 0.7627
  -- 1 : 3 = 0.356
  -- 1 : 4 = 0.2756
  -- 1 : 5 = 0.3447
  -- 1 : 6 = 0.1118
  -- 1 : 7 = 0.3849
  -- 1 : 8 = 0.0503
  -- 1 : 9 = 0.9981
  -- 1 : 10 = 0.2293
  -- 2 : 1 = 0.1665
  -- 2 : 2 = 0.5203
  -- 2 : 3 = 0.937
  -- 2 : 4 = 0.3076
  -- 2 : 5 = 0.2377
  -- 2 : 6 = 0.2036
  -- 2 : 7 = 0.7537
  -- 2 : 8 = 0.1228
  -- 2 : 9 = 0.1846
  -- 2 : 10 = 0.3412
  -- 3 : 1 = 0.9979
  -- 3 : 2 = 0.7861
  -- 3 : 3 = 0.2024
  -- 3 : 4 = 0.1878
  -- 3 : 5 = 0.9432
  -- 3 : 6 = 0.4908
  -- 3 : 7 = 0.5207
  -- 3 : 8 = 0.309
  -- 3 : 9 = 0.4471
  -- 3 : 10 = 0.7672
  -- 4 : 1 = 0.5131
  -- 4 : 2 = 0.4531
  -- 4 : 3 = 0.5108
  -- 4 : 4 = 0.6625
  -- 4 : 5 = 0.8267
  -- 4 : 6 = 0.4413
  -- 4 : 7 = 0.2514
  -- 4 : 8 = 0.0162
  -- 4 : 9 = 0.644
  -- 4 : 10 = 0.3699
  -- 5 : 1 = 0.473
  -- 5 : 2 = 0.5438
  -- 5 : 3 = 0.1803
  -- 5 : 4 = 0.2264
  -- 5 : 5 = 0.5666
  -- 5 : 6 = 0.0337
  -- 5 : 7 = 0.6988
  -- 5 : 8 = 0.554
  -- 5 : 9 = 0.5425
  -- 5 : 10 = 0.4681
  -- 6 : 1 = 0.8709
  -- 6 : 2 = 0.0345
  -- 6 : 3 = 0.2898
  -- 6 : 4 = 0.2293
  -- 6 : 5 = 0.7622
  -- 6 : 6 = 0.3015
  -- 6 : 7 = 0.2248
  -- 6 : 8 = 0.6492
  -- 6 : 9 = 0.657
  -- 6 : 10 = 0.9613
  -- 7 : 1 = 0.2977
  -- 7 : 2 = 0.3137
  -- 7 : 3 = 0.8938
  -- 7 : 4 = 0.9024
  -- 7 : 5 = 0.4749
  -- 7 : 6 = 0.343
  -- 7 : 7 = 0.5408
  -- 7 : 8 = 0.3345
  -- 7 : 9 = 0.0944
  -- 7 : 10 = 0.8015
  -- 8 : 1 = 0.2991
  -- 8 : 2 = 0.449
  -- 8 : 3 = 0.0598
  -- 8 : 4 = 0.1816
  -- 8 : 5 = 0.8449
  -- 8 : 6 = 0.5465
  -- 8 : 7 = 0.4855
  -- 8 : 8 = 0.7753
  -- 8 : 9 = 0.0801
  -- 8 : 10 = 0.6913
  -- 9 : 1 = 0.9276
  -- 9 : 2 = 0.6009
  -- 9 : 3 = 0.0826
  -- 9 : 4 = 0.8269
  -- 9 : 5 = 0.152
  -- 9 : 6 = 0.1457
  -- 9 : 7 = 0.1807
  -- 9 : 8 = 0.111
  -- 9 : 9 = 0.9418
  -- 9 : 10 = 0.7618
  -- 10 : 1 = 0.6845
  -- 10 : 2 = 0.5543
  -- 10 : 3 = 0.3131
  -- 10 : 4 = 0.0202
  -- 10 : 5 = 0.171
  -- 10 : 6 = 0.3199
  -- 10 : 7 = 0.3475
  -- 10 : 8 = 0.1986
  -- 10 : 9 = 0.4735
  -- 10 : 10 = 0.0182
  Inner Net 2
  -- 1 : 1 = -0.1039
  -- 1 : 2 = 0.1124
  -- 2 : 1 = 0.2348
  -- 2 : 2 = 0.1132
  -- 3 : 1 = 0.3778
  -- 3 : 2 = 0.274
  -- 4 : 1 = -0.1821
  -- 4 : 2 = 0.2198
  -- 5 : 1 = 0.2952
  -- 5 : 2 = 0.0589717
  -- 6 : 1 = 0.1126
  -- 6 : 2 = -0.2501
  -- 7 : 1 = 0.3247
  -- 7 : 2 = 0.0924
  -- 8 : 1 = -0.2443
  -- 8 : 2 = -0.153685
  -- 9 : 1 = -0.182387
  -- 9 : 2 = -0.211462
  -- 10 : 1 = 0.0691
  -- 10 : 2 = -0.1212
Out\Act	False		True
False	0.84198	0	0.84198
True	0.15802	0	0.15802
	1	0
	Accuracy [ (tp + tn) / testSize ]: 0.84198
	Precision [ tp / (tp + fp) ]:      0
	Sensitivity [ tp / (tp + fn) ]:    0
	Specificity [ tn / (tn + fp) ]:    0.999435
	F-Score [ 2tp / (2tp + fp + fn) ]: 0
Particle (0):: Fit: 45.4059	PB: 45.4059	LB: 45.4059	GB: 53.9664	Conf: 1.25636	Pts: 160198
Particle (1):: Fit: 24.9736	PB: 24.9736	LB: 45.4059	GB: 53.9664	Conf: 1.25225	Pts: 60198
Particle (3):: Fit: 20.1675	PB: 20.1675	LB: 45.4059	GB: 53.9664	Conf: 1.66721	Pts: 55198
Particle (6):: Fit: 24.454	PB: 24.454	LB: 24.454	GB: 53.9664	Conf: 2	Pts: 75198
Particle (8):: Fit: 24.454	PB: 24.454	LB: 24.454	GB: 53.9664	Conf: 2	Pts: 110198
Particle (9):: Fit: 32.8535	PB: 32.8535	LB: 32.8535	GB: 53.9664	Conf: 1.87841	Pts: 80198
Particle (17):: Fit: 17.9444	PB: 17.9444	LB: 53.9664	GB: 53.9664	Conf: 1.13966	Pts: 55197
Particle (20):: Fit: 12.5112	PB: 12.5112	LB: 26.5142	GB: 53.9664	Conf: 0.581805	Pts: 55198
Particle (23):: Fit: 25.0122	PB: 25.0122	LB: 26.5142	GB: 53.9664	Conf: 0.213232	Pts: 55198
Particle (26):: Fit: 49.2984	PB: 49.2984	LB: 49.2984	GB: 53.9664	Conf: 1.89891	Pts: 105198
Particle (30):: Fit: 28.5089	PB: 28.5089	LB: 49.2984	GB: 53.9664	Conf: 2	Pts: 70198
Particle (31):: Fit: 26.5142	PB: 26.5142	LB: 28.5089	GB: 53.9664	Conf: 2	Pts: 55198
Particle (32):: Fit: 22.3076	PB: 22.3076	LB: 28.5089	GB: 53.9664	Conf: 2	Pts: 55198
Particle (33):: Fit: 58.4152	PB: 58.4152	LB: 58.4152	GB: 58.4152	Conf: 1.86194	Pts: 115198
Particle (41):: Fit: 26.5142	PB: 26.5142	LB: 49.1801	GB: 58.4152	Conf: 2	Pts: 55198
Particle (44):: Fit: 22.3076	PB: 22.3076	LB: 26.5142	GB: 58.4152	Conf: 2	Pts: 50198
Particle (45):: Fit: 22.5782	PB: 22.5782	LB: 45.4059	GB: 58.4152	Conf: 1.29013	Pts: 50198
Particle (46):: Fit: 26.5142	PB: 26.5142	LB: 45.4059	GB: 58.4152	Conf: 2	Pts: 65198
Particle (49):: Fit: 20.0504	PB: 20.0504	LB: 45.4059	GB: 58.4152	Conf: 2	Pts: 50198
Global: 58.4152 - Correct: 30% of 10 tests
Global Best: 
  Inner Net 1
  -- 1 : 1 = 0.638
  -- 1 : 2 = 0.1495
  -- 1 : 3 = 0.4869
  -- 1 : 4 = 0.5519
  -- 1 : 5 = 0.9618
  -- 1 : 6 = 0.813
  -- 1 : 7 = 0.1815
  -- 1 : 8 = 0.1144
  -- 1 : 9 = 0.0854
  -- 1 : 10 = 0.0173
  -- 2 : 1 = 0.9712
  -- 2 : 2 = 0.0911
  -- 2 : 3 = 0.5019
  -- 2 : 4 = 0.299
  -- 2 : 5 = 0.39
  -- 2 : 6 = 0.979
  -- 2 : 7 = 0.5077
  -- 2 : 8 = 0.3051
  -- 2 : 9 = 0.8042
  -- 2 : 10 = 0.9944
  -- 3 : 1 = 0.6378
  -- 3 : 2 = 0.8108
  -- 3 : 3 = 0.1071
  -- 3 : 4 = 0.8846
  -- 3 : 5 = 0.9004
  -- 3 : 6 = 0.6194
  -- 3 : 7 = 0.9835
  -- 3 : 8 = 0.1199
  -- 3 : 9 = 0.1174
  -- 3 : 10 = 0.5416
  -- 4 : 1 = 0.3804
  -- 4 : 2 = 0.6995
  -- 4 : 3 = 0.5797
  -- 4 : 4 = 0.7385
  -- 4 : 5 = 0.549
  -- 4 : 6 = 0.5642
  -- 4 : 7 = 0.0649
  -- 4 : 8 = 0.2419
  -- 4 : 9 = 0.4643
  -- 4 : 10 = 0.8496
  -- 5 : 1 = 0.3004
  -- 5 : 2 = 0.4266
  -- 5 : 3 = 0.2463
  -- 5 : 4 = 0.3765
  -- 5 : 5 = 0.4739
  -- 5 : 6 = 0.1423
  -- 5 : 7 = 0.6214
  -- 5 : 8 = 0.8234
  -- 5 : 9 = 0.061
  -- 5 : 10 = 0.2338
  -- 6 : 1 = 0.2793
  -- 6 : 2 = 0.0877
  -- 6 : 3 = 0.8772
  -- 6 : 4 = 0.1398
  -- 6 : 5 = 0.0399
  -- 6 : 6 = 0.7881
  -- 6 : 7 = 0.5947
  -- 6 : 8 = 0.1924
  -- 6 : 9 = 0.1321
  -- 6 : 10 = 0.3512
  -- 7 : 1 = 0.1061
  -- 7 : 2 = 0.7091
  -- 7 : 3 = 0.284
  -- 7 : 4 = 0.8075
  -- 7 : 5 = 0.6096
  -- 7 : 6 = 0.9895
  -- 7 : 7 = 0.4173
  -- 7 : 8 = 0.4603
  -- 7 : 9 = 0.3951
  -- 7 : 10 = 0.5239
  -- 8 : 1 = 0.8161
  -- 8 : 2 = 0.1072
  -- 8 : 3 = 0.6526
  -- 8 : 4 = 0.2052
  -- 8 : 5 = 0.7942
  -- 8 : 6 = 0.085
  -- 8 : 7 = 0.3442
  -- 8 : 8 = 0.8486
  -- 8 : 9 = 0.651
  -- 8 : 10 = 0.6655
  -- 9 : 1 = 0.4453
  -- 9 : 2 = 0.7512
  -- 9 : 3 = 0.913
  -- 9 : 4 = 0.6092
  -- 9 : 5 = 0.5664
  -- 9 : 6 = 0.148
  -- 9 : 7 = 0.527
  -- 9 : 8 = 0.6367
  -- 9 : 9 = 0.5673
  -- 9 : 10 = 0.5896
  -- 10 : 1 = 0.7683
  -- 10 : 2 = 0.4092
  -- 10 : 3 = 0.6384
  -- 10 : 4 = 0.0216
  -- 10 : 5 = 0.4421
  -- 10 : 6 = 0.0383
  -- 10 : 7 = 0.5045
  -- 10 : 8 = 0.7752
  -- 10 : 9 = 0.5694
  -- 10 : 10 = 0.457
  Inner Net 2
  -- 1 : 1 = 0.194335
  -- 1 : 2 = -0.0498407
  -- 2 : 1 = -0.0594105
  -- 2 : 2 = -0.1761
  -- 3 : 1 = -0.401032
  -- 3 : 2 = -0.0498717
  -- 4 : 1 = -0.0867
  -- 4 : 2 = -0.107443
  -- 5 : 1 = 0.100898
  -- 5 : 2 = -0.518036
  -- 6 : 1 = -0.338702
  -- 6 : 2 = 0.0680535
  -- 7 : 1 = 0.0310777
  -- 7 : 2 = -0.104693
  -- 8 : 1 = -0.1395
  -- 8 : 2 = -0.0531
  -- 9 : 1 = -0.5321
  -- 9 : 2 = -0.2486
  -- 10 : 1 = 0.2556
  -- 10 : 2 = -0.196
Out\Act	False		True
False	0.84198	0	0.84198
True	0.15802	0	0.15802
	1	0
	Accuracy [ (tp + tn) / testSize ]: 0.84198
	Precision [ tp / (tp + fp) ]:      0
	Sensitivity [ tp / (tp + fn) ]:    0
	Specificity [ tn / (tn + fp) ]:    0.999435
	F-Score [ 2tp / (2tp + fp + fn) ]: 0
Particle (0):: Fit: 52.0696	PB: 52.0696	LB: 52.0696	GB: 58.4152	Conf: 1.30409	Pts: 210297
Particle (4):: Fit: 25.3973	PB: 25.3973	LB: 52.0696	GB: 58.4152	Conf: 0.873582	Pts: 60197
Particle (5):: Fit: 20.0504	PB: 20.0504	LB: 32.8535	GB: 58.4152	Conf: 2	Pts: 55197
Particle (11):: Fit: 24.5921	PB: 24.5921	LB: 53.9664	GB: 58.4152	Conf: 1.8615	Pts: 55197
Particle (12):: Fit: 26.2814	PB: 26.2814	LB: 53.9664	GB: 58.4152	Conf: 1.88923	Pts: 60197
Particle (16):: Fit: 5.77232	PB: 5.77232	LB: 53.9664	GB: 58.4152	Conf: 0.812485	Pts: 55197
Particle (17):: Fit: 24.7976	PB: 24.7976	LB: 53.9664	GB: 58.4152	Conf: 1.01833	Pts: 55296
Particle (20):: Fit: 45.8152	PB: 45.8152	LB: 45.8152	GB: 58.4152	Conf: 1.03709	Pts: 60297
Particle (21):: Fit: 17.7325	PB: 17.7325	LB: 49.2984	GB: 58.4152	Conf: 1.65362	Pts: 60197
Particle (22):: Fit: 60.7955	PB: 60.7955	LB: 60.7955	GB: 60.7955	Conf: 0.860179	Pts: 115197
Particle (27):: Fit: 51.9927	PB: 51.9927	LB: 51.9927	GB: 60.7955	Conf: 1.43769	Pts: 60197
Particle (28):: Fit: 58.4308	PB: 58.4308	LB: 58.4308	GB: 60.7955	Conf: 1.86645	Pts: 90197
Particle (34):: Fit: 20.3788	PB: 20.3788	LB: 58.4152	GB: 60.7955	Conf: 1.01335	Pts: 60197
Particle (37):: Fit: 46.9123	PB: 46.9123	LB: 58.4152	GB: 60.7955	Conf: 1.6338	Pts: 90197
Particle (38):: Fit: 24.454	PB: 24.454	LB: 49.1801	GB: 60.7955	Conf: 2	Pts: 55197
Particle (42):: Fit: 20.0504	PB: 20.0504	LB: 49.1801	GB: 60.7955	Conf: 2	Pts: 50197
Global: 60.7955 - Correct: 80% of 10 tests
Global Best: 
  Inner Net 1
  -- 1 : 1 = 0.8421
  -- 1 : 2 = 0.1592
  -- 1 : 3 = 0.8062
  -- 1 : 4 = 0.995
  -- 1 : 5 = 0.9028
  -- 1 : 6 = 0.0174
  -- 1 : 7 = 0.2925
  -- 1 : 8 = 0.2519
  -- 1 : 9 = 0.6886
  -- 1 : 10 = 0.3254
  -- 2 : 1 = 0.3069
  -- 2 : 2 = 0.1263
  -- 2 : 3 = 0.5879
  -- 2 : 4 = 0.1722
  -- 2 : 5 = 0.2432
  -- 2 : 6 = 0.5567
  -- 2 : 7 = 0.126
  -- 2 : 8 = 0.4906
  -- 2 : 9 = 0.1379
  -- 2 : 10 = 0.013
  -- 3 : 1 = 0.7942
  -- 3 : 2 = 0.1714
  -- 3 : 3 = 0.7375
  -- 3 : 4 = 0.1718
  -- 3 : 5 = 0.004
  -- 3 : 6 = 0.2048
  -- 3 : 7 = 0.2259
  -- 3 : 8 = 0.5702
  -- 3 : 9 = 0.0726
  -- 3 : 10 = 0.1984
  -- 4 : 1 = 0.2738
  -- 4 : 2 = 0.1638
  -- 4 : 3 = 0.251
  -- 4 : 4 = 0.6379
  -- 4 : 5 = 0.5801
  -- 4 : 6 = 0.5999
  -- 4 : 7 = 0.0843
  -- 4 : 8 = 0.7904
  -- 4 : 9 = 0.0596
  -- 4 : 10 = 0.1756
  -- 5 : 1 = 0.9447
  -- 5 : 2 = 0.9841
  -- 5 : 3 = 0.9698
  -- 5 : 4 = 0.0324
  -- 5 : 5 = 0.4305
  -- 5 : 6 = 0.2449
  -- 5 : 7 = 0.855
  -- 5 : 8 = 0.308
  -- 5 : 9 = 0.176
  -- 5 : 10 = 0.8524
  -- 6 : 1 = 0.4591
  -- 6 : 2 = 0.9391
  -- 6 : 3 = 0.6135
  -- 6 : 4 = 0.2264
  -- 6 : 5 = 0.305
  -- 6 : 6 = 0.8177
  -- 6 : 7 = 0.1081
  -- 6 : 8 = 0.1067
  -- 6 : 9 = 0.0118
  -- 6 : 10 = 0.7633
  -- 7 : 1 = 0.8542
  -- 7 : 2 = 0.9917
  -- 7 : 3 = 0.4952
  -- 7 : 4 = 0.2638
  -- 7 : 5 = 0.8295
  -- 7 : 6 = 0.2447
  -- 7 : 7 = 0.0145
  -- 7 : 8 = 0.2587
  -- 7 : 9 = 0.427
  -- 7 : 10 = 0.6012
  -- 8 : 1 = 0.7645
  -- 8 : 2 = 0.6414
  -- 8 : 3 = 0.6162
  -- 8 : 4 = 0.1647
  -- 8 : 5 = 0.8701
  -- 8 : 6 = 0.263
  -- 8 : 7 = 0.0194
  -- 8 : 8 = 0.4549
  -- 8 : 9 = 0.6951
  -- 8 : 10 = 0.8385
  -- 9 : 1 = 0.7735
  -- 9 : 2 = 0.81
  -- 9 : 3 = 0.0011
  -- 9 : 4 = 0.0716
  -- 9 : 5 = 0.4391
  -- 9 : 6 = 0.6621
  -- 9 : 7 = 0.5754
  -- 9 : 8 = 0.2044
  -- 9 : 9 = 0.7175
  -- 9 : 10 = 0.4782
  -- 10 : 1 = 0.6019
  -- 10 : 2 = 0.2445
  -- 10 : 3 = 0.2401
  -- 10 : 4 = 0.3962
  -- 10 : 5 = 0.8254
  -- 10 : 6 = 0.7193
  -- 10 : 7 = 0.0823
  -- 10 : 8 = 0.8381
  -- 10 : 9 = 0.014
  -- 10 : 10 = 0.1387
  Inner Net 2
  -- 1 : 1 = 0.238029
  -- 1 : 2 = -0.302839
  -- 2 : 1 = 0.439
  -- 2 : 2 = -0.112799
  -- 3 : 1 = 0.387474
  -- 3 : 2 = 0.319389
  -- 4 : 1 = -0.196952
  -- 4 : 2 = 0.393862
  -- 5 : 1 = -0.316051
  -- 5 : 2 = -0.409349
  -- 6 : 1 = 0.166235
  -- 6 : 2 = -0.0502389
  -- 7 : 1 = -0.140429
  -- 7 : 2 = 0.194464
  -- 8 : 1 = -0.565616
  -- 8 : 2 = -0.483791
  -- 9 : 1 = -0.00885601
  -- 9 : 2 = -0.134382
  -- 10 : 1 = 0.334196
  -- 10 : 2 = -0.123684
Out\Act	False		True
False	0.186102	0.655878	0.84198
True	0.0123751	0.145645	0.15802
	0.198477	0.801523
	Accuracy [ (tp + tn) / testSize ]: 0.331747
	Precision [ tp / (tp + fp) ]:      0.181602
	Sensitivity [ tp / (tp + fn) ]:    0.918919
	Specificity [ tn / (tn + fp) ]:    0.220904
	F-Score [ 2tp / (2tp + fp + fn) ]: 0.303421
Particle (3):: Fit: 44.7886	PB: 44.7886	LB: 52.0696	GB: 60.7955	Conf: 1.26166	Pts: 70296
Particle (7):: Fit: 35.63	PB: 35.63	LB: 44.7886	GB: 60.7955	Conf: 1.07769	Pts: 120196
Particle (9):: Fit: 38.8932	PB: 38.8932	LB: 38.8932	GB: 60.7955	Conf: 1.88906	Pts: 90296
Particle (13):: Fit: 24.454	PB: 24.454	LB: 53.9664	GB: 60.7955	Conf: 2	Pts: 55196
Particle (17):: Fit: 26.4762	PB: 26.4762	LB: 60.7955	GB: 60.7955	Conf: 1.43381	Pts: 55395
Particle (19):: Fit: 22.3076	PB: 22.3076	LB: 60.7955	GB: 60.7955	Conf: 2	Pts: 55196
Particle (21):: Fit: 22.3076	PB: 22.3076	LB: 60.7955	GB: 60.7955	Conf: 2	Pts: 60296
Particle (24):: Fit: 22.3076	PB: 22.3076	LB: 60.7955	GB: 60.7955	Conf: 2	Pts: 75196
Particle (29):: Fit: 31.0793	PB: 31.0793	LB: 58.4308	GB: 60.7955	Conf: 0.945109	Pts: 70196
Particle (42):: Fit: 22.3076	PB: 22.3076	LB: 49.1801	GB: 60.7955	Conf: 2	Pts: 50296
Particle (44):: Fit: 49.0511	PB: 49.0511	LB: 49.0511	GB: 60.7955	Conf: 1.82128	Pts: 55296
Particle (48):: Fit: 22.8988	PB: 22.8988	LB: 52.0696	GB: 60.7955	Conf: 0.416556	Pts: 55194
Particle (5):: Fit: 26.5142	PB: 26.5142	LB: 44.7886	GB: 60.7955	Conf: 2	Pts: 55295
Particle (13):: Fit: 26.5142	PB: 26.5142	LB: 53.9664	GB: 60.7955	Conf: 2	Pts: 55295
Particle (17):: Fit: 28.025	PB: 28.025	LB: 60.7955	GB: 60.7955	Conf: 1.11661	Pts: 55494
Particle (26):: Fit: 58.482	PB: 58.482	LB: 60.7955	GB: 60.7955	Conf: 1.89218	Pts: 125295
Particle (32):: Fit: 24.454	PB: 24.454	LB: 58.4308	GB: 60.7955	Conf: 2	Pts: 55295
Particle (34):: Fit: 26.8235	PB: 26.8235	LB: 58.4152	GB: 60.7955	Conf: 0.956899	Pts: 60295
Particle (35):: Fit: 20.0504	PB: 20.0504	LB: 58.4152	GB: 60.7955	Conf: 2	Pts: 65195
Particle (40):: Fit: 26.5142	PB: 26.5142	LB: 49.1801	GB: 60.7955	Conf: 2	Pts: 55195
Particle (45):: Fit: 26.4991	PB: 26.4991	LB: 52.0696	GB: 60.7955	Conf: 1.5003	Pts: 50295
Particle (49):: Fit: 24.454	PB: 24.454	LB: 52.0696	GB: 60.7955	Conf: 2	Pts: 50295
Particle (2):: Fit: 24.454	PB: 24.454	LB: 52.0696	GB: 60.7955	Conf: 2	Pts: 110194
Particle (10):: Fit: 24.454	PB: 24.454	LB: 53.9664	GB: 60.7955	Conf: 2	Pts: 60194
Particle (11):: Fit: 48.8291	PB: 48.8291	LB: 53.9664	GB: 60.7955	Conf: 1.61266	Pts: 75294
Particle (14):: Fit: 37.5023	PB: 37.5023	LB: 53.9664	GB: 60.7955	Conf: 1.78394	Pts: 55194
Particle (16):: Fit: 8.13013	PB: 8.13013	LB: 53.9664	GB: 60.7955	Conf: 0.483733	Pts: 55294
Particle (17):: Fit: 45.482	PB: 45.482	LB: 60.7955	GB: 60.7955	Conf: 0.987906	Pts: 55593
Particle (19):: Fit: 39.2115	PB: 39.2115	LB: 60.7955	GB: 60.7955	Conf: 1.5723	Pts: 55294
Particle (21):: Fit: 38.8178	PB: 38.8178	LB: 60.7955	GB: 60.7955	Conf: 1.84217	Pts: 60394
Particle (45):: Fit: 26.5006	PB: 26.5006	LB: 52.0696	GB: 60.7955	Conf: 1.50009	Pts: 50394
Particle (48):: Fit: 22.9394	PB: 22.9394	LB: 52.0696	GB: 60.7955	Conf: 0.539094	Pts: 55292
Particle (1):: Fit: 35.4098	PB: 35.4098	LB: 52.0696	GB: 60.7955	Conf: 1.79426	Pts: 60293
Particle (16):: Fit: 20.3831	PB: 20.3831	LB: 53.9664	GB: 60.7955	Conf: 0.321068	Pts: 55393
Particle (19):: Fit: 44.2815	PB: 44.2815	LB: 60.7955	GB: 60.7955	Conf: 1.87675	Pts: 55393
Particle (21):: Fit: 44.2934	PB: 44.2934	LB: 60.7955	GB: 60.7955	Conf: 1.88727	Pts: 60493
Particle (22):: Fit: 60.948	PB: 60.948	LB: 60.948	GB: 60.948	Conf: 1.01738	Pts: 175293
Particle (26):: Fit: 59.3293	PB: 59.3293	LB: 60.948	GB: 60.948	Conf: 1.57895	Pts: 145393
Particle (29):: Fit: 41.9913	PB: 41.9913	LB: 59.3293	GB: 60.948	Conf: 0.856313	Pts: 70293
Particle (34):: Fit: 39.6207	PB: 39.6207	LB: 58.4152	GB: 60.948	Conf: 1.28126	Pts: 60393
Particle (36):: Fit: 24.454	PB: 24.454	LB: 58.4152	GB: 60.948	Conf: 2	Pts: 85193
Particle (43):: Fit: 58.1363	PB: 58.1363	LB: 58.1363	GB: 60.948	Conf: 1.6914	Pts: 115193
Particle (49):: Fit: 28.5089	PB: 28.5089	LB: 52.0696	GB: 60.948	Conf: 2	Pts: 50393
Global: 60.948 - Correct: 70% of 10 tests
Global Best: 
  Inner Net 1
  -- 1 : 1 = 0.8421
  -- 1 : 2 = 0.1592
  -- 1 : 3 = 0.8062
  -- 1 : 4 = 0.995
  -- 1 : 5 = 0.9028
  -- 1 : 6 = 0.0174
  -- 1 : 7 = 0.2925
  -- 1 : 8 = 0.2519
  -- 1 : 9 = 0.6886
  -- 1 : 10 = 0.3254
  -- 2 : 1 = 0.3069
  -- 2 : 2 = 0.1263
  -- 2 : 3 = 0.5879
  -- 2 : 4 = 0.1722
  -- 2 : 5 = 0.2432
  -- 2 : 6 = 0.5567
  -- 2 : 7 = 0.126
  -- 2 : 8 = 0.4906
  -- 2 : 9 = 0.1379
  -- 2 : 10 = 0.013
  -- 3 : 1 = 0.7942
  -- 3 : 2 = 0.1714
  -- 3 : 3 = 0.7375
  -- 3 : 4 = 0.1718
  -- 3 : 5 = 0.004
  -- 3 : 6 = 0.2048
  -- 3 : 7 = 0.2259
  -- 3 : 8 = 0.5702
  -- 3 : 9 = 0.0726
  -- 3 : 10 = 0.1984
  -- 4 : 1 = 0.2738
  -- 4 : 2 = 0.1638
  -- 4 : 3 = 0.251
  -- 4 : 4 = 0.6379
  -- 4 : 5 = 0.5801
  -- 4 : 6 = 0.5999
  -- 4 : 7 = 0.0843
  -- 4 : 8 = 0.7904
  -- 4 : 9 = 0.0596
  -- 4 : 10 = 0.1756
  -- 5 : 1 = 0.9447
  -- 5 : 2 = 0.9841
  -- 5 : 3 = 0.9698
  -- 5 : 4 = 0.0324
  -- 5 : 5 = 0.4305
  -- 5 : 6 = 0.2449
  -- 5 : 7 = 0.855
  -- 5 : 8 = 0.308
  -- 5 : 9 = 0.176
  -- 5 : 10 = 0.8524
  -- 6 : 1 = 0.4591
  -- 6 : 2 = 0.9391
  -- 6 : 3 = 0.6135
  -- 6 : 4 = 0.2264
  -- 6 : 5 = 0.305
  -- 6 : 6 = 0.8177
  -- 6 : 7 = 0.1081
  -- 6 : 8 = 0.1067
  -- 6 : 9 = 0.0118
  -- 6 : 10 = 0.7633
  -- 7 : 1 = 0.8542
  -- 7 : 2 = 0.9917
  -- 7 : 3 = 0.4952
  -- 7 : 4 = 0.2638
  -- 7 : 5 = 0.8295
  -- 7 : 6 = 0.2447
  -- 7 : 7 = 0.0145
  -- 7 : 8 = 0.2587
  -- 7 : 9 = 0.427
  -- 7 : 10 = 0.6012
  -- 8 : 1 = 0.7645
  -- 8 : 2 = 0.6414
  -- 8 : 3 = 0.6162
  -- 8 : 4 = 0.1647
  -- 8 : 5 = 0.8701
  -- 8 : 6 = 0.263
  -- 8 : 7 = 0.0194
  -- 8 : 8 = 0.4549
  -- 8 : 9 = 0.6951
  -- 8 : 10 = 0.8385
  -- 9 : 1 = 0.7735
  -- 9 : 2 = 0.81
  -- 9 : 3 = 0.0011
  -- 9 : 4 = 0.0716
  -- 9 : 5 = 0.4391
  -- 9 : 6 = 0.6621
  -- 9 : 7 = 0.5754
  -- 9 : 8 = 0.2044
  -- 9 : 9 = 0.7175
  -- 9 : 10 = 0.4782
  -- 10 : 1 = 0.6019
  -- 10 : 2 = 0.2445
  -- 10 : 3 = 0.2401
  -- 10 : 4 = 0.3962
  -- 10 : 5 = 0.8254
  -- 10 : 6 = 0.7193
  -- 10 : 7 = 0.0823
  -- 10 : 8 = 0.8381
  -- 10 : 9 = 0.014
  -- 10 : 10 = 0.1387
  Inner Net 2
  -- 1 : 1 = 0.466669
  -- 1 : 2 = -0.42269
  -- 2 : 1 = 0.247128
  -- 2 : 2 = 0.0923466
  -- 3 : 1 = 0.318246
  -- 3 : 2 = 0.318274
  -- 4 : 1 = -0.48203
  -- 4 : 2 = 0.084275
  -- 5 : 1 = -0.448169
  -- 5 : 2 = -0.424259
  -- 6 : 1 = 0.302083
  -- 6 : 2 = 0.0425467
  -- 7 : 1 = -0.132263
  -- 7 : 2 = 0.12349
  -- 8 : 1 = -0.667162
  -- 8 : 2 = 0.162906
  -- 9 : 1 = 0.00262476
  -- 9 : 2 = 0.23311
  -- 10 : 1 = 0.447318
  -- 10 : 2 = 0.292871
Out\Act	False		True
False	0.183246	0.658734	0.84198
True	0.0118991	0.146121	0.15802
	0.195145	0.804855
	Accuracy [ (tp + tn) / testSize ]: 0.329367
	Precision [ tp / (tp + fp) ]:      0.181442
	Sensitivity [ tp / (tp + fn) ]:    0.921922
	Specificity [ tn / (tn + fp) ]:    0.217514
	F-Score [ 2tp / (2tp + fp + fn) ]: 0.30336
Particle (7):: Fit: 45.0491	PB: 45.0491	LB: 48.8291	GB: 60.948	Conf: 0.408664	Pts: 125292
Particle (35):: Fit: 22.3076	PB: 22.3076	LB: 58.4152	GB: 60.948	Conf: 2	Pts: 65292
Particle (38):: Fit: 26.5142	PB: 26.5142	LB: 58.1363	GB: 60.948	Conf: 2	Pts: 55292
Particle (45):: Fit: 47.5562	PB: 47.5562	LB: 58.1363	GB: 60.948	Conf: 1.40011	Pts: 50492
Particle (19):: Fit: 58.8423	PB: 58.8423	LB: 60.948	GB: 60.948	Conf: 1.46976	Pts: 70491
Particle (8):: Fit: 26.5142	PB: 26.5142	LB: 48.8291	GB: 60.948	Conf: 2	Pts: 110290
Particle (13):: Fit: 44.1108	PB: 44.1108	LB: 53.9664	GB: 60.948	Conf: 1.82405	Pts: 55390
Particle (21):: Fit: 46.3958	PB: 46.3958	LB: 60.948	GB: 60.948	Conf: 1.63731	Pts: 60590
Particle (24):: Fit: 24.454	PB: 24.454	LB: 60.948	GB: 60.948	Conf: 2	Pts: 75290
Particle (2):: Fit: 26.5142	PB: 26.5142	LB: 52.0696	GB: 60.948	Conf: 2	Pts: 110289
Particle (7):: Fit: 45.5205	PB: 45.5205	LB: 48.8291	GB: 60.948	Conf: 1.04218	Pts: 130389
Particle (15):: Fit: 57.4	PB: 57.4	LB: 58.8423	GB: 60.948	Conf: 1.401	Pts: 130189
Particle (18):: Fit: 22.5094	PB: 22.5094	LB: 60.948	GB: 60.948	Conf: 1.89619	Pts: 65189
Particle (23):: Fit: 36.2152	PB: 36.2152	LB: 60.948	GB: 60.948	Conf: 0.321644	Pts: 55286
Particle (13):: Fit: 44.2688	PB: 44.2688	LB: 57.4	GB: 60.948	Conf: 1.86933	Pts: 55488
Particle (14):: Fit: 52.074	PB: 52.074	LB: 58.8423	GB: 60.948	Conf: 1.76512	Pts: 60288
Particle (23):: Fit: 45.2664	PB: 45.2664	LB: 60.948	GB: 60.948	Conf: 0.232558	Pts: 55385
Particle (24):: Fit: 26.5142	PB: 26.5142	LB: 60.948	GB: 60.948	Conf: 2	Pts: 75388
Particle (27):: Fit: 54.7394	PB: 54.7394	LB: 59.3293	GB: 60.948	Conf: 1.77655	Pts: 60288
Particle (36):: Fit: 53.9109	PB: 53.9109	LB: 58.4152	GB: 60.948	Conf: 1.85468	Pts: 85288
Particle (37):: Fit: 58.4204	PB: 58.4204	LB: 58.4204	GB: 60.948	Conf: 1.51229	Pts: 135288
Particle (20):: Fit: 46.7249	PB: 46.7249	LB: 60.948	GB: 60.948	Conf: 1.14635	Pts: 60386
Particle (21):: Fit: 52.166	PB: 52.166	LB: 60.948	GB: 60.948	Conf: 1.71415	Pts: 60687
Particle (26):: Fit: 59.6056	PB: 59.6056	LB: 60.948	GB: 60.948	Conf: 1.73869	Pts: 165487
Particle (34):: Fit: 42.0047	PB: 42.0047	LB: 58.4204	GB: 60.948	Conf: 1.496	Pts: 60487
Particle (4):: Fit: 26.7021	PB: 26.7021	LB: 52.0696	GB: 60.948	Conf: 0.0501341	Pts: 60285
Particle (7):: Fit: 48.8528	PB: 48.8528	LB: 48.8528	GB: 60.948	Conf: 1.35912	Pts: 150485
Particle (42):: Fit: 49.2862	PB: 49.2862	LB: 58.1363	GB: 60.948	Conf: 1.88232	Pts: 50386
Particle (1):: Fit: 40.6397	PB: 40.6397	LB: 52.0696	GB: 60.948	Conf: 1.49048	Pts: 60385
Particle (16):: Fit: 20.4102	PB: 20.4102	LB: 58.8423	GB: 60.948	Conf: 0.595829	Pts: 55485
Particle (34):: Fit: 62.0013	PB: 62.0013	LB: 62.0013	GB: 62.0013	Conf: 1.16968	Pts: 120585
Global: 62.0013 - Correct: 60% of 10 tests
Global Best: 
  Inner Net 1
  -- 1 : 1 = 0.7935
  -- 1 : 2 = 0.3205
  -- 1 : 3 = 0.7361
  -- 1 : 4 = 0.8581
  -- 1 : 5 = 0.5024
  -- 1 : 6 = 0.872
  -- 1 : 7 = 0.6027
  -- 1 : 8 = 0.7975
  -- 1 : 9 = 0.5899
  -- 1 : 10 = 0.2148
  -- 2 : 1 = 0.851
  -- 2 : 2 = 0.8366
  -- 2 : 3 = 0.6615
  -- 2 : 4 = 0.3646
  -- 2 : 5 = 0.4071
  -- 2 : 6 = 0.2564
  -- 2 : 7 = 0.058
  -- 2 : 8 = 0.5551
  -- 2 : 9 = 0.7164
  -- 2 : 10 = 0.1317
  -- 3 : 1 = 0.3612
  -- 3 : 2 = 0.7063
  -- 3 : 3 = 0.7059
  -- 3 : 4 = 0.3682
  -- 3 : 5 = 0.6299
  -- 3 : 6 = 0.7827
  -- 3 : 7 = 0.3939
  -- 3 : 8 = 0.7239
  -- 3 : 9 = 0.2544
  -- 3 : 10 = 0.0276
  -- 4 : 1 = 0.3033
  -- 4 : 2 = 0.2604
  -- 4 : 3 = 0.1813
  -- 4 : 4 = 0.3107
  -- 4 : 5 = 0.8011
  -- 4 : 6 = 0.9433
  -- 4 : 7 = 0.1196
  -- 4 : 8 = 0.4306
  -- 4 : 9 = 0.2434
  -- 4 : 10 = 0.3645
  -- 5 : 1 = 0.017
  -- 5 : 2 = 0.0132
  -- 5 : 3 = 0.0291
  -- 5 : 4 = 0.5633
  -- 5 : 5 = 0.2201
  -- 5 : 6 = 0.9711
  -- 5 : 7 = 0.6942
  -- 5 : 8 = 0.812
  -- 5 : 9 = 0.3736
  -- 5 : 10 = 0.2545
  -- 6 : 1 = 0.3452
  -- 6 : 2 = 0.0682
  -- 6 : 3 = 0.6277
  -- 6 : 4 = 0.4753
  -- 6 : 5 = 0.9634
  -- 6 : 6 = 0.0641
  -- 6 : 7 = 0.563
  -- 6 : 8 = 0.8136
  -- 6 : 9 = 0.0523
  -- 6 : 10 = 0.7987
  -- 7 : 1 = 0.0628
  -- 7 : 2 = 0.0015
  -- 7 : 3 = 0.2005
  -- 7 : 4 = 0.8498
  -- 7 : 5 = 0.1874
  -- 7 : 6 = 0.1786
  -- 7 : 7 = 0.097
  -- 7 : 8 = 0.9761
  -- 7 : 9 = 0.2061
  -- 7 : 10 = 0.4758
  -- 8 : 1 = 0.6786
  -- 8 : 2 = 0.7224
  -- 8 : 3 = 0.8699
  -- 8 : 4 = 0.9519
  -- 8 : 5 = 0.7927
  -- 8 : 6 = 0.9433
  -- 8 : 7 = 0.2505
  -- 8 : 8 = 0.9733
  -- 8 : 9 = 0.7001
  -- 8 : 10 = 0.0483
  -- 9 : 1 = 0.3512
  -- 9 : 2 = 0.3024
  -- 9 : 3 = 0.3091
  -- 9 : 4 = 0.7942
  -- 9 : 5 = 0.4167
  -- 9 : 6 = 0.3425
  -- 9 : 7 = 0.3134
  -- 9 : 8 = 0.4281
  -- 9 : 9 = 0.7623
  -- 9 : 10 = 0.0203
  -- 10 : 1 = 0.6612
  -- 10 : 2 = 0.8185
  -- 10 : 3 = 0.3243
  -- 10 : 4 = 0.5826
  -- 10 : 5 = 0.0376
  -- 10 : 6 = 0.8435
  -- 10 : 7 = 0.9246
  -- 10 : 8 = 0.5123
  -- 10 : 9 = 0.786
  -- 10 : 10 = 0.7796
  Inner Net 2
  -- 1 : 1 = 0.436884
  -- 1 : 2 = -0.0178675
  -- 2 : 1 = 0.216415
  -- 2 : 2 = 0.15702
  -- 3 : 1 = -0.231248
  -- 3 : 2 = 0.0263466
  -- 4 : 1 = -0.308828
  -- 4 : 2 = 0.0415753
  -- 5 : 1 = -0.26191
  -- 5 : 2 = -0.333596
  -- 6 : 1 = 0.0600467
  -- 6 : 2 = 0.479934
  -- 7 : 1 = 0.260792
  -- 7 : 2 = 0.239652
  -- 8 : 1 = -0.479929
  -- 8 : 2 = -0.138896
  -- 9 : 1 = -0.455694
  -- 9 : 2 = -0.200999
  -- 10 : 1 = 0.40448
  -- 10 : 2 = -0.0753037
Out\Act	False		True
False	0.84198	0	0.84198
True	0.15802	0	0.15802
	1	0
	Accuracy [ (tp + tn) / testSize ]: 0.84198
	Precision [ tp / (tp + fp) ]:      0
	Sensitivity [ tp / (tp + fn) ]:    0
	Specificity [ tn / (tn + fp) ]:    0.999435
	F-Score [ 2tp / (2tp + fp + fn) ]: 0
Particle (3):: Fit: 49.9908	PB: 49.9908	LB: 52.0696	GB: 62.0013	Conf: 1.29441	Pts: 85384
Particle (3):: Fit: 59.1999	PB: 59.1999	LB: 59.1999	GB: 62.0013	Conf: 1.65607	Pts: 135483
Particle (6):: Fit: 28.5089	PB: 28.5089	LB: 59.1999	GB: 62.0013	Conf: 2	Pts: 75283
Particle (35):: Fit: 24.454	PB: 24.454	LB: 62.0013	GB: 62.0013	Conf: 2	Pts: 65383
Particle (12):: Fit: 49.2048	PB: 49.2048	LB: 57.4	GB: 62.0013	Conf: 1.85124	Pts: 65282
Particle (20):: Fit: 56.0929	PB: 56.0929	LB: 60.948	GB: 62.0013	Conf: 1.10475	Pts: 60480
Particle (22):: Fit: 67.5885	PB: 67.5885	LB: 67.5885	GB: 67.5885	Conf: 0.702138	Pts: 235381
Particle (44):: Fit: 49.2083	PB: 49.2083	LB: 58.1363	GB: 67.5885	Conf: 1.85215	Pts: 55381
Particle (47):: Fit: 41.0188	PB: 41.0188	LB: 58.1363	GB: 67.5885	Conf: 1.18599	Pts: 70178
Global: 67.5885 - Correct: 91.6667% of 12 tests
Global Best: 
  Inner Net 1
  -- 1 : 1 = 0.8421
  -- 1 : 2 = 0.1592
  -- 1 : 3 = 0.8062
  -- 1 : 4 = 0.995
  -- 1 : 5 = 0.9028
  -- 1 : 6 = 0.0174
  -- 1 : 7 = 0.2925
  -- 1 : 8 = 0.2519
  -- 1 : 9 = 0.6886
  -- 1 : 10 = 0.3254
  -- 2 : 1 = 0.3069
  -- 2 : 2 = 0.1263
  -- 2 : 3 = 0.5879
  -- 2 : 4 = 0.1722
  -- 2 : 5 = 0.2432
  -- 2 : 6 = 0.5567
  -- 2 : 7 = 0.126
  -- 2 : 8 = 0.4906
  -- 2 : 9 = 0.1379
  -- 2 : 10 = 0.013
  -- 3 : 1 = 0.7942
  -- 3 : 2 = 0.1714
  -- 3 : 3 = 0.7375
  -- 3 : 4 = 0.1718
  -- 3 : 5 = 0.004
  -- 3 : 6 = 0.2048
  -- 3 : 7 = 0.2259
  -- 3 : 8 = 0.5702
  -- 3 : 9 = 0.0726
  -- 3 : 10 = 0.1984
  -- 4 : 1 = 0.2738
  -- 4 : 2 = 0.1638
  -- 4 : 3 = 0.251
  -- 4 : 4 = 0.6379
  -- 4 : 5 = 0.5801
  -- 4 : 6 = 0.5999
  -- 4 : 7 = 0.0843
  -- 4 : 8 = 0.7904
  -- 4 : 9 = 0.0596
  -- 4 : 10 = 0.1756
  -- 5 : 1 = 0.9447
  -- 5 : 2 = 0.9841
  -- 5 : 3 = 0.9698
  -- 5 : 4 = 0.0324
  -- 5 : 5 = 0.4305
  -- 5 : 6 = 0.2449
  -- 5 : 7 = 0.855
  -- 5 : 8 = 0.308
  -- 5 : 9 = 0.176
  -- 5 : 10 = 0.8524
  -- 6 : 1 = 0.4591
  -- 6 : 2 = 0.9391
  -- 6 : 3 = 0.6135
  -- 6 : 4 = 0.2264
  -- 6 : 5 = 0.305
  -- 6 : 6 = 0.8177
  -- 6 : 7 = 0.1081
  -- 6 : 8 = 0.1067
  -- 6 : 9 = 0.0118
  -- 6 : 10 = 0.7633
  -- 7 : 1 = 0.8542
  -- 7 : 2 = 0.9917
  -- 7 : 3 = 0.4952
  -- 7 : 4 = 0.2638
  -- 7 : 5 = 0.8295
  -- 7 : 6 = 0.2447
  -- 7 : 7 = 0.0145
  -- 7 : 8 = 0.2587
  -- 7 : 9 = 0.427
  -- 7 : 10 = 0.6012
  -- 8 : 1 = 0.7645
  -- 8 : 2 = 0.6414
  -- 8 : 3 = 0.6162
  -- 8 : 4 = 0.1647
  -- 8 : 5 = 0.8701
  -- 8 : 6 = 0.263
  -- 8 : 7 = 0.0194
  -- 8 : 8 = 0.4549
  -- 8 : 9 = 0.6951
  -- 8 : 10 = 0.8385
  -- 9 : 1 = 0.7735
  -- 9 : 2 = 0.81
  -- 9 : 3 = 0.0011
  -- 9 : 4 = 0.0716
  -- 9 : 5 = 0.4391
  -- 9 : 6 = 0.6621
  -- 9 : 7 = 0.5754
  -- 9 : 8 = 0.2044
  -- 9 : 9 = 0.7175
  -- 9 : 10 = 0.4782
  -- 10 : 1 = 0.6019
  -- 10 : 2 = 0.2445
  -- 10 : 3 = 0.2401
  -- 10 : 4 = 0.3962
  -- 10 : 5 = 0.8254
  -- 10 : 6 = 0.7193
  -- 10 : 7 = 0.0823
  -- 10 : 8 = 0.8381
  -- 10 : 9 = 0.014
  -- 10 : 10 = 0.1387
  Inner Net 2
  -- 1 : 1 = 0.557992
  -- 1 : 2 = -0.0805185
  -- 2 : 1 = 0.264238
  -- 2 : 2 = 0.179894
  -- 3 : 1 = 0.26011
  -- 3 : 2 = 0.0922667
  -- 4 : 1 = -0.517844
  -- 4 : 2 = 0.287053
  -- 5 : 1 = -0.470891
  -- 5 : 2 = -0.368225
  -- 6 : 1 = 0.0693037
  -- 6 : 2 = -0.202439
  -- 7 : 1 = 0.0754828
  -- 7 : 2 = 0.0996298
  -- 8 : 1 = -0.79826
  -- 8 : 2 = 0.0678737
  -- 9 : 1 = -0.0877929
  -- 9 : 2 = 0.333751
  -- 10 : 1 = 0.318376
  -- 10 : 2 = 0.332386
Out\Act	False		True
False	0.179438	0.662542	0.84198
True	0.0118991	0.146121	0.15802
	0.191337	0.808663
	Accuracy [ (tp + tn) / testSize ]: 0.325559
	Precision [ tp / (tp + fp) ]:      0.180588
	Sensitivity [ tp / (tp + fn) ]:    0.921922
	Specificity [ tn / (tn + fp) ]:    0.212994
	F-Score [ 2tp / (2tp + fp + fn) ]: 0.302165
Particle (13):: Fit: 44.2859	PB: 44.2859	LB: 57.4	GB: 67.5885	Conf: 1.88	Pts: 55580
Particle (14):: Fit: 52.7514	PB: 52.7514	LB: 58.8423	GB: 67.5885	Conf: 1.62401	Pts: 65377
Particle (21):: Fit: 58.4542	PB: 58.4542	LB: 67.5885	GB: 67.5885	Conf: 1.8747	Pts: 60777
Particle (30):: Fit: 30.4545	PB: 30.4545	LB: 62.0013	GB: 67.5885	Conf: 2	Pts: 70277
Particle (39):: Fit: 53.9946	PB: 53.9946	LB: 58.4204	GB: 67.5885	Conf: 1.88628	Pts: 100177
Particle (16):: Fit: 22.7737	PB: 22.7737	LB: 58.8423	GB: 67.5885	Conf: 0.261216	Pts: 55576
Particle (1):: Fit: 42.6276	PB: 42.6276	LB: 59.1999	GB: 67.5885	Conf: 1.20251	Pts: 60475
Particle (18):: Fit: 26.5142	PB: 26.5142	LB: 67.5885	GB: 67.5885	Conf: 2	Pts: 65275
Particle (14):: Fit: 54.649	PB: 54.649	LB: 58.8423	GB: 67.5885	Conf: 1.73115	Pts: 70473
Particle (21):: Fit: 58.4849	PB: 58.4849	LB: 67.5885	GB: 67.5885	Conf: 1.899	Pts: 60873
Particle (45):: Fit: 53.4042	PB: 53.4042	LB: 58.1363	GB: 67.5885	Conf: 1.49388	Pts: 50573
Particle (7):: Fit: 50.1639	PB: 50.1639	LB: 59.1999	GB: 67.5885	Conf: 1.29177	Pts: 155571
Particle (16):: Fit: 24.9188	PB: 24.9188	LB: 58.8423	GB: 67.5885	Conf: 0.169627	Pts: 55672
Particle (17):: Fit: 52.0275	PB: 52.0275	LB: 67.5885	GB: 67.5885	Conf: 1.52439	Pts: 55670
Particle (19):: Fit: 62.7674	PB: 62.7674	LB: 67.5885	GB: 67.5885	Conf: 1.87353	Pts: 85571
Particle (29):: Fit: 49.5506	PB: 49.5506	LB: 62.0013	GB: 67.5885	Conf: 1.08148	Pts: 70370
Particle (46):: Fit: 28.5089	PB: 28.5089	LB: 58.1363	GB: 67.5885	Conf: 2	Pts: 65271
Particle (9):: Fit: 38.8955	PB: 38.8955	LB: 54.649	GB: 67.5885	Conf: 1.89554	Pts: 90370
Particle (27):: Fit: 57.099	PB: 57.099	LB: 59.6056	GB: 67.5885	Conf: 1.22021	Pts: 60370
Particle (43):: Fit: 59.3267	PB: 59.3267	LB: 59.3267	GB: 67.5885	Conf: 1.67576	Pts: 160270
Particle (16):: Fit: 25.2029	PB: 25.2029	LB: 62.7674	GB: 67.5885	Conf: 0.323968	Pts: 55768
Particle (26):: Fit: 64.736	PB: 64.736	LB: 67.5885	GB: 67.5885	Conf: 1.63036	Pts: 185568
Particle (32):: Fit: 38.8707	PB: 38.8707	LB: 62.0013	GB: 67.5885	Conf: 1.86667	Pts: 55366
Particle (11):: Fit: 49.2984	PB: 49.2984	LB: 57.4	GB: 67.5885	Conf: 1.89965	Pts: 75364
Particle (18):: Fit: 58.3175	PB: 58.3175	LB: 67.5885	GB: 67.5885	Conf: 1.84104	Pts: 70364
Particle (0):: Fit: 58.1549	PB: 58.1549	LB: 59.1999	GB: 67.5885	Conf: 0.768321	Pts: 210360
Particle (8):: Fit: 49.2941	PB: 49.2941	LB: 50.1639	GB: 67.5885	Conf: 1.88942	Pts: 110361
Particle (1):: Fit: 49.5048	PB: 49.5048	LB: 59.1999	GB: 67.5885	Conf: 1.79858	Pts: 60560
Particle (10):: Fit: 26.5142	PB: 26.5142	LB: 57.4	GB: 67.5885	Conf: 2	Pts: 60260
Particle (9):: Fit: 40.5725	PB: 40.5725	LB: 54.649	GB: 67.5885	Conf: 1.68759	Pts: 90458
Particle (25):: Fit: 44.2558	PB: 44.2558	LB: 67.5885	GB: 67.5885	Conf: 1.86325	Pts: 100158
Particle (9):: Fit: 53.9962	PB: 53.9962	LB: 54.649	GB: 67.5885	Conf: 1.88765	Pts: 95556
Particle (25):: Fit: 62.8022	PB: 62.8022	LB: 67.5885	GB: 67.5885	Conf: 1.89986	Pts: 100256
Particle (2):: Fit: 28.5089	PB: 28.5089	LB: 59.1999	GB: 67.5885	Conf: 2	Pts: 110354
Particle (4):: Fit: 27.1493	PB: 27.1493	LB: 59.1999	GB: 67.5885	Conf: 0.188122	Pts: 60350
Particle (40):: Fit: 28.5089	PB: 28.5089	LB: 59.3267	GB: 67.5885	Conf: 2	Pts: 55254
Particle (45):: Fit: 53.9393	PB: 53.9393	LB: 59.3267	GB: 67.5885	Conf: 1.86228	Pts: 50654
Particle (47):: Fit: 43.412	PB: 43.412	LB: 59.3267	GB: 67.5885	Conf: 1.00246	Pts: 70247
Particle (9):: Fit: 58.2571	PB: 58.2571	LB: 58.2571	GB: 67.5885	Conf: 1.57174	Pts: 120653
Particle (12):: Fit: 53.9914	PB: 53.9914	LB: 58.2571	GB: 67.5885	Conf: 1.88386	Pts: 65352
Particle (35):: Fit: 26.5142	PB: 26.5142	LB: 62.0013	GB: 67.5885	Conf: 2	Pts: 65452
Particle (1):: Fit: 52.1939	PB: 52.1939	LB: 59.1999	GB: 67.5885	Conf: 1.59942	Pts: 60648
Particle (29):: Fit: 57.3881	PB: 57.3881	LB: 64.736	GB: 67.5885	Conf: 1.36327	Pts: 70444
Particle (48):: Fit: 25.4381	PB: 25.4381	LB: 59.1999	GB: 67.5885	Conf: 0.645253	Pts: 55342
Particle (27):: Fit: 58.4314	PB: 58.4314	LB: 64.736	GB: 67.5885	Conf: 1.86663	Pts: 60448
Particle (21):: Fit: 62.785	PB: 62.785	LB: 67.5885	GB: 67.5885	Conf: 1.88139	Pts: 65947
Particle (7):: Fit: 61.3296	PB: 61.3296	LB: 61.3296	GB: 67.5885	Conf: 1.27454	Pts: 205643
Particle (11):: Fit: 58.4774	PB: 58.4774	LB: 61.3296	GB: 67.5885	Conf: 1.88744	Pts: 85439
Particle (20):: Fit: 58.8421	PB: 58.8421	LB: 67.5885	GB: 67.5885	Conf: 0.853963	Pts: 60535
Particle (48):: Fit: 27.9329	PB: 27.9329	LB: 59.1999	GB: 67.5885	Conf: 0.75953	Pts: 55432
Particle (12):: Fit: 62.772	PB: 62.772	LB: 62.772	GB: 67.5885	Conf: 1.87531	Pts: 110437
Particle (29):: Fit: 58.7331	PB: 58.7331	LB: 64.736	GB: 67.5885	Conf: 0.985061	Pts: 70528
Particle (44):: Fit: 54.0004	PB: 54.0004	LB: 59.3267	GB: 67.5885	Conf: 1.89235	Pts: 55433
Particle (5):: Fit: 30.4545	PB: 30.4545	LB: 61.3296	GB: 67.5885	Conf: 2	Pts: 55331
Particle (10):: Fit: 28.5089	PB: 28.5089	LB: 62.772	GB: 67.5885	Conf: 2	Pts: 60330
Particle (17):: Fit: 52.5986	PB: 52.5986	LB: 67.5885	GB: 67.5885	Conf: 0.922734	Pts: 55725
Particle (27):: Fit: 59.4681	PB: 59.4681	LB: 64.736	GB: 67.5885	Conf: 1.7024	Pts: 60529
Particle (32):: Fit: 44.2859	PB: 44.2859	LB: 62.0013	GB: 67.5885	Conf: 1.88	Pts: 55429
Particle (0):: Fit: 59.1142	PB: 59.1142	LB: 59.1999	GB: 67.5885	Conf: 1.28093	Pts: 210423
Particle (14):: Fit: 58.3919	PB: 58.3919	LB: 62.772	GB: 67.5885	Conf: 1.85602	Pts: 70526
Particle (16):: Fit: 25.3181	PB: 25.3181	LB: 62.785	GB: 67.5885	Conf: 0.979494	Pts: 55814
Particle (1):: Fit: 58.4772	PB: 58.4772	LB: 59.1999	GB: 67.5885	Conf: 1.88733	Pts: 60720
Particle (33):: Fit: 59.443	PB: 59.443	LB: 62.0013	GB: 67.5885	Conf: 1.61416	Pts: 115220
Particle (24):: Fit: 38.8959	PB: 38.8959	LB: 67.5885	GB: 67.5885	Conf: 1.89984	Pts: 75417
Particle (31):: Fit: 28.5089	PB: 28.5089	LB: 62.0013	GB: 67.5885	Conf: 2	Pts: 55215
Particle (32):: Fit: 53.8478	PB: 53.8478	LB: 62.0013	GB: 67.5885	Conf: 1.84124	Pts: 55512
Particle (13):: Fit: 44.2949	PB: 44.2949	LB: 62.772	GB: 67.5885	Conf: 1.88942	Pts: 55611
Particle (14):: Fit: 58.4834	PB: 58.4834	LB: 62.772	GB: 67.5885	Conf: 1.8943	Pts: 70610
Particle (16):: Fit: 25.3951	PB: 25.3951	LB: 62.785	GB: 67.5885	Conf: 0.522429	Pts: 55895
Particle (23):: Fit: 46.7634	PB: 46.7634	LB: 67.5885	GB: 67.5885	Conf: 0.499922	Pts: 55397
Particle (48):: Fit: 30.3873	PB: 30.3873	LB: 59.1999	GB: 67.5885	Conf: 0.734638	Pts: 55491
Particle (27):: Fit: 64.1812	PB: 64.1812	LB: 64.736	GB: 67.5885	Conf: 1.44429	Pts: 65599
Particle (45):: Fit: 54.0083	PB: 54.0083	LB: 59.3267	GB: 67.5885	Conf: 0.653545	Pts: 50696
Particle (4):: Fit: 36.3607	PB: 36.3607	LB: 61.3296	GB: 67.5885	Conf: 0.446148	Pts: 60391
Particle (5):: Fit: 56.2086	PB: 56.2086	LB: 61.3296	GB: 67.5885	Conf: 0.749147	Pts: 55397
Particle (6):: Fit: 38.3195	PB: 38.3195	LB: 61.3296	GB: 67.5885	Conf: 0.714508	Pts: 75297
Particle (46):: Fit: 49.6427	PB: 49.6427	LB: 59.3267	GB: 67.5885	Conf: 0.170235	Pts: 65297
Particle (48):: Fit: 44.7792	PB: 44.7792	LB: 59.1999	GB: 67.5885	Conf: 0.444064	Pts: 55588
Particle (9):: Fit: 59.376	PB: 59.376	LB: 62.772	GB: 67.5885	Conf: 1.592	Pts: 120696
Particle (24):: Fit: 50.1367	PB: 50.1367	LB: 67.5885	GB: 67.5885	Conf: 0.829779	Pts: 75496
Particle (30):: Fit: 36.341	PB: 36.341	LB: 64.736	GB: 67.5885	Conf: 0.738873	Pts: 70296
Particle (39):: Fit: 57.0888	PB: 57.0888	LB: 59.3267	GB: 67.5885	Conf: 1.775	Pts: 100195
Particle (41):: Fit: 26.9381	PB: 26.9381	LB: 59.3267	GB: 67.5885	Conf: 0.217703	Pts: 55196
Particle (24):: Fit: 60.1704	PB: 60.1704	LB: 67.5885	GB: 67.5885	Conf: 0.678334	Pts: 75595
Particle (38):: Fit: 49.0158	PB: 49.0158	LB: 62.0013	GB: 67.5885	Conf: 0.763067	Pts: 55295
Particle (41):: Fit: 44.7756	PB: 44.7756	LB: 59.3267	GB: 67.5885	Conf: 0.195093	Pts: 55295
Particle (44):: Fit: 55.682	PB: 55.682	LB: 59.3267	GB: 67.5885	Conf: 0.818033	Pts: 55495
Particle (2):: Fit: 53.649	PB: 53.649	LB: 61.3296	GB: 67.5885	Conf: 0.185229	Pts: 110394
Particle (6):: Fit: 46.1497	PB: 46.1497	LB: 61.3296	GB: 67.5885	Conf: 0.492433	Pts: 75394
Particle (16):: Fit: 50.8046	PB: 50.8046	LB: 62.785	GB: 67.5885	Conf: 0.541035	Pts: 55982
Particle (30):: Fit: 46.6529	PB: 46.6529	LB: 64.736	GB: 67.5885	Conf: 0.251772	Pts: 70394
Particle (31):: Fit: 47.8899	PB: 47.8899	LB: 64.1812	GB: 67.5885	Conf: 0.738512	Pts: 55294
Particle (35):: Fit: 36.3625	PB: 36.3625	LB: 62.0013	GB: 67.5885	Conf: 0.584186	Pts: 65494
Particle (41):: Fit: 60.192	PB: 60.192	LB: 60.192	GB: 67.5885	Conf: 0.408569	Pts: 90394
Particle (10):: Fit: 43.5331	PB: 43.5331	LB: 62.772	GB: 67.5885	Conf: 0.359264	Pts: 60393
Particle (31):: Fit: 63.6948	PB: 63.6948	LB: 64.1812	GB: 67.5885	Conf: 0.343524	Pts: 75393
Particle (34):: Fit: 66.1529	PB: 66.1529	LB: 66.1529	GB: 67.5885	Conf: 0.843315	Pts: 170585
Particle (41):: Fit: 61.9913	PB: 61.9913	LB: 61.9913	GB: 67.5885	Conf: 0.445534	Pts: 125492
Particle (13):: Fit: 46.3282	PB: 46.3282	LB: 62.772	GB: 67.5885	Conf: 0.710839	Pts: 55689
Particle (13):: Fit: 48.2937	PB: 48.2937	LB: 62.772	GB: 67.5885	Conf: 0.656785	Pts: 55788
Particle (35):: Fit: 43.8345	PB: 43.8345	LB: 66.1529	GB: 67.5885	Conf: 0.793993	Pts: 65590
Particle (49):: Fit: 66.5817	PB: 66.5817	LB: 66.5817	GB: 67.5885	Conf: 0.492853	Pts: 100390
Particle (30):: Fit: 50.1842	PB: 50.1842	LB: 66.1529	GB: 67.5885	Conf: 0.832658	Pts: 70489
Particle (13):: Fit: 53.017	PB: 53.017	LB: 62.772	GB: 67.5885	Conf: 0.575051	Pts: 55885
Particle (38):: Fit: 59.0082	PB: 59.0082	LB: 66.1529	GB: 67.5885	Conf: 0.338515	Pts: 55387
Particle (41):: Fit: 65.0946	PB: 65.0946	LB: 65.0946	GB: 67.5885	Conf: 0.277179	Pts: 150587
Particle (35):: Fit: 48.3788	PB: 48.3788	LB: 66.1529	GB: 67.5885	Conf: 0.629287	Pts: 65686
Particle (9):: Fit: 60.7632	PB: 60.7632	LB: 62.772	GB: 67.5885	Conf: 0.32539	Pts: 120785
Particle (46):: Fit: 58.8599	PB: 58.8599	LB: 66.5817	GB: 67.5885	Conf: 0.334121	Pts: 65383
Particle (6):: Fit: 55.4168	PB: 55.4168	LB: 61.3296	GB: 67.5885	Conf: 0.837469	Pts: 75482
Particle (40):: Fit: 34.504	PB: 34.504	LB: 65.0946	GB: 67.5885	Conf: 0.352113	Pts: 55282
Particle (48):: Fit: 54.7686	PB: 54.7686	LB: 66.5817	GB: 67.5885	Conf: 0.699901	Pts: 55673
Particle (40):: Fit: 46.1965	PB: 46.1965	LB: 65.0946	GB: 67.5885	Conf: 0.633259	Pts: 55381
Particle (2):: Fit: 58.9869	PB: 58.9869	LB: 66.5817	GB: 67.5885	Conf: 0.381619	Pts: 110480
Particle (0):: Fit: 63.4487	PB: 63.4487	LB: 66.5817	GB: 67.5885	Conf: 0.124034	Pts: 215475
Particle (2):: Fit: 59.4142	PB: 59.4142	LB: 66.5817	GB: 67.5885	Conf: 0.180561	Pts: 110579
Particle (4):: Fit: 50.9813	PB: 50.9813	LB: 63.4487	GB: 67.5885	Conf: 0.737725	Pts: 60471
Particle (10):: Fit: 47.9166	PB: 47.9166	LB: 62.772	GB: 67.5885	Conf: 0.698296	Pts: 60477
Particle (32):: Fit: 56.1043	PB: 56.1043	LB: 66.1529	GB: 67.5885	Conf: 0.551124	Pts: 55577
Particle (40):: Fit: 55.6135	PB: 55.6135	LB: 65.0946	GB: 67.5885	Conf: 0.352255	Pts: 55477
Particle (46):: Fit: 60.5436	PB: 60.5436	LB: 66.5817	GB: 67.5885	Conf: 0.295432	Pts: 65475
Particle (23):: Fit: 58.5694	PB: 58.5694	LB: 67.5885	GB: 67.5885	Conf: 0.614288	Pts: 55464
Particle (24):: Fit: 60.5462	PB: 60.5462	LB: 67.5885	GB: 67.5885	Conf: 0.680829	Pts: 75673
Particle (20):: Fit: 64.8604	PB: 64.8604	LB: 67.5885	GB: 67.5885	Conf: 0.605856	Pts: 70566
Particle (30):: Fit: 55.1857	PB: 55.1857	LB: 66.1529	GB: 67.5885	Conf: 0.724682	Pts: 70572
Particle (35):: Fit: 50.2147	PB: 50.2147	LB: 66.1529	GB: 67.5885	Conf: 0.421063	Pts: 65770
Particle (39):: Fit: 69.1266	PB: 69.1266	LB: 69.1266	GB: 69.1266	Conf: 0.857943	Pts: 160268
Global: 69.1266 - Correct: 92.3077% of 13 tests
Global Best: 
  Inner Net 1
  -- 1 : 1 = 0.88816
  -- 1 : 2 = -0.0516812
  -- 1 : 3 = 0.0832444
  -- 1 : 4 = 0.107603
  -- 1 : 5 = 0.487505
  -- 1 : 6 = 0.135668
  -- 1 : 7 = -0.150971
  -- 1 : 8 = 0.0881689
  -- 1 : 9 = -0.0591997
  -- 1 : 10 = 0.315402
  -- 2 : 1 = 0.661694
  -- 2 : 2 = 0.0743668
  -- 2 : 3 = 0.309875
  -- 2 : 4 = 0.562352
  -- 2 : 5 = 0.285645
  -- 2 : 6 = -0.235296
  -- 2 : 7 = -0.106399
  -- 2 : 8 = 0.303375
  -- 2 : 9 = 0.389944
  -- 2 : 10 = 0.415935
  -- 3 : 1 = 0.412678
  -- 3 : 2 = -0.0450953
  -- 3 : 3 = 0.485777
  -- 3 : 4 = -0.0540076
  -- 3 : 5 = 0.524746
  -- 3 : 6 = 0.12369
  -- 3 : 7 = -0.00998837
  -- 3 : 8 = 0.421591
  -- 3 : 9 = -0.254863
  -- 3 : 10 = 0.214931
  -- 4 : 1 = 0.51029
  -- 4 : 2 = 0.25403
  -- 4 : 3 = 0.045147
  -- 4 : 4 = 0.0102794
  -- 4 : 5 = 0.120059
  -- 4 : 6 = -0.0213583
  -- 4 : 7 = -0.00660244
  -- 4 : 8 = 0.500108
  -- 4 : 9 = 0.264707
  -- 4 : 10 = -0.113036
  -- 5 : 1 = 0.493389
  -- 5 : 2 = 0.0943622
  -- 5 : 3 = 0.5
  -- 5 : 4 = -0.0277812
  -- 5 : 5 = 0.622938
  -- 5 : 6 = 0.0278585
  -- 5 : 7 = 0.38281
  -- 5 : 8 = 0.11858
  -- 5 : 9 = 0.447467
  -- 5 : 10 = 0.0849105
  -- 6 : 1 = -0.0844229
  -- 6 : 2 = 0.448531
  -- 6 : 3 = -1
  -- 6 : 4 = 0.513742
  -- 6 : 5 = 0.0479209
  -- 6 : 6 = 0.284907
  -- 6 : 7 = 0.00151267
  -- 6 : 8 = 0.396095
  -- 6 : 9 = -0.0205605
  -- 6 : 10 = 0.169303
  -- 7 : 1 = -0.036301
  -- 7 : 2 = 0.645294
  -- 7 : 3 = 0.921919
  -- 7 : 4 = 0.353582
  -- 7 : 5 = 0.00685173
  -- 7 : 6 = 0.0452619
  -- 7 : 7 = 0.196814
  -- 7 : 8 = 0.223911
  -- 7 : 9 = 0.118381
  -- 7 : 10 = 0.497604
  -- 8 : 1 = 0.279757
  -- 8 : 2 = 0.202852
  -- 8 : 3 = 0.175567
  -- 8 : 4 = 0.375195
  -- 8 : 5 = 0.179944
  -- 8 : 6 = 0.383833
  -- 8 : 7 = -0.212112
  -- 8 : 8 = 0.117244
  -- 8 : 9 = -0.0110572
  -- 8 : 10 = 0.697606
  -- 9 : 1 = 0.748398
  -- 9 : 2 = 0.4615
  -- 9 : 3 = 0.226343
  -- 9 : 4 = -0.0853545
  -- 9 : 5 = 0.333262
  -- 9 : 6 = 0.328476
  -- 9 : 7 = 0.0568296
  -- 9 : 8 = 0.148859
  -- 9 : 9 = 0.477024
  -- 9 : 10 = 0.187896
  -- 10 : 1 = 0.172715
  -- 10 : 2 = -0.216478
  -- 10 : 3 = -0.054744
  -- 10 : 4 = 0.0196536
  -- 10 : 5 = 0.397603
  -- 10 : 6 = -0.358006
  -- 10 : 7 = 0.267498
  -- 10 : 8 = 0.0960167
  -- 10 : 9 = 0.376771
  -- 10 : 10 = 0.204818
  Inner Net 2
  -- 1 : 1 = 0.929069
  -- 1 : 2 = -0.0793212
  -- 2 : 1 = -0.348345
  -- 2 : 2 = -0.0679903
  -- 3 : 1 = -0.190757
  -- 3 : 2 = 0.0151939
  -- 4 : 1 = -0.0462001
  -- 4 : 2 = -0.0732696
  -- 5 : 1 = 0.0481141
  -- 5 : 2 = -0.165237
  -- 6 : 1 = -0.00597783
  -- 6 : 2 = -0.0625644
  -- 7 : 1 = -0.0116409
  -- 7 : 2 = -0.00242919
  -- 8 : 1 = -0.173701
  -- 8 : 2 = 0.247847
  -- 9 : 1 = 0.458572
  -- 9 : 2 = 0.137019
  -- 10 : 1 = -0.165162
  -- 10 : 2 = 0.149147
Out\Act	False		True
False	0.415992	0.425988	0.84198
True	0.0475964	0.110424	0.15802
	0.463589	0.536411
	Accuracy [ (tp + tn) / testSize ]: 0.526416
	Precision [ tp / (tp + fp) ]:      0.205674
	Sensitivity [ tp / (tp + fn) ]:    0.696697
	Specificity [ tn / (tn + fp) ]:    0.493785
	F-Score [ 2tp / (2tp + fp + fn) ]: 0.317808
Particle (8):: Fit: 53.3585	PB: 53.3585	LB: 62.772	GB: 69.1266	Conf: 0.562393	Pts: 110368
Particle (13):: Fit: 54.2795	PB: 54.2795	LB: 62.772	GB: 69.1266	Conf: 0.50751	Pts: 55967
Particle (28):: Fit: 59.2767	PB: 59.2767	LB: 64.736	GB: 69.1266	Conf: 0.36033	Pts: 90168
Particle (35):: Fit: 54.1056	PB: 54.1056	LB: 69.1266	GB: 69.1266	Conf: 0.525682	Pts: 65867
Particle (40):: Fit: 59.5371	PB: 59.5371	LB: 69.1266	GB: 69.1266	Conf: 0.733384	Pts: 55568
Particle (34):: Fit: 66.8898	PB: 66.8898	LB: 69.1266	GB: 69.1266	Conf: 0.8176	Pts: 195657
Particle (48):: Fit: 55.3605	PB: 55.3605	LB: 66.5817	GB: 69.1266	Conf: 0.450307	Pts: 55754
Particle (6):: Fit: 58.0302	PB: 58.0302	LB: 61.3296	GB: 69.1266	Conf: 0.668943	Pts: 75563
Particle (10):: Fit: 59.4925	PB: 59.4925	LB: 62.772	GB: 69.1266	Conf: 0.760308	Pts: 60563
Particle (16):: Fit: 55.4735	PB: 55.4735	LB: 64.8604	GB: 69.1266	Conf: 0.69129	Pts: 56051
Particle (40):: Fit: 64.795	PB: 64.795	LB: 69.1266	GB: 69.1266	Conf: 0.383573	Pts: 55663
Particle (43):: Fit: 64.3511	PB: 64.3511	LB: 69.1266	GB: 69.1266	Conf: 0.742432	Pts: 160261
Particle (0):: Fit: 64.5578	PB: 64.5578	LB: 66.5817	GB: 69.1266	Conf: 0.194993	Pts: 220557
Particle (13):: Fit: 60.2409	PB: 60.2409	LB: 62.772	GB: 69.1266	Conf: 0.689402	Pts: 56056
Particle (42):: Fit: 55.8195	PB: 55.8195	LB: 69.1266	GB: 69.1266	Conf: 0.598522	Pts: 50358
Particle (45):: Fit: 55.8114	PB: 55.8114	LB: 66.5817	GB: 69.1266	Conf: 0.852709	Pts: 50756
Particle (23):: Fit: 59.6247	PB: 59.6247	LB: 67.5885	GB: 69.1266	Conf: 0.369096	Pts: 55544
Particle (44):: Fit: 57.3938	PB: 57.3938	LB: 66.5817	GB: 69.1266	Conf: 0.554448	Pts: 55552
Particle (24):: Fit: 61.4967	PB: 61.4967	LB: 67.5885	GB: 69.1266	Conf: 0.581269	Pts: 75748
Particle (8):: Fit: 55.3698	PB: 55.3698	LB: 62.772	GB: 69.1266	Conf: 0.767597	Pts: 110444
Particle (48):: Fit: 55.617	PB: 55.617	LB: 66.5817	GB: 69.1266	Conf: 0.564148	Pts: 55836
Particle (2):: Fit: 59.5787	PB: 59.5787	LB: 66.5817	GB: 69.1266	Conf: 0.447641	Pts: 110645
Particle (45):: Fit: 66.2502	PB: 66.2502	LB: 66.5817	GB: 69.1266	Conf: 0.77897	Pts: 50843
Particle (4):: Fit: 60.0285	PB: 60.0285	LB: 64.5578	GB: 69.1266	Conf: 0.87567	Pts: 60536
Particle (17):: Fit: 55.5072	PB: 55.5072	LB: 67.5885	GB: 69.1266	Conf: 0.800967	Pts: 55737
Particle (8):: Fit: 64.1192	PB: 64.1192	LB: 64.1192	GB: 69.1266	Conf: 0.635997	Pts: 150537
Particle (1):: Fit: 60.9609	PB: 60.9609	LB: 66.5817	GB: 69.1266	Conf: 0.907058	Pts: 60736
Particle (28):: Fit: 59.6474	PB: 59.6474	LB: 64.736	GB: 69.1266	Conf: 0.218532	Pts: 90233
Particle (10):: Fit: 60.6608	PB: 60.6608	LB: 64.1192	GB: 69.1266	Conf: 0.693483	Pts: 60625
Particle (32):: Fit: 59.5453	PB: 59.5453	LB: 66.8898	GB: 69.1266	Conf: 0.382087	Pts: 55621
Particle (17):: Fit: 64.0859	PB: 64.0859	LB: 67.5885	GB: 69.1266	Conf: 0.262832	Pts: 65819
Particle (27):: Fit: 66.6664	PB: 66.6664	LB: 66.6664	GB: 69.1266	Conf: 0.490125	Pts: 75619
Particle (29):: Fit: 66.9845	PB: 66.9845	LB: 66.9845	GB: 69.1266	Conf: 0.799387	Pts: 105497
Particle (3):: Fit: 60.4274	PB: 60.4274	LB: 66.5817	GB: 69.1266	Conf: 0.91055	Pts: 135418
Particle (47):: Fit: 54.3969	PB: 54.3969	LB: 66.5817	GB: 69.1266	Conf: 0.361798	Pts: 70203
Particle (8):: Fit: 65.4826	PB: 65.4826	LB: 65.4826	GB: 69.1266	Conf: 0.288743	Pts: 195613
Particle (23):: Fit: 61.1374	PB: 61.1374	LB: 67.5885	GB: 69.1266	Conf: 0.548209	Pts: 55604
Particle (15):: Fit: 62.607	PB: 62.607	LB: 64.8604	GB: 69.1266	Conf: 0.627523	Pts: 130109
Particle (18):: Fit: 66.0351	PB: 66.0351	LB: 67.5885	GB: 69.1266	Conf: 0.601475	Pts: 90312
Particle (30):: Fit: 55.3854	PB: 55.3854	LB: 66.9845	GB: 69.1266	Conf: 0.498734	Pts: 70607
Particle (42):: Fit: 65.7229	PB: 65.7229	LB: 69.1266	GB: 69.1266	Conf: 0.554317	Pts: 50409
Particle (30):: Fit: 55.3933	PB: 55.3933	LB: 66.9845	GB: 69.1266	Conf: 0.469502	Pts: 70705
Particle (37):: Fit: 59.1248	PB: 59.1248	LB: 69.1266	GB: 69.1266	Conf: 0.530623	Pts: 135206
Particle (17):: Fit: 66.3167	PB: 66.3167	LB: 67.5885	GB: 69.1266	Conf: 0.585977	Pts: 90899
Particle (16):: Fit: 64.4074	PB: 64.4074	LB: 66.3167	GB: 69.1266	Conf: 0.679587	Pts: 56089
Particle (13):: Fit: 60.2509	PB: 60.2509	LB: 66.3167	GB: 69.1266	Conf: 0.480324	Pts: 56096
Particle (28):: Fit: 60.9274	PB: 60.9274	LB: 66.9845	GB: 69.1266	Conf: 0.695027	Pts: 90295
Particle (4):: Fit: 61.5914	PB: 61.5914	LB: 65.4826	GB: 69.1266	Conf: 0.846909	Pts: 60585
Particle (9):: Fit: 65.0502	PB: 65.0502	LB: 65.4826	GB: 69.1266	Conf: 0.404385	Pts: 120792
Particle (46):: Fit: 63.8823	PB: 63.8823	LB: 66.5817	GB: 69.1266	Conf: 0.211588	Pts: 65491
Particle (24):: Fit: 66.8264	PB: 66.8264	LB: 67.5885	GB: 69.1266	Conf: 0.714334	Pts: 75776
Particle (31):: Fit: 64.958	PB: 64.958	LB: 66.9845	GB: 69.1266	Conf: 0.410916	Pts: 75378
Particle (30):: Fit: 58.3443	PB: 58.3443	LB: 66.9845	GB: 69.1266	Conf: 0.316865	Pts: 70776
Particle (16):: Fit: 66.2463	PB: 66.2463	LB: 66.3167	GB: 69.1266	Conf: 0.79799	Pts: 61163
Particle (30):: Fit: 60.809	PB: 60.809	LB: 66.9845	GB: 69.1266	Conf: 0.546145	Pts: 70870
Particle (2):: Fit: 60.5005	PB: 60.5005	LB: 66.5817	GB: 69.1266	Conf: 0.270962	Pts: 110670
Particle (44):: Fit: 65.6643	PB: 65.6643	LB: 66.5817	GB: 69.1266	Conf: 0.335259	Pts: 55569
Particle (32):: Fit: 60.2616	PB: 60.2616	LB: 66.9845	GB: 69.1266	Conf: 0.807495	Pts: 55664
Particle (11):: Fit: 59.4558	PB: 59.4558	LB: 66.2463	GB: 69.1266	Conf: 0.623543	Pts: 85362
Particle (47):: Fit: 58.9008	PB: 58.9008	LB: 66.5817	GB: 69.1266	Conf: 0.419322	Pts: 70249
Particle (46):: Fit: 65.4627	PB: 65.4627	LB: 66.5817	GB: 69.1266	Conf: 0.540128	Pts: 65557
Particle (13):: Fit: 60.7382	PB: 60.7382	LB: 66.3167	GB: 69.1266	Conf: 0.444816	Pts: 56155
Particle (48):: Fit: 60.1716	PB: 60.1716	LB: 66.5817	GB: 69.1266	Conf: 0.447263	Pts: 55848
Particle (13):: Fit: 65.9445	PB: 65.9445	LB: 66.3167	GB: 69.1266	Conf: 0.318966	Pts: 71249
Particle (36):: Fit: 56.2628	PB: 56.2628	LB: 69.1266	GB: 69.1266	Conf: 0.90196	Pts: 85149
Particle (11):: Fit: 59.4938	PB: 59.4938	LB: 66.2463	GB: 69.1266	Conf: 0.594181	Pts: 85444
Particle (29):: Fit: 67.0706	PB: 67.0706	LB: 67.0706	GB: 69.1266	Conf: 0.801286	Pts: 140527
Particle (28):: Fit: 67.0182	PB: 67.0182	LB: 67.0706	GB: 69.1266	Conf: 0.647664	Pts: 90342
Particle (5):: Fit: 60.627	PB: 60.627	LB: 65.4826	GB: 69.1266	Conf: 0.477773	Pts: 55332
Particle (38):: Fit: 59.5825	PB: 59.5825	LB: 69.1266	GB: 69.1266	Conf: 0.607123	Pts: 55336
Particle (17):: Fit: 67.1755	PB: 67.1755	LB: 67.5885	GB: 69.1266	Conf: 0.943411	Pts: 115922
Particle (32):: Fit: 60.4076	PB: 60.4076	LB: 67.0706	GB: 69.1266	Conf: 0.699358	Pts: 55724
Particle (40):: Fit: 65.8027	PB: 65.8027	LB: 69.1266	GB: 69.1266	Conf: 0.608679	Pts: 55620
Particle (48):: Fit: 65.9433	PB: 65.9433	LB: 66.5817	GB: 69.1266	Conf: 0.563773	Pts: 55909
Particle (18):: Fit: 66.0614	PB: 66.0614	LB: 67.5885	GB: 69.1266	Conf: 0.610205	Pts: 90317
Particle (37):: Fit: 60.1841	PB: 60.1841	LB: 69.1266	GB: 69.1266	Conf: 0.392115	Pts: 135213
Particle (11):: Fit: 60.3764	PB: 60.3764	LB: 66.2463	GB: 69.1266	Conf: 0.656957	Pts: 85501
Particle (0):: Fit: 65.8169	PB: 65.8169	LB: 66.5817	GB: 69.1266	Conf: 0.450101	Pts: 225503
Particle (3):: Fit: 65.579	PB: 65.579	LB: 66.5817	GB: 69.1266	Conf: 0.509269	Pts: 150403
Particle (38):: Fit: 65.8616	PB: 65.8616	LB: 69.1266	GB: 69.1266	Conf: 0.537556	Pts: 55404
Particle (25):: Fit: 64.0199	PB: 64.0199	LB: 67.5885	GB: 69.1266	Conf: 1.06607	Pts: 100099
Particle (44):: Fit: 68.6378	PB: 68.6378	LB: 68.6378	GB: 69.1266	Conf: 0.326573	Pts: 80601
Particle (5):: Fit: 65.9542	PB: 65.9542	LB: 65.9542	GB: 69.1266	Conf: 0.681603	Pts: 85392
Particle (36):: Fit: 60.3888	PB: 60.3888	LB: 69.1266	GB: 69.1266	Conf: 0.238574	Pts: 85191
Particle (35):: Fit: 59.3834	PB: 59.3834	LB: 69.1266	GB: 69.1266	Conf: 0.687909	Pts: 65785
Particle (35):: Fit: 63.3535	PB: 63.3535	LB: 69.1266	GB: 69.1266	Conf: 0.26444	Pts: 65879
Particle (32):: Fit: 61.114	PB: 61.114	LB: 67.0706	GB: 69.1266	Conf: 0.588524	Pts: 55776
Particle (10):: Fit: 65.0875	PB: 65.0875	LB: 65.9445	GB: 69.1266	Conf: 0.648868	Pts: 60579
Particle (30):: Fit: 62.9623	PB: 62.9623	LB: 67.0706	GB: 69.1266	Conf: 0.684249	Pts: 70876
Particle (11):: Fit: 60.4518	PB: 60.4518	LB: 66.2463	GB: 69.1266	Conf: 0.434564	Pts: 85560
Particle (13):: Fit: 66.0638	PB: 66.0638	LB: 67.1755	GB: 69.1266	Conf: 0.495793	Pts: 86262
Particle (12):: Fit: 64.6654	PB: 64.6654	LB: 67.1755	GB: 69.1266	Conf: 0.435161	Pts: 110260
Particle (8):: Fit: 65.7861	PB: 65.7861	LB: 66.0638	GB: 69.1266	Conf: 0.582141	Pts: 195556
Particle (6):: Fit: 59.4763	PB: 59.4763	LB: 65.9542	GB: 69.1266	Conf: 0.561747	Pts: 75447
Particle (25):: Fit: 66.107	PB: 66.107	LB: 67.5885	GB: 69.1266	Conf: 0.539475	Pts: 100147
Particle (11):: Fit: 61.3362	PB: 61.3362	LB: 66.2463	GB: 69.1266	Conf: 0.518339	Pts: 85639
Particle (14):: Fit: 61.5542	PB: 61.5542	LB: 67.1755	GB: 69.1266	Conf: 0.409625	Pts: 70437
Particle (11):: Fit: 67.8483	PB: 67.8483	LB: 67.8483	GB: 69.1266	Conf: 0.431752	Pts: 135736
Particle (10):: Fit: 67.6467	PB: 67.6467	LB: 67.8483	GB: 69.1266	Conf: 0.469543	Pts: 65636
Particle (6):: Fit: 59.6128	PB: 59.6128	LB: 67.8483	GB: 69.1266	Conf: 0.683817	Pts: 75521
Particle (30):: Fit: 65.8128	PB: 65.8128	LB: 67.0706	GB: 69.1266	Conf: 0.307407	Pts: 70912
Particle (43):: Fit: 66.9572	PB: 66.9572	LB: 69.1266	GB: 69.1266	Conf: 0.78198	Pts: 160096
Particle (37):: Fit: 60.7113	PB: 60.7113	LB: 69.1266	GB: 69.1266	Conf: 0.531085	Pts: 135197
Particle (31):: Fit: 66.7559	PB: 66.7559	LB: 67.0706	GB: 69.1266	Conf: 0.768351	Pts: 75281
Particle (47):: Fit: 59.0553	PB: 59.0553	LB: 68.6378	GB: 69.1266	Conf: 0.286146	Pts: 70166
Particle (47):: Fit: 59.9502	PB: 59.9502	LB: 68.6378	GB: 69.1266	Conf: 0.303757	Pts: 70254
Particle (19):: Fit: 65.1772	PB: 65.1772	LB: 67.5885	GB: 69.1266	Conf: 0.73401	Pts: 85215
Particle (45):: Fit: 67.2675	PB: 67.2675	LB: 68.6378	GB: 69.1266	Conf: 0.836189	Pts: 55605
Particle (37):: Fit: 62.5126	PB: 62.5126	LB: 69.1266	GB: 69.1266	Conf: 0.44142	Pts: 135189
Particle (15):: Fit: 65.6648	PB: 65.6648	LB: 67.8483	GB: 69.1266	Conf: 0.56566	Pts: 129874
Particle (6):: Fit: 60.5353	PB: 60.5353	LB: 67.8483	GB: 69.1266	Conf: 0.759622	Pts: 75459
Particle (12):: Fit: 65.9745	PB: 65.9745	LB: 67.8483	GB: 69.1266	Conf: 0.303483	Pts: 110156
Particle (15):: Fit: 66.713	PB: 66.713	LB: 67.8483	GB: 69.1266	Conf: 0.59214	Pts: 129957
Particle (29):: Fit: 67.5659	PB: 67.5659	LB: 67.5659	GB: 69.1266	Conf: 0.572597	Pts: 175329
Particle (47):: Fit: 60.0199	PB: 60.0199	LB: 68.6378	GB: 69.1266	Conf: 0.322269	Pts: 70227
Particle (47):: Fit: 63.775	PB: 63.775	LB: 68.6378	GB: 69.1266	Conf: 0.345356	Pts: 70310
Particle (32):: Fit: 66.891	PB: 66.891	LB: 67.5659	GB: 69.1266	Conf: 0.243385	Pts: 55620
Particle (33):: Fit: 64.4443	PB: 64.4443	LB: 67.5659	GB: 69.1266	Conf: 0.271693	Pts: 114819
Particle (17):: Fit: 68.8335	PB: 68.8335	LB: 68.8335	GB: 69.1266	Conf: 0.319095	Pts: 165708
Particle (15):: Fit: 67.7315	PB: 67.7315	LB: 68.8335	GB: 69.1266	Conf: 0.567588	Pts: 130006
Particle (26):: Fit: 65.0093	PB: 65.0093	LB: 67.5885	GB: 69.1266	Conf: 0.788272	Pts: 185095
Particle (21):: Fit: 66.5347	PB: 66.5347	LB: 68.8335	GB: 69.1266	Conf: 0.631872	Pts: 65494
Particle (23):: Fit: 61.4459	PB: 61.4459	LB: 67.5885	GB: 69.1266	Conf: 0.616957	Pts: 55262
Particle (10):: Fit: 68.6129	PB: 68.6129	LB: 68.6129	GB: 69.1266	Conf: 0.297626	Pts: 100457
Particle (5):: Fit: 66.3744	PB: 66.3744	LB: 68.6129	GB: 69.1266	Conf: 0.440272	Pts: 90137
Particle (8):: Fit: 65.8555	PB: 65.8555	LB: 68.6129	GB: 69.1266	Conf: 0.697464	Pts: 195322
Particle (41):: Fit: 67.2231	PB: 67.2231	LB: 69.1266	GB: 69.1266	Conf: 0.388125	Pts: 150072
Particle (47):: Fit: 65.3366	PB: 65.3366	LB: 68.6378	GB: 69.1266	Conf: 0.420095	Pts: 70233
Particle (13):: Fit: 67.7082	PB: 67.7082	LB: 68.8335	GB: 69.1266	Conf: 0.94092	Pts: 85931
Particle (6):: Fit: 60.8376	PB: 60.8376	LB: 68.6129	GB: 69.1266	Conf: 0.689815	Pts: 75314
Particle (1):: Fit: 61.0972	PB: 61.0972	LB: 66.5817	GB: 69.1266	Conf: 0.458252	Pts: 60215
Particle (48):: Fit: 66.1403	PB: 66.1403	LB: 68.6378	GB: 69.1266	Conf: 0.421891	Pts: 55478
Particle (36):: Fit: 60.4771	PB: 60.4771	LB: 69.1266	GB: 69.1266	Conf: 0.484605	Pts: 84780
Particle (34):: Fit: 66.8983	PB: 66.8983	LB: 69.1266	GB: 69.1266	Conf: 0.843022	Pts: 195065
Particle (16):: Fit: 67.8808	PB: 67.8808	LB: 68.8335	GB: 69.1266	Conf: 0.515463	Pts: 60639
Particle (40):: Fit: 66.7444	PB: 66.7444	LB: 69.1266	GB: 69.1266	Conf: 0.840977	Pts: 55147
Particle (32):: Fit: 67.9776	PB: 67.9776	LB: 67.9776	GB: 69.1266	Conf: 0.430731	Pts: 90424
Particle (6):: Fit: 61.0924	PB: 61.0924	LB: 68.6129	GB: 69.1266	Conf: 0.569673	Pts: 75312
Particle (35):: Fit: 66.5549	PB: 66.5549	LB: 69.1266	GB: 69.1266	Conf: 0.590021	Pts: 65400
Particle (23):: Fit: 66.5422	PB: 66.5422	LB: 67.5885	GB: 69.1266	Conf: 0.67285	Pts: 55087
Particle (1):: Fit: 65.4459	PB: 65.4459	LB: 66.5817	GB: 69.1266	Conf: 0.522006	Pts: 60186
Particle (37):: Fit: 65.8378	PB: 65.8378	LB: 69.1266	GB: 69.1266	Conf: 0.51843	Pts: 134883
Particle (18):: Fit: 66.1027	PB: 66.1027	LB: 68.8335	GB: 69.1266	Conf: 0.54344	Pts: 89778
Particle (36):: Fit: 65.5214	PB: 65.5214	LB: 69.1266	GB: 69.1266	Conf: 0.376421	Pts: 84762
Particle (6):: Fit: 66.2341	PB: 66.2341	LB: 68.6129	GB: 69.1266	Conf: 0.881175	Pts: 75346
Particle (22):: Fit: 67.646	PB: 67.646	LB: 67.646	GB: 69.1266	Conf: 0.495581	Pts: 259530
Particle (27):: Fit: 67.4358	PB: 67.4358	LB: 67.9776	GB: 69.1266	Conf: 0.53146	Pts: 74893
Particle (14):: Fit: 64.1273	PB: 64.1273	LB: 68.8335	GB: 69.1266	Conf: 0.227064	Pts: 69874
Particle (21):: Fit: 67.1113	PB: 67.1113	LB: 68.8335	GB: 69.1266	Conf: 0.747199	Pts: 65179
Particle (12):: Fit: 66.2921	PB: 66.2921	LB: 68.8335	GB: 69.1266	Conf: 0.370698	Pts: 109774
Particle (3):: Fit: 68.9282	PB: 68.9282	LB: 68.9282	GB: 69.1266	Conf: 0.892922	Pts: 199765
Particle (13):: Fit: 68.5191	PB: 68.5191	LB: 68.8335	GB: 69.1266	Conf: 0.550705	Pts: 85774
Particle (31):: Fit: 67.0687	PB: 67.0687	LB: 67.9776	GB: 69.1266	Conf: 0.814874	Pts: 74765
Particle (24):: Fit: 72.2709	PB: 72.2709	LB: 72.2709	GB: 72.2709	Conf: 0.706653	Pts: 135056
Global: 72.2709 - Correct: 94.7368% of 19 tests
Global Best: 
  Inner Net 1
  -- 1 : 1 = 0.603017
  -- 1 : 2 = 0.259514
  -- 1 : 3 = -0.454055
  -- 1 : 4 = 0.119821
  -- 1 : 5 = -0.216421
  -- 1 : 6 = 0.141168
  -- 1 : 7 = -0.20758
  -- 1 : 8 = -0.287856
  -- 1 : 9 = -0.0850492
  -- 1 : 10 = 0.67533
  -- 2 : 1 = 0.55499
  -- 2 : 2 = -0.117344
  -- 2 : 3 = 0.496162
  -- 2 : 4 = -0.0107164
  -- 2 : 5 = -0.0380393
  -- 2 : 6 = 0.442259
  -- 2 : 7 = -0.283948
  -- 2 : 8 = -0.358753
  -- 2 : 9 = 0.00869045
  -- 2 : 10 = 0.109742
  -- 3 : 1 = 0.614316
  -- 3 : 2 = -0.369704
  -- 3 : 3 = 0.452625
  -- 3 : 4 = 0.190444
  -- 3 : 5 = -0.224822
  -- 3 : 6 = 0.0938506
  -- 3 : 7 = 0.121127
  -- 3 : 8 = 0.10606
  -- 3 : 9 = -0.3158
  -- 3 : 10 = -0.119703
  -- 4 : 1 = -0.360953
  -- 4 : 2 = 0.299058
  -- 4 : 3 = 0.173931
  -- 4 : 4 = -0.145628
  -- 4 : 5 = -0.204881
  -- 4 : 6 = 0.219533
  -- 4 : 7 = -0.298023
  -- 4 : 8 = 0.107841
  -- 4 : 9 = 0.16555
  -- 4 : 10 = -0.084202
  -- 5 : 1 = -0.834038
  -- 5 : 2 = -0.305871
  -- 5 : 3 = 0.345776
  -- 5 : 4 = -0.0122085
  -- 5 : 5 = -0.0447152
  -- 5 : 6 = -0.156838
  -- 5 : 7 = -0.132457
  -- 5 : 8 = -0.374775
  -- 5 : 9 = 0.357443
  -- 5 : 10 = 0.434209
  -- 6 : 1 = -0.0485036
  -- 6 : 2 = -0.138016
  -- 6 : 3 = -0.361183
  -- 6 : 4 = -0.0994805
  -- 6 : 5 = -0.0971187
  -- 6 : 6 = -0.202143
  -- 6 : 7 = 0.451242
  -- 6 : 8 = -0.212646
  -- 6 : 9 = -0.00363309
  -- 6 : 10 = -0.301909
  -- 7 : 1 = -0.261137
  -- 7 : 2 = 0.388779
  -- 7 : 3 = -0.0817332
  -- 7 : 4 = 0.272856
  -- 7 : 5 = -0.0920219
  -- 7 : 6 = -0.251313
  -- 7 : 7 = 0.0665575
  -- 7 : 8 = -0.0223844
  -- 7 : 9 = 0.220417
  -- 7 : 10 = 0.0374089
  -- 8 : 1 = 0.892107
  -- 8 : 2 = -0.209674
  -- 8 : 3 = -0.124313
  -- 8 : 4 = -0.156774
  -- 8 : 5 = 0.280865
  -- 8 : 6 = 0.294202
  -- 8 : 7 = 0.455697
  -- 8 : 8 = -0.0921022
  -- 8 : 9 = -0.116923
  -- 8 : 10 = 0.309957
  -- 9 : 1 = 0.628748
  -- 9 : 2 = -0.206347
  -- 9 : 3 = 0.0612146
  -- 9 : 4 = -0.581692
  -- 9 : 5 = -0.0225533
  -- 9 : 6 = 0.137323
  -- 9 : 7 = 0.111434
  -- 9 : 8 = 0.0617845
  -- 9 : 9 = 0.495956
  -- 9 : 10 = 0.1206
  -- 10 : 1 = 0.500174
  -- 10 : 2 = 0.0176602
  -- 10 : 3 = 0.0756343
  -- 10 : 4 = 0.00166495
  -- 10 : 5 = -0.149477
  -- 10 : 6 = 0.457759
  -- 10 : 7 = 0.142411
  -- 10 : 8 = -0.0144135
  -- 10 : 9 = 0.338407
  -- 10 : 10 = 0.0653117
  Inner Net 2
  -- 1 : 1 = 0.614612
  -- 1 : 2 = 0.0305464
  -- 2 : 1 = 0.10095
  -- 2 : 2 = 0.271128
  -- 3 : 1 = 0.299935
  -- 3 : 2 = 0.210116
  -- 4 : 1 = -0.514762
  -- 4 : 2 = 0.398146
  -- 5 : 1 = -0.522408
  -- 5 : 2 = 0.0625288
  -- 6 : 1 = 0.34239
  -- 6 : 2 = -0.0597964
  -- 7 : 1 = -0.351568
  -- 7 : 2 = -0.0183468
  -- 8 : 1 = -0.526036
  -- 8 : 2 = 0.0517417
  -- 9 : 1 = 0.176738
  -- 9 : 2 = 0.233053
  -- 10 : 1 = -0.047718
  -- 10 : 2 = 0.301646
Out\Act	False		True
False	0.436459	0.405521	0.84198
True	0.065207	0.0928129	0.15802
	0.501666	0.498334
	Accuracy [ (tp + tn) / testSize ]: 0.529272
	Precision [ tp / (tp + fp) ]:      0.186069
	Sensitivity [ tp / (tp + fn) ]:    0.585586
	Specificity [ tn / (tn + fp) ]:    0.518079
	F-Score [ 2tp / (2tp + fp + fn) ]: 0.282609
Particle (40):: Fit: 66.9229	PB: 66.9229	LB: 69.1266	GB: 72.2709	Conf: 0.66199	Pts: 55048
Particle (30):: Fit: 66.0361	PB: 66.0361	LB: 67.9776	GB: 72.2709	Conf: 0.594173	Pts: 70319
Particle (20):: Fit: 67.9998	PB: 67.9998	LB: 72.2709	GB: 72.2709	Conf: 0.565054	Pts: 69714
Particle (4):: Fit: 65.5299	PB: 65.5299	LB: 68.9282	GB: 72.2709	Conf: 0.493517	Pts: 59791
Particle (33):: Fit: 64.5219	PB: 64.5219	LB: 67.9776	GB: 72.2709	Conf: 0.082635	Pts: 114409
Particle (2):: Fit: 65.2672	PB: 65.2672	LB: 68.9282	GB: 72.2709	Conf: 0.41841	Pts: 109876
Particle (38):: Fit: 67.0873	PB: 67.0873	LB: 69.1266	GB: 72.2709	Conf: 0.812495	Pts: 54667
Particle (5):: Fit: 66.4539	PB: 66.4539	LB: 68.9282	GB: 72.2709	Conf: 0.5645	Pts: 89739
Particle (20):: Fit: 70.5921	PB: 70.5921	LB: 72.2709	GB: 72.2709	Conf: 0.579047	Pts: 89751
Particle (38):: Fit: 67.7448	PB: 67.7448	LB: 69.1266	GB: 72.2709	Conf: 0.61815	Pts: 54716
Particle (1):: Fit: 65.7354	PB: 65.7354	LB: 68.9282	GB: 72.2709	Conf: 0.59137	Pts: 59977
Particle (18):: Fit: 67.9566	PB: 67.9566	LB: 70.5921	GB: 72.2709	Conf: 0.656845	Pts: 89584
Particle (8):: Fit: 66.5887	PB: 66.5887	LB: 68.6129	GB: 72.2709	Conf: 0.679544	Pts: 194873
Particle (42):: Fit: 70.3304	PB: 70.3304	LB: 70.3304	GB: 72.2709	Conf: 0.575435	Pts: 99468
Particle (1):: Fit: 66.3748	PB: 66.3748	LB: 68.9282	GB: 72.2709	Conf: 0.528927	Pts: 60041
Particle (23):: Fit: 67.0805	PB: 67.0805	LB: 72.2709	GB: 72.2709	Conf: 0.837396	Pts: 54812
Particle (4):: Fit: 66.6329	PB: 66.6329	LB: 68.9282	GB: 72.2709	Conf: 0.832823	Pts: 59639
Particle (48):: Fit: 68.4903	PB: 68.4903	LB: 68.9282	GB: 72.2709	Conf: 0.565259	Pts: 55021
Particle (29):: Fit: 69.0601	PB: 69.0601	LB: 69.0601	GB: 72.2709	Conf: 0.729093	Pts: 199603
Particle (19):: Fit: 65.9034	PB: 65.9034	LB: 72.2709	GB: 72.2709	Conf: 0.638105	Pts: 84393
Particle (8):: Fit: 67.0127	PB: 67.0127	LB: 68.6129	GB: 72.2709	Conf: 0.729795	Pts: 194786
Particle (6):: Fit: 66.6453	PB: 66.6453	LB: 68.9282	GB: 72.2709	Conf: 0.752749	Pts: 74907
Particle (40):: Fit: 68.3387	PB: 68.3387	LB: 70.3304	GB: 72.2709	Conf: 0.876695	Pts: 54719
Particle (34):: Fit: 68.2982	PB: 68.2982	LB: 69.1266	GB: 72.2709	Conf: 0.83473	Pts: 194462
Particle (37):: Fit: 66.5372	PB: 66.5372	LB: 70.3304	GB: 72.2709	Conf: 0.487966	Pts: 134338
Particle (46):: Fit: 65.9639	PB: 65.9639	LB: 70.3304	GB: 72.2709	Conf: 0.628397	Pts: 64273
Particle (21):: Fit: 67.1531	PB: 67.1531	LB: 72.2709	GB: 72.2709	Conf: 0.636524	Pts: 64653
Particle (37):: Fit: 68.4872	PB: 68.4872	LB: 70.3304	GB: 72.2709	Conf: 0.475004	Pts: 134321
Particle (47):: Fit: 66.0188	PB: 66.0188	LB: 68.6378	GB: 72.2709	Conf: 0.368506	Pts: 69343
Particle (19):: Fit: 67.0536	PB: 67.0536	LB: 72.2709	GB: 72.2709	Conf: 0.721526	Pts: 84097
Particle (9):: Fit: 65.7817	PB: 65.7817	LB: 68.6129	GB: 72.2709	Conf: 0.3766	Pts: 119280
Particle (33):: Fit: 64.7916	PB: 64.7916	LB: 69.0601	GB: 72.2709	Conf: 0.415917	Pts: 113770
Particle (33):: Fit: 66.4994	PB: 66.4994	LB: 69.0601	GB: 72.2709	Conf: 0.457606	Pts: 113846
Particle (12):: Fit: 67.0014	PB: 67.0014	LB: 68.8335	GB: 72.2709	Conf: 0.841329	Pts: 108896
Particle (46):: Fit: 68.9494	PB: 68.9494	LB: 70.3304	GB: 72.2709	Conf: 0.469322	Pts: 83996
Particle (8):: Fit: 67.068	PB: 67.068	LB: 68.6129	GB: 72.2709	Conf: 0.684719	Pts: 194229
Particle (28):: Fit: 72.0218	PB: 72.0218	LB: 72.2709	GB: 72.2709	Conf: 0.516619	Pts: 108410
Particle (18):: Fit: 70.4089	PB: 70.4089	LB: 70.5921	GB: 72.2709	Conf: 0.713843	Pts: 98565
Particle (23):: Fit: 67.1113	PB: 67.1113	LB: 72.2709	GB: 72.2709	Conf: 0.670417	Pts: 53772
Particle (23):: Fit: 67.5632	PB: 67.5632	LB: 72.2709	GB: 72.2709	Conf: 0.613829	Pts: 53834
Particle (22):: Fit: 69.2749	PB: 69.2749	LB: 72.2709	GB: 72.2709	Conf: 0.707156	Pts: 258133
Particle (47):: Fit: 66.0599	PB: 66.0599	LB: 68.9494	GB: 72.2709	Conf: 0.332743	Pts: 68692
Particle (35):: Fit: 68.6556	PB: 68.6556	LB: 69.1266	GB: 72.2709	Conf: 0.40256	Pts: 63880
Particle (1):: Fit: 66.5066	PB: 66.5066	LB: 68.9282	GB: 72.2709	Conf: 0.756012	Pts: 58842
Particle (21):: Fit: 70.2646	PB: 70.2646	LB: 72.2709	GB: 72.2709	Conf: 0.644723	Pts: 63847
Particle (3):: Fit: 69.4567	PB: 69.4567	LB: 69.4567	GB: 72.2709	Conf: 0.839121	Pts: 248221
Particle (9):: Fit: 66.61	PB: 66.61	LB: 68.6129	GB: 72.2709	Conf: 0.231054	Pts: 118487
Particle (6):: Fit: 67.006	PB: 67.006	LB: 69.4567	GB: 72.2709	Conf: 0.843889	Pts: 73678
Particle (5):: Fit: 66.6959	PB: 66.6959	LB: 69.4567	GB: 72.2709	Conf: 0.745888	Pts: 87975
Particle (31):: Fit: 67.2306	PB: 67.2306	LB: 72.0218	GB: 72.2709	Conf: 0.880359	Pts: 72864
Particle (6):: Fit: 67.2757	PB: 67.2757	LB: 69.4567	GB: 72.2709	Conf: 0.898612	Pts: 73440
Particle (20):: Fit: 72.1886	PB: 72.1886	LB: 72.2709	GB: 72.2709	Conf: 0.896777	Pts: 107851
Particle (0):: Fit: 66.8241	PB: 66.8241	LB: 69.4567	GB: 72.2709	Conf: 0.404933	Pts: 222662
Particle (4):: Fit: 68.8543	PB: 68.8543	LB: 69.4567	GB: 72.2709	Conf: 0.831624	Pts: 62723
Particle (42):: Fit: 70.8022	PB: 70.8022	LB: 70.8022	GB: 72.2709	Conf: 0.642133	Pts: 147439
Particle (3):: Fit: 69.5426	PB: 69.5426	LB: 69.5426	GB: 72.2709	Conf: 0.815031	Pts: 297553
Particle (36):: Fit: 66.1528	PB: 66.1528	LB: 69.1266	GB: 72.2709	Conf: 0.86531	Pts: 82371
Particle (9):: Fit: 67.3083	PB: 67.3083	LB: 68.6129	GB: 72.2709	Conf: 0.498391	Pts: 117526
Particle (26):: Fit: 66.0681	PB: 66.0681	LB: 72.2709	GB: 72.2709	Conf: 0.841233	Pts: 181825
Particle (8):: Fit: 67.9784	PB: 67.9784	LB: 68.8543	GB: 72.2709	Conf: 0.611482	Pts: 192431
Particle (27):: Fit: 67.5224	PB: 67.5224	LB: 72.2709	GB: 72.2709	Conf: 0.506692	Pts: 71895
Particle (36):: Fit: 66.7767	PB: 66.7767	LB: 69.1266	GB: 72.2709	Conf: 0.709235	Pts: 81760
Particle (26):: Fit: 66.2577	PB: 66.2577	LB: 72.2709	GB: 72.2709	Conf: 0.670285	Pts: 181686
Particle (43):: Fit: 67.0907	PB: 67.0907	LB: 70.8022	GB: 72.2709	Conf: 0.84713	Pts: 156389
Particle (30):: Fit: 66.3383	PB: 66.3383	LB: 72.0218	GB: 72.2709	Conf: 0.400534	Pts: 67239
Particle (25):: Fit: 67.0337	PB: 67.0337	LB: 72.2709	GB: 72.2709	Conf: 0.56168	Pts: 96250
Particle (30):: Fit: 68.7005	PB: 68.7005	LB: 72.0218	GB: 72.2709	Conf: 0.49003	Pts: 67256
Particle (14):: Fit: 64.7727	PB: 64.7727	LB: 70.4089	GB: 72.2709	Conf: 0.207448	Pts: 66533
Particle (31):: Fit: 67.5658	PB: 67.5658	LB: 72.0218	GB: 72.2709	Conf: 0.718335	Pts: 71452
Particle (47):: Fit: 66.5732	PB: 66.5732	LB: 68.9494	GB: 72.2709	Conf: 0.413113	Pts: 66666
Particle (25):: Fit: 67.2863	PB: 67.2863	LB: 72.2709	GB: 72.2709	Conf: 0.58274	Pts: 95959
Particle (41):: Fit: 68.7809	PB: 68.7809	LB: 70.8022	GB: 72.2709	Conf: 0.37424	Pts: 145950
Particle (0):: Fit: 67.3106	PB: 67.3106	LB: 69.5426	GB: 72.2709	Conf: 0.748692	Pts: 220970
Particle (12):: Fit: 67.0737	PB: 67.0737	LB: 68.8335	GB: 72.2709	Conf: 0.393417	Pts: 105622
Particle (40):: Fit: 69.6437	PB: 69.6437	LB: 70.8022	GB: 72.2709	Conf: 0.519954	Pts: 60942
Particle (6):: Fit: 69.3267	PB: 69.3267	LB: 69.5426	GB: 72.2709	Conf: 0.819336	Pts: 86233
Particle (49):: Fit: 71.6795	PB: 71.6795	LB: 71.6795	GB: 72.2709	Conf: 0.466063	Pts: 145031
Particle (46):: Fit: 72.3444	PB: 72.3444	LB: 72.3444	GB: 72.3444	Conf: 0.573544	Pts: 140587
Global: 72.3444 - Correct: 94.4444% of 18 tests
Global Best: 
  Inner Net 1
  -- 1 : 1 = 0.5
  -- 1 : 2 = 0.232648
  -- 1 : 3 = -0.25471
  -- 1 : 4 = 0.0324061
  -- 1 : 5 = 0.0741773
  -- 1 : 6 = 0.0507057
  -- 1 : 7 = -0.197461
  -- 1 : 8 = -0.157955
  -- 1 : 9 = -0.108114
  -- 1 : 10 = -0.0829735
  -- 2 : 1 = 0.0555103
  -- 2 : 2 = -0.0647731
  -- 2 : 3 = 0.258677
  -- 2 : 4 = 0.0490166
  -- 2 : 5 = -0.602383
  -- 2 : 6 = -0.200064
  -- 2 : 7 = 0.0346712
  -- 2 : 8 = 0.173061
  -- 2 : 9 = 0.0570158
  -- 2 : 10 = -0.308003
  -- 3 : 1 = 0.225133
  -- 3 : 2 = 0.422134
  -- 3 : 3 = -0.217147
  -- 3 : 4 = 0.0312269
  -- 3 : 5 = -0.25933
  -- 3 : 6 = 0.238687
  -- 3 : 7 = 0.00473378
  -- 3 : 8 = -0.219991
  -- 3 : 9 = -0.164258
  -- 3 : 10 = 0.291258
  -- 4 : 1 = 0.305957
  -- 4 : 2 = -0.10864
  -- 4 : 3 = -0.0981203
  -- 4 : 4 = 0.198776
  -- 4 : 5 = 0.254088
  -- 4 : 6 = -0.220992
  -- 4 : 7 = 0.0233144
  -- 4 : 8 = -0.246476
  -- 4 : 9 = 0.340903
  -- 4 : 10 = 0.0651882
  -- 5 : 1 = 0.134516
  -- 5 : 2 = -0.18654
  -- 5 : 3 = -0.15908
  -- 5 : 4 = 0.416288
  -- 5 : 5 = -0.362085
  -- 5 : 6 = 0.0878543
  -- 5 : 7 = 0.0595514
  -- 5 : 8 = 0.0128411
  -- 5 : 9 = 0.0477798
  -- 5 : 10 = -0.153784
  -- 6 : 1 = 0.469945
  -- 6 : 2 = -0.0778904
  -- 6 : 3 = -0.31565
  -- 6 : 4 = 0.22259
  -- 6 : 5 = -0.138171
  -- 6 : 6 = -0.223812
  -- 6 : 7 = -0.0146779
  -- 6 : 8 = -0.0396135
  -- 6 : 9 = -0.315705
  -- 6 : 10 = 0.134546
  -- 7 : 1 = -0.493722
  -- 7 : 2 = -0.196172
  -- 7 : 3 = -0.131932
  -- 7 : 4 = 0.208537
  -- 7 : 5 = -0.152532
  -- 7 : 6 = -0.144534
  -- 7 : 7 = 0.0511488
  -- 7 : 8 = 0.0960922
  -- 7 : 9 = -0.0332702
  -- 7 : 10 = 0.117283
  -- 8 : 1 = 0.0186257
  -- 8 : 2 = -0.0629356
  -- 8 : 3 = 0.219207
  -- 8 : 4 = 0.0712143
  -- 8 : 5 = -0.139375
  -- 8 : 6 = -0.0809044
  -- 8 : 7 = 0.183692
  -- 8 : 8 = 0.144649
  -- 8 : 9 = -0.234356
  -- 8 : 10 = 0.13179
  -- 9 : 1 = 0.129654
  -- 9 : 2 = -0.109576
  -- 9 : 3 = 0.0948294
  -- 9 : 4 = -0.504456
  -- 9 : 5 = 0.0645504
  -- 9 : 6 = 0.0128064
  -- 9 : 7 = -0.0872207
  -- 9 : 8 = 0.00401432
  -- 9 : 9 = -0.242299
  -- 9 : 10 = 0.0956338
  -- 10 : 1 = 0.583668
  -- 10 : 2 = -0.527855
  -- 10 : 3 = 0.0671929
  -- 10 : 4 = -0.0144899
  -- 10 : 5 = 0.106424
  -- 10 : 6 = 0.0613228
  -- 10 : 7 = 0.100071
  -- 10 : 8 = 0.13889
  -- 10 : 9 = 0.283469
  -- 10 : 10 = -0.39459
  Inner Net 2
  -- 1 : 1 = -1
  -- 1 : 2 = 0.0653013
  -- 2 : 1 = -0.0825699
  -- 2 : 2 = -0.0947933
  -- 3 : 1 = 0.0814044
  -- 3 : 2 = 0.00547582
  -- 4 : 1 = -0.114969
  -- 4 : 2 = 0.199868
  -- 5 : 1 = 0.112363
  -- 5 : 2 = 0.127025
  -- 6 : 1 = -0.1917
  -- 6 : 2 = 0.0741111
  -- 7 : 1 = 0.327587
  -- 7 : 2 = -0.594309
  -- 8 : 1 = -0.259699
  -- 8 : 2 = 0.245935
  -- 9 : 1 = -0.264612
  -- 9 : 2 = -0.0894824
  -- 10 : 1 = -0.438499
  -- 10 : 2 = 0.296558
Out\Act	False		True
False	0.178486	0.663494	0.84198
True	0.0166587	0.141361	0.15802
	0.195145	0.804855
	Accuracy [ (tp + tn) / testSize ]: 0.319848
	Precision [ tp / (tp + fp) ]:      0.175532
	Sensitivity [ tp / (tp + fn) ]:    0.891892
	Specificity [ tn / (tn + fp) ]:    0.211864
	F-Score [ 2tp / (2tp + fp + fn) ]: 0.293478
Particle (19):: Fit: 67.2166	PB: 67.2166	LB: 72.2709	GB: 72.3444	Conf: 0.75511	Pts: 80402
Particle (14):: Fit: 65.6072	PB: 65.6072	LB: 70.4089	GB: 72.3444	Conf: 0.32189	Pts: 65304
Particle (2):: Fit: 65.5413	PB: 65.5413	LB: 71.6795	GB: 72.3444	Conf: 0.284512	Pts: 105357
Particle (27):: Fit: 68.2328	PB: 68.2328	LB: 72.2709	GB: 72.3444	Conf: 0.71627	Pts: 70298
Particle (25):: Fit: 68.6242	PB: 68.6242	LB: 72.2709	GB: 72.3444	Conf: 0.637751	Pts: 94933
Particle (1):: Fit: 66.5187	PB: 66.5187	LB: 71.6795	GB: 72.3444	Conf: 0.508598	Pts: 55314
Particle (12):: Fit: 68.3628	PB: 68.3628	LB: 68.8335	GB: 72.3444	Conf: 0.468993	Pts: 104737
Particle (5):: Fit: 66.8555	PB: 66.8555	LB: 69.5426	GB: 72.3444	Conf: 0.612604	Pts: 84484
Particle (26):: Fit: 66.3236	PB: 66.3236	LB: 72.2709	GB: 72.3444	Conf: 0.692301	Pts: 179278
Particle (36):: Fit: 67.2692	PB: 67.2692	LB: 69.6437	GB: 72.3444	Conf: 0.858198	Pts: 79346
Particle (6):: Fit: 70.9369	PB: 70.9369	LB: 70.9369	GB: 72.3444	Conf: 0.780572	Pts: 119877
Particle (25):: Fit: 69.9016	PB: 69.9016	LB: 72.2709	GB: 72.3444	Conf: 0.708575	Pts: 93616
Particle (22):: Fit: 69.797	PB: 69.797	LB: 72.2709	GB: 72.3444	Conf: 0.843334	Pts: 253445
Particle (27):: Fit: 71.2389	PB: 71.2389	LB: 72.2709	GB: 72.3444	Conf: 0.709538	Pts: 68881
Particle (0):: Fit: 73.3404	PB: 73.3404	LB: 73.3404	GB: 73.3404	Conf: 0.756377	Pts: 278769
Global: 73.3404 - Correct: 94.7368% of 19 tests
Global Best: 
  Inner Net 1
  -- 1 : 1 = 0.550832
  -- 1 : 2 = 0.26587
  -- 1 : 3 = 0.25639
  -- 1 : 4 = 0.152621
  -- 1 : 5 = 0.158465
  -- 1 : 6 = -0.226696
  -- 1 : 7 = 0.0540865
  -- 1 : 8 = -0.0696505
  -- 1 : 9 = 0.179781
  -- 1 : 10 = -0.0572028
  -- 2 : 1 = 0.00781482
  -- 2 : 2 = -0.132749
  -- 2 : 3 = -0.0495157
  -- 2 : 4 = -0.0287256
  -- 2 : 5 = -0.293793
  -- 2 : 6 = -0.366657
  -- 2 : 7 = 0.348404
  -- 2 : 8 = 0.360307
  -- 2 : 9 = -0.0602743
  -- 2 : 10 = 0.362864
  -- 3 : 1 = -0.268747
  -- 3 : 2 = -0.0680225
  -- 3 : 3 = -0.0388072
  -- 3 : 4 = 0.296554
  -- 3 : 5 = -0.172818
  -- 3 : 6 = -0.0840385
  -- 3 : 7 = -0.106968
  -- 3 : 8 = 0.0347145
  -- 3 : 9 = -0.122213
  -- 3 : 10 = 0.0240732
  -- 4 : 1 = 0.0251408
  -- 4 : 2 = -0.175439
  -- 4 : 3 = 0.0440062
  -- 4 : 4 = -0.195282
  -- 4 : 5 = -0.146642
  -- 4 : 6 = -0.170834
  -- 4 : 7 = -0.257643
  -- 4 : 8 = -0.0101227
  -- 4 : 9 = 0.0412913
  -- 4 : 10 = 0.0265169
  -- 5 : 1 = -0.00747122
  -- 5 : 2 = 0.0053132
  -- 5 : 3 = 0.215601
  -- 5 : 4 = 0.170443
  -- 5 : 5 = 0.240905
  -- 5 : 6 = -0.0361645
  -- 5 : 7 = -0.00691987
  -- 5 : 8 = -0.189924
  -- 5 : 9 = -0.162469
  -- 5 : 10 = 0.16149
  -- 6 : 1 = 0.0913882
  -- 6 : 2 = 0.0707126
  -- 6 : 3 = 0.0499443
  -- 6 : 4 = 0.112074
  -- 6 : 5 = 0.518689
  -- 6 : 6 = -0.0433289
  -- 6 : 7 = -0.310975
  -- 6 : 8 = 0.00556018
  -- 6 : 9 = -0.060456
  -- 6 : 10 = -0.0290905
  -- 7 : 1 = -0.0257542
  -- 7 : 2 = 0.0872768
  -- 7 : 3 = 0.398228
  -- 7 : 4 = 0.203948
  -- 7 : 5 = -0.215339
  -- 7 : 6 = -0.196043
  -- 7 : 7 = -0.180215
  -- 7 : 8 = -0.404067
  -- 7 : 9 = 0.00237673
  -- 7 : 10 = 0.486808
  -- 8 : 1 = 0.339354
  -- 8 : 2 = -0.432431
  -- 8 : 3 = 0.407628
  -- 8 : 4 = 0.356665
  -- 8 : 5 = -0.437554
  -- 8 : 6 = 0.0418356
  -- 8 : 7 = 0.184366
  -- 8 : 8 = 0.0316858
  -- 8 : 9 = -0.588014
  -- 8 : 10 = -0.0320093
  -- 9 : 1 = 0.442574
  -- 9 : 2 = -0.115907
  -- 9 : 3 = 0.184783
  -- 9 : 4 = -0.0970579
  -- 9 : 5 = -0.079086
  -- 9 : 6 = -0.112323
  -- 9 : 7 = -0.126228
  -- 9 : 8 = -0.585842
  -- 9 : 9 = 0.149559
  -- 9 : 10 = -0.310632
  -- 10 : 1 = 0.464671
  -- 10 : 2 = -0.438738
  -- 10 : 3 = 0.14937
  -- 10 : 4 = 0.0103734
  -- 10 : 5 = 0.127021
  -- 10 : 6 = -0.138562
  -- 10 : 7 = -0.239774
  -- 10 : 8 = 0.178916
  -- 10 : 9 = -0.00956521
  -- 10 : 10 = -0.0365493
  Inner Net 2
  -- 1 : 1 = -0.144878
  -- 1 : 2 = 0.0494643
  -- 2 : 1 = 0.550325
  -- 2 : 2 = -0.579909
  -- 3 : 1 = -0.0301374
  -- 3 : 2 = -0.217806
  -- 4 : 1 = -0.509647
  -- 4 : 2 = 0.2883
  -- 5 : 1 = -0.48015
  -- 5 : 2 = 0.257795
  -- 6 : 1 = -0.662806
  -- 6 : 2 = 0.0188837
  -- 7 : 1 = -0.209861
  -- 7 : 2 = -0.202749
  -- 8 : 1 = 0.5
  -- 8 : 2 = -0.362831
  -- 9 : 1 = -0.292176
  -- 9 : 2 = -0.265063
  -- 10 : 1 = -0.299547
  -- 10 : 2 = -0.329013
Out\Act	False		True
False	0.246549	0.595431	0.84198
True	0.0271299	0.13089	0.15802
	0.273679	0.726321
	Accuracy [ (tp + tn) / testSize ]: 0.377439
	Precision [ tp / (tp + fp) ]:      0.180092
	Sensitivity [ tp / (tp + fn) ]:    0.825826
	Specificity [ tn / (tn + fp) ]:    0.292655
	F-Score [ 2tp / (2tp + fp + fn) ]: 0.295858
Particle (33):: Fit: 67.2601	PB: 67.2601	LB: 69.0601	GB: 73.3404	Conf: 0.0559922	Pts: 108369
Particle (47):: Fit: 67.1335	PB: 67.1335	LB: 73.3404	GB: 73.3404	Conf: 0.479692	Pts: 63836
Particle (45):: Fit: 67.2777	PB: 67.2777	LB: 73.3404	GB: 73.3404	Conf: 0.712593	Pts: 48618
Particle (5):: Fit: 67.0041	PB: 67.0041	LB: 70.9369	GB: 73.3404	Conf: 0.793377	Pts: 83529
Particle (21):: Fit: 70.515	PB: 70.515	LB: 72.2709	GB: 73.3404	Conf: 0.696388	Pts: 58893
