
Date / Time: Thu Mar 30 14:25:32 2017

   ****************************************
   * PSO Neural Net (Gaussian Activation) *
   *       by William Boler, BSCE         *
   *     Research Assistant, IUPUI        *
   *                                      *
   *  Professor: Dr. Lauren Christopher   *
   *     Created: March 13, 2017          *
   ****************************************


Inputs: 10
Inner Nets: 2
 - 10
 - 4
Tests per train(min): 10
Particles: 50
Neighbors: 10
Minimum Particle Iterations: 1000
Particle (0):: Fit: 3.09248	PB: 3.09248	LB: 3.09248	GB: 3.09248	Conf: 0.166262	Pts: 110099
Particle (1):: Fit: 8.94045	PB: 8.94045	LB: 8.94045	GB: 8.94045	Conf: 0.894366	Pts: 110099
Particle (2):: Fit: 3.14954	PB: 3.14954	LB: 8.94045	GB: 8.94045	Conf: 0.337741	Pts: 55099
Particle (3):: Fit: 3.94975	PB: 3.94975	LB: 8.94045	GB: 8.94045	Conf: 0.652911	Pts: 60099
Particle (4):: Fit: 2.74822	PB: 2.74822	LB: 8.94045	GB: 8.94045	Conf: 0.659556	Pts: 55099
Particle (5):: Fit: 3.77363	PB: 3.77363	LB: 8.94045	GB: 8.94045	Conf: 0.252328	Pts: 60099
Particle (6):: Fit: 4.35487	PB: 4.35487	LB: 4.35487	GB: 8.94045	Conf: 0.89253	Pts: 75099
Particle (7):: Fit: 5.92699	PB: 5.92699	LB: 5.92699	GB: 8.94045	Conf: 0.0134228	Pts: 80099
Particle (8):: Fit: 3.94719	PB: 3.94719	LB: 5.92699	GB: 8.94045	Conf: 0.775751	Pts: 55099
Particle (9):: Fit: 6.08267	PB: 6.08267	LB: 6.08267	GB: 8.94045	Conf: 0.325623	Pts: 90099
Particle (10):: Fit: 5.11338	PB: 5.11338	LB: 6.08267	GB: 8.94045	Conf: 0.0908064	Pts: 55099
Particle (11):: Fit: 3.14899	PB: 3.14899	LB: 6.08267	GB: 8.94045	Conf: 0.334961	Pts: 55099
Particle (12):: Fit: 2.40113	PB: 2.40113	LB: 6.08267	GB: 8.94045	Conf: 0.201993	Pts: 55099
Particle (13):: Fit: 7.78451	PB: 7.78451	LB: 7.78451	GB: 8.94045	Conf: 0.224644	Pts: 100099
Particle (14):: Fit: 2.60103	PB: 2.60103	LB: 7.78451	GB: 8.94045	Conf: 0.926139	Pts: 55099
Particle (15):: Fit: 2.40448	PB: 2.40448	LB: 7.78451	GB: 8.94045	Conf: 0.322104	Pts: 55099
Particle (16):: Fit: 3.85627	PB: 3.85627	LB: 7.78451	GB: 8.94045	Conf: 0.360954	Pts: 65099
Particle (17):: Fit: 3.55303	PB: 3.55303	LB: 7.78451	GB: 8.94045	Conf: 0.619288	Pts: 55099
Particle (18):: Fit: 6.86946	PB: 6.86946	LB: 6.86946	GB: 8.94045	Conf: 0.140205	Pts: 75099
Particle (19):: Fit: 6.10007	PB: 6.10007	LB: 6.86946	GB: 8.94045	Conf: 0.473365	Pts: 55099
Particle (20):: Fit: 3.32349	PB: 3.32349	LB: 6.86946	GB: 8.94045	Conf: 0.0777656	Pts: 55099
Particle (21):: Fit: 3.06657	PB: 3.06657	LB: 6.86946	GB: 8.94045	Conf: 0.881744	Pts: 55099
Particle (22):: Fit: 2.60818	PB: 2.60818	LB: 6.86946	GB: 8.94045	Conf: 0.9177	Pts: 55099
Particle (23):: Fit: 2.35565	PB: 2.35565	LB: 6.10007	GB: 8.94045	Conf: 0.632939	Pts: 55099
Particle (24):: Fit: 3.16324	PB: 3.16324	LB: 3.32349	GB: 8.94045	Conf: 0.446244	Pts: 70099
Particle (25):: Fit: 5.16422	PB: 5.16422	LB: 5.16422	GB: 8.94045	Conf: 0.439796	Pts: 80099
Particle (26):: Fit: 4.20776	PB: 4.20776	LB: 5.16422	GB: 8.94045	Conf: 0.528041	Pts: 55099
Particle (27):: Fit: 5.97905	PB: 5.97905	LB: 5.97905	GB: 8.94045	Conf: 0.0817919	Pts: 90099
Particle (28):: Fit: 3.53204	PB: 3.53204	LB: 5.97905	GB: 8.94045	Conf: 0.777591	Pts: 55099
Particle (29):: Fit: 3.46569	PB: 3.46569	LB: 5.97905	GB: 8.94045	Conf: 0.942928	Pts: 55099
Particle (30):: Fit: 3.13075	PB: 3.13075	LB: 5.97905	GB: 8.94045	Conf: 0.262924	Pts: 55099
Particle (31):: Fit: 3.26935	PB: 3.26935	LB: 5.97905	GB: 8.94045	Conf: 0.0284665	Pts: 60099
Particle (32):: Fit: 3.12985	PB: 3.12985	LB: 3.53204	GB: 8.94045	Conf: 0.775133	Pts: 55099
Particle (33):: Fit: 3.54863	PB: 3.54863	LB: 3.54863	GB: 8.94045	Conf: 0.684486	Pts: 80099
Particle (34):: Fit: 3.54652	PB: 3.54652	LB: 3.54863	GB: 8.94045	Conf: 0.498389	Pts: 55099
Particle (35):: Fit: 2.18243	PB: 2.18243	LB: 3.54863	GB: 8.94045	Conf: 0.907682	Pts: 55099
Particle (36):: Fit: 4.21357	PB: 4.21357	LB: 4.21357	GB: 8.94045	Conf: 0.103909	Pts: 95099
Particle (37):: Fit: 2.78076	PB: 2.78076	LB: 4.21357	GB: 8.94045	Conf: 0.328776	Pts: 55099
Particle (38):: Fit: 2.10904	PB: 2.10904	LB: 4.21357	GB: 8.94045	Conf: 0.976469	Pts: 55099
Particle (39):: Fit: 3.92441	PB: 3.92441	LB: 4.21357	GB: 8.94045	Conf: 0.511187	Pts: 65099
Particle (40):: Fit: 6.09281	PB: 6.09281	LB: 6.09281	GB: 8.94045	Conf: 0.38419	Pts: 100099
Particle (41):: Fit: 7.74642	PB: 7.74642	LB: 7.74642	GB: 8.94045	Conf: 0.187665	Pts: 100099
Particle (42):: Fit: 2.66852	PB: 2.66852	LB: 7.74642	GB: 8.94045	Conf: 0.835369	Pts: 50099
Particle (43):: Fit: 3.06291	PB: 3.06291	LB: 7.74642	GB: 8.94045	Conf: 0.853243	Pts: 50099
Particle (44):: Fit: 4.28283	PB: 4.28283	LB: 7.74642	GB: 8.94045	Conf: 0.502064	Pts: 50099
Particle (45):: Fit: 7.03978	PB: 7.03978	LB: 7.74642	GB: 8.94045	Conf: 0.628004	Pts: 50099
Particle (46):: Fit: 5.10501	PB: 5.10501	LB: 8.94045	GB: 8.94045	Conf: 0.73032	Pts: 50099
Particle (47):: Fit: 3.16448	PB: 3.16448	LB: 8.94045	GB: 8.94045	Conf: 0.526203	Pts: 50099
Particle (48):: Fit: 5.93647	PB: 5.93647	LB: 8.94045	GB: 8.94045	Conf: 0.975202	Pts: 50099
Particle (49):: Fit: 5.08945	PB: 5.08945	LB: 8.94045	GB: 8.94045	Conf: 0.765028	Pts: 50099
Global: 8.94045 - Correct: 80% of 10 tests
Global Best: 
  Inner Net 1
  -- 1 : 1 = 0.2166
  -- 1 : 2 = 0.7412
  -- 1 : 3 = 0.3531
  -- 1 : 4 = 0.5459
  -- 1 : 5 = 0.0401
  -- 1 : 6 = 0.1811
  -- 1 : 7 = 0.6173
  -- 1 : 8 = 0.9661
  -- 1 : 9 = 0.7106
  -- 1 : 10 = 0.2214
  -- 2 : 1 = 0.2981
  -- 2 : 2 = 0.2467
  -- 2 : 3 = 0.3319
  -- 2 : 4 = 0.5199
  -- 2 : 5 = 0.3387
  -- 2 : 6 = 0.7852
  -- 2 : 7 = 0.8828
  -- 2 : 8 = 0.9088
  -- 2 : 9 = 0.774
  -- 2 : 10 = 0.2896
  -- 3 : 1 = 0.609
  -- 3 : 2 = 0.3227
  -- 3 : 3 = 0.5647
  -- 3 : 4 = 0.7482
  -- 3 : 5 = 0.3581
  -- 3 : 6 = 0.7849
  -- 3 : 7 = 0.0537
  -- 3 : 8 = 0.5151
  -- 3 : 9 = 0.0059
  -- 3 : 10 = 0.2351
  -- 4 : 1 = 0.4414
  -- 4 : 2 = 0.1854
  -- 4 : 3 = 0.7522
  -- 4 : 4 = 0.0765
  -- 4 : 5 = 0.2361
  -- 4 : 6 = 0.1016
  -- 4 : 7 = 0.7136
  -- 4 : 8 = 0.8889
  -- 4 : 9 = 0.5038
  -- 4 : 10 = 0.1826
  -- 5 : 1 = 0.7609
  -- 5 : 2 = 0.7548
  -- 5 : 3 = 0.4894
  -- 5 : 4 = 0.6841
  -- 5 : 5 = 0.5173
  -- 5 : 6 = 0.7979
  -- 5 : 7 = 0.3899
  -- 5 : 8 = 0.5205
  -- 5 : 9 = 0.9768
  -- 5 : 10 = 0.2745
  -- 6 : 1 = 0.726
  -- 6 : 2 = 0.0513
  -- 6 : 3 = 0.2118
  -- 6 : 4 = 0.0474
  -- 6 : 5 = 0.5395
  -- 6 : 6 = 0.1754
  -- 6 : 7 = 0.0742
  -- 6 : 8 = 0.6603
  -- 6 : 9 = 0.1564
  -- 6 : 10 = 0.7445
  -- 7 : 1 = 0.2358
  -- 7 : 2 = 0.7329
  -- 7 : 3 = 0.2185
  -- 7 : 4 = 0.4166
  -- 7 : 5 = 0.8288
  -- 7 : 6 = 0.9584
  -- 7 : 7 = 0.2925
  -- 7 : 8 = 0.1903
  -- 7 : 9 = 0.4603
  -- 7 : 10 = 0.9149
  -- 8 : 1 = 0.6533
  -- 8 : 2 = 0.127
  -- 8 : 3 = 0.8005
  -- 8 : 4 = 0.3109
  -- 8 : 5 = 0.1502
  -- 8 : 6 = 0.5018
  -- 8 : 7 = 0.9808
  -- 8 : 8 = 0.7071
  -- 8 : 9 = 0.4274
  -- 8 : 10 = 0.8263
  -- 9 : 1 = 0.6634
  -- 9 : 2 = 0.3343
  -- 9 : 3 = 0.1797
  -- 9 : 4 = 0.3239
  -- 9 : 5 = 0.2786
  -- 9 : 6 = 0.4972
  -- 9 : 7 = 0.6047
  -- 9 : 8 = 0.7036
  -- 9 : 9 = 0.9847
  -- 9 : 10 = 0.7365
  -- 10 : 1 = 0.0731
  -- 10 : 2 = 0.4539
  -- 10 : 3 = 0.2163
  -- 10 : 4 = 0.1312
  -- 10 : 5 = 0.6688
  -- 10 : 6 = 0.4603
  -- 10 : 7 = 0.1592
  -- 10 : 8 = 0.6835
  -- 10 : 9 = 0.3437
  -- 10 : 10 = 0.3359
  Inner Net 2
  -- 1 : 1 = 0.081
  -- 1 : 2 = 0.8455
  -- 1 : 3 = 0.1258
  -- 1 : 4 = 0.1616
  -- 2 : 1 = 0.8381
  -- 2 : 2 = 0.5129
  -- 2 : 3 = 0.0604
  -- 2 : 4 = 0.5631
  -- 3 : 1 = 0.6752
  -- 3 : 2 = 0.3778
  -- 3 : 3 = 0.3258
  -- 3 : 4 = 0.4521
  -- 4 : 1 = 0.5131
  -- 4 : 2 = 0.0266
  -- 4 : 3 = 0.0318
  -- 4 : 4 = 0.1291
  -- 5 : 1 = 0.7332
  -- 5 : 2 = 0.7192
  -- 5 : 3 = 0.715
  -- 5 : 4 = 0.8424
  -- 6 : 1 = 0.2104
  -- 6 : 2 = 0.3629
  -- 6 : 3 = 0.0204
  -- 6 : 4 = 0.1961
  -- 7 : 1 = 0.1081
  -- 7 : 2 = 0.6595
  -- 7 : 3 = 0.4762
  -- 7 : 4 = 0.1284
  -- 8 : 1 = 0.0643
  -- 8 : 2 = 0.1088
  -- 8 : 3 = 0.1922
  -- 8 : 4 = 0.3345
  -- 9 : 1 = 0.3459
  -- 9 : 2 = 0.1887
  -- 9 : 3 = 0.4933
  -- 9 : 4 = 0.6665
  -- 10 : 1 = 0.3834
  -- 10 : 2 = 0.544
  -- 10 : 3 = 0.0434
  -- 10 : 4 = 0.8335
  Inner Net 3
  -- 1 : 1 = 0.023
  -- 1 : 2 = -0.0842
  -- 2 : 1 = -0.0287
  -- 2 : 2 = 0.1115
  -- 3 : 1 = -0.135006
  -- 3 : 2 = -0.126543
  -- 4 : 1 = 0.1065
  -- 4 : 2 = -0.224579
Out\Act	False		True
False	0	0.84198	0.84198
True	0	0.15802	0.15802
	0	1
	Accuracy [ (tp + tn) / testSize ]: 0.15802
	Precision [ tp / (tp + fp) ]:      0.157945
	Sensitivity [ tp / (tp + fn) ]:    0.996997
	Specificity [ tn / (tn + fp) ]:    0
	F-Score [ 2tp / (2tp + fp + fn) ]: 0.272802
Particle (0):: Fit: 3.30227	PB: 3.30227	LB: 8.94045	GB: 8.94045	Conf: 0.0576935	Pts: 110198
Particle (2):: Fit: 7.04028	PB: 7.04028	LB: 8.94045	GB: 8.94045	Conf: 0.599354	Pts: 60198
Particle (3):: Fit: 4.22845	PB: 4.22845	LB: 8.94045	GB: 8.94045	Conf: 0.286361	Pts: 60198
Particle (4):: Fit: 5.15887	PB: 5.15887	LB: 8.94045	GB: 8.94045	Conf: 0.513207	Pts: 55198
Particle (5):: Fit: 6.08404	PB: 6.08404	LB: 8.94045	GB: 8.94045	Conf: 0.66778	Pts: 65198
Particle (6):: Fit: 7.02486	PB: 7.02486	LB: 7.04028	GB: 8.94045	Conf: 0.752256	Pts: 80198
Particle (7):: Fit: 5.99525	PB: 5.99525	LB: 7.02486	GB: 8.94045	Conf: 0.893188	Pts: 80198
Particle (8):: Fit: 4.21521	PB: 4.21521	LB: 7.78451	GB: 8.94045	Conf: 0.114262	Pts: 55198
Particle (9):: Fit: 7.53365	PB: 7.53365	LB: 7.78451	GB: 8.94045	Conf: 0.0251689	Pts: 100198
Particle (12):: Fit: 6.09841	PB: 6.09841	LB: 7.78451	GB: 8.94045	Conf: 0.439418	Pts: 55198
Particle (14):: Fit: 4.22498	PB: 4.22498	LB: 7.78451	GB: 8.94045	Conf: 0.201777	Pts: 55198
Particle (15):: Fit: 2.77366	PB: 2.77366	LB: 7.78451	GB: 8.94045	Conf: 0.540439	Pts: 55198
Particle (16):: Fit: 6.95591	PB: 6.95591	LB: 7.78451	GB: 8.94045	Conf: 0.937251	Pts: 80198
Particle (17):: Fit: 7.59928	PB: 7.59928	LB: 7.78451	GB: 8.94045	Conf: 0.0696518	Pts: 75198
Particle (18):: Fit: 6.86967	PB: 6.86967	LB: 7.59928	GB: 8.94045	Conf: 0.140449	Pts: 80198
Particle (20):: Fit: 5.12548	PB: 5.12548	LB: 7.59928	GB: 8.94045	Conf: 0.125613	Pts: 55198
Particle (21):: Fit: 5.15833	PB: 5.15833	LB: 7.59928	GB: 8.94045	Conf: 0.518026	Pts: 55198
Particle (22):: Fit: 7.9786	PB: 7.9786	LB: 7.9786	GB: 8.94045	Conf: 0.814992	Pts: 105198
Particle (23):: Fit: 3.2744	PB: 3.2744	LB: 7.9786	GB: 8.94045	Conf: 0.0189181	Pts: 55198
Particle (24):: Fit: 5.08309	PB: 5.08309	LB: 7.9786	GB: 8.94045	Conf: 0.777879	Pts: 70198
Particle (26):: Fit: 7.68441	PB: 7.68441	LB: 7.9786	GB: 8.94045	Conf: 0.134033	Pts: 75198
Particle (28):: Fit: 9.80752	PB: 9.80752	LB: 9.80752	GB: 9.80752	Conf: 0.566184	Pts: 115198
Particle (29):: Fit: 3.55119	PB: 3.55119	LB: 9.80752	GB: 9.80752	Conf: 0.543347	Pts: 55198
Particle (30):: Fit: 6.98549	PB: 6.98549	LB: 9.80752	GB: 9.80752	Conf: 0.877283	Pts: 65198
Particle (31):: Fit: 8.88659	PB: 8.88659	LB: 9.80752	GB: 9.80752	Conf: 0.535231	Pts: 75198
Particle (32):: Fit: 3.55235	PB: 3.55235	LB: 9.80752	GB: 9.80752	Conf: 0.562249	Pts: 55198
Particle (33):: Fit: 7.83703	PB: 7.83703	LB: 8.88659	GB: 9.80752	Conf: 0.283019	Pts: 90198
Particle (34):: Fit: 6.88438	PB: 6.88438	LB: 8.88659	GB: 9.80752	Conf: 0.158041	Pts: 55198
Particle (35):: Fit: 3.18863	PB: 3.18863	LB: 8.88659	GB: 9.80752	Conf: 0.683173	Pts: 55198
Particle (37):: Fit: 5.12942	PB: 5.12942	LB: 7.83703	GB: 9.80752	Conf: 0.138346	Pts: 55198
Particle (38):: Fit: 8.64119	PB: 8.64119	LB: 8.64119	GB: 9.80752	Conf: 0.25268	Pts: 90197
Particle (39):: Fit: 6.96796	PB: 6.96796	LB: 8.64119	GB: 9.80752	Conf: 0.285354	Pts: 65198
Particle (42):: Fit: 6.00096	PB: 6.00096	LB: 8.64119	GB: 9.80752	Conf: 0.116211	Pts: 50198
Particle (44):: Fit: 7.63563	PB: 7.63563	LB: 7.74642	GB: 9.80752	Conf: 0.0960704	Pts: 50198
Particle (47):: Fit: 6.95012	PB: 6.95012	LB: 8.94045	GB: 9.80752	Conf: 0.252607	Pts: 50198
Global: 9.80752 - Correct: 90% of 10 tests
Global Best: 
  Inner Net 1
  -- 1 : 1 = 0.7454
  -- 1 : 2 = 0.7026
  -- 1 : 3 = 0.3513
  -- 1 : 4 = 0.6011
  -- 1 : 5 = 0.5873
  -- 1 : 6 = 0.9389
  -- 1 : 7 = 0.0865
  -- 1 : 8 = 0.8751
  -- 1 : 9 = 0.5988
  -- 1 : 10 = 0.5085
  -- 2 : 1 = 0.0839
  -- 2 : 2 = 0.3784
  -- 2 : 3 = 0.3311
  -- 2 : 4 = 0.8023
  -- 2 : 5 = 0.1218
  -- 2 : 6 = 0.3307
  -- 2 : 7 = 0.8038
  -- 2 : 8 = 0.8742
  -- 2 : 9 = 0.8942
  -- 2 : 10 = 0.1673
  -- 3 : 1 = 0.7987
  -- 3 : 2 = 0.8598
  -- 3 : 3 = 0.8042
  -- 3 : 4 = 0.674
  -- 3 : 5 = 0.8434
  -- 3 : 6 = 0.9907
  -- 3 : 7 = 0.2447
  -- 3 : 8 = 0.0466
  -- 3 : 9 = 0.25
  -- 3 : 10 = 0.5489
  -- 4 : 1 = 0.8915
  -- 4 : 2 = 0.0368
  -- 4 : 3 = 0.8316
  -- 4 : 4 = 0.1421
  -- 4 : 5 = 0.7725
  -- 4 : 6 = 0.1097
  -- 4 : 7 = 0.6494
  -- 4 : 8 = 0.1347
  -- 4 : 9 = 0.3449
  -- 4 : 10 = 0.1575
  -- 5 : 1 = 0.0873
  -- 5 : 2 = 0.7233
  -- 5 : 3 = 0.3166
  -- 5 : 4 = 0.7401
  -- 5 : 5 = 0.117
  -- 5 : 6 = 0.9548
  -- 5 : 7 = 0.1487
  -- 5 : 8 = 0.1381
  -- 5 : 9 = 0.9715
  -- 5 : 10 = 0.989
  -- 6 : 1 = 0.1455
  -- 6 : 2 = 0.5104
  -- 6 : 3 = 0.106
  -- 6 : 4 = 0.52
  -- 6 : 5 = 0.2392
  -- 6 : 6 = 0.4412
  -- 6 : 7 = 0.1113
  -- 6 : 8 = 0.1669
  -- 6 : 9 = 0.2493
  -- 6 : 10 = 0.3393
  -- 7 : 1 = 0.5035
  -- 7 : 2 = 0.6854
  -- 7 : 3 = 0.4206
  -- 7 : 4 = 0.0816
  -- 7 : 5 = 0.6716
  -- 7 : 6 = 0.3651
  -- 7 : 7 = 0.2172
  -- 7 : 8 = 0.2099
  -- 7 : 9 = 0.6277
  -- 7 : 10 = 0.7402
  -- 8 : 1 = 0.283
  -- 8 : 2 = 0.7193
  -- 8 : 3 = 0.3986
  -- 8 : 4 = 0.7195
  -- 8 : 5 = 0.0724
  -- 8 : 6 = 0.1457
  -- 8 : 7 = 0.3169
  -- 8 : 8 = 0.398
  -- 8 : 9 = 0.0442
  -- 8 : 10 = 0.2244
  -- 9 : 1 = 0.2646
  -- 9 : 2 = 0.4589
  -- 9 : 3 = 0.0303
  -- 9 : 4 = 0.4712
  -- 9 : 5 = 0.5763
  -- 9 : 6 = 0.8126
  -- 9 : 7 = 0.7334
  -- 9 : 8 = 0.0354
  -- 9 : 9 = 0.607
  -- 9 : 10 = 0.872
  -- 10 : 1 = 0.4748
  -- 10 : 2 = 0.7148
  -- 10 : 3 = 0.6563
  -- 10 : 4 = 0.1738
  -- 10 : 5 = 0.8524
  -- 10 : 6 = 0.9895
  -- 10 : 7 = 0.2084
  -- 10 : 8 = 0.7453
  -- 10 : 9 = 0.0447
  -- 10 : 10 = 0.0274
  Inner Net 2
  -- 1 : 1 = 0.0718
  -- 1 : 2 = 0.649
  -- 1 : 3 = 0.3784
  -- 1 : 4 = 0.7772
  -- 2 : 1 = 0.8086
  -- 2 : 2 = 0.3186
  -- 2 : 3 = 0.8751
  -- 2 : 4 = 0.0119
  -- 3 : 1 = 0.4996
  -- 3 : 2 = 0.3518
  -- 3 : 3 = 0.1372
  -- 3 : 4 = 0.4222
  -- 4 : 1 = 0.1111
  -- 4 : 2 = 0.2033
  -- 4 : 3 = 0.4407
  -- 4 : 4 = 0.1304
  -- 5 : 1 = 0.5097
  -- 5 : 2 = 0.273
  -- 5 : 3 = 0.5629
  -- 5 : 4 = 0.7245
  -- 6 : 1 = 0.1763
  -- 6 : 2 = 0.6654
  -- 6 : 3 = 0.3398
  -- 6 : 4 = 0.1832
  -- 7 : 1 = 0.1124
  -- 7 : 2 = 0.5141
  -- 7 : 3 = 0.2292
  -- 7 : 4 = 0.7294
  -- 8 : 1 = 0.5246
  -- 8 : 2 = 0.4708
  -- 8 : 3 = 0.2958
  -- 8 : 4 = 0.875
  -- 9 : 1 = 0.8626
  -- 9 : 2 = 0.8683
  -- 9 : 3 = 0.4286
  -- 9 : 4 = 0.0969
  -- 10 : 1 = 0.0094
  -- 10 : 2 = 0.5408
  -- 10 : 3 = 0.7608
  -- 10 : 4 = 0.4964
  Inner Net 3
  -- 1 : 1 = 0.233693
  -- 1 : 2 = -0.4036
  -- 2 : 1 = -0.0931
  -- 2 : 2 = 0.019324
  -- 3 : 1 = 0.286732
  -- 3 : 2 = -0.389832
  -- 4 : 1 = -0.0497
  -- 4 : 2 = -0.0963648
Out\Act	False		True
False	0	0.84198	0.84198
True	0	0.15802	0.15802
	0	1
	Accuracy [ (tp + tn) / testSize ]: 0.15802
	Precision [ tp / (tp + fp) ]:      0.157945
	Sensitivity [ tp / (tp + fn) ]:    0.996997
	Specificity [ tn / (tn + fp) ]:    0
	F-Score [ 2tp / (2tp + fp + fn) ]: 0.272802
Particle (0):: Fit: 5.07507	PB: 5.07507	LB: 8.94045	GB: 9.80752	Conf: 0.793177	Pts: 110297
Particle (3):: Fit: 4.94225	PB: 4.94225	LB: 8.94045	GB: 9.80752	Conf: 0.970379	Pts: 60297
Particle (4):: Fit: 6.10033	PB: 6.10033	LB: 8.94045	GB: 9.80752	Conf: 0.51572	Pts: 55297
Particle (5):: Fit: 7.64788	PB: 7.64788	LB: 8.94045	GB: 9.80752	Conf: 0.105315	Pts: 75297
Particle (11):: Fit: 6.04599	PB: 6.04599	LB: 7.78451	GB: 9.80752	Conf: 0.793854	Pts: 55197
Particle (13):: Fit: 7.93258	PB: 7.93258	LB: 7.93258	GB: 9.80752	Conf: 0.965652	Pts: 145197
Particle (15):: Fit: 6.09706	PB: 6.09706	LB: 7.93258	GB: 9.80752	Conf: 0.577774	Pts: 55297
Particle (19):: Fit: 7.02619	PB: 7.02619	LB: 7.9786	GB: 9.80752	Conf: 0.454256	Pts: 55197
Particle (23):: Fit: 7.01634	PB: 7.01634	LB: 9.80752	GB: 9.80752	Conf: 0.78809	Pts: 55297
Particle (24):: Fit: 5.93408	PB: 5.93408	LB: 9.80752	GB: 9.80752	Conf: 0.978111	Pts: 70297
Particle (30):: Fit: 7.01945	PB: 7.01945	LB: 9.80752	GB: 9.80752	Conf: 0.776001	Pts: 65297
Particle (32):: Fit: 5.93266	PB: 5.93266	LB: 9.80752	GB: 9.80752	Conf: 0.979821	Pts: 55297
Particle (34):: Fit: 7.98717	PB: 7.98717	LB: 8.88659	GB: 9.80752	Conf: 0.739261	Pts: 55297
Particle (40):: Fit: 6.95916	PB: 6.95916	LB: 8.64119	GB: 9.80752	Conf: 0.931358	Pts: 100197
Particle (43):: Fit: 3.54691	PB: 3.54691	LB: 7.74642	GB: 9.80752	Conf: 0.501319	Pts: 50196
Particle (48):: Fit: 7.75941	PB: 7.75941	LB: 8.94045	GB: 9.80752	Conf: 0.199872	Pts: 65197
Particle (49):: Fit: 7.98784	PB: 7.98784	LB: 8.94045	GB: 9.80752	Conf: 0.724576	Pts: 60197
Particle (0):: Fit: 6.96836	PB: 6.96836	LB: 8.94045	GB: 9.80752	Conf: 0.286128	Pts: 110396
Particle (7):: Fit: 7.8079	PB: 7.8079	LB: 7.8079	GB: 9.80752	Conf: 0.249388	Pts: 90296
Particle (10):: Fit: 5.9537	PB: 5.9537	LB: 7.93258	GB: 9.80752	Conf: 0.953415	Pts: 55196
Particle (14):: Fit: 6.97555	PB: 6.97555	LB: 7.93258	GB: 9.80752	Conf: 0.300772	Pts: 55296
Particle (19):: Fit: 7.02697	PB: 7.02697	LB: 7.9786	GB: 9.80752	Conf: 0.741764	Pts: 55296
Particle (20):: Fit: 5.16383	PB: 5.16383	LB: 7.9786	GB: 9.80752	Conf: 0.350988	Pts: 55296
Particle (35):: Fit: 3.44489	PB: 3.44489	LB: 8.88659	GB: 9.80752	Conf: 0.223024	Pts: 55296
Particle (0):: Fit: 7.0238	PB: 7.0238	LB: 8.94045	GB: 9.80752	Conf: 0.757216	Pts: 110495
Particle (4):: Fit: 7.01616	PB: 7.01616	LB: 8.94045	GB: 9.80752	Conf: 0.788792	Pts: 55395
Particle (8):: Fit: 7.03721	PB: 7.03721	LB: 7.93258	GB: 9.80752	Conf: 0.668805	Pts: 55295
Particle (10):: Fit: 7.96641	PB: 7.96641	LB: 7.96641	GB: 9.80752	Conf: 0.870876	Pts: 100295
Particle (12):: Fit: 8.94089	PB: 8.94089	LB: 8.94089	GB: 9.80752	Conf: 0.708553	Pts: 105295
Particle (21):: Fit: 5.92127	PB: 5.92127	LB: 7.9786	GB: 9.80752	Conf: 0.993242	Pts: 55295
Particle (23):: Fit: 7.73833	PB: 7.73833	LB: 9.80752	GB: 9.80752	Conf: 0.180256	Pts: 55395
Particle (27):: Fit: 6.94706	PB: 6.94706	LB: 9.80752	GB: 9.80752	Conf: 0.247388	Pts: 90195
Particle (29):: Fit: 6.09715	PB: 6.09715	LB: 9.80752	GB: 9.80752	Conf: 0.423284	Pts: 55295
Particle (35):: Fit: 7.02933	PB: 7.02933	LB: 8.88659	GB: 9.80752	Conf: 0.728888	Pts: 55395
Particle (36):: Fit: 7.9744	PB: 7.9744	LB: 8.64119	GB: 9.80752	Conf: 0.837128	Pts: 95195
Particle (41):: Fit: 7.97821	PB: 7.97821	LB: 8.64119	GB: 9.80752	Conf: 0.582734	Pts: 105195
Particle (43):: Fit: 5.16484	PB: 5.16484	LB: 7.97821	GB: 9.80752	Conf: 0.415265	Pts: 50294
Particle (46):: Fit: 6.8857	PB: 6.8857	LB: 8.94045	GB: 9.80752	Conf: 0.159658	Pts: 50195
Particle (7):: Fit: 8.93506	PB: 8.93506	LB: 8.94089	GB: 9.80752	Conf: 0.924585	Pts: 95394
Particle (14):: Fit: 7.0392	PB: 7.0392	LB: 8.94089	GB: 9.80752	Conf: 0.559003	Pts: 55394
Particle (16):: Fit: 8.93887	PB: 8.93887	LB: 8.94089	GB: 9.80752	Conf: 0.904218	Pts: 100294
Particle (21):: Fit: 7.0371	PB: 7.0371	LB: 7.9786	GB: 9.80752	Conf: 0.670086	Pts: 55394
Particle (24):: Fit: 6.99168	PB: 6.99168	LB: 9.80752	GB: 9.80752	Conf: 0.862381	Pts: 70394
Particle (26):: Fit: 7.97936	PB: 7.97936	LB: 9.80752	GB: 9.80752	Conf: 0.589512	Pts: 85294
Particle (37):: Fit: 8.87647	PB: 8.87647	LB: 8.87647	GB: 9.80752	Conf: 0.515885	Pts: 85294
Particle (46):: Fit: 7.02809	PB: 7.02809	LB: 8.94045	GB: 9.80752	Conf: 0.464159	Pts: 50294
Particle (9):: Fit: 7.86114	PB: 7.86114	LB: 8.94089	GB: 9.80752	Conf: 0.31389	Pts: 100293
Particle (11):: Fit: 7.02233	PB: 7.02233	LB: 8.94089	GB: 9.80752	Conf: 0.763814	Pts: 55293
Particle (20):: Fit: 7.02408	PB: 7.02408	LB: 8.93887	GB: 9.80752	Conf: 0.755922	Pts: 55393
Particle (21):: Fit: 7.70452	PB: 7.70452	LB: 7.97936	GB: 9.80752	Conf: 0.150679	Pts: 55493
Particle (24):: Fit: 7.79752	PB: 7.79752	LB: 9.80752	GB: 9.80752	Conf: 0.238188	Pts: 70493
Particle (27):: Fit: 7.92497	PB: 7.92497	LB: 9.80752	GB: 9.80752	Conf: 0.418214	Pts: 90293
Particle (39):: Fit: 7.98578	PB: 7.98578	LB: 8.87647	GB: 9.80752	Conf: 0.641196	Pts: 70293
Particle (40):: Fit: 7.85884	PB: 7.85884	LB: 8.87647	GB: 9.80752	Conf: 0.310801	Pts: 100293
Particle (4):: Fit: 7.82251	PB: 7.82251	LB: 8.94045	GB: 9.80752	Conf: 0.265815	Pts: 55492
Particle (9):: Fit: 7.94523	PB: 7.94523	LB: 8.94089	GB: 9.80752	Conf: 0.464343	Pts: 100392
Particle (26):: Fit: 8.94343	PB: 8.94343	LB: 9.80752	GB: 9.80752	Conf: 0.872036	Pts: 95392
Particle (29):: Fit: 7.83414	PB: 7.83414	LB: 9.80752	GB: 9.80752	Conf: 0.279523	Pts: 55392
Particle (32):: Fit: 8.9148	PB: 8.9148	LB: 9.80752	GB: 9.80752	Conf: 0.998063	Pts: 75392
Particle (35):: Fit: 8.94521	PB: 8.94521	LB: 8.94521	GB: 9.80752	Conf: 0.854217	Pts: 90492
Particle (0):: Fit: 7.0292	PB: 7.0292	LB: 8.94045	GB: 9.80752	Conf: 0.470372	Pts: 110591
Particle (3):: Fit: 8.94269	PB: 8.94269	LB: 8.94269	GB: 9.80752	Conf: 0.721834	Pts: 110389
Particle (30):: Fit: 7.03423	PB: 7.03423	LB: 9.80752	GB: 9.80752	Conf: 0.503675	Pts: 65391
Particle (42):: Fit: 6.93086	PB: 6.93086	LB: 8.64119	GB: 9.80752	Conf: 0.221426	Pts: 50291
Particle (25):: Fit: 7.98732	PB: 7.98732	LB: 9.80752	GB: 9.80752	Conf: 0.663577	Pts: 80190
Particle (40):: Fit: 9.92007	PB: 9.92007	LB: 9.92007	GB: 9.92007	Conf: 0.92177	Pts: 160390
Particle (47):: Fit: 7.98813	PB: 7.98813	LB: 8.94045	GB: 9.92007	Conf: 0.685624	Pts: 55290
Global: 9.92007 - Correct: 90% of 10 tests
Global Best: 
  Inner Net 1
  -- 1 : 1 = 0.0337
  -- 1 : 2 = 0.6108
  -- 1 : 3 = 0.7784
  -- 1 : 4 = 0.3647
  -- 1 : 5 = 0.0037
  -- 1 : 6 = 0.8736
  -- 1 : 7 = 0.9214
  -- 1 : 8 = 0.9268
  -- 1 : 9 = 0.8448
  -- 1 : 10 = 0.7395
  -- 2 : 1 = 0.2425
  -- 2 : 2 = 0.1352
  -- 2 : 3 = 0.2151
  -- 2 : 4 = 0.0662
  -- 2 : 5 = 0.8469
  -- 2 : 6 = 0.4294
  -- 2 : 7 = 0.2135
  -- 2 : 8 = 0.3269
  -- 2 : 9 = 0.4302
  -- 2 : 10 = 0.4616
  -- 3 : 1 = 0.8582
  -- 3 : 2 = 0.3513
  -- 3 : 3 = 0.2104
  -- 3 : 4 = 0.5413
  -- 3 : 5 = 0.1837
  -- 3 : 6 = 0.1695
  -- 3 : 7 = 0.5519
  -- 3 : 8 = 0.5738
  -- 3 : 9 = 0.9827
  -- 3 : 10 = 0.7016
  -- 4 : 1 = 0.1755
  -- 4 : 2 = 0.1437
  -- 4 : 3 = 0.1403
  -- 4 : 4 = 0.7042
  -- 4 : 5 = 0.3062
  -- 4 : 6 = 0.6238
  -- 4 : 7 = 0.9425
  -- 4 : 8 = 0.2248
  -- 4 : 9 = 0.9728
  -- 4 : 10 = 0.6686
  -- 5 : 1 = 0.7792
  -- 5 : 2 = 0.3142
  -- 5 : 3 = 0.133
  -- 5 : 4 = 0.3108
  -- 5 : 5 = 0.0904
  -- 5 : 6 = 0.3568
  -- 5 : 7 = 0.5794
  -- 5 : 8 = 0.5902
  -- 5 : 9 = 0.4638
  -- 5 : 10 = 0.4274
  -- 6 : 1 = 0.4071
  -- 6 : 2 = 0.4085
  -- 6 : 3 = 0.9045
  -- 6 : 4 = 0.2058
  -- 6 : 5 = 0.043
  -- 6 : 6 = 0.6645
  -- 6 : 7 = 0.1836
  -- 6 : 8 = 0.0886
  -- 6 : 9 = 0.8492
  -- 6 : 10 = 0.0395
  -- 7 : 1 = 0.2247
  -- 7 : 2 = 0.4584
  -- 7 : 3 = 0.4709
  -- 7 : 4 = 0.5167
  -- 7 : 5 = 0.7298
  -- 7 : 6 = 0.1537
  -- 7 : 7 = 0.3692
  -- 7 : 8 = 0.0836
  -- 7 : 9 = 0.9219
  -- 7 : 10 = 0.7565
  -- 8 : 1 = 0.6203
  -- 8 : 2 = 0.0846
  -- 8 : 3 = 0.5808
  -- 8 : 4 = 0.1275
  -- 8 : 5 = 0.4037
  -- 8 : 6 = 0.1027
  -- 8 : 7 = 0.6145
  -- 8 : 8 = 0.208
  -- 8 : 9 = 0.3227
  -- 8 : 10 = 0.3637
  -- 9 : 1 = 0.5127
  -- 9 : 2 = 0.454
  -- 9 : 3 = 0.8108
  -- 9 : 4 = 0.2911
  -- 9 : 5 = 0.2189
  -- 9 : 6 = 0.1373
  -- 9 : 7 = 0.4464
  -- 9 : 8 = 0.3934
  -- 9 : 9 = 0.3038
  -- 9 : 10 = 0.7267
  -- 10 : 1 = 0.1335
  -- 10 : 2 = 0.773
  -- 10 : 3 = 0.2088
  -- 10 : 4 = 0.522
  -- 10 : 5 = 0.1405
  -- 10 : 6 = 0.2053
  -- 10 : 7 = 0.9951
  -- 10 : 8 = 0.4144
  -- 10 : 9 = 0.9746
  -- 10 : 10 = 0.0956
  Inner Net 2
  -- 1 : 1 = 0.3684
  -- 1 : 2 = 0.1783
  -- 1 : 3 = 0.4471
  -- 1 : 4 = 0.7979
  -- 2 : 1 = 0.8599
  -- 2 : 2 = 0.721
  -- 2 : 3 = 0.5882
  -- 2 : 4 = 0.5149
  -- 3 : 1 = 0.3179
  -- 3 : 2 = 0.7408
  -- 3 : 3 = 0.9798
  -- 3 : 4 = 0.3508
  -- 4 : 1 = 0.4841
  -- 4 : 2 = 0.1306
  -- 4 : 3 = 0.9045
  -- 4 : 4 = 0.8622
  -- 5 : 1 = 0.532
  -- 5 : 2 = 0.7737
  -- 5 : 3 = 0.0792
  -- 5 : 4 = 0.1257
  -- 6 : 1 = 0.7244
  -- 6 : 2 = 0.5326
  -- 6 : 3 = 0.94
  -- 6 : 4 = 0.372
  -- 7 : 1 = 0.9612
  -- 7 : 2 = 0.0162
  -- 7 : 3 = 0.9709
  -- 7 : 4 = 0.3927
  -- 8 : 1 = 0.9913
  -- 8 : 2 = 0.3095
  -- 8 : 3 = 0.6415
  -- 8 : 4 = 0.9211
  -- 9 : 1 = 0.3163
  -- 9 : 2 = 0.7599
  -- 9 : 3 = 0.6332
  -- 9 : 4 = 0.427
  -- 10 : 1 = 0.6429
  -- 10 : 2 = 0.1115
  -- 10 : 3 = 0.1161
  -- 10 : 4 = 0.5689
  Inner Net 3
  -- 1 : 1 = -0.128203
  -- 1 : 2 = 0.122252
  -- 2 : 1 = -0.0765718
  -- 2 : 2 = 0.533973
  -- 3 : 1 = -0.189466
  -- 3 : 2 = -0.290921
  -- 4 : 1 = 0.42197
  -- 4 : 2 = -0.0108444
Out\Act	False		True
False	0	0.84198	0.84198
True	0	0.15802	0.15802
	0	1
	Accuracy [ (tp + tn) / testSize ]: 0.15802
	Precision [ tp / (tp + fp) ]:      0.157945
	Sensitivity [ tp / (tp + fn) ]:    0.996997
	Specificity [ tn / (tn + fp) ]:    0
	F-Score [ 2tp / (2tp + fp + fn) ]: 0.272802
Particle (2):: Fit: 7.95162	PB: 7.95162	LB: 8.94269	GB: 9.92007	Conf: 0.481478	Pts: 60289
Particle (9):: Fit: 9.89082	PB: 9.89082	LB: 9.89082	GB: 9.92007	Conf: 0.719294	Pts: 150489
Particle (11):: Fit: 7.8661	PB: 7.8661	LB: 9.89082	GB: 9.92007	Conf: 0.320667	Pts: 55389
Particle (19):: Fit: 7.03954	PB: 7.03954	LB: 8.93887	GB: 9.92007	Conf: 0.633861	Pts: 55389
Particle (8):: Fit: 8.92951	PB: 8.92951	LB: 9.89082	GB: 9.92007	Conf: 0.948908	Pts: 55388
Particle (18):: Fit: 7.98371	PB: 7.98371	LB: 8.93887	GB: 9.92007	Conf: 0.620576	Pts: 80288
Particle (0):: Fit: 8.94682	PB: 8.94682	LB: 8.94682	GB: 9.92007	Conf: 0.770079	Pts: 155687
Particle (26):: Fit: 8.94734	PB: 8.94734	LB: 9.80752	GB: 9.92007	Conf: 0.815289	Pts: 105487
Particle (30):: Fit: 7.94915	PB: 7.94915	LB: 9.80752	GB: 9.92007	Conf: 0.925326	Pts: 65487
Particle (10):: Fit: 8.94752	PB: 8.94752	LB: 9.89082	GB: 9.92007	Conf: 0.800337	Pts: 105386
Particle (44):: Fit: 8.87876	PB: 8.87876	LB: 9.92007	GB: 9.92007	Conf: 0.520117	Pts: 50286
Particle (18):: Fit: 8.7537	PB: 8.7537	LB: 8.93887	GB: 9.92007	Conf: 0.353614	Pts: 80385
Particle (19):: Fit: 7.97204	PB: 7.97204	LB: 8.93887	GB: 9.92007	Conf: 0.552	Pts: 55484
Particle (20):: Fit: 7.71427	PB: 7.71427	LB: 8.93887	GB: 9.92007	Conf: 0.158991	Pts: 55484
Particle (42):: Fit: 7.642	PB: 7.642	LB: 9.92007	GB: 9.92007	Conf: 0.100859	Pts: 50383
Particle (38):: Fit: 9.89912	PB: 9.89912	LB: 9.92007	GB: 9.92007	Conf: 0.745228	Pts: 100282
Particle (41):: Fit: 8.94722	PB: 8.94722	LB: 9.92007	GB: 9.92007	Conf: 0.780333	Pts: 110283
Particle (45):: Fit: 7.98723	PB: 7.98723	LB: 8.94722	GB: 9.92007	Conf: 0.661809	Pts: 50182
Particle (48):: Fit: 9.62863	PB: 9.62863	LB: 9.62863	GB: 9.92007	Conf: 0.386039	Pts: 105283
Particle (6):: Fit: 7.02839	PB: 7.02839	LB: 9.89082	GB: 9.92007	Conf: 0.734168	Pts: 80281
Particle (1):: Fit: 8.94663	PB: 8.94663	LB: 9.62863	GB: 9.92007	Conf: 0.766281	Pts: 110181
Particle (15):: Fit: 7.02151	PB: 7.02151	LB: 8.94089	GB: 9.92007	Conf: 0.432588	Pts: 55381
Particle (33):: Fit: 7.98398	PB: 7.98398	LB: 9.89912	GB: 9.92007	Conf: 0.622911	Pts: 90280
Particle (14):: Fit: 8.93551	PB: 8.93551	LB: 8.94752	GB: 9.92007	Conf: 0.922355	Pts: 55479
Particle (27):: Fit: 8.80394	PB: 8.80394	LB: 9.80752	GB: 9.92007	Conf: 0.409532	Pts: 90379
Particle (46):: Fit: 8.90897	PB: 8.90897	LB: 9.62863	GB: 9.92007	Conf: 0.586029	Pts: 50379
Particle (49):: Fit: 8.93687	PB: 8.93687	LB: 9.62863	GB: 9.92007	Conf: 0.915403	Pts: 60279
Particle (5):: Fit: 8.94353	PB: 8.94353	LB: 9.89082	GB: 9.92007	Conf: 0.72882	Pts: 75376
Particle (6):: Fit: 7.03458	PB: 7.03458	LB: 9.89082	GB: 9.92007	Conf: 0.693531	Pts: 80377
Particle (15):: Fit: 7.98191	PB: 7.98191	LB: 8.94089	GB: 9.92007	Conf: 0.793632	Pts: 55478
Particle (23):: Fit: 7.98579	PB: 7.98579	LB: 9.80752	GB: 9.92007	Conf: 0.641239	Pts: 55478
Particle (24):: Fit: 8.92726	PB: 8.92726	LB: 9.80752	GB: 9.92007	Conf: 0.957605	Pts: 70577
Particle (43):: Fit: 7.01125	PB: 7.01125	LB: 9.92007	GB: 9.92007	Conf: 0.806154	Pts: 50377
Particle (7):: Fit: 8.94183	PB: 8.94183	LB: 9.89082	GB: 9.92007	Conf: 0.715193	Pts: 95477
Particle (42):: Fit: 9.21153	PB: 9.21153	LB: 9.92007	GB: 9.92007	Conf: 0.122488	Pts: 50476
Particle (14):: Fit: 8.94744	PB: 8.94744	LB: 8.94752	GB: 9.92007	Conf: 0.790164	Pts: 75576
Particle (20):: Fit: 7.91875	PB: 7.91875	LB: 8.93887	GB: 9.92007	Conf: 0.994161	Pts: 55576
Particle (2):: Fit: 7.98081	PB: 7.98081	LB: 9.62863	GB: 9.92007	Conf: 0.59877	Pts: 60374
Particle (15):: Fit: 8.9466	PB: 8.9466	LB: 8.94744	GB: 9.92007	Conf: 0.834215	Pts: 60574
Particle (24):: Fit: 8.94707	PB: 8.94707	LB: 9.80752	GB: 9.92007	Conf: 0.824133	Pts: 80673
Particle (34):: Fit: 8.89069	PB: 8.89069	LB: 9.89912	GB: 9.92007	Conf: 0.543614	Pts: 55373
Particle (2):: Fit: 8.93725	PB: 8.93725	LB: 9.62863	GB: 9.92007	Conf: 0.686652	Pts: 60472
Particle (4):: Fit: 8.92975	PB: 8.92975	LB: 9.89082	GB: 9.92007	Conf: 0.652038	Pts: 55571
Particle (11):: Fit: 9.86952	PB: 9.86952	LB: 9.89082	GB: 9.92007	Conf: 0.667688	Pts: 65471
Particle (13):: Fit: 9.91382	PB: 9.91382	LB: 9.91382	GB: 9.92007	Conf: 0.811873	Pts: 195272
Particle (21):: Fit: 9.92028	PB: 9.92028	LB: 9.92028	GB: 9.92028	Conf: 0.884938	Pts: 115570
Particle (22):: Fit: 7.98652	PB: 7.98652	LB: 9.92028	GB: 9.92028	Conf: 0.749453	Pts: 105272
Particle (36):: Fit: 7.98317	PB: 7.98317	LB: 9.92007	GB: 9.92028	Conf: 0.616023	Pts: 95270
Global: 9.92028 - Correct: 90% of 10 tests
Global Best: 
  Inner Net 1
  -- 1 : 1 = 0.3273
  -- 1 : 2 = 0.2567
  -- 1 : 3 = 0.3741
  -- 1 : 4 = 0.4042
  -- 1 : 5 = 0.8465
  -- 1 : 6 = 0.1187
  -- 1 : 7 = 0.4462
  -- 1 : 8 = 0.0797
  -- 1 : 9 = 0.4859
  -- 1 : 10 = 0.1807
  -- 2 : 1 = 0.0476
  -- 2 : 2 = 0.7108
  -- 2 : 3 = 0.8737
  -- 2 : 4 = 0.4121
  -- 2 : 5 = 0.1941
  -- 2 : 6 = 0.2439
  -- 2 : 7 = 0.1677
  -- 2 : 8 = 0.6937
  -- 2 : 9 = 0.9724
  -- 2 : 10 = 0.0206
  -- 3 : 1 = 0.73
  -- 3 : 2 = 0.0492
  -- 3 : 3 = 0.0204
  -- 3 : 4 = 0.9783
  -- 3 : 5 = 0.6641
  -- 3 : 6 = 0.0435
  -- 3 : 7 = 0.0398
  -- 3 : 8 = 0.4598
  -- 3 : 9 = 0.066
  -- 3 : 10 = 0.9468
  -- 4 : 1 = 0.9069
  -- 4 : 2 = 0.246
  -- 4 : 3 = 0.065
  -- 4 : 4 = 0.4065
  -- 4 : 5 = 0.212
  -- 4 : 6 = 0.3915
  -- 4 : 7 = 0.3374
  -- 4 : 8 = 0.208
  -- 4 : 9 = 0.2408
  -- 4 : 10 = 0.244
  -- 5 : 1 = 0.784
  -- 5 : 2 = 0.4828
  -- 5 : 3 = 0.9058
  -- 5 : 4 = 0.077
  -- 5 : 5 = 0.9925
  -- 5 : 6 = 0.0065
  -- 5 : 7 = 0.6687
  -- 5 : 8 = 0.6531
  -- 5 : 9 = 0.1312
  -- 5 : 10 = 0.7149
  -- 6 : 1 = 0.3802
  -- 6 : 2 = 0.7461
  -- 6 : 3 = 0.0464
  -- 6 : 4 = 0.2029
  -- 6 : 5 = 0.785
  -- 6 : 6 = 0.359
  -- 6 : 7 = 0.2729
  -- 6 : 8 = 0.4262
  -- 6 : 9 = 0.4481
  -- 6 : 10 = 0.9071
  -- 7 : 1 = 0.0247
  -- 7 : 2 = 0.9413
  -- 7 : 3 = 0.8676
  -- 7 : 4 = 0.2449
  -- 7 : 5 = 0.0081
  -- 7 : 6 = 0.1353
  -- 7 : 7 = 0.0667
  -- 7 : 8 = 0.5137
  -- 7 : 9 = 0.697
  -- 7 : 10 = 0.0848
  -- 8 : 1 = 0.3851
  -- 8 : 2 = 0.9014
  -- 8 : 3 = 0.3774
  -- 8 : 4 = 0.4063
  -- 8 : 5 = 0.5923
  -- 8 : 6 = 0.264
  -- 8 : 7 = 0.8395
  -- 8 : 8 = 0.7382
  -- 8 : 9 = 0.2132
  -- 8 : 10 = 0.6219
  -- 9 : 1 = 0.9373
  -- 9 : 2 = 0.2594
  -- 9 : 3 = 0.4661
  -- 9 : 4 = 0.0325
  -- 9 : 5 = 0.8943
  -- 9 : 6 = 0.1189
  -- 9 : 7 = 0.0229
  -- 9 : 8 = 0.9324
  -- 9 : 9 = 0.9566
  -- 9 : 10 = 0.9475
  -- 10 : 1 = 0.181
  -- 10 : 2 = 0.0955
  -- 10 : 3 = 0.7216
  -- 10 : 4 = 0.7295
  -- 10 : 5 = 0.1466
  -- 10 : 6 = 0.1911
  -- 10 : 7 = 0.9558
  -- 10 : 8 = 0.2486
  -- 10 : 9 = 0.3408
  -- 10 : 10 = 0.3829
  Inner Net 2
  -- 1 : 1 = 0.0782
  -- 1 : 2 = 0.3865
  -- 1 : 3 = 0.6161
  -- 1 : 4 = 0.875
  -- 2 : 1 = 0.3388
  -- 2 : 2 = 0.1681
  -- 2 : 3 = 0.9991
  -- 2 : 4 = 0.1381
  -- 3 : 1 = 0.0809
  -- 3 : 2 = 0.427
  -- 3 : 3 = 0.3565
  -- 3 : 4 = 0.9993
  -- 4 : 1 = 0.4124
  -- 4 : 2 = 0.0513
  -- 4 : 3 = 0.1541
  -- 4 : 4 = 0.8198
  -- 5 : 1 = 0.9961
  -- 5 : 2 = 0.1723
  -- 5 : 3 = 0.2583
  -- 5 : 4 = 0.5617
  -- 6 : 1 = 0.7303
  -- 6 : 2 = 0.8276
  -- 6 : 3 = 0.2906
  -- 6 : 4 = 0.5811
  -- 7 : 1 = 0.0311
  -- 7 : 2 = 0.9536
  -- 7 : 3 = 0.0824
  -- 7 : 4 = 0.1653
  -- 8 : 1 = 0.9313
  -- 8 : 2 = 0.8352
  -- 8 : 3 = 0.0333
  -- 8 : 4 = 0.9902
  -- 9 : 1 = 0.0497
  -- 9 : 2 = 0.6725
  -- 9 : 3 = 0.0752
  -- 9 : 4 = 0.4521
  -- 10 : 1 = 0.6258
  -- 10 : 2 = 0.545
  -- 10 : 3 = 0.6149
  -- 10 : 4 = 0.2218
  Inner Net 3
  -- 1 : 1 = 0.331829
  -- 1 : 2 = -0.359019
  -- 2 : 1 = -0.279619
  -- 2 : 2 = 0.387297
  -- 3 : 1 = 0.206759
  -- 3 : 2 = -0.0764656
  -- 4 : 1 = -0.228195
  -- 4 : 2 = 0.315639
Out\Act	False		True
False	0	0.84198	0.84198
True	0	0.15802	0.15802
	0	1
	Accuracy [ (tp + tn) / testSize ]: 0.15802
	Precision [ tp / (tp + fp) ]:      0.157945
	Sensitivity [ tp / (tp + fn) ]:    0.996997
	Specificity [ tn / (tn + fp) ]:    0
	F-Score [ 2tp / (2tp + fp + fn) ]: 0.272802
Particle (17):: Fit: 8.9439	PB: 8.9439	LB: 9.92028	GB: 9.92028	Conf: 0.867783	Pts: 75269
Particle (23):: Fit: 8.65355	PB: 8.65355	LB: 9.92028	GB: 9.92028	Conf: 0.262647	Pts: 55570
Particle (33):: Fit: 8.94625	PB: 8.94625	LB: 9.89912	GB: 9.92028	Conf: 0.759715	Pts: 90369
Particle (39):: Fit: 7.98585	PB: 7.98585	LB: 9.92007	GB: 9.92028	Conf: 0.758012	Pts: 70369
Particle (49):: Fit: 9.91322	PB: 9.91322	LB: 9.91322	GB: 9.92028	Conf: 0.808071	Pts: 105368
Particle (16):: Fit: 8.94704	PB: 8.94704	LB: 9.92028	GB: 9.92028	Conf: 0.775333	Pts: 100366
Particle (36):: Fit: 7.98827	PB: 7.98827	LB: 9.92007	GB: 9.92028	Conf: 0.703853	Pts: 95364
Particle (43):: Fit: 7.94445	PB: 7.94445	LB: 9.92007	GB: 9.92028	Conf: 0.937642	Pts: 50464
Particle (47):: Fit: 8.71745	PB: 8.71745	LB: 9.91322	GB: 9.92028	Conf: 0.31821	Pts: 55364
Particle (36):: Fit: 8.94744	PB: 8.94744	LB: 9.92007	GB: 9.92028	Conf: 0.810128	Pts: 95461
Particle (34):: Fit: 9.91639	PB: 9.91639	LB: 9.91639	GB: 9.92028	Conf: 0.830699	Pts: 85459
Particle (29):: Fit: 7.9598	PB: 7.9598	LB: 9.91639	GB: 9.92028	Conf: 0.893887	Pts: 55459
Particle (39):: Fit: 8.94748	PB: 8.94748	LB: 9.92007	GB: 9.92028	Conf: 0.792499	Pts: 70457
Particle (29):: Fit: 8.94494	PB: 8.94494	LB: 9.91639	GB: 9.92028	Conf: 0.742708	Pts: 55555
Particle (47):: Fit: 8.94749	PB: 8.94749	LB: 9.91322	GB: 9.92028	Conf: 0.793397	Pts: 55454
Particle (47):: Fit: 9.8787	PB: 9.8787	LB: 9.91322	GB: 9.92028	Conf: 0.688022	Pts: 55552
Particle (20):: Fit: 8.89563	PB: 8.89563	LB: 9.92028	GB: 9.92028	Conf: 0.554178	Pts: 55649
Particle (18):: Fit: 8.88484	PB: 8.88484	LB: 9.92028	GB: 9.92028	Conf: 0.531766	Pts: 80447
Particle (44):: Fit: 8.94752	PB: 8.94752	LB: 9.92007	GB: 9.92028	Conf: 0.801589	Pts: 50347
Particle (22):: Fit: 9.43174	PB: 9.43174	LB: 9.92028	GB: 9.92028	Conf: 0.247376	Pts: 105343
Particle (23):: Fit: 8.69282	PB: 8.69282	LB: 9.92028	GB: 9.92028	Conf: 0.295899	Pts: 55640
Particle (25):: Fit: 9.78544	PB: 9.78544	LB: 9.92028	GB: 9.92028	Conf: 0.538078	Pts: 80237
Particle (30):: Fit: 7.98505	PB: 7.98505	LB: 9.91639	GB: 9.92028	Conf: 0.633122	Pts: 65533
Particle (1):: Fit: 9.91957	PB: 9.91957	LB: 9.91957	GB: 9.92028	Conf: 0.932636	Pts: 160234
Particle (48):: Fit: 9.86951	PB: 9.86951	LB: 9.91957	GB: 9.92028	Conf: 0.667657	Pts: 105326
Particle (46):: Fit: 8.94716	PB: 8.94716	LB: 9.91957	GB: 9.92028	Conf: 0.7786	Pts: 50430
Particle (3):: Fit: 8.94724	PB: 8.94724	LB: 9.91957	GB: 9.92028	Conf: 0.780887	Pts: 110425
Particle (6):: Fit: 7.91598	PB: 7.91598	LB: 9.89082	GB: 9.92028	Conf: 0.400548	Pts: 80426
Particle (12):: Fit: 8.9453	PB: 8.9453	LB: 9.91382	GB: 9.92028	Conf: 0.853144	Pts: 105327
Particle (43):: Fit: 7.987	PB: 7.987	LB: 9.92007	GB: 9.92028	Conf: 0.657887	Pts: 50521
Particle (19):: Fit: 7.98824	PB: 7.98824	LB: 9.92028	GB: 9.92028	Conf: 0.706703	Pts: 55520
Particle (20):: Fit: 8.94684	PB: 8.94684	LB: 9.92028	GB: 9.92028	Conf: 0.829492	Pts: 55722
Particle (32):: Fit: 8.91574	PB: 8.91574	LB: 9.91639	GB: 9.92028	Conf: 0.995373	Pts: 75419
Particle (5):: Fit: 9.88854	PB: 9.88854	LB: 9.91957	GB: 9.92028	Conf: 0.712922	Pts: 75419
Particle (4):: Fit: 9.42376	PB: 9.42376	LB: 9.91957	GB: 9.92028	Conf: 0.242417	Pts: 55619
Particle (30):: Fit: 8.81713	PB: 8.81713	LB: 9.91639	GB: 9.92028	Conf: 0.426029	Pts: 65613
Particle (43):: Fit: 8.94337	PB: 8.94337	LB: 9.92007	GB: 9.92028	Conf: 0.727417	Pts: 50611
Particle (5):: Fit: 9.89493	PB: 9.89493	LB: 9.91957	GB: 9.92028	Conf: 0.731534	Pts: 85508
Particle (30):: Fit: 9.90411	PB: 9.90411	LB: 9.91639	GB: 9.92028	Conf: 0.763654	Pts: 80707
Particle (27):: Fit: 8.9461	PB: 8.9461	LB: 9.90411	GB: 9.92028	Conf: 0.757462	Pts: 90404
Particle (36):: Fit: 9.58485	PB: 9.58485	LB: 9.92007	GB: 9.92028	Conf: 0.270509	Pts: 95498
Particle (25):: Fit: 9.92042	PB: 9.92042	LB: 9.92042	GB: 9.92042	Conf: 0.892964	Pts: 140297
Global: 9.92042 - Correct: 90% of 10 tests
Global Best: 
  Inner Net 1
  -- 1 : 1 = 0.7769
  -- 1 : 2 = 0.4742
  -- 1 : 3 = 0.9938
  -- 1 : 4 = 0.9223
  -- 1 : 5 = 0.4112
  -- 1 : 6 = 0.444
  -- 1 : 7 = 0.7925
  -- 1 : 8 = 0.7622
  -- 1 : 9 = 0.148
  -- 1 : 10 = 0.0432
  -- 2 : 1 = 0.3206
  -- 2 : 2 = 0.2168
  -- 2 : 3 = 0.0035
  -- 2 : 4 = 0.1054
  -- 2 : 5 = 0.5124
  -- 2 : 6 = 0.8783
  -- 2 : 7 = 0.2516
  -- 2 : 8 = 0.3394
  -- 2 : 9 = 0.0147
  -- 2 : 10 = 0.9571
  -- 3 : 1 = 0.5562
  -- 3 : 2 = 0.1693
  -- 3 : 3 = 0.3294
  -- 3 : 4 = 0.2621
  -- 3 : 5 = 0.4152
  -- 3 : 6 = 0.8758
  -- 3 : 7 = 0.9921
  -- 3 : 8 = 0.1838
  -- 3 : 9 = 0.2423
  -- 3 : 10 = 0.251
  -- 4 : 1 = 0.1638
  -- 4 : 2 = 0.9429
  -- 4 : 3 = 0.1341
  -- 4 : 4 = 0.7701
  -- 4 : 5 = 0.1022
  -- 4 : 6 = 0.9713
  -- 4 : 7 = 0.2032
  -- 4 : 8 = 0.2158
  -- 4 : 9 = 0.8899
  -- 4 : 10 = 0.1364
  -- 5 : 1 = 0.8006
  -- 5 : 2 = 0.2673
  -- 5 : 3 = 0.5003
  -- 5 : 4 = 0.1849
  -- 5 : 5 = 0.6175
  -- 5 : 6 = 0.7585
  -- 5 : 7 = 0.9023
  -- 5 : 8 = 0.8215
  -- 5 : 9 = 0.8805
  -- 5 : 10 = 0.6701
  -- 6 : 1 = 0.1309
  -- 6 : 2 = 0.0933
  -- 6 : 3 = 0.5858
  -- 6 : 4 = 0.5162
  -- 6 : 5 = 0.0699
  -- 6 : 6 = 0.7729
  -- 6 : 7 = 0.1843
  -- 6 : 8 = 0.4032
  -- 6 : 9 = 0.7053
  -- 6 : 10 = 0.9452
  -- 7 : 1 = 0.2956
  -- 7 : 2 = 0.9763
  -- 7 : 3 = 0.9512
  -- 7 : 4 = 0.404
  -- 7 : 5 = 0.8012
  -- 7 : 6 = 0.2102
  -- 7 : 7 = 0.9416
  -- 7 : 8 = 0.0613
  -- 7 : 9 = 0.4482
  -- 7 : 10 = 0.9627
  -- 8 : 1 = 0.4607
  -- 8 : 2 = 0.0648
  -- 8 : 3 = 0.4208
  -- 8 : 4 = 0.2062
  -- 8 : 5 = 0.0847
  -- 8 : 6 = 0.0157
  -- 8 : 7 = 0.2431
  -- 8 : 8 = 0.7459
  -- 8 : 9 = 0.1802
  -- 8 : 10 = 0.0879
  -- 9 : 1 = 0.7476
  -- 9 : 2 = 0.1085
  -- 9 : 3 = 0.1352
  -- 9 : 4 = 0.1013
  -- 9 : 5 = 0.6241
  -- 9 : 6 = 0.2416
  -- 9 : 7 = 0.6745
  -- 9 : 8 = 0.7983
  -- 9 : 9 = 0.9183
  -- 9 : 10 = 0.0009
  -- 10 : 1 = 0.6347
  -- 10 : 2 = 0.7137
  -- 10 : 3 = 0.0826
  -- 10 : 4 = 0.3869
  -- 10 : 5 = 0.515
  -- 10 : 6 = 0.6559
  -- 10 : 7 = 0.7981
  -- 10 : 8 = 0.4463
  -- 10 : 9 = 0.0982
  -- 10 : 10 = 0.6987
  Inner Net 2
  -- 1 : 1 = -0.0536
  -- 1 : 2 = 0.4878
  -- 1 : 3 = -0.0855
  -- 1 : 4 = 0.3074
  -- 2 : 1 = 0.1015
  -- 2 : 2 = 0.3382
  -- 2 : 3 = 0.111852
  -- 2 : 4 = 0.565061
  -- 3 : 1 = 0.110558
  -- 3 : 2 = 0.1382
  -- 3 : 3 = 0.163029
  -- 3 : 4 = 0.102247
  -- 4 : 1 = 0.5073
  -- 4 : 2 = 0.535255
  -- 4 : 3 = 0.466
  -- 4 : 4 = 0.3155
  -- 5 : 1 = 0.991794
  -- 5 : 2 = 0.152442
  -- 5 : 3 = 0.225807
  -- 5 : 4 = -0.0959293
  -- 6 : 1 = 0.5451
  -- 6 : 2 = 0.3202
  -- 6 : 3 = -0.0148
  -- 6 : 4 = -0.0335645
  -- 7 : 1 = 0.0164244
  -- 7 : 2 = 0.308092
  -- 7 : 3 = 0.0769022
  -- 7 : 4 = 0.0779
  -- 8 : 1 = 0.821913
  -- 8 : 2 = 0.392691
  -- 8 : 3 = 0.300354
  -- 8 : 4 = 0.710464
  -- 9 : 1 = 0.375058
  -- 9 : 2 = 0.0159
  -- 9 : 3 = 0.2265
  -- 9 : 4 = 0.120347
  -- 10 : 1 = 0.6594
  -- 10 : 2 = 0.583162
  -- 10 : 3 = -0.0245
  -- 10 : 4 = -0.130889
  Inner Net 3
  -- 1 : 1 = 0.18192
  -- 1 : 2 = -0.418474
  -- 2 : 1 = 0.0277702
  -- 2 : 2 = 0.278128
  -- 3 : 1 = -0.172453
  -- 3 : 2 = -0.0451247
  -- 4 : 1 = -0.000839407
  -- 4 : 2 = -0.154579
Out\Act	False		True
False	0	0.84198	0.84198
True	0	0.15802	0.15802
	0	1
	Accuracy [ (tp + tn) / testSize ]: 0.15802
	Precision [ tp / (tp + fp) ]:      0.157945
	Sensitivity [ tp / (tp + fn) ]:    0.996997
	Specificity [ tn / (tn + fp) ]:    0
	F-Score [ 2tp / (2tp + fp + fn) ]: 0.272802
Particle (3):: Fit: 9.78849	PB: 9.78849	LB: 9.91957	GB: 9.92042	Conf: 0.541806	Pts: 110486
Particle (35):: Fit: 9.56916	PB: 9.56916	LB: 9.92007	GB: 9.92042	Conf: 0.340202	Pts: 90487
Particle (37):: Fit: 8.93966	PB: 8.93966	LB: 9.92007	GB: 9.92042	Conf: 0.899439	Pts: 85287
Particle (19):: Fit: 9.53625	PB: 9.53625	LB: 9.92028	GB: 9.92042	Conf: 0.184271	Pts: 55587
Particle (6):: Fit: 7.97486	PB: 7.97486	LB: 9.89493	GB: 9.92042	Conf: 0.565086	Pts: 80483
Particle (18):: Fit: 9.90156	PB: 9.90156	LB: 9.92028	GB: 9.92042	Conf: 0.753894	Pts: 80479
Particle (42):: Fit: 9.89991	PB: 9.89991	LB: 9.92007	GB: 9.92042	Conf: 0.747955	Pts: 50473
Particle (16):: Fit: 9.66685	PB: 9.66685	LB: 9.92028	GB: 9.92042	Conf: 0.418058	Pts: 100374
Particle (24):: Fit: 8.94727	PB: 8.94727	LB: 9.92042	GB: 9.92042	Conf: 0.817827	Pts: 80674
Particle (14):: Fit: 9.67882	PB: 9.67882	LB: 9.91382	GB: 9.92042	Conf: 0.428584	Pts: 75572
Particle (17):: Fit: 8.94586	PB: 8.94586	LB: 9.92028	GB: 9.92042	Conf: 0.845954	Pts: 75261
Particle (0):: Fit: 9.62434	PB: 9.62434	LB: 9.91957	GB: 9.92042	Conf: 0.382578	Pts: 155661
Particle (6):: Fit: 8.90046	PB: 8.90046	LB: 9.89493	GB: 9.92042	Conf: 0.565086	Pts: 80557
Particle (6):: Fit: 9.8067	PB: 9.8067	LB: 9.89493	GB: 9.92042	Conf: 0.565086	Pts: 80643
Particle (20):: Fit: 10.0051	PB: 10.0051	LB: 10.0051	GB: 10.0051	Conf: 0.680685	Pts: 115739
Global: 10.0051 - Correct: 90.9091% of 11 tests
Global Best: 
  Inner Net 1
  -- 1 : 1 = 0.1241
  -- 1 : 2 = 0.1308
  -- 1 : 3 = 0.9967
  -- 1 : 4 = 0.8832
  -- 1 : 5 = 0.045
  -- 1 : 6 = 0.6988
  -- 1 : 7 = 0.827
  -- 1 : 8 = 0.0134
  -- 1 : 9 = 0.4756
  -- 1 : 10 = 0.3351
  -- 2 : 1 = 0.2799
  -- 2 : 2 = 0.1957
  -- 2 : 3 = 0.3222
  -- 2 : 4 = 0.0756
  -- 2 : 5 = 0.3432
  -- 2 : 6 = 0.3255
  -- 2 : 7 = 0.1289
  -- 2 : 8 = 0.2806
  -- 2 : 9 = 0.8754
  -- 2 : 10 = 0.2467
  -- 3 : 1 = 0.2358
  -- 3 : 2 = 0.0143
  -- 3 : 3 = 0.6395
  -- 3 : 4 = 0.7376
  -- 3 : 5 = 0.0838
  -- 3 : 6 = 0.8625
  -- 3 : 7 = 0.6649
  -- 3 : 8 = 0.4955
  -- 3 : 9 = 0.988
  -- 3 : 10 = 0.7638
  -- 4 : 1 = 0.464
  -- 4 : 2 = 0.3879
  -- 4 : 3 = 0.3054
  -- 4 : 4 = 0.3424
  -- 4 : 5 = 0.9909
  -- 4 : 6 = 0.7269
  -- 4 : 7 = 0.0009
  -- 4 : 8 = 0.4083
  -- 4 : 9 = 0.3428
  -- 4 : 10 = 0.8965
  -- 5 : 1 = 0.0439
  -- 5 : 2 = 0.4514
  -- 5 : 3 = 0.3231
  -- 5 : 4 = 0.0716
  -- 5 : 5 = 0.4521
  -- 5 : 6 = 0.0903
  -- 5 : 7 = 0.1
  -- 5 : 8 = 0.0998
  -- 5 : 9 = 0.5418
  -- 5 : 10 = 0.2231
  -- 6 : 1 = 0.4001
  -- 6 : 2 = 0.0525
  -- 6 : 3 = 0.1981
  -- 6 : 4 = 0.8565
  -- 6 : 5 = 0.3634
  -- 6 : 6 = 0.409
  -- 6 : 7 = 0.111
  -- 6 : 8 = 0.2998
  -- 6 : 9 = 0.1611
  -- 6 : 10 = 0.0412
  -- 7 : 1 = 0.406
  -- 7 : 2 = 0.8069
  -- 7 : 3 = 0.3499
  -- 7 : 4 = 0.0247
  -- 7 : 5 = 0.3821
  -- 7 : 6 = 0.4776
  -- 7 : 7 = 0.0464
  -- 7 : 8 = 0.0607
  -- 7 : 9 = 0.1891
  -- 7 : 10 = 0.4835
  -- 8 : 1 = 0.4671
  -- 8 : 2 = 0.4533
  -- 8 : 3 = 0.8165
  -- 8 : 4 = 0.8315
  -- 8 : 5 = 0.239
  -- 8 : 6 = 0.8465
  -- 8 : 7 = 0.3345
  -- 8 : 8 = 0.1149
  -- 8 : 9 = 0.7488
  -- 8 : 10 = 0.0944
  -- 9 : 1 = 0.7128
  -- 9 : 2 = 0.3568
  -- 9 : 3 = 0.2313
  -- 9 : 4 = 0.0224
  -- 9 : 5 = 0.5883
  -- 9 : 6 = 0.4409
  -- 9 : 7 = 0.8914
  -- 9 : 8 = 0.4074
  -- 9 : 9 = 0.1541
  -- 9 : 10 = 0.6366
  -- 10 : 1 = 0.6712
  -- 10 : 2 = 0.3647
  -- 10 : 3 = 0.0953
  -- 10 : 4 = 0.7132
  -- 10 : 5 = 0.0624
  -- 10 : 6 = 0.2103
  -- 10 : 7 = 0.0029
  -- 10 : 8 = 0.302
  -- 10 : 9 = 0.6854
  -- 10 : 10 = 0.5829
  Inner Net 2
  -- 1 : 1 = 0.118967
  -- 1 : 2 = 0.553654
  -- 1 : 3 = -0.125904
  -- 1 : 4 = -0.0373073
  -- 2 : 1 = -0.00862041
  -- 2 : 2 = 0.173211
  -- 2 : 3 = -0.0439007
  -- 2 : 4 = 0.118455
  -- 3 : 1 = 0.0875247
  -- 3 : 2 = -0.0374827
  -- 3 : 3 = -0.118388
  -- 3 : 4 = 0.462422
  -- 4 : 1 = 0.112806
  -- 4 : 2 = 0.559057
  -- 4 : 3 = 0.0709939
  -- 4 : 4 = 0.0928497
  -- 5 : 1 = 1
  -- 5 : 2 = 0.184178
  -- 5 : 3 = 0.215833
  -- 5 : 4 = 0.3559
  -- 6 : 1 = 0.242956
  -- 6 : 2 = 0.150047
  -- 6 : 3 = -0.211779
  -- 6 : 4 = 0.0848602
  -- 7 : 1 = 0.087344
  -- 7 : 2 = 0.0372622
  -- 7 : 3 = 0.0501405
  -- 7 : 4 = -0.234395
  -- 8 : 1 = 0.270569
  -- 8 : 2 = -0.0681449
  -- 8 : 3 = -0.149563
  -- 8 : 4 = -0.164021
  -- 9 : 1 = 0.308813
  -- 9 : 2 = -0.0556625
  -- 9 : 3 = 0.794534
  -- 9 : 4 = 0.210604
  -- 10 : 1 = 0.204474
  -- 10 : 2 = 0.370561
  -- 10 : 3 = 0.0607335
  -- 10 : 4 = 0.202613
  Inner Net 3
  -- 1 : 1 = 0.320223
  -- 1 : 2 = -0.11295
  -- 2 : 1 = -0.400749
  -- 2 : 2 = -0.0325255
  -- 3 : 1 = 0.124872
  -- 3 : 2 = 0.222873
  -- 4 : 1 = -0.140948
  -- 4 : 2 = 0.225131
Out\Act	False		True
False	0	0.84198	0.84198
True	0	0.15802	0.15802
	0	1
	Accuracy [ (tp + tn) / testSize ]: 0.15802
	Precision [ tp / (tp + fp) ]:      0.157945
	Sensitivity [ tp / (tp + fn) ]:    0.996997
	Specificity [ tn / (tn + fp) ]:    0
	F-Score [ 2tp / (2tp + fp + fn) ]: 0.272802
Particle (7):: Fit: 9.18275	PB: 9.18275	LB: 9.89493	GB: 10.0051	Conf: 0.107676	Pts: 95434
Particle (37):: Fit: 9.92047	PB: 9.92047	LB: 9.92047	GB: 10.0051	Conf: 0.899439	Pts: 135320
Particle (43):: Fit: 9.59995	PB: 9.59995	LB: 9.92007	GB: 10.0051	Conf: 0.363399	Pts: 50608
Particle (33):: Fit: 22.5081	PB: 22.5081	LB: 22.5081	GB: 22.5081	Conf: 0.0794509	Pts: 150293
Global: 22.5081 - Correct: 50% of 10 tests
Global Best: 
  Inner Net 1
  -- 1 : 1 = 0.8056
  -- 1 : 2 = 0.4599
  -- 1 : 3 = 0.018
  -- 1 : 4 = -0.1759
  -- 1 : 5 = 0.1339
  -- 1 : 6 = 0.427
  -- 1 : 7 = 0.233433
  -- 1 : 8 = -0.2094
  -- 1 : 9 = 0.488676
  -- 1 : 10 = 0.373112
  -- 2 : 1 = 0.3126
  -- 2 : 2 = -0.0708621
  -- 2 : 3 = 0.0753
  -- 2 : 4 = 0.2843
  -- 2 : 5 = 0.1081
  -- 2 : 6 = -0.0371
  -- 2 : 7 = 0.387439
  -- 2 : 8 = 0.0129576
  -- 2 : 9 = 0.215207
  -- 2 : 10 = 0.440632
  -- 3 : 1 = 0.845923
  -- 3 : 2 = -0.0182
  -- 3 : 3 = -0.1005
  -- 3 : 4 = 0.2664
  -- 3 : 5 = 0.1525
  -- 3 : 6 = -0.0115168
  -- 3 : 7 = 0.246624
  -- 3 : 8 = 0.18725
  -- 3 : 9 = 0.360275
  -- 3 : 10 = 0.163906
  -- 4 : 1 = 0.331103
  -- 4 : 2 = 0.1964
  -- 4 : 3 = 0.085603
  -- 4 : 4 = 0.4877
  -- 4 : 5 = 0.1435
  -- 4 : 6 = 0.125072
  -- 4 : 7 = 0.0165
  -- 4 : 8 = -0.0331
  -- 4 : 9 = -0.129931
  -- 4 : 10 = 0.480603
  -- 5 : 1 = 0.6812
  -- 5 : 2 = -0.2388
  -- 5 : 3 = 0.0753528
  -- 5 : 4 = 0.111477
  -- 5 : 5 = -0.0735
  -- 5 : 6 = 0.364481
  -- 5 : 7 = 0.141084
  -- 5 : 8 = 0.22868
  -- 5 : 9 = 0.482293
  -- 5 : 10 = 0.144229
  -- 6 : 1 = 0.674253
  -- 6 : 2 = -0.0219934
  -- 6 : 3 = 0.258
  -- 6 : 4 = -0.114862
  -- 6 : 5 = 0.107322
  -- 6 : 6 = -0.0773421
  -- 6 : 7 = 0.379207
  -- 6 : 8 = 0.3442
  -- 6 : 9 = -0.140729
  -- 6 : 10 = 0.3896
  -- 7 : 1 = 0.7087
  -- 7 : 2 = -0.0449
  -- 7 : 3 = 0.127194
  -- 7 : 4 = 0.0197527
  -- 7 : 5 = 0.0383
  -- 7 : 6 = 0.209226
  -- 7 : 7 = 0.3303
  -- 7 : 8 = 0.126667
  -- 7 : 9 = 0.0989195
  -- 7 : 10 = 0.132801
  -- 8 : 1 = 0.746572
  -- 8 : 2 = 0.096851
  -- 8 : 3 = 0.3126
  -- 8 : 4 = 0.121076
  -- 8 : 5 = -0.0170617
  -- 8 : 6 = 0.3761
  -- 8 : 7 = 0.1502
  -- 8 : 8 = 0.3661
  -- 8 : 9 = 0.308399
  -- 8 : 10 = 0.2653
  -- 9 : 1 = 0.472946
  -- 9 : 2 = -0.218504
  -- 9 : 3 = 0.1639
  -- 9 : 4 = 0.3707
  -- 9 : 5 = -0.0054
  -- 9 : 6 = 0.218027
  -- 9 : 7 = 0.176834
  -- 9 : 8 = 0.153232
  -- 9 : 9 = 0.342
  -- 9 : 10 = 0.0065
  -- 10 : 1 = 0.669663
  -- 10 : 2 = -0.212187
  -- 10 : 3 = 0.331
  -- 10 : 4 = -0.0393
  -- 10 : 5 = 0.273251
  -- 10 : 6 = -0.1569
  -- 10 : 7 = 0.0237
  -- 10 : 8 = 0.00300442
  -- 10 : 9 = -0.1905
  -- 10 : 10 = -0.0661116
  Inner Net 2
  -- 1 : 1 = 0.366488
  -- 1 : 2 = 0.982225
  -- 1 : 3 = -0.137934
  -- 1 : 4 = 0.490635
  -- 2 : 1 = 0.0069883
  -- 2 : 2 = 0.443003
  -- 2 : 3 = 0.203624
  -- 2 : 4 = 0.369963
  -- 3 : 1 = 0.914631
  -- 3 : 2 = 0.0604309
  -- 3 : 3 = -0.0662506
  -- 3 : 4 = 0.192606
  -- 4 : 1 = 0.792011
  -- 4 : 2 = 0.289692
  -- 4 : 3 = 0.513994
  -- 4 : 4 = 0.422062
  -- 5 : 1 = 0.120086
  -- 5 : 2 = -0.0180264
  -- 5 : 3 = -0.0755518
  -- 5 : 4 = 0.620665
  -- 6 : 1 = -0.109681
  -- 6 : 2 = 0.199432
  -- 6 : 3 = -0.0119124
  -- 6 : 4 = 0.0269815
  -- 7 : 1 = 0.151373
  -- 7 : 2 = 0.464431
  -- 7 : 3 = 0.292402
  -- 7 : 4 = 0.596674
  -- 8 : 1 = 0
  -- 8 : 2 = 0.464839
  -- 8 : 3 = 0.124504
  -- 8 : 4 = -0.10559
  -- 9 : 1 = 0.0576473
  -- 9 : 2 = -0.0815235
  -- 9 : 3 = 0.449758
  -- 9 : 4 = 0.321394
  -- 10 : 1 = 0.563436
  -- 10 : 2 = 0.598401
  -- 10 : 3 = 0.433172
  -- 10 : 4 = 0.0456255
  Inner Net 3
  -- 1 : 1 = 0.186845
  -- 1 : 2 = -0.237972
  -- 2 : 1 = 0.423356
  -- 2 : 2 = 0.338493
  -- 3 : 1 = -0.412761
  -- 3 : 2 = -0.0168999
  -- 4 : 1 = 0.103311
  -- 4 : 2 = 0.188994
Out\Act	False		True
False	0.456925	0.385055	0.84198
True	0.0851975	0.0728225	0.15802
	0.542123	0.457877
	Accuracy [ (tp + tn) / testSize ]: 0.529748
	Precision [ tp / (tp + fp) ]:      0.158879
	Sensitivity [ tp / (tp + fn) ]:    0.459459
	Specificity [ tn / (tn + fp) ]:    0.542373
	F-Score [ 2tp / (2tp + fp + fn) ]: 0.236293
Particle (24):: Fit: 9.91471	PB: 9.91471	LB: 10.0051	GB: 22.5081	Conf: 0.817827	Pts: 80692
Particle (4):: Fit: 15.2233	PB: 15.2233	LB: 15.2233	GB: 22.5081	Conf: 0.151117	Pts: 105591
Particle (14):: Fit: 20.1215	PB: 20.1215	LB: 20.1215	GB: 22.5081	Conf: 0.379614	Pts: 125590
Particle (33):: Fit: 28.3668	PB: 28.3668	LB: 28.3668	GB: 28.3668	Conf: 0.06378	Pts: 210387
Global: 28.3668 - Correct: 80% of 10 tests
Global Best: 
  Inner Net 1
  -- 1 : 1 = 1
  -- 1 : 2 = 0.519403
  -- 1 : 3 = -0.119085
  -- 1 : 4 = -0.0589133
  -- 1 : 5 = -0.381774
  -- 1 : 6 = 0.0812292
  -- 1 : 7 = 0.386792
  -- 1 : 8 = 0.148818
  -- 1 : 9 = -0.0283936
  -- 1 : 10 = 0.295893
  -- 2 : 1 = 0.60576
  -- 2 : 2 = 0.0570436
  -- 2 : 3 = 0.330442
  -- 2 : 4 = -0.150518
  -- 2 : 5 = -0.126002
  -- 2 : 6 = 0.228012
  -- 2 : 7 = 0.367106
  -- 2 : 8 = 0.021666
  -- 2 : 9 = 0.11036
  -- 2 : 10 = 0.418171
  -- 3 : 1 = 0.861616
  -- 3 : 2 = 0.124078
  -- 3 : 3 = 0.0293308
  -- 3 : 4 = -0.0201418
  -- 3 : 5 = -0.0665652
  -- 3 : 6 = -0.0594049
  -- 3 : 7 = 0.194227
  -- 3 : 8 = -0.00456135
  -- 3 : 9 = 0.158824
  -- 3 : 10 = 0.236955
  -- 4 : 1 = 0.668165
  -- 4 : 2 = 0.0402399
  -- 4 : 3 = 0.118857
  -- 4 : 4 = 0.148787
  -- 4 : 5 = 0.35014
  -- 4 : 6 = -0.256218
  -- 4 : 7 = -0.116173
  -- 4 : 8 = -0.250143
  -- 4 : 9 = -0.0905735
  -- 4 : 10 = -0.042891
  -- 5 : 1 = 0.723659
  -- 5 : 2 = -0.354207
  -- 5 : 3 = 0.128527
  -- 5 : 4 = 0.0749179
  -- 5 : 5 = 0.0820658
  -- 5 : 6 = 0.0178027
  -- 5 : 7 = 0.122154
  -- 5 : 8 = -0.397677
  -- 5 : 9 = 0.646639
  -- 5 : 10 = 0.299377
  -- 6 : 1 = 0.846755
  -- 6 : 2 = -0.405351
  -- 6 : 3 = 0.0174185
  -- 6 : 4 = 0.0134514
  -- 6 : 5 = -0.187023
  -- 6 : 6 = -0.367964
  -- 6 : 7 = 0.388214
  -- 6 : 8 = 0.123025
  -- 6 : 9 = 0.062759
  -- 6 : 10 = 0.398595
  -- 7 : 1 = 0.680178
  -- 7 : 2 = -0.35338
  -- 7 : 3 = 0.105465
  -- 7 : 4 = 0.105216
  -- 7 : 5 = 0.100274
  -- 7 : 6 = 0.169552
  -- 7 : 7 = 0.235
  -- 7 : 8 = 0.234285
  -- 7 : 9 = -0.186125
  -- 7 : 10 = 0.304463
  -- 8 : 1 = 0.594405
  -- 8 : 2 = 0.0788878
  -- 8 : 3 = 0.292386
  -- 8 : 4 = -0.277225
  -- 8 : 5 = 0.00542677
  -- 8 : 6 = -0.13477
  -- 8 : 7 = 0.105608
  -- 8 : 8 = -0.149852
  -- 8 : 9 = 0.0962639
  -- 8 : 10 = 0.0053363
  -- 9 : 1 = 0.633565
  -- 9 : 2 = -0.27842
  -- 9 : 3 = 0.330894
  -- 9 : 4 = 0.0886658
  -- 9 : 5 = 0.223827
  -- 9 : 6 = 0.221045
  -- 9 : 7 = 0.381564
  -- 9 : 8 = -0.0226544
  -- 9 : 9 = 0.313781
  -- 9 : 10 = 0.224081
  -- 10 : 1 = 0.663304
  -- 10 : 2 = -0.0112072
  -- 10 : 3 = 0.0150748
  -- 10 : 4 = 0.117631
  -- 10 : 5 = 0.374927
  -- 10 : 6 = -0.187829
  -- 10 : 7 = -0.181695
  -- 10 : 8 = -0.081766
  -- 10 : 9 = 0.229229
  -- 10 : 10 = 0.0333051
  Inner Net 2
  -- 1 : 1 = 0.366488
  -- 1 : 2 = 0.982225
  -- 1 : 3 = -0.137934
  -- 1 : 4 = 0.490635
  -- 2 : 1 = 0.0069883
  -- 2 : 2 = 0.443003
  -- 2 : 3 = 0.203624
  -- 2 : 4 = 0.369963
  -- 3 : 1 = 0.914631
  -- 3 : 2 = 0.0604309
  -- 3 : 3 = -0.0662506
  -- 3 : 4 = 0.192606
  -- 4 : 1 = 0.792011
  -- 4 : 2 = 0.289692
  -- 4 : 3 = 0.513994
  -- 4 : 4 = 0.422062
  -- 5 : 1 = 0.120086
  -- 5 : 2 = -0.0180264
  -- 5 : 3 = -0.0755518
  -- 5 : 4 = 0.620665
  -- 6 : 1 = -0.109681
  -- 6 : 2 = 0.199432
  -- 6 : 3 = -0.0119124
  -- 6 : 4 = 0.0269815
  -- 7 : 1 = 0.151373
  -- 7 : 2 = 0.464431
  -- 7 : 3 = 0.292402
  -- 7 : 4 = 0.596674
  -- 8 : 1 = 0
  -- 8 : 2 = 0.464839
  -- 8 : 3 = 0.124504
  -- 8 : 4 = -0.10559
  -- 9 : 1 = 0.0576473
  -- 9 : 2 = -0.0815235
  -- 9 : 3 = 0.449758
  -- 9 : 4 = 0.321394
  -- 10 : 1 = 0.563436
  -- 10 : 2 = 0.598401
  -- 10 : 3 = 0.433172
  -- 10 : 4 = 0.0456255
  Inner Net 3
  -- 1 : 1 = 0.186845
  -- 1 : 2 = -0.237972
  -- 2 : 1 = 0.423356
  -- 2 : 2 = 0.338493
  -- 3 : 1 = -0.412761
  -- 3 : 2 = -0.0168999
  -- 4 : 1 = 0.103311
  -- 4 : 2 = 0.188994
Out\Act	False		True
False	0.706806	0.135174	0.84198
True	0.131842	0.026178	0.15802
	0.838648	0.161352
	Accuracy [ (tp + tn) / testSize ]: 0.732984
	Precision [ tp / (tp + fp) ]:      0.161765
	Sensitivity [ tp / (tp + fn) ]:    0.165165
	Specificity [ tn / (tn + fp) ]:    0.838983
	F-Score [ 2tp / (2tp + fp + fn) ]: 0.16369
Particle (4):: Fit: 23.0389	PB: 23.0389	LB: 23.0389	GB: 28.3668	Conf: 0.133762	Pts: 155685
Particle (42):: Fit: 9.90002	PB: 9.90002	LB: 9.92007	GB: 28.3668	Conf: 0.748192	Pts: 50479
Particle (4):: Fit: 24.0885	PB: 24.0885	LB: 24.0885	GB: 28.3668	Conf: 0.12444	Pts: 205776
Particle (4):: Fit: 27.9813	PB: 27.9813	LB: 27.9813	GB: 28.3668	Conf: 0.134031	Pts: 255873
Particle (16):: Fit: 9.78798	PB: 9.78798	LB: 20.1215	GB: 28.3668	Conf: 0.418058	Pts: 100370
Particle (4):: Fit: 38.646	PB: 38.646	LB: 38.646	GB: 38.646	Conf: 0.10009	Pts: 315968
Global: 38.646 - Correct: 90% of 10 tests
Global Best: 
  Inner Net 1
  -- 1 : 1 = 0.132196
  -- 1 : 2 = 0.147773
  -- 1 : 3 = 0.120919
  -- 1 : 4 = -0.11445
  -- 1 : 5 = 0.168016
  -- 1 : 6 = -0.0412251
  -- 1 : 7 = 0.471234
  -- 1 : 8 = 0.0461838
  -- 1 : 9 = -0.0836909
  -- 1 : 10 = -0.0147435
  -- 2 : 1 = 0.0714198
  -- 2 : 2 = -0.128961
  -- 2 : 3 = -0.088138
  -- 2 : 4 = -0.261894
  -- 2 : 5 = -0.202101
  -- 2 : 6 = 0.255289
  -- 2 : 7 = -0.243049
  -- 2 : 8 = 0.16441
  -- 2 : 9 = -0.333255
  -- 2 : 10 = 0.0296247
  -- 3 : 1 = 0.888754
  -- 3 : 2 = -0.0733831
  -- 3 : 3 = 0.271061
  -- 3 : 4 = -0.00532433
  -- 3 : 5 = 0.508817
  -- 3 : 6 = -0.037102
  -- 3 : 7 = 0.0507906
  -- 3 : 8 = -0.0872284
  -- 3 : 9 = 0.160337
  -- 3 : 10 = -0.228384
  -- 4 : 1 = 0.603184
  -- 4 : 2 = 0.0436155
  -- 4 : 3 = 0.282832
  -- 4 : 4 = -0.0235595
  -- 4 : 5 = -0.251173
  -- 4 : 6 = -0.0733355
  -- 4 : 7 = -0.134818
  -- 4 : 8 = -0.00564343
  -- 4 : 9 = 0.163453
  -- 4 : 10 = -0.120915
  -- 5 : 1 = 0.5
  -- 5 : 2 = 0.0542774
  -- 5 : 3 = -0.0897323
  -- 5 : 4 = 0.134335
  -- 5 : 5 = -0.418035
  -- 5 : 6 = -0.0016062
  -- 5 : 7 = -0.0169945
  -- 5 : 8 = -0.38558
  -- 5 : 9 = 0.0672609
  -- 5 : 10 = -0.068165
  -- 6 : 1 = 0.621085
  -- 6 : 2 = -0.162992
  -- 6 : 3 = 0.104185
  -- 6 : 4 = -0.328736
  -- 6 : 5 = -0.0741714
  -- 6 : 6 = -0.0388208
  -- 6 : 7 = 0.130354
  -- 6 : 8 = 0.148383
  -- 6 : 9 = -0.523681
  -- 6 : 10 = 0.122183
  -- 7 : 1 = 0.514075
  -- 7 : 2 = -0.140895
  -- 7 : 3 = 0.060645
  -- 7 : 4 = 0.0613664
  -- 7 : 5 = -0.0337405
  -- 7 : 6 = 0.150467
  -- 7 : 7 = 0.271718
  -- 7 : 8 = 0.170793
  -- 7 : 9 = 0.00209469
  -- 7 : 10 = -0.145577
  -- 8 : 1 = 0.544878
  -- 8 : 2 = -0.470756
  -- 8 : 3 = 0.0853558
  -- 8 : 4 = -0.222684
  -- 8 : 5 = -0.0228338
  -- 8 : 6 = 0.209089
  -- 8 : 7 = -0.0676851
  -- 8 : 8 = 0.00461311
  -- 8 : 9 = 0.232454
  -- 8 : 10 = 0.239415
  -- 9 : 1 = 0.819236
  -- 9 : 2 = -0.106405
  -- 9 : 3 = -0.202102
  -- 9 : 4 = -0.207574
  -- 9 : 5 = 0.123893
  -- 9 : 6 = -0.255996
  -- 9 : 7 = 0.0290252
  -- 9 : 8 = 0.126674
  -- 9 : 9 = -0.128117
  -- 9 : 10 = -0.037219
  -- 10 : 1 = 0.135031
  -- 10 : 2 = 0.475219
  -- 10 : 3 = 0.0507605
  -- 10 : 4 = 0.162686
  -- 10 : 5 = 0.0798281
  -- 10 : 6 = -0.0735244
  -- 10 : 7 = 0.451365
  -- 10 : 8 = -0.154244
  -- 10 : 9 = 0.0157838
  -- 10 : 10 = 0.785479
  Inner Net 2
  -- 1 : 1 = 0.0181271
  -- 1 : 2 = -0.5
  -- 1 : 3 = -0.115311
  -- 1 : 4 = 0.342054
  -- 2 : 1 = 0.826821
  -- 2 : 2 = 0.275212
  -- 2 : 3 = 0.237415
  -- 2 : 4 = 0.192768
  -- 3 : 1 = 0.323677
  -- 3 : 2 = 0.270118
  -- 3 : 3 = 0.355128
  -- 3 : 4 = 0.706871
  -- 4 : 1 = 0.859879
  -- 4 : 2 = 0.568396
  -- 4 : 3 = 0.438772
  -- 4 : 4 = 0.317909
  -- 5 : 1 = -0.0283189
  -- 5 : 2 = 0.479732
  -- 5 : 3 = 0.00797831
  -- 5 : 4 = 0.873321
  -- 6 : 1 = 0.325256
  -- 6 : 2 = 0.329131
  -- 6 : 3 = 0.258031
  -- 6 : 4 = 0.449435
  -- 7 : 1 = 0.240545
  -- 7 : 2 = 0.697863
  -- 7 : 3 = 0.18762
  -- 7 : 4 = 0.0549102
  -- 8 : 1 = 0.241559
  -- 8 : 2 = -0.165145
  -- 8 : 3 = 0.205086
  -- 8 : 4 = -0.152221
  -- 9 : 1 = 0.285765
  -- 9 : 2 = 0.404131
  -- 9 : 3 = 0.597345
  -- 9 : 4 = -0.0266662
  -- 10 : 1 = 0.577965
  -- 10 : 2 = 0.523695
  -- 10 : 3 = -0.115692
  -- 10 : 4 = 0.084567
  Inner Net 3
  -- 1 : 1 = 0.219187
  -- 1 : 2 = 0.0870011
  -- 2 : 1 = -0.256641
  -- 2 : 2 = -0.100989
  -- 3 : 1 = 0.0229605
  -- 3 : 2 = 0.342338
  -- 4 : 1 = -0.0561188
  -- 4 : 2 = -0.246471
Out\Act	False		True
False	0.157544	0.684436	0.84198
True	0.0237982	0.134222	0.15802
	0.181342	0.818658
	Accuracy [ (tp + tn) / testSize ]: 0.291766
	Precision [ tp / (tp + fp) ]:      0.163858
	Sensitivity [ tp / (tp + fn) ]:    0.846847
	Specificity [ tn / (tn + fp) ]:    0.187006
	F-Score [ 2tp / (2tp + fp + fn) ]: 0.27472
Particle (34):: Fit: 31.4278	PB: 31.4278	LB: 31.4278	GB: 38.646	Conf: 0.09082	Pts: 135361
Particle (44):: Fit: 9.85457	PB: 9.85457	LB: 9.92007	GB: 38.646	Conf: 0.638615	Pts: 50265
Particle (33):: Fit: 29.9807	PB: 29.9807	LB: 31.4278	GB: 38.646	Conf: 0.0600729	Pts: 215448
Particle (3):: Fit: 9.804	PB: 9.804	LB: 38.646	GB: 38.646	Conf: 0.557749	Pts: 110444
Particle (28):: Fit: 9.91306	PB: 9.91306	LB: 29.9807	GB: 38.646	Conf: 0.992932	Pts: 115046
Particle (29):: Fit: 9.7587	PB: 9.7587	LB: 31.4278	GB: 38.646	Conf: 0.507219	Pts: 55442
Particle (36):: Fit: 10.2142	PB: 10.2142	LB: 31.4278	GB: 38.646	Conf: 0.694388	Pts: 105436
Particle (44):: Fit: 9.98284	PB: 9.98284	LB: 9.98284	GB: 38.646	Conf: 0.638602	Pts: 90337
Particle (15):: Fit: 9.89265	PB: 9.89265	LB: 20.1215	GB: 38.646	Conf: 0.724617	Pts: 60432
Particle (0):: Fit: 9.93351	PB: 9.93351	LB: 38.646	GB: 38.646	Conf: 0.383853	Pts: 155612
Particle (33):: Fit: 31.479	PB: 31.479	LB: 31.479	GB: 38.646	Conf: 0.0960941	Pts: 265498
Particle (6):: Fit: 9.80685	PB: 9.80685	LB: 38.646	GB: 38.646	Conf: 0.564944	Pts: 80585
Particle (12):: Fit: 9.73024	PB: 9.73024	LB: 20.1215	GB: 38.646	Conf: 0.477255	Pts: 105183
Particle (34):: Fit: 31.458	PB: 31.458	LB: 31.479	GB: 38.646	Conf: 0.0979396	Pts: 140369
Particle (25):: Fit: 9.92115	PB: 9.92115	LB: 9.92115	GB: 38.646	Conf: 0.89904	Pts: 155161
Particle (37):: Fit: 9.92105	PB: 9.92105	LB: 31.479	GB: 38.646	Conf: 0.898002	Pts: 135222
Particle (34):: Fit: 31.632	PB: 31.632	LB: 31.632	GB: 38.646	Conf: 0.0976874	Pts: 190406
Particle (12):: Fit: 9.73024	PB: 9.73024	LB: 20.1215	GB: 38.646	Conf: 0.477255	Pts: 105211
Particle (17):: Fit: 9.918	PB: 9.918	LB: 20.1215	GB: 38.646	Conf: 0.845954	Pts: 75073
Particle (43):: Fit: 9.60695	PB: 9.60695	LB: 9.98284	GB: 38.646	Conf: 0.392649	Pts: 50473
Particle (7):: Fit: 9.18275	PB: 9.18275	LB: 38.646	GB: 38.646	Conf: 0.107677	Pts: 95246
Particle (28):: Fit: 10.163	PB: 10.163	LB: 31.479	GB: 38.646	Conf: 0.993424	Pts: 139916
Particle (13):: Fit: 19.2383	PB: 19.2383	LB: 20.1215	GB: 38.646	Conf: 0.527513	Pts: 194913
Particle (14):: Fit: 23.1392	PB: 23.1392	LB: 23.1392	GB: 38.646	Conf: 0.366993	Pts: 175411
Particle (7):: Fit: 9.1861	PB: 9.1861	LB: 38.646	GB: 38.646	Conf: 0.110083	Pts: 95307
Particle (25):: Fit: 9.92164	PB: 9.92164	LB: 10.163	GB: 38.646	Conf: 0.901648	Pts: 155108
Particle (18):: Fit: 9.90182	PB: 9.90182	LB: 23.1392	GB: 38.646	Conf: 0.754472	Pts: 80198
Particle (18):: Fit: 9.90372	PB: 9.90372	LB: 23.1392	GB: 38.646	Conf: 0.744329	Pts: 80290
Particle (42):: Fit: 9.901	PB: 9.901	LB: 9.98284	GB: 38.646	Conf: 0.751176	Pts: 50268
Particle (24):: Fit: 9.91473	PB: 9.91473	LB: 10.163	GB: 38.646	Conf: 0.817898	Pts: 80460
Particle (14):: Fit: 26.9256	PB: 26.9256	LB: 26.9256	GB: 38.646	Conf: 0.232532	Pts: 225431
Particle (13):: Fit: 24.2194	PB: 24.2194	LB: 26.9256	GB: 38.646	Conf: 0.505962	Pts: 194928
Particle (14):: Fit: 32.3545	PB: 32.3545	LB: 32.3545	GB: 38.646	Conf: 0.298252	Pts: 275521
Particle (6):: Fit: 9.81165	PB: 9.81165	LB: 38.646	GB: 38.646	Conf: 0.57032	Pts: 80416
Particle (29):: Fit: 9.77296	PB: 9.77296	LB: 31.632	GB: 38.646	Conf: 0.560259	Pts: 55172
Particle (14):: Fit: 35.3529	PB: 35.3529	LB: 35.3529	GB: 38.646	Conf: 0.196728	Pts: 325559
Particle (13):: Fit: 35.3358	PB: 35.3358	LB: 35.3529	GB: 38.646	Conf: 0.577339	Pts: 194949
Particle (25):: Fit: 10.0546	PB: 10.0546	LB: 10.163	GB: 38.646	Conf: 0.893356	Pts: 170037
Particle (3):: Fit: 21.1614	PB: 21.1614	LB: 38.646	GB: 38.646	Conf: 0.416003	Pts: 115097
Particle (18):: Fit: 9.90569	PB: 9.90569	LB: 35.3529	GB: 38.646	Conf: 0.737089	Pts: 80197
Particle (20):: Fit: 10.2068	PB: 10.2068	LB: 10.2068	GB: 38.646	Conf: 0.680479	Pts: 145295
Particle (14):: Fit: 38.2731	PB: 38.2731	LB: 38.2731	GB: 38.646	Conf: 0.322875	Pts: 375592
Particle (2):: Fit: 28.1709	PB: 28.1709	LB: 38.646	GB: 38.646	Conf: 0.598725	Pts: 69865
Particle (32):: Fit: 20.3058	PB: 20.3058	LB: 31.632	GB: 38.646	Conf: 0.2074	Pts: 79842
Particle (46):: Fit: 22.0531	PB: 22.0531	LB: 22.0531	GB: 38.646	Conf: 0.133763	Pts: 79834
Particle (24):: Fit: 9.91603	PB: 9.91603	LB: 10.2068	GB: 38.646	Conf: 0.824023	Pts: 80318
Particle (46):: Fit: 27.2346	PB: 27.2346	LB: 27.2346	GB: 38.646	Conf: 0.137706	Pts: 109901
Particle (42):: Fit: 10.0364	PB: 10.0364	LB: 27.2346	GB: 38.646	Conf: 0.759269	Pts: 50102
Particle (17):: Fit: 9.91893	PB: 9.91893	LB: 38.2731	GB: 38.646	Conf: 0.849956	Pts: 74773
Particle (33):: Fit: 33.0519	PB: 33.0519	LB: 33.0519	GB: 38.646	Conf: 0.0882182	Pts: 315038
Particle (33):: Fit: 33.5726	PB: 33.5726	LB: 33.5726	GB: 38.646	Conf: 0.0612701	Pts: 365130
Particle (18):: Fit: 10.0306	PB: 10.0306	LB: 38.2731	GB: 38.646	Conf: 0.749148	Pts: 80146
Particle (17):: Fit: 9.91904	PB: 9.91904	LB: 38.2731	GB: 38.646	Conf: 0.853788	Pts: 74813
Particle (15):: Fit: 10.1339	PB: 10.1339	LB: 38.2731	GB: 38.646	Conf: 0.725256	Pts: 59878
Particle (46):: Fit: 30.3288	PB: 30.3288	LB: 30.3288	GB: 38.646	Conf: 0.186692	Pts: 149865
Particle (12):: Fit: 9.7415	PB: 9.7415	LB: 38.2731	GB: 38.646	Conf: 0.486983	Pts: 104770
Particle (33):: Fit: 34.6599	PB: 34.6599	LB: 34.6599	GB: 38.646	Conf: 0.0670583	Pts: 415135
Particle (33):: Fit: 36.0001	PB: 36.0001	LB: 36.0001	GB: 38.646	Conf: 0.0836164	Pts: 465228
Particle (7):: Fit: 9.29886	PB: 9.29886	LB: 38.646	GB: 38.646	Conf: 0.109385	Pts: 94766
Particle (35):: Fit: 9.57018	PB: 9.57018	LB: 36.0001	GB: 38.646	Conf: 0.340845	Pts: 89550
Particle (3):: Fit: 26.9918	PB: 26.9918	LB: 38.646	GB: 38.646	Conf: 0.625571	Pts: 114724
Particle (24):: Fit: 9.91612	PB: 9.91612	LB: 10.2068	GB: 38.646	Conf: 0.818701	Pts: 80008
Particle (40):: Fit: 26.5514	PB: 26.5514	LB: 26.5514	GB: 38.646	Conf: 0.0788762	Pts: 169303
Particle (29):: Fit: 9.77842	PB: 9.77842	LB: 36.0001	GB: 38.646	Conf: 0.525566	Pts: 54687
Particle (32):: Fit: 28.5228	PB: 28.5228	LB: 36.0001	GB: 38.646	Conf: 0.156885	Pts: 84456
Particle (12):: Fit: 9.751	PB: 9.751	LB: 38.2731	GB: 38.646	Conf: 0.49572	Pts: 104580
Particle (15):: Fit: 10.2245	PB: 10.2245	LB: 38.2731	GB: 38.646	Conf: 0.719655	Pts: 64656
Particle (1):: Fit: 27.2216	PB: 27.2216	LB: 38.646	GB: 38.646	Conf: 0.435851	Pts: 159151
Particle (15):: Fit: 10.2274	PB: 10.2274	LB: 38.2731	GB: 38.646	Conf: 0.724617	Pts: 69734
Particle (6):: Fit: 9.82024	PB: 9.82024	LB: 38.646	GB: 38.646	Conf: 0.581639	Pts: 79824
Particle (35):: Fit: 9.57114	PB: 9.57114	LB: 36.0001	GB: 38.646	Conf: 0.341449	Pts: 89492
Particle (43):: Fit: 9.61536	PB: 9.61536	LB: 30.3288	GB: 38.646	Conf: 0.373791	Pts: 49687
Particle (35):: Fit: 9.57352	PB: 9.57352	LB: 36.0001	GB: 38.646	Conf: 0.342915	Pts: 89572
Particle (24):: Fit: 9.91888	PB: 9.91888	LB: 10.2068	GB: 38.646	Conf: 0.823124	Pts: 79970
Particle (1):: Fit: 31.0406	PB: 31.0406	LB: 38.646	GB: 38.646	Conf: 0.383441	Pts: 174163
Particle (40):: Fit: 30.2719	PB: 30.2719	LB: 30.2719	GB: 38.646	Conf: 0.10423	Pts: 179251
Particle (35):: Fit: 9.78919	PB: 9.78919	LB: 36.0001	GB: 38.646	Conf: 0.344591	Pts: 89637
Particle (29):: Fit: 9.8865	PB: 9.8865	LB: 36.0001	GB: 38.646	Conf: 0.510957	Pts: 54604
Particle (2):: Fit: 29.8517	PB: 29.8517	LB: 38.646	GB: 38.646	Conf: 0.595857	Pts: 69246
Particle (43):: Fit: 9.6234	PB: 9.6234	LB: 30.3288	GB: 38.646	Conf: 0.379766	Pts: 49695
Particle (43):: Fit: 9.62676	PB: 9.62676	LB: 30.3288	GB: 38.646	Conf: 0.382224	Pts: 49791
Particle (2):: Fit: 30.3686	PB: 30.3686	LB: 38.646	GB: 38.646	Conf: 0.563192	Pts: 69331
Particle (7):: Fit: 9.37535	PB: 9.37535	LB: 38.646	GB: 38.646	Conf: 0.153648	Pts: 94584
Particle (2):: Fit: 31.614	PB: 31.614	LB: 38.646	GB: 38.646	Conf: 0.635541	Pts: 79412
Particle (42):: Fit: 10.2366	PB: 10.2366	LB: 30.3288	GB: 38.646	Conf: 0.75214	Pts: 49557
Particle (6):: Fit: 9.9326	PB: 9.9326	LB: 38.646	GB: 38.646	Conf: 0.565086	Pts: 79737
Particle (6):: Fit: 10.1289	PB: 10.1289	LB: 38.646	GB: 38.646	Conf: 0.565227	Pts: 79815
Particle (13):: Fit: 38.9232	PB: 38.9232	LB: 38.9232	GB: 38.9232	Conf: 0.506674	Pts: 254171
Global: 38.9232 - Correct: 90% of 10 tests
Global Best: 
  Inner Net 1
  -- 1 : 1 = 0.0589537
  -- 1 : 2 = -0.392473
  -- 1 : 3 = -0.221022
  -- 1 : 4 = -0.0541996
  -- 1 : 5 = 0.585384
  -- 1 : 6 = -0.113708
  -- 1 : 7 = 0.221602
  -- 1 : 8 = -0.0591295
  -- 1 : 9 = 0.0851525
  -- 1 : 10 = 0.382344
  -- 2 : 1 = 1
  -- 2 : 2 = -0.601175
  -- 2 : 3 = -0.0415347
  -- 2 : 4 = 0.103752
  -- 2 : 5 = 0.239795
  -- 2 : 6 = -0.143481
  -- 2 : 7 = 0.12941
  -- 2 : 8 = -0.028652
  -- 2 : 9 = 0.036804
  -- 2 : 10 = -0.199008
  -- 3 : 1 = 0.829649
  -- 3 : 2 = 0.00412012
  -- 3 : 3 = 0.0675455
  -- 3 : 4 = -0.173035
  -- 3 : 5 = 0.0654439
  -- 3 : 6 = -0.0712555
  -- 3 : 7 = 0.179803
  -- 3 : 8 = 0.203072
  -- 3 : 9 = 0.0169882
  -- 3 : 10 = -0.105425
  -- 4 : 1 = 0.674642
  -- 4 : 2 = 0.346043
  -- 4 : 3 = 0.129025
  -- 4 : 4 = -0.645807
  -- 4 : 5 = -0.388845
  -- 4 : 6 = 0.1917
  -- 4 : 7 = 0.140353
  -- 4 : 8 = -0.0524733
  -- 4 : 9 = -0.0204475
  -- 4 : 10 = 0.479279
  -- 5 : 1 = 0.501554
  -- 5 : 2 = 0.0152598
  -- 5 : 3 = 0.276506
  -- 5 : 4 = 0.0186822
  -- 5 : 5 = 0.130617
  -- 5 : 6 = 0.180363
  -- 5 : 7 = -0.376578
  -- 5 : 8 = -0.207147
  -- 5 : 9 = -0.0887691
  -- 5 : 10 = -0.362945
  -- 6 : 1 = 0.582357
  -- 6 : 2 = 0.0315779
  -- 6 : 3 = 0.196618
  -- 6 : 4 = -0.104787
  -- 6 : 5 = 0.453052
  -- 6 : 6 = 0.0643789
  -- 6 : 7 = 0.219936
  -- 6 : 8 = 0.0813671
  -- 6 : 9 = 0.0478081
  -- 6 : 10 = -0.0348969
  -- 7 : 1 = 0.701024
  -- 7 : 2 = 0.323755
  -- 7 : 3 = -0.304764
  -- 7 : 4 = -0.176134
  -- 7 : 5 = -0.334832
  -- 7 : 6 = 0.131109
  -- 7 : 7 = 0.12359
  -- 7 : 8 = -0.128512
  -- 7 : 9 = 0.0222119
  -- 7 : 10 = -0.535039
  -- 8 : 1 = 0.34781
  -- 8 : 2 = -0.377926
  -- 8 : 3 = 0.156402
  -- 8 : 4 = 0.319353
  -- 8 : 5 = -0.019229
  -- 8 : 6 = -0.120043
  -- 8 : 7 = 0.104214
  -- 8 : 8 = -0.0741077
  -- 8 : 9 = 0.25296
  -- 8 : 10 = 0.326323
  -- 9 : 1 = -0.656955
  -- 9 : 2 = 0.378311
  -- 9 : 3 = -0.0273867
  -- 9 : 4 = 0.13627
  -- 9 : 5 = -0.520183
  -- 9 : 6 = 0.143506
  -- 9 : 7 = 0.177297
  -- 9 : 8 = 0.13831
  -- 9 : 9 = -0.0807596
  -- 9 : 10 = 0.0958446
  -- 10 : 1 = 0.544569
  -- 10 : 2 = -0.0850918
  -- 10 : 3 = 0.45213
  -- 10 : 4 = 0.0635123
  -- 10 : 5 = -0.103748
  -- 10 : 6 = -0.0638919
  -- 10 : 7 = 0.0888114
  -- 10 : 8 = -0.353932
  -- 10 : 9 = -0.20477
  -- 10 : 10 = 0.271894
  Inner Net 2
  -- 1 : 1 = -0.6209
  -- 1 : 2 = 0.226125
  -- 1 : 3 = 0.117546
  -- 1 : 4 = 0.174073
  -- 2 : 1 = 0.230303
  -- 2 : 2 = 0.0785556
  -- 2 : 3 = -0.370082
  -- 2 : 4 = -0.1532
  -- 3 : 1 = 0.0756286
  -- 3 : 2 = -0.19465
  -- 3 : 3 = 0.111559
  -- 3 : 4 = -0.0682002
  -- 4 : 1 = 0.306843
  -- 4 : 2 = 0.176728
  -- 4 : 3 = -0.31155
  -- 4 : 4 = 0.0517462
  -- 5 : 1 = 0.000178545
  -- 5 : 2 = -1
  -- 5 : 3 = -0.0990464
  -- 5 : 4 = 0.232802
  -- 6 : 1 = 0.0710535
  -- 6 : 2 = 0.184557
  -- 6 : 3 = 0.416493
  -- 6 : 4 = 0.0461452
  -- 7 : 1 = 0.548814
  -- 7 : 2 = -0.175058
  -- 7 : 3 = 0.175321
  -- 7 : 4 = -0.208207
  -- 8 : 1 = 0.665463
  -- 8 : 2 = -0.125656
  -- 8 : 3 = -0.117548
  -- 8 : 4 = 0.167048
  -- 9 : 1 = 0.203505
  -- 9 : 2 = 0.184142
  -- 9 : 3 = 0.505068
  -- 9 : 4 = 0.193323
  -- 10 : 1 = 0.993029
  -- 10 : 2 = 0.311747
  -- 10 : 3 = -0.159979
  -- 10 : 4 = -0.279795
  Inner Net 3
  -- 1 : 1 = -0.379212
  -- 1 : 2 = -0.000701923
  -- 2 : 1 = 0.77931
  -- 2 : 2 = 0.15562
  -- 3 : 1 = -0.240013
  -- 3 : 2 = -0.0346247
  -- 4 : 1 = -0.238005
  -- 4 : 2 = 0.078279
Out\Act	False		True
False	0.0437887	0.798191	0.84198
True	0.0118991	0.146121	0.15802
	0.0556878	0.944312
	Accuracy [ (tp + tn) / testSize ]: 0.18991
	Precision [ tp / (tp + fp) ]:      0.15466
	Sensitivity [ tp / (tp + fn) ]:    0.921922
	Specificity [ tn / (tn + fp) ]:    0.0519774
	F-Score [ 2tp / (2tp + fp + fn) ]: 0.264998
Particle (32):: Fit: 31.5269	PB: 31.5269	LB: 36.0001	GB: 38.9232	Conf: 0.147757	Pts: 89191
Particle (24):: Fit: 10.0473	PB: 10.0473	LB: 10.2068	GB: 38.9232	Conf: 0.816853	Pts: 79734
Particle (14):: Fit: 38.777	PB: 38.777	LB: 38.9232	GB: 38.9232	Conf: 0.386809	Pts: 379689
Particle (3):: Fit: 27.3466	PB: 27.3466	LB: 38.646	GB: 38.9232	Conf: 0.448642	Pts: 114265
Particle (3):: Fit: 35.2163	PB: 35.2163	LB: 38.646	GB: 38.9232	Conf: 0.688529	Pts: 119350
Particle (3):: Fit: 35.463	PB: 35.463	LB: 38.646	GB: 38.9232	Conf: 0.716245	Pts: 124439
Particle (16):: Fit: 9.8903	PB: 9.8903	LB: 38.9232	GB: 38.9232	Conf: 0.418338	Pts: 98815
Particle (12):: Fit: 9.95623	PB: 9.95623	LB: 38.9232	GB: 38.9232	Conf: 0.476866	Pts: 103974
Particle (24):: Fit: 10.0495	PB: 10.0495	LB: 10.2068	GB: 38.9232	Conf: 0.825224	Pts: 79557
Particle (11):: Fit: 10.2108	PB: 10.2108	LB: 38.9232	GB: 38.9232	Conf: 0.569624	Pts: 63648
Particle (17):: Fit: 10.0515	PB: 10.0515	LB: 38.9232	GB: 38.9232	Conf: 0.846518	Pts: 73824
Particle (26):: Fit: 23.2681	PB: 23.2681	LB: 23.2681	GB: 38.9232	Conf: 0.255032	Pts: 133535
Particle (1):: Fit: 35.1224	PB: 35.1224	LB: 38.646	GB: 38.9232	Conf: 0.460166	Pts: 183576
Particle (19):: Fit: 32.9582	PB: 32.9582	LB: 32.9582	GB: 38.9232	Conf: 0.062495	Pts: 78765
Particle (29):: Fit: 9.95978	PB: 9.95978	LB: 36.0001	GB: 38.9232	Conf: 0.486467	Pts: 53968
Particle (13):: Fit: 39.2426	PB: 39.2426	LB: 39.2426	GB: 39.2426	Conf: 0.568892	Pts: 313607
Global: 39.2426 - Correct: 90% of 10 tests
Global Best: 
  Inner Net 1
  -- 1 : 1 = 0.151431
  -- 1 : 2 = -0.0317248
  -- 1 : 3 = -0.465863
  -- 1 : 4 = 0.0223276
  -- 1 : 5 = 0.484305
  -- 1 : 6 = -0.208966
  -- 1 : 7 = 0.0108597
  -- 1 : 8 = -0.0130972
  -- 1 : 9 = 0.00864951
  -- 1 : 10 = 0.23298
  -- 2 : 1 = -0.5
  -- 2 : 2 = -0.197952
  -- 2 : 3 = 0.0527789
  -- 2 : 4 = -0.0321554
  -- 2 : 5 = -0.160792
  -- 2 : 6 = -0.0074297
  -- 2 : 7 = 0.296196
  -- 2 : 8 = -0.0102616
  -- 2 : 9 = 0.273796
  -- 2 : 10 = 0.18137
  -- 3 : 1 = 0.883983
  -- 3 : 2 = -0.00959139
  -- 3 : 3 = 0.168657
  -- 3 : 4 = 0.0511759
  -- 3 : 5 = -0.0988974
  -- 3 : 6 = -0.050511
  -- 3 : 7 = 0.237281
  -- 3 : 8 = 0.302447
  -- 3 : 9 = 0.201779
  -- 3 : 10 = -0.032016
  -- 4 : 1 = 0.404828
  -- 4 : 2 = 0.0297237
  -- 4 : 3 = -0.0248707
  -- 4 : 4 = -0.110291
  -- 4 : 5 = 0.0160355
  -- 4 : 6 = 0.181832
  -- 4 : 7 = -0.158327
  -- 4 : 8 = -0.036933
  -- 4 : 9 = 0.274614
  -- 4 : 10 = 0.278512
  -- 5 : 1 = 0.485504
  -- 5 : 2 = 0.00749793
  -- 5 : 3 = 0.109415
  -- 5 : 4 = 0.290838
  -- 5 : 5 = -0.0626187
  -- 5 : 6 = 0.21327
  -- 5 : 7 = 0.151503
  -- 5 : 8 = -0.00360878
  -- 5 : 9 = -0.13771
  -- 5 : 10 = -0.142037
  -- 6 : 1 = 0.453564
  -- 6 : 2 = -0.0545781
  -- 6 : 3 = -0.0965848
  -- 6 : 4 = 0.0365301
  -- 6 : 5 = 0.681638
  -- 6 : 6 = -0.14398
  -- 6 : 7 = 0.226941
  -- 6 : 8 = -0.0109569
  -- 6 : 9 = 0.0478492
  -- 6 : 10 = 0.11506
  -- 7 : 1 = 0.698186
  -- 7 : 2 = 0.354764
  -- 7 : 3 = -0.429721
  -- 7 : 4 = -0.290833
  -- 7 : 5 = -0.226331
  -- 7 : 6 = 0.0348619
  -- 7 : 7 = -0.098529
  -- 7 : 8 = 0.110119
  -- 7 : 9 = -0.20571
  -- 7 : 10 = 0.0920658
  -- 8 : 1 = 0.349974
  -- 8 : 2 = -0.384942
  -- 8 : 3 = 0.0301719
  -- 8 : 4 = 0.323819
  -- 8 : 5 = 0.0445351
  -- 8 : 6 = 0.155007
  -- 8 : 7 = -0.212815
  -- 8 : 8 = -0.223955
  -- 8 : 9 = -0.0296963
  -- 8 : 10 = -0.0366985
  -- 9 : 1 = -0.655172
  -- 9 : 2 = 0.550812
  -- 9 : 3 = -0.104629
  -- 9 : 4 = -0.0189513
  -- 9 : 5 = -0.195845
  -- 9 : 6 = 0.188597
  -- 9 : 7 = 0.0657171
  -- 9 : 8 = 0.074937
  -- 9 : 9 = -0.0292187
  -- 9 : 10 = 0.231066
  -- 10 : 1 = 0.607881
  -- 10 : 2 = -0.0159825
  -- 10 : 3 = 0.31472
  -- 10 : 4 = 0.283613
  -- 10 : 5 = -0.223907
  -- 10 : 6 = -0.0272169
  -- 10 : 7 = 0.233577
  -- 10 : 8 = 0.0158573
  -- 10 : 9 = 0.0227821
  -- 10 : 10 = 0.478931
  Inner Net 2
  -- 1 : 1 = -0.831089
  -- 1 : 2 = -0.018359
  -- 1 : 3 = 0.371483
  -- 1 : 4 = -0.0702845
  -- 2 : 1 = 0.295669
  -- 2 : 2 = 0.0951157
  -- 2 : 3 = -0.111713
  -- 2 : 4 = -0.0825652
  -- 3 : 1 = 0.0718027
  -- 3 : 2 = -0.206894
  -- 3 : 3 = -0.271101
  -- 3 : 4 = -0.142394
  -- 4 : 1 = 0.306856
  -- 4 : 2 = 0.293572
  -- 4 : 3 = 0.124149
  -- 4 : 4 = 0.339341
  -- 5 : 1 = -0.00138123
  -- 5 : 2 = -0.701387
  -- 5 : 3 = -0.158219
  -- 5 : 4 = -0.0192464
  -- 6 : 1 = 0.0700248
  -- 6 : 2 = 0.0362476
  -- 6 : 3 = 0.478821
  -- 6 : 4 = 0.00820194
  -- 7 : 1 = 0.524227
  -- 7 : 2 = -0.267882
  -- 7 : 3 = -0.188789
  -- 7 : 4 = -0.536785
  -- 8 : 1 = 0.665462
  -- 8 : 2 = -0.164994
  -- 8 : 3 = 0.0726855
  -- 8 : 4 = 0.3451
  -- 9 : 1 = 0.241972
  -- 9 : 2 = 0.00737169
  -- 9 : 3 = -0.0809209
  -- 9 : 4 = -0.079587
  -- 10 : 1 = 0.5
  -- 10 : 2 = 0.473065
  -- 10 : 3 = -0.191505
  -- 10 : 4 = 0.0160041
  Inner Net 3
  -- 1 : 1 = -0.379212
  -- 1 : 2 = -0.000701923
  -- 2 : 1 = 0.77931
  -- 2 : 2 = 0.15562
  -- 3 : 1 = -0.240013
  -- 3 : 2 = -0.0346247
  -- 4 : 1 = -0.238005
  -- 4 : 2 = 0.078279
Out\Act	False		True
False	0.0109472	0.831033	0.84198
True	0.00142789	0.156592	0.15802
	0.0123751	0.987625
	Accuracy [ (tp + tn) / testSize ]: 0.167539
	Precision [ tp / (tp + fp) ]:      0.158478
	Sensitivity [ tp / (tp + fn) ]:    0.987988
	Specificity [ tn / (tn + fp) ]:    0.0129944
	F-Score [ 2tp / (2tp + fp + fn) ]: 0.273256
Particle (14):: Fit: 40.434	PB: 40.434	LB: 40.434	GB: 40.434	Conf: 0.339527	Pts: 439156
Global: 40.434 - Correct: 90% of 10 tests
Global Best: 
  Inner Net 1
  -- 1 : 1 = 0.144926
  -- 1 : 2 = -0.107474
  -- 1 : 3 = 0.100059
  -- 1 : 4 = -0.379016
  -- 1 : 5 = -0.0932854
  -- 1 : 6 = 0.240289
  -- 1 : 7 = -0.398865
  -- 1 : 8 = -0.000555696
  -- 1 : 9 = -0.185083
  -- 1 : 10 = -0.136058
  -- 2 : 1 = -0.129785
  -- 2 : 2 = 0.0979803
  -- 2 : 3 = 0.214983
  -- 2 : 4 = 0.14949
  -- 2 : 5 = 0.0495313
  -- 2 : 6 = -0.0922271
  -- 2 : 7 = 0.384369
  -- 2 : 8 = -0.312969
  -- 2 : 9 = 0.00127816
  -- 2 : 10 = -0.171433
  -- 3 : 1 = 0
  -- 3 : 2 = 0.0637617
  -- 3 : 3 = 0.114628
  -- 3 : 4 = 0.0152355
  -- 3 : 5 = 0.087746
  -- 3 : 6 = 0.126394
  -- 3 : 7 = -0.139531
  -- 3 : 8 = 0.262907
  -- 3 : 9 = -0.137966
  -- 3 : 10 = 0.0696677
  -- 4 : 1 = 0.689527
  -- 4 : 2 = 0.461696
  -- 4 : 3 = -0.234991
  -- 4 : 4 = -0.401404
  -- 4 : 5 = -0.176243
  -- 4 : 6 = -0.263205
  -- 4 : 7 = -0.348223
  -- 4 : 8 = -0.137924
  -- 4 : 9 = -0.115791
  -- 4 : 10 = 0.250697
  -- 5 : 1 = 0.605334
  -- 5 : 2 = 0.218389
  -- 5 : 3 = -0.0561058
  -- 5 : 4 = -0.00341202
  -- 5 : 5 = -0.127849
  -- 5 : 6 = 0.134124
  -- 5 : 7 = 0.278562
  -- 5 : 8 = -0.0987625
  -- 5 : 9 = -0.0865455
  -- 5 : 10 = 0.0290321
  -- 6 : 1 = 0.601892
  -- 6 : 2 = 0.00987338
  -- 6 : 3 = 0.347417
  -- 6 : 4 = 0.250897
  -- 6 : 5 = 0.105173
  -- 6 : 6 = 0.246758
  -- 6 : 7 = -0.317865
  -- 6 : 8 = 0.0236165
  -- 6 : 9 = -0.343844
  -- 6 : 10 = -0.0352592
  -- 7 : 1 = 0.548617
  -- 7 : 2 = 0.241724
  -- 7 : 3 = -0.111915
  -- 7 : 4 = -0.0755906
  -- 7 : 5 = 0.239009
  -- 7 : 6 = 0.206575
  -- 7 : 7 = 0.258071
  -- 7 : 8 = -0.338169
  -- 7 : 9 = -0.0282499
  -- 7 : 10 = 0.125561
  -- 8 : 1 = 0.297634
  -- 8 : 2 = -0.198735
  -- 8 : 3 = -0.00802116
  -- 8 : 4 = -0.258509
  -- 8 : 5 = 0.398396
  -- 8 : 6 = -0.0768721
  -- 8 : 7 = 0.243217
  -- 8 : 8 = 0.0326029
  -- 8 : 9 = -0.175834
  -- 8 : 10 = -0.397545
  -- 9 : 1 = 0.256651
  -- 9 : 2 = 0.0601468
  -- 9 : 3 = -0.0221682
  -- 9 : 4 = 0.123673
  -- 9 : 5 = -0.222609
  -- 9 : 6 = 0.0168673
  -- 9 : 7 = 0.043405
  -- 9 : 8 = 0.124235
  -- 9 : 9 = 0.106718
  -- 9 : 10 = 0.260717
  -- 10 : 1 = 0.546891
  -- 10 : 2 = -0.102378
  -- 10 : 3 = 0.223967
  -- 10 : 4 = 0.413503
  -- 10 : 5 = 0.321755
  -- 10 : 6 = -0.0501323
  -- 10 : 7 = -0.436708
  -- 10 : 8 = 0.147015
  -- 10 : 9 = -0.114307
  -- 10 : 10 = 0.0145382
  Inner Net 2
  -- 1 : 1 = 0.5
  -- 1 : 2 = 0.351246
  -- 1 : 3 = 0.13657
  -- 1 : 4 = 0.226176
  -- 2 : 1 = 0.550626
  -- 2 : 2 = 0.100924
  -- 2 : 3 = -0.259655
  -- 2 : 4 = 0.181518
  -- 3 : 1 = -0.0693138
  -- 3 : 2 = -0.0848547
  -- 3 : 3 = -0.412356
  -- 3 : 4 = 0.181482
  -- 4 : 1 = 0.28638
  -- 4 : 2 = 0.0670818
  -- 4 : 3 = 0.204224
  -- 4 : 4 = 0.105111
  -- 5 : 1 = 0.204156
  -- 5 : 2 = 0.142173
  -- 5 : 3 = -0.303676
  -- 5 : 4 = 0.545809
  -- 6 : 1 = 0.12779
  -- 6 : 2 = 0.176321
  -- 6 : 3 = 0.303032
  -- 6 : 4 = -0.174831
  -- 7 : 1 = 0.459021
  -- 7 : 2 = -0.34646
  -- 7 : 3 = 0.0693165
  -- 7 : 4 = -0.516722
  -- 8 : 1 = 0.962735
  -- 8 : 2 = 0.137462
  -- 8 : 3 = 0.0171838
  -- 8 : 4 = 0.199752
  -- 9 : 1 = 0.100723
  -- 9 : 2 = 0.197327
  -- 9 : 3 = 0.0159019
  -- 9 : 4 = -0.061254
  -- 10 : 1 = 0.95085
  -- 10 : 2 = 0.238037
  -- 10 : 3 = -0.0333264
  -- 10 : 4 = -0.00666535
  Inner Net 3
  -- 1 : 1 = -0.251108
  -- 1 : 2 = 0.374212
  -- 2 : 1 = 0.360876
  -- 2 : 2 = -0.325733
  -- 3 : 1 = -0.191881
  -- 3 : 2 = -0.0739946
  -- 4 : 1 = 0.241726
  -- 4 : 2 = 0.304843
Out\Act	False		True
False	0.0195145	0.822465	0.84198
True	0.00618753	0.151832	0.15802
	0.025702	0.974298
	Accuracy [ (tp + tn) / testSize ]: 0.171347
	Precision [ tp / (tp + fp) ]:      0.155762
	Sensitivity [ tp / (tp + fn) ]:    0.957958
	Specificity [ tn / (tn + fp) ]:    0.0231638
	F-Score [ 2tp / (2tp + fp + fn) ]: 0.268067
Particle (16):: Fit: 9.94367	PB: 9.94367	LB: 40.434	GB: 40.434	Conf: 0.39669	Pts: 98339
Particle (2):: Fit: 39.7736	PB: 39.7736	LB: 39.7736	GB: 40.434	Conf: 0.477676	Pts: 128422
Particle (18):: Fit: 10.0319	PB: 10.0319	LB: 40.434	GB: 40.434	Conf: 0.75143	Pts: 78610
Particle (37):: Fit: 10.0553	PB: 10.0553	LB: 36.0001	GB: 40.434	Conf: 0.903272	Pts: 133181
Particle (25):: Fit: 10.0548	PB: 10.0548	LB: 23.2681	GB: 40.434	Conf: 0.894838	Pts: 168218
Particle (12):: Fit: 10.1211	PB: 10.1211	LB: 40.434	GB: 40.434	Conf: 0.477278	Pts: 103424
Particle (7):: Fit: 22.8962	PB: 22.8962	LB: 38.646	GB: 40.434	Conf: 0.0951429	Pts: 93498
Particle (18):: Fit: 10.0331	PB: 10.0331	LB: 40.434	GB: 40.434	Conf: 0.753894	Pts: 78600
Particle (34):: Fit: 34.5661	PB: 34.5661	LB: 36.0001	GB: 40.434	Conf: 0.0473643	Pts: 193151
Particle (1):: Fit: 38.0991	PB: 38.0991	LB: 39.7736	GB: 40.434	Conf: 0.347321	Pts: 188001
Particle (18):: Fit: 10.1443	PB: 10.1443	LB: 40.434	GB: 40.434	Conf: 0.765716	Pts: 78552
Particle (23):: Fit: 24.9593	PB: 24.9593	LB: 32.9582	GB: 40.434	Conf: 0.2738	Pts: 67965
Particle (32):: Fit: 34.2785	PB: 34.2785	LB: 36.0001	GB: 40.434	Conf: 0.160044	Pts: 93042
Particle (6):: Fit: 10.1317	PB: 10.1317	LB: 39.7736	GB: 40.434	Conf: 0.568276	Pts: 78568
Particle (43):: Fit: 9.74147	PB: 9.74147	LB: 30.3288	GB: 40.434	Conf: 0.371165	Pts: 48422
Particle (24):: Fit: 10.0527	PB: 10.0527	LB: 24.9593	GB: 40.434	Conf: 0.835583	Pts: 78664
Particle (40):: Fit: 35.0765	PB: 35.0765	LB: 35.0765	GB: 40.434	Conf: 0.0835385	Pts: 212633
Particle (16):: Fit: 22.9983	PB: 22.9983	LB: 40.434	GB: 40.434	Conf: 0.285678	Pts: 97757
Particle (16):: Fit: 34.7048	PB: 34.7048	LB: 40.434	GB: 40.434	Conf: 0.341946	Pts: 107782
Particle (17):: Fit: 10.0528	PB: 10.0528	LB: 40.434	GB: 40.434	Conf: 0.853537	Pts: 72663
Particle (19):: Fit: 37.4299	PB: 37.4299	LB: 37.4299	GB: 40.434	Conf: 0.154501	Pts: 102572
Particle (26):: Fit: 30.5073	PB: 30.5073	LB: 30.5073	GB: 40.434	Conf: 0.268533	Pts: 147284
Particle (22):: Fit: 23.4603	PB: 23.4603	LB: 37.4299	GB: 40.434	Conf: 0.470888	Pts: 101967
Particle (6):: Fit: 10.1408	PB: 10.1408	LB: 39.7736	GB: 40.434	Conf: 0.580566	Pts: 77899
Particle (43):: Fit: 9.97983	PB: 9.97983	LB: 35.0765	GB: 40.434	Conf: 0.365354	Pts: 47734
Particle (18):: Fit: 27.2702	PB: 27.2702	LB: 40.434	GB: 40.434	Conf: 0.709504	Pts: 77635
Particle (28):: Fit: 10.1631	PB: 10.1631	LB: 36.0001	GB: 40.434	Conf: 0.991351	Pts: 136720
Particle (33):: Fit: 36.0734	PB: 36.0734	LB: 36.0734	GB: 40.434	Conf: 0.0916502	Pts: 512358
Particle (1):: Fit: 38.7495	PB: 38.7495	LB: 39.7736	GB: 40.434	Conf: 0.422887	Pts: 191933
Particle (37):: Fit: 10.1679	PB: 10.1679	LB: 36.0734	GB: 40.434	Conf: 0.900762	Pts: 131675
Particle (49):: Fit: 9.97992	PB: 9.97992	LB: 39.7736	GB: 40.434	Conf: 0.633317	Pts: 101134
Particle (22):: Fit: 28.1857	PB: 28.1857	LB: 37.4299	GB: 40.434	Conf: 0.552582	Pts: 100824
Particle (44):: Fit: 9.98406	PB: 9.98406	LB: 35.0765	GB: 40.434	Conf: 0.641108	Pts: 86046
Particle (36):: Fit: 10.2962	PB: 10.2962	LB: 36.0734	GB: 40.434	Conf: 0.697151	Pts: 101016
Global Best: 
  Inner Net 1
  -- 1 : 1 = 0.144926
  -- 1 : 2 = -0.107474
  -- 1 : 3 = 0.100059
  -- 1 : 4 = -0.379016
  -- 1 : 5 = -0.0932854
  -- 1 : 6 = 0.240289
  -- 1 : 7 = -0.398865
  -- 1 : 8 = -0.000555696
  -- 1 : 9 = -0.185083
  -- 1 : 10 = -0.136058
  -- 2 : 1 = -0.129785
  -- 2 : 2 = 0.0979803
  -- 2 : 3 = 0.214983
  -- 2 : 4 = 0.14949
  -- 2 : 5 = 0.0495313
  -- 2 : 6 = -0.0922271
  -- 2 : 7 = 0.384369
  -- 2 : 8 = -0.312969
  -- 2 : 9 = 0.00127816
  -- 2 : 10 = -0.171433
  -- 3 : 1 = 0
  -- 3 : 2 = 0.0637617
  -- 3 : 3 = 0.114628
  -- 3 : 4 = 0.0152355
  -- 3 : 5 = 0.087746
  -- 3 : 6 = 0.126394
  -- 3 : 7 = -0.139531
  -- 3 : 8 = 0.262907
  -- 3 : 9 = -0.137966
  -- 3 : 10 = 0.0696677
  -- 4 : 1 = 0.689527
  -- 4 : 2 = 0.461696
  -- 4 : 3 = -0.234991
  -- 4 : 4 = -0.401404
  -- 4 : 5 = -0.176243
  -- 4 : 6 = -0.263205
  -- 4 : 7 = -0.348223
  -- 4 : 8 = -0.137924
  -- 4 : 9 = -0.115791
  -- 4 : 10 = 0.250697
  -- 5 : 1 = 0.605334
  -- 5 : 2 = 0.218389
  -- 5 : 3 = -0.0561058
  -- 5 : 4 = -0.00341202
  -- 5 : 5 = -0.127849
  -- 5 : 6 = 0.134124
  -- 5 : 7 = 0.278562
  -- 5 : 8 = -0.0987625
  -- 5 : 9 = -0.0865455
  -- 5 : 10 = 0.0290321
  -- 6 : 1 = 0.601892
  -- 6 : 2 = 0.00987338
  -- 6 : 3 = 0.347417
  -- 6 : 4 = 0.250897
  -- 6 : 5 = 0.105173
  -- 6 : 6 = 0.246758
  -- 6 : 7 = -0.317865
  -- 6 : 8 = 0.0236165
  -- 6 : 9 = -0.343844
  -- 6 : 10 = -0.0352592
  -- 7 : 1 = 0.548617
  -- 7 : 2 = 0.241724
  -- 7 : 3 = -0.111915
  -- 7 : 4 = -0.0755906
  -- 7 : 5 = 0.239009
  -- 7 : 6 = 0.206575
  -- 7 : 7 = 0.258071
  -- 7 : 8 = -0.338169
  -- 7 : 9 = -0.0282499
  -- 7 : 10 = 0.125561
  -- 8 : 1 = 0.297634
  -- 8 : 2 = -0.198735
  -- 8 : 3 = -0.00802116
  -- 8 : 4 = -0.258509
  -- 8 : 5 = 0.398396
  -- 8 : 6 = -0.0768721
  -- 8 : 7 = 0.243217
  -- 8 : 8 = 0.0326029
  -- 8 : 9 = -0.175834
  -- 8 : 10 = -0.397545
  -- 9 : 1 = 0.256651
  -- 9 : 2 = 0.0601468
  -- 9 : 3 = -0.0221682
  -- 9 : 4 = 0.123673
  -- 9 : 5 = -0.222609
  -- 9 : 6 = 0.0168673
  -- 9 : 7 = 0.043405
  -- 9 : 8 = 0.124235
  -- 9 : 9 = 0.106718
  -- 9 : 10 = 0.260717
  -- 10 : 1 = 0.546891
  -- 10 : 2 = -0.102378
  -- 10 : 3 = 0.223967
  -- 10 : 4 = 0.413503
  -- 10 : 5 = 0.321755
  -- 10 : 6 = -0.0501323
  -- 10 : 7 = -0.436708
  -- 10 : 8 = 0.147015
  -- 10 : 9 = -0.114307
  -- 10 : 10 = 0.0145382
  Inner Net 2
  -- 1 : 1 = 0.5
  -- 1 : 2 = 0.351246
  -- 1 : 3 = 0.13657
  -- 1 : 4 = 0.226176
  -- 2 : 1 = 0.550626
  -- 2 : 2 = 0.100924
  -- 2 : 3 = -0.259655
  -- 2 : 4 = 0.181518
  -- 3 : 1 = -0.0693138
  -- 3 : 2 = -0.0848547
  -- 3 : 3 = -0.412356
  -- 3 : 4 = 0.181482
  -- 4 : 1 = 0.28638
  -- 4 : 2 = 0.0670818
  -- 4 : 3 = 0.204224
  -- 4 : 4 = 0.105111
  -- 5 : 1 = 0.204156
  -- 5 : 2 = 0.142173
  -- 5 : 3 = -0.303676
  -- 5 : 4 = 0.545809
  -- 6 : 1 = 0.12779
  -- 6 : 2 = 0.176321
  -- 6 : 3 = 0.303032
  -- 6 : 4 = -0.174831
  -- 7 : 1 = 0.459021
  -- 7 : 2 = -0.34646
  -- 7 : 3 = 0.0693165
  -- 7 : 4 = -0.516722
  -- 8 : 1 = 0.962735
  -- 8 : 2 = 0.137462
  -- 8 : 3 = 0.0171838
  -- 8 : 4 = 0.199752
  -- 9 : 1 = 0.100723
  -- 9 : 2 = 0.197327
  -- 9 : 3 = 0.0159019
  -- 9 : 4 = -0.061254
  -- 10 : 1 = 0.95085
  -- 10 : 2 = 0.238037
  -- 10 : 3 = -0.0333264
  -- 10 : 4 = -0.00666535
  Inner Net 3
  -- 1 : 1 = -0.251108
  -- 1 : 2 = 0.374212
  -- 2 : 1 = 0.360876
  -- 2 : 2 = -0.325733
  -- 3 : 1 = -0.191881
  -- 3 : 2 = -0.0739946
  -- 4 : 1 = 0.241726
  -- 4 : 2 = 0.304843
Out\Act	False		True
False	0.0195145	0.822465	0.84198
True	0.00618753	0.151832	0.15802
	0.025702	0.974298
	Accuracy [ (tp + tn) / testSize ]: 0.171347
	Precision [ tp / (tp + fp) ]:      0.155762
	Sensitivity [ tp / (tp + fn) ]:    0.957958
	Specificity [ tn / (tn + fp) ]:    0.0231638
	F-Score [ 2tp / (2tp + fp + fn) ]: 0.268067
