
Date / Time: Fri Mar 31 01:47:45 2017

   ****************************************
   * PSO Neural Net (Gaussian Activation) *
   *       by William Boler, BSCE         *
   *     Research Assistant, IUPUI        *
   *                                      *
   *  Professor: Dr. Lauren Christopher   *
   *     Created: March 13, 2017          *
   ****************************************


Inputs: 10
Inner Nets: 1
 - 9
Tests per train(min): 100
Particles: 50
Neighbors: 10
Minimum Particle Iterations: 1000
Particle (0):: Fit: 0.0153972	PB: 0.0153972	LB: 0.0153972	GB: 0.0153972	Conf: 2	Pts: 110099
Particle (1):: Fit: 0.0146234	PB: 0.0146234	LB: 0.0153972	GB: 0.0153972	Conf: 2	Pts: 55099
Particle (2):: Fit: 0.153303	PB: 0.153303	LB: 0.153303	GB: 0.153303	Conf: 1.77285	Pts: 110099
Particle (3):: Fit: 1.02875	PB: 1.02875	LB: 1.02875	GB: 1.02875	Conf: 0.553816	Pts: 110099
Particle (4):: Fit: 168.218	PB: 168.218	LB: 168.218	GB: 168.218	Conf: 1.79999	Pts: 110099
Particle (5):: Fit: 0.0142799	PB: 0.0142799	LB: 168.218	GB: 168.218	Conf: 0.52426	Pts: 55099
Particle (6):: Fit: 0.0150108	PB: 0.0150108	LB: 168.218	GB: 168.218	Conf: 2	Pts: 60099
Particle (7):: Fit: 0.0152063	PB: 0.0152063	LB: 168.218	GB: 168.218	Conf: 1.89651	Pts: 65099
Particle (8):: Fit: 16.7421	PB: 16.7421	LB: 168.218	GB: 168.218	Conf: 2	Pts: 70099
Particle (9):: Fit: 0.0148172	PB: 0.0148172	LB: 16.7421	GB: 168.218	Conf: 2	Pts: 55099
Particle (10):: Fit: 0.0148193	PB: 0.0148193	LB: 16.7421	GB: 168.218	Conf: 1.98448	Pts: 60099
Particle (11):: Fit: 16.1778	PB: 16.1778	LB: 16.7421	GB: 168.218	Conf: 1.96438	Pts: 65099
Particle (12):: Fit: 172.51	PB: 172.51	LB: 172.51	GB: 172.51	Conf: 1.93932	Pts: 110099
Particle (13):: Fit: 0.0140403	PB: 0.0140403	LB: 172.51	GB: 172.51	Conf: 2	Pts: 55099
Particle (14):: Fit: 0.0115511	PB: 0.0115511	LB: 172.51	GB: 172.51	Conf: 1.02205	Pts: 55099
Particle (15):: Fit: 16.7421	PB: 16.7421	LB: 172.51	GB: 172.51	Conf: 2	Pts: 65099
Particle (16):: Fit: 0.0152041	PB: 0.0152041	LB: 172.51	GB: 172.51	Conf: 2	Pts: 55099
Particle (17):: Fit: 1.559	PB: 1.559	LB: 16.7421	GB: 172.51	Conf: 2	Pts: 60099
Particle (18):: Fit: 0.0134694	PB: 0.0134694	LB: 16.7421	GB: 172.51	Conf: 1.06684	Pts: 55099
Particle (19):: Fit: 153.285	PB: 153.285	LB: 153.285	GB: 172.51	Conf: 0.732724	Pts: 85099
Particle (20):: Fit: 16.0368	PB: 16.0368	LB: 153.285	GB: 172.51	Conf: 0.807867	Pts: 55099
Particle (21):: Fit: 0.0153972	PB: 0.0153972	LB: 153.285	GB: 172.51	Conf: 2	Pts: 55099
Particle (22):: Fit: 167.627	PB: 167.627	LB: 167.627	GB: 172.51	Conf: 1.72355	Pts: 100099
Particle (23):: Fit: 0.158052	PB: 0.158052	LB: 167.627	GB: 172.51	Conf: 1.9109	Pts: 55099
Particle (24):: Fit: 0.0148614	PB: 0.0148614	LB: 167.627	GB: 172.51	Conf: 1.199	Pts: 55099
Particle (25):: Fit: 0.000930476	PB: 0.000930476	LB: 167.627	GB: 172.51	Conf: 0.998236	Pts: 55099
Particle (26):: Fit: 0.0105748	PB: 0.0105748	LB: 167.627	GB: 172.51	Conf: 1.36515	Pts: 60099
Particle (27):: Fit: 16.9615	PB: 16.9615	LB: 16.9615	GB: 172.51	Conf: 1.68202	Pts: 75099
Particle (28):: Fit: 15.9606	PB: 15.9606	LB: 16.9615	GB: 172.51	Conf: 1.85851	Pts: 55099
Particle (29):: Fit: 1.55933	PB: 1.55933	LB: 16.9615	GB: 172.51	Conf: 1.98761	Pts: 55099
Particle (30):: Fit: 1.559	PB: 1.559	LB: 16.9615	GB: 172.51	Conf: 2	Pts: 55099
Particle (31):: Fit: 16.5506	PB: 16.5506	LB: 16.9615	GB: 172.51	Conf: 2	Pts: 70099
Particle (32):: Fit: 15.7803	PB: 15.7803	LB: 16.5506	GB: 172.51	Conf: 1.97014	Pts: 55099
Particle (33):: Fit: 0.0153976	PB: 0.0153976	LB: 16.5506	GB: 172.51	Conf: 1.63137	Pts: 55099
Particle (34):: Fit: 1.00528	PB: 1.00528	LB: 16.5506	GB: 172.51	Conf: 0.957908	Pts: 60099
Particle (35):: Fit: 0.0152657	PB: 0.0152657	LB: 16.5506	GB: 172.51	Conf: 1.97072	Pts: 55099
Particle (36):: Fit: 0.0154657	PB: 0.0154657	LB: 15.7803	GB: 172.51	Conf: 0.55932	Pts: 60099
Particle (37):: Fit: 16.3702	PB: 16.3702	LB: 16.3702	GB: 172.51	Conf: 1.96813	Pts: 80099
Particle (38):: Fit: 0.0154122	PB: 0.0154122	LB: 16.3702	GB: 172.51	Conf: 1.47592	Pts: 55099
Particle (39):: Fit: 16.359	PB: 16.359	LB: 16.3702	GB: 172.51	Conf: 2	Pts: 60099
Particle (40):: Fit: 16.359	PB: 16.359	LB: 16.3702	GB: 172.51	Conf: 2	Pts: 55099
Particle (41):: Fit: 0.0152041	PB: 0.0152041	LB: 16.3702	GB: 172.51	Conf: 2	Pts: 50099
Particle (42):: Fit: 0.0153972	PB: 0.0153972	LB: 16.359	GB: 172.51	Conf: 2	Pts: 50099
Particle (43):: Fit: 15.3256	PB: 15.3256	LB: 16.359	GB: 172.51	Conf: 1.96938	Pts: 65099
Particle (44):: Fit: 16.1474	PB: 16.1474	LB: 16.359	GB: 172.51	Conf: 1.8953	Pts: 70099
Particle (45):: Fit: 0.0150218	PB: 0.0150218	LB: 16.1474	GB: 172.51	Conf: 0.644811	Pts: 50099
Particle (46):: Fit: 16.5506	PB: 16.5506	LB: 16.5506	GB: 172.51	Conf: 2	Pts: 90099
Particle (47):: Fit: 1.56638	PB: 1.56638	LB: 16.5506	GB: 172.51	Conf: 0.529156	Pts: 50099
Particle (48):: Fit: 0.0119281	PB: 0.0119281	LB: 16.5506	GB: 172.51	Conf: 1.72551	Pts: 50099
Particle (49):: Fit: 16.3933	PB: 16.3933	LB: 168.218	GB: 172.51	Conf: 0.984358	Pts: 50099
Global: 172.51 - Correct: 48% of 100 tests
Global Best: 
  Inner Net 1
  -- 1 : 1 = 0.4766
  -- 1 : 2 = 0.1896
  -- 1 : 3 = 0.5126
  -- 1 : 4 = 0.9546
  -- 1 : 5 = 0.3048
  -- 1 : 6 = 0.1199
  -- 1 : 7 = 0.2471
  -- 1 : 8 = 0.5099
  -- 1 : 9 = 0.511
  -- 2 : 1 = 0.0095
  -- 2 : 2 = 0.0362
  -- 2 : 3 = 0.6516
  -- 2 : 4 = 0.0615
  -- 2 : 5 = 0.7994
  -- 2 : 6 = 0.6672
  -- 2 : 7 = 0.336
  -- 2 : 8 = 0.0023
  -- 2 : 9 = 0.9852
  -- 3 : 1 = 0.0688
  -- 3 : 2 = 0.5964
  -- 3 : 3 = 0.2449
  -- 3 : 4 = 0.0358
  -- 3 : 5 = 0.2297
  -- 3 : 6 = 0.3656
  -- 3 : 7 = 0.1011
  -- 3 : 8 = 0.8942
  -- 3 : 9 = 0.5737
  -- 4 : 1 = 0.8686
  -- 4 : 2 = 0.3681
  -- 4 : 3 = 0.6053
  -- 4 : 4 = 0.6782
  -- 4 : 5 = 0.0002
  -- 4 : 6 = 0.582
  -- 4 : 7 = 0.4746
  -- 4 : 8 = 0.7835
  -- 4 : 9 = 0.297
  -- 5 : 1 = 0.0437
  -- 5 : 2 = 0.6317
  -- 5 : 3 = 0.9981
  -- 5 : 4 = 0.7489
  -- 5 : 5 = 0.9229
  -- 5 : 6 = 0.895
  -- 5 : 7 = 0.3071
  -- 5 : 8 = 0.8438
  -- 5 : 9 = 0.9566
  -- 6 : 1 = 0.0871
  -- 6 : 2 = 0.441
  -- 6 : 3 = 0.7546
  -- 6 : 4 = 0.0463
  -- 6 : 5 = 0.8223
  -- 6 : 6 = 0.2401
  -- 6 : 7 = 0.7818
  -- 6 : 8 = 0.4836
  -- 6 : 9 = 0.1313
  -- 7 : 1 = 0.9356
  -- 7 : 2 = 0.2394
  -- 7 : 3 = 0.3877
  -- 7 : 4 = 0.8804
  -- 7 : 5 = 0.6002
  -- 7 : 6 = 0.3443
  -- 7 : 7 = 0.592
  -- 7 : 8 = 0.1996
  -- 7 : 9 = 0.2077
  -- 8 : 1 = 0.7421
  -- 8 : 2 = 0.3937
  -- 8 : 3 = 0.4745
  -- 8 : 4 = 0.3017
  -- 8 : 5 = 0.7217
  -- 8 : 6 = 0.6177
  -- 8 : 7 = 0.1166
  -- 8 : 8 = 0.7342
  -- 8 : 9 = 0.044
  -- 9 : 1 = 0.4716
  -- 9 : 2 = 0.1317
  -- 9 : 3 = 0.3022
  -- 9 : 4 = 0.084
  -- 9 : 5 = 0.5367
  -- 9 : 6 = 0.5569
  -- 9 : 7 = 0.5744
  -- 9 : 8 = 0.3953
  -- 9 : 9 = 0.3074
  -- 10 : 1 = 0.4212
  -- 10 : 2 = 0.459
  -- 10 : 3 = 0.6738
  -- 10 : 4 = 0.7323
  -- 10 : 5 = 0.1922
  -- 10 : 6 = 0.5276
  -- 10 : 7 = 0.8754
  -- 10 : 8 = 0.0179
  -- 10 : 9 = 0.1141
  Inner Net 2
  -- 1 : 1 = -0.2366
  -- 1 : 2 = 0.2099
  -- 2 : 1 = 0.2461
  -- 2 : 2 = 0.1498
  -- 3 : 1 = 0.4532
  -- 3 : 2 = 0.1537
  -- 4 : 1 = -0.3188
  -- 4 : 2 = -0.260896
  -- 5 : 1 = 0.3552
  -- 5 : 2 = 0.1836
  -- 6 : 1 = -0.0196
  -- 6 : 2 = -0.3599
  -- 7 : 1 = -0.0250905
  -- 7 : 2 = -0.1614
  -- 8 : 1 = 0.3076
  -- 8 : 2 = -0.0822
  -- 9 : 1 = 0.2456
  -- 9 : 2 = -0.1414
Out\Act	False		True
False	0.84198	0	0.84198
True	0.15802	0	0.15802
	1	0
	Accuracy [ (tp + tn) / testSize ]: 0.84198
	Precision [ tp / (tp + fp) ]:      0
	Sensitivity [ tp / (tp + fn) ]:    0
	Specificity [ tn / (tn + fp) ]:    0.999435
	F-Score [ 2tp / (2tp + fp + fn) ]: 0
Particle (0):: Fit: 15.7826	PB: 15.7826	LB: 168.218	GB: 172.51	Conf: 2	Pts: 110198
Particle (1):: Fit: 0.0152041	PB: 0.0152041	LB: 168.218	GB: 172.51	Conf: 2	Pts: 55198
Particle (4):: Fit: 177.42	PB: 177.42	LB: 177.42	GB: 177.42	Conf: 1.72896	Pts: 170198
Particle (5):: Fit: 0.0152606	PB: 0.0152606	LB: 177.42	GB: 177.42	Conf: 0.282961	Pts: 55198
Particle (6):: Fit: 1.559	PB: 1.559	LB: 177.42	GB: 177.42	Conf: 2	Pts: 60198
Particle (7):: Fit: 164.945	PB: 164.945	LB: 177.42	GB: 177.42	Conf: 1.80691	Pts: 65198
Particle (9):: Fit: 17.1245	PB: 17.1245	LB: 172.51	GB: 177.42	Conf: 2	Pts: 55198
Particle (10):: Fit: 15.7851	PB: 15.7851	LB: 172.51	GB: 177.42	Conf: 1.96397	Pts: 60198
Particle (13):: Fit: 0.0146234	PB: 0.0146234	LB: 172.51	GB: 177.42	Conf: 2	Pts: 55198
Particle (14):: Fit: 16.431	PB: 16.431	LB: 172.51	GB: 177.42	Conf: 1.21513	Pts: 55198
Particle (21):: Fit: 15.7826	PB: 15.7826	LB: 167.627	GB: 177.42	Conf: 2	Pts: 55198
Particle (24):: Fit: 0.152154	PB: 0.152154	LB: 167.627	GB: 177.42	Conf: 0.947107	Pts: 55198
Particle (26):: Fit: 0.0119098	PB: 0.0119098	LB: 167.627	GB: 177.42	Conf: 1.4859	Pts: 60198
Particle (28):: Fit: 16.0577	PB: 16.0577	LB: 16.9615	GB: 177.42	Conf: 1.77319	Pts: 55198
Particle (29):: Fit: 16.9334	PB: 16.9334	LB: 16.9615	GB: 177.42	Conf: 2	Pts: 65198
Particle (30):: Fit: 16.359	PB: 16.359	LB: 16.9615	GB: 177.42	Conf: 2	Pts: 55198
Particle (31):: Fit: 18.0769	PB: 18.0769	LB: 18.0769	GB: 177.42	Conf: 2	Pts: 115198
Particle (33):: Fit: 15.6119	PB: 15.6119	LB: 18.0769	GB: 177.42	Conf: 1.73958	Pts: 55198
Particle (34):: Fit: 1.06001	PB: 1.06001	LB: 18.0769	GB: 177.42	Conf: 0.149287	Pts: 60198
Particle (35):: Fit: 15.978	PB: 15.978	LB: 18.0769	GB: 177.42	Conf: 1.95041	Pts: 55198
Particle (41):: Fit: 16.7421	PB: 16.7421	LB: 16.7421	GB: 177.42	Conf: 2	Pts: 100198
Particle (43):: Fit: 16.4721	PB: 16.4721	LB: 16.7421	GB: 177.42	Conf: 1.98135	Pts: 65198
Particle (45):: Fit: 151.316	PB: 151.316	LB: 151.316	GB: 177.42	Conf: 1.08727	Pts: 95198
Particle (48):: Fit: 0.0150566	PB: 0.0150566	LB: 151.316	GB: 177.42	Conf: 1.7671	Pts: 50198
Global: 177.42 - Correct: 52% of 100 tests
Global Best: 
  Inner Net 1
  -- 1 : 1 = 0.4399
  -- 1 : 2 = 0.2499
  -- 1 : 3 = 0.8922
  -- 1 : 4 = 0.6063
  -- 1 : 5 = 0.2224
  -- 1 : 6 = 0.9694
  -- 1 : 7 = 0.1222
  -- 1 : 8 = 0.0745
  -- 1 : 9 = 0.2493
  -- 2 : 1 = 0.5833
  -- 2 : 2 = 0.8913
  -- 2 : 3 = 0.0833
  -- 2 : 4 = 0.6583
  -- 2 : 5 = 0.3614
  -- 2 : 6 = 0.3007
  -- 2 : 7 = 0.9598
  -- 2 : 8 = 0.6446
  -- 2 : 9 = 0.5797
  -- 3 : 1 = 0.0248
  -- 3 : 2 = 0.3205
  -- 3 : 3 = 0.2637
  -- 3 : 4 = 0.6265
  -- 3 : 5 = 0.9791
  -- 3 : 6 = 0.1842
  -- 3 : 7 = 0.0628
  -- 3 : 8 = 0.9656
  -- 3 : 9 = 0.2177
  -- 4 : 1 = 0.428
  -- 4 : 2 = 0.0987
  -- 4 : 3 = 0.2606
  -- 4 : 4 = 0.1472
  -- 4 : 5 = 0.7717
  -- 4 : 6 = 0.3267
  -- 4 : 7 = 0.0804
  -- 4 : 8 = 0.9201
  -- 4 : 9 = 0.2202
  -- 5 : 1 = 0.3503
  -- 5 : 2 = 0.5349
  -- 5 : 3 = 0.3891
  -- 5 : 4 = 0.1817
  -- 5 : 5 = 0.5315
  -- 5 : 6 = 0.0482
  -- 5 : 7 = 0.2994
  -- 5 : 8 = 0.7919
  -- 5 : 9 = 0.774
  -- 6 : 1 = 0.063
  -- 6 : 2 = 0.4378
  -- 6 : 3 = 0.8133
  -- 6 : 4 = 0.4256
  -- 6 : 5 = 0.1436
  -- 6 : 6 = 0.5423
  -- 6 : 7 = 0.5042
  -- 6 : 8 = 0.5671
  -- 6 : 9 = 0.904
  -- 7 : 1 = 0.0556
  -- 7 : 2 = 0.8563
  -- 7 : 3 = 0.6698
  -- 7 : 4 = 0.3363
  -- 7 : 5 = 0.9291
  -- 7 : 6 = 0.8253
  -- 7 : 7 = 0.9067
  -- 7 : 8 = 0.3955
  -- 7 : 9 = 0.5157
  -- 8 : 1 = 0.4001
  -- 8 : 2 = 0.3141
  -- 8 : 3 = 0.369
  -- 8 : 4 = 0.0618
  -- 8 : 5 = 0.1362
  -- 8 : 6 = 0.3654
  -- 8 : 7 = 0.2902
  -- 8 : 8 = 0.0867
  -- 8 : 9 = 0.1044
  -- 9 : 1 = 0.3226
  -- 9 : 2 = 0.1209
  -- 9 : 3 = 0.4805
  -- 9 : 4 = 0.2213
  -- 9 : 5 = 0.0985
  -- 9 : 6 = 0.0866
  -- 9 : 7 = 0.6105
  -- 9 : 8 = 0.9568
  -- 9 : 9 = 0.5924
  -- 10 : 1 = 0.0588
  -- 10 : 2 = 0.4347
  -- 10 : 3 = 0.7855
  -- 10 : 4 = 0.2492
  -- 10 : 5 = 0.1989
  -- 10 : 6 = 0.7439
  -- 10 : 7 = 0.2097
  -- 10 : 8 = 0.1284
  -- 10 : 9 = 0.1425
  Inner Net 2
  -- 1 : 1 = -0.221934
  -- 1 : 2 = 0.106074
  -- 2 : 1 = -0.209856
  -- 2 : 2 = -0.10441
  -- 3 : 1 = 0.017379
  -- 3 : 2 = -0.2122
  -- 4 : 1 = -0.58233
  -- 4 : 2 = -0.1811
  -- 5 : 1 = -0.198664
  -- 5 : 2 = -0.00998877
  -- 6 : 1 = 0.0017634
  -- 6 : 2 = -0.504447
  -- 7 : 1 = -0.154776
  -- 7 : 2 = -0.124895
  -- 8 : 1 = -0.297419
  -- 8 : 2 = -0.232382
  -- 9 : 1 = 0.0373197
  -- 9 : 2 = -0.324997
Out\Act	False		True
False	0.84198	0	0.84198
True	0.157544	0.000475964	0.15802
	0.999524	0.000475964
	Accuracy [ (tp + tn) / testSize ]: 0.842456
	Precision [ tp / (tp + fp) ]:      0.5
	Sensitivity [ tp / (tp + fn) ]:    0.003003
	Specificity [ tn / (tn + fp) ]:    0.999435
	F-Score [ 2tp / (2tp + fp + fn) ]: 0.00598802
Particle (0):: Fit: 17.1245	PB: 17.1245	LB: 177.42	GB: 177.42	Conf: 2	Pts: 110297
Particle (2):: Fit: 16.1588	PB: 16.1588	LB: 177.42	GB: 177.42	Conf: 1.6803	Pts: 110197
Particle (13):: Fit: 1.559	PB: 1.559	LB: 172.51	GB: 177.42	Conf: 2	Pts: 55297
Particle (25):: Fit: 1.06493	PB: 1.06493	LB: 167.627	GB: 177.42	Conf: 0.627366	Pts: 55195
Particle (26):: Fit: 169.658	PB: 169.658	LB: 169.658	GB: 177.42	Conf: 1.11727	Pts: 110297
Particle (28):: Fit: 16.2346	PB: 16.2346	LB: 169.658	GB: 177.42	Conf: 1.64742	Pts: 55297
Particle (32):: Fit: 16.3149	PB: 16.3149	LB: 18.0769	GB: 177.42	Conf: 1.95116	Pts: 55197
Particle (34):: Fit: 1.06064	PB: 1.06064	LB: 18.0769	GB: 177.42	Conf: 0.172478	Pts: 60297
Particle (36):: Fit: 16.2502	PB: 16.2502	LB: 16.7421	GB: 177.42	Conf: 0.376011	Pts: 60197
Particle (39):: Fit: 17.1245	PB: 17.1245	LB: 17.1245	GB: 177.42	Conf: 2	Pts: 80197
Particle (40):: Fit: 16.5506	PB: 16.5506	LB: 151.316	GB: 177.42	Conf: 2	Pts: 55197
Particle (42):: Fit: 16.9334	PB: 16.9334	LB: 151.316	GB: 177.42	Conf: 2	Pts: 50197
Particle (43):: Fit: 16.9989	PB: 16.9989	LB: 151.316	GB: 177.42	Conf: 1.96051	Pts: 65297
Particle (44):: Fit: 16.7429	PB: 16.7429	LB: 151.316	GB: 177.42	Conf: 1.88254	Pts: 70197
Particle (1):: Fit: 15.9749	PB: 15.9749	LB: 177.42	GB: 177.42	Conf: 2	Pts: 55296
Particle (2):: Fit: 17.5684	PB: 17.5684	LB: 177.42	GB: 177.42	Conf: 1.42126	Pts: 110296
Particle (3):: Fit: 16.2243	PB: 16.2243	LB: 177.42	GB: 177.42	Conf: 0.867331	Pts: 110196
Particle (5):: Fit: 16.8335	PB: 16.8335	LB: 177.42	GB: 177.42	Conf: 0.779514	Pts: 55296
Particle (6):: Fit: 16.7421	PB: 16.7421	LB: 177.42	GB: 177.42	Conf: 2	Pts: 60296
Particle (7):: Fit: 194.62	PB: 194.62	LB: 194.62	GB: 194.62	Conf: 1.89305	Pts: 125296
Particle (9):: Fit: 17.3153	PB: 17.3153	LB: 194.62	GB: 194.62	Conf: 2	Pts: 55296
Particle (11):: Fit: 17.4101	PB: 17.4101	LB: 194.62	GB: 194.62	Conf: 1.9782	Pts: 65196
Particle (13):: Fit: 17.1245	PB: 17.1245	LB: 172.51	GB: 194.62	Conf: 2	Pts: 55396
Particle (16):: Fit: 16.5506	PB: 16.5506	LB: 172.51	GB: 194.62	Conf: 2	Pts: 55196
Particle (18):: Fit: 17.5948	PB: 17.5948	LB: 167.627	GB: 194.62	Conf: 1.06105	Pts: 55196
Particle (21):: Fit: 16.167	PB: 16.167	LB: 169.658	GB: 194.62	Conf: 2	Pts: 55296
Particle (23):: Fit: 1.559	PB: 1.559	LB: 169.658	GB: 194.62	Conf: 2	Pts: 55196
Particle (28):: Fit: 173.686	PB: 173.686	LB: 173.686	GB: 194.62	Conf: 1.76212	Pts: 105396
Particle (29):: Fit: 17.3153	PB: 17.3153	LB: 173.686	GB: 194.62	Conf: 2	Pts: 65296
Particle (33):: Fit: 155.531	PB: 155.531	LB: 155.531	GB: 194.62	Conf: 1.61275	Pts: 80296
Particle (34):: Fit: 16.2404	PB: 16.2404	LB: 155.531	GB: 194.62	Conf: 0.288084	Pts: 60396
Particle (45):: Fit: 171.335	PB: 171.335	LB: 171.335	GB: 194.62	Conf: 0.783855	Pts: 140296
Particle (46):: Fit: 166.184	PB: 166.184	LB: 171.335	GB: 194.62	Conf: 1.98661	Pts: 90196
Global: 194.62 - Correct: 43% of 100 tests
Global Best: 
  Inner Net 1
  -- 1 : 1 = 0.8065
  -- 1 : 2 = 0.9065
  -- 1 : 3 = 0.275
  -- 1 : 4 = 0.2612
  -- 1 : 5 = 0.1581
  -- 1 : 6 = 0.3604
  -- 1 : 7 = 0.1031
  -- 1 : 8 = 0.1011
  -- 1 : 9 = 0.7957
  -- 2 : 1 = 0.4803
  -- 2 : 2 = 0.7675
  -- 2 : 3 = 0.4576
  -- 2 : 4 = 0.969
  -- 2 : 5 = 0.0639
  -- 2 : 6 = 0.2548
  -- 2 : 7 = 0.9734
  -- 2 : 8 = 0.534
  -- 2 : 9 = 0.7848
  -- 3 : 1 = 0.0123
  -- 3 : 2 = 0.3748
  -- 3 : 3 = 0.1328
  -- 3 : 4 = 0.5089
  -- 3 : 5 = 0.8736
  -- 3 : 6 = 0.9937
  -- 3 : 7 = 0.6753
  -- 3 : 8 = 0.2585
  -- 3 : 9 = 0.1721
  -- 4 : 1 = 0.9024
  -- 4 : 2 = 0.7685
  -- 4 : 3 = 0.2093
  -- 4 : 4 = 0.6096
  -- 4 : 5 = 0.7604
  -- 4 : 6 = 0.6081
  -- 4 : 7 = 0.2284
  -- 4 : 8 = 0.047
  -- 4 : 9 = 0.191
  -- 5 : 1 = 0.7903
  -- 5 : 2 = 0.662
  -- 5 : 3 = 0.5116
  -- 5 : 4 = 0.6164
  -- 5 : 5 = 0.067
  -- 5 : 6 = 0.2635
  -- 5 : 7 = 0.7364
  -- 5 : 8 = 0.094
  -- 5 : 9 = 0.1819
  -- 6 : 1 = 0.7128
  -- 6 : 2 = 0.7139
  -- 6 : 3 = 0.1882
  -- 6 : 4 = 0.0063
  -- 6 : 5 = 0.3219
  -- 6 : 6 = 0.3498
  -- 6 : 7 = 0.1438
  -- 6 : 8 = 0.0857
  -- 6 : 9 = 0.717
  -- 7 : 1 = 0.4021
  -- 7 : 2 = 0.8433
  -- 7 : 3 = 0.7982
  -- 7 : 4 = 0.0934
  -- 7 : 5 = 0.9972
  -- 7 : 6 = 0.2586
  -- 7 : 7 = 0.8958
  -- 7 : 8 = 0.555
  -- 7 : 9 = 0.8728
  -- 8 : 1 = 0.4332
  -- 8 : 2 = 0.4345
  -- 8 : 3 = 0.4122
  -- 8 : 4 = 0.7648
  -- 8 : 5 = 0.1986
  -- 8 : 6 = 0.8897
  -- 8 : 7 = 0.3346
  -- 8 : 8 = 0.1492
  -- 8 : 9 = 0.123
  -- 9 : 1 = 0.0977
  -- 9 : 2 = 0.0792
  -- 9 : 3 = 0.9089
  -- 9 : 4 = 0.9853
  -- 9 : 5 = 0.5246
  -- 9 : 6 = 0.5034
  -- 9 : 7 = 0.6455
  -- 9 : 8 = 0.2927
  -- 9 : 9 = 0.0126
  -- 10 : 1 = 0.1565
  -- 10 : 2 = 0.3743
  -- 10 : 3 = 0.4534
  -- 10 : 4 = 0.2279
  -- 10 : 5 = 0.8167
  -- 10 : 6 = 0.5394
  -- 10 : 7 = 0.0173
  -- 10 : 8 = 0.1752
  -- 10 : 9 = 0.4396
  Inner Net 2
  -- 1 : 1 = -0.431241
  -- 1 : 2 = -0.0896962
  -- 2 : 1 = 0.258942
  -- 2 : 2 = 0.108231
  -- 3 : 1 = 0.407213
  -- 3 : 2 = 0.0324379
  -- 4 : 1 = -0.32376
  -- 4 : 2 = -0.112007
  -- 5 : 1 = -0.197374
  -- 5 : 2 = 0.0493702
  -- 6 : 1 = 0.17596
  -- 6 : 2 = 0.0109803
  -- 7 : 1 = -0.119929
  -- 7 : 2 = -0.204811
  -- 8 : 1 = 0.0956185
  -- 8 : 2 = -0.0748283
  -- 9 : 1 = 0.0387664
  -- 9 : 2 = -0.377898
Out\Act	False		True
False	0.84198	0	0.84198
True	0.15802	0	0.15802
	1	0
	Accuracy [ (tp + tn) / testSize ]: 0.84198
	Precision [ tp / (tp + fp) ]:      0
	Sensitivity [ tp / (tp + fn) ]:    0
	Specificity [ tn / (tn + fp) ]:    0.999435
	F-Score [ 2tp / (2tp + fp + fn) ]: 0
Particle (2):: Fit: 162.068	PB: 162.068	LB: 194.62	GB: 194.62	Conf: 1.63773	Pts: 110395
Particle (17):: Fit: 16.359	PB: 16.359	LB: 167.627	GB: 194.62	Conf: 2	Pts: 60195
Particle (25):: Fit: 16.4275	PB: 16.4275	LB: 173.686	GB: 194.62	Conf: 0.843411	Pts: 55293
Particle (32):: Fit: 16.44	PB: 16.44	LB: 173.686	GB: 194.62	Conf: 1.96711	Pts: 55295
Particle (33):: Fit: 179.056	PB: 179.056	LB: 179.056	GB: 194.62	Conf: 1.65603	Pts: 130395
Particle (37):: Fit: 16.4715	PB: 16.4715	LB: 179.056	GB: 194.62	Conf: 1.98425	Pts: 80195
Particle (38):: Fit: 164.797	PB: 164.797	LB: 164.797	GB: 194.62	Conf: 1.43017	Pts: 65195
Particle (42):: Fit: 17.3153	PB: 17.3153	LB: 171.335	GB: 194.62	Conf: 2	Pts: 50295
Particle (44):: Fit: 173.926	PB: 173.926	LB: 173.926	GB: 194.62	Conf: 1.93421	Pts: 120295
Particle (47):: Fit: 15.79	PB: 15.79	LB: 173.926	GB: 194.62	Conf: 0.999254	Pts: 50194
Particle (1):: Fit: 16.5506	PB: 16.5506	LB: 177.42	GB: 194.62	Conf: 2	Pts: 55394
Particle (2):: Fit: 166.333	PB: 166.333	LB: 194.62	GB: 194.62	Conf: 1.6544	Pts: 110494
Particle (8):: Fit: 16.9334	PB: 16.9334	LB: 194.62	GB: 194.62	Conf: 2	Pts: 70194
Particle (10):: Fit: 16.7457	PB: 16.7457	LB: 194.62	GB: 194.62	Conf: 1.98662	Pts: 60294
Particle (14):: Fit: 16.8264	PB: 16.8264	LB: 172.51	GB: 194.62	Conf: 1.21254	Pts: 55294
Particle (22):: Fit: 184.127	PB: 184.127	LB: 184.127	GB: 194.62	Conf: 1.77733	Pts: 150194
Particle (23):: Fit: 16.5627	PB: 16.5627	LB: 184.127	GB: 194.62	Conf: 1.94227	Pts: 55294
Particle (40):: Fit: 18.0806	PB: 18.0806	LB: 173.926	GB: 194.62	Conf: 1.98523	Pts: 55294
Particle (3):: Fit: 17.2382	PB: 17.2382	LB: 194.62	GB: 194.62	Conf: 0.6592	Pts: 110293
Particle (15):: Fit: 16.9334	PB: 16.9334	LB: 172.51	GB: 194.62	Conf: 2	Pts: 65193
Particle (20):: Fit: 16.2145	PB: 16.2145	LB: 184.127	GB: 194.62	Conf: 0.911284	Pts: 55193
Particle (22):: Fit: 196.012	PB: 196.012	LB: 196.012	GB: 196.012	Conf: 1.76217	Pts: 210293
Particle (36):: Fit: 16.649	PB: 16.649	LB: 179.056	GB: 196.012	Conf: 0.574943	Pts: 60292
Particle (38):: Fit: 169.126	PB: 169.126	LB: 169.126	GB: 196.012	Conf: 1.42086	Pts: 70293
Particle (47):: Fit: 16.0582	PB: 16.0582	LB: 173.926	GB: 196.012	Conf: 0.516687	Pts: 50292
Particle (48):: Fit: 180.836	PB: 180.836	LB: 180.836	GB: 196.012	Conf: 1.70611	Pts: 95293
Global: 196.012 - Correct: 46% of 100 tests
Global Best: 
  Inner Net 1
  -- 1 : 1 = 0.9777
  -- 1 : 2 = 0.4958
  -- 1 : 3 = 0.45
  -- 1 : 4 = 0.1758
  -- 1 : 5 = 0.7008
  -- 1 : 6 = 0.086
  -- 1 : 7 = 0.102
  -- 1 : 8 = 0.2064
  -- 1 : 9 = 0.3048
  -- 2 : 1 = 0.4675
  -- 2 : 2 = 0.8889
  -- 2 : 3 = 0.7296
  -- 2 : 4 = 0.9235
  -- 2 : 5 = 0.1255
  -- 2 : 6 = 0.2275
  -- 2 : 7 = 0.9192
  -- 2 : 8 = 0.5262
  -- 2 : 9 = 0.3968
  -- 3 : 1 = 0.0285
  -- 3 : 2 = 0.4252
  -- 3 : 3 = 0.4844
  -- 3 : 4 = 0.6082
  -- 3 : 5 = 0.2684
  -- 3 : 6 = 0.2381
  -- 3 : 7 = 0.0894
  -- 3 : 8 = 0.9519
  -- 3 : 9 = 0.5355
  -- 4 : 1 = 0.1834
  -- 4 : 2 = 0.901
  -- 4 : 3 = 0.5707
  -- 4 : 4 = 0.8222
  -- 4 : 5 = 0.401
  -- 4 : 6 = 0.4042
  -- 4 : 7 = 0.0881
  -- 4 : 8 = 0.6886
  -- 4 : 9 = 0.924
  -- 5 : 1 = 0.2735
  -- 5 : 2 = 0.7509
  -- 5 : 3 = 0.9621
  -- 5 : 4 = 0.4366
  -- 5 : 5 = 0.5333
  -- 5 : 6 = 0.1705
  -- 5 : 7 = 0.437
  -- 5 : 8 = 0.263
  -- 5 : 9 = 0.0848
  -- 6 : 1 = 0.17
  -- 6 : 2 = 0.3823
  -- 6 : 3 = 0.0044
  -- 6 : 4 = 0.0567
  -- 6 : 5 = 0.8463
  -- 6 : 6 = 0.4633
  -- 6 : 7 = 0.9415
  -- 6 : 8 = 0.2809
  -- 6 : 9 = 0.7858
  -- 7 : 1 = 0.1456
  -- 7 : 2 = 0.2602
  -- 7 : 3 = 0.0285
  -- 7 : 4 = 0.1567
  -- 7 : 5 = 0.124
  -- 7 : 6 = 0.4054
  -- 7 : 7 = 0.9518
  -- 7 : 8 = 0.7868
  -- 7 : 9 = 0.6478
  -- 8 : 1 = 0.2387
  -- 8 : 2 = 0.8295
  -- 8 : 3 = 0.5047
  -- 8 : 4 = 0.3759
  -- 8 : 5 = 0.2222
  -- 8 : 6 = 0.3387
  -- 8 : 7 = 0.6805
  -- 8 : 8 = 0.0774
  -- 8 : 9 = 0.1541
  -- 9 : 1 = 0.4968
  -- 9 : 2 = 0.8636
  -- 9 : 3 = 0.322
  -- 9 : 4 = 0.5249
  -- 9 : 5 = 0.3341
  -- 9 : 6 = 0.1746
  -- 9 : 7 = 0.0293
  -- 9 : 8 = 0.1555
  -- 9 : 9 = 0.3337
  -- 10 : 1 = 0.8406
  -- 10 : 2 = 0.2336
  -- 10 : 3 = 0.9266
  -- 10 : 4 = 0.3078
  -- 10 : 5 = 0.5933
  -- 10 : 6 = 0.0607
  -- 10 : 7 = 0.3844
  -- 10 : 8 = 0.1831
  -- 10 : 9 = 0.3199
  Inner Net 2
  -- 1 : 1 = -0.558088
  -- 1 : 2 = -0.0634291
  -- 2 : 1 = -0.171921
  -- 2 : 2 = 0.0237924
  -- 3 : 1 = -0.158477
  -- 3 : 2 = -0.353688
  -- 4 : 1 = -0.116844
  -- 4 : 2 = 0.0377523
  -- 5 : 1 = -0.159379
  -- 5 : 2 = 0.116123
  -- 6 : 1 = -0.0888707
  -- 6 : 2 = -0.400333
  -- 7 : 1 = 0.205614
  -- 7 : 2 = -0.0660579
  -- 8 : 1 = -0.0436629
  -- 8 : 2 = 0.0973167
  -- 9 : 1 = -0.0971291
  -- 9 : 2 = 0.368865
Out\Act	False		True
False	0.84198	0	0.84198
True	0.15802	0	0.15802
	1	0
	Accuracy [ (tp + tn) / testSize ]: 0.84198
	Precision [ tp / (tp + fp) ]:      0
	Sensitivity [ tp / (tp + fn) ]:    0
	Specificity [ tn / (tn + fp) ]:    0.999435
	F-Score [ 2tp / (2tp + fp + fn) ]: 0
Particle (10):: Fit: 171.992	PB: 171.992	LB: 194.62	GB: 196.012	Conf: 1.97353	Pts: 60392
Particle (16):: Fit: 17.1245	PB: 17.1245	LB: 172.51	GB: 196.012	Conf: 2	Pts: 55292
Particle (20):: Fit: 16.4244	PB: 16.4244	LB: 196.012	GB: 196.012	Conf: 0.860079	Pts: 55292
Particle (43):: Fit: 173.912	PB: 173.912	LB: 180.836	GB: 196.012	Conf: 1.9159	Pts: 70392
Particle (46):: Fit: 177.719	PB: 177.719	LB: 180.836	GB: 196.012	Conf: 1.98703	Pts: 100292
Particle (4):: Fit: 184.185	PB: 184.185	LB: 194.62	GB: 196.012	Conf: 1.74496	Pts: 185291
Particle (30):: Fit: 16.9334	PB: 16.9334	LB: 179.056	GB: 196.012	Conf: 2	Pts: 55291
Particle (45):: Fit: 173.056	PB: 173.056	LB: 180.836	GB: 196.012	Conf: 1.05871	Pts: 140391
Particle (2):: Fit: 179.589	PB: 179.589	LB: 194.62	GB: 196.012	Conf: 1.74029	Pts: 110590
Particle (35):: Fit: 170.913	PB: 170.913	LB: 179.056	GB: 196.012	Conf: 1.92355	Pts: 55290
Particle (6):: Fit: 181.549	PB: 181.549	LB: 194.62	GB: 196.012	Conf: 1.98788	Pts: 60389
Particle (21):: Fit: 16.359	PB: 16.359	LB: 196.012	GB: 196.012	Conf: 2	Pts: 55389
Particle (23):: Fit: 16.8549	PB: 16.8549	LB: 196.012	GB: 196.012	Conf: 1.98971	Pts: 55389
Particle (44):: Fit: 175.648	PB: 175.648	LB: 180.836	GB: 196.012	Conf: 1.85206	Pts: 130389
Particle (47):: Fit: 16.2099	PB: 16.2099	LB: 180.836	GB: 196.012	Conf: 0.929232	Pts: 50388
Particle (14):: Fit: 137.022	PB: 137.022	LB: 172.51	GB: 196.012	Conf: 1.23618	Pts: 55388
Particle (15):: Fit: 18.0769	PB: 18.0769	LB: 172.51	GB: 196.012	Conf: 2	Pts: 65288
Particle (28):: Fit: 177.996	PB: 177.996	LB: 179.056	GB: 196.012	Conf: 1.85156	Pts: 110488
Particle (32):: Fit: 180.835	PB: 180.835	LB: 180.835	GB: 196.012	Conf: 1.89483	Pts: 105388
Particle (47):: Fit: 16.6486	PB: 16.6486	LB: 180.836	GB: 196.012	Conf: 0.499449	Pts: 50487
Particle (2):: Fit: 183.531	PB: 183.531	LB: 194.62	GB: 196.012	Conf: 1.84367	Pts: 120687
Particle (20):: Fit: 17.2385	PB: 17.2385	LB: 196.012	GB: 196.012	Conf: 0.649481	Pts: 55387
Particle (21):: Fit: 16.7421	PB: 16.7421	LB: 196.012	GB: 196.012	Conf: 2	Pts: 55487
Particle (36):: Fit: 16.819	PB: 16.819	LB: 180.835	GB: 196.012	Conf: 0.87239	Pts: 60384
Particle (12):: Fit: 181.7	PB: 181.7	LB: 181.7	GB: 196.012	Conf: 1.90118	Pts: 135185
Particle (18):: Fit: 18.4002	PB: 18.4002	LB: 196.012	GB: 196.012	Conf: 1.4031	Pts: 55285
Particle (36):: Fit: 17.0209	PB: 17.0209	LB: 180.835	GB: 196.012	Conf: 0.287258	Pts: 60483
Particle (49):: Fit: 17.8093	PB: 17.8093	LB: 184.185	GB: 196.012	Conf: 0.879212	Pts: 50182
Particle (23):: Fit: 17.1245	PB: 17.1245	LB: 196.012	GB: 196.012	Conf: 2	Pts: 55484
Particle (24):: Fit: 0.159131	PB: 0.159131	LB: 196.012	GB: 196.012	Conf: 0.980861	Pts: 55284
Particle (25):: Fit: 16.9547	PB: 16.9547	LB: 196.012	GB: 196.012	Conf: 0.0499904	Pts: 55380
Particle (27):: Fit: 180.769	PB: 180.769	LB: 180.835	GB: 196.012	Conf: 1.84467	Pts: 75184
Particle (34):: Fit: 16.6003	PB: 16.6003	LB: 180.835	GB: 196.012	Conf: 0.142259	Pts: 60483
Particle (42):: Fit: 17.6965	PB: 17.6965	LB: 177.719	GB: 196.012	Conf: 2	Pts: 50384
Particle (41):: Fit: 16.9334	PB: 16.9334	LB: 177.719	GB: 196.012	Conf: 2	Pts: 100283
Particle (47):: Fit: 16.8356	PB: 16.8356	LB: 183.531	GB: 196.012	Conf: 0.760817	Pts: 50581
Particle (0):: Fit: 17.3153	PB: 17.3153	LB: 184.185	GB: 196.012	Conf: 2	Pts: 110382
Particle (1):: Fit: 17.3153	PB: 17.3153	LB: 184.185	GB: 196.012	Conf: 2	Pts: 55482
Particle (25):: Fit: 17.4146	PB: 17.4146	LB: 196.012	GB: 196.012	Conf: 0.869081	Pts: 55477
Particle (41):: Fit: 18.0769	PB: 18.0769	LB: 177.719	GB: 196.012	Conf: 2	Pts: 100382
Particle (36):: Fit: 17.633	PB: 17.633	LB: 180.835	GB: 196.012	Conf: 0.566147	Pts: 60579
Particle (39):: Fit: 168.108	PB: 168.108	LB: 175.648	GB: 196.012	Conf: 1.98534	Pts: 80281
Particle (44):: Fit: 178.745	PB: 178.745	LB: 180.836	GB: 196.012	Conf: 1.8591	Pts: 150481
Particle (3):: Fit: 17.6312	PB: 17.6312	LB: 194.62	GB: 196.012	Conf: 0.68948	Pts: 110378
Particle (14):: Fit: 141.851	PB: 141.851	LB: 181.7	GB: 196.012	Conf: 1.36586	Pts: 55480
Particle (30):: Fit: 17.3153	PB: 17.3153	LB: 180.835	GB: 196.012	Conf: 2	Pts: 55380
Particle (17):: Fit: 16.746	PB: 16.746	LB: 196.012	GB: 196.012	Conf: 1.9887	Pts: 60279
Particle (47):: Fit: 17.2276	PB: 17.2276	LB: 183.531	GB: 196.012	Conf: 0.792661	Pts: 50676
Particle (21):: Fit: 17.1245	PB: 17.1245	LB: 196.012	GB: 196.012	Conf: 2	Pts: 55578
Particle (45):: Fit: 173.07	PB: 173.07	LB: 180.836	GB: 196.012	Conf: 1.28744	Pts: 140478
Particle (5):: Fit: 17.6213	PB: 17.6213	LB: 194.62	GB: 196.012	Conf: 0.39056	Pts: 55375
Particle (19):: Fit: 153.542	PB: 153.542	LB: 196.012	GB: 196.012	Conf: 1.0695	Pts: 85177
Particle (37):: Fit: 17.3231	PB: 17.3231	LB: 179.056	GB: 196.012	Conf: 1.97518	Pts: 80277
Particle (8):: Fit: 17.1245	PB: 17.1245	LB: 194.62	GB: 196.012	Conf: 2	Pts: 70275
Particle (9):: Fit: 17.6247	PB: 17.6247	LB: 194.62	GB: 196.012	Conf: 1.98976	Pts: 55374
Particle (14):: Fit: 150.041	PB: 150.041	LB: 181.7	GB: 196.012	Conf: 1.1833	Pts: 55574
Particle (17):: Fit: 17.1285	PB: 17.1285	LB: 196.012	GB: 196.012	Conf: 1.98951	Pts: 60374
Particle (23):: Fit: 18.1432	PB: 18.1432	LB: 196.012	GB: 196.012	Conf: 1.96421	Pts: 55574
Particle (24):: Fit: 16.503	PB: 16.503	LB: 196.012	GB: 196.012	Conf: 0.895344	Pts: 55374
Particle (41):: Fit: 173.885	PB: 173.885	LB: 178.745	GB: 196.012	Conf: 1.98813	Pts: 100474
Particle (4):: Fit: 186.373	PB: 186.373	LB: 194.62	GB: 196.012	Conf: 1.80529	Pts: 200373
Particle (5):: Fit: 17.632	PB: 17.632	LB: 194.62	GB: 196.012	Conf: 0.52872	Pts: 55470
Particle (11):: Fit: 17.7215	PB: 17.7215	LB: 194.62	GB: 196.012	Conf: 1.918	Pts: 65271
Particle (34):: Fit: 16.617	PB: 16.617	LB: 180.835	GB: 196.012	Conf: 0.210686	Pts: 60568
Particle (20):: Fit: 174.417	PB: 174.417	LB: 196.012	GB: 196.012	Conf: 0.929124	Pts: 55468
Particle (25):: Fit: 18.5796	PB: 18.5796	LB: 196.012	GB: 196.012	Conf: 0.994261	Pts: 55562
Particle (2):: Fit: 186.439	PB: 186.439	LB: 194.62	GB: 196.012	Conf: 1.66785	Pts: 145768
Particle (48):: Fit: 183.227	PB: 183.227	LB: 186.439	GB: 196.012	Conf: 1.5495	Pts: 115367
Particle (10):: Fit: 177.708	PB: 177.708	LB: 194.62	GB: 196.012	Conf: 1.97402	Pts: 60467
Particle (16):: Fit: 17.6965	PB: 17.6965	LB: 181.7	GB: 196.012	Conf: 2	Pts: 55367
Particle (45):: Fit: 174.176	PB: 174.176	LB: 183.227	GB: 196.012	Conf: 0.937822	Pts: 140567
Particle (24):: Fit: 16.7301	PB: 16.7301	LB: 196.012	GB: 196.012	Conf: 1.09349	Pts: 55466
Particle (34):: Fit: 18.2139	PB: 18.2139	LB: 180.835	GB: 196.012	Conf: 0.81566	Pts: 60663
Particle (24):: Fit: 143.277	PB: 143.277	LB: 196.012	GB: 196.012	Conf: 1.28906	Pts: 55564
Particle (10):: Fit: 183.45	PB: 183.45	LB: 194.62	GB: 196.012	Conf: 1.98465	Pts: 75563
Particle (19):: Fit: 156.189	PB: 156.189	LB: 196.012	GB: 196.012	Conf: 0.708938	Pts: 85260
Particle (21):: Fit: 17.3153	PB: 17.3153	LB: 196.012	GB: 196.012	Conf: 2	Pts: 55661
Particle (18):: Fit: 166.842	PB: 166.842	LB: 196.012	GB: 196.012	Conf: 1.32783	Pts: 55359
Particle (0):: Fit: 18.8355	PB: 18.8355	LB: 186.439	GB: 196.012	Conf: 2	Pts: 110459
Particle (14):: Fit: 162.101	PB: 162.101	LB: 183.45	GB: 196.012	Conf: 1.31617	Pts: 55659
Particle (44):: Fit: 179.697	PB: 179.697	LB: 183.227	GB: 196.012	Conf: 1.79388	Pts: 170559
Particle (26):: Fit: 175.322	PB: 175.322	LB: 196.012	GB: 196.012	Conf: 1.30094	Pts: 110358
Particle (17):: Fit: 175.789	PB: 175.789	LB: 196.012	GB: 196.012	Conf: 1.98345	Pts: 60457
Particle (2):: Fit: 187.117	PB: 187.117	LB: 194.62	GB: 196.012	Conf: 1.71268	Pts: 170855
Particle (9):: Fit: 184.275	PB: 184.275	LB: 194.62	GB: 196.012	Conf: 1.97644	Pts: 65455
Particle (42):: Fit: 18.2668	PB: 18.2668	LB: 179.697	GB: 196.012	Conf: 2	Pts: 50455
Particle (30):: Fit: 17.506	PB: 17.506	LB: 180.835	GB: 196.012	Conf: 2	Pts: 55452
Particle (21):: Fit: 17.6965	PB: 17.6965	LB: 196.012	GB: 196.012	Conf: 2	Pts: 55751
Particle (40):: Fit: 177.719	PB: 177.719	LB: 179.697	GB: 196.012	Conf: 1.98683	Pts: 60351
Particle (41):: Fit: 176.593	PB: 176.593	LB: 179.697	GB: 196.012	Conf: 1.97589	Pts: 100551
Particle (24):: Fit: 172.004	PB: 172.004	LB: 196.012	GB: 196.012	Conf: 0.879873	Pts: 55648
Particle (16):: Fit: 18.2668	PB: 18.2668	LB: 181.7	GB: 196.012	Conf: 2	Pts: 55445
Particle (17):: Fit: 181.551	PB: 181.551	LB: 196.012	GB: 196.012	Conf: 1.98999	Pts: 60542
Particle (35):: Fit: 170.97	PB: 170.97	LB: 180.835	GB: 196.012	Conf: 1.96577	Pts: 55342
Particle (35):: Fit: 173.977	PB: 173.977	LB: 180.835	GB: 196.012	Conf: 1.95077	Pts: 55440
Particle (28):: Fit: 185.58	PB: 185.58	LB: 185.58	GB: 196.012	Conf: 1.77037	Pts: 140536
Particle (13):: Fit: 17.3153	PB: 17.3153	LB: 184.275	GB: 196.012	Conf: 2	Pts: 55435
Particle (35):: Fit: 177.692	PB: 177.692	LB: 180.835	GB: 196.012	Conf: 1.9036	Pts: 55535
Particle (13):: Fit: 17.889	PB: 17.889	LB: 184.275	GB: 196.012	Conf: 1.98131	Pts: 55534
Particle (18):: Fit: 176.619	PB: 176.619	LB: 196.012	GB: 196.012	Conf: 1.36625	Pts: 55430
Particle (23):: Fit: 175.932	PB: 175.932	LB: 196.012	GB: 196.012	Conf: 1.95639	Pts: 55632
Particle (38):: Fit: 173.711	PB: 173.711	LB: 177.719	GB: 196.012	Conf: 1.4129	Pts: 70331
Particle (45):: Fit: 176.447	PB: 176.447	LB: 183.227	GB: 196.012	Conf: 1.08589	Pts: 140631
Particle (47):: Fit: 17.4027	PB: 17.4027	LB: 187.117	GB: 196.012	Conf: 0.929259	Pts: 50720
Particle (37):: Fit: 185.495	PB: 185.495	LB: 185.495	GB: 196.012	Conf: 1.95908	Pts: 125327
Particle (36):: Fit: 18.0171	PB: 18.0171	LB: 185.495	GB: 196.012	Conf: 0.806734	Pts: 60619
Particle (30):: Fit: 17.6965	PB: 17.6965	LB: 185.58	GB: 196.012	Conf: 2	Pts: 55525
Particle (44):: Fit: 186.545	PB: 186.545	LB: 186.545	GB: 196.012	Conf: 1.87934	Pts: 210625
Particle (47):: Fit: 17.4179	PB: 17.4179	LB: 187.117	GB: 196.012	Conf: 0.848652	Pts: 50817
Particle (33):: Fit: 181.301	PB: 181.301	LB: 185.495	GB: 196.012	Conf: 1.56901	Pts: 130423
Particle (26):: Fit: 189.023	PB: 189.023	LB: 196.012	GB: 196.012	Conf: 1.39586	Pts: 130419
Particle (29):: Fit: 18.0102	PB: 18.0102	LB: 189.023	GB: 196.012	Conf: 1.98699	Pts: 65321
Particle (43):: Fit: 175.806	PB: 175.806	LB: 186.545	GB: 196.012	Conf: 1.98979	Pts: 70420
Particle (44):: Fit: 188.23	PB: 188.23	LB: 188.23	GB: 196.012	Conf: 1.94763	Pts: 260718
Particle (49):: Fit: 18.2073	PB: 18.2073	LB: 187.117	GB: 196.012	Conf: 0.867509	Pts: 50208
Particle (12):: Fit: 184.495	PB: 184.495	LB: 184.495	GB: 196.012	Conf: 1.94201	Pts: 160217
Particle (11):: Fit: 19.0382	PB: 19.0382	LB: 194.62	GB: 196.012	Conf: 1.96683	Pts: 65316
Particle (24):: Fit: 178.749	PB: 178.749	LB: 196.012	GB: 196.012	Conf: 0.891657	Pts: 55713
Particle (13):: Fit: 18.6491	PB: 18.6491	LB: 184.495	GB: 196.012	Conf: 1.98208	Pts: 55611
Particle (1):: Fit: 17.506	PB: 17.506	LB: 187.117	GB: 196.012	Conf: 2	Pts: 55509
Particle (32):: Fit: 181.539	PB: 181.539	LB: 185.58	GB: 196.012	Conf: 1.98467	Pts: 105407
Particle (11):: Fit: 173.887	PB: 173.887	LB: 194.62	GB: 196.012	Conf: 1.98998	Pts: 65405
Particle (35):: Fit: 189.813	PB: 189.813	LB: 189.813	GB: 196.012	Conf: 1.90468	Pts: 105604
Particle (8):: Fit: 138.882	PB: 138.882	LB: 194.62	GB: 196.012	Conf: 0.862127	Pts: 70298
Particle (17):: Fit: 185.702	PB: 185.702	LB: 196.012	GB: 196.012	Conf: 0.270257	Pts: 85597
Particle (20):: Fit: 184.304	PB: 184.304	LB: 196.012	GB: 196.012	Conf: 0.348006	Pts: 55490
Particle (38):: Fit: 185.186	PB: 185.186	LB: 189.813	GB: 196.012	Conf: 0.602395	Pts: 70397
Particle (8):: Fit: 156.314	PB: 156.314	LB: 194.62	GB: 196.012	Conf: 0.502904	Pts: 70396
Particle (0):: Fit: 154.571	PB: 154.571	LB: 187.117	GB: 196.012	Conf: 0.684242	Pts: 110493
Particle (3):: Fit: 148.956	PB: 148.956	LB: 194.62	GB: 196.012	Conf: 1.02317	Pts: 110384
Particle (11):: Fit: 174.221	PB: 174.221	LB: 194.62	GB: 196.012	Conf: 0.60414	Pts: 65493
Particle (13):: Fit: 184.596	PB: 184.596	LB: 185.702	GB: 196.012	Conf: 0.659415	Pts: 55693
Particle (19):: Fit: 171.455	PB: 171.455	LB: 196.012	GB: 196.012	Conf: 0.654128	Pts: 85291
Particle (34):: Fit: 167.479	PB: 167.479	LB: 189.813	GB: 196.012	Conf: 1.08653	Pts: 60682
Particle (36):: Fit: 127.31	PB: 127.31	LB: 189.813	GB: 196.012	Conf: 0.608881	Pts: 60684
Particle (49):: Fit: 173.657	PB: 173.657	LB: 187.117	GB: 196.012	Conf: 0.254874	Pts: 50279
Particle (0):: Fit: 172.48	PB: 172.48	LB: 187.117	GB: 196.012	Conf: 0.723701	Pts: 110590
Particle (34):: Fit: 170.849	PB: 170.849	LB: 189.813	GB: 196.012	Conf: 0.926896	Pts: 60780
Particle (6):: Fit: 182.078	PB: 182.078	LB: 194.62	GB: 196.012	Conf: 0.653921	Pts: 60389
Particle (21):: Fit: 165.835	PB: 165.835	LB: 196.012	GB: 196.012	Conf: 0.106056	Pts: 55788
Particle (25):: Fit: 173.952	PB: 173.952	LB: 196.012	GB: 196.012	Conf: 0.446229	Pts: 55572
Particle (39):: Fit: 168.495	PB: 168.495	LB: 189.813	GB: 196.012	Conf: 0.869001	Pts: 80286
Particle (31):: Fit: 184.93	PB: 184.93	LB: 189.813	GB: 196.012	Conf: 1.00204	Pts: 115185
Particle (34):: Fit: 171.873	PB: 171.873	LB: 189.813	GB: 196.012	Conf: 0.496745	Pts: 60875
Particle (0):: Fit: 181.02	PB: 181.02	LB: 187.117	GB: 196.012	Conf: 0.725879	Pts: 110684
Particle (16):: Fit: 181.2	PB: 181.2	LB: 185.702	GB: 196.012	Conf: 1.75147	Pts: 55482
Particle (24):: Fit: 183.855	PB: 183.855	LB: 196.012	GB: 196.012	Conf: 0.499776	Pts: 55782
Particle (21):: Fit: 174.224	PB: 174.224	LB: 196.012	GB: 196.012	Conf: 0.72616	Pts: 55883
Particle (42):: Fit: 161.168	PB: 161.168	LB: 188.23	GB: 196.012	Conf: 0.82922	Pts: 50483
Particle (33):: Fit: 184.895	PB: 184.895	LB: 189.813	GB: 196.012	Conf: 0.359956	Pts: 130481
Particle (3):: Fit: 152.287	PB: 152.287	LB: 194.62	GB: 196.012	Conf: 0.355936	Pts: 110471
Particle (5):: Fit: 157.711	PB: 157.711	LB: 194.62	GB: 196.012	Conf: 0.646099	Pts: 55467
Particle (42):: Fit: 172.004	PB: 172.004	LB: 188.23	GB: 196.012	Conf: 0.578896	Pts: 50580
Particle (29):: Fit: 135.135	PB: 135.135	LB: 189.023	GB: 196.012	Conf: 0.550468	Pts: 65379
Particle (42):: Fit: 174.317	PB: 174.317	LB: 188.23	GB: 196.012	Conf: 0.932972	Pts: 50679
Particle (36):: Fit: 160.179	PB: 160.179	LB: 189.813	GB: 196.012	Conf: 0.406736	Pts: 60768
Particle (43):: Fit: 192.407	PB: 192.407	LB: 192.407	GB: 196.012	Conf: 0.524121	Pts: 120475
Particle (11):: Fit: 175.228	PB: 175.228	LB: 194.62	GB: 196.012	Conf: 0.35143	Pts: 65575
Particle (31):: Fit: 191.143	PB: 191.143	LB: 191.143	GB: 196.012	Conf: 0.195764	Pts: 160273
Particle (49):: Fit: 175.726	PB: 175.726	LB: 187.117	GB: 196.012	Conf: 0.228575	Pts: 50361
Particle (3):: Fit: 179.122	PB: 179.122	LB: 194.62	GB: 196.012	Conf: 0.150251	Pts: 110564
Particle (18):: Fit: 178.773	PB: 178.773	LB: 196.012	GB: 196.012	Conf: 0.285542	Pts: 55467
Particle (25):: Fit: 177.156	PB: 177.156	LB: 196.012	GB: 196.012	Conf: 0.214862	Pts: 55659
Particle (47):: Fit: 176.144	PB: 176.144	LB: 192.407	GB: 196.012	Conf: 0.655702	Pts: 50863
Particle (8):: Fit: 166.642	PB: 166.642	LB: 194.62	GB: 196.012	Conf: 0.541287	Pts: 70472
Particle (29):: Fit: 135.874	PB: 135.874	LB: 191.143	GB: 196.012	Conf: 0.547223	Pts: 65472
Particle (3):: Fit: 180.139	PB: 180.139	LB: 194.62	GB: 196.012	Conf: 0.163631	Pts: 110662
Particle (30):: Fit: 158.766	PB: 158.766	LB: 191.143	GB: 196.012	Conf: 0.632881	Pts: 55567
Particle (8):: Fit: 173.337	PB: 173.337	LB: 194.62	GB: 196.012	Conf: 0.809743	Pts: 70566
Particle (15):: Fit: 152.361	PB: 152.361	LB: 185.702	GB: 196.012	Conf: 0.332718	Pts: 65263
Particle (21):: Fit: 178.31	PB: 178.31	LB: 196.012	GB: 196.012	Conf: 0.591384	Pts: 55964
Particle (14):: Fit: 172.595	PB: 172.595	LB: 185.702	GB: 196.012	Conf: 0.419253	Pts: 55663
Particle (43):: Fit: 196.955	PB: 196.955	LB: 196.955	GB: 196.955	Conf: 0.361731	Pts: 180555
Particle (47):: Fit: 177.54	PB: 177.54	LB: 196.955	GB: 196.955	Conf: 0.670075	Pts: 50946
Global: 196.955 - Correct: 66% of 100 tests
Global Best: 
  Inner Net 1
  -- 1 : 1 = -0.042187
  -- 1 : 2 = -0.0852287
  -- 1 : 3 = 0.281219
  -- 1 : 4 = 0.226582
  -- 1 : 5 = -0.0606992
  -- 1 : 6 = -0.109602
  -- 1 : 7 = 0.0424976
  -- 1 : 8 = 0.213585
  -- 1 : 9 = 0.177651
  -- 2 : 1 = 0.309625
  -- 2 : 2 = 0.295703
  -- 2 : 3 = -0.19853
  -- 2 : 4 = 0.057473
  -- 2 : 5 = 0.427693
  -- 2 : 6 = 0.0159477
  -- 2 : 7 = 0.605911
  -- 2 : 8 = 0.150505
  -- 2 : 9 = 0.513835
  -- 3 : 1 = -0.081721
  -- 3 : 2 = 0.15077
  -- 3 : 3 = -0.150155
  -- 3 : 4 = -0.0603512
  -- 3 : 5 = -0.293047
  -- 3 : 6 = 0.189274
  -- 3 : 7 = -0.195026
  -- 3 : 8 = 0.839893
  -- 3 : 9 = 0.381727
  -- 4 : 1 = 0.273664
  -- 4 : 2 = -0.0727963
  -- 4 : 3 = 0.278389
  -- 4 : 4 = -0.350998
  -- 4 : 5 = -0.0908675
  -- 4 : 6 = 0.507788
  -- 4 : 7 = -0.0880143
  -- 4 : 8 = -1
  -- 4 : 9 = 0.252748
  -- 5 : 1 = 0.182074
  -- 5 : 2 = 0.0708021
  -- 5 : 3 = 0.400736
  -- 5 : 4 = -0.25313
  -- 5 : 5 = 0.365396
  -- 5 : 6 = 0.236176
  -- 5 : 7 = 0.190325
  -- 5 : 8 = 0.196099
  -- 5 : 9 = 0.464832
  -- 6 : 1 = 0.169148
  -- 6 : 2 = 0.0112657
  -- 6 : 3 = 0.121023
  -- 6 : 4 = 0.172115
  -- 6 : 5 = 0.130848
  -- 6 : 6 = 0.207935
  -- 6 : 7 = 0.505296
  -- 6 : 8 = 0.509008
  -- 6 : 9 = 0.424908
  -- 7 : 1 = 0.611156
  -- 7 : 2 = 0.166747
  -- 7 : 3 = 0.286153
  -- 7 : 4 = -0.131471
  -- 7 : 5 = 0.290665
  -- 7 : 6 = 0.566389
  -- 7 : 7 = -0.0329766
  -- 7 : 8 = 0.0463031
  -- 7 : 9 = 0.062574
  -- 8 : 1 = 0.597955
  -- 8 : 2 = 0.112787
  -- 8 : 3 = 0.316182
  -- 8 : 4 = 0.115352
  -- 8 : 5 = 0.0403927
  -- 8 : 6 = -0.322002
  -- 8 : 7 = -0.200341
  -- 8 : 8 = 0.0160703
  -- 8 : 9 = 0.183766
  -- 9 : 1 = -0.34171
  -- 9 : 2 = -0.167304
  -- 9 : 3 = -0.129107
  -- 9 : 4 = 0.673257
  -- 9 : 5 = -0.323905
  -- 9 : 6 = 0.0161394
  -- 9 : 7 = -0.161181
  -- 9 : 8 = 0.397264
  -- 9 : 9 = -1
  -- 10 : 1 = 0.237345
  -- 10 : 2 = 0.502807
  -- 10 : 3 = 0.126687
  -- 10 : 4 = 0.360621
  -- 10 : 5 = 0.196231
  -- 10 : 6 = 0.0167143
  -- 10 : 7 = -0.228497
  -- 10 : 8 = 0.0927853
  -- 10 : 9 = -0.00344213
  Inner Net 2
  -- 1 : 1 = -0.84107
  -- 1 : 2 = 0.307542
  -- 2 : 1 = -0.05356
  -- 2 : 2 = 0.0404712
  -- 3 : 1 = -0.128133
  -- 3 : 2 = -0.17195
  -- 4 : 1 = -0.00351344
  -- 4 : 2 = 0.213721
  -- 5 : 1 = 0.0813895
  -- 5 : 2 = -0.180434
  -- 6 : 1 = 0.141446
  -- 6 : 2 = 0.165344
  -- 7 : 1 = -0.0700936
  -- 7 : 2 = -0.174529
  -- 8 : 1 = 0.16795
  -- 8 : 2 = 0.196033
  -- 9 : 1 = -0.401204
  -- 9 : 2 = -0.16792
Out\Act	False		True
False	0.0161828	0.825797	0.84198
True	0.00142789	0.156592	0.15802
	0.0176107	0.982389
	Accuracy [ (tp + tn) / testSize ]: 0.172775
	Precision [ tp / (tp + fp) ]:      0.159322
	Sensitivity [ tp / (tp + fn) ]:    0.987988
	Specificity [ tn / (tn + fp) ]:    0.019209
	F-Score [ 2tp / (2tp + fp + fn) ]: 0.27451
Particle (14):: Fit: 173.723	PB: 173.723	LB: 185.702	GB: 196.955	Conf: 0.33541	Pts: 55755
Particle (36):: Fit: 161.615	PB: 161.615	LB: 189.813	GB: 196.955	Conf: 0.598082	Pts: 60843
Particle (19):: Fit: 177.283	PB: 177.283	LB: 196.012	GB: 196.955	Conf: 0.569128	Pts: 85352
Particle (15):: Fit: 175.67	PB: 175.67	LB: 185.702	GB: 196.955	Conf: 0.249768	Pts: 65349
Particle (16):: Fit: 183.601	PB: 183.601	LB: 185.702	GB: 196.955	Conf: 0.748165	Pts: 55546
Particle (11):: Fit: 178.311	PB: 178.311	LB: 194.62	GB: 196.955	Conf: 0.552021	Pts: 65646
Particle (39):: Fit: 176.959	PB: 176.959	LB: 196.955	GB: 196.955	Conf: 0.450442	Pts: 80346
Particle (19):: Fit: 179.17	PB: 179.17	LB: 196.012	GB: 196.955	Conf: 0.601878	Pts: 85442
Particle (36):: Fit: 174.652	PB: 174.652	LB: 189.813	GB: 196.955	Conf: 0.768778	Pts: 60928
Particle (14):: Fit: 179.149	PB: 179.149	LB: 185.702	GB: 196.955	Conf: 0.349777	Pts: 55838
Particle (26):: Fit: 190.429	PB: 190.429	LB: 196.012	GB: 196.955	Conf: 0.755579	Pts: 130431
Particle (5):: Fit: 167.436	PB: 167.436	LB: 194.62	GB: 196.955	Conf: 0.710645	Pts: 55522
Particle (24):: Fit: 190.205	PB: 190.205	LB: 196.012	GB: 196.955	Conf: 0.212043	Pts: 55833
Particle (27):: Fit: 188.67	PB: 188.67	LB: 191.143	GB: 196.955	Conf: 0.616297	Pts: 75131
Particle (28):: Fit: 196.955	PB: 196.955	LB: 196.955	GB: 196.955	Conf: 0.632793	Pts: 190530
Particle (29):: Fit: 147.146	PB: 147.146	LB: 196.955	GB: 196.955	Conf: 0.344764	Pts: 65531
Particle (15):: Fit: 176.95	PB: 176.95	LB: 185.702	GB: 196.955	Conf: 0.578182	Pts: 65429
Particle (49):: Fit: 176.405	PB: 176.405	LB: 187.117	GB: 196.955	Conf: 0.416357	Pts: 50415
Particle (45):: Fit: 178.039	PB: 178.039	LB: 196.955	GB: 196.955	Conf: 0.447005	Pts: 140619
Particle (15):: Fit: 198.316	PB: 198.316	LB: 198.316	GB: 198.316	Conf: 0.401189	Pts: 125517
Global: 198.316 - Correct: 70% of 100 tests
Global Best: 
  Inner Net 1
  -- 1 : 1 = -0.593573
  -- 1 : 2 = -0.208785
  -- 1 : 3 = 0.252809
  -- 1 : 4 = 0.0156332
  -- 1 : 5 = 0.131387
  -- 1 : 6 = -0.369901
  -- 1 : 7 = 0.240755
  -- 1 : 8 = 0.141273
  -- 1 : 9 = 0.0885209
  -- 2 : 1 = 0.185779
  -- 2 : 2 = 0.394212
  -- 2 : 3 = 0.392817
  -- 2 : 4 = 0.0351528
  -- 2 : 5 = 0.330402
  -- 2 : 6 = 0.296565
  -- 2 : 7 = 0.0688726
  -- 2 : 8 = 0.171877
  -- 2 : 9 = -0.0723504
  -- 3 : 1 = 0.018603
  -- 3 : 2 = -0.180315
  -- 3 : 3 = -0.102958
  -- 3 : 4 = 0.411352
  -- 3 : 5 = 0.108067
  -- 3 : 6 = 0.0859283
  -- 3 : 7 = 0.0117203
  -- 3 : 8 = -0.287326
  -- 3 : 9 = -0.138647
  -- 4 : 1 = 0.152531
  -- 4 : 2 = 0.109245
  -- 4 : 3 = 0.494729
  -- 4 : 4 = -0.331686
  -- 4 : 5 = -0.0570432
  -- 4 : 6 = 0.434281
  -- 4 : 7 = 0.314382
  -- 4 : 8 = -0.412207
  -- 4 : 9 = 0.278404
  -- 5 : 1 = -0.222691
  -- 5 : 2 = 0.283113
  -- 5 : 3 = -0.166277
  -- 5 : 4 = -0.144755
  -- 5 : 5 = 0.0224067
  -- 5 : 6 = -0.119437
  -- 5 : 7 = -0.0866679
  -- 5 : 8 = -0.0647982
  -- 5 : 9 = -0.222249
  -- 6 : 1 = 0.773118
  -- 6 : 2 = -0.409599
  -- 6 : 3 = -0.0605405
  -- 6 : 4 = 0.0201226
  -- 6 : 5 = 0.0126158
  -- 6 : 6 = 0.171722
  -- 6 : 7 = -0.0701604
  -- 6 : 8 = -0.413355
  -- 6 : 9 = 0.334593
  -- 7 : 1 = 0.150905
  -- 7 : 2 = 0.256785
  -- 7 : 3 = -0.0107988
  -- 7 : 4 = -0.298537
  -- 7 : 5 = 0.33897
  -- 7 : 6 = 0.0333996
  -- 7 : 7 = -0.0669411
  -- 7 : 8 = 0.237265
  -- 7 : 9 = 0.592608
  -- 8 : 1 = 0.832523
  -- 8 : 2 = 0.491996
  -- 8 : 3 = 0.490453
  -- 8 : 4 = 0.264353
  -- 8 : 5 = 0.190493
  -- 8 : 6 = 0.346829
  -- 8 : 7 = 0.0850364
  -- 8 : 8 = 0.21741
  -- 8 : 9 = 0.086509
  -- 9 : 1 = 0.330099
  -- 9 : 2 = -0.274127
  -- 9 : 3 = -0.0707369
  -- 9 : 4 = -0.0569423
  -- 9 : 5 = 0.543582
  -- 9 : 6 = -0.189843
  -- 9 : 7 = -0.406861
  -- 9 : 8 = 0.733269
  -- 9 : 9 = -0.344764
  -- 10 : 1 = 0.686543
  -- 10 : 2 = 0.0438264
  -- 10 : 3 = 0.178274
  -- 10 : 4 = 0.140316
  -- 10 : 5 = 0.333066
  -- 10 : 6 = -0.0478069
  -- 10 : 7 = -0.0495626
  -- 10 : 8 = -0.0666412
  -- 10 : 9 = -0.157546
  Inner Net 2
  -- 1 : 1 = -0.163917
  -- 1 : 2 = -0.0682085
  -- 2 : 1 = 0.097829
  -- 2 : 2 = 0.10207
  -- 3 : 1 = 0.550306
  -- 3 : 2 = -0.104028
  -- 4 : 1 = -0.320556
  -- 4 : 2 = 0.299496
  -- 5 : 1 = 0.501155
  -- 5 : 2 = -0.0317843
  -- 6 : 1 = 0.103794
  -- 6 : 2 = -0.0811428
  -- 7 : 1 = -0.0249583
  -- 7 : 2 = 0.0323833
  -- 8 : 1 = 0.257058
  -- 8 : 2 = -0.175112
  -- 9 : 1 = 0.243201
  -- 9 : 2 = 0.493377
Out\Act	False		True
False	0.339362	0.502618	0.84198
True	0.0337934	0.124227	0.15802
	0.373156	0.626844
	Accuracy [ (tp + tn) / testSize ]: 0.463589
	Precision [ tp / (tp + fp) ]:      0.198027
	Sensitivity [ tp / (tp + fn) ]:    0.783784
	Specificity [ tn / (tn + fp) ]:    0.402825
	F-Score [ 2tp / (2tp + fp + fn) ]: 0.316364
Particle (8):: Fit: 184.793	PB: 184.793	LB: 194.62	GB: 198.316	Conf: 0.637075	Pts: 70616
Particle (19):: Fit: 186.081	PB: 186.081	LB: 198.316	GB: 198.316	Conf: 0.476499	Pts: 85515
Particle (42):: Fit: 177.167	PB: 177.167	LB: 196.955	GB: 198.316	Conf: 0.881221	Pts: 50715
Particle (45):: Fit: 179.065	PB: 179.065	LB: 196.955	GB: 198.316	Conf: 0.366888	Pts: 140716
Particle (30):: Fit: 174.092	PB: 174.092	LB: 196.955	GB: 198.316	Conf: 0.761844	Pts: 55610
Particle (32):: Fit: 182.376	PB: 182.376	LB: 196.955	GB: 198.316	Conf: 0.45881	Pts: 105412
Particle (3):: Fit: 186.179	PB: 186.179	LB: 194.62	GB: 198.316	Conf: 0.215127	Pts: 110704
Particle (42):: Fit: 181.411	PB: 181.411	LB: 196.955	GB: 198.316	Conf: 0.778191	Pts: 50813
Particle (49):: Fit: 187.398	PB: 187.398	LB: 187.398	GB: 198.316	Conf: 0.403264	Pts: 65501
Particle (18):: Fit: 179.249	PB: 179.249	LB: 198.316	GB: 198.316	Conf: 0.965029	Pts: 55504
Particle (49):: Fit: 188.357	PB: 188.357	LB: 188.357	GB: 198.316	Conf: 0.307274	Pts: 85596
Particle (13):: Fit: 185.117	PB: 185.117	LB: 198.316	GB: 198.316	Conf: 0.28348	Pts: 55706
Particle (18):: Fit: 185.928	PB: 185.928	LB: 198.316	GB: 198.316	Conf: 0.942895	Pts: 55601
Particle (42):: Fit: 185.019	PB: 185.019	LB: 196.955	GB: 198.316	Conf: 0.765568	Pts: 50905
Particle (29):: Fit: 156.939	PB: 156.939	LB: 196.955	GB: 198.316	Conf: 0.384473	Pts: 65603
Particle (21):: Fit: 192.176	PB: 192.176	LB: 196.012	GB: 198.316	Conf: 0.36428	Pts: 56001
Particle (5):: Fit: 175.295	PB: 175.295	LB: 194.62	GB: 198.316	Conf: 0.703683	Pts: 55586
Particle (36):: Fit: 190.486	PB: 190.486	LB: 190.486	GB: 198.316	Conf: 0.747127	Pts: 70988
Particle (14):: Fit: 188.63	PB: 188.63	LB: 198.316	GB: 198.316	Conf: 0.124005	Pts: 55897
Particle (34):: Fit: 181.314	PB: 181.314	LB: 191.143	GB: 198.316	Conf: 0.771528	Pts: 60883
Particle (48):: Fit: 185.935	PB: 185.935	LB: 188.357	GB: 198.316	Conf: 0.590114	Pts: 115289
Particle (10):: Fit: 192.168	PB: 192.168	LB: 198.316	GB: 198.316	Conf: 0.869072	Pts: 75487
Particle (38):: Fit: 185.796	PB: 185.796	LB: 196.955	GB: 198.316	Conf: 0.293749	Pts: 70388
Particle (39):: Fit: 188.249	PB: 188.249	LB: 196.955	GB: 198.316	Conf: 0.881413	Pts: 80389
Particle (11):: Fit: 182.132	PB: 182.132	LB: 198.316	GB: 198.316	Conf: 0.319687	Pts: 65686
Particle (35):: Fit: 192.93	PB: 192.93	LB: 192.93	GB: 198.316	Conf: 0.461216	Pts: 130585
Particle (12):: Fit: 184.644	PB: 184.644	LB: 198.316	GB: 198.316	Conf: 0.583091	Pts: 160184
Particle (23):: Fit: 180.575	PB: 180.575	LB: 196.955	GB: 198.316	Conf: 0.329184	Pts: 55576
Particle (14):: Fit: 190.384	PB: 190.384	LB: 198.316	GB: 198.316	Conf: 0.205975	Pts: 55982
Particle (39):: Fit: 190.986	PB: 190.986	LB: 196.955	GB: 198.316	Conf: 0.842501	Pts: 80477
Particle (47):: Fit: 179.452	PB: 179.452	LB: 196.955	GB: 198.316	Conf: 0.644478	Pts: 50964
Particle (16):: Fit: 192.101	PB: 192.101	LB: 198.316	GB: 198.316	Conf: 0.222918	Pts: 55569
Particle (2):: Fit: 199.652	PB: 199.652	LB: 199.652	GB: 199.652	Conf: 0.410423	Pts: 230770
Global: 199.652 - Correct: 68% of 100 tests
Global Best: 
  Inner Net 1
  -- 1 : 1 = -0.5
  -- 1 : 2 = 0.308232
  -- 1 : 3 = 0.0057585
  -- 1 : 4 = -0.0452543
  -- 1 : 5 = -0.136962
  -- 1 : 6 = 0.414194
  -- 1 : 7 = 0.0933539
  -- 1 : 8 = 0.314302
  -- 1 : 9 = 0.0305801
  -- 2 : 1 = 0.649493
  -- 2 : 2 = 0.424982
  -- 2 : 3 = 0.638405
  -- 2 : 4 = 0.0590681
  -- 2 : 5 = 0.375861
  -- 2 : 6 = -0.0173213
  -- 2 : 7 = 0.335079
  -- 2 : 8 = 0.0629258
  -- 2 : 9 = -0.101408
  -- 3 : 1 = 0.481181
  -- 3 : 2 = 0.328581
  -- 3 : 3 = -0.116647
  -- 3 : 4 = -0.290604
  -- 3 : 5 = -0.122191
  -- 3 : 6 = 0.0604525
  -- 3 : 7 = 0.533447
  -- 3 : 8 = 0.206332
  -- 3 : 9 = 0.149076
  -- 4 : 1 = 0.348579
  -- 4 : 2 = -0.0696299
  -- 4 : 3 = -0.046685
  -- 4 : 4 = 0.367298
  -- 4 : 5 = 0.532321
  -- 4 : 6 = 0.508326
  -- 4 : 7 = 0.542065
  -- 4 : 8 = -0.0708216
  -- 4 : 9 = 0.32139
  -- 5 : 1 = 0.581549
  -- 5 : 2 = 0.0734771
  -- 5 : 3 = 0.028806
  -- 5 : 4 = 0.0425233
  -- 5 : 5 = 0.306542
  -- 5 : 6 = 0.0779003
  -- 5 : 7 = 0.147106
  -- 5 : 8 = 0.0722763
  -- 5 : 9 = -0.0562527
  -- 6 : 1 = 0.340474
  -- 6 : 2 = -0.00544435
  -- 6 : 3 = 0.76312
  -- 6 : 4 = 0.30564
  -- 6 : 5 = 0.427951
  -- 6 : 6 = 0.47952
  -- 6 : 7 = -0.28104
  -- 6 : 8 = 0.210149
  -- 6 : 9 = 0.235159
  -- 7 : 1 = -0.0630677
  -- 7 : 2 = 0.562474
  -- 7 : 3 = 0.567385
  -- 7 : 4 = 0.697527
  -- 7 : 5 = 0.186373
  -- 7 : 6 = -0.237667
  -- 7 : 7 = 0.324074
  -- 7 : 8 = 0.341372
  -- 7 : 9 = 0.517503
  -- 8 : 1 = 0.105311
  -- 8 : 2 = -0.282709
  -- 8 : 3 = 0.423725
  -- 8 : 4 = -0.0569235
  -- 8 : 5 = 0.865619
  -- 8 : 6 = -0.00086833
  -- 8 : 7 = -0.121246
  -- 8 : 8 = 0.0031033
  -- 8 : 9 = 0.353561
  -- 9 : 1 = 0.677319
  -- 9 : 2 = 0.0321665
  -- 9 : 3 = -0.106591
  -- 9 : 4 = -0.179924
  -- 9 : 5 = 0.481997
  -- 9 : 6 = 0.387141
  -- 9 : 7 = 0.0423745
  -- 9 : 8 = 0.284116
  -- 9 : 9 = 0.0471658
  -- 10 : 1 = 0.343932
  -- 10 : 2 = 0.407203
  -- 10 : 3 = 0.0161969
  -- 10 : 4 = 0.765803
  -- 10 : 5 = 0.0665278
  -- 10 : 6 = -0.149791
  -- 10 : 7 = 0.79035
  -- 10 : 8 = 0.486553
  -- 10 : 9 = -0.335421
  Inner Net 2
  -- 1 : 1 = -0.824548
  -- 1 : 2 = 0.193898
  -- 2 : 1 = 0.105702
  -- 2 : 2 = 0.422015
  -- 3 : 1 = 0.607697
  -- 3 : 2 = 0.0784469
  -- 4 : 1 = -0.265588
  -- 4 : 2 = 0.379704
  -- 5 : 1 = -0.215133
  -- 5 : 2 = -0.381576
  -- 6 : 1 = -0.0617188
  -- 6 : 2 = -0.351248
  -- 7 : 1 = -0.220672
  -- 7 : 2 = -0.14539
  -- 8 : 1 = 0.00241666
  -- 8 : 2 = -0.208675
  -- 9 : 1 = 0.392254
  -- 9 : 2 = -0.159176
Out\Act	False		True
False	0.18991	0.65207	0.84198
True	0.0204664	0.137554	0.15802
	0.210376	0.789624
	Accuracy [ (tp + tn) / testSize ]: 0.327463
	Precision [ tp / (tp + fp) ]:      0.174096
	Sensitivity [ tp / (tp + fn) ]:    0.867868
	Specificity [ tn / (tn + fp) ]:    0.225424
	F-Score [ 2tp / (2tp + fp + fn) ]: 0.290161
Particle (30):: Fit: 178.224	PB: 178.224	LB: 196.955	GB: 199.652	Conf: 0.702792	Pts: 55657
Particle (1):: Fit: 148.065	PB: 148.065	LB: 199.652	GB: 199.652	Conf: 0.460073	Pts: 55456
Particle (25):: Fit: 183.558	PB: 183.558	LB: 196.955	GB: 199.652	Conf: 0.300464	Pts: 55648
Particle (12):: Fit: 197.974	PB: 197.974	LB: 198.316	GB: 199.652	Conf: 0.421475	Pts: 175259
Particle (8):: Fit: 189.732	PB: 189.732	LB: 197.974	GB: 199.652	Conf: 0.378848	Pts: 70658
Particle (9):: Fit: 187.512	PB: 187.512	LB: 197.974	GB: 199.652	Conf: 0.0536976	Pts: 65354
Particle (0):: Fit: 187.901	PB: 187.901	LB: 199.652	GB: 199.652	Conf: 0.761769	Pts: 110652
Particle (38):: Fit: 192.915	PB: 192.915	LB: 196.955	GB: 199.652	Conf: 0.450835	Pts: 70451
Particle (45):: Fit: 197.075	PB: 197.075	LB: 197.075	GB: 199.652	Conf: 0.671891	Pts: 175746
Particle (4):: Fit: 188.828	PB: 188.828	LB: 199.652	GB: 199.652	Conf: 0.804481	Pts: 200247
Particle (30):: Fit: 185.7	PB: 185.7	LB: 196.955	GB: 199.652	Conf: 0.663898	Pts: 55736
Particle (23):: Fit: 196.847	PB: 196.847	LB: 196.955	GB: 199.652	Conf: 0.29425	Pts: 70627
Particle (18):: Fit: 188.723	PB: 188.723	LB: 198.316	GB: 199.652	Conf: 0.748645	Pts: 55625
Particle (27):: Fit: 189.216	PB: 189.216	LB: 196.955	GB: 199.652	Conf: 0.761419	Pts: 75125
Particle (32):: Fit: 182.758	PB: 182.758	LB: 196.955	GB: 199.652	Conf: 0.354582	Pts: 105422
Particle (24):: Fit: 200.486	PB: 200.486	LB: 200.486	GB: 200.486	Conf: 0.521079	Pts: 115820
Global: 200.486 - Correct: 73% of 100 tests
Global Best: 
  Inner Net 1
  -- 1 : 1 = 0.0665836
  -- 1 : 2 = -0.167889
  -- 1 : 3 = 0.020017
  -- 1 : 4 = 0.464689
  -- 1 : 5 = -0.398661
  -- 1 : 6 = -0.131149
  -- 1 : 7 = -0.581847
  -- 1 : 8 = 0.0919872
  -- 1 : 9 = 0.0690827
  -- 2 : 1 = 0.397646
  -- 2 : 2 = -0.100267
  -- 2 : 3 = 0.263425
  -- 2 : 4 = -0.0444977
  -- 2 : 5 = 0.313852
  -- 2 : 6 = 0.307083
  -- 2 : 7 = 0.325067
  -- 2 : 8 = 0.270601
  -- 2 : 9 = -0.137101
  -- 3 : 1 = 0.214719
  -- 3 : 2 = 0.103689
  -- 3 : 3 = -0.0666603
  -- 3 : 4 = -0.00222823
  -- 3 : 5 = 0.209984
  -- 3 : 6 = 0.0191041
  -- 3 : 7 = 0.0685778
  -- 3 : 8 = 0.527451
  -- 3 : 9 = -0.0938193
  -- 4 : 1 = 0.836372
  -- 4 : 2 = 0.102277
  -- 4 : 3 = 0.352215
  -- 4 : 4 = 0.0509804
  -- 4 : 5 = 0.708267
  -- 4 : 6 = -0.229002
  -- 4 : 7 = 0.0010304
  -- 4 : 8 = 0.00294623
  -- 4 : 9 = 0.0210586
  -- 5 : 1 = 0.47493
  -- 5 : 2 = 0.67195
  -- 5 : 3 = 0.00736083
  -- 5 : 4 = 0.465671
  -- 5 : 5 = -0.243943
  -- 5 : 6 = 0.26919
  -- 5 : 7 = 0.0582001
  -- 5 : 8 = -0.0156243
  -- 5 : 9 = 0.275264
  -- 6 : 1 = 0.261315
  -- 6 : 2 = 0.0523343
  -- 6 : 3 = 0.216138
  -- 6 : 4 = -0.0124721
  -- 6 : 5 = 0.0150513
  -- 6 : 6 = 0.196398
  -- 6 : 7 = 0.030788
  -- 6 : 8 = 0.117949
  -- 6 : 9 = 0.291544
  -- 7 : 1 = -0.0987819
  -- 7 : 2 = -0.243525
  -- 7 : 3 = -0.315695
  -- 7 : 4 = 0.340504
  -- 7 : 5 = 0.0828661
  -- 7 : 6 = -0.022908
  -- 7 : 7 = 0.137804
  -- 7 : 8 = -0.07094
  -- 7 : 9 = 0.0957047
  -- 8 : 1 = 0.364007
  -- 8 : 2 = 0.637699
  -- 8 : 3 = 0.316317
  -- 8 : 4 = -0.0880009
  -- 8 : 5 = -0.264073
  -- 8 : 6 = 0.330904
  -- 8 : 7 = 0.359245
  -- 8 : 8 = -0.0139648
  -- 8 : 9 = 0.0678536
  -- 9 : 1 = 0.618917
  -- 9 : 2 = 0.0191451
  -- 9 : 3 = -0.176665
  -- 9 : 4 = 0.194543
  -- 9 : 5 = -0.121703
  -- 9 : 6 = -0.135689
  -- 9 : 7 = -0.23282
  -- 9 : 8 = -0.328942
  -- 9 : 9 = 0.355278
  -- 10 : 1 = 0.36911
  -- 10 : 2 = 0.293654
  -- 10 : 3 = -0.0232514
  -- 10 : 4 = 0.34007
  -- 10 : 5 = -0.272399
  -- 10 : 6 = 0.0472164
  -- 10 : 7 = -0.112598
  -- 10 : 8 = 0.813577
  -- 10 : 9 = -0.192463
  Inner Net 2
  -- 1 : 1 = -0.521098
  -- 1 : 2 = -0.153297
  -- 2 : 1 = -0.147153
  -- 2 : 2 = -0.0132498
  -- 3 : 1 = 0.307848
  -- 3 : 2 = 0.101918
  -- 4 : 1 = -0.16313
  -- 4 : 2 = -0.180154
  -- 5 : 1 = -0.322101
  -- 5 : 2 = 0.430949
  -- 6 : 1 = -0.166566
  -- 6 : 2 = 0.249201
  -- 7 : 1 = 0.509606
  -- 7 : 2 = 0.147191
  -- 8 : 1 = 0.0916963
  -- 8 : 2 = 0.363796
  -- 9 : 1 = -0.209432
  -- 9 : 2 = -0.0323949
Out\Act	False		True
False	0.536411	0.305569	0.84198
True	0.0680628	0.0899572	0.15802
	0.604474	0.395526
	Accuracy [ (tp + tn) / testSize ]: 0.626368
	Precision [ tp / (tp + fp) ]:      0.227163
	Sensitivity [ tp / (tp + fn) ]:    0.567568
	Specificity [ tn / (tn + fp) ]:    0.636723
	F-Score [ 2tp / (2tp + fp + fn) ]: 0.324742
Particle (3):: Fit: 197.824	PB: 197.824	LB: 199.652	GB: 200.486	Conf: 0.653259	Pts: 110713
Particle (29):: Fit: 162.287	PB: 162.287	LB: 196.955	GB: 200.486	Conf: 0.183564	Pts: 65616
Particle (46):: Fit: 181.946	PB: 181.946	LB: 197.075	GB: 200.486	Conf: 1.55721	Pts: 100111
Particle (13):: Fit: 202.517	PB: 202.517	LB: 202.517	GB: 202.517	Conf: 0.425947	Pts: 115709
Global: 202.517 - Correct: 69% of 100 tests
Global Best: 
  Inner Net 1
  -- 1 : 1 = -0.394753
  -- 1 : 2 = 0.185041
  -- 1 : 3 = 0.388613
  -- 1 : 4 = 0.564694
  -- 1 : 5 = 0.152171
  -- 1 : 6 = 0.158493
  -- 1 : 7 = -0.0811303
  -- 1 : 8 = 0.269318
  -- 1 : 9 = -0.10277
  -- 2 : 1 = 0.250235
  -- 2 : 2 = 0.219575
  -- 2 : 3 = 0.193592
  -- 2 : 4 = 0.191688
  -- 2 : 5 = -0.0104513
  -- 2 : 6 = 0.151916
  -- 2 : 7 = 0.332949
  -- 2 : 8 = 0.144502
  -- 2 : 9 = 0.532303
  -- 3 : 1 = -0.0385933
  -- 3 : 2 = 0.26023
  -- 3 : 3 = 0.213539
  -- 3 : 4 = 0.56426
  -- 3 : 5 = 0.341756
  -- 3 : 6 = 0.50769
  -- 3 : 7 = 0.421004
  -- 3 : 8 = 0.157712
  -- 3 : 9 = 0.0266908
  -- 4 : 1 = 0.469847
  -- 4 : 2 = -0.0516491
  -- 4 : 3 = 0.0487207
  -- 4 : 4 = -0.173714
  -- 4 : 5 = 0.146984
  -- 4 : 6 = 0.116806
  -- 4 : 7 = -0.0208671
  -- 4 : 8 = -0.0879904
  -- 4 : 9 = 0.0854932
  -- 5 : 1 = -0.53718
  -- 5 : 2 = 0.253013
  -- 5 : 3 = -0.147621
  -- 5 : 4 = 0.106979
  -- 5 : 5 = -0.315524
  -- 5 : 6 = 0.299212
  -- 5 : 7 = 0.389375
  -- 5 : 8 = 0.337615
  -- 5 : 9 = 0.119385
  -- 6 : 1 = 0.839324
  -- 6 : 2 = 0.210715
  -- 6 : 3 = -0.109922
  -- 6 : 4 = -0.0224224
  -- 6 : 5 = 0.431685
  -- 6 : 6 = -0.0910642
  -- 6 : 7 = 0.0636267
  -- 6 : 8 = -0.193965
  -- 6 : 9 = -0.0354882
  -- 7 : 1 = 0.497698
  -- 7 : 2 = 0.100548
  -- 7 : 3 = -0.241325
  -- 7 : 4 = -0.178183
  -- 7 : 5 = -0.029751
  -- 7 : 6 = 0.237067
  -- 7 : 7 = -0.057562
  -- 7 : 8 = -0.271209
  -- 7 : 9 = 0.549286
  -- 8 : 1 = 1
  -- 8 : 2 = -0.409003
  -- 8 : 3 = 0.212328
  -- 8 : 4 = -0.152388
  -- 8 : 5 = -0.0220683
  -- 8 : 6 = -0.102651
  -- 8 : 7 = -0.301005
  -- 8 : 8 = -0.409065
  -- 8 : 9 = -0.0905076
  -- 9 : 1 = 0.301052
  -- 9 : 2 = 0.304778
  -- 9 : 3 = 0.00270801
  -- 9 : 4 = -0.208987
  -- 9 : 5 = 0.326583
  -- 9 : 6 = -0.171452
  -- 9 : 7 = 0.238299
  -- 9 : 8 = -0.122733
  -- 9 : 9 = -0.128895
  -- 10 : 1 = 0.589397
  -- 10 : 2 = -0.181754
  -- 10 : 3 = 0.0081031
  -- 10 : 4 = -0.12181
  -- 10 : 5 = 0.266025
  -- 10 : 6 = -0.168142
  -- 10 : 7 = -0.129006
  -- 10 : 8 = 0.350069
  -- 10 : 9 = 0.287141
  Inner Net 2
  -- 1 : 1 = -0.170822
  -- 1 : 2 = 0.24585
  -- 2 : 1 = -0.202369
  -- 2 : 2 = -0.0429429
  -- 3 : 1 = 0.128528
  -- 3 : 2 = -0.138793
  -- 4 : 1 = -0.303235
  -- 4 : 2 = 0.189256
  -- 5 : 1 = 0.459623
  -- 5 : 2 = -0.144284
  -- 6 : 1 = 0.261437
  -- 6 : 2 = 0.165382
  -- 7 : 1 = 0.460713
  -- 7 : 2 = 0.0202143
  -- 8 : 1 = -0.107847
  -- 8 : 2 = -0.207967
  -- 9 : 1 = -0.110727
  -- 9 : 2 = 0.0781604
Out\Act	False		True
False	0.20752	0.63446	0.84198
True	0.0176107	0.140409	0.15802
	0.225131	0.774869
	Accuracy [ (tp + tn) / testSize ]: 0.34793
	Precision [ tp / (tp + fp) ]:      0.181093
	Sensitivity [ tp / (tp + fn) ]:    0.885886
	Specificity [ tn / (tn + fp) ]:    0.246328
	F-Score [ 2tp / (2tp + fp + fn) ]: 0.300867
Particle (33):: Fit: 189.578	PB: 189.578	LB: 192.93	GB: 202.517	Conf: 0.312089	Pts: 130408
Particle (47):: Fit: 181.336	PB: 181.336	LB: 199.652	GB: 202.517	Conf: 0.697803	Pts: 50989
Particle (29):: Fit: 168.756	PB: 168.756	LB: 196.955	GB: 202.517	Conf: 0.30934	Pts: 65688
Particle (7):: Fit: 199.542	PB: 199.542	LB: 199.542	GB: 202.517	Conf: 0.665796	Pts: 130088
Particle (11):: Fit: 192.859	PB: 192.859	LB: 202.517	GB: 202.517	Conf: 0.861939	Pts: 65688
Particle (6):: Fit: 190.069	PB: 190.069	LB: 199.652	GB: 202.517	Conf: 0.714693	Pts: 60289
Particle (8):: Fit: 195.241	PB: 195.241	LB: 202.517	GB: 202.517	Conf: 0.412738	Pts: 70684
Particle (37):: Fit: 187.435	PB: 187.435	LB: 192.93	GB: 202.517	Conf: 0.654215	Pts: 125184
Particle (31):: Fit: 195.882	PB: 195.882	LB: 196.955	GB: 202.517	Conf: 0.506996	Pts: 175164
Particle (28):: Fit: 202.707	PB: 202.707	LB: 202.707	GB: 202.707	Conf: 0.259177	Pts: 250443
Global: 202.707 - Correct: 76% of 100 tests
Global Best: 
  Inner Net 1
  -- 1 : 1 = 0.391107
  -- 1 : 2 = -0.144317
  -- 1 : 3 = -0.245615
  -- 1 : 4 = 0.227668
  -- 1 : 5 = -0.122762
  -- 1 : 6 = 0.298755
  -- 1 : 7 = 0.492443
  -- 1 : 8 = 0.316202
  -- 1 : 9 = 0.0685208
  -- 2 : 1 = 0.226176
  -- 2 : 2 = 0.356202
  -- 2 : 3 = 0.0184593
  -- 2 : 4 = 0.180787
  -- 2 : 5 = -0.210457
  -- 2 : 6 = -0.099651
  -- 2 : 7 = 0.389581
  -- 2 : 8 = 0.184783
  -- 2 : 9 = 0.448132
  -- 3 : 1 = -0.00723952
  -- 3 : 2 = -0.0334415
  -- 3 : 3 = 0.159568
  -- 3 : 4 = -0.123693
  -- 3 : 5 = 0.0997638
  -- 3 : 6 = 0.109931
  -- 3 : 7 = 0.101544
  -- 3 : 8 = -0.105591
  -- 3 : 9 = 0.203165
  -- 4 : 1 = -0.5
  -- 4 : 2 = -0.0257957
  -- 4 : 3 = 0.0122288
  -- 4 : 4 = 0.467735
  -- 4 : 5 = 0.167798
  -- 4 : 6 = 0.637373
  -- 4 : 7 = 0.0913971
  -- 4 : 8 = 0.0625449
  -- 4 : 9 = 0.0131473
  -- 5 : 1 = 0.451183
  -- 5 : 2 = 0.245174
  -- 5 : 3 = -0.0820274
  -- 5 : 4 = 0.148614
  -- 5 : 5 = -0.289063
  -- 5 : 6 = 0.400087
  -- 5 : 7 = 0.410087
  -- 5 : 8 = -0.0895884
  -- 5 : 9 = 0.338953
  -- 6 : 1 = 0.503727
  -- 6 : 2 = 0.378023
  -- 6 : 3 = 0.0711477
  -- 6 : 4 = 0.566035
  -- 6 : 5 = 0.262197
  -- 6 : 6 = 0.383075
  -- 6 : 7 = 0.422497
  -- 6 : 8 = 0.291115
  -- 6 : 9 = 0.821215
  -- 7 : 1 = -0.153323
  -- 7 : 2 = 0.292646
  -- 7 : 3 = 0.0231149
  -- 7 : 4 = -0.26752
  -- 7 : 5 = 0.0101353
  -- 7 : 6 = 0.141729
  -- 7 : 7 = 0.303478
  -- 7 : 8 = 0.0367421
  -- 7 : 9 = 0.103214
  -- 8 : 1 = 0.651835
  -- 8 : 2 = 0.0821957
  -- 8 : 3 = 0.136829
  -- 8 : 4 = 0.405502
  -- 8 : 5 = 0.189045
  -- 8 : 6 = -0.231306
  -- 8 : 7 = 0.509604
  -- 8 : 8 = -0.0530676
  -- 8 : 9 = -0.439259
  -- 9 : 1 = 0.528382
  -- 9 : 2 = 0.179552
  -- 9 : 3 = -0.278218
  -- 9 : 4 = 0.351748
  -- 9 : 5 = 0.294717
  -- 9 : 6 = 0.217322
  -- 9 : 7 = -0.344968
  -- 9 : 8 = -0.114891
  -- 9 : 9 = 0.330947
  -- 10 : 1 = 0.431667
  -- 10 : 2 = 0.124179
  -- 10 : 3 = 0.00386071
  -- 10 : 4 = 0.213638
  -- 10 : 5 = 0.246643
  -- 10 : 6 = 0.0888468
  -- 10 : 7 = -0.0926838
  -- 10 : 8 = -0.0496546
  -- 10 : 9 = -0.26611
  Inner Net 2
  -- 1 : 1 = -0.00180788
  -- 1 : 2 = -0.242669
  -- 2 : 1 = -0.184864
  -- 2 : 2 = 0.169675
  -- 3 : 1 = -0.276329
  -- 3 : 2 = 0.129709
  -- 4 : 1 = -0.420957
  -- 4 : 2 = -0.320033
  -- 5 : 1 = -0.166886
  -- 5 : 2 = -0.26871
  -- 6 : 1 = -0.098802
  -- 6 : 2 = -0.174048
  -- 7 : 1 = -0.5406
  -- 7 : 2 = -0.0963394
  -- 8 : 1 = -0.0971788
  -- 8 : 2 = 0.344739
  -- 9 : 1 = -0.396348
  -- 9 : 2 = 0.216183
Out\Act	False		True
False	0.633508	0.208472	0.84198
True	0.0851975	0.0728225	0.15802
	0.718705	0.281295
	Accuracy [ (tp + tn) / testSize ]: 0.70633
	Precision [ tp / (tp + fp) ]:      0.258446
	Sensitivity [ tp / (tp + fn) ]:    0.459459
	Specificity [ tn / (tn + fp) ]:    0.751977
	F-Score [ 2tp / (2tp + fp + fn) ]: 0.331169
Particle (33):: Fit: 191.214	PB: 191.214	LB: 195.882	GB: 202.707	Conf: 0.802118	Pts: 130441
Particle (19):: Fit: 194.524	PB: 194.524	LB: 200.486	GB: 202.707	Conf: 0.253766	Pts: 85436
Particle (44):: Fit: 188.898	PB: 188.898	LB: 197.075	GB: 202.707	Conf: 0.692465	Pts: 260529
Particle (32):: Fit: 198.717	PB: 198.717	LB: 202.707	GB: 202.707	Conf: 0.513886	Pts: 125431
Particle (27):: Fit: 190.707	PB: 190.707	LB: 202.707	GB: 202.707	Conf: 0.819747	Pts: 75119
Particle (47):: Fit: 181.926	PB: 181.926	LB: 199.652	GB: 202.707	Conf: 0.612622	Pts: 51015
Particle (18):: Fit: 190.764	PB: 190.764	LB: 198.316	GB: 202.707	Conf: 0.847346	Pts: 55620
Particle (11):: Fit: 195.846	PB: 195.846	LB: 202.517	GB: 202.707	Conf: 0.867742	Pts: 65720
Particle (17):: Fit: 187.48	PB: 187.48	LB: 202.517	GB: 202.707	Conf: 0.65414	Pts: 85412
Particle (7):: Fit: 209.091	PB: 209.091	LB: 209.091	GB: 209.091	Conf: 0.715365	Pts: 190108
Global: 209.091 - Correct: 71% of 100 tests
Global Best: 
  Inner Net 1
  -- 1 : 1 = -0.311256
  -- 1 : 2 = 0.285702
  -- 1 : 3 = -0.153624
  -- 1 : 4 = 0.211889
  -- 1 : 5 = 0.265686
  -- 1 : 6 = -0.174355
  -- 1 : 7 = 0.211426
  -- 1 : 8 = 0.573496
  -- 1 : 9 = 0.390007
  -- 2 : 1 = 0.35616
  -- 2 : 2 = -0.000149115
  -- 2 : 3 = -0.175811
  -- 2 : 4 = 0.12794
  -- 2 : 5 = -0.0845381
  -- 2 : 6 = 0.212052
  -- 2 : 7 = -0.136836
  -- 2 : 8 = -0.0115685
  -- 2 : 9 = 0.0616902
  -- 3 : 1 = -0.31532
  -- 3 : 2 = -0.229414
  -- 3 : 3 = -0.0353216
  -- 3 : 4 = -0.119153
  -- 3 : 5 = 0.340401
  -- 3 : 6 = 0.11388
  -- 3 : 7 = -0.218953
  -- 3 : 8 = -0.0993516
  -- 3 : 9 = 0.0796017
  -- 4 : 1 = -0.121694
  -- 4 : 2 = 0.249986
  -- 4 : 3 = -0.263157
  -- 4 : 4 = 0.459608
  -- 4 : 5 = 0.254549
  -- 4 : 6 = 0.125211
  -- 4 : 7 = -0.0590056
  -- 4 : 8 = -0.196448
  -- 4 : 9 = -0.312683
  -- 5 : 1 = 0.440705
  -- 5 : 2 = 0.213868
  -- 5 : 3 = -0.163858
  -- 5 : 4 = -0.270235
  -- 5 : 5 = -0.103115
  -- 5 : 6 = 0.0165865
  -- 5 : 7 = -0.0207471
  -- 5 : 8 = 0.359
  -- 5 : 9 = 0.288379
  -- 6 : 1 = 0.522127
  -- 6 : 2 = 0.885353
  -- 6 : 3 = 0.0538673
  -- 6 : 4 = 0.326416
  -- 6 : 5 = -0.0235495
  -- 6 : 6 = 0.0934733
  -- 6 : 7 = 0.102871
  -- 6 : 8 = 0.0370444
  -- 6 : 9 = 0.340897
  -- 7 : 1 = 0.261847
  -- 7 : 2 = 0.185842
  -- 7 : 3 = -0.14294
  -- 7 : 4 = -0.0858699
  -- 7 : 5 = -0.208864
  -- 7 : 6 = 0.656419
  -- 7 : 7 = -0.207971
  -- 7 : 8 = -0.301441
  -- 7 : 9 = -0.342396
  -- 8 : 1 = 0.395666
  -- 8 : 2 = 0.338585
  -- 8 : 3 = -0.19478
  -- 8 : 4 = 0.258525
  -- 8 : 5 = 0.311436
  -- 8 : 6 = -0.085879
  -- 8 : 7 = 0.329305
  -- 8 : 8 = -0.0225067
  -- 8 : 9 = 0.162165
  -- 9 : 1 = 0
  -- 9 : 2 = -0.30072
  -- 9 : 3 = 0.162282
  -- 9 : 4 = 0.00749442
  -- 9 : 5 = 0.465168
  -- 9 : 6 = 0.235651
  -- 9 : 7 = -0.0767488
  -- 9 : 8 = -0.31602
  -- 9 : 9 = -0.0244875
  -- 10 : 1 = -0.443722
  -- 10 : 2 = -0.234752
  -- 10 : 3 = -0.0886691
  -- 10 : 4 = -0.00733171
  -- 10 : 5 = 0.730228
  -- 10 : 6 = -0.0743591
  -- 10 : 7 = -0.316776
  -- 10 : 8 = 0.0286882
  -- 10 : 9 = 0.253515
  Inner Net 2
  -- 1 : 1 = -0.461928
  -- 1 : 2 = 0.0560097
  -- 2 : 1 = 0.0300507
  -- 2 : 2 = -0.1135
  -- 3 : 1 = 0.435329
  -- 3 : 2 = -0.196806
  -- 4 : 1 = -0.142471
  -- 4 : 2 = -0.0767256
  -- 5 : 1 = -0.0619223
  -- 5 : 2 = -0.112212
  -- 6 : 1 = 0.192045
  -- 6 : 2 = -0.0390582
  -- 7 : 1 = -0.158915
  -- 7 : 2 = -0.297022
  -- 8 : 1 = 0.172878
  -- 8 : 2 = 0.0548816
  -- 9 : 1 = -0.0934342
  -- 9 : 2 = -0.256542
Out\Act	False		True
False	0.0247501	0.81723	0.84198
True	0.000951928	0.157068	0.15802
	0.025702	0.974298
	Accuracy [ (tp + tn) / testSize ]: 0.181818
	Precision [ tp / (tp + fp) ]:      0.161133
	Sensitivity [ tp / (tp + fn) ]:    0.990991
	Specificity [ tn / (tn + fp) ]:    0.0293785
	F-Score [ 2tp / (2tp + fp + fn) ]: 0.277311
Particle (19):: Fit: 203.275	PB: 203.275	LB: 203.275	GB: 209.091	Conf: 0.571298	Pts: 135506
Particle (47):: Fit: 189.573	PB: 189.573	LB: 199.652	GB: 209.091	Conf: 0.67496	Pts: 51090
Particle (37):: Fit: 196.254	PB: 196.254	LB: 196.254	GB: 209.091	Conf: 0.634933	Pts: 130189
Particle (25):: Fit: 189.89	PB: 189.89	LB: 202.707	GB: 209.091	Conf: 0.632689	Pts: 55570
Particle (22):: Fit: 200.141	PB: 200.141	LB: 203.275	GB: 209.091	Conf: 0.783649	Pts: 209968
Particle (48):: Fit: 186.101	PB: 186.101	LB: 199.652	GB: 209.091	Conf: 0.645572	Pts: 115146
Particle (46):: Fit: 183.882	PB: 183.882	LB: 197.075	GB: 209.091	Conf: 0.589076	Pts: 100039
Particle (31):: Fit: 211.519	PB: 211.519	LB: 211.519	GB: 211.519	Conf: 0.527098	Pts: 235151
Global: 211.519 - Correct: 73% of 100 tests
Global Best: 
  Inner Net 1
  -- 1 : 1 = 0.0734086
  -- 1 : 2 = 0.122489
  -- 1 : 3 = 0.0207668
  -- 1 : 4 = 0.159039
  -- 1 : 5 = 0.504166
  -- 1 : 6 = -0.354742
  -- 1 : 7 = -0.20591
  -- 1 : 8 = 0.110756
  -- 1 : 9 = 0.00577998
  -- 2 : 1 = 0.497984
  -- 2 : 2 = 0.23301
  -- 2 : 3 = -0.104389
  -- 2 : 4 = 0.297613
  -- 2 : 5 = -0.029509
  -- 2 : 6 = 0.283784
  -- 2 : 7 = 0.178298
  -- 2 : 8 = -0.179292
  -- 2 : 9 = 0.361781
  -- 3 : 1 = -0.148438
  -- 3 : 2 = 0.200658
  -- 3 : 3 = -0.0534534
  -- 3 : 4 = -0.116596
  -- 3 : 5 = -0.134478
  -- 3 : 6 = -0.377625
  -- 3 : 7 = -0.154168
  -- 3 : 8 = 0.149458
  -- 3 : 9 = -0.0771309
  -- 4 : 1 = -0.5459
  -- 4 : 2 = 0.216451
  -- 4 : 3 = 0.136635
  -- 4 : 4 = 0.225905
  -- 4 : 5 = 0.0325278
  -- 4 : 6 = 0.0435145
  -- 4 : 7 = -0.162466
  -- 4 : 8 = 0.257244
  -- 4 : 9 = -0.0466776
  -- 5 : 1 = 0.821506
  -- 5 : 2 = -0.239318
  -- 5 : 3 = 0.235896
  -- 5 : 4 = -0.0557774
  -- 5 : 5 = 0.0210177
  -- 5 : 6 = -0.373706
  -- 5 : 7 = -0.153295
  -- 5 : 8 = -0.156658
  -- 5 : 9 = 0.285686
  -- 6 : 1 = 0.271799
  -- 6 : 2 = -0.080148
  -- 6 : 3 = 0.104367
  -- 6 : 4 = -0.2153
  -- 6 : 5 = -0.0381857
  -- 6 : 6 = -0.178588
  -- 6 : 7 = 0.332246
  -- 6 : 8 = -0.255226
  -- 6 : 9 = -0.548521
  -- 7 : 1 = 0.140287
  -- 7 : 2 = 0.395069
  -- 7 : 3 = -0.226685
  -- 7 : 4 = 0.0718551
  -- 7 : 5 = 0.538467
  -- 7 : 6 = 0.27219
  -- 7 : 7 = 0.155628
  -- 7 : 8 = -0.0554567
  -- 7 : 9 = -0.322752
  -- 8 : 1 = 0.553631
  -- 8 : 2 = -0.0301215
  -- 8 : 3 = 0.259981
  -- 8 : 4 = 0.0134029
  -- 8 : 5 = 0.245086
  -- 8 : 6 = -0.208016
  -- 8 : 7 = 0.15861
  -- 8 : 8 = 0.199588
  -- 8 : 9 = 0.48306
  -- 9 : 1 = 0.206815
  -- 9 : 2 = 0.37874
  -- 9 : 3 = -0.0629233
  -- 9 : 4 = 0.241377
  -- 9 : 5 = 0.0823548
  -- 9 : 6 = -0.270443
  -- 9 : 7 = 0.183508
  -- 9 : 8 = 0.00477305
  -- 9 : 9 = 0.246668
  -- 10 : 1 = 0.317401
  -- 10 : 2 = 0.255836
  -- 10 : 3 = -0.0744486
  -- 10 : 4 = -0.0119918
  -- 10 : 5 = 0.0254407
  -- 10 : 6 = -0.591051
  -- 10 : 7 = 0.0424685
  -- 10 : 8 = -0.168341
  -- 10 : 9 = 0.260785
  Inner Net 2
  -- 1 : 1 = -0.0912152
  -- 1 : 2 = -0.0873311
  -- 2 : 1 = 0.155268
  -- 2 : 2 = -0.0678264
  -- 3 : 1 = 0.0366856
  -- 3 : 2 = -0.067888
  -- 4 : 1 = 0.00206192
  -- 4 : 2 = -0.132521
  -- 5 : 1 = 0.119258
  -- 5 : 2 = -0.187223
  -- 6 : 1 = 0.0398721
  -- 6 : 2 = -0.0448303
  -- 7 : 1 = -0.324399
  -- 7 : 2 = -0.0710224
  -- 8 : 1 = 0.0568141
  -- 8 : 2 = -0.316005
  -- 9 : 1 = -0.302676
  -- 9 : 2 = -0.0104061
Out\Act	False		True
False	0.218943	0.623037	0.84198
True	0.0295098	0.12851	0.15802
	0.248453	0.751547
	Accuracy [ (tp + tn) / testSize ]: 0.347454
	Precision [ tp / (tp + fp) ]:      0.170886
	Sensitivity [ tp / (tp + fn) ]:    0.810811
	Specificity [ tn / (tn + fp) ]:    0.259887
	F-Score [ 2tp / (2tp + fp + fn) ]: 0.282427
Particle (17):: Fit: 194.403	PB: 194.403	LB: 203.275	GB: 211.519	Conf: 0.642849	Pts: 85438
Particle (39):: Fit: 193.253	PB: 193.253	LB: 196.955	GB: 211.519	Conf: 0.945972	Pts: 80338
Particle (22):: Fit: 215.65	PB: 215.65	LB: 215.65	GB: 215.65	Conf: 0.695016	Pts: 270032
Global: 215.65 - Correct: 75% of 100 tests
Global Best: 
  Inner Net 1
  -- 1 : 1 = 0.307643
  -- 1 : 2 = 0.0301025
  -- 1 : 3 = 0.0242723
  -- 1 : 4 = -0.115285
  -- 1 : 5 = -0.017719
  -- 1 : 6 = -0.258699
  -- 1 : 7 = 0.575425
  -- 1 : 8 = 0.0933028
  -- 1 : 9 = 0.109293
  -- 2 : 1 = 0.390419
  -- 2 : 2 = -0.255957
  -- 2 : 3 = 0.233136
  -- 2 : 4 = 0
  -- 2 : 5 = 0.251025
  -- 2 : 6 = 0.311532
  -- 2 : 7 = -0.206792
  -- 2 : 8 = -0.17384
  -- 2 : 9 = -0.0903498
  -- 3 : 1 = -0.25271
  -- 3 : 2 = 0.433783
  -- 3 : 3 = 0.0420566
  -- 3 : 4 = -0.385068
  -- 3 : 5 = 0.509004
  -- 3 : 6 = -0.135442
  -- 3 : 7 = -0.505808
  -- 3 : 8 = 0.269356
  -- 3 : 9 = 0.0151981
  -- 4 : 1 = 0.652618
  -- 4 : 2 = -0.00464418
  -- 4 : 3 = 0.441415
  -- 4 : 4 = 0.168624
  -- 4 : 5 = 0.194235
  -- 4 : 6 = -0.133271
  -- 4 : 7 = 0.14794
  -- 4 : 8 = -0.0105812
  -- 4 : 9 = -0.327688
  -- 5 : 1 = 0.79675
  -- 5 : 2 = -0.360532
  -- 5 : 3 = 0.22602
  -- 5 : 4 = -0.1144
  -- 5 : 5 = 0.405905
  -- 5 : 6 = 0.259363
  -- 5 : 7 = 0.187821
  -- 5 : 8 = -0.153833
  -- 5 : 9 = -0.154748
  -- 6 : 1 = 0.470173
  -- 6 : 2 = 0.263992
  -- 6 : 3 = -0.0750424
  -- 6 : 4 = 0.0524274
  -- 6 : 5 = 0.701717
  -- 6 : 6 = 0.717892
  -- 6 : 7 = 0.696725
  -- 6 : 8 = -0.0858114
  -- 6 : 9 = -0.261823
  -- 7 : 1 = 0.331219
  -- 7 : 2 = -0.00445618
  -- 7 : 3 = -0.310501
  -- 7 : 4 = 0.311102
  -- 7 : 5 = 0.151508
  -- 7 : 6 = 0.0896206
  -- 7 : 7 = 0.268179
  -- 7 : 8 = 0.266418
  -- 7 : 9 = -0.0860293
  -- 8 : 1 = 0.673465
  -- 8 : 2 = 0.62072
  -- 8 : 3 = 0.0487249
  -- 8 : 4 = 0.814646
  -- 8 : 5 = 0.167952
  -- 8 : 6 = 0.143295
  -- 8 : 7 = 0.39268
  -- 8 : 8 = -0.0943375
  -- 8 : 9 = 0.153326
  -- 9 : 1 = 0.568495
  -- 9 : 2 = 0.19007
  -- 9 : 3 = -0.215198
  -- 9 : 4 = -0.240771
  -- 9 : 5 = -0.287009
  -- 9 : 6 = 0.121715
  -- 9 : 7 = -0.349428
  -- 9 : 8 = -0.305321
  -- 9 : 9 = -0.00633169
  -- 10 : 1 = -0.694589
  -- 10 : 2 = 0.321934
  -- 10 : 3 = -0.286006
  -- 10 : 4 = -0.220395
  -- 10 : 5 = 0.274831
  -- 10 : 6 = -0.063125
  -- 10 : 7 = 0.201464
  -- 10 : 8 = 0.458192
  -- 10 : 9 = -0.0108752
  Inner Net 2
  -- 1 : 1 = -0.617201
  -- 1 : 2 = 0.199177
  -- 2 : 1 = -0.21552
  -- 2 : 2 = 0.0865266
  -- 3 : 1 = -0.0363473
  -- 3 : 2 = -0.517014
  -- 4 : 1 = -0.0883985
  -- 4 : 2 = -0.282532
  -- 5 : 1 = -0.159663
  -- 5 : 2 = -0.18919
  -- 6 : 1 = -0.0883335
  -- 6 : 2 = -0.426516
  -- 7 : 1 = 0.20529
  -- 7 : 2 = 0.115099
  -- 8 : 1 = -0.0438623
  -- 8 : 2 = 0.00592907
  -- 9 : 1 = -0.10913
  -- 9 : 2 = 0.0949357
Out\Act	False		True
False	0.255117	0.586863	0.84198
True	0.0209424	0.137078	0.15802
	0.276059	0.723941
	Accuracy [ (tp + tn) / testSize ]: 0.392194
	Precision [ tp / (tp + fp) ]:      0.189225
	Sensitivity [ tp / (tp + fn) ]:    0.864865
	Specificity [ tn / (tn + fp) ]:    0.302825
	F-Score [ 2tp / (2tp + fp + fn) ]: 0.31068
Particle (4):: Fit: 189.266	PB: 189.266	LB: 209.091	GB: 215.65	Conf: 0.894807	Pts: 200133
Particle (48):: Fit: 197.126	PB: 197.126	LB: 199.652	GB: 215.65	Conf: 0.65432	Pts: 135216
Particle (34):: Fit: 182.535	PB: 182.535	LB: 211.519	GB: 215.65	Conf: 0.293961	Pts: 60708
Particle (5):: Fit: 176.308	PB: 176.308	LB: 209.091	GB: 215.65	Conf: 0.692854	Pts: 55406
Particle (42):: Fit: 188.13	PB: 188.13	LB: 197.075	GB: 215.65	Conf: 0.910361	Pts: 50679
Particle (46):: Fit: 185.4	PB: 185.4	LB: 197.126	GB: 215.65	Conf: 0.532794	Pts: 100056
Particle (29):: Fit: 180.168	PB: 180.168	LB: 211.519	GB: 215.65	Conf: 0.288056	Pts: 65546
Particle (5):: Fit: 180.212	PB: 180.212	LB: 209.091	GB: 215.65	Conf: 0.751272	Pts: 55433
Particle (37):: Fit: 196.546	PB: 196.546	LB: 196.546	GB: 215.65	Conf: 0.650881	Pts: 135149
Particle (39):: Fit: 193.763	PB: 193.763	LB: 196.955	GB: 215.65	Conf: 0.530618	Pts: 80345
Particle (5):: Fit: 180.818	PB: 180.818	LB: 209.091	GB: 215.65	Conf: 0.782689	Pts: 55505
Particle (34):: Fit: 182.616	PB: 182.616	LB: 211.519	GB: 215.65	Conf: 0.859436	Pts: 60696
Particle (49):: Fit: 194.025	PB: 194.025	LB: 199.652	GB: 215.65	Conf: 0.266528	Pts: 85290
Particle (29):: Fit: 181.6	PB: 181.6	LB: 211.519	GB: 215.65	Conf: 0.232837	Pts: 65586
Particle (0):: Fit: 194.558	PB: 194.558	LB: 199.652	GB: 215.65	Conf: 0.725112	Pts: 110373
Particle (9):: Fit: 200.846	PB: 200.846	LB: 209.091	GB: 215.65	Conf: 0.0885458	Pts: 65071
Particle (44):: Fit: 195.129	PB: 195.129	LB: 197.126	GB: 215.65	Conf: 0.627744	Pts: 260353
Particle (49):: Fit: 196.162	PB: 196.162	LB: 199.652	GB: 215.65	Conf: 0.384537	Pts: 85318
Particle (47):: Fit: 190.85	PB: 190.85	LB: 199.652	GB: 215.65	Conf: 0.480608	Pts: 50905
Particle (25):: Fit: 192.191	PB: 192.191	LB: 215.65	GB: 215.65	Conf: 0.579119	Pts: 55396
Particle (14):: Fit: 193.203	PB: 193.203	LB: 203.275	GB: 215.65	Conf: 0.333659	Pts: 55601
Particle (26):: Fit: 198.902	PB: 198.902	LB: 215.65	GB: 215.65	Conf: 0.612415	Pts: 129974
Particle (6):: Fit: 193.183	PB: 193.183	LB: 209.091	GB: 215.65	Conf: 0.889422	Pts: 59956
Particle (2):: Fit: 202.264	PB: 202.264	LB: 209.091	GB: 215.65	Conf: 0.969269	Pts: 255344
Particle (46):: Fit: 187.601	PB: 187.601	LB: 197.126	GB: 215.65	Conf: 0.556551	Pts: 99917
Particle (25):: Fit: 195.651	PB: 195.651	LB: 215.65	GB: 215.65	Conf: 0.733291	Pts: 55423
Particle (5):: Fit: 183.235	PB: 183.235	LB: 209.091	GB: 215.65	Conf: 0.723186	Pts: 55413
Particle (42):: Fit: 193.495	PB: 193.495	LB: 197.075	GB: 215.65	Conf: 0.840068	Pts: 50500
Particle (37):: Fit: 197.488	PB: 197.488	LB: 197.488	GB: 215.65	Conf: 0.746785	Pts: 159997
Particle (14):: Fit: 195.904	PB: 195.904	LB: 203.275	GB: 215.65	Conf: 0.381346	Pts: 55588
Particle (36):: Fit: 191.649	PB: 191.649	LB: 198.717	GB: 215.65	Conf: 0.760015	Pts: 70471
Particle (30):: Fit: 185.847	PB: 185.847	LB: 211.519	GB: 215.65	Conf: 0.624596	Pts: 55235
Particle (4):: Fit: 189.75	PB: 189.75	LB: 209.091	GB: 215.65	Conf: 0.962449	Pts: 199863
Particle (47):: Fit: 200.409	PB: 200.409	LB: 202.264	GB: 215.65	Conf: 0.578761	Pts: 75834
Particle (14):: Fit: 196.188	PB: 196.188	LB: 203.275	GB: 215.65	Conf: 0.53282	Pts: 55628
Particle (4):: Fit: 192.208	PB: 192.208	LB: 209.091	GB: 215.65	Conf: 0.515058	Pts: 199920
Particle (5):: Fit: 185.21	PB: 185.21	LB: 209.091	GB: 215.65	Conf: 0.777222	Pts: 55391
Particle (41):: Fit: 182.676	PB: 182.676	LB: 197.488	GB: 215.65	Conf: 0.528773	Pts: 99775
Particle (29):: Fit: 186.585	PB: 186.585	LB: 211.519	GB: 215.65	Conf: 0.393614	Pts: 65363
Particle (46):: Fit: 191.67	PB: 191.67	LB: 200.409	GB: 215.65	Conf: 0.576864	Pts: 99830
Particle (20):: Fit: 190.501	PB: 190.501	LB: 215.65	GB: 215.65	Conf: 0.374493	Pts: 54707
Particle (17):: Fit: 195.005	PB: 195.005	LB: 215.65	GB: 215.65	Conf: 0.32882	Pts: 85024
Particle (12):: Fit: 200.686	PB: 200.686	LB: 202.517	GB: 215.65	Conf: 0.240598	Pts: 174623
Global Best: 
  Inner Net 1
  -- 1 : 1 = 0.307643
  -- 1 : 2 = 0.0301025
  -- 1 : 3 = 0.0242723
  -- 1 : 4 = -0.115285
  -- 1 : 5 = -0.017719
  -- 1 : 6 = -0.258699
  -- 1 : 7 = 0.575425
  -- 1 : 8 = 0.0933028
  -- 1 : 9 = 0.109293
  -- 2 : 1 = 0.390419
  -- 2 : 2 = -0.255957
  -- 2 : 3 = 0.233136
  -- 2 : 4 = 0
  -- 2 : 5 = 0.251025
  -- 2 : 6 = 0.311532
  -- 2 : 7 = -0.206792
  -- 2 : 8 = -0.17384
  -- 2 : 9 = -0.0903498
  -- 3 : 1 = -0.25271
  -- 3 : 2 = 0.433783
  -- 3 : 3 = 0.0420566
  -- 3 : 4 = -0.385068
  -- 3 : 5 = 0.509004
  -- 3 : 6 = -0.135442
  -- 3 : 7 = -0.505808
  -- 3 : 8 = 0.269356
  -- 3 : 9 = 0.0151981
  -- 4 : 1 = 0.652618
  -- 4 : 2 = -0.00464418
  -- 4 : 3 = 0.441415
  -- 4 : 4 = 0.168624
  -- 4 : 5 = 0.194235
  -- 4 : 6 = -0.133271
  -- 4 : 7 = 0.14794
  -- 4 : 8 = -0.0105812
  -- 4 : 9 = -0.327688
  -- 5 : 1 = 0.79675
  -- 5 : 2 = -0.360532
  -- 5 : 3 = 0.22602
  -- 5 : 4 = -0.1144
  -- 5 : 5 = 0.405905
  -- 5 : 6 = 0.259363
  -- 5 : 7 = 0.187821
  -- 5 : 8 = -0.153833
  -- 5 : 9 = -0.154748
  -- 6 : 1 = 0.470173
  -- 6 : 2 = 0.263992
  -- 6 : 3 = -0.0750424
  -- 6 : 4 = 0.0524274
  -- 6 : 5 = 0.701717
  -- 6 : 6 = 0.717892
  -- 6 : 7 = 0.696725
  -- 6 : 8 = -0.0858114
  -- 6 : 9 = -0.261823
  -- 7 : 1 = 0.331219
  -- 7 : 2 = -0.00445618
  -- 7 : 3 = -0.310501
  -- 7 : 4 = 0.311102
  -- 7 : 5 = 0.151508
  -- 7 : 6 = 0.0896206
  -- 7 : 7 = 0.268179
  -- 7 : 8 = 0.266418
  -- 7 : 9 = -0.0860293
  -- 8 : 1 = 0.673465
  -- 8 : 2 = 0.62072
  -- 8 : 3 = 0.0487249
  -- 8 : 4 = 0.814646
  -- 8 : 5 = 0.167952
  -- 8 : 6 = 0.143295
  -- 8 : 7 = 0.39268
  -- 8 : 8 = -0.0943375
  -- 8 : 9 = 0.153326
  -- 9 : 1 = 0.568495
  -- 9 : 2 = 0.19007
  -- 9 : 3 = -0.215198
  -- 9 : 4 = -0.240771
  -- 9 : 5 = -0.287009
  -- 9 : 6 = 0.121715
  -- 9 : 7 = -0.349428
  -- 9 : 8 = -0.305321
  -- 9 : 9 = -0.00633169
  -- 10 : 1 = -0.694589
  -- 10 : 2 = 0.321934
  -- 10 : 3 = -0.286006
  -- 10 : 4 = -0.220395
  -- 10 : 5 = 0.274831
  -- 10 : 6 = -0.063125
  -- 10 : 7 = 0.201464
  -- 10 : 8 = 0.458192
  -- 10 : 9 = -0.0108752
  Inner Net 2
  -- 1 : 1 = -0.617201
  -- 1 : 2 = 0.199177
  -- 2 : 1 = -0.21552
  -- 2 : 2 = 0.0865266
  -- 3 : 1 = -0.0363473
  -- 3 : 2 = -0.517014
  -- 4 : 1 = -0.0883985
  -- 4 : 2 = -0.282532
  -- 5 : 1 = -0.159663
  -- 5 : 2 = -0.18919
  -- 6 : 1 = -0.0883335
  -- 6 : 2 = -0.426516
  -- 7 : 1 = 0.20529
  -- 7 : 2 = 0.115099
  -- 8 : 1 = -0.0438623
  -- 8 : 2 = 0.00592907
  -- 9 : 1 = -0.10913
  -- 9 : 2 = 0.0949357
Out\Act	False		True
False	0.255117	0.586863	0.84198
True	0.0209424	0.137078	0.15802
	0.276059	0.723941
	Accuracy [ (tp + tn) / testSize ]: 0.392194
	Precision [ tp / (tp + fp) ]:      0.189225
	Sensitivity [ tp / (tp + fn) ]:    0.864865
	Specificity [ tn / (tn + fp) ]:    0.302825
	F-Score [ 2tp / (2tp + fp + fn) ]: 0.31068
