
Date / Time: Fri Mar 31 04:14:04 2017

   ****************************************
   * PSO Neural Net (Gaussian Activation) *
   *       by William Boler, BSCE         *
   *     Research Assistant, IUPUI        *
   *                                      *
   *  Professor: Dr. Lauren Christopher   *
   *     Created: March 13, 2017          *
   ****************************************


Inputs: 6
Inner Nets: 1
 - 4
Tests per train(min): 100
Particles: 50
Neighbors: 10
Minimum Particle Iterations: 1000
Particle (0):: Fit: 0.0110229	PB: 0.0110229	LB: 0.0110229	GB: 0.0110229	Conf: 1.89669	Pts: 110099
Particle (1):: Fit: 0.0112245	PB: 0.0112245	LB: 0.0112245	GB: 0.0112245	Conf: 2	Pts: 110099
Particle (2):: Fit: 0.00104157	PB: 0.00104157	LB: 0.0112245	GB: 0.0112245	Conf: 0.875521	Pts: 55099
Particle (3):: Fit: 0.000919453	PB: 0.000919453	LB: 0.0112245	GB: 0.0112245	Conf: 2	Pts: 55099
Particle (4):: Fit: 0.0118335	PB: 0.0118335	LB: 0.0118335	GB: 0.0118335	Conf: 2	Pts: 110099
Particle (5):: Fit: 0.000919453	PB: 0.000919453	LB: 0.0118335	GB: 0.0118335	Conf: 2	Pts: 55099
Particle (6):: Fit: 9.21471e-005	PB: 9.21471e-005	LB: 0.0118335	GB: 0.0118335	Conf: 0.299607	Pts: 55099
Particle (7):: Fit: 0.000919668	PB: 0.000919668	LB: 0.0118335	GB: 0.0118335	Conf: 1.77246	Pts: 65099
Particle (8):: Fit: 9.21397e-005	PB: 9.21397e-005	LB: 0.0118335	GB: 0.0118335	Conf: 0.988103	Pts: 55099
Particle (9):: Fit: 0.000959181	PB: 0.000959181	LB: 0.000959181	GB: 0.0118335	Conf: 1.68542	Pts: 75099
Particle (10):: Fit: 0.0102137	PB: 0.0102137	LB: 0.0102137	GB: 0.0118335	Conf: 1.85662	Pts: 80099
Particle (11):: Fit: 0.0108186	PB: 0.0108186	LB: 0.0108186	GB: 0.0118335	Conf: 2	Pts: 85099
Particle (12):: Fit: 0.00118172	PB: 0.00118172	LB: 0.0108186	GB: 0.0118335	Conf: 0.941597	Pts: 55099
Particle (13):: Fit: 0.00102096	PB: 0.00102096	LB: 0.0108186	GB: 0.0118335	Conf: 1.98992	Pts: 55099
Particle (14):: Fit: 0.000939754	PB: 0.000939754	LB: 0.0108186	GB: 0.0118335	Conf: 2	Pts: 55099
Particle (15):: Fit: 0.0112245	PB: 0.0112245	LB: 0.0112245	GB: 0.0118335	Conf: 2	Pts: 100099
Particle (16):: Fit: 8.91725e-005	PB: 8.91725e-005	LB: 0.0112245	GB: 0.0118335	Conf: 0.879785	Pts: 55099
Particle (17):: Fit: 0.0104128	PB: 0.0104128	LB: 0.0112245	GB: 0.0118335	Conf: 1.88605	Pts: 60099
Particle (18):: Fit: 0.000960055	PB: 0.000960055	LB: 0.0112245	GB: 0.0118335	Conf: 2	Pts: 55099
Particle (19):: Fit: 0.0110215	PB: 0.0110215	LB: 0.0112245	GB: 0.0118335	Conf: 2	Pts: 70099
Particle (20):: Fit: 0.000960055	PB: 0.000960055	LB: 0.0110215	GB: 0.0118335	Conf: 2	Pts: 55099
Particle (21):: Fit: 0.000939754	PB: 0.000939754	LB: 0.0110215	GB: 0.0118335	Conf: 2	Pts: 55099
Particle (22):: Fit: 8.6135e-005	PB: 8.6135e-005	LB: 0.0110215	GB: 0.0118335	Conf: 0.960587	Pts: 55099
Particle (23):: Fit: 0.00102096	PB: 0.00102096	LB: 0.0110215	GB: 0.0118335	Conf: 2	Pts: 70099
Particle (24):: Fit: 0.0110215	PB: 0.0110215	LB: 0.0110215	GB: 0.0118335	Conf: 1.97986	Pts: 95099
Particle (25):: Fit: 0.0116305	PB: 0.0116305	LB: 0.0116305	GB: 0.0118335	Conf: 2	Pts: 100099
Particle (26):: Fit: 0.0110215	PB: 0.0110215	LB: 0.0116305	GB: 0.0118335	Conf: 2	Pts: 55099
Particle (27):: Fit: 0.000980356	PB: 0.000980356	LB: 0.0116305	GB: 0.0118335	Conf: 1.98025	Pts: 55099
Particle (28):: Fit: 0.000980356	PB: 0.000980356	LB: 0.0116305	GB: 0.0118335	Conf: 2	Pts: 60099
Particle (29):: Fit: 0.000919455	PB: 0.000919455	LB: 0.0116305	GB: 0.0118335	Conf: 1.9691	Pts: 55099
Particle (30):: Fit: 0.0108186	PB: 0.0108186	LB: 0.0110215	GB: 0.0118335	Conf: 2	Pts: 70099
Particle (31):: Fit: 0.00073673	PB: 0.00073673	LB: 0.0108186	GB: 0.0118335	Conf: 2	Pts: 55099
Particle (32):: Fit: 0.0114275	PB: 0.0114275	LB: 0.0114275	GB: 0.0118335	Conf: 2	Pts: 85099
Particle (33):: Fit: 0.000980361	PB: 0.000980361	LB: 0.0114275	GB: 0.0118335	Conf: 1.97169	Pts: 55099
Particle (34):: Fit: 0.011027	PB: 0.011027	LB: 0.0114275	GB: 0.0118335	Conf: 1.91937	Pts: 60099
Particle (35):: Fit: 0.0112245	PB: 0.0112245	LB: 0.0114275	GB: 0.0118335	Conf: 2	Pts: 65099
Particle (36):: Fit: 0.000960055	PB: 0.000960055	LB: 0.0114275	GB: 0.0118335	Conf: 2	Pts: 55099
Particle (37):: Fit: 0.0122395	PB: 0.0122395	LB: 0.0122395	GB: 0.0122395	Conf: 2	Pts: 110099
Particle (38):: Fit: 0.0104121	PB: 0.0104121	LB: 0.0122395	GB: 0.0122395	Conf: 1.75172	Pts: 55099
Particle (39):: Fit: 0.000939754	PB: 0.000939754	LB: 0.0122395	GB: 0.0122395	Conf: 2	Pts: 55099
Particle (40):: Fit: 0.0114285	PB: 0.0114285	LB: 0.0122395	GB: 0.0122395	Conf: 0.856535	Pts: 65099
Particle (41):: Fit: 0.000899152	PB: 0.000899152	LB: 0.0122395	GB: 0.0122395	Conf: 2	Pts: 50099
Particle (42):: Fit: 0.000980356	PB: 0.000980356	LB: 0.0114285	GB: 0.0122395	Conf: 2	Pts: 50099
Particle (43):: Fit: 0.0112245	PB: 0.0112245	LB: 0.0114285	GB: 0.0122395	Conf: 2	Pts: 55099
Particle (44):: Fit: 9.2145e-005	PB: 9.2145e-005	LB: 0.0114285	GB: 0.0122395	Conf: 0.126449	Pts: 50099
Particle (45):: Fit: 0.0108194	PB: 0.0108194	LB: 0.0112245	GB: 0.0122395	Conf: 0.69092	Pts: 50099
Particle (46):: Fit: 0.00102096	PB: 0.00102096	LB: 0.0112245	GB: 0.0122395	Conf: 2	Pts: 50099
Particle (47):: Fit: 0.00102096	PB: 0.00102096	LB: 0.0112245	GB: 0.0122395	Conf: 2	Pts: 50099
Particle (48):: Fit: 0.000917825	PB: 0.000917825	LB: 0.0112245	GB: 0.0122395	Conf: 0.945356	Pts: 50099
Particle (49):: Fit: 0.0104133	PB: 0.0104133	LB: 0.0118335	GB: 0.0122395	Conf: 0.467364	Pts: 50099
Global: 0.0122395 - Correct: 40% of 100 tests
Global Best: 
  Inner Net 1
  -- 1 : 1 = 0.8959
  -- 1 : 2 = 0.2091
  -- 1 : 3 = 0.6804
  -- 1 : 4 = 0.3726
  -- 2 : 1 = 0.5982
  -- 2 : 2 = 0.4696
  -- 2 : 3 = 0.5484
  -- 2 : 4 = 0.5639
  -- 3 : 1 = 0.3438
  -- 3 : 2 = 0.586
  -- 3 : 3 = 0.802
  -- 3 : 4 = 0.1322
  -- 4 : 1 = 0.7029
  -- 4 : 2 = 0.6713
  -- 4 : 3 = 0.3757
  -- 4 : 4 = 0.3057
  -- 5 : 1 = 0.7479
  -- 5 : 2 = 0.1539
  -- 5 : 3 = 0.7959
  -- 5 : 4 = 0.3713
  -- 6 : 1 = 0.213
  -- 6 : 2 = 0.237
  -- 6 : 3 = 0.2735
  -- 6 : 4 = 0.4431
  Inner Net 2
  -- 1 : 1 = 0.4384
  -- 1 : 2 = -0.2233
  -- 2 : 1 = 0.0783
  -- 2 : 2 = 0.2187
  -- 3 : 1 = 0.0554
  -- 3 : 2 = 0.4442
  -- 4 : 1 = 0.0788
  -- 4 : 2 = 0.4084
Out\Act	False		True
False	0.8396	0.00237982	0.84198
True	0.157068	0.000951928	0.15802
	0.996668	0.00333175
	Accuracy [ (tp + tn) / testSize ]: 0.840552
	Precision [ tp / (tp + fp) ]:      0.25
	Sensitivity [ tp / (tp + fn) ]:    0.00600601
	Specificity [ tn / (tn + fp) ]:    0.99661
	F-Score [ 2tp / (2tp + fp + fn) ]: 0.0117647
Particle (3):: Fit: 0.000939754	PB: 0.000939754	LB: 0.0118335	GB: 0.0122395	Conf: 2	Pts: 55198
Particle (5):: Fit: 0.00102096	PB: 0.00102096	LB: 0.0118335	GB: 0.0122395	Conf: 2	Pts: 55198
Particle (6):: Fit: 9.41497e-005	PB: 9.41497e-005	LB: 0.0118335	GB: 0.0122395	Conf: 0.549622	Pts: 55198
Particle (7):: Fit: 0.0104138	PB: 0.0104138	LB: 0.0118335	GB: 0.0122395	Conf: 1.71577	Pts: 65198
Particle (8):: Fit: 0.00106162	PB: 0.00106162	LB: 0.0118335	GB: 0.0122395	Conf: 0.343028	Pts: 55198
Particle (9):: Fit: 0.0122393	PB: 0.0122393	LB: 0.0122393	GB: 0.0122395	Conf: 1.66808	Pts: 125198
Particle (10):: Fit: 0.0106181	PB: 0.0106181	LB: 0.0122393	GB: 0.0122395	Conf: 1.85202	Pts: 80198
Particle (16):: Fit: 9.9506e-005	PB: 9.9506e-005	LB: 0.0112245	GB: 0.0122395	Conf: 0.584386	Pts: 55198
Particle (18):: Fit: 0.0112245	PB: 0.0112245	LB: 0.0112245	GB: 0.0122395	Conf: 2	Pts: 55198
Particle (21):: Fit: 0.0110215	PB: 0.0110215	LB: 0.0116305	GB: 0.0122395	Conf: 2	Pts: 55198
Particle (22):: Fit: 9.61517e-005	PB: 9.61517e-005	LB: 0.0116305	GB: 0.0122395	Conf: 0.720286	Pts: 55197
Particle (26):: Fit: 0.0122395	PB: 0.0122395	LB: 0.0122395	GB: 0.0122395	Conf: 2	Pts: 105198
Particle (27):: Fit: 0.0114275	PB: 0.0114275	LB: 0.0122395	GB: 0.0122395	Conf: 2	Pts: 55198
Particle (29):: Fit: 0.114347	PB: 0.114347	LB: 0.114347	GB: 0.114347	Conf: 1.98396	Pts: 115198
Particle (31):: Fit: 0.01021	PB: 0.01021	LB: 0.114347	GB: 0.114347	Conf: 1.98924	Pts: 55198
Particle (38):: Fit: 0.0128485	PB: 0.0128485	LB: 0.0128485	GB: 0.114347	Conf: 1.71982	Pts: 100198
Particle (39):: Fit: 0.000980359	PB: 0.000980359	LB: 0.0128485	GB: 0.114347	Conf: 1.98858	Pts: 55198
Particle (42):: Fit: 0.0112245	PB: 0.0112245	LB: 0.0128485	GB: 0.114347	Conf: 2	Pts: 50198
Particle (44):: Fit: 0.00106159	PB: 0.00106159	LB: 0.0114285	GB: 0.114347	Conf: 0.886835	Pts: 50198
Particle (47):: Fit: 0.0112245	PB: 0.0112245	LB: 0.0112245	GB: 0.114347	Conf: 2	Pts: 50198
Particle (48):: Fit: 0.00892719	PB: 0.00892719	LB: 0.0112245	GB: 0.114347	Conf: 0.817042	Pts: 50198
Global: 0.114347 - Correct: 45% of 100 tests
Global Best: 
  Inner Net 1
  -- 1 : 1 = 0.8357
  -- 1 : 2 = 0.1187
  -- 1 : 3 = 0.7158
  -- 1 : 4 = 0.0101
  -- 2 : 1 = 0.5766
  -- 2 : 2 = 0.622
  -- 2 : 3 = 0.6731
  -- 2 : 4 = 0.9271
  -- 3 : 1 = 0.1642
  -- 3 : 2 = 0.4315
  -- 3 : 3 = 0.2971
  -- 3 : 4 = 0.1426
  -- 4 : 1 = 0.5833
  -- 4 : 2 = 0.9482
  -- 4 : 3 = 0.7431
  -- 4 : 4 = 0.3073
  -- 5 : 1 = 0.1077
  -- 5 : 2 = 0.3573
  -- 5 : 3 = 0.5214
  -- 5 : 4 = 0.1175
  -- 6 : 1 = 0.7741
  -- 6 : 2 = 0.9771
  -- 6 : 3 = 0.9039
  -- 6 : 4 = 0.9738
  Inner Net 2
  -- 1 : 1 = 0.0188228
  -- 1 : 2 = -0.335529
  -- 2 : 1 = -0.267133
  -- 2 : 2 = -0.187105
  -- 3 : 1 = -0.226389
  -- 3 : 2 = 0.0287789
  -- 4 : 1 = -0.448
  -- 4 : 2 = -0.270437
Out\Act	False		True
False	0.84198	0	0.84198
True	0.15802	0	0.15802
	1	0
	Accuracy [ (tp + tn) / testSize ]: 0.84198
	Precision [ tp / (tp + fp) ]:      0
	Sensitivity [ tp / (tp + fn) ]:    0
	Specificity [ tn / (tn + fp) ]:    0.999435
	F-Score [ 2tp / (2tp + fp + fn) ]: 0
Particle (3):: Fit: 0.00100066	PB: 0.00100066	LB: 0.0118335	GB: 0.114347	Conf: 2	Pts: 55297
Particle (6):: Fit: 0.0010616	PB: 0.0010616	LB: 0.0122393	GB: 0.114347	Conf: 0.814659	Pts: 55296
Particle (9):: Fit: 0.120339	PB: 0.120339	LB: 0.120339	GB: 0.120339	Conf: 1.68342	Pts: 185297
Particle (10):: Fit: 0.0106196	PB: 0.0106196	LB: 0.120339	GB: 0.120339	Conf: 1.80644	Pts: 80297
Particle (11):: Fit: 0.0116305	PB: 0.0116305	LB: 0.120339	GB: 0.120339	Conf: 2	Pts: 95197
Particle (14):: Fit: 0.00100066	PB: 0.00100066	LB: 0.0116305	GB: 0.120339	Conf: 2	Pts: 55197
Particle (39):: Fit: 0.00102096	PB: 0.00102096	LB: 0.0128485	GB: 0.120339	Conf: 2	Pts: 55297
Particle (40):: Fit: 0.0116314	PB: 0.0116314	LB: 0.0128485	GB: 0.120339	Conf: 0.75054	Pts: 75197
Particle (41):: Fit: 0.0112245	PB: 0.0112245	LB: 0.0128485	GB: 0.120339	Conf: 2	Pts: 50197
Global: 0.120339 - Correct: 47% of 100 tests
Global Best: 
  Inner Net 1
  -- 1 : 1 = 0.4871
  -- 1 : 2 = 0.0989
  -- 1 : 3 = 0.6832
  -- 1 : 4 = 0.0837
  -- 2 : 1 = 0.5003
  -- 2 : 2 = 0.4155
  -- 2 : 3 = 0.2021
  -- 2 : 4 = 0.4806
  -- 3 : 1 = 0.3234
  -- 3 : 2 = 0.8321
  -- 3 : 3 = 0.1713
  -- 3 : 4 = 0.099
  -- 4 : 1 = 0.6028
  -- 4 : 2 = 0.6688
  -- 4 : 3 = 0.5084
  -- 4 : 4 = 0.6526
  -- 5 : 1 = 0.2194
  -- 5 : 2 = 0.9164
  -- 5 : 3 = 0.9791
  -- 5 : 4 = 0.0836
  -- 6 : 1 = 0.7612
  -- 6 : 2 = 0.6973
  -- 6 : 3 = 0.0254
  -- 6 : 4 = 0.1852
  Inner Net 2
  -- 1 : 1 = -0.720828
  -- 1 : 2 = -0.502999
  -- 2 : 1 = -0.737705
  -- 2 : 2 = -0.360935
  -- 3 : 1 = -0.433956
  -- 3 : 2 = -0.203016
  -- 4 : 1 = -0.387034
  -- 4 : 2 = -0.12061
Out\Act	False		True
False	0.84198	0	0.84198
True	0.15802	0	0.15802
	1	0
	Accuracy [ (tp + tn) / testSize ]: 0.84198
	Precision [ tp / (tp + fp) ]:      0
	Sensitivity [ tp / (tp + fn) ]:    0
	Specificity [ tn / (tn + fp) ]:    0.999435
	F-Score [ 2tp / (2tp + fp + fn) ]: 0
Particle (1):: Fit: 0.0118335	PB: 0.0118335	LB: 0.0118335	GB: 0.120339	Conf: 2	Pts: 125196
Particle (3):: Fit: 0.0104126	PB: 0.0104126	LB: 0.0118335	GB: 0.120339	Conf: 2	Pts: 55396
Particle (7):: Fit: 0.0114332	PB: 0.0114332	LB: 0.120339	GB: 0.120339	Conf: 1.74494	Pts: 65296
Particle (13):: Fit: 0.12043	PB: 0.12043	LB: 0.12043	GB: 0.12043	Conf: 1.93879	Pts: 115196
Particle (14):: Fit: 0.0112245	PB: 0.0112245	LB: 0.12043	GB: 0.12043	Conf: 2	Pts: 55296
Particle (15):: Fit: 0.0114282	PB: 0.0114282	LB: 0.12043	GB: 0.12043	Conf: 1.98969	Pts: 110196
Particle (16):: Fit: 0.000936922	PB: 0.000936922	LB: 0.12043	GB: 0.12043	Conf: 0.954261	Pts: 55296
Particle (20):: Fit: 0.0104126	PB: 0.0104126	LB: 0.0116305	GB: 0.12043	Conf: 2	Pts: 55196
Particle (23):: Fit: 0.0110215	PB: 0.0110215	LB: 0.0122395	GB: 0.12043	Conf: 2	Pts: 70196
Particle (36):: Fit: 0.00102096	PB: 0.00102096	LB: 0.0128485	GB: 0.12043	Conf: 2	Pts: 55196
Global: 0.12043 - Correct: 45% of 100 tests
Global Best: 
  Inner Net 1
  -- 1 : 1 = 0.587
  -- 1 : 2 = 0.5521
  -- 1 : 3 = 0.2582
  -- 1 : 4 = 0.3758
  -- 2 : 1 = 0.9585
  -- 2 : 2 = 0.7105
  -- 2 : 3 = 0.4388
  -- 2 : 4 = 0.3331
  -- 3 : 1 = 0.3566
  -- 3 : 2 = 0.6965
  -- 3 : 3 = 0.1556
  -- 3 : 4 = 0.3407
  -- 4 : 1 = 0.0637
  -- 4 : 2 = 0.1256
  -- 4 : 3 = 0.367
  -- 4 : 4 = 0.8715
  -- 5 : 1 = 0.8413
  -- 5 : 2 = 0.1652
  -- 5 : 3 = 0.4665
  -- 5 : 4 = 0.4638
  -- 6 : 1 = 0.1392
  -- 6 : 2 = 0.7881
  -- 6 : 3 = 0.6556
  -- 6 : 4 = 0.2379
  Inner Net 2
  -- 1 : 1 = -0.262697
  -- 1 : 2 = -0.193021
  -- 2 : 1 = -0.245641
  -- 2 : 2 = 0.0264856
  -- 3 : 1 = -0.705324
  -- 3 : 2 = 0.0142533
  -- 4 : 1 = 0.0602595
  -- 4 : 2 = -0.117252
Out\Act	False		True
False	0.84198	0	0.84198
True	0.15802	0	0.15802
	1	0
	Accuracy [ (tp + tn) / testSize ]: 0.84198
	Precision [ tp / (tp + fp) ]:      0
	Sensitivity [ tp / (tp + fn) ]:    0
	Specificity [ tn / (tn + fp) ]:    0.999435
	F-Score [ 2tp / (2tp + fp + fn) ]: 0
Particle (3):: Fit: 0.0106156	PB: 0.0106156	LB: 0.0118335	GB: 0.12043	Conf: 2	Pts: 55495
Particle (6):: Fit: 0.00110164	PB: 0.00110164	LB: 0.120339	GB: 0.12043	Conf: 0.888156	Pts: 55394
Particle (18):: Fit: 0.0116305	PB: 0.0116305	LB: 0.0116305	GB: 0.12043	Conf: 2	Pts: 65295
Particle (20):: Fit: 0.0126454	PB: 0.0126454	LB: 0.0126454	GB: 0.12043	Conf: 2	Pts: 85295
Particle (28):: Fit: 0.00100066	PB: 0.00100066	LB: 0.114347	GB: 0.12043	Conf: 2	Pts: 60195
Particle (31):: Fit: 0.0110215	PB: 0.0110215	LB: 0.114347	GB: 0.12043	Conf: 2	Pts: 55295
Particle (33):: Fit: 0.0122395	PB: 0.0122395	LB: 0.114347	GB: 0.12043	Conf: 2	Pts: 55195
Particle (36):: Fit: 0.0112245	PB: 0.0112245	LB: 0.0128485	GB: 0.12043	Conf: 2	Pts: 55295
Particle (38):: Fit: 0.114264	PB: 0.114264	LB: 0.114264	GB: 0.12043	Conf: 1.64728	Pts: 145295
Particle (39):: Fit: 0.0104126	PB: 0.0104126	LB: 0.114264	GB: 0.12043	Conf: 1.98791	Pts: 55395
Particle (42):: Fit: 0.0124424	PB: 0.0124424	LB: 0.114264	GB: 0.12043	Conf: 2	Pts: 70295
Particle (44):: Fit: 0.00116172	PB: 0.00116172	LB: 0.0124424	GB: 0.12043	Conf: 0.791741	Pts: 50295
Particle (49):: Fit: 0.0128498	PB: 0.0128498	LB: 0.0128498	GB: 0.12043	Conf: 0.497294	Pts: 100195
Particle (2):: Fit: 0.0011417	PB: 0.0011417	LB: 0.0128498	GB: 0.12043	Conf: 0.739649	Pts: 55194
Particle (5):: Fit: 0.0104126	PB: 0.0104126	LB: 0.120339	GB: 0.12043	Conf: 2	Pts: 55294
Particle (8):: Fit: 0.00106163	PB: 0.00106163	LB: 0.12043	GB: 0.12043	Conf: 0.553205	Pts: 55294
Particle (16):: Fit: 0.010819	PB: 0.010819	LB: 0.12043	GB: 0.12043	Conf: 0.249025	Pts: 55394
Particle (23):: Fit: 0.0122395	PB: 0.0122395	LB: 0.0126454	GB: 0.12043	Conf: 2	Pts: 70294
Particle (46):: Fit: 0.0106156	PB: 0.0106156	LB: 0.0128498	GB: 0.12043	Conf: 2	Pts: 50194
Particle (3):: Fit: 0.0108186	PB: 0.0108186	LB: 0.0128498	GB: 0.12043	Conf: 2	Pts: 55593
Particle (6):: Fit: 0.0011617	PB: 0.0011617	LB: 0.120339	GB: 0.12043	Conf: 0.932102	Pts: 55492
Particle (8):: Fit: 0.00112169	PB: 0.00112169	LB: 0.12043	GB: 0.12043	Conf: 0.670671	Pts: 55393
Particle (10):: Fit: 0.011226	PB: 0.011226	LB: 0.12043	GB: 0.12043	Conf: 1.63119	Pts: 80393
Particle (16):: Fit: 0.0110225	PB: 0.0110225	LB: 0.12043	GB: 0.12043	Conf: 0.819962	Pts: 55493
Particle (19):: Fit: 0.0114275	PB: 0.0114275	LB: 0.0126454	GB: 0.12043	Conf: 2	Pts: 70193
Particle (28):: Fit: 0.00102096	PB: 0.00102096	LB: 0.114347	GB: 0.12043	Conf: 2	Pts: 60293
Particle (30):: Fit: 0.0112245	PB: 0.0112245	LB: 0.114347	GB: 0.12043	Conf: 2	Pts: 70193
Particle (39):: Fit: 0.108256	PB: 0.108256	LB: 0.114264	GB: 0.12043	Conf: 1.98585	Pts: 60493
Particle (43):: Fit: 0.0114275	PB: 0.0114275	LB: 0.108256	GB: 0.12043	Conf: 2	Pts: 55193
Particle (4):: Fit: 0.0126454	PB: 0.0126454	LB: 0.120339	GB: 0.12043	Conf: 2	Pts: 110192
Particle (6):: Fit: 0.00122177	PB: 0.00122177	LB: 0.120339	GB: 0.12043	Conf: 0.902514	Pts: 55591
Particle (7):: Fit: 0.110212	PB: 0.110212	LB: 0.120339	GB: 0.12043	Conf: 1.83309	Pts: 75392
Particle (12):: Fit: 0.0104129	PB: 0.0104129	LB: 0.12043	GB: 0.12043	Conf: 0.117105	Pts: 55191
Particle (14):: Fit: 0.0120365	PB: 0.0120365	LB: 0.12043	GB: 0.12043	Conf: 2	Pts: 55392
Particle (21):: Fit: 0.0118335	PB: 0.0118335	LB: 0.0126454	GB: 0.12043	Conf: 2	Pts: 55292
Particle (22):: Fit: 0.00110168	PB: 0.00110168	LB: 0.0126454	GB: 0.12043	Conf: 0.739945	Pts: 55288
Particle (24):: Fit: 0.0114275	PB: 0.0114275	LB: 0.114347	GB: 0.12043	Conf: 2	Pts: 95192
Particle (28):: Fit: 0.0120373	PB: 0.0120373	LB: 0.114347	GB: 0.12043	Conf: 1.98971	Pts: 60392
Particle (36):: Fit: 0.0116305	PB: 0.0116305	LB: 0.114264	GB: 0.12043	Conf: 2	Pts: 55392
Particle (48):: Fit: 0.0103778	PB: 0.0103778	LB: 0.0128498	GB: 0.12043	Conf: 1.2669	Pts: 50292
Particle (10):: Fit: 0.0116306	PB: 0.0116306	LB: 0.12043	GB: 0.12043	Conf: 1.67936	Pts: 80491
Particle (17):: Fit: 0.0108187	PB: 0.0108187	LB: 0.12043	GB: 0.12043	Conf: 1.80206	Pts: 60191
Particle (30):: Fit: 0.0116305	PB: 0.0116305	LB: 0.114347	GB: 0.12043	Conf: 2	Pts: 70291
Particle (31):: Fit: 0.0120365	PB: 0.0120365	LB: 0.114347	GB: 0.12043	Conf: 1.98776	Pts: 55391
Particle (32):: Fit: 0.0118335	PB: 0.0118335	LB: 0.114347	GB: 0.12043	Conf: 2	Pts: 85191
Particle (34):: Fit: 0.120429	PB: 0.120429	LB: 0.120429	GB: 0.12043	Conf: 1.92943	Pts: 110191
Particle (35):: Fit: 0.0114275	PB: 0.0114275	LB: 0.120429	GB: 0.12043	Conf: 2	Pts: 65191
Particle (5):: Fit: 0.0114275	PB: 0.0114275	LB: 0.120339	GB: 0.12043	Conf: 2	Pts: 55390
Particle (7):: Fit: 0.128489	PB: 0.128489	LB: 0.128489	GB: 0.128489	Conf: 1.60051	Pts: 135490
Particle (9):: Fit: 0.126389	PB: 0.126389	LB: 0.128489	GB: 0.128489	Conf: 1.6562	Pts: 195390
Particle (12):: Fit: 0.0118346	PB: 0.0118346	LB: 0.126389	GB: 0.128489	Conf: 0.506955	Pts: 55289
Particle (44):: Fit: 0.0104131	PB: 0.0104131	LB: 0.0128498	GB: 0.128489	Conf: 0.81892	Pts: 50390
Global: 0.128489 - Correct: 48% of 100 tests
Global Best: 
  Inner Net 1
  -- 1 : 1 = 0.0419
  -- 1 : 2 = 0.6994
  -- 1 : 3 = 0.2752
  -- 1 : 4 = 0.1318
  -- 2 : 1 = 0.6814
  -- 2 : 2 = 0.0813
  -- 2 : 3 = 0.1727
  -- 2 : 4 = 0.862
  -- 3 : 1 = 0.076
  -- 3 : 2 = 0.1545
  -- 3 : 3 = 0.5894
  -- 3 : 4 = 0.2016
  -- 4 : 1 = 0.8702
  -- 4 : 2 = 0.9429
  -- 4 : 3 = 0.3293
  -- 4 : 4 = 0.4576
  -- 5 : 1 = 0.7781
  -- 5 : 2 = 0.5279
  -- 5 : 3 = 0.5157
  -- 5 : 4 = 0.1509
  -- 6 : 1 = 0.6656
  -- 6 : 2 = 0.5116
  -- 6 : 3 = 0.7024
  -- 6 : 4 = 0.3304
  Inner Net 2
  -- 1 : 1 = -0.708861
  -- 1 : 2 = 0.209669
  -- 2 : 1 = -0.154563
  -- 2 : 2 = -0.173856
  -- 3 : 1 = -0.726168
  -- 3 : 2 = -0.147871
  -- 4 : 1 = -0.574215
  -- 4 : 2 = -0.128059
Out\Act	False		True
False	0.837696	0.00428367	0.84198
True	0.146121	0.0118991	0.15802
	0.983817	0.0161828
	Accuracy [ (tp + tn) / testSize ]: 0.849595
	Precision [ tp / (tp + fp) ]:      0.714286
	Sensitivity [ tp / (tp + fn) ]:    0.0750751
	Specificity [ tn / (tn + fp) ]:    0.99435
	F-Score [ 2tp / (2tp + fp + fn) ]: 0.13624
Particle (9):: Fit: 0.128497	PB: 0.128497	LB: 0.128497	GB: 0.128497	Conf: 1.7776	Pts: 255489
Particle (24):: Fit: 0.0124425	PB: 0.0124425	LB: 0.114347	GB: 0.128497	Conf: 1.94479	Pts: 95289
Particle (44):: Fit: 0.0106164	PB: 0.0106164	LB: 0.0128498	GB: 0.128497	Conf: 0.404641	Pts: 50489
Particle (48):: Fit: 0.0109895	PB: 0.0109895	LB: 0.0128498	GB: 0.128497	Conf: 1.24907	Pts: 50389
Global: 0.128497 - Correct: 44% of 100 tests
Global Best: 
  Inner Net 1
  -- 1 : 1 = 0.4871
  -- 1 : 2 = 0.0989
  -- 1 : 3 = 0.6832
  -- 1 : 4 = 0.0837
  -- 2 : 1 = 0.5003
  -- 2 : 2 = 0.4155
  -- 2 : 3 = 0.2021
  -- 2 : 4 = 0.4806
  -- 3 : 1 = 0.3234
  -- 3 : 2 = 0.8321
  -- 3 : 3 = 0.1713
  -- 3 : 4 = 0.099
  -- 4 : 1 = 0.6028
  -- 4 : 2 = 0.6688
  -- 4 : 3 = 0.5084
  -- 4 : 4 = 0.6526
  -- 5 : 1 = 0.2194
  -- 5 : 2 = 0.9164
  -- 5 : 3 = 0.9791
  -- 5 : 4 = 0.0836
  -- 6 : 1 = 0.7612
  -- 6 : 2 = 0.6973
  -- 6 : 3 = 0.0254
  -- 6 : 4 = 0.1852
  Inner Net 2
  -- 1 : 1 = -0.625685
  -- 1 : 2 = -0.407075
  -- 2 : 1 = -0.220346
  -- 2 : 2 = -0.0881522
  -- 3 : 1 = -0.990964
  -- 3 : 2 = 0.0889885
  -- 4 : 1 = -0.894804
  -- 4 : 2 = 0.152585
Out\Act	False		True
False	0.84198	0	0.84198
True	0.15802	0	0.15802
	1	0
	Accuracy [ (tp + tn) / testSize ]: 0.84198
	Precision [ tp / (tp + fp) ]:      0
	Sensitivity [ tp / (tp + fn) ]:    0
	Specificity [ tn / (tn + fp) ]:    0.999435
	F-Score [ 2tp / (2tp + fp + fn) ]: 0
Particle (6):: Fit: 0.0118341	PB: 0.0118341	LB: 0.128497	GB: 0.128497	Conf: 1	Pts: 55687
Particle (8):: Fit: 0.0106157	PB: 0.0106157	LB: 0.128497	GB: 0.128497	Conf: 1	Pts: 55488
Particle (18):: Fit: 0.0120365	PB: 0.0120365	LB: 0.0126454	GB: 0.128497	Conf: 2	Pts: 65388
Particle (41):: Fit: 0.0114275	PB: 0.0114275	LB: 0.114264	GB: 0.128497	Conf: 2	Pts: 50288
Particle (47):: Fit: 0.0114275	PB: 0.0114275	LB: 0.0128498	GB: 0.128497	Conf: 2	Pts: 50288
Particle (0):: Fit: 0.110248	PB: 0.110248	LB: 0.110248	GB: 0.128497	Conf: 1.87744	Pts: 145187
Particle (3):: Fit: 0.0116305	PB: 0.0116305	LB: 0.128489	GB: 0.128497	Conf: 2	Pts: 55687
Particle (24):: Fit: 0.116392	PB: 0.116392	LB: 0.116392	GB: 0.128497	Conf: 1.97376	Pts: 145387
Particle (27):: Fit: 0.0124424	PB: 0.0124424	LB: 0.116392	GB: 0.128497	Conf: 2	Pts: 55287
Particle (46):: Fit: 0.0108186	PB: 0.0108186	LB: 0.110248	GB: 0.128497	Conf: 2	Pts: 50287
Particle (12):: Fit: 0.0122407	PB: 0.0122407	LB: 0.128497	GB: 0.128497	Conf: 0.505231	Pts: 55385
Particle (14):: Fit: 0.0130514	PB: 0.0130514	LB: 0.12043	GB: 0.128497	Conf: 2	Pts: 60486
Particle (44):: Fit: 0.0118343	PB: 0.0118343	LB: 0.0128498	GB: 0.128497	Conf: 0.241082	Pts: 50586
Particle (0):: Fit: 0.120437	PB: 0.120437	LB: 0.120437	GB: 0.128497	Conf: 1.9561	Pts: 180285
Particle (28):: Fit: 0.118407	PB: 0.118407	LB: 0.118407	GB: 0.128497	Conf: 1.98835	Pts: 90485
Particle (31):: Fit: 0.120437	PB: 0.120437	LB: 0.120437	GB: 0.128497	Conf: 1.98143	Pts: 105485
Particle (33):: Fit: 0.0122413	PB: 0.0122413	LB: 0.120437	GB: 0.128497	Conf: 1.9688	Pts: 55285
Particle (16):: Fit: 0.0112252	PB: 0.0112252	LB: 0.12043	GB: 0.128497	Conf: 0.308402	Pts: 55581
Particle (35):: Fit: 0.0120365	PB: 0.0120365	LB: 0.120437	GB: 0.128497	Conf: 2	Pts: 65284
Particle (41):: Fit: 0.0116305	PB: 0.0116305	LB: 0.114264	GB: 0.128497	Conf: 2	Pts: 50384
Particle (15):: Fit: 0.0116305	PB: 0.0116305	LB: 0.12043	GB: 0.128497	Conf: 2	Pts: 110283
Particle (22):: Fit: 0.0106157	PB: 0.0106157	LB: 0.116392	GB: 0.128497	Conf: 1	Pts: 55378
Particle (27):: Fit: 0.110287	PB: 0.110287	LB: 0.120437	GB: 0.128497	Conf: 1.98884	Pts: 55383
Particle (41):: Fit: 0.0120365	PB: 0.0120365	LB: 0.114264	GB: 0.128497	Conf: 2	Pts: 50483
Particle (38):: Fit: 0.114348	PB: 0.114348	LB: 0.120429	GB: 0.128497	Conf: 1.69793	Pts: 165382
Particle (17):: Fit: 0.0110221	PB: 0.0110221	LB: 0.12043	GB: 0.128497	Conf: 1.72921	Pts: 60281
Particle (21):: Fit: 0.0120365	PB: 0.0120365	LB: 0.116392	GB: 0.128497	Conf: 2	Pts: 55381
Particle (30):: Fit: 0.0120365	PB: 0.0120365	LB: 0.120437	GB: 0.128497	Conf: 2	Pts: 70381
Particle (46):: Fit: 0.0110215	PB: 0.0110215	LB: 0.120437	GB: 0.128497	Conf: 2	Pts: 50381
Particle (22):: Fit: 0.0112256	PB: 0.0112256	LB: 0.116392	GB: 0.128497	Conf: 0.561229	Pts: 55475
Particle (18):: Fit: 0.0132543	PB: 0.0132543	LB: 0.0132543	GB: 0.128497	Conf: 2	Pts: 70479
Particle (32):: Fit: 0.0122395	PB: 0.0122395	LB: 0.120437	GB: 0.128497	Conf: 2	Pts: 85279
Particle (45):: Fit: 0.011022	PB: 0.011022	LB: 0.120437	GB: 0.128497	Conf: 0.149593	Pts: 50178
Particle (16):: Fit: 0.0114283	PB: 0.0114283	LB: 0.12043	GB: 0.128497	Conf: 0.966384	Pts: 55674
Particle (25):: Fit: 0.0118335	PB: 0.0118335	LB: 0.118407	GB: 0.128497	Conf: 2	Pts: 100177
Particle (3):: Fit: 0.0124424	PB: 0.0124424	LB: 0.128489	GB: 0.128497	Conf: 2	Pts: 55775
Particle (15):: Fit: 0.0122395	PB: 0.0122395	LB: 0.12043	GB: 0.128497	Conf: 2	Pts: 110375
Particle (19):: Fit: 0.0116305	PB: 0.0116305	LB: 0.116392	GB: 0.128497	Conf: 2	Pts: 70275
Particle (43):: Fit: 0.0122395	PB: 0.0122395	LB: 0.108256	GB: 0.128497	Conf: 2	Pts: 55275
Particle (46):: Fit: 0.0118335	PB: 0.0118335	LB: 0.120437	GB: 0.128497	Conf: 2	Pts: 50475
Particle (29):: Fit: 0.116366	PB: 0.116366	LB: 0.120437	GB: 0.128497	Conf: 1.94324	Pts: 115273
Particle (10):: Fit: 0.120439	PB: 0.120439	LB: 0.128497	GB: 0.128497	Conf: 1.78006	Pts: 85572
Particle (8):: Fit: 0.0108188	PB: 0.0108188	LB: 0.128497	GB: 0.128497	Conf: 1	Pts: 55570
Particle (45):: Fit: 0.0130522	PB: 0.0130522	LB: 0.120437	GB: 0.128497	Conf: 0.172648	Pts: 55269
Particle (2):: Fit: 0.0106162	PB: 0.0106162	LB: 0.128489	GB: 0.128497	Conf: 0.759981	Pts: 55269
Particle (5):: Fit: 0.0120365	PB: 0.0120365	LB: 0.128497	GB: 0.128497	Conf: 2	Pts: 55469
Particle (11):: Fit: 0.0122395	PB: 0.0122395	LB: 0.128497	GB: 0.128497	Conf: 2	Pts: 95268
Particle (33):: Fit: 0.0124479	PB: 0.0124479	LB: 0.120437	GB: 0.128497	Conf: 1.97723	Pts: 55368
Particle (46):: Fit: 0.0124424	PB: 0.0124424	LB: 0.120437	GB: 0.128497	Conf: 2	Pts: 50568
Particle (47):: Fit: 0.0120365	PB: 0.0120365	LB: 0.120437	GB: 0.128497	Conf: 2	Pts: 50368
Particle (19):: Fit: 0.0118335	PB: 0.0118335	LB: 0.116392	GB: 0.128497	Conf: 2	Pts: 70367
Particle (48):: Fit: 0.114353	PB: 0.114353	LB: 0.120437	GB: 0.128497	Conf: 1.20166	Pts: 60467
Particle (1):: Fit: 0.0120365	PB: 0.0120365	LB: 0.120437	GB: 0.128497	Conf: 2	Pts: 125266
Particle (40):: Fit: 0.105849	PB: 0.105849	LB: 0.114348	GB: 0.128497	Conf: 1.0224	Pts: 75254
Particle (32):: Fit: 0.0130514	PB: 0.0130514	LB: 0.120437	GB: 0.128497	Conf: 2	Pts: 85364
Particle (49):: Fit: 0.013865	PB: 0.013865	LB: 0.120437	GB: 0.128497	Conf: 0.825235	Pts: 100261
Particle (1):: Fit: 0.0122395	PB: 0.0122395	LB: 0.120437	GB: 0.128497	Conf: 2	Pts: 125362
Particle (9):: Fit: 0.130501	PB: 0.130501	LB: 0.130501	GB: 0.130501	Conf: 1.70639	Pts: 315562
Particle (16):: Fit: 0.0128496	PB: 0.0128496	LB: 0.12043	GB: 0.130501	Conf: 1.02755	Pts: 55756
Particle (17):: Fit: 0.0112248	PB: 0.0112248	LB: 0.12043	GB: 0.130501	Conf: 1.68566	Pts: 60362
Global: 0.130501 - Correct: 45% of 100 tests
Global Best: 
  Inner Net 1
  -- 1 : 1 = 0.4871
  -- 1 : 2 = 0.0989
  -- 1 : 3 = 0.6832
  -- 1 : 4 = 0.0837
  -- 2 : 1 = 0.5003
  -- 2 : 2 = 0.4155
  -- 2 : 3 = 0.2021
  -- 2 : 4 = 0.4806
  -- 3 : 1 = 0.3234
  -- 3 : 2 = 0.8321
  -- 3 : 3 = 0.1713
  -- 3 : 4 = 0.099
  -- 4 : 1 = 0.6028
  -- 4 : 2 = 0.6688
  -- 4 : 3 = 0.5084
  -- 4 : 4 = 0.6526
  -- 5 : 1 = 0.2194
  -- 5 : 2 = 0.9164
  -- 5 : 3 = 0.9791
  -- 5 : 4 = 0.0836
  -- 6 : 1 = 0.7612
  -- 6 : 2 = 0.6973
  -- 6 : 3 = 0.0254
  -- 6 : 4 = 0.1852
  Inner Net 2
  -- 1 : 1 = -0.6946
  -- 1 : 2 = 0.0376864
  -- 2 : 1 = -0.278723
  -- 2 : 2 = -0.00128125
  -- 3 : 1 = 0.5
  -- 3 : 2 = 0.155428
  -- 4 : 1 = 1
  -- 4 : 2 = -0.0788557
Out\Act	False		True
False	0.84198	0	0.84198
True	0.15802	0	0.15802
	1	0
	Accuracy [ (tp + tn) / testSize ]: 0.84198
	Precision [ tp / (tp + fp) ]:      0
	Sensitivity [ tp / (tp + fn) ]:    0
	Specificity [ tn / (tn + fp) ]:    0.999435
	F-Score [ 2tp / (2tp + fp + fn) ]: 0
Particle (36):: Fit: 0.0120365	PB: 0.0120365	LB: 0.120429	GB: 0.130501	Conf: 2	Pts: 55461
Particle (39):: Fit: 0.110286	PB: 0.110286	LB: 0.114348	GB: 0.130501	Conf: 1.981	Pts: 60560
Particle (22):: Fit: 0.0120375	PB: 0.0120375	LB: 0.116392	GB: 0.130501	Conf: 0.848378	Pts: 55550
Particle (9):: Fit: 0.138628	PB: 0.138628	LB: 0.138628	GB: 0.138628	Conf: 1.60454	Pts: 375657
Particle (29):: Fit: 0.120437	PB: 0.120437	LB: 0.120437	GB: 0.138628	Conf: 1.98622	Pts: 165357
Global: 0.138628 - Correct: 44% of 100 tests
Global Best: 
  Inner Net 1
  -- 1 : 1 = 0.4871
  -- 1 : 2 = 0.0989
  -- 1 : 3 = 0.6832
  -- 1 : 4 = 0.0837
  -- 2 : 1 = 0.5003
  -- 2 : 2 = 0.4155
  -- 2 : 3 = 0.2021
  -- 2 : 4 = 0.4806
  -- 3 : 1 = 0.3234
  -- 3 : 2 = 0.8321
  -- 3 : 3 = 0.1713
  -- 3 : 4 = 0.099
  -- 4 : 1 = 0.6028
  -- 4 : 2 = 0.6688
  -- 4 : 3 = 0.5084
  -- 4 : 4 = 0.6526
  -- 5 : 1 = 0.2194
  -- 5 : 2 = 0.9164
  -- 5 : 3 = 0.9791
  -- 5 : 4 = 0.0836
  -- 6 : 1 = 0.7612
  -- 6 : 2 = 0.6973
  -- 6 : 3 = 0.0254
  -- 6 : 4 = 0.1852
  Inner Net 2
  -- 1 : 1 = -0.766608
  -- 1 : 2 = 0.419551
  -- 2 : 1 = -0.210982
  -- 2 : 2 = 0.0211277
  -- 3 : 1 = 0.39398
  -- 3 : 2 = -0.0976663
  -- 4 : 1 = 0.5
  -- 4 : 2 = 0.260498
Out\Act	False		True
False	0.84198	0	0.84198
True	0.15802	0	0.15802
	1	0
	Accuracy [ (tp + tn) / testSize ]: 0.84198
	Precision [ tp / (tp + fp) ]:      0
	Sensitivity [ tp / (tp + fn) ]:    0
	Specificity [ tn / (tn + fp) ]:    0.999435
	F-Score [ 2tp / (2tp + fp + fn) ]: 0
Particle (2):: Fit: 0.0112249	PB: 0.0112249	LB: 0.128489	GB: 0.138628	Conf: 0.994182	Pts: 55354
Particle (6):: Fit: 0.0120376	PB: 0.0120376	LB: 0.138628	GB: 0.138628	Conf: 0.720064	Pts: 55755
Particle (8):: Fit: 0.0116316	PB: 0.0116316	LB: 0.138628	GB: 0.138628	Conf: 0.512951	Pts: 55652
Particle (40):: Fit: 0.110288	PB: 0.110288	LB: 0.114348	GB: 0.138628	Conf: 0.388516	Pts: 75341
Particle (15):: Fit: 0.112317	PB: 0.112317	LB: 0.12043	GB: 0.138628	Conf: 1.98457	Pts: 115454
Particle (21):: Fit: 0.0128484	PB: 0.0128484	LB: 0.116392	GB: 0.138628	Conf: 2	Pts: 55453
Particle (22):: Fit: 0.0120375	PB: 0.0120375	LB: 0.116392	GB: 0.138628	Conf: 0.446417	Pts: 55642
Particle (35):: Fit: 0.0124424	PB: 0.0124424	LB: 0.120437	GB: 0.138628	Conf: 2	Pts: 65349
Particle (8):: Fit: 0.01224	PB: 0.01224	LB: 0.138628	GB: 0.138628	Conf: 0.127202	Pts: 55743
Particle (33):: Fit: 0.118407	PB: 0.118407	LB: 0.120437	GB: 0.138628	Conf: 1.98436	Pts: 55446
Particle (12):: Fit: 0.0134588	PB: 0.0134588	LB: 0.138628	GB: 0.138628	Conf: 0.899048	Pts: 55441
Particle (19):: Fit: 0.0120365	PB: 0.0120365	LB: 0.116392	GB: 0.138628	Conf: 2	Pts: 70443
Particle (25):: Fit: 0.0130514	PB: 0.0130514	LB: 0.120437	GB: 0.138628	Conf: 2	Pts: 100242
Particle (13):: Fit: 0.124493	PB: 0.124493	LB: 0.138628	GB: 0.138628	Conf: 1.90547	Pts: 135241
Particle (26):: Fit: 0.0124424	PB: 0.0124424	LB: 0.120437	GB: 0.138628	Conf: 2	Pts: 105241
Particle (37):: Fit: 0.0122395	PB: 0.0122395	LB: 0.120429	GB: 0.138628	Conf: 1.98748	Pts: 110141
Particle (44):: Fit: 0.0122404	PB: 0.0122404	LB: 0.114353	GB: 0.138628	Conf: 0.945163	Pts: 50637
Particle (36):: Fit: 0.0124424	PB: 0.0124424	LB: 0.120429	GB: 0.138628	Conf: 2	Pts: 55540
Particle (38):: Fit: 0.118379	PB: 0.118379	LB: 0.120429	GB: 0.138628	Conf: 1.86818	Pts: 185438
Particle (48):: Fit: 0.116127	PB: 0.116127	LB: 0.120437	GB: 0.138628	Conf: 1.36683	Pts: 70535
Particle (2):: Fit: 0.0118341	PB: 0.0118341	LB: 0.128489	GB: 0.138628	Conf: 0.168499	Pts: 55431
Particle (14):: Fit: 0.104196	PB: 0.104196	LB: 0.124493	GB: 0.138628	Conf: 1.98825	Pts: 60534
Particle (13):: Fit: 0.126545	PB: 0.126545	LB: 0.138628	GB: 0.138628	Conf: 1.977	Pts: 155333
Particle (26):: Fit: 0.0128484	PB: 0.0128484	LB: 0.120437	GB: 0.138628	Conf: 2	Pts: 105330
Particle (43):: Fit: 0.0136603	PB: 0.0136603	LB: 0.116127	GB: 0.138628	Conf: 2	Pts: 55330
Particle (29):: Fit: 0.124498	PB: 0.124498	LB: 0.124498	GB: 0.138628	Conf: 1.98731	Pts: 215429
Particle (2):: Fit: 0.0118344	PB: 0.0118344	LB: 0.128489	GB: 0.138628	Conf: 0.28749	Pts: 55525
Particle (39):: Fit: 0.116393	PB: 0.116393	LB: 0.118379	GB: 0.138628	Conf: 1.9635	Pts: 65628
Particle (8):: Fit: 0.0126468	PB: 0.0126468	LB: 0.138628	GB: 0.138628	Conf: 0.75425	Pts: 55821
Particle (7):: Fit: 0.134582	PB: 0.134582	LB: 0.138628	GB: 0.138628	Conf: 1.79362	Pts: 145526
Particle (24):: Fit: 0.124498	PB: 0.124498	LB: 0.124498	GB: 0.138628	Conf: 1.9898	Pts: 195424
Particle (2):: Fit: 0.0118344	PB: 0.0118344	LB: 0.134582	GB: 0.138628	Conf: 0.856286	Pts: 55619
Particle (17):: Fit: 0.0112249	PB: 0.0112249	LB: 0.126545	GB: 0.138628	Conf: 1.81211	Pts: 60422
Particle (27):: Fit: 0.112331	PB: 0.112331	LB: 0.124498	GB: 0.138628	Conf: 1.97198	Pts: 55420
Particle (48):: Fit: 0.118325	PB: 0.118325	LB: 0.120437	GB: 0.138628	Conf: 1.45142	Pts: 80620
Particle (2):: Fit: 0.0128497	PB: 0.0128497	LB: 0.134582	GB: 0.138628	Conf: 0.834814	Pts: 55715
Particle (27):: Fit: 0.120438	PB: 0.120438	LB: 0.124498	GB: 0.138628	Conf: 1.98904	Pts: 55517
Particle (14):: Fit: 0.106226	PB: 0.106226	LB: 0.126545	GB: 0.138628	Conf: 1.98925	Pts: 60615
Particle (16):: Fit: 0.0132554	PB: 0.0132554	LB: 0.126545	GB: 0.138628	Conf: 0.408602	Pts: 55806
Particle (36):: Fit: 0.0126454	PB: 0.0126454	LB: 0.120429	GB: 0.138628	Conf: 2	Pts: 55612
Particle (19):: Fit: 0.0126454	PB: 0.0126454	LB: 0.124498	GB: 0.138628	Conf: 2	Pts: 70508
Particle (3):: Fit: 0.0126454	PB: 0.0126454	LB: 0.134582	GB: 0.138628	Conf: 2	Pts: 55807
Particle (20):: Fit: 0.0134573	PB: 0.0134573	LB: 0.124498	GB: 0.138628	Conf: 2	Pts: 85307
Particle (30):: Fit: 0.0124424	PB: 0.0124424	LB: 0.124498	GB: 0.138628	Conf: 2	Pts: 70406
Particle (37):: Fit: 0.0126454	PB: 0.0126454	LB: 0.120429	GB: 0.138628	Conf: 2	Pts: 110202
Particle (47):: Fit: 0.0122395	PB: 0.0122395	LB: 0.120437	GB: 0.138628	Conf: 2	Pts: 50399
Particle (18):: Fit: 0.109939	PB: 0.109939	LB: 0.112317	GB: 0.138628	Conf: 0.941565	Pts: 70498
Particle (25):: Fit: 0.120431	PB: 0.120431	LB: 0.124498	GB: 0.138628	Conf: 0.135085	Pts: 100298
Particle (45):: Fit: 0.116131	PB: 0.116131	LB: 0.120437	GB: 0.138628	Conf: 0.529763	Pts: 55291
Particle (6):: Fit: 0.122398	PB: 0.122398	LB: 0.138628	GB: 0.138628	Conf: 0.181924	Pts: 60790
Particle (39):: Fit: 0.120793	PB: 0.120793	LB: 0.120793	GB: 0.138628	Conf: 0.674483	Pts: 115697
Particle (26):: Fit: 0.110261	PB: 0.110261	LB: 0.124498	GB: 0.138628	Conf: 0.582938	Pts: 105396
Particle (41):: Fit: 0.124264	PB: 0.124264	LB: 0.124264	GB: 0.138628	Conf: 0.813105	Pts: 100496
Particle (42):: Fit: 0.122965	PB: 0.122965	LB: 0.124264	GB: 0.138628	Conf: 1.08777	Pts: 75296
Particle (45):: Fit: 0.118152	PB: 0.118152	LB: 0.124264	GB: 0.138628	Conf: 0.505228	Pts: 55389
Particle (49):: Fit: 0.108054	PB: 0.108054	LB: 0.120437	GB: 0.138628	Conf: 0.978634	Pts: 100291
Particle (5):: Fit: 0.110184	PB: 0.110184	LB: 0.138628	GB: 0.138628	Conf: 0.754325	Pts: 55495
Particle (12):: Fit: 0.116335	PB: 0.116335	LB: 0.138628	GB: 0.138628	Conf: 0.8538	Pts: 55489
Particle (47):: Fit: 0.124298	PB: 0.124298	LB: 0.124298	GB: 0.138628	Conf: 0.80247	Pts: 100495
Particle (35):: Fit: 0.106154	PB: 0.106154	LB: 0.120793	GB: 0.138628	Conf: 1.85803	Pts: 65394
Particle (49):: Fit: 0.130509	PB: 0.130509	LB: 0.130509	GB: 0.138628	Conf: 0.688739	Pts: 140388
Particle (29):: Fit: 0.13648	PB: 0.13648	LB: 0.13648	GB: 0.138628	Conf: 0.68588	Pts: 265493
Particle (35):: Fit: 0.118582	PB: 0.118582	LB: 0.120793	GB: 0.138628	Conf: 0.908981	Pts: 65493
Particle (41):: Fit: 14267	PB: 14267	LB: 14267	GB: 14267	Conf: 0.573828	Pts: 160593
Particle (43):: Fit: 0.120395	PB: 0.120395	LB: 14267	GB: 14267	Conf: 0.44882	Pts: 55393
Global: 14267 - Correct: 70% of 100 tests
Global Best: 
  Inner Net 1
  -- 1 : 1 = 0.235232
  -- 1 : 2 = 0.0085877
  -- 1 : 3 = 0.741722
  -- 1 : 4 = 0.386147
  -- 2 : 1 = 0.698678
  -- 2 : 2 = -0.0981727
  -- 2 : 3 = 0.18771
  -- 2 : 4 = -0.0390963
  -- 3 : 1 = -0.358512
  -- 3 : 2 = 0.232304
  -- 3 : 3 = 0.549566
  -- 3 : 4 = 0.0177664
  -- 4 : 1 = 0.686534
  -- 4 : 2 = -0.228006
  -- 4 : 3 = -0.118425
  -- 4 : 4 = 0.0277625
  -- 5 : 1 = 0.350291
  -- 5 : 2 = 0.097526
  -- 5 : 3 = 0.325872
  -- 5 : 4 = 0.0704213
  -- 6 : 1 = 0
  -- 6 : 2 = -0.189311
  -- 6 : 3 = -0.309032
  -- 6 : 4 = 0.0190554
  Inner Net 2
  -- 1 : 1 = 0.269268
  -- 1 : 2 = 0.207824
  -- 2 : 1 = -0.0745476
  -- 2 : 2 = 0.0109232
  -- 3 : 1 = -0.146603
  -- 3 : 2 = -0.131832
  -- 4 : 1 = 0.0239933
  -- 4 : 2 = -0.247582
Out\Act	False		True
False	0.555926	0.286054	0.84198
True	0.0723465	0.0856735	0.15802
	0.628272	0.371728
	Accuracy [ (tp + tn) / testSize ]: 0.641599
	Precision [ tp / (tp + fp) ]:      0.230179
	Sensitivity [ tp / (tp + fn) ]:    0.540541
	Specificity [ tn / (tn + fp) ]:    0.659887
	F-Score [ 2tp / (2tp + fp + fn) ]: 0.32316
Particle (18):: Fit: 0.120299	PB: 0.120299	LB: 0.120299	GB: 14267	Conf: 0.290945	Pts: 75592
Particle (23):: Fit: 0.12031	PB: 0.12031	LB: 0.124498	GB: 14267	Conf: 0.823177	Pts: 75292
Particle (46):: Fit: 0.11	PB: 0.11	LB: 0.130509	GB: 14267	Conf: 0.626585	Pts: 50592
Particle (10):: Fit: 14484.7	PB: 14484.7	LB: 14484.7	GB: 14484.7	Conf: 0.264651	Pts: 145591
Particle (27):: Fit: 0.128536	PB: 0.128536	LB: 0.13648	GB: 14484.7	Conf: 0.471834	Pts: 65591
Global: 14484.7 - Correct: 71% of 100 tests
Global Best: 
  Inner Net 1
  -- 1 : 1 = 0.437817
  -- 1 : 2 = -0.266479
  -- 1 : 3 = 0.375558
  -- 1 : 4 = 0.760955
  -- 2 : 1 = 0.496251
  -- 2 : 2 = 0.106956
  -- 2 : 3 = -0.116327
  -- 2 : 4 = -0.121909
  -- 3 : 1 = 0.258431
  -- 3 : 2 = 0.0959678
  -- 3 : 3 = 0.16108
  -- 3 : 4 = -0.089214
  -- 4 : 1 = 0.76952
  -- 4 : 2 = 0.0344655
  -- 4 : 3 = -0.281151
  -- 4 : 4 = 0.0291812
  -- 5 : 1 = -0.0209934
  -- 5 : 2 = -0.115268
  -- 5 : 3 = 0.7543
  -- 5 : 4 = 0.0372574
  -- 6 : 1 = 0.755766
  -- 6 : 2 = -0.1136
  -- 6 : 3 = -0.139755
  -- 6 : 4 = 0.580893
  Inner Net 2
  -- 1 : 1 = -0.826334
  -- 1 : 2 = -0.019128
  -- 2 : 1 = -0.142575
  -- 2 : 2 = -0.089052
  -- 3 : 1 = 0.364566
  -- 3 : 2 = 0.0485214
  -- 4 : 1 = -0.392434
  -- 4 : 2 = 0.411245
Out\Act	False		True
False	0.712518	0.129462	0.84198
True	0.0880533	0.0699667	0.15802
	0.800571	0.199429
	Accuracy [ (tp + tn) / testSize ]: 0.782485
	Precision [ tp / (tp + fp) ]:      0.35
	Sensitivity [ tp / (tp + fn) ]:    0.441441
	Specificity [ tn / (tn + fp) ]:    0.845763
	F-Score [ 2tp / (2tp + fp + fn) ]: 0.390957
Particle (1):: Fit: 0.114348	PB: 0.114348	LB: 0.130509	GB: 14484.7	Conf: 1.8945	Pts: 125390
Particle (15):: Fit: 0.126179	PB: 0.126179	LB: 0.126545	GB: 14484.7	Conf: 1.00294	Pts: 125490
Particle (17):: Fit: 0.132546	PB: 0.132546	LB: 0.132546	GB: 14484.7	Conf: 0.72307	Pts: 95489
Particle (26):: Fit: 0.126438	PB: 0.126438	LB: 0.13648	GB: 14484.7	Conf: 0.843503	Pts: 105489
Particle (30):: Fit: 0.130702	PB: 0.130702	LB: 0.13648	GB: 14484.7	Conf: 0.570469	Pts: 75489
Particle (37):: Fit: 0.105986	PB: 0.105986	LB: 14267	GB: 14484.7	Conf: 1.25687	Pts: 110288
Particle (21):: Fit: 0.114172	PB: 0.114172	LB: 0.132546	GB: 14484.7	Conf: 1.56642	Pts: 55488
Particle (39):: Fit: 0.126208	PB: 0.126208	LB: 14267	GB: 14484.7	Conf: 0.416579	Pts: 120788
Particle (14):: Fit: 0.120119	PB: 0.120119	LB: 14484.7	GB: 14484.7	Conf: 1.21927	Pts: 60687
Particle (19):: Fit: 0.105846	PB: 0.105846	LB: 0.132546	GB: 14484.7	Conf: 0.799416	Pts: 70586
Particle (37):: Fit: 0.11406	PB: 0.11406	LB: 14267	GB: 14484.7	Conf: 0.449001	Pts: 110386
Particle (0):: Fit: 0.123888	PB: 0.123888	LB: 0.130509	GB: 14484.7	Conf: 0.70779	Pts: 180286
Particle (27):: Fit: 0.132529	PB: 0.132529	LB: 0.13648	GB: 14484.7	Conf: 0.576218	Pts: 75685
Particle (46):: Fit: 0.119767	PB: 0.119767	LB: 0.130509	GB: 14484.7	Conf: 0.423906	Pts: 50685
Particle (16):: Fit: 0.138675	PB: 0.138675	LB: 0.138675	GB: 14484.7	Conf: 0.375223	Pts: 85875
Particle (43):: Fit: 0.126467	PB: 0.126467	LB: 14267	GB: 14484.7	Conf: 0.391931	Pts: 55484
Particle (45):: Fit: 0.124457	PB: 0.124457	LB: 14267	GB: 14484.7	Conf: 0.411743	Pts: 55477
Particle (12):: Fit: 0.120154	PB: 0.120154	LB: 14484.7	GB: 14484.7	Conf: 0.714072	Pts: 55576
Particle (12):: Fit: 0.13253	PB: 0.13253	LB: 14484.7	GB: 14484.7	Conf: 0.915875	Pts: 55675
Particle (14):: Fit: 0.129902	PB: 0.129902	LB: 14484.7	GB: 14484.7	Conf: 0.966748	Pts: 60781
Particle (35):: Fit: 0.120165	PB: 0.120165	LB: 0.126208	GB: 14484.7	Conf: 0.600408	Pts: 65581
Particle (36):: Fit: 0.114185	PB: 0.114185	LB: 14267	GB: 14484.7	Conf: 1.52723	Pts: 55680
Particle (0):: Fit: 0.124367	PB: 0.124367	LB: 0.130509	GB: 14484.7	Conf: 1.73757	Pts: 180379
Particle (39):: Fit: 0.140584	PB: 0.140584	LB: 14267	GB: 14484.7	Conf: 0.436632	Pts: 130879
Particle (44):: Fit: 0.126514	PB: 0.126514	LB: 14267	GB: 14484.7	Conf: 0.235116	Pts: 50671
Particle (21):: Fit: 0.116635	PB: 0.116635	LB: 0.132546	GB: 14484.7	Conf: 0.892638	Pts: 55577
Particle (23):: Fit: 14692.4	PB: 14692.4	LB: 14692.4	GB: 14692.4	Conf: 0.93111	Pts: 135377
Particle (33):: Fit: 0.126521	PB: 0.126521	LB: 0.13648	GB: 14692.4	Conf: 1.72714	Pts: 55475
Global: 14692.4 - Correct: 72% of 100 tests
Global Best: 
  Inner Net 1
  -- 1 : 1 = -0.225412
  -- 1 : 2 = 0.213756
  -- 1 : 3 = 0.636078
  -- 1 : 4 = 0.527196
  -- 2 : 1 = 0.144472
  -- 2 : 2 = 0.075686
  -- 2 : 3 = 0.383188
  -- 2 : 4 = 0.177162
  -- 3 : 1 = 0.146176
  -- 3 : 2 = 0.0460146
  -- 3 : 3 = 0.133897
  -- 3 : 4 = -0.059217
  -- 4 : 1 = 0.611908
  -- 4 : 2 = -0.308491
  -- 4 : 3 = -0.0496977
  -- 4 : 4 = 0.523535
  -- 5 : 1 = 0.250593
  -- 5 : 2 = -0.09388
  -- 5 : 3 = -0.0335644
  -- 5 : 4 = 0.387499
  -- 6 : 1 = 0.907072
  -- 6 : 2 = 0.493187
  -- 6 : 3 = 0.0108378
  -- 6 : 4 = -0.187056
  Inner Net 2
  -- 1 : 1 = -0.875673
  -- 1 : 2 = -0.0333355
  -- 2 : 1 = 0.007509
  -- 2 : 2 = 0.157971
  -- 3 : 1 = 0.167387
  -- 3 : 2 = -0.00753011
  -- 4 : 1 = -0.14723
  -- 4 : 2 = -0.0502951
Out\Act	False		True
False	0.692527	0.149453	0.84198
True	0.0832937	0.0747263	0.15802
	0.775821	0.224179
	Accuracy [ (tp + tn) / testSize ]: 0.767254
	Precision [ tp / (tp + fp) ]:      0.332627
	Sensitivity [ tp / (tp + fn) ]:    0.471471
	Specificity [ tn / (tn + fp) ]:    0.822034
	F-Score [ 2tp / (2tp + fp + fn) ]: 0.390547
Particle (15):: Fit: 0.128495	PB: 0.128495	LB: 0.138675	GB: 14692.4	Conf: 0.935857	Pts: 125575
Particle (25):: Fit: 0.122121	PB: 0.122121	LB: 14692.4	GB: 14692.4	Conf: 0.472336	Pts: 100376
Particle (2):: Fit: 0.126456	PB: 0.126456	LB: 0.134582	GB: 14692.4	Conf: 1.64847	Pts: 55768
Particle (5):: Fit: 0.130407	PB: 0.130407	LB: 14484.7	GB: 14692.4	Conf: 0.16409	Pts: 55575
Particle (11):: Fit: 0.132687	PB: 0.132687	LB: 14484.7	GB: 14692.4	Conf: 0.965376	Pts: 95275
Particle (12):: Fit: 0.132829	PB: 0.132829	LB: 14484.7	GB: 14692.4	Conf: 0.948776	Pts: 55769
Particle (32):: Fit: 0.110222	PB: 0.110222	LB: 0.13648	GB: 14692.4	Conf: 0.270093	Pts: 85375
Particle (8):: Fit: 14893.3	PB: 14893.3	LB: 14893.3	GB: 14893.3	Conf: 0.805959	Pts: 115866
Global: 14893.3 - Correct: 73% of 100 tests
Global Best: 
  Inner Net 1
  -- 1 : 1 = -0.0370849
  -- 1 : 2 = 0.0342377
  -- 1 : 3 = 0.0937255
  -- 1 : 4 = 0.420242
  -- 2 : 1 = 0.221749
  -- 2 : 2 = 0.055327
  -- 2 : 3 = -0.256212
  -- 2 : 4 = -0.043274
  -- 3 : 1 = 0.715283
  -- 3 : 2 = 0.0671099
  -- 3 : 3 = 0.40313
  -- 3 : 4 = -0.222781
  -- 4 : 1 = 0.927894
  -- 4 : 2 = -0.0145818
  -- 4 : 3 = 0.478961
  -- 4 : 4 = 0.922258
  -- 5 : 1 = 0.281493
  -- 5 : 2 = 0.313266
  -- 5 : 3 = 0.883861
  -- 5 : 4 = 0.0816621
  -- 6 : 1 = 0.835264
  -- 6 : 2 = 0.0135853
  -- 6 : 3 = 0.437501
  -- 6 : 4 = 0.0509059
  Inner Net 2
  -- 1 : 1 = -0.4367
  -- 1 : 2 = 0.0530843
  -- 2 : 1 = 0.0120988
  -- 2 : 2 = 0.349185
  -- 3 : 1 = 0.101755
  -- 3 : 2 = -0.018834
  -- 4 : 1 = 0.623692
  -- 4 : 2 = 0.162834
Out\Act	False		True
False	0.669681	0.172299	0.84198
True	0.0823417	0.0756782	0.15802
	0.752023	0.247977
	Accuracy [ (tp + tn) / testSize ]: 0.745359
	Precision [ tp / (tp + fp) ]:      0.304598
	Sensitivity [ tp / (tp + fn) ]:    0.477477
	Specificity [ tn / (tn + fp) ]:    0.794915
	F-Score [ 2tp / (2tp + fp + fn) ]: 0.372365
Particle (17):: Fit: 0.140602	PB: 0.140602	LB: 0.140602	GB: 14893.3	Conf: 0.491932	Pts: 110571
Particle (24):: Fit: 0.126441	PB: 0.126441	LB: 14692.4	GB: 14893.3	Conf: 0.906613	Pts: 195473
Particle (32):: Fit: 0.115948	PB: 0.115948	LB: 0.13648	GB: 14893.3	Conf: 0.735598	Pts: 85472
Particle (3):: Fit: 0.114302	PB: 0.114302	LB: 14893.3	GB: 14893.3	Conf: 1.71113	Pts: 55871
Particle (35):: Fit: 0.140641	PB: 0.140641	LB: 0.140641	GB: 14893.3	Conf: 0.566187	Pts: 95671
Particle (45):: Fit: 0.128796	PB: 0.128796	LB: 14267	GB: 14893.3	Conf: 0.294555	Pts: 55564
Particle (47):: Fit: 0.132447	PB: 0.132447	LB: 0.132447	GB: 14893.3	Conf: 0.799752	Pts: 130571
Particle (15):: Fit: 0.134137	PB: 0.134137	LB: 0.140602	GB: 14893.3	Conf: 0.752546	Pts: 125667
Particle (3):: Fit: 0.120415	PB: 0.120415	LB: 14893.3	GB: 14893.3	Conf: 0.785504	Pts: 55968
Particle (19):: Fit: 0.132486	PB: 0.132486	LB: 14692.4	GB: 14893.3	Conf: 0.431204	Pts: 70665
Particle (36):: Fit: 0.124158	PB: 0.124158	LB: 14267	GB: 14893.3	Conf: 0.606068	Pts: 55767
Particle (3):: Fit: 0.122313	PB: 0.122313	LB: 14893.3	GB: 14893.3	Conf: 0.116744	Pts: 56067
Particle (4):: Fit: 0.120336	PB: 0.120336	LB: 14893.3	GB: 14893.3	Conf: 0.916151	Pts: 110167
Particle (20):: Fit: 0.120331	PB: 0.120331	LB: 14692.4	GB: 14893.3	Conf: 0.468608	Pts: 85366
Particle (37):: Fit: 0.118422	PB: 0.118422	LB: 14267	GB: 14893.3	Conf: 0.542355	Pts: 110466
Particle (18):: Fit: 0.122237	PB: 0.122237	LB: 14692.4	GB: 14893.3	Conf: 0.799211	Pts: 75665
Particle (3):: Fit: 0.136374	PB: 0.136374	LB: 14893.3	GB: 14893.3	Conf: 0.202371	Pts: 81165
Particle (6):: Fit: 0.128535	PB: 0.128535	LB: 14893.3	GB: 14893.3	Conf: 0.526946	Pts: 60858
Particle (18):: Fit: 0.124381	PB: 0.124381	LB: 14692.4	GB: 14893.3	Conf: 0.694569	Pts: 75763
Particle (26):: Fit: 0.132618	PB: 0.132618	LB: 14692.4	GB: 14893.3	Conf: 0.301726	Pts: 105563
Particle (0):: Fit: 0.130335	PB: 0.130335	LB: 0.136374	GB: 14893.3	Conf: 1.27338	Pts: 180462
Particle (32):: Fit: 0.124583	PB: 0.124583	LB: 0.140641	GB: 14893.3	Conf: 0.647942	Pts: 85562
Particle (40):: Fit: 0.114457	PB: 0.114457	LB: 14267	GB: 14893.3	Conf: 0.483816	Pts: 75336
Particle (46):: Fit: 0.132632	PB: 0.132632	LB: 0.132632	GB: 14893.3	Conf: 0.3073	Pts: 60761
Particle (37):: Fit: 0.126238	PB: 0.126238	LB: 14267	GB: 14893.3	Conf: 0.551838	Pts: 110560
Particle (29):: Fit: 0.140582	PB: 0.140582	LB: 0.140582	GB: 14893.3	Conf: 0.770052	Pts: 275560
Particle (12):: Fit: 0.138638	PB: 0.138638	LB: 14893.3	GB: 14893.3	Conf: 0.865924	Pts: 55853
Particle (47):: Fit: 0.134625	PB: 0.134625	LB: 0.134625	GB: 14893.3	Conf: 0.882706	Pts: 140659
Particle (44):: Fit: 0.1306	PB: 0.1306	LB: 14267	GB: 14893.3	Conf: 0.347271	Pts: 50751
Particle (49):: Fit: 0.130665	PB: 0.130665	LB: 0.136374	GB: 14893.3	Conf: 0.0354637	Pts: 140450
Particle (6):: Fit: 0.132274	PB: 0.132274	LB: 14893.3	GB: 14893.3	Conf: 0.695982	Pts: 60950
Particle (18):: Fit: 0.132682	PB: 0.132682	LB: 14692.4	GB: 14893.3	Conf: 0.583014	Pts: 75856
Particle (37):: Fit: 0.128532	PB: 0.128532	LB: 14267	GB: 14893.3	Conf: 0.330468	Pts: 110656
Particle (12):: Fit: 0.140832	PB: 0.140832	LB: 14893.3	GB: 14893.3	Conf: 0.687227	Pts: 65950
Particle (20):: Fit: 0.132441	PB: 0.132441	LB: 14692.4	GB: 14893.3	Conf: 0.613833	Pts: 85453
Particle (25):: Fit: 0.13903	PB: 0.13903	LB: 14692.4	GB: 14893.3	Conf: 0.642218	Pts: 100454
Particle (31):: Fit: 0.122203	PB: 0.122203	LB: 0.140641	GB: 14893.3	Conf: 1.35182	Pts: 105450
Particle (32):: Fit: 0.134954	PB: 0.134954	LB: 0.140641	GB: 14893.3	Conf: 0.846651	Pts: 85650
Particle (49):: Fit: 14682.6	PB: 14682.6	LB: 14682.6	GB: 14893.3	Conf: 0.516788	Pts: 185543
Particle (18):: Fit: 0.134563	PB: 0.134563	LB: 14692.4	GB: 14893.3	Conf: 0.644821	Pts: 75948
Particle (22):: Fit: 0.112159	PB: 0.112159	LB: 14692.4	GB: 14893.3	Conf: 1.30466	Pts: 55623
Particle (37):: Fit: 0.128612	PB: 0.128612	LB: 14267	GB: 14893.3	Conf: 0.55865	Pts: 110747
Particle (48):: Fit: 0.12447	PB: 0.12447	LB: 14682.6	GB: 14893.3	Conf: 0.666981	Pts: 80648
Particle (42):: Fit: 0.130353	PB: 0.130353	LB: 14267	GB: 14893.3	Conf: 1.03017	Pts: 75344
Particle (33):: Fit: 0.132683	PB: 0.132683	LB: 0.140641	GB: 14893.3	Conf: 0.548917	Pts: 55542
Particle (48):: Fit: 0.126317	PB: 0.126317	LB: 14682.6	GB: 14893.3	Conf: 0.5714	Pts: 80745
Particle (43):: Fit: 0.130081	PB: 0.130081	LB: 14267	GB: 14893.3	Conf: 0.50448	Pts: 55544
Particle (11):: Fit: 0.139033	PB: 0.139033	LB: 14893.3	GB: 14893.3	Conf: 0.76137	Pts: 95343
Particle (40):: Fit: 0.128296	PB: 0.128296	LB: 14267	GB: 14893.3	Conf: 0.516126	Pts: 75413
Particle (37):: Fit: 0.136571	PB: 0.136571	LB: 14267	GB: 14893.3	Conf: 0.409235	Pts: 110838
Particle (42):: Fit: 0.136342	PB: 0.136342	LB: 14267	GB: 14893.3	Conf: 0.797918	Pts: 75436
Particle (38):: Fit: 0.120968	PB: 0.120968	LB: 14267	GB: 14893.3	Conf: 0.359087	Pts: 185435
Particle (19):: Fit: 0.139011	PB: 0.139011	LB: 14692.4	GB: 14893.3	Conf: 0.530424	Pts: 70730
Particle (3):: Fit: 0.136515	PB: 0.136515	LB: 14893.3	GB: 14893.3	Conf: 0.087083	Pts: 81233
Particle (32):: Fit: 0.13667	PB: 0.13667	LB: 0.140641	GB: 14893.3	Conf: 0.806171	Pts: 85728
Particle (38):: Fit: 0.136809	PB: 0.136809	LB: 14267	GB: 14893.3	Conf: 0.431715	Pts: 185522
Particle (1):: Fit: 0.124437	PB: 0.124437	LB: 14682.6	GB: 14893.3	Conf: 0.738062	Pts: 125423
Particle (4):: Fit: 0.120336	PB: 0.120336	LB: 14893.3	GB: 14893.3	Conf: 0.622326	Pts: 110219
Particle (7):: Fit: 0.134592	PB: 0.134592	LB: 14893.3	GB: 14893.3	Conf: 1.22134	Pts: 145519
Particle (1):: Fit: 0.134701	PB: 0.134701	LB: 14682.6	GB: 14893.3	Conf: 0.646349	Pts: 125519
Particle (26):: Fit: 0.14044	PB: 0.14044	LB: 14692.4	GB: 14893.3	Conf: 0.735934	Pts: 105616
Particle (19):: Fit: 14471.8	PB: 14471.8	LB: 14692.4	GB: 14893.3	Conf: 0.293947	Pts: 85812
Particle (43):: Fit: 14261	PB: 14261	LB: 14267	GB: 14893.3	Conf: 0.431286	Pts: 55614
Particle (36):: Fit: 14463.9	PB: 14463.9	LB: 14463.9	GB: 14893.3	Conf: 0.516072	Pts: 105811
Particle (12):: Fit: 14468.8	PB: 14468.8	LB: 14893.3	GB: 14893.3	Conf: 0.756663	Pts: 66002
Particle (20):: Fit: 0.132608	PB: 0.132608	LB: 14692.4	GB: 14893.3	Conf: 0.61734	Pts: 85505
Particle (15):: Fit: 0.136608	PB: 0.136608	LB: 14471.8	GB: 14893.3	Conf: 0.391172	Pts: 125705
Particle (33):: Fit: 0.136443	PB: 0.136443	LB: 14463.9	GB: 14893.3	Conf: 0.621488	Pts: 55604
Particle (6):: Fit: 0.132555	PB: 0.132555	LB: 14893.3	GB: 14893.3	Conf: 0.108804	Pts: 60995
Particle (40):: Fit: 0.139034	PB: 0.139034	LB: 14463.9	GB: 14893.3	Conf: 0.632467	Pts: 75477
Particle (16):: Fit: 0.140833	PB: 0.140833	LB: 14471.8	GB: 14893.3	Conf: 0.386052	Pts: 85894
Particle (19):: Fit: 15900.7	PB: 15900.7	LB: 15900.7	GB: 15900.7	Conf: 0.275338	Pts: 145899
Global: 15900.7 - Correct: 78% of 100 tests
Global Best: 
  Inner Net 1
  -- 1 : 1 = -0.46673
  -- 1 : 2 = -0.00948754
  -- 1 : 3 = 0.211216
  -- 1 : 4 = 0.680736
  -- 2 : 1 = 0.209676
  -- 2 : 2 = -0.241282
  -- 2 : 3 = 0.208044
  -- 2 : 4 = -0.214286
  -- 3 : 1 = 0.305377
  -- 3 : 2 = -0.408398
  -- 3 : 3 = 0.201658
  -- 3 : 4 = 0.172688
  -- 4 : 1 = 0.391495
  -- 4 : 2 = 0.403223
  -- 4 : 3 = 0.194798
  -- 4 : 4 = 0.00425334
  -- 5 : 1 = -0.265149
  -- 5 : 2 = 0.0375696
  -- 5 : 3 = -0.351448
  -- 5 : 4 = -0.331414
  -- 6 : 1 = 0.689516
  -- 6 : 2 = 0.157946
  -- 6 : 3 = 0.404137
  -- 6 : 4 = -0.0982567
  Inner Net 2
  -- 1 : 1 = 0.0825428
  -- 1 : 2 = -0.0650501
  -- 2 : 1 = -0.400057
  -- 2 : 2 = 0.239439
  -- 3 : 1 = -0.68638
  -- 3 : 2 = -0.284542
  -- 4 : 1 = 0.161132
  -- 4 : 2 = 0.24182
Out\Act	False		True
False	0.639219	0.202761	0.84198
True	0.0699667	0.0880533	0.15802
	0.709186	0.290814
	Accuracy [ (tp + tn) / testSize ]: 0.727273
	Precision [ tp / (tp + fp) ]:      0.302288
	Sensitivity [ tp / (tp + fn) ]:    0.555556
	Specificity [ tn / (tn + fp) ]:    0.758757
	F-Score [ 2tp / (2tp + fp + fn) ]: 0.391949
Particle (26):: Fit: 0.140667	PB: 0.140667	LB: 14692.4	GB: 15900.7	Conf: 0.859957	Pts: 120696
Particle (31):: Fit: 0.126372	PB: 0.126372	LB: 14463.9	GB: 15900.7	Conf: 0.353178	Pts: 105495
Particle (31):: Fit: 0.126475	PB: 0.126475	LB: 14463.9	GB: 15900.7	Conf: 0.164468	Pts: 105594
Particle (1):: Fit: 0.138745	PB: 0.138745	LB: 14682.6	GB: 15900.7	Conf: 0.928235	Pts: 125594
Particle (46):: Fit: 0.138285	PB: 0.138285	LB: 14682.6	GB: 15900.7	Conf: 0.435372	Pts: 60793
Particle (4):: Fit: 0.120396	PB: 0.120396	LB: 14893.3	GB: 15900.7	Conf: 0.511438	Pts: 110287
Particle (46):: Fit: 14863.7	PB: 14863.7	LB: 14863.7	GB: 15900.7	Conf: 0.544124	Pts: 110888
Particle (31):: Fit: 14469.7	PB: 14469.7	LB: 14469.7	GB: 15900.7	Conf: 0.164275	Pts: 145685
Particle (33):: Fit: 0.141011	PB: 0.141011	LB: 14469.7	GB: 15900.7	Conf: 0.704806	Pts: 55683
Particle (5):: Fit: 0.134559	PB: 0.134559	LB: 14893.3	GB: 15900.7	Conf: 0.156435	Pts: 55583
Particle (15):: Fit: 0.138906	PB: 0.138906	LB: 15900.7	GB: 15900.7	Conf: 0.728745	Pts: 125781
Particle (28):: Fit: 0.122395	PB: 0.122395	LB: 14469.7	GB: 15900.7	Conf: 0.99048	Pts: 90380
Particle (37):: Fit: 0.140511	PB: 0.140511	LB: 14463.9	GB: 15900.7	Conf: 0.53909	Pts: 110878
Particle (48):: Fit: 0.136508	PB: 0.136508	LB: 14863.7	GB: 15900.7	Conf: 0.46717	Pts: 80773
Particle (30):: Fit: 0.137034	PB: 0.137034	LB: 14469.7	GB: 15900.7	Conf: 0.637354	Pts: 75473
Particle (45):: Fit: 0.141109	PB: 0.141109	LB: 14863.7	GB: 15900.7	Conf: 0.317587	Pts: 55562
Particle (22):: Fit: 0.112335	PB: 0.112335	LB: 15900.7	GB: 15900.7	Conf: 0.488623	Pts: 55643
Particle (28):: Fit: 0.12624	PB: 0.12624	LB: 14469.7	GB: 15900.7	Conf: 0.582992	Pts: 90463
Particle (38):: Fit: 15501.7	PB: 15501.7	LB: 15501.7	GB: 15900.7	Conf: 0.418698	Pts: 235553
Particle (4):: Fit: 0.126687	PB: 0.126687	LB: 14893.3	GB: 15900.7	Conf: 0.55401	Pts: 110349
Particle (29):: Fit: 14493.6	PB: 14493.6	LB: 14493.6	GB: 15900.7	Conf: 0.643507	Pts: 300551
Particle (37):: Fit: 15687.1	PB: 15687.1	LB: 15687.1	GB: 15900.7	Conf: 0.44218	Pts: 160951
Particle (5):: Fit: 0.13858	PB: 0.13858	LB: 14893.3	GB: 15900.7	Conf: 0.584614	Pts: 55649
Particle (42):: Fit: 0.136693	PB: 0.136693	LB: 15501.7	GB: 15900.7	Conf: 0.588148	Pts: 75446
Particle (12):: Fit: 14484.8	PB: 14484.8	LB: 14893.3	GB: 15900.7	Conf: 0.644932	Pts: 71040
Particle (28):: Fit: 0.128511	PB: 0.128511	LB: 14493.6	GB: 15900.7	Conf: 0.905391	Pts: 90546
Particle (28):: Fit: 0.128676	PB: 0.128676	LB: 14493.6	GB: 15900.7	Conf: 0.913312	Pts: 90645
Particle (21):: Fit: 0.120046	PB: 0.120046	LB: 15900.7	GB: 15900.7	Conf: 1.26193	Pts: 55542
Particle (4):: Fit: 0.130482	PB: 0.130482	LB: 14893.3	GB: 15900.7	Conf: 0.538284	Pts: 110434
Particle (16):: Fit: 14286	PB: 14286	LB: 15900.7	GB: 15900.7	Conf: 0.402909	Pts: 85927
Particle (4):: Fit: 14251.2	PB: 14251.2	LB: 14893.3	GB: 15900.7	Conf: 0.559679	Pts: 110531
Particle (27):: Fit: 0.132556	PB: 0.132556	LB: 14692.4	GB: 15900.7	Conf: 0.559863	Pts: 75629
Particle (28):: Fit: 0.130383	PB: 0.130383	LB: 14493.6	GB: 15900.7	Conf: 0.902603	Pts: 90728
Particle (30):: Fit: 14295.1	PB: 14295.1	LB: 14493.6	GB: 15900.7	Conf: 0.63155	Pts: 75529
Particle (44):: Fit: 0.134627	PB: 0.134627	LB: 14863.7	GB: 15900.7	Conf: 0.146866	Pts: 50721
Particle (32):: Fit: 15085.2	PB: 15085.2	LB: 15687.1	GB: 15900.7	Conf: 0.67044	Pts: 110716
Particle (44):: Fit: 0.136499	PB: 0.136499	LB: 14863.7	GB: 15900.7	Conf: 0.15736	Pts: 50800
Particle (35):: Fit: 14873.2	PB: 14873.2	LB: 15687.1	GB: 15900.7	Conf: 0.579477	Pts: 95593
Particle (46):: Fit: 15485.7	PB: 15485.7	LB: 15485.7	GB: 15900.7	Conf: 0.610557	Pts: 150888
Particle (28):: Fit: 0.134541	PB: 0.134541	LB: 15085.2	GB: 15900.7	Conf: 0.883904	Pts: 90788
Particle (16):: Fit: 15077.7	PB: 15077.7	LB: 15900.7	GB: 15900.7	Conf: 0.356396	Pts: 100972
Particle (36):: Fit: 14875.1	PB: 14875.1	LB: 15687.1	GB: 15900.7	Conf: 0.582512	Pts: 105775
Particle (25):: Fit: 14490.7	PB: 14490.7	LB: 14692.4	GB: 15900.7	Conf: 0.329909	Pts: 100374
Particle (27):: Fit: 0.136557	PB: 0.136557	LB: 15085.2	GB: 15900.7	Conf: 0.457979	Pts: 75675
Particle (42):: Fit: 15067.6	PB: 15067.6	LB: 15501.7	GB: 15900.7	Conf: 0.767804	Pts: 75456
Particle (29):: Fit: 15306.3	PB: 15306.3	LB: 15306.3	GB: 15900.7	Conf: 0.665803	Pts: 340556
Particle (10):: Fit: 15135.5	PB: 15135.5	LB: 15135.5	GB: 15900.7	Conf: 0.286394	Pts: 190452
Particle (1):: Fit: 14292.5	PB: 14292.5	LB: 14682.6	GB: 15900.7	Conf: 0.645802	Pts: 125537
Particle (47):: Fit: 14282.4	PB: 14282.4	LB: 15485.7	GB: 15900.7	Conf: 0.922412	Pts: 140530
Particle (13):: Fit: 0.130419	PB: 0.130419	LB: 15135.5	GB: 15900.7	Conf: 1.07946	Pts: 155131
Particle (21):: Fit: 0.128404	PB: 0.128404	LB: 15900.7	GB: 15900.7	Conf: 1.15494	Pts: 55530
Particle (48):: Fit: 14469.1	PB: 14469.1	LB: 15485.7	GB: 15900.7	Conf: 0.460221	Pts: 80728
Particle (27):: Fit: 14304.5	PB: 14304.5	LB: 15306.3	GB: 15900.7	Conf: 0.727879	Pts: 75729
Particle (4):: Fit: 14255.2	PB: 14255.2	LB: 14893.3	GB: 15900.7	Conf: 0.69623	Pts: 110515
Particle (6):: Fit: 0.136577	PB: 0.136577	LB: 15135.5	GB: 15900.7	Conf: 0.833623	Pts: 60907
Particle (2):: Fit: 0.134339	PB: 0.134339	LB: 14682.6	GB: 15900.7	Conf: 1.00856	Pts: 55606
Particle (18):: Fit: 0.140649	PB: 0.140649	LB: 15900.7	GB: 15900.7	Conf: 0.785541	Pts: 75796
Particle (3):: Fit: 0.136537	PB: 0.136537	LB: 14893.3	GB: 15900.7	Conf: 0.0921218	Pts: 81086
Particle (6):: Fit: 0.138676	PB: 0.138676	LB: 15135.5	GB: 15900.7	Conf: 0.530448	Pts: 60963
Particle (21):: Fit: 0.130753	PB: 0.130753	LB: 15900.7	GB: 15900.7	Conf: 1.03618	Pts: 55574
Particle (25):: Fit: 14665	PB: 14665	LB: 15306.3	GB: 15900.7	Conf: 0.312863	Pts: 100368
Particle (28):: Fit: 14308.9	PB: 14308.9	LB: 15306.3	GB: 15900.7	Conf: 0.91616	Pts: 90770
Particle (24):: Fit: 0.126462	PB: 0.126462	LB: 15306.3	GB: 15900.7	Conf: 0.597913	Pts: 195263
Particle (22):: Fit: 0.124211	PB: 0.124211	LB: 15900.7	GB: 15900.7	Conf: 1.53092	Pts: 55537
Particle (15):: Fit: 14294.8	PB: 14294.8	LB: 15900.7	GB: 15900.7	Conf: 0.658211	Pts: 125658
Particle (3):: Fit: 14484.3	PB: 14484.3	LB: 14893.3	GB: 15900.7	Conf: 0.103859	Pts: 81158
Particle (49):: Fit: 15090.2	PB: 15090.2	LB: 15485.7	GB: 15900.7	Conf: 0.492008	Pts: 200341
Particle (39):: Fit: 14232.3	PB: 14232.3	LB: 15687.1	GB: 15900.7	Conf: 0.537077	Pts: 130630
Particle (15):: Fit: 15314.8	PB: 15314.8	LB: 15900.7	GB: 15900.7	Conf: 0.703233	Pts: 145727
Particle (20):: Fit: 0.132858	PB: 0.132858	LB: 15900.7	GB: 15900.7	Conf: 0.619329	Pts: 85322
Particle (3):: Fit: 14666.4	PB: 14666.4	LB: 15090.2	GB: 15900.7	Conf: 0.617762	Pts: 81229
Particle (20):: Fit: 0.136597	PB: 0.136597	LB: 15900.7	GB: 15900.7	Conf: 0.282807	Pts: 85413
Particle (11):: Fit: 0.140703	PB: 0.140703	LB: 15314.8	GB: 15900.7	Conf: 0.298308	Pts: 95112
Particle (44):: Fit: 0.140483	PB: 0.140483	LB: 15485.7	GB: 15900.7	Conf: 0.153206	Pts: 50695
Particle (31):: Fit: 15289.8	PB: 15289.8	LB: 15306.3	GB: 15900.7	Conf: 0.232696	Pts: 145483
Particle (30):: Fit: 14708.2	PB: 14708.2	LB: 15306.3	GB: 15900.7	Conf: 0.54698	Pts: 75383
Particle (39):: Fit: 14279.8	PB: 14279.8	LB: 15687.1	GB: 15900.7	Conf: 0.449002	Pts: 130659
Particle (20):: Fit: 0.138653	PB: 0.138653	LB: 15900.7	GB: 15900.7	Conf: 0.411753	Pts: 85440
Particle (22):: Fit: 0.124359	PB: 0.124359	LB: 15900.7	GB: 15900.7	Conf: 0.358583	Pts: 55513
Particle (41):: Fit: 14883	PB: 14883	LB: 15687.1	GB: 15900.7	Conf: 0.664548	Pts: 160237
Particle (4):: Fit: 14519	PB: 14519	LB: 14893.3	GB: 15900.7	Conf: 0.789154	Pts: 110426
Particle (17):: Fit: 14881.3	PB: 14881.3	LB: 15900.7	GB: 15900.7	Conf: 0.770638	Pts: 110204
Particle (27):: Fit: 15905.6	PB: 15905.6	LB: 15905.6	GB: 15905.6	Conf: 0.726235	Pts: 135611
Global: 15905.6 - Correct: 78% of 100 tests
Global Best: 
  Inner Net 1
  -- 1 : 1 = -0.0563871
  -- 1 : 2 = -0.0883784
  -- 1 : 3 = 0.635513
  -- 1 : 4 = -0.114172
  -- 2 : 1 = 0.168496
  -- 2 : 2 = 0.18859
  -- 2 : 3 = -0.156783
  -- 2 : 4 = 0.0484872
  -- 3 : 1 = 0.375807
  -- 3 : 2 = 0.168701
  -- 3 : 3 = -0.0375256
  -- 3 : 4 = 0.0709319
  -- 4 : 1 = 0.134736
  -- 4 : 2 = 0.130749
  -- 4 : 3 = -0.313372
  -- 4 : 4 = -0.247076
  -- 5 : 1 = 0.153328
  -- 5 : 2 = -0.018639
  -- 5 : 3 = -0.301727
  -- 5 : 4 = 0.0843249
  -- 6 : 1 = -1
  -- 6 : 2 = -0.143708
  -- 6 : 3 = -0.149303
  -- 6 : 4 = 0.114042
  Inner Net 2
  -- 1 : 1 = -0.329522
  -- 1 : 2 = 0.284382
  -- 2 : 1 = 0.234625
  -- 2 : 2 = -0.354966
  -- 3 : 1 = -0.15712
  -- 3 : 2 = 0.241536
  -- 4 : 1 = 0.252036
  -- 4 : 2 = -0.0191716
Out\Act	False		True
False	0.71109	0.13089	0.84198
True	0.0866254	0.0713946	0.15802
	0.797715	0.202285
	Accuracy [ (tp + tn) / testSize ]: 0.782485
	Precision [ tp / (tp + fp) ]:      0.352113
	Sensitivity [ tp / (tp + fn) ]:    0.45045
	Specificity [ tn / (tn + fp) ]:    0.844068
	F-Score [ 2tp / (2tp + fp + fn) ]: 0.395778
Particle (18):: Fit: 0.140762	PB: 0.140762	LB: 15900.7	GB: 15905.6	Conf: 0.856677	Pts: 75698
Particle (6):: Fit: 14282.3	PB: 14282.3	LB: 15135.5	GB: 15905.6	Conf: 0.757306	Pts: 60888
Particle (6):: Fit: 14282.9	PB: 14282.9	LB: 15135.5	GB: 15905.6	Conf: 0.782409	Pts: 60980
Particle (11):: Fit: 15278.1	PB: 15278.1	LB: 15314.8	GB: 15905.6	Conf: 0.592676	Pts: 115092
Particle (22):: Fit: 0.134593	PB: 0.134593	LB: 15905.6	GB: 15905.6	Conf: 1.07304	Pts: 55536
Particle (8):: Fit: 15088.8	PB: 15088.8	LB: 15278.1	GB: 15905.6	Conf: 0.849403	Pts: 120432
Particle (4):: Fit: 14659	PB: 14659	LB: 15088.8	GB: 15905.6	Conf: 0.536955	Pts: 110425
Particle (26):: Fit: 0.140864	PB: 0.140864	LB: 15905.6	GB: 15905.6	Conf: 0.507749	Pts: 120288
Particle (13):: Fit: 0.136801	PB: 0.136801	LB: 15314.8	GB: 15905.6	Conf: 1.20054	Pts: 154869
Particle (20):: Fit: 0.138672	PB: 0.138672	LB: 15900.7	GB: 15905.6	Conf: 0.283991	Pts: 85364
Particle (26):: Fit: 14483.9	PB: 14483.9	LB: 15905.6	GB: 15905.6	Conf: 0.561225	Pts: 120304
Particle (33):: Fit: 14886.8	PB: 14886.8	LB: 15687.1	GB: 15905.6	Conf: 0.693964	Pts: 55200
Particle (44):: Fit: 0.140874	PB: 0.140874	LB: 15485.7	GB: 15905.6	Conf: 0.162975	Pts: 50470
Particle (0):: Fit: 0.130448	PB: 0.130448	LB: 15485.7	GB: 15905.6	Conf: 1.54327	Pts: 179842
Particle (28):: Fit: 14895.4	PB: 14895.4	LB: 15905.6	GB: 15905.6	Conf: 0.921359	Pts: 90443
Particle (36):: Fit: 15063.4	PB: 15063.4	LB: 15687.1	GB: 15905.6	Conf: 0.553305	Pts: 105327
Particle (25):: Fit: 14902.2	PB: 14902.2	LB: 15905.6	GB: 15905.6	Conf: 0.567138	Pts: 100032
Particle (10):: Fit: 15294.1	PB: 15294.1	LB: 15314.8	GB: 15905.6	Conf: 0.258936	Pts: 214987
Particle (48):: Fit: 14470.9	PB: 14470.9	LB: 15485.7	GB: 15905.6	Conf: 0.598028	Pts: 80272
Particle (5):: Fit: 0.13861	PB: 0.13861	LB: 15294.1	GB: 15905.6	Conf: 0.754396	Pts: 55052
Particle (1):: Fit: 15280.6	PB: 15280.6	LB: 15280.6	GB: 15905.6	Conf: 0.820445	Pts: 145044
Particle (25):: Fit: 15102.9	PB: 15102.9	LB: 15905.6	GB: 15905.6	Conf: 0.324643	Pts: 100016
Particle (36):: Fit: 15067.2	PB: 15067.2	LB: 15687.1	GB: 15905.6	Conf: 0.547702	Pts: 105294
Particle (40):: Fit: 14470.1	PB: 14470.1	LB: 15687.1	GB: 15905.6	Conf: 0.610846	Pts: 74761
Particle (20):: Fit: 15076.2	PB: 15076.2	LB: 15900.7	GB: 15905.6	Conf: 0.469761	Pts: 85177
Particle (45):: Fit: 14728.8	PB: 14728.8	LB: 15485.7	GB: 15905.6	Conf: 0.351736	Pts: 54866
Particle (43):: Fit: 15288.2	PB: 15288.2	LB: 15485.7	GB: 15905.6	Conf: 0.757856	Pts: 54865
Particle (16):: Fit: 15086.9	PB: 15086.9	LB: 15900.7	GB: 15905.6	Conf: 0.360787	Pts: 100275
Particle (5):: Fit: 0.140529	PB: 0.140529	LB: 15294.1	GB: 15905.6	Conf: 0.158765	Pts: 54977
Particle (48):: Fit: 14472.7	PB: 14472.7	LB: 15485.7	GB: 15905.6	Conf: 0.488546	Pts: 80155
Particle (28):: Fit: 14896.1	PB: 14896.1	LB: 15905.6	GB: 15905.6	Conf: 0.904801	Pts: 90264
Particle (12):: Fit: 14671.1	PB: 14671.1	LB: 15314.8	GB: 15905.6	Conf: 0.612617	Pts: 70203
Particle (21):: Fit: 0.131011	PB: 0.131011	LB: 15900.7	GB: 15905.6	Conf: 0.984887	Pts: 54911
Particle (47):: Fit: 14862.1	PB: 14862.1	LB: 15485.7	GB: 15905.6	Conf: 0.893948	Pts: 139793
Particle (13):: Fit: 0.138516	PB: 0.138516	LB: 15314.8	GB: 15905.6	Conf: 1.27417	Pts: 154492
Particle (44):: Fit: 14873.6	PB: 14873.6	LB: 15485.7	GB: 15905.6	Conf: 0.14558	Pts: 50186
Particle (20):: Fit: 16101.2	PB: 16101.2	LB: 16101.2	GB: 16101.2	Conf: 0.548118	Pts: 145048
Global: 16101.2 - Correct: 79% of 100 tests
Global Best: 
  Inner Net 1
  -- 1 : 1 = -0.0589865
  -- 1 : 2 = 0.355073
  -- 1 : 3 = 0.488148
  -- 1 : 4 = -0.403968
  -- 2 : 1 = -0.0609259
  -- 2 : 2 = 0.212813
  -- 2 : 3 = 0.0182149
  -- 2 : 4 = 0.0162312
  -- 3 : 1 = 0.393144
  -- 3 : 2 = -0.0021337
  -- 3 : 3 = -0.0934128
  -- 3 : 4 = 0.229169
  -- 4 : 1 = -0.0770433
  -- 4 : 2 = 0.0664699
  -- 4 : 3 = 0.0718622
  -- 4 : 4 = -0.113601
  -- 5 : 1 = -0.163875
  -- 5 : 2 = 0.227898
  -- 5 : 3 = -0.263691
  -- 5 : 4 = -0.253272
  -- 6 : 1 = 0.338693
  -- 6 : 2 = 0.268314
  -- 6 : 3 = 0.149411
  -- 6 : 4 = 0.0703687
  Inner Net 2
  -- 1 : 1 = -0.554054
  -- 1 : 2 = -0.0788051
  -- 2 : 1 = -0.314701
  -- 2 : 2 = 0.0117686
  -- 3 : 1 = -0.149205
  -- 3 : 2 = 0.181188
  -- 4 : 1 = 0.415467
  -- 4 : 2 = -0.00205321
Out\Act	False		True
False	0.510233	0.331747	0.84198
True	0.0547358	0.103284	0.15802
	0.564969	0.435031
	Accuracy [ (tp + tn) / testSize ]: 0.613517
	Precision [ tp / (tp + fp) ]:      0.237158
	Sensitivity [ tp / (tp + fn) ]:    0.651652
	Specificity [ tn / (tn + fp) ]:    0.60565
	F-Score [ 2tp / (2tp + fp + fn) ]: 0.348035
Particle (4):: Fit: 15478.3	PB: 15478.3	LB: 15478.3	GB: 16101.2	Conf: 0.674025	Pts: 149948
Particle (42):: Fit: 15489.7	PB: 15489.7	LB: 15501.7	GB: 16101.2	Conf: 0.769744	Pts: 94629
Particle (18):: Fit: 14673.7	PB: 14673.7	LB: 16101.2	GB: 16101.2	Conf: 0.717837	Pts: 75080
Particle (5):: Fit: 14279.7	PB: 14279.7	LB: 15478.3	GB: 16101.2	Conf: 0.1567	Pts: 54897
Particle (45):: Fit: 15481.7	PB: 15481.7	LB: 15489.7	GB: 16101.2	Conf: 0.540389	Pts: 54655
Particle (24):: Fit: 0.128151	PB: 0.128151	LB: 16101.2	GB: 16101.2	Conf: 0.193541	Pts: 194432
Particle (12):: Fit: 14676.3	PB: 14676.3	LB: 15314.8	GB: 16101.2	Conf: 0.697979	Pts: 70109
Particle (40):: Fit: 14514.6	PB: 14514.6	LB: 15687.1	GB: 16101.2	Conf: 0.475815	Pts: 74436
Particle (6):: Fit: 14665.2	PB: 14665.2	LB: 15478.3	GB: 16101.2	Conf: 0.715631	Pts: 60245
Particle (12):: Fit: 15073.9	PB: 15073.9	LB: 15314.8	GB: 16101.2	Conf: 0.616178	Pts: 70136
Particle (7):: Fit: 14281	PB: 14281	LB: 15478.3	GB: 16101.2	Conf: 1.36851	Pts: 144289
Particle (26):: Fit: 14676	PB: 14676	LB: 15905.6	GB: 16101.2	Conf: 0.626965	Pts: 119631
Particle (5):: Fit: 14469.4	PB: 14469.4	LB: 15478.3	GB: 16101.2	Conf: 0.392234	Pts: 54691
Particle (2):: Fit: 0.138645	PB: 0.138645	LB: 15478.3	GB: 16101.2	Conf: 1.38372	Pts: 54402
Particle (0):: Fit: 0.134774	PB: 0.134774	LB: 15485.7	GB: 16101.2	Conf: 1.2482	Pts: 179100
Particle (4):: Fit: 15906.1	PB: 15906.1	LB: 15906.1	GB: 16101.2	Conf: 0.509019	Pts: 199513
Particle (8):: Fit: 15103	PB: 15103	LB: 15906.1	GB: 16101.2	Conf: 0.829087	Pts: 119397
Particle (48):: Fit: 14916.3	PB: 14916.3	LB: 15485.7	GB: 16101.2	Conf: 0.683212	Pts: 79570
Particle (13):: Fit: 14673.3	PB: 14673.3	LB: 15314.8	GB: 16101.2	Conf: 1.6739	Pts: 153894
Particle (21):: Fit: 0.132623	PB: 0.132623	LB: 16101.2	GB: 16101.2	Conf: 1.33594	Pts: 54223
Particle (24):: Fit: 0.136684	PB: 0.136684	LB: 16101.2	GB: 16101.2	Conf: 1.09899	Pts: 193931
Particle (3):: Fit: 14672.5	PB: 14672.5	LB: 15906.1	GB: 16101.2	Conf: 0.0957291	Pts: 79780
Particle (40):: Fit: 15504.7	PB: 15504.7	LB: 15687.1	GB: 16101.2	Conf: 0.49287	Pts: 88888
Particle (23):: Fit: 14884.4	PB: 14884.4	LB: 16101.2	GB: 16101.2	Conf: 0.775942	Pts: 133498
Particle (31):: Fit: 16515.6	PB: 16515.6	LB: 16515.6	GB: 16515.6	Conf: 0.287058	Pts: 203974
Global: 16515.6 - Correct: 81% of 100 tests
Global Best: 
  Inner Net 1
  -- 1 : 1 = -0.426216
  -- 1 : 2 = -0.139421
  -- 1 : 3 = -0.375138
  -- 1 : 4 = 0.153214
  -- 2 : 1 = 0.313244
  -- 2 : 2 = -0.0018619
  -- 2 : 3 = -0.0578179
  -- 2 : 4 = 0.291117
  -- 3 : 1 = 0.261784
  -- 3 : 2 = 0.352699
  -- 3 : 3 = -0.101159
  -- 3 : 4 = 0.302376
  -- 4 : 1 = -0.0126639
  -- 4 : 2 = 0.00871284
  -- 4 : 3 = 0.290294
  -- 4 : 4 = -0.288543
  -- 5 : 1 = -0.298786
  -- 5 : 2 = -0.0478919
  -- 5 : 3 = -0.3832
  -- 5 : 4 = -0.0145756
  -- 6 : 1 = -0.687152
  -- 6 : 2 = -0.0185016
  -- 6 : 3 = -0.177908
  -- 6 : 4 = -0.218205
  Inner Net 2
  -- 1 : 1 = -0.285449
  -- 1 : 2 = 0.197919
  -- 2 : 1 = 0.255496
  -- 2 : 2 = -0.040233
  -- 3 : 1 = -0.136649
  -- 3 : 2 = 0.166687
  -- 4 : 1 = 0.166446
  -- 4 : 2 = -0.157625
Out\Act	False		True
False	0.512613	0.329367	0.84198
True	0.0533079	0.104712	0.15802
	0.565921	0.434079
	Accuracy [ (tp + tn) / testSize ]: 0.617325
	Precision [ tp / (tp + fp) ]:      0.240964
	Sensitivity [ tp / (tp + fn) ]:    0.660661
	Specificity [ tn / (tn + fp) ]:    0.608475
	F-Score [ 2tp / (2tp + fp + fn) ]: 0.353414
Particle (14):: Fit: 0.132489	PB: 0.132489	LB: 15900.7	GB: 16515.6	Conf: 1.36238	Pts: 58788
Particle (47):: Fit: 15043.1	PB: 15043.1	LB: 15485.7	GB: 16515.6	Conf: 0.788547	Pts: 138856
Particle (17):: Fit: 15473.2	PB: 15473.2	LB: 16101.2	GB: 16515.6	Conf: 0.580702	Pts: 118579
Particle (41):: Fit: 16108.7	PB: 16108.7	LB: 16108.7	GB: 16515.6	Conf: 0.333669	Pts: 208577
Particle (9):: Fit: 0.140747	PB: 0.140747	LB: 15294.1	GB: 16515.6	Conf: 1.26908	Pts: 373427
Particle (16):: Fit: 15715.2	PB: 15715.2	LB: 16101.2	GB: 16515.6	Conf: 0.748425	Pts: 114115
Particle (5):: Fit: 14867.5	PB: 14867.5	LB: 15906.1	GB: 16515.6	Conf: 0.649426	Pts: 54010
Particle (14):: Fit: 0.136286	PB: 0.136286	LB: 15900.7	GB: 16515.6	Conf: 1.0079	Pts: 58700
Particle (23):: Fit: 15278.9	PB: 15278.9	LB: 16101.2	GB: 16515.6	Conf: 0.731754	Pts: 133272
Particle (46):: Fit: 16919.2	PB: 16919.2	LB: 16919.2	GB: 16919.2	Conf: 0.75581	Pts: 208805
Global: 16919.2 - Correct: 83% of 100 tests
Global Best: 
  Inner Net 1
  -- 1 : 1 = -0.18937
  -- 1 : 2 = -0.227501
  -- 1 : 3 = -0.0266687
  -- 1 : 4 = 0.119844
  -- 2 : 1 = 0.246209
  -- 2 : 2 = -0.21798
  -- 2 : 3 = -0.135736
  -- 2 : 4 = 0.383974
  -- 3 : 1 = 0.0477257
  -- 3 : 2 = -0.399417
  -- 3 : 3 = -0.0431493
  -- 3 : 4 = 0.360227
  -- 4 : 1 = 0.0584308
  -- 4 : 2 = 0.135062
  -- 4 : 3 = 0.0551331
  -- 4 : 4 = 0.089445
  -- 5 : 1 = 0.456416
  -- 5 : 2 = 0.238099
  -- 5 : 3 = -0.344021
  -- 5 : 4 = -0.104135
  -- 6 : 1 = 0.57843
  -- 6 : 2 = -0.0197605
  -- 6 : 3 = 0.110052
  -- 6 : 4 = -0.405236
  Inner Net 2
  -- 1 : 1 = -0.25675
  -- 1 : 2 = 0.0710618
  -- 2 : 1 = 0.342146
  -- 2 : 2 = 0.462819
  -- 3 : 1 = -0.0371743
  -- 3 : 2 = 0.208902
  -- 4 : 1 = 0.257405
  -- 4 : 2 = -0.168621
Out\Act	False		True
False	0.646835	0.195145	0.84198
True	0.0742504	0.0837696	0.15802
	0.721085	0.278915
	Accuracy [ (tp + tn) / testSize ]: 0.730604
	Precision [ tp / (tp + fp) ]:      0.29983
	Sensitivity [ tp / (tp + fn) ]:    0.528529
	Specificity [ tn / (tn + fp) ]:    0.767797
	F-Score [ 2tp / (2tp + fp + fn) ]: 0.383025
Particle (12):: Fit: 15109.2	PB: 15109.2	LB: 15715.2	GB: 16919.2	Conf: 0.67404	Pts: 69086
Particle (44):: Fit: 15283.8	PB: 15283.8	LB: 16919.2	GB: 16919.2	Conf: 0.171063	Pts: 48881
Particle (8):: Fit: 15899.4	PB: 15899.4	LB: 15906.1	GB: 16919.2	Conf: 0.810833	Pts: 138637
Particle (0):: Fit: 14301	PB: 14301	LB: 16919.2	GB: 16919.2	Conf: 1.14277	Pts: 178228
Particle (11):: Fit: 15282.9	PB: 15282.9	LB: 15899.4	GB: 16919.2	Conf: 0.604532	Pts: 113106
Particle (33):: Fit: 15896.6	PB: 15896.6	LB: 16515.6	GB: 16919.2	Conf: 0.653541	Pts: 53376
Particle (6):: Fit: 14881.6	PB: 14881.6	LB: 15906.1	GB: 16919.2	Conf: 0.660969	Pts: 59056
Particle (25):: Fit: 15312.2	PB: 15312.2	LB: 15905.6	GB: 16919.2	Conf: 0.721152	Pts: 98371
Particle (49):: Fit: 15491.1	PB: 15491.1	LB: 16919.2	GB: 16919.2	Conf: 0.488679	Pts: 198067
Particle (35):: Fit: 15297.1	PB: 15297.1	LB: 16515.6	GB: 16919.2	Conf: 0.744689	Pts: 93064
Particle (2):: Fit: 14866.7	PB: 14866.7	LB: 15906.1	GB: 16919.2	Conf: 1.42334	Pts: 53194
Particle (5):: Fit: 15071.3	PB: 15071.3	LB: 15906.1	GB: 16919.2	Conf: 0.501918	Pts: 53463
Particle (21):: Fit: 15096.8	PB: 15096.8	LB: 16101.2	GB: 16919.2	Conf: 1.29544	Pts: 53221
Particle (8):: Fit: 16703	PB: 16703	LB: 16703	GB: 16919.2	Conf: 0.856486	Pts: 188327
Particle (32):: Fit: 15114.5	PB: 15114.5	LB: 16515.6	GB: 16919.2	Conf: 0.456275	Pts: 108026
Particle (42):: Fit: 15913.5	PB: 15913.5	LB: 16919.2	GB: 16919.2	Conf: 0.50249	Pts: 92757
Particle (14):: Fit: 0.138583	PB: 0.138583	LB: 15900.7	GB: 16919.2	Conf: 1.20781	Pts: 57908
Particle (6):: Fit: 16087.4	PB: 16087.4	LB: 16703	GB: 16919.2	Conf: 0.280256	Pts: 68587
Particle (17):: Fit: 15480.3	PB: 15480.3	LB: 16101.2	GB: 16919.2	Conf: 0.692003	Pts: 117612
Particle (39):: Fit: 14455.5	PB: 14455.5	LB: 16108.7	GB: 16919.2	Conf: 0.468938	Pts: 127838
Particle (39):: Fit: 14458.2	PB: 14458.2	LB: 16108.7	GB: 16919.2	Conf: 0.470588	Pts: 127916
Particle (26):: Fit: 15486.2	PB: 15486.2	LB: 16515.6	GB: 16919.2	Conf: 0.634921	Pts: 117742
Particle (36):: Fit: 15099.1	PB: 15099.1	LB: 16108.7	GB: 16919.2	Conf: 0.875534	Pts: 102788
Particle (36):: Fit: 15269.9	PB: 15269.9	LB: 16108.7	GB: 16919.2	Conf: 0.891062	Pts: 102850
Particle (3):: Fit: 14915.7	PB: 14915.7	LB: 16703	GB: 16919.2	Conf: 0.401956	Pts: 78142
Particle (22):: Fit: 0.134597	PB: 0.134597	LB: 16101.2	GB: 16919.2	Conf: 1.59645	Pts: 52436
Particle (32):: Fit: 15330.4	PB: 15330.4	LB: 16515.6	GB: 16919.2	Conf: 0.46566	Pts: 107378
Particle (47):: Fit: 15477.2	PB: 15477.2	LB: 16919.2	GB: 16919.2	Conf: 0.43313	Pts: 137231
Particle (24):: Fit: 0.138666	PB: 0.138666	LB: 16101.2	GB: 16919.2	Conf: 1.59783	Pts: 191931
Particle (30):: Fit: 14876.8	PB: 14876.8	LB: 16515.6	GB: 16919.2	Conf: 0.546348	Pts: 71989
Particle (35):: Fit: 15895.7	PB: 15895.7	LB: 16515.6	GB: 16919.2	Conf: 0.752183	Pts: 91977
Particle (28):: Fit: 15080.4	PB: 15080.4	LB: 16515.6	GB: 16919.2	Conf: 0.894256	Pts: 87357
Particle (47):: Fit: 15490.6	PB: 15490.6	LB: 16919.2	GB: 16919.2	Conf: 0.793736	Pts: 136984
Particle (22):: Fit: 0.136541	PB: 0.136541	LB: 16101.2	GB: 16919.2	Conf: 1.54932	Pts: 51888
Particle (36):: Fit: 15296.1	PB: 15296.1	LB: 16108.7	GB: 16919.2	Conf: 0.433551	Pts: 101957
Particle (39):: Fit: 14853.7	PB: 14853.7	LB: 16108.7	GB: 16919.2	Conf: 0.436817	Pts: 126727
Particle (22):: Fit: 0.13876	PB: 0.13876	LB: 16101.2	GB: 16919.2	Conf: 1.22695	Pts: 51497
Particle (39):: Fit: 15685.3	PB: 15685.3	LB: 16108.7	GB: 16919.2	Conf: 0.349995	Pts: 126125
Particle (28):: Fit: 15080.7	PB: 15080.7	LB: 16515.6	GB: 16919.2	Conf: 0.933649	Pts: 85772
Particle (24):: Fit: 14474.2	PB: 14474.2	LB: 16101.2	GB: 16919.2	Conf: 1.25851	Pts: 190118
Particle (32):: Fit: 15500.7	PB: 15500.7	LB: 16515.6	GB: 16919.2	Conf: 0.520527	Pts: 105292
Particle (1):: Fit: 15498.1	PB: 15498.1	LB: 16087.4	GB: 16919.2	Conf: 0.789269	Pts: 139580
Particle (11):: Fit: 15297.7	PB: 15297.7	LB: 16703	GB: 16919.2	Conf: 0.680301	Pts: 109385
Particle (18):: Fit: 15665.8	PB: 15665.8	LB: 16101.2	GB: 16919.2	Conf: 0.350395	Pts: 69894
Particle (10):: Fit: 15698	PB: 15698	LB: 16703	GB: 16919.2	Conf: 0.288661	Pts: 209401
Particle (28):: Fit: 15293	PB: 15293	LB: 16515.6	GB: 16919.2	Conf: 0.561104	Pts: 85183
Particle (44):: Fit: 15294	PB: 15294	LB: 16919.2	GB: 16919.2	Conf: 0.181569	Pts: 44730
Particle (27):: Fit: 15906	PB: 15906	LB: 16515.6	GB: 16919.2	Conf: 0.219128	Pts: 133896
Particle (10):: Fit: 15907.9	PB: 15907.9	LB: 16703	GB: 16919.2	Conf: 0.63882	Pts: 218593
Particle (27):: Fit: 16130.5	PB: 16130.5	LB: 16515.6	GB: 16919.2	Conf: 0.196406	Pts: 153889
Particle (15):: Fit: 15687.9	PB: 15687.9	LB: 16101.2	GB: 16919.2	Conf: 0.247493	Pts: 138701
Particle (1):: Fit: 15500.1	PB: 15500.1	LB: 16087.4	GB: 16919.2	Conf: 0.892064	Pts: 138340
Particle (7):: Fit: 15072.2	PB: 15072.2	LB: 16703	GB: 16919.2	Conf: 1.04707	Pts: 137912
Particle (48):: Fit: 15097.9	PB: 15097.9	LB: 16919.2	GB: 16919.2	Conf: 0.578415	Pts: 73538
Particle (45):: Fit: 15504.6	PB: 15504.6	LB: 16919.2	GB: 16919.2	Conf: 0.382327	Pts: 48188
Particle (44):: Fit: 15639.8	PB: 15639.8	LB: 16919.2	GB: 16919.2	Conf: 0.189977	Pts: 43611
Particle (5):: Fit: 15476.7	PB: 15476.7	LB: 16703	GB: 16919.2	Conf: 0.157373	Pts: 48383
Particle (12):: Fit: 16115.3	PB: 16115.3	LB: 16703	GB: 16919.2	Conf: 0.590342	Pts: 83542
Particle (23):: Fit: 15514	PB: 15514	LB: 16130.5	GB: 16919.2	Conf: 0.958335	Pts: 127275
Particle (22):: Fit: 0.13891	PB: 0.13891	LB: 16130.5	GB: 16919.2	Conf: 1.40712	Pts: 47932
Particle (43):: Fit: 15295.9	PB: 15295.9	LB: 16919.2	GB: 16919.2	Conf: 0.446891	Pts: 47431
Particle (16):: Fit: 15884.7	PB: 15884.7	LB: 16115.3	GB: 16919.2	Conf: 0.69476	Pts: 107985
Particle (3):: Fit: 14924.7	PB: 14924.7	LB: 16703	GB: 16919.2	Conf: 0.0948857	Pts: 73184
Particle (22):: Fit: 15483.5	PB: 15483.5	LB: 16130.5	GB: 16919.2	Conf: 0.844034	Pts: 47783
Particle (25):: Fit: 15512.6	PB: 15512.6	LB: 16130.5	GB: 16919.2	Conf: 1.19156	Pts: 92183
Particle (47):: Fit: 15499.7	PB: 15499.7	LB: 16919.2	GB: 16919.2	Conf: 0.790131	Pts: 132333
Particle (32):: Fit: 16098.2	PB: 16098.2	LB: 16515.6	GB: 16919.2	Conf: 0.532934	Pts: 102451
Particle (47):: Fit: 15503	PB: 15503	LB: 16919.2	GB: 16919.2	Conf: 0.798193	Pts: 132166
Particle (47):: Fit: 16702.4	PB: 16702.4	LB: 16919.2	GB: 16919.2	Conf: 0.597566	Pts: 137186
Particle (24):: Fit: 14650	PB: 14650	LB: 16130.5	GB: 16919.2	Conf: 0.673299	Pts: 186753
Particle (48):: Fit: 15905.8	PB: 15905.8	LB: 16919.2	GB: 16919.2	Conf: 0.50452	Pts: 70983
Particle (6):: Fit: 16094.5	PB: 16094.5	LB: 16703	GB: 16919.2	Conf: 0.207855	Pts: 66222
Particle (3):: Fit: 15279.3	PB: 15279.3	LB: 16703	GB: 16919.2	Conf: 0.415143	Pts: 70904
Particle (43):: Fit: 15299.3	PB: 15299.3	LB: 16919.2	GB: 16919.2	Conf: 0.473542	Pts: 44837
Particle (49):: Fit: 15506.9	PB: 15506.9	LB: 16919.2	GB: 16919.2	Conf: 0.419324	Pts: 189204
Particle (14):: Fit: 0.140591	PB: 0.140591	LB: 16115.3	GB: 16919.2	Conf: 1.21069	Pts: 49296
Particle (30):: Fit: 15291.6	PB: 15291.6	LB: 16515.6	GB: 16919.2	Conf: 0.421603	Pts: 63900
Particle (17):: Fit: 15496	PB: 15496	LB: 16101.2	GB: 16919.2	Conf: 0.713109	Pts: 108421
Particle (20):: Fit: 16104.1	PB: 16104.1	LB: 16104.1	GB: 16919.2	Conf: 0.683048	Pts: 158498
Particle (49):: Fit: 15706.3	PB: 15706.3	LB: 16919.2	GB: 16919.2	Conf: 0.308739	Pts: 187429
Particle (43):: Fit: 15680.7	PB: 15680.7	LB: 16919.2	GB: 16919.2	Conf: 0.81728	Pts: 42390
Particle (44):: Fit: 16509.7	PB: 16509.7	LB: 16919.2	GB: 16919.2	Conf: 0.155345	Pts: 47952
Particle (45):: Fit: 15513.6	PB: 15513.6	LB: 16919.2	GB: 16919.2	Conf: 0.387103	Pts: 40613
Particle (43):: Fit: 15698.7	PB: 15698.7	LB: 16919.2	GB: 16919.2	Conf: 0.573825	Pts: 40648
Particle (40):: Fit: 15722.5	PB: 15722.5	LB: 16509.7	GB: 16919.2	Conf: 0.614217	Pts: 74336
Particle (27):: Fit: 16689.4	PB: 16689.4	LB: 16689.4	GB: 16919.2	Conf: 0.494185	Pts: 194371
Particle (28):: Fit: 15514.4	PB: 15514.4	LB: 16689.4	GB: 16919.2	Conf: 0.820846	Pts: 74289
Particle (15):: Fit: 15713.5	PB: 15713.5	LB: 16115.3	GB: 16919.2	Conf: 0.353041	Pts: 128461
Particle (1):: Fit: 15895.3	PB: 15895.3	LB: 16702.4	GB: 16919.2	Conf: 0.829349	Pts: 127495
Particle (38):: Fit: 15685.9	PB: 15685.9	LB: 16108.7	GB: 16919.2	Conf: 0.451699	Pts: 217021
Particle (10):: Fit: 16690.9	PB: 16690.9	LB: 16703	GB: 16919.2	Conf: 0.421442	Pts: 217144
Particle (48):: Fit: 16298.6	PB: 16298.6	LB: 16919.2	GB: 16919.2	Conf: 0.504498	Pts: 67657
Particle (17):: Fit: 16301.6	PB: 16301.6	LB: 16301.6	GB: 16919.2	Conf: 0.657299	Pts: 136988
Particle (29):: Fit: 15694.7	PB: 15694.7	LB: 16689.4	GB: 16919.2	Conf: 0.753305	Pts: 321692
Particle (34):: Fit: 0.122479	PB: 0.122479	LB: 16515.6	GB: 16919.2	Conf: 0.578015	Pts: 91204
Particle (4):: Fit: 16291.2	PB: 16291.2	LB: 16703	GB: 16919.2	Conf: 0.657743	Pts: 181805
Particle (44):: Fit: 16916.1	PB: 16916.1	LB: 16919.2	GB: 16919.2	Conf: 0.136072	Pts: 52272
Particle (38):: Fit: 15918	PB: 15918	LB: 16108.7	GB: 16919.2	Conf: 0.499142	Pts: 215992
Particle (15):: Fit: 15733.1	PB: 15733.1	LB: 16301.6	GB: 16919.2	Conf: 0.712651	Pts: 126267
Particle (26):: Fit: 16107.6	PB: 16107.6	LB: 16689.4	GB: 16919.2	Conf: 0.840989	Pts: 100950
Particle (0):: Fit: 15088.5	PB: 15088.5	LB: 16919.2	GB: 16919.2	Conf: 1.53029	Pts: 160164
Particle (0):: Fit: 16127	PB: 16127	LB: 16919.2	GB: 16919.2	Conf: 1.11929	Pts: 160161
Particle (36):: Fit: 15473	PB: 15473	LB: 16108.7	GB: 16919.2	Conf: 0.611881	Pts: 85761
Particle (14):: Fit: 0.140948	PB: 0.140948	LB: 16690.9	GB: 16919.2	Conf: 1.37421	Pts: 37808
Particle (32):: Fit: 16118.4	PB: 16118.4	LB: 16515.6	GB: 16919.2	Conf: 0.652123	Pts: 93042
Particle (3):: Fit: 15884.2	PB: 15884.2	LB: 16703	GB: 16919.2	Conf: 0.336968	Pts: 58215
Particle (30):: Fit: 15466.8	PB: 15466.8	LB: 16689.4	GB: 16919.2	Conf: 0.599666	Pts: 51882
Particle (36):: Fit: 15486.7	PB: 15486.7	LB: 16118.4	GB: 16919.2	Conf: 0.477945	Pts: 81308
Particle (33):: Fit: 16287.7	PB: 16287.7	LB: 16515.6	GB: 16919.2	Conf: 0.641916	Pts: 40737
Particle (11):: Fit: 16092.3	PB: 16092.3	LB: 16703	GB: 16919.2	Conf: 0.731821	Pts: 90579
Particle (5):: Fit: 15491.3	PB: 15491.3	LB: 16703	GB: 16919.2	Conf: 0.368456	Pts: 30525
Particle (2):: Fit: 15503	PB: 15503	LB: 16298.6	GB: 16919.2	Conf: 1.11157	Pts: 29752
Particle (28):: Fit: 15907.5	PB: 15907.5	LB: 16689.4	GB: 16919.2	Conf: 0.930806	Pts: 65482
Particle (43):: Fit: 15913	PB: 15913	LB: 16919.2	GB: 16919.2	Conf: 0.412153	Pts: 28887
Particle (14):: Fit: 15095.5	PB: 15095.5	LB: 16690.9	GB: 16919.2	Conf: 1.28342	Pts: 33293
Particle (5):: Fit: 15703.4	PB: 15703.4	LB: 16703	GB: 16919.2	Conf: 0.694999	Pts: 28662
Particle (39):: Fit: 16116.5	PB: 16116.5	LB: 16916.1	GB: 16919.2	Conf: 0.422823	Pts: 108448
Particle (29):: Fit: 16088.1	PB: 16088.1	LB: 16689.4	GB: 16919.2	Conf: 0.537161	Pts: 312769
Particle (16):: Fit: 16520.1	PB: 16520.1	LB: 16520.1	GB: 16919.2	Conf: 0.831897	Pts: 118422
Particle (25):: Fit: 15900.4	PB: 15900.4	LB: 16689.4	GB: 16919.2	Conf: 0.314007	Pts: 72013
Particle (30):: Fit: 15499.9	PB: 15499.9	LB: 16689.4	GB: 16919.2	Conf: 0.615385	Pts: 47172
Particle (9):: Fit: 1417.14	PB: 1417.14	LB: 16703	GB: 16919.2	Conf: 0.501029	Pts: 346121
Particle (23):: Fit: 15694.8	PB: 15694.8	LB: 16689.4	GB: 16919.2	Conf: 0.95427	Pts: 106095
Particle (37):: Fit: 15698.3	PB: 15698.3	LB: 16287.7	GB: 16919.2	Conf: 0.390511	Pts: 130139
Particle (41):: Fit: 16123.4	PB: 16123.4	LB: 16919.2	GB: 16919.2	Conf: 0.465943	Pts: 184153
Particle (39):: Fit: 16704.7	PB: 16704.7	LB: 16916.1	GB: 16919.2	Conf: 0.483867	Pts: 129802
Particle (13):: Fit: 15301.1	PB: 15301.1	LB: 16690.9	GB: 16919.2	Conf: 0.869181	Pts: 123385
Particle (25):: Fit: 15902.9	PB: 15902.9	LB: 16689.4	GB: 16919.2	Conf: 0.4517	Pts: 68710
Particle (45):: Fit: 16093	PB: 16093	LB: 16919.2	GB: 16919.2	Conf: 0.505196	Pts: 23240
Particle (20):: Fit: 16299.3	PB: 16299.3	LB: 16520.1	GB: 16919.2	Conf: 0.489722	Pts: 137384
Particle (19):: Fit: 16281.7	PB: 16281.7	LB: 16520.1	GB: 16919.2	Conf: 0.264342	Pts: 111308
Particle (11):: Fit: 16112.4	PB: 16112.4	LB: 16703	GB: 16919.2	Conf: 0.701566	Pts: 81223
Particle (36):: Fit: 15904.7	PB: 15904.7	LB: 16704.7	GB: 16919.2	Conf: 0.570369	Pts: 71493
Particle (28):: Fit: 16291.6	PB: 16291.6	LB: 16689.4	GB: 16919.2	Conf: 0.846525	Pts: 57146
Particle (45):: Fit: 16095.2	PB: 16095.2	LB: 16919.2	GB: 16919.2	Conf: 0.417476	Pts: 20586
Particle (25):: Fit: 16316.2	PB: 16316.2	LB: 16689.4	GB: 16919.2	Conf: 0.524476	Pts: 69341
Particle (1):: Fit: 16096.8	PB: 16096.8	LB: 16702.4	GB: 16919.2	Conf: 0.661709	Pts: 108271
Particle (18):: Fit: 16713.6	PB: 16713.6	LB: 16713.6	GB: 16919.2	Conf: 0.349739	Pts: 86500
Particle (3):: Fit: 15913.1	PB: 15913.1	LB: 16703	GB: 16919.2	Conf: 0.757024	Pts: 41840
Particle (3):: Fit: 16109.7	PB: 16109.7	LB: 16703	GB: 16919.2	Conf: 0.398702	Pts: 41647
Particle (13):: Fit: 15702.4	PB: 15702.4	LB: 16713.6	GB: 16919.2	Conf: 0.790639	Pts: 114067
Particle (28):: Fit: 16314.6	PB: 16314.6	LB: 16689.4	GB: 16919.2	Conf: 0.90542	Pts: 50880
Particle (42):: Fit: 16501.3	PB: 16501.3	LB: 16919.2	GB: 16919.2	Conf: 0.296226	Pts: 54029
Particle (34):: Fit: 0.124504	PB: 0.124504	LB: 16704.7	GB: 16919.2	Conf: 1.44233	Pts: 69048
Particle (45):: Fit: 16124.7	PB: 16124.7	LB: 16919.2	GB: 16919.2	Conf: 0.325586	Pts: 14554
Particle (35):: Fit: 15917.1	PB: 15917.1	LB: 16704.7	GB: 16919.2	Conf: 0.728807	Pts: 50697
Particle (4):: Fit: 16719.4	PB: 16719.4	LB: 16719.4	GB: 16919.2	Conf: 0.772345	Pts: 195578
Global Best: 
  Inner Net 1
  -- 1 : 1 = -0.18937
  -- 1 : 2 = -0.227501
  -- 1 : 3 = -0.0266687
  -- 1 : 4 = 0.119844
  -- 2 : 1 = 0.246209
  -- 2 : 2 = -0.21798
  -- 2 : 3 = -0.135736
  -- 2 : 4 = 0.383974
  -- 3 : 1 = 0.0477257
  -- 3 : 2 = -0.399417
  -- 3 : 3 = -0.0431493
  -- 3 : 4 = 0.360227
  -- 4 : 1 = 0.0584308
  -- 4 : 2 = 0.135062
  -- 4 : 3 = 0.0551331
  -- 4 : 4 = 0.089445
  -- 5 : 1 = 0.456416
  -- 5 : 2 = 0.238099
  -- 5 : 3 = -0.344021
  -- 5 : 4 = -0.104135
  -- 6 : 1 = 0.57843
  -- 6 : 2 = -0.0197605
  -- 6 : 3 = 0.110052
  -- 6 : 4 = -0.405236
  Inner Net 2
  -- 1 : 1 = -0.25675
  -- 1 : 2 = 0.0710618
  -- 2 : 1 = 0.342146
  -- 2 : 2 = 0.462819
  -- 3 : 1 = -0.0371743
  -- 3 : 2 = 0.208902
  -- 4 : 1 = 0.257405
  -- 4 : 2 = -0.168621
Out\Act	False		True
False	0.646835	0.195145	0.84198
True	0.0742504	0.0837696	0.15802
	0.721085	0.278915
	Accuracy [ (tp + tn) / testSize ]: 0.730604
	Precision [ tp / (tp + fp) ]:      0.29983
	Sensitivity [ tp / (tp + fn) ]:    0.528529
	Specificity [ tn / (tn + fp) ]:    0.767797
	F-Score [ 2tp / (2tp + fp + fn) ]: 0.383025
