
Date / Time: Fri Mar 31 04:49:44 2017

   ****************************************
   * PSO Neural Net (Gaussian Activation) *
   *       by William Boler, BSCE         *
   *     Research Assistant, IUPUI        *
   *                                      *
   *  Professor: Dr. Lauren Christopher   *
   *     Created: March 13, 2017          *
   ****************************************


Inputs: 6
Inner Nets: 1
 - 5
Tests per train(min): 100
Particles: 50
Neighbors: 10
Minimum Particle Iterations: 1000
Particle (0):: Fit: 8.46706e-005	PB: 8.46706e-005	LB: 8.46706e-005	GB: 8.46706e-005	Cor: 0.59	Pts: 110099
Particle (1):: Fit: 8.61405e-006	PB: 8.61405e-006	LB: 8.46706e-005	GB: 8.46706e-005	Cor: 0.59	Pts: 55099
Particle (2):: Fit: 0.00113314	PB: 0.00113314	LB: 0.00113314	GB: 0.00113314	Cor: 0.51	Pts: 110099
Particle (3):: Fit: 0.000887945	PB: 0.000887945	LB: 0.00113314	GB: 0.00113314	Cor: 0.51	Pts: 55099
Particle (4):: Fit: 0.000109235	PB: 0.000109235	LB: 0.00113314	GB: 0.00113314	Cor: 0.51	Pts: 55099
Particle (5):: Fit: 9.28364e-005	PB: 9.28364e-005	LB: 0.00113314	GB: 0.00113314	Cor: 0.51	Pts: 55099
Particle (6):: Fit: 0.000103086	PB: 0.000103086	LB: 0.00113314	GB: 0.00113314	Cor: 0.51	Pts: 60099
Particle (7):: Fit: 9.89934e-005	PB: 9.89934e-005	LB: 0.000887945	GB: 0.00113314	Cor: 0.51	Pts: 55099
Particle (8):: Fit: 0.000113333	PB: 0.000113333	LB: 0.000113333	GB: 0.00113314	Cor: 0.51	Pts: 75099
Particle (9):: Fit: 0.000101259	PB: 0.000101259	LB: 0.000113333	GB: 0.00113314	Cor: 0.51	Pts: 55099
Particle (10):: Fit: 0.000113334	PB: 0.000113334	LB: 0.000113334	GB: 0.00113314	Cor: 0.51	Pts: 85099
Particle (11):: Fit: 0.000107185	PB: 0.000107185	LB: 0.000113334	GB: 0.00113314	Cor: 0.51	Pts: 55099
Particle (12):: Fit: 0.00107011	PB: 0.00107011	LB: 0.00107011	GB: 0.00113314	Cor: 0.51	Pts: 100099
Particle (13):: Fit: 9.48863e-005	PB: 9.48863e-005	LB: 0.00107011	GB: 0.00113314	Cor: 0.51	Pts: 55099
Particle (14):: Fit: 0.000107185	PB: 0.000107185	LB: 0.00107011	GB: 0.00113314	Cor: 0.51	Pts: 60099
Particle (15):: Fit: 0.00123597	PB: 0.00123597	LB: 0.00123597	GB: 0.00123597	Cor: 0.44	Pts: 110099
Particle (16):: Fit: 8.66949e-005	PB: 8.66949e-005	LB: 0.00123597	GB: 0.00123597	Cor: 0.44	Pts: 55099
Particle (17):: Fit: 7.02031e-005	PB: 7.02031e-005	LB: 0.00123597	GB: 0.00123597	Cor: 0.44	Pts: 55099
Particle (18):: Fit: 0.000101039	PB: 0.000101039	LB: 0.00123597	GB: 0.00123597	Cor: 0.44	Pts: 65099
Particle (19):: Fit: 0.000107185	PB: 0.000107185	LB: 0.00123597	GB: 0.00123597	Cor: 0.44	Pts: 70099
Particle (20):: Fit: 0.000101139	PB: 0.000101139	LB: 0.000107185	GB: 0.00123597	Cor: 0.44	Pts: 55099
Particle (21):: Fit: 8.67663e-005	PB: 8.67663e-005	LB: 0.000107185	GB: 0.00123597	Cor: 0.44	Pts: 55099
Particle (22):: Fit: 0.000107201	PB: 0.000107201	LB: 0.000107201	GB: 0.00123597	Cor: 0.44	Pts: 85099
Particle (23):: Fit: 8.2726e-005	PB: 8.2726e-005	LB: 0.000107201	GB: 0.00123597	Cor: 0.44	Pts: 55099
Particle (24):: Fit: 0.000105136	PB: 0.000105136	LB: 0.000107201	GB: 0.00123597	Cor: 0.44	Pts: 60099
Particle (25):: Fit: 9.48863e-005	PB: 9.48863e-005	LB: 0.000107201	GB: 0.00123597	Cor: 0.44	Pts: 55099
Particle (26):: Fit: 0.000109353	PB: 0.000109353	LB: 0.000109353	GB: 0.00123597	Cor: 0.44	Pts: 100099
Particle (27):: Fit: 0.000107187	PB: 0.000107187	LB: 0.000109353	GB: 0.00123597	Cor: 0.44	Pts: 55099
Particle (28):: Fit: 0.000115391	PB: 0.000115391	LB: 0.000115391	GB: 0.00123597	Cor: 0.44	Pts: 100099
Particle (29):: Fit: 0.000123583	PB: 0.000123583	LB: 0.000123583	GB: 0.00123597	Cor: 0.44	Pts: 100099
Particle (30):: Fit: 0.000111285	PB: 0.000111285	LB: 0.000123583	GB: 0.00123597	Cor: 0.44	Pts: 55099
Particle (31):: Fit: 0.000105136	PB: 0.000105136	LB: 0.000123583	GB: 0.00123597	Cor: 0.44	Pts: 55099
Particle (32):: Fit: 0.000111285	PB: 0.000111285	LB: 0.000123583	GB: 0.00123597	Cor: 0.44	Pts: 60099
Particle (33):: Fit: 0.000101036	PB: 0.000101036	LB: 0.000123583	GB: 0.00123597	Cor: 0.44	Pts: 55099
Particle (34):: Fit: 0.00113273	PB: 0.00113273	LB: 0.00113273	GB: 0.00123597	Cor: 0.44	Pts: 100099
Particle (35):: Fit: 0.000119483	PB: 0.000119483	LB: 0.00113273	GB: 0.00123597	Cor: 0.44	Pts: 55099
Particle (36):: Fit: 0.000125712	PB: 0.000125712	LB: 0.00113273	GB: 0.00123597	Cor: 0.44	Pts: 60099
Particle (37):: Fit: 0.000908091	PB: 0.000908091	LB: 0.00113273	GB: 0.00123597	Cor: 0.44	Pts: 65099
Particle (38):: Fit: 0.000949443	PB: 0.000949443	LB: 0.00113273	GB: 0.00123597	Cor: 0.44	Pts: 70099
Particle (39):: Fit: 0.000101036	PB: 0.000101036	LB: 0.000949443	GB: 0.00123597	Cor: 0.44	Pts: 55099
Particle (40):: Fit: 9.48863e-005	PB: 9.48863e-005	LB: 0.000949443	GB: 0.00123597	Cor: 0.44	Pts: 55099
Particle (41):: Fit: 8.87365e-005	PB: 8.87365e-005	LB: 0.000949443	GB: 0.00123597	Cor: 0.44	Pts: 55099
Particle (42):: Fit: 8.87365e-005	PB: 8.87365e-005	LB: 0.000949443	GB: 0.00123597	Cor: 0.44	Pts: 55099
Particle (43):: Fit: 0.00105097	PB: 0.00105097	LB: 0.00105097	GB: 0.00123597	Cor: 0.44	Pts: 90099
Particle (44):: Fit: 0.00105027	PB: 0.00105027	LB: 0.00105097	GB: 0.00123597	Cor: 0.44	Pts: 50099
Particle (45):: Fit: 8.25864e-005	PB: 8.25864e-005	LB: 0.00105097	GB: 0.00123597	Cor: 0.44	Pts: 50099
Particle (46):: Fit: 0.00011744	PB: 0.00011744	LB: 0.00105097	GB: 0.00123597	Cor: 0.44	Pts: 50099
Particle (47):: Fit: 9.28366e-005	PB: 9.28366e-005	LB: 0.00113314	GB: 0.00123597	Cor: 0.44	Pts: 50099
Particle (48):: Fit: 0.000105081	PB: 0.000105081	LB: 0.00113314	GB: 0.00123597	Cor: 0.44	Pts: 50099
Particle (49):: Fit: 0.000113344	PB: 0.000113344	LB: 0.00113314	GB: 0.00123597	Cor: 0.44	Pts: 50099
Global: 0.00123597 - Correct: 44% of 100 tests
Global Best: 
  Inner Net 1
  -- 1 : 1 = 0.2334
  -- 1 : 2 = 0.0137
  -- 1 : 3 = 0.7458
  -- 1 : 4 = 0.3864
  -- 1 : 5 = 0.8086
  -- 2 : 1 = 0.7369
  -- 2 : 2 = 0.6635
  -- 2 : 3 = 0.0086
  -- 2 : 4 = 0.629
  -- 2 : 5 = 0.5793
  -- 3 : 1 = 0.3626
  -- 3 : 2 = 0.078
  -- 3 : 3 = 0.8544
  -- 3 : 4 = 0.2107
  -- 3 : 5 = 0.0888
  -- 4 : 1 = 0.0279
  -- 4 : 2 = 0.7335
  -- 4 : 3 = 0.9565
  -- 4 : 4 = 0.5646
  -- 4 : 5 = 0.7669
  -- 5 : 1 = 0.0383
  -- 5 : 2 = 0.0127
  -- 5 : 3 = 0.4113
  -- 5 : 4 = 0.5655
  -- 5 : 5 = 0.7012
  -- 6 : 1 = 0.1762
  -- 6 : 2 = 0.9892
  -- 6 : 3 = 0.8823
  -- 6 : 4 = 0.1975
  -- 6 : 5 = 0.8736
  Inner Net 2
  -- 1 : 1 = -0.120724
  -- 1 : 2 = 0.2323
  -- 2 : 1 = 0.1134
  -- 2 : 2 = 0.0375
  -- 3 : 1 = -0.0028
  -- 3 : 2 = 0.1347
  -- 4 : 1 = -0.0772434
  -- 4 : 2 = 0.213
  -- 5 : 1 = 0.469
  -- 5 : 2 = 0.3496
Out\Act	False		True
False	0.84198	0	0.84198
True	0.15802	0	0.15802
	1	0
	Accuracy [ (tp + tn) / testSize ]: 0.84198
	Precision [ tp / (tp + fp) ]:      0
	Sensitivity [ tp / (tp + fn) ]:    0
	Specificity [ tn / (tn + fp) ]:    0.999435
	F-Score [ 2tp / (2tp + fp + fn) ]: 0
Particle (0):: Fit: 0.000123582	PB: 0.000123582	LB: 0.00113314	GB: 0.00123597	Cor: 0	Pts: 110198
Particle (1):: Fit: 9.41429e-006	PB: 9.41429e-006	LB: 0.00113314	GB: 0.00123597	Cor: 0	Pts: 55197
Particle (4):: Fit: 0.00121598	PB: 0.00121598	LB: 0.00121598	GB: 0.00123597	Cor: 0	Pts: 105198
Particle (5):: Fit: 0.000103086	PB: 0.000103086	LB: 0.00121598	GB: 0.00123597	Cor: 0	Pts: 55198
Particle (8):: Fit: 0.000117433	PB: 0.000117433	LB: 0.00121598	GB: 0.00123597	Cor: 0	Pts: 75198
Particle (9):: Fit: 0.00102743	PB: 0.00102743	LB: 0.00107011	GB: 0.00123597	Cor: 0	Pts: 55198
Particle (12):: Fit: 0.00119155	PB: 0.00119155	LB: 0.00123597	GB: 0.00123597	Cor: 0	Pts: 105198
Particle (14):: Fit: 0.000107233	PB: 0.000107233	LB: 0.00123597	GB: 0.00123597	Cor: 0	Pts: 60198
Particle (16):: Fit: 0.000127704	PB: 0.000127704	LB: 0.00123597	GB: 0.00123597	Cor: 0	Pts: 60198
Particle (18):: Fit: 0.000117436	PB: 0.000117436	LB: 0.00123597	GB: 0.00123597	Cor: 0	Pts: 75198
Particle (20):: Fit: 0.00110955	PB: 0.00110955	LB: 0.00110955	GB: 0.00123597	Cor: 0	Pts: 80198
Particle (21):: Fit: 9.29866e-005	PB: 9.29866e-005	LB: 0.00110955	GB: 0.00123597	Cor: 0	Pts: 55198
Particle (31):: Fit: 0.000111285	PB: 0.000111285	LB: 0.00113273	GB: 0.00123597	Cor: 0	Pts: 55198
Particle (32):: Fit: 0.000115384	PB: 0.000115384	LB: 0.00113273	GB: 0.00123597	Cor: 0	Pts: 60198
Particle (33):: Fit: 0.000105136	PB: 0.000105136	LB: 0.00113273	GB: 0.00123597	Cor: 0	Pts: 55198
Particle (39):: Fit: 0.000105135	PB: 0.000105135	LB: 0.00105097	GB: 0.00123597	Cor: 0	Pts: 55198
Particle (40):: Fit: 0.000101036	PB: 0.000101036	LB: 0.00105097	GB: 0.00123597	Cor: 0	Pts: 55198
Particle (41):: Fit: 0.000103086	PB: 0.000103086	LB: 0.00105097	GB: 0.00123597	Cor: 0	Pts: 55198
Particle (42):: Fit: 0.000101036	PB: 0.000101036	LB: 0.00105097	GB: 0.00123597	Cor: 0	Pts: 55198
Particle (44):: Fit: 0.00115302	PB: 0.00115302	LB: 0.00115302	GB: 0.00123597	Cor: 0	Pts: 100198
Particle (45):: Fit: 0.000113334	PB: 0.000113334	LB: 0.00115302	GB: 0.00123597	Cor: 0	Pts: 50198
Particle (47):: Fit: 0.000101036	PB: 0.000101036	LB: 0.00115302	GB: 0.00123597	Cor: 0	Pts: 50198
Particle (48):: Fit: 0.000115387	PB: 0.000115387	LB: 0.00115302	GB: 0.00123597	Cor: 0	Pts: 50198
Particle (1):: Fit: 0.000104157	PB: 0.000104157	LB: 0.00121598	GB: 0.00123597	Cor: 0	Pts: 55296
Particle (7):: Fit: 0.000107194	PB: 0.000107194	LB: 0.00121598	GB: 0.00123597	Cor: 0	Pts: 55196
Particle (9):: Fit: 0.0013391	PB: 0.0013391	LB: 0.0013391	GB: 0.0013391	Cor: 0.47	Pts: 115297
Particle (11):: Fit: 0.000115384	PB: 0.000115384	LB: 0.0013391	GB: 0.0013391	Cor: 0.47	Pts: 55197
Particle (17):: Fit: 7.82888e-005	PB: 7.82888e-005	LB: 0.00123597	GB: 0.0013391	Cor: 0.47	Pts: 55197
Particle (19):: Fit: 0.000123583	PB: 0.000123583	LB: 0.00123597	GB: 0.0013391	Cor: 0.47	Pts: 70197
Particle (20):: Fit: 0.00117297	PB: 0.00117297	LB: 0.00117297	GB: 0.0013391	Cor: 0.47	Pts: 105297
Particle (24):: Fit: 0.000107186	PB: 0.000107186	LB: 0.00117297	GB: 0.0013391	Cor: 0.47	Pts: 60197
Particle (25):: Fit: 0.000111285	PB: 0.000111285	LB: 0.000123583	GB: 0.0013391	Cor: 0.47	Pts: 55197
Particle (27):: Fit: 0.000113344	PB: 0.000113344	LB: 0.000123583	GB: 0.0013391	Cor: 0.47	Pts: 55197
Particle (33):: Fit: 0.000107185	PB: 0.000107185	LB: 0.00113273	GB: 0.0013391	Cor: 0.47	Pts: 55297
Particle (40):: Fit: 0.00010105	PB: 0.00010105	LB: 0.00115302	GB: 0.0013391	Cor: 0.47	Pts: 55297
Particle (42):: Fit: 0.000107185	PB: 0.000107185	LB: 0.00115302	GB: 0.0013391	Cor: 0.47	Pts: 55297
Particle (47):: Fit: 0.00113397	PB: 0.00113397	LB: 0.00115302	GB: 0.0013391	Cor: 0.47	Pts: 50297
Particle (48):: Fit: 0.001295	PB: 0.001295	LB: 0.001295	GB: 0.0013391	Cor: 0.47	Pts: 100297
Global: 0.0013391 - Correct: 47% of 100 tests
Global Best: 
  Inner Net 1
  -- 1 : 1 = 0.126
  -- 1 : 2 = 0.3802
  -- 1 : 3 = 0.3568
  -- 1 : 4 = 0.0442
  -- 1 : 5 = 0.8349
  -- 2 : 1 = 0.2434
  -- 2 : 2 = 0.1094
  -- 2 : 3 = 0.5747
  -- 2 : 4 = 0.2298
  -- 2 : 5 = 0.2124
  -- 3 : 1 = 0.7747
  -- 3 : 2 = 0.9654
  -- 3 : 3 = 0.1124
  -- 3 : 4 = 0.2036
  -- 3 : 5 = 0.1978
  -- 4 : 1 = 0.3961
  -- 4 : 2 = 0.4361
  -- 4 : 3 = 0.5793
  -- 4 : 4 = 0.0483
  -- 4 : 5 = 0.0737
  -- 5 : 1 = 0.5077
  -- 5 : 2 = 0.0588
  -- 5 : 3 = 0.056
  -- 5 : 4 = 0.721
  -- 5 : 5 = 0.4009
  -- 6 : 1 = 0.7191
  -- 6 : 2 = 0.352
  -- 6 : 3 = 0.8999
  -- 6 : 4 = 0.0954
  -- 6 : 5 = 0.4316
  Inner Net 2
  -- 1 : 1 = -0.178562
  -- 1 : 2 = 0.0779565
  -- 2 : 1 = -0.325695
  -- 2 : 2 = 0.106463
  -- 3 : 1 = -0.105986
  -- 3 : 2 = 0.151383
  -- 4 : 1 = -0.111362
  -- 4 : 2 = 0.0589927
  -- 5 : 1 = 0.254529
  -- 5 : 2 = -0.0153352
Out\Act	False		True
False	0.84198	0	0.84198
True	0.15802	0	0.15802
	1	0
	Accuracy [ (tp + tn) / testSize ]: 0.84198
	Precision [ tp / (tp + fp) ]:      0
	Sensitivity [ tp / (tp + fn) ]:    0
	Specificity [ tn / (tn + fp) ]:    0.999435
	F-Score [ 2tp / (2tp + fp + fn) ]: 0
Particle (5):: Fit: 0.000109235	PB: 0.000109235	LB: 0.0013391	GB: 0.0013391	Cor: 0	Pts: 55296
Particle (8):: Fit: 0.00111306	PB: 0.00111306	LB: 0.0013391	GB: 0.0013391	Cor: 0	Pts: 75296
Particle (13):: Fit: 9.69362e-005	PB: 9.69362e-005	LB: 0.0013391	GB: 0.0013391	Cor: 0	Pts: 55196
Particle (14):: Fit: 0.00101097	PB: 0.00101097	LB: 0.00123597	GB: 0.0013391	Cor: 0	Pts: 60296
Particle (21):: Fit: 9.50432e-005	PB: 9.50432e-005	LB: 0.00117297	GB: 0.0013391	Cor: 0	Pts: 55296
Particle (23):: Fit: 0.00096996	PB: 0.00096996	LB: 0.00117297	GB: 0.0013391	Cor: 0	Pts: 70196
Particle (26):: Fit: 0.00117315	PB: 0.00117315	LB: 0.00117315	GB: 0.0013391	Cor: 0	Pts: 150196
Particle (31):: Fit: 0.000117434	PB: 0.000117434	LB: 0.00113273	GB: 0.0013391	Cor: 0	Pts: 55296
Particle (40):: Fit: 0.000115402	PB: 0.000115402	LB: 0.00115302	GB: 0.0013391	Cor: 0	Pts: 55396
Particle (41):: Fit: 0.000105136	PB: 0.000105136	LB: 0.00115302	GB: 0.0013391	Cor: 0	Pts: 55296
Particle (46):: Fit: 0.00115377	PB: 0.00115377	LB: 0.001295	GB: 0.0013391	Cor: 0	Pts: 60196
Particle (1):: Fit: 0.000106157	PB: 0.000106157	LB: 0.001295	GB: 0.0013391	Cor: 0	Pts: 55394
Particle (13):: Fit: 0.000101036	PB: 0.000101036	LB: 0.0013391	GB: 0.0013391	Cor: 0	Pts: 55295
Particle (17):: Fit: 9.48893e-005	PB: 9.48893e-005	LB: 0.00123597	GB: 0.0013391	Cor: 0	Pts: 55295
Particle (21):: Fit: 0.000103088	PB: 0.000103088	LB: 0.00117315	GB: 0.0013391	Cor: 0	Pts: 55395
Particle (25):: Fit: 0.000119483	PB: 0.000119483	LB: 0.00117315	GB: 0.0013391	Cor: 0	Pts: 55295
Particle (37):: Fit: 0.00111312	PB: 0.00111312	LB: 0.00113273	GB: 0.0013391	Cor: 0	Pts: 65195
Particle (40):: Fit: 0.00013588	PB: 0.00013588	LB: 0.00115302	GB: 0.0013391	Cor: 0	Pts: 55495
Particle (44):: Fit: 0.00119499	PB: 0.00119499	LB: 0.001295	GB: 0.0013391	Cor: 0	Pts: 120295
Particle (49):: Fit: 0.000123595	PB: 0.000123595	LB: 0.001295	GB: 0.0013391	Cor: 0	Pts: 50194
Particle (0):: Fit: 0.00103109	PB: 0.00103109	LB: 0.001295	GB: 0.0013391	Cor: 0	Pts: 110294
Particle (7):: Fit: 0.000108186	PB: 0.000108186	LB: 0.0013391	GB: 0.0013391	Cor: 0	Pts: 55292
Particle (13):: Fit: 0.000107185	PB: 0.000107185	LB: 0.0013391	GB: 0.0013391	Cor: 0	Pts: 55394
Particle (20):: Fit: 0.00117342	PB: 0.00117342	LB: 0.00117342	GB: 0.0013391	Cor: 0	Pts: 130394
Particle (28):: Fit: 0.000117443	PB: 0.000117443	LB: 0.00117315	GB: 0.0013391	Cor: 0	Pts: 100194
Particle (39):: Fit: 0.000111285	PB: 0.000111285	LB: 0.00119499	GB: 0.0013391	Cor: 0	Pts: 55294
Particle (5):: Fit: 0.000123583	PB: 0.000123583	LB: 0.0013391	GB: 0.0013391	Cor: 0	Pts: 55393
Particle (6):: Fit: 0.000117434	PB: 0.000117434	LB: 0.0013391	GB: 0.0013391	Cor: 0	Pts: 60193
Particle (7):: Fit: 0.000111615	PB: 0.000111615	LB: 0.0013391	GB: 0.0013391	Cor: 0	Pts: 55391
Particle (11):: Fit: 0.000123583	PB: 0.000123583	LB: 0.0013391	GB: 0.0013391	Cor: 0	Pts: 55293
Particle (13):: Fit: 0.000111285	PB: 0.000111285	LB: 0.0013391	GB: 0.0013391	Cor: 0	Pts: 55493
Particle (17):: Fit: 0.00010514	PB: 0.00010514	LB: 0.00123597	GB: 0.0013391	Cor: 0	Pts: 55393
Particle (20):: Fit: 0.00127722	PB: 0.00127722	LB: 0.00127722	GB: 0.0013391	Cor: 0	Pts: 180493
Particle (33):: Fit: 0.000115384	PB: 0.000115384	LB: 0.00113273	GB: 0.0013391	Cor: 0	Pts: 55393
Particle (36):: Fit: 0.00100989	PB: 0.00100989	LB: 0.00113273	GB: 0.0013391	Cor: 0	Pts: 60193
Particle (37):: Fit: 0.00113401	PB: 0.00113401	LB: 0.00113401	GB: 0.0013391	Cor: 0	Pts: 100293
Particle (39):: Fit: 0.000121533	PB: 0.000121533	LB: 0.00119499	GB: 0.0013391	Cor: 0	Pts: 55393
Particle (41):: Fit: 0.000115384	PB: 0.000115384	LB: 0.00119499	GB: 0.0013391	Cor: 0	Pts: 55393
Particle (48):: Fit: 0.00140006	PB: 0.00140006	LB: 0.00140006	GB: 0.00140006	Cor: 0.45	Pts: 160393
Global: 0.00140006 - Correct: 45% of 100 tests
Global Best: 
  Inner Net 1
  -- 1 : 1 = 0.8664
  -- 1 : 2 = 0.7458
  -- 1 : 3 = 0.3527
  -- 1 : 4 = 0.0059
  -- 1 : 5 = 0.8038
  -- 2 : 1 = 0.3008
  -- 2 : 2 = 0.6703
  -- 2 : 3 = 0.4046
  -- 2 : 4 = 0.5308
  -- 2 : 5 = 0.8463
  -- 3 : 1 = 0.0901
  -- 3 : 2 = 0.1634
  -- 3 : 3 = 0.9322
  -- 3 : 4 = 0.0713
  -- 3 : 5 = 0.089
  -- 4 : 1 = 0.9482
  -- 4 : 2 = 0.4053
  -- 4 : 3 = 0.2097
  -- 4 : 4 = 0.9608
  -- 4 : 5 = 0.0562
  -- 5 : 1 = 0.9449
  -- 5 : 2 = 0.3457
  -- 5 : 3 = 0.0365
  -- 5 : 4 = 0.8721
  -- 5 : 5 = 0.7327
  -- 6 : 1 = 0.7348
  -- 6 : 2 = 0.2795
  -- 6 : 3 = 0.7233
  -- 6 : 4 = 0.558
  -- 6 : 5 = 0.8421
  Inner Net 2
  -- 1 : 1 = -0.234423
  -- 1 : 2 = -0.0966127
  -- 2 : 1 = 0.141203
  -- 2 : 2 = 0.17203
  -- 3 : 1 = -0.343221
  -- 3 : 2 = -0.127783
  -- 4 : 1 = -0.52919
  -- 4 : 2 = -0.204124
  -- 5 : 1 = 0.0786217
  -- 5 : 2 = -0.133671
Out\Act	False		True
False	0.84198	0	0.84198
True	0.15802	0	0.15802
	1	0
	Accuracy [ (tp + tn) / testSize ]: 0.84198
	Precision [ tp / (tp + fp) ]:      0
	Sensitivity [ tp / (tp + fn) ]:    0
	Specificity [ tn / (tn + fp) ]:    0.999435
	F-Score [ 2tp / (2tp + fp + fn) ]: 0
Particle (2):: Fit: 0.00129805	PB: 0.00129805	LB: 0.00140006	GB: 0.00140006	Cor: 0	Pts: 115192
Particle (42):: Fit: 0.000117434	PB: 0.000117434	LB: 0.00119499	GB: 0.00140006	Cor: 0	Pts: 55392
Particle (43):: Fit: 0.00107092	PB: 0.00107092	LB: 0.00140006	GB: 0.00140006	Cor: 0	Pts: 90192
Particle (24):: Fit: 0.000127682	PB: 0.000127682	LB: 0.00127722	GB: 0.00140006	Cor: 0	Pts: 60291
Particle (26):: Fit: 0.00127642	PB: 0.00127642	LB: 0.00127642	GB: 0.00140006	Cor: 0	Pts: 180291
Particle (43):: Fit: 0.00127746	PB: 0.00127746	LB: 0.00140006	GB: 0.00140006	Cor: 0	Pts: 115291
Particle (0):: Fit: 0.00115447	PB: 0.00115447	LB: 0.00140006	GB: 0.00140006	Cor: 0	Pts: 110390
Particle (13):: Fit: 0.000117434	PB: 0.000117434	LB: 0.0013391	GB: 0.00140006	Cor: 0	Pts: 55590
Particle (30):: Fit: 0.000121533	PB: 0.000121533	LB: 0.00127642	GB: 0.00140006	Cor: 0	Pts: 55190
Particle (1):: Fit: 0.000131796	PB: 0.000131796	LB: 0.00140006	GB: 0.00140006	Cor: 0	Pts: 55486
Particle (17):: Fit: 0.000111289	PB: 0.000111289	LB: 0.00127722	GB: 0.00140006	Cor: 0	Pts: 55489
Particle (22):: Fit: 0.000109251	PB: 0.000109251	LB: 0.00127722	GB: 0.00140006	Cor: 0	Pts: 85189
Particle (34):: Fit: 0.00113365	PB: 0.00113365	LB: 0.00113401	GB: 0.00140006	Cor: 0	Pts: 105189
Particle (44):: Fit: 0.00125504	PB: 0.00125504	LB: 0.00140006	GB: 0.00140006	Cor: 0	Pts: 120389
Particle (10):: Fit: 0.000119483	PB: 0.000119483	LB: 0.0013391	GB: 0.00140006	Cor: 0	Pts: 85188
Particle (22):: Fit: 0.000109287	PB: 0.000109287	LB: 0.00127722	GB: 0.00140006	Cor: 0	Pts: 85288
Particle (31):: Fit: 0.000127682	PB: 0.000127682	LB: 0.00113365	GB: 0.00140006	Cor: 0	Pts: 55388
Particle (44):: Fit: 0.00129716	PB: 0.00129716	LB: 0.00140006	GB: 0.00140006	Cor: 0	Pts: 140488
Particle (46):: Fit: 0.00121446	PB: 0.00121446	LB: 0.00140006	GB: 0.00140006	Cor: 0	Pts: 60288
Particle (33):: Fit: 0.000969945	PB: 0.000969945	LB: 0.00113401	GB: 0.00140006	Cor: 0	Pts: 55487
Particle (21):: Fit: 0.000109236	PB: 0.000109236	LB: 0.00127722	GB: 0.00140006	Cor: 0	Pts: 55486
Particle (22):: Fit: 0.000111285	PB: 0.000111285	LB: 0.00127722	GB: 0.00140006	Cor: 0	Pts: 85386
Particle (27):: Fit: 0.000114167	PB: 0.000114167	LB: 0.00127642	GB: 0.00140006	Cor: 0	Pts: 55283
Particle (7):: Fit: 0.000112167	PB: 0.000112167	LB: 0.0013391	GB: 0.00140006	Cor: 0	Pts: 55481
Particle (8):: Fit: 0.00113242	PB: 0.00113242	LB: 0.0013391	GB: 0.00140006	Cor: 0	Pts: 75385
Particle (13):: Fit: 0.000123583	PB: 0.000123583	LB: 0.0013391	GB: 0.00140006	Cor: 0	Pts: 55685
Particle (32):: Fit: 0.000117434	PB: 0.000117434	LB: 0.00113401	GB: 0.00140006	Cor: 0	Pts: 60285
Particle (36):: Fit: 0.00117488	PB: 0.00117488	LB: 0.00117488	GB: 0.00140006	Cor: 0	Pts: 95285
Particle (45):: Fit: 0.000115384	PB: 0.000115384	LB: 0.00140006	GB: 0.00140006	Cor: 0	Pts: 50285
Particle (22):: Fit: 0.00011337	PB: 0.00011337	LB: 0.00127722	GB: 0.00140006	Cor: 0	Pts: 85484
Particle (35):: Fit: 0.000121533	PB: 0.000121533	LB: 0.00117488	GB: 0.00140006	Cor: 0	Pts: 55184
Particle (6):: Fit: 0.000121533	PB: 0.000121533	LB: 0.0013391	GB: 0.00140006	Cor: 0	Pts: 60283
Particle (16):: Fit: 0.00115447	PB: 0.00115447	LB: 0.00127722	GB: 0.00140006	Cor: 0	Pts: 60283
Particle (0):: Fit: 0.00125699	PB: 0.00125699	LB: 0.00140006	GB: 0.00140006	Cor: 0	Pts: 110482
Particle (24):: Fit: 0.000990449	PB: 0.000990449	LB: 0.00127722	GB: 0.00140006	Cor: 0	Pts: 60382
Particle (27):: Fit: 0.000116169	PB: 0.000116169	LB: 0.00127642	GB: 0.00140006	Cor: 0	Pts: 55379
Particle (3):: Fit: 0.00113414	PB: 0.00113414	LB: 0.00129805	GB: 0.00140006	Cor: 0	Pts: 55181
Particle (5):: Fit: 0.00105196	PB: 0.00105196	LB: 0.0013391	GB: 0.00140006	Cor: 0	Pts: 55481
Particle (17):: Fit: 0.00086526	PB: 0.00086526	LB: 0.00127722	GB: 0.00140006	Cor: 0	Pts: 55580
Particle (21):: Fit: 0.000115388	PB: 0.000115388	LB: 0.00127722	GB: 0.00140006	Cor: 0	Pts: 55580
Particle (34):: Fit: 0.00115419	PB: 0.00115419	LB: 0.00117488	GB: 0.00140006	Cor: 0	Pts: 105280
Particle (43):: Fit: 0.00129754	PB: 0.00129754	LB: 0.00140006	GB: 0.00140006	Cor: 0	Pts: 140380
Particle (25):: Fit: 0.000127682	PB: 0.000127682	LB: 0.00127642	GB: 0.00140006	Cor: 0	Pts: 55379
Particle (27):: Fit: 0.000116172	PB: 0.000116172	LB: 0.00127642	GB: 0.00140006	Cor: 0	Pts: 55476
Particle (35):: Fit: 0.000123583	PB: 0.000123583	LB: 0.00117488	GB: 0.00140006	Cor: 0	Pts: 55279
Particle (8):: Fit: 0.00123618	PB: 0.00123618	LB: 0.0013391	GB: 0.00140006	Cor: 0	Pts: 75478
Particle (14):: Fit: 0.00107239	PB: 0.00107239	LB: 0.00123597	GB: 0.00140006	Cor: 0	Pts: 60378
Particle (47):: Fit: 0.00127747	PB: 0.00127747	LB: 0.00140006	GB: 0.00140006	Cor: 0	Pts: 50378
Particle (12):: Fit: 0.00119467	PB: 0.00119467	LB: 0.0013391	GB: 0.00140006	Cor: 0	Pts: 105277
Particle (9):: Fit: 0.13814	PB: 0.13814	LB: 0.13814	GB: 0.13814	Cor: 0.4	Pts: 175375
Particle (15):: Fit: 0.00129599	PB: 0.00129599	LB: 0.00129599	GB: 0.13814	Cor: 0.4	Pts: 140175
Particle (45):: Fit: 0.000117434	PB: 0.000117434	LB: 0.00140006	GB: 0.13814	Cor: 0.4	Pts: 50375
Global: 0.13814 - Correct: 40% of 100 tests
Global Best: 
  Inner Net 1
  -- 1 : 1 = 0.126
  -- 1 : 2 = 0.3802
  -- 1 : 3 = 0.3568
  -- 1 : 4 = 0.0442
  -- 1 : 5 = 0.8349
  -- 2 : 1 = 0.2434
  -- 2 : 2 = 0.1094
  -- 2 : 3 = 0.5747
  -- 2 : 4 = 0.2298
  -- 2 : 5 = 0.2124
  -- 3 : 1 = 0.7747
  -- 3 : 2 = 0.9654
  -- 3 : 3 = 0.1124
  -- 3 : 4 = 0.2036
  -- 3 : 5 = 0.1978
  -- 4 : 1 = 0.3961
  -- 4 : 2 = 0.4361
  -- 4 : 3 = 0.5793
  -- 4 : 4 = 0.0483
  -- 4 : 5 = 0.0737
  -- 5 : 1 = 0.5077
  -- 5 : 2 = 0.0588
  -- 5 : 3 = 0.056
  -- 5 : 4 = 0.721
  -- 5 : 5 = 0.4009
  -- 6 : 1 = 0.7191
  -- 6 : 2 = 0.352
  -- 6 : 3 = 0.8999
  -- 6 : 4 = 0.0954
  -- 6 : 5 = 0.4316
  Inner Net 2
  -- 1 : 1 = -0.183336
  -- 1 : 2 = -0.0823391
  -- 2 : 1 = -0.708719
  -- 2 : 2 = 0.00587687
  -- 3 : 1 = -0.197032
  -- 3 : 2 = -0.113755
  -- 4 : 1 = -0.217894
  -- 4 : 2 = -0.193946
  -- 5 : 1 = 0.0680137
  -- 5 : 2 = -0.120266
Out\Act	False		True
False	0.84198	0	0.84198
True	0.15802	0	0.15802
	1	0
	Accuracy [ (tp + tn) / testSize ]: 0.84198
	Precision [ tp / (tp + fp) ]:      0
	Sensitivity [ tp / (tp + fn) ]:    0
	Specificity [ tn / (tn + fp) ]:    0.999435
	F-Score [ 2tp / (2tp + fp + fn) ]: 0
Particle (12):: Fit: 0.00123466	PB: 0.00123466	LB: 0.13814	GB: 0.13814	Cor: 0	Pts: 105373
Particle (18):: Fit: 0.000121537	PB: 0.000121537	LB: 0.00129599	GB: 0.13814	Cor: 0	Pts: 75273
Particle (39):: Fit: 0.00013588	PB: 0.00013588	LB: 0.00129754	GB: 0.13814	Cor: 0	Pts: 55473
Particle (24):: Fit: 0.00109296	PB: 0.00109296	LB: 0.00127722	GB: 0.13814	Cor: 0	Pts: 60472
Particle (34):: Fit: 0.00125614	PB: 0.00125614	LB: 0.00125614	GB: 0.13814	Cor: 0	Pts: 140372
Particle (28):: Fit: 0.000119492	PB: 0.000119492	LB: 0.00127642	GB: 0.13814	Cor: 0	Pts: 100271
Particle (43):: Fit: 0.00133834	PB: 0.00133834	LB: 0.00140006	GB: 0.13814	Cor: 0	Pts: 165471
Particle (46):: Fit: 0.00123737	PB: 0.00123737	LB: 0.00140006	GB: 0.13814	Cor: 0	Pts: 60371
Particle (37):: Fit: 0.00113406	PB: 0.00113406	LB: 0.00125614	GB: 0.13814	Cor: 0	Pts: 100368
Particle (39):: Fit: 0.00123648	PB: 0.00123648	LB: 0.00133834	GB: 0.13814	Cor: 0	Pts: 55568
Particle (7):: Fit: 0.000122184	PB: 0.000122184	LB: 0.13814	GB: 0.13814	Cor: 0	Pts: 55556
Particle (28):: Fit: 0.000125641	PB: 0.000125641	LB: 0.00127642	GB: 0.13814	Cor: 0	Pts: 100367
Particle (40):: Fit: 0.00113397	PB: 0.00113397	LB: 0.00133834	GB: 0.13814	Cor: 0	Pts: 55567
Particle (18):: Fit: 0.00113399	PB: 0.00113399	LB: 0.00129599	GB: 0.13814	Cor: 0	Pts: 75366
Particle (21):: Fit: 0.000117436	PB: 0.000117436	LB: 0.00127722	GB: 0.13814	Cor: 0	Pts: 55666
Particle (22):: Fit: 0.000125632	PB: 0.000125632	LB: 0.00127722	GB: 0.13814	Cor: 0	Pts: 85566
Particle (34):: Fit: 0.0012562	PB: 0.0012562	LB: 0.0012562	GB: 0.13814	Cor: 0	Pts: 175466
Particle (4):: Fit: 0.00125691	PB: 0.00125691	LB: 0.13814	GB: 0.13814	Cor: 0	Pts: 105263
Particle (15):: Fit: 0.00135852	PB: 0.00135852	LB: 0.00135852	GB: 0.13814	Cor: 0	Pts: 170263
Particle (26):: Fit: 0.00127647	PB: 0.00127647	LB: 0.00127647	GB: 0.13814	Cor: 0	Pts: 210363
Particle (49):: Fit: 0.000124182	PB: 0.000124182	LB: 0.00140006	GB: 0.13814	Cor: 0	Pts: 50255
Particle (42):: Fit: 0.000123583	PB: 0.000123583	LB: 0.00133834	GB: 0.13814	Cor: 0	Pts: 55460
Particle (38):: Fit: 0.00105195	PB: 0.00105195	LB: 0.00133834	GB: 0.13814	Cor: 0	Pts: 70159
Particle (10):: Fit: 0.000131781	PB: 0.000131781	LB: 0.13814	GB: 0.13814	Cor: 0	Pts: 85258
Particle (41):: Fit: 0.000127682	PB: 0.000127682	LB: 0.00133834	GB: 0.13814	Cor: 0	Pts: 55458
Particle (13):: Fit: 0.000969945	PB: 0.000969945	LB: 0.13814	GB: 0.13814	Cor: 0	Pts: 55757
Particle (14):: Fit: 0.00115453	PB: 0.00115453	LB: 0.00135852	GB: 0.13814	Cor: 0	Pts: 60457
Particle (48):: Fit: 0.0128167	PB: 0.0128167	LB: 0.0128167	GB: 0.13814	Cor: 0	Pts: 210457
Particle (3):: Fit: 0.00123581	PB: 0.00123581	LB: 0.00129805	GB: 0.13814	Cor: 0	Pts: 55252
Particle (0):: Fit: 0.001298	PB: 0.001298	LB: 0.0128167	GB: 0.13814	Cor: 0	Pts: 110553
Particle (7):: Fit: 0.00113399	PB: 0.00113399	LB: 0.13814	GB: 0.13814	Cor: 0	Pts: 55639
Particle (34):: Fit: 0.00131796	PB: 0.00131796	LB: 0.00131796	GB: 0.13814	Cor: 0	Pts: 220553
Particle (21):: Fit: 0.000117437	PB: 0.000117437	LB: 0.00127722	GB: 0.13814	Cor: 0	Pts: 55751
Particle (24):: Fit: 0.00113397	PB: 0.00113397	LB: 0.00127722	GB: 0.13814	Cor: 0	Pts: 60551
Particle (30):: Fit: 0.000137929	PB: 0.000137929	LB: 0.00131796	GB: 0.13814	Cor: 0	Pts: 55251
Particle (15):: Fit: 0.00135852	PB: 0.00135852	LB: 0.00135852	GB: 0.13814	Cor: 0	Pts: 200348
Particle (12):: Fit: 0.00133594	PB: 0.00133594	LB: 0.13814	GB: 0.13814	Cor: 0	Pts: 105447
Particle (45):: Fit: 0.000119483	PB: 0.000119483	LB: 0.0128167	GB: 0.13814	Cor: 0	Pts: 50447
Particle (45):: Fit: 0.000121533	PB: 0.000121533	LB: 0.0128167	GB: 0.13814	Cor: 0	Pts: 50544
Particle (27):: Fit: 0.000122179	PB: 0.000122179	LB: 0.00127647	GB: 0.13814	Cor: 0	Pts: 55532
Particle (25):: Fit: 0.000129731	PB: 0.000129731	LB: 0.00127647	GB: 0.13814	Cor: 0	Pts: 55440
Particle (22):: Fit: 0.00107246	PB: 0.00107246	LB: 0.00127722	GB: 0.13814	Cor: 0	Pts: 85639
Particle (46):: Fit: 0.00127612	PB: 0.00127612	LB: 0.0128167	GB: 0.13814	Cor: 0	Pts: 60439
Particle (32):: Fit: 0.000121533	PB: 0.000121533	LB: 0.00131796	GB: 0.13814	Cor: 0	Pts: 60338
Particle (48):: Fit: 145.939	PB: 145.939	LB: 145.939	GB: 145.939	Cor: 0.51	Pts: 270538
Global: 145.939 - Correct: 51% of 100 tests
Global Best: 
  Inner Net 1
  -- 1 : 1 = 0.8664
  -- 1 : 2 = 0.7458
  -- 1 : 3 = 0.3527
  -- 1 : 4 = 0.0059
  -- 1 : 5 = 0.8038
  -- 2 : 1 = 0.3008
  -- 2 : 2 = 0.6703
  -- 2 : 3 = 0.4046
  -- 2 : 4 = 0.5308
  -- 2 : 5 = 0.8463
  -- 3 : 1 = 0.0901
  -- 3 : 2 = 0.1634
  -- 3 : 3 = 0.9322
  -- 3 : 4 = 0.0713
  -- 3 : 5 = 0.089
  -- 4 : 1 = 0.9482
  -- 4 : 2 = 0.4053
  -- 4 : 3 = 0.2097
  -- 4 : 4 = 0.9608
  -- 4 : 5 = 0.0562
  -- 5 : 1 = 0.9449
  -- 5 : 2 = 0.3457
  -- 5 : 3 = 0.0365
  -- 5 : 4 = 0.8721
  -- 5 : 5 = 0.7327
  -- 6 : 1 = 0.7348
  -- 6 : 2 = 0.2795
  -- 6 : 3 = 0.7233
  -- 6 : 4 = 0.558
  -- 6 : 5 = 0.8421
  Inner Net 2
  -- 1 : 1 = 0.0296725
  -- 1 : 2 = 0.202558
  -- 2 : 1 = 0.0649453
  -- 2 : 2 = 0.20034
  -- 3 : 1 = -0.431194
  -- 3 : 2 = -0.0652424
  -- 4 : 1 = -0.88215
  -- 4 : 2 = 0.00673276
  -- 5 : 1 = 0.0269304
  -- 5 : 2 = 0.0607947
Out\Act	False		True
False	0.841504	0.000475964	0.84198
True	0.157544	0.000475964	0.15802
	0.999048	0.000951928
	Accuracy [ (tp + tn) / testSize ]: 0.84198
	Precision [ tp / (tp + fp) ]:      0.333333
	Sensitivity [ tp / (tp + fn) ]:    0.003003
	Specificity [ tn / (tn + fp) ]:    0.99887
	F-Score [ 2tp / (2tp + fp + fn) ]: 0.00597015
Particle (37):: Fit: 0.00115458	PB: 0.00115458	LB: 0.00131796	GB: 145.939	Cor: 0	Pts: 100435
Particle (36):: Fit: 0.00119496	PB: 0.00119496	LB: 0.00131796	GB: 145.939	Cor: 0	Pts: 95334
Particle (5):: Fit: 0.00105199	PB: 0.00105199	LB: 0.13814	GB: 145.939	Cor: 0	Pts: 55533
Particle (8):: Fit: 0.00135956	PB: 0.00135956	LB: 0.13814	GB: 145.939	Cor: 0	Pts: 80533
Particle (21):: Fit: 0.00115449	PB: 0.00115449	LB: 0.00127722	GB: 145.939	Cor: 0	Pts: 55833
Particle (26):: Fit: 0.00129536	PB: 0.00129536	LB: 0.00129536	GB: 145.939	Cor: 0	Pts: 250432
Particle (37):: Fit: 0.00129809	PB: 0.00129809	LB: 0.00131796	GB: 145.939	Cor: 0	Pts: 100528
Particle (24):: Fit: 0.00121597	PB: 0.00121597	LB: 0.00129536	GB: 145.939	Cor: 0	Pts: 60627
Particle (33):: Fit: 0.00115447	PB: 0.00115447	LB: 0.00131796	GB: 145.939	Cor: 0	Pts: 55527
Particle (36):: Fit: 0.00119512	PB: 0.00119512	LB: 0.00131796	GB: 145.939	Cor: 0	Pts: 95424
Particle (22):: Fit: 0.00113397	PB: 0.00113397	LB: 0.00129536	GB: 145.939	Cor: 0	Pts: 85723
Particle (26):: Fit: 0.00135706	PB: 0.00135706	LB: 0.00135706	GB: 145.939	Cor: 0	Pts: 300519
Particle (32):: Fit: 0.000123583	PB: 0.000123583	LB: 0.00131796	GB: 145.939	Cor: 0	Pts: 60417
Particle (5):: Fit: 0.00115447	PB: 0.00115447	LB: 0.13814	GB: 145.939	Cor: 0	Pts: 55616
Particle (13):: Fit: 0.00103145	PB: 0.00103145	LB: 0.13814	GB: 145.939	Cor: 0	Pts: 55816
Particle (29):: Fit: 0.000139979	PB: 0.000139979	LB: 0.00135706	GB: 145.939	Cor: 0	Pts: 100113
Particle (46):: Fit: 0.00131438	PB: 0.00131438	LB: 145.939	GB: 145.939	Cor: 0	Pts: 60513
Particle (11):: Fit: 0.000127682	PB: 0.000127682	LB: 0.13814	GB: 145.939	Cor: 0	Pts: 55307
Particle (36):: Fit: 0.00121539	PB: 0.00121539	LB: 0.00131796	GB: 145.939	Cor: 0	Pts: 95506
Particle (15):: Fit: 0.00142095	PB: 0.00142095	LB: 0.00142095	GB: 145.939	Cor: 0	Pts: 230405
Particle (5):: Fit: 0.00115447	PB: 0.00115447	LB: 0.13814	GB: 145.939	Cor: 0	Pts: 55703
Particle (11):: Fit: 0.000129731	PB: 0.000129731	LB: 0.13814	GB: 145.939	Cor: 0	Pts: 55402
Particle (25):: Fit: 0.00013588	PB: 0.00013588	LB: 0.00135706	GB: 145.939	Cor: 0	Pts: 55502
Particle (33):: Fit: 0.00121597	PB: 0.00121597	LB: 0.00131796	GB: 145.939	Cor: 0	Pts: 55601
Particle (25):: Fit: 0.00115626	PB: 0.00115626	LB: 0.00135706	GB: 145.939	Cor: 0	Pts: 55598
Particle (39):: Fit: 0.00129737	PB: 0.00129737	LB: 0.00133834	GB: 145.939	Cor: 0	Pts: 55598
Particle (14):: Fit: 0.0124629	PB: 0.0124629	LB: 0.0124629	GB: 145.939	Cor: 0	Pts: 85497
Particle (16):: Fit: 0.00125651	PB: 0.00125651	LB: 0.0124629	GB: 145.939	Cor: 0	Pts: 60297
Particle (19):: Fit: 0.000990515	PB: 0.000990515	LB: 0.00142095	GB: 145.939	Cor: 0	Pts: 70197
Particle (27):: Fit: 0.000903403	PB: 0.000903403	LB: 0.00135706	GB: 145.939	Cor: 0	Pts: 55575
Particle (47):: Fit: 0.0109942	PB: 0.0109942	LB: 145.939	GB: 145.939	Cor: 0	Pts: 55397
Particle (6):: Fit: 0.00121279	PB: 0.00121279	LB: 0.13814	GB: 145.939	Cor: 0	Pts: 60295
Particle (13):: Fit: 0.00105103	PB: 0.00105103	LB: 0.13814	GB: 145.939	Cor: 0	Pts: 55896
Particle (17):: Fit: 0.132074	PB: 0.132074	LB: 0.132074	GB: 145.939	Cor: 0	Pts: 95596
Particle (19):: Fit: 0.00119376	PB: 0.00119376	LB: 0.132074	GB: 145.939	Cor: 0	Pts: 70296
Particle (29):: Fit: 0.00123619	PB: 0.00123619	LB: 0.00135706	GB: 145.939	Cor: 0	Pts: 100196
Particle (4):: Fit: 0.130022	PB: 0.130022	LB: 0.13814	GB: 145.939	Cor: 0	Pts: 110295
Particle (21):: Fit: 0.0012156	PB: 0.0012156	LB: 0.132074	GB: 145.939	Cor: 0	Pts: 55895
Particle (27):: Fit: 0.00105137	PB: 0.00105137	LB: 0.00135706	GB: 145.939	Cor: 0	Pts: 55673
Particle (32):: Fit: 0.00117707	PB: 0.00117707	LB: 0.00131796	GB: 145.939	Cor: 0	Pts: 60495
Particle (10):: Fit: 0.00139764	PB: 0.00139764	LB: 0.13814	GB: 145.939	Cor: 0	Pts: 85294
Particle (35):: Fit: 0.00116991	PB: 0.00116991	LB: 0.00131796	GB: 145.939	Cor: 0	Pts: 55294
Particle (16):: Fit: 0.138053	PB: 0.138053	LB: 0.138053	GB: 145.939	Cor: 0	Pts: 95393
Particle (41):: Fit: 0.121974	PB: 0.121974	LB: 0.121974	GB: 145.939	Cor: 0	Pts: 90493
Particle (7):: Fit: 0.00123432	PB: 0.00123432	LB: 0.13814	GB: 145.939	Cor: 0	Pts: 55660
Particle (16):: Fit: 0.138218	PB: 0.138218	LB: 0.138218	GB: 145.939	Cor: 0	Pts: 145492
Particle (19):: Fit: 0.00129641	PB: 0.00129641	LB: 0.138218	GB: 145.939	Cor: 0	Pts: 70392
Particle (49):: Fit: 0.00109275	PB: 0.00109275	LB: 145.939	GB: 145.939	Cor: 0	Pts: 50277
Particle (0):: Fit: 0.118042	PB: 0.118042	LB: 145.939	GB: 145.939	Cor: 0	Pts: 110591
Particle (23):: Fit: 0.00113233	PB: 0.00113233	LB: 0.00135706	GB: 145.939	Cor: 0	Pts: 70187
Particle (31):: Fit: 0.00117475	PB: 0.00117475	LB: 0.00131796	GB: 145.939	Cor: 0	Pts: 55391
Particle (38):: Fit: 0.121966	PB: 0.121966	LB: 0.121974	GB: 145.939	Cor: 0	Pts: 85188
Particle (45):: Fit: 0.00113335	PB: 0.00113335	LB: 145.939	GB: 145.939	Cor: 0	Pts: 50591
Particle (27):: Fit: 0.00111191	PB: 0.00111191	LB: 0.00135706	GB: 145.939	Cor: 0	Pts: 55768
Particle (31):: Fit: 0.0113949	PB: 0.0113949	LB: 0.0113949	GB: 145.939	Cor: 0	Pts: 90490
Particle (45):: Fit: 0.0107936	PB: 0.0107936	LB: 145.939	GB: 145.939	Cor: 0	Pts: 50690
Particle (13):: Fit: 0.00107221	PB: 0.00107221	LB: 0.138218	GB: 145.939	Cor: 0	Pts: 55989
Particle (18):: Fit: 0.0111945	PB: 0.0111945	LB: 0.138218	GB: 145.939	Cor: 0	Pts: 80388
Particle (24):: Fit: 0.00121746	PB: 0.00121746	LB: 0.00135706	GB: 145.939	Cor: 0	Pts: 60688
Particle (49):: Fit: 0.0109943	PB: 0.0109943	LB: 145.939	GB: 145.939	Cor: 0	Pts: 50374
Particle (21):: Fit: 0.00133689	PB: 0.00133689	LB: 0.132074	GB: 145.939	Cor: 0	Pts: 55988
Particle (27):: Fit: 0.00133501	PB: 0.00133501	LB: 0.0113949	GB: 145.939	Cor: 0	Pts: 55866
Particle (28):: Fit: 0.0123961	PB: 0.0123961	LB: 0.0123961	GB: 145.939	Cor: 0	Pts: 150383
Particle (30):: Fit: 0.00110528	PB: 0.00110528	LB: 0.0123961	GB: 145.939	Cor: 0	Pts: 55288
Particle (31):: Fit: 15211.3	PB: 15211.3	LB: 15211.3	GB: 15211.3	Cor: 0.74	Pts: 150588
Particle (36):: Fit: 0.142181	PB: 0.142181	LB: 0.142181	GB: 15211.3	Cor: 0.74	Pts: 120588
Particle (37):: Fit: 0.0139841	PB: 0.0139841	LB: 0.142181	GB: 15211.3	Cor: 0.74	Pts: 100587
Particle (41):: Fit: 0.134209	PB: 0.134209	LB: 0.134209	GB: 15211.3	Cor: 0.74	Pts: 100588
Global: 15211.3 - Correct: 74% of 100 tests
Global Best: 
  Inner Net 1
  -- 1 : 1 = 0.887163
  -- 1 : 2 = 0.194527
  -- 1 : 3 = 0.173885
  -- 1 : 4 = 0.20478
  -- 1 : 5 = -0.236421
  -- 2 : 1 = 0.566391
  -- 2 : 2 = 0.523424
  -- 2 : 3 = -0.179701
  -- 2 : 4 = 0.628156
  -- 2 : 5 = 0.0376095
  -- 3 : 1 = -0.0616463
  -- 3 : 2 = 0.168774
  -- 3 : 3 = 0.0324759
  -- 3 : 4 = 0.0989777
  -- 3 : 5 = 0.0104997
  -- 4 : 1 = 0.524187
  -- 4 : 2 = -0.0819856
  -- 4 : 3 = -0.278506
  -- 4 : 4 = 0.132346
  -- 4 : 5 = -0.27526
  -- 5 : 1 = -0.0745526
  -- 5 : 2 = 0.336668
  -- 5 : 3 = -0.0971355
  -- 5 : 4 = -0.10217
  -- 5 : 5 = 0.218723
  -- 6 : 1 = 0.419129
  -- 6 : 2 = -0.174046
  -- 6 : 3 = 0.11142
  -- 6 : 4 = 0.393521
  -- 6 : 5 = 0.0941494
  Inner Net 2
  -- 1 : 1 = -0.206425
  -- 1 : 2 = -0.00954128
  -- 2 : 1 = -0.204921
  -- 2 : 2 = -0.205503
  -- 3 : 1 = -0.483476
  -- 3 : 2 = 0.452343
  -- 4 : 1 = -0.683463
  -- 4 : 2 = -0.10754
  -- 5 : 1 = -0.177623
  -- 5 : 2 = 0.341427
Out\Act	False		True
False	0.731556	0.110424	0.84198
True	0.0947168	0.0633032	0.15802
	0.826273	0.173727
	Accuracy [ (tp + tn) / testSize ]: 0.79486
	Precision [ tp / (tp + fp) ]:      0.363388
	Sensitivity [ tp / (tp + fn) ]:    0.399399
	Specificity [ tn / (tn + fp) ]:    0.868362
	F-Score [ 2tp / (2tp + fp + fn) ]: 0.381089
Particle (5):: Fit: 0.00127638	PB: 0.00127638	LB: 0.13814	GB: 15211.3	Cor: 0	Pts: 55787
Particle (14):: Fit: 0.136897	PB: 0.136897	LB: 0.138218	GB: 15211.3	Cor: 0	Pts: 85587
Particle (1):: Fit: 0.0011106	PB: 0.0011106	LB: 145.939	GB: 15211.3	Cor: 0	Pts: 55471
Particle (11):: Fit: 0.00115413	PB: 0.00115413	LB: 0.138218	GB: 15211.3	Cor: 0	Pts: 55486
Particle (13):: Fit: 0.115844	PB: 0.115844	LB: 0.138218	GB: 15211.3	Cor: 0	Pts: 56086
Particle (18):: Fit: 0.0115062	PB: 0.0115062	LB: 0.138218	GB: 15211.3	Cor: 0	Pts: 85485
Particle (10):: Fit: 0.0118386	PB: 0.0118386	LB: 0.13814	GB: 15211.3	Cor: 0	Pts: 85385
Particle (13):: Fit: 14846.7	PB: 14846.7	LB: 14846.7	GB: 15211.3	Cor: 0	Pts: 106185
Particle (30):: Fit: 0.134457	PB: 0.134457	LB: 15211.3	GB: 15211.3	Cor: 0	Pts: 60385
Particle (35):: Fit: 14625.8	PB: 14625.8	LB: 15211.3	GB: 15211.3	Cor: 0	Pts: 75385
Particle (18):: Fit: 0.130322	PB: 0.130322	LB: 0.138218	GB: 15211.3	Cor: 0	Pts: 90583
Particle (25):: Fit: 0.0013177	PB: 0.0013177	LB: 0.134457	GB: 15211.3	Cor: 0	Pts: 55684
Particle (33):: Fit: 0.00125512	PB: 0.00125512	LB: 15211.3	GB: 15211.3	Cor: 0	Pts: 55684
Particle (39):: Fit: 0.126438	PB: 0.126438	LB: 14625.8	GB: 15211.3	Cor: 0	Pts: 55684
Particle (44):: Fit: 0.00135885	PB: 0.00135885	LB: 145.939	GB: 15211.3	Cor: 0	Pts: 140484
Particle (32):: Fit: 0.00127549	PB: 0.00127549	LB: 15211.3	GB: 15211.3	Cor: 0	Pts: 60583
Particle (37):: Fit: 0.130408	PB: 0.130408	LB: 14625.8	GB: 15211.3	Cor: 0	Pts: 100682
Particle (40):: Fit: 0.00117502	PB: 0.00117502	LB: 0.142181	GB: 15211.3	Cor: 0	Pts: 55582
Particle (46):: Fit: 0.126114	PB: 0.126114	LB: 145.939	GB: 15211.3	Cor: 0	Pts: 60583
Particle (7):: Fit: 14631.3	PB: 14631.3	LB: 14631.3	GB: 15211.3	Cor: 0	Pts: 85749
Particle (10):: Fit: 0.0124628	PB: 0.0124628	LB: 14846.7	GB: 15211.3	Cor: 0	Pts: 85481
Particle (12):: Fit: 0.118348	PB: 0.118348	LB: 14846.7	GB: 15211.3	Cor: 0	Pts: 105480
Particle (1):: Fit: 0.00111315	PB: 0.00111315	LB: 145.939	GB: 15211.3	Cor: 0	Pts: 55565
Particle (37):: Fit: 0.142542	PB: 0.142542	LB: 14625.8	GB: 15211.3	Cor: 0	Pts: 110779
Particle (1):: Fit: 0.00119235	PB: 0.00119235	LB: 145.939	GB: 15211.3	Cor: 0	Pts: 55664
Particle (10):: Fit: 14619.4	PB: 14619.4	LB: 14846.7	GB: 15211.3	Cor: 0	Pts: 85579
Particle (19):: Fit: 0.0114208	PB: 0.0114208	LB: 0.138218	GB: 15211.3	Cor: 0	Pts: 70479
Particle (21):: Fit: 146.153	PB: 146.153	LB: 146.153	GB: 15211.3	Cor: 0	Pts: 96079
Particle (40):: Fit: 0.00121341	PB: 0.00121341	LB: 0.142542	GB: 15211.3	Cor: 0	Pts: 55678
Particle (11):: Fit: 14427	PB: 14427	LB: 14846.7	GB: 15211.3	Cor: 0	Pts: 55578
Particle (23):: Fit: 0.001155	PB: 0.001155	LB: 146.153	GB: 15211.3	Cor: 0	Pts: 70274
Particle (24):: Fit: 0.119823	PB: 0.119823	LB: 146.153	GB: 15211.3	Cor: 0	Pts: 60777
Particle (33):: Fit: 0.0110966	PB: 0.0110966	LB: 15211.3	GB: 15211.3	Cor: 0	Pts: 55778
Particle (20):: Fit: 0.00129687	PB: 0.00129687	LB: 146.153	GB: 15211.3	Cor: 0	Pts: 180472
Particle (42):: Fit: 0.00096627	PB: 0.00096627	LB: 0.134209	GB: 15211.3	Cor: 0	Pts: 55469
Particle (8):: Fit: 0.0115793	PB: 0.0115793	LB: 14846.7	GB: 15211.3	Cor: 0	Pts: 80570
Particle (11):: Fit: 14692.9	PB: 14692.9	LB: 14846.7	GB: 15211.3	Cor: 0	Pts: 65670
Particle (43):: Fit: 0.0119961	PB: 0.0119961	LB: 145.939	GB: 15211.3	Cor: 0	Pts: 165470
Particle (32):: Fit: 0.00129636	PB: 0.00129636	LB: 15211.3	GB: 15211.3	Cor: 0	Pts: 60667
Particle (42):: Fit: 0.0012134	PB: 0.0012134	LB: 0.134209	GB: 15211.3	Cor: 0	Pts: 55565
Particle (1):: Fit: 0.126526	PB: 0.126526	LB: 145.939	GB: 15211.3	Cor: 0	Pts: 55751
Particle (0):: Fit: 0.134357	PB: 0.134357	LB: 145.939	GB: 15211.3	Cor: 0	Pts: 110665
Particle (5):: Fit: 147.852	PB: 147.852	LB: 14631.3	GB: 15211.3	Cor: 0	Pts: 65865
Particle (44):: Fit: 0.140437	PB: 0.140437	LB: 145.939	GB: 15211.3	Cor: 0	Pts: 145565
Particle (25):: Fit: 0.0122622	PB: 0.0122622	LB: 146.153	GB: 15211.3	Cor: 0	Pts: 55764
Particle (46):: Fit: 0.140198	PB: 0.140198	LB: 145.939	GB: 15211.3	Cor: 0	Pts: 60663
Particle (26):: Fit: 0.012396	PB: 0.012396	LB: 15211.3	GB: 15211.3	Cor: 0	Pts: 300559
Particle (27):: Fit: 0.11835	PB: 0.11835	LB: 15211.3	GB: 15211.3	Cor: 0	Pts: 55938
Particle (38):: Fit: 0.136164	PB: 0.136164	LB: 14625.8	GB: 15211.3	Cor: 0	Pts: 85255
Particle (47):: Fit: 0.012196	PB: 0.012196	LB: 145.939	GB: 15211.3	Cor: 0	Pts: 55457
Particle (45):: Fit: 0.126376	PB: 0.126376	LB: 145.939	GB: 15211.3	Cor: 0	Pts: 50755
Particle (3):: Fit: 0.122862	PB: 0.122862	LB: 14631.3	GB: 15211.3	Cor: 0	Pts: 55248
Particle (24):: Fit: 0.135941	PB: 0.135941	LB: 146.153	GB: 15211.3	Cor: 0	Pts: 60852
Particle (38):: Fit: 0.140081	PB: 0.140081	LB: 14625.8	GB: 15211.3	Cor: 0	Pts: 85348
Particle (6):: Fit: 0.0116211	PB: 0.0116211	LB: 14692.9	GB: 15211.3	Cor: 0	Pts: 60348
Particle (12):: Fit: 0.128527	PB: 0.128527	LB: 14846.7	GB: 15211.3	Cor: 0	Pts: 105545
Particle (29):: Fit: 0.00125629	PB: 0.00125629	LB: 15211.3	GB: 15211.3	Cor: 0	Pts: 100244
Particle (39):: Fit: 0.131923	PB: 0.131923	LB: 14625.8	GB: 15211.3	Cor: 0	Pts: 55744
Particle (2):: Fit: 0.00131858	PB: 0.00131858	LB: 14631.3	GB: 15211.3	Cor: 0	Pts: 115140
Particle (1):: Fit: 0.134243	PB: 0.134243	LB: 147.852	GB: 15211.3	Cor: 0	Pts: 55827
Particle (29):: Fit: 0.116116	PB: 0.116116	LB: 15211.3	GB: 15211.3	Cor: 0	Pts: 100340
Particle (20):: Fit: 0.00133594	PB: 0.00133594	LB: 146.153	GB: 15211.3	Cor: 0	Pts: 180538
Particle (19):: Fit: 0.136101	PB: 0.136101	LB: 146.153	GB: 15211.3	Cor: 0	Pts: 70537
Particle (28):: Fit: 0.140343	PB: 0.140343	LB: 15211.3	GB: 15211.3	Cor: 0	Pts: 150433
Particle (22):: Fit: 0.00117094	PB: 0.00117094	LB: 146.153	GB: 15211.3	Cor: 0	Pts: 85737
Particle (20):: Fit: 0.00135843	PB: 0.00135843	LB: 146.153	GB: 15211.3	Cor: 0	Pts: 180634
Particle (40):: Fit: 0.124824	PB: 0.124824	LB: 0.142542	GB: 15211.3	Cor: 0	Pts: 55734
Particle (46):: Fit: 15254.9	PB: 15254.9	LB: 15254.9	GB: 15254.9	Cor: 0.74	Pts: 120735
Global: 15254.9 - Correct: 74% of 100 tests
Global Best: 
  Inner Net 1
  -- 1 : 1 = -0.705623
  -- 1 : 2 = -0.00535408
  -- 1 : 3 = 0.498526
  -- 1 : 4 = 0.285116
  -- 1 : 5 = -0.0615983
  -- 2 : 1 = 0.212149
  -- 2 : 2 = 0.297803
  -- 2 : 3 = -0.313092
  -- 2 : 4 = -0.0690048
  -- 2 : 5 = -0.0520274
  -- 3 : 1 = -0.0410103
  -- 3 : 2 = -0.296935
  -- 3 : 3 = -0.127119
  -- 3 : 4 = 0.0993266
  -- 3 : 5 = 0.163763
  -- 4 : 1 = -0.219363
  -- 4 : 2 = 0.00455499
  -- 4 : 3 = -0.223215
  -- 4 : 4 = 0.0658184
  -- 4 : 5 = -0.0139747
  -- 5 : 1 = 0.899213
  -- 5 : 2 = -0.293017
  -- 5 : 3 = -0.203798
  -- 5 : 4 = -0.426296
  -- 5 : 5 = 0.399936
  -- 6 : 1 = 0.775615
  -- 6 : 2 = -0.0725885
  -- 6 : 3 = 0.0861895
  -- 6 : 4 = -0.0620231
  -- 6 : 5 = 0.0522686
  Inner Net 2
  -- 1 : 1 = 0.0726726
  -- 1 : 2 = 0.295699
  -- 2 : 1 = 0.494825
  -- 2 : 2 = 0.0193118
  -- 3 : 1 = -0.398177
  -- 3 : 2 = 0.0147953
  -- 4 : 1 = -0.946818
  -- 4 : 2 = 0.184469
  -- 5 : 1 = 0.00119019
  -- 5 : 2 = -0.0958701
Out\Act	False		True
False	0.693003	0.148977	0.84198
True	0.0999524	0.0580676	0.15802
	0.792956	0.207044
	Accuracy [ (tp + tn) / testSize ]: 0.751071
	Precision [ tp / (tp + fp) ]:      0.279817
	Sensitivity [ tp / (tp + fn) ]:    0.366366
	Specificity [ tn / (tn + fp) ]:    0.822599
	F-Score [ 2tp / (2tp + fp + fn) ]: 0.317708
Particle (19):: Fit: 15237.1	PB: 15237.1	LB: 15237.1	GB: 15254.9	Cor: 0	Pts: 120632
Particle (26):: Fit: 0.120121	PB: 0.120121	LB: 15211.3	GB: 15254.9	Cor: 0	Pts: 300629
Particle (34):: Fit: 14641.6	PB: 14641.6	LB: 15211.3	GB: 15254.9	Cor: 0	Pts: 235529
Particle (42):: Fit: 0.00137783	PB: 0.00137783	LB: 15254.9	GB: 15254.9	Cor: 0	Pts: 55628
Particle (24):: Fit: 0.138259	PB: 0.138259	LB: 146.153	GB: 15254.9	Cor: 0	Pts: 60926
Particle (0):: Fit: 0.136396	PB: 0.136396	LB: 15254.9	GB: 15254.9	Cor: 0	Pts: 110724
Particle (3):: Fit: 0.126977	PB: 0.126977	LB: 14631.3	GB: 15254.9	Cor: 0	Pts: 55316
Particle (47):: Fit: 0.123987	PB: 0.123987	LB: 15254.9	GB: 15254.9	Cor: 0	Pts: 55518
Particle (0):: Fit: 0.138389	PB: 0.138389	LB: 15254.9	GB: 15254.9	Cor: 0	Pts: 110816
Particle (8):: Fit: 0.130835	PB: 0.130835	LB: 14846.7	GB: 15254.9	Cor: 0	Pts: 80618
Particle (15):: Fit: 0.134051	PB: 0.134051	LB: 15237.1	GB: 15254.9	Cor: 0	Pts: 230415
Particle (20):: Fit: 0.010994	PB: 0.010994	LB: 15237.1	GB: 15254.9	Cor: 0	Pts: 180715
Particle (25):: Fit: 0.124484	PB: 0.124484	LB: 146.153	GB: 15254.9	Cor: 0	Pts: 55816
Particle (43):: Fit: 0.132843	PB: 0.132843	LB: 15254.9	GB: 15254.9	Cor: 0	Pts: 165515
Particle (47):: Fit: 0.126337	PB: 0.126337	LB: 15254.9	GB: 15254.9	Cor: 0	Pts: 55614
Particle (6):: Fit: 1460	PB: 1460	LB: 14692.9	GB: 15254.9	Cor: 0	Pts: 65412
Particle (18):: Fit: 14643.2	PB: 14643.2	LB: 15237.1	GB: 15254.9	Cor: 0	Pts: 90613
Particle (29):: Fit: 0.134307	PB: 0.134307	LB: 15211.3	GB: 15254.9	Cor: 0	Pts: 100414
Particle (13):: Fit: 15641.7	PB: 15641.7	LB: 15641.7	GB: 15641.7	Cor: 0.76	Pts: 166212
Global: 15641.7 - Correct: 76% of 100 tests
Global Best: 
  Inner Net 1
  -- 1 : 1 = 0.469056
  -- 1 : 2 = -0.145153
  -- 1 : 3 = -0.278718
  -- 1 : 4 = 0.0728511
  -- 1 : 5 = -0.330705
  -- 2 : 1 = 0.52107
  -- 2 : 2 = 0.280165
  -- 2 : 3 = 0.0986698
  -- 2 : 4 = 0.357141
  -- 2 : 5 = -0.266246
  -- 3 : 1 = 0.238543
  -- 3 : 2 = -0.041873
  -- 3 : 3 = -0.00592789
  -- 3 : 4 = 0.312165
  -- 3 : 5 = -0.0347833
  -- 4 : 1 = 0.747291
  -- 4 : 2 = 0.130374
  -- 4 : 3 = 0.202179
  -- 4 : 4 = 0.128111
  -- 4 : 5 = -0.0344403
  -- 5 : 1 = -0.5
  -- 5 : 2 = 0.250962
  -- 5 : 3 = 0.177888
  -- 5 : 4 = -0.0493697
  -- 5 : 5 = 0.377381
  -- 6 : 1 = -0.015982
  -- 6 : 2 = -0.0375234
  -- 6 : 3 = -0.0293444
  -- 6 : 4 = 0.255145
  -- 6 : 5 = -0.265018
  Inner Net 2
  -- 1 : 1 = -0.120673
  -- 1 : 2 = 0.25626
  -- 2 : 1 = -0.349753
  -- 2 : 2 = -0.115558
  -- 3 : 1 = 0.105075
  -- 3 : 2 = 0.236041
  -- 4 : 1 = -0.517216
  -- 4 : 2 = 0.173813
  -- 5 : 1 = 0.196861
  -- 5 : 2 = -0.0918685
Out\Act	False		True
False	0.481199	0.360781	0.84198
True	0.0556878	0.102332	0.15802
	0.536887	0.463113
	Accuracy [ (tp + tn) / testSize ]: 0.583532
	Precision [ tp / (tp + fp) ]:      0.220739
	Sensitivity [ tp / (tp + fn) ]:    0.645646
	Specificity [ tn / (tn + fp) ]:    0.571186
	F-Score [ 2tp / (2tp + fp + fn) ]: 0.32925
Particle (12):: Fit: 0.134224	PB: 0.134224	LB: 15641.7	GB: 15641.7	Cor: 0	Pts: 105608
Particle (27):: Fit: 0.124707	PB: 0.124707	LB: 15211.3	GB: 15641.7	Cor: 0	Pts: 55987
Particle (12):: Fit: 0.136354	PB: 0.136354	LB: 15641.7	GB: 15641.7	Cor: 0	Pts: 105703
Particle (32):: Fit: 0.120122	PB: 0.120122	LB: 15211.3	GB: 15641.7	Cor: 0	Pts: 60698
Particle (41):: Fit: 143.756	PB: 143.756	LB: 15254.9	GB: 15641.7	Cor: 0	Pts: 105601
Particle (47):: Fit: 0.130069	PB: 0.130069	LB: 15254.9	GB: 15641.7	Cor: 0	Pts: 55700
Particle (20):: Fit: 0.124265	PB: 0.124265	LB: 15237.1	GB: 15641.7	Cor: 0	Pts: 180798
Particle (49):: Fit: 0.011398	PB: 0.011398	LB: 15254.9	GB: 15641.7	Cor: 0	Pts: 50382
Particle (21):: Fit: 15016.8	PB: 15016.8	LB: 15237.1	GB: 15641.7	Cor: 0	Pts: 106098
Particle (24):: Fit: 0.140044	PB: 0.140044	LB: 15016.8	GB: 15641.7	Cor: 0	Pts: 60996
Particle (42):: Fit: 0.127901	PB: 0.127901	LB: 15254.9	GB: 15641.7	Cor: 0	Pts: 55693
Particle (47):: Fit: 0.132603	PB: 0.132603	LB: 15254.9	GB: 15641.7	Cor: 0	Pts: 55792
Particle (20):: Fit: 0.132512	PB: 0.132512	LB: 15237.1	GB: 15641.7	Cor: 0	Pts: 180891
Particle (42):: Fit: 0.134265	PB: 0.134265	LB: 15254.9	GB: 15641.7	Cor: 0	Pts: 55788
Particle (43):: Fit: 0.136028	PB: 0.136028	LB: 15254.9	GB: 15641.7	Cor: 0	Pts: 165589
Particle (33):: Fit: 0.140005	PB: 0.140005	LB: 15211.3	GB: 15641.7	Cor: 0	Pts: 55777
Particle (34):: Fit: 15064.1	PB: 15064.1	LB: 15211.3	GB: 15641.7	Cor: 0	Pts: 250575
Particle (48):: Fit: 16250.1	PB: 16250.1	LB: 16250.1	GB: 16250.1	Cor: 0.79	Pts: 330471
Global: 16250.1 - Correct: 79% of 100 tests
Global Best: 
  Inner Net 1
  -- 1 : 1 = -0.238887
  -- 1 : 2 = -0.5
  -- 1 : 3 = 0.441737
  -- 1 : 4 = 0.0183206
  -- 1 : 5 = 0.632662
  -- 2 : 1 = 0.0287469
  -- 2 : 2 = -0.00354587
  -- 2 : 3 = 0.485705
  -- 2 : 4 = 0.170908
  -- 2 : 5 = 0.132133
  -- 3 : 1 = -0.0921045
  -- 3 : 2 = 0.0907004
  -- 3 : 3 = -1
  -- 3 : 4 = -0.00772425
  -- 3 : 5 = 0.0204856
  -- 4 : 1 = 0.0341899
  -- 4 : 2 = 0.18235
  -- 4 : 3 = -0.128601
  -- 4 : 4 = 0.359536
  -- 4 : 5 = 0.0228378
  -- 5 : 1 = 0.5
  -- 5 : 2 = 0.366605
  -- 5 : 3 = 0.0328208
  -- 5 : 4 = 0.352823
  -- 5 : 5 = 0.712405
  -- 6 : 1 = 0.5
  -- 6 : 2 = -0.0414453
  -- 6 : 3 = -0.0615976
  -- 6 : 4 = 0.168832
  -- 6 : 5 = 0.492319
  Inner Net 2
  -- 1 : 1 = -0.104797
  -- 1 : 2 = 0.377938
  -- 2 : 1 = 0.0103809
  -- 2 : 2 = 0.284796
  -- 3 : 1 = -0.202834
  -- 3 : 2 = -0.180062
  -- 4 : 1 = -0.897353
  -- 4 : 2 = -0.00542763
  -- 5 : 1 = 0.177118
  -- 5 : 2 = 0.0980468
Out\Act	False		True
False	0.507377	0.334603	0.84198
True	0.0514041	0.106616	0.15802
	0.558782	0.441218
	Accuracy [ (tp + tn) / testSize ]: 0.613993
	Precision [ tp / (tp + fp) ]:      0.241379
	Sensitivity [ tp / (tp + fn) ]:    0.672673
	Specificity [ tn / (tn + fp) ]:    0.60226
	F-Score [ 2tp / (2tp + fp + fn) ]: 0.355556
Particle (10):: Fit: 15858.1	PB: 15858.1	LB: 15858.1	GB: 16250.1	Cor: 0	Pts: 135570
Particle (43):: Fit: 15249.5	PB: 15249.5	LB: 16250.1	GB: 16250.1	Cor: 0	Pts: 180670
Particle (14):: Fit: 0.140682	PB: 0.140682	LB: 15858.1	GB: 16250.1	Cor: 0	Pts: 85562
Particle (22):: Fit: 0.0122397	PB: 0.0122397	LB: 15237.1	GB: 16250.1	Cor: 0	Pts: 85768
Particle (14):: Fit: 0.142974	PB: 0.142974	LB: 15858.1	GB: 16250.1	Cor: 0	Pts: 85660
Particle (38):: Fit: 0.140482	PB: 0.140482	LB: 15249.5	GB: 16250.1	Cor: 0	Pts: 85361
Particle (2):: Fit: 0.0106048	PB: 0.0106048	LB: 16250.1	GB: 16250.1	Cor: 0	Pts: 115160
Particle (45):: Fit: 0.134338	PB: 0.134338	LB: 16250.1	GB: 16250.1	Cor: 0	Pts: 50754
Particle (32):: Fit: 0.13834	PB: 0.13834	LB: 15211.3	GB: 16250.1	Cor: 0	Pts: 60749
Particle (2):: Fit: 14447.4	PB: 14447.4	LB: 16250.1	GB: 16250.1	Cor: 0	Pts: 115248
Particle (26):: Fit: 0.139945	PB: 0.139945	LB: 15211.3	GB: 16250.1	Cor: 0	Pts: 300638
Particle (49):: Fit: 0.130281	PB: 0.130281	LB: 16250.1	GB: 16250.1	Cor: 0	Pts: 50421
Particle (47):: Fit: 0.133921	PB: 0.133921	LB: 16250.1	GB: 16250.1	Cor: 0	Pts: 55834
Particle (1):: Fit: 0.141951	PB: 0.141951	LB: 16250.1	GB: 16250.1	Cor: 0	Pts: 55816
Particle (17):: Fit: 0.136665	PB: 0.136665	LB: 15641.7	GB: 16250.1	Cor: 0	Pts: 95530
Particle (44):: Fit: 0.140862	PB: 0.140862	LB: 16250.1	GB: 16250.1	Cor: 0	Pts: 145525
Particle (38):: Fit: 15024.6	PB: 15024.6	LB: 15249.5	GB: 16250.1	Cor: 0	Pts: 85422
Particle (12):: Fit: 152.033	PB: 152.033	LB: 15858.1	GB: 16250.1	Cor: 0	Pts: 105719
Particle (49):: Fit: 0.134164	PB: 0.134164	LB: 16250.1	GB: 16250.1	Cor: 0	Pts: 50504
Particle (30):: Fit: 14.0199	PB: 14.0199	LB: 15211.3	GB: 16250.1	Cor: 0	Pts: 60316
Particle (27):: Fit: 0.142371	PB: 0.142371	LB: 15211.3	GB: 16250.1	Cor: 0	Pts: 55987
Particle (15):: Fit: 0.142657	PB: 0.142657	LB: 15641.7	GB: 16250.1	Cor: 0	Pts: 230407
Particle (45):: Fit: 0.140576	PB: 0.140576	LB: 16250.1	GB: 16250.1	Cor: 0	Pts: 50808
Particle (3):: Fit: 0.142227	PB: 0.142227	LB: 14631.3	GB: 16250.1	Cor: 0	Pts: 55294
Particle (39):: Fit: 0.134376	PB: 0.134376	LB: 15249.5	GB: 16250.1	Cor: 0	Pts: 55698
Particle (36):: Fit: 145.872	PB: 145.872	LB: 15064.1	GB: 16250.1	Cor: 0	Pts: 120484
Particle (39):: Fit: 0.136064	PB: 0.136064	LB: 15249.5	GB: 16250.1	Cor: 0	Pts: 55782
Particle (12):: Fit: 153.608	PB: 153.608	LB: 15858.1	GB: 16250.1	Cor: 0	Pts: 105777
Particle (15):: Fit: 15632.4	PB: 15632.4	LB: 15641.7	GB: 16250.1	Cor: 0	Pts: 240477
Particle (41):: Fit: 14422.8	PB: 14422.8	LB: 15254.9	GB: 16250.1	Cor: 0	Pts: 105581
Particle (27):: Fit: 14.0199	PB: 14.0199	LB: 15211.3	GB: 16250.1	Cor: 0	Pts: 56049
Particle (0):: Fit: 14455.5	PB: 14455.5	LB: 16250.1	GB: 16250.1	Cor: 0	Pts: 110768
Particle (44):: Fit: 151.996	PB: 151.996	LB: 16250.1	GB: 16250.1	Cor: 0	Pts: 145545
Particle (7):: Fit: 14839.1	PB: 14839.1	LB: 15858.1	GB: 16250.1	Cor: 0	Pts: 95620
Particle (24):: Fit: 0.140328	PB: 0.140328	LB: 15016.8	GB: 16250.1	Cor: 0	Pts: 60947
Particle (26):: Fit: 150.105	PB: 150.105	LB: 15211.3	GB: 16250.1	Cor: 0	Pts: 300639
Particle (25):: Fit: 0.142149	PB: 0.142149	LB: 15016.8	GB: 16250.1	Cor: 0	Pts: 55736
Particle (23):: Fit: 0.00123598	PB: 0.00123598	LB: 15237.1	GB: 16250.1	Cor: 0	Pts: 70127
Particle (8):: Fit: 0.133867	PB: 0.133867	LB: 15858.1	GB: 16250.1	Cor: 0	Pts: 80534
Particle (4):: Fit: 143.77	PB: 143.77	LB: 14839.1	GB: 16250.1	Cor: 0	Pts: 110125
Particle (9):: Fit: 0.138541	PB: 0.138541	LB: 15858.1	GB: 16250.1	Cor: 0	Pts: 175123
Particle (42):: Fit: 0.140014	PB: 0.140014	LB: 15254.9	GB: 16250.1	Cor: 0	Pts: 55719
Particle (16):: Fit: 0.142163	PB: 0.142163	LB: 15641.7	GB: 16250.1	Cor: 0	Pts: 145313
Particle (39):: Fit: 0.14242	PB: 0.14242	LB: 15249.5	GB: 16250.1	Cor: 0	Pts: 55814
Particle (45):: Fit: 0.142099	PB: 0.142099	LB: 16250.1	GB: 16250.1	Cor: 0	Pts: 50808
Particle (38):: Fit: 15062.3	PB: 15062.3	LB: 15249.5	GB: 16250.1	Cor: 0	Pts: 85400
Particle (16):: Fit: 143.8	PB: 143.8	LB: 15641.7	GB: 16250.1	Cor: 0	Pts: 145396
Particle (1):: Fit: 14651.5	PB: 14651.5	LB: 16250.1	GB: 16250.1	Cor: 0	Pts: 55778
Particle (6):: Fit: 14463.9	PB: 14463.9	LB: 15858.1	GB: 16250.1	Cor: 0	Pts: 65293
Particle (47):: Fit: 14822.8	PB: 14822.8	LB: 16250.1	GB: 16250.1	Cor: 0	Pts: 55790
Particle (12):: Fit: 15241.2	PB: 15241.2	LB: 15858.1	GB: 16250.1	Cor: 0	Pts: 105780
Particle (49):: Fit: 0.134512	PB: 0.134512	LB: 16250.1	GB: 16250.1	Cor: 0	Pts: 50470
Particle (37):: Fit: 147.878	PB: 147.878	LB: 15064.1	GB: 16250.1	Cor: 0	Pts: 110587
Particle (1):: Fit: 14847.5	PB: 14847.5	LB: 16250.1	GB: 16250.1	Cor: 0	Pts: 65865
Particle (5):: Fit: 15065.1	PB: 15065.1	LB: 15858.1	GB: 16250.1	Cor: 0	Pts: 75678
Particle (20):: Fit: 145.969	PB: 145.969	LB: 15237.1	GB: 16250.1	Cor: 0	Pts: 180779
Particle (45):: Fit: 15657.4	PB: 15657.4	LB: 16250.1	GB: 16250.1	Cor: 0	Pts: 65862
Particle (8):: Fit: 0.138218	PB: 0.138218	LB: 15858.1	GB: 16250.1	Cor: 0	Pts: 80566
Particle (27):: Fit: 14411.4	PB: 14411.4	LB: 15211.3	GB: 16250.1	Cor: 0	Pts: 56023
Particle (20):: Fit: 14421.6	PB: 14421.6	LB: 15237.1	GB: 16250.1	Cor: 0	Pts: 180846
Particle (25):: Fit: 14436.8	PB: 14436.8	LB: 15016.8	GB: 16250.1	Cor: 0	Pts: 55744
Particle (42):: Fit: 0.142093	PB: 0.142093	LB: 15657.4	GB: 16250.1	Cor: 0	Pts: 55728
Particle (20):: Fit: 14465.1	PB: 14465.1	LB: 15237.1	GB: 16250.1	Cor: 0	Pts: 180927
Particle (36):: Fit: 16054.8	PB: 16054.8	LB: 16054.8	GB: 16250.1	Cor: 0	Pts: 170423
Particle (8):: Fit: 144.073	PB: 144.073	LB: 15858.1	GB: 16250.1	Cor: 0	Pts: 80627
Particle (41):: Fit: 15254.7	PB: 15254.7	LB: 15657.4	GB: 16250.1	Cor: 0	Pts: 105524
Particle (14):: Fit: 145.883	PB: 145.883	LB: 15858.1	GB: 16250.1	Cor: 0	Pts: 85514
Particle (16):: Fit: 147.83	PB: 147.83	LB: 15641.7	GB: 16250.1	Cor: 0	Pts: 145411
Particle (30):: Fit: 14629.9	PB: 14629.9	LB: 15211.3	GB: 16250.1	Cor: 0	Pts: 60207
Particle (20):: Fit: 14816.5	PB: 14816.5	LB: 15237.1	GB: 16250.1	Cor: 0	Pts: 181004
Particle (23):: Fit: 0.136921	PB: 0.136921	LB: 15237.1	GB: 16250.1	Cor: 0	Pts: 70085
Particle (26):: Fit: 15644.3	PB: 15644.3	LB: 15644.3	GB: 16250.1	Cor: 0	Pts: 350589
Particle (49):: Fit: 0.140454	PB: 0.140454	LB: 16250.1	GB: 16250.1	Cor: 0	Pts: 50475
Particle (22):: Fit: 0.138248	PB: 0.138248	LB: 15644.3	GB: 16250.1	Cor: 0	Pts: 85572
Particle (28):: Fit: 0.142181	PB: 0.142181	LB: 15644.3	GB: 16250.1	Cor: 0	Pts: 150164
Particle (8):: Fit: 15043.6	PB: 15043.6	LB: 15858.1	GB: 16250.1	Cor: 0	Pts: 80648
Particle (20):: Fit: 15629.1	PB: 15629.1	LB: 15629.1	GB: 16250.1	Cor: 0	Pts: 186035
Particle (42):: Fit: 14846.7	PB: 14846.7	LB: 15657.4	GB: 16250.1	Cor: 0	Pts: 55693
Particle (17):: Fit: 0.13898	PB: 0.13898	LB: 15641.7	GB: 16250.1	Cor: 0	Pts: 95292
Particle (44):: Fit: 14411.3	PB: 14411.3	LB: 16250.1	GB: 16250.1	Cor: 0	Pts: 145379
Particle (0):: Fit: 15668.1	PB: 15668.1	LB: 16250.1	GB: 16250.1	Cor: 0	Pts: 120576
Particle (29):: Fit: 143.992	PB: 143.992	LB: 15644.3	GB: 16250.1	Cor: 0	Pts: 100066
Particle (3):: Fit: 143.956	PB: 143.956	LB: 15668.1	GB: 16250.1	Cor: 0	Pts: 55037
Particle (4):: Fit: 143.923	PB: 143.923	LB: 15668.1	GB: 16250.1	Cor: 0	Pts: 109944
Particle (1):: Fit: 15405.7	PB: 15405.7	LB: 16250.1	GB: 16250.1	Cor: 0	Pts: 65724
Particle (4):: Fit: 14429.9	PB: 14429.9	LB: 15668.1	GB: 16250.1	Cor: 0	Pts: 110034
Particle (14):: Fit: 15447	PB: 15447	LB: 15858.1	GB: 16250.1	Cor: 0	Pts: 85419
Particle (24):: Fit: 0.141909	PB: 0.141909	LB: 15644.3	GB: 16250.1	Cor: 0	Pts: 60715
Particle (4):: Fit: 14493.3	PB: 14493.3	LB: 15668.1	GB: 16250.1	Cor: 0	Pts: 110108
Particle (29):: Fit: 14426.5	PB: 14426.5	LB: 15644.3	GB: 16250.1	Cor: 0	Pts: 100105
Particle (32):: Fit: 146.039	PB: 146.039	LB: 16054.8	GB: 16250.1	Cor: 0	Pts: 60379
Particle (39):: Fit: 14618	PB: 14618	LB: 16054.8	GB: 16250.1	Cor: 0	Pts: 55581
Particle (27):: Fit: 14617.6	PB: 14617.6	LB: 15644.3	GB: 16250.1	Cor: 0	Pts: 55844
Particle (33):: Fit: 0.142255	PB: 0.142255	LB: 16054.8	GB: 16250.1	Cor: 0	Pts: 55360
Particle (12):: Fit: 15261	PB: 15261	LB: 15858.1	GB: 16250.1	Cor: 0	Pts: 105473
Particle (35):: Fit: 14814.8	PB: 14814.8	LB: 16054.8	GB: 16250.1	Cor: 0	Pts: 74782
Particle (3):: Fit: 14455.2	PB: 14455.2	LB: 15668.1	GB: 16250.1	Cor: 0	Pts: 54977
Particle (30):: Fit: 14641.9	PB: 14641.9	LB: 15644.3	GB: 16250.1	Cor: 0	Pts: 59979
Particle (49):: Fit: 143.563	PB: 143.563	LB: 16250.1	GB: 16250.1	Cor: 0	Pts: 50258
Particle (33):: Fit: 14629	PB: 14629	LB: 16054.8	GB: 16250.1	Cor: 0	Pts: 55366
Particle (32):: Fit: 14410.9	PB: 14410.9	LB: 16054.8	GB: 16250.1	Cor: 0	Pts: 60332
Particle (28):: Fit: 14625.4	PB: 14625.4	LB: 15644.3	GB: 16250.1	Cor: 0	Pts: 149914
Particle (44):: Fit: 15215.3	PB: 15215.3	LB: 16250.1	GB: 16250.1	Cor: 0	Pts: 145169
Particle (6):: Fit: 14619.9	PB: 14619.9	LB: 15858.1	GB: 16250.1	Cor: 0	Pts: 64863
Particle (24):: Fit: 14435.4	PB: 14435.4	LB: 15644.3	GB: 16250.1	Cor: 0	Pts: 60568
Particle (39):: Fit: 16049.1	PB: 16049.1	LB: 16054.8	GB: 16250.1	Cor: 0	Pts: 65470
Particle (33):: Fit: 16230.8	PB: 16230.8	LB: 16230.8	GB: 16250.1	Cor: 0	Pts: 105313
Particle (47):: Fit: 15411	PB: 15411	LB: 16250.1	GB: 16250.1	Cor: 0	Pts: 55300
Particle (25):: Fit: 14614.4	PB: 14614.4	LB: 15644.3	GB: 16250.1	Cor: 0	Pts: 55298
Particle (29):: Fit: 14664.5	PB: 14664.5	LB: 16230.8	GB: 16250.1	Cor: 0	Pts: 99863
Particle (49):: Fit: 14419.5	PB: 14419.5	LB: 16250.1	GB: 16250.1	Cor: 0	Pts: 50138
Particle (17):: Fit: 144.053	PB: 144.053	LB: 15641.7	GB: 16250.1	Cor: 0	Pts: 94939
Particle (3):: Fit: 14615.9	PB: 14615.9	LB: 15668.1	GB: 16250.1	Cor: 0	Pts: 54826
Particle (25):: Fit: 14825.4	PB: 14825.4	LB: 15644.3	GB: 16250.1	Cor: 0	Pts: 55312
Particle (3):: Fit: 14815.6	PB: 14815.6	LB: 15668.1	GB: 16250.1	Cor: 0	Pts: 54897
Particle (49):: Fit: 14633.3	PB: 14633.3	LB: 16250.1	GB: 16250.1	Cor: 0	Pts: 50169
Particle (21):: Fit: 15466.2	PB: 15466.2	LB: 15644.3	GB: 16250.1	Cor: 0	Pts: 105278
Particle (37):: Fit: 14411.8	PB: 14411.8	LB: 16230.8	GB: 16250.1	Cor: 0	Pts: 109971
Particle (6):: Fit: 14660.8	PB: 14660.8	LB: 15858.1	GB: 16250.1	Cor: 0	Pts: 64712
Particle (32):: Fit: 14842.6	PB: 14842.6	LB: 16230.8	GB: 16250.1	Cor: 0	Pts: 60094
Particle (32):: Fit: 15424	PB: 15424	LB: 16230.8	GB: 16250.1	Cor: 0	Pts: 60100
Particle (49):: Fit: 15457.9	PB: 15457.9	LB: 16250.1	GB: 16250.1	Cor: 0	Pts: 50073
Particle (16):: Fit: 14831.2	PB: 14831.2	LB: 15641.7	GB: 16250.1	Cor: 0	Pts: 144651
Particle (34):: Fit: 15119.9	PB: 15119.9	LB: 16230.8	GB: 16250.1	Cor: 0	Pts: 249531
Particle (28):: Fit: 14695.8	PB: 14695.8	LB: 16230.8	GB: 16250.1	Cor: 0	Pts: 149501
Particle (44):: Fit: 15419.1	PB: 15419.1	LB: 16250.1	GB: 16250.1	Cor: 0	Pts: 144787
Particle (12):: Fit: 15830.4	PB: 15830.4	LB: 15858.1	GB: 16250.1	Cor: 0	Pts: 114963
Particle (2):: Fit: 14807.7	PB: 14807.7	LB: 16250.1	GB: 16250.1	Cor: 0	Pts: 114123
Particle (4):: Fit: 15837.2	PB: 15837.2	LB: 15837.2	GB: 16250.1	Cor: 0	Pts: 119396
Particle (16):: Fit: 15011.8	PB: 15011.8	LB: 15830.4	GB: 16250.1	Cor: 0	Pts: 144571
Particle (30):: Fit: 14811.7	PB: 14811.7	LB: 16230.8	GB: 16250.1	Cor: 0	Pts: 59369
Particle (2):: Fit: 14833.1	PB: 14833.1	LB: 16250.1	GB: 16250.1	Cor: 0	Pts: 114079
Particle (37):: Fit: 14445	PB: 14445	LB: 16230.8	GB: 16250.1	Cor: 0	Pts: 109536
Particle (11):: Fit: 15416.2	PB: 15416.2	LB: 15858.1	GB: 16250.1	Cor: 0	Pts: 64218
Particle (3):: Fit: 14865.2	PB: 14865.2	LB: 15837.2	GB: 16250.1	Cor: 0	Pts: 54401
Particle (18):: Fit: 14825.6	PB: 14825.6	LB: 15632.4	GB: 16250.1	Cor: 0	Pts: 89118
Particle (28):: Fit: 15053.7	PB: 15053.7	LB: 16230.8	GB: 16250.1	Cor: 0	Pts: 149201
Particle (42):: Fit: 15211.4	PB: 15211.4	LB: 16049.1	GB: 16250.1	Cor: 0	Pts: 54576
Particle (24):: Fit: 14866.2	PB: 14866.2	LB: 15644.3	GB: 16250.1	Cor: 0	Pts: 59740
Particle (47):: Fit: 15871.1	PB: 15871.1	LB: 16250.1	GB: 16250.1	Cor: 0	Pts: 54515
Particle (24):: Fit: 15057	PB: 15057	LB: 15644.3	GB: 16250.1	Cor: 0	Pts: 59837
Particle (28):: Fit: 15225.5	PB: 15225.5	LB: 16230.8	GB: 16250.1	Cor: 0	Pts: 149206
Particle (9):: Fit: 14397.2	PB: 14397.2	LB: 15858.1	GB: 16250.1	Cor: 0	Pts: 173689
Particle (42):: Fit: 15425.1	PB: 15425.1	LB: 16049.1	GB: 16250.1	Cor: 0	Pts: 54567
Particle (45):: Fit: 16284	PB: 16284	LB: 16284	GB: 16284	Cor: 0.79	Pts: 124430
Global: 16284 - Correct: 79% of 100 tests
Global Best: 
  Inner Net 1
  -- 1 : 1 = -0.483183
  -- 1 : 2 = 0.00521737
  -- 1 : 3 = 0.0798278
  -- 1 : 4 = 0.156935
  -- 1 : 5 = 0.290251
  -- 2 : 1 = 0.0164235
  -- 2 : 2 = 0.066646
  -- 2 : 3 = -0.309718
  -- 2 : 4 = 0.47786
  -- 2 : 5 = -0.0463812
  -- 3 : 1 = -0.0999997
  -- 3 : 2 = 0.208344
  -- 3 : 3 = -0.467669
  -- 3 : 4 = -0.0153329
  -- 3 : 5 = 0.183419
  -- 4 : 1 = 0.110415
  -- 4 : 2 = 0.218823
  -- 4 : 3 = -0.248776
  -- 4 : 4 = 0.239556
  -- 4 : 5 = 0.447176
  -- 5 : 1 = 0.255484
  -- 5 : 2 = 0.37783
  -- 5 : 3 = -0.0408682
  -- 5 : 4 = 0.293653
  -- 5 : 5 = 0.746926
  -- 6 : 1 = 0.18351
  -- 6 : 2 = -0.0534735
  -- 6 : 3 = 0.120862
  -- 6 : 4 = 0.0666407
  -- 6 : 5 = 0.156798
  Inner Net 2
  -- 1 : 1 = 0.102933
  -- 1 : 2 = -0.233334
  -- 2 : 1 = 0.333539
  -- 2 : 2 = -0.00554181
  -- 3 : 1 = -0.5002
  -- 3 : 2 = 0.0779513
  -- 4 : 1 = -0.390523
  -- 4 : 2 = 0.0282951
  -- 5 : 1 = -0.0634692
  -- 5 : 2 = -0.008816
Out\Act	False		True
False	0.721085	0.120895	0.84198
True	0.0861495	0.0718705	0.15802
	0.807235	0.192765
	Accuracy [ (tp + tn) / testSize ]: 0.792956
	Precision [ tp / (tp + fp) ]:      0.371921
	Sensitivity [ tp / (tp + fn) ]:    0.453453
	Specificity [ tn / (tn + fp) ]:    0.855932
	F-Score [ 2tp / (2tp + fp + fn) ]: 0.409214
Particle (22):: Fit: 147.638	PB: 147.638	LB: 15644.3	GB: 16284	Cor: 0	Pts: 84108
Particle (3):: Fit: 15073.7	PB: 15073.7	LB: 15837.2	GB: 16284	Cor: 0	Pts: 54106
Particle (7):: Fit: 15230.1	PB: 15230.1	LB: 15858.1	GB: 16284	Cor: 0	Pts: 93961
Particle (30):: Fit: 15037	PB: 15037	LB: 16230.8	GB: 16284	Cor: 0	Pts: 58856
Particle (3):: Fit: 15272	PB: 15272	LB: 15837.2	GB: 16284	Cor: 0	Pts: 54129
Particle (11):: Fit: 16448.9	PB: 16448.9	LB: 16448.9	GB: 16448.9	Cor: 0.8	Pts: 123822
Global: 16448.9 - Correct: 80% of 100 tests
Global Best: 
  Inner Net 1
  -- 1 : 1 = -1
  -- 1 : 2 = -0.35205
  -- 1 : 3 = -0.294026
  -- 1 : 4 = -0.206929
  -- 1 : 5 = 0.352674
  -- 2 : 1 = 0.697361
  -- 2 : 2 = 0.0675406
  -- 2 : 3 = 0.197464
  -- 2 : 4 = -0.0284351
  -- 2 : 5 = -0.347831
  -- 3 : 1 = -0.424138
  -- 3 : 2 = 0.232056
  -- 3 : 3 = 0.304607
  -- 3 : 4 = -0.0564068
  -- 3 : 5 = -0.0827141
  -- 4 : 1 = 0.574601
  -- 4 : 2 = -0.408358
  -- 4 : 3 = 0.0933358
  -- 4 : 4 = 0.207755
  -- 4 : 5 = -0.371668
  -- 5 : 1 = 0.053504
  -- 5 : 2 = 0.356758
  -- 5 : 3 = 0.0591133
  -- 5 : 4 = -0.0664145
  -- 5 : 5 = -0.164405
  -- 6 : 1 = 0.299058
  -- 6 : 2 = 0.0264116
  -- 6 : 3 = 0.227305
  -- 6 : 4 = 0.193397
  -- 6 : 5 = 0.234897
  Inner Net 2
  -- 1 : 1 = -0.17805
  -- 1 : 2 = -0.308523
  -- 2 : 1 = -0.519877
  -- 2 : 2 = 0.243579
  -- 3 : 1 = -0.70394
  -- 3 : 2 = -0.0196864
  -- 4 : 1 = -0.0712636
  -- 4 : 2 = -0.245836
  -- 5 : 1 = 0.153535
  -- 5 : 2 = 0.0617415
Out\Act	False		True
False	0.625416	0.216564	0.84198
True	0.0671109	0.0909091	0.15802
	0.692527	0.307473
	Accuracy [ (tp + tn) / testSize ]: 0.716326
	Precision [ tp / (tp + fp) ]:      0.295209
	Sensitivity [ tp / (tp + fn) ]:    0.573574
	Specificity [ tn / (tn + fp) ]:    0.742373
	F-Score [ 2tp / (2tp + fp + fn) ]: 0.390194
Particle (37):: Fit: 14642.8	PB: 14642.8	LB: 16230.8	GB: 16448.9	Cor: 0	Pts: 109112
Particle (25):: Fit: 16041.2	PB: 16041.2	LB: 16041.2	GB: 16448.9	Cor: 0	Pts: 94234
Particle (47):: Fit: 16060.5	PB: 16060.5	LB: 16284	GB: 16448.9	Cor: 0	Pts: 54214
Particle (34):: Fit: 15241.7	PB: 15241.7	LB: 16230.8	GB: 16448.9	Cor: 0	Pts: 248706
Particle (6):: Fit: 15857.6	PB: 15857.6	LB: 16448.9	GB: 16448.9	Cor: 0	Pts: 73621
Particle (28):: Fit: 15635.9	PB: 15635.9	LB: 16230.8	GB: 16448.9	Cor: 0	Pts: 148760
Particle (35):: Fit: 14843.2	PB: 14843.2	LB: 16230.8	GB: 16448.9	Cor: 0	Pts: 73205
Particle (37):: Fit: 15036	PB: 15036	LB: 16230.8	GB: 16448.9	Cor: 0	Pts: 108907
Particle (44):: Fit: 15640.4	PB: 15640.4	LB: 16284	GB: 16448.9	Cor: 0	Pts: 143760
Particle (17):: Fit: 14406.4	PB: 14406.4	LB: 15641.7	GB: 16448.9	Cor: 0	Pts: 93560
Particle (30):: Fit: 15479.7	PB: 15479.7	LB: 16230.8	GB: 16448.9	Cor: 0	Pts: 58458
Particle (23):: Fit: 0.140935	PB: 0.140935	LB: 16041.2	GB: 16448.9	Cor: 0	Pts: 67950
Particle (1):: Fit: 16253.5	PB: 16253.5	LB: 16253.5	GB: 16448.9	Cor: 0	Pts: 93738
Particle (5):: Fit: 15242.9	PB: 15242.9	LB: 16253.5	GB: 16448.9	Cor: 0	Pts: 73455
Particle (2):: Fit: 14868.4	PB: 14868.4	LB: 16253.5	GB: 16448.9	Cor: 0	Pts: 113027
Particle (43):: Fit: 15700.4	PB: 15700.4	LB: 16284	GB: 16448.9	Cor: 0	Pts: 178173
Particle (40):: Fit: 0.126368	PB: 0.126368	LB: 16284	GB: 16448.9	Cor: 0	Pts: 53130
Particle (17):: Fit: 14422.9	PB: 14422.9	LB: 15641.7	GB: 16448.9	Cor: 0	Pts: 93298
Particle (37):: Fit: 15231	PB: 15231	LB: 16230.8	GB: 16448.9	Cor: 0	Pts: 108462
Particle (29):: Fit: 15445.9	PB: 15445.9	LB: 16230.8	GB: 16448.9	Cor: 0	Pts: 97884
Particle (19):: Fit: 15415.7	PB: 15415.7	LB: 15632.4	GB: 16448.9	Cor: 0	Pts: 117711
Particle (9):: Fit: 14442.8	PB: 14442.8	LB: 16448.9	GB: 16448.9	Cor: 0	Pts: 172496
Particle (18):: Fit: 14877.3	PB: 14877.3	LB: 15632.4	GB: 16448.9	Cor: 0	Pts: 87779
Particle (39):: Fit: 16461	PB: 16461	LB: 16461	GB: 16461	Cor: 0.8	Pts: 123246
Global: 16461 - Correct: 80% of 100 tests
Global Best: 
  Inner Net 1
  -- 1 : 1 = -0.078851
  -- 1 : 2 = 0.333816
  -- 1 : 3 = -0.138335
  -- 1 : 4 = -0.00236297
  -- 1 : 5 = 0.524355
  -- 2 : 1 = 0.250045
  -- 2 : 2 = -0.0859588
  -- 2 : 3 = -0.428889
  -- 2 : 4 = -0.0155811
  -- 2 : 5 = -0.185941
  -- 3 : 1 = -0.423443
  -- 3 : 2 = 0.264488
  -- 3 : 3 = 0.0793712
  -- 3 : 4 = -0.0780084
  -- 3 : 5 = 0.018384
  -- 4 : 1 = 0.561288
  -- 4 : 2 = 0.120592
  -- 4 : 3 = 0.107261
  -- 4 : 4 = -0.00568683
  -- 4 : 5 = 0.276095
  -- 5 : 1 = 0.898417
  -- 5 : 2 = 0.304186
  -- 5 : 3 = 0.429594
  -- 5 : 4 = 0.149228
  -- 5 : 5 = -0.0463992
  -- 6 : 1 = -0.101503
  -- 6 : 2 = 0.000477509
  -- 6 : 3 = 0.102363
  -- 6 : 4 = 0.0938166
  -- 6 : 5 = 0.0376962
  Inner Net 2
  -- 1 : 1 = -0.401398
  -- 1 : 2 = -0.0653035
  -- 2 : 1 = 0.213037
  -- 2 : 2 = -0.278217
  -- 3 : 1 = -0.749845
  -- 3 : 2 = 0.393572
  -- 4 : 1 = -0.300577
  -- 4 : 2 = 0.0481458
  -- 5 : 1 = -0.158176
  -- 5 : 2 = 0.191586
Out\Act	False		True
False	0.628748	0.213232	0.84198
True	0.0713946	0.0866254	0.15802
	0.700143	0.299857
	Accuracy [ (tp + tn) / testSize ]: 0.715374
	Precision [ tp / (tp + fp) ]:      0.288431
	Sensitivity [ tp / (tp + fn) ]:    0.546547
	Specificity [ tn / (tn + fp) ]:    0.746328
	F-Score [ 2tp / (2tp + fp + fn) ]: 0.377985
Particle (3):: Fit: 15626.3	PB: 15626.3	LB: 16253.5	GB: 16461	Cor: 0	Pts: 53045
Particle (2):: Fit: 14909.1	PB: 14909.1	LB: 16253.5	GB: 16461	Cor: 0	Pts: 112511
Particle (9):: Fit: 14642.1	PB: 14642.1	LB: 16448.9	GB: 16461	Cor: 0	Pts: 172286
Particle (46):: Fit: 15313.3	PB: 15313.3	LB: 16284	GB: 16461	Cor: 0	Pts: 117255
Particle (40):: Fit: 0.130291	PB: 0.130291	LB: 16461	GB: 16461	Cor: 0	Pts: 52293
Particle (15):: Fit: 15638.2	PB: 15638.2	LB: 16448.9	GB: 16461	Cor: 0	Pts: 247069
Particle (43):: Fit: 15864.2	PB: 15864.2	LB: 16461	GB: 16461	Cor: 0	Pts: 177226
Particle (17):: Fit: 14433.8	PB: 14433.8	LB: 15641.7	GB: 16461	Cor: 0	Pts: 92239
Particle (13):: Fit: 16036.6	PB: 16036.6	LB: 16448.9	GB: 16461	Cor: 0	Pts: 172287
Particle (17):: Fit: 15261.1	PB: 15261.1	LB: 16036.6	GB: 16461	Cor: 0	Pts: 92148
Particle (16):: Fit: 15653.2	PB: 15653.2	LB: 16036.6	GB: 16461	Cor: 0	Pts: 151860
Particle (27):: Fit: 14672.2	PB: 14672.2	LB: 16041.2	GB: 16461	Cor: 0	Pts: 52346
Particle (2):: Fit: 15035	PB: 15035	LB: 16253.5	GB: 16461	Cor: 0	Pts: 111653
Particle (27):: Fit: 14860.6	PB: 14860.6	LB: 16041.2	GB: 16461	Cor: 0	Pts: 52233
Particle (49):: Fit: 15469.3	PB: 15469.3	LB: 16284	GB: 16461	Cor: 0	Pts: 46788
Particle (35):: Fit: 14861.1	PB: 14861.1	LB: 16461	GB: 16461	Cor: 0	Pts: 71022
Particle (49):: Fit: 15645	PB: 15645	LB: 16284	GB: 16461	Cor: 0	Pts: 46448
Particle (2):: Fit: 16909.1	PB: 16909.1	LB: 16909.1	GB: 16909.1	Cor: 0.82	Pts: 170952
Global: 16909.1 - Correct: 82% of 100 tests
Global Best: 
  Inner Net 1
  -- 1 : 1 = -0.706076
  -- 1 : 2 = -0.321889
  -- 1 : 3 = -0.0357712
  -- 1 : 4 = 0.0469014
  -- 1 : 5 = -0.181399
  -- 2 : 1 = 0.209765
  -- 2 : 2 = 0.0290911
  -- 2 : 3 = -0.433552
  -- 2 : 4 = -0.112065
  -- 2 : 5 = 0.207996
  -- 3 : 1 = -0.389996
  -- 3 : 2 = 0.0234989
  -- 3 : 3 = -0.010615
  -- 3 : 4 = 0.00662711
  -- 3 : 5 = 0.534348
  -- 4 : 1 = 0.0163493
  -- 4 : 2 = -0.0176838
  -- 4 : 3 = -0.132661
  -- 4 : 4 = -0.259039
  -- 4 : 5 = 0.12689
  -- 5 : 1 = 0.347441
  -- 5 : 2 = 0.154454
  -- 5 : 3 = -0.0105788
  -- 5 : 4 = -0.254016
  -- 5 : 5 = 0.0108015
  -- 6 : 1 = 0.249903
  -- 6 : 2 = -0.176949
  -- 6 : 3 = -0.390258
  -- 6 : 4 = -0.38986
  -- 6 : 5 = -0.0798686
  Inner Net 2
  -- 1 : 1 = -0.131372
  -- 1 : 2 = -0.262533
  -- 2 : 1 = 0.264741
  -- 2 : 2 = 0.266657
  -- 3 : 1 = -0.260057
  -- 3 : 2 = 0.0131319
  -- 4 : 1 = -0.888368
  -- 4 : 2 = 0.0744419
  -- 5 : 1 = 0.221948
  -- 5 : 2 = 0.135588
Out\Act	False		True
False	0.756307	0.0856735	0.84198
True	0.0990005	0.0590195	0.15802
	0.855307	0.144693
	Accuracy [ (tp + tn) / testSize ]: 0.815326
	Precision [ tp / (tp + fp) ]:      0.406557
	Sensitivity [ tp / (tp + fn) ]:    0.372372
	Specificity [ tn / (tn + fp) ]:    0.89774
	F-Score [ 2tp / (2tp + fp + fn) ]: 0.389325
Particle (46):: Fit: 15601.9	PB: 15601.9	LB: 16284	GB: 16909.1	Cor: 0	Pts: 115403
Particle (41):: Fit: 15459.6	PB: 15459.6	LB: 16461	GB: 16909.1	Cor: 0	Pts: 100306
Particle (18):: Fit: 15022.6	PB: 15022.6	LB: 15653.2	GB: 16909.1	Cor: 0	Pts: 85261
Particle (9):: Fit: 14803.4	PB: 14803.4	LB: 16448.9	GB: 16909.1	Cor: 0	Pts: 169986
Particle (38):: Fit: 15113	PB: 15113	LB: 16461	GB: 16909.1	Cor: 0	Pts: 79950
Particle (9):: Fit: 15078.4	PB: 15078.4	LB: 16448.9	GB: 16909.1	Cor: 0	Pts: 170003
Particle (3):: Fit: 16049.5	PB: 16049.5	LB: 16909.1	GB: 16909.1	Cor: 0	Pts: 50507
Particle (31):: Fit: 15651.2	PB: 15651.2	LB: 16230.8	GB: 16909.1	Cor: 0	Pts: 144652
Particle (27):: Fit: 15053.5	PB: 15053.5	LB: 16041.2	GB: 16909.1	Cor: 0	Pts: 50690
Particle (24):: Fit: 15877.3	PB: 15877.3	LB: 16041.2	GB: 16909.1	Cor: 0	Pts: 60496
Particle (8):: Fit: 16088	PB: 16088	LB: 16448.9	GB: 16909.1	Cor: 0	Pts: 74951
Particle (17):: Fit: 16270.9	PB: 16270.9	LB: 16270.9	GB: 16909.1	Cor: 0	Pts: 119634
Particle (37):: Fit: 16083.6	PB: 16083.6	LB: 16461	GB: 16909.1	Cor: 0	Pts: 104279
Particle (18):: Fit: 15214.6	PB: 15214.6	LB: 16270.9	GB: 16909.1	Cor: 0	Pts: 83770
Particle (5):: Fit: 15508.7	PB: 15508.7	LB: 16909.1	GB: 16909.1	Cor: 0	Pts: 68827
Particle (46):: Fit: 15827.8	PB: 15827.8	LB: 16284	GB: 16909.1	Cor: 0	Pts: 113620
Particle (49):: Fit: 15888.2	PB: 15888.2	LB: 16909.1	GB: 16909.1	Cor: 0	Pts: 43945
Particle (35):: Fit: 15463.8	PB: 15463.8	LB: 16461	GB: 16909.1	Cor: 0	Pts: 68035
Particle (9):: Fit: 15083.6	PB: 15083.6	LB: 16448.9	GB: 16909.1	Cor: 0	Pts: 167848
Particle (32):: Fit: 15623.4	PB: 15623.4	LB: 16230.8	GB: 16909.1	Cor: 0	Pts: 53092
Particle (35):: Fit: 17098.9	PB: 17098.9	LB: 17098.9	GB: 17098.9	Cor: 0.83	Pts: 127637
Global: 17098.9 - Correct: 83% of 100 tests
Global Best: 
  Inner Net 1
  -- 1 : 1 = -0.304056
  -- 1 : 2 = 0.153164
  -- 1 : 3 = -0.069911
  -- 1 : 4 = -0.279384
  -- 1 : 5 = -0.390288
  -- 2 : 1 = 0.0617031
  -- 2 : 2 = -0.167514
  -- 2 : 3 = -0.123096
  -- 2 : 4 = -0.373539
  -- 2 : 5 = 0.324306
  -- 3 : 1 = 0.234478
  -- 3 : 2 = 0.0152258
  -- 3 : 3 = -0.200157
  -- 3 : 4 = -0.209979
  -- 3 : 5 = -0.147797
  -- 4 : 1 = 0.164935
  -- 4 : 2 = -0.0435638
  -- 4 : 3 = 0.169976
  -- 4 : 4 = 0.129863
  -- 4 : 5 = 0.542956
  -- 5 : 1 = 0.79439
  -- 5 : 2 = 0.310989
  -- 5 : 3 = -0.116662
  -- 5 : 4 = -0.546556
  -- 5 : 5 = -0.0554883
  -- 6 : 1 = 0.0583289
  -- 6 : 2 = 0.0154296
  -- 6 : 3 = -0.222552
  -- 6 : 4 = 0.0340795
  -- 6 : 5 = 0.42867
  Inner Net 2
  -- 1 : 1 = -0.460047
  -- 1 : 2 = -0.275119
  -- 2 : 1 = -0.173781
  -- 2 : 2 = 0.155359
  -- 3 : 1 = 0.0878323
  -- 3 : 2 = -0.232323
  -- 4 : 1 = -0.666267
  -- 4 : 2 = 0.135942
  -- 5 : 1 = 0.199164
  -- 5 : 2 = -0.495303
Out\Act	False		True
False	0.721561	0.120419	0.84198
True	0.0980485	0.0599714	0.15802
	0.81961	0.18039
	Accuracy [ (tp + tn) / testSize ]: 0.781533
	Precision [ tp / (tp + fp) ]:      0.331579
	Sensitivity [ tp / (tp + fn) ]:    0.378378
	Specificity [ tn / (tn + fp) ]:    0.856497
	F-Score [ 2tp / (2tp + fp + fn) ]: 0.353933
Particle (27):: Fit: 15240.2	PB: 15240.2	LB: 16041.2	GB: 17098.9	Cor: 0	Pts: 48490
Particle (26):: Fit: 15830.8	PB: 15830.8	LB: 16041.2	GB: 17098.9	Cor: 0	Pts: 342726
Particle (14):: Fit: 15844	PB: 15844	LB: 16448.9	GB: 17098.9	Cor: 0	Pts: 77610
Particle (31):: Fit: 15694.7	PB: 15694.7	LB: 17098.9	GB: 17098.9	Cor: 0	Pts: 142025
Particle (38):: Fit: 15439.4	PB: 15439.4	LB: 17098.9	GB: 17098.9	Cor: 0	Pts: 76765
Particle (46):: Fit: 16451.1	PB: 16451.1	LB: 16451.1	GB: 17098.9	Cor: 0	Pts: 126835
Global Best: 
  Inner Net 1
  -- 1 : 1 = -0.304056
  -- 1 : 2 = 0.153164
  -- 1 : 3 = -0.069911
  -- 1 : 4 = -0.279384
  -- 1 : 5 = -0.390288
  -- 2 : 1 = 0.0617031
  -- 2 : 2 = -0.167514
  -- 2 : 3 = -0.123096
  -- 2 : 4 = -0.373539
  -- 2 : 5 = 0.324306
  -- 3 : 1 = 0.234478
  -- 3 : 2 = 0.0152258
  -- 3 : 3 = -0.200157
  -- 3 : 4 = -0.209979
  -- 3 : 5 = -0.147797
  -- 4 : 1 = 0.164935
  -- 4 : 2 = -0.0435638
  -- 4 : 3 = 0.169976
  -- 4 : 4 = 0.129863
  -- 4 : 5 = 0.542956
  -- 5 : 1 = 0.79439
  -- 5 : 2 = 0.310989
  -- 5 : 3 = -0.116662
  -- 5 : 4 = -0.546556
  -- 5 : 5 = -0.0554883
  -- 6 : 1 = 0.0583289
  -- 6 : 2 = 0.0154296
  -- 6 : 3 = -0.222552
  -- 6 : 4 = 0.0340795
  -- 6 : 5 = 0.42867
  Inner Net 2
  -- 1 : 1 = -0.460047
  -- 1 : 2 = -0.275119
  -- 2 : 1 = -0.173781
  -- 2 : 2 = 0.155359
  -- 3 : 1 = 0.0878323
  -- 3 : 2 = -0.232323
  -- 4 : 1 = -0.666267
  -- 4 : 2 = 0.135942
  -- 5 : 1 = 0.199164
  -- 5 : 2 = -0.495303
Out\Act	False		True
False	0.721561	0.120419	0.84198
True	0.0980485	0.0599714	0.15802
	0.81961	0.18039
	Accuracy [ (tp + tn) / testSize ]: 0.781533
	Precision [ tp / (tp + fp) ]:      0.331579
	Sensitivity [ tp / (tp + fn) ]:    0.378378
	Specificity [ tn / (tn + fp) ]:    0.856497
	F-Score [ 2tp / (2tp + fp + fn) ]: 0.353933
