
Date / Time: Fri Mar 31 04:36:09 2017

   ****************************************
   * PSO Neural Net (Gaussian Activation) *
   *       by William Boler, BSCE         *
   *     Research Assistant, IUPUI        *
   *                                      *
   *  Professor: Dr. Lauren Christopher   *
   *     Created: March 13, 2017          *
   ****************************************


Inputs: 6
Inner Nets: 1
 - 5
Tests per train(min): 100
Particles: 50
Neighbors: 10
Minimum Particle Iterations: 1000
Particle (0):: Fit: 0.000948312	PB: 0.000948312	LB: 0.000948312	GB: 0.000948312	Cor: 0.56	Pts: 110099
Particle (1):: Fit: 0.00125259	PB: 0.00125259	LB: 0.00125259	GB: 0.00125259	Cor: 0.55	Pts: 110099
Particle (2):: Fit: 0.000117434	PB: 0.000117434	LB: 0.00125259	GB: 0.00125259	Cor: 0.55	Pts: 55099
Particle (3):: Fit: 0.000969943	PB: 0.000969943	LB: 0.00125259	GB: 0.00125259	Cor: 0.55	Pts: 60099
Particle (4):: Fit: 0.000101036	PB: 0.000101036	LB: 0.00125259	GB: 0.00125259	Cor: 0.55	Pts: 55099
Particle (5):: Fit: 0.000129731	PB: 0.000129731	LB: 0.00125259	GB: 0.00125259	Cor: 0.55	Pts: 60099
Particle (6):: Fit: 9.89861e-005	PB: 9.89861e-005	LB: 0.000969943	GB: 0.00125259	Cor: 0.55	Pts: 55099
Particle (7):: Fit: 0.000107185	PB: 0.000107185	LB: 0.000969943	GB: 0.00125259	Cor: 0.55	Pts: 60099
Particle (8):: Fit: 9.81541e-006	PB: 9.81541e-006	LB: 0.000129731	GB: 0.00125259	Cor: 0.55	Pts: 55099
Particle (9):: Fit: 0.000111302	PB: 0.000111302	LB: 0.000129731	GB: 0.00125259	Cor: 0.55	Pts: 70099
Particle (10):: Fit: 0.000101036	PB: 0.000101036	LB: 0.000111302	GB: 0.00125259	Cor: 0.55	Pts: 55099
Particle (11):: Fit: 0.000105136	PB: 0.000105136	LB: 0.000111302	GB: 0.00125259	Cor: 0.55	Pts: 60099
Particle (12):: Fit: 0.000105136	PB: 0.000105136	LB: 0.000111302	GB: 0.00125259	Cor: 0.55	Pts: 55099
Particle (13):: Fit: 0.000115384	PB: 0.000115384	LB: 0.000115384	GB: 0.00125259	Cor: 0.55	Pts: 90099
Particle (14):: Fit: 0.000111285	PB: 0.000111285	LB: 0.000115384	GB: 0.00125259	Cor: 0.55	Pts: 55099
Particle (15):: Fit: 0.001093	PB: 0.001093	LB: 0.001093	GB: 0.00125259	Cor: 0.55	Pts: 100099
Particle (16):: Fit: 9.28364e-005	PB: 9.28364e-005	LB: 0.001093	GB: 0.00125259	Cor: 0.55	Pts: 55099
Particle (17):: Fit: 0.000117436	PB: 0.000117436	LB: 0.001093	GB: 0.00125259	Cor: 0.55	Pts: 60099
Particle (18):: Fit: 8.4637e-005	PB: 8.4637e-005	LB: 0.001093	GB: 0.00125259	Cor: 0.55	Pts: 55099
Particle (19):: Fit: 0.000115384	PB: 0.000115384	LB: 0.001093	GB: 0.00125259	Cor: 0.55	Pts: 60099
Particle (20):: Fit: 0.000107192	PB: 0.000107192	LB: 0.000117436	GB: 0.00125259	Cor: 0.55	Pts: 55099
Particle (21):: Fit: 8.66873e-005	PB: 8.66873e-005	LB: 0.000117436	GB: 0.00125259	Cor: 0.55	Pts: 55099
Particle (22):: Fit: 9.21416e-006	PB: 9.21416e-006	LB: 0.000115384	GB: 0.00125259	Cor: 0.55	Pts: 55099
Particle (23):: Fit: 9.6936e-005	PB: 9.6936e-005	LB: 0.000115384	GB: 0.00125259	Cor: 0.55	Pts: 65099
Particle (24):: Fit: 7.85101e-005	PB: 7.85101e-005	LB: 0.000107192	GB: 0.00125259	Cor: 0.55	Pts: 55099
Particle (25):: Fit: 9.69362e-005	PB: 9.69362e-005	LB: 9.69362e-005	GB: 0.00125259	Cor: 0.55	Pts: 75099
Particle (26):: Fit: 0.000115385	PB: 0.000115385	LB: 0.000115385	GB: 0.00125259	Cor: 0.55	Pts: 95099
Particle (27):: Fit: 9.08024e-005	PB: 9.08024e-005	LB: 0.000115385	GB: 0.00125259	Cor: 0.55	Pts: 55099
Particle (28):: Fit: 0.000113337	PB: 0.000113337	LB: 0.000115385	GB: 0.00125259	Cor: 0.55	Pts: 60099
Particle (29):: Fit: 9.28413e-005	PB: 9.28413e-005	LB: 0.000115385	GB: 0.00125259	Cor: 0.55	Pts: 55099
Particle (30):: Fit: 0.000111284	PB: 0.000111284	LB: 0.000115385	GB: 0.00125259	Cor: 0.55	Pts: 60099
Particle (31):: Fit: 0.000113334	PB: 0.000113334	LB: 0.000113337	GB: 0.00125259	Cor: 0.55	Pts: 65099
Particle (32):: Fit: 9.69484e-005	PB: 9.69484e-005	LB: 0.000113337	GB: 0.00125259	Cor: 0.55	Pts: 55099
Particle (33):: Fit: 9.8987e-005	PB: 9.8987e-005	LB: 0.000113334	GB: 0.00125259	Cor: 0.55	Pts: 60099
Particle (34):: Fit: 0.000103086	PB: 0.000103086	LB: 0.000113334	GB: 0.00125259	Cor: 0.55	Pts: 65099
Particle (35):: Fit: 0.000109235	PB: 0.000109235	LB: 0.000113334	GB: 0.00125259	Cor: 0.55	Pts: 70099
Particle (36):: Fit: 8.87819e-005	PB: 8.87819e-005	LB: 0.000109235	GB: 0.00125259	Cor: 0.55	Pts: 55099
Particle (37):: Fit: 8.25879e-005	PB: 8.25879e-005	LB: 0.000109235	GB: 0.00125259	Cor: 0.55	Pts: 55099
Particle (38):: Fit: 9.07965e-005	PB: 9.07965e-005	LB: 0.000109235	GB: 0.00125259	Cor: 0.55	Pts: 65099
Particle (39):: Fit: 9.07105e-005	PB: 9.07105e-005	LB: 0.000109235	GB: 0.00125259	Cor: 0.55	Pts: 55099
Particle (40):: Fit: 0.000121544	PB: 0.000121544	LB: 0.000121544	GB: 0.00125259	Cor: 0.55	Pts: 100099
Particle (41):: Fit: 0.00119516	PB: 0.00119516	LB: 0.00119516	GB: 0.00125259	Cor: 0.55	Pts: 100099
Particle (42):: Fit: 0.000110162	PB: 0.000110162	LB: 0.00119516	GB: 0.00125259	Cor: 0.55	Pts: 50099
Particle (43):: Fit: 7.84872e-005	PB: 7.84872e-005	LB: 0.00119516	GB: 0.00125259	Cor: 0.55	Pts: 50099
Particle (44):: Fit: 8.26335e-005	PB: 8.26335e-005	LB: 0.00119516	GB: 0.00125259	Cor: 0.55	Pts: 50099
Particle (45):: Fit: 9.89861e-005	PB: 9.89861e-005	LB: 0.00119516	GB: 0.00125259	Cor: 0.55	Pts: 50099
Particle (46):: Fit: 9.89845e-005	PB: 9.89845e-005	LB: 0.00125259	GB: 0.00125259	Cor: 0.55	Pts: 50099
Particle (47):: Fit: 0.000103086	PB: 0.000103086	LB: 0.00125259	GB: 0.00125259	Cor: 0.55	Pts: 50099
Particle (48):: Fit: 0.00109296	PB: 0.00109296	LB: 0.00125259	GB: 0.00125259	Cor: 0.55	Pts: 50099
Particle (49):: Fit: 9.89991e-005	PB: 9.89991e-005	LB: 0.00125259	GB: 0.00125259	Cor: 0.55	Pts: 50099
Global: 0.00125259 - Correct: 55% of 100 tests
Global Best: 
  Inner Net 1
  -- 1 : 1 = 0.1001
  -- 1 : 2 = 0.0153
  -- 1 : 3 = 0.0203
  -- 1 : 4 = 0.2386
  -- 1 : 5 = 0.1483
  -- 2 : 1 = 0.679
  -- 2 : 2 = 0.853
  -- 2 : 3 = 0.5254
  -- 2 : 4 = 0.2545
  -- 2 : 5 = 0.6475
  -- 3 : 1 = 0.061
  -- 3 : 2 = 0.4509
  -- 3 : 3 = 0.036
  -- 3 : 4 = 0.7151
  -- 3 : 5 = 0.3171
  -- 4 : 1 = 0.6365
  -- 4 : 2 = 0.195
  -- 4 : 3 = 0.5454
  -- 4 : 4 = 0.3271
  -- 4 : 5 = 0.0064
  -- 5 : 1 = 0.8386
  -- 5 : 2 = 0.7526
  -- 5 : 3 = 0.6318
  -- 5 : 4 = 0.425
  -- 5 : 5 = 0.678
  -- 6 : 1 = 0.7156
  -- 6 : 2 = 0.5543
  -- 6 : 3 = 0.6922
  -- 6 : 4 = 0.3661
  -- 6 : 5 = 0.2319
  Inner Net 2
  -- 1 : 1 = -0.0981271
  -- 1 : 2 = 0.2823
  -- 2 : 1 = -0.264256
  -- 2 : 2 = -0.295892
  -- 3 : 1 = -0.2473
  -- 3 : 2 = -0.193997
  -- 4 : 1 = 0.212
  -- 4 : 2 = 0.3354
  -- 5 : 1 = -0.091
  -- 5 : 2 = -0.1625
Out\Act	False		True
False	0.84198	0	0.84198
True	0.15802	0	0.15802
	1	0
	Accuracy [ (tp + tn) / testSize ]: 0.84198
	Precision [ tp / (tp + fp) ]:      0
	Sensitivity [ tp / (tp + fn) ]:    0
	Specificity [ tn / (tn + fp) ]:    0.999435
	F-Score [ 2tp / (2tp + fp + fn) ]: 0
Particle (4):: Fit: 0.000103205	PB: 0.000103205	LB: 0.00125259	GB: 0.00125259	Cor: 0	Pts: 55198
Particle (8):: Fit: 0.000113343	PB: 0.000113343	LB: 0.000129731	GB: 0.00125259	Cor: 0	Pts: 55198
Particle (11):: Fit: 0.000115384	PB: 0.000115384	LB: 0.001093	GB: 0.00125259	Cor: 0	Pts: 60198
Particle (13):: Fit: 0.000117434	PB: 0.000117434	LB: 0.001093	GB: 0.00125259	Cor: 0	Pts: 90198
Particle (16):: Fit: 0.000111285	PB: 0.000111285	LB: 0.001093	GB: 0.00125259	Cor: 0	Pts: 55198
Particle (18):: Fit: 0.000105136	PB: 0.000105136	LB: 0.001093	GB: 0.00125259	Cor: 0	Pts: 55198
Particle (20):: Fit: 0.000109244	PB: 0.000109244	LB: 0.000117436	GB: 0.00125259	Cor: 0	Pts: 55198
Particle (22):: Fit: 9.6939e-005	PB: 9.6939e-005	LB: 0.000115385	GB: 0.00125259	Cor: 0	Pts: 55197
Particle (24):: Fit: 0.000119491	PB: 0.000119491	LB: 0.000119491	GB: 0.00125259	Cor: 0	Pts: 100198
Particle (27):: Fit: 0.000113352	PB: 0.000113352	LB: 0.000119491	GB: 0.00125259	Cor: 0	Pts: 60198
Particle (28):: Fit: 0.00101096	PB: 0.00101096	LB: 0.00101096	GB: 0.00125259	Cor: 0	Pts: 110198
Particle (30):: Fit: 0.00107106	PB: 0.00107106	LB: 0.00107106	GB: 0.00125259	Cor: 0	Pts: 110198
Particle (33):: Fit: 0.000115437	PB: 0.000115437	LB: 0.00107106	GB: 0.00125259	Cor: 0	Pts: 60198
Particle (34):: Fit: 0.000109235	PB: 0.000109235	LB: 0.00107106	GB: 0.00125259	Cor: 0	Pts: 65198
Particle (36):: Fit: 0.000113335	PB: 0.000113335	LB: 0.00119516	GB: 0.00125259	Cor: 0	Pts: 55198
Particle (37):: Fit: 0.000105136	PB: 0.000105136	LB: 0.00119516	GB: 0.00125259	Cor: 0	Pts: 55198
Particle (39):: Fit: 0.000123593	PB: 0.000123593	LB: 0.00119516	GB: 0.00125259	Cor: 0	Pts: 60198
Particle (43):: Fit: 0.00101004	PB: 0.00101004	LB: 0.00119516	GB: 0.00125259	Cor: 0	Pts: 50198
Particle (44):: Fit: 0.000109325	PB: 0.000109325	LB: 0.00119516	GB: 0.00125259	Cor: 0	Pts: 50198
Particle (46):: Fit: 0.00111258	PB: 0.00111258	LB: 0.00125259	GB: 0.00125259	Cor: 0	Pts: 50198
Particle (0):: Fit: 0.000990197	PB: 0.000990197	LB: 0.00125259	GB: 0.00125259	Cor: 0	Pts: 110197
Particle (4):: Fit: 0.000109235	PB: 0.000109235	LB: 0.00125259	GB: 0.00125259	Cor: 0	Pts: 55297
Particle (6):: Fit: 0.000101036	PB: 0.000101036	LB: 0.000969943	GB: 0.00125259	Cor: 0	Pts: 55197
Particle (10):: Fit: 0.000107185	PB: 0.000107185	LB: 0.001093	GB: 0.00125259	Cor: 0	Pts: 55197
Particle (12):: Fit: 0.000117434	PB: 0.000117434	LB: 0.001093	GB: 0.00125259	Cor: 0	Pts: 55197
Particle (14):: Fit: 0.000115384	PB: 0.000115384	LB: 0.001093	GB: 0.00125259	Cor: 0	Pts: 55197
Particle (23):: Fit: 0.000101036	PB: 0.000101036	LB: 0.00101096	GB: 0.00125259	Cor: 0	Pts: 65197
Particle (24):: Fit: 0.000900478	PB: 0.000900478	LB: 0.00101096	GB: 0.00125259	Cor: 0	Pts: 115297
Particle (25):: Fit: 0.000109235	PB: 0.000109235	LB: 0.00107106	GB: 0.00125259	Cor: 0	Pts: 75197
Particle (29):: Fit: 0.000101042	PB: 0.000101042	LB: 0.00107106	GB: 0.00125259	Cor: 0	Pts: 55197
Particle (30):: Fit: 0.00115417	PB: 0.00115417	LB: 0.00115417	GB: 0.00125259	Cor: 0	Pts: 160297
Particle (32):: Fit: 0.000103086	PB: 0.000103086	LB: 0.00115417	GB: 0.00125259	Cor: 0	Pts: 55197
