
Date / Time: Fri Mar 31 01:14:35 2017

   ****************************************
   * PSO Neural Net (Gaussian Activation) *
   *       by William Boler, BSCE         *
   *     Research Assistant, IUPUI        *
   *                                      *
   *  Professor: Dr. Lauren Christopher   *
   *     Created: March 13, 2017          *
   ****************************************


Inputs: 10
Inner Nets: 1
 - 9
Tests per train(min): 100
Particles: 50
Neighbors: 10
Minimum Particle Iterations: 1000
Particle (0):: Fit: 45.1629	PB: 45.1629	LB: 45.1629	GB: 45.1629	Conf: 1.98977	Pts: 110099
Particle (1):: Fit: 41.617	PB: 41.617	LB: 45.1629	GB: 45.1629	Conf: 2	Pts: 55099
Particle (2):: Fit: 5.71916	PB: 5.71916	LB: 45.1629	GB: 45.1629	Conf: 0.946852	Pts: 55099
Particle (3):: Fit: 43.2128	PB: 43.2128	LB: 45.1629	GB: 45.1629	Conf: 2	Pts: 65099
Particle (4):: Fit: 44.1538	PB: 44.1538	LB: 45.1629	GB: 45.1629	Conf: 1.96763	Pts: 70099
Particle (5):: Fit: 42.5221	PB: 42.5221	LB: 44.1538	GB: 45.1629	Conf: 1.61298	Pts: 55099
Particle (6):: Fit: 43.5405	PB: 43.5405	LB: 44.1538	GB: 45.1629	Conf: 0.82793	Pts: 60099
Particle (7):: Fit: 42.6858	PB: 42.6858	LB: 44.1538	GB: 45.1629	Conf: 2	Pts: 55099
Particle (8):: Fit: 89.0411	PB: 89.0411	LB: 89.0411	GB: 89.0411	Conf: 1.5682	Pts: 110099
Particle (9):: Fit: 95.9193	PB: 95.9193	LB: 95.9193	GB: 95.9193	Conf: 1.96234	Pts: 110099
Particle (10):: Fit: 42.5713	PB: 42.5713	LB: 95.9193	GB: 95.9193	Conf: 1.63612	Pts: 55099
Particle (11):: Fit: 44.5106	PB: 44.5106	LB: 95.9193	GB: 95.9193	Conf: 2	Pts: 60099
Particle (12):: Fit: 76.9256	PB: 76.9256	LB: 95.9193	GB: 95.9193	Conf: 1.80373	Pts: 65099
Particle (13):: Fit: 82.9854	PB: 82.9854	LB: 95.9193	GB: 95.9193	Conf: 1.38943	Pts: 70099
Particle (14):: Fit: 42.6858	PB: 42.6858	LB: 82.9854	GB: 95.9193	Conf: 2	Pts: 55099
Particle (15):: Fit: 81.9346	PB: 81.9346	LB: 82.9854	GB: 95.9193	Conf: 1.78183	Pts: 60099
Particle (16):: Fit: 41.9503	PB: 41.9503	LB: 82.9854	GB: 95.9193	Conf: 1.984	Pts: 55099
Particle (17):: Fit: 41.0747	PB: 41.0747	LB: 82.9854	GB: 95.9193	Conf: 2	Pts: 55099
Particle (18):: Fit: 42.5302	PB: 42.5302	LB: 81.9346	GB: 95.9193	Conf: 1.78124	Pts: 65099
Particle (19):: Fit: 46.0338	PB: 46.0338	LB: 81.9346	GB: 95.9193	Conf: 2	Pts: 70099
Particle (20):: Fit: 69.7318	PB: 69.7318	LB: 69.7318	GB: 95.9193	Conf: 1.57887	Pts: 75099
Particle (21):: Fit: 44.0888	PB: 44.0888	LB: 69.7318	GB: 95.9193	Conf: 1.91191	Pts: 55099
Particle (22):: Fit: 42.1539	PB: 42.1539	LB: 69.7318	GB: 95.9193	Conf: 2	Pts: 55099
Particle (23):: Fit: 5.68382	PB: 5.68382	LB: 69.7318	GB: 95.9193	Conf: 0.425217	Pts: 55099
Particle (24):: Fit: 47.2777	PB: 47.2777	LB: 69.7318	GB: 95.9193	Conf: 2	Pts: 70099
Particle (25):: Fit: 46.3265	PB: 46.3265	LB: 47.2777	GB: 95.9193	Conf: 1.97656	Pts: 55099
Particle (26):: Fit: 43.7352	PB: 43.7352	LB: 47.2777	GB: 95.9193	Conf: 2	Pts: 55099
Particle (27):: Fit: 43.2128	PB: 43.2128	LB: 47.2777	GB: 95.9193	Conf: 2	Pts: 55099
Particle (28):: Fit: 43.7352	PB: 43.7352	LB: 47.2777	GB: 95.9193	Conf: 2	Pts: 60099
Particle (29):: Fit: 42.6858	PB: 42.6858	LB: 46.3265	GB: 95.9193	Conf: 2	Pts: 55099
Particle (30):: Fit: 79.9288	PB: 79.9288	LB: 79.9288	GB: 95.9193	Conf: 1.62807	Pts: 100099
Particle (31):: Fit: 43.2128	PB: 43.2128	LB: 79.9288	GB: 95.9193	Conf: 2	Pts: 55099
Particle (32):: Fit: 57.8316	PB: 57.8316	LB: 79.9288	GB: 95.9193	Conf: 0.777115	Pts: 60099
Particle (33):: Fit: 41.6213	PB: 41.6213	LB: 79.9288	GB: 95.9193	Conf: 1.98238	Pts: 55099
Particle (34):: Fit: 6.91603	PB: 6.91603	LB: 79.9288	GB: 95.9193	Conf: 0.651932	Pts: 55099
Particle (35):: Fit: 31.2727	PB: 31.2727	LB: 57.8316	GB: 95.9193	Conf: 0.517252	Pts: 60099
Particle (36):: Fit: 42.4205	PB: 42.4205	LB: 57.8316	GB: 95.9193	Conf: 2	Pts: 70099
Particle (37):: Fit: 41.5936	PB: 41.5936	LB: 42.4205	GB: 95.9193	Conf: 0.50209	Pts: 55099
Particle (38):: Fit: 6.64564	PB: 6.64564	LB: 42.4205	GB: 95.9193	Conf: 0.851946	Pts: 55099
Particle (39):: Fit: 38.8618	PB: 38.8618	LB: 42.4205	GB: 95.9193	Conf: 1.94257	Pts: 60099
Particle (40):: Fit: 46.3016	PB: 46.3016	LB: 46.3016	GB: 95.9193	Conf: 1.20153	Pts: 90099
Particle (41):: Fit: 41.8861	PB: 41.8861	LB: 46.3016	GB: 95.9193	Conf: 2	Pts: 50099
Particle (42):: Fit: 43.4746	PB: 43.4746	LB: 46.3016	GB: 95.9193	Conf: 2	Pts: 50099
Particle (43):: Fit: 89.3673	PB: 89.3673	LB: 89.3673	GB: 95.9193	Conf: 1.97449	Pts: 100099
Particle (44):: Fit: 45.297	PB: 45.297	LB: 89.3673	GB: 95.9193	Conf: 1.98913	Pts: 55099
Particle (45):: Fit: 45.0223	PB: 45.0223	LB: 89.3673	GB: 95.9193	Conf: 2	Pts: 50099
Particle (46):: Fit: 43.4746	PB: 43.4746	LB: 89.3673	GB: 95.9193	Conf: 2	Pts: 50099
Particle (47):: Fit: 42.7034	PB: 42.7034	LB: 89.3673	GB: 95.9193	Conf: 1.93716	Pts: 50099
Particle (48):: Fit: 54.0862	PB: 54.0862	LB: 54.0862	GB: 95.9193	Conf: 0.913733	Pts: 75099
Particle (49):: Fit: 41.3465	PB: 41.3465	LB: 54.0862	GB: 95.9193	Conf: 2	Pts: 50099
Global: 95.9193 - Correct: 46% of 100 tests
Global Best: 
  Inner Net 1
  -- 1 : 1 = 0.4376
  -- 1 : 2 = 0.597
  -- 1 : 3 = 0.541
  -- 1 : 4 = 0.583
  -- 1 : 5 = 0.7121
  -- 1 : 6 = 0.9964
  -- 1 : 7 = 0.6083
  -- 1 : 8 = 0.0852
  -- 1 : 9 = 0.8049
  -- 2 : 1 = 0.4624
  -- 2 : 2 = 0.1983
  -- 2 : 3 = 0.3047
  -- 2 : 4 = 0.9778
  -- 2 : 5 = 0.8172
  -- 2 : 6 = 0.5966
  -- 2 : 7 = 0.044
  -- 2 : 8 = 0.609
  -- 2 : 9 = 0.0833
  -- 3 : 1 = 0.7785
  -- 3 : 2 = 0.2695
  -- 3 : 3 = 0.4202
  -- 3 : 4 = 0.6121
  -- 3 : 5 = 0.7956
  -- 3 : 6 = 0.4877
  -- 3 : 7 = 0.8871
  -- 3 : 8 = 0.9691
  -- 3 : 9 = 0.7211
  -- 4 : 1 = 0.8082
  -- 4 : 2 = 0.0359
  -- 4 : 3 = 0.4604
  -- 4 : 4 = 0.3948
  -- 4 : 5 = 0.9679
  -- 4 : 6 = 0.3294
  -- 4 : 7 = 0.6104
  -- 4 : 8 = 0.4854
  -- 4 : 9 = 0.1958
  -- 5 : 1 = 0.8266
  -- 5 : 2 = 0.1346
  -- 5 : 3 = 0.7889
  -- 5 : 4 = 0.8081
  -- 5 : 5 = 0.6763
  -- 5 : 6 = 0.6104
  -- 5 : 7 = 0.1566
  -- 5 : 8 = 0.8153
  -- 5 : 9 = 0.1128
  -- 6 : 1 = 0.4987
  -- 6 : 2 = 0.8015
  -- 6 : 3 = 0.092
  -- 6 : 4 = 0.8414
  -- 6 : 5 = 0.5022
  -- 6 : 6 = 0.6714
  -- 6 : 7 = 0.1584
  -- 6 : 8 = 0.5114
  -- 6 : 9 = 0.2988
  -- 7 : 1 = 0.7883
  -- 7 : 2 = 0.3565
  -- 7 : 3 = 0.8504
  -- 7 : 4 = 0.1902
  -- 7 : 5 = 0.86
  -- 7 : 6 = 0.9161
  -- 7 : 7 = 0.5148
  -- 7 : 8 = 0.5949
  -- 7 : 9 = 0.956
  -- 8 : 1 = 0.1855
  -- 8 : 2 = 0.1682
  -- 8 : 3 = 0.4805
  -- 8 : 4 = 0.0438
  -- 8 : 5 = 0.1378
  -- 8 : 6 = 0.2258
  -- 8 : 7 = 0.4955
  -- 8 : 8 = 0.3475
  -- 8 : 9 = 0.043
  -- 9 : 1 = 0.903
  -- 9 : 2 = 0.9569
  -- 9 : 3 = 0.1738
  -- 9 : 4 = 0.0783
  -- 9 : 5 = 0.6478
  -- 9 : 6 = 0.1768
  -- 9 : 7 = 0.364
  -- 9 : 8 = 0.6417
  -- 9 : 9 = 0.8452
  -- 10 : 1 = 0.7141
  -- 10 : 2 = 0.4172
  -- 10 : 3 = 0.0696
  -- 10 : 4 = 0.1324
  -- 10 : 5 = 0.6054
  -- 10 : 6 = 0.3995
  -- 10 : 7 = 0.4258
  -- 10 : 8 = 0.2142
  -- 10 : 9 = 0.607
  Inner Net 2
  -- 1 : 1 = -0.1089
  -- 1 : 2 = -0.1439
  -- 2 : 1 = 0.4799
  -- 2 : 2 = -0.1225
  -- 3 : 1 = -0.221132
  -- 3 : 2 = 0.1957
  -- 4 : 1 = -0.0248526
  -- 4 : 2 = -0.0808
  -- 5 : 1 = -0.212506
  -- 5 : 2 = 0.1161
  -- 6 : 1 = -0.2856
  -- 6 : 2 = 0.484
  -- 7 : 1 = 0.2731
  -- 7 : 2 = -0.1876
  -- 8 : 1 = 0.2992
  -- 8 : 2 = -0.1222
  -- 9 : 1 = -0.3355
  -- 9 : 2 = -0.3301
Out\Act	False		True
False	0.84198	0	0.84198
True	0.15802	0	0.15802
	1	0
	Accuracy [ (tp + tn) / testSize ]: 0.84198
	Precision [ tp / (tp + fp) ]:      0
	Sensitivity [ tp / (tp + fn) ]:    0
	Specificity [ tn / (tn + fp) ]:    0.999435
	F-Score [ 2tp / (2tp + fp + fn) ]: 0
Particle (1):: Fit: 44.5106	PB: 44.5106	LB: 54.0862	GB: 95.9193	Conf: 2	Pts: 55198
Particle (2):: Fit: 5.88889	PB: 5.88889	LB: 54.0862	GB: 95.9193	Conf: 0.488767	Pts: 55198
Particle (4):: Fit: 93.5126	PB: 93.5126	LB: 95.9193	GB: 95.9193	Conf: 1.93772	Pts: 95198
Particle (5):: Fit: 80.7054	PB: 80.7054	LB: 95.9193	GB: 95.9193	Conf: 1.72801	Pts: 55198
Particle (7):: Fit: 44.2701	PB: 44.2701	LB: 95.9193	GB: 95.9193	Conf: 1.98609	Pts: 55198
Particle (10):: Fit: 59.4521	PB: 59.4521	LB: 95.9193	GB: 95.9193	Conf: 1.77209	Pts: 55198
Particle (14):: Fit: 43.4746	PB: 43.4746	LB: 82.9854	GB: 95.9193	Conf: 2	Pts: 55198
Particle (15):: Fit: 91.6864	PB: 91.6864	LB: 91.6864	GB: 95.9193	Conf: 1.7219	Pts: 90198
Particle (16):: Fit: 42.4205	PB: 42.4205	LB: 91.6864	GB: 95.9193	Conf: 2	Pts: 55198
Particle (17):: Fit: 42.1539	PB: 42.1539	LB: 91.6864	GB: 95.9193	Conf: 2	Pts: 55198
Particle (18):: Fit: 85.1956	PB: 85.1956	LB: 91.6864	GB: 95.9193	Conf: 1.85804	Pts: 80198
Particle (22):: Fit: 42.4205	PB: 42.4205	LB: 85.1956	GB: 95.9193	Conf: 2	Pts: 55198
Particle (23):: Fit: 41.1746	PB: 41.1746	LB: 69.7318	GB: 95.9193	Conf: 0.768686	Pts: 55197
Particle (27):: Fit: 43.7352	PB: 43.7352	LB: 79.9288	GB: 95.9193	Conf: 2	Pts: 55198
Particle (29):: Fit: 43.4746	PB: 43.4746	LB: 79.9288	GB: 95.9193	Conf: 2	Pts: 55198
Particle (33):: Fit: 44.2305	PB: 44.2305	LB: 79.9288	GB: 95.9193	Conf: 1.95322	Pts: 55198
Particle (35):: Fit: 42.6246	PB: 42.6246	LB: 57.8316	GB: 95.9193	Conf: 0.79454	Pts: 60198
Particle (36):: Fit: 44.767	PB: 44.767	LB: 57.8316	GB: 95.9193	Conf: 2	Pts: 70198
Particle (39):: Fit: 93.7562	PB: 93.7562	LB: 93.7562	GB: 95.9193	Conf: 1.96784	Pts: 110198
Particle (40):: Fit: 51.2395	PB: 51.2395	LB: 93.7562	GB: 95.9193	Conf: 0.500905	Pts: 90198
Particle (41):: Fit: 42.9499	PB: 42.9499	LB: 93.7562	GB: 95.9193	Conf: 2	Pts: 50198
Particle (42):: Fit: 44.767	PB: 44.767	LB: 93.7562	GB: 95.9193	Conf: 2	Pts: 50198
Particle (45):: Fit: 45.2766	PB: 45.2766	LB: 89.3673	GB: 95.9193	Conf: 2	Pts: 50198
Particle (46):: Fit: 45.2766	PB: 45.2766	LB: 89.3673	GB: 95.9193	Conf: 2	Pts: 50198
Particle (49):: Fit: 43.2128	PB: 43.2128	LB: 93.5126	GB: 95.9193	Conf: 2	Pts: 50198
Particle (6):: Fit: 45.145	PB: 45.145	LB: 95.9193	GB: 95.9193	Conf: 0.982537	Pts: 60196
Particle (10):: Fit: 69.6481	PB: 69.6481	LB: 95.9193	GB: 95.9193	Conf: 1.6999	Pts: 55297
Particle (15):: Fit: 92.7242	PB: 92.7242	LB: 92.7242	GB: 95.9193	Conf: 1.75874	Pts: 120297
Particle (16):: Fit: 43.9948	PB: 43.9948	LB: 92.7242	GB: 95.9193	Conf: 2	Pts: 55297
Particle (20):: Fit: 82.2309	PB: 82.2309	LB: 85.1956	GB: 95.9193	Conf: 1.80618	Pts: 85197
Particle (38):: Fit: 43.8792	PB: 43.8792	LB: 93.7562	GB: 95.9193	Conf: 0.621221	Pts: 55197
Particle (41):: Fit: 43.4746	PB: 43.4746	LB: 93.7562	GB: 95.9193	Conf: 2	Pts: 50297
Particle (43):: Fit: 96.3649	PB: 96.3649	LB: 96.3649	GB: 96.3649	Conf: 1.98887	Pts: 160197
Particle (47):: Fit: 44.0126	PB: 44.0126	LB: 96.3649	GB: 96.3649	Conf: 1.96454	Pts: 50197
Global: 96.3649 - Correct: 47% of 100 tests
Global Best: 
  Inner Net 1
  -- 1 : 1 = 0.0647
  -- 1 : 2 = 0.5091
  -- 1 : 3 = 0.0584
  -- 1 : 4 = 0.0748
  -- 1 : 5 = 0.5028
  -- 1 : 6 = 0.2287
  -- 1 : 7 = 0.6745
  -- 1 : 8 = 0.441
  -- 1 : 9 = 0.1612
  -- 2 : 1 = 0.4169
  -- 2 : 2 = 0.3817
  -- 2 : 3 = 0.5406
  -- 2 : 4 = 0.0704
  -- 2 : 5 = 0.1544
  -- 2 : 6 = 0.1828
  -- 2 : 7 = 0.2871
  -- 2 : 8 = 0.2743
  -- 2 : 9 = 0.7039
  -- 3 : 1 = 0.7744
  -- 3 : 2 = 0.4802
  -- 3 : 3 = 0.8345
  -- 3 : 4 = 0.6001
  -- 3 : 5 = 0.8963
  -- 3 : 6 = 0.739
  -- 3 : 7 = 0.1241
  -- 3 : 8 = 0.8678
  -- 3 : 9 = 0.7701
  -- 4 : 1 = 0.9792
  -- 4 : 2 = 0.0774
  -- 4 : 3 = 0.6543
  -- 4 : 4 = 0.0359
  -- 4 : 5 = 0.4601
  -- 4 : 6 = 0.1875
  -- 4 : 7 = 0.183
  -- 4 : 8 = 0.4292
  -- 4 : 9 = 0.3765
  -- 5 : 1 = 0.071
  -- 5 : 2 = 0.593
  -- 5 : 3 = 0.7767
  -- 5 : 4 = 0.1301
  -- 5 : 5 = 0.579
  -- 5 : 6 = 0.0602
  -- 5 : 7 = 0.8749
  -- 5 : 8 = 0.2543
  -- 5 : 9 = 0.9801
  -- 6 : 1 = 0.7215
  -- 6 : 2 = 0.062
  -- 6 : 3 = 0.3411
  -- 6 : 4 = 0.1476
  -- 6 : 5 = 0.8607
  -- 6 : 6 = 0.4933
  -- 6 : 7 = 0.6242
  -- 6 : 8 = 0.3236
  -- 6 : 9 = 0.1791
  -- 7 : 1 = 0.9126
  -- 7 : 2 = 0.1179
  -- 7 : 3 = 0.0693
  -- 7 : 4 = 0.3081
  -- 7 : 5 = 0.4578
  -- 7 : 6 = 0.4598
  -- 7 : 7 = 0.6353
  -- 7 : 8 = 0.8767
  -- 7 : 9 = 0.2741
  -- 8 : 1 = 0.9716
  -- 8 : 2 = 0.5315
  -- 8 : 3 = 0.9518
  -- 8 : 4 = 0.0259
  -- 8 : 5 = 0.7014
  -- 8 : 6 = 0.2973
  -- 8 : 7 = 0.6742
  -- 8 : 8 = 0.7616
  -- 8 : 9 = 0.5165
  -- 9 : 1 = 0.207
  -- 9 : 2 = 0.5049
  -- 9 : 3 = 0.1589
  -- 9 : 4 = 0.0546
  -- 9 : 5 = 0.3592
  -- 9 : 6 = 0.7538
  -- 9 : 7 = 0.773
  -- 9 : 8 = 0.1736
  -- 9 : 9 = 0.9273
  -- 10 : 1 = 0.1897
  -- 10 : 2 = 0.5311
  -- 10 : 3 = 0.1982
  -- 10 : 4 = 0.1912
  -- 10 : 5 = 0.6164
  -- 10 : 6 = 0.6056
  -- 10 : 7 = 0.4985
  -- 10 : 8 = 0.9131
  -- 10 : 9 = 0.7247
  Inner Net 2
  -- 1 : 1 = 0.0419853
  -- 1 : 2 = -0.057053
  -- 2 : 1 = 0.321556
  -- 2 : 2 = -0.224754
  -- 3 : 1 = 0.4428
  -- 3 : 2 = 0.27059
  -- 4 : 1 = -0.534741
  -- 4 : 2 = -0.00422339
  -- 5 : 1 = 0.00611493
  -- 5 : 2 = 0.0477254
  -- 6 : 1 = 0.30191
  -- 6 : 2 = 0.197523
  -- 7 : 1 = 0.675215
  -- 7 : 2 = 0.0763839
  -- 8 : 1 = -0.0559462
  -- 8 : 2 = 0.0904042
  -- 9 : 1 = 0.185123
  -- 9 : 2 = -0.0179476
Out\Act	False		True
False	0.84198	0	0.84198
True	0.15802	0	0.15802
	1	0
	Accuracy [ (tp + tn) / testSize ]: 0.84198
	Precision [ tp / (tp + fp) ]:      0
	Sensitivity [ tp / (tp + fn) ]:    0
	Specificity [ tn / (tn + fp) ]:    0.999435
	F-Score [ 2tp / (2tp + fp + fn) ]: 0
Particle (2):: Fit: 6.29353	PB: 6.29353	LB: 93.5126	GB: 96.3649	Conf: 0.612364	Pts: 55295
Particle (12):: Fit: 79.1478	PB: 79.1478	LB: 95.9193	GB: 96.3649	Conf: 1.86092	Pts: 65196
Particle (17):: Fit: 42.9499	PB: 42.9499	LB: 92.7242	GB: 96.3649	Conf: 2	Pts: 55296
Particle (21):: Fit: 44.1061	PB: 44.1061	LB: 85.1956	GB: 96.3649	Conf: 1.93886	Pts: 55196
Particle (22):: Fit: 44.5106	PB: 44.5106	LB: 85.1956	GB: 96.3649	Conf: 2	Pts: 55296
Particle (23):: Fit: 41.5303	PB: 41.5303	LB: 82.2309	GB: 96.3649	Conf: 0.955463	Pts: 55295
Particle (26):: Fit: 44.2532	PB: 44.2532	LB: 79.9288	GB: 96.3649	Conf: 2	Pts: 55196
Particle (30):: Fit: 86.1554	PB: 86.1554	LB: 86.1554	GB: 96.3649	Conf: 1.61792	Pts: 145196
Particle (34):: Fit: 43.3853	PB: 43.3853	LB: 93.7562	GB: 96.3649	Conf: 0.111131	Pts: 55196
Particle (41):: Fit: 43.7352	PB: 43.7352	LB: 96.3649	GB: 96.3649	Conf: 2	Pts: 50396
Particle (47):: Fit: 93.7526	PB: 93.7526	LB: 96.3649	GB: 96.3649	Conf: 1.96008	Pts: 70296
Particle (2):: Fit: 6.82695	PB: 6.82695	LB: 93.5126	GB: 96.3649	Conf: 0.183989	Pts: 55394
Particle (7):: Fit: 92.6604	PB: 92.6604	LB: 95.9193	GB: 96.3649	Conf: 1.96878	Pts: 55295
Particle (15):: Fit: 97.7284	PB: 97.7284	LB: 97.7284	GB: 97.7284	Conf: 1.79665	Pts: 180395
Particle (17):: Fit: 44.5106	PB: 44.5106	LB: 97.7284	GB: 97.7284	Conf: 2	Pts: 55395
Particle (26):: Fit: 44.5106	PB: 44.5106	LB: 86.1554	GB: 97.7284	Conf: 2	Pts: 55295
Particle (32):: Fit: 69.0405	PB: 69.0405	LB: 86.1554	GB: 97.7284	Conf: 1.04924	Pts: 60195
Particle (33):: Fit: 97.9536	PB: 97.9536	LB: 97.9536	GB: 97.9536	Conf: 1.97363	Pts: 115295
Particle (35):: Fit: 44.4364	PB: 44.4364	LB: 97.9536	GB: 97.9536	Conf: 0.388767	Pts: 60295
Particle (37):: Fit: 41.7929	PB: 41.7929	LB: 97.9536	GB: 97.9536	Conf: 0.7334	Pts: 55195
Particle (47):: Fit: 95.6153	PB: 95.6153	LB: 96.3649	GB: 97.9536	Conf: 1.92275	Pts: 90395
Global: 97.9536 - Correct: 45% of 100 tests
Global Best: 
  Inner Net 1
  -- 1 : 1 = 0.6839
  -- 1 : 2 = 0.6549
  -- 1 : 3 = 0.5082
  -- 1 : 4 = 0.9252
  -- 1 : 5 = 0.2346
  -- 1 : 6 = 0.2185
  -- 1 : 7 = 0.4324
  -- 1 : 8 = 0.3502
  -- 1 : 9 = 0.4509
  -- 2 : 1 = 0.4572
  -- 2 : 2 = 0.3708
  -- 2 : 3 = 0.0679
  -- 2 : 4 = 0.2116
  -- 2 : 5 = 0.8973
  -- 2 : 6 = 0.6161
  -- 2 : 7 = 0.2666
  -- 2 : 8 = 0.9424
  -- 2 : 9 = 0.8048
  -- 3 : 1 = 0.0426
  -- 3 : 2 = 0.8568
  -- 3 : 3 = 0.6298
  -- 3 : 4 = 0.1217
  -- 3 : 5 = 0.2643
  -- 3 : 6 = 0.2349
  -- 3 : 7 = 0.7762
  -- 3 : 8 = 0.996
  -- 3 : 9 = 0.5122
  -- 4 : 1 = 0.677
  -- 4 : 2 = 0.6218
  -- 4 : 3 = 0.755
  -- 4 : 4 = 0.2367
  -- 4 : 5 = 0.7731
  -- 4 : 6 = 0.1052
  -- 4 : 7 = 0.3262
  -- 4 : 8 = 0.6323
  -- 4 : 9 = 0.0916
  -- 5 : 1 = 0.1955
  -- 5 : 2 = 0.6351
  -- 5 : 3 = 0.7088
  -- 5 : 4 = 0.1616
  -- 5 : 5 = 0.9913
  -- 5 : 6 = 0.9649
  -- 5 : 7 = 0.1505
  -- 5 : 8 = 0.9651
  -- 5 : 9 = 0.6332
  -- 6 : 1 = 0.1031
  -- 6 : 2 = 0.3731
  -- 6 : 3 = 0.2393
  -- 6 : 4 = 0.2742
  -- 6 : 5 = 0.1348
  -- 6 : 6 = 0.8501
  -- 6 : 7 = 0.2277
  -- 6 : 8 = 0.6606
  -- 6 : 9 = 0.2168
  -- 7 : 1 = 0.0108
  -- 7 : 2 = 0.9046
  -- 7 : 3 = 0.7657
  -- 7 : 4 = 0.6381
  -- 7 : 5 = 0.7834
  -- 7 : 6 = 0.0951
  -- 7 : 7 = 0.1109
  -- 7 : 8 = 0.0989
  -- 7 : 9 = 0.7888
  -- 8 : 1 = 0.5622
  -- 8 : 2 = 0.1511
  -- 8 : 3 = 0.7479
  -- 8 : 4 = 0.9553
  -- 8 : 5 = 0.036
  -- 8 : 6 = 0.2979
  -- 8 : 7 = 0.9697
  -- 8 : 8 = 0.3736
  -- 8 : 9 = 0.8267
  -- 9 : 1 = 0.2348
  -- 9 : 2 = 0
  -- 9 : 3 = 0.9917
  -- 9 : 4 = 0.4267
  -- 9 : 5 = 0.3917
  -- 9 : 6 = 0.207
  -- 9 : 7 = 0.8789
  -- 9 : 8 = 0.1897
  -- 9 : 9 = 0.9383
  -- 10 : 1 = 0.1179
  -- 10 : 2 = 0.58
  -- 10 : 3 = 0.6153
  -- 10 : 4 = 0.3339
  -- 10 : 5 = 0.8591
  -- 10 : 6 = 0.1366
  -- 10 : 7 = 0.0347
  -- 10 : 8 = 0.5787
  -- 10 : 9 = 0.1326
  Inner Net 2
  -- 1 : 1 = -0.281663
  -- 1 : 2 = 0.140707
  -- 2 : 1 = -0.534351
  -- 2 : 2 = -0.364272
  -- 3 : 1 = 0.187892
  -- 3 : 2 = -0.321012
  -- 4 : 1 = 0.0755975
  -- 4 : 2 = -0.146722
  -- 5 : 1 = 0.377731
  -- 5 : 2 = -0.062745
  -- 6 : 1 = -0.172622
  -- 6 : 2 = -0.0209825
  -- 7 : 1 = 0.63437
  -- 7 : 2 = -0.040554
  -- 8 : 1 = -0.148749
  -- 8 : 2 = -0.0499503
  -- 9 : 1 = 0.112632
  -- 9 : 2 = 0.147327
Out\Act	False		True
False	0.841504	0.000475964	0.84198
True	0.157544	0.000475964	0.15802
	0.999048	0.000951928
	Accuracy [ (tp + tn) / testSize ]: 0.84198
	Precision [ tp / (tp + fp) ]:      0.333333
	Sensitivity [ tp / (tp + fn) ]:    0.003003
	Specificity [ tn / (tn + fp) ]:    0.99887
	F-Score [ 2tp / (2tp + fp + fn) ]: 0.00597015
Particle (3):: Fit: 44.5106	PB: 44.5106	LB: 93.5126	GB: 97.9536	Conf: 2	Pts: 65194
Particle (18):: Fit: 86.7773	PB: 86.7773	LB: 97.7284	GB: 97.9536	Conf: 1.83492	Pts: 95294
Particle (21):: Fit: 44.5515	PB: 44.5515	LB: 86.7773	GB: 97.9536	Conf: 1.95194	Pts: 55294
Particle (26):: Fit: 45.0223	PB: 45.0223	LB: 86.1554	GB: 97.9536	Conf: 2	Pts: 55394
Particle (27):: Fit: 44.767	PB: 44.767	LB: 86.1554	GB: 97.9536	Conf: 2	Pts: 55294
Particle (40):: Fit: 52.3898	PB: 52.3898	LB: 96.3649	GB: 97.9536	Conf: 0.624449	Pts: 90294
Particle (49):: Fit: 43.4746	PB: 43.4746	LB: 95.6153	GB: 97.9536	Conf: 2	Pts: 50294
Particle (5):: Fit: 84.759	PB: 84.759	LB: 95.9193	GB: 97.9536	Conf: 1.43701	Pts: 55293
Particle (6):: Fit: 45.805	PB: 45.805	LB: 95.9193	GB: 97.9536	Conf: 0.926378	Pts: 60292
Particle (10):: Fit: 69.79	PB: 69.79	LB: 97.7284	GB: 97.9536	Conf: 1.63711	Pts: 55393
Particle (12):: Fit: 89.8271	PB: 89.8271	LB: 97.7284	GB: 97.9536	Conf: 1.88096	Pts: 65293
Particle (18):: Fit: 89.1627	PB: 89.1627	LB: 97.7284	GB: 97.9536	Conf: 1.90991	Pts: 110393
Particle (31):: Fit: 43.4746	PB: 43.4746	LB: 97.9536	GB: 97.9536	Conf: 2	Pts: 55193
Particle (35):: Fit: 45.8364	PB: 45.8364	LB: 97.9536	GB: 97.9536	Conf: 0.814978	Pts: 60392
Particle (37):: Fit: 41.828	PB: 41.828	LB: 97.9536	GB: 97.9536	Conf: 0.222194	Pts: 55293
Particle (38):: Fit: 46.3461	PB: 46.3461	LB: 96.3649	GB: 97.9536	Conf: 0.879448	Pts: 55292
Particle (40):: Fit: 59.4817	PB: 59.4817	LB: 96.3649	GB: 97.9536	Conf: 1.14319	Pts: 90393
Particle (41):: Fit: 45.0223	PB: 45.0223	LB: 96.3649	GB: 97.9536	Conf: 2	Pts: 50493
Particle (48):: Fit: 90.4812	PB: 90.4812	LB: 95.6153	GB: 97.9536	Conf: 0.611317	Pts: 75193
Particle (49):: Fit: 43.9948	PB: 43.9948	LB: 95.6153	GB: 97.9536	Conf: 2	Pts: 50393
Particle (1):: Fit: 45.53	PB: 45.53	LB: 95.6153	GB: 97.9536	Conf: 2	Pts: 55292
Particle (4):: Fit: 96.3774	PB: 96.3774	LB: 96.3774	GB: 97.9536	Conf: 1.92176	Pts: 145292
Particle (5):: Fit: 86.7395	PB: 86.7395	LB: 96.3774	GB: 97.9536	Conf: 1.69149	Pts: 55392
Particle (11):: Fit: 93.1804	PB: 93.1804	LB: 97.7284	GB: 97.9536	Conf: 1.98494	Pts: 60192
Particle (14):: Fit: 45.2766	PB: 45.2766	LB: 97.7284	GB: 97.9536	Conf: 2	Pts: 55292
Particle (18):: Fit: 92.6847	PB: 92.6847	LB: 97.7284	GB: 97.9536	Conf: 1.88381	Pts: 125492
Particle (20):: Fit: 82.597	PB: 82.597	LB: 92.6847	GB: 97.9536	Conf: 1.84002	Pts: 95292
Particle (23):: Fit: 43.5069	PB: 43.5069	LB: 82.597	GB: 97.9536	Conf: 0.789379	Pts: 55390
Particle (2):: Fit: 6.87798	PB: 6.87798	LB: 96.3774	GB: 97.9536	Conf: 0.809147	Pts: 55488
Particle (5):: Fit: 89.7509	PB: 89.7509	LB: 96.3774	GB: 97.9536	Conf: 1.68334	Pts: 55491
Particle (11):: Fit: 96.884	PB: 96.884	LB: 97.7284	GB: 97.9536	Conf: 1.98734	Pts: 80291
Particle (16):: Fit: 45.0223	PB: 45.0223	LB: 97.7284	GB: 97.9536	Conf: 2	Pts: 55391
Particle (38):: Fit: 46.9515	PB: 46.9515	LB: 96.3649	GB: 97.9536	Conf: 0.845609	Pts: 55390
Particle (1):: Fit: 46.2844	PB: 46.2844	LB: 96.3774	GB: 97.9536	Conf: 2	Pts: 55390
Particle (2):: Fit: 43.2245	PB: 43.2245	LB: 96.3774	GB: 97.9536	Conf: 0.00643723	Pts: 55587
Particle (10):: Fit: 72.2502	PB: 72.2502	LB: 97.7284	GB: 97.9536	Conf: 1.76416	Pts: 55490
Particle (36):: Fit: 45.2766	PB: 45.2766	LB: 97.9536	GB: 97.9536	Conf: 2	Pts: 70290
Particle (0):: Fit: 45.3367	PB: 45.3367	LB: 96.3774	GB: 97.9536	Conf: 1.95717	Pts: 110189
Particle (2):: Fit: 43.5572	PB: 43.5572	LB: 96.3774	GB: 97.9536	Conf: 0.710814	Pts: 55686
Particle (5):: Fit: 94.4691	PB: 94.4691	LB: 96.3774	GB: 97.9536	Conf: 1.65105	Pts: 55589
Particle (11):: Fit: 96.8859	PB: 96.8859	LB: 97.7284	GB: 97.9536	Conf: 1.98854	Pts: 100389
Particle (20):: Fit: 82.7609	PB: 82.7609	LB: 92.6847	GB: 97.9536	Conf: 1.77971	Pts: 105389
Particle (30):: Fit: 89.9051	PB: 89.9051	LB: 97.9536	GB: 97.9536	Conf: 1.75277	Pts: 160289
Particle (32):: Fit: 69.4485	PB: 69.4485	LB: 97.9536	GB: 97.9536	Conf: 0.690417	Pts: 60289
Particle (39):: Fit: 97.8797	PB: 97.8797	LB: 97.8797	GB: 97.9536	Conf: 1.92621	Pts: 140289
Particle (44):: Fit: 45.53	PB: 45.53	LB: 96.3649	GB: 97.9536	Conf: 2	Pts: 55189
Particle (16):: Fit: 93.721	PB: 93.721	LB: 97.7284	GB: 97.9536	Conf: 1.98686	Pts: 60488
Particle (20):: Fit: 89.4413	PB: 89.4413	LB: 93.721	GB: 97.9536	Conf: 1.75326	Pts: 115488
Particle (21):: Fit: 46.1556	PB: 46.1556	LB: 92.6847	GB: 97.9536	Conf: 1.92642	Pts: 55388
Particle (32):: Fit: 77.0866	PB: 77.0866	LB: 97.9536	GB: 97.9536	Conf: 1.23752	Pts: 60388
Particle (34):: Fit: 45.2137	PB: 45.2137	LB: 97.9536	GB: 97.9536	Conf: 0.841527	Pts: 55287
Particle (49):: Fit: 44.5106	PB: 44.5106	LB: 96.3774	GB: 97.9536	Conf: 2	Pts: 50488
Particle (0):: Fit: 92.1314	PB: 92.1314	LB: 96.3774	GB: 97.9536	Conf: 1.96536	Pts: 110287
Particle (7):: Fit: 95.3143	PB: 95.3143	LB: 96.8859	GB: 97.9536	Conf: 1.98786	Pts: 55387
Particle (23):: Fit: 44.0045	PB: 44.0045	LB: 89.4413	GB: 97.9536	Conf: 0.883462	Pts: 55485
Particle (25):: Fit: 95.364	PB: 95.364	LB: 95.364	GB: 97.9536	Conf: 1.96881	Pts: 95187
Particle (28):: Fit: 44.2532	PB: 44.2532	LB: 97.9536	GB: 97.9536	Conf: 2	Pts: 60187
Particle (29):: Fit: 43.4876	PB: 43.4876	LB: 97.9536	GB: 97.9536	Conf: 1.98444	Pts: 55287
Particle (2):: Fit: 44.4608	PB: 44.4608	LB: 96.3774	GB: 97.9536	Conf: 0.521145	Pts: 55783
Particle (6):: Fit: 48.0087	PB: 48.0087	LB: 96.8859	GB: 97.9536	Conf: 0.434991	Pts: 60385
Particle (21):: Fit: 80.9899	PB: 80.9899	LB: 95.364	GB: 97.9536	Conf: 1.88616	Pts: 55486
Particle (16):: Fit: 94.7875	PB: 94.7875	LB: 97.7284	GB: 97.9536	Conf: 1.98892	Pts: 60585
Particle (37):: Fit: 43.2367	PB: 43.2367	LB: 97.9536	GB: 97.9536	Conf: 0.239858	Pts: 55383
Particle (2):: Fit: 47.4029	PB: 47.4029	LB: 96.3774	GB: 97.9536	Conf: 0.309876	Pts: 55881
Particle (5):: Fit: 95.2637	PB: 95.2637	LB: 96.3774	GB: 97.9536	Conf: 1.65802	Pts: 55684
Particle (31):: Fit: 43.7352	PB: 43.7352	LB: 97.9536	GB: 97.9536	Conf: 2	Pts: 55284
Particle (34):: Fit: 45.2415	PB: 45.2415	LB: 97.9536	GB: 97.9536	Conf: 0.803902	Pts: 55382
Particle (39):: Fit: 98.0728	PB: 98.0728	LB: 98.0728	GB: 98.0728	Conf: 1.96581	Pts: 200384
Particle (41):: Fit: 45.2766	PB: 45.2766	LB: 98.0728	GB: 98.0728	Conf: 2	Pts: 50584
Global: 98.0728 - Correct: 42% of 100 tests
Global Best: 
  Inner Net 1
  -- 1 : 1 = 0.3218
  -- 1 : 2 = 0.6135
  -- 1 : 3 = 0.5116
  -- 1 : 4 = 0.1281
  -- 1 : 5 = 0.3528
  -- 1 : 6 = 0.8428
  -- 1 : 7 = 0.0806
  -- 1 : 8 = 0.0677
  -- 1 : 9 = 0.5729
  -- 2 : 1 = 0.8871
  -- 2 : 2 = 0.3447
  -- 2 : 3 = 0.1244
  -- 2 : 4 = 0.1999
  -- 2 : 5 = 0.4749
  -- 2 : 6 = 0.2705
  -- 2 : 7 = 0.6251
  -- 2 : 8 = 0.2729
  -- 2 : 9 = 0.0701
  -- 3 : 1 = 0.4517
  -- 3 : 2 = 0.1314
  -- 3 : 3 = 0.4409
  -- 3 : 4 = 0.8248
  -- 3 : 5 = 0.0849
  -- 3 : 6 = 0.9831
  -- 3 : 7 = 0.4275
  -- 3 : 8 = 0.3459
  -- 3 : 9 = 0.8071
  -- 4 : 1 = 0.6867
  -- 4 : 2 = 0.9912
  -- 4 : 3 = 0.9019
  -- 4 : 4 = 0.6943
  -- 4 : 5 = 0.2219
  -- 4 : 6 = 0.9754
  -- 4 : 7 = 0.084
  -- 4 : 8 = 0.4959
  -- 4 : 9 = 0.365
  -- 5 : 1 = 0.7872
  -- 5 : 2 = 0.2533
  -- 5 : 3 = 0.2795
  -- 5 : 4 = 0.5469
  -- 5 : 5 = 0.3804
  -- 5 : 6 = 0.3583
  -- 5 : 7 = 0.3016
  -- 5 : 8 = 0.2039
  -- 5 : 9 = 0.7867
  -- 6 : 1 = 0.0715
  -- 6 : 2 = 0.2181
  -- 6 : 3 = 0.343
  -- 6 : 4 = 0.6556
  -- 6 : 5 = 0.1965
  -- 6 : 6 = 0.8315
  -- 6 : 7 = 0.0925
  -- 6 : 8 = 0.8021
  -- 6 : 9 = 0.8183
  -- 7 : 1 = 0.6596
  -- 7 : 2 = 0.5139
  -- 7 : 3 = 0.3282
  -- 7 : 4 = 0.4095
  -- 7 : 5 = 0.8619
  -- 7 : 6 = 0.2932
  -- 7 : 7 = 0.5968
  -- 7 : 8 = 0.9812
  -- 7 : 9 = 0.1922
  -- 8 : 1 = 0.0167
  -- 8 : 2 = 0.1753
  -- 8 : 3 = 0.9986
  -- 8 : 4 = 0.4522
  -- 8 : 5 = 0.9888
  -- 8 : 6 = 0.3681
  -- 8 : 7 = 0.6867
  -- 8 : 8 = 0.683
  -- 8 : 9 = 0.8055
  -- 9 : 1 = 0.8384
  -- 9 : 2 = 0.804
  -- 9 : 3 = 0.0017
  -- 9 : 4 = 0.9
  -- 9 : 5 = 0.1089
  -- 9 : 6 = 0.9369
  -- 9 : 7 = 0.1033
  -- 9 : 8 = 0.2924
  -- 9 : 9 = 0.5483
  -- 10 : 1 = 0.2858
  -- 10 : 2 = 0.8444
  -- 10 : 3 = 0.8664
  -- 10 : 4 = 0.0797
  -- 10 : 5 = 0.1039
  -- 10 : 6 = 0.849
  -- 10 : 7 = 0.5573
  -- 10 : 8 = 0.5583
  -- 10 : 9 = 0.4369
  Inner Net 2
  -- 1 : 1 = -0.60763
  -- 1 : 2 = -0.202061
  -- 2 : 1 = 0.0755797
  -- 2 : 2 = 0.0523478
  -- 3 : 1 = -0.105961
  -- 3 : 2 = -0.221453
  -- 4 : 1 = -0.152214
  -- 4 : 2 = 0.36388
  -- 5 : 1 = 0.103635
  -- 5 : 2 = 0.0142869
  -- 6 : 1 = -0.313864
  -- 6 : 2 = 0.00990837
  -- 7 : 1 = 0.488052
  -- 7 : 2 = -0.188199
  -- 8 : 1 = 0.443553
  -- 8 : 2 = -0.324159
  -- 9 : 1 = 0.0900382
  -- 9 : 2 = -0.026745
Out\Act	False		True
False	0.84198	0	0.84198
True	0.15802	0	0.15802
	1	0
	Accuracy [ (tp + tn) / testSize ]: 0.84198
	Precision [ tp / (tp + fp) ]:      0
	Sensitivity [ tp / (tp + fn) ]:    0
	Specificity [ tn / (tn + fp) ]:    0.999435
	F-Score [ 2tp / (2tp + fp + fn) ]: 0
Particle (20):: Fit: 96.0114	PB: 96.0114	LB: 96.0114	GB: 98.0728	Conf: 1.69129	Pts: 140583
Particle (47):: Fit: 95.6334	PB: 95.6334	LB: 96.3649	GB: 98.0728	Conf: 1.94585	Pts: 95483
Particle (18):: Fit: 95.8985	PB: 95.8985	LB: 97.7284	GB: 98.0728	Conf: 1.7589	Pts: 125582
Particle (23):: Fit: 44.0675	PB: 44.0675	LB: 96.0114	GB: 98.0728	Conf: 0.241946	Pts: 55578
Particle (31):: Fit: 44.5106	PB: 44.5106	LB: 97.9536	GB: 98.0728	Conf: 2	Pts: 55382
Particle (29):: Fit: 44.2532	PB: 44.2532	LB: 97.9536	GB: 98.0728	Conf: 2	Pts: 55381
Particle (49):: Fit: 44.767	PB: 44.767	LB: 96.3774	GB: 98.0728	Conf: 2	Pts: 50581
Particle (7):: Fit: 95.8418	PB: 95.8418	LB: 96.8859	GB: 98.0728	Conf: 1.98996	Pts: 55480
Particle (23):: Fit: 45.6843	PB: 45.6843	LB: 96.0114	GB: 98.0728	Conf: 0.0669197	Pts: 55675
Particle (29):: Fit: 45.53	PB: 45.53	LB: 97.9536	GB: 98.0728	Conf: 2	Pts: 55480
Particle (37):: Fit: 43.8304	PB: 43.8304	LB: 98.0728	GB: 98.0728	Conf: 0.298457	Pts: 55478
Particle (42):: Fit: 45.2766	PB: 45.2766	LB: 98.0728	GB: 98.0728	Conf: 2	Pts: 50280
Particle (32):: Fit: 82.2805	PB: 82.2805	LB: 97.9536	GB: 98.0728	Conf: 0.995452	Pts: 60479
Particle (8):: Fit: 95.039	PB: 95.039	LB: 96.8859	GB: 98.0728	Conf: 1.55458	Pts: 110178
Particle (32):: Fit: 89.0476	PB: 89.0476	LB: 97.9536	GB: 98.0728	Conf: 1.00247	Pts: 60578
Particle (10):: Fit: 78.6197	PB: 78.6197	LB: 97.7284	GB: 98.0728	Conf: 1.72268	Pts: 55577
Particle (31):: Fit: 45.7824	PB: 45.7824	LB: 97.9536	GB: 98.0728	Conf: 2	Pts: 55477
Particle (21):: Fit: 84.0718	PB: 84.0718	LB: 96.0114	GB: 98.0728	Conf: 1.94838	Pts: 55576
Particle (22):: Fit: 45.0223	PB: 45.0223	LB: 96.0114	GB: 98.0728	Conf: 2	Pts: 55375
Particle (45):: Fit: 47.524	PB: 47.524	LB: 96.3649	GB: 98.0728	Conf: 2	Pts: 50275
Particle (3):: Fit: 45.0223	PB: 45.0223	LB: 96.3774	GB: 98.0728	Conf: 2	Pts: 65274
Particle (5):: Fit: 96.7919	PB: 96.7919	LB: 96.7919	GB: 98.0728	Conf: 1.64268	Pts: 85774
Particle (28):: Fit: 45.0223	PB: 45.0223	LB: 97.9536	GB: 98.0728	Conf: 2	Pts: 60274
Particle (47):: Fit: 98.4769	PB: 98.4769	LB: 98.4769	GB: 98.4769	Conf: 1.89689	Pts: 155574
Global: 98.4769 - Correct: 50% of 100 tests
Global Best: 
  Inner Net 1
  -- 1 : 1 = 0.8933
  -- 1 : 2 = 0.306
  -- 1 : 3 = 0.0644
  -- 1 : 4 = 0.8553
  -- 1 : 5 = 0.9419
  -- 1 : 6 = 0.4609
  -- 1 : 7 = 0.4415
  -- 1 : 8 = 0.1812
  -- 1 : 9 = 0.9048
  -- 2 : 1 = 0.6903
  -- 2 : 2 = 0.1976
  -- 2 : 3 = 0.2924
  -- 2 : 4 = 0.3421
  -- 2 : 5 = 0.2144
  -- 2 : 6 = 0.0543
  -- 2 : 7 = 0.1306
  -- 2 : 8 = 0.4239
  -- 2 : 9 = 0.2387
  -- 3 : 1 = 0.9956
  -- 3 : 2 = 0.4584
  -- 3 : 3 = 0.2804
  -- 3 : 4 = 0.2037
  -- 3 : 5 = 0.3506
  -- 3 : 6 = 0.8207
  -- 3 : 7 = 0.4416
  -- 3 : 8 = 0.3698
  -- 3 : 9 = 0.4105
  -- 4 : 1 = 0.9183
  -- 4 : 2 = 0.0593
  -- 4 : 3 = 0.1293
  -- 4 : 4 = 0.5568
  -- 4 : 5 = 0.6946
  -- 4 : 6 = 0.8919
  -- 4 : 7 = 0.6148
  -- 4 : 8 = 0.6362
  -- 4 : 9 = 0.1747
  -- 5 : 1 = 0.1929
  -- 5 : 2 = 0.06
  -- 5 : 3 = 0.4361
  -- 5 : 4 = 0.1259
  -- 5 : 5 = 0.266
  -- 5 : 6 = 0.2651
  -- 5 : 7 = 0.9953
  -- 5 : 8 = 0.7325
  -- 5 : 9 = 0.5989
  -- 6 : 1 = 0.2235
  -- 6 : 2 = 0.7294
  -- 6 : 3 = 0.7715
  -- 6 : 4 = 0.3368
  -- 6 : 5 = 0.8766
  -- 6 : 6 = 0.7032
  -- 6 : 7 = 0.4023
  -- 6 : 8 = 0.0706
  -- 6 : 9 = 0.0542
  -- 7 : 1 = 0.7526
  -- 7 : 2 = 0.7814
  -- 7 : 3 = 0.87
  -- 7 : 4 = 0.7367
  -- 7 : 5 = 0.0209
  -- 7 : 6 = 0.077
  -- 7 : 7 = 0.9041
  -- 7 : 8 = 0.9726
  -- 7 : 9 = 0.2107
  -- 8 : 1 = 0.9096
  -- 8 : 2 = 0.1674
  -- 8 : 3 = 0.3573
  -- 8 : 4 = 0.4543
  -- 8 : 5 = 0.5778
  -- 8 : 6 = 0.1271
  -- 8 : 7 = 0.5292
  -- 8 : 8 = 0.1674
  -- 8 : 9 = 0.2653
  -- 9 : 1 = 0.3202
  -- 9 : 2 = 0.8682
  -- 9 : 3 = 0.3866
  -- 9 : 4 = 0.5261
  -- 9 : 5 = 0.9455
  -- 9 : 6 = 0.4493
  -- 9 : 7 = 0.1254
  -- 9 : 8 = 0.5823
  -- 9 : 9 = 0.8486
  -- 10 : 1 = 0.2222
  -- 10 : 2 = 0.5439
  -- 10 : 3 = 0.0095
  -- 10 : 4 = 0.5764
  -- 10 : 5 = 0.98
  -- 10 : 6 = 0.1542
  -- 10 : 7 = 0.7276
  -- 10 : 8 = 0.2206
  -- 10 : 9 = 0.6842
  Inner Net 2
  -- 1 : 1 = 0.109529
  -- 1 : 2 = -0.380534
  -- 2 : 1 = 0.564094
  -- 2 : 2 = 0.124836
  -- 3 : 1 = 0.318897
  -- 3 : 2 = -0.229108
  -- 4 : 1 = -0.56621
  -- 4 : 2 = 0.387421
  -- 5 : 1 = 0.240933
  -- 5 : 2 = 0.283485
  -- 6 : 1 = 0.797812
  -- 6 : 2 = 0.0208058
  -- 7 : 1 = 0.905399
  -- 7 : 2 = 0.173503
  -- 8 : 1 = 0.387291
  -- 8 : 2 = -0.329698
  -- 9 : 1 = 0.295771
  -- 9 : 2 = -0.0818793
Out\Act	False		True
False	0.84198	0	0.84198
True	0.15802	0	0.15802
	1	0
	Accuracy [ (tp + tn) / testSize ]: 0.84198
	Precision [ tp / (tp + fp) ]:      0
	Sensitivity [ tp / (tp + fn) ]:    0
	Specificity [ tn / (tn + fp) ]:    0.999435
	F-Score [ 2tp / (2tp + fp + fn) ]: 0
Particle (28):: Fit: 45.2766	PB: 45.2766	LB: 97.9536	GB: 98.4769	Conf: 2	Pts: 60373
Particle (33):: Fit: 98.4753	PB: 98.4753	LB: 98.4753	GB: 98.4769	Conf: 1.97708	Pts: 165373
Particle (37):: Fit: 44.8008	PB: 44.8008	LB: 98.4753	GB: 98.4769	Conf: 0.165287	Pts: 55569
Particle (47):: Fit: 99.0093	PB: 99.0093	LB: 99.0093	GB: 99.0093	Conf: 1.96197	Pts: 215673
Global: 99.0093 - Correct: 48% of 100 tests
Global Best: 
  Inner Net 1
  -- 1 : 1 = 0.8933
  -- 1 : 2 = 0.306
  -- 1 : 3 = 0.0644
  -- 1 : 4 = 0.8553
  -- 1 : 5 = 0.9419
  -- 1 : 6 = 0.4609
  -- 1 : 7 = 0.4415
  -- 1 : 8 = 0.1812
  -- 1 : 9 = 0.9048
  -- 2 : 1 = 0.6903
  -- 2 : 2 = 0.1976
  -- 2 : 3 = 0.2924
  -- 2 : 4 = 0.3421
  -- 2 : 5 = 0.2144
  -- 2 : 6 = 0.0543
  -- 2 : 7 = 0.1306
  -- 2 : 8 = 0.4239
  -- 2 : 9 = 0.2387
  -- 3 : 1 = 0.9956
  -- 3 : 2 = 0.4584
  -- 3 : 3 = 0.2804
  -- 3 : 4 = 0.2037
  -- 3 : 5 = 0.3506
  -- 3 : 6 = 0.8207
  -- 3 : 7 = 0.4416
  -- 3 : 8 = 0.3698
  -- 3 : 9 = 0.4105
  -- 4 : 1 = 0.9183
  -- 4 : 2 = 0.0593
  -- 4 : 3 = 0.1293
  -- 4 : 4 = 0.5568
  -- 4 : 5 = 0.6946
  -- 4 : 6 = 0.8919
  -- 4 : 7 = 0.6148
  -- 4 : 8 = 0.6362
  -- 4 : 9 = 0.1747
  -- 5 : 1 = 0.1929
  -- 5 : 2 = 0.06
  -- 5 : 3 = 0.4361
  -- 5 : 4 = 0.1259
  -- 5 : 5 = 0.266
  -- 5 : 6 = 0.2651
  -- 5 : 7 = 0.9953
  -- 5 : 8 = 0.7325
  -- 5 : 9 = 0.5989
  -- 6 : 1 = 0.2235
  -- 6 : 2 = 0.7294
  -- 6 : 3 = 0.7715
  -- 6 : 4 = 0.3368
  -- 6 : 5 = 0.8766
  -- 6 : 6 = 0.7032
  -- 6 : 7 = 0.4023
  -- 6 : 8 = 0.0706
  -- 6 : 9 = 0.0542
  -- 7 : 1 = 0.7526
  -- 7 : 2 = 0.7814
  -- 7 : 3 = 0.87
  -- 7 : 4 = 0.7367
  -- 7 : 5 = 0.0209
  -- 7 : 6 = 0.077
  -- 7 : 7 = 0.9041
  -- 7 : 8 = 0.9726
  -- 7 : 9 = 0.2107
  -- 8 : 1 = 0.9096
  -- 8 : 2 = 0.1674
  -- 8 : 3 = 0.3573
  -- 8 : 4 = 0.4543
  -- 8 : 5 = 0.5778
  -- 8 : 6 = 0.1271
  -- 8 : 7 = 0.5292
  -- 8 : 8 = 0.1674
  -- 8 : 9 = 0.2653
  -- 9 : 1 = 0.3202
  -- 9 : 2 = 0.8682
  -- 9 : 3 = 0.3866
  -- 9 : 4 = 0.5261
  -- 9 : 5 = 0.9455
  -- 9 : 6 = 0.4493
  -- 9 : 7 = 0.1254
  -- 9 : 8 = 0.5823
  -- 9 : 9 = 0.8486
  -- 10 : 1 = 0.2222
  -- 10 : 2 = 0.5439
  -- 10 : 3 = 0.0095
  -- 10 : 4 = 0.5764
  -- 10 : 5 = 0.98
  -- 10 : 6 = 0.1542
  -- 10 : 7 = 0.7276
  -- 10 : 8 = 0.2206
  -- 10 : 9 = 0.6842
  Inner Net 2
  -- 1 : 1 = 0.0954639
  -- 1 : 2 = -0.486077
  -- 2 : 1 = 0.875829
  -- 2 : 2 = 0.0841552
  -- 3 : 1 = 0.268965
  -- 3 : 2 = -0.242518
  -- 4 : 1 = -0.813734
  -- 4 : 2 = -0.112579
  -- 5 : 1 = 0.528791
  -- 5 : 2 = -0.0446136
  -- 6 : 1 = 0.998324
  -- 6 : 2 = 0.0432159
  -- 7 : 1 = -1
  -- 7 : 2 = 0.192316
  -- 8 : 1 = 0.369936
  -- 8 : 2 = 0.070667
  -- 9 : 1 = 0.1104
  -- 9 : 2 = -0.197195
Out\Act	False		True
False	0.84198	0	0.84198
True	0.15802	0	0.15802
	1	0
	Accuracy [ (tp + tn) / testSize ]: 0.84198
	Precision [ tp / (tp + fp) ]:      0
	Sensitivity [ tp / (tp + fn) ]:    0
	Specificity [ tn / (tn + fp) ]:    0.999435
	F-Score [ 2tp / (2tp + fp + fn) ]: 0
Particle (7):: Fit: 98.4624	PB: 98.4624	LB: 98.4624	GB: 99.0093	Conf: 1.97115	Pts: 105572
Particle (13):: Fit: 88.7336	PB: 88.7336	LB: 97.7284	GB: 99.0093	Conf: 1.35503	Pts: 70172
Particle (32):: Fit: 89.6998	PB: 89.6998	LB: 98.4753	GB: 99.0093	Conf: 1.23908	Pts: 60672
Particle (4):: Fit: 99.0848	PB: 99.0848	LB: 99.0848	GB: 99.0848	Conf: 1.93432	Pts: 205371
Particle (28):: Fit: 46.0338	PB: 46.0338	LB: 98.4753	GB: 99.0848	Conf: 2	Pts: 60471
Global: 99.0848 - Correct: 44% of 100 tests
Global Best: 
  Inner Net 1
  -- 1 : 1 = 0.3724
  -- 1 : 2 = 0.9699
  -- 1 : 3 = 0.1978
  -- 1 : 4 = 0.1333
  -- 1 : 5 = 0.1572
  -- 1 : 6 = 0.4901
  -- 1 : 7 = 0.7986
  -- 1 : 8 = 0.9803
  -- 1 : 9 = 0.8803
  -- 2 : 1 = 0.8001
  -- 2 : 2 = 0.5256
  -- 2 : 3 = 0.0541
  -- 2 : 4 = 0.4499
  -- 2 : 5 = 0.6693
  -- 2 : 6 = 0.1005
  -- 2 : 7 = 0.951
  -- 2 : 8 = 0.8764
  -- 2 : 9 = 0.4746
  -- 3 : 1 = 0.3786
  -- 3 : 2 = 0.5726
  -- 3 : 3 = 0.4153
  -- 3 : 4 = 0.7796
  -- 3 : 5 = 0.1489
  -- 3 : 6 = 0.9196
  -- 3 : 7 = 0.9382
  -- 3 : 8 = 0.2455
  -- 3 : 9 = 0.3429
  -- 4 : 1 = 0.4743
  -- 4 : 2 = 0.1901
  -- 4 : 3 = 0.1644
  -- 4 : 4 = 0.9293
  -- 4 : 5 = 0.1582
  -- 4 : 6 = 0.0545
  -- 4 : 7 = 0.562
  -- 4 : 8 = 0.7605
  -- 4 : 9 = 0.5401
  -- 5 : 1 = 0.441
  -- 5 : 2 = 0.902
  -- 5 : 3 = 0.0165
  -- 5 : 4 = 0.1743
  -- 5 : 5 = 0.7475
  -- 5 : 6 = 0.3217
  -- 5 : 7 = 0.2069
  -- 5 : 8 = 0.1289
  -- 5 : 9 = 0.064
  -- 6 : 1 = 0.3238
  -- 6 : 2 = 0.8673
  -- 6 : 3 = 0.0295
  -- 6 : 4 = 0.242
  -- 6 : 5 = 0.5316
  -- 6 : 6 = 0.0634
  -- 6 : 7 = 0.6161
  -- 6 : 8 = 0.8242
  -- 6 : 9 = 0.2018
  -- 7 : 1 = 0.5182
  -- 7 : 2 = 0.6657
  -- 7 : 3 = 0.6834
  -- 7 : 4 = 0.2085
  -- 7 : 5 = 0.0905
  -- 7 : 6 = 0.4559
  -- 7 : 7 = 0.4278
  -- 7 : 8 = 0.5321
  -- 7 : 9 = 0.2508
  -- 8 : 1 = 0.6589
  -- 8 : 2 = 0.1261
  -- 8 : 3 = 0.1361
  -- 8 : 4 = 0.7117
  -- 8 : 5 = 0.1621
  -- 8 : 6 = 0.9816
  -- 8 : 7 = 0.2651
  -- 8 : 8 = 0.4926
  -- 8 : 9 = 0.5343
  -- 9 : 1 = 0.4012
  -- 9 : 2 = 0.4775
  -- 9 : 3 = 0.7906
  -- 9 : 4 = 0.5287
  -- 9 : 5 = 0.2231
  -- 9 : 6 = 0.9082
  -- 9 : 7 = 0.2573
  -- 9 : 8 = 0.9999
  -- 9 : 9 = 0.5398
  -- 10 : 1 = 0.1822
  -- 10 : 2 = 0.0732
  -- 10 : 3 = 0.6449
  -- 10 : 4 = 0.7366
  -- 10 : 5 = 0.2444
  -- 10 : 6 = 0.6326
  -- 10 : 7 = 0.2503
  -- 10 : 8 = 0.1834
  -- 10 : 9 = 0.8637
  Inner Net 2
  -- 1 : 1 = 0.5
  -- 1 : 2 = -0.654346
  -- 2 : 1 = 0.800037
  -- 2 : 2 = -0.00103199
  -- 3 : 1 = 0.0684217
  -- 3 : 2 = -0.0399254
  -- 4 : 1 = -0.560078
  -- 4 : 2 = -0.149826
  -- 5 : 1 = -0.444276
  -- 5 : 2 = -0.285049
  -- 6 : 1 = -0.1316
  -- 6 : 2 = -0.217417
  -- 7 : 1 = -0.270393
  -- 7 : 2 = 0.0658423
  -- 8 : 1 = -0.0632003
  -- 8 : 2 = -0.00479206
  -- 9 : 1 = 0.38246
  -- 9 : 2 = 0.000826265
Out\Act	False		True
False	0.84198	0	0.84198
True	0.15802	0	0.15802
	1	0
	Accuracy [ (tp + tn) / testSize ]: 0.84198
	Precision [ tp / (tp + fp) ]:      0
	Sensitivity [ tp / (tp + fn) ]:    0
	Specificity [ tn / (tn + fp) ]:    0.999435
	F-Score [ 2tp / (2tp + fp + fn) ]: 0
Particle (8):: Fit: 102.164	PB: 102.164	LB: 102.164	GB: 102.164	Conf: 1.73652	Pts: 170270
Particle (15):: Fit: 104.551	PB: 104.551	LB: 104.551	GB: 104.551	Conf: 1.90727	Pts: 240470
Particle (17):: Fit: 44.767	PB: 44.767	LB: 104.551	GB: 104.551	Conf: 2	Pts: 55470
Particle (19):: Fit: 46.2844	PB: 46.2844	LB: 104.551	GB: 104.551	Conf: 2	Pts: 70170
Particle (34):: Fit: 46.0548	PB: 46.0548	LB: 98.4753	GB: 104.551	Conf: 0.879813	Pts: 55468
Particle (49):: Fit: 93.1689	PB: 93.1689	LB: 99.0848	GB: 104.551	Conf: 1.98226	Pts: 50670
Global: 104.551 - Correct: 45% of 100 tests
Global Best: 
  Inner Net 1
  -- 1 : 1 = 0.1909
  -- 1 : 2 = 0.83
  -- 1 : 3 = 0.3725
  -- 1 : 4 = 0.9864
  -- 1 : 5 = 0.5361
  -- 1 : 6 = 0.3896
  -- 1 : 7 = 0.7148
  -- 1 : 8 = 0.3878
  -- 1 : 9 = 0.3138
  -- 2 : 1 = 0.0497
  -- 2 : 2 = 0.5531
  -- 2 : 3 = 0.8522
  -- 2 : 4 = 0.5075
  -- 2 : 5 = 0.3034
  -- 2 : 6 = 0.7796
  -- 2 : 7 = 0.4598
  -- 2 : 8 = 0.2445
  -- 2 : 9 = 0.4721
  -- 3 : 1 = 0.4028
  -- 3 : 2 = 0.6729
  -- 3 : 3 = 0.0979
  -- 3 : 4 = 0.3188
  -- 3 : 5 = 0.3272
  -- 3 : 6 = 0.2374
  -- 3 : 7 = 0.9837
  -- 3 : 8 = 0.2102
  -- 3 : 9 = 0.5136
  -- 4 : 1 = 0.7716
  -- 4 : 2 = 0.5043
  -- 4 : 3 = 0.0066
  -- 4 : 4 = 0.0354
  -- 4 : 5 = 0.5783
  -- 4 : 6 = 0.4988
  -- 4 : 7 = 0.1408
  -- 4 : 8 = 0.2122
  -- 4 : 9 = 0.5295
  -- 5 : 1 = 0.3287
  -- 5 : 2 = 0.1718
  -- 5 : 3 = 0.12
  -- 5 : 4 = 0.8367
  -- 5 : 5 = 0.3387
  -- 5 : 6 = 0.6593
  -- 5 : 7 = 0.8931
  -- 5 : 8 = 0.4497
  -- 5 : 9 = 0.601
  -- 6 : 1 = 0.1524
  -- 6 : 2 = 0.2677
  -- 6 : 3 = 0.94
  -- 6 : 4 = 0.6347
  -- 6 : 5 = 0.3535
  -- 6 : 6 = 0.1223
  -- 6 : 7 = 0.3542
  -- 6 : 8 = 0.2504
  -- 6 : 9 = 0.698
  -- 7 : 1 = 0.0183
  -- 7 : 2 = 0.7055
  -- 7 : 3 = 0.4277
  -- 7 : 4 = 0.471
  -- 7 : 5 = 0.4502
  -- 7 : 6 = 0.2669
  -- 7 : 7 = 0.0099
  -- 7 : 8 = 0.4723
  -- 7 : 9 = 0.7935
  -- 8 : 1 = 0.1205
  -- 8 : 2 = 0.1491
  -- 8 : 3 = 0.242
  -- 8 : 4 = 0.6117
  -- 8 : 5 = 0.1531
  -- 8 : 6 = 0.3678
  -- 8 : 7 = 0.0274
  -- 8 : 8 = 0.4828
  -- 8 : 9 = 0.541
  -- 9 : 1 = 0.0437
  -- 9 : 2 = 0.8891
  -- 9 : 3 = 0.0506
  -- 9 : 4 = 0.4518
  -- 9 : 5 = 0.9077
  -- 9 : 6 = 0.2949
  -- 9 : 7 = 0.2463
  -- 9 : 8 = 0.6205
  -- 9 : 9 = 0.9789
  -- 10 : 1 = 0.7698
  -- 10 : 2 = 0.9396
  -- 10 : 3 = 0.0811
  -- 10 : 4 = 0.8019
  -- 10 : 5 = 0.1029
  -- 10 : 6 = 0.8576
  -- 10 : 7 = 0.8821
  -- 10 : 8 = 0.7939
  -- 10 : 9 = 0.9285
  Inner Net 2
  -- 1 : 1 = -0.163693
  -- 1 : 2 = -0.0196217
  -- 2 : 1 = 0.390196
  -- 2 : 2 = 0.192499
  -- 3 : 1 = -0.181636
  -- 3 : 2 = 0.155228
  -- 4 : 1 = -0.532936
  -- 4 : 2 = -0.269318
  -- 5 : 1 = -0.0760117
  -- 5 : 2 = -0.114723
  -- 6 : 1 = -0.567331
  -- 6 : 2 = -0.100366
  -- 7 : 1 = 0.5
  -- 7 : 2 = -0.382043
  -- 8 : 1 = 0.0841843
  -- 8 : 2 = -0.161285
  -- 9 : 1 = 0.156254
  -- 9 : 2 = 0.236863
Out\Act	False		True
False	0.84198	0	0.84198
True	0.157544	0.000475964	0.15802
	0.999524	0.000475964
	Accuracy [ (tp + tn) / testSize ]: 0.842456
	Precision [ tp / (tp + fp) ]:      0.5
	Sensitivity [ tp / (tp + fn) ]:    0.003003
	Specificity [ tn / (tn + fp) ]:    0.999435
	F-Score [ 2tp / (2tp + fp + fn) ]: 0.00598802
Particle (40):: Fit: 64.3916	PB: 64.3916	LB: 98.0728	GB: 104.551	Conf: 1.27894	Pts: 90468
Particle (21):: Fit: 85.9344	PB: 85.9344	LB: 96.0114	GB: 104.551	Conf: 1.9338	Pts: 55667
Particle (26):: Fit: 45.53	PB: 45.53	LB: 95.364	GB: 104.551	Conf: 2	Pts: 55467
Particle (42):: Fit: 45.7824	PB: 45.7824	LB: 99.0093	GB: 104.551	Conf: 2	Pts: 50367
Particle (9):: Fit: 102.132	PB: 102.132	LB: 102.164	GB: 104.551	Conf: 1.95325	Pts: 110165
Particle (21):: Fit: 90.0199	PB: 90.0199	LB: 96.0114	GB: 104.551	Conf: 1.94433	Pts: 55765
Particle (4):: Fit: 101.712	PB: 101.712	LB: 102.164	GB: 104.551	Conf: 1.92852	Pts: 225464
Particle (18):: Fit: 96.5233	PB: 96.5233	LB: 104.551	GB: 104.551	Conf: 1.87293	Pts: 140662
Particle (26):: Fit: 45.7824	PB: 45.7824	LB: 95.364	GB: 104.551	Conf: 2	Pts: 55562
Particle (16):: Fit: 97.3908	PB: 97.3908	LB: 104.551	GB: 104.551	Conf: 1.9838	Pts: 65660
Particle (7):: Fit: 101.16	PB: 101.16	LB: 102.164	GB: 104.551	Conf: 1.97777	Pts: 105659
Particle (17):: Fit: 45.53	PB: 45.53	LB: 104.551	GB: 104.551	Conf: 2	Pts: 55557
Particle (32):: Fit: 95.7301	PB: 95.7301	LB: 98.4753	GB: 104.551	Conf: 0.804655	Pts: 65756
Particle (13):: Fit: 93.6159	PB: 93.6159	LB: 104.551	GB: 104.551	Conf: 1.13166	Pts: 70253
Particle (37):: Fit: 45.4918	PB: 45.4918	LB: 98.4753	GB: 104.551	Conf: 0.857229	Pts: 55639
Particle (48):: Fit: 93.6641	PB: 93.6641	LB: 99.0093	GB: 104.551	Conf: 0.603126	Pts: 75249
Particle (4):: Fit: 102.374	PB: 102.374	LB: 102.374	GB: 104.551	Conf: 1.90393	Pts: 275548
Particle (30):: Fit: 89.9775	PB: 89.9775	LB: 98.4753	GB: 104.551	Conf: 1.49583	Pts: 160345
Particle (22):: Fit: 45.53	PB: 45.53	LB: 96.5233	GB: 104.551	Conf: 2	Pts: 55444
Particle (27):: Fit: 45.0223	PB: 45.0223	LB: 95.7301	GB: 104.551	Conf: 2	Pts: 55344
Particle (30):: Fit: 93.474	PB: 93.474	LB: 98.4753	GB: 104.551	Conf: 1.71959	Pts: 160444
Particle (37):: Fit: 47.0161	PB: 47.0161	LB: 98.4753	GB: 104.551	Conf: 0.59667	Pts: 55731
Particle (1):: Fit: 97.8979	PB: 97.8979	LB: 102.374	GB: 104.551	Conf: 1.98208	Pts: 55443
Particle (14):: Fit: 46.0338	PB: 46.0338	LB: 104.551	GB: 104.551	Conf: 2	Pts: 55342
Particle (27):: Fit: 45.2766	PB: 45.2766	LB: 95.7301	GB: 104.551	Conf: 2	Pts: 55440
Particle (5):: Fit: 97.2383	PB: 97.2383	LB: 102.374	GB: 104.551	Conf: 1.66748	Pts: 85837
Particle (26):: Fit: 46.534	PB: 46.534	LB: 95.364	GB: 104.551	Conf: 2	Pts: 55633
Particle (6):: Fit: 98.3792	PB: 98.3792	LB: 102.374	GB: 104.551	Conf: 0.630792	Pts: 60427
Particle (10):: Fit: 79.5219	PB: 79.5219	LB: 104.551	GB: 104.551	Conf: 1.71601	Pts: 55629
Particle (31):: Fit: 48.0141	PB: 48.0141	LB: 98.4753	GB: 104.551	Conf: 2	Pts: 55522
Particle (39):: Fit: 98.6052	PB: 98.6052	LB: 98.6052	GB: 104.551	Conf: 1.95388	Pts: 240412
Particle (28):: Fit: 46.2844	PB: 46.2844	LB: 98.4753	GB: 104.551	Conf: 2	Pts: 60511
Particle (39):: Fit: 99.5717	PB: 99.5717	LB: 99.5717	GB: 104.551	Conf: 1.96862	Pts: 290508
Particle (36):: Fit: 45.53	PB: 45.53	LB: 99.5717	GB: 104.551	Conf: 2	Pts: 70303
Particle (27):: Fit: 45.53	PB: 45.53	LB: 95.7301	GB: 104.551	Conf: 2	Pts: 55501
Particle (3):: Fit: 78.9088	PB: 78.9088	LB: 102.374	GB: 104.551	Conf: 0.486809	Pts: 65298
Particle (14):: Fit: 47.4808	PB: 47.4808	LB: 104.551	GB: 104.551	Conf: 0.484858	Pts: 55398
Particle (24):: Fit: 86.8855	PB: 86.8855	LB: 96.0114	GB: 104.551	Conf: 0.8035	Pts: 70098
Particle (27):: Fit: 50.5662	PB: 50.5662	LB: 95.7301	GB: 104.551	Conf: 0.569539	Pts: 55598
Particle (28):: Fit: 73.1588	PB: 73.1588	LB: 98.4753	GB: 104.551	Conf: 0.676371	Pts: 60598
Particle (37):: Fit: 57.2562	PB: 57.2562	LB: 99.5717	GB: 104.551	Conf: 0.24152	Pts: 55776
Particle (38):: Fit: 55.4222	PB: 55.4222	LB: 99.5717	GB: 104.551	Conf: 0.700184	Pts: 55389
Particle (41):: Fit: 58.2771	PB: 58.2771	LB: 99.5717	GB: 104.551	Conf: 0.589344	Pts: 50598
Particle (42):: Fit: 90.0354	PB: 90.0354	LB: 99.5717	GB: 104.551	Conf: 1.2463	Pts: 50398
Particle (2):: Fit: 81.4858	PB: 81.4858	LB: 102.374	GB: 104.551	Conf: 0.570784	Pts: 55879
Particle (3):: Fit: 95.166	PB: 95.166	LB: 102.374	GB: 104.551	Conf: 0.770341	Pts: 65397
Particle (17):: Fit: 49.8988	PB: 49.8988	LB: 104.551	GB: 104.551	Conf: 0.869752	Pts: 55597
Particle (27):: Fit: 60.1275	PB: 60.1275	LB: 95.7301	GB: 104.551	Conf: 0.809081	Pts: 55697
Particle (31):: Fit: 65.6251	PB: 65.6251	LB: 98.4753	GB: 104.551	Conf: 0.30567	Pts: 55597
Particle (37):: Fit: 59.8089	PB: 59.8089	LB: 99.5717	GB: 104.551	Conf: 0.629787	Pts: 55875
Particle (44):: Fit: 95.4337	PB: 95.4337	LB: 99.0093	GB: 104.551	Conf: 0.88531	Pts: 55197
Particle (45):: Fit: 49.9744	PB: 49.9744	LB: 99.0093	GB: 104.551	Conf: 0.660697	Pts: 50297
Particle (2):: Fit: 93.2446	PB: 93.2446	LB: 102.374	GB: 104.551	Conf: 0.42189	Pts: 55978
Particle (14):: Fit: 101.704	PB: 101.704	LB: 104.551	GB: 104.551	Conf: 0.814621	Pts: 55496
Particle (23):: Fit: 82.0818	PB: 82.0818	LB: 96.0114	GB: 104.551	Conf: 0.87224	Pts: 55679
Particle (24):: Fit: 91.1766	PB: 91.1766	LB: 96.0114	GB: 104.551	Conf: 0.932502	Pts: 70196
Particle (35):: Fit: 70.1487	PB: 70.1487	LB: 99.5717	GB: 104.551	Conf: 0.348758	Pts: 60380
Particle (36):: Fit: 59.1159	PB: 59.1159	LB: 99.5717	GB: 104.551	Conf: 0.307068	Pts: 70396
Particle (37):: Fit: 90.5813	PB: 90.5813	LB: 99.5717	GB: 104.551	Conf: 0.686134	Pts: 55974
Particle (38):: Fit: 65.8886	PB: 65.8886	LB: 99.5717	GB: 104.551	Conf: 0.803756	Pts: 55486
Particle (41):: Fit: 85.0542	PB: 85.0542	LB: 99.5717	GB: 104.551	Conf: 0.75082	Pts: 50696
Particle (3):: Fit: 107.29	PB: 107.29	LB: 107.29	GB: 107.29	Conf: 0.37682	Pts: 125495
Particle (17):: Fit: 88.7241	PB: 88.7241	LB: 104.551	GB: 107.29	Conf: 0.581484	Pts: 55695
Particle (19):: Fit: 92.6991	PB: 92.6991	LB: 104.551	GB: 107.29	Conf: 1.95476	Pts: 70195
Particle (29):: Fit: 70.1413	PB: 70.1413	LB: 98.4753	GB: 107.29	Conf: 0.544285	Pts: 55494
Particle (41):: Fit: 99.6096	PB: 99.6096	LB: 99.6096	GB: 107.29	Conf: 0.762218	Pts: 100795
Particle (49):: Fit: 94.5939	PB: 94.5939	LB: 107.29	GB: 107.29	Conf: 0.309003	Pts: 50695
Global: 107.29 - Correct: 65% of 100 tests
Global Best: 
  Inner Net 1
  -- 1 : 1 = 0.27806
  -- 1 : 2 = 0.0124425
  -- 1 : 3 = 0.227196
  -- 1 : 4 = 0.0774528
  -- 1 : 5 = 0.0110582
  -- 1 : 6 = 0.325757
  -- 1 : 7 = -0.020293
  -- 1 : 8 = -0.0652335
  -- 1 : 9 = 0.259074
  -- 2 : 1 = 0.710144
  -- 2 : 2 = 0.105152
  -- 2 : 3 = 0.162194
  -- 2 : 4 = 0.247399
  -- 2 : 5 = -0.128725
  -- 2 : 6 = 0.0477214
  -- 2 : 7 = -0.390502
  -- 2 : 8 = -0.0143232
  -- 2 : 9 = -0.171088
  -- 3 : 1 = 0.366972
  -- 3 : 2 = 0.332258
  -- 3 : 3 = -0.0320388
  -- 3 : 4 = -0.371199
  -- 3 : 5 = 0.140789
  -- 3 : 6 = 0.00887805
  -- 3 : 7 = 0.035453
  -- 3 : 8 = 0.1286
  -- 3 : 9 = 0.44263
  -- 4 : 1 = 0.820491
  -- 4 : 2 = 0.105995
  -- 4 : 3 = -0.175935
  -- 4 : 4 = 0.158973
  -- 4 : 5 = 0.129646
  -- 4 : 6 = -0.263243
  -- 4 : 7 = -0.0983824
  -- 4 : 8 = 0.254344
  -- 4 : 9 = 0.0211001
  -- 5 : 1 = 0.622238
  -- 5 : 2 = 0.0343846
  -- 5 : 3 = -0.159254
  -- 5 : 4 = 0.395672
  -- 5 : 5 = 0.15715
  -- 5 : 6 = 0.222542
  -- 5 : 7 = 0.390682
  -- 5 : 8 = -0.00264768
  -- 5 : 9 = 0.226196
  -- 6 : 1 = 0.236507
  -- 6 : 2 = 0.147326
  -- 6 : 3 = 0.229055
  -- 6 : 4 = -0.0262926
  -- 6 : 5 = -0.0245364
  -- 6 : 6 = 0.0943167
  -- 6 : 7 = -0.307832
  -- 6 : 8 = -0.0127819
  -- 6 : 9 = 0.288388
  -- 7 : 1 = 0.622394
  -- 7 : 2 = 0.0369771
  -- 7 : 3 = 0.0993246
  -- 7 : 4 = -0.00654795
  -- 7 : 5 = -0.334966
  -- 7 : 6 = 0.231364
  -- 7 : 7 = -0.0927697
  -- 7 : 8 = 0.104669
  -- 7 : 9 = 0.298606
  -- 8 : 1 = 0.953639
  -- 8 : 2 = 0.161322
  -- 8 : 3 = 0.299026
  -- 8 : 4 = -0.0162657
  -- 8 : 5 = 0.0939509
  -- 8 : 6 = 0.178774
  -- 8 : 7 = 0.119134
  -- 8 : 8 = 0.351842
  -- 8 : 9 = 0.152168
  -- 9 : 1 = 0.0632165
  -- 9 : 2 = -0.00458346
  -- 9 : 3 = 0.0157024
  -- 9 : 4 = 0.254295
  -- 9 : 5 = 0.108579
  -- 9 : 6 = -0.367404
  -- 9 : 7 = 0.0991971
  -- 9 : 8 = 0.331081
  -- 9 : 9 = 0.0204572
  -- 10 : 1 = -0.102489
  -- 10 : 2 = 0.270492
  -- 10 : 3 = -0.130134
  -- 10 : 4 = 0.482808
  -- 10 : 5 = -0.0916675
  -- 10 : 6 = 0.254923
  -- 10 : 7 = 0.0816726
  -- 10 : 8 = -0.0517339
  -- 10 : 9 = -0.0584012
  Inner Net 2
  -- 1 : 1 = -0.678814
  -- 1 : 2 = 0.114575
  -- 2 : 1 = 0.172951
  -- 2 : 2 = -0.0165778
  -- 3 : 1 = 0.0817189
  -- 3 : 2 = -0.127477
  -- 4 : 1 = -0.318419
  -- 4 : 2 = -0.186751
  -- 5 : 1 = -0.308166
  -- 5 : 2 = -0.1062
  -- 6 : 1 = -0.319529
  -- 6 : 2 = -0.0351924
  -- 7 : 1 = 0.284918
  -- 7 : 2 = 0.194641
  -- 8 : 1 = -0.0684006
  -- 8 : 2 = 0.524036
  -- 9 : 1 = 0.867243
  -- 9 : 2 = -0.0346912
Out\Act	False		True
False	0.0218943	0.820086	0.84198
True	0.00475964	0.15326	0.15802
	0.026654	0.973346
	Accuracy [ (tp + tn) / testSize ]: 0.175155
	Precision [ tp / (tp + fp) ]:      0.15738
	Sensitivity [ tp / (tp + fn) ]:    0.966967
	Specificity [ tn / (tn + fp) ]:    0.0259887
	F-Score [ 2tp / (2tp + fp + fn) ]: 0.270816
Particle (17):: Fit: 91.2189	PB: 91.2189	LB: 104.551	GB: 107.29	Conf: 0.541674	Pts: 55794
Particle (19):: Fit: 94.6442	PB: 94.6442	LB: 104.551	GB: 107.29	Conf: 0.425335	Pts: 70294
Particle (38):: Fit: 94.1913	PB: 94.1913	LB: 99.6096	GB: 107.29	Conf: 0.273139	Pts: 55584
Particle (46):: Fit: 50.7963	PB: 50.7963	LB: 99.0093	GB: 107.29	Conf: 0.82408	Pts: 50194
Particle (23):: Fit: 99.058	PB: 99.058	LB: 99.058	GB: 107.29	Conf: 0.877617	Pts: 95776
Particle (27):: Fit: 100.574	PB: 100.574	LB: 100.574	GB: 107.29	Conf: 0.798069	Pts: 105793
Particle (28):: Fit: 83.5455	PB: 83.5455	LB: 100.574	GB: 107.29	Conf: 0.573353	Pts: 60693
Particle (34):: Fit: 70.8364	PB: 70.8364	LB: 99.5717	GB: 107.29	Conf: 0.575264	Pts: 55480
Particle (6):: Fit: 103.165	PB: 103.165	LB: 107.29	GB: 107.29	Conf: 0.741684	Pts: 70485
Particle (22):: Fit: 58.929	PB: 58.929	LB: 100.574	GB: 107.29	Conf: 0.736502	Pts: 55492
Particle (25):: Fit: 97.4316	PB: 97.4316	LB: 100.574	GB: 107.29	Conf: 0.204911	Pts: 95192
Particle (26):: Fit: 79.5235	PB: 79.5235	LB: 100.574	GB: 107.29	Conf: 0.329519	Pts: 55692
Particle (34):: Fit: 80.1088	PB: 80.1088	LB: 99.5717	GB: 107.29	Conf: 0.533299	Pts: 55579
Particle (42):: Fit: 102.585	PB: 102.585	LB: 102.585	GB: 107.29	Conf: 0.301554	Pts: 100492
Particle (17):: Fit: 92.5809	PB: 92.5809	LB: 104.551	GB: 107.29	Conf: 0.645208	Pts: 55891
Particle (26):: Fit: 90.6445	PB: 90.6445	LB: 100.574	GB: 107.29	Conf: 0.431081	Pts: 55791
Particle (34):: Fit: 94.0724	PB: 94.0724	LB: 99.5717	GB: 107.29	Conf: 0.238442	Pts: 55678
Particle (36):: Fit: 69.6769	PB: 69.6769	LB: 99.6096	GB: 107.29	Conf: 0.146413	Pts: 70491
Particle (48):: Fit: 98.2523	PB: 98.2523	LB: 107.29	GB: 107.29	Conf: 0.994595	Pts: 75291
Particle (21):: Fit: 100.919	PB: 100.919	LB: 100.919	GB: 107.29	Conf: 0.435129	Pts: 85790
Particle (22):: Fit: 83.8171	PB: 83.8171	LB: 100.919	GB: 107.29	Conf: 0.58063	Pts: 55590
Particle (45):: Fit: 61.6611	PB: 61.6611	LB: 102.585	GB: 107.29	Conf: 0.430272	Pts: 50390
Particle (46):: Fit: 93.7499	PB: 93.7499	LB: 102.585	GB: 107.29	Conf: 0.391674	Pts: 50290
Particle (10):: Fit: 89.3832	PB: 89.3832	LB: 104.551	GB: 107.29	Conf: 0.473001	Pts: 55688
Particle (0):: Fit: 98.6557	PB: 98.6557	LB: 107.29	GB: 107.29	Conf: 0.669528	Pts: 110288
Particle (22):: Fit: 98.2782	PB: 98.2782	LB: 100.919	GB: 107.29	Conf: 0.517541	Pts: 55688
Particle (31):: Fit: 76.2954	PB: 76.2954	LB: 100.574	GB: 107.29	Conf: 0.888542	Pts: 55688
Particle (36):: Fit: 99.2017	PB: 99.2017	LB: 99.6096	GB: 107.29	Conf: 0.777936	Pts: 80588
Particle (35):: Fit: 87.7005	PB: 87.7005	LB: 99.5717	GB: 107.29	Conf: 0.343815	Pts: 60471
Particle (29):: Fit: 88.8072	PB: 88.8072	LB: 100.574	GB: 107.29	Conf: 0.402022	Pts: 55585
Particle (31):: Fit: 79.1993	PB: 79.1993	LB: 100.574	GB: 107.29	Conf: 0.905258	Pts: 55786
Particle (37):: Fit: 98.9395	PB: 98.9395	LB: 102.585	GB: 107.29	Conf: 0.728399	Pts: 56064
Particle (31):: Fit: 93.4888	PB: 93.4888	LB: 100.574	GB: 107.29	Conf: 0.320108	Pts: 55885
Particle (40):: Fit: 93.35	PB: 93.35	LB: 102.585	GB: 107.29	Conf: 0.736697	Pts: 90485
Particle (7):: Fit: 101.891	PB: 101.891	LB: 107.29	GB: 107.29	Conf: 0.447548	Pts: 105684
Particle (12):: Fit: 102.817	PB: 102.817	LB: 104.551	GB: 107.29	Conf: 0.581778	Pts: 65283
Particle (18):: Fit: 96.6923	PB: 96.6923	LB: 104.551	GB: 107.29	Conf: 0.528159	Pts: 140683
Particle (16):: Fit: 102.119	PB: 102.119	LB: 104.551	GB: 107.29	Conf: 0.365192	Pts: 70678
Particle (35):: Fit: 94.3883	PB: 94.3883	LB: 99.5717	GB: 107.29	Conf: 0.66328	Pts: 60561
Particle (49):: Fit: 96.2482	PB: 96.2482	LB: 107.29	GB: 107.29	Conf: 0.719943	Pts: 50778
Particle (10):: Fit: 94.7663	PB: 94.7663	LB: 104.551	GB: 107.29	Conf: 0.480303	Pts: 55776
Particle (26):: Fit: 91.4738	PB: 91.4738	LB: 100.574	GB: 107.29	Conf: 0.347981	Pts: 55877
Particle (20):: Fit: 97.1509	PB: 97.1509	LB: 102.119	GB: 107.29	Conf: 0.552408	Pts: 140576
Particle (11):: Fit: 97.4178	PB: 97.4178	LB: 104.551	GB: 107.29	Conf: 0.206359	Pts: 100375
Particle (24):: Fit: 92.9322	PB: 92.9322	LB: 100.919	GB: 107.29	Conf: 0.737831	Pts: 70275
Particle (32):: Fit: 101.493	PB: 101.493	LB: 101.493	GB: 107.29	Conf: 0.81967	Pts: 115773
Particle (26):: Fit: 94.3434	PB: 94.3434	LB: 100.574	GB: 107.29	Conf: 0.385488	Pts: 55970
Particle (5):: Fit: 105.522	PB: 105.522	LB: 107.29	GB: 107.29	Conf: 0.64604	Pts: 95868
Particle (35):: Fit: 95.5409	PB: 95.5409	LB: 101.493	GB: 107.29	Conf: 0.514465	Pts: 60650
Particle (29):: Fit: 97.3157	PB: 97.3157	LB: 101.493	GB: 107.29	Conf: 0.48874	Pts: 55664
Particle (30):: Fit: 98.5053	PB: 98.5053	LB: 101.493	GB: 107.29	Conf: 0.839151	Pts: 160462
Particle (23):: Fit: 100.753	PB: 100.753	LB: 100.919	GB: 107.29	Conf: 0.625567	Pts: 100845
Particle (22):: Fit: 99.5065	PB: 99.5065	LB: 100.919	GB: 107.29	Conf: 0.48678	Pts: 55760
Particle (42):: Fit: 102.913	PB: 102.913	LB: 102.913	GB: 107.29	Conf: 0.336676	Pts: 150559
Particle (25):: Fit: 106.362	PB: 106.362	LB: 106.362	GB: 107.29	Conf: 0.30536	Pts: 145256
Particle (31):: Fit: 96.264	PB: 96.264	LB: 101.493	GB: 107.29	Conf: 0.140365	Pts: 55957
Particle (13):: Fit: 96.2759	PB: 96.2759	LB: 104.551	GB: 107.29	Conf: 0.498288	Pts: 70253
Particle (26):: Fit: 102.582	PB: 102.582	LB: 106.362	GB: 107.29	Conf: 0.61121	Pts: 61053
Particle (31):: Fit: 106.057	PB: 106.057	LB: 106.057	GB: 107.29	Conf: 0.876105	Pts: 86054
Particle (44):: Fit: 100.515	PB: 100.515	LB: 102.913	GB: 107.29	Conf: 0.852441	Pts: 60252
Particle (40):: Fit: 94.8245	PB: 94.8245	LB: 102.913	GB: 107.29	Conf: 0.724593	Pts: 90549
Particle (46):: Fit: 94.5517	PB: 94.5517	LB: 102.913	GB: 107.29	Conf: 0.741591	Pts: 50351
Particle (14):: Fit: 103.891	PB: 103.891	LB: 104.551	GB: 107.29	Conf: 0.481469	Pts: 55549
Particle (33):: Fit: 100.869	PB: 100.869	LB: 106.057	GB: 107.29	Conf: 0.650251	Pts: 165349
Particle (34):: Fit: 99.276	PB: 99.276	LB: 106.057	GB: 107.29	Conf: 0.54553	Pts: 55736
Particle (10):: Fit: 94.7762	PB: 94.7762	LB: 104.551	GB: 107.29	Conf: 0.502176	Pts: 55847
Particle (24):: Fit: 101.516	PB: 101.516	LB: 106.362	GB: 107.29	Conf: 0.853287	Pts: 70347
Particle (38):: Fit: 97.9759	PB: 97.9759	LB: 102.913	GB: 107.29	Conf: 0.34646	Pts: 55637
Particle (46):: Fit: 97.3176	PB: 97.3176	LB: 102.913	GB: 107.29	Conf: 0.783072	Pts: 50446
Particle (0):: Fit: 104.037	PB: 104.037	LB: 107.29	GB: 107.29	Conf: 0.851299	Pts: 125345
Particle (18):: Fit: 102.288	PB: 102.288	LB: 104.551	GB: 107.29	Conf: 0.788233	Pts: 140742
Particle (27):: Fit: 102.824	PB: 102.824	LB: 106.362	GB: 107.29	Conf: 0.636775	Pts: 105840
Particle (38):: Fit: 102.853	PB: 102.853	LB: 102.913	GB: 107.29	Conf: 0.84508	Pts: 60730
Particle (23):: Fit: 104.831	PB: 104.831	LB: 106.362	GB: 107.29	Conf: 0.350481	Pts: 110920
Particle (35):: Fit: 97.7158	PB: 97.7158	LB: 106.057	GB: 107.29	Conf: 0.639247	Pts: 60719
Particle (28):: Fit: 104.163	PB: 104.163	LB: 106.362	GB: 107.29	Conf: 0.54821	Pts: 60726
Particle (29):: Fit: 103.229	PB: 103.229	LB: 106.362	GB: 107.29	Conf: 0.475282	Pts: 55726
Particle (14):: Fit: 103.933	PB: 103.933	LB: 104.551	GB: 107.29	Conf: 0.0772662	Pts: 55625
Particle (49):: Fit: 97.1116	PB: 97.1116	LB: 107.29	GB: 107.29	Conf: 0.784127	Pts: 50824
Particle (37):: Fit: 99.0052	PB: 99.0052	LB: 102.913	GB: 107.29	Conf: 0.7009	Pts: 56099
Particle (20):: Fit: 97.6295	PB: 97.6295	LB: 106.362	GB: 107.29	Conf: 0.832702	Pts: 140621
Particle (22):: Fit: 99.923	PB: 99.923	LB: 106.362	GB: 107.29	Conf: 0.486538	Pts: 55819
Particle (45):: Fit: 63.1051	PB: 63.1051	LB: 104.037	GB: 107.29	Conf: 0.425269	Pts: 50416
Particle (19):: Fit: 95.09	PB: 95.09	LB: 104.831	GB: 107.29	Conf: 0.477076	Pts: 70316
Particle (41):: Fit: 99.7736	PB: 99.7736	LB: 102.913	GB: 107.29	Conf: 0.72807	Pts: 100813
Particle (20):: Fit: 99.0222	PB: 99.0222	LB: 106.362	GB: 107.29	Conf: 0.897629	Pts: 140710
Particle (17):: Fit: 95.4792	PB: 95.4792	LB: 104.551	GB: 107.29	Conf: 0.650792	Pts: 55908
Particle (48):: Fit: 100.589	PB: 100.589	LB: 107.29	GB: 107.29	Conf: 0.937114	Pts: 75306
Particle (46):: Fit: 102.971	PB: 102.971	LB: 104.037	GB: 107.29	Conf: 0.464706	Pts: 70501
Particle (13):: Fit: 97.5575	PB: 97.5575	LB: 104.551	GB: 107.29	Conf: 0.535533	Pts: 70297
Particle (17):: Fit: 98.4165	PB: 98.4165	LB: 104.551	GB: 107.29	Conf: 0.874155	Pts: 55996
Particle (1):: Fit: 99.9206	PB: 99.9206	LB: 107.29	GB: 107.29	Conf: 0.708498	Pts: 55390
Particle (12):: Fit: 103.93	PB: 103.93	LB: 104.551	GB: 107.29	Conf: 0.571592	Pts: 65283
Particle (39):: Fit: 101.78	PB: 101.78	LB: 102.913	GB: 107.29	Conf: 0.729025	Pts: 290481
Particle (4):: Fit: 104.477	PB: 104.477	LB: 107.29	GB: 107.29	Conf: 0.789909	Pts: 275469
Particle (16):: Fit: 102.526	PB: 102.526	LB: 104.551	GB: 107.29	Conf: 0.29286	Pts: 70672
Particle (22):: Fit: 100.122	PB: 100.122	LB: 106.362	GB: 107.29	Conf: 0.728139	Pts: 55874
Particle (19):: Fit: 99.8593	PB: 99.8593	LB: 104.831	GB: 107.29	Conf: 0.564222	Pts: 70371
Particle (35):: Fit: 101.767	PB: 101.767	LB: 106.057	GB: 107.29	Conf: 0.550098	Pts: 60755
Particle (36):: Fit: 100.239	PB: 100.239	LB: 102.853	GB: 107.29	Conf: 0.520458	Pts: 80570
Particle (35):: Fit: 103.914	PB: 103.914	LB: 106.057	GB: 107.29	Conf: 0.697842	Pts: 80853
Particle (28):: Fit: 104.408	PB: 104.408	LB: 106.362	GB: 107.29	Conf: 0.594806	Pts: 60758
Particle (37):: Fit: 101.949	PB: 101.949	LB: 103.914	GB: 107.29	Conf: 0.936784	Pts: 56135
Particle (41):: Fit: 100.483	PB: 100.483	LB: 102.971	GB: 107.29	Conf: 0.942622	Pts: 100854
Particle (40):: Fit: 99.2756	PB: 99.2756	LB: 102.913	GB: 107.29	Conf: 0.726079	Pts: 90543
Particle (39):: Fit: 103.752	PB: 103.752	LB: 103.914	GB: 107.29	Conf: 0.101485	Pts: 310542
Particle (45):: Fit: 67.8268	PB: 67.8268	LB: 104.037	GB: 107.29	Conf: 0.460533	Pts: 50430
Particle (18):: Fit: 104.452	PB: 104.452	LB: 104.831	GB: 107.29	Conf: 0.49709	Pts: 140735
Particle (20):: Fit: 99.3908	PB: 99.3908	LB: 106.362	GB: 107.29	Conf: 0.627659	Pts: 140731
Particle (2):: Fit: 96.3781	PB: 96.3781	LB: 107.29	GB: 107.29	Conf: 0.520231	Pts: 55904
Particle (2):: Fit: 99.858	PB: 99.858	LB: 107.29	GB: 107.29	Conf: 0.360557	Pts: 56001
Particle (33):: Fit: 101.084	PB: 101.084	LB: 106.057	GB: 107.29	Conf: 0.676068	Pts: 165316
Particle (14):: Fit: 105.303	PB: 105.303	LB: 105.303	GB: 107.29	Conf: 0.698363	Pts: 100612
Particle (17):: Fit: 98.4534	PB: 98.4534	LB: 105.303	GB: 107.29	Conf: 0.572042	Pts: 56009
Particle (24):: Fit: 104.559	PB: 104.559	LB: 106.362	GB: 107.29	Conf: 0.684898	Pts: 70308
Particle (47):: Fit: 103.542	PB: 103.542	LB: 104.037	GB: 107.29	Conf: 0.924044	Pts: 220500
Particle (30):: Fit: 99.856	PB: 99.856	LB: 106.057	GB: 107.29	Conf: 0.831359	Pts: 160400
Particle (17):: Fit: 103.582	PB: 103.582	LB: 105.303	GB: 107.29	Conf: 0.564653	Pts: 56093
Particle (19):: Fit: 100.007	PB: 100.007	LB: 104.831	GB: 107.29	Conf: 0.561882	Pts: 70372
Particle (10):: Fit: 97.8075	PB: 97.8075	LB: 105.303	GB: 107.29	Conf: 0.452291	Pts: 55756
Particle (22):: Fit: 101.722	PB: 101.722	LB: 106.362	GB: 107.29	Conf: 0.579892	Pts: 55861
Particle (44):: Fit: 102.879	PB: 102.879	LB: 103.542	GB: 107.29	Conf: 0.759333	Pts: 60153
Particle (1):: Fit: 102.464	PB: 102.464	LB: 107.29	GB: 107.29	Conf: 0.58217	Pts: 55343
Particle (9):: Fit: 103.932	PB: 103.932	LB: 105.522	GB: 107.29	Conf: 0.698955	Pts: 109926
Particle (27):: Fit: 104.464	PB: 104.464	LB: 106.362	GB: 107.29	Conf: 0.705464	Pts: 105724
Particle (33):: Fit: 101.836	PB: 101.836	LB: 106.057	GB: 107.29	Conf: 0.556639	Pts: 165327
Particle (11):: Fit: 98.0486	PB: 98.0486	LB: 105.303	GB: 107.29	Conf: 0.0440559	Pts: 100221
Particle (39):: Fit: 104.548	PB: 104.548	LB: 104.548	GB: 107.29	Conf: 0.540898	Pts: 350521
Particle (33):: Fit: 102.359	PB: 102.359	LB: 106.057	GB: 107.29	Conf: 0.755801	Pts: 165422
Particle (10):: Fit: 98.9803	PB: 98.9803	LB: 105.303	GB: 107.29	Conf: 0.460251	Pts: 55808
Particle (38):: Fit: 103.895	PB: 103.895	LB: 104.548	GB: 107.29	Conf: 0.982964	Pts: 60600
Particle (22):: Fit: 105.771	PB: 105.771	LB: 106.362	GB: 107.29	Conf: 0.575084	Pts: 70908
Particle (2):: Fit: 100.669	PB: 100.669	LB: 107.29	GB: 107.29	Conf: 0.377736	Pts: 55983
Particle (34):: Fit: 99.6387	PB: 99.6387	LB: 106.057	GB: 107.29	Conf: 0.0701877	Pts: 55585
Particle (7):: Fit: 104.527	PB: 104.527	LB: 107.29	GB: 107.29	Conf: 0.420826	Pts: 105491
Particle (46):: Fit: 103.357	PB: 103.357	LB: 104.037	GB: 107.29	Conf: 0.785731	Pts: 70382
Particle (18):: Fit: 108.725	PB: 108.725	LB: 108.725	GB: 108.725	Conf: 0.383955	Pts: 200687
Global: 108.725 - Correct: 65% of 100 tests
Global Best: 
  Inner Net 1
  -- 1 : 1 = -0.603657
  -- 1 : 2 = 0.180561
  -- 1 : 3 = 0.0617157
  -- 1 : 4 = -0.020855
  -- 1 : 5 = 0.0764114
  -- 1 : 6 = 0.0770843
  -- 1 : 7 = -0.27338
  -- 1 : 8 = 0.116818
  -- 1 : 9 = -0.177057
  -- 2 : 1 = 0.279719
  -- 2 : 2 = 0.21647
  -- 2 : 3 = 0.106775
  -- 2 : 4 = -0.207613
  -- 2 : 5 = 0.229128
  -- 2 : 6 = -0.0262649
  -- 2 : 7 = -0.149772
  -- 2 : 8 = 0.0315972
  -- 2 : 9 = -0.102912
  -- 3 : 1 = 0.00329498
  -- 3 : 2 = -0.118481
  -- 3 : 3 = -0.262483
  -- 3 : 4 = -0.76143
  -- 3 : 5 = -0.039316
  -- 3 : 6 = -0.0356426
  -- 3 : 7 = -0.0300912
  -- 3 : 8 = 0.350861
  -- 3 : 9 = -0.207359
  -- 4 : 1 = 0.788104
  -- 4 : 2 = -0.111985
  -- 4 : 3 = 0.257062
  -- 4 : 4 = -0.0231897
  -- 4 : 5 = 0.211518
  -- 4 : 6 = 0.261934
  -- 4 : 7 = 0.347648
  -- 4 : 8 = -0.072896
  -- 4 : 9 = 0.160404
  -- 5 : 1 = 0.468631
  -- 5 : 2 = -0.624701
  -- 5 : 3 = -0.0482885
  -- 5 : 4 = -0.232368
  -- 5 : 5 = -0.142138
  -- 5 : 6 = 0.0289282
  -- 5 : 7 = 0.0594261
  -- 5 : 8 = 0.763257
  -- 5 : 9 = 0.100826
  -- 6 : 1 = 0.295065
  -- 6 : 2 = -0.0910985
  -- 6 : 3 = 0.0914855
  -- 6 : 4 = 0.256275
  -- 6 : 5 = 0.0354468
  -- 6 : 6 = 0.320974
  -- 6 : 7 = 0.149318
  -- 6 : 8 = 0.0519291
  -- 6 : 9 = 0.425262
  -- 7 : 1 = 0.896275
  -- 7 : 2 = -0.219339
  -- 7 : 3 = 0.462538
  -- 7 : 4 = -0.00664324
  -- 7 : 5 = 0.00854312
  -- 7 : 6 = -0.0540442
  -- 7 : 7 = 0.116218
  -- 7 : 8 = 0.226065
  -- 7 : 9 = 0.172308
  -- 8 : 1 = 0.625694
  -- 8 : 2 = -0.045703
  -- 8 : 3 = -0.184625
  -- 8 : 4 = -0.126107
  -- 8 : 5 = -0.104725
  -- 8 : 6 = 0.244176
  -- 8 : 7 = 0.277395
  -- 8 : 8 = -0.197233
  -- 8 : 9 = -0.0349505
  -- 9 : 1 = -0.470577
  -- 9 : 2 = -0.258791
  -- 9 : 3 = 0.197866
  -- 9 : 4 = 0.23438
  -- 9 : 5 = -0.0691026
  -- 9 : 6 = -0.0393756
  -- 9 : 7 = 0.134746
  -- 9 : 8 = -0.203897
  -- 9 : 9 = -0.0470466
  -- 10 : 1 = 0.48593
  -- 10 : 2 = 0.129418
  -- 10 : 3 = -0.0391177
  -- 10 : 4 = 0.379417
  -- 10 : 5 = -0.231547
  -- 10 : 6 = 0.373858
  -- 10 : 7 = 0.179419
  -- 10 : 8 = -0.0233434
  -- 10 : 9 = -0.00996482
  Inner Net 2
  -- 1 : 1 = -0.0731064
  -- 1 : 2 = -0.276752
  -- 2 : 1 = 0.0620483
  -- 2 : 2 = 0.308563
  -- 3 : 1 = -0.184522
  -- 3 : 2 = 0.280132
  -- 4 : 1 = -0.384839
  -- 4 : 2 = 0.143223
  -- 5 : 1 = -0.117544
  -- 5 : 2 = -0.246993
  -- 6 : 1 = -0.240368
  -- 6 : 2 = -0.276815
  -- 7 : 1 = 0.222242
  -- 7 : 2 = 0.201507
  -- 8 : 1 = 0.258615
  -- 8 : 2 = 0.14975
  -- 9 : 1 = 0.0443229
  -- 9 : 2 = -0.427619
Out\Act	False		True
False	0.0861495	0.755831	0.84198
True	0.00999524	0.148025	0.15802
	0.0961447	0.903855
	Accuracy [ (tp + tn) / testSize ]: 0.234174
	Precision [ tp / (tp + fp) ]:      0.163684
	Sensitivity [ tp / (tp + fn) ]:    0.933934
	Specificity [ tn / (tn + fp) ]:    0.10226
	F-Score [ 2tp / (2tp + fp + fn) ]: 0.278674
Particle (41):: Fit: 105.759	PB: 105.759	LB: 105.759	GB: 108.725	Conf: 0.415802	Pts: 150782
Particle (20):: Fit: 99.89	PB: 99.89	LB: 108.725	GB: 108.725	Conf: 0.565558	Pts: 140675
Particle (11):: Fit: 99.4534	PB: 99.4534	LB: 105.303	GB: 108.725	Conf: 0.0462658	Pts: 100261
Particle (49):: Fit: 104.211	PB: 104.211	LB: 107.29	GB: 108.725	Conf: 0.774138	Pts: 60660
Particle (11):: Fit: 100.327	PB: 100.327	LB: 105.303	GB: 108.725	Conf: 0.72354	Pts: 100360
Particle (36):: Fit: 102.314	PB: 102.314	LB: 105.759	GB: 108.725	Conf: 0.523044	Pts: 80443
Particle (13):: Fit: 99.3944	PB: 99.3944	LB: 108.725	GB: 108.725	Conf: 0.506682	Pts: 70137
Particle (13):: Fit: 101.078	PB: 101.078	LB: 108.725	GB: 108.725	Conf: 0.498537	Pts: 70227
Particle (19):: Fit: 100.753	PB: 100.753	LB: 108.725	GB: 108.725	Conf: 0.545804	Pts: 70318
Particle (48):: Fit: 101.015	PB: 101.015	LB: 107.29	GB: 108.725	Conf: 0.768372	Pts: 75121
Particle (6):: Fit: 103.367	PB: 103.367	LB: 107.29	GB: 108.725	Conf: 0.717234	Pts: 70200
Particle (40):: Fit: 107.952	PB: 107.952	LB: 107.952	GB: 108.725	Conf: 0.727257	Pts: 140402
Particle (12):: Fit: 104.075	PB: 104.075	LB: 105.303	GB: 108.725	Conf: 0.625438	Pts: 65101
Particle (16):: Fit: 102.806	PB: 102.806	LB: 108.725	GB: 108.725	Conf: 0.508906	Pts: 70471
Particle (30):: Fit: 100.192	PB: 100.192	LB: 106.057	GB: 108.725	Conf: 0.849445	Pts: 160254
Particle (34):: Fit: 101.785	PB: 101.785	LB: 106.057	GB: 108.725	Conf: 0.497259	Pts: 55540
Particle (43):: Fit: 97.6568	PB: 97.6568	LB: 107.952	GB: 108.725	Conf: 0.556495	Pts: 159725
Particle (10):: Fit: 104.404	PB: 104.404	LB: 105.303	GB: 108.725	Conf: 0.455409	Pts: 55734
Particle (1):: Fit: 102.769	PB: 102.769	LB: 107.29	GB: 108.725	Conf: 0.637992	Pts: 55239
Particle (14):: Fit: 106.336	PB: 106.336	LB: 108.725	GB: 108.725	Conf: 0.678905	Pts: 120444
Particle (11):: Fit: 102.018	PB: 102.018	LB: 106.336	GB: 108.725	Conf: 0.498262	Pts: 100329
Particle (9):: Fit: 105.407	PB: 105.407	LB: 106.336	GB: 108.725	Conf: 0.804494	Pts: 109827
Particle (16):: Fit: 104.743	PB: 104.743	LB: 108.725	GB: 108.725	Conf: 0.494951	Pts: 70526
Particle (34):: Fit: 104.99	PB: 104.99	LB: 106.057	GB: 108.725	Conf: 0.517672	Pts: 55595
Particle (36):: Fit: 106.425	PB: 106.425	LB: 107.952	GB: 108.725	Conf: 0.778429	Pts: 100391
Particle (27):: Fit: 105.799	PB: 105.799	LB: 106.362	GB: 108.725	Conf: 0.623475	Pts: 105581
Particle (19):: Fit: 101.338	PB: 101.338	LB: 108.725	GB: 108.725	Conf: 0.600088	Pts: 70272
Particle (49):: Fit: 107.347	PB: 107.347	LB: 107.347	GB: 108.725	Conf: 0.790945	Pts: 105562
Particle (21):: Fit: 105.26	PB: 105.26	LB: 108.725	GB: 108.725	Conf: 0.430114	Pts: 85359
Particle (13):: Fit: 103.59	PB: 103.59	LB: 108.725	GB: 108.725	Conf: 0.596653	Pts: 70162
Particle (48):: Fit: 101.408	PB: 101.408	LB: 107.347	GB: 108.725	Conf: 0.893102	Pts: 75066
Particle (43):: Fit: 99.4167	PB: 99.4167	LB: 107.952	GB: 108.725	Conf: 0.158428	Pts: 159731
Particle (20):: Fit: 101.399	PB: 101.399	LB: 108.725	GB: 108.725	Conf: 0.833602	Pts: 140548
Particle (33):: Fit: 105.116	PB: 105.116	LB: 106.425	GB: 108.725	Conf: 0.70902	Pts: 165243
Particle (43):: Fit: 105.742	PB: 105.742	LB: 107.952	GB: 108.725	Conf: 0.494374	Pts: 159819
Particle (1):: Fit: 107.054	PB: 107.054	LB: 107.347	GB: 108.725	Conf: 0.597121	Pts: 55231
Particle (13):: Fit: 103.638	PB: 103.638	LB: 108.725	GB: 108.725	Conf: 0.504775	Pts: 70178
Particle (48):: Fit: 104.277	PB: 104.277	LB: 107.347	GB: 108.725	Conf: 0.775869	Pts: 75078
Particle (37):: Fit: 102.269	PB: 102.269	LB: 107.952	GB: 108.725	Conf: 0.818451	Pts: 55750
Particle (19):: Fit: 101.935	PB: 101.935	LB: 108.725	GB: 108.725	Conf: 0.645295	Pts: 70234
Particle (19):: Fit: 103.38	PB: 103.38	LB: 108.725	GB: 108.725	Conf: 0.580715	Pts: 70321
Particle (32):: Fit: 103.303	PB: 103.303	LB: 106.425	GB: 108.725	Conf: 0.789064	Pts: 115184
Particle (33):: Fit: 107.746	PB: 107.746	LB: 107.746	GB: 108.725	Conf: 0.418891	Pts: 200191
Particle (12):: Fit: 108.493	PB: 108.493	LB: 108.493	GB: 108.725	Conf: 0.73644	Pts: 94797
Particle (30):: Fit: 105.884	PB: 105.884	LB: 107.746	GB: 108.725	Conf: 0.80575	Pts: 159979
Particle (34):: Fit: 105.316	PB: 105.316	LB: 107.746	GB: 108.725	Conf: 0.473233	Pts: 55379
Particle (35):: Fit: 105.127	PB: 105.127	LB: 107.952	GB: 108.725	Conf: 0.626453	Pts: 80262
Particle (41):: Fit: 106.334	PB: 106.334	LB: 107.952	GB: 108.725	Conf: 0.76792	Pts: 150371
Particle (26):: Fit: 103.928	PB: 103.928	LB: 106.362	GB: 108.725	Conf: 0.376479	Pts: 60267
Particle (23):: Fit: 105.115	PB: 105.115	LB: 106.362	GB: 108.725	Conf: 0.618677	Pts: 110127
Particle (31):: Fit: 106.67	PB: 106.67	LB: 107.746	GB: 108.725	Conf: 0.755893	Pts: 95236
Particle (32):: Fit: 103.802	PB: 103.802	LB: 107.746	GB: 108.725	Conf: 0.784574	Pts: 115006
Particle (20):: Fit: 106.803	PB: 106.803	LB: 108.725	GB: 108.725	Conf: 0.565511	Pts: 150197
Particle (31):: Fit: 107.851	PB: 107.851	LB: 107.851	GB: 108.725	Conf: 0.714371	Pts: 140249
Particle (1):: Fit: 108.762	PB: 108.762	LB: 108.762	GB: 108.762	Conf: 0.593466	Pts: 114851
Global: 108.762 - Correct: 72% of 100 tests
Global Best: 
  Inner Net 1
  -- 1 : 1 = -0.0367759
  -- 1 : 2 = 0.124319
  -- 1 : 3 = -0.0765601
  -- 1 : 4 = 0.0380772
  -- 1 : 5 = -0.051016
  -- 1 : 6 = 0.461251
  -- 1 : 7 = -0.0840903
  -- 1 : 8 = 0.0304846
  -- 1 : 9 = 0.32454
  -- 2 : 1 = 0.259514
  -- 2 : 2 = -0.0406033
  -- 2 : 3 = -0.0953323
  -- 2 : 4 = -0.226447
  -- 2 : 5 = -0.119438
  -- 2 : 6 = -0.195008
  -- 2 : 7 = 0.177007
  -- 2 : 8 = -0.0227789
  -- 2 : 9 = -0.177202
  -- 3 : 1 = 0.232685
  -- 3 : 2 = -0.176666
  -- 3 : 3 = 0.0749818
  -- 3 : 4 = 0.483623
  -- 3 : 5 = 0.131264
  -- 3 : 6 = -0.186538
  -- 3 : 7 = 0.244395
  -- 3 : 8 = -0.017854
  -- 3 : 9 = -0.281915
  -- 4 : 1 = 0.486473
  -- 4 : 2 = 0.0195409
  -- 4 : 3 = -0.00359008
  -- 4 : 4 = -0.208215
  -- 4 : 5 = 0.1926
  -- 4 : 6 = 0.119339
  -- 4 : 7 = -0.194651
  -- 4 : 8 = -0.592506
  -- 4 : 9 = 0.127419
  -- 5 : 1 = 0.349909
  -- 5 : 2 = -0.0348788
  -- 5 : 3 = 0.0281277
  -- 5 : 4 = 0.518173
  -- 5 : 5 = -0.00137863
  -- 5 : 6 = 0.196702
  -- 5 : 7 = -0.231793
  -- 5 : 8 = -0.116311
  -- 5 : 9 = 0.106916
  -- 6 : 1 = 0.0895552
  -- 6 : 2 = 0.414102
  -- 6 : 3 = 0.112744
  -- 6 : 4 = 0.331539
  -- 6 : 5 = 0.0680319
  -- 6 : 6 = 0.17333
  -- 6 : 7 = 0.294837
  -- 6 : 8 = 0.0374197
  -- 6 : 9 = 0.368316
  -- 7 : 1 = 0.58493
  -- 7 : 2 = 0.0038449
  -- 7 : 3 = -0.11781
  -- 7 : 4 = 0.305102
  -- 7 : 5 = 0.353591
  -- 7 : 6 = 0.310955
  -- 7 : 7 = -0.197683
  -- 7 : 8 = -0.0931089
  -- 7 : 9 = -0.380399
  -- 8 : 1 = 0.519378
  -- 8 : 2 = -0.388441
  -- 8 : 3 = -0.0569252
  -- 8 : 4 = 0.382472
  -- 8 : 5 = -0.05193
  -- 8 : 6 = -0.470797
  -- 8 : 7 = 0.270967
  -- 8 : 8 = -0.0694218
  -- 8 : 9 = -0.133766
  -- 9 : 1 = -0.491472
  -- 9 : 2 = -0.172893
  -- 9 : 3 = -0.282833
  -- 9 : 4 = 0.341764
  -- 9 : 5 = -0.275861
  -- 9 : 6 = -0.343551
  -- 9 : 7 = -0.103872
  -- 9 : 8 = -0.237752
  -- 9 : 9 = -0.00720686
  -- 10 : 1 = 0.0216576
  -- 10 : 2 = 0.327186
  -- 10 : 3 = -0.0741927
  -- 10 : 4 = 0.112952
  -- 10 : 5 = -0.0804328
  -- 10 : 6 = -0.0907655
  -- 10 : 7 = -0.163769
  -- 10 : 8 = 0.0730908
  -- 10 : 9 = -0.0168692
  Inner Net 2
  -- 1 : 1 = -0.249308
  -- 1 : 2 = 0.0118284
  -- 2 : 1 = -0.0113642
  -- 2 : 2 = -0.13186
  -- 3 : 1 = -0.160716
  -- 3 : 2 = 0.392665
  -- 4 : 1 = -0.566537
  -- 4 : 2 = 0.0494285
  -- 5 : 1 = -0.485605
  -- 5 : 2 = 0.25993
  -- 6 : 1 = -0.502593
  -- 6 : 2 = -0.175091
  -- 7 : 1 = 0.720147
  -- 7 : 2 = -0.466905
  -- 8 : 1 = -0.153228
  -- 8 : 2 = 0.0370321
  -- 9 : 1 = 0.148081
  -- 9 : 2 = -0.497138
Out\Act	False		True
False	0.240838	0.601142	0.84198
True	0.026654	0.131366	0.15802
	0.267492	0.732508
	Accuracy [ (tp + tn) / testSize ]: 0.372204
	Precision [ tp / (tp + fp) ]:      0.179221
	Sensitivity [ tp / (tp + fn) ]:    0.828829
	Specificity [ tn / (tn + fp) ]:    0.285876
	F-Score [ 2tp / (2tp + fp + fn) ]: 0.294872
Particle (39):: Fit: 105.101	PB: 105.101	LB: 107.952	GB: 108.762	Conf: 0.714906	Pts: 349828
Particle (2):: Fit: 104.394	PB: 104.394	LB: 108.762	GB: 108.762	Conf: 0.384884	Pts: 55190
Particle (44):: Fit: 104.139	PB: 104.139	LB: 107.952	GB: 108.762	Conf: 0.848586	Pts: 59313
Particle (8):: Fit: 107.05	PB: 107.05	LB: 108.493	GB: 108.762	Conf: 0.955417	Pts: 169023
Particle (37):: Fit: 107.419	PB: 107.419	LB: 107.952	GB: 108.762	Conf: 0.670988	Pts: 55196
Particle (44):: Fit: 104.906	PB: 104.906	LB: 107.952	GB: 108.762	Conf: 0.814795	Pts: 59248
Particle (11):: Fit: 102.933	PB: 102.933	LB: 108.493	GB: 108.762	Conf: 0.214931	Pts: 99522
Particle (35):: Fit: 106.018	PB: 106.018	LB: 107.952	GB: 108.762	Conf: 0.594445	Pts: 79745
Particle (11):: Fit: 106.466	PB: 106.466	LB: 108.493	GB: 108.762	Conf: 0.104248	Pts: 99536
Particle (7):: Fit: 107.554	PB: 107.554	LB: 108.493	GB: 108.762	Conf: 0.314379	Pts: 109412
Particle (6):: Fit: 103.864	PB: 103.864	LB: 107.554	GB: 108.762	Conf: 0.237182	Pts: 69170
Particle (31):: Fit: 110.69	PB: 110.69	LB: 110.69	GB: 110.69	Conf: 0.765071	Pts: 199883
Global: 110.69 - Correct: 71% of 100 tests
Global Best: 
  Inner Net 1
  -- 1 : 1 = 0.118755
  -- 1 : 2 = -0.104134
  -- 1 : 3 = 0.111774
  -- 1 : 4 = 0.214969
  -- 1 : 5 = 0.123875
  -- 1 : 6 = 0.249148
  -- 1 : 7 = -0.0483856
  -- 1 : 8 = 0.159929
  -- 1 : 9 = 0.0119436
  -- 2 : 1 = 0.162488
  -- 2 : 2 = -0.390709
  -- 2 : 3 = -0.383538
  -- 2 : 4 = -0.217931
  -- 2 : 5 = -0.037971
  -- 2 : 6 = 0.330954
  -- 2 : 7 = 0.0791157
  -- 2 : 8 = -0.104409
  -- 2 : 9 = -0.358555
  -- 3 : 1 = 0.311261
  -- 3 : 2 = 0.0804099
  -- 3 : 3 = 0.103126
  -- 3 : 4 = -0.149042
  -- 3 : 5 = 0.0349312
  -- 3 : 6 = 0.201505
  -- 3 : 7 = 0.0114888
  -- 3 : 8 = 0.137573
  -- 3 : 9 = -0.0375435
  -- 4 : 1 = 0.533656
  -- 4 : 2 = 0.0236944
  -- 4 : 3 = -0.0183598
  -- 4 : 4 = -0.21521
  -- 4 : 5 = -0.0529073
  -- 4 : 6 = -0.0888369
  -- 4 : 7 = -0.240918
  -- 4 : 8 = -0.140481
  -- 4 : 9 = 0.225354
  -- 5 : 1 = 0.446843
  -- 5 : 2 = 0.0489502
  -- 5 : 3 = 0.191539
  -- 5 : 4 = -0.128964
  -- 5 : 5 = 0.14044
  -- 5 : 6 = 0.241875
  -- 5 : 7 = 0.183888
  -- 5 : 8 = -0.241119
  -- 5 : 9 = -0.290285
  -- 6 : 1 = 0.785904
  -- 6 : 2 = -0.175491
  -- 6 : 3 = 0.195237
  -- 6 : 4 = 0.194603
  -- 6 : 5 = -0.0404311
  -- 6 : 6 = 0.0598811
  -- 6 : 7 = 0.36504
  -- 6 : 8 = -0.386716
  -- 6 : 9 = -0.0174046
  -- 7 : 1 = 0.500071
  -- 7 : 2 = -0.0669606
  -- 7 : 3 = 0.0967757
  -- 7 : 4 = 0.0489939
  -- 7 : 5 = -0.11947
  -- 7 : 6 = -0.360433
  -- 7 : 7 = 0.288196
  -- 7 : 8 = 0.0335254
  -- 7 : 9 = 0.0518571
  -- 8 : 1 = 0.354381
  -- 8 : 2 = -0.327104
  -- 8 : 3 = 0.264328
  -- 8 : 4 = 0.0688917
  -- 8 : 5 = 0.323105
  -- 8 : 6 = -0.236031
  -- 8 : 7 = 0.0601374
  -- 8 : 8 = -0.208663
  -- 8 : 9 = 0.0595875
  -- 9 : 1 = -0.405166
  -- 9 : 2 = 0.254394
  -- 9 : 3 = 0.18503
  -- 9 : 4 = 0.0877904
  -- 9 : 5 = -0.180803
  -- 9 : 6 = -0.0405649
  -- 9 : 7 = -0.433084
  -- 9 : 8 = 0.181865
  -- 9 : 9 = -0.0237463
  -- 10 : 1 = -0.184947
  -- 10 : 2 = -0.369273
  -- 10 : 3 = -0.0220505
  -- 10 : 4 = 0.353534
  -- 10 : 5 = -0.0516381
  -- 10 : 6 = 0.175751
  -- 10 : 7 = -0.214915
  -- 10 : 8 = 0.112358
  -- 10 : 9 = 0.0100691
  Inner Net 2
  -- 1 : 1 = -0.65901
  -- 1 : 2 = -0.0612919
  -- 2 : 1 = -0.245713
  -- 2 : 2 = -0.28386
  -- 3 : 1 = 0.117384
  -- 3 : 2 = -0.00623542
  -- 4 : 1 = -0.301063
  -- 4 : 2 = 0.0636437
  -- 5 : 1 = 0.00245407
  -- 5 : 2 = 0.525358
  -- 6 : 1 = 0.558648
  -- 6 : 2 = -0.0677237
  -- 7 : 1 = -0.5
  -- 7 : 2 = -0.179616
  -- 8 : 1 = -0.161027
  -- 8 : 2 = 0.109752
  -- 9 : 1 = -0.310594
  -- 9 : 2 = 0.172738
Out\Act	False		True
False	0.168967	0.673013	0.84198
True	0.0142789	0.143741	0.15802
	0.183246	0.816754
	Accuracy [ (tp + tn) / testSize ]: 0.312708
	Precision [ tp / (tp + fp) ]:      0.175888
	Sensitivity [ tp / (tp + fn) ]:    0.906907
	Specificity [ tn / (tn + fp) ]:    0.200565
	F-Score [ 2tp / (2tp + fp + fn) ]: 0.294778
Particle (32):: Fit: 103.829	PB: 103.829	LB: 110.69	GB: 110.69	Conf: 0.815345	Pts: 114560
Particle (22):: Fit: 105.855	PB: 105.855	LB: 108.725	GB: 110.69	Conf: 0.834292	Pts: 69721
Particle (2):: Fit: 105.161	PB: 105.161	LB: 108.762	GB: 110.69	Conf: 0.433078	Pts: 54837
Particle (17):: Fit: 105.33	PB: 105.33	LB: 108.725	GB: 110.69	Conf: 0.46226	Pts: 54747
Particle (47):: Fit: 103.654	PB: 103.654	LB: 108.762	GB: 110.69	Conf: 0.959018	Pts: 219094
Particle (48):: Fit: 104.982	PB: 104.982	LB: 108.762	GB: 110.69	Conf: 0.900272	Pts: 74095
Particle (32):: Fit: 104.411	PB: 104.411	LB: 110.69	GB: 110.69	Conf: 0.80811	Pts: 114467
Particle (16):: Fit: 106.608	PB: 106.608	LB: 108.725	GB: 110.69	Conf: 0.52492	Pts: 69386
Particle (15):: Fit: 104.57	PB: 104.57	LB: 108.725	GB: 110.69	Conf: 0.403846	Pts: 238671
Particle (35):: Fit: 106.628	PB: 106.628	LB: 110.69	GB: 110.69	Conf: 0.570046	Pts: 79495
Particle (19):: Fit: 103.487	PB: 103.487	LB: 108.725	GB: 110.69	Conf: 0.5575	Pts: 69281
Particle (42):: Fit: 104.133	PB: 104.133	LB: 107.952	GB: 110.69	Conf: 0.472166	Pts: 148779
Particle (13):: Fit: 103.923	PB: 103.923	LB: 108.725	GB: 110.69	Conf: 0.523195	Pts: 68954
Particle (45):: Fit: 77.5213	PB: 77.5213	LB: 107.347	GB: 110.69	Conf: 0.470242	Pts: 48466
Particle (24):: Fit: 105.201	PB: 105.201	LB: 106.803	GB: 110.69	Conf: 0.774879	Pts: 68376
Particle (0):: Fit: 108.997	PB: 108.997	LB: 108.997	GB: 110.69	Conf: 0.75782	Pts: 173287
Particle (44):: Fit: 105.787	PB: 105.787	LB: 107.952	GB: 110.69	Conf: 0.837794	Pts: 58471
Particle (6):: Fit: 106.257	PB: 106.257	LB: 107.554	GB: 110.69	Conf: 0.262995	Pts: 68537
Particle (19):: Fit: 104.042	PB: 104.042	LB: 108.725	GB: 110.69	Conf: 0.616876	Pts: 68926
Particle (22):: Fit: 106.555	PB: 106.555	LB: 108.725	GB: 110.69	Conf: 0.67626	Pts: 74113
Particle (32):: Fit: 108.223	PB: 108.223	LB: 110.69	GB: 110.69	Conf: 0.811509	Pts: 118841
Particle (38):: Fit: 104.252	PB: 104.252	LB: 107.952	GB: 110.69	Conf: 0.974539	Pts: 58556
Particle (13):: Fit: 104.455	PB: 104.455	LB: 108.725	GB: 110.69	Conf: 0.511502	Pts: 68385
Particle (30):: Fit: 106.867	PB: 106.867	LB: 110.69	GB: 110.69	Conf: 0.937101	Pts: 163220
Particle (38):: Fit: 104.74	PB: 104.74	LB: 107.952	GB: 110.69	Conf: 0.972503	Pts: 58421
Particle (16):: Fit: 107.082	PB: 107.082	LB: 108.725	GB: 110.69	Conf: 0.356248	Pts: 68471
Particle (22):: Fit: 107.294	PB: 107.294	LB: 108.725	GB: 110.69	Conf: 0.488857	Pts: 88765
Particle (47):: Fit: 106.199	PB: 106.199	LB: 108.997	GB: 110.69	Conf: 0.147543	Pts: 217831
Particle (10):: Fit: 107.911	PB: 107.911	LB: 108.493	GB: 110.69	Conf: 0.457682	Pts: 58190
Particle (4):: Fit: 104.851	PB: 104.851	LB: 108.997	GB: 110.69	Conf: 0.791254	Pts: 272548
Particle (15):: Fit: 105.989	PB: 105.989	LB: 108.725	GB: 110.69	Conf: 0.392554	Pts: 237383
Global Best: 
  Inner Net 1
  -- 1 : 1 = 0.118755
  -- 1 : 2 = -0.104134
  -- 1 : 3 = 0.111774
  -- 1 : 4 = 0.214969
  -- 1 : 5 = 0.123875
  -- 1 : 6 = 0.249148
  -- 1 : 7 = -0.0483856
  -- 1 : 8 = 0.159929
  -- 1 : 9 = 0.0119436
  -- 2 : 1 = 0.162488
  -- 2 : 2 = -0.390709
  -- 2 : 3 = -0.383538
  -- 2 : 4 = -0.217931
  -- 2 : 5 = -0.037971
  -- 2 : 6 = 0.330954
  -- 2 : 7 = 0.0791157
  -- 2 : 8 = -0.104409
  -- 2 : 9 = -0.358555
  -- 3 : 1 = 0.311261
  -- 3 : 2 = 0.0804099
  -- 3 : 3 = 0.103126
  -- 3 : 4 = -0.149042
  -- 3 : 5 = 0.0349312
  -- 3 : 6 = 0.201505
  -- 3 : 7 = 0.0114888
  -- 3 : 8 = 0.137573
  -- 3 : 9 = -0.0375435
  -- 4 : 1 = 0.533656
  -- 4 : 2 = 0.0236944
  -- 4 : 3 = -0.0183598
  -- 4 : 4 = -0.21521
  -- 4 : 5 = -0.0529073
  -- 4 : 6 = -0.0888369
  -- 4 : 7 = -0.240918
  -- 4 : 8 = -0.140481
  -- 4 : 9 = 0.225354
  -- 5 : 1 = 0.446843
  -- 5 : 2 = 0.0489502
  -- 5 : 3 = 0.191539
  -- 5 : 4 = -0.128964
  -- 5 : 5 = 0.14044
  -- 5 : 6 = 0.241875
  -- 5 : 7 = 0.183888
  -- 5 : 8 = -0.241119
  -- 5 : 9 = -0.290285
  -- 6 : 1 = 0.785904
  -- 6 : 2 = -0.175491
  -- 6 : 3 = 0.195237
  -- 6 : 4 = 0.194603
  -- 6 : 5 = -0.0404311
  -- 6 : 6 = 0.0598811
  -- 6 : 7 = 0.36504
  -- 6 : 8 = -0.386716
  -- 6 : 9 = -0.0174046
  -- 7 : 1 = 0.500071
  -- 7 : 2 = -0.0669606
  -- 7 : 3 = 0.0967757
  -- 7 : 4 = 0.0489939
  -- 7 : 5 = -0.11947
  -- 7 : 6 = -0.360433
  -- 7 : 7 = 0.288196
  -- 7 : 8 = 0.0335254
  -- 7 : 9 = 0.0518571
  -- 8 : 1 = 0.354381
  -- 8 : 2 = -0.327104
  -- 8 : 3 = 0.264328
  -- 8 : 4 = 0.0688917
  -- 8 : 5 = 0.323105
  -- 8 : 6 = -0.236031
  -- 8 : 7 = 0.0601374
  -- 8 : 8 = -0.208663
  -- 8 : 9 = 0.0595875
  -- 9 : 1 = -0.405166
  -- 9 : 2 = 0.254394
  -- 9 : 3 = 0.18503
  -- 9 : 4 = 0.0877904
  -- 9 : 5 = -0.180803
  -- 9 : 6 = -0.0405649
  -- 9 : 7 = -0.433084
  -- 9 : 8 = 0.181865
  -- 9 : 9 = -0.0237463
  -- 10 : 1 = -0.184947
  -- 10 : 2 = -0.369273
  -- 10 : 3 = -0.0220505
  -- 10 : 4 = 0.353534
  -- 10 : 5 = -0.0516381
  -- 10 : 6 = 0.175751
  -- 10 : 7 = -0.214915
  -- 10 : 8 = 0.112358
  -- 10 : 9 = 0.0100691
  Inner Net 2
  -- 1 : 1 = -0.65901
  -- 1 : 2 = -0.0612919
  -- 2 : 1 = -0.245713
  -- 2 : 2 = -0.28386
  -- 3 : 1 = 0.117384
  -- 3 : 2 = -0.00623542
  -- 4 : 1 = -0.301063
  -- 4 : 2 = 0.0636437
  -- 5 : 1 = 0.00245407
  -- 5 : 2 = 0.525358
  -- 6 : 1 = 0.558648
  -- 6 : 2 = -0.0677237
  -- 7 : 1 = -0.5
  -- 7 : 2 = -0.179616
  -- 8 : 1 = -0.161027
  -- 8 : 2 = 0.109752
  -- 9 : 1 = -0.310594
  -- 9 : 2 = 0.172738
Out\Act	False		True
False	0.168967	0.673013	0.84198
True	0.0142789	0.143741	0.15802
	0.183246	0.816754
	Accuracy [ (tp + tn) / testSize ]: 0.312708
	Precision [ tp / (tp + fp) ]:      0.175888
	Sensitivity [ tp / (tp + fn) ]:    0.906907
	Specificity [ tn / (tn + fp) ]:    0.200565
	F-Score [ 2tp / (2tp + fp + fn) ]: 0.294778
