
Date / Time: Fri Mar 31 00:55:19 2017

   ****************************************
   * PSO Neural Net (Gaussian Activation) *
   *       by William Boler, BSCE         *
   *     Research Assistant, IUPUI        *
   *                                      *
   *  Professor: Dr. Lauren Christopher   *
   *     Created: March 13, 2017          *
   ****************************************


Inputs: 10
Inner Nets: 1
 - 10
Tests per train(min): 10
Particles: 50
Neighbors: 10
Minimum Particle Iterations: 1000
Particle (0):: Fit: 44.7952	PB: 44.7952	LB: 44.7952	GB: 44.7952	Conf: 1.58337	Pts: 110099
Particle (1):: Fit: 44.713	PB: 44.713	LB: 44.7952	GB: 44.7952	Conf: 2	Pts: 55099
Particle (2):: Fit: 30.2763	PB: 30.2763	LB: 44.7952	GB: 44.7952	Conf: 2	Pts: 55099
Particle (3):: Fit: 34.1164	PB: 34.1164	LB: 44.7952	GB: 44.7952	Conf: 1.3713	Pts: 60099
Particle (4):: Fit: 37.0296	PB: 37.0296	LB: 44.7952	GB: 44.7952	Conf: 2	Pts: 65099
Particle (5):: Fit: 33.9184	PB: 33.9184	LB: 44.713	GB: 44.7952	Conf: 2	Pts: 55099
Particle (6):: Fit: 79.0785	PB: 79.0785	LB: 79.0785	GB: 79.0785	Conf: 1.80625	Pts: 110099
Particle (7):: Fit: 40.4241	PB: 40.4241	LB: 79.0785	GB: 79.0785	Conf: 0.489855	Pts: 55099
Particle (8):: Fit: 7.36657	PB: 7.36657	LB: 79.0785	GB: 79.0785	Conf: 0.784897	Pts: 55099
Particle (9):: Fit: 39.8034	PB: 39.8034	LB: 79.0785	GB: 79.0785	Conf: 2	Pts: 60099
Particle (10):: Fit: 6.4694	PB: 6.4694	LB: 79.0785	GB: 79.0785	Conf: 0.446506	Pts: 55099
Particle (11):: Fit: 30.259	PB: 30.259	LB: 40.4241	GB: 79.0785	Conf: 1.83521	Pts: 60099
Particle (12):: Fit: 33.9184	PB: 33.9184	LB: 39.8034	GB: 79.0785	Conf: 2	Pts: 65099
Particle (13):: Fit: 25.6529	PB: 25.6529	LB: 39.8034	GB: 79.0785	Conf: 2	Pts: 55099
Particle (14):: Fit: 37.0296	PB: 37.0296	LB: 37.0296	GB: 79.0785	Conf: 2	Pts: 75099
Particle (15):: Fit: 39.8034	PB: 39.8034	LB: 39.8034	GB: 79.0785	Conf: 2	Pts: 80099
Particle (16):: Fit: 39.8034	PB: 39.8034	LB: 39.8034	GB: 79.0785	Conf: 2	Pts: 55099
Particle (17):: Fit: 34.1	PB: 34.1	LB: 39.8034	GB: 79.0785	Conf: 0.477357	Pts: 55099
Particle (18):: Fit: 37.0296	PB: 37.0296	LB: 39.8034	GB: 79.0785	Conf: 2	Pts: 60099
Particle (19):: Fit: 40.145	PB: 40.145	LB: 40.145	GB: 79.0785	Conf: 1.60168	Pts: 100099
Particle (20):: Fit: 5.5231	PB: 5.5231	LB: 40.145	GB: 79.0785	Conf: 0.858159	Pts: 55099
Particle (21):: Fit: 37.0296	PB: 37.0296	LB: 40.145	GB: 79.0785	Conf: 2	Pts: 60099
Particle (22):: Fit: 42.3692	PB: 42.3692	LB: 42.3692	GB: 79.0785	Conf: 1.57156	Pts: 100099
Particle (23):: Fit: 37.0296	PB: 37.0296	LB: 42.3692	GB: 79.0785	Conf: 2	Pts: 55099
Particle (24):: Fit: 41.9027	PB: 41.9027	LB: 42.3692	GB: 79.0785	Conf: 1.02811	Pts: 60099
Particle (25):: Fit: 37.0296	PB: 37.0296	LB: 42.3692	GB: 79.0785	Conf: 2	Pts: 55099
Particle (26):: Fit: 6.25613	PB: 6.25613	LB: 42.3692	GB: 79.0785	Conf: 0.0785685	Pts: 55099
Particle (27):: Fit: 47.4879	PB: 47.4879	LB: 47.4879	GB: 79.0785	Conf: 1.42691	Pts: 100099
Particle (28):: Fit: 30.2763	PB: 30.2763	LB: 47.4879	GB: 79.0785	Conf: 2	Pts: 55099
Particle (29):: Fit: 40.5332	PB: 40.5332	LB: 47.4879	GB: 79.0785	Conf: 0.721091	Pts: 60099
Particle (30):: Fit: 33.9184	PB: 33.9184	LB: 47.4879	GB: 79.0785	Conf: 2	Pts: 55099
Particle (31):: Fit: 40.5877	PB: 40.5877	LB: 47.4879	GB: 79.0785	Conf: 1.83964	Pts: 70099
Particle (32):: Fit: 42.3429	PB: 42.3429	LB: 42.3429	GB: 79.0785	Conf: 2	Pts: 75099
Particle (33):: Fit: 39.8034	PB: 39.8034	LB: 42.3429	GB: 79.0785	Conf: 2	Pts: 55099
Particle (34):: Fit: 42.3429	PB: 42.3429	LB: 42.3429	GB: 79.0785	Conf: 2	Pts: 60099
Particle (35):: Fit: 46.1085	PB: 46.1085	LB: 46.1085	GB: 79.0785	Conf: 0.926724	Pts: 90099
Particle (36):: Fit: 37.0296	PB: 37.0296	LB: 46.1085	GB: 79.0785	Conf: 2	Pts: 55099
Particle (37):: Fit: 45.9884	PB: 45.9884	LB: 46.1085	GB: 79.0785	Conf: 1.23993	Pts: 60099
Particle (38):: Fit: 33.9184	PB: 33.9184	LB: 46.1085	GB: 79.0785	Conf: 2	Pts: 55099
Particle (39):: Fit: 39.8034	PB: 39.8034	LB: 46.1085	GB: 79.0785	Conf: 2	Pts: 60099
Particle (40):: Fit: 26.4658	PB: 26.4658	LB: 45.9884	GB: 79.0785	Conf: 1.89274	Pts: 55099
Particle (41):: Fit: 84.5393	PB: 84.5393	LB: 84.5393	GB: 84.5393	Conf: 1.6184	Pts: 110099
Particle (42):: Fit: 39.8034	PB: 39.8034	LB: 84.5393	GB: 84.5393	Conf: 2	Pts: 50099
Particle (43):: Fit: 39.8034	PB: 39.8034	LB: 84.5393	GB: 84.5393	Conf: 2	Pts: 50099
Particle (44):: Fit: 37.4275	PB: 37.4275	LB: 84.5393	GB: 84.5393	Conf: 1.64489	Pts: 50099
Particle (45):: Fit: 37.565	PB: 37.565	LB: 84.5393	GB: 84.5393	Conf: 1.87231	Pts: 50099
Particle (46):: Fit: 34.2965	PB: 34.2965	LB: 44.7952	GB: 84.5393	Conf: 0.868808	Pts: 50099
Particle (47):: Fit: 37.0296	PB: 37.0296	LB: 44.7952	GB: 84.5393	Conf: 2	Pts: 50099
Particle (48):: Fit: 33.9184	PB: 33.9184	LB: 44.7952	GB: 84.5393	Conf: 2	Pts: 50099
Particle (49):: Fit: 5.57074	PB: 5.57074	LB: 44.7952	GB: 84.5393	Conf: 0.747119	Pts: 50099
Global: 84.5393 - Correct: 40% of 10 tests
Global Best: 
  Inner Net 1
  -- 1 : 1 = 0.7874
  -- 1 : 2 = 0.6872
  -- 1 : 3 = 0.3091
  -- 1 : 4 = 0.9242
  -- 1 : 5 = 0.7712
  -- 1 : 6 = 0.0051
  -- 1 : 7 = 0.7865
  -- 1 : 8 = 0.1
  -- 1 : 9 = 0.5652
  -- 1 : 10 = 0.1768
  -- 2 : 1 = 0.0104
  -- 2 : 2 = 0.1632
  -- 2 : 3 = 0.8509
  -- 2 : 4 = 0.113
  -- 2 : 5 = 0.2536
  -- 2 : 6 = 0.1068
  -- 2 : 7 = 0.0859
  -- 2 : 8 = 0.2954
  -- 2 : 9 = 0.4234
  -- 2 : 10 = 0.666
  -- 3 : 1 = 0.0532
  -- 3 : 2 = 0.4757
  -- 3 : 3 = 0.752
  -- 3 : 4 = 0.3189
  -- 3 : 5 = 0.7559
  -- 3 : 6 = 0.2497
  -- 3 : 7 = 0.7856
  -- 3 : 8 = 0.1294
  -- 3 : 9 = 0.6576
  -- 3 : 10 = 0.4056
  -- 4 : 1 = 0.3846
  -- 4 : 2 = 0.0316
  -- 4 : 3 = 0.4332
  -- 4 : 4 = 0.6804
  -- 4 : 5 = 0.3976
  -- 4 : 6 = 0.1721
  -- 4 : 7 = 0.0957
  -- 4 : 8 = 0.9755
  -- 4 : 9 = 0.1053
  -- 4 : 10 = 0.5872
  -- 5 : 1 = 0.2448
  -- 5 : 2 = 0.5133
  -- 5 : 3 = 0.1584
  -- 5 : 4 = 0.8788
  -- 5 : 5 = 0.0252
  -- 5 : 6 = 0.6908
  -- 5 : 7 = 0.2578
  -- 5 : 8 = 0.5473
  -- 5 : 9 = 0.6846
  -- 5 : 10 = 0.8986
  -- 6 : 1 = 0.4894
  -- 6 : 2 = 0.6019
  -- 6 : 3 = 0.3891
  -- 6 : 4 = 0.017
  -- 6 : 5 = 0.9905
  -- 6 : 6 = 0.6598
  -- 6 : 7 = 0.6517
  -- 6 : 8 = 0.0512
  -- 6 : 9 = 0.8586
  -- 6 : 10 = 0.4318
  -- 7 : 1 = 0.201
  -- 7 : 2 = 0.3178
  -- 7 : 3 = 0.4446
  -- 7 : 4 = 0.2968
  -- 7 : 5 = 0.5817
  -- 7 : 6 = 0.8387
  -- 7 : 7 = 0.0767
  -- 7 : 8 = 0.5409
  -- 7 : 9 = 0.5935
  -- 7 : 10 = 0.9254
  -- 8 : 1 = 0.6045
  -- 8 : 2 = 0.9637
  -- 8 : 3 = 0.0273
  -- 8 : 4 = 0.888
  -- 8 : 5 = 0.7485
  -- 8 : 6 = 0.3658
  -- 8 : 7 = 0.2531
  -- 8 : 8 = 0.4505
  -- 8 : 9 = 0.4122
  -- 8 : 10 = 0.4495
  -- 9 : 1 = 0.7784
  -- 9 : 2 = 0.2692
  -- 9 : 3 = 0.4505
  -- 9 : 4 = 0.6015
  -- 9 : 5 = 0.5642
  -- 9 : 6 = 0.9492
  -- 9 : 7 = 0.3298
  -- 9 : 8 = 0.0922
  -- 9 : 9 = 0.0925
  -- 9 : 10 = 0.1441
  -- 10 : 1 = 0.0012
  -- 10 : 2 = 0.2021
  -- 10 : 3 = 0.7567
  -- 10 : 4 = 0.9452
  -- 10 : 5 = 0.1031
  -- 10 : 6 = 0.0881
  -- 10 : 7 = 0.0803
  -- 10 : 8 = 0.7168
  -- 10 : 9 = 0.5648
  -- 10 : 10 = 0.1946
  Inner Net 2
  -- 1 : 1 = 0.0918
  -- 1 : 2 = 0.1922
  -- 2 : 1 = -0.270487
  -- 2 : 2 = -0.123358
  -- 3 : 1 = 0.4249
  -- 3 : 2 = 0.477
  -- 4 : 1 = 0.226923
  -- 4 : 2 = 0.338
  -- 5 : 1 = -0.2336
  -- 5 : 2 = 0.3457
  -- 6 : 1 = -0.3249
  -- 6 : 2 = -0.0883347
  -- 7 : 1 = -0.0294
  -- 7 : 2 = -0.1995
  -- 8 : 1 = 0.0523
  -- 8 : 2 = -0.0297
  -- 9 : 1 = -0.114703
  -- 9 : 2 = 0.131896
  -- 10 : 1 = -0.3007
  -- 10 : 2 = 0.4768
Out\Act	False		True
False	0.841504	0.000475964	0.84198
True	0.154688	0.00333175	0.15802
	0.996192	0.00380771
	Accuracy [ (tp + tn) / testSize ]: 0.844836
	Precision [ tp / (tp + fp) ]:      0.777778
	Sensitivity [ tp / (tp + fn) ]:    0.021021
	Specificity [ tn / (tn + fp) ]:    0.99887
	F-Score [ 2tp / (2tp + fp + fn) ]: 0.0410557
Particle (0):: Fit: 79.3289	PB: 79.3289	LB: 79.3289	GB: 84.5393	Conf: 1.86398	Pts: 155198
Particle (2):: Fit: 61.6281	PB: 61.6281	LB: 79.3289	GB: 84.5393	Conf: 1.65397	Pts: 55198
Particle (8):: Fit: 46.1323	PB: 46.1323	LB: 79.0785	GB: 84.5393	Conf: 0.835712	Pts: 65198
Particle (10):: Fit: 30.3111	PB: 30.3111	LB: 79.0785	GB: 84.5393	Conf: 0.0705772	Pts: 55198
Particle (11):: Fit: 77.529	PB: 77.529	LB: 77.529	GB: 84.5393	Conf: 1.69905	Pts: 85198
Particle (12):: Fit: 39.8034	PB: 39.8034	LB: 77.529	GB: 84.5393	Conf: 2	Pts: 65198
Particle (13):: Fit: 30.2763	PB: 30.2763	LB: 77.529	GB: 84.5393	Conf: 2	Pts: 55198
Particle (18):: Fit: 39.8034	PB: 39.8034	LB: 42.3692	GB: 84.5393	Conf: 2	Pts: 60198
Particle (19):: Fit: 58.9568	PB: 58.9568	LB: 58.9568	GB: 84.5393	Conf: 1.25027	Pts: 140198
Particle (20):: Fit: 46.0355	PB: 46.0355	LB: 58.9568	GB: 84.5393	Conf: 0.559784	Pts: 55197
Particle (21):: Fit: 39.8034	PB: 39.8034	LB: 58.9568	GB: 84.5393	Conf: 2	Pts: 60198
Particle (22):: Fit: 45.4124	PB: 45.4124	LB: 58.9568	GB: 84.5393	Conf: 0.580483	Pts: 100198
Particle (25):: Fit: 42.3429	PB: 42.3429	LB: 47.4879	GB: 84.5393	Conf: 2	Pts: 55198
Particle (27):: Fit: 58.8834	PB: 58.8834	LB: 58.8834	GB: 84.5393	Conf: 1.317	Pts: 140198
Particle (28):: Fit: 39.8034	PB: 39.8034	LB: 58.8834	GB: 84.5393	Conf: 2	Pts: 55198
Particle (30):: Fit: 37.0296	PB: 37.0296	LB: 58.8834	GB: 84.5393	Conf: 2	Pts: 55198
Particle (38):: Fit: 37.0296	PB: 37.0296	LB: 84.5393	GB: 84.5393	Conf: 2	Pts: 55198
Particle (39):: Fit: 44.713	PB: 44.713	LB: 84.5393	GB: 84.5393	Conf: 2	Pts: 60198
Particle (40):: Fit: 33.9184	PB: 33.9184	LB: 84.5393	GB: 84.5393	Conf: 2	Pts: 55198
Particle (41):: Fit: 84.9841	PB: 84.9841	LB: 84.9841	GB: 84.9841	Conf: 1.26614	Pts: 170198
Particle (42):: Fit: 42.3429	PB: 42.3429	LB: 84.9841	GB: 84.9841	Conf: 2	Pts: 50198
Particle (44):: Fit: 44.9545	PB: 44.9545	LB: 84.9841	GB: 84.9841	Conf: 1.89757	Pts: 50198
Particle (45):: Fit: 40.0012	PB: 40.0012	LB: 84.9841	GB: 84.9841	Conf: 1.88369	Pts: 50198
Particle (48):: Fit: 39.8034	PB: 39.8034	LB: 79.3289	GB: 84.9841	Conf: 2	Pts: 50198
Particle (49):: Fit: 6.47736	PB: 6.47736	LB: 79.3289	GB: 84.9841	Conf: 0.491333	Pts: 50198
Global: 84.9841 - Correct: 40% of 10 tests
Global Best: 
  Inner Net 1
  -- 1 : 1 = 0.7874
  -- 1 : 2 = 0.6872
  -- 1 : 3 = 0.3091
  -- 1 : 4 = 0.9242
  -- 1 : 5 = 0.7712
  -- 1 : 6 = 0.0051
  -- 1 : 7 = 0.7865
  -- 1 : 8 = 0.1
  -- 1 : 9 = 0.5652
  -- 1 : 10 = 0.1768
  -- 2 : 1 = 0.0104
  -- 2 : 2 = 0.1632
  -- 2 : 3 = 0.8509
  -- 2 : 4 = 0.113
  -- 2 : 5 = 0.2536
  -- 2 : 6 = 0.1068
  -- 2 : 7 = 0.0859
  -- 2 : 8 = 0.2954
  -- 2 : 9 = 0.4234
  -- 2 : 10 = 0.666
  -- 3 : 1 = 0.0532
  -- 3 : 2 = 0.4757
  -- 3 : 3 = 0.752
  -- 3 : 4 = 0.3189
  -- 3 : 5 = 0.7559
  -- 3 : 6 = 0.2497
  -- 3 : 7 = 0.7856
  -- 3 : 8 = 0.1294
  -- 3 : 9 = 0.6576
  -- 3 : 10 = 0.4056
  -- 4 : 1 = 0.3846
  -- 4 : 2 = 0.0316
  -- 4 : 3 = 0.4332
  -- 4 : 4 = 0.6804
  -- 4 : 5 = 0.3976
  -- 4 : 6 = 0.1721
  -- 4 : 7 = 0.0957
  -- 4 : 8 = 0.9755
  -- 4 : 9 = 0.1053
  -- 4 : 10 = 0.5872
  -- 5 : 1 = 0.2448
  -- 5 : 2 = 0.5133
  -- 5 : 3 = 0.1584
  -- 5 : 4 = 0.8788
  -- 5 : 5 = 0.0252
  -- 5 : 6 = 0.6908
  -- 5 : 7 = 0.2578
  -- 5 : 8 = 0.5473
  -- 5 : 9 = 0.6846
  -- 5 : 10 = 0.8986
  -- 6 : 1 = 0.4894
  -- 6 : 2 = 0.6019
  -- 6 : 3 = 0.3891
  -- 6 : 4 = 0.017
  -- 6 : 5 = 0.9905
  -- 6 : 6 = 0.6598
  -- 6 : 7 = 0.6517
  -- 6 : 8 = 0.0512
  -- 6 : 9 = 0.8586
  -- 6 : 10 = 0.4318
  -- 7 : 1 = 0.201
  -- 7 : 2 = 0.3178
  -- 7 : 3 = 0.4446
  -- 7 : 4 = 0.2968
  -- 7 : 5 = 0.5817
  -- 7 : 6 = 0.8387
  -- 7 : 7 = 0.0767
  -- 7 : 8 = 0.5409
  -- 7 : 9 = 0.5935
  -- 7 : 10 = 0.9254
  -- 8 : 1 = 0.6045
  -- 8 : 2 = 0.9637
  -- 8 : 3 = 0.0273
  -- 8 : 4 = 0.888
  -- 8 : 5 = 0.7485
  -- 8 : 6 = 0.3658
  -- 8 : 7 = 0.2531
  -- 8 : 8 = 0.4505
  -- 8 : 9 = 0.4122
  -- 8 : 10 = 0.4495
  -- 9 : 1 = 0.7784
  -- 9 : 2 = 0.2692
  -- 9 : 3 = 0.4505
  -- 9 : 4 = 0.6015
  -- 9 : 5 = 0.5642
  -- 9 : 6 = 0.9492
  -- 9 : 7 = 0.3298
  -- 9 : 8 = 0.0922
  -- 9 : 9 = 0.0925
  -- 9 : 10 = 0.1441
  -- 10 : 1 = 0.0012
  -- 10 : 2 = 0.2021
  -- 10 : 3 = 0.7567
  -- 10 : 4 = 0.9452
  -- 10 : 5 = 0.1031
  -- 10 : 6 = 0.0881
  -- 10 : 7 = 0.0803
  -- 10 : 8 = 0.7168
  -- 10 : 9 = 0.5648
  -- 10 : 10 = 0.1946
  Inner Net 2
  -- 1 : 1 = -0.25949
  -- 1 : 2 = -0.3078
  -- 2 : 1 = -0.507934
  -- 2 : 2 = -0.0549462
  -- 3 : 1 = 0.09635
  -- 3 : 2 = -0.023
  -- 4 : 1 = 0.0324247
  -- 4 : 2 = -0.162
  -- 5 : 1 = -0.57973
  -- 5 : 2 = -0.1543
  -- 6 : 1 = -0.686315
  -- 6 : 2 = -0.151706
  -- 7 : 1 = -0.41992
  -- 7 : 2 = -0.0593196
  -- 8 : 1 = -0.26122
  -- 8 : 2 = -0.282464
  -- 9 : 1 = -0.329713
  -- 9 : 2 = -0.303142
  -- 10 : 1 = -0.668985
  -- 10 : 2 = -0.0232
Out\Act	False		True
False	0.841504	0.000475964	0.84198
True	0.154688	0.00333175	0.15802
	0.996192	0.00380771
	Accuracy [ (tp + tn) / testSize ]: 0.844836
	Precision [ tp / (tp + fp) ]:      0.777778
	Sensitivity [ tp / (tp + fn) ]:    0.021021
	Specificity [ tn / (tn + fp) ]:    0.99887
	F-Score [ 2tp / (2tp + fp + fn) ]: 0.0410557
Particle (0):: Fit: 85.6581	PB: 85.6581	LB: 85.6581	GB: 85.6581	Conf: 1.84043	Pts: 215297
Particle (5):: Fit: 37.1227	PB: 37.1227	LB: 79.0785	GB: 85.6581	Conf: 1.83891	Pts: 55197
Particle (10):: Fit: 43.1468	PB: 43.1468	LB: 79.0785	GB: 85.6581	Conf: 0.365485	Pts: 55297
Particle (12):: Fit: 96.8436	PB: 96.8436	LB: 96.8436	GB: 96.8436	Conf: 1.50999	Pts: 125297
Particle (13):: Fit: 33.9184	PB: 33.9184	LB: 96.8436	GB: 96.8436	Conf: 2	Pts: 55297
Particle (24):: Fit: 82.2302	PB: 82.2302	LB: 82.2302	GB: 96.8436	Conf: 1.62013	Pts: 110197
Particle (26):: Fit: 40.4942	PB: 40.4942	LB: 82.2302	GB: 96.8436	Conf: 0.640067	Pts: 55197
Particle (27):: Fit: 65.2543	PB: 65.2543	LB: 82.2302	GB: 96.8436	Conf: 1.58123	Pts: 155297
Particle (29):: Fit: 54.8228	PB: 54.8228	LB: 65.2543	GB: 96.8436	Conf: 0.650758	Pts: 70197
Particle (33):: Fit: 42.3429	PB: 42.3429	LB: 54.8228	GB: 96.8436	Conf: 2	Pts: 55197
Particle (37):: Fit: 82.2821	PB: 82.2821	LB: 84.9841	GB: 96.8436	Conf: 1.41053	Pts: 80197
Particle (39):: Fit: 79.3658	PB: 79.3658	LB: 84.9841	GB: 96.8436	Conf: 1.88853	Pts: 60297
Particle (40):: Fit: 90.3454	PB: 90.3454	LB: 90.3454	GB: 96.8436	Conf: 1.62716	Pts: 105297
Global: 96.8436 - Correct: 50% of 10 tests
Global Best: 
  Inner Net 1
  -- 1 : 1 = 0.1942
  -- 1 : 2 = 0.861
  -- 1 : 3 = 0.9397
  -- 1 : 4 = 0.6808
  -- 1 : 5 = 0.0301
  -- 1 : 6 = 0.4979
  -- 1 : 7 = 0.3778
  -- 1 : 8 = 0.053
  -- 1 : 9 = 0.2889
  -- 1 : 10 = 0.7986
  -- 2 : 1 = 0.2957
  -- 2 : 2 = 0.7929
  -- 2 : 3 = 0.1741
  -- 2 : 4 = 0.1957
  -- 2 : 5 = 0.8596
  -- 2 : 6 = 0.5408
  -- 2 : 7 = 0.0934
  -- 2 : 8 = 0.8886
  -- 2 : 9 = 0.5035
  -- 2 : 10 = 0.7692
  -- 3 : 1 = 0.7294
  -- 3 : 2 = 0.7191
  -- 3 : 3 = 0.0108
  -- 3 : 4 = 0.1616
  -- 3 : 5 = 0.0161
  -- 3 : 6 = 0.9734
  -- 3 : 7 = 0.2812
  -- 3 : 8 = 0.1675
  -- 3 : 9 = 0.9486
  -- 3 : 10 = 0.7633
  -- 4 : 1 = 0.5567
  -- 4 : 2 = 0.4127
  -- 4 : 3 = 0.696
  -- 4 : 4 = 0.2507
  -- 4 : 5 = 0.8591
  -- 4 : 6 = 0.2262
  -- 4 : 7 = 0.8366
  -- 4 : 8 = 0.0912
  -- 4 : 9 = 0.7065
  -- 4 : 10 = 0.7904
  -- 5 : 1 = 0.7392
  -- 5 : 2 = 0.5125
  -- 5 : 3 = 0.2025
  -- 5 : 4 = 0.688
  -- 5 : 5 = 0.9107
  -- 5 : 6 = 0.146
  -- 5 : 7 = 0.5912
  -- 5 : 8 = 0.0104
  -- 5 : 9 = 0.779
  -- 5 : 10 = 0.5158
  -- 6 : 1 = 0.0674
  -- 6 : 2 = 0.6946
  -- 6 : 3 = 0.839
  -- 6 : 4 = 0.7969
  -- 6 : 5 = 0.2589
  -- 6 : 6 = 0.9153
  -- 6 : 7 = 0.8623
  -- 6 : 8 = 0.2101
  -- 6 : 9 = 0.3814
  -- 6 : 10 = 0.4295
  -- 7 : 1 = 0.6356
  -- 7 : 2 = 0.2625
  -- 7 : 3 = 0.8878
  -- 7 : 4 = 0.4072
  -- 7 : 5 = 0.3913
  -- 7 : 6 = 0.7579
  -- 7 : 7 = 0.6102
  -- 7 : 8 = 0.2782
  -- 7 : 9 = 0.9486
  -- 7 : 10 = 0.2912
  -- 8 : 1 = 0.5382
  -- 8 : 2 = 0.8351
  -- 8 : 3 = 0.4359
  -- 8 : 4 = 0.1977
  -- 8 : 5 = 0.85
  -- 8 : 6 = 0.8444
  -- 8 : 7 = 0.3514
  -- 8 : 8 = 0.0735
  -- 8 : 9 = 0.4611
  -- 8 : 10 = 0.1931
  -- 9 : 1 = 0.3256
  -- 9 : 2 = 0.944
  -- 9 : 3 = 0.6298
  -- 9 : 4 = 0.2056
  -- 9 : 5 = 0.0656
  -- 9 : 6 = 0.6259
  -- 9 : 7 = 0.1783
  -- 9 : 8 = 0.0503
  -- 9 : 9 = 0.8433
  -- 9 : 10 = 0.4392
  -- 10 : 1 = 0.0371
  -- 10 : 2 = 0.918
  -- 10 : 3 = 0.179
  -- 10 : 4 = 0.6915
  -- 10 : 5 = 0.1016
  -- 10 : 6 = 0.0143
  -- 10 : 7 = 0.4663
  -- 10 : 8 = 0.3658
  -- 10 : 9 = 0.232
  -- 10 : 10 = 0.2618
  Inner Net 2
  -- 1 : 1 = -0.27425
  -- 1 : 2 = 0.121214
  -- 2 : 1 = -0.411939
  -- 2 : 2 = -0.312193
  -- 3 : 1 = 0.321695
  -- 3 : 2 = 0.501218
  -- 4 : 1 = -0.370994
  -- 4 : 2 = -0.193352
  -- 5 : 1 = 0.220844
  -- 5 : 2 = -0.0775571
  -- 6 : 1 = 0.069478
  -- 6 : 2 = -0.089177
  -- 7 : 1 = -0.232429
  -- 7 : 2 = 0.0288118
  -- 8 : 1 = 0.0532369
  -- 8 : 2 = -0.033718
  -- 9 : 1 = -0.544527
  -- 9 : 2 = -0.238188
  -- 10 : 1 = -0.694382
  -- 10 : 2 = 0.0709589
Out\Act	False		True
False	0.84198	0	0.84198
True	0.15802	0	0.15802
	1	0
	Accuracy [ (tp + tn) / testSize ]: 0.84198
	Precision [ tp / (tp + fp) ]:      0
	Sensitivity [ tp / (tp + fn) ]:    0
	Specificity [ tn / (tn + fp) ]:    0.999435
	F-Score [ 2tp / (2tp + fp + fn) ]: 0
Particle (2):: Fit: 79.3677	PB: 79.3677	LB: 85.6581	GB: 96.8436	Conf: 1.89173	Pts: 65296
Particle (3):: Fit: 46.9428	PB: 46.9428	LB: 85.6581	GB: 96.8436	Conf: 1.26611	Pts: 60196
Particle (11):: Fit: 96.7913	PB: 96.7913	LB: 96.8436	GB: 96.8436	Conf: 1.88111	Pts: 90296
Particle (13):: Fit: 42.3429	PB: 42.3429	LB: 96.8436	GB: 96.8436	Conf: 2	Pts: 55396
Particle (14):: Fit: 39.8034	PB: 39.8034	LB: 96.8436	GB: 96.8436	Conf: 2	Pts: 75196
Particle (17):: Fit: 43.2212	PB: 43.2212	LB: 58.9568	GB: 96.8436	Conf: 1.15446	Pts: 55196
Particle (19):: Fit: 77.6566	PB: 77.6566	LB: 82.2302	GB: 96.8436	Conf: 1.77053	Pts: 150296
Particle (21):: Fit: 91.5309	PB: 91.5309	LB: 91.5309	GB: 96.8436	Conf: 1.88672	Pts: 105296
Particle (36):: Fit: 42.3429	PB: 42.3429	LB: 90.3454	GB: 96.8436	Conf: 2	Pts: 55196
Particle (45):: Fit: 85.7057	PB: 85.7057	LB: 85.7057	GB: 96.8436	Conf: 1.85147	Pts: 75296
Particle (47):: Fit: 44.713	PB: 44.713	LB: 85.7057	GB: 96.8436	Conf: 2	Pts: 50196
Particle (5):: Fit: 42.3429	PB: 42.3429	LB: 79.3677	GB: 96.8436	Conf: 2	Pts: 55295
Particle (15):: Fit: 44.713	PB: 44.713	LB: 96.8436	GB: 96.8436	Conf: 2	Pts: 80195
Particle (18):: Fit: 79.367	PB: 79.367	LB: 91.5309	GB: 96.8436	Conf: 1.89039	Pts: 60295
Particle (22):: Fit: 45.4719	PB: 45.4719	LB: 91.5309	GB: 96.8436	Conf: 0.912719	Pts: 100295
Particle (27):: Fit: 67.644	PB: 67.644	LB: 82.2302	GB: 96.8436	Conf: 1.31441	Pts: 170395
Particle (28):: Fit: 42.3429	PB: 42.3429	LB: 82.2302	GB: 96.8436	Conf: 2	Pts: 55295
Particle (30):: Fit: 42.3429	PB: 42.3429	LB: 67.644	GB: 96.8436	Conf: 2	Pts: 55295
Particle (31):: Fit: 85.4483	PB: 85.4483	LB: 85.4483	GB: 96.8436	Conf: 1.78273	Pts: 115195
Particle (38):: Fit: 39.8034	PB: 39.8034	LB: 90.3454	GB: 96.8436	Conf: 2	Pts: 55295
Particle (44):: Fit: 88.1461	PB: 88.1461	LB: 90.3454	GB: 96.8436	Conf: 1.52717	Pts: 70295
Particle (46):: Fit: 35.3858	PB: 35.3858	LB: 88.1461	GB: 96.8436	Conf: 0.618759	Pts: 50194
Particle (1):: Fit: 85.7699	PB: 85.7699	LB: 85.7699	GB: 96.8436	Conf: 1.87298	Pts: 90194
Particle (3):: Fit: 75.5215	PB: 75.5215	LB: 85.7699	GB: 96.8436	Conf: 0.900063	Pts: 60294
Particle (6):: Fit: 79.2968	PB: 79.2968	LB: 96.7913	GB: 96.8436	Conf: 1.85203	Pts: 110194
Particle (17):: Fit: 46.0542	PB: 46.0542	LB: 91.5309	GB: 96.8436	Conf: 0.582172	Pts: 55294
Particle (30):: Fit: 44.713	PB: 44.713	LB: 85.4483	GB: 96.8436	Conf: 2	Pts: 55394
Particle (48):: Fit: 42.3429	PB: 42.3429	LB: 88.1461	GB: 96.8436	Conf: 2	Pts: 50294
Particle (9):: Fit: 42.3429	PB: 42.3429	LB: 96.8436	GB: 96.8436	Conf: 2	Pts: 60193
Particle (19):: Fit: 102.987	PB: 102.987	LB: 102.987	GB: 102.987	Conf: 1.37338	Pts: 210393
Particle (22):: Fit: 82.1404	PB: 82.1404	LB: 102.987	GB: 102.987	Conf: 1.57847	Pts: 100393
Particle (46):: Fit: 40.3653	PB: 40.3653	LB: 88.1461	GB: 102.987	Conf: 0.506943	Pts: 50291
Global: 102.987 - Correct: 50% of 10 tests
Global Best: 
  Inner Net 1
  -- 1 : 1 = 0.4387
  -- 1 : 2 = 0.6127
  -- 1 : 3 = 0.9471
  -- 1 : 4 = 0.2248
  -- 1 : 5 = 0.1476
  -- 1 : 6 = 0.4638
  -- 1 : 7 = 0.7362
  -- 1 : 8 = 0.0665
  -- 1 : 9 = 0.4538
  -- 1 : 10 = 0.4584
  -- 2 : 1 = 0.7265
  -- 2 : 2 = 0.6943
  -- 2 : 3 = 0.1525
  -- 2 : 4 = 0.5105
  -- 2 : 5 = 0.7016
  -- 2 : 6 = 0.2623
  -- 2 : 7 = 0.8131
  -- 2 : 8 = 0.1324
  -- 2 : 9 = 0.0386
  -- 2 : 10 = 0.4749
  -- 3 : 1 = 0.8842
  -- 3 : 2 = 0.0396
  -- 3 : 3 = 0.1095
  -- 3 : 4 = 0.2542
  -- 3 : 5 = 0.5238
  -- 3 : 6 = 0.8984
  -- 3 : 7 = 0.4707
  -- 3 : 8 = 0.8415
  -- 3 : 9 = 0.7907
  -- 3 : 10 = 0.1006
  -- 4 : 1 = 0.9257
  -- 4 : 2 = 0.0359
  -- 4 : 3 = 0.083
  -- 4 : 4 = 0.2585
  -- 4 : 5 = 0.3032
  -- 4 : 6 = 0.0378
  -- 4 : 7 = 0.9943
  -- 4 : 8 = 0.8133
  -- 4 : 9 = 0.8044
  -- 4 : 10 = 0.3696
  -- 5 : 1 = 0.4313
  -- 5 : 2 = 0.6018
  -- 5 : 3 = 0.1192
  -- 5 : 4 = 0.6165
  -- 5 : 5 = 0.4381
  -- 5 : 6 = 0.0071
  -- 5 : 7 = 0.1907
  -- 5 : 8 = 0.2466
  -- 5 : 9 = 0.5084
  -- 5 : 10 = 0.7082
  -- 6 : 1 = 0.0161
  -- 6 : 2 = 0.7437
  -- 6 : 3 = 0.1268
  -- 6 : 4 = 0.5901
  -- 6 : 5 = 0.9172
  -- 6 : 6 = 0.9276
  -- 6 : 7 = 0.9629
  -- 6 : 8 = 0.385
  -- 6 : 9 = 0.4802
  -- 6 : 10 = 0.9743
  -- 7 : 1 = 0.9228
  -- 7 : 2 = 0.8371
  -- 7 : 3 = 0.4648
  -- 7 : 4 = 0.5615
  -- 7 : 5 = 0.9736
  -- 7 : 6 = 0.6211
  -- 7 : 7 = 0.5247
  -- 7 : 8 = 0.5457
  -- 7 : 9 = 0.2219
  -- 7 : 10 = 0.4713
  -- 8 : 1 = 0.6558
  -- 8 : 2 = 0.152
  -- 8 : 3 = 0.9483
  -- 8 : 4 = 0.5959
  -- 8 : 5 = 0.8304
  -- 8 : 6 = 0.9098
  -- 8 : 7 = 0.1225
  -- 8 : 8 = 0.1557
  -- 8 : 9 = 0.2872
  -- 8 : 10 = 0.8266
  -- 9 : 1 = 0.1641
  -- 9 : 2 = 0.4379
  -- 9 : 3 = 0.3186
  -- 9 : 4 = 0.4614
  -- 9 : 5 = 0.9204
  -- 9 : 6 = 0.4559
  -- 9 : 7 = 0.0892
  -- 9 : 8 = 0.4073
  -- 9 : 9 = 0.5626
  -- 9 : 10 = 0.7148
  -- 10 : 1 = 0.0485
  -- 10 : 2 = 0.3363
  -- 10 : 3 = 0.8204
  -- 10 : 4 = 0.5348
  -- 10 : 5 = 0.9012
  -- 10 : 6 = 0.0527
  -- 10 : 7 = 0.7625
  -- 10 : 8 = 0.287
  -- 10 : 9 = 0.7788
  -- 10 : 10 = 0.6198
  Inner Net 2
  -- 1 : 1 = 0.131128
  -- 1 : 2 = -0.194168
  -- 2 : 1 = -0.342335
  -- 2 : 2 = -0.107024
  -- 3 : 1 = 0.276436
  -- 3 : 2 = -0.424507
  -- 4 : 1 = -0.098283
  -- 4 : 2 = -0.0425027
  -- 5 : 1 = -0.0184474
  -- 5 : 2 = 0.139792
  -- 6 : 1 = -0.714787
  -- 6 : 2 = -0.295191
  -- 7 : 1 = -0.00360868
  -- 7 : 2 = 0.0369185
  -- 8 : 1 = -0.51293
  -- 8 : 2 = -0.140543
  -- 9 : 1 = 0.142898
  -- 9 : 2 = 0.161161
  -- 10 : 1 = -0.125055
  -- 10 : 2 = -0.0117271
Out\Act	False		True
False	0.815326	0.026654	0.84198
True	0.129938	0.0280819	0.15802
	0.945264	0.0547358
	Accuracy [ (tp + tn) / testSize ]: 0.843408
	Precision [ tp / (tp + fp) ]:      0.508621
	Sensitivity [ tp / (tp + fn) ]:    0.177177
	Specificity [ tn / (tn + fp) ]:    0.967797
	F-Score [ 2tp / (2tp + fp + fn) ]: 0.263393
Particle (43):: Fit: 42.3429	PB: 42.3429	LB: 90.3454	GB: 102.987	Conf: 2	Pts: 50192
Particle (46):: Fit: 54.6605	PB: 54.6605	LB: 88.1461	GB: 102.987	Conf: 0.553152	Pts: 50390
Particle (1):: Fit: 85.7977	PB: 85.7977	LB: 85.7977	GB: 102.987	Conf: 1.89567	Pts: 125291
Particle (4):: Fit: 42.3429	PB: 42.3429	LB: 85.7977	GB: 102.987	Conf: 2	Pts: 65191
Particle (5):: Fit: 85.7973	PB: 85.7973	LB: 85.7977	GB: 102.987	Conf: 1.89466	Pts: 55391
Particle (21):: Fit: 91.5385	PB: 91.5385	LB: 102.987	GB: 102.987	Conf: 1.89763	Pts: 115391
Particle (23):: Fit: 39.8034	PB: 39.8034	LB: 102.987	GB: 102.987	Conf: 2	Pts: 55191
Particle (26):: Fit: 47.2534	PB: 47.2534	LB: 85.4483	GB: 102.987	Conf: 0.838865	Pts: 55290
Particle (32):: Fit: 44.713	PB: 44.713	LB: 85.4483	GB: 102.987	Conf: 2	Pts: 75191
Particle (49):: Fit: 37.2441	PB: 37.2441	LB: 85.7977	GB: 102.987	Conf: 0.844654	Pts: 50291
Particle (3):: Fit: 92.1313	PB: 92.1313	LB: 92.1313	GB: 102.987	Conf: 1.79391	Pts: 100390
Particle (27):: Fit: 71.476	PB: 71.476	LB: 85.4483	GB: 102.987	Conf: 1.3839	Pts: 170490
Particle (7):: Fit: 43.3171	PB: 43.3171	LB: 96.8436	GB: 102.987	Conf: 0.799063	Pts: 55189
Particle (9):: Fit: 44.713	PB: 44.713	LB: 96.8436	GB: 102.987	Conf: 2	Pts: 60289
Particle (16):: Fit: 79.3678	PB: 79.3678	LB: 102.987	GB: 102.987	Conf: 1.89195	Pts: 55189
Particle (49):: Fit: 40.3235	PB: 40.3235	LB: 92.1313	GB: 102.987	Conf: 0.314791	Pts: 50389
Particle (14):: Fit: 46.9589	PB: 46.9589	LB: 102.987	GB: 102.987	Conf: 2	Pts: 75288
Particle (23):: Fit: 42.3429	PB: 42.3429	LB: 102.987	GB: 102.987	Conf: 2	Pts: 55287
Particle (27):: Fit: 76.6067	PB: 76.6067	LB: 85.4483	GB: 102.987	Conf: 1.51065	Pts: 170587
Particle (6):: Fit: 96.7682	PB: 96.7682	LB: 96.7913	GB: 102.987	Conf: 1.87106	Pts: 135286
Particle (25):: Fit: 46.9589	PB: 46.9589	LB: 91.5385	GB: 102.987	Conf: 2	Pts: 55286
Particle (38):: Fit: 42.3429	PB: 42.3429	LB: 90.3454	GB: 102.987	Conf: 2	Pts: 55386
Particle (6):: Fit: 96.7832	PB: 96.7832	LB: 96.7913	GB: 102.987	Conf: 1.87708	Pts: 160385
Particle (10):: Fit: 43.2082	PB: 43.2082	LB: 96.8436	GB: 102.987	Conf: 0.97818	Pts: 55382
Particle (21):: Fit: 96.6858	PB: 96.6858	LB: 102.987	GB: 102.987	Conf: 1.84952	Pts: 125485
Particle (13):: Fit: 101.494	PB: 101.494	LB: 101.494	GB: 102.987	Conf: 1.82862	Pts: 85484
Particle (22):: Fit: 84.495	PB: 84.495	LB: 102.987	GB: 102.987	Conf: 1.65765	Pts: 100484
Particle (34):: Fit: 44.713	PB: 44.713	LB: 85.4483	GB: 102.987	Conf: 2	Pts: 60184
Particle (10):: Fit: 43.3313	PB: 43.3313	LB: 101.494	GB: 102.987	Conf: 0.706394	Pts: 55480
Particle (16):: Fit: 96.784	PB: 96.784	LB: 102.987	GB: 102.987	Conf: 1.87744	Pts: 55283
Particle (31):: Fit: 85.4526	PB: 85.4526	LB: 85.4526	GB: 102.987	Conf: 1.79229	Pts: 160283
Particle (33):: Fit: 44.713	PB: 44.713	LB: 85.4526	GB: 102.987	Conf: 2	Pts: 55283
Particle (36):: Fit: 44.713	PB: 44.713	LB: 90.3454	GB: 102.987	Conf: 2	Pts: 55283
Particle (31):: Fit: 91.5277	PB: 91.5277	LB: 91.5277	GB: 102.987	Conf: 1.88425	Pts: 210381
Particle (34):: Fit: 46.9589	PB: 46.9589	LB: 91.5277	GB: 102.987	Conf: 2	Pts: 60281
Particle (42):: Fit: 44.713	PB: 44.713	LB: 90.3454	GB: 102.987	Conf: 2	Pts: 50281
Particle (24):: Fit: 89.7848	PB: 89.7848	LB: 96.6858	GB: 102.987	Conf: 1.48797	Pts: 110280
Particle (29):: Fit: 85.5469	PB: 85.5469	LB: 91.5277	GB: 102.987	Conf: 0.262945	Pts: 70276
Particle (27):: Fit: 80.4556	PB: 80.4556	LB: 91.5277	GB: 102.987	Conf: 1.42696	Pts: 170679
Particle (3):: Fit: 103.237	PB: 103.237	LB: 103.237	GB: 103.237	Conf: 1.53086	Pts: 160478
Global: 103.237 - Correct: 40% of 10 tests
Global Best: 
  Inner Net 1
  -- 1 : 1 = 0.8761
  -- 1 : 2 = 0.816
  -- 1 : 3 = 0.7189
  -- 1 : 4 = 0.9798
  -- 1 : 5 = 0.4513
  -- 1 : 6 = 0.3608
  -- 1 : 7 = 0.8254
  -- 1 : 8 = 0.0138
  -- 1 : 9 = 0.4723
  -- 1 : 10 = 0.2301
  -- 2 : 1 = 0.1337
  -- 2 : 2 = 0.2439
  -- 2 : 3 = 0.5863
  -- 2 : 4 = 0.8781
  -- 2 : 5 = 0.2431
  -- 2 : 6 = 0.9213
  -- 2 : 7 = 0.9986
  -- 2 : 8 = 0.7281
  -- 2 : 9 = 0.7855
  -- 2 : 10 = 0.3576
  -- 3 : 1 = 0.325
  -- 3 : 2 = 0.8132
  -- 3 : 3 = 0.6603
  -- 3 : 4 = 0.9892
  -- 3 : 5 = 0.2765
  -- 3 : 6 = 0.3445
  -- 3 : 7 = 0.3318
  -- 3 : 8 = 0.0455
  -- 3 : 9 = 0.9365
  -- 3 : 10 = 0.9675
  -- 4 : 1 = 0.1084
  -- 4 : 2 = 0.3535
  -- 4 : 3 = 0.4382
  -- 4 : 4 = 0.1848
  -- 4 : 5 = 0.5827
  -- 4 : 6 = 0.3017
  -- 4 : 7 = 0.1843
  -- 4 : 8 = 0.1074
  -- 4 : 9 = 0.7041
  -- 4 : 10 = 0.7732
  -- 5 : 1 = 0.8182
  -- 5 : 2 = 0.4574
  -- 5 : 3 = 0.0478
  -- 5 : 4 = 0.007
  -- 5 : 5 = 0.5191
  -- 5 : 6 = 0.5853
  -- 5 : 7 = 0.9211
  -- 5 : 8 = 0.4301
  -- 5 : 9 = 0.7847
  -- 5 : 10 = 0.5932
  -- 6 : 1 = 0.0403
  -- 6 : 2 = 0.0184
  -- 6 : 3 = 0.1036
  -- 6 : 4 = 0.2807
  -- 6 : 5 = 0.6337
  -- 6 : 6 = 0.5223
  -- 6 : 7 = 0.7895
  -- 6 : 8 = 0.4366
  -- 6 : 9 = 0.6594
  -- 6 : 10 = 0.9904
  -- 7 : 1 = 0.8869
  -- 7 : 2 = 0.209
  -- 7 : 3 = 0.7612
  -- 7 : 4 = 0.2676
  -- 7 : 5 = 0.7428
  -- 7 : 6 = 0.2289
  -- 7 : 7 = 0.2671
  -- 7 : 8 = 0.7297
  -- 7 : 9 = 0.5559
  -- 7 : 10 = 0.9432
  -- 8 : 1 = 0.1308
  -- 8 : 2 = 0.3785
  -- 8 : 3 = 0.265
  -- 8 : 4 = 0.9577
  -- 8 : 5 = 0.2899
  -- 8 : 6 = 0.7283
  -- 8 : 7 = 0.9817
  -- 8 : 8 = 0.551
  -- 8 : 9 = 0.1105
  -- 8 : 10 = 0.2688
  -- 9 : 1 = 0.3279
  -- 9 : 2 = 0.222
  -- 9 : 3 = 0.9609
  -- 9 : 4 = 0.2753
  -- 9 : 5 = 0.1611
  -- 9 : 6 = 0.0491
  -- 9 : 7 = 0.2914
  -- 9 : 8 = 0.7943
  -- 9 : 9 = 0.772
  -- 9 : 10 = 0.2757
  -- 10 : 1 = 0.2178
  -- 10 : 2 = 0.8716
  -- 10 : 3 = 0.4812
  -- 10 : 4 = 0.7765
  -- 10 : 5 = 0.601
  -- 10 : 6 = 0.1712
  -- 10 : 7 = 0.4897
  -- 10 : 8 = 0.3906
  -- 10 : 9 = 0.9874
  -- 10 : 10 = 0.1606
  Inner Net 2
  -- 1 : 1 = -0.0465442
  -- 1 : 2 = 0.207444
  -- 2 : 1 = 0.0432658
  -- 2 : 2 = 0.0913613
  -- 3 : 1 = 0.0524854
  -- 3 : 2 = -0.137369
  -- 4 : 1 = -0.442385
  -- 4 : 2 = -0.0945485
  -- 5 : 1 = -0.285116
  -- 5 : 2 = 0.216341
  -- 6 : 1 = 0.5
  -- 6 : 2 = 0.0041794
  -- 7 : 1 = -0.00870423
  -- 7 : 2 = -0.140727
  -- 8 : 1 = -0.599983
  -- 8 : 2 = -0.338264
  -- 9 : 1 = 0.0493227
  -- 9 : 2 = -0.238803
  -- 10 : 1 = -0.599816
  -- 10 : 2 = 0.0435469
Out\Act	False		True
False	0.84198	0	0.84198
True	0.157544	0.000475964	0.15802
	0.999524	0.000475964
	Accuracy [ (tp + tn) / testSize ]: 0.842456
	Precision [ tp / (tp + fp) ]:      0.5
	Sensitivity [ tp / (tp + fn) ]:    0.003003
	Specificity [ tn / (tn + fp) ]:    0.999435
	F-Score [ 2tp / (2tp + fp + fn) ]: 0.00598802
Particle (17):: Fit: 48.6715	PB: 48.6715	LB: 102.987	GB: 103.237	Conf: 1.05972	Pts: 55375
Particle (49):: Fit: 46.1341	PB: 46.1341	LB: 103.237	GB: 103.237	Conf: 0.790272	Pts: 50475
Particle (48):: Fit: 44.713	PB: 44.713	LB: 103.237	GB: 103.237	Conf: 2	Pts: 50375
Particle (26):: Fit: 53.8314	PB: 53.8314	LB: 91.5277	GB: 103.237	Conf: 0.821752	Pts: 55372
Particle (40):: Fit: 91.5388	PB: 91.5388	LB: 91.5388	GB: 103.237	Conf: 1.9	Pts: 155374
Particle (19):: Fit: 103.5	PB: 103.5	LB: 103.5	GB: 103.5	Conf: 1.74108	Pts: 270473
Particle (28):: Fit: 44.713	PB: 44.713	LB: 91.5277	GB: 103.5	Conf: 2	Pts: 55373
Global: 103.5 - Correct: 30% of 10 tests
Global Best: 
  Inner Net 1
  -- 1 : 1 = 0.4387
  -- 1 : 2 = 0.6127
  -- 1 : 3 = 0.9471
  -- 1 : 4 = 0.2248
  -- 1 : 5 = 0.1476
  -- 1 : 6 = 0.4638
  -- 1 : 7 = 0.7362
  -- 1 : 8 = 0.0665
  -- 1 : 9 = 0.4538
  -- 1 : 10 = 0.4584
  -- 2 : 1 = 0.7265
  -- 2 : 2 = 0.6943
  -- 2 : 3 = 0.1525
  -- 2 : 4 = 0.5105
  -- 2 : 5 = 0.7016
  -- 2 : 6 = 0.2623
  -- 2 : 7 = 0.8131
  -- 2 : 8 = 0.1324
  -- 2 : 9 = 0.0386
  -- 2 : 10 = 0.4749
  -- 3 : 1 = 0.8842
  -- 3 : 2 = 0.0396
  -- 3 : 3 = 0.1095
  -- 3 : 4 = 0.2542
  -- 3 : 5 = 0.5238
  -- 3 : 6 = 0.8984
  -- 3 : 7 = 0.4707
  -- 3 : 8 = 0.8415
  -- 3 : 9 = 0.7907
  -- 3 : 10 = 0.1006
  -- 4 : 1 = 0.9257
  -- 4 : 2 = 0.0359
  -- 4 : 3 = 0.083
  -- 4 : 4 = 0.2585
  -- 4 : 5 = 0.3032
  -- 4 : 6 = 0.0378
  -- 4 : 7 = 0.9943
  -- 4 : 8 = 0.8133
  -- 4 : 9 = 0.8044
  -- 4 : 10 = 0.3696
  -- 5 : 1 = 0.4313
  -- 5 : 2 = 0.6018
  -- 5 : 3 = 0.1192
  -- 5 : 4 = 0.6165
  -- 5 : 5 = 0.4381
  -- 5 : 6 = 0.0071
  -- 5 : 7 = 0.1907
  -- 5 : 8 = 0.2466
  -- 5 : 9 = 0.5084
  -- 5 : 10 = 0.7082
  -- 6 : 1 = 0.0161
  -- 6 : 2 = 0.7437
  -- 6 : 3 = 0.1268
  -- 6 : 4 = 0.5901
  -- 6 : 5 = 0.9172
  -- 6 : 6 = 0.9276
  -- 6 : 7 = 0.9629
  -- 6 : 8 = 0.385
  -- 6 : 9 = 0.4802
  -- 6 : 10 = 0.9743
  -- 7 : 1 = 0.9228
  -- 7 : 2 = 0.8371
  -- 7 : 3 = 0.4648
  -- 7 : 4 = 0.5615
  -- 7 : 5 = 0.9736
  -- 7 : 6 = 0.6211
  -- 7 : 7 = 0.5247
  -- 7 : 8 = 0.5457
  -- 7 : 9 = 0.2219
  -- 7 : 10 = 0.4713
  -- 8 : 1 = 0.6558
  -- 8 : 2 = 0.152
  -- 8 : 3 = 0.9483
  -- 8 : 4 = 0.5959
  -- 8 : 5 = 0.8304
  -- 8 : 6 = 0.9098
  -- 8 : 7 = 0.1225
  -- 8 : 8 = 0.1557
  -- 8 : 9 = 0.2872
  -- 8 : 10 = 0.8266
  -- 9 : 1 = 0.1641
  -- 9 : 2 = 0.4379
  -- 9 : 3 = 0.3186
  -- 9 : 4 = 0.4614
  -- 9 : 5 = 0.9204
  -- 9 : 6 = 0.4559
  -- 9 : 7 = 0.0892
  -- 9 : 8 = 0.4073
  -- 9 : 9 = 0.5626
  -- 9 : 10 = 0.7148
  -- 10 : 1 = 0.0485
  -- 10 : 2 = 0.3363
  -- 10 : 3 = 0.8204
  -- 10 : 4 = 0.5348
  -- 10 : 5 = 0.9012
  -- 10 : 6 = 0.0527
  -- 10 : 7 = 0.7625
  -- 10 : 8 = 0.287
  -- 10 : 9 = 0.7788
  -- 10 : 10 = 0.6198
  Inner Net 2
  -- 1 : 1 = 0.268079
  -- 1 : 2 = 0.162797
  -- 2 : 1 = -0.43381
  -- 2 : 2 = -0.0349785
  -- 3 : 1 = 0.227548
  -- 3 : 2 = 0.115713
  -- 4 : 1 = 0.131053
  -- 4 : 2 = -0.0182741
  -- 5 : 1 = -0.175451
  -- 5 : 2 = 0.160601
  -- 6 : 1 = -0.833351
  -- 6 : 2 = 0.00673954
  -- 7 : 1 = 0.075292
  -- 7 : 2 = 0.000768886
  -- 8 : 1 = -0.510579
  -- 8 : 2 = 0.0294776
  -- 9 : 1 = 0.134446
  -- 9 : 2 = 0.130448
  -- 10 : 1 = 0.0785319
  -- 10 : 2 = -0.0885779
Out\Act	False		True
False	0.84198	0	0.84198
True	0.15802	0	0.15802
	1	0
	Accuracy [ (tp + tn) / testSize ]: 0.84198
	Precision [ tp / (tp + fp) ]:      0
	Sensitivity [ tp / (tp + fn) ]:    0
	Specificity [ tn / (tn + fp) ]:    0.999435
	F-Score [ 2tp / (2tp + fp + fn) ]: 0
Particle (1):: Fit: 91.3948	PB: 91.3948	LB: 103.237	GB: 103.5	Conf: 1.8434	Pts: 135372
Particle (26):: Fit: 61.4273	PB: 61.4273	LB: 91.5277	GB: 103.5	Conf: 0.905199	Pts: 55470
Particle (4):: Fit: 46.9589	PB: 46.9589	LB: 103.237	GB: 103.5	Conf: 2	Pts: 65271
Particle (22):: Fit: 86.5095	PB: 86.5095	LB: 103.5	GB: 103.5	Conf: 1.46131	Pts: 100569
Particle (42):: Fit: 79.2338	PB: 79.2338	LB: 91.5388	GB: 103.5	Conf: 1.835	Pts: 50369
Particle (30):: Fit: 46.9589	PB: 46.9589	LB: 91.5277	GB: 103.5	Conf: 2	Pts: 55468
Particle (2):: Fit: 91.5316	PB: 91.5316	LB: 103.237	GB: 103.5	Conf: 1.88732	Pts: 70367
Particle (48):: Fit: 46.9589	PB: 46.9589	LB: 103.237	GB: 103.5	Conf: 2	Pts: 50467
Particle (44):: Fit: 97.0967	PB: 97.0967	LB: 97.0967	GB: 103.5	Conf: 1.5583	Pts: 115365
Particle (43):: Fit: 46.9589	PB: 46.9589	LB: 97.0967	GB: 103.5	Conf: 2	Pts: 50264
Particle (17):: Fit: 61.3108	PB: 61.3108	LB: 103.5	GB: 103.5	Conf: 0.738344	Pts: 55461
Particle (31):: Fit: 97.2956	PB: 97.2956	LB: 97.2956	GB: 103.5	Conf: 1.61415	Pts: 260463
Particle (36):: Fit: 46.9589	PB: 46.9589	LB: 91.5388	GB: 103.5	Conf: 2	Pts: 55361
Particle (40):: Fit: 98.0928	PB: 98.0928	LB: 98.0928	GB: 103.5	Conf: 1.7702	Pts: 205461
Particle (23):: Fit: 46.9589	PB: 46.9589	LB: 103.5	GB: 103.5	Conf: 2	Pts: 55359
Particle (42):: Fit: 91.5388	PB: 91.5388	LB: 98.0928	GB: 103.5	Conf: 1.9	Pts: 50458
Particle (41):: Fit: 94.728	PB: 94.728	LB: 98.0928	GB: 103.5	Conf: 1.38962	Pts: 170253
Particle (0):: Fit: 85.7285	PB: 85.7285	LB: 103.237	GB: 103.5	Conf: 1.85781	Pts: 215352
Particle (39):: Fit: 79.3699	PB: 79.3699	LB: 98.0928	GB: 103.5	Conf: 1.9	Pts: 60350
Particle (27):: Fit: 86.514	PB: 86.514	LB: 97.2956	GB: 103.5	Conf: 1.46302	Pts: 170747
Particle (28):: Fit: 49.1126	PB: 49.1126	LB: 97.2956	GB: 103.5	Conf: 2	Pts: 55447
Particle (16):: Fit: 101.713	PB: 101.713	LB: 103.5	GB: 103.5	Conf: 1.87394	Pts: 70346
Particle (45):: Fit: 85.7847	PB: 85.7847	LB: 97.0967	GB: 103.5	Conf: 1.88128	Pts: 75346
Particle (35):: Fit: 61.038	PB: 61.038	LB: 98.0928	GB: 103.5	Conf: 0.609716	Pts: 90140
Particle (36):: Fit: 85.7977	PB: 85.7977	LB: 98.0928	GB: 103.5	Conf: 1.89552	Pts: 55444
Particle (46):: Fit: 57.2062	PB: 57.2062	LB: 97.0967	GB: 103.5	Conf: 1.39532	Pts: 50440
Particle (41):: Fit: 96.7498	PB: 96.7498	LB: 98.0928	GB: 103.5	Conf: 1.23773	Pts: 170343
Particle (27):: Fit: 97.3885	PB: 97.3885	LB: 97.3885	GB: 103.5	Conf: 1.25873	Pts: 210841
Particle (7):: Fit: 46.133	PB: 46.133	LB: 103.237	GB: 103.5	Conf: 0.771153	Pts: 55235
Particle (0):: Fit: 96.7682	PB: 96.7682	LB: 103.237	GB: 103.5	Conf: 1.87105	Pts: 215439
Particle (38):: Fit: 42.5698	PB: 42.5698	LB: 98.0928	GB: 103.5	Conf: 1.9	Pts: 55438
Particle (45):: Fit: 91.5379	PB: 91.5379	LB: 97.0967	GB: 103.5	Conf: 1.89562	Pts: 75436
Particle (2):: Fit: 96.7726	PB: 96.7726	LB: 103.237	GB: 103.5	Conf: 1.87269	Pts: 70434
Particle (5):: Fit: 97.8118	PB: 97.8118	LB: 103.237	GB: 103.5	Conf: 1.68741	Pts: 55434
Particle (38):: Fit: 44.713	PB: 44.713	LB: 98.0928	GB: 103.5	Conf: 2	Pts: 55534
Particle (26):: Fit: 73.6069	PB: 73.6069	LB: 97.3885	GB: 103.5	Conf: 1.12815	Pts: 55525
Particle (6):: Fit: 97.4062	PB: 97.4062	LB: 103.237	GB: 103.5	Conf: 1.68446	Pts: 160428
Particle (10):: Fit: 48.8259	PB: 48.8259	LB: 101.494	GB: 103.5	Conf: 0.71764	Pts: 55517
Particle (46):: Fit: 65.8698	PB: 65.8698	LB: 97.0967	GB: 103.5	Conf: 1.19765	Pts: 50519
Particle (11):: Fit: 97.2651	PB: 97.2651	LB: 101.713	GB: 103.5	Conf: 1.61191	Pts: 90324
Particle (11):: Fit: 97.9769	PB: 97.9769	LB: 101.713	GB: 103.5	Conf: 1.72407	Pts: 90422
Particle (20):: Fit: 48.1374	PB: 48.1374	LB: 103.5	GB: 103.5	Conf: 0.323415	Pts: 55213
Particle (47):: Fit: 48.1449	PB: 48.1449	LB: 97.0967	GB: 103.5	Conf: 1.87009	Pts: 50217
Particle (11):: Fit: 98.0164	PB: 98.0164	LB: 101.713	GB: 103.5	Conf: 1.73593	Pts: 90515
Particle (12):: Fit: 101.747	PB: 101.747	LB: 101.747	GB: 103.5	Conf: 1.8988	Pts: 155311
Particle (39):: Fit: 85.7764	PB: 85.7764	LB: 98.0928	GB: 103.5	Conf: 1.87627	Pts: 60409
Particle (2):: Fit: 96.8064	PB: 96.8064	LB: 103.237	GB: 103.5	Conf: 1.89351	Pts: 70506
Particle (9):: Fit: 46.9589	PB: 46.9589	LB: 101.747	GB: 103.5	Conf: 2	Pts: 60303
Particle (19):: Fit: 110.499	PB: 110.499	LB: 110.499	GB: 110.499	Conf: 1.34583	Pts: 330497
Global: 110.499 - Correct: 50% of 10 tests
Global Best: 
  Inner Net 1
  -- 1 : 1 = 0.4387
  -- 1 : 2 = 0.6127
  -- 1 : 3 = 0.9471
  -- 1 : 4 = 0.2248
  -- 1 : 5 = 0.1476
  -- 1 : 6 = 0.4638
  -- 1 : 7 = 0.7362
  -- 1 : 8 = 0.0665
  -- 1 : 9 = 0.4538
  -- 1 : 10 = 0.4584
  -- 2 : 1 = 0.7265
  -- 2 : 2 = 0.6943
  -- 2 : 3 = 0.1525
  -- 2 : 4 = 0.5105
  -- 2 : 5 = 0.7016
  -- 2 : 6 = 0.2623
  -- 2 : 7 = 0.8131
  -- 2 : 8 = 0.1324
  -- 2 : 9 = 0.0386
  -- 2 : 10 = 0.4749
  -- 3 : 1 = 0.8842
  -- 3 : 2 = 0.0396
  -- 3 : 3 = 0.1095
  -- 3 : 4 = 0.2542
  -- 3 : 5 = 0.5238
  -- 3 : 6 = 0.8984
  -- 3 : 7 = 0.4707
  -- 3 : 8 = 0.8415
  -- 3 : 9 = 0.7907
  -- 3 : 10 = 0.1006
  -- 4 : 1 = 0.9257
  -- 4 : 2 = 0.0359
  -- 4 : 3 = 0.083
  -- 4 : 4 = 0.2585
  -- 4 : 5 = 0.3032
  -- 4 : 6 = 0.0378
  -- 4 : 7 = 0.9943
  -- 4 : 8 = 0.8133
  -- 4 : 9 = 0.8044
  -- 4 : 10 = 0.3696
  -- 5 : 1 = 0.4313
  -- 5 : 2 = 0.6018
  -- 5 : 3 = 0.1192
  -- 5 : 4 = 0.6165
  -- 5 : 5 = 0.4381
  -- 5 : 6 = 0.0071
  -- 5 : 7 = 0.1907
  -- 5 : 8 = 0.2466
  -- 5 : 9 = 0.5084
  -- 5 : 10 = 0.7082
  -- 6 : 1 = 0.0161
  -- 6 : 2 = 0.7437
  -- 6 : 3 = 0.1268
  -- 6 : 4 = 0.5901
  -- 6 : 5 = 0.9172
  -- 6 : 6 = 0.9276
  -- 6 : 7 = 0.9629
  -- 6 : 8 = 0.385
  -- 6 : 9 = 0.4802
  -- 6 : 10 = 0.9743
  -- 7 : 1 = 0.9228
  -- 7 : 2 = 0.8371
  -- 7 : 3 = 0.4648
  -- 7 : 4 = 0.5615
  -- 7 : 5 = 0.9736
  -- 7 : 6 = 0.6211
  -- 7 : 7 = 0.5247
  -- 7 : 8 = 0.5457
  -- 7 : 9 = 0.2219
  -- 7 : 10 = 0.4713
  -- 8 : 1 = 0.6558
  -- 8 : 2 = 0.152
  -- 8 : 3 = 0.9483
  -- 8 : 4 = 0.5959
  -- 8 : 5 = 0.8304
  -- 8 : 6 = 0.9098
  -- 8 : 7 = 0.1225
  -- 8 : 8 = 0.1557
  -- 8 : 9 = 0.2872
  -- 8 : 10 = 0.8266
  -- 9 : 1 = 0.1641
  -- 9 : 2 = 0.4379
  -- 9 : 3 = 0.3186
  -- 9 : 4 = 0.4614
  -- 9 : 5 = 0.9204
  -- 9 : 6 = 0.4559
  -- 9 : 7 = 0.0892
  -- 9 : 8 = 0.4073
  -- 9 : 9 = 0.5626
  -- 9 : 10 = 0.7148
  -- 10 : 1 = 0.0485
  -- 10 : 2 = 0.3363
  -- 10 : 3 = 0.8204
  -- 10 : 4 = 0.5348
  -- 10 : 5 = 0.9012
  -- 10 : 6 = 0.0527
  -- 10 : 7 = 0.7625
  -- 10 : 8 = 0.287
  -- 10 : 9 = 0.7788
  -- 10 : 10 = 0.6198
  Inner Net 2
  -- 1 : 1 = 0.295839
  -- 1 : 2 = -0.0466614
  -- 2 : 1 = -0.433944
  -- 2 : 2 = -0.0098248
  -- 3 : 1 = 0.111476
  -- 3 : 2 = 0.151274
  -- 4 : 1 = 0.13023
  -- 4 : 2 = -0.114836
  -- 5 : 1 = -0.142311
  -- 5 : 2 = 0.485746
  -- 6 : 1 = -0.782498
  -- 6 : 2 = 0.00480907
  -- 7 : 1 = 0.0669375
  -- 7 : 2 = -0.198311
  -- 8 : 1 = -0.47075
  -- 8 : 2 = -0.173435
  -- 9 : 1 = 0.134743
  -- 9 : 2 = 0.215989
  -- 10 : 1 = 0.0648555
  -- 10 : 2 = -0.113256
Out\Act	False		True
False	0.815326	0.026654	0.84198
True	0.13089	0.0271299	0.15802
	0.946216	0.0537839
	Accuracy [ (tp + tn) / testSize ]: 0.842456
	Precision [ tp / (tp + fp) ]:      0.5
	Sensitivity [ tp / (tp + fn) ]:    0.171171
	Specificity [ tn / (tn + fp) ]:    0.967797
	F-Score [ 2tp / (2tp + fp + fn) ]: 0.255605
Particle (20):: Fit: 65.567	PB: 65.567	LB: 110.499	GB: 110.499	Conf: 0.439287	Pts: 55288
Particle (30):: Fit: 49.8235	PB: 49.8235	LB: 97.3885	GB: 110.499	Conf: 0.554011	Pts: 55498
Particle (32):: Fit: 76.4411	PB: 76.4411	LB: 97.2956	GB: 110.499	Conf: 0.608991	Pts: 75198
Particle (25):: Fit: 49.2826	PB: 49.2826	LB: 97.3885	GB: 110.499	Conf: 0.931675	Pts: 55297
Particle (43):: Fit: 70.4812	PB: 70.4812	LB: 98.0928	GB: 110.499	Conf: 0.88281	Pts: 50297
Particle (48):: Fit: 81.8988	PB: 81.8988	LB: 103.237	GB: 110.499	Conf: 0.635517	Pts: 50497
Particle (33):: Fit: 67.4767	PB: 67.4767	LB: 97.2956	GB: 110.499	Conf: 0.208656	Pts: 55296
Particle (38):: Fit: 86.6373	PB: 86.6373	LB: 98.0928	GB: 110.499	Conf: 0.313036	Pts: 55596
Particle (23):: Fit: 59.0461	PB: 59.0461	LB: 110.499	GB: 110.499	Conf: 0.647841	Pts: 55395
Particle (34):: Fit: 95.103	PB: 95.103	LB: 97.2956	GB: 110.499	Conf: 1.49211	Pts: 60295
Particle (35):: Fit: 69.9798	PB: 69.9798	LB: 98.0928	GB: 110.499	Conf: 0.894447	Pts: 90184
Particle (15):: Fit: 71.9631	PB: 71.9631	LB: 110.499	GB: 110.499	Conf: 0.138602	Pts: 80194
Particle (20):: Fit: 65.9547	PB: 65.9547	LB: 110.499	GB: 110.499	Conf: 0.706472	Pts: 55384
Particle (35):: Fit: 86.2251	PB: 86.2251	LB: 98.0928	GB: 110.499	Conf: 0.797846	Pts: 90283
Particle (47):: Fit: 90.8881	PB: 90.8881	LB: 97.0967	GB: 110.499	Conf: 0.614298	Pts: 50294
Particle (46):: Fit: 70.9536	PB: 70.9536	LB: 97.0967	GB: 110.499	Conf: 0.353107	Pts: 50587
Particle (49):: Fit: 54.7921	PB: 54.7921	LB: 103.237	GB: 110.499	Conf: 0.335208	Pts: 50487
Particle (5):: Fit: 98.7172	PB: 98.7172	LB: 103.237	GB: 110.499	Conf: 0.449372	Pts: 55492
Particle (7):: Fit: 72.2971	PB: 72.2971	LB: 103.237	GB: 110.499	Conf: 0.229842	Pts: 55284
Particle (4):: Fit: 67.84	PB: 67.84	LB: 103.237	GB: 110.499	Conf: 0.843004	Pts: 65291
Particle (8):: Fit: 56.6999	PB: 56.6999	LB: 101.747	GB: 110.499	Conf: 0.438378	Pts: 65187
Particle (14):: Fit: 79.3605	PB: 79.3605	LB: 110.499	GB: 110.499	Conf: 1.88269	Pts: 75291
Particle (30):: Fit: 71.5787	PB: 71.5787	LB: 97.3885	GB: 110.499	Conf: 0.217343	Pts: 55591
Particle (46):: Fit: 71.245	PB: 71.245	LB: 97.0967	GB: 110.499	Conf: 0.766083	Pts: 50685
Particle (8):: Fit: 66.0036	PB: 66.0036	LB: 101.747	GB: 110.499	Conf: 0.502629	Pts: 65286
Particle (30):: Fit: 81.2433	PB: 81.2433	LB: 97.3885	GB: 110.499	Conf: 0.708008	Pts: 55690
Particle (49):: Fit: 72.8448	PB: 72.8448	LB: 103.237	GB: 110.499	Conf: 0.228937	Pts: 50584
Particle (4):: Fit: 73.1711	PB: 73.1711	LB: 103.237	GB: 110.499	Conf: 0.738931	Pts: 65389
Particle (8):: Fit: 79.5983	PB: 79.5983	LB: 101.747	GB: 110.499	Conf: 0.24625	Pts: 65385
Particle (23):: Fit: 92.8374	PB: 92.8374	LB: 110.499	GB: 110.499	Conf: 0.569152	Pts: 55488
Particle (25):: Fit: 70.7762	PB: 70.7762	LB: 97.3885	GB: 110.499	Conf: 0.773611	Pts: 55389
Particle (9):: Fit: 92.9872	PB: 92.9872	LB: 101.747	GB: 110.499	Conf: 0.824352	Pts: 60387
Particle (20):: Fit: 79.2145	PB: 79.2145	LB: 110.499	GB: 110.499	Conf: 0.605527	Pts: 55477
Particle (28):: Fit: 54.8304	PB: 54.8304	LB: 97.3885	GB: 110.499	Conf: 0.585423	Pts: 55487
Particle (14):: Fit: 84.3545	PB: 84.3545	LB: 110.499	GB: 110.499	Conf: 0.615361	Pts: 75386
Particle (49):: Fit: 79.7428	PB: 79.7428	LB: 103.237	GB: 110.499	Conf: 0.722959	Pts: 50680
Particle (4):: Fit: 98.6135	PB: 98.6135	LB: 103.237	GB: 110.499	Conf: 0.535928	Pts: 65485
Particle (8):: Fit: 91.0332	PB: 91.0332	LB: 101.747	GB: 110.499	Conf: 0.632679	Pts: 65479
Particle (43):: Fit: 74.571	PB: 74.571	LB: 98.0928	GB: 110.499	Conf: 0.813796	Pts: 50383
Particle (45):: Fit: 93.1241	PB: 93.1241	LB: 97.0967	GB: 110.499	Conf: 0.905685	Pts: 75483
Particle (5):: Fit: 99.8696	PB: 99.8696	LB: 103.237	GB: 110.499	Conf: 0.604642	Pts: 55582
Particle (35):: Fit: 95.6847	PB: 95.6847	LB: 98.0928	GB: 110.499	Conf: 0.409706	Pts: 90371
Particle (28):: Fit: 91.8171	PB: 91.8171	LB: 97.3885	GB: 110.499	Conf: 0.623217	Pts: 55581
Particle (20):: Fit: 86.3744	PB: 86.3744	LB: 110.499	GB: 110.499	Conf: 0.315105	Pts: 55570
Particle (25):: Fit: 79.0366	PB: 79.0366	LB: 97.3885	GB: 110.499	Conf: 0.654197	Pts: 55480
Particle (39):: Fit: 86.438	PB: 86.438	LB: 98.0928	GB: 110.499	Conf: 0.887126	Pts: 60480
Particle (43):: Fit: 77.1505	PB: 77.1505	LB: 98.0928	GB: 110.499	Conf: 0.708817	Pts: 50479
Particle (1):: Fit: 96.6289	PB: 96.6289	LB: 103.237	GB: 110.499	Conf: 0.0882498	Pts: 135376
Particle (30):: Fit: 85.2797	PB: 85.2797	LB: 97.3885	GB: 110.499	Conf: 0.470997	Pts: 55778
Particle (25):: Fit: 101.617	PB: 101.617	LB: 101.617	GB: 110.499	Conf: 0.785914	Pts: 85577
Particle (43):: Fit: 86.3675	PB: 86.3675	LB: 98.0928	GB: 110.499	Conf: 0.347454	Pts: 50576
Particle (49):: Fit: 98.9325	PB: 98.9325	LB: 103.237	GB: 110.499	Conf: 0.557781	Pts: 70770
Particle (10):: Fit: 61.4556	PB: 61.4556	LB: 101.747	GB: 110.499	Conf: 0.685701	Pts: 55562
Particle (17):: Fit: 66.7914	PB: 66.7914	LB: 110.499	GB: 110.499	Conf: 0.768556	Pts: 55467
Particle (26):: Fit: 83.1183	PB: 83.1183	LB: 101.617	GB: 110.499	Conf: 0.507235	Pts: 55568
Particle (26):: Fit: 86.2297	PB: 86.2297	LB: 101.617	GB: 110.499	Conf: 0.414624	Pts: 55667
Particle (38):: Fit: 92.1701	PB: 92.1701	LB: 98.0928	GB: 110.499	Conf: 0.157754	Pts: 55673
Particle (15):: Fit: 77.6972	PB: 77.6972	LB: 110.499	GB: 110.499	Conf: 0.200968	Pts: 80272
Particle (32):: Fit: 86.6647	PB: 86.6647	LB: 97.2956	GB: 110.499	Conf: 0.495073	Pts: 75271
Particle (33):: Fit: 78.3594	PB: 78.3594	LB: 97.2956	GB: 110.499	Conf: 0.193255	Pts: 55370
Particle (15):: Fit: 82.3112	PB: 82.3112	LB: 110.499	GB: 110.499	Conf: 0.156522	Pts: 80370
Particle (33):: Fit: 88.3071	PB: 88.3071	LB: 97.2956	GB: 110.499	Conf: 0.242941	Pts: 55468
Particle (10):: Fit: 75.5269	PB: 75.5269	LB: 101.747	GB: 110.499	Conf: 0.488781	Pts: 55657
Particle (17):: Fit: 77.4433	PB: 77.4433	LB: 110.499	GB: 110.499	Conf: 0.601735	Pts: 55562
Particle (48):: Fit: 86.3913	PB: 86.3913	LB: 103.237	GB: 110.499	Conf: 0.605061	Pts: 50569
Particle (10):: Fit: 81.823	PB: 81.823	LB: 101.747	GB: 110.499	Conf: 0.601201	Pts: 55756
Particle (39):: Fit: 93.2103	PB: 93.2103	LB: 98.0928	GB: 110.499	Conf: 0.591656	Pts: 60567
Particle (17):: Fit: 77.6442	PB: 77.6442	LB: 110.499	GB: 110.499	Conf: 0.62445	Pts: 55658
Particle (26):: Fit: 98.5533	PB: 98.5533	LB: 101.617	GB: 110.499	Conf: 0.49909	Pts: 60759
Particle (15):: Fit: 85.7584	PB: 85.7584	LB: 110.499	GB: 110.499	Conf: 0.0597735	Pts: 80461
Particle (21):: Fit: 99.8252	PB: 99.8252	LB: 110.499	GB: 110.499	Conf: 0.570068	Pts: 125456
Particle (39):: Fit: 99.4876	PB: 99.4876	LB: 99.4876	GB: 110.499	Conf: 0.479181	Pts: 110656
Particle (26):: Fit: 99.9334	PB: 99.9334	LB: 101.617	GB: 110.499	Conf: 0.56816	Pts: 65848
Particle (43):: Fit: 86.3736	PB: 86.3736	LB: 99.4876	GB: 110.499	Conf: 0.484558	Pts: 50654
Particle (20):: Fit: 86.6657	PB: 86.6657	LB: 110.499	GB: 110.499	Conf: 0.814508	Pts: 55642
Particle (17):: Fit: 86.6642	PB: 86.6642	LB: 110.499	GB: 110.499	Conf: 0.513102	Pts: 55743
Particle (36):: Fit: 97.3617	PB: 97.3617	LB: 99.4876	GB: 110.499	Conf: 0.17607	Pts: 65450
Particle (37):: Fit: 85.7402	PB: 85.7402	LB: 99.4876	GB: 110.499	Conf: 0.612242	Pts: 80142
Particle (18):: Fit: 85.3999	PB: 85.3999	LB: 110.499	GB: 110.499	Conf: 1.74514	Pts: 60249
Particle (32):: Fit: 92.7941	PB: 92.7941	LB: 97.3617	GB: 110.499	Conf: 0.503639	Pts: 75347
Particle (30):: Fit: 85.2982	PB: 85.2982	LB: 99.9334	GB: 110.499	Conf: 0.327495	Pts: 55844
Particle (33):: Fit: 92.2081	PB: 92.2081	LB: 97.3617	GB: 110.499	Conf: 0.197034	Pts: 55544
Particle (28):: Fit: 92.8163	PB: 92.8163	LB: 101.617	GB: 110.499	Conf: 0.729305	Pts: 55642
Particle (15):: Fit: 92.8195	PB: 92.8195	LB: 110.499	GB: 110.499	Conf: 0.614398	Pts: 80542
Particle (24):: Fit: 92.0359	PB: 92.0359	LB: 101.617	GB: 110.499	Conf: 0.351893	Pts: 110235
Particle (46):: Fit: 79.1506	PB: 79.1506	LB: 98.9325	GB: 110.499	Conf: 0.755944	Pts: 50736
Particle (20):: Fit: 93.1627	PB: 93.1627	LB: 110.499	GB: 110.499	Conf: 0.605197	Pts: 55730
Particle (46):: Fit: 91.8067	PB: 91.8067	LB: 98.9325	GB: 110.499	Conf: 0.53407	Pts: 50834
Particle (15):: Fit: 92.8822	PB: 92.8822	LB: 110.499	GB: 110.499	Conf: 0.645013	Pts: 80639
Particle (7):: Fit: 78.1866	PB: 78.1866	LB: 103.237	GB: 110.499	Conf: 0.388276	Pts: 55327
Particle (29):: Fit: 91.3801	PB: 91.3801	LB: 101.617	GB: 110.499	Conf: 0.192986	Pts: 70223
Particle (46):: Fit: 92.7016	PB: 92.7016	LB: 98.9325	GB: 110.499	Conf: 0.366312	Pts: 50927
Particle (47):: Fit: 93.1303	PB: 93.1303	LB: 98.9325	GB: 110.499	Conf: 0.487374	Pts: 50329
Particle (20):: Fit: 99.0207	PB: 99.0207	LB: 110.499	GB: 110.499	Conf: 0.687778	Pts: 55820
Particle (8):: Fit: 92.6486	PB: 92.6486	LB: 101.747	GB: 110.499	Conf: 0.37221	Pts: 65520
Particle (21):: Fit: 100.544	PB: 100.544	LB: 110.499	GB: 110.499	Conf: 0.707245	Pts: 125524
Particle (30):: Fit: 85.9313	PB: 85.9313	LB: 99.9334	GB: 110.499	Conf: 0.810781	Pts: 55915
Particle (30):: Fit: 93.0089	PB: 93.0089	LB: 99.9334	GB: 110.499	Conf: 0.383137	Pts: 56012
Particle (17):: Fit: 98.9194	PB: 98.9194	LB: 110.499	GB: 110.499	Conf: 0.524048	Pts: 55802
Particle (37):: Fit: 93.03	PB: 93.03	LB: 99.4876	GB: 110.499	Conf: 0.511394	Pts: 80202
Particle (43):: Fit: 90.537	PB: 90.537	LB: 99.4876	GB: 110.499	Conf: 0.763645	Pts: 50702
Particle (23):: Fit: 99.0272	PB: 99.0272	LB: 110.499	GB: 110.499	Conf: 0.280097	Pts: 55497
Particle (15):: Fit: 97.5502	PB: 97.5502	LB: 110.499	GB: 110.499	Conf: 0.284477	Pts: 80696
Particle (24):: Fit: 93.0211	PB: 93.0211	LB: 101.617	GB: 110.499	Conf: 0.574348	Pts: 110288
Particle (8):: Fit: 98.6539	PB: 98.6539	LB: 101.747	GB: 110.499	Conf: 0.711291	Pts: 65587
Particle (36):: Fit: 99.1129	PB: 99.1129	LB: 99.4876	GB: 110.499	Conf: 0.543631	Pts: 80489
Particle (29):: Fit: 99.752	PB: 99.752	LB: 101.617	GB: 110.499	Conf: 0.556782	Pts: 85279
Particle (39):: Fit: 111.835	PB: 111.835	LB: 111.835	GB: 111.835	Conf: 0.456868	Pts: 170689
Global: 111.835 - Correct: 93.3333% of 15 tests
Global Best: 
  Inner Net 1
  -- 1 : 1 = -0.5
  -- 1 : 2 = 0.205447
  -- 1 : 3 = -0.140606
  -- 1 : 4 = 0.419866
  -- 1 : 5 = 0.33509
  -- 1 : 6 = 0.265664
  -- 1 : 7 = -0.203044
  -- 1 : 8 = -0.111146
  -- 1 : 9 = -0.088837
  -- 1 : 10 = -0.131637
  -- 2 : 1 = 0.5
  -- 2 : 2 = 0.0823508
  -- 2 : 3 = 0.241663
  -- 2 : 4 = 0.5
  -- 2 : 5 = -0.449935
  -- 2 : 6 = 0.279466
  -- 2 : 7 = -0.283796
  -- 2 : 8 = 0.302032
  -- 2 : 9 = 0.297925
  -- 2 : 10 = 0.0153427
  -- 3 : 1 = 0.48078
  -- 3 : 2 = 0.483513
  -- 3 : 3 = 0.318797
  -- 3 : 4 = -0.154658
  -- 3 : 5 = 0.000755778
  -- 3 : 6 = 0.146482
  -- 3 : 7 = 0.057394
  -- 3 : 8 = -0.0474366
  -- 3 : 9 = -0.0344549
  -- 3 : 10 = -0.0468909
  -- 4 : 1 = -0.0416542
  -- 4 : 2 = -0.213463
  -- 4 : 3 = 0.222044
  -- 4 : 4 = -0.115917
  -- 4 : 5 = -0.133901
  -- 4 : 6 = 0.181368
  -- 4 : 7 = 0.357517
  -- 4 : 8 = 0.0819348
  -- 4 : 9 = 0.478056
  -- 4 : 10 = 0.0343465
  -- 5 : 1 = 0.5
  -- 5 : 2 = -0.215507
  -- 5 : 3 = 0.359765
  -- 5 : 4 = 0.280687
  -- 5 : 5 = -0.248634
  -- 5 : 6 = 0.0639751
  -- 5 : 7 = 0.11362
  -- 5 : 8 = 0.008676
  -- 5 : 9 = 0.163548
  -- 5 : 10 = -0.0247553
  -- 6 : 1 = 0.0293495
  -- 6 : 2 = -0.103068
  -- 6 : 3 = -0.283672
  -- 6 : 4 = 0.425579
  -- 6 : 5 = 0.561877
  -- 6 : 6 = -0.370829
  -- 6 : 7 = 0.407286
  -- 6 : 8 = 0.309498
  -- 6 : 9 = -0.0158268
  -- 6 : 10 = 0.195825
  -- 7 : 1 = 0.5
  -- 7 : 2 = -0.0316125
  -- 7 : 3 = 0.0905069
  -- 7 : 4 = 0
  -- 7 : 5 = -0.0316721
  -- 7 : 6 = 0.39
  -- 7 : 7 = -0.189092
  -- 7 : 8 = 0.0952722
  -- 7 : 9 = -0.190991
  -- 7 : 10 = 0.115896
  -- 8 : 1 = 0.56858
  -- 8 : 2 = 0.0261451
  -- 8 : 3 = -0.0415477
  -- 8 : 4 = 0.0281323
  -- 8 : 5 = 0.283947
  -- 8 : 6 = 0.598008
  -- 8 : 7 = 0.0293739
  -- 8 : 8 = 0.108857
  -- 8 : 9 = 0.413477
  -- 8 : 10 = 0.173898
  -- 9 : 1 = 0.23412
  -- 9 : 2 = 0.199565
  -- 9 : 3 = -0.10545
  -- 9 : 4 = -0.221622
  -- 9 : 5 = -0.11108
  -- 9 : 6 = 0.00141784
  -- 9 : 7 = 0.107051
  -- 9 : 8 = -0.116549
  -- 9 : 9 = 0.545587
  -- 9 : 10 = 0.175485
  -- 10 : 1 = 0.105999
  -- 10 : 2 = -0.135216
  -- 10 : 3 = 0.100302
  -- 10 : 4 = -0.0890702
  -- 10 : 5 = 0.209986
  -- 10 : 6 = 0.426268
  -- 10 : 7 = -0.0813618
  -- 10 : 8 = -0.114601
  -- 10 : 9 = 0.203002
  -- 10 : 10 = 0.207497
  Inner Net 2
  -- 1 : 1 = -0.0457012
  -- 1 : 2 = 0.39415
  -- 2 : 1 = -0.200786
  -- 2 : 2 = 0.157852
  -- 3 : 1 = 0.119448
  -- 3 : 2 = -0.261784
  -- 4 : 1 = -0.331737
  -- 4 : 2 = 0.00223286
  -- 5 : 1 = 0.153636
  -- 5 : 2 = 0.247067
  -- 6 : 1 = -1
  -- 6 : 2 = 0.0852017
  -- 7 : 1 = 0.214617
  -- 7 : 2 = -0.0746868
  -- 8 : 1 = -0.647384
  -- 8 : 2 = -0.0529246
  -- 9 : 1 = 0.142901
  -- 9 : 2 = -0.0942705
  -- 10 : 1 = 0.378899
  -- 10 : 2 = 0.548843
Out\Act	False		True
False	0.358401	0.483579	0.84198
True	0.0461685	0.111851	0.15802
	0.404569	0.595431
	Accuracy [ (tp + tn) / testSize ]: 0.470252
	Precision [ tp / (tp + fp) ]:      0.1877
	Sensitivity [ tp / (tp + fn) ]:    0.705706
	Specificity [ tn / (tn + fp) ]:    0.425424
	F-Score [ 2tp / (2tp + fp + fn) ]: 0.296717
Particle (29):: Fit: 105.396	PB: 105.396	LB: 105.396	GB: 111.835	Conf: 0.406663	Pts: 135378
Particle (32):: Fit: 92.9389	PB: 92.9389	LB: 105.396	GB: 111.835	Conf: 0.484104	Pts: 75383
Particle (20):: Fit: 99.1289	PB: 99.1289	LB: 110.499	GB: 111.835	Conf: 0.709378	Pts: 55871
Particle (38):: Fit: 96.7851	PB: 96.7851	LB: 111.835	GB: 111.835	Conf: 0.0227519	Pts: 55679
Particle (18):: Fit: 93.0855	PB: 93.0855	LB: 110.499	GB: 111.835	Conf: 0.732716	Pts: 60280
Particle (46):: Fit: 92.7773	PB: 92.7773	LB: 98.9325	GB: 111.835	Conf: 0.918131	Pts: 50974
Particle (36):: Fit: 104.48	PB: 104.48	LB: 111.835	GB: 111.835	Conf: 0.662296	Pts: 80576
Particle (43):: Fit: 93.2607	PB: 93.2607	LB: 111.835	GB: 111.835	Conf: 0.694693	Pts: 50777
Particle (48):: Fit: 90.5314	PB: 90.5314	LB: 103.237	GB: 111.835	Conf: 0.295312	Pts: 50572
Particle (14):: Fit: 86.4525	PB: 86.4525	LB: 110.499	GB: 111.835	Conf: 0.856769	Pts: 75367
Particle (48):: Fit: 93.0881	PB: 93.0881	LB: 103.237	GB: 111.835	Conf: 0.870039	Pts: 50663
Particle (30):: Fit: 95.4342	PB: 95.4342	LB: 105.396	GB: 111.835	Conf: 0.484804	Pts: 56055
Particle (7):: Fit: 86.1881	PB: 86.1881	LB: 103.237	GB: 111.835	Conf: 0.258525	Pts: 55344
Particle (45):: Fit: 104.342	PB: 104.342	LB: 104.342	GB: 111.835	Conf: 0.832362	Pts: 105454
Particle (18):: Fit: 93.104	PB: 93.104	LB: 110.499	GB: 111.835	Conf: 0.632961	Pts: 60350
Particle (2):: Fit: 99.5108	PB: 99.5108	LB: 103.237	GB: 111.835	Conf: 0.464224	Pts: 70445
Particle (18):: Fit: 93.4293	PB: 93.4293	LB: 110.499	GB: 111.835	Conf: 0.667039	Pts: 60447
Particle (30):: Fit: 105.614	PB: 105.614	LB: 105.614	GB: 111.835	Conf: 0.601109	Pts: 101142
Particle (41):: Fit: 97.8662	PB: 97.8662	LB: 111.835	GB: 111.835	Conf: 0.218175	Pts: 170238
Particle (18):: Fit: 105.762	PB: 105.762	LB: 110.499	GB: 111.835	Conf: 0.565864	Pts: 65540
Particle (33):: Fit: 98.8056	PB: 98.8056	LB: 105.614	GB: 111.835	Conf: 0.281826	Pts: 55532
Particle (9):: Fit: 99.701	PB: 99.701	LB: 101.747	GB: 111.835	Conf: 0.559707	Pts: 60334
Particle (31):: Fit: 99.0541	PB: 99.0541	LB: 105.614	GB: 111.835	Conf: 0.669469	Pts: 260329
Particle (8):: Fit: 105.957	PB: 105.957	LB: 105.957	GB: 111.835	Conf: 0.566317	Pts: 115620
Particle (26):: Fit: 104.827	PB: 104.827	LB: 105.614	GB: 111.835	Conf: 0.596528	Pts: 65818
Particle (15):: Fit: 106.075	PB: 106.075	LB: 110.499	GB: 111.835	Conf: 0.548057	Pts: 100721
Particle (17):: Fit: 99.1046	PB: 99.1046	LB: 110.499	GB: 111.835	Conf: 0.876063	Pts: 55806
Particle (10):: Fit: 82.9114	PB: 82.9114	LB: 106.075	GB: 111.835	Conf: 0.610676	Pts: 55705
Particle (10):: Fit: 91.7262	PB: 91.7262	LB: 106.075	GB: 111.835	Conf: 0.716599	Pts: 55790
Particle (38):: Fit: 106.413	PB: 106.413	LB: 111.835	GB: 111.835	Conf: 0.836171	Pts: 60693
Particle (28):: Fit: 101.733	PB: 101.733	LB: 105.614	GB: 111.835	Conf: 0.376061	Pts: 55593
Particle (13):: Fit: 101.909	PB: 101.909	LB: 106.075	GB: 111.835	Conf: 0.500447	Pts: 85289
Particle (22):: Fit: 93.0093	PB: 93.0093	LB: 110.499	GB: 111.835	Conf: 0.41017	Pts: 100379
Particle (40):: Fit: 98.24	PB: 98.24	LB: 111.835	GB: 111.835	Conf: 0.31742	Pts: 205283
Particle (7):: Fit: 90.7035	PB: 90.7035	LB: 105.957	GB: 111.835	Conf: 0.381813	Pts: 55359
Particle (26):: Fit: 106.211	PB: 106.211	LB: 106.211	GB: 111.835	Conf: 0.6026	Pts: 100864
Particle (41):: Fit: 99.4624	PB: 99.4624	LB: 111.835	GB: 111.835	Conf: 0.298283	Pts: 170263
Particle (27):: Fit: 97.8259	PB: 97.8259	LB: 106.211	GB: 111.835	Conf: 0.251594	Pts: 210664
Particle (4):: Fit: 105.714	PB: 105.714	LB: 105.957	GB: 111.835	Conf: 0.490125	Pts: 85362
Particle (23):: Fit: 99.1335	PB: 99.1335	LB: 110.499	GB: 111.835	Conf: 0.833195	Pts: 55454
Particle (14):: Fit: 91.5197	PB: 91.5197	LB: 110.499	GB: 111.835	Conf: 0.504838	Pts: 75353
Particle (9):: Fit: 105.188	PB: 105.188	LB: 105.957	GB: 111.835	Conf: 0.447739	Pts: 60356
Particle (20):: Fit: 103.93	PB: 103.93	LB: 110.499	GB: 111.835	Conf: 0.543421	Pts: 55848
Particle (27):: Fit: 100.989	PB: 100.989	LB: 106.211	GB: 111.835	Conf: 0.500899	Pts: 210750
Particle (42):: Fit: 98.1614	PB: 98.1614	LB: 111.835	GB: 111.835	Conf: 0.34734	Pts: 50246
Particle (7):: Fit: 100.976	PB: 100.976	LB: 105.957	GB: 111.835	Conf: 0.519749	Pts: 55437
Particle (48):: Fit: 93.1478	PB: 93.1478	LB: 104.342	GB: 111.835	Conf: 0.642587	Pts: 50635
Particle (42):: Fit: 103.704	PB: 103.704	LB: 111.835	GB: 111.835	Conf: 0.628555	Pts: 50325
Particle (27):: Fit: 104.104	PB: 104.104	LB: 106.211	GB: 111.835	Conf: 0.204599	Pts: 210824
Particle (40):: Fit: 104.99	PB: 104.99	LB: 111.835	GB: 111.835	Conf: 0.406078	Pts: 210314
Particle (45):: Fit: 106.204	PB: 106.204	LB: 106.204	GB: 111.835	Conf: 0.620477	Pts: 135418
Particle (46):: Fit: 98.4095	PB: 98.4095	LB: 106.204	GB: 111.835	Conf: 0.810269	Pts: 50912
Particle (24):: Fit: 93.2516	PB: 93.2516	LB: 106.211	GB: 111.835	Conf: 0.786314	Pts: 110208
Particle (24):: Fit: 105.433	PB: 105.433	LB: 106.211	GB: 111.835	Conf: 0.64617	Pts: 110307
Particle (22):: Fit: 99.4873	PB: 99.4873	LB: 110.499	GB: 111.835	Conf: 0.442917	Pts: 100393
Particle (32):: Fit: 94.7947	PB: 94.7947	LB: 105.614	GB: 111.835	Conf: 0.288203	Pts: 75297
Particle (6):: Fit: 99.8177	PB: 99.8177	LB: 105.957	GB: 111.835	Conf: 0.939913	Pts: 160191
Particle (48):: Fit: 98.8351	PB: 98.8351	LB: 106.204	GB: 111.835	Conf: 0.85291	Pts: 50686
Particle (5):: Fit: 101.31	PB: 101.31	LB: 105.957	GB: 111.835	Conf: 0.593641	Pts: 55379
Particle (32):: Fit: 109.848	PB: 109.848	LB: 109.848	GB: 111.835	Conf: 0.582252	Pts: 110358
Particle (43):: Fit: 98.9634	PB: 98.9634	LB: 111.835	GB: 111.835	Conf: 0.495615	Pts: 50651
Particle (43):: Fit: 103.307	PB: 103.307	LB: 111.835	GB: 111.835	Conf: 0.26389	Pts: 50747
Particle (25):: Fit: 104.433	PB: 104.433	LB: 106.211	GB: 111.835	Conf: 0.797375	Pts: 85342
Particle (12):: Fit: 103.131	PB: 103.131	LB: 106.075	GB: 111.835	Conf: 0.230619	Pts: 155038
Particle (21):: Fit: 101.641	PB: 101.641	LB: 110.499	GB: 111.835	Conf: 0.602757	Pts: 125328
Particle (1):: Fit: 100.554	PB: 100.554	LB: 105.714	GB: 111.835	Conf: 0.679106	Pts: 135122
Particle (42):: Fit: 105.651	PB: 105.651	LB: 111.835	GB: 111.835	Conf: 0.790476	Pts: 50320
Particle (5):: Fit: 105.619	PB: 105.619	LB: 105.957	GB: 111.835	Conf: 0.442017	Pts: 55417
Particle (10):: Fit: 92.783	PB: 92.783	LB: 106.075	GB: 111.835	Conf: 0.699755	Pts: 55705
Particle (1):: Fit: 103.35	PB: 103.35	LB: 105.714	GB: 111.835	Conf: 0.360294	Pts: 135211
Particle (41):: Fit: 105.688	PB: 105.688	LB: 111.835	GB: 111.835	Conf: 0.46801	Pts: 170197
Particle (47):: Fit: 98.3559	PB: 98.3559	LB: 106.204	GB: 111.835	Conf: 0.383705	Pts: 50092
Particle (27):: Fit: 105.208	PB: 105.208	LB: 109.848	GB: 111.835	Conf: 0.682567	Pts: 210790
Particle (14):: Fit: 93.2182	PB: 93.2182	LB: 110.499	GB: 111.835	Conf: 0.770524	Pts: 75280
Particle (34):: Fit: 95.2499	PB: 95.2499	LB: 111.835	GB: 111.835	Conf: 0.307282	Pts: 59978
Particle (47):: Fit: 108.709	PB: 108.709	LB: 108.709	GB: 111.835	Conf: 0.569275	Pts: 90178
Particle (35):: Fit: 99.0248	PB: 99.0248	LB: 111.835	GB: 111.835	Conf: 0.968213	Pts: 90052
Particle (46):: Fit: 106.479	PB: 106.479	LB: 108.709	GB: 111.835	Conf: 0.926367	Pts: 50845
Particle (35):: Fit: 102.687	PB: 102.687	LB: 111.835	GB: 111.835	Conf: 0.19053	Pts: 90129
Particle (27):: Fit: 105.856	PB: 105.856	LB: 109.848	GB: 111.835	Conf: 0.720079	Pts: 210839
Particle (33):: Fit: 104.327	PB: 104.327	LB: 109.848	GB: 111.835	Conf: 0.320776	Pts: 55323
Particle (30):: Fit: 107.99	PB: 107.99	LB: 109.848	GB: 111.835	Conf: 0.389431	Pts: 110911
Particle (35):: Fit: 103.996	PB: 103.996	LB: 111.835	GB: 111.835	Conf: 0.595053	Pts: 90198
Particle (37):: Fit: 100.387	PB: 100.387	LB: 111.835	GB: 111.835	Conf: 0.528563	Pts: 79896
Particle (14):: Fit: 97.4287	PB: 97.4287	LB: 110.499	GB: 111.835	Conf: 0.737726	Pts: 75287
Particle (22):: Fit: 103.221	PB: 103.221	LB: 110.499	GB: 111.835	Conf: 0.38297	Pts: 100285
Particle (12):: Fit: 105.029	PB: 105.029	LB: 106.075	GB: 111.835	Conf: 0.82085	Pts: 154987
Particle (3):: Fit: 107.427	PB: 107.427	LB: 107.427	GB: 111.835	Conf: 0.710757	Pts: 189971
Particle (31):: Fit: 99.3014	PB: 99.3014	LB: 109.848	GB: 111.835	Conf: 0.36559	Pts: 260070
Particle (10):: Fit: 93.1173	PB: 93.1173	LB: 106.075	GB: 111.835	Conf: 0.694362	Pts: 55660
Particle (17):: Fit: 99.9357	PB: 99.9357	LB: 110.499	GB: 111.835	Conf: 0.63493	Pts: 55556
Particle (11):: Fit: 103.075	PB: 103.075	LB: 106.075	GB: 111.835	Conf: 0.209079	Pts: 90064
Particle (34):: Fit: 103.141	PB: 103.141	LB: 111.835	GB: 111.835	Conf: 0.351725	Pts: 59952
Particle (35):: Fit: 105.4	PB: 105.4	LB: 111.835	GB: 111.835	Conf: 0.533391	Pts: 90244
Particle (4):: Fit: 105.755	PB: 105.755	LB: 107.427	GB: 111.835	Conf: 0.812243	Pts: 85151
Particle (13):: Fit: 107.031	PB: 107.031	LB: 107.031	GB: 111.835	Conf: 0.403813	Pts: 115052
Particle (23):: Fit: 105.778	PB: 105.778	LB: 110.499	GB: 111.835	Conf: 0.740175	Pts: 55204
Particle (3):: Fit: 108.001	PB: 108.001	LB: 108.001	GB: 111.835	Conf: 0.749324	Pts: 219993
Particle (10):: Fit: 105.666	PB: 105.666	LB: 107.031	GB: 111.835	Conf: 0.713942	Pts: 55654
Particle (17):: Fit: 100.424	PB: 100.424	LB: 110.499	GB: 111.835	Conf: 0.598642	Pts: 55524
Particle (17):: Fit: 105.781	PB: 105.781	LB: 110.499	GB: 111.835	Conf: 0.650643	Pts: 55604
Particle (18):: Fit: 105.837	PB: 105.837	LB: 110.499	GB: 111.835	Conf: 0.667895	Pts: 65124
Particle (2):: Fit: 107.792	PB: 107.792	LB: 108.001	GB: 111.835	Conf: 0.412814	Pts: 69986
Particle (21):: Fit: 106.391	PB: 106.391	LB: 110.499	GB: 111.835	Conf: 0.651899	Pts: 130083
Particle (16):: Fit: 105.161	PB: 105.161	LB: 110.499	GB: 111.835	Conf: 0.371077	Pts: 69648
Particle (22):: Fit: 105.491	PB: 105.491	LB: 110.499	GB: 111.835	Conf: 0.335631	Pts: 100104
Particle (0):: Fit: 98.8885	PB: 98.8885	LB: 108.709	GB: 111.835	Conf: 0.61155	Pts: 214697
Particle (48):: Fit: 105.865	PB: 105.865	LB: 108.709	GB: 111.835	Conf: 0.204903	Pts: 50314
Particle (49):: Fit: 99.0439	PB: 99.0439	LB: 108.709	GB: 111.835	Conf: 0.962881	Pts: 70078
Particle (20):: Fit: 104.979	PB: 104.979	LB: 110.499	GB: 111.835	Conf: 0.711996	Pts: 55344
Particle (5):: Fit: 105.796	PB: 105.796	LB: 108.001	GB: 111.835	Conf: 0.461846	Pts: 54995
Particle (49):: Fit: 106.027	PB: 106.027	LB: 108.709	GB: 111.835	Conf: 0.624874	Pts: 70080
Particle (31):: Fit: 104.13	PB: 104.13	LB: 109.848	GB: 111.835	Conf: 0.637624	Pts: 259732
Particle (41):: Fit: 105.826	PB: 105.826	LB: 111.835	GB: 111.835	Conf: 0.647896	Pts: 169731
Particle (0):: Fit: 99.7147	PB: 99.7147	LB: 108.709	GB: 111.835	Conf: 0.658551	Pts: 214589
Particle (14):: Fit: 99.7095	PB: 99.7095	LB: 110.499	GB: 111.835	Conf: 0.681618	Pts: 74869
Particle (25):: Fit: 105.147	PB: 105.147	LB: 107.99	GB: 111.835	Conf: 0.726061	Pts: 84782
Particle (8):: Fit: 106.141	PB: 106.141	LB: 107.031	GB: 111.835	Conf: 0.354644	Pts: 114826
Particle (42):: Fit: 111.415	PB: 111.415	LB: 111.835	GB: 111.835	Conf: 0.43545	Pts: 64678
Particle (49):: Fit: 107.324	PB: 107.324	LB: 108.709	GB: 111.835	Conf: 0.530589	Pts: 69947
Particle (31):: Fit: 107.103	PB: 107.103	LB: 109.848	GB: 111.835	Conf: 0.410004	Pts: 259647
Particle (49):: Fit: 107.938	PB: 107.938	LB: 108.709	GB: 111.835	Conf: 0.435921	Pts: 69967
Particle (48):: Fit: 110.984	PB: 110.984	LB: 110.984	GB: 111.835	Conf: 0.932817	Pts: 79947
Particle (28):: Fit: 105.075	PB: 105.075	LB: 109.848	GB: 111.835	Conf: 0.802495	Pts: 54628
Particle (25):: Fit: 106.295	PB: 106.295	LB: 107.99	GB: 111.835	Conf: 0.732206	Pts: 84623
Particle (20):: Fit: 106.395	PB: 106.395	LB: 110.499	GB: 111.835	Conf: 0.742674	Pts: 59978
Particle (27):: Fit: 107.307	PB: 107.307	LB: 109.848	GB: 111.835	Conf: 0.513962	Pts: 215003
Particle (7):: Fit: 107.12	PB: 107.12	LB: 108.001	GB: 111.835	Conf: 0.41706	Pts: 74377
Particle (17):: Fit: 106.465	PB: 106.465	LB: 110.499	GB: 111.835	Conf: 0.568299	Pts: 54950
Particle (29):: Fit: 105.514	PB: 105.514	LB: 109.848	GB: 111.835	Conf: 0.413348	Pts: 134162
Particle (0):: Fit: 101.803	PB: 101.803	LB: 110.984	GB: 111.835	Conf: 0.822886	Pts: 214235
Particle (18):: Fit: 109.009	PB: 109.009	LB: 110.499	GB: 111.835	Conf: 0.637493	Pts: 69443
Particle (16):: Fit: 107.453	PB: 107.453	LB: 110.499	GB: 111.835	Conf: 0.19164	Pts: 79027
Particle (1):: Fit: 104.76	PB: 104.76	LB: 110.984	GB: 111.835	Conf: 0.848522	Pts: 134210
Particle (22):: Fit: 105.651	PB: 105.651	LB: 110.499	GB: 111.835	Conf: 0.596969	Pts: 99462
Particle (9):: Fit: 105.614	PB: 105.614	LB: 107.12	GB: 111.835	Conf: 0.51552	Pts: 59182
Particle (23):: Fit: 105.939	PB: 105.939	LB: 110.499	GB: 111.835	Conf: 0.599401	Pts: 54332
Particle (21):: Fit: 109.062	PB: 109.062	LB: 110.499	GB: 111.835	Conf: 0.76317	Pts: 139138
Particle (41):: Fit: 112.481	PB: 112.481	LB: 112.481	GB: 112.481	Conf: 0.372563	Pts: 229009
Global: 112.481 - Correct: 93.75% of 16 tests
Global Best: 
  Inner Net 1
  -- 1 : 1 = -0.408625
  -- 1 : 2 = 0.364421
  -- 1 : 3 = -0.0101281
  -- 1 : 4 = 0.244667
  -- 1 : 5 = 0.132448
  -- 1 : 6 = 0.151864
  -- 1 : 7 = 0.243077
  -- 1 : 8 = 0.0393637
  -- 1 : 9 = 0.131471
  -- 1 : 10 = -0.301209
  -- 2 : 1 = 0.507418
  -- 2 : 2 = 0.0809824
  -- 2 : 3 = 0.488148
  -- 2 : 4 = 0.0860208
  -- 2 : 5 = 0.164883
  -- 2 : 6 = 0.227412
  -- 2 : 7 = -0.235383
  -- 2 : 8 = 0.0537547
  -- 2 : 9 = 0.17729
  -- 2 : 10 = 0.139706
  -- 3 : 1 = 0.416815
  -- 3 : 2 = -0.225351
  -- 3 : 3 = 0.0487648
  -- 3 : 4 = 0.0487938
  -- 3 : 5 = -0.00299686
  -- 3 : 6 = -0.128632
  -- 3 : 7 = 0.193228
  -- 3 : 8 = -0.0669985
  -- 3 : 9 = -0.0661925
  -- 3 : 10 = -0.0159726
  -- 4 : 1 = -0.0491078
  -- 4 : 2 = -0.17076
  -- 4 : 3 = 0.409389
  -- 4 : 4 = -0.179108
  -- 4 : 5 = -0.118174
  -- 4 : 6 = 0.0705504
  -- 4 : 7 = 0.506936
  -- 4 : 8 = -0.079956
  -- 4 : 9 = -0.518519
  -- 4 : 10 = -0.364636
  -- 5 : 1 = 0.440558
  -- 5 : 2 = -0.11204
  -- 5 : 3 = 0.179572
  -- 5 : 4 = 0.120996
  -- 5 : 5 = 0.335265
  -- 5 : 6 = -0.0101202
  -- 5 : 7 = 0.406294
  -- 5 : 8 = -0.225048
  -- 5 : 9 = 0.0224226
  -- 5 : 10 = 0.10313
  -- 6 : 1 = -0.0390643
  -- 6 : 2 = 0.0364503
  -- 6 : 3 = 0.24136
  -- 6 : 4 = -0.00304755
  -- 6 : 5 = 0.340216
  -- 6 : 6 = -0.0323918
  -- 6 : 7 = 0.100488
  -- 6 : 8 = 0.282339
  -- 6 : 9 = -0.275393
  -- 6 : 10 = 0.130455
  -- 7 : 1 = 0.654933
  -- 7 : 2 = 0.13352
  -- 7 : 3 = -0.133955
  -- 7 : 4 = 0.0614499
  -- 7 : 5 = -0.2456
  -- 7 : 6 = -0.0228255
  -- 7 : 7 = 0.292604
  -- 7 : 8 = 0.27166
  -- 7 : 9 = -0.131919
  -- 7 : 10 = 0.0865183
  -- 8 : 1 = 0.530369
  -- 8 : 2 = -0.030028
  -- 8 : 3 = 0.0752313
  -- 8 : 4 = -0.124866
  -- 8 : 5 = -0.0184708
  -- 8 : 6 = 0.422838
  -- 8 : 7 = 0.219948
  -- 8 : 8 = 0.120673
  -- 8 : 9 = -0.0663608
  -- 8 : 10 = 0.196828
  -- 9 : 1 = 0.232895
  -- 9 : 2 = -0.00256299
  -- 9 : 3 = 0.165654
  -- 9 : 4 = -0.198953
  -- 9 : 5 = 0.188926
  -- 9 : 6 = -0.0650981
  -- 9 : 7 = 0.767876
  -- 9 : 8 = 0.115165
  -- 9 : 9 = -0.0600948
  -- 9 : 10 = 0.218052
  -- 10 : 1 = 0.176006
  -- 10 : 2 = 0.00980744
  -- 10 : 3 = -0.23147
  -- 10 : 4 = 0.0997044
  -- 10 : 5 = 0.384467
  -- 10 : 6 = 0.0711687
  -- 10 : 7 = -0.100092
  -- 10 : 8 = -0.0753159
  -- 10 : 9 = 0.259526
  -- 10 : 10 = 0.207062
  Inner Net 2
  -- 1 : 1 = -0.252877
  -- 1 : 2 = -0.0170199
  -- 2 : 1 = -0.286652
  -- 2 : 2 = 0.193716
  -- 3 : 1 = 0.378919
  -- 3 : 2 = -0.0159559
  -- 4 : 1 = 0.184494
  -- 4 : 2 = -0.23234
  -- 5 : 1 = -0.131185
  -- 5 : 2 = 0.218547
  -- 6 : 1 = -0.5
  -- 6 : 2 = 0.0246874
  -- 7 : 1 = 0.549033
  -- 7 : 2 = -0.389399
  -- 8 : 1 = -0.190411
  -- 8 : 2 = 0.0605229
  -- 9 : 1 = -0.362259
  -- 9 : 2 = -0.181613
  -- 10 : 1 = -0.237175
  -- 10 : 2 = 0.297745
Out\Act	False		True
False	0.304617	0.537363	0.84198
True	0.0480723	0.109948	0.15802
	0.352689	0.647311
	Accuracy [ (tp + tn) / testSize ]: 0.414564
	Precision [ tp / (tp + fp) ]:      0.169728
	Sensitivity [ tp / (tp + fn) ]:    0.693694
	Specificity [ tn / (tn + fp) ]:    0.361582
	F-Score [ 2tp / (2tp + fp + fn) ]: 0.272888
Particle (1):: Fit: 106.059	PB: 106.059	LB: 110.984	GB: 112.481	Conf: 0.856349	Pts: 133988
Particle (24):: Fit: 108.229	PB: 108.229	LB: 109.062	GB: 112.481	Conf: 0.432301	Pts: 113848
Particle (29):: Fit: 107.235	PB: 107.235	LB: 109.848	GB: 112.481	Conf: 0.532509	Pts: 133770
Particle (15):: Fit: 109.462	PB: 109.462	LB: 110.499	GB: 112.481	Conf: 0.728926	Pts: 119057
Particle (6):: Fit: 104.364	PB: 104.364	LB: 108.001	GB: 112.481	Conf: 0.880783	Pts: 158556
Particle (35):: Fit: 105.416	PB: 105.416	LB: 111.835	GB: 112.481	Conf: 0.679291	Pts: 88829
Particle (11):: Fit: 104.661	PB: 104.661	LB: 109.462	GB: 112.481	Conf: 0.218378	Pts: 88542
Particle (40):: Fit: 105.401	PB: 105.401	LB: 112.481	GB: 112.481	Conf: 0.415202	Pts: 208483
Particle (36):: Fit: 109.072	PB: 109.072	LB: 112.481	GB: 112.481	Conf: 0.866115	Pts: 78556
Particle (23):: Fit: 107.11	PB: 107.11	LB: 110.499	GB: 112.481	Conf: 0.63337	Pts: 53727
Particle (26):: Fit: 106.536	PB: 106.536	LB: 108.229	GB: 112.481	Conf: 0.32054	Pts: 98812
Particle (10):: Fit: 106.179	PB: 106.179	LB: 109.462	GB: 112.481	Conf: 0.718546	Pts: 53794
Particle (14):: Fit: 106.125	PB: 106.125	LB: 110.499	GB: 112.481	Conf: 0.667243	Pts: 73296
Particle (37):: Fit: 105.509	PB: 105.509	LB: 112.481	GB: 112.481	Conf: 0.522665	Pts: 77712
Particle (0):: Fit: 105.625	PB: 105.625	LB: 110.984	GB: 112.481	Conf: 0.701744	Pts: 212993
Particle (9):: Fit: 105.893	PB: 105.893	LB: 107.12	GB: 112.481	Conf: 0.503847	Pts: 57997
Particle (45):: Fit: 110.545	PB: 110.545	LB: 112.481	GB: 112.481	Conf: 0.848187	Pts: 132873
Particle (13):: Fit: 108.03	PB: 108.03	LB: 109.462	GB: 112.481	Conf: 0.759076	Pts: 122738
Particle (43):: Fit: 107.16	PB: 107.16	LB: 112.481	GB: 112.481	Conf: 0.713045	Pts: 48201
Particle (25):: Fit: 106.303	PB: 106.303	LB: 109.062	GB: 112.481	Conf: 0.681785	Pts: 82793
Particle (11):: Fit: 109.797	PB: 109.797	LB: 109.797	GB: 112.481	Conf: 0.360606	Pts: 127580
Particle (9):: Fit: 109.263	PB: 109.263	LB: 109.797	GB: 112.481	Conf: 0.608513	Pts: 67679
Particle (6):: Fit: 105.835	PB: 105.835	LB: 109.797	GB: 112.481	Conf: 0.488091	Pts: 157222
Particle (4):: Fit: 106.495	PB: 106.495	LB: 109.263	GB: 112.481	Conf: 0.912306	Pts: 82143
Particle (6):: Fit: 108.309	PB: 108.309	LB: 109.797	GB: 112.481	Conf: 0.189203	Pts: 162158
Particle (22):: Fit: 106.077	PB: 106.077	LB: 110.499	GB: 112.481	Conf: 0.747737	Pts: 97409
Particle (17):: Fit: 106.494	PB: 106.494	LB: 110.499	GB: 112.481	Conf: 0.866966	Pts: 52775
Particle (5):: Fit: 105.94	PB: 105.94	LB: 109.263	GB: 112.481	Conf: 0.558066	Pts: 52196
Particle (31):: Fit: 110.675	PB: 110.675	LB: 110.675	GB: 112.481	Conf: 0.331832	Pts: 297084
Particle (38):: Fit: 106.469	PB: 106.469	LB: 112.481	GB: 112.481	Conf: 0.862332	Pts: 57040
Particle (34):: Fit: 103.805	PB: 103.805	LB: 111.835	GB: 112.481	Conf: 0.199264	Pts: 56473
Particle (9):: Fit: 109.784	PB: 109.784	LB: 109.797	GB: 112.481	Conf: 0.82569	Pts: 76842
Particle (27):: Fit: 108.922	PB: 108.922	LB: 110.675	GB: 112.481	Conf: 0.693148	Pts: 212244
Particle (3):: Fit: 110.258	PB: 110.258	LB: 110.258	GB: 112.481	Conf: 0.648622	Pts: 241402
Particle (25):: Fit: 107.441	PB: 107.441	LB: 109.062	GB: 112.481	Conf: 0.607724	Pts: 81781
Particle (5):: Fit: 107.789	PB: 107.789	LB: 110.258	GB: 112.481	Conf: 0.517312	Pts: 51735
Particle (24):: Fit: 113.232	PB: 113.232	LB: 113.232	GB: 113.232	Conf: 0.605067	Pts: 171411
Global: 113.232 - Correct: 93.75% of 16 tests
Global Best: 
  Inner Net 1
  -- 1 : 1 = 0.244212
  -- 1 : 2 = -0.160249
  -- 1 : 3 = -0.105623
  -- 1 : 4 = 0.254142
  -- 1 : 5 = -0.251009
  -- 1 : 6 = -0.0157746
  -- 1 : 7 = -0.0549528
  -- 1 : 8 = 0.317481
  -- 1 : 9 = -0.336329
  -- 1 : 10 = -0.052946
  -- 2 : 1 = 0.242938
  -- 2 : 2 = -0.0575311
  -- 2 : 3 = 0.064488
  -- 2 : 4 = 0.074755
  -- 2 : 5 = 0.165586
  -- 2 : 6 = -0.0439957
  -- 2 : 7 = -0.0946505
  -- 2 : 8 = 0.0691056
  -- 2 : 9 = -0.074053
  -- 2 : 10 = 0.107854
  -- 3 : 1 = 0.147359
  -- 3 : 2 = -0.0669938
  -- 3 : 3 = -0.031657
  -- 3 : 4 = 0.333907
  -- 3 : 5 = -0.140026
  -- 3 : 6 = 0.064139
  -- 3 : 7 = 0.347222
  -- 3 : 8 = 0.166238
  -- 3 : 9 = 0.143451
  -- 3 : 10 = -0.629326
  -- 4 : 1 = -0.0247133
  -- 4 : 2 = 0.334097
  -- 4 : 3 = -0.059909
  -- 4 : 4 = 0.070491
  -- 4 : 5 = -0.143007
  -- 4 : 6 = -0.0621668
  -- 4 : 7 = -0.416995
  -- 4 : 8 = -0.0268578
  -- 4 : 9 = 0.0499977
  -- 4 : 10 = -0.27455
  -- 5 : 1 = 0.444404
  -- 5 : 2 = 0.0160077
  -- 5 : 3 = -0.187061
  -- 5 : 4 = 0.0675335
  -- 5 : 5 = -0.434036
  -- 5 : 6 = 0.340212
  -- 5 : 7 = -0.260931
  -- 5 : 8 = -0.106118
  -- 5 : 9 = 0.216752
  -- 5 : 10 = 0.273556
  -- 6 : 1 = -0.345832
  -- 6 : 2 = 0.208944
  -- 6 : 3 = 0.214443
  -- 6 : 4 = -0.0738248
  -- 6 : 5 = 0.0345464
  -- 6 : 6 = -0.0266322
  -- 6 : 7 = 0.057107
  -- 6 : 8 = 0.114611
  -- 6 : 9 = -0.172998
  -- 6 : 10 = 0.206846
  -- 7 : 1 = -0.0869336
  -- 7 : 2 = -0.216109
  -- 7 : 3 = 0.137353
  -- 7 : 4 = 0.0335071
  -- 7 : 5 = 0.147343
  -- 7 : 6 = 0.307301
  -- 7 : 7 = 0.165806
  -- 7 : 8 = 0.340331
  -- 7 : 9 = -0.212205
  -- 7 : 10 = 0.52144
  -- 8 : 1 = 0.357554
  -- 8 : 2 = 0.106126
  -- 8 : 3 = 0.0574584
  -- 8 : 4 = 0.00282521
  -- 8 : 5 = 0.103825
  -- 8 : 6 = 0.0365355
  -- 8 : 7 = -0.309426
  -- 8 : 8 = 0.055577
  -- 8 : 9 = -0.0367771
  -- 8 : 10 = -0.0875669
  -- 9 : 1 = 0.481442
  -- 9 : 2 = -0.0535989
  -- 9 : 3 = 0.0422732
  -- 9 : 4 = -0.0166577
  -- 9 : 5 = -0.0551842
  -- 9 : 6 = 0.0363006
  -- 9 : 7 = 0.298381
  -- 9 : 8 = -0.00912272
  -- 9 : 9 = 0.0216426
  -- 9 : 10 = 0.182654
  -- 10 : 1 = 0.0782939
  -- 10 : 2 = -0.189805
  -- 10 : 3 = 0.460324
  -- 10 : 4 = -0.0652831
  -- 10 : 5 = -0.113749
  -- 10 : 6 = 0.0316901
  -- 10 : 7 = 0.268661
  -- 10 : 8 = -0.0303643
  -- 10 : 9 = -0.149024
  -- 10 : 10 = -0.205554
  Inner Net 2
  -- 1 : 1 = -0.299568
  -- 1 : 2 = -0.215189
  -- 2 : 1 = 0.00181488
  -- 2 : 2 = -0.0506065
  -- 3 : 1 = -0.0087741
  -- 3 : 2 = -0.0371208
  -- 4 : 1 = -0.39943
  -- 4 : 2 = 0.153693
  -- 5 : 1 = -0.0766007
  -- 5 : 2 = 0.0346036
  -- 6 : 1 = -0.0932858
  -- 6 : 2 = -0.325709
  -- 7 : 1 = -0.628383
  -- 7 : 2 = -0.0618765
  -- 8 : 1 = 1
  -- 8 : 2 = -0.268464
  -- 9 : 1 = 0.443971
  -- 9 : 2 = -0.160102
  -- 10 : 1 = 0.218448
  -- 10 : 2 = 0.27972
Out\Act	False		True
False	0.216088	0.625892	0.84198
True	0.039981	0.118039	0.15802
	0.256069	0.743931
	Accuracy [ (tp + tn) / testSize ]: 0.334127
	Precision [ tp / (tp + fp) ]:      0.158568
	Sensitivity [ tp / (tp + fn) ]:    0.744745
	Specificity [ tn / (tn + fp) ]:    0.256497
	F-Score [ 2tp / (2tp + fp + fn) ]: 0.261603
Particle (12):: Fit: 105.347	PB: 105.347	LB: 109.797	GB: 113.232	Conf: 0.351246	Pts: 151132
Particle (35):: Fit: 107.042	PB: 107.042	LB: 111.835	GB: 113.232	Conf: 0.228295	Pts: 85937
Particle (14):: Fit: 106.447	PB: 106.447	LB: 110.499	GB: 113.232	Conf: 0.792994	Pts: 70939
Particle (23):: Fit: 115.287	PB: 115.287	LB: 115.287	GB: 115.287	Conf: 0.935741	Pts: 110715
Global: 115.287 - Correct: 94.4444% of 18 tests
Global Best: 
  Inner Net 1
  -- 1 : 1 = 0.0115075
  -- 1 : 2 = 0.245615
  -- 1 : 3 = -0.381984
  -- 1 : 4 = -0.0762875
  -- 1 : 5 = -0.150145
  -- 1 : 6 = 0.0397517
  -- 1 : 7 = -0.354099
  -- 1 : 8 = -0.221091
  -- 1 : 9 = 0.321173
  -- 1 : 10 = 0.299205
  -- 2 : 1 = 0.298363
  -- 2 : 2 = -0.660775
  -- 2 : 3 = -0.0195186
  -- 2 : 4 = -0.0631493
  -- 2 : 5 = 0.186588
  -- 2 : 6 = -0.266785
  -- 2 : 7 = 0.0542263
  -- 2 : 8 = 0.0697864
  -- 2 : 9 = -0.0128539
  -- 2 : 10 = 0.182188
  -- 3 : 1 = 0.0862853
  -- 3 : 2 = -0.00478435
  -- 3 : 3 = 0.080773
  -- 3 : 4 = -0.304553
  -- 3 : 5 = 0.128674
  -- 3 : 6 = -0.335115
  -- 3 : 7 = 0.109766
  -- 3 : 8 = -0.34328
  -- 3 : 9 = -0.118239
  -- 3 : 10 = -0.158932
  -- 4 : 1 = 0.233653
  -- 4 : 2 = -0.191875
  -- 4 : 3 = -0.655065
  -- 4 : 4 = 0.167054
  -- 4 : 5 = -0.275096
  -- 4 : 6 = 0.0410435
  -- 4 : 7 = -0.314902
  -- 4 : 8 = 0.326625
  -- 4 : 9 = -0.0786492
  -- 4 : 10 = -0.141522
  -- 5 : 1 = 0.537905
  -- 5 : 2 = -0.108888
  -- 5 : 3 = 0.159765
  -- 5 : 4 = -0.194862
  -- 5 : 5 = 0.189198
  -- 5 : 6 = -0.281195
  -- 5 : 7 = 0.191359
  -- 5 : 8 = -0.422076
  -- 5 : 9 = 0.130217
  -- 5 : 10 = -0.192014
  -- 6 : 1 = -0.249427
  -- 6 : 2 = 0.243721
  -- 6 : 3 = 0.441923
  -- 6 : 4 = -0.210932
  -- 6 : 5 = -0.316064
  -- 6 : 6 = 0.312824
  -- 6 : 7 = 0.43609
  -- 6 : 8 = 0.101278
  -- 6 : 9 = 0.0650743
  -- 6 : 10 = 0.0844381
  -- 7 : 1 = -0.236925
  -- 7 : 2 = -0.313686
  -- 7 : 3 = -0.073393
  -- 7 : 4 = -0.0152142
  -- 7 : 5 = 0.122276
  -- 7 : 6 = 0.0743641
  -- 7 : 7 = 0.259723
  -- 7 : 8 = -0.146834
  -- 7 : 9 = 0.143397
  -- 7 : 10 = 0.216723
  -- 8 : 1 = 0.716426
  -- 8 : 2 = -0.146268
  -- 8 : 3 = -0.0763557
  -- 8 : 4 = 0.383361
  -- 8 : 5 = 0.157363
  -- 8 : 6 = -0.242079
  -- 8 : 7 = -0.0992169
  -- 8 : 8 = -0.26839
  -- 8 : 9 = 0.224411
  -- 8 : 10 = -0.241088
  -- 9 : 1 = 0.63082
  -- 9 : 2 = 0.2933
  -- 9 : 3 = -0.117862
  -- 9 : 4 = -0.11415
  -- 9 : 5 = 0.238401
  -- 9 : 6 = -0.0560539
  -- 9 : 7 = -0.10805
  -- 9 : 8 = 0.423479
  -- 9 : 9 = -0.00920313
  -- 9 : 10 = -0.011346
  -- 10 : 1 = 0.428705
  -- 10 : 2 = -0.378147
  -- 10 : 3 = -0.319186
  -- 10 : 4 = -0.341364
  -- 10 : 5 = -0.138676
  -- 10 : 6 = -0.181706
  -- 10 : 7 = 0.177468
  -- 10 : 8 = -0.179358
  -- 10 : 9 = 0.281523
  -- 10 : 10 = -0.325433
  Inner Net 2
  -- 1 : 1 = 0.190788
  -- 1 : 2 = -0.152358
  -- 2 : 1 = -0.292782
  -- 2 : 2 = -0.2271
  -- 3 : 1 = 0.230219
  -- 3 : 2 = 0.574591
  -- 4 : 1 = -0.718005
  -- 4 : 2 = -0.244798
  -- 5 : 1 = -0.000419927
  -- 5 : 2 = 0.0245573
  -- 6 : 1 = -0.921324
  -- 6 : 2 = -0.136834
  -- 7 : 1 = 0.0222078
  -- 7 : 2 = 0.181141
  -- 8 : 1 = -0.289525
  -- 8 : 2 = -0.409468
  -- 9 : 1 = 0.763893
  -- 9 : 2 = -0.0213359
  -- 10 : 1 = -0.600839
  -- 10 : 2 = 0.218536
Out\Act	False		True
False	0.176583	0.665397	0.84198
True	0.0195145	0.138505	0.15802
	0.196097	0.803903
	Accuracy [ (tp + tn) / testSize ]: 0.315088
	Precision [ tp / (tp + fp) ]:      0.172189
	Sensitivity [ tp / (tp + fn) ]:    0.873874
	Specificity [ tn / (tn + fp) ]:    0.209605
	F-Score [ 2tp / (2tp + fp + fn) ]: 0.287834
Particle (12):: Fit: 105.371	PB: 105.371	LB: 109.797	GB: 115.287	Conf: 0.548811	Pts: 150126
Particle (28):: Fit: 105.251	PB: 105.251	LB: 113.232	GB: 115.287	Conf: 0.36935	Pts: 49639
Particle (35):: Fit: 111.41	PB: 111.41	LB: 111.835	GB: 115.287	Conf: 0.209138	Pts: 104603
Particle (28):: Fit: 106.05	PB: 106.05	LB: 113.232	GB: 115.287	Conf: 0.806598	Pts: 49558
Particle (22):: Fit: 108.921	PB: 108.921	LB: 115.287	GB: 115.287	Conf: 0.510253	Pts: 94454
Particle (32):: Fit: 111.225	PB: 111.225	LB: 111.41	GB: 115.287	Conf: 0.551146	Pts: 109052
Particle (29):: Fit: 107.447	PB: 107.447	LB: 111.225	GB: 115.287	Conf: 0.399418	Pts: 128733
Particle (47):: Fit: 109.172	PB: 109.172	LB: 110.984	GB: 115.287	Conf: 0.538654	Pts: 83539
Particle (28):: Fit: 106.364	PB: 106.364	LB: 113.232	GB: 115.287	Conf: 0.768415	Pts: 48979
Particle (0):: Fit: 106.47	PB: 106.47	LB: 110.984	GB: 115.287	Conf: 0.798546	Pts: 208598
Particle (12):: Fit: 106.876	PB: 106.876	LB: 109.797	GB: 115.287	Conf: 0.342099	Pts: 148453
Particle (33):: Fit: 104.55	PB: 104.55	LB: 111.41	GB: 115.287	Conf: 0.248843	Pts: 48432
Particle (8):: Fit: 107.935	PB: 107.935	LB: 109.797	GB: 115.287	Conf: 0.680119	Pts: 108420
Particle (13):: Fit: 108.058	PB: 108.058	LB: 109.797	GB: 115.287	Conf: 0.341319	Pts: 118040
Particle (14):: Fit: 107.809	PB: 107.809	LB: 110.499	GB: 115.287	Conf: 0.795446	Pts: 68226
Particle (49):: Fit: 108.267	PB: 108.267	LB: 110.984	GB: 115.287	Conf: 0.677485	Pts: 63225
Particle (10):: Fit: 106.344	PB: 106.344	LB: 109.797	GB: 115.287	Conf: 0.708585	Pts: 48230
Particle (37):: Fit: 105.659	PB: 105.659	LB: 112.481	GB: 115.287	Conf: 0.552169	Pts: 72231
Particle (15):: Fit: 113.63	PB: 113.63	LB: 113.63	GB: 115.287	Conf: 0.738928	Pts: 152847
Particle (26):: Fit: 107.3	PB: 107.3	LB: 115.287	GB: 115.287	Conf: 0.764446	Pts: 93020
Particle (37):: Fit: 105.726	PB: 105.726	LB: 112.481	GB: 115.287	Conf: 0.459876	Pts: 72026
Particle (29):: Fit: 108.088	PB: 108.088	LB: 111.225	GB: 115.287	Conf: 0.374878	Pts: 127230
Particle (28):: Fit: 109.312	PB: 109.312	LB: 113.232	GB: 115.287	Conf: 0.677129	Pts: 47464
Particle (27):: Fit: 109.022	PB: 109.022	LB: 115.287	GB: 115.287	Conf: 0.822063	Pts: 207515
Particle (20):: Fit: 107.848	PB: 107.848	LB: 115.287	GB: 115.287	Conf: 0.621778	Pts: 51838
Particle (1):: Fit: 106.296	PB: 106.296	LB: 110.984	GB: 115.287	Conf: 0.884127	Pts: 124991
Particle (3):: Fit: 113.661	PB: 113.661	LB: 113.661	GB: 115.287	Conf: 0.672462	Pts: 284324
Particle (11):: Fit: 112.768	PB: 112.768	LB: 113.63	GB: 115.287	Conf: 0.347114	Pts: 128865
Particle (45):: Fit: 112.112	PB: 112.112	LB: 112.481	GB: 115.287	Conf: 0.760774	Pts: 133759
Particle (45):: Fit: 115.046	PB: 115.046	LB: 115.046	GB: 115.287	Conf: 0.927199	Pts: 183082
Particle (38):: Fit: 108.113	PB: 108.113	LB: 112.481	GB: 115.287	Conf: 0.118154	Pts: 48157
Particle (1):: Fit: 113.451	PB: 113.451	LB: 113.661	GB: 115.287	Conf: 0.608747	Pts: 123070
Particle (7):: Fit: 109.568	PB: 109.568	LB: 113.661	GB: 115.287	Conf: 0.869799	Pts: 62751
Particle (22):: Fit: 109.634	PB: 109.634	LB: 115.287	GB: 115.287	Conf: 0.266773	Pts: 87434
Particle (13):: Fit: 108.911	PB: 108.911	LB: 113.63	GB: 115.287	Conf: 0.578449	Pts: 111046
Particle (6):: Fit: 112.373	PB: 112.373	LB: 113.661	GB: 115.287	Conf: 0.513604	Pts: 150199
Particle (46):: Fit: 107.819	PB: 107.819	LB: 115.046	GB: 115.287	Conf: 0.923328	Pts: 35568
Particle (37):: Fit: 111.336	PB: 111.336	LB: 112.481	GB: 115.287	Conf: 0.464572	Pts: 64357
Particle (40):: Fit: 105.825	PB: 105.825	LB: 115.046	GB: 115.287	Conf: 0.476066	Pts: 191746
Particle (30):: Fit: 109.472	PB: 109.472	LB: 111.41	GB: 115.287	Conf: 0.554377	Pts: 92597
Particle (17):: Fit: 107.461	PB: 107.461	LB: 113.63	GB: 115.287	Conf: 0.666383	Pts: 37472
Particle (34):: Fit: 103.837	PB: 103.837	LB: 111.835	GB: 115.287	Conf: 0.242212	Pts: 41091
Particle (43):: Fit: 108.879	PB: 108.879	LB: 115.046	GB: 115.287	Conf: 0.509422	Pts: 31776
Particle (12):: Fit: 106.943	PB: 106.943	LB: 113.63	GB: 115.287	Conf: 0.403689	Pts: 136335
Particle (27):: Fit: 112.077	PB: 112.077	LB: 115.287	GB: 115.287	Conf: 0.937827	Pts: 212161
Particle (26):: Fit: 110.202	PB: 110.202	LB: 115.287	GB: 115.287	Conf: 0.623253	Pts: 81693
Particle (28):: Fit: 111.08	PB: 111.08	LB: 113.232	GB: 115.287	Conf: 0.747326	Pts: 36410
Particle (33):: Fit: 104.608	PB: 104.608	LB: 111.41	GB: 115.287	Conf: 0.401999	Pts: 36021
Particle (9):: Fit: 109.901	PB: 109.901	LB: 112.768	GB: 115.287	Conf: 0.500447	Pts: 60845
Particle (16):: Fit: 107.624	PB: 107.624	LB: 113.63	GB: 115.287	Conf: 0.702195	Pts: 59966
Particle (35):: Fit: 111.626	PB: 111.626	LB: 111.835	GB: 115.287	Conf: 0.26029	Pts: 100490
Particle (43):: Fit: 109.343	PB: 109.343	LB: 115.046	GB: 115.287	Conf: 0.644085	Pts: 30337
Particle (29):: Fit: 110.077	PB: 110.077	LB: 112.077	GB: 115.287	Conf: 0.437956	Pts: 114940
Particle (21):: Fit: 113.034	PB: 113.034	LB: 115.287	GB: 115.287	Conf: 0.591785	Pts: 119855
Particle (49):: Fit: 113.776	PB: 113.776	LB: 115.046	GB: 115.287	Conf: 0.841536	Pts: 70213
Particle (20):: Fit: 109.343	PB: 109.343	LB: 115.287	GB: 115.287	Conf: 0.751175	Pts: 40193
Particle (30):: Fit: 109.626	PB: 109.626	LB: 112.077	GB: 115.287	Conf: 0.417014	Pts: 90177
Particle (10):: Fit: 106.426	PB: 106.426	LB: 113.63	GB: 115.287	Conf: 0.770455	Pts: 34352
Particle (30):: Fit: 109.749	PB: 109.749	LB: 112.077	GB: 115.287	Conf: 0.491073	Pts: 89526
Particle (25):: Fit: 112.228	PB: 112.228	LB: 115.287	GB: 115.287	Conf: 0.701725	Pts: 68932
Particle (26):: Fit: 110.938	PB: 110.938	LB: 115.287	GB: 115.287	Conf: 0.32367	Pts: 79184
Particle (33):: Fit: 107.486	PB: 107.486	LB: 111.626	GB: 115.287	Conf: 0.223191	Pts: 33459
Particle (49):: Fit: 114.452	PB: 114.452	LB: 115.046	GB: 115.287	Conf: 0.454288	Pts: 88947
Particle (34):: Fit: 105.99	PB: 105.99	LB: 111.835	GB: 115.287	Conf: 0.546223	Pts: 36977
Particle (4):: Fit: 106.76	PB: 106.76	LB: 113.661	GB: 115.287	Conf: 0.674384	Pts: 61102
Particle (47):: Fit: 111.932	PB: 111.932	LB: 115.046	GB: 115.287	Conf: 0.913335	Pts: 66041
Particle (10):: Fit: 108.06	PB: 108.06	LB: 113.63	GB: 115.287	Conf: 0.794621	Pts: 31486
Particle (18):: Fit: 109.726	PB: 109.726	LB: 115.287	GB: 115.287	Conf: 0.539987	Pts: 44947
Particle (13):: Fit: 110.938	PB: 110.938	LB: 113.63	GB: 115.287	Conf: 0.508169	Pts: 100128
Particle (12):: Fit: 110.421	PB: 110.421	LB: 113.63	GB: 115.287	Conf: 0.315372	Pts: 129761
Particle (17):: Fit: 114.369	PB: 114.369	LB: 114.369	GB: 115.287	Conf: 0.826389	Pts: 60107
Particle (18):: Fit: 111.335	PB: 111.335	LB: 115.287	GB: 115.287	Conf: 0.543786	Pts: 43926
Out\Act	False		True
False	0.176583	0.665397	0.84198
True	0.0195145	0.138505	0.15802
	0.196097	0.803903
	Accuracy [ (tp + tn) / testSize ]: 0.315088
	Precision [ tp / (tp + fp) ]:      0.172189
	Sensitivity [ tp / (tp + fn) ]:    0.873874
	Specificity [ tn / (tn + fp) ]:    0.209605
	F-Score [ 2tp / (2tp + fp + fn) ]: 0.287834
Particle (2):: Fit: 111.197	PB: 111.197	LB: 114.452	GB: 115.287	Conf: 0.450643	Pts: 41832
Particle (5):: Fit: 110.992	PB: 110.992	LB: 113.661	GB: 115.287	Conf: 0.84739	Pts: 26534
Particle (14):: Fit: 108.702	PB: 108.702	LB: 114.369	GB: 115.287	Conf: 0.675664	Pts: 45782
Particle (18):: Fit: 111.619	PB: 111.619	LB: 115.287	GB: 115.287	Conf: 0.641344	Pts: 41085
Particle (46):: Fit: 112.022	PB: 112.022	LB: 115.046	GB: 115.287	Conf: 0.499515	Pts: 20298
Global Best: 
  Inner Net 1
  -- 1 : 1 = 0.0115075
  -- 1 : 2 = 0.245615
  -- 1 : 3 = -0.381984
  -- 1 : 4 = -0.0762875
  -- 1 : 5 = -0.150145
  -- 1 : 6 = 0.0397517
  -- 1 : 7 = -0.354099
  -- 1 : 8 = -0.221091
  -- 1 : 9 = 0.321173
  -- 1 : 10 = 0.299205
  -- 2 : 1 = 0.298363
  -- 2 : 2 = -0.660775
  -- 2 : 3 = -0.0195186
  -- 2 : 4 = -0.0631493
  -- 2 : 5 = 0.186588
  -- 2 : 6 = -0.266785
  -- 2 : 7 = 0.0542263
  -- 2 : 8 = 0.0697864
  -- 2 : 9 = -0.0128539
  -- 2 : 10 = 0.182188
  -- 3 : 1 = 0.0862853
  -- 3 : 2 = -0.00478435
  -- 3 : 3 = 0.080773
  -- 3 : 4 = -0.304553
  -- 3 : 5 = 0.128674
  -- 3 : 6 = -0.335115
  -- 3 : 7 = 0.109766
  -- 3 : 8 = -0.34328
  -- 3 : 9 = -0.118239
  -- 3 : 10 = -0.158932
  -- 4 : 1 = 0.233653
  -- 4 : 2 = -0.191875
  -- 4 : 3 = -0.655065
  -- 4 : 4 = 0.167054
  -- 4 : 5 = -0.275096
  -- 4 : 6 = 0.0410435
  -- 4 : 7 = -0.314902
  -- 4 : 8 = 0.326625
  -- 4 : 9 = -0.0786492
  -- 4 : 10 = -0.141522
  -- 5 : 1 = 0.537905
  -- 5 : 2 = -0.108888
  -- 5 : 3 = 0.159765
  -- 5 : 4 = -0.194862
  -- 5 : 5 = 0.189198
  -- 5 : 6 = -0.281195
  -- 5 : 7 = 0.191359
  -- 5 : 8 = -0.422076
  -- 5 : 9 = 0.130217
  -- 5 : 10 = -0.192014
  -- 6 : 1 = -0.249427
  -- 6 : 2 = 0.243721
  -- 6 : 3 = 0.441923
  -- 6 : 4 = -0.210932
  -- 6 : 5 = -0.316064
  -- 6 : 6 = 0.312824
  -- 6 : 7 = 0.43609
  -- 6 : 8 = 0.101278
  -- 6 : 9 = 0.0650743
  -- 6 : 10 = 0.0844381
  -- 7 : 1 = -0.236925
  -- 7 : 2 = -0.313686
  -- 7 : 3 = -0.073393
  -- 7 : 4 = -0.0152142
  -- 7 : 5 = 0.122276
  -- 7 : 6 = 0.0743641
  -- 7 : 7 = 0.259723
  -- 7 : 8 = -0.146834
  -- 7 : 9 = 0.143397
  -- 7 : 10 = 0.216723
  -- 8 : 1 = 0.716426
  -- 8 : 2 = -0.146268
  -- 8 : 3 = -0.0763557
  -- 8 : 4 = 0.383361
  -- 8 : 5 = 0.157363
  -- 8 : 6 = -0.242079
  -- 8 : 7 = -0.0992169
  -- 8 : 8 = -0.26839
  -- 8 : 9 = 0.224411
  -- 8 : 10 = -0.241088
  -- 9 : 1 = 0.63082
  -- 9 : 2 = 0.2933
  -- 9 : 3 = -0.117862
  -- 9 : 4 = -0.11415
  -- 9 : 5 = 0.238401
  -- 9 : 6 = -0.0560539
  -- 9 : 7 = -0.10805
  -- 9 : 8 = 0.423479
  -- 9 : 9 = -0.00920313
  -- 9 : 10 = -0.011346
  -- 10 : 1 = 0.428705
  -- 10 : 2 = -0.378147
  -- 10 : 3 = -0.319186
  -- 10 : 4 = -0.341364
  -- 10 : 5 = -0.138676
  -- 10 : 6 = -0.181706
  -- 10 : 7 = 0.177468
  -- 10 : 8 = -0.179358
  -- 10 : 9 = 0.281523
  -- 10 : 10 = -0.325433
  Inner Net 2
  -- 1 : 1 = 0.190788
  -- 1 : 2 = -0.152358
  -- 2 : 1 = -0.292782
  -- 2 : 2 = -0.2271
  -- 3 : 1 = 0.230219
  -- 3 : 2 = 0.574591
  -- 4 : 1 = -0.718005
  -- 4 : 2 = -0.244798
  -- 5 : 1 = -0.000419927
  -- 5 : 2 = 0.0245573
  -- 6 : 1 = -0.921324
  -- 6 : 2 = -0.136834
  -- 7 : 1 = 0.0222078
  -- 7 : 2 = 0.181141
  -- 8 : 1 = -0.289525
  -- 8 : 2 = -0.409468
  -- 9 : 1 = 0.763893
  -- 9 : 2 = -0.0213359
  -- 10 : 1 = -0.600839
  -- 10 : 2 = 0.218536
Out\Act	False		True
False	0.176583	0.665397	0.84198
True	0.0195145	0.138505	0.15802
	0.196097	0.803903
	Accuracy [ (tp + tn) / testSize ]: 0.315088
	Precision [ tp / (tp + fp) ]:      0.172189
	Sensitivity [ tp / (tp + fn) ]:    0.873874
	Specificity [ tn / (tn + fp) ]:    0.209605
	F-Score [ 2tp / (2tp + fp + fn) ]: 0.287834
