
Date / Time: Fri Mar 31 01:18:34 2017

   ****************************************
   * PSO Neural Net (Gaussian Activation) *
   *       by William Boler, BSCE         *
   *     Research Assistant, IUPUI        *
   *                                      *
   *  Professor: Dr. Lauren Christopher   *
   *     Created: March 13, 2017          *
   ****************************************


Inputs: 10
Inner Nets: 1
 - 9
Tests per train(min): 100
Particles: 50
Neighbors: 10
Minimum Particle Iterations: 1000
Particle (0):: Fit: 45.3361	PB: 45.3361	LB: 45.3361	GB: 45.3361	Conf: 2	Pts: 110099
Particle (1):: Fit: 100.78	PB: 100.78	LB: 100.78	GB: 100.78	Conf: 1.96197	Pts: 110099
Particle (2):: Fit: 47.0378	PB: 47.0378	LB: 100.78	GB: 100.78	Conf: 2	Pts: 55099
Particle (3):: Fit: 106.583	PB: 106.583	LB: 106.583	GB: 106.583	Conf: 1.92363	Pts: 110099
Particle (4):: Fit: 45.3361	PB: 45.3361	LB: 106.583	GB: 106.583	Conf: 2	Pts: 55099
Particle (5):: Fit: 46.0776	PB: 46.0776	LB: 106.583	GB: 106.583	Conf: 1.11474	Pts: 60099
Particle (6):: Fit: 44.6465	PB: 44.6465	LB: 106.583	GB: 106.583	Conf: 2	Pts: 55099
Particle (7):: Fit: 46.3608	PB: 46.3608	LB: 106.583	GB: 106.583	Conf: 2	Pts: 70099
Particle (8):: Fit: 50.3574	PB: 50.3574	LB: 50.3574	GB: 106.583	Conf: 2	Pts: 75099
Particle (9):: Fit: 45.5543	PB: 45.5543	LB: 50.3574	GB: 106.583	Conf: 0.705909	Pts: 55099
Particle (10):: Fit: 49.042	PB: 49.042	LB: 50.3574	GB: 106.583	Conf: 2	Pts: 60099
Particle (11):: Fit: 45.3361	PB: 45.3361	LB: 50.3574	GB: 106.583	Conf: 2	Pts: 55099
Particle (12):: Fit: 45.6825	PB: 45.6825	LB: 50.3574	GB: 106.583	Conf: 1.98176	Pts: 60099
Particle (13):: Fit: 46.3608	PB: 46.3608	LB: 49.042	GB: 106.583	Conf: 2	Pts: 65099
Particle (14):: Fit: 46.3608	PB: 46.3608	LB: 49.042	GB: 106.583	Conf: 2	Pts: 55099
Particle (15):: Fit: 98.3551	PB: 98.3551	LB: 98.3551	GB: 106.583	Conf: 1.45903	Pts: 100099
Particle (16):: Fit: 49.7016	PB: 49.7016	LB: 98.3551	GB: 106.583	Conf: 2	Pts: 55099
Particle (17):: Fit: 45.1054	PB: 45.1054	LB: 98.3551	GB: 106.583	Conf: 1.73074	Pts: 55099
Particle (18):: Fit: 37.326	PB: 37.326	LB: 98.3551	GB: 106.583	Conf: 0.791342	Pts: 55099
Particle (19):: Fit: 46.6999	PB: 46.6999	LB: 98.3551	GB: 106.583	Conf: 2	Pts: 65099
Particle (20):: Fit: 84.4676	PB: 84.4676	LB: 84.4676	GB: 106.583	Conf: 1.8716	Pts: 75099
Particle (21):: Fit: 103.472	PB: 103.472	LB: 103.472	GB: 106.583	Conf: 1.96191	Pts: 100099
Particle (22):: Fit: 47.0378	PB: 47.0378	LB: 103.472	GB: 106.583	Conf: 2	Pts: 55099
Particle (23):: Fit: 46.4992	PB: 46.4992	LB: 103.472	GB: 106.583	Conf: 1.36241	Pts: 55099
Particle (24):: Fit: 102.068	PB: 102.068	LB: 103.472	GB: 106.583	Conf: 1.95395	Pts: 65099
Particle (25):: Fit: 101.045	PB: 101.045	LB: 103.472	GB: 106.583	Conf: 1.9807	Pts: 55099
Particle (26):: Fit: 45.3137	PB: 45.3137	LB: 102.068	GB: 106.583	Conf: 0.565451	Pts: 55099
Particle (27):: Fit: 47.7102	PB: 47.7102	LB: 102.068	GB: 106.583	Conf: 2	Pts: 60099
Particle (28):: Fit: 46.0072	PB: 46.0072	LB: 102.068	GB: 106.583	Conf: 1.97287	Pts: 55099
Particle (29):: Fit: 43.2508	PB: 43.2508	LB: 101.045	GB: 106.583	Conf: 2	Pts: 55099
Particle (30):: Fit: 49.2284	PB: 49.2284	LB: 49.2284	GB: 106.583	Conf: 0.519896	Pts: 75099
Particle (31):: Fit: 46.0205	PB: 46.0205	LB: 49.2284	GB: 106.583	Conf: 2	Pts: 55099
Particle (32):: Fit: 45.6789	PB: 45.6789	LB: 49.2284	GB: 106.583	Conf: 2	Pts: 55099
Particle (33):: Fit: 47.7287	PB: 47.7287	LB: 49.2284	GB: 106.583	Conf: 1.84665	Pts: 65099
Particle (34):: Fit: 47.7102	PB: 47.7102	LB: 49.2284	GB: 106.583	Conf: 2	Pts: 55099
Particle (35):: Fit: 92.8163	PB: 92.8163	LB: 92.8163	GB: 106.583	Conf: 1.75193	Pts: 100099
Particle (36):: Fit: 43.6019	PB: 43.6019	LB: 92.8163	GB: 106.583	Conf: 2	Pts: 55099
Particle (37):: Fit: 44.992	PB: 44.992	LB: 92.8163	GB: 106.583	Conf: 2	Pts: 60099
Particle (38):: Fit: 52.2769	PB: 52.2769	LB: 92.8163	GB: 106.583	Conf: 0.82183	Pts: 65099
Particle (39):: Fit: 98.757	PB: 98.757	LB: 98.757	GB: 106.583	Conf: 1.31277	Pts: 100099
Particle (40):: Fit: 46.3317	PB: 46.3317	LB: 98.757	GB: 106.583	Conf: 1.94029	Pts: 55099
Particle (41):: Fit: 48.3782	PB: 48.3782	LB: 98.757	GB: 106.583	Conf: 2	Pts: 60099
Particle (42):: Fit: 46.0068	PB: 46.0068	LB: 98.757	GB: 106.583	Conf: 0.685771	Pts: 50099
Particle (43):: Fit: 45.6853	PB: 45.6853	LB: 98.757	GB: 106.583	Conf: 1.94505	Pts: 50099
Particle (44):: Fit: 92.5613	PB: 92.5613	LB: 92.5613	GB: 106.583	Conf: 1.85879	Pts: 60099
Particle (45):: Fit: 44.1559	PB: 44.1559	LB: 92.5613	GB: 106.583	Conf: 1.87479	Pts: 50099
Particle (46):: Fit: 44.6465	PB: 44.6465	LB: 100.78	GB: 106.583	Conf: 2	Pts: 50099
Particle (47):: Fit: 44.4835	PB: 44.4835	LB: 100.78	GB: 106.583	Conf: 1.98432	Pts: 50099
Particle (48):: Fit: 45.6201	PB: 45.6201	LB: 106.583	GB: 106.583	Conf: 0.402941	Pts: 50099
Particle (49):: Fit: 48.7106	PB: 48.7106	LB: 106.583	GB: 106.583	Conf: 2	Pts: 50099
Global: 106.583 - Correct: 48% of 100 tests
Global Best: 
  Inner Net 1
  -- 1 : 1 = 0.1696
  -- 1 : 2 = 0.2303
  -- 1 : 3 = 0.179
  -- 1 : 4 = 0.1975
  -- 1 : 5 = 0.03
  -- 1 : 6 = 0.2942
  -- 1 : 7 = 0.1319
  -- 1 : 8 = 0.665
  -- 1 : 9 = 0.8154
  -- 2 : 1 = 0.7505
  -- 2 : 2 = 0.0283
  -- 2 : 3 = 0.0908
  -- 2 : 4 = 0.9704
  -- 2 : 5 = 0.2267
  -- 2 : 6 = 0.7213
  -- 2 : 7 = 0.623
  -- 2 : 8 = 0.1658
  -- 2 : 9 = 0.7269
  -- 3 : 1 = 0.0389
  -- 3 : 2 = 0.7888
  -- 3 : 3 = 0.1481
  -- 3 : 4 = 0.9869
  -- 3 : 5 = 0.9573
  -- 3 : 6 = 0.1298
  -- 3 : 7 = 0.1358
  -- 3 : 8 = 0.0319
  -- 3 : 9 = 0.8478
  -- 4 : 1 = 0.4026
  -- 4 : 2 = 0.6719
  -- 4 : 3 = 0.986
  -- 4 : 4 = 0.4387
  -- 4 : 5 = 0.5085
  -- 4 : 6 = 0.1369
  -- 4 : 7 = 0.5209
  -- 4 : 8 = 0.299
  -- 4 : 9 = 0.1089
  -- 5 : 1 = 0.2688
  -- 5 : 2 = 0.3601
  -- 5 : 3 = 0.8067
  -- 5 : 4 = 0.3034
  -- 5 : 5 = 0.2418
  -- 5 : 6 = 0.8589
  -- 5 : 7 = 0.7474
  -- 5 : 8 = 0.0691
  -- 5 : 9 = 0.4386
  -- 6 : 1 = 0.1211
  -- 6 : 2 = 0.2304
  -- 6 : 3 = 0.8832
  -- 6 : 4 = 0.8212
  -- 6 : 5 = 0.0573
  -- 6 : 6 = 0.8344
  -- 6 : 7 = 0.6098
  -- 6 : 8 = 0.0644
  -- 6 : 9 = 0.694
  -- 7 : 1 = 0.8573
  -- 7 : 2 = 0.3691
  -- 7 : 3 = 0.59
  -- 7 : 4 = 0.3964
  -- 7 : 5 = 0.7812
  -- 7 : 6 = 0.1747
  -- 7 : 7 = 0.4485
  -- 7 : 8 = 0.3329
  -- 7 : 9 = 0.8416
  -- 8 : 1 = 0.2265
  -- 8 : 2 = 0.0638
  -- 8 : 3 = 0.0579
  -- 8 : 4 = 0.6446
  -- 8 : 5 = 0.7709
  -- 8 : 6 = 0.1883
  -- 8 : 7 = 0.4782
  -- 8 : 8 = 0.8274
  -- 8 : 9 = 0.843
  -- 9 : 1 = 0.6383
  -- 9 : 2 = 0.0364
  -- 9 : 3 = 0.8753
  -- 9 : 4 = 0.8032
  -- 9 : 5 = 0.139
  -- 9 : 6 = 0.8215
  -- 9 : 7 = 0.8593
  -- 9 : 8 = 0.832
  -- 9 : 9 = 0.6508
  -- 10 : 1 = 0.3146
  -- 10 : 2 = 0.563
  -- 10 : 3 = 0.1691
  -- 10 : 4 = 0.8314
  -- 10 : 5 = 0.8216
  -- 10 : 6 = 0.6846
  -- 10 : 7 = 0.7068
  -- 10 : 8 = 0.5554
  -- 10 : 9 = 0.9775
  Inner Net 2
  -- 1 : 1 = 0.3135
  -- 1 : 2 = 0.0228543
  -- 2 : 1 = 0.2009
  -- 2 : 2 = 0.4726
  -- 3 : 1 = -0.1865
  -- 3 : 2 = 0.0567
  -- 4 : 1 = 0.134
  -- 4 : 2 = -0.2307
  -- 5 : 1 = 0.1436
  -- 5 : 2 = -0.0382318
  -- 6 : 1 = 0.3774
  -- 6 : 2 = -0.1917
  -- 7 : 1 = 0.087
  -- 7 : 2 = -0.2362
  -- 8 : 1 = -0.218729
  -- 8 : 2 = 0.411
  -- 9 : 1 = -0.1526
  -- 9 : 2 = 0.0130875
Out\Act	False		True
False	0.832937	0.00904331	0.84198
True	0.142313	0.0157068	0.15802
	0.97525	0.0247501
	Accuracy [ (tp + tn) / testSize ]: 0.848644
	Precision [ tp / (tp + fp) ]:      0.622642
	Sensitivity [ tp / (tp + fn) ]:    0.0990991
	Specificity [ tn / (tn + fp) ]:    0.988701
	F-Score [ 2tp / (2tp + fp + fn) ]: 0.171429
Particle (4):: Fit: 48.3782	PB: 48.3782	LB: 106.583	GB: 106.583	Conf: 2	Pts: 55198
Particle (6):: Fit: 46.3608	PB: 46.3608	LB: 106.583	GB: 106.583	Conf: 2	Pts: 55198
Particle (7):: Fit: 46.6999	PB: 46.6999	LB: 106.583	GB: 106.583	Conf: 2	Pts: 70198
Particle (9):: Fit: 47.0413	PB: 47.0413	LB: 50.3574	GB: 106.583	Conf: 0.00187627	Pts: 55198
Particle (10):: Fit: 49.7016	PB: 49.7016	LB: 98.3551	GB: 106.583	Conf: 2	Pts: 60198
Particle (11):: Fit: 48.0448	PB: 48.0448	LB: 98.3551	GB: 106.583	Conf: 2	Pts: 55198
Particle (12):: Fit: 47.7102	PB: 47.7102	LB: 98.3551	GB: 106.583	Conf: 2	Pts: 60198
Particle (13):: Fit: 49.042	PB: 49.042	LB: 98.3551	GB: 106.583	Conf: 2	Pts: 65198
Particle (14):: Fit: 49.042	PB: 49.042	LB: 98.3551	GB: 106.583	Conf: 2	Pts: 55198
Particle (15):: Fit: 99.7556	PB: 99.7556	LB: 99.7556	GB: 106.583	Conf: 1.46611	Pts: 130198
Particle (17):: Fit: 97.4599	PB: 97.4599	LB: 103.472	GB: 106.583	Conf: 1.71196	Pts: 55198
Particle (18):: Fit: 47.3105	PB: 47.3105	LB: 103.472	GB: 106.583	Conf: 0.704428	Pts: 55197
Particle (19):: Fit: 99.6978	PB: 99.6978	LB: 103.472	GB: 106.583	Conf: 1.98686	Pts: 65198
Particle (20):: Fit: 95.6408	PB: 95.6408	LB: 103.472	GB: 106.583	Conf: 1.86798	Pts: 75198
Particle (23):: Fit: 75.3739	PB: 75.3739	LB: 103.472	GB: 106.583	Conf: 1.19929	Pts: 55198
Particle (28):: Fit: 96.2478	PB: 96.2478	LB: 102.068	GB: 106.583	Conf: 1.92488	Pts: 70198
Particle (29):: Fit: 46.3608	PB: 46.3608	LB: 101.045	GB: 106.583	Conf: 2	Pts: 55198
Particle (31):: Fit: 47.2811	PB: 47.2811	LB: 96.2478	GB: 106.583	Conf: 1.98954	Pts: 55198
Particle (36):: Fit: 47.3746	PB: 47.3746	LB: 98.757	GB: 106.583	Conf: 2	Pts: 55198
Particle (40):: Fit: 88.2013	PB: 88.2013	LB: 98.757	GB: 106.583	Conf: 1.89628	Pts: 55198
Particle (43):: Fit: 48.7536	PB: 48.7536	LB: 98.757	GB: 106.583	Conf: 1.94999	Pts: 50198
Particle (45):: Fit: 46.0109	PB: 46.0109	LB: 92.5613	GB: 106.583	Conf: 1.86823	Pts: 50198
Particle (46):: Fit: 49.042	PB: 49.042	LB: 100.78	GB: 106.583	Conf: 2	Pts: 50198
Particle (47):: Fit: 100.383	PB: 100.383	LB: 100.78	GB: 106.583	Conf: 1.98593	Pts: 70198
Particle (0):: Fit: 47.0378	PB: 47.0378	LB: 106.583	GB: 106.583	Conf: 2	Pts: 110197
Particle (1):: Fit: 101.065	PB: 101.065	LB: 106.583	GB: 106.583	Conf: 1.98483	Pts: 120197
Particle (2):: Fit: 49.0737	PB: 49.0737	LB: 106.583	GB: 106.583	Conf: 1.96987	Pts: 55197
Particle (5):: Fit: 61.6368	PB: 61.6368	LB: 106.583	GB: 106.583	Conf: 1.24421	Pts: 70197
Particle (6):: Fit: 48.0448	PB: 48.0448	LB: 106.583	GB: 106.583	Conf: 2	Pts: 55297
Particle (7):: Fit: 49.042	PB: 49.042	LB: 106.583	GB: 106.583	Conf: 2	Pts: 70297
Particle (9):: Fit: 47.518	PB: 47.518	LB: 61.6368	GB: 106.583	Conf: 0.95491	Pts: 55297
Particle (14):: Fit: 51.0094	PB: 51.0094	LB: 99.7556	GB: 106.583	Conf: 2	Pts: 55297
Particle (23):: Fit: 82.3803	PB: 82.3803	LB: 103.472	GB: 106.583	Conf: 1.51986	Pts: 55297
Particle (29):: Fit: 47.0378	PB: 47.0378	LB: 101.045	GB: 106.583	Conf: 2	Pts: 55297
Particle (32):: Fit: 48.0448	PB: 48.0448	LB: 96.2478	GB: 106.583	Conf: 2	Pts: 55197
Particle (33):: Fit: 47.7426	PB: 47.7426	LB: 92.8163	GB: 106.583	Conf: 1.9184	Pts: 65197
Particle (34):: Fit: 48.3782	PB: 48.3782	LB: 98.757	GB: 106.583	Conf: 2	Pts: 55197
Particle (35):: Fit: 99.8546	PB: 99.8546	LB: 99.8546	GB: 106.583	Conf: 1.81869	Pts: 150197
Particle (37):: Fit: 48.3782	PB: 48.3782	LB: 99.8546	GB: 106.583	Conf: 2	Pts: 60197
Particle (39):: Fit: 105.757	PB: 105.757	LB: 105.757	GB: 106.583	Conf: 1.47705	Pts: 150197
Particle (44):: Fit: 104.36	PB: 104.36	LB: 104.36	GB: 106.583	Conf: 1.78769	Pts: 80197
Particle (0):: Fit: 48.0448	PB: 48.0448	LB: 106.583	GB: 106.583	Conf: 2	Pts: 110296
Particle (5):: Fit: 69.2803	PB: 69.2803	LB: 106.583	GB: 106.583	Conf: 0.99781	Pts: 80296
Particle (18):: Fit: 95.3044	PB: 95.3044	LB: 103.472	GB: 106.583	Conf: 0.422688	Pts: 55295
Particle (22):: Fit: 47.7102	PB: 47.7102	LB: 103.472	GB: 106.583	Conf: 2	Pts: 55196
Particle (30):: Fit: 50.7715	PB: 50.7715	LB: 99.8546	GB: 106.583	Conf: 0.740309	Pts: 75196
Particle (31):: Fit: 50.03	PB: 50.03	LB: 99.8546	GB: 106.583	Conf: 2	Pts: 55296
Particle (33):: Fit: 49.0637	PB: 49.0637	LB: 99.8546	GB: 106.583	Conf: 1.95201	Pts: 65296
Particle (34):: Fit: 48.7106	PB: 48.7106	LB: 105.757	GB: 106.583	Conf: 2	Pts: 55296
Particle (36):: Fit: 47.7102	PB: 47.7102	LB: 105.757	GB: 106.583	Conf: 2	Pts: 55296
Particle (38):: Fit: 59.2178	PB: 59.2178	LB: 105.757	GB: 106.583	Conf: 0.63524	Pts: 65196
Particle (45):: Fit: 101.848	PB: 101.848	LB: 104.36	GB: 106.583	Conf: 1.7886	Pts: 50296
Particle (1):: Fit: 104.442	PB: 104.442	LB: 106.583	GB: 106.583	Conf: 1.97692	Pts: 130295
Particle (12):: Fit: 48.3224	PB: 48.3224	LB: 99.7556	GB: 106.583	Conf: 1.98532	Pts: 60295
Particle (26):: Fit: 45.9528	PB: 45.9528	LB: 102.068	GB: 106.583	Conf: 0.381064	Pts: 55193
Particle (33):: Fit: 105.892	PB: 105.892	LB: 105.892	GB: 106.583	Conf: 1.90527	Pts: 115395
Particle (41):: Fit: 49.042	PB: 49.042	LB: 105.757	GB: 106.583	Conf: 2	Pts: 60195
Particle (43):: Fit: 91.2699	PB: 91.2699	LB: 105.757	GB: 106.583	Conf: 1.95884	Pts: 50295
Particle (0):: Fit: 50.03	PB: 50.03	LB: 106.583	GB: 106.583	Conf: 2	Pts: 110394
Particle (1):: Fit: 105.714	PB: 105.714	LB: 106.583	GB: 106.583	Conf: 1.91768	Pts: 140394
Particle (34):: Fit: 50.03	PB: 50.03	LB: 105.892	GB: 106.583	Conf: 2	Pts: 55394
Particle (36):: Fit: 48.0448	PB: 48.0448	LB: 105.892	GB: 106.583	Conf: 2	Pts: 55394
Particle (43):: Fit: 99.4887	PB: 99.4887	LB: 105.757	GB: 106.583	Conf: 1.95759	Pts: 50394
Particle (44):: Fit: 106.904	PB: 106.904	LB: 106.904	GB: 106.904	Conf: 1.83413	Pts: 140294
Global: 106.904 - Correct: 42% of 100 tests
Global Best: 
  Inner Net 1
  -- 1 : 1 = 0.8875
  -- 1 : 2 = 0.1283
  -- 1 : 3 = 0.8833
  -- 1 : 4 = 0.6132
  -- 1 : 5 = 0.0727
  -- 1 : 6 = 0.9935
  -- 1 : 7 = 0.2947
  -- 1 : 8 = 0.1854
  -- 1 : 9 = 0.1334
  -- 2 : 1 = 0.7638
  -- 2 : 2 = 0.9142
  -- 2 : 3 = 0.0887
  -- 2 : 4 = 0.5222
  -- 2 : 5 = 0.9801
  -- 2 : 6 = 0.2527
  -- 2 : 7 = 0.7088
  -- 2 : 8 = 0.7504
  -- 2 : 9 = 0.7395
  -- 3 : 1 = 0.0372
  -- 3 : 2 = 0.4454
  -- 3 : 3 = 0.1141
  -- 3 : 4 = 0.7383
  -- 3 : 5 = 0.4946
  -- 3 : 6 = 0.6942
  -- 3 : 7 = 0.8333
  -- 3 : 8 = 0.1947
  -- 3 : 9 = 0.437
  -- 4 : 1 = 0.5332
  -- 4 : 2 = 0.5579
  -- 4 : 3 = 0.746
  -- 4 : 4 = 0.0442
  -- 4 : 5 = 0.6356
  -- 4 : 6 = 0.9909
  -- 4 : 7 = 0.1989
  -- 4 : 8 = 0.0033
  -- 4 : 9 = 0.9
  -- 5 : 1 = 0.517
  -- 5 : 2 = 0.6898
  -- 5 : 3 = 0.2405
  -- 5 : 4 = 0.7044
  -- 5 : 5 = 0.5717
  -- 5 : 6 = 0.5658
  -- 5 : 7 = 0.44
  -- 5 : 8 = 0.443
  -- 5 : 9 = 0.2713
  -- 6 : 1 = 0.0485
  -- 6 : 2 = 0.8167
  -- 6 : 3 = 0.4241
  -- 6 : 4 = 0.9149
  -- 6 : 5 = 0.2697
  -- 6 : 6 = 0.5717
  -- 6 : 7 = 0.554
  -- 6 : 8 = 0.3875
  -- 6 : 9 = 0.7875
  -- 7 : 1 = 0.0936
  -- 7 : 2 = 0.8407
  -- 7 : 3 = 0.842
  -- 7 : 4 = 0.0789
  -- 7 : 5 = 0.6123
  -- 7 : 6 = 0.1438
  -- 7 : 7 = 0.7542
  -- 7 : 8 = 0.4859
  -- 7 : 9 = 0.8772
  -- 8 : 1 = 0.4625
  -- 8 : 2 = 0.7264
  -- 8 : 3 = 0.9602
  -- 8 : 4 = 0.1198
  -- 8 : 5 = 0.3298
  -- 8 : 6 = 0.6876
  -- 8 : 7 = 0.5722
  -- 8 : 8 = 0.8105
  -- 8 : 9 = 0.3569
  -- 9 : 1 = 0.6974
  -- 9 : 2 = 0.6395
  -- 9 : 3 = 0.2545
  -- 9 : 4 = 0.1724
  -- 9 : 5 = 0.6165
  -- 9 : 6 = 0.8247
  -- 9 : 7 = 0.1981
  -- 9 : 8 = 0.5259
  -- 9 : 9 = 0.4672
  -- 10 : 1 = 0.9951
  -- 10 : 2 = 0.1065
  -- 10 : 3 = 0.7356
  -- 10 : 4 = 0.7299
  -- 10 : 5 = 0.8729
  -- 10 : 6 = 0.7301
  -- 10 : 7 = 0.3754
  -- 10 : 8 = 0.969
  -- 10 : 9 = 0.9903
  Inner Net 2
  -- 1 : 1 = -0.170071
  -- 1 : 2 = 0.151837
  -- 2 : 1 = -0.379999
  -- 2 : 2 = -0.252497
  -- 3 : 1 = 0.00828416
  -- 3 : 2 = 0.0690754
  -- 4 : 1 = -0.0853708
  -- 4 : 2 = -0.239352
  -- 5 : 1 = -0.130972
  -- 5 : 2 = 0.11036
  -- 6 : 1 = 0.361984
  -- 6 : 2 = -0.11096
  -- 7 : 1 = -0.153324
  -- 7 : 2 = -0.079853
  -- 8 : 1 = -0.498848
  -- 8 : 2 = -0.0921733
  -- 9 : 1 = 0.048853
  -- 9 : 2 = -0.109987
Out\Act	False		True
False	0.84198	0	0.84198
True	0.15802	0	0.15802
	1	0
	Accuracy [ (tp + tn) / testSize ]: 0.84198
	Precision [ tp / (tp + fp) ]:      0
	Sensitivity [ tp / (tp + fn) ]:    0
	Specificity [ tn / (tn + fp) ]:    0.999435
	F-Score [ 2tp / (2tp + fp + fn) ]: 0
Particle (18):: Fit: 100.291	PB: 100.291	LB: 103.472	GB: 106.904	Conf: 0.892248	Pts: 70392
Particle (26):: Fit: 50.66	PB: 50.66	LB: 102.068	GB: 106.904	Conf: 0.788238	Pts: 55291
Particle (32):: Fit: 50.03	PB: 50.03	LB: 105.892	GB: 106.904	Conf: 2	Pts: 55293
Particle (40):: Fit: 92.3021	PB: 92.3021	LB: 106.904	GB: 106.904	Conf: 1.8583	Pts: 55293
Particle (41):: Fit: 49.3723	PB: 49.3723	LB: 106.904	GB: 106.904	Conf: 2	Pts: 60293
Particle (42):: Fit: 48.8574	PB: 48.8574	LB: 106.904	GB: 106.904	Conf: 0.843676	Pts: 50193
Particle (43):: Fit: 100.792	PB: 100.792	LB: 106.904	GB: 106.904	Conf: 1.97086	Pts: 50493
Particle (48):: Fit: 53.5811	PB: 53.5811	LB: 106.904	GB: 106.904	Conf: 0.886261	Pts: 50192
Particle (4):: Fit: 49.042	PB: 49.042	LB: 106.583	GB: 106.904	Conf: 2	Pts: 55292
Particle (6):: Fit: 48.7106	PB: 48.7106	LB: 106.583	GB: 106.904	Conf: 2	Pts: 55392
Particle (11):: Fit: 49.3723	PB: 49.3723	LB: 99.7556	GB: 106.904	Conf: 2	Pts: 55292
Particle (12):: Fit: 48.7106	PB: 48.7106	LB: 99.7556	GB: 106.904	Conf: 2	Pts: 60392
Particle (18):: Fit: 108.121	PB: 108.121	LB: 108.121	GB: 108.121	Conf: 0.926867	Pts: 130491
Particle (23):: Fit: 91.1793	PB: 91.1793	LB: 103.472	GB: 108.121	Conf: 1.43633	Pts: 55392
Particle (24):: Fit: 109.154	PB: 109.154	LB: 109.154	GB: 109.154	Conf: 1.96619	Pts: 125192
Particle (29):: Fit: 48.7106	PB: 48.7106	LB: 105.892	GB: 109.154	Conf: 2	Pts: 55392
Particle (32):: Fit: 99.0082	PB: 99.0082	LB: 105.892	GB: 109.154	Conf: 1.98736	Pts: 55392
Global: 109.154 - Correct: 45% of 100 tests
Global Best: 
  Inner Net 1
  -- 1 : 1 = 0.9532
  -- 1 : 2 = 0.6278
  -- 1 : 3 = 0.0505
  -- 1 : 4 = 0.1436
  -- 1 : 5 = 0.0576
  -- 1 : 6 = 0.0347
  -- 1 : 7 = 0.9011
  -- 1 : 8 = 0.7443
  -- 1 : 9 = 0.2349
  -- 2 : 1 = 0.2369
  -- 2 : 2 = 0.8
  -- 2 : 3 = 0.5794
  -- 2 : 4 = 0.651
  -- 2 : 5 = 0.3971
  -- 2 : 6 = 0.9149
  -- 2 : 7 = 0.5392
  -- 2 : 8 = 0.0927
  -- 2 : 9 = 0.6971
  -- 3 : 1 = 0.6044
  -- 3 : 2 = 0.1357
  -- 3 : 3 = 0.3922
  -- 3 : 4 = 0.4968
  -- 3 : 5 = 0.4129
  -- 3 : 6 = 0.1797
  -- 3 : 7 = 0.2064
  -- 3 : 8 = 0.9983
  -- 3 : 9 = 0.9167
  -- 4 : 1 = 0.4006
  -- 4 : 2 = 0.6573
  -- 4 : 3 = 0.5248
  -- 4 : 4 = 0.0995
  -- 4 : 5 = 0.5974
  -- 4 : 6 = 0.1375
  -- 4 : 7 = 0.7243
  -- 4 : 8 = 0.9022
  -- 4 : 9 = 0.3599
  -- 5 : 1 = 0
  -- 5 : 2 = 0.5923
  -- 5 : 3 = 0.0281
  -- 5 : 4 = 0.0412
  -- 5 : 5 = 0.2674
  -- 5 : 6 = 0.6865
  -- 5 : 7 = 0.4756
  -- 5 : 8 = 0.9289
  -- 5 : 9 = 0.0802
  -- 6 : 1 = 0.5804
  -- 6 : 2 = 0.6511
  -- 6 : 3 = 0.8485
  -- 6 : 4 = 0.144
  -- 6 : 5 = 0.0519
  -- 6 : 6 = 0.0413
  -- 6 : 7 = 0.3019
  -- 6 : 8 = 0.1534
  -- 6 : 9 = 0.6539
  -- 7 : 1 = 0.127
  -- 7 : 2 = 0.3266
  -- 7 : 3 = 0.2391
  -- 7 : 4 = 0.1799
  -- 7 : 5 = 0.4124
  -- 7 : 6 = 0.5186
  -- 7 : 7 = 0.9251
  -- 7 : 8 = 0.2069
  -- 7 : 9 = 0.3584
  -- 8 : 1 = 0.4504
  -- 8 : 2 = 0.5608
  -- 8 : 3 = 0.016
  -- 8 : 4 = 0.4773
  -- 8 : 5 = 0.0332
  -- 8 : 6 = 0.029
  -- 8 : 7 = 0.7491
  -- 8 : 8 = 0.5029
  -- 8 : 9 = 0.1792
  -- 9 : 1 = 0.8902
  -- 9 : 2 = 0.4706
  -- 9 : 3 = 0.6612
  -- 9 : 4 = 0.5915
  -- 9 : 5 = 0.8707
  -- 9 : 6 = 0.0095
  -- 9 : 7 = 0.893
  -- 9 : 8 = 0.0807
  -- 9 : 9 = 0.5531
  -- 10 : 1 = 0.9094
  -- 10 : 2 = 0.9652
  -- 10 : 3 = 0.7896
  -- 10 : 4 = 0.4785
  -- 10 : 5 = 0.1962
  -- 10 : 6 = 0.3029
  -- 10 : 7 = 0.1903
  -- 10 : 8 = 0.1986
  -- 10 : 9 = 0.3508
  Inner Net 2
  -- 1 : 1 = -0.22252
  -- 1 : 2 = -0.0550285
  -- 2 : 1 = -0.271849
  -- 2 : 2 = -0.0742767
  -- 3 : 1 = 0.232749
  -- 3 : 2 = -0.0182869
  -- 4 : 1 = 0.0314541
  -- 4 : 2 = 0.171449
  -- 5 : 1 = -0.159653
  -- 5 : 2 = 0.277023
  -- 6 : 1 = 0.184776
  -- 6 : 2 = -0.12781
  -- 7 : 1 = 0.252145
  -- 7 : 2 = -0.0222497
  -- 8 : 1 = -0.221077
  -- 8 : 2 = -0.307221
  -- 9 : 1 = -0.155003
  -- 9 : 2 = 0.572673
Out\Act	False		True
False	0.84198	0	0.84198
True	0.15802	0	0.15802
	1	0
	Accuracy [ (tp + tn) / testSize ]: 0.84198
	Precision [ tp / (tp + fp) ]:      0
	Sensitivity [ tp / (tp + fn) ]:    0
	Specificity [ tn / (tn + fp) ]:    0.999435
	F-Score [ 2tp / (2tp + fp + fn) ]: 0
Particle (1):: Fit: 106.491	PB: 106.491	LB: 106.583	GB: 109.154	Conf: 1.9768	Pts: 140491
Particle (4):: Fit: 49.3723	PB: 49.3723	LB: 106.583	GB: 109.154	Conf: 2	Pts: 55391
Particle (5):: Fit: 101.466	PB: 101.466	LB: 106.583	GB: 109.154	Conf: 1.32018	Pts: 90391
Particle (9):: Fit: 48.8543	PB: 48.8543	LB: 101.466	GB: 109.154	Conf: 0.434006	Pts: 55391
Particle (22):: Fit: 49.042	PB: 49.042	LB: 109.154	GB: 109.154	Conf: 2	Pts: 55290
Particle (27):: Fit: 48.7106	PB: 48.7106	LB: 109.154	GB: 109.154	Conf: 2	Pts: 60190
Particle (42):: Fit: 52.7082	PB: 52.7082	LB: 106.904	GB: 109.154	Conf: 0.533646	Pts: 50290
Particle (45):: Fit: 103.141	PB: 103.141	LB: 106.904	GB: 109.154	Conf: 1.83369	Pts: 50390
Particle (40):: Fit: 93.2143	PB: 93.2143	LB: 106.904	GB: 109.154	Conf: 1.87895	Pts: 55389
Particle (45):: Fit: 107.307	PB: 107.307	LB: 107.307	GB: 109.154	Conf: 1.79858	Pts: 100489
Particle (36):: Fit: 49.3723	PB: 49.3723	LB: 105.892	GB: 109.154	Conf: 2	Pts: 55488
Particle (46):: Fit: 49.7016	PB: 49.7016	LB: 107.307	GB: 109.154	Conf: 2	Pts: 50288
Particle (49):: Fit: 49.3723	PB: 49.3723	LB: 107.307	GB: 109.154	Conf: 2	Pts: 50188
Particle (9):: Fit: 49.2219	PB: 49.2219	LB: 101.466	GB: 109.154	Conf: 0.477564	Pts: 55485
Particle (15):: Fit: 102.172	PB: 102.172	LB: 108.121	GB: 109.154	Conf: 1.41922	Pts: 145287
Particle (22):: Fit: 50.03	PB: 50.03	LB: 109.154	GB: 109.154	Conf: 2	Pts: 55387
Particle (36):: Fit: 105.13	PB: 105.13	LB: 105.892	GB: 109.154	Conf: 1.98587	Pts: 55587
Particle (6):: Fit: 49.3723	PB: 49.3723	LB: 106.583	GB: 109.154	Conf: 2	Pts: 55486
Particle (13):: Fit: 49.7016	PB: 49.7016	LB: 108.121	GB: 109.154	Conf: 2	Pts: 65286
Particle (16):: Fit: 51.334	PB: 51.334	LB: 108.121	GB: 109.154	Conf: 2	Pts: 55185
Particle (37):: Fit: 49.042	PB: 49.042	LB: 105.892	GB: 109.154	Conf: 2	Pts: 60285
Particle (38):: Fit: 59.8436	PB: 59.8436	LB: 105.757	GB: 109.154	Conf: 0.992409	Pts: 65285
Particle (46):: Fit: 101.473	PB: 101.473	LB: 107.307	GB: 109.154	Conf: 1.96258	Pts: 50385
Particle (31):: Fit: 51.0094	PB: 51.0094	LB: 105.892	GB: 109.154	Conf: 2	Pts: 55384
Particle (38):: Fit: 60.5682	PB: 60.5682	LB: 105.757	GB: 109.154	Conf: 0.883988	Pts: 65384
Particle (41):: Fit: 50.03	PB: 50.03	LB: 107.307	GB: 109.154	Conf: 2	Pts: 60383
Particle (23):: Fit: 98.1196	PB: 98.1196	LB: 109.154	GB: 109.154	Conf: 1.46957	Pts: 55482
Particle (42):: Fit: 59.3691	PB: 59.3691	LB: 107.307	GB: 109.154	Conf: 0.37446	Pts: 50382
Particle (47):: Fit: 107.129	PB: 107.129	LB: 107.307	GB: 109.154	Conf: 1.98527	Pts: 80282
Particle (19):: Fit: 101.725	PB: 101.725	LB: 109.154	GB: 109.154	Conf: 1.98042	Pts: 65281
Particle (29):: Fit: 49.3723	PB: 49.3723	LB: 105.892	GB: 109.154	Conf: 2	Pts: 55481
Particle (38):: Fit: 63.6236	PB: 63.6236	LB: 105.757	GB: 109.154	Conf: 0.655841	Pts: 65481
Particle (10):: Fit: 49.7207	PB: 49.7207	LB: 102.172	GB: 109.154	Conf: 1.98688	Pts: 60280
Particle (18):: Fit: 108.676	PB: 108.676	LB: 108.676	GB: 109.154	Conf: 0.869056	Pts: 160579
Particle (40):: Fit: 97.4975	PB: 97.4975	LB: 107.307	GB: 109.154	Conf: 1.93619	Pts: 55480
Particle (0):: Fit: 50.3574	PB: 50.3574	LB: 107.129	GB: 109.154	Conf: 2	Pts: 110479
Particle (1):: Fit: 110.512	PB: 110.512	LB: 110.512	GB: 110.512	Conf: 1.97104	Pts: 200579
Particle (38):: Fit: 69.3612	PB: 69.3612	LB: 105.757	GB: 110.512	Conf: 0.865647	Pts: 65579
Global: 110.512 - Correct: 43% of 100 tests
Global Best: 
  Inner Net 1
  -- 1 : 1 = 0.0349
  -- 1 : 2 = 0.58
  -- 1 : 3 = 0.5117
  -- 1 : 4 = 0.7982
  -- 1 : 5 = 0.5214
  -- 1 : 6 = 0.3764
  -- 1 : 7 = 0.3524
  -- 1 : 8 = 0.6146
  -- 1 : 9 = 0.8412
  -- 2 : 1 = 0.9458
  -- 2 : 2 = 0.3831
  -- 2 : 3 = 0.8049
  -- 2 : 4 = 0.3539
  -- 2 : 5 = 0.2379
  -- 2 : 6 = 0.3867
  -- 2 : 7 = 0.3967
  -- 2 : 8 = 0.8445
  -- 2 : 9 = 0.551
  -- 3 : 1 = 0.0691
  -- 3 : 2 = 0.477
  -- 3 : 3 = 0.1651
  -- 3 : 4 = 0.01
  -- 3 : 5 = 0.666
  -- 3 : 6 = 0.0539
  -- 3 : 7 = 0.0163
  -- 3 : 8 = 0.147
  -- 3 : 9 = 0.1497
  -- 4 : 1 = 0.2521
  -- 4 : 2 = 0.6004
  -- 4 : 3 = 0.328
  -- 4 : 4 = 0.8647
  -- 4 : 5 = 0.561
  -- 4 : 6 = 0.4998
  -- 4 : 7 = 0.5493
  -- 4 : 8 = 0.274
  -- 4 : 9 = 0.386
  -- 5 : 1 = 0.1757
  -- 5 : 2 = 0.9461
  -- 5 : 3 = 0.394
  -- 5 : 4 = 0.5395
  -- 5 : 5 = 0.992
  -- 5 : 6 = 0.3212
  -- 5 : 7 = 0.2356
  -- 5 : 8 = 0.9412
  -- 5 : 9 = 0.0972
  -- 6 : 1 = 0.9757
  -- 6 : 2 = 0.3195
  -- 6 : 3 = 0.8241
  -- 6 : 4 = 0.4287
  -- 6 : 5 = 0.7191
  -- 6 : 6 = 0.0733
  -- 6 : 7 = 0.1005
  -- 6 : 8 = 0.6418
  -- 6 : 9 = 0.8774
  -- 7 : 1 = 0.1986
  -- 7 : 2 = 0.6931
  -- 7 : 3 = 0.6326
  -- 7 : 4 = 0.5789
  -- 7 : 5 = 0.6886
  -- 7 : 6 = 0.6986
  -- 7 : 7 = 0.349
  -- 7 : 8 = 0.0723
  -- 7 : 9 = 0.8179
  -- 8 : 1 = 0.254
  -- 8 : 2 = 0.9867
  -- 8 : 3 = 0.6972
  -- 8 : 4 = 0.2124
  -- 8 : 5 = 0.3543
  -- 8 : 6 = 0.007
  -- 8 : 7 = 0.0922
  -- 8 : 8 = 0.9562
  -- 8 : 9 = 0.4931
  -- 9 : 1 = 0.2858
  -- 9 : 2 = 0.0899
  -- 9 : 3 = 0.2717
  -- 9 : 4 = 0.5445
  -- 9 : 5 = 0.3242
  -- 9 : 6 = 0.6708
  -- 9 : 7 = 0.8347
  -- 9 : 8 = 0.2035
  -- 9 : 9 = 0.9521
  -- 10 : 1 = 0.4694
  -- 10 : 2 = 0.4525
  -- 10 : 3 = 0.0025
  -- 10 : 4 = 0.7342
  -- 10 : 5 = 0.8832
  -- 10 : 6 = 0.2522
  -- 10 : 7 = 0.1308
  -- 10 : 8 = 0.7682
  -- 10 : 9 = 0.7693
  Inner Net 2
  -- 1 : 1 = 0.263155
  -- 1 : 2 = 0.117864
  -- 2 : 1 = -0.141627
  -- 2 : 2 = -0.403267
  -- 3 : 1 = -0.218184
  -- 3 : 2 = -0.0617053
  -- 4 : 1 = 0.284259
  -- 4 : 2 = 0.296236
  -- 5 : 1 = 0.0550532
  -- 5 : 2 = -0.306627
  -- 6 : 1 = 0.218221
  -- 6 : 2 = -0.173149
  -- 7 : 1 = 0.257756
  -- 7 : 2 = -0.116797
  -- 8 : 1 = 0.241125
  -- 8 : 2 = -0.233695
  -- 9 : 1 = -0.358058
  -- 9 : 2 = 0.170808
Out\Act	False		True
False	0.84198	0	0.84198
True	0.15802	0	0.15802
	1	0
	Accuracy [ (tp + tn) / testSize ]: 0.84198
	Precision [ tp / (tp + fp) ]:      0
	Sensitivity [ tp / (tp + fn) ]:    0
	Specificity [ tn / (tn + fp) ]:    0.999435
	F-Score [ 2tp / (2tp + fp + fn) ]: 0
Particle (3):: Fit: 111.363	PB: 111.363	LB: 111.363	GB: 111.363	Conf: 1.8624	Pts: 170177
Particle (28):: Fit: 104.443	PB: 104.443	LB: 109.154	GB: 111.363	Conf: 1.97722	Pts: 70277
Particle (39):: Fit: 110.047	PB: 110.047	LB: 110.047	GB: 111.363	Conf: 1.45689	Pts: 200277
Global: 111.363 - Correct: 49% of 100 tests
Global Best: 
  Inner Net 1
  -- 1 : 1 = 0.1696
  -- 1 : 2 = 0.2303
  -- 1 : 3 = 0.179
  -- 1 : 4 = 0.1975
  -- 1 : 5 = 0.03
  -- 1 : 6 = 0.2942
  -- 1 : 7 = 0.1319
  -- 1 : 8 = 0.665
  -- 1 : 9 = 0.8154
  -- 2 : 1 = 0.7505
  -- 2 : 2 = 0.0283
  -- 2 : 3 = 0.0908
  -- 2 : 4 = 0.9704
  -- 2 : 5 = 0.2267
  -- 2 : 6 = 0.7213
  -- 2 : 7 = 0.623
  -- 2 : 8 = 0.1658
  -- 2 : 9 = 0.7269
  -- 3 : 1 = 0.0389
  -- 3 : 2 = 0.7888
  -- 3 : 3 = 0.1481
  -- 3 : 4 = 0.9869
  -- 3 : 5 = 0.9573
  -- 3 : 6 = 0.1298
  -- 3 : 7 = 0.1358
  -- 3 : 8 = 0.0319
  -- 3 : 9 = 0.8478
  -- 4 : 1 = 0.4026
  -- 4 : 2 = 0.6719
  -- 4 : 3 = 0.986
  -- 4 : 4 = 0.4387
  -- 4 : 5 = 0.5085
  -- 4 : 6 = 0.1369
  -- 4 : 7 = 0.5209
  -- 4 : 8 = 0.299
  -- 4 : 9 = 0.1089
  -- 5 : 1 = 0.2688
  -- 5 : 2 = 0.3601
  -- 5 : 3 = 0.8067
  -- 5 : 4 = 0.3034
  -- 5 : 5 = 0.2418
  -- 5 : 6 = 0.8589
  -- 5 : 7 = 0.7474
  -- 5 : 8 = 0.0691
  -- 5 : 9 = 0.4386
  -- 6 : 1 = 0.1211
  -- 6 : 2 = 0.2304
  -- 6 : 3 = 0.8832
  -- 6 : 4 = 0.8212
  -- 6 : 5 = 0.0573
  -- 6 : 6 = 0.8344
  -- 6 : 7 = 0.6098
  -- 6 : 8 = 0.0644
  -- 6 : 9 = 0.694
  -- 7 : 1 = 0.8573
  -- 7 : 2 = 0.3691
  -- 7 : 3 = 0.59
  -- 7 : 4 = 0.3964
  -- 7 : 5 = 0.7812
  -- 7 : 6 = 0.1747
  -- 7 : 7 = 0.4485
  -- 7 : 8 = 0.3329
  -- 7 : 9 = 0.8416
  -- 8 : 1 = 0.2265
  -- 8 : 2 = 0.0638
  -- 8 : 3 = 0.0579
  -- 8 : 4 = 0.6446
  -- 8 : 5 = 0.7709
  -- 8 : 6 = 0.1883
  -- 8 : 7 = 0.4782
  -- 8 : 8 = 0.8274
  -- 8 : 9 = 0.843
  -- 9 : 1 = 0.6383
  -- 9 : 2 = 0.0364
  -- 9 : 3 = 0.8753
  -- 9 : 4 = 0.8032
  -- 9 : 5 = 0.139
  -- 9 : 6 = 0.8215
  -- 9 : 7 = 0.8593
  -- 9 : 8 = 0.832
  -- 9 : 9 = 0.6508
  -- 10 : 1 = 0.3146
  -- 10 : 2 = 0.563
  -- 10 : 3 = 0.1691
  -- 10 : 4 = 0.8314
  -- 10 : 5 = 0.8216
  -- 10 : 6 = 0.6846
  -- 10 : 7 = 0.7068
  -- 10 : 8 = 0.5554
  -- 10 : 9 = 0.9775
  Inner Net 2
  -- 1 : 1 = 0.394457
  -- 1 : 2 = 0.072911
  -- 2 : 1 = 0.0524053
  -- 2 : 2 = 0.11438
  -- 3 : 1 = -0.153032
  -- 3 : 2 = 0.188762
  -- 4 : 1 = 0.464888
  -- 4 : 2 = -0.181368
  -- 5 : 1 = 0.0942176
  -- 5 : 2 = -0.24163
  -- 6 : 1 = 0.28381
  -- 6 : 2 = -0.28319
  -- 7 : 1 = 0.0941801
  -- 7 : 2 = -0.320176
  -- 8 : 1 = -0.146344
  -- 8 : 2 = 0.370531
  -- 9 : 1 = -0.425734
  -- 9 : 2 = 0.202284
Out\Act	False		True
False	0.832937	0.00904331	0.84198
True	0.142313	0.0157068	0.15802
	0.97525	0.0247501
	Accuracy [ (tp + tn) / testSize ]: 0.848644
	Precision [ tp / (tp + fp) ]:      0.622642
	Sensitivity [ tp / (tp + fn) ]:    0.0990991
	Specificity [ tn / (tn + fp) ]:    0.988701
	F-Score [ 2tp / (2tp + fp + fn) ]: 0.171429
Particle (40):: Fit: 99.1224	PB: 99.1224	LB: 110.047	GB: 111.363	Conf: 1.9504	Pts: 55576
Particle (38):: Fit: 101.716	PB: 101.716	LB: 110.047	GB: 111.363	Conf: 0.570163	Pts: 65674
Particle (39):: Fit: 110.448	PB: 110.448	LB: 110.448	GB: 111.363	Conf: 1.45227	Pts: 250374
Particle (7):: Fit: 49.7016	PB: 49.7016	LB: 111.363	GB: 111.363	Conf: 2	Pts: 70372
Particle (4):: Fit: 95.6646	PB: 95.6646	LB: 111.363	GB: 111.363	Conf: 1.96979	Pts: 55471
Particle (6):: Fit: 49.7016	PB: 49.7016	LB: 111.363	GB: 111.363	Conf: 2	Pts: 55571
Particle (27):: Fit: 103.782	PB: 103.782	LB: 109.154	GB: 111.363	Conf: 1.98498	Pts: 60271
Particle (35):: Fit: 101.622	PB: 101.622	LB: 110.448	GB: 111.363	Conf: 1.76664	Pts: 150271
Particle (2):: Fit: 50.3699	PB: 50.3699	LB: 111.363	GB: 111.363	Conf: 1.98214	Pts: 55270
Particle (30):: Fit: 53.3447	PB: 53.3447	LB: 105.892	GB: 111.363	Conf: 0.0418702	Pts: 75259
Particle (1):: Fit: 112.486	PB: 112.486	LB: 112.486	GB: 112.486	Conf: 1.95827	Pts: 260668
Particle (8):: Fit: 51.9807	PB: 51.9807	LB: 101.466	GB: 112.486	Conf: 2	Pts: 75168
Global: 112.486 - Correct: 43% of 100 tests
Global Best: 
  Inner Net 1
  -- 1 : 1 = 0.0349
  -- 1 : 2 = 0.58
  -- 1 : 3 = 0.5117
  -- 1 : 4 = 0.7982
  -- 1 : 5 = 0.5214
  -- 1 : 6 = 0.3764
  -- 1 : 7 = 0.3524
  -- 1 : 8 = 0.6146
  -- 1 : 9 = 0.8412
  -- 2 : 1 = 0.9458
  -- 2 : 2 = 0.3831
  -- 2 : 3 = 0.8049
  -- 2 : 4 = 0.3539
  -- 2 : 5 = 0.2379
  -- 2 : 6 = 0.3867
  -- 2 : 7 = 0.3967
  -- 2 : 8 = 0.8445
  -- 2 : 9 = 0.551
  -- 3 : 1 = 0.0691
  -- 3 : 2 = 0.477
  -- 3 : 3 = 0.1651
  -- 3 : 4 = 0.01
  -- 3 : 5 = 0.666
  -- 3 : 6 = 0.0539
  -- 3 : 7 = 0.0163
  -- 3 : 8 = 0.147
  -- 3 : 9 = 0.1497
  -- 4 : 1 = 0.2521
  -- 4 : 2 = 0.6004
  -- 4 : 3 = 0.328
  -- 4 : 4 = 0.8647
  -- 4 : 5 = 0.561
  -- 4 : 6 = 0.4998
  -- 4 : 7 = 0.5493
  -- 4 : 8 = 0.274
  -- 4 : 9 = 0.386
  -- 5 : 1 = 0.1757
  -- 5 : 2 = 0.9461
  -- 5 : 3 = 0.394
  -- 5 : 4 = 0.5395
  -- 5 : 5 = 0.992
  -- 5 : 6 = 0.3212
  -- 5 : 7 = 0.2356
  -- 5 : 8 = 0.9412
  -- 5 : 9 = 0.0972
  -- 6 : 1 = 0.9757
  -- 6 : 2 = 0.3195
  -- 6 : 3 = 0.8241
  -- 6 : 4 = 0.4287
  -- 6 : 5 = 0.7191
  -- 6 : 6 = 0.0733
  -- 6 : 7 = 0.1005
  -- 6 : 8 = 0.6418
  -- 6 : 9 = 0.8774
  -- 7 : 1 = 0.1986
  -- 7 : 2 = 0.6931
  -- 7 : 3 = 0.6326
  -- 7 : 4 = 0.5789
  -- 7 : 5 = 0.6886
  -- 7 : 6 = 0.6986
  -- 7 : 7 = 0.349
  -- 7 : 8 = 0.0723
  -- 7 : 9 = 0.8179
  -- 8 : 1 = 0.254
  -- 8 : 2 = 0.9867
  -- 8 : 3 = 0.6972
  -- 8 : 4 = 0.2124
  -- 8 : 5 = 0.3543
  -- 8 : 6 = 0.007
  -- 8 : 7 = 0.0922
  -- 8 : 8 = 0.9562
  -- 8 : 9 = 0.4931
  -- 9 : 1 = 0.2858
  -- 9 : 2 = 0.0899
  -- 9 : 3 = 0.2717
  -- 9 : 4 = 0.5445
  -- 9 : 5 = 0.3242
  -- 9 : 6 = 0.6708
  -- 9 : 7 = 0.8347
  -- 9 : 8 = 0.2035
  -- 9 : 9 = 0.9521
  -- 10 : 1 = 0.4694
  -- 10 : 2 = 0.4525
  -- 10 : 3 = 0.0025
  -- 10 : 4 = 0.7342
  -- 10 : 5 = 0.8832
  -- 10 : 6 = 0.2522
  -- 10 : 7 = 0.1308
  -- 10 : 8 = 0.7682
  -- 10 : 9 = 0.7693
  Inner Net 2
  -- 1 : 1 = 0.436463
  -- 1 : 2 = 0.170561
  -- 2 : 1 = -0.0634216
  -- 2 : 2 = -0.549232
  -- 3 : 1 = -0.199787
  -- 3 : 2 = 0.0268824
  -- 4 : 1 = 0.356969
  -- 4 : 2 = 0.315978
  -- 5 : 1 = 0.0196337
  -- 5 : 2 = 0.110637
  -- 6 : 1 = 0.211174
  -- 6 : 2 = -0.160657
  -- 7 : 1 = 0.397482
  -- 7 : 2 = 0.070113
  -- 8 : 1 = 0.00491501
  -- 8 : 2 = -0.28266
  -- 9 : 1 = -0.618707
  -- 9 : 2 = 0.131083
Out\Act	False		True
False	0.84198	0	0.84198
True	0.15802	0	0.15802
	1	0
	Accuracy [ (tp + tn) / testSize ]: 0.84198
	Precision [ tp / (tp + fp) ]:      0
	Sensitivity [ tp / (tp + fn) ]:    0
	Specificity [ tn / (tn + fp) ]:    0.999435
	F-Score [ 2tp / (2tp + fp + fn) ]: 0
Particle (10):: Fit: 93.6938	PB: 93.6938	LB: 102.172	GB: 112.486	Conf: 1.97973	Pts: 60367
Particle (43):: Fit: 104.17	PB: 104.17	LB: 110.448	GB: 112.486	Conf: 1.96105	Pts: 50567
Particle (42):: Fit: 61.6031	PB: 61.6031	LB: 110.448	GB: 112.486	Conf: 0.325977	Pts: 50464
Particle (46):: Fit: 105.806	PB: 105.806	LB: 112.486	GB: 112.486	Conf: 1.98966	Pts: 50464
Particle (40):: Fit: 99.2227	PB: 99.2227	LB: 110.448	GB: 112.486	Conf: 1.88564	Pts: 55663
Particle (43):: Fit: 104.314	PB: 104.314	LB: 110.448	GB: 112.486	Conf: 1.9561	Pts: 50663
Particle (10):: Fit: 99.6994	PB: 99.6994	LB: 102.172	GB: 112.486	Conf: 1.98781	Pts: 60462
Particle (36):: Fit: 107.134	PB: 107.134	LB: 110.448	GB: 112.486	Conf: 1.98703	Pts: 70659
Particle (38):: Fit: 101.881	PB: 101.881	LB: 110.448	GB: 112.486	Conf: 0.377355	Pts: 65759
Particle (43):: Fit: 107.797	PB: 107.797	LB: 110.448	GB: 112.486	Conf: 1.98725	Pts: 60759
Particle (37):: Fit: 50.3574	PB: 50.3574	LB: 110.448	GB: 112.486	Conf: 2	Pts: 60358
Particle (3):: Fit: 112.727	PB: 112.727	LB: 112.727	GB: 112.727	Conf: 1.83991	Pts: 230257
Global: 112.727 - Correct: 52% of 100 tests
Global Best: 
  Inner Net 1
  -- 1 : 1 = 0.1696
  -- 1 : 2 = 0.2303
  -- 1 : 3 = 0.179
  -- 1 : 4 = 0.1975
  -- 1 : 5 = 0.03
  -- 1 : 6 = 0.2942
  -- 1 : 7 = 0.1319
  -- 1 : 8 = 0.665
  -- 1 : 9 = 0.8154
  -- 2 : 1 = 0.7505
  -- 2 : 2 = 0.0283
  -- 2 : 3 = 0.0908
  -- 2 : 4 = 0.9704
  -- 2 : 5 = 0.2267
  -- 2 : 6 = 0.7213
  -- 2 : 7 = 0.623
  -- 2 : 8 = 0.1658
  -- 2 : 9 = 0.7269
  -- 3 : 1 = 0.0389
  -- 3 : 2 = 0.7888
  -- 3 : 3 = 0.1481
  -- 3 : 4 = 0.9869
  -- 3 : 5 = 0.9573
  -- 3 : 6 = 0.1298
  -- 3 : 7 = 0.1358
  -- 3 : 8 = 0.0319
  -- 3 : 9 = 0.8478
  -- 4 : 1 = 0.4026
  -- 4 : 2 = 0.6719
  -- 4 : 3 = 0.986
  -- 4 : 4 = 0.4387
  -- 4 : 5 = 0.5085
  -- 4 : 6 = 0.1369
  -- 4 : 7 = 0.5209
  -- 4 : 8 = 0.299
  -- 4 : 9 = 0.1089
  -- 5 : 1 = 0.2688
  -- 5 : 2 = 0.3601
  -- 5 : 3 = 0.8067
  -- 5 : 4 = 0.3034
  -- 5 : 5 = 0.2418
  -- 5 : 6 = 0.8589
  -- 5 : 7 = 0.7474
  -- 5 : 8 = 0.0691
  -- 5 : 9 = 0.4386
  -- 6 : 1 = 0.1211
  -- 6 : 2 = 0.2304
  -- 6 : 3 = 0.8832
  -- 6 : 4 = 0.8212
  -- 6 : 5 = 0.0573
  -- 6 : 6 = 0.8344
  -- 6 : 7 = 0.6098
  -- 6 : 8 = 0.0644
  -- 6 : 9 = 0.694
  -- 7 : 1 = 0.8573
  -- 7 : 2 = 0.3691
  -- 7 : 3 = 0.59
  -- 7 : 4 = 0.3964
  -- 7 : 5 = 0.7812
  -- 7 : 6 = 0.1747
  -- 7 : 7 = 0.4485
  -- 7 : 8 = 0.3329
  -- 7 : 9 = 0.8416
  -- 8 : 1 = 0.2265
  -- 8 : 2 = 0.0638
  -- 8 : 3 = 0.0579
  -- 8 : 4 = 0.6446
  -- 8 : 5 = 0.7709
  -- 8 : 6 = 0.1883
  -- 8 : 7 = 0.4782
  -- 8 : 8 = 0.8274
  -- 8 : 9 = 0.843
  -- 9 : 1 = 0.6383
  -- 9 : 2 = 0.0364
  -- 9 : 3 = 0.8753
  -- 9 : 4 = 0.8032
  -- 9 : 5 = 0.139
  -- 9 : 6 = 0.8215
  -- 9 : 7 = 0.8593
  -- 9 : 8 = 0.832
  -- 9 : 9 = 0.6508
  -- 10 : 1 = 0.3146
  -- 10 : 2 = 0.563
  -- 10 : 3 = 0.1691
  -- 10 : 4 = 0.8314
  -- 10 : 5 = 0.8216
  -- 10 : 6 = 0.6846
  -- 10 : 7 = 0.7068
  -- 10 : 8 = 0.5554
  -- 10 : 9 = 0.9775
  Inner Net 2
  -- 1 : 1 = 0.38609
  -- 1 : 2 = 0.0750501
  -- 2 : 1 = -0.245691
  -- 2 : 2 = -0.0692707
  -- 3 : 1 = -0.0469935
  -- 3 : 2 = -0.0370561
  -- 4 : 1 = 0.217271
  -- 4 : 2 = -0.00583278
  -- 5 : 1 = 0.289708
  -- 5 : 2 = 0.0394046
  -- 6 : 1 = 0.333413
  -- 6 : 2 = -0.00135317
  -- 7 : 1 = 0.341595
  -- 7 : 2 = 0.0637192
  -- 8 : 1 = -0.0851033
  -- 8 : 2 = -0.119469
  -- 9 : 1 = -0.647991
  -- 9 : 2 = -0.183072
Out\Act	False		True
False	0.833413	0.00856735	0.84198
True	0.142313	0.0157068	0.15802
	0.975726	0.0242742
	Accuracy [ (tp + tn) / testSize ]: 0.849119
	Precision [ tp / (tp + fp) ]:      0.634615
	Sensitivity [ tp / (tp + fn) ]:    0.0990991
	Specificity [ tn / (tn + fp) ]:    0.989266
	F-Score [ 2tp / (2tp + fp + fn) ]: 0.171875
Particle (12):: Fit: 97.9971	PB: 97.9971	LB: 102.172	GB: 112.727	Conf: 1.96766	Pts: 60456
Particle (40):: Fit: 101.657	PB: 101.657	LB: 110.448	GB: 112.727	Conf: 1.92538	Pts: 55756
Particle (17):: Fit: 97.507	PB: 97.507	LB: 108.676	GB: 112.727	Conf: 1.67325	Pts: 55255
Particle (49):: Fit: 50.3574	PB: 50.3574	LB: 112.727	GB: 112.727	Conf: 2	Pts: 50254
Particle (34):: Fit: 51.0094	PB: 51.0094	LB: 110.448	GB: 112.727	Conf: 2	Pts: 55451
Particle (4):: Fit: 106.463	PB: 106.463	LB: 112.727	GB: 112.727	Conf: 1.98508	Pts: 60547
Particle (26):: Fit: 58.4608	PB: 58.4608	LB: 109.154	GB: 112.727	Conf: 0.581134	Pts: 55341
Particle (44):: Fit: 107.166	PB: 107.166	LB: 107.797	GB: 112.727	Conf: 1.91454	Pts: 140345
Particle (2):: Fit: 95.6782	PB: 95.6782	LB: 112.727	GB: 112.727	Conf: 1.96663	Pts: 55344
Particle (11):: Fit: 50.6838	PB: 50.6838	LB: 102.172	GB: 112.727	Conf: 2	Pts: 55344
Particle (45):: Fit: 108.895	PB: 108.895	LB: 108.895	GB: 112.727	Conf: 1.85013	Pts: 110544
Particle (17):: Fit: 104.624	PB: 104.624	LB: 108.676	GB: 112.727	Conf: 1.69881	Pts: 60343
Particle (9):: Fit: 50.2759	PB: 50.2759	LB: 101.466	GB: 112.727	Conf: 0.745479	Pts: 55527
Particle (23):: Fit: 100.907	PB: 100.907	LB: 109.154	GB: 112.727	Conf: 1.03739	Pts: 55540
Particle (24):: Fit: 111.143	PB: 111.143	LB: 111.143	GB: 112.727	Conf: 1.95772	Pts: 175240
Particle (7):: Fit: 100.389	PB: 100.389	LB: 112.727	GB: 112.727	Conf: 1.989	Pts: 70437
Particle (23):: Fit: 104.387	PB: 104.387	LB: 111.143	GB: 112.727	Conf: 1.11696	Pts: 55636
Particle (29):: Fit: 49.7016	PB: 49.7016	LB: 105.892	GB: 112.727	Conf: 2	Pts: 55536
Particle (35):: Fit: 102.24	PB: 102.24	LB: 110.448	GB: 112.727	Conf: 1.85136	Pts: 150336
Particle (44):: Fit: 112.24	PB: 112.24	LB: 112.24	GB: 112.727	Conf: 1.91204	Pts: 175436
Particle (19):: Fit: 101.747	PB: 101.747	LB: 111.143	GB: 112.727	Conf: 1.98449	Pts: 65333
Particle (13):: Fit: 50.6838	PB: 50.6838	LB: 108.676	GB: 112.727	Conf: 2	Pts: 65331
Particle (48):: Fit: 54.0824	PB: 54.0824	LB: 112.727	GB: 112.727	Conf: 0.940378	Pts: 50208
Particle (5):: Fit: 105.632	PB: 105.632	LB: 112.727	GB: 112.727	Conf: 1.15578	Pts: 95428
Particle (30):: Fit: 54.2887	PB: 54.2887	LB: 105.892	GB: 112.727	Conf: 0.373733	Pts: 75307
Particle (45):: Fit: 110.597	PB: 110.597	LB: 112.24	GB: 112.727	Conf: 1.89831	Pts: 110627
Particle (19):: Fit: 107.797	PB: 107.797	LB: 111.143	GB: 112.727	Conf: 1.98708	Pts: 65426
Particle (20):: Fit: 95.8628	PB: 95.8628	LB: 111.143	GB: 112.727	Conf: 1.90423	Pts: 75225
Particle (35):: Fit: 103.464	PB: 103.464	LB: 110.448	GB: 112.727	Conf: 1.79312	Pts: 150424
Particle (2):: Fit: 97.9964	PB: 97.9964	LB: 112.727	GB: 112.727	Conf: 1.97315	Pts: 55423
Particle (5):: Fit: 107.634	PB: 107.634	LB: 112.727	GB: 112.727	Conf: 1.22329	Pts: 105521
Particle (6):: Fit: 50.03	PB: 50.03	LB: 112.727	GB: 112.727	Conf: 2	Pts: 55621
Particle (10):: Fit: 103.11	PB: 103.11	LB: 103.11	GB: 112.727	Conf: 1.98593	Pts: 70521
Particle (0):: Fit: 97.6173	PB: 97.6173	LB: 112.727	GB: 112.727	Conf: 1.98642	Pts: 110518
Particle (2):: Fit: 101.363	PB: 101.363	LB: 112.727	GB: 112.727	Conf: 1.96817	Pts: 55518
Particle (45):: Fit: 111.112	PB: 111.112	LB: 112.24	GB: 112.727	Conf: 1.86096	Pts: 110718
Particle (48):: Fit: 55.2543	PB: 55.2543	LB: 112.727	GB: 112.727	Conf: 0.151123	Pts: 50286
Particle (40):: Fit: 102.384	PB: 102.384	LB: 112.24	GB: 112.727	Conf: 1.94817	Pts: 55814
Particle (49):: Fit: 52.624	PB: 52.624	LB: 112.727	GB: 112.727	Conf: 2	Pts: 50312
Particle (20):: Fit: 100.239	PB: 100.239	LB: 111.143	GB: 112.727	Conf: 1.80917	Pts: 75311
Particle (33):: Fit: 107.073	PB: 107.073	LB: 107.134	GB: 112.727	Conf: 1.94307	Pts: 125411
Particle (43):: Fit: 108.446	PB: 108.446	LB: 112.24	GB: 112.727	Conf: 1.9616	Pts: 60808
Particle (28):: Fit: 108.461	PB: 108.461	LB: 111.143	GB: 112.727	Conf: 1.98957	Pts: 90301
Particle (15):: Fit: 105.977	PB: 105.977	LB: 108.676	GB: 112.727	Conf: 1.40481	Pts: 160300
Particle (9):: Fit: 63.9261	PB: 63.9261	LB: 107.634	GB: 112.727	Conf: 0.821456	Pts: 55579
Particle (13):: Fit: 85.2809	PB: 85.2809	LB: 108.676	GB: 112.727	Conf: 1.16977	Pts: 65398
Particle (14):: Fit: 60.6718	PB: 60.6718	LB: 108.676	GB: 112.727	Conf: 1.03356	Pts: 55298
Particle (17):: Fit: 104.829	PB: 104.829	LB: 108.676	GB: 112.727	Conf: 0.704137	Pts: 60398
Particle (30):: Fit: 105.363	PB: 105.363	LB: 108.461	GB: 112.727	Conf: 0.538649	Pts: 75373
Particle (37):: Fit: 88.0305	PB: 88.0305	LB: 110.448	GB: 112.727	Conf: 0.421227	Pts: 60398
Particle (9):: Fit: 81.6706	PB: 81.6706	LB: 107.634	GB: 112.727	Conf: 0.564038	Pts: 55678
Particle (26):: Fit: 63.9242	PB: 63.9242	LB: 111.143	GB: 112.727	Conf: 0.660314	Pts: 55384
Particle (31):: Fit: 102.191	PB: 102.191	LB: 108.461	GB: 112.727	Conf: 0.480457	Pts: 55397
Particle (41):: Fit: 102.243	PB: 102.243	LB: 112.24	GB: 112.727	Conf: 0.886333	Pts: 60397
Particle (42):: Fit: 61.9668	PB: 61.9668	LB: 112.24	GB: 112.727	Conf: 0.701665	Pts: 50496
Particle (29):: Fit: 82.5991	PB: 82.5991	LB: 108.461	GB: 112.727	Conf: 0.685593	Pts: 55596
Particle (34):: Fit: 82.6255	PB: 82.6255	LB: 110.448	GB: 112.727	Conf: 0.471714	Pts: 55496
Particle (42):: Fit: 101.446	PB: 101.446	LB: 112.24	GB: 112.727	Conf: 0.646219	Pts: 50595
Particle (48):: Fit: 74.5435	PB: 74.5435	LB: 112.727	GB: 112.727	Conf: 0.77254	Pts: 50358
Particle (9):: Fit: 95.0104	PB: 95.0104	LB: 107.634	GB: 112.727	Conf: 0.667787	Pts: 55776
Particle (11):: Fit: 51.304	PB: 51.304	LB: 105.977	GB: 112.727	Conf: 0.230413	Pts: 55395
Particle (12):: Fit: 99.8374	PB: 99.8374	LB: 105.977	GB: 112.727	Conf: 1.72517	Pts: 60495
Particle (14):: Fit: 90.6041	PB: 90.6041	LB: 108.676	GB: 112.727	Conf: 0.270809	Pts: 55395
Particle (22):: Fit: 69.9573	PB: 69.9573	LB: 111.143	GB: 112.727	Conf: 1.43572	Pts: 55395
Particle (6):: Fit: 88.3008	PB: 88.3008	LB: 112.727	GB: 112.727	Conf: 0.865901	Pts: 55693
Particle (8):: Fit: 110.816	PB: 110.816	LB: 110.816	GB: 112.727	Conf: 0.109001	Pts: 100193
Particle (37):: Fit: 106.699	PB: 106.699	LB: 110.448	GB: 112.727	Conf: 0.669795	Pts: 60494
Particle (40):: Fit: 103.807	PB: 103.807	LB: 112.24	GB: 112.727	Conf: 0.282711	Pts: 55894
Particle (11):: Fit: 101.003	PB: 101.003	LB: 110.816	GB: 112.727	Conf: 0.546741	Pts: 55493
Particle (14):: Fit: 90.7523	PB: 90.7523	LB: 108.676	GB: 112.727	Conf: 0.182633	Pts: 55493
Particle (18):: Fit: 108.723	PB: 108.723	LB: 108.723	GB: 112.727	Conf: 0.87573	Pts: 190588
Particle (19):: Fit: 109.235	PB: 109.235	LB: 111.143	GB: 112.727	Conf: 0.0195768	Pts: 90493
Particle (20):: Fit: 108.379	PB: 108.379	LB: 111.143	GB: 112.727	Conf: 0.884242	Pts: 75393
Particle (29):: Fit: 86.894	PB: 86.894	LB: 108.461	GB: 112.727	Conf: 0.606903	Pts: 55693
Particle (49):: Fit: 92.7313	PB: 92.7313	LB: 112.727	GB: 112.727	Conf: 0.256515	Pts: 50393
Particle (16):: Fit: 103.52	PB: 103.52	LB: 109.235	GB: 112.727	Conf: 0.730947	Pts: 55192
Particle (9):: Fit: 114.255	PB: 114.255	LB: 114.255	GB: 114.255	Conf: 0.399724	Pts: 115872
Global: 114.255 - Correct: 61% of 100 tests
Global Best: 
  Inner Net 1
  -- 1 : 1 = 0.576774
  -- 1 : 2 = 0.0572007
  -- 1 : 3 = -0.0992947
  -- 1 : 4 = 0.353833
  -- 1 : 5 = 0.211371
  -- 1 : 6 = 0.0985743
  -- 1 : 7 = 0.0127413
  -- 1 : 8 = 0.243688
  -- 1 : 9 = 0.243234
  -- 2 : 1 = 0.42998
  -- 2 : 2 = 0.0247795
  -- 2 : 3 = 0.054483
  -- 2 : 4 = 0.128835
  -- 2 : 5 = 0.113609
  -- 2 : 6 = 0.0945137
  -- 2 : 7 = 0.513226
  -- 2 : 8 = -0.0304775
  -- 2 : 9 = 0.154569
  -- 3 : 1 = 0.588349
  -- 3 : 2 = -0.0868083
  -- 3 : 3 = -0.298546
  -- 3 : 4 = -0.182699
  -- 3 : 5 = -0.162228
  -- 3 : 6 = 0.421982
  -- 3 : 7 = -0.0194631
  -- 3 : 8 = 0.507964
  -- 3 : 9 = 0.217489
  -- 4 : 1 = 0.451005
  -- 4 : 2 = 0.295407
  -- 4 : 3 = -0.0316544
  -- 4 : 4 = 0.185842
  -- 4 : 5 = -0.252607
  -- 4 : 6 = 0.181037
  -- 4 : 7 = 0.0882631
  -- 4 : 8 = -0.00868313
  -- 4 : 9 = 0.0215091
  -- 5 : 1 = 0.399021
  -- 5 : 2 = -0.123362
  -- 5 : 3 = 0.287579
  -- 5 : 4 = 0.123271
  -- 5 : 5 = -0.0601812
  -- 5 : 6 = 0.0812391
  -- 5 : 7 = 0.132275
  -- 5 : 8 = -0.174134
  -- 5 : 9 = 0.282737
  -- 6 : 1 = 0.497165
  -- 6 : 2 = -0.248309
  -- 6 : 3 = 0.0348986
  -- 6 : 4 = 0.44633
  -- 6 : 5 = 0.0232075
  -- 6 : 6 = -0.0135779
  -- 6 : 7 = 0.0961673
  -- 6 : 8 = 0.0580525
  -- 6 : 9 = 0.0689416
  -- 7 : 1 = 0.322641
  -- 7 : 2 = 0.28694
  -- 7 : 3 = -0.0548135
  -- 7 : 4 = -0.345892
  -- 7 : 5 = 0.289412
  -- 7 : 6 = -0.0268491
  -- 7 : 7 = 0.430152
  -- 7 : 8 = 0.351342
  -- 7 : 9 = -0.519004
  -- 8 : 1 = 0.461337
  -- 8 : 2 = -0.0187122
  -- 8 : 3 = 0.0543201
  -- 8 : 4 = 0.456237
  -- 8 : 5 = 0.447791
  -- 8 : 6 = -0.0813644
  -- 8 : 7 = 0.158351
  -- 8 : 8 = 0.00239239
  -- 8 : 9 = -0.025223
  -- 9 : 1 = 0.358071
  -- 9 : 2 = -0.0298773
  -- 9 : 3 = 0.508549
  -- 9 : 4 = 0.484793
  -- 9 : 5 = 0.0259796
  -- 9 : 6 = 0.209438
  -- 9 : 7 = 0.282161
  -- 9 : 8 = 0.422304
  -- 9 : 9 = 0.431323
  -- 10 : 1 = 0.570626
  -- 10 : 2 = -0.173296
  -- 10 : 3 = 0.301809
  -- 10 : 4 = -0.0448604
  -- 10 : 5 = 0.474176
  -- 10 : 6 = 0.136015
  -- 10 : 7 = -0.0142043
  -- 10 : 8 = 0.495647
  -- 10 : 9 = 0.190276
  Inner Net 2
  -- 1 : 1 = 0.504273
  -- 1 : 2 = -0.061164
  -- 2 : 1 = 0.130104
  -- 2 : 2 = -0.104607
  -- 3 : 1 = -0.137682
  -- 3 : 2 = -0.430285
  -- 4 : 1 = 0.145869
  -- 4 : 2 = 0.239243
  -- 5 : 1 = 0.649143
  -- 5 : 2 = 0.050075
  -- 6 : 1 = 0.27539
  -- 6 : 2 = -0.0122285
  -- 7 : 1 = 0.101283
  -- 7 : 2 = -0.180731
  -- 8 : 1 = 0.0643778
  -- 8 : 2 = 0.192449
  -- 9 : 1 = -0.90981
  -- 9 : 2 = 0.0316334
Out\Act	False		True
False	0.0223703	0.81961	0.84198
True	0.00285578	0.155164	0.15802
	0.0252261	0.974774
	Accuracy [ (tp + tn) / testSize ]: 0.177535
	Precision [ tp / (tp + fp) ]:      0.159102
	Sensitivity [ tp / (tp + fn) ]:    0.978979
	Specificity [ tn / (tn + fp) ]:    0.0265537
	F-Score [ 2tp / (2tp + fp + fn) ]: 0.273835
Particle (13):: Fit: 97.1822	PB: 97.1822	LB: 114.255	GB: 114.255	Conf: 0.612651	Pts: 65490
Particle (14):: Fit: 92.295	PB: 92.295	LB: 109.235	GB: 114.255	Conf: 0.33935	Pts: 55590
Particle (26):: Fit: 67.8417	PB: 67.8417	LB: 111.143	GB: 114.255	Conf: 0.622847	Pts: 55476
Particle (29):: Fit: 92.3855	PB: 92.3855	LB: 108.461	GB: 114.255	Conf: 0.318402	Pts: 55790
Particle (31):: Fit: 104.944	PB: 104.944	LB: 108.461	GB: 114.255	Conf: 0.725234	Pts: 55490
Particle (41):: Fit: 104.721	PB: 104.721	LB: 112.24	GB: 114.255	Conf: 0.879693	Pts: 60490
Particle (21):: Fit: 104.358	PB: 104.358	LB: 111.143	GB: 114.255	Conf: 0.644647	Pts: 100088
Particle (22):: Fit: 75.3151	PB: 75.3151	LB: 111.143	GB: 114.255	Conf: 0.243167	Pts: 55489
Particle (34):: Fit: 90.4903	PB: 90.4903	LB: 110.448	GB: 114.255	Conf: 0.536499	Pts: 55589
Particle (0):: Fit: 98.4957	PB: 98.4957	LB: 112.727	GB: 114.255	Conf: 0.354306	Pts: 110588
Particle (47):: Fit: 111.476	PB: 111.476	LB: 112.486	GB: 114.255	Conf: 0.475431	Pts: 80288
Particle (30):: Fit: 109.812	PB: 109.812	LB: 109.812	GB: 114.255	Conf: 0.597545	Pts: 100462
Particle (31):: Fit: 108.533	PB: 108.533	LB: 109.812	GB: 114.255	Conf: 0.408659	Pts: 55587
Particle (26):: Fit: 97.1535	PB: 97.1535	LB: 111.143	GB: 114.255	Conf: 0.654476	Pts: 55572
Particle (35):: Fit: 109.195	PB: 109.195	LB: 110.448	GB: 114.255	Conf: 0.196582	Pts: 150486
Particle (38):: Fit: 113.852	PB: 113.852	LB: 113.852	GB: 114.255	Conf: 0.757415	Pts: 115786
Particle (0):: Fit: 101.06	PB: 101.06	LB: 112.727	GB: 114.255	Conf: 0.484678	Pts: 110684
Particle (17):: Fit: 107.035	PB: 107.035	LB: 109.235	GB: 114.255	Conf: 0.633425	Pts: 60482
Particle (6):: Fit: 104.142	PB: 104.142	LB: 114.255	GB: 114.255	Conf: 0.748226	Pts: 55778
Particle (22):: Fit: 90.205	PB: 90.205	LB: 111.143	GB: 114.255	Conf: 0.611271	Pts: 55579
Particle (26):: Fit: 108.988	PB: 108.988	LB: 111.143	GB: 114.255	Conf: 0.456238	Pts: 55664
Particle (29):: Fit: 102.025	PB: 102.025	LB: 109.812	GB: 114.255	Conf: 0.920902	Pts: 55877
Particle (5):: Fit: 109.014	PB: 109.014	LB: 114.255	GB: 114.255	Conf: 0.139714	Pts: 105574
Particle (49):: Fit: 105.91	PB: 105.91	LB: 112.727	GB: 114.255	Conf: 0.92514	Pts: 50472
Particle (13):: Fit: 97.9803	PB: 97.9803	LB: 114.255	GB: 114.255	Conf: 0.44211	Pts: 65571
Particle (14):: Fit: 99.8474	PB: 99.8474	LB: 109.235	GB: 114.255	Conf: 0.398061	Pts: 55670
Particle (23):: Fit: 105.595	PB: 105.595	LB: 111.143	GB: 114.255	Conf: 0.164151	Pts: 55670
Particle (46):: Fit: 107.152	PB: 107.152	LB: 112.486	GB: 114.255	Conf: 0.64223	Pts: 50470
Particle (13):: Fit: 102.822	PB: 102.822	LB: 114.255	GB: 114.255	Conf: 0.698797	Pts: 65669
Particle (42):: Fit: 102.618	PB: 102.618	LB: 113.852	GB: 114.255	Conf: 0.553807	Pts: 50667
Particle (27):: Fit: 109.473	PB: 109.473	LB: 111.143	GB: 114.255	Conf: 0.0845278	Pts: 60266
Particle (0):: Fit: 111.52	PB: 111.52	LB: 112.727	GB: 114.255	Conf: 0.349277	Pts: 110765
Particle (13):: Fit: 103.777	PB: 103.777	LB: 114.255	GB: 114.255	Conf: 0.782764	Pts: 65765
Particle (31):: Fit: 110.861	PB: 110.861	LB: 110.861	GB: 114.255	Conf: 0.482634	Pts: 75665
Particle (43):: Fit: 109.352	PB: 109.352	LB: 112.24	GB: 114.255	Conf: 0.477034	Pts: 60865
Particle (12):: Fit: 100.055	PB: 100.055	LB: 114.255	GB: 114.255	Conf: 0.972467	Pts: 60558
Particle (29):: Fit: 104.963	PB: 104.963	LB: 110.861	GB: 114.255	Conf: 0.182463	Pts: 55961
Particle (42):: Fit: 105.879	PB: 105.879	LB: 113.852	GB: 114.255	Conf: 0.560525	Pts: 50759
Particle (23):: Fit: 105.968	PB: 105.968	LB: 111.143	GB: 114.255	Conf: 0.417753	Pts: 55758
Particle (16):: Fit: 107.405	PB: 107.405	LB: 109.235	GB: 114.255	Conf: 0.699321	Pts: 55257
Particle (34):: Fit: 95.1529	PB: 95.1529	LB: 113.852	GB: 114.255	Conf: 0.410099	Pts: 55657
Particle (29):: Fit: 105.091	PB: 105.091	LB: 110.861	GB: 114.255	Conf: 0.59577	Pts: 56052
Particle (48):: Fit: 85.7872	PB: 85.7872	LB: 112.727	GB: 114.255	Conf: 0.56932	Pts: 50411
Particle (22):: Fit: 102.832	PB: 102.832	LB: 111.143	GB: 114.255	Conf: 0.594739	Pts: 55648
Particle (6):: Fit: 106.926	PB: 106.926	LB: 114.255	GB: 114.255	Conf: 0.697261	Pts: 55846
Particle (23):: Fit: 110.78	PB: 110.78	LB: 111.143	GB: 114.255	Conf: 0.315904	Pts: 60846
Particle (3):: Fit: 113.801	PB: 113.801	LB: 113.801	GB: 114.255	Conf: 0.540362	Pts: 260243
Particle (25):: Fit: 103.936	PB: 103.936	LB: 111.143	GB: 114.255	Conf: 0.500007	Pts: 55043
Particle (41):: Fit: 107.238	PB: 107.238	LB: 113.852	GB: 114.255	Conf: 0.508074	Pts: 60540
Particle (34):: Fit: 96.3818	PB: 96.3818	LB: 113.852	GB: 114.255	Conf: 0.322317	Pts: 55738
Particle (11):: Fit: 106.829	PB: 106.829	LB: 114.255	GB: 114.255	Conf: 0.59938	Pts: 55533
Particle (17):: Fit: 108.182	PB: 108.182	LB: 109.235	GB: 114.255	Conf: 0.51403	Pts: 60533
Particle (21):: Fit: 107.682	PB: 107.682	LB: 111.143	GB: 114.255	Conf: 0.352723	Pts: 100132
Particle (22):: Fit: 103.359	PB: 103.359	LB: 111.143	GB: 114.255	Conf: 0.43433	Pts: 55732
Particle (49):: Fit: 111.754	PB: 111.754	LB: 113.801	GB: 114.255	Conf: 0.177495	Pts: 50531
Particle (19):: Fit: 110.764	PB: 110.764	LB: 111.143	GB: 114.255	Conf: 0.09544	Pts: 110531
Particle (6):: Fit: 107.358	PB: 107.358	LB: 114.255	GB: 114.255	Conf: 0.757769	Pts: 55928
Particle (22):: Fit: 103.764	PB: 103.764	LB: 111.143	GB: 114.255	Conf: 0.275449	Pts: 55828
Particle (14):: Fit: 100.581	PB: 100.581	LB: 110.764	GB: 114.255	Conf: 0.457014	Pts: 55727
Particle (48):: Fit: 102.463	PB: 102.463	LB: 113.801	GB: 114.255	Conf: 0.446458	Pts: 50488
Particle (32):: Fit: 105.677	PB: 105.677	LB: 110.861	GB: 114.255	Conf: 0.642728	Pts: 55322
Particle (47):: Fit: 111.974	PB: 111.974	LB: 112.486	GB: 114.255	Conf: 0.0527684	Pts: 80319
Particle (35):: Fit: 111.542	PB: 111.542	LB: 113.852	GB: 114.255	Conf: 0.415693	Pts: 165518
Particle (32):: Fit: 105.851	PB: 105.851	LB: 111.542	GB: 114.255	Conf: 0.518544	Pts: 55412
Particle (18):: Fit: 109.22	PB: 109.22	LB: 110.78	GB: 114.255	Conf: 0.984182	Pts: 190609
Particle (29):: Fit: 105.382	PB: 105.382	LB: 110.861	GB: 114.255	Conf: 0.630267	Pts: 56113
Particle (13):: Fit: 109.439	PB: 109.439	LB: 114.255	GB: 114.255	Conf: 0.329065	Pts: 65812
Particle (24):: Fit: 112.74	PB: 112.74	LB: 112.74	GB: 114.255	Conf: 0.634923	Pts: 225209
Particle (25):: Fit: 106.264	PB: 106.264	LB: 112.74	GB: 114.255	Conf: 0.851743	Pts: 55105
Particle (29):: Fit: 109.176	PB: 109.176	LB: 110.861	GB: 114.255	Conf: 0.318943	Pts: 56206
Particle (33):: Fit: 107.558	PB: 107.558	LB: 113.852	GB: 114.255	Conf: 0.172397	Pts: 125398
Particle (20):: Fit: 110.762	PB: 110.762	LB: 112.74	GB: 114.255	Conf: 0.894511	Pts: 75401
Particle (29):: Fit: 111.093	PB: 111.093	LB: 111.093	GB: 114.255	Conf: 0.847957	Pts: 61296
Particle (13):: Fit: 109.559	PB: 109.559	LB: 114.255	GB: 114.255	Conf: 0.61232	Pts: 65892
Particle (49):: Fit: 115.754	PB: 115.754	LB: 115.754	GB: 115.754	Conf: 0.889227	Pts: 110590
Global: 115.754 - Correct: 66% of 100 tests
Global Best: 
  Inner Net 1
  -- 1 : 1 = 0.203344
  -- 1 : 2 = -0.192346
  -- 1 : 3 = -0.0695561
  -- 1 : 4 = -0.259496
  -- 1 : 5 = 0.295344
  -- 1 : 6 = 0.108415
  -- 1 : 7 = 0.285647
  -- 1 : 8 = 0.152369
  -- 1 : 9 = 0.0975172
  -- 2 : 1 = 0.741465
  -- 2 : 2 = 0.465122
  -- 2 : 3 = 0.766172
  -- 2 : 4 = 0.215415
  -- 2 : 5 = 0.354383
  -- 2 : 6 = 0.229303
  -- 2 : 7 = 0.402447
  -- 2 : 8 = -0.0244872
  -- 2 : 9 = -0.351256
  -- 3 : 1 = 0.146471
  -- 3 : 2 = -0.115398
  -- 3 : 3 = 0.276615
  -- 3 : 4 = -0.160314
  -- 3 : 5 = 0.0126515
  -- 3 : 6 = 0.140945
  -- 3 : 7 = 0.262942
  -- 3 : 8 = 0.162456
  -- 3 : 9 = -0.137369
  -- 4 : 1 = 0.293546
  -- 4 : 2 = 0.61422
  -- 4 : 3 = 0.052644
  -- 4 : 4 = -0.100291
  -- 4 : 5 = 0.173654
  -- 4 : 6 = 0.239466
  -- 4 : 7 = -0.210593
  -- 4 : 8 = 0.243767
  -- 4 : 9 = -0.0302202
  -- 5 : 1 = 0.177102
  -- 5 : 2 = 0.113532
  -- 5 : 3 = 0.0447588
  -- 5 : 4 = -0.175301
  -- 5 : 5 = -0.0591014
  -- 5 : 6 = -0.027057
  -- 5 : 7 = -0.0929245
  -- 5 : 8 = 0.372278
  -- 5 : 9 = 0.0491427
  -- 6 : 1 = 0.032672
  -- 6 : 2 = -0.242887
  -- 6 : 3 = 0.0199357
  -- 6 : 4 = -0.0461011
  -- 6 : 5 = 0.0566103
  -- 6 : 6 = 0.125809
  -- 6 : 7 = -0.0996429
  -- 6 : 8 = -0.0122505
  -- 6 : 9 = -0.0657477
  -- 7 : 1 = 0.022708
  -- 7 : 2 = 0.0492193
  -- 7 : 3 = -0.209724
  -- 7 : 4 = 0.134013
  -- 7 : 5 = -0.0568417
  -- 7 : 6 = -0.308191
  -- 7 : 7 = 0.389606
  -- 7 : 8 = -0.0798039
  -- 7 : 9 = 0.0279462
  -- 8 : 1 = 0.605626
  -- 8 : 2 = 0.0560911
  -- 8 : 3 = -0.198883
  -- 8 : 4 = 0.0778157
  -- 8 : 5 = 0.378386
  -- 8 : 6 = 0.361549
  -- 8 : 7 = 0.715363
  -- 8 : 8 = -0.13656
  -- 8 : 9 = 0.0838232
  -- 9 : 1 = 0.252913
  -- 9 : 2 = -0.222172
  -- 9 : 3 = -0.014743
  -- 9 : 4 = -0.0510929
  -- 9 : 5 = -0.000235824
  -- 9 : 6 = -0.220132
  -- 9 : 7 = 0.0812584
  -- 9 : 8 = 0.0921365
  -- 9 : 9 = 0.181997
  -- 10 : 1 = 0.434967
  -- 10 : 2 = -0.0878574
  -- 10 : 3 = 0.193229
  -- 10 : 4 = -0.056191
  -- 10 : 5 = 0.264123
  -- 10 : 6 = 0.287439
  -- 10 : 7 = 0.313779
  -- 10 : 8 = -0.142554
  -- 10 : 9 = 0.41779
  Inner Net 2
  -- 1 : 1 = 0.420768
  -- 1 : 2 = -0.0723696
  -- 2 : 1 = -0.248326
  -- 2 : 2 = -0.040843
  -- 3 : 1 = -0.283896
  -- 3 : 2 = 0.192444
  -- 4 : 1 = 0.00964872
  -- 4 : 2 = 0.223562
  -- 5 : 1 = -0.0617499
  -- 5 : 2 = 0.0712245
  -- 6 : 1 = 0.309991
  -- 6 : 2 = -0.00153112
  -- 7 : 1 = 0.31641
  -- 7 : 2 = -0.0217071
  -- 8 : 1 = -0.286115
  -- 8 : 2 = -0.171513
  -- 9 : 1 = -0.693982
  -- 9 : 2 = -0.287176
Out\Act	False		True
False	0.272727	0.569253	0.84198
True	0.0276059	0.130414	0.15802
	0.300333	0.699667
	Accuracy [ (tp + tn) / testSize ]: 0.403141
	Precision [ tp / (tp + fp) ]:      0.186268
	Sensitivity [ tp / (tp + fn) ]:    0.822823
	Specificity [ tn / (tn + fp) ]:    0.323729
	F-Score [ 2tp / (2tp + fp + fn) ]: 0.303938
Particle (7):: Fit: 101.251	PB: 101.251	LB: 114.255	GB: 115.754	Conf: 1.90186	Pts: 70379
Particle (21):: Fit: 109.59	PB: 109.59	LB: 112.74	GB: 115.754	Conf: 0.784701	Pts: 100186
Particle (25):: Fit: 108.339	PB: 108.339	LB: 112.74	GB: 115.754	Conf: 0.764848	Pts: 55185
Particle (4):: Fit: 109.558	PB: 109.558	LB: 114.255	GB: 115.754	Conf: 0.905854	Pts: 60478
Particle (41):: Fit: 111.883	PB: 111.883	LB: 113.852	GB: 115.754	Conf: 0.469067	Pts: 60581
Particle (47):: Fit: 113.592	PB: 113.592	LB: 115.754	GB: 115.754	Conf: 0.57153	Pts: 85382
Particle (13):: Fit: 114.703	PB: 114.703	LB: 114.703	GB: 115.754	Conf: 0.517589	Pts: 115981
Particle (16):: Fit: 109.634	PB: 109.634	LB: 114.703	GB: 115.754	Conf: 0.674625	Pts: 55279
Particle (37):: Fit: 109.719	PB: 109.719	LB: 113.852	GB: 115.754	Conf: 0.615861	Pts: 60478
Particle (26):: Fit: 110.861	PB: 110.861	LB: 112.74	GB: 115.754	Conf: 0.94868	Pts: 55662
Particle (34):: Fit: 99.1818	PB: 99.1818	LB: 113.852	GB: 115.754	Conf: 0.336176	Pts: 55774
Particle (48):: Fit: 105.395	PB: 105.395	LB: 115.754	GB: 115.754	Conf: 0.479253	Pts: 50533
Particle (25):: Fit: 108.971	PB: 108.971	LB: 112.74	GB: 115.754	Conf: 0.631998	Pts: 55265
Particle (21):: Fit: 113.971	PB: 113.971	LB: 113.971	GB: 115.754	Conf: 0.787326	Pts: 140259
Particle (16):: Fit: 112.307	PB: 112.307	LB: 114.703	GB: 115.754	Conf: 0.185539	Pts: 55357
Particle (17):: Fit: 113.472	PB: 113.472	LB: 114.703	GB: 115.754	Conf: 0.458738	Pts: 60551
Particle (39):: Fit: 116.22	PB: 116.22	LB: 116.22	GB: 116.22	Conf: 0.838614	Pts: 310244
Global: 116.22 - Correct: 62% of 100 tests
Global Best: 
  Inner Net 1
  -- 1 : 1 = 0.182497
  -- 1 : 2 = 0.157618
  -- 1 : 3 = -0.251587
  -- 1 : 4 = -0.287456
  -- 1 : 5 = 0.0257856
  -- 1 : 6 = -0.206823
  -- 1 : 7 = 0.310226
  -- 1 : 8 = 0
  -- 1 : 9 = -0.0651182
  -- 2 : 1 = 0.468367
  -- 2 : 2 = 0.176223
  -- 2 : 3 = 0.253025
  -- 2 : 4 = 0.0225899
  -- 2 : 5 = -0.0380452
  -- 2 : 6 = -0.175851
  -- 2 : 7 = 0.327992
  -- 2 : 8 = 0.434834
  -- 2 : 9 = -0.0113761
  -- 3 : 1 = 0.26905
  -- 3 : 2 = -0.0322394
  -- 3 : 3 = 0.307468
  -- 3 : 4 = -0.148305
  -- 3 : 5 = 0.727164
  -- 3 : 6 = 0.59518
  -- 3 : 7 = -0.278064
  -- 3 : 8 = -0.099285
  -- 3 : 9 = 0.155396
  -- 4 : 1 = 0.231401
  -- 4 : 2 = 0.683789
  -- 4 : 3 = -0.213744
  -- 4 : 4 = 0.221609
  -- 4 : 5 = -0.190982
  -- 4 : 6 = 0.104334
  -- 4 : 7 = -0.287222
  -- 4 : 8 = 0.104624
  -- 4 : 9 = 0.781694
  -- 5 : 1 = -0.0752464
  -- 5 : 2 = 0.32819
  -- 5 : 3 = 0.111669
  -- 5 : 4 = 0.219617
  -- 5 : 5 = 0.451384
  -- 5 : 6 = -0.0343974
  -- 5 : 7 = 0.646672
  -- 5 : 8 = 0.166105
  -- 5 : 9 = -0.167574
  -- 6 : 1 = 0.067285
  -- 6 : 2 = 0.418946
  -- 6 : 3 = -0.0888887
  -- 6 : 4 = 0.41109
  -- 6 : 5 = 0.298556
  -- 6 : 6 = 0.399144
  -- 6 : 7 = 0.951881
  -- 6 : 8 = 0.387809
  -- 6 : 9 = 0.255772
  -- 7 : 1 = 0.305826
  -- 7 : 2 = 0.271718
  -- 7 : 3 = 0.903192
  -- 7 : 4 = 0.149935
  -- 7 : 5 = 0.0387145
  -- 7 : 6 = -0.0424769
  -- 7 : 7 = 0.45601
  -- 7 : 8 = 0.375063
  -- 7 : 9 = 0.264752
  -- 8 : 1 = 0.460733
  -- 8 : 2 = 0.811171
  -- 8 : 3 = 0.0888495
  -- 8 : 4 = 0.209837
  -- 8 : 5 = -0.215463
  -- 8 : 6 = 0.422467
  -- 8 : 7 = 0.0512136
  -- 8 : 8 = 0.318036
  -- 8 : 9 = -0.126671
  -- 9 : 1 = 0.230668
  -- 9 : 2 = -0.239753
  -- 9 : 3 = 0.233669
  -- 9 : 4 = 0.230319
  -- 9 : 5 = -0.153276
  -- 9 : 6 = 0.622567
  -- 9 : 7 = 0.273137
  -- 9 : 8 = 0.288128
  -- 9 : 9 = 0.0832079
  -- 10 : 1 = 0.464165
  -- 10 : 2 = 0.200609
  -- 10 : 3 = 0.358284
  -- 10 : 4 = 0.127201
  -- 10 : 5 = 0.34628
  -- 10 : 6 = 0.637069
  -- 10 : 7 = 0.418939
  -- 10 : 8 = 0.20141
  -- 10 : 9 = 0.0665312
  Inner Net 2
  -- 1 : 1 = 0.823758
  -- 1 : 2 = 0.113806
  -- 2 : 1 = -0.248938
  -- 2 : 2 = -0.0924072
  -- 3 : 1 = -0.166605
  -- 3 : 2 = 0.0740756
  -- 4 : 1 = -0.00510163
  -- 4 : 2 = -0.039221
  -- 5 : 1 = -0.0950087
  -- 5 : 2 = -0.173794
  -- 6 : 1 = 0.0951119
  -- 6 : 2 = -0.40187
  -- 7 : 1 = -0.446748
  -- 7 : 2 = -0.0512879
  -- 8 : 1 = -0.162624
  -- 8 : 2 = -0.108251
  -- 9 : 1 = -0.210553
  -- 9 : 2 = -0.20523
Out\Act	False		True
False	0.10614	0.73584	0.84198
True	0.00809139	0.149929	0.15802
	0.114231	0.885769
	Accuracy [ (tp + tn) / testSize ]: 0.256069
	Precision [ tp / (tp + fp) ]:      0.169173
	Sensitivity [ tp / (tp + fn) ]:    0.945946
	Specificity [ tn / (tn + fp) ]:    0.125989
	F-Score [ 2tp / (2tp + fp + fn) ]: 0.287147
Particle (46):: Fit: 110.47	PB: 110.47	LB: 115.754	GB: 116.22	Conf: 0.861019	Pts: 50434
Particle (5):: Fit: 119.151	PB: 119.151	LB: 119.151	GB: 119.151	Conf: 0.575765	Pts: 165537
Particle (43):: Fit: 110.197	PB: 110.197	LB: 116.22	GB: 119.151	Conf: 0.486604	Pts: 60837
Global: 119.151 - Correct: 70% of 100 tests
Global Best: 
  Inner Net 1
  -- 1 : 1 = 0.375676
  -- 1 : 2 = 0.406534
  -- 1 : 3 = -0.0973584
  -- 1 : 4 = 0.137493
  -- 1 : 5 = -0.149156
  -- 1 : 6 = 0.565407
  -- 1 : 7 = -0.26514
  -- 1 : 8 = 0.188037
  -- 1 : 9 = 0.582602
  -- 2 : 1 = 0.88607
  -- 2 : 2 = 0.231902
  -- 2 : 3 = -0.214911
  -- 2 : 4 = 0.358491
  -- 2 : 5 = 0.238365
  -- 2 : 6 = 0.0624764
  -- 2 : 7 = 0.480315
  -- 2 : 8 = 0.467215
  -- 2 : 9 = 0.325572
  -- 3 : 1 = 0.898645
  -- 3 : 2 = 0.261677
  -- 3 : 3 = -0.0196839
  -- 3 : 4 = -0.104517
  -- 3 : 5 = -0.0285216
  -- 3 : 6 = -0.0508937
  -- 3 : 7 = 0.0698513
  -- 3 : 8 = 0.645888
  -- 3 : 9 = 0.209859
  -- 4 : 1 = 0.842897
  -- 4 : 2 = 0.671151
  -- 4 : 3 = 0.100539
  -- 4 : 4 = -0.117918
  -- 4 : 5 = -0.0655883
  -- 4 : 6 = 0.241375
  -- 4 : 7 = 0.388245
  -- 4 : 8 = -0.28052
  -- 4 : 9 = -0.0636362
  -- 5 : 1 = 0.319733
  -- 5 : 2 = 0.0142197
  -- 5 : 3 = -0.124218
  -- 5 : 4 = -0.269752
  -- 5 : 5 = 0.0295147
  -- 5 : 6 = 0.581779
  -- 5 : 7 = -0.376243
  -- 5 : 8 = -0.334065
  -- 5 : 9 = 0.408407
  -- 6 : 1 = -0.5
  -- 6 : 2 = -0.178187
  -- 6 : 3 = -0.069467
  -- 6 : 4 = 0.0718129
  -- 6 : 5 = 0.008891
  -- 6 : 6 = 0.356354
  -- 6 : 7 = -0.15838
  -- 6 : 8 = 0.465846
  -- 6 : 9 = -0.174314
  -- 7 : 1 = 0.279384
  -- 7 : 2 = -0.348865
  -- 7 : 3 = 0.352571
  -- 7 : 4 = 0.438449
  -- 7 : 5 = -0.225792
  -- 7 : 6 = -0.0846511
  -- 7 : 7 = -0.276894
  -- 7 : 8 = 0.0989474
  -- 7 : 9 = 0.23278
  -- 8 : 1 = 0.415619
  -- 8 : 2 = -0.0129503
  -- 8 : 3 = 0.119985
  -- 8 : 4 = 0.96286
  -- 8 : 5 = -0.0607258
  -- 8 : 6 = -0.168567
  -- 8 : 7 = 0.50258
  -- 8 : 8 = 0.00469155
  -- 8 : 9 = 0.186997
  -- 9 : 1 = 0.581209
  -- 9 : 2 = 0.0257702
  -- 9 : 3 = -0.0383904
  -- 9 : 4 = 0.104122
  -- 9 : 5 = 0.920745
  -- 9 : 6 = -0.138
  -- 9 : 7 = -0.0319333
  -- 9 : 8 = -0.0170924
  -- 9 : 9 = 0.0724071
  -- 10 : 1 = 0.793113
  -- 10 : 2 = 0.187466
  -- 10 : 3 = -0.0966376
  -- 10 : 4 = 0.362954
  -- 10 : 5 = 0.336883
  -- 10 : 6 = -0.0319725
  -- 10 : 7 = 0.320936
  -- 10 : 8 = 0.222298
  -- 10 : 9 = 0.0899134
  Inner Net 2
  -- 1 : 1 = 0.164251
  -- 1 : 2 = -0.0880007
  -- 2 : 1 = -0.285299
  -- 2 : 2 = -0.089706
  -- 3 : 1 = -0.0232243
  -- 3 : 2 = -0.00754092
  -- 4 : 1 = -0.0943087
  -- 4 : 2 = 0.511164
  -- 5 : 1 = 0.32489
  -- 5 : 2 = 0.375282
  -- 6 : 1 = 0.520627
  -- 6 : 2 = 0.188927
  -- 7 : 1 = 0.656544
  -- 7 : 2 = 0.288878
  -- 8 : 1 = 0.0209403
  -- 8 : 2 = -0.158082
  -- 9 : 1 = -0.782661
  -- 9 : 2 = 0.270303
Out\Act	False		True
False	0.218943	0.623037	0.84198
True	0.0242742	0.133746	0.15802
	0.243218	0.756782
	Accuracy [ (tp + tn) / testSize ]: 0.352689
	Precision [ tp / (tp + fp) ]:      0.176618
	Sensitivity [ tp / (tp + fn) ]:    0.843844
	Specificity [ tn / (tn + fp) ]:    0.259887
	F-Score [ 2tp / (2tp + fp + fn) ]: 0.292252
Particle (14):: Fit: 103.47	PB: 103.47	LB: 114.703	GB: 119.151	Conf: 0.434488	Pts: 55725
Particle (26):: Fit: 112.498	PB: 112.498	LB: 112.74	GB: 119.151	Conf: 0.602543	Pts: 65710
Particle (38):: Fit: 113.915	PB: 113.915	LB: 116.22	GB: 119.151	Conf: 0.846551	Pts: 120724
Particle (32):: Fit: 107.19	PB: 107.19	LB: 111.542	GB: 119.151	Conf: 0.534887	Pts: 55417
Particle (7):: Fit: 109.381	PB: 109.381	LB: 119.151	GB: 119.151	Conf: 0.0894033	Pts: 70409
Particle (1):: Fit: 113.866	PB: 113.866	LB: 119.151	GB: 119.151	Conf: 0.728878	Pts: 260511
Particle (40):: Fit: 103.949	PB: 103.949	LB: 116.22	GB: 119.151	Conf: 0.625772	Pts: 55809
Particle (25):: Fit: 116.228	PB: 116.228	LB: 116.228	GB: 119.151	Conf: 0.248634	Pts: 105306
Particle (12):: Fit: 103.627	PB: 103.627	LB: 114.703	GB: 119.151	Conf: 0.554517	Pts: 60496
Particle (18):: Fit: 113.954	PB: 113.954	LB: 113.971	GB: 119.151	Conf: 0.863066	Pts: 190591
Particle (42):: Fit: 114.526	PB: 114.526	LB: 116.22	GB: 119.151	Conf: 0.602172	Pts: 50695
Particle (35):: Fit: 112.822	PB: 112.822	LB: 116.22	GB: 119.151	Conf: 0.363496	Pts: 180479
Particle (21):: Fit: 114.925	PB: 114.925	LB: 116.228	GB: 119.151	Conf: 0.522865	Pts: 160273
Particle (8):: Fit: 112.081	PB: 112.081	LB: 119.151	GB: 119.151	Conf: 0.574749	Pts: 100067
Particle (28):: Fit: 112.563	PB: 112.563	LB: 116.228	GB: 119.151	Conf: 0.982442	Pts: 90163
Particle (43):: Fit: 111.247	PB: 111.247	LB: 116.22	GB: 119.151	Conf: 0.861889	Pts: 60856
Particle (40):: Fit: 105.25	PB: 105.25	LB: 116.22	GB: 119.151	Conf: 0.740745	Pts: 55831
Particle (14):: Fit: 112.176	PB: 112.176	LB: 114.703	GB: 119.151	Conf: 0.326771	Pts: 55733
Particle (22):: Fit: 106.659	PB: 106.659	LB: 116.228	GB: 119.151	Conf: 0.365701	Pts: 55723
Particle (34):: Fit: 99.5115	PB: 99.5115	LB: 116.22	GB: 119.151	Conf: 0.259028	Pts: 55717
Particle (29):: Fit: 111.852	PB: 111.852	LB: 116.228	GB: 119.151	Conf: 0.696842	Pts: 61211
Particle (22):: Fit: 111.564	PB: 111.564	LB: 116.228	GB: 119.151	Conf: 0.567143	Pts: 55795
Particle (12):: Fit: 105.464	PB: 105.464	LB: 114.703	GB: 119.151	Conf: 0.109857	Pts: 60470
Particle (23):: Fit: 114.814	PB: 114.814	LB: 116.228	GB: 119.151	Conf: 0.262607	Pts: 60664
Particle (26):: Fit: 116.593	PB: 116.593	LB: 116.593	GB: 119.151	Conf: 0.719198	Pts: 115653
Particle (33):: Fit: 111.12	PB: 111.12	LB: 113.915	GB: 119.151	Conf: 0.195531	Pts: 125250
Particle (40):: Fit: 107.127	PB: 107.127	LB: 116.22	GB: 119.151	Conf: 0.72534	Pts: 55838
Particle (1):: Fit: 114.37	PB: 114.37	LB: 119.151	GB: 119.151	Conf: 0.748476	Pts: 260396
Particle (40):: Fit: 109.22	PB: 109.22	LB: 116.22	GB: 119.151	Conf: 0.376415	Pts: 55890
Particle (18):: Fit: 115.394	PB: 115.394	LB: 115.394	GB: 119.151	Conf: 0.775551	Pts: 225491
Particle (43):: Fit: 117.333	PB: 117.333	LB: 117.333	GB: 119.151	Conf: 0.424029	Pts: 110792
Particle (34):: Fit: 107.981	PB: 107.981	LB: 116.22	GB: 119.151	Conf: 0.449356	Pts: 55679
Particle (19):: Fit: 112.355	PB: 112.355	LB: 115.394	GB: 119.151	Conf: 0.220841	Pts: 110281
Particle (27):: Fit: 110.034	PB: 110.034	LB: 116.593	GB: 119.151	Conf: 0.0855542	Pts: 59974
Particle (37):: Fit: 110.224	PB: 110.224	LB: 116.22	GB: 119.151	Conf: 0.445881	Pts: 60273
Particle (19):: Fit: 113.163	PB: 113.163	LB: 115.394	GB: 119.151	Conf: 0.26707	Pts: 110364
Particle (24):: Fit: 114.687	PB: 114.687	LB: 116.593	GB: 119.151	Conf: 0.611072	Pts: 224957
Particle (12):: Fit: 107.271	PB: 107.271	LB: 114.703	GB: 119.151	Conf: 0.52252	Pts: 60446
Particle (32):: Fit: 110.252	PB: 110.252	LB: 112.822	GB: 119.151	Conf: 0.587702	Pts: 55238
Particle (2):: Fit: 107.319	PB: 107.319	LB: 119.151	GB: 119.151	Conf: 0.342443	Pts: 55120
Particle (16):: Fit: 112.468	PB: 112.468	LB: 115.394	GB: 119.151	Conf: 0.554988	Pts: 55146
Particle (12):: Fit: 110.566	PB: 110.566	LB: 114.703	GB: 119.151	Conf: 0.138665	Pts: 60524
Particle (31):: Fit: 112.796	PB: 112.796	LB: 112.822	GB: 119.151	Conf: 0.484759	Pts: 75332
Particle (30):: Fit: 112.137	PB: 112.137	LB: 116.593	GB: 119.151	Conf: 0.596921	Pts: 100080
Particle (47):: Fit: 116.459	PB: 116.459	LB: 117.333	GB: 119.151	Conf: 0.645653	Pts: 95117
Particle (32):: Fit: 112.195	PB: 112.195	LB: 112.822	GB: 119.151	Conf: 0.601311	Pts: 55303
Particle (24):: Fit: 118.161	PB: 118.161	LB: 118.161	GB: 119.151	Conf: 0.627379	Pts: 275009
Particle (7):: Fit: 109.704	PB: 109.704	LB: 119.151	GB: 119.151	Conf: 0.13599	Pts: 70189
Particle (44):: Fit: 113.133	PB: 113.133	LB: 117.333	GB: 119.151	Conf: 0.490048	Pts: 175008
Particle (27):: Fit: 111.145	PB: 111.145	LB: 118.161	GB: 119.151	Conf: 0.102978	Pts: 59968
Particle (4):: Fit: 109.74	PB: 109.74	LB: 119.151	GB: 119.151	Conf: 0.530691	Pts: 60142
Particle (41):: Fit: 113.822	PB: 113.822	LB: 117.333	GB: 119.151	Conf: 0.345602	Pts: 60256
Particle (29):: Fit: 113.609	PB: 113.609	LB: 116.593	GB: 119.151	Conf: 0.666157	Pts: 71032
Particle (41):: Fit: 116.423	PB: 116.423	LB: 117.333	GB: 119.151	Conf: 0.580385	Pts: 70321
Particle (34):: Fit: 108.082	PB: 108.082	LB: 116.22	GB: 119.151	Conf: 0.280627	Pts: 55586
Particle (47):: Fit: 116.786	PB: 116.786	LB: 117.333	GB: 119.151	Conf: 0.568546	Pts: 105079
Particle (27):: Fit: 112.542	PB: 112.542	LB: 118.161	GB: 119.151	Conf: 0.185768	Pts: 59966
Particle (48):: Fit: 106.248	PB: 106.248	LB: 116.786	GB: 119.151	Conf: 0.475155	Pts: 50093
Particle (34):: Fit: 109.89	PB: 109.89	LB: 116.22	GB: 119.151	Conf: 0.248588	Pts: 55624
Particle (2):: Fit: 108.177	PB: 108.177	LB: 119.151	GB: 119.151	Conf: 0.936264	Pts: 54988
Particle (46):: Fit: 111.805	PB: 111.805	LB: 117.333	GB: 119.151	Conf: 0.934231	Pts: 49997
Particle (37):: Fit: 110.694	PB: 110.694	LB: 116.423	GB: 119.151	Conf: 0.977458	Pts: 60101
Particle (16):: Fit: 117.3	PB: 117.3	LB: 117.3	GB: 119.151	Conf: 0.81045	Pts: 94995
Particle (11):: Fit: 109.473	PB: 109.473	LB: 117.3	GB: 119.151	Conf: 0.550183	Pts: 54972
Particle (14):: Fit: 112.414	PB: 112.414	LB: 117.3	GB: 119.151	Conf: 0.232284	Pts: 55378
Particle (35):: Fit: 113.262	PB: 113.262	LB: 116.22	GB: 119.151	Conf: 0.24872	Pts: 180075
Particle (17):: Fit: 116.134	PB: 116.134	LB: 117.3	GB: 119.151	Conf: 0.405553	Pts: 60068
Particle (6):: Fit: 110.197	PB: 110.197	LB: 119.151	GB: 119.151	Conf: 0.71662	Pts: 55347
Particle (20):: Fit: 113.661	PB: 113.661	LB: 118.161	GB: 119.151	Conf: 0.794064	Pts: 74842
Particle (2):: Fit: 108.236	PB: 108.236	LB: 119.151	GB: 119.151	Conf: 0.542969	Pts: 54986
Particle (37):: Fit: 110.719	PB: 110.719	LB: 116.423	GB: 119.151	Conf: 0.963472	Pts: 60096
Particle (22):: Fit: 114.559	PB: 114.559	LB: 118.161	GB: 119.151	Conf: 0.645561	Pts: 55363
Particle (40):: Fit: 112.085	PB: 112.085	LB: 117.333	GB: 119.151	Conf: 0.676895	Pts: 55520
Particle (4):: Fit: 115.338	PB: 115.338	LB: 119.151	GB: 119.151	Conf: 0.600175	Pts: 59879
Particle (37):: Fit: 115.227	PB: 115.227	LB: 116.423	GB: 119.151	Conf: 0.463367	Pts: 70057
Particle (31):: Fit: 114.276	PB: 114.276	LB: 114.276	GB: 119.151	Conf: 0.465557	Pts: 79951
Particle (2):: Fit: 108.309	PB: 108.309	LB: 119.151	GB: 119.151	Conf: 0.593187	Pts: 54908
Particle (44):: Fit: 113.156	PB: 113.156	LB: 117.333	GB: 119.151	Conf: 0.901752	Pts: 174565
Particle (2):: Fit: 109.582	PB: 109.582	LB: 119.151	GB: 119.151	Conf: 0.296164	Pts: 54897
Particle (6):: Fit: 111.945	PB: 111.945	LB: 119.151	GB: 119.151	Conf: 0.750675	Pts: 55077
Particle (38):: Fit: 116.601	PB: 116.601	LB: 117.333	GB: 119.151	Conf: 0.732273	Pts: 144890
Particle (34):: Fit: 112.399	PB: 112.399	LB: 116.601	GB: 119.151	Conf: 0.269049	Pts: 55226
Particle (35):: Fit: 114.014	PB: 114.014	LB: 116.601	GB: 119.151	Conf: 0.519713	Pts: 179756
Particle (8):: Fit: 113.526	PB: 113.526	LB: 119.151	GB: 119.151	Conf: 0.642584	Pts: 99233
Particle (12):: Fit: 111.558	PB: 111.558	LB: 117.3	GB: 119.151	Conf: 0.234773	Pts: 59898
Particle (40):: Fit: 113.985	PB: 113.985	LB: 117.333	GB: 119.151	Conf: 0.65873	Pts: 55269
Particle (28):: Fit: 112.594	PB: 112.594	LB: 118.161	GB: 119.151	Conf: 0.794358	Pts: 89202
Particle (37):: Fit: 115.489	PB: 115.489	LB: 116.601	GB: 119.151	Conf: 0.514439	Pts: 74794
Particle (2):: Fit: 114.9	PB: 114.9	LB: 119.151	GB: 119.151	Conf: 0.811485	Pts: 54752
Particle (37):: Fit: 115.832	PB: 115.832	LB: 116.601	GB: 119.151	Conf: 0.444374	Pts: 79801
Particle (35):: Fit: 119.342	PB: 119.342	LB: 119.342	GB: 119.342	Conf: 0.191022	Pts: 239611
Global: 119.342 - Correct: 69% of 100 tests
Global Best: 
  Inner Net 1
  -- 1 : 1 = 0.494128
  -- 1 : 2 = -0.0234566
  -- 1 : 3 = -0.363006
  -- 1 : 4 = -0.124769
  -- 1 : 5 = -0.523931
  -- 1 : 6 = 0.0733986
  -- 1 : 7 = 0.0995147
  -- 1 : 8 = 0.0613146
  -- 1 : 9 = -0.543985
  -- 2 : 1 = -0.114042
  -- 2 : 2 = 0.276238
  -- 2 : 3 = -0.173916
  -- 2 : 4 = 0.0919052
  -- 2 : 5 = 0.222767
  -- 2 : 6 = 0.285232
  -- 2 : 7 = 0.554092
  -- 2 : 8 = 0.318567
  -- 2 : 9 = -0.14944
  -- 3 : 1 = 0.246418
  -- 3 : 2 = 0.103207
  -- 3 : 3 = 0.0335234
  -- 3 : 4 = 0.170855
  -- 3 : 5 = -0.495589
  -- 3 : 6 = 0.229585
  -- 3 : 7 = 0.0756608
  -- 3 : 8 = -0.000603369
  -- 3 : 9 = -0.030932
  -- 4 : 1 = 0.442375
  -- 4 : 2 = 0.0246446
  -- 4 : 3 = 0.157328
  -- 4 : 4 = 0.0143542
  -- 4 : 5 = 0.0751073
  -- 4 : 6 = 0.186235
  -- 4 : 7 = 0.185026
  -- 4 : 8 = -0.092088
  -- 4 : 9 = -0.217629
  -- 5 : 1 = 0.0479595
  -- 5 : 2 = 0.0383127
  -- 5 : 3 = -0.456594
  -- 5 : 4 = 0.317387
  -- 5 : 5 = -0.116124
  -- 5 : 6 = 0.088782
  -- 5 : 7 = -0.272574
  -- 5 : 8 = -0.00323788
  -- 5 : 9 = 0.0466882
  -- 6 : 1 = 0.23415
  -- 6 : 2 = -0.173093
  -- 6 : 3 = 0.123018
  -- 6 : 4 = -0.109759
  -- 6 : 5 = -0.372557
  -- 6 : 6 = 0.140577
  -- 6 : 7 = -0.0384895
  -- 6 : 8 = -0.183257
  -- 6 : 9 = 0.00957218
  -- 7 : 1 = 0.548924
  -- 7 : 2 = 0.0887419
  -- 7 : 3 = 0.0860448
  -- 7 : 4 = -0.0316145
  -- 7 : 5 = 0.0104413
  -- 7 : 6 = 0.0940275
  -- 7 : 7 = -0.143499
  -- 7 : 8 = -0.390355
  -- 7 : 9 = -0.293865
  -- 8 : 1 = 0.807362
  -- 8 : 2 = 0.0572154
  -- 8 : 3 = 0.592195
  -- 8 : 4 = -0.219541
  -- 8 : 5 = 0.0218285
  -- 8 : 6 = 0.0257366
  -- 8 : 7 = 0.321837
  -- 8 : 8 = 0.00777054
  -- 8 : 9 = 0.0124704
  -- 9 : 1 = 0.370025
  -- 9 : 2 = -0.104204
  -- 9 : 3 = -0.158117
  -- 9 : 4 = -0.0990016
  -- 9 : 5 = 0.258039
  -- 9 : 6 = 0.0349619
  -- 9 : 7 = -0.0173503
  -- 9 : 8 = 0.555896
  -- 9 : 9 = 0.208972
  -- 10 : 1 = 0.69968
  -- 10 : 2 = 0.0756699
  -- 10 : 3 = 0.262547
  -- 10 : 4 = -0.259151
  -- 10 : 5 = -0.176385
  -- 10 : 6 = -0.189651
  -- 10 : 7 = -0.191365
  -- 10 : 8 = -0.47836
  -- 10 : 9 = -0.0770977
  Inner Net 2
  -- 1 : 1 = 0.547211
  -- 1 : 2 = -0.12315
  -- 2 : 1 = 0.0686241
  -- 2 : 2 = 0.215125
  -- 3 : 1 = -0.114707
  -- 3 : 2 = -0.137303
  -- 4 : 1 = -0.53108
  -- 4 : 2 = 0.0612503
  -- 5 : 1 = -0.0724562
  -- 5 : 2 = 0.0967806
  -- 6 : 1 = -0.0591149
  -- 6 : 2 = 0.159925
  -- 7 : 1 = -0.410389
  -- 7 : 2 = 0.315288
  -- 8 : 1 = -0.254373
  -- 8 : 2 = -0.0996749
  -- 9 : 1 = -0.328626
  -- 9 : 2 = -0.0494136
Out\Act	False		True
False	0.15564	0.68634	0.84198
True	0.0195145	0.138505	0.15802
	0.175155	0.824845
	Accuracy [ (tp + tn) / testSize ]: 0.294146
	Precision [ tp / (tp + fp) ]:      0.16782
	Sensitivity [ tp / (tp + fn) ]:    0.873874
	Specificity [ tn / (tn + fp) ]:    0.184746
	F-Score [ 2tp / (2tp + fp + fn) ]: 0.281704
Particle (46):: Fit: 116.993	PB: 116.993	LB: 117.333	GB: 119.342	Conf: 0.926033	Pts: 59380
Particle (19):: Fit: 116.291	PB: 116.291	LB: 118.161	GB: 119.342	Conf: 0.105151	Pts: 109459
Particle (1):: Fit: 114.784	PB: 114.784	LB: 119.151	GB: 119.342	Conf: 0.520292	Pts: 259406
Particle (2):: Fit: 115.633	PB: 115.633	LB: 119.151	GB: 119.342	Conf: 0.388605	Pts: 54522
Particle (0):: Fit: 116.535	PB: 116.535	LB: 119.151	GB: 119.342	Conf: 0.755629	Pts: 109254
Particle (34):: Fit: 115.177	PB: 115.177	LB: 119.342	GB: 119.342	Conf: 0.332062	Pts: 54777
Particle (20):: Fit: 113.982	PB: 113.982	LB: 118.161	GB: 119.342	Conf: 0.267603	Pts: 73964
Particle (8):: Fit: 113.758	PB: 113.758	LB: 119.151	GB: 119.342	Conf: 0.839393	Pts: 98760
Particle (11):: Fit: 110.217	PB: 110.217	LB: 117.3	GB: 119.342	Conf: 0.546739	Pts: 54041
Particle (44):: Fit: 114.451	PB: 114.451	LB: 117.333	GB: 119.342	Conf: 0.891026	Pts: 173955
Particle (26):: Fit: 116.641	PB: 116.641	LB: 118.161	GB: 119.342	Conf: 0.40878	Pts: 119331
Particle (9):: Fit: 116.106	PB: 116.106	LB: 119.151	GB: 119.342	Conf: 0.540179	Pts: 119184
Particle (29):: Fit: 116.512	PB: 116.512	LB: 116.641	GB: 119.342	Conf: 0.326524	Pts: 69846
Particle (29):: Fit: 119.399	PB: 119.399	LB: 119.399	GB: 119.399	Conf: 0.449207	Pts: 129940
Global: 119.399 - Correct: 66% of 100 tests
Global Best: 
  Inner Net 1
  -- 1 : 1 = 0.230306
  -- 1 : 2 = 0.143369
  -- 1 : 3 = -0.061244
  -- 1 : 4 = 0.318631
  -- 1 : 5 = -0.289543
  -- 1 : 6 = 0.300444
  -- 1 : 7 = 0.0658594
  -- 1 : 8 = 0.0409101
  -- 1 : 9 = -0.433035
  -- 2 : 1 = 0.198378
  -- 2 : 2 = -0.0409405
  -- 2 : 3 = -0.111586
  -- 2 : 4 = 0.170615
  -- 2 : 5 = -0.0859286
  -- 2 : 6 = 0.0411882
  -- 2 : 7 = 0.339899
  -- 2 : 8 = -0.170729
  -- 2 : 9 = -0.168916
  -- 3 : 1 = -0.0641577
  -- 3 : 2 = -0.0598395
  -- 3 : 3 = 0.352087
  -- 3 : 4 = -0.156219
  -- 3 : 5 = -0.203681
  -- 3 : 6 = 0.462061
  -- 3 : 7 = -0.189917
  -- 3 : 8 = 0.0613165
  -- 3 : 9 = 0.067158
  -- 4 : 1 = 0.507275
  -- 4 : 2 = 0.11457
  -- 4 : 3 = -0.180182
  -- 4 : 4 = -0.193327
  -- 4 : 5 = -0.0965212
  -- 4 : 6 = -0.250569
  -- 4 : 7 = 0.157841
  -- 4 : 8 = -0.0403589
  -- 4 : 9 = -0.0899445
  -- 5 : 1 = 0.358933
  -- 5 : 2 = -0.0288731
  -- 5 : 3 = -0.161976
  -- 5 : 4 = -0.397907
  -- 5 : 5 = 0.0383954
  -- 5 : 6 = 0.0472922
  -- 5 : 7 = -0.120613
  -- 5 : 8 = 0.159817
  -- 5 : 9 = 0.244912
  -- 6 : 1 = 0.054777
  -- 6 : 2 = -0.230689
  -- 6 : 3 = 0.120576
  -- 6 : 4 = -0.140547
  -- 6 : 5 = -0.0477527
  -- 6 : 6 = -0.216093
  -- 6 : 7 = 0.0529276
  -- 6 : 8 = -0.252517
  -- 6 : 9 = -0.0933082
  -- 7 : 1 = -0.0946937
  -- 7 : 2 = 0.139286
  -- 7 : 3 = 0.356634
  -- 7 : 4 = 0.0951042
  -- 7 : 5 = -0.174413
  -- 7 : 6 = -0.118489
  -- 7 : 7 = 0.187194
  -- 7 : 8 = 0.074196
  -- 7 : 9 = -0.104136
  -- 8 : 1 = 0.796421
  -- 8 : 2 = 0.241477
  -- 8 : 3 = -0.190273
  -- 8 : 4 = 0.00960651
  -- 8 : 5 = -0.0267803
  -- 8 : 6 = -0.0377415
  -- 8 : 7 = 0.193029
  -- 8 : 8 = 0.101045
  -- 8 : 9 = 0.095396
  -- 9 : 1 = 0.306505
  -- 9 : 2 = -0.344836
  -- 9 : 3 = 0.106525
  -- 9 : 4 = 0.0880523
  -- 9 : 5 = -0.312527
  -- 9 : 6 = 0.143233
  -- 9 : 7 = -0.167586
  -- 9 : 8 = 0.0137848
  -- 9 : 9 = 0.3654
  -- 10 : 1 = 0.576606
  -- 10 : 2 = -0.0555829
  -- 10 : 3 = -0.294094
  -- 10 : 4 = -0.138283
  -- 10 : 5 = 0.021544
  -- 10 : 6 = 0.323938
  -- 10 : 7 = -0.134972
  -- 10 : 8 = 0.506144
  -- 10 : 9 = 0.192592
  Inner Net 2
  -- 1 : 1 = -0.0232662
  -- 1 : 2 = -0.257225
  -- 2 : 1 = 0.071913
  -- 2 : 2 = 0.0986413
  -- 3 : 1 = 0.0214466
  -- 3 : 2 = 0.337237
  -- 4 : 1 = -0.269779
  -- 4 : 2 = 0.126414
  -- 5 : 1 = 0.33248
  -- 5 : 2 = 0.118991
  -- 6 : 1 = 0.221102
  -- 6 : 2 = 0.264559
  -- 7 : 1 = 0.496
  -- 7 : 2 = 0.189684
  -- 8 : 1 = 0.0881371
  -- 8 : 2 = 0.217953
  -- 9 : 1 = 0.0123121
  -- 9 : 2 = -0.120349
Out\Act	False		True
False	0.10852	0.73346	0.84198
True	0.0118991	0.146121	0.15802
	0.120419	0.879581
	Accuracy [ (tp + tn) / testSize ]: 0.254641
	Precision [ tp / (tp + fp) ]:      0.166036
	Sensitivity [ tp / (tp + fn) ]:    0.921922
	Specificity [ tn / (tn + fp) ]:    0.128814
	F-Score [ 2tp / (2tp + fp + fn) ]: 0.281522
Particle (30):: Fit: 114.114	PB: 114.114	LB: 119.399	GB: 119.399	Conf: 0.587018	Pts: 98713
Particle (7):: Fit: 109.97	PB: 109.97	LB: 119.151	GB: 119.399	Conf: 0.059474	Pts: 68812
Particle (13):: Fit: 118.423	PB: 118.423	LB: 118.423	GB: 119.399	Conf: 0.800286	Pts: 154179
Particle (8):: Fit: 114.577	PB: 114.577	LB: 119.151	GB: 119.399	Conf: 0.686681	Pts: 98543
Particle (28):: Fit: 112.763	PB: 112.763	LB: 119.399	GB: 119.399	Conf: 0.652076	Pts: 88439
Particle (32):: Fit: 117.225	PB: 117.225	LB: 119.399	GB: 119.399	Conf: 0.559154	Pts: 53676
Particle (39):: Fit: 117.153	PB: 117.153	LB: 119.342	GB: 119.399	Conf: 0.514687	Pts: 308262
Particle (28):: Fit: 114.701	PB: 114.701	LB: 119.399	GB: 119.399	Conf: 0.946416	Pts: 88453
Particle (31):: Fit: 120.442	PB: 120.442	LB: 120.442	GB: 120.442	Conf: 0.491534	Pts: 138741
Global: 120.442 - Correct: 67% of 100 tests
Global Best: 
  Inner Net 1
  -- 1 : 1 = 0.457148
  -- 1 : 2 = 0.310414
  -- 1 : 3 = 0.33231
  -- 1 : 4 = -0.228941
  -- 1 : 5 = 0.125417
  -- 1 : 6 = -0.00631448
  -- 1 : 7 = -0.0993105
  -- 1 : 8 = 0.208955
  -- 1 : 9 = -0.364658
  -- 2 : 1 = 0.2592
  -- 2 : 2 = 0.283172
  -- 2 : 3 = -0.117714
  -- 2 : 4 = -0.148795
  -- 2 : 5 = 0.0381641
  -- 2 : 6 = -0.224817
  -- 2 : 7 = 0.462738
  -- 2 : 8 = 0.20644
  -- 2 : 9 = 0.324473
  -- 3 : 1 = -0.259438
  -- 3 : 2 = -0.0371075
  -- 3 : 3 = 0.0872864
  -- 3 : 4 = -0.0397155
  -- 3 : 5 = -0.0714789
  -- 3 : 6 = -0.0910547
  -- 3 : 7 = -0.105987
  -- 3 : 8 = -0.0132915
  -- 3 : 9 = -0.194777
  -- 4 : 1 = 0.7553
  -- 4 : 2 = -0.0366388
  -- 4 : 3 = 0.105883
  -- 4 : 4 = 0.0257266
  -- 4 : 5 = -0.31092
  -- 4 : 6 = 0.248401
  -- 4 : 7 = 0.134036
  -- 4 : 8 = 0.0378631
  -- 4 : 9 = -0.151746
  -- 5 : 1 = 0.188126
  -- 5 : 2 = -0.330966
  -- 5 : 3 = 0.120589
  -- 5 : 4 = -0.349274
  -- 5 : 5 = -0.142623
  -- 5 : 6 = 0.28167
  -- 5 : 7 = -0.103535
  -- 5 : 8 = -0.0236214
  -- 5 : 9 = -0.0100588
  -- 6 : 1 = 0.61081
  -- 6 : 2 = -0.167272
  -- 6 : 3 = 0.115028
  -- 6 : 4 = -0.00331273
  -- 6 : 5 = -0.309638
  -- 6 : 6 = -0.0404193
  -- 6 : 7 = -0.119291
  -- 6 : 8 = 0.322973
  -- 6 : 9 = -0.069311
  -- 7 : 1 = -0.174188
  -- 7 : 2 = 0.00254262
  -- 7 : 3 = -0.00862231
  -- 7 : 4 = 0.0335003
  -- 7 : 5 = -0.0664803
  -- 7 : 6 = 0.157324
  -- 7 : 7 = -0.285176
  -- 7 : 8 = -0.120521
  -- 7 : 9 = 0.0963941
  -- 8 : 1 = 0
  -- 8 : 2 = -0.231179
  -- 8 : 3 = -0.0860806
  -- 8 : 4 = -0.00492241
  -- 8 : 5 = -0.0781125
  -- 8 : 6 = -0.162091
  -- 8 : 7 = 0.551589
  -- 8 : 8 = 0.0269269
  -- 8 : 9 = 0.0938027
  -- 9 : 1 = -0.0901772
  -- 9 : 2 = 0.268853
  -- 9 : 3 = 0.23691
  -- 9 : 4 = 0.00486974
  -- 9 : 5 = 0.183977
  -- 9 : 6 = -0.307084
  -- 9 : 7 = -0.039362
  -- 9 : 8 = -0.059493
  -- 9 : 9 = -0.185613
  -- 10 : 1 = 0.184073
  -- 10 : 2 = -0.0326778
  -- 10 : 3 = -0.223459
  -- 10 : 4 = 0.199124
  -- 10 : 5 = -0.251257
  -- 10 : 6 = 0.345782
  -- 10 : 7 = -0.388512
  -- 10 : 8 = 0.352948
  -- 10 : 9 = -0.211883
  Inner Net 2
  -- 1 : 1 = 0.225028
  -- 1 : 2 = 0.0152228
  -- 2 : 1 = 0.319195
  -- 2 : 2 = -0.15217
  -- 3 : 1 = -0.0613902
  -- 3 : 2 = 0.360911
  -- 4 : 1 = 0.493161
  -- 4 : 2 = -0.252782
  -- 5 : 1 = 0.306403
  -- 5 : 2 = 0.179471
  -- 6 : 1 = -0.13001
  -- 6 : 2 = 0.239812
  -- 7 : 1 = 0.485987
  -- 7 : 2 = 0.0421572
  -- 8 : 1 = 0.0979297
  -- 8 : 2 = -0.116877
  -- 9 : 1 = -0.228501
  -- 9 : 2 = 0.423575
Out\Act	False		True
False	0.065683	0.776297	0.84198
True	0.00761542	0.150405	0.15802
	0.0732984	0.926702
	Accuracy [ (tp + tn) / testSize ]: 0.216088
	Precision [ tp / (tp + fp) ]:      0.162218
	Sensitivity [ tp / (tp + fn) ]:    0.948949
	Specificity [ tn / (tn + fp) ]:    0.0779661
	F-Score [ 2tp / (2tp + fp + fn) ]: 0.277193
Particle (2):: Fit: 118.061	PB: 118.061	LB: 119.151	GB: 120.442	Conf: 0.538938	Pts: 68950
Particle (22):: Fit: 117.731	PB: 117.731	LB: 118.161	GB: 120.442	Conf: 0.646494	Pts: 58836
Particle (40):: Fit: 114.13	PB: 114.13	LB: 117.333	GB: 120.442	Conf: 0.29862	Pts: 54086
Particle (18):: Fit: 121.289	PB: 121.289	LB: 121.289	GB: 121.289	Conf: 0.7695	Pts: 283489
Global: 121.289 - Correct: 69% of 100 tests
Global Best: 
  Inner Net 1
  -- 1 : 1 = 0.463324
  -- 1 : 2 = 0.257579
  -- 1 : 3 = 0.312746
  -- 1 : 4 = -0.0653432
  -- 1 : 5 = -0.171646
  -- 1 : 6 = -0.260455
  -- 1 : 7 = -0.163338
  -- 1 : 8 = 0.0192772
  -- 1 : 9 = -0.344203
  -- 2 : 1 = 0.448873
  -- 2 : 2 = -0.192167
  -- 2 : 3 = -0.0495096
  -- 2 : 4 = 0.133865
  -- 2 : 5 = 0.240895
  -- 2 : 6 = 0.0248798
  -- 2 : 7 = 0.0909957
  -- 2 : 8 = 0.39736
  -- 2 : 9 = 0.644451
  -- 3 : 1 = 0.875403
  -- 3 : 2 = 0.0433083
  -- 3 : 3 = 0.483891
  -- 3 : 4 = 0.295561
  -- 3 : 5 = 0.0630429
  -- 3 : 6 = 0.0388898
  -- 3 : 7 = -0.0064816
  -- 3 : 8 = 0.205593
  -- 3 : 9 = -0.207948
  -- 4 : 1 = 0.104014
  -- 4 : 2 = -0.195296
  -- 4 : 3 = 0.0327006
  -- 4 : 4 = -0.245498
  -- 4 : 5 = -0.0316404
  -- 4 : 6 = 0.314169
  -- 4 : 7 = 0.040796
  -- 4 : 8 = -0.0136138
  -- 4 : 9 = 0.230441
  -- 5 : 1 = 0.892361
  -- 5 : 2 = 0.129283
  -- 5 : 3 = 0.349518
  -- 5 : 4 = -0.155393
  -- 5 : 5 = 0.273418
  -- 5 : 6 = 0.575976
  -- 5 : 7 = 0.241222
  -- 5 : 8 = 0.205227
  -- 5 : 9 = 0.402013
  -- 6 : 1 = 0.246999
  -- 6 : 2 = -0.445848
  -- 6 : 3 = 0.0923709
  -- 6 : 4 = 0.196954
  -- 6 : 5 = 0.371041
  -- 6 : 6 = 0.394732
  -- 6 : 7 = 0.141593
  -- 6 : 8 = -0.200647
  -- 6 : 9 = 0.2144
  -- 7 : 1 = -0.00454734
  -- 7 : 2 = -0.0289988
  -- 7 : 3 = -0.272707
  -- 7 : 4 = 0.260662
  -- 7 : 5 = -0.0836336
  -- 7 : 6 = 0.211308
  -- 7 : 7 = -0.0277995
  -- 7 : 8 = 0.150242
  -- 7 : 9 = 0.126428
  -- 8 : 1 = 0.490679
  -- 8 : 2 = -0.0450553
  -- 8 : 3 = -0.0166226
  -- 8 : 4 = 0.363517
  -- 8 : 5 = 0.0850384
  -- 8 : 6 = 0.273399
  -- 8 : 7 = 0.360349
  -- 8 : 8 = -0.0215402
  -- 8 : 9 = 0.0607889
  -- 9 : 1 = -0.0783806
  -- 9 : 2 = -0.0295547
  -- 9 : 3 = 0.2151
  -- 9 : 4 = 0.218708
  -- 9 : 5 = 0.110467
  -- 9 : 6 = -0.31106
  -- 9 : 7 = 0.028092
  -- 9 : 8 = -0.149222
  -- 9 : 9 = 0.152729
  -- 10 : 1 = 0.247695
  -- 10 : 2 = -0.129009
  -- 10 : 3 = 0.125517
  -- 10 : 4 = -0.0232678
  -- 10 : 5 = 0.178939
  -- 10 : 6 = 0.215312
  -- 10 : 7 = 0.160819
  -- 10 : 8 = -0.155494
  -- 10 : 9 = 0.081629
  Inner Net 2
  -- 1 : 1 = 0.155306
  -- 1 : 2 = 0.161535
  -- 2 : 1 = -0.00205615
  -- 2 : 2 = -0.268454
  -- 3 : 1 = -0.515865
  -- 3 : 2 = -0.160851
  -- 4 : 1 = 0.00394523
  -- 4 : 2 = 0.668368
  -- 5 : 1 = -0.415722
  -- 5 : 2 = 0.0532507
  -- 6 : 1 = -0.00329489
  -- 6 : 2 = -0.28446
  -- 7 : 1 = 0.0656884
  -- 7 : 2 = 0.301569
  -- 8 : 1 = -0.035414
  -- 8 : 2 = -0.0139468
  -- 9 : 1 = -0.593557
  -- 9 : 2 = -0.076194
Out\Act	False		True
False	0.0723465	0.769634	0.84198
True	0.00475964	0.15326	0.15802
	0.0771061	0.922894
	Accuracy [ (tp + tn) / testSize ]: 0.225607
	Precision [ tp / (tp + fp) ]:      0.165979
	Sensitivity [ tp / (tp + fn) ]:    0.966967
	Specificity [ tn / (tn + fp) ]:    0.0858757
	F-Score [ 2tp / (2tp + fp + fn) ]: 0.283451
Particle (12):: Fit: 111.778	PB: 111.778	LB: 118.423	GB: 121.289	Conf: 0.0976953	Pts: 58612
Particle (3):: Fit: 116.634	PB: 116.634	LB: 119.151	GB: 121.289	Conf: 0.554627	Pts: 257839
Particle (11):: Fit: 113.132	PB: 113.132	LB: 118.423	GB: 121.289	Conf: 0.48889	Pts: 53301
Particle (42):: Fit: 115.041	PB: 115.041	LB: 117.333	GB: 121.289	Conf: 0.628366	Pts: 48219
Particle (2):: Fit: 119.811	PB: 119.811	LB: 119.811	GB: 121.289	Conf: 0.886294	Pts: 118603
Particle (14):: Fit: 116.538	PB: 116.538	LB: 121.289	GB: 121.289	Conf: 0.523686	Pts: 53386
Particle (12):: Fit: 111.9	PB: 111.9	LB: 118.423	GB: 121.289	Conf: 0.625475	Pts: 58413
Particle (4):: Fit: 119.208	PB: 119.208	LB: 119.811	GB: 121.289	Conf: 0.82348	Pts: 68003
Particle (43):: Fit: 117.75	PB: 117.75	LB: 117.75	GB: 121.289	Conf: 0.494029	Pts: 143400
Particle (21):: Fit: 119.733	PB: 119.733	LB: 121.289	GB: 121.289	Conf: 0.332212	Pts: 172687
Particle (27):: Fit: 114.09	PB: 114.09	LB: 120.442	GB: 121.289	Conf: 0.199202	Pts: 57620
Particle (28):: Fit: 114.755	PB: 114.755	LB: 120.442	GB: 121.289	Conf: 0.862165	Pts: 87603
Particle (44):: Fit: 116.131	PB: 116.131	LB: 117.75	GB: 121.289	Conf: 0.85642	Pts: 172644
Particle (1):: Fit: 118.22	PB: 118.22	LB: 119.811	GB: 121.289	Conf: 0.514875	Pts: 262604
Particle (40):: Fit: 115.518	PB: 115.518	LB: 117.75	GB: 121.289	Conf: 0.260892	Pts: 53131
Particle (33):: Fit: 112.353	PB: 112.353	LB: 120.442	GB: 121.289	Conf: 0.158269	Pts: 122040
Particle (7):: Fit: 111.349	PB: 111.349	LB: 119.208	GB: 121.289	Conf: 0.143743	Pts: 67112
Particle (48):: Fit: 111.192	PB: 111.192	LB: 119.811	GB: 121.289	Conf: 0.474501	Pts: 46859
Particle (26):: Fit: 117.945	PB: 117.945	LB: 120.442	GB: 121.289	Conf: 0.82788	Pts: 117341
Particle (27):: Fit: 115.474	PB: 115.474	LB: 120.442	GB: 121.289	Conf: 0.327278	Pts: 56927
Particle (8):: Fit: 115.045	PB: 115.045	LB: 119.208	GB: 121.289	Conf: 0.515751	Pts: 96794
Particle (23):: Fit: 117.591	PB: 117.591	LB: 119.733	GB: 121.289	Conf: 0.454152	Pts: 57139
Particle (7):: Fit: 112.761	PB: 112.761	LB: 119.208	GB: 121.289	Conf: 0.158521	Pts: 66925
Particle (20):: Fit: 114.134	PB: 114.134	LB: 121.289	GB: 121.289	Conf: 0.684053	Pts: 71674
Particle (11):: Fit: 113.394	PB: 113.394	LB: 118.423	GB: 121.289	Conf: 0.52984	Pts: 51796
Particle (19):: Fit: 116.779	PB: 116.779	LB: 121.289	GB: 121.289	Conf: 0.585048	Pts: 106784
Particle (3):: Fit: 117.451	PB: 117.451	LB: 119.811	GB: 121.289	Conf: 0.490793	Pts: 256222
Particle (33):: Fit: 113.058	PB: 113.058	LB: 120.442	GB: 121.289	Conf: 0.15696	Pts: 121117
Particle (40):: Fit: 115.863	PB: 115.863	LB: 117.75	GB: 121.289	Conf: 0.436335	Pts: 51974
Particle (7):: Fit: 112.944	PB: 112.944	LB: 119.208	GB: 121.289	Conf: 0.0734384	Pts: 66201
Particle (36):: Fit: 113.396	PB: 113.396	LB: 119.342	GB: 121.289	Conf: 1.89038	Pts: 65569
Particle (12):: Fit: 115.17	PB: 115.17	LB: 118.423	GB: 121.289	Conf: 0.822368	Pts: 56417
Particle (8):: Fit: 115.155	PB: 115.155	LB: 119.208	GB: 121.289	Conf: 0.827076	Pts: 95845
Particle (38):: Fit: 116.876	PB: 116.876	LB: 119.342	GB: 121.289	Conf: 0.78631	Pts: 140913
Particle (37):: Fit: 119.181	PB: 119.181	LB: 119.342	GB: 121.289	Conf: 0.950364	Pts: 85988
Particle (20):: Fit: 114.153	PB: 114.153	LB: 121.289	GB: 121.289	Conf: 0.446459	Pts: 70632
Particle (17):: Fit: 117.224	PB: 117.224	LB: 121.289	GB: 121.289	Conf: 0.899923	Pts: 55377
Particle (20):: Fit: 114.867	PB: 114.867	LB: 121.289	GB: 121.289	Conf: 0.745777	Pts: 70417
Particle (42):: Fit: 115.408	PB: 115.408	LB: 117.75	GB: 121.289	Conf: 0.60159	Pts: 45101
Particle (42):: Fit: 116.229	PB: 116.229	LB: 117.75	GB: 121.289	Conf: 0.608426	Pts: 44999
Particle (25):: Fit: 118.587	PB: 118.587	LB: 119.733	GB: 121.289	Conf: 0.808422	Pts: 99484
Particle (11):: Fit: 113.565	PB: 113.565	LB: 118.423	GB: 121.289	Conf: 0.561952	Pts: 49858
Particle (7):: Fit: 113.474	PB: 113.474	LB: 119.208	GB: 121.289	Conf: 0.28757	Pts: 64886
Particle (11):: Fit: 114.843	PB: 114.843	LB: 118.423	GB: 121.289	Conf: 0.513936	Pts: 49766
Particle (20):: Fit: 116.781	PB: 116.781	LB: 121.289	GB: 121.289	Conf: 0.255281	Pts: 69655
Particle (7):: Fit: 116.883	PB: 116.883	LB: 119.208	GB: 121.289	Conf: 0.0904375	Pts: 64705
Particle (32):: Fit: 117.348	PB: 117.348	LB: 120.442	GB: 121.289	Conf: 0.532702	Pts: 49262
Particle (43):: Fit: 118.898	PB: 118.898	LB: 118.898	GB: 121.289	Conf: 0.857023	Pts: 164671
Particle (8):: Fit: 116.366	PB: 116.366	LB: 119.208	GB: 121.289	Conf: 0.378609	Pts: 94103
Particle (30):: Fit: 114.509	PB: 114.509	LB: 120.442	GB: 121.289	Conf: 0.39728	Pts: 93803
Particle (19):: Fit: 118.092	PB: 118.092	LB: 121.289	GB: 121.289	Conf: 0.582686	Pts: 104199
Particle (15):: Fit: 108.615	PB: 108.615	LB: 121.289	GB: 121.289	Conf: 1.90935	Pts: 153129
Particle (26):: Fit: 118.133	PB: 118.133	LB: 120.442	GB: 121.289	Conf: 0.318608	Pts: 114150
Particle (30):: Fit: 115.723	PB: 115.723	LB: 120.442	GB: 121.289	Conf: 0.591878	Pts: 93459
Particle (48):: Fit: 113.061	PB: 113.061	LB: 119.811	GB: 121.289	Conf: 0.518176	Pts: 43353
Particle (9):: Fit: 116.389	PB: 116.389	LB: 119.151	GB: 121.289	Conf: 0.428962	Pts: 113703
Particle (43):: Fit: 119.71	PB: 119.71	LB: 119.71	GB: 121.289	Conf: 0.414057	Pts: 208789
Particle (5):: Fit: 120.868	PB: 120.868	LB: 120.868	GB: 121.289	Conf: 0.799974	Pts: 207987
Particle (10):: Fit: 108.899	PB: 108.899	LB: 118.423	GB: 121.289	Conf: 1.89815	Pts: 62230
Particle (49):: Fit: 115.839	PB: 115.839	LB: 119.811	GB: 121.289	Conf: 0.8901	Pts: 102541
Particle (8):: Fit: 119.56	PB: 119.56	LB: 120.868	GB: 121.289	Conf: 0.379106	Pts: 107720
Global Best: 
  Inner Net 1
  -- 1 : 1 = 0.463324
  -- 1 : 2 = 0.257579
  -- 1 : 3 = 0.312746
  -- 1 : 4 = -0.0653432
  -- 1 : 5 = -0.171646
  -- 1 : 6 = -0.260455
  -- 1 : 7 = -0.163338
  -- 1 : 8 = 0.0192772
  -- 1 : 9 = -0.344203
  -- 2 : 1 = 0.448873
  -- 2 : 2 = -0.192167
  -- 2 : 3 = -0.0495096
  -- 2 : 4 = 0.133865
  -- 2 : 5 = 0.240895
  -- 2 : 6 = 0.0248798
  -- 2 : 7 = 0.0909957
  -- 2 : 8 = 0.39736
  -- 2 : 9 = 0.644451
  -- 3 : 1 = 0.875403
  -- 3 : 2 = 0.0433083
  -- 3 : 3 = 0.483891
  -- 3 : 4 = 0.295561
  -- 3 : 5 = 0.0630429
  -- 3 : 6 = 0.0388898
  -- 3 : 7 = -0.0064816
  -- 3 : 8 = 0.205593
  -- 3 : 9 = -0.207948
  -- 4 : 1 = 0.104014
  -- 4 : 2 = -0.195296
  -- 4 : 3 = 0.0327006
  -- 4 : 4 = -0.245498
  -- 4 : 5 = -0.0316404
  -- 4 : 6 = 0.314169
  -- 4 : 7 = 0.040796
  -- 4 : 8 = -0.0136138
  -- 4 : 9 = 0.230441
  -- 5 : 1 = 0.892361
  -- 5 : 2 = 0.129283
  -- 5 : 3 = 0.349518
  -- 5 : 4 = -0.155393
  -- 5 : 5 = 0.273418
  -- 5 : 6 = 0.575976
  -- 5 : 7 = 0.241222
  -- 5 : 8 = 0.205227
  -- 5 : 9 = 0.402013
  -- 6 : 1 = 0.246999
  -- 6 : 2 = -0.445848
  -- 6 : 3 = 0.0923709
  -- 6 : 4 = 0.196954
  -- 6 : 5 = 0.371041
  -- 6 : 6 = 0.394732
  -- 6 : 7 = 0.141593
  -- 6 : 8 = -0.200647
  -- 6 : 9 = 0.2144
  -- 7 : 1 = -0.00454734
  -- 7 : 2 = -0.0289988
  -- 7 : 3 = -0.272707
  -- 7 : 4 = 0.260662
  -- 7 : 5 = -0.0836336
  -- 7 : 6 = 0.211308
  -- 7 : 7 = -0.0277995
  -- 7 : 8 = 0.150242
  -- 7 : 9 = 0.126428
  -- 8 : 1 = 0.490679
  -- 8 : 2 = -0.0450553
  -- 8 : 3 = -0.0166226
  -- 8 : 4 = 0.363517
  -- 8 : 5 = 0.0850384
  -- 8 : 6 = 0.273399
  -- 8 : 7 = 0.360349
  -- 8 : 8 = -0.0215402
  -- 8 : 9 = 0.0607889
  -- 9 : 1 = -0.0783806
  -- 9 : 2 = -0.0295547
  -- 9 : 3 = 0.2151
  -- 9 : 4 = 0.218708
  -- 9 : 5 = 0.110467
  -- 9 : 6 = -0.31106
  -- 9 : 7 = 0.028092
  -- 9 : 8 = -0.149222
  -- 9 : 9 = 0.152729
  -- 10 : 1 = 0.247695
  -- 10 : 2 = -0.129009
  -- 10 : 3 = 0.125517
  -- 10 : 4 = -0.0232678
  -- 10 : 5 = 0.178939
  -- 10 : 6 = 0.215312
  -- 10 : 7 = 0.160819
  -- 10 : 8 = -0.155494
  -- 10 : 9 = 0.081629
  Inner Net 2
  -- 1 : 1 = 0.155306
  -- 1 : 2 = 0.161535
  -- 2 : 1 = -0.00205615
  -- 2 : 2 = -0.268454
  -- 3 : 1 = -0.515865
  -- 3 : 2 = -0.160851
  -- 4 : 1 = 0.00394523
  -- 4 : 2 = 0.668368
  -- 5 : 1 = -0.415722
  -- 5 : 2 = 0.0532507
  -- 6 : 1 = -0.00329489
  -- 6 : 2 = -0.28446
  -- 7 : 1 = 0.0656884
  -- 7 : 2 = 0.301569
  -- 8 : 1 = -0.035414
  -- 8 : 2 = -0.0139468
  -- 9 : 1 = -0.593557
  -- 9 : 2 = -0.076194
Out\Act	False		True
False	0.0723465	0.769634	0.84198
True	0.00475964	0.15326	0.15802
	0.0771061	0.922894
	Accuracy [ (tp + tn) / testSize ]: 0.225607
	Precision [ tp / (tp + fp) ]:      0.165979
	Sensitivity [ tp / (tp + fn) ]:    0.966967
	Specificity [ tn / (tn + fp) ]:    0.0858757
	F-Score [ 2tp / (2tp + fp + fn) ]: 0.283451
