
Date / Time: Fri Mar 31 03:02:24 2017

   ****************************************
   * PSO Neural Net (Gaussian Activation) *
   *       by William Boler, BSCE         *
   *     Research Assistant, IUPUI        *
   *                                      *
   *  Professor: Dr. Lauren Christopher   *
   *     Created: March 13, 2017          *
   ****************************************


Inputs: 6
Inner Nets: 1
 - 3
Tests per train(min): 100
Particles: 50
Neighbors: 10
Minimum Particle Iterations: 1000
Particle (0):: Fit: 0.0104126	PB: 0.0104126	LB: 0.0104126	GB: 0.0104126	Conf: 2	Pts: 110099
Particle (1):: Fit: 0.0110215	PB: 0.0110215	LB: 0.0110215	GB: 0.0110215	Conf: 2	Pts: 110099
Particle (2):: Fit: 0.114306	PB: 0.114306	LB: 0.114306	GB: 0.114306	Conf: 1.8473	Pts: 110099
Particle (3):: Fit: 0.0116312	PB: 0.0116312	LB: 0.114306	GB: 0.114306	Conf: 0.941823	Pts: 55099
Particle (4):: Fit: 0.000939754	PB: 0.000939754	LB: 0.114306	GB: 0.114306	Conf: 2	Pts: 55099
Particle (5):: Fit: 0.000899152	PB: 0.000899152	LB: 0.114306	GB: 0.114306	Conf: 2	Pts: 55099
Particle (6):: Fit: 0.0108186	PB: 0.0108186	LB: 0.114306	GB: 0.114306	Conf: 2	Pts: 65099
Particle (7):: Fit: 0.010413	PB: 0.010413	LB: 0.0116312	GB: 0.114306	Conf: 1.98859	Pts: 55099
Particle (8):: Fit: 0.000960055	PB: 0.000960055	LB: 0.0108186	GB: 0.114306	Conf: 2	Pts: 55099
Particle (9):: Fit: 0.00102101	PB: 0.00102101	LB: 0.0108186	GB: 0.114306	Conf: 0.232579	Pts: 60099
Particle (10):: Fit: 0.00102096	PB: 0.00102096	LB: 0.0108186	GB: 0.114306	Conf: 2	Pts: 55099
Particle (11):: Fit: 0.128362	PB: 0.128362	LB: 0.128362	GB: 0.128362	Conf: 1.21885	Pts: 110099
Particle (12):: Fit: 0.000960063	PB: 0.000960063	LB: 0.128362	GB: 0.128362	Conf: 1.71467	Pts: 55099
Particle (13):: Fit: 0.00079764	PB: 0.00079764	LB: 0.128362	GB: 0.128362	Conf: 2	Pts: 55099
Particle (14):: Fit: 0.00087885	PB: 0.00087885	LB: 0.128362	GB: 0.128362	Conf: 2	Pts: 60099
Particle (15):: Fit: 0.00096005	PB: 0.00096005	LB: 0.128362	GB: 0.128362	Conf: 1.89708	Pts: 65099
Particle (16):: Fit: 0.000958562	PB: 0.000958562	LB: 0.000960063	GB: 0.128362	Conf: 1.38837	Pts: 55099
Particle (17):: Fit: 0.000817943	PB: 0.000817943	LB: 0.00096005	GB: 0.128362	Conf: 2	Pts: 55099
Particle (18):: Fit: 0.000899152	PB: 0.000899152	LB: 0.00096005	GB: 0.128362	Conf: 2	Pts: 60099
Particle (19):: Fit: 0.0104126	PB: 0.0104126	LB: 0.0104126	GB: 0.128362	Conf: 2	Pts: 90099
Particle (20):: Fit: 0.000899152	PB: 0.000899152	LB: 0.0104126	GB: 0.128362	Conf: 2	Pts: 55099
Particle (21):: Fit: 0.0114273	PB: 0.0114273	LB: 0.0114273	GB: 0.128362	Conf: 1.7648	Pts: 100099
Particle (22):: Fit: 0.0114275	PB: 0.0114275	LB: 0.0114275	GB: 0.128362	Conf: 2	Pts: 100099
Particle (23):: Fit: 0.0104126	PB: 0.0104126	LB: 0.0114275	GB: 0.128362	Conf: 1.92519	Pts: 55099
Particle (24):: Fit: 0.000939754	PB: 0.000939754	LB: 0.0114275	GB: 0.128362	Conf: 2	Pts: 55099
Particle (25):: Fit: 0.00100066	PB: 0.00100066	LB: 0.0114275	GB: 0.128362	Conf: 2	Pts: 60099
Particle (26):: Fit: 0.00100066	PB: 0.00100066	LB: 0.0114275	GB: 0.128362	Conf: 2	Pts: 55099
Particle (27):: Fit: 0.0110215	PB: 0.0110215	LB: 0.0110215	GB: 0.128362	Conf: 2	Pts: 75099
Particle (28):: Fit: 0.0112245	PB: 0.0112245	LB: 0.0112245	GB: 0.128362	Conf: 2	Pts: 80099
Particle (29):: Fit: 0.00980916	PB: 0.00980916	LB: 0.0112245	GB: 0.128362	Conf: 1.96289	Pts: 55099
Particle (30):: Fit: 0.00102096	PB: 0.00102096	LB: 0.0112245	GB: 0.128362	Conf: 2	Pts: 55099
Particle (31):: Fit: 0.0114282	PB: 0.0114282	LB: 0.0114282	GB: 0.128362	Conf: 1.98764	Pts: 100099
Particle (32):: Fit: 0.0110215	PB: 0.0110215	LB: 0.0114282	GB: 0.128362	Conf: 2	Pts: 55099
Particle (33):: Fit: 0.000919453	PB: 0.000919453	LB: 0.0114282	GB: 0.128362	Conf: 2	Pts: 55099
Particle (34):: Fit: 0.0118345	PB: 0.0118345	LB: 0.0118345	GB: 0.128362	Conf: 0.353155	Pts: 100099
Particle (35):: Fit: 0.0108186	PB: 0.0108186	LB: 0.0118345	GB: 0.128362	Conf: 2	Pts: 55099
Particle (36):: Fit: 0.0112338	PB: 0.0112338	LB: 0.0118345	GB: 0.128362	Conf: 1.82197	Pts: 60099
Particle (37):: Fit: 9.61506e-005	PB: 9.61506e-005	LB: 0.0118345	GB: 0.128362	Conf: 0.800698	Pts: 55099
Particle (38):: Fit: 0.000960072	PB: 0.000960072	LB: 0.0118345	GB: 0.128362	Conf: 1.3782	Pts: 60099
Particle (39):: Fit: 0.00877421	PB: 0.00877421	LB: 0.0112338	GB: 0.128362	Conf: 1.75745	Pts: 65099
Particle (40):: Fit: 0.000939754	PB: 0.000939754	LB: 0.0112338	GB: 0.128362	Conf: 2	Pts: 55099
Particle (41):: Fit: 0.000817978	PB: 0.000817978	LB: 0.00877421	GB: 0.128362	Conf: 0.514244	Pts: 50099
Particle (42):: Fit: 0.0116305	PB: 0.0116305	LB: 0.0116305	GB: 0.128362	Conf: 2	Pts: 90099
Particle (43):: Fit: 0.0108186	PB: 0.0108186	LB: 0.0116305	GB: 0.128362	Conf: 2	Pts: 50099
Particle (44):: Fit: 0.0110216	PB: 0.0110216	LB: 0.0116305	GB: 0.128362	Conf: 1.97029	Pts: 50099
Particle (45):: Fit: 0.000858548	PB: 0.000858548	LB: 0.0116305	GB: 0.128362	Conf: 2	Pts: 50099
Particle (46):: Fit: 0.0106156	PB: 0.0106156	LB: 0.0116305	GB: 0.128362	Conf: 2	Pts: 50099
Particle (47):: Fit: 0.000817934	PB: 0.000817934	LB: 0.114306	GB: 0.128362	Conf: 1.96118	Pts: 50099
Particle (48):: Fit: 0.00087885	PB: 0.00087885	LB: 0.114306	GB: 0.128362	Conf: 2	Pts: 50099
Particle (49):: Fit: 0.0104173	PB: 0.0104173	LB: 0.114306	GB: 0.128362	Conf: 1.92171	Pts: 50099
Global: 0.128362 - Correct: 69% of 100 tests
Global Best: 
  Inner Net 1
  -- 1 : 1 = 0.2795
  -- 1 : 2 = 0.5307
  -- 1 : 3 = 0.1343
  -- 2 : 1 = 0.0923
  -- 2 : 2 = 0.1378
  -- 2 : 3 = 0.2216
  -- 3 : 1 = 0.1795
  -- 3 : 2 = 0.9821
  -- 3 : 3 = 0.1642
  -- 4 : 1 = 0.1203
  -- 4 : 2 = 0.5672
  -- 4 : 3 = 0.9608
  -- 5 : 1 = 0.7118
  -- 5 : 2 = 0.1581
  -- 5 : 3 = 0.8321
  -- 6 : 1 = 0.3728
  -- 6 : 2 = 0.4494
  -- 6 : 3 = 0.1536
  Inner Net 2
  -- 1 : 1 = 0.0518565
  -- 1 : 2 = 0.3466
  -- 2 : 1 = 0.4447
  -- 2 : 2 = 0.4882
  -- 3 : 1 = 0.2706
  -- 3 : 2 = -0.0004
Out\Act	False		True
False	0.666349	0.175631	0.84198
True	0.078534	0.079486	0.15802
	0.744883	0.255117
	Accuracy [ (tp + tn) / testSize ]: 0.745835
	Precision [ tp / (tp + fp) ]:      0.310987
	Sensitivity [ tp / (tp + fn) ]:    0.501502
	Specificity [ tn / (tn + fp) ]:    0.79096
	F-Score [ 2tp / (2tp + fp + fn) ]: 0.38435
Particle (2):: Fit: 0.124474	PB: 0.124474	LB: 0.124474	GB: 0.128362	Conf: 1.87671	Pts: 155198
Particle (4):: Fit: 0.0112245	PB: 0.0112245	LB: 0.124474	GB: 0.128362	Conf: 2	Pts: 55198
Particle (5):: Fit: 0.0106156	PB: 0.0106156	LB: 0.124474	GB: 0.128362	Conf: 2	Pts: 55198
Particle (6):: Fit: 0.0112245	PB: 0.0112245	LB: 0.128362	GB: 0.128362	Conf: 2	Pts: 65198
Particle (7):: Fit: 0.0106161	PB: 0.0106161	LB: 0.128362	GB: 0.128362	Conf: 1.98723	Pts: 55198
Particle (8):: Fit: 0.00100066	PB: 0.00100066	LB: 0.128362	GB: 0.128362	Conf: 2	Pts: 55198
Particle (12):: Fit: 0.1041	PB: 0.1041	LB: 0.128362	GB: 0.128362	Conf: 1.76078	Pts: 60198
Particle (13):: Fit: 0.000980356	PB: 0.000980356	LB: 0.128362	GB: 0.128362	Conf: 2	Pts: 55198
Particle (14):: Fit: 0.000878874	PB: 0.000878874	LB: 0.128362	GB: 0.128362	Conf: 1.96304	Pts: 60198
Particle (15):: Fit: 0.00980733	PB: 0.00980733	LB: 0.128362	GB: 0.128362	Conf: 1.91794	Pts: 65198
Particle (16):: Fit: 0.0114276	PB: 0.0114276	LB: 0.1041	GB: 0.128362	Conf: 1.33809	Pts: 75198
Particle (17):: Fit: 0.0110215	PB: 0.0110215	LB: 0.0114276	GB: 0.128362	Conf: 2	Pts: 55198
Particle (19):: Fit: 0.0122395	PB: 0.0122395	LB: 0.0122395	GB: 0.128362	Conf: 2	Pts: 125198
Particle (20):: Fit: 0.0116305	PB: 0.0116305	LB: 0.0122395	GB: 0.128362	Conf: 2	Pts: 60198
Particle (23):: Fit: 0.0114275	PB: 0.0114275	LB: 0.0122395	GB: 0.128362	Conf: 1.92879	Pts: 60198
Particle (24):: Fit: 0.0106156	PB: 0.0106156	LB: 0.0116305	GB: 0.128362	Conf: 2	Pts: 55198
Particle (25):: Fit: 0.0108186	PB: 0.0108186	LB: 0.0114275	GB: 0.128362	Conf: 2	Pts: 60198
Particle (26):: Fit: 0.01021	PB: 0.01021	LB: 0.0114282	GB: 0.128362	Conf: 1.98304	Pts: 55198
Particle (29):: Fit: 0.01042	PB: 0.01042	LB: 0.0118345	GB: 0.128362	Conf: 1.93271	Pts: 55198
Particle (30):: Fit: 0.0114275	PB: 0.0114275	LB: 0.0118345	GB: 0.128362	Conf: 2	Pts: 55198
Particle (33):: Fit: 0.0106156	PB: 0.0106156	LB: 0.0118345	GB: 0.128362	Conf: 2	Pts: 55198
Particle (38):: Fit: 0.0108186	PB: 0.0108186	LB: 0.0118345	GB: 0.128362	Conf: 1.62282	Pts: 60198
Particle (40):: Fit: 0.0122395	PB: 0.0122395	LB: 0.0122395	GB: 0.128362	Conf: 2	Pts: 105198
Particle (41):: Fit: 0.00112168	PB: 0.00112168	LB: 0.0122395	GB: 0.128362	Conf: 0.333314	Pts: 50198
Particle (42):: Fit: 0.0118335	PB: 0.0118335	LB: 0.0122395	GB: 0.128362	Conf: 1.98144	Pts: 100198
Particle (45):: Fit: 0.000960055	PB: 0.000960055	LB: 0.0118335	GB: 0.128362	Conf: 2	Pts: 50198
Particle (46):: Fit: 0.0116305	PB: 0.0116305	LB: 0.0118335	GB: 0.128362	Conf: 2	Pts: 50198
Particle (47):: Fit: 0.000939754	PB: 0.000939754	LB: 0.124474	GB: 0.128362	Conf: 1.984	Pts: 50198
Particle (48):: Fit: 0.00100066	PB: 0.00100066	LB: 0.124474	GB: 0.128362	Conf: 2	Pts: 50198
Particle (7):: Fit: 0.0106194	PB: 0.0106194	LB: 0.128362	GB: 0.128362	Conf: 1.96918	Pts: 55297
Particle (8):: Fit: 0.0114275	PB: 0.0114275	LB: 0.128362	GB: 0.128362	Conf: 2	Pts: 55297
Particle (9):: Fit: 0.0010416	PB: 0.0010416	LB: 0.128362	GB: 0.128362	Conf: 0.332734	Pts: 60197
Particle (13):: Fit: 0.0104126	PB: 0.0104126	LB: 0.128362	GB: 0.128362	Conf: 2	Pts: 55297
Particle (14):: Fit: 0.000919472	PB: 0.000919472	LB: 0.128362	GB: 0.128362	Conf: 1.98247	Pts: 60297
Particle (15):: Fit: 0.0110262	PB: 0.0110262	LB: 0.128362	GB: 0.128362	Conf: 1.84344	Pts: 65297
Particle (16):: Fit: 0.122324	PB: 0.122324	LB: 0.122324	GB: 0.128362	Conf: 1.57935	Pts: 100297
Particle (17):: Fit: 0.0128484	PB: 0.0128484	LB: 0.122324	GB: 0.128362	Conf: 2	Pts: 60297
Particle (18):: Fit: 0.0106156	PB: 0.0106156	LB: 0.122324	GB: 0.128362	Conf: 2	Pts: 60197
Particle (22):: Fit: 0.0116305	PB: 0.0116305	LB: 0.0122395	GB: 0.128362	Conf: 2	Pts: 110197
Particle (23):: Fit: 0.0120392	PB: 0.0120392	LB: 0.0122395	GB: 0.128362	Conf: 1.96773	Pts: 80297
Particle (25):: Fit: 0.0116305	PB: 0.0116305	LB: 0.0120392	GB: 0.128362	Conf: 2	Pts: 65297
Particle (29):: Fit: 0.106226	PB: 0.106226	LB: 0.106226	GB: 0.128362	Conf: 1.92774	Pts: 105297
Particle (37):: Fit: 9.61519e-005	PB: 9.61519e-005	LB: 0.0122395	GB: 0.128362	Conf: 0.251384	Pts: 55195
Particle (43):: Fit: 0.0116305	PB: 0.0116305	LB: 0.0122395	GB: 0.128362	Conf: 2	Pts: 50197
Particle (45):: Fit: 0.0106156	PB: 0.0106156	LB: 0.0118335	GB: 0.128362	Conf: 2	Pts: 50297
Particle (47):: Fit: 0.116377	PB: 0.116377	LB: 0.124474	GB: 0.128362	Conf: 1.98786	Pts: 75297
Particle (48):: Fit: 0.0116313	PB: 0.0116313	LB: 0.124474	GB: 0.128362	Conf: 1.98687	Pts: 50297
Particle (0):: Fit: 0.0106156	PB: 0.0106156	LB: 0.124474	GB: 0.128362	Conf: 2	Pts: 110196
Particle (2):: Fit: 0.124487	PB: 0.124487	LB: 0.124487	GB: 0.128362	Conf: 1.92213	Pts: 200296
Particle (5):: Fit: 0.0108186	PB: 0.0108186	LB: 0.124487	GB: 0.128362	Conf: 2	Pts: 55296
Particle (14):: Fit: 0.000980356	PB: 0.000980356	LB: 0.128362	GB: 0.128362	Conf: 2	Pts: 60396
Particle (15):: Fit: 0.104142	PB: 0.104142	LB: 0.128362	GB: 0.128362	Conf: 1.81477	Pts: 65396
Particle (18):: Fit: 0.0120365	PB: 0.0120365	LB: 0.122324	GB: 0.128362	Conf: 1.98993	Pts: 60296
Particle (26):: Fit: 0.0110215	PB: 0.0110215	LB: 0.106226	GB: 0.128362	Conf: 2	Pts: 55296
Particle (33):: Fit: 0.0108186	PB: 0.0108186	LB: 0.106226	GB: 0.128362	Conf: 2	Pts: 55296
Particle (35):: Fit: 0.0114275	PB: 0.0114275	LB: 0.0122395	GB: 0.128362	Conf: 2	Pts: 55196
Particle (0):: Fit: 0.0108186	PB: 0.0108186	LB: 0.124487	GB: 0.128362	Conf: 2	Pts: 110295
Particle (9):: Fit: 0.0114285	PB: 0.0114285	LB: 0.128362	GB: 0.128362	Conf: 0.428558	Pts: 60295
Particle (16):: Fit: 0.12435	PB: 0.12435	LB: 0.12435	GB: 0.128362	Conf: 1.29213	Pts: 125395
Particle (25):: Fit: 0.0120365	PB: 0.0120365	LB: 0.106226	GB: 0.128362	Conf: 2	Pts: 65395
Particle (28):: Fit: 0.110287	PB: 0.110287	LB: 0.110287	GB: 0.128362	Conf: 1.98893	Pts: 130195
Particle (32):: Fit: 0.0118335	PB: 0.0118335	LB: 0.110287	GB: 0.128362	Conf: 2	Pts: 55195
Particle (33):: Fit: 0.0114275	PB: 0.0114275	LB: 0.106226	GB: 0.128362	Conf: 2	Pts: 55395
Particle (37):: Fit: 0.00106924	PB: 0.00106924	LB: 0.0122395	GB: 0.128362	Conf: 0.809132	Pts: 55291
Particle (41):: Fit: 0.011834	PB: 0.011834	LB: 0.0122395	GB: 0.128362	Conf: 0.136391	Pts: 50295
Particle (44):: Fit: 0.0110264	PB: 0.0110264	LB: 0.116377	GB: 0.128362	Conf: 1.96701	Pts: 50195
Particle (0):: Fit: 0.0120365	PB: 0.0120365	LB: 0.124487	GB: 0.128362	Conf: 2	Pts: 110394
Particle (8):: Fit: 0.0120365	PB: 0.0120365	LB: 0.128362	GB: 0.128362	Conf: 2	Pts: 55394
Particle (10):: Fit: 0.0114275	PB: 0.0114275	LB: 0.128362	GB: 0.128362	Conf: 2	Pts: 55194
Particle (13):: Fit: 0.010413	PB: 0.010413	LB: 0.128362	GB: 0.128362	Conf: 1.98712	Pts: 55394
Particle (38):: Fit: 0.124435	PB: 0.124435	LB: 0.124435	GB: 0.128362	Conf: 1.40998	Pts: 110294
Particle (39):: Fit: 0.0108041	PB: 0.0108041	LB: 0.124435	GB: 0.128362	Conf: 1.4429	Pts: 65194
Particle (41):: Fit: 0.0120375	PB: 0.0120375	LB: 0.124435	GB: 0.128362	Conf: 0.319971	Pts: 50394
Particle (45):: Fit: 0.0112245	PB: 0.0112245	LB: 0.116377	GB: 0.128362	Conf: 2	Pts: 50394
Particle (46):: Fit: 0.0120365	PB: 0.0120365	LB: 0.116377	GB: 0.128362	Conf: 2	Pts: 50293
Particle (5):: Fit: 0.0118335	PB: 0.0118335	LB: 0.124487	GB: 0.128362	Conf: 2	Pts: 55393
Particle (6):: Fit: 0.0116305	PB: 0.0116305	LB: 0.128362	GB: 0.128362	Conf: 2	Pts: 65293
Particle (7):: Fit: 0.0108198	PB: 0.0108198	LB: 0.128362	GB: 0.128362	Conf: 1.97706	Pts: 55393
Particle (10):: Fit: 0.0120365	PB: 0.0120365	LB: 0.128362	GB: 0.128362	Conf: 2	Pts: 55293
Particle (14):: Fit: 0.000980389	PB: 0.000980389	LB: 0.128362	GB: 0.128362	Conf: 1.98725	Pts: 60493
Particle (30):: Fit: 0.0116305	PB: 0.0116305	LB: 0.110287	GB: 0.128362	Conf: 2	Pts: 55293
Particle (31):: Fit: 0.0120423	PB: 0.0120423	LB: 0.110287	GB: 0.128362	Conf: 1.91564	Pts: 100193
Particle (33):: Fit: 0.0132543	PB: 0.0132543	LB: 0.124435	GB: 0.128362	Conf: 2	Pts: 55493
Particle (37):: Fit: 0.0120371	PB: 0.0120371	LB: 0.124435	GB: 0.128362	Conf: 0.213265	Pts: 55389
Particle (39):: Fit: 0.0118336	PB: 0.0118336	LB: 0.124435	GB: 0.128362	Conf: 1.73293	Pts: 65293
Particle (44):: Fit: 0.0120365	PB: 0.0120365	LB: 0.116377	GB: 0.128362	Conf: 2	Pts: 50293
Particle (45):: Fit: 0.0122395	PB: 0.0122395	LB: 0.116377	GB: 0.128362	Conf: 2	Pts: 50493
Particle (13):: Fit: 0.0108186	PB: 0.0108186	LB: 0.128362	GB: 0.128362	Conf: 2	Pts: 55492
Particle (14):: Fit: 0.00102096	PB: 0.00102096	LB: 0.128362	GB: 0.128362	Conf: 2	Pts: 60592
Particle (21):: Fit: 0.108145	PB: 0.108145	LB: 0.108145	GB: 0.128362	Conf: 1.7522	Pts: 110192
Particle (49):: Fit: 0.112302	PB: 0.112302	LB: 0.124487	GB: 0.128362	Conf: 1.92526	Pts: 50192
Particle (21):: Fit: 0.114198	PB: 0.114198	LB: 0.114198	GB: 0.128362	Conf: 1.60241	Pts: 135291
Particle (4):: Fit: 0.0116305	PB: 0.0116305	LB: 0.124487	GB: 0.128362	Conf: 2	Pts: 55290
Particle (13):: Fit: 0.0112252	PB: 0.0112252	LB: 0.128362	GB: 0.128362	Conf: 1.98746	Pts: 55590
Particle (14):: Fit: 0.0106156	PB: 0.0106156	LB: 0.128362	GB: 0.128362	Conf: 2	Pts: 60690
Particle (15):: Fit: 0.118359	PB: 0.118359	LB: 0.128362	GB: 0.128362	Conf: 1.81185	Pts: 65490
Particle (22):: Fit: 0.0118335	PB: 0.0118335	LB: 0.114198	GB: 0.128362	Conf: 2	Pts: 110290
Particle (23):: Fit: 0.112281	PB: 0.112281	LB: 0.114198	GB: 0.128362	Conf: 1.86648	Pts: 90390
Particle (24):: Fit: 0.0118335	PB: 0.0118335	LB: 0.114198	GB: 0.128362	Conf: 2	Pts: 55290
Particle (26):: Fit: 0.0114275	PB: 0.0114275	LB: 0.112281	GB: 0.128362	Conf: 2	Pts: 55390
Particle (35):: Fit: 0.0122395	PB: 0.0122395	LB: 0.124435	GB: 0.128362	Conf: 2	Pts: 55290
Particle (39):: Fit: 0.106129	PB: 0.106129	LB: 0.124435	GB: 0.128362	Conf: 1.82361	Pts: 65390
Particle (4):: Fit: 0.0124424	PB: 0.0124424	LB: 0.124487	GB: 0.128362	Conf: 2	Pts: 55389
Particle (26):: Fit: 0.0126454	PB: 0.0126454	LB: 0.112281	GB: 0.128362	Conf: 2	Pts: 55489
Particle (10):: Fit: 0.0122395	PB: 0.0122395	LB: 0.128362	GB: 0.128362	Conf: 2	Pts: 55388
Particle (12):: Fit: 0.120383	PB: 0.120383	LB: 0.128362	GB: 0.128362	Conf: 1.71677	Pts: 60288
Particle (13):: Fit: 0.0118335	PB: 0.0118335	LB: 0.128362	GB: 0.128362	Conf: 2	Pts: 55688
Particle (14):: Fit: 0.0108186	PB: 0.0108186	LB: 0.128362	GB: 0.128362	Conf: 2	Pts: 60788
Particle (21):: Fit: 0.116331	PB: 0.116331	LB: 0.116331	GB: 0.128362	Conf: 1.71634	Pts: 160388
Particle (29):: Fit: 0.108235	PB: 0.108235	LB: 0.110287	GB: 0.128362	Conf: 1.93545	Pts: 105388
Particle (14):: Fit: 0.0116305	PB: 0.0116305	LB: 0.128362	GB: 0.128362	Conf: 2	Pts: 60887
Particle (29):: Fit: 0.120455	PB: 0.120455	LB: 0.120455	GB: 0.128362	Conf: 1.96986	Pts: 150486
Particle (31):: Fit: 0.106238	PB: 0.106238	LB: 0.120455	GB: 0.128362	Conf: 1.95127	Pts: 100286
Particle (1):: Fit: 0.0118335	PB: 0.0118335	LB: 0.124487	GB: 0.128362	Conf: 2	Pts: 110185
Particle (7):: Fit: 0.0118335	PB: 0.0118335	LB: 0.128362	GB: 0.128362	Conf: 2	Pts: 55485
Particle (27):: Fit: 0.0116305	PB: 0.0116305	LB: 0.120455	GB: 0.128362	Conf: 2	Pts: 75185
Particle (1):: Fit: 0.0120365	PB: 0.0120365	LB: 0.124487	GB: 0.128362	Conf: 2	Pts: 110284
Particle (20):: Fit: 0.0132543	PB: 0.0132543	LB: 0.12435	GB: 0.128362	Conf: 2	Pts: 60284
Particle (31):: Fit: 0.116392	PB: 0.116392	LB: 0.120455	GB: 0.128362	Conf: 1.96906	Pts: 100384
Particle (11):: Fit: 0.130434	PB: 0.130434	LB: 0.130434	GB: 0.130434	Conf: 0.967244	Pts: 170183
Particle (15):: Fit: 0.124443	PB: 0.124443	LB: 0.130434	GB: 0.130434	Conf: 1.81173	Pts: 85583
Particle (21):: Fit: 0.122325	PB: 0.122325	LB: 0.122325	GB: 0.130434	Conf: 1.54594	Pts: 185483
Particle (23):: Fit: 0.120418	PB: 0.120418	LB: 0.122325	GB: 0.130434	Conf: 1.86479	Pts: 90483
Particle (36):: Fit: 0.0116306	PB: 0.0116306	LB: 0.124435	GB: 0.130434	Conf: 1.84531	Pts: 60183
Global: 0.130434 - Correct: 67% of 100 tests
Global Best: 
  Inner Net 1
  -- 1 : 1 = 0.2795
  -- 1 : 2 = 0.5307
  -- 1 : 3 = 0.1343
  -- 2 : 1 = 0.0923
  -- 2 : 2 = 0.1378
  -- 2 : 3 = 0.2216
  -- 3 : 1 = 0.1795
  -- 3 : 2 = 0.9821
  -- 3 : 3 = 0.1642
  -- 4 : 1 = 0.1203
  -- 4 : 2 = 0.5672
  -- 4 : 3 = 0.9608
  -- 5 : 1 = 0.7118
  -- 5 : 2 = 0.1581
  -- 5 : 3 = 0.8321
  -- 6 : 1 = 0.3728
  -- 6 : 2 = 0.4494
  -- 6 : 3 = 0.1536
  Inner Net 2
  -- 1 : 1 = 0.0399437
  -- 1 : 2 = -0.223054
  -- 2 : 1 = 0.346481
  -- 2 : 2 = 0.375854
  -- 3 : 1 = 0.170078
  -- 3 : 2 = -0.100952
Out\Act	False		True
False	0.664446	0.177535	0.84198
True	0.0771061	0.0809139	0.15802
	0.741552	0.258448
	Accuracy [ (tp + tn) / testSize ]: 0.745359
	Precision [ tp / (tp + fp) ]:      0.3125
	Sensitivity [ tp / (tp + fn) ]:    0.510511
	Specificity [ tn / (tn + fp) ]:    0.788701
	F-Score [ 2tp / (2tp + fp + fn) ]: 0.388128
Particle (21):: Fit: 0.124412	PB: 0.124412	LB: 0.124412	GB: 0.130434	Conf: 1.51605	Pts: 215582
Particle (24):: Fit: 0.0124424	PB: 0.0124424	LB: 0.124412	GB: 0.130434	Conf: 2	Pts: 55382
Particle (30):: Fit: 0.0120365	PB: 0.0120365	LB: 0.120455	GB: 0.130434	Conf: 2	Pts: 55382
Particle (39):: Fit: 0.120348	PB: 0.120348	LB: 0.124435	GB: 0.130434	Conf: 1.5729	Pts: 70482
Particle (44):: Fit: 0.0124424	PB: 0.0124424	LB: 0.116377	GB: 0.130434	Conf: 2	Pts: 50382
Particle (48):: Fit: 0.0122404	PB: 0.0122404	LB: 0.124487	GB: 0.130434	Conf: 1.98017	Pts: 50382
Particle (14):: Fit: 0.0122395	PB: 0.0122395	LB: 0.130434	GB: 0.130434	Conf: 1.98424	Pts: 60981
Particle (16):: Fit: 0.12449	PB: 0.12449	LB: 0.12449	GB: 0.130434	Conf: 1.4009	Pts: 150481
Particle (27):: Fit: 0.0120365	PB: 0.0120365	LB: 0.120455	GB: 0.130434	Conf: 2	Pts: 75281
Particle (34):: Fit: 0.0120376	PB: 0.0120376	LB: 0.124435	GB: 0.130434	Conf: 0.732108	Pts: 100181
Particle (44):: Fit: 0.106226	PB: 0.106226	LB: 0.116377	GB: 0.130434	Conf: 1.98749	Pts: 50481
Particle (18):: Fit: 0.0122395	PB: 0.0122395	LB: 0.12449	GB: 0.130434	Conf: 2	Pts: 60378
Particle (44):: Fit: 0.10827	PB: 0.10827	LB: 0.116377	GB: 0.130434	Conf: 1.97678	Pts: 50578
Particle (9):: Fit: 0.0120375	PB: 0.0120375	LB: 0.130434	GB: 0.130434	Conf: 0.349885	Pts: 60374
Particle (12):: Fit: 0.122415	PB: 0.122415	LB: 0.130434	GB: 0.130434	Conf: 1.79552	Pts: 60377
Particle (9):: Fit: 0.0130529	PB: 0.0130529	LB: 0.130434	GB: 0.130434	Conf: 0.633258	Pts: 60472
Particle (11):: Fit: 14472.2	PB: 14472.2	LB: 14472.2	GB: 14472.2	Conf: 1.02092	Pts: 230274
Particle (22):: Fit: 0.0120365	PB: 0.0120365	LB: 0.124412	GB: 14472.2	Conf: 2	Pts: 110374
Particle (31):: Fit: 0.124514	PB: 0.124514	LB: 0.124514	GB: 14472.2	Conf: 1.96241	Pts: 150474
Particle (45):: Fit: 0.0124424	PB: 0.0124424	LB: 0.116377	GB: 14472.2	Conf: 2	Pts: 50574
Global: 14472.2 - Correct: 72% of 100 tests
Global Best: 
  Inner Net 1
  -- 1 : 1 = 0.2795
  -- 1 : 2 = 0.5307
  -- 1 : 3 = 0.1343
  -- 2 : 1 = 0.0923
  -- 2 : 2 = 0.1378
  -- 2 : 3 = 0.2216
  -- 3 : 1 = 0.1795
  -- 3 : 2 = 0.9821
  -- 3 : 3 = 0.1642
  -- 4 : 1 = 0.1203
  -- 4 : 2 = 0.5672
  -- 4 : 3 = 0.9608
  -- 5 : 1 = 0.7118
  -- 5 : 2 = 0.1581
  -- 5 : 3 = 0.8321
  -- 6 : 1 = 0.3728
  -- 6 : 2 = 0.4494
  -- 6 : 3 = 0.1536
  Inner Net 2
  -- 1 : 1 = 0.0198796
  -- 1 : 2 = -0.0974963
  -- 2 : 1 = 0.334436
  -- 2 : 2 = -0.174844
  -- 3 : 1 = 0.257906
  -- 3 : 2 = 0.073834
Out\Act	False		True
False	0.668729	0.173251	0.84198
True	0.0799619	0.0780581	0.15802
	0.748691	0.251309
	Accuracy [ (tp + tn) / testSize ]: 0.746787
	Precision [ tp / (tp + fp) ]:      0.310019
	Sensitivity [ tp / (tp + fn) ]:    0.492492
	Specificity [ tn / (tn + fp) ]:    0.793785
	F-Score [ 2tp / (2tp + fp + fn) ]: 0.380952
Particle (14):: Fit: 0.0122448	PB: 0.0122448	LB: 14472.2	GB: 14472.2	Conf: 1.97077	Pts: 61073
Particle (21):: Fit: 0.128466	PB: 0.128466	LB: 0.128466	GB: 14472.2	Conf: 1.7022	Pts: 265673
Particle (0):: Fit: 0.0122395	PB: 0.0122395	LB: 0.124487	GB: 14472.2	Conf: 2	Pts: 110471
Particle (16):: Fit: 0.128511	PB: 0.128511	LB: 0.128511	GB: 14472.2	Conf: 1.59439	Pts: 175571
Particle (38):: Fit: 0.130474	PB: 0.130474	LB: 0.130474	GB: 14472.2	Conf: 1.71314	Pts: 160370
Particle (44):: Fit: 0.112317	PB: 0.112317	LB: 0.116377	GB: 14472.2	Conf: 1.98381	Pts: 50669
Particle (25):: Fit: 0.0122395	PB: 0.0122395	LB: 0.128466	GB: 14472.2	Conf: 2	Pts: 65468
Particle (44):: Fit: 0.112317	PB: 0.112317	LB: 0.116377	GB: 14472.2	Conf: 1.98815	Pts: 50767
Particle (32):: Fit: 0.0128484	PB: 0.0128484	LB: 0.124514	GB: 14472.2	Conf: 2	Pts: 55266
Particle (5):: Fit: 0.0124424	PB: 0.0124424	LB: 0.124487	GB: 14472.2	Conf: 2	Pts: 55465
Particle (37):: Fit: 0.104198	PB: 0.104198	LB: 0.130474	GB: 14472.2	Conf: 0.0746046	Pts: 55460
Particle (42):: Fit: 0.0128484	PB: 0.0128484	LB: 0.130474	GB: 14472.2	Conf: 2	Pts: 100264
Particle (46):: Fit: 0.0122395	PB: 0.0122395	LB: 0.116377	GB: 14472.2	Conf: 2	Pts: 50362
Particle (23):: Fit: 0.128555	PB: 0.128555	LB: 0.128555	GB: 14472.2	Conf: 1.87167	Pts: 140562
Particle (43):: Fit: 0.0136603	PB: 0.0136603	LB: 0.120348	GB: 14472.2	Conf: 2	Pts: 50261
Particle (12):: Fit: 0.124475	PB: 0.124475	LB: 14472.2	GB: 14472.2	Conf: 1.77379	Pts: 60458
Particle (36):: Fit: 0.0120366	PB: 0.0120366	LB: 0.130474	GB: 14472.2	Conf: 1.81173	Pts: 60255
Particle (41):: Fit: 0.0126466	PB: 0.0126466	LB: 0.130474	GB: 14472.2	Conf: 0.377837	Pts: 50443
Particle (2):: Fit: 0.136674	PB: 0.136674	LB: 0.136674	GB: 14472.2	Conf: 1.82083	Pts: 245353
Particle (44):: Fit: 0.114362	PB: 0.114362	LB: 0.116377	GB: 14472.2	Conf: 1.96961	Pts: 50851
Particle (38):: Fit: 0.134456	PB: 0.134456	LB: 0.134456	GB: 14472.2	Conf: 1.56867	Pts: 210450
Particle (36):: Fit: 0.104142	PB: 0.104142	LB: 0.134456	GB: 14472.2	Conf: 1.87066	Pts: 60349
Particle (22):: Fit: 0.0124424	PB: 0.0124424	LB: 0.128555	GB: 14472.2	Conf: 2	Pts: 110448
Particle (30):: Fit: 0.0126454	PB: 0.0126454	LB: 0.124514	GB: 14472.2	Conf: 2	Pts: 55447
Particle (8):: Fit: 0.0124424	PB: 0.0124424	LB: 14472.2	GB: 14472.2	Conf: 2	Pts: 55444
Particle (49):: Fit: 0.114362	PB: 0.114362	LB: 0.136674	GB: 14472.2	Conf: 1.96667	Pts: 50244
Particle (27):: Fit: 0.0126454	PB: 0.0126454	LB: 0.128555	GB: 14472.2	Conf: 2	Pts: 75342
Particle (0):: Fit: 0.0124424	PB: 0.0124424	LB: 0.136674	GB: 14472.2	Conf: 2	Pts: 110539
Particle (13):: Fit: 0.0120365	PB: 0.0120365	LB: 14472.2	GB: 14472.2	Conf: 2	Pts: 55739
Particle (47):: Fit: 0.116392	PB: 0.116392	LB: 0.136674	GB: 14472.2	Conf: 1.96984	Pts: 90339
Particle (10):: Fit: 0.0126454	PB: 0.0126454	LB: 14472.2	GB: 14472.2	Conf: 2	Pts: 55437
Particle (29):: Fit: 0.122461	PB: 0.122461	LB: 0.124514	GB: 14472.2	Conf: 1.92872	Pts: 150535
Particle (28):: Fit: 0.114347	PB: 0.114347	LB: 0.124514	GB: 14472.2	Conf: 1.9857	Pts: 130235
Particle (34):: Fit: 0.0122405	PB: 0.0122405	LB: 0.134456	GB: 14472.2	Conf: 0.893155	Pts: 100231
Particle (15):: Fit: 0.124475	PB: 0.124475	LB: 14472.2	GB: 14472.2	Conf: 1.81978	Pts: 85632
Particle (16):: Fit: 0.138537	PB: 0.138537	LB: 0.138537	GB: 14472.2	Conf: 1.55291	Pts: 200632
Particle (8):: Fit: 0.0126454	PB: 0.0126454	LB: 14472.2	GB: 14472.2	Conf: 2	Pts: 55530
Particle (27):: Fit: 0.0130514	PB: 0.0130514	LB: 0.128555	GB: 14472.2	Conf: 2	Pts: 75430
Particle (48):: Fit: 0.0126454	PB: 0.0126454	LB: 0.136674	GB: 14472.2	Conf: 2	Pts: 50429
Particle (45):: Fit: 0.0132543	PB: 0.0132543	LB: 0.116392	GB: 14472.2	Conf: 2	Pts: 50623
Particle (15):: Fit: 0.126467	PB: 0.126467	LB: 14472.2	GB: 14472.2	Conf: 1.84555	Pts: 85722
Particle (8):: Fit: 0.0128484	PB: 0.0128484	LB: 14472.2	GB: 14472.2	Conf: 2	Pts: 55618
Particle (49):: Fit: 0.116375	PB: 0.116375	LB: 0.136674	GB: 14472.2	Conf: 1.94445	Pts: 50319
Particle (29):: Fit: 0.130593	PB: 0.130593	LB: 0.130593	GB: 14472.2	Conf: 1.93027	Pts: 195617
Particle (12):: Fit: 0.128501	PB: 0.128501	LB: 14472.2	GB: 14472.2	Conf: 1.81545	Pts: 60515
Particle (47):: Fit: 0.118407	PB: 0.118407	LB: 0.136674	GB: 14472.2	Conf: 1.988	Pts: 105408
Particle (6):: Fit: 0.0122395	PB: 0.0122395	LB: 14472.2	GB: 14472.2	Conf: 2	Pts: 65304
Particle (19):: Fit: 0.0124424	PB: 0.0124424	LB: 0.138537	GB: 14472.2	Conf: 2	Pts: 125204
Particle (34):: Fit: 0.0126463	PB: 0.0126463	LB: 0.134456	GB: 14472.2	Conf: 0.222725	Pts: 100297
Particle (1):: Fit: 0.0122395	PB: 0.0122395	LB: 0.136674	GB: 14472.2	Conf: 2	Pts: 110303
Particle (38):: Fit: 0.134524	PB: 0.134524	LB: 0.134524	GB: 14472.2	Conf: 1.41444	Pts: 260501
Particle (44):: Fit: 0.118423	PB: 0.118423	LB: 0.118423	GB: 14472.2	Conf: 1.97344	Pts: 65900
Particle (16):: Fit: 14268.6	PB: 14268.6	LB: 14268.6	GB: 14472.2	Conf: 1.70513	Pts: 225699
Particle (25):: Fit: 0.0124424	PB: 0.0124424	LB: 0.130593	GB: 14472.2	Conf: 2	Pts: 65498
Particle (26):: Fit: 0.108048	PB: 0.108048	LB: 0.130593	GB: 14472.2	Conf: 1.49637	Pts: 55498
Particle (37):: Fit: 0.126153	PB: 0.126153	LB: 0.134524	GB: 14472.2	Conf: 0.581772	Pts: 55484
Particle (33):: Fit: 0.122405	PB: 0.122405	LB: 0.134524	GB: 14472.2	Conf: 0.68053	Pts: 55497
Particle (39):: Fit: 0.134362	PB: 0.134362	LB: 0.134524	GB: 14472.2	Conf: 0.666408	Pts: 75496
Particle (22):: Fit: 0.118474	PB: 0.118474	LB: 0.128555	GB: 14472.2	Conf: 0.620136	Pts: 110496
Particle (27):: Fit: 0.104174	PB: 0.104174	LB: 0.130593	GB: 14472.2	Conf: 1.90774	Pts: 75495
Particle (28):: Fit: 0.12037	PB: 0.12037	LB: 0.130593	GB: 14472.2	Conf: 1.52415	Pts: 130296
Particle (42):: Fit: 0.122278	PB: 0.122278	LB: 0.134524	GB: 14472.2	Conf: 0.642135	Pts: 115295
Particle (45):: Fit: 0.108228	PB: 0.108228	LB: 0.122278	GB: 14472.2	Conf: 1.9228	Pts: 50694
Particle (34):: Fit: 0.126295	PB: 0.126295	LB: 0.134524	GB: 14472.2	Conf: 0.236146	Pts: 100386
Particle (36):: Fit: 0.112195	PB: 0.112195	LB: 0.134524	GB: 14472.2	Conf: 1.22651	Pts: 60393
Particle (48):: Fit: 0.120021	PB: 0.120021	LB: 0.136674	GB: 14472.2	Conf: 0.698586	Pts: 50491
Particle (33):: Fit: 0.130359	PB: 0.130359	LB: 0.134524	GB: 14472.2	Conf: 0.72768	Pts: 55592
Particle (46):: Fit: 0.110295	PB: 0.110295	LB: 0.122278	GB: 14472.2	Conf: 0.342876	Pts: 50391
Particle (14):: Fit: 0.124458	PB: 0.124458	LB: 14472.2	GB: 14472.2	Conf: 1.39408	Pts: 61090
Particle (18):: Fit: 0.118388	PB: 0.118388	LB: 14268.6	GB: 14472.2	Conf: 1.8693	Pts: 60390
Particle (19):: Fit: 0.134675	PB: 0.134675	LB: 14268.6	GB: 14472.2	Conf: 0.62855	Pts: 140291
Particle (22):: Fit: 14476.3	PB: 14476.3	LB: 14476.3	GB: 14476.3	Conf: 1.12387	Pts: 170591
Particle (43):: Fit: 0.116329	PB: 0.116329	LB: 0.134362	GB: 14476.3	Conf: 0.455216	Pts: 50291
Global: 14476.3 - Correct: 50% of 100 tests
Global Best: 
  Inner Net 1
  -- 1 : 1 = -0.657052
  -- 1 : 2 = 0.693572
  -- 1 : 3 = 0.528558
  -- 2 : 1 = 0.785384
  -- 2 : 2 = 0.0754083
  -- 2 : 3 = 0.443401
  -- 3 : 1 = 0.101639
  -- 3 : 2 = 0.21934
  -- 3 : 3 = -0.0102661
  -- 4 : 1 = 0.579563
  -- 4 : 2 = 0.134502
  -- 4 : 3 = 0.439027
  -- 5 : 1 = 0.073168
  -- 5 : 2 = 0.362978
  -- 5 : 3 = 0.0620118
  -- 6 : 1 = 0.773517
  -- 6 : 2 = -0.0247827
  -- 6 : 3 = 0.249719
  Inner Net 2
  -- 1 : 1 = -0.683986
  -- 1 : 2 = 0.296462
  -- 2 : 1 = 0.328697
  -- 2 : 2 = 0.0016538
  -- 3 : 1 = 0.133174
  -- 3 : 2 = -0.287992
Out\Act	False		True
False	0.837696	0.00428367	0.84198
True	0.151832	0.00618753	0.15802
	0.989529	0.0104712
	Accuracy [ (tp + tn) / testSize ]: 0.843884
	Precision [ tp / (tp + fp) ]:      0.565217
	Sensitivity [ tp / (tp + fn) ]:    0.039039
	Specificity [ tn / (tn + fp) ]:    0.99435
	F-Score [ 2tp / (2tp + fp + fn) ]: 0.0732394
Particle (18):: Fit: 14275.5	PB: 14275.5	LB: 14476.3	GB: 14476.3	Conf: 0.493856	Pts: 65489
Particle (4):: Fit: 0.109987	PB: 0.109987	LB: 0.136674	GB: 14476.3	Conf: 1.10681	Pts: 55388
Particle (7):: Fit: 0.108039	PB: 0.108039	LB: 14472.2	GB: 14476.3	Conf: 1.10921	Pts: 55487
Particle (36):: Fit: 0.114196	PB: 0.114196	LB: 0.134524	GB: 14476.3	Conf: 0.5388	Pts: 60489
Particle (47):: Fit: 0.126096	PB: 0.126096	LB: 0.136674	GB: 14476.3	Conf: 1.28773	Pts: 120488
Particle (17):: Fit: 0.110084	PB: 0.110084	LB: 14476.3	GB: 14476.3	Conf: 1.30527	Pts: 60287
Particle (27):: Fit: 0.136649	PB: 0.136649	LB: 0.136649	GB: 14476.3	Conf: 0.534236	Pts: 100585
Particle (36):: Fit: 0.128162	PB: 0.128162	LB: 0.134524	GB: 14476.3	Conf: 0.642657	Pts: 60587
Particle (43):: Fit: 0.124283	PB: 0.124283	LB: 0.134362	GB: 14476.3	Conf: 0.474126	Pts: 50387
Particle (0):: Fit: 0.0128484	PB: 0.0128484	LB: 0.136674	GB: 14476.3	Conf: 2	Pts: 110585
Particle (6):: Fit: 0.116106	PB: 0.116106	LB: 14472.2	GB: 14476.3	Conf: 1.27376	Pts: 65385
Particle (17):: Fit: 0.114332	PB: 0.114332	LB: 14476.3	GB: 14476.3	Conf: 0.604014	Pts: 60386
Particle (4):: Fit: 0.130526	PB: 0.130526	LB: 0.136674	GB: 14476.3	Conf: 1.72009	Pts: 55484
Particle (19):: Fit: 14661.6	PB: 14661.6	LB: 14661.6	GB: 14661.6	Conf: 0.635388	Pts: 200385
Particle (31):: Fit: 0.126449	PB: 0.126449	LB: 0.136649	GB: 14661.6	Conf: 1.17777	Pts: 150485
Particle (32):: Fit: 0.122441	PB: 0.122441	LB: 0.130593	GB: 14661.6	Conf: 0.431658	Pts: 55285
Particle (48):: Fit: 0.120158	PB: 0.120158	LB: 0.136674	GB: 14661.6	Conf: 0.631089	Pts: 50583
Global: 14661.6 - Correct: 72% of 100 tests
Global Best: 
  Inner Net 1
  -- 1 : 1 = -0.356451
  -- 1 : 2 = 0.445626
  -- 1 : 3 = -0.0694013
  -- 2 : 1 = 0.373103
  -- 2 : 2 = -0.0271745
  -- 2 : 3 = 0.507191
  -- 3 : 1 = -0.0464284
  -- 3 : 2 = -0.0612856
  -- 3 : 3 = 0.239843
  -- 4 : 1 = 0.445763
  -- 4 : 2 = -0.129451
  -- 4 : 3 = 0.125797
  -- 5 : 1 = 0.429401
  -- 5 : 2 = 0.0265503
  -- 5 : 3 = 0.149841
  -- 6 : 1 = 0.287261
  -- 6 : 2 = -0.164885
  -- 6 : 3 = -0.11877
  Inner Net 2
  -- 1 : 1 = -0.301425
  -- 1 : 2 = -0.0986274
  -- 2 : 1 = 0.133233
  -- 2 : 2 = 0.322403
  -- 3 : 1 = -0.272204
  -- 3 : 2 = 0.0860864
Out\Act	False		True
False	0.644455	0.197525	0.84198
True	0.078534	0.079486	0.15802
	0.722989	0.277011
	Accuracy [ (tp + tn) / testSize ]: 0.723941
	Precision [ tp / (tp + fp) ]:      0.286449
	Sensitivity [ tp / (tp + fn) ]:    0.501502
	Specificity [ tn / (tn + fp) ]:    0.764972
	F-Score [ 2tp / (2tp + fp + fn) ]: 0.365027
Particle (5):: Fit: 0.114231	PB: 0.114231	LB: 0.136674	GB: 14661.6	Conf: 1.57219	Pts: 55484
Particle (20):: Fit: 0.120315	PB: 0.120315	LB: 14661.6	GB: 14661.6	Conf: 1.44013	Pts: 60283
Particle (32):: Fit: 0.1245	PB: 0.1245	LB: 0.130593	GB: 14661.6	Conf: 0.189706	Pts: 55384
Particle (35):: Fit: 0.114347	PB: 0.114347	LB: 0.134524	GB: 14661.6	Conf: 1.98388	Pts: 55284
Particle (41):: Fit: 0.124494	PB: 0.124494	LB: 0.134524	GB: 14661.6	Conf: 0.0690274	Pts: 50469
Particle (7):: Fit: 0.124392	PB: 0.124392	LB: 14472.2	GB: 14661.6	Conf: 1.26082	Pts: 55581
Particle (17):: Fit: 14270.5	PB: 14270.5	LB: 14661.6	GB: 14661.6	Conf: 0.467201	Pts: 60483
Particle (25):: Fit: 0.0124438	PB: 0.0124438	LB: 14476.3	GB: 14661.6	Conf: 0.63228	Pts: 65582
Particle (3):: Fit: 0.0118337	PB: 0.0118337	LB: 0.136674	GB: 14661.6	Conf: 1.79651	Pts: 55054
Particle (6):: Fit: 0.122271	PB: 0.122271	LB: 14472.2	GB: 14661.6	Conf: 0.600275	Pts: 65481
Particle (9):: Fit: 0.132208	PB: 0.132208	LB: 14472.2	GB: 14661.6	Conf: 0.879679	Pts: 60462
Particle (24):: Fit: 0.128746	PB: 0.128746	LB: 14476.3	GB: 14661.6	Conf: 0.990899	Pts: 55382
Particle (28):: Fit: 0.124205	PB: 0.124205	LB: 0.136649	GB: 14661.6	Conf: 0.449449	Pts: 130382
Particle (40):: Fit: 0.108269	PB: 0.108269	LB: 0.134524	GB: 14661.6	Conf: 1.94386	Pts: 105181
Particle (36):: Fit: 0.128392	PB: 0.128392	LB: 0.134524	GB: 14661.6	Conf: 0.61656	Pts: 60680
Particle (49):: Fit: 0.120194	PB: 0.120194	LB: 0.136674	GB: 14661.6	Conf: 1.06036	Pts: 50381
Particle (14):: Fit: 0.136951	PB: 0.136951	LB: 14661.6	GB: 14661.6	Conf: 0.279598	Pts: 61178
Particle (13):: Fit: 0.0120375	PB: 0.0120375	LB: 14472.2	GB: 14661.6	Conf: 0.868582	Pts: 55777
Particle (32):: Fit: 0.132514	PB: 0.132514	LB: 0.132514	GB: 14661.6	Conf: 0.377655	Pts: 60477
Particle (35):: Fit: 0.126464	PB: 0.126464	LB: 0.134524	GB: 14661.6	Conf: 0.530674	Pts: 55377
Particle (48):: Fit: 0.120225	PB: 0.120225	LB: 0.136674	GB: 14661.6	Conf: 0.352399	Pts: 50673
Particle (33):: Fit: 0.138609	PB: 0.138609	LB: 0.138609	GB: 14661.6	Conf: 0.783759	Pts: 105673
Particle (5):: Fit: 0.118506	PB: 0.118506	LB: 0.136674	GB: 14661.6	Conf: 0.530564	Pts: 55572
Particle (10):: Fit: 0.114227	PB: 0.114227	LB: 14472.2	GB: 14661.6	Conf: 1.5785	Pts: 55471
Particle (20):: Fit: 0.128331	PB: 0.128331	LB: 14661.6	GB: 14661.6	Conf: 1.48953	Pts: 60371
Particle (8):: Fit: 0.112223	PB: 0.112223	LB: 14472.2	GB: 14661.6	Conf: 1.74909	Pts: 55669
Particle (30):: Fit: 0.130436	PB: 0.130436	LB: 0.138609	GB: 14661.6	Conf: 0.351122	Pts: 55470
Particle (10):: Fit: 0.114296	PB: 0.114296	LB: 14472.2	GB: 14661.6	Conf: 0.958737	Pts: 55568
Particle (13):: Fit: 0.132534	PB: 0.132534	LB: 14472.2	GB: 14661.6	Conf: 0.540433	Pts: 55867
Particle (20):: Fit: 0.128467	PB: 0.128467	LB: 14661.6	GB: 14661.6	Conf: 1.0092	Pts: 60467
Particle (25):: Fit: 0.110285	PB: 0.110285	LB: 14476.3	GB: 14661.6	Conf: 0.648414	Pts: 65666
Particle (26):: Fit: 0.120224	PB: 0.120224	LB: 14476.3	GB: 14661.6	Conf: 1.4219	Pts: 55567
Particle (44):: Fit: 0.130412	PB: 0.130412	LB: 0.130412	GB: 14661.6	Conf: 1.13678	Pts: 80965
Particle (12):: Fit: 0.134674	PB: 0.134674	LB: 14472.2	GB: 14661.6	Conf: 0.71614	Pts: 60567
Particle (0):: Fit: 0.122309	PB: 0.122309	LB: 0.136674	GB: 14661.6	Conf: 1.49315	Pts: 110665
Particle (6):: Fit: 0.128269	PB: 0.128269	LB: 14472.2	GB: 14661.6	Conf: 0.725772	Pts: 65564
Particle (41):: Fit: 0.1306	PB: 0.1306	LB: 0.134524	GB: 14661.6	Conf: 0.19408	Pts: 60551
Particle (30):: Fit: 0.136447	PB: 0.136447	LB: 0.138609	GB: 14661.6	Conf: 0.452712	Pts: 55565
Particle (37):: Fit: 0.126345	PB: 0.126345	LB: 0.138609	GB: 14661.6	Conf: 0.61064	Pts: 55551
Particle (48):: Fit: 0.120429	PB: 0.120429	LB: 0.136674	GB: 14661.6	Conf: 0.723308	Pts: 50762
Particle (1):: Fit: 0.12414	PB: 0.12414	LB: 0.136674	GB: 14661.6	Conf: 0.775106	Pts: 110362
Particle (3):: Fit: 0.140597	PB: 0.140597	LB: 0.140597	GB: 14661.6	Conf: 0.710156	Pts: 95133
Particle (10):: Fit: 0.120415	PB: 0.120415	LB: 14472.2	GB: 14661.6	Conf: 1.89144	Pts: 55661
Particle (36):: Fit: 0.13657	PB: 0.13657	LB: 0.138609	GB: 14661.6	Conf: 0.608723	Pts: 75761
Particle (34):: Fit: 0.126305	PB: 0.126305	LB: 0.138609	GB: 14661.6	Conf: 0.210074	Pts: 100453
Particle (25):: Fit: 0.120296	PB: 0.120296	LB: 14476.3	GB: 14661.6	Conf: 0.707367	Pts: 65757
Particle (5):: Fit: 0.130308	PB: 0.130308	LB: 0.140597	GB: 14661.6	Conf: 0.519119	Pts: 55657
Particle (26):: Fit: 0.124147	PB: 0.124147	LB: 14476.3	GB: 14661.6	Conf: 1.4637	Pts: 55656
Particle (34):: Fit: 0.140876	PB: 0.140876	LB: 0.140876	GB: 14661.6	Conf: 0.843577	Pts: 150549
Particle (35):: Fit: 14296.1	PB: 14296.1	LB: 14296.1	GB: 14661.6	Conf: 0.416652	Pts: 105456
Particle (45):: Fit: 0.111859	PB: 0.111859	LB: 0.1306	GB: 14661.6	Conf: 1.07899	Pts: 50754
Particle (48):: Fit: 0.122306	PB: 0.122306	LB: 0.140597	GB: 14661.6	Conf: 0.299506	Pts: 50851
Particle (20):: Fit: 0.136734	PB: 0.136734	LB: 14661.6	GB: 14661.6	Conf: 0.347956	Pts: 60551
Particle (28):: Fit: 0.124315	PB: 0.124315	LB: 0.138609	GB: 14661.6	Conf: 0.457386	Pts: 130452
Particle (1):: Fit: 0.128429	PB: 0.128429	LB: 0.140597	GB: 14661.6	Conf: 0.705049	Pts: 110449
Particle (2):: Fit: 14884.4	PB: 14884.4	LB: 14884.4	GB: 14884.4	Conf: 1.04999	Pts: 305349
Particle (23):: Fit: 0.13052	PB: 0.13052	LB: 14661.6	GB: 14884.4	Conf: 0.390922	Pts: 140549
Global: 14884.4 - Correct: 51% of 100 tests
Global Best: 
  Inner Net 1
  -- 1 : 1 = 0.279304
  -- 1 : 2 = 0.0648041
  -- 1 : 3 = -1
  -- 2 : 1 = 0.379746
  -- 2 : 2 = 0.569716
  -- 2 : 3 = -0.00117299
  -- 3 : 1 = 0.486597
  -- 3 : 2 = 0.16553
  -- 3 : 3 = 0.663768
  -- 4 : 1 = 0.649874
  -- 4 : 2 = -0.173353
  -- 4 : 3 = 0.112188
  -- 5 : 1 = 0.423764
  -- 5 : 2 = 0.890693
  -- 5 : 3 = 0.478095
  -- 6 : 1 = 0.426142
  -- 6 : 2 = 0.370197
  -- 6 : 3 = -0.286922
  Inner Net 2
  -- 1 : 1 = -0.36731
  -- 1 : 2 = -0.177837
  -- 2 : 1 = 0
  -- 2 : 2 = 0.155638
  -- 3 : 1 = 0.197192
  -- 3 : 2 = 0.0879351
Out\Act	False		True
False	0.81723	0.0247501	0.84198
True	0.153736	0.00428367	0.15802
	0.970966	0.0290338
	Accuracy [ (tp + tn) / testSize ]: 0.821514
	Precision [ tp / (tp + fp) ]:      0.145161
	Sensitivity [ tp / (tp + fn) ]:    0.027027
	Specificity [ tn / (tn + fp) ]:    0.970056
	F-Score [ 2tp / (2tp + fp + fn) ]: 0.0456853
Particle (40):: Fit: 0.112148	PB: 0.112148	LB: 0.13657	GB: 14884.4	Conf: 0.470488	Pts: 105247
Particle (1):: Fit: 0.128514	PB: 0.128514	LB: 14884.4	GB: 14884.4	Conf: 0.672887	Pts: 110547
Particle (36):: Fit: 0.138303	PB: 0.138303	LB: 14296.1	GB: 14884.4	Conf: 1.01336	Pts: 80847
Particle (40):: Fit: 0.126481	PB: 0.126481	LB: 0.138303	GB: 14884.4	Conf: 0.914593	Pts: 105346
Particle (46):: Fit: 14252.7	PB: 14252.7	LB: 14252.7	GB: 14884.4	Conf: 0.61056	Pts: 80446
Particle (42):: Fit: 0.122449	PB: 0.122449	LB: 14252.7	GB: 14884.4	Conf: 0.610987	Pts: 115347
Particle (13):: Fit: 14477.6	PB: 14477.6	LB: 14477.6	GB: 14884.4	Conf: 0.501197	Pts: 85944
Particle (45):: Fit: 0.128453	PB: 0.128453	LB: 14252.7	GB: 14884.4	Conf: 1.63606	Pts: 50842
Particle (28):: Fit: 0.128892	PB: 0.128892	LB: 0.138609	GB: 14884.4	Conf: 0.512372	Pts: 130540
Particle (42):: Fit: 0.134699	PB: 0.134699	LB: 14252.7	GB: 14884.4	Conf: 0.677941	Pts: 115438
Particle (30):: Fit: 14682.4	PB: 14682.4	LB: 14682.4	GB: 14884.4	Conf: 0.255755	Pts: 105635
Particle (42):: Fit: 0.140805	PB: 0.140805	LB: 14252.7	GB: 14884.4	Conf: 0.791629	Pts: 120534
Particle (43):: Fit: 0.124468	PB: 0.124468	LB: 14252.7	GB: 14884.4	Conf: 0.696257	Pts: 50434
Particle (5):: Fit: 0.134262	PB: 0.134262	LB: 14884.4	GB: 14884.4	Conf: 0.47869	Pts: 55732
Particle (7):: Fit: 0.1245	PB: 0.1245	LB: 14472.2	GB: 14884.4	Conf: 0.551466	Pts: 55628
Particle (23):: Fit: 0.136521	PB: 0.136521	LB: 14661.6	GB: 14884.4	Conf: 0.733613	Pts: 140631
Particle (0):: Fit: 0.13244	PB: 0.13244	LB: 14884.4	GB: 14884.4	Conf: 1.08741	Pts: 110727
Particle (8):: Fit: 0.117971	PB: 0.117971	LB: 14477.6	GB: 14884.4	Conf: 1.39066	Pts: 55727
Particle (5):: Fit: 0.13646	PB: 0.13646	LB: 14884.4	GB: 14884.4	Conf: 0.921023	Pts: 55826
Particle (48):: Fit: 0.122924	PB: 0.122924	LB: 14884.4	GB: 14884.4	Conf: 0.890957	Pts: 50923
Particle (14):: Fit: 15071.1	PB: 15071.1	LB: 15071.1	GB: 15071.1	Conf: 0.242763	Pts: 121222
Global: 15071.1 - Correct: 74% of 100 tests
Global Best: 
  Inner Net 1
  -- 1 : 1 = -0.357292
  -- 1 : 2 = 0.30182
  -- 1 : 3 = 0.11792
  -- 2 : 1 = 0.0995944
  -- 2 : 2 = -0.234623
  -- 2 : 3 = -0.0264182
  -- 3 : 1 = -0.332925
  -- 3 : 2 = 0.182345
  -- 3 : 3 = -0.144661
  -- 4 : 1 = 0.478491
  -- 4 : 2 = -0.180336
  -- 4 : 3 = 0.0655681
  -- 5 : 1 = 0.335415
  -- 5 : 2 = -0.183093
  -- 5 : 3 = 0.0654282
  -- 6 : 1 = 0.689154
  -- 6 : 2 = -0.256267
  -- 6 : 3 = -0.0501685
  Inner Net 2
  -- 1 : 1 = -0.0284361
  -- 1 : 2 = 0.0385291
  -- 2 : 1 = 0.039085
  -- 2 : 2 = -0.142872
  -- 3 : 1 = 0.498926
  -- 3 : 2 = -0.436138
Out\Act	False		True
False	0.710614	0.131366	0.84198
True	0.0913851	0.0666349	0.15802
	0.801999	0.198001
	Accuracy [ (tp + tn) / testSize ]: 0.777249
	Precision [ tp / (tp + fp) ]:      0.335731
	Sensitivity [ tp / (tp + fn) ]:    0.42042
	Specificity [ tn / (tn + fp) ]:    0.843503
	F-Score [ 2tp / (2tp + fp + fn) ]: 0.373832
Particle (36):: Fit: 14503.4	PB: 14503.4	LB: 14503.4	GB: 15071.1	Conf: 0.65261	Pts: 110921
Particle (37):: Fit: 0.130524	PB: 0.130524	LB: 14503.4	GB: 15071.1	Conf: 0.569939	Pts: 55603
Particle (40):: Fit: 0.140637	PB: 0.140637	LB: 14503.4	GB: 15071.1	Conf: 0.538031	Pts: 105415
Particle (0):: Fit: 0.136712	PB: 0.136712	LB: 14884.4	GB: 15071.1	Conf: 1.05881	Pts: 110815
Particle (7):: Fit: 0.132882	PB: 0.132882	LB: 14472.2	GB: 15071.1	Conf: 0.578927	Pts: 55713
Particle (48):: Fit: 0.132455	PB: 0.132455	LB: 14884.4	GB: 15071.1	Conf: 0.759021	Pts: 51012
Particle (32):: Fit: 0.136768	PB: 0.136768	LB: 14682.4	GB: 15071.1	Conf: 0.539767	Pts: 60512
Particle (32):: Fit: 0.13867	PB: 0.13867	LB: 14682.4	GB: 15071.1	Conf: 0.650618	Pts: 60611
Particle (48):: Fit: 15074	PB: 15074	LB: 15074	GB: 15074	Conf: 0.804584	Pts: 111105
Global: 15074 - Correct: 74% of 100 tests
Global Best: 
  Inner Net 1
  -- 1 : 1 = 0.312458
  -- 1 : 2 = 0.21866
  -- 1 : 3 = 0.152848
  -- 2 : 1 = 0.371415
  -- 2 : 2 = -0.537521
  -- 2 : 3 = 0.206323
  -- 3 : 1 = 0.308128
  -- 3 : 2 = 0.0992712
  -- 3 : 3 = 0.0220589
  -- 4 : 1 = 0.446966
  -- 4 : 2 = 0.0647487
  -- 4 : 3 = -0.0688893
  -- 5 : 1 = -0.180712
  -- 5 : 2 = -0.174407
  -- 5 : 3 = -0.143412
  -- 6 : 1 = 0.61538
  -- 6 : 2 = 0.0166812
  -- 6 : 3 = 0.011767
  Inner Net 2
  -- 1 : 1 = -0.267469
  -- 1 : 2 = -0.147717
  -- 2 : 1 = -0.5
  -- 2 : 2 = -0.0160284
  -- 3 : 1 = 0.237627
  -- 3 : 2 = -0.238969
Out\Act	False		True
False	0.747739	0.0942408	0.84198
True	0.104712	0.0533079	0.15802
	0.852451	0.147549
	Accuracy [ (tp + tn) / testSize ]: 0.801047
	Precision [ tp / (tp + fp) ]:      0.360129
	Sensitivity [ tp / (tp + fn) ]:    0.336336
	Specificity [ tn / (tn + fp) ]:    0.887571
	F-Score [ 2tp / (2tp + fp + fn) ]: 0.348367
Particle (10):: Fit: 0.12619	PB: 0.12619	LB: 15071.1	GB: 15074	Conf: 0.925289	Pts: 55703
Particle (45):: Fit: 0.130541	PB: 0.130541	LB: 15074	GB: 15074	Conf: 1.17721	Pts: 50899
Particle (15):: Fit: 0.128365	PB: 0.128365	LB: 15071.1	GB: 15074	Conf: 0.940107	Pts: 85702
Particle (39):: Fit: 0.140314	PB: 0.140314	LB: 14503.4	GB: 15074	Conf: 0.744205	Pts: 75499
Particle (15):: Fit: 0.134426	PB: 0.134426	LB: 15071.1	GB: 15074	Conf: 0.92038	Pts: 85800
Particle (37):: Fit: 14246.4	PB: 14246.4	LB: 14503.4	GB: 15074	Conf: 0.595555	Pts: 55686
Particle (26):: Fit: 0.134523	PB: 0.134523	LB: 14682.4	GB: 15074	Conf: 1.31047	Pts: 55693
Particle (31):: Fit: 0.12647	PB: 0.12647	LB: 14682.4	GB: 15074	Conf: 1.38607	Pts: 150493
Particle (17):: Fit: 14275.5	PB: 14275.5	LB: 15071.1	GB: 15074	Conf: 0.311822	Pts: 60493
Particle (49):: Fit: 0.122312	PB: 0.122312	LB: 15074	GB: 15074	Conf: 1.51278	Pts: 50385
Particle (27):: Fit: 0.138617	PB: 0.138617	LB: 14682.4	GB: 15074	Conf: 0.408661	Pts: 100584
Particle (7):: Fit: 0.136567	PB: 0.136567	LB: 14472.2	GB: 15074	Conf: 0.614913	Pts: 55775
Particle (33):: Fit: 0.138727	PB: 0.138727	LB: 14682.4	GB: 15074	Conf: 0.628632	Pts: 105679
Particle (38):: Fit: 0.140699	PB: 0.140699	LB: 14503.4	GB: 15074	Conf: 0.469258	Pts: 260475
Particle (1):: Fit: 0.13029	PB: 0.13029	LB: 15074	GB: 15074	Conf: 0.833295	Pts: 110573
Particle (28):: Fit: 0.136569	PB: 0.136569	LB: 14682.4	GB: 15074	Conf: 0.494187	Pts: 130573
Particle (29):: Fit: 0.132363	PB: 0.132363	LB: 14682.4	GB: 15074	Conf: 1.30553	Pts: 195572
Particle (15):: Fit: 14268.8	PB: 14268.8	LB: 15071.1	GB: 15074	Conf: 0.956648	Pts: 85872
Particle (26):: Fit: 0.135032	PB: 0.135032	LB: 14682.4	GB: 15074	Conf: 1.01496	Pts: 55764
Particle (43):: Fit: 0.128227	PB: 0.128227	LB: 15074	GB: 15074	Conf: 0.471864	Pts: 50471
Particle (10):: Fit: 0.130547	PB: 0.130547	LB: 15071.1	GB: 15074	Conf: 0.948656	Pts: 55756
Particle (18):: Fit: 14462.1	PB: 14462.1	LB: 15071.1	GB: 15074	Conf: 0.390061	Pts: 65454
Particle (25):: Fit: 0.132524	PB: 0.132524	LB: 14682.4	GB: 15074	Conf: 0.748293	Pts: 65752
Particle (41):: Fit: 0.134596	PB: 0.134596	LB: 14252.7	GB: 15074	Conf: 0.13389	Pts: 60539
Particle (49):: Fit: 0.128263	PB: 0.128263	LB: 15074	GB: 15074	Conf: 1.43325	Pts: 50449
Particle (49):: Fit: 0.134614	PB: 0.134614	LB: 15074	GB: 15074	Conf: 0.722357	Pts: 50546
Particle (36):: Fit: 14689.3	PB: 14689.3	LB: 14689.3	GB: 15074	Conf: 0.646173	Pts: 160944
Particle (46):: Fit: 14881.4	PB: 14881.4	LB: 15074	GB: 15074	Conf: 0.549638	Pts: 90442
Particle (43):: Fit: 0.128517	PB: 0.128517	LB: 15074	GB: 15074	Conf: 0.477951	Pts: 50545
Particle (16):: Fit: 14693.5	PB: 14693.5	LB: 15071.1	GB: 15074	Conf: 0.984313	Pts: 235636
Particle (43):: Fit: 0.136573	PB: 0.136573	LB: 15074	GB: 15074	Conf: 0.458064	Pts: 50640
Particle (6):: Fit: 0.132574	PB: 0.132574	LB: 14884.4	GB: 15074	Conf: 0.769782	Pts: 65531
Particle (6):: Fit: 0.136941	PB: 0.136941	LB: 14884.4	GB: 15074	Conf: 0.87727	Pts: 65630
Particle (41):: Fit: 0.136566	PB: 0.136566	LB: 14881.4	GB: 15074	Conf: 0.519035	Pts: 60609
Particle (23):: Fit: 0.136778	PB: 0.136778	LB: 14661.6	GB: 15074	Conf: 0.685076	Pts: 140618
Particle (41):: Fit: 0.136629	PB: 0.136629	LB: 14881.4	GB: 15074	Conf: 0.141392	Pts: 60704
Particle (28):: Fit: 14701.7	PB: 14701.7	LB: 14701.7	GB: 15074	Conf: 0.489383	Pts: 180615
Particle (6):: Fit: 14472	PB: 14472	LB: 14884.4	GB: 15074	Conf: 0.859887	Pts: 65712
Particle (39):: Fit: 15482.9	PB: 15482.9	LB: 15482.9	GB: 15482.9	Conf: 0.678051	Pts: 135511
Global: 15482.9 - Correct: 76% of 100 tests
Global Best: 
  Inner Net 1
  -- 1 : 1 = 0.511015
  -- 1 : 2 = 0.171318
  -- 1 : 3 = 0.29456
  -- 2 : 1 = 1
  -- 2 : 2 = -0.00126682
  -- 2 : 3 = -0.315141
  -- 3 : 1 = 0.636084
  -- 3 : 2 = 0.0771426
  -- 3 : 3 = -0.0387041
  -- 4 : 1 = 0.789628
  -- 4 : 2 = 0.263656
  -- 4 : 3 = -0.0508124
  -- 5 : 1 = -0.5
  -- 5 : 2 = 0.356273
  -- 5 : 3 = 0.40575
  -- 6 : 1 = 0.595639
  -- 6 : 2 = -0.159106
  -- 6 : 3 = -0.11466
  Inner Net 2
  -- 1 : 1 = 0.451553
  -- 1 : 2 = 0.0577311
  -- 2 : 1 = -0.117939
  -- 2 : 2 = 0.307919
  -- 3 : 1 = -0.346933
  -- 3 : 2 = -0.097209
Out\Act	False		True
False	0.650167	0.191813	0.84198
True	0.0809139	0.0771061	0.15802
	0.73108	0.26892
	Accuracy [ (tp + tn) / testSize ]: 0.727273
	Precision [ tp / (tp + fp) ]:      0.286219
	Sensitivity [ tp / (tp + fn) ]:    0.486486
	Specificity [ tn / (tn + fp) ]:    0.771751
	F-Score [ 2tp / (2tp + fp + fn) ]: 0.360802
Particle (41):: Fit: 14250.9	PB: 14250.9	LB: 15482.9	GB: 15482.9	Conf: 0.126633	Pts: 60791
Particle (49):: Fit: 1417.14	PB: 1417.14	LB: 15074	GB: 15482.9	Conf: 0.927844	Pts: 50603
Particle (40):: Fit: 14866.8	PB: 14866.8	LB: 15482.9	GB: 15482.9	Conf: 0.326827	Pts: 105402
Particle (3):: Fit: 14884.6	PB: 14884.6	LB: 14884.6	GB: 15482.9	Conf: 0.786844	Pts: 120054
Particle (47):: Fit: 0.126425	PB: 0.126425	LB: 15074	GB: 15482.9	Conf: 1.68817	Pts: 120380
Particle (20):: Fit: 0.140678	PB: 0.140678	LB: 14693.5	GB: 15482.9	Conf: 0.316204	Pts: 60476
Particle (47):: Fit: 0.132549	PB: 0.132549	LB: 15074	GB: 15482.9	Conf: 0.837123	Pts: 120468
Particle (4):: Fit: 14490.5	PB: 14490.5	LB: 14884.6	GB: 15482.9	Conf: 1.04518	Pts: 60367
Particle (41):: Fit: 14260.1	PB: 14260.1	LB: 15482.9	GB: 15482.9	Conf: 0.260886	Pts: 60854
Particle (6):: Fit: 14482.6	PB: 14482.6	LB: 14884.6	GB: 15482.9	Conf: 0.385493	Pts: 65759
Particle (7):: Fit: 0.138469	PB: 0.138469	LB: 14884.6	GB: 15482.9	Conf: 0.520624	Pts: 55753
Particle (10):: Fit: 0.140618	PB: 0.140618	LB: 15071.1	GB: 15482.9	Conf: 0.813886	Pts: 55752
Particle (6):: Fit: 14884.9	PB: 14884.9	LB: 14884.9	GB: 15482.9	Conf: 0.742534	Pts: 95847
Particle (43):: Fit: 0.136681	PB: 0.136681	LB: 15482.9	GB: 15482.9	Conf: 0.58274	Pts: 50651
Particle (21):: Fit: 0.128583	PB: 0.128583	LB: 14661.6	GB: 15482.9	Conf: 0.20374	Pts: 265439
Particle (21):: Fit: 0.130414	PB: 0.130414	LB: 14661.6	GB: 15482.9	Conf: 0.581286	Pts: 265538
Particle (35):: Fit: 16091.2	PB: 16091.2	LB: 16091.2	GB: 16091.2	Conf: 0.471305	Pts: 165323
Global: 16091.2 - Correct: 79% of 100 tests
Global Best: 
  Inner Net 1
  -- 1 : 1 = 0.462134
  -- 1 : 2 = 0.105713
  -- 1 : 3 = -0.277521
  -- 2 : 1 = 0.904324
  -- 2 : 2 = -0.182443
  -- 2 : 3 = -0.0520375
  -- 3 : 1 = 0.833774
  -- 3 : 2 = -0.054168
  -- 3 : 3 = 0.0157247
  -- 4 : 1 = 0.701051
  -- 4 : 2 = -0.288546
  -- 4 : 3 = -0.174042
  -- 5 : 1 = 0.0455591
  -- 5 : 2 = -0.21178
  -- 5 : 3 = -0.271396
  -- 6 : 1 = 0.102906
  -- 6 : 2 = 0.192659
  -- 6 : 3 = -0.127155
  Inner Net 2
  -- 1 : 1 = -0.291726
  -- 1 : 2 = 0.178589
  -- 2 : 1 = 0.142736
  -- 2 : 2 = 0.113986
  -- 3 : 1 = -0.0326164
  -- 3 : 2 = 0.166421
Out\Act	False		True
False	0.485483	0.356497	0.84198
True	0.0480723	0.109948	0.15802
	0.533555	0.466445
	Accuracy [ (tp + tn) / testSize ]: 0.595431
	Precision [ tp / (tp + fp) ]:      0.235474
	Sensitivity [ tp / (tp + fn) ]:    0.693694
	Specificity [ tn / (tn + fp) ]:    0.576271
	F-Score [ 2tp / (2tp + fp + fn) ]: 0.351866
Particle (45):: Fit: 0.137051	PB: 0.137051	LB: 15074	GB: 16091.2	Conf: 1.09565	Pts: 50812
Particle (29):: Fit: 0.138594	PB: 0.138594	LB: 14701.7	GB: 16091.2	Conf: 1.45967	Pts: 195512
Particle (5):: Fit: 0.138601	PB: 0.138601	LB: 14884.9	GB: 16091.2	Conf: 0.494382	Pts: 55715
Particle (24):: Fit: 0.136567	PB: 0.136567	LB: 14701.7	GB: 16091.2	Conf: 0.966778	Pts: 55211
Particle (43):: Fit: 15072.9	PB: 15072.9	LB: 15482.9	GB: 16091.2	Conf: 0.453679	Pts: 50701
Particle (7):: Fit: 14294.6	PB: 14294.6	LB: 14884.9	GB: 16091.2	Conf: 0.628862	Pts: 55788
Particle (8):: Fit: 0.126457	PB: 0.126457	LB: 14884.9	GB: 16091.2	Conf: 1.50613	Pts: 55581
Particle (15):: Fit: 15080.4	PB: 15080.4	LB: 15080.4	GB: 16091.2	Conf: 0.948572	Pts: 135787
Particle (2):: Fit: 15313.6	PB: 15313.6	LB: 15313.6	GB: 16091.2	Conf: 1.09582	Pts: 355181
Particle (18):: Fit: 14677.8	PB: 14677.8	LB: 15080.4	GB: 16091.2	Conf: 0.778279	Pts: 75364
Particle (31):: Fit: 0.130071	PB: 0.130071	LB: 16091.2	GB: 16091.2	Conf: 1.1105	Pts: 150357
Particle (32):: Fit: 0.138691	PB: 0.138691	LB: 16091.2	GB: 16091.2	Conf: 0.399831	Pts: 60452
Particle (21):: Fit: 0.130686	PB: 0.130686	LB: 14677.8	GB: 16091.2	Conf: 0.62848	Pts: 265550
Particle (41):: Fit: 14690	PB: 14690	LB: 15482.9	GB: 16091.2	Conf: 0.155255	Pts: 60826
Particle (23):: Fit: 0.138653	PB: 0.138653	LB: 14701.7	GB: 16091.2	Conf: 0.510889	Pts: 140535
Particle (20):: Fit: 14261.4	PB: 14261.4	LB: 14693.5	GB: 16091.2	Conf: 0.328929	Pts: 60435
Particle (19):: Fit: 14685.9	PB: 14685.9	LB: 15080.4	GB: 16091.2	Conf: 0.632577	Pts: 210138
Particle (25):: Fit: 0.134438	PB: 0.134438	LB: 14701.7	GB: 16091.2	Conf: 0.80347	Pts: 65634
Particle (21):: Fit: 0.138573	PB: 0.138573	LB: 14685.9	GB: 16091.2	Conf: 0.51853	Pts: 265632
Particle (26):: Fit: 0.138558	PB: 0.138558	LB: 14701.7	GB: 16091.2	Conf: 1.24183	Pts: 55623
Particle (31):: Fit: 0.130466	PB: 0.130466	LB: 16091.2	GB: 16091.2	Conf: 1.0248	Pts: 150421
Particle (33):: Fit: 14877.2	PB: 14877.2	LB: 16091.2	GB: 16091.2	Conf: 0.767578	Pts: 115523
Particle (25):: Fit: 0.134575	PB: 0.134575	LB: 14701.7	GB: 16091.2	Conf: 0.781509	Pts: 65717
Particle (29):: Fit: 0.138601	PB: 0.138601	LB: 14877.2	GB: 16091.2	Conf: 1.63046	Pts: 195508
Particle (22):: Fit: 15075.1	PB: 15075.1	LB: 15075.1	GB: 16091.2	Conf: 0.552918	Pts: 205297
Particle (31):: Fit: 0.134179	PB: 0.134179	LB: 16091.2	GB: 16091.2	Conf: 0.958547	Pts: 150498
Particle (10):: Fit: 14319.8	PB: 14319.8	LB: 15080.4	GB: 16091.2	Conf: 0.817195	Pts: 55698
Particle (18):: Fit: 14681.7	PB: 14681.7	LB: 15080.4	GB: 16091.2	Conf: 0.635356	Pts: 75393
Particle (21):: Fit: 15284.6	PB: 15284.6	LB: 15284.6	GB: 16091.2	Conf: 0.32109	Pts: 315691
Particle (32):: Fit: 14677.4	PB: 14677.4	LB: 16091.2	GB: 16091.2	Conf: 0.776081	Pts: 60485
Particle (38):: Fit: 14858.8	PB: 14858.8	LB: 16091.2	GB: 16091.2	Conf: 0.473309	Pts: 260281
Particle (17):: Fit: 14474.7	PB: 14474.7	LB: 15284.6	GB: 16091.2	Conf: 0.409901	Pts: 60270
Particle (20):: Fit: 14478.5	PB: 14478.5	LB: 15284.6	GB: 16091.2	Conf: 0.332707	Pts: 60468
Particle (23):: Fit: 0.140681	PB: 0.140681	LB: 15284.6	GB: 16091.2	Conf: 0.655314	Pts: 140549
Particle (37):: Fit: 14458.6	PB: 14458.6	LB: 16091.2	GB: 16091.2	Conf: 0.609313	Pts: 55440
Particle (23):: Fit: 14468	PB: 14468	LB: 15284.6	GB: 16091.2	Conf: 0.700512	Pts: 140630
Particle (30):: Fit: 15080	PB: 15080	LB: 16091.2	GB: 16091.2	Conf: 0.327537	Pts: 125315
Particle (8):: Fit: 0.130863	PB: 0.130863	LB: 14884.9	GB: 16091.2	Conf: 1.35004	Pts: 55486
Particle (42):: Fit: 14288.4	PB: 14288.4	LB: 15482.9	GB: 16091.2	Conf: 0.819705	Pts: 120176
Particle (18):: Fit: 15094.2	PB: 15094.2	LB: 15284.6	GB: 16091.2	Conf: 0.638955	Pts: 90358
Particle (25):: Fit: 0.136573	PB: 0.136573	LB: 15284.6	GB: 16091.2	Conf: 0.852987	Pts: 65658
Particle (16):: Fit: 15095.4	PB: 15095.4	LB: 15284.6	GB: 16091.2	Conf: 1.28407	Pts: 260345
Particle (47):: Fit: 0.136603	PB: 0.136603	LB: 15313.6	GB: 16091.2	Conf: 1.78216	Pts: 120241
Particle (42):: Fit: 15704	PB: 15704	LB: 15704	GB: 16091.2	Conf: 0.734888	Pts: 155220
Particle (24):: Fit: 14280.9	PB: 14280.9	LB: 15284.6	GB: 16091.2	Conf: 1.11204	Pts: 54970
Particle (27):: Fit: 14668.2	PB: 14668.2	LB: 15080	GB: 16091.2	Conf: 0.334487	Pts: 100166
Particle (7):: Fit: 15121	PB: 15121	LB: 15121	GB: 16091.2	Conf: 0.683762	Pts: 80550
Particle (44):: Fit: 0.136246	PB: 0.136246	LB: 15704	GB: 16091.2	Conf: 1.11241	Pts: 80440
Particle (30):: Fit: 15685.1	PB: 15685.1	LB: 16091.2	GB: 16091.2	Conf: 0.315968	Pts: 150235
Particle (17):: Fit: 15078.6	PB: 15078.6	LB: 15284.6	GB: 16091.2	Conf: 0.432728	Pts: 60114
Particle (21):: Fit: 15697.5	PB: 15697.5	LB: 15697.5	GB: 16091.2	Conf: 0.385597	Pts: 365515
Particle (25):: Fit: 14902.5	PB: 14902.5	LB: 15697.5	GB: 16091.2	Conf: 0.85882	Pts: 65590
Particle (12):: Fit: 14887.9	PB: 14887.9	LB: 15095.4	GB: 16091.2	Conf: 1.05946	Pts: 59967
Particle (4):: Fit: 14897.8	PB: 14897.8	LB: 15313.6	GB: 16091.2	Conf: 0.653849	Pts: 59941
Particle (27):: Fit: 15079.7	PB: 15079.7	LB: 15685.1	GB: 16091.2	Conf: 0.341855	Pts: 100131
Particle (34):: Fit: 14255	PB: 14255	LB: 16091.2	GB: 16091.2	Conf: 0.261024	Pts: 149892
Particle (20):: Fit: 14895.5	PB: 14895.5	LB: 15697.5	GB: 16091.2	Conf: 0.358634	Pts: 60182
Particle (5):: Fit: 0.14051	PB: 0.14051	LB: 15313.6	GB: 16091.2	Conf: 1.32645	Pts: 55269
Particle (31):: Fit: 0.136658	PB: 0.136658	LB: 16091.2	GB: 16091.2	Conf: 1.00016	Pts: 150132
Particle (43):: Fit: 15683.5	PB: 15683.5	LB: 15704	GB: 16091.2	Conf: 0.507189	Pts: 55215
Particle (0):: Fit: 14887.9	PB: 14887.9	LB: 15313.6	GB: 16091.2	Conf: 0.913966	Pts: 110107
Particle (23):: Fit: 14879.3	PB: 14879.3	LB: 15697.5	GB: 16091.2	Conf: 0.483919	Pts: 140299
Particle (13):: Fit: 15728.8	PB: 15728.8	LB: 15728.8	GB: 16091.2	Conf: 0.162745	Pts: 135126
Particle (14):: Fit: 15085.3	PB: 15085.3	LB: 15728.8	GB: 16091.2	Conf: 0.160494	Pts: 120424
Particle (22):: Fit: 15304	PB: 15304	LB: 15697.5	GB: 16091.2	Conf: 0.563287	Pts: 204794
Particle (37):: Fit: 14490.5	PB: 14490.5	LB: 16091.2	GB: 16091.2	Conf: 0.603299	Pts: 54984
Particle (20):: Fit: 15314.2	PB: 15314.2	LB: 15697.5	GB: 16091.2	Conf: 0.348577	Pts: 60075
Particle (31):: Fit: 0.138541	PB: 0.138541	LB: 16091.2	GB: 16091.2	Conf: 1.30941	Pts: 150057
Particle (37):: Fit: 14497	PB: 14497	LB: 16091.2	GB: 16091.2	Conf: 0.600221	Pts: 55047
Particle (26):: Fit: 0.13856	PB: 0.13856	LB: 15685.1	GB: 16091.2	Conf: 1.23356	Pts: 55041
Particle (10):: Fit: 14860.2	PB: 14860.2	LB: 15728.8	GB: 16091.2	Conf: 0.650411	Pts: 55150
Particle (8):: Fit: 0.134499	PB: 0.134499	LB: 15728.8	GB: 16091.2	Conf: 1.28614	Pts: 54941
Particle (8):: Fit: 0.138408	PB: 0.138408	LB: 15728.8	GB: 16091.2	Conf: 1.49613	Pts: 55019
Particle (47):: Fit: 0.140731	PB: 0.140731	LB: 15683.5	GB: 16091.2	Conf: 1.57432	Pts: 119722
Particle (39):: Fit: 15507.3	PB: 15507.3	LB: 16091.2	GB: 16091.2	Conf: 0.684336	Pts: 134619
Particle (44):: Fit: 0.136861	PB: 0.136861	LB: 15704	GB: 16091.2	Conf: 0.772854	Pts: 80005
Particle (37):: Fit: 14680.7	PB: 14680.7	LB: 16091.2	GB: 16091.2	Conf: 0.606362	Pts: 55002
Particle (46):: Fit: 14904	PB: 14904	LB: 15704	GB: 16091.2	Conf: 0.5474	Pts: 89512
Particle (19):: Fit: 14890.6	PB: 14890.6	LB: 15697.5	GB: 16091.2	Conf: 0.630637	Pts: 209403
Particle (22):: Fit: 15473.3	PB: 15473.3	LB: 15697.5	GB: 16091.2	Conf: 0.558988	Pts: 204671
Particle (24):: Fit: 14880.8	PB: 14880.8	LB: 15697.5	GB: 16091.2	Conf: 1.24536	Pts: 54364
Particle (26):: Fit: 0.138638	PB: 0.138638	LB: 15685.1	GB: 16091.2	Conf: 1.25571	Pts: 54843
Particle (9):: Fit: 0.132455	PB: 0.132455	LB: 15728.8	GB: 16091.2	Conf: 1.1166	Pts: 59210
Particle (37):: Fit: 14890.9	PB: 14890.9	LB: 16091.2	GB: 16091.2	Conf: 0.616808	Pts: 54923
Particle (25):: Fit: 15307.8	PB: 15307.8	LB: 15697.5	GB: 16091.2	Conf: 0.825812	Pts: 65034
Particle (6):: Fit: 15496.6	PB: 15496.6	LB: 15496.6	GB: 16091.2	Conf: 0.885778	Pts: 129756
Particle (23):: Fit: 15087.8	PB: 15087.8	LB: 15697.5	GB: 16091.2	Conf: 0.830849	Pts: 139852
Particle (31):: Fit: 14281.6	PB: 14281.6	LB: 16091.2	GB: 16091.2	Conf: 1.28836	Pts: 149667
Particle (36):: Fit: 15097.7	PB: 15097.7	LB: 16091.2	GB: 16091.2	Conf: 0.495769	Pts: 159684
Particle (6):: Fit: 15704	PB: 15704	LB: 15704	GB: 16091.2	Conf: 0.721303	Pts: 164691
Particle (19):: Fit: 15094.7	PB: 15094.7	LB: 15697.5	GB: 16091.2	Conf: 0.657091	Pts: 209094
Particle (37):: Fit: 15478.1	PB: 15478.1	LB: 16091.2	GB: 16091.2	Conf: 0.599833	Pts: 54775
Particle (27):: Fit: 15083.3	PB: 15083.3	LB: 15685.1	GB: 16091.2	Conf: 0.457324	Pts: 99347
Particle (1):: Fit: 0.136691	PB: 0.136691	LB: 15704	GB: 16091.2	Conf: 1.49314	Pts: 109075
Particle (19):: Fit: 15486.9	PB: 15486.9	LB: 15697.5	GB: 16091.2	Conf: 0.644154	Pts: 209087
Particle (1):: Fit: 14281.4	PB: 14281.4	LB: 15704	GB: 16091.2	Conf: 1.0694	Pts: 109150
Particle (38):: Fit: 14917.3	PB: 14917.3	LB: 16091.2	GB: 16091.2	Conf: 0.310581	Pts: 259066
Particle (26):: Fit: 140.196	PB: 140.196	LB: 15685.1	GB: 16091.2	Conf: 0.792123	Pts: 54508
Particle (1):: Fit: 14481.1	PB: 14481.1	LB: 15704	GB: 16091.2	Conf: 0.793159	Pts: 109164
Particle (17):: Fit: 15267.5	PB: 15267.5	LB: 15728.8	GB: 16091.2	Conf: 0.367707	Pts: 59084
Particle (25):: Fit: 15522	PB: 15522	LB: 15697.5	GB: 16091.2	Conf: 0.854585	Pts: 64668
Particle (38):: Fit: 15250.7	PB: 15250.7	LB: 16091.2	GB: 16091.2	Conf: 0.314069	Pts: 258979
Particle (40):: Fit: 15080	PB: 15080	LB: 15704	GB: 16091.2	Conf: 0.351426	Pts: 103765
Particle (34):: Fit: 15092.1	PB: 15092.1	LB: 16091.2	GB: 16091.2	Conf: 0.252042	Pts: 148839
Particle (28):: Fit: 14715.6	PB: 14715.6	LB: 15685.1	GB: 16091.2	Conf: 0.46039	Pts: 178941
Particle (28):: Fit: 14880	PB: 14880	LB: 15685.1	GB: 16091.2	Conf: 0.447302	Pts: 178901
Particle (41):: Fit: 14700.4	PB: 14700.4	LB: 15704	GB: 16091.2	Conf: 0.0801508	Pts: 59172
Particle (27):: Fit: 15471	PB: 15471	LB: 15685.1	GB: 16091.2	Conf: 0.404847	Pts: 98917
Particle (29):: Fit: 0.138911	PB: 0.138911	LB: 15685.1	GB: 16091.2	Conf: 0.852245	Pts: 193718
Particle (48):: Fit: 15472.1	PB: 15472.1	LB: 15472.1	GB: 16091.2	Conf: 0.746473	Pts: 123972
Particle (45):: Fit: 14276.7	PB: 14276.7	LB: 15704	GB: 16091.2	Conf: 1.98024	Pts: 48634
Particle (8):: Fit: 14660.5	PB: 14660.5	LB: 15728.8	GB: 16091.2	Conf: 1.25864	Pts: 53701
Particle (32):: Fit: 14889.8	PB: 14889.8	LB: 16091.2	GB: 16091.2	Conf: 0.37532	Pts: 58400
Particle (41):: Fit: 14720.6	PB: 14720.6	LB: 15704	GB: 16091.2	Conf: 0.0930648	Pts: 58774
Particle (44):: Fit: 0.1388	PB: 0.1388	LB: 15704	GB: 16091.2	Conf: 1.04189	Pts: 78609
Particle (31):: Fit: 14876.4	PB: 14876.4	LB: 16091.2	GB: 16091.2	Conf: 1.54331	Pts: 148589
Particle (9):: Fit: 0.138401	PB: 0.138401	LB: 15728.8	GB: 16091.2	Conf: 1.2117	Pts: 57964
Particle (15):: Fit: 15270.3	PB: 15270.3	LB: 15728.8	GB: 16091.2	Conf: 0.939739	Pts: 133393
Particle (15):: Fit: 15276.8	PB: 15276.8	LB: 15728.8	GB: 16091.2	Conf: 0.950964	Pts: 133439
Particle (18):: Fit: 15274.2	PB: 15274.2	LB: 15697.5	GB: 16091.2	Conf: 0.335746	Pts: 87881
Out\Act	False		True
False	0.485483	0.356497	0.84198
True	0.0480723	0.109948	0.15802
	0.533555	0.466445
	Accuracy [ (tp + tn) / testSize ]: 0.595431
	Precision [ tp / (tp + fp) ]:      0.235474
	Sensitivity [ tp / (tp + fn) ]:    0.693694
	Specificity [ tn / (tn + fp) ]:    0.576271
	F-Score [ 2tp / (2tp + fp + fn) ]: 0.351866
Particle (38):: Fit: 15480.2	PB: 15480.2	LB: 16091.2	GB: 16091.2	Conf: 0.419538	Pts: 257808
Particle (3):: Fit: 14906.2	PB: 14906.2	LB: 15704	GB: 16091.2	Conf: 0.81807	Pts: 117151
Particle (22):: Fit: 15709.6	PB: 15709.6	LB: 15709.6	GB: 16091.2	Conf: 0.77491	Pts: 247634
Particle (41):: Fit: 14887.2	PB: 14887.2	LB: 15704	GB: 16091.2	Conf: 0.104037	Pts: 58039
Particle (32):: Fit: 15280.9	PB: 15280.9	LB: 16091.2	GB: 16091.2	Conf: 1.28233	Pts: 57660
Particle (40):: Fit: 15085.5	PB: 15085.5	LB: 15704	GB: 16091.2	Conf: 0.240035	Pts: 102311
Particle (29):: Fit: 0.140702	PB: 0.140702	LB: 15685.1	GB: 16091.2	Conf: 0.610784	Pts: 192495
Particle (27):: Fit: 15477.8	PB: 15477.8	LB: 15685.1	GB: 16091.2	Conf: 0.27114	Pts: 97545
Particle (9):: Fit: 14243.1	PB: 14243.1	LB: 15728.8	GB: 16091.2	Conf: 0.901377	Pts: 57059
Particle (17):: Fit: 15678.3	PB: 15678.3	LB: 15728.8	GB: 16091.2	Conf: 0.466735	Pts: 57291
Particle (44):: Fit: 15066.1	PB: 15066.1	LB: 15704	GB: 16091.2	Conf: 1.08838	Pts: 77640
Particle (3):: Fit: 15263.7	PB: 15263.7	LB: 15704	GB: 16091.2	Conf: 0.787134	Pts: 116469
Particle (37):: Fit: 15699.2	PB: 15699.2	LB: 16091.2	GB: 16091.2	Conf: 0.621087	Pts: 52442
Particle (47):: Fit: 14691.2	PB: 14691.2	LB: 15683.5	GB: 16091.2	Conf: 1.32453	Pts: 116763
Particle (23):: Fit: 15244.4	PB: 15244.4	LB: 15709.6	GB: 16091.2	Conf: 1.15437	Pts: 137144
Particle (4):: Fit: 15727.3	PB: 15727.3	LB: 15727.3	GB: 16091.2	Conf: 0.98255	Pts: 101348
Particle (40):: Fit: 15294	PB: 15294	LB: 15704	GB: 16091.2	Conf: 0.331053	Pts: 101457
Particle (10):: Fit: 15088.6	PB: 15088.6	LB: 15728.8	GB: 16091.2	Conf: 0.957831	Pts: 51823
Particle (23):: Fit: 15904.5	PB: 15904.5	LB: 15904.5	GB: 16091.2	Conf: 0.647317	Pts: 187009
Particle (5):: Fit: 0.14078	PB: 0.14078	LB: 15727.3	GB: 16091.2	Conf: 0.758968	Pts: 51680
Particle (10):: Fit: 15691.5	PB: 15691.5	LB: 15728.8	GB: 16091.2	Conf: 0.974118	Pts: 51822
Particle (10):: Fit: 15703.1	PB: 15703.1	LB: 15728.8	GB: 16091.2	Conf: 0.568591	Pts: 51883
Particle (3):: Fit: 15904.1	PB: 15904.1	LB: 15904.1	GB: 16091.2	Conf: 0.761526	Pts: 165890
Particle (1):: Fit: 14690.7	PB: 14690.7	LB: 15904.1	GB: 16091.2	Conf: 0.746747	Pts: 106336
Particle (5):: Fit: 15682	PB: 15682	LB: 15904.1	GB: 16091.2	Conf: 0.734394	Pts: 51552
Particle (20):: Fit: 15901	PB: 15901	LB: 15904.5	GB: 16091.2	Conf: 0.328133	Pts: 71174
Particle (32):: Fit: 15911.9	PB: 15911.9	LB: 16091.2	GB: 16091.2	Conf: 0.334355	Pts: 71126
Particle (43):: Fit: 15893.3	PB: 15893.3	LB: 15893.3	GB: 16091.2	Conf: 0.453499	Pts: 90852
Particle (46):: Fit: 15285.9	PB: 15285.9	LB: 15893.3	GB: 16091.2	Conf: 0.53692	Pts: 85383
Particle (29):: Fit: 14280	PB: 14280	LB: 15911.9	GB: 16091.2	Conf: 0.720109	Pts: 190602
Particle (36):: Fit: 15708.3	PB: 15708.3	LB: 16091.2	GB: 16091.2	Conf: 0.647763	Pts: 155665
Particle (41):: Fit: 15501.7	PB: 15501.7	LB: 15893.3	GB: 16091.2	Conf: 0.172407	Pts: 55906
Particle (13):: Fit: 16096.6	PB: 16096.6	LB: 16096.6	GB: 16096.6	Conf: 0.667082	Pts: 190429
Global: 16096.6 - Correct: 79% of 100 tests
Global Best: 
  Inner Net 1
  -- 1 : 1 = 0.38933
  -- 1 : 2 = 0.315227
  -- 1 : 3 = -0.459357
  -- 2 : 1 = -0.158298
  -- 2 : 2 = -0.379433
  -- 2 : 3 = 0.252568
  -- 3 : 1 = -0.014776
  -- 3 : 2 = 0.107764
  -- 3 : 3 = 0.0667697
  -- 4 : 1 = -0.198365
  -- 4 : 2 = -0.0268266
  -- 4 : 3 = 0.0822304
  -- 5 : 1 = -0.329347
  -- 5 : 2 = 0.00904745
  -- 5 : 3 = 0.115502
  -- 6 : 1 = 0.176082
  -- 6 : 2 = -0.225154
  -- 6 : 3 = 0.303297
  Inner Net 2
  -- 1 : 1 = -0.0127373
  -- 1 : 2 = -0.0969222
  -- 2 : 1 = 0.229581
  -- 2 : 2 = -0.227876
  -- 3 : 1 = 0.287584
  -- 3 : 2 = 0.0963062
Out\Act	False		True
False	0.569253	0.272727	0.84198
True	0.0599714	0.0980485	0.15802
	0.629224	0.370776
	Accuracy [ (tp + tn) / testSize ]: 0.667301
	Precision [ tp / (tp + fp) ]:      0.264103
	Sensitivity [ tp / (tp + fn) ]:    0.618619
	Specificity [ tn / (tn + fp) ]:    0.675706
	F-Score [ 2tp / (2tp + fp + fn) ]: 0.370504
Particle (37):: Fit: 15704	PB: 15704	LB: 16091.2	GB: 16096.6	Conf: 0.603389	Pts: 50731
Particle (49):: Fit: 14277.1	PB: 14277.1	LB: 15904.1	GB: 16096.6	Conf: 0.329481	Pts: 44828
Particle (27):: Fit: 15900.4	PB: 15900.4	LB: 15911.9	GB: 16096.6	Conf: 0.356957	Pts: 95320
Particle (49):: Fit: 14288.2	PB: 14288.2	LB: 15904.1	GB: 16096.6	Conf: 0.805093	Pts: 44899
Particle (1):: Fit: 15272.7	PB: 15272.7	LB: 15904.1	GB: 16096.6	Conf: 0.759475	Pts: 105111
Particle (45):: Fit: 14660	PB: 14660	LB: 15893.3	GB: 16096.6	Conf: 0.834214	Pts: 45014
Particle (18):: Fit: 15308.5	PB: 15308.5	LB: 15904.5	GB: 16096.6	Conf: 0.484095	Pts: 84861
Particle (9):: Fit: 14263.7	PB: 14263.7	LB: 16096.6	GB: 16096.6	Conf: 1.13514	Pts: 54446
Particle (38):: Fit: 15490.5	PB: 15490.5	LB: 16091.2	GB: 16096.6	Conf: 0.485213	Pts: 254613
Particle (28):: Fit: 14888.3	PB: 14888.3	LB: 15911.9	GB: 16096.6	Conf: 0.495207	Pts: 174555
Particle (49):: Fit: 14459.2	PB: 14459.2	LB: 15904.1	GB: 16096.6	Conf: 0.741381	Pts: 44419
Particle (33):: Fit: 15097.9	PB: 15097.9	LB: 16091.2	GB: 16096.6	Conf: 0.77568	Pts: 108937
Particle (39):: Fit: 15693.6	PB: 15693.6	LB: 16091.2	GB: 16096.6	Conf: 1.35351	Pts: 128771
Particle (33):: Fit: 15300.5	PB: 15300.5	LB: 16091.2	GB: 16096.6	Conf: 0.777859	Pts: 108889
Particle (6):: Fit: 15899.2	PB: 15899.2	LB: 15904.1	GB: 16096.6	Conf: 0.68166	Pts: 159029
Particle (9):: Fit: 14447.3	PB: 14447.3	LB: 16096.6	GB: 16096.6	Conf: 0.916377	Pts: 53516
Particle (14):: Fit: 15301.4	PB: 15301.4	LB: 16096.6	GB: 16096.6	Conf: 0.363235	Pts: 114078
Particle (49):: Fit: 15294.3	PB: 15294.3	LB: 15904.1	GB: 16096.6	Conf: 0.269749	Pts: 43509
Particle (49):: Fit: 15900.5	PB: 15900.5	LB: 15904.1	GB: 16096.6	Conf: 0.261438	Pts: 63547
Particle (15):: Fit: 15465.1	PB: 15465.1	LB: 16096.6	GB: 16096.6	Conf: 0.949679	Pts: 128574
Particle (22):: Fit: 15717.2	PB: 15717.2	LB: 15904.5	GB: 16096.6	Conf: 0.777388	Pts: 243013
Particle (41):: Fit: 16099.9	PB: 16099.9	LB: 16099.9	GB: 16099.9	Conf: 0.155961	Pts: 113400
Global: 16099.9 - Correct: 79% of 100 tests
Global Best: 
  Inner Net 1
  -- 1 : 1 = 0.195596
  -- 1 : 2 = 0.268665
  -- 1 : 3 = -0.685835
  -- 2 : 1 = 0.452224
  -- 2 : 2 = -0.114291
  -- 2 : 3 = 0.216366
  -- 3 : 1 = 0.0847443
  -- 3 : 2 = -0.138389
  -- 3 : 3 = -0.0214484
  -- 4 : 1 = 0.187383
  -- 4 : 2 = -0.0359914
  -- 4 : 3 = -0.239827
  -- 5 : 1 = 0.251401
  -- 5 : 2 = -0.0828703
  -- 5 : 3 = -0.0775465
  -- 6 : 1 = 0.225389
  -- 6 : 2 = -0.147758
  -- 6 : 3 = -0.191891
  Inner Net 2
  -- 1 : 1 = 0.260047
  -- 1 : 2 = -0.0237712
  -- 2 : 1 = 0.428337
  -- 2 : 2 = -0.425993
  -- 3 : 1 = 0.281874
  -- 3 : 2 = 0.441214
Out\Act	False		True
False	0.667301	0.174679	0.84198
True	0.0742504	0.0837696	0.15802
	0.741552	0.258448
	Accuracy [ (tp + tn) / testSize ]: 0.751071
	Precision [ tp / (tp + fp) ]:      0.323529
	Sensitivity [ tp / (tp + fn) ]:    0.528529
	Specificity [ tn / (tn + fp) ]:    0.79209
	F-Score [ 2tp / (2tp + fp + fn) ]: 0.401826
Particle (7):: Fit: 15275.1	PB: 15275.1	LB: 15904.1	GB: 16099.9	Conf: 0.585084	Pts: 72512
Particle (28):: Fit: 15091.4	PB: 15091.4	LB: 15911.9	GB: 16099.9	Conf: 0.590656	Pts: 172352
Particle (38):: Fit: 16692.6	PB: 16692.6	LB: 16692.6	GB: 16692.6	Conf: 0.321109	Pts: 312308
Global: 16692.6 - Correct: 82% of 100 tests
Global Best: 
  Inner Net 1
  -- 1 : 1 = 0.463488
  -- 1 : 2 = 0.530576
  -- 1 : 3 = -0.660456
  -- 2 : 1 = 0.197924
  -- 2 : 2 = -0.0602119
  -- 2 : 3 = 0.240145
  -- 3 : 1 = 0.176195
  -- 3 : 2 = 0.0800532
  -- 3 : 3 = 0.275906
  -- 4 : 1 = 0.310726
  -- 4 : 2 = -0.0102248
  -- 4 : 3 = 0.264837
  -- 5 : 1 = -0.0112654
  -- 5 : 2 = -0.231146
  -- 5 : 3 = 0.294337
  -- 6 : 1 = 0.176103
  -- 6 : 2 = -0.0448807
  -- 6 : 3 = 0.352731
  Inner Net 2
  -- 1 : 1 = 0.220346
  -- 1 : 2 = -0.0951039
  -- 2 : 1 = -0.0456874
  -- 2 : 2 = -0.145091
  -- 3 : 1 = 0.140884
  -- 3 : 2 = 0.118685
Out\Act	False		True
False	0.695859	0.146121	0.84198
True	0.0832937	0.0747263	0.15802
	0.779153	0.220847
	Accuracy [ (tp + tn) / testSize ]: 0.770585
	Precision [ tp / (tp + fp) ]:      0.337634
	Sensitivity [ tp / (tp + fn) ]:    0.471471
	Specificity [ tn / (tn + fp) ]:    0.825989
	F-Score [ 2tp / (2tp + fp + fn) ]: 0.393977
Particle (11):: Fit: 14876.7	PB: 14876.7	LB: 16096.6	GB: 16692.6	Conf: 0.82831	Pts: 221127
Particle (46):: Fit: 16907.8	PB: 16907.8	LB: 16907.8	GB: 16907.8	Conf: 0.501082	Pts: 141661
Global: 16907.8 - Correct: 83% of 100 tests
Global Best: 
  Inner Net 1
  -- 1 : 1 = 1
  -- 1 : 2 = 0.151575
  -- 1 : 3 = -0.308105
  -- 2 : 1 = -0.325315
  -- 2 : 2 = -0.345358
  -- 2 : 3 = -0.222647
  -- 3 : 1 = 0.390324
  -- 3 : 2 = -0.00271499
  -- 3 : 3 = 0.0931869
  -- 4 : 1 = 0.534018
  -- 4 : 2 = 0.109985
  -- 4 : 3 = 0.122308
  -- 5 : 1 = -0.168626
  -- 5 : 2 = 0.160891
  -- 5 : 3 = 0.253495
  -- 6 : 1 = 0.672581
  -- 6 : 2 = 0.0428701
  -- 6 : 3 = -0.0298618
  Inner Net 2
  -- 1 : 1 = -0.303891
  -- 1 : 2 = -0.0788538
  -- 2 : 1 = 0.741777
  -- 2 : 2 = -0.279559
  -- 3 : 1 = -0.0873983
  -- 3 : 2 = 0.132074
Out\Act	False		True
False	0.550214	0.291766	0.84198
True	0.0571157	0.100904	0.15802
	0.60733	0.39267
	Accuracy [ (tp + tn) / testSize ]: 0.651119
	Precision [ tp / (tp + fp) ]:      0.256659
	Sensitivity [ tp / (tp + fn) ]:    0.636637
	Specificity [ tn / (tn + fp) ]:    0.653107
	F-Score [ 2tp / (2tp + fp + fn) ]: 0.366149
Particle (31):: Fit: 15072.9	PB: 15072.9	LB: 16091.2	GB: 16907.8	Conf: 1.08025	Pts: 141399
Particle (7):: Fit: 15285.6	PB: 15285.6	LB: 15904.1	GB: 16907.8	Conf: 0.55698	Pts: 71339
Particle (15):: Fit: 16087.7	PB: 16087.7	LB: 16096.6	GB: 16907.8	Conf: 0.949854	Pts: 136443
Particle (29):: Fit: 14691.9	PB: 14691.9	LB: 15911.9	GB: 16907.8	Conf: 1.19852	Pts: 186055
Particle (40):: Fit: 15506.6	PB: 15506.6	LB: 16692.6	GB: 16907.8	Conf: 0.357898	Pts: 95665
Particle (1):: Fit: 15274.2	PB: 15274.2	LB: 15904.1	GB: 16907.8	Conf: 0.741026	Pts: 100565
Particle (13):: Fit: 16105	PB: 16105	LB: 16105	GB: 16907.8	Conf: 0.760992	Pts: 235600
Particle (27):: Fit: 16086.6	PB: 16086.6	LB: 16086.6	GB: 16907.8	Conf: 0.285928	Pts: 130528
Particle (34):: Fit: 15266.5	PB: 15266.5	LB: 16692.6	GB: 16907.8	Conf: 0.243233	Pts: 139386
Particle (37):: Fit: 15900.3	PB: 15900.3	LB: 16692.6	GB: 16907.8	Conf: 0.607379	Pts: 44893
Particle (33):: Fit: 15690.7	PB: 15690.7	LB: 16692.6	GB: 16907.8	Conf: 0.756432	Pts: 104273
Particle (28):: Fit: 15290.4	PB: 15290.4	LB: 16086.6	GB: 16907.8	Conf: 0.497888	Pts: 169293
Particle (28):: Fit: 15301.2	PB: 15301.2	LB: 16086.6	GB: 16907.8	Conf: 0.449271	Pts: 168810
Particle (18):: Fit: 15682.2	PB: 15682.2	LB: 16087.7	GB: 16907.8	Conf: 0.603494	Pts: 78534
Particle (8):: Fit: 15500.7	PB: 15500.7	LB: 16105	GB: 16907.8	Conf: 1.47223	Pts: 43235
Particle (31):: Fit: 15082.2	PB: 15082.2	LB: 16091.2	GB: 16907.8	Conf: 0.715526	Pts: 138321
Particle (9):: Fit: 14875.2	PB: 14875.2	LB: 16105	GB: 16907.8	Conf: 1.20006	Pts: 47687
Particle (19):: Fit: 15702.5	PB: 15702.5	LB: 16087.7	GB: 16907.8	Conf: 0.639344	Pts: 197646
Particle (40):: Fit: 16500.9	PB: 16500.9	LB: 16692.6	GB: 16907.8	Conf: 0.303083	Pts: 92608
Particle (21):: Fit: 15713.1	PB: 15713.1	LB: 15904.5	GB: 16907.8	Conf: 0.47774	Pts: 352144
Particle (3):: Fit: 16503.5	PB: 16503.5	LB: 16503.5	GB: 16907.8	Conf: 0.794974	Pts: 191548
Particle (28):: Fit: 15499.7	PB: 15499.7	LB: 16086.6	GB: 16907.8	Conf: 0.48155	Pts: 166940
Particle (34):: Fit: 15281	PB: 15281	LB: 16692.6	GB: 16907.8	Conf: 0.227985	Pts: 136302
Particle (17):: Fit: 15695.1	PB: 15695.1	LB: 16105	GB: 16907.8	Conf: 0.428641	Pts: 46446
Particle (28):: Fit: 15673.2	PB: 15673.2	LB: 16086.6	GB: 16907.8	Conf: 0.487769	Pts: 166765
Particle (19):: Fit: 15906.6	PB: 15906.6	LB: 16087.7	GB: 16907.8	Conf: 0.65043	Pts: 205853
Particle (5):: Fit: 16111.8	PB: 16111.8	LB: 16503.5	GB: 16907.8	Conf: 0.602642	Pts: 50699
Particle (1):: Fit: 16091.8	PB: 16091.8	LB: 16503.5	GB: 16907.8	Conf: 0.755133	Pts: 95542
Particle (34):: Fit: 15668.3	PB: 15668.3	LB: 16692.6	GB: 16907.8	Conf: 0.242806	Pts: 135108
Particle (4):: Fit: 16107.6	PB: 16107.6	LB: 16503.5	GB: 16907.8	Conf: 1.1391	Pts: 89276
Particle (14):: Fit: 15468.6	PB: 15468.6	LB: 16105	GB: 16907.8	Conf: 0.187404	Pts: 104716
Particle (45):: Fit: 14664.1	PB: 14664.1	LB: 16907.8	GB: 16907.8	Conf: 0.90657	Pts: 34105
Particle (14):: Fit: 15506.5	PB: 15506.5	LB: 16105	GB: 16907.8	Conf: 0.324841	Pts: 104640
Particle (27):: Fit: 16294.9	PB: 16294.9	LB: 16294.9	GB: 16907.8	Conf: 0.442469	Pts: 174182
Particle (15):: Fit: 16096.9	PB: 16096.9	LB: 16105	GB: 16907.8	Conf: 0.954874	Pts: 138620
Particle (28):: Fit: 16110.1	PB: 16110.1	LB: 16294.9	GB: 16907.8	Conf: 0.459393	Pts: 168714
Particle (25):: Fit: 15695.3	PB: 15695.3	LB: 16294.9	GB: 16907.8	Conf: 0.795817	Pts: 46358
Particle (25):: Fit: 16110.3	PB: 16110.3	LB: 16294.9	GB: 16907.8	Conf: 0.870597	Pts: 56422
Particle (10):: Fit: 16116	PB: 16116	LB: 16116	GB: 16907.8	Conf: 0.970786	Pts: 70371
Particle (47):: Fit: 15081.2	PB: 15081.2	LB: 16907.8	GB: 16907.8	Conf: 1.33145	Pts: 99464
Particle (2):: Fit: 15487.1	PB: 15487.1	LB: 16503.5	GB: 16907.8	Conf: 0.692304	Pts: 333704
Particle (2):: Fit: 15694.6	PB: 15694.6	LB: 16503.5	GB: 16907.8	Conf: 0.935683	Pts: 333656
Particle (22):: Fit: 16701.3	PB: 16701.3	LB: 16701.3	GB: 16907.8	Conf: 0.813256	Pts: 277348
Particle (24):: Fit: 15097.5	PB: 15097.5	LB: 16701.3	GB: 16907.8	Conf: 1.11838	Pts: 31142
Particle (0):: Fit: 15476	PB: 15476	LB: 16907.8	GB: 16907.8	Conf: 1.3634	Pts: 86039
Particle (19):: Fit: 15915.9	PB: 15915.9	LB: 16701.3	GB: 16907.8	Conf: 0.65681	Pts: 195837
Particle (37):: Fit: 16102.9	PB: 16102.9	LB: 16692.6	GB: 16907.8	Conf: 0.602973	Pts: 30665
Particle (17):: Fit: 15900.1	PB: 15900.1	LB: 16701.3	GB: 16907.8	Conf: 0.502447	Pts: 34780
Particle (18):: Fit: 16494.7	PB: 16494.7	LB: 16701.3	GB: 16907.8	Conf: 0.716064	Pts: 84244
Particle (12):: Fit: 15227.7	PB: 15227.7	LB: 16116	GB: 16907.8	Conf: 1.04692	Pts: 33187
Particle (9):: Fit: 14884.4	PB: 14884.4	LB: 16116	GB: 16907.8	Conf: 1.27553	Pts: 32685
Particle (11):: Fit: 14897.1	PB: 14897.1	LB: 16116	GB: 16907.8	Conf: 0.77495	Pts: 201673
Particle (9):: Fit: 14903.6	PB: 14903.6	LB: 16116	GB: 16907.8	Conf: 0.567874	Pts: 31352
Particle (47):: Fit: 15504.5	PB: 15504.5	LB: 16907.8	GB: 16907.8	Conf: 1.42884	Pts: 91208
Particle (33):: Fit: 15889.2	PB: 15889.2	LB: 16692.6	GB: 16907.8	Conf: 0.766747	Pts: 85750
Particle (48):: Fit: 15519.3	PB: 15519.3	LB: 16907.8	GB: 16907.8	Conf: 0.639336	Pts: 95795
Particle (41):: Fit: 16308.3	PB: 16308.3	LB: 16907.8	GB: 16907.8	Conf: 0.623923	Pts: 90196
Particle (31):: Fit: 15892.8	PB: 15892.8	LB: 16294.9	GB: 16907.8	Conf: 0.937533	Pts: 119399
Particle (39):: Fit: 15695.6	PB: 15695.6	LB: 16692.6	GB: 16907.8	Conf: 0.715746	Pts: 104091
Out\Act	False		True
False	0.550214	0.291766	0.84198
True	0.0571157	0.100904	0.15802
	0.60733	0.39267
	Accuracy [ (tp + tn) / testSize ]: 0.651119
	Precision [ tp / (tp + fp) ]:      0.256659
	Sensitivity [ tp / (tp + fn) ]:    0.636637
	Specificity [ tn / (tn + fp) ]:    0.653107
	F-Score [ 2tp / (2tp + fp + fn) ]: 0.366149
Particle (48):: Fit: 16293.4	PB: 16293.4	LB: 16907.8	GB: 16907.8	Conf: 0.245151	Pts: 93247
Particle (44):: Fit: 15070.1	PB: 15070.1	LB: 16907.8	GB: 16907.8	Conf: 1.09209	Pts: 47635
Particle (30):: Fit: 15685.5	PB: 15685.5	LB: 16294.9	GB: 16907.8	Conf: 0.416166	Pts: 116906
Particle (43):: Fit: 16103.1	PB: 16103.1	LB: 16907.8	GB: 16907.8	Conf: 0.520026	Pts: 62361
Particle (42):: Fit: 15705.8	PB: 15705.8	LB: 16907.8	GB: 16907.8	Conf: 0.754216	Pts: 121700
Particle (48):: Fit: 16311.4	PB: 16311.4	LB: 16907.8	GB: 16907.8	Conf: 0.536407	Pts: 92263
Particle (39):: Fit: 16133.5	PB: 16133.5	LB: 16692.6	GB: 16907.8	Conf: 0.69854	Pts: 101637
Particle (23):: Fit: 16504.8	PB: 16504.8	LB: 16701.3	GB: 16907.8	Conf: 0.615131	Pts: 161829
Particle (24):: Fit: 15100.4	PB: 15100.4	LB: 16701.3	GB: 16907.8	Conf: 1.23535	Pts: 20256
Particle (6):: Fit: 16089.8	PB: 16089.8	LB: 16503.5	GB: 16907.8	Conf: 0.695822	Pts: 129783
Particle (29):: Fit: 14883.6	PB: 14883.6	LB: 16294.9	GB: 16907.8	Conf: 1.62521	Pts: 158677
Particle (33):: Fit: 15900.3	PB: 15900.3	LB: 16692.6	GB: 16907.8	Conf: 0.745467	Pts: 78612
Particle (36):: Fit: 16314.2	PB: 16314.2	LB: 16692.6	GB: 16907.8	Conf: 0.635001	Pts: 133443
Particle (45):: Fit: 14724.4	PB: 14724.4	LB: 16907.8	GB: 16907.8	Conf: 1.09566	Pts: 12631
Particle (14):: Fit: 15894.7	PB: 15894.7	LB: 16494.7	GB: 16907.8	Conf: 0.369422	Pts: 83346
Particle (14):: Fit: 16090.6	PB: 16090.6	LB: 16494.7	GB: 16907.8	Conf: 0.489962	Pts: 83262
Particle (16):: Fit: 15276.9	PB: 15276.9	LB: 16494.7	GB: 16907.8	Conf: 0.875899	Pts: 221425
Particle (29):: Fit: 15517.3	PB: 15517.3	LB: 16294.9	GB: 16907.8	Conf: 1.24562	Pts: 156674
Global Best: 
  Inner Net 1
  -- 1 : 1 = 1
  -- 1 : 2 = 0.151575
  -- 1 : 3 = -0.308105
  -- 2 : 1 = -0.325315
  -- 2 : 2 = -0.345358
  -- 2 : 3 = -0.222647
  -- 3 : 1 = 0.390324
  -- 3 : 2 = -0.00271499
  -- 3 : 3 = 0.0931869
  -- 4 : 1 = 0.534018
  -- 4 : 2 = 0.109985
  -- 4 : 3 = 0.122308
  -- 5 : 1 = -0.168626
  -- 5 : 2 = 0.160891
  -- 5 : 3 = 0.253495
  -- 6 : 1 = 0.672581
  -- 6 : 2 = 0.0428701
  -- 6 : 3 = -0.0298618
  Inner Net 2
  -- 1 : 1 = -0.303891
  -- 1 : 2 = -0.0788538
  -- 2 : 1 = 0.741777
  -- 2 : 2 = -0.279559
  -- 3 : 1 = -0.0873983
  -- 3 : 2 = 0.132074
Out\Act	False		True
False	0.550214	0.291766	0.84198
True	0.0571157	0.100904	0.15802
	0.60733	0.39267
	Accuracy [ (tp + tn) / testSize ]: 0.651119
	Precision [ tp / (tp + fp) ]:      0.256659
	Sensitivity [ tp / (tp + fn) ]:    0.636637
	Specificity [ tn / (tn + fp) ]:    0.653107
	F-Score [ 2tp / (2tp + fp + fn) ]: 0.366149
