
Date / Time: Fri Mar 31 01:53:19 2017

   ****************************************
   * PSO Neural Net (Gaussian Activation) *
   *       by William Boler, BSCE         *
   *     Research Assistant, IUPUI        *
   *                                      *
   *  Professor: Dr. Lauren Christopher   *
   *     Created: March 13, 2017          *
   ****************************************


Inputs: 10
Inner Nets: 1
 - 9
Tests per train(min): 100
Particles: 50
Neighbors: 10
Minimum Particle Iterations: 1000
Particle (0):: Fit: 18.287	PB: 18.287	LB: 18.287	GB: 18.287	Conf: 2	Pts: 110099
Particle (1):: Fit: 0.0015916	PB: 0.0015916	LB: 18.287	GB: 18.287	Conf: 1.39867	Pts: 55099
Particle (2):: Fit: 0.00171241	PB: 0.00171241	LB: 18.287	GB: 18.287	Conf: 2	Pts: 60099
Particle (3):: Fit: 0.00168908	PB: 0.00168908	LB: 18.287	GB: 18.287	Conf: 2	Pts: 55099
Particle (4):: Fit: 0.00171241	PB: 0.00171241	LB: 18.287	GB: 18.287	Conf: 2	Pts: 60099
Particle (5):: Fit: 0.0016951	PB: 0.0016951	LB: 0.00171241	GB: 18.287	Conf: 0.542433	Pts: 55099
Particle (6):: Fit: 18.7499	PB: 18.7499	LB: 18.7499	GB: 18.7499	Conf: 1.84464	Pts: 110099
Particle (7):: Fit: 18.5995	PB: 18.5995	LB: 18.7499	GB: 18.7499	Conf: 0.316262	Pts: 55099
Particle (8):: Fit: 0.000109076	PB: 0.000109076	LB: 18.7499	GB: 18.7499	Conf: 0.19047	Pts: 55099
Particle (9):: Fit: 0.00173632	PB: 0.00173632	LB: 18.7499	GB: 18.7499	Conf: 1.97357	Pts: 60099
Particle (10):: Fit: 18.29	PB: 18.29	LB: 18.7499	GB: 18.7499	Conf: 1.98528	Pts: 65099
Particle (11):: Fit: 0.00166572	PB: 0.00166572	LB: 18.5995	GB: 18.7499	Conf: 2	Pts: 55099
Particle (12):: Fit: 18.9821	PB: 18.9821	LB: 18.9821	GB: 18.9821	Conf: 2	Pts: 110099
Particle (13):: Fit: 0.00171225	PB: 0.00171225	LB: 18.9821	GB: 18.9821	Conf: 1.98709	Pts: 55099
Particle (14):: Fit: 0.0172826	PB: 0.0172826	LB: 18.9821	GB: 18.9821	Conf: 1.84416	Pts: 60099
Particle (15):: Fit: 18.5276	PB: 18.5276	LB: 18.9821	GB: 18.9821	Conf: 1.2639	Pts: 65099
Particle (16):: Fit: 19.2168	PB: 19.2168	LB: 19.2168	GB: 19.2168	Conf: 1.98576	Pts: 110099
Particle (17):: Fit: 0.00173689	PB: 0.00173689	LB: 19.2168	GB: 19.2168	Conf: 1.80433	Pts: 55099
Particle (18):: Fit: 0.00159549	PB: 0.00159549	LB: 19.2168	GB: 19.2168	Conf: 2	Pts: 55099
Particle (19):: Fit: 18.519	PB: 18.519	LB: 19.2168	GB: 19.2168	Conf: 2	Pts: 65099
Particle (20):: Fit: 19.6835	PB: 19.6835	LB: 19.6835	GB: 19.6835	Conf: 1.97844	Pts: 110099
Particle (21):: Fit: 197.13	PB: 197.13	LB: 197.13	GB: 197.13	Conf: 1.88109	Pts: 110099
Particle (22):: Fit: 163.164	PB: 163.164	LB: 197.13	GB: 197.13	Conf: 1.04015	Pts: 55099
Particle (23):: Fit: 0.00154854	PB: 0.00154854	LB: 197.13	GB: 197.13	Conf: 2	Pts: 55099
Particle (24):: Fit: 0.00173572	PB: 0.00173572	LB: 197.13	GB: 197.13	Conf: 2	Pts: 60099
Particle (25):: Fit: 0.0014875	PB: 0.0014875	LB: 197.13	GB: 197.13	Conf: 1.08647	Pts: 55099
Particle (26):: Fit: 1.76606	PB: 1.76606	LB: 163.164	GB: 197.13	Conf: 0.361536	Pts: 70099
Particle (27):: Fit: 18.3093	PB: 18.3093	LB: 18.3093	GB: 197.13	Conf: 0.99881	Pts: 75099
Particle (28):: Fit: 18.287	PB: 18.287	LB: 18.3093	GB: 197.13	Conf: 2	Pts: 55099
Particle (29):: Fit: 18.7506	PB: 18.7506	LB: 18.7506	GB: 197.13	Conf: 2	Pts: 85099
Particle (30):: Fit: 18.5886	PB: 18.5886	LB: 18.7506	GB: 197.13	Conf: 0.921974	Pts: 55099
Particle (31):: Fit: 18.287	PB: 18.287	LB: 18.7506	GB: 197.13	Conf: 2	Pts: 55099
Particle (32):: Fit: 0.00161782	PB: 0.00161782	LB: 18.7506	GB: 197.13	Conf: 1.89878	Pts: 55099
Particle (33):: Fit: 18.1357	PB: 18.1357	LB: 18.7506	GB: 197.13	Conf: 1.91875	Pts: 60099
Particle (34):: Fit: 0.00168908	PB: 0.00168908	LB: 18.5886	GB: 197.13	Conf: 2	Pts: 55099
Particle (35):: Fit: 0.00152502	PB: 0.00152502	LB: 18.287	GB: 197.13	Conf: 2	Pts: 55099
Particle (36):: Fit: 18.0549	PB: 18.0549	LB: 18.1357	GB: 197.13	Conf: 2	Pts: 65099
Particle (37):: Fit: 18.7506	PB: 18.7506	LB: 18.7506	GB: 197.13	Conf: 2	Pts: 90099
Particle (38):: Fit: 0.00166572	PB: 0.00166572	LB: 18.7506	GB: 197.13	Conf: 2	Pts: 55099
Particle (39):: Fit: 17.885	PB: 17.885	LB: 18.7506	GB: 197.13	Conf: 0.556362	Pts: 60099
Particle (40):: Fit: 18.4471	PB: 18.4471	LB: 18.7506	GB: 197.13	Conf: 1.09718	Pts: 65099
Particle (41):: Fit: 17.8062	PB: 17.8062	LB: 18.7506	GB: 197.13	Conf: 1.64811	Pts: 50099
Particle (42):: Fit: 0.00171241	PB: 0.00171241	LB: 18.4471	GB: 197.13	Conf: 2	Pts: 50099
Particle (43):: Fit: 201.926	PB: 201.926	LB: 201.926	GB: 201.926	Conf: 1.94911	Pts: 110099
Particle (44):: Fit: 0.00151834	PB: 0.00151834	LB: 201.926	GB: 201.926	Conf: 1.90024	Pts: 50099
Particle (45):: Fit: 0.00157177	PB: 0.00157177	LB: 201.926	GB: 201.926	Conf: 1.94748	Pts: 50099
Particle (46):: Fit: 19.4495	PB: 19.4495	LB: 201.926	GB: 201.926	Conf: 1.95988	Pts: 65099
Particle (47):: Fit: 0.0175864	PB: 0.0175864	LB: 201.926	GB: 201.926	Conf: 1.9118	Pts: 50099
Particle (48):: Fit: 19.2134	PB: 19.2134	LB: 19.4495	GB: 201.926	Conf: 2	Pts: 60099
Particle (49):: Fit: 0.0016438	PB: 0.0016438	LB: 19.4495	GB: 201.926	Conf: 1.90536	Pts: 50099
Global: 201.926 - Correct: 43% of 100 tests
Global Best: 
  Inner Net 1
  -- 1 : 1 = 0.1693
  -- 1 : 2 = 0.5189
  -- 1 : 3 = 0.52
  -- 1 : 4 = 0.4503
  -- 1 : 5 = 0.8017
  -- 1 : 6 = 0.3016
  -- 1 : 7 = 0.6211
  -- 1 : 8 = 0.0768
  -- 1 : 9 = 0.4442
  -- 2 : 1 = 0.737
  -- 2 : 2 = 0.669
  -- 2 : 3 = 0.0767
  -- 2 : 4 = 0.9304
  -- 2 : 5 = 0.1773
  -- 2 : 6 = 0.8748
  -- 2 : 7 = 0.7336
  -- 2 : 8 = 0.4222
  -- 2 : 9 = 0.1211
  -- 3 : 1 = 0.6882
  -- 3 : 2 = 0.4818
  -- 3 : 3 = 0.9028
  -- 3 : 4 = 0.6299
  -- 3 : 5 = 0.5921
  -- 3 : 6 = 0.635
  -- 3 : 7 = 0.6156
  -- 3 : 8 = 0.8901
  -- 3 : 9 = 0.0847
  -- 4 : 1 = 0.2084
  -- 4 : 2 = 0.5143
  -- 4 : 3 = 0.0182
  -- 4 : 4 = 0.2452
  -- 4 : 5 = 0.272
  -- 4 : 6 = 0.1065
  -- 4 : 7 = 0.7477
  -- 4 : 8 = 0.2347
  -- 4 : 9 = 0.3245
  -- 5 : 1 = 0.1402
  -- 5 : 2 = 0.7558
  -- 5 : 3 = 0.02
  -- 5 : 4 = 0.9568
  -- 5 : 5 = 0.2846
  -- 5 : 6 = 0.8847
  -- 5 : 7 = 0.1644
  -- 5 : 8 = 0.3577
  -- 5 : 9 = 0.6552
  -- 6 : 1 = 0.7834
  -- 6 : 2 = 0.6951
  -- 6 : 3 = 0.1429
  -- 6 : 4 = 0.441
  -- 6 : 5 = 0.6891
  -- 6 : 6 = 0.0173
  -- 6 : 7 = 0.1704
  -- 6 : 8 = 0.5936
  -- 6 : 9 = 0.4098
  -- 7 : 1 = 0.4205
  -- 7 : 2 = 0.3465
  -- 7 : 3 = 0.5566
  -- 7 : 4 = 0.5666
  -- 7 : 5 = 0.1006
  -- 7 : 6 = 0.9902
  -- 7 : 7 = 0.335
  -- 7 : 8 = 0.4963
  -- 7 : 9 = 0.6922
  -- 8 : 1 = 0.625
  -- 8 : 2 = 0.8223
  -- 8 : 3 = 0.3638
  -- 8 : 4 = 0.1712
  -- 8 : 5 = 0.7652
  -- 8 : 6 = 0.7442
  -- 8 : 7 = 0.2872
  -- 8 : 8 = 0.0132
  -- 8 : 9 = 0.5946
  -- 9 : 1 = 0.3543
  -- 9 : 2 = 0.8376
  -- 9 : 3 = 0.7482
  -- 9 : 4 = 0.5221
  -- 9 : 5 = 0.2384
  -- 9 : 6 = 0.0731
  -- 9 : 7 = 0.7939
  -- 9 : 8 = 0.1118
  -- 9 : 9 = 0.3188
  -- 10 : 1 = 0.6208
  -- 10 : 2 = 0.0487
  -- 10 : 3 = 0.6482
  -- 10 : 4 = 0.0767
  -- 10 : 5 = 0.3504
  -- 10 : 6 = 0.8324
  -- 10 : 7 = 0.0034
  -- 10 : 8 = 0.8503
  -- 10 : 9 = 0.788
  Inner Net 2
  -- 1 : 1 = 0.3421
  -- 1 : 2 = 0.399
  -- 2 : 1 = -0.143956
  -- 2 : 2 = -0.10711
  -- 3 : 1 = 0.2575
  -- 3 : 2 = 0.0667
  -- 4 : 1 = -0.0577
  -- 4 : 2 = 0.0329
  -- 5 : 1 = 0.3216
  -- 5 : 2 = 0.0619
  -- 6 : 1 = -0.0966
  -- 6 : 2 = -0.0446255
  -- 7 : 1 = -0.172
  -- 7 : 2 = -0.0059437
  -- 8 : 1 = -0.0924
  -- 8 : 2 = -0.1164
  -- 9 : 1 = -0.2851
  -- 9 : 2 = -0.198488
Out\Act	False		True
False	0.84198	0	0.84198
True	0.15802	0	0.15802
	1	0
	Accuracy [ (tp + tn) / testSize ]: 0.84198
	Precision [ tp / (tp + fp) ]:      0
	Sensitivity [ tp / (tp + fn) ]:    0
	Specificity [ tn / (tn + fp) ]:    0.999435
	F-Score [ 2tp / (2tp + fp + fn) ]: 0
Particle (1):: Fit: 1.76021	PB: 1.76021	LB: 19.2134	GB: 201.926	Conf: 1.68397	Pts: 55198
Particle (3):: Fit: 0.00168954	PB: 0.00168954	LB: 18.7499	GB: 201.926	Conf: 1.96983	Pts: 55198
Particle (5):: Fit: 18.6035	PB: 18.6035	LB: 18.7499	GB: 201.926	Conf: 0.352603	Pts: 55198
Particle (8):: Fit: 0.00134249	PB: 0.00134249	LB: 18.9821	GB: 201.926	Conf: 0.931375	Pts: 55197
Particle (11):: Fit: 0.00171241	PB: 0.00171241	LB: 19.2168	GB: 201.926	Conf: 2	Pts: 55198
Particle (13):: Fit: 0.00173591	PB: 0.00173591	LB: 19.2168	GB: 201.926	Conf: 1.98359	Pts: 55198
Particle (15):: Fit: 184.951	PB: 184.951	LB: 184.951	GB: 201.926	Conf: 1.5818	Pts: 95198
Particle (17):: Fit: 18.7664	PB: 18.7664	LB: 197.13	GB: 201.926	Conf: 1.8781	Pts: 55198
Particle (18):: Fit: 18.0549	PB: 18.0549	LB: 197.13	GB: 201.926	Conf: 2	Pts: 55198
Particle (23):: Fit: 0.00168908	PB: 0.00168908	LB: 197.13	GB: 201.926	Conf: 2	Pts: 55198
Particle (24):: Fit: 1.759	PB: 1.759	LB: 197.13	GB: 201.926	Conf: 2	Pts: 60198
Particle (25):: Fit: 202.848	PB: 202.848	LB: 202.848	GB: 202.848	Conf: 1.24241	Pts: 115198
Particle (27):: Fit: 18.8466	PB: 18.8466	LB: 202.848	GB: 202.848	Conf: 0.651604	Pts: 85198
Particle (32):: Fit: 18.5196	PB: 18.5196	LB: 18.7506	GB: 202.848	Conf: 1.70033	Pts: 55198
Particle (35):: Fit: 18.519	PB: 18.519	LB: 18.7506	GB: 202.848	Conf: 2	Pts: 55198
Particle (38):: Fit: 18.0549	PB: 18.0549	LB: 201.926	GB: 202.848	Conf: 2	Pts: 55198
Particle (41):: Fit: 193.221	PB: 193.221	LB: 201.926	GB: 202.848	Conf: 1.70775	Pts: 60198
Particle (42):: Fit: 18.0549	PB: 18.0549	LB: 201.926	GB: 202.848	Conf: 2	Pts: 50198
Particle (44):: Fit: 17.8227	PB: 17.8227	LB: 201.926	GB: 202.848	Conf: 1.89193	Pts: 50198
Particle (45):: Fit: 18.2924	PB: 18.2924	LB: 201.926	GB: 202.848	Conf: 1.96906	Pts: 50198
Particle (46):: Fit: 189.342	PB: 189.342	LB: 201.926	GB: 202.848	Conf: 1.92301	Pts: 80198
Particle (47):: Fit: 0.0176058	PB: 0.0176058	LB: 201.926	GB: 202.848	Conf: 1.95413	Pts: 50198
Particle (49):: Fit: 0.0165929	PB: 0.0165929	LB: 189.342	GB: 202.848	Conf: 1.88134	Pts: 50198
Global: 202.848 - Correct: 54% of 100 tests
Global Best: 
  Inner Net 1
  -- 1 : 1 = 0.4545
  -- 1 : 2 = 0.558
  -- 1 : 3 = 0.5765
  -- 1 : 4 = 0.3115
  -- 1 : 5 = 0.9162
  -- 1 : 6 = 0.8311
  -- 1 : 7 = 0.2321
  -- 1 : 8 = 0.9556
  -- 1 : 9 = 0.0632
  -- 2 : 1 = 0.0325
  -- 2 : 2 = 0.3374
  -- 2 : 3 = 0.2611
  -- 2 : 4 = 0.6473
  -- 2 : 5 = 0.8093
  -- 2 : 6 = 0.8829
  -- 2 : 7 = 0.3781
  -- 2 : 8 = 0.3668
  -- 2 : 9 = 0.5972
  -- 3 : 1 = 0.5611
  -- 3 : 2 = 0.0546
  -- 3 : 3 = 0.8802
  -- 3 : 4 = 0.9509
  -- 3 : 5 = 0.0614
  -- 3 : 6 = 0.0596
  -- 3 : 7 = 0.0091
  -- 3 : 8 = 0.9542
  -- 3 : 9 = 0.4367
  -- 4 : 1 = 0.0227
  -- 4 : 2 = 0.1182
  -- 4 : 3 = 0.5401
  -- 4 : 4 = 0.2576
  -- 4 : 5 = 0.4226
  -- 4 : 6 = 0.9638
  -- 4 : 7 = 0.9041
  -- 4 : 8 = 0.184
  -- 4 : 9 = 0.4112
  -- 5 : 1 = 0.7817
  -- 5 : 2 = 0.7334
  -- 5 : 3 = 0.1781
  -- 5 : 4 = 0.7751
  -- 5 : 5 = 0.3202
  -- 5 : 6 = 0.8634
  -- 5 : 7 = 0.1145
  -- 5 : 8 = 0.1097
  -- 5 : 9 = 0.7922
  -- 6 : 1 = 0.8252
  -- 6 : 2 = 0.1632
  -- 6 : 3 = 0.7628
  -- 6 : 4 = 0.0946
  -- 6 : 5 = 0.6013
  -- 6 : 6 = 0.9768
  -- 6 : 7 = 0.9363
  -- 6 : 8 = 0.6108
  -- 6 : 9 = 0.285
  -- 7 : 1 = 0.6306
  -- 7 : 2 = 0.7008
  -- 7 : 3 = 0.0043
  -- 7 : 4 = 0.1305
  -- 7 : 5 = 0.328
  -- 7 : 6 = 0.6934
  -- 7 : 7 = 0.472
  -- 7 : 8 = 0.8415
  -- 7 : 9 = 0.9904
  -- 8 : 1 = 0.5684
  -- 8 : 2 = 0.2678
  -- 8 : 3 = 0.8785
  -- 8 : 4 = 0.7608
  -- 8 : 5 = 0.7631
  -- 8 : 6 = 0.6872
  -- 8 : 7 = 0.2322
  -- 8 : 8 = 0.7378
  -- 8 : 9 = 0.499
  -- 9 : 1 = 0.4754
  -- 9 : 2 = 0.6748
  -- 9 : 3 = 0.0938
  -- 9 : 4 = 0.982
  -- 9 : 5 = 0.6982
  -- 9 : 6 = 0.2138
  -- 9 : 7 = 0.1253
  -- 9 : 8 = 0.5321
  -- 9 : 9 = 0.0384
  -- 10 : 1 = 0.0182
  -- 10 : 2 = 0.6949
  -- 10 : 3 = 0.1186
  -- 10 : 4 = 0.0923
  -- 10 : 5 = 0.1311
  -- 10 : 6 = 0.0299
  -- 10 : 7 = 0.3683
  -- 10 : 8 = 0.7717
  -- 10 : 9 = 0.1597
  Inner Net 2
  -- 1 : 1 = -0.14173
  -- 1 : 2 = -0.0232846
  -- 2 : 1 = -0.189954
  -- 2 : 2 = -0.1912
  -- 3 : 1 = -0.6186
  -- 3 : 2 = -0.1666
  -- 4 : 1 = -0.252474
  -- 4 : 2 = -0.248559
  -- 5 : 1 = -0.23
  -- 5 : 2 = -0.258791
  -- 6 : 1 = 0.0152825
  -- 6 : 2 = -0.303872
  -- 7 : 1 = -0.1416
  -- 7 : 2 = -0.0887549
  -- 8 : 1 = 0.239513
  -- 8 : 2 = -0.0769233
  -- 9 : 1 = -0.0851579
  -- 9 : 2 = -0.2269
Out\Act	False		True
False	0.524036	0.317944	0.84198
True	0.0861495	0.0718705	0.15802
	0.610186	0.389814
	Accuracy [ (tp + tn) / testSize ]: 0.595907
	Precision [ tp / (tp + fp) ]:      0.184146
	Sensitivity [ tp / (tp + fn) ]:    0.453453
	Specificity [ tn / (tn + fp) ]:    0.622034
	F-Score [ 2tp / (2tp + fp + fn) ]: 0.262153
Particle (1):: Fit: 19.233	PB: 19.233	LB: 19.233	GB: 202.848	Conf: 1.6474	Pts: 80297
Particle (2):: Fit: 18.0572	PB: 18.0572	LB: 19.233	GB: 202.848	Conf: 1.98364	Pts: 60197
Particle (4):: Fit: 18.7506	PB: 18.7506	LB: 19.233	GB: 202.848	Conf: 2	Pts: 65197
Particle (10):: Fit: 18.7554	PB: 18.7554	LB: 184.951	GB: 202.848	Conf: 1.95583	Pts: 70197
Particle (13):: Fit: 18.287	PB: 18.287	LB: 184.951	GB: 202.848	Conf: 2	Pts: 55297
Particle (14):: Fit: 19.2042	PB: 19.2042	LB: 184.951	GB: 202.848	Conf: 1.8181	Pts: 65197
Particle (23):: Fit: 0.00171241	PB: 0.00171241	LB: 202.848	GB: 202.848	Conf: 2	Pts: 55297
Particle (28):: Fit: 18.519	PB: 18.519	LB: 202.848	GB: 202.848	Conf: 2	Pts: 55197
Particle (34):: Fit: 0.00173572	PB: 0.00173572	LB: 18.7506	GB: 202.848	Conf: 2	Pts: 55197
Particle (38):: Fit: 18.519	PB: 18.519	LB: 201.926	GB: 202.848	Conf: 2	Pts: 55297
Particle (39):: Fit: 19.288	PB: 19.288	LB: 201.926	GB: 202.848	Conf: 0.348725	Pts: 70197
Particle (42):: Fit: 18.7506	PB: 18.7506	LB: 201.926	GB: 202.848	Conf: 2	Pts: 50297
Particle (45):: Fit: 18.3189	PB: 18.3189	LB: 201.926	GB: 202.848	Conf: 1.92327	Pts: 50297
Particle (47):: Fit: 200.484	PB: 200.484	LB: 201.926	GB: 202.848	Conf: 1.92447	Pts: 70297
Particle (49):: Fit: 17.5525	PB: 17.5525	LB: 200.484	GB: 202.848	Conf: 1.85107	Pts: 50297
Particle (2):: Fit: 18.9821	PB: 18.9821	LB: 19.233	GB: 202.848	Conf: 2	Pts: 65296
Particle (3):: Fit: 0.00173572	PB: 0.00173572	LB: 19.233	GB: 202.848	Conf: 2	Pts: 55296
Particle (4):: Fit: 18.9821	PB: 18.9821	LB: 19.233	GB: 202.848	Conf: 2	Pts: 65296
Particle (8):: Fit: 0.00136267	PB: 0.00136267	LB: 18.9821	GB: 202.848	Conf: 1.03975	Pts: 55295
Particle (21):: Fit: 197.32	PB: 197.32	LB: 202.848	GB: 202.848	Conf: 1.7353	Pts: 130196
Particle (23):: Fit: 19.906	PB: 19.906	LB: 202.848	GB: 202.848	Conf: 2	Pts: 55396
Particle (24):: Fit: 18.9821	PB: 18.9821	LB: 202.848	GB: 202.848	Conf: 2	Pts: 60296
Particle (29):: Fit: 19.4445	PB: 19.4445	LB: 202.848	GB: 202.848	Conf: 2	Pts: 105196
Particle (31):: Fit: 19.2134	PB: 19.2134	LB: 19.4445	GB: 202.848	Conf: 2	Pts: 55196
Particle (32):: Fit: 18.7734	PB: 18.7734	LB: 19.4445	GB: 202.848	Conf: 1.88855	Pts: 55296
Particle (34):: Fit: 17.8226	PB: 17.8226	LB: 19.288	GB: 202.848	Conf: 2	Pts: 55296
Particle (36):: Fit: 19.6753	PB: 19.6753	LB: 193.221	GB: 202.848	Conf: 2	Pts: 90196
Particle (37):: Fit: 19.906	PB: 19.906	LB: 193.221	GB: 202.848	Conf: 2	Pts: 110196
Particle (49):: Fit: 193.322	PB: 193.322	LB: 200.484	GB: 202.848	Conf: 1.91747	Pts: 60396
Particle (3):: Fit: 18.287	PB: 18.287	LB: 193.322	GB: 202.848	Conf: 2	Pts: 55395
Particle (8):: Fit: 13.9462	PB: 13.9462	LB: 18.9821	GB: 202.848	Conf: 0.630964	Pts: 55394
Particle (11):: Fit: 17.8226	PB: 17.8226	LB: 184.951	GB: 202.848	Conf: 2	Pts: 55295
Particle (13):: Fit: 200.49	PB: 200.49	LB: 200.49	GB: 202.848	Conf: 1.98097	Pts: 105395
Particle (17):: Fit: 205.77	PB: 205.77	LB: 205.77	GB: 205.77	Conf: 1.73673	Pts: 115295
Particle (28):: Fit: 18.9821	PB: 18.9821	LB: 202.848	GB: 205.77	Conf: 2	Pts: 55295
Particle (34):: Fit: 18.7506	PB: 18.7506	LB: 19.906	GB: 205.77	Conf: 2	Pts: 55395
Particle (40):: Fit: 19.0522	PB: 19.0522	LB: 201.926	GB: 205.77	Conf: 0.867695	Pts: 65194
Global: 205.77 - Correct: 46% of 100 tests
Global Best: 
  Inner Net 1
  -- 1 : 1 = 0.1298
  -- 1 : 2 = 0.3239
  -- 1 : 3 = 0.4497
  -- 1 : 4 = 0.1591
  -- 1 : 5 = 0.9268
  -- 1 : 6 = 0.059
  -- 1 : 7 = 0.4733
  -- 1 : 8 = 0.4249
  -- 1 : 9 = 0.0207
  -- 2 : 1 = 0.9726
  -- 2 : 2 = 0.3263
  -- 2 : 3 = 0.5921
  -- 2 : 4 = 0.0154
  -- 2 : 5 = 0.1788
  -- 2 : 6 = 0.6946
  -- 2 : 7 = 0.896
  -- 2 : 8 = 0.6441
  -- 2 : 9 = 0.3105
  -- 3 : 1 = 0.7149
  -- 3 : 2 = 0.7983
  -- 3 : 3 = 0.4364
  -- 3 : 4 = 0.1179
  -- 3 : 5 = 0.8648
  -- 3 : 6 = 0.9191
  -- 3 : 7 = 0.1639
  -- 3 : 8 = 0.6272
  -- 3 : 9 = 0.1278
  -- 4 : 1 = 0.5446
  -- 4 : 2 = 0.021
  -- 4 : 3 = 0.8148
  -- 4 : 4 = 0.5956
  -- 4 : 5 = 0.9761
  -- 4 : 6 = 0.6305
  -- 4 : 7 = 0.854
  -- 4 : 8 = 0.5833
  -- 4 : 9 = 0.2757
  -- 5 : 1 = 0.7862
  -- 5 : 2 = 0.3363
  -- 5 : 3 = 0.331
  -- 5 : 4 = 0.2915
  -- 5 : 5 = 0.6821
  -- 5 : 6 = 0.2302
  -- 5 : 7 = 0.18
  -- 5 : 8 = 0.8188
  -- 5 : 9 = 0.0953
  -- 6 : 1 = 0.782
  -- 6 : 2 = 0.1892
  -- 6 : 3 = 0.8168
  -- 6 : 4 = 0.3333
  -- 6 : 5 = 0.4448
  -- 6 : 6 = 0.0362
  -- 6 : 7 = 0.9677
  -- 6 : 8 = 0.2894
  -- 6 : 9 = 0.8513
  -- 7 : 1 = 0.0437
  -- 7 : 2 = 0.6462
  -- 7 : 3 = 0.2183
  -- 7 : 4 = 0.8449
  -- 7 : 5 = 0.1298
  -- 7 : 6 = 0.1778
  -- 7 : 7 = 0.0508
  -- 7 : 8 = 0.2285
  -- 7 : 9 = 0.7383
  -- 8 : 1 = 0.4807
  -- 8 : 2 = 0.1988
  -- 8 : 3 = 0.4597
  -- 8 : 4 = 0.1638
  -- 8 : 5 = 0.3078
  -- 8 : 6 = 0.4081
  -- 8 : 7 = 0.3085
  -- 8 : 8 = 0.8801
  -- 8 : 9 = 0.756
  -- 9 : 1 = 0.2569
  -- 9 : 2 = 0.2419
  -- 9 : 3 = 0.8416
  -- 9 : 4 = 0.3482
  -- 9 : 5 = 0.257
  -- 9 : 6 = 0.677
  -- 9 : 7 = 0.4273
  -- 9 : 8 = 0.2029
  -- 9 : 9 = 0.0921
  -- 10 : 1 = 0.3574
  -- 10 : 2 = 0.6592
  -- 10 : 3 = 0.7058
  -- 10 : 4 = 0.462
  -- 10 : 5 = 0.656
  -- 10 : 6 = 0.0248
  -- 10 : 7 = 0.6868
  -- 10 : 8 = 0.0025
  -- 10 : 9 = 0.4157
  Inner Net 2
  -- 1 : 1 = 0.139311
  -- 1 : 2 = -0.296339
  -- 2 : 1 = 0.209597
  -- 2 : 2 = -0.0902189
  -- 3 : 1 = -0.673059
  -- 3 : 2 = -0.257491
  -- 4 : 1 = 0.0303877
  -- 4 : 2 = -0.428097
  -- 5 : 1 = 0.140736
  -- 5 : 2 = 0.166899
  -- 6 : 1 = 0.132273
  -- 6 : 2 = -0.179099
  -- 7 : 1 = 0.4102
  -- 7 : 2 = 0.133142
  -- 8 : 1 = -0.0897566
  -- 8 : 2 = -0.425944
  -- 9 : 1 = -0.354387
  -- 9 : 2 = -0.313326
Out\Act	False		True
False	0.84198	0	0.84198
True	0.157544	0.000475964	0.15802
	0.999524	0.000475964
	Accuracy [ (tp + tn) / testSize ]: 0.842456
	Precision [ tp / (tp + fp) ]:      0.5
	Sensitivity [ tp / (tp + fn) ]:    0.003003
	Specificity [ tn / (tn + fp) ]:    0.999435
	F-Score [ 2tp / (2tp + fp + fn) ]: 0.00598802
Particle (11):: Fit: 19.2134	PB: 19.2134	LB: 200.49	GB: 205.77	Conf: 2	Pts: 65394
Particle (12):: Fit: 19.4445	PB: 19.4445	LB: 205.77	GB: 205.77	Conf: 2	Pts: 115194
Particle (26):: Fit: 19.7952	PB: 19.7952	LB: 202.848	GB: 205.77	Conf: 0.598079	Pts: 75193
Particle (32):: Fit: 216.52	PB: 216.52	LB: 216.52	GB: 216.52	Conf: 1.81605	Pts: 115394
Particle (33):: Fit: 192.553	PB: 192.553	LB: 216.52	GB: 216.52	Conf: 1.94715	Pts: 60194
Particle (39):: Fit: 163.149	PB: 163.149	LB: 201.926	GB: 216.52	Conf: 0.42425	Pts: 70294
Particle (41):: Fit: 212.322	PB: 212.322	LB: 212.322	GB: 216.52	Conf: 1.74212	Pts: 105294
Particle (44):: Fit: 18.9899	PB: 18.9899	LB: 212.322	GB: 216.52	Conf: 1.97817	Pts: 50294
Global: 216.52 - Correct: 46% of 100 tests
Global Best: 
  Inner Net 1
  -- 1 : 1 = 0.701
  -- 1 : 2 = 0.7959
  -- 1 : 3 = 0.0013
  -- 1 : 4 = 0.3661
  -- 1 : 5 = 0.0421
  -- 1 : 6 = 0.1379
  -- 1 : 7 = 0.1069
  -- 1 : 8 = 0.187
  -- 1 : 9 = 0.0141
  -- 2 : 1 = 0.7934
  -- 2 : 2 = 0.7549
  -- 2 : 3 = 0.7947
  -- 2 : 4 = 0.9043
  -- 2 : 5 = 0.245
  -- 2 : 6 = 0.5503
  -- 2 : 7 = 0.7465
  -- 2 : 8 = 0.302
  -- 2 : 9 = 0.6606
  -- 3 : 1 = 0.9272
  -- 3 : 2 = 0.209
  -- 3 : 3 = 0.4305
  -- 3 : 4 = 0.9464
  -- 3 : 5 = 0.4785
  -- 3 : 6 = 0.1413
  -- 3 : 7 = 0.0703
  -- 3 : 8 = 0.1319
  -- 3 : 9 = 0.6236
  -- 4 : 1 = 0.4917
  -- 4 : 2 = 0.7791
  -- 4 : 3 = 0.6063
  -- 4 : 4 = 0.2164
  -- 4 : 5 = 0.8228
  -- 4 : 6 = 0.964
  -- 4 : 7 = 0.2094
  -- 4 : 8 = 0.6856
  -- 4 : 9 = 0.4938
  -- 5 : 1 = 0.314
  -- 5 : 2 = 0.2759
  -- 5 : 3 = 0.1833
  -- 5 : 4 = 0.368
  -- 5 : 5 = 0.0241
  -- 5 : 6 = 0.2253
  -- 5 : 7 = 0.245
  -- 5 : 8 = 0.2218
  -- 5 : 9 = 0.4265
  -- 6 : 1 = 0.0562
  -- 6 : 2 = 0.036
  -- 6 : 3 = 0.7749
  -- 6 : 4 = 0.4148
  -- 6 : 5 = 0.6128
  -- 6 : 6 = 0.0705
  -- 6 : 7 = 0.3501
  -- 6 : 8 = 0.214
  -- 6 : 9 = 0.724
  -- 7 : 1 = 0.497
  -- 7 : 2 = 0.6371
  -- 7 : 3 = 0.4993
  -- 7 : 4 = 0.0026
  -- 7 : 5 = 0.7092
  -- 7 : 6 = 0.8428
  -- 7 : 7 = 0.4606
  -- 7 : 8 = 0.8068
  -- 7 : 9 = 0.763
  -- 8 : 1 = 0.8749
  -- 8 : 2 = 0.2172
  -- 8 : 3 = 0.5982
  -- 8 : 4 = 0.2681
  -- 8 : 5 = 0.2853
  -- 8 : 6 = 0.3493
  -- 8 : 7 = 0.0277
  -- 8 : 8 = 0.876
  -- 8 : 9 = 0.006
  -- 9 : 1 = 0.1484
  -- 9 : 2 = 0.0918
  -- 9 : 3 = 0.991
  -- 9 : 4 = 0.8795
  -- 9 : 5 = 0.6011
  -- 9 : 6 = 0.0302
  -- 9 : 7 = 0.6109
  -- 9 : 8 = 0.2492
  -- 9 : 9 = 0.8173
  -- 10 : 1 = 0.6895
  -- 10 : 2 = 0.3508
  -- 10 : 3 = 0.4868
  -- 10 : 4 = 0.1757
  -- 10 : 5 = 0.0886
  -- 10 : 6 = 0.452
  -- 10 : 7 = 0.2301
  -- 10 : 8 = 0.6383
  -- 10 : 9 = 0.2923
  Inner Net 2
  -- 1 : 1 = 0.415047
  -- 1 : 2 = -0.0792883
  -- 2 : 1 = -0.0745222
  -- 2 : 2 = -0.245978
  -- 3 : 1 = 0.584617
  -- 3 : 2 = -0.174042
  -- 4 : 1 = -0.15183
  -- 4 : 2 = -0.178625
  -- 5 : 1 = -0.142668
  -- 5 : 2 = 0.0843936
  -- 6 : 1 = -0.0191711
  -- 6 : 2 = -0.23447
  -- 7 : 1 = -0.330277
  -- 7 : 2 = 0.137069
  -- 8 : 1 = 0.0160427
  -- 8 : 2 = 0.0866002
  -- 9 : 1 = -0.0762268
  -- 9 : 2 = 0.158319
Out\Act	False		True
False	0.84198	0	0.84198
True	0.15802	0	0.15802
	1	0
	Accuracy [ (tp + tn) / testSize ]: 0.84198
	Precision [ tp / (tp + fp) ]:      0
	Sensitivity [ tp / (tp + fn) ]:    0
	Specificity [ tn / (tn + fp) ]:    0.999435
	F-Score [ 2tp / (2tp + fp + fn) ]: 0
Particle (3):: Fit: 191.242	PB: 191.242	LB: 193.322	GB: 216.52	Conf: 1.98955	Pts: 75493
Particle (9):: Fit: 17.4977	PB: 17.4977	LB: 200.49	GB: 216.52	Conf: 1.98986	Pts: 60193
Particle (18):: Fit: 18.287	PB: 18.287	LB: 205.77	GB: 216.52	Conf: 2	Pts: 55293
Particle (30):: Fit: 19.029	PB: 19.029	LB: 216.52	GB: 216.52	Conf: 0.961422	Pts: 55193
Particle (38):: Fit: 20.1365	PB: 20.1365	LB: 212.322	GB: 216.52	Conf: 2	Pts: 55393
Particle (9):: Fit: 18.519	PB: 18.519	LB: 200.49	GB: 216.52	Conf: 2	Pts: 60292
Particle (18):: Fit: 19.4445	PB: 19.4445	LB: 205.77	GB: 216.52	Conf: 2	Pts: 55392
Particle (42):: Fit: 19.2134	PB: 19.2134	LB: 212.322	GB: 216.52	Conf: 2	Pts: 50392
Particle (15):: Fit: 193.08	PB: 193.08	LB: 205.77	GB: 216.52	Conf: 1.58059	Pts: 95291
Particle (47):: Fit: 200.93	PB: 200.93	LB: 201.926	GB: 216.52	Conf: 1.87769	Pts: 90391
Particle (48):: Fit: 19.4445	PB: 19.4445	LB: 200.93	GB: 216.52	Conf: 2	Pts: 60191
Particle (0):: Fit: 18.9821	PB: 18.9821	LB: 200.93	GB: 216.52	Conf: 2	Pts: 110190
Particle (2):: Fit: 20.1365	PB: 20.1365	LB: 193.322	GB: 216.52	Conf: 2	Pts: 65390
Particle (24):: Fit: 19.906	PB: 19.906	LB: 202.848	GB: 216.52	Conf: 2	Pts: 60390
Particle (30):: Fit: 166.99	PB: 166.99	LB: 216.52	GB: 216.52	Conf: 0.291892	Pts: 55290
Particle (31):: Fit: 20.1365	PB: 20.1365	LB: 216.52	GB: 216.52	Conf: 2	Pts: 55290
Particle (38):: Fit: 20.3668	PB: 20.3668	LB: 212.322	GB: 216.52	Conf: 2	Pts: 55490
Particle (1):: Fit: 185.099	PB: 185.099	LB: 200.93	GB: 216.52	Conf: 1.66959	Pts: 80389
Particle (6):: Fit: 18.7518	PB: 18.7518	LB: 191.242	GB: 216.52	Conf: 1.80001	Pts: 110189
Particle (39):: Fit: 167.628	PB: 167.628	LB: 212.322	GB: 216.52	Conf: 0.748385	Pts: 70389
Particle (5):: Fit: 18.8456	PB: 18.8456	LB: 191.242	GB: 216.52	Conf: 0.670229	Pts: 55287
Particle (8):: Fit: 18.0766	PB: 18.0766	LB: 200.49	GB: 216.52	Conf: 0.140743	Pts: 55485
Particle (14):: Fit: 189.343	PB: 189.343	LB: 205.77	GB: 216.52	Conf: 1.79432	Pts: 65288
Particle (19):: Fit: 18.7506	PB: 18.7506	LB: 205.77	GB: 216.52	Conf: 2	Pts: 65188
Particle (24):: Fit: 20.1365	PB: 20.1365	LB: 202.848	GB: 216.52	Conf: 2	Pts: 60488
Particle (34):: Fit: 19.6753	PB: 19.6753	LB: 216.52	GB: 216.52	Conf: 2	Pts: 55488
Particle (46):: Fit: 200.916	PB: 200.916	LB: 201.926	GB: 216.52	Conf: 1.97566	Pts: 80288
Particle (48):: Fit: 19.9101	PB: 19.9101	LB: 200.93	GB: 216.52	Conf: 1.98989	Pts: 60288
Particle (7):: Fit: 18.6104	PB: 18.6104	LB: 191.242	GB: 216.52	Conf: 0.452917	Pts: 55185
Particle (18):: Fit: 191.289	PB: 191.289	LB: 205.77	GB: 216.52	Conf: 1.95514	Pts: 55487
Particle (44):: Fit: 19.4506	PB: 19.4506	LB: 212.322	GB: 216.52	Conf: 1.93658	Pts: 50387
Particle (45):: Fit: 18.9895	PB: 18.9895	LB: 212.322	GB: 216.52	Conf: 1.9123	Pts: 50387
Particle (7):: Fit: 18.8482	PB: 18.8482	LB: 191.242	GB: 216.52	Conf: 0.486481	Pts: 55284
Particle (39):: Fit: 192.653	PB: 192.653	LB: 212.322	GB: 216.52	Conf: 0.736453	Pts: 70486
Particle (4):: Fit: 19.2134	PB: 19.2134	LB: 191.242	GB: 216.52	Conf: 2	Pts: 65385
Particle (48):: Fit: 188.896	PB: 188.896	LB: 200.93	GB: 216.52	Conf: 1.98263	Pts: 60385
Particle (1):: Fit: 185.997	PB: 185.997	LB: 200.93	GB: 216.52	Conf: 1.64419	Pts: 80484
Particle (15):: Fit: 197.117	PB: 197.117	LB: 205.77	GB: 216.52	Conf: 1.40454	Pts: 95384
Particle (19):: Fit: 19.2134	PB: 19.2134	LB: 205.77	GB: 216.52	Conf: 2	Pts: 65284
Particle (35):: Fit: 19.2134	PB: 19.2134	LB: 216.52	GB: 216.52	Conf: 2	Pts: 55284
Particle (26):: Fit: 20.2553	PB: 20.2553	LB: 202.848	GB: 216.52	Conf: 0.467418	Pts: 75279
Particle (42):: Fit: 21.0566	PB: 21.0566	LB: 212.322	GB: 216.52	Conf: 2	Pts: 50483
Particle (4):: Fit: 19.906	PB: 19.906	LB: 191.242	GB: 216.52	Conf: 2	Pts: 65482
Particle (9):: Fit: 19.2134	PB: 19.2134	LB: 200.49	GB: 216.52	Conf: 2	Pts: 60382
Particle (18):: Fit: 202.831	PB: 202.831	LB: 205.77	GB: 216.52	Conf: 1.98599	Pts: 55582
Particle (47):: Fit: 203.159	PB: 203.159	LB: 203.159	GB: 216.52	Conf: 1.87303	Pts: 120482
Particle (40):: Fit: 19.5031	PB: 19.5031	LB: 212.322	GB: 216.52	Conf: 1.07554	Pts: 65280
Particle (45):: Fit: 19.4635	PB: 19.4635	LB: 212.322	GB: 216.52	Conf: 1.91247	Pts: 50481
Particle (8):: Fit: 20.7123	PB: 20.7123	LB: 200.49	GB: 216.52	Conf: 0.613266	Pts: 55575
Particle (10):: Fit: 191.219	PB: 191.219	LB: 200.49	GB: 216.52	Conf: 1.94618	Pts: 70280
Particle (14):: Fit: 211.169	PB: 211.169	LB: 211.169	GB: 216.52	Conf: 1.82445	Pts: 115380
Particle (15):: Fit: 197.153	PB: 197.153	LB: 211.169	GB: 216.52	Conf: 1.40134	Pts: 95479
Particle (16):: Fit: 21.2861	PB: 21.2861	LB: 211.169	GB: 216.52	Conf: 2	Pts: 110179
Particle (16):: Fit: 207.461	PB: 207.461	LB: 211.169	GB: 216.52	Conf: 1.98969	Pts: 120278
Particle (21):: Fit: 210.904	PB: 210.904	LB: 210.904	GB: 216.52	Conf: 1.8042	Pts: 165278
Particle (0):: Fit: 19.4562	PB: 19.4562	LB: 203.159	GB: 216.52	Conf: 1.96298	Pts: 110277
Particle (2):: Fit: 198.195	PB: 198.195	LB: 198.195	GB: 216.52	Conf: 1.98485	Pts: 90477
Particle (44):: Fit: 20.697	PB: 20.697	LB: 212.322	GB: 216.52	Conf: 1.95164	Pts: 50477
Particle (5):: Fit: 19.5568	PB: 19.5568	LB: 198.195	GB: 216.52	Conf: 0.686648	Pts: 55371
Particle (5):: Fit: 19.558	PB: 19.558	LB: 198.195	GB: 216.52	Conf: 0.497053	Pts: 55470
Particle (6):: Fit: 187.945	PB: 187.945	LB: 198.195	GB: 216.52	Conf: 1.81409	Pts: 110274
Particle (27):: Fit: 20.7134	PB: 20.7134	LB: 216.52	GB: 216.52	Conf: 0.314551	Pts: 85274
Particle (35):: Fit: 19.6753	PB: 19.6753	LB: 216.52	GB: 216.52	Conf: 2	Pts: 55374
Particle (22):: Fit: 178.017	PB: 178.017	LB: 210.904	GB: 216.52	Conf: 1.29506	Pts: 55172
Particle (29):: Fit: 20.1365	PB: 20.1365	LB: 216.52	GB: 216.52	Conf: 2	Pts: 105273
Particle (36):: Fit: 19.906	PB: 19.906	LB: 216.52	GB: 216.52	Conf: 2	Pts: 90273
Particle (40):: Fit: 200.988	PB: 200.988	LB: 212.322	GB: 216.52	Conf: 1.15497	Pts: 65372
Particle (21):: Fit: 213.2	PB: 213.2	LB: 213.2	GB: 216.52	Conf: 1.82328	Pts: 215372
Particle (1):: Fit: 187.722	PB: 187.722	LB: 203.159	GB: 216.52	Conf: 1.52847	Pts: 80571
Particle (19):: Fit: 19.4445	PB: 19.4445	LB: 213.2	GB: 216.52	Conf: 2	Pts: 65369
Particle (1):: Fit: 188.566	PB: 188.566	LB: 203.159	GB: 216.52	Conf: 1.60163	Pts: 80668
Particle (45):: Fit: 19.9196	PB: 19.9196	LB: 212.322	GB: 216.52	Conf: 1.92044	Pts: 50568
Particle (19):: Fit: 19.6753	PB: 19.6753	LB: 213.2	GB: 216.52	Conf: 2	Pts: 65467
Particle (39):: Fit: 200.946	PB: 200.946	LB: 212.322	GB: 216.52	Conf: 0.212843	Pts: 70564
Particle (44):: Fit: 196.267	PB: 196.267	LB: 212.322	GB: 216.52	Conf: 1.90208	Pts: 50563
Particle (8):: Fit: 20.7272	PB: 20.7272	LB: 200.49	GB: 216.52	Conf: 0.859688	Pts: 55655
Particle (9):: Fit: 19.6753	PB: 19.6753	LB: 211.169	GB: 216.52	Conf: 2	Pts: 60461
Particle (32):: Fit: 219.965	PB: 219.965	LB: 219.965	GB: 219.965	Conf: 1.91386	Pts: 175461
Particle (35):: Fit: 19.906	PB: 19.906	LB: 219.965	GB: 219.965	Conf: 2	Pts: 55461
Global: 219.965 - Correct: 39% of 100 tests
Global Best: 
  Inner Net 1
  -- 1 : 1 = 0.701
  -- 1 : 2 = 0.7959
  -- 1 : 3 = 0.0013
  -- 1 : 4 = 0.3661
  -- 1 : 5 = 0.0421
  -- 1 : 6 = 0.1379
  -- 1 : 7 = 0.1069
  -- 1 : 8 = 0.187
  -- 1 : 9 = 0.0141
  -- 2 : 1 = 0.7934
  -- 2 : 2 = 0.7549
  -- 2 : 3 = 0.7947
  -- 2 : 4 = 0.9043
  -- 2 : 5 = 0.245
  -- 2 : 6 = 0.5503
  -- 2 : 7 = 0.7465
  -- 2 : 8 = 0.302
  -- 2 : 9 = 0.6606
  -- 3 : 1 = 0.9272
  -- 3 : 2 = 0.209
  -- 3 : 3 = 0.4305
  -- 3 : 4 = 0.9464
  -- 3 : 5 = 0.4785
  -- 3 : 6 = 0.1413
  -- 3 : 7 = 0.0703
  -- 3 : 8 = 0.1319
  -- 3 : 9 = 0.6236
  -- 4 : 1 = 0.4917
  -- 4 : 2 = 0.7791
  -- 4 : 3 = 0.6063
  -- 4 : 4 = 0.2164
  -- 4 : 5 = 0.8228
  -- 4 : 6 = 0.964
  -- 4 : 7 = 0.2094
  -- 4 : 8 = 0.6856
  -- 4 : 9 = 0.4938
  -- 5 : 1 = 0.314
  -- 5 : 2 = 0.2759
  -- 5 : 3 = 0.1833
  -- 5 : 4 = 0.368
  -- 5 : 5 = 0.0241
  -- 5 : 6 = 0.2253
  -- 5 : 7 = 0.245
  -- 5 : 8 = 0.2218
  -- 5 : 9 = 0.4265
  -- 6 : 1 = 0.0562
  -- 6 : 2 = 0.036
  -- 6 : 3 = 0.7749
  -- 6 : 4 = 0.4148
  -- 6 : 5 = 0.6128
  -- 6 : 6 = 0.0705
  -- 6 : 7 = 0.3501
  -- 6 : 8 = 0.214
  -- 6 : 9 = 0.724
  -- 7 : 1 = 0.497
  -- 7 : 2 = 0.6371
  -- 7 : 3 = 0.4993
  -- 7 : 4 = 0.0026
  -- 7 : 5 = 0.7092
  -- 7 : 6 = 0.8428
  -- 7 : 7 = 0.4606
  -- 7 : 8 = 0.8068
  -- 7 : 9 = 0.763
  -- 8 : 1 = 0.8749
  -- 8 : 2 = 0.2172
  -- 8 : 3 = 0.5982
  -- 8 : 4 = 0.2681
  -- 8 : 5 = 0.2853
  -- 8 : 6 = 0.3493
  -- 8 : 7 = 0.0277
  -- 8 : 8 = 0.876
  -- 8 : 9 = 0.006
  -- 9 : 1 = 0.1484
  -- 9 : 2 = 0.0918
  -- 9 : 3 = 0.991
  -- 9 : 4 = 0.8795
  -- 9 : 5 = 0.6011
  -- 9 : 6 = 0.0302
  -- 9 : 7 = 0.6109
  -- 9 : 8 = 0.2492
  -- 9 : 9 = 0.8173
  -- 10 : 1 = 0.6895
  -- 10 : 2 = 0.3508
  -- 10 : 3 = 0.4868
  -- 10 : 4 = 0.1757
  -- 10 : 5 = 0.0886
  -- 10 : 6 = 0.452
  -- 10 : 7 = 0.2301
  -- 10 : 8 = 0.6383
  -- 10 : 9 = 0.2923
  Inner Net 2
  -- 1 : 1 = 0.328597
  -- 1 : 2 = 0.164289
  -- 2 : 1 = -0.214915
  -- 2 : 2 = 0.0526441
  -- 3 : 1 = 0.404532
  -- 3 : 2 = -0.2315
  -- 4 : 1 = -0.131162
  -- 4 : 2 = 0.11671
  -- 5 : 1 = -0.202582
  -- 5 : 2 = 0.205282
  -- 6 : 1 = -0.118638
  -- 6 : 2 = -0.275445
  -- 7 : 1 = -0.194026
  -- 7 : 2 = 0.0148841
  -- 8 : 1 = -0.235888
  -- 8 : 2 = -0.0993374
  -- 9 : 1 = 0.13747
  -- 9 : 2 = 0.0316349
Out\Act	False		True
False	0.84198	0	0.84198
True	0.15802	0	0.15802
	1	0
	Accuracy [ (tp + tn) / testSize ]: 0.84198
	Precision [ tp / (tp + fp) ]:      0
	Sensitivity [ tp / (tp + fn) ]:    0
	Specificity [ tn / (tn + fp) ]:    0.999435
	F-Score [ 2tp / (2tp + fp + fn) ]: 0
Particle (11):: Fit: 19.906	PB: 19.906	LB: 211.169	GB: 219.965	Conf: 2	Pts: 65459
Particle (28):: Fit: 19.2134	PB: 19.2134	LB: 219.965	GB: 219.965	Conf: 2	Pts: 55359
Particle (44):: Fit: 198.321	PB: 198.321	LB: 212.322	GB: 219.965	Conf: 1.9565	Pts: 50659
Particle (1):: Fit: 201.417	PB: 201.417	LB: 203.159	GB: 219.965	Conf: 1.42833	Pts: 100757
Particle (6):: Fit: 198.185	PB: 198.185	LB: 198.195	GB: 219.965	Conf: 1.80958	Pts: 115355
Particle (29):: Fit: 20.3668	PB: 20.3668	LB: 219.965	GB: 219.965	Conf: 2	Pts: 105355
Particle (20):: Fit: 19.906	PB: 19.906	LB: 213.2	GB: 219.965	Conf: 2	Pts: 110154
Particle (36):: Fit: 21.0566	PB: 21.0566	LB: 219.965	GB: 219.965	Conf: 2	Pts: 90354
Particle (7):: Fit: 19.5388	PB: 19.5388	LB: 198.185	GB: 219.965	Conf: 0.854417	Pts: 55345
Particle (39):: Fit: 203.738	PB: 203.738	LB: 212.322	GB: 219.965	Conf: 0.264557	Pts: 70649
Particle (1):: Fit: 207.516	PB: 207.516	LB: 207.516	GB: 219.965	Conf: 1.48499	Pts: 150848
Particle (15):: Fit: 203.453	PB: 203.453	LB: 211.169	GB: 219.965	Conf: 1.29283	Pts: 95547
Particle (38):: Fit: 21.2861	PB: 21.2861	LB: 212.322	GB: 219.965	Conf: 2	Pts: 55548
Particle (6):: Fit: 199.106	PB: 199.106	LB: 199.106	GB: 219.965	Conf: 1.92471	Pts: 125446
Particle (4):: Fit: 20.371	PB: 20.371	LB: 207.516	GB: 219.965	Conf: 1.99	Pts: 65545
Particle (34):: Fit: 19.906	PB: 19.906	LB: 219.965	GB: 219.965	Conf: 2	Pts: 55545
Particle (10):: Fit: 195.883	PB: 195.883	LB: 211.169	GB: 219.965	Conf: 1.98703	Pts: 70344
Particle (12):: Fit: 20.8268	PB: 20.8268	LB: 211.169	GB: 219.965	Conf: 2	Pts: 115244
Particle (9):: Fit: 198.193	PB: 198.193	LB: 211.169	GB: 219.965	Conf: 1.98419	Pts: 60542
Particle (12):: Fit: 200.522	PB: 200.522	LB: 211.169	GB: 219.965	Conf: 1.98837	Pts: 125342
Particle (28):: Fit: 19.4445	PB: 19.4445	LB: 219.965	GB: 219.965	Conf: 2	Pts: 55442
Particle (21):: Fit: 217.436	PB: 217.436	LB: 217.436	GB: 219.965	Conf: 1.82631	Pts: 265441
Particle (22):: Fit: 178.178	PB: 178.178	LB: 217.436	GB: 219.965	Conf: 1.32733	Pts: 55240
Particle (37):: Fit: 20.3668	PB: 20.3668	LB: 212.322	GB: 219.965	Conf: 2	Pts: 110240
Particle (49):: Fit: 202.112	PB: 202.112	LB: 207.516	GB: 219.965	Conf: 1.87931	Pts: 60439
Particle (44):: Fit: 198.7	PB: 198.7	LB: 212.322	GB: 219.965	Conf: 1.92936	Pts: 50736
Particle (6):: Fit: 199.803	PB: 199.803	LB: 199.803	GB: 219.965	Conf: 1.94757	Pts: 130535
Particle (49):: Fit: 203.17	PB: 203.17	LB: 207.516	GB: 219.965	Conf: 1.88881	Pts: 60533
Particle (35):: Fit: 20.1365	PB: 20.1365	LB: 219.965	GB: 219.965	Conf: 2	Pts: 55533
Particle (3):: Fit: 212.07	PB: 212.07	LB: 212.07	GB: 219.965	Conf: 1.98575	Pts: 125532
Particle (6):: Fit: 204.755	PB: 204.755	LB: 212.07	GB: 219.965	Conf: 1.86851	Pts: 135632
Particle (19):: Fit: 20.1365	PB: 20.1365	LB: 217.436	GB: 219.965	Conf: 2	Pts: 65532
Particle (21):: Fit: 217.807	PB: 217.807	LB: 217.807	GB: 219.965	Conf: 1.86498	Pts: 315532
Particle (29):: Fit: 20.8268	PB: 20.8268	LB: 219.965	GB: 219.965	Conf: 2	Pts: 105431
Particle (5):: Fit: 19.5597	PB: 19.5597	LB: 212.07	GB: 219.965	Conf: 0.597316	Pts: 55517
Particle (0):: Fit: 20.1365	PB: 20.1365	LB: 212.07	GB: 219.965	Conf: 2	Pts: 110328
Particle (28):: Fit: 19.6753	PB: 19.6753	LB: 219.965	GB: 219.965	Conf: 2	Pts: 55523
Particle (46):: Fit: 202.837	PB: 202.837	LB: 207.516	GB: 219.965	Conf: 1.98838	Pts: 80323
Particle (4):: Fit: 20.8268	PB: 20.8268	LB: 212.07	GB: 219.965	Conf: 2	Pts: 65621
Particle (44):: Fit: 202.901	PB: 202.901	LB: 212.322	GB: 219.965	Conf: 1.78042	Pts: 50817
Particle (28):: Fit: 20.3668	PB: 20.3668	LB: 219.965	GB: 219.965	Conf: 2	Pts: 55616
Particle (45):: Fit: 20.3719	PB: 20.3719	LB: 212.322	GB: 219.965	Conf: 1.95793	Pts: 50616
Particle (7):: Fit: 19.7902	PB: 19.7902	LB: 212.07	GB: 219.965	Conf: 0.434398	Pts: 55403
Particle (31):: Fit: 20.8268	PB: 20.8268	LB: 219.965	GB: 219.965	Conf: 2	Pts: 55311
Particle (5):: Fit: 20.0311	PB: 20.0311	LB: 212.07	GB: 219.965	Conf: 0.691082	Pts: 55593
Particle (33):: Fit: 192.873	PB: 192.873	LB: 219.965	GB: 219.965	Conf: 1.96121	Pts: 60205
Particle (22):: Fit: 182.472	PB: 182.472	LB: 217.807	GB: 219.965	Conf: 1.42669	Pts: 55303
Particle (23):: Fit: 20.8268	PB: 20.8268	LB: 217.807	GB: 219.965	Conf: 2	Pts: 55402
Particle (17):: Fit: 207.376	PB: 207.376	LB: 217.807	GB: 219.965	Conf: 1.83672	Pts: 115301
Particle (6):: Fit: 205.177	PB: 205.177	LB: 212.07	GB: 219.965	Conf: 1.92774	Pts: 140699
Particle (15):: Fit: 203.591	PB: 203.591	LB: 211.169	GB: 219.965	Conf: 1.46845	Pts: 95597
Particle (40):: Fit: 211.739	PB: 211.739	LB: 212.322	GB: 219.965	Conf: 0.775446	Pts: 65386
Particle (42):: Fit: 166.436	PB: 166.436	LB: 212.322	GB: 219.965	Conf: 0.45356	Pts: 50498
Particle (33):: Fit: 201.963	PB: 201.963	LB: 219.965	GB: 219.965	Conf: 0.296995	Pts: 60297
Particle (28):: Fit: 170.493	PB: 170.493	LB: 219.965	GB: 219.965	Conf: 0.472199	Pts: 55696
Particle (30):: Fit: 188.172	PB: 188.172	LB: 219.965	GB: 219.965	Conf: 0.409346	Pts: 55290
Particle (4):: Fit: 211.125	PB: 211.125	LB: 212.07	GB: 219.965	Conf: 0.413452	Pts: 70695
Particle (7):: Fit: 222.774	PB: 222.774	LB: 222.774	GB: 222.774	Conf: 0.327068	Pts: 115485
Particle (45):: Fit: 184.151	PB: 184.151	LB: 212.322	GB: 222.774	Conf: 0.378295	Pts: 50695
Global: 222.774 - Correct: 69% of 100 tests
Global Best: 
  Inner Net 1
  -- 1 : 1 = 0.560373
  -- 1 : 2 = 0.015542
  -- 1 : 3 = -0.0706213
  -- 1 : 4 = 0.0206832
  -- 1 : 5 = -0.108415
  -- 1 : 6 = -0.135764
  -- 1 : 7 = 0.250811
  -- 1 : 8 = -0.214289
  -- 1 : 9 = 0.31048
  -- 2 : 1 = -0.5
  -- 2 : 2 = 0.05986
  -- 2 : 3 = 0.342864
  -- 2 : 4 = 0.205928
  -- 2 : 5 = 0.071778
  -- 2 : 6 = -0.0171843
  -- 2 : 7 = 0.7545
  -- 2 : 8 = 0.207685
  -- 2 : 9 = 0.0995255
  -- 3 : 1 = 0.500454
  -- 3 : 2 = 0.318313
  -- 3 : 3 = -0.000299638
  -- 3 : 4 = 0.947509
  -- 3 : 5 = 0.276427
  -- 3 : 6 = 0.578479
  -- 3 : 7 = 0.951361
  -- 3 : 8 = -0.303723
  -- 3 : 9 = 0.242566
  -- 4 : 1 = 0.0528192
  -- 4 : 2 = -0.238793
  -- 4 : 3 = -0.000774595
  -- 4 : 4 = -0.134459
  -- 4 : 5 = 0.0204229
  -- 4 : 6 = 0.268142
  -- 4 : 7 = 0.0954929
  -- 4 : 8 = 0.235691
  -- 4 : 9 = 0.0807157
  -- 5 : 1 = 0.610975
  -- 5 : 2 = 0.919698
  -- 5 : 3 = 0.21801
  -- 5 : 4 = 0.207662
  -- 5 : 5 = 0.669073
  -- 5 : 6 = 0.396279
  -- 5 : 7 = -0.00847375
  -- 5 : 8 = 0.328445
  -- 5 : 9 = 0.609413
  -- 6 : 1 = 0.100966
  -- 6 : 2 = -0.0437261
  -- 6 : 3 = 0.524162
  -- 6 : 4 = 0.335361
  -- 6 : 5 = 0.173231
  -- 6 : 6 = 0.191827
  -- 6 : 7 = -0.0923665
  -- 6 : 8 = 0.719596
  -- 6 : 9 = 0.138201
  -- 7 : 1 = -0.5
  -- 7 : 2 = -0.00293079
  -- 7 : 3 = 0.119672
  -- 7 : 4 = 0.742269
  -- 7 : 5 = 0.330161
  -- 7 : 6 = 0.0710704
  -- 7 : 7 = 0.359516
  -- 7 : 8 = 0.535636
  -- 7 : 9 = 0.388967
  -- 8 : 1 = 0.626937
  -- 8 : 2 = 0.101129
  -- 8 : 3 = 0.0415015
  -- 8 : 4 = -0.0271597
  -- 8 : 5 = 0.641053
  -- 8 : 6 = 0.116567
  -- 8 : 7 = 0.678435
  -- 8 : 8 = 0.427091
  -- 8 : 9 = 0.520664
  -- 9 : 1 = 0.653137
  -- 9 : 2 = 0.19444
  -- 9 : 3 = 0.163391
  -- 9 : 4 = -0.5
  -- 9 : 5 = 0.198311
  -- 9 : 6 = -0.179546
  -- 9 : 7 = 0.180838
  -- 9 : 8 = 0.600604
  -- 9 : 9 = 0.236356
  -- 10 : 1 = 0.409248
  -- 10 : 2 = 0.775575
  -- 10 : 3 = 0.0604817
  -- 10 : 4 = 0.540049
  -- 10 : 5 = 0.086237
  -- 10 : 6 = 0.751917
  -- 10 : 7 = 0.488393
  -- 10 : 8 = -0.161469
  -- 10 : 9 = 0.758579
  Inner Net 2
  -- 1 : 1 = -0.0590781
  -- 1 : 2 = 0.174299
  -- 2 : 1 = 0.652902
  -- 2 : 2 = 0.0501071
  -- 3 : 1 = -0.292612
  -- 3 : 2 = 0.133015
  -- 4 : 1 = 0.44266
  -- 4 : 2 = -0.0517519
  -- 5 : 1 = 0.161203
  -- 5 : 2 = -0.210237
  -- 6 : 1 = -0.194536
  -- 6 : 2 = -0.36351
  -- 7 : 1 = -0.383143
  -- 7 : 2 = 0.00481697
  -- 8 : 1 = -0.240911
  -- 8 : 2 = -0.29458
  -- 9 : 1 = 0.131848
  -- 9 : 2 = -0.256213
Out\Act	False		True
False	0.44693	0.39505	0.84198
True	0.0514041	0.106616	0.15802
	0.498334	0.501666
	Accuracy [ (tp + tn) / testSize ]: 0.553546
	Precision [ tp / (tp + fp) ]:      0.212322
	Sensitivity [ tp / (tp + fn) ]:    0.672673
	Specificity [ tn / (tn + fp) ]:    0.530508
	F-Score [ 2tp / (2tp + fp + fn) ]: 0.322999
Particle (9):: Fit: 203.847	PB: 203.847	LB: 222.774	GB: 222.774	Conf: 0.533271	Pts: 60594
Particle (30):: Fit: 194.98	PB: 194.98	LB: 219.965	GB: 222.774	Conf: 0.170921	Pts: 55388
Particle (38):: Fit: 198.198	PB: 198.198	LB: 212.322	GB: 222.774	Conf: 0.668308	Pts: 55594
Particle (5):: Fit: 162.62	PB: 162.62	LB: 222.774	GB: 222.774	Conf: 0.605801	Pts: 55677
Particle (6):: Fit: 212.097	PB: 212.097	LB: 222.774	GB: 222.774	Conf: 0.638546	Pts: 145792
Particle (28):: Fit: 176.176	PB: 176.176	LB: 219.965	GB: 222.774	Conf: 0.575227	Pts: 55792
Particle (29):: Fit: 189.883	PB: 189.883	LB: 219.965	GB: 222.774	Conf: 0.879575	Pts: 105492
Particle (9):: Fit: 225.171	PB: 225.171	LB: 225.171	GB: 225.171	Conf: 0.740877	Pts: 120690
Particle (10):: Fit: 199.488	PB: 199.488	LB: 225.171	GB: 225.171	Conf: 0.555165	Pts: 70389
Particle (11):: Fit: 157.115	PB: 157.115	LB: 225.171	GB: 225.171	Conf: 0.655948	Pts: 65490
Particle (26):: Fit: 162.198	PB: 162.198	LB: 202.848	GB: 225.171	Conf: 0.894051	Pts: 75277
Particle (36):: Fit: 197.912	PB: 197.912	LB: 219.965	GB: 225.171	Conf: 0.545334	Pts: 90390
Global: 225.171 - Correct: 69% of 100 tests
Global Best: 
  Inner Net 1
  -- 1 : 1 = 0.343416
  -- 1 : 2 = -0.0103636
  -- 1 : 3 = -0.09983
  -- 1 : 4 = -0.155131
  -- 1 : 5 = -0.106007
  -- 1 : 6 = 0.167949
  -- 1 : 7 = 0.0522151
  -- 1 : 8 = -0.293106
  -- 1 : 9 = 0.606743
  -- 2 : 1 = -0.339031
  -- 2 : 2 = -0.144002
  -- 2 : 3 = 0.0657191
  -- 2 : 4 = 0.178369
  -- 2 : 5 = -0.232564
  -- 2 : 6 = 0.505206
  -- 2 : 7 = 0.312045
  -- 2 : 8 = -0.320719
  -- 2 : 9 = -0.100645
  -- 3 : 1 = 0.395818
  -- 3 : 2 = 0.0384002
  -- 3 : 3 = -0.254877
  -- 3 : 4 = 0.0891727
  -- 3 : 5 = 0.702308
  -- 3 : 6 = 0.1377
  -- 3 : 7 = 0.014329
  -- 3 : 8 = -0.0784808
  -- 3 : 9 = 0.18179
  -- 4 : 1 = -0.227582
  -- 4 : 2 = 0.148274
  -- 4 : 3 = 0.0892926
  -- 4 : 4 = -0.036597
  -- 4 : 5 = 0.17191
  -- 4 : 6 = 0.623684
  -- 4 : 7 = 0.188255
  -- 4 : 8 = -0.162631
  -- 4 : 9 = -0.361437
  -- 5 : 1 = 0.678192
  -- 5 : 2 = -0.0211505
  -- 5 : 3 = 0.197046
  -- 5 : 4 = 0.211878
  -- 5 : 5 = 0.176757
  -- 5 : 6 = -0.0333682
  -- 5 : 7 = -0.0901839
  -- 5 : 8 = 0.576531
  -- 5 : 9 = 0.132939
  -- 6 : 1 = -0.267801
  -- 6 : 2 = -0.0931047
  -- 6 : 3 = 0.243924
  -- 6 : 4 = 0.378033
  -- 6 : 5 = -0.119149
  -- 6 : 6 = 0.718838
  -- 6 : 7 = 0.230813
  -- 6 : 8 = 0.212864
  -- 6 : 9 = 0.199298
  -- 7 : 1 = -0.71359
  -- 7 : 2 = -0.24183
  -- 7 : 3 = -0.008028
  -- 7 : 4 = 0.877891
  -- 7 : 5 = 0.333041
  -- 7 : 6 = -0.00817426
  -- 7 : 7 = -0.324071
  -- 7 : 8 = 0.206345
  -- 7 : 9 = -0.276925
  -- 8 : 1 = 0.0424359
  -- 8 : 2 = 0.396246
  -- 8 : 3 = 0.0453054
  -- 8 : 4 = -0.0228127
  -- 8 : 5 = 0.104634
  -- 8 : 6 = 0.139477
  -- 8 : 7 = 0.986797
  -- 8 : 8 = 0.12415
  -- 8 : 9 = -0.037795
  -- 9 : 1 = 0.642957
  -- 9 : 2 = -0.0391865
  -- 9 : 3 = -0.126635
  -- 9 : 4 = 0.105588
  -- 9 : 5 = 0.113166
  -- 9 : 6 = -0.119604
  -- 9 : 7 = 0.17368
  -- 9 : 8 = 0.0366001
  -- 9 : 9 = -0.178131
  -- 10 : 1 = 0.64552
  -- 10 : 2 = 0.018727
  -- 10 : 3 = -0.0526075
  -- 10 : 4 = -0.0203858
  -- 10 : 5 = 0.0651865
  -- 10 : 6 = -0.110295
  -- 10 : 7 = -0.0334129
  -- 10 : 8 = -0.261923
  -- 10 : 9 = 0.117269
  Inner Net 2
  -- 1 : 1 = 0.308741
  -- 1 : 2 = -0.24657
  -- 2 : 1 = -0.854078
  -- 2 : 2 = -0.00366998
  -- 3 : 1 = -0.154665
  -- 3 : 2 = 0.246187
  -- 4 : 1 = -0.0479059
  -- 4 : 2 = -0.0415314
  -- 5 : 1 = -0.134292
  -- 5 : 2 = 0.115746
  -- 6 : 1 = 0.243696
  -- 6 : 2 = 0.172965
  -- 7 : 1 = 0.267729
  -- 7 : 2 = -0.235259
  -- 8 : 1 = -0.435057
  -- 8 : 2 = -0.268126
  -- 9 : 1 = -0.0855461
  -- 9 : 2 = 0.439351
Out\Act	False		True
False	0.283198	0.558782	0.84198
True	0.0318896	0.12613	0.15802
	0.315088	0.684912
	Accuracy [ (tp + tn) / testSize ]: 0.409329
	Precision [ tp / (tp + fp) ]:      0.184028
	Sensitivity [ tp / (tp + fn) ]:    0.795796
	Specificity [ tn / (tn + fp) ]:    0.336158
	F-Score [ 2tp / (2tp + fp + fn) ]: 0.299097
Particle (19):: Fit: 171.825	PB: 171.825	LB: 217.807	GB: 225.171	Conf: 0.883651	Pts: 65589
Particle (44):: Fit: 204.611	PB: 204.611	LB: 212.322	GB: 225.171	Conf: 0.0924096	Pts: 50889
Particle (5):: Fit: 181.285	PB: 181.285	LB: 225.171	GB: 225.171	Conf: 0.529296	Pts: 55772
Particle (20):: Fit: 158.577	PB: 158.577	LB: 217.807	GB: 225.171	Conf: 0.799914	Pts: 110188
Particle (23):: Fit: 194.33	PB: 194.33	LB: 217.807	GB: 225.171	Conf: 0.310188	Pts: 55488
Particle (26):: Fit: 174.649	PB: 174.649	LB: 202.848	GB: 225.171	Conf: 0.462017	Pts: 75374
Particle (28):: Fit: 186.564	PB: 186.564	LB: 219.965	GB: 225.171	Conf: 0.233795	Pts: 55887
Particle (23):: Fit: 201.656	PB: 201.656	LB: 217.807	GB: 225.171	Conf: 0.631547	Pts: 55585
Particle (31):: Fit: 195.182	PB: 195.182	LB: 219.965	GB: 225.171	Conf: 0.0812961	Pts: 55384
Particle (11):: Fit: 170.024	PB: 170.024	LB: 225.171	GB: 225.171	Conf: 0.587112	Pts: 65583
Particle (0):: Fit: 187.8	PB: 187.8	LB: 212.07	GB: 225.171	Conf: 0.572023	Pts: 110382
Particle (11):: Fit: 180.617	PB: 180.617	LB: 225.171	GB: 225.171	Conf: 0.639936	Pts: 65682
Particle (27):: Fit: 193.833	PB: 193.833	LB: 219.965	GB: 225.171	Conf: 0.969124	Pts: 85262
Particle (31):: Fit: 205	PB: 205	LB: 219.965	GB: 225.171	Conf: 0.116655	Pts: 60480
Particle (38):: Fit: 204.708	PB: 204.708	LB: 212.322	GB: 225.171	Conf: 0.696891	Pts: 55682
Particle (36):: Fit: 207.432	PB: 207.432	LB: 219.965	GB: 225.171	Conf: 0.734185	Pts: 90481
Particle (20):: Fit: 172.304	PB: 172.304	LB: 217.807	GB: 225.171	Conf: 0.735797	Pts: 110280
Particle (15):: Fit: 211.298	PB: 211.298	LB: 211.298	GB: 225.171	Conf: 0.195554	Pts: 105676
Particle (37):: Fit: 203.194	PB: 203.194	LB: 212.322	GB: 225.171	Conf: 0.474622	Pts: 110276
Particle (19):: Fit: 218.737	PB: 218.737	LB: 218.737	GB: 225.171	Conf: 0.488334	Pts: 115676
Particle (25):: Fit: 205.333	PB: 205.333	LB: 217.807	GB: 225.171	Conf: 0.886326	Pts: 120173
Particle (35):: Fit: 154.331	PB: 154.331	LB: 219.965	GB: 225.171	Conf: 0.252599	Pts: 55576
Particle (11):: Fit: 187.857	PB: 187.857	LB: 225.171	GB: 225.171	Conf: 0.376458	Pts: 65775
Particle (26):: Fit: 180.612	PB: 180.612	LB: 205.333	GB: 225.171	Conf: 0.434392	Pts: 75461
Particle (11):: Fit: 193.337	PB: 193.337	LB: 225.171	GB: 225.171	Conf: 0.336559	Pts: 65874
Particle (20):: Fit: 176.413	PB: 176.413	LB: 218.737	GB: 225.171	Conf: 0.704149	Pts: 110372
Particle (48):: Fit: 199.197	PB: 199.197	LB: 212.07	GB: 225.171	Conf: 0.869961	Pts: 60370
Particle (5):: Fit: 197.498	PB: 197.498	LB: 225.171	GB: 225.171	Conf: 0.559959	Pts: 55854
Particle (45):: Fit: 192.508	PB: 192.508	LB: 212.322	GB: 225.171	Conf: 0.471163	Pts: 50769
Particle (49):: Fit: 206.611	PB: 206.611	LB: 212.07	GB: 225.171	Conf: 0.811092	Pts: 60569
Particle (34):: Fit: 181.273	PB: 181.273	LB: 219.965	GB: 225.171	Conf: 0.280158	Pts: 55569
Particle (42):: Fit: 182.455	PB: 182.455	LB: 212.322	GB: 225.171	Conf: 0.905093	Pts: 50566
Particle (18):: Fit: 204.945	PB: 204.945	LB: 218.737	GB: 225.171	Conf: 0.79322	Pts: 55567
Particle (47):: Fit: 204.182	PB: 204.182	LB: 207.516	GB: 225.171	Conf: 0.270438	Pts: 120464
Particle (39):: Fit: 213.447	PB: 213.447	LB: 213.447	GB: 225.171	Conf: 0.714809	Pts: 105658
Particle (2):: Fit: 208.854	PB: 208.854	LB: 222.774	GB: 225.171	Conf: 0.297485	Pts: 95463
Particle (34):: Fit: 204.416	PB: 204.416	LB: 219.965	GB: 225.171	Conf: 0.483675	Pts: 55662
Particle (35):: Fit: 167.756	PB: 167.756	LB: 219.965	GB: 225.171	Conf: 0.354909	Pts: 55662
Particle (11):: Fit: 199.627	PB: 199.627	LB: 225.171	GB: 225.171	Conf: 0.495726	Pts: 65961
Particle (45):: Fit: 208.309	PB: 208.309	LB: 212.322	GB: 225.171	Conf: 0.346153	Pts: 55857
Particle (1):: Fit: 222.668	PB: 222.668	LB: 222.668	GB: 225.171	Conf: 0.38037	Pts: 180856
Particle (37):: Fit: 205.781	PB: 205.781	LB: 213.447	GB: 225.171	Conf: 0.464945	Pts: 110355
Particle (30):: Fit: 199.286	PB: 199.286	LB: 219.965	GB: 225.171	Conf: 0.496174	Pts: 55449
Particle (25):: Fit: 206.946	PB: 206.946	LB: 217.807	GB: 225.171	Conf: 0.534178	Pts: 125250
Particle (20):: Fit: 191.688	PB: 191.688	LB: 218.737	GB: 225.171	Conf: 0.710508	Pts: 110451
Particle (24):: Fit: 162.456	PB: 162.456	LB: 217.807	GB: 225.171	Conf: 0.958372	Pts: 60449
Particle (46):: Fit: 206.314	PB: 206.314	LB: 222.668	GB: 225.171	Conf: 0.52532	Pts: 80350
Particle (35):: Fit: 214.731	PB: 214.731	LB: 219.965	GB: 225.171	Conf: 0.687713	Pts: 70750
Particle (27):: Fit: 202.955	PB: 202.955	LB: 219.965	GB: 225.171	Conf: 0.786938	Pts: 85329
Particle (5):: Fit: 197.906	PB: 197.906	LB: 225.171	GB: 225.171	Conf: 0.485794	Pts: 55931
Particle (26):: Fit: 205.584	PB: 205.584	LB: 206.946	GB: 225.171	Conf: 0.816918	Pts: 75532
Particle (28):: Fit: 194.003	PB: 194.003	LB: 219.965	GB: 225.171	Conf: 0.564351	Pts: 55948
Particle (29):: Fit: 226.08	PB: 226.08	LB: 226.08	GB: 226.08	Conf: 0.529474	Pts: 165547
Global: 226.08 - Correct: 72% of 100 tests
Global Best: 
  Inner Net 1
  -- 1 : 1 = 0.68321
  -- 1 : 2 = 0.0141693
  -- 1 : 3 = 0.0286898
  -- 1 : 4 = 0.741063
  -- 1 : 5 = 0.15149
  -- 1 : 6 = 0.362786
  -- 1 : 7 = 0.0239582
  -- 1 : 8 = -0.134717
  -- 1 : 9 = -0.0780947
  -- 2 : 1 = 0.706825
  -- 2 : 2 = -0.269008
  -- 2 : 3 = -0.118703
  -- 2 : 4 = 0.089829
  -- 2 : 5 = -0.058372
  -- 2 : 6 = -0.0673135
  -- 2 : 7 = 0.373831
  -- 2 : 8 = 0.266203
  -- 2 : 9 = 0.280607
  -- 3 : 1 = 0.847607
  -- 3 : 2 = 0.732355
  -- 3 : 3 = 0.472354
  -- 3 : 4 = 0.510315
  -- 3 : 5 = 0.452322
  -- 3 : 6 = -0.0368097
  -- 3 : 7 = 0.402978
  -- 3 : 8 = 0.247962
  -- 3 : 9 = -0.0647081
  -- 4 : 1 = 0.625594
  -- 4 : 2 = 0.070704
  -- 4 : 3 = 0.149853
  -- 4 : 4 = 0.142451
  -- 4 : 5 = -0.545846
  -- 4 : 6 = -0.185866
  -- 4 : 7 = 0.0192703
  -- 4 : 8 = 0.220686
  -- 4 : 9 = 0.27895
  -- 5 : 1 = 0.234419
  -- 5 : 2 = -0.0314105
  -- 5 : 3 = -0.201948
  -- 5 : 4 = -0.179927
  -- 5 : 5 = -0.118934
  -- 5 : 6 = 0.182868
  -- 5 : 7 = 0.155266
  -- 5 : 8 = 0.0498545
  -- 5 : 9 = 0.00128078
  -- 6 : 1 = 0.107319
  -- 6 : 2 = -0.320505
  -- 6 : 3 = -0.186549
  -- 6 : 4 = -0.0388576
  -- 6 : 5 = -0.156012
  -- 6 : 6 = 0.0283856
  -- 6 : 7 = -0.164511
  -- 6 : 8 = -0.249499
  -- 6 : 9 = 0.0830451
  -- 7 : 1 = -0.20934
  -- 7 : 2 = -0.081933
  -- 7 : 3 = 0.123061
  -- 7 : 4 = 1
  -- 7 : 5 = 0.0940262
  -- 7 : 6 = 0.36837
  -- 7 : 7 = -0.0537461
  -- 7 : 8 = -0.121269
  -- 7 : 9 = 0.703192
  -- 8 : 1 = -0.5
  -- 8 : 2 = 0.306661
  -- 8 : 3 = -0.104955
  -- 8 : 4 = 0.102154
  -- 8 : 5 = 0.159738
  -- 8 : 6 = 0.167867
  -- 8 : 7 = 0.423192
  -- 8 : 8 = -0.0779462
  -- 8 : 9 = 0.0103143
  -- 9 : 1 = -0.107423
  -- 9 : 2 = -0.000274977
  -- 9 : 3 = -0.300096
  -- 9 : 4 = -0.263044
  -- 9 : 5 = -0.0374875
  -- 9 : 6 = -0.00394173
  -- 9 : 7 = -0.0956089
  -- 9 : 8 = 0.0385602
  -- 9 : 9 = -0.384886
  -- 10 : 1 = 0.575123
  -- 10 : 2 = -0.372044
  -- 10 : 3 = 0.227605
  -- 10 : 4 = 0.154343
  -- 10 : 5 = 0.022508
  -- 10 : 6 = 0.215679
  -- 10 : 7 = -0.221921
  -- 10 : 8 = -0.361524
  -- 10 : 9 = -0.517015
  Inner Net 2
  -- 1 : 1 = -0.0394525
  -- 1 : 2 = 0.413033
  -- 2 : 1 = -0.24088
  -- 2 : 2 = 0.0210795
  -- 3 : 1 = 0.848876
  -- 3 : 2 = 0.0787413
  -- 4 : 1 = 0.00949919
  -- 4 : 2 = -0.263205
  -- 5 : 1 = -0.0632585
  -- 5 : 2 = -0.143643
  -- 6 : 1 = -0.339816
  -- 6 : 2 = 0.180918
  -- 7 : 1 = -0.0358286
  -- 7 : 2 = -0.0224153
  -- 8 : 1 = -0.444592
  -- 8 : 2 = -0.253045
  -- 9 : 1 = 0.342047
  -- 9 : 2 = -0.032475
Out\Act	False		True
False	0.350309	0.491671	0.84198
True	0.0466445	0.111376	0.15802
	0.396954	0.603046
	Accuracy [ (tp + tn) / testSize ]: 0.461685
	Precision [ tp / (tp + fp) ]:      0.184543
	Sensitivity [ tp / (tp + fn) ]:    0.702703
	Specificity [ tn / (tn + fp) ]:    0.415819
	F-Score [ 2tp / (2tp + fp + fn) ]: 0.2925
Particle (8):: Fit: 163.457	PB: 163.457	LB: 225.171	GB: 226.08	Conf: 0.576942	Pts: 55630
Particle (43):: Fit: 209.514	PB: 209.514	LB: 213.447	GB: 226.08	Conf: 0.192281	Pts: 110042
Particle (18):: Fit: 210.75	PB: 210.75	LB: 218.737	GB: 226.08	Conf: 0.740577	Pts: 55645
Particle (27):: Fit: 204.263	PB: 204.263	LB: 226.08	GB: 226.08	Conf: 0.216515	Pts: 85424
Particle (5):: Fit: 230.06	PB: 230.06	LB: 230.06	GB: 230.06	Conf: 0.476213	Pts: 116026
Particle (20):: Fit: 216.64	PB: 216.64	LB: 218.737	GB: 230.06	Conf: 0.75763	Pts: 110543
Global: 230.06 - Correct: 69% of 100 tests
Global Best: 
  Inner Net 1
  -- 1 : 1 = 0.519682
  -- 1 : 2 = 0.136888
  -- 1 : 3 = 0.409455
  -- 1 : 4 = 0.020194
  -- 1 : 5 = -0.0670567
  -- 1 : 6 = 0.174578
  -- 1 : 7 = 0.266414
  -- 1 : 8 = 0.0183169
  -- 1 : 9 = -0.378544
  -- 2 : 1 = 0.230732
  -- 2 : 2 = 0.0533445
  -- 2 : 3 = 0.117245
  -- 2 : 4 = -0.302468
  -- 2 : 5 = 0.15205
  -- 2 : 6 = -0.251662
  -- 2 : 7 = 0.0152014
  -- 2 : 8 = 0.128984
  -- 2 : 9 = -0.126395
  -- 3 : 1 = 0.478389
  -- 3 : 2 = -0.299099
  -- 3 : 3 = 0.211544
  -- 3 : 4 = 0.189951
  -- 3 : 5 = -0.0545852
  -- 3 : 6 = -0.067134
  -- 3 : 7 = -0.0185972
  -- 3 : 8 = -0.0215998
  -- 3 : 9 = -0.0242601
  -- 4 : 1 = -0.0460928
  -- 4 : 2 = -0.114081
  -- 4 : 3 = 0.120891
  -- 4 : 4 = -0.0343516
  -- 4 : 5 = -0.453372
  -- 4 : 6 = -0.115109
  -- 4 : 7 = 0.116083
  -- 4 : 8 = 0.347588
  -- 4 : 9 = 0.379234
  -- 5 : 1 = 0.677106
  -- 5 : 2 = -0.40479
  -- 5 : 3 = -0.0608663
  -- 5 : 4 = 0.0504823
  -- 5 : 5 = -0.101529
  -- 5 : 6 = -0.0561895
  -- 5 : 7 = -0.144414
  -- 5 : 8 = 0.0388121
  -- 5 : 9 = 0.0886288
  -- 6 : 1 = -0.487862
  -- 6 : 2 = -0.250191
  -- 6 : 3 = -0.0511138
  -- 6 : 4 = -0.134707
  -- 6 : 5 = 0.270119
  -- 6 : 6 = 0.26895
  -- 6 : 7 = 0.0316549
  -- 6 : 8 = 0.152367
  -- 6 : 9 = 0.237577
  -- 7 : 1 = -0.951199
  -- 7 : 2 = -0.0306916
  -- 7 : 3 = 0.132685
  -- 7 : 4 = 0.28885
  -- 7 : 5 = -0.176989
  -- 7 : 6 = 0.47834
  -- 7 : 7 = -0.221364
  -- 7 : 8 = 0.208278
  -- 7 : 9 = 0.111444
  -- 8 : 1 = -0.147536
  -- 8 : 2 = 0.0120028
  -- 8 : 3 = -0.119239
  -- 8 : 4 = 0.10296
  -- 8 : 5 = 0.122322
  -- 8 : 6 = 0.301087
  -- 8 : 7 = 0.398528
  -- 8 : 8 = 0.497786
  -- 8 : 9 = -0.0524089
  -- 9 : 1 = 0.700581
  -- 9 : 2 = 0.380471
  -- 9 : 3 = 0.294704
  -- 9 : 4 = -0.155509
  -- 9 : 5 = 0.321325
  -- 9 : 6 = 0.0438045
  -- 9 : 7 = 0.235395
  -- 9 : 8 = -0.269023
  -- 9 : 9 = -0.307494
  -- 10 : 1 = 0.443392
  -- 10 : 2 = 0.29224
  -- 10 : 3 = 0.0694731
  -- 10 : 4 = -0.130112
  -- 10 : 5 = -0.140868
  -- 10 : 6 = -0.21329
  -- 10 : 7 = -0.126271
  -- 10 : 8 = -0.474694
  -- 10 : 9 = 0.0092403
  Inner Net 2
  -- 1 : 1 = 0.227011
  -- 1 : 2 = -0.122778
  -- 2 : 1 = 0.382195
  -- 2 : 2 = -0.0426172
  -- 3 : 1 = -0.251702
  -- 3 : 2 = 0.180327
  -- 4 : 1 = 0.156936
  -- 4 : 2 = -0.302105
  -- 5 : 1 = 0.121886
  -- 5 : 2 = 0.184351
  -- 6 : 1 = 0.259111
  -- 6 : 2 = -0.0772519
  -- 7 : 1 = -0.233326
  -- 7 : 2 = -0.148304
  -- 8 : 1 = -0.177109
  -- 8 : 2 = 0.245142
  -- 9 : 1 = 0.209972
  -- 9 : 2 = -0.101965
Out\Act	False		True
False	0.169443	0.672537	0.84198
True	0.013327	0.144693	0.15802
	0.18277	0.81723
	Accuracy [ (tp + tn) / testSize ]: 0.314136
	Precision [ tp / (tp + fp) ]:      0.17695
	Sensitivity [ tp / (tp + fn) ]:    0.912913
	Specificity [ tn / (tn + fp) ]:    0.20113
	F-Score [ 2tp / (2tp + fp + fn) ]: 0.296585
Particle (28):: Fit: 196.573	PB: 196.573	LB: 226.08	GB: 230.06	Conf: 0.611199	Pts: 56042
Particle (33):: Fit: 204.118	PB: 204.118	LB: 226.08	GB: 230.06	Conf: 0.670377	Pts: 60341
Particle (36):: Fit: 216.625	PB: 216.625	LB: 219.965	GB: 230.06	Conf: 0.567698	Pts: 110536
Particle (6):: Fit: 216.866	PB: 216.866	LB: 230.06	GB: 230.06	Conf: 0.612944	Pts: 145835
Particle (30):: Fit: 211.981	PB: 211.981	LB: 226.08	GB: 230.06	Conf: 0.783421	Pts: 55524
Particle (0):: Fit: 210.393	PB: 210.393	LB: 230.06	GB: 230.06	Conf: 0.633016	Pts: 110428
Particle (31):: Fit: 206.506	PB: 206.506	LB: 226.08	GB: 230.06	Conf: 0.137398	Pts: 60527
Particle (12):: Fit: 208.86	PB: 208.86	LB: 225.171	GB: 230.06	Conf: 0.720018	Pts: 125327
Particle (48):: Fit: 202.792	PB: 202.792	LB: 222.668	GB: 230.06	Conf: 0.801455	Pts: 60421
Particle (10):: Fit: 208.379	PB: 208.379	LB: 225.171	GB: 230.06	Conf: 0.5879	Pts: 70422
Particle (22):: Fit: 182.932	PB: 182.932	LB: 218.737	GB: 230.06	Conf: 0.574931	Pts: 55322
Particle (22):: Fit: 186.267	PB: 186.267	LB: 218.737	GB: 230.06	Conf: 0.526336	Pts: 55419
Particle (22):: Fit: 194.039	PB: 194.039	LB: 218.737	GB: 230.06	Conf: 0.103637	Pts: 55514
Particle (23):: Fit: 205.919	PB: 205.919	LB: 218.737	GB: 230.06	Conf: 0.272982	Pts: 55613
Particle (24):: Fit: 180.913	PB: 180.913	LB: 226.08	GB: 230.06	Conf: 0.869045	Pts: 60508
Particle (22):: Fit: 204.768	PB: 204.768	LB: 218.737	GB: 230.06	Conf: 0.907874	Pts: 55609
Particle (11):: Fit: 200.359	PB: 200.359	LB: 225.171	GB: 230.06	Conf: 0.425085	Pts: 66009
Particle (37):: Fit: 207.577	PB: 207.577	LB: 216.625	GB: 230.06	Conf: 0.248506	Pts: 110408
Particle (22):: Fit: 215.41	PB: 215.41	LB: 218.737	GB: 230.06	Conf: 0.0703296	Pts: 55704
Particle (27):: Fit: 208.457	PB: 208.457	LB: 226.08	GB: 230.06	Conf: 0.872425	Pts: 85482
Particle (13):: Fit: 218.719	PB: 218.719	LB: 225.171	GB: 230.06	Conf: 0.326432	Pts: 105298
Particle (28):: Fit: 216.465	PB: 216.465	LB: 226.08	GB: 230.06	Conf: 0.466727	Pts: 56095
Particle (38):: Fit: 205.474	PB: 205.474	LB: 216.625	GB: 230.06	Conf: 0.641644	Pts: 55694
Particle (12):: Fit: 214.938	PB: 214.938	LB: 225.171	GB: 230.06	Conf: 0.719388	Pts: 125389
Particle (47):: Fit: 216.375	PB: 216.375	LB: 222.668	GB: 230.06	Conf: 0.773616	Pts: 140484
Particle (48):: Fit: 214.25	PB: 214.25	LB: 222.668	GB: 230.06	Conf: 0.802897	Pts: 60477
Particle (16):: Fit: 208.281	PB: 208.281	LB: 218.737	GB: 230.06	Conf: 0.525926	Pts: 120177
Particle (30):: Fit: 218.37	PB: 218.37	LB: 226.08	GB: 230.06	Conf: 0.801551	Pts: 55564
Particle (26):: Fit: 211.444	PB: 211.444	LB: 226.08	GB: 230.06	Conf: 0.636656	Pts: 75542
Particle (44):: Fit: 231.43	PB: 231.43	LB: 231.43	GB: 231.43	Conf: 0.642146	Pts: 110856
Global: 231.43 - Correct: 73% of 100 tests
Global Best: 
  Inner Net 1
  -- 1 : 1 = -0.169086
  -- 1 : 2 = 0.209378
  -- 1 : 3 = 0.236261
  -- 1 : 4 = 0.0880415
  -- 1 : 5 = 0.0878152
  -- 1 : 6 = 0.278941
  -- 1 : 7 = 0.33939
  -- 1 : 8 = -0.186773
  -- 1 : 9 = 0.665442
  -- 2 : 1 = 0.340117
  -- 2 : 2 = -0.212849
  -- 2 : 3 = 0.311413
  -- 2 : 4 = 0.334312
  -- 2 : 5 = 0.258902
  -- 2 : 6 = -0.113939
  -- 2 : 7 = -0.283651
  -- 2 : 8 = -0.0776479
  -- 2 : 9 = -0.252224
  -- 3 : 1 = -0.115056
  -- 3 : 2 = 0.205303
  -- 3 : 3 = -0.338205
  -- 3 : 4 = 0.411984
  -- 3 : 5 = 0.315754
  -- 3 : 6 = 0.137808
  -- 3 : 7 = -0.154535
  -- 3 : 8 = 0.297269
  -- 3 : 9 = 0.0842348
  -- 4 : 1 = 0.102964
  -- 4 : 2 = 0.496434
  -- 4 : 3 = 0.391063
  -- 4 : 4 = -0.139926
  -- 4 : 5 = -0.257458
  -- 4 : 6 = -0.00877961
  -- 4 : 7 = -0.320224
  -- 4 : 8 = 0.0844776
  -- 4 : 9 = -0.129628
  -- 5 : 1 = 0.685797
  -- 5 : 2 = 0.272058
  -- 5 : 3 = 1
  -- 5 : 4 = 0.358566
  -- 5 : 5 = -0.120893
  -- 5 : 6 = 0.212194
  -- 5 : 7 = 0.764163
  -- 5 : 8 = 0.0325279
  -- 5 : 9 = 0.371781
  -- 6 : 1 = 0.466866
  -- 6 : 2 = -0.17206
  -- 6 : 3 = -0.0198229
  -- 6 : 4 = -0.214673
  -- 6 : 5 = -0.366436
  -- 6 : 6 = 0.67286
  -- 6 : 7 = -0.0161534
  -- 6 : 8 = 0.0334956
  -- 6 : 9 = -0.0643445
  -- 7 : 1 = 0.194095
  -- 7 : 2 = 0.292018
  -- 7 : 3 = 0.382509
  -- 7 : 4 = -0.0141754
  -- 7 : 5 = 0.159908
  -- 7 : 6 = 0.385088
  -- 7 : 7 = -0.119625
  -- 7 : 8 = -0.0219662
  -- 7 : 9 = 0.109267
  -- 8 : 1 = -0.279799
  -- 8 : 2 = 0.472152
  -- 8 : 3 = 0.0968682
  -- 8 : 4 = 0.0513669
  -- 8 : 5 = -0.146746
  -- 8 : 6 = 0.491454
  -- 8 : 7 = 0.682616
  -- 8 : 8 = 0.18825
  -- 8 : 9 = 0.174475
  -- 9 : 1 = -0.142072
  -- 9 : 2 = 0.120692
  -- 9 : 3 = -0.162426
  -- 9 : 4 = 0.0821008
  -- 9 : 5 = 0.590132
  -- 9 : 6 = 0.298284
  -- 9 : 7 = -0.208889
  -- 9 : 8 = 0.231494
  -- 9 : 9 = -0.199363
  -- 10 : 1 = 0.569726
  -- 10 : 2 = -0.328297
  -- 10 : 3 = -0.249574
  -- 10 : 4 = 0.197646
  -- 10 : 5 = 0.340446
  -- 10 : 6 = 0.292993
  -- 10 : 7 = 0.650983
  -- 10 : 8 = 0.530496
  -- 10 : 9 = -0.432344
  Inner Net 2
  -- 1 : 1 = 0.620104
  -- 1 : 2 = -0.197792
  -- 2 : 1 = -0.0892887
  -- 2 : 2 = 0.0660169
  -- 3 : 1 = 0.194791
  -- 3 : 2 = -0.330478
  -- 4 : 1 = 0.0778081
  -- 4 : 2 = 0.334609
  -- 5 : 1 = 0.0415059
  -- 5 : 2 = -0.438864
  -- 6 : 1 = -0.355825
  -- 6 : 2 = -0.363557
  -- 7 : 1 = -0.362387
  -- 7 : 2 = 0.0620444
  -- 8 : 1 = 0.032461
  -- 8 : 2 = -0.170039
  -- 9 : 1 = -0.063266
  -- 9 : 2 = -0.191474
Out\Act	False		True
False	0.526416	0.315564	0.84198
True	0.0609234	0.0970966	0.15802
	0.587339	0.412661
	Accuracy [ (tp + tn) / testSize ]: 0.623513
	Precision [ tp / (tp + fp) ]:      0.235023
	Sensitivity [ tp / (tp + fn) ]:    0.612613
	Specificity [ tn / (tn + fp) ]:    0.624859
	F-Score [ 2tp / (2tp + fp + fn) ]: 0.34
Particle (10):: Fit: 212.498	PB: 212.498	LB: 225.171	GB: 231.43	Conf: 0.277093	Pts: 70452
Particle (39):: Fit: 213.568	PB: 213.568	LB: 231.43	GB: 231.43	Conf: 0.731915	Pts: 105634
Particle (49):: Fit: 215.9	PB: 215.9	LB: 222.668	GB: 231.43	Conf: 0.849095	Pts: 60538
Particle (42):: Fit: 203.156	PB: 203.156	LB: 231.43	GB: 231.43	Conf: 0.792057	Pts: 50533
Particle (24):: Fit: 201.567	PB: 201.567	LB: 226.08	GB: 231.43	Conf: 0.826379	Pts: 60533
Particle (34):: Fit: 217.913	PB: 217.913	LB: 219.965	GB: 231.43	Conf: 0.443102	Pts: 65626
Particle (11):: Fit: 200.873	PB: 200.873	LB: 225.171	GB: 231.43	Conf: 0.403485	Pts: 66015
Particle (23):: Fit: 206.455	PB: 206.455	LB: 218.737	GB: 231.43	Conf: 0.282479	Pts: 55610
Particle (18):: Fit: 222.21	PB: 222.21	LB: 222.21	GB: 231.43	Conf: 0.800315	Pts: 100609
Particle (25):: Fit: 222.88	PB: 222.88	LB: 226.08	GB: 231.43	Conf: 0.372562	Pts: 145199
Particle (45):: Fit: 224.07	PB: 224.07	LB: 231.43	GB: 231.43	Conf: 0.389349	Pts: 60790
Particle (38):: Fit: 215.618	PB: 215.618	LB: 217.913	GB: 231.43	Conf: 0.472691	Pts: 55692
Particle (31):: Fit: 214.085	PB: 214.085	LB: 226.08	GB: 231.43	Conf: 0.0660579	Pts: 60479
Particle (40):: Fit: 217.489	PB: 217.489	LB: 231.43	GB: 231.43	Conf: 0.579463	Pts: 65271
Particle (46):: Fit: 207.516	PB: 207.516	LB: 231.43	GB: 231.43	Conf: 0.431427	Pts: 80283
Particle (27):: Fit: 215.71	PB: 215.71	LB: 226.08	GB: 231.43	Conf: 0.80939	Pts: 85454
Particle (37):: Fit: 208.327	PB: 208.327	LB: 217.913	GB: 231.43	Conf: 0.248353	Pts: 110371
Particle (2):: Fit: 222.72	PB: 222.72	LB: 230.06	GB: 231.43	Conf: 0.248018	Pts: 95367
Particle (48):: Fit: 216.771	PB: 216.771	LB: 231.43	GB: 231.43	Conf: 0.814516	Pts: 60453
Particle (23):: Fit: 207.276	PB: 207.276	LB: 222.88	GB: 231.43	Conf: 0.221232	Pts: 55652
Particle (11):: Fit: 220.758	PB: 220.758	LB: 225.171	GB: 231.43	Conf: 0.603628	Pts: 66049
Particle (45):: Fit: 224.394	PB: 224.394	LB: 231.43	GB: 231.43	Conf: 0.655575	Pts: 65841
Particle (4):: Fit: 215.483	PB: 215.483	LB: 230.06	GB: 231.43	Conf: 0.614168	Pts: 70532
Particle (46):: Fit: 207.949	PB: 207.949	LB: 231.43	GB: 231.43	Conf: 0.408214	Pts: 80324
Particle (24):: Fit: 209.057	PB: 209.057	LB: 226.08	GB: 231.43	Conf: 0.760539	Pts: 60519
Particle (10):: Fit: 226.7	PB: 226.7	LB: 226.7	GB: 231.43	Conf: 0.525584	Pts: 95415
Particle (33):: Fit: 215.539	PB: 215.539	LB: 226.08	GB: 231.43	Conf: 0.244142	Pts: 60209
Particle (13):: Fit: 223.998	PB: 223.998	LB: 226.7	GB: 231.43	Conf: 0.266185	Pts: 120196
Particle (43):: Fit: 213.562	PB: 213.562	LB: 231.43	GB: 231.43	Conf: 0.236665	Pts: 109888
Particle (44):: Fit: 232.146	PB: 232.146	LB: 232.146	GB: 232.146	Conf: 0.680511	Pts: 170799
Global: 232.146 - Correct: 71% of 100 tests
Global Best: 
  Inner Net 1
  -- 1 : 1 = -0.46689
  -- 1 : 2 = 0.480884
  -- 1 : 3 = 0.291024
  -- 1 : 4 = -0.185948
  -- 1 : 5 = -0.204258
  -- 1 : 6 = 0.51423
  -- 1 : 7 = 0.073875
  -- 1 : 8 = -0.202808
  -- 1 : 9 = 0.4068
  -- 2 : 1 = 0.345842
  -- 2 : 2 = -0.214591
  -- 2 : 3 = -0.00251879
  -- 2 : 4 = 0.260746
  -- 2 : 5 = 0.0211471
  -- 2 : 6 = -0.147242
  -- 2 : 7 = -0.0806072
  -- 2 : 8 = -0.150132
  -- 2 : 9 = -0.103609
  -- 3 : 1 = 0.0977133
  -- 3 : 2 = 0.235754
  -- 3 : 3 = 0.0484529
  -- 3 : 4 = -0.0883714
  -- 3 : 5 = 0.0258922
  -- 3 : 6 = 0.118964
  -- 3 : 7 = 0.0345315
  -- 3 : 8 = -0.183245
  -- 3 : 9 = 0.118065
  -- 4 : 1 = -0.0695728
  -- 4 : 2 = 0.0505921
  -- 4 : 3 = 0.236604
  -- 4 : 4 = -0.149177
  -- 4 : 5 = -0.200045
  -- 4 : 6 = 0.00680662
  -- 4 : 7 = -0.371048
  -- 4 : 8 = 0.118859
  -- 4 : 9 = -0.159151
  -- 5 : 1 = -0.5
  -- 5 : 2 = 0.365068
  -- 5 : 3 = 0
  -- 5 : 4 = -0.208867
  -- 5 : 5 = -0.164229
  -- 5 : 6 = 0.24107
  -- 5 : 7 = 0.949342
  -- 5 : 8 = 0.0584737
  -- 5 : 9 = 0.451058
  -- 6 : 1 = 0.53839
  -- 6 : 2 = -0.144059
  -- 6 : 3 = 0.0552891
  -- 6 : 4 = -0.306842
  -- 6 : 5 = -0.18077
  -- 6 : 6 = 0.207379
  -- 6 : 7 = 0.0332235
  -- 6 : 8 = 0.109814
  -- 6 : 9 = 0.452506
  -- 7 : 1 = 0.0448401
  -- 7 : 2 = 0.3844
  -- 7 : 3 = -0.0613381
  -- 7 : 4 = -0.305245
  -- 7 : 5 = 0.116105
  -- 7 : 6 = 0.417463
  -- 7 : 7 = 0.0611328
  -- 7 : 8 = -0.360613
  -- 7 : 9 = -0.0441974
  -- 8 : 1 = -0.13068
  -- 8 : 2 = 0.357392
  -- 8 : 3 = -0.0254425
  -- 8 : 4 = 0.339088
  -- 8 : 5 = -0.361523
  -- 8 : 6 = 0.175514
  -- 8 : 7 = 0.663583
  -- 8 : 8 = -0.324926
  -- 8 : 9 = 0.202659
  -- 9 : 1 = -0.142062
  -- 9 : 2 = 0.103393
  -- 9 : 3 = -0.168902
  -- 9 : 4 = -0.124206
  -- 9 : 5 = 0.311474
  -- 9 : 6 = 0.054523
  -- 9 : 7 = -0.399079
  -- 9 : 8 = 0.449527
  -- 9 : 9 = -0.315142
  -- 10 : 1 = 0.626159
  -- 10 : 2 = -0.224847
  -- 10 : 3 = -0.505472
  -- 10 : 4 = 0.123195
  -- 10 : 5 = 0.506357
  -- 10 : 6 = -0.0668877
  -- 10 : 7 = 0.508794
  -- 10 : 8 = 0.122328
  -- 10 : 9 = 0.0130268
  Inner Net 2
  -- 1 : 1 = 0.620104
  -- 1 : 2 = -0.197792
  -- 2 : 1 = -0.0892887
  -- 2 : 2 = 0.0660169
  -- 3 : 1 = 0.194791
  -- 3 : 2 = -0.330478
  -- 4 : 1 = 0.0778081
  -- 4 : 2 = 0.334609
  -- 5 : 1 = 0.0415059
  -- 5 : 2 = -0.438864
  -- 6 : 1 = -0.355825
  -- 6 : 2 = -0.363557
  -- 7 : 1 = -0.362387
  -- 7 : 2 = 0.0620444
  -- 8 : 1 = 0.032461
  -- 8 : 2 = -0.170039
  -- 9 : 1 = -0.063266
  -- 9 : 2 = -0.191474
Out\Act	False		True
False	0.541171	0.300809	0.84198
True	0.0561637	0.101856	0.15802
	0.597335	0.402665
	Accuracy [ (tp + tn) / testSize ]: 0.643027
	Precision [ tp / (tp + fp) ]:      0.252656
	Sensitivity [ tp / (tp + fn) ]:    0.642643
	Specificity [ tn / (tn + fp) ]:    0.642373
	F-Score [ 2tp / (2tp + fp + fn) ]: 0.36302
Particle (41):: Fit: 213.563	PB: 213.563	LB: 232.146	GB: 232.146	Conf: 0.715416	Pts: 104981
Particle (23):: Fit: 211.382	PB: 211.382	LB: 222.88	GB: 232.146	Conf: 0.278705	Pts: 55686
Particle (36):: Fit: 216.98	PB: 216.98	LB: 219.965	GB: 232.146	Conf: 0.778299	Pts: 110383
Particle (37):: Fit: 208.988	PB: 208.988	LB: 217.913	GB: 232.146	Conf: 0.326609	Pts: 110373
Particle (26):: Fit: 214.836	PB: 214.836	LB: 226.08	GB: 232.146	Conf: 0.37738	Pts: 75453
Particle (42):: Fit: 205.181	PB: 205.181	LB: 232.146	GB: 232.146	Conf: 0.583331	Pts: 50462
Particle (17):: Fit: 207.929	PB: 207.929	LB: 223.998	GB: 232.146	Conf: 0.557171	Pts: 115041
Particle (43):: Fit: 228.122	PB: 228.122	LB: 232.146	GB: 232.146	Conf: 0.647879	Pts: 114947
Particle (16):: Fit: 211.067	PB: 211.067	LB: 223.998	GB: 232.146	Conf: 0.377248	Pts: 120055
Particle (39):: Fit: 223.347	PB: 223.347	LB: 232.146	GB: 232.146	Conf: 0.806325	Pts: 125541
Particle (28):: Fit: 217.139	PB: 217.139	LB: 226.08	GB: 232.146	Conf: 0.40535	Pts: 55933
Particle (47):: Fit: 224.403	PB: 224.403	LB: 232.146	GB: 232.146	Conf: 0.716853	Pts: 145317
Particle (17):: Fit: 213.514	PB: 213.514	LB: 223.998	GB: 232.146	Conf: 0.852482	Pts: 115104
Particle (35):: Fit: 219.457	PB: 219.457	LB: 223.347	GB: 232.146	Conf: 0.31919	Pts: 70519
Particle (41):: Fit: 217.468	PB: 217.468	LB: 232.146	GB: 232.146	Conf: 0.447656	Pts: 105000
Particle (21):: Fit: 225.57	PB: 225.57	LB: 225.57	GB: 232.146	Conf: 0.510219	Pts: 355188
Particle (14):: Fit: 211.616	PB: 211.616	LB: 226.7	GB: 232.146	Conf: 0.461024	Pts: 114996
Particle (35):: Fit: 226.85	PB: 226.85	LB: 226.85	GB: 232.146	Conf: 0.203627	Pts: 110601
Particle (38):: Fit: 223.41	PB: 223.41	LB: 228.122	GB: 232.146	Conf: 0.817538	Pts: 55588
Particle (14):: Fit: 213.961	PB: 213.961	LB: 226.7	GB: 232.146	Conf: 0.613175	Pts: 115054
Particle (23):: Fit: 227.265	PB: 227.265	LB: 227.265	GB: 232.146	Conf: 0.373671	Pts: 105649
Particle (19):: Fit: 223.039	PB: 223.039	LB: 227.265	GB: 232.146	Conf: 0.564747	Pts: 115333
Particle (3):: Fit: 212.082	PB: 212.082	LB: 230.06	GB: 232.146	Conf: 0.83164	Pts: 125104
Particle (4):: Fit: 217.34	PB: 217.34	LB: 230.06	GB: 232.146	Conf: 0.600843	Pts: 70395
Particle (20):: Fit: 216.874	PB: 216.874	LB: 227.265	GB: 232.146	Conf: 0.600006	Pts: 110185
Particle (46):: Fit: 227.572	PB: 227.572	LB: 232.146	GB: 232.146	Conf: 0.431008	Pts: 85169
Particle (42):: Fit: 207.397	PB: 207.397	LB: 232.146	GB: 232.146	Conf: 0.804814	Pts: 50355
Particle (3):: Fit: 217.277	PB: 217.277	LB: 230.06	GB: 232.146	Conf: 0.457294	Pts: 125153
Particle (27):: Fit: 215.768	PB: 215.768	LB: 227.265	GB: 232.146	Conf: 0.667567	Pts: 85236
Particle (8):: Fit: 166.016	PB: 166.016	LB: 230.06	GB: 232.146	Conf: 0.629641	Pts: 55222
Particle (40):: Fit: 218.436	PB: 218.436	LB: 232.146	GB: 232.146	Conf: 0.450062	Pts: 65023
Particle (31):: Fit: 216.873	PB: 216.873	LB: 226.85	GB: 232.146	Conf: 0.0993542	Pts: 60155
Particle (40):: Fit: 228.334	PB: 228.334	LB: 232.146	GB: 232.146	Conf: 0.508098	Pts: 85022
Particle (8):: Fit: 186.321	PB: 186.321	LB: 230.06	GB: 232.146	Conf: 0.56423	Pts: 55201
Particle (15):: Fit: 220.472	PB: 220.472	LB: 223.998	GB: 232.146	Conf: 0.366085	Pts: 105117
Particle (16):: Fit: 215.511	PB: 215.511	LB: 225.57	GB: 232.146	Conf: 0.182606	Pts: 119827
Particle (17):: Fit: 216.758	PB: 216.758	LB: 225.57	GB: 232.146	Conf: 0.889969	Pts: 114869
Particle (36):: Fit: 221.148	PB: 221.148	LB: 228.334	GB: 232.146	Conf: 0.739827	Pts: 110066
Particle (24):: Fit: 210.698	PB: 210.698	LB: 227.265	GB: 232.146	Conf: 0.815851	Pts: 60117
Particle (25):: Fit: 224.315	PB: 224.315	LB: 227.265	GB: 232.146	Conf: 0.513316	Pts: 144710
Particle (14):: Fit: 214.65	PB: 214.65	LB: 226.7	GB: 232.146	Conf: 0.30749	Pts: 114792
Particle (12):: Fit: 217.194	PB: 217.194	LB: 226.7	GB: 232.146	Conf: 0.446494	Pts: 124786
Particle (49):: Fit: 230.588	PB: 230.588	LB: 230.588	GB: 232.146	Conf: 0.849386	Pts: 84973
Particle (37):: Fit: 214.917	PB: 214.917	LB: 228.334	GB: 232.146	Conf: 0.498988	Pts: 109956
Particle (26):: Fit: 223.85	PB: 223.85	LB: 227.265	GB: 232.146	Conf: 0.748966	Pts: 75033
Particle (27):: Fit: 216.005	PB: 216.005	LB: 227.265	GB: 232.146	Conf: 0.939114	Pts: 85035
Particle (15):: Fit: 231.576	PB: 231.576	LB: 231.576	GB: 232.146	Conf: 0.35792	Pts: 155033
Particle (16):: Fit: 218.852	PB: 218.852	LB: 231.576	GB: 232.146	Conf: 0.526357	Pts: 119740
Particle (8):: Fit: 190.339	PB: 190.339	LB: 230.06	GB: 232.146	Conf: 0.458426	Pts: 55095
Particle (0):: Fit: 210.728	PB: 210.728	LB: 230.588	GB: 232.146	Conf: 0.333182	Pts: 109708
Particle (26):: Fit: 224.37	PB: 224.37	LB: 227.265	GB: 232.146	Conf: 0.447154	Pts: 75097
Particle (35):: Fit: 239.084	PB: 239.084	LB: 239.084	GB: 239.084	Conf: 0.240547	Pts: 170225
Global: 239.084 - Correct: 78% of 100 tests
Global Best: 
  Inner Net 1
  -- 1 : 1 = -0.144047
  -- 1 : 2 = 0.38228
  -- 1 : 3 = -0.0727222
  -- 1 : 4 = 0.186027
  -- 1 : 5 = -0.188324
  -- 1 : 6 = 0.197881
  -- 1 : 7 = 0.0245967
  -- 1 : 8 = 0.0526001
  -- 1 : 9 = -0.247823
  -- 2 : 1 = 0.287389
  -- 2 : 2 = -0.217383
  -- 2 : 3 = -0.0746792
  -- 2 : 4 = -0.0523479
  -- 2 : 5 = -0.120443
  -- 2 : 6 = -0.205456
  -- 2 : 7 = 0.152157
  -- 2 : 8 = 0.0118747
  -- 2 : 9 = 0.0642251
  -- 3 : 1 = -0.0708979
  -- 3 : 2 = 0.1496
  -- 3 : 3 = -0.13997
  -- 3 : 4 = 0.151789
  -- 3 : 5 = -0.353675
  -- 3 : 6 = 0.165343
  -- 3 : 7 = -0.393622
  -- 3 : 8 = -0.127745
  -- 3 : 9 = -0.219937
  -- 4 : 1 = -0.279954
  -- 4 : 2 = -0.319825
  -- 4 : 3 = 0.0738938
  -- 4 : 4 = -0.0614776
  -- 4 : 5 = 0.0799959
  -- 4 : 6 = -0.055465
  -- 4 : 7 = -0.0773755
  -- 4 : 8 = 0.341906
  -- 4 : 9 = -0.160448
  -- 5 : 1 = 0.412694
  -- 5 : 2 = -0.167925
  -- 5 : 3 = -0.0335154
  -- 5 : 4 = -0.101211
  -- 5 : 5 = 0.238768
  -- 5 : 6 = -0.00143669
  -- 5 : 7 = 0.17732
  -- 5 : 8 = 0.38174
  -- 5 : 9 = -0.115907
  -- 6 : 1 = 0.831829
  -- 6 : 2 = 0.363625
  -- 6 : 3 = -0.164215
  -- 6 : 4 = 0.20837
  -- 6 : 5 = -0.108758
  -- 6 : 6 = -0.0914498
  -- 6 : 7 = -0.131906
  -- 6 : 8 = 0.462163
  -- 6 : 9 = 0.329098
  -- 7 : 1 = -0.0208668
  -- 7 : 2 = 0.764162
  -- 7 : 3 = 0.0494403
  -- 7 : 4 = 0.00425346
  -- 7 : 5 = 0.383259
  -- 7 : 6 = 0.314619
  -- 7 : 7 = -0.0286397
  -- 7 : 8 = -0.184195
  -- 7 : 9 = 0.205152
  -- 8 : 1 = -0.376967
  -- 8 : 2 = -0.02674
  -- 8 : 3 = 0.170802
  -- 8 : 4 = 0.385252
  -- 8 : 5 = 0.349517
  -- 8 : 6 = 0.238927
  -- 8 : 7 = -0.034935
  -- 8 : 8 = 0.134757
  -- 8 : 9 = -0.041157
  -- 9 : 1 = -0.125747
  -- 9 : 2 = 0.0376686
  -- 9 : 3 = -0.200155
  -- 9 : 4 = 0.00970933
  -- 9 : 5 = 0.384158
  -- 9 : 6 = -0.139992
  -- 9 : 7 = 0.084222
  -- 9 : 8 = 0.040271
  -- 9 : 9 = 0.0962808
  -- 10 : 1 = 0.985515
  -- 10 : 2 = -0.044395
  -- 10 : 3 = -0.226488
  -- 10 : 4 = 0.044788
  -- 10 : 5 = 0.104789
  -- 10 : 6 = -0.193264
  -- 10 : 7 = -0.0761229
  -- 10 : 8 = 0.0306842
  -- 10 : 9 = -0.212668
  Inner Net 2
  -- 1 : 1 = 0.291369
  -- 1 : 2 = 0.195716
  -- 2 : 1 = -0.213883
  -- 2 : 2 = -0.14828
  -- 3 : 1 = 0.121827
  -- 3 : 2 = -0.217057
  -- 4 : 1 = -0.143737
  -- 4 : 2 = -0.284838
  -- 5 : 1 = -0.220387
  -- 5 : 2 = 0.154454
  -- 6 : 1 = 0.186924
  -- 6 : 2 = -0.212694
  -- 7 : 1 = -0.308158
  -- 7 : 2 = -0.0593317
  -- 8 : 1 = -0.163705
  -- 8 : 2 = -0.276107
  -- 9 : 1 = 0.0624667
  -- 9 : 2 = 0.216057
Out\Act	False		True
False	0.60495	0.23703	0.84198
True	0.0756782	0.0823417	0.15802
	0.680628	0.319372
	Accuracy [ (tp + tn) / testSize ]: 0.687292
	Precision [ tp / (tp + fp) ]:      0.25744
	Sensitivity [ tp / (tp + fn) ]:    0.51952
	Specificity [ tn / (tn + fp) ]:    0.718079
	F-Score [ 2tp / (2tp + fp + fn) ]: 0.344622
Particle (37):: Fit: 222.894	PB: 222.894	LB: 239.084	GB: 239.084	Conf: 0.268105	Pts: 110009
Particle (3):: Fit: 224.263	PB: 224.263	LB: 230.588	GB: 239.084	Conf: 0.165407	Pts: 124902
Particle (7):: Fit: 224.4	PB: 224.4	LB: 230.06	GB: 239.084	Conf: 0.468034	Pts: 114676
Particle (46):: Fit: 231.218	PB: 231.218	LB: 232.146	GB: 239.084	Conf: 0.482346	Pts: 94883
Particle (6):: Fit: 219.358	PB: 219.358	LB: 230.06	GB: 239.084	Conf: 0.914777	Pts: 145054
Particle (14):: Fit: 218.51	PB: 218.51	LB: 231.576	GB: 239.084	Conf: 0.765981	Pts: 114746
Particle (42):: Fit: 211.314	PB: 211.314	LB: 232.146	GB: 239.084	Conf: 0.747748	Pts: 49985
Particle (33):: Fit: 219.704	PB: 219.704	LB: 239.084	GB: 239.084	Conf: 0.601499	Pts: 59546
Particle (6):: Fit: 220.691	PB: 220.691	LB: 230.06	GB: 239.084	Conf: 0.581498	Pts: 145044
Particle (16):: Fit: 220.932	PB: 220.932	LB: 231.576	GB: 239.084	Conf: 0.55296	Pts: 119635
Particle (8):: Fit: 204.652	PB: 204.652	LB: 230.06	GB: 239.084	Conf: 0.46139	Pts: 54955
Particle (28):: Fit: 225.762	PB: 225.762	LB: 226.08	GB: 239.084	Conf: 0.653976	Pts: 55234
Particle (29):: Fit: 228.92	PB: 228.92	LB: 228.92	GB: 239.084	Conf: 0.716029	Pts: 194472
Particle (6):: Fit: 233.664	PB: 233.664	LB: 233.664	GB: 239.084	Conf: 0.650386	Pts: 194931
Particle (36):: Fit: 221.311	PB: 221.311	LB: 239.084	GB: 239.084	Conf: 0.263662	Pts: 109651
Particle (24):: Fit: 218.356	PB: 218.356	LB: 228.92	GB: 239.084	Conf: 0.859009	Pts: 59698
Particle (20):: Fit: 218.163	PB: 218.163	LB: 227.265	GB: 239.084	Conf: 0.269833	Pts: 109511
Particle (48):: Fit: 228.011	PB: 228.011	LB: 232.146	GB: 239.084	Conf: 0.798242	Pts: 59486
Particle (30):: Fit: 226.114	PB: 226.114	LB: 239.084	GB: 239.084	Conf: 0.730187	Pts: 54469
Particle (17):: Fit: 236.962	PB: 236.962	LB: 236.962	GB: 239.084	Conf: 0.745476	Pts: 164309
Particle (23):: Fit: 234.813	PB: 234.813	LB: 234.813	GB: 239.084	Conf: 0.184969	Pts: 134792
Particle (7):: Fit: 237.423	PB: 237.423	LB: 237.423	GB: 239.084	Conf: 0.467552	Pts: 164263
Particle (11):: Fit: 221.922	PB: 221.922	LB: 237.423	GB: 239.084	Conf: 0.448405	Pts: 64953
Particle (4):: Fit: 219.831	PB: 219.831	LB: 237.423	GB: 239.084	Conf: 0.547622	Pts: 69507
Particle (16):: Fit: 220.97	PB: 220.97	LB: 236.962	GB: 239.084	Conf: 0.39358	Pts: 119326
Particle (27):: Fit: 219.445	PB: 219.445	LB: 234.813	GB: 239.084	Conf: 0.912487	Pts: 84479
Particle (0):: Fit: 215.664	PB: 215.664	LB: 231.218	GB: 239.084	Conf: 0.373071	Pts: 109120
Particle (47):: Fit: 224.709	PB: 224.709	LB: 232.146	GB: 239.084	Conf: 0.255194	Pts: 144155
Particle (16):: Fit: 224.513	PB: 224.513	LB: 236.962	GB: 239.084	Conf: 0.590448	Pts: 119276
Particle (49):: Fit: 239.351	PB: 239.351	LB: 239.351	GB: 239.351	Conf: 0.738306	Pts: 144234
Global: 239.351 - Correct: 73% of 100 tests
Global Best: 
  Inner Net 1
  -- 1 : 1 = -0.283069
  -- 1 : 2 = -0.0750938
  -- 1 : 3 = -0.129807
  -- 1 : 4 = -0.461025
  -- 1 : 5 = 0.125808
  -- 1 : 6 = -0.159183
  -- 1 : 7 = 0.28445
  -- 1 : 8 = 0.00787539
  -- 1 : 9 = -0.221377
  -- 2 : 1 = 0.327954
  -- 2 : 2 = -0.470111
  -- 2 : 3 = -0.0030468
  -- 2 : 4 = 0.227252
  -- 2 : 5 = -0.0424943
  -- 2 : 6 = 0.229036
  -- 2 : 7 = 0.0572114
  -- 2 : 8 = -0.0664382
  -- 2 : 9 = 0.250924
  -- 3 : 1 = 0.346967
  -- 3 : 2 = -0.355173
  -- 3 : 3 = -0.103451
  -- 3 : 4 = -0.110204
  -- 3 : 5 = 0.176172
  -- 3 : 6 = 0.312582
  -- 3 : 7 = -0.409482
  -- 3 : 8 = -0.0292787
  -- 3 : 9 = -0.014618
  -- 4 : 1 = 0.113974
  -- 4 : 2 = -0.344912
  -- 4 : 3 = 0.331697
  -- 4 : 4 = 0.102539
  -- 4 : 5 = 0.0462062
  -- 4 : 6 = -0.0126924
  -- 4 : 7 = -0.0673352
  -- 4 : 8 = -0.140482
  -- 4 : 9 = -0.266635
  -- 5 : 1 = 0.131882
  -- 5 : 2 = 0.168527
  -- 5 : 3 = 0.23636
  -- 5 : 4 = -0.113588
  -- 5 : 5 = -0.0173986
  -- 5 : 6 = 0.206772
  -- 5 : 7 = 0.0714589
  -- 5 : 8 = 0.00882489
  -- 5 : 9 = 0.321112
  -- 6 : 1 = 0.806219
  -- 6 : 2 = -0.564687
  -- 6 : 3 = 0.0427711
  -- 6 : 4 = 0.0387707
  -- 6 : 5 = 0.1637
  -- 6 : 6 = -0.0385433
  -- 6 : 7 = 0.272403
  -- 6 : 8 = 0.166672
  -- 6 : 9 = 0.560058
  -- 7 : 1 = -0.343864
  -- 7 : 2 = -0.337029
  -- 7 : 3 = -0.370298
  -- 7 : 4 = -0.190497
  -- 7 : 5 = 0.00843782
  -- 7 : 6 = 0.37596
  -- 7 : 7 = -0.195625
  -- 7 : 8 = 0.245021
  -- 7 : 9 = -0.0500759
  -- 8 : 1 = -0.260819
  -- 8 : 2 = 0.274863
  -- 8 : 3 = -0.236816
  -- 8 : 4 = 0.119608
  -- 8 : 5 = 0.287975
  -- 8 : 6 = -0.119891
  -- 8 : 7 = 0.312577
  -- 8 : 8 = 0.279029
  -- 8 : 9 = -0.103979
  -- 9 : 1 = 0.206734
  -- 9 : 2 = 0.310917
  -- 9 : 3 = -0.187278
  -- 9 : 4 = 0.0595159
  -- 9 : 5 = -0.0133515
  -- 9 : 6 = -0.184475
  -- 9 : 7 = 0.045271
  -- 9 : 8 = -0.192095
  -- 9 : 9 = -0.458504
  -- 10 : 1 = 0.364101
  -- 10 : 2 = -0.278466
  -- 10 : 3 = 0.310204
  -- 10 : 4 = 0.211897
  -- 10 : 5 = -0.176123
  -- 10 : 6 = 0.121315
  -- 10 : 7 = 0.428213
  -- 10 : 8 = -0.0558428
  -- 10 : 9 = -0.056664
  Inner Net 2
  -- 1 : 1 = -0.0400167
  -- 1 : 2 = 0.175059
  -- 2 : 1 = 0.213356
  -- 2 : 2 = -0.00494396
  -- 3 : 1 = 0.54068
  -- 3 : 2 = -0.345965
  -- 4 : 1 = 0.0314109
  -- 4 : 2 = -0.236602
  -- 5 : 1 = 0.132942
  -- 5 : 2 = -0.0910245
  -- 6 : 1 = -0.62171
  -- 6 : 2 = -0.0608003
  -- 7 : 1 = -0.00789418
  -- 7 : 2 = 0.023677
  -- 8 : 1 = -0.682727
  -- 8 : 2 = -0.0558942
  -- 9 : 1 = 0.178157
  -- 9 : 2 = 0.0541003
Out\Act	False		True
False	0.295574	0.546406	0.84198
True	0.025702	0.132318	0.15802
	0.321276	0.678724
	Accuracy [ (tp + tn) / testSize ]: 0.427891
	Precision [ tp / (tp + fp) ]:      0.194814
	Sensitivity [ tp / (tp + fn) ]:    0.834835
	Specificity [ tn / (tn + fp) ]:    0.350847
	F-Score [ 2tp / (2tp + fp + fn) ]: 0.316089
Particle (41):: Fit: 225.751	PB: 225.751	LB: 232.146	GB: 239.351	Conf: 0.680017	Pts: 103713
Particle (41):: Fit: 225.993	PB: 225.993	LB: 232.146	GB: 239.351	Conf: 0.734272	Pts: 103804
Particle (30):: Fit: 228.757	PB: 228.757	LB: 239.084	GB: 239.351	Conf: 0.540157	Pts: 54138
Particle (12):: Fit: 221.174	PB: 221.174	LB: 236.962	GB: 239.351	Conf: 0.33665	Pts: 123896
Particle (20):: Fit: 221.872	PB: 221.872	LB: 236.962	GB: 239.351	Conf: 0.630062	Pts: 109056
Particle (14):: Fit: 223.967	PB: 223.967	LB: 236.962	GB: 239.351	Conf: 0.748963	Pts: 113925
Particle (22):: Fit: 219.42	PB: 219.42	LB: 234.813	GB: 239.351	Conf: 0.636902	Pts: 53984
Particle (24):: Fit: 236.943	PB: 236.943	LB: 236.943	GB: 239.351	Conf: 0.81799	Pts: 94169
Particle (48):: Fit: 231.052	PB: 231.052	LB: 239.351	GB: 239.351	Conf: 0.886655	Pts: 58990
Particle (3):: Fit: 225.032	PB: 225.032	LB: 239.351	GB: 239.351	Conf: 0.778741	Pts: 123968
Particle (13):: Fit: 224.471	PB: 224.471	LB: 236.962	GB: 239.351	Conf: 0.439122	Pts: 118644
Particle (39):: Fit: 226.61	PB: 226.61	LB: 239.084	GB: 239.351	Conf: 0.655814	Pts: 124034
Particle (27):: Fit: 221.484	PB: 221.484	LB: 236.943	GB: 239.351	Conf: 0.903718	Pts: 84125
Particle (16):: Fit: 225.246	PB: 225.246	LB: 236.962	GB: 239.351	Conf: 0.797796	Pts: 118996
Particle (34):: Fit: 223.219	PB: 223.219	LB: 239.084	GB: 239.351	Conf: 0.485469	Pts: 63845
Particle (46):: Fit: 240.276	PB: 240.276	LB: 240.276	GB: 240.276	Conf: 0.548742	Pts: 153855
Global: 240.276 - Correct: 73% of 100 tests
Global Best: 
  Inner Net 1
  -- 1 : 1 = -0.428188
  -- 1 : 2 = -0.556603
  -- 1 : 3 = -0.146944
  -- 1 : 4 = 0.148806
  -- 1 : 5 = -0.109533
  -- 1 : 6 = 0.0480475
  -- 1 : 7 = 0.110225
  -- 1 : 8 = -0.0903547
  -- 1 : 9 = -0.102197
  -- 2 : 1 = 0.308633
  -- 2 : 2 = 0.438159
  -- 2 : 3 = -0.225869
  -- 2 : 4 = 0.340458
  -- 2 : 5 = 0.168205
  -- 2 : 6 = -0.12881
  -- 2 : 7 = 0.21401
  -- 2 : 8 = 0.177034
  -- 2 : 9 = -0.170962
  -- 3 : 1 = -0.0995911
  -- 3 : 2 = 0.0697797
  -- 3 : 3 = -0.268914
  -- 3 : 4 = 0.13862
  -- 3 : 5 = -0.195385
  -- 3 : 6 = -0.491199
  -- 3 : 7 = -0.0839239
  -- 3 : 8 = 0.0643996
  -- 3 : 9 = -0.0160996
  -- 4 : 1 = 0.217385
  -- 4 : 2 = 0.0305005
  -- 4 : 3 = -0.390491
  -- 4 : 4 = 0.281527
  -- 4 : 5 = -0.0804227
  -- 4 : 6 = -0.132767
  -- 4 : 7 = -0.151021
  -- 4 : 8 = 0.00907494
  -- 4 : 9 = 0.151768
  -- 5 : 1 = -0.211976
  -- 5 : 2 = 0.0389277
  -- 5 : 3 = 0.160629
  -- 5 : 4 = 0.157797
  -- 5 : 5 = -0.294313
  -- 5 : 6 = 0.231604
  -- 5 : 7 = -0.106769
  -- 5 : 8 = 0.0984058
  -- 5 : 9 = -0.319888
  -- 6 : 1 = 0.83095
  -- 6 : 2 = -0.379599
  -- 6 : 3 = -0.123986
  -- 6 : 4 = -0.0152403
  -- 6 : 5 = 0.524858
  -- 6 : 6 = -0.0140027
  -- 6 : 7 = 0.305787
  -- 6 : 8 = -0.163985
  -- 6 : 9 = 0.0746276
  -- 7 : 1 = 0.004699
  -- 7 : 2 = 0.293059
  -- 7 : 3 = 0.100246
  -- 7 : 4 = -0.351994
  -- 7 : 5 = 0.104181
  -- 7 : 6 = -0.192626
  -- 7 : 7 = 0.223051
  -- 7 : 8 = -0.412314
  -- 7 : 9 = 0.488641
  -- 8 : 1 = -0.258468
  -- 8 : 2 = 0.106735
  -- 8 : 3 = 0.167846
  -- 8 : 4 = -0.218348
  -- 8 : 5 = 0.0642541
  -- 8 : 6 = 0.0757293
  -- 8 : 7 = -0.014224
  -- 8 : 8 = 0.244752
  -- 8 : 9 = -0.327852
  -- 9 : 1 = -0.176714
  -- 9 : 2 = 0.0921467
  -- 9 : 3 = -0.0449872
  -- 9 : 4 = -0.136387
  -- 9 : 5 = 0.287723
  -- 9 : 6 = 0.175007
  -- 9 : 7 = -0.0352207
  -- 9 : 8 = -0.376237
  -- 9 : 9 = -0.444981
  -- 10 : 1 = 0.293871
  -- 10 : 2 = -0.161919
  -- 10 : 3 = -0.166178
  -- 10 : 4 = -0.415611
  -- 10 : 5 = -0.0673224
  -- 10 : 6 = 0.422838
  -- 10 : 7 = 0.22187
  -- 10 : 8 = -0.128788
  -- 10 : 9 = 0.0450018
  Inner Net 2
  -- 1 : 1 = -0.41581
  -- 1 : 2 = -0.240734
  -- 2 : 1 = -0.175574
  -- 2 : 2 = 0.0293222
  -- 3 : 1 = 0.312964
  -- 3 : 2 = -0.0638864
  -- 4 : 1 = 0.158573
  -- 4 : 2 = 0.145495
  -- 5 : 1 = 0.618042
  -- 5 : 2 = -0.0200647
  -- 6 : 1 = -0.0917609
  -- 6 : 2 = 0.126213
  -- 7 : 1 = -0.219871
  -- 7 : 2 = 0.338331
  -- 8 : 1 = -0.327147
  -- 8 : 2 = -0.0327164
  -- 9 : 1 = -0.125531
  -- 9 : 2 = 0.262515
Out\Act	False		True
False	0.239886	0.602094	0.84198
True	0.0190386	0.138981	0.15802
	0.258924	0.741076
	Accuracy [ (tp + tn) / testSize ]: 0.378867
	Precision [ tp / (tp + fp) ]:      0.18742
	Sensitivity [ tp / (tp + fn) ]:    0.876877
	Specificity [ tn / (tn + fp) ]:    0.284746
	F-Score [ 2tp / (2tp + fp + fn) ]: 0.308995
Particle (27):: Fit: 221.567	PB: 221.567	LB: 236.943	GB: 240.276	Conf: 0.243301	Pts: 84078
Particle (36):: Fit: 221.713	PB: 221.713	LB: 239.084	GB: 240.276	Conf: 0.50488	Pts: 108886
Particle (33):: Fit: 220.67	PB: 220.67	LB: 239.084	GB: 240.276	Conf: 0.433414	Pts: 58497
Particle (39):: Fit: 234.574	PB: 234.574	LB: 239.084	GB: 240.276	Conf: 0.68831	Pts: 128872
Particle (45):: Fit: 226.384	PB: 226.384	LB: 240.276	GB: 240.276	Conf: 0.437689	Pts: 63974
Particle (0):: Fit: 220.499	PB: 220.499	LB: 240.276	GB: 240.276	Conf: 0.552141	Pts: 108540
Particle (11):: Fit: 223.031	PB: 223.031	LB: 237.423	GB: 240.276	Conf: 0.476518	Pts: 64286
Particle (28):: Fit: 228.135	PB: 228.135	LB: 236.943	GB: 240.276	Conf: 0.266988	Pts: 54257
Particle (20):: Fit: 227.674	PB: 227.674	LB: 236.962	GB: 240.276	Conf: 0.660242	Pts: 108726
Particle (12):: Fit: 222.068	PB: 222.068	LB: 236.962	GB: 240.276	Conf: 0.30397	Pts: 123511
Particle (42):: Fit: 212.195	PB: 212.195	LB: 240.276	GB: 240.276	Conf: 0.688177	Pts: 48774
Particle (42):: Fit: 213.986	PB: 213.986	LB: 240.276	GB: 240.276	Conf: 0.861547	Pts: 48829
Particle (33):: Fit: 231.72	PB: 231.72	LB: 239.084	GB: 240.276	Conf: 0.53787	Pts: 63376
Particle (0):: Fit: 225.089	PB: 225.089	LB: 240.276	GB: 240.276	Conf: 0.567356	Pts: 108448
Particle (28):: Fit: 238.173	PB: 238.173	LB: 238.173	GB: 240.276	Conf: 0.713189	Pts: 89192
Particle (36):: Fit: 223.362	PB: 223.362	LB: 239.084	GB: 240.276	Conf: 0.559265	Pts: 108691
Particle (38):: Fit: 224.545	PB: 224.545	LB: 239.084	GB: 240.276	Conf: 0.658106	Pts: 53651
Particle (14):: Fit: 225.798	PB: 225.798	LB: 236.962	GB: 240.276	Conf: 0.634609	Pts: 113436
Particle (18):: Fit: 222.371	PB: 222.371	LB: 236.962	GB: 240.276	Conf: 0.383467	Pts: 98366
Particle (4):: Fit: 228.356	PB: 228.356	LB: 237.423	GB: 240.276	Conf: 0.668778	Pts: 68535
Particle (18):: Fit: 223.662	PB: 223.662	LB: 236.962	GB: 240.276	Conf: 0.835006	Pts: 98410
Global Best: 
  Inner Net 1
  -- 1 : 1 = -0.428188
  -- 1 : 2 = -0.556603
  -- 1 : 3 = -0.146944
  -- 1 : 4 = 0.148806
  -- 1 : 5 = -0.109533
  -- 1 : 6 = 0.0480475
  -- 1 : 7 = 0.110225
  -- 1 : 8 = -0.0903547
  -- 1 : 9 = -0.102197
  -- 2 : 1 = 0.308633
  -- 2 : 2 = 0.438159
  -- 2 : 3 = -0.225869
  -- 2 : 4 = 0.340458
  -- 2 : 5 = 0.168205
  -- 2 : 6 = -0.12881
  -- 2 : 7 = 0.21401
  -- 2 : 8 = 0.177034
  -- 2 : 9 = -0.170962
  -- 3 : 1 = -0.0995911
  -- 3 : 2 = 0.0697797
  -- 3 : 3 = -0.268914
  -- 3 : 4 = 0.13862
  -- 3 : 5 = -0.195385
  -- 3 : 6 = -0.491199
  -- 3 : 7 = -0.0839239
  -- 3 : 8 = 0.0643996
  -- 3 : 9 = -0.0160996
  -- 4 : 1 = 0.217385
  -- 4 : 2 = 0.0305005
  -- 4 : 3 = -0.390491
  -- 4 : 4 = 0.281527
  -- 4 : 5 = -0.0804227
  -- 4 : 6 = -0.132767
  -- 4 : 7 = -0.151021
  -- 4 : 8 = 0.00907494
  -- 4 : 9 = 0.151768
  -- 5 : 1 = -0.211976
  -- 5 : 2 = 0.0389277
  -- 5 : 3 = 0.160629
  -- 5 : 4 = 0.157797
  -- 5 : 5 = -0.294313
  -- 5 : 6 = 0.231604
  -- 5 : 7 = -0.106769
  -- 5 : 8 = 0.0984058
  -- 5 : 9 = -0.319888
  -- 6 : 1 = 0.83095
  -- 6 : 2 = -0.379599
  -- 6 : 3 = -0.123986
  -- 6 : 4 = -0.0152403
  -- 6 : 5 = 0.524858
  -- 6 : 6 = -0.0140027
  -- 6 : 7 = 0.305787
  -- 6 : 8 = -0.163985
  -- 6 : 9 = 0.0746276
  -- 7 : 1 = 0.004699
  -- 7 : 2 = 0.293059
  -- 7 : 3 = 0.100246
  -- 7 : 4 = -0.351994
  -- 7 : 5 = 0.104181
  -- 7 : 6 = -0.192626
  -- 7 : 7 = 0.223051
  -- 7 : 8 = -0.412314
  -- 7 : 9 = 0.488641
  -- 8 : 1 = -0.258468
  -- 8 : 2 = 0.106735
  -- 8 : 3 = 0.167846
  -- 8 : 4 = -0.218348
  -- 8 : 5 = 0.0642541
  -- 8 : 6 = 0.0757293
  -- 8 : 7 = -0.014224
  -- 8 : 8 = 0.244752
  -- 8 : 9 = -0.327852
  -- 9 : 1 = -0.176714
  -- 9 : 2 = 0.0921467
  -- 9 : 3 = -0.0449872
  -- 9 : 4 = -0.136387
  -- 9 : 5 = 0.287723
  -- 9 : 6 = 0.175007
  -- 9 : 7 = -0.0352207
  -- 9 : 8 = -0.376237
  -- 9 : 9 = -0.444981
  -- 10 : 1 = 0.293871
  -- 10 : 2 = -0.161919
  -- 10 : 3 = -0.166178
  -- 10 : 4 = -0.415611
  -- 10 : 5 = -0.0673224
  -- 10 : 6 = 0.422838
  -- 10 : 7 = 0.22187
  -- 10 : 8 = -0.128788
  -- 10 : 9 = 0.0450018
  Inner Net 2
  -- 1 : 1 = -0.41581
  -- 1 : 2 = -0.240734
  -- 2 : 1 = -0.175574
  -- 2 : 2 = 0.0293222
  -- 3 : 1 = 0.312964
  -- 3 : 2 = -0.0638864
  -- 4 : 1 = 0.158573
  -- 4 : 2 = 0.145495
  -- 5 : 1 = 0.618042
  -- 5 : 2 = -0.0200647
  -- 6 : 1 = -0.0917609
  -- 6 : 2 = 0.126213
  -- 7 : 1 = -0.219871
  -- 7 : 2 = 0.338331
  -- 8 : 1 = -0.327147
  -- 8 : 2 = -0.0327164
  -- 9 : 1 = -0.125531
  -- 9 : 2 = 0.262515
Out\Act	False		True
False	0.239886	0.602094	0.84198
True	0.0190386	0.138981	0.15802
	0.258924	0.741076
	Accuracy [ (tp + tn) / testSize ]: 0.378867
	Precision [ tp / (tp + fp) ]:      0.18742
	Sensitivity [ tp / (tp + fn) ]:    0.876877
	Specificity [ tn / (tn + fp) ]:    0.284746
	F-Score [ 2tp / (2tp + fp + fn) ]: 0.308995
