
Date / Time: Thu Mar 30 17:45:43 2017

   ****************************************
   * PSO Neural Net (Gaussian Activation) *
   *       by William Boler, BSCE         *
   *     Research Assistant, IUPUI        *
   *                                      *
   *  Professor: Dr. Lauren Christopher   *
   *     Created: March 13, 2017          *
   ****************************************


Inputs: 10
Inner Nets: 1
 - 10
Tests per train(min): 10
Particles: 50
Neighbors: 10
Minimum Particle Iterations: 1000
Particle (0):: Fit: 15.6518	PB: 15.6518	LB: 15.6518	GB: 15.6518	Conf: 2	Pts: 110099
Particle (1):: Fit: 17.9671	PB: 17.9671	LB: 17.9671	GB: 17.9671	Conf: 2	Pts: 110099
Particle (2):: Fit: 24.292	PB: 24.292	LB: 24.292	GB: 24.292	Conf: 2	Pts: 110099
Particle (3):: Fit: 20.3107	PB: 20.3107	LB: 24.292	GB: 24.292	Conf: 1.23779	Pts: 55099
Particle (4):: Fit: 13.0782	PB: 13.0782	LB: 24.292	GB: 24.292	Conf: 1.89934	Pts: 55099
Particle (5):: Fit: 15.6518	PB: 15.6518	LB: 24.292	GB: 24.292	Conf: 2	Pts: 60099
Particle (6):: Fit: 10.4991	PB: 10.4991	LB: 24.292	GB: 24.292	Conf: 2	Pts: 55099
Particle (7):: Fit: 24.292	PB: 24.292	LB: 24.292	GB: 24.292	Conf: 2	Pts: 75099
Particle (8):: Fit: 20.1648	PB: 20.1648	LB: 24.292	GB: 24.292	Conf: 2	Pts: 55099
Particle (9):: Fit: 44.2341	PB: 44.2341	LB: 44.2341	GB: 44.2341	Conf: 0.968404	Pts: 110099
Particle (10):: Fit: 18.0675	PB: 18.0675	LB: 44.2341	GB: 44.2341	Conf: 1.65271	Pts: 55099
Particle (11):: Fit: 20.0942	PB: 20.0942	LB: 44.2341	GB: 44.2341	Conf: 1.51444	Pts: 60099
Particle (12):: Fit: 13.187	PB: 13.187	LB: 44.2341	GB: 44.2341	Conf: 2	Pts: 55099
Particle (13):: Fit: 18.0833	PB: 18.0833	LB: 44.2341	GB: 44.2341	Conf: 1.12647	Pts: 60099
Particle (14):: Fit: 13.187	PB: 13.187	LB: 20.0942	GB: 44.2341	Conf: 2	Pts: 55099
Particle (15):: Fit: 22.2665	PB: 22.2665	LB: 22.2665	GB: 44.2341	Conf: 2	Pts: 80099
Particle (16):: Fit: 35.0504	PB: 35.0504	LB: 35.0504	GB: 44.2341	Conf: 1.83631	Pts: 85099
Particle (17):: Fit: 20.1648	PB: 20.1648	LB: 35.0504	GB: 44.2341	Conf: 2	Pts: 55099
Particle (18):: Fit: 17.9671	PB: 17.9671	LB: 35.0504	GB: 44.2341	Conf: 2	Pts: 55099
Particle (19):: Fit: 17.9671	PB: 17.9671	LB: 35.0504	GB: 44.2341	Conf: 2	Pts: 55099
Particle (20):: Fit: 20.6331	PB: 20.6331	LB: 35.0504	GB: 44.2341	Conf: 0.263205	Pts: 70099
Particle (21):: Fit: 20.1648	PB: 20.1648	LB: 20.6331	GB: 44.2341	Conf: 2	Pts: 55099
Particle (22):: Fit: 5.75607	PB: 5.75607	LB: 20.6331	GB: 44.2341	Conf: 0.858853	Pts: 55099
Particle (23):: Fit: 17.9671	PB: 17.9671	LB: 20.6331	GB: 44.2341	Conf: 2	Pts: 60099
Particle (24):: Fit: 10.4991	PB: 10.4991	LB: 20.6331	GB: 44.2341	Conf: 2	Pts: 55099
Particle (25):: Fit: 7.34979	PB: 7.34979	LB: 20.1648	GB: 44.2341	Conf: 2	Pts: 55099
Particle (26):: Fit: 13.187	PB: 13.187	LB: 17.9671	GB: 44.2341	Conf: 2	Pts: 65099
Particle (27):: Fit: 5.03964	PB: 5.03964	LB: 17.9671	GB: 44.2341	Conf: 0.479824	Pts: 55099
Particle (28):: Fit: 10.4991	PB: 10.4991	LB: 13.187	GB: 44.2341	Conf: 2	Pts: 60099
Particle (29):: Fit: 20.6161	PB: 20.6161	LB: 20.6161	GB: 44.2341	Conf: 0.248434	Pts: 95099
Particle (30):: Fit: 50.389	PB: 50.389	LB: 50.389	GB: 50.389	Conf: 1.70504	Pts: 110099
Particle (31):: Fit: 15.6518	PB: 15.6518	LB: 50.389	GB: 50.389	Conf: 2	Pts: 55099
Particle (32):: Fit: 31.8517	PB: 31.8517	LB: 50.389	GB: 50.389	Conf: 1.44844	Pts: 60099
Particle (33):: Fit: 22.2665	PB: 22.2665	LB: 50.389	GB: 50.389	Conf: 2	Pts: 55099
Particle (34):: Fit: 18.0197	PB: 18.0197	LB: 50.389	GB: 50.389	Conf: 1.27951	Pts: 55099
Particle (35):: Fit: 39.8444	PB: 39.8444	LB: 39.8444	GB: 50.389	Conf: 1.66954	Pts: 75099
Particle (36):: Fit: 22.2665	PB: 22.2665	LB: 39.8444	GB: 50.389	Conf: 2	Pts: 55099
Particle (37):: Fit: 43.7736	PB: 43.7736	LB: 43.7736	GB: 50.389	Conf: 0.448918	Pts: 85099
Particle (38):: Fit: 17.9671	PB: 17.9671	LB: 43.7736	GB: 50.389	Conf: 2	Pts: 55099
Particle (39):: Fit: 13.187	PB: 13.187	LB: 43.7736	GB: 50.389	Conf: 2	Pts: 55099
Particle (40):: Fit: 31.4775	PB: 31.4775	LB: 43.7736	GB: 50.389	Conf: 0.978306	Pts: 65099
Particle (41):: Fit: 20.1648	PB: 20.1648	LB: 43.7736	GB: 50.389	Conf: 2	Pts: 55099
Particle (42):: Fit: 13.187	PB: 13.187	LB: 31.4775	GB: 50.389	Conf: 2	Pts: 50099
Particle (43):: Fit: 18.0019	PB: 18.0019	LB: 31.4775	GB: 50.389	Conf: 1.85375	Pts: 55099
Particle (44):: Fit: 13.187	PB: 13.187	LB: 31.4775	GB: 50.389	Conf: 2	Pts: 50099
Particle (45):: Fit: 22.372	PB: 22.372	LB: 22.372	GB: 50.389	Conf: 1.14222	Pts: 60099
Particle (46):: Fit: 10.3755	PB: 10.3755	LB: 22.372	GB: 50.389	Conf: 1.81736	Pts: 50099
Particle (47):: Fit: 17.8311	PB: 17.8311	LB: 24.292	GB: 50.389	Conf: 1.60004	Pts: 50099
Particle (48):: Fit: 20.7982	PB: 20.7982	LB: 24.292	GB: 50.389	Conf: 0.649358	Pts: 50099
Particle (49):: Fit: 17.9882	PB: 17.9882	LB: 24.292	GB: 50.389	Conf: 1.61286	Pts: 50099
Global: 50.389 - Correct: 50% of 10 tests
Global Best: 
  Inner Net 1
  -- 1 : 1 = 0.5126
  -- 1 : 2 = 0.8444
  -- 1 : 3 = 0.1978
  -- 1 : 4 = 0.8707
  -- 1 : 5 = 0.0605
  -- 1 : 6 = 0.4492
  -- 1 : 7 = 0.4202
  -- 1 : 8 = 0.7189
  -- 1 : 9 = 0.0208
  -- 1 : 10 = 0.8727
  -- 2 : 1 = 0.9489
  -- 2 : 2 = 0.903
  -- 2 : 3 = 0.9577
  -- 2 : 4 = 0.4538
  -- 2 : 5 = 0.836
  -- 2 : 6 = 0.2878
  -- 2 : 7 = 0.9326
  -- 2 : 8 = 0.804
  -- 2 : 9 = 0.0361
  -- 2 : 10 = 0.5404
  -- 3 : 1 = 0.1409
  -- 3 : 2 = 0.0458
  -- 3 : 3 = 0.7558
  -- 3 : 4 = 0.617
  -- 3 : 5 = 0.178
  -- 3 : 6 = 0.9158
  -- 3 : 7 = 0.2557
  -- 3 : 8 = 0.7664
  -- 3 : 9 = 0.0769
  -- 3 : 10 = 0.7236
  -- 4 : 1 = 0.1115
  -- 4 : 2 = 0.54
  -- 4 : 3 = 0.4953
  -- 4 : 4 = 0.7692
  -- 4 : 5 = 0.0254
  -- 4 : 6 = 0.1506
  -- 4 : 7 = 0.2859
  -- 4 : 8 = 0.8116
  -- 4 : 9 = 0.6415
  -- 4 : 10 = 0.7321
  -- 5 : 1 = 0.7831
  -- 5 : 2 = 0.1705
  -- 5 : 3 = 0.8832
  -- 5 : 4 = 0.9942
  -- 5 : 5 = 0.5476
  -- 5 : 6 = 0.1355
  -- 5 : 7 = 0.5618
  -- 5 : 8 = 0.1012
  -- 5 : 9 = 0.9919
  -- 5 : 10 = 0.9263
  -- 6 : 1 = 0.5435
  -- 6 : 2 = 0.7331
  -- 6 : 3 = 0.5397
  -- 6 : 4 = 0.0895
  -- 6 : 5 = 0.1141
  -- 6 : 6 = 0.2481
  -- 6 : 7 = 0.509
  -- 6 : 8 = 0.41
  -- 6 : 9 = 0.1082
  -- 6 : 10 = 0.6885
  -- 7 : 1 = 0.5867
  -- 7 : 2 = 0.9607
  -- 7 : 3 = 0.1631
  -- 7 : 4 = 0.0606
  -- 7 : 5 = 0.3785
  -- 7 : 6 = 0.69
  -- 7 : 7 = 0.2191
  -- 7 : 8 = 0.5036
  -- 7 : 9 = 0.3943
  -- 7 : 10 = 0.048
  -- 8 : 1 = 0.7338
  -- 8 : 2 = 0.5021
  -- 8 : 3 = 0.7822
  -- 8 : 4 = 0.7452
  -- 8 : 5 = 0.1949
  -- 8 : 6 = 0.6059
  -- 8 : 7 = 0.3407
  -- 8 : 8 = 0.1274
  -- 8 : 9 = 0.9812
  -- 8 : 10 = 0.6852
  -- 9 : 1 = 0.1857
  -- 9 : 2 = 0.752
  -- 9 : 3 = 0.0653
  -- 9 : 4 = 0.1866
  -- 9 : 5 = 0.7531
  -- 9 : 6 = 0.4524
  -- 9 : 7 = 0.9934
  -- 9 : 8 = 0.2027
  -- 9 : 9 = 0.8084
  -- 9 : 10 = 0.6726
  -- 10 : 1 = 0.3578
  -- 10 : 2 = 0.482
  -- 10 : 3 = 0.0185
  -- 10 : 4 = 0.9308
  -- 10 : 5 = 0.8576
  -- 10 : 6 = 0.9138
  -- 10 : 7 = 0.7583
  -- 10 : 8 = 0.1913
  -- 10 : 9 = 0.7812
  -- 10 : 10 = 0.4025
  Inner Net 2
  -- 1 : 1 = 0.0098
  -- 1 : 2 = -0.227203
  -- 2 : 1 = -0.00429235
  -- 2 : 2 = -0.2991
  -- 3 : 1 = 0.0133388
  -- 3 : 2 = -0.208
  -- 4 : 1 = 0.3945
  -- 4 : 2 = -0.0763489
  -- 5 : 1 = -0.21681
  -- 5 : 2 = -0.102944
  -- 6 : 1 = 0.3196
  -- 6 : 2 = 0.075
  -- 7 : 1 = -0.0101132
  -- 7 : 2 = -0.3172
  -- 8 : 1 = 0.4927
  -- 8 : 2 = 0.1536
  -- 9 : 1 = -0.0567455
  -- 9 : 2 = 0.2176
  -- 10 : 1 = 0.1328
  -- 10 : 2 = 0.4218
Out\Act	False		True
False	0.841504	0.000475964	0.84198
True	0.157068	0.000951928	0.15802
	0.998572	0.00142789
	Accuracy [ (tp + tn) / testSize ]: 0.842456
	Precision [ tp / (tp + fp) ]:      0.5
	Sensitivity [ tp / (tp + fn) ]:    0.00600601
	Specificity [ tn / (tn + fp) ]:    0.99887
	F-Score [ 2tp / (2tp + fp + fn) ]: 0.0119048
Particle (0):: Fit: 22.2665	PB: 22.2665	LB: 24.292	GB: 50.389	Conf: 2	Pts: 110198
Particle (4):: Fit: 15.4829	PB: 15.4829	LB: 44.2341	GB: 50.389	Conf: 1.85781	Pts: 55198
Particle (5):: Fit: 20.1648	PB: 20.1648	LB: 44.2341	GB: 50.389	Conf: 2	Pts: 60198
Particle (6):: Fit: 15.6518	PB: 15.6518	LB: 44.2341	GB: 50.389	Conf: 2	Pts: 55198
Particle (8):: Fit: 24.292	PB: 24.292	LB: 44.2341	GB: 50.389	Conf: 2	Pts: 55198
Particle (10):: Fit: 43.3401	PB: 43.3401	LB: 44.2341	GB: 50.389	Conf: 1.64171	Pts: 60198
Particle (11):: Fit: 31.0965	PB: 31.0965	LB: 44.2341	GB: 50.389	Conf: 1.25387	Pts: 60198
Particle (12):: Fit: 20.1648	PB: 20.1648	LB: 44.2341	GB: 50.389	Conf: 2	Pts: 55198
Particle (14):: Fit: 17.9671	PB: 17.9671	LB: 43.3401	GB: 50.389	Conf: 2	Pts: 55198
Particle (17):: Fit: 26.2589	PB: 26.2589	LB: 35.0504	GB: 50.389	Conf: 2	Pts: 60198
Particle (19):: Fit: 20.1648	PB: 20.1648	LB: 35.0504	GB: 50.389	Conf: 2	Pts: 55198
Particle (22):: Fit: 6.54818	PB: 6.54818	LB: 20.6331	GB: 50.389	Conf: 0.507108	Pts: 55198
Particle (24):: Fit: 15.6518	PB: 15.6518	LB: 20.6331	GB: 50.389	Conf: 2	Pts: 55198
Particle (25):: Fit: 13.187	PB: 13.187	LB: 50.389	GB: 50.389	Conf: 2	Pts: 55198
Particle (26):: Fit: 17.9671	PB: 17.9671	LB: 50.389	GB: 50.389	Conf: 2	Pts: 65198
Particle (27):: Fit: 18.3207	PB: 18.3207	LB: 50.389	GB: 50.389	Conf: 0.620609	Pts: 55197
Particle (28):: Fit: 17.9671	PB: 17.9671	LB: 50.389	GB: 50.389	Conf: 2	Pts: 60198
Particle (29):: Fit: 32.4911	PB: 32.4911	LB: 50.389	GB: 50.389	Conf: 0.544095	Pts: 100198
Particle (31):: Fit: 24.292	PB: 24.292	LB: 50.389	GB: 50.389	Conf: 2	Pts: 55198
Particle (34):: Fit: 49.0136	PB: 49.0136	LB: 50.389	GB: 50.389	Conf: 1.66648	Pts: 75198
Particle (35):: Fit: 43.1639	PB: 43.1639	LB: 49.0136	GB: 50.389	Conf: 1.57066	Pts: 75198
Particle (38):: Fit: 26.2589	PB: 26.2589	LB: 49.0136	GB: 50.389	Conf: 2	Pts: 55198
Particle (39):: Fit: 22.2665	PB: 22.2665	LB: 43.7736	GB: 50.389	Conf: 2	Pts: 55198
Particle (42):: Fit: 17.9671	PB: 17.9671	LB: 31.4775	GB: 50.389	Conf: 2	Pts: 50198
Particle (44):: Fit: 40.2579	PB: 40.2579	LB: 40.2579	GB: 50.389	Conf: 1.86414	Pts: 85198
Particle (46):: Fit: 12.8448	PB: 12.8448	LB: 40.2579	GB: 50.389	Conf: 1.81128	Pts: 50198
Particle (49):: Fit: 45.1039	PB: 45.1039	LB: 45.1039	GB: 50.389	Conf: 1.87334	Pts: 100198
Particle (1):: Fit: 20.1648	PB: 20.1648	LB: 45.1039	GB: 50.389	Conf: 2	Pts: 110197
Particle (3):: Fit: 48.6103	PB: 48.6103	LB: 48.6103	GB: 50.389	Conf: 1.40792	Pts: 105197
Particle (4):: Fit: 22.4551	PB: 22.4551	LB: 48.6103	GB: 50.389	Conf: 1.84269	Pts: 55297
Particle (5):: Fit: 35.1311	PB: 35.1311	LB: 48.6103	GB: 50.389	Conf: 1.87438	Pts: 60297
Particle (6):: Fit: 22.2665	PB: 22.2665	LB: 48.6103	GB: 50.389	Conf: 2	Pts: 55297
Particle (9):: Fit: 50.4259	PB: 50.4259	LB: 50.4259	GB: 50.4259	Conf: 1.1043	Pts: 170197
Particle (12):: Fit: 22.2665	PB: 22.2665	LB: 50.4259	GB: 50.4259	Conf: 2	Pts: 55297
Particle (13):: Fit: 50.3883	PB: 50.3883	LB: 50.4259	GB: 50.4259	Conf: 1.13059	Pts: 80197
Particle (21):: Fit: 20.4472	PB: 20.4472	LB: 26.2589	GB: 50.4259	Conf: 1.80006	Pts: 55197
Particle (24):: Fit: 24.292	PB: 24.292	LB: 32.4911	GB: 50.4259	Conf: 2	Pts: 65297
Particle (25):: Fit: 20.1648	PB: 20.1648	LB: 50.389	GB: 50.4259	Conf: 2	Pts: 55297
Particle (27):: Fit: 20.6982	PB: 20.6982	LB: 50.389	GB: 50.4259	Conf: 0.330322	Pts: 55296
Particle (31):: Fit: 26.2589	PB: 26.2589	LB: 50.389	GB: 50.4259	Conf: 2	Pts: 55297
Particle (32):: Fit: 31.9972	PB: 31.9972	LB: 50.389	GB: 50.4259	Conf: 1.26556	Pts: 60197
Particle (33):: Fit: 43.9962	PB: 43.9962	LB: 50.389	GB: 50.4259	Conf: 1.54643	Pts: 55197
Particle (41):: Fit: 43.4072	PB: 43.4072	LB: 43.7736	GB: 50.4259	Conf: 1.6901	Pts: 65197
Particle (42):: Fit: 24.292	PB: 24.292	LB: 43.4072	GB: 50.4259	Conf: 2	Pts: 50297
Particle (43):: Fit: 20.1648	PB: 20.1648	LB: 43.4072	GB: 50.4259	Conf: 2	Pts: 55197
Particle (46):: Fit: 15.5648	PB: 15.5648	LB: 45.1039	GB: 50.4259	Conf: 1.8818	Pts: 50297
Global: 50.4259 - Correct: 40% of 10 tests
Global Best: 
  Inner Net 1
  -- 1 : 1 = 0.2494
  -- 1 : 2 = 0.1438
  -- 1 : 3 = 0.1978
  -- 1 : 4 = 0.9744
  -- 1 : 5 = 0.2927
  -- 1 : 6 = 0.0241
  -- 1 : 7 = 0.9816
  -- 1 : 8 = 0.0426
  -- 1 : 9 = 0.3621
  -- 1 : 10 = 0.0292
  -- 2 : 1 = 0.4978
  -- 2 : 2 = 0.6004
  -- 2 : 3 = 0.2668
  -- 2 : 4 = 0.549
  -- 2 : 5 = 0.9941
  -- 2 : 6 = 0.2281
  -- 2 : 7 = 0.8272
  -- 2 : 8 = 0.4146
  -- 2 : 9 = 0.3976
  -- 2 : 10 = 0.6452
  -- 3 : 1 = 0.4229
  -- 3 : 2 = 0.067
  -- 3 : 3 = 0.0721
  -- 3 : 4 = 0.8929
  -- 3 : 5 = 0.5543
  -- 3 : 6 = 0.3251
  -- 3 : 7 = 0.0074
  -- 3 : 8 = 0.9618
  -- 3 : 9 = 0.0078
  -- 3 : 10 = 0.8084
  -- 4 : 1 = 0.0453
  -- 4 : 2 = 0.6307
  -- 4 : 3 = 0.218
  -- 4 : 4 = 0.9844
  -- 4 : 5 = 0.8494
  -- 4 : 6 = 0.9216
  -- 4 : 7 = 0.1209
  -- 4 : 8 = 0.0003
  -- 4 : 9 = 0.6705
  -- 4 : 10 = 0.5349
  -- 5 : 1 = 0.7878
  -- 5 : 2 = 0.6105
  -- 5 : 3 = 0.0603
  -- 5 : 4 = 0.2869
  -- 5 : 5 = 0.2689
  -- 5 : 6 = 0.3585
  -- 5 : 7 = 0.9253
  -- 5 : 8 = 0.9135
  -- 5 : 9 = 0.7841
  -- 5 : 10 = 0.0488
  -- 6 : 1 = 0.2862
  -- 6 : 2 = 0.1534
  -- 6 : 3 = 0.4755
  -- 6 : 4 = 0.9878
  -- 6 : 5 = 0.4136
  -- 6 : 6 = 0.2448
  -- 6 : 7 = 0.0108
  -- 6 : 8 = 0.2171
  -- 6 : 9 = 0.4279
  -- 6 : 10 = 0.0874
  -- 7 : 1 = 0.6544
  -- 7 : 2 = 0.0318
  -- 7 : 3 = 0.8181
  -- 7 : 4 = 0.5418
  -- 7 : 5 = 0.077
  -- 7 : 6 = 0.5138
  -- 7 : 7 = 0.8009
  -- 7 : 8 = 0.4413
  -- 7 : 9 = 0.7084
  -- 7 : 10 = 0.5003
  -- 8 : 1 = 0.4008
  -- 8 : 2 = 0.0194
  -- 8 : 3 = 0.1185
  -- 8 : 4 = 0.5728
  -- 8 : 5 = 0.8077
  -- 8 : 6 = 0.203
  -- 8 : 7 = 0.9986
  -- 8 : 8 = 0.9072
  -- 8 : 9 = 0.1062
  -- 8 : 10 = 0.2785
  -- 9 : 1 = 0.523
  -- 9 : 2 = 0.3834
  -- 9 : 3 = 0.9791
  -- 9 : 4 = 0.4073
  -- 9 : 5 = 0.8157
  -- 9 : 6 = 0.3639
  -- 9 : 7 = 0.7731
  -- 9 : 8 = 0.3462
  -- 9 : 9 = 0.8095
  -- 9 : 10 = 0.8651
  -- 10 : 1 = 0.4031
  -- 10 : 2 = 0.1885
  -- 10 : 3 = 0.392
  -- 10 : 4 = 0.4204
  -- 10 : 5 = 0.8873
  -- 10 : 6 = 0.5713
  -- 10 : 7 = 0.5567
  -- 10 : 8 = 0.0834
  -- 10 : 9 = 0.7553
  -- 10 : 10 = 0.5199
  Inner Net 2
  -- 1 : 1 = -0.0450937
  -- 1 : 2 = 0.157306
  -- 2 : 1 = -0.0703626
  -- 2 : 2 = -0.327899
  -- 3 : 1 = 0.512572
  -- 3 : 2 = 0.1433
  -- 4 : 1 = 0.621468
  -- 4 : 2 = -0.00883112
  -- 5 : 1 = 0.496204
  -- 5 : 2 = -0.28099
  -- 6 : 1 = 0.531435
  -- 6 : 2 = 0.141954
  -- 7 : 1 = 0.0317314
  -- 7 : 2 = 0.3944
  -- 8 : 1 = 0.201897
  -- 8 : 2 = 0.14724
  -- 9 : 1 = -0.000652712
  -- 9 : 2 = 0.3698
  -- 10 : 1 = 0.292548
  -- 10 : 2 = -0.145372
Out\Act	False		True
False	0.84198	0	0.84198
True	0.15802	0	0.15802
	1	0
	Accuracy [ (tp + tn) / testSize ]: 0.84198
	Precision [ tp / (tp + fp) ]:      0
	Sensitivity [ tp / (tp + fn) ]:    0
	Specificity [ tn / (tn + fp) ]:    0.999435
	F-Score [ 2tp / (2tp + fp + fn) ]: 0
Particle (1):: Fit: 22.2665	PB: 22.2665	LB: 48.6103	GB: 50.4259	Conf: 2	Pts: 110296
Particle (4):: Fit: 40.4662	PB: 40.4662	LB: 50.4259	GB: 50.4259	Conf: 1.62409	Pts: 55396
Particle (11):: Fit: 53.9069	PB: 53.9069	LB: 53.9069	GB: 53.9069	Conf: 1.26868	Pts: 120296
Particle (22):: Fit: 18.2363	PB: 18.2363	LB: 24.292	GB: 53.9069	Conf: 0.21605	Pts: 55296
Particle (23):: Fit: 24.292	PB: 24.292	LB: 24.292	GB: 53.9069	Conf: 2	Pts: 60196
Particle (29):: Fit: 39.9847	PB: 39.9847	LB: 50.389	GB: 53.9069	Conf: 1.139	Pts: 105296
Particle (32):: Fit: 43.3752	PB: 43.3752	LB: 50.389	GB: 53.9069	Conf: 1.18285	Pts: 60296
Particle (40):: Fit: 32.4794	PB: 32.4794	LB: 43.7736	GB: 53.9069	Conf: 0.41893	Pts: 65196
Particle (45):: Fit: 30.8187	PB: 30.8187	LB: 45.1039	GB: 53.9069	Conf: 0.907518	Pts: 60196
Particle (46):: Fit: 15.6518	PB: 15.6518	LB: 45.1039	GB: 53.9069	Conf: 2	Pts: 50396
Global: 53.9069 - Correct: 50% of 10 tests
Global Best: 
  Inner Net 1
  -- 1 : 1 = 0.4808
  -- 1 : 2 = 0.348
  -- 1 : 3 = 0.1892
  -- 1 : 4 = 0.7814
  -- 1 : 5 = 0.5145
  -- 1 : 6 = 0.3606
  -- 1 : 7 = 0.3248
  -- 1 : 8 = 0.7554
  -- 1 : 9 = 0.319
  -- 1 : 10 = 0.5634
  -- 2 : 1 = 0.3306
  -- 2 : 2 = 0.2939
  -- 2 : 3 = 0.1627
  -- 2 : 4 = 0.7664
  -- 2 : 5 = 0.3351
  -- 2 : 6 = 0.822
  -- 2 : 7 = 0.5913
  -- 2 : 8 = 0.3566
  -- 2 : 9 = 0.2524
  -- 2 : 10 = 0.0558
  -- 3 : 1 = 0.1687
  -- 3 : 2 = 0.9133
  -- 3 : 3 = 0.5561
  -- 3 : 4 = 0.918
  -- 3 : 5 = 0.2866
  -- 3 : 6 = 0.1424
  -- 3 : 7 = 0.7379
  -- 3 : 8 = 0.743
  -- 3 : 9 = 0.7671
  -- 3 : 10 = 0.8643
  -- 4 : 1 = 0.0086
  -- 4 : 2 = 0.3066
  -- 4 : 3 = 0.8675
  -- 4 : 4 = 0.6845
  -- 4 : 5 = 0.8251
  -- 4 : 6 = 0.8687
  -- 4 : 7 = 0.2601
  -- 4 : 8 = 0.9112
  -- 4 : 9 = 0.9271
  -- 4 : 10 = 0.3204
  -- 5 : 1 = 0.1507
  -- 5 : 2 = 0.8401
  -- 5 : 3 = 0.2356
  -- 5 : 4 = 0.4969
  -- 5 : 5 = 0.814
  -- 5 : 6 = 0.0331
  -- 5 : 7 = 0.2964
  -- 5 : 8 = 0.5964
  -- 5 : 9 = 0.4046
  -- 5 : 10 = 0.8825
  -- 6 : 1 = 0.5747
  -- 6 : 2 = 0.1511
  -- 6 : 3 = 0.9656
  -- 6 : 4 = 0.638
  -- 6 : 5 = 0.2684
  -- 6 : 6 = 0.0423
  -- 6 : 7 = 0.2178
  -- 6 : 8 = 0.2345
  -- 6 : 9 = 0.6862
  -- 6 : 10 = 0.624
  -- 7 : 1 = 0.9603
  -- 7 : 2 = 0.1167
  -- 7 : 3 = 0.6257
  -- 7 : 4 = 0.3824
  -- 7 : 5 = 0.5235
  -- 7 : 6 = 0.8871
  -- 7 : 7 = 0.5652
  -- 7 : 8 = 0.2594
  -- 7 : 9 = 0.0781
  -- 7 : 10 = 0.1901
  -- 8 : 1 = 0.9096
  -- 8 : 2 = 0.0051
  -- 8 : 3 = 0.3943
  -- 8 : 4 = 0.675
  -- 8 : 5 = 0.6387
  -- 8 : 6 = 0.473
  -- 8 : 7 = 0.2373
  -- 8 : 8 = 0.0498
  -- 8 : 9 = 0.1502
  -- 8 : 10 = 0.6051
  -- 9 : 1 = 0.841
  -- 9 : 2 = 0.7916
  -- 9 : 3 = 0.2207
  -- 9 : 4 = 0.8541
  -- 9 : 5 = 0.1393
  -- 9 : 6 = 0.1408
  -- 9 : 7 = 0.643
  -- 9 : 8 = 0.8501
  -- 9 : 9 = 0.0876
  -- 9 : 10 = 0.0533
  -- 10 : 1 = 0.3986
  -- 10 : 2 = 0.613
  -- 10 : 3 = 0.5226
  -- 10 : 4 = 0.0138
  -- 10 : 5 = 0.222
  -- 10 : 6 = 0.1186
  -- 10 : 7 = 0.019
  -- 10 : 8 = 0.3406
  -- 10 : 9 = 0.6279
  -- 10 : 10 = 0.1173
  Inner Net 2
  -- 1 : 1 = -0.12963
  -- 1 : 2 = 0.0599957
  -- 2 : 1 = -0.0913909
  -- 2 : 2 = 0.113595
  -- 3 : 1 = 0.184813
  -- 3 : 2 = 0.0976425
  -- 4 : 1 = 0.314463
  -- 4 : 2 = -0.371788
  -- 5 : 1 = 0.122743
  -- 5 : 2 = 0.190765
  -- 6 : 1 = 0.734666
  -- 6 : 2 = 0.246546
  -- 7 : 1 = 0.0263089
  -- 7 : 2 = 0.12257
  -- 8 : 1 = 0.127789
  -- 8 : 2 = -0.416957
  -- 9 : 1 = 0.0222054
  -- 9 : 2 = 0.0128042
  -- 10 : 1 = -0.0607795
  -- 10 : 2 = -0.213576
Out\Act	False		True
False	0.84198	0	0.84198
True	0.15802	0	0.15802
	1	0
	Accuracy [ (tp + tn) / testSize ]: 0.84198
	Precision [ tp / (tp + fp) ]:      0
	Sensitivity [ tp / (tp + fn) ]:    0
	Specificity [ tn / (tn + fp) ]:    0.999435
	F-Score [ 2tp / (2tp + fp + fn) ]: 0
Particle (13):: Fit: 54.4934	PB: 54.4934	LB: 54.4934	GB: 54.4934	Conf: 1.21043	Pts: 140295
Particle (14):: Fit: 20.1648	PB: 20.1648	LB: 54.4934	GB: 54.4934	Conf: 2	Pts: 55295
Particle (16):: Fit: 49.4957	PB: 49.4957	LB: 54.4934	GB: 54.4934	Conf: 1.82987	Pts: 100195
Particle (24):: Fit: 35.1377	PB: 35.1377	LB: 39.9847	GB: 54.4934	Conf: 1.88095	Pts: 80395
Particle (26):: Fit: 20.1648	PB: 20.1648	LB: 50.389	GB: 54.4934	Conf: 2	Pts: 65295
Particle (27):: Fit: 31.4138	PB: 31.4138	LB: 50.389	GB: 54.4934	Conf: 0.577427	Pts: 55393
Particle (33):: Fit: 49.9903	PB: 49.9903	LB: 50.389	GB: 54.4934	Conf: 1.67311	Pts: 70295
Particle (46):: Fit: 15.7183	PB: 15.7183	LB: 45.1039	GB: 54.4934	Conf: 1.84868	Pts: 50495
Global: 54.4934 - Correct: 50% of 10 tests
Global Best: 
  Inner Net 1
  -- 1 : 1 = 0.9382
  -- 1 : 2 = 0.5125
  -- 1 : 3 = 0.1927
  -- 1 : 4 = 0.9589
  -- 1 : 5 = 0.9821
  -- 1 : 6 = 0.528
  -- 1 : 7 = 0.4487
  -- 1 : 8 = 0.1136
  -- 1 : 9 = 0.4631
  -- 1 : 10 = 0.1885
  -- 2 : 1 = 0.6778
  -- 2 : 2 = 0.1674
  -- 2 : 3 = 0.2647
  -- 2 : 4 = 0.4902
  -- 2 : 5 = 0.4208
  -- 2 : 6 = 0.1355
  -- 2 : 7 = 0.0816
  -- 2 : 8 = 0.5954
  -- 2 : 9 = 0.0905
  -- 2 : 10 = 0.7485
  -- 3 : 1 = 0.1178
  -- 3 : 2 = 0.3623
  -- 3 : 3 = 0.464
  -- 3 : 4 = 0.1224
  -- 3 : 5 = 0.5512
  -- 3 : 6 = 0.192
  -- 3 : 7 = 0.4325
  -- 3 : 8 = 0.9038
  -- 3 : 9 = 0.5495
  -- 3 : 10 = 0.1742
  -- 4 : 1 = 0.9855
  -- 4 : 2 = 0.4665
  -- 4 : 3 = 0.7273
  -- 4 : 4 = 0.9587
  -- 4 : 5 = 0.2722
  -- 4 : 6 = 0.0129
  -- 4 : 7 = 0.1043
  -- 4 : 8 = 0.1181
  -- 4 : 9 = 0.8701
  -- 4 : 10 = 0.069
  -- 5 : 1 = 0.6868
  -- 5 : 2 = 0.3232
  -- 5 : 3 = 0.1847
  -- 5 : 4 = 0.0365
  -- 5 : 5 = 0.6711
  -- 5 : 6 = 0.0167
  -- 5 : 7 = 0.3052
  -- 5 : 8 = 0.971
  -- 5 : 9 = 0.113
  -- 5 : 10 = 0.8332
  -- 6 : 1 = 0.749
  -- 6 : 2 = 0.4814
  -- 6 : 3 = 0.3392
  -- 6 : 4 = 0.6934
  -- 6 : 5 = 0.5473
  -- 6 : 6 = 0.2234
  -- 6 : 7 = 0.73
  -- 6 : 8 = 0.4547
  -- 6 : 9 = 0.4674
  -- 6 : 10 = 0.5156
  -- 7 : 1 = 0.0255
  -- 7 : 2 = 0.5366
  -- 7 : 3 = 0.1206
  -- 7 : 4 = 0.3368
  -- 7 : 5 = 0.5692
  -- 7 : 6 = 0.7874
  -- 7 : 7 = 0.4123
  -- 7 : 8 = 0.645
  -- 7 : 9 = 0.1498
  -- 7 : 10 = 0.3048
  -- 8 : 1 = 0.2955
  -- 8 : 2 = 0.587
  -- 8 : 3 = 0.9458
  -- 8 : 4 = 0.1821
  -- 8 : 5 = 0.4741
  -- 8 : 6 = 0.416
  -- 8 : 7 = 0.9738
  -- 8 : 8 = 0.2336
  -- 8 : 9 = 0.3824
  -- 8 : 10 = 0.0069
  -- 9 : 1 = 0.2056
  -- 9 : 2 = 0.2219
  -- 9 : 3 = 0.2109
  -- 9 : 4 = 0.4201
  -- 9 : 5 = 0.2027
  -- 9 : 6 = 0.3207
  -- 9 : 7 = 0.8605
  -- 9 : 8 = 0.449
  -- 9 : 9 = 0.3062
  -- 9 : 10 = 0.0421
  -- 10 : 1 = 0.3619
  -- 10 : 2 = 0.3693
  -- 10 : 3 = 0.867
  -- 10 : 4 = 0.4218
  -- 10 : 5 = 0.3835
  -- 10 : 6 = 0.2896
  -- 10 : 7 = 0.3207
  -- 10 : 8 = 0.9706
  -- 10 : 9 = 0.0698
  -- 10 : 10 = 0.4736
  Inner Net 2
  -- 1 : 1 = -0.37545
  -- 1 : 2 = -0.109105
  -- 2 : 1 = -0.0628489
  -- 2 : 2 = -0.106967
  -- 3 : 1 = 0.465195
  -- 3 : 2 = -0.115336
  -- 4 : 1 = 0.709634
  -- 4 : 2 = -0.210992
  -- 5 : 1 = 0.00779851
  -- 5 : 2 = 0.22123
  -- 6 : 1 = 0.803972
  -- 6 : 2 = 0.104066
  -- 7 : 1 = -0.116285
  -- 7 : 2 = -0.109087
  -- 8 : 1 = 0.135954
  -- 8 : 2 = -0.299982
  -- 9 : 1 = -0.108058
  -- 9 : 2 = -0.0292954
  -- 10 : 1 = 0.0125548
  -- 10 : 2 = 0.447785
Out\Act	False		True
False	0.838648	0.00333175	0.84198
True	0.15802	0	0.15802
	0.996668	0.00333175
	Accuracy [ (tp + tn) / testSize ]: 0.838648
	Precision [ tp / (tp + fp) ]:      0
	Sensitivity [ tp / (tp + fn) ]:    0
	Specificity [ tn / (tn + fp) ]:    0.99548
	F-Score [ 2tp / (2tp + fp + fn) ]: 0
Particle (4):: Fit: 40.5303	PB: 40.5303	LB: 50.4259	GB: 54.4934	Conf: 1.74685	Pts: 55494
Particle (24):: Fit: 53.9729	PB: 53.9729	LB: 53.9729	GB: 54.4934	Conf: 1.84665	Pts: 130494
Particle (28):: Fit: 22.2665	PB: 22.2665	LB: 53.9729	GB: 54.4934	Conf: 2	Pts: 60294
Particle (46):: Fit: 45.0318	PB: 45.0318	LB: 45.1039	GB: 54.4934	Conf: 1.84964	Pts: 65594
Particle (14):: Fit: 24.292	PB: 24.292	LB: 54.4934	GB: 54.4934	Conf: 2	Pts: 55393
Particle (15):: Fit: 24.292	PB: 24.292	LB: 54.4934	GB: 54.4934	Conf: 2	Pts: 80193
Particle (18):: Fit: 20.1648	PB: 20.1648	LB: 49.4957	GB: 54.4934	Conf: 2	Pts: 55193
Particle (37):: Fit: 45.8641	PB: 45.8641	LB: 49.9903	GB: 54.4934	Conf: 1.26938	Pts: 100193
Particle (40):: Fit: 54.8745	PB: 54.8745	LB: 54.8745	GB: 54.8745	Conf: 0.585506	Pts: 125293
Particle (46):: Fit: 54.3382	PB: 54.3382	LB: 54.3382	GB: 54.8745	Conf: 1.67891	Pts: 95693
Particle (47):: Fit: 22.2665	PB: 22.2665	LB: 54.3382	GB: 54.8745	Conf: 2	Pts: 50193
Global: 54.8745 - Correct: 60% of 10 tests
Global Best: 
  Inner Net 1
  -- 1 : 1 = 0.2728
  -- 1 : 2 = 0.7108
  -- 1 : 3 = 0.5974
  -- 1 : 4 = 0.2659
  -- 1 : 5 = 0.2319
  -- 1 : 6 = 0.8659
  -- 1 : 7 = 0.2388
  -- 1 : 8 = 0.8134
  -- 1 : 9 = 0.7533
  -- 1 : 10 = 0.9029
  -- 2 : 1 = 0.2417
  -- 2 : 2 = 0.4754
  -- 2 : 3 = 0.1455
  -- 2 : 4 = 0.5723
  -- 2 : 5 = 0.3067
  -- 2 : 6 = 0.8876
  -- 2 : 7 = 0.4983
  -- 2 : 8 = 0.3595
  -- 2 : 9 = 0.1364
  -- 2 : 10 = 0.8287
  -- 3 : 1 = 0.1608
  -- 3 : 2 = 0.6768
  -- 3 : 3 = 0.2901
  -- 3 : 4 = 0.2527
  -- 3 : 5 = 0.9234
  -- 3 : 6 = 0.1891
  -- 3 : 7 = 0.2114
  -- 3 : 8 = 0.7055
  -- 3 : 9 = 0.0766
  -- 3 : 10 = 0.8623
  -- 4 : 1 = 0.0687
  -- 4 : 2 = 0.2931
  -- 4 : 3 = 0.7404
  -- 4 : 4 = 0.1681
  -- 4 : 5 = 0.9731
  -- 4 : 6 = 0.3576
  -- 4 : 7 = 0.0378
  -- 4 : 8 = 0.0367
  -- 4 : 9 = 0.214
  -- 4 : 10 = 0.0899
  -- 5 : 1 = 0.5353
  -- 5 : 2 = 0.4364
  -- 5 : 3 = 0.2468
  -- 5 : 4 = 0.2983
  -- 5 : 5 = 0.2619
  -- 5 : 6 = 0.8937
  -- 5 : 7 = 0.8403
  -- 5 : 8 = 0.8219
  -- 5 : 9 = 0.9023
  -- 5 : 10 = 0.0493
  -- 6 : 1 = 0.5204
  -- 6 : 2 = 0.9931
  -- 6 : 3 = 0.5184
  -- 6 : 4 = 0.1783
  -- 6 : 5 = 0.8252
  -- 6 : 6 = 0.6845
  -- 6 : 7 = 0.2874
  -- 6 : 8 = 0.3859
  -- 6 : 9 = 0.8905
  -- 6 : 10 = 0.0679
  -- 7 : 1 = 0.7823
  -- 7 : 2 = 0.0684
  -- 7 : 3 = 0.2663
  -- 7 : 4 = 0.7264
  -- 7 : 5 = 0.6649
  -- 7 : 6 = 0.9042
  -- 7 : 7 = 0.1177
  -- 7 : 8 = 0.0964
  -- 7 : 9 = 0.4881
  -- 7 : 10 = 0.1964
  -- 8 : 1 = 0.5205
  -- 8 : 2 = 0.8636
  -- 8 : 3 = 0.2
  -- 8 : 4 = 0.9839
  -- 8 : 5 = 0.2849
  -- 8 : 6 = 0.0733
  -- 8 : 7 = 0.3235
  -- 8 : 8 = 0.6975
  -- 8 : 9 = 0.8637
  -- 8 : 10 = 0.9199
  -- 9 : 1 = 0.4052
  -- 9 : 2 = 0.5013
  -- 9 : 3 = 0.8865
  -- 9 : 4 = 0.5745
  -- 9 : 5 = 0.6423
  -- 9 : 6 = 0.6498
  -- 9 : 7 = 0.8585
  -- 9 : 8 = 0.2459
  -- 9 : 9 = 0.1314
  -- 9 : 10 = 0.322
  -- 10 : 1 = 0.9214
  -- 10 : 2 = 0.2197
  -- 10 : 3 = 0.6929
  -- 10 : 4 = 0.8343
  -- 10 : 5 = 0.6006
  -- 10 : 6 = 0.6854
  -- 10 : 7 = 0.8201
  -- 10 : 8 = 0.4173
  -- 10 : 9 = 0.971
  -- 10 : 10 = 0.2047
  Inner Net 2
  -- 1 : 1 = 0.252045
  -- 1 : 2 = 0.342922
  -- 2 : 1 = 0.350378
  -- 2 : 2 = -0.0232397
  -- 3 : 1 = 0.152537
  -- 3 : 2 = -0.325857
  -- 4 : 1 = 0.117949
  -- 4 : 2 = 0.374511
  -- 5 : 1 = 0.289579
  -- 5 : 2 = 0.136238
  -- 6 : 1 = 0.0180976
  -- 6 : 2 = 0.171537
  -- 7 : 1 = 0.303181
  -- 7 : 2 = 0.0655917
  -- 8 : 1 = 0.0132191
  -- 8 : 2 = -0.0328317
  -- 9 : 1 = 0.626464
  -- 9 : 2 = -0.330573
  -- 10 : 1 = -0.563724
  -- 10 : 2 = 0.113997
Out\Act	False		True
False	0.241314	0.600666	0.84198
True	0.0366492	0.121371	0.15802
	0.277963	0.722037
	Accuracy [ (tp + tn) / testSize ]: 0.362684
	Precision [ tp / (tp + fp) ]:      0.167984
	Sensitivity [ tp / (tp + fn) ]:    0.765766
	Specificity [ tn / (tn + fp) ]:    0.286441
	F-Score [ 2tp / (2tp + fp + fn) ]: 0.275676
Particle (6):: Fit: 24.292	PB: 24.292	LB: 53.9069	GB: 54.8745	Conf: 2	Pts: 55392
Particle (21):: Fit: 24.292	PB: 24.292	LB: 53.9729	GB: 54.8745	Conf: 2	Pts: 55292
Particle (35):: Fit: 43.4046	PB: 43.4046	LB: 54.8745	GB: 54.8745	Conf: 1.71495	Pts: 75292
Particle (19):: Fit: 22.2665	PB: 22.2665	LB: 53.9729	GB: 54.8745	Conf: 2	Pts: 55291
Particle (20):: Fit: 20.7689	PB: 20.7689	LB: 53.9729	GB: 54.8745	Conf: 0.756107	Pts: 70190
Particle (25):: Fit: 22.2665	PB: 22.2665	LB: 53.9729	GB: 54.8745	Conf: 2	Pts: 55391
Particle (36):: Fit: 29.5039	PB: 29.5039	LB: 54.8745	GB: 54.8745	Conf: 1.86004	Pts: 55191
Particle (49):: Fit: 48.3304	PB: 48.3304	LB: 54.3382	GB: 54.8745	Conf: 1.57858	Pts: 100291
Particle (9):: Fit: 52.3778	PB: 52.3778	LB: 54.4934	GB: 54.8745	Conf: 1.36548	Pts: 180290
Particle (3):: Fit: 53.3846	PB: 53.3846	LB: 53.3846	GB: 54.8745	Conf: 0.679989	Pts: 130289
Particle (44):: Fit: 40.2931	PB: 40.2931	LB: 54.8745	GB: 54.8745	Conf: 1.88689	Pts: 85289
Particle (45):: Fit: 40.4942	PB: 40.4942	LB: 54.3382	GB: 54.8745	Conf: 0.986471	Pts: 60289
Particle (18):: Fit: 22.2665	PB: 22.2665	LB: 49.4957	GB: 54.8745	Conf: 2	Pts: 55288
Particle (22):: Fit: 23.1824	PB: 23.1824	LB: 53.9729	GB: 54.8745	Conf: 0.48259	Pts: 55386
Particle (23):: Fit: 26.2589	PB: 26.2589	LB: 53.9729	GB: 54.8745	Conf: 2	Pts: 60288
Particle (32):: Fit: 60.2348	PB: 60.2348	LB: 60.2348	GB: 60.2348	Conf: 0.886474	Pts: 120388
Particle (33):: Fit: 50.4859	PB: 50.4859	LB: 60.2348	GB: 60.2348	Conf: 1.73236	Pts: 70388
Global: 60.2348 - Correct: 60% of 10 tests
Global Best: 
  Inner Net 1
  -- 1 : 1 = 0.2928
  -- 1 : 2 = 0.979
  -- 1 : 3 = 0.7187
  -- 1 : 4 = 0.1781
  -- 1 : 5 = 0.9502
  -- 1 : 6 = 0.8804
  -- 1 : 7 = 0.1725
  -- 1 : 8 = 0.0502
  -- 1 : 9 = 0.0208
  -- 1 : 10 = 0.1871
  -- 2 : 1 = 0.3169
  -- 2 : 2 = 0.7981
  -- 2 : 3 = 0.2626
  -- 2 : 4 = 0.5619
  -- 2 : 5 = 0.9714
  -- 2 : 6 = 0.0257
  -- 2 : 7 = 0.3326
  -- 2 : 8 = 0.6233
  -- 2 : 9 = 0.5094
  -- 2 : 10 = 0.7169
  -- 3 : 1 = 0.8199
  -- 3 : 2 = 0.6642
  -- 3 : 3 = 0.8747
  -- 3 : 4 = 0.3813
  -- 3 : 5 = 0.9189
  -- 3 : 6 = 0.2939
  -- 3 : 7 = 0.6408
  -- 3 : 8 = 0.7316
  -- 3 : 9 = 0.4451
  -- 3 : 10 = 0.0129
  -- 4 : 1 = 0.1206
  -- 4 : 2 = 0.3191
  -- 4 : 3 = 0.1461
  -- 4 : 4 = 0.0119
  -- 4 : 5 = 0.1695
  -- 4 : 6 = 0.0238
  -- 4 : 7 = 0.1102
  -- 4 : 8 = 0.0966
  -- 4 : 9 = 0.4757
  -- 4 : 10 = 0.0578
  -- 5 : 1 = 0.3569
  -- 5 : 2 = 0.4773
  -- 5 : 3 = 0.3478
  -- 5 : 4 = 0.825
  -- 5 : 5 = 0.2614
  -- 5 : 6 = 0.5833
  -- 5 : 7 = 0.0862
  -- 5 : 8 = 0.8946
  -- 5 : 9 = 0.7279
  -- 5 : 10 = 0.4446
  -- 6 : 1 = 0.8429
  -- 6 : 2 = 0.8313
  -- 6 : 3 = 0.4235
  -- 6 : 4 = 0.0151
  -- 6 : 5 = 0.3147
  -- 6 : 6 = 0.3561
  -- 6 : 7 = 0.1131
  -- 6 : 8 = 0.2386
  -- 6 : 9 = 0.1914
  -- 6 : 10 = 0.5805
  -- 7 : 1 = 0.4516
  -- 7 : 2 = 0.4831
  -- 7 : 3 = 0.5803
  -- 7 : 4 = 0.9102
  -- 7 : 5 = 0.8276
  -- 7 : 6 = 0.8483
  -- 7 : 7 = 0.3459
  -- 7 : 8 = 0.1774
  -- 7 : 9 = 0.4008
  -- 7 : 10 = 0.1416
  -- 8 : 1 = 0.5679
  -- 8 : 2 = 0.6585
  -- 8 : 3 = 0.2029
  -- 8 : 4 = 0.5383
  -- 8 : 5 = 0.5029
  -- 8 : 6 = 0.1064
  -- 8 : 7 = 0.6598
  -- 8 : 8 = 0.8089
  -- 8 : 9 = 0.7181
  -- 8 : 10 = 0.2072
  -- 9 : 1 = 0.1902
  -- 9 : 2 = 0.6554
  -- 9 : 3 = 0.0849
  -- 9 : 4 = 0.3915
  -- 9 : 5 = 0.4078
  -- 9 : 6 = 0.4703
  -- 9 : 7 = 0.0417
  -- 9 : 8 = 0.3934
  -- 9 : 9 = 0.0113
  -- 9 : 10 = 0.7817
  -- 10 : 1 = 0.3241
  -- 10 : 2 = 0.4426
  -- 10 : 3 = 0.1829
  -- 10 : 4 = 0.4219
  -- 10 : 5 = 0.5351
  -- 10 : 6 = 0.1438
  -- 10 : 7 = 0.8581
  -- 10 : 8 = 0.4681
  -- 10 : 9 = 0.1271
  -- 10 : 10 = 0.9277
  Inner Net 2
  -- 1 : 1 = -0.0255746
  -- 1 : 2 = 0.438742
  -- 2 : 1 = -0.00304892
  -- 2 : 2 = 0.296144
  -- 3 : 1 = 0.194655
  -- 3 : 2 = -0.196123
  -- 4 : 1 = 0.313405
  -- 4 : 2 = -0.0669962
  -- 5 : 1 = 0.148095
  -- 5 : 2 = -0.0822678
  -- 6 : 1 = 0.189886
  -- 6 : 2 = 0.195126
  -- 7 : 1 = -0.127677
  -- 7 : 2 = 0.633442
  -- 8 : 1 = 0.97917
  -- 8 : 2 = 0.101343
  -- 9 : 1 = 0.105291
  -- 9 : 2 = 0.0333519
  -- 10 : 1 = 0.618333
  -- 10 : 2 = -0.325874
Out\Act	False		True
False	0.840552	0.00142789	0.84198
True	0.150881	0.00713946	0.15802
	0.991433	0.00856735
	Accuracy [ (tp + tn) / testSize ]: 0.847692
	Precision [ tp / (tp + fp) ]:      0.789474
	Sensitivity [ tp / (tp + fn) ]:    0.045045
	Specificity [ tn / (tn + fp) ]:    0.99774
	F-Score [ 2tp / (2tp + fp + fn) ]: 0.0854701
Particle (1):: Fit: 24.292	PB: 24.292	LB: 53.3846	GB: 60.2348	Conf: 2	Pts: 110387
Particle (36):: Fit: 40.2459	PB: 40.2459	LB: 60.2348	GB: 60.2348	Conf: 1.85923	Pts: 55287
Particle (44):: Fit: 48.509	PB: 48.509	LB: 54.8745	GB: 60.2348	Conf: 1.36622	Pts: 85387
Particle (48):: Fit: 23.105	PB: 23.105	LB: 54.3382	GB: 60.2348	Conf: 0.395491	Pts: 50187
Particle (3):: Fit: 53.9847	PB: 53.9847	LB: 53.9847	GB: 60.2348	Conf: 1.49413	Pts: 165386
Particle (26):: Fit: 22.2665	PB: 22.2665	LB: 53.9729	GB: 60.2348	Conf: 2	Pts: 65386
Particle (30):: Fit: 55.1667	PB: 55.1667	LB: 60.2348	GB: 60.2348	Conf: 1.69908	Pts: 120186
Particle (36):: Fit: 49.2635	PB: 49.2635	LB: 60.2348	GB: 60.2348	Conf: 1.8	Pts: 55386
Particle (20):: Fit: 39.0256	PB: 39.0256	LB: 53.9729	GB: 60.2348	Conf: 0.556864	Pts: 70282
Particle (48):: Fit: 23.2544	PB: 23.2544	LB: 54.3382	GB: 60.2348	Conf: 0.679841	Pts: 50285
Particle (20):: Fit: 42.4192	PB: 42.4192	LB: 53.9729	GB: 60.2348	Conf: 0.601812	Pts: 70381
Particle (43):: Fit: 26.2589	PB: 26.2589	LB: 54.8745	GB: 60.2348	Conf: 2	Pts: 55284
Particle (35):: Fit: 45.3003	PB: 45.3003	LB: 60.2348	GB: 60.2348	Conf: 1.69413	Pts: 75383
Particle (44):: Fit: 49.6283	PB: 49.6283	LB: 54.8745	GB: 60.2348	Conf: 1.85546	Pts: 85483
Particle (12):: Fit: 24.292	PB: 24.292	LB: 54.4934	GB: 60.2348	Conf: 2	Pts: 55382
Particle (26):: Fit: 24.292	PB: 24.292	LB: 55.1667	GB: 60.2348	Conf: 2	Pts: 65482
Particle (47):: Fit: 24.292	PB: 24.292	LB: 54.3382	GB: 60.2348	Conf: 2	Pts: 50282
Particle (16):: Fit: 49.6675	PB: 49.6675	LB: 54.4934	GB: 60.2348	Conf: 1.86667	Pts: 105281
Particle (21):: Fit: 24.862	PB: 24.862	LB: 53.9729	GB: 60.2348	Conf: 1.85611	Pts: 55381
Particle (25):: Fit: 24.292	PB: 24.292	LB: 55.1667	GB: 60.2348	Conf: 2	Pts: 55479
Particle (34):: Fit: 51.4436	PB: 51.4436	LB: 60.2348	GB: 60.2348	Conf: 1.19537	Pts: 75279
Particle (0):: Fit: 24.292	PB: 24.292	LB: 54.3382	GB: 60.2348	Conf: 2	Pts: 110278
Particle (19):: Fit: 24.292	PB: 24.292	LB: 53.9729	GB: 60.2348	Conf: 2	Pts: 55378
Particle (27):: Fit: 42.2159	PB: 42.2159	LB: 60.2348	GB: 60.2348	Conf: 0.506052	Pts: 55472
Particle (28):: Fit: 24.292	PB: 24.292	LB: 60.2348	GB: 60.2348	Conf: 2	Pts: 60378
Particle (29):: Fit: 40.1906	PB: 40.1906	LB: 60.2348	GB: 60.2348	Conf: 0.173095	Pts: 105376
Particle (7):: Fit: 40.2936	PB: 40.2936	LB: 53.9847	GB: 60.2348	Conf: 1.88755	Pts: 75177
Particle (25):: Fit: 26.2589	PB: 26.2589	LB: 55.1667	GB: 60.2348	Conf: 2	Pts: 55576
Particle (39):: Fit: 35.1317	PB: 35.1317	LB: 54.8745	GB: 60.2348	Conf: 1.87488	Pts: 55276
Particle (18):: Fit: 38.1325	PB: 38.1325	LB: 49.6675	GB: 60.2348	Conf: 1.68444	Pts: 55375
Particle (21):: Fit: 49.5894	PB: 49.5894	LB: 53.9729	GB: 60.2348	Conf: 1.84664	Pts: 55475
Particle (30):: Fit: 55.3621	PB: 55.3621	LB: 60.2348	GB: 60.2348	Conf: 1.7555	Pts: 130275
Particle (4):: Fit: 45.1239	PB: 45.1239	LB: 53.9847	GB: 60.2348	Conf: 1.88583	Pts: 55574
Particle (15):: Fit: 26.2589	PB: 26.2589	LB: 54.4934	GB: 60.2348	Conf: 2	Pts: 80274
Particle (41):: Fit: 50.5118	PB: 50.5118	LB: 54.8745	GB: 60.2348	Conf: 1.74187	Pts: 65274
Particle (46):: Fit: 58.3523	PB: 58.3523	LB: 58.3523	GB: 60.2348	Conf: 1.88954	Pts: 145774
Particle (43):: Fit: 29.5262	PB: 29.5262	LB: 58.3523	GB: 60.2348	Conf: 1.89466	Pts: 55373
Particle (33):: Fit: 58.3087	PB: 58.3087	LB: 60.2348	GB: 60.2348	Conf: 1.86856	Pts: 75470
Particle (48):: Fit: 25.6648	PB: 25.6648	LB: 58.3523	GB: 60.2348	Conf: 0.971662	Pts: 50370
Particle (4):: Fit: 49.3053	PB: 49.3053	LB: 53.9847	GB: 60.2348	Conf: 1.69663	Pts: 55669
Particle (9):: Fit: 55.6898	PB: 55.6898	LB: 55.6898	GB: 60.2348	Conf: 1.1344	Pts: 230367
Particle (14):: Fit: 26.2589	PB: 26.2589	LB: 54.4934	GB: 60.2348	Conf: 2	Pts: 55468
Particle (3):: Fit: 55.572	PB: 55.572	LB: 55.572	GB: 60.2348	Conf: 1.09038	Pts: 180461
Particle (45):: Fit: 43.8665	PB: 43.8665	LB: 58.3523	GB: 60.2348	Conf: 0.719003	Pts: 60359
Particle (44):: Fit: 49.7172	PB: 49.7172	LB: 58.3523	GB: 60.2348	Conf: 1.89827	Pts: 85560
Particle (11):: Fit: 54.4455	PB: 54.4455	LB: 55.6898	GB: 60.2348	Conf: 1.45533	Pts: 120359
Particle (28):: Fit: 28.1818	PB: 28.1818	LB: 60.2348	GB: 60.2348	Conf: 2	Pts: 60459
Particle (49):: Fit: 48.6043	PB: 48.6043	LB: 58.3523	GB: 60.2348	Conf: 1.03855	Pts: 100359
Particle (37):: Fit: 47.9659	PB: 47.9659	LB: 58.3087	GB: 60.2348	Conf: 0.770371	Pts: 100255
Particle (8):: Fit: 40.1897	PB: 40.1897	LB: 55.6898	GB: 60.2348	Conf: 1.84172	Pts: 55257
Particle (22):: Fit: 23.2215	PB: 23.2215	LB: 53.9729	GB: 60.2348	Conf: 0.549725	Pts: 55444
Particle (24):: Fit: 55.3342	PB: 55.3342	LB: 55.3342	GB: 60.2348	Conf: 1.64062	Pts: 160556
Particle (47):: Fit: 26.5071	PB: 26.5071	LB: 58.3523	GB: 60.2348	Conf: 1.89754	Pts: 50355
Particle (16):: Fit: 49.7172	PB: 49.7172	LB: 54.4934	GB: 60.2348	Conf: 1.89806	Pts: 110354
Particle (22):: Fit: 25.6735	PB: 25.6735	LB: 55.3342	GB: 60.2348	Conf: 0.956163	Pts: 55541
Particle (29):: Fit: 54.4898	PB: 54.4898	LB: 60.2348	GB: 60.2348	Conf: 0.988931	Pts: 105448
Particle (35):: Fit: 48.3939	PB: 48.3939	LB: 60.2348	GB: 60.2348	Conf: 1.73287	Pts: 75453
Particle (45):: Fit: 53.535	PB: 53.535	LB: 58.3523	GB: 60.2348	Conf: 1.16174	Pts: 60451
Particle (0):: Fit: 26.2589	PB: 26.2589	LB: 58.3523	GB: 60.2348	Conf: 2	Pts: 110346
Particle (37):: Fit: 47.9708	PB: 47.9708	LB: 58.3087	GB: 60.2348	Conf: 1.02579	Pts: 100339
Particle (34):: Fit: 59.3405	PB: 59.3405	LB: 60.2348	GB: 60.2348	Conf: 1.63109	Pts: 85341
Particle (20):: Fit: 44.9748	PB: 44.9748	LB: 55.3342	GB: 60.2348	Conf: 0.385402	Pts: 70430
Particle (43):: Fit: 40.2938	PB: 40.2938	LB: 58.3523	GB: 60.2348	Conf: 1.88783	Pts: 55439
Particle (49):: Fit: 49.7129	PB: 49.7129	LB: 58.3523	GB: 60.2348	Conf: 1.89008	Pts: 100438
Particle (27):: Fit: 42.4003	PB: 42.4003	LB: 60.2348	GB: 60.2348	Conf: 0.59077	Pts: 55528
Particle (35):: Fit: 50.584	PB: 50.584	LB: 60.2348	GB: 60.2348	Conf: 1.79516	Pts: 75535
Particle (44):: Fit: 54.1099	PB: 54.1099	LB: 58.3523	GB: 60.2348	Conf: 1.89986	Pts: 85635
Particle (42):: Fit: 26.2589	PB: 26.2589	LB: 58.3523	GB: 60.2348	Conf: 2	Pts: 50333
Particle (16):: Fit: 49.7173	PB: 49.7173	LB: 54.4934	GB: 60.2348	Conf: 1.9	Pts: 115430
Particle (37):: Fit: 51.9778	PB: 51.9778	LB: 59.3405	GB: 60.2348	Conf: 1.03498	Pts: 100426
Particle (10):: Fit: 50.5841	PB: 50.5841	LB: 55.6898	GB: 60.2348	Conf: 1.79564	Pts: 60225
Particle (36):: Fit: 49.6855	PB: 49.6855	LB: 60.2348	GB: 60.2348	Conf: 1.87333	Pts: 55420
Particle (8):: Fit: 45.0044	PB: 45.0044	LB: 55.6898	GB: 60.2348	Conf: 1.84323	Pts: 55318
Particle (16):: Fit: 54.109	PB: 54.109	LB: 54.4934	GB: 60.2348	Conf: 1.89562	Pts: 120514
Particle (6):: Fit: 24.5061	PB: 24.5061	LB: 55.6898	GB: 60.2348	Conf: 1.8393	Pts: 55409
Particle (37):: Fit: 55.5869	PB: 55.5869	LB: 59.3405	GB: 60.2348	Conf: 0.752984	Pts: 110498
Particle (18):: Fit: 44.8298	PB: 44.8298	LB: 54.109	GB: 60.2348	Conf: 1.81322	Pts: 55407
Particle (36):: Fit: 53.8527	PB: 53.8527	LB: 60.2348	GB: 60.2348	Conf: 1.82694	Pts: 55504
Particle (1):: Fit: 30.4636	PB: 30.4636	LB: 55.572	GB: 60.2348	Conf: 0.734733	Pts: 110398
Particle (5):: Fit: 60.291	PB: 60.291	LB: 60.291	GB: 60.291	Conf: 0.56418	Pts: 120298
Particle (15):: Fit: 38.3094	PB: 38.3094	LB: 54.4934	GB: 60.291	Conf: 0.212685	Pts: 80298
Particle (22):: Fit: 44.6443	PB: 44.6443	LB: 55.3342	GB: 60.291	Conf: 0.736783	Pts: 55579
Particle (26):: Fit: 51.2011	PB: 51.2011	LB: 55.3621	GB: 60.291	Conf: 0.684718	Pts: 65498
Particle (28):: Fit: 40.0998	PB: 40.0998	LB: 60.2348	GB: 60.291	Conf: 0.707321	Pts: 60498
Particle (48):: Fit: 43.0104	PB: 43.0104	LB: 58.3523	GB: 60.291	Conf: 0.566927	Pts: 50391
Global: 60.291 - Correct: 90% of 10 tests
Global Best: 
  Inner Net 1
  -- 1 : 1 = 0.0243
  -- 1 : 2 = -0.121091
  -- 1 : 3 = 0.4906
  -- 1 : 4 = 0.3941
  -- 1 : 5 = 0.338581
  -- 1 : 6 = 0.669553
  -- 1 : 7 = 0.361691
  -- 1 : 8 = 0.2163
  -- 1 : 9 = -0.020435
  -- 1 : 10 = 0.4716
  -- 2 : 1 = 0.406603
  -- 2 : 2 = -0.1613
  -- 2 : 3 = 0.0948651
  -- 2 : 4 = 0.3338
  -- 2 : 5 = 0.2785
  -- 2 : 6 = -0.0249019
  -- 2 : 7 = 0.4418
  -- 2 : 8 = 0.563354
  -- 2 : 9 = 0.3063
  -- 2 : 10 = 0.423557
  -- 3 : 1 = 0.725336
  -- 3 : 2 = 0.212841
  -- 3 : 3 = 0.3707
  -- 3 : 4 = 0.467
  -- 3 : 5 = 0.399615
  -- 3 : 6 = 0.688636
  -- 3 : 7 = 0.471071
  -- 3 : 8 = 0.0943
  -- 3 : 9 = 0.69485
  -- 3 : 10 = -0.0805
  -- 4 : 1 = 0.0186007
  -- 4 : 2 = 0.118103
  -- 4 : 3 = -0.00170866
  -- 4 : 4 = 0.45556
  -- 4 : 5 = 0.2175
  -- 4 : 6 = -0.0094
  -- 4 : 7 = 0.0207596
  -- 4 : 8 = 0.209083
  -- 4 : 9 = 0.3041
  -- 4 : 10 = 0.0157342
  -- 5 : 1 = 0.241986
  -- 5 : 2 = 0.213395
  -- 5 : 3 = -0.2234
  -- 5 : 4 = 0.292222
  -- 5 : 5 = -0.1276
  -- 5 : 6 = 0.1345
  -- 5 : 7 = 0.0167235
  -- 5 : 8 = 0.0194
  -- 5 : 9 = 0.189108
  -- 5 : 10 = 0.0566
  -- 6 : 1 = 0.5939
  -- 6 : 2 = -0.133789
  -- 6 : 3 = 0.4001
  -- 6 : 4 = 0.462575
  -- 6 : 5 = 0.285079
  -- 6 : 6 = 0.0807383
  -- 6 : 7 = -0.12
  -- 6 : 8 = 0.274536
  -- 6 : 9 = 0.0262
  -- 6 : 10 = 0.2769
  -- 7 : 1 = 0.59759
  -- 7 : 2 = 0.04
  -- 7 : 3 = 0.126428
  -- 7 : 4 = 0.3938
  -- 7 : 5 = -0.167317
  -- 7 : 6 = 0.160512
  -- 7 : 7 = 0.0915
  -- 7 : 8 = 0.4371
  -- 7 : 9 = 0.189824
  -- 7 : 10 = 0.3906
  -- 8 : 1 = 0.472569
  -- 8 : 2 = -0.0251
  -- 8 : 3 = 0.0705
  -- 8 : 4 = 0.0826404
  -- 8 : 5 = 0.0617404
  -- 8 : 6 = 0.3281
  -- 8 : 7 = 0.299457
  -- 8 : 8 = 0.13441
  -- 8 : 9 = -0.099
  -- 8 : 10 = 0.127554
  -- 9 : 1 = 0.418952
  -- 9 : 2 = -0.1101
  -- 9 : 3 = 0.333454
  -- 9 : 4 = 0.131506
  -- 9 : 5 = 0.00802061
  -- 9 : 6 = 0.2319
  -- 9 : 7 = 0.124317
  -- 9 : 8 = 0.2469
  -- 9 : 9 = 0.3148
  -- 9 : 10 = 0.110131
  -- 10 : 1 = 0.402481
  -- 10 : 2 = 0.138693
  -- 10 : 3 = -0.0377
  -- 10 : 4 = 0.176668
  -- 10 : 5 = -0.0493
  -- 10 : 6 = 0.3392
  -- 10 : 7 = -0.153526
  -- 10 : 8 = 0.241973
  -- 10 : 9 = 0.0125209
  -- 10 : 10 = 0.177716
  Inner Net 2
  -- 1 : 1 = 0.038191
  -- 1 : 2 = 0.277494
  -- 2 : 1 = -0.090813
  -- 2 : 2 = -0.12748
  -- 3 : 1 = -0.0233193
  -- 3 : 2 = -0.256726
  -- 4 : 1 = 0.931571
  -- 4 : 2 = 0.287607
  -- 5 : 1 = 0.639163
  -- 5 : 2 = 0.4145
  -- 6 : 1 = 0.514301
  -- 6 : 2 = -0.129274
  -- 7 : 1 = -0.110788
  -- 7 : 2 = -0.424345
  -- 8 : 1 = 0.328192
  -- 8 : 2 = -0.0652686
  -- 9 : 1 = -0.238986
  -- 9 : 2 = -0.0229333
  -- 10 : 1 = 0.688927
  -- 10 : 2 = 0.0754549
Out\Act	False		True
False	0.379343	0.462637	0.84198
True	0.0585436	0.0994764	0.15802
	0.437887	0.562113
	Accuracy [ (tp + tn) / testSize ]: 0.47882
	Precision [ tp / (tp + fp) ]:      0.176819
	Sensitivity [ tp / (tp + fn) ]:    0.627628
	Specificity [ tn / (tn + fp) ]:    0.450282
	F-Score [ 2tp / (2tp + fp + fn) ]: 0.27609
Particle (2):: Fit: 25.0488	PB: 25.0488	LB: 60.291	GB: 60.291	Conf: 0.722102	Pts: 110097
Particle (12):: Fit: 31.3107	PB: 31.3107	LB: 55.6898	GB: 60.291	Conf: 0.737623	Pts: 55397
Particle (17):: Fit: 62.654	PB: 62.654	LB: 62.654	GB: 62.654	Conf: 0.585943	Pts: 120197
Particle (19):: Fit: 30.3234	PB: 30.3234	LB: 62.654	GB: 62.654	Conf: 0.372033	Pts: 55397
Particle (38):: Fit: 44.1702	PB: 44.1702	LB: 59.3405	GB: 62.654	Conf: 0.421278	Pts: 55197
Particle (47):: Fit: 31.3876	PB: 31.3876	LB: 58.3523	GB: 62.654	Conf: 0.266097	Pts: 50397
Global: 62.654 - Correct: 90% of 10 tests
Global Best: 
  Inner Net 1
  -- 1 : 1 = 0.922041
  -- 1 : 2 = 0.0592544
  -- 1 : 3 = 0.210203
  -- 1 : 4 = -0.17775
  -- 1 : 5 = 0.4745
  -- 1 : 6 = 0.562599
  -- 1 : 7 = -0.2276
  -- 1 : 8 = -0.179153
  -- 1 : 9 = -0.172356
  -- 1 : 10 = 0.202102
  -- 2 : 1 = 0.639476
  -- 2 : 2 = -0.0395
  -- 2 : 3 = 0.157986
  -- 2 : 4 = 0.132366
  -- 2 : 5 = 0.214233
  -- 2 : 6 = 0.291775
  -- 2 : 7 = -0.0901381
  -- 2 : 8 = 0.173148
  -- 2 : 9 = 0.135357
  -- 2 : 10 = 0.38984
  -- 3 : 1 = 0.0377526
  -- 3 : 2 = 0.160895
  -- 3 : 3 = -0.0952
  -- 3 : 4 = 0.5379
  -- 3 : 5 = 0.564151
  -- 3 : 6 = 0.782378
  -- 3 : 7 = -0.0126
  -- 3 : 8 = 0.208285
  -- 3 : 9 = -0.002068
  -- 3 : 10 = -0.084654
  -- 4 : 1 = -0.5
  -- 4 : 2 = -0.178
  -- 4 : 3 = -0.0125282
  -- 4 : 4 = 0.139979
  -- 4 : 5 = 0.133263
  -- 4 : 6 = 0.509647
  -- 4 : 7 = 0.1532
  -- 4 : 8 = -0.2254
  -- 4 : 9 = 0.5959
  -- 4 : 10 = 0.10007
  -- 5 : 1 = 0.694713
  -- 5 : 2 = 0.206809
  -- 5 : 3 = 0.00858912
  -- 5 : 4 = 0.9922
  -- 5 : 5 = 0.0563814
  -- 5 : 6 = 0.294954
  -- 5 : 7 = -0.0285076
  -- 5 : 8 = -0.0131338
  -- 5 : 9 = 0.0487821
  -- 5 : 10 = 0.0376676
  -- 6 : 1 = 0.235484
  -- 6 : 2 = 0.827767
  -- 6 : 3 = -0.044
  -- 6 : 4 = 0.3382
  -- 6 : 5 = 0.690863
  -- 6 : 6 = 0.303293
  -- 6 : 7 = 0.415341
  -- 6 : 8 = 0.261046
  -- 6 : 9 = -0.0220717
  -- 6 : 10 = 0.270738
  -- 7 : 1 = -0.131643
  -- 7 : 2 = 0.383501
  -- 7 : 3 = 0.4907
  -- 7 : 4 = -0.16278
  -- 7 : 5 = -0.0924743
  -- 7 : 6 = -0.0311
  -- 7 : 7 = -0.0933626
  -- 7 : 8 = 0.157582
  -- 7 : 9 = 0.0645209
  -- 7 : 10 = 0.311949
  -- 8 : 1 = 0.120965
  -- 8 : 2 = 0.2285
  -- 8 : 3 = -0.171
  -- 8 : 4 = -0.158915
  -- 8 : 5 = 0.7836
  -- 8 : 6 = 0.341701
  -- 8 : 7 = 0.0402485
  -- 8 : 8 = 0.756372
  -- 8 : 9 = -0.052246
  -- 8 : 10 = 0.5891
  -- 9 : 1 = 0.233167
  -- 9 : 2 = 0.222138
  -- 9 : 3 = 0.04537
  -- 9 : 4 = -0.0408
  -- 9 : 5 = 0.116218
  -- 9 : 6 = 0.672667
  -- 9 : 7 = 0.111264
  -- 9 : 8 = 0.3715
  -- 9 : 9 = 0.900937
  -- 9 : 10 = 0.394029
  -- 10 : 1 = 0.386051
  -- 10 : 2 = -0.081
  -- 10 : 3 = -0.1439
  -- 10 : 4 = 0.0483467
  -- 10 : 5 = 0.0725615
  -- 10 : 6 = 0.437533
  -- 10 : 7 = 0.000759728
  -- 10 : 8 = 0.0179465
  -- 10 : 9 = -0.0441
  -- 10 : 10 = 0.181898
  Inner Net 2
  -- 1 : 1 = -0.535347
  -- 1 : 2 = -0.163605
  -- 2 : 1 = -0.00805786
  -- 2 : 2 = 0.0091712
  -- 3 : 1 = 0.533472
  -- 3 : 2 = 0.0688706
  -- 4 : 1 = 0.376865
  -- 4 : 2 = -0.424591
  -- 5 : 1 = -0.0852567
  -- 5 : 2 = -0.00812231
  -- 6 : 1 = 0.45281
  -- 6 : 2 = -0.322809
  -- 7 : 1 = -0.0401338
  -- 7 : 2 = 0.253481
  -- 8 : 1 = 0.372803
  -- 8 : 2 = -0.158638
  -- 9 : 1 = 0.412316
  -- 9 : 2 = 0.215738
  -- 10 : 1 = -0.405125
  -- 10 : 2 = 0.259278
Out\Act	False		True
False	0.42456	0.41742	0.84198
True	0.0809139	0.0771061	0.15802
	0.505474	0.494526
	Accuracy [ (tp + tn) / testSize ]: 0.501666
	Precision [ tp / (tp + fp) ]:      0.155769
	Sensitivity [ tp / (tp + fn) ]:    0.486486
	Specificity [ tn / (tn + fp) ]:    0.503955
	F-Score [ 2tp / (2tp + fp + fn) ]: 0.236152
Particle (7):: Fit: 43.7178	PB: 43.7178	LB: 60.291	GB: 62.654	Conf: 0.280245	Pts: 75196
Particle (7):: Fit: 44.3793	PB: 44.3793	LB: 60.291	GB: 62.654	Conf: 0.558565	Pts: 75295
Particle (28):: Fit: 46.8197	PB: 46.8197	LB: 60.2348	GB: 62.654	Conf: 0.360921	Pts: 60595
Particle (42):: Fit: 32.5547	PB: 32.5547	LB: 58.3523	GB: 62.654	Conf: 0.644712	Pts: 50395
Particle (0):: Fit: 29.1511	PB: 29.1511	LB: 60.291	GB: 62.654	Conf: 0.816438	Pts: 110394
Particle (2):: Fit: 31.8026	PB: 31.8026	LB: 60.291	GB: 62.654	Conf: 0.797223	Pts: 110194
Particle (14):: Fit: 35.3626	PB: 35.3626	LB: 62.654	GB: 62.654	Conf: 0.466775	Pts: 55494
Particle (20):: Fit: 51.6588	PB: 51.6588	LB: 62.654	GB: 62.654	Conf: 0.258564	Pts: 70480
Particle (21):: Fit: 52.1611	PB: 52.1611	LB: 62.654	GB: 62.654	Conf: 0.460109	Pts: 55493
Particle (31):: Fit: 62.3234	PB: 62.3234	LB: 62.3234	GB: 62.654	Conf: 0.496888	Pts: 105294
Particle (39):: Fit: 42.66	PB: 42.66	LB: 55.5869	GB: 62.654	Conf: 0.529477	Pts: 55294
Particle (42):: Fit: 35.2615	PB: 35.2615	LB: 58.3523	GB: 62.654	Conf: 0.682807	Pts: 50494
Particle (0):: Fit: 29.7219	PB: 29.7219	LB: 60.291	GB: 62.654	Conf: 0.797163	Pts: 110493
Particle (1):: Fit: 44.4641	PB: 44.4641	LB: 60.291	GB: 62.654	Conf: 0.613778	Pts: 110493
Particle (10):: Fit: 51.283	PB: 51.283	LB: 55.6898	GB: 62.654	Conf: 0.838737	Pts: 60291
Particle (39):: Fit: 45.3451	PB: 45.3451	LB: 55.5869	GB: 62.654	Conf: 0.127542	Pts: 55393
Particle (42):: Fit: 44.149	PB: 44.149	LB: 58.3523	GB: 62.654	Conf: 0.602394	Pts: 50593
Particle (49):: Fit: 56.8722	PB: 56.8722	LB: 58.3523	GB: 62.654	Conf: 0.643865	Pts: 100492
Particle (6):: Fit: 43.7566	PB: 43.7566	LB: 60.291	GB: 62.654	Conf: 0.181938	Pts: 55492
Particle (14):: Fit: 35.6296	PB: 35.6296	LB: 62.654	GB: 62.654	Conf: 0.520102	Pts: 55592
Particle (30):: Fit: 55.9703	PB: 55.9703	LB: 62.3234	GB: 62.654	Conf: 0.589148	Pts: 135292
Particle (43):: Fit: 60.127	PB: 60.127	LB: 60.127	GB: 62.654	Conf: 0.201077	Pts: 105491
Particle (47):: Fit: 34.8234	PB: 34.8234	LB: 60.127	GB: 62.654	Conf: 0.511522	Pts: 50492
Particle (2):: Fit: 38.7095	PB: 38.7095	LB: 60.291	GB: 62.654	Conf: 0.671988	Pts: 110291
Particle (8):: Fit: 52.8519	PB: 52.8519	LB: 60.291	GB: 62.654	Conf: 0.5337	Pts: 55391
Particle (18):: Fit: 51.627	PB: 51.627	LB: 62.654	GB: 62.654	Conf: 0.677948	Pts: 55491
Particle (47):: Fit: 50.6433	PB: 50.6433	LB: 60.127	GB: 62.654	Conf: 0.467644	Pts: 50591
Particle (16):: Fit: 54.8128	PB: 54.8128	LB: 62.654	GB: 62.654	Conf: 0.651241	Pts: 120590
Particle (4):: Fit: 50.8535	PB: 50.8535	LB: 60.291	GB: 62.654	Conf: 0.424812	Pts: 55689
Particle (12):: Fit: 43.1191	PB: 43.1191	LB: 62.654	GB: 62.654	Conf: 0.492697	Pts: 55489
Particle (23):: Fit: 39.3509	PB: 39.3509	LB: 55.3342	GB: 62.654	Conf: 0.740263	Pts: 60289
Particle (48):: Fit: 46.5296	PB: 46.5296	LB: 58.3523	GB: 62.654	Conf: 0.215592	Pts: 50482
Particle (0):: Fit: 34.8009	PB: 34.8009	LB: 60.291	GB: 62.654	Conf: 0.63788	Pts: 110588
Particle (12):: Fit: 44.4542	PB: 44.4542	LB: 62.654	GB: 62.654	Conf: 0.652824	Pts: 55588
Particle (39):: Fit: 51.4401	PB: 51.4401	LB: 60.127	GB: 62.654	Conf: 0.57448	Pts: 55488
Particle (2):: Fit: 57.0978	PB: 57.0978	LB: 60.291	GB: 62.654	Conf: 0.754781	Pts: 110387
Particle (8):: Fit: 53.1835	PB: 53.1835	LB: 60.291	GB: 62.654	Conf: 0.548352	Pts: 55487
Particle (14):: Fit: 45.4807	PB: 45.4807	LB: 62.654	GB: 62.654	Conf: 0.245237	Pts: 55687
Particle (7):: Fit: 51.4953	PB: 51.4953	LB: 60.291	GB: 62.654	Conf: 0.373797	Pts: 75386
Particle (14):: Fit: 50.8546	PB: 50.8546	LB: 62.654	GB: 62.654	Conf: 0.537447	Pts: 55786
Particle (19):: Fit: 42.35	PB: 42.35	LB: 62.654	GB: 62.654	Conf: 0.361078	Pts: 55486
Particle (28):: Fit: 51.1515	PB: 51.1515	LB: 62.3234	GB: 62.654	Conf: 0.574923	Pts: 60686
Particle (0):: Fit: 44.5484	PB: 44.5484	LB: 60.291	GB: 62.654	Conf: 0.8453	Pts: 110685
Particle (19):: Fit: 46.5416	PB: 46.5416	LB: 62.654	GB: 62.654	Conf: 0.765625	Pts: 55585
Particle (42):: Fit: 44.334	PB: 44.334	LB: 60.127	GB: 62.654	Conf: 0.780142	Pts: 50684
Particle (15):: Fit: 38.5165	PB: 38.5165	LB: 62.654	GB: 62.654	Conf: 0.637433	Pts: 80383
Particle (4):: Fit: 61.2899	PB: 61.2899	LB: 61.2899	GB: 62.654	Conf: 0.512279	Pts: 105782
Particle (38):: Fit: 50.7999	PB: 50.7999	LB: 60.127	GB: 62.654	Conf: 0.314184	Pts: 55282
Particle (12):: Fit: 46.0796	PB: 46.0796	LB: 62.654	GB: 62.654	Conf: 0.421773	Pts: 55680
Particle (20):: Fit: 52.3039	PB: 52.3039	LB: 62.654	GB: 62.654	Conf: 0.647791	Pts: 70567
Particle (23):: Fit: 42.8897	PB: 42.8897	LB: 55.3342	GB: 62.654	Conf: 0.623684	Pts: 60381
Particle (27):: Fit: 61.6286	PB: 61.6286	LB: 62.3234	GB: 62.654	Conf: 0.761923	Pts: 75564
Particle (29):: Fit: 59.9526	PB: 59.9526	LB: 62.3234	GB: 62.654	Conf: 0.627109	Pts: 105471
Particle (36):: Fit: 57.2309	PB: 57.2309	LB: 60.2348	GB: 62.654	Conf: 0.675033	Pts: 55578
Particle (6):: Fit: 47.1491	PB: 47.1491	LB: 61.2899	GB: 62.654	Conf: 0.635134	Pts: 55577
Particle (28):: Fit: 52.344	PB: 52.344	LB: 62.3234	GB: 62.654	Conf: 0.485589	Pts: 60777
Particle (42):: Fit: 50.086	PB: 50.086	LB: 60.127	GB: 62.654	Conf: 0.473741	Pts: 50776
Particle (19):: Fit: 56.7791	PB: 56.7791	LB: 62.654	GB: 62.654	Conf: 0.801577	Pts: 55675
Particle (23):: Fit: 48.3998	PB: 48.3998	LB: 61.6286	GB: 62.654	Conf: 0.463849	Pts: 60475
Particle (39):: Fit: 56.8308	PB: 56.8308	LB: 60.127	GB: 62.654	Conf: 0.443289	Pts: 55575
Particle (0):: Fit: 52.818	PB: 52.818	LB: 61.2899	GB: 62.654	Conf: 0.602206	Pts: 110774
Particle (23):: Fit: 54.2248	PB: 54.2248	LB: 61.6286	GB: 62.654	Conf: 0.377717	Pts: 60574
Particle (25):: Fit: 43.9802	PB: 43.9802	LB: 61.6286	GB: 62.654	Conf: 0.370288	Pts: 55571
Particle (26):: Fit: 51.4823	PB: 51.4823	LB: 62.3234	GB: 62.654	Conf: 0.686826	Pts: 65574
Particle (15):: Fit: 38.9063	PB: 38.9063	LB: 62.654	GB: 62.654	Conf: 0.5713	Pts: 80473
Particle (25):: Fit: 50.6801	PB: 50.6801	LB: 61.6286	GB: 62.654	Conf: 0.297688	Pts: 55670
Particle (15):: Fit: 43.5749	PB: 43.5749	LB: 62.654	GB: 62.654	Conf: 0.721299	Pts: 80571
Particle (16):: Fit: 55.5501	PB: 55.5501	LB: 62.654	GB: 62.654	Conf: 0.494261	Pts: 120670
Particle (12):: Fit: 48.3257	PB: 48.3257	LB: 62.654	GB: 62.654	Conf: 0.439309	Pts: 55769
Particle (22):: Fit: 50.9161	PB: 50.9161	LB: 61.6286	GB: 62.654	Conf: 0.663801	Pts: 55651
Particle (1):: Fit: 48.9793	PB: 48.9793	LB: 61.2899	GB: 62.654	Conf: 0.329704	Pts: 110568
Particle (42):: Fit: 52.2525	PB: 52.2525	LB: 60.127	GB: 62.654	Conf: 0.65407	Pts: 50869
Particle (2):: Fit: 63.1	PB: 63.1	LB: 63.1	GB: 63.1	Conf: 0.693018	Pts: 170467
Particle (18):: Fit: 56.1189	PB: 56.1189	LB: 62.654	GB: 63.1	Conf: 0.624259	Pts: 55567
Global: 63.1 - Correct: 90% of 10 tests
Global Best: 
  Inner Net 1
  -- 1 : 1 = -0.0483281
  -- 1 : 2 = 0.330017
  -- 1 : 3 = 0.142173
  -- 1 : 4 = 0.0249076
  -- 1 : 5 = 0.0105515
  -- 1 : 6 = -0.321582
  -- 1 : 7 = -0.410349
  -- 1 : 8 = -0.213555
  -- 1 : 9 = -0.0771284
  -- 1 : 10 = -0.197011
  -- 2 : 1 = 0.489393
  -- 2 : 2 = 0.257454
  -- 2 : 3 = 0.328048
  -- 2 : 4 = 0.0257278
  -- 2 : 5 = 0.181431
  -- 2 : 6 = 0.193277
  -- 2 : 7 = 0.229817
  -- 2 : 8 = 0.538787
  -- 2 : 9 = 0.241702
  -- 2 : 10 = 0.0801589
  -- 3 : 1 = 0.5
  -- 3 : 2 = 0.00227785
  -- 3 : 3 = -0.0379074
  -- 3 : 4 = 0.258886
  -- 3 : 5 = 0.226784
  -- 3 : 6 = -1
  -- 3 : 7 = -0.18289
  -- 3 : 8 = -0.16384
  -- 3 : 9 = 0.74039
  -- 3 : 10 = 0.304066
  -- 4 : 1 = -0.555172
  -- 4 : 2 = -0.472411
  -- 4 : 3 = -0.43567
  -- 4 : 4 = -0.0174366
  -- 4 : 5 = 0.00308841
  -- 4 : 6 = -0.0115803
  -- 4 : 7 = -0.0185038
  -- 4 : 8 = -0.231899
  -- 4 : 9 = 0.062944
  -- 4 : 10 = -0.0549623
  -- 5 : 1 = 0.292403
  -- 5 : 2 = 0.220065
  -- 5 : 3 = -0.0447483
  -- 5 : 4 = 0.423969
  -- 5 : 5 = -0.319706
  -- 5 : 6 = 0.229512
  -- 5 : 7 = 0.0697752
  -- 5 : 8 = -0.241528
  -- 5 : 9 = 0.12316
  -- 5 : 10 = 0.303868
  -- 6 : 1 = 0.671975
  -- 6 : 2 = 0.229209
  -- 6 : 3 = -0.105319
  -- 6 : 4 = 0.20321
  -- 6 : 5 = -0.0945278
  -- 6 : 6 = -0.179238
  -- 6 : 7 = 0.298182
  -- 6 : 8 = -0.2452
  -- 6 : 9 = 0.0349928
  -- 6 : 10 = 0.415882
  -- 7 : 1 = -0.5
  -- 7 : 2 = -0.378426
  -- 7 : 3 = 0.0507055
  -- 7 : 4 = 0.111411
  -- 7 : 5 = 0.0986782
  -- 7 : 6 = 0.279986
  -- 7 : 7 = -0.00582349
  -- 7 : 8 = 0.2633
  -- 7 : 9 = 0.00716407
  -- 7 : 10 = -0.209924
  -- 8 : 1 = 0.209149
  -- 8 : 2 = 0.0940392
  -- 8 : 3 = 0.353585
  -- 8 : 4 = 0.0771988
  -- 8 : 5 = 0.230976
  -- 8 : 6 = -0.224396
  -- 8 : 7 = -0.0238468
  -- 8 : 8 = 0.436256
  -- 8 : 9 = -0.0448505
  -- 8 : 10 = -0.0237447
  -- 9 : 1 = 0.357475
  -- 9 : 2 = -0.400325
  -- 9 : 3 = -0.168966
  -- 9 : 4 = -0.00151601
  -- 9 : 5 = -0.13423
  -- 9 : 6 = 0.165082
  -- 9 : 7 = -0.259689
  -- 9 : 8 = 0.327776
  -- 9 : 9 = -0.165978
  -- 9 : 10 = -0.0886857
  -- 10 : 1 = 0.781335
  -- 10 : 2 = 0.162147
  -- 10 : 3 = -0.26993
  -- 10 : 4 = -0.0105549
  -- 10 : 5 = -0.260521
  -- 10 : 6 = -0.164383
  -- 10 : 7 = 0.0229345
  -- 10 : 8 = 0.491089
  -- 10 : 9 = -0.301242
  -- 10 : 10 = 0.106753
  Inner Net 2
  -- 1 : 1 = 0.197288
  -- 1 : 2 = 0.256267
  -- 2 : 1 = -0.266718
  -- 2 : 2 = -0.135134
  -- 3 : 1 = 1
  -- 3 : 2 = -0.146961
  -- 4 : 1 = 0.147317
  -- 4 : 2 = -0.0721684
  -- 5 : 1 = -0.0757777
  -- 5 : 2 = -0.0941836
  -- 6 : 1 = 0.226021
  -- 6 : 2 = 0.448099
  -- 7 : 1 = -0.0462698
  -- 7 : 2 = -0.112609
  -- 8 : 1 = 0.0559509
  -- 8 : 2 = 0.311081
  -- 9 : 1 = -0.10667
  -- 9 : 2 = 0.148833
  -- 10 : 1 = 0.0412543
  -- 10 : 2 = 0.2876
Out\Act	False		True
False	0.492623	0.349357	0.84198
True	0.0594955	0.0985245	0.15802
	0.552118	0.447882
	Accuracy [ (tp + tn) / testSize ]: 0.591147
	Precision [ tp / (tp + fp) ]:      0.219745
	Sensitivity [ tp / (tp + fn) ]:    0.621622
	Specificity [ tn / (tn + fp) ]:    0.584746
	F-Score [ 2tp / (2tp + fp + fn) ]: 0.324961
Particle (12):: Fit: 52.8688	PB: 52.8688	LB: 62.654	GB: 63.1	Conf: 0.642216	Pts: 55863
Particle (14):: Fit: 56.3409	PB: 56.3409	LB: 62.654	GB: 63.1	Conf: 0.413004	Pts: 65864
Particle (48):: Fit: 49.2208	PB: 49.2208	LB: 63.1	GB: 63.1	Conf: 0.247799	Pts: 50557
Particle (6):: Fit: 48.5925	PB: 48.5925	LB: 63.1	GB: 63.1	Conf: 0.500176	Pts: 55663
Particle (22):: Fit: 51.0349	PB: 51.0349	LB: 61.6286	GB: 63.1	Conf: 0.568363	Pts: 55743
Particle (15):: Fit: 49.7451	PB: 49.7451	LB: 62.654	GB: 63.1	Conf: 0.282369	Pts: 80659
Particle (45):: Fit: 55.826	PB: 55.826	LB: 60.127	GB: 63.1	Conf: 0.389664	Pts: 60456
Particle (38):: Fit: 55.2125	PB: 55.2125	LB: 60.127	GB: 63.1	Conf: 0.764973	Pts: 55358
Particle (9):: Fit: 56.5416	PB: 56.5416	LB: 60.291	GB: 63.1	Conf: 0.674256	Pts: 240350
Particle (30):: Fit: 56.1387	PB: 56.1387	LB: 62.3234	GB: 63.1	Conf: 0.4632	Pts: 135357
Particle (41):: Fit: 51.7123	PB: 51.7123	LB: 60.127	GB: 63.1	Conf: 0.752209	Pts: 65254
Particle (44):: Fit: 58.7843	PB: 58.7843	LB: 60.127	GB: 63.1	Conf: 1.35974	Pts: 85655
Particle (1):: Fit: 51.3975	PB: 51.3975	LB: 63.1	GB: 63.1	Conf: 0.706248	Pts: 110653
Particle (15):: Fit: 56.2284	PB: 56.2284	LB: 62.654	GB: 63.1	Conf: 0.586046	Pts: 80753
Particle (7):: Fit: 60.8393	PB: 60.8393	LB: 61.2899	GB: 63.1	Conf: 0.479017	Pts: 90452
Particle (16):: Fit: 59.5913	PB: 59.5913	LB: 62.654	GB: 63.1	Conf: 0.663235	Pts: 120752
Particle (48):: Fit: 51.0785	PB: 51.0785	LB: 63.1	GB: 63.1	Conf: 0.847616	Pts: 50646
Particle (24):: Fit: 55.4015	PB: 55.4015	LB: 61.6286	GB: 63.1	Conf: 1.50762	Pts: 160551
Particle (25):: Fit: 54.4008	PB: 54.4008	LB: 61.6286	GB: 63.1	Conf: 0.268721	Pts: 55748
Particle (25):: Fit: 60.1393	PB: 60.1393	LB: 61.6286	GB: 63.1	Conf: 0.455405	Pts: 55841
Particle (3):: Fit: 55.6789	PB: 55.6789	LB: 63.1	GB: 63.1	Conf: 0.734398	Pts: 180441
Particle (27):: Fit: 62.873	PB: 62.873	LB: 62.873	GB: 63.1	Conf: 0.360225	Pts: 125621
Particle (6):: Fit: 56.0066	PB: 56.0066	LB: 63.1	GB: 63.1	Conf: 0.535271	Pts: 55737
Particle (28):: Fit: 56.1494	PB: 56.1494	LB: 62.873	GB: 63.1	Conf: 0.546469	Pts: 60838
Particle (3):: Fit: 55.7931	PB: 55.7931	LB: 63.1	GB: 63.1	Conf: 0.425567	Pts: 180535
Particle (35):: Fit: 51.4621	PB: 51.4621	LB: 62.3234	GB: 63.1	Conf: 0.819888	Pts: 75534
Particle (7):: Fit: 62.1584	PB: 62.1584	LB: 62.1584	GB: 63.1	Conf: 0.64053	Pts: 115534
Particle (37):: Fit: 67.1037	PB: 67.1037	LB: 67.1037	GB: 67.1037	Conf: 0.519816	Pts: 170520
Particle (48):: Fit: 56.481	PB: 56.481	LB: 63.1	GB: 67.1037	Conf: 0.800285	Pts: 50727
Global: 67.1037 - Correct: 93.75% of 16 tests
Global Best: 
  Inner Net 1
  -- 1 : 1 = 0.289922
  -- 1 : 2 = 0.135541
  -- 1 : 3 = -0.00316213
  -- 1 : 4 = 0.498722
  -- 1 : 5 = -0.0303406
  -- 1 : 6 = 0.157544
  -- 1 : 7 = 0.469206
  -- 1 : 8 = 0.208454
  -- 1 : 9 = -0.239685
  -- 1 : 10 = 0.170538
  -- 2 : 1 = 0.742481
  -- 2 : 2 = 0.0558523
  -- 2 : 3 = -0.25842
  -- 2 : 4 = 0.207739
  -- 2 : 5 = -0.302013
  -- 2 : 6 = 0.408345
  -- 2 : 7 = -0.0844533
  -- 2 : 8 = 0.0579044
  -- 2 : 9 = 0.120389
  -- 2 : 10 = 0.621651
  -- 3 : 1 = 0.434371
  -- 3 : 2 = 0.5
  -- 3 : 3 = 0.309132
  -- 3 : 4 = 0.22221
  -- 3 : 5 = 0.0293187
  -- 3 : 6 = 0.122224
  -- 3 : 7 = 0.1308
  -- 3 : 8 = 0.12065
  -- 3 : 9 = 0.079504
  -- 3 : 10 = -0.383155
  -- 4 : 1 = 0.471417
  -- 4 : 2 = 0.228917
  -- 4 : 3 = 0.476143
  -- 4 : 4 = 0.105658
  -- 4 : 5 = 0.221944
  -- 4 : 6 = 0.341885
  -- 4 : 7 = -0.234872
  -- 4 : 8 = 0.164641
  -- 4 : 9 = 0.201057
  -- 4 : 10 = 0.116405
  -- 5 : 1 = 0.5
  -- 5 : 2 = -0.18818
  -- 5 : 3 = 0.163101
  -- 5 : 4 = 0.0972615
  -- 5 : 5 = 0.384147
  -- 5 : 6 = -0.0242179
  -- 5 : 7 = 0.0554055
  -- 5 : 8 = 0.0449081
  -- 5 : 9 = 0.277832
  -- 5 : 10 = -0.127173
  -- 6 : 1 = 0.467329
  -- 6 : 2 = -0.214645
  -- 6 : 3 = 0.205719
  -- 6 : 4 = 0.29898
  -- 6 : 5 = 0.264748
  -- 6 : 6 = 0.451489
  -- 6 : 7 = 0.0296133
  -- 6 : 8 = 0.34782
  -- 6 : 9 = 0.295464
  -- 6 : 10 = 0.109425
  -- 7 : 1 = 0.429889
  -- 7 : 2 = 0.152926
  -- 7 : 3 = 0.370686
  -- 7 : 4 = 0.403578
  -- 7 : 5 = 0.296948
  -- 7 : 6 = 0.00392147
  -- 7 : 7 = 0.5
  -- 7 : 8 = -0.16364
  -- 7 : 9 = 0.0169149
  -- 7 : 10 = 0.449623
  -- 8 : 1 = 0.224014
  -- 8 : 2 = 0.488256
  -- 8 : 3 = 0.346654
  -- 8 : 4 = 0.164
  -- 8 : 5 = 0.736535
  -- 8 : 6 = 0.122963
  -- 8 : 7 = -0.117198
  -- 8 : 8 = 0.163652
  -- 8 : 9 = -0.0360876
  -- 8 : 10 = 0.366408
  -- 9 : 1 = 0.535037
  -- 9 : 2 = -0.184866
  -- 9 : 3 = 0.17226
  -- 9 : 4 = 0.288674
  -- 9 : 5 = -0.109764
  -- 9 : 6 = -0.219807
  -- 9 : 7 = 0.386045
  -- 9 : 8 = 0.303131
  -- 9 : 9 = -0.276337
  -- 9 : 10 = 0.23096
  -- 10 : 1 = 0.574105
  -- 10 : 2 = 0.602005
  -- 10 : 3 = 0.00338767
  -- 10 : 4 = -0.0580714
  -- 10 : 5 = 0.147461
  -- 10 : 6 = -0.225012
  -- 10 : 7 = 0.369136
  -- 10 : 8 = 0.094494
  -- 10 : 9 = 0.598873
  -- 10 : 10 = 0.919504
  Inner Net 2
  -- 1 : 1 = -0.269435
  -- 1 : 2 = -0.0252691
  -- 2 : 1 = 0.278863
  -- 2 : 2 = -0.0820292
  -- 3 : 1 = -0.0123735
  -- 3 : 2 = -0.140064
  -- 4 : 1 = 0.485173
  -- 4 : 2 = -0.12092
  -- 5 : 1 = 0.118425
  -- 5 : 2 = -0.101589
  -- 6 : 1 = 0.319684
  -- 6 : 2 = 0.0707968
  -- 7 : 1 = -0.137077
  -- 7 : 2 = -0.251357
  -- 8 : 1 = 0.53679
  -- 8 : 2 = 0.0137711
  -- 9 : 1 = 0.0960054
  -- 9 : 2 = -0.0529968
  -- 10 : 1 = 0.415195
  -- 10 : 2 = -0.219806
Out\Act	False		True
False	0.462161	0.379819	0.84198
True	0.0709186	0.0871014	0.15802
	0.533079	0.466921
	Accuracy [ (tp + tn) / testSize ]: 0.549262
	Precision [ tp / (tp + fp) ]:      0.186354
	Sensitivity [ tp / (tp + fn) ]:    0.54955
	Specificity [ tn / (tn + fp) ]:    0.548588
	F-Score [ 2tp / (2tp + fp + fn) ]: 0.278539
Particle (22):: Fit: 51.0841	PB: 51.0841	LB: 62.873	GB: 67.1037	Conf: 0.763362	Pts: 55814
Particle (30):: Fit: 62.8099	PB: 62.8099	LB: 62.873	GB: 67.1037	Conf: 0.696634	Pts: 135432
Particle (1):: Fit: 54.9239	PB: 54.9239	LB: 63.1	GB: 67.1037	Conf: 0.755557	Pts: 110730
Particle (10):: Fit: 55.0287	PB: 55.0287	LB: 62.1584	GB: 67.1037	Conf: 0.474709	Pts: 60328
Particle (0):: Fit: 53.0067	PB: 53.0067	LB: 63.1	GB: 67.1037	Conf: 0.670261	Pts: 110826
Particle (35):: Fit: 58.3764	PB: 58.3764	LB: 67.1037	GB: 67.1037	Conf: 0.771428	Pts: 75623
Particle (40):: Fit: 55.6342	PB: 55.6342	LB: 67.1037	GB: 67.1037	Conf: 0.660263	Pts: 125224
Particle (22):: Fit: 57.0947	PB: 57.0947	LB: 62.873	GB: 67.1037	Conf: 0.702196	Pts: 55905
Particle (42):: Fit: 60.4736	PB: 60.4736	LB: 60.4736	GB: 67.1037	Conf: 0.259738	Pts: 75921
Particle (35):: Fit: 61.7829	PB: 61.7829	LB: 67.1037	GB: 67.1037	Conf: 0.670656	Pts: 75719
Particle (47):: Fit: 58.512	PB: 58.512	LB: 63.1	GB: 67.1037	Conf: 0.627412	Pts: 50619
Particle (26):: Fit: 53.1796	PB: 53.1796	LB: 62.873	GB: 67.1037	Conf: 0.854461	Pts: 65619
Particle (12):: Fit: 54.9573	PB: 54.9573	LB: 62.654	GB: 67.1037	Conf: 0.359323	Pts: 55915
Particle (41):: Fit: 52.3604	PB: 52.3604	LB: 67.1037	GB: 67.1037	Conf: 0.649534	Pts: 65315
Particle (12):: Fit: 56.9257	PB: 56.9257	LB: 62.654	GB: 67.1037	Conf: 0.707376	Pts: 56009
Particle (38):: Fit: 56.3683	PB: 56.3683	LB: 67.1037	GB: 67.1037	Conf: 0.493584	Pts: 55411
Particle (13):: Fit: 60.3156	PB: 60.3156	LB: 62.654	GB: 67.1037	Conf: 0.30351	Pts: 140200
Particle (14):: Fit: 56.5494	PB: 56.5494	LB: 62.654	GB: 67.1037	Conf: 0.590566	Pts: 65908
Particle (32):: Fit: 61.3223	PB: 61.3223	LB: 67.1037	GB: 67.1037	Conf: 0.34349	Pts: 120301
Particle (40):: Fit: 56.0828	PB: 56.0828	LB: 67.1037	GB: 67.1037	Conf: 0.583845	Pts: 125304
Particle (38):: Fit: 60.1542	PB: 60.1542	LB: 67.1037	GB: 67.1037	Conf: 0.470997	Pts: 55503
Particle (18):: Fit: 56.9832	PB: 56.9832	LB: 62.654	GB: 67.1037	Conf: 0.650569	Pts: 55602
Particle (20):: Fit: 59.6577	PB: 59.6577	LB: 62.654	GB: 67.1037	Conf: 0.656674	Pts: 70587
Particle (3):: Fit: 56.4751	PB: 56.4751	LB: 63.1	GB: 67.1037	Conf: 0.804093	Pts: 180600
Particle (21):: Fit: 53.0771	PB: 53.0771	LB: 62.654	GB: 67.1037	Conf: 0.79115	Pts: 55496
Particle (40):: Fit: 56.4013	PB: 56.4013	LB: 67.1037	GB: 67.1037	Conf: 0.88705	Pts: 125395
Particle (28):: Fit: 57.1675	PB: 57.1675	LB: 62.873	GB: 67.1037	Conf: 0.82142	Pts: 60893
Particle (26):: Fit: 56.6511	PB: 56.6511	LB: 62.873	GB: 67.1037	Conf: 0.704514	Pts: 65689
Particle (48):: Fit: 56.5182	PB: 56.5182	LB: 63.1	GB: 67.1037	Conf: 0.608178	Pts: 50778
Particle (5):: Fit: 62.7662	PB: 62.7662	LB: 63.1	GB: 67.1037	Conf: 0.837807	Pts: 135281
Particle (9):: Fit: 58.3543	PB: 58.3543	LB: 62.7662	GB: 67.1037	Conf: 0.0436365	Pts: 240372
Particle (47):: Fit: 61.9584	PB: 61.9584	LB: 63.1	GB: 67.1037	Conf: 0.747873	Pts: 75661
Particle (48):: Fit: 61.3773	PB: 61.3773	LB: 63.1	GB: 67.1037	Conf: 0.50491	Pts: 50857
Particle (22):: Fit: 59.8303	PB: 59.8303	LB: 62.873	GB: 67.1037	Conf: 0.679552	Pts: 55939
Particle (36):: Fit: 61.9079	PB: 61.9079	LB: 67.1037	GB: 67.1037	Conf: 0.604742	Pts: 55556
Particle (11):: Fit: 56.2028	PB: 56.2028	LB: 62.1584	GB: 67.1037	Conf: 0.481644	Pts: 120239
Particle (40):: Fit: 56.452	PB: 56.452	LB: 67.1037	GB: 67.1037	Conf: 0.759348	Pts: 125444
Particle (15):: Fit: 56.494	PB: 56.494	LB: 62.654	GB: 67.1037	Conf: 0.833511	Pts: 80745
Particle (45):: Fit: 59.9502	PB: 59.9502	LB: 61.9584	GB: 67.1037	Conf: 0.771702	Pts: 60441
Particle (8):: Fit: 57.8524	PB: 57.8524	LB: 62.7662	GB: 67.1037	Conf: 0.66488	Pts: 55440
Particle (4):: Fit: 61.3447	PB: 61.3447	LB: 63.1	GB: 67.1037	Conf: 0.50652	Pts: 105738
Particle (41):: Fit: 57.0275	PB: 57.0275	LB: 67.1037	GB: 67.1037	Conf: 0.806828	Pts: 65335
Particle (45):: Fit: 60.3669	PB: 60.3669	LB: 61.9584	GB: 67.1037	Conf: 0.588298	Pts: 60531
Particle (34):: Fit: 62.517	PB: 62.517	LB: 67.1037	GB: 67.1037	Conf: 0.450947	Pts: 85231
Particle (46):: Fit: 60.1863	PB: 60.1863	LB: 61.9584	GB: 67.1037	Conf: 0.163528	Pts: 145621
Particle (38):: Fit: 61.3047	PB: 61.3047	LB: 67.1037	GB: 67.1037	Conf: 0.784211	Pts: 55522
Particle (3):: Fit: 57.2941	PB: 57.2941	LB: 63.1	GB: 67.1037	Conf: 0.871437	Pts: 180620
Particle (11):: Fit: 56.4511	PB: 56.4511	LB: 62.1584	GB: 67.1037	Conf: 0.311587	Pts: 120308
Particle (40):: Fit: 56.4869	PB: 56.4869	LB: 67.1037	GB: 67.1037	Conf: 0.78152	Pts: 125514
Particle (45):: Fit: 61.9906	PB: 61.9906	LB: 61.9906	GB: 67.1037	Conf: 0.475117	Pts: 85614
Particle (22):: Fit: 61.5698	PB: 61.5698	LB: 62.873	GB: 67.1037	Conf: 0.669627	Pts: 55996
Particle (21):: Fit: 55.0634	PB: 55.0634	LB: 62.654	GB: 67.1037	Conf: 0.71251	Pts: 55511
Particle (49):: Fit: 57.2905	PB: 57.2905	LB: 63.1	GB: 67.1037	Conf: 0.705829	Pts: 100403
Particle (46):: Fit: 61.3703	PB: 61.3703	LB: 61.9906	GB: 67.1037	Conf: 0.469411	Pts: 145705
Particle (0):: Fit: 56.8795	PB: 56.8795	LB: 63.1	GB: 67.1037	Conf: 0.622395	Pts: 110805
Particle (41):: Fit: 60.8119	PB: 60.8119	LB: 67.1037	GB: 67.1037	Conf: 0.483185	Pts: 65398
Particle (3):: Fit: 62.1176	PB: 62.1176	LB: 63.1	GB: 67.1037	Conf: 0.44437	Pts: 180689
Particle (0):: Fit: 58.1751	PB: 58.1751	LB: 63.1	GB: 67.1037	Conf: 0.712358	Pts: 110887
Particle (23):: Fit: 62.6207	PB: 62.6207	LB: 62.873	GB: 67.1037	Conf: 0.524432	Pts: 60488
Particle (42):: Fit: 60.9545	PB: 60.9545	LB: 61.9906	GB: 67.1037	Conf: 0.266739	Pts: 75882
Particle (12):: Fit: 57.885	PB: 57.885	LB: 62.654	GB: 67.1037	Conf: 0.671459	Pts: 55974
Particle (4):: Fit: 62.1598	PB: 62.1598	LB: 63.1	GB: 67.1037	Conf: 0.445761	Pts: 105779
Particle (21):: Fit: 56.2951	PB: 56.2951	LB: 62.654	GB: 67.1037	Conf: 0.447258	Pts: 55574
Particle (1):: Fit: 63.9833	PB: 63.9833	LB: 63.9833	GB: 67.1037	Conf: 0.614632	Pts: 160668
Particle (25):: Fit: 61.5377	PB: 61.5377	LB: 62.873	GB: 67.1037	Conf: 0.475319	Pts: 55765
Particle (39):: Fit: 63.6309	PB: 63.6309	LB: 67.1037	GB: 67.1037	Conf: 0.711175	Pts: 65465
Particle (43):: Fit: 62.3657	PB: 62.3657	LB: 63.6309	GB: 67.1037	Conf: 0.702976	Pts: 115347
Particle (14):: Fit: 56.805	PB: 56.805	LB: 62.654	GB: 67.1037	Conf: 0.562483	Pts: 65848
Particle (0):: Fit: 62.8719	PB: 62.8719	LB: 63.9833	GB: 67.1037	Conf: 0.808219	Pts: 115926
Particle (21):: Fit: 56.4917	PB: 56.4917	LB: 62.654	GB: 67.1037	Conf: 0.488158	Pts: 55615
Particle (40):: Fit: 56.6097	PB: 56.6097	LB: 67.1037	GB: 67.1037	Conf: 0.610669	Pts: 125503
Particle (30):: Fit: 65.8395	PB: 65.8395	LB: 65.8395	GB: 67.1037	Conf: 0.49712	Pts: 170301
Particle (22):: Fit: 61.9371	PB: 61.9371	LB: 62.873	GB: 67.1037	Conf: 0.615832	Pts: 55975
Particle (21):: Fit: 56.7878	PB: 56.7878	LB: 62.654	GB: 67.1037	Conf: 0.901784	Pts: 55682
Particle (15):: Fit: 65.2298	PB: 65.2298	LB: 65.2298	GB: 67.1037	Conf: 0.531941	Pts: 130682
Particle (21):: Fit: 61.5996	PB: 61.5996	LB: 62.654	GB: 67.1037	Conf: 0.773978	Pts: 55776
Particle (12):: Fit: 60.3549	PB: 60.3549	LB: 65.2298	GB: 67.1037	Conf: 0.538512	Pts: 55965
Particle (26):: Fit: 56.8102	PB: 56.8102	LB: 65.8395	GB: 67.1037	Conf: 0.64673	Pts: 65562
Particle (40):: Fit: 57.7567	PB: 57.7567	LB: 67.1037	GB: 67.1037	Conf: 0.81301	Pts: 125554
Particle (38):: Fit: 62.092	PB: 62.092	LB: 67.1037	GB: 67.1037	Conf: 0.61295	Pts: 55451
Particle (32):: Fit: 62.858	PB: 62.858	LB: 67.1037	GB: 67.1037	Conf: 0.665196	Pts: 120138
Particle (14):: Fit: 57.2198	PB: 57.2198	LB: 65.2298	GB: 67.1037	Conf: 0.564589	Pts: 65842
Particle (41):: Fit: 63.5714	PB: 63.5714	LB: 67.1037	GB: 67.1037	Conf: 0.796823	Pts: 75329
Particle (14):: Fit: 59.7741	PB: 59.7741	LB: 65.2298	GB: 67.1037	Conf: 0.54327	Pts: 65920
Particle (40):: Fit: 61.7209	PB: 61.7209	LB: 67.1037	GB: 67.1037	Conf: 0.891047	Pts: 125612
Particle (18):: Fit: 57.8663	PB: 57.8663	LB: 65.2298	GB: 67.1037	Conf: 0.136158	Pts: 55414
Particle (16):: Fit: 62.4825	PB: 62.4825	LB: 65.2298	GB: 67.1037	Conf: 0.619981	Pts: 120502
Particle (10):: Fit: 58.0337	PB: 58.0337	LB: 65.2298	GB: 67.1037	Conf: 0.607743	Pts: 60094
Particle (42):: Fit: 61.2613	PB: 61.2613	LB: 63.6309	GB: 67.1037	Conf: 0.658588	Pts: 75792
Particle (26):: Fit: 61.2489	PB: 61.2489	LB: 65.8395	GB: 67.1037	Conf: 0.456229	Pts: 65594
Particle (6):: Fit: 56.4427	PB: 56.4427	LB: 63.1	GB: 67.1037	Conf: 0.50247	Pts: 55482
Particle (9):: Fit: 62.9461	PB: 62.9461	LB: 62.9461	GB: 67.1037	Conf: 0.663898	Pts: 255174
Particle (33):: Fit: 61.5938	PB: 61.5938	LB: 67.1037	GB: 67.1037	Conf: 0.716532	Pts: 75057
Particle (6):: Fit: 61.6774	PB: 61.6774	LB: 63.1	GB: 67.1037	Conf: 0.32566	Pts: 55564
Particle (22):: Fit: 63.1457	PB: 63.1457	LB: 63.1457	GB: 67.1037	Conf: 0.223491	Pts: 80941
Particle (14):: Fit: 60.9249	PB: 60.9249	LB: 65.2298	GB: 67.1037	Conf: 0.437224	Pts: 65942
Particle (24):: Fit: 59.4671	PB: 59.4671	LB: 63.1457	GB: 67.1037	Conf: 0.513237	Pts: 160230
Particle (44):: Fit: 62.545	PB: 62.545	LB: 63.5714	GB: 67.1037	Conf: 0.591925	Pts: 85331
Particle (45):: Fit: 63.1815	PB: 63.1815	LB: 63.5714	GB: 67.1037	Conf: 0.395903	Pts: 85420
Particle (49):: Fit: 59.9641	PB: 59.9641	LB: 63.9833	GB: 67.1037	Conf: 0.613076	Pts: 100213
Particle (19):: Fit: 61.6572	PB: 61.6572	LB: 65.2298	GB: 67.1037	Conf: 0.366642	Pts: 55304
Particle (42):: Fit: 61.7299	PB: 61.7299	LB: 63.6309	GB: 67.1037	Conf: 0.447361	Pts: 75798
Particle (42):: Fit: 62.7511	PB: 62.7511	LB: 63.6309	GB: 67.1037	Conf: 0.825613	Pts: 75884
Particle (49):: Fit: 62.4582	PB: 62.4582	LB: 63.9833	GB: 67.1037	Conf: 0.534708	Pts: 100272
Particle (26):: Fit: 61.3012	PB: 61.3012	LB: 65.8395	GB: 67.1037	Conf: 0.540137	Pts: 65570
Particle (24):: Fit: 60.1374	PB: 60.1374	LB: 63.1457	GB: 67.1037	Conf: 0.476609	Pts: 160256
Particle (38):: Fit: 62.3406	PB: 62.3406	LB: 67.1037	GB: 67.1037	Conf: 0.585494	Pts: 55355
Particle (40):: Fit: 61.8795	PB: 61.8795	LB: 67.1037	GB: 67.1037	Conf: 0.627764	Pts: 125521
Particle (20):: Fit: 62.9416	PB: 62.9416	LB: 63.1457	GB: 67.1037	Conf: 0.824742	Pts: 70192
Particle (28):: Fit: 58.0878	PB: 58.0878	LB: 65.8395	GB: 67.1037	Conf: 0.801159	Pts: 60506
Particle (13):: Fit: 63.2176	PB: 63.2176	LB: 65.2298	GB: 67.1037	Conf: 0.708266	Pts: 149786
Particle (16):: Fit: 63.5936	PB: 63.5936	LB: 65.2298	GB: 67.1037	Conf: 0.536101	Pts: 125367
Particle (17):: Fit: 62.8915	PB: 62.8915	LB: 65.2298	GB: 67.1037	Conf: 0.848814	Pts: 119628
Particle (11):: Fit: 59.8296	PB: 59.8296	LB: 65.2298	GB: 67.1037	Conf: 0.30976	Pts: 119922
Particle (11):: Fit: 61.0502	PB: 61.0502	LB: 65.2298	GB: 67.1037	Conf: 0.193781	Pts: 119984
Particle (4):: Fit: 62.4592	PB: 62.4592	LB: 63.9833	GB: 67.1037	Conf: 0.482338	Pts: 105354
Particle (31):: Fit: 62.6455	PB: 62.6455	LB: 65.8395	GB: 67.1037	Conf: 0.714767	Pts: 104650
Particle (2):: Fit: 63.5906	PB: 63.5906	LB: 63.9833	GB: 67.1037	Conf: 0.28664	Pts: 174819
Particle (14):: Fit: 62.2158	PB: 62.2158	LB: 65.2298	GB: 67.1037	Conf: 0.621611	Pts: 65710
Particle (28):: Fit: 60.7336	PB: 60.7336	LB: 65.8395	GB: 67.1037	Conf: 0.497519	Pts: 60397
Particle (18):: Fit: 61.959	PB: 61.959	LB: 65.2298	GB: 67.1037	Conf: 0.719817	Pts: 55085
Particle (6):: Fit: 65.727	PB: 65.727	LB: 65.727	GB: 67.1037	Conf: 0.637782	Pts: 105226
Particle (21):: Fit: 62.2249	PB: 62.2249	LB: 63.1457	GB: 67.1037	Conf: 0.461545	Pts: 55301
Particle (41):: Fit: 66.598	PB: 66.598	LB: 67.1037	GB: 67.1037	Conf: 0.427119	Pts: 94889
Particle (36):: Fit: 62.0911	PB: 62.0911	LB: 67.1037	GB: 67.1037	Conf: 0.566342	Pts: 54901
Particle (38):: Fit: 62.7411	PB: 62.7411	LB: 67.1037	GB: 67.1037	Conf: 0.847326	Pts: 55087
Particle (33):: Fit: 62.8046	PB: 62.8046	LB: 67.1037	GB: 67.1037	Conf: 0.720917	Pts: 74658
Particle (21):: Fit: 64.6529	PB: 64.6529	LB: 64.6529	GB: 67.1037	Conf: 0.711564	Pts: 80365
Particle (28):: Fit: 62.6633	PB: 62.6633	LB: 65.8395	GB: 67.1037	Conf: 0.784877	Pts: 60369
Particle (49):: Fit: 65.2267	PB: 65.2267	LB: 65.2267	GB: 67.1037	Conf: 0.518827	Pts: 124948
Particle (4):: Fit: 62.7052	PB: 62.7052	LB: 65.727	GB: 67.1037	Conf: 0.716798	Pts: 105253
Particle (26):: Fit: 61.8373	PB: 61.8373	LB: 65.8395	GB: 67.1037	Conf: 0.579379	Pts: 65253
Particle (19):: Fit: 61.925	PB: 61.925	LB: 65.2298	GB: 67.1037	Conf: 0.566256	Pts: 54927
Particle (0):: Fit: 64.7204	PB: 64.7204	LB: 65.2267	GB: 67.1037	Conf: 0.850883	Pts: 115335
Particle (4):: Fit: 64.003	PB: 64.003	LB: 65.727	GB: 67.1037	Conf: 0.698329	Pts: 105311
Particle (38):: Fit: 63.3623	PB: 63.3623	LB: 67.1037	GB: 67.1037	Conf: 0.284869	Pts: 55113
Particle (40):: Fit: 62.0406	PB: 62.0406	LB: 67.1037	GB: 67.1037	Conf: 0.725821	Pts: 125183
Particle (26):: Fit: 65.5419	PB: 65.5419	LB: 65.8395	GB: 67.1037	Conf: 0.566224	Pts: 85290
Particle (35):: Fit: 62.9347	PB: 62.9347	LB: 67.1037	GB: 67.1037	Conf: 0.788979	Pts: 74873
Particle (43):: Fit: 62.8732	PB: 62.8732	LB: 66.598	GB: 67.1037	Conf: 0.931912	Pts: 114674
Particle (19):: Fit: 63.1917	PB: 63.1917	LB: 65.2298	GB: 67.1037	Conf: 0.411545	Pts: 54927
Particle (10):: Fit: 65.6337	PB: 65.6337	LB: 65.727	GB: 67.1037	Conf: 0.827905	Pts: 79513
Particle (34):: Fit: 62.7961	PB: 62.7961	LB: 67.1037	GB: 67.1037	Conf: 0.550171	Pts: 84399
Particle (48):: Fit: 62.7125	PB: 62.7125	LB: 65.2267	GB: 67.1037	Conf: 0.635171	Pts: 50007
Particle (29):: Fit: 62.8091	PB: 62.8091	LB: 65.8395	GB: 67.1037	Conf: 0.786817	Pts: 104490
Particle (40):: Fit: 63.1967	PB: 63.1967	LB: 67.1037	GB: 67.1037	Conf: 0.6668	Pts: 125110
Particle (44):: Fit: 62.7791	PB: 62.7791	LB: 66.598	GB: 67.1037	Conf: 0.7209	Pts: 84659
Particle (14):: Fit: 62.3005	PB: 62.3005	LB: 65.6337	GB: 67.1037	Conf: 0.353994	Pts: 65340
Particle (11):: Fit: 61.3472	PB: 61.3472	LB: 65.6337	GB: 67.1037	Conf: 0.250615	Pts: 119525
Particle (18):: Fit: 62.0259	PB: 62.0259	LB: 65.2298	GB: 67.1037	Conf: 0.457653	Pts: 54733
Particle (12):: Fit: 62.1621	PB: 62.1621	LB: 65.6337	GB: 67.1037	Conf: 0.45077	Pts: 55088
Particle (47):: Fit: 61.982	PB: 61.982	LB: 65.2267	GB: 67.1037	Conf: 0.725129	Pts: 74570
Particle (14):: Fit: 62.8947	PB: 62.8947	LB: 65.6337	GB: 67.1037	Conf: 0.792214	Pts: 65371
Particle (8):: Fit: 62.3218	PB: 62.3218	LB: 65.727	GB: 67.1037	Conf: 0.640004	Pts: 54329
Particle (11):: Fit: 67.3839	PB: 67.3839	LB: 67.3839	GB: 67.3839	Conf: 0.72655	Pts: 179516
Global: 67.3839 - Correct: 94.4444% of 18 tests
Global Best: 
  Inner Net 1
  -- 1 : 1 = 0.220838
  -- 1 : 2 = -0.323573
  -- 1 : 3 = -0.262655
  -- 1 : 4 = -0.127892
  -- 1 : 5 = 0.136332
  -- 1 : 6 = 0.32211
  -- 1 : 7 = 0.247666
  -- 1 : 8 = 0.0191778
  -- 1 : 9 = -0.209559
  -- 1 : 10 = 0.0680684
  -- 2 : 1 = 0.614206
  -- 2 : 2 = 0.130764
  -- 2 : 3 = 0.2006
  -- 2 : 4 = 0.333152
  -- 2 : 5 = -0.28071
  -- 2 : 6 = 0.315633
  -- 2 : 7 = 0.0147791
  -- 2 : 8 = -0.161009
  -- 2 : 9 = 0.128121
  -- 2 : 10 = 0.00531525
  -- 3 : 1 = 0.332056
  -- 3 : 2 = -0.361541
  -- 3 : 3 = 0.221303
  -- 3 : 4 = -0.170836
  -- 3 : 5 = -0.0473845
  -- 3 : 6 = 0.342918
  -- 3 : 7 = 0.656462
  -- 3 : 8 = 0.381845
  -- 3 : 9 = -0.0158978
  -- 3 : 10 = -0.169283
  -- 4 : 1 = -0.489223
  -- 4 : 2 = 0.0852875
  -- 4 : 3 = -0.05417
  -- 4 : 4 = 0.0834273
  -- 4 : 5 = -0.137118
  -- 4 : 6 = 0.0230302
  -- 4 : 7 = 0.1043
  -- 4 : 8 = -0.191152
  -- 4 : 9 = 0.0740714
  -- 4 : 10 = -0.0479256
  -- 5 : 1 = 0.0873356
  -- 5 : 2 = 0.107798
  -- 5 : 3 = 0.53137
  -- 5 : 4 = 0.0845971
  -- 5 : 5 = -0.0156771
  -- 5 : 6 = 0.375146
  -- 5 : 7 = -0.0963666
  -- 5 : 8 = -0.115989
  -- 5 : 9 = 0.0153501
  -- 5 : 10 = 0.405481
  -- 6 : 1 = 0.13532
  -- 6 : 2 = -0.316685
  -- 6 : 3 = 0.120342
  -- 6 : 4 = -0.578793
  -- 6 : 5 = 0.246903
  -- 6 : 6 = 0.167444
  -- 6 : 7 = 0.254732
  -- 6 : 8 = -0.128395
  -- 6 : 9 = 0.0604165
  -- 6 : 10 = 0.147502
  -- 7 : 1 = 0.0221715
  -- 7 : 2 = 0.0602703
  -- 7 : 3 = -0.0893855
  -- 7 : 4 = -0.293434
  -- 7 : 5 = 0.0392609
  -- 7 : 6 = -0.176425
  -- 7 : 7 = -0.0168653
  -- 7 : 8 = -0.140663
  -- 7 : 9 = 0.0767656
  -- 7 : 10 = -0.0877066
  -- 8 : 1 = -0.342864
  -- 8 : 2 = -0.20032
  -- 8 : 3 = -0.219622
  -- 8 : 4 = 0.00796529
  -- 8 : 5 = 0.16722
  -- 8 : 6 = 0.157396
  -- 8 : 7 = 0.13226
  -- 8 : 8 = 0.108232
  -- 8 : 9 = -0.277723
  -- 8 : 10 = 0.295212
  -- 9 : 1 = 0.774592
  -- 9 : 2 = 0.377476
  -- 9 : 3 = -0.039683
  -- 9 : 4 = 0.0823798
  -- 9 : 5 = 0.607547
  -- 9 : 6 = -0.0958065
  -- 9 : 7 = 0.18522
  -- 9 : 8 = -0.0525694
  -- 9 : 9 = -0.0998831
  -- 9 : 10 = -0.0865003
  -- 10 : 1 = 0.612837
  -- 10 : 2 = 0.0569138
  -- 10 : 3 = -0.0296827
  -- 10 : 4 = 0.121716
  -- 10 : 5 = 0.000621373
  -- 10 : 6 = 0.427734
  -- 10 : 7 = -0.172721
  -- 10 : 8 = 0.142176
  -- 10 : 9 = 0.0616016
  -- 10 : 10 = 0.364686
  Inner Net 2
  -- 1 : 1 = -0.215448
  -- 1 : 2 = -0.193985
  -- 2 : 1 = 0.152244
  -- 2 : 2 = 0.194516
  -- 3 : 1 = 0.0591635
  -- 3 : 2 = -0.102395
  -- 4 : 1 = -0.0242694
  -- 4 : 2 = -0.177918
  -- 5 : 1 = -0.32588
  -- 5 : 2 = 0.0297901
  -- 6 : 1 = 0.442145
  -- 6 : 2 = -0.29106
  -- 7 : 1 = -0.309311
  -- 7 : 2 = 0.0196141
  -- 8 : 1 = -0.131121
  -- 8 : 2 = 0.0679657
  -- 9 : 1 = 0.429137
  -- 9 : 2 = 0.162926
  -- 10 : 1 = 0.616514
  -- 10 : 2 = 0.294799
Out\Act	False		True
False	0.502618	0.339362	0.84198
True	0.066159	0.091861	0.15802
	0.568777	0.431223
	Accuracy [ (tp + tn) / testSize ]: 0.594479
	Precision [ tp / (tp + fp) ]:      0.212789
	Sensitivity [ tp / (tp + fn) ]:    0.57958
	Specificity [ tn / (tn + fp) ]:    0.59661
	F-Score [ 2tp / (2tp + fp + fn) ]: 0.311542
Particle (12):: Fit: 62.6001	PB: 62.6001	LB: 67.3839	GB: 67.3839	Conf: 0.555333	Pts: 55073
Particle (40):: Fit: 64.2153	PB: 64.2153	LB: 67.1037	GB: 67.3839	Conf: 0.700511	Pts: 124972
Particle (44):: Fit: 62.8482	PB: 62.8482	LB: 66.598	GB: 67.3839	Conf: 0.597286	Pts: 84555
Particle (19):: Fit: 63.3507	PB: 63.3507	LB: 65.2298	GB: 67.3839	Conf: 0.346413	Pts: 54629
Particle (36):: Fit: 62.838	PB: 62.838	LB: 67.1037	GB: 67.3839	Conf: 0.678525	Pts: 54415
Particle (25):: Fit: 61.5414	PB: 61.5414	LB: 65.8395	GB: 67.3839	Conf: 0.401922	Pts: 54551
Particle (45):: Fit: 63.2319	PB: 63.2319	LB: 66.598	GB: 67.3839	Conf: 0.482056	Pts: 84472
Particle (7):: Fit: 63.0863	PB: 63.0863	LB: 67.3839	GB: 67.3839	Conf: 0.492688	Pts: 114165
Particle (3):: Fit: 62.8491	PB: 62.8491	LB: 65.727	GB: 67.3839	Conf: 0.846183	Pts: 179410
Particle (18):: Fit: 63.9156	PB: 63.9156	LB: 65.2298	GB: 67.3839	Conf: 0.39575	Pts: 54515
Particle (47):: Fit: 62.5271	PB: 62.5271	LB: 65.2267	GB: 67.3839	Conf: 0.691244	Pts: 74382
Particle (5):: Fit: 62.8509	PB: 62.8509	LB: 65.727	GB: 67.3839	Conf: 0.853103	Pts: 133861
Particle (42):: Fit: 63.0135	PB: 63.0135	LB: 66.598	GB: 67.3839	Conf: 0.843409	Pts: 74852
Particle (42):: Fit: 63.3886	PB: 63.3886	LB: 66.598	GB: 67.3839	Conf: 0.46241	Pts: 74910
Particle (38):: Fit: 67.6639	PB: 67.6639	LB: 67.6639	GB: 67.6639	Conf: 0.612908	Pts: 114502
Global: 67.6639 - Correct: 94.1176% of 17 tests
Global Best: 
  Inner Net 1
  -- 1 : 1 = 0.368025
  -- 1 : 2 = -0.313805
  -- 1 : 3 = -0.187579
  -- 1 : 4 = 0.214759
  -- 1 : 5 = -0.285827
  -- 1 : 6 = 0.206593
  -- 1 : 7 = 0.0710636
  -- 1 : 8 = 0.192624
  -- 1 : 9 = -0.0542547
  -- 1 : 10 = -0.0756939
  -- 2 : 1 = 0.933996
  -- 2 : 2 = 0.533654
  -- 2 : 3 = 0.52513
  -- 2 : 4 = 0.157143
  -- 2 : 5 = 0.25264
  -- 2 : 6 = -0.510557
  -- 2 : 7 = -0.0727457
  -- 2 : 8 = -0.282256
  -- 2 : 9 = 0.0587506
  -- 2 : 10 = -0.0689996
  -- 3 : 1 = 0.438761
  -- 3 : 2 = -0.0527443
  -- 3 : 3 = 0.16904
  -- 3 : 4 = -0.0120868
  -- 3 : 5 = 0.0187985
  -- 3 : 6 = 0.336205
  -- 3 : 7 = -0.276217
  -- 3 : 8 = 0.0698591
  -- 3 : 9 = -0.180704
  -- 3 : 10 = -0.299687
  -- 4 : 1 = 0.287485
  -- 4 : 2 = -0.0642382
  -- 4 : 3 = 0.0139605
  -- 4 : 4 = 0.0181243
  -- 4 : 5 = 0.0718278
  -- 4 : 6 = -0.156126
  -- 4 : 7 = 0.0457746
  -- 4 : 8 = -0.199665
  -- 4 : 9 = -0.0498685
  -- 4 : 10 = 0.198123
  -- 5 : 1 = -0.0469587
  -- 5 : 2 = 0.413658
  -- 5 : 3 = 0.149112
  -- 5 : 4 = 0.0827324
  -- 5 : 5 = 0.0523268
  -- 5 : 6 = 0.138374
  -- 5 : 7 = 0.406832
  -- 5 : 8 = -0.167605
  -- 5 : 9 = 0.395669
  -- 5 : 10 = 0.393093
  -- 6 : 1 = 0.569779
  -- 6 : 2 = -0.629783
  -- 6 : 3 = -0.195494
  -- 6 : 4 = -0.340089
  -- 6 : 5 = -0.220402
  -- 6 : 6 = -0.236708
  -- 6 : 7 = 0.179549
  -- 6 : 8 = 0.423229
  -- 6 : 9 = -0.0370265
  -- 6 : 10 = -0.222901
  -- 7 : 1 = 0.124356
  -- 7 : 2 = -0.210858
  -- 7 : 3 = -0.0500854
  -- 7 : 4 = -0.0252028
  -- 7 : 5 = 0.0214789
  -- 7 : 6 = 0.294409
  -- 7 : 7 = -0.293689
  -- 7 : 8 = -0.393974
  -- 7 : 9 = 0.0321988
  -- 7 : 10 = 0.0117145
  -- 8 : 1 = 0.155348
  -- 8 : 2 = 0.179788
  -- 8 : 3 = -0.0206353
  -- 8 : 4 = -0.302719
  -- 8 : 5 = -0.168825
  -- 8 : 6 = 0.320131
  -- 8 : 7 = -0.520464
  -- 8 : 8 = 0.232817
  -- 8 : 9 = -0.557178
  -- 8 : 10 = 0.393905
  -- 9 : 1 = 0.564947
  -- 9 : 2 = -0.25063
  -- 9 : 3 = -0.226502
  -- 9 : 4 = -0.479285
  -- 9 : 5 = 0.0485389
  -- 9 : 6 = -0.184285
  -- 9 : 7 = 0.399334
  -- 9 : 8 = -0.00447109
  -- 9 : 9 = -0.0967976
  -- 9 : 10 = 0.0734563
  -- 10 : 1 = 0.435396
  -- 10 : 2 = -0.0938355
  -- 10 : 3 = -0.364627
  -- 10 : 4 = 0.0405343
  -- 10 : 5 = 0.00977032
  -- 10 : 6 = -0.0161588
  -- 10 : 7 = -0.201568
  -- 10 : 8 = -0.107031
  -- 10 : 9 = 0.237281
  -- 10 : 10 = 0.165536
  Inner Net 2
  -- 1 : 1 = -0.0391297
  -- 1 : 2 = -0.337198
  -- 2 : 1 = -0.438729
  -- 2 : 2 = 0.132248
  -- 3 : 1 = -0.0143564
  -- 3 : 2 = -0.378408
  -- 4 : 1 = 0.262703
  -- 4 : 2 = -0.118107
  -- 5 : 1 = 0.238611
  -- 5 : 2 = -0.336682
  -- 6 : 1 = -0.0470332
  -- 6 : 2 = -0.172161
  -- 7 : 1 = -0.339604
  -- 7 : 2 = -0.414498
  -- 8 : 1 = 0.224258
  -- 8 : 2 = 0.167148
  -- 9 : 1 = 0.00407714
  -- 9 : 2 = 0.0920108
  -- 10 : 1 = -0.253188
  -- 10 : 2 = -0.205227
Out\Act	False		True
False	0.439791	0.402189	0.84198
True	0.066159	0.091861	0.15802
	0.50595	0.49405
	Accuracy [ (tp + tn) / testSize ]: 0.531652
	Precision [ tp / (tp + fp) ]:      0.185756
	Sensitivity [ tp / (tp + fn) ]:    0.57958
	Specificity [ tn / (tn + fp) ]:    0.522034
	F-Score [ 2tp / (2tp + fp + fn) ]: 0.281546
Particle (46):: Fit: 61.4828	PB: 61.4828	LB: 65.2267	GB: 67.6639	Conf: 0.14844	Pts: 144267
Particle (47):: Fit: 63.1078	PB: 63.1078	LB: 65.2267	GB: 67.6639	Conf: 0.722259	Pts: 74333
Particle (29):: Fit: 64.9899	PB: 64.9899	LB: 65.8395	GB: 67.6639	Conf: 0.817919	Pts: 103955
Particle (35):: Fit: 67.2628	PB: 67.2628	LB: 67.6639	GB: 67.6639	Conf: 0.917866	Pts: 89164
Particle (31):: Fit: 64.6621	PB: 64.6621	LB: 67.2628	GB: 67.6639	Conf: 0.536207	Pts: 103654
Particle (32):: Fit: 62.9062	PB: 62.9062	LB: 67.2628	GB: 67.6639	Conf: 0.860108	Pts: 118716
Particle (22):: Fit: 64.0926	PB: 64.0926	LB: 65.5419	GB: 67.6639	Conf: 0.880216	Pts: 79574
Particle (3):: Fit: 63.3949	PB: 63.3949	LB: 65.727	GB: 67.6639	Conf: 0.756407	Pts: 179112
Particle (14):: Fit: 64.7563	PB: 64.7563	LB: 67.3839	GB: 67.6639	Conf: 0.6504	Pts: 64749
Particle (20):: Fit: 63.9021	PB: 63.9021	LB: 64.6529	GB: 67.6639	Conf: 0.451955	Pts: 68797
Particle (8):: Fit: 63.1137	PB: 63.1137	LB: 67.3839	GB: 67.6639	Conf: 0.754921	Pts: 53671
Particle (43):: Fit: 62.905	PB: 62.905	LB: 66.598	GB: 67.6639	Conf: 0.856101	Pts: 113656
Particle (12):: Fit: 62.6391	PB: 62.6391	LB: 67.3839	GB: 67.6639	Conf: 0.501277	Pts: 54435
Particle (9):: Fit: 66.3429	PB: 66.3429	LB: 67.3839	GB: 67.6639	Conf: 0.518132	Pts: 263417
Particle (12):: Fit: 63.1755	PB: 63.1755	LB: 67.3839	GB: 67.6639	Conf: 0.354	Pts: 54392
Particle (23):: Fit: 65.706	PB: 65.706	LB: 65.706	GB: 67.6639	Conf: 0.723546	Pts: 93343
Particle (21):: Fit: 64.8301	PB: 64.8301	LB: 65.706	GB: 67.6639	Conf: 0.710957	Pts: 78665
Particle (13):: Fit: 63.8859	PB: 63.8859	LB: 67.3839	GB: 67.6639	Conf: 0.831405	Pts: 147660
Particle (44):: Fit: 64.8765	PB: 64.8765	LB: 66.598	GB: 67.6639	Conf: 0.764748	Pts: 83179
Particle (8):: Fit: 63.3478	PB: 63.3478	LB: 67.3839	GB: 67.6639	Conf: 0.870894	Pts: 52896
Particle (33):: Fit: 62.9115	PB: 62.9115	LB: 67.6639	GB: 67.6639	Conf: 0.670464	Pts: 72602
Particle (24):: Fit: 61.7047	PB: 61.7047	LB: 65.706	GB: 67.6639	Conf: 0.457609	Pts: 157674
Particle (47):: Fit: 63.3242	PB: 63.3242	LB: 65.2267	GB: 67.6639	Conf: 0.685122	Pts: 72967
Particle (46):: Fit: 61.8894	PB: 61.8894	LB: 65.2267	GB: 67.6639	Conf: 0.209915	Pts: 142812
Particle (36):: Fit: 64.8717	PB: 64.8717	LB: 67.6639	GB: 67.6639	Conf: 0.730825	Pts: 52762
Particle (13):: Fit: 66.1389	PB: 66.1389	LB: 67.3839	GB: 67.6639	Conf: 0.864942	Pts: 157289
Particle (29):: Fit: 65.0405	PB: 65.0405	LB: 65.8395	GB: 67.6639	Conf: 0.619914	Pts: 102406
Particle (19):: Fit: 63.6616	PB: 63.6616	LB: 65.706	GB: 67.6639	Conf: 0.374543	Pts: 52726
Particle (48):: Fit: 62.7593	PB: 62.7593	LB: 65.2267	GB: 67.6639	Conf: 0.432503	Pts: 47766
Particle (38):: Fit: 67.7702	PB: 67.7702	LB: 67.7702	GB: 67.7702	Conf: 0.673671	Pts: 172867
Global: 67.7702 - Correct: 94.7368% of 19 tests
Global Best: 
  Inner Net 1
  -- 1 : 1 = 0.0446175
  -- 1 : 2 = -0.138202
  -- 1 : 3 = -0.0444611
  -- 1 : 4 = 0.331903
  -- 1 : 5 = -0.128982
  -- 1 : 6 = 0.211861
  -- 1 : 7 = 0.202798
  -- 1 : 8 = -0.0593746
  -- 1 : 9 = -0.201491
  -- 1 : 10 = -0.277582
  -- 2 : 1 = 0
  -- 2 : 2 = 0.236162
  -- 2 : 3 = 0.266641
  -- 2 : 4 = 0.0157907
  -- 2 : 5 = 0.386813
  -- 2 : 6 = -0.6703
  -- 2 : 7 = -0.312392
  -- 2 : 8 = 0.0109648
  -- 2 : 9 = 0.189959
  -- 2 : 10 = -0.0171057
  -- 3 : 1 = 0.455257
  -- 3 : 2 = 0.113474
  -- 3 : 3 = 0.223991
  -- 3 : 4 = 0.277632
  -- 3 : 5 = -0.023305
  -- 3 : 6 = 0.278418
  -- 3 : 7 = 0.0230949
  -- 3 : 8 = 0.188151
  -- 3 : 9 = 0.00316618
  -- 3 : 10 = -0.316793
  -- 4 : 1 = 0.122647
  -- 4 : 2 = 0.453518
  -- 4 : 3 = -0.000738666
  -- 4 : 4 = -0.114662
  -- 4 : 5 = 0.237735
  -- 4 : 6 = 0.230823
  -- 4 : 7 = -0.433615
  -- 4 : 8 = 0.18274
  -- 4 : 9 = -0.195991
  -- 4 : 10 = 0.320161
  -- 5 : 1 = 0.0195599
  -- 5 : 2 = 0.631648
  -- 5 : 3 = 0.431803
  -- 5 : 4 = -0.0330521
  -- 5 : 5 = -0.246714
  -- 5 : 6 = 0.206216
  -- 5 : 7 = -0.0715652
  -- 5 : 8 = -0.444187
  -- 5 : 9 = 0.16941
  -- 5 : 10 = 0.131984
  -- 6 : 1 = 0.666539
  -- 6 : 2 = -0.171147
  -- 6 : 3 = -0.238375
  -- 6 : 4 = -0.373193
  -- 6 : 5 = -0.195335
  -- 6 : 6 = 0.354725
  -- 6 : 7 = -0.0103802
  -- 6 : 8 = 0.181669
  -- 6 : 9 = -0.0942765
  -- 6 : 10 = 0.105633
  -- 7 : 1 = 0.0254773
  -- 7 : 2 = -0.0338972
  -- 7 : 3 = 0.143578
  -- 7 : 4 = -0.0400956
  -- 7 : 5 = -0.193178
  -- 7 : 6 = 0.0747851
  -- 7 : 7 = 0.227587
  -- 7 : 8 = 0.0592971
  -- 7 : 9 = 0.0783231
  -- 7 : 10 = -0.133731
  -- 8 : 1 = 0.203234
  -- 8 : 2 = 0.0886397
  -- 8 : 3 = 0.0406471
  -- 8 : 4 = -0.538439
  -- 8 : 5 = -0.156919
  -- 8 : 6 = -0.0122482
  -- 8 : 7 = 0.00899792
  -- 8 : 8 = 0.312485
  -- 8 : 9 = -0.335996
  -- 8 : 10 = -0.302321
  -- 9 : 1 = 0.407703
  -- 9 : 2 = -0.141794
  -- 9 : 3 = -0.384728
  -- 9 : 4 = 0.126594
  -- 9 : 5 = 0.0649833
  -- 9 : 6 = -0.359931
  -- 9 : 7 = 0.572007
  -- 9 : 8 = -0.00215431
  -- 9 : 9 = 0.224049
  -- 9 : 10 = 0.0700635
  -- 10 : 1 = 0.435223
  -- 10 : 2 = 0.0726492
  -- 10 : 3 = -0.504546
  -- 10 : 4 = -0.0253926
  -- 10 : 5 = -0.0348495
  -- 10 : 6 = -0.0722582
  -- 10 : 7 = -0.283383
  -- 10 : 8 = -0.180731
  -- 10 : 9 = -0.125717
  -- 10 : 10 = 0.138559
  Inner Net 2
  -- 1 : 1 = -0.0391297
  -- 1 : 2 = -0.337198
  -- 2 : 1 = -0.438729
  -- 2 : 2 = 0.132248
  -- 3 : 1 = -0.0143564
  -- 3 : 2 = -0.378408
  -- 4 : 1 = 0.262703
  -- 4 : 2 = -0.118107
  -- 5 : 1 = 0.238611
  -- 5 : 2 = -0.336682
  -- 6 : 1 = -0.0470332
  -- 6 : 2 = -0.172161
  -- 7 : 1 = -0.339604
  -- 7 : 2 = -0.414498
  -- 8 : 1 = 0.224258
  -- 8 : 2 = 0.167148
  -- 9 : 1 = 0.00407714
  -- 9 : 2 = 0.0920108
  -- 10 : 1 = -0.253188
  -- 10 : 2 = -0.205227
Out\Act	False		True
False	0.219895	0.622085	0.84198
True	0.0337934	0.124227	0.15802
	0.253689	0.746311
	Accuracy [ (tp + tn) / testSize ]: 0.344122
	Precision [ tp / (tp + fp) ]:      0.166348
	Sensitivity [ tp / (tp + fn) ]:    0.783784
	Specificity [ tn / (tn + fp) ]:    0.261017
	F-Score [ 2tp / (2tp + fp + fn) ]: 0.274592
Particle (4):: Fit: 64.5277	PB: 64.5277	LB: 66.3429	GB: 67.7702	Conf: 0.407414	Pts: 102932
Particle (39):: Fit: 64.3111	PB: 64.3111	LB: 67.7702	GB: 67.7702	Conf: 0.457589	Pts: 62108
Particle (34):: Fit: 63.2523	PB: 63.2523	LB: 67.7702	GB: 67.7702	Conf: 0.914848	Pts: 81839
Particle (28):: Fit: 62.7772	PB: 62.7772	LB: 65.8395	GB: 67.7702	Conf: 0.795852	Pts: 57530
Particle (25):: Fit: 61.8229	PB: 61.8229	LB: 65.8395	GB: 67.7702	Conf: 0.583247	Pts: 52028
Particle (33):: Fit: 63.0345	PB: 63.0345	LB: 67.7702	GB: 67.7702	Conf: 0.764883	Pts: 71585
Particle (28):: Fit: 62.9861	PB: 62.9861	LB: 65.8395	GB: 67.7702	Conf: 0.738519	Pts: 57224
Particle (33):: Fit: 63.5128	PB: 63.5128	LB: 67.7702	GB: 67.7702	Conf: 0.731601	Pts: 71402
Particle (4):: Fit: 66.3127	PB: 66.3127	LB: 66.3429	GB: 67.7702	Conf: 0.4724	Pts: 126982
Particle (28):: Fit: 63.6455	PB: 63.6455	LB: 65.8395	GB: 67.7702	Conf: 0.489146	Pts: 57045
Particle (48):: Fit: 63.2287	PB: 63.2287	LB: 65.2267	GB: 67.7702	Conf: 0.768661	Pts: 46703
Particle (7):: Fit: 63.6647	PB: 63.6647	LB: 67.3839	GB: 67.7702	Conf: 0.379182	Pts: 111150
Particle (27):: Fit: 63.681	PB: 63.681	LB: 65.8395	GB: 67.7702	Conf: 0.836167	Pts: 120941
Particle (5):: Fit: 63.7557	PB: 63.7557	LB: 66.3429	GB: 67.7702	Conf: 0.715394	Pts: 130727
Particle (33):: Fit: 65.362	PB: 65.362	LB: 67.7702	GB: 67.7702	Conf: 0.398752	Pts: 70974
Particle (21):: Fit: 66.0429	PB: 66.0429	LB: 66.0429	GB: 67.7702	Conf: 0.685144	Pts: 116409
Particle (44):: Fit: 65.6218	PB: 65.6218	LB: 66.598	GB: 67.7702	Conf: 0.21886	Pts: 96137
Global Best: 
  Inner Net 1
  -- 1 : 1 = 0.0446175
  -- 1 : 2 = -0.138202
  -- 1 : 3 = -0.0444611
  -- 1 : 4 = 0.331903
  -- 1 : 5 = -0.128982
  -- 1 : 6 = 0.211861
  -- 1 : 7 = 0.202798
  -- 1 : 8 = -0.0593746
  -- 1 : 9 = -0.201491
  -- 1 : 10 = -0.277582
  -- 2 : 1 = 0
  -- 2 : 2 = 0.236162
  -- 2 : 3 = 0.266641
  -- 2 : 4 = 0.0157907
  -- 2 : 5 = 0.386813
  -- 2 : 6 = -0.6703
  -- 2 : 7 = -0.312392
  -- 2 : 8 = 0.0109648
  -- 2 : 9 = 0.189959
  -- 2 : 10 = -0.0171057
  -- 3 : 1 = 0.455257
  -- 3 : 2 = 0.113474
  -- 3 : 3 = 0.223991
  -- 3 : 4 = 0.277632
  -- 3 : 5 = -0.023305
  -- 3 : 6 = 0.278418
  -- 3 : 7 = 0.0230949
  -- 3 : 8 = 0.188151
  -- 3 : 9 = 0.00316618
  -- 3 : 10 = -0.316793
  -- 4 : 1 = 0.122647
  -- 4 : 2 = 0.453518
  -- 4 : 3 = -0.000738666
  -- 4 : 4 = -0.114662
  -- 4 : 5 = 0.237735
  -- 4 : 6 = 0.230823
  -- 4 : 7 = -0.433615
  -- 4 : 8 = 0.18274
  -- 4 : 9 = -0.195991
  -- 4 : 10 = 0.320161
  -- 5 : 1 = 0.0195599
  -- 5 : 2 = 0.631648
  -- 5 : 3 = 0.431803
  -- 5 : 4 = -0.0330521
  -- 5 : 5 = -0.246714
  -- 5 : 6 = 0.206216
  -- 5 : 7 = -0.0715652
  -- 5 : 8 = -0.444187
  -- 5 : 9 = 0.16941
  -- 5 : 10 = 0.131984
  -- 6 : 1 = 0.666539
  -- 6 : 2 = -0.171147
  -- 6 : 3 = -0.238375
  -- 6 : 4 = -0.373193
  -- 6 : 5 = -0.195335
  -- 6 : 6 = 0.354725
  -- 6 : 7 = -0.0103802
  -- 6 : 8 = 0.181669
  -- 6 : 9 = -0.0942765
  -- 6 : 10 = 0.105633
  -- 7 : 1 = 0.0254773
  -- 7 : 2 = -0.0338972
  -- 7 : 3 = 0.143578
  -- 7 : 4 = -0.0400956
  -- 7 : 5 = -0.193178
  -- 7 : 6 = 0.0747851
  -- 7 : 7 = 0.227587
  -- 7 : 8 = 0.0592971
  -- 7 : 9 = 0.0783231
  -- 7 : 10 = -0.133731
  -- 8 : 1 = 0.203234
  -- 8 : 2 = 0.0886397
  -- 8 : 3 = 0.0406471
  -- 8 : 4 = -0.538439
  -- 8 : 5 = -0.156919
  -- 8 : 6 = -0.0122482
  -- 8 : 7 = 0.00899792
  -- 8 : 8 = 0.312485
  -- 8 : 9 = -0.335996
  -- 8 : 10 = -0.302321
  -- 9 : 1 = 0.407703
  -- 9 : 2 = -0.141794
  -- 9 : 3 = -0.384728
  -- 9 : 4 = 0.126594
  -- 9 : 5 = 0.0649833
  -- 9 : 6 = -0.359931
  -- 9 : 7 = 0.572007
  -- 9 : 8 = -0.00215431
  -- 9 : 9 = 0.224049
  -- 9 : 10 = 0.0700635
  -- 10 : 1 = 0.435223
  -- 10 : 2 = 0.0726492
  -- 10 : 3 = -0.504546
  -- 10 : 4 = -0.0253926
  -- 10 : 5 = -0.0348495
  -- 10 : 6 = -0.0722582
  -- 10 : 7 = -0.283383
  -- 10 : 8 = -0.180731
  -- 10 : 9 = -0.125717
  -- 10 : 10 = 0.138559
  Inner Net 2
  -- 1 : 1 = -0.0391297
  -- 1 : 2 = -0.337198
  -- 2 : 1 = -0.438729
  -- 2 : 2 = 0.132248
  -- 3 : 1 = -0.0143564
  -- 3 : 2 = -0.378408
  -- 4 : 1 = 0.262703
  -- 4 : 2 = -0.118107
  -- 5 : 1 = 0.238611
  -- 5 : 2 = -0.336682
  -- 6 : 1 = -0.0470332
  -- 6 : 2 = -0.172161
  -- 7 : 1 = -0.339604
  -- 7 : 2 = -0.414498
  -- 8 : 1 = 0.224258
  -- 8 : 2 = 0.167148
  -- 9 : 1 = 0.00407714
  -- 9 : 2 = 0.0920108
  -- 10 : 1 = -0.253188
  -- 10 : 2 = -0.205227
Out\Act	False		True
False	0.219895	0.622085	0.84198
True	0.0337934	0.124227	0.15802
	0.253689	0.746311
	Accuracy [ (tp + tn) / testSize ]: 0.344122
	Precision [ tp / (tp + fp) ]:      0.166348
	Sensitivity [ tp / (tp + fn) ]:    0.783784
	Specificity [ tn / (tn + fp) ]:    0.261017
	F-Score [ 2tp / (2tp + fp + fn) ]: 0.274592
