
Date / Time: Fri Mar 31 01:48:32 2017

   ****************************************
   * PSO Neural Net (Gaussian Activation) *
   *       by William Boler, BSCE         *
   *     Research Assistant, IUPUI        *
   *                                      *
   *  Professor: Dr. Lauren Christopher   *
   *     Created: March 13, 2017          *
   ****************************************


Inputs: 10
Inner Nets: 1
 - 9
Tests per train(min): 100
Particles: 50
Neighbors: 10
Minimum Particle Iterations: 1000
Particle (0):: Fit: 162.968	PB: 162.968	LB: 162.968	GB: 162.968	Conf: 1.77306	Pts: 110099
Particle (1):: Fit: 171.955	PB: 171.955	LB: 171.955	GB: 171.955	Conf: 1.98484	Pts: 110099
Particle (2):: Fit: 0.00153972	PB: 0.00153972	LB: 171.955	GB: 171.955	Conf: 2	Pts: 55099
Particle (3):: Fit: 16.7421	PB: 16.7421	LB: 171.955	GB: 171.955	Conf: 2	Pts: 60099
Particle (4):: Fit: 15.8068	PB: 15.8068	LB: 171.955	GB: 171.955	Conf: 1.97302	Pts: 55099
Particle (5):: Fit: 1.56817	PB: 1.56817	LB: 171.955	GB: 171.955	Conf: 0.639091	Pts: 55099
Particle (6):: Fit: 0.00157057	PB: 0.00157057	LB: 16.7421	GB: 171.955	Conf: 1.86081	Pts: 55099
Particle (7):: Fit: 1.559	PB: 1.559	LB: 16.7421	GB: 171.955	Conf: 2	Pts: 60099
Particle (8):: Fit: 0.00150108	PB: 0.00150108	LB: 15.8068	GB: 171.955	Conf: 2	Pts: 55099
Particle (9):: Fit: 16.359	PB: 16.359	LB: 16.359	GB: 171.955	Conf: 2	Pts: 80099
Particle (10):: Fit: 0.00146234	PB: 0.00146234	LB: 16.359	GB: 171.955	Conf: 2	Pts: 55099
Particle (11):: Fit: 17.1245	PB: 17.1245	LB: 17.1245	GB: 171.955	Conf: 2	Pts: 100099
Particle (12):: Fit: 16.7398	PB: 16.7398	LB: 17.1245	GB: 171.955	Conf: 1.98675	Pts: 55099
Particle (13):: Fit: 132.554	PB: 132.554	LB: 132.554	GB: 171.955	Conf: 0.812773	Pts: 100099
Particle (14):: Fit: 0.00148266	PB: 0.00148266	LB: 132.554	GB: 171.955	Conf: 1.63154	Pts: 55099
Particle (15):: Fit: 0.00140632	PB: 0.00140632	LB: 132.554	GB: 171.955	Conf: 1.85825	Pts: 55099
Particle (16):: Fit: 16.359	PB: 16.359	LB: 132.554	GB: 171.955	Conf: 2	Pts: 65099
Particle (17):: Fit: 0.0014916	PB: 0.0014916	LB: 132.554	GB: 171.955	Conf: 1.92437	Pts: 55099
Particle (18):: Fit: 0.00148172	PB: 0.00148172	LB: 16.359	GB: 171.955	Conf: 2	Pts: 55099
Particle (19):: Fit: 16.3715	PB: 16.3715	LB: 16.3715	GB: 171.955	Conf: 1.40063	Pts: 80099
Particle (20):: Fit: 0.00148169	PB: 0.00148169	LB: 16.3715	GB: 171.955	Conf: 1.98459	Pts: 55099
Particle (21):: Fit: 0.0012617	PB: 0.0012617	LB: 16.3715	GB: 171.955	Conf: 1.14403	Pts: 55099
Particle (22):: Fit: 16.1675	PB: 16.1675	LB: 16.3715	GB: 171.955	Conf: 1.9461	Pts: 65099
Particle (23):: Fit: 1.55913	PB: 1.55913	LB: 16.3715	GB: 171.955	Conf: 1.98213	Pts: 55099
Particle (24):: Fit: 15.7826	PB: 15.7826	LB: 16.1675	GB: 171.955	Conf: 2	Pts: 60099
Particle (25):: Fit: 0.00152041	PB: 0.00152041	LB: 16.1675	GB: 171.955	Conf: 2	Pts: 55099
Particle (26):: Fit: 17.1245	PB: 17.1245	LB: 17.1245	GB: 171.955	Conf: 2	Pts: 100099
Particle (27):: Fit: 0.00150108	PB: 0.00150108	LB: 17.1245	GB: 171.955	Conf: 2	Pts: 55099
Particle (28):: Fit: 0.00140403	PB: 0.00140403	LB: 17.1245	GB: 171.955	Conf: 2	Pts: 55099
Particle (29):: Fit: 0.00152041	PB: 0.00152041	LB: 17.1245	GB: 171.955	Conf: 2	Pts: 65099
Particle (30):: Fit: 176.361	PB: 176.361	LB: 176.361	GB: 176.361	Conf: 1.92531	Pts: 110099
Particle (31):: Fit: 15.5286	PB: 15.5286	LB: 176.361	GB: 176.361	Conf: 1.96245	Pts: 55099
Particle (32):: Fit: 0.00145707	PB: 0.00145707	LB: 176.361	GB: 176.361	Conf: 1.8149	Pts: 55099
Particle (33):: Fit: 16.7421	PB: 16.7421	LB: 176.361	GB: 176.361	Conf: 2	Pts: 65099
Particle (34):: Fit: 15.8578	PB: 15.8578	LB: 176.361	GB: 176.361	Conf: 1.93403	Pts: 55099
Particle (35):: Fit: 0.00150108	PB: 0.00150108	LB: 16.7421	GB: 176.361	Conf: 2	Pts: 55099
Particle (36):: Fit: 16.4004	PB: 16.4004	LB: 16.7421	GB: 176.361	Conf: 1.18461	Pts: 65099
Particle (37):: Fit: 9.3741e-005	PB: 9.3741e-005	LB: 16.7421	GB: 176.361	Conf: 0.6604	Pts: 55099
Particle (38):: Fit: 15.8143	PB: 15.8143	LB: 16.4004	GB: 176.361	Conf: 1.46958	Pts: 60099
Particle (39):: Fit: 15.7944	PB: 15.7944	LB: 16.4004	GB: 176.361	Conf: 1.17351	Pts: 55099
Particle (40):: Fit: 15.9749	PB: 15.9749	LB: 16.4004	GB: 176.361	Conf: 2	Pts: 70099
Particle (41):: Fit: 0.00108841	PB: 0.00108841	LB: 15.9749	GB: 176.361	Conf: 1.05822	Pts: 50099
Particle (42):: Fit: 8.62559e-005	PB: 8.62559e-005	LB: 15.9749	GB: 176.361	Conf: 0.0979392	Pts: 50099
Particle (43):: Fit: 16.5506	PB: 16.5506	LB: 16.5506	GB: 176.361	Conf: 2	Pts: 85099
Particle (44):: Fit: 0.00117939	PB: 0.00117939	LB: 16.5506	GB: 176.361	Conf: 0.963909	Pts: 50099
Particle (45):: Fit: 15.8636	PB: 15.8636	LB: 162.968	GB: 176.361	Conf: 0.562978	Pts: 50099
Particle (46):: Fit: 0.00153972	PB: 0.00153972	LB: 171.955	GB: 176.361	Conf: 2	Pts: 50099
Particle (47):: Fit: 0.0129196	PB: 0.0129196	LB: 171.955	GB: 176.361	Conf: 1.09598	Pts: 50099
Particle (48):: Fit: 1.56436	PB: 1.56436	LB: 171.955	GB: 176.361	Conf: 0.943724	Pts: 50099
Particle (49):: Fit: 0.00146234	PB: 0.00146234	LB: 171.955	GB: 176.361	Conf: 2	Pts: 50099
Global: 176.361 - Correct: 46% of 100 tests
Global Best: 
  Inner Net 1
  -- 1 : 1 = 0.0787
  -- 1 : 2 = 0.4862
  -- 1 : 3 = 0.1275
  -- 1 : 4 = 0.2471
  -- 1 : 5 = 0.1964
  -- 1 : 6 = 0.3183
  -- 1 : 7 = 0.1229
  -- 1 : 8 = 0.6414
  -- 1 : 9 = 0.2138
  -- 2 : 1 = 0.5928
  -- 2 : 2 = 0.9643
  -- 2 : 3 = 0.7425
  -- 2 : 4 = 0.6688
  -- 2 : 5 = 0.5887
  -- 2 : 6 = 0.6668
  -- 2 : 7 = 0.3704
  -- 2 : 8 = 0.4994
  -- 2 : 9 = 0.1493
  -- 3 : 1 = 0.242
  -- 3 : 2 = 0.7203
  -- 3 : 3 = 0.3263
  -- 3 : 4 = 0.0928
  -- 3 : 5 = 0.2971
  -- 3 : 6 = 0.6097
  -- 3 : 7 = 0.4383
  -- 3 : 8 = 0.3705
  -- 3 : 9 = 0.5932
  -- 4 : 1 = 0.0862
  -- 4 : 2 = 0.8905
  -- 4 : 3 = 0.86
  -- 4 : 4 = 0.3451
  -- 4 : 5 = 0.662
  -- 4 : 6 = 0.0199
  -- 4 : 7 = 0.5052
  -- 4 : 8 = 0.0027
  -- 4 : 9 = 0.7814
  -- 5 : 1 = 0.5998
  -- 5 : 2 = 0.3087
  -- 5 : 3 = 0.1071
  -- 5 : 4 = 0.8129
  -- 5 : 5 = 0.5705
  -- 5 : 6 = 0.5642
  -- 5 : 7 = 0.3647
  -- 5 : 8 = 0.4692
  -- 5 : 9 = 0.9989
  -- 6 : 1 = 0.6485
  -- 6 : 2 = 0.0862
  -- 6 : 3 = 0.6682
  -- 6 : 4 = 0.0962
  -- 6 : 5 = 0.3953
  -- 6 : 6 = 0.1321
  -- 6 : 7 = 0.3989
  -- 6 : 8 = 0.284
  -- 6 : 9 = 0.0746
  -- 7 : 1 = 0.4514
  -- 7 : 2 = 0.4997
  -- 7 : 3 = 0.2921
  -- 7 : 4 = 0.0615
  -- 7 : 5 = 0.4158
  -- 7 : 6 = 0.5721
  -- 7 : 7 = 0.911
  -- 7 : 8 = 0.0515
  -- 7 : 9 = 0.2059
  -- 8 : 1 = 0.3397
  -- 8 : 2 = 0.6421
  -- 8 : 3 = 0.0737
  -- 8 : 4 = 0.5607
  -- 8 : 5 = 0.4885
  -- 8 : 6 = 0.0368
  -- 8 : 7 = 0.8812
  -- 8 : 8 = 0.6349
  -- 8 : 9 = 0.4848
  -- 9 : 1 = 0.8625
  -- 9 : 2 = 0.8029
  -- 9 : 3 = 0.6801
  -- 9 : 4 = 0.5153
  -- 9 : 5 = 0.2237
  -- 9 : 6 = 0.1888
  -- 9 : 7 = 0.739
  -- 9 : 8 = 0.133
  -- 9 : 9 = 0.8223
  -- 10 : 1 = 0.4249
  -- 10 : 2 = 0.7741
  -- 10 : 3 = 0.345
  -- 10 : 4 = 0.5927
  -- 10 : 5 = 0.3731
  -- 10 : 6 = 0.8857
  -- 10 : 7 = 0.0905
  -- 10 : 8 = 0.3586
  -- 10 : 9 = 0.0441
  Inner Net 2
  -- 1 : 1 = 0.2441
  -- 1 : 2 = -0.211711
  -- 2 : 1 = 0.4003
  -- 2 : 2 = 0.0140565
  -- 3 : 1 = -0.353905
  -- 3 : 2 = -0.090329
  -- 4 : 1 = 0.1322
  -- 4 : 2 = 0.3421
  -- 5 : 1 = -0.305268
  -- 5 : 2 = -0.1933
  -- 6 : 1 = -0.128271
  -- 6 : 2 = -0.2108
  -- 7 : 1 = -0.0122
  -- 7 : 2 = -0.0633288
  -- 8 : 1 = 0.4772
  -- 8 : 2 = 0.0571055
  -- 9 : 1 = 0.3103
  -- 9 : 2 = 0.1159
Out\Act	False		True
False	0.84198	0	0.84198
True	0.15802	0	0.15802
	1	0
	Accuracy [ (tp + tn) / testSize ]: 0.84198
	Precision [ tp / (tp + fp) ]:      0
	Sensitivity [ tp / (tp + fn) ]:    0
	Specificity [ tn / (tn + fp) ]:    0.999435
	F-Score [ 2tp / (2tp + fp + fn) ]: 0
Particle (6):: Fit: 16.3903	PB: 16.3903	LB: 17.1245	GB: 176.361	Conf: 1.83051	Pts: 55198
Particle (8):: Fit: 1.559	PB: 1.559	LB: 132.554	GB: 176.361	Conf: 2	Pts: 55198
Particle (9):: Fit: 16.7421	PB: 16.7421	LB: 132.554	GB: 176.361	Conf: 2	Pts: 80198
Particle (10):: Fit: 15.7826	PB: 15.7826	LB: 132.554	GB: 176.361	Conf: 2	Pts: 55198
Particle (12):: Fit: 173.878	PB: 173.878	LB: 173.878	GB: 176.361	Conf: 1.98527	Pts: 105198
Particle (14):: Fit: 0.00150213	PB: 0.00150213	LB: 173.878	GB: 176.361	Conf: 1.78754	Pts: 55198
Particle (15):: Fit: 16.3847	PB: 16.3847	LB: 173.878	GB: 176.361	Conf: 1.86779	Pts: 65198
Particle (17):: Fit: 0.00150138	PB: 0.00150138	LB: 132.554	GB: 176.361	Conf: 1.93121	Pts: 55198
Particle (19):: Fit: 151.763	PB: 151.763	LB: 151.763	GB: 176.361	Conf: 1.46875	Pts: 115198
Particle (20):: Fit: 0.0158451	PB: 0.0158451	LB: 151.763	GB: 176.361	Conf: 1.98995	Pts: 55198
Particle (21):: Fit: 0.0160799	PB: 0.0160799	LB: 151.763	GB: 176.361	Conf: 0.989928	Pts: 55198
Particle (25):: Fit: 16.937	PB: 16.937	LB: 176.361	GB: 176.361	Conf: 1.98648	Pts: 55198
Particle (28):: Fit: 16.359	PB: 16.359	LB: 176.361	GB: 176.361	Conf: 2	Pts: 55198
Particle (32):: Fit: 0.00152597	PB: 0.00152597	LB: 176.361	GB: 176.361	Conf: 1.9347	Pts: 55198
Particle (35):: Fit: 0.00153972	PB: 0.00153972	LB: 16.7421	GB: 176.361	Conf: 2	Pts: 55198
Particle (37):: Fit: 0.00142802	PB: 0.00142802	LB: 16.7421	GB: 176.361	Conf: 0.342994	Pts: 55198
Particle (38):: Fit: 159.137	PB: 159.137	LB: 159.137	GB: 176.361	Conf: 1.55202	Pts: 100198
Particle (39):: Fit: 163.275	PB: 163.275	LB: 163.275	GB: 176.361	Conf: 1.50516	Pts: 100198
Particle (41):: Fit: 138.228	PB: 138.228	LB: 163.275	GB: 176.361	Conf: 0.882417	Pts: 55198
Particle (42):: Fit: 0.00150678	PB: 0.00150678	LB: 163.275	GB: 176.361	Conf: 0.611406	Pts: 50197
Particle (44):: Fit: 0.0148124	PB: 0.0148124	LB: 138.228	GB: 176.361	Conf: 1.26796	Pts: 50198
Particle (45):: Fit: 16.3696	PB: 16.3696	LB: 162.968	GB: 176.361	Conf: 0.0268661	Pts: 50198
Particle (47):: Fit: 16.7889	PB: 16.7889	LB: 171.955	GB: 176.361	Conf: 1.01397	Pts: 50198
Particle (2):: Fit: 15.9749	PB: 15.9749	LB: 171.955	GB: 176.361	Conf: 2	Pts: 55197
Particle (6):: Fit: 16.8112	PB: 16.8112	LB: 17.1245	GB: 176.361	Conf: 1.87892	Pts: 55297
Particle (14):: Fit: 15.3541	PB: 15.3541	LB: 173.878	GB: 176.361	Conf: 1.66734	Pts: 55297
Particle (17):: Fit: 1.60561	PB: 1.60561	LB: 151.763	GB: 176.361	Conf: 1.94393	Pts: 55297
Particle (18):: Fit: 0.00150108	PB: 0.00150108	LB: 151.763	GB: 176.361	Conf: 2	Pts: 55197
Particle (20):: Fit: 15.9749	PB: 15.9749	LB: 151.763	GB: 176.361	Conf: 2	Pts: 55297
Particle (24):: Fit: 16.7421	PB: 16.7421	LB: 17.1245	GB: 176.361	Conf: 2	Pts: 60197
Particle (26):: Fit: 17.3153	PB: 17.3153	LB: 176.361	GB: 176.361	Conf: 2	Pts: 105197
Particle (27):: Fit: 0.00152041	PB: 0.00152041	LB: 176.361	GB: 176.361	Conf: 2	Pts: 55197
Particle (29):: Fit: 15.7826	PB: 15.7826	LB: 176.361	GB: 176.361	Conf: 2	Pts: 65197
Particle (37):: Fit: 0.00151931	PB: 0.00151931	LB: 163.275	GB: 176.361	Conf: 0.992184	Pts: 55297
Particle (39):: Fit: 168.863	PB: 168.863	LB: 168.863	GB: 176.361	Conf: 1.40425	Pts: 145297
Particle (44):: Fit: 13.1378	PB: 13.1378	LB: 138.228	GB: 176.361	Conf: 1.22737	Pts: 50297
Particle (45):: Fit: 17.3613	PB: 17.3613	LB: 162.968	GB: 176.361	Conf: 0.108384	Pts: 50297
Particle (49):: Fit: 0.00150108	PB: 0.00150108	LB: 171.955	GB: 176.361	Conf: 2	Pts: 50197
Particle (2):: Fit: 16.359	PB: 16.359	LB: 171.955	GB: 176.361	Conf: 2	Pts: 55296
Particle (14):: Fit: 15.7747	PB: 15.7747	LB: 173.878	GB: 176.361	Conf: 1.77546	Pts: 55396
Particle (18):: Fit: 16.359	PB: 16.359	LB: 151.763	GB: 176.361	Conf: 2	Pts: 55296
Particle (21):: Fit: 15.8209	PB: 15.8209	LB: 151.763	GB: 176.361	Conf: 1.31857	Pts: 55296
Particle (23):: Fit: 16.5542	PB: 16.5542	LB: 151.763	GB: 176.361	Conf: 1.98674	Pts: 55196
Particle (30):: Fit: 177.813	PB: 177.813	LB: 177.813	GB: 177.813	Conf: 1.94606	Pts: 170196
Particle (32):: Fit: 16.3637	PB: 16.3637	LB: 177.813	GB: 177.813	Conf: 1.96704	Pts: 55296
Particle (34):: Fit: 15.8904	PB: 15.8904	LB: 177.813	GB: 177.813	Conf: 1.9806	Pts: 55196
Particle (35):: Fit: 1.559	PB: 1.559	LB: 168.863	GB: 177.813	Conf: 2	Pts: 55296
Particle (37):: Fit: 1.02648	PB: 1.02648	LB: 168.863	GB: 177.813	Conf: 0.248318	Pts: 55396
Particle (42):: Fit: 1.02792	PB: 1.02792	LB: 168.863	GB: 177.813	Conf: 0.723083	Pts: 50294
Particle (49):: Fit: 0.00153972	PB: 0.00153972	LB: 171.955	GB: 177.813	Conf: 2	Pts: 50296
Global: 177.813 - Correct: 48% of 100 tests
Global Best: 
  Inner Net 1
  -- 1 : 1 = 0.0787
  -- 1 : 2 = 0.4862
  -- 1 : 3 = 0.1275
  -- 1 : 4 = 0.2471
  -- 1 : 5 = 0.1964
  -- 1 : 6 = 0.3183
  -- 1 : 7 = 0.1229
  -- 1 : 8 = 0.6414
  -- 1 : 9 = 0.2138
  -- 2 : 1 = 0.5928
  -- 2 : 2 = 0.9643
  -- 2 : 3 = 0.7425
  -- 2 : 4 = 0.6688
  -- 2 : 5 = 0.5887
  -- 2 : 6 = 0.6668
  -- 2 : 7 = 0.3704
  -- 2 : 8 = 0.4994
  -- 2 : 9 = 0.1493
  -- 3 : 1 = 0.242
  -- 3 : 2 = 0.7203
  -- 3 : 3 = 0.3263
  -- 3 : 4 = 0.0928
  -- 3 : 5 = 0.2971
  -- 3 : 6 = 0.6097
  -- 3 : 7 = 0.4383
  -- 3 : 8 = 0.3705
  -- 3 : 9 = 0.5932
  -- 4 : 1 = 0.0862
  -- 4 : 2 = 0.8905
  -- 4 : 3 = 0.86
  -- 4 : 4 = 0.3451
  -- 4 : 5 = 0.662
  -- 4 : 6 = 0.0199
  -- 4 : 7 = 0.5052
  -- 4 : 8 = 0.0027
  -- 4 : 9 = 0.7814
  -- 5 : 1 = 0.5998
  -- 5 : 2 = 0.3087
  -- 5 : 3 = 0.1071
  -- 5 : 4 = 0.8129
  -- 5 : 5 = 0.5705
  -- 5 : 6 = 0.5642
  -- 5 : 7 = 0.3647
  -- 5 : 8 = 0.4692
  -- 5 : 9 = 0.9989
  -- 6 : 1 = 0.6485
  -- 6 : 2 = 0.0862
  -- 6 : 3 = 0.6682
  -- 6 : 4 = 0.0962
  -- 6 : 5 = 0.3953
  -- 6 : 6 = 0.1321
  -- 6 : 7 = 0.3989
  -- 6 : 8 = 0.284
  -- 6 : 9 = 0.0746
  -- 7 : 1 = 0.4514
  -- 7 : 2 = 0.4997
  -- 7 : 3 = 0.2921
  -- 7 : 4 = 0.0615
  -- 7 : 5 = 0.4158
  -- 7 : 6 = 0.5721
  -- 7 : 7 = 0.911
  -- 7 : 8 = 0.0515
  -- 7 : 9 = 0.2059
  -- 8 : 1 = 0.3397
  -- 8 : 2 = 0.6421
  -- 8 : 3 = 0.0737
  -- 8 : 4 = 0.5607
  -- 8 : 5 = 0.4885
  -- 8 : 6 = 0.0368
  -- 8 : 7 = 0.8812
  -- 8 : 8 = 0.6349
  -- 8 : 9 = 0.4848
  -- 9 : 1 = 0.8625
  -- 9 : 2 = 0.8029
  -- 9 : 3 = 0.6801
  -- 9 : 4 = 0.5153
  -- 9 : 5 = 0.2237
  -- 9 : 6 = 0.1888
  -- 9 : 7 = 0.739
  -- 9 : 8 = 0.133
  -- 9 : 9 = 0.8223
  -- 10 : 1 = 0.4249
  -- 10 : 2 = 0.7741
  -- 10 : 3 = 0.345
  -- 10 : 4 = 0.5927
  -- 10 : 5 = 0.3731
  -- 10 : 6 = 0.8857
  -- 10 : 7 = 0.0905
  -- 10 : 8 = 0.3586
  -- 10 : 9 = 0.0441
  Inner Net 2
  -- 1 : 1 = 0.232106
  -- 1 : 2 = 0.185238
  -- 2 : 1 = 0.796919
  -- 2 : 2 = 0.00902761
  -- 3 : 1 = -0.248738
  -- 3 : 2 = -0.0121479
  -- 4 : 1 = 0.460923
  -- 4 : 2 = -0.0907268
  -- 5 : 1 = -0.202154
  -- 5 : 2 = -0.355186
  -- 6 : 1 = -0.0252842
  -- 6 : 2 = -0.394169
  -- 7 : 1 = 0.162727
  -- 7 : 2 = -0.0615228
  -- 8 : 1 = 0.555017
  -- 8 : 2 = 0.0553198
  -- 9 : 1 = 0.515716
  -- 9 : 2 = 0.337681
Out\Act	False		True
False	0.84198	0	0.84198
True	0.15802	0	0.15802
	1	0
	Accuracy [ (tp + tn) / testSize ]: 0.84198
	Precision [ tp / (tp + fp) ]:      0
	Sensitivity [ tp / (tp + fn) ]:    0
	Specificity [ tn / (tn + fp) ]:    0.999435
	F-Score [ 2tp / (2tp + fp + fn) ]: 0
Particle (0):: Fit: 174.166	PB: 174.166	LB: 174.166	GB: 177.813	Conf: 1.7819	Pts: 160195
Particle (2):: Fit: 16.7421	PB: 16.7421	LB: 174.166	GB: 177.813	Conf: 2	Pts: 55395
Particle (8):: Fit: 16.5506	PB: 16.5506	LB: 173.878	GB: 177.813	Conf: 2	Pts: 55295
Particle (17):: Fit: 16.8842	PB: 16.8842	LB: 151.763	GB: 177.813	Conf: 1.93332	Pts: 55395
Particle (20):: Fit: 17.4369	PB: 17.4369	LB: 151.763	GB: 177.813	Conf: 1.95059	Pts: 60395
Particle (22):: Fit: 17.3235	PB: 17.3235	LB: 151.763	GB: 177.813	Conf: 1.97958	Pts: 65195
Particle (30):: Fit: 179.788	PB: 179.788	LB: 179.788	GB: 179.788	Conf: 1.91277	Pts: 230295
Particle (35):: Fit: 17.3153	PB: 17.3153	LB: 168.863	GB: 179.788	Conf: 2	Pts: 55395
Particle (41):: Fit: 176.457	PB: 176.457	LB: 176.457	GB: 179.788	Conf: 1.10254	Pts: 105295
Particle (42):: Fit: 1.06263	PB: 1.06263	LB: 176.457	GB: 179.788	Conf: 0.856086	Pts: 50393
Particle (45):: Fit: 17.9901	PB: 17.9901	LB: 176.457	GB: 179.788	Conf: 0.966378	Pts: 50395
Particle (46):: Fit: 16.359	PB: 16.359	LB: 174.166	GB: 179.788	Conf: 2	Pts: 50195
Particle (47):: Fit: 139.992	PB: 139.992	LB: 174.166	GB: 179.788	Conf: 0.991564	Pts: 50295
Particle (48):: Fit: 16.0177	PB: 16.0177	LB: 174.166	GB: 179.788	Conf: 1.11657	Pts: 50195
Particle (49):: Fit: 15.7826	PB: 15.7826	LB: 174.166	GB: 179.788	Conf: 2	Pts: 50395
Global: 179.788 - Correct: 42% of 100 tests
Global Best: 
  Inner Net 1
  -- 1 : 1 = 0.0787
  -- 1 : 2 = 0.4862
  -- 1 : 3 = 0.1275
  -- 1 : 4 = 0.2471
  -- 1 : 5 = 0.1964
  -- 1 : 6 = 0.3183
  -- 1 : 7 = 0.1229
  -- 1 : 8 = 0.6414
  -- 1 : 9 = 0.2138
  -- 2 : 1 = 0.5928
  -- 2 : 2 = 0.9643
  -- 2 : 3 = 0.7425
  -- 2 : 4 = 0.6688
  -- 2 : 5 = 0.5887
  -- 2 : 6 = 0.6668
  -- 2 : 7 = 0.3704
  -- 2 : 8 = 0.4994
  -- 2 : 9 = 0.1493
  -- 3 : 1 = 0.242
  -- 3 : 2 = 0.7203
  -- 3 : 3 = 0.3263
  -- 3 : 4 = 0.0928
  -- 3 : 5 = 0.2971
  -- 3 : 6 = 0.6097
  -- 3 : 7 = 0.4383
  -- 3 : 8 = 0.3705
  -- 3 : 9 = 0.5932
  -- 4 : 1 = 0.0862
  -- 4 : 2 = 0.8905
  -- 4 : 3 = 0.86
  -- 4 : 4 = 0.3451
  -- 4 : 5 = 0.662
  -- 4 : 6 = 0.0199
  -- 4 : 7 = 0.5052
  -- 4 : 8 = 0.0027
  -- 4 : 9 = 0.7814
  -- 5 : 1 = 0.5998
  -- 5 : 2 = 0.3087
  -- 5 : 3 = 0.1071
  -- 5 : 4 = 0.8129
  -- 5 : 5 = 0.5705
  -- 5 : 6 = 0.5642
  -- 5 : 7 = 0.3647
  -- 5 : 8 = 0.4692
  -- 5 : 9 = 0.9989
  -- 6 : 1 = 0.6485
  -- 6 : 2 = 0.0862
  -- 6 : 3 = 0.6682
  -- 6 : 4 = 0.0962
  -- 6 : 5 = 0.3953
  -- 6 : 6 = 0.1321
  -- 6 : 7 = 0.3989
  -- 6 : 8 = 0.284
  -- 6 : 9 = 0.0746
  -- 7 : 1 = 0.4514
  -- 7 : 2 = 0.4997
  -- 7 : 3 = 0.2921
  -- 7 : 4 = 0.0615
  -- 7 : 5 = 0.4158
  -- 7 : 6 = 0.5721
  -- 7 : 7 = 0.911
  -- 7 : 8 = 0.0515
  -- 7 : 9 = 0.2059
  -- 8 : 1 = 0.3397
  -- 8 : 2 = 0.6421
  -- 8 : 3 = 0.0737
  -- 8 : 4 = 0.5607
  -- 8 : 5 = 0.4885
  -- 8 : 6 = 0.0368
  -- 8 : 7 = 0.8812
  -- 8 : 8 = 0.6349
  -- 8 : 9 = 0.4848
  -- 9 : 1 = 0.8625
  -- 9 : 2 = 0.8029
  -- 9 : 3 = 0.6801
  -- 9 : 4 = 0.5153
  -- 9 : 5 = 0.2237
  -- 9 : 6 = 0.1888
  -- 9 : 7 = 0.739
  -- 9 : 8 = 0.133
  -- 9 : 9 = 0.8223
  -- 10 : 1 = 0.4249
  -- 10 : 2 = 0.7741
  -- 10 : 3 = 0.345
  -- 10 : 4 = 0.5927
  -- 10 : 5 = 0.3731
  -- 10 : 6 = 0.8857
  -- 10 : 7 = 0.0905
  -- 10 : 8 = 0.3586
  -- 10 : 9 = 0.0441
  Inner Net 2
  -- 1 : 1 = 0.1131
  -- 1 : 2 = -0.0842248
  -- 2 : 1 = -1
  -- 2 : 2 = -0.0213522
  -- 3 : 1 = -0.253564
  -- 3 : 2 = -0.0270003
  -- 4 : 1 = 0.591375
  -- 4 : 2 = 0.158774
  -- 5 : 1 = -0.265542
  -- 5 : 2 = -0.347525
  -- 6 : 1 = 0.000214762
  -- 6 : 2 = 0.105831
  -- 7 : 1 = 0.235457
  -- 7 : 2 = -0.0722025
  -- 8 : 1 = 0.482482
  -- 8 : 2 = 0.0685535
  -- 9 : 1 = 0.548861
  -- 9 : 2 = -0.0743071
Out\Act	False		True
False	0.84198	0	0.84198
True	0.15802	0	0.15802
	1	0
	Accuracy [ (tp + tn) / testSize ]: 0.84198
	Precision [ tp / (tp + fp) ]:      0
	Sensitivity [ tp / (tp + fn) ]:    0
	Specificity [ tn / (tn + fp) ]:    0.999435
	F-Score [ 2tp / (2tp + fp + fn) ]: 0
Particle (3):: Fit: 16.7863	PB: 16.7863	LB: 174.166	GB: 179.788	Conf: 1.96756	Pts: 60193
Particle (8):: Fit: 17.1245	PB: 17.1245	LB: 173.878	GB: 179.788	Conf: 2	Pts: 55394
Particle (12):: Fit: 174.453	PB: 174.453	LB: 174.453	GB: 179.788	Conf: 1.93608	Pts: 155294
Particle (14):: Fit: 169.695	PB: 169.695	LB: 174.453	GB: 179.788	Conf: 1.76754	Pts: 65494
Particle (27):: Fit: 0.00153972	PB: 0.00153972	LB: 179.788	GB: 179.788	Conf: 2	Pts: 55294
Particle (32):: Fit: 17.1334	PB: 17.1334	LB: 179.788	GB: 179.788	Conf: 1.88009	Pts: 55394
Particle (34):: Fit: 17.1245	PB: 17.1245	LB: 179.788	GB: 179.788	Conf: 2	Pts: 55294
Particle (48):: Fit: 178.146	PB: 178.146	LB: 178.146	GB: 179.788	Conf: 1.09775	Pts: 100294
Particle (0):: Fit: 174.181	PB: 174.181	LB: 178.146	GB: 179.788	Conf: 1.81859	Pts: 170293
Particle (4):: Fit: 15.9784	PB: 15.9784	LB: 174.181	GB: 179.788	Conf: 1.98749	Pts: 55193
Particle (5):: Fit: 16.2566	PB: 16.2566	LB: 171.955	GB: 179.788	Conf: 0.553715	Pts: 55191
Particle (7):: Fit: 16.167	PB: 16.167	LB: 174.453	GB: 179.788	Conf: 2	Pts: 60193
Particle (10):: Fit: 17.3153	PB: 17.3153	LB: 174.453	GB: 179.788	Conf: 2	Pts: 60293
Particle (14):: Fit: 171.838	PB: 171.838	LB: 174.453	GB: 179.788	Conf: 1.80245	Pts: 75593
Particle (19):: Fit: 158.879	PB: 158.879	LB: 158.879	GB: 179.788	Conf: 1.19283	Pts: 140293
Particle (22):: Fit: 17.5101	PB: 17.5101	LB: 158.879	GB: 179.788	Conf: 1.9898	Pts: 70293
Particle (27):: Fit: 15.6938	PB: 15.6938	LB: 179.788	GB: 179.788	Conf: 1.98772	Pts: 55393
Particle (28):: Fit: 168.103	PB: 168.103	LB: 179.788	GB: 179.788	Conf: 1.98411	Pts: 65293
Particle (29):: Fit: 15.9749	PB: 15.9749	LB: 179.788	GB: 179.788	Conf: 2	Pts: 65293
Particle (31):: Fit: 15.7991	PB: 15.7991	LB: 179.788	GB: 179.788	Conf: 1.8852	Pts: 55193
Particle (36):: Fit: 157.066	PB: 157.066	LB: 176.457	GB: 179.788	Conf: 1.09163	Pts: 65193
Particle (40):: Fit: 16.5506	PB: 16.5506	LB: 176.457	GB: 179.788	Conf: 2	Pts: 70193
Particle (46):: Fit: 16.9334	PB: 16.9334	LB: 178.146	GB: 179.788	Conf: 2	Pts: 50293
Particle (7):: Fit: 17.506	PB: 17.506	LB: 174.453	GB: 179.788	Conf: 2	Pts: 65292
Particle (14):: Fit: 174.463	PB: 174.463	LB: 174.463	GB: 179.788	Conf: 1.73901	Pts: 125692
Particle (20):: Fit: 18.7203	PB: 18.7203	LB: 158.879	GB: 179.788	Conf: 1.96536	Pts: 60492
Particle (24):: Fit: 16.9334	PB: 16.9334	LB: 168.103	GB: 179.788	Conf: 2	Pts: 60292
Particle (27):: Fit: 16.167	PB: 16.167	LB: 179.788	GB: 179.788	Conf: 2	Pts: 55492
Particle (31):: Fit: 15.9795	PB: 15.9795	LB: 179.788	GB: 179.788	Conf: 1.88829	Pts: 55292
Particle (37):: Fit: 16.0497	PB: 16.0497	LB: 176.457	GB: 179.788	Conf: 0.707384	Pts: 55492
Particle (40):: Fit: 17.3153	PB: 17.3153	LB: 176.457	GB: 179.788	Conf: 2	Pts: 70292
Particle (42):: Fit: 16.4512	PB: 16.4512	LB: 176.457	GB: 179.788	Conf: 0.606402	Pts: 50490
Particle (44):: Fit: 14.1426	PB: 14.1426	LB: 178.146	GB: 179.788	Conf: 1.20762	Pts: 50390
Particle (47):: Fit: 164.045	PB: 164.045	LB: 178.146	GB: 179.788	Conf: 1.06813	Pts: 50392
Particle (0):: Fit: 176.723	PB: 176.723	LB: 178.146	GB: 179.788	Conf: 1.86764	Pts: 180391
Particle (3):: Fit: 16.9334	PB: 16.9334	LB: 176.723	GB: 179.788	Conf: 2	Pts: 60290
Particle (15):: Fit: 17.5141	PB: 17.5141	LB: 174.463	GB: 179.788	Conf: 1.86567	Pts: 65291
Particle (29):: Fit: 16.167	PB: 16.167	LB: 179.788	GB: 179.788	Conf: 2	Pts: 65391
Particle (38):: Fit: 166.596	PB: 166.596	LB: 176.457	GB: 179.788	Conf: 1.6436	Pts: 100291
Particle (41):: Fit: 185.294	PB: 185.294	LB: 185.294	GB: 185.294	Conf: 1.38246	Pts: 165391
Particle (42):: Fit: 18.5073	PB: 18.5073	LB: 185.294	GB: 185.294	Conf: 0.0982092	Pts: 50589
Global: 185.294 - Correct: 59% of 100 tests
Global Best: 
  Inner Net 1
  -- 1 : 1 = 0.0171
  -- 1 : 2 = 0.4584
  -- 1 : 3 = 0.1039
  -- 1 : 4 = 0.0404
  -- 1 : 5 = 0.9083
  -- 1 : 6 = 0.3446
  -- 1 : 7 = 0.2308
  -- 1 : 8 = 0.1879
  -- 1 : 9 = 0.1816
  -- 2 : 1 = 0.0015
  -- 2 : 2 = 0.6985
  -- 2 : 3 = 0.4794
  -- 2 : 4 = 0.6234
  -- 2 : 5 = 0.294
  -- 2 : 6 = 0.3699
  -- 2 : 7 = 0.2698
  -- 2 : 8 = 0.2082
  -- 2 : 9 = 0.8223
  -- 3 : 1 = 0.4682
  -- 3 : 2 = 0.563
  -- 3 : 3 = 0.0505
  -- 3 : 4 = 0.6266
  -- 3 : 5 = 0.851
  -- 3 : 6 = 0.1531
  -- 3 : 7 = 0.1816
  -- 3 : 8 = 0.2223
  -- 3 : 9 = 0.3971
  -- 4 : 1 = 0.5504
  -- 4 : 2 = 0.6702
  -- 4 : 3 = 0.2023
  -- 4 : 4 = 0.6335
  -- 4 : 5 = 0.2798
  -- 4 : 6 = 0.3693
  -- 4 : 7 = 0.8951
  -- 4 : 8 = 0.0406
  -- 4 : 9 = 0.0967
  -- 5 : 1 = 0.0614
  -- 5 : 2 = 0.4655
  -- 5 : 3 = 0.2259
  -- 5 : 4 = 0.8764
  -- 5 : 5 = 0.6487
  -- 5 : 6 = 0.2437
  -- 5 : 7 = 0.3434
  -- 5 : 8 = 0.7823
  -- 5 : 9 = 0.7762
  -- 6 : 1 = 0.1586
  -- 6 : 2 = 0.6524
  -- 6 : 3 = 0.7952
  -- 6 : 4 = 0.2143
  -- 6 : 5 = 0.2763
  -- 6 : 6 = 0.0762
  -- 6 : 7 = 0.7126
  -- 6 : 8 = 0.0932
  -- 6 : 9 = 0.0611
  -- 7 : 1 = 0.7886
  -- 7 : 2 = 0.15
  -- 7 : 3 = 0.9941
  -- 7 : 4 = 0.4031
  -- 7 : 5 = 0.6422
  -- 7 : 6 = 0.8047
  -- 7 : 7 = 0.8199
  -- 7 : 8 = 0.969
  -- 7 : 9 = 0.701
  -- 8 : 1 = 0.9765
  -- 8 : 2 = 0.1129
  -- 8 : 3 = 0.4905
  -- 8 : 4 = 0.8865
  -- 8 : 5 = 0.2064
  -- 8 : 6 = 0.1412
  -- 8 : 7 = 0.4226
  -- 8 : 8 = 0.8646
  -- 8 : 9 = 0.0258
  -- 9 : 1 = 0.2978
  -- 9 : 2 = 0.3705
  -- 9 : 3 = 0.2753
  -- 9 : 4 = 0.0179
  -- 9 : 5 = 0.3038
  -- 9 : 6 = 0.8891
  -- 9 : 7 = 0.4283
  -- 9 : 8 = 0.9057
  -- 9 : 9 = 0.6074
  -- 10 : 1 = 0.2047
  -- 10 : 2 = 0.9714
  -- 10 : 3 = 0.3608
  -- 10 : 4 = 0.1143
  -- 10 : 5 = 0.7561
  -- 10 : 6 = 0.975
  -- 10 : 7 = 0.5858
  -- 10 : 8 = 0.656
  -- 10 : 9 = 0.152
  Inner Net 2
  -- 1 : 1 = 0.449667
  -- 1 : 2 = 0.510343
  -- 2 : 1 = -0.0751826
  -- 2 : 2 = 0.421998
  -- 3 : 1 = 0.0701384
  -- 3 : 2 = 0.00778688
  -- 4 : 1 = 0.394285
  -- 4 : 2 = -0.526389
  -- 5 : 1 = -0.122716
  -- 5 : 2 = -0.421262
  -- 6 : 1 = 0.000704567
  -- 6 : 2 = -0.198563
  -- 7 : 1 = 0.300132
  -- 7 : 2 = -0.547625
  -- 8 : 1 = -0.0197369
  -- 8 : 2 = 0.262029
  -- 9 : 1 = -0.505741
  -- 9 : 2 = 0.00748691
Out\Act	False		True
False	0.432651	0.409329	0.84198
True	0.0671109	0.0909091	0.15802
	0.499762	0.500238
	Accuracy [ (tp + tn) / testSize ]: 0.52356
	Precision [ tp / (tp + fp) ]:      0.181559
	Sensitivity [ tp / (tp + fn) ]:    0.573574
	Specificity [ tn / (tn + fp) ]:    0.513559
	F-Score [ 2tp / (2tp + fp + fn) ]: 0.276012
Particle (1):: Fit: 180.415	PB: 180.415	LB: 180.415	GB: 185.294	Conf: 1.96844	Pts: 160190
Particle (2):: Fit: 17.3153	PB: 17.3153	LB: 180.415	GB: 185.294	Conf: 2	Pts: 55490
Particle (21):: Fit: 17.7194	PB: 17.7194	LB: 158.879	GB: 185.294	Conf: 0.854687	Pts: 55390
Particle (29):: Fit: 17.1245	PB: 17.1245	LB: 179.788	GB: 185.294	Conf: 2	Pts: 65490
Particle (31):: Fit: 16.3776	PB: 16.3776	LB: 179.788	GB: 185.294	Conf: 1.86978	Pts: 55390
Particle (46):: Fit: 17.506	PB: 17.506	LB: 180.415	GB: 185.294	Conf: 2	Pts: 50390
Particle (49):: Fit: 17.506	PB: 17.506	LB: 180.415	GB: 185.294	Conf: 2	Pts: 50490
Particle (5):: Fit: 172.035	PB: 172.035	LB: 180.415	GB: 185.294	Conf: 0.228462	Pts: 60284
Particle (6):: Fit: 170.06	PB: 170.06	LB: 172.035	GB: 185.294	Conf: 1.85971	Pts: 55389
Particle (9):: Fit: 18.0769	PB: 18.0769	LB: 174.463	GB: 185.294	Conf: 2	Pts: 80289
Particle (30):: Fit: 182.73	PB: 182.73	LB: 182.73	GB: 185.294	Conf: 1.90242	Pts: 280389
Particle (37):: Fit: 16.2521	PB: 16.2521	LB: 185.294	GB: 185.294	Conf: 0.645045	Pts: 55589
Particle (38):: Fit: 168.23	PB: 168.23	LB: 185.294	GB: 185.294	Conf: 1.52878	Pts: 100389
Particle (38):: Fit: 188.957	PB: 188.957	LB: 188.957	GB: 188.957	Conf: 1.34094	Pts: 160488
Global: 188.957 - Correct: 49% of 100 tests
Global Best: 
  Inner Net 1
  -- 1 : 1 = 0.0371
  -- 1 : 2 = 0.1535
  -- 1 : 3 = 0.1091
  -- 1 : 4 = 0.1339
  -- 1 : 5 = 0.1576
  -- 1 : 6 = 0.5415
  -- 1 : 7 = 0.2651
  -- 1 : 8 = 0.6811
  -- 1 : 9 = 0.6549
  -- 2 : 1 = 0.4651
  -- 2 : 2 = 0.8412
  -- 2 : 3 = 0.8187
  -- 2 : 4 = 0.6906
  -- 2 : 5 = 0.8283
  -- 2 : 6 = 0.8477
  -- 2 : 7 = 0.2218
  -- 2 : 8 = 0.5292
  -- 2 : 9 = 0.0986
  -- 3 : 1 = 0.2288
  -- 3 : 2 = 0.0382
  -- 3 : 3 = 0.0565
  -- 3 : 4 = 0.6696
  -- 3 : 5 = 0.2265
  -- 3 : 6 = 0.2972
  -- 3 : 7 = 0.4157
  -- 3 : 8 = 0.256
  -- 3 : 9 = 0.6259
  -- 4 : 1 = 0.8326
  -- 4 : 2 = 0.7032
  -- 4 : 3 = 0.045
  -- 4 : 4 = 0.7968
  -- 4 : 5 = 0.21
  -- 4 : 6 = 0.7104
  -- 4 : 7 = 0.3284
  -- 4 : 8 = 0.0144
  -- 4 : 9 = 0.7462
  -- 5 : 1 = 0.0997
  -- 5 : 2 = 0.7668
  -- 5 : 3 = 0.482
  -- 5 : 4 = 0.8953
  -- 5 : 5 = 0.1073
  -- 5 : 6 = 0.477
  -- 5 : 7 = 0.8594
  -- 5 : 8 = 0.4744
  -- 5 : 9 = 0.44
  -- 6 : 1 = 0.35
  -- 6 : 2 = 0.0604
  -- 6 : 3 = 0.9413
  -- 6 : 4 = 0.9648
  -- 6 : 5 = 0.4089
  -- 6 : 6 = 0.0141
  -- 6 : 7 = 0.1512
  -- 6 : 8 = 0.0118
  -- 6 : 9 = 0.4618
  -- 7 : 1 = 0.6467
  -- 7 : 2 = 0.3591
  -- 7 : 3 = 0.1218
  -- 7 : 4 = 0.5006
  -- 7 : 5 = 0.8403
  -- 7 : 6 = 0.3239
  -- 7 : 7 = 0.2275
  -- 7 : 8 = 0.9509
  -- 7 : 9 = 0.0073
  -- 8 : 1 = 0.1458
  -- 8 : 2 = 0.9758
  -- 8 : 3 = 0.9464
  -- 8 : 4 = 0.3791
  -- 8 : 5 = 0.1049
  -- 8 : 6 = 0.9195
  -- 8 : 7 = 0.9462
  -- 8 : 8 = 0.0304
  -- 8 : 9 = 0.8731
  -- 9 : 1 = 0.8864
  -- 9 : 2 = 0.317
  -- 9 : 3 = 0.5678
  -- 9 : 4 = 0.0279
  -- 9 : 5 = 0.3602
  -- 9 : 6 = 0.2587
  -- 9 : 7 = 0.0753
  -- 9 : 8 = 0.9631
  -- 9 : 9 = 0.3049
  -- 10 : 1 = 0.6348
  -- 10 : 2 = 0.0592
  -- 10 : 3 = 0.019
  -- 10 : 4 = 0.6532
  -- 10 : 5 = 0.1925
  -- 10 : 6 = 0.7701
  -- 10 : 7 = 0.0331
  -- 10 : 8 = 0.8269
  -- 10 : 9 = 0.0281
  Inner Net 2
  -- 1 : 1 = 0.537835
  -- 1 : 2 = 0.0694781
  -- 2 : 1 = -0.69264
  -- 2 : 2 = -0.0727362
  -- 3 : 1 = 0.12214
  -- 3 : 2 = 0.0741955
  -- 4 : 1 = 0.518251
  -- 4 : 2 = -0.24948
  -- 5 : 1 = -0.201501
  -- 5 : 2 = -0.457688
  -- 6 : 1 = -0.328353
  -- 6 : 2 = -0.0749566
  -- 7 : 1 = 0.0700458
  -- 7 : 2 = -0.206052
  -- 8 : 1 = -0.157442
  -- 8 : 2 = 0.490624
  -- 9 : 1 = 0.0312718
  -- 9 : 2 = 0.321507
Out\Act	False		True
False	0.84198	0	0.84198
True	0.15802	0	0.15802
	1	0
	Accuracy [ (tp + tn) / testSize ]: 0.84198
	Precision [ tp / (tp + fp) ]:      0
	Sensitivity [ tp / (tp + fn) ]:    0
	Specificity [ tn / (tn + fp) ]:    0.999435
	F-Score [ 2tp / (2tp + fp + fn) ]: 0
Particle (17):: Fit: 17.2174	PB: 17.2174	LB: 174.463	GB: 188.957	Conf: 1.95643	Pts: 55487
Particle (22):: Fit: 17.6033	PB: 17.6033	LB: 158.879	GB: 188.957	Conf: 1.97615	Pts: 70387
Particle (23):: Fit: 16.857	PB: 16.857	LB: 168.103	GB: 188.957	Conf: 1.98645	Pts: 55287
Particle (10):: Fit: 170.027	PB: 170.027	LB: 174.463	GB: 188.957	Conf: 1.98364	Pts: 60386
Particle (21):: Fit: 139.741	PB: 139.741	LB: 158.879	GB: 188.957	Conf: 1.3304	Pts: 55486
Particle (31):: Fit: 17.5177	PB: 17.5177	LB: 182.73	GB: 188.957	Conf: 1.8631	Pts: 55486
Particle (37):: Fit: 17.2318	PB: 17.2318	LB: 188.957	GB: 188.957	Conf: 0.753612	Pts: 55686
Particle (19):: Fit: 171.057	PB: 171.057	LB: 171.057	GB: 188.957	Conf: 1.37207	Pts: 165385
Particle (44):: Fit: 15.8565	PB: 15.8565	LB: 185.294	GB: 188.957	Conf: 1.01269	Pts: 50482
Particle (0):: Fit: 186.056	PB: 186.056	LB: 186.056	GB: 188.957	Conf: 1.83832	Pts: 230483
Particle (4):: Fit: 16.5506	PB: 16.5506	LB: 186.056	GB: 188.957	Conf: 2	Pts: 55283
Particle (32):: Fit: 17.1947	PB: 17.1947	LB: 182.73	GB: 188.957	Conf: 1.94075	Pts: 55483
Particle (16):: Fit: 17.506	PB: 17.506	LB: 174.463	GB: 188.957	Conf: 2	Pts: 65182
Particle (36):: Fit: 161.282	PB: 161.282	LB: 188.957	GB: 188.957	Conf: 1.3357	Pts: 65282
Particle (41):: Fit: 194.644	PB: 194.644	LB: 194.644	GB: 194.644	Conf: 0.987301	Pts: 225482
Particle (46):: Fit: 17.8868	PB: 17.8868	LB: 186.056	GB: 194.644	Conf: 2	Pts: 50482
Global: 194.644 - Correct: 57% of 100 tests
Global Best: 
  Inner Net 1
  -- 1 : 1 = 0.0171
  -- 1 : 2 = 0.4584
  -- 1 : 3 = 0.1039
  -- 1 : 4 = 0.0404
  -- 1 : 5 = 0.9083
  -- 1 : 6 = 0.3446
  -- 1 : 7 = 0.2308
  -- 1 : 8 = 0.1879
  -- 1 : 9 = 0.1816
  -- 2 : 1 = 0.0015
  -- 2 : 2 = 0.6985
  -- 2 : 3 = 0.4794
  -- 2 : 4 = 0.6234
  -- 2 : 5 = 0.294
  -- 2 : 6 = 0.3699
  -- 2 : 7 = 0.2698
  -- 2 : 8 = 0.2082
  -- 2 : 9 = 0.8223
  -- 3 : 1 = 0.4682
  -- 3 : 2 = 0.563
  -- 3 : 3 = 0.0505
  -- 3 : 4 = 0.6266
  -- 3 : 5 = 0.851
  -- 3 : 6 = 0.1531
  -- 3 : 7 = 0.1816
  -- 3 : 8 = 0.2223
  -- 3 : 9 = 0.3971
  -- 4 : 1 = 0.5504
  -- 4 : 2 = 0.6702
  -- 4 : 3 = 0.2023
  -- 4 : 4 = 0.6335
  -- 4 : 5 = 0.2798
  -- 4 : 6 = 0.3693
  -- 4 : 7 = 0.8951
  -- 4 : 8 = 0.0406
  -- 4 : 9 = 0.0967
  -- 5 : 1 = 0.0614
  -- 5 : 2 = 0.4655
  -- 5 : 3 = 0.2259
  -- 5 : 4 = 0.8764
  -- 5 : 5 = 0.6487
  -- 5 : 6 = 0.2437
  -- 5 : 7 = 0.3434
  -- 5 : 8 = 0.7823
  -- 5 : 9 = 0.7762
  -- 6 : 1 = 0.1586
  -- 6 : 2 = 0.6524
  -- 6 : 3 = 0.7952
  -- 6 : 4 = 0.2143
  -- 6 : 5 = 0.2763
  -- 6 : 6 = 0.0762
  -- 6 : 7 = 0.7126
  -- 6 : 8 = 0.0932
  -- 6 : 9 = 0.0611
  -- 7 : 1 = 0.7886
  -- 7 : 2 = 0.15
  -- 7 : 3 = 0.9941
  -- 7 : 4 = 0.4031
  -- 7 : 5 = 0.6422
  -- 7 : 6 = 0.8047
  -- 7 : 7 = 0.8199
  -- 7 : 8 = 0.969
  -- 7 : 9 = 0.701
  -- 8 : 1 = 0.9765
  -- 8 : 2 = 0.1129
  -- 8 : 3 = 0.4905
  -- 8 : 4 = 0.8865
  -- 8 : 5 = 0.2064
  -- 8 : 6 = 0.1412
  -- 8 : 7 = 0.4226
  -- 8 : 8 = 0.8646
  -- 8 : 9 = 0.0258
  -- 9 : 1 = 0.2978
  -- 9 : 2 = 0.3705
  -- 9 : 3 = 0.2753
  -- 9 : 4 = 0.0179
  -- 9 : 5 = 0.3038
  -- 9 : 6 = 0.8891
  -- 9 : 7 = 0.4283
  -- 9 : 8 = 0.9057
  -- 9 : 9 = 0.6074
  -- 10 : 1 = 0.2047
  -- 10 : 2 = 0.9714
  -- 10 : 3 = 0.3608
  -- 10 : 4 = 0.1143
  -- 10 : 5 = 0.7561
  -- 10 : 6 = 0.975
  -- 10 : 7 = 0.5858
  -- 10 : 8 = 0.656
  -- 10 : 9 = 0.152
  Inner Net 2
  -- 1 : 1 = 0.593632
  -- 1 : 2 = 0.549483
  -- 2 : 1 = -0.593887
  -- 2 : 2 = 0.54392
  -- 3 : 1 = 0.0306795
  -- 3 : 2 = -0.0120226
  -- 4 : 1 = 0.512878
  -- 4 : 2 = 0.144809
  -- 5 : 1 = -0.00425658
  -- 5 : 2 = -0.574965
  -- 6 : 1 = 0.0530746
  -- 6 : 2 = -0.335561
  -- 7 : 1 = 0.0412474
  -- 7 : 2 = -0.534963
  -- 8 : 1 = -0.103694
  -- 8 : 2 = 0.322076
  -- 9 : 1 = -0.730329
  -- 9 : 2 = 0.0714702
Out\Act	False		True
False	0.430747	0.411233	0.84198
True	0.0666349	0.0913851	0.15802
	0.497382	0.502618
	Accuracy [ (tp + tn) / testSize ]: 0.522132
	Precision [ tp / (tp + fp) ]:      0.181646
	Sensitivity [ tp / (tp + fn) ]:    0.576577
	Specificity [ tn / (tn + fp) ]:    0.511299
	F-Score [ 2tp / (2tp + fp + fn) ]: 0.276458
Particle (13):: Fit: 137.064	PB: 137.064	LB: 174.463	GB: 194.644	Conf: 0.75359	Pts: 100181
Particle (17):: Fit: 17.3221	PB: 17.3221	LB: 174.463	GB: 194.644	Conf: 1.97214	Pts: 55581
Particle (4):: Fit: 16.554	PB: 16.554	LB: 186.056	GB: 194.644	Conf: 1.98608	Pts: 55380
Particle (13):: Fit: 146.275	PB: 146.275	LB: 174.463	GB: 194.644	Conf: 1.30604	Pts: 100280
Particle (17):: Fit: 165.175	PB: 165.175	LB: 174.463	GB: 194.644	Conf: 1.93284	Pts: 55680
Particle (18):: Fit: 16.7421	PB: 16.7421	LB: 174.463	GB: 194.644	Conf: 2	Pts: 55380
Particle (23):: Fit: 17.1245	PB: 17.1245	LB: 171.057	GB: 194.644	Conf: 2	Pts: 55378
Particle (43):: Fit: 16.7456	PB: 16.7456	LB: 194.644	GB: 194.644	Conf: 1.98626	Pts: 85178
Particle (21):: Fit: 144.686	PB: 144.686	LB: 171.057	GB: 194.644	Conf: 1.15825	Pts: 55577
Particle (24):: Fit: 17.1245	PB: 17.1245	LB: 168.103	GB: 194.644	Conf: 2	Pts: 60377
Particle (36):: Fit: 169.778	PB: 169.778	LB: 194.644	GB: 194.644	Conf: 1.48181	Pts: 65377
Particle (43):: Fit: 171.929	PB: 171.929	LB: 194.644	GB: 194.644	Conf: 1.98019	Pts: 85277
Particle (6):: Fit: 189.683	PB: 189.683	LB: 189.683	GB: 194.644	Conf: 1.84088	Pts: 105476
Particle (25):: Fit: 171.934	PB: 171.934	LB: 182.73	GB: 194.644	Conf: 1.98085	Pts: 80275
Particle (27):: Fit: 16.359	PB: 16.359	LB: 182.73	GB: 194.644	Conf: 2	Pts: 55575
Particle (3):: Fit: 17.3175	PB: 17.3175	LB: 189.683	GB: 194.644	Conf: 1.98177	Pts: 60373
Particle (17):: Fit: 177.838	PB: 177.838	LB: 177.838	GB: 194.644	Conf: 1.94531	Pts: 105773
Particle (40):: Fit: 17.6965	PB: 17.6965	LB: 194.644	GB: 194.644	Conf: 2	Pts: 70373
Particle (4):: Fit: 16.7453	PB: 16.7453	LB: 189.683	GB: 194.644	Conf: 1.98524	Pts: 55472
Particle (14):: Fit: 175.199	PB: 175.199	LB: 177.838	GB: 194.644	Conf: 1.81672	Pts: 130772
Particle (33):: Fit: 17.1224	PB: 17.1224	LB: 188.957	GB: 194.644	Conf: 1.98551	Pts: 65172
Particle (39):: Fit: 173.463	PB: 173.463	LB: 194.644	GB: 194.644	Conf: 1.49044	Pts: 145372
Particle (33):: Fit: 18.1794	PB: 18.1794	LB: 188.957	GB: 194.644	Conf: 1.96495	Pts: 65271
Particle (21):: Fit: 148.87	PB: 148.87	LB: 177.838	GB: 194.644	Conf: 1.26876	Pts: 55670
Particle (27):: Fit: 16.7421	PB: 16.7421	LB: 182.73	GB: 194.644	Conf: 2	Pts: 55670
Particle (22):: Fit: 171.958	PB: 171.958	LB: 171.958	GB: 194.644	Conf: 1.98565	Pts: 85468
Particle (14):: Fit: 180.931	PB: 180.931	LB: 180.931	GB: 194.644	Conf: 1.76802	Pts: 170866
Particle (17):: Fit: 182.213	PB: 182.213	LB: 182.213	GB: 194.644	Conf: 1.89555	Pts: 155866
Particle (24):: Fit: 17.3153	PB: 17.3153	LB: 171.958	GB: 194.644	Conf: 2	Pts: 60466
Particle (29):: Fit: 17.506	PB: 17.506	LB: 182.73	GB: 194.644	Conf: 2	Pts: 65566
Particle (4):: Fit: 17.1245	PB: 17.1245	LB: 189.683	GB: 194.644	Conf: 2	Pts: 55564
Particle (12):: Fit: 174.654	PB: 174.654	LB: 182.213	GB: 194.644	Conf: 1.97066	Pts: 155364
Particle (16):: Fit: 18.0769	PB: 18.0769	LB: 182.213	GB: 194.644	Conf: 2	Pts: 65264
Particle (48):: Fit: 185.135	PB: 185.135	LB: 186.056	GB: 194.644	Conf: 1.04154	Pts: 100364
Particle (14):: Fit: 195.987	PB: 195.987	LB: 195.987	GB: 195.987	Conf: 1.80849	Pts: 230963
Particle (15):: Fit: 18.4869	PB: 18.4869	LB: 195.987	GB: 195.987	Conf: 1.92779	Pts: 65363
Particle (18):: Fit: 16.9334	PB: 16.9334	LB: 195.987	GB: 195.987	Conf: 2	Pts: 55463
Particle (34):: Fit: 17.1365	PB: 17.1365	LB: 188.957	GB: 195.987	Conf: 1.96932	Pts: 55363
Global: 195.987 - Correct: 32% of 100 tests
Global Best: 
  Inner Net 1
  -- 1 : 1 = 0.8886
  -- 1 : 2 = 0.557
  -- 1 : 3 = 0.1289
  -- 1 : 4 = 0.2242
  -- 1 : 5 = 0.8108
  -- 1 : 6 = 0.2173
  -- 1 : 7 = 0.446
  -- 1 : 8 = 0.0872
  -- 1 : 9 = 0.2512
  -- 2 : 1 = 0.8213
  -- 2 : 2 = 0.7581
  -- 2 : 3 = 0.9294
  -- 2 : 4 = 0.276
  -- 2 : 5 = 0.5795
  -- 2 : 6 = 0.8873
  -- 2 : 7 = 0.7748
  -- 2 : 8 = 0.1535
  -- 2 : 9 = 0.71
  -- 3 : 1 = 0.2152
  -- 3 : 2 = 0.0108
  -- 3 : 3 = 0.4213
  -- 3 : 4 = 0.7339
  -- 3 : 5 = 0.6725
  -- 3 : 6 = 0.1705
  -- 3 : 7 = 0.9304
  -- 3 : 8 = 0.1115
  -- 3 : 9 = 0.4959
  -- 4 : 1 = 0.8379
  -- 4 : 2 = 0.0673
  -- 4 : 3 = 0.9658
  -- 4 : 4 = 0.7038
  -- 4 : 5 = 0.8633
  -- 4 : 6 = 0.6498
  -- 4 : 7 = 0.0394
  -- 4 : 8 = 0.4601
  -- 4 : 9 = 0.8961
  -- 5 : 1 = 0.883
  -- 5 : 2 = 0.7866
  -- 5 : 3 = 0.276
  -- 5 : 4 = 0.1436
  -- 5 : 5 = 0.4089
  -- 5 : 6 = 0.4677
  -- 5 : 7 = 0.3894
  -- 5 : 8 = 0.9637
  -- 5 : 9 = 0.0674
  -- 6 : 1 = 0.6121
  -- 6 : 2 = 0.9337
  -- 6 : 3 = 0.3851
  -- 6 : 4 = 0.1246
  -- 6 : 5 = 0.8523
  -- 6 : 6 = 0.0821
  -- 6 : 7 = 0.1461
  -- 6 : 8 = 0.356
  -- 6 : 9 = 0.4665
  -- 7 : 1 = 0.1454
  -- 7 : 2 = 0.3462
  -- 7 : 3 = 0.7557
  -- 7 : 4 = 0.5087
  -- 7 : 5 = 0.1677
  -- 7 : 6 = 0.4882
  -- 7 : 7 = 0.5212
  -- 7 : 8 = 0.587
  -- 7 : 9 = 0.2564
  -- 8 : 1 = 0.2015
  -- 8 : 2 = 0.2518
  -- 8 : 3 = 0.2298
  -- 8 : 4 = 0.5301
  -- 8 : 5 = 0.2735
  -- 8 : 6 = 0.1986
  -- 8 : 7 = 0.5011
  -- 8 : 8 = 0.5984
  -- 8 : 9 = 0.9389
  -- 9 : 1 = 0.2557
  -- 9 : 2 = 0.2055
  -- 9 : 3 = 0.2715
  -- 9 : 4 = 0.8406
  -- 9 : 5 = 0.376
  -- 9 : 6 = 0.8965
  -- 9 : 7 = 0.2615
  -- 9 : 8 = 0.3802
  -- 9 : 9 = 0.7642
  -- 10 : 1 = 0.3525
  -- 10 : 2 = 0.5089
  -- 10 : 3 = 0.1474
  -- 10 : 4 = 0.0383
  -- 10 : 5 = 0.6871
  -- 10 : 6 = 0.4071
  -- 10 : 7 = 0.7813
  -- 10 : 8 = 0.3729
  -- 10 : 9 = 0.2681
  Inner Net 2
  -- 1 : 1 = 0.0271143
  -- 1 : 2 = 0.0772901
  -- 2 : 1 = -0.386411
  -- 2 : 2 = 0.103799
  -- 3 : 1 = -0.311591
  -- 3 : 2 = -0.306584
  -- 4 : 1 = 0.533761
  -- 4 : 2 = 0.307149
  -- 5 : 1 = 0.0740089
  -- 5 : 2 = -0.410521
  -- 6 : 1 = 0.181333
  -- 6 : 2 = 0.199239
  -- 7 : 1 = -0.68181
  -- 7 : 2 = -0.300742
  -- 8 : 1 = 0.400016
  -- 8 : 2 = -0.15592
  -- 9 : 1 = -0.591656
  -- 9 : 2 = -0.0358383
Out\Act	False		True
False	0.84198	0	0.84198
True	0.15802	0	0.15802
	1	0
	Accuracy [ (tp + tn) / testSize ]: 0.84198
	Precision [ tp / (tp + fp) ]:      0
	Sensitivity [ tp / (tp + fn) ]:    0
	Specificity [ tn / (tn + fp) ]:    0.999435
	F-Score [ 2tp / (2tp + fp + fn) ]: 0
Particle (21):: Fit: 160.03	PB: 160.03	LB: 182.213	GB: 195.987	Conf: 1.36553	Pts: 55762
Particle (25):: Fit: 173.849	PB: 173.849	LB: 182.73	GB: 195.987	Conf: 1.98014	Pts: 95361
Particle (3):: Fit: 17.7004	PB: 17.7004	LB: 189.683	GB: 195.987	Conf: 1.98662	Pts: 60459
Particle (19):: Fit: 174.681	PB: 174.681	LB: 182.213	GB: 195.987	Conf: 1.30598	Pts: 175459
Particle (8):: Fit: 17.8868	PB: 17.8868	LB: 189.683	GB: 195.987	Conf: 2	Pts: 55458
Particle (19):: Fit: 175.906	PB: 175.906	LB: 182.213	GB: 195.987	Conf: 1.49727	Pts: 185558
Particle (25):: Fit: 179.637	PB: 179.637	LB: 182.73	GB: 195.987	Conf: 1.98886	Pts: 110457
Particle (4):: Fit: 17.5098	PB: 17.5098	LB: 189.683	GB: 195.987	Conf: 1.98663	Pts: 55656
Particle (13):: Fit: 148.741	PB: 148.741	LB: 195.987	GB: 195.987	Conf: 1.21915	Pts: 100355
Particle (12):: Fit: 175.953	PB: 175.953	LB: 195.987	GB: 195.987	Conf: 1.96569	Pts: 155455
Particle (27):: Fit: 17.1245	PB: 17.1245	LB: 182.73	GB: 195.987	Conf: 2	Pts: 55755
Particle (26):: Fit: 17.506	PB: 17.506	LB: 182.73	GB: 195.987	Conf: 2	Pts: 105254
Particle (33):: Fit: 168.037	PB: 168.037	LB: 188.957	GB: 195.987	Conf: 1.93609	Pts: 65353
Particle (3):: Fit: 171.965	PB: 171.965	LB: 189.683	GB: 195.987	Conf: 1.98916	Pts: 60551
Particle (4):: Fit: 17.6965	PB: 17.6965	LB: 189.683	GB: 195.987	Conf: 2	Pts: 55752
Particle (11):: Fit: 17.8868	PB: 17.8868	LB: 195.987	GB: 195.987	Conf: 2	Pts: 100152
Particle (46):: Fit: 18.0769	PB: 18.0769	LB: 186.056	GB: 195.987	Conf: 2	Pts: 50551
Particle (22):: Fit: 172.871	PB: 172.871	LB: 179.637	GB: 195.987	Conf: 1.94049	Pts: 85548
Particle (33):: Fit: 173.887	PB: 173.887	LB: 188.957	GB: 195.987	Conf: 1.99	Pts: 65449
Particle (39):: Fit: 178.994	PB: 178.994	LB: 194.644	GB: 195.987	Conf: 1.57635	Pts: 145449
Particle (20):: Fit: 174.009	PB: 174.009	LB: 182.213	GB: 195.987	Conf: 1.95968	Pts: 60548
Particle (36):: Fit: 171.74	PB: 171.74	LB: 194.644	GB: 195.987	Conf: 1.47616	Pts: 65447
Particle (4):: Fit: 18.0094	PB: 18.0094	LB: 189.683	GB: 195.987	Conf: 1.98821	Pts: 55845
Particle (29):: Fit: 166.173	PB: 166.173	LB: 182.73	GB: 195.987	Conf: 1.9835	Pts: 65645
Particle (35):: Fit: 17.8868	PB: 17.8868	LB: 188.957	GB: 195.987	Conf: 2	Pts: 55445
Particle (34):: Fit: 17.3657	PB: 17.3657	LB: 188.957	GB: 195.987	Conf: 1.97481	Pts: 55444
Particle (49):: Fit: 17.6965	PB: 17.6965	LB: 186.056	GB: 195.987	Conf: 2	Pts: 50544
Particle (27):: Fit: 18.0769	PB: 18.0769	LB: 182.73	GB: 195.987	Conf: 2	Pts: 55842
Particle (10):: Fit: 179.597	PB: 179.597	LB: 195.987	GB: 195.987	Conf: 1.98	Pts: 60437
Particle (23):: Fit: 17.3194	PB: 17.3194	LB: 179.637	GB: 195.987	Conf: 1.98904	Pts: 55437
Particle (8):: Fit: 18.6461	PB: 18.6461	LB: 189.683	GB: 195.987	Conf: 2	Pts: 55534
Particle (9):: Fit: 18.4566	PB: 18.4566	LB: 195.987	GB: 195.987	Conf: 2	Pts: 80334
Particle (24):: Fit: 17.506	PB: 17.506	LB: 179.637	GB: 195.987	Conf: 2	Pts: 60533
Particle (29):: Fit: 181.55	PB: 181.55	LB: 182.73	GB: 195.987	Conf: 1.98942	Pts: 70733
Particle (12):: Fit: 180.438	PB: 180.438	LB: 195.987	GB: 195.987	Conf: 1.97573	Pts: 155531
Particle (11):: Fit: 18.4566	PB: 18.4566	LB: 195.987	GB: 195.987	Conf: 2	Pts: 100229
Particle (23):: Fit: 177.721	PB: 177.721	LB: 179.637	GB: 195.987	Conf: 1.98764	Pts: 55529
Particle (33):: Fit: 177.722	PB: 177.722	LB: 188.957	GB: 195.987	Conf: 1.98836	Pts: 65529
Particle (19):: Fit: 183.025	PB: 183.025	LB: 183.025	GB: 195.987	Conf: 1.63599	Pts: 210628
Particle (17):: Fit: 192.227	PB: 192.227	LB: 195.987	GB: 195.987	Conf: 1.88319	Pts: 170926
Particle (32):: Fit: 17.4358	PB: 17.4358	LB: 182.73	GB: 195.987	Conf: 1.98439	Pts: 55525
Particle (18):: Fit: 17.6965	PB: 17.6965	LB: 195.987	GB: 195.987	Conf: 2	Pts: 55522
Particle (40):: Fit: 18.0769	PB: 18.0769	LB: 194.644	GB: 195.987	Conf: 2	Pts: 70422
Particle (47):: Fit: 174.207	PB: 174.207	LB: 186.056	GB: 195.987	Conf: 0.937367	Pts: 50420
Particle (31):: Fit: 168.992	PB: 168.992	LB: 182.73	GB: 195.987	Conf: 1.88551	Pts: 55519
Particle (36):: Fit: 172.104	PB: 172.104	LB: 194.644	GB: 195.987	Conf: 1.32713	Pts: 65519
Particle (37):: Fit: 17.4333	PB: 17.4333	LB: 194.644	GB: 195.987	Conf: 0.70169	Pts: 55715
Particle (44):: Fit: 15.9352	PB: 15.9352	LB: 194.644	GB: 195.987	Conf: 0.82123	Pts: 50503
Particle (20):: Fit: 186.282	PB: 186.282	LB: 192.227	GB: 195.987	Conf: 1.87947	Pts: 75616
Particle (37):: Fit: 18.0253	PB: 18.0253	LB: 194.644	GB: 195.987	Conf: 0.544745	Pts: 55813
Particle (40):: Fit: 166.174	PB: 166.174	LB: 194.644	GB: 195.987	Conf: 1.98375	Pts: 70516
Particle (27):: Fit: 18.4566	PB: 18.4566	LB: 182.73	GB: 195.987	Conf: 2	Pts: 55915
Particle (5):: Fit: 172.225	PB: 172.225	LB: 189.683	GB: 195.987	Conf: 0.28391	Pts: 60273
Particle (32):: Fit: 166.262	PB: 166.262	LB: 182.73	GB: 195.987	Conf: 1.94648	Pts: 55610
Particle (2):: Fit: 18.2668	PB: 18.2668	LB: 189.683	GB: 195.987	Conf: 2	Pts: 55505
Particle (24):: Fit: 17.8868	PB: 17.8868	LB: 186.282	GB: 195.987	Conf: 2	Pts: 60604
Particle (13):: Fit: 176.123	PB: 176.123	LB: 195.987	GB: 195.987	Conf: 0.660187	Pts: 100401
Particle (36):: Fit: 176.534	PB: 176.534	LB: 194.644	GB: 195.987	Conf: 0.840907	Pts: 65602
Particle (2):: Fit: 169.519	PB: 169.519	LB: 189.683	GB: 195.987	Conf: 0.19128	Pts: 55597
Particle (3):: Fit: 173.97	PB: 173.97	LB: 189.683	GB: 195.987	Conf: 0.597817	Pts: 60596
Particle (15):: Fit: 178.417	PB: 178.417	LB: 195.987	GB: 195.987	Conf: 0.857987	Pts: 65397
Particle (27):: Fit: 173.497	PB: 173.497	LB: 182.73	GB: 195.987	Conf: 0.446155	Pts: 55997
Particle (37):: Fit: 125.252	PB: 125.252	LB: 194.644	GB: 195.987	Conf: 0.601206	Pts: 55891
Particle (40):: Fit: 167.874	PB: 167.874	LB: 194.644	GB: 195.987	Conf: 0.0868504	Pts: 70596
Particle (18):: Fit: 170.732	PB: 170.732	LB: 195.987	GB: 195.987	Conf: 0.142218	Pts: 55596
Particle (9):: Fit: 180.284	PB: 180.284	LB: 195.987	GB: 195.987	Conf: 0.189298	Pts: 80395
Particle (35):: Fit: 164.43	PB: 164.43	LB: 188.957	GB: 195.987	Conf: 0.348032	Pts: 55495
Particle (3):: Fit: 178.308	PB: 178.308	LB: 189.683	GB: 195.987	Conf: 0.473142	Pts: 60693
Particle (37):: Fit: 150.751	PB: 150.751	LB: 194.644	GB: 195.987	Conf: 0.846617	Pts: 55988
Particle (44):: Fit: 171.648	PB: 171.648	LB: 194.644	GB: 195.987	Conf: 0.261027	Pts: 50578
Particle (32):: Fit: 176.134	PB: 176.134	LB: 182.73	GB: 195.987	Conf: 0.576523	Pts: 55693
Particle (21):: Fit: 176.758	PB: 176.758	LB: 192.227	GB: 195.987	Conf: 0.901519	Pts: 55790
Particle (43):: Fit: 187.909	PB: 187.909	LB: 194.644	GB: 195.987	Conf: 0.470469	Pts: 95291
Particle (28):: Fit: 179.135	PB: 179.135	LB: 182.73	GB: 195.987	Conf: 0.497693	Pts: 65291
Particle (24):: Fit: 166.188	PB: 166.188	LB: 186.282	GB: 195.987	Conf: 1.98978	Pts: 60689
Particle (26):: Fit: 134.856	PB: 134.856	LB: 182.73	GB: 195.987	Conf: 1.31667	Pts: 105290
Particle (42):: Fit: 136.21	PB: 136.21	LB: 194.644	GB: 195.987	Conf: 0.859816	Pts: 50575
Particle (45):: Fit: 128.311	PB: 128.311	LB: 194.644	GB: 195.987	Conf: 0.435431	Pts: 50377
Particle (40):: Fit: 172.367	PB: 172.367	LB: 194.644	GB: 195.987	Conf: 0.0910597	Pts: 70688
Particle (42):: Fit: 166.742	PB: 166.742	LB: 194.644	GB: 195.987	Conf: 0.529424	Pts: 50674
Particle (46):: Fit: 148.386	PB: 148.386	LB: 187.909	GB: 195.987	Conf: 1.37933	Pts: 50589
Particle (42):: Fit: 168.424	PB: 168.424	LB: 194.644	GB: 195.987	Conf: 0.828269	Pts: 50773
Particle (16):: Fit: 145.47	PB: 145.47	LB: 195.987	GB: 195.987	Conf: 0.566948	Pts: 65287
Particle (16):: Fit: 173.645	PB: 173.645	LB: 195.987	GB: 195.987	Conf: 0.0785224	Pts: 65385
Particle (19):: Fit: 185.307	PB: 185.307	LB: 192.227	GB: 195.987	Conf: 0.584418	Pts: 210685
Particle (45):: Fit: 135.964	PB: 135.964	LB: 194.644	GB: 195.987	Conf: 0.294602	Pts: 50472
Particle (49):: Fit: 167.28	PB: 167.28	LB: 186.056	GB: 195.987	Conf: 0.858629	Pts: 50585
Particle (46):: Fit: 190.406	PB: 190.406	LB: 190.406	GB: 195.987	Conf: 0.235747	Pts: 75682
Particle (30):: Fit: 186.805	PB: 186.805	LB: 186.805	GB: 195.987	Conf: 0.410626	Pts: 320381
Particle (36):: Fit: 190.894	PB: 190.894	LB: 194.644	GB: 195.987	Conf: 0.90164	Pts: 90681
Particle (7):: Fit: 17.5335	PB: 17.5335	LB: 189.683	GB: 195.987	Conf: 1.84862	Pts: 65278
Particle (25):: Fit: 180.528	PB: 180.528	LB: 186.805	GB: 195.987	Conf: 1.20344	Pts: 110480
Particle (47):: Fit: 181.568	PB: 181.568	LB: 190.406	GB: 195.987	Conf: 0.470861	Pts: 50479
Particle (7):: Fit: 156.539	PB: 156.539	LB: 189.683	GB: 195.987	Conf: 0.459322	Pts: 65377
Particle (37):: Fit: 158.131	PB: 158.131	LB: 194.644	GB: 195.987	Conf: 0.876173	Pts: 56073
Particle (44):: Fit: 176.752	PB: 176.752	LB: 194.644	GB: 195.987	Conf: 0.407418	Pts: 50663
Particle (18):: Fit: 172.124	PB: 172.124	LB: 195.987	GB: 195.987	Conf: 0.255942	Pts: 55678
Particle (42):: Fit: 187.051	PB: 187.051	LB: 194.644	GB: 195.987	Conf: 0.657565	Pts: 50862
Particle (4):: Fit: 163.043	PB: 163.043	LB: 189.683	GB: 195.987	Conf: 0.556805	Pts: 55876
Particle (5):: Fit: 187.013	PB: 187.013	LB: 189.683	GB: 195.987	Conf: 0.297181	Pts: 60333
Particle (22):: Fit: 177.276	PB: 177.276	LB: 186.282	GB: 195.987	Conf: 0.127148	Pts: 85574
Particle (4):: Fit: 167.032	PB: 167.032	LB: 189.683	GB: 195.987	Conf: 0.36208	Pts: 55975
Particle (11):: Fit: 139.577	PB: 139.577	LB: 195.987	GB: 195.987	Conf: 0.532587	Pts: 100275
Particle (15):: Fit: 188.601	PB: 188.601	LB: 195.987	GB: 195.987	Conf: 0.456143	Pts: 65475
Particle (23):: Fit: 179.924	PB: 179.924	LB: 186.282	GB: 195.987	Conf: 0.198242	Pts: 55575
Particle (4):: Fit: 172.985	PB: 172.985	LB: 189.683	GB: 195.987	Conf: 0.791904	Pts: 56074
Particle (11):: Fit: 160.047	PB: 160.047	LB: 195.987	GB: 195.987	Conf: 0.767591	Pts: 100374
Particle (49):: Fit: 176.706	PB: 176.706	LB: 190.406	GB: 195.987	Conf: 0.867921	Pts: 50673
Particle (38):: Fit: 191.691	PB: 191.691	LB: 194.644	GB: 195.987	Conf: 0.88696	Pts: 175471
Particle (34):: Fit: 136.817	PB: 136.817	LB: 191.691	GB: 195.987	Conf: 0.635849	Pts: 55470
Particle (18):: Fit: 174.985	PB: 174.985	LB: 195.987	GB: 195.987	Conf: 0.201385	Pts: 55770
Particle (1):: Fit: 185.414	PB: 185.414	LB: 189.683	GB: 195.987	Conf: 0.306463	Pts: 160168
Particle (4):: Fit: 175.988	PB: 175.988	LB: 189.683	GB: 195.987	Conf: 0.586886	Pts: 56168
Particle (7):: Fit: 163.741	PB: 163.741	LB: 189.683	GB: 195.987	Conf: 0.429868	Pts: 65466
Particle (24):: Fit: 167.383	PB: 167.383	LB: 186.282	GB: 195.987	Conf: 0.119989	Pts: 60767
Particle (2):: Fit: 194.754	PB: 194.754	LB: 194.754	GB: 195.987	Conf: 0.802455	Pts: 105665
Particle (24):: Fit: 185.942	PB: 185.942	LB: 186.282	GB: 195.987	Conf: 0.121609	Pts: 60863
Particle (45):: Fit: 169.476	PB: 169.476	LB: 194.644	GB: 195.987	Conf: 0.366675	Pts: 50549
Particle (11):: Fit: 175.146	PB: 175.146	LB: 195.987	GB: 195.987	Conf: 0.288779	Pts: 100460
Particle (27):: Fit: 181.549	PB: 181.549	LB: 186.805	GB: 195.987	Conf: 0.634804	Pts: 56059
Particle (44):: Fit: 180.447	PB: 180.447	LB: 194.644	GB: 195.987	Conf: 0.25294	Pts: 50744
Particle (26):: Fit: 160.078	PB: 160.078	LB: 186.805	GB: 195.987	Conf: 0.7721	Pts: 105356
Particle (35):: Fit: 170.039	PB: 170.039	LB: 191.691	GB: 195.987	Conf: 0.319668	Pts: 55559
Particle (31):: Fit: 199.646	PB: 199.646	LB: 199.646	GB: 199.646	Conf: 0.785079	Pts: 115557
Global: 199.646 - Correct: 70% of 100 tests
Global Best: 
  Inner Net 1
  -- 1 : 1 = 0.389508
  -- 1 : 2 = 0.214831
  -- 1 : 3 = -1
  -- 1 : 4 = 0.0995522
  -- 1 : 5 = 0.30407
  -- 1 : 6 = -1
  -- 1 : 7 = 0.42921
  -- 1 : 8 = 0.241672
  -- 1 : 9 = 0.440648
  -- 2 : 1 = 0.0518524
  -- 2 : 2 = -0.0377628
  -- 2 : 3 = 0.518452
  -- 2 : 4 = 0.565896
  -- 2 : 5 = 0.0168858
  -- 2 : 6 = 0.655136
  -- 2 : 7 = -0.179789
  -- 2 : 8 = 0.0768488
  -- 2 : 9 = -0.5
  -- 3 : 1 = 0.198281
  -- 3 : 2 = 0.00149977
  -- 3 : 3 = 0.156973
  -- 3 : 4 = 0.560161
  -- 3 : 5 = 0.333409
  -- 3 : 6 = 0.167576
  -- 3 : 7 = 0.429458
  -- 3 : 8 = 0.68783
  -- 3 : 9 = 0.500303
  -- 4 : 1 = 0.284897
  -- 4 : 2 = 0.850586
  -- 4 : 3 = 0.62572
  -- 4 : 4 = 0.0154881
  -- 4 : 5 = -0.348655
  -- 4 : 6 = 0.099747
  -- 4 : 7 = 0.19234
  -- 4 : 8 = 0.5779
  -- 4 : 9 = 0.340238
  -- 5 : 1 = 0.132445
  -- 5 : 2 = 0.227403
  -- 5 : 3 = 0.204476
  -- 5 : 4 = 0.380063
  -- 5 : 5 = 0.496008
  -- 5 : 6 = 0.393922
  -- 5 : 7 = 0.129349
  -- 5 : 8 = 0.171566
  -- 5 : 9 = 0.17171
  -- 6 : 1 = 0.574084
  -- 6 : 2 = 0.758801
  -- 6 : 3 = 0.429562
  -- 6 : 4 = 0.454783
  -- 6 : 5 = 0.418702
  -- 6 : 6 = -0.175814
  -- 6 : 7 = 0.220938
  -- 6 : 8 = 0.470876
  -- 6 : 9 = 0.658269
  -- 7 : 1 = 0.531636
  -- 7 : 2 = -0.020036
  -- 7 : 3 = 0.258394
  -- 7 : 4 = -0.270354
  -- 7 : 5 = 0.238037
  -- 7 : 6 = 0.5
  -- 7 : 7 = -0.12013
  -- 7 : 8 = 0.617177
  -- 7 : 9 = 0
  -- 8 : 1 = 0.400788
  -- 8 : 2 = -0.0158571
  -- 8 : 3 = 0.733681
  -- 8 : 4 = 0.208918
  -- 8 : 5 = 0.615814
  -- 8 : 6 = 0.353841
  -- 8 : 7 = 0.43208
  -- 8 : 8 = -0.0266245
  -- 8 : 9 = -1
  -- 9 : 1 = 0.213551
  -- 9 : 2 = 0.0897437
  -- 9 : 3 = 0.451011
  -- 9 : 4 = 0.383827
  -- 9 : 5 = -0.0453531
  -- 9 : 6 = 0.715326
  -- 9 : 7 = -0.0584417
  -- 9 : 8 = 0.863716
  -- 9 : 9 = 0.00415424
  -- 10 : 1 = 0.400102
  -- 10 : 2 = 0.522802
  -- 10 : 3 = 0.232278
  -- 10 : 4 = 0.0202755
  -- 10 : 5 = 0.550271
  -- 10 : 6 = -0.17786
  -- 10 : 7 = 0.527248
  -- 10 : 8 = 0.260086
  -- 10 : 9 = 0.404061
  Inner Net 2
  -- 1 : 1 = 0.0142936
  -- 1 : 2 = -0.311601
  -- 2 : 1 = -0.00782916
  -- 2 : 2 = 0.000727553
  -- 3 : 1 = 0.215819
  -- 3 : 2 = -0.0799463
  -- 4 : 1 = 0.449235
  -- 4 : 2 = 0.0339985
  -- 5 : 1 = 0.00895669
  -- 5 : 2 = 0.0315874
  -- 6 : 1 = -0.290806
  -- 6 : 2 = -0.0242807
  -- 7 : 1 = 0.588721
  -- 7 : 2 = -0.200884
  -- 8 : 1 = 0.109938
  -- 8 : 2 = 0.276005
  -- 9 : 1 = 0.429813
  -- 9 : 2 = -0.11175
Out\Act	False		True
False	0.329367	0.512613	0.84198
True	0.0285578	0.129462	0.15802
	0.357925	0.642075
	Accuracy [ (tp + tn) / testSize ]: 0.458829
	Precision [ tp / (tp + fp) ]:      0.201481
	Sensitivity [ tp / (tp + fn) ]:    0.816817
	Specificity [ tn / (tn + fp) ]:    0.39096
	F-Score [ 2tp / (2tp + fp + fn) ]: 0.323424
Particle (26):: Fit: 179.983	PB: 179.983	LB: 199.646	GB: 199.646	Conf: 0.527623	Pts: 105454
Particle (25):: Fit: 194.932	PB: 194.932	LB: 194.932	GB: 199.646	Conf: 0.934349	Pts: 140556
Particle (16):: Fit: 179.992	PB: 179.992	LB: 195.987	GB: 199.646	Conf: 0.0897305	Pts: 65455
Particle (4):: Fit: 190.31	PB: 190.31	LB: 194.754	GB: 199.646	Conf: 0.248179	Pts: 66251
Particle (35):: Fit: 183.411	PB: 183.411	LB: 199.646	GB: 199.646	Conf: 0.65289	Pts: 55651
Particle (37):: Fit: 164.82	PB: 164.82	LB: 194.644	GB: 199.646	Conf: 0.677904	Pts: 56145
Particle (7):: Fit: 189.977	PB: 189.977	LB: 190.31	GB: 199.646	Conf: 0.875643	Pts: 65543
Particle (39):: Fit: 182.225	PB: 182.225	LB: 194.644	GB: 199.646	Conf: 0.492437	Pts: 145444
Particle (40):: Fit: 187.586	PB: 187.586	LB: 194.644	GB: 199.646	Conf: 0.0533195	Pts: 70741
Particle (16):: Fit: 186.611	PB: 186.611	LB: 195.987	GB: 199.646	Conf: 0.08814	Pts: 65543
Particle (48):: Fit: 186.407	PB: 186.407	LB: 194.754	GB: 199.646	Conf: 0.794693	Pts: 100342
Particle (19):: Fit: 188.458	PB: 188.458	LB: 192.227	GB: 199.646	Conf: 0.629298	Pts: 210741
Particle (45):: Fit: 180.756	PB: 180.756	LB: 194.644	GB: 199.646	Conf: 0.607287	Pts: 50627
Particle (37):: Fit: 172.567	PB: 172.567	LB: 194.644	GB: 199.646	Conf: 0.919818	Pts: 56233
Particle (30):: Fit: 199.149	PB: 199.149	LB: 199.646	GB: 199.646	Conf: 0.365738	Pts: 325437
Particle (34):: Fit: 145.961	PB: 145.961	LB: 199.646	GB: 199.646	Conf: 0.655689	Pts: 55534
Particle (28):: Fit: 185.337	PB: 185.337	LB: 199.646	GB: 199.646	Conf: 0.539541	Pts: 65332
Particle (18):: Fit: 190.862	PB: 190.862	LB: 195.987	GB: 199.646	Conf: 0.109325	Pts: 55829
Particle (23):: Fit: 181.091	PB: 181.091	LB: 194.932	GB: 199.646	Conf: 0.262479	Pts: 55627
Particle (44):: Fit: 184.168	PB: 184.168	LB: 194.644	GB: 199.646	Conf: 0.459605	Pts: 50811
Particle (5):: Fit: 188.951	PB: 188.951	LB: 194.754	GB: 199.646	Conf: 0.243772	Pts: 60379
Particle (8):: Fit: 141.8	PB: 141.8	LB: 190.31	GB: 199.646	Conf: 1.09895	Pts: 55521
Particle (48):: Fit: 193.134	PB: 193.134	LB: 194.754	GB: 199.646	Conf: 0.680082	Pts: 105423
Particle (9):: Fit: 188.237	PB: 188.237	LB: 195.987	GB: 199.646	Conf: 0.516197	Pts: 80421
Particle (22):: Fit: 194.597	PB: 194.597	LB: 194.932	GB: 199.646	Conf: 0.135778	Pts: 90615
Particle (49):: Fit: 177.287	PB: 177.287	LB: 194.754	GB: 199.646	Conf: 0.609474	Pts: 50719
Particle (34):: Fit: 181.636	PB: 181.636	LB: 199.646	GB: 199.646	Conf: 0.678197	Pts: 55616
Particle (49):: Fit: 188.622	PB: 188.622	LB: 194.754	GB: 199.646	Conf: 0.558293	Pts: 50814
Particle (3):: Fit: 181.112	PB: 181.112	LB: 194.754	GB: 199.646	Conf: 0.772274	Pts: 60709
Particle (33):: Fit: 186.749	PB: 186.749	LB: 199.646	GB: 199.646	Conf: 0.200329	Pts: 65503
Particle (3):: Fit: 183.41	PB: 183.41	LB: 194.754	GB: 199.646	Conf: 0.597916	Pts: 60805
Particle (3):: Fit: 184.955	PB: 184.955	LB: 194.754	GB: 199.646	Conf: 0.598622	Pts: 60904
Particle (21):: Fit: 185.202	PB: 185.202	LB: 194.932	GB: 199.646	Conf: 0.830019	Pts: 55789
Particle (32):: Fit: 178.522	PB: 178.522	LB: 199.646	GB: 199.646	Conf: 0.908196	Pts: 55691
Particle (32):: Fit: 179.545	PB: 179.545	LB: 199.646	GB: 199.646	Conf: 0.844048	Pts: 55790
Particle (8):: Fit: 165.278	PB: 165.278	LB: 190.31	GB: 199.646	Conf: 0.632531	Pts: 55580
Particle (32):: Fit: 182.579	PB: 182.579	LB: 199.646	GB: 199.646	Conf: 0.748318	Pts: 55884
Particle (26):: Fit: 191.021	PB: 191.021	LB: 199.646	GB: 199.646	Conf: 0.447366	Pts: 105473
Particle (34):: Fit: 196.165	PB: 196.165	LB: 199.646	GB: 199.646	Conf: 0.646559	Pts: 70675
Particle (5):: Fit: 196.844	PB: 196.844	LB: 196.844	GB: 199.646	Conf: 0.310182	Pts: 110429
Particle (35):: Fit: 184.476	PB: 184.476	LB: 199.646	GB: 199.646	Conf: 0.69471	Pts: 55671
Particle (43):: Fit: 193.339	PB: 193.339	LB: 194.644	GB: 199.646	Conf: 0.24109	Pts: 100272
Particle (37):: Fit: 187.02	PB: 187.02	LB: 196.165	GB: 199.646	Conf: 0.867556	Pts: 56261
Particle (10):: Fit: 190.942	PB: 190.942	LB: 195.987	GB: 199.646	Conf: 0.273638	Pts: 60365
Particle (42):: Fit: 188.173	PB: 188.173	LB: 194.644	GB: 199.646	Conf: 0.471356	Pts: 50851
Particle (21):: Fit: 197.295	PB: 197.295	LB: 197.295	GB: 199.646	Conf: 0.937548	Pts: 100858
Particle (32):: Fit: 187.682	PB: 187.682	LB: 199.646	GB: 199.646	Conf: 0.384106	Pts: 55952
Particle (43):: Fit: 196.465	PB: 196.465	LB: 196.465	GB: 199.646	Conf: 0.358618	Pts: 150349
Particle (4):: Fit: 190.978	PB: 190.978	LB: 196.844	GB: 199.646	Conf: 0.163791	Pts: 66243
Particle (47):: Fit: 204.924	PB: 204.924	LB: 204.924	GB: 204.924	Conf: 0.821497	Pts: 110439
Global: 204.924 - Correct: 70% of 100 tests
Global Best: 
  Inner Net 1
  -- 1 : 1 = 0.324643
  -- 1 : 2 = 0.0949674
  -- 1 : 3 = 0.000609431
  -- 1 : 4 = -0.150579
  -- 1 : 5 = 0.220012
  -- 1 : 6 = -0.0976552
  -- 1 : 7 = 0.580453
  -- 1 : 8 = 0.299815
  -- 1 : 9 = 0.0299832
  -- 2 : 1 = 0.0563499
  -- 2 : 2 = 0.0902352
  -- 2 : 3 = -0.333672
  -- 2 : 4 = 0.128132
  -- 2 : 5 = -0.165865
  -- 2 : 6 = 0.248769
  -- 2 : 7 = -0.319975
  -- 2 : 8 = 0.152221
  -- 2 : 9 = -0.374628
  -- 3 : 1 = 0.230711
  -- 3 : 2 = 0.105035
  -- 3 : 3 = -0.143225
  -- 3 : 4 = 0.036762
  -- 3 : 5 = 0.27749
  -- 3 : 6 = -0.0508114
  -- 3 : 7 = 0.045744
  -- 3 : 8 = 0.403874
  -- 3 : 9 = 0.00968615
  -- 4 : 1 = 0.513664
  -- 4 : 2 = 0.307155
  -- 4 : 3 = -0.118549
  -- 4 : 4 = -0.00461753
  -- 4 : 5 = 0.212989
  -- 4 : 6 = -0.036141
  -- 4 : 7 = 0.447198
  -- 4 : 8 = -0.235493
  -- 4 : 9 = 0.653982
  -- 5 : 1 = 0.481408
  -- 5 : 2 = 0.166808
  -- 5 : 3 = 0.409223
  -- 5 : 4 = -0.0374128
  -- 5 : 5 = 0.319875
  -- 5 : 6 = 0.365482
  -- 5 : 7 = -0.0044538
  -- 5 : 8 = 0.11489
  -- 5 : 9 = 0.612121
  -- 6 : 1 = 0.719875
  -- 6 : 2 = 0.13878
  -- 6 : 3 = 0.0318
  -- 6 : 4 = -0.132851
  -- 6 : 5 = -0.00518094
  -- 6 : 6 = -0.434979
  -- 6 : 7 = 0.0754833
  -- 6 : 8 = 0.5
  -- 6 : 9 = -0.250904
  -- 7 : 1 = 0.0728228
  -- 7 : 2 = 0.0974415
  -- 7 : 3 = -0.40013
  -- 7 : 4 = -0.0182431
  -- 7 : 5 = -0.100847
  -- 7 : 6 = 0.18559
  -- 7 : 7 = 0.633517
  -- 7 : 8 = -0.0349694
  -- 7 : 9 = -0.412479
  -- 8 : 1 = -0.226322
  -- 8 : 2 = -0.286526
  -- 8 : 3 = -0.00454077
  -- 8 : 4 = -0.00605313
  -- 8 : 5 = 0.0968188
  -- 8 : 6 = 0.284353
  -- 8 : 7 = 0.461872
  -- 8 : 8 = 0.151892
  -- 8 : 9 = 0.0010435
  -- 9 : 1 = 0.387014
  -- 9 : 2 = 0.0205805
  -- 9 : 3 = -0.0708999
  -- 9 : 4 = 0.020684
  -- 9 : 5 = 0.310251
  -- 9 : 6 = -0.0857695
  -- 9 : 7 = 0.202185
  -- 9 : 8 = 0.131067
  -- 9 : 9 = -0.0743252
  -- 10 : 1 = 0.168114
  -- 10 : 2 = -0.0217865
  -- 10 : 3 = -0.100735
  -- 10 : 4 = 0.270931
  -- 10 : 5 = 0.532721
  -- 10 : 6 = 0.246906
  -- 10 : 7 = 0.12158
  -- 10 : 8 = 0.341917
  -- 10 : 9 = 0
  Inner Net 2
  -- 1 : 1 = 0.219194
  -- 1 : 2 = 0.300737
  -- 2 : 1 = -0.289225
  -- 2 : 2 = 0.108424
  -- 3 : 1 = -0.190084
  -- 3 : 2 = 0.0246505
  -- 4 : 1 = -0.0327233
  -- 4 : 2 = 0.0033718
  -- 5 : 1 = -0.00538472
  -- 5 : 2 = 0.0207852
  -- 6 : 1 = 0.0172779
  -- 6 : 2 = 0.0925749
  -- 7 : 1 = 0.258732
  -- 7 : 2 = 0.163825
  -- 8 : 1 = 0.445748
  -- 8 : 2 = 0.019522
  -- 9 : 1 = 0.367108
  -- 9 : 2 = 0.286121
Out\Act	False		True
False	0.236554	0.605426	0.84198
True	0.0218943	0.136126	0.15802
	0.258448	0.741552
	Accuracy [ (tp + tn) / testSize ]: 0.37268
	Precision [ tp / (tp + fp) ]:      0.183451
	Sensitivity [ tp / (tp + fn) ]:    0.858859
	Specificity [ tn / (tn + fp) ]:    0.280791
	F-Score [ 2tp / (2tp + fp + fn) ]: 0.302485
Particle (39):: Fit: 183.007	PB: 183.007	LB: 196.465	GB: 204.924	Conf: 0.247302	Pts: 145437
Particle (16):: Fit: 205.071	PB: 205.071	LB: 205.071	GB: 205.071	Conf: 0.228795	Pts: 125530
Global: 205.071 - Correct: 73% of 100 tests
Global Best: 
  Inner Net 1
  -- 1 : 1 = -0.379433
  -- 1 : 2 = 0.335035
  -- 1 : 3 = -0.391513
  -- 1 : 4 = -0.160023
  -- 1 : 5 = 0.230498
  -- 1 : 6 = 0.0207205
  -- 1 : 7 = 0.171481
  -- 1 : 8 = 0.123418
  -- 1 : 9 = 0.340162
  -- 2 : 1 = -1
  -- 2 : 2 = 0.826535
  -- 2 : 3 = 0.589833
  -- 2 : 4 = 0.0500294
  -- 2 : 5 = -0.143997
  -- 2 : 6 = -0.183773
  -- 2 : 7 = -0.424164
  -- 2 : 8 = -0.217276
  -- 2 : 9 = 0.179277
  -- 3 : 1 = 0.374909
  -- 3 : 2 = -0.221702
  -- 3 : 3 = -0.208913
  -- 3 : 4 = -0.0473875
  -- 3 : 5 = 0.0391652
  -- 3 : 6 = 0.151604
  -- 3 : 7 = 0.246439
  -- 3 : 8 = -0.305181
  -- 3 : 9 = 0.0954527
  -- 4 : 1 = 0.729754
  -- 4 : 2 = 0.28331
  -- 4 : 3 = 0.201963
  -- 4 : 4 = -0.0637748
  -- 4 : 5 = -0.207024
  -- 4 : 6 = -0.0396765
  -- 4 : 7 = 0.221875
  -- 4 : 8 = -0.229017
  -- 4 : 9 = -0.0125011
  -- 5 : 1 = 0.569522
  -- 5 : 2 = 0.485379
  -- 5 : 3 = -0.0337384
  -- 5 : 4 = -0.050789
  -- 5 : 5 = -0.153826
  -- 5 : 6 = -0.0319508
  -- 5 : 7 = 0.0153558
  -- 5 : 8 = 0.182349
  -- 5 : 9 = 0.21356
  -- 6 : 1 = 0.924146
  -- 6 : 2 = -0.175685
  -- 6 : 3 = 0.233736
  -- 6 : 4 = 0.128309
  -- 6 : 5 = 0.383976
  -- 6 : 6 = 0.109269
  -- 6 : 7 = 0.128356
  -- 6 : 8 = -0.0607603
  -- 6 : 9 = -0.0819123
  -- 7 : 1 = 0.12238
  -- 7 : 2 = -0.526298
  -- 7 : 3 = -0.0392914
  -- 7 : 4 = 0.347158
  -- 7 : 5 = -0.216812
  -- 7 : 6 = -0.00698861
  -- 7 : 7 = 0.0204747
  -- 7 : 8 = 0.186381
  -- 7 : 9 = 0.221101
  -- 8 : 1 = 0.24722
  -- 8 : 2 = 0.0857023
  -- 8 : 3 = 0.119346
  -- 8 : 4 = -0.167119
  -- 8 : 5 = 0.659544
  -- 8 : 6 = 0.164452
  -- 8 : 7 = 0.304597
  -- 8 : 8 = 0.186832
  -- 8 : 9 = -0.294002
  -- 9 : 1 = 0.707935
  -- 9 : 2 = -0.0404711
  -- 9 : 3 = 0.310554
  -- 9 : 4 = -0.329495
  -- 9 : 5 = 0.157763
  -- 9 : 6 = -0.229872
  -- 9 : 7 = -0.204426
  -- 9 : 8 = 0.156741
  -- 9 : 9 = -0.138376
  -- 10 : 1 = 0.0254724
  -- 10 : 2 = -0.0663334
  -- 10 : 3 = 0.141883
  -- 10 : 4 = 0.127244
  -- 10 : 5 = 0.200447
  -- 10 : 6 = -0.0140878
  -- 10 : 7 = 0.251344
  -- 10 : 8 = 0.248592
  -- 10 : 9 = 0.183997
  Inner Net 2
  -- 1 : 1 = -0.070746
  -- 1 : 2 = 0.288614
  -- 2 : 1 = -0.44116
  -- 2 : 2 = 0.00324703
  -- 3 : 1 = 0.105027
  -- 3 : 2 = 0.097052
  -- 4 : 1 = 0.565072
  -- 4 : 2 = 0.292525
  -- 5 : 1 = -0.291684
  -- 5 : 2 = -0.0786914
  -- 6 : 1 = 0.0523834
  -- 6 : 2 = 0.0719434
  -- 7 : 1 = -0.0438963
  -- 7 : 2 = -0.401652
  -- 8 : 1 = 0.508917
  -- 8 : 2 = 0.549827
  -- 9 : 1 = -0.718979
  -- 9 : 2 = -0.495629
Out\Act	False		True
False	0.443122	0.398858	0.84198
True	0.0518801	0.10614	0.15802
	0.495002	0.504998
	Accuracy [ (tp + tn) / testSize ]: 0.549262
	Precision [ tp / (tp + fp) ]:      0.209981
	Sensitivity [ tp / (tp + fn) ]:    0.66967
	Specificity [ tn / (tn + fp) ]:    0.525989
	F-Score [ 2tp / (2tp + fp + fn) ]: 0.319943
Particle (8):: Fit: 167.722	PB: 167.722	LB: 196.844	GB: 205.071	Conf: 0.421495	Pts: 55621
Particle (1):: Fit: 185.797	PB: 185.797	LB: 204.924	GB: 205.071	Conf: 0.311411	Pts: 160124
Particle (3):: Fit: 190.08	PB: 190.08	LB: 196.844	GB: 205.071	Conf: 0.62196	Pts: 60920
Particle (11):: Fit: 176.585	PB: 176.585	LB: 205.071	GB: 205.071	Conf: 0.686431	Pts: 100418
Particle (39):: Fit: 183.404	PB: 183.404	LB: 196.465	GB: 205.071	Conf: 0.127686	Pts: 145518
Particle (8):: Fit: 169.258	PB: 169.258	LB: 196.844	GB: 205.071	Conf: 0.422606	Pts: 55708
Particle (11):: Fit: 176.597	PB: 176.597	LB: 205.071	GB: 205.071	Conf: 0.576544	Pts: 100510
Particle (42):: Fit: 190.243	PB: 190.243	LB: 204.924	GB: 205.071	Conf: 0.447544	Pts: 50898
Particle (12):: Fit: 183.552	PB: 183.552	LB: 205.071	GB: 205.071	Conf: 0.712346	Pts: 155406
Particle (8):: Fit: 179.452	PB: 179.452	LB: 196.844	GB: 205.071	Conf: 0.389746	Pts: 55804
Particle (4):: Fit: 197.515	PB: 197.515	LB: 197.515	GB: 205.071	Conf: 0.214834	Pts: 101303
Particle (12):: Fit: 184.777	PB: 184.777	LB: 205.071	GB: 205.071	Conf: 0.512371	Pts: 155499
Particle (1):: Fit: 186.833	PB: 186.833	LB: 204.924	GB: 205.071	Conf: 0.692149	Pts: 160200
Particle (7):: Fit: 194.231	PB: 194.231	LB: 197.515	GB: 205.071	Conf: 0.86943	Pts: 65482
Particle (1):: Fit: 193.328	PB: 193.328	LB: 204.924	GB: 205.071	Conf: 0.137553	Pts: 160265
Particle (23):: Fit: 198.659	PB: 198.659	LB: 198.659	GB: 205.071	Conf: 0.348399	Pts: 75568
Particle (27):: Fit: 204.04	PB: 204.04	LB: 204.04	GB: 205.071	Conf: 0.437057	Pts: 105963
Particle (45):: Fit: 183.675	PB: 183.675	LB: 204.924	GB: 205.071	Conf: 0.439065	Pts: 50542
Particle (45):: Fit: 191.875	PB: 191.875	LB: 204.924	GB: 205.071	Conf: 0.327812	Pts: 50641
Particle (40):: Fit: 187.996	PB: 187.996	LB: 196.465	GB: 205.071	Conf: 0.103817	Pts: 70646
Particle (15):: Fit: 189.763	PB: 189.763	LB: 205.071	GB: 205.071	Conf: 0.4471	Pts: 65354
Particle (8):: Fit: 181.71	PB: 181.71	LB: 197.515	GB: 205.071	Conf: 0.500848	Pts: 55838
Particle (42):: Fit: 194.319	PB: 194.319	LB: 204.924	GB: 205.071	Conf: 0.879685	Pts: 50924
Particle (28):: Fit: 188.346	PB: 188.346	LB: 204.04	GB: 205.071	Conf: 0.693986	Pts: 65234
Particle (35):: Fit: 187.356	PB: 187.356	LB: 199.646	GB: 205.071	Conf: 0.381343	Pts: 55630
Particle (11):: Fit: 178.723	PB: 178.723	LB: 205.071	GB: 205.071	Conf: 0.564065	Pts: 100528
Particle (39):: Fit: 186.052	PB: 186.052	LB: 196.465	GB: 205.071	Conf: 0.161952	Pts: 145478
Particle (15):: Fit: 191.127	PB: 191.127	LB: 205.071	GB: 205.071	Conf: 0.186245	Pts: 65377
Particle (33):: Fit: 190.315	PB: 190.315	LB: 199.646	GB: 205.071	Conf: 0.49654	Pts: 65360
Particle (9):: Fit: 194.328	PB: 194.328	LB: 196.844	GB: 205.071	Conf: 0.39369	Pts: 80256
Particle (3):: Fit: 202.608	PB: 202.608	LB: 202.608	GB: 205.071	Conf: 0.599178	Pts: 90842
Particle (29):: Fit: 181.649	PB: 181.649	LB: 204.04	GB: 205.071	Conf: 0.595943	Pts: 70357
Particle (6):: Fit: 189.903	PB: 189.903	LB: 202.608	GB: 205.071	Conf: 0.443722	Pts: 105060
Particle (28):: Fit: 188.661	PB: 188.661	LB: 204.04	GB: 205.071	Conf: 0.618887	Pts: 65143
Particle (1):: Fit: 193.56	PB: 193.56	LB: 204.924	GB: 205.071	Conf: 0.126573	Pts: 160133
Particle (25):: Fit: 195.948	PB: 195.948	LB: 204.04	GB: 205.071	Conf: 0.933447	Pts: 140231
Particle (42):: Fit: 200.858	PB: 200.858	LB: 204.924	GB: 205.071	Conf: 0.877069	Pts: 75809
Particle (7):: Fit: 198.776	PB: 198.776	LB: 202.608	GB: 205.071	Conf: 0.856908	Pts: 80301
Particle (11):: Fit: 185.856	PB: 185.856	LB: 205.071	GB: 205.071	Conf: 0.651684	Pts: 100392
Particle (18):: Fit: 205.143	PB: 205.143	LB: 205.143	GB: 205.143	Conf: 0.202418	Pts: 115491
Global: 205.143 - Correct: 71% of 100 tests
Global Best: 
  Inner Net 1
  -- 1 : 1 = 0.153316
  -- 1 : 2 = -0.333158
  -- 1 : 3 = 0.329647
  -- 1 : 4 = -0.297003
  -- 1 : 5 = 0.711
  -- 1 : 6 = -0.119203
  -- 1 : 7 = 0.13364
  -- 1 : 8 = 0.146336
  -- 1 : 9 = -0.20614
  -- 2 : 1 = -0.358515
  -- 2 : 2 = -0.0819808
  -- 2 : 3 = 0.376943
  -- 2 : 4 = 0.175954
  -- 2 : 5 = 0.429057
  -- 2 : 6 = -0.15275
  -- 2 : 7 = 0.371597
  -- 2 : 8 = -0.275198
  -- 2 : 9 = 0.387303
  -- 3 : 1 = 0.233371
  -- 3 : 2 = -0.058574
  -- 3 : 3 = -0.0496764
  -- 3 : 4 = 0.521838
  -- 3 : 5 = -0.0450737
  -- 3 : 6 = -0.0191944
  -- 3 : 7 = -0.0088324
  -- 3 : 8 = 0.131834
  -- 3 : 9 = 0.0761252
  -- 4 : 1 = 0.957855
  -- 4 : 2 = 0.162842
  -- 4 : 3 = 0.255337
  -- 4 : 4 = 0.109163
  -- 4 : 5 = 0.18287
  -- 4 : 6 = 0.0376669
  -- 4 : 7 = 0.576152
  -- 4 : 8 = 0.22258
  -- 4 : 9 = -0.0950007
  -- 5 : 1 = 0.52336
  -- 5 : 2 = 0.00962154
  -- 5 : 3 = -0.466577
  -- 5 : 4 = 0.0220728
  -- 5 : 5 = 0.346436
  -- 5 : 6 = -0.276086
  -- 5 : 7 = 0.673357
  -- 5 : 8 = 0.230075
  -- 5 : 9 = 0.0498019
  -- 6 : 1 = 0.540372
  -- 6 : 2 = -0.207592
  -- 6 : 3 = 0.36104
  -- 6 : 4 = -0.0769566
  -- 6 : 5 = 0.0209416
  -- 6 : 6 = 0.28066
  -- 6 : 7 = 0.0121993
  -- 6 : 8 = 0.242808
  -- 6 : 9 = -0.116116
  -- 7 : 1 = 0.583099
  -- 7 : 2 = -0.113399
  -- 7 : 3 = -0.0699811
  -- 7 : 4 = -0.228738
  -- 7 : 5 = -0.170816
  -- 7 : 6 = -0.0759982
  -- 7 : 7 = 0.291555
  -- 7 : 8 = -0.0427054
  -- 7 : 9 = -0.193598
  -- 8 : 1 = 0.319294
  -- 8 : 2 = -0.0685076
  -- 8 : 3 = 0.658012
  -- 8 : 4 = -0.386744
  -- 8 : 5 = 0.0524622
  -- 8 : 6 = -0.109506
  -- 8 : 7 = 0.0763536
  -- 8 : 8 = -0.0203814
  -- 8 : 9 = -0.723171
  -- 9 : 1 = 0.276842
  -- 9 : 2 = 0.326926
  -- 9 : 3 = 0.0431683
  -- 9 : 4 = -0.0194155
  -- 9 : 5 = -0.16812
  -- 9 : 6 = 0.654365
  -- 9 : 7 = 0.356348
  -- 9 : 8 = 0.450934
  -- 9 : 9 = -0.221597
  -- 10 : 1 = -0.018545
  -- 10 : 2 = -0.465534
  -- 10 : 3 = -0.169133
  -- 10 : 4 = 0.286849
  -- 10 : 5 = 0.505821
  -- 10 : 6 = -0.487916
  -- 10 : 7 = 0.140882
  -- 10 : 8 = 0.440359
  -- 10 : 9 = 0.260661
  Inner Net 2
  -- 1 : 1 = -0.0574681
  -- 1 : 2 = -0.00814225
  -- 2 : 1 = -0.32681
  -- 2 : 2 = 0.360525
  -- 3 : 1 = -0.63028
  -- 3 : 2 = 0.331272
  -- 4 : 1 = 0.492541
  -- 4 : 2 = 0.0977889
  -- 5 : 1 = 0.273665
  -- 5 : 2 = -0.232417
  -- 6 : 1 = 0.253356
  -- 6 : 2 = 0.223242
  -- 7 : 1 = -0.220042
  -- 7 : 2 = -0.683599
  -- 8 : 1 = 0.645017
  -- 8 : 2 = 0.12916
  -- 9 : 1 = -0.487577
  -- 9 : 2 = -0.0674563
Out\Act	False		True
False	0.275583	0.566397	0.84198
True	0.0237982	0.134222	0.15802
	0.299381	0.700619
	Accuracy [ (tp + tn) / testSize ]: 0.409805
	Precision [ tp / (tp + fp) ]:      0.191446
	Sensitivity [ tp / (tp + fn) ]:    0.846847
	Specificity [ tn / (tn + fp) ]:    0.327119
	F-Score [ 2tp / (2tp + fp + fn) ]: 0.312465
Particle (10):: Fit: 196.139	PB: 196.139	LB: 198.776	GB: 205.143	Conf: 0.363834	Pts: 60082
Particle (29):: Fit: 184.567	PB: 184.567	LB: 204.04	GB: 205.143	Conf: 0.572905	Pts: 70349
Particle (39):: Fit: 187.811	PB: 187.811	LB: 200.858	GB: 205.143	Conf: 0.745241	Pts: 145358
Particle (26):: Fit: 201.878	PB: 201.878	LB: 204.04	GB: 205.143	Conf: 0.615116	Pts: 105128
Particle (28):: Fit: 200.835	PB: 200.835	LB: 204.04	GB: 205.143	Conf: 0.63875	Pts: 70123
Particle (32):: Fit: 200.438	PB: 200.438	LB: 200.835	GB: 205.143	Conf: 0.61744	Pts: 75619
Particle (39):: Fit: 190.375	PB: 190.375	LB: 200.858	GB: 205.143	Conf: 0.384029	Pts: 145421
Particle (46):: Fit: 198.912	PB: 198.912	LB: 204.924	GB: 205.143	Conf: 0.873664	Pts: 75218
Particle (46):: Fit: 199.099	PB: 199.099	LB: 204.924	GB: 205.143	Conf: 0.238067	Pts: 75292
Particle (8):: Fit: 186.729	PB: 186.729	LB: 198.776	GB: 205.143	Conf: 0.616691	Pts: 55559
Particle (49):: Fit: 189.997	PB: 189.997	LB: 204.924	GB: 205.143	Conf: 0.605269	Pts: 50348
Particle (22):: Fit: 194.903	PB: 194.903	LB: 205.143	GB: 205.143	Conf: 0.376753	Pts: 90137
Particle (17):: Fit: 192.686	PB: 192.686	LB: 205.143	GB: 205.143	Conf: 0.705667	Pts: 170329
Particle (39):: Fit: 193.824	PB: 193.824	LB: 200.858	GB: 205.143	Conf: 0.350758	Pts: 145416
Particle (39):: Fit: 194.11	PB: 194.11	LB: 200.858	GB: 205.143	Conf: 0.446768	Pts: 145511
Particle (15):: Fit: 191.826	PB: 191.826	LB: 205.143	GB: 205.143	Conf: 0.556633	Pts: 65111
Particle (0):: Fit: 188.443	PB: 188.443	LB: 204.924	GB: 205.143	Conf: 0.693492	Pts: 229795
Particle (44):: Fit: 187.747	PB: 187.747	LB: 204.924	GB: 205.143	Conf: 0.580287	Pts: 50277
Particle (6):: Fit: 196.109	PB: 196.109	LB: 202.608	GB: 205.143	Conf: 0.501386	Pts: 104862
Particle (12):: Fit: 197.99	PB: 197.99	LB: 205.071	GB: 205.143	Conf: 0.400376	Pts: 155055
Particle (6):: Fit: 202.94	PB: 202.94	LB: 202.94	GB: 205.143	Conf: 0.766987	Pts: 149935
Particle (2):: Fit: 202.739	PB: 202.739	LB: 202.94	GB: 205.143	Conf: 0.746766	Pts: 105031
Particle (11):: Fit: 189.917	PB: 189.917	LB: 205.071	GB: 205.143	Conf: 0.547868	Pts: 100203
Particle (44):: Fit: 193.194	PB: 193.194	LB: 204.924	GB: 205.143	Conf: 0.400191	Pts: 50266
Particle (33):: Fit: 195.206	PB: 195.206	LB: 200.438	GB: 205.143	Conf: 0.760731	Pts: 64926
Particle (12):: Fit: 198.854	PB: 198.854	LB: 205.071	GB: 205.143	Conf: 0.385968	Pts: 155002
Particle (36):: Fit: 193.302	PB: 193.302	LB: 200.438	GB: 205.143	Conf: 0.667996	Pts: 89873
Particle (25):: Fit: 201.626	PB: 201.626	LB: 204.04	GB: 205.143	Conf: 0.0741583	Pts: 139860
Particle (1):: Fit: 197.466	PB: 197.466	LB: 204.924	GB: 205.143	Conf: 0.446907	Pts: 159752
Particle (45):: Fit: 200.682	PB: 200.682	LB: 204.924	GB: 205.143	Conf: 0.555157	Pts: 50028
Particle (15):: Fit: 194.97	PB: 194.97	LB: 205.143	GB: 205.143	Conf: 0.402011	Pts: 64954
Particle (12):: Fit: 207.645	PB: 207.645	LB: 207.645	GB: 207.645	Conf: 0.462867	Pts: 214996
Global: 207.645 - Correct: 71% of 100 tests
Global Best: 
  Inner Net 1
  -- 1 : 1 = -0.336524
  -- 1 : 2 = 0.223773
  -- 1 : 3 = 0.538376
  -- 1 : 4 = 0.228983
  -- 1 : 5 = -0.342292
  -- 1 : 6 = -0.233002
  -- 1 : 7 = 0.450067
  -- 1 : 8 = 0.0465797
  -- 1 : 9 = -0.453538
  -- 2 : 1 = -0.22908
  -- 2 : 2 = -0.00747017
  -- 2 : 3 = -0.0258404
  -- 2 : 4 = 0.311543
  -- 2 : 5 = 0.133081
  -- 2 : 6 = 0.0424237
  -- 2 : 7 = 0.0864801
  -- 2 : 8 = 0.215025
  -- 2 : 9 = 0.311995
  -- 3 : 1 = 0.502575
  -- 3 : 2 = 0.301827
  -- 3 : 3 = -0.0702381
  -- 3 : 4 = 0.212981
  -- 3 : 5 = -0.0854249
  -- 3 : 6 = -0.0465144
  -- 3 : 7 = -0.00355093
  -- 3 : 8 = 0.131149
  -- 3 : 9 = -0.0420309
  -- 4 : 1 = 0.534345
  -- 4 : 2 = 0.0106919
  -- 4 : 3 = -0.204309
  -- 4 : 4 = 0.154917
  -- 4 : 5 = -0.0717844
  -- 4 : 6 = -0.0418156
  -- 4 : 7 = 0.0864937
  -- 4 : 8 = -0.323501
  -- 4 : 9 = 0.155962
  -- 5 : 1 = 0.339352
  -- 5 : 2 = -0.184843
  -- 5 : 3 = 0.28584
  -- 5 : 4 = 0.194265
  -- 5 : 5 = -0.0401386
  -- 5 : 6 = 0.0998563
  -- 5 : 7 = 0.617259
  -- 5 : 8 = 0.175524
  -- 5 : 9 = -0.0679743
  -- 6 : 1 = 0.716136
  -- 6 : 2 = -0.10542
  -- 6 : 3 = 0.123574
  -- 6 : 4 = -0.00399399
  -- 6 : 5 = -0.247725
  -- 6 : 6 = 0.0209248
  -- 6 : 7 = 0.227612
  -- 6 : 8 = -0.360718
  -- 6 : 9 = -0.314752
  -- 7 : 1 = -0.0145673
  -- 7 : 2 = -0.250027
  -- 7 : 3 = -0.305784
  -- 7 : 4 = 0.0313957
  -- 7 : 5 = 0.175857
  -- 7 : 6 = -0.0713232
  -- 7 : 7 = -0.132114
  -- 7 : 8 = -0.0770544
  -- 7 : 9 = -0.178287
  -- 8 : 1 = 0.317602
  -- 8 : 2 = 0.204455
  -- 8 : 3 = 0.301706
  -- 8 : 4 = 0.0919792
  -- 8 : 5 = 0.0586489
  -- 8 : 6 = -0.0774152
  -- 8 : 7 = -0.0145491
  -- 8 : 8 = 0.163617
  -- 8 : 9 = -0.0928206
  -- 9 : 1 = 0.250999
  -- 9 : 2 = 0.649422
  -- 9 : 3 = -0.0443369
  -- 9 : 4 = -0.161753
  -- 9 : 5 = 0.115532
  -- 9 : 6 = -0.320862
  -- 9 : 7 = -0.371364
  -- 9 : 8 = 0.0874388
  -- 9 : 9 = -0.22855
  -- 10 : 1 = 0.0263526
  -- 10 : 2 = -0.0532917
  -- 10 : 3 = 0.00887284
  -- 10 : 4 = -0.323093
  -- 10 : 5 = -0.0818383
  -- 10 : 6 = -0.0509439
  -- 10 : 7 = 0.376314
  -- 10 : 8 = -0.160993
  -- 10 : 9 = -0.219245
  Inner Net 2
  -- 1 : 1 = -0.0470351
  -- 1 : 2 = -0.247655
  -- 2 : 1 = -0.34405
  -- 2 : 2 = 0.0902948
  -- 3 : 1 = -0.102328
  -- 3 : 2 = -0.0542573
  -- 4 : 1 = 0.81125
  -- 4 : 2 = 0.154616
  -- 5 : 1 = 0.311645
  -- 5 : 2 = 0.298523
  -- 6 : 1 = 0.0326191
  -- 6 : 2 = 0.0129247
  -- 7 : 1 = -0.594779
  -- 7 : 2 = -0.412786
  -- 8 : 1 = 0.220806
  -- 8 : 2 = -0.327235
  -- 9 : 1 = -0.813889
  -- 9 : 2 = -0.134038
Out\Act	False		True
False	0.267968	0.574012	0.84198
True	0.0290338	0.128986	0.15802
	0.297001	0.702999
	Accuracy [ (tp + tn) / testSize ]: 0.396954
	Precision [ tp / (tp + fp) ]:      0.183356
	Sensitivity [ tp / (tp + fn) ]:    0.813814
	Specificity [ tn / (tn + fp) ]:    0.318079
	F-Score [ 2tp / (2tp + fp + fn) ]: 0.299448
Particle (44):: Fit: 198.844	PB: 198.844	LB: 204.924	GB: 207.645	Conf: 0.428581	Pts: 50156
Particle (31):: Fit: 202.861	PB: 202.861	LB: 204.04	GB: 207.645	Conf: 0.607579	Pts: 134631
Particle (37):: Fit: 188.79	PB: 188.79	LB: 200.858	GB: 207.645	Conf: 0.919017	Pts: 55427
Particle (32):: Fit: 204.261	PB: 204.261	LB: 204.261	GB: 207.645	Conf: 0.875273	Pts: 125223
Particle (46):: Fit: 199.787	PB: 199.787	LB: 204.924	GB: 207.645	Conf: 0.70102	Pts: 74872
Particle (24):: Fit: 187.81	PB: 187.81	LB: 204.04	GB: 207.645	Conf: 0.109479	Pts: 59815
Particle (6):: Fit: 212.044	PB: 212.044	LB: 212.044	GB: 212.044	Conf: 0.417394	Pts: 209611
Global: 212.044 - Correct: 78% of 100 tests
Global Best: 
  Inner Net 1
  -- 1 : 1 = 0.624
  -- 1 : 2 = 0.045213
  -- 1 : 3 = 0.136033
  -- 1 : 4 = 0.158385
  -- 1 : 5 = -0.340331
  -- 1 : 6 = -0.356323
  -- 1 : 7 = 0.305752
  -- 1 : 8 = 0.185979
  -- 1 : 9 = -0.230486
  -- 2 : 1 = 0.199556
  -- 2 : 2 = -0.178281
  -- 2 : 3 = -0.0249401
  -- 2 : 4 = 0.223571
  -- 2 : 5 = 0.201248
  -- 2 : 6 = 0.302635
  -- 2 : 7 = -0.00596977
  -- 2 : 8 = 0.375252
  -- 2 : 9 = 0.0933871
  -- 3 : 1 = 0.523302
  -- 3 : 2 = 0.0604849
  -- 3 : 3 = 0.249909
  -- 3 : 4 = -0.408892
  -- 3 : 5 = -0.114118
  -- 3 : 6 = -0.143938
  -- 3 : 7 = -0.217994
  -- 3 : 8 = 0.26455
  -- 3 : 9 = 0.277602
  -- 4 : 1 = 0.48513
  -- 4 : 2 = 0.360705
  -- 4 : 3 = -0.0118444
  -- 4 : 4 = -0.367952
  -- 4 : 5 = 0.594854
  -- 4 : 6 = -0.199451
  -- 4 : 7 = -0.223007
  -- 4 : 8 = 0.428205
  -- 4 : 9 = 0.351217
  -- 5 : 1 = 0.603781
  -- 5 : 2 = 0.230111
  -- 5 : 3 = -0.178625
  -- 5 : 4 = 0.304691
  -- 5 : 5 = 0.0367849
  -- 5 : 6 = 0.0203247
  -- 5 : 7 = 0.485617
  -- 5 : 8 = -0.163561
  -- 5 : 9 = -0.186341
  -- 6 : 1 = 0.617094
  -- 6 : 2 = 0.0359036
  -- 6 : 3 = 0.289949
  -- 6 : 4 = -0.0756333
  -- 6 : 5 = 0.338383
  -- 6 : 6 = -0.0241456
  -- 6 : 7 = -0.0117836
  -- 6 : 8 = 0.0170365
  -- 6 : 9 = 0.0378022
  -- 7 : 1 = 0.165597
  -- 7 : 2 = 0.077222
  -- 7 : 3 = 0.226499
  -- 7 : 4 = -0.272537
  -- 7 : 5 = 0.147925
  -- 7 : 6 = 0.0773758
  -- 7 : 7 = 0.109507
  -- 7 : 8 = 0.294035
  -- 7 : 9 = -0.148068
  -- 8 : 1 = 0.810472
  -- 8 : 2 = 0.429286
  -- 8 : 3 = -0.109752
  -- 8 : 4 = -0.101859
  -- 8 : 5 = -0.0742156
  -- 8 : 6 = -0.118771
  -- 8 : 7 = -0.0388466
  -- 8 : 8 = 0.186897
  -- 8 : 9 = 0.229215
  -- 9 : 1 = 0.368085
  -- 9 : 2 = 0.158213
  -- 9 : 3 = 0.0869275
  -- 9 : 4 = -0.386755
  -- 9 : 5 = 0.128479
  -- 9 : 6 = 0.551777
  -- 9 : 7 = 0.17859
  -- 9 : 8 = 0.117581
  -- 9 : 9 = -0.346496
  -- 10 : 1 = 0.00985689
  -- 10 : 2 = 0.185593
  -- 10 : 3 = -0.129609
  -- 10 : 4 = 0.0616831
  -- 10 : 5 = -0.173717
  -- 10 : 6 = -0.0799992
  -- 10 : 7 = -0.0472819
  -- 10 : 8 = -0.245703
  -- 10 : 9 = 0.228968
  Inner Net 2
  -- 1 : 1 = -0.246618
  -- 1 : 2 = 0.1718
  -- 2 : 1 = 1
  -- 2 : 2 = -0.0120486
  -- 3 : 1 = -0.286019
  -- 3 : 2 = 0.0376357
  -- 4 : 1 = 0.0726038
  -- 4 : 2 = 0.282878
  -- 5 : 1 = -0.447031
  -- 5 : 2 = -0.338897
  -- 6 : 1 = -0.364912
  -- 6 : 2 = -0.378496
  -- 7 : 1 = 0.917735
  -- 7 : 2 = 0.128501
  -- 8 : 1 = 0.127712
  -- 8 : 2 = 0.00782273
  -- 9 : 1 = -0.267388
  -- 9 : 2 = -0.274814
Out\Act	False		True
False	0.615897	0.226083	0.84198
True	0.0723465	0.0856735	0.15802
	0.688244	0.311756
	Accuracy [ (tp + tn) / testSize ]: 0.701571
	Precision [ tp / (tp + fp) ]:      0.27439
	Sensitivity [ tp / (tp + fn) ]:    0.540541
	Specificity [ tn / (tn + fp) ]:    0.731073
	F-Score [ 2tp / (2tp + fp + fn) ]: 0.364372
Particle (38):: Fit: 201.264	PB: 201.264	LB: 201.264	GB: 212.044	Conf: 0.854661	Pts: 199377
Particle (42):: Fit: 208.774	PB: 208.774	LB: 208.774	GB: 212.044	Conf: 0.45226	Pts: 125141
Particle (17):: Fit: 199.992	PB: 199.992	LB: 205.143	GB: 212.044	Conf: 0.575603	Pts: 169804
Particle (8):: Fit: 191.246	PB: 191.246	LB: 212.044	GB: 212.044	Conf: 0.646624	Pts: 54980
Particle (24):: Fit: 193.133	PB: 193.133	LB: 204.04	GB: 212.044	Conf: 0.501205	Pts: 59768
Particle (35):: Fit: 187.992	PB: 187.992	LB: 204.261	GB: 212.044	Conf: 0.367274	Pts: 54685
Particle (11):: Fit: 197.601	PB: 197.601	LB: 207.645	GB: 212.044	Conf: 0.577649	Pts: 99756
Particle (40):: Fit: 197.719	PB: 197.719	LB: 208.774	GB: 212.044	Conf: 0.0533721	Pts: 69643
Particle (24):: Fit: 194.303	PB: 194.303	LB: 204.04	GB: 212.044	Conf: 0.379555	Pts: 59830
Particle (35):: Fit: 190.739	PB: 190.739	LB: 204.261	GB: 212.044	Conf: 0.384211	Pts: 54751
Particle (33):: Fit: 198.703	PB: 198.703	LB: 204.261	GB: 212.044	Conf: 0.399433	Pts: 64501
Particle (10):: Fit: 201.157	PB: 201.157	LB: 212.044	GB: 212.044	Conf: 0.491488	Pts: 59286
Particle (38):: Fit: 216.533	PB: 216.533	LB: 216.533	GB: 216.533	Conf: 0.752804	Pts: 259282
Global: 216.533 - Correct: 79% of 100 tests
Global Best: 
  Inner Net 1
  -- 1 : 1 = 0.599371
  -- 1 : 2 = -0.0510953
  -- 1 : 3 = 0.854109
  -- 1 : 4 = -0.249298
  -- 1 : 5 = 0.0866438
  -- 1 : 6 = 0.183577
  -- 1 : 7 = -0.40276
  -- 1 : 8 = 0.484919
  -- 1 : 9 = -0.267387
  -- 2 : 1 = 0.227025
  -- 2 : 2 = -0.00625206
  -- 2 : 3 = 0.126173
  -- 2 : 4 = 0.241839
  -- 2 : 5 = 0.0541593
  -- 2 : 6 = 0.0963618
  -- 2 : 7 = -0.0488434
  -- 2 : 8 = -0.124172
  -- 2 : 9 = -0.00373384
  -- 3 : 1 = 0.246625
  -- 3 : 2 = -0.0351243
  -- 3 : 3 = 0.183612
  -- 3 : 4 = -0.0154351
  -- 3 : 5 = 0.0418559
  -- 3 : 6 = 0.0269847
  -- 3 : 7 = 0.328953
  -- 3 : 8 = 0.1073
  -- 3 : 9 = 0.435887
  -- 4 : 1 = 0.832232
  -- 4 : 2 = 0.171242
  -- 4 : 3 = -0.416921
  -- 4 : 4 = 0.167217
  -- 4 : 5 = 0.326998
  -- 4 : 6 = -0.429182
  -- 4 : 7 = 0.105126
  -- 4 : 8 = -0.155904
  -- 4 : 9 = 0.340072
  -- 5 : 1 = 0.182126
  -- 5 : 2 = 0.273991
  -- 5 : 3 = -0.0275537
  -- 5 : 4 = 0.407453
  -- 5 : 5 = -0.148399
  -- 5 : 6 = 0.463518
  -- 5 : 7 = 0.275062
  -- 5 : 8 = 0.193204
  -- 5 : 9 = -0.211158
  -- 6 : 1 = 0.65065
  -- 6 : 2 = 0.0529525
  -- 6 : 3 = 0.253113
  -- 6 : 4 = 0.24539
  -- 6 : 5 = 0.496886
  -- 6 : 6 = -0.153994
  -- 6 : 7 = 0.262995
  -- 6 : 8 = 0.0905358
  -- 6 : 9 = 0.320653
  -- 7 : 1 = -0.0961258
  -- 7 : 2 = -0.206446
  -- 7 : 3 = -0.179705
  -- 7 : 4 = -0.500173
  -- 7 : 5 = 0.0883534
  -- 7 : 6 = -0.147087
  -- 7 : 7 = 0.0212613
  -- 7 : 8 = 0.40214
  -- 7 : 9 = -0.134809
  -- 8 : 1 = -0.110857
  -- 8 : 2 = 0.559319
  -- 8 : 3 = -0.148096
  -- 8 : 4 = 0.0748817
  -- 8 : 5 = 0.194913
  -- 8 : 6 = -0.717252
  -- 8 : 7 = -0.172395
  -- 8 : 8 = 0.169302
  -- 8 : 9 = 0.541972
  -- 9 : 1 = -0.0779583
  -- 9 : 2 = 0.137514
  -- 9 : 3 = -0.0372691
  -- 9 : 4 = 0.0258622
  -- 9 : 5 = -0.214956
  -- 9 : 6 = 0.441446
  -- 9 : 7 = -0.221564
  -- 9 : 8 = 0.204208
  -- 9 : 9 = -0.53613
  -- 10 : 1 = 0.432887
  -- 10 : 2 = 0.3079
  -- 10 : 3 = 0.0277518
  -- 10 : 4 = 0.722069
  -- 10 : 5 = -0.0341353
  -- 10 : 6 = 0.0177381
  -- 10 : 7 = -0.0125311
  -- 10 : 8 = -0.135289
  -- 10 : 9 = 0.0121679
  Inner Net 2
  -- 1 : 1 = 0.479871
  -- 1 : 2 = -0.0812721
  -- 2 : 1 = -0.685309
  -- 2 : 2 = -0.22227
  -- 3 : 1 = -0.0201377
  -- 3 : 2 = 0.213298
  -- 4 : 1 = 0.455275
  -- 4 : 2 = -0.267461
  -- 5 : 1 = 0.142546
  -- 5 : 2 = -0.458688
  -- 6 : 1 = 0.10658
  -- 6 : 2 = -0.0326558
  -- 7 : 1 = -0.0555748
  -- 7 : 2 = 0.044416
  -- 8 : 1 = -0.0366735
  -- 8 : 2 = 0.327825
  -- 9 : 1 = -0.714412
  -- 9 : 2 = -0.181146
Out\Act	False		True
False	0.512137	0.329843	0.84198
True	0.0533079	0.104712	0.15802
	0.565445	0.434555
	Accuracy [ (tp + tn) / testSize ]: 0.616849
	Precision [ tp / (tp + fp) ]:      0.2407
	Sensitivity [ tp / (tp + fn) ]:    0.660661
	Specificity [ tn / (tn + fp) ]:    0.60791
	F-Score [ 2tp / (2tp + fp + fn) ]: 0.35313
Particle (37):: Fit: 201.02	PB: 201.02	LB: 216.533	GB: 216.533	Conf: 0.936148	Pts: 55145
Particle (48):: Fit: 194.596	PB: 194.596	LB: 204.924	GB: 216.533	Conf: 0.606201	Pts: 104168
Particle (5):: Fit: 198.674	PB: 198.674	LB: 212.044	GB: 216.533	Conf: 0.45943	Pts: 109176
Particle (24):: Fit: 197.311	PB: 197.311	LB: 204.04	GB: 216.533	Conf: 0.26902	Pts: 59775
Particle (39):: Fit: 202.005	PB: 202.005	LB: 216.533	GB: 216.533	Conf: 0.528194	Pts: 144783
Particle (19):: Fit: 192.389	PB: 192.389	LB: 205.143	GB: 216.533	Conf: 0.67829	Pts: 209356
Particle (35):: Fit: 196.401	PB: 196.401	LB: 216.533	GB: 216.533	Conf: 0.747148	Pts: 54625
Particle (35):: Fit: 198.728	PB: 198.728	LB: 216.533	GB: 216.533	Conf: 0.704057	Pts: 54721
Particle (0):: Fit: 188.836	PB: 188.836	LB: 204.924	GB: 216.533	Conf: 0.606777	Pts: 229018
Particle (43):: Fit: 201.552	PB: 201.552	LB: 208.774	GB: 216.533	Conf: 0.490986	Pts: 148953
Particle (36):: Fit: 193.907	PB: 193.907	LB: 216.533	GB: 216.533	Conf: 0.5643	Pts: 89238
Particle (36):: Fit: 195.826	PB: 195.826	LB: 216.533	GB: 216.533	Conf: 0.784613	Pts: 89297
Particle (15):: Fit: 208.335	PB: 208.335	LB: 208.335	GB: 216.533	Conf: 0.659159	Pts: 109283
Particle (19):: Fit: 196.287	PB: 196.287	LB: 208.335	GB: 216.533	Conf: 0.618542	Pts: 209249
Particle (9):: Fit: 196.816	PB: 196.816	LB: 212.044	GB: 216.533	Conf: 0.424532	Pts: 78964
Particle (49):: Fit: 196.126	PB: 196.126	LB: 204.924	GB: 216.533	Conf: 0.529598	Pts: 49276
Particle (36):: Fit: 198.367	PB: 198.367	LB: 216.533	GB: 216.533	Conf: 0.46567	Pts: 89296
Particle (46):: Fit: 207.138	PB: 207.138	LB: 208.774	GB: 216.533	Conf: 0.408922	Pts: 94221
Particle (1):: Fit: 199.157	PB: 199.157	LB: 212.044	GB: 216.533	Conf: 0.16511	Pts: 158912
Particle (36):: Fit: 202.028	PB: 202.028	LB: 216.533	GB: 216.533	Conf: 0.769495	Pts: 89308
Particle (4):: Fit: 201.382	PB: 201.382	LB: 212.044	GB: 216.533	Conf: 0.192057	Pts: 99650
Particle (26):: Fit: 204.045	PB: 204.045	LB: 204.045	GB: 216.533	Conf: 0.536186	Pts: 123776
Particle (0):: Fit: 194.705	PB: 194.705	LB: 207.138	GB: 216.533	Conf: 0.577567	Pts: 228701
Particle (8):: Fit: 192.803	PB: 192.803	LB: 212.044	GB: 216.533	Conf: 0.138492	Pts: 54315
Particle (23):: Fit: 206.894	PB: 206.894	LB: 206.894	GB: 216.533	Conf: 0.482254	Pts: 113841
Particle (0):: Fit: 198.355	PB: 198.355	LB: 207.138	GB: 216.533	Conf: 0.533618	Pts: 228698
Particle (40):: Fit: 199.193	PB: 199.193	LB: 216.533	GB: 216.533	Conf: 0.0737224	Pts: 68945
Particle (30):: Fit: 199.221	PB: 199.221	LB: 204.261	GB: 216.533	Conf: 0.619543	Pts: 323491
Particle (30):: Fit: 200.051	PB: 200.051	LB: 204.261	GB: 216.533	Conf: 0.550979	Pts: 323411
Particle (29):: Fit: 191.21	PB: 191.21	LB: 204.261	GB: 216.533	Conf: 0.593269	Pts: 68551
Particle (9):: Fit: 199.172	PB: 199.172	LB: 212.044	GB: 216.533	Conf: 0.520758	Pts: 78427
Particle (1):: Fit: 209.053	PB: 209.053	LB: 212.044	GB: 216.533	Conf: 0.77805	Pts: 183308
Particle (29):: Fit: 192.36	PB: 192.36	LB: 204.261	GB: 216.533	Conf: 0.665478	Pts: 68310
Particle (28):: Fit: 203.992	PB: 203.992	LB: 204.261	GB: 216.533	Conf: 0.766559	Pts: 68036
Particle (8):: Fit: 193.878	PB: 193.878	LB: 212.044	GB: 216.533	Conf: 0.618043	Pts: 53675
Particle (36):: Fit: 207.595	PB: 207.595	LB: 216.533	GB: 216.533	Conf: 0.596292	Pts: 98479
Particle (15):: Fit: 211.465	PB: 211.465	LB: 211.465	GB: 216.533	Conf: 0.51964	Pts: 153274
Particle (41):: Fit: 203.34	PB: 203.34	LB: 216.533	GB: 216.533	Conf: 0.236341	Pts: 222356
Particle (34):: Fit: 198.515	PB: 198.515	LB: 216.533	GB: 216.533	Conf: 0.550168	Pts: 67744
Particle (31):: Fit: 206.37	PB: 206.37	LB: 207.595	GB: 216.533	Conf: 0.716742	Pts: 147460
Particle (48):: Fit: 198.492	PB: 198.492	LB: 209.053	GB: 216.533	Conf: 0.654705	Pts: 102309
Particle (41):: Fit: 203.756	PB: 203.756	LB: 216.533	GB: 216.533	Conf: 0.611664	Pts: 222036
Particle (48):: Fit: 201.402	PB: 201.402	LB: 209.053	GB: 216.533	Conf: 0.513088	Pts: 102198
Particle (19):: Fit: 199.602	PB: 199.602	LB: 211.465	GB: 216.533	Conf: 0.67615	Pts: 207299
Particle (0):: Fit: 204.696	PB: 204.696	LB: 209.053	GB: 216.533	Conf: 0.597866	Pts: 227078
Particle (19):: Fit: 208.491	PB: 208.491	LB: 211.465	GB: 216.533	Conf: 0.486201	Pts: 227318
Particle (46):: Fit: 217.43	PB: 217.43	LB: 217.43	GB: 217.43	Conf: 0.364909	Pts: 152060
Global: 217.43 - Correct: 80% of 100 tests
Global Best: 
  Inner Net 1
  -- 1 : 1 = 0.884079
  -- 1 : 2 = 0.223442
  -- 1 : 3 = 0.0553533
  -- 1 : 4 = -0.220223
  -- 1 : 5 = -0.0132494
  -- 1 : 6 = 0.382967
  -- 1 : 7 = 0.0911828
  -- 1 : 8 = 0.0260502
  -- 1 : 9 = 0.270727
  -- 2 : 1 = 0.730767
  -- 2 : 2 = 0.327337
  -- 2 : 3 = -0.605989
  -- 2 : 4 = 0.129837
  -- 2 : 5 = 0.0117586
  -- 2 : 6 = -0.0428062
  -- 2 : 7 = -0.0547819
  -- 2 : 8 = -0.0799044
  -- 2 : 9 = -0.0197513
  -- 3 : 1 = 0.519364
  -- 3 : 2 = -0.0226888
  -- 3 : 3 = -0.0207687
  -- 3 : 4 = -0.113113
  -- 3 : 5 = 0.18861
  -- 3 : 6 = -0.0644065
  -- 3 : 7 = -0.278407
  -- 3 : 8 = 0.0622
  -- 3 : 9 = -0.196052
  -- 4 : 1 = -0.0783903
  -- 4 : 2 = 0.198684
  -- 4 : 3 = -0.168353
  -- 4 : 4 = 0.29451
  -- 4 : 5 = 0.223004
  -- 4 : 6 = -0.219494
  -- 4 : 7 = 0.0520876
  -- 4 : 8 = -0.181079
  -- 4 : 9 = -0.109366
  -- 5 : 1 = 0.538086
  -- 5 : 2 = 0.467927
  -- 5 : 3 = -0.118566
  -- 5 : 4 = 0.0308209
  -- 5 : 5 = -0.137003
  -- 5 : 6 = 0.674384
  -- 5 : 7 = -0.108604
  -- 5 : 8 = 0.198974
  -- 5 : 9 = -0.0365437
  -- 6 : 1 = 0.5
  -- 6 : 2 = -0.0621299
  -- 6 : 3 = 0.0625423
  -- 6 : 4 = -0.00934009
  -- 6 : 5 = 0.26676
  -- 6 : 6 = -0.104043
  -- 6 : 7 = -0.0763503
  -- 6 : 8 = 0.195636
  -- 6 : 9 = 0.101412
  -- 7 : 1 = 0.330055
  -- 7 : 2 = 0.203641
  -- 7 : 3 = -0.305074
  -- 7 : 4 = -0.023449
  -- 7 : 5 = -0.0452281
  -- 7 : 6 = 0.0818741
  -- 7 : 7 = -0.84751
  -- 7 : 8 = 0.166606
  -- 7 : 9 = 0.305251
  -- 8 : 1 = 0.594158
  -- 8 : 2 = 0.319451
  -- 8 : 3 = -0.0855734
  -- 8 : 4 = 0.0342574
  -- 8 : 5 = -0.0158235
  -- 8 : 6 = 0.220102
  -- 8 : 7 = 0.188075
  -- 8 : 8 = -0.0874784
  -- 8 : 9 = -0.201693
  -- 9 : 1 = -0.125393
  -- 9 : 2 = -0.125069
  -- 9 : 3 = 0.0921881
  -- 9 : 4 = 0.171113
  -- 9 : 5 = -0.219214
  -- 9 : 6 = -0.0179916
  -- 9 : 7 = 0.188166
  -- 9 : 8 = 0.157216
  -- 9 : 9 = 0.0642863
  -- 10 : 1 = 0.503096
  -- 10 : 2 = 0.0527372
  -- 10 : 3 = -0.0657028
  -- 10 : 4 = 0.416954
  -- 10 : 5 = -0.0272818
  -- 10 : 6 = 0.0271709
  -- 10 : 7 = -0.0709917
  -- 10 : 8 = 0.337032
  -- 10 : 9 = -0.0449677
  Inner Net 2
  -- 1 : 1 = 0.25991
  -- 1 : 2 = -0.299287
  -- 2 : 1 = 0.491645
  -- 2 : 2 = 0.142828
  -- 3 : 1 = 0.0320734
  -- 3 : 2 = 0.40486
  -- 4 : 1 = 0.0755651
  -- 4 : 2 = 0.0274055
  -- 5 : 1 = -0.167812
  -- 5 : 2 = 0.524912
  -- 6 : 1 = 0.204006
  -- 6 : 2 = 0.130233
  -- 7 : 1 = 0.315454
  -- 7 : 2 = -0.0431356
  -- 8 : 1 = 0.120564
  -- 8 : 2 = -0.146418
  -- 9 : 1 = 0.284703
  -- 9 : 2 = 0.0154792
Out\Act	False		True
False	0.535459	0.306521	0.84198
True	0.0542599	0.10376	0.15802
	0.589719	0.410281
	Accuracy [ (tp + tn) / testSize ]: 0.639219
	Precision [ tp / (tp + fp) ]:      0.252607
	Sensitivity [ tp / (tp + fn) ]:    0.654655
	Specificity [ tn / (tn + fp) ]:    0.635593
	F-Score [ 2tp / (2tp + fp + fn) ]: 0.364854
Particle (8):: Fit: 194.873	PB: 194.873	LB: 212.044	GB: 217.43	Conf: 0.352142	Pts: 52081
Particle (3):: Fit: 210.148	PB: 210.148	LB: 212.044	GB: 217.43	Conf: 0.482372	Pts: 86691
Particle (33):: Fit: 200.143	PB: 200.143	LB: 216.533	GB: 217.43	Conf: 0.767844	Pts: 61357
Particle (5):: Fit: 209.774	PB: 209.774	LB: 212.044	GB: 217.43	Conf: 0.30172	Pts: 106092
Global Best: 
  Inner Net 1
  -- 1 : 1 = 0.884079
  -- 1 : 2 = 0.223442
  -- 1 : 3 = 0.0553533
  -- 1 : 4 = -0.220223
  -- 1 : 5 = -0.0132494
  -- 1 : 6 = 0.382967
  -- 1 : 7 = 0.0911828
  -- 1 : 8 = 0.0260502
  -- 1 : 9 = 0.270727
  -- 2 : 1 = 0.730767
  -- 2 : 2 = 0.327337
  -- 2 : 3 = -0.605989
  -- 2 : 4 = 0.129837
  -- 2 : 5 = 0.0117586
  -- 2 : 6 = -0.0428062
  -- 2 : 7 = -0.0547819
  -- 2 : 8 = -0.0799044
  -- 2 : 9 = -0.0197513
  -- 3 : 1 = 0.519364
  -- 3 : 2 = -0.0226888
  -- 3 : 3 = -0.0207687
  -- 3 : 4 = -0.113113
  -- 3 : 5 = 0.18861
  -- 3 : 6 = -0.0644065
  -- 3 : 7 = -0.278407
  -- 3 : 8 = 0.0622
  -- 3 : 9 = -0.196052
  -- 4 : 1 = -0.0783903
  -- 4 : 2 = 0.198684
  -- 4 : 3 = -0.168353
  -- 4 : 4 = 0.29451
  -- 4 : 5 = 0.223004
  -- 4 : 6 = -0.219494
  -- 4 : 7 = 0.0520876
  -- 4 : 8 = -0.181079
  -- 4 : 9 = -0.109366
  -- 5 : 1 = 0.538086
  -- 5 : 2 = 0.467927
  -- 5 : 3 = -0.118566
  -- 5 : 4 = 0.0308209
  -- 5 : 5 = -0.137003
  -- 5 : 6 = 0.674384
  -- 5 : 7 = -0.108604
  -- 5 : 8 = 0.198974
  -- 5 : 9 = -0.0365437
  -- 6 : 1 = 0.5
  -- 6 : 2 = -0.0621299
  -- 6 : 3 = 0.0625423
  -- 6 : 4 = -0.00934009
  -- 6 : 5 = 0.26676
  -- 6 : 6 = -0.104043
  -- 6 : 7 = -0.0763503
  -- 6 : 8 = 0.195636
  -- 6 : 9 = 0.101412
  -- 7 : 1 = 0.330055
  -- 7 : 2 = 0.203641
  -- 7 : 3 = -0.305074
  -- 7 : 4 = -0.023449
  -- 7 : 5 = -0.0452281
  -- 7 : 6 = 0.0818741
  -- 7 : 7 = -0.84751
  -- 7 : 8 = 0.166606
  -- 7 : 9 = 0.305251
  -- 8 : 1 = 0.594158
  -- 8 : 2 = 0.319451
  -- 8 : 3 = -0.0855734
  -- 8 : 4 = 0.0342574
  -- 8 : 5 = -0.0158235
  -- 8 : 6 = 0.220102
  -- 8 : 7 = 0.188075
  -- 8 : 8 = -0.0874784
  -- 8 : 9 = -0.201693
  -- 9 : 1 = -0.125393
  -- 9 : 2 = -0.125069
  -- 9 : 3 = 0.0921881
  -- 9 : 4 = 0.171113
  -- 9 : 5 = -0.219214
  -- 9 : 6 = -0.0179916
  -- 9 : 7 = 0.188166
  -- 9 : 8 = 0.157216
  -- 9 : 9 = 0.0642863
  -- 10 : 1 = 0.503096
  -- 10 : 2 = 0.0527372
  -- 10 : 3 = -0.0657028
  -- 10 : 4 = 0.416954
  -- 10 : 5 = -0.0272818
  -- 10 : 6 = 0.0271709
  -- 10 : 7 = -0.0709917
  -- 10 : 8 = 0.337032
  -- 10 : 9 = -0.0449677
  Inner Net 2
  -- 1 : 1 = 0.25991
  -- 1 : 2 = -0.299287
  -- 2 : 1 = 0.491645
  -- 2 : 2 = 0.142828
  -- 3 : 1 = 0.0320734
  -- 3 : 2 = 0.40486
  -- 4 : 1 = 0.0755651
  -- 4 : 2 = 0.0274055
  -- 5 : 1 = -0.167812
  -- 5 : 2 = 0.524912
  -- 6 : 1 = 0.204006
  -- 6 : 2 = 0.130233
  -- 7 : 1 = 0.315454
  -- 7 : 2 = -0.0431356
  -- 8 : 1 = 0.120564
  -- 8 : 2 = -0.146418
  -- 9 : 1 = 0.284703
  -- 9 : 2 = 0.0154792
Out\Act	False		True
False	0.535459	0.306521	0.84198
True	0.0542599	0.10376	0.15802
	0.589719	0.410281
	Accuracy [ (tp + tn) / testSize ]: 0.639219
	Precision [ tp / (tp + fp) ]:      0.252607
	Sensitivity [ tp / (tp + fn) ]:    0.654655
	Specificity [ tn / (tn + fp) ]:    0.635593
	F-Score [ 2tp / (2tp + fp + fn) ]: 0.364854
