
Date / Time: Thu Mar 30 14:45:09 2017

   ****************************************
   * PSO Neural Net (Gaussian Activation) *
   *       by William Boler, BSCE         *
   *     Research Assistant, IUPUI        *
   *                                      *
   *  Professor: Dr. Lauren Christopher   *
   *     Created: March 13, 2017          *
   ****************************************


Inputs: 10
Inner Nets: 2
 - 10
 - 4
Tests per train(min): 10
Particles: 50
Neighbors: 10
Minimum Particle Iterations: 1000
Particle (0):: Fit: 12.3293	PB: 12.3293	LB: 12.3293	GB: 12.3293	Conf: 0.892675	Pts: 110099
Particle (1):: Fit: 12.6238	PB: 12.6238	LB: 12.6238	GB: 12.6238	Conf: 0.526326	Pts: 110099
Particle (2):: Fit: 5.0841	PB: 5.0841	LB: 12.6238	GB: 12.6238	Conf: 0.832121	Pts: 55099
Particle (3):: Fit: 5.76434	PB: 5.76434	LB: 12.6238	GB: 12.6238	Conf: 0.550597	Pts: 60099
Particle (4):: Fit: 4.46759	PB: 4.46759	LB: 12.6238	GB: 12.6238	Conf: 0.58504	Pts: 55099
Particle (5):: Fit: 5.37302	PB: 5.37302	LB: 12.6238	GB: 12.6238	Conf: 0.0564683	Pts: 60099
Particle (6):: Fit: 4.36795	PB: 4.36795	LB: 5.76434	GB: 12.6238	Conf: 0.890764	Pts: 55099
Particle (7):: Fit: 4.84921	PB: 4.84921	LB: 5.76434	GB: 12.6238	Conf: 0.0385955	Pts: 60099
Particle (8):: Fit: 14.9823	PB: 14.9823	LB: 14.9823	GB: 14.9823	Conf: 0.637144	Pts: 110099
Particle (9):: Fit: 10.2097	PB: 10.2097	LB: 14.9823	GB: 14.9823	Conf: 0.557068	Pts: 55099
Particle (10):: Fit: 17.3033	PB: 17.3033	LB: 17.3033	GB: 17.3033	Conf: 0.824392	Pts: 110099
Particle (11):: Fit: 21.0153	PB: 21.0153	LB: 21.0153	GB: 21.0153	Conf: 0.0758163	Pts: 110099
Particle (12):: Fit: 16.8871	PB: 16.8871	LB: 21.0153	GB: 21.0153	Conf: 0.0652725	Pts: 55099
Particle (13):: Fit: 9.79112	PB: 9.79112	LB: 21.0153	GB: 21.0153	Conf: 0.921983	Pts: 55099
Particle (14):: Fit: 6.42791	PB: 6.42791	LB: 21.0153	GB: 21.0153	Conf: 0.973164	Pts: 55099
Particle (15):: Fit: 4.46483	PB: 4.46483	LB: 21.0153	GB: 21.0153	Conf: 0.609654	Pts: 55099
Particle (16):: Fit: 16.8972	PB: 16.8972	LB: 16.8972	GB: 21.0153	Conf: 0.0700867	Pts: 75099
Particle (17):: Fit: 14.9989	PB: 14.9989	LB: 16.8972	GB: 21.0153	Conf: 0.567134	Pts: 55099
Particle (18):: Fit: 19.7545	PB: 19.7545	LB: 19.7545	GB: 21.0153	Conf: 0.718689	Pts: 85099
Particle (19):: Fit: 24.5844	PB: 24.5844	LB: 24.5844	GB: 24.5844	Conf: 0.933978	Pts: 110099
Particle (20):: Fit: 4.97943	PB: 4.97943	LB: 24.5844	GB: 24.5844	Conf: 0.175592	Pts: 55099
Particle (21):: Fit: 5.11214	PB: 5.11214	LB: 24.5844	GB: 24.5844	Conf: 0.480968	Pts: 60099
Particle (22):: Fit: 12.489	PB: 12.489	LB: 24.5844	GB: 24.5844	Conf: 0.0360334	Pts: 65099
Particle (23):: Fit: 3.58833	PB: 3.58833	LB: 24.5844	GB: 24.5844	Conf: 0.987905	Pts: 55099
Particle (24):: Fit: 12.6179	PB: 12.6179	LB: 12.6179	GB: 24.5844	Conf: 0.252259	Pts: 75099
Particle (25):: Fit: 4.32533	PB: 4.32533	LB: 12.6179	GB: 24.5844	Conf: 0.952878	Pts: 55099
Particle (26):: Fit: 14.9876	PB: 14.9876	LB: 14.9876	GB: 24.5844	Conf: 0.619526	Pts: 85099
Particle (27):: Fit: 5.06808	PB: 5.06808	LB: 14.9876	GB: 24.5844	Conf: 0.326042	Pts: 55099
Particle (28):: Fit: 10.2256	PB: 10.2256	LB: 14.9876	GB: 24.5844	Conf: 0.0802136	Pts: 60099
Particle (29):: Fit: 5.11638	PB: 5.11638	LB: 14.9876	GB: 24.5844	Conf: 0.688296	Pts: 55099
Particle (30):: Fit: 14.7513	PB: 14.7513	LB: 14.9876	GB: 24.5844	Conf: 0.92534	Pts: 70099
Particle (31):: Fit: 3.82417	PB: 3.82417	LB: 14.7513	GB: 24.5844	Conf: 0.496736	Pts: 55099
Particle (32):: Fit: 4.43033	PB: 4.43033	LB: 14.7513	GB: 24.5844	Conf: 0.75914	Pts: 60099
Particle (33):: Fit: 5.7606	PB: 5.7606	LB: 14.7513	GB: 24.5844	Conf: 0.535139	Pts: 65099
Particle (34):: Fit: 4.39421	PB: 4.39421	LB: 14.7513	GB: 24.5844	Conf: 0.843935	Pts: 55099
Particle (35):: Fit: 17.2061	PB: 17.2061	LB: 17.2061	GB: 24.5844	Conf: 0.935406	Pts: 100099
Particle (36):: Fit: 17.2994	PB: 17.2994	LB: 17.2994	GB: 24.5844	Conf: 0.36988	Pts: 100099
Particle (37):: Fit: 21.8032	PB: 21.8032	LB: 21.8032	GB: 24.5844	Conf: 0.371071	Pts: 100099
Particle (38):: Fit: 17.2359	PB: 17.2359	LB: 21.8032	GB: 24.5844	Conf: 0.293122	Pts: 55099
Particle (39):: Fit: 5.47051	PB: 5.47051	LB: 21.8032	GB: 24.5844	Conf: 0.128777	Pts: 55099
Particle (40):: Fit: 15.0005	PB: 15.0005	LB: 21.8032	GB: 24.5844	Conf: 0.555389	Pts: 60099
Particle (41):: Fit: 5.02101	PB: 5.02101	LB: 21.8032	GB: 24.5844	Conf: 0.964492	Pts: 50099
Particle (42):: Fit: 4.94338	PB: 4.94338	LB: 17.2359	GB: 24.5844	Conf: 0.796553	Pts: 50099
Particle (43):: Fit: 12.2361	PB: 12.2361	LB: 15.0005	GB: 24.5844	Conf: 0.947948	Pts: 50099
Particle (44):: Fit: 6.26151	PB: 6.26151	LB: 15.0005	GB: 24.5844	Conf: 0.356451	Pts: 50099
Particle (45):: Fit: 9.63225	PB: 9.63225	LB: 12.3293	GB: 24.5844	Conf: 0.993397	Pts: 50099
Particle (46):: Fit: 17.1936	PB: 17.1936	LB: 17.1936	GB: 24.5844	Conf: 0.253616	Pts: 90099
Particle (47):: Fit: 3.18722	PB: 3.18722	LB: 17.1936	GB: 24.5844	Conf: 0.364794	Pts: 50099
Particle (48):: Fit: 4.43633	PB: 4.43633	LB: 17.1936	GB: 24.5844	Conf: 0.25898	Pts: 50099
Particle (49):: Fit: 4.47024	PB: 4.47024	LB: 17.1936	GB: 24.5844	Conf: 0.550723	Pts: 50099
Global: 24.5844 - Correct: 90% of 10 tests
Global Best: 
  Inner Net 1
  -- 1 : 1 = 0.4048
  -- 1 : 2 = 0.0577
  -- 1 : 3 = 0.096
  -- 1 : 4 = 0.4186
  -- 1 : 5 = 0.9814
  -- 1 : 6 = 0.1319
  -- 1 : 7 = 0.1096
  -- 1 : 8 = 0.414
  -- 1 : 9 = 0.1912
  -- 1 : 10 = 0.003
  -- 2 : 1 = 0.9178
  -- 2 : 2 = 0.6955
  -- 2 : 3 = 0.8411
  -- 2 : 4 = 0.6872
  -- 2 : 5 = 0.6757
  -- 2 : 6 = 0.1932
  -- 2 : 7 = 0.8078
  -- 2 : 8 = 0.6372
  -- 2 : 9 = 0.6909
  -- 2 : 10 = 0.8582
  -- 3 : 1 = 0.7027
  -- 3 : 2 = 0.8819
  -- 3 : 3 = 0.9277
  -- 3 : 4 = 0.5585
  -- 3 : 5 = 0.0603
  -- 3 : 6 = 0.1451
  -- 3 : 7 = 0.9313
  -- 3 : 8 = 0.7632
  -- 3 : 9 = 0.3985
  -- 3 : 10 = 0.0767
  -- 4 : 1 = 0.1202
  -- 4 : 2 = 0.8129
  -- 4 : 3 = 0.2842
  -- 4 : 4 = 0.955
  -- 4 : 5 = 0.5571
  -- 4 : 6 = 0.1091
  -- 4 : 7 = 0.8139
  -- 4 : 8 = 0.2891
  -- 4 : 9 = 0.3773
  -- 4 : 10 = 0.2535
  -- 5 : 1 = 0.2428
  -- 5 : 2 = 0.5374
  -- 5 : 3 = 0.8774
  -- 5 : 4 = 0.577
  -- 5 : 5 = 0.2332
  -- 5 : 6 = 0.0665
  -- 5 : 7 = 0.151
  -- 5 : 8 = 0.1329
  -- 5 : 9 = 0.5189
  -- 5 : 10 = 0.7821
  -- 6 : 1 = 0.0749
  -- 6 : 2 = 0.3366
  -- 6 : 3 = 0.7777
  -- 6 : 4 = 0.9837
  -- 6 : 5 = 0.2831
  -- 6 : 6 = 0.7539
  -- 6 : 7 = 0.8477
  -- 6 : 8 = 0.5091
  -- 6 : 9 = 0.5682
  -- 6 : 10 = 0.7292
  -- 7 : 1 = 0.4636
  -- 7 : 2 = 0.2115
  -- 7 : 3 = 0.3898
  -- 7 : 4 = 0.0802
  -- 7 : 5 = 0.3279
  -- 7 : 6 = 0.0493
  -- 7 : 7 = 0.3139
  -- 7 : 8 = 0.1461
  -- 7 : 9 = 0.0132
  -- 7 : 10 = 0.6182
  -- 8 : 1 = 0.9119
  -- 8 : 2 = 0.2665
  -- 8 : 3 = 0.4045
  -- 8 : 4 = 0.0201
  -- 8 : 5 = 0.2639
  -- 8 : 6 = 0.8076
  -- 8 : 7 = 0.7315
  -- 8 : 8 = 0.0505
  -- 8 : 9 = 0.4887
  -- 8 : 10 = 0.9191
  -- 9 : 1 = 0.7914
  -- 9 : 2 = 0.1723
  -- 9 : 3 = 0.827
  -- 9 : 4 = 0.354
  -- 9 : 5 = 0.3062
  -- 9 : 6 = 0.7458
  -- 9 : 7 = 0.6579
  -- 9 : 8 = 0.7215
  -- 9 : 9 = 0.5502
  -- 9 : 10 = 0.5387
  -- 10 : 1 = 0.0823
  -- 10 : 2 = 0.2735
  -- 10 : 3 = 0.1648
  -- 10 : 4 = 0.4938
  -- 10 : 5 = 0.0486
  -- 10 : 6 = 0.5767
  -- 10 : 7 = 0.1094
  -- 10 : 8 = 0.2692
  -- 10 : 9 = 0.2295
  -- 10 : 10 = 0.036
  Inner Net 2
  -- 1 : 1 = 0.0488
  -- 1 : 2 = 0.8687
  -- 1 : 3 = 0.6231
  -- 1 : 4 = 0.9898
  -- 2 : 1 = 0.1618
  -- 2 : 2 = 0.7063
  -- 2 : 3 = 0.2384
  -- 2 : 4 = 0.5098
  -- 3 : 1 = 0.9575
  -- 3 : 2 = 0.5938
  -- 3 : 3 = 0.4128
  -- 3 : 4 = 0.0294
  -- 4 : 1 = 0.6725
  -- 4 : 2 = 0.9318
  -- 4 : 3 = 0.6087
  -- 4 : 4 = 0.0215
  -- 5 : 1 = 0.7115
  -- 5 : 2 = 0.6553
  -- 5 : 3 = 0.8561
  -- 5 : 4 = 0.315
  -- 6 : 1 = 0.596
  -- 6 : 2 = 0.9385
  -- 6 : 3 = 0.6246
  -- 6 : 4 = 0.485
  -- 7 : 1 = 0.3318
  -- 7 : 2 = 0.8702
  -- 7 : 3 = 0.0766
  -- 7 : 4 = 0.4585
  -- 8 : 1 = 0.5336
  -- 8 : 2 = 0.5501
  -- 8 : 3 = 0.4872
  -- 8 : 4 = 0.6645
  -- 9 : 1 = 0.6367
  -- 9 : 2 = 0.2654
  -- 9 : 3 = 0.2092
  -- 9 : 4 = 0.1473
  -- 10 : 1 = 0.4387
  -- 10 : 2 = 0.0272
  -- 10 : 3 = 0.2192
  -- 10 : 4 = 0.1852
  Inner Net 3
  -- 1 : 1 = -0.2744
  -- 1 : 2 = 0.4115
  -- 2 : 1 = -0.0639
  -- 2 : 2 = -0.0723813
  -- 3 : 1 = -0.1289
  -- 3 : 2 = -0.105989
  -- 4 : 1 = 0.4554
  -- 4 : 2 = -0.0544
Out\Act	False		True
False	0	0.84198	0.84198
True	0	0.15802	0.15802
	0	1
	Accuracy [ (tp + tn) / testSize ]: 0.15802
	Precision [ tp / (tp + fp) ]:      0.157945
	Sensitivity [ tp / (tp + fn) ]:    0.996997
	Specificity [ tn / (tn + fp) ]:    0
	F-Score [ 2tp / (2tp + fp + fn) ]: 0.272802
Particle (0):: Fit: 22.101	PB: 22.101	LB: 22.101	GB: 24.5844	Conf: 0.614942	Pts: 160198
Particle (2):: Fit: 5.1163	PB: 5.1163	LB: 22.101	GB: 24.5844	Conf: 0.688952	Pts: 55198
Particle (4):: Fit: 5.03871	PB: 5.03871	LB: 22.101	GB: 24.5844	Conf: 0.265702	Pts: 55198
Particle (5):: Fit: 14.7638	PB: 14.7638	LB: 17.3033	GB: 24.5844	Conf: 0.0837349	Pts: 60198
Particle (6):: Fit: 17.3728	PB: 17.3728	LB: 21.0153	GB: 24.5844	Conf: 0.596852	Pts: 60198
Particle (7):: Fit: 12.577	PB: 12.577	LB: 21.0153	GB: 24.5844	Conf: 0.645934	Pts: 60198
Particle (15):: Fit: 14.7693	PB: 14.7693	LB: 24.5844	GB: 24.5844	Conf: 0.0878809	Pts: 55198
Particle (16):: Fit: 19.0161	PB: 19.0161	LB: 24.5844	GB: 24.5844	Conf: 0.0836846	Pts: 75198
Particle (20):: Fit: 7.8403	PB: 7.8403	LB: 24.5844	GB: 24.5844	Conf: 0.0371728	Pts: 55198
Particle (21):: Fit: 14.9964	PB: 14.9964	LB: 24.5844	GB: 24.5844	Conf: 0.581671	Pts: 70198
Particle (22):: Fit: 19.1774	PB: 19.1774	LB: 24.5844	GB: 24.5844	Conf: 0.146463	Pts: 80198
Particle (23):: Fit: 17.0571	PB: 17.0571	LB: 24.5844	GB: 24.5844	Conf: 0.155673	Pts: 60198
Particle (25):: Fit: 4.93551	PB: 4.93551	LB: 19.1774	GB: 24.5844	Conf: 0.123091	Pts: 55198
Particle (27):: Fit: 5.11672	PB: 5.11672	LB: 17.0571	GB: 24.5844	Conf: 0.685248	Pts: 55198
Particle (29):: Fit: 15.0035	PB: 15.0035	LB: 15.0035	GB: 24.5844	Conf: 0.521118	Pts: 65198
Particle (31):: Fit: 9.75008	PB: 9.75008	LB: 17.2994	GB: 24.5844	Conf: 0.941768	Pts: 55198
Particle (34):: Fit: 7.77705	PB: 7.77705	LB: 21.8032	GB: 24.5844	Conf: 0.542748	Pts: 55198
Particle (39):: Fit: 10.1712	PB: 10.1712	LB: 21.8032	GB: 24.5844	Conf: 0.625059	Pts: 55198
Particle (41):: Fit: 7.85388	PB: 7.85388	LB: 21.8032	GB: 24.5844	Conf: 0.230334	Pts: 50198
Particle (42):: Fit: 14.941	PB: 14.941	LB: 17.2359	GB: 24.5844	Conf: 0.271561	Pts: 50198
Particle (45):: Fit: 14.7864	PB: 14.7864	LB: 22.101	GB: 24.5844	Conf: 0.898879	Pts: 50198
Particle (47):: Fit: 14.8627	PB: 14.8627	LB: 22.101	GB: 24.5844	Conf: 0.830103	Pts: 50197
Particle (48):: Fit: 5.03163	PB: 5.03163	LB: 22.101	GB: 24.5844	Conf: 0.253189	Pts: 50198
Particle (49):: Fit: 14.9886	PB: 14.9886	LB: 22.101	GB: 24.5844	Conf: 0.616168	Pts: 50198
Particle (1):: Fit: 18.7941	PB: 18.7941	LB: 22.101	GB: 24.5844	Conf: 0.00863029	Pts: 115197
Particle (3):: Fit: 23.0025	PB: 23.0025	LB: 23.0025	GB: 24.5844	Conf: 0.0132113	Pts: 110197
Particle (9):: Fit: 14.9026	PB: 14.9026	LB: 21.0153	GB: 24.5844	Conf: 0.215611	Pts: 55197
Particle (10):: Fit: 17.3395	PB: 17.3395	LB: 21.0153	GB: 24.5844	Conf: 0.757839	Pts: 110197
Particle (13):: Fit: 17.3232	PB: 17.3232	LB: 21.0153	GB: 24.5844	Conf: 0.408767	Pts: 55197
Particle (22):: Fit: 19.6402	PB: 19.6402	LB: 24.5844	GB: 24.5844	Conf: 0.430682	Pts: 95297
Particle (27):: Fit: 5.71468	PB: 5.71468	LB: 17.0571	GB: 24.5844	Conf: 0.987644	Pts: 55297
Particle (32):: Fit: 4.85916	PB: 4.85916	LB: 21.8032	GB: 24.5844	Conf: 0.0474278	Pts: 60197
Particle (38):: Fit: 19.7448	PB: 19.7448	LB: 21.8032	GB: 24.5844	Conf: 0.783889	Pts: 60197
Particle (39):: Fit: 17.3562	PB: 17.3562	LB: 21.8032	GB: 24.5844	Conf: 0.487663	Pts: 60297
Particle (41):: Fit: 14.9926	PB: 14.9926	LB: 21.8032	GB: 24.5844	Conf: 0.399926	Pts: 50297
Particle (44):: Fit: 12.5404	PB: 12.5404	LB: 17.1936	GB: 24.5844	Conf: 0.0969419	Pts: 50197
Particle (47):: Fit: 17.0453	PB: 17.0453	LB: 22.101	GB: 24.5844	Conf: 0.148536	Pts: 50296
Particle (2):: Fit: 12.3287	PB: 12.3287	LB: 23.0025	GB: 24.5844	Conf: 0.893115	Pts: 55296
Particle (4):: Fit: 6.43524	PB: 6.43524	LB: 23.0025	GB: 24.5844	Conf: 0.653808	Pts: 55296
Particle (7):: Fit: 16.923	PB: 16.923	LB: 23.0025	GB: 24.5844	Conf: 0.0825629	Pts: 60296
Particle (12):: Fit: 19.7216	PB: 19.7216	LB: 21.0153	GB: 24.5844	Conf: 0.849945	Pts: 55196
Particle (26):: Fit: 17.2724	PB: 17.2724	LB: 19.6402	GB: 24.5844	Conf: 0.33371	Pts: 105196
Particle (39):: Fit: 17.3585	PB: 17.3585	LB: 21.8032	GB: 24.5844	Conf: 0.495511	Pts: 65396
Particle (40):: Fit: 20.8968	PB: 20.8968	LB: 21.8032	GB: 24.5844	Conf: 0.042571	Pts: 75196
Particle (41):: Fit: 17.3711	PB: 17.3711	LB: 21.8032	GB: 24.5844	Conf: 0.635677	Pts: 50396
Particle (43):: Fit: 15.0017	PB: 15.0017	LB: 20.8968	GB: 24.5844	Conf: 0.54489	Pts: 50196
Particle (46):: Fit: 17.2667	PB: 17.2667	LB: 22.101	GB: 24.5844	Conf: 0.873202	Pts: 90196
Particle (1):: Fit: 19.4176	PB: 19.4176	LB: 23.0025	GB: 24.5844	Conf: 0.262465	Pts: 115295
Particle (6):: Fit: 19.7458	PB: 19.7458	LB: 23.0025	GB: 24.5844	Conf: 0.779346	Pts: 60295
Particle (16):: Fit: 19.7533	PB: 19.7533	LB: 24.5844	GB: 24.5844	Conf: 0.733596	Pts: 75295
Particle (26):: Fit: 19.7184	PB: 19.7184	LB: 19.7184	GB: 24.5844	Conf: 0.543181	Pts: 140295
Particle (28):: Fit: 14.6835	PB: 14.6835	LB: 19.7184	GB: 24.5844	Conf: 0.970579	Pts: 60195
Particle (31):: Fit: 10.0239	PB: 10.0239	LB: 17.2994	GB: 24.5844	Conf: 0.779605	Pts: 55295
Particle (33):: Fit: 14.7033	PB: 14.7033	LB: 21.8032	GB: 24.5844	Conf: 0.958047	Pts: 65195
Particle (35):: Fit: 22.1551	PB: 22.1551	LB: 22.1551	GB: 24.5844	Conf: 0.759553	Pts: 150195
Particle (42):: Fit: 18.9282	PB: 18.9282	LB: 20.8968	GB: 24.5844	Conf: 0.0526953	Pts: 50295
Particle (48):: Fit: 14.8986	PB: 14.8986	LB: 23.0025	GB: 24.5844	Conf: 0.789445	Pts: 50295
Particle (4):: Fit: 12.6344	PB: 12.6344	LB: 23.0025	GB: 24.5844	Conf: 0.329616	Pts: 55394
Particle (5):: Fit: 14.9433	PB: 14.9433	LB: 23.0025	GB: 24.5844	Conf: 0.275598	Pts: 60294
Particle (7):: Fit: 19.7379	PB: 19.7379	LB: 23.0025	GB: 24.5844	Conf: 0.592037	Pts: 60394
Particle (8):: Fit: 22.141	PB: 22.141	LB: 22.141	GB: 24.5844	Conf: 0.902338	Pts: 135194
Particle (13):: Fit: 17.3439	PB: 17.3439	LB: 21.0153	GB: 24.5844	Conf: 0.747376	Pts: 55293
Particle (14):: Fit: 12.5704	PB: 12.5704	LB: 24.5844	GB: 24.5844	Conf: 0.657427	Pts: 55194
Particle (25):: Fit: 17.2237	PB: 17.2237	LB: 19.7184	GB: 24.5844	Conf: 0.281035	Pts: 55293
Particle (30):: Fit: 15.0028	PB: 15.0028	LB: 22.1551	GB: 24.5844	Conf: 0.46718	Pts: 70194
Particle (32):: Fit: 12.5212	PB: 12.5212	LB: 22.1551	GB: 24.5844	Conf: 0.727766	Pts: 60294
Particle (33):: Fit: 17.3458	PB: 17.3458	LB: 22.1551	GB: 24.5844	Conf: 0.74252	Pts: 65294
Particle (43):: Fit: 19.737	PB: 19.737	LB: 20.8968	GB: 24.5844	Conf: 0.810798	Pts: 50294
Particle (44):: Fit: 15.0039	PB: 15.0039	LB: 20.8968	GB: 24.5844	Conf: 0.509938	Pts: 50294
Particle (49):: Fit: 19.6973	PB: 19.6973	LB: 23.0025	GB: 24.5844	Conf: 0.505019	Pts: 50294
Particle (5):: Fit: 21.7066	PB: 21.7066	LB: 23.0025	GB: 24.5844	Conf: 0.322441	Pts: 60393
Particle (12):: Fit: 22.1014	PB: 22.1014	LB: 22.141	GB: 24.5844	Conf: 0.984372	Pts: 60293
Particle (20):: Fit: 14.9171	PB: 14.9171	LB: 24.5844	GB: 24.5844	Conf: 0.765035	Pts: 55293
Particle (22):: Fit: 19.7334	PB: 19.7334	LB: 24.5844	GB: 24.5844	Conf: 0.821294	Pts: 110393
Particle (24):: Fit: 14.7726	PB: 14.7726	LB: 19.7334	GB: 24.5844	Conf: 0.0903925	Pts: 75191
Particle (28):: Fit: 18.9848	PB: 18.9848	LB: 19.7184	GB: 24.5844	Conf: 0.072421	Pts: 60293
Particle (34):: Fit: 21.5027	PB: 21.5027	LB: 22.1551	GB: 24.5844	Conf: 0.236143	Pts: 60293
Particle (39):: Fit: 19.7533	PB: 19.7533	LB: 22.1551	GB: 24.5844	Conf: 0.734434	Pts: 65493
Particle (41):: Fit: 19.3148	PB: 19.3148	LB: 21.8032	GB: 24.5844	Conf: 0.20835	Pts: 50493
Particle (45):: Fit: 14.9864	PB: 14.9864	LB: 22.101	GB: 24.5844	Conf: 0.624007	Pts: 50293
Particle (49):: Fit: 19.7476	PB: 19.7476	LB: 23.0025	GB: 24.5844	Conf: 0.771161	Pts: 50393
Particle (2):: Fit: 14.9515	PB: 14.9515	LB: 23.0025	GB: 24.5844	Conf: 0.29042	Pts: 55392
Particle (9):: Fit: 19.2079	PB: 19.2079	LB: 22.141	GB: 24.5844	Conf: 0.159423	Pts: 55292
Particle (10):: Fit: 17.3673	PB: 17.3673	LB: 22.141	GB: 24.5844	Conf: 0.665174	Pts: 110292
Particle (21):: Fit: 24.2155	PB: 24.2155	LB: 24.5844	GB: 24.5844	Conf: 0.48213	Pts: 80292
Particle (24):: Fit: 17.3593	PB: 17.3593	LB: 24.2155	GB: 24.5844	Conf: 0.498448	Pts: 75290
Particle (31):: Fit: 12.5816	PB: 12.5816	LB: 22.1551	GB: 24.5844	Conf: 0.162792	Pts: 55392
Particle (32):: Fit: 12.6386	PB: 12.6386	LB: 22.1551	GB: 24.5844	Conf: 0.380455	Pts: 60392
Particle (44):: Fit: 19.3556	PB: 19.3556	LB: 20.8968	GB: 24.5844	Conf: 0.228868	Pts: 50392
Particle (46):: Fit: 17.3021	PB: 17.3021	LB: 22.101	GB: 24.5844	Conf: 0.373852	Pts: 90292
Particle (2):: Fit: 17.2942	PB: 17.2942	LB: 23.0025	GB: 24.5844	Conf: 0.837677	Pts: 55491
Particle (15):: Fit: 17.2322	PB: 17.2322	LB: 24.5844	GB: 24.5844	Conf: 0.910585	Pts: 55291
Particle (36):: Fit: 19.7052	PB: 19.7052	LB: 22.1551	GB: 24.5844	Conf: 0.881779	Pts: 100191
Particle (42):: Fit: 24.5082	PB: 24.5082	LB: 24.5082	GB: 24.5844	Conf: 0.694461	Pts: 100391
Particle (5):: Fit: 22.1204	PB: 22.1204	LB: 23.0025	GB: 24.5844	Conf: 0.951327	Pts: 60490
Particle (13):: Fit: 19.7404	PB: 19.7404	LB: 22.1014	GB: 24.5844	Conf: 0.599872	Pts: 55389
Particle (14):: Fit: 24.3031	PB: 24.3031	LB: 24.5844	GB: 24.5844	Conf: 0.53017	Pts: 80290
Particle (20):: Fit: 17.2425	PB: 17.2425	LB: 24.5844	GB: 24.5844	Conf: 0.900061	Pts: 55390
Particle (27):: Fit: 5.77179	PB: 5.77179	LB: 19.7184	GB: 24.5844	Conf: 0.811606	Pts: 55390
Particle (29):: Fit: 21.8602	PB: 21.8602	LB: 21.8602	GB: 24.5844	Conf: 0.403338	Pts: 85290
Particle (32):: Fit: 14.9572	PB: 14.9572	LB: 22.1551	GB: 24.5844	Conf: 0.301401	Pts: 60490
Particle (36):: Fit: 19.7241	PB: 19.7241	LB: 22.1551	GB: 24.5844	Conf: 0.844441	Pts: 100290
Particle (46):: Fit: 17.3678	PB: 17.3678	LB: 24.5082	GB: 24.5844	Conf: 0.538251	Pts: 90390
Particle (33):: Fit: 21.8536	PB: 21.8536	LB: 22.1551	GB: 24.5844	Conf: 0.399427	Pts: 65389
Particle (2):: Fit: 19.7441	PB: 19.7441	LB: 23.0025	GB: 24.5844	Conf: 0.786479	Pts: 55588
Particle (11):: Fit: 24.3828	PB: 24.3828	LB: 24.3828	GB: 24.5844	Conf: 0.581559	Pts: 150188
Particle (25):: Fit: 17.2779	PB: 17.2779	LB: 24.2155	GB: 24.5844	Conf: 0.859438	Pts: 55387
Particle (48):: Fit: 14.9098	PB: 14.9098	LB: 23.0025	GB: 24.5844	Conf: 0.225007	Pts: 50387
Particle (4):: Fit: 17.0573	PB: 17.0573	LB: 23.0025	GB: 24.5844	Conf: 0.155776	Pts: 55487
Particle (17):: Fit: 17.3339	PB: 17.3339	LB: 24.5844	GB: 24.5844	Conf: 0.770236	Pts: 55187
Particle (32):: Fit: 14.9769	PB: 14.9769	LB: 22.1551	GB: 24.5844	Conf: 0.347303	Pts: 60587
Particle (45):: Fit: 17.3724	PB: 17.3724	LB: 24.5082	GB: 24.5844	Conf: 0.582193	Pts: 50387
Particle (15):: Fit: 19.6839	PB: 19.6839	LB: 24.5844	GB: 24.5844	Conf: 0.484715	Pts: 55386
Particle (25):: Fit: 22.1563	PB: 22.1563	LB: 24.2155	GB: 24.5844	Conf: 0.829037	Pts: 75485
Particle (28):: Fit: 19.2391	PB: 19.2391	LB: 22.1563	GB: 24.5844	Conf: 0.173088	Pts: 60386
Particle (48):: Fit: 14.9383	PB: 14.9383	LB: 23.0025	GB: 24.5844	Conf: 0.732807	Pts: 50485
Particle (4):: Fit: 22.1539	PB: 22.1539	LB: 23.0025	GB: 24.5844	Conf: 0.848895	Pts: 55585
Particle (10):: Fit: 19.7485	PB: 19.7485	LB: 24.3828	GB: 24.5844	Conf: 0.767093	Pts: 110385
Particle (2):: Fit: 22.1056	PB: 22.1056	LB: 23.0025	GB: 24.5844	Conf: 0.977757	Pts: 60684
Particle (24):: Fit: 19.5453	PB: 19.5453	LB: 24.2155	GB: 24.5844	Conf: 0.345777	Pts: 75382
Particle (45):: Fit: 22.1575	PB: 22.1575	LB: 24.5082	GB: 24.5844	Conf: 0.809577	Pts: 55484
Particle (23):: Fit: 17.1314	PB: 17.1314	LB: 24.5844	GB: 24.5844	Conf: 0.204766	Pts: 60282
Particle (30):: Fit: 19.2362	PB: 19.2362	LB: 22.1551	GB: 24.5844	Conf: 0.171778	Pts: 70283
Particle (1):: Fit: 19.6972	PB: 19.6972	LB: 23.0025	GB: 24.5844	Conf: 0.504806	Pts: 115382
Particle (20):: Fit: 21.4838	PB: 21.4838	LB: 24.5844	GB: 24.5844	Conf: 0.228915	Pts: 55481
Particle (31):: Fit: 17.2822	PB: 17.2822	LB: 22.1551	GB: 24.5844	Conf: 0.853984	Pts: 55481
Particle (32):: Fit: 19.2085	PB: 19.2085	LB: 22.1551	GB: 24.5844	Conf: 0.15964	Pts: 60682
Particle (37):: Fit: 22.0995	PB: 22.0995	LB: 24.5082	GB: 24.5844	Conf: 0.987284	Pts: 100181
Particle (1):: Fit: 20.9753	PB: 20.9753	LB: 23.0025	GB: 24.5844	Conf: 0.0644153	Pts: 115481
Particle (30):: Fit: 22.1079	PB: 22.1079	LB: 22.1551	GB: 24.5844	Conf: 0.626077	Pts: 70381
Particle (33):: Fit: 22.1552	PB: 22.1552	LB: 22.1552	GB: 24.5844	Conf: 0.760043	Pts: 100481
Particle (10):: Fit: 19.7498	PB: 19.7498	LB: 24.3828	GB: 24.5844	Conf: 0.639937	Pts: 110480
Particle (17):: Fit: 19.6611	PB: 19.6611	LB: 24.5844	GB: 24.5844	Conf: 0.454593	Pts: 55280
Particle (1):: Fit: 22.1549	PB: 22.1549	LB: 23.0025	GB: 24.5844	Conf: 0.841923	Pts: 115579
Particle (9):: Fit: 19.6613	PB: 19.6613	LB: 24.3828	GB: 24.5844	Conf: 0.945089	Pts: 55379
Particle (22):: Fit: 22.1566	PB: 22.1566	LB: 24.5844	GB: 24.5844	Conf: 0.774166	Pts: 115478
Particle (25):: Fit: 24.4092	PB: 24.4092	LB: 24.4092	GB: 24.5844	Conf: 0.600974	Pts: 105578
Particle (34):: Fit: 24.5964	PB: 24.5964	LB: 24.5964	GB: 24.5964	Conf: 0.518263	Pts: 120378
Particle (47):: Fit: 17.3169	PB: 17.3169	LB: 22.1575	GB: 24.5964	Conf: 0.80241	Pts: 50377
Global: 24.5964 - Correct: 90.9091% of 11 tests
Global Best: 
  Inner Net 1
  -- 1 : 1 = 0.0854
  -- 1 : 2 = 0.0684
  -- 1 : 3 = 0.4823
  -- 1 : 4 = 0.7682
  -- 1 : 5 = 0.2701
  -- 1 : 6 = 0.5592
  -- 1 : 7 = 0.7718
  -- 1 : 8 = 0.9085
  -- 1 : 9 = 0.8326
  -- 1 : 10 = 0.2767
  -- 2 : 1 = 0.4278
  -- 2 : 2 = 0.1042
  -- 2 : 3 = 0.8185
  -- 2 : 4 = 0.2561
  -- 2 : 5 = 0.6386
  -- 2 : 6 = 0.1614
  -- 2 : 7 = 0.7183
  -- 2 : 8 = 0.7324
  -- 2 : 9 = 0.092
  -- 2 : 10 = 0.2026
  -- 3 : 1 = 0.3713
  -- 3 : 2 = 0.2424
  -- 3 : 3 = 0.4379
  -- 3 : 4 = 0.2412
  -- 3 : 5 = 0.807
  -- 3 : 6 = 0.0001
  -- 3 : 7 = 0.3815
  -- 3 : 8 = 0.3748
  -- 3 : 9 = 0.9031
  -- 3 : 10 = 0.1627
  -- 4 : 1 = 0.3171
  -- 4 : 2 = 0.3988
  -- 4 : 3 = 0.8662
  -- 4 : 4 = 0.9233
  -- 4 : 5 = 0.3291
  -- 4 : 6 = 0.4926
  -- 4 : 7 = 0.0543
  -- 4 : 8 = 0.2654
  -- 4 : 9 = 0.7454
  -- 4 : 10 = 0.9669
  -- 5 : 1 = 0.3357
  -- 5 : 2 = 0.6528
  -- 5 : 3 = 0.6245
  -- 5 : 4 = 0.1677
  -- 5 : 5 = 0.3791
  -- 5 : 6 = 0.1049
  -- 5 : 7 = 0.5766
  -- 5 : 8 = 0.4052
  -- 5 : 9 = 0.9613
  -- 5 : 10 = 0.1928
  -- 6 : 1 = 0.1463
  -- 6 : 2 = 0.3397
  -- 6 : 3 = 0.919
  -- 6 : 4 = 0.9303
  -- 6 : 5 = 0.9271
  -- 6 : 6 = 0.9242
  -- 6 : 7 = 0.1995
  -- 6 : 8 = 0.9094
  -- 6 : 9 = 0.6954
  -- 6 : 10 = 0.7666
  -- 7 : 1 = 0.4386
  -- 7 : 2 = 0.1001
  -- 7 : 3 = 0.0579
  -- 7 : 4 = 0.242
  -- 7 : 5 = 0.2243
  -- 7 : 6 = 0.5118
  -- 7 : 7 = 0.9623
  -- 7 : 8 = 0.0483
  -- 7 : 9 = 0.6487
  -- 7 : 10 = 0.5665
  -- 8 : 1 = 0.9647
  -- 8 : 2 = 0.3666
  -- 8 : 3 = 0.2579
  -- 8 : 4 = 0.2723
  -- 8 : 5 = 0.0798
  -- 8 : 6 = 0.8282
  -- 8 : 7 = 0.5391
  -- 8 : 8 = 0.3864
  -- 8 : 9 = 0.186
  -- 8 : 10 = 0.3865
  -- 9 : 1 = 0.1819
  -- 9 : 2 = 0.0416
  -- 9 : 3 = 0.517
  -- 9 : 4 = 0.8509
  -- 9 : 5 = 0.1428
  -- 9 : 6 = 0.0248
  -- 9 : 7 = 0.2751
  -- 9 : 8 = 0.5186
  -- 9 : 9 = 0.0724
  -- 9 : 10 = 0.9042
  -- 10 : 1 = 0.7899
  -- 10 : 2 = 0.0456
  -- 10 : 3 = 0.5816
  -- 10 : 4 = 0.301
  -- 10 : 5 = 0.9186
  -- 10 : 6 = 0.0568
  -- 10 : 7 = 0.799
  -- 10 : 8 = 0.7355
  -- 10 : 9 = 0.8355
  -- 10 : 10 = 0.956
  Inner Net 2
  -- 1 : 1 = 0.4798
  -- 1 : 2 = 0.4489
  -- 1 : 3 = 0.5665
  -- 1 : 4 = 0.4541
  -- 2 : 1 = 0.3792
  -- 2 : 2 = 0.2304
  -- 2 : 3 = 0.8809
  -- 2 : 4 = 0.9201
  -- 3 : 1 = 0.1054
  -- 3 : 2 = 0.4981
  -- 3 : 3 = 0.5397
  -- 3 : 4 = 0.4294
  -- 4 : 1 = 0.7812
  -- 4 : 2 = 0.2796
  -- 4 : 3 = 0.9137
  -- 4 : 4 = 0.7658
  -- 5 : 1 = 0.4965
  -- 5 : 2 = 0.877
  -- 5 : 3 = 0.694
  -- 5 : 4 = 0.1451
  -- 6 : 1 = 0.6056
  -- 6 : 2 = 0.2635
  -- 6 : 3 = 0.2002
  -- 6 : 4 = 0.086
  -- 7 : 1 = 0.8051
  -- 7 : 2 = 0.7199
  -- 7 : 3 = 0.6855
  -- 7 : 4 = 0.4104
  -- 8 : 1 = 0.3686
  -- 8 : 2 = 0.6944
  -- 8 : 3 = 0.7446
  -- 8 : 4 = 0.4774
  -- 9 : 1 = 0.3051
  -- 9 : 2 = 0.1823
  -- 9 : 3 = 0.4539
  -- 9 : 4 = 0.6782
  -- 10 : 1 = 0.726
  -- 10 : 2 = 0.2671
  -- 10 : 3 = 0.9038
  -- 10 : 4 = 0.358
  Inner Net 3
  -- 1 : 1 = -0.528656
  -- 1 : 2 = 0.372097
  -- 2 : 1 = -0.177491
  -- 2 : 2 = -0.0918008
  -- 3 : 1 = 0.569798
  -- 3 : 2 = 0.024743
  -- 4 : 1 = 0.397563
  -- 4 : 2 = 0.237197
Out\Act	False		True
False	0	0.84198	0.84198
True	0	0.15802	0.15802
	0	1
	Accuracy [ (tp + tn) / testSize ]: 0.15802
	Precision [ tp / (tp + fp) ]:      0.157945
	Sensitivity [ tp / (tp + fn) ]:    0.996997
	Specificity [ tn / (tn + fp) ]:    0
	F-Score [ 2tp / (2tp + fp + fn) ]: 0.272802
Particle (27):: Fit: 12.488	PB: 12.488	LB: 24.4092	GB: 24.5964	Conf: 0.0349463	Pts: 55477
Particle (10):: Fit: 22.0074	PB: 22.0074	LB: 24.3828	GB: 24.5964	Conf: 0.508553	Pts: 110576
Particle (13):: Fit: 22.0377	PB: 22.0377	LB: 24.3828	GB: 24.5964	Conf: 0.537188	Pts: 55475
Particle (27):: Fit: 12.636	PB: 12.636	LB: 24.4092	GB: 24.5964	Conf: 0.343556	Pts: 55576
Particle (35):: Fit: 22.1555	PB: 22.1555	LB: 24.5964	GB: 24.5964	Conf: 0.837621	Pts: 150276
Particle (1):: Fit: 22.1566	PB: 22.1566	LB: 23.0025	GB: 24.5964	Conf: 0.774022	Pts: 115675
Particle (23):: Fit: 17.3451	PB: 17.3451	LB: 24.5844	GB: 24.5964	Conf: 0.744361	Pts: 60374
Particle (31):: Fit: 21.232	PB: 21.232	LB: 24.5964	GB: 24.5964	Conf: 0.141518	Pts: 55574
Particle (1):: Fit: 22.1573	PB: 22.1573	LB: 23.0025	GB: 24.5964	Conf: 0.783807	Pts: 115774
Particle (27):: Fit: 22.1572	PB: 22.1572	LB: 24.4092	GB: 24.5964	Conf: 0.78342	Pts: 55674
Particle (48):: Fit: 19.6664	PB: 19.6664	LB: 23.0025	GB: 24.5964	Conf: 0.461192	Pts: 50573
Particle (20):: Fit: 24.5791	PB: 24.5791	LB: 24.5844	GB: 24.5964	Conf: 0.83441	Pts: 60572
Particle (26):: Fit: 22.094	PB: 22.094	LB: 24.4092	GB: 24.5964	Conf: 0.60443	Pts: 140371
Particle (32):: Fit: 19.638	PB: 19.638	LB: 24.5964	GB: 24.5964	Conf: 0.97169	Pts: 60772
Particle (8):: Fit: 22.1452	PB: 22.1452	LB: 24.3828	GB: 24.5964	Conf: 0.888555	Pts: 135269
Particle (15):: Fit: 19.7547	PB: 19.7547	LB: 24.5844	GB: 24.5964	Conf: 0.686869	Pts: 55470
Particle (36):: Fit: 19.7299	PB: 19.7299	LB: 24.5964	GB: 24.5964	Conf: 0.830613	Pts: 100369
Particle (38):: Fit: 23.5732	PB: 23.5732	LB: 24.5964	GB: 24.5964	Conf: 0.236337	Pts: 60270
Particle (23):: Fit: 22.1269	PB: 22.1269	LB: 24.5844	GB: 24.5964	Conf: 0.937958	Pts: 60468
Particle (32):: Fit: 19.7236	PB: 19.7236	LB: 24.5964	GB: 24.5964	Conf: 0.845477	Pts: 60868
Particle (40):: Fit: 22.1457	PB: 22.1457	LB: 24.5082	GB: 24.5964	Conf: 0.713147	Pts: 75268
Particle (47):: Fit: 19.6705	PB: 19.6705	LB: 22.1575	GB: 24.5964	Conf: 0.466491	Pts: 50467
Particle (41):: Fit: 21.6865	PB: 21.6865	LB: 24.5082	GB: 24.5964	Conf: 0.313086	Pts: 50566
Particle (17):: Fit: 19.7459	PB: 19.7459	LB: 24.5844	GB: 24.5964	Conf: 0.621033	Pts: 55362
Particle (48):: Fit: 19.7546	PB: 19.7546	LB: 23.0025	GB: 24.5964	Conf: 0.716913	Pts: 50662
Particle (17):: Fit: 22.0266	PB: 22.0266	LB: 24.5844	GB: 24.5964	Conf: 0.526195	Pts: 55461
Particle (48):: Fit: 20.9316	PB: 20.9316	LB: 23.0025	GB: 24.5964	Conf: 0.0521471	Pts: 50761
Particle (29):: Fit: 22.0217	PB: 22.0217	LB: 24.5964	GB: 24.5964	Conf: 0.521566	Pts: 85361
Particle (36):: Fit: 21.1788	PB: 21.1788	LB: 24.5964	GB: 24.5964	Conf: 0.124707	Pts: 100456
Particle (12):: Fit: 22.1396	PB: 22.1396	LB: 24.3828	GB: 24.5964	Conf: 0.90636	Pts: 60356
Particle (23):: Fit: 22.1576	PB: 22.1576	LB: 24.5844	GB: 24.5964	Conf: 0.796047	Pts: 60557
Particle (36):: Fit: 22.1275	PB: 22.1275	LB: 24.5964	GB: 24.5964	Conf: 0.936698	Pts: 100553
Particle (6):: Fit: 19.7499	PB: 19.7499	LB: 24.3828	GB: 24.5964	Conf: 0.758992	Pts: 60353
Particle (10):: Fit: 22.0429	PB: 22.0429	LB: 24.3828	GB: 24.5964	Conf: 0.542503	Pts: 110651
Particle (39):: Fit: 21.9183	PB: 21.9183	LB: 24.5082	GB: 24.5964	Conf: 0.440128	Pts: 65552
Particle (30):: Fit: 22.1296	PB: 22.1296	LB: 24.5964	GB: 24.5964	Conf: 0.667997	Pts: 70449
Particle (47):: Fit: 22.1149	PB: 22.1149	LB: 22.1575	GB: 24.5964	Conf: 0.638324	Pts: 50547
Particle (48):: Fit: 21.8681	PB: 21.8681	LB: 23.0025	GB: 24.5964	Conf: 0.408086	Pts: 50848
Particle (9):: Fit: 19.7471	PB: 19.7471	LB: 24.3828	GB: 24.5964	Conf: 0.626165	Pts: 55448
Particle (41):: Fit: 22.1401	PB: 22.1401	LB: 24.5082	GB: 24.5964	Conf: 0.905131	Pts: 50646
Particle (9):: Fit: 24.5047	PB: 24.5047	LB: 24.5047	GB: 24.5964	Conf: 0.690219	Pts: 105547
Particle (28):: Fit: 19.744	PB: 19.744	LB: 24.4092	GB: 24.5964	Conf: 0.613094	Pts: 60446
Particle (49):: Fit: 23.823	PB: 23.823	LB: 23.823	GB: 24.5964	Conf: 0.31831	Pts: 85445
Particle (7):: Fit: 19.7427	PB: 19.7427	LB: 24.5047	GB: 24.5964	Conf: 0.608084	Pts: 60445
Particle (43):: Fit: 22.102	PB: 22.102	LB: 24.5082	GB: 24.5964	Conf: 0.616519	Pts: 50343
Particle (44):: Fit: 24.5741	PB: 24.5741	LB: 24.5741	GB: 24.5964	Conf: 0.815071	Pts: 100441
Particle (39):: Fit: 24.2865	PB: 24.2865	LB: 24.5741	GB: 24.5964	Conf: 0.287949	Pts: 65642
Particle (48):: Fit: 22.1395	PB: 22.1395	LB: 24.5741	GB: 24.5964	Conf: 0.906753	Pts: 50941
Particle (17):: Fit: 22.1519	PB: 22.1519	LB: 24.5844	GB: 24.5964	Conf: 0.739279	Pts: 55538
Particle (24):: Fit: 19.734	PB: 19.734	LB: 24.5791	GB: 24.5964	Conf: 0.819731	Pts: 75436
Particle (46):: Fit: 18.8507	PB: 18.8507	LB: 24.5741	GB: 24.5964	Conf: 0.0267851	Pts: 90437
Particle (6):: Fit: 24.4203	PB: 24.4203	LB: 24.5047	GB: 24.5964	Conf: 0.609628	Pts: 75437
Particle (15):: Fit: 22.1357	PB: 22.1357	LB: 24.5844	GB: 24.5964	Conf: 0.682808	Pts: 55534
Particle (37):: Fit: 24.5721	PB: 24.5721	LB: 24.5964	GB: 24.5964	Conf: 0.808817	Pts: 100225
Particle (15):: Fit: 24.4493	PB: 24.4493	LB: 24.5844	GB: 24.5964	Conf: 0.63392	Pts: 55625
Particle (49):: Fit: 24.2377	PB: 24.2377	LB: 24.2377	GB: 24.5964	Conf: 0.272369	Pts: 95524
Particle (32):: Fit: 19.755	PB: 19.755	LB: 24.5964	GB: 24.5964	Conf: 0.701834	Pts: 60923
Particle (21):: Fit: 25.2013	PB: 25.2013	LB: 25.2013	GB: 25.2013	Conf: 0.921911	Pts: 140321
Global: 25.2013 - Correct: 91.6667% of 12 tests
Global Best: 
  Inner Net 1
  -- 1 : 1 = 0.2201
  -- 1 : 2 = 0.3642
  -- 1 : 3 = 0.3604
  -- 1 : 4 = 0.901
  -- 1 : 5 = 0.7974
  -- 1 : 6 = 0.3663
  -- 1 : 7 = 0.068
  -- 1 : 8 = 0.0432
  -- 1 : 9 = 0.4461
  -- 1 : 10 = 0.5834
  -- 2 : 1 = 0.3947
  -- 2 : 2 = 0.5936
  -- 2 : 3 = 0.0439
  -- 2 : 4 = 0.8446
  -- 2 : 5 = 0.8547
  -- 2 : 6 = 0.3485
  -- 2 : 7 = 0.1619
  -- 2 : 8 = 0.49
  -- 2 : 9 = 0.7108
  -- 2 : 10 = 0.8171
  -- 3 : 1 = 0.2323
  -- 3 : 2 = 0.7489
  -- 3 : 3 = 0.0403
  -- 3 : 4 = 0.4955
  -- 3 : 5 = 0.5608
  -- 3 : 6 = 0.0246
  -- 3 : 7 = 0.606
  -- 3 : 8 = 0.3245
  -- 3 : 9 = 0.8304
  -- 3 : 10 = 0.2198
  -- 4 : 1 = 0.4193
  -- 4 : 2 = 0.0245
  -- 4 : 3 = 0.5917
  -- 4 : 4 = 0.739
  -- 4 : 5 = 0.6756
  -- 4 : 6 = 0.6385
  -- 4 : 7 = 0.9591
  -- 4 : 8 = 0.9776
  -- 4 : 9 = 0.2248
  -- 4 : 10 = 0.8682
  -- 5 : 1 = 0.1588
  -- 5 : 2 = 0.0896
  -- 5 : 3 = 0.3186
  -- 5 : 4 = 0.3034
  -- 5 : 5 = 0.8711
  -- 5 : 6 = 0.7971
  -- 5 : 7 = 0.1669
  -- 5 : 8 = 0.0845
  -- 5 : 9 = 0.2007
  -- 5 : 10 = 0.586
  -- 6 : 1 = 0.0767
  -- 6 : 2 = 0.9291
  -- 6 : 3 = 0.245
  -- 6 : 4 = 0.8841
  -- 6 : 5 = 0.7342
  -- 6 : 6 = 0.2756
  -- 6 : 7 = 0.6018
  -- 6 : 8 = 0.1798
  -- 6 : 9 = 0.8519
  -- 6 : 10 = 0.1549
  -- 7 : 1 = 0.1438
  -- 7 : 2 = 0.4464
  -- 7 : 3 = 0.4344
  -- 7 : 4 = 0.8634
  -- 7 : 5 = 0.1972
  -- 7 : 6 = 0.2324
  -- 7 : 7 = 0.4492
  -- 7 : 8 = 0.6204
  -- 7 : 9 = 0.807
  -- 7 : 10 = 0.1657
  -- 8 : 1 = 0.9775
  -- 8 : 2 = 0.1581
  -- 8 : 3 = 0.5042
  -- 8 : 4 = 0.7235
  -- 8 : 5 = 0.8899
  -- 8 : 6 = 0.0874
  -- 8 : 7 = 0.6422
  -- 8 : 8 = 0.0346
  -- 8 : 9 = 0.3362
  -- 8 : 10 = 0.0689
  -- 9 : 1 = 0.7156
  -- 9 : 2 = 0.9307
  -- 9 : 3 = 0.8356
  -- 9 : 4 = 0.337
  -- 9 : 5 = 0.2834
  -- 9 : 6 = 0.0941
  -- 9 : 7 = 0.1316
  -- 9 : 8 = 0.9915
  -- 9 : 9 = 0.527
  -- 9 : 10 = 0.1174
  -- 10 : 1 = 0.8286
  -- 10 : 2 = 0.8342
  -- 10 : 3 = 0.4016
  -- 10 : 4 = 0.6431
  -- 10 : 5 = 0.406
  -- 10 : 6 = 0.1686
  -- 10 : 7 = 0.6728
  -- 10 : 8 = 0.2022
  -- 10 : 9 = 0.0882
  -- 10 : 10 = 0.8906
  Inner Net 2
  -- 1 : 1 = 0.0281
  -- 1 : 2 = 0.0722
  -- 1 : 3 = 0.6582
  -- 1 : 4 = 0.1201
  -- 2 : 1 = 0.6798
  -- 2 : 2 = 0.8812
  -- 2 : 3 = 0.9092
  -- 2 : 4 = 0.7015
  -- 3 : 1 = 0.4621
  -- 3 : 2 = 0.062
  -- 3 : 3 = 0.7744
  -- 3 : 4 = 0.9919
  -- 4 : 1 = 0.2849
  -- 4 : 2 = 0.6081
  -- 4 : 3 = 0.1085
  -- 4 : 4 = 0.0513
  -- 5 : 1 = 0.966
  -- 5 : 2 = 0.0661
  -- 5 : 3 = 0.7134
  -- 5 : 4 = 0.3589
  -- 6 : 1 = 0.5612
  -- 6 : 2 = 0.5985
  -- 6 : 3 = 0.2427
  -- 6 : 4 = 0.8929
  -- 7 : 1 = 0.5549
  -- 7 : 2 = 0.2221
  -- 7 : 3 = 0.087
  -- 7 : 4 = 0.224
  -- 8 : 1 = 0.5392
  -- 8 : 2 = 0.905
  -- 8 : 3 = 0.1503
  -- 8 : 4 = 0.5956
  -- 9 : 1 = 0.7258
  -- 9 : 2 = 0.3763
  -- 9 : 3 = 0.2805
  -- 9 : 4 = 0.1485
  -- 10 : 1 = 0.4912
  -- 10 : 2 = 0.5185
  -- 10 : 3 = 0.1581
  -- 10 : 4 = 0.7274
  Inner Net 3
  -- 1 : 1 = -0.302311
  -- 1 : 2 = 0.308644
  -- 2 : 1 = -0.186284
  -- 2 : 2 = 0.107683
  -- 3 : 1 = 0.114144
  -- 3 : 2 = -0.249675
  -- 4 : 1 = 0.412917
  -- 4 : 2 = 0.32595
Out\Act	False		True
False	0	0.84198	0.84198
True	0	0.15802	0.15802
	0	1
	Accuracy [ (tp + tn) / testSize ]: 0.15802
	Precision [ tp / (tp + fp) ]:      0.157945
	Sensitivity [ tp / (tp + fn) ]:    0.996997
	Specificity [ tn / (tn + fp) ]:    0
	F-Score [ 2tp / (2tp + fp + fn) ]: 0.272802
Particle (18):: Fit: 19.7546	PB: 19.7546	LB: 25.2013	GB: 25.2013	Conf: 0.714922	Pts: 85117
Particle (7):: Fit: 19.7527	PB: 19.7527	LB: 24.5047	GB: 25.2013	Conf: 0.739613	Pts: 60512
Particle (1):: Fit: 24.4817	PB: 24.4817	LB: 24.4817	GB: 25.2013	Conf: 0.664762	Pts: 140803
Particle (47):: Fit: 22.1182	PB: 22.1182	LB: 24.5741	GB: 25.2013	Conf: 0.64443	Pts: 50598
Particle (8):: Fit: 22.7838	PB: 22.7838	LB: 24.5047	GB: 25.2013	Conf: 0.0283858	Pts: 135296
Particle (42):: Fit: 24.5858	PB: 24.5858	LB: 24.5858	GB: 25.2013	Conf: 0.8809	Pts: 140396
Particle (48):: Fit: 22.1556	PB: 22.1556	LB: 24.5741	GB: 25.2013	Conf: 0.763344	Pts: 50993
Particle (7):: Fit: 22.1536	PB: 22.1536	LB: 24.5047	GB: 25.2013	Conf: 0.851131	Pts: 60593
Particle (22):: Fit: 23.5083	PB: 23.5083	LB: 25.2013	GB: 25.2013	Conf: 0.216722	Pts: 115490
Particle (28):: Fit: 22.0683	PB: 22.0683	LB: 24.4092	GB: 25.2013	Conf: 0.570712	Pts: 60491
Particle (12):: Fit: 24.4645	PB: 24.4645	LB: 24.5047	GB: 25.2013	Conf: 0.647837	Pts: 60384
Particle (9):: Fit: 24.5861	PB: 24.5861	LB: 24.5861	GB: 25.2013	Conf: 0.887726	Pts: 155581
Particle (38):: Fit: 23.8883	PB: 23.8883	LB: 24.5964	GB: 25.2013	Conf: 0.341859	Pts: 60279
Particle (40):: Fit: 22.1514	PB: 22.1514	LB: 24.5858	GB: 25.2013	Conf: 0.863355	Pts: 75263
Particle (40):: Fit: 24.5841	PB: 24.5841	LB: 24.5858	GB: 25.2013	Conf: 0.863355	Pts: 75357
Particle (44):: Fit: 24.5761	PB: 24.5761	LB: 24.5858	GB: 25.2013	Conf: 0.822086	Pts: 110444
Particle (33):: Fit: 24.5777	PB: 24.5777	LB: 24.5964	GB: 25.2013	Conf: 0.971359	Pts: 105442
Particle (24):: Fit: 20.9609	PB: 20.9609	LB: 25.2013	GB: 25.2013	Conf: 0.0603577	Pts: 75440
Particle (49):: Fit: 24.5745	PB: 24.5745	LB: 24.5745	GB: 25.2013	Conf: 0.983451	Pts: 120539
Particle (28):: Fit: 24.3672	PB: 24.3672	LB: 24.5777	GB: 25.2013	Conf: 0.570712	Pts: 60537
Particle (43):: Fit: 23.1739	PB: 23.1739	LB: 24.5858	GB: 25.2013	Conf: 0.1239	Pts: 50325
Particle (34):: Fit: 24.813	PB: 24.813	LB: 24.813	GB: 25.2013	Conf: 0.672623	Pts: 170318
Particle (13):: Fit: 23.2619	PB: 23.2619	LB: 24.5861	GB: 25.2013	Conf: 0.147173	Pts: 55414
Particle (47):: Fit: 24.4575	PB: 24.4575	LB: 24.5761	GB: 25.2013	Conf: 0.641281	Pts: 50614
Particle (29):: Fit: 23.3505	PB: 23.3505	LB: 24.813	GB: 25.2013	Conf: 0.171365	Pts: 85308
Particle (7):: Fit: 24.5824	PB: 24.5824	LB: 24.5861	GB: 25.2013	Conf: 0.851131	Pts: 70605
Particle (45):: Fit: 24.5864	PB: 24.5864	LB: 24.5864	GB: 25.2013	Conf: 0.896019	Pts: 105401
Particle (48):: Fit: 24.5543	PB: 24.5543	LB: 24.5864	GB: 25.2013	Conf: 0.764282	Pts: 50993
Particle (13):: Fit: 40.8327	PB: 40.8327	LB: 40.8327	GB: 40.8327	Conf: 0.138002	Pts: 115492
Global: 40.8327 - Correct: 70% of 10 tests
Global Best: 
  Inner Net 1
  -- 1 : 1 = 0.0901023
  -- 1 : 2 = 0.566786
  -- 1 : 3 = 0.69954
  -- 1 : 4 = 0.35632
  -- 1 : 5 = 0.204509
  -- 1 : 6 = 0.255868
  -- 1 : 7 = 0.20395
  -- 1 : 8 = 0.329803
  -- 1 : 9 = 0.00572993
  -- 1 : 10 = 0.0269128
  -- 2 : 1 = 0.211715
  -- 2 : 2 = -1
  -- 2 : 3 = -0.0309639
  -- 2 : 4 = 0.302472
  -- 2 : 5 = 0.62421
  -- 2 : 6 = 0.0657269
  -- 2 : 7 = 0.7987
  -- 2 : 8 = 0.0453367
  -- 2 : 9 = -0.021583
  -- 2 : 10 = 0.763374
  -- 3 : 1 = 0.473336
  -- 3 : 2 = 0.042277
  -- 3 : 3 = -0.151313
  -- 3 : 4 = 0.649977
  -- 3 : 5 = 0.0130095
  -- 3 : 6 = 0.0278059
  -- 3 : 7 = 0.454376
  -- 3 : 8 = 0.0727605
  -- 3 : 9 = 0.759472
  -- 3 : 10 = 0.528207
  -- 4 : 1 = 0
  -- 4 : 2 = 0.9032
  -- 4 : 3 = 0.303036
  -- 4 : 4 = -0.0969031
  -- 4 : 5 = 0.171954
  -- 4 : 6 = -0.202914
  -- 4 : 7 = 0.0656897
  -- 4 : 8 = 0.131114
  -- 4 : 9 = -0.110111
  -- 4 : 10 = 0.029832
  -- 5 : 1 = 0.436954
  -- 5 : 2 = 0.525053
  -- 5 : 3 = 0.221241
  -- 5 : 4 = -0.200165
  -- 5 : 5 = 0.0535872
  -- 5 : 6 = 0.381488
  -- 5 : 7 = 0.264692
  -- 5 : 8 = 0.152839
  -- 5 : 9 = 0.159211
  -- 5 : 10 = -0.0237611
  -- 6 : 1 = 0.395818
  -- 6 : 2 = 0.57073
  -- 6 : 3 = 0.32053
  -- 6 : 4 = 0.234393
  -- 6 : 5 = 0.399205
  -- 6 : 6 = 0.139787
  -- 6 : 7 = 0.422213
  -- 6 : 8 = 0.466712
  -- 6 : 9 = 0.340987
  -- 6 : 10 = 0.0179023
  -- 7 : 1 = 0.224444
  -- 7 : 2 = -0.101232
  -- 7 : 3 = 0.422757
  -- 7 : 4 = 0.321221
  -- 7 : 5 = 0.478461
  -- 7 : 6 = 0.379464
  -- 7 : 7 = 0.637639
  -- 7 : 8 = 0.251152
  -- 7 : 9 = 0.0360524
  -- 7 : 10 = 0.298078
  -- 8 : 1 = 0.15884
  -- 8 : 2 = 0.23436
  -- 8 : 3 = 0.888594
  -- 8 : 4 = 0.10484
  -- 8 : 5 = 0.453159
  -- 8 : 6 = 0.679736
  -- 8 : 7 = 0.228506
  -- 8 : 8 = -0.0352796
  -- 8 : 9 = 0.855076
  -- 8 : 10 = 0.646547
  -- 9 : 1 = 0.0508783
  -- 9 : 2 = -0.0643753
  -- 9 : 3 = -0.136252
  -- 9 : 4 = -0.0271928
  -- 9 : 5 = 0.816765
  -- 9 : 6 = -0.0340157
  -- 9 : 7 = 0.49697
  -- 9 : 8 = -0.0518335
  -- 9 : 9 = 0.386583
  -- 9 : 10 = 0.15101
  -- 10 : 1 = 0.204585
  -- 10 : 2 = -0.135733
  -- 10 : 3 = -0.287749
  -- 10 : 4 = -1
  -- 10 : 5 = 0.7548
  -- 10 : 6 = -0.200526
  -- 10 : 7 = 0.364804
  -- 10 : 8 = 0.4391
  -- 10 : 9 = 0.19975
  -- 10 : 10 = 0.481189
  Inner Net 2
  -- 1 : 1 = 0.225928
  -- 1 : 2 = 0.643784
  -- 1 : 3 = -0.0371851
  -- 1 : 4 = 0.168553
  -- 2 : 1 = 0.975513
  -- 2 : 2 = 0.772885
  -- 2 : 3 = 0.319228
  -- 2 : 4 = 0.142466
  -- 3 : 1 = 0.238779
  -- 3 : 2 = 0.177959
  -- 3 : 3 = -0.00818206
  -- 3 : 4 = -0.145694
  -- 4 : 1 = 0.25178
  -- 4 : 2 = 0.473649
  -- 4 : 3 = -0.261094
  -- 4 : 4 = 0.019527
  -- 5 : 1 = -0.5
  -- 5 : 2 = 0.109352
  -- 5 : 3 = 0.17976
  -- 5 : 4 = -0.180061
  -- 6 : 1 = 0.887591
  -- 6 : 2 = 0.188545
  -- 6 : 3 = -0.204642
  -- 6 : 4 = 0.276184
  -- 7 : 1 = 0.533998
  -- 7 : 2 = 0.486802
  -- 7 : 3 = 0.194061
  -- 7 : 4 = 0.258278
  -- 8 : 1 = 0.5
  -- 8 : 2 = 0.0112661
  -- 8 : 3 = -0.0652526
  -- 8 : 4 = -0.0682895
  -- 9 : 1 = 0.166124
  -- 9 : 2 = -0.114777
  -- 9 : 3 = 0.36315
  -- 9 : 4 = -0.098362
  -- 10 : 1 = -0.166936
  -- 10 : 2 = 0.512754
  -- 10 : 3 = 0.421739
  -- 10 : 4 = 0.107472
  Inner Net 3
  -- 1 : 1 = -0.713308
  -- 1 : 2 = 0.104224
  -- 2 : 1 = 0.45499
  -- 2 : 2 = 0.157919
  -- 3 : 1 = 0.278963
  -- 3 : 2 = 0.0465092
  -- 4 : 1 = 0.28393
  -- 4 : 2 = 0.0484832
Out\Act	False		True
False	0.179438	0.662542	0.84198
True	0.0171347	0.140885	0.15802
	0.196573	0.803427
	Accuracy [ (tp + tn) / testSize ]: 0.320324
	Precision [ tp / (tp + fp) ]:      0.175252
	Sensitivity [ tp / (tp + fn) ]:    0.888889
	Specificity [ tn / (tn + fp) ]:    0.212994
	F-Score [ 2tp / (2tp + fp + fn) ]: 0.292924
Particle (20):: Fit: 31.6177	PB: 31.6177	LB: 31.6177	GB: 40.8327	Conf: 0.286215	Pts: 95491
Particle (13):: Fit: 48.435	PB: 48.435	LB: 48.435	GB: 48.435	Conf: 0.150841	Pts: 175588
Global: 48.435 - Correct: 80% of 10 tests
Global Best: 
  Inner Net 1
  -- 1 : 1 = 0.0863908
  -- 1 : 2 = 0.59413
  -- 1 : 3 = 0.0446877
  -- 1 : 4 = 0.150858
  -- 1 : 5 = 0.32205
  -- 1 : 6 = 0.361877
  -- 1 : 7 = 0.098507
  -- 1 : 8 = 0.404072
  -- 1 : 9 = -0.127139
  -- 1 : 10 = 0.0540953
  -- 2 : 1 = 0.450203
  -- 2 : 2 = -0.708016
  -- 2 : 3 = -0.0625792
  -- 2 : 4 = 0.586613
  -- 2 : 5 = 0.130491
  -- 2 : 6 = -0.108944
  -- 2 : 7 = 0.522622
  -- 2 : 8 = 0.0101075
  -- 2 : 9 = -0.350757
  -- 2 : 10 = 0.382206
  -- 3 : 1 = 0.355479
  -- 3 : 2 = -0.00489186
  -- 3 : 3 = -0.137261
  -- 3 : 4 = -0.0866928
  -- 3 : 5 = -0.0185209
  -- 3 : 6 = 0.106265
  -- 3 : 7 = 0.44932
  -- 3 : 8 = -0.130729
  -- 3 : 9 = 0.449683
  -- 3 : 10 = -0.0379989
  -- 4 : 1 = 0.111154
  -- 4 : 2 = 0.535842
  -- 4 : 3 = 0.651939
  -- 4 : 4 = -0.329522
  -- 4 : 5 = 0.406615
  -- 4 : 6 = -0.236283
  -- 4 : 7 = -0.153595
  -- 4 : 8 = -0.106626
  -- 4 : 9 = -0.391889
  -- 4 : 10 = -0.0464787
  -- 5 : 1 = 0.378748
  -- 5 : 2 = 0.461694
  -- 5 : 3 = 0.385592
  -- 5 : 4 = -0.178998
  -- 5 : 5 = -0.349942
  -- 5 : 6 = 0.0861004
  -- 5 : 7 = -0.231299
  -- 5 : 8 = -0.0445115
  -- 5 : 9 = -0.170294
  -- 5 : 10 = -0.0901417
  -- 6 : 1 = 0.459633
  -- 6 : 2 = 0.245042
  -- 6 : 3 = 0.0882214
  -- 6 : 4 = 0.605863
  -- 6 : 5 = 0.178133
  -- 6 : 6 = -0.112248
  -- 6 : 7 = 0.496702
  -- 6 : 8 = -0.074367
  -- 6 : 9 = 0.204012
  -- 6 : 10 = -0.130328
  -- 7 : 1 = 0.593512
  -- 7 : 2 = -0.280327
  -- 7 : 3 = 0.2713
  -- 7 : 4 = -0.169374
  -- 7 : 5 = 0.0837112
  -- 7 : 6 = 0.400467
  -- 7 : 7 = 0.302665
  -- 7 : 8 = 0.347404
  -- 7 : 9 = 0.160043
  -- 7 : 10 = 0.253688
  -- 8 : 1 = 0.54802
  -- 8 : 2 = 0.478795
  -- 8 : 3 = 0.19858
  -- 8 : 4 = 0.0765394
  -- 8 : 5 = 0.122707
  -- 8 : 6 = 0.679736
  -- 8 : 7 = -0.0201633
  -- 8 : 8 = 0.0896891
  -- 8 : 9 = 0.429198
  -- 8 : 10 = 0.110837
  -- 9 : 1 = 0.0424206
  -- 9 : 2 = 0.211077
  -- 9 : 3 = -0.311467
  -- 9 : 4 = -0.0945374
  -- 9 : 5 = 0.692233
  -- 9 : 6 = -0.244149
  -- 9 : 7 = 0.853989
  -- 9 : 8 = -0.0518009
  -- 9 : 9 = 0.510996
  -- 9 : 10 = -0.221211
  -- 10 : 1 = 0.212094
  -- 10 : 2 = -0.205008
  -- 10 : 3 = -0.312061
  -- 10 : 4 = 1
  -- 10 : 5 = 0.689895
  -- 10 : 6 = -0.0403787
  -- 10 : 7 = 0.239743
  -- 10 : 8 = 0.488608
  -- 10 : 9 = -0.0313497
  -- 10 : 10 = -0.0259519
  Inner Net 2
  -- 1 : 1 = 0.225928
  -- 1 : 2 = 0.643784
  -- 1 : 3 = -0.0371851
  -- 1 : 4 = 0.168553
  -- 2 : 1 = 0.975513
  -- 2 : 2 = 0.772885
  -- 2 : 3 = 0.319228
  -- 2 : 4 = 0.142466
  -- 3 : 1 = 0.238779
  -- 3 : 2 = 0.177959
  -- 3 : 3 = -0.00818206
  -- 3 : 4 = -0.145694
  -- 4 : 1 = 0.25178
  -- 4 : 2 = 0.473649
  -- 4 : 3 = -0.261094
  -- 4 : 4 = 0.019527
  -- 5 : 1 = -0.5
  -- 5 : 2 = 0.109352
  -- 5 : 3 = 0.17976
  -- 5 : 4 = -0.180061
  -- 6 : 1 = 0.887591
  -- 6 : 2 = 0.188545
  -- 6 : 3 = -0.204642
  -- 6 : 4 = 0.276184
  -- 7 : 1 = 0.533998
  -- 7 : 2 = 0.486802
  -- 7 : 3 = 0.194061
  -- 7 : 4 = 0.258278
  -- 8 : 1 = 0.5
  -- 8 : 2 = 0.0112661
  -- 8 : 3 = -0.0652526
  -- 8 : 4 = -0.0682895
  -- 9 : 1 = 0.166124
  -- 9 : 2 = -0.114777
  -- 9 : 3 = 0.36315
  -- 9 : 4 = -0.098362
  -- 10 : 1 = -0.166936
  -- 10 : 2 = 0.512754
  -- 10 : 3 = 0.421739
  -- 10 : 4 = 0.107472
  Inner Net 3
  -- 1 : 1 = -0.713308
  -- 1 : 2 = 0.104224
  -- 2 : 1 = 0.45499
  -- 2 : 2 = 0.157919
  -- 3 : 1 = 0.278963
  -- 3 : 2 = 0.0465092
  -- 4 : 1 = 0.28393
  -- 4 : 2 = 0.0484832
Out\Act	False		True
False	0.253213	0.588767	0.84198
True	0.0356973	0.122323	0.15802
	0.28891	0.71109
	Accuracy [ (tp + tn) / testSize ]: 0.375535
	Precision [ tp / (tp + fp) ]:      0.171906
	Sensitivity [ tp / (tp + fn) ]:    0.771772
	Specificity [ tn / (tn + fp) ]:    0.300565
	F-Score [ 2tp / (2tp + fp + fn) ]: 0.281336
Particle (8):: Fit: 22.7888	PB: 22.7888	LB: 48.435	GB: 48.435	Conf: 0.0294858	Pts: 135286
Particle (8):: Fit: 35.9609	PB: 35.9609	LB: 48.435	GB: 48.435	Conf: 0.0269526	Pts: 160385
Particle (29):: Fit: 23.3558	PB: 23.3558	LB: 24.813	GB: 48.435	Conf: 0.172675	Pts: 85385
Particle (21):: Fit: 37.5278	PB: 37.5278	LB: 37.5278	GB: 48.435	Conf: 0.113766	Pts: 180281
Particle (16):: Fit: 34.8721	PB: 34.8721	LB: 48.435	GB: 48.435	Conf: 0.231827	Pts: 75180
Particle (20):: Fit: 39.869	PB: 39.869	LB: 39.869	GB: 48.435	Conf: 0.31778	Pts: 130580
Particle (8):: Fit: 47.8936	PB: 47.8936	LB: 48.435	GB: 48.435	Conf: 0.0257466	Pts: 185473
Particle (20):: Fit: 41.6416	PB: 41.6416	LB: 41.6416	GB: 48.435	Conf: 0.263078	Pts: 165673
Particle (1):: Fit: 35.3519	PB: 35.3519	LB: 35.3519	GB: 48.435	Conf: 0.116292	Pts: 175770
Particle (21):: Fit: 38.8357	PB: 38.8357	LB: 41.6416	GB: 48.435	Conf: 0.116281	Pts: 185368
Particle (5):: Fit: 32.4116	PB: 32.4116	LB: 47.8936	GB: 48.435	Conf: 0.234454	Pts: 60353
Particle (9):: Fit: 24.5862	PB: 24.5862	LB: 48.435	GB: 48.435	Conf: 0.887932	Pts: 155554
Particle (24):: Fit: 21.2445	PB: 21.2445	LB: 41.6416	GB: 48.435	Conf: 0.0551654	Pts: 75449
Particle (5):: Fit: 34.9774	PB: 34.9774	LB: 47.8936	GB: 48.435	Conf: 0.243502	Pts: 60442
Particle (24):: Fit: 26.0648	PB: 26.0648	LB: 41.6416	GB: 48.435	Conf: 0.0538695	Pts: 90541
Particle (1):: Fit: 36.1717	PB: 36.1717	LB: 36.1717	GB: 48.435	Conf: 0.139968	Pts: 210839
Particle (21):: Fit: 42.873	PB: 42.873	LB: 42.873	GB: 48.435	Conf: 0.182783	Pts: 225437
Particle (1):: Fit: 41.1135	PB: 41.1135	LB: 41.1135	GB: 48.435	Conf: 0.229757	Pts: 245935
Particle (24):: Fit: 26.3634	PB: 26.3634	LB: 42.873	GB: 48.435	Conf: 0.178687	Pts: 105632
Particle (5):: Fit: 35.0427	PB: 35.0427	LB: 47.8936	GB: 48.435	Conf: 0.326046	Pts: 60530
Particle (24):: Fit: 40.3393	PB: 40.3393	LB: 42.873	GB: 48.435	Conf: 0.0547477	Pts: 120729
Particle (43):: Fit: 36.2644	PB: 36.2644	LB: 36.2644	GB: 48.435	Conf: 0.101508	Pts: 90331
Particle (20):: Fit: 45.9455	PB: 45.9455	LB: 45.9455	GB: 48.435	Conf: 0.268403	Pts: 200728
Particle (24):: Fit: 44.976	PB: 44.976	LB: 45.9455	GB: 48.435	Conf: 0.0785825	Pts: 140825
Particle (42):: Fit: 24.586	PB: 24.586	LB: 36.2644	GB: 48.435	Conf: 0.881994	Pts: 140325
Particle (22):: Fit: 30.2247	PB: 30.2247	LB: 45.9455	GB: 48.435	Conf: 0.146659	Pts: 115420
Particle (5):: Fit: 43.1306	PB: 43.1306	LB: 47.8936	GB: 48.435	Conf: 0.246733	Pts: 75610
Particle (1):: Fit: 46.192	PB: 46.192	LB: 46.192	GB: 48.435	Conf: 0.142792	Pts: 281007
Particle (20):: Fit: 46.2405	PB: 46.2405	LB: 46.2405	GB: 48.435	Conf: 0.35584	Pts: 235805
Particle (45):: Fit: 24.921	PB: 24.921	LB: 36.2644	GB: 48.435	Conf: 0.899594	Pts: 105399
Particle (43):: Fit: 36.317	PB: 36.317	LB: 36.317	GB: 48.435	Conf: 0.109111	Pts: 130400
Particle (16):: Fit: 40.0468	PB: 40.0468	LB: 48.435	GB: 48.435	Conf: 0.270103	Pts: 75181
Particle (7):: Fit: 24.5844	PB: 24.5844	LB: 47.8936	GB: 48.435	Conf: 0.855935	Pts: 70583
Particle (43):: Fit: 40.4063	PB: 40.4063	LB: 40.4063	GB: 48.435	Conf: 0.100952	Pts: 170477
Particle (9):: Fit: 24.5872	PB: 24.5872	LB: 48.435	GB: 48.435	Conf: 0.890774	Pts: 155575
Particle (35):: Fit: 35.1664	PB: 35.1664	LB: 35.1664	GB: 48.435	Conf: 0.415907	Pts: 190069
Particle (1):: Fit: 46.3844	PB: 46.3844	LB: 46.3844	GB: 48.435	Conf: 0.401303	Pts: 316063
Particle (48):: Fit: 24.5618	PB: 24.5618	LB: 46.3844	GB: 48.435	Conf: 0.769364	Pts: 50961
Particle (43):: Fit: 40.6749	PB: 40.6749	LB: 40.6749	GB: 48.435	Conf: 0.115981	Pts: 210556
Particle (23):: Fit: 24.2688	PB: 24.2688	LB: 46.2405	GB: 48.435	Conf: 0.510492	Pts: 60349
Particle (13):: Fit: 49.6682	PB: 49.6682	LB: 49.6682	GB: 49.6682	Conf: 0.136042	Pts: 235537
Global: 49.6682 - Correct: 90% of 10 tests
Global Best: 
  Inner Net 1
  -- 1 : 1 = 0.0850235
  -- 1 : 2 = 0.139855
  -- 1 : 3 = 0.0325483
  -- 1 : 4 = 0.142768
  -- 1 : 5 = 0.583269
  -- 1 : 6 = 0.171671
  -- 1 : 7 = -0.200301
  -- 1 : 8 = 0.473624
  -- 1 : 9 = 0.128349
  -- 1 : 10 = -0.00709975
  -- 2 : 1 = 0.55875
  -- 2 : 2 = -0.287225
  -- 2 : 3 = -0.0623948
  -- 2 : 4 = 0.764841
  -- 2 : 5 = 0.0758072
  -- 2 : 6 = -0.289694
  -- 2 : 7 = 0.228002
  -- 2 : 8 = -0.0311716
  -- 2 : 9 = -0.280699
  -- 2 : 10 = 0.0132415
  -- 3 : 1 = 0.35147
  -- 3 : 2 = 0.0181155
  -- 3 : 3 = -0.0351393
  -- 3 : 4 = 0.0324029
  -- 3 : 5 = -0.0854117
  -- 3 : 6 = -0.259694
  -- 3 : 7 = 0.109465
  -- 3 : 8 = 0.115414
  -- 3 : 9 = -0.130712
  -- 3 : 10 = 0.0295151
  -- 4 : 1 = -0.0152488
  -- 4 : 2 = 0.19787
  -- 4 : 3 = -0.322412
  -- 4 : 4 = 0.0641835
  -- 4 : 5 = -0.15832
  -- 4 : 6 = 0.128115
  -- 4 : 7 = 0.240518
  -- 4 : 8 = 0.133511
  -- 4 : 9 = 0.0249125
  -- 4 : 10 = 0.0709919
  -- 5 : 1 = 0.666462
  -- 5 : 2 = 0.534943
  -- 5 : 3 = 0.339961
  -- 5 : 4 = -0.291404
  -- 5 : 5 = 0.0594277
  -- 5 : 6 = 0.0212651
  -- 5 : 7 = -0.0168837
  -- 5 : 8 = -0.308262
  -- 5 : 9 = -0.200544
  -- 5 : 10 = -0.314259
  -- 6 : 1 = 0.459727
  -- 6 : 2 = 0.155947
  -- 6 : 3 = 0.331724
  -- 6 : 4 = 0.77711
  -- 6 : 5 = 0.0641904
  -- 6 : 6 = 0.0619581
  -- 6 : 7 = 0.732234
  -- 6 : 8 = -0.216066
  -- 6 : 9 = -0.101101
  -- 6 : 10 = 0.0498728
  -- 7 : 1 = 0.596111
  -- 7 : 2 = -0.175934
  -- 7 : 3 = 0.0672691
  -- 7 : 4 = 0.206359
  -- 7 : 5 = -0.140423
  -- 7 : 6 = 0.338754
  -- 7 : 7 = 0.0421378
  -- 7 : 8 = 0.347109
  -- 7 : 9 = 0.0917442
  -- 7 : 10 = 0.234667
  -- 8 : 1 = 0.775701
  -- 8 : 2 = -0.27181
  -- 8 : 3 = 0.24866
  -- 8 : 4 = 0.151427
  -- 8 : 5 = -0.171162
  -- 8 : 6 = 0.195155
  -- 8 : 7 = 0.198423
  -- 8 : 8 = -0.131169
  -- 8 : 9 = 0.320092
  -- 8 : 10 = 0.0779552
  -- 9 : 1 = 0.0437588
  -- 9 : 2 = 0.0340966
  -- 9 : 3 = 0.180623
  -- 9 : 4 = -0.151303
  -- 9 : 5 = 0.579339
  -- 9 : 6 = -0.266119
  -- 9 : 7 = 0.64193
  -- 9 : 8 = -0.00775015
  -- 9 : 9 = -0.247178
  -- 9 : 10 = -0.181321
  -- 10 : 1 = 0.211344
  -- 10 : 2 = -0.263495
  -- 10 : 3 = -0.298681
  -- 10 : 4 = 0.806774
  -- 10 : 5 = 0.654471
  -- 10 : 6 = -0.421542
  -- 10 : 7 = 0.10463
  -- 10 : 8 = -0.200873
  -- 10 : 9 = -0.216121
  -- 10 : 10 = 0.0244533
  Inner Net 2
  -- 1 : 1 = 0.124657
  -- 1 : 2 = 0.217179
  -- 1 : 3 = 0.335621
  -- 1 : 4 = 0.30167
  -- 2 : 1 = 0
  -- 2 : 2 = 0.776323
  -- 2 : 3 = 0.231837
  -- 2 : 4 = -0.0965484
  -- 3 : 1 = 0.238602
  -- 3 : 2 = -0.0277523
  -- 3 : 3 = -0.371116
  -- 3 : 4 = -0.435499
  -- 4 : 1 = 0.251715
  -- 4 : 2 = -0.29641
  -- 4 : 3 = 0.293868
  -- 4 : 4 = -0.00394839
  -- 5 : 1 = -0.728508
  -- 5 : 2 = 0.19835
  -- 5 : 3 = 0.0980579
  -- 5 : 4 = -0.0147823
  -- 6 : 1 = -1
  -- 6 : 2 = -0.165888
  -- 6 : 3 = -0.0554496
  -- 6 : 4 = -0.0466555
  -- 7 : 1 = 0.530877
  -- 7 : 2 = -0.281977
  -- 7 : 3 = 0.073244
  -- 7 : 4 = 0.349522
  -- 8 : 1 = 0.497912
  -- 8 : 2 = 0.174221
  -- 8 : 3 = -0.115042
  -- 8 : 4 = -0.186014
  -- 9 : 1 = 0.167675
  -- 9 : 2 = -0.195216
  -- 9 : 3 = -0.0841659
  -- 9 : 4 = 0.185131
  -- 10 : 1 = -0.152132
  -- 10 : 2 = 0.278157
  -- 10 : 3 = -0.0975012
  -- 10 : 4 = -0.0476231
  Inner Net 3
  -- 1 : 1 = -0.713308
  -- 1 : 2 = 0.104224
  -- 2 : 1 = 0.45499
  -- 2 : 2 = 0.157919
  -- 3 : 1 = 0.278963
  -- 3 : 2 = 0.0465092
  -- 4 : 1 = 0.28393
  -- 4 : 2 = 0.0484832
Out\Act	False		True
False	0.173727	0.668253	0.84198
True	0.0223703	0.13565	0.15802
	0.196097	0.803903
	Accuracy [ (tp + tn) / testSize ]: 0.309376
	Precision [ tp / (tp + fp) ]:      0.168639
	Sensitivity [ tp / (tp + fn) ]:    0.855856
	Specificity [ tn / (tn + fp) ]:    0.206215
	F-Score [ 2tp / (2tp + fp + fn) ]: 0.281899
Particle (43):: Fit: 45.1441	PB: 45.1441	LB: 45.1441	GB: 49.6682	Conf: 0.0966171	Pts: 250632
Particle (20):: Fit: 46.2907	PB: 46.2907	LB: 46.2907	GB: 49.6682	Conf: 0.366014	Pts: 270822
Particle (49):: Fit: 24.5745	PB: 24.5745	LB: 46.3844	GB: 49.6682	Conf: 0.983451	Pts: 120403
Particle (33):: Fit: 24.5781	PB: 24.5781	LB: 35.1664	GB: 49.6682	Conf: 0.970355	Pts: 105297
Particle (24):: Fit: 49.1467	PB: 49.1467	LB: 49.1467	GB: 49.6682	Conf: 0.0649745	Pts: 190793
Particle (22):: Fit: 36.252	PB: 36.252	LB: 49.1467	GB: 49.6682	Conf: 0.155784	Pts: 115389
Particle (47):: Fit: 24.4602	PB: 24.4602	LB: 46.3844	GB: 49.6682	Conf: 0.643185	Pts: 50487
Particle (41):: Fit: 32.2803	PB: 32.2803	LB: 45.1441	GB: 49.6682	Conf: 0.15121	Pts: 50365
Particle (41):: Fit: 34.7805	PB: 34.7805	LB: 45.1441	GB: 49.6682	Conf: 0.170294	Pts: 50464
Particle (41):: Fit: 42.0705	PB: 42.0705	LB: 45.1441	GB: 49.6682	Conf: 0.143629	Pts: 60562
Particle (49):: Fit: 24.5746	PB: 24.5746	LB: 46.3844	GB: 49.6682	Conf: 0.984954	Pts: 120465
Particle (12):: Fit: 24.4646	PB: 24.4646	LB: 49.6682	GB: 49.6682	Conf: 0.647846	Pts: 60161
Particle (9):: Fit: 24.5884	PB: 24.5884	LB: 49.6682	GB: 49.6682	Conf: 0.899351	Pts: 155544
Particle (20):: Fit: 47.1289	PB: 47.1289	LB: 49.1467	GB: 49.6682	Conf: 0.239846	Pts: 275841
Particle (23):: Fit: 24.2688	PB: 24.2688	LB: 49.1467	GB: 49.6682	Conf: 0.510493	Pts: 60338
Particle (33):: Fit: 25.1963	PB: 25.1963	LB: 35.1664	GB: 49.6682	Conf: 0.972084	Pts: 110328
Particle (12):: Fit: 24.4705	PB: 24.4705	LB: 49.6682	GB: 49.6682	Conf: 0.652309	Pts: 60216
Particle (48):: Fit: 24.562	PB: 24.562	LB: 46.3844	GB: 49.6682	Conf: 0.78996	Pts: 50908
Particle (20):: Fit: 49.3955	PB: 49.3955	LB: 49.3955	GB: 49.6682	Conf: 0.362597	Pts: 310894
Particle (49):: Fit: 24.5958	PB: 24.5958	LB: 46.3844	GB: 49.6682	Conf: 0.962087	Pts: 120483
Particle (22):: Fit: 40.6718	PB: 40.6718	LB: 49.3955	GB: 49.6682	Conf: 0.0914221	Pts: 115358
Particle (22):: Fit: 40.8948	PB: 40.8948	LB: 49.3955	GB: 49.6682	Conf: 0.172307	Pts: 115453
Particle (43):: Fit: 45.1617	PB: 45.1617	LB: 45.1617	GB: 49.6682	Conf: 0.11173	Pts: 290471
Particle (22):: Fit: 45.5054	PB: 45.5054	LB: 49.3955	GB: 49.6682	Conf: 0.131556	Pts: 115453
Particle (47):: Fit: 25.2817	PB: 25.2817	LB: 46.3844	GB: 49.6682	Conf: 0.641747	Pts: 50343
Particle (21):: Fit: 44.3821	PB: 44.3821	LB: 49.3955	GB: 49.6682	Conf: 0.0919937	Pts: 225109
Particle (23):: Fit: 24.2698	PB: 24.2698	LB: 49.3955	GB: 49.6682	Conf: 0.510954	Pts: 60217
Particle (48):: Fit: 24.566	PB: 24.566	LB: 46.3844	GB: 49.6682	Conf: 0.782214	Pts: 50790
Particle (20):: Fit: 52.5887	PB: 52.5887	LB: 52.5887	GB: 52.5887	Conf: 0.280047	Pts: 370787
Global: 52.5887 - Correct: 90% of 10 tests
Global Best: 
  Inner Net 1
  -- 1 : 1 = 0.247861
  -- 1 : 2 = 0.0333778
  -- 1 : 3 = -0.0484299
  -- 1 : 4 = 0.0452706
  -- 1 : 5 = 0.777447
  -- 1 : 6 = 0.0630155
  -- 1 : 7 = -0.199736
  -- 1 : 8 = -0.0202257
  -- 1 : 9 = 0.175099
  -- 1 : 10 = -0.315472
  -- 2 : 1 = 0.664512
  -- 2 : 2 = -0.414672
  -- 2 : 3 = 0.0132422
  -- 2 : 4 = 0.0234863
  -- 2 : 5 = 0.00734333
  -- 2 : 6 = -0.265741
  -- 2 : 7 = -0.306454
  -- 2 : 8 = 0.0422861
  -- 2 : 9 = 0.0775419
  -- 2 : 10 = 0.144918
  -- 3 : 1 = -0.0235053
  -- 3 : 2 = 0.238174
  -- 3 : 3 = 0.0968839
  -- 3 : 4 = 0.359594
  -- 3 : 5 = -0.366248
  -- 3 : 6 = -0.2695
  -- 3 : 7 = -0.0830592
  -- 3 : 8 = -0.133757
  -- 3 : 9 = 0.190724
  -- 3 : 10 = -0.40435
  -- 4 : 1 = 0.420538
  -- 4 : 2 = 0.0103934
  -- 4 : 3 = -0.0910066
  -- 4 : 4 = 0.0656808
  -- 4 : 5 = -0.0392423
  -- 4 : 6 = -0.210224
  -- 4 : 7 = 0.295206
  -- 4 : 8 = 0.166053
  -- 4 : 9 = 0.00857396
  -- 4 : 10 = 0.0330287
  -- 5 : 1 = 0.313444
  -- 5 : 2 = 0.434349
  -- 5 : 3 = -0.435436
  -- 5 : 4 = -0.294085
  -- 5 : 5 = 0.369863
  -- 5 : 6 = -0.186214
  -- 5 : 7 = -0.228239
  -- 5 : 8 = -0.0312965
  -- 5 : 9 = -0.0267851
  -- 5 : 10 = 0.0553525
  -- 6 : 1 = 0.100835
  -- 6 : 2 = -0.375402
  -- 6 : 3 = -0.125496
  -- 6 : 4 = -0.0220458
  -- 6 : 5 = 0.436901
  -- 6 : 6 = 0.110465
  -- 6 : 7 = 0.420466
  -- 6 : 8 = -0.0170824
  -- 6 : 9 = 0.344035
  -- 6 : 10 = 0.0322305
  -- 7 : 1 = -0.0755205
  -- 7 : 2 = 0.05513
  -- 7 : 3 = -0.0407176
  -- 7 : 4 = 0.0242144
  -- 7 : 5 = 0.47009
  -- 7 : 6 = 0.503989
  -- 7 : 7 = -0.0897459
  -- 7 : 8 = 0.141812
  -- 7 : 9 = -0.211758
  -- 7 : 10 = 0.0523483
  -- 8 : 1 = -0.5
  -- 8 : 2 = -0.193431
  -- 8 : 3 = -0.0275607
  -- 8 : 4 = 0.475076
  -- 8 : 5 = -0.0803713
  -- 8 : 6 = 0.104722
  -- 8 : 7 = 0.151579
  -- 8 : 8 = 0.108021
  -- 8 : 9 = -0.435773
  -- 8 : 10 = -0.521697
  -- 9 : 1 = 0.685097
  -- 9 : 2 = -0.213727
  -- 9 : 3 = -0.0436538
  -- 9 : 4 = -0.138198
  -- 9 : 5 = 0.364998
  -- 9 : 6 = 0.193759
  -- 9 : 7 = 0.219208
  -- 9 : 8 = -0.51746
  -- 9 : 9 = -0.237386
  -- 9 : 10 = -0.231904
  -- 10 : 1 = 0.363626
  -- 10 : 2 = 0.0782181
  -- 10 : 3 = -0.48746
  -- 10 : 4 = 0.137088
  -- 10 : 5 = -0.0390195
  -- 10 : 6 = -0.129776
  -- 10 : 7 = -0.192759
  -- 10 : 8 = -0.345191
  -- 10 : 9 = 0.260695
  -- 10 : 10 = 0.16385
  Inner Net 2
  -- 1 : 1 = -0.439123
  -- 1 : 2 = -0.207191
  -- 1 : 3 = 0.363156
  -- 1 : 4 = -0.132283
  -- 2 : 1 = 0.147263
  -- 2 : 2 = 0.354972
  -- 2 : 3 = -0.0454477
  -- 2 : 4 = -0.0830618
  -- 3 : 1 = 0.670694
  -- 3 : 2 = 0.00699163
  -- 3 : 3 = 0.0740152
  -- 3 : 4 = -0.106191
  -- 4 : 1 = -0.782327
  -- 4 : 2 = 0.0360337
  -- 4 : 3 = 0.105598
  -- 4 : 4 = 0.272375
  -- 5 : 1 = -0.75004
  -- 5 : 2 = 0.0747094
  -- 5 : 3 = 0.0708431
  -- 5 : 4 = -0.194413
  -- 6 : 1 = 0.0750019
  -- 6 : 2 = -0.182133
  -- 6 : 3 = -0.0460697
  -- 6 : 4 = -0.424488
  -- 7 : 1 = 0.459664
  -- 7 : 2 = 0.25594
  -- 7 : 3 = -0.026589
  -- 7 : 4 = -0.103081
  -- 8 : 1 = 0.5
  -- 8 : 2 = 0.210808
  -- 8 : 3 = 0.300376
  -- 8 : 4 = 0.148225
  -- 9 : 1 = 0.143953
  -- 9 : 2 = 0.0402287
  -- 9 : 3 = 0.235229
  -- 9 : 4 = -0.223515
  -- 10 : 1 = 0.0272461
  -- 10 : 2 = 0.0790653
  -- 10 : 3 = -0.341296
  -- 10 : 4 = 0.0523537
  Inner Net 3
  -- 1 : 1 = -0.741031
  -- 1 : 2 = -0.221123
  -- 2 : 1 = -0.149426
  -- 2 : 2 = -0.12372
  -- 3 : 1 = 0.282429
  -- 3 : 2 = -0.0911485
  -- 4 : 1 = 0.787319
  -- 4 : 2 = 0.150268
Out\Act	False		True
False	0.265112	0.576868	0.84198
True	0.0371252	0.120895	0.15802
	0.302237	0.697763
	Accuracy [ (tp + tn) / testSize ]: 0.386007
	Precision [ tp / (tp + fp) ]:      0.173142
	Sensitivity [ tp / (tp + fn) ]:    0.762763
	Specificity [ tn / (tn + fp) ]:    0.314689
	F-Score [ 2tp / (2tp + fp + fn) ]: 0.282379
Particle (38):: Fit: 23.8883	PB: 23.8883	LB: 45.1617	GB: 52.5887	Conf: 0.341885	Pts: 59787
Particle (7):: Fit: 24.5853	PB: 24.5853	LB: 47.8936	GB: 52.5887	Conf: 0.86599	Pts: 70226
Particle (38):: Fit: 23.8906	PB: 23.8906	LB: 45.1617	GB: 52.5887	Conf: 0.342594	Pts: 59814
Particle (13):: Fit: 51.7533	PB: 51.7533	LB: 51.7533	GB: 52.5887	Conf: 0.125188	Pts: 270197
Particle (41):: Fit: 47.2462	PB: 47.2462	LB: 47.2462	GB: 52.5887	Conf: 0.181674	Pts: 110277
Particle (44):: Fit: 24.5761	PB: 24.5761	LB: 47.2462	GB: 52.5887	Conf: 0.822086	Pts: 109869
Particle (40):: Fit: 24.5841	PB: 24.5841	LB: 47.2462	GB: 52.5887	Conf: 0.863355	Pts: 74769
Particle (40):: Fit: 24.5843	PB: 24.5843	LB: 47.2462	GB: 52.5887	Conf: 0.863756	Pts: 74855
Particle (40):: Fit: 24.5849	PB: 24.5849	LB: 47.2462	GB: 52.5887	Conf: 0.865013	Pts: 74943
Particle (7):: Fit: 24.8987	PB: 24.8987	LB: 47.8936	GB: 52.5887	Conf: 0.86696	Pts: 70242
Particle (9):: Fit: 24.5887	PB: 24.5887	LB: 51.7533	GB: 52.5887	Conf: 0.896554	Pts: 155234
Particle (37):: Fit: 25.1717	PB: 25.1717	LB: 47.2462	GB: 52.5887	Conf: 0.787629	Pts: 99524
Particle (12):: Fit: 24.474	PB: 24.474	LB: 51.7533	GB: 52.5887	Conf: 0.654989	Pts: 59897
Particle (44):: Fit: 24.9065	PB: 24.9065	LB: 47.2462	GB: 52.5887	Conf: 0.820744	Pts: 109879
Particle (23):: Fit: 24.2698	PB: 24.2698	LB: 52.5887	GB: 52.5887	Conf: 0.510974	Pts: 60030
Particle (23):: Fit: 24.2732	PB: 24.2732	LB: 52.5887	GB: 52.5887	Conf: 0.51253	Pts: 60119
Particle (29):: Fit: 23.3582	PB: 23.3582	LB: 25.1963	GB: 52.5887	Conf: 0.167865	Pts: 84555
Particle (40):: Fit: 25.64	PB: 25.64	LB: 47.2462	GB: 52.5887	Conf: 0.858206	Pts: 74731
Particle (35):: Fit: 37.7332	PB: 37.7332	LB: 37.7332	GB: 52.5887	Conf: 0.387706	Pts: 219279
Particle (29):: Fit: 23.681	PB: 23.681	LB: 25.1963	GB: 52.5887	Conf: 0.180581	Pts: 84618
Particle (12):: Fit: 46.5664	PB: 46.5664	LB: 51.7533	GB: 52.5887	Conf: 0.517434	Pts: 59706
Particle (38):: Fit: 23.8931	PB: 23.8931	LB: 47.2462	GB: 52.5887	Conf: 0.343377	Pts: 59492
Particle (42):: Fit: 24.9153	PB: 24.9153	LB: 47.2462	GB: 52.5887	Conf: 0.871047	Pts: 139416
Particle (14):: Fit: 24.4566	PB: 24.4566	LB: 51.7533	GB: 52.5887	Conf: 0.448979	Pts: 79073
Particle (9):: Fit: 24.5958	PB: 24.5958	LB: 51.7533	GB: 52.5887	Conf: 0.888488	Pts: 154837
Particle (23):: Fit: 24.274	PB: 24.274	LB: 52.5887	GB: 52.5887	Conf: 0.513117	Pts: 59796
Particle (1):: Fit: 49.7486	PB: 49.7486	LB: 49.7486	GB: 52.5887	Conf: 0.192071	Pts: 365090
Particle (38):: Fit: 23.8932	PB: 23.8932	LB: 47.2462	GB: 52.5887	Conf: 0.343421	Pts: 59375
Particle (48):: Fit: 24.5672	PB: 24.5672	LB: 49.7486	GB: 52.5887	Conf: 0.783742	Pts: 50161
Particle (48):: Fit: 24.8813	PB: 24.8813	LB: 49.7486	GB: 52.5887	Conf: 0.762339	Pts: 50225
Particle (43):: Fit: 45.2397	PB: 45.2397	LB: 47.2462	GB: 52.5887	Conf: 0.0867226	Pts: 289670
Particle (28):: Fit: 24.3672	PB: 24.3672	LB: 49.1467	GB: 52.5887	Conf: 0.570719	Pts: 59266
Particle (43):: Fit: 45.2541	PB: 45.2541	LB: 47.2462	GB: 52.5887	Conf: 0.129406	Pts: 289752
Particle (16):: Fit: 40.2124	PB: 40.2124	LB: 52.5887	GB: 52.5887	Conf: 0.313376	Pts: 73976
Particle (49):: Fit: 25.1984	PB: 25.1984	LB: 49.7486	GB: 52.5887	Conf: 0.972467	Pts: 119502
Particle (1):: Fit: 51.6287	PB: 51.6287	LB: 51.6287	GB: 52.5887	Conf: 0.116762	Pts: 414876
Particle (28):: Fit: 24.3941	PB: 24.3941	LB: 49.1467	GB: 52.5887	Conf: 0.585943	Pts: 59159
Particle (43):: Fit: 51.3663	PB: 51.3663	LB: 51.3663	GB: 52.5887	Conf: 0.0848593	Pts: 329592
Particle (33):: Fit: 25.6457	PB: 25.6457	LB: 37.7332	GB: 52.5887	Conf: 0.971691	Pts: 113867
Particle (44):: Fit: 24.9136	PB: 24.9136	LB: 51.3663	GB: 52.5887	Conf: 0.838857	Pts: 108857
Particle (22):: Fit: 50.796	PB: 50.796	LB: 52.5887	GB: 52.5887	Conf: 0.200824	Pts: 124099
Particle (28):: Fit: 24.3956	PB: 24.3956	LB: 49.1467	GB: 52.5887	Conf: 0.575472	Pts: 58864
Particle (14):: Fit: 24.9496	PB: 24.9496	LB: 51.7533	GB: 52.5887	Conf: 0.452755	Pts: 78284
Particle (48):: Fit: 24.8856	PB: 24.8856	LB: 51.6287	GB: 52.5887	Conf: 0.765855	Pts: 49511
Particle (15):: Fit: 32.4818	PB: 32.4818	LB: 52.5887	GB: 52.5887	Conf: 0.345731	Pts: 53039
Particle (21):: Fit: 44.4732	PB: 44.4732	LB: 52.5887	GB: 52.5887	Conf: 0.123132	Pts: 223084
Particle (0):: Fit: 40.8844	PB: 40.8844	LB: 51.6287	GB: 52.5887	Conf: 0.754807	Pts: 157371
Particle (8):: Fit: 49.5159	PB: 49.5159	LB: 51.7533	GB: 52.5887	Conf: 0.0244214	Pts: 192994
Particle (29):: Fit: 23.8929	PB: 23.8929	LB: 25.6457	GB: 52.5887	Conf: 0.172103	Pts: 83054
Particle (20):: Fit: 54.0287	PB: 54.0287	LB: 54.0287	GB: 54.0287	Conf: 0.302539	Pts: 428476
Global: 54.0287 - Correct: 92.8571% of 14 tests
Global Best: 
  Inner Net 1
  -- 1 : 1 = 0.343158
  -- 1 : 2 = 0.232528
  -- 1 : 3 = -0.0552292
  -- 1 : 4 = 0.191715
  -- 1 : 5 = 0.292154
  -- 1 : 6 = 0.119518
  -- 1 : 7 = -0.237806
  -- 1 : 8 = 0.209663
  -- 1 : 9 = 0.373069
  -- 1 : 10 = -0.531282
  -- 2 : 1 = 0.656625
  -- 2 : 2 = -0.523738
  -- 2 : 3 = 0.0473326
  -- 2 : 4 = -0.0296725
  -- 2 : 5 = 0.0105616
  -- 2 : 6 = -0.392418
  -- 2 : 7 = 0.0469196
  -- 2 : 8 = 0.0235912
  -- 2 : 9 = -0.414061
  -- 2 : 10 = -0.209006
  -- 3 : 1 = -0.0236486
  -- 3 : 2 = -0.0270486
  -- 3 : 3 = -0.175569
  -- 3 : 4 = 0.398643
  -- 3 : 5 = -0.264276
  -- 3 : 6 = 0.0570259
  -- 3 : 7 = -0.0434233
  -- 3 : 8 = 0.0447812
  -- 3 : 9 = 0.33448
  -- 3 : 10 = -0.118823
  -- 4 : 1 = 0.138334
  -- 4 : 2 = -0.268413
  -- 4 : 3 = 0.054685
  -- 4 : 4 = 0.00373409
  -- 4 : 5 = -0.041613
  -- 4 : 6 = -0.0124849
  -- 4 : 7 = -0.0393741
  -- 4 : 8 = -0.183702
  -- 4 : 9 = 2.8101e-005
  -- 4 : 10 = 0.131807
  -- 5 : 1 = 0.488876
  -- 5 : 2 = 0.306699
  -- 5 : 3 = 0.0142251
  -- 5 : 4 = -0.261573
  -- 5 : 5 = -0.224152
  -- 5 : 6 = 0.029945
  -- 5 : 7 = 0.242184
  -- 5 : 8 = -0.133759
  -- 5 : 9 = 0.256642
  -- 5 : 10 = 0.0639262
  -- 6 : 1 = 0.136693
  -- 6 : 2 = 0.15833
  -- 6 : 3 = -0.150258
  -- 6 : 4 = -0.0922379
  -- 6 : 5 = 0.162883
  -- 6 : 6 = -0.0686095
  -- 6 : 7 = 0.289771
  -- 6 : 8 = 0.00832551
  -- 6 : 9 = 0.188294
  -- 6 : 10 = 0.0388141
  -- 7 : 1 = -0.0784704
  -- 7 : 2 = -0.142156
  -- 7 : 3 = -0.0655446
  -- 7 : 4 = -0.13424
  -- 7 : 5 = 0.400679
  -- 7 : 6 = -0.0520045
  -- 7 : 7 = -0.316081
  -- 7 : 8 = 0.22429
  -- 7 : 9 = 0.00552849
  -- 7 : 10 = 0.330777
  -- 8 : 1 = -0.686868
  -- 8 : 2 = -0.0711513
  -- 8 : 3 = -0.103332
  -- 8 : 4 = -0.0597452
  -- 8 : 5 = -0.057814
  -- 8 : 6 = 0.0307272
  -- 8 : 7 = 0.350593
  -- 8 : 8 = 0.0446677
  -- 8 : 9 = -0.159498
  -- 8 : 10 = -0.45094
  -- 9 : 1 = 0.685095
  -- 9 : 2 = -0.13769
  -- 9 : 3 = -0.0668403
  -- 9 : 4 = 0.133979
  -- 9 : 5 = -0.0125944
  -- 9 : 6 = 0.0402576
  -- 9 : 7 = -0.24966
  -- 9 : 8 = -0.456005
  -- 9 : 9 = 0.0250282
  -- 9 : 10 = -0.274294
  -- 10 : 1 = 0.355903
  -- 10 : 2 = 0.0397581
  -- 10 : 3 = -0.511138
  -- 10 : 4 = 0.128799
  -- 10 : 5 = -0.130026
  -- 10 : 6 = 0.23017
  -- 10 : 7 = 0.101928
  -- 10 : 8 = -0.0236143
  -- 10 : 9 = 0.303192
  -- 10 : 10 = -0.135881
  Inner Net 2
  -- 1 : 1 = -0.424741
  -- 1 : 2 = -0.365246
  -- 1 : 3 = -0.0704655
  -- 1 : 4 = 0.170099
  -- 2 : 1 = 0.147266
  -- 2 : 2 = 0.129026
  -- 2 : 3 = -0.194244
  -- 2 : 4 = -0.0224671
  -- 3 : 1 = 0.717542
  -- 3 : 2 = 0.0171458
  -- 3 : 3 = -0.0434428
  -- 3 : 4 = -0.30976
  -- 4 : 1 = -0.827831
  -- 4 : 2 = 0.0680715
  -- 4 : 3 = -0.137792
  -- 4 : 4 = 0.504882
  -- 5 : 1 = -0.750077
  -- 5 : 2 = -0.0233302
  -- 5 : 3 = -0.266717
  -- 5 : 4 = -0.424822
  -- 6 : 1 = 0.0608519
  -- 6 : 2 = -0.0854086
  -- 6 : 3 = 0.0865259
  -- 6 : 4 = -0.175936
  -- 7 : 1 = 0.459946
  -- 7 : 2 = 0.374365
  -- 7 : 3 = 0.0216085
  -- 7 : 4 = -0.276613
  -- 8 : 1 = 0.784968
  -- 8 : 2 = 0.272371
  -- 8 : 3 = -0.257965
  -- 8 : 4 = -0.115013
  -- 9 : 1 = 0.208786
  -- 9 : 2 = 0.0716691
  -- 9 : 3 = 0.212427
  -- 9 : 4 = -0.216278
  -- 10 : 1 = 0.0275937
  -- 10 : 2 = -0.167215
  -- 10 : 3 = -0.413702
  -- 10 : 4 = 0.279983
  Inner Net 3
  -- 1 : 1 = -0.741031
  -- 1 : 2 = -0.221123
  -- 2 : 1 = -0.149426
  -- 2 : 2 = -0.12372
  -- 3 : 1 = 0.282429
  -- 3 : 2 = -0.0911485
  -- 4 : 1 = 0.787319
  -- 4 : 2 = 0.150268
Out\Act	False		True
False	0.0847216	0.757258	0.84198
True	0.00428367	0.153736	0.15802
	0.0890052	0.910995
	Accuracy [ (tp + tn) / testSize ]: 0.238458
	Precision [ tp / (tp + fp) ]:      0.168668
	Sensitivity [ tp / (tp + fn) ]:    0.96997
	Specificity [ tn / (tn + fp) ]:    0.100565
	F-Score [ 2tp / (2tp + fp + fn) ]: 0.287494
Particle (38):: Fit: 23.9102	PB: 23.9102	LB: 51.3663	GB: 54.0287	Conf: 0.357403	Pts: 57773
Particle (44):: Fit: 24.9257	PB: 24.9257	LB: 51.3663	GB: 54.0287	Conf: 0.816603	Pts: 107864
Particle (13):: Fit: 52.3498	PB: 52.3498	LB: 52.3498	GB: 54.0287	Conf: 0.080766	Pts: 302938
Particle (38):: Fit: 26.2888	PB: 26.2888	LB: 51.3663	GB: 54.0287	Conf: 0.260011	Pts: 57770
Particle (16):: Fit: 42.9692	PB: 42.9692	LB: 54.0287	GB: 54.0287	Conf: 0.453685	Pts: 72359
Particle (11):: Fit: 35.148	PB: 35.148	LB: 52.3498	GB: 54.0287	Conf: 0.568189	Pts: 146780
Particle (9):: Fit: 25.4337	PB: 25.4337	LB: 52.3498	GB: 54.0287	Conf: 0.901508	Pts: 152847
Particle (28):: Fit: 24.6415	PB: 24.6415	LB: 49.1467	GB: 54.0287	Conf: 0.549388	Pts: 57597
Particle (49):: Fit: 25.6438	PB: 25.6438	LB: 51.6287	GB: 54.0287	Conf: 0.982017	Pts: 117678
Particle (11):: Fit: 38.2496	PB: 38.2496	LB: 52.3498	GB: 54.0287	Conf: 0.667786	Pts: 146737
Particle (21):: Fit: 47.8689	PB: 47.8689	LB: 54.0287	GB: 54.0287	Conf: 0.0661671	Pts: 222336
Particle (1):: Fit: 51.6985	PB: 51.6985	LB: 51.6985	GB: 54.0287	Conf: 0.400715	Pts: 463115
Particle (38):: Fit: 36.3274	PB: 36.3274	LB: 51.3663	GB: 54.0287	Conf: 0.297451	Pts: 57255
Particle (34):: Fit: 25.0853	PB: 25.0853	LB: 37.7332	GB: 54.0287	Conf: 0.672567	Pts: 166641
Particle (8):: Fit: 49.5239	PB: 49.5239	LB: 52.3498	GB: 54.0287	Conf: 0.0283706	Pts: 201923
Particle (23):: Fit: 24.2751	PB: 24.2751	LB: 54.0287	GB: 54.0287	Conf: 0.513347	Pts: 57309
Particle (28):: Fit: 51.1298	PB: 51.1298	LB: 51.1298	GB: 54.0287	Conf: 0.453564	Pts: 97136
Particle (11):: Fit: 40.7541	PB: 40.7541	LB: 52.3498	GB: 54.0287	Conf: 0.560766	Pts: 146254
Particle (37):: Fit: 25.172	PB: 25.172	LB: 47.2462	GB: 54.0287	Conf: 0.788017	Pts: 96265
Particle (38):: Fit: 36.3407	PB: 36.3407	LB: 51.3663	GB: 54.0287	Conf: 0.300188	Pts: 56877
Particle (15):: Fit: 32.5014	PB: 32.5014	LB: 54.0287	GB: 54.0287	Conf: 0.359861	Pts: 51336
Particle (38):: Fit: 50.7496	PB: 50.7496	LB: 51.3663	GB: 54.0287	Conf: 0.313999	Pts: 81280
Particle (23):: Fit: 24.5741	PB: 24.5741	LB: 54.0287	GB: 54.0287	Conf: 0.507671	Pts: 56193
Particle (7):: Fit: 24.9154	PB: 24.9154	LB: 49.5239	GB: 54.0287	Conf: 0.852095	Pts: 65988
Particle (15):: Fit: 37.2436	PB: 37.2436	LB: 54.0287	GB: 54.0287	Conf: 0.183755	Pts: 50540
Particle (29):: Fit: 24.1015	PB: 24.1015	LB: 51.1298	GB: 54.0287	Conf: 0.171367	Pts: 80625
Particle (14):: Fit: 25.1201	PB: 25.1201	LB: 52.3498	GB: 54.0287	Conf: 0.444987	Pts: 75149
Particle (49):: Fit: 25.6439	PB: 25.6439	LB: 51.6985	GB: 54.0287	Conf: 0.984243	Pts: 115842
Particle (8):: Fit: 49.7639	PB: 49.7639	LB: 52.3498	GB: 54.0287	Conf: 0.0442028	Pts: 210461
Particle (44):: Fit: 25.185	PB: 25.185	LB: 51.3663	GB: 54.0287	Conf: 0.820842	Pts: 105461
Particle (1):: Fit: 52.6061	PB: 52.6061	LB: 52.6061	GB: 54.0287	Conf: 0.289279	Pts: 510886
Particle (42):: Fit: 24.9191	PB: 24.9191	LB: 51.3663	GB: 54.0287	Conf: 0.881822	Pts: 134792
Particle (45):: Fit: 25.6474	PB: 25.6474	LB: 51.3663	GB: 54.0287	Conf: 0.896019	Pts: 99670
Particle (21):: Fit: 51.2055	PB: 51.2055	LB: 54.0287	GB: 54.0287	Conf: 0.0423583	Pts: 224132
Particle (47):: Fit: 25.2849	PB: 25.2849	LB: 52.6061	GB: 54.0287	Conf: 0.637627	Pts: 43976
Particle (7):: Fit: 25.1937	PB: 25.1937	LB: 49.7639	GB: 54.0287	Conf: 0.850615	Pts: 64109
Particle (5):: Fit: 44.4341	PB: 44.4341	LB: 52.6061	GB: 54.0287	Conf: 0.231815	Pts: 68348
Particle (8):: Fit: 53.3767	PB: 53.3767	LB: 53.3767	GB: 54.0287	Conf: 0.0280516	Pts: 258569
Particle (23):: Fit: 24.5803	PB: 24.5803	LB: 54.0287	GB: 54.0287	Conf: 0.509719	Pts: 53804
Particle (7):: Fit: 25.4367	PB: 25.4367	LB: 53.3767	GB: 54.0287	Conf: 0.858632	Pts: 63649
Particle (41):: Fit: 48.2564	PB: 48.2564	LB: 51.3663	GB: 54.0287	Conf: 0.0927824	Pts: 103124
Particle (29):: Fit: 40.8087	PB: 40.8087	LB: 51.1298	GB: 54.0287	Conf: 0.152898	Pts: 78102
Particle (1):: Fit: 53.1141	PB: 53.1141	LB: 53.1141	GB: 54.0287	Conf: 0.492655	Pts: 543806
Particle (11):: Fit: 48.9622	PB: 48.9622	LB: 53.3767	GB: 54.0287	Conf: 0.61193	Pts: 141954
Particle (23):: Fit: 25.0707	PB: 25.0707	LB: 54.0287	GB: 54.0287	Conf: 0.51041	Pts: 52927
Particle (5):: Fit: 44.9133	PB: 44.9133	LB: 53.3767	GB: 54.0287	Conf: 0.231108	Pts: 67115
Particle (48):: Fit: 24.8861	PB: 24.8861	LB: 53.1141	GB: 54.0287	Conf: 0.767314	Pts: 42570
Particle (42):: Fit: 24.9237	PB: 24.9237	LB: 51.3663	GB: 54.0287	Conf: 0.870259	Pts: 130945
Particle (37):: Fit: 25.1721	PB: 25.1721	LB: 50.7496	GB: 54.0287	Conf: 0.788097	Pts: 90295
Particle (44):: Fit: 25.628	PB: 25.628	LB: 51.3663	GB: 54.0287	Conf: 0.820501	Pts: 99855
Particle (14):: Fit: 25.1336	PB: 25.1336	LB: 52.3498	GB: 54.0287	Conf: 0.449897	Pts: 69178
Particle (45):: Fit: 25.6475	PB: 25.6475	LB: 51.3663	GB: 54.0287	Conf: 0.896274	Pts: 93702
Particle (32):: Fit: 32.3143	PB: 32.3143	LB: 51.1298	GB: 54.0287	Conf: 0.728714	Pts: 48047
Particle (47):: Fit: 25.4876	PB: 25.4876	LB: 53.1141	GB: 54.0287	Conf: 0.646027	Pts: 38351
Particle (35):: Fit: 37.8398	PB: 37.8398	LB: 50.7496	GB: 54.0287	Conf: 0.458793	Pts: 207278
Particle (13):: Fit: 53.1838	PB: 53.1838	LB: 53.1838	GB: 54.0287	Conf: 0.152169	Pts: 302806
Particle (24):: Fit: 49.7089	PB: 49.7089	LB: 54.0287	GB: 54.0287	Conf: 0.0504445	Pts: 177139
Particle (48):: Fit: 25.6068	PB: 25.6068	LB: 53.1141	GB: 54.0287	Conf: 0.778905	Pts: 37198
Particle (40):: Fit: 25.6418	PB: 25.6418	LB: 51.3663	GB: 54.0287	Conf: 0.863355	Pts: 60977
Particle (7):: Fit: 25.6387	PB: 25.6387	LB: 53.3767	GB: 54.0287	Conf: 0.851118	Pts: 56183
Particle (15):: Fit: 39.6017	PB: 39.6017	LB: 54.0287	GB: 54.0287	Conf: 0.319226	Pts: 40211
Particle (34):: Fit: 25.0855	PB: 25.0855	LB: 50.7496	GB: 54.0287	Conf: 0.673168	Pts: 153597
Particle (34):: Fit: 25.518	PB: 25.518	LB: 50.7496	GB: 54.0287	Conf: 0.672519	Pts: 153065
Particle (24):: Fit: 49.8325	PB: 49.8325	LB: 54.0287	GB: 54.0287	Conf: 0.0545167	Pts: 173309
Particle (23):: Fit: 25.0746	PB: 25.0746	LB: 54.0287	GB: 54.0287	Conf: 0.512369	Pts: 43076
Particle (24):: Fit: 51.0809	PB: 51.0809	LB: 54.0287	GB: 54.0287	Conf: 0.0461584	Pts: 172377
Particle (6):: Fit: 35.1363	PB: 35.1363	LB: 53.3767	GB: 54.0287	Conf: 0.377413	Pts: 54877
Particle (1):: Fit: 54.0799	PB: 54.0799	LB: 54.0799	GB: 54.0799	Conf: 0.120573	Pts: 591539
Global: 54.0799 - Correct: 94.1176% of 17 tests
Global Best: 
  Inner Net 1
  -- 1 : 1 = 0.316116
  -- 1 : 2 = 0.238421
  -- 1 : 3 = -0.0761741
  -- 1 : 4 = -0.0967008
  -- 1 : 5 = -0.0954936
  -- 1 : 6 = 0.378104
  -- 1 : 7 = 0.12385
  -- 1 : 8 = -0.0113821
  -- 1 : 9 = 0.0319247
  -- 1 : 10 = 0.21661
  -- 2 : 1 = 0.448489
  -- 2 : 2 = -0.273643
  -- 2 : 3 = -0.368268
  -- 2 : 4 = -0.0462616
  -- 2 : 5 = 0.178388
  -- 2 : 6 = -0.0272839
  -- 2 : 7 = -0.263207
  -- 2 : 8 = 0.330323
  -- 2 : 9 = 0.0734823
  -- 2 : 10 = -0.194603
  -- 3 : 1 = -0.162706
  -- 3 : 2 = -0.17348
  -- 3 : 3 = 0.0964532
  -- 3 : 4 = 0.0278954
  -- 3 : 5 = -0.235654
  -- 3 : 6 = -0.0719939
  -- 3 : 7 = -0.0470719
  -- 3 : 8 = -0.179653
  -- 3 : 9 = -0.00146736
  -- 3 : 10 = -0.232775
  -- 4 : 1 = 0.495966
  -- 4 : 2 = -0.289086
  -- 4 : 3 = -0.32015
  -- 4 : 4 = 0.0810723
  -- 4 : 5 = -0.0941597
  -- 4 : 6 = 6.86881e-005
  -- 4 : 7 = 0.130472
  -- 4 : 8 = 0.137404
  -- 4 : 9 = 0.0809658
  -- 4 : 10 = 0.0156419
  -- 5 : 1 = 0.364628
  -- 5 : 2 = -0.262472
  -- 5 : 3 = 0.00798597
  -- 5 : 4 = -0.13695
  -- 5 : 5 = -0.136202
  -- 5 : 6 = -0.214698
  -- 5 : 7 = -0.13909
  -- 5 : 8 = -0.0224371
  -- 5 : 9 = -0.261821
  -- 5 : 10 = 0.109087
  -- 6 : 1 = 0.0464381
  -- 6 : 2 = 0.0492234
  -- 6 : 3 = -0.0212103
  -- 6 : 4 = -0.179673
  -- 6 : 5 = 0.056514
  -- 6 : 6 = -0.224029
  -- 6 : 7 = -0.0375422
  -- 6 : 8 = -0.17161
  -- 6 : 9 = 0.169129
  -- 6 : 10 = 0.0477016
  -- 7 : 1 = 0.266225
  -- 7 : 2 = 0.146852
  -- 7 : 3 = -0.0126463
  -- 7 : 4 = -0.476053
  -- 7 : 5 = 0.00688889
  -- 7 : 6 = 0.355326
  -- 7 : 7 = 0.0837049
  -- 7 : 8 = -0.0734362
  -- 7 : 9 = 0.00204133
  -- 7 : 10 = 0.244864
  -- 8 : 1 = 0.108151
  -- 8 : 2 = 0.0344008
  -- 8 : 3 = 0.202763
  -- 8 : 4 = 0.0821722
  -- 8 : 5 = -0.0923356
  -- 8 : 6 = -0.256591
  -- 8 : 7 = 0.193851
  -- 8 : 8 = 0.0544219
  -- 8 : 9 = -0.383845
  -- 8 : 10 = 0.0250112
  -- 9 : 1 = -0.208186
  -- 9 : 2 = -0.203046
  -- 9 : 3 = 0.200792
  -- 9 : 4 = 0.148728
  -- 9 : 5 = -0.482322
  -- 9 : 6 = -0.315636
  -- 9 : 7 = -0.191314
  -- 9 : 8 = 0.228286
  -- 9 : 9 = 0.279933
  -- 9 : 10 = -0.0154164
  -- 10 : 1 = -0.267147
  -- 10 : 2 = 0.1671
  -- 10 : 3 = -0.123403
  -- 10 : 4 = -0.0616372
  -- 10 : 5 = 0.0603852
  -- 10 : 6 = 0.425265
  -- 10 : 7 = -0.306325
  -- 10 : 8 = -0.0980728
  -- 10 : 9 = -0.153618
  -- 10 : 10 = -0.343546
  Inner Net 2
  -- 1 : 1 = -0.352251
  -- 1 : 2 = 0.337869
  -- 1 : 3 = -0.0954191
  -- 1 : 4 = 0.281063
  -- 2 : 1 = 0.5
  -- 2 : 2 = 0.0549116
  -- 2 : 3 = 0.0394709
  -- 2 : 4 = 0.0522311
  -- 3 : 1 = -0.5
  -- 3 : 2 = 0.026985
  -- 3 : 3 = 0.326684
  -- 3 : 4 = 0.292015
  -- 4 : 1 = -0.841343
  -- 4 : 2 = -0.0493098
  -- 4 : 3 = -0.487345
  -- 4 : 4 = 0.130349
  -- 5 : 1 = -0.558468
  -- 5 : 2 = -0.27711
  -- 5 : 3 = -0.246719
  -- 5 : 4 = -0.212525
  -- 6 : 1 = -0.0161001
  -- 6 : 2 = -0.028035
  -- 6 : 3 = 0.203375
  -- 6 : 4 = 0.0385494
  -- 7 : 1 = 0.507512
  -- 7 : 2 = -0.00175131
  -- 7 : 3 = -0.440102
  -- 7 : 4 = 0.312078
  -- 8 : 1 = 0.729741
  -- 8 : 2 = 0.0145404
  -- 8 : 3 = 0.297831
  -- 8 : 4 = -0.207398
  -- 9 : 1 = -0.0570246
  -- 9 : 2 = 0.411912
  -- 9 : 3 = -0.329354
  -- 9 : 4 = 0.310225
  -- 10 : 1 = 0.0134893
  -- 10 : 2 = 0.192483
  -- 10 : 3 = -0.425601
  -- 10 : 4 = 0.512244
  Inner Net 3
  -- 1 : 1 = -0.247322
  -- 1 : 2 = 0.132599
  -- 2 : 1 = -0.45077
  -- 2 : 2 = -0.178489
  -- 3 : 1 = 0.346301
  -- 3 : 2 = 0.0309918
  -- 4 : 1 = 0.303219
  -- 4 : 2 = 0.0704395
Out\Act	False		True
False	0.112327	0.729653	0.84198
True	0.013803	0.144217	0.15802
	0.12613	0.87387
	Accuracy [ (tp + tn) / testSize ]: 0.256545
	Precision [ tp / (tp + fp) ]:      0.164943
	Sensitivity [ tp / (tp + fn) ]:    0.90991
	Specificity [ tn / (tn + fp) ]:    0.133333
	F-Score [ 2tp / (2tp + fp + fn) ]: 0.279391
Particle (42):: Fit: 25.1984	PB: 25.1984	LB: 51.3663	GB: 54.0799	Conf: 0.878962	Pts: 119816
Particle (42):: Fit: 25.4373	PB: 25.4373	LB: 51.3663	GB: 54.0799	Conf: 0.881209	Pts: 119875
Particle (22):: Fit: 51.2006	PB: 51.2006	LB: 54.0287	GB: 54.0799	Conf: 0.149828	Pts: 109699
Particle (34):: Fit: 25.519	PB: 25.519	LB: 50.7496	GB: 54.0799	Conf: 0.671525	Pts: 148355
Particle (6):: Fit: 37.6567	PB: 37.6567	LB: 53.3767	GB: 54.0799	Conf: 0.368676	Pts: 51931
Particle (44):: Fit: 25.6287	PB: 25.6287	LB: 51.3663	GB: 54.0799	Conf: 0.821271	Pts: 87731
Particle (37):: Fit: 25.5712	PB: 25.5712	LB: 50.7496	GB: 54.0799	Conf: 0.749832	Pts: 76261
Particle (44):: Fit: 25.6296	PB: 25.6296	LB: 51.3663	GB: 54.0799	Conf: 0.819134	Pts: 86843
Particle (42):: Fit: 25.4387	PB: 25.4387	LB: 51.3663	GB: 54.0799	Conf: 0.881196	Pts: 113609
Particle (12):: Fit: 46.9076	PB: 46.9076	LB: 53.3767	GB: 54.0799	Conf: 0.712577	Pts: 31181
Particle (29):: Fit: 45.2823	PB: 45.2823	LB: 51.1298	GB: 54.0799	Conf: 0.138278	Pts: 55890
Particle (6):: Fit: 40.3986	PB: 40.3986	LB: 53.3767	GB: 54.0799	Conf: 0.37371	Pts: 44249
Particle (3):: Fit: 32.1705	PB: 32.1705	LB: 54.0799	GB: 54.0799	Conf: 0.105184	Pts: 78971
Global Best: 
  Inner Net 1
  -- 1 : 1 = 0.316116
  -- 1 : 2 = 0.238421
  -- 1 : 3 = -0.0761741
  -- 1 : 4 = -0.0967008
  -- 1 : 5 = -0.0954936
  -- 1 : 6 = 0.378104
  -- 1 : 7 = 0.12385
  -- 1 : 8 = -0.0113821
  -- 1 : 9 = 0.0319247
  -- 1 : 10 = 0.21661
  -- 2 : 1 = 0.448489
  -- 2 : 2 = -0.273643
  -- 2 : 3 = -0.368268
  -- 2 : 4 = -0.0462616
  -- 2 : 5 = 0.178388
  -- 2 : 6 = -0.0272839
  -- 2 : 7 = -0.263207
  -- 2 : 8 = 0.330323
  -- 2 : 9 = 0.0734823
  -- 2 : 10 = -0.194603
  -- 3 : 1 = -0.162706
  -- 3 : 2 = -0.17348
  -- 3 : 3 = 0.0964532
  -- 3 : 4 = 0.0278954
  -- 3 : 5 = -0.235654
  -- 3 : 6 = -0.0719939
  -- 3 : 7 = -0.0470719
  -- 3 : 8 = -0.179653
  -- 3 : 9 = -0.00146736
  -- 3 : 10 = -0.232775
  -- 4 : 1 = 0.495966
  -- 4 : 2 = -0.289086
  -- 4 : 3 = -0.32015
  -- 4 : 4 = 0.0810723
  -- 4 : 5 = -0.0941597
  -- 4 : 6 = 6.86881e-005
  -- 4 : 7 = 0.130472
  -- 4 : 8 = 0.137404
  -- 4 : 9 = 0.0809658
  -- 4 : 10 = 0.0156419
  -- 5 : 1 = 0.364628
  -- 5 : 2 = -0.262472
  -- 5 : 3 = 0.00798597
  -- 5 : 4 = -0.13695
  -- 5 : 5 = -0.136202
  -- 5 : 6 = -0.214698
  -- 5 : 7 = -0.13909
  -- 5 : 8 = -0.0224371
  -- 5 : 9 = -0.261821
  -- 5 : 10 = 0.109087
  -- 6 : 1 = 0.0464381
  -- 6 : 2 = 0.0492234
  -- 6 : 3 = -0.0212103
  -- 6 : 4 = -0.179673
  -- 6 : 5 = 0.056514
  -- 6 : 6 = -0.224029
  -- 6 : 7 = -0.0375422
  -- 6 : 8 = -0.17161
  -- 6 : 9 = 0.169129
  -- 6 : 10 = 0.0477016
  -- 7 : 1 = 0.266225
  -- 7 : 2 = 0.146852
  -- 7 : 3 = -0.0126463
  -- 7 : 4 = -0.476053
  -- 7 : 5 = 0.00688889
  -- 7 : 6 = 0.355326
  -- 7 : 7 = 0.0837049
  -- 7 : 8 = -0.0734362
  -- 7 : 9 = 0.00204133
  -- 7 : 10 = 0.244864
  -- 8 : 1 = 0.108151
  -- 8 : 2 = 0.0344008
  -- 8 : 3 = 0.202763
  -- 8 : 4 = 0.0821722
  -- 8 : 5 = -0.0923356
  -- 8 : 6 = -0.256591
  -- 8 : 7 = 0.193851
  -- 8 : 8 = 0.0544219
  -- 8 : 9 = -0.383845
  -- 8 : 10 = 0.0250112
  -- 9 : 1 = -0.208186
  -- 9 : 2 = -0.203046
  -- 9 : 3 = 0.200792
  -- 9 : 4 = 0.148728
  -- 9 : 5 = -0.482322
  -- 9 : 6 = -0.315636
  -- 9 : 7 = -0.191314
  -- 9 : 8 = 0.228286
  -- 9 : 9 = 0.279933
  -- 9 : 10 = -0.0154164
  -- 10 : 1 = -0.267147
  -- 10 : 2 = 0.1671
  -- 10 : 3 = -0.123403
  -- 10 : 4 = -0.0616372
  -- 10 : 5 = 0.0603852
  -- 10 : 6 = 0.425265
  -- 10 : 7 = -0.306325
  -- 10 : 8 = -0.0980728
  -- 10 : 9 = -0.153618
  -- 10 : 10 = -0.343546
  Inner Net 2
  -- 1 : 1 = -0.352251
  -- 1 : 2 = 0.337869
  -- 1 : 3 = -0.0954191
  -- 1 : 4 = 0.281063
  -- 2 : 1 = 0.5
  -- 2 : 2 = 0.0549116
  -- 2 : 3 = 0.0394709
  -- 2 : 4 = 0.0522311
  -- 3 : 1 = -0.5
  -- 3 : 2 = 0.026985
  -- 3 : 3 = 0.326684
  -- 3 : 4 = 0.292015
  -- 4 : 1 = -0.841343
  -- 4 : 2 = -0.0493098
  -- 4 : 3 = -0.487345
  -- 4 : 4 = 0.130349
  -- 5 : 1 = -0.558468
  -- 5 : 2 = -0.27711
  -- 5 : 3 = -0.246719
  -- 5 : 4 = -0.212525
  -- 6 : 1 = -0.0161001
  -- 6 : 2 = -0.028035
  -- 6 : 3 = 0.203375
  -- 6 : 4 = 0.0385494
  -- 7 : 1 = 0.507512
  -- 7 : 2 = -0.00175131
  -- 7 : 3 = -0.440102
  -- 7 : 4 = 0.312078
  -- 8 : 1 = 0.729741
  -- 8 : 2 = 0.0145404
  -- 8 : 3 = 0.297831
  -- 8 : 4 = -0.207398
  -- 9 : 1 = -0.0570246
  -- 9 : 2 = 0.411912
  -- 9 : 3 = -0.329354
  -- 9 : 4 = 0.310225
  -- 10 : 1 = 0.0134893
  -- 10 : 2 = 0.192483
  -- 10 : 3 = -0.425601
  -- 10 : 4 = 0.512244
  Inner Net 3
  -- 1 : 1 = -0.247322
  -- 1 : 2 = 0.132599
  -- 2 : 1 = -0.45077
  -- 2 : 2 = -0.178489
  -- 3 : 1 = 0.346301
  -- 3 : 2 = 0.0309918
  -- 4 : 1 = 0.303219
  -- 4 : 2 = 0.0704395
Out\Act	False		True
False	0.112327	0.729653	0.84198
True	0.013803	0.144217	0.15802
	0.12613	0.87387
	Accuracy [ (tp + tn) / testSize ]: 0.256545
	Precision [ tp / (tp + fp) ]:      0.164943
	Sensitivity [ tp / (tp + fn) ]:    0.90991
	Specificity [ tn / (tn + fp) ]:    0.133333
	F-Score [ 2tp / (2tp + fp + fn) ]: 0.279391
