
Date / Time: Thu Mar 30 14:43:33 2017

   ****************************************
   * PSO Neural Net (Gaussian Activation) *
   *       by William Boler, BSCE         *
   *     Research Assistant, IUPUI        *
   *                                      *
   *  Professor: Dr. Lauren Christopher   *
   *     Created: March 13, 2017          *
   ****************************************


Inputs: 10
Inner Nets: 2
 - 10
 - 4
Tests per train(min): 10
Particles: 50
Neighbors: 10
Minimum Particle Iterations: 1000
Particle (0):: Fit: 5.41344	PB: 5.41344	LB: 5.41344	GB: 5.41344	Conf: 0.95097	Pts: 110099
Particle (1):: Fit: 4.21077	PB: 4.21077	LB: 5.41344	GB: 5.41344	Conf: 0.264481	Pts: 55099
Particle (2):: Fit: 2.30322	PB: 2.30322	LB: 5.41344	GB: 5.41344	Conf: 0.776299	Pts: 55099
Particle (3):: Fit: 12.5288	PB: 12.5288	LB: 12.5288	GB: 12.5288	Conf: 0.0817271	Pts: 110099
Particle (4):: Fit: 4.78742	PB: 4.78742	LB: 12.5288	GB: 12.5288	Conf: 0.891892	Pts: 55099
Particle (5):: Fit: 5.45909	PB: 5.45909	LB: 12.5288	GB: 12.5288	Conf: 0.629211	Pts: 60099
Particle (6):: Fit: 5.426	PB: 5.426	LB: 12.5288	GB: 12.5288	Conf: 0.918674	Pts: 55099
Particle (7):: Fit: 12.6289	PB: 12.6289	LB: 12.6289	GB: 12.6289	Conf: 0.503119	Pts: 110099
Particle (8):: Fit: 4.84776	PB: 4.84776	LB: 12.6289	GB: 12.6289	Conf: 0.561276	Pts: 55099
Particle (9):: Fit: 17.2375	PB: 17.2375	LB: 17.2375	GB: 17.2375	Conf: 0.905247	Pts: 110099
Particle (10):: Fit: 12.581	PB: 12.581	LB: 17.2375	GB: 17.2375	Conf: 0.161571	Pts: 55099
Particle (11):: Fit: 10.2286	PB: 10.2286	LB: 17.2375	GB: 17.2375	Conf: 0.511674	Pts: 55099
Particle (12):: Fit: 4.19248	PB: 4.19248	LB: 17.2375	GB: 17.2375	Conf: 0.787526	Pts: 55099
Particle (13):: Fit: 14.9317	PB: 14.9317	LB: 17.2375	GB: 17.2375	Conf: 0.25653	Pts: 70099
Particle (14):: Fit: 4.83984	PB: 4.83984	LB: 14.9317	GB: 17.2375	Conf: 0.716345	Pts: 55099
Particle (15):: Fit: 18.8066	PB: 18.8066	LB: 18.8066	GB: 18.8066	Conf: 0.0125967	Pts: 110099
Particle (16):: Fit: 4.21734	PB: 4.21734	LB: 18.8066	GB: 18.8066	Conf: 0.287227	Pts: 55099
Particle (17):: Fit: 5.44683	PB: 5.44683	LB: 18.8066	GB: 18.8066	Conf: 0.553592	Pts: 60099
Particle (18):: Fit: 24.1523	PB: 24.1523	LB: 24.1523	GB: 24.1523	Conf: 0.451132	Pts: 110099
Particle (19):: Fit: 4.24388	PB: 4.24388	LB: 24.1523	GB: 24.1523	Conf: 0.530769	Pts: 55099
Particle (20):: Fit: 4.24419	PB: 4.24419	LB: 24.1523	GB: 24.1523	Conf: 0.479993	Pts: 60099
Particle (21):: Fit: 4.24441	PB: 4.24441	LB: 24.1523	GB: 24.1523	Conf: 0.497406	Pts: 65099
Particle (22):: Fit: 12.6349	PB: 12.6349	LB: 24.1523	GB: 24.1523	Conf: 0.466015	Pts: 70099
Particle (23):: Fit: 19.6628	PB: 19.6628	LB: 19.6628	GB: 24.1523	Conf: 0.943219	Pts: 75099
Particle (24):: Fit: 22.1137	PB: 22.1137	LB: 22.1137	GB: 24.1523	Conf: 0.636097	Pts: 80099
Particle (25):: Fit: 4.22626	PB: 4.22626	LB: 22.1137	GB: 24.1523	Conf: 0.675975	Pts: 55099
Particle (26):: Fit: 21.3043	PB: 21.3043	LB: 22.1137	GB: 24.1523	Conf: 0.165177	Pts: 60099
Particle (27):: Fit: 17.2821	PB: 17.2821	LB: 22.1137	GB: 24.1523	Conf: 0.345886	Pts: 55099
Particle (28):: Fit: 17.3474	PB: 17.3474	LB: 22.1137	GB: 24.1523	Conf: 0.738568	Pts: 60099
Particle (29):: Fit: 7.853	PB: 7.853	LB: 21.3043	GB: 24.1523	Conf: 0.148064	Pts: 55099
Particle (30):: Fit: 19.5575	PB: 19.5575	LB: 21.3043	GB: 24.1523	Conf: 0.355177	Pts: 70099
Particle (31):: Fit: 5.14722	PB: 5.14722	LB: 19.5575	GB: 24.1523	Conf: 0.124697	Pts: 55099
Particle (32):: Fit: 5.44626	PB: 5.44626	LB: 19.5575	GB: 24.1523	Conf: 0.551038	Pts: 60099
Particle (33):: Fit: 10.0622	PB: 10.0622	LB: 19.5575	GB: 24.1523	Conf: 0.747808	Pts: 65099
Particle (34):: Fit: 4.21756	PB: 4.21756	LB: 19.5575	GB: 24.1523	Conf: 0.288058	Pts: 55099
Particle (35):: Fit: 3.64103	PB: 3.64103	LB: 10.0622	GB: 24.1523	Conf: 0.289944	Pts: 55099
Particle (36):: Fit: 17.2737	PB: 17.2737	LB: 17.2737	GB: 24.1523	Conf: 0.335306	Pts: 80099
Particle (37):: Fit: 4.67973	PB: 4.67973	LB: 17.2737	GB: 24.1523	Conf: 0.142342	Pts: 55099
Particle (38):: Fit: 2.90297	PB: 2.90297	LB: 17.2737	GB: 24.1523	Conf: 0.822304	Pts: 55099
Particle (39):: Fit: 4.20779	PB: 4.20779	LB: 17.2737	GB: 24.1523	Conf: 0.255005	Pts: 60099
Particle (40):: Fit: 12.5932	PB: 12.5932	LB: 17.2737	GB: 24.1523	Conf: 0.186254	Pts: 70099
Particle (41):: Fit: 4.84664	PB: 4.84664	LB: 12.5932	GB: 24.1523	Conf: 0.543256	Pts: 50099
Particle (42):: Fit: 3.50374	PB: 3.50374	LB: 12.5932	GB: 24.1523	Conf: 0.876994	Pts: 50099
Particle (43):: Fit: 4.24106	PB: 4.24106	LB: 12.5932	GB: 24.1523	Conf: 0.577069	Pts: 50099
Particle (44):: Fit: 12.5816	PB: 12.5816	LB: 12.5932	GB: 24.1523	Conf: 0.637304	Pts: 70099
Particle (45):: Fit: 4.80489	PB: 4.80489	LB: 12.5816	GB: 24.1523	Conf: 0.85012	Pts: 50099
Particle (46):: Fit: 24.4412	PB: 24.4412	LB: 24.4412	GB: 24.4412	Conf: 0.6268	Pts: 110099
Particle (47):: Fit: 19.7084	PB: 19.7084	LB: 24.4412	GB: 24.4412	Conf: 0.523809	Pts: 55099
Particle (48):: Fit: 3.59406	PB: 3.59406	LB: 24.4412	GB: 24.4412	Conf: 0.0878252	Pts: 50099
Particle (49):: Fit: 3.62027	PB: 3.62027	LB: 24.4412	GB: 24.4412	Conf: 0.628749	Pts: 50099
Global: 24.4412 - Correct: 90% of 10 tests
Global Best: 
  Inner Net 1
  -- 1 : 1 = 0.9155
  -- 1 : 2 = 0.1285
  -- 1 : 3 = 0.1584
  -- 1 : 4 = 0.5414
  -- 1 : 5 = 0.3425
  -- 1 : 6 = 0.8829
  -- 1 : 7 = 0.456
  -- 1 : 8 = 0.6083
  -- 1 : 9 = 0.2135
  -- 1 : 10 = 0.4979
  -- 2 : 1 = 0.0613
  -- 2 : 2 = 0.1629
  -- 2 : 3 = 0.9342
  -- 2 : 4 = 0.1851
  -- 2 : 5 = 0.844
  -- 2 : 6 = 0.553
  -- 2 : 7 = 0.0776
  -- 2 : 8 = 0.7839
  -- 2 : 9 = 0.4179
  -- 2 : 10 = 0.1146
  -- 3 : 1 = 0.2321
  -- 3 : 2 = 0.0108
  -- 3 : 3 = 0.6135
  -- 3 : 4 = 0.075
  -- 3 : 5 = 0.7076
  -- 3 : 6 = 0.3039
  -- 3 : 7 = 0.1419
  -- 3 : 8 = 0.9518
  -- 3 : 9 = 0.5744
  -- 3 : 10 = 0.5626
  -- 4 : 1 = 0.3351
  -- 4 : 2 = 0.9749
  -- 4 : 3 = 0.6573
  -- 4 : 4 = 0.1916
  -- 4 : 5 = 0.768
  -- 4 : 6 = 0.7984
  -- 4 : 7 = 0.0042
  -- 4 : 8 = 0.3167
  -- 4 : 9 = 0.2292
  -- 4 : 10 = 0.9367
  -- 5 : 1 = 0.2393
  -- 5 : 2 = 0.9683
  -- 5 : 3 = 0.756
  -- 5 : 4 = 0.1755
  -- 5 : 5 = 0.9965
  -- 5 : 6 = 0.0987
  -- 5 : 7 = 0.0928
  -- 5 : 8 = 0.0081
  -- 5 : 9 = 0.2546
  -- 5 : 10 = 0.0151
  -- 6 : 1 = 0.272
  -- 6 : 2 = 0.4093
  -- 6 : 3 = 0.083
  -- 6 : 4 = 0.1842
  -- 6 : 5 = 0.8448
  -- 6 : 6 = 0.0434
  -- 6 : 7 = 0.7702
  -- 6 : 8 = 0.4093
  -- 6 : 9 = 0.7573
  -- 6 : 10 = 0.0025
  -- 7 : 1 = 0.2292
  -- 7 : 2 = 0.3627
  -- 7 : 3 = 0.5485
  -- 7 : 4 = 0.2801
  -- 7 : 5 = 0.9448
  -- 7 : 6 = 0.939
  -- 7 : 7 = 0.1451
  -- 7 : 8 = 0.9686
  -- 7 : 9 = 0.8317
  -- 7 : 10 = 0.2418
  -- 8 : 1 = 0.8837
  -- 8 : 2 = 0.7701
  -- 8 : 3 = 0.2414
  -- 8 : 4 = 0.7593
  -- 8 : 5 = 0.3562
  -- 8 : 6 = 0.3614
  -- 8 : 7 = 0.084
  -- 8 : 8 = 0.0231
  -- 8 : 9 = 0.7735
  -- 8 : 10 = 0.3291
  -- 9 : 1 = 0.0721
  -- 9 : 2 = 0.779
  -- 9 : 3 = 0.0572
  -- 9 : 4 = 0.3665
  -- 9 : 5 = 0.0697
  -- 9 : 6 = 0.5181
  -- 9 : 7 = 0.0603
  -- 9 : 8 = 0.0644
  -- 9 : 9 = 0.2144
  -- 9 : 10 = 0.1364
  -- 10 : 1 = 0.976
  -- 10 : 2 = 0.5423
  -- 10 : 3 = 0.1176
  -- 10 : 4 = 0.5116
  -- 10 : 5 = 0.5047
  -- 10 : 6 = 0.7588
  -- 10 : 7 = 0.4445
  -- 10 : 8 = 0.4676
  -- 10 : 9 = 0.3722
  -- 10 : 10 = 0.0705
  Inner Net 2
  -- 1 : 1 = 0.0978
  -- 1 : 2 = 0.1055
  -- 1 : 3 = 0.3435
  -- 1 : 4 = 0.7716
  -- 2 : 1 = 0.4958
  -- 2 : 2 = 0.6924
  -- 2 : 3 = 0.3857
  -- 2 : 4 = 0.4145
  -- 3 : 1 = 0.2119
  -- 3 : 2 = 0.1782
  -- 3 : 3 = 0.215
  -- 3 : 4 = 0.0721
  -- 4 : 1 = 0.9581
  -- 4 : 2 = 0.7182
  -- 4 : 3 = 0.8352
  -- 4 : 4 = 0.7901
  -- 5 : 1 = 0.2154
  -- 5 : 2 = 0.9317
  -- 5 : 3 = 0.5358
  -- 5 : 4 = 0.1291
  -- 6 : 1 = 0.8857
  -- 6 : 2 = 0.2142
  -- 6 : 3 = 0.9398
  -- 6 : 4 = 0.3048
  -- 7 : 1 = 0.6437
  -- 7 : 2 = 0.2323
  -- 7 : 3 = 0.4156
  -- 7 : 4 = 0.6567
  -- 8 : 1 = 0.5155
  -- 8 : 2 = 0.7959
  -- 8 : 3 = 0.3205
  -- 8 : 4 = 0.2473
  -- 9 : 1 = 0.1298
  -- 9 : 2 = 0.638
  -- 9 : 3 = 0.2365
  -- 9 : 4 = 0.2605
  -- 10 : 1 = 0.4177
  -- 10 : 2 = 0.7878
  -- 10 : 3 = 0.8806
  -- 10 : 4 = 0.2154
  Inner Net 3
  -- 1 : 1 = -0.0114332
  -- 1 : 2 = 0.1208
  -- 2 : 1 = 0.3963
  -- 2 : 2 = -0.3277
  -- 3 : 1 = -0.2969
  -- 3 : 2 = -0.1035
  -- 4 : 1 = -0.203136
  -- 4 : 2 = 0.0018
Out\Act	False		True
False	0	0.84198	0.84198
True	0	0.15802	0.15802
	0	1
	Accuracy [ (tp + tn) / testSize ]: 0.15802
	Precision [ tp / (tp + fp) ]:      0.157945
	Sensitivity [ tp / (tp + fn) ]:    0.996997
	Specificity [ tn / (tn + fp) ]:    0
	F-Score [ 2tp / (2tp + fp + fn) ]: 0.272802
Particle (0):: Fit: 10.2521	PB: 10.2521	LB: 24.4412	GB: 24.4412	Conf: 0.425896	Pts: 110198
Particle (1):: Fit: 6.19128	PB: 6.19128	LB: 19.7084	GB: 24.4412	Conf: 0.217184	Pts: 55198
Particle (2):: Fit: 5.3998	PB: 5.3998	LB: 12.6289	GB: 24.4412	Conf: 0.41902	Pts: 55197
Particle (3):: Fit: 17.1535	PB: 17.1535	LB: 17.1535	GB: 24.4412	Conf: 0.221115	Pts: 120198
Particle (4):: Fit: 12.457	PB: 12.457	LB: 17.2375	GB: 24.4412	Conf: 0.795224	Pts: 55198
Particle (5):: Fit: 10.241	PB: 10.241	LB: 17.2375	GB: 24.4412	Conf: 0.127184	Pts: 60198
Particle (8):: Fit: 12.3658	PB: 12.3658	LB: 17.2375	GB: 24.4412	Conf: 0.868109	Pts: 55198
Particle (12):: Fit: 19.4905	PB: 19.4905	LB: 19.4905	GB: 24.4412	Conf: 0.307119	Pts: 85198
Particle (16):: Fit: 14.7284	PB: 14.7284	LB: 24.1523	GB: 24.4412	Conf: 0.0585668	Pts: 55198
Particle (17):: Fit: 12.6075	PB: 12.6075	LB: 24.1523	GB: 24.4412	Conf: 0.220794	Pts: 60198
Particle (19):: Fit: 10.2374	PB: 10.2374	LB: 24.1523	GB: 24.4412	Conf: 0.114776	Pts: 55198
Particle (20):: Fit: 12.6205	PB: 12.6205	LB: 24.1523	GB: 24.4412	Conf: 0.261084	Pts: 60198
Particle (21):: Fit: 19.2119	PB: 19.2119	LB: 24.1523	GB: 24.4412	Conf: 0.161141	Pts: 65198
Particle (22):: Fit: 21.9831	PB: 21.9831	LB: 24.1523	GB: 24.4412	Conf: 0.487978	Pts: 70198
Particle (25):: Fit: 19.7486	PB: 19.7486	LB: 22.1137	GB: 24.4412	Conf: 0.766409	Pts: 55198
Particle (31):: Fit: 6.08231	PB: 6.08231	LB: 19.5575	GB: 24.4412	Conf: 0.891414	Pts: 55198
Particle (34):: Fit: 12.5846	PB: 12.5846	LB: 19.5575	GB: 24.4412	Conf: 0.631494	Pts: 55198
Particle (37):: Fit: 5.04492	PB: 5.04492	LB: 17.2737	GB: 24.4412	Conf: 0.0496723	Pts: 55198
Particle (38):: Fit: 3.63283	PB: 3.63283	LB: 17.2737	GB: 24.4412	Conf: 0.230935	Pts: 55198
Particle (39):: Fit: 14.9969	PB: 14.9969	LB: 17.2737	GB: 24.4412	Conf: 0.579143	Pts: 60198
Particle (41):: Fit: 5.14961	PB: 5.14961	LB: 24.4412	GB: 24.4412	Conf: 0.1266	Pts: 50198
Particle (42):: Fit: 4.83526	PB: 4.83526	LB: 24.4412	GB: 24.4412	Conf: 0.457479	Pts: 50198
Particle (43):: Fit: 14.9598	PB: 14.9598	LB: 24.4412	GB: 24.4412	Conf: 0.306758	Pts: 50198
Particle (45):: Fit: 4.82189	PB: 4.82189	LB: 24.4412	GB: 24.4412	Conf: 0.401397	Pts: 50198
Particle (48):: Fit: 12.6291	PB: 12.6291	LB: 24.4412	GB: 24.4412	Conf: 0.502054	Pts: 50198
Particle (49):: Fit: 19.5288	PB: 19.5288	LB: 24.4412	GB: 24.4412	Conf: 0.333517	Pts: 60198
Particle (6):: Fit: 12.6373	PB: 12.6373	LB: 17.2375	GB: 24.4412	Conf: 0.3568	Pts: 55197
Particle (11):: Fit: 22.127	PB: 22.127	LB: 22.127	GB: 24.4412	Conf: 0.937675	Pts: 90196
Particle (14):: Fit: 19.5164	PB: 19.5164	LB: 24.1523	GB: 24.4412	Conf: 0.324719	Pts: 55197
Particle (31):: Fit: 14.9156	PB: 14.9156	LB: 19.5575	GB: 24.4412	Conf: 0.767198	Pts: 55297
Particle (32):: Fit: 12.5582	PB: 12.5582	LB: 19.5575	GB: 24.4412	Conf: 0.677234	Pts: 60197
Particle (34):: Fit: 14.7899	PB: 14.7899	LB: 19.5575	GB: 24.4412	Conf: 0.896126	Pts: 55297
Particle (36):: Fit: 17.3006	PB: 17.3006	LB: 17.3006	GB: 24.4412	Conf: 0.828432	Pts: 110197
Particle (37):: Fit: 15.0037	PB: 15.0037	LB: 17.3006	GB: 24.4412	Conf: 0.516196	Pts: 55297
Particle (45):: Fit: 10.1746	PB: 10.1746	LB: 24.4412	GB: 24.4412	Conf: 0.619895	Pts: 50297
Particle (0):: Fit: 17.146	PB: 17.146	LB: 24.4412	GB: 24.4412	Conf: 0.984555	Pts: 110296
Particle (2):: Fit: 12.5637	PB: 12.5637	LB: 19.5288	GB: 24.4412	Conf: 0.131428	Pts: 55295
Particle (4):: Fit: 12.6085	PB: 12.6085	LB: 17.2375	GB: 24.4412	Conf: 0.576374	Pts: 55296
Particle (8):: Fit: 19.7381	PB: 19.7381	LB: 22.127	GB: 24.4412	Conf: 0.807628	Pts: 70296
Particle (13):: Fit: 14.9705	PB: 14.9705	LB: 24.1523	GB: 24.4412	Conf: 0.330622	Pts: 70195
Particle (29):: Fit: 15.0002	PB: 15.0002	LB: 21.3043	GB: 24.4412	Conf: 0.557842	Pts: 55196
Particle (33):: Fit: 19.6618	PB: 19.6618	LB: 19.6618	GB: 24.4412	Conf: 0.455526	Pts: 100196
Particle (35):: Fit: 14.9253	PB: 14.9253	LB: 19.6618	GB: 24.4412	Conf: 0.246773	Pts: 55196
Particle (38):: Fit: 19.7116	PB: 19.7116	LB: 19.7116	GB: 24.4412	Conf: 0.870177	Pts: 95296
Particle (39):: Fit: 17.1847	PB: 17.1847	LB: 19.7116	GB: 24.4412	Conf: 0.95395	Pts: 60296
Particle (45):: Fit: 12.3626	PB: 12.3626	LB: 24.4412	GB: 24.4412	Conf: 0.870327	Pts: 50396
Particle (46):: Fit: 24.5256	PB: 24.5256	LB: 24.5256	GB: 24.5256	Conf: 0.370959	Pts: 170196
Global: 24.5256 - Correct: 91.6667% of 12 tests
Global Best: 
  Inner Net 1
  -- 1 : 1 = 0.9155
  -- 1 : 2 = 0.1285
  -- 1 : 3 = 0.1584
  -- 1 : 4 = 0.5414
  -- 1 : 5 = 0.3425
  -- 1 : 6 = 0.8829
  -- 1 : 7 = 0.456
  -- 1 : 8 = 0.6083
  -- 1 : 9 = 0.2135
  -- 1 : 10 = 0.4979
  -- 2 : 1 = 0.0613
  -- 2 : 2 = 0.1629
  -- 2 : 3 = 0.9342
  -- 2 : 4 = 0.1851
  -- 2 : 5 = 0.844
  -- 2 : 6 = 0.553
  -- 2 : 7 = 0.0776
  -- 2 : 8 = 0.7839
  -- 2 : 9 = 0.4179
  -- 2 : 10 = 0.1146
  -- 3 : 1 = 0.2321
  -- 3 : 2 = 0.0108
  -- 3 : 3 = 0.6135
  -- 3 : 4 = 0.075
  -- 3 : 5 = 0.7076
  -- 3 : 6 = 0.3039
  -- 3 : 7 = 0.1419
  -- 3 : 8 = 0.9518
  -- 3 : 9 = 0.5744
  -- 3 : 10 = 0.5626
  -- 4 : 1 = 0.3351
  -- 4 : 2 = 0.9749
  -- 4 : 3 = 0.6573
  -- 4 : 4 = 0.1916
  -- 4 : 5 = 0.768
  -- 4 : 6 = 0.7984
  -- 4 : 7 = 0.0042
  -- 4 : 8 = 0.3167
  -- 4 : 9 = 0.2292
  -- 4 : 10 = 0.9367
  -- 5 : 1 = 0.2393
  -- 5 : 2 = 0.9683
  -- 5 : 3 = 0.756
  -- 5 : 4 = 0.1755
  -- 5 : 5 = 0.9965
  -- 5 : 6 = 0.0987
  -- 5 : 7 = 0.0928
  -- 5 : 8 = 0.0081
  -- 5 : 9 = 0.2546
  -- 5 : 10 = 0.0151
  -- 6 : 1 = 0.272
  -- 6 : 2 = 0.4093
  -- 6 : 3 = 0.083
  -- 6 : 4 = 0.1842
  -- 6 : 5 = 0.8448
  -- 6 : 6 = 0.0434
  -- 6 : 7 = 0.7702
  -- 6 : 8 = 0.4093
  -- 6 : 9 = 0.7573
  -- 6 : 10 = 0.0025
  -- 7 : 1 = 0.2292
  -- 7 : 2 = 0.3627
  -- 7 : 3 = 0.5485
  -- 7 : 4 = 0.2801
  -- 7 : 5 = 0.9448
  -- 7 : 6 = 0.939
  -- 7 : 7 = 0.1451
  -- 7 : 8 = 0.9686
  -- 7 : 9 = 0.8317
  -- 7 : 10 = 0.2418
  -- 8 : 1 = 0.8837
  -- 8 : 2 = 0.7701
  -- 8 : 3 = 0.2414
  -- 8 : 4 = 0.7593
  -- 8 : 5 = 0.3562
  -- 8 : 6 = 0.3614
  -- 8 : 7 = 0.084
  -- 8 : 8 = 0.0231
  -- 8 : 9 = 0.7735
  -- 8 : 10 = 0.3291
  -- 9 : 1 = 0.0721
  -- 9 : 2 = 0.779
  -- 9 : 3 = 0.0572
  -- 9 : 4 = 0.3665
  -- 9 : 5 = 0.0697
  -- 9 : 6 = 0.5181
  -- 9 : 7 = 0.0603
  -- 9 : 8 = 0.0644
  -- 9 : 9 = 0.2144
  -- 9 : 10 = 0.1364
  -- 10 : 1 = 0.976
  -- 10 : 2 = 0.5423
  -- 10 : 3 = 0.1176
  -- 10 : 4 = 0.5116
  -- 10 : 5 = 0.5047
  -- 10 : 6 = 0.7588
  -- 10 : 7 = 0.4445
  -- 10 : 8 = 0.4676
  -- 10 : 9 = 0.3722
  -- 10 : 10 = 0.0705
  Inner Net 2
  -- 1 : 1 = 0.0978
  -- 1 : 2 = 0.1055
  -- 1 : 3 = 0.3435
  -- 1 : 4 = 0.7716
  -- 2 : 1 = 0.4958
  -- 2 : 2 = 0.6924
  -- 2 : 3 = 0.3857
  -- 2 : 4 = 0.4145
  -- 3 : 1 = 0.2119
  -- 3 : 2 = 0.1782
  -- 3 : 3 = 0.215
  -- 3 : 4 = 0.0721
  -- 4 : 1 = 0.9581
  -- 4 : 2 = 0.7182
  -- 4 : 3 = 0.8352
  -- 4 : 4 = 0.7901
  -- 5 : 1 = 0.2154
  -- 5 : 2 = 0.9317
  -- 5 : 3 = 0.5358
  -- 5 : 4 = 0.1291
  -- 6 : 1 = 0.8857
  -- 6 : 2 = 0.2142
  -- 6 : 3 = 0.9398
  -- 6 : 4 = 0.3048
  -- 7 : 1 = 0.6437
  -- 7 : 2 = 0.2323
  -- 7 : 3 = 0.4156
  -- 7 : 4 = 0.6567
  -- 8 : 1 = 0.5155
  -- 8 : 2 = 0.7959
  -- 8 : 3 = 0.3205
  -- 8 : 4 = 0.2473
  -- 9 : 1 = 0.1298
  -- 9 : 2 = 0.638
  -- 9 : 3 = 0.2365
  -- 9 : 4 = 0.2605
  -- 10 : 1 = 0.4177
  -- 10 : 2 = 0.7878
  -- 10 : 3 = 0.8806
  -- 10 : 4 = 0.2154
  Inner Net 3
  -- 1 : 1 = -0.0246266
  -- 1 : 2 = 0.287992
  -- 2 : 1 = 0.526929
  -- 2 : 2 = -0.336897
  -- 3 : 1 = -0.41669
  -- 3 : 2 = -0.0917865
  -- 4 : 1 = 0.0953018
  -- 4 : 2 = -0.146912
Out\Act	False		True
False	0	0.84198	0.84198
True	0	0.15802	0.15802
	0	1
	Accuracy [ (tp + tn) / testSize ]: 0.15802
	Precision [ tp / (tp + fp) ]:      0.157945
	Sensitivity [ tp / (tp + fn) ]:    0.996997
	Specificity [ tn / (tn + fp) ]:    0
	F-Score [ 2tp / (2tp + fp + fn) ]: 0.272802
Particle (1):: Fit: 16.9551	PB: 16.9551	LB: 19.7084	GB: 24.5256	Conf: 0.0986853	Pts: 55295
Particle (2):: Fit: 12.6098	PB: 12.6098	LB: 19.5288	GB: 24.5256	Conf: 0.572826	Pts: 55394
Particle (3):: Fit: 19.6778	PB: 19.6778	LB: 19.7381	GB: 24.5256	Conf: 0.923855	Pts: 125295
Particle (4):: Fit: 14.8546	PB: 14.8546	LB: 19.7381	GB: 24.5256	Conf: 0.83839	Pts: 55395
Particle (6):: Fit: 17.3183	PB: 17.3183	LB: 22.127	GB: 24.5256	Conf: 0.400054	Pts: 55295
Particle (32):: Fit: 14.995	PB: 14.995	LB: 19.6618	GB: 24.5256	Conf: 0.589156	Pts: 60295
Particle (34):: Fit: 16.9343	PB: 16.9343	LB: 19.7116	GB: 24.5256	Conf: 0.0881594	Pts: 55395
Particle (42):: Fit: 17.3507	PB: 17.3507	LB: 24.5256	GB: 24.5256	Conf: 0.729321	Pts: 50295
Particle (0):: Fit: 19.7469	PB: 19.7469	LB: 24.5256	GB: 24.5256	Conf: 0.774532	Pts: 130394
Particle (4):: Fit: 15.004	PB: 15.004	LB: 19.7469	GB: 24.5256	Conf: 0.502259	Pts: 55494
Particle (5):: Fit: 17.2335	PB: 17.2335	LB: 19.7381	GB: 24.5256	Conf: 0.290666	Pts: 60294
Particle (16):: Fit: 17.0886	PB: 17.0886	LB: 24.1523	GB: 24.5256	Conf: 0.175502	Pts: 55294
Particle (17):: Fit: 14.9529	PB: 14.9529	LB: 24.1523	GB: 24.5256	Conf: 0.707	Pts: 60294
Particle (35):: Fit: 17.2286	PB: 17.2286	LB: 19.7116	GB: 24.5256	Conf: 0.285844	Pts: 55294
Particle (41):: Fit: 21.7676	PB: 21.7676	LB: 24.5256	GB: 24.5256	Conf: 0.352384	Pts: 75294
Particle (48):: Fit: 22.1372	PB: 22.1372	LB: 24.5256	GB: 24.5256	Conf: 0.913076	Pts: 60294
Particle (49):: Fit: 22.1203	PB: 22.1203	LB: 24.5256	GB: 24.5256	Conf: 0.951594	Pts: 65294
Particle (2):: Fit: 14.6341	PB: 14.6341	LB: 22.1372	GB: 24.5256	Conf: 0.000205264	Pts: 55492
Particle (19):: Fit: 17.0466	PB: 17.0466	LB: 24.1523	GB: 24.5256	Conf: 0.14931	Pts: 55293
Particle (20):: Fit: 19.3982	PB: 19.3982	LB: 24.1523	GB: 24.5256	Conf: 0.251607	Pts: 60293
Particle (29):: Fit: 19.7185	PB: 19.7185	LB: 21.3043	GB: 24.5256	Conf: 0.543481	Pts: 70293
Particle (35):: Fit: 22.0441	PB: 22.0441	LB: 22.0441	GB: 24.5256	Conf: 0.543746	Pts: 105393
Particle (36):: Fit: 22.1454	PB: 22.1454	LB: 22.1454	GB: 24.5256	Conf: 0.711857	Pts: 160293
Particle (45):: Fit: 12.5409	PB: 12.5409	LB: 24.5256	GB: 24.5256	Conf: 0.702337	Pts: 50493
Particle (48):: Fit: 22.1573	PB: 22.1573	LB: 24.5256	GB: 24.5256	Conf: 0.785058	Pts: 70393
Particle (1):: Fit: 17.2295	PB: 17.2295	LB: 22.1573	GB: 24.5256	Conf: 0.913252	Pts: 55392
Particle (2):: Fit: 14.7719	PB: 14.7719	LB: 22.1573	GB: 24.5256	Conf: 0.91017	Pts: 55591
Particle (4):: Fit: 19.7453	PB: 19.7453	LB: 19.7469	GB: 24.5256	Conf: 0.618307	Pts: 60592
Particle (16):: Fit: 17.2309	PB: 17.2309	LB: 24.1523	GB: 24.5256	Conf: 0.288094	Pts: 55392
Particle (22):: Fit: 22.1573	PB: 22.1573	LB: 24.1523	GB: 24.5256	Conf: 0.81524	Pts: 90292
Particle (27):: Fit: 19.7469	PB: 19.7469	LB: 22.1137	GB: 24.5256	Conf: 0.774687	Pts: 55192
Particle (37):: Fit: 16.8145	PB: 16.8145	LB: 22.1454	GB: 24.5256	Conf: 0.0325726	Pts: 55392
Particle (45):: Fit: 19.606	PB: 19.606	LB: 24.5256	GB: 24.5256	Conf: 0.396489	Pts: 50592
Particle (10):: Fit: 15.0034	PB: 15.0034	LB: 22.127	GB: 24.5256	Conf: 0.522768	Pts: 55191
Particle (13):: Fit: 14.9955	PB: 14.9955	LB: 24.1523	GB: 24.5256	Conf: 0.586509	Pts: 70290
Particle (17):: Fit: 17.3681	PB: 17.3681	LB: 24.1523	GB: 24.5256	Conf: 0.539902	Pts: 60391
Particle (32):: Fit: 17.1318	PB: 17.1318	LB: 22.1454	GB: 24.5256	Conf: 0.99495	Pts: 60391
Particle (34):: Fit: 17.2472	PB: 17.2472	LB: 22.1454	GB: 24.5256	Conf: 0.895078	Pts: 55491
Particle (43):: Fit: 14.9856	PB: 14.9856	LB: 24.5256	GB: 24.5256	Conf: 0.626684	Pts: 50291
Particle (47):: Fit: 19.7549	PB: 19.7549	LB: 24.5256	GB: 24.5256	Conf: 0.707934	Pts: 55191
Particle (1):: Fit: 17.2837	PB: 17.2837	LB: 22.1573	GB: 24.5256	Conf: 0.85196	Pts: 55490
Particle (2):: Fit: 19.7224	PB: 19.7224	LB: 22.1573	GB: 24.5256	Conf: 0.848269	Pts: 55689
Particle (10):: Fit: 19.3223	PB: 19.3223	LB: 22.127	GB: 24.5256	Conf: 0.212016	Pts: 55290
Particle (23):: Fit: 22.148	PB: 22.148	LB: 22.1573	GB: 24.5256	Conf: 0.878329	Pts: 80190
Particle (34):: Fit: 19.7425	PB: 19.7425	LB: 22.1454	GB: 24.5256	Conf: 0.60726	Pts: 55590
Particle (37):: Fit: 19.144	PB: 19.144	LB: 22.1454	GB: 24.5256	Conf: 0.132741	Pts: 55490
Particle (39):: Fit: 19.6543	PB: 19.6543	LB: 22.1454	GB: 24.5256	Conf: 0.446477	Pts: 60390
Particle (43):: Fit: 19.5808	PB: 19.5808	LB: 24.5256	GB: 24.5256	Conf: 0.374121	Pts: 50390
Particle (49):: Fit: 22.1339	PB: 22.1339	LB: 24.5256	GB: 24.5256	Conf: 0.92181	Pts: 70390
Particle (1):: Fit: 17.3578	PB: 17.3578	LB: 22.1573	GB: 24.5256	Conf: 0.493028	Pts: 55589
Particle (16):: Fit: 19.7167	PB: 19.7167	LB: 24.1523	GB: 24.5256	Conf: 0.860218	Pts: 55489
Particle (15):: Fit: 19.3718	PB: 19.3718	LB: 24.1523	GB: 24.5256	Conf: 0.237339	Pts: 110188
Particle (31):: Fit: 14.9877	PB: 14.9877	LB: 22.1454	GB: 24.5256	Conf: 0.380837	Pts: 55388
Particle (41):: Fit: 21.8997	PB: 21.8997	LB: 24.5256	GB: 24.5256	Conf: 0.427819	Pts: 75387
Particle (45):: Fit: 22.1106	PB: 22.1106	LB: 24.5256	GB: 24.5256	Conf: 0.969403	Pts: 50688
Particle (17):: Fit: 19.7235	PB: 19.7235	LB: 24.1523	GB: 24.5256	Conf: 0.845699	Pts: 60487
Particle (38):: Fit: 22.1106	PB: 22.1106	LB: 22.1454	GB: 24.5256	Conf: 0.630662	Pts: 95387
Particle (44):: Fit: 17.359	PB: 17.359	LB: 24.5256	GB: 24.5256	Conf: 0.702628	Pts: 70186
Particle (0):: Fit: 22.1573	PB: 22.1573	LB: 24.5256	GB: 24.5256	Conf: 0.814802	Pts: 150486
Particle (2):: Fit: 21.4512	PB: 21.4512	LB: 22.1573	GB: 24.5256	Conf: 0.216736	Pts: 60785
Particle (5):: Fit: 22.1473	PB: 22.1473	LB: 22.1473	GB: 24.5256	Conf: 0.880874	Pts: 85386
Particle (7):: Fit: 18.8722	PB: 18.8722	LB: 22.1473	GB: 24.5256	Conf: 0.0338603	Pts: 110186
Particle (40):: Fit: 17.3719	PB: 17.3719	LB: 22.1454	GB: 24.5256	Conf: 0.626018	Pts: 70185
Particle (20):: Fit: 19.4779	PB: 19.4779	LB: 24.1523	GB: 24.5256	Conf: 0.29888	Pts: 60385
Particle (21):: Fit: 19.3747	PB: 19.3747	LB: 24.1523	GB: 24.5256	Conf: 0.238873	Pts: 65285
Particle (37):: Fit: 19.6373	PB: 19.6373	LB: 22.1454	GB: 24.5256	Conf: 0.427517	Pts: 55585
Particle (12):: Fit: 19.7549	PB: 19.7549	LB: 22.127	GB: 24.5256	Conf: 0.692495	Pts: 85284
Particle (27):: Fit: 22.148	PB: 22.148	LB: 22.148	GB: 24.5256	Conf: 0.721966	Pts: 80284
Particle (37):: Fit: 19.7101	PB: 19.7101	LB: 22.1454	GB: 24.5256	Conf: 0.872949	Pts: 55683
Particle (20):: Fit: 19.7549	PB: 19.7549	LB: 24.1523	GB: 24.5256	Conf: 0.692558	Pts: 60482
Particle (33):: Fit: 21.5403	PB: 21.5403	LB: 22.1454	GB: 24.5256	Conf: 0.250815	Pts: 100281
Particle (6):: Fit: 24.5035	PB: 24.5035	LB: 24.5035	GB: 24.5256	Conf: 0.688749	Pts: 105381
Particle (9):: Fit: 24.519	PB: 24.519	LB: 24.519	GB: 24.5256	Conf: 0.708206	Pts: 160181
Particle (14):: Fit: 19.754	PB: 19.754	LB: 24.1523	GB: 24.5256	Conf: 0.726497	Pts: 55281
Particle (28):: Fit: 17.3572	PB: 17.3572	LB: 22.148	GB: 24.5256	Conf: 0.49091	Pts: 60179
Particle (44):: Fit: 17.3723	PB: 17.3723	LB: 24.5256	GB: 24.5256	Conf: 0.580601	Pts: 70280
Particle (20):: Fit: 20.7548	PB: 20.7548	LB: 24.1523	GB: 24.5256	Conf: 0.00474038	Pts: 60580
Particle (39):: Fit: 21.6929	PB: 21.6929	LB: 22.1454	GB: 24.5256	Conf: 0.316072	Pts: 60478
Particle (15):: Fit: 19.7344	PB: 19.7344	LB: 24.1523	GB: 24.5256	Conf: 0.581622	Pts: 110277
Particle (19):: Fit: 17.3468	PB: 17.3468	LB: 24.1523	GB: 24.5256	Conf: 0.460023	Pts: 55375
Particle (42):: Fit: 24.7811	PB: 24.7811	LB: 24.7811	GB: 24.7811	Conf: 0.642716	Pts: 110377
Global: 24.7811 - Correct: 90.9091% of 11 tests
Global Best: 
  Inner Net 1
  -- 1 : 1 = 0.2577
  -- 1 : 2 = 0.728
  -- 1 : 3 = 0.3043
  -- 1 : 4 = 0.4024
  -- 1 : 5 = 0.2554
  -- 1 : 6 = 0.5603
  -- 1 : 7 = 0.2045
  -- 1 : 8 = 0.6578
  -- 1 : 9 = 0.207
  -- 1 : 10 = 0.546
  -- 2 : 1 = 0.558
  -- 2 : 2 = 0.9545
  -- 2 : 3 = 0.9476
  -- 2 : 4 = 0.6641
  -- 2 : 5 = 0.8889
  -- 2 : 6 = 0.7892
  -- 2 : 7 = 0.187
  -- 2 : 8 = 0.253
  -- 2 : 9 = 0.9725
  -- 2 : 10 = 0.612
  -- 3 : 1 = 0.2246
  -- 3 : 2 = 0.3356
  -- 3 : 3 = 0.8454
  -- 3 : 4 = 0.0361
  -- 3 : 5 = 0.4128
  -- 3 : 6 = 0.4087
  -- 3 : 7 = 0.5307
  -- 3 : 8 = 0.1792
  -- 3 : 9 = 0.9665
  -- 3 : 10 = 0.717
  -- 4 : 1 = 0.0051
  -- 4 : 2 = 0.1278
  -- 4 : 3 = 0.8326
  -- 4 : 4 = 0.7606
  -- 4 : 5 = 0.1075
  -- 4 : 6 = 0.2801
  -- 4 : 7 = 0.2807
  -- 4 : 8 = 0.9944
  -- 4 : 9 = 0.3639
  -- 4 : 10 = 0.05
  -- 5 : 1 = 0.6509
  -- 5 : 2 = 0.4418
  -- 5 : 3 = 0.722
  -- 5 : 4 = 0.2603
  -- 5 : 5 = 0.6882
  -- 5 : 6 = 0.93
  -- 5 : 7 = 0.0891
  -- 5 : 8 = 0.6432
  -- 5 : 9 = 0.4088
  -- 5 : 10 = 0.0711
  -- 6 : 1 = 0.3472
  -- 6 : 2 = 0.4375
  -- 6 : 3 = 0.3117
  -- 6 : 4 = 0.8675
  -- 6 : 5 = 0.0763
  -- 6 : 6 = 0.2889
  -- 6 : 7 = 0.219
  -- 6 : 8 = 0.3234
  -- 6 : 9 = 0.5358
  -- 6 : 10 = 0.5455
  -- 7 : 1 = 0.497
  -- 7 : 2 = 0.8068
  -- 7 : 3 = 0.8761
  -- 7 : 4 = 0.0509
  -- 7 : 5 = 0.6648
  -- 7 : 6 = 0.402
  -- 7 : 7 = 0.3259
  -- 7 : 8 = 0.0802
  -- 7 : 9 = 0.9274
  -- 7 : 10 = 0.2283
  -- 8 : 1 = 0.5162
  -- 8 : 2 = 0.4572
  -- 8 : 3 = 0.4084
  -- 8 : 4 = 0.9827
  -- 8 : 5 = 0.4085
  -- 8 : 6 = 0.0097
  -- 8 : 7 = 0.788
  -- 8 : 8 = 0.7102
  -- 8 : 9 = 0.9703
  -- 8 : 10 = 0.0139
  -- 9 : 1 = 0.186
  -- 9 : 2 = 0.4601
  -- 9 : 3 = 0.0222
  -- 9 : 4 = 0.4932
  -- 9 : 5 = 0.8687
  -- 9 : 6 = 0.6795
  -- 9 : 7 = 0.1837
  -- 9 : 8 = 0.9763
  -- 9 : 9 = 0.5743
  -- 9 : 10 = 0.4786
  -- 10 : 1 = 0.2175
  -- 10 : 2 = 0.8565
  -- 10 : 3 = 0.6543
  -- 10 : 4 = 0.4641
  -- 10 : 5 = 0.147
  -- 10 : 6 = 0.1279
  -- 10 : 7 = 0.6351
  -- 10 : 8 = 0.7218
  -- 10 : 9 = 0.6771
  -- 10 : 10 = 0.5763
  Inner Net 2
  -- 1 : 1 = 0.4172
  -- 1 : 2 = 0.8626
  -- 1 : 3 = 0.955
  -- 1 : 4 = 0.2018
  -- 2 : 1 = 0.6082
  -- 2 : 2 = 0.0477
  -- 2 : 3 = 0.1383
  -- 2 : 4 = 0.1825
  -- 3 : 1 = 0.5727
  -- 3 : 2 = 0.2936
  -- 3 : 3 = 0.5926
  -- 3 : 4 = 0.2014
  -- 4 : 1 = 0.1609
  -- 4 : 2 = 0.3118
  -- 4 : 3 = 0.4177
  -- 4 : 4 = 0.7845
  -- 5 : 1 = 0.9747
  -- 5 : 2 = 0.014
  -- 5 : 3 = 0.1524
  -- 5 : 4 = 0.4718
  -- 6 : 1 = 0.454
  -- 6 : 2 = 0.0449
  -- 6 : 3 = 0.7142
  -- 6 : 4 = 0.6857
  -- 7 : 1 = 0.7064
  -- 7 : 2 = 0.9808
  -- 7 : 3 = 0.4841
  -- 7 : 4 = 0.0717
  -- 8 : 1 = 0.1476
  -- 8 : 2 = 0.8809
  -- 8 : 3 = 0.2834
  -- 8 : 4 = 0.0061
  -- 9 : 1 = 0.3028
  -- 9 : 2 = 0.7815
  -- 9 : 3 = 0.2938
  -- 9 : 4 = 0.1549
  -- 10 : 1 = 0.7951
  -- 10 : 2 = 0.2682
  -- 10 : 3 = 0.498
  -- 10 : 4 = 0.4995
  Inner Net 3
  -- 1 : 1 = -0.328545
  -- 1 : 2 = -0.497194
  -- 2 : 1 = 0.430916
  -- 2 : 2 = -0.210934
  -- 3 : 1 = -0.609074
  -- 3 : 2 = -0.358344
  -- 4 : 1 = 0.074449
  -- 4 : 2 = -0.143359
Out\Act	False		True
False	0	0.84198	0.84198
True	0	0.15802	0.15802
	0	1
	Accuracy [ (tp + tn) / testSize ]: 0.15802
	Precision [ tp / (tp + fp) ]:      0.157945
	Sensitivity [ tp / (tp + fn) ]:    0.996997
	Specificity [ tn / (tn + fp) ]:    0
	F-Score [ 2tp / (2tp + fp + fn) ]: 0.272802
Particle (1):: Fit: 19.6385	PB: 19.6385	LB: 24.5035	GB: 24.7811	Conf: 0.428886	Pts: 55676
Particle (8):: Fit: 22.0417	PB: 22.0417	LB: 24.519	GB: 24.7811	Conf: 0.541273	Pts: 70376
Particle (19):: Fit: 19.0762	PB: 19.0762	LB: 24.1523	GB: 24.7811	Conf: 0.106101	Pts: 55474
Particle (31):: Fit: 19.7333	PB: 19.7333	LB: 22.148	GB: 24.7811	Conf: 0.821603	Pts: 55476
Particle (40):: Fit: 19.7524	PB: 19.7524	LB: 24.7811	GB: 24.7811	Conf: 0.657573	Pts: 70274
Particle (32):: Fit: 19.5976	PB: 19.5976	LB: 22.1454	GB: 24.7811	Conf: 0.388777	Pts: 60473
Particle (17):: Fit: 22.0936	PB: 22.0936	LB: 24.1523	GB: 24.7811	Conf: 0.996161	Pts: 60573
Particle (28):: Fit: 22.1218	PB: 22.1218	LB: 22.148	GB: 24.7811	Conf: 0.651297	Pts: 60271
Particle (36):: Fit: 23.5475	PB: 23.5475	LB: 23.5475	GB: 24.7811	Conf: 0.228489	Pts: 190371
Particle (13):: Fit: 19.7243	PB: 19.7243	LB: 24.519	GB: 24.7811	Conf: 0.555973	Pts: 70370
Particle (14):: Fit: 24.2947	PB: 24.2947	LB: 24.2947	GB: 24.7811	Conf: 0.525262	Pts: 80372
Particle (31):: Fit: 22.0443	PB: 22.0443	LB: 23.5475	GB: 24.7811	Conf: 0.543948	Pts: 55571
Particle (29):: Fit: 19.7253	PB: 19.7253	LB: 22.148	GB: 24.7811	Conf: 0.841701	Pts: 70369
Particle (45):: Fit: 22.1532	PB: 22.1532	LB: 24.7811	GB: 24.7811	Conf: 0.853336	Pts: 50770
Particle (7):: Fit: 18.9926	PB: 18.9926	LB: 24.519	GB: 24.7811	Conf: 0.0752149	Pts: 110269
Particle (3):: Fit: 24.5431	PB: 24.5431	LB: 24.5431	GB: 24.7811	Conf: 0.744273	Pts: 175366
Particle (17):: Fit: 22.1577	PB: 22.1577	LB: 24.2947	GB: 24.7811	Conf: 0.802388	Pts: 60665
Particle (1):: Fit: 19.7546	PB: 19.7546	LB: 24.5431	GB: 24.7811	Conf: 0.68323	Pts: 55765
Particle (4):: Fit: 22.1081	PB: 22.1081	LB: 24.5431	GB: 24.7811	Conf: 0.626421	Pts: 60665
Particle (44):: Fit: 19.5826	PB: 19.5826	LB: 24.7811	GB: 24.7811	Conf: 0.375674	Pts: 70364
Particle (37):: Fit: 22.1541	PB: 22.1541	LB: 24.7811	GB: 24.7811	Conf: 0.752113	Pts: 55764
Particle (1):: Fit: 21.0945	PB: 21.0945	LB: 24.5431	GB: 24.7811	Conf: 0.0990028	Pts: 55863
Particle (25):: Fit: 22.0977	PB: 22.0977	LB: 22.1573	GB: 24.7811	Conf: 0.990011	Pts: 55263
Particle (43):: Fit: 25.1866	PB: 25.1866	LB: 25.1866	GB: 25.1866	Conf: 0.824584	Pts: 110463
Global: 25.1866 - Correct: 91.6667% of 12 tests
Global Best: 
  Inner Net 1
  -- 1 : 1 = 0.6561
  -- 1 : 2 = 0.6735
  -- 1 : 3 = 0.7784
  -- 1 : 4 = 0.6979
  -- 1 : 5 = 0.0796
  -- 1 : 6 = 0.2838
  -- 1 : 7 = 0.9531
  -- 1 : 8 = 0.6244
  -- 1 : 9 = 0.2526
  -- 1 : 10 = 0.9323
  -- 2 : 1 = 0.9812
  -- 2 : 2 = 0.2511
  -- 2 : 3 = 0.0222
  -- 2 : 4 = 0.7919
  -- 2 : 5 = 0.1633
  -- 2 : 6 = 0.6248
  -- 2 : 7 = 0.4682
  -- 2 : 8 = 0.1521
  -- 2 : 9 = 0.2967
  -- 2 : 10 = 0.1205
  -- 3 : 1 = 0.7604
  -- 3 : 2 = 0.6433
  -- 3 : 3 = 0.2019
  -- 3 : 4 = 0.1457
  -- 3 : 5 = 0.7085
  -- 3 : 6 = 0.8871
  -- 3 : 7 = 0.3469
  -- 3 : 8 = 0.2923
  -- 3 : 9 = 0.7375
  -- 3 : 10 = 0.7493
  -- 4 : 1 = 0.1633
  -- 4 : 2 = 0.2468
  -- 4 : 3 = 0.3777
  -- 4 : 4 = 0.4666
  -- 4 : 5 = 0.0705
  -- 4 : 6 = 0.5097
  -- 4 : 7 = 0.2583
  -- 4 : 8 = 0.932
  -- 4 : 9 = 0.0965
  -- 4 : 10 = 0.7278
  -- 5 : 1 = 0.3929
  -- 5 : 2 = 0.1769
  -- 5 : 3 = 0.3285
  -- 5 : 4 = 0.5836
  -- 5 : 5 = 0.2181
  -- 5 : 6 = 0.4589
  -- 5 : 7 = 0.4632
  -- 5 : 8 = 0.1515
  -- 5 : 9 = 0.8519
  -- 5 : 10 = 0.2551
  -- 6 : 1 = 0.8782
  -- 6 : 2 = 0.1748
  -- 6 : 3 = 0.7111
  -- 6 : 4 = 0.0938
  -- 6 : 5 = 0.8603
  -- 6 : 6 = 0.7696
  -- 6 : 7 = 0.3668
  -- 6 : 8 = 0.8909
  -- 6 : 9 = 0.69
  -- 6 : 10 = 0.0309
  -- 7 : 1 = 0.3648
  -- 7 : 2 = 0.8966
  -- 7 : 3 = 0.1903
  -- 7 : 4 = 0.5795
  -- 7 : 5 = 0.1052
  -- 7 : 6 = 0.039
  -- 7 : 7 = 0.0182
  -- 7 : 8 = 0.3113
  -- 7 : 9 = 0.0438
  -- 7 : 10 = 0.3713
  -- 8 : 1 = 0.8189
  -- 8 : 2 = 0.515
  -- 8 : 3 = 0.3887
  -- 8 : 4 = 0.8562
  -- 8 : 5 = 0.6437
  -- 8 : 6 = 0.0893
  -- 8 : 7 = 0.4946
  -- 8 : 8 = 0.3612
  -- 8 : 9 = 0.6719
  -- 8 : 10 = 0.2159
  -- 9 : 1 = 0.7234
  -- 9 : 2 = 0.5475
  -- 9 : 3 = 0.2724
  -- 9 : 4 = 0.3263
  -- 9 : 5 = 0.5475
  -- 9 : 6 = 0.1852
  -- 9 : 7 = 0.7653
  -- 9 : 8 = 0.0379
  -- 9 : 9 = 0.3244
  -- 9 : 10 = 0.1315
  -- 10 : 1 = 0.8127
  -- 10 : 2 = 0.0871
  -- 10 : 3 = 0.9643
  -- 10 : 4 = 0.63
  -- 10 : 5 = 0.0145
  -- 10 : 6 = 0.471
  -- 10 : 7 = 0.4121
  -- 10 : 8 = 0.4892
  -- 10 : 9 = 0.4849
  -- 10 : 10 = 0.8859
  Inner Net 2
  -- 1 : 1 = 0.0128
  -- 1 : 2 = 0.628
  -- 1 : 3 = 0.3067
  -- 1 : 4 = 0.5228
  -- 2 : 1 = 0.2794
  -- 2 : 2 = 0.2254
  -- 2 : 3 = 0.3643
  -- 2 : 4 = 0.4441
  -- 3 : 1 = 0.4732
  -- 3 : 2 = 0.3459
  -- 3 : 3 = 0.2366
  -- 3 : 4 = 0.0188
  -- 4 : 1 = 0.6835
  -- 4 : 2 = 0.3228
  -- 4 : 3 = 0.9716
  -- 4 : 4 = 0.1329
  -- 5 : 1 = 0.1389
  -- 5 : 2 = 0.9585
  -- 5 : 3 = 0.4441
  -- 5 : 4 = 0.8039
  -- 6 : 1 = 0.0092
  -- 6 : 2 = 0.8671
  -- 6 : 3 = 0.4196
  -- 6 : 4 = 0.2728
  -- 7 : 1 = 0.1958
  -- 7 : 2 = 0.1725
  -- 7 : 3 = 0.0623
  -- 7 : 4 = 0.0774
  -- 8 : 1 = 0.3728
  -- 8 : 2 = 0.3058
  -- 8 : 3 = 0.9304
  -- 8 : 4 = 0.5654
  -- 9 : 1 = 0.0509
  -- 9 : 2 = 0.9269
  -- 9 : 3 = 0.2583
  -- 9 : 4 = 0.1985
  -- 10 : 1 = 0.8817
  -- 10 : 2 = 0.4388
  -- 10 : 3 = 0.6321
  -- 10 : 4 = 0.596
  Inner Net 3
  -- 1 : 1 = 0.0291905
  -- 1 : 2 = 0.0191727
  -- 2 : 1 = 0.502153
  -- 2 : 2 = 0.233862
  -- 3 : 1 = -0.613513
  -- 3 : 2 = -0.11559
  -- 4 : 1 = -0.0112422
  -- 4 : 2 = 0.395069
Out\Act	False		True
False	0	0.84198	0.84198
True	0	0.15802	0.15802
	0	1
	Accuracy [ (tp + tn) / testSize ]: 0.15802
	Precision [ tp / (tp + fp) ]:      0.157945
	Sensitivity [ tp / (tp + fn) ]:    0.996997
	Specificity [ tn / (tn + fp) ]:    0
	F-Score [ 2tp / (2tp + fp + fn) ]: 0.272802
Particle (26):: Fit: 21.5743	PB: 21.5743	LB: 22.1573	GB: 25.1866	Conf: 0.264502	Pts: 60160
Particle (21):: Fit: 22.15	PB: 22.15	LB: 24.1523	GB: 25.1866	Conf: 0.869628	Pts: 65361
Particle (7):: Fit: 19.7	PB: 19.7	LB: 24.5431	GB: 25.1866	Conf: 0.509297	Pts: 110359
Particle (49):: Fit: 24.4282	PB: 24.4282	LB: 24.5431	GB: 25.1866	Conf: 0.615993	Pts: 70460
Particle (20):: Fit: 24.5799	PB: 24.5799	LB: 24.5799	GB: 25.1866	Conf: 0.96206	Pts: 110659
Particle (44):: Fit: 19.753	PB: 19.753	LB: 25.1866	GB: 25.1866	Conf: 0.736568	Pts: 70458
Particle (16):: Fit: 22.1269	PB: 22.1269	LB: 24.5799	GB: 25.1866	Conf: 0.938086	Pts: 55557
Particle (12):: Fit: 21.869	PB: 21.869	LB: 24.519	GB: 25.1866	Conf: 0.408615	Pts: 85353
Particle (28):: Fit: 22.1565	PB: 22.1565	LB: 22.1565	GB: 25.1866	Conf: 0.772364	Pts: 80352
Particle (24):: Fit: 23.555	PB: 23.555	LB: 24.5799	GB: 25.1866	Conf: 0.230776	Pts: 100153
Particle (34):: Fit: 22.1459	PB: 22.1459	LB: 23.5475	GB: 25.1866	Conf: 0.713645	Pts: 55652
Particle (32):: Fit: 22.1388	PB: 22.1388	LB: 23.5475	GB: 25.1866	Conf: 0.908789	Pts: 60549
Particle (12):: Fit: 24.5479	PB: 24.5479	LB: 24.5479	GB: 25.1866	Conf: 0.752746	Pts: 125450
Particle (14):: Fit: 24.5856	PB: 24.5856	LB: 24.5856	GB: 25.1866	Conf: 0.877703	Pts: 130450
Particle (16):: Fit: 22.1569	PB: 22.1569	LB: 24.5856	GB: 25.1866	Conf: 0.778543	Pts: 55650
Particle (40):: Fit: 24.5758	PB: 24.5758	LB: 25.1866	GB: 25.1866	Conf: 0.978888	Pts: 80349
Particle (8):: Fit: 22.1392	PB: 22.1392	LB: 24.5479	GB: 25.1866	Conf: 0.907561	Pts: 70449
Particle (30):: Fit: 19.7481	PB: 19.7481	LB: 22.1565	GB: 25.1866	Conf: 0.631114	Pts: 70147
Particle (35):: Fit: 24.5859	PB: 24.5859	LB: 24.5859	GB: 25.1866	Conf: 0.883068	Pts: 140446
Particle (15):: Fit: 21.5901	PB: 21.5901	LB: 24.5856	GB: 25.1866	Conf: 0.271012	Pts: 110344
Particle (19):: Fit: 19.6791	PB: 19.6791	LB: 24.5799	GB: 25.1866	Conf: 0.477871	Pts: 55541
Particle (30):: Fit: 22.153	PB: 22.153	LB: 24.5859	GB: 25.1866	Conf: 0.745521	Pts: 70241
Particle (32):: Fit: 24.2376	PB: 24.2376	LB: 24.5859	GB: 25.1866	Conf: 0.493625	Pts: 75639
Particle (29):: Fit: 19.7496	PB: 19.7496	LB: 24.2376	GB: 25.1866	Conf: 0.761127	Pts: 70439
Particle (36):: Fit: 24.5766	PB: 24.5766	LB: 24.5859	GB: 25.1866	Conf: 0.97596	Pts: 190437
Particle (41):: Fit: 22.109	PB: 22.109	LB: 25.1866	GB: 25.1866	Conf: 0.972009	Pts: 75438
Particle (7):: Fit: 19.753	PB: 19.753	LB: 24.5479	GB: 25.1866	Conf: 0.737102	Pts: 110433
Particle (24):: Fit: 24.49	PB: 24.49	LB: 24.5799	GB: 25.1866	Conf: 0.673595	Pts: 120234
Particle (15):: Fit: 21.69	PB: 21.69	LB: 24.5856	GB: 25.1866	Conf: 0.314739	Pts: 110430
Particle (10):: Fit: 19.7468	PB: 19.7468	LB: 24.5856	GB: 25.1866	Conf: 0.624866	Pts: 55326
Particle (19):: Fit: 22.152	PB: 22.152	LB: 24.5799	GB: 25.1866	Conf: 0.739819	Pts: 55623
Particle (29):: Fit: 22.1365	PB: 22.1365	LB: 24.2376	GB: 25.1866	Conf: 0.68498	Pts: 70524
Particle (34):: Fit: 23.4742	PB: 23.4742	LB: 24.5859	GB: 25.1866	Conf: 0.206654	Pts: 55723
Particle (25):: Fit: 24.1642	PB: 24.1642	LB: 24.49	GB: 25.1866	Conf: 0.456786	Pts: 55323
Particle (26):: Fit: 22.1197	PB: 22.1197	LB: 24.49	GB: 25.1866	Conf: 0.647205	Pts: 60220
Particle (10):: Fit: 21.7232	PB: 21.7232	LB: 24.5856	GB: 25.1866	Conf: 0.330364	Pts: 55420
Particle (4):: Fit: 24.2273	PB: 24.2273	LB: 24.5431	GB: 25.1866	Conf: 0.488207	Pts: 60719
Particle (33):: Fit: 22.0203	PB: 22.0203	LB: 24.5859	GB: 25.1866	Conf: 0.5203	Pts: 100315
Particle (38):: Fit: 23.7838	PB: 23.7838	LB: 25.1866	GB: 25.1866	Conf: 0.30462	Pts: 95419
Particle (7):: Fit: 24.5483	PB: 24.5483	LB: 24.5483	GB: 25.1866	Conf: 0.753314	Pts: 145512
Particle (16):: Fit: 24.5556	PB: 24.5556	LB: 24.5856	GB: 25.1866	Conf: 0.767627	Pts: 55712
Particle (16):: Fit: 24.5862	PB: 24.5862	LB: 24.5862	GB: 25.1866	Conf: 0.88915	Pts: 105811
Particle (19):: Fit: 22.1575	PB: 22.1575	LB: 24.5862	GB: 25.1866	Conf: 0.811624	Pts: 55708
Particle (31):: Fit: 22.1396	PB: 22.1396	LB: 24.5859	GB: 25.1866	Conf: 0.69353	Pts: 55606
Particle (26):: Fit: 24.5861	PB: 24.5861	LB: 24.5861	GB: 25.1866	Conf: 0.912929	Pts: 110303
Particle (44):: Fit: 19.7538	PB: 19.7538	LB: 25.1866	GB: 25.1866	Conf: 0.671767	Pts: 70503
Particle (31):: Fit: 23.566	PB: 23.566	LB: 24.5859	GB: 25.1866	Conf: 0.234127	Pts: 55700
Particle (13):: Fit: 22.0962	PB: 22.0962	LB: 24.5862	GB: 25.1866	Conf: 0.607676	Pts: 70398
Particle (44):: Fit: 23.9879	PB: 23.9879	LB: 25.1866	GB: 25.1866	Conf: 0.3801	Pts: 70595
Particle (47):: Fit: 22.1508	PB: 22.1508	LB: 25.1866	GB: 25.1866	Conf: 0.866154	Pts: 55196
Particle (8):: Fit: 24.3179	PB: 24.3179	LB: 24.5483	GB: 25.1866	Conf: 0.539025	Pts: 70498
Particle (22):: Fit: 22.1575	PB: 22.1575	LB: 24.5861	GB: 25.1866	Conf: 0.791215	Pts: 90296
Particle (11):: Fit: 24.1848	PB: 24.1848	LB: 24.5862	GB: 25.1866	Conf: 0.466756	Pts: 90194
Particle (1):: Fit: 21.2683	PB: 21.2683	LB: 24.5431	GB: 25.1866	Conf: 0.153281	Pts: 55893
Particle (3):: Fit: 24.5861	PB: 24.5861	LB: 24.5861	GB: 25.1866	Conf: 0.887643	Pts: 225393
Particle (33):: Fit: 22.1377	PB: 22.1377	LB: 24.5859	GB: 25.1866	Conf: 0.688083	Pts: 100387
Particle (39):: Fit: 22.1565	PB: 22.1565	LB: 25.1866	GB: 25.1866	Conf: 0.827549	Pts: 60488
Particle (22):: Fit: 24.5659	PB: 24.5659	LB: 24.5861	GB: 25.1866	Conf: 0.791215	Pts: 90390
Particle (30):: Fit: 23.9553	PB: 23.9553	LB: 24.5861	GB: 25.1866	Conf: 0.367262	Pts: 70287
Particle (7):: Fit: 25.2152	PB: 25.2152	LB: 25.2152	GB: 25.2152	Conf: 0.593779	Pts: 205587
Global: 25.2152 - Correct: 92.3077% of 13 tests
Global Best: 
  Inner Net 1
  -- 1 : 1 = 0.8543
  -- 1 : 2 = 0.1882
  -- 1 : 3 = 0.4866
  -- 1 : 4 = 0.333
  -- 1 : 5 = 0.9609
  -- 1 : 6 = 0.5921
  -- 1 : 7 = 0.744
  -- 1 : 8 = 0.1885
  -- 1 : 9 = 0.9593
  -- 1 : 10 = 0.7097
  -- 2 : 1 = 0.3965
  -- 2 : 2 = 0.1832
  -- 2 : 3 = 0.1525
  -- 2 : 4 = 0.3285
  -- 2 : 5 = 0.4622
  -- 2 : 6 = 0.821
  -- 2 : 7 = 0.8218
  -- 2 : 8 = 0.6471
  -- 2 : 9 = 0.7023
  -- 2 : 10 = 0.7708
  -- 3 : 1 = 0.7433
  -- 3 : 2 = 0.1204
  -- 3 : 3 = 0.9186
  -- 3 : 4 = 0.6587
  -- 3 : 5 = 0.4738
  -- 3 : 6 = 0.4724
  -- 3 : 7 = 0.0697
  -- 3 : 8 = 0.7916
  -- 3 : 9 = 0.1664
  -- 3 : 10 = 0.6446
  -- 4 : 1 = 0.0918
  -- 4 : 2 = 0.3975
  -- 4 : 3 = 0.6374
  -- 4 : 4 = 0.1891
  -- 4 : 5 = 0.0417
  -- 4 : 6 = 0.8663
  -- 4 : 7 = 0.7208
  -- 4 : 8 = 0.3674
  -- 4 : 9 = 0.6185
  -- 4 : 10 = 0.4857
  -- 5 : 1 = 0.9724
  -- 5 : 2 = 0.142
  -- 5 : 3 = 0.1455
  -- 5 : 4 = 0.5859
  -- 5 : 5 = 0.3122
  -- 5 : 6 = 0.6432
  -- 5 : 7 = 0.9248
  -- 5 : 8 = 0.9271
  -- 5 : 9 = 0.8195
  -- 5 : 10 = 0.745
  -- 6 : 1 = 0.3425
  -- 6 : 2 = 0.8583
  -- 6 : 3 = 0.8582
  -- 6 : 4 = 0.0096
  -- 6 : 5 = 0.2527
  -- 6 : 6 = 0.1723
  -- 6 : 7 = 0.0969
  -- 6 : 8 = 0.7262
  -- 6 : 9 = 0.5079
  -- 6 : 10 = 0.389
  -- 7 : 1 = 0.7405
  -- 7 : 2 = 0.105
  -- 7 : 3 = 0.6116
  -- 7 : 4 = 0.4645
  -- 7 : 5 = 0.1394
  -- 7 : 6 = 0.889
  -- 7 : 7 = 0.3608
  -- 7 : 8 = 0.8466
  -- 7 : 9 = 0.3062
  -- 7 : 10 = 0.6132
  -- 8 : 1 = 0.1773
  -- 8 : 2 = 0.9335
  -- 8 : 3 = 0.8616
  -- 8 : 4 = 0.623
  -- 8 : 5 = 0.9947
  -- 8 : 6 = 0.1629
  -- 8 : 7 = 0.9698
  -- 8 : 8 = 0.1703
  -- 8 : 9 = 0.6781
  -- 8 : 10 = 0.8232
  -- 9 : 1 = 0.6918
  -- 9 : 2 = 0.8238
  -- 9 : 3 = 0.2879
  -- 9 : 4 = 0.6252
  -- 9 : 5 = 0.2567
  -- 9 : 6 = 0.9586
  -- 9 : 7 = 0.2747
  -- 9 : 8 = 0.6818
  -- 9 : 9 = 0.1707
  -- 9 : 10 = 0.6066
  -- 10 : 1 = 0.2532
  -- 10 : 2 = 0.3339
  -- 10 : 3 = 0.064
  -- 10 : 4 = 0.0486
  -- 10 : 5 = 0.381
  -- 10 : 6 = 0.962
  -- 10 : 7 = 0.9197
  -- 10 : 8 = 0.7685
  -- 10 : 9 = 0.16
  -- 10 : 10 = 0.3914
  Inner Net 2
  -- 1 : 1 = 0.0467335
  -- 1 : 2 = 0.394596
  -- 1 : 3 = 0.583609
  -- 1 : 4 = -0.32427
  -- 2 : 1 = 0.401452
  -- 2 : 2 = 0.0550861
  -- 2 : 3 = 0.0784708
  -- 2 : 4 = -0.109439
  -- 3 : 1 = 0.147887
  -- 3 : 2 = 0.543034
  -- 3 : 3 = 0.270116
  -- 3 : 4 = 0.481237
  -- 4 : 1 = -0.33939
  -- 4 : 2 = 0.354634
  -- 4 : 3 = 0.261089
  -- 4 : 4 = 0.0479021
  -- 5 : 1 = 0
  -- 5 : 2 = 0.430657
  -- 5 : 3 = 0.307971
  -- 5 : 4 = 0.210755
  -- 6 : 1 = 0.234827
  -- 6 : 2 = 0.637245
  -- 6 : 3 = 0.723611
  -- 6 : 4 = 0.0550355
  -- 7 : 1 = 0.71099
  -- 7 : 2 = 0.494902
  -- 7 : 3 = 0.142849
  -- 7 : 4 = 0.6413
  -- 8 : 1 = 0.429333
  -- 8 : 2 = 0.331729
  -- 8 : 3 = 0.126431
  -- 8 : 4 = 0.692009
  -- 9 : 1 = 0.0188999
  -- 9 : 2 = 0.339892
  -- 9 : 3 = -0.0574193
  -- 9 : 4 = 0.269208
  -- 10 : 1 = -0.5
  -- 10 : 2 = 0.147695
  -- 10 : 3 = 0.701946
  -- 10 : 4 = 0.173205
  Inner Net 3
  -- 1 : 1 = -0.186523
  -- 1 : 2 = -0.201664
  -- 2 : 1 = 0.36129
  -- 2 : 2 = 0.0166294
  -- 3 : 1 = -0.443059
  -- 3 : 2 = -0.0150667
  -- 4 : 1 = 0.128509
  -- 4 : 2 = -0.144002
Out\Act	False		True
False	0	0.84198	0.84198
True	0	0.15802	0.15802
	0	1
	Accuracy [ (tp + tn) / testSize ]: 0.15802
	Precision [ tp / (tp + fp) ]:      0.157945
	Sensitivity [ tp / (tp + fn) ]:    0.996997
	Specificity [ tn / (tn + fp) ]:    0
	F-Score [ 2tp / (2tp + fp + fn) ]: 0.272802
Particle (21):: Fit: 24.5851	PB: 24.5851	LB: 24.5861	GB: 25.2152	Conf: 0.928025	Pts: 65384
Particle (34):: Fit: 24.4266	PB: 24.4266	LB: 24.5859	GB: 25.2152	Conf: 0.614676	Pts: 55778
Particle (15):: Fit: 23.1816	PB: 23.1816	LB: 24.5862	GB: 25.2152	Conf: 0.125909	Pts: 110454
Particle (12):: Fit: 24.5557	PB: 24.5557	LB: 24.5862	GB: 25.2152	Conf: 0.767687	Pts: 125453
Particle (37):: Fit: 24.5571	PB: 24.5571	LB: 24.7811	GB: 25.2152	Conf: 0.77072	Pts: 55747
Particle (6):: Fit: 24.5857	PB: 24.5857	LB: 25.2152	GB: 25.2152	Conf: 0.879963	Pts: 105345
Particle (29):: Fit: 23.6286	PB: 23.6286	LB: 24.5861	GB: 25.2152	Conf: 0.253563	Pts: 70518
Particle (31):: Fit: 24.552	PB: 24.552	LB: 24.5859	GB: 25.2152	Conf: 0.760285	Pts: 55698
Particle (49):: Fit: 41.8807	PB: 41.8807	LB: 41.8807	GB: 41.8807	Conf: 0.0756273	Pts: 130393
Global: 41.8807 - Correct: 70% of 10 tests
Global Best: 
  Inner Net 1
  -- 1 : 1 = 0.348619
  -- 1 : 2 = 0.512
  -- 1 : 3 = 0.0125524
  -- 1 : 4 = 0.194359
  -- 1 : 5 = 0.0474982
  -- 1 : 6 = 0.439298
  -- 1 : 7 = 0.311841
  -- 1 : 8 = -0.0189445
  -- 1 : 9 = 0.4246
  -- 1 : 10 = 0.7452
  -- 2 : 1 = 0.453021
  -- 2 : 2 = 0.0713433
  -- 2 : 3 = 0.618007
  -- 2 : 4 = -0.0525848
  -- 2 : 5 = 0.4354
  -- 2 : 6 = 0.36637
  -- 2 : 7 = 0.269692
  -- 2 : 8 = -0.0861
  -- 2 : 9 = -0.189907
  -- 2 : 10 = -0.234934
  -- 3 : 1 = 0.495418
  -- 3 : 2 = -0.0710586
  -- 3 : 3 = 0.223877
  -- 3 : 4 = 0.213614
  -- 3 : 5 = 0.171459
  -- 3 : 6 = 0.208129
  -- 3 : 7 = 0.204309
  -- 3 : 8 = 0.253512
  -- 3 : 9 = -0.212973
  -- 3 : 10 = 0.151283
  -- 4 : 1 = 0.312921
  -- 4 : 2 = 0.7489
  -- 4 : 3 = 0.14167
  -- 4 : 4 = 0.5829
  -- 4 : 5 = 0.537572
  -- 4 : 6 = 0.6185
  -- 4 : 7 = 0.0642509
  -- 4 : 8 = -0.1329
  -- 4 : 9 = 0.550164
  -- 4 : 10 = -0.3207
  -- 5 : 1 = 0.244445
  -- 5 : 2 = -0.207617
  -- 5 : 3 = 0.576075
  -- 5 : 4 = -0.0390174
  -- 5 : 5 = 0.545402
  -- 5 : 6 = 0.0855732
  -- 5 : 7 = -0.1161
  -- 5 : 8 = 0.376511
  -- 5 : 9 = -0.002656
  -- 5 : 10 = 0.332802
  -- 6 : 1 = 0.167131
  -- 6 : 2 = -0.0344934
  -- 6 : 3 = 0.00475421
  -- 6 : 4 = -0.278009
  -- 6 : 5 = 0.390857
  -- 6 : 6 = -0.272284
  -- 6 : 7 = 0.4762
  -- 6 : 8 = -0.0822444
  -- 6 : 9 = 0.0482043
  -- 6 : 10 = 0.292071
  -- 7 : 1 = 0.688087
  -- 7 : 2 = 0.09838
  -- 7 : 3 = 0.366314
  -- 7 : 4 = -0.0376127
  -- 7 : 5 = -0.0953118
  -- 7 : 6 = -0.0415
  -- 7 : 7 = 0.560479
  -- 7 : 8 = -0.0714519
  -- 7 : 9 = 0.269298
  -- 7 : 10 = 0.358365
  -- 8 : 1 = 0.16971
  -- 8 : 2 = 0.36736
  -- 8 : 3 = -0.258613
  -- 8 : 4 = -0.0512377
  -- 8 : 5 = 0.222715
  -- 8 : 6 = 0.104985
  -- 8 : 7 = 0.461076
  -- 8 : 8 = 0.0631713
  -- 8 : 9 = 0.273442
  -- 8 : 10 = 0.221981
  -- 9 : 1 = 0.769496
  -- 9 : 2 = 0.0752154
  -- 9 : 3 = 0.586864
  -- 9 : 4 = 0.232129
  -- 9 : 5 = 0.134426
  -- 9 : 6 = 0.0629327
  -- 9 : 7 = 0.0391953
  -- 9 : 8 = 0.146592
  -- 9 : 9 = 0.235156
  -- 9 : 10 = 0.722056
  -- 10 : 1 = 0.785566
  -- 10 : 2 = 0.0730243
  -- 10 : 3 = 0.0756154
  -- 10 : 4 = 0.01687
  -- 10 : 5 = 0.254647
  -- 10 : 6 = 0.7386
  -- 10 : 7 = 0.364731
  -- 10 : 8 = 0.341086
  -- 10 : 9 = 0.5351
  -- 10 : 10 = 0.450013
  Inner Net 2
  -- 1 : 1 = 0.159119
  -- 1 : 2 = 0.417353
  -- 1 : 3 = 0.0896718
  -- 1 : 4 = 0.0289824
  -- 2 : 1 = 0.473848
  -- 2 : 2 = -0.268414
  -- 2 : 3 = 0.224768
  -- 2 : 4 = -0.103305
  -- 3 : 1 = -0.126509
  -- 3 : 2 = 0.478053
  -- 3 : 3 = -0.179069
  -- 3 : 4 = 0.492385
  -- 4 : 1 = -0.0274841
  -- 4 : 2 = 0.159086
  -- 4 : 3 = 0.543609
  -- 4 : 4 = 0.293424
  -- 5 : 1 = 1
  -- 5 : 2 = -0.0912235
  -- 5 : 3 = 0.787855
  -- 5 : 4 = -0.00406563
  -- 6 : 1 = 0.886407
  -- 6 : 2 = -0.0754382
  -- 6 : 3 = 0.657833
  -- 6 : 4 = 0.677561
  -- 7 : 1 = 0.595758
  -- 7 : 2 = -0.0541731
  -- 7 : 3 = -0.103031
  -- 7 : 4 = 0.375307
  -- 8 : 1 = 0.342105
  -- 8 : 2 = 0.099321
  -- 8 : 3 = 0.202167
  -- 8 : 4 = 0.624
  -- 9 : 1 = 0.0537889
  -- 9 : 2 = 0.327519
  -- 9 : 3 = 0.110802
  -- 9 : 4 = 0.5
  -- 10 : 1 = 0.682479
  -- 10 : 2 = 0.488996
  -- 10 : 3 = 0.499872
  -- 10 : 4 = 0.254317
  Inner Net 3
  -- 1 : 1 = 0.262881
  -- 1 : 2 = 0.22673
  -- 2 : 1 = 0.282664
  -- 2 : 2 = 0.14987
  -- 3 : 1 = -0.69304
  -- 3 : 2 = 0.218369
  -- 4 : 1 = 0.313865
  -- 4 : 2 = -0.413488
Out\Act	False		True
False	0.0828177	0.759162	0.84198
True	0.0166587	0.141361	0.15802
	0.0994764	0.900524
	Accuracy [ (tp + tn) / testSize ]: 0.224179
	Precision [ tp / (tp + fp) ]:      0.156894
	Sensitivity [ tp / (tp + fn) ]:    0.891892
	Specificity [ tn / (tn + fp) ]:    0.0983051
	F-Score [ 2tp / (2tp + fp + fn) ]: 0.266966
Particle (39):: Fit: 22.1565	PB: 22.1565	LB: 25.1866	GB: 41.8807	Conf: 0.827549	Pts: 60491
Particle (1):: Fit: 23.2846	PB: 23.2846	LB: 41.8807	GB: 41.8807	Conf: 0.153281	Pts: 55892
Particle (10):: Fit: 34.1291	PB: 34.1291	LB: 34.1291	GB: 41.8807	Conf: 0.0448843	Pts: 105388
Particle (3):: Fit: 25.4394	PB: 25.4394	LB: 41.8807	GB: 41.8807	Conf: 0.887643	Pts: 230393
Particle (9):: Fit: 30.5003	PB: 30.5003	LB: 34.1291	GB: 41.8807	Conf: 0.0655349	Pts: 165090
Particle (33):: Fit: 24.5029	PB: 24.5029	LB: 24.5859	GB: 41.8807	Conf: 0.688083	Pts: 100379
Particle (14):: Fit: 27.2976	PB: 27.2976	LB: 34.1291	GB: 41.8807	Conf: 0.377817	Pts: 150380
Particle (10):: Fit: 37.0727	PB: 37.0727	LB: 37.0727	GB: 41.8807	Conf: 0.165804	Pts: 155460
Particle (39):: Fit: 22.1565	PB: 22.1565	LB: 25.1866	GB: 41.8807	Conf: 0.827549	Pts: 60561
Particle (47):: Fit: 22.1533	PB: 22.1533	LB: 41.8807	GB: 41.8807	Conf: 0.862296	Pts: 55161
Particle (0):: Fit: 31.7152	PB: 31.7152	LB: 41.8807	GB: 41.8807	Conf: 0.222809	Pts: 155351
Particle (14):: Fit: 29.1357	PB: 29.1357	LB: 37.0727	GB: 41.8807	Conf: 0.368085	Pts: 170455
Particle (49):: Fit: 44.5428	PB: 44.5428	LB: 44.5428	GB: 44.5428	Conf: 0.173024	Pts: 190454
Global: 44.5428 - Correct: 80% of 10 tests
Global Best: 
  Inner Net 1
  -- 1 : 1 = 0.067397
  -- 1 : 2 = 0.161109
  -- 1 : 3 = -0.0175247
  -- 1 : 4 = -0.0136034
  -- 1 : 5 = 0.390928
  -- 1 : 6 = 0.123726
  -- 1 : 7 = -0.0562821
  -- 1 : 8 = 0.0236159
  -- 1 : 9 = 0.193705
  -- 1 : 10 = 0.247163
  -- 2 : 1 = 0.274836
  -- 2 : 2 = 0.340284
  -- 2 : 3 = -0.253253
  -- 2 : 4 = -0.0231673
  -- 2 : 5 = -0.0853883
  -- 2 : 6 = -0.000135108
  -- 2 : 7 = 0.114487
  -- 2 : 8 = -0.0779153
  -- 2 : 9 = -0.452697
  -- 2 : 10 = -0.38818
  -- 3 : 1 = 0.81624
  -- 3 : 2 = -0.0779518
  -- 3 : 3 = 0.0285479
  -- 3 : 4 = 0.351979
  -- 3 : 5 = 0.0619449
  -- 3 : 6 = 0.0100972
  -- 3 : 7 = 0.231341
  -- 3 : 8 = 0.0246252
  -- 3 : 9 = -0.172746
  -- 3 : 10 = 0.104465
  -- 4 : 1 = 0.316986
  -- 4 : 2 = 0.490677
  -- 4 : 3 = -0.210676
  -- 4 : 4 = -0.5
  -- 4 : 5 = 0.0436486
  -- 4 : 6 = 0.070056
  -- 4 : 7 = 0.224585
  -- 4 : 8 = 0.0273407
  -- 4 : 9 = 0.33008
  -- 4 : 10 = 0.192695
  -- 5 : 1 = 0.240373
  -- 5 : 2 = 0.168307
  -- 5 : 3 = 0.267056
  -- 5 : 4 = 0.0937637
  -- 5 : 5 = 0.103425
  -- 5 : 6 = 0.0444476
  -- 5 : 7 = 0.0258908
  -- 5 : 8 = 0.621975
  -- 5 : 9 = -0.150049
  -- 5 : 10 = 0.752318
  -- 6 : 1 = 0.160674
  -- 6 : 2 = 0.032812
  -- 6 : 3 = 0.0293763
  -- 6 : 4 = 0.253335
  -- 6 : 5 = -0.0613078
  -- 6 : 6 = -0.560249
  -- 6 : 7 = 0.568877
  -- 6 : 8 = -0.0171933
  -- 6 : 9 = 0.0544826
  -- 6 : 10 = 0.0757002
  -- 7 : 1 = 0.742221
  -- 7 : 2 = -0.00468611
  -- 7 : 3 = -0.00369983
  -- 7 : 4 = 0.21254
  -- 7 : 5 = 0.0147217
  -- 7 : 6 = -0.080205
  -- 7 : 7 = 0.289096
  -- 7 : 8 = -0.0993789
  -- 7 : 9 = 0.0980294
  -- 7 : 10 = -0.133838
  -- 8 : 1 = 0.23355
  -- 8 : 2 = 0.167171
  -- 8 : 3 = -0.397732
  -- 8 : 4 = -0.028635
  -- 8 : 5 = 0.0386813
  -- 8 : 6 = 0.171352
  -- 8 : 7 = -0.0690163
  -- 8 : 8 = 0.0856738
  -- 8 : 9 = -0.148357
  -- 8 : 10 = 0.129649
  -- 9 : 1 = 0.861694
  -- 9 : 2 = 0.210516
  -- 9 : 3 = 0.33168
  -- 9 : 4 = -0.086337
  -- 9 : 5 = -0.00150544
  -- 9 : 6 = 0.210901
  -- 9 : 7 = 0.101246
  -- 9 : 8 = 0.102202
  -- 9 : 9 = 0.0783966
  -- 9 : 10 = 0.46232
  -- 10 : 1 = 0.778438
  -- 10 : 2 = -0.117942
  -- 10 : 3 = 0.0992159
  -- 10 : 4 = -0.13529
  -- 10 : 5 = 0.201853
  -- 10 : 6 = 0.718758
  -- 10 : 7 = 0.496929
  -- 10 : 8 = 0.176934
  -- 10 : 9 = 0.443454
  -- 10 : 10 = -0.0319297
  Inner Net 2
  -- 1 : 1 = 0.159119
  -- 1 : 2 = 0.417353
  -- 1 : 3 = 0.0896718
  -- 1 : 4 = 0.0289824
  -- 2 : 1 = 0.473848
  -- 2 : 2 = -0.268414
  -- 2 : 3 = 0.224768
  -- 2 : 4 = -0.103305
  -- 3 : 1 = -0.126509
  -- 3 : 2 = 0.478053
  -- 3 : 3 = -0.179069
  -- 3 : 4 = 0.492385
  -- 4 : 1 = -0.0274841
  -- 4 : 2 = 0.159086
  -- 4 : 3 = 0.543609
  -- 4 : 4 = 0.293424
  -- 5 : 1 = 1
  -- 5 : 2 = -0.0912235
  -- 5 : 3 = 0.787855
  -- 5 : 4 = -0.00406563
  -- 6 : 1 = 0.886407
  -- 6 : 2 = -0.0754382
  -- 6 : 3 = 0.657833
  -- 6 : 4 = 0.677561
  -- 7 : 1 = 0.595758
  -- 7 : 2 = -0.0541731
  -- 7 : 3 = -0.103031
  -- 7 : 4 = 0.375307
  -- 8 : 1 = 0.342105
  -- 8 : 2 = 0.099321
  -- 8 : 3 = 0.202167
  -- 8 : 4 = 0.624
  -- 9 : 1 = 0.0537889
  -- 9 : 2 = 0.327519
  -- 9 : 3 = 0.110802
  -- 9 : 4 = 0.5
  -- 10 : 1 = 0.682479
  -- 10 : 2 = 0.488996
  -- 10 : 3 = 0.499872
  -- 10 : 4 = 0.254317
  Inner Net 3
  -- 1 : 1 = 0.262881
  -- 1 : 2 = 0.22673
  -- 2 : 1 = 0.282664
  -- 2 : 2 = 0.14987
  -- 3 : 1 = -0.69304
  -- 3 : 2 = 0.218369
  -- 4 : 1 = 0.313865
  -- 4 : 2 = -0.413488
Out\Act	False		True
False	0.0694907	0.772489	0.84198
True	0.0180866	0.139933	0.15802
	0.0875773	0.912423
	Accuracy [ (tp + tn) / testSize ]: 0.209424
	Precision [ tp / (tp + fp) ]:      0.153285
	Sensitivity [ tp / (tp + fn) ]:    0.882883
	Specificity [ tn / (tn + fp) ]:    0.0824859
	F-Score [ 2tp / (2tp + fp + fn) ]: 0.261333
Particle (39):: Fit: 22.1614	PB: 22.1614	LB: 25.1866	GB: 44.5428	Conf: 0.838072	Pts: 60652
Particle (4):: Fit: 33.5253	PB: 33.5253	LB: 33.5253	GB: 44.5428	Conf: 0.0661977	Pts: 65644
Particle (47):: Fit: 24.5888	PB: 24.5888	LB: 44.5428	GB: 44.5428	Conf: 0.900429	Pts: 55244
Particle (37):: Fit: 24.5571	PB: 24.5571	LB: 24.7811	GB: 44.5428	Conf: 0.770728	Pts: 55747
Particle (0):: Fit: 34.0204	PB: 34.0204	LB: 44.5428	GB: 44.5428	Conf: 0.22829	Pts: 160434
Particle (10):: Fit: 37.5166	PB: 37.5166	LB: 37.5166	GB: 44.5428	Conf: 0.0524378	Pts: 205527
Particle (26):: Fit: 24.7539	PB: 24.7539	LB: 24.7539	GB: 44.5428	Conf: 0.621444	Pts: 160227
Particle (14):: Fit: 34.0797	PB: 34.0797	LB: 37.5166	GB: 44.5428	Conf: 0.362721	Pts: 190525
Particle (10):: Fit: 40.8166	PB: 40.8166	LB: 40.8166	GB: 44.5428	Conf: 0.0575413	Pts: 255617
Particle (9):: Fit: 39.3898	PB: 39.3898	LB: 40.8166	GB: 44.5428	Conf: 0.0575441	Pts: 170118
Particle (15):: Fit: 35.0311	PB: 35.0311	LB: 35.0311	GB: 44.5428	Conf: 0.118204	Pts: 135409
Particle (15):: Fit: 40.491	PB: 40.491	LB: 40.491	GB: 44.5428	Conf: 0.104283	Pts: 160502
Particle (44):: Fit: 24.0196	PB: 24.0196	LB: 44.5428	GB: 44.5428	Conf: 0.391315	Pts: 70487
Particle (30):: Fit: 23.9599	PB: 23.9599	LB: 24.7539	GB: 44.5428	Conf: 0.368777	Pts: 70185
Particle (39):: Fit: 24.5771	PB: 24.5771	LB: 25.1866	GB: 44.5428	Conf: 0.82692	Pts: 60682
Particle (34):: Fit: 24.4278	PB: 24.4278	LB: 24.5859	GB: 44.5428	Conf: 0.614214	Pts: 55676
Particle (37):: Fit: 24.5573	PB: 24.5573	LB: 24.7811	GB: 44.5428	Conf: 0.770985	Pts: 55770
Particle (49):: Fit: 50.1896	PB: 50.1896	LB: 50.1896	GB: 50.1896	Conf: 0.0379958	Pts: 250461
Global: 50.1896 - Correct: 90% of 10 tests
Global Best: 
  Inner Net 1
  -- 1 : 1 = 0.0668345
  -- 1 : 2 = 0.113127
  -- 1 : 3 = -0.0312248
  -- 1 : 4 = -0.0204006
  -- 1 : 5 = 0.349897
  -- 1 : 6 = 0.298366
  -- 1 : 7 = -0.191587
  -- 1 : 8 = -0.149469
  -- 1 : 9 = -0.221466
  -- 1 : 10 = 0.218894
  -- 2 : 1 = 0.274579
  -- 2 : 2 = 0.122274
  -- 2 : 3 = 0.0516622
  -- 2 : 4 = -0.0675078
  -- 2 : 5 = 0.0189765
  -- 2 : 6 = 0.00340573
  -- 2 : 7 = -0.123156
  -- 2 : 8 = 0.244836
  -- 2 : 9 = -0.0225013
  -- 2 : 10 = -0.321938
  -- 3 : 1 = 0.5
  -- 3 : 2 = -0.0706415
  -- 3 : 3 = -0.218777
  -- 3 : 4 = 0.335505
  -- 3 : 5 = 0.172938
  -- 3 : 6 = -0.0417485
  -- 3 : 7 = 0.0277725
  -- 3 : 8 = -0.00169534
  -- 3 : 9 = -0.17395
  -- 3 : 10 = 0.10916
  -- 4 : 1 = 0.0154779
  -- 4 : 2 = 0.207882
  -- 4 : 3 = -0.320347
  -- 4 : 4 = -0.0329028
  -- 4 : 5 = 0.201029
  -- 4 : 6 = -0.0531074
  -- 4 : 7 = -0.00164328
  -- 4 : 8 = 0.107855
  -- 4 : 9 = 0.177807
  -- 4 : 10 = 0.0601709
  -- 5 : 1 = 0.240372
  -- 5 : 2 = 0.109145
  -- 5 : 3 = 0.401607
  -- 5 : 4 = -0.0732707
  -- 5 : 5 = -0.0135922
  -- 5 : 6 = -0.00951653
  -- 5 : 7 = -0.00901075
  -- 5 : 8 = 0.121463
  -- 5 : 9 = -0.0287176
  -- 5 : 10 = 0.93504
  -- 6 : 1 = 0.145412
  -- 6 : 2 = 0.0211937
  -- 6 : 3 = -0.335643
  -- 6 : 4 = 0.338977
  -- 6 : 5 = -0.102196
  -- 6 : 6 = -0.482018
  -- 6 : 7 = 0.703267
  -- 6 : 8 = -0.0470486
  -- 6 : 9 = 0.0257706
  -- 6 : 10 = 0.0615997
  -- 7 : 1 = 0.703197
  -- 7 : 2 = -0.009208
  -- 7 : 3 = -0.0107678
  -- 7 : 4 = 0.240425
  -- 7 : 5 = 0.0157839
  -- 7 : 6 = 0.0752181
  -- 7 : 7 = 0.246266
  -- 7 : 8 = -0.280763
  -- 7 : 9 = 0.155616
  -- 7 : 10 = -0.0263658
  -- 8 : 1 = 0.229498
  -- 8 : 2 = 0.00737308
  -- 8 : 3 = -0.298654
  -- 8 : 4 = 0.0247673
  -- 8 : 5 = 0.283917
  -- 8 : 6 = -0.100196
  -- 8 : 7 = 0.0605236
  -- 8 : 8 = -0.0670815
  -- 8 : 9 = 0.0356292
  -- 8 : 10 = -0.275922
  -- 9 : 1 = 0.845964
  -- 9 : 2 = 0.26945
  -- 9 : 3 = 0.0217828
  -- 9 : 4 = -0.232718
  -- 9 : 5 = 0.00149961
  -- 9 : 6 = 0.0143344
  -- 9 : 7 = 0.0463264
  -- 9 : 8 = 0.0166925
  -- 9 : 9 = 0.119267
  -- 9 : 10 = 0.34051
  -- 10 : 1 = 0.734292
  -- 10 : 2 = -0.370902
  -- 10 : 3 = 0.453939
  -- 10 : 4 = 0.0711159
  -- 10 : 5 = -0.140334
  -- 10 : 6 = 0.218359
  -- 10 : 7 = 0.509764
  -- 10 : 8 = 0.181042
  -- 10 : 9 = 0.27361
  -- 10 : 10 = -0.0262334
  Inner Net 2
  -- 1 : 1 = 0.187385
  -- 1 : 2 = 0.503503
  -- 1 : 3 = 0.32196
  -- 1 : 4 = -0.0397267
  -- 2 : 1 = 0.72151
  -- 2 : 2 = -0.355896
  -- 2 : 3 = -0.0269258
  -- 2 : 4 = 0.095704
  -- 3 : 1 = -0.0792628
  -- 3 : 2 = 0.501238
  -- 3 : 3 = -0.216854
  -- 3 : 4 = 0.372695
  -- 4 : 1 = -0.0467166
  -- 4 : 2 = 0.0337625
  -- 4 : 3 = 0.332742
  -- 4 : 4 = 0.396922
  -- 5 : 1 = -1
  -- 5 : 2 = 0.188015
  -- 5 : 3 = 0.0030013
  -- 5 : 4 = -0.0486222
  -- 6 : 1 = 0.868247
  -- 6 : 2 = -0.0625906
  -- 6 : 3 = 0.349882
  -- 6 : 4 = 0.0758556
  -- 7 : 1 = 0.810869
  -- 7 : 2 = -0.289553
  -- 7 : 3 = 0.0860679
  -- 7 : 4 = 0.152947
  -- 8 : 1 = 0.481152
  -- 8 : 2 = 0.118493
  -- 8 : 3 = 0.269478
  -- 8 : 4 = 0.791195
  -- 9 : 1 = 0.0570135
  -- 9 : 2 = 0.217392
  -- 9 : 3 = 0.15638
  -- 9 : 4 = 0.320441
  -- 10 : 1 = 0.603699
  -- 10 : 2 = 0.281496
  -- 10 : 3 = 0.121402
  -- 10 : 4 = 0.00767138
  Inner Net 3
  -- 1 : 1 = 0.262881
  -- 1 : 2 = 0.22673
  -- 2 : 1 = 0.282664
  -- 2 : 2 = 0.14987
  -- 3 : 1 = -0.69304
  -- 3 : 2 = 0.218369
  -- 4 : 1 = 0.313865
  -- 4 : 2 = -0.413488
Out\Act	False		True
False	0.229415	0.612565	0.84198
True	0.0347454	0.123275	0.15802
	0.26416	0.73584
	Accuracy [ (tp + tn) / testSize ]: 0.352689
	Precision [ tp / (tp + fp) ]:      0.167421
	Sensitivity [ tp / (tp + fn) ]:    0.777778
	Specificity [ tn / (tn + fp) ]:    0.272316
	F-Score [ 2tp / (2tp + fp + fn) ]: 0.275679
Particle (12):: Fit: 25.3974	PB: 25.3974	LB: 40.8166	GB: 50.1896	Conf: 0.767687	Pts: 125358
Particle (33):: Fit: 24.5029	PB: 24.5029	LB: 24.5859	GB: 50.1896	Conf: 0.688095	Pts: 100355
Particle (35):: Fit: 24.586	PB: 24.586	LB: 24.586	GB: 50.1896	Conf: 0.930403	Pts: 170252
Particle (15):: Fit: 44.0717	PB: 44.0717	LB: 44.0717	GB: 50.1896	Conf: 0.100732	Pts: 210545
Particle (21):: Fit: 24.5852	PB: 24.5852	LB: 24.7539	GB: 50.1896	Conf: 0.928368	Pts: 65247
Particle (4):: Fit: 37.5664	PB: 37.5664	LB: 39.3898	GB: 50.1896	Conf: 0.0556803	Pts: 65640
Particle (34):: Fit: 24.4298	PB: 24.4298	LB: 24.586	GB: 50.1896	Conf: 0.616624	Pts: 55723
Particle (14):: Fit: 36.3544	PB: 36.3544	LB: 44.0717	GB: 50.1896	Conf: 0.319043	Pts: 190505
Particle (45):: Fit: 36.8418	PB: 36.8418	LB: 50.1896	GB: 50.1896	Conf: 0.445442	Pts: 70490
Particle (10):: Fit: 40.9528	PB: 40.9528	LB: 44.0717	GB: 50.1896	Conf: 0.11304	Pts: 280581
Particle (0):: Fit: 43.234	PB: 43.234	LB: 50.1896	GB: 50.1896	Conf: 0.148156	Pts: 165367
Particle (11):: Fit: 30.4316	PB: 30.4316	LB: 44.0717	GB: 50.1896	Conf: 0.423148	Pts: 89974
Particle (47):: Fit: 24.5914	PB: 24.5914	LB: 50.1896	GB: 50.1896	Conf: 0.858594	Pts: 55164
Particle (30):: Fit: 40.1893	PB: 40.1893	LB: 40.1893	GB: 50.1896	Conf: 0.307948	Pts: 120155
Particle (40):: Fit: 34.1362	PB: 34.1362	LB: 36.8418	GB: 50.1896	Conf: 0.301511	Pts: 105035
Particle (10):: Fit: 45.7298	PB: 45.7298	LB: 45.7298	GB: 50.1896	Conf: 0.200328	Pts: 330628
Particle (47):: Fit: 24.9204	PB: 24.9204	LB: 50.1896	GB: 50.1896	Conf: 0.875718	Pts: 55228
Particle (4):: Fit: 40.5502	PB: 40.5502	LB: 43.234	GB: 50.1896	Conf: 0.0639865	Pts: 65621
Particle (37):: Fit: 24.5576	PB: 24.5576	LB: 34.1362	GB: 50.1896	Conf: 0.771281	Pts: 55723
Particle (46):: Fit: 29.2574	PB: 29.2574	LB: 50.1896	GB: 50.1896	Conf: 0.27775	Pts: 169811
Particle (46):: Fit: 34.1818	PB: 34.1818	LB: 50.1896	GB: 50.1896	Conf: 0.474687	Pts: 169902
Particle (33):: Fit: 24.5033	PB: 24.5033	LB: 40.1893	GB: 50.1896	Conf: 0.688378	Pts: 100294
Particle (1):: Fit: 23.2851	PB: 23.2851	LB: 50.1896	GB: 50.1896	Conf: 0.153413	Pts: 55690
Particle (6):: Fit: 24.9187	PB: 24.9187	LB: 45.7298	GB: 50.1896	Conf: 0.879963	Pts: 105087
Particle (9):: Fit: 43.9009	PB: 43.9009	LB: 45.7298	GB: 50.1896	Conf: 0.0691185	Pts: 174984
Particle (4):: Fit: 45.345	PB: 45.345	LB: 45.345	GB: 50.1896	Conf: 0.0499344	Pts: 70644
Particle (22):: Fit: 24.5695	PB: 24.5695	LB: 24.7539	GB: 50.1896	Conf: 0.796614	Pts: 90052
Particle (33):: Fit: 24.5124	PB: 24.5124	LB: 40.1893	GB: 50.1896	Conf: 0.690146	Pts: 100321
Particle (1):: Fit: 23.8373	PB: 23.8373	LB: 50.1896	GB: 50.1896	Conf: 0.156861	Pts: 55724
Particle (8):: Fit: 24.3201	PB: 24.3201	LB: 45.7298	GB: 50.1896	Conf: 0.553433	Pts: 70112
Particle (6):: Fit: 36.7601	PB: 36.7601	LB: 45.7298	GB: 50.1896	Conf: 0.861762	Pts: 105087
Particle (43):: Fit: 25.4132	PB: 25.4132	LB: 36.8418	GB: 50.1896	Conf: 0.797145	Pts: 109944
Particle (34):: Fit: 24.4542	PB: 24.4542	LB: 40.1893	GB: 50.1896	Conf: 0.649965	Pts: 55527
Particle (33):: Fit: 24.5136	PB: 24.5136	LB: 40.1893	GB: 50.1896	Conf: 0.697633	Pts: 100319
Particle (8):: Fit: 24.33	PB: 24.33	LB: 45.7298	GB: 50.1896	Conf: 0.545126	Pts: 70123
Particle (6):: Fit: 40.7576	PB: 40.7576	LB: 45.7298	GB: 50.1896	Conf: 0.863767	Pts: 105109
Particle (45):: Fit: 41.09	PB: 41.09	LB: 50.1896	GB: 50.1896	Conf: 0.314742	Pts: 90277
Particle (21):: Fit: 24.5859	PB: 24.5859	LB: 24.7539	GB: 50.1896	Conf: 0.932073	Pts: 65002
Particle (6):: Fit: 42.1216	PB: 42.1216	LB: 45.7298	GB: 50.1896	Conf: 0.744581	Pts: 105194
Particle (31):: Fit: 24.8805	PB: 24.8805	LB: 40.1893	GB: 50.1896	Conf: 0.760285	Pts: 55283
Particle (40):: Fit: 39.0137	PB: 39.0137	LB: 41.09	GB: 50.1896	Conf: 0.383143	Pts: 129848
Particle (7):: Fit: 25.2219	PB: 25.2219	LB: 45.7298	GB: 50.1896	Conf: 0.597521	Pts: 205057
Particle (21):: Fit: 24.9204	PB: 24.9204	LB: 24.9204	GB: 50.1896	Conf: 0.926475	Pts: 90054
Particle (34):: Fit: 24.4811	PB: 24.4811	LB: 40.1893	GB: 50.1896	Conf: 0.652729	Pts: 55548
Particle (8):: Fit: 24.3328	PB: 24.3328	LB: 45.7298	GB: 50.1896	Conf: 0.546438	Pts: 70147
Particle (22):: Fit: 24.5744	PB: 24.5744	LB: 24.9204	GB: 50.1896	Conf: 0.803795	Pts: 89879
Particle (9):: Fit: 45.077	PB: 45.077	LB: 45.7298	GB: 50.1896	Conf: 0.0695866	Pts: 174768
Particle (24):: Fit: 29.1201	PB: 29.1201	LB: 29.1201	GB: 50.1896	Conf: 0.108488	Pts: 144534
Particle (4):: Fit: 46.6483	PB: 46.6483	LB: 46.6483	GB: 50.1896	Conf: 0.0521538	Pts: 95433
Particle (44):: Fit: 24.0684	PB: 24.0684	LB: 50.1896	GB: 50.1896	Conf: 0.410729	Pts: 70044
Particle (24):: Fit: 29.1345	PB: 29.1345	LB: 29.1345	GB: 50.1896	Conf: 0.141609	Pts: 169625
Particle (24):: Fit: 33.6687	PB: 33.6687	LB: 33.6687	GB: 50.1896	Conf: 0.104097	Pts: 194715
Particle (11):: Fit: 35.7342	PB: 35.7342	LB: 45.7298	GB: 50.1896	Conf: 0.454634	Pts: 89636
Particle (29):: Fit: 23.6738	PB: 23.6738	LB: 40.1893	GB: 50.1896	Conf: 0.269186	Pts: 69924
Particle (42):: Fit: 31.3567	PB: 31.3567	LB: 41.09	GB: 50.1896	Conf: 0.0606693	Pts: 109586
Particle (37):: Fit: 24.5579	PB: 24.5579	LB: 39.0137	GB: 50.1896	Conf: 0.771862	Pts: 55409
Particle (24):: Fit: 35.8936	PB: 35.8936	LB: 35.8936	GB: 50.1896	Conf: 0.122648	Pts: 219775
Particle (29):: Fit: 24.4107	PB: 24.4107	LB: 40.1893	GB: 50.1896	Conf: 0.2564	Pts: 69988
Particle (10):: Fit: 49.2593	PB: 49.2593	LB: 49.2593	GB: 50.1896	Conf: 0.0669954	Pts: 380269
Particle (44):: Fit: 24.5761	PB: 24.5761	LB: 50.1896	GB: 50.1896	Conf: 0.389629	Pts: 70075
Particle (42):: Fit: 37.6972	PB: 37.6972	LB: 41.09	GB: 50.1896	Conf: 0.0744638	Pts: 109650
Particle (11):: Fit: 40.3632	PB: 40.3632	LB: 49.2593	GB: 50.1896	Conf: 0.401893	Pts: 89658
Particle (21):: Fit: 25.201	PB: 25.201	LB: 35.8936	GB: 50.1896	Conf: 0.927712	Pts: 89945
Particle (14):: Fit: 36.4549	PB: 36.4549	LB: 49.2593	GB: 50.1896	Conf: 0.348471	Pts: 190020
Particle (8):: Fit: 25.3189	PB: 25.3189	LB: 49.2593	GB: 50.1896	Conf: 0.538892	Pts: 70037
Particle (4):: Fit: 49.1736	PB: 49.1736	LB: 49.1736	GB: 50.1896	Conf: 0.052617	Pts: 100352
Particle (0):: Fit: 43.373	PB: 43.373	LB: 50.1896	GB: 50.1896	Conf: 0.192187	Pts: 164845
Particle (37):: Fit: 24.5585	PB: 24.5585	LB: 39.0137	GB: 50.1896	Conf: 0.772363	Pts: 55358
Particle (39):: Fit: 24.5846	PB: 24.5846	LB: 39.0137	GB: 50.1896	Conf: 0.849254	Pts: 60028
Particle (15):: Fit: 48.464	PB: 48.464	LB: 48.464	GB: 50.1896	Conf: 0.110394	Pts: 234921
Particle (35):: Fit: 24.596	PB: 24.596	LB: 39.0137	GB: 50.1896	Conf: 0.924971	Pts: 169571
Particle (39):: Fit: 25.183	PB: 25.183	LB: 39.0137	GB: 50.1896	Conf: 0.820651	Pts: 60050
Particle (35):: Fit: 24.9194	PB: 24.9194	LB: 39.0137	GB: 50.1896	Conf: 0.924548	Pts: 169632
Particle (35):: Fit: 25.4409	PB: 25.4409	LB: 39.0137	GB: 50.1896	Conf: 0.92377	Pts: 169682
Particle (1):: Fit: 24.0383	PB: 24.0383	LB: 50.1896	GB: 50.1896	Conf: 0.15477	Pts: 55046
Particle (8):: Fit: 30.5715	PB: 30.5715	LB: 49.2593	GB: 50.1896	Conf: 0.507066	Pts: 69701
Particle (45):: Fit: 41.3765	PB: 41.3765	LB: 50.1896	GB: 50.1896	Conf: 0.395486	Pts: 109617
Particle (6):: Fit: 45.7386	PB: 45.7386	LB: 49.2593	GB: 50.1896	Conf: 0.753879	Pts: 104551
Particle (26):: Fit: 25.0363	PB: 25.0363	LB: 40.1893	GB: 50.1896	Conf: 0.629026	Pts: 159122
Particle (30):: Fit: 49.798	PB: 49.798	LB: 49.798	GB: 50.1896	Conf: 0.335486	Pts: 169163
Particle (22):: Fit: 24.8956	PB: 24.8956	LB: 35.8936	GB: 50.1896	Conf: 0.79098	Pts: 89251
Particle (6):: Fit: 51.2003	PB: 51.2003	LB: 51.2003	GB: 51.2003	Conf: 0.862076	Pts: 164548
Global: 51.2003 - Correct: 90% of 10 tests
Global Best: 
  Inner Net 1
  -- 1 : 1 = 0.00138613
  -- 1 : 2 = -0.078776
  -- 1 : 3 = -0.253115
  -- 1 : 4 = -0.154136
  -- 1 : 5 = -0.45229
  -- 1 : 6 = 0.0759502
  -- 1 : 7 = 0.112008
  -- 1 : 8 = 0.10292
  -- 1 : 9 = -0.0634388
  -- 1 : 10 = -0.0313503
  -- 2 : 1 = 0.702046
  -- 2 : 2 = 0.364208
  -- 2 : 3 = -0.138195
  -- 2 : 4 = 0.131376
  -- 2 : 5 = 0.237446
  -- 2 : 6 = 0.0519712
  -- 2 : 7 = 0.142496
  -- 2 : 8 = -0.273963
  -- 2 : 9 = 0.0180666
  -- 2 : 10 = 0.381101
  -- 3 : 1 = 0.539987
  -- 3 : 2 = -0.25079
  -- 3 : 3 = 0.042967
  -- 3 : 4 = -0.0892357
  -- 3 : 5 = -0.0591376
  -- 3 : 6 = -0.157688
  -- 3 : 7 = 0.142642
  -- 3 : 8 = 0.266676
  -- 3 : 9 = -0.248692
  -- 3 : 10 = 0.337091
  -- 4 : 1 = -0.791785
  -- 4 : 2 = 0.0999925
  -- 4 : 3 = 0.0145286
  -- 4 : 4 = -0.144368
  -- 4 : 5 = 0.471661
  -- 4 : 6 = -0.0487326
  -- 4 : 7 = -0.167646
  -- 4 : 8 = -0.0650234
  -- 4 : 9 = 0.0164958
  -- 4 : 10 = 0.179917
  -- 5 : 1 = 0.31421
  -- 5 : 2 = -0.319736
  -- 5 : 3 = -0.0784967
  -- 5 : 4 = -0.351258
  -- 5 : 5 = 0.0641657
  -- 5 : 6 = 0.097047
  -- 5 : 7 = -0.0990364
  -- 5 : 8 = -0.0009069
  -- 5 : 9 = 0.319318
  -- 5 : 10 = -0.10547
  -- 6 : 1 = 0.423617
  -- 6 : 2 = -0.0805124
  -- 6 : 3 = 0.038776
  -- 6 : 4 = 0.00413572
  -- 6 : 5 = -0.133286
  -- 6 : 6 = -0.185878
  -- 6 : 7 = 0.192045
  -- 6 : 8 = -0.0590292
  -- 6 : 9 = 0.356345
  -- 6 : 10 = -0.305052
  -- 7 : 1 = -0.279517
  -- 7 : 2 = 0.216556
  -- 7 : 3 = -0.434137
  -- 7 : 4 = 0.182981
  -- 7 : 5 = -0.0410542
  -- 7 : 6 = 0.0796519
  -- 7 : 7 = 0.0345385
  -- 7 : 8 = 0.0292621
  -- 7 : 9 = 0.0499235
  -- 7 : 10 = 0.0163431
  -- 8 : 1 = 0.222436
  -- 8 : 2 = 0.30052
  -- 8 : 3 = -0.360265
  -- 8 : 4 = -0.000853553
  -- 8 : 5 = 0.238211
  -- 8 : 6 = -0.612002
  -- 8 : 7 = 0.0846876
  -- 8 : 8 = 0.204034
  -- 8 : 9 = 0.143417
  -- 8 : 10 = 0.189289
  -- 9 : 1 = 0.196594
  -- 9 : 2 = 0.114027
  -- 9 : 3 = 0.575591
  -- 9 : 4 = -0.209903
  -- 9 : 5 = -0.30044
  -- 9 : 6 = 0.26367
  -- 9 : 7 = -0.0240212
  -- 9 : 8 = -0.11451
  -- 9 : 9 = 0.0811341
  -- 9 : 10 = 0.362389
  -- 10 : 1 = 0.322989
  -- 10 : 2 = -0.0826035
  -- 10 : 3 = 0.303639
  -- 10 : 4 = 0.0400573
  -- 10 : 5 = -0.200041
  -- 10 : 6 = -0.0964544
  -- 10 : 7 = -0.202258
  -- 10 : 8 = -0.439016
  -- 10 : 9 = 0.162604
  -- 10 : 10 = 0.180239
  Inner Net 2
  -- 1 : 1 = -0.0366884
  -- 1 : 2 = -0.0248403
  -- 1 : 3 = -0.336258
  -- 1 : 4 = 0.176519
  -- 2 : 1 = 1
  -- 2 : 2 = 0.172109
  -- 2 : 3 = 0.159621
  -- 2 : 4 = -0.0953857
  -- 3 : 1 = 0.458923
  -- 3 : 2 = 0.348093
  -- 3 : 3 = -0.0337461
  -- 3 : 4 = 0.171596
  -- 4 : 1 = 0.324483
  -- 4 : 2 = 0.191662
  -- 4 : 3 = -0.0152445
  -- 4 : 4 = 0.0574979
  -- 5 : 1 = -0.845057
  -- 5 : 2 = 0.354058
  -- 5 : 3 = 0.443667
  -- 5 : 4 = 0.177509
  -- 6 : 1 = 0.850865
  -- 6 : 2 = 0.0129631
  -- 6 : 3 = -0.0350885
  -- 6 : 4 = -0.160506
  -- 7 : 1 = 0.871503
  -- 7 : 2 = -0.250165
  -- 7 : 3 = 0.0311116
  -- 7 : 4 = 0.256257
  -- 8 : 1 = 0.167971
  -- 8 : 2 = -0.35647
  -- 8 : 3 = 0.417481
  -- 8 : 4 = -0.143426
  -- 9 : 1 = 0.468288
  -- 9 : 2 = 0.420591
  -- 9 : 3 = 0.236416
  -- 9 : 4 = 0.110966
  -- 10 : 1 = 0.0870297
  -- 10 : 2 = -0.149465
  -- 10 : 3 = 0.0918803
  -- 10 : 4 = 0.341601
  Inner Net 3
  -- 1 : 1 = -0.315416
  -- 1 : 2 = 0.466728
  -- 2 : 1 = 0.32716
  -- 2 : 2 = -0.0897969
  -- 3 : 1 = -0.097725
  -- 3 : 2 = -0.314778
  -- 4 : 1 = 0.096331
  -- 4 : 2 = 0.0240622
Out\Act	False		True
False	0.0556878	0.786292	0.84198
True	0.0123751	0.145645	0.15802
	0.0680628	0.931937
	Accuracy [ (tp + tn) / testSize ]: 0.201333
	Precision [ tp / (tp + fp) ]:      0.156202
	Sensitivity [ tp / (tp + fn) ]:    0.918919
	Specificity [ tn / (tn + fp) ]:    0.0661017
	F-Score [ 2tp / (2tp + fp + fn) ]: 0.267132
Particle (6):: Fit: 53.161	PB: 53.161	LB: 53.161	GB: 53.161	Conf: 0.734774	Pts: 224574
Global: 53.161 - Correct: 90% of 10 tests
Global Best: 
  Inner Net 1
  -- 1 : 1 = -0.175521
  -- 1 : 2 = 0.185107
  -- 1 : 3 = -0.42431
  -- 1 : 4 = -0.0151809
  -- 1 : 5 = -0.204483
  -- 1 : 6 = 0.262644
  -- 1 : 7 = 0.0584738
  -- 1 : 8 = 0.0283704
  -- 1 : 9 = -0.291965
  -- 1 : 10 = -0.10985
  -- 2 : 1 = 0.813607
  -- 2 : 2 = 0.430804
  -- 2 : 3 = -0.227673
  -- 2 : 4 = 0.238707
  -- 2 : 5 = -0.0795129
  -- 2 : 6 = 0.108984
  -- 2 : 7 = 0.116478
  -- 2 : 8 = -0.278287
  -- 2 : 9 = -0.0187755
  -- 2 : 10 = 0.307274
  -- 3 : 1 = 0.438921
  -- 3 : 2 = -0.400596
  -- 3 : 3 = -0.105637
  -- 3 : 4 = -0.107276
  -- 3 : 5 = -0.0790485
  -- 3 : 6 = -0.209813
  -- 3 : 7 = 0.0281158
  -- 3 : 8 = 0.305977
  -- 3 : 9 = -0.336474
  -- 3 : 10 = 0.0999451
  -- 4 : 1 = 0
  -- 4 : 2 = 0.115784
  -- 4 : 3 = 0.0060632
  -- 4 : 4 = -0.262836
  -- 4 : 5 = 0.499838
  -- 4 : 6 = 0.237412
  -- 4 : 7 = -0.0249607
  -- 4 : 8 = 0.125981
  -- 4 : 9 = -0.0390593
  -- 4 : 10 = -0.015828
  -- 5 : 1 = 0.47973
  -- 5 : 2 = -0.326588
  -- 5 : 3 = -0.149931
  -- 5 : 4 = -0.650628
  -- 5 : 5 = -0.320534
  -- 5 : 6 = 0.144233
  -- 5 : 7 = -0.0318697
  -- 5 : 8 = -0.110673
  -- 5 : 9 = 0.286775
  -- 5 : 10 = -0.392823
  -- 6 : 1 = 0.505927
  -- 6 : 2 = -0.11133
  -- 6 : 3 = 0.309826
  -- 6 : 4 = -4.82125e-005
  -- 6 : 5 = 0.0538329
  -- 6 : 6 = 0.0754982
  -- 6 : 7 = 0.0973446
  -- 6 : 8 = 0.170773
  -- 6 : 9 = 0.40459
  -- 6 : 10 = -0.00792307
  -- 7 : 1 = -0.149624
  -- 7 : 2 = -0.022571
  -- 7 : 3 = -0.314125
  -- 7 : 4 = -0.0455924
  -- 7 : 5 = 0.283423
  -- 7 : 6 = 0.248904
  -- 7 : 7 = 0.296916
  -- 7 : 8 = 0.0641829
  -- 7 : 9 = -0.0168211
  -- 7 : 10 = -0.0175002
  -- 8 : 1 = 0.191905
  -- 8 : 2 = 0.465152
  -- 8 : 3 = -0.150604
  -- 8 : 4 = -0.0939381
  -- 8 : 5 = 0.301178
  -- 8 : 6 = -0.0737037
  -- 8 : 7 = 0.324643
  -- 8 : 8 = 0.205253
  -- 8 : 9 = -0.0281806
  -- 8 : 10 = 0.117192
  -- 9 : 1 = 0.555682
  -- 9 : 2 = 0.0914705
  -- 9 : 3 = 0.422321
  -- 9 : 4 = 0.00989945
  -- 9 : 5 = -0.341191
  -- 9 : 6 = 0.0644283
  -- 9 : 7 = 0.2333
  -- 9 : 8 = -0.0902848
  -- 9 : 9 = -0.174744
  -- 9 : 10 = 0.227931
  -- 10 : 1 = 0.446948
  -- 10 : 2 = -0.315127
  -- 10 : 3 = 0.250531
  -- 10 : 4 = -0.0641966
  -- 10 : 5 = -0.134387
  -- 10 : 6 = -0.0205231
  -- 10 : 7 = -0.375145
  -- 10 : 8 = 0.0860809
  -- 10 : 9 = -0.244766
  -- 10 : 10 = 0.201889
  Inner Net 2
  -- 1 : 1 = 0.123105
  -- 1 : 2 = 0.0299991
  -- 1 : 3 = -0.0333052
  -- 1 : 4 = 0.368543
  -- 2 : 1 = -1
  -- 2 : 2 = 0.209025
  -- 2 : 3 = 0.214166
  -- 2 : 4 = -0.163421
  -- 3 : 1 = 0.45759
  -- 3 : 2 = 0.420887
  -- 3 : 3 = 0.130216
  -- 3 : 4 = 0.0976177
  -- 4 : 1 = 0.324275
  -- 4 : 2 = 0.0886087
  -- 4 : 3 = 0.00268511
  -- 4 : 4 = 0.204188
  -- 5 : 1 = -0.898551
  -- 5 : 2 = 0.255675
  -- 5 : 3 = -0.0476749
  -- 5 : 4 = 0.389576
  -- 6 : 1 = 0.80588
  -- 6 : 2 = 0.0130279
  -- 6 : 3 = -0.25839
  -- 6 : 4 = 0.0289733
  -- 7 : 1 = 0.5
  -- 7 : 2 = -0.471305
  -- 7 : 3 = 0.086596
  -- 7 : 4 = -0.0446962
  -- 8 : 1 = 0.124064
  -- 8 : 2 = 0.0249804
  -- 8 : 3 = 0.478799
  -- 8 : 4 = 0.294044
  -- 9 : 1 = 0.520909
  -- 9 : 2 = 0.427209
  -- 9 : 3 = 0.0611347
  -- 9 : 4 = 0.0198887
  -- 10 : 1 = 0.144061
  -- 10 : 2 = 0.141499
  -- 10 : 3 = -0.0344928
  -- 10 : 4 = 0.09548
  Inner Net 3
  -- 1 : 1 = -0.315416
  -- 1 : 2 = 0.466728
  -- 2 : 1 = 0.32716
  -- 2 : 2 = -0.0897969
  -- 3 : 1 = -0.097725
  -- 3 : 2 = -0.314778
  -- 4 : 1 = 0.096331
  -- 4 : 2 = 0.0240622
Out\Act	False		True
False	0.0585436	0.783436	0.84198
True	0.012851	0.145169	0.15802
	0.0713946	0.928605
	Accuracy [ (tp + tn) / testSize ]: 0.203713
	Precision [ tp / (tp + fp) ]:      0.15625
	Sensitivity [ tp / (tp + fn) ]:    0.915916
	Specificity [ tn / (tn + fp) ]:    0.0694915
	F-Score [ 2tp / (2tp + fp + fn) ]: 0.267075
Particle (20):: Fit: 24.8675	PB: 24.8675	LB: 35.8936	GB: 53.161	Conf: 0.739031	Pts: 109155
Particle (16):: Fit: 24.8574	PB: 24.8574	LB: 48.464	GB: 53.161	Conf: 0.724933	Pts: 104251
Particle (37):: Fit: 24.5596	PB: 24.5596	LB: 39.0137	GB: 53.161	Conf: 0.774468	Pts: 54738
Particle (47):: Fit: 25.4341	PB: 25.4341	LB: 50.1896	GB: 53.161	Conf: 0.862648	Pts: 53969
Particle (37):: Fit: 24.8885	PB: 24.8885	LB: 39.0137	GB: 53.161	Conf: 0.773762	Pts: 54749
Particle (24):: Fit: 37.6017	PB: 37.6017	LB: 37.6017	GB: 53.161	Conf: 0.0740541	Pts: 243857
Particle (11):: Fit: 40.4309	PB: 40.4309	LB: 49.2593	GB: 53.161	Conf: 0.420626	Pts: 88789
Particle (11):: Fit: 45.1825	PB: 45.1825	LB: 49.2593	GB: 53.161	Conf: 0.291245	Pts: 88866
Particle (24):: Fit: 38.3629	PB: 38.3629	LB: 38.3629	GB: 53.161	Conf: 0.0579194	Pts: 268838
Particle (16):: Fit: 25.137	PB: 25.137	LB: 48.464	GB: 53.161	Conf: 0.729552	Pts: 104035
Particle (15):: Fit: 48.5003	PB: 48.5003	LB: 48.5003	GB: 53.161	Conf: 0.105553	Pts: 258982
Particle (42):: Fit: 44.3508	PB: 44.3508	LB: 44.3508	GB: 53.161	Conf: 0.0434122	Pts: 143511
Particle (34):: Fit: 24.7473	PB: 24.7473	LB: 49.798	GB: 53.161	Conf: 0.614367	Pts: 54196
Particle (0):: Fit: 44.1872	PB: 44.1872	LB: 50.1896	GB: 53.161	Conf: 0.179157	Pts: 163688
Particle (0):: Fit: 45.9084	PB: 45.9084	LB: 50.1896	GB: 53.161	Conf: 0.204187	Pts: 163723
Particle (33):: Fit: 24.5226	PB: 24.5226	LB: 49.798	GB: 53.161	Conf: 0.705551	Pts: 98710
Particle (16):: Fit: 25.5703	PB: 25.5703	LB: 48.5003	GB: 53.161	Conf: 0.725837	Pts: 103809
Particle (39):: Fit: 25.1875	PB: 25.1875	LB: 44.3508	GB: 53.161	Conf: 0.824337	Pts: 58823
Particle (44):: Fit: 24.6247	PB: 24.6247	LB: 50.1896	GB: 53.161	Conf: 0.406585	Pts: 68514
Particle (31):: Fit: 25.1568	PB: 25.1568	LB: 49.798	GB: 53.161	Conf: 0.760107	Pts: 53398
Particle (0):: Fit: 46.008	PB: 46.008	LB: 50.1896	GB: 53.161	Conf: 0.190241	Pts: 162971
Particle (21):: Fit: 25.2011	PB: 25.2011	LB: 38.3629	GB: 53.161	Conf: 0.928025	Pts: 87779
Particle (33):: Fit: 25.0997	PB: 25.0997	LB: 49.798	GB: 53.161	Conf: 0.687234	Pts: 97959
Particle (46):: Fit: 36.7172	PB: 36.7172	LB: 50.1896	GB: 53.161	Conf: 0.487267	Pts: 167178
Particle (14):: Fit: 41.7296	PB: 41.7296	LB: 49.2593	GB: 53.161	Conf: 0.398491	Pts: 187754
Particle (24):: Fit: 39.7143	PB: 39.7143	LB: 39.7143	GB: 53.161	Conf: 0.0822504	Pts: 292633
Particle (10):: Fit: 50.5072	PB: 50.5072	LB: 53.161	GB: 53.161	Conf: 0.130921	Pts: 397550
Particle (9):: Fit: 45.0864	PB: 45.0864	LB: 53.161	GB: 53.161	Conf: 0.0631171	Pts: 172029
Particle (9):: Fit: 49.4489	PB: 49.4489	LB: 53.161	GB: 53.161	Conf: 0.0747995	Pts: 172070
Particle (21):: Fit: 25.4412	PB: 25.4412	LB: 39.7143	GB: 53.161	Conf: 0.926722	Pts: 87365
Particle (14):: Fit: 46.3705	PB: 46.3705	LB: 50.5072	GB: 53.161	Conf: 0.299106	Pts: 187148
Particle (25):: Fit: 44.2494	PB: 44.2494	LB: 49.798	GB: 53.161	Conf: 0.493613	Pts: 76047
Particle (11):: Fit: 45.3561	PB: 45.3561	LB: 50.5072	GB: 53.161	Conf: 0.408695	Pts: 86446
Particle (37):: Fit: 25.1622	PB: 25.1622	LB: 44.3508	GB: 53.161	Conf: 0.770005	Pts: 51622
Particle (15):: Fit: 48.5614	PB: 48.5614	LB: 48.5614	GB: 53.161	Conf: 0.118562	Pts: 281053
Particle (37):: Fit: 25.163	PB: 25.163	LB: 44.3508	GB: 53.161	Conf: 0.770739	Pts: 51647
Particle (6):: Fit: 53.5872	PB: 53.5872	LB: 53.5872	GB: 53.5872	Conf: 0.710045	Pts: 280596
Global: 53.5872 - Correct: 92.8571% of 14 tests
Global Best: 
  Inner Net 1
  -- 1 : 1 = -0.177234
  -- 1 : 2 = 0.34076
  -- 1 : 3 = -0.501337
  -- 1 : 4 = -0.0432357
  -- 1 : 5 = -0.291461
  -- 1 : 6 = -0.0966442
  -- 1 : 7 = 0.0395943
  -- 1 : 8 = -0.064406
  -- 1 : 9 = -0.409693
  -- 1 : 10 = -0.21506
  -- 2 : 1 = 0.928426
  -- 2 : 2 = 0.665284
  -- 2 : 3 = -0.0981906
  -- 2 : 4 = 0.123449
  -- 2 : 5 = -0.179417
  -- 2 : 6 = 0.200618
  -- 2 : 7 = 0.112219
  -- 2 : 8 = -0.0725617
  -- 2 : 9 = -0.00915486
  -- 2 : 10 = 0.292446
  -- 3 : 1 = 0.444552
  -- 3 : 2 = -0.426937
  -- 3 : 3 = 0.0626791
  -- 3 : 4 = 0.1743
  -- 3 : 5 = 0.115051
  -- 3 : 6 = -0.136216
  -- 3 : 7 = 0.088912
  -- 3 : 8 = 0.132581
  -- 3 : 9 = -0.534378
  -- 3 : 10 = -0.200918
  -- 4 : 1 = 0.000277869
  -- 4 : 2 = -0.165898
  -- 4 : 3 = -0.0378909
  -- 4 : 4 = -0.251209
  -- 4 : 5 = 0.389771
  -- 4 : 6 = 0.15981
  -- 4 : 7 = -0.108597
  -- 4 : 8 = -0.0653132
  -- 4 : 9 = -0.101938
  -- 4 : 10 = -0.0301027
  -- 5 : 1 = 0.467389
  -- 5 : 2 = -0.315779
  -- 5 : 3 = 0.0059196
  -- 5 : 4 = -0.248114
  -- 5 : 5 = 0.246456
  -- 5 : 6 = 0.113112
  -- 5 : 7 = 0.187831
  -- 5 : 8 = 0.0846812
  -- 5 : 9 = 0.0544908
  -- 5 : 10 = -0.0561819
  -- 6 : 1 = 0.50364
  -- 6 : 2 = 0.25273
  -- 6 : 3 = 0.216212
  -- 6 : 4 = -7.50014e-005
  -- 6 : 5 = 0.0400721
  -- 6 : 6 = 0.0534948
  -- 6 : 7 = 0.379309
  -- 6 : 8 = 0.342775
  -- 6 : 9 = 0.244817
  -- 6 : 10 = -0.0038021
  -- 7 : 1 = -0.246643
  -- 7 : 2 = -0.221529
  -- 7 : 3 = -0.464609
  -- 7 : 4 = 0.275266
  -- 7 : 5 = 0.354564
  -- 7 : 6 = 0.0992116
  -- 7 : 7 = 0.370417
  -- 7 : 8 = -0.198761
  -- 7 : 9 = -0.0728709
  -- 7 : 10 = -0.00310665
  -- 8 : 1 = 0.191908
  -- 8 : 2 = -0.0998947
  -- 8 : 3 = 0.153266
  -- 8 : 4 = -0.171929
  -- 8 : 5 = 0.285591
  -- 8 : 6 = 0.191167
  -- 8 : 7 = 0.224367
  -- 8 : 8 = 0.295731
  -- 8 : 9 = -0.122496
  -- 8 : 10 = -0.100625
  -- 9 : 1 = 0.492556
  -- 9 : 2 = 0.0863831
  -- 9 : 3 = 0.188477
  -- 9 : 4 = -0.0309761
  -- 9 : 5 = -0.268001
  -- 9 : 6 = -0.195728
  -- 9 : 7 = 0.20715
  -- 9 : 8 = -0.27201
  -- 9 : 9 = 0.141742
  -- 9 : 10 = -0.229002
  -- 10 : 1 = 0.446948
  -- 10 : 2 = -0.235125
  -- 10 : 3 = -0.226889
  -- 10 : 4 = 0.23074
  -- 10 : 5 = -0.0408792
  -- 10 : 6 = -0.0471403
  -- 10 : 7 = -0.194945
  -- 10 : 8 = 0.189398
  -- 10 : 9 = 0.225671
  -- 10 : 10 = 0.227104
  Inner Net 2
  -- 1 : 1 = 0.110816
  -- 1 : 2 = 0.1334
  -- 1 : 3 = 0.124947
  -- 1 : 4 = 0.734571
  -- 2 : 1 = -0.5
  -- 2 : 2 = 0.0226152
  -- 2 : 3 = 0.108939
  -- 2 : 4 = -0.138276
  -- 3 : 1 = 0.431704
  -- 3 : 2 = 0.389813
  -- 3 : 3 = 0.129472
  -- 3 : 4 = -0.0729829
  -- 4 : 1 = 0.316665
  -- 4 : 2 = 0.311309
  -- 4 : 3 = -0.00164677
  -- 4 : 4 = 0.107488
  -- 5 : 1 = -0.899328
  -- 5 : 2 = 0.347401
  -- 5 : 3 = 0.0294794
  -- 5 : 4 = 0.236389
  -- 6 : 1 = 0.805881
  -- 6 : 2 = 0.00476846
  -- 6 : 3 = -0.165144
  -- 6 : 4 = -0.130115
  -- 7 : 1 = 0.51765
  -- 7 : 2 = 0.037061
  -- 7 : 3 = 0.010579
  -- 7 : 4 = -0.2561
  -- 8 : 1 = 0.218067
  -- 8 : 2 = 0.124086
  -- 8 : 3 = -0.329387
  -- 8 : 4 = -0.06186
  -- 9 : 1 = 0.520799
  -- 9 : 2 = 0.204957
  -- 9 : 3 = -0.00209343
  -- 9 : 4 = -0.289862
  -- 10 : 1 = 0.144022
  -- 10 : 2 = -0.0805367
  -- 10 : 3 = 0.157261
  -- 10 : 4 = 0.193247
  Inner Net 3
  -- 1 : 1 = -0.315416
  -- 1 : 2 = 0.466728
  -- 2 : 1 = 0.32716
  -- 2 : 2 = -0.0897969
  -- 3 : 1 = -0.097725
  -- 3 : 2 = -0.314778
  -- 4 : 1 = 0.096331
  -- 4 : 2 = 0.0240622
Out\Act	False		True
False	0.134698	0.707282	0.84198
True	0.0185626	0.139457	0.15802
	0.15326	0.84674
	Accuracy [ (tp + tn) / testSize ]: 0.274155
	Precision [ tp / (tp + fp) ]:      0.164607
	Sensitivity [ tp / (tp + fn) ]:    0.87988
	Specificity [ tn / (tn + fp) ]:    0.159887
	F-Score [ 2tp / (2tp + fp + fn) ]: 0.277462
Particle (11):: Fit: 45.4073	PB: 45.4073	LB: 50.5072	GB: 53.5872	Conf: 0.369772	Pts: 84971
Particle (22):: Fit: 25.1735	PB: 25.1735	LB: 44.2494	GB: 53.5872	Conf: 0.789811	Pts: 84699
Particle (11):: Fit: 49.4066	PB: 49.4066	LB: 50.5072	GB: 53.5872	Conf: 0.274162	Pts: 89889
Particle (43):: Fit: 25.4135	PB: 25.4135	LB: 44.3508	GB: 53.5872	Conf: 0.797854	Pts: 104356
Particle (3):: Fit: 25.6485	PB: 25.6485	LB: 53.5872	GB: 53.5872	Conf: 0.894241	Pts: 224273
Particle (45):: Fit: 43.8818	PB: 43.8818	LB: 50.1896	GB: 53.5872	Conf: 0.298264	Pts: 104530
Particle (40):: Fit: 39.1388	PB: 39.1388	LB: 44.3508	GB: 53.5872	Conf: 0.405927	Pts: 133989
Particle (44):: Fit: 24.7732	PB: 24.7732	LB: 50.1896	GB: 53.5872	Conf: 0.381821	Pts: 64439
Particle (34):: Fit: 25.0161	PB: 25.0161	LB: 49.798	GB: 53.5872	Conf: 0.614676	Pts: 49652
Particle (20):: Fit: 24.8676	PB: 24.8676	LB: 44.2494	GB: 53.5872	Conf: 0.739098	Pts: 103987
Particle (21):: Fit: 25.6489	PB: 25.6489	LB: 44.2494	GB: 53.5872	Conf: 0.926791	Pts: 84000
Particle (34):: Fit: 25.2489	PB: 25.2489	LB: 49.798	GB: 53.5872	Conf: 0.616532	Pts: 49098
Particle (20):: Fit: 25.1401	PB: 25.1401	LB: 44.2494	GB: 53.5872	Conf: 0.736265	Pts: 103462
Particle (46):: Fit: 39.3914	PB: 39.3914	LB: 50.1896	GB: 53.5872	Conf: 0.501457	Pts: 162723
Particle (37):: Fit: 25.1635	PB: 25.1635	LB: 44.3508	GB: 53.5872	Conf: 0.768791	Pts: 49217
Particle (33):: Fit: 25.3289	PB: 25.3289	LB: 49.798	GB: 53.5872	Conf: 0.693399	Pts: 93506
Particle (21):: Fit: 25.6492	PB: 25.6492	LB: 44.2494	GB: 53.5872	Conf: 0.928003	Pts: 83468
Particle (15):: Fit: 48.5782	PB: 48.5782	LB: 49.4066	GB: 53.5872	Conf: 0.116588	Pts: 298392
Particle (12):: Fit: 25.4103	PB: 25.4103	LB: 50.5072	GB: 53.5872	Conf: 0.784797	Pts: 117722
Particle (15):: Fit: 49.3957	PB: 49.3957	LB: 49.4066	GB: 53.5872	Conf: 0.0628639	Pts: 317998
Particle (34):: Fit: 25.2497	PB: 25.2497	LB: 49.798	GB: 53.5872	Conf: 0.617034	Pts: 47934
Particle (8):: Fit: 35.7128	PB: 35.7128	LB: 53.5872	GB: 53.5872	Conf: 0.534534	Pts: 62234
Particle (8):: Fit: 45.3455	PB: 45.3455	LB: 53.5872	GB: 53.5872	Conf: 0.447029	Pts: 62323
Particle (39):: Fit: 25.1971	PB: 25.1971	LB: 44.3508	GB: 53.5872	Conf: 0.822648	Pts: 52408
Particle (34):: Fit: 25.4298	PB: 25.4298	LB: 49.798	GB: 53.5872	Conf: 0.602573	Pts: 47734
Particle (13):: Fit: 34.3095	PB: 34.3095	LB: 50.5072	GB: 53.5872	Conf: 0.841958	Pts: 60463
Particle (9):: Fit: 49.4933	PB: 49.4933	LB: 53.5872	GB: 53.5872	Conf: 0.0622978	Pts: 166042
Global Best: 
  Inner Net 1
  -- 1 : 1 = -0.177234
  -- 1 : 2 = 0.34076
  -- 1 : 3 = -0.501337
  -- 1 : 4 = -0.0432357
  -- 1 : 5 = -0.291461
  -- 1 : 6 = -0.0966442
  -- 1 : 7 = 0.0395943
  -- 1 : 8 = -0.064406
  -- 1 : 9 = -0.409693
  -- 1 : 10 = -0.21506
  -- 2 : 1 = 0.928426
  -- 2 : 2 = 0.665284
  -- 2 : 3 = -0.0981906
  -- 2 : 4 = 0.123449
  -- 2 : 5 = -0.179417
  -- 2 : 6 = 0.200618
  -- 2 : 7 = 0.112219
  -- 2 : 8 = -0.0725617
  -- 2 : 9 = -0.00915486
  -- 2 : 10 = 0.292446
  -- 3 : 1 = 0.444552
  -- 3 : 2 = -0.426937
  -- 3 : 3 = 0.0626791
  -- 3 : 4 = 0.1743
  -- 3 : 5 = 0.115051
  -- 3 : 6 = -0.136216
  -- 3 : 7 = 0.088912
  -- 3 : 8 = 0.132581
  -- 3 : 9 = -0.534378
  -- 3 : 10 = -0.200918
  -- 4 : 1 = 0.000277869
  -- 4 : 2 = -0.165898
  -- 4 : 3 = -0.0378909
  -- 4 : 4 = -0.251209
  -- 4 : 5 = 0.389771
  -- 4 : 6 = 0.15981
  -- 4 : 7 = -0.108597
  -- 4 : 8 = -0.0653132
  -- 4 : 9 = -0.101938
  -- 4 : 10 = -0.0301027
  -- 5 : 1 = 0.467389
  -- 5 : 2 = -0.315779
  -- 5 : 3 = 0.0059196
  -- 5 : 4 = -0.248114
  -- 5 : 5 = 0.246456
  -- 5 : 6 = 0.113112
  -- 5 : 7 = 0.187831
  -- 5 : 8 = 0.0846812
  -- 5 : 9 = 0.0544908
  -- 5 : 10 = -0.0561819
  -- 6 : 1 = 0.50364
  -- 6 : 2 = 0.25273
  -- 6 : 3 = 0.216212
  -- 6 : 4 = -7.50014e-005
  -- 6 : 5 = 0.0400721
  -- 6 : 6 = 0.0534948
  -- 6 : 7 = 0.379309
  -- 6 : 8 = 0.342775
  -- 6 : 9 = 0.244817
  -- 6 : 10 = -0.0038021
  -- 7 : 1 = -0.246643
  -- 7 : 2 = -0.221529
  -- 7 : 3 = -0.464609
  -- 7 : 4 = 0.275266
  -- 7 : 5 = 0.354564
  -- 7 : 6 = 0.0992116
  -- 7 : 7 = 0.370417
  -- 7 : 8 = -0.198761
  -- 7 : 9 = -0.0728709
  -- 7 : 10 = -0.00310665
  -- 8 : 1 = 0.191908
  -- 8 : 2 = -0.0998947
  -- 8 : 3 = 0.153266
  -- 8 : 4 = -0.171929
  -- 8 : 5 = 0.285591
  -- 8 : 6 = 0.191167
  -- 8 : 7 = 0.224367
  -- 8 : 8 = 0.295731
  -- 8 : 9 = -0.122496
  -- 8 : 10 = -0.100625
  -- 9 : 1 = 0.492556
  -- 9 : 2 = 0.0863831
  -- 9 : 3 = 0.188477
  -- 9 : 4 = -0.0309761
  -- 9 : 5 = -0.268001
  -- 9 : 6 = -0.195728
  -- 9 : 7 = 0.20715
  -- 9 : 8 = -0.27201
  -- 9 : 9 = 0.141742
  -- 9 : 10 = -0.229002
  -- 10 : 1 = 0.446948
  -- 10 : 2 = -0.235125
  -- 10 : 3 = -0.226889
  -- 10 : 4 = 0.23074
  -- 10 : 5 = -0.0408792
  -- 10 : 6 = -0.0471403
  -- 10 : 7 = -0.194945
  -- 10 : 8 = 0.189398
  -- 10 : 9 = 0.225671
  -- 10 : 10 = 0.227104
  Inner Net 2
  -- 1 : 1 = 0.110816
  -- 1 : 2 = 0.1334
  -- 1 : 3 = 0.124947
  -- 1 : 4 = 0.734571
  -- 2 : 1 = -0.5
  -- 2 : 2 = 0.0226152
  -- 2 : 3 = 0.108939
  -- 2 : 4 = -0.138276
  -- 3 : 1 = 0.431704
  -- 3 : 2 = 0.389813
  -- 3 : 3 = 0.129472
  -- 3 : 4 = -0.0729829
  -- 4 : 1 = 0.316665
  -- 4 : 2 = 0.311309
  -- 4 : 3 = -0.00164677
  -- 4 : 4 = 0.107488
  -- 5 : 1 = -0.899328
  -- 5 : 2 = 0.347401
  -- 5 : 3 = 0.0294794
  -- 5 : 4 = 0.236389
  -- 6 : 1 = 0.805881
  -- 6 : 2 = 0.00476846
  -- 6 : 3 = -0.165144
  -- 6 : 4 = -0.130115
  -- 7 : 1 = 0.51765
  -- 7 : 2 = 0.037061
  -- 7 : 3 = 0.010579
  -- 7 : 4 = -0.2561
  -- 8 : 1 = 0.218067
  -- 8 : 2 = 0.124086
  -- 8 : 3 = -0.329387
  -- 8 : 4 = -0.06186
  -- 9 : 1 = 0.520799
  -- 9 : 2 = 0.204957
  -- 9 : 3 = -0.00209343
  -- 9 : 4 = -0.289862
  -- 10 : 1 = 0.144022
  -- 10 : 2 = -0.0805367
  -- 10 : 3 = 0.157261
  -- 10 : 4 = 0.193247
  Inner Net 3
  -- 1 : 1 = -0.315416
  -- 1 : 2 = 0.466728
  -- 2 : 1 = 0.32716
  -- 2 : 2 = -0.0897969
  -- 3 : 1 = -0.097725
  -- 3 : 2 = -0.314778
  -- 4 : 1 = 0.096331
  -- 4 : 2 = 0.0240622
Out\Act	False		True
False	0.134698	0.707282	0.84198
True	0.0185626	0.139457	0.15802
	0.15326	0.84674
	Accuracy [ (tp + tn) / testSize ]: 0.274155
	Precision [ tp / (tp + fp) ]:      0.164607
	Sensitivity [ tp / (tp + fn) ]:    0.87988
	Specificity [ tn / (tn + fp) ]:    0.159887
	F-Score [ 2tp / (2tp + fp + fn) ]: 0.277462
