
Date / Time: Thu Mar 30 17:53:49 2017

   ****************************************
   * PSO Neural Net (Gaussian Activation) *
   *       by William Boler, BSCE         *
   *     Research Assistant, IUPUI        *
   *                                      *
   *  Professor: Dr. Lauren Christopher   *
   *     Created: March 13, 2017          *
   ****************************************


Inputs: 10
Inner Nets: 1
 - 10
Tests per train(min): 10
Particles: 50
Neighbors: 10
Minimum Particle Iterations: 1000
Particle (0):: Fit: 20.1648	PB: 20.1648	LB: 20.1648	GB: 20.1648	Conf: 2	Pts: 110099
Particle (1):: Fit: 22.2665	PB: 22.2665	LB: 22.2665	GB: 22.2665	Conf: 2	Pts: 110099
Particle (2):: Fit: 20.1648	PB: 20.1648	LB: 22.2665	GB: 22.2665	Conf: 2	Pts: 55099
Particle (3):: Fit: 42.5489	PB: 42.5489	LB: 42.5489	GB: 42.5489	Conf: 0.713297	Pts: 110099
Particle (4):: Fit: 17.9671	PB: 17.9671	LB: 42.5489	GB: 42.5489	Conf: 2	Pts: 55099
Particle (5):: Fit: 15.6537	PB: 15.6537	LB: 42.5489	GB: 42.5489	Conf: 1.60094	Pts: 55099
Particle (6):: Fit: 13.187	PB: 13.187	LB: 42.5489	GB: 42.5489	Conf: 2	Pts: 55099
Particle (7):: Fit: 22.5687	PB: 22.5687	LB: 42.5489	GB: 42.5489	Conf: 1.3483	Pts: 70099
Particle (8):: Fit: 17.9671	PB: 17.9671	LB: 22.5687	GB: 42.5489	Conf: 2	Pts: 55099
Particle (9):: Fit: 49.2085	PB: 49.2085	LB: 49.2085	GB: 49.2085	Conf: 1.59159	Pts: 110099
Particle (10):: Fit: 18.1154	PB: 18.1154	LB: 49.2085	GB: 49.2085	Conf: 1.78519	Pts: 55099
Particle (11):: Fit: 7.34979	PB: 7.34979	LB: 49.2085	GB: 49.2085	Conf: 2	Pts: 55099
Particle (12):: Fit: 13.187	PB: 13.187	LB: 49.2085	GB: 49.2085	Conf: 2	Pts: 60099
Particle (13):: Fit: 10.4991	PB: 10.4991	LB: 49.2085	GB: 49.2085	Conf: 2	Pts: 55099
Particle (14):: Fit: 4.16018	PB: 4.16018	LB: 18.1154	GB: 49.2085	Conf: 0.848228	Pts: 55099
Particle (15):: Fit: 15.7757	PB: 15.7757	LB: 15.7757	GB: 49.2085	Conf: 0.648183	Pts: 75099
Particle (16):: Fit: 38.195	PB: 38.195	LB: 38.195	GB: 49.2085	Conf: 1.47419	Pts: 85099
Particle (17):: Fit: 10.4991	PB: 10.4991	LB: 38.195	GB: 49.2085	Conf: 2	Pts: 55099
Particle (18):: Fit: 15.6518	PB: 15.6518	LB: 38.195	GB: 49.2085	Conf: 2	Pts: 60099
Particle (19):: Fit: 49.2635	PB: 49.2635	LB: 49.2635	GB: 49.2635	Conf: 1.8	Pts: 110099
Particle (20):: Fit: 49.1808	PB: 49.1808	LB: 49.2635	GB: 49.2635	Conf: 1.62048	Pts: 55099
Particle (21):: Fit: 12.8607	PB: 12.8607	LB: 49.2635	GB: 49.2635	Conf: 0.885689	Pts: 55099
Particle (22):: Fit: 5.76954	PB: 5.76954	LB: 49.2635	GB: 49.2635	Conf: 0.821271	Pts: 55099
Particle (23):: Fit: 35.6959	PB: 35.6959	LB: 49.2635	GB: 49.2635	Conf: 0.462131	Pts: 65099
Particle (24):: Fit: 15.8162	PB: 15.8162	LB: 49.1808	GB: 49.2635	Conf: 0.246429	Pts: 55099
Particle (25):: Fit: 17.9671	PB: 17.9671	LB: 35.6959	GB: 49.2635	Conf: 2	Pts: 60099
Particle (26):: Fit: 49.2031	PB: 49.2031	LB: 49.2031	GB: 49.2635	Conf: 1.26686	Pts: 85099
Particle (27):: Fit: 23.3068	PB: 23.3068	LB: 49.2031	GB: 49.2635	Conf: 1.17227	Pts: 55099
Particle (28):: Fit: 13.187	PB: 13.187	LB: 49.2031	GB: 49.2635	Conf: 2	Pts: 55099
Particle (29):: Fit: 15.5973	PB: 15.5973	LB: 49.2031	GB: 49.2635	Conf: 1.81077	Pts: 60099
Particle (30):: Fit: 13.187	PB: 13.187	LB: 49.2031	GB: 49.2635	Conf: 2	Pts: 55099
Particle (31):: Fit: 15.6921	PB: 15.6921	LB: 23.3068	GB: 49.2635	Conf: 1.83837	Pts: 70099
Particle (32):: Fit: 10.4991	PB: 10.4991	LB: 15.6921	GB: 49.2635	Conf: 2	Pts: 55099
Particle (33):: Fit: 17.9671	PB: 17.9671	LB: 17.9671	GB: 49.2635	Conf: 2	Pts: 80099
Particle (34):: Fit: 15.6518	PB: 15.6518	LB: 17.9671	GB: 49.2635	Conf: 2	Pts: 55099
Particle (35):: Fit: 18.0526	PB: 18.0526	LB: 18.0526	GB: 49.2635	Conf: 1.69223	Pts: 90099
Particle (36):: Fit: 10.4991	PB: 10.4991	LB: 18.0526	GB: 49.2635	Conf: 2	Pts: 55099
Particle (37):: Fit: 18.1877	PB: 18.1877	LB: 18.1877	GB: 49.2635	Conf: 0.83867	Pts: 100099
Particle (38):: Fit: 30.0173	PB: 30.0173	LB: 30.0173	GB: 49.2635	Conf: 1.40237	Pts: 100099
Particle (39):: Fit: 35.0412	PB: 35.0412	LB: 35.0412	GB: 49.2635	Conf: 1.83345	Pts: 100099
Particle (40):: Fit: 4.01539	PB: 4.01539	LB: 35.0412	GB: 49.2635	Conf: 1.13249	Pts: 55099
Particle (41):: Fit: 18.1718	PB: 18.1718	LB: 35.0412	GB: 49.2635	Conf: 1.07746	Pts: 55099
Particle (42):: Fit: 26.2589	PB: 26.2589	LB: 35.0412	GB: 49.2635	Conf: 2	Pts: 65099
Particle (43):: Fit: 15.6518	PB: 15.6518	LB: 35.0412	GB: 49.2635	Conf: 2	Pts: 50099
Particle (44):: Fit: 20.1648	PB: 20.1648	LB: 26.2589	GB: 49.2635	Conf: 2	Pts: 50099
Particle (45):: Fit: 12.9714	PB: 12.9714	LB: 26.2589	GB: 49.2635	Conf: 1.19512	Pts: 50099
Particle (46):: Fit: 20.7111	PB: 20.7111	LB: 26.2589	GB: 49.2635	Conf: 0.894468	Pts: 50099
Particle (47):: Fit: 17.9671	PB: 17.9671	LB: 22.2665	GB: 49.2635	Conf: 2	Pts: 50099
Particle (48):: Fit: 5.01726	PB: 5.01726	LB: 42.5489	GB: 49.2635	Conf: 0.304598	Pts: 50099
Particle (49):: Fit: 13.187	PB: 13.187	LB: 42.5489	GB: 49.2635	Conf: 2	Pts: 50099
Global: 49.2635 - Correct: 40% of 10 tests
Global Best: 
  Inner Net 1
  -- 1 : 1 = 0.3094
  -- 1 : 2 = 0.1451
  -- 1 : 3 = 0.8179
  -- 1 : 4 = 0.2244
  -- 1 : 5 = 0.0278
  -- 1 : 6 = 0.08
  -- 1 : 7 = 0.0275
  -- 1 : 8 = 0.8051
  -- 1 : 9 = 0.3896
  -- 1 : 10 = 0.2967
  -- 2 : 1 = 0.4228
  -- 2 : 2 = 0.056
  -- 2 : 3 = 0.7776
  -- 2 : 4 = 0.2054
  -- 2 : 5 = 0.4146
  -- 2 : 6 = 0.1194
  -- 2 : 7 = 0.9405
  -- 2 : 8 = 0.9119
  -- 2 : 9 = 0.3124
  -- 2 : 10 = 0.5015
  -- 3 : 1 = 0.139
  -- 3 : 2 = 0.7382
  -- 3 : 3 = 0.0485
  -- 3 : 4 = 0.2885
  -- 3 : 5 = 0.1031
  -- 3 : 6 = 0.4877
  -- 3 : 7 = 0.852
  -- 3 : 8 = 0.0033
  -- 3 : 9 = 0.5508
  -- 3 : 10 = 0.509
  -- 4 : 1 = 0.2552
  -- 4 : 2 = 0.5257
  -- 4 : 3 = 0.1133
  -- 4 : 4 = 0.8603
  -- 4 : 5 = 0.6062
  -- 4 : 6 = 0.4333
  -- 4 : 7 = 0.9354
  -- 4 : 8 = 0.5393
  -- 4 : 9 = 0.1302
  -- 4 : 10 = 0.5899
  -- 5 : 1 = 0.5545
  -- 5 : 2 = 0.1883
  -- 5 : 3 = 0.0516
  -- 5 : 4 = 0.9964
  -- 5 : 5 = 0.2014
  -- 5 : 6 = 0.9004
  -- 5 : 7 = 0.3731
  -- 5 : 8 = 0.2232
  -- 5 : 9 = 0.6186
  -- 5 : 10 = 0.4288
  -- 6 : 1 = 0.763
  -- 6 : 2 = 0.7985
  -- 6 : 3 = 0.6639
  -- 6 : 4 = 0.085
  -- 6 : 5 = 0.2083
  -- 6 : 6 = 0.9567
  -- 6 : 7 = 0.7314
  -- 6 : 8 = 0.309
  -- 6 : 9 = 0.2228
  -- 6 : 10 = 0.2936
  -- 7 : 1 = 0.2594
  -- 7 : 2 = 0.1318
  -- 7 : 3 = 0.1456
  -- 7 : 4 = 0.3042
  -- 7 : 5 = 0.5257
  -- 7 : 6 = 0.4526
  -- 7 : 7 = 0.8258
  -- 7 : 8 = 0.6075
  -- 7 : 9 = 0.0001
  -- 7 : 10 = 0.4764
  -- 8 : 1 = 0.8904
  -- 8 : 2 = 0.1737
  -- 8 : 3 = 0.116
  -- 8 : 4 = 0.4468
  -- 8 : 5 = 0.4007
  -- 8 : 6 = 0.1438
  -- 8 : 7 = 0.3463
  -- 8 : 8 = 0.128
  -- 8 : 9 = 0.646
  -- 8 : 10 = 0.1567
  -- 9 : 1 = 0.0607
  -- 9 : 2 = 0.1271
  -- 9 : 3 = 0.5878
  -- 9 : 4 = 0.4501
  -- 9 : 5 = 0.2037
  -- 9 : 6 = 0.2767
  -- 9 : 7 = 0.2275
  -- 9 : 8 = 0.8659
  -- 9 : 9 = 0.0096
  -- 9 : 10 = 0.1248
  -- 10 : 1 = 0.0104
  -- 10 : 2 = 0.0264
  -- 10 : 3 = 0.2224
  -- 10 : 4 = 0.0123
  -- 10 : 5 = 0.6917
  -- 10 : 6 = 0.4904
  -- 10 : 7 = 0.6545
  -- 10 : 8 = 0.1403
  -- 10 : 9 = 0.6407
  -- 10 : 10 = 0.7974
  Inner Net 2
  -- 1 : 1 = -0.169125
  -- 1 : 2 = 0.1443
  -- 2 : 1 = -0.0152
  -- 2 : 2 = 0.0685
  -- 3 : 1 = 0.2502
  -- 3 : 2 = 0.2561
  -- 4 : 1 = -0.0932
  -- 4 : 2 = 0.4535
  -- 5 : 1 = -0.1109
  -- 5 : 2 = -0.0956018
  -- 6 : 1 = 0.2846
  -- 6 : 2 = -0.0187233
  -- 7 : 1 = 0.016852
  -- 7 : 2 = 0.306
  -- 8 : 1 = 0.3691
  -- 8 : 2 = -0.0879
  -- 9 : 1 = 0.4241
  -- 9 : 2 = -0.0342
  -- 10 : 1 = -0.0223318
  -- 10 : 2 = -0.291288
Out\Act	False		True
False	0.837696	0.00428367	0.84198
True	0.15564	0.00237982	0.15802
	0.993337	0.00666349
	Accuracy [ (tp + tn) / testSize ]: 0.840076
	Precision [ tp / (tp + fp) ]:      0.333333
	Sensitivity [ tp / (tp + fn) ]:    0.015015
	Specificity [ tn / (tn + fp) ]:    0.99435
	F-Score [ 2tp / (2tp + fp + fn) ]: 0.0288184
Particle (5):: Fit: 54.8641	PB: 54.8641	LB: 54.8641	GB: 54.8641	Conf: 1.5171	Pts: 115198
Particle (7):: Fit: 30.0964	PB: 30.0964	LB: 54.8641	GB: 54.8641	Conf: 1.17677	Pts: 70198
Particle (8):: Fit: 20.1648	PB: 20.1648	LB: 54.8641	GB: 54.8641	Conf: 2	Pts: 55198
Particle (10):: Fit: 28.9318	PB: 28.9318	LB: 49.2085	GB: 54.8641	Conf: 1.66561	Pts: 55198
Particle (11):: Fit: 13.187	PB: 13.187	LB: 49.2085	GB: 54.8641	Conf: 2	Pts: 55198
Particle (13):: Fit: 20.1648	PB: 20.1648	LB: 49.2085	GB: 54.8641	Conf: 2	Pts: 55198
Particle (14):: Fit: 15.835	PB: 15.835	LB: 49.2635	GB: 54.8641	Conf: 0.334982	Pts: 55198
Particle (17):: Fit: 20.1648	PB: 20.1648	LB: 49.2635	GB: 54.8641	Conf: 2	Pts: 55198
Particle (22):: Fit: 17.9782	PB: 17.9782	LB: 49.2635	GB: 54.8641	Conf: 0.993676	Pts: 55198
Particle (24):: Fit: 15.8383	PB: 15.8383	LB: 49.2031	GB: 54.8641	Conf: 0.372167	Pts: 55198
Particle (28):: Fit: 20.1648	PB: 20.1648	LB: 49.2031	GB: 54.8641	Conf: 2	Pts: 60198
Particle (29):: Fit: 17.8698	PB: 17.8698	LB: 49.2031	GB: 54.8641	Conf: 1.89976	Pts: 60198
Particle (31):: Fit: 20.1648	PB: 20.1648	LB: 23.3068	GB: 54.8641	Conf: 2	Pts: 70198
Particle (32):: Fit: 15.6518	PB: 15.6518	LB: 20.1648	GB: 54.8641	Conf: 2	Pts: 55198
Particle (33):: Fit: 20.1648	PB: 20.1648	LB: 30.0173	GB: 54.8641	Conf: 2	Pts: 80198
Particle (36):: Fit: 15.6518	PB: 15.6518	LB: 35.0412	GB: 54.8641	Conf: 2	Pts: 55198
Particle (38):: Fit: 31.5836	PB: 31.5836	LB: 35.0412	GB: 54.8641	Conf: 0.81714	Pts: 105198
Particle (40):: Fit: 18.1081	PB: 18.1081	LB: 35.0412	GB: 54.8641	Conf: 1.29968	Pts: 55197
Particle (44):: Fit: 22.2665	PB: 22.2665	LB: 26.2589	GB: 54.8641	Conf: 2	Pts: 50198
Particle (45):: Fit: 37.8769	PB: 37.8769	LB: 37.8769	GB: 54.8641	Conf: 1.58046	Pts: 90198
Particle (46):: Fit: 32.1793	PB: 32.1793	LB: 37.8769	GB: 54.8641	Conf: 1.24195	Pts: 50198
Particle (47):: Fit: 49.7144	PB: 49.7144	LB: 49.7144	GB: 54.8641	Conf: 1.89187	Pts: 90198
Particle (48):: Fit: 10.3511	PB: 10.3511	LB: 49.7144	GB: 54.8641	Conf: 0.664349	Pts: 50198
Particle (49):: Fit: 22.2665	PB: 22.2665	LB: 49.7144	GB: 54.8641	Conf: 2	Pts: 50198
Global: 54.8641 - Correct: 50% of 10 tests
Global Best: 
  Inner Net 1
  -- 1 : 1 = 0.6021
  -- 1 : 2 = 0.7567
  -- 1 : 3 = 0.6846
  -- 1 : 4 = 0.6492
  -- 1 : 5 = 0.9955
  -- 1 : 6 = 0.759
  -- 1 : 7 = 0.1126
  -- 1 : 8 = 0.0958
  -- 1 : 9 = 0.3402
  -- 1 : 10 = 0.0859
  -- 2 : 1 = 0.8232
  -- 2 : 2 = 0.8614
  -- 2 : 3 = 0.5628
  -- 2 : 4 = 0.9049
  -- 2 : 5 = 0.986
  -- 2 : 6 = 0.1039
  -- 2 : 7 = 0.7015
  -- 2 : 8 = 0.4981
  -- 2 : 9 = 0.6043
  -- 2 : 10 = 0.8586
  -- 3 : 1 = 0.8777
  -- 3 : 2 = 0.8244
  -- 3 : 3 = 0.8366
  -- 3 : 4 = 0.0577
  -- 3 : 5 = 0.5573
  -- 3 : 6 = 0.1406
  -- 3 : 7 = 0.0069
  -- 3 : 8 = 0.0395
  -- 3 : 9 = 0.5222
  -- 3 : 10 = 0.8849
  -- 4 : 1 = 0.0693
  -- 4 : 2 = 0.1135
  -- 4 : 3 = 0.0484
  -- 4 : 4 = 0.5481
  -- 4 : 5 = 0.574
  -- 4 : 6 = 0.9052
  -- 4 : 7 = 0.2645
  -- 4 : 8 = 0.9663
  -- 4 : 9 = 0.5375
  -- 4 : 10 = 0.3224
  -- 5 : 1 = 0.2326
  -- 5 : 2 = 0.0208
  -- 5 : 3 = 0.6454
  -- 5 : 4 = 0.1447
  -- 5 : 5 = 0.6346
  -- 5 : 6 = 0.0719
  -- 5 : 7 = 0.3429
  -- 5 : 8 = 0.6319
  -- 5 : 9 = 0.4193
  -- 5 : 10 = 0.3437
  -- 6 : 1 = 0.3855
  -- 6 : 2 = 0.2137
  -- 6 : 3 = 0.8029
  -- 6 : 4 = 0.14
  -- 6 : 5 = 0.2598
  -- 6 : 6 = 0.3195
  -- 6 : 7 = 0.9761
  -- 6 : 8 = 0.1538
  -- 6 : 9 = 0.559
  -- 6 : 10 = 0.2388
  -- 7 : 1 = 0.8059
  -- 7 : 2 = 0.6436
  -- 7 : 3 = 0.1843
  -- 7 : 4 = 0.9207
  -- 7 : 5 = 0.4819
  -- 7 : 6 = 0.5858
  -- 7 : 7 = 0.2079
  -- 7 : 8 = 0.1388
  -- 7 : 9 = 0.5204
  -- 7 : 10 = 0.6672
  -- 8 : 1 = 0.0561
  -- 8 : 2 = 0.4371
  -- 8 : 3 = 0.0139
  -- 8 : 4 = 0.3509
  -- 8 : 5 = 0.9699
  -- 8 : 6 = 0.0715
  -- 8 : 7 = 0.7086
  -- 8 : 8 = 0.7103
  -- 8 : 9 = 0.1722
  -- 8 : 10 = 0.5746
  -- 9 : 1 = 0.4592
  -- 9 : 2 = 0.2024
  -- 9 : 3 = 0.4667
  -- 9 : 4 = 0.3741
  -- 9 : 5 = 0.981
  -- 9 : 6 = 0.6455
  -- 9 : 7 = 0.8204
  -- 9 : 8 = 0.4938
  -- 9 : 9 = 0.8971
  -- 9 : 10 = 0.1098
  -- 10 : 1 = 0.8265
  -- 10 : 2 = 0.6596
  -- 10 : 3 = 0.937
  -- 10 : 4 = 0.0019
  -- 10 : 5 = 0.3049
  -- 10 : 6 = 0.2071
  -- 10 : 7 = 0.7307
  -- 10 : 8 = 0.3744
  -- 10 : 9 = 0.0608
  -- 10 : 10 = 0.9157
  Inner Net 2
  -- 1 : 1 = 0.0309129
  -- 1 : 2 = -0.088
  -- 2 : 1 = -0.1099
  -- 2 : 2 = -0.461177
  -- 3 : 1 = -0.273551
  -- 3 : 2 = -0.315
  -- 4 : 1 = -0.318682
  -- 4 : 2 = -0.102137
  -- 5 : 1 = -0.4989
  -- 5 : 2 = -0.153851
  -- 6 : 1 = 0.0943279
  -- 6 : 2 = -0.3535
  -- 7 : 1 = -0.1189
  -- 7 : 2 = 0.0691008
  -- 8 : 1 = -0.0359
  -- 8 : 2 = 0.0316377
  -- 9 : 1 = 0.305045
  -- 9 : 2 = -0.2086
  -- 10 : 1 = 0.28346
  -- 10 : 2 = -0.360872
Out\Act	False		True
False	0.84198	0	0.84198
True	0.15802	0	0.15802
	1	0
	Accuracy [ (tp + tn) / testSize ]: 0.84198
	Precision [ tp / (tp + fp) ]:      0
	Sensitivity [ tp / (tp + fn) ]:    0
	Specificity [ tn / (tn + fp) ]:    0.999435
	F-Score [ 2tp / (2tp + fp + fn) ]: 0
Particle (1):: Fit: 44.9961	PB: 44.9961	LB: 54.8641	GB: 54.8641	Conf: 1.84143	Pts: 110197
Particle (6):: Fit: 28.1818	PB: 28.1818	LB: 54.8641	GB: 54.8641	Conf: 2	Pts: 55197
Particle (8):: Fit: 22.2665	PB: 22.2665	LB: 54.8641	GB: 54.8641	Conf: 2	Pts: 55297
Particle (11):: Fit: 15.6518	PB: 15.6518	LB: 49.2085	GB: 54.8641	Conf: 2	Pts: 55297
Particle (13):: Fit: 22.2665	PB: 22.2665	LB: 49.2085	GB: 54.8641	Conf: 2	Pts: 55297
Particle (17):: Fit: 24.292	PB: 24.292	LB: 49.2635	GB: 54.8641	Conf: 2	Pts: 55297
Particle (18):: Fit: 20.2362	PB: 20.2362	LB: 49.2635	GB: 54.8641	Conf: 1.53539	Pts: 60197
Particle (21):: Fit: 23.177	PB: 23.177	LB: 49.2635	GB: 54.8641	Conf: 0.92497	Pts: 55197
Particle (23):: Fit: 42.2807	PB: 42.2807	LB: 49.2635	GB: 54.8641	Conf: 1.06773	Pts: 65197
Particle (25):: Fit: 20.1648	PB: 20.1648	LB: 49.2031	GB: 54.8641	Conf: 2	Pts: 60197
Particle (27):: Fit: 59.057	PB: 59.057	LB: 59.057	GB: 59.057	Conf: 1.25027	Pts: 115197
Particle (28):: Fit: 22.2665	PB: 22.2665	LB: 59.057	GB: 59.057	Conf: 2	Pts: 65297
Particle (30):: Fit: 15.6518	PB: 15.6518	LB: 59.057	GB: 59.057	Conf: 2	Pts: 55197
Particle (32):: Fit: 20.1648	PB: 20.1648	LB: 22.2665	GB: 59.057	Conf: 2	Pts: 55297
Particle (33):: Fit: 22.2665	PB: 22.2665	LB: 31.5836	GB: 59.057	Conf: 2	Pts: 80297
Particle (34):: Fit: 17.9671	PB: 17.9671	LB: 35.0412	GB: 59.057	Conf: 2	Pts: 55197
Particle (35):: Fit: 37.3812	PB: 37.3812	LB: 37.3812	GB: 59.057	Conf: 1.05474	Pts: 130197
Particle (37):: Fit: 20.7025	PB: 20.7025	LB: 37.3812	GB: 59.057	Conf: 0.33563	Pts: 100196
Particle (38):: Fit: 45.3623	PB: 45.3623	LB: 45.3623	GB: 59.057	Conf: 1.48316	Pts: 150297
Particle (40):: Fit: 48.635	PB: 48.635	LB: 48.635	GB: 59.057	Conf: 0.88371	Pts: 90296
Particle (41):: Fit: 35.2033	PB: 35.2033	LB: 48.635	GB: 59.057	Conf: 0.910038	Pts: 55197
Particle (43):: Fit: 22.2665	PB: 22.2665	LB: 49.7144	GB: 59.057	Conf: 2	Pts: 50197
Global: 59.057 - Correct: 50% of 10 tests
Global Best: 
  Inner Net 1
  -- 1 : 1 = 0.5987
  -- 1 : 2 = 0.3063
  -- 1 : 3 = 0.0229
  -- 1 : 4 = 0.1975
  -- 1 : 5 = 0.1307
  -- 1 : 6 = 0.1555
  -- 1 : 7 = 0.0626
  -- 1 : 8 = 0.6546
  -- 1 : 9 = 0.6797
  -- 1 : 10 = 0.894
  -- 2 : 1 = 0.8972
  -- 2 : 2 = 0.9347
  -- 2 : 3 = 0.8535
  -- 2 : 4 = 0.9541
  -- 2 : 5 = 0.5468
  -- 2 : 6 = 0.2199
  -- 2 : 7 = 0.0197
  -- 2 : 8 = 0.3452
  -- 2 : 9 = 0.3924
  -- 2 : 10 = 0.6688
  -- 3 : 1 = 0.3713
  -- 3 : 2 = 0.0128
  -- 3 : 3 = 0.1709
  -- 3 : 4 = 0.0984
  -- 3 : 5 = 0.6748
  -- 3 : 6 = 0.9649
  -- 3 : 7 = 0.8964
  -- 3 : 8 = 0.3288
  -- 3 : 9 = 0.0478
  -- 3 : 10 = 0.2806
  -- 4 : 1 = 0.2449
  -- 4 : 2 = 0.6137
  -- 4 : 3 = 0.9963
  -- 4 : 4 = 0.0293
  -- 4 : 5 = 0.484
  -- 4 : 6 = 0.5321
  -- 4 : 7 = 0.2295
  -- 4 : 8 = 0.7215
  -- 4 : 9 = 0.0819
  -- 4 : 10 = 0.5328
  -- 5 : 1 = 0.6507
  -- 5 : 2 = 0.2153
  -- 5 : 3 = 0.6304
  -- 5 : 4 = 0.3811
  -- 5 : 5 = 0.0871
  -- 5 : 6 = 0.8515
  -- 5 : 7 = 0.8951
  -- 5 : 8 = 0.2264
  -- 5 : 9 = 0.8362
  -- 5 : 10 = 0.9698
  -- 6 : 1 = 0.9503
  -- 6 : 2 = 0.2459
  -- 6 : 3 = 0.6977
  -- 6 : 4 = 0.816
  -- 6 : 5 = 0.8257
  -- 6 : 6 = 0.3057
  -- 6 : 7 = 0.1228
  -- 6 : 8 = 0.5255
  -- 6 : 9 = 0.3468
  -- 6 : 10 = 0.9339
  -- 7 : 1 = 0.1511
  -- 7 : 2 = 0.0858
  -- 7 : 3 = 0.8731
  -- 7 : 4 = 0.7085
  -- 7 : 5 = 0.764
  -- 7 : 6 = 0.2597
  -- 7 : 7 = 0.5076
  -- 7 : 8 = 0.7999
  -- 7 : 9 = 0.8356
  -- 7 : 10 = 0.799
  -- 8 : 1 = 0.9123
  -- 8 : 2 = 0.9412
  -- 8 : 3 = 0.9095
  -- 8 : 4 = 0.0379
  -- 8 : 5 = 0.2118
  -- 8 : 6 = 0.1194
  -- 8 : 7 = 0.7027
  -- 8 : 8 = 0.6606
  -- 8 : 9 = 0.6122
  -- 8 : 10 = 0.0913
  -- 9 : 1 = 0.076
  -- 9 : 2 = 0.7135
  -- 9 : 3 = 0.815
  -- 9 : 4 = 0.7407
  -- 9 : 5 = 0.6486
  -- 9 : 6 = 0.72
  -- 9 : 7 = 0.9334
  -- 9 : 8 = 0.1651
  -- 9 : 9 = 0.0095
  -- 9 : 10 = 0.0759
  -- 10 : 1 = 0.4203
  -- 10 : 2 = 0.2776
  -- 10 : 3 = 0.7056
  -- 10 : 4 = 0.9199
  -- 10 : 5 = 0.6513
  -- 10 : 6 = 0.0893
  -- 10 : 7 = 0.0817
  -- 10 : 8 = 0
  -- 10 : 9 = 0.4145
  -- 10 : 10 = 0.8579
  Inner Net 2
  -- 1 : 1 = 0.288663
  -- 1 : 2 = 0.156409
  -- 2 : 1 = -0.0751217
  -- 2 : 2 = -0.00203368
  -- 3 : 1 = 0.474105
  -- 3 : 2 = -0.0535358
  -- 4 : 1 = 0.173672
  -- 4 : 2 = 0.0533627
  -- 5 : 1 = -0.408195
  -- 5 : 2 = 0.156875
  -- 6 : 1 = 0.220646
  -- 6 : 2 = -0.377387
  -- 7 : 1 = -0.108195
  -- 7 : 2 = 0.38149
  -- 8 : 1 = 0.308469
  -- 8 : 2 = 0.478
  -- 9 : 1 = 0.231727
  -- 9 : 2 = 0.2687
  -- 10 : 1 = -0.0929806
  -- 10 : 2 = 0.136132
Out\Act	False		True
False	0.685388	0.156592	0.84198
True	0.114707	0.0433127	0.15802
	0.800095	0.199905
	Accuracy [ (tp + tn) / testSize ]: 0.728701
	Precision [ tp / (tp + fp) ]:      0.216152
	Sensitivity [ tp / (tp + fn) ]:    0.273273
	Specificity [ tn / (tn + fp) ]:    0.813559
	F-Score [ 2tp / (2tp + fp + fn) ]: 0.2417
Particle (2):: Fit: 22.2665	PB: 22.2665	LB: 54.8641	GB: 59.057	Conf: 2	Pts: 55196
Particle (4):: Fit: 26.2589	PB: 26.2589	LB: 54.8641	GB: 59.057	Conf: 2	Pts: 55196
Particle (11):: Fit: 17.9671	PB: 17.9671	LB: 49.2085	GB: 59.057	Conf: 2	Pts: 55396
Particle (12):: Fit: 17.9671	PB: 17.9671	LB: 49.2085	GB: 59.057	Conf: 2	Pts: 60196
Particle (14):: Fit: 20.7766	PB: 20.7766	LB: 49.2635	GB: 59.057	Conf: 0.736706	Pts: 55296
Particle (18):: Fit: 27.2466	PB: 27.2466	LB: 49.2635	GB: 59.057	Conf: 1.56705	Pts: 60296
Particle (25):: Fit: 22.2665	PB: 22.2665	LB: 59.057	GB: 59.057	Conf: 2	Pts: 60296
Particle (30):: Fit: 22.2665	PB: 22.2665	LB: 59.057	GB: 59.057	Conf: 2	Pts: 55296
Particle (31):: Fit: 32.3995	PB: 32.3995	LB: 59.057	GB: 59.057	Conf: 1.79814	Pts: 70296
Particle (35):: Fit: 49.2922	PB: 49.2922	LB: 49.2922	GB: 59.057	Conf: 1.22857	Pts: 170296
Particle (41):: Fit: 43.7467	PB: 43.7467	LB: 48.635	GB: 59.057	Conf: 0.44145	Pts: 55296
Particle (46):: Fit: 46.3343	PB: 46.3343	LB: 49.7144	GB: 59.057	Conf: 1.14011	Pts: 50296
Particle (48):: Fit: 25.5841	PB: 25.5841	LB: 49.7144	GB: 59.057	Conf: 0.528098	Pts: 50296
Particle (2):: Fit: 26.2589	PB: 26.2589	LB: 54.8641	GB: 59.057	Conf: 2	Pts: 55295
Particle (3):: Fit: 42.8518	PB: 42.8518	LB: 54.8641	GB: 59.057	Conf: 0.79616	Pts: 110195
Particle (7):: Fit: 44.697	PB: 44.697	LB: 54.8641	GB: 59.057	Conf: 1.16824	Pts: 70295
Particle (12):: Fit: 18.0138	PB: 18.0138	LB: 49.2085	GB: 59.057	Conf: 1.84724	Pts: 60295
Particle (34):: Fit: 20.1648	PB: 20.1648	LB: 49.2922	GB: 59.057	Conf: 2	Pts: 55295
Particle (36):: Fit: 20.1648	PB: 20.1648	LB: 49.2922	GB: 59.057	Conf: 2	Pts: 55295
Particle (0):: Fit: 22.2665	PB: 22.2665	LB: 54.8641	GB: 59.057	Conf: 2	Pts: 110194
Particle (9):: Fit: 52.2928	PB: 52.2928	LB: 54.8641	GB: 59.057	Conf: 1.17471	Pts: 130194
Particle (24):: Fit: 18.3347	PB: 18.3347	LB: 59.057	GB: 59.057	Conf: 0.548444	Pts: 55293
Particle (45):: Fit: 37.9735	PB: 37.9735	LB: 49.7144	GB: 59.057	Conf: 1.79741	Pts: 90294
Particle (3):: Fit: 43.293	PB: 43.293	LB: 54.8641	GB: 59.057	Conf: 1.12612	Pts: 110292
Particle (12):: Fit: 18.2086	PB: 18.2086	LB: 52.2928	GB: 59.057	Conf: 1.72035	Pts: 60393
Particle (22):: Fit: 17.9789	PB: 17.9789	LB: 59.057	GB: 59.057	Conf: 0.00677875	Pts: 55293
Particle (32):: Fit: 22.2665	PB: 22.2665	LB: 49.2922	GB: 59.057	Conf: 2	Pts: 55393
Particle (45):: Fit: 48.301	PB: 48.301	LB: 49.7144	GB: 59.057	Conf: 1.77245	Pts: 90393
Particle (12):: Fit: 22.4238	PB: 22.4238	LB: 52.2928	GB: 59.057	Conf: 1.82387	Pts: 60492
Particle (18):: Fit: 43.5134	PB: 43.5134	LB: 49.2635	GB: 59.057	Conf: 1.46321	Pts: 60392
Particle (31):: Fit: 45.1278	PB: 45.1278	LB: 59.057	GB: 59.057	Conf: 1.88988	Pts: 70392
Particle (36):: Fit: 24.292	PB: 24.292	LB: 49.2922	GB: 59.057	Conf: 2	Pts: 55392
Particle (44):: Fit: 24.292	PB: 24.292	LB: 49.7144	GB: 59.057	Conf: 2	Pts: 50292
Particle (46):: Fit: 50.413	PB: 50.413	LB: 50.413	GB: 59.057	Conf: 1.11404	Pts: 95392
Particle (11):: Fit: 20.1648	PB: 20.1648	LB: 52.2928	GB: 59.057	Conf: 2	Pts: 55491
Particle (22):: Fit: 17.9878	PB: 17.9878	LB: 59.057	GB: 59.057	Conf: 0.988057	Pts: 55391
Particle (29):: Fit: 20.1648	PB: 20.1648	LB: 59.057	GB: 59.057	Conf: 2	Pts: 60291
Particle (33):: Fit: 26.2589	PB: 26.2589	LB: 49.2922	GB: 59.057	Conf: 2	Pts: 80391
Particle (15):: Fit: 24.5935	PB: 24.5935	LB: 49.2635	GB: 59.057	Conf: 0.0823525	Pts: 75190
Particle (24):: Fit: 20.5745	PB: 20.5745	LB: 59.057	GB: 59.057	Conf: 0.984639	Pts: 55389
Particle (40):: Fit: 54.3887	PB: 54.3887	LB: 54.3887	GB: 59.057	Conf: 1.5094	Pts: 140389
Particle (11):: Fit: 22.2665	PB: 22.2665	LB: 52.2928	GB: 59.057	Conf: 2	Pts: 55589
Particle (14):: Fit: 25.7127	PB: 25.7127	LB: 49.2635	GB: 59.057	Conf: 0.817715	Pts: 55389
Particle (22):: Fit: 23.2164	PB: 23.2164	LB: 59.057	GB: 59.057	Conf: 0.539249	Pts: 55489
Particle (44):: Fit: 28.1818	PB: 28.1818	LB: 54.3887	GB: 59.057	Conf: 2	Pts: 50389
Particle (49):: Fit: 24.292	PB: 24.292	LB: 50.413	GB: 59.057	Conf: 2	Pts: 50289
Particle (32):: Fit: 24.292	PB: 24.292	LB: 49.2922	GB: 59.057	Conf: 2	Pts: 55488
Particle (10):: Fit: 40.0986	PB: 40.0986	LB: 52.2928	GB: 59.057	Conf: 1.82172	Pts: 55287
Particle (12):: Fit: 37.7944	PB: 37.7944	LB: 52.2928	GB: 59.057	Conf: 1.49597	Pts: 60587
Particle (21):: Fit: 25.2396	PB: 25.2396	LB: 49.2635	GB: 59.057	Conf: 0.311985	Pts: 55286
Particle (29):: Fit: 22.4934	PB: 22.4934	LB: 59.057	GB: 59.057	Conf: 1.9	Pts: 60387
Particle (30):: Fit: 24.292	PB: 24.292	LB: 59.057	GB: 59.057	Conf: 2	Pts: 55387
Particle (2):: Fit: 45.5043	PB: 45.5043	LB: 54.8641	GB: 59.057	Conf: 1.79397	Pts: 55386
Particle (13):: Fit: 26.2589	PB: 26.2589	LB: 52.2928	GB: 59.057	Conf: 2	Pts: 55386
Particle (43):: Fit: 24.292	PB: 24.292	LB: 54.3887	GB: 59.057	Conf: 2	Pts: 50286
Particle (48):: Fit: 27.6358	PB: 27.6358	LB: 50.413	GB: 59.057	Conf: 0.399605	Pts: 50386
Particle (18):: Fit: 45.2787	PB: 45.2787	LB: 49.2635	GB: 59.057	Conf: 1.68886	Pts: 60485
Particle (38):: Fit: 46.6418	PB: 46.6418	LB: 54.3887	GB: 59.057	Conf: 0.955598	Pts: 150385
Particle (12):: Fit: 38.1355	PB: 38.1355	LB: 52.2928	GB: 59.057	Conf: 1.69208	Pts: 60684
Particle (18):: Fit: 60.2377	PB: 60.2377	LB: 60.2377	GB: 60.2377	Conf: 1.56673	Pts: 120584
Particle (29):: Fit: 45.0779	PB: 45.0779	LB: 59.057	GB: 60.2377	Conf: 1.86296	Pts: 60484
Global: 60.2377 - Correct: 40% of 10 tests
Global Best: 
  Inner Net 1
  -- 1 : 1 = 0.5415
  -- 1 : 2 = 0.1761
  -- 1 : 3 = 0.4565
  -- 1 : 4 = 0.0965
  -- 1 : 5 = 0.1455
  -- 1 : 6 = 0.0897
  -- 1 : 7 = 0.1357
  -- 1 : 8 = 0.7133
  -- 1 : 9 = 0.6928
  -- 1 : 10 = 0.5708
  -- 2 : 1 = 0.542
  -- 2 : 2 = 0.5204
  -- 2 : 3 = 0.658
  -- 2 : 4 = 0.4187
  -- 2 : 5 = 0.4628
  -- 2 : 6 = 0.0496
  -- 2 : 7 = 0.4453
  -- 2 : 8 = 0.4874
  -- 2 : 9 = 0.3886
  -- 2 : 10 = 0.8357
  -- 3 : 1 = 0.9799
  -- 3 : 2 = 0.1311
  -- 3 : 3 = 0.7839
  -- 3 : 4 = 0.2505
  -- 3 : 5 = 0.0891
  -- 3 : 6 = 0.2151
  -- 3 : 7 = 0.4792
  -- 3 : 8 = 0.6053
  -- 3 : 9 = 0.4065
  -- 3 : 10 = 0.0675
  -- 4 : 1 = 0.6125
  -- 4 : 2 = 0.2063
  -- 4 : 3 = 0.9837
  -- 4 : 4 = 0.522
  -- 4 : 5 = 0.1848
  -- 4 : 6 = 0.5206
  -- 4 : 7 = 0.003
  -- 4 : 8 = 0.6146
  -- 4 : 9 = 0.6574
  -- 4 : 10 = 0.4157
  -- 5 : 1 = 0.3275
  -- 5 : 2 = 0.1315
  -- 5 : 3 = 0.781
  -- 5 : 4 = 0.5228
  -- 5 : 5 = 0.4094
  -- 5 : 6 = 0.121
  -- 5 : 7 = 0.7897
  -- 5 : 8 = 0.9619
  -- 5 : 9 = 0.2742
  -- 5 : 10 = 0.2478
  -- 6 : 1 = 0.3198
  -- 6 : 2 = 0.9728
  -- 6 : 3 = 0.7783
  -- 6 : 4 = 0.8077
  -- 6 : 5 = 0.0343
  -- 6 : 6 = 0.1523
  -- 6 : 7 = 0.2453
  -- 6 : 8 = 0.1281
  -- 6 : 9 = 0.572
  -- 6 : 10 = 0.3152
  -- 7 : 1 = 0.1217
  -- 7 : 2 = 0.2802
  -- 7 : 3 = 0.4182
  -- 7 : 4 = 0.4837
  -- 7 : 5 = 0.4818
  -- 7 : 6 = 0.8731
  -- 7 : 7 = 0.7182
  -- 7 : 8 = 0.4509
  -- 7 : 9 = 0.5144
  -- 7 : 10 = 0.8737
  -- 8 : 1 = 0.1655
  -- 8 : 2 = 0.0388
  -- 8 : 3 = 0.5598
  -- 8 : 4 = 0.0961
  -- 8 : 5 = 0.2806
  -- 8 : 6 = 0.9436
  -- 8 : 7 = 0.9214
  -- 8 : 8 = 0.5385
  -- 8 : 9 = 0.8113
  -- 8 : 10 = 0.0559
  -- 9 : 1 = 0.7609
  -- 9 : 2 = 0.2555
  -- 9 : 3 = 0.9093
  -- 9 : 4 = 0.2742
  -- 9 : 5 = 0.5591
  -- 9 : 6 = 0.0046
  -- 9 : 7 = 0.4923
  -- 9 : 8 = 0.2521
  -- 9 : 9 = 0.7467
  -- 9 : 10 = 0.4197
  -- 10 : 1 = 0.5801
  -- 10 : 2 = 0.804
  -- 10 : 3 = 0.8186
  -- 10 : 4 = 0.2083
  -- 10 : 5 = 0.3269
  -- 10 : 6 = 0.7657
  -- 10 : 7 = 0.8558
  -- 10 : 8 = 0.1423
  -- 10 : 9 = 0.8608
  -- 10 : 10 = 0.0179
  Inner Net 2
  -- 1 : 1 = -0.086313
  -- 1 : 2 = -0.175297
  -- 2 : 1 = 0.0507268
  -- 2 : 2 = -0.119727
  -- 3 : 1 = 0.45148
  -- 3 : 2 = 0.0326501
  -- 4 : 1 = 0.0444759
  -- 4 : 2 = 0.0784036
  -- 5 : 1 = -0.114555
  -- 5 : 2 = -0.0508892
  -- 6 : 1 = 0.376306
  -- 6 : 2 = 0.118291
  -- 7 : 1 = -0.112163
  -- 7 : 2 = 0.109171
  -- 8 : 1 = 0.293283
  -- 8 : 2 = 0.172516
  -- 9 : 1 = 0.076429
  -- 9 : 2 = 0.129749
  -- 10 : 1 = 0.0101362
  -- 10 : 2 = -0.213649
Out\Act	False		True
False	0.84198	0	0.84198
True	0.15802	0	0.15802
	1	0
	Accuracy [ (tp + tn) / testSize ]: 0.84198
	Precision [ tp / (tp + fp) ]:      0
	Sensitivity [ tp / (tp + fn) ]:    0
	Specificity [ tn / (tn + fp) ]:    0.999435
	F-Score [ 2tp / (2tp + fp + fn) ]: 0
Particle (8):: Fit: 24.292	PB: 24.292	LB: 54.8641	GB: 60.2377	Conf: 2	Pts: 55383
Particle (47):: Fit: 53.966	PB: 53.966	LB: 53.966	GB: 60.2377	Conf: 1.84532	Pts: 115283
Particle (24):: Fit: 25.668	PB: 25.668	LB: 59.057	GB: 60.2377	Conf: 0.966042	Pts: 55481
Particle (25):: Fit: 24.292	PB: 24.292	LB: 59.057	GB: 60.2377	Conf: 2	Pts: 60379
Particle (34):: Fit: 22.2665	PB: 22.2665	LB: 49.2922	GB: 60.2377	Conf: 2	Pts: 55379
Particle (38):: Fit: 47.0791	PB: 47.0791	LB: 54.3887	GB: 60.2377	Conf: 1.39632	Pts: 150479
Particle (11):: Fit: 24.292	PB: 24.292	LB: 52.2928	GB: 60.2377	Conf: 2	Pts: 55677
Particle (31):: Fit: 53.2029	PB: 53.2029	LB: 59.057	GB: 60.2377	Conf: 1.66649	Pts: 85476
Particle (16):: Fit: 54.7846	PB: 54.7846	LB: 60.2377	GB: 60.2377	Conf: 0.860292	Pts: 95175
Particle (26):: Fit: 51.5021	PB: 51.5021	LB: 59.057	GB: 60.2377	Conf: 1.06638	Pts: 85175
Particle (32):: Fit: 26.2589	PB: 26.2589	LB: 53.2029	GB: 60.2377	Conf: 2	Pts: 55575
Particle (39):: Fit: 45.1292	PB: 45.1292	LB: 54.3887	GB: 60.2377	Conf: 1.89191	Pts: 100175
Particle (22):: Fit: 42.1845	PB: 42.1845	LB: 60.2377	GB: 60.2377	Conf: 0.494249	Pts: 55569
Particle (3):: Fit: 55.9837	PB: 55.9837	LB: 55.9837	GB: 60.2377	Conf: 1.33078	Pts: 160368
Particle (45):: Fit: 48.7547	PB: 48.7547	LB: 53.966	GB: 60.2377	Conf: 1.44223	Pts: 90471
Particle (40):: Fit: 55.4087	PB: 55.4087	LB: 55.4087	GB: 60.2377	Conf: 1.79578	Pts: 190470
Particle (45):: Fit: 53.9893	PB: 53.9893	LB: 53.9893	GB: 60.2377	Conf: 1.84995	Pts: 105569
Particle (38):: Fit: 54.4632	PB: 54.4632	LB: 55.4087	GB: 60.2377	Conf: 1.35045	Pts: 160569
Particle (10):: Fit: 40.2959	PB: 40.2959	LB: 52.2928	GB: 60.2377	Conf: 1.89102	Pts: 55368
Particle (23):: Fit: 42.5115	PB: 42.5115	LB: 59.057	GB: 60.2377	Conf: 0.929815	Pts: 65266
Particle (27):: Fit: 60.5688	PB: 60.5688	LB: 60.5688	GB: 60.5688	Conf: 1.44329	Pts: 175268
Global: 60.5688 - Correct: 30% of 10 tests
Global Best: 
  Inner Net 1
  -- 1 : 1 = 0.5987
  -- 1 : 2 = 0.3063
  -- 1 : 3 = 0.0229
  -- 1 : 4 = 0.1975
  -- 1 : 5 = 0.1307
  -- 1 : 6 = 0.1555
  -- 1 : 7 = 0.0626
  -- 1 : 8 = 0.6546
  -- 1 : 9 = 0.6797
  -- 1 : 10 = 0.894
  -- 2 : 1 = 0.8972
  -- 2 : 2 = 0.9347
  -- 2 : 3 = 0.8535
  -- 2 : 4 = 0.9541
  -- 2 : 5 = 0.5468
  -- 2 : 6 = 0.2199
  -- 2 : 7 = 0.0197
  -- 2 : 8 = 0.3452
  -- 2 : 9 = 0.3924
  -- 2 : 10 = 0.6688
  -- 3 : 1 = 0.3713
  -- 3 : 2 = 0.0128
  -- 3 : 3 = 0.1709
  -- 3 : 4 = 0.0984
  -- 3 : 5 = 0.6748
  -- 3 : 6 = 0.9649
  -- 3 : 7 = 0.8964
  -- 3 : 8 = 0.3288
  -- 3 : 9 = 0.0478
  -- 3 : 10 = 0.2806
  -- 4 : 1 = 0.2449
  -- 4 : 2 = 0.6137
  -- 4 : 3 = 0.9963
  -- 4 : 4 = 0.0293
  -- 4 : 5 = 0.484
  -- 4 : 6 = 0.5321
  -- 4 : 7 = 0.2295
  -- 4 : 8 = 0.7215
  -- 4 : 9 = 0.0819
  -- 4 : 10 = 0.5328
  -- 5 : 1 = 0.6507
  -- 5 : 2 = 0.2153
  -- 5 : 3 = 0.6304
  -- 5 : 4 = 0.3811
  -- 5 : 5 = 0.0871
  -- 5 : 6 = 0.8515
  -- 5 : 7 = 0.8951
  -- 5 : 8 = 0.2264
  -- 5 : 9 = 0.8362
  -- 5 : 10 = 0.9698
  -- 6 : 1 = 0.9503
  -- 6 : 2 = 0.2459
  -- 6 : 3 = 0.6977
  -- 6 : 4 = 0.816
  -- 6 : 5 = 0.8257
  -- 6 : 6 = 0.3057
  -- 6 : 7 = 0.1228
  -- 6 : 8 = 0.5255
  -- 6 : 9 = 0.3468
  -- 6 : 10 = 0.9339
  -- 7 : 1 = 0.1511
  -- 7 : 2 = 0.0858
  -- 7 : 3 = 0.8731
  -- 7 : 4 = 0.7085
  -- 7 : 5 = 0.764
  -- 7 : 6 = 0.2597
  -- 7 : 7 = 0.5076
  -- 7 : 8 = 0.7999
  -- 7 : 9 = 0.8356
  -- 7 : 10 = 0.799
  -- 8 : 1 = 0.9123
  -- 8 : 2 = 0.9412
  -- 8 : 3 = 0.9095
  -- 8 : 4 = 0.0379
  -- 8 : 5 = 0.2118
  -- 8 : 6 = 0.1194
  -- 8 : 7 = 0.7027
  -- 8 : 8 = 0.6606
  -- 8 : 9 = 0.6122
  -- 8 : 10 = 0.0913
  -- 9 : 1 = 0.076
  -- 9 : 2 = 0.7135
  -- 9 : 3 = 0.815
  -- 9 : 4 = 0.7407
  -- 9 : 5 = 0.6486
  -- 9 : 6 = 0.72
  -- 9 : 7 = 0.9334
  -- 9 : 8 = 0.1651
  -- 9 : 9 = 0.0095
  -- 9 : 10 = 0.0759
  -- 10 : 1 = 0.4203
  -- 10 : 2 = 0.2776
  -- 10 : 3 = 0.7056
  -- 10 : 4 = 0.9199
  -- 10 : 5 = 0.6513
  -- 10 : 6 = 0.0893
  -- 10 : 7 = 0.0817
  -- 10 : 8 = 0
  -- 10 : 9 = 0.4145
  -- 10 : 10 = 0.8579
  Inner Net 2
  -- 1 : 1 = 0.455602
  -- 1 : 2 = -0.118052
  -- 2 : 1 = 0.226603
  -- 2 : 2 = 0.0547792
  -- 3 : 1 = 0.461232
  -- 3 : 2 = -0.0139614
  -- 4 : 1 = 0.41984
  -- 4 : 2 = 0.0202637
  -- 5 : 1 = -0.38211
  -- 5 : 2 = 0.27638
  -- 6 : 1 = 0.289661
  -- 6 : 2 = -0.387381
  -- 7 : 1 = -0.0848995
  -- 7 : 2 = 0.661719
  -- 8 : 1 = 0.31192
  -- 8 : 2 = -0.0238225
  -- 9 : 1 = -0.114104
  -- 9 : 2 = 0.0838713
  -- 10 : 1 = -0.225105
  -- 10 : 2 = 0.302789
Out\Act	False		True
False	0.840552	0.00142789	0.84198
True	0.15802	0	0.15802
	0.998572	0.00142789
	Accuracy [ (tp + tn) / testSize ]: 0.840552
	Precision [ tp / (tp + fp) ]:      0
	Sensitivity [ tp / (tp + fn) ]:    0
	Specificity [ tn / (tn + fp) ]:    0.99774
	F-Score [ 2tp / (2tp + fp + fn) ]: 0
Particle (14):: Fit: 25.7127	PB: 25.7127	LB: 60.2377	GB: 60.5688	Conf: 0.782416	Pts: 55465
Particle (10):: Fit: 50.5549	PB: 50.5549	LB: 52.2928	GB: 60.5688	Conf: 1.76285	Pts: 55463
Particle (17):: Fit: 26.2589	PB: 26.2589	LB: 60.2377	GB: 60.5688	Conf: 2	Pts: 55363
Particle (2):: Fit: 55.3222	PB: 55.3222	LB: 55.9837	GB: 60.5688	Conf: 1.73949	Pts: 60462
Particle (20):: Fit: 53.0423	PB: 53.0423	LB: 60.2377	GB: 60.5688	Conf: 1.7881	Pts: 55162
Particle (33):: Fit: 28.1818	PB: 28.1818	LB: 54.4632	GB: 60.5688	Conf: 2	Pts: 80462
Particle (41):: Fit: 47.854	PB: 47.854	LB: 55.4087	GB: 60.5688	Conf: 0.703112	Pts: 55360
Particle (9):: Fit: 52.5959	PB: 52.5959	LB: 54.8641	GB: 60.5688	Conf: 1.00681	Pts: 135260
Particle (10):: Fit: 54.1075	PB: 54.1075	LB: 54.1075	GB: 60.5688	Conf: 1.89285	Pts: 60553
Particle (23):: Fit: 50.3378	PB: 50.3378	LB: 60.5688	GB: 60.5688	Conf: 1.07392	Pts: 65351
Particle (34):: Fit: 24.292	PB: 24.292	LB: 54.4632	GB: 60.5688	Conf: 2	Pts: 55453
Particle (37):: Fit: 23.255	PB: 23.255	LB: 55.4087	GB: 60.5688	Conf: 0.697805	Pts: 100247
Particle (45):: Fit: 58.3577	PB: 58.3577	LB: 58.3577	GB: 60.5688	Conf: 1.89917	Pts: 155651
Particle (1):: Fit: 45.0865	PB: 45.0865	LB: 55.9837	GB: 60.5688	Conf: 1.86602	Pts: 110251
Particle (28):: Fit: 24.292	PB: 24.292	LB: 60.5688	GB: 60.5688	Conf: 2	Pts: 65351
Particle (36):: Fit: 26.2589	PB: 26.2589	LB: 55.4087	GB: 60.5688	Conf: 2	Pts: 55450
Particle (15):: Fit: 25.4134	PB: 25.4134	LB: 60.2377	GB: 60.5688	Conf: 0.401937	Pts: 75247
Particle (35):: Fit: 49.3986	PB: 49.3986	LB: 55.4087	GB: 60.5688	Conf: 1.81602	Pts: 170347
Particle (35):: Fit: 54.3403	PB: 54.3403	LB: 55.4087	GB: 60.5688	Conf: 1.47851	Pts: 175446
Particle (45):: Fit: 65.8442	PB: 65.8442	LB: 65.8442	GB: 65.8442	Conf: 1.54236	Pts: 215746
Global: 65.8442 - Correct: 40% of 10 tests
Global Best: 
  Inner Net 1
  -- 1 : 1 = 0.8465
  -- 1 : 2 = 0.0059
  -- 1 : 3 = 0.9948
  -- 1 : 4 = 0.1288
  -- 1 : 5 = 0.4042
  -- 1 : 6 = 0.648
  -- 1 : 7 = 0.9755
  -- 1 : 8 = 0.2022
  -- 1 : 9 = 0.4831
  -- 1 : 10 = 0.2285
  -- 2 : 1 = 0.642
  -- 2 : 2 = 0.5882
  -- 2 : 3 = 0.7419
  -- 2 : 4 = 0.9466
  -- 2 : 5 = 0.6594
  -- 2 : 6 = 0.3564
  -- 2 : 7 = 0.8427
  -- 2 : 8 = 0.8889
  -- 2 : 9 = 0.6547
  -- 2 : 10 = 0.7305
  -- 3 : 1 = 0.9943
  -- 3 : 2 = 0.0424
  -- 3 : 3 = 0.4612
  -- 3 : 4 = 0.1239
  -- 3 : 5 = 0.3632
  -- 3 : 6 = 0.0062
  -- 3 : 7 = 0.5209
  -- 3 : 8 = 0.0887
  -- 3 : 9 = 0.2331
  -- 3 : 10 = 0.218
  -- 4 : 1 = 0.3169
  -- 4 : 2 = 0.6832
  -- 4 : 3 = 0.9484
  -- 4 : 4 = 0.7008
  -- 4 : 5 = 0.625
  -- 4 : 6 = 0.2554
  -- 4 : 7 = 0.0599
  -- 4 : 8 = 0.0218
  -- 4 : 9 = 0.5201
  -- 4 : 10 = 0.0423
  -- 5 : 1 = 0.8482
  -- 5 : 2 = 0.3129
  -- 5 : 3 = 0.9725
  -- 5 : 4 = 0.0297
  -- 5 : 5 = 0.4591
  -- 5 : 6 = 0.987
  -- 5 : 7 = 0.6909
  -- 5 : 8 = 0.2544
  -- 5 : 9 = 0.8233
  -- 5 : 10 = 0.9972
  -- 6 : 1 = 0.7262
  -- 6 : 2 = 0.2114
  -- 6 : 3 = 0.0605
  -- 6 : 4 = 0.3349
  -- 6 : 5 = 0.9233
  -- 6 : 6 = 0.5296
  -- 6 : 7 = 0.5051
  -- 6 : 8 = 0.5985
  -- 6 : 9 = 0.0269
  -- 6 : 10 = 0.5671
  -- 7 : 1 = 0.4269
  -- 7 : 2 = 0.6827
  -- 7 : 3 = 0.2353
  -- 7 : 4 = 0.1012
  -- 7 : 5 = 0.2728
  -- 7 : 6 = 0.682
  -- 7 : 7 = 0.0716
  -- 7 : 8 = 0.782
  -- 7 : 9 = 0.4128
  -- 7 : 10 = 0.0124
  -- 8 : 1 = 0.1505
  -- 8 : 2 = 0.0939
  -- 8 : 3 = 0.7088
  -- 8 : 4 = 0.5045
  -- 8 : 5 = 0.7541
  -- 8 : 6 = 0.6299
  -- 8 : 7 = 0.5482
  -- 8 : 8 = 0.0283
  -- 8 : 9 = 0.9675
  -- 8 : 10 = 0.0567
  -- 9 : 1 = 0.5724
  -- 9 : 2 = 0.6945
  -- 9 : 3 = 0.8386
  -- 9 : 4 = 0.744
  -- 9 : 5 = 0.4933
  -- 9 : 6 = 0.3918
  -- 9 : 7 = 0.9917
  -- 9 : 8 = 0.1424
  -- 9 : 9 = 0.5206
  -- 9 : 10 = 0.1048
  -- 10 : 1 = 0.8659
  -- 10 : 2 = 0.7757
  -- 10 : 3 = 0.2411
  -- 10 : 4 = 0.4511
  -- 10 : 5 = 0.516
  -- 10 : 6 = 0.12
  -- 10 : 7 = 0.07
  -- 10 : 8 = 0.9725
  -- 10 : 9 = 0.1468
  -- 10 : 10 = 0.2615
  Inner Net 2
  -- 1 : 1 = 0.0222498
  -- 1 : 2 = 0.203534
  -- 2 : 1 = -0.257788
  -- 2 : 2 = 0.0863312
  -- 3 : 1 = 0.060795
  -- 3 : 2 = 0.0328201
  -- 4 : 1 = 0.127158
  -- 4 : 2 = 0.0456426
  -- 5 : 1 = -0.536084
  -- 5 : 2 = -0.135117
  -- 6 : 1 = -0.521788
  -- 6 : 2 = 0.130568
  -- 7 : 1 = -0.364202
  -- 7 : 2 = 0.233982
  -- 8 : 1 = 0.234368
  -- 8 : 2 = -0.0337733
  -- 9 : 1 = 0.081662
  -- 9 : 2 = 0.208108
  -- 10 : 1 = -0.164808
  -- 10 : 2 = 0.203318
Out\Act	False		True
False	0.84198	0	0.84198
True	0.15802	0	0.15802
	1	0
	Accuracy [ (tp + tn) / testSize ]: 0.84198
	Precision [ tp / (tp + fp) ]:      0
	Sensitivity [ tp / (tp + fn) ]:    0
	Specificity [ tn / (tn + fp) ]:    0.999435
	F-Score [ 2tp / (2tp + fp + fn) ]: 0
Particle (9):: Fit: 64.9933	PB: 64.9933	LB: 64.9933	GB: 65.8442	Conf: 1.33281	Pts: 185346
Particle (21):: Fit: 25.7047	PB: 25.7047	LB: 60.2377	GB: 65.8442	Conf: 0.726345	Pts: 55337
Particle (3):: Fit: 55.9903	PB: 55.9903	LB: 55.9903	GB: 65.8442	Conf: 0.867999	Pts: 180437
Particle (19):: Fit: 49.2995	PB: 49.2995	LB: 60.2377	GB: 65.8442	Conf: 1.804	Pts: 110140
Particle (11):: Fit: 26.2589	PB: 26.2589	LB: 64.9933	GB: 65.8442	Conf: 2	Pts: 55739
Particle (40):: Fit: 55.9486	PB: 55.9486	LB: 65.8442	GB: 65.8442	Conf: 1.36801	Pts: 215537
Particle (1):: Fit: 45.1318	PB: 45.1318	LB: 55.9903	GB: 65.8442	Conf: 1.9	Pts: 110337
Particle (24):: Fit: 25.6977	PB: 25.6977	LB: 60.5688	GB: 65.8442	Conf: 0.898926	Pts: 55532
Particle (41):: Fit: 50.1618	PB: 50.1618	LB: 65.8442	GB: 65.8442	Conf: 0.798931	Pts: 55428
Particle (32):: Fit: 35.1406	PB: 35.1406	LB: 54.3403	GB: 65.8442	Conf: 1.88466	Pts: 55633
Particle (7):: Fit: 49.2069	PB: 49.2069	LB: 64.9933	GB: 65.8442	Conf: 1.32575	Pts: 70326
Particle (16):: Fit: 60.2487	PB: 60.2487	LB: 60.2487	GB: 65.8442	Conf: 1.35669	Pts: 130228
Particle (37):: Fit: 25.7123	PB: 25.7123	LB: 55.9486	GB: 65.8442	Conf: 0.776309	Pts: 100324
Particle (12):: Fit: 49.523	PB: 49.523	LB: 64.9933	GB: 65.8442	Conf: 1.83431	Pts: 60729
Particle (26):: Fit: 55.9758	PB: 55.9758	LB: 60.5688	GB: 65.8442	Conf: 1.25791	Pts: 85227
Particle (37):: Fit: 42.5676	PB: 42.5676	LB: 55.9486	GB: 65.8442	Conf: 0.853145	Pts: 100414
Particle (14):: Fit: 27.7501	PB: 27.7501	LB: 60.2487	GB: 65.8442	Conf: 0.450084	Pts: 55517
Particle (15):: Fit: 25.6799	PB: 25.6799	LB: 60.2487	GB: 65.8442	Conf: 0.94351	Pts: 75308
Particle (9):: Fit: 65.0503	PB: 65.0503	LB: 65.0503	GB: 65.8442	Conf: 1.22017	Pts: 235412
Particle (10):: Fit: 58.3569	PB: 58.3569	LB: 65.0503	GB: 65.8442	Conf: 1.89594	Pts: 60610
Particle (3):: Fit: 63.6881	PB: 63.6881	LB: 63.6881	GB: 65.8442	Conf: 1.09105	Pts: 200503
Particle (30):: Fit: 26.2589	PB: 26.2589	LB: 60.5688	GB: 65.8442	Conf: 2	Pts: 55407
Particle (34):: Fit: 26.2589	PB: 26.2589	LB: 54.4632	GB: 65.8442	Conf: 2	Pts: 55507
Particle (40):: Fit: 59.9898	PB: 59.9898	LB: 65.8442	GB: 65.8442	Conf: 1.43795	Pts: 240606
Particle (7):: Fit: 51.5047	PB: 51.5047	LB: 65.0503	GB: 65.8442	Conf: 1.07205	Pts: 70398
Particle (49):: Fit: 26.2589	PB: 26.2589	LB: 65.8442	GB: 65.8442	Conf: 2	Pts: 50304
Particle (16):: Fit: 60.2619	PB: 60.2619	LB: 60.2619	GB: 65.8442	Conf: 1.26779	Pts: 165299
Particle (0):: Fit: 51.179	PB: 51.179	LB: 63.6881	GB: 65.8442	Conf: 0.527545	Pts: 110198
Particle (6):: Fit: 36.6191	PB: 36.6191	LB: 65.0503	GB: 65.8442	Conf: 0.860933	Pts: 55198
Particle (28):: Fit: 35.1471	PB: 35.1471	LB: 60.5688	GB: 65.8442	Conf: 0.561063	Pts: 65398
Particle (34):: Fit: 31.2403	PB: 31.2403	LB: 54.4632	GB: 65.8442	Conf: 0.702798	Pts: 55598
Particle (42):: Fit: 51.1681	PB: 51.1681	LB: 65.8442	GB: 65.8442	Conf: 0.873077	Pts: 65098
Particle (48):: Fit: 34.0047	PB: 34.0047	LB: 65.8442	GB: 65.8442	Conf: 0.492674	Pts: 50392
Particle (15):: Fit: 50.9674	PB: 50.9674	LB: 60.2619	GB: 65.8442	Conf: 0.532721	Pts: 75390
Particle (21):: Fit: 45.6046	PB: 45.6046	LB: 60.2377	GB: 65.8442	Conf: 0.439373	Pts: 55384
Particle (28):: Fit: 43.9162	PB: 43.9162	LB: 60.5688	GB: 65.8442	Conf: 0.428811	Pts: 65497
Particle (32):: Fit: 56.5176	PB: 56.5176	LB: 56.5176	GB: 65.8442	Conf: 0.557657	Pts: 70697
Particle (48):: Fit: 35.4895	PB: 35.4895	LB: 65.8442	GB: 65.8442	Conf: 0.21679	Pts: 50491
Particle (6):: Fit: 45.4131	PB: 45.4131	LB: 65.0503	GB: 65.8442	Conf: 0.824218	Pts: 55296
Particle (17):: Fit: 61.2866	PB: 61.2866	LB: 61.2866	GB: 65.8442	Conf: 0.718639	Pts: 95396
Particle (30):: Fit: 28.0164	PB: 28.0164	LB: 60.5688	GB: 65.8442	Conf: 0.708946	Pts: 55496
Particle (36):: Fit: 30.8815	PB: 30.8815	LB: 59.9898	GB: 65.8442	Conf: 0.453394	Pts: 55496
Particle (36):: Fit: 34.5447	PB: 34.5447	LB: 59.9898	GB: 65.8442	Conf: 0.874153	Pts: 55595
Particle (43):: Fit: 38.5207	PB: 38.5207	LB: 65.8442	GB: 65.8442	Conf: 0.407908	Pts: 50295
Particle (44):: Fit: 42.8563	PB: 42.8563	LB: 65.8442	GB: 65.8442	Conf: 0.404671	Pts: 50395
Particle (49):: Fit: 42.1175	PB: 42.1175	LB: 65.8442	GB: 65.8442	Conf: 0.955467	Pts: 50395
Particle (4):: Fit: 42.6626	PB: 42.6626	LB: 65.0503	GB: 65.8442	Conf: 0.592725	Pts: 55194
Particle (19):: Fit: 49.6278	PB: 49.6278	LB: 61.2866	GB: 65.8442	Conf: 0.456546	Pts: 110194
Particle (23):: Fit: 54.9581	PB: 54.9581	LB: 60.5688	GB: 65.8442	Conf: 0.380359	Pts: 65387
Particle (24):: Fit: 32.8183	PB: 32.8183	LB: 60.5688	GB: 65.8442	Conf: 0.845652	Pts: 55588
Particle (48):: Fit: 45.8498	PB: 45.8498	LB: 65.8442	GB: 65.8442	Conf: 0.744006	Pts: 50588
Particle (8):: Fit: 35.6892	PB: 35.6892	LB: 65.0503	GB: 65.8442	Conf: 0.533068	Pts: 55393
Particle (12):: Fit: 56.4736	PB: 56.4736	LB: 65.0503	GB: 65.8442	Conf: 0.643799	Pts: 60793
Particle (44):: Fit: 45.0568	PB: 45.0568	LB: 65.8442	GB: 65.8442	Conf: 0.893366	Pts: 50493
Particle (48):: Fit: 48.4812	PB: 48.4812	LB: 65.8442	GB: 65.8442	Conf: 0.567092	Pts: 50687
Particle (21):: Fit: 50.2573	PB: 50.2573	LB: 61.2866	GB: 65.8442	Conf: 0.653505	Pts: 55478
Particle (22):: Fit: 43.701	PB: 43.701	LB: 60.5688	GB: 65.8442	Conf: 0.642973	Pts: 55584
Particle (24):: Fit: 43.7519	PB: 43.7519	LB: 60.5688	GB: 65.8442	Conf: 0.220054	Pts: 55686
Particle (33):: Fit: 42.5771	PB: 42.5771	LB: 56.5176	GB: 65.8442	Conf: 0.470909	Pts: 80492
Particle (34):: Fit: 31.4611	PB: 31.4611	LB: 56.5176	GB: 65.8442	Conf: 0.735478	Pts: 55692
Particle (36):: Fit: 50.956	PB: 50.956	LB: 59.9898	GB: 65.8442	Conf: 0.672686	Pts: 55692
Particle (49):: Fit: 48.6224	PB: 48.6224	LB: 65.8442	GB: 65.8442	Conf: 0.714871	Pts: 50492
Particle (11):: Fit: 35.0274	PB: 35.0274	LB: 65.0503	GB: 65.8442	Conf: 0.699461	Pts: 55791
Particle (14):: Fit: 50.403	PB: 50.403	LB: 61.2866	GB: 65.8442	Conf: 0.906924	Pts: 55584
Particle (34):: Fit: 48.0489	PB: 48.0489	LB: 56.5176	GB: 65.8442	Conf: 0.670298	Pts: 55791
Particle (13):: Fit: 28.7531	PB: 28.7531	LB: 65.0503	GB: 65.8442	Conf: 0.529822	Pts: 55389
Particle (43):: Fit: 50.4827	PB: 50.4827	LB: 65.8442	GB: 65.8442	Conf: 0.400893	Pts: 50389
Particle (47):: Fit: 54.9568	PB: 54.9568	LB: 65.8442	GB: 65.8442	Conf: 0.524389	Pts: 115289
Particle (11):: Fit: 49.5433	PB: 49.5433	LB: 65.0503	GB: 65.8442	Conf: 0.711898	Pts: 55888
Particle (24):: Fit: 52.4346	PB: 52.4346	LB: 60.5688	GB: 65.8442	Conf: 0.657735	Pts: 55782
Particle (32):: Fit: 57.2865	PB: 57.2865	LB: 57.2865	GB: 65.8442	Conf: 0.5776	Pts: 85787
Particle (33):: Fit: 49.8749	PB: 49.8749	LB: 57.2865	GB: 65.8442	Conf: 0.493571	Pts: 80588
Particle (48):: Fit: 49.2304	PB: 49.2304	LB: 65.8442	GB: 65.8442	Conf: 0.440295	Pts: 50782
Particle (4):: Fit: 44.058	PB: 44.058	LB: 65.0503	GB: 65.8442	Conf: 0.414168	Pts: 55287
Particle (4):: Fit: 46.9267	PB: 46.9267	LB: 65.0503	GB: 65.8442	Conf: 0.323086	Pts: 55386
Particle (5):: Fit: 57.2939	PB: 57.2939	LB: 65.0503	GB: 65.8442	Conf: 0.885912	Pts: 115186
Particle (6):: Fit: 51.2855	PB: 51.2855	LB: 65.0503	GB: 65.8442	Conf: 0.891517	Pts: 55386
Particle (22):: Fit: 56.696	PB: 56.696	LB: 60.5688	GB: 65.8442	Conf: 0.772027	Pts: 55678
Particle (25):: Fit: 34.982	PB: 34.982	LB: 60.5688	GB: 65.8442	Conf: 0.0854684	Pts: 60385
Particle (28):: Fit: 45.9167	PB: 45.9167	LB: 60.5688	GB: 65.8442	Conf: 0.713798	Pts: 65586
Particle (8):: Fit: 43.4344	PB: 43.4344	LB: 65.0503	GB: 65.8442	Conf: 0.267822	Pts: 55485
Particle (44):: Fit: 47.8237	PB: 47.8237	LB: 65.8442	GB: 65.8442	Conf: 0.409877	Pts: 50585
Particle (1):: Fit: 48.7197	PB: 48.7197	LB: 63.6881	GB: 65.8442	Conf: 0.747698	Pts: 110384
Particle (23):: Fit: 59.0891	PB: 59.0891	LB: 60.5688	GB: 65.8442	Conf: 0.1379	Pts: 65476
Particle (25):: Fit: 48.1819	PB: 48.1819	LB: 60.5688	GB: 65.8442	Conf: 0.415905	Pts: 60483
Particle (30):: Fit: 40.4707	PB: 40.4707	LB: 60.5688	GB: 65.8442	Conf: 0.660403	Pts: 55582
Particle (13):: Fit: 49.0882	PB: 49.0882	LB: 65.0503	GB: 65.8442	Conf: 0.237927	Pts: 55480
Particle (1):: Fit: 49.7258	PB: 49.7258	LB: 63.6881	GB: 65.8442	Conf: 0.659241	Pts: 110479
Particle (2):: Fit: 56.4873	PB: 56.4873	LB: 63.6881	GB: 65.8442	Conf: 0.77271	Pts: 60479
Particle (24):: Fit: 55.3753	PB: 55.3753	LB: 60.5688	GB: 65.8442	Conf: 0.381752	Pts: 55873
Particle (30):: Fit: 40.546	PB: 40.546	LB: 60.5688	GB: 65.8442	Conf: 0.867812	Pts: 55679
Particle (48):: Fit: 56.6063	PB: 56.6063	LB: 65.8442	GB: 65.8442	Conf: 0.284356	Pts: 50872
Particle (8):: Fit: 50.5132	PB: 50.5132	LB: 65.0503	GB: 65.8442	Conf: 0.770366	Pts: 55576
Particle (24):: Fit: 56.7297	PB: 56.7297	LB: 60.5688	GB: 65.8442	Conf: 0.644732	Pts: 55971
Particle (32):: Fit: 61.4464	PB: 61.4464	LB: 61.4464	GB: 65.8442	Conf: 0.665203	Pts: 135874
Particle (29):: Fit: 50.5257	PB: 50.5257	LB: 61.4464	GB: 65.8442	Conf: 0.221531	Pts: 60475
Particle (42):: Fit: 51.6789	PB: 51.6789	LB: 65.8442	GB: 65.8442	Conf: 0.838252	Pts: 65174
Particle (0):: Fit: 59.2408	PB: 59.2408	LB: 63.6881	GB: 65.8442	Conf: 0.421536	Pts: 110270
Particle (36):: Fit: 56.3227	PB: 56.3227	LB: 61.4464	GB: 65.8442	Conf: 0.820162	Pts: 55770
Particle (2):: Fit: 61.9892	PB: 61.9892	LB: 63.6881	GB: 65.8442	Conf: 0.560247	Pts: 60570
Particle (24):: Fit: 62.288	PB: 62.288	LB: 62.288	GB: 65.8442	Conf: 0.689605	Pts: 106065
Particle (8):: Fit: 50.5363	PB: 50.5363	LB: 65.0503	GB: 65.8442	Conf: 0.244549	Pts: 55669
Particle (25):: Fit: 49.3017	PB: 49.3017	LB: 62.288	GB: 65.8442	Conf: 0.534681	Pts: 60569
Particle (44):: Fit: 50.6778	PB: 50.6778	LB: 65.8442	GB: 65.8442	Conf: 0.80558	Pts: 50668
Particle (30):: Fit: 44.0056	PB: 44.0056	LB: 61.4464	GB: 65.8442	Conf: 0.791731	Pts: 55767
Particle (46):: Fit: 51.2588	PB: 51.2588	LB: 65.8442	GB: 65.8442	Conf: 0.751117	Pts: 95361
Particle (4):: Fit: 54.3853	PB: 54.3853	LB: 65.0503	GB: 65.8442	Conf: 0.433453	Pts: 55464
Particle (28):: Fit: 54.8115	PB: 54.8115	LB: 62.288	GB: 65.8442	Conf: 0.547917	Pts: 65664
Particle (15):: Fit: 52.2635	PB: 52.2635	LB: 61.2866	GB: 65.8442	Conf: 0.511461	Pts: 75456
Particle (1):: Fit: 50.0923	PB: 50.0923	LB: 63.6881	GB: 65.8442	Conf: 0.416753	Pts: 110562
Particle (30):: Fit: 45.8879	PB: 45.8879	LB: 61.4464	GB: 65.8442	Conf: 0.746212	Pts: 55862
Particle (29):: Fit: 50.6233	PB: 50.6233	LB: 61.4464	GB: 65.8442	Conf: 0.368005	Pts: 60560
Particle (34):: Fit: 59.5028	PB: 59.5028	LB: 61.4464	GB: 65.8442	Conf: 0.152409	Pts: 55859
Particle (29):: Fit: 57.9206	PB: 57.9206	LB: 61.4464	GB: 65.8442	Conf: 0.637405	Pts: 60658
Particle (43):: Fit: 61.3247	PB: 61.3247	LB: 65.8442	GB: 65.8442	Conf: 0.316761	Pts: 60459
Particle (19):: Fit: 55.0598	PB: 55.0598	LB: 62.288	GB: 65.8442	Conf: 0.869077	Pts: 110257
Particle (30):: Fit: 48.7018	PB: 48.7018	LB: 61.4464	GB: 65.8442	Conf: 0.632665	Pts: 55957
Particle (1):: Fit: 56.4713	PB: 56.4713	LB: 63.6881	GB: 65.8442	Conf: 0.761835	Pts: 110651
Particle (6):: Fit: 51.4327	PB: 51.4327	LB: 65.0503	GB: 65.8442	Conf: 0.779925	Pts: 55449
Particle (19):: Fit: 55.6944	PB: 55.6944	LB: 62.288	GB: 65.8442	Conf: 0.534686	Pts: 110348
Particle (31):: Fit: 62.8571	PB: 62.8571	LB: 62.8571	GB: 65.8442	Conf: 0.733754	Pts: 135448
Particle (49):: Fit: 49.894	PB: 49.894	LB: 65.8442	GB: 65.8442	Conf: 0.687843	Pts: 50548
Particle (30):: Fit: 56.0923	PB: 56.0923	LB: 62.8571	GB: 65.8442	Conf: 0.502428	Pts: 56043
Particle (4):: Fit: 61.1776	PB: 61.1776	LB: 65.0503	GB: 65.8442	Conf: 0.528676	Pts: 55534
Particle (25):: Fit: 49.6572	PB: 49.6572	LB: 62.288	GB: 65.8442	Conf: 0.203121	Pts: 60632
Particle (21):: Fit: 52.8508	PB: 52.8508	LB: 62.288	GB: 65.8442	Conf: 0.482367	Pts: 55515
Particle (35):: Fit: 54.414	PB: 54.414	LB: 62.8571	GB: 65.8442	Conf: 0.292235	Pts: 175426
Particle (28):: Fit: 56.2814	PB: 56.2814	LB: 62.8571	GB: 65.8442	Conf: 0.509916	Pts: 65730
Particle (14):: Fit: 50.7771	PB: 50.7771	LB: 61.2866	GB: 65.8442	Conf: 0.410894	Pts: 55622
Particle (33):: Fit: 55.1298	PB: 55.1298	LB: 62.8571	GB: 65.8442	Conf: 0.299173	Pts: 80627
Particle (42):: Fit: 56.1205	PB: 56.1205	LB: 65.8442	GB: 65.8442	Conf: 0.535504	Pts: 65227
Particle (46):: Fit: 57.4285	PB: 57.4285	LB: 65.8442	GB: 65.8442	Conf: 0.534623	Pts: 95423
Particle (36):: Fit: 56.774	PB: 56.774	LB: 61.4464	GB: 65.8442	Conf: 0.473871	Pts: 55822
Particle (39):: Fit: 46.3818	PB: 46.3818	LB: 61.3247	GB: 65.8442	Conf: 0.605161	Pts: 100119
Particle (1):: Fit: 62.4177	PB: 62.4177	LB: 63.6881	GB: 65.8442	Conf: 0.562681	Pts: 110718
Particle (15):: Fit: 56.3128	PB: 56.3128	LB: 61.2866	GB: 65.8442	Conf: 0.280687	Pts: 75509
Particle (44):: Fit: 54.4882	PB: 54.4882	LB: 65.8442	GB: 65.8442	Conf: 0.584528	Pts: 50715
Particle (6):: Fit: 56.7752	PB: 56.7752	LB: 65.0503	GB: 65.8442	Conf: 0.73541	Pts: 55512
Particle (26):: Fit: 61.5297	PB: 61.5297	LB: 62.8571	GB: 65.8442	Conf: 0.300968	Pts: 85210
Particle (22):: Fit: 57.108	PB: 57.108	LB: 62.288	GB: 65.8442	Conf: 0.936565	Pts: 55703
Particle (33):: Fit: 62.6389	PB: 62.6389	LB: 62.8571	GB: 65.8442	Conf: 0.808597	Pts: 90709
Particle (16):: Fit: 61.0864	PB: 61.0864	LB: 61.2866	GB: 65.8442	Conf: 0.394333	Pts: 165304
Particle (22):: Fit: 61.8654	PB: 61.8654	LB: 62.288	GB: 65.8442	Conf: 0.835492	Pts: 65802
Particle (49):: Fit: 56.8118	PB: 56.8118	LB: 65.8442	GB: 65.8442	Conf: 0.738543	Pts: 50604
Particle (44):: Fit: 56.1047	PB: 56.1047	LB: 65.8442	GB: 65.8442	Conf: 0.603974	Pts: 50804
Particle (30):: Fit: 62.8406	PB: 62.8406	LB: 62.8571	GB: 65.8442	Conf: 0.78499	Pts: 61103
Particle (39):: Fit: 47.9495	PB: 47.9495	LB: 61.3247	GB: 65.8442	Conf: 0.460492	Pts: 100199
Particle (46):: Fit: 61.3457	PB: 61.3457	LB: 65.8442	GB: 65.8442	Conf: 0.663803	Pts: 95496
Particle (25):: Fit: 52.6345	PB: 52.6345	LB: 62.8406	GB: 65.8442	Conf: 0.4625	Pts: 60699
Particle (38):: Fit: 56.5432	PB: 56.5432	LB: 61.3247	GB: 65.8442	Conf: 0.59221	Pts: 160500
Particle (12):: Fit: 61.5641	PB: 61.5641	LB: 65.0503	GB: 65.8442	Conf: 0.675312	Pts: 75797
Particle (14):: Fit: 54.8326	PB: 54.8326	LB: 61.5641	GB: 65.8442	Conf: 0.386042	Pts: 55690
Particle (6):: Fit: 60.9215	PB: 60.9215	LB: 65.0503	GB: 65.8442	Conf: 0.565237	Pts: 55593
Particle (37):: Fit: 44.2363	PB: 44.2363	LB: 62.6389	GB: 65.8442	Conf: 0.753589	Pts: 100379
Particle (41):: Fit: 56.151	PB: 56.151	LB: 65.8442	GB: 65.8442	Conf: 0.82184	Pts: 55379
Particle (37):: Fit: 44.9448	PB: 44.9448	LB: 62.6389	GB: 65.8442	Conf: 0.661452	Pts: 100474
Particle (39):: Fit: 50.7618	PB: 50.7618	LB: 61.3247	GB: 65.8442	Conf: 0.676448	Pts: 100280
Particle (41):: Fit: 56.6728	PB: 56.6728	LB: 65.8442	GB: 65.8442	Conf: 0.891593	Pts: 55473
Particle (42):: Fit: 56.6947	PB: 56.6947	LB: 65.8442	GB: 65.8442	Conf: 0.706328	Pts: 65273
Particle (47):: Fit: 56.0558	PB: 56.0558	LB: 65.8442	GB: 65.8442	Conf: 0.322882	Pts: 115268
Particle (21):: Fit: 61.4691	PB: 61.4691	LB: 62.288	GB: 65.8442	Conf: 0.576735	Pts: 55544
Particle (11):: Fit: 49.7484	PB: 49.7484	LB: 65.0503	GB: 65.8442	Conf: 0.779383	Pts: 55848
Particle (14):: Fit: 59.0405	PB: 59.0405	LB: 61.5641	GB: 65.8442	Conf: 0.167687	Pts: 55738
Particle (41):: Fit: 62.0975	PB: 62.0975	LB: 65.8442	GB: 65.8442	Conf: 0.52077	Pts: 65532
Particle (7):: Fit: 56.3431	PB: 56.3431	LB: 65.0503	GB: 65.8442	Conf: 0.993057	Pts: 70330
Particle (47):: Fit: 61.4135	PB: 61.4135	LB: 65.8442	GB: 65.8442	Conf: 0.727187	Pts: 115340
Particle (35):: Fit: 55.0164	PB: 55.0164	LB: 62.8571	GB: 65.8442	Conf: 0.4534	Pts: 175432
Particle (37):: Fit: 50.695	PB: 50.695	LB: 62.6389	GB: 65.8442	Conf: 0.694706	Pts: 100521
Particle (21):: Fit: 62.143	PB: 62.143	LB: 62.288	GB: 65.8442	Conf: 0.471322	Pts: 70618
Particle (11):: Fit: 55.5018	PB: 55.5018	LB: 65.0503	GB: 65.8442	Conf: 0.734611	Pts: 55932
Particle (28):: Fit: 61.9984	PB: 61.9984	LB: 62.8571	GB: 65.8442	Conf: 0.43477	Pts: 65730
Particle (34):: Fit: 60.7798	PB: 60.7798	LB: 62.8571	GB: 65.8442	Conf: 0.45578	Pts: 55819
Particle (8):: Fit: 52.7029	PB: 52.7029	LB: 65.0503	GB: 65.8442	Conf: 0.778152	Pts: 55618
Particle (20):: Fit: 54.759	PB: 54.759	LB: 62.288	GB: 65.8442	Conf: 0.486909	Pts: 55015
Particle (0):: Fit: 60.6492	PB: 60.6492	LB: 63.6881	GB: 65.8442	Conf: 0.674297	Pts: 110218
Particle (19):: Fit: 56.9547	PB: 56.9547	LB: 62.288	GB: 65.8442	Conf: 0.69176	Pts: 110315
Particle (27):: Fit: 61.9736	PB: 61.9736	LB: 62.8571	GB: 65.8442	Conf: 0.69675	Pts: 175114
Particle (35):: Fit: 56.4223	PB: 56.4223	LB: 62.8571	GB: 65.8442	Conf: 0.21276	Pts: 175503
Particle (13):: Fit: 49.281	PB: 49.281	LB: 65.0503	GB: 65.8442	Conf: 0.299604	Pts: 55403
Particle (5):: Fit: 62.5053	PB: 62.5053	LB: 65.0503	GB: 65.8442	Conf: 0.578601	Pts: 115104
Particle (12):: Fit: 62.0222	PB: 62.0222	LB: 65.0503	GB: 65.8442	Conf: 0.422294	Pts: 85802
Particle (29):: Fit: 60.7941	PB: 60.7941	LB: 62.8571	GB: 65.8442	Conf: 0.185684	Pts: 60600
Particle (35):: Fit: 60.5833	PB: 60.5833	LB: 62.8571	GB: 65.8442	Conf: 0.367456	Pts: 175594
Particle (8):: Fit: 55.0696	PB: 55.0696	LB: 65.0503	GB: 65.8442	Conf: 0.800357	Pts: 55692
Particle (37):: Fit: 52.6122	PB: 52.6122	LB: 62.6389	GB: 65.8442	Conf: 0.795492	Pts: 100575
Particle (34):: Fit: 61.3089	PB: 61.3089	LB: 62.8571	GB: 65.8442	Conf: 0.422055	Pts: 55882
Particle (20):: Fit: 55.6063	PB: 55.6063	LB: 62.288	GB: 65.8442	Conf: 0.397392	Pts: 55068
Particle (29):: Fit: 61.7333	PB: 61.7333	LB: 62.8571	GB: 65.8442	Conf: 0.358004	Pts: 60672
Particle (38):: Fit: 60.9266	PB: 60.9266	LB: 62.0975	GB: 65.8442	Conf: 0.636665	Pts: 160471
Particle (25):: Fit: 55.4452	PB: 55.4452	LB: 62.8406	GB: 65.8442	Conf: 0.313845	Pts: 60667
Particle (22):: Fit: 64.035	PB: 64.035	LB: 64.035	GB: 65.8442	Conf: 0.870551	Pts: 115749
Particle (23):: Fit: 61.5233	PB: 61.5233	LB: 64.035	GB: 65.8442	Conf: 0.541489	Pts: 65340
Particle (33):: Fit: 65.5775	PB: 65.5775	LB: 65.5775	GB: 65.8442	Conf: 0.464874	Pts: 140641
Particle (0):: Fit: 62.0513	PB: 62.0513	LB: 63.6881	GB: 65.8442	Conf: 0.479581	Pts: 110234
Particle (43):: Fit: 61.3887	PB: 61.3887	LB: 65.8442	GB: 65.8442	Conf: 0.59581	Pts: 60328
Particle (39):: Fit: 52.2118	PB: 52.2118	LB: 62.0975	GB: 65.8442	Conf: 0.511162	Pts: 100220
Particle (37):: Fit: 52.9168	PB: 52.9168	LB: 65.5775	GB: 65.8442	Conf: 0.68574	Pts: 100607
Particle (24):: Fit: 62.5005	PB: 62.5005	LB: 64.035	GB: 65.8442	Conf: 0.615504	Pts: 105898
Particle (39):: Fit: 52.5664	PB: 52.5664	LB: 62.0975	GB: 65.8442	Conf: 0.366912	Pts: 100296
Particle (37):: Fit: 62.4225	PB: 62.4225	LB: 65.5775	GB: 65.8442	Conf: 0.608093	Pts: 110682
Particle (15):: Fit: 59.1154	PB: 59.1154	LB: 62.0222	GB: 65.8442	Conf: 0.274679	Pts: 75385
Particle (20):: Fit: 56.0375	PB: 56.0375	LB: 64.035	GB: 65.8442	Conf: 0.272093	Pts: 55087
Particle (9):: Fit: 65.2111	PB: 65.2111	LB: 65.2111	GB: 65.8442	Conf: 0.568081	Pts: 285183
Particle (42):: Fit: 56.7648	PB: 56.7648	LB: 65.8442	GB: 65.8442	Conf: 0.679015	Pts: 65176
Particle (17):: Fit: 62.8434	PB: 62.8434	LB: 64.035	GB: 65.8442	Conf: 0.756883	Pts: 110168
Particle (35):: Fit: 61.9655	PB: 61.9655	LB: 65.5775	GB: 65.8442	Conf: 0.53127	Pts: 175558
Particle (26):: Fit: 62.7474	PB: 62.7474	LB: 64.035	GB: 65.8442	Conf: 0.151226	Pts: 85059
Particle (8):: Fit: 62.0497	PB: 62.0497	LB: 65.2111	GB: 65.8442	Conf: 0.795079	Pts: 55653
Particle (12):: Fit: 62.2058	PB: 62.2058	LB: 65.2111	GB: 65.8442	Conf: 0.455682	Pts: 85752
Particle (29):: Fit: 64.043	PB: 64.043	LB: 65.5775	GB: 65.8442	Conf: 0.486807	Pts: 80643
Particle (39):: Fit: 53.0163	PB: 53.0163	LB: 62.4225	GB: 65.8442	Conf: 0.644285	Pts: 100322
Particle (11):: Fit: 57.1254	PB: 57.1254	LB: 65.2111	GB: 65.8442	Conf: 0.881975	Pts: 55826
Particle (15):: Fit: 61.5198	PB: 61.5198	LB: 62.8434	GB: 65.8442	Conf: 0.460394	Pts: 75412
Particle (12):: Fit: 62.5452	PB: 62.5452	LB: 65.2111	GB: 65.8442	Conf: 0.64237	Pts: 85805
Particle (38):: Fit: 60.9506	PB: 60.9506	LB: 62.4225	GB: 65.8442	Conf: 0.43934	Pts: 160386
Particle (43):: Fit: 61.5747	PB: 61.5747	LB: 65.8442	GB: 65.8442	Conf: 0.293241	Pts: 60291
Particle (42):: Fit: 61.6286	PB: 61.6286	LB: 65.8442	GB: 65.8442	Conf: 0.771737	Pts: 65190
Particle (1):: Fit: 64.3181	PB: 64.3181	LB: 64.3181	GB: 65.8442	Conf: 0.440926	Pts: 130487
Particle (2):: Fit: 62.6534	PB: 62.6534	LB: 64.3181	GB: 65.8442	Conf: 0.835436	Pts: 60282
Particle (13):: Fit: 56.2725	PB: 56.2725	LB: 65.2111	GB: 65.8442	Conf: 0.472553	Pts: 55282
Particle (39):: Fit: 61.6508	PB: 61.6508	LB: 62.4225	GB: 65.8442	Conf: 0.420231	Pts: 100372
Particle (13):: Fit: 56.7913	PB: 56.7913	LB: 65.2111	GB: 65.8442	Conf: 0.77235	Pts: 55377
Particle (25):: Fit: 56.1569	PB: 56.1569	LB: 64.043	GB: 65.8442	Conf: 0.464677	Pts: 60579
Particle (20):: Fit: 57.1235	PB: 57.1235	LB: 64.035	GB: 65.8442	Conf: 0.655574	Pts: 55068
Particle (12):: Fit: 62.6609	PB: 62.6609	LB: 65.2111	GB: 65.8442	Conf: 0.714331	Pts: 85865
Particle (4):: Fit: 63.3771	PB: 63.3771	LB: 65.2111	GB: 65.8442	Conf: 0.603915	Pts: 55266
Particle (18):: Fit: 60.7934	PB: 60.7934	LB: 64.035	GB: 65.8442	Conf: 0.331534	Pts: 120149
Particle (41):: Fit: 62.1365	PB: 62.1365	LB: 65.8442	GB: 65.8442	Conf: 0.855184	Pts: 65342
Particle (40):: Fit: 61.3282	PB: 61.3282	LB: 65.8442	GB: 65.8442	Conf: 0.447965	Pts: 240234
Particle (23):: Fit: 61.6028	PB: 61.6028	LB: 64.035	GB: 65.8442	Conf: 0.605913	Pts: 65225
Particle (38):: Fit: 61.1809	PB: 61.1809	LB: 62.4225	GB: 65.8442	Conf: 0.266911	Pts: 160425
Particle (46):: Fit: 62.0537	PB: 62.0537	LB: 65.8442	GB: 65.8442	Conf: 0.713532	Pts: 95226
Particle (11):: Fit: 60.417	PB: 60.417	LB: 65.2111	GB: 65.8442	Conf: 0.765405	Pts: 55815
Particle (25):: Fit: 56.9707	PB: 56.9707	LB: 64.043	GB: 65.8442	Conf: 0.51473	Pts: 60604
Particle (19):: Fit: 61.8538	PB: 61.8538	LB: 64.035	GB: 65.8442	Conf: 0.650191	Pts: 110092
Particle (46):: Fit: 63.056	PB: 63.056	LB: 65.8442	GB: 65.8442	Conf: 0.778743	Pts: 95284
Particle (24):: Fit: 63.3035	PB: 63.3035	LB: 64.043	GB: 65.8442	Conf: 0.666506	Pts: 105761
Particle (25):: Fit: 61.5165	PB: 61.5165	LB: 64.043	GB: 65.8442	Conf: 0.349393	Pts: 60669
Particle (15):: Fit: 62.6917	PB: 62.6917	LB: 62.8434	GB: 65.8442	Conf: 0.754147	Pts: 75356
Particle (46):: Fit: 65.9248	PB: 65.9248	LB: 65.9248	GB: 65.9248	Conf: 0.699681	Pts: 155321
Global: 65.9248 - Correct: 92.8571% of 14 tests
Global Best: 
  Inner Net 1
  -- 1 : 1 = -1
  -- 1 : 2 = -0.117936
  -- 1 : 3 = -0.0285243
  -- 1 : 4 = -0.144673
  -- 1 : 5 = 0.136913
  -- 1 : 6 = 0.20846
  -- 1 : 7 = -0.0639753
  -- 1 : 8 = 0.258393
  -- 1 : 9 = -0.243384
  -- 1 : 10 = 0.116078
  -- 2 : 1 = 0.904055
  -- 2 : 2 = 0.278942
  -- 2 : 3 = 0.0121224
  -- 2 : 4 = 0.0488278
  -- 2 : 5 = 0.562708
  -- 2 : 6 = -0.185284
  -- 2 : 7 = 0.147299
  -- 2 : 8 = -0.194597
  -- 2 : 9 = 0.438772
  -- 2 : 10 = -0.106223
  -- 3 : 1 = 0
  -- 3 : 2 = 0.0489774
  -- 3 : 3 = 0.105943
  -- 3 : 4 = 0.0609098
  -- 3 : 5 = -0.0509731
  -- 3 : 6 = 0.0720912
  -- 3 : 7 = -0.241487
  -- 3 : 8 = -0.411353
  -- 3 : 9 = 0.113725
  -- 3 : 10 = 0.262258
  -- 4 : 1 = 0.475443
  -- 4 : 2 = 0.321498
  -- 4 : 3 = -0.0749836
  -- 4 : 4 = 0.27699
  -- 4 : 5 = -0.0671673
  -- 4 : 6 = -0.186365
  -- 4 : 7 = -0.0547285
  -- 4 : 8 = -0.31159
  -- 4 : 9 = -0.192039
  -- 4 : 10 = -0.0132798
  -- 5 : 1 = 0.717597
  -- 5 : 2 = 0.275889
  -- 5 : 3 = 0.00132528
  -- 5 : 4 = -0.148198
  -- 5 : 5 = 0.299577
  -- 5 : 6 = 0.0525141
  -- 5 : 7 = 0.0578615
  -- 5 : 8 = 0.319276
  -- 5 : 9 = 0.342297
  -- 5 : 10 = 0.303976
  -- 6 : 1 = -0.5
  -- 6 : 2 = 0.279895
  -- 6 : 3 = -0.305351
  -- 6 : 4 = 0.0837434
  -- 6 : 5 = -0.132522
  -- 6 : 6 = 0.173141
  -- 6 : 7 = -0.00344343
  -- 6 : 8 = -0.11954
  -- 6 : 9 = -0.0378164
  -- 6 : 10 = -0.132973
  -- 7 : 1 = 0.444299
  -- 7 : 2 = 0.371979
  -- 7 : 3 = 0.0146689
  -- 7 : 4 = -0.277626
  -- 7 : 5 = 0.0885885
  -- 7 : 6 = -0.0161275
  -- 7 : 7 = -0.249276
  -- 7 : 8 = 0.215415
  -- 7 : 9 = 0.121901
  -- 7 : 10 = -0.185902
  -- 8 : 1 = -0.325031
  -- 8 : 2 = 0.258803
  -- 8 : 3 = -0.190163
  -- 8 : 4 = 0.169454
  -- 8 : 5 = -0.13629
  -- 8 : 6 = 0.246897
  -- 8 : 7 = 0.179122
  -- 8 : 8 = -0.073673
  -- 8 : 9 = 0.164402
  -- 8 : 10 = -0.274238
  -- 9 : 1 = -0.5
  -- 9 : 2 = 0.224882
  -- 9 : 3 = -0.441355
  -- 9 : 4 = 0.202102
  -- 9 : 5 = 0.0909471
  -- 9 : 6 = -0.210597
  -- 9 : 7 = 0.265111
  -- 9 : 8 = 0.14699
  -- 9 : 9 = 0.257532
  -- 9 : 10 = 0.505263
  -- 10 : 1 = 1
  -- 10 : 2 = 0.34208
  -- 10 : 3 = -0.104434
  -- 10 : 4 = 0.0827114
  -- 10 : 5 = -0.192404
  -- 10 : 6 = -0.0798087
  -- 10 : 7 = -0.114852
  -- 10 : 8 = 0.0551146
  -- 10 : 9 = 0.475587
  -- 10 : 10 = -0.00887045
  Inner Net 2
  -- 1 : 1 = -0.187195
  -- 1 : 2 = -0.176368
  -- 2 : 1 = -0.0353844
  -- 2 : 2 = -0.239542
  -- 3 : 1 = -0.121622
  -- 3 : 2 = 0.553358
  -- 4 : 1 = 0.0459078
  -- 4 : 2 = -0.276153
  -- 5 : 1 = -0.00566886
  -- 5 : 2 = -0.217097
  -- 6 : 1 = -0.475855
  -- 6 : 2 = -0.332513
  -- 7 : 1 = -0.339163
  -- 7 : 2 = 0.0633118
  -- 8 : 1 = 0.509918
  -- 8 : 2 = 0.333257
  -- 9 : 1 = 0.930549
  -- 9 : 2 = 0.291043
  -- 10 : 1 = 0.0861977
  -- 10 : 2 = 0.450307
Out\Act	False		True
False	0.335079	0.506901	0.84198
True	0.0333175	0.124703	0.15802
	0.368396	0.631604
	Accuracy [ (tp + tn) / testSize ]: 0.459781
	Precision [ tp / (tp + fp) ]:      0.197289
	Sensitivity [ tp / (tp + fn) ]:    0.786787
	Specificity [ tn / (tn + fp) ]:    0.39774
	F-Score [ 2tp / (2tp + fp + fn) ]: 0.315663
Particle (13):: Fit: 59.6493	PB: 59.6493	LB: 65.2111	GB: 65.9248	Conf: 0.184517	Pts: 55308
Particle (7):: Fit: 56.3457	PB: 56.3457	LB: 65.2111	GB: 65.9248	Conf: 0.992609	Pts: 69991
Particle (36):: Fit: 57.4163	PB: 57.4163	LB: 65.5775	GB: 65.9248	Conf: 0.762014	Pts: 55373
Particle (28):: Fit: 62.2509	PB: 62.2509	LB: 65.5775	GB: 65.9248	Conf: 0.467037	Pts: 65368
Particle (32):: Fit: 64.7593	PB: 64.7593	LB: 65.5775	GB: 65.9248	Conf: 0.665161	Pts: 140350
Particle (25):: Fit: 63.3181	PB: 63.3181	LB: 64.043	GB: 65.9248	Conf: 0.505992	Pts: 60651
Particle (10):: Fit: 61.014	PB: 61.014	LB: 65.2111	GB: 65.9248	Conf: 0.255874	Pts: 60010
Particle (16):: Fit: 61.3157	PB: 61.3157	LB: 62.8434	GB: 65.9248	Conf: 0.587085	Pts: 164810
Particle (43):: Fit: 62.7292	PB: 62.7292	LB: 65.9248	GB: 65.9248	Conf: 0.651866	Pts: 70109
Particle (47):: Fit: 63.6378	PB: 63.6378	LB: 65.9248	GB: 65.9248	Conf: 0.666915	Pts: 114893
Particle (31):: Fit: 66.3719	PB: 66.3719	LB: 66.3719	GB: 66.3719	Conf: 0.666509	Pts: 194887
Global: 66.3719 - Correct: 93.75% of 16 tests
Global Best: 
  Inner Net 1
  -- 1 : 1 = 0.0300859
  -- 1 : 2 = 0.611672
  -- 1 : 3 = -0.224009
  -- 1 : 4 = -0.267236
  -- 1 : 5 = 0.256909
  -- 1 : 6 = -0.538326
  -- 1 : 7 = 0.681187
  -- 1 : 8 = 0.0746294
  -- 1 : 9 = 0.0287397
  -- 1 : 10 = -0.0361119
  -- 2 : 1 = 0
  -- 2 : 2 = -0.270785
  -- 2 : 3 = 0.252163
  -- 2 : 4 = -0.155577
  -- 2 : 5 = -0.0209232
  -- 2 : 6 = 0.405509
  -- 2 : 7 = 0.118912
  -- 2 : 8 = -0.0644521
  -- 2 : 9 = 0.270544
  -- 2 : 10 = -0.116111
  -- 3 : 1 = 0.0537981
  -- 3 : 2 = 0.806064
  -- 3 : 3 = 0.0684373
  -- 3 : 4 = -0.0557331
  -- 3 : 5 = 0.280333
  -- 3 : 6 = -0.050058
  -- 3 : 7 = 0.147478
  -- 3 : 8 = 0.312387
  -- 3 : 9 = -0.108542
  -- 3 : 10 = 0.17008
  -- 4 : 1 = 0.136259
  -- 4 : 2 = 0.29141
  -- 4 : 3 = 0.489673
  -- 4 : 4 = -0.151074
  -- 4 : 5 = 0.04373
  -- 4 : 6 = 0.122488
  -- 4 : 7 = 0.0798264
  -- 4 : 8 = -0.267548
  -- 4 : 9 = 0.0960601
  -- 4 : 10 = 0.227065
  -- 5 : 1 = -0.0547763
  -- 5 : 2 = 0.24244
  -- 5 : 3 = 0.426173
  -- 5 : 4 = -0.226042
  -- 5 : 5 = 0.1635
  -- 5 : 6 = 0.482803
  -- 5 : 7 = -0.0922511
  -- 5 : 8 = 0.0420099
  -- 5 : 9 = -0.0627959
  -- 5 : 10 = -0.0541916
  -- 6 : 1 = 0.194659
  -- 6 : 2 = 0.314248
  -- 6 : 3 = 0.0842906
  -- 6 : 4 = 0.0901676
  -- 6 : 5 = -0.0130082
  -- 6 : 6 = -0.187506
  -- 6 : 7 = 0.0543973
  -- 6 : 8 = 0.0529577
  -- 6 : 9 = -0.402011
  -- 6 : 10 = 0.130293
  -- 7 : 1 = 0.190354
  -- 7 : 2 = 0.455117
  -- 7 : 3 = -0.00274655
  -- 7 : 4 = -0.256973
  -- 7 : 5 = 0.220504
  -- 7 : 6 = 0.185128
  -- 7 : 7 = -0.197682
  -- 7 : 8 = 0.0819674
  -- 7 : 9 = -0.16877
  -- 7 : 10 = -0.104612
  -- 8 : 1 = 0.278311
  -- 8 : 2 = 0.0814074
  -- 8 : 3 = 0.114658
  -- 8 : 4 = -0.0155133
  -- 8 : 5 = 0.208825
  -- 8 : 6 = -0.173107
  -- 8 : 7 = 0.207656
  -- 8 : 8 = -0.0324752
  -- 8 : 9 = 0.521862
  -- 8 : 10 = 0.435917
  -- 9 : 1 = 0.77827
  -- 9 : 2 = 0.448682
  -- 9 : 3 = 0.111853
  -- 9 : 4 = -0.090183
  -- 9 : 5 = -0.226901
  -- 9 : 6 = 0.857294
  -- 9 : 7 = -0.0156131
  -- 9 : 8 = -0.155583
  -- 9 : 9 = 0.0588923
  -- 9 : 10 = 0.167496
  -- 10 : 1 = 0.493618
  -- 10 : 2 = 0.367096
  -- 10 : 3 = 0.038539
  -- 10 : 4 = -0.0221368
  -- 10 : 5 = 0.00830358
  -- 10 : 6 = 0.32356
  -- 10 : 7 = 0.464317
  -- 10 : 8 = 0.448012
  -- 10 : 9 = 0.104267
  -- 10 : 10 = 0.0640601
  Inner Net 2
  -- 1 : 1 = 0.604744
  -- 1 : 2 = 0.0327434
  -- 2 : 1 = 0.255525
  -- 2 : 2 = 0.0290595
  -- 3 : 1 = 0.557273
  -- 3 : 2 = 0.113311
  -- 4 : 1 = -0.0259993
  -- 4 : 2 = 0.0661578
  -- 5 : 1 = -0.38436
  -- 5 : 2 = -0.0382389
  -- 6 : 1 = 0.39966
  -- 6 : 2 = 0.030427
  -- 7 : 1 = -0.177966
  -- 7 : 2 = 0.191519
  -- 8 : 1 = 0.105933
  -- 8 : 2 = 0.151152
  -- 9 : 1 = -0.0723741
  -- 9 : 2 = -0.1208
  -- 10 : 1 = -0.189802
  -- 10 : 2 = -0.301856
Out\Act	False		True
False	0.477868	0.364112	0.84198
True	0.0537839	0.104236	0.15802
	0.531652	0.468348
	Accuracy [ (tp + tn) / testSize ]: 0.582104
	Precision [ tp / (tp + fp) ]:      0.222335
	Sensitivity [ tp / (tp + fn) ]:    0.657658
	Specificity [ tn / (tn + fp) ]:    0.567232
	F-Score [ 2tp / (2tp + fp + fn) ]: 0.332574
Particle (48):: Fit: 56.7347	PB: 56.7347	LB: 65.9248	GB: 66.3719	Conf: 0.365956	Pts: 50273
Particle (42):: Fit: 64.0574	PB: 64.0574	LB: 65.9248	GB: 66.3719	Conf: 0.831818	Pts: 74952
Particle (11):: Fit: 61.1966	PB: 61.1966	LB: 65.2111	GB: 66.3719	Conf: 0.678999	Pts: 55643
Particle (7):: Fit: 61.8457	PB: 61.8457	LB: 65.2111	GB: 66.3719	Conf: 0.668202	Pts: 69924
Particle (44):: Fit: 61.2367	PB: 61.2367	LB: 65.9248	GB: 66.3719	Conf: 0.731796	Pts: 50213
Particle (14):: Fit: 60.2095	PB: 60.2095	LB: 62.8434	GB: 66.3719	Conf: 0.155604	Pts: 55192
Particle (6):: Fit: 62.4587	PB: 62.4587	LB: 65.2111	GB: 66.3719	Conf: 0.589634	Pts: 54985
Particle (42):: Fit: 65.2791	PB: 65.2791	LB: 65.9248	GB: 66.3719	Conf: 0.568756	Pts: 84977
Particle (44):: Fit: 62.1108	PB: 62.1108	LB: 65.9248	GB: 66.3719	Conf: 0.738657	Pts: 50259
Particle (41):: Fit: 63.0037	PB: 63.0037	LB: 65.9248	GB: 66.3719	Conf: 0.760411	Pts: 65051
Particle (43):: Fit: 63.049	PB: 63.049	LB: 65.9248	GB: 66.3719	Conf: 0.640933	Pts: 70068
Particle (23):: Fit: 62.1303	PB: 62.1303	LB: 64.035	GB: 66.3719	Conf: 0.494884	Pts: 64954
Particle (37):: Fit: 62.8823	PB: 62.8823	LB: 65.5775	GB: 66.3719	Conf: 0.739485	Pts: 110229
Particle (12):: Fit: 62.743	PB: 62.743	LB: 65.2111	GB: 66.3719	Conf: 0.69183	Pts: 85552
Particle (21):: Fit: 62.5327	PB: 62.5327	LB: 64.035	GB: 66.3719	Conf: 0.581782	Pts: 70026
Particle (11):: Fit: 61.6619	PB: 61.6619	LB: 65.2111	GB: 66.3719	Conf: 0.855868	Pts: 55608
Particle (20):: Fit: 61.0041	PB: 61.0041	LB: 64.035	GB: 66.3719	Conf: 0.496359	Pts: 54703
Particle (10):: Fit: 61.179	PB: 61.179	LB: 65.2111	GB: 66.3719	Conf: 0.580664	Pts: 59889
Particle (20):: Fit: 61.247	PB: 61.247	LB: 64.035	GB: 66.3719	Conf: 0.402836	Pts: 54783
Particle (26):: Fit: 63.0141	PB: 63.0141	LB: 66.3719	GB: 66.3719	Conf: 0.375067	Pts: 84582
Particle (37):: Fit: 63.0153	PB: 63.0153	LB: 65.5775	GB: 66.3719	Conf: 0.719118	Pts: 110241
Particle (12):: Fit: 68.6317	PB: 68.6317	LB: 68.6317	GB: 68.6317	Conf: 0.659874	Pts: 145573
Global: 68.6317 - Correct: 94.7368% of 19 tests
Global Best: 
  Inner Net 1
  -- 1 : 1 = 0.0185944
  -- 1 : 2 = 0.950729
  -- 1 : 3 = 0.114182
  -- 1 : 4 = -0.211231
  -- 1 : 5 = -0.200713
  -- 1 : 6 = 0.325319
  -- 1 : 7 = 0.0704649
  -- 1 : 8 = -0.164568
  -- 1 : 9 = -0.155612
  -- 1 : 10 = -0.0509629
  -- 2 : 1 = 0.385695
  -- 2 : 2 = -0.145073
  -- 2 : 3 = 0.283559
  -- 2 : 4 = -0.347523
  -- 2 : 5 = 0.233213
  -- 2 : 6 = 0.325999
  -- 2 : 7 = 0.217473
  -- 2 : 8 = 0.296912
  -- 2 : 9 = -0.0300309
  -- 2 : 10 = -0.451787
  -- 3 : 1 = -0.152177
  -- 3 : 2 = -0.104704
  -- 3 : 3 = 0.136066
  -- 3 : 4 = -0.293117
  -- 3 : 5 = 0.396086
  -- 3 : 6 = 0.159203
  -- 3 : 7 = 0.301055
  -- 3 : 8 = 0.0249143
  -- 3 : 9 = 0.254281
  -- 3 : 10 = -0.109471
  -- 4 : 1 = 0.392214
  -- 4 : 2 = -0.0707967
  -- 4 : 3 = -0.100423
  -- 4 : 4 = 0.283636
  -- 4 : 5 = -0.266924
  -- 4 : 6 = -0.0553453
  -- 4 : 7 = 0.0852021
  -- 4 : 8 = -0.00610253
  -- 4 : 9 = 0.540047
  -- 4 : 10 = 0.0132296
  -- 5 : 1 = 0.158443
  -- 5 : 2 = 0.0914034
  -- 5 : 3 = 0.243379
  -- 5 : 4 = -0.196716
  -- 5 : 5 = 0.0196197
  -- 5 : 6 = 0.0592482
  -- 5 : 7 = 0.250002
  -- 5 : 8 = -0.0260096
  -- 5 : 9 = -0.0986522
  -- 5 : 10 = -0.264654
  -- 6 : 1 = -0.00852385
  -- 6 : 2 = -0.258204
  -- 6 : 3 = 0.0614503
  -- 6 : 4 = -0.0821746
  -- 6 : 5 = 0.248696
  -- 6 : 6 = -0.17626
  -- 6 : 7 = -0.081328
  -- 6 : 8 = 0.1404
  -- 6 : 9 = 0.101005
  -- 6 : 10 = 0.0871555
  -- 7 : 1 = 0.439994
  -- 7 : 2 = 0.273727
  -- 7 : 3 = -0.33809
  -- 7 : 4 = 0.0339642
  -- 7 : 5 = 0.282887
  -- 7 : 6 = -0.0189573
  -- 7 : 7 = 0.381937
  -- 7 : 8 = -0.137494
  -- 7 : 9 = -0.0465832
  -- 7 : 10 = -0.0915119
  -- 8 : 1 = 0.366117
  -- 8 : 2 = -0.225241
  -- 8 : 3 = -0.0706642
  -- 8 : 4 = 0.0237669
  -- 8 : 5 = 0.0812134
  -- 8 : 6 = 0.106909
  -- 8 : 7 = 0.36002
  -- 8 : 8 = -0.0291231
  -- 8 : 9 = 0.0607661
  -- 8 : 10 = -0.279208
  -- 9 : 1 = -0.668555
  -- 9 : 2 = 0.07418
  -- 9 : 3 = -0.0446015
  -- 9 : 4 = 0.0567872
  -- 9 : 5 = 0.0265072
  -- 9 : 6 = 0.357474
  -- 9 : 7 = 0.0953343
  -- 9 : 8 = 0.0279282
  -- 9 : 9 = 0.0911469
  -- 9 : 10 = 0.00691841
  -- 10 : 1 = 0.598977
  -- 10 : 2 = 0.140721
  -- 10 : 3 = -0.0865403
  -- 10 : 4 = -0.162543
  -- 10 : 5 = 0.0211907
  -- 10 : 6 = 0.102036
  -- 10 : 7 = 0.298959
  -- 10 : 8 = 0.00395491
  -- 10 : 9 = 0.100796
  -- 10 : 10 = -0.0926563
  Inner Net 2
  -- 1 : 1 = -0.0885908
  -- 1 : 2 = -0.0452266
  -- 2 : 1 = -0.135937
  -- 2 : 2 = -0.330913
  -- 3 : 1 = -0.0268317
  -- 3 : 2 = -0.0868741
  -- 4 : 1 = 0.171237
  -- 4 : 2 = 0.0867585
  -- 5 : 1 = -0.588359
  -- 5 : 2 = -0.0433106
  -- 6 : 1 = -0.0841439
  -- 6 : 2 = 0.138008
  -- 7 : 1 = -0.205226
  -- 7 : 2 = 0.318796
  -- 8 : 1 = -0.109441
  -- 8 : 2 = 0.00823248
  -- 9 : 1 = 0.115678
  -- 9 : 2 = 0.271353
  -- 10 : 1 = 0.0310773
  -- 10 : 2 = -0.233732
Out\Act	False		True
False	0.287958	0.554022	0.84198
True	0.0290338	0.128986	0.15802
	0.316992	0.683008
	Accuracy [ (tp + tn) / testSize ]: 0.416944
	Precision [ tp / (tp + fp) ]:      0.188719
	Sensitivity [ tp / (tp + fn) ]:    0.813814
	Specificity [ tn / (tn + fp) ]:    0.341808
	F-Score [ 2tp / (2tp + fp + fn) ]: 0.306561
Particle (18):: Fit: 60.8285	PB: 60.8285	LB: 64.035	GB: 68.6317	Conf: 0.412228	Pts: 119760
Particle (34):: Fit: 61.8106	PB: 61.8106	LB: 66.3719	GB: 68.6317	Conf: 0.384246	Pts: 55247
Particle (48):: Fit: 61.3194	PB: 61.3194	LB: 65.9248	GB: 68.6317	Conf: 0.596258	Pts: 50146
Particle (8):: Fit: 62.5765	PB: 62.5765	LB: 68.6317	GB: 68.6317	Conf: 0.403154	Pts: 55126
Particle (39):: Fit: 61.8419	PB: 61.8419	LB: 65.2791	GB: 68.6317	Conf: 0.534666	Pts: 99913
Particle (10):: Fit: 61.2516	PB: 61.2516	LB: 68.6317	GB: 68.6317	Conf: 0.480478	Pts: 59850
Particle (44):: Fit: 62.3514	PB: 62.3514	LB: 65.9248	GB: 68.6317	Conf: 0.751872	Pts: 50132
Particle (49):: Fit: 60.2354	PB: 60.2354	LB: 65.9248	GB: 68.6317	Conf: 0.776476	Pts: 49732
Particle (28):: Fit: 62.7973	PB: 62.7973	LB: 66.3719	GB: 68.6317	Conf: 0.406596	Pts: 65048
Particle (27):: Fit: 62.5045	PB: 62.5045	LB: 66.3719	GB: 68.6317	Conf: 0.610809	Pts: 174323
Particle (21):: Fit: 64.3335	PB: 64.3335	LB: 64.3335	GB: 68.6317	Conf: 0.634453	Pts: 114896
Particle (13):: Fit: 61.0543	PB: 61.0543	LB: 68.6317	GB: 68.6317	Conf: 0.382676	Pts: 54902
Particle (13):: Fit: 62.8769	PB: 62.8769	LB: 68.6317	GB: 68.6317	Conf: 0.800904	Pts: 54997
Particle (10):: Fit: 61.3693	PB: 61.3693	LB: 68.6317	GB: 68.6317	Conf: 0.429736	Pts: 59810
Particle (26):: Fit: 63.1146	PB: 63.1146	LB: 66.3719	GB: 68.6317	Conf: 0.274265	Pts: 84393
Particle (16):: Fit: 61.3374	PB: 61.3374	LB: 68.6317	GB: 68.6317	Conf: 0.458935	Pts: 164361
Particle (10):: Fit: 61.9313	PB: 61.9313	LB: 68.6317	GB: 68.6317	Conf: 0.460996	Pts: 59852
Particle (38):: Fit: 62.9162	PB: 62.9162	LB: 65.2791	GB: 68.6317	Conf: 0.330015	Pts: 159740
Particle (6):: Fit: 63.8573	PB: 63.8573	LB: 65.2111	GB: 68.6317	Conf: 0.679097	Pts: 54574
Particle (27):: Fit: 62.7547	PB: 62.7547	LB: 66.3719	GB: 68.6317	Conf: 0.765557	Pts: 174153
Particle (5):: Fit: 65.5789	PB: 65.5789	LB: 65.5789	GB: 68.6317	Conf: 0.770548	Pts: 144039
Particle (40):: Fit: 62.1449	PB: 62.1449	LB: 65.8442	GB: 68.6317	Conf: 0.577865	Pts: 239398
Particle (19):: Fit: 65.5077	PB: 65.5077	LB: 65.5077	GB: 68.6317	Conf: 0.757623	Pts: 144353
Particle (0):: Fit: 62.2264	PB: 62.2264	LB: 65.9248	GB: 68.6317	Conf: 0.552442	Pts: 109218
Particle (36):: Fit: 62.5234	PB: 62.5234	LB: 65.5775	GB: 68.6317	Conf: 0.759373	Pts: 54686
Particle (49):: Fit: 60.8062	PB: 60.8062	LB: 65.9248	GB: 68.6317	Conf: 0.78179	Pts: 49419
Particle (16):: Fit: 61.8437	PB: 61.8437	LB: 68.6317	GB: 68.6317	Conf: 0.442509	Pts: 164229
Particle (37):: Fit: 63.0414	PB: 63.0414	LB: 65.5775	GB: 68.6317	Conf: 0.736341	Pts: 109804
Particle (11):: Fit: 63.2493	PB: 63.2493	LB: 68.6317	GB: 68.6317	Conf: 0.800782	Pts: 55071
Particle (42):: Fit: 66.2594	PB: 66.2594	LB: 66.2594	GB: 68.6317	Conf: 0.860124	Pts: 134375
Particle (16):: Fit: 61.8814	PB: 61.8814	LB: 68.6317	GB: 68.6317	Conf: 0.58235	Pts: 164262
Particle (15):: Fit: 63.8913	PB: 63.8913	LB: 68.6317	GB: 68.6317	Conf: 0.502901	Pts: 74428
Particle (23):: Fit: 62.1619	PB: 62.1619	LB: 65.5077	GB: 68.6317	Conf: 0.487841	Pts: 64273
Particle (14):: Fit: 62.1761	PB: 62.1761	LB: 68.6317	GB: 68.6317	Conf: 0.590878	Pts: 54452
Particle (2):: Fit: 63.5431	PB: 63.5431	LB: 65.5789	GB: 68.6317	Conf: 0.704123	Pts: 59121
Particle (20):: Fit: 61.438	PB: 61.438	LB: 65.5077	GB: 68.6317	Conf: 0.56673	Pts: 54121
Particle (18):: Fit: 62.4526	PB: 62.4526	LB: 65.5077	GB: 68.6317	Conf: 0.240916	Pts: 119091
Particle (0):: Fit: 62.2516	PB: 62.2516	LB: 65.9248	GB: 68.6317	Conf: 0.567644	Pts: 109008
Particle (23):: Fit: 64.3642	PB: 64.3642	LB: 65.5077	GB: 68.6317	Conf: 0.648881	Pts: 74292
Particle (47):: Fit: 64.7628	PB: 64.7628	LB: 65.9248	GB: 68.6317	Conf: 0.911195	Pts: 113942
Particle (30):: Fit: 63.3337	PB: 63.3337	LB: 66.3719	GB: 68.6317	Conf: 0.592793	Pts: 59549
Particle (35):: Fit: 62.6419	PB: 62.6419	LB: 66.3719	GB: 68.6317	Conf: 0.904265	Pts: 174196
Particle (48):: Fit: 61.9528	PB: 61.9528	LB: 65.9248	GB: 68.6317	Conf: 0.60292	Pts: 49394
Particle (24):: Fit: 65.7735	PB: 65.7735	LB: 65.7735	GB: 68.6317	Conf: 0.674949	Pts: 139596
Particle (34):: Fit: 62.3806	PB: 62.3806	LB: 66.3719	GB: 68.6317	Conf: 0.297447	Pts: 54462
Particle (20):: Fit: 61.7615	PB: 61.7615	LB: 65.7735	GB: 68.6317	Conf: 0.703752	Pts: 54043
Particle (30):: Fit: 64.0566	PB: 64.0566	LB: 66.3719	GB: 68.6317	Conf: 0.83633	Pts: 59504
Particle (25):: Fit: 67.3305	PB: 67.3305	LB: 67.3305	GB: 68.6317	Conf: 0.406249	Pts: 109505
Particle (41):: Fit: 64.3479	PB: 64.3479	LB: 66.2594	GB: 68.6317	Conf: 0.531946	Pts: 63986
Particle (39):: Fit: 61.9049	PB: 61.9049	LB: 66.2594	GB: 68.6317	Conf: 0.45599	Pts: 98915
Particle (0):: Fit: 62.3329	PB: 62.3329	LB: 65.9248	GB: 68.6317	Conf: 0.612153	Pts: 108674
Particle (8):: Fit: 62.7959	PB: 62.7959	LB: 68.6317	GB: 68.6317	Conf: 0.552079	Pts: 54030
Particle (41):: Fit: 66.3659	PB: 66.3659	LB: 66.3659	GB: 68.6317	Conf: 0.781246	Pts: 113821
Particle (36):: Fit: 63.3821	PB: 63.3821	LB: 66.3659	GB: 68.6317	Conf: 0.806028	Pts: 53922
Particle (37):: Fit: 63.6871	PB: 63.6871	LB: 66.3659	GB: 68.6317	Conf: 0.727957	Pts: 109072
Particle (28):: Fit: 64.7094	PB: 64.7094	LB: 67.3305	GB: 68.6317	Conf: 0.482131	Pts: 63878
Particle (0):: Fit: 62.734	PB: 62.734	LB: 65.9248	GB: 68.6317	Conf: 0.670726	Pts: 108479
Particle (2):: Fit: 64.2524	PB: 64.2524	LB: 65.5789	GB: 68.6317	Conf: 0.439668	Pts: 58297
Particle (0):: Fit: 64.6617	PB: 64.6617	LB: 65.9248	GB: 68.6317	Conf: 0.583253	Pts: 108409
Particle (14):: Fit: 62.8768	PB: 62.8768	LB: 68.6317	GB: 68.6317	Conf: 0.614127	Pts: 53529
Particle (37):: Fit: 64.0183	PB: 64.0183	LB: 66.3659	GB: 68.6317	Conf: 0.656102	Pts: 108652
Particle (17):: Fit: 65.4472	PB: 65.4472	LB: 65.5077	GB: 68.6317	Conf: 0.391562	Pts: 107734
Particle (22):: Fit: 64.1167	PB: 64.1167	LB: 67.3305	GB: 68.6317	Conf: 0.414306	Pts: 113195
Particle (33):: Fit: 66.4912	PB: 66.4912	LB: 66.4912	GB: 68.6317	Conf: 0.851204	Pts: 178090
Particle (16):: Fit: 62.4451	PB: 62.4451	LB: 68.6317	GB: 68.6317	Conf: 0.662035	Pts: 162993
Particle (34):: Fit: 64.1994	PB: 64.1994	LB: 66.4912	GB: 68.6317	Conf: 0.42835	Pts: 53440
Particle (10):: Fit: 62.4165	PB: 62.4165	LB: 68.6317	GB: 68.6317	Conf: 0.561158	Pts: 58251
Particle (16):: Fit: 64.6908	PB: 64.6908	LB: 68.6317	GB: 68.6317	Conf: 0.535047	Pts: 163007
Particle (48):: Fit: 62.4138	PB: 62.4138	LB: 65.9248	GB: 68.6317	Conf: 0.478124	Pts: 48258
Particle (48):: Fit: 63.9127	PB: 63.9127	LB: 65.9248	GB: 68.6317	Conf: 0.399654	Pts: 48357
Particle (39):: Fit: 63.1106	PB: 63.1106	LB: 66.3659	GB: 68.6317	Conf: 0.446069	Pts: 97999
Particle (11):: Fit: 63.9098	PB: 63.9098	LB: 68.6317	GB: 68.6317	Conf: 0.696981	Pts: 53549
Particle (35):: Fit: 62.7772	PB: 62.7772	LB: 66.4912	GB: 68.6317	Conf: 0.748813	Pts: 172933
Particle (7):: Fit: 63.2991	PB: 63.2991	LB: 68.6317	GB: 68.6317	Conf: 0.811107	Pts: 67535
Particle (20):: Fit: 62.54	PB: 62.54	LB: 67.3305	GB: 68.6317	Conf: 0.70188	Pts: 52744
Particle (1):: Fit: 64.515	PB: 64.515	LB: 65.5789	GB: 68.6317	Conf: 0.360968	Pts: 127739
Particle (49):: Fit: 62.7847	PB: 62.7847	LB: 65.9248	GB: 68.6317	Conf: 0.837997	Pts: 47417
Particle (49):: Fit: 65.3805	PB: 65.3805	LB: 65.9248	GB: 68.6317	Conf: 0.868062	Pts: 47450
Particle (26):: Fit: 63.6678	PB: 63.6678	LB: 67.3305	GB: 68.6317	Conf: 0.701833	Pts: 81723
Particle (2):: Fit: 65.457	PB: 65.457	LB: 65.5789	GB: 68.6317	Conf: 0.362946	Pts: 56884
Particle (27):: Fit: 63.0661	PB: 63.0661	LB: 67.3305	GB: 68.6317	Conf: 0.509971	Pts: 171103
Particle (43):: Fit: 65.0273	PB: 65.0273	LB: 66.3659	GB: 68.6317	Conf: 0.407132	Pts: 66546
Particle (44):: Fit: 64.5274	PB: 64.5274	LB: 66.3659	GB: 68.6317	Conf: 0.65015	Pts: 46614
Particle (18):: Fit: 63.9274	PB: 63.9274	LB: 65.5077	GB: 68.6317	Conf: 0.32279	Pts: 116206
Particle (4):: Fit: 65.178	PB: 65.178	LB: 65.5789	GB: 68.6317	Conf: 0.647931	Pts: 51012
Particle (20):: Fit: 62.6736	PB: 62.6736	LB: 67.3305	GB: 68.6317	Conf: 0.645597	Pts: 51188
Particle (20):: Fit: 62.8181	PB: 62.8181	LB: 67.3305	GB: 68.6317	Conf: 0.672636	Pts: 51284
Particle (43):: Fit: 66.6073	PB: 66.6073	LB: 66.6073	GB: 68.6317	Conf: 0.431015	Pts: 116182
Particle (40):: Fit: 62.3601	PB: 62.3601	LB: 66.6073	GB: 68.6317	Conf: 0.56855	Pts: 235785
Particle (8):: Fit: 62.8861	PB: 62.8861	LB: 68.6317	GB: 68.6317	Conf: 0.64764	Pts: 51066
Particle (30):: Fit: 64.7866	PB: 64.7866	LB: 66.4912	GB: 68.6317	Conf: 0.586807	Pts: 56158
Particle (22):: Fit: 64.4696	PB: 64.4696	LB: 67.3305	GB: 68.6317	Conf: 0.721047	Pts: 110724
Particle (1):: Fit: 64.748	PB: 64.748	LB: 65.5789	GB: 68.6317	Conf: 0.513403	Pts: 125670
Particle (35):: Fit: 63.3968	PB: 63.3968	LB: 66.4912	GB: 68.6317	Conf: 0.843227	Pts: 170676
Particle (9):: Fit: 67.3073	PB: 67.3073	LB: 68.6317	GB: 68.6317	Conf: 0.938467	Pts: 295085
Particle (44):: Fit: 65.8336	PB: 65.8336	LB: 66.6073	GB: 68.6317	Conf: 0.968198	Pts: 45742
Particle (10):: Fit: 63.4294	PB: 63.4294	LB: 68.6317	GB: 68.6317	Conf: 0.386279	Pts: 55565
Particle (48):: Fit: 64.0051	PB: 64.0051	LB: 65.9248	GB: 68.6317	Conf: 0.432926	Pts: 45013
Particle (15):: Fit: 64.0539	PB: 64.0539	LB: 68.6317	GB: 68.6317	Conf: 0.315101	Pts: 69404
Particle (14):: Fit: 63.344	PB: 63.344	LB: 68.6317	GB: 68.6317	Conf: 0.493334	Pts: 49423
Particle (15):: Fit: 64.5447	PB: 64.5447	LB: 68.6317	GB: 68.6317	Conf: 0.373071	Pts: 69222
Particle (42):: Fit: 66.2971	PB: 66.2971	LB: 66.6073	GB: 68.6317	Conf: 0.812478	Pts: 128757
Particle (42):: Fit: 67.7147	PB: 67.7147	LB: 67.7147	GB: 68.6317	Conf: 0.819636	Pts: 178845
Particle (37):: Fit: 64.1293	PB: 64.1293	LB: 67.7147	GB: 68.6317	Conf: 0.719659	Pts: 104033
Particle (4):: Fit: 67.5046	PB: 67.5046	LB: 67.5046	GB: 68.6317	Conf: 0.588835	Pts: 88287
Particle (48):: Fit: 64.6611	PB: 64.6611	LB: 65.9248	GB: 68.6317	Conf: 0.668689	Pts: 43711
Particle (16):: Fit: 65.6701	PB: 65.6701	LB: 68.6317	GB: 68.6317	Conf: 0.70812	Pts: 168196
Particle (30):: Fit: 65.1044	PB: 65.1044	LB: 66.4912	GB: 68.6317	Conf: 0.410916	Pts: 53661
Particle (0):: Fit: 66.089	PB: 66.089	LB: 67.5046	GB: 68.6317	Conf: 0.568533	Pts: 107972
Particle (40):: Fit: 65.1513	PB: 65.1513	LB: 67.7147	GB: 68.6317	Conf: 0.560056	Pts: 232419
Particle (35):: Fit: 64.8672	PB: 64.8672	LB: 66.4912	GB: 68.6317	Conf: 0.655912	Pts: 167668
Particle (18):: Fit: 65.5114	PB: 65.5114	LB: 65.6701	GB: 68.6317	Conf: 0.203757	Pts: 112244
Particle (27):: Fit: 63.1059	PB: 63.1059	LB: 67.3305	GB: 68.6317	Conf: 0.775089	Pts: 166851
Particle (38):: Fit: 63.0222	PB: 63.0222	LB: 67.7147	GB: 68.6317	Conf: 0.667843	Pts: 152257
Particle (20):: Fit: 63.9329	PB: 63.9329	LB: 67.3305	GB: 68.6317	Conf: 0.603681	Pts: 47332
Particle (26):: Fit: 67.9542	PB: 67.9542	LB: 67.9542	GB: 68.6317	Conf: 0.550019	Pts: 126924
Particle (7):: Fit: 64.0289	PB: 64.0289	LB: 68.6317	GB: 68.6317	Conf: 0.761163	Pts: 61633
Particle (8):: Fit: 65.5403	PB: 65.5403	LB: 68.6317	GB: 68.6317	Conf: 0.723092	Pts: 46968
Particle (13):: Fit: 64.2743	PB: 64.2743	LB: 68.6317	GB: 68.6317	Conf: 0.477114	Pts: 46749
Particle (0):: Fit: 66.7324	PB: 66.7324	LB: 67.5046	GB: 68.6317	Conf: 0.728351	Pts: 116315
Particle (38):: Fit: 67.0315	PB: 67.0315	LB: 67.7147	GB: 68.6317	Conf: 0.542234	Pts: 171152
Particle (7):: Fit: 65.166	PB: 65.166	LB: 68.6317	GB: 68.6317	Conf: 0.894854	Pts: 60621
Particle (40):: Fit: 65.1795	PB: 65.1795	LB: 67.7147	GB: 68.6317	Conf: 0.527863	Pts: 230358
Particle (30):: Fit: 66.6719	PB: 66.6719	LB: 67.9542	GB: 68.6317	Conf: 0.374217	Pts: 61102
Particle (19):: Fit: 67.2064	PB: 67.2064	LB: 67.2064	GB: 68.6317	Conf: 0.666682	Pts: 150113
Particle (23):: Fit: 64.4316	PB: 64.4316	LB: 67.9542	GB: 68.6317	Conf: 0.733521	Pts: 65272
Particle (28):: Fit: 65.3469	PB: 65.3469	LB: 67.9542	GB: 68.6317	Conf: 0.564897	Pts: 55493
Particle (11):: Fit: 67.9906	PB: 67.9906	LB: 68.6317	GB: 68.6317	Conf: 0.716807	Pts: 50558
Particle (22):: Fit: 66.5029	PB: 66.5029	LB: 67.9542	GB: 68.6317	Conf: 0.659019	Pts: 105017
Particle (39):: Fit: 63.9128	PB: 63.9128	LB: 67.7147	GB: 68.6317	Conf: 0.55812	Pts: 89679
Particle (6):: Fit: 64.5107	PB: 64.5107	LB: 67.9906	GB: 68.6317	Conf: 0.591818	Pts: 44640
Particle (27):: Fit: 63.1861	PB: 63.1861	LB: 67.9542	GB: 68.6317	Conf: 0.731313	Pts: 164180
Particle (17):: Fit: 68.2055	PB: 68.2055	LB: 68.2055	GB: 68.6317	Conf: 0.471802	Pts: 124023
Particle (2):: Fit: 69.0812	PB: 69.0812	LB: 69.0812	GB: 69.0812	Conf: 0.40154	Pts: 109428
Global: 69.0812 - Correct: 95.8333% of 24 tests
Global Best: 
  Inner Net 1
  -- 1 : 1 = -0.0358224
  -- 1 : 2 = -0.250358
  -- 1 : 3 = -0.27402
  -- 1 : 4 = 0.104192
  -- 1 : 5 = 0.0460541
  -- 1 : 6 = -0.0647732
  -- 1 : 7 = -0.429745
  -- 1 : 8 = -0.239856
  -- 1 : 9 = -0.261366
  -- 1 : 10 = -0.190191
  -- 2 : 1 = 0.781353
  -- 2 : 2 = 0.176176
  -- 2 : 3 = -0.0520811
  -- 2 : 4 = -0.0230493
  -- 2 : 5 = 0.641947
  -- 2 : 6 = 0.0431346
  -- 2 : 7 = 0.127962
  -- 2 : 8 = -0.241463
  -- 2 : 9 = 0.397709
  -- 2 : 10 = 0.180505
  -- 3 : 1 = 0.505836
  -- 3 : 2 = -0.0488453
  -- 3 : 3 = 0.0246814
  -- 3 : 4 = -0.137592
  -- 3 : 5 = 0.16538
  -- 3 : 6 = -0.200297
  -- 3 : 7 = -0.261716
  -- 3 : 8 = -0.100812
  -- 3 : 9 = 0.100582
  -- 3 : 10 = -0.357517
  -- 4 : 1 = 0.0263281
  -- 4 : 2 = -0.330269
  -- 4 : 3 = 0.0182116
  -- 4 : 4 = 0.00295731
  -- 4 : 5 = -0.407228
  -- 4 : 6 = -0.0669572
  -- 4 : 7 = 0.171677
  -- 4 : 8 = -0.303322
  -- 4 : 9 = -0.135821
  -- 4 : 10 = 0.326861
  -- 5 : 1 = -0.0878591
  -- 5 : 2 = -0.0365884
  -- 5 : 3 = -0.176464
  -- 5 : 4 = 0.0254462
  -- 5 : 5 = 0.0563141
  -- 5 : 6 = -0.306845
  -- 5 : 7 = 0.0129626
  -- 5 : 8 = 0.0557085
  -- 5 : 9 = 0.0314961
  -- 5 : 10 = -0.139659
  -- 6 : 1 = 0.148001
  -- 6 : 2 = -0.157579
  -- 6 : 3 = -0.0378845
  -- 6 : 4 = -0.246697
  -- 6 : 5 = -0.0676891
  -- 6 : 6 = 0.255303
  -- 6 : 7 = 0.194968
  -- 6 : 8 = 0.184905
  -- 6 : 9 = -0.00576056
  -- 6 : 10 = 0.219961
  -- 7 : 1 = 0.238507
  -- 7 : 2 = 0.266772
  -- 7 : 3 = -0.297156
  -- 7 : 4 = 0.0451321
  -- 7 : 5 = 0.144287
  -- 7 : 6 = 0.125215
  -- 7 : 7 = -0.109009
  -- 7 : 8 = -0.087486
  -- 7 : 9 = 0.0519262
  -- 7 : 10 = -0.0381709
  -- 8 : 1 = 0.475043
  -- 8 : 2 = 0.187577
  -- 8 : 3 = 0.0746962
  -- 8 : 4 = 0.0486614
  -- 8 : 5 = -0.130725
  -- 8 : 6 = -0.0473407
  -- 8 : 7 = 0.163918
  -- 8 : 8 = -0.00807177
  -- 8 : 9 = 0.0260013
  -- 8 : 10 = -0.0727447
  -- 9 : 1 = 0.281739
  -- 9 : 2 = 0.0659832
  -- 9 : 3 = -0.0378778
  -- 9 : 4 = 0.00810764
  -- 9 : 5 = 0.0618384
  -- 9 : 6 = 0.0229198
  -- 9 : 7 = 0.274485
  -- 9 : 8 = 0.179059
  -- 9 : 9 = -0.171197
  -- 9 : 10 = 0.243429
  -- 10 : 1 = 0.181625
  -- 10 : 2 = -0.100476
  -- 10 : 3 = -0.0900762
  -- 10 : 4 = 0.0888379
  -- 10 : 5 = -0.0247618
  -- 10 : 6 = -0.326312
  -- 10 : 7 = 0.204355
  -- 10 : 8 = -0.28292
  -- 10 : 9 = -0.058103
  -- 10 : 10 = -0.242247
  Inner Net 2
  -- 1 : 1 = 0.180178
  -- 1 : 2 = -0.0615666
  -- 2 : 1 = 0.410515
  -- 2 : 2 = 0.0847967
  -- 3 : 1 = 0.087432
  -- 3 : 2 = -0.121478
  -- 4 : 1 = -0.357542
  -- 4 : 2 = -0.275447
  -- 5 : 1 = 0.774124
  -- 5 : 2 = 0.175148
  -- 6 : 1 = 0.432014
  -- 6 : 2 = -0.0641999
  -- 7 : 1 = -0.381826
  -- 7 : 2 = 0.241877
  -- 8 : 1 = 0.0141407
  -- 8 : 2 = -0.197923
  -- 9 : 1 = -0.0886131
  -- 9 : 2 = 0.0513662
  -- 10 : 1 = 0.213671
  -- 10 : 2 = 0.385766
Out\Act	False		True
False	0.265588	0.576392	0.84198
True	0.0318896	0.12613	0.15802
	0.297477	0.702523
	Accuracy [ (tp + tn) / testSize ]: 0.391718
	Precision [ tp / (tp + fp) ]:      0.179418
	Sensitivity [ tp / (tp + fn) ]:    0.795796
	Specificity [ tn / (tn + fp) ]:    0.315254
	F-Score [ 2tp / (2tp + fp + fn) ]: 0.29298
Particle (1):: Fit: 68.5516	PB: 68.5516	LB: 69.0812	GB: 69.0812	Conf: 0.439291	Pts: 124476
Particle (27):: Fit: 65.1319	PB: 65.1319	LB: 67.9542	GB: 69.0812	Conf: 0.81871	Pts: 163357
Particle (3):: Fit: 64.4361	PB: 64.4361	LB: 69.0812	GB: 69.0812	Conf: 0.353575	Pts: 187743
Particle (10):: Fit: 68.6588	PB: 68.6588	LB: 68.6588	GB: 69.0812	Conf: 0.682769	Pts: 88285
Particle (37):: Fit: 64.1735	PB: 64.1735	LB: 67.7147	GB: 69.0812	Conf: 0.692944	Pts: 98110
Particle (6):: Fit: 64.7853	PB: 64.7853	LB: 69.0812	GB: 69.0812	Conf: 0.577933	Pts: 42579
Particle (6):: Fit: 64.8664	PB: 64.8664	LB: 69.0812	GB: 69.0812	Conf: 0.825241	Pts: 42335
Particle (20):: Fit: 67.4961	PB: 67.4961	LB: 68.2055	GB: 69.0812	Conf: 0.582858	Pts: 41459
Particle (21):: Fit: 64.7522	PB: 64.7522	LB: 68.2055	GB: 69.0812	Conf: 0.609944	Pts: 100471
Particle (29):: Fit: 65.4818	PB: 65.4818	LB: 67.9542	GB: 69.0812	Conf: 0.633621	Pts: 64838
Global Best: 
  Inner Net 1
  -- 1 : 1 = -0.0358224
  -- 1 : 2 = -0.250358
  -- 1 : 3 = -0.27402
  -- 1 : 4 = 0.104192
  -- 1 : 5 = 0.0460541
  -- 1 : 6 = -0.0647732
  -- 1 : 7 = -0.429745
  -- 1 : 8 = -0.239856
  -- 1 : 9 = -0.261366
  -- 1 : 10 = -0.190191
  -- 2 : 1 = 0.781353
  -- 2 : 2 = 0.176176
  -- 2 : 3 = -0.0520811
  -- 2 : 4 = -0.0230493
  -- 2 : 5 = 0.641947
  -- 2 : 6 = 0.0431346
  -- 2 : 7 = 0.127962
  -- 2 : 8 = -0.241463
  -- 2 : 9 = 0.397709
  -- 2 : 10 = 0.180505
  -- 3 : 1 = 0.505836
  -- 3 : 2 = -0.0488453
  -- 3 : 3 = 0.0246814
  -- 3 : 4 = -0.137592
  -- 3 : 5 = 0.16538
  -- 3 : 6 = -0.200297
  -- 3 : 7 = -0.261716
  -- 3 : 8 = -0.100812
  -- 3 : 9 = 0.100582
  -- 3 : 10 = -0.357517
  -- 4 : 1 = 0.0263281
  -- 4 : 2 = -0.330269
  -- 4 : 3 = 0.0182116
  -- 4 : 4 = 0.00295731
  -- 4 : 5 = -0.407228
  -- 4 : 6 = -0.0669572
  -- 4 : 7 = 0.171677
  -- 4 : 8 = -0.303322
  -- 4 : 9 = -0.135821
  -- 4 : 10 = 0.326861
  -- 5 : 1 = -0.0878591
  -- 5 : 2 = -0.0365884
  -- 5 : 3 = -0.176464
  -- 5 : 4 = 0.0254462
  -- 5 : 5 = 0.0563141
  -- 5 : 6 = -0.306845
  -- 5 : 7 = 0.0129626
  -- 5 : 8 = 0.0557085
  -- 5 : 9 = 0.0314961
  -- 5 : 10 = -0.139659
  -- 6 : 1 = 0.148001
  -- 6 : 2 = -0.157579
  -- 6 : 3 = -0.0378845
  -- 6 : 4 = -0.246697
  -- 6 : 5 = -0.0676891
  -- 6 : 6 = 0.255303
  -- 6 : 7 = 0.194968
  -- 6 : 8 = 0.184905
  -- 6 : 9 = -0.00576056
  -- 6 : 10 = 0.219961
  -- 7 : 1 = 0.238507
  -- 7 : 2 = 0.266772
  -- 7 : 3 = -0.297156
  -- 7 : 4 = 0.0451321
  -- 7 : 5 = 0.144287
  -- 7 : 6 = 0.125215
  -- 7 : 7 = -0.109009
  -- 7 : 8 = -0.087486
  -- 7 : 9 = 0.0519262
  -- 7 : 10 = -0.0381709
  -- 8 : 1 = 0.475043
  -- 8 : 2 = 0.187577
  -- 8 : 3 = 0.0746962
  -- 8 : 4 = 0.0486614
  -- 8 : 5 = -0.130725
  -- 8 : 6 = -0.0473407
  -- 8 : 7 = 0.163918
  -- 8 : 8 = -0.00807177
  -- 8 : 9 = 0.0260013
  -- 8 : 10 = -0.0727447
  -- 9 : 1 = 0.281739
  -- 9 : 2 = 0.0659832
  -- 9 : 3 = -0.0378778
  -- 9 : 4 = 0.00810764
  -- 9 : 5 = 0.0618384
  -- 9 : 6 = 0.0229198
  -- 9 : 7 = 0.274485
  -- 9 : 8 = 0.179059
  -- 9 : 9 = -0.171197
  -- 9 : 10 = 0.243429
  -- 10 : 1 = 0.181625
  -- 10 : 2 = -0.100476
  -- 10 : 3 = -0.0900762
  -- 10 : 4 = 0.0888379
  -- 10 : 5 = -0.0247618
  -- 10 : 6 = -0.326312
  -- 10 : 7 = 0.204355
  -- 10 : 8 = -0.28292
  -- 10 : 9 = -0.058103
  -- 10 : 10 = -0.242247
  Inner Net 2
  -- 1 : 1 = 0.180178
  -- 1 : 2 = -0.0615666
  -- 2 : 1 = 0.410515
  -- 2 : 2 = 0.0847967
  -- 3 : 1 = 0.087432
  -- 3 : 2 = -0.121478
  -- 4 : 1 = -0.357542
  -- 4 : 2 = -0.275447
  -- 5 : 1 = 0.774124
  -- 5 : 2 = 0.175148
  -- 6 : 1 = 0.432014
  -- 6 : 2 = -0.0641999
  -- 7 : 1 = -0.381826
  -- 7 : 2 = 0.241877
  -- 8 : 1 = 0.0141407
  -- 8 : 2 = -0.197923
  -- 9 : 1 = -0.0886131
  -- 9 : 2 = 0.0513662
  -- 10 : 1 = 0.213671
  -- 10 : 2 = 0.385766
Out\Act	False		True
False	0.265588	0.576392	0.84198
True	0.0318896	0.12613	0.15802
	0.297477	0.702523
	Accuracy [ (tp + tn) / testSize ]: 0.391718
	Precision [ tp / (tp + fp) ]:      0.179418
	Sensitivity [ tp / (tp + fn) ]:    0.795796
	Specificity [ tn / (tn + fp) ]:    0.315254
	F-Score [ 2tp / (2tp + fp + fn) ]: 0.29298
