
Date / Time: Thu Mar 30 14:24:15 2017

   ****************************************
   * PSO Neural Net (Gaussian Activation) *
   *       by William Boler, BSCE         *
   *     Research Assistant, IUPUI        *
   *                                      *
   *  Professor: Dr. Lauren Christopher   *
   *     Created: March 13, 2017          *
   ****************************************


Inputs: 10
Inner Nets: 2
 - 10
 - 4
Tests per train(min): 10
Particles: 50
Neighbors: 10
Minimum Particle Iterations: 1000
Particle (0):: Fit: 3.46696	PB: 3.46696	LB: 3.46696	GB: 3.46696	Conf: 0.940684	Pts: 110099
Particle (1):: Fit: 2.74389	PB: 2.74389	LB: 3.46696	GB: 3.46696	Conf: 0.126334	Pts: 55099
Particle (2):: Fit: 1.98008	PB: 1.98008	LB: 3.46696	GB: 3.46696	Conf: 0.566005	Pts: 55099
Particle (3):: Fit: 10.4453	PB: 10.4453	LB: 10.4453	GB: 10.4453	Conf: 0.52121	Pts: 110099
Particle (4):: Fit: 7.32835	PB: 7.32835	LB: 10.4453	GB: 10.4453	Conf: 0.826906	Pts: 55099
Particle (5):: Fit: 7.39519	PB: 7.39519	LB: 10.4453	GB: 10.4453	Conf: 0.683625	Pts: 60099
Particle (6):: Fit: 8.88077	PB: 8.88077	LB: 10.4453	GB: 10.4453	Conf: 0.808307	Pts: 65099
Particle (7):: Fit: 7.34744	PB: 7.34744	LB: 10.4453	GB: 10.4453	Conf: 0.793854	Pts: 55099
Particle (8):: Fit: 10.4368	PB: 10.4368	LB: 10.4368	GB: 10.4453	Conf: 0.737644	Pts: 75099
Particle (9):: Fit: 7.42748	PB: 7.42748	LB: 10.4368	GB: 10.4453	Conf: 0.545525	Pts: 55099
Particle (10):: Fit: 7.43416	PB: 7.43416	LB: 10.4368	GB: 10.4453	Conf: 0.31348	Pts: 60099
Particle (11):: Fit: 3.95071	PB: 3.95071	LB: 10.4368	GB: 10.4453	Conf: 0.670204	Pts: 55099
Particle (12):: Fit: 3.15848	PB: 3.15848	LB: 10.4368	GB: 10.4453	Conf: 0.605902	Pts: 55099
Particle (13):: Fit: 3.16477	PB: 3.16477	LB: 7.43416	GB: 10.4453	Conf: 0.487048	Pts: 60099
Particle (14):: Fit: 5.93043	PB: 5.93043	LB: 7.43416	GB: 10.4453	Conf: 0.215054	Pts: 70099
Particle (15):: Fit: 8.85455	PB: 8.85455	LB: 8.85455	GB: 10.4453	Conf: 0.861629	Pts: 85099
Particle (16):: Fit: 8.82437	PB: 8.82437	LB: 8.85455	GB: 10.4453	Conf: 0.911618	Pts: 55099
Particle (17):: Fit: 3.8465	PB: 3.8465	LB: 8.85455	GB: 10.4453	Conf: 0.345725	Pts: 55099
Particle (18):: Fit: 5.74934	PB: 5.74934	LB: 8.85455	GB: 10.4453	Conf: 0.865376	Pts: 60099
Particle (19):: Fit: 3.85364	PB: 3.85364	LB: 8.85455	GB: 10.4453	Conf: 0.356767	Pts: 55099
Particle (20):: Fit: 13.4493	PB: 13.4493	LB: 13.4493	GB: 13.4493	Conf: 0.573173	Pts: 110099
Particle (21):: Fit: 3.16362	PB: 3.16362	LB: 13.4493	GB: 13.4493	Conf: 0.547108	Pts: 55099
Particle (22):: Fit: 10.4417	PB: 10.4417	LB: 13.4493	GB: 13.4493	Conf: 0.708516	Pts: 60099
Particle (23):: Fit: 1.86688	PB: 1.86688	LB: 13.4493	GB: 13.4493	Conf: 0.782228	Pts: 55099
Particle (24):: Fit: 14.4808	PB: 14.4808	LB: 14.4808	GB: 14.4808	Conf: 0.208329	Pts: 110099
Particle (25):: Fit: 8.92426	PB: 8.92426	LB: 14.4808	GB: 14.4808	Conf: 0.328862	Pts: 55099
Particle (26):: Fit: 4.205	PB: 4.205	LB: 14.4808	GB: 14.4808	Conf: 0.847269	Pts: 55099
Particle (27):: Fit: 2.78143	PB: 2.78143	LB: 14.4808	GB: 14.4808	Conf: 0.339624	Pts: 55099
Particle (28):: Fit: 8.94049	PB: 8.94049	LB: 14.4808	GB: 14.4808	Conf: 0.539844	Pts: 70099
Particle (29):: Fit: 7.43766	PB: 7.43766	LB: 8.94049	GB: 14.4808	Conf: 0.393854	Pts: 55099
Particle (30):: Fit: 3.64056	PB: 3.64056	LB: 8.94049	GB: 14.4808	Conf: 0.128457	Pts: 55099
Particle (31):: Fit: 13.4091	PB: 13.4091	LB: 13.4091	GB: 14.4808	Conf: 0.493535	Pts: 85099
Particle (32):: Fit: 2.39061	PB: 2.39061	LB: 13.4091	GB: 14.4808	Conf: 0.109582	Pts: 55099
Particle (33):: Fit: 10.4412	PB: 10.4412	LB: 13.4091	GB: 14.4808	Conf: 0.711429	Pts: 60099
Particle (34):: Fit: 10.441	PB: 10.441	LB: 13.4091	GB: 14.4808	Conf: 0.486675	Pts: 55099
Particle (35):: Fit: 2.73188	PB: 2.73188	LB: 13.4091	GB: 14.4808	Conf: 0.0916517	Pts: 55099
Particle (36):: Fit: 7.42397	PB: 7.42397	LB: 10.4412	GB: 14.4808	Conf: 0.232263	Pts: 60099
Particle (37):: Fit: 2.40453	PB: 2.40453	LB: 10.4412	GB: 14.4808	Conf: 0.318685	Pts: 55099
Particle (38):: Fit: 10.4494	PB: 10.4494	LB: 10.4494	GB: 14.4808	Conf: 0.60493	Pts: 85099
Particle (39):: Fit: 3.43523	PB: 3.43523	LB: 10.4494	GB: 14.4808	Conf: 0.991418	Pts: 55099
Particle (40):: Fit: 3.94248	PB: 3.94248	LB: 10.4494	GB: 14.4808	Conf: 0.589831	Pts: 60099
Particle (41):: Fit: 2.77085	PB: 2.77085	LB: 10.4494	GB: 14.4808	Conf: 0.240845	Pts: 50099
Particle (42):: Fit: 7.36952	PB: 7.36952	LB: 10.4494	GB: 14.4808	Conf: 0.749288	Pts: 70099
Particle (43):: Fit: 2.76993	PB: 2.76993	LB: 7.36952	GB: 14.4808	Conf: 0.56473	Pts: 50099
Particle (44):: Fit: 3.53778	PB: 3.53778	LB: 7.36952	GB: 14.4808	Conf: 0.447421	Pts: 55099
Particle (45):: Fit: 3.76861	PB: 3.76861	LB: 7.36952	GB: 14.4808	Conf: 0.246818	Pts: 55099
Particle (46):: Fit: 7.24115	PB: 7.24115	LB: 7.36952	GB: 14.4808	Conf: 0.942538	Pts: 55099
Particle (47):: Fit: 8.8711	PB: 8.8711	LB: 8.8711	GB: 14.4808	Conf: 0.829387	Pts: 75099
Particle (48):: Fit: 3.47942	PB: 3.47942	LB: 10.4453	GB: 14.4808	Conf: 0.282369	Pts: 50099
Particle (49):: Fit: 8.92633	PB: 8.92633	LB: 10.4453	GB: 14.4808	Conf: 0.660849	Pts: 70099
Global: 14.4808 - Correct: 90% of 10 tests
Global Best: 
  Inner Net 1
  -- 1 : 1 = 0.8523
  -- 1 : 2 = 0.8874
  -- 1 : 3 = 0.2442
  -- 1 : 4 = 0.6909
  -- 1 : 5 = 0.3423
  -- 1 : 6 = 0.6393
  -- 1 : 7 = 0.8045
  -- 1 : 8 = 0.4749
  -- 1 : 9 = 0.1991
  -- 1 : 10 = 0.8024
  -- 2 : 1 = 0.695
  -- 2 : 2 = 0.9663
  -- 2 : 3 = 0.0969
  -- 2 : 4 = 0.4553
  -- 2 : 5 = 0.8642
  -- 2 : 6 = 0.9149
  -- 2 : 7 = 0.5946
  -- 2 : 8 = 0.5817
  -- 2 : 9 = 0.9546
  -- 2 : 10 = 0.0189
  -- 3 : 1 = 0.3589
  -- 3 : 2 = 0.5974
  -- 3 : 3 = 0.1717
  -- 3 : 4 = 0.1735
  -- 3 : 5 = 0.5121
  -- 3 : 6 = 0.1009
  -- 3 : 7 = 0.4014
  -- 3 : 8 = 0.5917
  -- 3 : 9 = 0.1837
  -- 3 : 10 = 0.858
  -- 4 : 1 = 0.1975
  -- 4 : 2 = 0.6342
  -- 4 : 3 = 0.2463
  -- 4 : 4 = 0.7126
  -- 4 : 5 = 0.3295
  -- 4 : 6 = 0.6844
  -- 4 : 7 = 0.7758
  -- 4 : 8 = 0.9068
  -- 4 : 9 = 0.0208
  -- 4 : 10 = 0.3495
  -- 5 : 1 = 0.5388
  -- 5 : 2 = 0.1378
  -- 5 : 3 = 0.3996
  -- 5 : 4 = 0.9048
  -- 5 : 5 = 0.924
  -- 5 : 6 = 0.7707
  -- 5 : 7 = 0.3353
  -- 5 : 8 = 0.4683
  -- 5 : 9 = 0.2067
  -- 5 : 10 = 0.0886
  -- 6 : 1 = 0.9242
  -- 6 : 2 = 0.8471
  -- 6 : 3 = 0.1458
  -- 6 : 4 = 0.7233
  -- 6 : 5 = 0.2273
  -- 6 : 6 = 0.8407
  -- 6 : 7 = 0.4803
  -- 6 : 8 = 0.701
  -- 6 : 9 = 0.0306
  -- 6 : 10 = 0.4318
  -- 7 : 1 = 0.9411
  -- 7 : 2 = 0.5843
  -- 7 : 3 = 0.1705
  -- 7 : 4 = 0.0951
  -- 7 : 5 = 0.1119
  -- 7 : 6 = 0.2542
  -- 7 : 7 = 0.1486
  -- 7 : 8 = 0.1035
  -- 7 : 9 = 0.3722
  -- 7 : 10 = 0.8122
  -- 8 : 1 = 0.6231
  -- 8 : 2 = 0.7847
  -- 8 : 3 = 0.7022
  -- 8 : 4 = 0.9764
  -- 8 : 5 = 0.3327
  -- 8 : 6 = 0.7132
  -- 8 : 7 = 0.6903
  -- 8 : 8 = 0.2385
  -- 8 : 9 = 0.3958
  -- 8 : 10 = 0.9
  -- 9 : 1 = 0.798
  -- 9 : 2 = 0.6451
  -- 9 : 3 = 0.6762
  -- 9 : 4 = 0.2582
  -- 9 : 5 = 0.7343
  -- 9 : 6 = 0.9802
  -- 9 : 7 = 0.2372
  -- 9 : 8 = 0.9426
  -- 9 : 9 = 0.1447
  -- 9 : 10 = 0.1501
  -- 10 : 1 = 0.1749
  -- 10 : 2 = 0.6911
  -- 10 : 3 = 0.9308
  -- 10 : 4 = 0.2698
  -- 10 : 5 = 0.4675
  -- 10 : 6 = 0.086
  -- 10 : 7 = 0.0499
  -- 10 : 8 = 0.2522
  -- 10 : 9 = 0.8543
  -- 10 : 10 = 0.3716
  Inner Net 2
  -- 1 : 1 = 0.4042
  -- 1 : 2 = 0.1864
  -- 1 : 3 = 0.0441
  -- 1 : 4 = 0.3013
  -- 2 : 1 = 0.0087
  -- 2 : 2 = 0.3491
  -- 2 : 3 = 0.6662
  -- 2 : 4 = 0.8643
  -- 3 : 1 = 0.7964
  -- 3 : 2 = 0.5826
  -- 3 : 3 = 0.6305
  -- 3 : 4 = 0.8286
  -- 4 : 1 = 0.2253
  -- 4 : 2 = 0.2232
  -- 4 : 3 = 0.6671
  -- 4 : 4 = 0.1474
  -- 5 : 1 = 0.7493
  -- 5 : 2 = 0.9737
  -- 5 : 3 = 0.4807
  -- 5 : 4 = 0.0142
  -- 6 : 1 = 0.1654
  -- 6 : 2 = 0.7963
  -- 6 : 3 = 0.1186
  -- 6 : 4 = 0.6759
  -- 7 : 1 = 0.2671
  -- 7 : 2 = 0.2208
  -- 7 : 3 = 0.1583
  -- 7 : 4 = 0.0477
  -- 8 : 1 = 0.7267
  -- 8 : 2 = 0.3571
  -- 8 : 3 = 0.7611
  -- 8 : 4 = 0.1949
  -- 9 : 1 = 0.0184
  -- 9 : 2 = 0.4097
  -- 9 : 3 = 0.5791
  -- 9 : 4 = 0.4489
  -- 10 : 1 = 0.5661
  -- 10 : 2 = 0.7514
  -- 10 : 3 = 0.9034
  -- 10 : 4 = 0.391
  Inner Net 3
  -- 1 : 1 = -0.00461975
  -- 1 : 2 = 0.0223
  -- 2 : 1 = -0.0136
  -- 2 : 2 = -0.1524
  -- 3 : 1 = 0.426736
  -- 3 : 2 = 0.2055
  -- 4 : 1 = -0.2613
  -- 4 : 2 = -0.261357
Out\Act	False		True
False	0	0.84198	0.84198
True	0	0.15802	0.15802
	0	1
	Accuracy [ (tp + tn) / testSize ]: 0.15802
	Precision [ tp / (tp + fp) ]:      0.157945
	Sensitivity [ tp / (tp + fn) ]:    0.996997
	Specificity [ tn / (tn + fp) ]:    0
	F-Score [ 2tp / (2tp + fp + fn) ]: 0.272802
Particle (0):: Fit: 11.5122	PB: 11.5122	LB: 11.5122	GB: 14.4808	Conf: 0.0260171	Pts: 160198
Particle (1):: Fit: 8.79321	PB: 8.79321	LB: 11.5122	GB: 14.4808	Conf: 0.0447477	Pts: 55198
Particle (2):: Fit: 10.2747	PB: 10.2747	LB: 11.5122	GB: 14.4808	Conf: 0.135809	Pts: 55198
Particle (5):: Fit: 10.1831	PB: 10.1831	LB: 10.4453	GB: 14.4808	Conf: 0.0438614	Pts: 60198
Particle (9):: Fit: 8.93534	PB: 8.93534	LB: 10.4368	GB: 14.4808	Conf: 0.603099	Pts: 60198
Particle (11):: Fit: 11.9263	PB: 11.9263	LB: 11.9263	GB: 14.4808	Conf: 0.474353	Pts: 100198
Particle (12):: Fit: 3.36597	PB: 3.36597	LB: 11.9263	GB: 14.4808	Conf: 0.121592	Pts: 55198
Particle (13):: Fit: 7.40477	PB: 7.40477	LB: 11.9263	GB: 14.4808	Conf: 0.652673	Pts: 60198
Particle (15):: Fit: 8.94136	PB: 8.94136	LB: 13.4493	GB: 14.4808	Conf: 0.493879	Pts: 85198
Particle (17):: Fit: 5.90876	PB: 5.90876	LB: 13.4493	GB: 14.4808	Conf: 0.0550393	Pts: 55198
Particle (19):: Fit: 13.4017	PB: 13.4017	LB: 14.4808	GB: 14.4808	Conf: 0.481605	Pts: 60198
Particle (21):: Fit: 8.84493	PB: 8.84493	LB: 14.4808	GB: 14.4808	Conf: 0.121395	Pts: 55198
Particle (22):: Fit: 11.9041	PB: 11.9041	LB: 14.4808	GB: 14.4808	Conf: 0.978007	Pts: 60198
Particle (23):: Fit: 7.43768	PB: 7.43768	LB: 14.4808	GB: 14.4808	Conf: 0.402665	Pts: 55197
Particle (26):: Fit: 8.911	PB: 8.911	LB: 14.4808	GB: 14.4808	Conf: 0.275427	Pts: 55198
Particle (27):: Fit: 11.9002	PB: 11.9002	LB: 14.4808	GB: 14.4808	Conf: 0.414128	Pts: 55198
Particle (29):: Fit: 11.7734	PB: 11.7734	LB: 13.4091	GB: 14.4808	Conf: 0.236731	Pts: 55198
Particle (32):: Fit: 7.41697	PB: 7.41697	LB: 13.4091	GB: 14.4808	Conf: 0.603917	Pts: 55198
Particle (35):: Fit: 10.3611	PB: 10.3611	LB: 13.4091	GB: 14.4808	Conf: 0.944171	Pts: 55198
Particle (36):: Fit: 8.91509	PB: 8.91509	LB: 10.4494	GB: 14.4808	Conf: 0.709853	Pts: 60198
Particle (37):: Fit: 7.39443	PB: 7.39443	LB: 10.4494	GB: 14.4808	Conf: 0.685891	Pts: 55198
Particle (39):: Fit: 5.76629	PB: 5.76629	LB: 10.4494	GB: 14.4808	Conf: 0.844858	Pts: 55198
Particle (40):: Fit: 10.3227	PB: 10.3227	LB: 10.4494	GB: 14.4808	Conf: 0.196249	Pts: 70198
Particle (41):: Fit: 11.7327	PB: 11.7327	LB: 11.7327	GB: 14.4808	Conf: 0.196072	Pts: 100198
Particle (46):: Fit: 11.7183	PB: 11.7183	LB: 11.7183	GB: 14.4808	Conf: 0.182751	Pts: 80198
Particle (48):: Fit: 5.78229	PB: 5.78229	LB: 11.7183	GB: 14.4808	Conf: 0.824141	Pts: 50198
Particle (4):: Fit: 7.43768	PB: 7.43768	LB: 11.5122	GB: 14.4808	Conf: 0.399185	Pts: 55197
Particle (7):: Fit: 11.8416	PB: 11.8416	LB: 11.9263	GB: 14.4808	Conf: 0.318176	Pts: 75197
Particle (10):: Fit: 8.90096	PB: 8.90096	LB: 11.9263	GB: 14.4808	Conf: 0.756412	Pts: 60197
Particle (15):: Fit: 14.8732	PB: 14.8732	LB: 14.8732	GB: 14.8732	Conf: 0.508138	Pts: 145297
Particle (16):: Fit: 8.9246	PB: 8.9246	LB: 14.8732	GB: 14.8732	Conf: 0.669478	Pts: 55197
Particle (18):: Fit: 10.1364	PB: 10.1364	LB: 14.8732	GB: 14.8732	Conf: 0.00425275	Pts: 60197
Particle (21):: Fit: 8.91295	PB: 8.91295	LB: 14.4808	GB: 14.8732	Conf: 0.282288	Pts: 55297
Particle (25):: Fit: 10.4373	PB: 10.4373	LB: 14.4808	GB: 14.8732	Conf: 0.464926	Pts: 55197
Particle (26):: Fit: 8.93181	PB: 8.93181	LB: 14.4808	GB: 14.8732	Conf: 0.62917	Pts: 55297
Particle (27):: Fit: 14.9458	PB: 14.9458	LB: 14.9458	GB: 14.9458	Conf: 0.601356	Pts: 115297
Particle (30):: Fit: 10.4464	PB: 10.4464	LB: 14.9458	GB: 14.9458	Conf: 0.667388	Pts: 55197
Particle (37):: Fit: 10.4492	PB: 10.4492	LB: 11.7327	GB: 14.9458	Conf: 0.584314	Pts: 55297
Particle (43):: Fit: 10.361	PB: 10.361	LB: 11.7327	GB: 14.9458	Conf: 0.944258	Pts: 50196
Particle (45):: Fit: 3.93529	PB: 3.93529	LB: 11.7327	GB: 14.9458	Conf: 0.552773	Pts: 55197
Particle (48):: Fit: 7.39954	PB: 7.39954	LB: 11.7183	GB: 14.9458	Conf: 0.129817	Pts: 50297
Global: 14.9458 - Correct: 90% of 10 tests
Global Best: 
  Inner Net 1
  -- 1 : 1 = 0.4612
  -- 1 : 2 = 0.1974
  -- 1 : 3 = 0.0862
  -- 1 : 4 = 0.4541
  -- 1 : 5 = 0.5227
  -- 1 : 6 = 0.2912
  -- 1 : 7 = 0.7814
  -- 1 : 8 = 0.2377
  -- 1 : 9 = 0.2942
  -- 1 : 10 = 0.8674
  -- 2 : 1 = 0.0539
  -- 2 : 2 = 0.7968
  -- 2 : 3 = 0.0049
  -- 2 : 4 = 0.0162
  -- 2 : 5 = 0.6001
  -- 2 : 6 = 0.63
  -- 2 : 7 = 0.6516
  -- 2 : 8 = 0.9069
  -- 2 : 9 = 0.9008
  -- 2 : 10 = 0.5027
  -- 3 : 1 = 0.1675
  -- 3 : 2 = 0.9692
  -- 3 : 3 = 0.0827
  -- 3 : 4 = 0.335
  -- 3 : 5 = 0.4204
  -- 3 : 6 = 0.4584
  -- 3 : 7 = 0.1912
  -- 3 : 8 = 0.0715
  -- 3 : 9 = 0.9305
  -- 3 : 10 = 0.9631
  -- 4 : 1 = 0.3485
  -- 4 : 2 = 0.8285
  -- 4 : 3 = 0.4126
  -- 4 : 4 = 0.7671
  -- 4 : 5 = 0.5912
  -- 4 : 6 = 0.7475
  -- 4 : 7 = 0.6669
  -- 4 : 8 = 0.6691
  -- 4 : 9 = 0.0755
  -- 4 : 10 = 0.1726
  -- 5 : 1 = 0.3064
  -- 5 : 2 = 0.082
  -- 5 : 3 = 0.5493
  -- 5 : 4 = 0.9207
  -- 5 : 5 = 0.1679
  -- 5 : 6 = 0.2753
  -- 5 : 7 = 0.014
  -- 5 : 8 = 0.1528
  -- 5 : 9 = 0.6347
  -- 5 : 10 = 0.7513
  -- 6 : 1 = 0.5801
  -- 6 : 2 = 0.6617
  -- 6 : 3 = 0.7626
  -- 6 : 4 = 0.5112
  -- 6 : 5 = 0.1021
  -- 6 : 6 = 0.2095
  -- 6 : 7 = 0.5452
  -- 6 : 8 = 0.8809
  -- 6 : 9 = 0.3811
  -- 6 : 10 = 0.0496
  -- 7 : 1 = 0.7181
  -- 7 : 2 = 0.9564
  -- 7 : 3 = 0.3517
  -- 7 : 4 = 0.609
  -- 7 : 5 = 0.162
  -- 7 : 6 = 0.6952
  -- 7 : 7 = 0.042
  -- 7 : 8 = 0.0788
  -- 7 : 9 = 0.9019
  -- 7 : 10 = 0.9906
  -- 8 : 1 = 0.8906
  -- 8 : 2 = 0.7029
  -- 8 : 3 = 0.888
  -- 8 : 4 = 0.6303
  -- 8 : 5 = 0.2579
  -- 8 : 6 = 0.0388
  -- 8 : 7 = 0.3851
  -- 8 : 8 = 0.1542
  -- 8 : 9 = 0.0067
  -- 8 : 10 = 0.0255
  -- 9 : 1 = 0.4785
  -- 9 : 2 = 0.8985
  -- 9 : 3 = 0.1433
  -- 9 : 4 = 0.9008
  -- 9 : 5 = 0.54
  -- 9 : 6 = 0.8549
  -- 9 : 7 = 0.1788
  -- 9 : 8 = 0.9261
  -- 9 : 9 = 0.8236
  -- 9 : 10 = 0.124
  -- 10 : 1 = 0.2021
  -- 10 : 2 = 0.3471
  -- 10 : 3 = 0.4626
  -- 10 : 4 = 0.5476
  -- 10 : 5 = 0.9854
  -- 10 : 6 = 0.8245
  -- 10 : 7 = 0.2876
  -- 10 : 8 = 0.8961
  -- 10 : 9 = 0.5145
  -- 10 : 10 = 0.0394
  Inner Net 2
  -- 1 : 1 = 0.9964
  -- 1 : 2 = 0.5991
  -- 1 : 3 = 0.186
  -- 1 : 4 = 0.0468
  -- 2 : 1 = 0.6492
  -- 2 : 2 = 0.5003
  -- 2 : 3 = 0.7579
  -- 2 : 4 = 0.0207
  -- 3 : 1 = 0.8668
  -- 3 : 2 = 0.6714
  -- 3 : 3 = 0.003
  -- 3 : 4 = 0.5161
  -- 4 : 1 = 0.1981
  -- 4 : 2 = 0.6756
  -- 4 : 3 = 0.8741
  -- 4 : 4 = 0.1871
  -- 5 : 1 = 0.9711
  -- 5 : 2 = 0.4059
  -- 5 : 3 = 0.5762
  -- 5 : 4 = 0.068
  -- 6 : 1 = 0.9414
  -- 6 : 2 = 0.3965
  -- 6 : 3 = 0.1862
  -- 6 : 4 = 0.7408
  -- 7 : 1 = 0.269
  -- 7 : 2 = 0.5181
  -- 7 : 3 = 0.7862
  -- 7 : 4 = 0.3
  -- 8 : 1 = 0.6878
  -- 8 : 2 = 0.8329
  -- 8 : 3 = 0.5007
  -- 8 : 4 = 0.142
  -- 9 : 1 = 0.4009
  -- 9 : 2 = 0.5784
  -- 9 : 3 = 0.6984
  -- 9 : 4 = 0.7061
  -- 10 : 1 = 0.3508
  -- 10 : 2 = 0.7826
  -- 10 : 3 = 0.7047
  -- 10 : 4 = 0.9344
  Inner Net 3
  -- 1 : 1 = -0.262295
  -- 1 : 2 = -0.271281
  -- 2 : 1 = -0.391083
  -- 2 : 2 = -0.0753419
  -- 3 : 1 = 0.53088
  -- 3 : 2 = -0.241007
  -- 4 : 1 = -0.33706
  -- 4 : 2 = -0.56517
Out\Act	False		True
False	0	0.84198	0.84198
True	0	0.15802	0.15802
	0	1
	Accuracy [ (tp + tn) / testSize ]: 0.15802
	Precision [ tp / (tp + fp) ]:      0.157945
	Sensitivity [ tp / (tp + fn) ]:    0.996997
	Specificity [ tn / (tn + fp) ]:    0
	F-Score [ 2tp / (2tp + fp + fn) ]: 0.272802
Particle (12):: Fit: 8.7754	PB: 8.7754	LB: 14.8732	GB: 14.9458	Conf: 0.0223875	Pts: 55295
Particle (14):: Fit: 8.92847	PB: 8.92847	LB: 14.8732	GB: 14.9458	Conf: 0.64935	Pts: 70196
Particle (17):: Fit: 8.85417	PB: 8.85417	LB: 14.8732	GB: 14.9458	Conf: 0.862312	Pts: 55296
Particle (24):: Fit: 14.8163	PB: 14.8163	LB: 14.9458	GB: 14.9458	Conf: 0.450393	Pts: 120196
Particle (32):: Fit: 10.3454	PB: 10.3454	LB: 13.4091	GB: 14.9458	Conf: 0.229916	Pts: 55296
Particle (39):: Fit: 8.91303	PB: 8.91303	LB: 11.7327	GB: 14.9458	Conf: 0.717421	Pts: 55296
Particle (42):: Fit: 11.5561	PB: 11.5561	LB: 11.7327	GB: 14.9458	Conf: 0.0554077	Pts: 70196
Particle (44):: Fit: 3.55122	PB: 3.55122	LB: 11.7327	GB: 14.9458	Conf: 0.656355	Pts: 55196
Particle (45):: Fit: 7.31714	PB: 7.31714	LB: 11.7327	GB: 14.9458	Conf: 0.844568	Pts: 55296
Particle (47):: Fit: 11.9435	PB: 11.9435	LB: 11.9435	GB: 14.9458	Conf: 0.528354	Pts: 125196
Particle (6):: Fit: 10.3788	PB: 10.3788	LB: 11.9263	GB: 14.9458	Conf: 0.288748	Pts: 65195
Particle (7):: Fit: 11.9513	PB: 11.9513	LB: 11.9513	GB: 14.9458	Conf: 0.838923	Pts: 115295
Particle (10):: Fit: 10.2615	PB: 10.2615	LB: 14.8732	GB: 14.9458	Conf: 0.120918	Pts: 60295
Particle (11):: Fit: 11.9435	PB: 11.9435	LB: 14.8732	GB: 14.9458	Conf: 0.52842	Pts: 100295
Particle (14):: Fit: 11.5594	PB: 11.5594	LB: 14.8732	GB: 14.9458	Conf: 0.0576442	Pts: 70295
Particle (32):: Fit: 11.504	PB: 11.504	LB: 13.4091	GB: 14.9458	Conf: 0.0206742	Pts: 55395
Particle (35):: Fit: 12.7993	PB: 12.7993	LB: 13.4091	GB: 14.9458	Conf: 0.00880493	Pts: 75295
Particle (36):: Fit: 10.4383	PB: 10.4383	LB: 12.7993	GB: 14.9458	Conf: 0.470622	Pts: 60295
Particle (37):: Fit: 11.9653	PB: 11.9653	LB: 12.7993	GB: 14.9458	Conf: 0.682012	Pts: 65395
Particle (44):: Fit: 7.29063	PB: 7.29063	LB: 11.9435	GB: 14.9458	Conf: 0.882435	Pts: 55295
Particle (47):: Fit: 15.3971	PB: 15.3971	LB: 15.3971	GB: 15.3971	Conf: 0.472583	Pts: 185295
Global: 15.3971 - Correct: 92.3077% of 13 tests
Global Best: 
  Inner Net 1
  -- 1 : 1 = 0.8361
  -- 1 : 2 = 0.1902
  -- 1 : 3 = 0.421
  -- 1 : 4 = 0.1464
  -- 1 : 5 = 0.2481
  -- 1 : 6 = 0.4135
  -- 1 : 7 = 0.5089
  -- 1 : 8 = 0.5859
  -- 1 : 9 = 0.0444
  -- 1 : 10 = 0.2406
  -- 2 : 1 = 0.7621
  -- 2 : 2 = 0.3061
  -- 2 : 3 = 0.181
  -- 2 : 4 = 0.0706
  -- 2 : 5 = 0.4363
  -- 2 : 6 = 0.6498
  -- 2 : 7 = 0.7672
  -- 2 : 8 = 0.524
  -- 2 : 9 = 0.3996
  -- 2 : 10 = 0.9991
  -- 3 : 1 = 0.7847
  -- 3 : 2 = 0.3123
  -- 3 : 3 = 0.4823
  -- 3 : 4 = 0.3024
  -- 3 : 5 = 0.3226
  -- 3 : 6 = 0.2621
  -- 3 : 7 = 0.7566
  -- 3 : 8 = 0.3083
  -- 3 : 9 = 0.7719
  -- 3 : 10 = 0.0533
  -- 4 : 1 = 0.1732
  -- 4 : 2 = 0.0637
  -- 4 : 3 = 0.5938
  -- 4 : 4 = 0.5826
  -- 4 : 5 = 0.6709
  -- 4 : 6 = 0.1652
  -- 4 : 7 = 0.6127
  -- 4 : 8 = 0.8327
  -- 4 : 9 = 0.4023
  -- 4 : 10 = 0.9997
  -- 5 : 1 = 0.2359
  -- 5 : 2 = 0.7927
  -- 5 : 3 = 0.6816
  -- 5 : 4 = 0.4007
  -- 5 : 5 = 0.2556
  -- 5 : 6 = 0.2923
  -- 5 : 7 = 0.3784
  -- 5 : 8 = 0.5096
  -- 5 : 9 = 0.3136
  -- 5 : 10 = 0.2945
  -- 6 : 1 = 0.792
  -- 6 : 2 = 0.4382
  -- 6 : 3 = 0.9603
  -- 6 : 4 = 0.7431
  -- 6 : 5 = 0.6675
  -- 6 : 6 = 0.5224
  -- 6 : 7 = 0.0508
  -- 6 : 8 = 0.2312
  -- 6 : 9 = 0.1292
  -- 6 : 10 = 0.1014
  -- 7 : 1 = 0.9626
  -- 7 : 2 = 0.0166
  -- 7 : 3 = 0.068
  -- 7 : 4 = 0.211
  -- 7 : 5 = 0.5643
  -- 7 : 6 = 0.4986
  -- 7 : 7 = 0.0349
  -- 7 : 8 = 0.5729
  -- 7 : 9 = 0.3404
  -- 7 : 10 = 0.2344
  -- 8 : 1 = 0.4715
  -- 8 : 2 = 0.7309
  -- 8 : 3 = 0.6018
  -- 8 : 4 = 0.8262
  -- 8 : 5 = 0.8658
  -- 8 : 6 = 0.1908
  -- 8 : 7 = 0.3289
  -- 8 : 8 = 0.5406
  -- 8 : 9 = 0.0037
  -- 8 : 10 = 0.0925
  -- 9 : 1 = 0.9259
  -- 9 : 2 = 0.2689
  -- 9 : 3 = 0.6894
  -- 9 : 4 = 0.3337
  -- 9 : 5 = 0.5139
  -- 9 : 6 = 0.5215
  -- 9 : 7 = 0.1505
  -- 9 : 8 = 0.1033
  -- 9 : 9 = 0.8706
  -- 9 : 10 = 0.1701
  -- 10 : 1 = 0.9029
  -- 10 : 2 = 0.4831
  -- 10 : 3 = 0.5202
  -- 10 : 4 = 0.7574
  -- 10 : 5 = 0.5488
  -- 10 : 6 = 0.0594
  -- 10 : 7 = 0.4378
  -- 10 : 8 = 0.1325
  -- 10 : 9 = 0.3027
  -- 10 : 10 = 0.0965
  Inner Net 2
  -- 1 : 1 = 0.6849
  -- 1 : 2 = 0.0609
  -- 1 : 3 = 0.655
  -- 1 : 4 = 0.2298
  -- 2 : 1 = 0.7798
  -- 2 : 2 = 0.2474
  -- 2 : 3 = 0.2452
  -- 2 : 4 = 0.5971
  -- 3 : 1 = 0.1807
  -- 3 : 2 = 0.0179
  -- 3 : 3 = 0.3547
  -- 3 : 4 = 0.5369
  -- 4 : 1 = 0.7312
  -- 4 : 2 = 0.5009
  -- 4 : 3 = 0.8125
  -- 4 : 4 = 0.0657
  -- 5 : 1 = 0.6783
  -- 5 : 2 = 0.5987
  -- 5 : 3 = 0.897
  -- 5 : 4 = 0.1372
  -- 6 : 1 = 0.2182
  -- 6 : 2 = 0.4827
  -- 6 : 3 = 0.685
  -- 6 : 4 = 0.5581
  -- 7 : 1 = 0.396
  -- 7 : 2 = 0.7948
  -- 7 : 3 = 0.0469
  -- 7 : 4 = 0.0273
  -- 8 : 1 = 0.6088
  -- 8 : 2 = 0.7811
  -- 8 : 3 = 0.6797
  -- 8 : 4 = 0.4922
  -- 9 : 1 = 0.5814
  -- 9 : 2 = 0.2187
  -- 9 : 3 = 0.2223
  -- 9 : 4 = 0.7836
  -- 10 : 1 = 0.5579
  -- 10 : 2 = 0.5116
  -- 10 : 3 = 0.2734
  -- 10 : 4 = 0.7388
  Inner Net 3
  -- 1 : 1 = -0.0546446
  -- 1 : 2 = -0.0425974
  -- 2 : 1 = -0.714714
  -- 2 : 2 = -0.263265
  -- 3 : 1 = 0.588973
  -- 3 : 2 = -0.250451
  -- 4 : 1 = -0.13924
  -- 4 : 2 = -0.0497077
Out\Act	False		True
False	0	0.84198	0.84198
True	0	0.15802	0.15802
	0	1
	Accuracy [ (tp + tn) / testSize ]: 0.15802
	Precision [ tp / (tp + fp) ]:      0.157945
	Sensitivity [ tp / (tp + fn) ]:    0.996997
	Specificity [ tn / (tn + fp) ]:    0
	F-Score [ 2tp / (2tp + fp + fn) ]: 0.272802
Particle (12):: Fit: 10.3795	PB: 10.3795	LB: 14.8732	GB: 15.3971	Conf: 0.290148	Pts: 55393
Particle (13):: Fit: 11.9628	PB: 11.9628	LB: 14.8732	GB: 15.3971	Conf: 0.638222	Pts: 70294
Particle (16):: Fit: 11.8559	PB: 11.8559	LB: 14.8732	GB: 15.3971	Conf: 0.33858	Pts: 55294
Particle (17):: Fit: 10.4452	PB: 10.4452	LB: 14.8732	GB: 15.3971	Conf: 0.519552	Pts: 55394
Particle (28):: Fit: 10.2704	PB: 10.2704	LB: 14.9458	GB: 15.3971	Conf: 0.130889	Pts: 70194
Particle (38):: Fit: 11.9104	PB: 11.9104	LB: 12.7993	GB: 15.3971	Conf: 0.435627	Pts: 85194
Particle (43):: Fit: 10.3891	PB: 10.3891	LB: 15.3971	GB: 15.3971	Conf: 0.889683	Pts: 50293
Particle (44):: Fit: 11.9152	PB: 11.9152	LB: 15.3971	GB: 15.3971	Conf: 0.446462	Pts: 55394
Particle (23):: Fit: 8.77621	PB: 8.77621	LB: 14.9458	GB: 15.3971	Conf: 0.976624	Pts: 55292
Particle (25):: Fit: 10.4414	PB: 10.4414	LB: 14.9458	GB: 15.3971	Conf: 0.71048	Pts: 55293
Particle (32):: Fit: 13.4893	PB: 13.4893	LB: 13.4893	GB: 15.3971	Conf: 0.731985	Pts: 80493
Particle (1):: Fit: 10.3702	PB: 10.3702	LB: 15.3971	GB: 15.3971	Conf: 0.272247	Pts: 55291
Particle (21):: Fit: 10.4409	PB: 10.4409	LB: 14.8163	GB: 15.3971	Conf: 0.486372	Pts: 55392
Particle (26):: Fit: 8.94013	PB: 8.94013	LB: 14.9458	GB: 15.3971	Conf: 0.452716	Pts: 55392
Particle (30):: Fit: 13.4825	PB: 13.4825	LB: 14.9458	GB: 15.3971	Conf: 0.914551	Pts: 55291
Particle (33):: Fit: 10.4464	PB: 10.4464	LB: 13.4893	GB: 15.3971	Conf: 0.6674	Pts: 60192
Particle (39):: Fit: 8.93851	PB: 8.93851	LB: 12.7993	GB: 15.3971	Conf: 0.428624	Pts: 55392
Particle (48):: Fit: 10.4489	PB: 10.4489	LB: 15.3971	GB: 15.3971	Conf: 0.572452	Pts: 50392
Particle (49):: Fit: 10.4456	PB: 10.4456	LB: 15.3971	GB: 15.3971	Conf: 0.676358	Pts: 70192
Particle (8):: Fit: 11.9654	PB: 11.9654	LB: 11.9654	GB: 15.3971	Conf: 0.687979	Pts: 110191
Particle (12):: Fit: 10.4487	PB: 10.4487	LB: 14.8732	GB: 15.3971	Conf: 0.568827	Pts: 55490
Particle (23):: Fit: 10.4494	PB: 10.4494	LB: 14.9458	GB: 15.3971	Conf: 0.600719	Pts: 55390
Particle (36):: Fit: 13.4927	PB: 13.4927	LB: 13.4927	GB: 15.3971	Conf: 0.779972	Pts: 105391
Particle (16):: Fit: 11.9068	PB: 11.9068	LB: 14.8732	GB: 15.3971	Conf: 0.972349	Pts: 55390
Particle (18):: Fit: 10.449	PB: 10.449	LB: 14.8732	GB: 15.3971	Conf: 0.624234	Pts: 60290
Particle (28):: Fit: 10.3928	PB: 10.3928	LB: 14.9458	GB: 15.3971	Conf: 0.881442	Pts: 70290
Particle (43):: Fit: 14.5179	PB: 14.5179	LB: 15.3971	GB: 15.3971	Conf: 0.230448	Pts: 70389
Particle (45):: Fit: 7.3938	PB: 7.3938	LB: 15.3971	GB: 15.3971	Conf: 0.687767	Pts: 55390
Particle (22):: Fit: 15.0335	PB: 15.0335	LB: 15.0335	GB: 15.3971	Conf: 0.873581	Pts: 110289
Particle (26):: Fit: 14.9902	PB: 14.9902	LB: 15.0335	GB: 15.3971	Conf: 0.683179	Pts: 75489
Particle (4):: Fit: 10.2236	PB: 10.2236	LB: 11.9654	GB: 15.3971	Conf: 0.0817184	Pts: 55288
Particle (5):: Fit: 11.9324	PB: 11.9324	LB: 11.9654	GB: 15.3971	Conf: 0.49147	Pts: 60288
Particle (10):: Fit: 11.9205	PB: 11.9205	LB: 14.8732	GB: 15.3971	Conf: 0.940815	Pts: 60387
Particle (12):: Fit: 11.9131	PB: 11.9131	LB: 14.8732	GB: 15.3971	Conf: 0.958365	Pts: 55587
Particle (25):: Fit: 15.0333	PB: 15.0333	LB: 15.0335	GB: 15.3971	Conf: 0.93106	Pts: 70387
Particle (28):: Fit: 11.909	PB: 11.909	LB: 15.0333	GB: 15.3971	Conf: 0.967496	Pts: 70388
Particle (40):: Fit: 10.3534	PB: 10.3534	LB: 14.5179	GB: 15.3971	Conf: 0.242877	Pts: 70288
Particle (4):: Fit: 10.4451	PB: 10.4451	LB: 11.9654	GB: 15.3971	Conf: 0.51864	Pts: 55387
Particle (11):: Fit: 11.9625	PB: 11.9625	LB: 14.8732	GB: 15.3971	Conf: 0.764698	Pts: 100387
Particle (12):: Fit: 11.9635	PB: 11.9635	LB: 14.8732	GB: 15.3971	Conf: 0.752793	Pts: 55686
Particle (38):: Fit: 11.9633	PB: 11.9633	LB: 14.5179	GB: 15.3971	Conf: 0.755971	Pts: 85287
Particle (45):: Fit: 11.9309	PB: 11.9309	LB: 15.3971	GB: 15.3971	Conf: 0.91291	Pts: 55487
Particle (9):: Fit: 10.3936	PB: 10.3936	LB: 11.9654	GB: 15.3971	Conf: 0.320382	Pts: 60285
Particle (23):: Fit: 11.5031	PB: 11.5031	LB: 15.0335	GB: 15.3971	Conf: 0.0201165	Pts: 55485
Particle (21):: Fit: 11.9436	PB: 11.9436	LB: 15.0335	GB: 15.3971	Conf: 0.871142	Pts: 55485
Particle (29):: Fit: 11.965	PB: 11.965	LB: 15.0333	GB: 15.3971	Conf: 0.726658	Pts: 55285
Particle (33):: Fit: 11.9627	PB: 11.9627	LB: 13.4927	GB: 15.3971	Conf: 0.636741	Pts: 60285
Particle (39):: Fit: 10.4482	PB: 10.4482	LB: 14.5179	GB: 15.3971	Conf: 0.556491	Pts: 55484
Particle (1):: Fit: 11.6569	PB: 11.6569	LB: 15.3971	GB: 15.3971	Conf: 0.130206	Pts: 55383
Particle (13):: Fit: 13.3686	PB: 13.3686	LB: 14.8732	GB: 15.3971	Conf: 0.433872	Pts: 80384
Particle (45):: Fit: 11.964	PB: 11.964	LB: 15.3971	GB: 15.3971	Conf: 0.746653	Pts: 55584
Particle (11):: Fit: 13.2268	PB: 13.2268	LB: 14.8732	GB: 15.3971	Conf: 0.28594	Pts: 110483
Particle (18):: Fit: 13.4862	PB: 13.4862	LB: 15.0335	GB: 15.3971	Conf: 0.892406	Pts: 60383
Particle (40):: Fit: 10.4115	PB: 10.4115	LB: 14.5179	GB: 15.3971	Conf: 0.833743	Pts: 70383
Particle (42):: Fit: 11.9375	PB: 11.9375	LB: 15.3971	GB: 15.3971	Conf: 0.507593	Pts: 70283
Particle (44):: Fit: 11.9352	PB: 11.9352	LB: 15.3971	GB: 15.3971	Conf: 0.899807	Pts: 55483
Particle (2):: Fit: 11.9589	PB: 11.9589	LB: 11.9589	GB: 15.3971	Conf: 0.604485	Pts: 60281
Particle (6):: Fit: 13.4893	PB: 13.4893	LB: 13.4893	GB: 15.3971	Conf: 0.868041	Pts: 105282
Particle (11):: Fit: 14.5213	PB: 14.5213	LB: 14.8732	GB: 15.3971	Conf: 0.232541	Pts: 130582
Particle (7):: Fit: 13.492	PB: 13.492	LB: 14.5213	GB: 15.3971	Conf: 0.834693	Pts: 135381
Particle (13):: Fit: 13.4778	PB: 13.4778	LB: 14.8732	GB: 15.3971	Conf: 0.66312	Pts: 80480
Particle (34):: Fit: 11.7234	PB: 11.7234	LB: 13.4927	GB: 15.3971	Conf: 0.187369	Pts: 55179
Particle (16):: Fit: 11.9595	PB: 11.9595	LB: 14.8732	GB: 15.3971	Conf: 0.791165	Pts: 55478
Particle (1):: Fit: 11.9191	PB: 11.9191	LB: 15.3971	GB: 15.3971	Conf: 0.455899	Pts: 55475
Particle (10):: Fit: 11.9247	PB: 11.9247	LB: 14.8732	GB: 15.3971	Conf: 0.470143	Pts: 60475
Particle (34):: Fit: 11.9653	PB: 11.9653	LB: 13.4927	GB: 15.3971	Conf: 0.720104	Pts: 55275
Particle (39):: Fit: 13.0696	PB: 13.0696	LB: 14.5179	GB: 15.3971	Conf: 0.16742	Pts: 55574
Particle (23):: Fit: 13.4709	PB: 13.4709	LB: 15.0335	GB: 15.3971	Conf: 0.635655	Pts: 55571
Particle (44):: Fit: 13.1593	PB: 13.1593	LB: 15.3971	GB: 15.3971	Conf: 0.231376	Pts: 55572
Particle (3):: Fit: 13.4815	PB: 13.4815	LB: 13.492	GB: 15.3971	Conf: 0.680266	Pts: 110172
Particle (14):: Fit: 11.8772	PB: 11.8772	LB: 14.8732	GB: 15.3971	Conf: 0.371958	Pts: 70372
Particle (21):: Fit: 13.4878	PB: 13.4878	LB: 15.0335	GB: 15.3971	Conf: 0.880704	Pts: 55572
Particle (9):: Fit: 11.9323	PB: 11.9323	LB: 14.5213	GB: 15.3971	Conf: 0.49144	Pts: 60369
Particle (40):: Fit: 10.4432	PB: 10.4432	LB: 14.5179	GB: 15.3971	Conf: 0.697046	Pts: 70468
Particle (42):: Fit: 11.9459	PB: 11.9459	LB: 15.3971	GB: 15.3971	Conf: 0.537552	Pts: 70371
Particle (4):: Fit: 11.915	PB: 11.915	LB: 13.492	GB: 15.3971	Conf: 0.954039	Pts: 55470
Particle (29):: Fit: 13.4801	PB: 13.4801	LB: 15.0333	GB: 15.3971	Conf: 0.926727	Pts: 55370
Particle (31):: Fit: 13.4919	PB: 13.4919	LB: 14.9458	GB: 15.3971	Conf: 0.762942	Pts: 85170
Particle (48):: Fit: 11.8945	PB: 11.8945	LB: 15.3971	GB: 15.3971	Conf: 0.402914	Pts: 50468
Particle (12):: Fit: 11.965	PB: 11.965	LB: 14.8732	GB: 15.3971	Conf: 0.727443	Pts: 55766
Particle (42):: Fit: 11.9553	PB: 11.9553	LB: 15.3971	GB: 15.3971	Conf: 0.581798	Pts: 70465
Particle (9):: Fit: 11.9341	PB: 11.9341	LB: 14.5213	GB: 15.3971	Conf: 0.903249	Pts: 60463
Particle (17):: Fit: 14.0718	PB: 14.0718	LB: 15.0335	GB: 15.3971	Conf: 0.000640986	Pts: 55464
Particle (37):: Fit: 11.9654	PB: 11.9654	LB: 13.4927	GB: 15.3971	Conf: 0.686735	Pts: 65465
Particle (46):: Fit: 15.0283	PB: 15.0283	LB: 15.3971	GB: 15.3971	Conf: 0.817539	Pts: 85265
Particle (33):: Fit: 15.034	PB: 15.034	LB: 15.034	GB: 15.3971	Conf: 0.889883	Pts: 110364
Particle (41):: Fit: 11.9626	PB: 11.9626	LB: 15.0283	GB: 15.3971	Conf: 0.635953	Pts: 100263
Particle (49):: Fit: 11.9333	PB: 11.9333	LB: 15.3971	GB: 15.3971	Conf: 0.905746	Pts: 70263
Particle (48):: Fit: 13.4643	PB: 13.4643	LB: 15.3971	GB: 15.3971	Conf: 0.613839	Pts: 50560
Particle (38):: Fit: 13.4908	PB: 13.4908	LB: 14.5179	GB: 15.3971	Conf: 0.853174	Pts: 85360
Particle (39):: Fit: 13.3875	PB: 13.3875	LB: 14.5179	GB: 15.3971	Conf: 0.460053	Pts: 55659
Particle (41):: Fit: 14.961	PB: 14.961	LB: 15.0283	GB: 15.3971	Conf: 0.625917	Pts: 115360
Particle (49):: Fit: 11.9464	PB: 11.9464	LB: 15.3971	GB: 15.3971	Conf: 0.860375	Pts: 70360
Particle (2):: Fit: 14.2531	PB: 14.2531	LB: 14.2531	GB: 15.3971	Conf: 0.0859033	Pts: 80358
Particle (0):: Fit: 11.9091	PB: 11.9091	LB: 15.3971	GB: 15.3971	Conf: 0.432643	Pts: 160256
Particle (4):: Fit: 11.9356	PB: 11.9356	LB: 14.2531	GB: 15.3971	Conf: 0.898519	Pts: 55558
Particle (28):: Fit: 11.9655	PB: 11.9655	LB: 15.034	GB: 15.3971	Conf: 0.709341	Pts: 70456
Particle (45):: Fit: 11.9645	PB: 11.9645	LB: 15.3971	GB: 15.3971	Conf: 0.738952	Pts: 55656
Particle (4):: Fit: 11.9655	PB: 11.9655	LB: 14.2531	GB: 15.3971	Conf: 0.689794	Pts: 55654
Particle (5):: Fit: 11.9654	PB: 11.9654	LB: 14.2531	GB: 15.3971	Conf: 0.71439	Pts: 60351
Particle (45):: Fit: 13.3341	PB: 13.3341	LB: 15.3971	GB: 15.3971	Conf: 0.391491	Pts: 55752
Particle (10):: Fit: 11.9374	PB: 11.9374	LB: 14.8732	GB: 15.3971	Conf: 0.507248	Pts: 60550
Particle (34):: Fit: 14.3967	PB: 14.3967	LB: 15.034	GB: 15.3971	Conf: 0.160643	Pts: 55351
Particle (14):: Fit: 13.4912	PB: 13.4912	LB: 14.8732	GB: 15.3971	Conf: 0.84791	Pts: 70448
Particle (12):: Fit: 13.1021	PB: 13.1021	LB: 14.8732	GB: 15.3971	Conf: 0.189651	Pts: 55845
Particle (39):: Fit: 13.4696	PB: 13.4696	LB: 14.961	GB: 15.3971	Conf: 0.631173	Pts: 55747
Particle (44):: Fit: 13.4409	PB: 13.4409	LB: 15.3971	GB: 15.3971	Conf: 0.553863	Pts: 55645
Particle (9):: Fit: 11.9593	PB: 11.9593	LB: 14.5213	GB: 15.3971	Conf: 0.60759	Pts: 60544
Particle (28):: Fit: 13.1709	PB: 13.1709	LB: 15.034	GB: 15.3971	Conf: 0.240291	Pts: 70544
Particle (8):: Fit: 13.4929	PB: 13.4929	LB: 14.5213	GB: 15.3971	Conf: 0.807734	Pts: 110244
Particle (29):: Fit: 13.4912	PB: 13.4912	LB: 15.034	GB: 15.3971	Conf: 0.75297	Pts: 55445
Particle (39):: Fit: 14.2909	PB: 14.2909	LB: 14.961	GB: 15.3971	Conf: 0.00721951	Pts: 55843
Particle (49):: Fit: 11.9501	PB: 11.9501	LB: 15.3971	GB: 15.3971	Conf: 0.555379	Pts: 70444
Particle (9):: Fit: 13.4916	PB: 13.4916	LB: 14.5213	GB: 15.3971	Conf: 0.841967	Pts: 60641
Particle (41):: Fit: 15.0266	PB: 15.0266	LB: 15.0283	GB: 15.3971	Conf: 0.806277	Pts: 130442
Particle (40):: Fit: 10.4493	PB: 10.4493	LB: 15.0266	GB: 15.3971	Conf: 0.60689	Pts: 70539
Particle (40):: Fit: 11.9446	PB: 11.9446	LB: 15.0266	GB: 15.3971	Conf: 0.867455	Pts: 70638
Particle (17):: Fit: 14.1053	PB: 14.1053	LB: 15.0335	GB: 15.3971	Conf: 0.0157803	Pts: 55537
Particle (28):: Fit: 13.4302	PB: 13.4302	LB: 15.034	GB: 15.3971	Conf: 0.531585	Pts: 70637
Particle (30):: Fit: 13.4907	PB: 13.4907	LB: 15.034	GB: 15.3971	Conf: 0.746456	Pts: 55338
Particle (19):: Fit: 13.4844	PB: 13.4844	LB: 15.0335	GB: 15.3971	Conf: 0.903815	Pts: 60237
Particle (35):: Fit: 13.4714	PB: 13.4714	LB: 15.034	GB: 15.3971	Conf: 0.637662	Pts: 75338
Particle (12):: Fit: 13.4911	PB: 13.4911	LB: 14.8732	GB: 15.3971	Conf: 0.848739	Pts: 55933
Particle (23):: Fit: 13.4711	PB: 13.4711	LB: 15.0335	GB: 15.3971	Conf: 0.96347	Pts: 55633
Particle (20):: Fit: 13.4929	PB: 13.4929	LB: 15.0335	GB: 15.3971	Conf: 0.790083	Pts: 110133
Particle (7):: Fit: 15.0333	PB: 15.0333	LB: 15.0333	GB: 15.3971	Conf: 0.930391	Pts: 185431
Particle (16):: Fit: 15.0313	PB: 15.0313	LB: 15.0313	GB: 15.3971	Conf: 0.8425	Pts: 80532
Particle (10):: Fit: 11.9387	PB: 11.9387	LB: 15.0333	GB: 15.3971	Conf: 0.511519	Pts: 60629
Particle (42):: Fit: 13.3035	PB: 13.3035	LB: 15.3971	GB: 15.3971	Conf: 0.358144	Pts: 70527
Particle (10):: Fit: 11.9571	PB: 11.9571	LB: 15.0333	GB: 15.3971	Conf: 0.59235	Pts: 60723
Particle (17):: Fit: 14.8723	PB: 14.8723	LB: 15.0335	GB: 15.3971	Conf: 0.507186	Pts: 55620
Particle (45):: Fit: 13.3963	PB: 13.3963	LB: 15.3971	GB: 15.3971	Conf: 0.473199	Pts: 55823
Particle (24):: Fit: 15.0314	PB: 15.0314	LB: 15.0335	GB: 15.3971	Conf: 0.843689	Pts: 120220
Particle (37):: Fit: 15.0339	PB: 15.0339	LB: 15.034	GB: 15.3971	Conf: 0.885194	Pts: 85522
Particle (31):: Fit: 13.4928	PB: 13.4928	LB: 15.034	GB: 15.3971	Conf: 0.785847	Pts: 85216
Particle (48):: Fit: 13.4749	PB: 13.4749	LB: 15.3971	GB: 15.3971	Conf: 0.650691	Pts: 50616
Particle (43):: Fit: 15.0627	PB: 15.0627	LB: 15.3971	GB: 15.3971	Conf: 0.478339	Pts: 90414
Particle (2):: Fit: 14.96	PB: 14.96	LB: 15.0333	GB: 15.3971	Conf: 0.624352	Pts: 80414
Particle (14):: Fit: 14.6933	PB: 14.6933	LB: 15.0313	GB: 15.3971	Conf: 0.347972	Pts: 70512
Particle (31):: Fit: 15.0269	PB: 15.0269	LB: 15.034	GB: 15.3971	Conf: 0.808095	Pts: 85310
Particle (32):: Fit: 13.4929	PB: 13.4929	LB: 15.034	GB: 15.3971	Conf: 0.794108	Pts: 80510
Particle (1):: Fit: 11.9553	PB: 11.9553	LB: 15.3971	GB: 15.3971	Conf: 0.818046	Pts: 55509
Particle (48):: Fit: 13.4811	PB: 13.4811	LB: 15.3971	GB: 15.3971	Conf: 0.921781	Pts: 50709
Particle (45):: Fit: 13.4294	PB: 13.4294	LB: 15.3971	GB: 15.3971	Conf: 0.530025	Pts: 55908
Particle (14):: Fit: 15.4511	PB: 15.4511	LB: 15.4511	GB: 15.4511	Conf: 0.838105	Pts: 130605
Global: 15.4511 - Correct: 91.6667% of 12 tests
Global Best: 
  Inner Net 1
  -- 1 : 1 = 0.1271
  -- 1 : 2 = 0.1487
  -- 1 : 3 = 0.0035
  -- 1 : 4 = 0.045
  -- 1 : 5 = 0.4945
  -- 1 : 6 = 0.181
  -- 1 : 7 = 0.8757
  -- 1 : 8 = 0.3129
  -- 1 : 9 = 0.8305
  -- 1 : 10 = 0.8016
  -- 2 : 1 = 0.2159
  -- 2 : 2 = 0.8686
  -- 2 : 3 = 0.1642
  -- 2 : 4 = 0.0561
  -- 2 : 5 = 0.2968
  -- 2 : 6 = 0.3036
  -- 2 : 7 = 0.3447
  -- 2 : 8 = 0.6099
  -- 2 : 9 = 0.6313
  -- 2 : 10 = 0.3158
  -- 3 : 1 = 0.7601
  -- 3 : 2 = 0.1082
  -- 3 : 3 = 0.3683
  -- 3 : 4 = 0.5481
  -- 3 : 5 = 0.9763
  -- 3 : 6 = 0.7319
  -- 3 : 7 = 0.4772
  -- 3 : 8 = 0.1503
  -- 3 : 9 = 0.3755
  -- 3 : 10 = 0.9676
  -- 4 : 1 = 0.0214
  -- 4 : 2 = 0.7237
  -- 4 : 3 = 0.666
  -- 4 : 4 = 0.1503
  -- 4 : 5 = 0.2568
  -- 4 : 6 = 0.0799
  -- 4 : 7 = 0.6803
  -- 4 : 8 = 0.4765
  -- 4 : 9 = 0.8545
  -- 4 : 10 = 0.4459
  -- 5 : 1 = 0.3966
  -- 5 : 2 = 0.4753
  -- 5 : 3 = 0.045
  -- 5 : 4 = 0.8691
  -- 5 : 5 = 0.9683
  -- 5 : 6 = 0.8661
  -- 5 : 7 = 0.6459
  -- 5 : 8 = 0.4999
  -- 5 : 9 = 0.4968
  -- 5 : 10 = 0.5592
  -- 6 : 1 = 0.1089
  -- 6 : 2 = 0.3066
  -- 6 : 3 = 0.7631
  -- 6 : 4 = 0.1296
  -- 6 : 5 = 0.4223
  -- 6 : 6 = 0.9292
  -- 6 : 7 = 0.6541
  -- 6 : 8 = 0.8418
  -- 6 : 9 = 0.4698
  -- 6 : 10 = 0.1368
  -- 7 : 1 = 0.5146
  -- 7 : 2 = 0.4032
  -- 7 : 3 = 0.1738
  -- 7 : 4 = 0.5326
  -- 7 : 5 = 0.3595
  -- 7 : 6 = 0.8914
  -- 7 : 7 = 0.0661
  -- 7 : 8 = 0.0164
  -- 7 : 9 = 0.0239
  -- 7 : 10 = 0.0504
  -- 8 : 1 = 0.1886
  -- 8 : 2 = 0.6649
  -- 8 : 3 = 0.0791
  -- 8 : 4 = 0.0159
  -- 8 : 5 = 0.2414
  -- 8 : 6 = 0.2026
  -- 8 : 7 = 0.2986
  -- 8 : 8 = 0.309
  -- 8 : 9 = 0.757
  -- 8 : 10 = 0.2136
  -- 9 : 1 = 0.6871
  -- 9 : 2 = 0.3459
  -- 9 : 3 = 0.343
  -- 9 : 4 = 0.2218
  -- 9 : 5 = 0.0108
  -- 9 : 6 = 0.1322
  -- 9 : 7 = 0.1551
  -- 9 : 8 = 0.5583
  -- 9 : 9 = 0.5638
  -- 9 : 10 = 0.4349
  -- 10 : 1 = 0.0287
  -- 10 : 2 = 0.2694
  -- 10 : 3 = 0.065
  -- 10 : 4 = 0.1633
  -- 10 : 5 = 0.4453
  -- 10 : 6 = 0.197
  -- 10 : 7 = 0.5716
  -- 10 : 8 = 0.376
  -- 10 : 9 = 0.7923
  -- 10 : 10 = 0.8056
  Inner Net 2
  -- 1 : 1 = 0.5982
  -- 1 : 2 = 0.5035
  -- 1 : 3 = 0.4484
  -- 1 : 4 = 0.5243
  -- 2 : 1 = 0.1412
  -- 2 : 2 = 0.0066
  -- 2 : 3 = 0.2589
  -- 2 : 4 = 0.497
  -- 3 : 1 = 0.0901
  -- 3 : 2 = 0.0593
  -- 3 : 3 = 0.8099
  -- 3 : 4 = 0.1703
  -- 4 : 1 = 0.4508
  -- 4 : 2 = 0.8445
  -- 4 : 3 = 0.2526
  -- 4 : 4 = 0.462
  -- 5 : 1 = 0.0127
  -- 5 : 2 = 0.2992
  -- 5 : 3 = 0.8989
  -- 5 : 4 = 0.5354
  -- 6 : 1 = 0.2248
  -- 6 : 2 = 0.3265
  -- 6 : 3 = 0.6346
  -- 6 : 4 = 0.8178
  -- 7 : 1 = 0.4835
  -- 7 : 2 = 0.8664
  -- 7 : 3 = 0.1391
  -- 7 : 4 = 0.1799
  -- 8 : 1 = 0.6247
  -- 8 : 2 = 0.7952
  -- 8 : 3 = 0.0201
  -- 8 : 4 = 0.8515
  -- 9 : 1 = 0.6264
  -- 9 : 2 = 0.9854
  -- 9 : 3 = 0.4507
  -- 9 : 4 = 0.6697
  -- 10 : 1 = 0.358
  -- 10 : 2 = 0.3873
  -- 10 : 3 = 0.159
  -- 10 : 4 = 0.2171
  Inner Net 3
  -- 1 : 1 = -0.0196662
  -- 1 : 2 = -0.245292
  -- 2 : 1 = -0.872494
  -- 2 : 2 = 0.0970672
  -- 3 : 1 = 0.828413
  -- 3 : 2 = -0.0160592
  -- 4 : 1 = -0.0259209
  -- 4 : 2 = -0.389581
Out\Act	False		True
False	0	0.84198	0.84198
True	0	0.15802	0.15802
	0	1
	Accuracy [ (tp + tn) / testSize ]: 0.15802
	Precision [ tp / (tp + fp) ]:      0.157945
	Sensitivity [ tp / (tp + fn) ]:    0.996997
	Specificity [ tn / (tn + fp) ]:    0
	F-Score [ 2tp / (2tp + fp + fn) ]: 0.272802
Particle (28):: Fit: 13.493	PB: 13.493	LB: 15.034	GB: 15.4511	Conf: 0.79632	Pts: 70702
Particle (19):: Fit: 14.8548	PB: 14.8548	LB: 15.0335	GB: 15.4511	Conf: 0.488467	Pts: 60300
Particle (3):: Fit: 13.4929	PB: 13.4929	LB: 15.0333	GB: 15.4511	Conf: 0.809362	Pts: 110199
Particle (23):: Fit: 15.0322	PB: 15.0322	LB: 15.0335	GB: 15.4511	Conf: 0.852266	Pts: 55692
Particle (49):: Fit: 13.4369	PB: 13.4369	LB: 15.3971	GB: 15.4511	Conf: 0.545126	Pts: 70496
Particle (0):: Fit: 12.9959	PB: 12.9959	LB: 15.3971	GB: 15.4511	Conf: 0.119939	Pts: 160292
Particle (10):: Fit: 13.4631	PB: 13.4631	LB: 15.4511	GB: 15.4511	Conf: 0.989579	Pts: 60792
Particle (0):: Fit: 14.3203	PB: 14.3203	LB: 15.3971	GB: 15.4511	Conf: 0.119939	Pts: 160387
Particle (42):: Fit: 13.4844	PB: 13.4844	LB: 15.3971	GB: 15.4511	Conf: 0.696502	Pts: 70586
Particle (35):: Fit: 13.4803	PB: 13.4803	LB: 15.034	GB: 15.4511	Conf: 0.674311	Pts: 75387
Particle (13):: Fit: 14.7362	PB: 14.7362	LB: 15.4511	GB: 15.4511	Conf: 0.381187	Pts: 80483
Particle (27):: Fit: 15.034	PB: 15.034	LB: 15.034	GB: 15.4511	Conf: 0.908012	Pts: 165282
Particle (21):: Fit: 14.9479	PB: 14.9479	LB: 15.0335	GB: 15.4511	Conf: 0.604628	Pts: 55578
Particle (35):: Fit: 14.9863	PB: 14.9863	LB: 15.034	GB: 15.4511	Conf: 0.674311	Pts: 75474
Particle (0):: Fit: 14.5276	PB: 14.5276	LB: 15.3971	GB: 15.4511	Conf: 0.119939	Pts: 160464
Particle (1):: Fit: 13.431	PB: 13.431	LB: 15.3971	GB: 15.4511	Conf: 0.533238	Pts: 55562
Particle (44):: Fit: 14.8528	PB: 14.8528	LB: 15.3971	GB: 15.4511	Conf: 0.48636	Pts: 55659
Particle (42):: Fit: 14.9959	PB: 14.9959	LB: 15.3971	GB: 15.4511	Conf: 0.696502	Pts: 70658
Particle (1):: Fit: 14.8951	PB: 14.8951	LB: 15.3971	GB: 15.4511	Conf: 0.533238	Pts: 55657
Particle (49):: Fit: 14.9048	PB: 14.9048	LB: 15.3971	GB: 15.4511	Conf: 0.545126	Pts: 70557
Particle (8):: Fit: 14.959	PB: 14.959	LB: 15.0333	GB: 15.4511	Conf: 0.622591	Pts: 110242
Particle (6):: Fit: 14.9018	PB: 14.9018	LB: 15.0333	GB: 15.4511	Conf: 0.541448	Pts: 105243
Particle (0):: Fit: 14.7027	PB: 14.7027	LB: 15.3971	GB: 15.4511	Conf: 0.119939	Pts: 160525
Particle (19):: Fit: 14.962	PB: 14.962	LB: 15.0335	GB: 15.4511	Conf: 0.627711	Pts: 60326
Particle (26):: Fit: 15.034	PB: 15.034	LB: 15.034	GB: 15.4511	Conf: 0.887059	Pts: 80411
Particle (10):: Fit: 15.0273	PB: 15.0273	LB: 15.4511	GB: 15.4511	Conf: 0.993122	Pts: 60795
Particle (18):: Fit: 45.7985	PB: 45.7985	LB: 45.7985	GB: 45.7985	Conf: 0.216613	Pts: 120289
Global: 45.7985 - Correct: 50% of 10 tests
Global Best: 
  Inner Net 1
  -- 1 : 1 = 0.5902
  -- 1 : 2 = 0.0478828
  -- 1 : 3 = -0.0290543
  -- 1 : 4 = 0.213037
  -- 1 : 5 = 0.364301
  -- 1 : 6 = 0.629922
  -- 1 : 7 = 0.109249
  -- 1 : 8 = 0.0519313
  -- 1 : 9 = 0.234469
  -- 1 : 10 = 0.429633
  -- 2 : 1 = 0.561335
  -- 2 : 2 = -0.0106548
  -- 2 : 3 = -0.042028
  -- 2 : 4 = 0.224285
  -- 2 : 5 = 0.265782
  -- 2 : 6 = 0.00528223
  -- 2 : 7 = 0.265925
  -- 2 : 8 = 0.4919
  -- 2 : 9 = 0.281053
  -- 2 : 10 = -0.16287
  -- 3 : 1 = 0.742107
  -- 3 : 2 = 0.216962
  -- 3 : 3 = -0.0387992
  -- 3 : 4 = 0.234928
  -- 3 : 5 = 0.697615
  -- 3 : 6 = 0.0350786
  -- 3 : 7 = 0.249955
  -- 3 : 8 = 0.0429027
  -- 3 : 9 = 0.623826
  -- 3 : 10 = -0.0314508
  -- 4 : 1 = -0.138638
  -- 4 : 2 = 0.0921701
  -- 4 : 3 = 0.189295
  -- 4 : 4 = 0.035867
  -- 4 : 5 = 0.223811
  -- 4 : 6 = 0.485992
  -- 4 : 7 = 0.141889
  -- 4 : 8 = 0.6461
  -- 4 : 9 = 0.279276
  -- 4 : 10 = 0.0588048
  -- 5 : 1 = 0.244947
  -- 5 : 2 = -0.0406
  -- 5 : 3 = 0.0218237
  -- 5 : 4 = 0.198926
  -- 5 : 5 = 0.754376
  -- 5 : 6 = 0.326601
  -- 5 : 7 = 0.233278
  -- 5 : 8 = 0.178098
  -- 5 : 9 = 0.165734
  -- 5 : 10 = -0.268793
  -- 6 : 1 = -0.246641
  -- 6 : 2 = 0.0207419
  -- 6 : 3 = 0.321755
  -- 6 : 4 = 0.8583
  -- 6 : 5 = 0.4022
  -- 6 : 6 = 0.5393
  -- 6 : 7 = 0.303296
  -- 6 : 8 = -0.194268
  -- 6 : 9 = -0.0492237
  -- 6 : 10 = -0.252233
  -- 7 : 1 = 0.380757
  -- 7 : 2 = 0.398591
  -- 7 : 3 = -0.0683984
  -- 7 : 4 = 0.812356
  -- 7 : 5 = 0.60217
  -- 7 : 6 = 0.629
  -- 7 : 7 = 0.0256501
  -- 7 : 8 = 0.244124
  -- 7 : 9 = 0.26741
  -- 7 : 10 = 0.216382
  -- 8 : 1 = 0.109193
  -- 8 : 2 = 0.429496
  -- 8 : 3 = -0.0446124
  -- 8 : 4 = 0.204377
  -- 8 : 5 = 0.00431816
  -- 8 : 6 = 0.234608
  -- 8 : 7 = 0.501906
  -- 8 : 8 = 0.0137957
  -- 8 : 9 = 0.180016
  -- 8 : 10 = 0.310344
  -- 9 : 1 = 0.1995
  -- 9 : 2 = 0.5731
  -- 9 : 3 = 0.250153
  -- 9 : 4 = 0.144594
  -- 9 : 5 = 0.2802
  -- 9 : 6 = 0.390261
  -- 9 : 7 = 0.206604
  -- 9 : 8 = 0.308936
  -- 9 : 9 = -0.157667
  -- 9 : 10 = -0.0126926
  -- 10 : 1 = 0.311218
  -- 10 : 2 = 0.6787
  -- 10 : 3 = 0.17651
  -- 10 : 4 = 0.342751
  -- 10 : 5 = 0.00977484
  -- 10 : 6 = 0.424687
  -- 10 : 7 = 0.513207
  -- 10 : 8 = 0.261545
  -- 10 : 9 = 0.149006
  -- 10 : 10 = 0.141875
  Inner Net 2
  -- 1 : 1 = 0.610713
  -- 1 : 2 = -0.121099
  -- 1 : 3 = 0.335295
  -- 1 : 4 = 0.245657
  -- 2 : 1 = -0.152152
  -- 2 : 2 = 0.493437
  -- 2 : 3 = 0.510898
  -- 2 : 4 = 0.415105
  -- 3 : 1 = 0.0268551
  -- 3 : 2 = 0.0967947
  -- 3 : 3 = 0.410426
  -- 3 : 4 = -0.082176
  -- 4 : 1 = 0.807225
  -- 4 : 2 = 0.19684
  -- 4 : 3 = -0.0342851
  -- 4 : 4 = -0.135014
  -- 5 : 1 = 0.703095
  -- 5 : 2 = 0.624829
  -- 5 : 3 = -0.168261
  -- 5 : 4 = 0.203392
  -- 6 : 1 = 0.545011
  -- 6 : 2 = 0.0252138
  -- 6 : 3 = 0.739367
  -- 6 : 4 = -0.173785
  -- 7 : 1 = 0.337299
  -- 7 : 2 = 0.642422
  -- 7 : 3 = 0.161923
  -- 7 : 4 = -0.0866641
  -- 8 : 1 = 0.763256
  -- 8 : 2 = -0.1976
  -- 8 : 3 = 0.000606354
  -- 8 : 4 = 0.00504779
  -- 9 : 1 = 0.679123
  -- 9 : 2 = 0.48989
  -- 9 : 3 = -0.11247
  -- 9 : 4 = 0.703842
  -- 10 : 1 = 0.17255
  -- 10 : 2 = 0.829471
  -- 10 : 3 = 0.524666
  -- 10 : 4 = 0.0828617
  Inner Net 3
  -- 1 : 1 = 0.107918
  -- 1 : 2 = 0.0309208
  -- 2 : 1 = -0.833661
  -- 2 : 2 = 0.00956825
  -- 3 : 1 = 0.57509
  -- 3 : 2 = 0.00268253
  -- 4 : 1 = 0.0724705
  -- 4 : 2 = -0.107481
Out\Act	False		True
False	0.79248	0.0495002	0.84198
True	0.12613	0.0318896	0.15802
	0.91861	0.0813898
	Accuracy [ (tp + tn) / testSize ]: 0.824369
	Precision [ tp / (tp + fp) ]:      0.389535
	Sensitivity [ tp / (tp + fn) ]:    0.201201
	Specificity [ tn / (tn + fp) ]:    0.940678
	F-Score [ 2tp / (2tp + fp + fn) ]: 0.265873
Particle (25):: Fit: 39.3046	PB: 39.3046	LB: 39.3046	GB: 45.7985	Conf: 0.170994	Pts: 105289
Particle (21):: Fit: 15.1698	PB: 15.1698	LB: 45.7985	GB: 45.7985	Conf: 0.604628	Pts: 55590
Particle (25):: Fit: 41.9126	PB: 41.9126	LB: 41.9126	GB: 45.7985	Conf: 0.181883	Pts: 140385
Particle (40):: Fit: 42.1364	PB: 42.1364	LB: 42.1364	GB: 45.7985	Conf: 0.0464871	Pts: 120584
Particle (8):: Fit: 33.3393	PB: 33.3393	LB: 33.3393	GB: 45.7985	Conf: 0.557231	Pts: 160284
Particle (18):: Fit: 49.7092	PB: 49.7092	LB: 49.7092	GB: 49.7092	Conf: 0.272725	Pts: 180373
Global: 49.7092 - Correct: 50% of 10 tests
Global Best: 
  Inner Net 1
  -- 1 : 1 = 0.622614
  -- 1 : 2 = -0.120048
  -- 1 : 3 = -0.183414
  -- 1 : 4 = 0.223399
  -- 1 : 5 = 0.284715
  -- 1 : 6 = 0.313762
  -- 1 : 7 = -0.146772
  -- 1 : 8 = 0.0449639
  -- 1 : 9 = 0.0333989
  -- 1 : 10 = 0.466019
  -- 2 : 1 = 0.546725
  -- 2 : 2 = -0.014482
  -- 2 : 3 = -0.150536
  -- 2 : 4 = 0.325881
  -- 2 : 5 = 0.369316
  -- 2 : 6 = -0.0257057
  -- 2 : 7 = 0.266085
  -- 2 : 8 = 0.178152
  -- 2 : 9 = -0.0331347
  -- 2 : 10 = -0.25403
  -- 3 : 1 = 0.550223
  -- 3 : 2 = 0.0336705
  -- 3 : 3 = -0.148933
  -- 3 : 4 = -0.197755
  -- 3 : 5 = 0.560537
  -- 3 : 6 = -0.0580525
  -- 3 : 7 = -0.313184
  -- 3 : 8 = -0.0805959
  -- 3 : 9 = 0.302528
  -- 3 : 10 = -0.157226
  -- 4 : 1 = -0.3133
  -- 4 : 2 = 0.126255
  -- 4 : 3 = 0.0521122
  -- 4 : 4 = 0.00726075
  -- 4 : 5 = -0.171724
  -- 4 : 6 = 0.550601
  -- 4 : 7 = 0.251434
  -- 4 : 8 = -0.00617808
  -- 4 : 9 = 0.363795
  -- 4 : 10 = 0.0551144
  -- 5 : 1 = 0.124016
  -- 5 : 2 = -0.0460466
  -- 5 : 3 = 0.0453977
  -- 5 : 4 = 0.450606
  -- 5 : 5 = 0.415114
  -- 5 : 6 = 0.12686
  -- 5 : 7 = 0.266858
  -- 5 : 8 = -0.242101
  -- 5 : 9 = -0.205761
  -- 5 : 10 = -0.327024
  -- 6 : 1 = -0.137769
  -- 6 : 2 = -0.0271517
  -- 6 : 3 = 0.0440238
  -- 6 : 4 = 0.442542
  -- 6 : 5 = 0.23689
  -- 6 : 6 = -0.163986
  -- 6 : 7 = 0.0883768
  -- 6 : 8 = -0.501021
  -- 6 : 9 = -0.170828
  -- 6 : 10 = 0.0703996
  -- 7 : 1 = 0.314589
  -- 7 : 2 = -0.048484
  -- 7 : 3 = -0.457179
  -- 7 : 4 = 0.710329
  -- 7 : 5 = 0.485729
  -- 7 : 6 = 0.126314
  -- 7 : 7 = -0.00339798
  -- 7 : 8 = -0.152911
  -- 7 : 9 = -0.205829
  -- 7 : 10 = -0.10663
  -- 8 : 1 = 0.141549
  -- 8 : 2 = -0.0263258
  -- 8 : 3 = -0.0626869
  -- 8 : 4 = 0.177115
  -- 8 : 5 = -0.023141
  -- 8 : 6 = 0.105546
  -- 8 : 7 = 0.446684
  -- 8 : 8 = -0.0315959
  -- 8 : 9 = 0.441885
  -- 8 : 10 = 0.317162
  -- 9 : 1 = 0.0444152
  -- 9 : 2 = 0.675389
  -- 9 : 3 = 0.367007
  -- 9 : 4 = 0.412426
  -- 9 : 5 = 0.254918
  -- 9 : 6 = 0.235352
  -- 9 : 7 = -0.125718
  -- 9 : 8 = -0.129773
  -- 9 : 9 = -0.148567
  -- 9 : 10 = 0.00235176
  -- 10 : 1 = 0.195948
  -- 10 : 2 = 0.196266
  -- 10 : 3 = 0.110065
  -- 10 : 4 = 0.0370085
  -- 10 : 5 = 0.0303677
  -- 10 : 6 = 0.15224
  -- 10 : 7 = 0.539239
  -- 10 : 8 = 0.34336
  -- 10 : 9 = 0.144085
  -- 10 : 10 = 0.455567
  Inner Net 2
  -- 1 : 1 = 0.610713
  -- 1 : 2 = -0.121099
  -- 1 : 3 = 0.335295
  -- 1 : 4 = 0.245657
  -- 2 : 1 = -0.152152
  -- 2 : 2 = 0.493437
  -- 2 : 3 = 0.510898
  -- 2 : 4 = 0.415105
  -- 3 : 1 = 0.0268551
  -- 3 : 2 = 0.0967947
  -- 3 : 3 = 0.410426
  -- 3 : 4 = -0.082176
  -- 4 : 1 = 0.807225
  -- 4 : 2 = 0.19684
  -- 4 : 3 = -0.0342851
  -- 4 : 4 = -0.135014
  -- 5 : 1 = 0.703095
  -- 5 : 2 = 0.624829
  -- 5 : 3 = -0.168261
  -- 5 : 4 = 0.203392
  -- 6 : 1 = 0.545011
  -- 6 : 2 = 0.0252138
  -- 6 : 3 = 0.739367
  -- 6 : 4 = -0.173785
  -- 7 : 1 = 0.337299
  -- 7 : 2 = 0.642422
  -- 7 : 3 = 0.161923
  -- 7 : 4 = -0.0866641
  -- 8 : 1 = 0.763256
  -- 8 : 2 = -0.1976
  -- 8 : 3 = 0.000606354
  -- 8 : 4 = 0.00504779
  -- 9 : 1 = 0.679123
  -- 9 : 2 = 0.48989
  -- 9 : 3 = -0.11247
  -- 9 : 4 = 0.703842
  -- 10 : 1 = 0.17255
  -- 10 : 2 = 0.829471
  -- 10 : 3 = 0.524666
  -- 10 : 4 = 0.0828617
  Inner Net 3
  -- 1 : 1 = 0.107918
  -- 1 : 2 = 0.0309208
  -- 2 : 1 = -0.833661
  -- 2 : 2 = 0.00956825
  -- 3 : 1 = 0.57509
  -- 3 : 2 = 0.00268253
  -- 4 : 1 = 0.0724705
  -- 4 : 2 = -0.107481
Out\Act	False		True
False	0.737744	0.104236	0.84198
True	0.140409	0.0176107	0.15802
	0.878153	0.121847
	Accuracy [ (tp + tn) / testSize ]: 0.755355
	Precision [ tp / (tp + fp) ]:      0.143969
	Sensitivity [ tp / (tp + fn) ]:    0.111111
	Specificity [ tn / (tn + fp) ]:    0.875706
	F-Score [ 2tp / (2tp + fp + fn) ]: 0.125637
Particle (1):: Fit: 14.8957	PB: 14.8957	LB: 15.3971	GB: 49.7092	Conf: 0.533866	Pts: 55677
Particle (40):: Fit: 44.9523	PB: 44.9523	LB: 44.9523	GB: 49.7092	Conf: 0.0364794	Pts: 170673
Particle (25):: Fit: 45.5375	PB: 45.5375	LB: 45.5375	GB: 49.7092	Conf: 0.174469	Pts: 175466
Particle (3):: Fit: 15.0218	PB: 15.0218	LB: 33.3393	GB: 49.7092	Conf: 0.817368	Pts: 110154
Particle (46):: Fit: 31.6413	PB: 31.6413	LB: 31.6413	GB: 49.7092	Conf: 0.198082	Pts: 115151
Particle (46):: Fit: 39.216	PB: 39.216	LB: 39.216	GB: 49.7092	Conf: 0.202401	Pts: 145246
Particle (46):: Fit: 48.8207	PB: 48.8207	LB: 48.8207	GB: 49.7092	Conf: 0.241986	Pts: 195338
Particle (32):: Fit: 47.9007	PB: 47.9007	LB: 47.9007	GB: 49.7092	Conf: 0.0527549	Pts: 130423
Particle (25):: Fit: 57.3864	PB: 57.3864	LB: 57.3864	GB: 57.3864	Conf: 0.136146	Pts: 235517
Global: 57.3864 - Correct: 90% of 10 tests
Global Best: 
  Inner Net 1
  -- 1 : 1 = 0.489544
  -- 1 : 2 = 0.0216563
  -- 1 : 3 = 0.0625016
  -- 1 : 4 = -0.185281
  -- 1 : 5 = -0.220061
  -- 1 : 6 = -0.044497
  -- 1 : 7 = -0.263443
  -- 1 : 8 = -0.118058
  -- 1 : 9 = 0.0151331
  -- 1 : 10 = 0.313402
  -- 2 : 1 = -0.471189
  -- 2 : 2 = -0.136308
  -- 2 : 3 = -0.0644065
  -- 2 : 4 = 0.182466
  -- 2 : 5 = 0.41123
  -- 2 : 6 = -0.368052
  -- 2 : 7 = 0.202704
  -- 2 : 8 = -0.160808
  -- 2 : 9 = 0.00164551
  -- 2 : 10 = 0.218949
  -- 3 : 1 = 0.146209
  -- 3 : 2 = 0.045772
  -- 3 : 3 = -0.00949282
  -- 3 : 4 = -0.0309625
  -- 3 : 5 = 0.54146
  -- 3 : 6 = 0.168776
  -- 3 : 7 = 0.0914194
  -- 3 : 8 = -0.229028
  -- 3 : 9 = 0.144521
  -- 3 : 10 = -0.16437
  -- 4 : 1 = -0.199134
  -- 4 : 2 = 0.44455
  -- 4 : 3 = 0.0432578
  -- 4 : 4 = 0.0876236
  -- 4 : 5 = -0.196731
  -- 4 : 6 = 0.0597906
  -- 4 : 7 = -0.110787
  -- 4 : 8 = -0.0390098
  -- 4 : 9 = 0.324965
  -- 4 : 10 = 0.00909242
  -- 5 : 1 = 0.514316
  -- 5 : 2 = 0.0801002
  -- 5 : 3 = 0.0596145
  -- 5 : 4 = 0.226336
  -- 5 : 5 = 0.285524
  -- 5 : 6 = 0.0262697
  -- 5 : 7 = 0.00210353
  -- 5 : 8 = 0.0376458
  -- 5 : 9 = 0.011732
  -- 5 : 10 = -0.215542
  -- 6 : 1 = -0.399609
  -- 6 : 2 = 0.0941411
  -- 6 : 3 = 0.399159
  -- 6 : 4 = 0.181906
  -- 6 : 5 = 0.27441
  -- 6 : 6 = 0.0109841
  -- 6 : 7 = 0.160866
  -- 6 : 8 = -0.605944
  -- 6 : 9 = 0.0569593
  -- 6 : 10 = -0.361753
  -- 7 : 1 = 0.49152
  -- 7 : 2 = -0.177514
  -- 7 : 3 = -0.0933472
  -- 7 : 4 = 0.0511853
  -- 7 : 5 = 0.576405
  -- 7 : 6 = -0.122749
  -- 7 : 7 = 0.194382
  -- 7 : 8 = 0.034434
  -- 7 : 9 = -0.0516676
  -- 7 : 10 = -0.147368
  -- 8 : 1 = 0.207224
  -- 8 : 2 = -0.181124
  -- 8 : 3 = -0.3355
  -- 8 : 4 = 0.240974
  -- 8 : 5 = -0.0211418
  -- 8 : 6 = -0.0385472
  -- 8 : 7 = 0.10111
  -- 8 : 8 = -0.0114315
  -- 8 : 9 = 0.0490529
  -- 8 : 10 = 0.263831
  -- 9 : 1 = 0.659159
  -- 9 : 2 = 0.314912
  -- 9 : 3 = -0.166975
  -- 9 : 4 = 0.0391335
  -- 9 : 5 = 0.069584
  -- 9 : 6 = 0.263134
  -- 9 : 7 = 0.154803
  -- 9 : 8 = -0.0120722
  -- 9 : 9 = 0.101677
  -- 9 : 10 = 0.0121008
  -- 10 : 1 = 0.377904
  -- 10 : 2 = -0.0955864
  -- 10 : 3 = 0.265008
  -- 10 : 4 = -0.1469
  -- 10 : 5 = 0.286057
  -- 10 : 6 = 0.052381
  -- 10 : 7 = -0.103282
  -- 10 : 8 = 0.338606
  -- 10 : 9 = 0.0221562
  -- 10 : 10 = 0.0700484
  Inner Net 2
  -- 1 : 1 = 0.478485
  -- 1 : 2 = 1
  -- 1 : 3 = 0.5
  -- 1 : 4 = 0.540929
  -- 2 : 1 = 0.0323595
  -- 2 : 2 = -0.285448
  -- 2 : 3 = 0.182937
  -- 2 : 4 = 0.0447697
  -- 3 : 1 = 0.832066
  -- 3 : 2 = -0.0606074
  -- 3 : 3 = 0.30592
  -- 3 : 4 = 0.471456
  -- 4 : 1 = 1
  -- 4 : 2 = 0.0822718
  -- 4 : 3 = -0.240116
  -- 4 : 4 = 0.194186
  -- 5 : 1 = -0.143827
  -- 5 : 2 = -0.0108215
  -- 5 : 3 = 0.5
  -- 5 : 4 = -0.0843041
  -- 6 : 1 = 0.10062
  -- 6 : 2 = -0.0972179
  -- 6 : 3 = 0.511194
  -- 6 : 4 = 0.609783
  -- 7 : 1 = 0.0226167
  -- 7 : 2 = 0.572462
  -- 7 : 3 = 0.5
  -- 7 : 4 = -0.238606
  -- 8 : 1 = 0.318362
  -- 8 : 2 = 0.252388
  -- 8 : 3 = 0.165271
  -- 8 : 4 = 0.375473
  -- 9 : 1 = 0.409984
  -- 9 : 2 = 0.386034
  -- 9 : 3 = 0.0667367
  -- 9 : 4 = 0.136988
  -- 10 : 1 = 0.117642
  -- 10 : 2 = 0.695127
  -- 10 : 3 = 0.334896
  -- 10 : 4 = -0.5
  Inner Net 3
  -- 1 : 1 = -0.0981507
  -- 1 : 2 = 0.0292048
  -- 2 : 1 = -0.315735
  -- 2 : 2 = 0.172092
  -- 3 : 1 = 0.180976
  -- 3 : 2 = -0.053574
  -- 4 : 1 = 0.267577
  -- 4 : 2 = -0.190507
Out\Act	False		True
False	0.333175	0.508805	0.84198
True	0.0542599	0.10376	0.15802
	0.387435	0.612565
	Accuracy [ (tp + tn) / testSize ]: 0.436935
	Precision [ tp / (tp + fp) ]:      0.169255
	Sensitivity [ tp / (tp + fn) ]:    0.654655
	Specificity [ tn / (tn + fp) ]:    0.39548
	F-Score [ 2tp / (2tp + fp + fn) ]: 0.269136
Particle (40):: Fit: 53.1895	PB: 53.1895	LB: 53.1895	GB: 57.3864	Conf: 0.0418005	Pts: 220698
Particle (39):: Fit: 14.847	PB: 14.847	LB: 53.1895	GB: 57.3864	Conf: 0.47936	Pts: 55698
Particle (1):: Fit: 14.8967	PB: 14.8967	LB: 15.3971	GB: 57.3864	Conf: 0.534768	Pts: 55687
Particle (0):: Fit: 45.2229	PB: 45.2229	LB: 48.8207	GB: 57.3864	Conf: 0.0983192	Pts: 180476
Particle (31):: Fit: 38.0945	PB: 38.0945	LB: 47.9007	GB: 57.3864	Conf: 0.327296	Pts: 85174
Particle (28):: Fit: 27.7886	PB: 27.7886	LB: 57.3864	GB: 57.3864	Conf: 0.1407	Pts: 70536
Particle (27):: Fit: 15.0342	PB: 15.0342	LB: 57.3864	GB: 57.3864	Conf: 0.912254	Pts: 165130
Particle (31):: Fit: 46.2091	PB: 46.2091	LB: 47.9007	GB: 57.3864	Conf: 0.391621	Pts: 85226
Particle (8):: Fit: 46.2262	PB: 46.2262	LB: 46.2262	GB: 57.3864	Conf: 0.516319	Pts: 210220
Particle (44):: Fit: 14.8551	PB: 14.8551	LB: 53.1895	GB: 57.3864	Conf: 0.488373	Pts: 55509
Particle (27):: Fit: 15.0347	PB: 15.0347	LB: 57.3864	GB: 57.3864	Conf: 0.912819	Pts: 165208
Particle (39):: Fit: 14.8504	PB: 14.8504	LB: 53.1895	GB: 57.3864	Conf: 0.484003	Pts: 55693
Particle (44):: Fit: 30.3344	PB: 30.3344	LB: 53.1895	GB: 57.3864	Conf: 0.281981	Pts: 55587
Particle (13):: Fit: 14.7362	PB: 14.7362	LB: 49.7092	GB: 57.3864	Conf: 0.381194	Pts: 80285
Particle (30):: Fit: 14.3551	PB: 14.3551	LB: 47.9007	GB: 57.3864	Conf: 0.138235	Pts: 55083
Particle (21):: Fit: 15.3842	PB: 15.3842	LB: 57.3864	GB: 57.3864	Conf: 0.639472	Pts: 55474
Particle (3):: Fit: 15.0271	PB: 15.0271	LB: 46.2262	GB: 57.3864	Conf: 0.809362	Pts: 110070
Particle (43):: Fit: 15.2614	PB: 15.2614	LB: 53.1895	GB: 57.3864	Conf: 0.942249	Pts: 90167
Particle (19):: Fit: 14.9628	PB: 14.9628	LB: 49.7092	GB: 57.3864	Conf: 0.628728	Pts: 60162
Particle (31):: Fit: 47.1176	PB: 47.1176	LB: 47.9007	GB: 57.3864	Conf: 0.365706	Pts: 85259
Particle (35):: Fit: 14.9863	PB: 14.9863	LB: 53.1895	GB: 57.3864	Conf: 0.674421	Pts: 75259
Particle (26):: Fit: 15.034	PB: 15.034	LB: 57.3864	GB: 57.3864	Conf: 0.887059	Pts: 80256
Particle (44):: Fit: 33.0682	PB: 33.0682	LB: 53.1895	GB: 57.3864	Conf: 0.363461	Pts: 55651
Particle (13):: Fit: 14.7435	PB: 14.7435	LB: 49.7092	GB: 57.3864	Conf: 0.390631	Pts: 80341
Particle (44):: Fit: 33.2468	PB: 33.2468	LB: 53.1895	GB: 57.3864	Conf: 0.396788	Pts: 55735
Particle (31):: Fit: 52.4506	PB: 52.4506	LB: 52.4506	GB: 57.3864	Conf: 0.376978	Pts: 110331
Particle (47):: Fit: 15.5867	PB: 15.5867	LB: 48.8207	GB: 57.3864	Conf: 0.734094	Pts: 184928
Particle (36):: Fit: 27.406	PB: 27.406	LB: 53.1895	GB: 57.3864	Conf: 0.138706	Pts: 104980
Particle (30):: Fit: 14.3804	PB: 14.3804	LB: 52.4506	GB: 57.3864	Conf: 0.150661	Pts: 55089
Particle (23):: Fit: 15.0323	PB: 15.0323	LB: 57.3864	GB: 57.3864	Conf: 0.852793	Pts: 55383
Particle (40):: Fit: 58.0244	PB: 58.0244	LB: 58.0244	GB: 58.0244	Conf: 0.0625136	Pts: 280566
Global: 58.0244 - Correct: 80% of 10 tests
Global Best: 
  Inner Net 1
  -- 1 : 1 = 0.648546
  -- 1 : 2 = -0.120373
  -- 1 : 3 = 0.160341
  -- 1 : 4 = -0.132182
  -- 1 : 5 = -0.200562
  -- 1 : 6 = 0.176205
  -- 1 : 7 = 0.151484
  -- 1 : 8 = -0.0438607
  -- 1 : 9 = -0.291054
  -- 1 : 10 = 0.243373
  -- 2 : 1 = 0.304665
  -- 2 : 2 = -0.182828
  -- 2 : 3 = 0.0346804
  -- 2 : 4 = 0.0659434
  -- 2 : 5 = 0.242145
  -- 2 : 6 = 0.280047
  -- 2 : 7 = -0.24787
  -- 2 : 8 = 0.182899
  -- 2 : 9 = -0.207831
  -- 2 : 10 = -0.0914482
  -- 3 : 1 = 0.371302
  -- 3 : 2 = 0.115008
  -- 3 : 3 = -0.0997883
  -- 3 : 4 = 0.231241
  -- 3 : 5 = 0.0419523
  -- 3 : 6 = -0.134176
  -- 3 : 7 = -0.0591349
  -- 3 : 8 = -0.41873
  -- 3 : 9 = 0.0761105
  -- 3 : 10 = -0.0300428
  -- 4 : 1 = -0.4236
  -- 4 : 2 = 0.27323
  -- 4 : 3 = -0.262788
  -- 4 : 4 = 0.251136
  -- 4 : 5 = -0.0732743
  -- 4 : 6 = 0.388708
  -- 4 : 7 = -0.53485
  -- 4 : 8 = -0.136778
  -- 4 : 9 = -0.271306
  -- 4 : 10 = -0.0110456
  -- 5 : 1 = -0.0517109
  -- 5 : 2 = 0.193549
  -- 5 : 3 = 0.0500365
  -- 5 : 4 = 0.23086
  -- 5 : 5 = -0.329346
  -- 5 : 6 = 0.00983178
  -- 5 : 7 = 0.175086
  -- 5 : 8 = 0.0357566
  -- 5 : 9 = -0.294363
  -- 5 : 10 = 0.062935
  -- 6 : 1 = -0.321966
  -- 6 : 2 = 0.422123
  -- 6 : 3 = -0.0133234
  -- 6 : 4 = 0.219993
  -- 6 : 5 = 0.0886974
  -- 6 : 6 = 0.00636556
  -- 6 : 7 = -0.00539348
  -- 6 : 8 = -0.203848
  -- 6 : 9 = 0.0686584
  -- 6 : 10 = -0.00862096
  -- 7 : 1 = 0.277456
  -- 7 : 2 = 0.0125047
  -- 7 : 3 = -0.0832235
  -- 7 : 4 = 0.626699
  -- 7 : 5 = 0.0642997
  -- 7 : 6 = 0.234764
  -- 7 : 7 = 0.0681162
  -- 7 : 8 = -0.00496348
  -- 7 : 9 = -0.166769
  -- 7 : 10 = 0.02385
  -- 8 : 1 = 0.0804246
  -- 8 : 2 = 0.0422151
  -- 8 : 3 = -0.422487
  -- 8 : 4 = 0.152023
  -- 8 : 5 = 0.0441014
  -- 8 : 6 = -0.0871941
  -- 8 : 7 = -0.159421
  -- 8 : 8 = -0.0427486
  -- 8 : 9 = 0.266004
  -- 8 : 10 = 0.0931308
  -- 9 : 1 = -0.0806146
  -- 9 : 2 = 0.326619
  -- 9 : 3 = -0.352252
  -- 9 : 4 = 0.466637
  -- 9 : 5 = -0.184987
  -- 9 : 6 = 0.284666
  -- 9 : 7 = 0.195004
  -- 9 : 8 = -0.356704
  -- 9 : 9 = 0.0773232
  -- 9 : 10 = -0.108017
  -- 10 : 1 = 0.597191
  -- 10 : 2 = -0.158888
  -- 10 : 3 = -0.0873736
  -- 10 : 4 = 0.162612
  -- 10 : 5 = 0.199702
  -- 10 : 6 = -0.0088037
  -- 10 : 7 = 0.022567
  -- 10 : 8 = -0.11117
  -- 10 : 9 = -0.119952
  -- 10 : 10 = 0.348016
  Inner Net 2
  -- 1 : 1 = 0.3966
  -- 1 : 2 = 0.300309
  -- 1 : 3 = 0.0653464
  -- 1 : 4 = 0.41166
  -- 2 : 1 = 0.0417517
  -- 2 : 2 = 0.0277934
  -- 2 : 3 = 0.521513
  -- 2 : 4 = 0.196419
  -- 3 : 1 = 0.742534
  -- 3 : 2 = 0.0490322
  -- 3 : 3 = 0.357561
  -- 3 : 4 = -0.154918
  -- 4 : 1 = 0.703182
  -- 4 : 2 = 0.0557321
  -- 4 : 3 = 0.0506833
  -- 4 : 4 = 0.0244056
  -- 5 : 1 = 0.00417136
  -- 5 : 2 = 0.136216
  -- 5 : 3 = -0.118915
  -- 5 : 4 = -0.309639
  -- 6 : 1 = 0.963316
  -- 6 : 2 = 0.255318
  -- 6 : 3 = 0.217006
  -- 6 : 4 = 0.266139
  -- 7 : 1 = 0.230058
  -- 7 : 2 = 0.765048
  -- 7 : 3 = 0.339655
  -- 7 : 4 = -0.150858
  -- 8 : 1 = 0.0536282
  -- 8 : 2 = 0.213741
  -- 8 : 3 = -0.1144
  -- 8 : 4 = -0.256567
  -- 9 : 1 = 0.686302
  -- 9 : 2 = 0.188377
  -- 9 : 3 = -0.0301894
  -- 9 : 4 = -0.177153
  -- 10 : 1 = 0.522877
  -- 10 : 2 = 0.203609
  -- 10 : 3 = 0.673704
  -- 10 : 4 = -0.0519146
  Inner Net 3
  -- 1 : 1 = -0.306125
  -- 1 : 2 = -0.244502
  -- 2 : 1 = -0.770999
  -- 2 : 2 = -0.167275
  -- 3 : 1 = 0.91059
  -- 3 : 2 = 0.0143463
  -- 4 : 1 = -0.202525
  -- 4 : 2 = 0.0158939
Out\Act	False		True
False	0.409329	0.432651	0.84198
True	0.0495002	0.10852	0.15802
	0.458829	0.541171
	Accuracy [ (tp + tn) / testSize ]: 0.517849
	Precision [ tp / (tp + fp) ]:      0.200351
	Sensitivity [ tp / (tp + fn) ]:    0.684685
	Specificity [ tn / (tn + fp) ]:    0.485876
	F-Score [ 2tp / (2tp + fp + fn) ]: 0.310204
Particle (18):: Fit: 50.1144	PB: 50.1144	LB: 50.1144	GB: 58.0244	Conf: 0.253655	Pts: 215147
Particle (36):: Fit: 50.932	PB: 50.932	LB: 58.0244	GB: 58.0244	Conf: 0.170787	Pts: 105042
Particle (44):: Fit: 45.9151	PB: 45.9151	LB: 58.0244	GB: 58.0244	Conf: 0.398409	Pts: 55754
Particle (18):: Fit: 52.8077	PB: 52.8077	LB: 52.8077	GB: 58.0244	Conf: 0.218003	Pts: 250234
Particle (40):: Fit: 59.5896	PB: 59.5896	LB: 59.5896	GB: 59.5896	Conf: 0.14195	Pts: 340631
Global: 59.5896 - Correct: 92.3077% of 13 tests
Global Best: 
  Inner Net 1
  -- 1 : 1 = 0.648546
  -- 1 : 2 = -0.120373
  -- 1 : 3 = 0.160341
  -- 1 : 4 = -0.132182
  -- 1 : 5 = -0.200562
  -- 1 : 6 = 0.176205
  -- 1 : 7 = 0.151484
  -- 1 : 8 = -0.0438607
  -- 1 : 9 = -0.291054
  -- 1 : 10 = 0.243373
  -- 2 : 1 = 0.304665
  -- 2 : 2 = -0.182828
  -- 2 : 3 = 0.0346804
  -- 2 : 4 = 0.0659434
  -- 2 : 5 = 0.242145
  -- 2 : 6 = 0.280047
  -- 2 : 7 = -0.24787
  -- 2 : 8 = 0.182899
  -- 2 : 9 = -0.207831
  -- 2 : 10 = -0.0914482
  -- 3 : 1 = 0.371302
  -- 3 : 2 = 0.115008
  -- 3 : 3 = -0.0997883
  -- 3 : 4 = 0.231241
  -- 3 : 5 = 0.0419523
  -- 3 : 6 = -0.134176
  -- 3 : 7 = -0.0591349
  -- 3 : 8 = -0.41873
  -- 3 : 9 = 0.0761105
  -- 3 : 10 = -0.0300428
  -- 4 : 1 = -0.4236
  -- 4 : 2 = 0.27323
  -- 4 : 3 = -0.262788
  -- 4 : 4 = 0.251136
  -- 4 : 5 = -0.0732743
  -- 4 : 6 = 0.388708
  -- 4 : 7 = -0.53485
  -- 4 : 8 = -0.136778
  -- 4 : 9 = -0.271306
  -- 4 : 10 = -0.0110456
  -- 5 : 1 = -0.0517109
  -- 5 : 2 = 0.193549
  -- 5 : 3 = 0.0500365
  -- 5 : 4 = 0.23086
  -- 5 : 5 = -0.329346
  -- 5 : 6 = 0.00983178
  -- 5 : 7 = 0.175086
  -- 5 : 8 = 0.0357566
  -- 5 : 9 = -0.294363
  -- 5 : 10 = 0.062935
  -- 6 : 1 = -0.321966
  -- 6 : 2 = 0.422123
  -- 6 : 3 = -0.0133234
  -- 6 : 4 = 0.219993
  -- 6 : 5 = 0.0886974
  -- 6 : 6 = 0.00636556
  -- 6 : 7 = -0.00539348
  -- 6 : 8 = -0.203848
  -- 6 : 9 = 0.0686584
  -- 6 : 10 = -0.00862096
  -- 7 : 1 = 0.277456
  -- 7 : 2 = 0.0125047
  -- 7 : 3 = -0.0832235
  -- 7 : 4 = 0.626699
  -- 7 : 5 = 0.0642997
  -- 7 : 6 = 0.234764
  -- 7 : 7 = 0.0681162
  -- 7 : 8 = -0.00496348
  -- 7 : 9 = -0.166769
  -- 7 : 10 = 0.02385
  -- 8 : 1 = 0.0804246
  -- 8 : 2 = 0.0422151
  -- 8 : 3 = -0.422487
  -- 8 : 4 = 0.152023
  -- 8 : 5 = 0.0441014
  -- 8 : 6 = -0.0871941
  -- 8 : 7 = -0.159421
  -- 8 : 8 = -0.0427486
  -- 8 : 9 = 0.266004
  -- 8 : 10 = 0.0931308
  -- 9 : 1 = -0.0806146
  -- 9 : 2 = 0.326619
  -- 9 : 3 = -0.352252
  -- 9 : 4 = 0.466637
  -- 9 : 5 = -0.184987
  -- 9 : 6 = 0.284666
  -- 9 : 7 = 0.195004
  -- 9 : 8 = -0.356704
  -- 9 : 9 = 0.0773232
  -- 9 : 10 = -0.108017
  -- 10 : 1 = 0.597191
  -- 10 : 2 = -0.158888
  -- 10 : 3 = -0.0873736
  -- 10 : 4 = 0.162612
  -- 10 : 5 = 0.199702
  -- 10 : 6 = -0.0088037
  -- 10 : 7 = 0.022567
  -- 10 : 8 = -0.11117
  -- 10 : 9 = -0.119952
  -- 10 : 10 = 0.348016
  Inner Net 2
  -- 1 : 1 = 0.438555
  -- 1 : 2 = -0.173313
  -- 1 : 3 = 0.0592455
  -- 1 : 4 = 0.564794
  -- 2 : 1 = 0.0835502
  -- 2 : 2 = -0.0991566
  -- 2 : 3 = 0.251073
  -- 2 : 4 = 0.420782
  -- 3 : 1 = 0.855226
  -- 3 : 2 = -0.0445745
  -- 3 : 3 = 0.248499
  -- 3 : 4 = -0.0579418
  -- 4 : 1 = 0.620054
  -- 4 : 2 = 0.267664
  -- 4 : 3 = -0.200437
  -- 4 : 4 = 0.00922979
  -- 5 : 1 = -0.00143497
  -- 5 : 2 = -0.176177
  -- 5 : 3 = 0.0968536
  -- 5 : 4 = -0.406618
  -- 6 : 1 = 1
  -- 6 : 2 = -0.0993764
  -- 6 : 3 = 0.145058
  -- 6 : 4 = -0.0305827
  -- 7 : 1 = -0.0398446
  -- 7 : 2 = 0.470865
  -- 7 : 3 = 0.400644
  -- 7 : 4 = -0.309765
  -- 8 : 1 = 0.0587578
  -- 8 : 2 = 0.201764
  -- 8 : 3 = -0.0842582
  -- 8 : 4 = -0.0748478
  -- 9 : 1 = 0.693633
  -- 9 : 2 = -0.104252
  -- 9 : 3 = -0.0453758
  -- 9 : 4 = -0.148962
  -- 10 : 1 = 0.350995
  -- 10 : 2 = 0.116476
  -- 10 : 3 = 0.840351
  -- 10 : 4 = -0.0309411
  Inner Net 3
  -- 1 : 1 = -0.306125
  -- 1 : 2 = -0.244502
  -- 2 : 1 = -0.770999
  -- 2 : 2 = -0.167275
  -- 3 : 1 = 0.91059
  -- 3 : 2 = 0.0143463
  -- 4 : 1 = -0.202525
  -- 4 : 2 = 0.0158939
Out\Act	False		True
False	0.514993	0.326987	0.84198
True	0.0642551	0.0937649	0.15802
	0.579248	0.420752
	Accuracy [ (tp + tn) / testSize ]: 0.608758
	Precision [ tp / (tp + fp) ]:      0.222599
	Sensitivity [ tp / (tp + fn) ]:    0.591592
	Specificity [ tn / (tn + fp) ]:    0.611299
	F-Score [ 2tp / (2tp + fp + fn) ]: 0.323747
Particle (34):: Fit: 14.7642	PB: 14.7642	LB: 52.4506	GB: 59.5896	Conf: 0.4053	Pts: 54927
Particle (26):: Fit: 15.0376	PB: 15.0376	LB: 57.3864	GB: 59.5896	Conf: 0.881656	Pts: 80198
Particle (30):: Fit: 14.387	PB: 14.387	LB: 52.4506	GB: 59.5896	Conf: 0.153708	Pts: 55096
Particle (42):: Fit: 14.9988	PB: 14.9988	LB: 59.5896	GB: 59.5896	Conf: 0.701528	Pts: 70291
Particle (6):: Fit: 14.9018	PB: 14.9018	LB: 46.2262	GB: 59.5896	Conf: 0.54145	Pts: 104869
Particle (0):: Fit: 51.2384	PB: 51.2384	LB: 51.2384	GB: 59.5896	Conf: 0.103973	Pts: 230260
Particle (46):: Fit: 52.1022	PB: 52.1022	LB: 52.1022	GB: 59.5896	Conf: 0.283673	Pts: 225064
Particle (1):: Fit: 14.8973	PB: 14.8973	LB: 51.2384	GB: 59.5896	Conf: 0.535587	Pts: 55458
Particle (6):: Fit: 15.1205	PB: 15.1205	LB: 46.2262	GB: 59.5896	Conf: 0.540397	Pts: 104940
Particle (34):: Fit: 45.9136	PB: 45.9136	LB: 52.4506	GB: 59.5896	Conf: 0.328661	Pts: 54916
Particle (28):: Fit: 32.6988	PB: 32.6988	LB: 57.3864	GB: 59.5896	Conf: 0.121682	Pts: 70285
Particle (49):: Fit: 14.9093	PB: 14.9093	LB: 52.1022	GB: 59.5896	Conf: 0.559351	Pts: 70089
Particle (10):: Fit: 15.0355	PB: 15.0355	LB: 46.2262	GB: 59.5896	Conf: 0.983819	Pts: 60384
Particle (25):: Fit: 57.8206	PB: 57.8206	LB: 57.8206	GB: 59.5896	Conf: 0.215347	Pts: 285159
Particle (17):: Fit: 38.9197	PB: 38.9197	LB: 52.8077	GB: 59.5896	Conf: 0.486661	Pts: 55037
Particle (15):: Fit: 14.9687	PB: 14.9687	LB: 52.8077	GB: 59.5896	Conf: 0.395251	Pts: 144654
Particle (13):: Fit: 14.7649	PB: 14.7649	LB: 52.8077	GB: 59.5896	Conf: 0.405922	Pts: 80152
Particle (34):: Fit: 52.1921	PB: 52.1921	LB: 52.4506	GB: 59.5896	Conf: 0.329703	Pts: 54936
Particle (49):: Fit: 14.9411	PB: 14.9411	LB: 52.1022	GB: 59.5896	Conf: 0.585844	Pts: 70127
Particle (35):: Fit: 14.9877	PB: 14.9877	LB: 59.5896	GB: 59.5896	Conf: 0.676544	Pts: 75022
Particle (17):: Fit: 39.1434	PB: 39.1434	LB: 52.8077	GB: 59.5896	Conf: 0.516789	Pts: 55087
Particle (31):: Fit: 58.3785	PB: 58.3785	LB: 58.3785	GB: 59.5896	Conf: 0.349427	Pts: 155062
Particle (18):: Fit: 55.2679	PB: 55.2679	LB: 55.2679	GB: 59.5896	Conf: 0.180684	Pts: 285033
Particle (32):: Fit: 53.3971	PB: 53.3971	LB: 58.3785	GB: 59.5896	Conf: 0.0595453	Pts: 129931
Particle (32):: Fit: 55.7404	PB: 55.7404	LB: 58.3785	GB: 59.5896	Conf: 0.0455964	Pts: 130028
Particle (3):: Fit: 15.6101	PB: 15.6101	LB: 51.2384	GB: 59.5896	Conf: 0.808473	Pts: 109735
Particle (1):: Fit: 15.1136	PB: 15.1136	LB: 51.2384	GB: 59.5896	Conf: 0.532308	Pts: 55322
Particle (10):: Fit: 15.2575	PB: 15.2575	LB: 46.2262	GB: 59.5896	Conf: 0.989579	Pts: 60297
Particle (6):: Fit: 15.307	PB: 15.307	LB: 46.2262	GB: 59.5896	Conf: 0.541474	Pts: 104796
Particle (39):: Fit: 14.8882	PB: 14.8882	LB: 59.5896	GB: 59.5896	Conf: 0.521206	Pts: 55277
Particle (13):: Fit: 14.7693	PB: 14.7693	LB: 55.2679	GB: 59.5896	Conf: 0.417917	Pts: 80060
Particle (28):: Fit: 35.7615	PB: 35.7615	LB: 58.3785	GB: 59.5896	Conf: 0.147604	Pts: 70081
Particle (28):: Fit: 38.6142	PB: 38.6142	LB: 58.3785	GB: 59.5896	Conf: 0.151039	Pts: 70178
Particle (8):: Fit: 49.5944	PB: 49.5944	LB: 49.5944	GB: 59.5896	Conf: 0.615852	Pts: 249691
Particle (27):: Fit: 15.2632	PB: 15.2632	LB: 58.3785	GB: 59.5896	Conf: 0.908515	Pts: 164680
Particle (35):: Fit: 14.9885	PB: 14.9885	LB: 59.5896	GB: 59.5896	Conf: 0.677797	Pts: 74851
Particle (35):: Fit: 14.9898	PB: 14.9898	LB: 59.5896	GB: 59.5896	Conf: 0.679757	Pts: 74946
Particle (40):: Fit: 61.2533	PB: 61.2533	LB: 61.2533	GB: 61.2533	Conf: 0.030917	Pts: 400235
Global: 61.2533 - Correct: 91.6667% of 12 tests
Global Best: 
  Inner Net 1
  -- 1 : 1 = 0.645856
  -- 1 : 2 = -0.427597
  -- 1 : 3 = 0.134191
  -- 1 : 4 = 0.101222
  -- 1 : 5 = -0.123526
  -- 1 : 6 = 0.129293
  -- 1 : 7 = 0.292641
  -- 1 : 8 = 0.0374763
  -- 1 : 9 = -0.194881
  -- 1 : 10 = -0.0411906
  -- 2 : 1 = 0.304611
  -- 2 : 2 = -0.381268
  -- 2 : 3 = 0.183674
  -- 2 : 4 = -0.112121
  -- 2 : 5 = -0.0022009
  -- 2 : 6 = 0.0905675
  -- 2 : 7 = -0.287371
  -- 2 : 8 = -0.00258046
  -- 2 : 9 = -0.163211
  -- 2 : 10 = -0.158585
  -- 3 : 1 = 0.359031
  -- 3 : 2 = 0.217373
  -- 3 : 3 = -0.310693
  -- 3 : 4 = 0.140045
  -- 3 : 5 = 0.152342
  -- 3 : 6 = -0.281023
  -- 3 : 7 = -0.101103
  -- 3 : 8 = -0.318528
  -- 3 : 9 = 0.138764
  -- 3 : 10 = 0.0600244
  -- 4 : 1 = -0.423585
  -- 4 : 2 = 0.36419
  -- 4 : 3 = -0.4397
  -- 4 : 4 = 0.354442
  -- 4 : 5 = -0.389235
  -- 4 : 6 = -0.00878587
  -- 4 : 7 = -0.000431941
  -- 4 : 8 = -0.13088
  -- 4 : 9 = -0.215041
  -- 4 : 10 = -0.00164945
  -- 5 : 1 = -0.0597797
  -- 5 : 2 = 0.341431
  -- 5 : 3 = -0.0274354
  -- 5 : 4 = 0.100944
  -- 5 : 5 = -0.21899
  -- 5 : 6 = -0.232223
  -- 5 : 7 = -0.0156721
  -- 5 : 8 = -0.0646383
  -- 5 : 9 = -0.572451
  -- 5 : 10 = -0.0351661
  -- 6 : 1 = -0.150832
  -- 6 : 2 = 0.248259
  -- 6 : 3 = 0.198893
  -- 6 : 4 = 0.0170569
  -- 6 : 5 = -0.169369
  -- 6 : 6 = -0.105003
  -- 6 : 7 = 0.141266
  -- 6 : 8 = -0.397224
  -- 6 : 9 = -0.129137
  -- 6 : 10 = -0.0128864
  -- 7 : 1 = 0.284674
  -- 7 : 2 = -0.10402
  -- 7 : 3 = 0.100876
  -- 7 : 4 = 0.175978
  -- 7 : 5 = 0.323761
  -- 7 : 6 = 0.453038
  -- 7 : 7 = 0.199772
  -- 7 : 8 = 0.0534433
  -- 7 : 9 = 0.262351
  -- 7 : 10 = 0.209532
  -- 8 : 1 = 0.152901
  -- 8 : 2 = -0.209898
  -- 8 : 3 = 0.149238
  -- 8 : 4 = 0.124811
  -- 8 : 5 = 0.0363576
  -- 8 : 6 = -0.287725
  -- 8 : 7 = -0.105612
  -- 8 : 8 = -0.126275
  -- 8 : 9 = 0.130956
  -- 8 : 10 = 0.0633719
  -- 9 : 1 = -0.0795853
  -- 9 : 2 = -0.0532346
  -- 9 : 3 = -0.0383173
  -- 9 : 4 = 0.153687
  -- 9 : 5 = 0.216024
  -- 9 : 6 = 0.57831
  -- 9 : 7 = 0.0144976
  -- 9 : 8 = -0.212
  -- 9 : 9 = 0.172091
  -- 9 : 10 = -0.138682
  -- 10 : 1 = 0.71394
  -- 10 : 2 = -0.0408222
  -- 10 : 3 = -0.136577
  -- 10 : 4 = 0.378967
  -- 10 : 5 = -0.168357
  -- 10 : 6 = -0.104369
  -- 10 : 7 = -0.179848
  -- 10 : 8 = 0.154988
  -- 10 : 9 = -0.144603
  -- 10 : 10 = -0.0888518
  Inner Net 2
  -- 1 : 1 = 0.199349
  -- 1 : 2 = 0.0449688
  -- 1 : 3 = -0.153967
  -- 1 : 4 = 0.286922
  -- 2 : 1 = 0.0852235
  -- 2 : 2 = -0.241047
  -- 2 : 3 = 0.050103
  -- 2 : 4 = 0.227813
  -- 3 : 1 = 0.5
  -- 3 : 2 = -0.170378
  -- 3 : 3 = -0.13415
  -- 3 : 4 = -0.20713
  -- 4 : 1 = 0.430385
  -- 4 : 2 = 0.0715421
  -- 4 : 3 = -0.0607157
  -- 4 : 4 = -0.105832
  -- 5 : 1 = -0.178208
  -- 5 : 2 = -0.388817
  -- 5 : 3 = 0.214272
  -- 5 : 4 = -0.530333
  -- 6 : 1 = 1
  -- 6 : 2 = 0.311634
  -- 6 : 3 = -0.264764
  -- 6 : 4 = -0.19273
  -- 7 : 1 = 0.335393
  -- 7 : 2 = 0.050276
  -- 7 : 3 = 0.180601
  -- 7 : 4 = -0.0756574
  -- 8 : 1 = 0.0571205
  -- 8 : 2 = -0.131275
  -- 8 : 3 = -0.302559
  -- 8 : 4 = 0.0404765
  -- 9 : 1 = -0.5
  -- 9 : 2 = -0.303867
  -- 9 : 3 = 0.013243
  -- 9 : 4 = 0.0656232
  -- 10 : 1 = 0.393532
  -- 10 : 2 = 0.0541519
  -- 10 : 3 = 0.405981
  -- 10 : 4 = 0.00126593
  Inner Net 3
  -- 1 : 1 = -0.306125
  -- 1 : 2 = -0.244502
  -- 2 : 1 = -0.770999
  -- 2 : 2 = -0.167275
  -- 3 : 1 = 0.91059
  -- 3 : 2 = 0.0143463
  -- 4 : 1 = -0.202525
  -- 4 : 2 = 0.0158939
Out\Act	False		True
False	0.269396	0.572584	0.84198
True	0.0409329	0.117087	0.15802
	0.310328	0.689672
	Accuracy [ (tp + tn) / testSize ]: 0.386483
	Precision [ tp / (tp + fp) ]:      0.169655
	Sensitivity [ tp / (tp + fn) ]:    0.738739
	Specificity [ tn / (tn + fp) ]:    0.319774
	F-Score [ 2tp / (2tp + fp + fn) ]: 0.276094
Particle (13):: Fit: 14.7739	PB: 14.7739	LB: 55.2679	GB: 61.2533	Conf: 0.410104	Pts: 80028
Particle (8):: Fit: 51.4416	PB: 51.4416	LB: 51.4416	GB: 61.2533	Conf: 0.544684	Pts: 299706
Particle (10):: Fit: 15.7623	PB: 15.7623	LB: 51.4416	GB: 61.2533	Conf: 0.977977	Pts: 60184
Particle (23):: Fit: 15.0333	PB: 15.0333	LB: 57.8206	GB: 61.2533	Conf: 0.864545	Pts: 54858
Particle (42):: Fit: 15.0045	PB: 15.0045	LB: 61.2533	GB: 61.2533	Conf: 0.688184	Pts: 69848
Particle (28):: Fit: 50.8701	PB: 50.8701	LB: 58.3785	GB: 61.2533	Conf: 0.14258	Pts: 70052
Particle (49):: Fit: 30.4558	PB: 30.4558	LB: 52.1022	GB: 61.2533	Conf: 0.393882	Pts: 69775
Particle (13):: Fit: 14.7865	PB: 14.7865	LB: 55.2679	GB: 61.2533	Conf: 0.440047	Pts: 79955
Particle (49):: Fit: 39.7607	PB: 39.7607	LB: 52.1022	GB: 61.2533	Conf: 0.431876	Pts: 69852
Particle (30):: Fit: 14.565	PB: 14.565	LB: 58.3785	GB: 61.2533	Conf: 0.139168	Pts: 54534
Particle (49):: Fit: 43.9441	PB: 43.9441	LB: 52.1022	GB: 61.2533	Conf: 0.346239	Pts: 69921
Particle (39):: Fit: 15.0678	PB: 15.0678	LB: 61.2533	GB: 61.2533	Conf: 0.481328	Pts: 54988
Particle (8):: Fit: 52.9978	PB: 52.9978	LB: 52.9978	GB: 61.2533	Conf: 0.626797	Pts: 349563
Particle (13):: Fit: 15.4254	PB: 15.4254	LB: 55.2679	GB: 61.2533	Conf: 0.383094	Pts: 79965
Particle (17):: Fit: 42.229	PB: 42.229	LB: 55.2679	GB: 61.2533	Conf: 0.521851	Pts: 54613
Particle (19):: Fit: 14.9631	PB: 14.9631	LB: 55.2679	GB: 61.2533	Conf: 0.631163	Pts: 59345
Particle (49):: Fit: 52.7005	PB: 52.7005	LB: 52.7005	GB: 61.2533	Conf: 0.46656	Pts: 109900
Particle (19):: Fit: 15.1847	PB: 15.1847	LB: 55.2679	GB: 61.2533	Conf: 0.627969	Pts: 59330
Particle (14):: Fit: 15.5055	PB: 15.5055	LB: 55.2679	GB: 61.2533	Conf: 0.587732	Pts: 129294
Particle (30):: Fit: 14.5686	PB: 14.5686	LB: 58.3785	GB: 61.2533	Conf: 0.141071	Pts: 54379
Particle (30):: Fit: 14.7657	PB: 14.7657	LB: 58.3785	GB: 61.2533	Conf: 0.156092	Pts: 54447
Particle (17):: Fit: 52.4597	PB: 52.4597	LB: 55.2679	GB: 61.2533	Conf: 0.272934	Pts: 54475
Particle (26):: Fit: 15.2633	PB: 15.2633	LB: 58.3785	GB: 61.2533	Conf: 0.891478	Pts: 79263
Particle (15):: Fit: 14.9696	PB: 14.9696	LB: 55.2679	GB: 61.2533	Conf: 0.395883	Pts: 143847
Particle (27):: Fit: 15.2635	PB: 15.2635	LB: 58.3785	GB: 61.2533	Conf: 0.911077	Pts: 164060
Particle (23):: Fit: 15.037	PB: 15.037	LB: 57.8206	GB: 61.2533	Conf: 0.876971	Pts: 54328
Particle (46):: Fit: 52.1825	PB: 52.1825	LB: 52.7005	GB: 61.2533	Conf: 0.265292	Pts: 223946
Particle (25):: Fit: 58.0135	PB: 58.0135	LB: 58.0135	GB: 61.2533	Conf: 0.260592	Pts: 314071
Particle (26):: Fit: 15.4552	PB: 15.4552	LB: 58.3785	GB: 61.2533	Conf: 0.884283	Pts: 79035
Particle (13):: Fit: 15.4374	PB: 15.4374	LB: 55.2679	GB: 61.2533	Conf: 0.393695	Pts: 79435
Particle (17):: Fit: 52.7343	PB: 52.7343	LB: 55.2679	GB: 61.2533	Conf: 0.351102	Pts: 54082
Particle (19):: Fit: 15.6707	PB: 15.6707	LB: 55.2679	GB: 61.2533	Conf: 0.6268	Pts: 58767
Particle (33):: Fit: 15.2487	PB: 15.2487	LB: 58.3785	GB: 61.2533	Conf: 0.781836	Pts: 108364
Particle (25):: Fit: 58.4231	PB: 58.4231	LB: 58.4231	GB: 61.2533	Conf: 0.139402	Pts: 363866
Particle (21):: Fit: 15.5184	PB: 15.5184	LB: 58.4231	GB: 61.2533	Conf: 0.606516	Pts: 53647
Particle (8):: Fit: 58.3605	PB: 58.3605	LB: 58.3605	GB: 61.2533	Conf: 0.600534	Pts: 398599
Particle (44):: Fit: 46.26	PB: 46.26	LB: 61.2533	GB: 61.2533	Conf: 0.433146	Pts: 53889
Particle (0):: Fit: 51.2648	PB: 51.2648	LB: 52.7005	GB: 61.2533	Conf: 0.10709	Pts: 228384
Particle (1):: Fit: 15.4573	PB: 15.4573	LB: 52.7005	GB: 61.2533	Conf: 0.532479	Pts: 53679
Particle (15):: Fit: 14.9967	PB: 14.9967	LB: 55.2679	GB: 61.2533	Conf: 0.415637	Pts: 142969
Particle (35):: Fit: 15.5594	PB: 15.5594	LB: 61.2533	GB: 61.2533	Conf: 0.670704	Pts: 73468
Particle (8):: Fit: 63.2006	PB: 63.2006	LB: 63.2006	GB: 63.2006	Conf: 0.539369	Pts: 458319
Global: 63.2006 - Correct: 90% of 10 tests
Global Best: 
  Inner Net 1
  -- 1 : 1 = 0.516191
  -- 1 : 2 = -0.408432
  -- 1 : 3 = 0.0509174
  -- 1 : 4 = 0.570477
  -- 1 : 5 = -0.333505
  -- 1 : 6 = -0.375054
  -- 1 : 7 = 0.0137172
  -- 1 : 8 = 0.179529
  -- 1 : 9 = -0.324435
  -- 1 : 10 = 0.0266107
  -- 2 : 1 = 0.403519
  -- 2 : 2 = -0.27911
  -- 2 : 3 = -0.0476491
  -- 2 : 4 = -0.215484
  -- 2 : 5 = 0.174817
  -- 2 : 6 = -0.236553
  -- 2 : 7 = -0.0204303
  -- 2 : 8 = -0.134298
  -- 2 : 9 = 0.175874
  -- 2 : 10 = -0.155617
  -- 3 : 1 = -0.0411642
  -- 3 : 2 = 0.0489384
  -- 3 : 3 = -0.115566
  -- 3 : 4 = 0.124961
  -- 3 : 5 = 0.0350614
  -- 3 : 6 = 0.0546052
  -- 3 : 7 = -0.128202
  -- 3 : 8 = -0.292851
  -- 3 : 9 = 0.0271587
  -- 3 : 10 = 0.27835
  -- 4 : 1 = -0.143756
  -- 4 : 2 = -0.0886713
  -- 4 : 3 = 0.0807694
  -- 4 : 4 = 0.119207
  -- 4 : 5 = -0.0926168
  -- 4 : 6 = 0.223653
  -- 4 : 7 = -0.15668
  -- 4 : 8 = 0.0312974
  -- 4 : 9 = -0.0267916
  -- 4 : 10 = -0.00728386
  -- 5 : 1 = 0.115453
  -- 5 : 2 = -0.0237401
  -- 5 : 3 = -0.286371
  -- 5 : 4 = 0.366551
  -- 5 : 5 = -0.152995
  -- 5 : 6 = 0.477745
  -- 5 : 7 = 0.240643
  -- 5 : 8 = 0.144711
  -- 5 : 9 = -0.267993
  -- 5 : 10 = -0.255856
  -- 6 : 1 = 0.339479
  -- 6 : 2 = 0.0734114
  -- 6 : 3 = -0.0363617
  -- 6 : 4 = 0.156037
  -- 6 : 5 = 0.100701
  -- 6 : 6 = -0.0823473
  -- 6 : 7 = 0.168035
  -- 6 : 8 = -0.107644
  -- 6 : 9 = 0.113878
  -- 6 : 10 = 0.124535
  -- 7 : 1 = -0.175775
  -- 7 : 2 = -0.229282
  -- 7 : 3 = 0.417892
  -- 7 : 4 = -0.0686839
  -- 7 : 5 = 0.47311
  -- 7 : 6 = 0.0386125
  -- 7 : 7 = 0.412931
  -- 7 : 8 = -0.294141
  -- 7 : 9 = 0.102263
  -- 7 : 10 = 0.121296
  -- 8 : 1 = 0.319047
  -- 8 : 2 = -0.151499
  -- 8 : 3 = 0.0157201
  -- 8 : 4 = -0.00417689
  -- 8 : 5 = -0.0643118
  -- 8 : 6 = -0.230935
  -- 8 : 7 = -0.0974159
  -- 8 : 8 = 0.0782675
  -- 8 : 9 = 0.0783078
  -- 8 : 10 = 0.0728361
  -- 9 : 1 = 0.606492
  -- 9 : 2 = 0.271488
  -- 9 : 3 = 0.222268
  -- 9 : 4 = 0.387804
  -- 9 : 5 = -0.020934
  -- 9 : 6 = 0.324902
  -- 9 : 7 = -0.299697
  -- 9 : 8 = -0.17479
  -- 9 : 9 = 0.228369
  -- 9 : 10 = -0.443491
  -- 10 : 1 = -0.268094
  -- 10 : 2 = -0.449808
  -- 10 : 3 = -0.0479053
  -- 10 : 4 = 0.108966
  -- 10 : 5 = 0.217362
  -- 10 : 6 = 0.351257
  -- 10 : 7 = 0.0419679
  -- 10 : 8 = 0.214999
  -- 10 : 9 = 0.170319
  -- 10 : 10 = -0.168238
  Inner Net 2
  -- 1 : 1 = -0.662486
  -- 1 : 2 = -0.22673
  -- 1 : 3 = -0.0167058
  -- 1 : 4 = 0.126127
  -- 2 : 1 = 0.0980477
  -- 2 : 2 = 0.0729874
  -- 2 : 3 = 0.222011
  -- 2 : 4 = -0.0978882
  -- 3 : 1 = 0.627395
  -- 3 : 2 = -0.442208
  -- 3 : 3 = 0.0997115
  -- 3 : 4 = -0.12614
  -- 4 : 1 = 0.260452
  -- 4 : 2 = 0.0562354
  -- 4 : 3 = 0.0694714
  -- 4 : 4 = 0.0616527
  -- 5 : 1 = 0.321021
  -- 5 : 2 = -0.432394
  -- 5 : 3 = 0.106114
  -- 5 : 4 = 0.275325
  -- 6 : 1 = 0.0330637
  -- 6 : 2 = 0.131566
  -- 6 : 3 = -0.495492
  -- 6 : 4 = 0.728489
  -- 7 : 1 = 0.164805
  -- 7 : 2 = 0.25631
  -- 7 : 3 = 0.287326
  -- 7 : 4 = 0.0166938
  -- 8 : 1 = 0.163316
  -- 8 : 2 = -0.277412
  -- 8 : 3 = 0.312453
  -- 8 : 4 = -0.149038
  -- 9 : 1 = 0.655308
  -- 9 : 2 = 0.202458
  -- 9 : 3 = -0.386007
  -- 9 : 4 = 0.909726
  -- 10 : 1 = -0.0949779
  -- 10 : 2 = 0.171914
  -- 10 : 3 = 0.398097
  -- 10 : 4 = 0.378614
  Inner Net 3
  -- 1 : 1 = -0.0770972
  -- 1 : 2 = -0.0341971
  -- 2 : 1 = -0.827682
  -- 2 : 2 = -0.306401
  -- 3 : 1 = 0.605547
  -- 3 : 2 = 0.155516
  -- 4 : 1 = 0.24973
  -- 4 : 2 = 0.316247
Out\Act	False		True
False	0.246549	0.595431	0.84198
True	0.0485483	0.109472	0.15802
	0.295098	0.704902
	Accuracy [ (tp + tn) / testSize ]: 0.356021
	Precision [ tp / (tp + fp) ]:      0.155196
	Sensitivity [ tp / (tp + fn) ]:    0.690691
	Specificity [ tn / (tn + fp) ]:    0.292655
	F-Score [ 2tp / (2tp + fp + fn) ]: 0.253583
Particle (26):: Fit: 15.4571	PB: 15.4571	LB: 58.4231	GB: 63.2006	Conf: 0.895726	Pts: 78243
Particle (42):: Fit: 15.2204	PB: 15.2204	LB: 61.2533	GB: 63.2006	Conf: 0.696232	Pts: 68031
Particle (27):: Fit: 15.622	PB: 15.622	LB: 58.4231	GB: 63.2006	Conf: 0.910021	Pts: 162751
Particle (46):: Fit: 52.231	PB: 52.231	LB: 52.7005	GB: 63.2006	Conf: 0.319551	Pts: 222635
Particle (33):: Fit: 15.6041	PB: 15.6041	LB: 58.3785	GB: 63.2006	Conf: 0.782751	Pts: 107325
Particle (33):: Fit: 15.6042	PB: 15.6042	LB: 58.3785	GB: 63.2006	Conf: 0.782921	Pts: 107403
Particle (23):: Fit: 15.4516	PB: 15.4516	LB: 58.4231	GB: 63.2006	Conf: 0.847679	Pts: 52895
Particle (42):: Fit: 15.2205	PB: 15.2205	LB: 61.2533	GB: 63.2006	Conf: 0.696364	Pts: 67835
Particle (42):: Fit: 15.2207	PB: 15.2207	LB: 61.2533	GB: 63.2006	Conf: 0.69672	Pts: 67915
Particle (44):: Fit: 58.6398	PB: 58.6398	LB: 61.2533	GB: 63.2006	Conf: 0.351133	Pts: 73077
Particle (0):: Fit: 57.1013	PB: 57.1013	LB: 57.1013	GB: 63.2006	Conf: 0.105306	Pts: 247612
Particle (0):: Fit: 60.5679	PB: 60.5679	LB: 60.5679	GB: 63.2006	Conf: 0.12195	Pts: 287557
Particle (6):: Fit: 15.3083	PB: 15.3083	LB: 63.2006	GB: 63.2006	Conf: 0.542737	Pts: 102079
Particle (1):: Fit: 15.4581	PB: 15.4581	LB: 60.5679	GB: 63.2006	Conf: 0.53344	Pts: 52616
Particle (42):: Fit: 15.5701	PB: 15.5701	LB: 61.2533	GB: 63.2006	Conf: 0.689909	Pts: 67486
Particle (27):: Fit: 15.7649	PB: 15.7649	LB: 58.4231	GB: 63.2006	Conf: 0.909529	Pts: 162000
Particle (43):: Fit: 15.6201	PB: 15.6201	LB: 61.2533	GB: 63.2006	Conf: 0.943011	Pts: 86614
Particle (35):: Fit: 15.7004	PB: 15.7004	LB: 61.2533	GB: 63.2006	Conf: 0.674311	Pts: 71813
Particle (15):: Fit: 15.3049	PB: 15.3049	LB: 55.2679	GB: 63.2006	Conf: 0.394958	Pts: 141137
Particle (1):: Fit: 15.4588	PB: 15.4588	LB: 60.5679	GB: 63.2006	Conf: 0.534017	Pts: 51823
Particle (34):: Fit: 57.4983	PB: 57.4983	LB: 58.3785	GB: 63.2006	Conf: 0.329339	Pts: 51115
Particle (33):: Fit: 15.7456	PB: 15.7456	LB: 58.3785	GB: 63.2006	Conf: 0.782643	Pts: 105786
Particle (3):: Fit: 15.6102	PB: 15.6102	LB: 63.2006	GB: 63.2006	Conf: 0.810635	Pts: 105553
Particle (37):: Fit: 15.0814	PB: 15.0814	LB: 61.2533	GB: 63.2006	Conf: 0.24447	Pts: 80444
Particle (13):: Fit: 15.4495	PB: 15.4495	LB: 55.2679	GB: 63.2006	Conf: 0.399792	Pts: 76232
Particle (46):: Fit: 58.1383	PB: 58.1383	LB: 60.5679	GB: 63.2006	Conf: 0.274915	Pts: 220243
Particle (39):: Fit: 15.2439	PB: 15.2439	LB: 61.2533	GB: 63.2006	Conf: 0.475406	Pts: 50587
Particle (18):: Fit: 56.1412	PB: 56.1412	LB: 56.1412	GB: 63.2006	Conf: 0.161598	Pts: 314921
Particle (18):: Fit: 58.0781	PB: 58.0781	LB: 58.0781	GB: 63.2006	Conf: 0.222839	Pts: 349989
Particle (12):: Fit: 48.7392	PB: 48.7392	LB: 63.2006	GB: 63.2006	Conf: 0.43058	Pts: 49761
Particle (46):: Fit: 58.6743	PB: 58.6743	LB: 60.5679	GB: 63.2006	Conf: 0.385364	Pts: 219918
Particle (20):: Fit: 42.3079	PB: 42.3079	LB: 58.4231	GB: 63.2006	Conf: 0.573271	Pts: 103658
Particle (15):: Fit: 15.3057	PB: 15.3057	LB: 58.0781	GB: 63.2006	Conf: 0.39551	Pts: 139345
Particle (26):: Fit: 32.8649	PB: 32.8649	LB: 58.4231	GB: 63.2006	Conf: 0.863282	Pts: 74478
Particle (25):: Fit: 58.4972	PB: 58.4972	LB: 58.4972	GB: 63.2006	Conf: 0.174772	Pts: 409228
Particle (26):: Fit: 33.0524	PB: 33.0524	LB: 58.4972	GB: 63.2006	Conf: 0.689785	Pts: 74294
Particle (26):: Fit: 39.6205	PB: 39.6205	LB: 58.4972	GB: 63.2006	Conf: 0.832051	Pts: 74342
Particle (47):: Fit: 15.5901	PB: 15.5901	LB: 60.5679	GB: 63.2006	Conf: 0.740254	Pts: 178326
Particle (26):: Fit: 39.6466	PB: 39.6466	LB: 58.4972	GB: 63.2006	Conf: 0.778346	Pts: 73982
Particle (43):: Fit: 45.8572	PB: 45.8572	LB: 61.2533	GB: 63.2006	Conf: 0.61071	Pts: 82234
Particle (6):: Fit: 15.4666	PB: 15.4666	LB: 63.2006	GB: 63.2006	Conf: 0.542599	Pts: 97235
Particle (23):: Fit: 15.7452	PB: 15.7452	LB: 58.4972	GB: 63.2006	Conf: 0.791905	Pts: 47488
Global Best: 
  Inner Net 1
  -- 1 : 1 = 0.516191
  -- 1 : 2 = -0.408432
  -- 1 : 3 = 0.0509174
  -- 1 : 4 = 0.570477
  -- 1 : 5 = -0.333505
  -- 1 : 6 = -0.375054
  -- 1 : 7 = 0.0137172
  -- 1 : 8 = 0.179529
  -- 1 : 9 = -0.324435
  -- 1 : 10 = 0.0266107
  -- 2 : 1 = 0.403519
  -- 2 : 2 = -0.27911
  -- 2 : 3 = -0.0476491
  -- 2 : 4 = -0.215484
  -- 2 : 5 = 0.174817
  -- 2 : 6 = -0.236553
  -- 2 : 7 = -0.0204303
  -- 2 : 8 = -0.134298
  -- 2 : 9 = 0.175874
  -- 2 : 10 = -0.155617
  -- 3 : 1 = -0.0411642
  -- 3 : 2 = 0.0489384
  -- 3 : 3 = -0.115566
  -- 3 : 4 = 0.124961
  -- 3 : 5 = 0.0350614
  -- 3 : 6 = 0.0546052
  -- 3 : 7 = -0.128202
  -- 3 : 8 = -0.292851
  -- 3 : 9 = 0.0271587
  -- 3 : 10 = 0.27835
  -- 4 : 1 = -0.143756
  -- 4 : 2 = -0.0886713
  -- 4 : 3 = 0.0807694
  -- 4 : 4 = 0.119207
  -- 4 : 5 = -0.0926168
  -- 4 : 6 = 0.223653
  -- 4 : 7 = -0.15668
  -- 4 : 8 = 0.0312974
  -- 4 : 9 = -0.0267916
  -- 4 : 10 = -0.00728386
  -- 5 : 1 = 0.115453
  -- 5 : 2 = -0.0237401
  -- 5 : 3 = -0.286371
  -- 5 : 4 = 0.366551
  -- 5 : 5 = -0.152995
  -- 5 : 6 = 0.477745
  -- 5 : 7 = 0.240643
  -- 5 : 8 = 0.144711
  -- 5 : 9 = -0.267993
  -- 5 : 10 = -0.255856
  -- 6 : 1 = 0.339479
  -- 6 : 2 = 0.0734114
  -- 6 : 3 = -0.0363617
  -- 6 : 4 = 0.156037
  -- 6 : 5 = 0.100701
  -- 6 : 6 = -0.0823473
  -- 6 : 7 = 0.168035
  -- 6 : 8 = -0.107644
  -- 6 : 9 = 0.113878
  -- 6 : 10 = 0.124535
  -- 7 : 1 = -0.175775
  -- 7 : 2 = -0.229282
  -- 7 : 3 = 0.417892
  -- 7 : 4 = -0.0686839
  -- 7 : 5 = 0.47311
  -- 7 : 6 = 0.0386125
  -- 7 : 7 = 0.412931
  -- 7 : 8 = -0.294141
  -- 7 : 9 = 0.102263
  -- 7 : 10 = 0.121296
  -- 8 : 1 = 0.319047
  -- 8 : 2 = -0.151499
  -- 8 : 3 = 0.0157201
  -- 8 : 4 = -0.00417689
  -- 8 : 5 = -0.0643118
  -- 8 : 6 = -0.230935
  -- 8 : 7 = -0.0974159
  -- 8 : 8 = 0.0782675
  -- 8 : 9 = 0.0783078
  -- 8 : 10 = 0.0728361
  -- 9 : 1 = 0.606492
  -- 9 : 2 = 0.271488
  -- 9 : 3 = 0.222268
  -- 9 : 4 = 0.387804
  -- 9 : 5 = -0.020934
  -- 9 : 6 = 0.324902
  -- 9 : 7 = -0.299697
  -- 9 : 8 = -0.17479
  -- 9 : 9 = 0.228369
  -- 9 : 10 = -0.443491
  -- 10 : 1 = -0.268094
  -- 10 : 2 = -0.449808
  -- 10 : 3 = -0.0479053
  -- 10 : 4 = 0.108966
  -- 10 : 5 = 0.217362
  -- 10 : 6 = 0.351257
  -- 10 : 7 = 0.0419679
  -- 10 : 8 = 0.214999
  -- 10 : 9 = 0.170319
  -- 10 : 10 = -0.168238
  Inner Net 2
  -- 1 : 1 = -0.662486
  -- 1 : 2 = -0.22673
  -- 1 : 3 = -0.0167058
  -- 1 : 4 = 0.126127
  -- 2 : 1 = 0.0980477
  -- 2 : 2 = 0.0729874
  -- 2 : 3 = 0.222011
  -- 2 : 4 = -0.0978882
  -- 3 : 1 = 0.627395
  -- 3 : 2 = -0.442208
  -- 3 : 3 = 0.0997115
  -- 3 : 4 = -0.12614
  -- 4 : 1 = 0.260452
  -- 4 : 2 = 0.0562354
  -- 4 : 3 = 0.0694714
  -- 4 : 4 = 0.0616527
  -- 5 : 1 = 0.321021
  -- 5 : 2 = -0.432394
  -- 5 : 3 = 0.106114
  -- 5 : 4 = 0.275325
  -- 6 : 1 = 0.0330637
  -- 6 : 2 = 0.131566
  -- 6 : 3 = -0.495492
  -- 6 : 4 = 0.728489
  -- 7 : 1 = 0.164805
  -- 7 : 2 = 0.25631
  -- 7 : 3 = 0.287326
  -- 7 : 4 = 0.0166938
  -- 8 : 1 = 0.163316
  -- 8 : 2 = -0.277412
  -- 8 : 3 = 0.312453
  -- 8 : 4 = -0.149038
  -- 9 : 1 = 0.655308
  -- 9 : 2 = 0.202458
  -- 9 : 3 = -0.386007
  -- 9 : 4 = 0.909726
  -- 10 : 1 = -0.0949779
  -- 10 : 2 = 0.171914
  -- 10 : 3 = 0.398097
  -- 10 : 4 = 0.378614
  Inner Net 3
  -- 1 : 1 = -0.0770972
  -- 1 : 2 = -0.0341971
  -- 2 : 1 = -0.827682
  -- 2 : 2 = -0.306401
  -- 3 : 1 = 0.605547
  -- 3 : 2 = 0.155516
  -- 4 : 1 = 0.24973
  -- 4 : 2 = 0.316247
Out\Act	False		True
False	0.246549	0.595431	0.84198
True	0.0485483	0.109472	0.15802
	0.295098	0.704902
	Accuracy [ (tp + tn) / testSize ]: 0.356021
	Precision [ tp / (tp + fp) ]:      0.155196
	Sensitivity [ tp / (tp + fn) ]:    0.690691
	Specificity [ tn / (tn + fp) ]:    0.292655
	F-Score [ 2tp / (2tp + fp + fn) ]: 0.253583
