
Date / Time: Fri Mar 31 02:01:40 2017

   ****************************************
   * PSO Neural Net (Gaussian Activation) *
   *       by William Boler, BSCE         *
   *     Research Assistant, IUPUI        *
   *                                      *
   *  Professor: Dr. Lauren Christopher   *
   *     Created: March 13, 2017          *
   ****************************************


Inputs: 10
Inner Nets: 1
 - 9
Tests per train(min): 100
Particles: 50
Neighbors: 10
Minimum Particle Iterations: 1000
Particle (0):: Fit: 0.0108198	PB: 0.0108198	LB: 0.0108198	GB: 0.0108198	Conf: 1.97107	Pts: 110099
Particle (1):: Fit: 0.00102096	PB: 0.00102096	LB: 0.0108198	GB: 0.0108198	Conf: 2	Pts: 55099
Particle (2):: Fit: 0.0106156	PB: 0.0106156	LB: 0.0108198	GB: 0.0108198	Conf: 1.79362	Pts: 60099
Particle (3):: Fit: 0.0114319	PB: 0.0114319	LB: 0.0114319	GB: 0.0114319	Conf: 1.93671	Pts: 110099
Particle (4):: Fit: 0.000777304	PB: 0.000777304	LB: 0.0114319	GB: 0.0114319	Conf: 1.92069	Pts: 55099
Particle (5):: Fit: 0.124453	PB: 0.124453	LB: 0.124453	GB: 0.124453	Conf: 1.70268	Pts: 110099
Particle (6):: Fit: 8.534e-005	PB: 8.534e-005	LB: 0.124453	GB: 0.124453	Conf: 0.906694	Pts: 55099
Particle (7):: Fit: 9.41498e-005	PB: 9.41498e-005	LB: 0.124453	GB: 0.124453	Conf: 0.507708	Pts: 60099
Particle (8):: Fit: 0.0108189	PB: 0.0108189	LB: 0.124453	GB: 0.124453	Conf: 1.27573	Pts: 65099
Particle (9):: Fit: 0.000980356	PB: 0.000980356	LB: 0.124453	GB: 0.124453	Conf: 2	Pts: 55099
Particle (10):: Fit: 0.0115674	PB: 0.0115674	LB: 0.0115674	GB: 0.124453	Conf: 0.0718023	Pts: 75099
Particle (11):: Fit: 0.0104126	PB: 0.0104126	LB: 0.0115674	GB: 0.124453	Conf: 2	Pts: 55099
Particle (12):: Fit: 0.000655556	PB: 0.000655556	LB: 0.0115674	GB: 0.124453	Conf: 0.414761	Pts: 55099
Particle (13):: Fit: 0.0112245	PB: 0.0112245	LB: 0.0115674	GB: 0.124453	Conf: 2	Pts: 65099
Particle (14):: Fit: 0.0110216	PB: 0.0110216	LB: 0.0115674	GB: 0.124453	Conf: 1.84293	Pts: 55099
Particle (15):: Fit: 0.0116305	PB: 0.0116305	LB: 0.0116305	GB: 0.124453	Conf: 2	Pts: 100099
Particle (16):: Fit: 0.000939758	PB: 0.000939758	LB: 0.0116305	GB: 0.124453	Conf: 1.96858	Pts: 55099
Particle (17):: Fit: 0.0108186	PB: 0.0108186	LB: 0.0116305	GB: 0.124453	Conf: 2	Pts: 60099
Particle (18):: Fit: 0.00102096	PB: 0.00102096	LB: 0.0116305	GB: 0.124453	Conf: 2	Pts: 55099
Particle (19):: Fit: 0.000939754	PB: 0.000939754	LB: 0.0116305	GB: 0.124453	Conf: 2	Pts: 55099
Particle (20):: Fit: 0.0112246	PB: 0.0112246	LB: 0.0112246	GB: 0.124453	Conf: 1.98648	Pts: 75099
Particle (21):: Fit: 0.0106174	PB: 0.0106174	LB: 0.0112246	GB: 0.124453	Conf: 1.71603	Pts: 55099
Particle (22):: Fit: 0.000939754	PB: 0.000939754	LB: 0.0112246	GB: 0.124453	Conf: 2	Pts: 55099
Particle (23):: Fit: 0.00093981	PB: 0.00093981	LB: 0.0112246	GB: 0.124453	Conf: 0.543199	Pts: 60099
Particle (24):: Fit: 0.000858548	PB: 0.000858548	LB: 0.0112246	GB: 0.124453	Conf: 1.98911	Pts: 55099
Particle (25):: Fit: 0.000919559	PB: 0.000919559	LB: 0.0106174	GB: 0.124453	Conf: 1.83313	Pts: 60099
Particle (26):: Fit: 0.000858579	PB: 0.000858579	LB: 0.00093981	GB: 0.124453	Conf: 0.17797	Pts: 55099
Particle (27):: Fit: 0.00104553	PB: 0.00104553	LB: 0.00104553	GB: 0.124453	Conf: 0.529238	Pts: 80099
Particle (28):: Fit: 0.0108282	PB: 0.0108282	LB: 0.0108282	GB: 0.124453	Conf: 0.789995	Pts: 90099
Particle (29):: Fit: 0.0106156	PB: 0.0106156	LB: 0.0108282	GB: 0.124453	Conf: 1.96399	Pts: 55099
Particle (30):: Fit: 0.000919453	PB: 0.000919453	LB: 0.0108282	GB: 0.124453	Conf: 2	Pts: 55099
Particle (31):: Fit: 0.000838246	PB: 0.000838246	LB: 0.0108282	GB: 0.124453	Conf: 2	Pts: 55099
Particle (32):: Fit: 0.0106208	PB: 0.0106208	LB: 0.0108282	GB: 0.124453	Conf: 0.73712	Pts: 70099
Particle (33):: Fit: 0.000939754	PB: 0.000939754	LB: 0.0106208	GB: 0.124453	Conf: 2	Pts: 55099
Particle (34):: Fit: 0.00100066	PB: 0.00100066	LB: 0.0106208	GB: 0.124453	Conf: 1.89939	Pts: 60099
Particle (35):: Fit: 0.00100074	PB: 0.00100074	LB: 0.0106208	GB: 0.124453	Conf: 1.97955	Pts: 65099
Particle (36):: Fit: 0.11625	PB: 0.11625	LB: 0.11625	GB: 0.124453	Conf: 1.75599	Pts: 100099
Particle (37):: Fit: 0.000960062	PB: 0.000960062	LB: 0.11625	GB: 0.124453	Conf: 1.13042	Pts: 55099
Particle (38):: Fit: 0.00102096	PB: 0.00102096	LB: 0.11625	GB: 0.124453	Conf: 2	Pts: 60099
Particle (39):: Fit: 0.0108186	PB: 0.0108186	LB: 0.11625	GB: 0.124453	Conf: 2	Pts: 65099
Particle (40):: Fit: 0.0110217	PB: 0.0110217	LB: 0.11625	GB: 0.124453	Conf: 1.84306	Pts: 70099
Particle (41):: Fit: 0.0098065	PB: 0.0098065	LB: 0.0110217	GB: 0.124453	Conf: 1.91052	Pts: 50099
Particle (42):: Fit: 0.0102069	PB: 0.0102069	LB: 0.0110217	GB: 0.124453	Conf: 1.73103	Pts: 50099
Particle (43):: Fit: 7.88104e-005	PB: 7.88104e-005	LB: 0.0110217	GB: 0.124453	Conf: 0.544403	Pts: 50099
Particle (44):: Fit: 0.00102096	PB: 0.00102096	LB: 0.0110217	GB: 0.124453	Conf: 1.90322	Pts: 50099
Particle (45):: Fit: 0.0104127	PB: 0.0104127	LB: 0.0108198	GB: 0.124453	Conf: 1.71382	Pts: 50099
Particle (46):: Fit: 0.0122395	PB: 0.0122395	LB: 0.0122395	GB: 0.124453	Conf: 2	Pts: 95099
Particle (47):: Fit: 0.0102029	PB: 0.0102029	LB: 0.0122395	GB: 0.124453	Conf: 1.56894	Pts: 50099
Particle (48):: Fit: 0.116323	PB: 0.116323	LB: 0.116323	GB: 0.124453	Conf: 1.7914	Pts: 85099
Particle (49):: Fit: 0.000960055	PB: 0.000960055	LB: 0.116323	GB: 0.124453	Conf: 2	Pts: 50099
Global: 0.124453 - Correct: 43% of 100 tests
Global Best: 
  Inner Net 1
  -- 1 : 1 = 0.0933
  -- 1 : 2 = 0.2431
  -- 1 : 3 = 0.1725
  -- 1 : 4 = 0.0945
  -- 1 : 5 = 0.2076
  -- 1 : 6 = 0.7777
  -- 1 : 7 = 0.1039
  -- 1 : 8 = 0.5745
  -- 1 : 9 = 0.2699
  -- 2 : 1 = 0.0304
  -- 2 : 2 = 0.1289
  -- 2 : 3 = 0.4641
  -- 2 : 4 = 0.3548
  -- 2 : 5 = 0.5253
  -- 2 : 6 = 0.9597
  -- 2 : 7 = 0.6526
  -- 2 : 8 = 0.1692
  -- 2 : 9 = 0.2288
  -- 3 : 1 = 0.3084
  -- 3 : 2 = 0.3972
  -- 3 : 3 = 0.9703
  -- 3 : 4 = 0.1177
  -- 3 : 5 = 0.7259
  -- 3 : 6 = 0.3281
  -- 3 : 7 = 0.317
  -- 3 : 8 = 0.8232
  -- 3 : 9 = 0.4376
  -- 4 : 1 = 0.3915
  -- 4 : 2 = 0.1864
  -- 4 : 3 = 0.8179
  -- 4 : 4 = 0.2351
  -- 4 : 5 = 0.4549
  -- 4 : 6 = 0.863
  -- 4 : 7 = 0.4598
  -- 4 : 8 = 0.308
  -- 4 : 9 = 0.331
  -- 5 : 1 = 0.9803
  -- 5 : 2 = 0.3784
  -- 5 : 3 = 0.3443
  -- 5 : 4 = 0.393
  -- 5 : 5 = 0.7642
  -- 5 : 6 = 0.1579
  -- 5 : 7 = 0.8087
  -- 5 : 8 = 0.8758
  -- 5 : 9 = 0.5395
  -- 6 : 1 = 0.3316
  -- 6 : 2 = 0.6199
  -- 6 : 3 = 0.1238
  -- 6 : 4 = 0.1617
  -- 6 : 5 = 0.9004
  -- 6 : 6 = 0.5399
  -- 6 : 7 = 0.3025
  -- 6 : 8 = 0.0356
  -- 6 : 9 = 0.943
  -- 7 : 1 = 0.0925
  -- 7 : 2 = 0.8591
  -- 7 : 3 = 0.6146
  -- 7 : 4 = 0.165
  -- 7 : 5 = 0.6651
  -- 7 : 6 = 0.1602
  -- 7 : 7 = 0.7017
  -- 7 : 8 = 0.7041
  -- 7 : 9 = 0.1004
  -- 8 : 1 = 0.3603
  -- 8 : 2 = 0.6809
  -- 8 : 3 = 0.5034
  -- 8 : 4 = 0.1741
  -- 8 : 5 = 0.0366
  -- 8 : 6 = 0.4256
  -- 8 : 7 = 0.9981
  -- 8 : 8 = 0.6942
  -- 8 : 9 = 0.4288
  -- 9 : 1 = 0.6933
  -- 9 : 2 = 0.1686
  -- 9 : 3 = 0.1705
  -- 9 : 4 = 0.6496
  -- 9 : 5 = 0.4761
  -- 9 : 6 = 0.8579
  -- 9 : 7 = 0.469
  -- 9 : 8 = 0.598
  -- 9 : 9 = 0.6059
  -- 10 : 1 = 0.2361
  -- 10 : 2 = 0.5071
  -- 10 : 3 = 0.263
  -- 10 : 4 = 0.2555
  -- 10 : 5 = 0.6661
  -- 10 : 6 = 0.5115
  -- 10 : 7 = 0.9967
  -- 10 : 8 = 0.1425
  -- 10 : 9 = 0.8815
  Inner Net 2
  -- 1 : 1 = 0.3933
  -- 1 : 2 = -0.00329385
  -- 2 : 1 = 0.1751
  -- 2 : 2 = 0.1867
  -- 3 : 1 = -0.179306
  -- 3 : 2 = -0.0523703
  -- 4 : 1 = 0.4092
  -- 4 : 2 = 0.2667
  -- 5 : 1 = 0.1259
  -- 5 : 2 = 0.0721
  -- 6 : 1 = 0.057
  -- 6 : 2 = -0.0513241
  -- 7 : 1 = -0.216469
  -- 7 : 2 = -0.1645
  -- 8 : 1 = -0.3077
  -- 8 : 2 = -0.0714334
  -- 9 : 1 = 0.4622
  -- 9 : 2 = -0.0600215
Out\Act	False		True
False	0.84198	0	0.84198
True	0.15802	0	0.15802
	1	0
	Accuracy [ (tp + tn) / testSize ]: 0.84198
	Precision [ tp / (tp + fp) ]:      0
	Sensitivity [ tp / (tp + fn) ]:    0
	Specificity [ tn / (tn + fp) ]:    0.999435
	F-Score [ 2tp / (2tp + fp + fn) ]: 0
Particle (1):: Fit: 0.0110216	PB: 0.0110216	LB: 0.124453	GB: 0.124453	Conf: 1.98361	Pts: 55198
Particle (2):: Fit: 0.122448	PB: 0.122448	LB: 0.124453	GB: 0.124453	Conf: 1.82588	Pts: 75198
Particle (4):: Fit: 0.0104126	PB: 0.0104126	LB: 0.124453	GB: 0.124453	Conf: 1.98266	Pts: 55198
Particle (6):: Fit: 0.00103141	PB: 0.00103141	LB: 0.124453	GB: 0.124453	Conf: 1.15021	Pts: 55198
Particle (7):: Fit: 0.000960061	PB: 0.000960061	LB: 0.124453	GB: 0.124453	Conf: 0.920792	Pts: 60198
Particle (9):: Fit: 0.0106156	PB: 0.0106156	LB: 0.124453	GB: 0.124453	Conf: 2	Pts: 55198
Particle (11):: Fit: 0.0106156	PB: 0.0106156	LB: 0.0116305	GB: 0.124453	Conf: 2	Pts: 55198
Particle (12):: Fit: 0.00112866	PB: 0.00112866	LB: 0.0116305	GB: 0.124453	Conf: 0.454085	Pts: 55198
Particle (17):: Fit: 0.0110215	PB: 0.0110215	LB: 0.0116305	GB: 0.124453	Conf: 2	Pts: 60198
Particle (22):: Fit: 0.00100066	PB: 0.00100066	LB: 0.0112246	GB: 0.124453	Conf: 2	Pts: 55198
Particle (24):: Fit: 0.0126454	PB: 0.0126454	LB: 0.0126454	GB: 0.124453	Conf: 2	Pts: 105198
Particle (25):: Fit: 0.00102097	PB: 0.00102097	LB: 0.0126454	GB: 0.124453	Conf: 1.84062	Pts: 60198
Particle (26):: Fit: 0.0132558	PB: 0.0132558	LB: 0.0132558	GB: 0.124453	Conf: 0.836236	Pts: 105198
Particle (27):: Fit: 0.131914	PB: 0.131914	LB: 0.131914	GB: 0.131914	Conf: 0.832996	Pts: 140198
Particle (30):: Fit: 0.0122395	PB: 0.0122395	LB: 0.131914	GB: 0.131914	Conf: 2	Pts: 55198
Particle (31):: Fit: 0.00102096	PB: 0.00102096	LB: 0.131914	GB: 0.131914	Conf: 2	Pts: 55198
Particle (33):: Fit: 0.0112246	PB: 0.0112246	LB: 0.11625	GB: 0.131914	Conf: 1.98974	Pts: 55198
Particle (34):: Fit: 0.00100104	PB: 0.00100104	LB: 0.11625	GB: 0.131914	Conf: 1.90868	Pts: 60198
Particle (35):: Fit: 0.0100079	PB: 0.0100079	LB: 0.11625	GB: 0.131914	Conf: 1.95944	Pts: 65198
Particle (37):: Fit: 0.0118343	PB: 0.0118343	LB: 0.11625	GB: 0.131914	Conf: 1.05363	Pts: 55198
Particle (38):: Fit: 0.0120365	PB: 0.0120365	LB: 0.11625	GB: 0.131914	Conf: 2	Pts: 60198
Particle (41):: Fit: 0.108263	PB: 0.108263	LB: 0.108263	GB: 0.131914	Conf: 1.96	Pts: 60198
Particle (43):: Fit: 9.3045e-005	PB: 9.3045e-005	LB: 0.116323	GB: 0.131914	Conf: 0.727936	Pts: 50197
Particle (44):: Fit: 0.114327	PB: 0.114327	LB: 0.116323	GB: 0.131914	Conf: 1.87394	Pts: 60198
Particle (47):: Fit: 0.110088	PB: 0.110088	LB: 0.122448	GB: 0.131914	Conf: 1.70285	Pts: 50198
Particle (49):: Fit: 0.0106156	PB: 0.0106156	LB: 0.122448	GB: 0.131914	Conf: 1.98359	Pts: 50198
Global: 0.131914 - Correct: 63% of 100 tests
Global Best: 
  Inner Net 1
  -- 1 : 1 = 0.0505
  -- 1 : 2 = 0.9069
  -- 1 : 3 = 0.6806
  -- 1 : 4 = 0.0763
  -- 1 : 5 = 0.9259
  -- 1 : 6 = 0.6209
  -- 1 : 7 = 0.3374
  -- 1 : 8 = 0.4844
  -- 1 : 9 = 0.3056
  -- 2 : 1 = 0.2558
  -- 2 : 2 = 0.3095
  -- 2 : 3 = 0.1282
  -- 2 : 4 = 0.8456
  -- 2 : 5 = 0.256
  -- 2 : 6 = 0.7707
  -- 2 : 7 = 0.4338
  -- 2 : 8 = 0.4043
  -- 2 : 9 = 0.1252
  -- 3 : 1 = 0.0155
  -- 3 : 2 = 0.9732
  -- 3 : 3 = 0.7675
  -- 3 : 4 = 0.0658
  -- 3 : 5 = 0.1623
  -- 3 : 6 = 0.4494
  -- 3 : 7 = 0.1223
  -- 3 : 8 = 0.6684
  -- 3 : 9 = 0.1755
  -- 4 : 1 = 0.9077
  -- 4 : 2 = 0.9842
  -- 4 : 3 = 0.2412
  -- 4 : 4 = 0.8844
  -- 4 : 5 = 0.0065
  -- 4 : 6 = 0.1331
  -- 4 : 7 = 0.3705
  -- 4 : 8 = 0.282
  -- 4 : 9 = 0.0593
  -- 5 : 1 = 0.7278
  -- 5 : 2 = 0.073
  -- 5 : 3 = 0.2906
  -- 5 : 4 = 0.0015
  -- 5 : 5 = 0.0467
  -- 5 : 6 = 0.1918
  -- 5 : 7 = 0.0022
  -- 5 : 8 = 0.7797
  -- 5 : 9 = 0.7749
  -- 6 : 1 = 0.1195
  -- 6 : 2 = 0.3011
  -- 6 : 3 = 0.424
  -- 6 : 4 = 0.259
  -- 6 : 5 = 0.0998
  -- 6 : 6 = 0.031
  -- 6 : 7 = 0.1939
  -- 6 : 8 = 0.2465
  -- 6 : 9 = 0.6546
  -- 7 : 1 = 0.523
  -- 7 : 2 = 0.7823
  -- 7 : 3 = 0.5328
  -- 7 : 4 = 0.094
  -- 7 : 5 = 0.3532
  -- 7 : 6 = 0.6274
  -- 7 : 7 = 0.2015
  -- 7 : 8 = 0.2711
  -- 7 : 9 = 0.8245
  -- 8 : 1 = 0.595
  -- 8 : 2 = 0.1577
  -- 8 : 3 = 0.2179
  -- 8 : 4 = 0.0853
  -- 8 : 5 = 0.0364
  -- 8 : 6 = 0.3633
  -- 8 : 7 = 0.6388
  -- 8 : 8 = 0.551
  -- 8 : 9 = 0.2512
  -- 9 : 1 = 0.1356
  -- 9 : 2 = 0.296
  -- 9 : 3 = 0.8338
  -- 9 : 4 = 0.5311
  -- 9 : 5 = 0.1485
  -- 9 : 6 = 0.5432
  -- 9 : 7 = 0.535
  -- 9 : 8 = 0.259
  -- 9 : 9 = 0.7136
  -- 10 : 1 = 0.041
  -- 10 : 2 = 0.2487
  -- 10 : 3 = 0.1788
  -- 10 : 4 = 0.3195
  -- 10 : 5 = 0.4631
  -- 10 : 6 = 0.3449
  -- 10 : 7 = 0.2643
  -- 10 : 8 = 0.6658
  -- 10 : 9 = 0.6113
  Inner Net 2
  -- 1 : 1 = -0.245
  -- 1 : 2 = -0.368267
  -- 2 : 1 = -0.0112202
  -- 2 : 2 = -0.348134
  -- 3 : 1 = -0.436379
  -- 3 : 2 = -0.305761
  -- 4 : 1 = -0.1855
  -- 4 : 2 = -0.294
  -- 5 : 1 = 0.11943
  -- 5 : 2 = -0.183385
  -- 6 : 1 = -0.134037
  -- 6 : 2 = -0.0245391
  -- 7 : 1 = -0.211671
  -- 7 : 2 = -0.384935
  -- 8 : 1 = -0.306991
  -- 8 : 2 = -0.298969
  -- 9 : 1 = -0.200143
  -- 9 : 2 = -0.0593765
Out\Act	False		True
False	0.84198	0	0.84198
True	0.15802	0	0.15802
	1	0
	Accuracy [ (tp + tn) / testSize ]: 0.84198
	Precision [ tp / (tp + fp) ]:      0
	Sensitivity [ tp / (tp + fn) ]:    0
	Specificity [ tn / (tn + fp) ]:    0.999435
	F-Score [ 2tp / (2tp + fp + fn) ]: 0
Particle (1):: Fit: 0.0112245	PB: 0.0112245	LB: 0.124453	GB: 0.131914	Conf: 2	Pts: 55297
Particle (4):: Fit: 0.0104174	PB: 0.0104174	LB: 0.124453	GB: 0.131914	Conf: 1.90138	Pts: 55297
Particle (7):: Fit: 0.0104131	PB: 0.0104131	LB: 0.124453	GB: 0.131914	Conf: 0.191156	Pts: 60297
Particle (8):: Fit: 0.108071	PB: 0.108071	LB: 0.124453	GB: 0.131914	Conf: 1.33007	Pts: 80197
Particle (14):: Fit: 0.118383	PB: 0.118383	LB: 0.118383	GB: 0.131914	Conf: 1.78511	Pts: 100197
Particle (16):: Fit: 0.00102096	PB: 0.00102096	LB: 0.118383	GB: 0.131914	Conf: 1.96929	Pts: 55197
Particle (19):: Fit: 0.000980356	PB: 0.000980356	LB: 0.0126454	GB: 0.131914	Conf: 2	Pts: 55197
Particle (22):: Fit: 0.0108186	PB: 0.0108186	LB: 0.131914	GB: 0.131914	Conf: 2	Pts: 55297
Particle (28):: Fit: 0.13002	PB: 0.13002	LB: 0.131914	GB: 0.131914	Conf: 0.764433	Pts: 95197
Particle (29):: Fit: 0.0112245	PB: 0.0112245	LB: 0.131914	GB: 0.131914	Conf: 2	Pts: 55197
Particle (32):: Fit: 0.0112253	PB: 0.0112253	LB: 0.13002	GB: 0.131914	Conf: 0.342078	Pts: 70197
Particle (34):: Fit: 0.0106157	PB: 0.0106157	LB: 0.11625	GB: 0.131914	Conf: 1.82609	Pts: 60297
Particle (39):: Fit: 0.0118335	PB: 0.0118335	LB: 0.11625	GB: 0.131914	Conf: 2	Pts: 65197
Particle (43):: Fit: 9.95063e-005	PB: 9.95063e-005	LB: 0.116323	GB: 0.131914	Conf: 0.741161	Pts: 50296
Particle (7):: Fit: 0.0108187	PB: 0.0108187	LB: 0.124453	GB: 0.131914	Conf: 0.0479965	Pts: 60396
Particle (11):: Fit: 0.0110215	PB: 0.0110215	LB: 0.118383	GB: 0.131914	Conf: 2	Pts: 55296
Particle (13):: Fit: 0.0122395	PB: 0.0122395	LB: 0.118383	GB: 0.131914	Conf: 2	Pts: 65196
Particle (29):: Fit: 0.0120365	PB: 0.0120365	LB: 0.131914	GB: 0.131914	Conf: 2	Pts: 55296
Particle (33):: Fit: 0.0116305	PB: 0.0116305	LB: 0.11625	GB: 0.131914	Conf: 2	Pts: 55296
Particle (40):: Fit: 0.0110217	PB: 0.0110217	LB: 0.11625	GB: 0.131914	Conf: 1.89411	Pts: 70196
Particle (42):: Fit: 0.0102126	PB: 0.0102126	LB: 0.114327	GB: 0.131914	Conf: 1.87581	Pts: 50196
Particle (47):: Fit: 0.118359	PB: 0.118359	LB: 0.122448	GB: 0.131914	Conf: 1.51946	Pts: 75296
Particle (49):: Fit: 0.0114275	PB: 0.0114275	LB: 0.122448	GB: 0.131914	Conf: 2	Pts: 50296
Particle (0):: Fit: 0.110301	PB: 0.110301	LB: 0.124453	GB: 0.131914	Conf: 1.96347	Pts: 110195
Particle (9):: Fit: 0.0128484	PB: 0.0128484	LB: 0.124453	GB: 0.131914	Conf: 2	Pts: 55295
Particle (11):: Fit: 0.0114275	PB: 0.0114275	LB: 0.118383	GB: 0.131914	Conf: 2	Pts: 55395
Particle (17):: Fit: 0.0120365	PB: 0.0120365	LB: 0.118383	GB: 0.131914	Conf: 2	Pts: 60295
Particle (19):: Fit: 0.0116305	PB: 0.0116305	LB: 0.0126454	GB: 0.131914	Conf: 2	Pts: 55295
Particle (22):: Fit: 0.0126454	PB: 0.0126454	LB: 0.131914	GB: 0.131914	Conf: 2	Pts: 55395
Particle (23):: Fit: 0.0104133	PB: 0.0104133	LB: 0.131914	GB: 0.131914	Conf: 0.63642	Pts: 60194
Particle (31):: Fit: 0.0112252	PB: 0.0112252	LB: 0.131914	GB: 0.131914	Conf: 1.98953	Pts: 55295
Particle (35):: Fit: 0.0102111	PB: 0.0102111	LB: 0.11625	GB: 0.131914	Conf: 1.95855	Pts: 65295
Particle (39):: Fit: 0.0122395	PB: 0.0122395	LB: 0.11625	GB: 0.131914	Conf: 2	Pts: 65295
Particle (42):: Fit: 0.0112247	PB: 0.0112247	LB: 0.118359	GB: 0.131914	Conf: 1.84553	Pts: 50295
Particle (43):: Fit: 0.000989285	PB: 0.000989285	LB: 0.118359	GB: 0.131914	Conf: 0.385951	Pts: 50394
Particle (11):: Fit: 0.0124424	PB: 0.0124424	LB: 0.118383	GB: 0.131914	Conf: 2	Pts: 55494
Particle (18):: Fit: 0.0122395	PB: 0.0122395	LB: 0.118383	GB: 0.131914	Conf: 2	Pts: 55194
Particle (21):: Fit: 0.0110218	PB: 0.0110218	LB: 0.0132558	GB: 0.131914	Conf: 1.93614	Pts: 55194
Particle (25):: Fit: 0.0104132	PB: 0.0104132	LB: 0.131914	GB: 0.131914	Conf: 1.76235	Pts: 60294
Particle (36):: Fit: 0.118218	PB: 0.118218	LB: 0.118218	GB: 0.131914	Conf: 1.60302	Pts: 140194
Particle (41):: Fit: 0.110226	PB: 0.110226	LB: 0.114327	GB: 0.131914	Conf: 1.86803	Pts: 60294
Particle (43):: Fit: 0.0118344	PB: 0.0118344	LB: 0.118359	GB: 0.131914	Conf: 0.796439	Pts: 50493
Particle (47):: Fit: 0.124486	PB: 0.124486	LB: 0.124486	GB: 0.131914	Conf: 1.62083	Pts: 125394
Particle (7):: Fit: 0.0108193	PB: 0.0108193	LB: 0.124453	GB: 0.131914	Conf: 0.773226	Pts: 60493
Particle (8):: Fit: 0.124477	PB: 0.124477	LB: 0.124477	GB: 0.131914	Conf: 1.49712	Pts: 130293
Particle (12):: Fit: 0.00114753	PB: 0.00114753	LB: 0.124477	GB: 0.131914	Conf: 0.683772	Pts: 55293
Particle (16):: Fit: 0.0108191	PB: 0.0108191	LB: 0.118383	GB: 0.131914	Conf: 1.98858	Pts: 55293
Particle (34):: Fit: 0.0110215	PB: 0.0110215	LB: 0.118218	GB: 0.131914	Conf: 1.91312	Pts: 60393
Particle (35):: Fit: 0.0108191	PB: 0.0108191	LB: 0.118218	GB: 0.131914	Conf: 1.98363	Pts: 65393
Particle (40):: Fit: 0.106203	PB: 0.106203	LB: 0.118218	GB: 0.131914	Conf: 1.90652	Pts: 70293
Particle (45):: Fit: 0.0110216	PB: 0.0110216	LB: 0.124486	GB: 0.131914	Conf: 1.86798	Pts: 50193
Particle (3):: Fit: 0.0116305	PB: 0.0116305	LB: 0.124477	GB: 0.131914	Conf: 1.96896	Pts: 110192
Particle (4):: Fit: 0.0106156	PB: 0.0106156	LB: 0.124477	GB: 0.131914	Conf: 1.9859	Pts: 55392
Particle (16):: Fit: 0.0118335	PB: 0.0118335	LB: 0.118383	GB: 0.131914	Conf: 2	Pts: 55392
Particle (34):: Fit: 0.0114329	PB: 0.0114329	LB: 0.118218	GB: 0.131914	Conf: 1.93732	Pts: 60492
Particle (36):: Fit: 0.122383	PB: 0.122383	LB: 0.122383	GB: 0.131914	Conf: 1.70586	Pts: 180292
Particle (42):: Fit: 0.114285	PB: 0.114285	LB: 0.124486	GB: 0.131914	Conf: 1.8287	Pts: 50392
Particle (4):: Fit: 0.0106173	PB: 0.0106173	LB: 0.124477	GB: 0.131914	Conf: 1.9639	Pts: 55491
Particle (7):: Fit: 0.0108193	PB: 0.0108193	LB: 0.124477	GB: 0.131914	Conf: 0.734774	Pts: 60591
Particle (8):: Fit: 0.126312	PB: 0.126312	LB: 0.126312	GB: 0.131914	Conf: 1.38716	Pts: 180391
Particle (19):: Fit: 0.0122395	PB: 0.0122395	LB: 0.0126454	GB: 0.131914	Conf: 2	Pts: 55391
Particle (41):: Fit: 0.12652	PB: 0.12652	LB: 0.12652	GB: 0.131914	Conf: 1.87329	Pts: 110391
Particle (1):: Fit: 0.0118335	PB: 0.0118335	LB: 0.124486	GB: 0.131914	Conf: 2	Pts: 55390
Particle (32):: Fit: 0.0114336	PB: 0.0114336	LB: 0.13002	GB: 0.131914	Conf: 0.681705	Pts: 70290
Particle (34):: Fit: 0.112295	PB: 0.112295	LB: 0.122383	GB: 0.131914	Conf: 1.8949	Pts: 60590
Particle (35):: Fit: 0.0116306	PB: 0.0116306	LB: 0.122383	GB: 0.131914	Conf: 1.95086	Pts: 65490
Particle (37):: Fit: 0.114167	PB: 0.114167	LB: 0.12652	GB: 0.131914	Conf: 1.05586	Pts: 55290
Particle (45):: Fit: 0.0112246	PB: 0.0112246	LB: 0.12652	GB: 0.131914	Conf: 1.87891	Pts: 50290
Particle (48):: Fit: 0.116335	PB: 0.116335	LB: 0.124486	GB: 0.131914	Conf: 1.80431	Pts: 85190
Particle (49):: Fit: 0.0116305	PB: 0.0116305	LB: 0.124486	GB: 0.131914	Conf: 2	Pts: 50390
Particle (4):: Fit: 0.0112295	PB: 0.0112295	LB: 0.126312	GB: 0.131914	Conf: 1.97322	Pts: 55589
Particle (21):: Fit: 0.0126535	PB: 0.0126535	LB: 0.0132558	GB: 0.131914	Conf: 1.83478	Pts: 65289
Particle (23):: Fit: 0.0112255	PB: 0.0112255	LB: 0.131914	GB: 0.131914	Conf: 0.463456	Pts: 60288
Particle (33):: Fit: 0.0118343	PB: 0.0118343	LB: 0.122383	GB: 0.131914	Conf: 1.98767	Pts: 55389
Particle (45):: Fit: 0.0116375	PB: 0.0116375	LB: 0.12652	GB: 0.131914	Conf: 1.76007	Pts: 50389
Particle (1):: Fit: 0.0120365	PB: 0.0120365	LB: 0.124486	GB: 0.131914	Conf: 2	Pts: 55488
Particle (25):: Fit: 0.0106157	PB: 0.0106157	LB: 0.131914	GB: 0.131914	Conf: 1.89716	Pts: 60388
Particle (43):: Fit: 0.0122397	PB: 0.0122397	LB: 0.12652	GB: 0.131914	Conf: 0.20881	Pts: 50587
Particle (48):: Fit: 0.12041	PB: 0.12041	LB: 0.124486	GB: 0.131914	Conf: 1.7884	Pts: 85288
Particle (15):: Fit: 0.0120365	PB: 0.0120365	LB: 0.118383	GB: 0.131914	Conf: 2	Pts: 100187
Particle (32):: Fit: 0.110204	PB: 0.110204	LB: 0.13002	GB: 0.131914	Conf: 0.84517	Pts: 70387
Particle (45):: Fit: 0.108201	PB: 0.108201	LB: 0.12652	GB: 0.131914	Conf: 1.88637	Pts: 50487
Particle (20):: Fit: 0.0116305	PB: 0.0116305	LB: 0.0126535	GB: 0.131914	Conf: 1.97423	Pts: 75186
Particle (35):: Fit: 0.0118335	PB: 0.0118335	LB: 0.122383	GB: 0.131914	Conf: 1.98581	Pts: 65586
Particle (15):: Fit: 0.0122395	PB: 0.0122395	LB: 0.118383	GB: 0.131914	Conf: 2	Pts: 100285
Particle (43):: Fit: 0.0138647	PB: 0.0138647	LB: 0.12652	GB: 0.131914	Conf: 1.12397	Pts: 50684
Particle (36):: Fit: 0.124292	PB: 0.124292	LB: 0.12652	GB: 0.131914	Conf: 1.5747	Pts: 195384
Particle (46):: Fit: 0.0126454	PB: 0.0126454	LB: 0.124486	GB: 0.131914	Conf: 2	Pts: 95183
Particle (17):: Fit: 0.0122395	PB: 0.0122395	LB: 0.118383	GB: 0.131914	Conf: 2	Pts: 60382
Particle (35):: Fit: 0.112317	PB: 0.112317	LB: 0.124292	GB: 0.131914	Conf: 1.99	Pts: 65682
Particle (4):: Fit: 0.118402	PB: 0.118402	LB: 0.126312	GB: 0.131914	Conf: 1.94355	Pts: 55681
Particle (17):: Fit: 0.0124424	PB: 0.0124424	LB: 0.118383	GB: 0.131914	Conf: 2	Pts: 60481
Particle (21):: Fit: 0.114325	PB: 0.114325	LB: 0.114325	GB: 0.131914	Conf: 1.91649	Pts: 80380
Particle (25):: Fit: 0.0114278	PB: 0.0114278	LB: 0.131914	GB: 0.131914	Conf: 1.85415	Pts: 60480
Particle (11):: Fit: 0.116377	PB: 0.116377	LB: 0.126312	GB: 0.131914	Conf: 1.98262	Pts: 55579
Particle (20):: Fit: 0.0120365	PB: 0.0120365	LB: 0.114325	GB: 0.131914	Conf: 1.98143	Pts: 75279
Particle (21):: Fit: 0.118388	PB: 0.118388	LB: 0.118388	GB: 0.131914	Conf: 1.89955	Pts: 110479
Particle (29):: Fit: 0.106226	PB: 0.106226	LB: 0.131914	GB: 0.131914	Conf: 1.985	Pts: 55379
Particle (42):: Fit: 0.122452	PB: 0.122452	LB: 0.12652	GB: 0.131914	Conf: 1.87461	Pts: 50479
Particle (6):: Fit: 0.0104173	PB: 0.0104173	LB: 0.126312	GB: 0.131914	Conf: 0.43479	Pts: 55264
Particle (23):: Fit: 0.0112255	PB: 0.0112255	LB: 0.131914	GB: 0.131914	Conf: 0.598909	Pts: 60377
Particle (33):: Fit: 0.110287	PB: 0.110287	LB: 0.124292	GB: 0.131914	Conf: 1.98705	Pts: 55478
Particle (18):: Fit: 0.114347	PB: 0.114347	LB: 0.118388	GB: 0.131914	Conf: 1.98236	Pts: 55277
Particle (48):: Fit: 0.120414	PB: 0.120414	LB: 0.124486	GB: 0.131914	Conf: 1.84845	Pts: 85377
Particle (6):: Fit: 0.0112256	PB: 0.0112256	LB: 0.126312	GB: 0.131914	Conf: 1.0118	Pts: 55361
Particle (7):: Fit: 0.0118345	PB: 0.0118345	LB: 0.126312	GB: 0.131914	Conf: 0.326082	Pts: 60676
Particle (29):: Fit: 0.106226	PB: 0.106226	LB: 0.131914	GB: 0.131914	Conf: 1.98686	Pts: 55476
Particle (44):: Fit: 0.120378	PB: 0.120378	LB: 0.12652	GB: 0.131914	Conf: 1.87307	Pts: 60273
Particle (5):: Fit: 0.128443	PB: 0.128443	LB: 0.128443	GB: 0.131914	Conf: 1.67113	Pts: 160172
Particle (32):: Fit: 0.124464	PB: 0.124464	LB: 0.13002	GB: 0.131914	Conf: 0.512599	Pts: 85472
Particle (41):: Fit: 0.126531	PB: 0.126531	LB: 0.126531	GB: 0.131914	Conf: 1.95114	Pts: 160472
Particle (43):: Fit: 0.110293	PB: 0.110293	LB: 0.126531	GB: 0.131914	Conf: 0.53544	Pts: 50770
Particle (16):: Fit: 0.108256	PB: 0.108256	LB: 0.118388	GB: 0.131914	Conf: 1.98722	Pts: 55470
Particle (20):: Fit: 0.0132544	PB: 0.0132544	LB: 0.118388	GB: 0.131914	Conf: 1.98571	Pts: 75369
Particle (31):: Fit: 0.0118335	PB: 0.0118335	LB: 0.131914	GB: 0.131914	Conf: 2	Pts: 55369
Particle (12):: Fit: 0.0106162	PB: 0.0106162	LB: 0.126312	GB: 0.131914	Conf: 0.335787	Pts: 55363
Particle (23):: Fit: 0.0114286	PB: 0.0114286	LB: 0.131914	GB: 0.131914	Conf: 0.566116	Pts: 60466
Particle (32):: Fit: 0.128535	PB: 0.128535	LB: 0.13002	GB: 0.131914	Conf: 0.784686	Pts: 105564
Particle (49):: Fit: 0.0120365	PB: 0.0120365	LB: 0.124486	GB: 0.131914	Conf: 2	Pts: 50467
Particle (3):: Fit: 0.0128484	PB: 0.0128484	LB: 0.128443	GB: 0.131914	Conf: 1.98551	Pts: 110266
Particle (13):: Fit: 0.118407	PB: 0.118407	LB: 0.118407	GB: 0.131914	Conf: 1.98379	Pts: 90266
Particle (25):: Fit: 0.0116308	PB: 0.0116308	LB: 0.131914	GB: 0.131914	Conf: 1.91954	Pts: 60566
Particle (37):: Fit: 0.120052	PB: 0.120052	LB: 0.126531	GB: 0.131914	Conf: 1.33908	Pts: 55366
Particle (45):: Fit: 0.114287	PB: 0.114287	LB: 0.126531	GB: 0.131914	Conf: 1.74286	Pts: 50564
Particle (45):: Fit: 0.118373	PB: 0.118373	LB: 0.126531	GB: 0.131914	Conf: 1.85704	Pts: 50663
Particle (36):: Fit: 0.126493	PB: 0.126493	LB: 0.128535	GB: 0.131914	Conf: 1.75052	Pts: 195462
Particle (19):: Fit: 0.0128484	PB: 0.0128484	LB: 0.118388	GB: 0.131914	Conf: 2	Pts: 55461
Particle (37):: Fit: 0.128238	PB: 0.128238	LB: 0.128238	GB: 0.131914	Conf: 0.813555	Pts: 80461
Particle (12):: Fit: 0.0114287	PB: 0.0114287	LB: 0.126312	GB: 0.131914	Conf: 0.844659	Pts: 55453
Particle (15):: Fit: 0.0128484	PB: 0.0128484	LB: 0.118407	GB: 0.131914	Conf: 2	Pts: 100360
Particle (14):: Fit: 0.120422	PB: 0.120422	LB: 0.120422	GB: 0.131914	Conf: 1.86502	Pts: 130257
Particle (31):: Fit: 0.0120373	PB: 0.0120373	LB: 0.131914	GB: 0.131914	Conf: 1.98796	Pts: 55455
Particle (38):: Fit: 0.0124424	PB: 0.0124424	LB: 0.128238	GB: 0.131914	Conf: 2	Pts: 60254
Particle (1):: Fit: 0.0124424	PB: 0.0124424	LB: 0.128443	GB: 0.131914	Conf: 2	Pts: 55553
Particle (14):: Fit: 0.124458	PB: 0.124458	LB: 0.124458	GB: 0.131914	Conf: 1.83452	Pts: 160351
Particle (5):: Fit: 0.132522	PB: 0.132522	LB: 0.132522	GB: 0.132522	Conf: 1.67034	Pts: 220250
Global: 0.132522 - Correct: 46% of 100 tests
Global Best: 
  Inner Net 1
  -- 1 : 1 = 0.0933
  -- 1 : 2 = 0.2431
  -- 1 : 3 = 0.1725
  -- 1 : 4 = 0.0945
  -- 1 : 5 = 0.2076
  -- 1 : 6 = 0.7777
  -- 1 : 7 = 0.1039
  -- 1 : 8 = 0.5745
  -- 1 : 9 = 0.2699
  -- 2 : 1 = 0.0304
  -- 2 : 2 = 0.1289
  -- 2 : 3 = 0.4641
  -- 2 : 4 = 0.3548
  -- 2 : 5 = 0.5253
  -- 2 : 6 = 0.9597
  -- 2 : 7 = 0.6526
  -- 2 : 8 = 0.1692
  -- 2 : 9 = 0.2288
  -- 3 : 1 = 0.3084
  -- 3 : 2 = 0.3972
  -- 3 : 3 = 0.9703
  -- 3 : 4 = 0.1177
  -- 3 : 5 = 0.7259
  -- 3 : 6 = 0.3281
  -- 3 : 7 = 0.317
  -- 3 : 8 = 0.8232
  -- 3 : 9 = 0.4376
  -- 4 : 1 = 0.3915
  -- 4 : 2 = 0.1864
  -- 4 : 3 = 0.8179
  -- 4 : 4 = 0.2351
  -- 4 : 5 = 0.4549
  -- 4 : 6 = 0.863
  -- 4 : 7 = 0.4598
  -- 4 : 8 = 0.308
  -- 4 : 9 = 0.331
  -- 5 : 1 = 0.9803
  -- 5 : 2 = 0.3784
  -- 5 : 3 = 0.3443
  -- 5 : 4 = 0.393
  -- 5 : 5 = 0.7642
  -- 5 : 6 = 0.1579
  -- 5 : 7 = 0.8087
  -- 5 : 8 = 0.8758
  -- 5 : 9 = 0.5395
  -- 6 : 1 = 0.3316
  -- 6 : 2 = 0.6199
  -- 6 : 3 = 0.1238
  -- 6 : 4 = 0.1617
  -- 6 : 5 = 0.9004
  -- 6 : 6 = 0.5399
  -- 6 : 7 = 0.3025
  -- 6 : 8 = 0.0356
  -- 6 : 9 = 0.943
  -- 7 : 1 = 0.0925
  -- 7 : 2 = 0.8591
  -- 7 : 3 = 0.6146
  -- 7 : 4 = 0.165
  -- 7 : 5 = 0.6651
  -- 7 : 6 = 0.1602
  -- 7 : 7 = 0.7017
  -- 7 : 8 = 0.7041
  -- 7 : 9 = 0.1004
  -- 8 : 1 = 0.3603
  -- 8 : 2 = 0.6809
  -- 8 : 3 = 0.5034
  -- 8 : 4 = 0.1741
  -- 8 : 5 = 0.0366
  -- 8 : 6 = 0.4256
  -- 8 : 7 = 0.9981
  -- 8 : 8 = 0.6942
  -- 8 : 9 = 0.4288
  -- 9 : 1 = 0.6933
  -- 9 : 2 = 0.1686
  -- 9 : 3 = 0.1705
  -- 9 : 4 = 0.6496
  -- 9 : 5 = 0.4761
  -- 9 : 6 = 0.8579
  -- 9 : 7 = 0.469
  -- 9 : 8 = 0.598
  -- 9 : 9 = 0.6059
  -- 10 : 1 = 0.2361
  -- 10 : 2 = 0.5071
  -- 10 : 3 = 0.263
  -- 10 : 4 = 0.2555
  -- 10 : 5 = 0.6661
  -- 10 : 6 = 0.5115
  -- 10 : 7 = 0.9967
  -- 10 : 8 = 0.1425
  -- 10 : 9 = 0.8815
  Inner Net 2
  -- 1 : 1 = 0.5081
  -- 1 : 2 = -0.12448
  -- 2 : 1 = 0.12849
  -- 2 : 2 = -0.0701584
  -- 3 : 1 = -0.299783
  -- 3 : 2 = 0.128539
  -- 4 : 1 = 0.376266
  -- 4 : 2 = -0.163034
  -- 5 : 1 = 0.664885
  -- 5 : 2 = -0.0656039
  -- 6 : 1 = -0.194417
  -- 6 : 2 = 0.0371376
  -- 7 : 1 = -0.548319
  -- 7 : 2 = 0.172607
  -- 8 : 1 = -0.425713
  -- 8 : 2 = 0.199362
  -- 9 : 1 = 0.644255
  -- 9 : 2 = -0.0708641
Out\Act	False		True
False	0.84198	0	0.84198
True	0.15802	0	0.15802
	1	0
	Accuracy [ (tp + tn) / testSize ]: 0.84198
	Precision [ tp / (tp + fp) ]:      0
	Sensitivity [ tp / (tp + fn) ]:    0
	Specificity [ tn / (tn + fp) ]:    0.999435
	F-Score [ 2tp / (2tp + fp + fn) ]: 0
Particle (1):: Fit: 0.104196	PB: 0.104196	LB: 0.132522	GB: 0.132522	Conf: 1.98279	Pts: 55649
Particle (21):: Fit: 0.128555	PB: 0.128555	LB: 0.128555	GB: 0.132522	Conf: 1.88897	Pts: 140545
Particle (29):: Fit: 0.112309	PB: 0.112309	LB: 0.131914	GB: 0.132522	Conf: 1.96865	Pts: 55545
Particle (34):: Fit: 0.116354	PB: 0.116354	LB: 0.128535	GB: 0.132522	Conf: 1.82996	Pts: 60644
Particle (14):: Fit: 0.134635	PB: 0.134635	LB: 0.134635	GB: 0.134635	Conf: 1.86407	Pts: 220440
Global: 0.134635 - Correct: 40% of 100 tests
Global Best: 
  Inner Net 1
  -- 1 : 1 = 0.287
  -- 1 : 2 = 0.6354
  -- 1 : 3 = 0.5667
  -- 1 : 4 = 0.0014
  -- 1 : 5 = 0.5587
  -- 1 : 6 = 0.4071
  -- 1 : 7 = 0.1364
  -- 1 : 8 = 0.7215
  -- 1 : 9 = 0.3259
  -- 2 : 1 = 0.3129
  -- 2 : 2 = 0.0123
  -- 2 : 3 = 0.8356
  -- 2 : 4 = 0.9167
  -- 2 : 5 = 0.6505
  -- 2 : 6 = 0.7555
  -- 2 : 7 = 0.3197
  -- 2 : 8 = 0.2329
  -- 2 : 9 = 0.8796
  -- 3 : 1 = 0.7651
  -- 3 : 2 = 0.193
  -- 3 : 3 = 0.2703
  -- 3 : 4 = 0.0904
  -- 3 : 5 = 0.5393
  -- 3 : 6 = 0.9957
  -- 3 : 7 = 0.6012
  -- 3 : 8 = 0.1329
  -- 3 : 9 = 0.6104
  -- 4 : 1 = 0.2656
  -- 4 : 2 = 0.5264
  -- 4 : 3 = 0.3413
  -- 4 : 4 = 0.145
  -- 4 : 5 = 0.7218
  -- 4 : 6 = 0.9142
  -- 4 : 7 = 0.378
  -- 4 : 8 = 0.1799
  -- 4 : 9 = 0.222
  -- 5 : 1 = 0.8183
  -- 5 : 2 = 0.5172
  -- 5 : 3 = 0.1629
  -- 5 : 4 = 0.464
  -- 5 : 5 = 0.659
  -- 5 : 6 = 0.274
  -- 5 : 7 = 0.6002
  -- 5 : 8 = 0.5396
  -- 5 : 9 = 0.9083
  -- 6 : 1 = 0.656
  -- 6 : 2 = 0.1393
  -- 6 : 3 = 0.6243
  -- 6 : 4 = 0.6172
  -- 6 : 5 = 0.3268
  -- 6 : 6 = 0.3362
  -- 6 : 7 = 0.0469
  -- 6 : 8 = 0.7689
  -- 6 : 9 = 0.2357
  -- 7 : 1 = 0.1149
  -- 7 : 2 = 0.5297
  -- 7 : 3 = 0.2446
  -- 7 : 4 = 0.3852
  -- 7 : 5 = 0.3183
  -- 7 : 6 = 0.5216
  -- 7 : 7 = 0.7423
  -- 7 : 8 = 0.418
  -- 7 : 9 = 0.9134
  -- 8 : 1 = 0.4611
  -- 8 : 2 = 0.2279
  -- 8 : 3 = 0.8454
  -- 8 : 4 = 0.713
  -- 8 : 5 = 0.7207
  -- 8 : 6 = 0.8961
  -- 8 : 7 = 0.0002
  -- 8 : 8 = 0.6069
  -- 8 : 9 = 0.8552
  -- 9 : 1 = 0.1738
  -- 9 : 2 = 0.9665
  -- 9 : 3 = 0.1012
  -- 9 : 4 = 0.1828
  -- 9 : 5 = 0.9399
  -- 9 : 6 = 0.5849
  -- 9 : 7 = 0.5158
  -- 9 : 8 = 0.8754
  -- 9 : 9 = 0.1107
  -- 10 : 1 = 0.0017
  -- 10 : 2 = 0.4517
  -- 10 : 3 = 0.9699
  -- 10 : 4 = 0.3996
  -- 10 : 5 = 0.0742
  -- 10 : 6 = 0.9402
  -- 10 : 7 = 0.7095
  -- 10 : 8 = 0.4879
  -- 10 : 9 = 0.5021
  Inner Net 2
  -- 1 : 1 = 0.297851
  -- 1 : 2 = -0.41723
  -- 2 : 1 = 0.14723
  -- 2 : 2 = 0.0832735
  -- 3 : 1 = 0.225852
  -- 3 : 2 = -0.26028
  -- 4 : 1 = -0.705166
  -- 4 : 2 = -0.0817577
  -- 5 : 1 = 0.211857
  -- 5 : 2 = 0.336973
  -- 6 : 1 = -0.237503
  -- 6 : 2 = 0.384575
  -- 7 : 1 = 0.187245
  -- 7 : 2 = -0.167744
  -- 8 : 1 = 0.0651279
  -- 8 : 2 = -0.205079
  -- 9 : 1 = 0.34497
  -- 9 : 2 = 0.0288704
Out\Act	False		True
False	0.841504	0.000475964	0.84198
True	0.156116	0.00190386	0.15802
	0.99762	0.00237982
	Accuracy [ (tp + tn) / testSize ]: 0.843408
	Precision [ tp / (tp + fp) ]:      0.666667
	Sensitivity [ tp / (tp + fn) ]:    0.012012
	Specificity [ tn / (tn + fp) ]:    0.99887
	F-Score [ 2tp / (2tp + fp + fn) ]: 0.0236686
Particle (6):: Fit: 0.114358	PB: 0.114358	LB: 0.132522	GB: 0.134635	Conf: 0.657578	Pts: 55411
Particle (36):: Fit: 0.130486	PB: 0.130486	LB: 0.130486	GB: 0.134635	Conf: 1.55187	Pts: 240538
Particle (41):: Fit: 0.128557	PB: 0.128557	LB: 0.128557	GB: 0.134635	Conf: 1.93107	Pts: 185535
Particle (8):: Fit: 0.126473	PB: 0.126473	LB: 0.132522	GB: 0.134635	Conf: 1.46776	Pts: 180432
Particle (23):: Fit: 0.0122407	PB: 0.0122407	LB: 0.131914	GB: 0.134635	Conf: 0.445126	Pts: 60530
Particle (2):: Fit: 0.126458	PB: 0.126458	LB: 0.132522	GB: 0.134635	Conf: 1.71618	Pts: 90231
Particle (21):: Fit: 0.130572	PB: 0.130572	LB: 0.130572	GB: 0.134635	Conf: 1.83047	Pts: 155631
Particle (24):: Fit: 0.112317	PB: 0.112317	LB: 0.131914	GB: 0.134635	Conf: 1.98281	Pts: 105231
Particle (28):: Fit: 0.132849	PB: 0.132849	LB: 0.132849	GB: 0.134635	Conf: 0.795048	Pts: 145228
Particle (31):: Fit: 0.0130514	PB: 0.0130514	LB: 0.132849	GB: 0.134635	Conf: 2	Pts: 55527
Particle (32):: Fit: 0.128563	PB: 0.128563	LB: 0.132849	GB: 0.134635	Conf: 0.645314	Pts: 105616
Particle (47):: Fit: 0.128557	PB: 0.128557	LB: 0.128557	GB: 0.134635	Conf: 1.67953	Pts: 145425
Particle (34):: Fit: 0.118392	PB: 0.118392	LB: 0.130486	GB: 0.134635	Conf: 1.92724	Pts: 60724
Particle (49):: Fit: 0.0122395	PB: 0.0122395	LB: 0.128557	GB: 0.134635	Conf: 2	Pts: 50523
Particle (5):: Fit: 0.136615	PB: 0.136615	LB: 0.136615	GB: 0.136615	Conf: 1.77937	Pts: 280322
Global: 0.136615 - Correct: 43% of 100 tests
Global Best: 
  Inner Net 1
  -- 1 : 1 = 0.0933
  -- 1 : 2 = 0.2431
  -- 1 : 3 = 0.1725
  -- 1 : 4 = 0.0945
  -- 1 : 5 = 0.2076
  -- 1 : 6 = 0.7777
  -- 1 : 7 = 0.1039
  -- 1 : 8 = 0.5745
  -- 1 : 9 = 0.2699
  -- 2 : 1 = 0.0304
  -- 2 : 2 = 0.1289
  -- 2 : 3 = 0.4641
  -- 2 : 4 = 0.3548
  -- 2 : 5 = 0.5253
  -- 2 : 6 = 0.9597
  -- 2 : 7 = 0.6526
  -- 2 : 8 = 0.1692
  -- 2 : 9 = 0.2288
  -- 3 : 1 = 0.3084
  -- 3 : 2 = 0.3972
  -- 3 : 3 = 0.9703
  -- 3 : 4 = 0.1177
  -- 3 : 5 = 0.7259
  -- 3 : 6 = 0.3281
  -- 3 : 7 = 0.317
  -- 3 : 8 = 0.8232
  -- 3 : 9 = 0.4376
  -- 4 : 1 = 0.3915
  -- 4 : 2 = 0.1864
  -- 4 : 3 = 0.8179
  -- 4 : 4 = 0.2351
  -- 4 : 5 = 0.4549
  -- 4 : 6 = 0.863
  -- 4 : 7 = 0.4598
  -- 4 : 8 = 0.308
  -- 4 : 9 = 0.331
  -- 5 : 1 = 0.9803
  -- 5 : 2 = 0.3784
  -- 5 : 3 = 0.3443
  -- 5 : 4 = 0.393
  -- 5 : 5 = 0.7642
  -- 5 : 6 = 0.1579
  -- 5 : 7 = 0.8087
  -- 5 : 8 = 0.8758
  -- 5 : 9 = 0.5395
  -- 6 : 1 = 0.3316
  -- 6 : 2 = 0.6199
  -- 6 : 3 = 0.1238
  -- 6 : 4 = 0.1617
  -- 6 : 5 = 0.9004
  -- 6 : 6 = 0.5399
  -- 6 : 7 = 0.3025
  -- 6 : 8 = 0.0356
  -- 6 : 9 = 0.943
  -- 7 : 1 = 0.0925
  -- 7 : 2 = 0.8591
  -- 7 : 3 = 0.6146
  -- 7 : 4 = 0.165
  -- 7 : 5 = 0.6651
  -- 7 : 6 = 0.1602
  -- 7 : 7 = 0.7017
  -- 7 : 8 = 0.7041
  -- 7 : 9 = 0.1004
  -- 8 : 1 = 0.3603
  -- 8 : 2 = 0.6809
  -- 8 : 3 = 0.5034
  -- 8 : 4 = 0.1741
  -- 8 : 5 = 0.0366
  -- 8 : 6 = 0.4256
  -- 8 : 7 = 0.9981
  -- 8 : 8 = 0.6942
  -- 8 : 9 = 0.4288
  -- 9 : 1 = 0.6933
  -- 9 : 2 = 0.1686
  -- 9 : 3 = 0.1705
  -- 9 : 4 = 0.6496
  -- 9 : 5 = 0.4761
  -- 9 : 6 = 0.8579
  -- 9 : 7 = 0.469
  -- 9 : 8 = 0.598
  -- 9 : 9 = 0.6059
  -- 10 : 1 = 0.2361
  -- 10 : 2 = 0.5071
  -- 10 : 3 = 0.263
  -- 10 : 4 = 0.2555
  -- 10 : 5 = 0.6661
  -- 10 : 6 = 0.5115
  -- 10 : 7 = 0.9967
  -- 10 : 8 = 0.1425
  -- 10 : 9 = 0.8815
  Inner Net 2
  -- 1 : 1 = 0.462361
  -- 1 : 2 = -0.457758
  -- 2 : 1 = -0.20867
  -- 2 : 2 = -0.221311
  -- 3 : 1 = 0.188437
  -- 3 : 2 = 0.206867
  -- 4 : 1 = 0.633572
  -- 4 : 2 = -0.0653912
  -- 5 : 1 = 0.615123
  -- 5 : 2 = -0.060736
  -- 6 : 1 = -0.566642
  -- 6 : 2 = 0.26223
  -- 7 : 1 = -0.142184
  -- 7 : 2 = -0.0758274
  -- 8 : 1 = -0.684347
  -- 8 : 2 = 0.355661
  -- 9 : 1 = 0.77594
  -- 9 : 2 = -0.0219452
Out\Act	False		True
False	0.84198	0	0.84198
True	0.15802	0	0.15802
	1	0
	Accuracy [ (tp + tn) / testSize ]: 0.84198
	Precision [ tp / (tp + fp) ]:      0
	Sensitivity [ tp / (tp + fn) ]:    0
	Specificity [ tn / (tn + fp) ]:    0.999435
	F-Score [ 2tp / (2tp + fp + fn) ]: 0
Particle (8):: Fit: 0.128402	PB: 0.128402	LB: 0.136615	GB: 0.136615	Conf: 1.34471	Pts: 180520
Particle (30):: Fit: 0.0124424	PB: 0.0124424	LB: 0.132849	GB: 0.136615	Conf: 2	Pts: 55219
Particle (36):: Fit: 0.130489	PB: 0.130489	LB: 0.130489	GB: 0.136615	Conf: 1.66578	Pts: 280617
Particle (48):: Fit: 0.134645	PB: 0.134645	LB: 0.134645	GB: 0.136615	Conf: 1.87442	Pts: 120414
Particle (12):: Fit: 0.0118348	PB: 0.0118348	LB: 0.134635	GB: 0.136615	Conf: 0.748759	Pts: 55495
Particle (43):: Fit: 0.118408	PB: 0.118408	LB: 0.134645	GB: 0.136615	Conf: 0.369591	Pts: 50803
Particle (43):: Fit: 0.119767	PB: 0.119767	LB: 0.134645	GB: 0.136615	Conf: 0.884502	Pts: 50901
Particle (46):: Fit: 0.0128484	PB: 0.0128484	LB: 0.134645	GB: 0.136615	Conf: 2	Pts: 95205
Particle (10):: Fit: 0.0117685	PB: 0.0117685	LB: 0.134635	GB: 0.136615	Conf: 0.579601	Pts: 75098
Particle (16):: Fit: 0.114277	PB: 0.114277	LB: 0.134635	GB: 0.136615	Conf: 0.754908	Pts: 55496
Particle (7):: Fit: 0.114279	PB: 0.114279	LB: 0.136615	GB: 0.136615	Conf: 0.479555	Pts: 60692
Particle (17):: Fit: 0.12404	PB: 0.12404	LB: 0.134635	GB: 0.136615	Conf: 0.611492	Pts: 60497
Particle (25):: Fit: 0.112252	PB: 0.112252	LB: 0.132849	GB: 0.136615	Conf: 0.74484	Pts: 60596
Particle (45):: Fit: 0.122239	PB: 0.122239	LB: 0.134645	GB: 0.136615	Conf: 0.436485	Pts: 50697
Particle (12):: Fit: 0.134571	PB: 0.134571	LB: 0.134635	GB: 0.136615	Conf: 0.723129	Pts: 55581
Particle (13):: Fit: 0.120176	PB: 0.120176	LB: 0.134635	GB: 0.136615	Conf: 0.732234	Pts: 90295
Particle (17):: Fit: 0.130525	PB: 0.130525	LB: 0.134635	GB: 0.136615	Conf: 0.823925	Pts: 60596
Particle (15):: Fit: 0.11216	PB: 0.11216	LB: 0.134635	GB: 0.136615	Conf: 1.19458	Pts: 100395
Particle (29):: Fit: 15049.2	PB: 15049.2	LB: 15049.2	GB: 15049.2	Conf: 0.422854	Pts: 115595
Particle (38):: Fit: 0.110052	PB: 0.110052	LB: 0.130489	GB: 15049.2	Conf: 1.57948	Pts: 60295
Global: 15049.2 - Correct: 74% of 100 tests
Global Best: 
  Inner Net 1
  -- 1 : 1 = -1
  -- 1 : 2 = -0.0798717
  -- 1 : 3 = -0.0276933
  -- 1 : 4 = 0.0378291
  -- 1 : 5 = 0.435893
  -- 1 : 6 = 0.138948
  -- 1 : 7 = 0.59975
  -- 1 : 8 = 0.0617303
  -- 1 : 9 = 0.385467
  -- 2 : 1 = 0.667095
  -- 2 : 2 = 0.255567
  -- 2 : 3 = 0.7963
  -- 2 : 4 = 0.470406
  -- 2 : 5 = 0.031695
  -- 2 : 6 = -0.0191307
  -- 2 : 7 = 0.931624
  -- 2 : 8 = 0.16882
  -- 2 : 9 = 0.425664
  -- 3 : 1 = 0.203581
  -- 3 : 2 = -0.052062
  -- 3 : 3 = 0.417484
  -- 3 : 4 = 0.216483
  -- 3 : 5 = -0.0394819
  -- 3 : 6 = 0.0510362
  -- 3 : 7 = 0.089118
  -- 3 : 8 = -0.00573065
  -- 3 : 9 = 0.163825
  -- 4 : 1 = 0.104092
  -- 4 : 2 = 0.404478
  -- 4 : 3 = 0.8306
  -- 4 : 4 = 0.656019
  -- 4 : 5 = 0.337655
  -- 4 : 6 = 0.629628
  -- 4 : 7 = 0.761126
  -- 4 : 8 = 0.337904
  -- 4 : 9 = 0.0852686
  -- 5 : 1 = -0.5
  -- 5 : 2 = -0.170825
  -- 5 : 3 = -0.0462159
  -- 5 : 4 = 0.052769
  -- 5 : 5 = 0.153459
  -- 5 : 6 = 0.504408
  -- 5 : 7 = 0.633136
  -- 5 : 8 = 0.213372
  -- 5 : 9 = 0.290778
  -- 6 : 1 = 0.314573
  -- 6 : 2 = 0.543995
  -- 6 : 3 = -0.0713288
  -- 6 : 4 = 0.262251
  -- 6 : 5 = 0.130604
  -- 6 : 6 = 0.391303
  -- 6 : 7 = -0.135968
  -- 6 : 8 = 0.9244
  -- 6 : 9 = 0.410138
  -- 7 : 1 = 0.251902
  -- 7 : 2 = 0.252054
  -- 7 : 3 = 0.873577
  -- 7 : 4 = -0.0781
  -- 7 : 5 = 0.442144
  -- 7 : 6 = 0.494489
  -- 7 : 7 = 0.204899
  -- 7 : 8 = 0.0813242
  -- 7 : 9 = -0.263492
  -- 8 : 1 = 0.656221
  -- 8 : 2 = 0.196195
  -- 8 : 3 = 0.772057
  -- 8 : 4 = 0.253504
  -- 8 : 5 = 0.16296
  -- 8 : 6 = -0.066357
  -- 8 : 7 = 0.364991
  -- 8 : 8 = 0.525939
  -- 8 : 9 = 0.378538
  -- 9 : 1 = 0.264415
  -- 9 : 2 = 0.0773806
  -- 9 : 3 = 0.0453487
  -- 9 : 4 = 0.0526632
  -- 9 : 5 = 0.229562
  -- 9 : 6 = 0.6325
  -- 9 : 7 = 0.16918
  -- 9 : 8 = 0.389964
  -- 9 : 9 = 0.9556
  -- 10 : 1 = -0.173778
  -- 10 : 2 = 0.311653
  -- 10 : 3 = -0.229587
  -- 10 : 4 = -0.17662
  -- 10 : 5 = 0.60436
  -- 10 : 6 = 0.286371
  -- 10 : 7 = 0.37224
  -- 10 : 8 = 0.159342
  -- 10 : 9 = -0.0181801
  Inner Net 2
  -- 1 : 1 = -0.157589
  -- 1 : 2 = 0.118468
  -- 2 : 1 = -0.38773
  -- 2 : 2 = -0.0144858
  -- 3 : 1 = -0.431793
  -- 3 : 2 = 0.387448
  -- 4 : 1 = -0.0178479
  -- 4 : 2 = 0.0441721
  -- 5 : 1 = 0.0992917
  -- 5 : 2 = 0.229724
  -- 6 : 1 = -0.121116
  -- 6 : 2 = -0.0519312
  -- 7 : 1 = -0.771419
  -- 7 : 2 = 0.38539
  -- 8 : 1 = -0.195955
  -- 8 : 2 = 0.157603
  -- 9 : 1 = -0.0927199
  -- 9 : 2 = -0.0285295
Out\Act	False		True
False	0.650643	0.191337	0.84198
True	0.0761542	0.0818658	0.15802
	0.726797	0.273203
	Accuracy [ (tp + tn) / testSize ]: 0.732508
	Precision [ tp / (tp + fp) ]:      0.29913
	Sensitivity [ tp / (tp + fn) ]:    0.516517
	Specificity [ tn / (tn + fp) ]:    0.772316
	F-Score [ 2tp / (2tp + fp + fn) ]: 0.379272
Particle (9):: Fit: 0.110078	PB: 0.110078	LB: 0.136615	GB: 15049.2	Conf: 0.92247	Pts: 55294
Particle (26):: Fit: 0.114183	PB: 0.114183	LB: 15049.2	GB: 15049.2	Conf: 0.886144	Pts: 105190
Particle (30):: Fit: 0.114127	PB: 0.114127	LB: 15049.2	GB: 15049.2	Conf: 0.517016	Pts: 55294
Particle (31):: Fit: 0.126511	PB: 0.126511	LB: 15049.2	GB: 15049.2	Conf: 0.392847	Pts: 55594
Particle (49):: Fit: 0.0126529	PB: 0.0126529	LB: 0.134645	GB: 15049.2	Conf: 0.180297	Pts: 50594
Particle (24):: Fit: 0.126484	PB: 0.126484	LB: 15049.2	GB: 15049.2	Conf: 0.247948	Pts: 105293
Particle (18):: Fit: 0.11619	PB: 0.11619	LB: 0.134635	GB: 15049.2	Conf: 0.479594	Pts: 55292
Particle (25):: Fit: 0.120415	PB: 0.120415	LB: 15049.2	GB: 15049.2	Conf: 0.830982	Pts: 60691
Particle (40):: Fit: 0.116154	PB: 0.116154	LB: 0.130489	GB: 15049.2	Conf: 0.418417	Pts: 70292
Particle (44):: Fit: 0.122435	PB: 0.122435	LB: 0.134645	GB: 15049.2	Conf: 0.285233	Pts: 60291
Particle (13):: Fit: 0.124666	PB: 0.124666	LB: 0.134635	GB: 15049.2	Conf: 0.58396	Pts: 90388
Particle (39):: Fit: 0.110283	PB: 0.110283	LB: 0.130489	GB: 15049.2	Conf: 0.522525	Pts: 65290
Particle (45):: Fit: 0.122362	PB: 0.122362	LB: 0.134645	GB: 15049.2	Conf: 0.465222	Pts: 50790
Particle (49):: Fit: 0.114055	PB: 0.114055	LB: 0.134645	GB: 15049.2	Conf: 0.533942	Pts: 50690
Particle (1):: Fit: 0.105923	PB: 0.105923	LB: 0.136615	GB: 15049.2	Conf: 0.89932	Pts: 55689
Particle (7):: Fit: 0.126101	PB: 0.126101	LB: 0.136615	GB: 15049.2	Conf: 0.669784	Pts: 60784
Particle (9):: Fit: 0.110241	PB: 0.110241	LB: 0.136615	GB: 15049.2	Conf: 0.693922	Pts: 55389
Particle (11):: Fit: 0.120269	PB: 0.120269	LB: 0.134635	GB: 15049.2	Conf: 0.505126	Pts: 55588
Particle (23):: Fit: 0.126503	PB: 0.126503	LB: 0.132849	GB: 15049.2	Conf: 0.134874	Pts: 60587
Particle (42):: Fit: 0.136457	PB: 0.136457	LB: 0.136457	GB: 15049.2	Conf: 0.582109	Pts: 100488
Particle (34):: Fit: 0.128574	PB: 0.128574	LB: 0.130489	GB: 15049.2	Conf: 0.800781	Pts: 60788
Particle (49):: Fit: 0.130549	PB: 0.130549	LB: 0.134645	GB: 15049.2	Conf: 0.668559	Pts: 50788
Particle (0):: Fit: 0.116398	PB: 0.116398	LB: 0.136615	GB: 15049.2	Conf: 0.900639	Pts: 110187
Particle (6):: Fit: 0.130028	PB: 0.130028	LB: 0.136615	GB: 15049.2	Conf: 0.24576	Pts: 55443
Particle (18):: Fit: 0.124261	PB: 0.124261	LB: 0.134635	GB: 15049.2	Conf: 0.32754	Pts: 55387
Particle (39):: Fit: 0.112095	PB: 0.112095	LB: 0.136457	GB: 15049.2	Conf: 0.3451	Pts: 65386
Particle (3):: Fit: 0.103798	PB: 0.103798	LB: 0.136615	GB: 15049.2	Conf: 0.685584	Pts: 110284
Particle (15):: Fit: 0.11835	PB: 0.11835	LB: 0.134635	GB: 15049.2	Conf: 0.644774	Pts: 100485
Particle (18):: Fit: 0.124302	PB: 0.124302	LB: 0.134635	GB: 15049.2	Conf: 0.515006	Pts: 55485
Particle (40):: Fit: 0.126543	PB: 0.126543	LB: 0.136457	GB: 15049.2	Conf: 0.184761	Pts: 70385
Particle (0):: Fit: 0.132473	PB: 0.132473	LB: 0.136615	GB: 15049.2	Conf: 0.567552	Pts: 110284
Particle (1):: Fit: 0.110196	PB: 0.110196	LB: 0.136615	GB: 15049.2	Conf: 0.933798	Pts: 55784
Particle (38):: Fit: 0.122383	PB: 0.122383	LB: 0.136457	GB: 15049.2	Conf: 0.582276	Pts: 60384
Particle (39):: Fit: 0.125927	PB: 0.125927	LB: 0.136457	GB: 15049.2	Conf: 0.639828	Pts: 65484
Particle (35):: Fit: 0.119965	PB: 0.119965	LB: 0.130489	GB: 15049.2	Conf: 0.874036	Pts: 65683
Particle (2):: Fit: 0.138612	PB: 0.138612	LB: 0.138612	GB: 15049.2	Conf: 0.715828	Pts: 140282
Particle (16):: Fit: 0.114349	PB: 0.114349	LB: 0.134635	GB: 15049.2	Conf: 0.379037	Pts: 55578
Particle (38):: Fit: 0.126441	PB: 0.126441	LB: 0.136457	GB: 15049.2	Conf: 0.764419	Pts: 60481
Particle (44):: Fit: 0.136491	PB: 0.136491	LB: 0.136491	GB: 15049.2	Conf: 0.387095	Pts: 100381
Particle (49):: Fit: 14679.3	PB: 14679.3	LB: 14679.3	GB: 15049.2	Conf: 0.438448	Pts: 100881
Particle (15):: Fit: 0.128329	PB: 0.128329	LB: 0.134635	GB: 15049.2	Conf: 0.69986	Pts: 100580
Particle (17):: Fit: 0.13231	PB: 0.13231	LB: 0.134635	GB: 15049.2	Conf: 0.72092	Pts: 75679
Particle (1):: Fit: 0.116039	PB: 0.116039	LB: 14679.3	GB: 15049.2	Conf: 0.860011	Pts: 55879
Particle (19):: Fit: 0.118242	PB: 0.118242	LB: 0.13231	GB: 15049.2	Conf: 0.719966	Pts: 55478
Particle (1):: Fit: 0.128498	PB: 0.128498	LB: 14679.3	GB: 15049.2	Conf: 0.719076	Pts: 55978
Particle (28):: Fit: 0.136591	PB: 0.136591	LB: 15049.2	GB: 15049.2	Conf: 0.353339	Pts: 150278
Particle (41):: Fit: 0.138608	PB: 0.138608	LB: 0.138608	GB: 15049.2	Conf: 0.563619	Pts: 225578
Particle (46):: Fit: 0.12634	PB: 0.12634	LB: 14679.3	GB: 15049.2	Conf: 0.94227	Pts: 95277
Particle (3):: Fit: 0.120128	PB: 0.120128	LB: 14679.3	GB: 15049.2	Conf: 0.405645	Pts: 110375
Particle (16):: Fit: 0.124586	PB: 0.124586	LB: 0.134635	GB: 15049.2	Conf: 0.327552	Pts: 55673
Particle (25):: Fit: 0.120443	PB: 0.120443	LB: 15049.2	GB: 15049.2	Conf: 0.806585	Pts: 60774
Particle (3):: Fit: 0.136565	PB: 0.136565	LB: 14679.3	GB: 15049.2	Conf: 0.413922	Pts: 110473
Particle (42):: Fit: 0.136632	PB: 0.136632	LB: 0.138608	GB: 15049.2	Conf: 0.145887	Pts: 100573
Particle (26):: Fit: 0.120275	PB: 0.120275	LB: 15049.2	GB: 15049.2	Conf: 0.854028	Pts: 105269
Particle (17):: Fit: 0.14063	PB: 0.14063	LB: 0.14063	GB: 15049.2	Conf: 0.570977	Pts: 125770
Particle (25):: Fit: 0.124508	PB: 0.124508	LB: 15049.2	GB: 15049.2	Conf: 0.907841	Pts: 60871
Particle (9):: Fit: 0.124413	PB: 0.124413	LB: 0.136615	GB: 15049.2	Conf: 0.359115	Pts: 55470
Particle (25):: Fit: 0.128347	PB: 0.128347	LB: 15049.2	GB: 15049.2	Conf: 0.355663	Pts: 60969
Particle (35):: Fit: 0.120366	PB: 0.120366	LB: 0.130489	GB: 15049.2	Conf: 0.627966	Pts: 65770
Particle (21):: Fit: 0.138889	PB: 0.138889	LB: 0.14063	GB: 15049.2	Conf: 0.663715	Pts: 165667
Particle (33):: Fit: 0.114123	PB: 0.114123	LB: 15049.2	GB: 15049.2	Conf: 0.519745	Pts: 55465
Particle (26):: Fit: 0.1245	PB: 0.1245	LB: 15049.2	GB: 15049.2	Conf: 0.497227	Pts: 105360
Particle (45):: Fit: 0.126195	PB: 0.126195	LB: 14679.3	GB: 15049.2	Conf: 0.694732	Pts: 50864
Particle (19):: Fit: 0.128432	PB: 0.128432	LB: 0.14063	GB: 15049.2	Conf: 0.812897	Pts: 55560
Particle (22):: Fit: 0.124594	PB: 0.124594	LB: 0.138889	GB: 15049.2	Conf: 0.713423	Pts: 55359
Particle (30):: Fit: 0.122028	PB: 0.122028	LB: 15049.2	GB: 15049.2	Conf: 0.247115	Pts: 55360
Particle (38):: Fit: 0.126796	PB: 0.126796	LB: 0.138608	GB: 15049.2	Conf: 0.56811	Pts: 60560
Particle (35):: Fit: 0.130087	PB: 0.130087	LB: 0.130489	GB: 15049.2	Conf: 0.755787	Pts: 65859
Particle (11):: Fit: 0.120329	PB: 0.120329	LB: 0.134635	GB: 15049.2	Conf: 0.388502	Pts: 55655
Particle (4):: Fit: 0.119988	PB: 0.119988	LB: 0.138612	GB: 15049.2	Conf: 0.826742	Pts: 55657
Particle (11):: Fit: 0.125914	PB: 0.125914	LB: 0.134635	GB: 15049.2	Conf: 0.482583	Pts: 55753
Particle (33):: Fit: 0.118487	PB: 0.118487	LB: 15049.2	GB: 15049.2	Conf: 0.614612	Pts: 55556
Particle (4):: Fit: 0.126554	PB: 0.126554	LB: 0.138612	GB: 15049.2	Conf: 0.552525	Pts: 55754
Particle (47):: Fit: 0.140712	PB: 0.140712	LB: 14679.3	GB: 15049.2	Conf: 0.566275	Pts: 155454
Particle (27):: Fit: 0.136595	PB: 0.136595	LB: 15049.2	GB: 15049.2	Conf: 0.881009	Pts: 140148
Particle (16):: Fit: 0.13242	PB: 0.13242	LB: 0.14063	GB: 15049.2	Conf: 0.244893	Pts: 55748
Particle (34):: Fit: 0.130283	PB: 0.130283	LB: 0.130489	GB: 15049.2	Conf: 0.178684	Pts: 60849
Particle (32):: Fit: 0.1347	PB: 0.1347	LB: 15049.2	GB: 15049.2	Conf: 0.368515	Pts: 115630
Particle (20):: Fit: 0.105857	PB: 0.105857	LB: 0.14063	GB: 15049.2	Conf: 0.581551	Pts: 75345
Particle (13):: Fit: 0.126261	PB: 0.126261	LB: 0.14063	GB: 15049.2	Conf: 0.341718	Pts: 90445
Particle (26):: Fit: 0.130453	PB: 0.130453	LB: 15049.2	GB: 15049.2	Conf: 0.870068	Pts: 105441
Particle (0):: Fit: 15487.8	PB: 15487.8	LB: 15487.8	GB: 15487.8	Conf: 0.588495	Pts: 170344
Particle (32):: Fit: 0.136734	PB: 0.136734	LB: 15049.2	GB: 15487.8	Conf: 0.320457	Pts: 125724
Global: 15487.8 - Correct: 76% of 100 tests
Global Best: 
  Inner Net 1
  -- 1 : 1 = -0.143089
  -- 1 : 2 = 0.260347
  -- 1 : 3 = 0.054569
  -- 1 : 4 = 0.393924
  -- 1 : 5 = 0.24615
  -- 1 : 6 = 0.286959
  -- 1 : 7 = 0.227338
  -- 1 : 8 = 0.0760233
  -- 1 : 9 = 0.01355
  -- 2 : 1 = 0.329928
  -- 2 : 2 = -0.060025
  -- 2 : 3 = 0.512386
  -- 2 : 4 = 0.483854
  -- 2 : 5 = 0.17686
  -- 2 : 6 = 0.0200811
  -- 2 : 7 = -0.0119241
  -- 2 : 8 = -0.224523
  -- 2 : 9 = 0.421477
  -- 3 : 1 = -0.0668593
  -- 3 : 2 = 0.0976793
  -- 3 : 3 = 0.422851
  -- 3 : 4 = 0.343985
  -- 3 : 5 = -0.0716445
  -- 3 : 6 = -0.0886144
  -- 3 : 7 = 0.396153
  -- 3 : 8 = 0.102787
  -- 3 : 9 = 0.045949
  -- 4 : 1 = 0.382984
  -- 4 : 2 = -0.0713613
  -- 4 : 3 = 0.707142
  -- 4 : 4 = 0.231019
  -- 4 : 5 = 0.163541
  -- 4 : 6 = -0.113516
  -- 4 : 7 = 0.154195
  -- 4 : 8 = 0.132375
  -- 4 : 9 = 0.26256
  -- 5 : 1 = -0.267961
  -- 5 : 2 = 0.261037
  -- 5 : 3 = -0.0578057
  -- 5 : 4 = 0.202306
  -- 5 : 5 = -0.104218
  -- 5 : 6 = 0.294663
  -- 5 : 7 = 0.504767
  -- 5 : 8 = 0.289949
  -- 5 : 9 = 0.145325
  -- 6 : 1 = 0.668494
  -- 6 : 2 = -0.139843
  -- 6 : 3 = -0.0678351
  -- 6 : 4 = 0.148323
  -- 6 : 5 = -0.0076548
  -- 6 : 6 = 0.197463
  -- 6 : 7 = 0.0767263
  -- 6 : 8 = 0.456753
  -- 6 : 9 = 0.218407
  -- 7 : 1 = -0.0522637
  -- 7 : 2 = 0.317324
  -- 7 : 3 = 0.735408
  -- 7 : 4 = -0.0484104
  -- 7 : 5 = 0.0098931
  -- 7 : 6 = 0.391097
  -- 7 : 7 = -0.266081
  -- 7 : 8 = -0.0508554
  -- 7 : 9 = -0.162889
  -- 8 : 1 = 0.249908
  -- 8 : 2 = 0.433115
  -- 8 : 3 = 0.0189135
  -- 8 : 4 = 0.219137
  -- 8 : 5 = 0.21083
  -- 8 : 6 = -0.168102
  -- 8 : 7 = 0.0808256
  -- 8 : 8 = 0.279985
  -- 8 : 9 = 0.0803117
  -- 9 : 1 = -0.0188081
  -- 9 : 2 = 0.160097
  -- 9 : 3 = -0.00440412
  -- 9 : 4 = -0.206307
  -- 9 : 5 = 0.095392
  -- 9 : 6 = 0.209839
  -- 9 : 7 = -0.142281
  -- 9 : 8 = 0.22897
  -- 9 : 9 = -0.168386
  -- 10 : 1 = 0.453226
  -- 10 : 2 = 0.366234
  -- 10 : 3 = -0.00969236
  -- 10 : 4 = -0.0364086
  -- 10 : 5 = 0.525898
  -- 10 : 6 = 0.0951672
  -- 10 : 7 = 0.228298
  -- 10 : 8 = 0.377559
  -- 10 : 9 = 0.00284428
  Inner Net 2
  -- 1 : 1 = 0.505232
  -- 1 : 2 = 0.181851
  -- 2 : 1 = 0.0843795
  -- 2 : 2 = -0.134709
  -- 3 : 1 = 0.00853978
  -- 3 : 2 = -0.0906989
  -- 4 : 1 = -0.0305512
  -- 4 : 2 = -0.271843
  -- 5 : 1 = 0.00576883
  -- 5 : 2 = 0.0968788
  -- 6 : 1 = -0.137306
  -- 6 : 2 = 0.0286012
  -- 7 : 1 = 0.10941
  -- 7 : 2 = -0.187616
  -- 8 : 1 = -0.36191
  -- 8 : 2 = -0.180307
  -- 9 : 1 = 0.792227
  -- 9 : 2 = 0.00776265
Out\Act	False		True
False	0.572109	0.269871	0.84198
True	0.0623513	0.0956687	0.15802
	0.63446	0.36554
	Accuracy [ (tp + tn) / testSize ]: 0.667777
	Precision [ tp / (tp + fp) ]:      0.261378
	Sensitivity [ tp / (tp + fn) ]:    0.603604
	Specificity [ tn / (tn + fp) ]:    0.679096
	F-Score [ 2tp / (2tp + fp + fn) ]: 0.365123
Particle (9):: Fit: 0.126023	PB: 0.126023	LB: 0.136615	GB: 15487.8	Conf: 0.940626	Pts: 55540
Particle (33):: Fit: 0.126317	PB: 0.126317	LB: 15049.2	GB: 15487.8	Conf: 0.829553	Pts: 55638
Particle (9):: Fit: 0.134939	PB: 0.134939	LB: 0.136615	GB: 15487.8	Conf: 0.822703	Pts: 65636
Particle (18):: Fit: 0.126143	PB: 0.126143	LB: 0.14063	GB: 15487.8	Conf: 0.127511	Pts: 55536
Particle (10):: Fit: 0.0120108	PB: 0.0120108	LB: 0.134939	GB: 15487.8	Conf: 0.946817	Pts: 75130
Particle (13):: Fit: 0.128019	PB: 0.128019	LB: 0.14063	GB: 15487.8	Conf: 0.074526	Pts: 90531
Particle (23):: Fit: 0.134688	PB: 0.134688	LB: 0.138889	GB: 15487.8	Conf: 0.802736	Pts: 60631
Particle (24):: Fit: 0.132442	PB: 0.132442	LB: 15049.2	GB: 15487.8	Conf: 0.384391	Pts: 105333
Particle (34):: Fit: 0.136548	PB: 0.136548	LB: 0.136734	GB: 15487.8	Conf: 0.221077	Pts: 60932
Particle (18):: Fit: 0.12639	PB: 0.12639	LB: 0.14063	GB: 15487.8	Conf: 0.397022	Pts: 55632
Particle (10):: Fit: 0.114189	PB: 0.114189	LB: 0.134939	GB: 15487.8	Conf: 0.897695	Pts: 75227
Particle (10):: Fit: 0.122363	PB: 0.122363	LB: 0.134939	GB: 15487.8	Conf: 0.695804	Pts: 75324
Particle (19):: Fit: 0.132653	PB: 0.132653	LB: 0.14063	GB: 15487.8	Conf: 0.769078	Pts: 55624
Particle (18):: Fit: 0.130434	PB: 0.130434	LB: 0.14063	GB: 15487.8	Conf: 0.336309	Pts: 55726
Particle (33):: Fit: 0.126527	PB: 0.126527	LB: 15049.2	GB: 15487.8	Conf: 0.742882	Pts: 55723
Particle (39):: Fit: 0.126392	PB: 0.126392	LB: 0.138608	GB: 15487.8	Conf: 0.64232	Pts: 65523
Particle (26):: Fit: 0.134558	PB: 0.134558	LB: 15049.2	GB: 15487.8	Conf: 0.79259	Pts: 105519
Particle (30):: Fit: 0.126366	PB: 0.126366	LB: 15049.2	GB: 15487.8	Conf: 0.657835	Pts: 55423
Particle (4):: Fit: 0.134904	PB: 0.134904	LB: 15487.8	GB: 15487.8	Conf: 0.835595	Pts: 55822
Particle (20):: Fit: 0.111938	PB: 0.111938	LB: 0.14063	GB: 15487.8	Conf: 0.719839	Pts: 75413
Particle (4):: Fit: 0.13624	PB: 0.13624	LB: 15487.8	GB: 15487.8	Conf: 0.526122	Pts: 55916
Particle (1):: Fit: 0.132606	PB: 0.132606	LB: 15487.8	GB: 15487.8	Conf: 0.710846	Pts: 56012
Particle (46):: Fit: 0.126434	PB: 0.126434	LB: 15487.8	GB: 15487.8	Conf: 0.725248	Pts: 95312
Particle (7):: Fit: 0.126534	PB: 0.126534	LB: 0.136615	GB: 15487.8	Conf: 0.500183	Pts: 60806
Particle (36):: Fit: 0.136952	PB: 0.136952	LB: 0.138608	GB: 15487.8	Conf: 0.290548	Pts: 290606
Particle (10):: Fit: 0.124456	PB: 0.124456	LB: 0.134939	GB: 15487.8	Conf: 0.648233	Pts: 75400
Particle (24):: Fit: 14856.4	PB: 14856.4	LB: 15049.2	GB: 15487.8	Conf: 0.369433	Pts: 130404
Particle (12):: Fit: 0.138744	PB: 0.138744	LB: 0.14063	GB: 15487.8	Conf: 0.718952	Pts: 80586
Particle (46):: Fit: 0.126599	PB: 0.126599	LB: 15487.8	GB: 15487.8	Conf: 0.52476	Pts: 95402
Particle (33):: Fit: 0.12872	PB: 0.12872	LB: 15049.2	GB: 15487.8	Conf: 0.846599	Pts: 55800
Particle (18):: Fit: 14286.6	PB: 14286.6	LB: 14286.6	GB: 15487.8	Conf: 0.530919	Pts: 85800
Particle (31):: Fit: 0.128573	PB: 0.128573	LB: 15049.2	GB: 15487.8	Conf: 0.340039	Pts: 55597
Particle (20):: Fit: 0.12039	PB: 0.12039	LB: 14856.4	GB: 15487.8	Conf: 0.24929	Pts: 75494
Particle (20):: Fit: 0.130243	PB: 0.130243	LB: 14856.4	GB: 15487.8	Conf: 0.343637	Pts: 75593
Particle (30):: Fit: 0.12849	PB: 0.12849	LB: 15049.2	GB: 15487.8	Conf: 0.84311	Pts: 55492
Particle (7):: Fit: 0.136586	PB: 0.136586	LB: 0.138744	GB: 15487.8	Conf: 0.418336	Pts: 60885
Particle (31):: Fit: 0.138904	PB: 0.138904	LB: 15049.2	GB: 15487.8	Conf: 0.679905	Pts: 65689
Particle (30):: Fit: 0.130202	PB: 0.130202	LB: 15049.2	GB: 15487.8	Conf: 0.377067	Pts: 55589
Particle (37):: Fit: 0.132258	PB: 0.132258	LB: 0.138608	GB: 15487.8	Conf: 0.423171	Pts: 80386
Particle (33):: Fit: 0.132334	PB: 0.132334	LB: 15049.2	GB: 15487.8	Conf: 0.605565	Pts: 55885
Particle (13):: Fit: 0.128337	PB: 0.128337	LB: 14286.6	GB: 15487.8	Conf: 0.549836	Pts: 90582
Particle (39):: Fit: 0.126526	PB: 0.126526	LB: 0.138608	GB: 15487.8	Conf: 0.56308	Pts: 65583
Particle (13):: Fit: 0.130372	PB: 0.130372	LB: 14286.6	GB: 15487.8	Conf: 0.230656	Pts: 90680
Particle (33):: Fit: 0.132553	PB: 0.132553	LB: 15049.2	GB: 15487.8	Conf: 0.42636	Pts: 55980
Particle (38):: Fit: 0.1344	PB: 0.1344	LB: 0.138608	GB: 15487.8	Conf: 0.571017	Pts: 60578
Particle (15):: Fit: 0.128484	PB: 0.128484	LB: 14286.6	GB: 15487.8	Conf: 0.373823	Pts: 100570
Particle (3):: Fit: 0.136587	PB: 0.136587	LB: 15487.8	GB: 15487.8	Conf: 0.613676	Pts: 110464
Particle (39):: Fit: 0.128234	PB: 0.128234	LB: 0.138608	GB: 15487.8	Conf: 0.569069	Pts: 65665
Particle (19):: Fit: 0.132792	PB: 0.132792	LB: 14856.4	GB: 15487.8	Conf: 0.641917	Pts: 55661
Particle (13):: Fit: 0.132629	PB: 0.132629	LB: 14286.6	GB: 15487.8	Conf: 0.387147	Pts: 90761
Particle (19):: Fit: 0.134559	PB: 0.134559	LB: 14856.4	GB: 15487.8	Conf: 0.912959	Pts: 55758
Particle (45):: Fit: 0.12848	PB: 0.12848	LB: 15487.8	GB: 15487.8	Conf: 0.286696	Pts: 50855
Particle (17):: Fit: 0.140649	PB: 0.140649	LB: 14286.6	GB: 15487.8	Conf: 0.471748	Pts: 130749
Particle (23):: Fit: 0.140314	PB: 0.140314	LB: 14856.4	GB: 15487.8	Conf: 0.876677	Pts: 60651
Particle (40):: Fit: 0.126786	PB: 0.126786	LB: 0.138608	GB: 15487.8	Conf: 0.125971	Pts: 70350
Particle (11):: Fit: 0.126501	PB: 0.126501	LB: 0.138744	GB: 15487.8	Conf: 0.319261	Pts: 55745
Particle (6):: Fit: 0.13691	PB: 0.13691	LB: 0.138612	GB: 15487.8	Conf: 0.694888	Pts: 55393
Particle (38):: Fit: 14271.4	PB: 14271.4	LB: 14271.4	GB: 15487.8	Conf: 0.514442	Pts: 105636
Particle (30):: Fit: 0.130477	PB: 0.130477	LB: 15049.2	GB: 15487.8	Conf: 0.455829	Pts: 55635
Particle (11):: Fit: 0.132174	PB: 0.132174	LB: 0.138744	GB: 15487.8	Conf: 0.301529	Pts: 55828
Particle (40):: Fit: 0.136481	PB: 0.136481	LB: 14271.4	GB: 15487.8	Conf: 0.418693	Pts: 70430
Particle (33):: Fit: 0.13862	PB: 0.13862	LB: 15049.2	GB: 15487.8	Conf: 0.418179	Pts: 56028
Particle (21):: Fit: 14508.5	PB: 14508.5	LB: 14856.4	GB: 15487.8	Conf: 0.564351	Pts: 180621
Particle (13):: Fit: 14275	PB: 14275	LB: 14286.6	GB: 15487.8	Conf: 0.531109	Pts: 115820
Particle (23):: Fit: 15082.5	PB: 15082.5	LB: 15082.5	GB: 15487.8	Conf: 0.836859	Pts: 110720
Particle (4):: Fit: 14887.2	PB: 14887.2	LB: 15487.8	GB: 15487.8	Conf: 0.592816	Pts: 75915
Particle (16):: Fit: 0.138428	PB: 0.138428	LB: 14508.5	GB: 15487.8	Conf: 0.386022	Pts: 55708
Particle (15):: Fit: 0.130414	PB: 0.130414	LB: 14286.6	GB: 15487.8	Conf: 0.522094	Pts: 100608
Particle (15):: Fit: 0.136639	PB: 0.136639	LB: 14286.6	GB: 15487.8	Conf: 0.599044	Pts: 100703
Particle (10):: Fit: 0.132199	PB: 0.132199	LB: 14275	GB: 15487.8	Conf: 0.536215	Pts: 75392
Particle (26):: Fit: 0.136541	PB: 0.136541	LB: 15082.5	GB: 15487.8	Conf: 0.870549	Pts: 105495
Particle (43):: Fit: 0.126314	PB: 0.126314	LB: 0.140712	GB: 15487.8	Conf: 0.55238	Pts: 50786
Particle (34):: Fit: 0.140585	PB: 0.140585	LB: 14271.4	GB: 15487.8	Conf: 0.801925	Pts: 60892
Particle (46):: Fit: 0.128539	PB: 0.128539	LB: 15487.8	GB: 15487.8	Conf: 0.743924	Pts: 95389
Particle (30):: Fit: 0.136451	PB: 0.136451	LB: 15049.2	GB: 15487.8	Conf: 0.649152	Pts: 55687
Particle (25):: Fit: 0.13236	PB: 0.13236	LB: 15082.5	GB: 15487.8	Conf: 0.726906	Pts: 60882
Particle (45):: Fit: 0.140618	PB: 0.140618	LB: 15487.8	GB: 15487.8	Conf: 0.169893	Pts: 50882
Particle (32):: Fit: 14676.3	PB: 14676.3	LB: 15049.2	GB: 15487.8	Conf: 0.530092	Pts: 140658
Particle (20):: Fit: 0.132648	PB: 0.132648	LB: 15082.5	GB: 15487.8	Conf: 0.199309	Pts: 75570
Particle (39):: Fit: 0.128583	PB: 0.128583	LB: 14271.4	GB: 15487.8	Conf: 0.714895	Pts: 65679
Particle (8):: Fit: 14476.6	PB: 14476.6	LB: 14887.2	GB: 15487.8	Conf: 0.568704	Pts: 200362
Particle (10):: Fit: 0.138496	PB: 0.138496	LB: 14476.6	GB: 15487.8	Conf: 0.185008	Pts: 75456
Particle (33):: Fit: 0.1388	PB: 0.1388	LB: 15049.2	GB: 15487.8	Conf: 0.424374	Pts: 56061
Particle (9):: Fit: 0.136569	PB: 0.136569	LB: 14476.6	GB: 15487.8	Conf: 0.512346	Pts: 65561
Particle (9):: Fit: 1442.36	PB: 1442.36	LB: 14476.6	GB: 15487.8	Conf: 0.67118	Pts: 65660
Particle (45):: Fit: 14457.1	PB: 14457.1	LB: 15487.8	GB: 15487.8	Conf: 0.310759	Pts: 70957
Particle (1):: Fit: 0.140941	PB: 0.140941	LB: 15487.8	GB: 15487.8	Conf: 0.710213	Pts: 55952
Particle (26):: Fit: 0.136661	PB: 0.136661	LB: 15082.5	GB: 15487.8	Conf: 0.662031	Pts: 105550
Particle (46):: Fit: 0.132501	PB: 0.132501	LB: 15487.8	GB: 15487.8	Conf: 0.345051	Pts: 95450
Particle (7):: Fit: 0.13895	PB: 0.13895	LB: 14887.2	GB: 15487.8	Conf: 0.66134	Pts: 60841
Particle (41):: Fit: 0.138659	PB: 0.138659	LB: 14457.1	GB: 15487.8	Conf: 0.557499	Pts: 225435
Particle (39):: Fit: 0.132593	PB: 0.132593	LB: 14271.4	GB: 15487.8	Conf: 0.534995	Pts: 65739
Particle (47):: Fit: 14267.6	PB: 14267.6	LB: 15487.8	GB: 15487.8	Conf: 0.436259	Pts: 155332
Particle (30):: Fit: 0.136761	PB: 0.136761	LB: 15049.2	GB: 15487.8	Conf: 0.426271	Pts: 55719
Particle (8):: Fit: 14696.1	PB: 14696.1	LB: 14887.2	GB: 15487.8	Conf: 0.710597	Pts: 220396
Particle (42):: Fit: 0.138667	PB: 0.138667	LB: 14457.1	GB: 15487.8	Conf: 0.449288	Pts: 100410
Particle (42):: Fit: 0.138706	PB: 0.138706	LB: 14457.1	GB: 15487.8	Conf: 0.371821	Pts: 100509
Particle (41):: Fit: 0.138778	PB: 0.138778	LB: 14457.1	GB: 15487.8	Conf: 0.247037	Pts: 225496
Particle (11):: Fit: 0.138689	PB: 0.138689	LB: 14696.1	GB: 15487.8	Conf: 0.361219	Pts: 55788
Particle (13):: Fit: 14451.8	PB: 14451.8	LB: 14451.8	GB: 15487.8	Conf: 0.289293	Pts: 130785
Particle (30):: Fit: 0.138694	PB: 0.138694	LB: 15049.2	GB: 15487.8	Conf: 0.252757	Pts: 55771
Particle (14):: Fit: 0.140622	PB: 0.140622	LB: 14451.8	GB: 15487.8	Conf: 0.59719	Pts: 220155
Particle (25):: Fit: 0.132361	PB: 0.132361	LB: 15082.5	GB: 15487.8	Conf: 0.312605	Pts: 60841
Particle (22):: Fit: 0.126674	PB: 0.126674	LB: 15082.5	GB: 15487.8	Conf: 0.692965	Pts: 55133
Particle (37):: Fit: 0.138666	PB: 0.138666	LB: 14271.4	GB: 15487.8	Conf: 0.912908	Pts: 80237
Particle (3):: Fit: 0.138757	PB: 0.138757	LB: 15487.8	GB: 15487.8	Conf: 0.465036	Pts: 110323
Particle (25):: Fit: 0.136586	PB: 0.136586	LB: 15082.5	GB: 15487.8	Conf: 0.768149	Pts: 60923
Particle (40):: Fit: 0.136693	PB: 0.136693	LB: 14457.1	GB: 15487.8	Conf: 0.401689	Pts: 70303
Particle (19):: Fit: 0.138476	PB: 0.138476	LB: 15082.5	GB: 15487.8	Conf: 0.850862	Pts: 55592
Particle (43):: Fit: 0.13661	PB: 0.13661	LB: 14457.1	GB: 15487.8	Conf: 0.262743	Pts: 50678
Particle (46):: Fit: 14265	PB: 14265	LB: 15487.8	GB: 15487.8	Conf: 0.286693	Pts: 95386
Particle (20):: Fit: 0.136576	PB: 0.136576	LB: 15082.5	GB: 15487.8	Conf: 0.346917	Pts: 75471
Particle (27):: Fit: 14291.1	PB: 14291.1	LB: 15082.5	GB: 15487.8	Conf: 0.924642	Pts: 139878
Particle (41):: Fit: 14879.5	PB: 14879.5	LB: 14879.5	GB: 15487.8	Conf: 0.356498	Pts: 270470
Particle (35):: Fit: 0.134691	PB: 0.134691	LB: 14676.3	GB: 15487.8	Conf: 0.615575	Pts: 65562
Particle (26):: Fit: 0.140702	PB: 0.140702	LB: 15082.5	GB: 15487.8	Conf: 0.344826	Pts: 105443
Particle (44):: Fit: 14483.8	PB: 14483.8	LB: 14879.5	GB: 15487.8	Conf: 0.549053	Pts: 100003
Particle (25):: Fit: 14477.1	PB: 14477.1	LB: 15082.5	GB: 15487.8	Conf: 0.717955	Pts: 60901
Particle (32):: Fit: 14682.2	PB: 14682.2	LB: 15049.2	GB: 15487.8	Conf: 0.534448	Pts: 150472
Particle (43):: Fit: 14492.3	PB: 14492.3	LB: 14879.5	GB: 15487.8	Conf: 0.4446	Pts: 50657
Particle (39):: Fit: 0.13468	PB: 0.13468	LB: 14879.5	GB: 15487.8	Conf: 0.672668	Pts: 65574
Particle (31):: Fit: 14285	PB: 14285	LB: 15049.2	GB: 15487.8	Conf: 0.361298	Pts: 65352
Particle (11):: Fit: 0.140637	PB: 0.140637	LB: 14696.1	GB: 15487.8	Conf: 0.306194	Pts: 55643
Particle (37):: Fit: 14473.6	PB: 14473.6	LB: 14879.5	GB: 15487.8	Conf: 0.360198	Pts: 80151
Particle (34):: Fit: 0.140693	PB: 0.140693	LB: 14682.2	GB: 15487.8	Conf: 0.31902	Pts: 60644
Particle (43):: Fit: 14690.2	PB: 14690.2	LB: 14879.5	GB: 15487.8	Conf: 0.451393	Pts: 50723
Particle (20):: Fit: 0.138544	PB: 0.138544	LB: 15082.5	GB: 15487.8	Conf: 0.496479	Pts: 75423
Particle (36):: Fit: 14509.5	PB: 14509.5	LB: 14879.5	GB: 15487.8	Conf: 0.771418	Pts: 290226
Particle (28):: Fit: 0.140754	PB: 0.140754	LB: 15049.2	GB: 15487.8	Conf: 0.245714	Pts: 149811
Particle (48):: Fit: 0.136589	PB: 0.136589	LB: 15487.8	GB: 15487.8	Conf: 0.326979	Pts: 119859
Particle (33):: Fit: 0.140663	PB: 0.140663	LB: 15049.2	GB: 15487.8	Conf: 0.341117	Pts: 55692
Particle (36):: Fit: 14677.5	PB: 14677.5	LB: 14879.5	GB: 15487.8	Conf: 0.297415	Pts: 290163
Particle (41):: Fit: 14893.1	PB: 14893.1	LB: 14893.1	GB: 15487.8	Conf: 0.303418	Pts: 315265
Particle (34):: Fit: 14483.4	PB: 14483.4	LB: 14682.2	GB: 15487.8	Conf: 0.529059	Pts: 60563
Out\Act	False		True
False	0.572109	0.269871	0.84198
True	0.0623513	0.0956687	0.15802
	0.63446	0.36554
	Accuracy [ (tp + tn) / testSize ]: 0.667777
	Precision [ tp / (tp + fp) ]:      0.261378
	Sensitivity [ tp / (tp + fn) ]:    0.603604
	Specificity [ tn / (tn + fp) ]:    0.679096
	F-Score [ 2tp / (2tp + fp + fn) ]: 0.365123
Particle (40):: Fit: 0.138727	PB: 0.138727	LB: 14893.1	GB: 15487.8	Conf: 0.344558	Pts: 70057
Particle (16):: Fit: 0.140754	PB: 0.140754	LB: 14508.5	GB: 15487.8	Conf: 0.498523	Pts: 55241
Particle (2):: Fit: 14281.1	PB: 14281.1	LB: 15487.8	GB: 15487.8	Conf: 0.739208	Pts: 139638
Particle (40):: Fit: 0.140825	PB: 0.140825	LB: 14893.1	GB: 15487.8	Conf: 0.473302	Pts: 70124
Particle (35):: Fit: 0.13512	PB: 0.13512	LB: 14682.2	GB: 15487.8	Conf: 0.878499	Pts: 65320
Particle (6):: Fit: 14235.7	PB: 14235.7	LB: 14887.2	GB: 15487.8	Conf: 0.671884	Pts: 54861
Particle (14):: Fit: 14277.4	PB: 14277.4	LB: 14451.8	GB: 15487.8	Conf: 0.677431	Pts: 219798
Particle (38):: Fit: 14482	PB: 14482	LB: 14893.1	GB: 15487.8	Conf: 0.471586	Pts: 105088
Particle (10):: Fit: 14673	PB: 14673	LB: 14696.1	GB: 15487.8	Conf: 0.178276	Pts: 84956
Particle (28):: Fit: 14255.1	PB: 14255.1	LB: 15049.2	GB: 15487.8	Conf: 0.444824	Pts: 149656
Particle (44):: Fit: 14674.5	PB: 14674.5	LB: 14893.1	GB: 15487.8	Conf: 0.538402	Pts: 99744
Particle (18):: Fit: 14469.1	PB: 14469.1	LB: 15082.5	GB: 15487.8	Conf: 0.1542	Pts: 90148
Particle (40):: Fit: 14259.3	PB: 14259.3	LB: 14893.1	GB: 15487.8	Conf: 0.47992	Pts: 70132
Particle (3):: Fit: 14260.1	PB: 14260.1	LB: 15487.8	GB: 15487.8	Conf: 0.347688	Pts: 109925
Particle (9):: Fit: 14267.8	PB: 14267.8	LB: 14696.1	GB: 15487.8	Conf: 0.458528	Pts: 65114
Particle (30):: Fit: 0.138783	PB: 0.138783	LB: 15049.2	GB: 15487.8	Conf: 0.602965	Pts: 55306
Particle (15):: Fit: 0.138627	PB: 0.138627	LB: 14469.1	GB: 15487.8	Conf: 0.635052	Pts: 100093
Particle (36):: Fit: 14882.1	PB: 14882.1	LB: 14893.1	GB: 15487.8	Conf: 0.224207	Pts: 300073
Particle (32):: Fit: 14866.5	PB: 14866.5	LB: 15049.2	GB: 15487.8	Conf: 0.571929	Pts: 150083
Particle (12):: Fit: 14500.4	PB: 14500.4	LB: 14696.1	GB: 15487.8	Conf: 0.668948	Pts: 84770
Particle (30):: Fit: 14500.2	PB: 14500.2	LB: 15049.2	GB: 15487.8	Conf: 0.736907	Pts: 55289
Particle (19):: Fit: 0.138684	PB: 0.138684	LB: 15082.5	GB: 15487.8	Conf: 0.71228	Pts: 55074
Particle (39):: Fit: 0.136663	PB: 0.136663	LB: 14893.1	GB: 15487.8	Conf: 0.670684	Pts: 65183
Particle (17):: Fit: 14473.3	PB: 14473.3	LB: 14508.5	GB: 15487.8	Conf: 0.662156	Pts: 129972
Particle (34):: Fit: 14642.3	PB: 14642.3	LB: 14882.1	GB: 15487.8	Conf: 0.472296	Pts: 60365
Particle (47):: Fit: 14278.7	PB: 14278.7	LB: 15487.8	GB: 15487.8	Conf: 0.353693	Pts: 154664
Particle (48):: Fit: 0.138612	PB: 0.138612	LB: 15487.8	GB: 15487.8	Conf: 0.70925	Pts: 119552
Particle (1):: Fit: 14461.2	PB: 14461.2	LB: 15487.8	GB: 15487.8	Conf: 0.759607	Pts: 55213
Particle (42):: Fit: 0.1405	PB: 0.1405	LB: 14893.1	GB: 15487.8	Conf: 0.586795	Pts: 99796
Particle (6):: Fit: 14280.7	PB: 14280.7	LB: 14887.2	GB: 15487.8	Conf: 0.746982	Pts: 54625
Particle (22):: Fit: 0.130946	PB: 0.130946	LB: 15082.5	GB: 15487.8	Conf: 0.720406	Pts: 54447
Particle (20):: Fit: 14462.9	PB: 14462.9	LB: 15082.5	GB: 15487.8	Conf: 0.390938	Pts: 74932
Particle (39):: Fit: 0.138651	PB: 0.138651	LB: 14893.1	GB: 15487.8	Conf: 0.693642	Pts: 65158
Particle (48):: Fit: 0.141108	PB: 0.141108	LB: 15487.8	GB: 15487.8	Conf: 0.79886	Pts: 119482
Particle (8):: Fit: 15279.4	PB: 15279.4	LB: 15279.4	GB: 15487.8	Conf: 0.446608	Pts: 259559
Particle (11):: Fit: 14476.8	PB: 14476.8	LB: 15279.4	GB: 15487.8	Conf: 0.435079	Pts: 55063
Particle (5):: Fit: 0.138701	PB: 0.138701	LB: 15279.4	GB: 15487.8	Conf: 0.653558	Pts: 279122
Particle (18):: Fit: 14672.7	PB: 14672.7	LB: 15082.5	GB: 15487.8	Conf: 0.435886	Pts: 104847
Particle (28):: Fit: 14864.8	PB: 14864.8	LB: 15049.2	GB: 15487.8	Conf: 0.426321	Pts: 149317
Particle (42):: Fit: 14485.6	PB: 14485.6	LB: 14893.1	GB: 15487.8	Conf: 0.291435	Pts: 99717
Particle (14):: Fit: 14684.8	PB: 14684.8	LB: 14684.8	GB: 15487.8	Conf: 0.337678	Pts: 244381
Particle (27):: Fit: 14670.3	PB: 14670.3	LB: 15082.5	GB: 15487.8	Conf: 0.573107	Pts: 139038
Particle (40):: Fit: 14458.7	PB: 14458.7	LB: 14893.1	GB: 15487.8	Conf: 0.31853	Pts: 69725
Particle (39):: Fit: 0.140692	PB: 0.140692	LB: 14893.1	GB: 15487.8	Conf: 0.509791	Pts: 65027
Particle (15):: Fit: 14284.7	PB: 14284.7	LB: 14684.8	GB: 15487.8	Conf: 0.695175	Pts: 99673
Particle (24):: Fit: 14885.1	PB: 14885.1	LB: 15082.5	GB: 15487.8	Conf: 0.519152	Pts: 129166
Particle (48):: Fit: 14260.5	PB: 14260.5	LB: 15487.8	GB: 15487.8	Conf: 0.445243	Pts: 119310
Particle (7):: Fit: 0.140622	PB: 0.140622	LB: 15279.4	GB: 15487.8	Conf: 0.663311	Pts: 59711
Particle (31):: Fit: 14483.7	PB: 14483.7	LB: 15049.2	GB: 15487.8	Conf: 0.672587	Pts: 64471
Particle (17):: Fit: 15081.5	PB: 15081.5	LB: 15081.5	GB: 15487.8	Conf: 0.615923	Pts: 154548
Particle (11):: Fit: 14482.9	PB: 14482.9	LB: 15279.4	GB: 15487.8	Conf: 0.361758	Pts: 54826
Particle (47):: Fit: 14481.2	PB: 14481.2	LB: 15487.8	GB: 15487.8	Conf: 0.587566	Pts: 154241
Particle (3):: Fit: 14880.3	PB: 14880.3	LB: 15487.8	GB: 15487.8	Conf: 0.422993	Pts: 109328
Particle (43):: Fit: 15271.3	PB: 15271.3	LB: 15271.3	GB: 15487.8	Conf: 0.383403	Pts: 84789
Particle (21):: Fit: 15279.2	PB: 15279.2	LB: 15279.2	GB: 15487.8	Conf: 0.828622	Pts: 229109
Particle (13):: Fit: 14655.2	PB: 14655.2	LB: 15081.5	GB: 15487.8	Conf: 0.578953	Pts: 129399
Particle (19):: Fit: 14283.2	PB: 14283.2	LB: 15279.2	GB: 15487.8	Conf: 0.813584	Pts: 54354
Particle (15):: Fit: 14701.2	PB: 14701.2	LB: 15081.5	GB: 15487.8	Conf: 0.522672	Pts: 99358
Particle (45):: Fit: 14477.9	PB: 14477.9	LB: 15487.8	GB: 15487.8	Conf: 0.265927	Pts: 69439
Particle (3):: Fit: 15315.2	PB: 15315.2	LB: 15487.8	GB: 15487.8	Conf: 0.315149	Pts: 124099
Particle (19):: Fit: 15097.9	PB: 15097.9	LB: 15279.2	GB: 15487.8	Conf: 0.723907	Pts: 64387
Particle (41):: Fit: 15097.8	PB: 15097.8	LB: 15271.3	GB: 15487.8	Conf: 0.409031	Pts: 324133
Particle (16):: Fit: 14464.1	PB: 14464.1	LB: 15279.2	GB: 15487.8	Conf: 0.367362	Pts: 54135
Particle (39):: Fit: 14250.4	PB: 14250.4	LB: 15271.3	GB: 15487.8	Conf: 0.590746	Pts: 64512
Particle (35):: Fit: 0.136863	PB: 0.136863	LB: 14882.1	GB: 15487.8	Conf: 0.407715	Pts: 64147
Particle (48):: Fit: 14266.6	PB: 14266.6	LB: 15487.8	GB: 15487.8	Conf: 0.757645	Pts: 118838
Particle (48):: Fit: 14477.3	PB: 14477.3	LB: 15487.8	GB: 15487.8	Conf: 0.741801	Pts: 118918
Particle (46):: Fit: 14265.6	PB: 14265.6	LB: 15487.8	GB: 15487.8	Conf: 0.562914	Pts: 93735
Particle (20):: Fit: 14694.1	PB: 14694.1	LB: 15279.2	GB: 15487.8	Conf: 0.503273	Pts: 74008
Particle (34):: Fit: 14874.4	PB: 14874.4	LB: 14882.1	GB: 15487.8	Conf: 0.455229	Pts: 59334
Particle (33):: Fit: 14464.3	PB: 14464.3	LB: 15049.2	GB: 15487.8	Conf: 0.679307	Pts: 54290
Particle (35):: Fit: 14240.9	PB: 14240.9	LB: 14882.1	GB: 15487.8	Conf: 0.343998	Pts: 64066
Particle (40):: Fit: 14477.6	PB: 14477.6	LB: 15271.3	GB: 15487.8	Conf: 0.216186	Pts: 68983
Particle (47):: Fit: 14687.8	PB: 14687.8	LB: 15487.8	GB: 15487.8	Conf: 0.584952	Pts: 153550
Particle (11):: Fit: 15278.8	PB: 15278.8	LB: 15279.4	GB: 15487.8	Conf: 0.397569	Pts: 69124
Particle (26):: Fit: 14861.5	PB: 14861.5	LB: 15082.5	GB: 15487.8	Conf: 0.476274	Pts: 103633
Particle (1):: Fit: 14676.1	PB: 14676.1	LB: 15487.8	GB: 15487.8	Conf: 0.64067	Pts: 53976
Out\Act	False		True
False	0.572109	0.269871	0.84198
True	0.0623513	0.0956687	0.15802
	0.63446	0.36554
	Accuracy [ (tp + tn) / testSize ]: 0.667777
	Precision [ tp / (tp + fp) ]:      0.261378
	Sensitivity [ tp / (tp + fn) ]:    0.603604
	Specificity [ tn / (tn + fp) ]:    0.679096
	F-Score [ 2tp / (2tp + fp + fn) ]: 0.365123
Particle (2):: Fit: 14698.9	PB: 14698.9	LB: 15487.8	GB: 15487.8	Conf: 0.824221	Pts: 137873
Particle (42):: Fit: 14668.4	PB: 14668.4	LB: 15271.3	GB: 15487.8	Conf: 0.66431	Pts: 98480
Particle (30):: Fit: 14884.5	PB: 14884.5	LB: 15049.2	GB: 15487.8	Conf: 0.596776	Pts: 58735
Particle (31):: Fit: 14489.3	PB: 14489.3	LB: 15049.2	GB: 15487.8	Conf: 0.652038	Pts: 63395
Particle (3):: Fit: 16118.5	PB: 16118.5	LB: 16118.5	GB: 16118.5	Conf: 0.452697	Pts: 183409
Global: 16118.5 - Correct: 79% of 100 tests
Global Best: 
  Inner Net 1
  -- 1 : 1 = -0.541977
  -- 1 : 2 = 0.0184521
  -- 1 : 3 = 0.532278
  -- 1 : 4 = 0.410171
  -- 1 : 5 = -0.00470247
  -- 1 : 6 = -0.0586479
  -- 1 : 7 = -0.0172214
  -- 1 : 8 = -0.147417
  -- 1 : 9 = 0.0696782
  -- 2 : 1 = 0.268107
  -- 2 : 2 = 0.0619991
  -- 2 : 3 = 0.153382
  -- 2 : 4 = 0.303332
  -- 2 : 5 = 0.029667
  -- 2 : 6 = -0.133041
  -- 2 : 7 = -0.286849
  -- 2 : 8 = -0.0230261
  -- 2 : 9 = 0.15241
  -- 3 : 1 = 0.0141066
  -- 3 : 2 = 0.494693
  -- 3 : 3 = 0.23375
  -- 3 : 4 = -0.0648877
  -- 3 : 5 = -0.280162
  -- 3 : 6 = -0.13271
  -- 3 : 7 = 0.298543
  -- 3 : 8 = -0.0472541
  -- 3 : 9 = -0.0577073
  -- 4 : 1 = 0.149106
  -- 4 : 2 = 0.173047
  -- 4 : 3 = 0.0274369
  -- 4 : 4 = 0.218018
  -- 4 : 5 = -0.444562
  -- 4 : 6 = 0.0665408
  -- 4 : 7 = 0.00713057
  -- 4 : 8 = -0.19631
  -- 4 : 9 = 0.104375
  -- 5 : 1 = -0.172337
  -- 5 : 2 = 0.451728
  -- 5 : 3 = -0.192598
  -- 5 : 4 = 0.0139788
  -- 5 : 5 = 0.200344
  -- 5 : 6 = 0.0716641
  -- 5 : 7 = 0.0807991
  -- 5 : 8 = 0.189528
  -- 5 : 9 = 0.181743
  -- 6 : 1 = -1
  -- 6 : 2 = -0.192171
  -- 6 : 3 = -0.141799
  -- 6 : 4 = 0.0427972
  -- 6 : 5 = -0.0970782
  -- 6 : 6 = 0.345953
  -- 6 : 7 = 0.0314252
  -- 6 : 8 = -0.00569113
  -- 6 : 9 = 0.393808
  -- 7 : 1 = -0.0326386
  -- 7 : 2 = -0.122752
  -- 7 : 3 = -0.10179
  -- 7 : 4 = -0.347351
  -- 7 : 5 = -0.3525
  -- 7 : 6 = 0.0672755
  -- 7 : 7 = 0.250645
  -- 7 : 8 = 0.0981341
  -- 7 : 9 = -0.0895766
  -- 8 : 1 = 0.453705
  -- 8 : 2 = 0.170202
  -- 8 : 3 = -0.521797
  -- 8 : 4 = -0.0303903
  -- 8 : 5 = 0.0264234
  -- 8 : 6 = -0.27213
  -- 8 : 7 = 0.205257
  -- 8 : 8 = -0.133912
  -- 8 : 9 = 0.0106334
  -- 9 : 1 = 0.0125889
  -- 9 : 2 = 0.250834
  -- 9 : 3 = -0.0881945
  -- 9 : 4 = 0.130318
  -- 9 : 5 = -0.292911
  -- 9 : 6 = 0.0194556
  -- 9 : 7 = -0.159451
  -- 9 : 8 = 0.148465
  -- 9 : 9 = -0.0232153
  -- 10 : 1 = 0.475113
  -- 10 : 2 = -0.125621
  -- 10 : 3 = -0.080464
  -- 10 : 4 = -0.446487
  -- 10 : 5 = 0.269308
  -- 10 : 6 = -0.4798
  -- 10 : 7 = -0.101887
  -- 10 : 8 = 0.22575
  -- 10 : 9 = -0.221453
  Inner Net 2
  -- 1 : 1 = -0.396408
  -- 1 : 2 = -0.180027
  -- 2 : 1 = 0.133337
  -- 2 : 2 = 0.15926
  -- 3 : 1 = -0.0998701
  -- 3 : 2 = 0.0586618
  -- 4 : 1 = 0.331441
  -- 4 : 2 = -0.0350177
  -- 5 : 1 = 0.532573
  -- 5 : 2 = 0.352148
  -- 6 : 1 = -0.0649684
  -- 6 : 2 = -0.0790732
  -- 7 : 1 = -0.0428048
  -- 7 : 2 = -0.0435053
  -- 8 : 1 = -0.568231
  -- 8 : 2 = -0.0689814
  -- 9 : 1 = 0.150737
  -- 9 : 2 = -0.238886
Out\Act	False		True
False	0.584008	0.257972	0.84198
True	0.0618753	0.0961447	0.15802
	0.645883	0.354117
	Accuracy [ (tp + tn) / testSize ]: 0.680152
	Precision [ tp / (tp + fp) ]:      0.271141
	Sensitivity [ tp / (tp + fn) ]:    0.606607
	Specificity [ tn / (tn + fp) ]:    0.69322
	F-Score [ 2tp / (2tp + fp + fn) ]: 0.375116
Particle (20):: Fit: 14898	PB: 14898	LB: 15279.2	GB: 16118.5	Conf: 0.628459	Pts: 73548
Particle (33):: Fit: 14676.1	PB: 14676.1	LB: 15049.2	GB: 16118.5	Conf: 0.432861	Pts: 53827
Particle (16):: Fit: 14679.3	PB: 14679.3	LB: 15279.2	GB: 16118.5	Conf: 0.432076	Pts: 53445
Particle (7):: Fit: 14654.4	PB: 14654.4	LB: 16118.5	GB: 16118.5	Conf: 0.55126	Pts: 58489
Particle (6):: Fit: 14291.7	PB: 14291.7	LB: 16118.5	GB: 16118.5	Conf: 0.939188	Pts: 52986
Particle (5):: Fit: 14271.8	PB: 14271.8	LB: 16118.5	GB: 16118.5	Conf: 0.494384	Pts: 277484
Particle (38):: Fit: 14670.7	PB: 14670.7	LB: 15271.3	GB: 16118.5	Conf: 0.415586	Pts: 103016
Particle (31):: Fit: 14892	PB: 14892	LB: 15049.2	GB: 16118.5	Conf: 0.324378	Pts: 73182
Particle (12):: Fit: 14881.3	PB: 14881.3	LB: 15279.4	GB: 16118.5	Conf: 0.520246	Pts: 82845
Particle (38):: Fit: 15053.9	PB: 15053.9	LB: 15271.3	GB: 16118.5	Conf: 0.499477	Pts: 117971
Particle (14):: Fit: 14855.1	PB: 14855.1	LB: 15278.8	GB: 16118.5	Conf: 0.630182	Pts: 242606
Particle (46):: Fit: 14469.8	PB: 14469.8	LB: 15487.8	GB: 16118.5	Conf: 0.802446	Pts: 92804
Particle (39):: Fit: 14285.8	PB: 14285.8	LB: 15271.3	GB: 16118.5	Conf: 0.555072	Pts: 63414
Particle (45):: Fit: 14863.4	PB: 14863.4	LB: 15487.8	GB: 16118.5	Conf: 0.54383	Pts: 68165
Particle (6):: Fit: 15515.5	PB: 15515.5	LB: 16118.5	GB: 16118.5	Conf: 0.783897	Pts: 67632
Particle (46):: Fit: 14844.5	PB: 14844.5	LB: 15487.8	GB: 16118.5	Conf: 0.599639	Pts: 92730
Particle (42):: Fit: 14864.9	PB: 14864.9	LB: 15271.3	GB: 16118.5	Conf: 0.368956	Pts: 97825
Particle (49):: Fit: 15081	PB: 15081	LB: 16118.5	GB: 16118.5	Conf: 0.612656	Pts: 97568
Particle (47):: Fit: 14873.1	PB: 14873.1	LB: 15487.8	GB: 16118.5	Conf: 0.572371	Pts: 152424
Particle (15):: Fit: 15284.9	PB: 15284.9	LB: 15284.9	GB: 16118.5	Conf: 0.25777	Pts: 142672
Particle (39):: Fit: 14489.3	PB: 14489.3	LB: 15271.3	GB: 16118.5	Conf: 0.683677	Pts: 63071
Particle (9):: Fit: 15503.7	PB: 15503.7	LB: 15515.5	GB: 16118.5	Conf: 0.770333	Pts: 77311
Particle (28):: Fit: 14874.6	PB: 14874.6	LB: 15049.2	GB: 16118.5	Conf: 0.394212	Pts: 146893
Particle (35):: Fit: 14676.4	PB: 14676.4	LB: 15053.9	GB: 16118.5	Conf: 0.772867	Pts: 62504
Particle (44):: Fit: 14679.9	PB: 14679.9	LB: 15271.3	GB: 16118.5	Conf: 0.475597	Pts: 96764
Particle (48):: Fit: 14481.6	PB: 14481.6	LB: 16118.5	GB: 16118.5	Conf: 0.309213	Pts: 117049
Particle (1):: Fit: 15276.3	PB: 15276.3	LB: 16118.5	GB: 16118.5	Conf: 0.581212	Pts: 52326
Particle (28):: Fit: 14888.3	PB: 14888.3	LB: 15049.2	GB: 16118.5	Conf: 0.506302	Pts: 146579
Particle (25):: Fit: 14672.8	PB: 14672.8	LB: 15279.2	GB: 16118.5	Conf: 0.785799	Pts: 57072
Particle (48):: Fit: 14675.5	PB: 14675.5	LB: 16118.5	GB: 16118.5	Conf: 0.417827	Pts: 116757
Particle (47):: Fit: 15069.8	PB: 15069.8	LB: 15487.8	GB: 16118.5	Conf: 0.599314	Pts: 151592
Particle (32):: Fit: 14880.3	PB: 14880.3	LB: 15049.2	GB: 16118.5	Conf: 0.484874	Pts: 146615
Particle (13):: Fit: 14666.5	PB: 14666.5	LB: 15503.7	GB: 16118.5	Conf: 0.225335	Pts: 126635
Particle (1):: Fit: 15485.8	PB: 15485.8	LB: 16118.5	GB: 16118.5	Conf: 0.65824	Pts: 51806
Particle (27):: Fit: 15692.1	PB: 15692.1	LB: 15692.1	GB: 16118.5	Conf: 0.662142	Pts: 185746
Particle (40):: Fit: 15068.2	PB: 15068.2	LB: 15271.3	GB: 16118.5	Conf: 0.316397	Pts: 71534
Particle (7):: Fit: 14668.4	PB: 14668.4	LB: 16118.5	GB: 16118.5	Conf: 0.5957	Pts: 56455
Particle (22):: Fit: 0.132376	PB: 0.132376	LB: 15692.1	GB: 16118.5	Conf: 0.438941	Pts: 50660
Global Best: 
  Inner Net 1
  -- 1 : 1 = -0.541977
  -- 1 : 2 = 0.0184521
  -- 1 : 3 = 0.532278
  -- 1 : 4 = 0.410171
  -- 1 : 5 = -0.00470247
  -- 1 : 6 = -0.0586479
  -- 1 : 7 = -0.0172214
  -- 1 : 8 = -0.147417
  -- 1 : 9 = 0.0696782
  -- 2 : 1 = 0.268107
  -- 2 : 2 = 0.0619991
  -- 2 : 3 = 0.153382
  -- 2 : 4 = 0.303332
  -- 2 : 5 = 0.029667
  -- 2 : 6 = -0.133041
  -- 2 : 7 = -0.286849
  -- 2 : 8 = -0.0230261
  -- 2 : 9 = 0.15241
  -- 3 : 1 = 0.0141066
  -- 3 : 2 = 0.494693
  -- 3 : 3 = 0.23375
  -- 3 : 4 = -0.0648877
  -- 3 : 5 = -0.280162
  -- 3 : 6 = -0.13271
  -- 3 : 7 = 0.298543
  -- 3 : 8 = -0.0472541
  -- 3 : 9 = -0.0577073
  -- 4 : 1 = 0.149106
  -- 4 : 2 = 0.173047
  -- 4 : 3 = 0.0274369
  -- 4 : 4 = 0.218018
  -- 4 : 5 = -0.444562
  -- 4 : 6 = 0.0665408
  -- 4 : 7 = 0.00713057
  -- 4 : 8 = -0.19631
  -- 4 : 9 = 0.104375
  -- 5 : 1 = -0.172337
  -- 5 : 2 = 0.451728
  -- 5 : 3 = -0.192598
  -- 5 : 4 = 0.0139788
  -- 5 : 5 = 0.200344
  -- 5 : 6 = 0.0716641
  -- 5 : 7 = 0.0807991
  -- 5 : 8 = 0.189528
  -- 5 : 9 = 0.181743
  -- 6 : 1 = -1
  -- 6 : 2 = -0.192171
  -- 6 : 3 = -0.141799
  -- 6 : 4 = 0.0427972
  -- 6 : 5 = -0.0970782
  -- 6 : 6 = 0.345953
  -- 6 : 7 = 0.0314252
  -- 6 : 8 = -0.00569113
  -- 6 : 9 = 0.393808
  -- 7 : 1 = -0.0326386
  -- 7 : 2 = -0.122752
  -- 7 : 3 = -0.10179
  -- 7 : 4 = -0.347351
  -- 7 : 5 = -0.3525
  -- 7 : 6 = 0.0672755
  -- 7 : 7 = 0.250645
  -- 7 : 8 = 0.0981341
  -- 7 : 9 = -0.0895766
  -- 8 : 1 = 0.453705
  -- 8 : 2 = 0.170202
  -- 8 : 3 = -0.521797
  -- 8 : 4 = -0.0303903
  -- 8 : 5 = 0.0264234
  -- 8 : 6 = -0.27213
  -- 8 : 7 = 0.205257
  -- 8 : 8 = -0.133912
  -- 8 : 9 = 0.0106334
  -- 9 : 1 = 0.0125889
  -- 9 : 2 = 0.250834
  -- 9 : 3 = -0.0881945
  -- 9 : 4 = 0.130318
  -- 9 : 5 = -0.292911
  -- 9 : 6 = 0.0194556
  -- 9 : 7 = -0.159451
  -- 9 : 8 = 0.148465
  -- 9 : 9 = -0.0232153
  -- 10 : 1 = 0.475113
  -- 10 : 2 = -0.125621
  -- 10 : 3 = -0.080464
  -- 10 : 4 = -0.446487
  -- 10 : 5 = 0.269308
  -- 10 : 6 = -0.4798
  -- 10 : 7 = -0.101887
  -- 10 : 8 = 0.22575
  -- 10 : 9 = -0.221453
  Inner Net 2
  -- 1 : 1 = -0.396408
  -- 1 : 2 = -0.180027
  -- 2 : 1 = 0.133337
  -- 2 : 2 = 0.15926
  -- 3 : 1 = -0.0998701
  -- 3 : 2 = 0.0586618
  -- 4 : 1 = 0.331441
  -- 4 : 2 = -0.0350177
  -- 5 : 1 = 0.532573
  -- 5 : 2 = 0.352148
  -- 6 : 1 = -0.0649684
  -- 6 : 2 = -0.0790732
  -- 7 : 1 = -0.0428048
  -- 7 : 2 = -0.0435053
  -- 8 : 1 = -0.568231
  -- 8 : 2 = -0.0689814
  -- 9 : 1 = 0.150737
  -- 9 : 2 = -0.238886
Out\Act	False		True
False	0.584008	0.257972	0.84198
True	0.0618753	0.0961447	0.15802
	0.645883	0.354117
	Accuracy [ (tp + tn) / testSize ]: 0.680152
	Precision [ tp / (tp + fp) ]:      0.271141
	Sensitivity [ tp / (tp + fn) ]:    0.606607
	Specificity [ tn / (tn + fp) ]:    0.69322
	F-Score [ 2tp / (2tp + fp + fn) ]: 0.375116
