
Date / Time: Thu Mar 30 23:52:54 2017

   ****************************************
   * PSO Neural Net (Gaussian Activation) *
   *       by William Boler, BSCE         *
   *     Research Assistant, IUPUI        *
   *                                      *
   *  Professor: Dr. Lauren Christopher   *
   *     Created: March 13, 2017          *
   ****************************************


Inputs: 10
Inner Nets: 1
 - 10
Tests per train(min): 10
Particles: 50
Neighbors: 10
Minimum Particle Iterations: 1000
Particle (0):: Fit: 30.7796	PB: 30.7796	LB: 30.7796	GB: 30.7796	Conf: 2	Pts: 110099
Particle (1):: Fit: 30.7796	PB: 30.7796	LB: 30.7796	GB: 30.7796	Conf: 2	Pts: 55099
Particle (2):: Fit: 24.6513	PB: 24.6513	LB: 30.7796	GB: 30.7796	Conf: 2	Pts: 55099
Particle (3):: Fit: 30.7796	PB: 30.7796	LB: 30.7796	GB: 30.7796	Conf: 2	Pts: 60099
Particle (4):: Fit: 5.25953	PB: 5.25953	LB: 30.7796	GB: 30.7796	Conf: 0.917948	Pts: 55099
Particle (5):: Fit: 30.7021	PB: 30.7021	LB: 30.7796	GB: 30.7796	Conf: 1.85468	Pts: 60099
Particle (6):: Fit: 38.0464	PB: 38.0464	LB: 38.0464	GB: 38.0464	Conf: 2	Pts: 110099
Particle (7):: Fit: 38.0464	PB: 38.0464	LB: 38.0464	GB: 38.0464	Conf: 2	Pts: 55099
Particle (8):: Fit: 35.7804	PB: 35.7804	LB: 38.0464	GB: 38.0464	Conf: 2	Pts: 55099
Particle (9):: Fit: 30.9444	PB: 30.9444	LB: 38.0464	GB: 38.0464	Conf: 1.8894	Pts: 55099
Particle (10):: Fit: 4.32317	PB: 4.32317	LB: 38.0464	GB: 38.0464	Conf: 0.980454	Pts: 55099
Particle (11):: Fit: 33.3748	PB: 33.3748	LB: 38.0464	GB: 38.0464	Conf: 2	Pts: 65099
Particle (12):: Fit: 33.3748	PB: 33.3748	LB: 35.7804	GB: 38.0464	Conf: 2	Pts: 55099
Particle (13):: Fit: 77.5896	PB: 77.5896	LB: 77.5896	GB: 77.5896	Conf: 1.85473	Pts: 110099
Particle (14):: Fit: 27.9184	PB: 27.9184	LB: 77.5896	GB: 77.5896	Conf: 2	Pts: 55099
Particle (15):: Fit: 30.7796	PB: 30.7796	LB: 77.5896	GB: 77.5896	Conf: 2	Pts: 60099
Particle (16):: Fit: 33.9752	PB: 33.9752	LB: 77.5896	GB: 77.5896	Conf: 0.764544	Pts: 65099
Particle (17):: Fit: 30.7796	PB: 30.7796	LB: 77.5896	GB: 77.5896	Conf: 2	Pts: 55099
Particle (18):: Fit: 57.61	PB: 57.61	LB: 57.61	GB: 77.5896	Conf: 1.66323	Pts: 75099
Particle (19):: Fit: 30.7796	PB: 30.7796	LB: 57.61	GB: 77.5896	Conf: 2	Pts: 55099
Particle (20):: Fit: 27.9184	PB: 27.9184	LB: 57.61	GB: 77.5896	Conf: 2	Pts: 55099
Particle (21):: Fit: 32.1309	PB: 32.1309	LB: 57.61	GB: 77.5896	Conf: 1.42068	Pts: 65099
Particle (22):: Fit: 23.1215	PB: 23.1215	LB: 57.61	GB: 77.5896	Conf: 1.31601	Pts: 55099
Particle (23):: Fit: 24.6513	PB: 24.6513	LB: 32.1309	GB: 77.5896	Conf: 2	Pts: 60099
Particle (24):: Fit: 35.7804	PB: 35.7804	LB: 35.7804	GB: 77.5896	Conf: 2	Pts: 80099
Particle (25):: Fit: 27.9184	PB: 27.9184	LB: 35.7804	GB: 77.5896	Conf: 2	Pts: 55099
Particle (26):: Fit: 34.7794	PB: 34.7794	LB: 35.7804	GB: 77.5896	Conf: 1.82198	Pts: 60099
Particle (27):: Fit: 33.3748	PB: 33.3748	LB: 35.7804	GB: 77.5896	Conf: 2	Pts: 55099
Particle (28):: Fit: 4.54163	PB: 4.54163	LB: 35.7804	GB: 77.5896	Conf: 0.570752	Pts: 55099
Particle (29):: Fit: 5.34933	PB: 5.34933	LB: 34.7794	GB: 77.5896	Conf: 0.728229	Pts: 60099
Particle (30):: Fit: 30.7796	PB: 30.7796	LB: 34.7794	GB: 77.5896	Conf: 2	Pts: 65099
Particle (31):: Fit: 30.7796	PB: 30.7796	LB: 33.3748	GB: 77.5896	Conf: 2	Pts: 55099
Particle (32):: Fit: 33.3748	PB: 33.3748	LB: 33.3748	GB: 77.5896	Conf: 2	Pts: 75099
Particle (33):: Fit: 30.7796	PB: 30.7796	LB: 33.3748	GB: 77.5896	Conf: 2	Pts: 55099
Particle (34):: Fit: 31.1298	PB: 31.1298	LB: 33.3748	GB: 77.5896	Conf: 1.14595	Pts: 60099
Particle (35):: Fit: 48.817	PB: 48.817	LB: 48.817	GB: 77.5896	Conf: 1.10344	Pts: 100099
Particle (36):: Fit: 28.0568	PB: 28.0568	LB: 48.817	GB: 77.5896	Conf: 0.179632	Pts: 55099
Particle (37):: Fit: 48.073	PB: 48.073	LB: 48.817	GB: 77.5896	Conf: 1.63363	Pts: 60099
Particle (38):: Fit: 35.7804	PB: 35.7804	LB: 48.817	GB: 77.5896	Conf: 2	Pts: 55099
Particle (39):: Fit: 77.8591	PB: 77.8591	LB: 77.8591	GB: 77.8591	Conf: 1.69505	Pts: 110099
Particle (40):: Fit: 56.9871	PB: 56.9871	LB: 77.8591	GB: 77.8591	Conf: 1.34732	Pts: 55099
Particle (41):: Fit: 47.7269	PB: 47.7269	LB: 77.8591	GB: 77.8591	Conf: 1.65315	Pts: 55099
Particle (42):: Fit: 33.3748	PB: 33.3748	LB: 77.8591	GB: 77.8591	Conf: 2	Pts: 55099
Particle (43):: Fit: 35.7804	PB: 35.7804	LB: 77.8591	GB: 77.8591	Conf: 2	Pts: 60099
Particle (44):: Fit: 30.7796	PB: 30.7796	LB: 56.9871	GB: 77.8591	Conf: 2	Pts: 50099
Particle (45):: Fit: 37.1461	PB: 37.1461	LB: 47.7269	GB: 77.8591	Conf: 1.89366	Pts: 70099
Particle (46):: Fit: 33.3748	PB: 33.3748	LB: 37.1461	GB: 77.8591	Conf: 2	Pts: 55099
Particle (47):: Fit: 5.20684	PB: 5.20684	LB: 37.1461	GB: 77.8591	Conf: 0.987107	Pts: 50099
Particle (48):: Fit: 24.6513	PB: 24.6513	LB: 37.1461	GB: 77.8591	Conf: 2	Pts: 50099
Particle (49):: Fit: 31.0652	PB: 31.0652	LB: 37.1461	GB: 77.8591	Conf: 1.75236	Pts: 50099
Global: 77.8591 - Correct: 50% of 10 tests
Global Best: 
  Inner Net 1
  -- 1 : 1 = 0.836
  -- 1 : 2 = 0.2487
  -- 1 : 3 = 0.0547
  -- 1 : 4 = 0.2725
  -- 1 : 5 = 0.368
  -- 1 : 6 = 0.2903
  -- 1 : 7 = 0.8462
  -- 1 : 8 = 0.0198
  -- 1 : 9 = 0.2921
  -- 1 : 10 = 0.2302
  -- 2 : 1 = 0.2169
  -- 2 : 2 = 0.5718
  -- 2 : 3 = 0.2145
  -- 2 : 4 = 0.1836
  -- 2 : 5 = 0.8881
  -- 2 : 6 = 0.3715
  -- 2 : 7 = 0.2414
  -- 2 : 8 = 0.5497
  -- 2 : 9 = 0.0885
  -- 2 : 10 = 0.1114
  -- 3 : 1 = 0.0283
  -- 3 : 2 = 0.0958
  -- 3 : 3 = 0.3075
  -- 3 : 4 = 0.4616
  -- 3 : 5 = 0.2191
  -- 3 : 6 = 0.1013
  -- 3 : 7 = 0.5075
  -- 3 : 8 = 0.0495
  -- 3 : 9 = 0.5956
  -- 3 : 10 = 0.9474
  -- 4 : 1 = 0.9313
  -- 4 : 2 = 0.9628
  -- 4 : 3 = 0.1303
  -- 4 : 4 = 0.0162
  -- 4 : 5 = 0.7552
  -- 4 : 6 = 0.2391
  -- 4 : 7 = 0.2203
  -- 4 : 8 = 0.8563
  -- 4 : 9 = 0.1677
  -- 4 : 10 = 0.5531
  -- 5 : 1 = 0.0195
  -- 5 : 2 = 0.3092
  -- 5 : 3 = 0.6802
  -- 5 : 4 = 0.6262
  -- 5 : 5 = 0.0816
  -- 5 : 6 = 0.9375
  -- 5 : 7 = 0.2492
  -- 5 : 8 = 0.5075
  -- 5 : 9 = 0.3575
  -- 5 : 10 = 0.234
  -- 6 : 1 = 0.8464
  -- 6 : 2 = 0.8662
  -- 6 : 3 = 0.7879
  -- 6 : 4 = 0.8296
  -- 6 : 5 = 0.3945
  -- 6 : 6 = 0.1687
  -- 6 : 7 = 0.9065
  -- 6 : 8 = 0.4717
  -- 6 : 9 = 0.3685
  -- 6 : 10 = 0.0947
  -- 7 : 1 = 0.9385
  -- 7 : 2 = 0.4836
  -- 7 : 3 = 0.04
  -- 7 : 4 = 0.4656
  -- 7 : 5 = 0.5492
  -- 7 : 6 = 0.3056
  -- 7 : 7 = 0.4337
  -- 7 : 8 = 0.9168
  -- 7 : 9 = 0.6658
  -- 7 : 10 = 0.3389
  -- 8 : 1 = 0.9284
  -- 8 : 2 = 0.3719
  -- 8 : 3 = 0.9734
  -- 8 : 4 = 0.4593
  -- 8 : 5 = 0.2328
  -- 8 : 6 = 0.4432
  -- 8 : 7 = 0.0164
  -- 8 : 8 = 0.3778
  -- 8 : 9 = 0.4986
  -- 8 : 10 = 0.2444
  -- 9 : 1 = 0.3203
  -- 9 : 2 = 0.9832
  -- 9 : 3 = 0.6401
  -- 9 : 4 = 0.0989
  -- 9 : 5 = 0.0355
  -- 9 : 6 = 0.29
  -- 9 : 7 = 0.6235
  -- 9 : 8 = 0.1011
  -- 9 : 9 = 0.688
  -- 9 : 10 = 0.1888
  -- 10 : 1 = 0.9016
  -- 10 : 2 = 0.9252
  -- 10 : 3 = 0.6903
  -- 10 : 4 = 0.4537
  -- 10 : 5 = 0.927
  -- 10 : 6 = 0.7777
  -- 10 : 7 = 0.5992
  -- 10 : 8 = 0.0779
  -- 10 : 9 = 0.5805
  -- 10 : 10 = 0.2071
  Inner Net 2
  -- 1 : 1 = -0.335629
  -- 1 : 2 = -0.3036
  -- 2 : 1 = -0.0280926
  -- 2 : 2 = -0.0134631
  -- 3 : 1 = 0.2706
  -- 3 : 2 = 0.1492
  -- 4 : 1 = -0.0966
  -- 4 : 2 = 0.2018
  -- 5 : 1 = 0.123856
  -- 5 : 2 = -0.1197
  -- 6 : 1 = -0.2262
  -- 6 : 2 = -0.0112
  -- 7 : 1 = -0.1007
  -- 7 : 2 = -0.329893
  -- 8 : 1 = 0.4633
  -- 8 : 2 = -0.2449
  -- 9 : 1 = 0.1374
  -- 9 : 2 = -0.3568
  -- 10 : 1 = 0.0220747
  -- 10 : 2 = -0.0337333
Out\Act	False		True
False	0.84198	0	0.84198
True	0.15802	0	0.15802
	1	0
	Accuracy [ (tp + tn) / testSize ]: 0.84198
	Precision [ tp / (tp + fp) ]:      0
	Sensitivity [ tp / (tp + fn) ]:    0
	Specificity [ tn / (tn + fp) ]:    0.999435
	F-Score [ 2tp / (2tp + fp + fn) ]: 0
Particle (4):: Fit: 6.17862	PB: 6.17862	LB: 38.0464	GB: 77.8591	Conf: 0.821314	Pts: 55198
Particle (9):: Fit: 33.5737	PB: 33.5737	LB: 77.5896	GB: 77.8591	Conf: 1.8858	Pts: 55198
Particle (10):: Fit: 33.9829	PB: 33.9829	LB: 77.5896	GB: 77.8591	Conf: 0.746638	Pts: 55197
Particle (12):: Fit: 35.9689	PB: 35.9689	LB: 77.5896	GB: 77.8591	Conf: 1.8426	Pts: 55198
Particle (14):: Fit: 30.7796	PB: 30.7796	LB: 77.5896	GB: 77.8591	Conf: 2	Pts: 55198
Particle (19):: Fit: 35.7804	PB: 35.7804	LB: 57.61	GB: 77.8591	Conf: 2	Pts: 55198
Particle (20):: Fit: 33.3748	PB: 33.3748	LB: 57.61	GB: 77.8591	Conf: 2	Pts: 55198
Particle (21):: Fit: 59.4422	PB: 59.4422	LB: 59.4422	GB: 77.8591	Conf: 1.81754	Pts: 105198
Particle (22):: Fit: 28.0375	PB: 28.0375	LB: 59.4422	GB: 77.8591	Conf: 1.49561	Pts: 55198
Particle (23):: Fit: 30.7796	PB: 30.7796	LB: 59.4422	GB: 77.8591	Conf: 2	Pts: 60198
Particle (25):: Fit: 38.0464	PB: 38.0464	LB: 59.4422	GB: 77.8591	Conf: 2	Pts: 75198
Particle (28):: Fit: 33.791	PB: 33.791	LB: 38.0464	GB: 77.8591	Conf: 0.573326	Pts: 55198
Particle (29):: Fit: 31.1078	PB: 31.1078	LB: 38.0464	GB: 77.8591	Conf: 0.31129	Pts: 60198
Particle (34):: Fit: 57.5256	PB: 57.5256	LB: 77.8591	GB: 77.8591	Conf: 1.39656	Pts: 85198
Particle (41):: Fit: 51.9413	PB: 51.9413	LB: 77.8591	GB: 77.8591	Conf: 1.6394	Pts: 60198
Particle (45):: Fit: 63.6614	PB: 63.6614	LB: 63.6614	GB: 77.8591	Conf: 1.44782	Pts: 100198
Particle (47):: Fit: 34.004	PB: 34.004	LB: 63.6614	GB: 77.8591	Conf: 0.524401	Pts: 55198
Particle (48):: Fit: 38.0464	PB: 38.0464	LB: 63.6614	GB: 77.8591	Conf: 2	Pts: 55198
Particle (0):: Fit: 35.7804	PB: 35.7804	LB: 38.0464	GB: 77.8591	Conf: 2	Pts: 110197
Particle (1):: Fit: 35.7804	PB: 35.7804	LB: 38.0464	GB: 77.8591	Conf: 2	Pts: 55197
Particle (2):: Fit: 27.9184	PB: 27.9184	LB: 38.0464	GB: 77.8591	Conf: 2	Pts: 55197
Particle (4):: Fit: 28.0211	PB: 28.0211	LB: 38.0464	GB: 77.8591	Conf: 0.682976	Pts: 55297
Particle (13):: Fit: 78.307	PB: 78.307	LB: 78.307	GB: 78.307	Conf: 1.7575	Pts: 170197
Particle (15):: Fit: 33.3748	PB: 33.3748	LB: 78.307	GB: 78.307	Conf: 2	Pts: 60197
Particle (26):: Fit: 36.3011	PB: 36.3011	LB: 38.0464	GB: 78.307	Conf: 1.15373	Pts: 60197
Particle (27):: Fit: 59.5184	PB: 59.5184	LB: 59.5184	GB: 78.307	Conf: 1.83841	Pts: 105197
Particle (30):: Fit: 33.3748	PB: 33.3748	LB: 59.5184	GB: 78.307	Conf: 2	Pts: 65197
Particle (36):: Fit: 33.684	PB: 33.684	LB: 77.8591	GB: 78.307	Conf: 0.148576	Pts: 55197
Particle (44):: Fit: 33.3748	PB: 33.3748	LB: 63.6614	GB: 78.307	Conf: 2	Pts: 50197
Particle (45):: Fit: 72.2879	PB: 72.2879	LB: 72.2879	GB: 78.307	Conf: 1.88356	Pts: 130297
Particle (49):: Fit: 59.3854	PB: 59.3854	LB: 72.2879	GB: 78.307	Conf: 1.80551	Pts: 70197
Global: 78.307 - Correct: 20% of 10 tests
Global Best: 
  Inner Net 1
  -- 1 : 1 = 0.2025
  -- 1 : 2 = 0.1866
  -- 1 : 3 = 0.5177
  -- 1 : 4 = 0.2442
  -- 1 : 5 = 0.1562
  -- 1 : 6 = 0.4147
  -- 1 : 7 = 0.1034
  -- 1 : 8 = 0.894
  -- 1 : 9 = 0.7793
  -- 1 : 10 = 0.3841
  -- 2 : 1 = 0.4371
  -- 2 : 2 = 0.1962
  -- 2 : 3 = 0.7524
  -- 2 : 4 = 0.5847
  -- 2 : 5 = 0.1114
  -- 2 : 6 = 0.5019
  -- 2 : 7 = 0.7627
  -- 2 : 8 = 0.6297
  -- 2 : 9 = 0.56
  -- 2 : 10 = 0.9443
  -- 3 : 1 = 0.319
  -- 3 : 2 = 0.9222
  -- 3 : 3 = 0.0219
  -- 3 : 4 = 0.913
  -- 3 : 5 = 0.106
  -- 3 : 6 = 0.703
  -- 3 : 7 = 0.2084
  -- 3 : 8 = 0.1211
  -- 3 : 9 = 0.0385
  -- 3 : 10 = 0.7024
  -- 4 : 1 = 0.8643
  -- 4 : 2 = 0.7354
  -- 4 : 3 = 0.9423
  -- 4 : 4 = 0.0398
  -- 4 : 5 = 0.5239
  -- 4 : 6 = 0.1578
  -- 4 : 7 = 0.5753
  -- 4 : 8 = 0.1637
  -- 4 : 9 = 0.057
  -- 4 : 10 = 0.7118
  -- 5 : 1 = 0.1732
  -- 5 : 2 = 0.52
  -- 5 : 3 = 0.3477
  -- 5 : 4 = 0.5022
  -- 5 : 5 = 0.5927
  -- 5 : 6 = 0.574
  -- 5 : 7 = 0.3632
  -- 5 : 8 = 0.3453
  -- 5 : 9 = 0.5117
  -- 5 : 10 = 0.3193
  -- 6 : 1 = 0.2508
  -- 6 : 2 = 0.0536
  -- 6 : 3 = 0.34
  -- 6 : 4 = 0.4063
  -- 6 : 5 = 0.1477
  -- 6 : 6 = 0.0817
  -- 6 : 7 = 0.9528
  -- 6 : 8 = 0.24
  -- 6 : 9 = 0.0194
  -- 6 : 10 = 0.0301
  -- 7 : 1 = 0.8188
  -- 7 : 2 = 0.1165
  -- 7 : 3 = 0.1518
  -- 7 : 4 = 0.201
  -- 7 : 5 = 0.252
  -- 7 : 6 = 0.2124
  -- 7 : 7 = 0.718
  -- 7 : 8 = 0.1158
  -- 7 : 9 = 0.8056
  -- 7 : 10 = 0.5847
  -- 8 : 1 = 0.2311
  -- 8 : 2 = 0.4348
  -- 8 : 3 = 0.9827
  -- 8 : 4 = 0.9528
  -- 8 : 5 = 0.164
  -- 8 : 6 = 0.0848
  -- 8 : 7 = 0.114
  -- 8 : 8 = 0.3732
  -- 8 : 9 = 0.4571
  -- 8 : 10 = 0.0605
  -- 9 : 1 = 0.0661
  -- 9 : 2 = 0.0534
  -- 9 : 3 = 0.0868
  -- 9 : 4 = 0.83
  -- 9 : 5 = 0.9901
  -- 9 : 6 = 0.8798
  -- 9 : 7 = 0.2286
  -- 9 : 8 = 0.1688
  -- 9 : 9 = 0.5852
  -- 9 : 10 = 0.6281
  -- 10 : 1 = 0.0372
  -- 10 : 2 = 0.5296
  -- 10 : 3 = 0.0868
  -- 10 : 4 = 0.5842
  -- 10 : 5 = 0.2996
  -- 10 : 6 = 0.3628
  -- 10 : 7 = 0.5803
  -- 10 : 8 = 0.1145
  -- 10 : 9 = 0.4736
  -- 10 : 10 = 0.986
  Inner Net 2
  -- 1 : 1 = -0.455448
  -- 1 : 2 = 0.152859
  -- 2 : 1 = 0.3791
  -- 2 : 2 = 0.26905
  -- 3 : 1 = -0.0189482
  -- 3 : 2 = -0.30935
  -- 4 : 1 = 0.39496
  -- 4 : 2 = 0.3438
  -- 5 : 1 = 0.00461226
  -- 5 : 2 = 0.029916
  -- 6 : 1 = 0.4253
  -- 6 : 2 = 0.201
  -- 7 : 1 = 0.261707
  -- 7 : 2 = -0.0503528
  -- 8 : 1 = 0.492453
  -- 8 : 2 = -0.0499097
  -- 9 : 1 = 0.25694
  -- 9 : 2 = 0.0546
  -- 10 : 1 = -0.132429
  -- 10 : 2 = -0.0220744
Out\Act	False		True
False	0.84198	0	0.84198
True	0.157544	0.000475964	0.15802
	0.999524	0.000475964
	Accuracy [ (tp + tn) / testSize ]: 0.842456
	Precision [ tp / (tp + fp) ]:      0.5
	Sensitivity [ tp / (tp + fn) ]:    0.003003
	Specificity [ tn / (tn + fp) ]:    0.999435
	F-Score [ 2tp / (2tp + fp + fn) ]: 0.00598802
Particle (2):: Fit: 30.7796	PB: 30.7796	LB: 59.3854	GB: 78.307	Conf: 2	Pts: 55296
Particle (3):: Fit: 38.0464	PB: 38.0464	LB: 59.3854	GB: 78.307	Conf: 2	Pts: 60196
Particle (5):: Fit: 33.3748	PB: 33.3748	LB: 38.0464	GB: 78.307	Conf: 2	Pts: 60196
Particle (6):: Fit: 51.7792	PB: 51.7792	LB: 51.7792	GB: 78.307	Conf: 1.68835	Pts: 130196
Particle (15):: Fit: 35.7804	PB: 35.7804	LB: 78.307	GB: 78.307	Conf: 2	Pts: 60296
Particle (20):: Fit: 38.0464	PB: 38.0464	LB: 59.4422	GB: 78.307	Conf: 2	Pts: 55296
Particle (28):: Fit: 50.7116	PB: 50.7116	LB: 59.5184	GB: 78.307	Conf: 0.790387	Pts: 55296
Particle (31):: Fit: 35.7804	PB: 35.7804	LB: 59.5184	GB: 78.307	Conf: 2	Pts: 55196
Particle (22):: Fit: 28.1764	PB: 28.1764	LB: 59.5184	GB: 78.307	Conf: 1.02449	Pts: 55295
Particle (23):: Fit: 35.7804	PB: 35.7804	LB: 59.5184	GB: 78.307	Conf: 2	Pts: 60295
Particle (33):: Fit: 33.3748	PB: 33.3748	LB: 57.5256	GB: 78.307	Conf: 2	Pts: 55195
Particle (36):: Fit: 33.9628	PB: 33.9628	LB: 77.8591	GB: 78.307	Conf: 0.78952	Pts: 55295
Particle (40):: Fit: 80.0036	PB: 80.0036	LB: 80.0036	GB: 80.0036	Conf: 1.22193	Pts: 115195
Particle (41):: Fit: 72.7041	PB: 72.7041	LB: 80.0036	GB: 80.0036	Conf: 1.50787	Pts: 65295
Global: 80.0036 - Correct: 60% of 10 tests
Global Best: 
  Inner Net 1
  -- 1 : 1 = 0.1355
  -- 1 : 2 = 0.2486
  -- 1 : 3 = 0.554
  -- 1 : 4 = 0.0186
  -- 1 : 5 = 0.0678
  -- 1 : 6 = 0.1337
  -- 1 : 7 = 0.137
  -- 1 : 8 = 0.7001
  -- 1 : 9 = 0.4202
  -- 1 : 10 = 0.0714
  -- 2 : 1 = 0.1387
  -- 2 : 2 = 0.4389
  -- 2 : 3 = 0.2531
  -- 2 : 4 = 0.0265
  -- 2 : 5 = 0.9563
  -- 2 : 6 = 0.1303
  -- 2 : 7 = 0.215
  -- 2 : 8 = 0.7326
  -- 2 : 9 = 0.5578
  -- 2 : 10 = 0.4013
  -- 3 : 1 = 0.3005
  -- 3 : 2 = 0.7908
  -- 3 : 3 = 0.8571
  -- 3 : 4 = 0.2125
  -- 3 : 5 = 0.4354
  -- 3 : 6 = 0.1288
  -- 3 : 7 = 0.316
  -- 3 : 8 = 0.8235
  -- 3 : 9 = 0.1161
  -- 3 : 10 = 0.0254
  -- 4 : 1 = 0.5396
  -- 4 : 2 = 0.6525
  -- 4 : 3 = 0.285
  -- 4 : 4 = 0.5318
  -- 4 : 5 = 0.0561
  -- 4 : 6 = 0.4493
  -- 4 : 7 = 0.8367
  -- 4 : 8 = 0.3853
  -- 4 : 9 = 0.9668
  -- 4 : 10 = 0.2686
  -- 5 : 1 = 0.4467
  -- 5 : 2 = 0.1862
  -- 5 : 3 = 0.1653
  -- 5 : 4 = 0.3682
  -- 5 : 5 = 0.6092
  -- 5 : 6 = 0.673
  -- 5 : 7 = 0.9835
  -- 5 : 8 = 0.9819
  -- 5 : 9 = 0.4051
  -- 5 : 10 = 0.0638
  -- 6 : 1 = 0.3447
  -- 6 : 2 = 0.6913
  -- 6 : 3 = 0.0114
  -- 6 : 4 = 0.8708
  -- 6 : 5 = 0.4527
  -- 6 : 6 = 0.7924
  -- 6 : 7 = 0.1797
  -- 6 : 8 = 0.2181
  -- 6 : 9 = 0.7583
  -- 6 : 10 = 0.7203
  -- 7 : 1 = 0.5427
  -- 7 : 2 = 0.435
  -- 7 : 3 = 0.3547
  -- 7 : 4 = 0.9724
  -- 7 : 5 = 0.467
  -- 7 : 6 = 0.9736
  -- 7 : 7 = 0.6984
  -- 7 : 8 = 0.7188
  -- 7 : 9 = 0.6953
  -- 7 : 10 = 0.4236
  -- 8 : 1 = 0.5275
  -- 8 : 2 = 0.5849
  -- 8 : 3 = 0.3003
  -- 8 : 4 = 0.2694
  -- 8 : 5 = 0.7234
  -- 8 : 6 = 0.071
  -- 8 : 7 = 0.2642
  -- 8 : 8 = 0.6729
  -- 8 : 9 = 0.4162
  -- 8 : 10 = 0.2199
  -- 9 : 1 = 0.0729
  -- 9 : 2 = 0.1588
  -- 9 : 3 = 0.4193
  -- 9 : 4 = 0.8718
  -- 9 : 5 = 0.2364
  -- 9 : 6 = 0.1284
  -- 9 : 7 = 0.7397
  -- 9 : 8 = 0.9477
  -- 9 : 9 = 0.8475
  -- 9 : 10 = 0.7578
  -- 10 : 1 = 0.6332
  -- 10 : 2 = 0.0117
  -- 10 : 3 = 0.0909
  -- 10 : 4 = 0.6702
  -- 10 : 5 = 0.1214
  -- 10 : 6 = 0.3654
  -- 10 : 7 = 0.1991
  -- 10 : 8 = 0.5636
  -- 10 : 9 = 0.0543
  -- 10 : 10 = 0.9256
  Inner Net 2
  -- 1 : 1 = -0.483583
  -- 1 : 2 = 0.144874
  -- 2 : 1 = 0.234933
  -- 2 : 2 = 0.0457956
  -- 3 : 1 = 0.090362
  -- 3 : 2 = -0.0468363
  -- 4 : 1 = -0.0813664
  -- 4 : 2 = 0.299185
  -- 5 : 1 = 0.0702201
  -- 5 : 2 = 0.409964
  -- 6 : 1 = 0.48288
  -- 6 : 2 = 0.345212
  -- 7 : 1 = -0.111884
  -- 7 : 2 = -0.150592
  -- 8 : 1 = 0.273121
  -- 8 : 2 = -0.119125
  -- 9 : 1 = 0.4972
  -- 9 : 2 = -0.233822
  -- 10 : 1 = 0.246799
  -- 10 : 2 = 0.0273504
Out\Act	False		True
False	0.84198	0	0.84198
True	0.15802	0	0.15802
	1	0
	Accuracy [ (tp + tn) / testSize ]: 0.84198
	Precision [ tp / (tp + fp) ]:      0
	Sensitivity [ tp / (tp + fn) ]:    0
	Specificity [ tn / (tn + fp) ]:    0.999435
	F-Score [ 2tp / (2tp + fp + fn) ]: 0
Particle (2):: Fit: 35.7804	PB: 35.7804	LB: 59.3854	GB: 80.0036	Conf: 2	Pts: 55394
Particle (5):: Fit: 35.7804	PB: 35.7804	LB: 51.7792	GB: 80.0036	Conf: 2	Pts: 60294
Particle (17):: Fit: 35.7804	PB: 35.7804	LB: 78.307	GB: 80.0036	Conf: 2	Pts: 55194
Particle (21):: Fit: 59.5058	PB: 59.5058	LB: 59.5058	GB: 80.0036	Conf: 1.8344	Pts: 125294
Particle (22):: Fit: 53.653	PB: 53.653	LB: 59.5184	GB: 80.0036	Conf: 1.41834	Pts: 55394
Particle (33):: Fit: 38.0464	PB: 38.0464	LB: 57.5256	GB: 80.0036	Conf: 2	Pts: 55294
Particle (37):: Fit: 77.4955	PB: 77.4955	LB: 80.0036	GB: 80.0036	Conf: 1.208	Pts: 70194
Particle (39):: Fit: 88.4247	PB: 88.4247	LB: 88.4247	GB: 88.4247	Conf: 1.62629	Pts: 170194
Particle (42):: Fit: 35.7804	PB: 35.7804	LB: 88.4247	GB: 88.4247	Conf: 2	Pts: 55194
Particle (43):: Fit: 59.6074	PB: 59.6074	LB: 88.4247	GB: 88.4247	Conf: 1.89988	Pts: 60194
Global: 88.4247 - Correct: 30% of 10 tests
Global Best: 
  Inner Net 1
  -- 1 : 1 = 0.836
  -- 1 : 2 = 0.2487
  -- 1 : 3 = 0.0547
  -- 1 : 4 = 0.2725
  -- 1 : 5 = 0.368
  -- 1 : 6 = 0.2903
  -- 1 : 7 = 0.8462
  -- 1 : 8 = 0.0198
  -- 1 : 9 = 0.2921
  -- 1 : 10 = 0.2302
  -- 2 : 1 = 0.2169
  -- 2 : 2 = 0.5718
  -- 2 : 3 = 0.2145
  -- 2 : 4 = 0.1836
  -- 2 : 5 = 0.8881
  -- 2 : 6 = 0.3715
  -- 2 : 7 = 0.2414
  -- 2 : 8 = 0.5497
  -- 2 : 9 = 0.0885
  -- 2 : 10 = 0.1114
  -- 3 : 1 = 0.0283
  -- 3 : 2 = 0.0958
  -- 3 : 3 = 0.3075
  -- 3 : 4 = 0.4616
  -- 3 : 5 = 0.2191
  -- 3 : 6 = 0.1013
  -- 3 : 7 = 0.5075
  -- 3 : 8 = 0.0495
  -- 3 : 9 = 0.5956
  -- 3 : 10 = 0.9474
  -- 4 : 1 = 0.9313
  -- 4 : 2 = 0.9628
  -- 4 : 3 = 0.1303
  -- 4 : 4 = 0.0162
  -- 4 : 5 = 0.7552
  -- 4 : 6 = 0.2391
  -- 4 : 7 = 0.2203
  -- 4 : 8 = 0.8563
  -- 4 : 9 = 0.1677
  -- 4 : 10 = 0.5531
  -- 5 : 1 = 0.0195
  -- 5 : 2 = 0.3092
  -- 5 : 3 = 0.6802
  -- 5 : 4 = 0.6262
  -- 5 : 5 = 0.0816
  -- 5 : 6 = 0.9375
  -- 5 : 7 = 0.2492
  -- 5 : 8 = 0.5075
  -- 5 : 9 = 0.3575
  -- 5 : 10 = 0.234
  -- 6 : 1 = 0.8464
  -- 6 : 2 = 0.8662
  -- 6 : 3 = 0.7879
  -- 6 : 4 = 0.8296
  -- 6 : 5 = 0.3945
  -- 6 : 6 = 0.1687
  -- 6 : 7 = 0.9065
  -- 6 : 8 = 0.4717
  -- 6 : 9 = 0.3685
  -- 6 : 10 = 0.0947
  -- 7 : 1 = 0.9385
  -- 7 : 2 = 0.4836
  -- 7 : 3 = 0.04
  -- 7 : 4 = 0.4656
  -- 7 : 5 = 0.5492
  -- 7 : 6 = 0.3056
  -- 7 : 7 = 0.4337
  -- 7 : 8 = 0.9168
  -- 7 : 9 = 0.6658
  -- 7 : 10 = 0.3389
  -- 8 : 1 = 0.9284
  -- 8 : 2 = 0.3719
  -- 8 : 3 = 0.9734
  -- 8 : 4 = 0.4593
  -- 8 : 5 = 0.2328
  -- 8 : 6 = 0.4432
  -- 8 : 7 = 0.0164
  -- 8 : 8 = 0.3778
  -- 8 : 9 = 0.4986
  -- 8 : 10 = 0.2444
  -- 9 : 1 = 0.3203
  -- 9 : 2 = 0.9832
  -- 9 : 3 = 0.6401
  -- 9 : 4 = 0.0989
  -- 9 : 5 = 0.0355
  -- 9 : 6 = 0.29
  -- 9 : 7 = 0.6235
  -- 9 : 8 = 0.1011
  -- 9 : 9 = 0.688
  -- 9 : 10 = 0.1888
  -- 10 : 1 = 0.9016
  -- 10 : 2 = 0.9252
  -- 10 : 3 = 0.6903
  -- 10 : 4 = 0.4537
  -- 10 : 5 = 0.927
  -- 10 : 6 = 0.7777
  -- 10 : 7 = 0.5992
  -- 10 : 8 = 0.0779
  -- 10 : 9 = 0.5805
  -- 10 : 10 = 0.2071
  Inner Net 2
  -- 1 : 1 = -0.7309
  -- 1 : 2 = 0.0524954
  -- 2 : 1 = 0.435985
  -- 2 : 2 = -0.032747
  -- 3 : 1 = 0.14533
  -- 3 : 2 = 0.406202
  -- 4 : 1 = -0.348739
  -- 4 : 2 = 0.154518
  -- 5 : 1 = 0.129672
  -- 5 : 2 = 0.0791446
  -- 6 : 1 = 0.288662
  -- 6 : 2 = -0.250715
  -- 7 : 1 = -0.491784
  -- 7 : 2 = 0.0720501
  -- 8 : 1 = 0.256757
  -- 8 : 2 = 0.0467418
  -- 9 : 1 = 0.299304
  -- 9 : 2 = -0.425397
  -- 10 : 1 = 0.157763
  -- 10 : 2 = -0.0147997
Out\Act	False		True
False	0.816754	0.0252261	0.84198
True	0.151832	0.00618753	0.15802
	0.968586	0.0314136
	Accuracy [ (tp + tn) / testSize ]: 0.822941
	Precision [ tp / (tp + fp) ]:      0.19403
	Sensitivity [ tp / (tp + fn) ]:    0.039039
	Specificity [ tn / (tn + fp) ]:    0.969492
	F-Score [ 2tp / (2tp + fp + fn) ]: 0.0651629
Particle (14):: Fit: 35.7804	PB: 35.7804	LB: 78.307	GB: 88.4247	Conf: 2	Pts: 55293
Particle (4):: Fit: 30.851	PB: 30.851	LB: 51.7792	GB: 88.4247	Conf: 0.956828	Pts: 55391
Particle (9):: Fit: 36.0297	PB: 36.0297	LB: 78.307	GB: 88.4247	Conf: 1.66434	Pts: 55292
Particle (21):: Fit: 72.2967	PB: 72.2967	LB: 72.2967	GB: 88.4247	Conf: 1.89341	Pts: 165392
Particle (26):: Fit: 56.0207	PB: 56.0207	LB: 59.5184	GB: 88.4247	Conf: 1.64216	Pts: 60292
Particle (44):: Fit: 35.7804	PB: 35.7804	LB: 80.0036	GB: 88.4247	Conf: 2	Pts: 50292
Particle (47):: Fit: 36.7689	PB: 36.7689	LB: 72.2879	GB: 88.4247	Conf: 0.699035	Pts: 55290
Particle (8):: Fit: 38.0464	PB: 38.0464	LB: 78.307	GB: 88.4247	Conf: 2	Pts: 55191
Particle (26):: Fit: 63.2809	PB: 63.2809	LB: 63.2809	GB: 88.4247	Conf: 1.6729	Pts: 85391
Particle (49):: Fit: 59.4899	PB: 59.4899	LB: 72.2879	GB: 88.4247	Conf: 1.8297	Pts: 90291
Particle (9):: Fit: 72.5645	PB: 72.5645	LB: 78.307	GB: 88.4247	Conf: 1.7225	Pts: 75390
Particle (18):: Fit: 72.1617	PB: 72.1617	LB: 72.2967	GB: 88.4247	Conf: 1.8412	Pts: 75190
Particle (26):: Fit: 87.7728	PB: 87.7728	LB: 87.7728	GB: 88.4247	Conf: 1.34947	Pts: 135490
Particle (34):: Fit: 67.6792	PB: 67.6792	LB: 88.4247	GB: 88.4247	Conf: 1.40107	Pts: 90290
Particle (35):: Fit: 66.611	PB: 66.611	LB: 88.4247	GB: 88.4247	Conf: 0.971799	Pts: 100189
Particle (43):: Fit: 72.295	PB: 72.295	LB: 88.4247	GB: 88.4247	Conf: 1.89062	Pts: 70290
Particle (2):: Fit: 38.0464	PB: 38.0464	LB: 59.4899	GB: 88.4247	Conf: 2	Pts: 55489
Particle (23):: Fit: 72.292	PB: 72.292	LB: 87.7728	GB: 88.4247	Conf: 1.88718	Pts: 60389
Particle (32):: Fit: 35.7804	PB: 35.7804	LB: 77.4955	GB: 88.4247	Conf: 2	Pts: 75189
Particle (46):: Fit: 38.0464	PB: 38.0464	LB: 72.295	GB: 88.4247	Conf: 2	Pts: 55189
Particle (1):: Fit: 38.0464	PB: 38.0464	LB: 59.4899	GB: 88.4247	Conf: 2	Pts: 55288
Particle (4):: Fit: 30.9944	PB: 30.9944	LB: 72.5645	GB: 88.4247	Conf: 0.844386	Pts: 55485
Particle (38):: Fit: 38.0464	PB: 38.0464	LB: 88.4247	GB: 88.4247	Conf: 2	Pts: 55187
Particle (4):: Fit: 33.8209	PB: 33.8209	LB: 72.5645	GB: 88.4247	Conf: 0.956051	Pts: 55584
Particle (6):: Fit: 72.247	PB: 72.247	LB: 72.5645	GB: 88.4247	Conf: 1.86379	Pts: 145286
Particle (24):: Fit: 38.0464	PB: 38.0464	LB: 87.7728	GB: 88.4247	Conf: 2	Pts: 80186
Particle (4):: Fit: 34.0109	PB: 34.0109	LB: 72.5645	GB: 88.4247	Conf: 0.620204	Pts: 55683
Particle (15):: Fit: 40.2089	PB: 40.2089	LB: 78.307	GB: 88.4247	Conf: 2	Pts: 60385
Particle (29):: Fit: 39.42	PB: 39.42	LB: 87.7728	GB: 88.4247	Conf: 0.970339	Pts: 60283
Particle (31):: Fit: 40.2089	PB: 40.2089	LB: 67.6792	GB: 88.4247	Conf: 2	Pts: 55285
Particle (10):: Fit: 39.4546	PB: 39.4546	LB: 78.307	GB: 88.4247	Conf: 0.709412	Pts: 55283
Particle (6):: Fit: 72.2835	PB: 72.2835	LB: 72.5645	GB: 88.4247	Conf: 1.88043	Pts: 160383
Particle (17):: Fit: 38.0464	PB: 38.0464	LB: 78.307	GB: 88.4247	Conf: 2	Pts: 55283
Particle (44):: Fit: 38.0464	PB: 38.0464	LB: 80.0036	GB: 88.4247	Conf: 2	Pts: 50383
Particle (5):: Fit: 66.3672	PB: 66.3672	LB: 72.5645	GB: 88.4247	Conf: 1.89078	Pts: 65382
Particle (18):: Fit: 82.6797	PB: 82.6797	LB: 82.6797	GB: 88.4247	Conf: 1.8911	Pts: 115282
Particle (6):: Fit: 72.2934	PB: 72.2934	LB: 72.5645	GB: 88.4247	Conf: 1.88861	Pts: 175480
Particle (9):: Fit: 73.8952	PB: 73.8952	LB: 78.307	GB: 88.4247	Conf: 1.32523	Pts: 95480
Particle (36):: Fit: 36.0585	PB: 36.0585	LB: 88.4247	GB: 88.4247	Conf: 0.0942036	Pts: 55375
Particle (1):: Fit: 40.2089	PB: 40.2089	LB: 72.2934	GB: 88.4247	Conf: 2	Pts: 55379
Particle (22):: Fit: 66.6983	PB: 66.6983	LB: 87.7728	GB: 88.4247	Conf: 0.717537	Pts: 55479
Particle (45):: Fit: 72.2976	PB: 72.2976	LB: 72.7041	GB: 88.4247	Conf: 1.89533	Pts: 150379
Particle (49):: Fit: 72.2282	PB: 72.2282	LB: 72.2976	GB: 88.4247	Conf: 1.85774	Pts: 95379
Particle (0):: Fit: 38.0464	PB: 38.0464	LB: 72.2282	GB: 88.4247	Conf: 2	Pts: 110278
Particle (23):: Fit: 72.294	PB: 72.294	LB: 87.7728	GB: 88.4247	Conf: 1.88939	Pts: 60478
Particle (31):: Fit: 42.7287	PB: 42.7287	LB: 67.6792	GB: 88.4247	Conf: 1.77875	Pts: 55377
Particle (19):: Fit: 38.0464	PB: 38.0464	LB: 82.6797	GB: 88.4247	Conf: 2	Pts: 55276
Particle (21):: Fit: 82.2608	PB: 82.2608	LB: 87.7728	GB: 88.4247	Conf: 1.80643	Pts: 165476
Particle (23):: Fit: 77.6815	PB: 77.6815	LB: 87.7728	GB: 88.4247	Conf: 1.89822	Pts: 60576
Particle (41):: Fit: 79.1787	PB: 79.1787	LB: 88.4247	GB: 88.4247	Conf: 1.69396	Pts: 70376
Particle (45):: Fit: 72.5285	PB: 72.5285	LB: 79.1787	GB: 88.4247	Conf: 1.77895	Pts: 170476
Particle (2):: Fit: 42.2944	PB: 42.2944	LB: 72.2934	GB: 88.4247	Conf: 2	Pts: 55575
Particle (11):: Fit: 35.7804	PB: 35.7804	LB: 78.307	GB: 88.4247	Conf: 2	Pts: 65174
Particle (30):: Fit: 35.7804	PB: 35.7804	LB: 87.7728	GB: 88.4247	Conf: 2	Pts: 65273
Particle (8):: Fit: 40.2089	PB: 40.2089	LB: 78.307	GB: 88.4247	Conf: 2	Pts: 55270
Particle (16):: Fit: 39.3607	PB: 39.3607	LB: 82.6797	GB: 88.4247	Conf: 0.550814	Pts: 65170
Particle (30):: Fit: 38.0464	PB: 38.0464	LB: 87.7728	GB: 88.4247	Conf: 2	Pts: 65369
Particle (13):: Fit: 83.8918	PB: 83.8918	LB: 83.8918	GB: 88.4247	Conf: 1.76348	Pts: 220264
Particle (7):: Fit: 40.2089	PB: 40.2089	LB: 73.8952	GB: 88.4247	Conf: 2	Pts: 55163
Particle (36):: Fit: 41.4927	PB: 41.4927	LB: 88.4247	GB: 88.4247	Conf: 0.362386	Pts: 55457
Particle (8):: Fit: 59.5841	PB: 59.5841	LB: 83.8918	GB: 88.4247	Conf: 1.86793	Pts: 55362
Particle (49):: Fit: 72.5442	PB: 72.5442	LB: 72.5442	GB: 88.4247	Conf: 1.77447	Pts: 135461
Particle (4):: Fit: 38.5563	PB: 38.5563	LB: 73.8952	GB: 88.4247	Conf: 0.146131	Pts: 55755
Particle (12):: Fit: 38.0464	PB: 38.0464	LB: 83.8918	GB: 88.4247	Conf: 2	Pts: 55258
Particle (9):: Fit: 82.6712	PB: 82.6712	LB: 83.8918	GB: 88.4247	Conf: 1.88399	Pts: 115556
Particle (22):: Fit: 82.3647	PB: 82.3647	LB: 87.7728	GB: 88.4247	Conf: 1.8187	Pts: 55555
Particle (19):: Fit: 66.3507	PB: 66.3507	LB: 82.6797	GB: 88.4247	Conf: 1.87526	Pts: 55355
Particle (28):: Fit: 54.7276	PB: 54.7276	LB: 87.7728	GB: 88.4247	Conf: 0.341506	Pts: 55349
Particle (24):: Fit: 40.2089	PB: 40.2089	LB: 87.7728	GB: 88.4247	Conf: 2	Pts: 80252
Particle (35):: Fit: 66.6332	PB: 66.6332	LB: 88.4247	GB: 88.4247	Conf: 0.592816	Pts: 100246
Particle (42):: Fit: 40.2089	PB: 40.2089	LB: 88.4247	GB: 88.4247	Conf: 2	Pts: 55250
Particle (12):: Fit: 40.2089	PB: 40.2089	LB: 83.8918	GB: 88.4247	Conf: 2	Pts: 55348
Particle (20):: Fit: 40.2089	PB: 40.2089	LB: 82.6797	GB: 88.4247	Conf: 2	Pts: 55346
Particle (45):: Fit: 82.2529	PB: 82.2529	LB: 82.2529	GB: 88.4247	Conf: 1.80557	Pts: 200546
Particle (47):: Fit: 39.4605	PB: 39.4605	LB: 82.2529	GB: 88.4247	Conf: 0.732811	Pts: 55343
Particle (32):: Fit: 38.0464	PB: 38.0464	LB: 77.4955	GB: 88.4247	Conf: 2	Pts: 75245
Particle (4):: Fit: 39.233	PB: 39.233	LB: 82.6712	GB: 88.4247	Conf: 0.443382	Pts: 55838
Particle (6):: Fit: 82.6348	PB: 82.6348	LB: 82.6712	GB: 88.4247	Conf: 1.86818	Pts: 190542
Particle (3):: Fit: 40.2089	PB: 40.2089	LB: 82.6348	GB: 88.4247	Conf: 2	Pts: 60241
Particle (31):: Fit: 77.3517	PB: 77.3517	LB: 77.3517	GB: 88.4247	Conf: 1.81458	Pts: 60441
Particle (33):: Fit: 40.2089	PB: 40.2089	LB: 77.4955	GB: 88.4247	Conf: 2	Pts: 55340
Particle (4):: Fit: 41.9874	PB: 41.9874	LB: 82.6712	GB: 88.4247	Conf: 0.623615	Pts: 55930
Particle (27):: Fit: 91.9323	PB: 91.9323	LB: 91.9323	GB: 91.9323	Conf: 1.88262	Pts: 165234
Global: 91.9323 - Correct: 10% of 10 tests
Global Best: 
  Inner Net 1
  -- 1 : 1 = 0.8985
  -- 1 : 2 = 0.5839
  -- 1 : 3 = 0.3928
  -- 1 : 4 = 0.9371
  -- 1 : 5 = 0.0712
  -- 1 : 6 = 0.9667
  -- 1 : 7 = 0.043
  -- 1 : 8 = 0.0708
  -- 1 : 9 = 0.2817
  -- 1 : 10 = 0.2753
  -- 2 : 1 = 0.2061
  -- 2 : 2 = 0.3473
  -- 2 : 3 = 0.353
  -- 2 : 4 = 0.9959
  -- 2 : 5 = 0.6695
  -- 2 : 6 = 0.0095
  -- 2 : 7 = 0.2557
  -- 2 : 8 = 0.1416
  -- 2 : 9 = 0.4451
  -- 2 : 10 = 0.0152
  -- 3 : 1 = 0.2827
  -- 3 : 2 = 0.696
  -- 3 : 3 = 0.1699
  -- 3 : 4 = 0.6519
  -- 3 : 5 = 0.3828
  -- 3 : 6 = 0.7411
  -- 3 : 7 = 0.5318
  -- 3 : 8 = 0.9853
  -- 3 : 9 = 0.4565
  -- 3 : 10 = 0.7061
  -- 4 : 1 = 0.8094
  -- 4 : 2 = 0.0564
  -- 4 : 3 = 0.2193
  -- 4 : 4 = 0.2288
  -- 4 : 5 = 0.3764
  -- 4 : 6 = 0.1394
  -- 4 : 7 = 0.4531
  -- 4 : 8 = 0.8945
  -- 4 : 9 = 0.7675
  -- 4 : 10 = 0.9937
  -- 5 : 1 = 0.277
  -- 5 : 2 = 0.1331
  -- 5 : 3 = 0.5858
  -- 5 : 4 = 0.0637
  -- 5 : 5 = 0.3398
  -- 5 : 6 = 0.1361
  -- 5 : 7 = 0.251
  -- 5 : 8 = 0.5165
  -- 5 : 9 = 0.6714
  -- 5 : 10 = 0.135
  -- 6 : 1 = 0.9736
  -- 6 : 2 = 0.0261
  -- 6 : 3 = 0.0787
  -- 6 : 4 = 0.8615
  -- 6 : 5 = 0.9554
  -- 6 : 6 = 0.7291
  -- 6 : 7 = 0.3488
  -- 6 : 8 = 0.7251
  -- 6 : 9 = 0.0336
  -- 6 : 10 = 0.3865
  -- 7 : 1 = 0.5123
  -- 7 : 2 = 0.7162
  -- 7 : 3 = 0.1045
  -- 7 : 4 = 0.5602
  -- 7 : 5 = 0.5535
  -- 7 : 6 = 0.294
  -- 7 : 7 = 0.1003
  -- 7 : 8 = 0.6696
  -- 7 : 9 = 0.2049
  -- 7 : 10 = 0.4195
  -- 8 : 1 = 0.6231
  -- 8 : 2 = 0.4142
  -- 8 : 3 = 0.3204
  -- 8 : 4 = 0.5012
  -- 8 : 5 = 0.918
  -- 8 : 6 = 0.6874
  -- 8 : 7 = 0.248
  -- 8 : 8 = 0.413
  -- 8 : 9 = 0.8271
  -- 8 : 10 = 0.0397
  -- 9 : 1 = 0.4227
  -- 9 : 2 = 0.0771
  -- 9 : 3 = 0.6827
  -- 9 : 4 = 0.0917
  -- 9 : 5 = 0.197
  -- 9 : 6 = 0.1543
  -- 9 : 7 = 0.8614
  -- 9 : 8 = 0.8307
  -- 9 : 9 = 0.0226
  -- 9 : 10 = 0.6726
  -- 10 : 1 = 0.5379
  -- 10 : 2 = 0.4857
  -- 10 : 3 = 0.5266
  -- 10 : 4 = 0.2458
  -- 10 : 5 = 0.6554
  -- 10 : 6 = 0.2374
  -- 10 : 7 = 0.8843
  -- 10 : 8 = 0.8189
  -- 10 : 9 = 0.2661
  -- 10 : 10 = 0.9653
  Inner Net 2
  -- 1 : 1 = 0.371095
  -- 1 : 2 = -0.0238225
  -- 2 : 1 = 0.0826711
  -- 2 : 2 = -0.0298439
  -- 3 : 1 = -0.513158
  -- 3 : 2 = 0.0891762
  -- 4 : 1 = 0.321939
  -- 4 : 2 = -0.116161
  -- 5 : 1 = -0.455817
  -- 5 : 2 = 0.296203
  -- 6 : 1 = 0.076689
  -- 6 : 2 = 0.393767
  -- 7 : 1 = 0.179012
  -- 7 : 2 = -0.341676
  -- 8 : 1 = -0.25039
  -- 8 : 2 = 0.201021
  -- 9 : 1 = -0.100593
  -- 9 : 2 = -0.0579194
  -- 10 : 1 = 0.0767256
  -- 10 : 2 = -0.122447
Out\Act	False		True
False	0.84198	0	0.84198
True	0.15802	0	0.15802
	1	0
	Accuracy [ (tp + tn) / testSize ]: 0.84198
	Precision [ tp / (tp + fp) ]:      0
	Sensitivity [ tp / (tp + fn) ]:    0
	Specificity [ tn / (tn + fp) ]:    0.999435
	F-Score [ 2tp / (2tp + fp + fn) ]: 0
Particle (37):: Fit: 78.3393	PB: 78.3393	LB: 88.4247	GB: 91.9323	Conf: 1.74438	Pts: 80228
Particle (19):: Fit: 77.413	PB: 77.413	LB: 82.6797	GB: 91.9323	Conf: 1.82286	Pts: 55429
Particle (29):: Fit: 41.5529	PB: 41.5529	LB: 91.9323	GB: 91.9323	Conf: 0.386109	Pts: 60322
Particle (16):: Fit: 39.4628	PB: 39.4628	LB: 83.8918	GB: 91.9323	Conf: 0.744463	Pts: 65226
Particle (29):: Fit: 41.5979	PB: 41.5979	LB: 91.9323	GB: 91.9323	Conf: 0.404685	Pts: 60419
Particle (49):: Fit: 78.3862	PB: 78.3862	LB: 82.2529	GB: 91.9323	Conf: 1.69443	Pts: 140525
Particle (16):: Fit: 84.0335	PB: 84.0335	LB: 84.0335	GB: 91.9323	Conf: 0.285918	Pts: 115322
Particle (17):: Fit: 40.2089	PB: 40.2089	LB: 84.0335	GB: 91.9323	Conf: 2	Pts: 55322
Particle (32):: Fit: 40.2089	PB: 40.2089	LB: 78.3393	GB: 91.9323	Conf: 2	Pts: 75320
Particle (30):: Fit: 40.2089	PB: 40.2089	LB: 91.9323	GB: 91.9323	Conf: 2	Pts: 65418
Particle (14):: Fit: 38.0464	PB: 38.0464	LB: 84.0335	GB: 91.9323	Conf: 2	Pts: 55317
Particle (40):: Fit: 83.0239	PB: 83.0239	LB: 88.4247	GB: 91.9323	Conf: 1.14785	Pts: 120217
Particle (11):: Fit: 38.0464	PB: 38.0464	LB: 84.0335	GB: 91.9323	Conf: 2	Pts: 65215
Particle (23):: Fit: 82.6748	PB: 82.6748	LB: 91.9323	GB: 91.9323	Conf: 1.88658	Pts: 60615
Particle (6):: Fit: 87.4051	PB: 87.4051	LB: 87.4051	GB: 91.9323	Conf: 1.88716	Pts: 240611
Particle (23):: Fit: 82.682	PB: 82.682	LB: 91.9323	GB: 91.9323	Conf: 1.89449	Pts: 60710
Particle (44):: Fit: 40.2089	PB: 40.2089	LB: 83.0239	GB: 91.9323	Conf: 2	Pts: 50408
Particle (35):: Fit: 67.6113	PB: 67.6113	LB: 88.4247	GB: 91.9323	Conf: 0.535798	Pts: 100297
Particle (46):: Fit: 40.2089	PB: 40.2089	LB: 82.2529	GB: 91.9323	Conf: 2	Pts: 55201
Particle (9):: Fit: 83.0183	PB: 83.0183	LB: 87.4051	GB: 91.9323	Conf: 1.70473	Pts: 115600
Particle (7):: Fit: 57.8069	PB: 57.8069	LB: 87.4051	GB: 91.9323	Conf: 0.773099	Pts: 55198
Particle (17):: Fit: 67.3516	PB: 67.3516	LB: 84.0335	GB: 91.9323	Conf: 0.874609	Pts: 55398
Particle (29):: Fit: 64.5178	PB: 64.5178	LB: 91.9323	GB: 91.9323	Conf: 0.324616	Pts: 60486
Particle (2):: Fit: 72.6396	PB: 72.6396	LB: 87.4051	GB: 91.9323	Conf: 0.4409	Pts: 55597
Particle (25):: Fit: 69.3001	PB: 69.3001	LB: 91.9323	GB: 91.9323	Conf: 0.552039	Pts: 75197
Particle (30):: Fit: 41.0657	PB: 41.0657	LB: 91.9323	GB: 91.9323	Conf: 0.702256	Pts: 65497
Particle (44):: Fit: 57.8498	PB: 57.8498	LB: 83.0239	GB: 91.9323	Conf: 0.391895	Pts: 50497
Particle (48):: Fit: 46.7397	PB: 46.7397	LB: 82.2529	GB: 91.9323	Conf: 0.400883	Pts: 55197
Particle (22):: Fit: 90.9605	PB: 90.9605	LB: 91.9323	GB: 91.9323	Conf: 0.399988	Pts: 80594
Particle (29):: Fit: 64.7056	PB: 64.7056	LB: 91.9323	GB: 91.9323	Conf: 0.868125	Pts: 60584
Particle (30):: Fit: 50.9489	PB: 50.9489	LB: 91.9323	GB: 91.9323	Conf: 0.535762	Pts: 65596
Particle (34):: Fit: 78.4256	PB: 78.4256	LB: 88.4247	GB: 91.9323	Conf: 0.748661	Pts: 100285
Particle (44):: Fit: 68.0756	PB: 68.0756	LB: 83.0239	GB: 91.9323	Conf: 0.436541	Pts: 50596
Particle (48):: Fit: 84.7149	PB: 84.7149	LB: 84.7149	GB: 91.9323	Conf: 0.58871	Pts: 90296
Particle (15):: Fit: 54.3566	PB: 54.3566	LB: 84.0335	GB: 91.9323	Conf: 0.681693	Pts: 60395
Particle (46):: Fit: 56.239	PB: 56.239	LB: 84.7149	GB: 91.9323	Conf: 0.806547	Pts: 55295
Particle (29):: Fit: 84.8237	PB: 84.8237	LB: 91.9323	GB: 91.9323	Conf: 0.26824	Pts: 70681
Particle (30):: Fit: 63.475	PB: 63.475	LB: 91.9323	GB: 91.9323	Conf: 0.714685	Pts: 65694
Particle (38):: Fit: 42.2948	PB: 42.2948	LB: 88.4247	GB: 91.9323	Conf: 0.404999	Pts: 55194
Particle (46):: Fit: 73.1693	PB: 73.1693	LB: 84.7149	GB: 91.9323	Conf: 0.664098	Pts: 55394
Particle (1):: Fit: 41.1027	PB: 41.1027	LB: 87.4051	GB: 91.9323	Conf: 0.0728771	Pts: 55393
Particle (10):: Fit: 60.2191	PB: 60.2191	LB: 87.4051	GB: 91.9323	Conf: 0.468462	Pts: 55277
Particle (11):: Fit: 52.6614	PB: 52.6614	LB: 84.0335	GB: 91.9323	Conf: 0.375792	Pts: 65293
Particle (14):: Fit: 90.5204	PB: 90.5204	LB: 90.5204	GB: 91.9323	Conf: 0.402596	Pts: 95392
Particle (23):: Fit: 87.2586	PB: 87.2586	LB: 91.9323	GB: 91.9323	Conf: 0.432252	Pts: 60793
Particle (24):: Fit: 62.2702	PB: 62.2702	LB: 91.9323	GB: 91.9323	Conf: 1.52047	Pts: 80293
Particle (32):: Fit: 48.3188	PB: 48.3188	LB: 84.8237	GB: 91.9323	Conf: 0.205284	Pts: 75393
Particle (36):: Fit: 83.9878	PB: 83.9878	LB: 88.4247	GB: 91.9323	Conf: 0.331601	Pts: 55475
Particle (38):: Fit: 47.1441	PB: 47.1441	LB: 88.4247	GB: 91.9323	Conf: 0.605058	Pts: 55293
Particle (3):: Fit: 45.9688	PB: 45.9688	LB: 87.4051	GB: 91.9323	Conf: 0.316443	Pts: 60292
Particle (12):: Fit: 60.4426	PB: 60.4426	LB: 90.5204	GB: 91.9323	Conf: 0.623875	Pts: 55392
Particle (15):: Fit: 72.9422	PB: 72.9422	LB: 90.5204	GB: 91.9323	Conf: 0.530452	Pts: 60492
Particle (29):: Fit: 90.1791	PB: 90.1791	LB: 91.9323	GB: 91.9323	Conf: 0.740518	Pts: 80779
Particle (32):: Fit: 53.5072	PB: 53.5072	LB: 90.1791	GB: 91.9323	Conf: 0.869685	Pts: 75492
Particle (3):: Fit: 48.7687	PB: 48.7687	LB: 87.4051	GB: 91.9323	Conf: 0.656588	Pts: 60391
Particle (5):: Fit: 79.3637	PB: 79.3637	LB: 87.4051	GB: 91.9323	Conf: 0.537364	Pts: 65391
Particle (20):: Fit: 50.0658	PB: 50.0658	LB: 90.9605	GB: 91.9323	Conf: 0.985703	Pts: 55390
Particle (24):: Fit: 65.7325	PB: 65.7325	LB: 91.9323	GB: 91.9323	Conf: 0.233635	Pts: 80391
Particle (25):: Fit: 73.1669	PB: 73.1669	LB: 91.9323	GB: 91.9323	Conf: 0.689627	Pts: 75291
Particle (44):: Fit: 79.1993	PB: 79.1993	LB: 84.7149	GB: 91.9323	Conf: 0.423818	Pts: 50691
Particle (0):: Fit: 57.1426	PB: 57.1426	LB: 84.7149	GB: 91.9323	Conf: 0.455014	Pts: 110290
Particle (1):: Fit: 45.7788	PB: 45.7788	LB: 87.4051	GB: 91.9323	Conf: 0.288088	Pts: 55490
Particle (3):: Fit: 79.5885	PB: 79.5885	LB: 87.4051	GB: 91.9323	Conf: 0.462924	Pts: 60490
Particle (7):: Fit: 73.8269	PB: 73.8269	LB: 87.4051	GB: 91.9323	Conf: 0.485466	Pts: 55290
Particle (12):: Fit: 84.3356	PB: 84.3356	LB: 90.5204	GB: 91.9323	Conf: 0.424485	Pts: 55490
Particle (15):: Fit: 79.1312	PB: 79.1312	LB: 90.5204	GB: 91.9323	Conf: 0.381172	Pts: 60590
Particle (20):: Fit: 66.5572	PB: 66.5572	LB: 90.9605	GB: 91.9323	Conf: 0.75256	Pts: 55489
Particle (33):: Fit: 59.5822	PB: 59.5822	LB: 90.1791	GB: 91.9323	Conf: 0.654388	Pts: 55390
Particle (0):: Fit: 85.1069	PB: 85.1069	LB: 85.1069	GB: 91.9323	Conf: 0.516042	Pts: 140388
Particle (42):: Fit: 63.5142	PB: 63.5142	LB: 88.4247	GB: 91.9323	Conf: 1.63376	Pts: 55287
Particle (15):: Fit: 84.8161	PB: 84.8161	LB: 90.5204	GB: 91.9323	Conf: 0.654462	Pts: 60687
Particle (17):: Fit: 85.7574	PB: 85.7574	LB: 90.9605	GB: 91.9323	Conf: 0.839237	Pts: 55487
Particle (25):: Fit: 85.0375	PB: 85.0375	LB: 91.9323	GB: 91.9323	Conf: 0.708335	Pts: 75386
Particle (33):: Fit: 69.8474	PB: 69.8474	LB: 90.1791	GB: 91.9323	Conf: 0.783003	Pts: 55486
Particle (35):: Fit: 68.9633	PB: 68.9633	LB: 88.4247	GB: 91.9323	Conf: 0.421189	Pts: 100377
Particle (38):: Fit: 71.548	PB: 71.548	LB: 88.4247	GB: 91.9323	Conf: 0.307563	Pts: 55385
Particle (47):: Fit: 50.7158	PB: 50.7158	LB: 85.1069	GB: 91.9323	Conf: 1.22853	Pts: 55378
Particle (10):: Fit: 72.3311	PB: 72.3311	LB: 90.5204	GB: 91.9323	Conf: 0.527373	Pts: 55367
Particle (11):: Fit: 59.3305	PB: 59.3305	LB: 90.5204	GB: 91.9323	Conf: 0.153558	Pts: 65384
Particle (20):: Fit: 67.1494	PB: 67.1494	LB: 90.9605	GB: 91.9323	Conf: 0.282805	Pts: 55583
Particle (34):: Fit: 79.0938	PB: 79.0938	LB: 88.4247	GB: 91.9323	Conf: 0.628884	Pts: 100373
Particle (47):: Fit: 53.6495	PB: 53.6495	LB: 85.1069	GB: 91.9323	Conf: 0.602526	Pts: 55476
Particle (11):: Fit: 59.7053	PB: 59.7053	LB: 90.5204	GB: 91.9323	Conf: 0.855185	Pts: 65482
Particle (1):: Fit: 49.113	PB: 49.113	LB: 87.4051	GB: 91.9323	Conf: 0.304266	Pts: 55580
Particle (2):: Fit: 79.4418	PB: 79.4418	LB: 87.4051	GB: 91.9323	Conf: 0.742809	Pts: 55681
Particle (8):: Fit: 84.4274	PB: 84.4274	LB: 87.4051	GB: 91.9323	Conf: 0.397173	Pts: 55381
Particle (10):: Fit: 76.2389	PB: 76.2389	LB: 90.5204	GB: 91.9323	Conf: 0.670747	Pts: 55464
Particle (31):: Fit: 81.1742	PB: 81.1742	LB: 91.9323	GB: 91.9323	Conf: 0.147003	Pts: 60480
Particle (35):: Fit: 71.8056	PB: 71.8056	LB: 88.4247	GB: 91.9323	Conf: 0.322508	Pts: 100471
Particle (11):: Fit: 78.6467	PB: 78.6467	LB: 90.5204	GB: 91.9323	Conf: 0.792937	Pts: 65577
Particle (47):: Fit: 59.2048	PB: 59.2048	LB: 85.1069	GB: 91.9323	Conf: 0.692707	Pts: 55571
Particle (38):: Fit: 73.2363	PB: 73.2363	LB: 88.4247	GB: 91.9323	Conf: 0.52194	Pts: 55477
Particle (20):: Fit: 79.0468	PB: 79.0468	LB: 90.9605	GB: 91.9323	Conf: 0.514872	Pts: 55675
Particle (25):: Fit: 85.8327	PB: 85.8327	LB: 91.9323	GB: 91.9323	Conf: 0.741087	Pts: 75476
Particle (28):: Fit: 73.5462	PB: 73.5462	LB: 91.9323	GB: 91.9323	Conf: 0.457739	Pts: 55367
Particle (46):: Fit: 85.4718	PB: 85.4718	LB: 85.4718	GB: 91.9323	Conf: 0.449118	Pts: 90475
Particle (3):: Fit: 84.1299	PB: 84.1299	LB: 87.4051	GB: 91.9323	Conf: 0.549674	Pts: 60573
Particle (28):: Fit: 74.171	PB: 74.171	LB: 91.9323	GB: 91.9323	Conf: 0.717248	Pts: 55464
Particle (4):: Fit: 72.166	PB: 72.166	LB: 87.4051	GB: 91.9323	Conf: 0.714735	Pts: 55961
Particle (28):: Fit: 81.0785	PB: 81.0785	LB: 91.9323	GB: 91.9323	Conf: 0.639494	Pts: 55562
Particle (1):: Fit: 54.1378	PB: 54.1378	LB: 87.4051	GB: 91.9323	Conf: 0.348516	Pts: 55670
Particle (47):: Fit: 85.0785	PB: 85.0785	LB: 85.4718	GB: 91.9323	Conf: 0.599369	Pts: 55664
Particle (7):: Fit: 73.9393	PB: 73.9393	LB: 87.4051	GB: 91.9323	Conf: 0.344896	Pts: 55369
Particle (3):: Fit: 84.9778	PB: 84.9778	LB: 87.4051	GB: 91.9323	Conf: 0.657942	Pts: 60665
Particle (32):: Fit: 72.5975	PB: 72.5975	LB: 90.1791	GB: 91.9323	Conf: 0.391836	Pts: 75565
Particle (7):: Fit: 84.6785	PB: 84.6785	LB: 87.4051	GB: 91.9323	Conf: 0.510107	Pts: 55462
Particle (18):: Fit: 87.1059	PB: 87.1059	LB: 90.9605	GB: 91.9323	Conf: 0.329805	Pts: 115262
Particle (36):: Fit: 84.9959	PB: 84.9959	LB: 88.4247	GB: 91.9323	Conf: 0.592959	Pts: 55544
Particle (15):: Fit: 85.6505	PB: 85.6505	LB: 90.5204	GB: 91.9323	Conf: 0.238795	Pts: 60760
Particle (32):: Fit: 73.8008	PB: 73.8008	LB: 90.1791	GB: 91.9323	Conf: 0.270179	Pts: 75660
Particle (43):: Fit: 77.6215	PB: 77.6215	LB: 88.4247	GB: 91.9323	Conf: 0.800003	Pts: 70260
Particle (24):: Fit: 77.5601	PB: 77.5601	LB: 91.9323	GB: 91.9323	Conf: 0.756841	Pts: 80455
Particle (37):: Fit: 79.1448	PB: 79.1448	LB: 88.4247	GB: 91.9323	Conf: 0.844528	Pts: 80251
Particle (43):: Fit: 87.1874	PB: 87.1874	LB: 88.4247	GB: 91.9323	Conf: 0.79003	Pts: 90354
Particle (24):: Fit: 80.9006	PB: 80.9006	LB: 91.9323	GB: 91.9323	Conf: 0.399787	Pts: 80552
Particle (4):: Fit: 76.9021	PB: 76.9021	LB: 87.4051	GB: 91.9323	Conf: 0.811824	Pts: 56035
Particle (30):: Fit: 89.8735	PB: 89.8735	LB: 91.9323	GB: 91.9323	Conf: 0.629514	Pts: 70742
Particle (1):: Fit: 66.1951	PB: 66.1951	LB: 87.4051	GB: 91.9323	Conf: 0.662636	Pts: 55739
Particle (2):: Fit: 80.5977	PB: 80.5977	LB: 87.4051	GB: 91.9323	Conf: 0.486902	Pts: 55737
Particle (38):: Fit: 74.3417	PB: 74.3417	LB: 88.4247	GB: 91.9323	Conf: 0.459156	Pts: 55540
Particle (28):: Fit: 91.6002	PB: 91.6002	LB: 91.9323	GB: 91.9323	Conf: 0.877114	Pts: 60629
Particle (42):: Fit: 79.8978	PB: 79.8978	LB: 88.4247	GB: 91.9323	Conf: 0.413358	Pts: 55336
Particle (31):: Fit: 84.1508	PB: 84.1508	LB: 91.9323	GB: 91.9323	Conf: 0.697432	Pts: 60538
Particle (45):: Fit: 91.136	PB: 91.136	LB: 91.136	GB: 91.9323	Conf: 0.406614	Pts: 250535
Particle (1):: Fit: 67.1918	PB: 67.1918	LB: 87.4051	GB: 91.9323	Conf: 0.516225	Pts: 55832
Particle (38):: Fit: 80.6636	PB: 80.6636	LB: 88.4247	GB: 91.9323	Conf: 0.45859	Pts: 55634
Particle (19):: Fit: 77.6598	PB: 77.6598	LB: 90.9605	GB: 91.9323	Conf: 0.784984	Pts: 55426
Particle (34):: Fit: 86.5574	PB: 86.5574	LB: 89.8735	GB: 91.9323	Conf: 0.532152	Pts: 100417
Particle (44):: Fit: 84.8082	PB: 84.8082	LB: 91.136	GB: 91.9323	Conf: 0.312529	Pts: 50728
Particle (11):: Fit: 78.9056	PB: 78.9056	LB: 90.5204	GB: 91.9323	Conf: 0.966899	Pts: 65624
Particle (37):: Fit: 80.453	PB: 80.453	LB: 88.4247	GB: 91.9323	Conf: 0.799249	Pts: 80316
Particle (1):: Fit: 74.0711	PB: 74.0711	LB: 87.4051	GB: 91.9323	Conf: 0.380997	Pts: 55911
Particle (17):: Fit: 94.7868	PB: 94.7868	LB: 94.7868	GB: 94.7868	Conf: 0.758174	Pts: 115511
Global: 94.7868 - Correct: 92.3077% of 13 tests
Global Best: 
  Inner Net 1
  -- 1 : 1 = 0.835976
  -- 1 : 2 = -0.0364385
  -- 1 : 3 = -0.155652
  -- 1 : 4 = 0.149624
  -- 1 : 5 = 0.265108
  -- 1 : 6 = -0.392815
  -- 1 : 7 = -0.233694
  -- 1 : 8 = -0.00349118
  -- 1 : 9 = 0.350453
  -- 1 : 10 = -0.131552
  -- 2 : 1 = 0.764852
  -- 2 : 2 = 0.0839548
  -- 2 : 3 = 0.318301
  -- 2 : 4 = 0.562352
  -- 2 : 5 = 0.0919265
  -- 2 : 6 = 0.285195
  -- 2 : 7 = 0.468307
  -- 2 : 8 = 0.225726
  -- 2 : 9 = 0.262489
  -- 2 : 10 = -0.387653
  -- 3 : 1 = 0.516175
  -- 3 : 2 = -0.17677
  -- 3 : 3 = 0.040778
  -- 3 : 4 = 0.0273139
  -- 3 : 5 = 0.21481
  -- 3 : 6 = 0.0242622
  -- 3 : 7 = 0.34946
  -- 3 : 8 = 0.0288717
  -- 3 : 9 = 0.166735
  -- 3 : 10 = -0.280298
  -- 4 : 1 = 0.372879
  -- 4 : 2 = 0.201285
  -- 4 : 3 = 0.206488
  -- 4 : 4 = -0.068849
  -- 4 : 5 = 0.174576
  -- 4 : 6 = -0.0206059
  -- 4 : 7 = 0.0291853
  -- 4 : 8 = 0.0530297
  -- 4 : 9 = -0.118762
  -- 4 : 10 = 0.24585
  -- 5 : 1 = 0.447138
  -- 5 : 2 = 0.027181
  -- 5 : 3 = -0.108261
  -- 5 : 4 = 0.250022
  -- 5 : 5 = 0.0636278
  -- 5 : 6 = -0.0464605
  -- 5 : 7 = -0.393428
  -- 5 : 8 = 0.176706
  -- 5 : 9 = -0.0496678
  -- 5 : 10 = -0.0327204
  -- 6 : 1 = -0.44408
  -- 6 : 2 = 0.649286
  -- 6 : 3 = -0.0019829
  -- 6 : 4 = 0.100708
  -- 6 : 5 = 0.334415
  -- 6 : 6 = 0.0422219
  -- 6 : 7 = 0.0512399
  -- 6 : 8 = 0.540639
  -- 6 : 9 = 0.0752501
  -- 6 : 10 = 0.199089
  -- 7 : 1 = 0.500771
  -- 7 : 2 = 0.771243
  -- 7 : 3 = -0.0631216
  -- 7 : 4 = -0.110724
  -- 7 : 5 = -0.254076
  -- 7 : 6 = -0.162755
  -- 7 : 7 = -0.115994
  -- 7 : 8 = 0.134682
  -- 7 : 9 = 0.454411
  -- 7 : 10 = 0.148856
  -- 8 : 1 = 0.0472803
  -- 8 : 2 = 0.315856
  -- 8 : 3 = 0.00177347
  -- 8 : 4 = -0.141929
  -- 8 : 5 = 0.297643
  -- 8 : 6 = -0.372947
  -- 8 : 7 = -0.12539
  -- 8 : 8 = 0.0985799
  -- 8 : 9 = -0.0909476
  -- 8 : 10 = 0.234146
  -- 9 : 1 = 0.0062518
  -- 9 : 2 = -0.0489843
  -- 9 : 3 = -0.160813
  -- 9 : 4 = 0.468672
  -- 9 : 5 = 0.0429881
  -- 9 : 6 = -0.423291
  -- 9 : 7 = 0.178443
  -- 9 : 8 = 0.153708
  -- 9 : 9 = 0.475722
  -- 9 : 10 = -0.0742177
  -- 10 : 1 = 0.615448
  -- 10 : 2 = -0.24677
  -- 10 : 3 = -0.14463
  -- 10 : 4 = -0.222442
  -- 10 : 5 = 0.131288
  -- 10 : 6 = -0.0325523
  -- 10 : 7 = 0.280382
  -- 10 : 8 = -0.340216
  -- 10 : 9 = -0.0485791
  -- 10 : 10 = 0.443269
  Inner Net 2
  -- 1 : 1 = -0.208616
  -- 1 : 2 = -0.0307251
  -- 2 : 1 = -0.0137039
  -- 2 : 2 = 0.247437
  -- 3 : 1 = 0.0191288
  -- 3 : 2 = 0.165304
  -- 4 : 1 = 0.311363
  -- 4 : 2 = 0.0722035
  -- 5 : 1 = -0.387169
  -- 5 : 2 = 0.133389
  -- 6 : 1 = -0.235214
  -- 6 : 2 = -0.154839
  -- 7 : 1 = 0.672885
  -- 7 : 2 = 0.0240622
  -- 8 : 1 = 0.0116367
  -- 8 : 2 = -0.0803385
  -- 9 : 1 = -0.000568636
  -- 9 : 2 = 0.317504
  -- 10 : 1 = 0.0892502
  -- 10 : 2 = -0.0290659
Out\Act	False		True
False	0.354117	0.487863	0.84198
True	0.0471204	0.1109	0.15802
	0.401238	0.598762
	Accuracy [ (tp + tn) / testSize ]: 0.465017
	Precision [ tp / (tp + fp) ]:      0.185068
	Sensitivity [ tp / (tp + fn) ]:    0.6997
	Specificity [ tn / (tn + fp) ]:    0.420339
	F-Score [ 2tp / (2tp + fp + fn) ]: 0.292898
Particle (20):: Fit: 79.3615	PB: 79.3615	LB: 94.7868	GB: 94.7868	Conf: 0.684475	Pts: 55711
Particle (35):: Fit: 78.5792	PB: 78.5792	LB: 88.4247	GB: 94.7868	Conf: 0.30581	Pts: 100500
Particle (33):: Fit: 72.5167	PB: 72.5167	LB: 90.1791	GB: 94.7868	Conf: 0.767243	Pts: 55507
Particle (33):: Fit: 74.0722	PB: 74.0722	LB: 90.1791	GB: 94.7868	Conf: 0.830313	Pts: 55604
Particle (32):: Fit: 75.7268	PB: 75.7268	LB: 91.6002	GB: 94.7868	Conf: 0.256266	Pts: 75702
Particle (44):: Fit: 90.9231	PB: 90.9231	LB: 91.136	GB: 94.7868	Conf: 0.399589	Pts: 55802
Particle (25):: Fit: 89.2713	PB: 89.2713	LB: 91.9323	GB: 94.7868	Conf: 0.656546	Pts: 75497
Particle (32):: Fit: 81.1028	PB: 81.1028	LB: 91.6002	GB: 94.7868	Conf: 0.807697	Pts: 75795
Particle (49):: Fit: 80.2969	PB: 80.2969	LB: 91.136	GB: 94.7868	Conf: 0.722441	Pts: 140488
Particle (31):: Fit: 84.9868	PB: 84.9868	LB: 91.9323	GB: 94.7868	Conf: 0.968341	Pts: 60592
Particle (8):: Fit: 89.5974	PB: 89.5974	LB: 89.5974	GB: 94.7868	Conf: 0.436129	Pts: 85388
Particle (10):: Fit: 79.1712	PB: 79.1712	LB: 90.5204	GB: 94.7868	Conf: 0.492647	Pts: 55473
Particle (33):: Fit: 82.4689	PB: 82.4689	LB: 90.1791	GB: 94.7868	Conf: 0.888552	Pts: 55689
Particle (10):: Fit: 91.2795	PB: 91.2795	LB: 91.2795	GB: 94.7868	Conf: 0.450862	Pts: 90568
Particle (11):: Fit: 82.0803	PB: 82.0803	LB: 91.2795	GB: 94.7868	Conf: 0.415274	Pts: 65682
Particle (0):: Fit: 90.3571	PB: 90.3571	LB: 90.3571	GB: 94.7868	Conf: 0.270548	Pts: 165378
Particle (4):: Fit: 85.7127	PB: 85.7127	LB: 90.3571	GB: 94.7868	Conf: 0.874943	Pts: 56066
Particle (19):: Fit: 79.4117	PB: 79.4117	LB: 94.7868	GB: 94.7868	Conf: 0.645463	Pts: 55475
Particle (2):: Fit: 84.5965	PB: 84.5965	LB: 90.3571	GB: 94.7868	Conf: 0.320198	Pts: 55767
Particle (35):: Fit: 80.4639	PB: 80.4639	LB: 88.4247	GB: 94.7868	Conf: 0.690465	Pts: 100559
Particle (32):: Fit: 85.6505	PB: 85.6505	LB: 91.6002	GB: 94.7868	Conf: 0.526832	Pts: 75868
Particle (4):: Fit: 85.731	PB: 85.731	LB: 90.3571	GB: 94.7868	Conf: 0.713926	Pts: 56153
Particle (3):: Fit: 85.2926	PB: 85.2926	LB: 90.3571	GB: 94.7868	Conf: 0.562004	Pts: 60660
Particle (31):: Fit: 85.5614	PB: 85.5614	LB: 91.9323	GB: 94.7868	Conf: 0.653747	Pts: 60662
Particle (37):: Fit: 85.0025	PB: 85.0025	LB: 88.4247	GB: 94.7868	Conf: 0.705529	Pts: 80354
Particle (12):: Fit: 84.7284	PB: 84.7284	LB: 94.7868	GB: 94.7868	Conf: 0.604903	Pts: 55453
Particle (24):: Fit: 87.4664	PB: 87.4664	LB: 91.9323	GB: 94.7868	Conf: 0.517768	Pts: 80551
Particle (20):: Fit: 91.4468	PB: 91.4468	LB: 94.7868	GB: 94.7868	Conf: 0.682481	Pts: 55745
Particle (41):: Fit: 84.8717	PB: 84.8717	LB: 91.136	GB: 94.7868	Conf: 0.803007	Pts: 70243
Particle (33):: Fit: 92.9413	PB: 92.9413	LB: 92.9413	GB: 94.7868	Conf: 0.481115	Pts: 105741
Particle (42):: Fit: 82.2595	PB: 82.2595	LB: 91.136	GB: 94.7868	Conf: 0.46954	Pts: 55335
Particle (12):: Fit: 85.2075	PB: 85.2075	LB: 94.7868	GB: 94.7868	Conf: 0.544366	Pts: 55534
Particle (2):: Fit: 91.0184	PB: 91.0184	LB: 91.0184	GB: 94.7868	Conf: 0.656782	Pts: 80829
Particle (4):: Fit: 87.1346	PB: 87.1346	LB: 91.0184	GB: 94.7868	Conf: 0.842503	Pts: 56212
Particle (37):: Fit: 91.5508	PB: 91.5508	LB: 92.9413	GB: 94.7868	Conf: 0.623527	Pts: 100421
Particle (5):: Fit: 80.6283	PB: 80.6283	LB: 91.2795	GB: 94.7868	Conf: 0.641971	Pts: 65306
Particle (8):: Fit: 91.1964	PB: 91.1964	LB: 91.2795	GB: 94.7868	Conf: 0.45382	Pts: 95406
Particle (1):: Fit: 85.2726	PB: 85.2726	LB: 91.0184	GB: 94.7868	Conf: 0.40381	Pts: 55903
Particle (43):: Fit: 90.0782	PB: 90.0782	LB: 91.136	GB: 94.7868	Conf: 0.443709	Pts: 90288
Particle (11):: Fit: 90.4893	PB: 90.4893	LB: 91.2795	GB: 94.7868	Conf: 0.708374	Pts: 65690
Particle (24):: Fit: 90.4497	PB: 90.4497	LB: 91.9323	GB: 94.7868	Conf: 0.337998	Pts: 80590
Particle (48):: Fit: 90.8743	PB: 90.8743	LB: 91.136	GB: 94.7868	Conf: 0.369228	Pts: 90188
Particle (9):: Fit: 84.8823	PB: 84.8823	LB: 91.2795	GB: 94.7868	Conf: 0.61305	Pts: 115481
Particle (31):: Fit: 86.0864	PB: 86.0864	LB: 92.9413	GB: 94.7868	Conf: 0.40767	Pts: 60683
Particle (38):: Fit: 85.3905	PB: 85.3905	LB: 91.5508	GB: 94.7868	Conf: 0.416307	Pts: 55583
Particle (5):: Fit: 82.666	PB: 82.666	LB: 91.2795	GB: 94.7868	Conf: 0.830085	Pts: 65379
Particle (7):: Fit: 89.4795	PB: 89.4795	LB: 91.2795	GB: 94.7868	Conf: 0.461341	Pts: 55375
Particle (7):: Fit: 91.5627	PB: 91.5627	LB: 91.5627	GB: 94.7868	Conf: 0.676629	Pts: 105470
Particle (42):: Fit: 89.5808	PB: 89.5808	LB: 91.136	GB: 94.7868	Conf: 0.482869	Pts: 55362
Particle (23):: Fit: 92.8208	PB: 92.8208	LB: 92.8208	GB: 94.7868	Conf: 0.491589	Pts: 90659
Particle (28):: Fit: 94.2151	PB: 94.2151	LB: 94.2151	GB: 94.7868	Conf: 0.748005	Pts: 110542
Particle (32):: Fit: 91.3309	PB: 91.3309	LB: 94.2151	GB: 94.7868	Conf: 0.713669	Pts: 75843
Particle (12):: Fit: 90.8733	PB: 90.8733	LB: 94.7868	GB: 94.7868	Conf: 0.535263	Pts: 55537
Particle (13):: Fit: 87.1611	PB: 87.1611	LB: 94.7868	GB: 94.7868	Conf: 0.746983	Pts: 220029
Particle (34):: Fit: 87.9186	PB: 87.9186	LB: 92.9413	GB: 94.7868	Conf: 0.672432	Pts: 100315
Particle (5):: Fit: 85.2147	PB: 85.2147	LB: 91.5627	GB: 94.7868	Conf: 0.54598	Pts: 65407
Particle (16):: Fit: 85.5161	PB: 85.5161	LB: 94.7868	GB: 94.7868	Conf: 0.523086	Pts: 115098
Particle (49):: Fit: 88.7605	PB: 88.7605	LB: 91.136	GB: 94.7868	Conf: 0.262366	Pts: 140391
Particle (38):: Fit: 88.0272	PB: 88.0272	LB: 91.5508	GB: 94.7868	Conf: 0.740174	Pts: 55597
Particle (24):: Fit: 91.5328	PB: 91.5328	LB: 94.2151	GB: 94.7868	Conf: 0.618675	Pts: 80595
Particle (46):: Fit: 90.3631	PB: 90.3631	LB: 91.136	GB: 94.7868	Conf: 0.747596	Pts: 90291
Particle (35):: Fit: 84.2073	PB: 84.2073	LB: 92.9413	GB: 94.7868	Conf: 0.560695	Pts: 100480
Particle (9):: Fit: 85.7852	PB: 85.7852	LB: 91.5627	GB: 94.7868	Conf: 0.716474	Pts: 115483
Particle (10):: Fit: 96.2255	PB: 96.2255	LB: 96.2255	GB: 96.2255	Conf: 0.506533	Pts: 150468
Global: 96.2255 - Correct: 92.8571% of 14 tests
Global Best: 
  Inner Net 1
  -- 1 : 1 = 0.675517
  -- 1 : 2 = -0.230838
  -- 1 : 3 = -0.0530427
  -- 1 : 4 = 0.131205
  -- 1 : 5 = -0.0534366
  -- 1 : 6 = -0.121973
  -- 1 : 7 = 0.107154
  -- 1 : 8 = 0.0421811
  -- 1 : 9 = -0.0115216
  -- 1 : 10 = 0.197666
  -- 2 : 1 = -0.29062
  -- 2 : 2 = 0.119861
  -- 2 : 3 = -0.348367
  -- 2 : 4 = 0.166873
  -- 2 : 5 = 0.428788
  -- 2 : 6 = -0.105342
  -- 2 : 7 = -0.0412991
  -- 2 : 8 = 0.0917186
  -- 2 : 9 = -0.134209
  -- 2 : 10 = -0.116046
  -- 3 : 1 = 0.494456
  -- 3 : 2 = 0.0604079
  -- 3 : 3 = 0.121594
  -- 3 : 4 = 0.311191
  -- 3 : 5 = -0.000776652
  -- 3 : 6 = 0.0315139
  -- 3 : 7 = 0.116254
  -- 3 : 8 = 0.0313386
  -- 3 : 9 = -0.309074
  -- 3 : 10 = -0.167714
  -- 4 : 1 = 0.310707
  -- 4 : 2 = 0.177675
  -- 4 : 3 = -0.231328
  -- 4 : 4 = -0.262661
  -- 4 : 5 = -0.0109407
  -- 4 : 6 = 0.130497
  -- 4 : 7 = 0.293522
  -- 4 : 8 = 0.273909
  -- 4 : 9 = 0.161342
  -- 4 : 10 = 0.286917
  -- 5 : 1 = 0.904467
  -- 5 : 2 = -0.0364521
  -- 5 : 3 = 0.0159504
  -- 5 : 4 = -0.0288309
  -- 5 : 5 = -0.0455738
  -- 5 : 6 = -0.39384
  -- 5 : 7 = 0.0397008
  -- 5 : 8 = 0.2116
  -- 5 : 9 = -0.116107
  -- 5 : 10 = -0.145858
  -- 6 : 1 = 0.314697
  -- 6 : 2 = 0.132504
  -- 6 : 3 = -0.0151317
  -- 6 : 4 = 0.33243
  -- 6 : 5 = -0.0248321
  -- 6 : 6 = -0.18016
  -- 6 : 7 = 0.19889
  -- 6 : 8 = -0.125987
  -- 6 : 9 = -0.153758
  -- 6 : 10 = -0.336382
  -- 7 : 1 = 0
  -- 7 : 2 = 0.418928
  -- 7 : 3 = -0.345399
  -- 7 : 4 = 0.0598681
  -- 7 : 5 = -0.100757
  -- 7 : 6 = 0.163185
  -- 7 : 7 = 0.329376
  -- 7 : 8 = 0.200183
  -- 7 : 9 = -0.101027
  -- 7 : 10 = 0.040638
  -- 8 : 1 = 0.111001
  -- 8 : 2 = 0.663721
  -- 8 : 3 = 0.260423
  -- 8 : 4 = 0.016627
  -- 8 : 5 = -0.0147678
  -- 8 : 6 = -0.0188703
  -- 8 : 7 = -0.183437
  -- 8 : 8 = -0.465589
  -- 8 : 9 = 0.0139733
  -- 8 : 10 = 0.0624855
  -- 9 : 1 = 0.0864873
  -- 9 : 2 = 0.145063
  -- 9 : 3 = 0.0587317
  -- 9 : 4 = 0.281411
  -- 9 : 5 = -0.0332617
  -- 9 : 6 = 0.0518389
  -- 9 : 7 = -0.00493725
  -- 9 : 8 = 0.306399
  -- 9 : 9 = 0.0870782
  -- 9 : 10 = 0.57948
  -- 10 : 1 = 0.563937
  -- 10 : 2 = -0.188598
  -- 10 : 3 = -0.162628
  -- 10 : 4 = 0.030525
  -- 10 : 5 = -0.00887623
  -- 10 : 6 = -0.0636469
  -- 10 : 7 = -0.0876782
  -- 10 : 8 = 0.239765
  -- 10 : 9 = 0.249429
  -- 10 : 10 = -0.321818
  Inner Net 2
  -- 1 : 1 = 0.0547793
  -- 1 : 2 = 0.0176383
  -- 2 : 1 = 0.247228
  -- 2 : 2 = -0.0567192
  -- 3 : 1 = 0.20543
  -- 3 : 2 = -0.449952
  -- 4 : 1 = 0.716517
  -- 4 : 2 = -0.276492
  -- 5 : 1 = -0.327121
  -- 5 : 2 = 0.0682339
  -- 6 : 1 = 0.165864
  -- 6 : 2 = 0.274885
  -- 7 : 1 = 0.627826
  -- 7 : 2 = -0.0259982
  -- 8 : 1 = 0.179598
  -- 8 : 2 = 0.0417669
  -- 9 : 1 = 0.664969
  -- 9 : 2 = 0.0703855
  -- 10 : 1 = -0.0464011
  -- 10 : 2 = -0.140689
Out\Act	False		True
False	0.100904	0.741076	0.84198
True	0.0118991	0.146121	0.15802
	0.112803	0.887197
	Accuracy [ (tp + tn) / testSize ]: 0.247025
	Precision [ tp / (tp + fp) ]:      0.164611
	Sensitivity [ tp / (tp + fn) ]:    0.921922
	Specificity [ tn / (tn + fp) ]:    0.119774
	F-Score [ 2tp / (2tp + fp + fn) ]: 0.279472
Particle (46):: Fit: 91.4615	PB: 91.4615	LB: 91.4615	GB: 96.2255	Conf: 0.61433	Pts: 135385
Particle (19):: Fit: 88.0542	PB: 88.0542	LB: 94.7868	GB: 96.2255	Conf: 0.741697	Pts: 55381
Particle (29):: Fit: 93.4199	PB: 93.4199	LB: 94.2151	GB: 96.2255	Conf: 0.873364	Pts: 85553
Particle (26):: Fit: 88.3488	PB: 88.3488	LB: 94.2151	GB: 96.2255	Conf: 0.619857	Pts: 135152
Particle (37):: Fit: 91.6719	PB: 91.6719	LB: 92.9413	GB: 96.2255	Conf: 0.769667	Pts: 120350
Particle (16):: Fit: 88.0265	PB: 88.0265	LB: 94.7868	GB: 96.2255	Conf: 0.57307	Pts: 115149
Particle (0):: Fit: 91.0827	PB: 91.0827	LB: 91.4615	GB: 96.2255	Conf: 0.477217	Pts: 170228
Particle (47):: Fit: 85.6754	PB: 85.6754	LB: 91.4615	GB: 96.2255	Conf: 0.7765	Pts: 55425
Particle (45):: Fit: 91.2653	PB: 91.2653	LB: 91.4615	GB: 96.2255	Conf: 0.450643	Pts: 250311
Particle (18):: Fit: 89.6822	PB: 89.6822	LB: 94.7868	GB: 96.2255	Conf: 0.221159	Pts: 114996
Particle (44):: Fit: 91.0923	PB: 91.0923	LB: 91.4615	GB: 96.2255	Conf: 0.407982	Pts: 55591
Particle (21):: Fit: 91.4762	PB: 91.4762	LB: 94.7868	GB: 96.2255	Conf: 0.728658	Pts: 165080
Particle (13):: Fit: 91.467	PB: 91.467	LB: 96.2255	GB: 96.2255	Conf: 0.792414	Pts: 219968
Particle (38):: Fit: 96.4803	PB: 96.4803	LB: 96.4803	GB: 96.4803	Conf: 0.579496	Pts: 115561
Global: 96.4803 - Correct: 93.3333% of 15 tests
Global Best: 
  Inner Net 1
  -- 1 : 1 = 0.392029
  -- 1 : 2 = 0.258805
  -- 1 : 3 = -0.187718
  -- 1 : 4 = 0.0909361
  -- 1 : 5 = 0.176227
  -- 1 : 6 = 0.0803831
  -- 1 : 7 = -0.245645
  -- 1 : 8 = 0.0505195
  -- 1 : 9 = 0.0992799
  -- 1 : 10 = 0.406396
  -- 2 : 1 = -0.0992468
  -- 2 : 2 = 0.0735675
  -- 2 : 3 = -0.160232
  -- 2 : 4 = -0.24089
  -- 2 : 5 = 0.0081965
  -- 2 : 6 = -0.39001
  -- 2 : 7 = -0.0759635
  -- 2 : 8 = -0.123691
  -- 2 : 9 = 0.197242
  -- 2 : 10 = 0.13766
  -- 3 : 1 = 0.533878
  -- 3 : 2 = -0.103893
  -- 3 : 3 = -0.192755
  -- 3 : 4 = 0.16442
  -- 3 : 5 = -0.215548
  -- 3 : 6 = 0.0920011
  -- 3 : 7 = 0.186443
  -- 3 : 8 = 0.52999
  -- 3 : 9 = -0.302982
  -- 3 : 10 = -0.24604
  -- 4 : 1 = -0.257384
  -- 4 : 2 = 0.348593
  -- 4 : 3 = 0.193218
  -- 4 : 4 = -0.17019
  -- 4 : 5 = -0.181247
  -- 4 : 6 = 0.00644446
  -- 4 : 7 = 0.156634
  -- 4 : 8 = 0.0990947
  -- 4 : 9 = -0.268663
  -- 4 : 10 = -0.0308449
  -- 5 : 1 = 0.30757
  -- 5 : 2 = 0.27942
  -- 5 : 3 = -0.301533
  -- 5 : 4 = -0.102059
  -- 5 : 5 = 0.0453897
  -- 5 : 6 = 0.260274
  -- 5 : 7 = 0.187792
  -- 5 : 8 = 0.154825
  -- 5 : 9 = 0.176231
  -- 5 : 10 = 0.0175783
  -- 6 : 1 = 0.794941
  -- 6 : 2 = 0.562835
  -- 6 : 3 = 0.142231
  -- 6 : 4 = -0.0458213
  -- 6 : 5 = -0.01447
  -- 6 : 6 = -0.277803
  -- 6 : 7 = 0.3454
  -- 6 : 8 = -0.298313
  -- 6 : 9 = 0.0162236
  -- 6 : 10 = 0.117778
  -- 7 : 1 = 0.06934
  -- 7 : 2 = 0.27357
  -- 7 : 3 = -0.104628
  -- 7 : 4 = 0.031062
  -- 7 : 5 = 0.232883
  -- 7 : 6 = 0.0862321
  -- 7 : 7 = -0.133614
  -- 7 : 8 = 0.284361
  -- 7 : 9 = -0.156316
  -- 7 : 10 = -0.123235
  -- 8 : 1 = -0.576767
  -- 8 : 2 = 0.0888817
  -- 8 : 3 = -0.669973
  -- 8 : 4 = 0.130863
  -- 8 : 5 = -0.142703
  -- 8 : 6 = 0.13545
  -- 8 : 7 = -0.119807
  -- 8 : 8 = -0.14095
  -- 8 : 9 = -0.241963
  -- 8 : 10 = 0.386405
  -- 9 : 1 = 0.0545177
  -- 9 : 2 = 3.87632e-005
  -- 9 : 3 = -0.159606
  -- 9 : 4 = -0.303025
  -- 9 : 5 = 0.26949
  -- 9 : 6 = -0.412395
  -- 9 : 7 = -0.061441
  -- 9 : 8 = 0.511919
  -- 9 : 9 = -0.273937
  -- 9 : 10 = -0.0997036
  -- 10 : 1 = 0.511454
  -- 10 : 2 = 0.108304
  -- 10 : 3 = 0.206055
  -- 10 : 4 = 0.0750676
  -- 10 : 5 = 0.136936
  -- 10 : 6 = 0.0445667
  -- 10 : 7 = 0.110828
  -- 10 : 8 = 0.25876
  -- 10 : 9 = -0.31859
  -- 10 : 10 = 0.353691
  Inner Net 2
  -- 1 : 1 = -0.141762
  -- 1 : 2 = -0.440801
  -- 2 : 1 = 0.14491
  -- 2 : 2 = 0.135652
  -- 3 : 1 = 0.0551526
  -- 3 : 2 = 0.117124
  -- 4 : 1 = 0.264121
  -- 4 : 2 = -0.534187
  -- 5 : 1 = -0.163075
  -- 5 : 2 = 0.109205
  -- 6 : 1 = -0.278151
  -- 6 : 2 = -0.0253693
  -- 7 : 1 = -0.338064
  -- 7 : 2 = 0.0163833
  -- 8 : 1 = 0.0973766
  -- 8 : 2 = -0.133814
  -- 9 : 1 = 0.426454
  -- 9 : 2 = 0.114335
  -- 10 : 1 = -0.160322
  -- 10 : 2 = -0.333581
Out\Act	False		True
False	0.159448	0.682532	0.84198
True	0.0218943	0.136126	0.15802
	0.181342	0.818658
	Accuracy [ (tp + tn) / testSize ]: 0.295574
	Precision [ tp / (tp + fp) ]:      0.166182
	Sensitivity [ tp / (tp + fn) ]:    0.858859
	Specificity [ tn / (tn + fp) ]:    0.189266
	F-Score [ 2tp / (2tp + fp + fn) ]: 0.278617
Particle (9):: Fit: 91.6636	PB: 91.6636	LB: 96.2255	GB: 96.4803	Conf: 0.804135	Pts: 120441
Particle (16):: Fit: 90.4723	PB: 90.4723	LB: 94.7868	GB: 96.4803	Conf: 0.651802	Pts: 115136
Particle (36):: Fit: 92.0202	PB: 92.0202	LB: 96.4803	GB: 96.4803	Conf: 0.475296	Pts: 55216
Particle (5):: Fit: 89.7316	PB: 89.7316	LB: 96.2255	GB: 96.4803	Conf: 0.416458	Pts: 65335
Particle (40):: Fit: 84.7417	PB: 84.7417	LB: 96.4803	GB: 96.4803	Conf: 0.967538	Pts: 119817
Particle (0):: Fit: 93.2204	PB: 93.2204	LB: 93.2204	GB: 96.4803	Conf: 0.359945	Pts: 220223
Particle (3):: Fit: 85.4087	PB: 85.4087	LB: 93.2204	GB: 96.4803	Conf: 0.472055	Pts: 60408
Particle (31):: Fit: 86.3966	PB: 86.3966	LB: 94.2151	GB: 96.4803	Conf: 0.468244	Pts: 60497
Particle (26):: Fit: 90.316	PB: 90.316	LB: 94.2151	GB: 96.4803	Conf: 0.765776	Pts: 135081
Particle (22):: Fit: 91.2303	PB: 91.2303	LB: 92.8208	GB: 96.4803	Conf: 0.431911	Pts: 80179
Particle (40):: Fit: 87.3365	PB: 87.3365	LB: 96.4803	GB: 96.4803	Conf: 0.95102	Pts: 119871
Particle (4):: Fit: 90.406	PB: 90.406	LB: 93.2204	GB: 96.4803	Conf: 0.662407	Pts: 55926
Particle (20):: Fit: 93.7821	PB: 93.7821	LB: 94.7868	GB: 96.4803	Conf: 0.418704	Pts: 60445
Particle (15):: Fit: 91.53	PB: 91.53	LB: 94.7868	GB: 96.4803	Conf: 0.603548	Pts: 60344
Particle (40):: Fit: 90.0119	PB: 90.0119	LB: 96.4803	GB: 96.4803	Conf: 0.682163	Pts: 119888
Particle (37):: Fit: 92.5876	PB: 92.5876	LB: 96.4803	GB: 96.4803	Conf: 0.749703	Pts: 120187
Particle (49):: Fit: 90.2736	PB: 90.2736	LB: 93.2204	GB: 96.4803	Conf: 0.386865	Pts: 140185
Particle (47):: Fit: 86.3166	PB: 86.3166	LB: 93.2204	GB: 96.4803	Conf: 0.402953	Pts: 55285
Particle (25):: Fit: 90.5686	PB: 90.5686	LB: 94.2151	GB: 96.4803	Conf: 0.622276	Pts: 75088
Particle (31):: Fit: 87.4144	PB: 87.4144	LB: 94.2151	GB: 96.4803	Conf: 0.575394	Pts: 60438
Particle (11):: Fit: 92.41	PB: 92.41	LB: 96.2255	GB: 96.4803	Conf: 0.454725	Pts: 65309
Particle (2):: Fit: 91.5789	PB: 91.5789	LB: 93.2204	GB: 96.4803	Conf: 0.792007	Pts: 80395
Particle (15):: Fit: 91.9432	PB: 91.9432	LB: 94.7868	GB: 96.4803	Conf: 0.734816	Pts: 60276
Particle (1):: Fit: 85.3825	PB: 85.3825	LB: 93.2204	GB: 96.4803	Conf: 0.722515	Pts: 55472
Particle (35):: Fit: 89.8203	PB: 89.8203	LB: 96.4803	GB: 96.4803	Conf: 0.217851	Pts: 100154
Particle (39):: Fit: 91.8726	PB: 91.8726	LB: 96.4803	GB: 96.4803	Conf: 0.720756	Pts: 174450
Particle (46):: Fit: 91.5822	PB: 91.5822	LB: 93.2204	GB: 96.4803	Conf: 0.564944	Pts: 140063
Particle (29):: Fit: 93.7283	PB: 93.7283	LB: 94.2151	GB: 96.4803	Conf: 0.821722	Pts: 85237
Particle (26):: Fit: 90.8605	PB: 90.8605	LB: 94.2151	GB: 96.4803	Conf: 0.464374	Pts: 134938
Particle (41):: Fit: 84.9823	PB: 84.9823	LB: 96.4803	GB: 96.4803	Conf: 0.638032	Pts: 69695
Particle (46):: Fit: 91.9953	PB: 91.9953	LB: 93.2204	GB: 96.4803	Conf: 0.777259	Pts: 150094
Particle (3):: Fit: 87.1267	PB: 87.1267	LB: 93.2204	GB: 96.4803	Conf: 0.423663	Pts: 60179
Particle (31):: Fit: 92.7189	PB: 92.7189	LB: 94.2151	GB: 96.4803	Conf: 0.465866	Pts: 60335
Particle (19):: Fit: 90.1706	PB: 90.1706	LB: 94.7868	GB: 96.4803	Conf: 0.677678	Pts: 54897
Particle (22):: Fit: 91.5032	PB: 91.5032	LB: 93.7821	GB: 96.4803	Conf: 0.72116	Pts: 79895
Particle (7):: Fit: 94.8588	PB: 94.8588	LB: 96.2255	GB: 96.4803	Conf: 0.335845	Pts: 119873
Particle (3):: Fit: 87.8544	PB: 87.8544	LB: 94.8588	GB: 96.4803	Conf: 0.552564	Pts: 60128
Particle (19):: Fit: 91.288	PB: 91.288	LB: 94.7868	GB: 96.4803	Conf: 0.509349	Pts: 54919
Particle (45):: Fit: 98.7681	PB: 98.7681	LB: 98.7681	GB: 98.7681	Conf: 0.521209	Pts: 309822
Global: 98.7681 - Correct: 95% of 20 tests
Global Best: 
  Inner Net 1
  -- 1 : 1 = 0.434747
  -- 1 : 2 = 0.281292
  -- 1 : 3 = -0.0315133
  -- 1 : 4 = 0.376359
  -- 1 : 5 = -0.157696
  -- 1 : 6 = 0.414828
  -- 1 : 7 = -0.214929
  -- 1 : 8 = -0.0906319
  -- 1 : 9 = 0.384675
  -- 1 : 10 = 0.100624
  -- 2 : 1 = 0.409965
  -- 2 : 2 = 0.225272
  -- 2 : 3 = -0.126183
  -- 2 : 4 = 0.111509
  -- 2 : 5 = 0.397274
  -- 2 : 6 = -0.0822519
  -- 2 : 7 = 0.352724
  -- 2 : 8 = 0.0195587
  -- 2 : 9 = 0.120774
  -- 2 : 10 = 0.0264038
  -- 3 : 1 = 0.389824
  -- 3 : 2 = 0.582797
  -- 3 : 3 = 0.0343092
  -- 3 : 4 = -0.0865638
  -- 3 : 5 = -0.0257941
  -- 3 : 6 = 0.265169
  -- 3 : 7 = -0.0705959
  -- 3 : 8 = -0.168883
  -- 3 : 9 = 0.198016
  -- 3 : 10 = -0.109124
  -- 4 : 1 = -0.405395
  -- 4 : 2 = 0.00645714
  -- 4 : 3 = 0.635502
  -- 4 : 4 = 0.0760995
  -- 4 : 5 = 0.0435333
  -- 4 : 6 = 0.493462
  -- 4 : 7 = -0.122592
  -- 4 : 8 = -0.104111
  -- 4 : 9 = -0.224172
  -- 4 : 10 = 0.32331
  -- 5 : 1 = -0.00947925
  -- 5 : 2 = 0.492276
  -- 5 : 3 = 0.195057
  -- 5 : 4 = 0.151952
  -- 5 : 5 = -0.128769
  -- 5 : 6 = -0.262591
  -- 5 : 7 = 0.383251
  -- 5 : 8 = 0.0162067
  -- 5 : 9 = 0.594482
  -- 5 : 10 = 0.282647
  -- 6 : 1 = 0.561527
  -- 6 : 2 = 0.116066
  -- 6 : 3 = -0.204106
  -- 6 : 4 = -0.168848
  -- 6 : 5 = 0.106312
  -- 6 : 6 = -0.191827
  -- 6 : 7 = 0.0480261
  -- 6 : 8 = 0.0832569
  -- 6 : 9 = -0.0719577
  -- 6 : 10 = 0.297602
  -- 7 : 1 = 0.432108
  -- 7 : 2 = -0.0554817
  -- 7 : 3 = 0.365106
  -- 7 : 4 = 0.206725
  -- 7 : 5 = 0.170311
  -- 7 : 6 = 0.273197
  -- 7 : 7 = 0.264282
  -- 7 : 8 = 0.204229
  -- 7 : 9 = -0.187343
  -- 7 : 10 = 0.0115888
  -- 8 : 1 = -0.0777201
  -- 8 : 2 = 0.0240217
  -- 8 : 3 = 0.0597894
  -- 8 : 4 = -0.264541
  -- 8 : 5 = 0.267992
  -- 8 : 6 = -0.0420944
  -- 8 : 7 = 0.16494
  -- 8 : 8 = -0.287993
  -- 8 : 9 = -0.150922
  -- 8 : 10 = -0.143288
  -- 9 : 1 = 0.989399
  -- 9 : 2 = 0.23293
  -- 9 : 3 = -0.405771
  -- 9 : 4 = -0.211204
  -- 9 : 5 = -0.117771
  -- 9 : 6 = -0.0614781
  -- 9 : 7 = 0.205039
  -- 9 : 8 = 0.161321
  -- 9 : 9 = 0.714587
  -- 9 : 10 = 0.119736
  -- 10 : 1 = 0.509624
  -- 10 : 2 = 0.0594781
  -- 10 : 3 = 0.302133
  -- 10 : 4 = -0.152831
  -- 10 : 5 = -0.105467
  -- 10 : 6 = 0.232936
  -- 10 : 7 = 0.147163
  -- 10 : 8 = 0.202532
  -- 10 : 9 = 0.318429
  -- 10 : 10 = -0.346125
  Inner Net 2
  -- 1 : 1 = 0.0966793
  -- 1 : 2 = 0.171545
  -- 2 : 1 = 0.359395
  -- 2 : 2 = 0.104885
  -- 3 : 1 = -0.168603
  -- 3 : 2 = -0.0704372
  -- 4 : 1 = 0.104078
  -- 4 : 2 = -0.0283424
  -- 5 : 1 = -0.175426
  -- 5 : 2 = 0.12501
  -- 6 : 1 = 0.0450511
  -- 6 : 2 = 0.0887932
  -- 7 : 1 = -0.0891841
  -- 7 : 2 = -0.242654
  -- 8 : 1 = 0.39026
  -- 8 : 2 = -0.423191
  -- 9 : 1 = 0.336236
  -- 9 : 2 = -0.683084
  -- 10 : 1 = 0.232664
  -- 10 : 2 = -0.0874908
Out\Act	False		True
False	0.374108	0.467872	0.84198
True	0.0442646	0.113755	0.15802
	0.418372	0.581628
	Accuracy [ (tp + tn) / testSize ]: 0.487863
	Precision [ tp / (tp + fp) ]:      0.195421
	Sensitivity [ tp / (tp + fn) ]:    0.717718
	Specificity [ tn / (tn + fp) ]:    0.444068
	F-Score [ 2tp / (2tp + fp + fn) ]: 0.307395
Particle (6):: Fit: 91.236	PB: 91.236	LB: 96.2255	GB: 98.7681	Conf: 0.436487	Pts: 239684
Particle (19):: Fit: 97.4217	PB: 97.4217	LB: 97.4217	GB: 98.7681	Conf: 0.367353	Pts: 104979
Particle (41):: Fit: 87.9608	PB: 87.9608	LB: 98.7681	GB: 98.7681	Conf: 0.59857	Pts: 69577
Particle (43):: Fit: 91.5946	PB: 91.5946	LB: 98.7681	GB: 98.7681	Conf: 0.648333	Pts: 89528
Particle (1):: Fit: 90.2281	PB: 90.2281	LB: 93.2204	GB: 98.7681	Conf: 0.764492	Pts: 55219
Particle (49):: Fit: 94.5796	PB: 94.5796	LB: 98.7681	GB: 98.7681	Conf: 0.183093	Pts: 149804
Particle (13):: Fit: 94.6544	PB: 94.6544	LB: 96.2255	GB: 98.7681	Conf: 0.542266	Pts: 219399
Particle (41):: Fit: 90.6605	PB: 90.6605	LB: 98.7681	GB: 98.7681	Conf: 0.812587	Pts: 69602
Particle (5):: Fit: 90.2729	PB: 90.2729	LB: 96.2255	GB: 98.7681	Conf: 0.63191	Pts: 64781
Particle (1):: Fit: 90.9956	PB: 90.9956	LB: 94.5796	GB: 98.7681	Conf: 0.553625	Pts: 55248
Particle (16):: Fit: 90.8116	PB: 90.8116	LB: 97.4217	GB: 98.7681	Conf: 0.40317	Pts: 114492
Particle (41):: Fit: 91.291	PB: 91.291	LB: 98.7681	GB: 98.7681	Conf: 0.574112	Pts: 69547
Particle (23):: Fit: 94.9035	PB: 94.9035	LB: 97.4217	GB: 98.7681	Conf: 0.494241	Pts: 109705
Particle (34):: Fit: 92.0539	PB: 92.0539	LB: 96.4803	GB: 98.7681	Conf: 0.5613	Pts: 99396
Particle (48):: Fit: 91.9477	PB: 91.9477	LB: 98.7681	GB: 98.7681	Conf: 0.695642	Pts: 89177
Particle (35):: Fit: 91.9114	PB: 91.9114	LB: 96.4803	GB: 98.7681	Conf: 0.712914	Pts: 99574
Particle (16):: Fit: 91.848	PB: 91.848	LB: 97.4217	GB: 98.7681	Conf: 0.822295	Pts: 114385
Particle (30):: Fit: 90.2932	PB: 90.2932	LB: 94.2151	GB: 98.7681	Conf: 0.77159	Pts: 69435
Particle (22):: Fit: 91.5458	PB: 91.5458	LB: 97.4217	GB: 98.7681	Conf: 0.635714	Pts: 79448
Particle (8):: Fit: 91.2858	PB: 91.2858	LB: 96.2255	GB: 98.7681	Conf: 0.496527	Pts: 94186
Particle (26):: Fit: 91.7865	PB: 91.7865	LB: 94.9035	GB: 98.7681	Conf: 0.690866	Pts: 134258
Particle (47):: Fit: 90.6198	PB: 90.6198	LB: 98.7681	GB: 98.7681	Conf: 0.706708	Pts: 54460
Particle (4):: Fit: 90.6787	PB: 90.6787	LB: 94.8588	GB: 98.7681	Conf: 0.827686	Pts: 54965
Particle (42):: Fit: 90.3652	PB: 90.3652	LB: 98.7681	GB: 98.7681	Conf: 0.372302	Pts: 54056
Particle (25):: Fit: 91.0578	PB: 91.0578	LB: 94.9035	GB: 98.7681	Conf: 0.409679	Pts: 74141
Particle (22):: Fit: 94.4851	PB: 94.4851	LB: 97.4217	GB: 98.7681	Conf: 0.744804	Pts: 79271
Particle (27):: Fit: 92.0429	PB: 92.0429	LB: 94.9035	GB: 98.7681	Conf: 0.888107	Pts: 163471
Particle (2):: Fit: 92.218	PB: 92.218	LB: 94.8588	GB: 98.7681	Conf: 0.467705	Pts: 79378
Particle (30):: Fit: 90.3643	PB: 90.3643	LB: 94.2151	GB: 98.7681	Conf: 0.822954	Pts: 69119
Particle (3):: Fit: 90.024	PB: 90.024	LB: 94.8588	GB: 98.7681	Conf: 0.561196	Pts: 59250
Particle (6):: Fit: 91.2957	PB: 91.2957	LB: 96.2255	GB: 98.7681	Conf: 0.470117	Pts: 238780
Particle (29):: Fit: 95.9266	PB: 95.9266	LB: 95.9266	GB: 98.7681	Conf: 0.893708	Pts: 129035
Particle (4):: Fit: 90.8373	PB: 90.8373	LB: 94.8588	GB: 98.7681	Conf: 0.721793	Pts: 54496
Particle (14):: Fit: 91.3389	PB: 91.3389	LB: 97.4217	GB: 98.7681	Conf: 0.722748	Pts: 93256
Particle (25):: Fit: 91.8813	PB: 91.8813	LB: 95.9266	GB: 98.7681	Conf: 0.717374	Pts: 73568
Particle (5):: Fit: 91.4016	PB: 91.4016	LB: 96.2255	GB: 98.7681	Conf: 0.46232	Pts: 63455
Particle (42):: Fit: 90.5116	PB: 90.5116	LB: 98.7681	GB: 98.7681	Conf: 0.40458	Pts: 53207
Particle (33):: Fit: 93.4351	PB: 93.4351	LB: 96.4803	GB: 98.7681	Conf: 0.761545	Pts: 103433
Particle (41):: Fit: 91.6351	PB: 91.6351	LB: 98.7681	GB: 98.7681	Conf: 0.579723	Pts: 68303
Particle (32):: Fit: 91.4321	PB: 91.4321	LB: 95.9266	GB: 98.7681	Conf: 0.785586	Pts: 73535
Particle (18):: Fit: 92.1755	PB: 92.1755	LB: 97.4217	GB: 98.7681	Conf: 0.223984	Pts: 112824
Particle (40):: Fit: 90.1831	PB: 90.1831	LB: 98.7681	GB: 98.7681	Conf: 0.668328	Pts: 117840
Particle (27):: Fit: 95.8835	PB: 95.8835	LB: 95.9266	GB: 98.7681	Conf: 0.866516	Pts: 162439
Particle (43):: Fit: 91.665	PB: 91.665	LB: 98.7681	GB: 98.7681	Conf: 0.756876	Pts: 87692
Particle (5):: Fit: 94.329	PB: 94.329	LB: 96.2255	GB: 98.7681	Conf: 0.856795	Pts: 63071
Particle (2):: Fit: 94.5461	PB: 94.5461	LB: 94.8588	GB: 98.7681	Conf: 0.653186	Pts: 78198
Particle (21):: Fit: 95.4774	PB: 95.4774	LB: 97.4217	GB: 98.7681	Conf: 0.665879	Pts: 162428
Particle (47):: Fit: 91.9589	PB: 91.9589	LB: 98.7681	GB: 98.7681	Conf: 0.784023	Pts: 52881
Particle (32):: Fit: 93.6531	PB: 93.6531	LB: 95.9266	GB: 98.7681	Conf: 0.805384	Pts: 73040
Particle (8):: Fit: 91.5064	PB: 91.5064	LB: 96.2255	GB: 98.7681	Conf: 0.506139	Pts: 92519
Particle (35):: Fit: 95.8582	PB: 95.8582	LB: 96.4803	GB: 98.7681	Conf: 0.720151	Pts: 97743
Particle (5):: Fit: 96.6161	PB: 96.6161	LB: 96.6161	GB: 98.7681	Conf: 0.75318	Pts: 112833
Particle (47):: Fit: 97.677	PB: 97.677	LB: 98.7681	GB: 98.7681	Conf: 0.619592	Pts: 62855
Particle (4):: Fit: 96.2758	PB: 96.2758	LB: 96.6161	GB: 98.7681	Conf: 0.740692	Pts: 53289
Particle (46):: Fit: 92.7004	PB: 92.7004	LB: 98.7681	GB: 98.7681	Conf: 0.662498	Pts: 147553
Particle (8):: Fit: 94.531	PB: 94.531	LB: 96.6161	GB: 98.7681	Conf: 0.776624	Pts: 92440
Particle (34):: Fit: 96.0219	PB: 96.0219	LB: 96.4803	GB: 98.7681	Conf: 0.721425	Pts: 117015
Particle (40):: Fit: 91.1118	PB: 91.1118	LB: 98.7681	GB: 98.7681	Conf: 0.534412	Pts: 116866
Particle (40):: Fit: 91.5499	PB: 91.5499	LB: 98.7681	GB: 98.7681	Conf: 0.563131	Pts: 116948
Particle (15):: Fit: 95.5929	PB: 95.5929	LB: 97.4217	GB: 98.7681	Conf: 0.512648	Pts: 57273
Particle (1):: Fit: 91.273	PB: 91.273	LB: 97.677	GB: 98.7681	Conf: 0.667204	Pts: 52591
Particle (14):: Fit: 93.8163	PB: 93.8163	LB: 97.4217	GB: 98.7681	Conf: 0.759854	Pts: 91633
Particle (43):: Fit: 94.0914	PB: 94.0914	LB: 98.7681	GB: 98.7681	Conf: 0.622336	Pts: 86797
Particle (12):: Fit: 91.0077	PB: 91.0077	LB: 96.2255	GB: 98.7681	Conf: 0.55926	Pts: 51881
Particle (46):: Fit: 97.9697	PB: 97.9697	LB: 98.7681	GB: 98.7681	Conf: 0.627607	Pts: 152046
Particle (31):: Fit: 93.5219	PB: 93.5219	LB: 96.0219	GB: 98.7681	Conf: 0.606728	Pts: 57205
Particle (1):: Fit: 91.3468	PB: 91.3468	LB: 97.677	GB: 98.7681	Conf: 0.705872	Pts: 52341
Particle (41):: Fit: 91.8669	PB: 91.8669	LB: 98.7681	GB: 98.7681	Conf: 0.810457	Pts: 66741
Particle (3):: Fit: 95.6597	PB: 95.6597	LB: 96.6161	GB: 98.7681	Conf: 0.638344	Pts: 56885
Particle (37):: Fit: 92.7621	PB: 92.7621	LB: 96.4803	GB: 98.7681	Conf: 0.816734	Pts: 116506
Particle (12):: Fit: 91.2109	PB: 91.2109	LB: 96.2255	GB: 98.7681	Conf: 0.512639	Pts: 51468
Particle (16):: Fit: 92.9437	PB: 92.9437	LB: 97.4217	GB: 98.7681	Conf: 0.737575	Pts: 111293
Particle (32):: Fit: 96.74	PB: 96.74	LB: 96.74	GB: 98.7681	Conf: 0.763861	Pts: 121366
Particle (16):: Fit: 98.6711	PB: 98.6711	LB: 98.6711	GB: 98.7681	Conf: 0.732437	Pts: 160979
Particle (20):: Fit: 95.1178	PB: 95.1178	LB: 98.6711	GB: 98.7681	Conf: 0.665496	Pts: 55955
Particle (36):: Fit: 93.3643	PB: 93.3643	LB: 96.74	GB: 98.7681	Conf: 0.384389	Pts: 50476
Particle (11):: Fit: 93.2276	PB: 93.2276	LB: 98.6711	GB: 98.7681	Conf: 0.268964	Pts: 60743
Particle (42):: Fit: 91.2225	PB: 91.2225	LB: 98.7681	GB: 98.7681	Conf: 0.597196	Pts: 50430
Particle (48):: Fit: 93.7617	PB: 93.7617	LB: 98.7681	GB: 98.7681	Conf: 0.495695	Pts: 84940
Particle (39):: Fit: 92.7141	PB: 92.7141	LB: 96.4803	GB: 98.7681	Conf: 0.714964	Pts: 169522
Particle (6):: Fit: 92.0475	PB: 92.0475	LB: 96.6161	GB: 98.7681	Conf: 0.315501	Pts: 235074
Particle (11):: Fit: 96.4625	PB: 96.4625	LB: 98.6711	GB: 98.7681	Conf: 0.720756	Pts: 65147
Particle (43):: Fit: 95.0255	PB: 95.0255	LB: 98.7681	GB: 98.7681	Conf: 0.584904	Pts: 84570
Particle (17):: Fit: 99.0249	PB: 99.0249	LB: 99.0249	GB: 99.0249	Conf: 0.882848	Pts: 169254
Global: 99.0249 - Correct: 94.1176% of 17 tests
Global Best: 
  Inner Net 1
  -- 1 : 1 = 0.695209
  -- 1 : 2 = -0.0999407
  -- 1 : 3 = 0.0175341
  -- 1 : 4 = 0.356276
  -- 1 : 5 = 0.359817
  -- 1 : 6 = -0.589397
  -- 1 : 7 = -0.185452
  -- 1 : 8 = -0.0249208
  -- 1 : 9 = 0.15505
  -- 1 : 10 = -0.156041
  -- 2 : 1 = 0.558263
  -- 2 : 2 = 0.257785
  -- 2 : 3 = 0.35493
  -- 2 : 4 = 0.540735
  -- 2 : 5 = 0.0268211
  -- 2 : 6 = 0.355043
  -- 2 : 7 = -0.276473
  -- 2 : 8 = -0.00507993
  -- 2 : 9 = 0.0113017
  -- 2 : 10 = -0.0882895
  -- 3 : 1 = 0.357582
  -- 3 : 2 = 0.199738
  -- 3 : 3 = 0.23485
  -- 3 : 4 = -0.0927345
  -- 3 : 5 = 0.257632
  -- 3 : 6 = -0.228073
  -- 3 : 7 = 0.0715344
  -- 3 : 8 = -0.0968745
  -- 3 : 9 = 0.320778
  -- 3 : 10 = -0.0981024
  -- 4 : 1 = 0.232774
  -- 4 : 2 = 0.150067
  -- 4 : 3 = -0.170307
  -- 4 : 4 = 0.034665
  -- 4 : 5 = 0.291333
  -- 4 : 6 = -0.0957876
  -- 4 : 7 = -0.0605124
  -- 4 : 8 = 0.0168426
  -- 4 : 9 = -0.307552
  -- 4 : 10 = -0.118133
  -- 5 : 1 = 0.167776
  -- 5 : 2 = 0.0637696
  -- 5 : 3 = 0.0369447
  -- 5 : 4 = 0.104287
  -- 5 : 5 = 0.272159
  -- 5 : 6 = -0.56643
  -- 5 : 7 = -0.121394
  -- 5 : 8 = 0.493512
  -- 5 : 9 = -0.251571
  -- 5 : 10 = 0.0762896
  -- 6 : 1 = 0.694435
  -- 6 : 2 = 0.732994
  -- 6 : 3 = -0.126928
  -- 6 : 4 = 0.150568
  -- 6 : 5 = 0.0743013
  -- 6 : 6 = -0.148274
  -- 6 : 7 = 0.395204
  -- 6 : 8 = -0.127525
  -- 6 : 9 = 0.0503148
  -- 6 : 10 = 0.204334
  -- 7 : 1 = 0.219852
  -- 7 : 2 = 0.00310058
  -- 7 : 3 = 0.0383232
  -- 7 : 4 = 0.0854422
  -- 7 : 5 = -0.351589
  -- 7 : 6 = -0.132229
  -- 7 : 7 = -0.233103
  -- 7 : 8 = 0.0592072
  -- 7 : 9 = 0.295738
  -- 7 : 10 = 0.0087418
  -- 8 : 1 = 0.0936083
  -- 8 : 2 = -0.0674122
  -- 8 : 3 = 0.0983035
  -- 8 : 4 = 0.434385
  -- 8 : 5 = 0.0978479
  -- 8 : 6 = 0.0453045
  -- 8 : 7 = -0.301546
  -- 8 : 8 = 0.205764
  -- 8 : 9 = 0.214801
  -- 8 : 10 = 0.454288
  -- 9 : 1 = 0.933662
  -- 9 : 2 = -0.242453
  -- 9 : 3 = 0.130723
  -- 9 : 4 = 0.13779
  -- 9 : 5 = -0.00535644
  -- 9 : 6 = -0.238536
  -- 9 : 7 = 0.0429947
  -- 9 : 8 = -0.199557
  -- 9 : 9 = 0.529413
  -- 9 : 10 = 0.00435622
  -- 10 : 1 = 0.518347
  -- 10 : 2 = -0.256099
  -- 10 : 3 = -0.360129
  -- 10 : 4 = -0.0336765
  -- 10 : 5 = -0.0135879
  -- 10 : 6 = 0.249898
  -- 10 : 7 = 0.138775
  -- 10 : 8 = 0.0147411
  -- 10 : 9 = -0.030009
  -- 10 : 10 = 0.361151
  Inner Net 2
  -- 1 : 1 = -0.208616
  -- 1 : 2 = -0.0307251
  -- 2 : 1 = -0.0137039
  -- 2 : 2 = 0.247437
  -- 3 : 1 = 0.0191288
  -- 3 : 2 = 0.165304
  -- 4 : 1 = 0.311363
  -- 4 : 2 = 0.0722035
  -- 5 : 1 = -0.387169
  -- 5 : 2 = 0.133389
  -- 6 : 1 = -0.235214
  -- 6 : 2 = -0.154839
  -- 7 : 1 = 0.672885
  -- 7 : 2 = 0.0240622
  -- 8 : 1 = 0.0116367
  -- 8 : 2 = -0.0803385
  -- 9 : 1 = -0.000568636
  -- 9 : 2 = 0.317504
  -- 10 : 1 = 0.0892502
  -- 10 : 2 = -0.0290659
Out\Act	False		True
False	0.224655	0.617325	0.84198
True	0.0271299	0.13089	0.15802
	0.251785	0.748215
	Accuracy [ (tp + tn) / testSize ]: 0.355545
	Precision [ tp / (tp + fp) ]:      0.174825
	Sensitivity [ tp / (tp + fn) ]:    0.825826
	Specificity [ tn / (tn + fp) ]:    0.266667
	F-Score [ 2tp / (2tp + fp + fn) ]: 0.288714
Particle (28):: Fit: 94.7989	PB: 94.7989	LB: 96.74	GB: 99.0249	Conf: 0.751923	Pts: 104270
Particle (26):: Fit: 97.4794	PB: 97.4794	LB: 97.4794	GB: 99.0249	Conf: 0.440972	Pts: 174108
Particle (9):: Fit: 91.8074	PB: 91.8074	LB: 96.6161	GB: 99.0249	Conf: 0.872377	Pts: 114067
Particle (40):: Fit: 91.8246	PB: 91.8246	LB: 98.7681	GB: 99.0249	Conf: 0.866523	Pts: 113836
Particle (41):: Fit: 92.8389	PB: 92.8389	LB: 98.7681	GB: 99.0249	Conf: 0.488245	Pts: 63641
Particle (1):: Fit: 94.2042	PB: 94.2042	LB: 97.677	GB: 99.0249	Conf: 0.601087	Pts: 49180
Particle (30):: Fit: 92.0036	PB: 92.0036	LB: 97.4794	GB: 99.0249	Conf: 0.810534	Pts: 63317
Particle (12):: Fit: 93.2317	PB: 93.2317	LB: 99.0249	GB: 99.0249	Conf: 0.385187	Pts: 48329
Particle (2):: Fit: 95.5954	PB: 95.5954	LB: 96.6161	GB: 99.0249	Conf: 0.344796	Pts: 73635
Particle (42):: Fit: 97.2	PB: 97.2	LB: 98.7681	GB: 99.0249	Conf: 0.258702	Pts: 63074
Particle (37):: Fit: 93.2208	PB: 93.2208	LB: 97.2	GB: 99.0249	Conf: 0.767644	Pts: 113014
Particle (9):: Fit: 93.3644	PB: 93.3644	LB: 96.6161	GB: 99.0249	Conf: 0.909485	Pts: 113009
Particle (37):: Fit: 94.7887	PB: 94.7887	LB: 97.2	GB: 99.0249	Conf: 0.76886	Pts: 113059
Particle (20):: Fit: 95.1322	PB: 95.1322	LB: 99.0249	GB: 99.0249	Conf: 0.489863	Pts: 52847
Particle (22):: Fit: 95.2226	PB: 95.2226	LB: 97.4794	GB: 99.0249	Conf: 0.609322	Pts: 72566
Particle (25):: Fit: 95.4775	PB: 95.4775	LB: 97.4794	GB: 99.0249	Conf: 0.741311	Pts: 66954
Particle (40):: Fit: 96.1751	PB: 96.1751	LB: 98.7681	GB: 99.0249	Conf: 0.971831	Pts: 111932
Particle (48):: Fit: 94.9597	PB: 94.9597	LB: 98.7681	GB: 99.0249	Conf: 0.454782	Pts: 81598
Particle (33):: Fit: 97.3874	PB: 97.3874	LB: 97.3874	GB: 99.0249	Conf: 0.54677	Pts: 131417
Particle (41):: Fit: 93.8575	PB: 93.8575	LB: 98.7681	GB: 99.0249	Conf: 0.618576	Pts: 61371
Particle (48):: Fit: 99.1111	PB: 99.1111	LB: 99.1111	GB: 99.1111	Conf: 0.551024	Pts: 140828
Global: 99.1111 - Correct: 94.7368% of 19 tests
Global Best: 
  Inner Net 1
  -- 1 : 1 = 0.435185
  -- 1 : 2 = 0.0143951
  -- 1 : 3 = -0.0247479
  -- 1 : 4 = -0.239486
  -- 1 : 5 = 0.377162
  -- 1 : 6 = -0.419922
  -- 1 : 7 = -0.0352135
  -- 1 : 8 = -0.197503
  -- 1 : 9 = 0.168854
  -- 1 : 10 = 0.48378
  -- 2 : 1 = 0.397077
  -- 2 : 2 = -0.165324
  -- 2 : 3 = -0.108928
  -- 2 : 4 = 0.30521
  -- 2 : 5 = 0.0376767
  -- 2 : 6 = -0.153247
  -- 2 : 7 = -0.158536
  -- 2 : 8 = -0.170292
  -- 2 : 9 = -0.114216
  -- 2 : 10 = 0.0441185
  -- 3 : 1 = 0.592444
  -- 3 : 2 = -0.185638
  -- 3 : 3 = 0.056965
  -- 3 : 4 = 0.076461
  -- 3 : 5 = 0.162563
  -- 3 : 6 = -0.111695
  -- 3 : 7 = -0.0495918
  -- 3 : 8 = -0.365274
  -- 3 : 9 = -0.44069
  -- 3 : 10 = 0.372923
  -- 4 : 1 = -0.658325
  -- 4 : 2 = -0.163288
  -- 4 : 3 = -0.316072
  -- 4 : 4 = -0.0049416
  -- 4 : 5 = 0.161141
  -- 4 : 6 = 0.251444
  -- 4 : 7 = -0.495384
  -- 4 : 8 = 0.270085
  -- 4 : 9 = 0.0491853
  -- 4 : 10 = 0.132158
  -- 5 : 1 = -0.0600541
  -- 5 : 2 = 0.0517605
  -- 5 : 3 = -0.00685961
  -- 5 : 4 = 0.0576093
  -- 5 : 5 = -0.13736
  -- 5 : 6 = -0.244827
  -- 5 : 7 = 0.147839
  -- 5 : 8 = 0.0169034
  -- 5 : 9 = -0.0925983
  -- 5 : 10 = -0.0118877
  -- 6 : 1 = 0.553969
  -- 6 : 2 = 0.0232298
  -- 6 : 3 = 0.113897
  -- 6 : 4 = 0.117434
  -- 6 : 5 = 0.0709386
  -- 6 : 6 = -0.111264
  -- 6 : 7 = -0.124378
  -- 6 : 8 = -0.0251157
  -- 6 : 9 = 0.358754
  -- 6 : 10 = 0.474845
  -- 7 : 1 = 0.483198
  -- 7 : 2 = -0.363528
  -- 7 : 3 = 0.321504
  -- 7 : 4 = 0.414829
  -- 7 : 5 = -0.276166
  -- 7 : 6 = -0.206515
  -- 7 : 7 = -0.281826
  -- 7 : 8 = -0.110969
  -- 7 : 9 = 0.129101
  -- 7 : 10 = -0.0582997
  -- 8 : 1 = -0.166543
  -- 8 : 2 = 0.0321227
  -- 8 : 3 = -0.280774
  -- 8 : 4 = 0.226068
  -- 8 : 5 = -0.203232
  -- 8 : 6 = -0.107467
  -- 8 : 7 = -0.160769
  -- 8 : 8 = -0.273313
  -- 8 : 9 = -0.281942
  -- 8 : 10 = -0.285566
  -- 9 : 1 = 0.5
  -- 9 : 2 = 0.0206105
  -- 9 : 3 = -0.187303
  -- 9 : 4 = 0.291371
  -- 9 : 5 = -0.15591
  -- 9 : 6 = -0.294672
  -- 9 : 7 = 0.268078
  -- 9 : 8 = 0.412727
  -- 9 : 9 = 0.00806677
  -- 9 : 10 = 0.208905
  -- 10 : 1 = 0.683076
  -- 10 : 2 = -0.0185302
  -- 10 : 3 = 0.167832
  -- 10 : 4 = -0.0736841
  -- 10 : 5 = -0.00463559
  -- 10 : 6 = 0.0448729
  -- 10 : 7 = 0.207207
  -- 10 : 8 = -0.32753
  -- 10 : 9 = -0.0381533
  -- 10 : 10 = -0.45924
  Inner Net 2
  -- 1 : 1 = -0.170806
  -- 1 : 2 = -0.31278
  -- 2 : 1 = 0.174471
  -- 2 : 2 = -0.156898
  -- 3 : 1 = -0.179088
  -- 3 : 2 = 0.342216
  -- 4 : 1 = -0.35948
  -- 4 : 2 = -0.0558374
  -- 5 : 1 = -0.137229
  -- 5 : 2 = -0.104176
  -- 6 : 1 = -0.251728
  -- 6 : 2 = -0.406346
  -- 7 : 1 = -0.266647
  -- 7 : 2 = -0.244429
  -- 8 : 1 = 0.447702
  -- 8 : 2 = 0.00831054
  -- 9 : 1 = 0.143411
  -- 9 : 2 = -0.447019
  -- 10 : 1 = -0.322435
  -- 10 : 2 = -0.271396
Out\Act	False		True
False	0.271299	0.570681	0.84198
True	0.0223703	0.13565	0.15802
	0.29367	0.70633
	Accuracy [ (tp + tn) / testSize ]: 0.406949
	Precision [ tp / (tp + fp) ]:      0.191919
	Sensitivity [ tp / (tp + fn) ]:    0.855856
	Specificity [ tn / (tn + fp) ]:    0.322034
	F-Score [ 2tp / (2tp + fp + fn) ]: 0.313704
Particle (44):: Fit: 91.104	PB: 91.104	LB: 99.1111	GB: 99.1111	Conf: 0.428453	Pts: 45879
Particle (24):: Fit: 91.8314	PB: 91.8314	LB: 97.4794	GB: 99.1111	Conf: 0.752826	Pts: 70309
Particle (6):: Fit: 92.7014	PB: 92.7014	LB: 96.6161	GB: 99.1111	Conf: 0.450246	Pts: 229536
Particle (20):: Fit: 96.7803	PB: 96.7803	LB: 99.0249	GB: 99.1111	Conf: 0.887738	Pts: 49553
Particle (24):: Fit: 92.5354	PB: 92.5354	LB: 97.4794	GB: 99.1111	Conf: 0.591195	Pts: 68712
Particle (41):: Fit: 96.5678	PB: 96.5678	LB: 98.7681	GB: 99.1111	Conf: 0.682154	Pts: 58489
Particle (31):: Fit: 94.112	PB: 94.112	LB: 97.3874	GB: 99.1111	Conf: 0.68554	Pts: 48692
Particle (44):: Fit: 93.175	PB: 93.175	LB: 99.1111	GB: 99.1111	Conf: 0.378426	Pts: 42807
Particle (30):: Fit: 93.48	PB: 93.48	LB: 97.4794	GB: 99.1111	Conf: 0.849714	Pts: 56488
Particle (1):: Fit: 96.4251	PB: 96.4251	LB: 99.1111	GB: 99.1111	Conf: 0.532579	Pts: 42030
Particle (8):: Fit: 95.9129	PB: 95.9129	LB: 96.6161	GB: 99.1111	Conf: 0.588006	Pts: 81123
Particle (23):: Fit: 95.7047	PB: 95.7047	LB: 97.4794	GB: 99.1111	Conf: 0.523782	Pts: 95440
Particle (9):: Fit: 94.5288	PB: 94.5288	LB: 96.6161	GB: 99.1111	Conf: 0.660708	Pts: 104285
Particle (24):: Fit: 96.2951	PB: 96.2951	LB: 97.4794	GB: 99.1111	Conf: 0.773186	Pts: 64005
Particle (4):: Fit: 96.3953	PB: 96.3953	LB: 96.6161	GB: 99.1111	Conf: 0.61939	Pts: 38270
Particle (1):: Fit: 97.0232	PB: 97.0232	LB: 99.1111	GB: 99.1111	Conf: 0.480924	Pts: 52578
Particle (13):: Fit: 96.5164	PB: 96.5164	LB: 99.0249	GB: 99.1111	Conf: 0.489519	Pts: 206112
Particle (31):: Fit: 95.2869	PB: 95.2869	LB: 97.3874	GB: 99.1111	Conf: 0.770474	Pts: 41686
Particle (36):: Fit: 96.1816	PB: 96.1816	LB: 97.3874	GB: 99.1111	Conf: 0.665352	Pts: 34845
Particle (18):: Fit: 92.2012	PB: 92.2012	LB: 99.0249	GB: 99.1111	Conf: 0.426845	Pts: 94137
Particle (21):: Fit: 95.5183	PB: 95.5183	LB: 99.0249	GB: 99.1111	Conf: 0.613089	Pts: 143950
Particle (25):: Fit: 95.9221	PB: 95.9221	LB: 97.4794	GB: 99.1111	Conf: 0.76034	Pts: 53481
Particle (39):: Fit: 93.5868	PB: 93.5868	LB: 97.2	GB: 99.1111	Conf: 0.686933	Pts: 152427
Particle (15):: Fit: 98.983	PB: 98.983	LB: 99.0249	GB: 99.1111	Conf: 0.667264	Pts: 48463
Particle (44):: Fit: 94.6926	PB: 94.6926	LB: 99.1111	GB: 99.1111	Conf: 0.413305	Pts: 32993
Particle (34):: Fit: 96.3513	PB: 96.3513	LB: 97.3874	GB: 99.1111	Conf: 0.665155	Pts: 96985
Particle (21):: Fit: 96.0531	PB: 96.0531	LB: 99.0249	GB: 99.1111	Conf: 0.527924	Pts: 140765
Particle (10):: Fit: 96.6732	PB: 96.6732	LB: 98.983	GB: 99.1111	Conf: 0.639105	Pts: 145497
Particle (6):: Fit: 95.0789	PB: 95.0789	LB: 96.6732	GB: 99.1111	Conf: 0.511014	Pts: 215591
Particle (12):: Fit: 93.3456	PB: 93.3456	LB: 99.0249	GB: 99.1111	Conf: 0.452032	Pts: 28897
Particle (12):: Fit: 94.781	PB: 94.781	LB: 99.0249	GB: 99.1111	Conf: 0.41389	Pts: 27796
Particle (14):: Fit: 97.2575	PB: 97.2575	LB: 99.0249	GB: 99.1111	Conf: 0.443189	Pts: 70873
Particle (17):: Fit: 99.4433	PB: 99.4433	LB: 99.4433	GB: 99.4433	Conf: 0.813917	Pts: 205809
Global: 99.4433 - Correct: 94.4444% of 18 tests
Global Best: 
  Inner Net 1
  -- 1 : 1 = 0.663474
  -- 1 : 2 = 0.250829
  -- 1 : 3 = 0.0123209
  -- 1 : 4 = 0.519304
  -- 1 : 5 = 0.196665
  -- 1 : 6 = -0.534169
  -- 1 : 7 = -0.329284
  -- 1 : 8 = -0.0272691
  -- 1 : 9 = 0.139081
  -- 1 : 10 = -0.347707
  -- 2 : 1 = 0.515544
  -- 2 : 2 = 0.200339
  -- 2 : 3 = -0.125036
  -- 2 : 4 = 0.509507
  -- 2 : 5 = -0.15698
  -- 2 : 6 = 0.462615
  -- 2 : 7 = -0.0395031
  -- 2 : 8 = 0.211891
  -- 2 : 9 = 0.0199948
  -- 2 : 10 = -0.30678
  -- 3 : 1 = 0.46772
  -- 3 : 2 = -0.0794879
  -- 3 : 3 = 0.199941
  -- 3 : 4 = -0.0918692
  -- 3 : 5 = -0.248959
  -- 3 : 6 = 0.307973
  -- 3 : 7 = -0.122857
  -- 3 : 8 = -0.0411152
  -- 3 : 9 = 0.217846
  -- 3 : 10 = 0.167437
  -- 4 : 1 = -0.203957
  -- 4 : 2 = -0.105471
  -- 4 : 3 = -0.321769
  -- 4 : 4 = -0.247771
  -- 4 : 5 = 0.514562
  -- 4 : 6 = -0.395508
  -- 4 : 7 = -0.219362
  -- 4 : 8 = 0.279042
  -- 4 : 9 = 0.0548271
  -- 4 : 10 = -0.0130665
  -- 5 : 1 = 0.387432
  -- 5 : 2 = 0.269748
  -- 5 : 3 = -0.000228852
  -- 5 : 4 = 0.286211
  -- 5 : 5 = -0.161678
  -- 5 : 6 = -0.363549
  -- 5 : 7 = -0.239398
  -- 5 : 8 = 0.228294
  -- 5 : 9 = 0.206561
  -- 5 : 10 = 0.185186
  -- 6 : 1 = 0.675929
  -- 6 : 2 = 0.459908
  -- 6 : 3 = 0.160899
  -- 6 : 4 = -0.22016
  -- 6 : 5 = 0.0513828
  -- 6 : 6 = 0.022192
  -- 6 : 7 = 0.402415
  -- 6 : 8 = 0.278674
  -- 6 : 9 = -0.204103
  -- 6 : 10 = -0.104721
  -- 7 : 1 = 0.317075
  -- 7 : 2 = -0.175589
  -- 7 : 3 = 0.161968
  -- 7 : 4 = -0.095667
  -- 7 : 5 = 0.0479355
  -- 7 : 6 = -0.0127994
  -- 7 : 7 = -0.0404109
  -- 7 : 8 = 0.21001
  -- 7 : 9 = 0.460813
  -- 7 : 10 = 0.0232515
  -- 8 : 1 = 0.409988
  -- 8 : 2 = 0.00362109
  -- 8 : 3 = 0.111533
  -- 8 : 4 = 0.534206
  -- 8 : 5 = -0.029062
  -- 8 : 6 = 0.182995
  -- 8 : 7 = -0.14451
  -- 8 : 8 = -0.0228145
  -- 8 : 9 = 0.0977783
  -- 8 : 10 = 0.311512
  -- 9 : 1 = -0.5
  -- 9 : 2 = -0.115814
  -- 9 : 3 = -0.0517635
  -- 9 : 4 = -0.0346685
  -- 9 : 5 = 0.109439
  -- 9 : 6 = -0.436589
  -- 9 : 7 = 0.0571783
  -- 9 : 8 = -0.243134
  -- 9 : 9 = -0.154869
  -- 9 : 10 = -0.267581
  -- 10 : 1 = 0.514161
  -- 10 : 2 = -0.0172262
  -- 10 : 3 = -0.370964
  -- 10 : 4 = -0.264406
  -- 10 : 5 = 0.0520097
  -- 10 : 6 = 0.596236
  -- 10 : 7 = -0.219703
  -- 10 : 8 = -0.0530079
  -- 10 : 9 = 0.178977
  -- 10 : 10 = -0.0665448
  Inner Net 2
  -- 1 : 1 = -0.208616
  -- 1 : 2 = -0.0307251
  -- 2 : 1 = -0.0137039
  -- 2 : 2 = 0.247437
  -- 3 : 1 = 0.0191288
  -- 3 : 2 = 0.165304
  -- 4 : 1 = 0.311363
  -- 4 : 2 = 0.0722035
  -- 5 : 1 = -0.387169
  -- 5 : 2 = 0.133389
  -- 6 : 1 = -0.235214
  -- 6 : 2 = -0.154839
  -- 7 : 1 = 0.672885
  -- 7 : 2 = 0.0240622
  -- 8 : 1 = 0.0116367
  -- 8 : 2 = -0.0803385
  -- 9 : 1 = -0.000568636
  -- 9 : 2 = 0.317504
  -- 10 : 1 = 0.0892502
  -- 10 : 2 = -0.0290659
Out\Act	False		True
False	0.345074	0.496906	0.84198
True	0.0552118	0.102808	0.15802
	0.400286	0.599714
	Accuracy [ (tp + tn) / testSize ]: 0.447882
	Precision [ tp / (tp + fp) ]:      0.171293
	Sensitivity [ tp / (tp + fn) ]:    0.648649
	Specificity [ tn / (tn + fp) ]:    0.409605
	F-Score [ 2tp / (2tp + fp + fn) ]: 0.271186
Particle (0):: Fit: 93.6055	PB: 93.6055	LB: 99.1111	GB: 99.4433	Conf: 0.625533	Pts: 190452
Particle (18):: Fit: 93.6923	PB: 93.6923	LB: 99.4433	GB: 99.4433	Conf: 0.377682	Pts: 84526
Particle (28):: Fit: 95.0596	PB: 95.0596	LB: 97.4794	GB: 99.4433	Conf: 0.704445	Pts: 79936
Particle (7):: Fit: 95.5832	PB: 95.5832	LB: 96.6732	GB: 99.4433	Conf: 0.679092	Pts: 89570
Particle (14):: Fit: 97.5426	PB: 97.5426	LB: 99.4433	GB: 99.4433	Conf: 0.688828	Pts: 73944
Particle (28):: Fit: 97.4893	PB: 97.4893	LB: 97.4893	GB: 99.4433	Conf: 0.313701	Pts: 128849
Particle (25):: Fit: 96.9642	PB: 96.9642	LB: 97.4893	GB: 99.4433	Conf: 0.749936	Pts: 42944
Particle (25):: Fit: 97.6123	PB: 97.6123	LB: 97.6123	GB: 99.4433	Conf: 0.726317	Pts: 82672
Particle (41):: Fit: 96.6509	PB: 96.6509	LB: 98.7681	GB: 99.4433	Conf: 0.702244	Pts: 36848
Particle (37):: Fit: 95.2786	PB: 95.2786	LB: 97.3874	GB: 99.4433	Conf: 0.817325	Pts: 85078
Particle (7):: Fit: 95.6964	PB: 95.6964	LB: 96.6732	GB: 99.4433	Conf: 0.284678	Pts: 84809
Particle (40):: Fit: 96.4465	PB: 96.4465	LB: 98.7681	GB: 99.4433	Conf: 0.633563	Pts: 83365
Global Best: 
  Inner Net 1
  -- 1 : 1 = 0.663474
  -- 1 : 2 = 0.250829
  -- 1 : 3 = 0.0123209
  -- 1 : 4 = 0.519304
  -- 1 : 5 = 0.196665
  -- 1 : 6 = -0.534169
  -- 1 : 7 = -0.329284
  -- 1 : 8 = -0.0272691
  -- 1 : 9 = 0.139081
  -- 1 : 10 = -0.347707
  -- 2 : 1 = 0.515544
  -- 2 : 2 = 0.200339
  -- 2 : 3 = -0.125036
  -- 2 : 4 = 0.509507
  -- 2 : 5 = -0.15698
  -- 2 : 6 = 0.462615
  -- 2 : 7 = -0.0395031
  -- 2 : 8 = 0.211891
  -- 2 : 9 = 0.0199948
  -- 2 : 10 = -0.30678
  -- 3 : 1 = 0.46772
  -- 3 : 2 = -0.0794879
  -- 3 : 3 = 0.199941
  -- 3 : 4 = -0.0918692
  -- 3 : 5 = -0.248959
  -- 3 : 6 = 0.307973
  -- 3 : 7 = -0.122857
  -- 3 : 8 = -0.0411152
  -- 3 : 9 = 0.217846
  -- 3 : 10 = 0.167437
  -- 4 : 1 = -0.203957
  -- 4 : 2 = -0.105471
  -- 4 : 3 = -0.321769
  -- 4 : 4 = -0.247771
  -- 4 : 5 = 0.514562
  -- 4 : 6 = -0.395508
  -- 4 : 7 = -0.219362
  -- 4 : 8 = 0.279042
  -- 4 : 9 = 0.0548271
  -- 4 : 10 = -0.0130665
  -- 5 : 1 = 0.387432
  -- 5 : 2 = 0.269748
  -- 5 : 3 = -0.000228852
  -- 5 : 4 = 0.286211
  -- 5 : 5 = -0.161678
  -- 5 : 6 = -0.363549
  -- 5 : 7 = -0.239398
  -- 5 : 8 = 0.228294
  -- 5 : 9 = 0.206561
  -- 5 : 10 = 0.185186
  -- 6 : 1 = 0.675929
  -- 6 : 2 = 0.459908
  -- 6 : 3 = 0.160899
  -- 6 : 4 = -0.22016
  -- 6 : 5 = 0.0513828
  -- 6 : 6 = 0.022192
  -- 6 : 7 = 0.402415
  -- 6 : 8 = 0.278674
  -- 6 : 9 = -0.204103
  -- 6 : 10 = -0.104721
  -- 7 : 1 = 0.317075
  -- 7 : 2 = -0.175589
  -- 7 : 3 = 0.161968
  -- 7 : 4 = -0.095667
  -- 7 : 5 = 0.0479355
  -- 7 : 6 = -0.0127994
  -- 7 : 7 = -0.0404109
  -- 7 : 8 = 0.21001
  -- 7 : 9 = 0.460813
  -- 7 : 10 = 0.0232515
  -- 8 : 1 = 0.409988
  -- 8 : 2 = 0.00362109
  -- 8 : 3 = 0.111533
  -- 8 : 4 = 0.534206
  -- 8 : 5 = -0.029062
  -- 8 : 6 = 0.182995
  -- 8 : 7 = -0.14451
  -- 8 : 8 = -0.0228145
  -- 8 : 9 = 0.0977783
  -- 8 : 10 = 0.311512
  -- 9 : 1 = -0.5
  -- 9 : 2 = -0.115814
  -- 9 : 3 = -0.0517635
  -- 9 : 4 = -0.0346685
  -- 9 : 5 = 0.109439
  -- 9 : 6 = -0.436589
  -- 9 : 7 = 0.0571783
  -- 9 : 8 = -0.243134
  -- 9 : 9 = -0.154869
  -- 9 : 10 = -0.267581
  -- 10 : 1 = 0.514161
  -- 10 : 2 = -0.0172262
  -- 10 : 3 = -0.370964
  -- 10 : 4 = -0.264406
  -- 10 : 5 = 0.0520097
  -- 10 : 6 = 0.596236
  -- 10 : 7 = -0.219703
  -- 10 : 8 = -0.0530079
  -- 10 : 9 = 0.178977
  -- 10 : 10 = -0.0665448
  Inner Net 2
  -- 1 : 1 = -0.208616
  -- 1 : 2 = -0.0307251
  -- 2 : 1 = -0.0137039
  -- 2 : 2 = 0.247437
  -- 3 : 1 = 0.0191288
  -- 3 : 2 = 0.165304
  -- 4 : 1 = 0.311363
  -- 4 : 2 = 0.0722035
  -- 5 : 1 = -0.387169
  -- 5 : 2 = 0.133389
  -- 6 : 1 = -0.235214
  -- 6 : 2 = -0.154839
  -- 7 : 1 = 0.672885
  -- 7 : 2 = 0.0240622
  -- 8 : 1 = 0.0116367
  -- 8 : 2 = -0.0803385
  -- 9 : 1 = -0.000568636
  -- 9 : 2 = 0.317504
  -- 10 : 1 = 0.0892502
  -- 10 : 2 = -0.0290659
Out\Act	False		True
False	0.345074	0.496906	0.84198
True	0.0552118	0.102808	0.15802
	0.400286	0.599714
	Accuracy [ (tp + tn) / testSize ]: 0.447882
	Precision [ tp / (tp + fp) ]:      0.171293
	Sensitivity [ tp / (tp + fn) ]:    0.648649
	Specificity [ tn / (tn + fp) ]:    0.409605
	F-Score [ 2tp / (2tp + fp + fn) ]: 0.271186
